<?xml version="1.0" encoding="UTF-8"?>
<testsuite xmlns:xsi="http://www.w3.org/2001/XMLSchema-instance" xsi:noNamespaceSchemaLocation="https://maven.apache.org/surefire/maven-surefire-plugin/xsd/surefire-test-report.xsd" name="org.apache.hadoop.ozone.client.rpc.TestDeleteWithSlowFollower" time="138.599" tests="1" errors="0" skipped="0" failures="1">
  <properties>
    <property name="awt.toolkit" value="sun.awt.X11.XToolkit"/>
    <property name="file.encoding.pkg" value="sun.io"/>
    <property name="java.specification.version" value="1.8"/>
    <property name="sun.cpu.isalist" value=""/>
    <property name="sun.jnu.encoding" value="ANSI_X3.4-1968"/>
    <property name="java.class.path" value="/workdir/hadoop-ozone/integration-test/target/test-classes:/workdir/hadoop-ozone/integration-test/target/classes:/home/user/.m2/repository/org/apache/hadoop/hadoop-ozone-common/0.5.0-SNAPSHOT/hadoop-ozone-common-0.5.0-SNAPSHOT.jar:/home/user/.m2/repository/org/apache/commons/commons-compress/1.4.1/commons-compress-1.4.1.jar:/home/user/.m2/repository/org/tukaani/xz/1.0/xz-1.0.jar:/home/user/.m2/repository/org/apache/hadoop/hadoop-common/3.2.0/hadoop-common-3.2.0.jar:/home/user/.m2/repository/org/apache/hadoop/hadoop-hdfs/3.2.0/hadoop-hdfs-3.2.0.jar:/home/user/.m2/repository/org/apache/hadoop/hadoop-hdfs-client/3.2.0/hadoop-hdfs-client-3.2.0.jar:/home/user/.m2/repository/com/fasterxml/jackson/core/jackson-annotations/2.9.9/jackson-annotations-2.9.9.jar:/home/user/.m2/repository/org/apache/hadoop/hadoop-hdds-common/0.5.0-SNAPSHOT/hadoop-hdds-common-0.5.0-SNAPSHOT.jar:/home/user/.m2/repository/javax/annotation/javax.annotation-api/1.2/javax.annotation-api-1.2.jar:/home/user/.m2/repository/org/apache/ratis/ratis-server/0.5.0-ced7dbf-SNAPSHOT/ratis-server-0.5.0-ced7dbf-SNAPSHOT.jar:/home/user/.m2/repository/org/apache/ratis/ratis-thirdparty-misc/0.2.0/ratis-thirdparty-misc-0.2.0.jar:/home/user/.m2/repository/org/apache/ratis/ratis-proto/0.5.0-ced7dbf-SNAPSHOT/ratis-proto-0.5.0-ced7dbf-SNAPSHOT.jar:/home/user/.m2/repository/org/apache/ratis/ratis-common/0.5.0-ced7dbf-SNAPSHOT/ratis-common-0.5.0-ced7dbf-SNAPSHOT.jar:/home/user/.m2/repository/org/apache/ratis/ratis-client/0.5.0-ced7dbf-SNAPSHOT/ratis-client-0.5.0-ced7dbf-SNAPSHOT.jar:/home/user/.m2/repository/org/apache/ratis/ratis-metrics/0.5.0-ced7dbf-SNAPSHOT/ratis-metrics-0.5.0-ced7dbf-SNAPSHOT.jar:/home/user/.m2/repository/org/apache/ratis/ratis-netty/0.5.0-ced7dbf-SNAPSHOT/ratis-netty-0.5.0-ced7dbf-SNAPSHOT.jar:/home/user/.m2/repository/org/apache/ratis/ratis-grpc/0.5.0-ced7dbf-SNAPSHOT/ratis-grpc-0.5.0-ced7dbf-SNAPSHOT.jar:/home/user/.m2/repository/org/rocksdb/rocksdbjni/6.0.1/rocksdbjni-6.0.1.jar:/home/user/.m2/repository/org/apache/logging/log4j/log4j-api/2.11.0/log4j-api-2.11.0.jar:/home/user/.m2/repository/org/apache/logging/log4j/log4j-core/2.11.0/log4j-core-2.11.0.jar:/home/user/.m2/repository/com/lmax/disruptor/3.4.2/disruptor-3.4.2.jar:/home/user/.m2/repository/org/apache/commons/commons-pool2/2.6.0/commons-pool2-2.6.0.jar:/home/user/.m2/repository/org/bouncycastle/bcpkix-jdk15on/1.60/bcpkix-jdk15on-1.60.jar:/home/user/.m2/repository/commons-validator/commons-validator/1.6/commons-validator-1.6.jar:/home/user/.m2/repository/commons-digester/commons-digester/1.8.1/commons-digester-1.8.1.jar:/home/user/.m2/repository/io/jaegertracing/jaeger-client/0.34.0/jaeger-client-0.34.0.jar:/home/user/.m2/repository/io/jaegertracing/jaeger-thrift/0.34.0/jaeger-thrift-0.34.0.jar:/home/user/.m2/repository/org/apache/thrift/libthrift/0.12.0/libthrift-0.12.0.jar:/home/user/.m2/repository/com/squareup/okhttp3/okhttp/3.9.0/okhttp-3.9.0.jar:/home/user/.m2/repository/com/squareup/okio/okio/1.13.0/okio-1.13.0.jar:/home/user/.m2/repository/io/jaegertracing/jaeger-core/0.34.0/jaeger-core-0.34.0.jar:/home/user/.m2/repository/io/jaegertracing/jaeger-tracerresolver/0.34.0/jaeger-tracerresolver-0.34.0.jar:/home/user/.m2/repository/io/opentracing/contrib/opentracing-tracerresolver/0.1.5/opentracing-tracerresolver-0.1.5.jar:/home/user/.m2/repository/io/opentracing/opentracing-util/0.31.0/opentracing-util-0.31.0.jar:/home/user/.m2/repository/io/opentracing/opentracing-api/0.31.0/opentracing-api-0.31.0.jar:/home/user/.m2/repository/io/opentracing/opentracing-noop/0.31.0/opentracing-noop-0.31.0.jar:/home/user/.m2/repository/org/apache/hadoop/hadoop-hdds-server-framework/0.5.0-SNAPSHOT/hadoop-hdds-server-framework-0.5.0-SNAPSHOT.jar:/home/user/.m2/repository/org/apache/hadoop/hadoop-hdds-container-service/0.5.0-SNAPSHOT/hadoop-hdds-container-service-0.5.0-SNAPSHOT.jar:/home/user/.m2/repository/org/apache/hadoop/hadoop-hdds-client/0.5.0-SNAPSHOT/hadoop-hdds-client-0.5.0-SNAPSHOT.jar:/home/user/.m2/repository/org/apache/hadoop/hadoop-hdds-tools/0.5.0-SNAPSHOT/hadoop-hdds-tools-0.5.0-SNAPSHOT.jar:/home/user/.m2/repository/org/apache/hadoop/hadoop-hdds-server-scm/0.5.0-SNAPSHOT/hadoop-hdds-server-scm-0.5.0-SNAPSHOT.jar:/home/user/.m2/repository/org/apache/hadoop/hadoop-hdds-docs/0.5.0-SNAPSHOT/hadoop-hdds-docs-0.5.0-SNAPSHOT.jar:/home/user/.m2/repository/io/dropwizard/metrics/metrics-core/3.2.4/metrics-core-3.2.4.jar:/home/user/.m2/repository/org/hamcrest/hamcrest-all/1.3/hamcrest-all-1.3.jar:/home/user/.m2/repository/org/bouncycastle/bcprov-jdk15on/1.60/bcprov-jdk15on-1.60.jar:/home/user/.m2/repository/info/picocli/picocli/3.9.6/picocli-3.9.6.jar:/home/user/.m2/repository/com/google/protobuf/protobuf-java/2.5.0/protobuf-java-2.5.0.jar:/home/user/.m2/repository/com/google/guava/guava/11.0.2/guava-11.0.2.jar:/home/user/.m2/repository/org/apache/hadoop/hadoop-ozone-ozone-manager/0.5.0-SNAPSHOT/hadoop-ozone-ozone-manager-0.5.0-SNAPSHOT.jar:/home/user/.m2/repository/org/apache/hadoop/hadoop-minikdc/3.2.0/hadoop-minikdc-3.2.0.jar:/home/user/.m2/repository/commons-io/commons-io/2.5/commons-io-2.5.jar:/home/user/.m2/repository/org/apache/kerby/kerb-simplekdc/1.0.1/kerb-simplekdc-1.0.1.jar:/home/user/.m2/repository/org/apache/kerby/kerb-client/1.0.1/kerb-client-1.0.1.jar:/home/user/.m2/repository/org/apache/kerby/kerby-config/1.0.1/kerby-config-1.0.1.jar:/home/user/.m2/repository/org/apache/kerby/kerb-core/1.0.1/kerb-core-1.0.1.jar:/home/user/.m2/repository/org/apache/kerby/kerby-pkix/1.0.1/kerby-pkix-1.0.1.jar:/home/user/.m2/repository/org/apache/kerby/kerby-asn1/1.0.1/kerby-asn1-1.0.1.jar:/home/user/.m2/repository/org/apache/kerby/kerby-util/1.0.1/kerby-util-1.0.1.jar:/home/user/.m2/repository/org/apache/kerby/kerb-common/1.0.1/kerb-common-1.0.1.jar:/home/user/.m2/repository/org/apache/kerby/kerb-crypto/1.0.1/kerb-crypto-1.0.1.jar:/home/user/.m2/repository/org/apache/kerby/kerb-util/1.0.1/kerb-util-1.0.1.jar:/home/user/.m2/repository/org/apache/kerby/token-provider/1.0.1/token-provider-1.0.1.jar:/home/user/.m2/repository/org/apache/kerby/kerb-admin/1.0.1/kerb-admin-1.0.1.jar:/home/user/.m2/repository/org/apache/kerby/kerb-server/1.0.1/kerb-server-1.0.1.jar:/home/user/.m2/repository/org/apache/kerby/kerb-identity/1.0.1/kerb-identity-1.0.1.jar:/home/user/.m2/repository/org/apache/kerby/kerby-xdr/1.0.1/kerby-xdr-1.0.1.jar:/home/user/.m2/repository/org/slf4j/slf4j-log4j12/1.7.25/slf4j-log4j12-1.7.25.jar:/home/user/.m2/repository/org/apache/hadoop/hadoop-ozone-s3gateway/0.5.0-SNAPSHOT/hadoop-ozone-s3gateway-0.5.0-SNAPSHOT.jar:/home/user/.m2/repository/org/jboss/weld/servlet/weld-servlet/2.4.7.Final/weld-servlet-2.4.7.Final.jar:/home/user/.m2/repository/org/glassfish/jersey/containers/jersey-container-servlet-core/2.27/jersey-container-servlet-core-2.27.jar:/home/user/.m2/repository/org/glassfish/hk2/external/javax.inject/2.5.0-b42/javax.inject-2.5.0-b42.jar:/home/user/.m2/repository/org/glassfish/jersey/core/jersey-common/2.27/jersey-common-2.27.jar:/home/user/.m2/repository/org/glassfish/hk2/osgi-resource-locator/1.0.1/osgi-resource-locator-1.0.1.jar:/home/user/.m2/repository/javax/ws/rs/javax.ws.rs-api/2.1/javax.ws.rs-api-2.1.jar:/home/user/.m2/repository/org/glassfish/jersey/ext/cdi/jersey-cdi1x/2.27/jersey-cdi1x-2.27.jar:/home/user/.m2/repository/org/glassfish/jersey/inject/jersey-hk2/2.27/jersey-hk2-2.27.jar:/home/user/.m2/repository/org/glassfish/hk2/hk2-locator/2.5.0-b42/hk2-locator-2.5.0-b42.jar:/home/user/.m2/repository/org/javassist/javassist/3.22.0-CR2/javassist-3.22.0-CR2.jar:/home/user/.m2/repository/org/glassfish/hk2/hk2-api/2.5.0/hk2-api-2.5.0.jar:/home/user/.m2/repository/org/glassfish/hk2/external/jakarta.inject/2.5.0/jakarta.inject-2.5.0.jar:/home/user/.m2/repository/org/glassfish/hk2/hk2-utils/2.5.0/hk2-utils-2.5.0.jar:/home/user/.m2/repository/jakarta/annotation/jakarta.annotation-api/1.3.4/jakarta.annotation-api-1.3.4.jar:/home/user/.m2/repository/org/glassfish/hk2/external/aopalliance-repackaged/2.5.0/aopalliance-repackaged-2.5.0.jar:/home/user/.m2/repository/com/fasterxml/jackson/dataformat/jackson-dataformat-xml/2.9.0/jackson-dataformat-xml-2.9.0.jar:/home/user/.m2/repository/com/fasterxml/jackson/core/jackson-core/2.9.9/jackson-core-2.9.9.jar:/home/user/.m2/repository/com/fasterxml/jackson/module/jackson-module-jaxb-annotations/2.9.9/jackson-module-jaxb-annotations-2.9.9.jar:/home/user/.m2/repository/javax/enterprise/cdi-api/1.2/cdi-api-1.2.jar:/home/user/.m2/repository/javax/el/javax.el-api/3.0.0/javax.el-api-3.0.0.jar:/home/user/.m2/repository/javax/interceptor/javax.interceptor-api/1.2/javax.interceptor-api-1.2.jar:/home/user/.m2/repository/javax/inject/javax.inject/1/javax.inject-1.jar:/home/user/.m2/repository/com/sun/xml/bind/jaxb-impl/2.3.0.1/jaxb-impl-2.3.0.1.jar:/home/user/.m2/repository/com/sun/xml/bind/jaxb-core/2.3.0.1/jaxb-core-2.3.0.1.jar:/home/user/.m2/repository/javax/xml/bind/jaxb-api/2.3.0/jaxb-api-2.3.0.jar:/home/user/.m2/repository/javax/activation/activation/1.1.1/activation-1.1.1.jar:/home/user/.m2/repository/org/apache/hadoop/hadoop-ozone-csi/0.5.0-SNAPSHOT/hadoop-ozone-csi-0.5.0-SNAPSHOT.jar:/home/user/.m2/repository/com/google/protobuf/protobuf-java-util/3.5.1/protobuf-java-util-3.5.1.jar:/home/user/.m2/repository/org/apache/hadoop/hadoop-hdds-config/0.5.0-SNAPSHOT/hadoop-hdds-config-0.5.0-SNAPSHOT.jar:/home/user/.m2/repository/io/grpc/grpc-netty/1.17.1/grpc-netty-1.17.1.jar:/home/user/.m2/repository/io/grpc/grpc-core/1.17.1/grpc-core-1.17.1.jar:/home/user/.m2/repository/io/grpc/grpc-context/1.17.1/grpc-context-1.17.1.jar:/home/user/.m2/repository/com/google/errorprone/error_prone_annotations/2.2.0/error_prone_annotations-2.2.0.jar:/home/user/.m2/repository/org/codehaus/mojo/animal-sniffer-annotations/1.17/animal-sniffer-annotations-1.17.jar:/home/user/.m2/repository/io/opencensus/opencensus-api/0.17.0/opencensus-api-0.17.0.jar:/home/user/.m2/repository/io/opencensus/opencensus-contrib-grpc-metrics/0.17.0/opencensus-contrib-grpc-metrics-0.17.0.jar:/home/user/.m2/repository/io/netty/netty-codec-http2/4.1.30.Final/netty-codec-http2-4.1.30.Final.jar:/home/user/.m2/repository/io/netty/netty-codec-http/4.1.30.Final/netty-codec-http-4.1.30.Final.jar:/home/user/.m2/repository/io/netty/netty-codec/4.1.30.Final/netty-codec-4.1.30.Final.jar:/home/user/.m2/repository/io/netty/netty-handler/4.1.30.Final/netty-handler-4.1.30.Final.jar:/home/user/.m2/repository/io/netty/netty-handler-proxy/4.1.30.Final/netty-handler-proxy-4.1.30.Final.jar:/home/user/.m2/repository/io/netty/netty-codec-socks/4.1.30.Final/netty-codec-socks-4.1.30.Final.jar:/home/user/.m2/repository/io/netty/netty-transport-native-epoll/4.1.30.Final/netty-transport-native-epoll-4.1.30.Final.jar:/home/user/.m2/repository/io/netty/netty-common/4.1.30.Final/netty-common-4.1.30.Final.jar:/home/user/.m2/repository/io/netty/netty-buffer/4.1.30.Final/netty-buffer-4.1.30.Final.jar:/home/user/.m2/repository/io/netty/netty-transport/4.1.30.Final/netty-transport-4.1.30.Final.jar:/home/user/.m2/repository/io/netty/netty-resolver/4.1.30.Final/netty-resolver-4.1.30.Final.jar:/home/user/.m2/repository/io/netty/netty-transport-native-unix-common/4.1.30.Final/netty-transport-native-unix-common-4.1.30.Final.jar:/home/user/.m2/repository/io/grpc/grpc-protobuf/1.17.1/grpc-protobuf-1.17.1.jar:/home/user/.m2/repository/com/google/api/grpc/proto-google-common-protos/1.0.0/proto-google-common-protos-1.0.0.jar:/home/user/.m2/repository/io/grpc/grpc-protobuf-lite/1.17.1/grpc-protobuf-lite-1.17.1.jar:/home/user/.m2/repository/io/grpc/grpc-stub/1.17.1/grpc-stub-1.17.1.jar:/home/user/.m2/repository/org/apache/hadoop/hadoop-ozone-recon/0.5.0-SNAPSHOT/hadoop-ozone-recon-0.5.0-SNAPSHOT.jar:/home/user/.m2/repository/org/apache/hadoop/hadoop-ozone-reconcodegen/0.5.0-SNAPSHOT/hadoop-ozone-reconcodegen-0.5.0-SNAPSHOT.jar:/home/user/.m2/repository/com/google/inject/extensions/guice-multibindings/4.0/guice-multibindings-4.0.jar:/home/user/.m2/repository/com/google/inject/guice/4.0/guice-4.0.jar:/home/user/.m2/repository/aopalliance/aopalliance/1.0/aopalliance-1.0.jar:/home/user/.m2/repository/com/google/inject/extensions/guice-servlet/4.0/guice-servlet-4.0.jar:/home/user/.m2/repository/org/glassfish/jersey/containers/jersey-container-servlet/2.27/jersey-container-servlet-2.27.jar:/home/user/.m2/repository/org/glassfish/hk2/guice-bridge/2.5.0/guice-bridge-2.5.0.jar:/home/user/.m2/repository/org/glassfish/jersey/core/jersey-server/2.27/jersey-server-2.27.jar:/home/user/.m2/repository/org/glassfish/jersey/core/jersey-client/2.27/jersey-client-2.27.jar:/home/user/.m2/repository/org/glassfish/jersey/media/jersey-media-jaxb/2.27/jersey-media-jaxb-2.27.jar:/home/user/.m2/repository/javax/validation/validation-api/1.1.0.Final/validation-api-1.1.0.Final.jar:/home/user/.m2/repository/org/glassfish/jersey/media/jersey-media-json-jackson/2.27/jersey-media-json-jackson-2.27.jar:/home/user/.m2/repository/org/glassfish/jersey/ext/jersey-entity-filtering/2.27/jersey-entity-filtering-2.27.jar:/home/user/.m2/repository/com/google/inject/extensions/guice-assistedinject/4.0/guice-assistedinject-4.0.jar:/home/user/.m2/repository/org/jooq/jooq/3.11.10/jooq-3.11.10.jar:/home/user/.m2/repository/org/jooq/jooq-meta/3.11.10/jooq-meta-3.11.10.jar:/home/user/.m2/repository/org/jooq/jooq-codegen/3.11.10/jooq-codegen-3.11.10.jar:/home/user/.m2/repository/com/jolbox/bonecp/0.8.0.RELEASE/bonecp-0.8.0.RELEASE.jar:/home/user/.m2/repository/org/xerial/sqlite-jdbc/3.25.2/sqlite-jdbc-3.25.2.jar:/home/user/.m2/repository/org/springframework/spring-jdbc/5.1.3.RELEASE/spring-jdbc-5.1.3.RELEASE.jar:/home/user/.m2/repository/org/springframework/spring-beans/5.1.3.RELEASE/spring-beans-5.1.3.RELEASE.jar:/home/user/.m2/repository/org/springframework/spring-core/5.1.3.RELEASE/spring-core-5.1.3.RELEASE.jar:/home/user/.m2/repository/org/springframework/spring-jcl/5.1.3.RELEASE/spring-jcl-5.1.3.RELEASE.jar:/home/user/.m2/repository/org/springframework/spring-tx/5.1.3.RELEASE/spring-tx-5.1.3.RELEASE.jar:/home/user/.m2/repository/org/apache/hadoop/hadoop-ozone-client/0.5.0-SNAPSHOT/hadoop-ozone-client-0.5.0-SNAPSHOT.jar:/home/user/.m2/repository/commons-lang/commons-lang/2.6/commons-lang-2.6.jar:/home/user/.m2/repository/org/apache/hadoop/hadoop-ozone-ozone-manager/0.5.0-SNAPSHOT/hadoop-ozone-ozone-manager-0.5.0-SNAPSHOT-tests.jar:/home/user/.m2/repository/junit/junit/4.11/junit-4.11.jar:/home/user/.m2/repository/org/hamcrest/hamcrest-core/1.3/hamcrest-core-1.3.jar:/home/user/.m2/repository/org/openjdk/jmh/jmh-core/1.19/jmh-core-1.19.jar:/home/user/.m2/repository/net/sf/jopt-simple/jopt-simple/4.6/jopt-simple-4.6.jar:/home/user/.m2/repository/org/apache/commons/commons-math3/3.1.1/commons-math3-3.1.1.jar:/home/user/.m2/repository/org/openjdk/jmh/jmh-generator-annprocess/1.19/jmh-generator-annprocess-1.19.jar:/home/user/.m2/repository/org/mockito/mockito-all/1.8.5/mockito-all-1.8.5.jar:/home/user/.m2/repository/org/apache/hadoop/hadoop-kms/3.2.0/hadoop-kms-3.2.0.jar:/home/user/.m2/repository/org/apache/hadoop/hadoop-auth/3.2.0/hadoop-auth-3.2.0.jar:/home/user/.m2/repository/com/nimbusds/nimbus-jose-jwt/4.41.1/nimbus-jose-jwt-4.41.1.jar:/home/user/.m2/repository/com/github/stephenc/jcip/jcip-annotations/1.0-1/jcip-annotations-1.0-1.jar:/home/user/.m2/repository/net/minidev/json-smart/2.3/json-smart-2.3.jar:/home/user/.m2/repository/net/minidev/accessors-smart/1.2/accessors-smart-1.2.jar:/home/user/.m2/repository/org/ow2/asm/asm/5.0.4/asm-5.0.4.jar:/home/user/.m2/repository/org/apache/curator/curator-framework/2.12.0/curator-framework-2.12.0.jar:/home/user/.m2/repository/com/sun/jersey/jersey-core/1.19/jersey-core-1.19.jar:/home/user/.m2/repository/javax/ws/rs/jsr311-api/1.1.1/jsr311-api-1.1.1.jar:/home/user/.m2/repository/com/sun/jersey/jersey-server/1.19/jersey-server-1.19.jar:/home/user/.m2/repository/javax/servlet/javax.servlet-api/3.1.0/javax.servlet-api-3.1.0.jar:/home/user/.m2/repository/org/eclipse/jetty/jetty-server/9.3.25.v20180904/jetty-server-9.3.25.v20180904.jar:/home/user/.m2/repository/org/eclipse/jetty/jetty-http/9.3.25.v20180904/jetty-http-9.3.25.v20180904.jar:/home/user/.m2/repository/org/eclipse/jetty/jetty-io/9.3.25.v20180904/jetty-io-9.3.25.v20180904.jar:/home/user/.m2/repository/org/eclipse/jetty/jetty-webapp/9.3.25.v20180904/jetty-webapp-9.3.25.v20180904.jar:/home/user/.m2/repository/org/eclipse/jetty/jetty-xml/9.3.25.v20180904/jetty-xml-9.3.25.v20180904.jar:/home/user/.m2/repository/log4j/log4j/1.2.17/log4j-1.2.17.jar:/home/user/.m2/repository/org/slf4j/slf4j-api/1.7.25/slf4j-api-1.7.25.jar:/home/user/.m2/repository/org/slf4j/jul-to-slf4j/1.7.25/jul-to-slf4j-1.7.25.jar:/home/user/.m2/repository/org/eclipse/jetty/jetty-util/9.3.25.v20180904/jetty-util-9.3.25.v20180904.jar:/home/user/.m2/repository/com/fasterxml/jackson/core/jackson-databind/2.9.9/jackson-databind-2.9.9.jar:/home/user/.m2/repository/org/apache/hadoop/hadoop-kms/3.2.0/hadoop-kms-3.2.0-tests.jar:/home/user/.m2/repository/org/apache/hadoop/hadoop-hdds-server-scm/0.5.0-SNAPSHOT/hadoop-hdds-server-scm-0.5.0-SNAPSHOT-tests.jar:/home/user/.m2/repository/org/apache/hadoop/hadoop-hdds-container-service/0.5.0-SNAPSHOT/hadoop-hdds-container-service-0.5.0-SNAPSHOT-tests.jar:/home/user/.m2/repository/org/yaml/snakeyaml/1.16/snakeyaml-1.16.jar:/home/user/.m2/repository/org/apache/hadoop/hadoop-common/3.2.0/hadoop-common-3.2.0-tests.jar:/home/user/.m2/repository/org/apache/hadoop/hadoop-annotations/3.2.0/hadoop-annotations-3.2.0.jar:/usr/lib/jvm/java-1.8.0-openjdk-1.8.0.222.b10-1.el7_7.x86_64/jre/../lib/tools.jar:/home/user/.m2/repository/commons-cli/commons-cli/1.2/commons-cli-1.2.jar:/home/user/.m2/repository/org/apache/httpcomponents/httpclient/4.5.2/httpclient-4.5.2.jar:/home/user/.m2/repository/org/apache/httpcomponents/httpcore/4.4.4/httpcore-4.4.4.jar:/home/user/.m2/repository/commons-codec/commons-codec/1.11/commons-codec-1.11.jar:/home/user/.m2/repository/commons-net/commons-net/3.6/commons-net-3.6.jar:/home/user/.m2/repository/commons-collections/commons-collections/3.2.2/commons-collections-3.2.2.jar:/home/user/.m2/repository/org/eclipse/jetty/jetty-servlet/9.3.25.v20180904/jetty-servlet-9.3.25.v20180904.jar:/home/user/.m2/repository/org/eclipse/jetty/jetty-security/9.3.25.v20180904/jetty-security-9.3.25.v20180904.jar:/home/user/.m2/repository/javax/servlet/jsp/jsp-api/2.1/jsp-api-2.1.jar:/home/user/.m2/repository/com/sun/jersey/jersey-servlet/1.19/jersey-servlet-1.19.jar:/home/user/.m2/repository/com/sun/jersey/jersey-json/1.19/jersey-json-1.19.jar:/home/user/.m2/repository/org/codehaus/jettison/jettison/1.1/jettison-1.1.jar:/home/user/.m2/repository/org/codehaus/jackson/jackson-core-asl/1.9.13/jackson-core-asl-1.9.13.jar:/home/user/.m2/repository/org/codehaus/jackson/jackson-mapper-asl/1.9.13/jackson-mapper-asl-1.9.13.jar:/home/user/.m2/repository/org/codehaus/jackson/jackson-jaxrs/1.9.13/jackson-jaxrs-1.9.13.jar:/home/user/.m2/repository/org/codehaus/jackson/jackson-xc/1.9.13/jackson-xc-1.9.13.jar:/home/user/.m2/repository/commons-logging/commons-logging/1.1.3/commons-logging-1.1.3.jar:/home/user/.m2/repository/commons-beanutils/commons-beanutils/1.9.4/commons-beanutils-1.9.4.jar:/home/user/.m2/repository/org/apache/commons/commons-configuration2/2.1.1/commons-configuration2-2.1.1.jar:/home/user/.m2/repository/org/apache/commons/commons-lang3/3.7/commons-lang3-3.7.jar:/home/user/.m2/repository/org/apache/commons/commons-text/1.4/commons-text-1.4.jar:/home/user/.m2/repository/org/apache/avro/avro/1.7.7/avro-1.7.7.jar:/home/user/.m2/repository/com/thoughtworks/paranamer/paranamer/2.3/paranamer-2.3.jar:/home/user/.m2/repository/org/xerial/snappy/snappy-java/1.0.5/snappy-java-1.0.5.jar:/home/user/.m2/repository/com/google/re2j/re2j/1.1/re2j-1.1.jar:/home/user/.m2/repository/com/google/code/gson/gson/2.2.4/gson-2.2.4.jar:/home/user/.m2/repository/com/jcraft/jsch/0.1.54/jsch-0.1.54.jar:/home/user/.m2/repository/org/apache/curator/curator-client/2.12.0/curator-client-2.12.0.jar:/home/user/.m2/repository/org/apache/curator/curator-recipes/2.12.0/curator-recipes-2.12.0.jar:/home/user/.m2/repository/com/google/code/findbugs/jsr305/3.0.0/jsr305-3.0.0.jar:/home/user/.m2/repository/org/apache/htrace/htrace-core4/4.1.0-incubating/htrace-core4-4.1.0-incubating.jar:/home/user/.m2/repository/org/apache/zookeeper/zookeeper/3.4.13/zookeeper-3.4.13.jar:/home/user/.m2/repository/jline/jline/0.9.94/jline-0.9.94.jar:/home/user/.m2/repository/org/apache/yetus/audience-annotations/0.5.0/audience-annotations-0.5.0.jar:/home/user/.m2/repository/org/codehaus/woodstox/stax2-api/3.1.4/stax2-api-3.1.4.jar:/home/user/.m2/repository/com/fasterxml/woodstox/woodstox-core/5.0.3/woodstox-core-5.0.3.jar:/home/user/.m2/repository/dnsjava/dnsjava/2.1.7/dnsjava-2.1.7.jar:/home/user/.m2/repository/org/apache/hadoop/hadoop-hdfs/3.2.0/hadoop-hdfs-3.2.0-tests.jar:/home/user/.m2/repository/org/eclipse/jetty/jetty-util-ajax/9.3.25.v20180904/jetty-util-ajax-9.3.25.v20180904.jar:/home/user/.m2/repository/commons-daemon/commons-daemon/1.0.13/commons-daemon-1.0.13.jar:/home/user/.m2/repository/io/netty/netty/3.10.5.Final/netty-3.10.5.Final.jar:/home/user/.m2/repository/io/netty/netty-all/4.0.52.Final/netty-all-4.0.52.Final.jar:/home/user/.m2/repository/org/fusesource/leveldbjni/leveldbjni-all/1.8/leveldbjni-all-1.8.jar:"/>
    <property name="java.vm.vendor" value="Oracle Corporation"/>
    <property name="sun.arch.data.model" value="64"/>
    <property name="test.build.dir" value="/workdir/hadoop-ozone/integration-test/target/test-dir"/>
    <property name="test.cache.data" value=""/>
    <property name="java.vendor.url" value="http://java.oracle.com/"/>
    <property name="user.timezone" value=""/>
    <property name="java.vm.specification.version" value="1.8"/>
    <property name="os.name" value="Linux"/>
    <property name="test.build.data" value="/workdir/hadoop-ozone/integration-test/target/test-dir"/>
    <property name="user.country" value="US"/>
    <property name="sun.java.launcher" value="SUN_STANDARD"/>
    <property name="sun.boot.library.path" value="/usr/lib/jvm/java-1.8.0-openjdk-1.8.0.222.b10-1.el7_7.x86_64/jre/lib/amd64"/>
    <property name="sun.java.command" value="/workdir/hadoop-ozone/integration-test/target/surefire/surefirebooter6216875790283122482.jar /workdir/hadoop-ozone/integration-test/target/surefire 2019-10-24T13-43-34_437-jvmRun1 surefire4386658083733081716tmp surefire_268803469559454505085tmp"/>
    <property name="surefire.test.class.path" value="/workdir/hadoop-ozone/integration-test/target/test-classes:/workdir/hadoop-ozone/integration-test/target/classes:/home/user/.m2/repository/org/apache/hadoop/hadoop-ozone-common/0.5.0-SNAPSHOT/hadoop-ozone-common-0.5.0-SNAPSHOT.jar:/home/user/.m2/repository/org/apache/commons/commons-compress/1.4.1/commons-compress-1.4.1.jar:/home/user/.m2/repository/org/tukaani/xz/1.0/xz-1.0.jar:/home/user/.m2/repository/org/apache/hadoop/hadoop-common/3.2.0/hadoop-common-3.2.0.jar:/home/user/.m2/repository/org/apache/hadoop/hadoop-hdfs/3.2.0/hadoop-hdfs-3.2.0.jar:/home/user/.m2/repository/org/apache/hadoop/hadoop-hdfs-client/3.2.0/hadoop-hdfs-client-3.2.0.jar:/home/user/.m2/repository/com/fasterxml/jackson/core/jackson-annotations/2.9.9/jackson-annotations-2.9.9.jar:/home/user/.m2/repository/org/apache/hadoop/hadoop-hdds-common/0.5.0-SNAPSHOT/hadoop-hdds-common-0.5.0-SNAPSHOT.jar:/home/user/.m2/repository/javax/annotation/javax.annotation-api/1.2/javax.annotation-api-1.2.jar:/home/user/.m2/repository/org/apache/ratis/ratis-server/0.5.0-ced7dbf-SNAPSHOT/ratis-server-0.5.0-ced7dbf-SNAPSHOT.jar:/home/user/.m2/repository/org/apache/ratis/ratis-thirdparty-misc/0.2.0/ratis-thirdparty-misc-0.2.0.jar:/home/user/.m2/repository/org/apache/ratis/ratis-proto/0.5.0-ced7dbf-SNAPSHOT/ratis-proto-0.5.0-ced7dbf-SNAPSHOT.jar:/home/user/.m2/repository/org/apache/ratis/ratis-common/0.5.0-ced7dbf-SNAPSHOT/ratis-common-0.5.0-ced7dbf-SNAPSHOT.jar:/home/user/.m2/repository/org/apache/ratis/ratis-client/0.5.0-ced7dbf-SNAPSHOT/ratis-client-0.5.0-ced7dbf-SNAPSHOT.jar:/home/user/.m2/repository/org/apache/ratis/ratis-metrics/0.5.0-ced7dbf-SNAPSHOT/ratis-metrics-0.5.0-ced7dbf-SNAPSHOT.jar:/home/user/.m2/repository/org/apache/ratis/ratis-netty/0.5.0-ced7dbf-SNAPSHOT/ratis-netty-0.5.0-ced7dbf-SNAPSHOT.jar:/home/user/.m2/repository/org/apache/ratis/ratis-grpc/0.5.0-ced7dbf-SNAPSHOT/ratis-grpc-0.5.0-ced7dbf-SNAPSHOT.jar:/home/user/.m2/repository/org/rocksdb/rocksdbjni/6.0.1/rocksdbjni-6.0.1.jar:/home/user/.m2/repository/org/apache/logging/log4j/log4j-api/2.11.0/log4j-api-2.11.0.jar:/home/user/.m2/repository/org/apache/logging/log4j/log4j-core/2.11.0/log4j-core-2.11.0.jar:/home/user/.m2/repository/com/lmax/disruptor/3.4.2/disruptor-3.4.2.jar:/home/user/.m2/repository/org/apache/commons/commons-pool2/2.6.0/commons-pool2-2.6.0.jar:/home/user/.m2/repository/org/bouncycastle/bcpkix-jdk15on/1.60/bcpkix-jdk15on-1.60.jar:/home/user/.m2/repository/commons-validator/commons-validator/1.6/commons-validator-1.6.jar:/home/user/.m2/repository/commons-digester/commons-digester/1.8.1/commons-digester-1.8.1.jar:/home/user/.m2/repository/io/jaegertracing/jaeger-client/0.34.0/jaeger-client-0.34.0.jar:/home/user/.m2/repository/io/jaegertracing/jaeger-thrift/0.34.0/jaeger-thrift-0.34.0.jar:/home/user/.m2/repository/org/apache/thrift/libthrift/0.12.0/libthrift-0.12.0.jar:/home/user/.m2/repository/com/squareup/okhttp3/okhttp/3.9.0/okhttp-3.9.0.jar:/home/user/.m2/repository/com/squareup/okio/okio/1.13.0/okio-1.13.0.jar:/home/user/.m2/repository/io/jaegertracing/jaeger-core/0.34.0/jaeger-core-0.34.0.jar:/home/user/.m2/repository/io/jaegertracing/jaeger-tracerresolver/0.34.0/jaeger-tracerresolver-0.34.0.jar:/home/user/.m2/repository/io/opentracing/contrib/opentracing-tracerresolver/0.1.5/opentracing-tracerresolver-0.1.5.jar:/home/user/.m2/repository/io/opentracing/opentracing-util/0.31.0/opentracing-util-0.31.0.jar:/home/user/.m2/repository/io/opentracing/opentracing-api/0.31.0/opentracing-api-0.31.0.jar:/home/user/.m2/repository/io/opentracing/opentracing-noop/0.31.0/opentracing-noop-0.31.0.jar:/home/user/.m2/repository/org/apache/hadoop/hadoop-hdds-server-framework/0.5.0-SNAPSHOT/hadoop-hdds-server-framework-0.5.0-SNAPSHOT.jar:/home/user/.m2/repository/org/apache/hadoop/hadoop-hdds-container-service/0.5.0-SNAPSHOT/hadoop-hdds-container-service-0.5.0-SNAPSHOT.jar:/home/user/.m2/repository/org/apache/hadoop/hadoop-hdds-client/0.5.0-SNAPSHOT/hadoop-hdds-client-0.5.0-SNAPSHOT.jar:/home/user/.m2/repository/org/apache/hadoop/hadoop-hdds-tools/0.5.0-SNAPSHOT/hadoop-hdds-tools-0.5.0-SNAPSHOT.jar:/home/user/.m2/repository/org/apache/hadoop/hadoop-hdds-server-scm/0.5.0-SNAPSHOT/hadoop-hdds-server-scm-0.5.0-SNAPSHOT.jar:/home/user/.m2/repository/org/apache/hadoop/hadoop-hdds-docs/0.5.0-SNAPSHOT/hadoop-hdds-docs-0.5.0-SNAPSHOT.jar:/home/user/.m2/repository/io/dropwizard/metrics/metrics-core/3.2.4/metrics-core-3.2.4.jar:/home/user/.m2/repository/org/hamcrest/hamcrest-all/1.3/hamcrest-all-1.3.jar:/home/user/.m2/repository/org/bouncycastle/bcprov-jdk15on/1.60/bcprov-jdk15on-1.60.jar:/home/user/.m2/repository/info/picocli/picocli/3.9.6/picocli-3.9.6.jar:/home/user/.m2/repository/com/google/protobuf/protobuf-java/2.5.0/protobuf-java-2.5.0.jar:/home/user/.m2/repository/com/google/guava/guava/11.0.2/guava-11.0.2.jar:/home/user/.m2/repository/org/apache/hadoop/hadoop-ozone-ozone-manager/0.5.0-SNAPSHOT/hadoop-ozone-ozone-manager-0.5.0-SNAPSHOT.jar:/home/user/.m2/repository/org/apache/hadoop/hadoop-minikdc/3.2.0/hadoop-minikdc-3.2.0.jar:/home/user/.m2/repository/commons-io/commons-io/2.5/commons-io-2.5.jar:/home/user/.m2/repository/org/apache/kerby/kerb-simplekdc/1.0.1/kerb-simplekdc-1.0.1.jar:/home/user/.m2/repository/org/apache/kerby/kerb-client/1.0.1/kerb-client-1.0.1.jar:/home/user/.m2/repository/org/apache/kerby/kerby-config/1.0.1/kerby-config-1.0.1.jar:/home/user/.m2/repository/org/apache/kerby/kerb-core/1.0.1/kerb-core-1.0.1.jar:/home/user/.m2/repository/org/apache/kerby/kerby-pkix/1.0.1/kerby-pkix-1.0.1.jar:/home/user/.m2/repository/org/apache/kerby/kerby-asn1/1.0.1/kerby-asn1-1.0.1.jar:/home/user/.m2/repository/org/apache/kerby/kerby-util/1.0.1/kerby-util-1.0.1.jar:/home/user/.m2/repository/org/apache/kerby/kerb-common/1.0.1/kerb-common-1.0.1.jar:/home/user/.m2/repository/org/apache/kerby/kerb-crypto/1.0.1/kerb-crypto-1.0.1.jar:/home/user/.m2/repository/org/apache/kerby/kerb-util/1.0.1/kerb-util-1.0.1.jar:/home/user/.m2/repository/org/apache/kerby/token-provider/1.0.1/token-provider-1.0.1.jar:/home/user/.m2/repository/org/apache/kerby/kerb-admin/1.0.1/kerb-admin-1.0.1.jar:/home/user/.m2/repository/org/apache/kerby/kerb-server/1.0.1/kerb-server-1.0.1.jar:/home/user/.m2/repository/org/apache/kerby/kerb-identity/1.0.1/kerb-identity-1.0.1.jar:/home/user/.m2/repository/org/apache/kerby/kerby-xdr/1.0.1/kerby-xdr-1.0.1.jar:/home/user/.m2/repository/org/slf4j/slf4j-log4j12/1.7.25/slf4j-log4j12-1.7.25.jar:/home/user/.m2/repository/org/apache/hadoop/hadoop-ozone-s3gateway/0.5.0-SNAPSHOT/hadoop-ozone-s3gateway-0.5.0-SNAPSHOT.jar:/home/user/.m2/repository/org/jboss/weld/servlet/weld-servlet/2.4.7.Final/weld-servlet-2.4.7.Final.jar:/home/user/.m2/repository/org/glassfish/jersey/containers/jersey-container-servlet-core/2.27/jersey-container-servlet-core-2.27.jar:/home/user/.m2/repository/org/glassfish/hk2/external/javax.inject/2.5.0-b42/javax.inject-2.5.0-b42.jar:/home/user/.m2/repository/org/glassfish/jersey/core/jersey-common/2.27/jersey-common-2.27.jar:/home/user/.m2/repository/org/glassfish/hk2/osgi-resource-locator/1.0.1/osgi-resource-locator-1.0.1.jar:/home/user/.m2/repository/javax/ws/rs/javax.ws.rs-api/2.1/javax.ws.rs-api-2.1.jar:/home/user/.m2/repository/org/glassfish/jersey/ext/cdi/jersey-cdi1x/2.27/jersey-cdi1x-2.27.jar:/home/user/.m2/repository/org/glassfish/jersey/inject/jersey-hk2/2.27/jersey-hk2-2.27.jar:/home/user/.m2/repository/org/glassfish/hk2/hk2-locator/2.5.0-b42/hk2-locator-2.5.0-b42.jar:/home/user/.m2/repository/org/javassist/javassist/3.22.0-CR2/javassist-3.22.0-CR2.jar:/home/user/.m2/repository/org/glassfish/hk2/hk2-api/2.5.0/hk2-api-2.5.0.jar:/home/user/.m2/repository/org/glassfish/hk2/external/jakarta.inject/2.5.0/jakarta.inject-2.5.0.jar:/home/user/.m2/repository/org/glassfish/hk2/hk2-utils/2.5.0/hk2-utils-2.5.0.jar:/home/user/.m2/repository/jakarta/annotation/jakarta.annotation-api/1.3.4/jakarta.annotation-api-1.3.4.jar:/home/user/.m2/repository/org/glassfish/hk2/external/aopalliance-repackaged/2.5.0/aopalliance-repackaged-2.5.0.jar:/home/user/.m2/repository/com/fasterxml/jackson/dataformat/jackson-dataformat-xml/2.9.0/jackson-dataformat-xml-2.9.0.jar:/home/user/.m2/repository/com/fasterxml/jackson/core/jackson-core/2.9.9/jackson-core-2.9.9.jar:/home/user/.m2/repository/com/fasterxml/jackson/module/jackson-module-jaxb-annotations/2.9.9/jackson-module-jaxb-annotations-2.9.9.jar:/home/user/.m2/repository/javax/enterprise/cdi-api/1.2/cdi-api-1.2.jar:/home/user/.m2/repository/javax/el/javax.el-api/3.0.0/javax.el-api-3.0.0.jar:/home/user/.m2/repository/javax/interceptor/javax.interceptor-api/1.2/javax.interceptor-api-1.2.jar:/home/user/.m2/repository/javax/inject/javax.inject/1/javax.inject-1.jar:/home/user/.m2/repository/com/sun/xml/bind/jaxb-impl/2.3.0.1/jaxb-impl-2.3.0.1.jar:/home/user/.m2/repository/com/sun/xml/bind/jaxb-core/2.3.0.1/jaxb-core-2.3.0.1.jar:/home/user/.m2/repository/javax/xml/bind/jaxb-api/2.3.0/jaxb-api-2.3.0.jar:/home/user/.m2/repository/javax/activation/activation/1.1.1/activation-1.1.1.jar:/home/user/.m2/repository/org/apache/hadoop/hadoop-ozone-csi/0.5.0-SNAPSHOT/hadoop-ozone-csi-0.5.0-SNAPSHOT.jar:/home/user/.m2/repository/com/google/protobuf/protobuf-java-util/3.5.1/protobuf-java-util-3.5.1.jar:/home/user/.m2/repository/org/apache/hadoop/hadoop-hdds-config/0.5.0-SNAPSHOT/hadoop-hdds-config-0.5.0-SNAPSHOT.jar:/home/user/.m2/repository/io/grpc/grpc-netty/1.17.1/grpc-netty-1.17.1.jar:/home/user/.m2/repository/io/grpc/grpc-core/1.17.1/grpc-core-1.17.1.jar:/home/user/.m2/repository/io/grpc/grpc-context/1.17.1/grpc-context-1.17.1.jar:/home/user/.m2/repository/com/google/errorprone/error_prone_annotations/2.2.0/error_prone_annotations-2.2.0.jar:/home/user/.m2/repository/org/codehaus/mojo/animal-sniffer-annotations/1.17/animal-sniffer-annotations-1.17.jar:/home/user/.m2/repository/io/opencensus/opencensus-api/0.17.0/opencensus-api-0.17.0.jar:/home/user/.m2/repository/io/opencensus/opencensus-contrib-grpc-metrics/0.17.0/opencensus-contrib-grpc-metrics-0.17.0.jar:/home/user/.m2/repository/io/netty/netty-codec-http2/4.1.30.Final/netty-codec-http2-4.1.30.Final.jar:/home/user/.m2/repository/io/netty/netty-codec-http/4.1.30.Final/netty-codec-http-4.1.30.Final.jar:/home/user/.m2/repository/io/netty/netty-codec/4.1.30.Final/netty-codec-4.1.30.Final.jar:/home/user/.m2/repository/io/netty/netty-handler/4.1.30.Final/netty-handler-4.1.30.Final.jar:/home/user/.m2/repository/io/netty/netty-handler-proxy/4.1.30.Final/netty-handler-proxy-4.1.30.Final.jar:/home/user/.m2/repository/io/netty/netty-codec-socks/4.1.30.Final/netty-codec-socks-4.1.30.Final.jar:/home/user/.m2/repository/io/netty/netty-transport-native-epoll/4.1.30.Final/netty-transport-native-epoll-4.1.30.Final.jar:/home/user/.m2/repository/io/netty/netty-common/4.1.30.Final/netty-common-4.1.30.Final.jar:/home/user/.m2/repository/io/netty/netty-buffer/4.1.30.Final/netty-buffer-4.1.30.Final.jar:/home/user/.m2/repository/io/netty/netty-transport/4.1.30.Final/netty-transport-4.1.30.Final.jar:/home/user/.m2/repository/io/netty/netty-resolver/4.1.30.Final/netty-resolver-4.1.30.Final.jar:/home/user/.m2/repository/io/netty/netty-transport-native-unix-common/4.1.30.Final/netty-transport-native-unix-common-4.1.30.Final.jar:/home/user/.m2/repository/io/grpc/grpc-protobuf/1.17.1/grpc-protobuf-1.17.1.jar:/home/user/.m2/repository/com/google/api/grpc/proto-google-common-protos/1.0.0/proto-google-common-protos-1.0.0.jar:/home/user/.m2/repository/io/grpc/grpc-protobuf-lite/1.17.1/grpc-protobuf-lite-1.17.1.jar:/home/user/.m2/repository/io/grpc/grpc-stub/1.17.1/grpc-stub-1.17.1.jar:/home/user/.m2/repository/org/apache/hadoop/hadoop-ozone-recon/0.5.0-SNAPSHOT/hadoop-ozone-recon-0.5.0-SNAPSHOT.jar:/home/user/.m2/repository/org/apache/hadoop/hadoop-ozone-reconcodegen/0.5.0-SNAPSHOT/hadoop-ozone-reconcodegen-0.5.0-SNAPSHOT.jar:/home/user/.m2/repository/com/google/inject/extensions/guice-multibindings/4.0/guice-multibindings-4.0.jar:/home/user/.m2/repository/com/google/inject/guice/4.0/guice-4.0.jar:/home/user/.m2/repository/aopalliance/aopalliance/1.0/aopalliance-1.0.jar:/home/user/.m2/repository/com/google/inject/extensions/guice-servlet/4.0/guice-servlet-4.0.jar:/home/user/.m2/repository/org/glassfish/jersey/containers/jersey-container-servlet/2.27/jersey-container-servlet-2.27.jar:/home/user/.m2/repository/org/glassfish/hk2/guice-bridge/2.5.0/guice-bridge-2.5.0.jar:/home/user/.m2/repository/org/glassfish/jersey/core/jersey-server/2.27/jersey-server-2.27.jar:/home/user/.m2/repository/org/glassfish/jersey/core/jersey-client/2.27/jersey-client-2.27.jar:/home/user/.m2/repository/org/glassfish/jersey/media/jersey-media-jaxb/2.27/jersey-media-jaxb-2.27.jar:/home/user/.m2/repository/javax/validation/validation-api/1.1.0.Final/validation-api-1.1.0.Final.jar:/home/user/.m2/repository/org/glassfish/jersey/media/jersey-media-json-jackson/2.27/jersey-media-json-jackson-2.27.jar:/home/user/.m2/repository/org/glassfish/jersey/ext/jersey-entity-filtering/2.27/jersey-entity-filtering-2.27.jar:/home/user/.m2/repository/com/google/inject/extensions/guice-assistedinject/4.0/guice-assistedinject-4.0.jar:/home/user/.m2/repository/org/jooq/jooq/3.11.10/jooq-3.11.10.jar:/home/user/.m2/repository/org/jooq/jooq-meta/3.11.10/jooq-meta-3.11.10.jar:/home/user/.m2/repository/org/jooq/jooq-codegen/3.11.10/jooq-codegen-3.11.10.jar:/home/user/.m2/repository/com/jolbox/bonecp/0.8.0.RELEASE/bonecp-0.8.0.RELEASE.jar:/home/user/.m2/repository/org/xerial/sqlite-jdbc/3.25.2/sqlite-jdbc-3.25.2.jar:/home/user/.m2/repository/org/springframework/spring-jdbc/5.1.3.RELEASE/spring-jdbc-5.1.3.RELEASE.jar:/home/user/.m2/repository/org/springframework/spring-beans/5.1.3.RELEASE/spring-beans-5.1.3.RELEASE.jar:/home/user/.m2/repository/org/springframework/spring-core/5.1.3.RELEASE/spring-core-5.1.3.RELEASE.jar:/home/user/.m2/repository/org/springframework/spring-jcl/5.1.3.RELEASE/spring-jcl-5.1.3.RELEASE.jar:/home/user/.m2/repository/org/springframework/spring-tx/5.1.3.RELEASE/spring-tx-5.1.3.RELEASE.jar:/home/user/.m2/repository/org/apache/hadoop/hadoop-ozone-client/0.5.0-SNAPSHOT/hadoop-ozone-client-0.5.0-SNAPSHOT.jar:/home/user/.m2/repository/commons-lang/commons-lang/2.6/commons-lang-2.6.jar:/home/user/.m2/repository/org/apache/hadoop/hadoop-ozone-ozone-manager/0.5.0-SNAPSHOT/hadoop-ozone-ozone-manager-0.5.0-SNAPSHOT-tests.jar:/home/user/.m2/repository/junit/junit/4.11/junit-4.11.jar:/home/user/.m2/repository/org/hamcrest/hamcrest-core/1.3/hamcrest-core-1.3.jar:/home/user/.m2/repository/org/openjdk/jmh/jmh-core/1.19/jmh-core-1.19.jar:/home/user/.m2/repository/net/sf/jopt-simple/jopt-simple/4.6/jopt-simple-4.6.jar:/home/user/.m2/repository/org/apache/commons/commons-math3/3.1.1/commons-math3-3.1.1.jar:/home/user/.m2/repository/org/openjdk/jmh/jmh-generator-annprocess/1.19/jmh-generator-annprocess-1.19.jar:/home/user/.m2/repository/org/mockito/mockito-all/1.8.5/mockito-all-1.8.5.jar:/home/user/.m2/repository/org/apache/hadoop/hadoop-kms/3.2.0/hadoop-kms-3.2.0.jar:/home/user/.m2/repository/org/apache/hadoop/hadoop-auth/3.2.0/hadoop-auth-3.2.0.jar:/home/user/.m2/repository/com/nimbusds/nimbus-jose-jwt/4.41.1/nimbus-jose-jwt-4.41.1.jar:/home/user/.m2/repository/com/github/stephenc/jcip/jcip-annotations/1.0-1/jcip-annotations-1.0-1.jar:/home/user/.m2/repository/net/minidev/json-smart/2.3/json-smart-2.3.jar:/home/user/.m2/repository/net/minidev/accessors-smart/1.2/accessors-smart-1.2.jar:/home/user/.m2/repository/org/ow2/asm/asm/5.0.4/asm-5.0.4.jar:/home/user/.m2/repository/org/apache/curator/curator-framework/2.12.0/curator-framework-2.12.0.jar:/home/user/.m2/repository/com/sun/jersey/jersey-core/1.19/jersey-core-1.19.jar:/home/user/.m2/repository/javax/ws/rs/jsr311-api/1.1.1/jsr311-api-1.1.1.jar:/home/user/.m2/repository/com/sun/jersey/jersey-server/1.19/jersey-server-1.19.jar:/home/user/.m2/repository/javax/servlet/javax.servlet-api/3.1.0/javax.servlet-api-3.1.0.jar:/home/user/.m2/repository/org/eclipse/jetty/jetty-server/9.3.25.v20180904/jetty-server-9.3.25.v20180904.jar:/home/user/.m2/repository/org/eclipse/jetty/jetty-http/9.3.25.v20180904/jetty-http-9.3.25.v20180904.jar:/home/user/.m2/repository/org/eclipse/jetty/jetty-io/9.3.25.v20180904/jetty-io-9.3.25.v20180904.jar:/home/user/.m2/repository/org/eclipse/jetty/jetty-webapp/9.3.25.v20180904/jetty-webapp-9.3.25.v20180904.jar:/home/user/.m2/repository/org/eclipse/jetty/jetty-xml/9.3.25.v20180904/jetty-xml-9.3.25.v20180904.jar:/home/user/.m2/repository/log4j/log4j/1.2.17/log4j-1.2.17.jar:/home/user/.m2/repository/org/slf4j/slf4j-api/1.7.25/slf4j-api-1.7.25.jar:/home/user/.m2/repository/org/slf4j/jul-to-slf4j/1.7.25/jul-to-slf4j-1.7.25.jar:/home/user/.m2/repository/org/eclipse/jetty/jetty-util/9.3.25.v20180904/jetty-util-9.3.25.v20180904.jar:/home/user/.m2/repository/com/fasterxml/jackson/core/jackson-databind/2.9.9/jackson-databind-2.9.9.jar:/home/user/.m2/repository/org/apache/hadoop/hadoop-kms/3.2.0/hadoop-kms-3.2.0-tests.jar:/home/user/.m2/repository/org/apache/hadoop/hadoop-hdds-server-scm/0.5.0-SNAPSHOT/hadoop-hdds-server-scm-0.5.0-SNAPSHOT-tests.jar:/home/user/.m2/repository/org/apache/hadoop/hadoop-hdds-container-service/0.5.0-SNAPSHOT/hadoop-hdds-container-service-0.5.0-SNAPSHOT-tests.jar:/home/user/.m2/repository/org/yaml/snakeyaml/1.16/snakeyaml-1.16.jar:/home/user/.m2/repository/org/apache/hadoop/hadoop-common/3.2.0/hadoop-common-3.2.0-tests.jar:/home/user/.m2/repository/org/apache/hadoop/hadoop-annotations/3.2.0/hadoop-annotations-3.2.0.jar:/usr/lib/jvm/java-1.8.0-openjdk-1.8.0.222.b10-1.el7_7.x86_64/jre/../lib/tools.jar:/home/user/.m2/repository/commons-cli/commons-cli/1.2/commons-cli-1.2.jar:/home/user/.m2/repository/org/apache/httpcomponents/httpclient/4.5.2/httpclient-4.5.2.jar:/home/user/.m2/repository/org/apache/httpcomponents/httpcore/4.4.4/httpcore-4.4.4.jar:/home/user/.m2/repository/commons-codec/commons-codec/1.11/commons-codec-1.11.jar:/home/user/.m2/repository/commons-net/commons-net/3.6/commons-net-3.6.jar:/home/user/.m2/repository/commons-collections/commons-collections/3.2.2/commons-collections-3.2.2.jar:/home/user/.m2/repository/org/eclipse/jetty/jetty-servlet/9.3.25.v20180904/jetty-servlet-9.3.25.v20180904.jar:/home/user/.m2/repository/org/eclipse/jetty/jetty-security/9.3.25.v20180904/jetty-security-9.3.25.v20180904.jar:/home/user/.m2/repository/javax/servlet/jsp/jsp-api/2.1/jsp-api-2.1.jar:/home/user/.m2/repository/com/sun/jersey/jersey-servlet/1.19/jersey-servlet-1.19.jar:/home/user/.m2/repository/com/sun/jersey/jersey-json/1.19/jersey-json-1.19.jar:/home/user/.m2/repository/org/codehaus/jettison/jettison/1.1/jettison-1.1.jar:/home/user/.m2/repository/org/codehaus/jackson/jackson-core-asl/1.9.13/jackson-core-asl-1.9.13.jar:/home/user/.m2/repository/org/codehaus/jackson/jackson-mapper-asl/1.9.13/jackson-mapper-asl-1.9.13.jar:/home/user/.m2/repository/org/codehaus/jackson/jackson-jaxrs/1.9.13/jackson-jaxrs-1.9.13.jar:/home/user/.m2/repository/org/codehaus/jackson/jackson-xc/1.9.13/jackson-xc-1.9.13.jar:/home/user/.m2/repository/commons-logging/commons-logging/1.1.3/commons-logging-1.1.3.jar:/home/user/.m2/repository/commons-beanutils/commons-beanutils/1.9.4/commons-beanutils-1.9.4.jar:/home/user/.m2/repository/org/apache/commons/commons-configuration2/2.1.1/commons-configuration2-2.1.1.jar:/home/user/.m2/repository/org/apache/commons/commons-lang3/3.7/commons-lang3-3.7.jar:/home/user/.m2/repository/org/apache/commons/commons-text/1.4/commons-text-1.4.jar:/home/user/.m2/repository/org/apache/avro/avro/1.7.7/avro-1.7.7.jar:/home/user/.m2/repository/com/thoughtworks/paranamer/paranamer/2.3/paranamer-2.3.jar:/home/user/.m2/repository/org/xerial/snappy/snappy-java/1.0.5/snappy-java-1.0.5.jar:/home/user/.m2/repository/com/google/re2j/re2j/1.1/re2j-1.1.jar:/home/user/.m2/repository/com/google/code/gson/gson/2.2.4/gson-2.2.4.jar:/home/user/.m2/repository/com/jcraft/jsch/0.1.54/jsch-0.1.54.jar:/home/user/.m2/repository/org/apache/curator/curator-client/2.12.0/curator-client-2.12.0.jar:/home/user/.m2/repository/org/apache/curator/curator-recipes/2.12.0/curator-recipes-2.12.0.jar:/home/user/.m2/repository/com/google/code/findbugs/jsr305/3.0.0/jsr305-3.0.0.jar:/home/user/.m2/repository/org/apache/htrace/htrace-core4/4.1.0-incubating/htrace-core4-4.1.0-incubating.jar:/home/user/.m2/repository/org/apache/zookeeper/zookeeper/3.4.13/zookeeper-3.4.13.jar:/home/user/.m2/repository/jline/jline/0.9.94/jline-0.9.94.jar:/home/user/.m2/repository/org/apache/yetus/audience-annotations/0.5.0/audience-annotations-0.5.0.jar:/home/user/.m2/repository/org/codehaus/woodstox/stax2-api/3.1.4/stax2-api-3.1.4.jar:/home/user/.m2/repository/com/fasterxml/woodstox/woodstox-core/5.0.3/woodstox-core-5.0.3.jar:/home/user/.m2/repository/dnsjava/dnsjava/2.1.7/dnsjava-2.1.7.jar:/home/user/.m2/repository/org/apache/hadoop/hadoop-hdfs/3.2.0/hadoop-hdfs-3.2.0-tests.jar:/home/user/.m2/repository/org/eclipse/jetty/jetty-util-ajax/9.3.25.v20180904/jetty-util-ajax-9.3.25.v20180904.jar:/home/user/.m2/repository/commons-daemon/commons-daemon/1.0.13/commons-daemon-1.0.13.jar:/home/user/.m2/repository/io/netty/netty/3.10.5.Final/netty-3.10.5.Final.jar:/home/user/.m2/repository/io/netty/netty-all/4.0.52.Final/netty-all-4.0.52.Final.jar:/home/user/.m2/repository/org/fusesource/leveldbjni/leveldbjni-all/1.8/leveldbjni-all-1.8.jar:"/>
    <property name="sun.cpu.endian" value="little"/>
    <property name="user.home" value="/home/user"/>
    <property name="user.language" value="en"/>
    <property name="java.specification.vendor" value="Oracle Corporation"/>
    <property name="java.home" value="/usr/lib/jvm/java-1.8.0-openjdk-1.8.0.222.b10-1.el7_7.x86_64/jre"/>
    <property name="surefire.excludesFile" value="/tools/ozone-bad-unit-tests"/>
    <property name="java.security.krb5.conf" value="/workdir/hadoop-ozone/integration-test/target/test-classes/krb5.conf"/>
    <property name="basedir" value="/workdir/hadoop-ozone/integration-test"/>
    <property name="file.separator" value="/"/>
    <property name="line.separator" value="&#10;"/>
    <property name="java.vm.specification.vendor" value="Oracle Corporation"/>
    <property name="java.specification.name" value="Java Platform API Specification"/>
    <property name="java.awt.graphicsenv" value="sun.awt.X11GraphicsEnvironment"/>
    <property name="surefire.real.class.path" value="/workdir/hadoop-ozone/integration-test/target/surefire/surefirebooter6216875790283122482.jar"/>
    <property name="hadoop.log.dir" value="/workdir/hadoop-ozone/integration-test/target/log"/>
    <property name="sun.boot.class.path" value="/usr/lib/jvm/java-1.8.0-openjdk-1.8.0.222.b10-1.el7_7.x86_64/jre/lib/resources.jar:/usr/lib/jvm/java-1.8.0-openjdk-1.8.0.222.b10-1.el7_7.x86_64/jre/lib/rt.jar:/usr/lib/jvm/java-1.8.0-openjdk-1.8.0.222.b10-1.el7_7.x86_64/jre/lib/sunrsasign.jar:/usr/lib/jvm/java-1.8.0-openjdk-1.8.0.222.b10-1.el7_7.x86_64/jre/lib/jsse.jar:/usr/lib/jvm/java-1.8.0-openjdk-1.8.0.222.b10-1.el7_7.x86_64/jre/lib/jce.jar:/usr/lib/jvm/java-1.8.0-openjdk-1.8.0.222.b10-1.el7_7.x86_64/jre/lib/charsets.jar:/usr/lib/jvm/java-1.8.0-openjdk-1.8.0.222.b10-1.el7_7.x86_64/jre/lib/jfr.jar:/usr/lib/jvm/java-1.8.0-openjdk-1.8.0.222.b10-1.el7_7.x86_64/jre/classes"/>
    <property name="sun.management.compiler" value="HotSpot 64-Bit Tiered Compilers"/>
    <property name="java.runtime.version" value="1.8.0_222-b10"/>
    <property name="java.net.preferIPv4Stack" value="true"/>
    <property name="user.name" value="jenkins1000"/>
    <property name="path.separator" value=":"/>
    <property name="java.security.egd" value="file:///dev/urandom"/>
    <property name="os.version" value="3.10.0-957.12.2.el7.x86_64"/>
    <property name="java.endorsed.dirs" value="/usr/lib/jvm/java-1.8.0-openjdk-1.8.0.222.b10-1.el7_7.x86_64/jre/lib/endorsed"/>
    <property name="java.runtime.name" value="OpenJDK Runtime Environment"/>
    <property name="file.encoding" value="ANSI_X3.4-1968"/>
    <property name="java.vm.name" value="OpenJDK 64-Bit Server VM"/>
    <property name="test.build.webapps" value=""/>
    <property name="localRepository" value="/home/user/.m2/repository"/>
    <property name="java.vendor.url.bug" value="http://bugreport.sun.com/bugreport/"/>
    <property name="java.io.tmpdir" value="/tmp"/>
    <property name="require.test.libhadoop" value=""/>
    <property name="java.version" value="1.8.0_222"/>
    <property name="user.dir" value="/workdir/hadoop-ozone/integration-test"/>
    <property name="os.arch" value="amd64"/>
    <property name="java.vm.specification.name" value="Java Virtual Machine Specification"/>
    <property name="test.build.classes" value="/workdir/hadoop-ozone/integration-test/target/test-classes"/>
    <property name="java.awt.printerjob" value="sun.print.PSPrinterJob"/>
    <property name="sun.os.patch.level" value="unknown"/>
    <property name="hadoop.tmp.dir" value="/workdir/hadoop-ozone/integration-test/target/tmp"/>
    <property name="java.library.path" value="/usr/lib:/workdir/hadoop-ozone/integration-test/target/native/target/usr/local/lib:/workdir/hadoop-ozone/integration-test/../../hadoop-common-project/hadoop-common/target/native/target/usr/local/lib:/usr/java/packages/lib/amd64:/usr/lib64:/lib64:/lib:/usr/lib"/>
    <property name="java.vm.info" value="mixed mode"/>
    <property name="java.vendor" value="Oracle Corporation"/>
    <property name="java.vm.version" value="25.222-b10"/>
    <property name="java.ext.dirs" value="/usr/lib/jvm/java-1.8.0-openjdk-1.8.0.222.b10-1.el7_7.x86_64/jre/lib/ext:/usr/java/packages/lib/ext"/>
    <property name="sun.io.unicode.encoding" value="UnicodeLittle"/>
    <property name="java.class.version" value="52.0"/>
  </properties>
  <testcase name="testDeleteKeyWithSlowFollower" classname="org.apache.hadoop.ozone.client.rpc.TestDeleteWithSlowFollower" time="117.244">
    <failure type="java.lang.AssertionError">java.lang.AssertionError
	at org.junit.Assert.fail(Assert.java:86)
	at org.junit.Assert.assertTrue(Assert.java:41)
	at org.junit.Assert.assertTrue(Assert.java:52)
	at org.apache.hadoop.ozone.client.rpc.TestDeleteWithSlowFollower.testDeleteKeyWithSlowFollower(TestDeleteWithSlowFollower.java:265)
	at sun.reflect.NativeMethodAccessorImpl.invoke0(Native Method)
	at sun.reflect.NativeMethodAccessorImpl.invoke(NativeMethodAccessorImpl.java:62)
	at sun.reflect.DelegatingMethodAccessorImpl.invoke(DelegatingMethodAccessorImpl.java:43)
	at java.lang.reflect.Method.invoke(Method.java:498)
	at org.junit.runners.model.FrameworkMethod$1.runReflectiveCall(FrameworkMethod.java:47)
	at org.junit.internal.runners.model.ReflectiveCallable.run(ReflectiveCallable.java:12)
	at org.junit.runners.model.FrameworkMethod.invokeExplosively(FrameworkMethod.java:44)
	at org.junit.internal.runners.statements.InvokeMethod.evaluate(InvokeMethod.java:17)
	at org.junit.runners.ParentRunner.runLeaf(ParentRunner.java:271)
	at org.junit.runners.BlockJUnit4ClassRunner.runChild(BlockJUnit4ClassRunner.java:70)
	at org.junit.runners.BlockJUnit4ClassRunner.runChild(BlockJUnit4ClassRunner.java:50)
	at org.junit.runners.ParentRunner$3.run(ParentRunner.java:238)
	at org.junit.runners.ParentRunner$1.schedule(ParentRunner.java:63)
	at org.junit.runners.ParentRunner.runChildren(ParentRunner.java:236)
	at org.junit.runners.ParentRunner.access$000(ParentRunner.java:53)
	at org.junit.runners.ParentRunner$2.evaluate(ParentRunner.java:229)
	at org.junit.internal.runners.statements.RunBefores.evaluate(RunBefores.java:26)
	at org.junit.internal.runners.statements.RunAfters.evaluate(RunAfters.java:27)
	at org.junit.runners.ParentRunner.run(ParentRunner.java:309)
	at org.apache.maven.surefire.junit4.JUnit4Provider.execute(JUnit4Provider.java:365)
	at org.apache.maven.surefire.junit4.JUnit4Provider.executeWithRerun(JUnit4Provider.java:273)
	at org.apache.maven.surefire.junit4.JUnit4Provider.executeTestSet(JUnit4Provider.java:238)
	at org.apache.maven.surefire.junit4.JUnit4Provider.invoke(JUnit4Provider.java:159)
	at org.apache.maven.surefire.booter.ForkedBooter.invokeProviderInSameClassLoader(ForkedBooter.java:384)
	at org.apache.maven.surefire.booter.ForkedBooter.runSuitesInProcess(ForkedBooter.java:345)
	at org.apache.maven.surefire.booter.ForkedBooter.execute(ForkedBooter.java:126)
	at org.apache.maven.surefire.booter.ForkedBooter.main(ForkedBooter.java:418)
</failure>
    <system-out><![CDATA[2019-10-24 14:28:33,113 [main] WARN  server.ServerUtils (ServerUtils.java:getScmDbDir(145)) - ozone.scm.db.dirs is not configured. We recommend adding this setting. Falling back to ozone.metadata.dirs instead.
2019-10-24 14:28:33,258 [main] WARN  server.ServerUtils (ServerUtils.java:getScmDbDir(145)) - ozone.scm.db.dirs is not configured. We recommend adding this setting. Falling back to ozone.metadata.dirs instead.
2019-10-24 14:28:33,261 [main] WARN  server.ServerUtils (ServerUtils.java:getScmDbDir(145)) - ozone.scm.db.dirs is not configured. We recommend adding this setting. Falling back to ozone.metadata.dirs instead.
2019-10-24 14:28:33,291 [main] INFO  util.log (Log.java:initialized(192)) - Logging initialized @885ms
2019-10-24 14:28:33,388 [main] INFO  db.DBStoreBuilder (DBStoreBuilder.java:addTable(127)) - using custom profile for table: deletedBlocks
2019-10-24 14:28:33,388 [main] INFO  db.DBStoreBuilder (DBStoreBuilder.java:processTables(183)) - Using default column profile:DBProfile.DISK for Table:deletedBlocks
2019-10-24 14:28:33,389 [main] INFO  db.DBStoreBuilder (DBStoreBuilder.java:addTable(127)) - using custom profile for table: validCerts
2019-10-24 14:28:33,389 [main] INFO  db.DBStoreBuilder (DBStoreBuilder.java:processTables(183)) - Using default column profile:DBProfile.DISK for Table:validCerts
2019-10-24 14:28:33,389 [main] INFO  db.DBStoreBuilder (DBStoreBuilder.java:addTable(127)) - using custom profile for table: revokedCerts
2019-10-24 14:28:33,390 [main] INFO  db.DBStoreBuilder (DBStoreBuilder.java:processTables(183)) - Using default column profile:DBProfile.DISK for Table:revokedCerts
2019-10-24 14:28:33,401 [main] INFO  db.DBStoreBuilder (DBStoreBuilder.java:addTable(127)) - using custom profile for table: default
2019-10-24 14:28:33,401 [main] INFO  db.DBStoreBuilder (DBStoreBuilder.java:processTables(189)) - Using default column profile:DBProfile.DISK for Table:default
2019-10-24 14:28:33,402 [main] INFO  db.DBStoreBuilder (DBStoreBuilder.java:getDbProfile(220)) - Using default options. DBProfile.DISK
2019-10-24 14:28:33,708 [main] INFO  net.NodeSchemaLoader (NodeSchemaLoader.java:loadSchemaFromFile(125)) - Loading file from sun.misc.CompoundEnumeration@78691363
2019-10-24 14:28:33,709 [main] INFO  net.NodeSchemaLoader (NodeSchemaLoader.java:loadSchema(171)) - Loading network topology layer schema file
2019-10-24 14:28:33,765 [main] WARN  server.ServerUtils (ServerUtils.java:sanitizeUserArgs(70)) - ozone.scm.stale.node.interval value = 1000000 is larger than max = 100000 based on the key value of ozone.scm.heartbeat.thread.interval, reset to the max value 100000.
2019-10-24 14:28:33,767 [main] WARN  server.ServerUtils (ServerUtils.java:sanitizeUserArgs(70)) - ozone.scm.stale.node.interval value = 1000000 is larger than max = 100000 based on the key value of ozone.scm.heartbeat.thread.interval, reset to the max value 100000.
2019-10-24 14:28:33,769 [main] INFO  node.SCMNodeManager (SCMNodeManager.java:<init>(116)) - Entering startup safe mode.
2019-10-24 14:28:33,829 [main] INFO  algorithms.ContainerPlacementPolicyFactory (ContainerPlacementPolicyFactory.java:getPolicy(57)) - Create container placement policy of type org.apache.hadoop.hdds.scm.container.placement.algorithms.SCMContainerPlacementRandom
2019-10-24 14:28:33,842 [main] WARN  server.ServerUtils (ServerUtils.java:getScmDbDir(145)) - ozone.scm.db.dirs is not configured. We recommend adding this setting. Falling back to ozone.metadata.dirs instead.
2019-10-24 14:28:33,945 [main] INFO  pipeline.SCMPipelineManager (SCMPipelineManager.java:initializePipelineState(132)) - No pipeline exists in current db
2019-10-24 14:28:33,949 [main] WARN  server.ServerUtils (ServerUtils.java:getScmDbDir(145)) - ozone.scm.db.dirs is not configured. We recommend adding this setting. Falling back to ozone.metadata.dirs instead.
2019-10-24 14:28:34,101 [main] WARN  events.EventQueue (EventQueue.java:fireEvent(183)) - No event handler registered for event TypedEvent{payloadType=SafeModeStatus, name='SafeModeStatus'}
2019-10-24 14:28:34,434 [main] INFO  ipc.CallQueueManager (CallQueueManager.java:<init>(84)) - Using callQueue: class java.util.concurrent.LinkedBlockingQueue, queueCapacity: 2000, scheduler: class org.apache.hadoop.ipc.DefaultRpcScheduler, ipcBackoff: false.
2019-10-24 14:28:34,557 [Socket Reader #1 for port 37369] INFO  ipc.Server (Server.java:run(1074)) - Starting Socket Reader #1 for port 37369
2019-10-24 14:28:34,596 [main] INFO  ipc.CallQueueManager (CallQueueManager.java:<init>(84)) - Using callQueue: class java.util.concurrent.LinkedBlockingQueue, queueCapacity: 2000, scheduler: class org.apache.hadoop.ipc.DefaultRpcScheduler, ipcBackoff: false.
2019-10-24 14:28:34,598 [Socket Reader #1 for port 39024] INFO  ipc.Server (Server.java:run(1074)) - Starting Socket Reader #1 for port 39024
2019-10-24 14:28:34,608 [main] INFO  ipc.CallQueueManager (CallQueueManager.java:<init>(84)) - Using callQueue: class java.util.concurrent.LinkedBlockingQueue, queueCapacity: 2000, scheduler: class org.apache.hadoop.ipc.DefaultRpcScheduler, ipcBackoff: false.
2019-10-24 14:28:34,610 [Socket Reader #1 for port 34446] INFO  ipc.Server (Server.java:run(1074)) - Starting Socket Reader #1 for port 34446
2019-10-24 14:28:34,637 [main] INFO  hdfs.DFSUtil (DFSUtil.java:httpServerTemplateForNNAndJN(1641)) - Starting Web-server for scm at: http://0.0.0.0:0
2019-10-24 14:28:34,796 [main] INFO  server.AuthenticationFilter (AuthenticationFilter.java:constructSecretProvider(240)) - Unable to initialize FileSignerSecretProvider, falling back to use random secrets.
2019-10-24 14:28:34,803 [main] WARN  http.HttpRequestLog (HttpRequestLog.java:getRequestLog(97)) - Jetty request log can only be enabled using Log4j
2019-10-24 14:28:34,811 [main] INFO  http.HttpServer2 (HttpServer2.java:addGlobalFilter(975)) - Added global filter 'safety' (class=org.apache.hadoop.http.HttpServer2$QuotingInputFilter)
2019-10-24 14:28:34,816 [main] INFO  http.HttpServer2 (HttpServer2.java:addFilter(948)) - Added filter static_user_filter (class=org.apache.hadoop.http.lib.StaticUserWebFilter$StaticUserFilter) to context scm
2019-10-24 14:28:34,816 [main] INFO  http.HttpServer2 (HttpServer2.java:addFilter(958)) - Added filter static_user_filter (class=org.apache.hadoop.http.lib.StaticUserWebFilter$StaticUserFilter) to context static
2019-10-24 14:28:34,816 [main] INFO  http.HttpServer2 (HttpServer2.java:addFilter(958)) - Added filter static_user_filter (class=org.apache.hadoop.http.lib.StaticUserWebFilter$StaticUserFilter) to context logs
2019-10-24 14:28:34,861 [main] INFO  server.StorageContainerManager (StorageContainerManager.java:start(772)) - StorageContainerLocationProtocol RPC server is listening at /0.0.0.0:34446
2019-10-24 14:28:34,929 [main] WARN  impl.MetricsConfig (MetricsConfig.java:loadFirst(134)) - Cannot locate configuration: tried hadoop-metrics2-storagecontainermanager.properties,hadoop-metrics2.properties
2019-10-24 14:28:34,942 [main] INFO  impl.MetricsSystemImpl (MetricsSystemImpl.java:startTimer(374)) - Scheduled Metric snapshot period at 10 second(s).
2019-10-24 14:28:34,942 [main] INFO  impl.MetricsSystemImpl (MetricsSystemImpl.java:start(191)) - StorageContainerManager metrics system started
2019-10-24 14:28:35,158 [main] INFO  server.SCMClientProtocolServer (SCMClientProtocolServer.java:start(159)) - RPC server for Client  is listening at /0.0.0.0:34446
2019-10-24 14:28:35,158 [IPC Server Responder] INFO  ipc.Server (Server.java:run(1314)) - IPC Server Responder: starting
2019-10-24 14:28:35,158 [IPC Server listener on 34446] INFO  ipc.Server (Server.java:run(1153)) - IPC Server listener on 34446: starting
2019-10-24 14:28:35,162 [main] INFO  server.StorageContainerManager (StorageContainerManager.java:start(782)) - ScmBlockLocationProtocol RPC server is listening at /0.0.0.0:39024
2019-10-24 14:28:35,162 [main] INFO  server.SCMBlockProtocolServer (SCMBlockProtocolServer.java:start(146)) - RPC server for Block Protocol is listening at /0.0.0.0:39024
2019-10-24 14:28:35,163 [IPC Server Responder] INFO  ipc.Server (Server.java:run(1314)) - IPC Server Responder: starting
2019-10-24 14:28:35,163 [IPC Server listener on 39024] INFO  ipc.Server (Server.java:run(1153)) - IPC Server listener on 39024: starting
2019-10-24 14:28:35,166 [main] INFO  server.StorageContainerManager (StorageContainerManager.java:start(786)) - ScmDatanodeProtocl RPC server is listening at /0.0.0.0:37369
2019-10-24 14:28:35,166 [main] INFO  server.SCMDatanodeProtocolServer (SCMDatanodeProtocolServer.java:start(169)) - RPC server for DataNodes is listening at /0.0.0.0:37369
2019-10-24 14:28:35,167 [IPC Server Responder] INFO  ipc.Server (Server.java:run(1314)) - IPC Server Responder: starting
2019-10-24 14:28:35,167 [IPC Server listener on 37369] INFO  ipc.Server (Server.java:run(1153)) - IPC Server listener on 37369: starting
2019-10-24 14:28:35,171 [main] INFO  http.HttpServer2 (HttpServer2.java:bindListener(1191)) - Jetty bound to port 39491
2019-10-24 14:28:35,172 [main] INFO  server.Server (Server.java:doStart(351)) - jetty-9.3.25.v20180904, build timestamp: 2018-09-04T21:11:46Z, git hash: 3ce520221d0240229c862b122d2b06c12a625732
2019-10-24 14:28:35,210 [main] INFO  handler.ContextHandler (ContextHandler.java:doStart(781)) - Started o.e.j.s.ServletContextHandler@2f48b3d2{/logs,file:///workdir/hadoop-ozone/integration-test/target/log,AVAILABLE}
2019-10-24 14:28:35,210 [main] INFO  handler.ContextHandler (ContextHandler.java:doStart(781)) - Started o.e.j.s.ServletContextHandler@753432a2{/static,file:///workdir/hadoop-ozone/integration-test/target/test-classes/webapps/static,AVAILABLE}
2019-10-24 14:28:35,243 [main] INFO  handler.ContextHandler (ContextHandler.java:doStart(781)) - Started o.e.j.w.WebAppContext@23a9ba52{/,file:///workdir/hadoop-ozone/integration-test/target/test-classes/webapps/scm/,AVAILABLE}{/scm}
2019-10-24 14:28:35,248 [main] INFO  server.AbstractConnector (AbstractConnector.java:doStart(278)) - Started ServerConnector@7927bd9f{HTTP/1.1,[http/1.1]}{0.0.0.0:39491}
2019-10-24 14:28:35,249 [main] INFO  server.Server (Server.java:doStart(419)) - Started @2842ms
2019-10-24 14:28:35,251 [main] INFO  impl.MetricsSinkAdapter (MetricsSinkAdapter.java:start(204)) - Sink prometheus started
2019-10-24 14:28:35,251 [main] INFO  impl.MetricsSystemImpl (MetricsSystemImpl.java:registerSink(301)) - Registered sink prometheus
2019-10-24 14:28:35,253 [main] INFO  server.BaseHttpServer (BaseHttpServer.java:updateConnectorAddress(215)) - HTTP server of SCM is listening at http://0.0.0.0:39491
2019-10-24 14:28:35,260 [org.apache.hadoop.util.JvmPauseMonitor$Monitor@3d3f761a] INFO  util.JvmPauseMonitor (JvmPauseMonitor.java:run(188)) - Starting JVM pause monitor
2019-10-24 14:28:35,265 [main] WARN  server.ServerUtils (ServerUtils.java:getDBPath(222)) - ozone.om.db.dirs is not configured. We recommend adding this setting. Falling back to ozone.metadata.dirs instead.
2019-10-24 14:28:35,383 [main] INFO  ha.OMHANodeDetails (OMHANodeDetails.java:loadOMHAConfig(190)) - Configuration either no ozone.om.address set. Falling back to the default OM address /127.0.0.1:0
2019-10-24 14:28:35,384 [main] INFO  ha.OMHANodeDetails (OMHANodeDetails.java:getOMNodeDetails(220)) - OM Service ID is not set. Setting it to the default ID: omServiceIdDefault
2019-10-24 14:28:35,386 [main] WARN  server.ServerUtils (ServerUtils.java:getDBPath(222)) - ozone.om.db.dirs is not configured. We recommend adding this setting. Falling back to ozone.metadata.dirs instead.
2019-10-24 14:28:35,386 [main] WARN  server.ServerUtils (ServerUtils.java:getDBPath(222)) - ozone.om.db.dirs is not configured. We recommend adding this setting. Falling back to ozone.metadata.dirs instead.
2019-10-24 14:28:36,061 [main] WARN  server.ServerUtils (ServerUtils.java:getDBPath(222)) - ozone.om.db.dirs is not configured. We recommend adding this setting. Falling back to ozone.metadata.dirs instead.
2019-10-24 14:28:36,069 [main] INFO  db.DBStoreBuilder (DBStoreBuilder.java:addTable(127)) - using custom profile for table: userTable
2019-10-24 14:28:36,069 [main] INFO  db.DBStoreBuilder (DBStoreBuilder.java:processTables(183)) - Using default column profile:DBProfile.DISK for Table:userTable
2019-10-24 14:28:36,070 [main] INFO  db.DBStoreBuilder (DBStoreBuilder.java:addTable(127)) - using custom profile for table: volumeTable
2019-10-24 14:28:36,070 [main] INFO  db.DBStoreBuilder (DBStoreBuilder.java:processTables(183)) - Using default column profile:DBProfile.DISK for Table:volumeTable
2019-10-24 14:28:36,071 [main] INFO  db.DBStoreBuilder (DBStoreBuilder.java:addTable(127)) - using custom profile for table: bucketTable
2019-10-24 14:28:36,071 [main] INFO  db.DBStoreBuilder (DBStoreBuilder.java:processTables(183)) - Using default column profile:DBProfile.DISK for Table:bucketTable
2019-10-24 14:28:36,072 [main] INFO  db.DBStoreBuilder (DBStoreBuilder.java:addTable(127)) - using custom profile for table: keyTable
2019-10-24 14:28:36,072 [main] INFO  db.DBStoreBuilder (DBStoreBuilder.java:processTables(183)) - Using default column profile:DBProfile.DISK for Table:keyTable
2019-10-24 14:28:36,073 [main] INFO  db.DBStoreBuilder (DBStoreBuilder.java:addTable(127)) - using custom profile for table: deletedTable
2019-10-24 14:28:36,073 [main] INFO  db.DBStoreBuilder (DBStoreBuilder.java:processTables(183)) - Using default column profile:DBProfile.DISK for Table:deletedTable
2019-10-24 14:28:36,074 [main] INFO  db.DBStoreBuilder (DBStoreBuilder.java:addTable(127)) - using custom profile for table: openKeyTable
2019-10-24 14:28:36,074 [main] INFO  db.DBStoreBuilder (DBStoreBuilder.java:processTables(183)) - Using default column profile:DBProfile.DISK for Table:openKeyTable
2019-10-24 14:28:36,074 [main] INFO  db.DBStoreBuilder (DBStoreBuilder.java:addTable(127)) - using custom profile for table: s3Table
2019-10-24 14:28:36,075 [main] INFO  db.DBStoreBuilder (DBStoreBuilder.java:processTables(183)) - Using default column profile:DBProfile.DISK for Table:s3Table
2019-10-24 14:28:36,075 [main] INFO  db.DBStoreBuilder (DBStoreBuilder.java:addTable(127)) - using custom profile for table: multipartInfoTable
2019-10-24 14:28:36,076 [main] INFO  db.DBStoreBuilder (DBStoreBuilder.java:processTables(183)) - Using default column profile:DBProfile.DISK for Table:multipartInfoTable
2019-10-24 14:28:36,076 [main] INFO  db.DBStoreBuilder (DBStoreBuilder.java:addTable(127)) - using custom profile for table: dTokenTable
2019-10-24 14:28:36,076 [main] INFO  db.DBStoreBuilder (DBStoreBuilder.java:processTables(183)) - Using default column profile:DBProfile.DISK for Table:dTokenTable
2019-10-24 14:28:36,077 [main] INFO  db.DBStoreBuilder (DBStoreBuilder.java:addTable(127)) - using custom profile for table: s3SecretTable
2019-10-24 14:28:36,077 [main] INFO  db.DBStoreBuilder (DBStoreBuilder.java:processTables(183)) - Using default column profile:DBProfile.DISK for Table:s3SecretTable
2019-10-24 14:28:36,078 [main] INFO  db.DBStoreBuilder (DBStoreBuilder.java:addTable(127)) - using custom profile for table: prefixTable
2019-10-24 14:28:36,078 [main] INFO  db.DBStoreBuilder (DBStoreBuilder.java:processTables(183)) - Using default column profile:DBProfile.DISK for Table:prefixTable
2019-10-24 14:28:36,079 [main] INFO  db.DBStoreBuilder (DBStoreBuilder.java:addTable(127)) - using custom profile for table: default
2019-10-24 14:28:36,079 [main] INFO  db.DBStoreBuilder (DBStoreBuilder.java:processTables(189)) - Using default column profile:DBProfile.DISK for Table:default
2019-10-24 14:28:36,079 [main] INFO  db.DBStoreBuilder (DBStoreBuilder.java:getDbProfile(220)) - Using default options. DBProfile.DISK
2019-10-24 14:28:36,747 [main] INFO  ipc.CallQueueManager (CallQueueManager.java:<init>(84)) - Using callQueue: class java.util.concurrent.LinkedBlockingQueue, queueCapacity: 2000, scheduler: class org.apache.hadoop.ipc.DefaultRpcScheduler, ipcBackoff: false.
2019-10-24 14:28:36,748 [Socket Reader #1 for port 38066] INFO  ipc.Server (Server.java:run(1074)) - Starting Socket Reader #1 for port 38066
2019-10-24 14:28:36,770 [main] INFO  om.OzoneManager (OzoneManager.java:start(1074)) - OzoneManager RPC server is listening at localhost/127.0.0.1:38066
2019-10-24 14:28:36,770 [main] INFO  impl.MetricsSystemImpl (MetricsSystemImpl.java:init(158)) - OzoneManager metrics system started (again)
2019-10-24 14:28:36,779 [IPC Server Responder] INFO  ipc.Server (Server.java:run(1314)) - IPC Server Responder: starting
2019-10-24 14:28:36,779 [IPC Server listener on 38066] INFO  ipc.Server (Server.java:run(1153)) - IPC Server listener on 38066: starting
2019-10-24 14:28:36,786 [main] INFO  hdfs.DFSUtil (DFSUtil.java:httpServerTemplateForNNAndJN(1641)) - Starting Web-server for ozoneManager at: http://0.0.0.0:0
2019-10-24 14:28:36,789 [main] INFO  server.AuthenticationFilter (AuthenticationFilter.java:constructSecretProvider(240)) - Unable to initialize FileSignerSecretProvider, falling back to use random secrets.
2019-10-24 14:28:36,790 [main] WARN  http.HttpRequestLog (HttpRequestLog.java:getRequestLog(97)) - Jetty request log can only be enabled using Log4j
2019-10-24 14:28:36,794 [main] INFO  http.HttpServer2 (HttpServer2.java:addGlobalFilter(975)) - Added global filter 'safety' (class=org.apache.hadoop.http.HttpServer2$QuotingInputFilter)
2019-10-24 14:28:36,795 [main] INFO  http.HttpServer2 (HttpServer2.java:addFilter(948)) - Added filter static_user_filter (class=org.apache.hadoop.http.lib.StaticUserWebFilter$StaticUserFilter) to context ozoneManager
2019-10-24 14:28:36,796 [main] INFO  http.HttpServer2 (HttpServer2.java:addFilter(958)) - Added filter static_user_filter (class=org.apache.hadoop.http.lib.StaticUserWebFilter$StaticUserFilter) to context logs
2019-10-24 14:28:36,796 [main] INFO  http.HttpServer2 (HttpServer2.java:addFilter(958)) - Added filter static_user_filter (class=org.apache.hadoop.http.lib.StaticUserWebFilter$StaticUserFilter) to context static
2019-10-24 14:28:36,800 [main] INFO  http.HttpServer2 (HttpServer2.java:bindListener(1191)) - Jetty bound to port 45421
2019-10-24 14:28:36,800 [main] INFO  server.Server (Server.java:doStart(351)) - jetty-9.3.25.v20180904, build timestamp: 2018-09-04T21:11:46Z, git hash: 3ce520221d0240229c862b122d2b06c12a625732
2019-10-24 14:28:36,803 [main] INFO  handler.ContextHandler (ContextHandler.java:doStart(781)) - Started o.e.j.s.ServletContextHandler@40ab8a8{/logs,file:///workdir/hadoop-ozone/integration-test/target/log,AVAILABLE}
2019-10-24 14:28:36,805 [main] INFO  handler.ContextHandler (ContextHandler.java:doStart(781)) - Started o.e.j.s.ServletContextHandler@65cc8228{/static,file:///workdir/hadoop-ozone/integration-test/target/test-classes/webapps/static,AVAILABLE}
2019-10-24 14:28:36,825 [main] INFO  handler.ContextHandler (ContextHandler.java:doStart(781)) - Started o.e.j.w.WebAppContext@5d235104{/,file:///workdir/hadoop-ozone/integration-test/target/test-classes/webapps/ozoneManager/,AVAILABLE}{/ozoneManager}
2019-10-24 14:28:36,827 [main] INFO  server.AbstractConnector (AbstractConnector.java:doStart(278)) - Started ServerConnector@4e8e8621{HTTP/1.1,[http/1.1]}{0.0.0.0:45421}
2019-10-24 14:28:36,827 [main] INFO  server.Server (Server.java:doStart(419)) - Started @4421ms
2019-10-24 14:28:36,828 [main] WARN  impl.MetricsSystemImpl (MetricsSystemImpl.java:register(276)) - Sink prometheus already exists!
2019-10-24 14:28:36,829 [main] INFO  server.BaseHttpServer (BaseHttpServer.java:updateConnectorAddress(215)) - HTTP server of OZONEMANAGER is listening at http://0.0.0.0:45421
2019-10-24 14:28:37,129 [main] INFO  impl.MetricsSystemImpl (MetricsSystemImpl.java:init(158)) - HddsDatanode metrics system started (again)
2019-10-24 14:28:37,177 [main] INFO  ozone.HddsDatanodeService (HddsDatanodeService.java:start(184)) - HddsDatanodeService host:pr-hdds-2347-txrx8-1920290359 ip:192.168.69.108
2019-10-24 14:28:37,210 [main] INFO  volume.HddsVolume (HddsVolume.java:<init>(176)) - Creating Volume: /workdir/hadoop-ozone/integration-test/target/test-dir/MiniOzoneClusterImpl-876addf8-037c-4ba7-a652-3bac2fcc9b72/datanode-0/data/containers/hdds of  storage type : DISK and capacity : 1482555576320
2019-10-24 14:28:37,212 [main] INFO  volume.VolumeSet (VolumeSet.java:initializeVolumeSet(170)) - Added Volume : /workdir/hadoop-ozone/integration-test/target/test-dir/MiniOzoneClusterImpl-876addf8-037c-4ba7-a652-3bac2fcc9b72/datanode-0/data/containers/hdds to VolumeSet
2019-10-24 14:28:37,214 [main] INFO  volume.ThrottledAsyncChecker (ThrottledAsyncChecker.java:schedule(141)) - Scheduling a check for /workdir/hadoop-ozone/integration-test/target/test-dir/MiniOzoneClusterImpl-876addf8-037c-4ba7-a652-3bac2fcc9b72/datanode-0/data/containers/hdds
2019-10-24 14:28:37,230 [main] INFO  volume.HddsVolumeChecker (HddsVolumeChecker.java:checkAllVolumes(204)) - Scheduled health check for volume /workdir/hadoop-ozone/integration-test/target/test-dir/MiniOzoneClusterImpl-876addf8-037c-4ba7-a652-3bac2fcc9b72/datanode-0/data/containers/hdds
2019-10-24 14:28:37,337 [main] INFO  impl.RaftServerProxy (ConfUtils.java:logGet(43)) - raft.rpc.type = GRPC (default)
2019-10-24 14:28:37,404 [main] INFO  grpc.GrpcFactory (GrpcFactory.java:checkPooledByteBufAllocatorUseCacheForAllThreads(45)) - PERFORMANCE WARNING: useCacheForAllThreads is true that may cause Netty to create a lot garbage objects and, as a result, trigger GC.
	It is recommended to disable useCacheForAllThreads by setting -Dorg.apache.ratis.thirdparty.io.netty.allocator.useCacheForAllThreads=false in command line.
2019-10-24 14:28:37,412 [main] INFO  grpc.GrpcConfigKeys$Server (ConfUtils.java:logGet(43)) - raft.grpc.server.port = 0 (default)
2019-10-24 14:28:37,414 [main] INFO  server.GrpcService (ConfUtils.java:logGet(43)) - raft.grpc.message.size.max = 33570816 (custom)
2019-10-24 14:28:37,417 [main] INFO  server.RaftServerConfigKeys (ConfUtils.java:logGet(43)) - raft.server.log.appender.buffer.byte-limit = 33554432 (custom)
2019-10-24 14:28:37,418 [main] INFO  server.GrpcService (ConfUtils.java:logGet(43)) - raft.grpc.flow.control.window = 1MB (=1048576) (default)
2019-10-24 14:28:37,419 [main] INFO  server.RaftServerConfigKeys (ConfUtils.java:logGet(43)) - raft.server.rpc.request.timeout = 3000ms (default)
2019-10-24 14:28:37,592 [main] INFO  server.RaftServerConfigKeys (ConfUtils.java:logGet(43)) - raft.server.storage.dir = [/workdir/hadoop-ozone/integration-test/target/test-dir/MiniOzoneClusterImpl-876addf8-037c-4ba7-a652-3bac2fcc9b72/datanode-0/data/ratis] (custom)
2019-10-24 14:28:37,639 [main] INFO  hdfs.DFSUtil (DFSUtil.java:httpServerTemplateForNNAndJN(1641)) - Starting Web-server for hddsDatanode at: http://0.0.0.0:0
2019-10-24 14:28:37,642 [main] INFO  server.AuthenticationFilter (AuthenticationFilter.java:constructSecretProvider(240)) - Unable to initialize FileSignerSecretProvider, falling back to use random secrets.
2019-10-24 14:28:37,643 [main] WARN  http.HttpRequestLog (HttpRequestLog.java:getRequestLog(97)) - Jetty request log can only be enabled using Log4j
2019-10-24 14:28:37,646 [main] INFO  http.HttpServer2 (HttpServer2.java:addGlobalFilter(975)) - Added global filter 'safety' (class=org.apache.hadoop.http.HttpServer2$QuotingInputFilter)
2019-10-24 14:28:37,648 [main] INFO  http.HttpServer2 (HttpServer2.java:addFilter(948)) - Added filter static_user_filter (class=org.apache.hadoop.http.lib.StaticUserWebFilter$StaticUserFilter) to context hddsDatanode
2019-10-24 14:28:37,648 [main] INFO  http.HttpServer2 (HttpServer2.java:addFilter(958)) - Added filter static_user_filter (class=org.apache.hadoop.http.lib.StaticUserWebFilter$StaticUserFilter) to context logs
2019-10-24 14:28:37,649 [main] INFO  http.HttpServer2 (HttpServer2.java:addFilter(958)) - Added filter static_user_filter (class=org.apache.hadoop.http.lib.StaticUserWebFilter$StaticUserFilter) to context static
2019-10-24 14:28:37,652 [main] INFO  http.HttpServer2 (HttpServer2.java:bindListener(1191)) - Jetty bound to port 46560
2019-10-24 14:28:37,652 [main] INFO  server.Server (Server.java:doStart(351)) - jetty-9.3.25.v20180904, build timestamp: 2018-09-04T21:11:46Z, git hash: 3ce520221d0240229c862b122d2b06c12a625732
2019-10-24 14:28:37,657 [main] INFO  handler.ContextHandler (ContextHandler.java:doStart(781)) - Started o.e.j.s.ServletContextHandler@6c008c24{/logs,file:///workdir/hadoop-ozone/integration-test/target/log,AVAILABLE}
2019-10-24 14:28:37,658 [main] INFO  handler.ContextHandler (ContextHandler.java:doStart(781)) - Started o.e.j.s.ServletContextHandler@21079a12{/static,jar:file:/home/user/.m2/repository/org/apache/hadoop/hadoop-hdds-container-service/0.5.0-SNAPSHOT/hadoop-hdds-container-service-0.5.0-SNAPSHOT.jar!/webapps/static,AVAILABLE}
2019-10-24 14:28:37,711 [main] INFO  handler.ContextHandler (ContextHandler.java:doStart(781)) - Started o.e.j.w.WebAppContext@673919a7{/,file:///tmp/jetty-0.0.0.0-46560-hddsDatanode-_-any-4164814730466526502.dir/webapp/,AVAILABLE}{/hddsDatanode}
2019-10-24 14:28:37,712 [main] INFO  server.AbstractConnector (AbstractConnector.java:doStart(278)) - Started ServerConnector@25d93198{HTTP/1.1,[http/1.1]}{0.0.0.0:46560}
2019-10-24 14:28:37,713 [main] INFO  server.Server (Server.java:doStart(419)) - Started @5306ms
2019-10-24 14:28:37,713 [main] WARN  impl.MetricsSystemImpl (MetricsSystemImpl.java:register(276)) - Sink prometheus already exists!
2019-10-24 14:28:37,715 [main] INFO  server.BaseHttpServer (BaseHttpServer.java:updateConnectorAddress(215)) - HTTP server of HDDSDATANODE is listening at http://0.0.0.0:46560
2019-10-24 14:28:37,717 [main] INFO  impl.MetricsSystemImpl (MetricsSystemImpl.java:init(158)) - HddsDatanode metrics system started (again)
2019-10-24 14:28:37,721 [main] INFO  ozone.HddsDatanodeService (HddsDatanodeService.java:start(184)) - HddsDatanodeService host:pr-hdds-2347-txrx8-1920290359 ip:192.168.69.108
2019-10-24 14:28:37,723 [org.apache.hadoop.util.JvmPauseMonitor$Monitor@7833439e] INFO  util.JvmPauseMonitor (JvmPauseMonitor.java:run(188)) - Starting JVM pause monitor
2019-10-24 14:28:37,733 [main] INFO  volume.HddsVolume (HddsVolume.java:<init>(176)) - Creating Volume: /workdir/hadoop-ozone/integration-test/target/test-dir/MiniOzoneClusterImpl-876addf8-037c-4ba7-a652-3bac2fcc9b72/datanode-1/data/containers/hdds of  storage type : DISK and capacity : 1482555576320
2019-10-24 14:28:37,734 [main] INFO  volume.VolumeSet (VolumeSet.java:initializeVolumeSet(170)) - Added Volume : /workdir/hadoop-ozone/integration-test/target/test-dir/MiniOzoneClusterImpl-876addf8-037c-4ba7-a652-3bac2fcc9b72/datanode-1/data/containers/hdds to VolumeSet
2019-10-24 14:28:37,734 [main] INFO  volume.ThrottledAsyncChecker (ThrottledAsyncChecker.java:schedule(141)) - Scheduling a check for /workdir/hadoop-ozone/integration-test/target/test-dir/MiniOzoneClusterImpl-876addf8-037c-4ba7-a652-3bac2fcc9b72/datanode-1/data/containers/hdds
2019-10-24 14:28:37,735 [main] INFO  volume.HddsVolumeChecker (HddsVolumeChecker.java:checkAllVolumes(204)) - Scheduled health check for volume /workdir/hadoop-ozone/integration-test/target/test-dir/MiniOzoneClusterImpl-876addf8-037c-4ba7-a652-3bac2fcc9b72/datanode-1/data/containers/hdds
2019-10-24 14:28:37,773 [main] INFO  impl.RaftServerProxy (ConfUtils.java:logGet(43)) - raft.rpc.type = GRPC (default)
2019-10-24 14:28:37,774 [main] INFO  grpc.GrpcFactory (GrpcFactory.java:checkPooledByteBufAllocatorUseCacheForAllThreads(45)) - PERFORMANCE WARNING: useCacheForAllThreads is true that may cause Netty to create a lot garbage objects and, as a result, trigger GC.
	It is recommended to disable useCacheForAllThreads by setting -Dorg.apache.ratis.thirdparty.io.netty.allocator.useCacheForAllThreads=false in command line.
2019-10-24 14:28:37,775 [main] INFO  grpc.GrpcConfigKeys$Server (ConfUtils.java:logGet(43)) - raft.grpc.server.port = 0 (default)
2019-10-24 14:28:37,775 [main] INFO  server.GrpcService (ConfUtils.java:logGet(43)) - raft.grpc.message.size.max = 33570816 (custom)
2019-10-24 14:28:37,775 [main] INFO  server.RaftServerConfigKeys (ConfUtils.java:logGet(43)) - raft.server.log.appender.buffer.byte-limit = 33554432 (custom)
2019-10-24 14:28:37,776 [main] INFO  server.GrpcService (ConfUtils.java:logGet(43)) - raft.grpc.flow.control.window = 1MB (=1048576) (default)
2019-10-24 14:28:37,776 [main] INFO  server.RaftServerConfigKeys (ConfUtils.java:logGet(43)) - raft.server.rpc.request.timeout = 3000ms (default)
2019-10-24 14:28:37,777 [main] INFO  server.RaftServerConfigKeys (ConfUtils.java:logGet(43)) - raft.server.storage.dir = [/workdir/hadoop-ozone/integration-test/target/test-dir/MiniOzoneClusterImpl-876addf8-037c-4ba7-a652-3bac2fcc9b72/datanode-1/data/ratis] (custom)
2019-10-24 14:28:37,781 [main] INFO  hdfs.DFSUtil (DFSUtil.java:httpServerTemplateForNNAndJN(1641)) - Starting Web-server for hddsDatanode at: http://0.0.0.0:0
2019-10-24 14:28:37,783 [main] INFO  server.AuthenticationFilter (AuthenticationFilter.java:constructSecretProvider(240)) - Unable to initialize FileSignerSecretProvider, falling back to use random secrets.
2019-10-24 14:28:37,785 [main] WARN  http.HttpRequestLog (HttpRequestLog.java:getRequestLog(97)) - Jetty request log can only be enabled using Log4j
2019-10-24 14:28:37,787 [main] INFO  http.HttpServer2 (HttpServer2.java:addGlobalFilter(975)) - Added global filter 'safety' (class=org.apache.hadoop.http.HttpServer2$QuotingInputFilter)
2019-10-24 14:28:37,788 [main] INFO  http.HttpServer2 (HttpServer2.java:addFilter(948)) - Added filter static_user_filter (class=org.apache.hadoop.http.lib.StaticUserWebFilter$StaticUserFilter) to context hddsDatanode
2019-10-24 14:28:37,789 [main] INFO  http.HttpServer2 (HttpServer2.java:addFilter(958)) - Added filter static_user_filter (class=org.apache.hadoop.http.lib.StaticUserWebFilter$StaticUserFilter) to context logs
2019-10-24 14:28:37,789 [main] INFO  http.HttpServer2 (HttpServer2.java:addFilter(958)) - Added filter static_user_filter (class=org.apache.hadoop.http.lib.StaticUserWebFilter$StaticUserFilter) to context static
2019-10-24 14:28:37,790 [main] INFO  http.HttpServer2 (HttpServer2.java:bindListener(1191)) - Jetty bound to port 44666
2019-10-24 14:28:37,790 [main] INFO  server.Server (Server.java:doStart(351)) - jetty-9.3.25.v20180904, build timestamp: 2018-09-04T21:11:46Z, git hash: 3ce520221d0240229c862b122d2b06c12a625732
2019-10-24 14:28:37,795 [main] INFO  handler.ContextHandler (ContextHandler.java:doStart(781)) - Started o.e.j.s.ServletContextHandler@38bb9d7a{/logs,file:///workdir/hadoop-ozone/integration-test/target/log,AVAILABLE}
2019-10-24 14:28:37,795 [main] INFO  handler.ContextHandler (ContextHandler.java:doStart(781)) - Started o.e.j.s.ServletContextHandler@78d6447a{/static,jar:file:/home/user/.m2/repository/org/apache/hadoop/hadoop-hdds-container-service/0.5.0-SNAPSHOT/hadoop-hdds-container-service-0.5.0-SNAPSHOT.jar!/webapps/static,AVAILABLE}
2019-10-24 14:28:37,827 [main] INFO  handler.ContextHandler (ContextHandler.java:doStart(781)) - Started o.e.j.w.WebAppContext@2f37f1f9{/,file:///tmp/jetty-0.0.0.0-44666-hddsDatanode-_-any-3026788042469127934.dir/webapp/,AVAILABLE}{/hddsDatanode}
2019-10-24 14:28:37,828 [main] INFO  server.AbstractConnector (AbstractConnector.java:doStart(278)) - Started ServerConnector@3374b5bc{HTTP/1.1,[http/1.1]}{0.0.0.0:44666}
2019-10-24 14:28:37,829 [main] INFO  server.Server (Server.java:doStart(419)) - Started @5423ms
2019-10-24 14:28:37,829 [main] WARN  impl.MetricsSystemImpl (MetricsSystemImpl.java:register(276)) - Sink prometheus already exists!
2019-10-24 14:28:37,830 [main] INFO  server.BaseHttpServer (BaseHttpServer.java:updateConnectorAddress(215)) - HTTP server of HDDSDATANODE is listening at http://0.0.0.0:44666
2019-10-24 14:28:37,831 [main] INFO  impl.MetricsSystemImpl (MetricsSystemImpl.java:init(158)) - HddsDatanode metrics system started (again)
2019-10-24 14:28:37,834 [main] INFO  ozone.HddsDatanodeService (HddsDatanodeService.java:start(184)) - HddsDatanodeService host:pr-hdds-2347-txrx8-1920290359 ip:192.168.69.108
2019-10-24 14:28:37,834 [org.apache.hadoop.util.JvmPauseMonitor$Monitor@354c0248] INFO  util.JvmPauseMonitor (JvmPauseMonitor.java:run(188)) - Starting JVM pause monitor
2019-10-24 14:28:37,844 [main] INFO  volume.HddsVolume (HddsVolume.java:<init>(176)) - Creating Volume: /workdir/hadoop-ozone/integration-test/target/test-dir/MiniOzoneClusterImpl-876addf8-037c-4ba7-a652-3bac2fcc9b72/datanode-2/data/containers/hdds of  storage type : DISK and capacity : 1482555576320
2019-10-24 14:28:37,845 [main] INFO  volume.VolumeSet (VolumeSet.java:initializeVolumeSet(170)) - Added Volume : /workdir/hadoop-ozone/integration-test/target/test-dir/MiniOzoneClusterImpl-876addf8-037c-4ba7-a652-3bac2fcc9b72/datanode-2/data/containers/hdds to VolumeSet
2019-10-24 14:28:37,845 [main] INFO  volume.ThrottledAsyncChecker (ThrottledAsyncChecker.java:schedule(141)) - Scheduling a check for /workdir/hadoop-ozone/integration-test/target/test-dir/MiniOzoneClusterImpl-876addf8-037c-4ba7-a652-3bac2fcc9b72/datanode-2/data/containers/hdds
2019-10-24 14:28:37,846 [main] INFO  volume.HddsVolumeChecker (HddsVolumeChecker.java:checkAllVolumes(204)) - Scheduled health check for volume /workdir/hadoop-ozone/integration-test/target/test-dir/MiniOzoneClusterImpl-876addf8-037c-4ba7-a652-3bac2fcc9b72/datanode-2/data/containers/hdds
2019-10-24 14:28:37,859 [main] INFO  impl.RaftServerProxy (ConfUtils.java:logGet(43)) - raft.rpc.type = GRPC (default)
2019-10-24 14:28:37,859 [main] INFO  grpc.GrpcFactory (GrpcFactory.java:checkPooledByteBufAllocatorUseCacheForAllThreads(45)) - PERFORMANCE WARNING: useCacheForAllThreads is true that may cause Netty to create a lot garbage objects and, as a result, trigger GC.
	It is recommended to disable useCacheForAllThreads by setting -Dorg.apache.ratis.thirdparty.io.netty.allocator.useCacheForAllThreads=false in command line.
2019-10-24 14:28:37,859 [main] INFO  grpc.GrpcConfigKeys$Server (ConfUtils.java:logGet(43)) - raft.grpc.server.port = 0 (default)
2019-10-24 14:28:37,859 [Datanode State Machine Thread - 0] INFO  datanode.InitDatanodeState (InitDatanodeState.java:persistContainerDatanodeDetails(140)) - DatanodeDetails is persisted to /workdir/hadoop-ozone/integration-test/target/test-dir/MiniOzoneClusterImpl-876addf8-037c-4ba7-a652-3bac2fcc9b72/datanode-0/meta/datanode.id
2019-10-24 14:28:37,859 [main] INFO  server.GrpcService (ConfUtils.java:logGet(43)) - raft.grpc.message.size.max = 33570816 (custom)
2019-10-24 14:28:37,860 [main] INFO  server.RaftServerConfigKeys (ConfUtils.java:logGet(43)) - raft.server.log.appender.buffer.byte-limit = 33554432 (custom)
2019-10-24 14:28:37,861 [main] INFO  server.GrpcService (ConfUtils.java:logGet(43)) - raft.grpc.flow.control.window = 1MB (=1048576) (default)
2019-10-24 14:28:37,862 [main] INFO  server.RaftServerConfigKeys (ConfUtils.java:logGet(43)) - raft.server.rpc.request.timeout = 3000ms (default)
2019-10-24 14:28:37,862 [main] INFO  server.RaftServerConfigKeys (ConfUtils.java:logGet(43)) - raft.server.storage.dir = [/workdir/hadoop-ozone/integration-test/target/test-dir/MiniOzoneClusterImpl-876addf8-037c-4ba7-a652-3bac2fcc9b72/datanode-2/data/ratis] (custom)
2019-10-24 14:28:37,864 [Datanode State Machine Thread - 0] INFO  datanode.InitDatanodeState (InitDatanodeState.java:persistContainerDatanodeDetails(140)) - DatanodeDetails is persisted to /workdir/hadoop-ozone/integration-test/target/test-dir/MiniOzoneClusterImpl-876addf8-037c-4ba7-a652-3bac2fcc9b72/datanode-1/meta/datanode.id
2019-10-24 14:28:37,865 [main] INFO  hdfs.DFSUtil (DFSUtil.java:httpServerTemplateForNNAndJN(1641)) - Starting Web-server for hddsDatanode at: http://0.0.0.0:0
2019-10-24 14:28:37,866 [main] INFO  server.AuthenticationFilter (AuthenticationFilter.java:constructSecretProvider(240)) - Unable to initialize FileSignerSecretProvider, falling back to use random secrets.
2019-10-24 14:28:37,867 [main] WARN  http.HttpRequestLog (HttpRequestLog.java:getRequestLog(97)) - Jetty request log can only be enabled using Log4j
2019-10-24 14:28:37,868 [main] INFO  http.HttpServer2 (HttpServer2.java:addGlobalFilter(975)) - Added global filter 'safety' (class=org.apache.hadoop.http.HttpServer2$QuotingInputFilter)
2019-10-24 14:28:37,869 [main] INFO  http.HttpServer2 (HttpServer2.java:addFilter(948)) - Added filter static_user_filter (class=org.apache.hadoop.http.lib.StaticUserWebFilter$StaticUserFilter) to context hddsDatanode
2019-10-24 14:28:37,869 [main] INFO  http.HttpServer2 (HttpServer2.java:addFilter(958)) - Added filter static_user_filter (class=org.apache.hadoop.http.lib.StaticUserWebFilter$StaticUserFilter) to context static
2019-10-24 14:28:37,869 [main] INFO  http.HttpServer2 (HttpServer2.java:addFilter(958)) - Added filter static_user_filter (class=org.apache.hadoop.http.lib.StaticUserWebFilter$StaticUserFilter) to context logs
2019-10-24 14:28:37,870 [main] INFO  http.HttpServer2 (HttpServer2.java:bindListener(1191)) - Jetty bound to port 42409
2019-10-24 14:28:37,870 [main] INFO  server.Server (Server.java:doStart(351)) - jetty-9.3.25.v20180904, build timestamp: 2018-09-04T21:11:46Z, git hash: 3ce520221d0240229c862b122d2b06c12a625732
2019-10-24 14:28:37,872 [main] INFO  handler.ContextHandler (ContextHandler.java:doStart(781)) - Started o.e.j.s.ServletContextHandler@1229a2b7{/logs,file:///workdir/hadoop-ozone/integration-test/target/log,AVAILABLE}
2019-10-24 14:28:37,872 [main] INFO  handler.ContextHandler (ContextHandler.java:doStart(781)) - Started o.e.j.s.ServletContextHandler@51c959a4{/static,jar:file:/home/user/.m2/repository/org/apache/hadoop/hadoop-hdds-container-service/0.5.0-SNAPSHOT/hadoop-hdds-container-service-0.5.0-SNAPSHOT.jar!/webapps/static,AVAILABLE}
2019-10-24 14:28:37,903 [main] INFO  handler.ContextHandler (ContextHandler.java:doStart(781)) - Started o.e.j.w.WebAppContext@75ae4a1f{/,file:///tmp/jetty-0.0.0.0-42409-hddsDatanode-_-any-7716863615690868226.dir/webapp/,AVAILABLE}{/hddsDatanode}
2019-10-24 14:28:37,904 [main] INFO  server.AbstractConnector (AbstractConnector.java:doStart(278)) - Started ServerConnector@70228253{HTTP/1.1,[http/1.1]}{0.0.0.0:42409}
2019-10-24 14:28:37,904 [main] INFO  server.Server (Server.java:doStart(419)) - Started @5498ms
2019-10-24 14:28:37,905 [main] WARN  impl.MetricsSystemImpl (MetricsSystemImpl.java:register(276)) - Sink prometheus already exists!
2019-10-24 14:28:37,906 [main] INFO  server.BaseHttpServer (BaseHttpServer.java:updateConnectorAddress(215)) - HTTP server of HDDSDATANODE is listening at http://0.0.0.0:42409
2019-10-24 14:28:37,908 [main] INFO  ozone.MiniOzoneClusterImpl (MiniOzoneClusterImpl.java:lambda$waitForClusterToBeReady$0(147)) - Waiting for cluster to be ready. Got 0 of 3 DN Heartbeats.
2019-10-24 14:28:37,909 [org.apache.hadoop.util.JvmPauseMonitor$Monitor@a4cbff4] INFO  util.JvmPauseMonitor (JvmPauseMonitor.java:run(188)) - Starting JVM pause monitor
2019-10-24 14:28:37,912 [Datanode State Machine Thread - 0] INFO  datanode.InitDatanodeState (InitDatanodeState.java:persistContainerDatanodeDetails(140)) - DatanodeDetails is persisted to /workdir/hadoop-ozone/integration-test/target/test-dir/MiniOzoneClusterImpl-876addf8-037c-4ba7-a652-3bac2fcc9b72/datanode-2/meta/datanode.id
2019-10-24 14:28:38,908 [main] INFO  ozone.MiniOzoneClusterImpl (MiniOzoneClusterImpl.java:lambda$waitForClusterToBeReady$0(147)) - Waiting for cluster to be ready. Got 0 of 3 DN Heartbeats.
2019-10-24 14:28:39,816 [Datanode State Machine Thread - 0] INFO  ozoneimpl.OzoneContainer (OzoneContainer.java:start(213)) - Attempting to start container services.
2019-10-24 14:28:39,819 [Datanode State Machine Thread - 0] INFO  ozoneimpl.OzoneContainer (OzoneContainer.java:startContainerScrub(177)) - Background container scanner has been disabled.
2019-10-24 14:28:39,820 [Datanode State Machine Thread - 0] INFO  ratis.XceiverServerRatis (XceiverServerRatis.java:start(418)) - Starting XceiverServerRatis 4fbf6b7a-b21a-4ba4-99d8-46c6f2467a6f at port 0
2019-10-24 14:28:39,846 [Datanode State Machine Thread - 0] INFO  impl.RaftServerProxy (RaftServerProxy.java:lambda$start$3(299)) - 4fbf6b7a-b21a-4ba4-99d8-46c6f2467a6f: start RPC server
2019-10-24 14:28:39,861 [Datanode State Machine Thread - 0] INFO  ozoneimpl.OzoneContainer (OzoneContainer.java:start(213)) - Attempting to start container services.
2019-10-24 14:28:39,867 [Datanode State Machine Thread - 0] INFO  ozoneimpl.OzoneContainer (OzoneContainer.java:startContainerScrub(177)) - Background container scanner has been disabled.
2019-10-24 14:28:39,867 [Datanode State Machine Thread - 0] INFO  ratis.XceiverServerRatis (XceiverServerRatis.java:start(418)) - Starting XceiverServerRatis 42dc87bf-e32b-4dd2-9e00-10549665eb60 at port 0
2019-10-24 14:28:39,882 [Datanode State Machine Thread - 0] INFO  impl.RaftServerProxy (RaftServerProxy.java:lambda$start$3(299)) - 42dc87bf-e32b-4dd2-9e00-10549665eb60: start RPC server
2019-10-24 14:28:39,909 [main] INFO  ozone.MiniOzoneClusterImpl (MiniOzoneClusterImpl.java:lambda$waitForClusterToBeReady$0(147)) - Waiting for cluster to be ready. Got 0 of 3 DN Heartbeats.
2019-10-24 14:28:39,924 [Datanode State Machine Thread - 0] INFO  ozoneimpl.OzoneContainer (OzoneContainer.java:start(213)) - Attempting to start container services.
2019-10-24 14:28:39,925 [Datanode State Machine Thread - 0] INFO  ozoneimpl.OzoneContainer (OzoneContainer.java:startContainerScrub(177)) - Background container scanner has been disabled.
2019-10-24 14:28:39,925 [Datanode State Machine Thread - 0] INFO  ratis.XceiverServerRatis (XceiverServerRatis.java:start(418)) - Starting XceiverServerRatis e72563ba-91b4-4473-a773-2e1c57d3b28f at port 0
2019-10-24 14:28:39,936 [Datanode State Machine Thread - 0] INFO  impl.RaftServerProxy (RaftServerProxy.java:lambda$start$3(299)) - e72563ba-91b4-4473-a773-2e1c57d3b28f: start RPC server
2019-10-24 14:28:39,991 [Datanode State Machine Thread - 0] INFO  server.GrpcService (GrpcService.java:startImpl(158)) - 4fbf6b7a-b21a-4ba4-99d8-46c6f2467a6f: GrpcService started, listening on 0.0.0.0/0.0.0.0:45188
2019-10-24 14:28:39,991 [Datanode State Machine Thread - 0] INFO  server.GrpcService (GrpcService.java:startImpl(158)) - 42dc87bf-e32b-4dd2-9e00-10549665eb60: GrpcService started, listening on 0.0.0.0/0.0.0.0:40840
2019-10-24 14:28:39,991 [Datanode State Machine Thread - 0] INFO  server.GrpcService (GrpcService.java:startImpl(158)) - e72563ba-91b4-4473-a773-2e1c57d3b28f: GrpcService started, listening on 0.0.0.0/0.0.0.0:38541
2019-10-24 14:28:39,992 [Datanode State Machine Thread - 0] INFO  ratis.XceiverServerRatis (XceiverServerRatis.java:start(428)) - XceiverServerRatis 42dc87bf-e32b-4dd2-9e00-10549665eb60 is started using port 40840
2019-10-24 14:28:39,992 [Datanode State Machine Thread - 0] INFO  ratis.XceiverServerRatis (XceiverServerRatis.java:start(428)) - XceiverServerRatis 4fbf6b7a-b21a-4ba4-99d8-46c6f2467a6f is started using port 45188
2019-10-24 14:28:39,992 [Datanode State Machine Thread - 0] INFO  ratis.XceiverServerRatis (XceiverServerRatis.java:start(428)) - XceiverServerRatis e72563ba-91b4-4473-a773-2e1c57d3b28f is started using port 38541
2019-10-24 14:28:40,003 [Datanode State Machine Thread - 0] INFO  server.XceiverServerGrpc (XceiverServerGrpc.java:start(149)) - XceiverServerGrpc e72563ba-91b4-4473-a773-2e1c57d3b28f is started using port 37676
2019-10-24 14:28:40,004 [Datanode State Machine Thread - 0] INFO  server.XceiverServerGrpc (XceiverServerGrpc.java:start(149)) - XceiverServerGrpc 4fbf6b7a-b21a-4ba4-99d8-46c6f2467a6f is started using port 40731
2019-10-24 14:28:40,003 [Datanode State Machine Thread - 0] INFO  server.XceiverServerGrpc (XceiverServerGrpc.java:start(149)) - XceiverServerGrpc 42dc87bf-e32b-4dd2-9e00-10549665eb60 is started using port 38040
2019-10-24 14:28:40,910 [main] INFO  ozone.MiniOzoneClusterImpl (MiniOzoneClusterImpl.java:lambda$waitForClusterToBeReady$0(147)) - Waiting for cluster to be ready. Got 0 of 3 DN Heartbeats.
2019-10-24 14:28:41,761 [IPC Server handler 0 on 37369] INFO  net.NetworkTopology (NetworkTopologyImpl.java:add(111)) - Added a new node: /default-rack/4fbf6b7a-b21a-4ba4-99d8-46c6f2467a6f
2019-10-24 14:28:41,763 [IPC Server handler 0 on 37369] INFO  node.SCMNodeManager (SCMNodeManager.java:register(268)) - Registered Data node : 4fbf6b7a-b21a-4ba4-99d8-46c6f2467a6f{ip: 192.168.69.108, host: pr-hdds-2347-txrx8-1920290359, networkLocation: /default-rack, certSerialId: null}
2019-10-24 14:28:41,766 [EventQueue-NodeRegistrationContainerReportForDataNodeSafeModeRule] INFO  safemode.SCMSafeModeManager (DataNodeSafeModeRule.java:process(71)) - SCM in safe mode. 1 DataNodes registered, 1 required.
2019-10-24 14:28:41,766 [EventQueue-NodeRegistrationContainerReportForDataNodeSafeModeRule] INFO  safemode.SCMSafeModeManager (SCMSafeModeManager.java:validateSafeModeExitRules(177)) - ScmSafeModeManager, all rules are successfully validated
2019-10-24 14:28:41,767 [EventQueue-NodeRegistrationContainerReportForDataNodeSafeModeRule] INFO  safemode.SCMSafeModeManager (SCMSafeModeManager.java:exitSafeMode(193)) - SCM exiting safe mode.
2019-10-24 14:28:41,839 [IPC Server handler 1 on 37369] INFO  net.NetworkTopology (NetworkTopologyImpl.java:add(111)) - Added a new node: /default-rack/42dc87bf-e32b-4dd2-9e00-10549665eb60
2019-10-24 14:28:41,839 [IPC Server handler 1 on 37369] INFO  node.SCMNodeManager (SCMNodeManager.java:register(268)) - Registered Data node : 42dc87bf-e32b-4dd2-9e00-10549665eb60{ip: 192.168.69.108, host: pr-hdds-2347-txrx8-1920290359, networkLocation: /default-rack, certSerialId: null}
2019-10-24 14:28:41,910 [main] INFO  ozone.MiniOzoneClusterImpl (MiniOzoneClusterImpl.java:lambda$waitForClusterToBeReady$0(147)) - Waiting for cluster to be ready. Got 2 of 3 DN Heartbeats.
2019-10-24 14:28:41,911 [IPC Server handler 2 on 37369] INFO  net.NetworkTopology (NetworkTopologyImpl.java:add(111)) - Added a new node: /default-rack/e72563ba-91b4-4473-a773-2e1c57d3b28f
2019-10-24 14:28:41,911 [IPC Server handler 2 on 37369] INFO  node.SCMNodeManager (SCMNodeManager.java:register(268)) - Registered Data node : e72563ba-91b4-4473-a773-2e1c57d3b28f{ip: 192.168.69.108, host: pr-hdds-2347-txrx8-1920290359, networkLocation: /default-rack, certSerialId: null}
2019-10-24 14:28:42,250 [grpc-default-executor-0] INFO  impl.RaftServerProxy (RaftServerProxy.java:addNew(89)) - 4fbf6b7a-b21a-4ba4-99d8-46c6f2467a6f: addNew group-B68A6CAE9DB7:[4fbf6b7a-b21a-4ba4-99d8-46c6f2467a6f:192.168.69.108:45188] returns group-B68A6CAE9DB7:java.util.concurrent.CompletableFuture@30011935[Not completed]
2019-10-24 14:28:42,266 [pool-27-thread-1] INFO  impl.RaftServerImpl (RaftServerImpl.java:<init>(98)) - 4fbf6b7a-b21a-4ba4-99d8-46c6f2467a6f: new RaftServerImpl for group-B68A6CAE9DB7:[4fbf6b7a-b21a-4ba4-99d8-46c6f2467a6f:192.168.69.108:45188] with ContainerStateMachine:uninitialized
2019-10-24 14:28:42,269 [pool-27-thread-1] INFO  server.RaftServerConfigKeys (ConfUtils.java:logGet(43)) - raft.server.rpc.timeout.min = 5s (custom)
2019-10-24 14:28:42,270 [pool-27-thread-1] INFO  server.RaftServerConfigKeys (ConfUtils.java:logGet(43)) - raft.server.rpc.timeout.max = 5200ms (custom)
2019-10-24 14:28:42,270 [pool-27-thread-1] INFO  server.RaftServerConfigKeys (ConfUtils.java:logGet(43)) - raft.server.rpcslowness.timeout = 1000s (custom)
2019-10-24 14:28:42,271 [pool-27-thread-1] INFO  server.RaftServerConfigKeys (ConfUtils.java:logGet(43)) - raft.server.sleep.deviation.threshold = 300 (default)
2019-10-24 14:28:42,272 [pool-27-thread-1] INFO  server.RaftServerConfigKeys (ConfUtils.java:logGet(43)) - raft.server.log.appender.install.snapshot.enabled = false (custom)
2019-10-24 14:28:42,282 [pool-27-thread-1] INFO  impl.RaftServerImpl (ServerState.java:<init>(103)) - 4fbf6b7a-b21a-4ba4-99d8-46c6f2467a6f@group-B68A6CAE9DB7: ConfigurationManager, init=-1: [4fbf6b7a-b21a-4ba4-99d8-46c6f2467a6f:192.168.69.108:45188], old=null, confs=<EMPTY_MAP>
2019-10-24 14:28:42,283 [pool-27-thread-1] INFO  server.RaftServerConfigKeys (ConfUtils.java:logGet(43)) - raft.server.storage.dir = [/workdir/hadoop-ozone/integration-test/target/test-dir/MiniOzoneClusterImpl-876addf8-037c-4ba7-a652-3bac2fcc9b72/datanode-0/data/ratis] (custom)
2019-10-24 14:28:42,291 [pool-27-thread-1] INFO  server.RaftServerConfigKeys (ConfUtils.java:logGet(43)) - raft.server.log.corruption.policy = EXCEPTION (default)
2019-10-24 14:28:42,293 [pool-27-thread-1] INFO  storage.RaftStorageDirectory (RaftStorageDirectory.java:analyzeStorage(246)) - The storage directory /workdir/hadoop-ozone/integration-test/target/test-dir/MiniOzoneClusterImpl-876addf8-037c-4ba7-a652-3bac2fcc9b72/datanode-0/data/ratis/627d8756-2bc3-417c-a7c7-b68a6cae9db7 does not exist. Creating ...
2019-10-24 14:28:42,311 [pool-27-thread-1] INFO  storage.RaftStorageDirectory (RaftStorageDirectory.java:tryLock(328)) - Lock on /workdir/hadoop-ozone/integration-test/target/test-dir/MiniOzoneClusterImpl-876addf8-037c-4ba7-a652-3bac2fcc9b72/datanode-0/data/ratis/627d8756-2bc3-417c-a7c7-b68a6cae9db7/in_use.lock acquired by nodename 32372@pr-hdds-2347-txrx8-1920290359
2019-10-24 14:28:42,327 [pool-27-thread-1] INFO  storage.RaftStorage (RaftStorage.java:format(84)) - Storage directory /workdir/hadoop-ozone/integration-test/target/test-dir/MiniOzoneClusterImpl-876addf8-037c-4ba7-a652-3bac2fcc9b72/datanode-0/data/ratis/627d8756-2bc3-417c-a7c7-b68a6cae9db7 has been successfully formatted.
2019-10-24 14:28:42,329 [pool-27-thread-1] INFO  ratis.ContainerStateMachine (ContainerStateMachine.java:loadSnapshot(231)) - group-B68A6CAE9DB7: The snapshot info is null. Setting the last applied indexto:(t:0, i:~)
2019-10-24 14:28:42,330 [pool-27-thread-1] INFO  server.RaftServerConfigKeys (ConfUtils.java:logGet(43)) - raft.server.notification.no-leader.timeout = 1000s (custom)
2019-10-24 14:28:42,332 [pool-27-thread-1] INFO  server.RaftServerConfigKeys (ConfUtils.java:logGet(43)) - raft.server.log.use.memory = false (default)
2019-10-24 14:28:42,339 [pool-27-thread-1] INFO  server.RaftServerConfigKeys (ConfUtils.java:logGet(43)) - raft.server.log.purge.gap = 1000000 (custom)
2019-10-24 14:28:42,339 [pool-27-thread-1] INFO  server.RaftServerConfigKeys (ConfUtils.java:logGet(43)) - raft.server.log.appender.buffer.byte-limit = 33554432 (custom)
2019-10-24 14:28:42,342 [pool-27-thread-1] INFO  server.RaftServerConfigKeys (ConfUtils.java:logGet(43)) - raft.server.log.segment.size.max = 1048576 (custom)
2019-10-24 14:28:42,347 [pool-27-thread-1] INFO  metrics.MetricRegistries (MetricRegistriesLoader.java:load(64)) - Loaded MetricRegistries class org.apache.ratis.metrics.impl.MetricRegistriesImpl
2019-10-24 14:28:42,352 [pool-27-thread-1] WARN  impl.MetricRegistriesImpl (MetricRegistriesImpl.java:lambda$create$1(61)) - First MetricRegistry has been created without registering reporters. You may need to call MetricRegistries.global().addReportRegistration(...) before.
2019-10-24 14:28:42,359 [pool-27-thread-1] INFO  server.RaftServerConfigKeys (ConfUtils.java:logGet(43)) - raft.server.log.segment.cache.num.max = 2 (custom)
2019-10-24 14:28:42,364 [pool-27-thread-1] INFO  segmented.SegmentedRaftLogWorker (SegmentedRaftLogWorker.java:<init>(173)) - new 4fbf6b7a-b21a-4ba4-99d8-46c6f2467a6f@group-B68A6CAE9DB7-SegmentedRaftLogWorker for RaftStorage:Storage Directory /workdir/hadoop-ozone/integration-test/target/test-dir/MiniOzoneClusterImpl-876addf8-037c-4ba7-a652-3bac2fcc9b72/datanode-0/data/ratis/627d8756-2bc3-417c-a7c7-b68a6cae9db7
2019-10-24 14:28:42,365 [pool-27-thread-1] INFO  server.RaftServerConfigKeys (ConfUtils.java:logGet(43)) - raft.server.log.queue.byte-limit = 2147483647 (custom)
2019-10-24 14:28:42,365 [pool-27-thread-1] INFO  server.RaftServerConfigKeys (ConfUtils.java:logGet(43)) - raft.server.log.queue.element-limit = 1024 (custom)
2019-10-24 14:28:42,367 [pool-27-thread-1] INFO  server.RaftServerConfigKeys (ConfUtils.java:logGet(43)) - raft.server.log.segment.size.max = 1048576 (custom)
2019-10-24 14:28:42,367 [pool-27-thread-1] INFO  server.RaftServerConfigKeys (ConfUtils.java:logGet(43)) - raft.server.log.preallocated.size = 16384 (custom)
2019-10-24 14:28:42,368 [pool-27-thread-1] INFO  server.RaftServerConfigKeys (ConfUtils.java:logGet(43)) - raft.server.log.write.buffer.size = 33554432 (custom)
2019-10-24 14:28:42,368 [pool-27-thread-1] INFO  server.RaftServerConfigKeys (ConfUtils.java:logGet(43)) - raft.server.log.force.sync.num = 128 (default)
2019-10-24 14:28:42,369 [pool-27-thread-1] INFO  server.RaftServerConfigKeys (ConfUtils.java:logGet(43)) - raft.server.log.statemachine.data.sync = true (default)
2019-10-24 14:28:42,370 [pool-27-thread-1] INFO  server.RaftServerConfigKeys (ConfUtils.java:logGet(43)) - raft.server.log.statemachine.data.sync.timeout = 10s (default)
2019-10-24 14:28:42,370 [pool-27-thread-1] INFO  server.RaftServerConfigKeys (ConfUtils.java:logGet(43)) - raft.server.log.statemachine.data.sync.timeout.retry = -1 (default)
2019-10-24 14:28:42,381 [pool-27-thread-1] INFO  server.RaftServerConfigKeys (ConfUtils.java:logGet(43)) - raft.server.log.statemachine.data.caching.enabled = true (custom)
2019-10-24 14:28:42,385 [pool-27-thread-1] INFO  segmented.SegmentedRaftLogWorker (SegmentedRaftLogWorker.java:lambda$new$0(128)) - 4fbf6b7a-b21a-4ba4-99d8-46c6f2467a6f@group-B68A6CAE9DB7-SegmentedRaftLogWorker: flushIndex: setUnconditionally 0 -> -1
2019-10-24 14:28:42,389 [pool-27-thread-1] INFO  server.RaftServerConfigKeys (ConfUtils.java:logGet(43)) - raft.server.snapshot.auto.trigger.enabled = true (custom)
2019-10-24 14:28:42,390 [pool-27-thread-1] INFO  server.RaftServerConfigKeys (ConfUtils.java:logGet(43)) - raft.server.snapshot.auto.trigger.threshold = 10000 (custom)
2019-10-24 14:28:42,391 [pool-27-thread-1] INFO  server.RaftServerConfigKeys (ConfUtils.java:logGet(43)) - raft.server.snapshot.retention.file.num = 5 (custom)
2019-10-24 14:28:42,391 [pool-27-thread-1] INFO  server.RaftServerConfigKeys (ConfUtils.java:logGet(43)) - raft.server.retrycache.expirytime = 600000ms (custom)
2019-10-24 14:28:42,411 [pool-27-thread-1] WARN  impl.MetricRegistriesImpl (MetricRegistriesImpl.java:lambda$create$1(61)) - First MetricRegistry has been created without registering reporters. You may need to call MetricRegistries.global().addReportRegistration(...) before.
2019-10-24 14:28:42,413 [pool-27-thread-1] WARN  impl.MetricRegistriesImpl (MetricRegistriesImpl.java:lambda$create$1(61)) - First MetricRegistry has been created without registering reporters. You may need to call MetricRegistries.global().addReportRegistration(...) before.
2019-10-24 14:28:42,414 [pool-27-thread-1] INFO  impl.RaftServerImpl (RaftServerImpl.java:start(184)) - 4fbf6b7a-b21a-4ba4-99d8-46c6f2467a6f@group-B68A6CAE9DB7: start as a follower, conf=-1: [4fbf6b7a-b21a-4ba4-99d8-46c6f2467a6f:192.168.69.108:45188], old=null
2019-10-24 14:28:42,415 [pool-27-thread-1] INFO  impl.RaftServerImpl (RaftServerImpl.java:setRole(173)) - 4fbf6b7a-b21a-4ba4-99d8-46c6f2467a6f@group-B68A6CAE9DB7: changes role from      null to FOLLOWER at term 0 for startAsFollower
2019-10-24 14:28:42,416 [pool-27-thread-1] INFO  impl.RoleInfo (RoleInfo.java:updateAndGet(143)) - 4fbf6b7a-b21a-4ba4-99d8-46c6f2467a6f: start FollowerState
2019-10-24 14:28:42,418 [pool-27-thread-1] INFO  util.JmxRegister (JmxRegister.java:tryRegister(44)) - Successfully registered JMX Bean with object name Ratis:service=RaftServer,group=group-B68A6CAE9DB7,id=4fbf6b7a-b21a-4ba4-99d8-46c6f2467a6f
2019-10-24 14:28:42,419 [pool-27-thread-1] WARN  impl.MetricRegistriesImpl (MetricRegistriesImpl.java:lambda$create$1(61)) - First MetricRegistry has been created without registering reporters. You may need to call MetricRegistries.global().addReportRegistration(...) before.
2019-10-24 14:28:42,481 [RatisPipelineUtilsThread] INFO  pipeline.PipelineStateManager (PipelineStateManager.java:addPipeline(56)) - Created pipeline Pipeline[ Id: 627d8756-2bc3-417c-a7c7-b68a6cae9db7, Nodes: 4fbf6b7a-b21a-4ba4-99d8-46c6f2467a6f{ip: 192.168.69.108, host: pr-hdds-2347-txrx8-1920290359, networkLocation: /default-rack, certSerialId: null}, Type:RATIS, Factor:ONE, State:OPEN]
2019-10-24 14:28:42,499 [grpc-default-executor-0] INFO  impl.RaftServerProxy (RaftServerProxy.java:addNew(89)) - 42dc87bf-e32b-4dd2-9e00-10549665eb60: addNew group-E4F57B5570FB:[42dc87bf-e32b-4dd2-9e00-10549665eb60:192.168.69.108:40840] returns group-E4F57B5570FB:java.util.concurrent.CompletableFuture@c2ae730[Not completed]
2019-10-24 14:28:42,528 [pool-37-thread-1] INFO  impl.RaftServerImpl (RaftServerImpl.java:<init>(98)) - 42dc87bf-e32b-4dd2-9e00-10549665eb60: new RaftServerImpl for group-E4F57B5570FB:[42dc87bf-e32b-4dd2-9e00-10549665eb60:192.168.69.108:40840] with ContainerStateMachine:uninitialized
2019-10-24 14:28:42,530 [pool-37-thread-1] INFO  server.RaftServerConfigKeys (ConfUtils.java:logGet(43)) - raft.server.rpc.timeout.min = 5s (custom)
2019-10-24 14:28:42,530 [pool-37-thread-1] INFO  server.RaftServerConfigKeys (ConfUtils.java:logGet(43)) - raft.server.rpc.timeout.max = 5200ms (custom)
2019-10-24 14:28:42,531 [pool-37-thread-1] INFO  server.RaftServerConfigKeys (ConfUtils.java:logGet(43)) - raft.server.rpcslowness.timeout = 1000s (custom)
2019-10-24 14:28:42,531 [pool-37-thread-1] INFO  server.RaftServerConfigKeys (ConfUtils.java:logGet(43)) - raft.server.sleep.deviation.threshold = 300 (default)
2019-10-24 14:28:42,531 [pool-37-thread-1] INFO  server.RaftServerConfigKeys (ConfUtils.java:logGet(43)) - raft.server.log.appender.install.snapshot.enabled = false (custom)
2019-10-24 14:28:42,531 [pool-37-thread-1] INFO  impl.RaftServerImpl (ServerState.java:<init>(103)) - 42dc87bf-e32b-4dd2-9e00-10549665eb60@group-E4F57B5570FB: ConfigurationManager, init=-1: [42dc87bf-e32b-4dd2-9e00-10549665eb60:192.168.69.108:40840], old=null, confs=<EMPTY_MAP>
2019-10-24 14:28:42,532 [pool-37-thread-1] INFO  server.RaftServerConfigKeys (ConfUtils.java:logGet(43)) - raft.server.storage.dir = [/workdir/hadoop-ozone/integration-test/target/test-dir/MiniOzoneClusterImpl-876addf8-037c-4ba7-a652-3bac2fcc9b72/datanode-1/data/ratis] (custom)
2019-10-24 14:28:42,532 [pool-37-thread-1] INFO  server.RaftServerConfigKeys (ConfUtils.java:logGet(43)) - raft.server.log.corruption.policy = EXCEPTION (default)
2019-10-24 14:28:42,532 [pool-37-thread-1] INFO  storage.RaftStorageDirectory (RaftStorageDirectory.java:analyzeStorage(246)) - The storage directory /workdir/hadoop-ozone/integration-test/target/test-dir/MiniOzoneClusterImpl-876addf8-037c-4ba7-a652-3bac2fcc9b72/datanode-1/data/ratis/58160dee-1e01-495a-a6e6-e4f57b5570fb does not exist. Creating ...
2019-10-24 14:28:42,547 [pool-37-thread-1] INFO  storage.RaftStorageDirectory (RaftStorageDirectory.java:tryLock(328)) - Lock on /workdir/hadoop-ozone/integration-test/target/test-dir/MiniOzoneClusterImpl-876addf8-037c-4ba7-a652-3bac2fcc9b72/datanode-1/data/ratis/58160dee-1e01-495a-a6e6-e4f57b5570fb/in_use.lock acquired by nodename 32372@pr-hdds-2347-txrx8-1920290359
2019-10-24 14:28:42,562 [pool-37-thread-1] INFO  storage.RaftStorage (RaftStorage.java:format(84)) - Storage directory /workdir/hadoop-ozone/integration-test/target/test-dir/MiniOzoneClusterImpl-876addf8-037c-4ba7-a652-3bac2fcc9b72/datanode-1/data/ratis/58160dee-1e01-495a-a6e6-e4f57b5570fb has been successfully formatted.
2019-10-24 14:28:42,563 [pool-37-thread-1] INFO  ratis.ContainerStateMachine (ContainerStateMachine.java:loadSnapshot(231)) - group-E4F57B5570FB: The snapshot info is null. Setting the last applied indexto:(t:0, i:~)
2019-10-24 14:28:42,564 [pool-37-thread-1] INFO  server.RaftServerConfigKeys (ConfUtils.java:logGet(43)) - raft.server.notification.no-leader.timeout = 1000s (custom)
2019-10-24 14:28:42,564 [pool-37-thread-1] INFO  server.RaftServerConfigKeys (ConfUtils.java:logGet(43)) - raft.server.log.use.memory = false (default)
2019-10-24 14:28:42,565 [pool-37-thread-1] INFO  server.RaftServerConfigKeys (ConfUtils.java:logGet(43)) - raft.server.log.purge.gap = 1000000 (custom)
2019-10-24 14:28:42,565 [pool-37-thread-1] INFO  server.RaftServerConfigKeys (ConfUtils.java:logGet(43)) - raft.server.log.appender.buffer.byte-limit = 33554432 (custom)
2019-10-24 14:28:42,566 [pool-37-thread-1] INFO  server.RaftServerConfigKeys (ConfUtils.java:logGet(43)) - raft.server.log.segment.size.max = 1048576 (custom)
2019-10-24 14:28:42,566 [pool-37-thread-1] WARN  impl.MetricRegistriesImpl (MetricRegistriesImpl.java:lambda$create$1(61)) - First MetricRegistry has been created without registering reporters. You may need to call MetricRegistries.global().addReportRegistration(...) before.
2019-10-24 14:28:42,567 [pool-37-thread-1] INFO  server.RaftServerConfigKeys (ConfUtils.java:logGet(43)) - raft.server.log.segment.cache.num.max = 2 (custom)
2019-10-24 14:28:42,567 [pool-37-thread-1] INFO  segmented.SegmentedRaftLogWorker (SegmentedRaftLogWorker.java:<init>(173)) - new 42dc87bf-e32b-4dd2-9e00-10549665eb60@group-E4F57B5570FB-SegmentedRaftLogWorker for RaftStorage:Storage Directory /workdir/hadoop-ozone/integration-test/target/test-dir/MiniOzoneClusterImpl-876addf8-037c-4ba7-a652-3bac2fcc9b72/datanode-1/data/ratis/58160dee-1e01-495a-a6e6-e4f57b5570fb
2019-10-24 14:28:42,569 [pool-37-thread-1] INFO  server.RaftServerConfigKeys (ConfUtils.java:logGet(43)) - raft.server.log.queue.byte-limit = 2147483647 (custom)
2019-10-24 14:28:42,569 [pool-37-thread-1] INFO  server.RaftServerConfigKeys (ConfUtils.java:logGet(43)) - raft.server.log.queue.element-limit = 1024 (custom)
2019-10-24 14:28:42,569 [pool-37-thread-1] INFO  server.RaftServerConfigKeys (ConfUtils.java:logGet(43)) - raft.server.log.segment.size.max = 1048576 (custom)
2019-10-24 14:28:42,569 [pool-37-thread-1] INFO  server.RaftServerConfigKeys (ConfUtils.java:logGet(43)) - raft.server.log.preallocated.size = 16384 (custom)
2019-10-24 14:28:42,570 [pool-37-thread-1] INFO  server.RaftServerConfigKeys (ConfUtils.java:logGet(43)) - raft.server.log.write.buffer.size = 33554432 (custom)
2019-10-24 14:28:42,570 [pool-37-thread-1] INFO  server.RaftServerConfigKeys (ConfUtils.java:logGet(43)) - raft.server.log.force.sync.num = 128 (default)
2019-10-24 14:28:42,570 [pool-37-thread-1] INFO  server.RaftServerConfigKeys (ConfUtils.java:logGet(43)) - raft.server.log.statemachine.data.sync = true (default)
2019-10-24 14:28:42,571 [pool-37-thread-1] INFO  server.RaftServerConfigKeys (ConfUtils.java:logGet(43)) - raft.server.log.statemachine.data.sync.timeout = 10s (default)
2019-10-24 14:28:42,571 [pool-37-thread-1] INFO  server.RaftServerConfigKeys (ConfUtils.java:logGet(43)) - raft.server.log.statemachine.data.sync.timeout.retry = -1 (default)
2019-10-24 14:28:42,572 [pool-37-thread-1] INFO  server.RaftServerConfigKeys (ConfUtils.java:logGet(43)) - raft.server.log.statemachine.data.caching.enabled = true (custom)
2019-10-24 14:28:42,573 [pool-37-thread-1] INFO  segmented.SegmentedRaftLogWorker (SegmentedRaftLogWorker.java:lambda$new$0(128)) - 42dc87bf-e32b-4dd2-9e00-10549665eb60@group-E4F57B5570FB-SegmentedRaftLogWorker: flushIndex: setUnconditionally 0 -> -1
2019-10-24 14:28:42,573 [pool-37-thread-1] INFO  server.RaftServerConfigKeys (ConfUtils.java:logGet(43)) - raft.server.snapshot.auto.trigger.enabled = true (custom)
2019-10-24 14:28:42,574 [pool-37-thread-1] INFO  server.RaftServerConfigKeys (ConfUtils.java:logGet(43)) - raft.server.snapshot.auto.trigger.threshold = 10000 (custom)
2019-10-24 14:28:42,574 [pool-37-thread-1] INFO  server.RaftServerConfigKeys (ConfUtils.java:logGet(43)) - raft.server.snapshot.retention.file.num = 5 (custom)
2019-10-24 14:28:42,574 [pool-37-thread-1] INFO  server.RaftServerConfigKeys (ConfUtils.java:logGet(43)) - raft.server.retrycache.expirytime = 600000ms (custom)
2019-10-24 14:28:42,575 [pool-37-thread-1] WARN  impl.MetricRegistriesImpl (MetricRegistriesImpl.java:lambda$create$1(61)) - First MetricRegistry has been created without registering reporters. You may need to call MetricRegistries.global().addReportRegistration(...) before.
2019-10-24 14:28:42,575 [pool-37-thread-1] WARN  impl.MetricRegistriesImpl (MetricRegistriesImpl.java:lambda$create$1(61)) - First MetricRegistry has been created without registering reporters. You may need to call MetricRegistries.global().addReportRegistration(...) before.
2019-10-24 14:28:42,576 [pool-37-thread-1] INFO  impl.RaftServerImpl (RaftServerImpl.java:start(184)) - 42dc87bf-e32b-4dd2-9e00-10549665eb60@group-E4F57B5570FB: start as a follower, conf=-1: [42dc87bf-e32b-4dd2-9e00-10549665eb60:192.168.69.108:40840], old=null
2019-10-24 14:28:42,576 [pool-37-thread-1] INFO  impl.RaftServerImpl (RaftServerImpl.java:setRole(173)) - 42dc87bf-e32b-4dd2-9e00-10549665eb60@group-E4F57B5570FB: changes role from      null to FOLLOWER at term 0 for startAsFollower
2019-10-24 14:28:42,576 [pool-37-thread-1] INFO  impl.RoleInfo (RoleInfo.java:updateAndGet(143)) - 42dc87bf-e32b-4dd2-9e00-10549665eb60: start FollowerState
2019-10-24 14:28:42,578 [pool-37-thread-1] INFO  util.JmxRegister (JmxRegister.java:tryRegister(44)) - Successfully registered JMX Bean with object name Ratis:service=RaftServer,group=group-E4F57B5570FB,id=42dc87bf-e32b-4dd2-9e00-10549665eb60
2019-10-24 14:28:42,579 [pool-37-thread-1] WARN  impl.MetricRegistriesImpl (MetricRegistriesImpl.java:lambda$create$1(61)) - First MetricRegistry has been created without registering reporters. You may need to call MetricRegistries.global().addReportRegistration(...) before.
2019-10-24 14:28:42,603 [RatisPipelineUtilsThread] INFO  pipeline.PipelineStateManager (PipelineStateManager.java:addPipeline(56)) - Created pipeline Pipeline[ Id: 58160dee-1e01-495a-a6e6-e4f57b5570fb, Nodes: 42dc87bf-e32b-4dd2-9e00-10549665eb60{ip: 192.168.69.108, host: pr-hdds-2347-txrx8-1920290359, networkLocation: /default-rack, certSerialId: null}, Type:RATIS, Factor:ONE, State:OPEN]
2019-10-24 14:28:42,623 [grpc-default-executor-0] INFO  impl.RaftServerProxy (RaftServerProxy.java:addNew(89)) - e72563ba-91b4-4473-a773-2e1c57d3b28f: addNew group-659AE30B5245:[e72563ba-91b4-4473-a773-2e1c57d3b28f:192.168.69.108:38541] returns group-659AE30B5245:java.util.concurrent.CompletableFuture@2742ba9a[Not completed]
2019-10-24 14:28:42,641 [pool-47-thread-1] INFO  impl.RaftServerImpl (RaftServerImpl.java:<init>(98)) - e72563ba-91b4-4473-a773-2e1c57d3b28f: new RaftServerImpl for group-659AE30B5245:[e72563ba-91b4-4473-a773-2e1c57d3b28f:192.168.69.108:38541] with ContainerStateMachine:uninitialized
2019-10-24 14:28:42,642 [pool-47-thread-1] INFO  server.RaftServerConfigKeys (ConfUtils.java:logGet(43)) - raft.server.rpc.timeout.min = 5s (custom)
2019-10-24 14:28:42,642 [pool-47-thread-1] INFO  server.RaftServerConfigKeys (ConfUtils.java:logGet(43)) - raft.server.rpc.timeout.max = 5200ms (custom)
2019-10-24 14:28:42,642 [pool-47-thread-1] INFO  server.RaftServerConfigKeys (ConfUtils.java:logGet(43)) - raft.server.rpcslowness.timeout = 1000s (custom)
2019-10-24 14:28:42,643 [pool-47-thread-1] INFO  server.RaftServerConfigKeys (ConfUtils.java:logGet(43)) - raft.server.sleep.deviation.threshold = 300 (default)
2019-10-24 14:28:42,643 [pool-47-thread-1] INFO  server.RaftServerConfigKeys (ConfUtils.java:logGet(43)) - raft.server.log.appender.install.snapshot.enabled = false (custom)
2019-10-24 14:28:42,643 [pool-47-thread-1] INFO  impl.RaftServerImpl (ServerState.java:<init>(103)) - e72563ba-91b4-4473-a773-2e1c57d3b28f@group-659AE30B5245: ConfigurationManager, init=-1: [e72563ba-91b4-4473-a773-2e1c57d3b28f:192.168.69.108:38541], old=null, confs=<EMPTY_MAP>
2019-10-24 14:28:42,644 [pool-47-thread-1] INFO  server.RaftServerConfigKeys (ConfUtils.java:logGet(43)) - raft.server.storage.dir = [/workdir/hadoop-ozone/integration-test/target/test-dir/MiniOzoneClusterImpl-876addf8-037c-4ba7-a652-3bac2fcc9b72/datanode-2/data/ratis] (custom)
2019-10-24 14:28:42,644 [pool-47-thread-1] INFO  server.RaftServerConfigKeys (ConfUtils.java:logGet(43)) - raft.server.log.corruption.policy = EXCEPTION (default)
2019-10-24 14:28:42,644 [pool-47-thread-1] INFO  storage.RaftStorageDirectory (RaftStorageDirectory.java:analyzeStorage(246)) - The storage directory /workdir/hadoop-ozone/integration-test/target/test-dir/MiniOzoneClusterImpl-876addf8-037c-4ba7-a652-3bac2fcc9b72/datanode-2/data/ratis/e72998c9-98b8-4525-814a-659ae30b5245 does not exist. Creating ...
2019-10-24 14:28:42,670 [pool-47-thread-1] INFO  storage.RaftStorageDirectory (RaftStorageDirectory.java:tryLock(328)) - Lock on /workdir/hadoop-ozone/integration-test/target/test-dir/MiniOzoneClusterImpl-876addf8-037c-4ba7-a652-3bac2fcc9b72/datanode-2/data/ratis/e72998c9-98b8-4525-814a-659ae30b5245/in_use.lock acquired by nodename 32372@pr-hdds-2347-txrx8-1920290359
2019-10-24 14:28:42,684 [pool-47-thread-1] INFO  storage.RaftStorage (RaftStorage.java:format(84)) - Storage directory /workdir/hadoop-ozone/integration-test/target/test-dir/MiniOzoneClusterImpl-876addf8-037c-4ba7-a652-3bac2fcc9b72/datanode-2/data/ratis/e72998c9-98b8-4525-814a-659ae30b5245 has been successfully formatted.
2019-10-24 14:28:42,685 [pool-47-thread-1] INFO  ratis.ContainerStateMachine (ContainerStateMachine.java:loadSnapshot(231)) - group-659AE30B5245: The snapshot info is null. Setting the last applied indexto:(t:0, i:~)
2019-10-24 14:28:42,685 [pool-47-thread-1] INFO  server.RaftServerConfigKeys (ConfUtils.java:logGet(43)) - raft.server.notification.no-leader.timeout = 1000s (custom)
2019-10-24 14:28:42,685 [pool-47-thread-1] INFO  server.RaftServerConfigKeys (ConfUtils.java:logGet(43)) - raft.server.log.use.memory = false (default)
2019-10-24 14:28:42,685 [pool-47-thread-1] INFO  server.RaftServerConfigKeys (ConfUtils.java:logGet(43)) - raft.server.log.purge.gap = 1000000 (custom)
2019-10-24 14:28:42,685 [pool-47-thread-1] INFO  server.RaftServerConfigKeys (ConfUtils.java:logGet(43)) - raft.server.log.appender.buffer.byte-limit = 33554432 (custom)
2019-10-24 14:28:42,686 [pool-47-thread-1] INFO  server.RaftServerConfigKeys (ConfUtils.java:logGet(43)) - raft.server.log.segment.size.max = 1048576 (custom)
2019-10-24 14:28:42,686 [pool-47-thread-1] WARN  impl.MetricRegistriesImpl (MetricRegistriesImpl.java:lambda$create$1(61)) - First MetricRegistry has been created without registering reporters. You may need to call MetricRegistries.global().addReportRegistration(...) before.
2019-10-24 14:28:42,686 [pool-47-thread-1] INFO  server.RaftServerConfigKeys (ConfUtils.java:logGet(43)) - raft.server.log.segment.cache.num.max = 2 (custom)
2019-10-24 14:28:42,686 [pool-47-thread-1] INFO  segmented.SegmentedRaftLogWorker (SegmentedRaftLogWorker.java:<init>(173)) - new e72563ba-91b4-4473-a773-2e1c57d3b28f@group-659AE30B5245-SegmentedRaftLogWorker for RaftStorage:Storage Directory /workdir/hadoop-ozone/integration-test/target/test-dir/MiniOzoneClusterImpl-876addf8-037c-4ba7-a652-3bac2fcc9b72/datanode-2/data/ratis/e72998c9-98b8-4525-814a-659ae30b5245
2019-10-24 14:28:42,686 [pool-47-thread-1] INFO  server.RaftServerConfigKeys (ConfUtils.java:logGet(43)) - raft.server.log.queue.byte-limit = 2147483647 (custom)
2019-10-24 14:28:42,687 [pool-47-thread-1] INFO  server.RaftServerConfigKeys (ConfUtils.java:logGet(43)) - raft.server.log.queue.element-limit = 1024 (custom)
2019-10-24 14:28:42,687 [pool-47-thread-1] INFO  server.RaftServerConfigKeys (ConfUtils.java:logGet(43)) - raft.server.log.segment.size.max = 1048576 (custom)
2019-10-24 14:28:42,687 [pool-47-thread-1] INFO  server.RaftServerConfigKeys (ConfUtils.java:logGet(43)) - raft.server.log.preallocated.size = 16384 (custom)
2019-10-24 14:28:42,687 [pool-47-thread-1] INFO  server.RaftServerConfigKeys (ConfUtils.java:logGet(43)) - raft.server.log.write.buffer.size = 33554432 (custom)
2019-10-24 14:28:42,687 [pool-47-thread-1] INFO  server.RaftServerConfigKeys (ConfUtils.java:logGet(43)) - raft.server.log.force.sync.num = 128 (default)
2019-10-24 14:28:42,688 [pool-47-thread-1] INFO  server.RaftServerConfigKeys (ConfUtils.java:logGet(43)) - raft.server.log.statemachine.data.sync = true (default)
2019-10-24 14:28:42,688 [pool-47-thread-1] INFO  server.RaftServerConfigKeys (ConfUtils.java:logGet(43)) - raft.server.log.statemachine.data.sync.timeout = 10s (default)
2019-10-24 14:28:42,688 [pool-47-thread-1] INFO  server.RaftServerConfigKeys (ConfUtils.java:logGet(43)) - raft.server.log.statemachine.data.sync.timeout.retry = -1 (default)
2019-10-24 14:28:42,689 [pool-47-thread-1] INFO  server.RaftServerConfigKeys (ConfUtils.java:logGet(43)) - raft.server.log.statemachine.data.caching.enabled = true (custom)
2019-10-24 14:28:42,689 [pool-47-thread-1] INFO  segmented.SegmentedRaftLogWorker (SegmentedRaftLogWorker.java:lambda$new$0(128)) - e72563ba-91b4-4473-a773-2e1c57d3b28f@group-659AE30B5245-SegmentedRaftLogWorker: flushIndex: setUnconditionally 0 -> -1
2019-10-24 14:28:42,689 [pool-47-thread-1] INFO  server.RaftServerConfigKeys (ConfUtils.java:logGet(43)) - raft.server.snapshot.auto.trigger.enabled = true (custom)
2019-10-24 14:28:42,690 [pool-47-thread-1] INFO  server.RaftServerConfigKeys (ConfUtils.java:logGet(43)) - raft.server.snapshot.auto.trigger.threshold = 10000 (custom)
2019-10-24 14:28:42,690 [pool-47-thread-1] INFO  server.RaftServerConfigKeys (ConfUtils.java:logGet(43)) - raft.server.snapshot.retention.file.num = 5 (custom)
2019-10-24 14:28:42,690 [pool-47-thread-1] INFO  server.RaftServerConfigKeys (ConfUtils.java:logGet(43)) - raft.server.retrycache.expirytime = 600000ms (custom)
2019-10-24 14:28:42,690 [pool-47-thread-1] WARN  impl.MetricRegistriesImpl (MetricRegistriesImpl.java:lambda$create$1(61)) - First MetricRegistry has been created without registering reporters. You may need to call MetricRegistries.global().addReportRegistration(...) before.
2019-10-24 14:28:42,691 [pool-47-thread-1] WARN  impl.MetricRegistriesImpl (MetricRegistriesImpl.java:lambda$create$1(61)) - First MetricRegistry has been created without registering reporters. You may need to call MetricRegistries.global().addReportRegistration(...) before.
2019-10-24 14:28:42,691 [pool-47-thread-1] INFO  impl.RaftServerImpl (RaftServerImpl.java:start(184)) - e72563ba-91b4-4473-a773-2e1c57d3b28f@group-659AE30B5245: start as a follower, conf=-1: [e72563ba-91b4-4473-a773-2e1c57d3b28f:192.168.69.108:38541], old=null
2019-10-24 14:28:42,691 [pool-47-thread-1] INFO  impl.RaftServerImpl (RaftServerImpl.java:setRole(173)) - e72563ba-91b4-4473-a773-2e1c57d3b28f@group-659AE30B5245: changes role from      null to FOLLOWER at term 0 for startAsFollower
2019-10-24 14:28:42,691 [pool-47-thread-1] INFO  impl.RoleInfo (RoleInfo.java:updateAndGet(143)) - e72563ba-91b4-4473-a773-2e1c57d3b28f: start FollowerState
2019-10-24 14:28:42,692 [pool-47-thread-1] INFO  util.JmxRegister (JmxRegister.java:tryRegister(44)) - Successfully registered JMX Bean with object name Ratis:service=RaftServer,group=group-659AE30B5245,id=e72563ba-91b4-4473-a773-2e1c57d3b28f
2019-10-24 14:28:42,692 [pool-47-thread-1] WARN  impl.MetricRegistriesImpl (MetricRegistriesImpl.java:lambda$create$1(61)) - First MetricRegistry has been created without registering reporters. You may need to call MetricRegistries.global().addReportRegistration(...) before.
2019-10-24 14:28:42,707 [RatisPipelineUtilsThread] INFO  pipeline.PipelineStateManager (PipelineStateManager.java:addPipeline(56)) - Created pipeline Pipeline[ Id: e72998c9-98b8-4525-814a-659ae30b5245, Nodes: e72563ba-91b4-4473-a773-2e1c57d3b28f{ip: 192.168.69.108, host: pr-hdds-2347-txrx8-1920290359, networkLocation: /default-rack, certSerialId: null}, Type:RATIS, Factor:ONE, State:OPEN]
2019-10-24 14:28:42,745 [grpc-default-executor-2] INFO  impl.RaftServerProxy (RaftServerProxy.java:addNew(89)) - 42dc87bf-e32b-4dd2-9e00-10549665eb60: addNew group-DCA73B360714:[e72563ba-91b4-4473-a773-2e1c57d3b28f:192.168.69.108:38541, 42dc87bf-e32b-4dd2-9e00-10549665eb60:192.168.69.108:40840, 4fbf6b7a-b21a-4ba4-99d8-46c6f2467a6f:192.168.69.108:45188] returns group-DCA73B360714:java.util.concurrent.CompletableFuture@560e8175[Not completed]
2019-10-24 14:28:42,745 [grpc-default-executor-1] INFO  impl.RaftServerProxy (RaftServerProxy.java:addNew(89)) - 4fbf6b7a-b21a-4ba4-99d8-46c6f2467a6f: addNew group-DCA73B360714:[e72563ba-91b4-4473-a773-2e1c57d3b28f:192.168.69.108:38541, 42dc87bf-e32b-4dd2-9e00-10549665eb60:192.168.69.108:40840, 4fbf6b7a-b21a-4ba4-99d8-46c6f2467a6f:192.168.69.108:45188] returns group-DCA73B360714:java.util.concurrent.CompletableFuture@736a4ad3[Not completed]
2019-10-24 14:28:42,746 [grpc-default-executor-0] INFO  impl.RaftServerProxy (RaftServerProxy.java:addNew(89)) - e72563ba-91b4-4473-a773-2e1c57d3b28f: addNew group-DCA73B360714:[e72563ba-91b4-4473-a773-2e1c57d3b28f:192.168.69.108:38541, 42dc87bf-e32b-4dd2-9e00-10549665eb60:192.168.69.108:40840, 4fbf6b7a-b21a-4ba4-99d8-46c6f2467a6f:192.168.69.108:45188] returns group-DCA73B360714:java.util.concurrent.CompletableFuture@73a9f380[Not completed]
2019-10-24 14:28:42,748 [pool-27-thread-1] INFO  impl.RaftServerImpl (RaftServerImpl.java:<init>(98)) - 4fbf6b7a-b21a-4ba4-99d8-46c6f2467a6f: new RaftServerImpl for group-DCA73B360714:[e72563ba-91b4-4473-a773-2e1c57d3b28f:192.168.69.108:38541, 42dc87bf-e32b-4dd2-9e00-10549665eb60:192.168.69.108:40840, 4fbf6b7a-b21a-4ba4-99d8-46c6f2467a6f:192.168.69.108:45188] with ContainerStateMachine:uninitialized
2019-10-24 14:28:42,748 [pool-27-thread-1] INFO  server.RaftServerConfigKeys (ConfUtils.java:logGet(43)) - raft.server.rpc.timeout.min = 5s (custom)
2019-10-24 14:28:42,748 [pool-27-thread-1] INFO  server.RaftServerConfigKeys (ConfUtils.java:logGet(43)) - raft.server.rpc.timeout.max = 5200ms (custom)
2019-10-24 14:28:42,748 [pool-27-thread-1] INFO  server.RaftServerConfigKeys (ConfUtils.java:logGet(43)) - raft.server.rpcslowness.timeout = 1000s (custom)
2019-10-24 14:28:42,748 [pool-27-thread-1] INFO  server.RaftServerConfigKeys (ConfUtils.java:logGet(43)) - raft.server.sleep.deviation.threshold = 300 (default)
2019-10-24 14:28:42,749 [pool-27-thread-1] INFO  server.RaftServerConfigKeys (ConfUtils.java:logGet(43)) - raft.server.log.appender.install.snapshot.enabled = false (custom)
2019-10-24 14:28:42,749 [pool-27-thread-1] INFO  impl.RaftServerImpl (ServerState.java:<init>(103)) - 4fbf6b7a-b21a-4ba4-99d8-46c6f2467a6f@group-DCA73B360714: ConfigurationManager, init=-1: [e72563ba-91b4-4473-a773-2e1c57d3b28f:192.168.69.108:38541, 42dc87bf-e32b-4dd2-9e00-10549665eb60:192.168.69.108:40840, 4fbf6b7a-b21a-4ba4-99d8-46c6f2467a6f:192.168.69.108:45188], old=null, confs=<EMPTY_MAP>
2019-10-24 14:28:42,749 [pool-27-thread-1] INFO  server.RaftServerConfigKeys (ConfUtils.java:logGet(43)) - raft.server.storage.dir = [/workdir/hadoop-ozone/integration-test/target/test-dir/MiniOzoneClusterImpl-876addf8-037c-4ba7-a652-3bac2fcc9b72/datanode-0/data/ratis] (custom)
2019-10-24 14:28:42,749 [pool-47-thread-1] INFO  impl.RaftServerImpl (RaftServerImpl.java:<init>(98)) - e72563ba-91b4-4473-a773-2e1c57d3b28f: new RaftServerImpl for group-DCA73B360714:[e72563ba-91b4-4473-a773-2e1c57d3b28f:192.168.69.108:38541, 42dc87bf-e32b-4dd2-9e00-10549665eb60:192.168.69.108:40840, 4fbf6b7a-b21a-4ba4-99d8-46c6f2467a6f:192.168.69.108:45188] with ContainerStateMachine:uninitialized
2019-10-24 14:28:42,750 [pool-47-thread-1] INFO  server.RaftServerConfigKeys (ConfUtils.java:logGet(43)) - raft.server.rpc.timeout.min = 5s (custom)
2019-10-24 14:28:42,750 [pool-27-thread-1] INFO  server.RaftServerConfigKeys (ConfUtils.java:logGet(43)) - raft.server.log.corruption.policy = EXCEPTION (default)
2019-10-24 14:28:42,750 [pool-47-thread-1] INFO  server.RaftServerConfigKeys (ConfUtils.java:logGet(43)) - raft.server.rpc.timeout.max = 5200ms (custom)
2019-10-24 14:28:42,750 [pool-27-thread-1] INFO  storage.RaftStorageDirectory (RaftStorageDirectory.java:analyzeStorage(246)) - The storage directory /workdir/hadoop-ozone/integration-test/target/test-dir/MiniOzoneClusterImpl-876addf8-037c-4ba7-a652-3bac2fcc9b72/datanode-0/data/ratis/237507d0-e2cf-4ea3-94d9-dca73b360714 does not exist. Creating ...
2019-10-24 14:28:42,750 [pool-47-thread-1] INFO  server.RaftServerConfigKeys (ConfUtils.java:logGet(43)) - raft.server.rpcslowness.timeout = 1000s (custom)
2019-10-24 14:28:42,750 [pool-47-thread-1] INFO  server.RaftServerConfigKeys (ConfUtils.java:logGet(43)) - raft.server.sleep.deviation.threshold = 300 (default)
2019-10-24 14:28:42,751 [pool-47-thread-1] INFO  server.RaftServerConfigKeys (ConfUtils.java:logGet(43)) - raft.server.log.appender.install.snapshot.enabled = false (custom)
2019-10-24 14:28:42,751 [pool-47-thread-1] INFO  impl.RaftServerImpl (ServerState.java:<init>(103)) - e72563ba-91b4-4473-a773-2e1c57d3b28f@group-DCA73B360714: ConfigurationManager, init=-1: [e72563ba-91b4-4473-a773-2e1c57d3b28f:192.168.69.108:38541, 42dc87bf-e32b-4dd2-9e00-10549665eb60:192.168.69.108:40840, 4fbf6b7a-b21a-4ba4-99d8-46c6f2467a6f:192.168.69.108:45188], old=null, confs=<EMPTY_MAP>
2019-10-24 14:28:42,751 [pool-37-thread-1] INFO  impl.RaftServerImpl (RaftServerImpl.java:<init>(98)) - 42dc87bf-e32b-4dd2-9e00-10549665eb60: new RaftServerImpl for group-DCA73B360714:[e72563ba-91b4-4473-a773-2e1c57d3b28f:192.168.69.108:38541, 42dc87bf-e32b-4dd2-9e00-10549665eb60:192.168.69.108:40840, 4fbf6b7a-b21a-4ba4-99d8-46c6f2467a6f:192.168.69.108:45188] with ContainerStateMachine:uninitialized
2019-10-24 14:28:42,751 [pool-47-thread-1] INFO  server.RaftServerConfigKeys (ConfUtils.java:logGet(43)) - raft.server.storage.dir = [/workdir/hadoop-ozone/integration-test/target/test-dir/MiniOzoneClusterImpl-876addf8-037c-4ba7-a652-3bac2fcc9b72/datanode-2/data/ratis] (custom)
2019-10-24 14:28:42,751 [pool-37-thread-1] INFO  server.RaftServerConfigKeys (ConfUtils.java:logGet(43)) - raft.server.rpc.timeout.min = 5s (custom)
2019-10-24 14:28:42,752 [pool-37-thread-1] INFO  server.RaftServerConfigKeys (ConfUtils.java:logGet(43)) - raft.server.rpc.timeout.max = 5200ms (custom)
2019-10-24 14:28:42,752 [pool-47-thread-1] INFO  server.RaftServerConfigKeys (ConfUtils.java:logGet(43)) - raft.server.log.corruption.policy = EXCEPTION (default)
2019-10-24 14:28:42,752 [pool-37-thread-1] INFO  server.RaftServerConfigKeys (ConfUtils.java:logGet(43)) - raft.server.rpcslowness.timeout = 1000s (custom)
2019-10-24 14:28:42,752 [pool-47-thread-1] INFO  storage.RaftStorageDirectory (RaftStorageDirectory.java:analyzeStorage(246)) - The storage directory /workdir/hadoop-ozone/integration-test/target/test-dir/MiniOzoneClusterImpl-876addf8-037c-4ba7-a652-3bac2fcc9b72/datanode-2/data/ratis/237507d0-e2cf-4ea3-94d9-dca73b360714 does not exist. Creating ...
2019-10-24 14:28:42,752 [pool-37-thread-1] INFO  server.RaftServerConfigKeys (ConfUtils.java:logGet(43)) - raft.server.sleep.deviation.threshold = 300 (default)
2019-10-24 14:28:42,753 [pool-37-thread-1] INFO  server.RaftServerConfigKeys (ConfUtils.java:logGet(43)) - raft.server.log.appender.install.snapshot.enabled = false (custom)
2019-10-24 14:28:42,753 [pool-37-thread-1] INFO  impl.RaftServerImpl (ServerState.java:<init>(103)) - 42dc87bf-e32b-4dd2-9e00-10549665eb60@group-DCA73B360714: ConfigurationManager, init=-1: [e72563ba-91b4-4473-a773-2e1c57d3b28f:192.168.69.108:38541, 42dc87bf-e32b-4dd2-9e00-10549665eb60:192.168.69.108:40840, 4fbf6b7a-b21a-4ba4-99d8-46c6f2467a6f:192.168.69.108:45188], old=null, confs=<EMPTY_MAP>
2019-10-24 14:28:42,753 [pool-37-thread-1] INFO  server.RaftServerConfigKeys (ConfUtils.java:logGet(43)) - raft.server.storage.dir = [/workdir/hadoop-ozone/integration-test/target/test-dir/MiniOzoneClusterImpl-876addf8-037c-4ba7-a652-3bac2fcc9b72/datanode-1/data/ratis] (custom)
2019-10-24 14:28:42,753 [pool-37-thread-1] INFO  server.RaftServerConfigKeys (ConfUtils.java:logGet(43)) - raft.server.log.corruption.policy = EXCEPTION (default)
2019-10-24 14:28:42,754 [pool-37-thread-1] INFO  storage.RaftStorageDirectory (RaftStorageDirectory.java:analyzeStorage(246)) - The storage directory /workdir/hadoop-ozone/integration-test/target/test-dir/MiniOzoneClusterImpl-876addf8-037c-4ba7-a652-3bac2fcc9b72/datanode-1/data/ratis/237507d0-e2cf-4ea3-94d9-dca73b360714 does not exist. Creating ...
2019-10-24 14:28:42,764 [pool-27-thread-1] INFO  storage.RaftStorageDirectory (RaftStorageDirectory.java:tryLock(328)) - Lock on /workdir/hadoop-ozone/integration-test/target/test-dir/MiniOzoneClusterImpl-876addf8-037c-4ba7-a652-3bac2fcc9b72/datanode-0/data/ratis/237507d0-e2cf-4ea3-94d9-dca73b360714/in_use.lock acquired by nodename 32372@pr-hdds-2347-txrx8-1920290359
2019-10-24 14:28:42,764 [pool-47-thread-1] INFO  storage.RaftStorageDirectory (RaftStorageDirectory.java:tryLock(328)) - Lock on /workdir/hadoop-ozone/integration-test/target/test-dir/MiniOzoneClusterImpl-876addf8-037c-4ba7-a652-3bac2fcc9b72/datanode-2/data/ratis/237507d0-e2cf-4ea3-94d9-dca73b360714/in_use.lock acquired by nodename 32372@pr-hdds-2347-txrx8-1920290359
2019-10-24 14:28:42,764 [pool-37-thread-1] INFO  storage.RaftStorageDirectory (RaftStorageDirectory.java:tryLock(328)) - Lock on /workdir/hadoop-ozone/integration-test/target/test-dir/MiniOzoneClusterImpl-876addf8-037c-4ba7-a652-3bac2fcc9b72/datanode-1/data/ratis/237507d0-e2cf-4ea3-94d9-dca73b360714/in_use.lock acquired by nodename 32372@pr-hdds-2347-txrx8-1920290359
2019-10-24 14:28:42,778 [pool-27-thread-1] INFO  storage.RaftStorage (RaftStorage.java:format(84)) - Storage directory /workdir/hadoop-ozone/integration-test/target/test-dir/MiniOzoneClusterImpl-876addf8-037c-4ba7-a652-3bac2fcc9b72/datanode-0/data/ratis/237507d0-e2cf-4ea3-94d9-dca73b360714 has been successfully formatted.
2019-10-24 14:28:42,778 [pool-47-thread-1] INFO  storage.RaftStorage (RaftStorage.java:format(84)) - Storage directory /workdir/hadoop-ozone/integration-test/target/test-dir/MiniOzoneClusterImpl-876addf8-037c-4ba7-a652-3bac2fcc9b72/datanode-2/data/ratis/237507d0-e2cf-4ea3-94d9-dca73b360714 has been successfully formatted.
2019-10-24 14:28:42,778 [pool-37-thread-1] INFO  storage.RaftStorage (RaftStorage.java:format(84)) - Storage directory /workdir/hadoop-ozone/integration-test/target/test-dir/MiniOzoneClusterImpl-876addf8-037c-4ba7-a652-3bac2fcc9b72/datanode-1/data/ratis/237507d0-e2cf-4ea3-94d9-dca73b360714 has been successfully formatted.
2019-10-24 14:28:42,778 [pool-27-thread-1] INFO  ratis.ContainerStateMachine (ContainerStateMachine.java:loadSnapshot(231)) - group-DCA73B360714: The snapshot info is null. Setting the last applied indexto:(t:0, i:~)
2019-10-24 14:28:42,779 [pool-47-thread-1] INFO  ratis.ContainerStateMachine (ContainerStateMachine.java:loadSnapshot(231)) - group-DCA73B360714: The snapshot info is null. Setting the last applied indexto:(t:0, i:~)
2019-10-24 14:28:42,779 [pool-27-thread-1] INFO  server.RaftServerConfigKeys (ConfUtils.java:logGet(43)) - raft.server.notification.no-leader.timeout = 1000s (custom)
2019-10-24 14:28:42,779 [pool-37-thread-1] INFO  ratis.ContainerStateMachine (ContainerStateMachine.java:loadSnapshot(231)) - group-DCA73B360714: The snapshot info is null. Setting the last applied indexto:(t:0, i:~)
2019-10-24 14:28:42,779 [pool-27-thread-1] INFO  server.RaftServerConfigKeys (ConfUtils.java:logGet(43)) - raft.server.log.use.memory = false (default)
2019-10-24 14:28:42,779 [pool-37-thread-1] INFO  server.RaftServerConfigKeys (ConfUtils.java:logGet(43)) - raft.server.notification.no-leader.timeout = 1000s (custom)
2019-10-24 14:28:42,779 [pool-47-thread-1] INFO  server.RaftServerConfigKeys (ConfUtils.java:logGet(43)) - raft.server.notification.no-leader.timeout = 1000s (custom)
2019-10-24 14:28:42,779 [pool-37-thread-1] INFO  server.RaftServerConfigKeys (ConfUtils.java:logGet(43)) - raft.server.log.use.memory = false (default)
2019-10-24 14:28:42,779 [pool-27-thread-1] INFO  server.RaftServerConfigKeys (ConfUtils.java:logGet(43)) - raft.server.log.purge.gap = 1000000 (custom)
2019-10-24 14:28:42,780 [pool-37-thread-1] INFO  server.RaftServerConfigKeys (ConfUtils.java:logGet(43)) - raft.server.log.purge.gap = 1000000 (custom)
2019-10-24 14:28:42,780 [pool-47-thread-1] INFO  server.RaftServerConfigKeys (ConfUtils.java:logGet(43)) - raft.server.log.use.memory = false (default)
2019-10-24 14:28:42,780 [pool-37-thread-1] INFO  server.RaftServerConfigKeys (ConfUtils.java:logGet(43)) - raft.server.log.appender.buffer.byte-limit = 33554432 (custom)
2019-10-24 14:28:42,780 [pool-27-thread-1] INFO  server.RaftServerConfigKeys (ConfUtils.java:logGet(43)) - raft.server.log.appender.buffer.byte-limit = 33554432 (custom)
2019-10-24 14:28:42,780 [pool-37-thread-1] INFO  server.RaftServerConfigKeys (ConfUtils.java:logGet(43)) - raft.server.log.segment.size.max = 1048576 (custom)
2019-10-24 14:28:42,780 [pool-47-thread-1] INFO  server.RaftServerConfigKeys (ConfUtils.java:logGet(43)) - raft.server.log.purge.gap = 1000000 (custom)
2019-10-24 14:28:42,781 [pool-37-thread-1] INFO  server.RaftServerConfigKeys (ConfUtils.java:logGet(43)) - raft.server.log.segment.cache.num.max = 2 (custom)
2019-10-24 14:28:42,781 [pool-27-thread-1] INFO  server.RaftServerConfigKeys (ConfUtils.java:logGet(43)) - raft.server.log.segment.size.max = 1048576 (custom)
2019-10-24 14:28:42,781 [pool-37-thread-1] INFO  segmented.SegmentedRaftLogWorker (SegmentedRaftLogWorker.java:<init>(173)) - new 42dc87bf-e32b-4dd2-9e00-10549665eb60@group-DCA73B360714-SegmentedRaftLogWorker for RaftStorage:Storage Directory /workdir/hadoop-ozone/integration-test/target/test-dir/MiniOzoneClusterImpl-876addf8-037c-4ba7-a652-3bac2fcc9b72/datanode-1/data/ratis/237507d0-e2cf-4ea3-94d9-dca73b360714
2019-10-24 14:28:42,781 [pool-47-thread-1] INFO  server.RaftServerConfigKeys (ConfUtils.java:logGet(43)) - raft.server.log.appender.buffer.byte-limit = 33554432 (custom)
2019-10-24 14:28:42,781 [pool-37-thread-1] INFO  server.RaftServerConfigKeys (ConfUtils.java:logGet(43)) - raft.server.log.queue.byte-limit = 2147483647 (custom)
2019-10-24 14:28:42,781 [pool-27-thread-1] INFO  server.RaftServerConfigKeys (ConfUtils.java:logGet(43)) - raft.server.log.segment.cache.num.max = 2 (custom)
2019-10-24 14:28:42,782 [pool-37-thread-1] INFO  server.RaftServerConfigKeys (ConfUtils.java:logGet(43)) - raft.server.log.queue.element-limit = 1024 (custom)
2019-10-24 14:28:42,781 [pool-47-thread-1] INFO  server.RaftServerConfigKeys (ConfUtils.java:logGet(43)) - raft.server.log.segment.size.max = 1048576 (custom)
2019-10-24 14:28:42,782 [pool-37-thread-1] INFO  server.RaftServerConfigKeys (ConfUtils.java:logGet(43)) - raft.server.log.segment.size.max = 1048576 (custom)
2019-10-24 14:28:42,782 [pool-27-thread-1] INFO  segmented.SegmentedRaftLogWorker (SegmentedRaftLogWorker.java:<init>(173)) - new 4fbf6b7a-b21a-4ba4-99d8-46c6f2467a6f@group-DCA73B360714-SegmentedRaftLogWorker for RaftStorage:Storage Directory /workdir/hadoop-ozone/integration-test/target/test-dir/MiniOzoneClusterImpl-876addf8-037c-4ba7-a652-3bac2fcc9b72/datanode-0/data/ratis/237507d0-e2cf-4ea3-94d9-dca73b360714
2019-10-24 14:28:42,782 [pool-37-thread-1] INFO  server.RaftServerConfigKeys (ConfUtils.java:logGet(43)) - raft.server.log.preallocated.size = 16384 (custom)
2019-10-24 14:28:42,782 [pool-27-thread-1] INFO  server.RaftServerConfigKeys (ConfUtils.java:logGet(43)) - raft.server.log.queue.byte-limit = 2147483647 (custom)
2019-10-24 14:28:42,782 [pool-47-thread-1] INFO  server.RaftServerConfigKeys (ConfUtils.java:logGet(43)) - raft.server.log.segment.cache.num.max = 2 (custom)
2019-10-24 14:28:42,783 [pool-27-thread-1] INFO  server.RaftServerConfigKeys (ConfUtils.java:logGet(43)) - raft.server.log.queue.element-limit = 1024 (custom)
2019-10-24 14:28:42,782 [pool-37-thread-1] INFO  server.RaftServerConfigKeys (ConfUtils.java:logGet(43)) - raft.server.log.write.buffer.size = 33554432 (custom)
2019-10-24 14:28:42,783 [pool-27-thread-1] INFO  server.RaftServerConfigKeys (ConfUtils.java:logGet(43)) - raft.server.log.segment.size.max = 1048576 (custom)
2019-10-24 14:28:42,783 [pool-47-thread-1] INFO  segmented.SegmentedRaftLogWorker (SegmentedRaftLogWorker.java:<init>(173)) - new e72563ba-91b4-4473-a773-2e1c57d3b28f@group-DCA73B360714-SegmentedRaftLogWorker for RaftStorage:Storage Directory /workdir/hadoop-ozone/integration-test/target/test-dir/MiniOzoneClusterImpl-876addf8-037c-4ba7-a652-3bac2fcc9b72/datanode-2/data/ratis/237507d0-e2cf-4ea3-94d9-dca73b360714
2019-10-24 14:28:42,783 [pool-27-thread-1] INFO  server.RaftServerConfigKeys (ConfUtils.java:logGet(43)) - raft.server.log.preallocated.size = 16384 (custom)
2019-10-24 14:28:42,783 [pool-37-thread-1] INFO  server.RaftServerConfigKeys (ConfUtils.java:logGet(43)) - raft.server.log.force.sync.num = 128 (default)
2019-10-24 14:28:42,784 [pool-27-thread-1] INFO  server.RaftServerConfigKeys (ConfUtils.java:logGet(43)) - raft.server.log.write.buffer.size = 33554432 (custom)
2019-10-24 14:28:42,784 [pool-47-thread-1] INFO  server.RaftServerConfigKeys (ConfUtils.java:logGet(43)) - raft.server.log.queue.byte-limit = 2147483647 (custom)
2019-10-24 14:28:42,784 [pool-27-thread-1] INFO  server.RaftServerConfigKeys (ConfUtils.java:logGet(43)) - raft.server.log.force.sync.num = 128 (default)
2019-10-24 14:28:42,784 [pool-37-thread-1] INFO  server.RaftServerConfigKeys (ConfUtils.java:logGet(43)) - raft.server.log.statemachine.data.sync = true (default)
2019-10-24 14:28:42,784 [pool-27-thread-1] INFO  server.RaftServerConfigKeys (ConfUtils.java:logGet(43)) - raft.server.log.statemachine.data.sync = true (default)
2019-10-24 14:28:42,784 [pool-47-thread-1] INFO  server.RaftServerConfigKeys (ConfUtils.java:logGet(43)) - raft.server.log.queue.element-limit = 1024 (custom)
2019-10-24 14:28:42,785 [pool-27-thread-1] INFO  server.RaftServerConfigKeys (ConfUtils.java:logGet(43)) - raft.server.log.statemachine.data.sync.timeout = 10s (default)
2019-10-24 14:28:42,784 [pool-37-thread-1] INFO  server.RaftServerConfigKeys (ConfUtils.java:logGet(43)) - raft.server.log.statemachine.data.sync.timeout = 10s (default)
2019-10-24 14:28:42,785 [pool-27-thread-1] INFO  server.RaftServerConfigKeys (ConfUtils.java:logGet(43)) - raft.server.log.statemachine.data.sync.timeout.retry = -1 (default)
2019-10-24 14:28:42,785 [pool-47-thread-1] INFO  server.RaftServerConfigKeys (ConfUtils.java:logGet(43)) - raft.server.log.segment.size.max = 1048576 (custom)
2019-10-24 14:28:42,785 [pool-27-thread-1] INFO  server.RaftServerConfigKeys (ConfUtils.java:logGet(43)) - raft.server.log.statemachine.data.caching.enabled = true (custom)
2019-10-24 14:28:42,785 [pool-37-thread-1] INFO  server.RaftServerConfigKeys (ConfUtils.java:logGet(43)) - raft.server.log.statemachine.data.sync.timeout.retry = -1 (default)
2019-10-24 14:28:42,785 [pool-47-thread-1] INFO  server.RaftServerConfigKeys (ConfUtils.java:logGet(43)) - raft.server.log.preallocated.size = 16384 (custom)
2019-10-24 14:28:42,786 [pool-27-thread-1] INFO  segmented.SegmentedRaftLogWorker (SegmentedRaftLogWorker.java:lambda$new$0(128)) - 4fbf6b7a-b21a-4ba4-99d8-46c6f2467a6f@group-DCA73B360714-SegmentedRaftLogWorker: flushIndex: setUnconditionally 0 -> -1
2019-10-24 14:28:42,786 [pool-47-thread-1] INFO  server.RaftServerConfigKeys (ConfUtils.java:logGet(43)) - raft.server.log.write.buffer.size = 33554432 (custom)
2019-10-24 14:28:42,786 [pool-37-thread-1] INFO  server.RaftServerConfigKeys (ConfUtils.java:logGet(43)) - raft.server.log.statemachine.data.caching.enabled = true (custom)
2019-10-24 14:28:42,786 [pool-27-thread-1] INFO  server.RaftServerConfigKeys (ConfUtils.java:logGet(43)) - raft.server.snapshot.auto.trigger.enabled = true (custom)
2019-10-24 14:28:42,786 [pool-47-thread-1] INFO  server.RaftServerConfigKeys (ConfUtils.java:logGet(43)) - raft.server.log.force.sync.num = 128 (default)
2019-10-24 14:28:42,787 [pool-37-thread-1] INFO  segmented.SegmentedRaftLogWorker (SegmentedRaftLogWorker.java:lambda$new$0(128)) - 42dc87bf-e32b-4dd2-9e00-10549665eb60@group-DCA73B360714-SegmentedRaftLogWorker: flushIndex: setUnconditionally 0 -> -1
2019-10-24 14:28:42,787 [pool-27-thread-1] INFO  server.RaftServerConfigKeys (ConfUtils.java:logGet(43)) - raft.server.snapshot.auto.trigger.threshold = 10000 (custom)
2019-10-24 14:28:42,787 [pool-47-thread-1] INFO  server.RaftServerConfigKeys (ConfUtils.java:logGet(43)) - raft.server.log.statemachine.data.sync = true (default)
2019-10-24 14:28:42,787 [pool-37-thread-1] INFO  server.RaftServerConfigKeys (ConfUtils.java:logGet(43)) - raft.server.snapshot.auto.trigger.enabled = true (custom)
2019-10-24 14:28:42,787 [pool-27-thread-1] INFO  server.RaftServerConfigKeys (ConfUtils.java:logGet(43)) - raft.server.snapshot.retention.file.num = 5 (custom)
2019-10-24 14:28:42,788 [pool-37-thread-1] INFO  server.RaftServerConfigKeys (ConfUtils.java:logGet(43)) - raft.server.snapshot.auto.trigger.threshold = 10000 (custom)
2019-10-24 14:28:42,788 [pool-27-thread-1] INFO  server.RaftServerConfigKeys (ConfUtils.java:logGet(43)) - raft.server.retrycache.expirytime = 600000ms (custom)
2019-10-24 14:28:42,788 [pool-47-thread-1] INFO  server.RaftServerConfigKeys (ConfUtils.java:logGet(43)) - raft.server.log.statemachine.data.sync.timeout = 10s (default)
2019-10-24 14:28:42,788 [pool-27-thread-1] WARN  impl.MetricRegistriesImpl (MetricRegistriesImpl.java:lambda$create$1(61)) - First MetricRegistry has been created without registering reporters. You may need to call MetricRegistries.global().addReportRegistration(...) before.
2019-10-24 14:28:42,788 [pool-37-thread-1] INFO  server.RaftServerConfigKeys (ConfUtils.java:logGet(43)) - raft.server.snapshot.retention.file.num = 5 (custom)
2019-10-24 14:28:42,788 [pool-27-thread-1] WARN  impl.MetricRegistriesImpl (MetricRegistriesImpl.java:lambda$create$1(61)) - First MetricRegistry has been created without registering reporters. You may need to call MetricRegistries.global().addReportRegistration(...) before.
2019-10-24 14:28:42,788 [pool-47-thread-1] INFO  server.RaftServerConfigKeys (ConfUtils.java:logGet(43)) - raft.server.log.statemachine.data.sync.timeout.retry = -1 (default)
2019-10-24 14:28:42,789 [pool-27-thread-1] INFO  impl.RaftServerImpl (RaftServerImpl.java:start(184)) - 4fbf6b7a-b21a-4ba4-99d8-46c6f2467a6f@group-DCA73B360714: start as a follower, conf=-1: [e72563ba-91b4-4473-a773-2e1c57d3b28f:192.168.69.108:38541, 42dc87bf-e32b-4dd2-9e00-10549665eb60:192.168.69.108:40840, 4fbf6b7a-b21a-4ba4-99d8-46c6f2467a6f:192.168.69.108:45188], old=null
2019-10-24 14:28:42,789 [pool-37-thread-1] INFO  server.RaftServerConfigKeys (ConfUtils.java:logGet(43)) - raft.server.retrycache.expirytime = 600000ms (custom)
2019-10-24 14:28:42,789 [pool-47-thread-1] INFO  server.RaftServerConfigKeys (ConfUtils.java:logGet(43)) - raft.server.log.statemachine.data.caching.enabled = true (custom)
2019-10-24 14:28:42,789 [pool-27-thread-1] INFO  impl.RaftServerImpl (RaftServerImpl.java:setRole(173)) - 4fbf6b7a-b21a-4ba4-99d8-46c6f2467a6f@group-DCA73B360714: changes role from      null to FOLLOWER at term 0 for startAsFollower
2019-10-24 14:28:42,789 [pool-37-thread-1] WARN  impl.MetricRegistriesImpl (MetricRegistriesImpl.java:lambda$create$1(61)) - First MetricRegistry has been created without registering reporters. You may need to call MetricRegistries.global().addReportRegistration(...) before.
2019-10-24 14:28:42,790 [pool-47-thread-1] INFO  segmented.SegmentedRaftLogWorker (SegmentedRaftLogWorker.java:lambda$new$0(128)) - e72563ba-91b4-4473-a773-2e1c57d3b28f@group-DCA73B360714-SegmentedRaftLogWorker: flushIndex: setUnconditionally 0 -> -1
2019-10-24 14:28:42,790 [pool-27-thread-1] INFO  impl.RoleInfo (RoleInfo.java:updateAndGet(143)) - 4fbf6b7a-b21a-4ba4-99d8-46c6f2467a6f: start FollowerState
2019-10-24 14:28:42,790 [pool-37-thread-1] WARN  impl.MetricRegistriesImpl (MetricRegistriesImpl.java:lambda$create$1(61)) - First MetricRegistry has been created without registering reporters. You may need to call MetricRegistries.global().addReportRegistration(...) before.
2019-10-24 14:28:42,790 [pool-47-thread-1] INFO  server.RaftServerConfigKeys (ConfUtils.java:logGet(43)) - raft.server.snapshot.auto.trigger.enabled = true (custom)
2019-10-24 14:28:42,790 [pool-37-thread-1] INFO  impl.RaftServerImpl (RaftServerImpl.java:start(184)) - 42dc87bf-e32b-4dd2-9e00-10549665eb60@group-DCA73B360714: start as a follower, conf=-1: [e72563ba-91b4-4473-a773-2e1c57d3b28f:192.168.69.108:38541, 42dc87bf-e32b-4dd2-9e00-10549665eb60:192.168.69.108:40840, 4fbf6b7a-b21a-4ba4-99d8-46c6f2467a6f:192.168.69.108:45188], old=null
2019-10-24 14:28:42,791 [pool-47-thread-1] INFO  server.RaftServerConfigKeys (ConfUtils.java:logGet(43)) - raft.server.snapshot.auto.trigger.threshold = 10000 (custom)
2019-10-24 14:28:42,791 [pool-27-thread-1] INFO  util.JmxRegister (JmxRegister.java:tryRegister(44)) - Successfully registered JMX Bean with object name Ratis:service=RaftServer,group=group-DCA73B360714,id=4fbf6b7a-b21a-4ba4-99d8-46c6f2467a6f
2019-10-24 14:28:42,791 [pool-47-thread-1] INFO  server.RaftServerConfigKeys (ConfUtils.java:logGet(43)) - raft.server.snapshot.retention.file.num = 5 (custom)
2019-10-24 14:28:42,791 [pool-37-thread-1] INFO  impl.RaftServerImpl (RaftServerImpl.java:setRole(173)) - 42dc87bf-e32b-4dd2-9e00-10549665eb60@group-DCA73B360714: changes role from      null to FOLLOWER at term 0 for startAsFollower
2019-10-24 14:28:42,791 [pool-27-thread-1] WARN  impl.MetricRegistriesImpl (MetricRegistriesImpl.java:lambda$create$1(61)) - First MetricRegistry has been created without registering reporters. You may need to call MetricRegistries.global().addReportRegistration(...) before.
2019-10-24 14:28:42,791 [pool-37-thread-1] INFO  impl.RoleInfo (RoleInfo.java:updateAndGet(143)) - 42dc87bf-e32b-4dd2-9e00-10549665eb60: start FollowerState
2019-10-24 14:28:42,791 [pool-47-thread-1] INFO  server.RaftServerConfigKeys (ConfUtils.java:logGet(43)) - raft.server.retrycache.expirytime = 600000ms (custom)
2019-10-24 14:28:42,792 [pool-47-thread-1] WARN  impl.MetricRegistriesImpl (MetricRegistriesImpl.java:lambda$create$1(61)) - First MetricRegistry has been created without registering reporters. You may need to call MetricRegistries.global().addReportRegistration(...) before.
2019-10-24 14:28:42,792 [pool-47-thread-1] WARN  impl.MetricRegistriesImpl (MetricRegistriesImpl.java:lambda$create$1(61)) - First MetricRegistry has been created without registering reporters. You may need to call MetricRegistries.global().addReportRegistration(...) before.
2019-10-24 14:28:42,792 [pool-37-thread-1] INFO  util.JmxRegister (JmxRegister.java:tryRegister(44)) - Successfully registered JMX Bean with object name Ratis:service=RaftServer,group=group-DCA73B360714,id=42dc87bf-e32b-4dd2-9e00-10549665eb60
2019-10-24 14:28:42,792 [pool-47-thread-1] INFO  impl.RaftServerImpl (RaftServerImpl.java:start(184)) - e72563ba-91b4-4473-a773-2e1c57d3b28f@group-DCA73B360714: start as a follower, conf=-1: [e72563ba-91b4-4473-a773-2e1c57d3b28f:192.168.69.108:38541, 42dc87bf-e32b-4dd2-9e00-10549665eb60:192.168.69.108:40840, 4fbf6b7a-b21a-4ba4-99d8-46c6f2467a6f:192.168.69.108:45188], old=null
2019-10-24 14:28:42,792 [pool-37-thread-1] WARN  impl.MetricRegistriesImpl (MetricRegistriesImpl.java:lambda$create$1(61)) - First MetricRegistry has been created without registering reporters. You may need to call MetricRegistries.global().addReportRegistration(...) before.
2019-10-24 14:28:42,793 [pool-47-thread-1] INFO  impl.RaftServerImpl (RaftServerImpl.java:setRole(173)) - e72563ba-91b4-4473-a773-2e1c57d3b28f@group-DCA73B360714: changes role from      null to FOLLOWER at term 0 for startAsFollower
2019-10-24 14:28:42,794 [pool-47-thread-1] INFO  impl.RoleInfo (RoleInfo.java:updateAndGet(143)) - e72563ba-91b4-4473-a773-2e1c57d3b28f: start FollowerState
2019-10-24 14:28:42,795 [pool-47-thread-1] INFO  util.JmxRegister (JmxRegister.java:tryRegister(44)) - Successfully registered JMX Bean with object name Ratis:service=RaftServer,group=group-DCA73B360714,id=e72563ba-91b4-4473-a773-2e1c57d3b28f
2019-10-24 14:28:42,796 [pool-47-thread-1] WARN  impl.MetricRegistriesImpl (MetricRegistriesImpl.java:lambda$create$1(61)) - First MetricRegistry has been created without registering reporters. You may need to call MetricRegistries.global().addReportRegistration(...) before.
2019-10-24 14:28:42,818 [RatisPipelineUtilsThread] INFO  pipeline.PipelineStateManager (PipelineStateManager.java:addPipeline(56)) - Created pipeline Pipeline[ Id: 237507d0-e2cf-4ea3-94d9-dca73b360714, Nodes: 42dc87bf-e32b-4dd2-9e00-10549665eb60{ip: 192.168.69.108, host: pr-hdds-2347-txrx8-1920290359, networkLocation: /default-rack, certSerialId: null}e72563ba-91b4-4473-a773-2e1c57d3b28f{ip: 192.168.69.108, host: pr-hdds-2347-txrx8-1920290359, networkLocation: /default-rack, certSerialId: null}4fbf6b7a-b21a-4ba4-99d8-46c6f2467a6f{ip: 192.168.69.108, host: pr-hdds-2347-txrx8-1920290359, networkLocation: /default-rack, certSerialId: null}, Type:RATIS, Factor:THREE, State:OPEN]
2019-10-24 14:28:42,911 [main] INFO  ozone.MiniOzoneClusterImpl (MiniOzoneClusterImpl.java:lambda$waitForClusterToBeReady$0(147)) - Cluster is ready. Got 3 of 3 DN Heartbeats.
2019-10-24 14:28:43,409 [main] INFO  rpc.RpcClient (RpcClient.java:createVolume(272)) - Creating Volume: testcontainerstatemachinefailures, with jenkins1000 as owner.
2019-10-24 14:28:43,509 [IPC Server handler 1 on 38066] INFO  volume.OMVolumeCreateRequest (OMVolumeCreateRequest.java:validateAndUpdateCache(193)) - created volume:testcontainerstatemachinefailures for user:jenkins1000
2019-10-24 14:28:43,557 [main] INFO  rpc.RpcClient (RpcClient.java:createBucket(411)) - Creating Bucket: testcontainerstatemachinefailures/testcontainerstatemachinefailures, with Versioning false and Storage Type set to DISK and Encryption set to false 
2019-10-24 14:28:44,062 [main] INFO  impl.MetricsSystemImpl (MetricsSystemImpl.java:init(158)) - XceiverClientMetrics metrics system started (again)
2019-10-24 14:28:44,772 [Thread-181] INFO  container.ReplicationManager (ReplicationManager.java:start(162)) - Starting Replication Monitor Thread.
2019-10-24 14:28:44,777 [ReplicationMonitor] INFO  container.ReplicationManager (ReplicationManager.java:run(225)) - Replication Monitor Thread took 3 milliseconds for processing 1 containers.
2019-10-24 14:28:47,542 [Thread-186] INFO  impl.FollowerState (FollowerState.java:run(111)) - 4fbf6b7a-b21a-4ba4-99d8-46c6f2467a6f@group-B68A6CAE9DB7-FollowerState: change to CANDIDATE, lastRpcTime:5126ms, electionTimeout:5125ms
2019-10-24 14:28:47,544 [Thread-186] INFO  impl.RoleInfo (RoleInfo.java:shutdownFollowerState(121)) - 4fbf6b7a-b21a-4ba4-99d8-46c6f2467a6f: shutdown FollowerState
2019-10-24 14:28:47,545 [Thread-186] INFO  impl.RaftServerImpl (RaftServerImpl.java:setRole(173)) - 4fbf6b7a-b21a-4ba4-99d8-46c6f2467a6f@group-B68A6CAE9DB7: changes role from  FOLLOWER to CANDIDATE at term 0 for changeToCandidate
2019-10-24 14:28:47,550 [Thread-186] INFO  impl.RoleInfo (RoleInfo.java:updateAndGet(143)) - 4fbf6b7a-b21a-4ba4-99d8-46c6f2467a6f: start LeaderElection
2019-10-24 14:28:47,579 [4fbf6b7a-b21a-4ba4-99d8-46c6f2467a6f@group-B68A6CAE9DB7-LeaderElection1] INFO  impl.LeaderElection (LeaderElection.java:askForVotes(178)) - 4fbf6b7a-b21a-4ba4-99d8-46c6f2467a6f@group-B68A6CAE9DB7-LeaderElection1: begin an election at term 1 for -1: [4fbf6b7a-b21a-4ba4-99d8-46c6f2467a6f:192.168.69.108:45188], old=null
2019-10-24 14:28:47,581 [4fbf6b7a-b21a-4ba4-99d8-46c6f2467a6f@group-B68A6CAE9DB7-LeaderElection1] INFO  impl.RoleInfo (RoleInfo.java:shutdownLeaderElection(134)) - 4fbf6b7a-b21a-4ba4-99d8-46c6f2467a6f: shutdown LeaderElection
2019-10-24 14:28:47,581 [4fbf6b7a-b21a-4ba4-99d8-46c6f2467a6f@group-B68A6CAE9DB7-LeaderElection1] INFO  impl.RaftServerImpl (RaftServerImpl.java:setRole(173)) - 4fbf6b7a-b21a-4ba4-99d8-46c6f2467a6f@group-B68A6CAE9DB7: changes role from CANDIDATE to LEADER at term 1 for changeToLeader
2019-10-24 14:28:47,582 [4fbf6b7a-b21a-4ba4-99d8-46c6f2467a6f@group-B68A6CAE9DB7-LeaderElection1] INFO  impl.RaftServerImpl (ServerState.java:setLeader(255)) - 4fbf6b7a-b21a-4ba4-99d8-46c6f2467a6f@group-B68A6CAE9DB7: change Leader from null to 4fbf6b7a-b21a-4ba4-99d8-46c6f2467a6f at term 1 for becomeLeader, leader elected after 5251ms
2019-10-24 14:28:47,588 [4fbf6b7a-b21a-4ba4-99d8-46c6f2467a6f@group-B68A6CAE9DB7-LeaderElection1] INFO  server.RaftServerConfigKeys (ConfUtils.java:logGet(43)) - raft.server.staging.catchup.gap = 1000 (default)
2019-10-24 14:28:47,588 [4fbf6b7a-b21a-4ba4-99d8-46c6f2467a6f@group-B68A6CAE9DB7-LeaderElection1] INFO  server.RaftServerConfigKeys (ConfUtils.java:logGet(43)) - raft.server.rpc.sleep.time = 25ms (default)
2019-10-24 14:28:47,593 [4fbf6b7a-b21a-4ba4-99d8-46c6f2467a6f@group-B68A6CAE9DB7-LeaderElection1] INFO  server.RaftServerConfigKeys (ConfUtils.java:logGet(43)) - raft.server.write.element-limit = 4096 (default)
2019-10-24 14:28:47,600 [4fbf6b7a-b21a-4ba4-99d8-46c6f2467a6f@group-B68A6CAE9DB7-LeaderElection1] INFO  server.RaftServerConfigKeys (ConfUtils.java:logGet(43)) - raft.server.watch.timeout = 10s (default)
2019-10-24 14:28:47,601 [4fbf6b7a-b21a-4ba4-99d8-46c6f2467a6f@group-B68A6CAE9DB7-LeaderElection1] INFO  server.RaftServerConfigKeys (ConfUtils.java:logGet(43)) - raft.server.watch.timeout.denomination = 1s (default)
2019-10-24 14:28:47,602 [4fbf6b7a-b21a-4ba4-99d8-46c6f2467a6f@group-B68A6CAE9DB7-LeaderElection1] INFO  server.RaftServerConfigKeys (ConfUtils.java:logGet(43)) - raft.server.watch.element-limit = 65536 (default)
2019-10-24 14:28:47,611 [4fbf6b7a-b21a-4ba4-99d8-46c6f2467a6f@group-B68A6CAE9DB7-LeaderElection1] INFO  impl.RoleInfo (RoleInfo.java:updateAndGet(143)) - 4fbf6b7a-b21a-4ba4-99d8-46c6f2467a6f: start LeaderState
2019-10-24 14:28:47,624 [Thread-189] INFO  impl.FollowerState (FollowerState.java:run(111)) - 42dc87bf-e32b-4dd2-9e00-10549665eb60@group-E4F57B5570FB-FollowerState: change to CANDIDATE, lastRpcTime:5047ms, electionTimeout:5046ms
2019-10-24 14:28:47,625 [Thread-189] INFO  impl.RoleInfo (RoleInfo.java:shutdownFollowerState(121)) - 42dc87bf-e32b-4dd2-9e00-10549665eb60: shutdown FollowerState
2019-10-24 14:28:47,625 [Thread-189] INFO  impl.RaftServerImpl (RaftServerImpl.java:setRole(173)) - 42dc87bf-e32b-4dd2-9e00-10549665eb60@group-E4F57B5570FB: changes role from  FOLLOWER to CANDIDATE at term 0 for changeToCandidate
2019-10-24 14:28:47,625 [Thread-189] INFO  impl.RoleInfo (RoleInfo.java:updateAndGet(143)) - 42dc87bf-e32b-4dd2-9e00-10549665eb60: start LeaderElection
2019-10-24 14:28:47,635 [4fbf6b7a-b21a-4ba4-99d8-46c6f2467a6f@group-B68A6CAE9DB7-LeaderElection1] INFO  segmented.SegmentedRaftLogWorker (SegmentedRaftLogWorker.java:startLogSegment(385)) - 4fbf6b7a-b21a-4ba4-99d8-46c6f2467a6f@group-B68A6CAE9DB7-SegmentedRaftLogWorker: Starting segment from index:0
2019-10-24 14:28:47,641 [42dc87bf-e32b-4dd2-9e00-10549665eb60@group-E4F57B5570FB-LeaderElection2] INFO  impl.LeaderElection (LeaderElection.java:askForVotes(178)) - 42dc87bf-e32b-4dd2-9e00-10549665eb60@group-E4F57B5570FB-LeaderElection2: begin an election at term 1 for -1: [42dc87bf-e32b-4dd2-9e00-10549665eb60:192.168.69.108:40840], old=null
2019-10-24 14:28:47,642 [42dc87bf-e32b-4dd2-9e00-10549665eb60@group-E4F57B5570FB-LeaderElection2] INFO  impl.RoleInfo (RoleInfo.java:shutdownLeaderElection(134)) - 42dc87bf-e32b-4dd2-9e00-10549665eb60: shutdown LeaderElection
2019-10-24 14:28:47,642 [42dc87bf-e32b-4dd2-9e00-10549665eb60@group-E4F57B5570FB-LeaderElection2] INFO  impl.RaftServerImpl (RaftServerImpl.java:setRole(173)) - 42dc87bf-e32b-4dd2-9e00-10549665eb60@group-E4F57B5570FB: changes role from CANDIDATE to LEADER at term 1 for changeToLeader
2019-10-24 14:28:47,642 [42dc87bf-e32b-4dd2-9e00-10549665eb60@group-E4F57B5570FB-LeaderElection2] INFO  impl.RaftServerImpl (ServerState.java:setLeader(255)) - 42dc87bf-e32b-4dd2-9e00-10549665eb60@group-E4F57B5570FB: change Leader from null to 42dc87bf-e32b-4dd2-9e00-10549665eb60 at term 1 for becomeLeader, leader elected after 5078ms
2019-10-24 14:28:47,643 [42dc87bf-e32b-4dd2-9e00-10549665eb60@group-E4F57B5570FB-LeaderElection2] INFO  server.RaftServerConfigKeys (ConfUtils.java:logGet(43)) - raft.server.staging.catchup.gap = 1000 (default)
2019-10-24 14:28:47,643 [42dc87bf-e32b-4dd2-9e00-10549665eb60@group-E4F57B5570FB-LeaderElection2] INFO  server.RaftServerConfigKeys (ConfUtils.java:logGet(43)) - raft.server.rpc.sleep.time = 25ms (default)
2019-10-24 14:28:47,643 [42dc87bf-e32b-4dd2-9e00-10549665eb60@group-E4F57B5570FB-LeaderElection2] INFO  server.RaftServerConfigKeys (ConfUtils.java:logGet(43)) - raft.server.write.element-limit = 4096 (default)
2019-10-24 14:28:47,643 [42dc87bf-e32b-4dd2-9e00-10549665eb60@group-E4F57B5570FB-LeaderElection2] INFO  server.RaftServerConfigKeys (ConfUtils.java:logGet(43)) - raft.server.watch.timeout = 10s (default)
2019-10-24 14:28:47,643 [42dc87bf-e32b-4dd2-9e00-10549665eb60@group-E4F57B5570FB-LeaderElection2] INFO  server.RaftServerConfigKeys (ConfUtils.java:logGet(43)) - raft.server.watch.timeout.denomination = 1s (default)
2019-10-24 14:28:47,643 [42dc87bf-e32b-4dd2-9e00-10549665eb60@group-E4F57B5570FB-LeaderElection2] INFO  server.RaftServerConfigKeys (ConfUtils.java:logGet(43)) - raft.server.watch.element-limit = 65536 (default)
2019-10-24 14:28:47,643 [42dc87bf-e32b-4dd2-9e00-10549665eb60@group-E4F57B5570FB-LeaderElection2] INFO  impl.RoleInfo (RoleInfo.java:updateAndGet(143)) - 42dc87bf-e32b-4dd2-9e00-10549665eb60: start LeaderState
2019-10-24 14:28:47,644 [42dc87bf-e32b-4dd2-9e00-10549665eb60@group-E4F57B5570FB-LeaderElection2] INFO  segmented.SegmentedRaftLogWorker (SegmentedRaftLogWorker.java:startLogSegment(385)) - 42dc87bf-e32b-4dd2-9e00-10549665eb60@group-E4F57B5570FB-SegmentedRaftLogWorker: Starting segment from index:0
2019-10-24 14:28:47,645 [4fbf6b7a-b21a-4ba4-99d8-46c6f2467a6f@group-B68A6CAE9DB7-LeaderElection1] INFO  impl.RaftServerImpl (ServerState.java:setRaftConf(356)) - 4fbf6b7a-b21a-4ba4-99d8-46c6f2467a6f@group-B68A6CAE9DB7: set configuration 0: [4fbf6b7a-b21a-4ba4-99d8-46c6f2467a6f:192.168.69.108:45188], old=null at 0
2019-10-24 14:28:47,645 [42dc87bf-e32b-4dd2-9e00-10549665eb60@group-E4F57B5570FB-LeaderElection2] INFO  impl.RaftServerImpl (ServerState.java:setRaftConf(356)) - 42dc87bf-e32b-4dd2-9e00-10549665eb60@group-E4F57B5570FB: set configuration 0: [42dc87bf-e32b-4dd2-9e00-10549665eb60:192.168.69.108:40840], old=null at 0
2019-10-24 14:28:47,797 [Thread-198] INFO  impl.FollowerState (FollowerState.java:run(111)) - 42dc87bf-e32b-4dd2-9e00-10549665eb60@group-DCA73B360714-FollowerState: change to CANDIDATE, lastRpcTime:5005ms, electionTimeout:5005ms
2019-10-24 14:28:47,797 [Thread-198] INFO  impl.RoleInfo (RoleInfo.java:shutdownFollowerState(121)) - 42dc87bf-e32b-4dd2-9e00-10549665eb60: shutdown FollowerState
2019-10-24 14:28:47,798 [Thread-198] INFO  impl.RaftServerImpl (RaftServerImpl.java:setRole(173)) - 42dc87bf-e32b-4dd2-9e00-10549665eb60@group-DCA73B360714: changes role from  FOLLOWER to CANDIDATE at term 0 for changeToCandidate
2019-10-24 14:28:47,798 [Thread-198] INFO  impl.RoleInfo (RoleInfo.java:updateAndGet(143)) - 42dc87bf-e32b-4dd2-9e00-10549665eb60: start LeaderElection
2019-10-24 14:28:47,807 [42dc87bf-e32b-4dd2-9e00-10549665eb60@group-E4F57B5570FB-SegmentedRaftLogWorker] INFO  segmented.SegmentedRaftLogWorker (SegmentedRaftLogWorker.java:execute(576)) - 42dc87bf-e32b-4dd2-9e00-10549665eb60@group-E4F57B5570FB-SegmentedRaftLogWorker: created new log segment /workdir/hadoop-ozone/integration-test/target/test-dir/MiniOzoneClusterImpl-876addf8-037c-4ba7-a652-3bac2fcc9b72/datanode-1/data/ratis/58160dee-1e01-495a-a6e6-e4f57b5570fb/current/log_inprogress_0
2019-10-24 14:28:47,807 [4fbf6b7a-b21a-4ba4-99d8-46c6f2467a6f@group-B68A6CAE9DB7-SegmentedRaftLogWorker] INFO  segmented.SegmentedRaftLogWorker (SegmentedRaftLogWorker.java:execute(576)) - 4fbf6b7a-b21a-4ba4-99d8-46c6f2467a6f@group-B68A6CAE9DB7-SegmentedRaftLogWorker: created new log segment /workdir/hadoop-ozone/integration-test/target/test-dir/MiniOzoneClusterImpl-876addf8-037c-4ba7-a652-3bac2fcc9b72/datanode-0/data/ratis/627d8756-2bc3-417c-a7c7-b68a6cae9db7/current/log_inprogress_0
2019-10-24 14:28:47,807 [42dc87bf-e32b-4dd2-9e00-10549665eb60@group-DCA73B360714-LeaderElection3] INFO  impl.LeaderElection (LeaderElection.java:askForVotes(178)) - 42dc87bf-e32b-4dd2-9e00-10549665eb60@group-DCA73B360714-LeaderElection3: begin an election at term 1 for -1: [e72563ba-91b4-4473-a773-2e1c57d3b28f:192.168.69.108:38541, 42dc87bf-e32b-4dd2-9e00-10549665eb60:192.168.69.108:40840, 4fbf6b7a-b21a-4ba4-99d8-46c6f2467a6f:192.168.69.108:45188], old=null
2019-10-24 14:28:47,827 [grpc-default-executor-0] INFO  impl.RaftServerImpl (RaftServerImpl.java:setRole(173)) - 4fbf6b7a-b21a-4ba4-99d8-46c6f2467a6f@group-DCA73B360714: changes role from  FOLLOWER to FOLLOWER at term 1 for recognizeCandidate:42dc87bf-e32b-4dd2-9e00-10549665eb60
2019-10-24 14:28:47,827 [grpc-default-executor-1] INFO  impl.RaftServerImpl (RaftServerImpl.java:setRole(173)) - e72563ba-91b4-4473-a773-2e1c57d3b28f@group-DCA73B360714: changes role from  FOLLOWER to FOLLOWER at term 1 for recognizeCandidate:42dc87bf-e32b-4dd2-9e00-10549665eb60
2019-10-24 14:28:47,827 [grpc-default-executor-0] INFO  impl.RoleInfo (RoleInfo.java:shutdownFollowerState(121)) - 4fbf6b7a-b21a-4ba4-99d8-46c6f2467a6f: shutdown FollowerState
2019-10-24 14:28:47,828 [grpc-default-executor-1] INFO  impl.RoleInfo (RoleInfo.java:shutdownFollowerState(121)) - e72563ba-91b4-4473-a773-2e1c57d3b28f: shutdown FollowerState
2019-10-24 14:28:47,828 [grpc-default-executor-0] INFO  impl.RoleInfo (RoleInfo.java:updateAndGet(143)) - 4fbf6b7a-b21a-4ba4-99d8-46c6f2467a6f: start FollowerState
2019-10-24 14:28:47,828 [grpc-default-executor-1] INFO  impl.RoleInfo (RoleInfo.java:updateAndGet(143)) - e72563ba-91b4-4473-a773-2e1c57d3b28f: start FollowerState
2019-10-24 14:28:47,828 [Thread-196] INFO  impl.FollowerState (FollowerState.java:run(120)) - 4fbf6b7a-b21a-4ba4-99d8-46c6f2467a6f@group-DCA73B360714-FollowerState was interrupted: java.lang.InterruptedException: sleep interrupted
2019-10-24 14:28:47,828 [Thread-200] INFO  impl.FollowerState (FollowerState.java:run(120)) - e72563ba-91b4-4473-a773-2e1c57d3b28f@group-DCA73B360714-FollowerState was interrupted: java.lang.InterruptedException: sleep interrupted
2019-10-24 14:28:47,850 [42dc87bf-e32b-4dd2-9e00-10549665eb60@group-DCA73B360714-LeaderElection3] INFO  impl.LeaderElection (LeaderElection.java:logAndReturn(56)) - 42dc87bf-e32b-4dd2-9e00-10549665eb60@group-DCA73B360714-LeaderElection3: Election PASSED; received 1 response(s) [42dc87bf-e32b-4dd2-9e00-10549665eb60<-4fbf6b7a-b21a-4ba4-99d8-46c6f2467a6f#0:OK-t1] and 0 exception(s); 42dc87bf-e32b-4dd2-9e00-10549665eb60@group-DCA73B360714:t1, leader=null, voted=42dc87bf-e32b-4dd2-9e00-10549665eb60, raftlog=42dc87bf-e32b-4dd2-9e00-10549665eb60@group-DCA73B360714-SegmentedRaftLog:OPENED:c-1,f-1,i0, conf=-1: [e72563ba-91b4-4473-a773-2e1c57d3b28f:192.168.69.108:38541, 42dc87bf-e32b-4dd2-9e00-10549665eb60:192.168.69.108:40840, 4fbf6b7a-b21a-4ba4-99d8-46c6f2467a6f:192.168.69.108:45188], old=null
2019-10-24 14:28:47,850 [42dc87bf-e32b-4dd2-9e00-10549665eb60@group-DCA73B360714-LeaderElection3] INFO  impl.RoleInfo (RoleInfo.java:shutdownLeaderElection(134)) - 42dc87bf-e32b-4dd2-9e00-10549665eb60: shutdown LeaderElection
2019-10-24 14:28:47,851 [42dc87bf-e32b-4dd2-9e00-10549665eb60@group-DCA73B360714-LeaderElection3] INFO  impl.RaftServerImpl (RaftServerImpl.java:setRole(173)) - 42dc87bf-e32b-4dd2-9e00-10549665eb60@group-DCA73B360714: changes role from CANDIDATE to LEADER at term 1 for changeToLeader
2019-10-24 14:28:47,852 [42dc87bf-e32b-4dd2-9e00-10549665eb60@group-DCA73B360714-LeaderElection3] INFO  impl.RaftServerImpl (ServerState.java:setLeader(255)) - 42dc87bf-e32b-4dd2-9e00-10549665eb60@group-DCA73B360714: change Leader from null to 42dc87bf-e32b-4dd2-9e00-10549665eb60 at term 1 for becomeLeader, leader elected after 5072ms
2019-10-24 14:28:47,852 [42dc87bf-e32b-4dd2-9e00-10549665eb60@group-DCA73B360714-LeaderElection3] INFO  server.RaftServerConfigKeys (ConfUtils.java:logGet(43)) - raft.server.staging.catchup.gap = 1000 (default)
2019-10-24 14:28:47,852 [42dc87bf-e32b-4dd2-9e00-10549665eb60@group-DCA73B360714-LeaderElection3] INFO  server.RaftServerConfigKeys (ConfUtils.java:logGet(43)) - raft.server.rpc.sleep.time = 25ms (default)
2019-10-24 14:28:47,853 [42dc87bf-e32b-4dd2-9e00-10549665eb60@group-DCA73B360714-LeaderElection3] INFO  server.RaftServerConfigKeys (ConfUtils.java:logGet(43)) - raft.server.write.element-limit = 4096 (default)
2019-10-24 14:28:47,853 [42dc87bf-e32b-4dd2-9e00-10549665eb60@group-DCA73B360714-LeaderElection3] INFO  server.RaftServerConfigKeys (ConfUtils.java:logGet(43)) - raft.server.watch.timeout = 10s (default)
2019-10-24 14:28:47,853 [42dc87bf-e32b-4dd2-9e00-10549665eb60@group-DCA73B360714-LeaderElection3] INFO  server.RaftServerConfigKeys (ConfUtils.java:logGet(43)) - raft.server.watch.timeout.denomination = 1s (default)
2019-10-24 14:28:47,853 [42dc87bf-e32b-4dd2-9e00-10549665eb60@group-DCA73B360714-LeaderElection3] INFO  server.RaftServerConfigKeys (ConfUtils.java:logGet(43)) - raft.server.watch.element-limit = 65536 (default)
2019-10-24 14:28:47,856 [42dc87bf-e32b-4dd2-9e00-10549665eb60@group-DCA73B360714-LeaderElection3] INFO  server.RaftServerConfigKeys (ConfUtils.java:logGet(43)) - raft.server.log.appender.snapshot.chunk.size.max = 16MB (=16777216) (default)
2019-10-24 14:28:47,856 [42dc87bf-e32b-4dd2-9e00-10549665eb60@group-DCA73B360714-LeaderElection3] INFO  server.RaftServerConfigKeys (ConfUtils.java:logGet(43)) - raft.server.log.appender.buffer.byte-limit = 33554432 (custom)
2019-10-24 14:28:47,857 [42dc87bf-e32b-4dd2-9e00-10549665eb60@group-DCA73B360714-LeaderElection3] INFO  server.RaftServerConfigKeys (ConfUtils.java:logGet(43)) - raft.server.log.appender.buffer.element-limit = 1 (custom)
2019-10-24 14:28:47,861 [42dc87bf-e32b-4dd2-9e00-10549665eb60@group-DCA73B360714-LeaderElection3] INFO  grpc.GrpcConfigKeys$Server (ConfUtils.java:logGet(43)) - raft.grpc.server.leader.outstanding.appends.max = 128 (default)
2019-10-24 14:28:47,864 [42dc87bf-e32b-4dd2-9e00-10549665eb60@group-DCA73B360714-LeaderElection3] INFO  server.RaftServerConfigKeys (ConfUtils.java:logGet(43)) - raft.server.rpc.request.timeout = 3000ms (default)
2019-10-24 14:28:47,864 [42dc87bf-e32b-4dd2-9e00-10549665eb60@group-DCA73B360714-LeaderElection3] INFO  server.RaftServerConfigKeys (ConfUtils.java:logGet(43)) - raft.server.log.appender.install.snapshot.enabled = false (custom)
2019-10-24 14:28:47,865 [42dc87bf-e32b-4dd2-9e00-10549665eb60@group-DCA73B360714-LeaderElection3] WARN  impl.MetricRegistriesImpl (MetricRegistriesImpl.java:lambda$create$1(61)) - First MetricRegistry has been created without registering reporters. You may need to call MetricRegistries.global().addReportRegistration(...) before.
2019-10-24 14:28:47,866 [42dc87bf-e32b-4dd2-9e00-10549665eb60@group-DCA73B360714-LeaderElection3] INFO  server.RaftServerConfigKeys (ConfUtils.java:logGet(43)) - raft.server.log.appender.snapshot.chunk.size.max = 16MB (=16777216) (default)
2019-10-24 14:28:47,867 [42dc87bf-e32b-4dd2-9e00-10549665eb60@group-DCA73B360714-LeaderElection3] INFO  server.RaftServerConfigKeys (ConfUtils.java:logGet(43)) - raft.server.log.appender.buffer.byte-limit = 33554432 (custom)
2019-10-24 14:28:47,867 [42dc87bf-e32b-4dd2-9e00-10549665eb60@group-DCA73B360714-LeaderElection3] INFO  server.RaftServerConfigKeys (ConfUtils.java:logGet(43)) - raft.server.log.appender.buffer.element-limit = 1 (custom)
2019-10-24 14:28:47,867 [42dc87bf-e32b-4dd2-9e00-10549665eb60@group-DCA73B360714-LeaderElection3] INFO  grpc.GrpcConfigKeys$Server (ConfUtils.java:logGet(43)) - raft.grpc.server.leader.outstanding.appends.max = 128 (default)
2019-10-24 14:28:47,867 [42dc87bf-e32b-4dd2-9e00-10549665eb60@group-DCA73B360714-LeaderElection3] INFO  server.RaftServerConfigKeys (ConfUtils.java:logGet(43)) - raft.server.rpc.request.timeout = 3000ms (default)
2019-10-24 14:28:47,867 [42dc87bf-e32b-4dd2-9e00-10549665eb60@group-DCA73B360714-LeaderElection3] INFO  server.RaftServerConfigKeys (ConfUtils.java:logGet(43)) - raft.server.log.appender.install.snapshot.enabled = false (custom)
2019-10-24 14:28:47,869 [42dc87bf-e32b-4dd2-9e00-10549665eb60@group-DCA73B360714-LeaderElection3] INFO  impl.RoleInfo (RoleInfo.java:updateAndGet(143)) - 42dc87bf-e32b-4dd2-9e00-10549665eb60: start LeaderState
2019-10-24 14:28:47,869 [42dc87bf-e32b-4dd2-9e00-10549665eb60@group-DCA73B360714-LeaderElection3] INFO  segmented.SegmentedRaftLogWorker (SegmentedRaftLogWorker.java:startLogSegment(385)) - 42dc87bf-e32b-4dd2-9e00-10549665eb60@group-DCA73B360714-SegmentedRaftLogWorker: Starting segment from index:0
2019-10-24 14:28:47,870 [42dc87bf-e32b-4dd2-9e00-10549665eb60@group-DCA73B360714-LeaderElection3] INFO  impl.RaftServerImpl (ServerState.java:setRaftConf(356)) - 42dc87bf-e32b-4dd2-9e00-10549665eb60@group-DCA73B360714: set configuration 0: [e72563ba-91b4-4473-a773-2e1c57d3b28f:192.168.69.108:38541, 42dc87bf-e32b-4dd2-9e00-10549665eb60:192.168.69.108:40840, 4fbf6b7a-b21a-4ba4-99d8-46c6f2467a6f:192.168.69.108:45188], old=null at 0
2019-10-24 14:28:47,904 [Thread-192] INFO  impl.FollowerState (FollowerState.java:run(111)) - e72563ba-91b4-4473-a773-2e1c57d3b28f@group-659AE30B5245-FollowerState: change to CANDIDATE, lastRpcTime:5212ms, electionTimeout:5187ms
2019-10-24 14:28:47,905 [Thread-192] INFO  impl.RoleInfo (RoleInfo.java:shutdownFollowerState(121)) - e72563ba-91b4-4473-a773-2e1c57d3b28f: shutdown FollowerState
2019-10-24 14:28:47,905 [Thread-192] INFO  impl.RaftServerImpl (RaftServerImpl.java:setRole(173)) - e72563ba-91b4-4473-a773-2e1c57d3b28f@group-659AE30B5245: changes role from  FOLLOWER to CANDIDATE at term 0 for changeToCandidate
2019-10-24 14:28:47,905 [Thread-192] INFO  impl.RoleInfo (RoleInfo.java:updateAndGet(143)) - e72563ba-91b4-4473-a773-2e1c57d3b28f: start LeaderElection
2019-10-24 14:28:47,918 [42dc87bf-e32b-4dd2-9e00-10549665eb60@group-DCA73B360714-SegmentedRaftLogWorker] INFO  segmented.SegmentedRaftLogWorker (SegmentedRaftLogWorker.java:execute(576)) - 42dc87bf-e32b-4dd2-9e00-10549665eb60@group-DCA73B360714-SegmentedRaftLogWorker: created new log segment /workdir/hadoop-ozone/integration-test/target/test-dir/MiniOzoneClusterImpl-876addf8-037c-4ba7-a652-3bac2fcc9b72/datanode-1/data/ratis/237507d0-e2cf-4ea3-94d9-dca73b360714/current/log_inprogress_0
2019-10-24 14:28:47,918 [e72563ba-91b4-4473-a773-2e1c57d3b28f@group-659AE30B5245-LeaderElection4] INFO  impl.LeaderElection (LeaderElection.java:askForVotes(178)) - e72563ba-91b4-4473-a773-2e1c57d3b28f@group-659AE30B5245-LeaderElection4: begin an election at term 1 for -1: [e72563ba-91b4-4473-a773-2e1c57d3b28f:192.168.69.108:38541], old=null
2019-10-24 14:28:47,918 [e72563ba-91b4-4473-a773-2e1c57d3b28f@group-659AE30B5245-LeaderElection4] INFO  impl.RoleInfo (RoleInfo.java:shutdownLeaderElection(134)) - e72563ba-91b4-4473-a773-2e1c57d3b28f: shutdown LeaderElection
2019-10-24 14:28:47,918 [e72563ba-91b4-4473-a773-2e1c57d3b28f@group-659AE30B5245-LeaderElection4] INFO  impl.RaftServerImpl (RaftServerImpl.java:setRole(173)) - e72563ba-91b4-4473-a773-2e1c57d3b28f@group-659AE30B5245: changes role from CANDIDATE to LEADER at term 1 for changeToLeader
2019-10-24 14:28:47,918 [e72563ba-91b4-4473-a773-2e1c57d3b28f@group-659AE30B5245-LeaderElection4] INFO  impl.RaftServerImpl (ServerState.java:setLeader(255)) - e72563ba-91b4-4473-a773-2e1c57d3b28f@group-659AE30B5245: change Leader from null to e72563ba-91b4-4473-a773-2e1c57d3b28f at term 1 for becomeLeader, leader elected after 5233ms
2019-10-24 14:28:47,919 [e72563ba-91b4-4473-a773-2e1c57d3b28f@group-659AE30B5245-LeaderElection4] INFO  server.RaftServerConfigKeys (ConfUtils.java:logGet(43)) - raft.server.staging.catchup.gap = 1000 (default)
2019-10-24 14:28:47,919 [e72563ba-91b4-4473-a773-2e1c57d3b28f@group-659AE30B5245-LeaderElection4] INFO  server.RaftServerConfigKeys (ConfUtils.java:logGet(43)) - raft.server.rpc.sleep.time = 25ms (default)
2019-10-24 14:28:47,919 [e72563ba-91b4-4473-a773-2e1c57d3b28f@group-659AE30B5245-LeaderElection4] INFO  server.RaftServerConfigKeys (ConfUtils.java:logGet(43)) - raft.server.write.element-limit = 4096 (default)
2019-10-24 14:28:47,919 [e72563ba-91b4-4473-a773-2e1c57d3b28f@group-659AE30B5245-LeaderElection4] INFO  server.RaftServerConfigKeys (ConfUtils.java:logGet(43)) - raft.server.watch.timeout = 10s (default)
2019-10-24 14:28:47,920 [e72563ba-91b4-4473-a773-2e1c57d3b28f@group-659AE30B5245-LeaderElection4] INFO  server.RaftServerConfigKeys (ConfUtils.java:logGet(43)) - raft.server.watch.timeout.denomination = 1s (default)
2019-10-24 14:28:47,920 [e72563ba-91b4-4473-a773-2e1c57d3b28f@group-659AE30B5245-LeaderElection4] INFO  server.RaftServerConfigKeys (ConfUtils.java:logGet(43)) - raft.server.watch.element-limit = 65536 (default)
2019-10-24 14:28:47,920 [e72563ba-91b4-4473-a773-2e1c57d3b28f@group-659AE30B5245-LeaderElection4] INFO  impl.RoleInfo (RoleInfo.java:updateAndGet(143)) - e72563ba-91b4-4473-a773-2e1c57d3b28f: start LeaderState
2019-10-24 14:28:47,920 [e72563ba-91b4-4473-a773-2e1c57d3b28f@group-659AE30B5245-LeaderElection4] INFO  segmented.SegmentedRaftLogWorker (SegmentedRaftLogWorker.java:startLogSegment(385)) - e72563ba-91b4-4473-a773-2e1c57d3b28f@group-659AE30B5245-SegmentedRaftLogWorker: Starting segment from index:0
2019-10-24 14:28:47,921 [e72563ba-91b4-4473-a773-2e1c57d3b28f@group-659AE30B5245-LeaderElection4] INFO  impl.RaftServerImpl (ServerState.java:setRaftConf(356)) - e72563ba-91b4-4473-a773-2e1c57d3b28f@group-659AE30B5245: set configuration 0: [e72563ba-91b4-4473-a773-2e1c57d3b28f:192.168.69.108:38541], old=null at 0
2019-10-24 14:28:47,964 [grpc-default-executor-0] INFO  impl.RaftServerImpl (ServerState.java:setLeader(255)) - 4fbf6b7a-b21a-4ba4-99d8-46c6f2467a6f@group-DCA73B360714: change Leader from null to 42dc87bf-e32b-4dd2-9e00-10549665eb60 at term 1 for appendEntries, leader elected after 5185ms
2019-10-24 14:28:47,964 [grpc-default-executor-1] INFO  impl.RaftServerImpl (ServerState.java:setLeader(255)) - e72563ba-91b4-4473-a773-2e1c57d3b28f@group-DCA73B360714: change Leader from null to 42dc87bf-e32b-4dd2-9e00-10549665eb60 at term 1 for appendEntries, leader elected after 5185ms
2019-10-24 14:28:47,967 [e72563ba-91b4-4473-a773-2e1c57d3b28f@group-659AE30B5245-SegmentedRaftLogWorker] INFO  segmented.SegmentedRaftLogWorker (SegmentedRaftLogWorker.java:execute(576)) - e72563ba-91b4-4473-a773-2e1c57d3b28f@group-659AE30B5245-SegmentedRaftLogWorker: created new log segment /workdir/hadoop-ozone/integration-test/target/test-dir/MiniOzoneClusterImpl-876addf8-037c-4ba7-a652-3bac2fcc9b72/datanode-2/data/ratis/e72998c9-98b8-4525-814a-659ae30b5245/current/log_inprogress_0
2019-10-24 14:28:47,994 [grpc-default-executor-1] INFO  impl.RaftServerImpl (ServerState.java:setRaftConf(356)) - 4fbf6b7a-b21a-4ba4-99d8-46c6f2467a6f@group-DCA73B360714: set configuration 0: [e72563ba-91b4-4473-a773-2e1c57d3b28f:192.168.69.108:38541, 42dc87bf-e32b-4dd2-9e00-10549665eb60:192.168.69.108:40840, 4fbf6b7a-b21a-4ba4-99d8-46c6f2467a6f:192.168.69.108:45188], old=null at 0
2019-10-24 14:28:47,994 [grpc-default-executor-0] INFO  impl.RaftServerImpl (ServerState.java:setRaftConf(356)) - e72563ba-91b4-4473-a773-2e1c57d3b28f@group-DCA73B360714: set configuration 0: [e72563ba-91b4-4473-a773-2e1c57d3b28f:192.168.69.108:38541, 42dc87bf-e32b-4dd2-9e00-10549665eb60:192.168.69.108:40840, 4fbf6b7a-b21a-4ba4-99d8-46c6f2467a6f:192.168.69.108:45188], old=null at 0
2019-10-24 14:28:47,995 [grpc-default-executor-1] INFO  segmented.SegmentedRaftLogWorker (SegmentedRaftLogWorker.java:startLogSegment(385)) - 4fbf6b7a-b21a-4ba4-99d8-46c6f2467a6f@group-DCA73B360714-SegmentedRaftLogWorker: Starting segment from index:0
2019-10-24 14:28:47,995 [grpc-default-executor-0] INFO  segmented.SegmentedRaftLogWorker (SegmentedRaftLogWorker.java:startLogSegment(385)) - e72563ba-91b4-4473-a773-2e1c57d3b28f@group-DCA73B360714-SegmentedRaftLogWorker: Starting segment from index:0
2019-10-24 14:28:48,040 [e72563ba-91b4-4473-a773-2e1c57d3b28f@group-DCA73B360714-SegmentedRaftLogWorker] INFO  segmented.SegmentedRaftLogWorker (SegmentedRaftLogWorker.java:execute(576)) - e72563ba-91b4-4473-a773-2e1c57d3b28f@group-DCA73B360714-SegmentedRaftLogWorker: created new log segment /workdir/hadoop-ozone/integration-test/target/test-dir/MiniOzoneClusterImpl-876addf8-037c-4ba7-a652-3bac2fcc9b72/datanode-2/data/ratis/237507d0-e2cf-4ea3-94d9-dca73b360714/current/log_inprogress_0
2019-10-24 14:28:48,040 [4fbf6b7a-b21a-4ba4-99d8-46c6f2467a6f@group-DCA73B360714-SegmentedRaftLogWorker] INFO  segmented.SegmentedRaftLogWorker (SegmentedRaftLogWorker.java:execute(576)) - 4fbf6b7a-b21a-4ba4-99d8-46c6f2467a6f@group-DCA73B360714-SegmentedRaftLogWorker: created new log segment /workdir/hadoop-ozone/integration-test/target/test-dir/MiniOzoneClusterImpl-876addf8-037c-4ba7-a652-3bac2fcc9b72/datanode-0/data/ratis/237507d0-e2cf-4ea3-94d9-dca73b360714/current/log_inprogress_0
2019-10-24 14:28:48,780 [Datanode State Machine Thread - 0] INFO  statemachine.DatanodeStateMachine (DatanodeStateMachine.java:lambda$startDaemon$0(350)) - Ozone container server started.
2019-10-24 14:28:53,720 [main] INFO  ozoneimpl.OzoneContainer (OzoneContainer.java:stop(227)) - Attempting to stop container services.
2019-10-24 14:28:53,721 [main] INFO  impl.RaftServerProxy (RaftServerProxy.java:lambda$close$4(314)) - e72563ba-91b4-4473-a773-2e1c57d3b28f: close
2019-10-24 14:28:53,723 [main] INFO  impl.RaftServerImpl (RaftServerImpl.java:lambda$shutdown$3(250)) - e72563ba-91b4-4473-a773-2e1c57d3b28f@group-659AE30B5245: shutdown
2019-10-24 14:28:53,723 [main] INFO  util.JmxRegister (JmxRegister.java:unregister(73)) - Successfully un-registered JMX Bean with object name Ratis:service=RaftServer,group=group-659AE30B5245,id=e72563ba-91b4-4473-a773-2e1c57d3b28f
2019-10-24 14:28:53,724 [main] INFO  impl.RoleInfo (RoleInfo.java:shutdownLeaderState(104)) - e72563ba-91b4-4473-a773-2e1c57d3b28f: shutdown LeaderState
2019-10-24 14:28:53,724 [main] INFO  impl.PendingRequests (PendingRequests.java:sendNotLeaderResponses(206)) - e72563ba-91b4-4473-a773-2e1c57d3b28f@group-659AE30B5245-PendingRequests: sendNotLeaderResponses
2019-10-24 14:28:53,726 [main] INFO  impl.StateMachineUpdater (StateMachineUpdater.java:stopAndJoin(136)) - e72563ba-91b4-4473-a773-2e1c57d3b28f@group-659AE30B5245-StateMachineUpdater: set stopIndex = 0
2019-10-24 14:28:53,728 [main] INFO  impl.RaftServerImpl (ServerState.java:close(387)) - e72563ba-91b4-4473-a773-2e1c57d3b28f@group-659AE30B5245: closes. applyIndex: 0
2019-10-24 14:28:53,730 [e72563ba-91b4-4473-a773-2e1c57d3b28f@group-659AE30B5245-SegmentedRaftLogWorker] INFO  segmented.SegmentedRaftLogWorker (SegmentedRaftLogWorker.java:run(316)) - e72563ba-91b4-4473-a773-2e1c57d3b28f@group-659AE30B5245-SegmentedRaftLogWorker was interrupted, exiting. There are 0 tasks remaining in the queue.
2019-10-24 14:28:53,732 [main] INFO  segmented.SegmentedRaftLogWorker (SegmentedRaftLogWorker.java:close(224)) - e72563ba-91b4-4473-a773-2e1c57d3b28f@group-659AE30B5245-SegmentedRaftLogWorker close()
2019-10-24 14:28:53,734 [main] INFO  impl.RaftServerImpl (RaftServerImpl.java:lambda$shutdown$3(250)) - e72563ba-91b4-4473-a773-2e1c57d3b28f@group-DCA73B360714: shutdown
2019-10-24 14:28:53,735 [main] INFO  util.JmxRegister (JmxRegister.java:unregister(73)) - Successfully un-registered JMX Bean with object name Ratis:service=RaftServer,group=group-DCA73B360714,id=e72563ba-91b4-4473-a773-2e1c57d3b28f
2019-10-24 14:28:53,735 [main] INFO  impl.RoleInfo (RoleInfo.java:shutdownFollowerState(121)) - e72563ba-91b4-4473-a773-2e1c57d3b28f: shutdown FollowerState
2019-10-24 14:28:53,735 [main] INFO  impl.StateMachineUpdater (StateMachineUpdater.java:stopAndJoin(136)) - e72563ba-91b4-4473-a773-2e1c57d3b28f@group-DCA73B360714-StateMachineUpdater: set stopIndex = 4
2019-10-24 14:28:53,735 [e72563ba-91b4-4473-a773-2e1c57d3b28f@group-DCA73B360714-StateMachineUpdater] INFO  ratis.ContainerStateMachine (ContainerStateMachine.java:takeSnapshot(294)) - group-DCA73B360714: Taking a snapshot at:(t:1, i:3) file /workdir/hadoop-ozone/integration-test/target/test-dir/MiniOzoneClusterImpl-876addf8-037c-4ba7-a652-3bac2fcc9b72/datanode-2/data/ratis/237507d0-e2cf-4ea3-94d9-dca73b360714/sm/snapshot.1_3
2019-10-24 14:28:53,735 [Thread-239] INFO  impl.FollowerState (FollowerState.java:run(120)) - e72563ba-91b4-4473-a773-2e1c57d3b28f@group-DCA73B360714-FollowerState was interrupted: java.lang.InterruptedException: sleep interrupted
2019-10-24 14:28:53,833 [e72563ba-91b4-4473-a773-2e1c57d3b28f@group-DCA73B360714-StateMachineUpdater] INFO  ratis.ContainerStateMachine (ContainerStateMachine.java:takeSnapshot(305)) - group-DCA73B360714: Finished taking a snapshot at:(t:1, i:3) file:/workdir/hadoop-ozone/integration-test/target/test-dir/MiniOzoneClusterImpl-876addf8-037c-4ba7-a652-3bac2fcc9b72/datanode-2/data/ratis/237507d0-e2cf-4ea3-94d9-dca73b360714/sm/snapshot.1_3 time:98
2019-10-24 14:28:53,835 [e72563ba-91b4-4473-a773-2e1c57d3b28f@group-DCA73B360714-StateMachineUpdater] INFO  impl.StateMachineUpdater (StateMachineUpdater.java:takeSnapshot(269)) - e72563ba-91b4-4473-a773-2e1c57d3b28f@group-DCA73B360714-StateMachineUpdater: Took a snapshot at index 3
2019-10-24 14:28:53,836 [e72563ba-91b4-4473-a773-2e1c57d3b28f@group-DCA73B360714-StateMachineUpdater] INFO  impl.StateMachineUpdater (StateMachineUpdater.java:lambda$new$0(84)) - e72563ba-91b4-4473-a773-2e1c57d3b28f@group-DCA73B360714-StateMachineUpdater: snapshotIndex: updateIncreasingly -1 -> 3
2019-10-24 14:28:53,841 [e72563ba-91b4-4473-a773-2e1c57d3b28f@group-DCA73B360714-StateMachineUpdater] INFO  ratis.ContainerStateMachine (ContainerStateMachine.java:takeSnapshot(294)) - group-DCA73B360714: Taking a snapshot at:(t:1, i:3) file /workdir/hadoop-ozone/integration-test/target/test-dir/MiniOzoneClusterImpl-876addf8-037c-4ba7-a652-3bac2fcc9b72/datanode-2/data/ratis/237507d0-e2cf-4ea3-94d9-dca73b360714/sm/snapshot.1_3
2019-10-24 14:28:53,851 [e72563ba-91b4-4473-a773-2e1c57d3b28f@group-DCA73B360714-StateMachineUpdater] INFO  ratis.ContainerStateMachine (ContainerStateMachine.java:takeSnapshot(305)) - group-DCA73B360714: Finished taking a snapshot at:(t:1, i:3) file:/workdir/hadoop-ozone/integration-test/target/test-dir/MiniOzoneClusterImpl-876addf8-037c-4ba7-a652-3bac2fcc9b72/datanode-2/data/ratis/237507d0-e2cf-4ea3-94d9-dca73b360714/sm/snapshot.1_3 time:11
2019-10-24 14:28:53,852 [e72563ba-91b4-4473-a773-2e1c57d3b28f@group-DCA73B360714-StateMachineUpdater] INFO  impl.StateMachineUpdater (StateMachineUpdater.java:takeSnapshot(269)) - e72563ba-91b4-4473-a773-2e1c57d3b28f@group-DCA73B360714-StateMachineUpdater: Took a snapshot at index 3
2019-10-24 14:28:53,852 [e72563ba-91b4-4473-a773-2e1c57d3b28f@group-DCA73B360714-StateMachineUpdater] INFO  impl.StateMachineUpdater (StateMachineUpdater.java:lambda$new$0(84)) - e72563ba-91b4-4473-a773-2e1c57d3b28f@group-DCA73B360714-StateMachineUpdater: snapshotIndex: updateIncreasingly 3 -> 3
2019-10-24 14:28:53,852 [main] INFO  impl.RaftServerImpl (ServerState.java:close(387)) - e72563ba-91b4-4473-a773-2e1c57d3b28f@group-DCA73B360714: closes. applyIndex: 4
2019-10-24 14:28:53,853 [e72563ba-91b4-4473-a773-2e1c57d3b28f@group-DCA73B360714-SegmentedRaftLogWorker] INFO  segmented.SegmentedRaftLogWorker (SegmentedRaftLogWorker.java:run(316)) - e72563ba-91b4-4473-a773-2e1c57d3b28f@group-DCA73B360714-SegmentedRaftLogWorker was interrupted, exiting. There are 0 tasks remaining in the queue.
2019-10-24 14:28:53,855 [main] INFO  segmented.SegmentedRaftLogWorker (SegmentedRaftLogWorker.java:close(224)) - e72563ba-91b4-4473-a773-2e1c57d3b28f@group-DCA73B360714-SegmentedRaftLogWorker close()
2019-10-24 14:28:53,857 [main] INFO  server.GrpcService (GrpcService.java:closeImpl(164)) - e72563ba-91b4-4473-a773-2e1c57d3b28f: shutdown server with port 38541 now
2019-10-24 14:28:53,864 [grpc-default-executor-0] WARN  server.GrpcServerProtocolService (LogUtils.java:warn(134)) - e72563ba-91b4-4473-a773-2e1c57d3b28f: installSnapshot onError, lastRequest: 42dc87bf-e32b-4dd2-9e00-10549665eb60->e72563ba-91b4-4473-a773-2e1c57d3b28f#7-t1, previous=(t:1, i:4), leaderCommit=4, initializing? false, entries: <empty>: org.apache.ratis.thirdparty.io.grpc.StatusRuntimeException: CANCELLED: cancelled before receiving half close
2019-10-24 14:28:53,865 [main] INFO  server.GrpcService (GrpcService.java:closeImpl(172)) - e72563ba-91b4-4473-a773-2e1c57d3b28f: shutdown server with port 38541 successfully
2019-10-24 14:28:53,867 [grpc-default-executor-1] WARN  server.GrpcLogAppender (LogUtils.java:warn(134)) - 42dc87bf-e32b-4dd2-9e00-10549665eb60@group-DCA73B360714->e72563ba-91b4-4473-a773-2e1c57d3b28f-AppendLogResponseHandler: Failed appendEntries: org.apache.ratis.thirdparty.io.grpc.StatusRuntimeException: CANCELLED: HTTP/2 error code: CANCEL
Received Rst Stream
2019-10-24 14:28:53,874 [refreshUsed-/workdir/hadoop-ozone/integration-test/target/test-dir/MiniOzoneClusterImpl-876addf8-037c-4ba7-a652-3bac2fcc9b72/datanode-2/data/containers] WARN  fs.CachingGetSpaceUsed (CachingGetSpaceUsed.java:run(183)) - Thread Interrupted waiting to refresh disk information: sleep interrupted
2019-10-24 14:28:53,892 [main] INFO  utils.BackgroundService (BackgroundService.java:shutdown(151)) - Shutting down service BlockDeletingService
2019-10-24 14:28:53,896 [main] INFO  statemachine.DatanodeStateMachine (DatanodeStateMachine.java:stopDaemon(395)) - Ozone container server stopped.
2019-10-24 14:28:53,900 [main] INFO  handler.ContextHandler (ContextHandler.java:doStop(910)) - Stopped o.e.j.w.WebAppContext@75ae4a1f{/,null,UNAVAILABLE}{/hddsDatanode}
2019-10-24 14:28:53,906 [main] INFO  server.AbstractConnector (AbstractConnector.java:doStop(318)) - Stopped ServerConnector@70228253{HTTP/1.1,[http/1.1]}{0.0.0.0:0}
2019-10-24 14:28:53,906 [main] INFO  handler.ContextHandler (ContextHandler.java:doStop(910)) - Stopped o.e.j.s.ServletContextHandler@51c959a4{/static,jar:file:/home/user/.m2/repository/org/apache/hadoop/hadoop-hdds-container-service/0.5.0-SNAPSHOT/hadoop-hdds-container-service-0.5.0-SNAPSHOT.jar!/webapps/static,UNAVAILABLE}
2019-10-24 14:28:53,907 [main] INFO  handler.ContextHandler (ContextHandler.java:doStop(910)) - Stopped o.e.j.s.ServletContextHandler@1229a2b7{/logs,file:///workdir/hadoop-ozone/integration-test/target/log,UNAVAILABLE}
2019-10-24 14:28:56,913 [java.util.concurrent.ThreadPoolExecutor$Worker@713a7292[State = -1, empty queue]] WARN  server.GrpcLogAppender (GrpcLogAppender.java:timeoutAppendRequest(209)) - 42dc87bf-e32b-4dd2-9e00-10549665eb60@group-DCA73B360714->e72563ba-91b4-4473-a773-2e1c57d3b28f-GrpcLogAppender: appendEntries Timeout, request=42dc87bf-e32b-4dd2-9e00-10549665eb60->e72563ba-91b4-4473-a773-2e1c57d3b28f#8-t1, previous=(t:1, i:4), leaderCommit=4, initializing? false, entries: size=1, first=(t:1, i:5), STATEMACHINELOGENTRY, client-6194C1F728FC, cid=8
2019-10-24 14:28:56,915 [java.util.concurrent.ThreadPoolExecutor$Worker@713a7292[State = -1, empty queue]] WARN  server.GrpcLogAppender (GrpcLogAppender.java:timeoutAppendRequest(209)) - 42dc87bf-e32b-4dd2-9e00-10549665eb60@group-DCA73B360714->e72563ba-91b4-4473-a773-2e1c57d3b28f-GrpcLogAppender: appendEntries Timeout, request=42dc87bf-e32b-4dd2-9e00-10549665eb60->e72563ba-91b4-4473-a773-2e1c57d3b28f#9-t1, previous=(t:1, i:5), leaderCommit=4, initializing? false, entries: size=1, first=(t:1, i:6), STATEMACHINELOGENTRY, client-6194C1F728FC, cid=9
2019-10-24 14:28:56,926 [java.util.concurrent.ThreadPoolExecutor$Worker@713a7292[State = -1, empty queue]] WARN  server.GrpcLogAppender (GrpcLogAppender.java:timeoutAppendRequest(209)) - 42dc87bf-e32b-4dd2-9e00-10549665eb60@group-DCA73B360714->e72563ba-91b4-4473-a773-2e1c57d3b28f-GrpcLogAppender: appendEntries Timeout, request=42dc87bf-e32b-4dd2-9e00-10549665eb60->e72563ba-91b4-4473-a773-2e1c57d3b28f#10-t1, previous=(t:1, i:6), leaderCommit=6, initializing? false, entries: size=1, first=(t:1, i:7), METADATAENTRY(c5)
2019-10-24 14:28:56,926 [java.util.concurrent.ThreadPoolExecutor$Worker@713a7292[State = -1, empty queue]] WARN  server.GrpcLogAppender (GrpcLogAppender.java:timeoutAppendRequest(209)) - 42dc87bf-e32b-4dd2-9e00-10549665eb60@group-DCA73B360714->e72563ba-91b4-4473-a773-2e1c57d3b28f-GrpcLogAppender: appendEntries Timeout, request=42dc87bf-e32b-4dd2-9e00-10549665eb60->e72563ba-91b4-4473-a773-2e1c57d3b28f#11-t1, previous=(t:1, i:7), leaderCommit=6, initializing? false, entries: size=1, first=(t:1, i:8), METADATAENTRY(c6)
2019-10-24 14:28:59,428 [java.util.concurrent.ThreadPoolExecutor$Worker@713a7292[State = -1, empty queue]] WARN  server.GrpcLogAppender (GrpcLogAppender.java:timeoutAppendRequest(209)) - 42dc87bf-e32b-4dd2-9e00-10549665eb60@group-DCA73B360714->e72563ba-91b4-4473-a773-2e1c57d3b28f-GrpcLogAppender: appendEntries Timeout, request=42dc87bf-e32b-4dd2-9e00-10549665eb60->e72563ba-91b4-4473-a773-2e1c57d3b28f#12-t1, previous=(t:1, i:8), leaderCommit=8, initializing? false, entries: <empty>
2019-10-24 14:29:01,929 [java.util.concurrent.ThreadPoolExecutor$Worker@713a7292[State = -1, empty queue]] WARN  server.GrpcLogAppender (GrpcLogAppender.java:timeoutAppendRequest(209)) - 42dc87bf-e32b-4dd2-9e00-10549665eb60@group-DCA73B360714->e72563ba-91b4-4473-a773-2e1c57d3b28f-GrpcLogAppender: appendEntries Timeout, request=42dc87bf-e32b-4dd2-9e00-10549665eb60->e72563ba-91b4-4473-a773-2e1c57d3b28f#13-t1, previous=(t:1, i:8), leaderCommit=8, initializing? false, entries: <empty>
2019-10-24 14:29:02,958 [Thread-287] INFO  client.GrpcClientProtocolService (GrpcClientProtocolService.java:lambda$processClientRequest$0(279)) - Failed RaftClientRequest:client-6194C1F728FC->4fbf6b7a-b21a-4ba4-99d8-46c6f2467a6f@group-DCA73B360714, cid=10, seq=0, Watch-ALL_COMMITTED(6), Message:<EMPTY>, reply=RaftClientReply:client-6194C1F728FC->4fbf6b7a-b21a-4ba4-99d8-46c6f2467a6f@group-DCA73B360714, cid=10, FAILED org.apache.ratis.protocol.NotLeaderException: Server 4fbf6b7a-b21a-4ba4-99d8-46c6f2467a6f@group-DCA73B360714 is not the leader 42dc87bf-e32b-4dd2-9e00-10549665eb60:192.168.69.108:40840, logIndex=0, commits[4fbf6b7a-b21a-4ba4-99d8-46c6f2467a6f:c8, e72563ba-91b4-4473-a773-2e1c57d3b28f:c4, 42dc87bf-e32b-4dd2-9e00-10549665eb60:c8]
2019-10-24 14:29:04,431 [java.util.concurrent.ThreadPoolExecutor$Worker@713a7292[State = -1, empty queue]] WARN  server.GrpcLogAppender (GrpcLogAppender.java:timeoutAppendRequest(209)) - 42dc87bf-e32b-4dd2-9e00-10549665eb60@group-DCA73B360714->e72563ba-91b4-4473-a773-2e1c57d3b28f-GrpcLogAppender: appendEntries Timeout, request=42dc87bf-e32b-4dd2-9e00-10549665eb60->e72563ba-91b4-4473-a773-2e1c57d3b28f#14-t1, previous=(t:1, i:8), leaderCommit=8, initializing? false, entries: <empty>
2019-10-24 14:29:04,889 [Thread-291] INFO  client.GrpcClientProtocolService (GrpcClientProtocolService.java:lambda$processClientRequest$0(279)) - Failed RaftClientRequest:client-6194C1F728FC->42dc87bf-e32b-4dd2-9e00-10549665eb60@group-DCA73B360714, cid=10, seq=0, Watch-ALL_COMMITTED(6), Message:<EMPTY>, reply=RaftClientReply:client-6194C1F728FC->42dc87bf-e32b-4dd2-9e00-10549665eb60@group-DCA73B360714, cid=10, FAILED org.apache.ratis.protocol.NotReplicatedException: Request with call Id 10 and log index 6 is not yet replicated to ALL_COMMITTED, logIndex=6, commits[42dc87bf-e32b-4dd2-9e00-10549665eb60:c8, e72563ba-91b4-4473-a773-2e1c57d3b28f:c4, 4fbf6b7a-b21a-4ba4-99d8-46c6f2467a6f:c8]
2019-10-24 14:29:06,935 [java.util.concurrent.ThreadPoolExecutor$Worker@713a7292[State = -1, empty queue]] WARN  server.GrpcLogAppender (GrpcLogAppender.java:timeoutAppendRequest(209)) - 42dc87bf-e32b-4dd2-9e00-10549665eb60@group-DCA73B360714->e72563ba-91b4-4473-a773-2e1c57d3b28f-GrpcLogAppender: appendEntries Timeout, request=42dc87bf-e32b-4dd2-9e00-10549665eb60->e72563ba-91b4-4473-a773-2e1c57d3b28f#15-t1, previous=(t:1, i:8), leaderCommit=8, initializing? false, entries: <empty>
2019-10-24 14:29:09,436 [java.util.concurrent.ThreadPoolExecutor$Worker@713a7292[State = -1, empty queue]] WARN  server.GrpcLogAppender (GrpcLogAppender.java:timeoutAppendRequest(209)) - 42dc87bf-e32b-4dd2-9e00-10549665eb60@group-DCA73B360714->e72563ba-91b4-4473-a773-2e1c57d3b28f-GrpcLogAppender: appendEntries Timeout, request=42dc87bf-e32b-4dd2-9e00-10549665eb60->e72563ba-91b4-4473-a773-2e1c57d3b28f#16-t1, previous=(t:1, i:8), leaderCommit=8, initializing? false, entries: <empty>
2019-10-24 14:29:11,937 [java.util.concurrent.ThreadPoolExecutor$Worker@713a7292[State = -1, empty queue]] WARN  server.GrpcLogAppender (GrpcLogAppender.java:timeoutAppendRequest(209)) - 42dc87bf-e32b-4dd2-9e00-10549665eb60@group-DCA73B360714->e72563ba-91b4-4473-a773-2e1c57d3b28f-GrpcLogAppender: appendEntries Timeout, request=42dc87bf-e32b-4dd2-9e00-10549665eb60->e72563ba-91b4-4473-a773-2e1c57d3b28f#17-t1, previous=(t:1, i:8), leaderCommit=8, initializing? false, entries: <empty>
2019-10-24 14:29:11,995 [Thread-297] INFO  client.GrpcClientProtocolService (GrpcClientProtocolService.java:lambda$processClientRequest$0(279)) - Failed RaftClientRequest:client-6194C1F728FC->4fbf6b7a-b21a-4ba4-99d8-46c6f2467a6f@group-DCA73B360714, cid=10, seq=0, Watch-ALL_COMMITTED(6), Message:<EMPTY>, reply=RaftClientReply:client-6194C1F728FC->4fbf6b7a-b21a-4ba4-99d8-46c6f2467a6f@group-DCA73B360714, cid=10, FAILED org.apache.ratis.protocol.NotLeaderException: Server 4fbf6b7a-b21a-4ba4-99d8-46c6f2467a6f@group-DCA73B360714 is not the leader 42dc87bf-e32b-4dd2-9e00-10549665eb60:192.168.69.108:40840, logIndex=0, commits[4fbf6b7a-b21a-4ba4-99d8-46c6f2467a6f:c8, e72563ba-91b4-4473-a773-2e1c57d3b28f:c4, 42dc87bf-e32b-4dd2-9e00-10549665eb60:c8]
2019-10-24 14:29:13,885 [Thread-300] INFO  client.GrpcClientProtocolService (GrpcClientProtocolService.java:lambda$processClientRequest$0(279)) - Failed RaftClientRequest:client-6194C1F728FC->42dc87bf-e32b-4dd2-9e00-10549665eb60@group-DCA73B360714, cid=10, seq=0, Watch-ALL_COMMITTED(6), Message:<EMPTY>, reply=RaftClientReply:client-6194C1F728FC->42dc87bf-e32b-4dd2-9e00-10549665eb60@group-DCA73B360714, cid=10, FAILED org.apache.ratis.protocol.NotReplicatedException: Request with call Id 10 and log index 6 is not yet replicated to ALL_COMMITTED, logIndex=6, commits[42dc87bf-e32b-4dd2-9e00-10549665eb60:c8, e72563ba-91b4-4473-a773-2e1c57d3b28f:c4, 4fbf6b7a-b21a-4ba4-99d8-46c6f2467a6f:c8]
2019-10-24 14:29:14,439 [java.util.concurrent.ThreadPoolExecutor$Worker@713a7292[State = -1, empty queue]] WARN  server.GrpcLogAppender (GrpcLogAppender.java:timeoutAppendRequest(209)) - 42dc87bf-e32b-4dd2-9e00-10549665eb60@group-DCA73B360714->e72563ba-91b4-4473-a773-2e1c57d3b28f-GrpcLogAppender: appendEntries Timeout, request=42dc87bf-e32b-4dd2-9e00-10549665eb60->e72563ba-91b4-4473-a773-2e1c57d3b28f#18-t1, previous=(t:1, i:8), leaderCommit=8, initializing? false, entries: <empty>
2019-10-24 14:29:16,940 [java.util.concurrent.ThreadPoolExecutor$Worker@713a7292[State = -1, empty queue]] WARN  server.GrpcLogAppender (GrpcLogAppender.java:timeoutAppendRequest(209)) - 42dc87bf-e32b-4dd2-9e00-10549665eb60@group-DCA73B360714->e72563ba-91b4-4473-a773-2e1c57d3b28f-GrpcLogAppender: appendEntries Timeout, request=42dc87bf-e32b-4dd2-9e00-10549665eb60->e72563ba-91b4-4473-a773-2e1c57d3b28f#19-t1, previous=(t:1, i:8), leaderCommit=8, initializing? false, entries: <empty>
2019-10-24 14:29:19,443 [java.util.concurrent.ThreadPoolExecutor$Worker@713a7292[State = -1, empty queue]] WARN  server.GrpcLogAppender (GrpcLogAppender.java:timeoutAppendRequest(209)) - 42dc87bf-e32b-4dd2-9e00-10549665eb60@group-DCA73B360714->e72563ba-91b4-4473-a773-2e1c57d3b28f-GrpcLogAppender: appendEntries Timeout, request=42dc87bf-e32b-4dd2-9e00-10549665eb60->e72563ba-91b4-4473-a773-2e1c57d3b28f#20-t1, previous=(t:1, i:8), leaderCommit=8, initializing? false, entries: <empty>
2019-10-24 14:29:21,029 [Thread-306] INFO  client.GrpcClientProtocolService (GrpcClientProtocolService.java:lambda$processClientRequest$0(279)) - Failed RaftClientRequest:client-6194C1F728FC->4fbf6b7a-b21a-4ba4-99d8-46c6f2467a6f@group-DCA73B360714, cid=10, seq=0, Watch-ALL_COMMITTED(6), Message:<EMPTY>, reply=RaftClientReply:client-6194C1F728FC->4fbf6b7a-b21a-4ba4-99d8-46c6f2467a6f@group-DCA73B360714, cid=10, FAILED org.apache.ratis.protocol.NotLeaderException: Server 4fbf6b7a-b21a-4ba4-99d8-46c6f2467a6f@group-DCA73B360714 is not the leader 42dc87bf-e32b-4dd2-9e00-10549665eb60:192.168.69.108:40840, logIndex=0, commits[4fbf6b7a-b21a-4ba4-99d8-46c6f2467a6f:c8, e72563ba-91b4-4473-a773-2e1c57d3b28f:c4, 42dc87bf-e32b-4dd2-9e00-10549665eb60:c8]
2019-10-24 14:29:21,944 [java.util.concurrent.ThreadPoolExecutor$Worker@713a7292[State = -1, empty queue]] WARN  server.GrpcLogAppender (GrpcLogAppender.java:timeoutAppendRequest(209)) - 42dc87bf-e32b-4dd2-9e00-10549665eb60@group-DCA73B360714->e72563ba-91b4-4473-a773-2e1c57d3b28f-GrpcLogAppender: appendEntries Timeout, request=42dc87bf-e32b-4dd2-9e00-10549665eb60->e72563ba-91b4-4473-a773-2e1c57d3b28f#21-t1, previous=(t:1, i:8), leaderCommit=8, initializing? false, entries: <empty>
2019-10-24 14:29:22,886 [Thread-310] INFO  client.GrpcClientProtocolService (GrpcClientProtocolService.java:lambda$processClientRequest$0(279)) - Failed RaftClientRequest:client-6194C1F728FC->42dc87bf-e32b-4dd2-9e00-10549665eb60@group-DCA73B360714, cid=10, seq=0, Watch-ALL_COMMITTED(6), Message:<EMPTY>, reply=RaftClientReply:client-6194C1F728FC->42dc87bf-e32b-4dd2-9e00-10549665eb60@group-DCA73B360714, cid=10, FAILED org.apache.ratis.protocol.NotReplicatedException: Request with call Id 10 and log index 6 is not yet replicated to ALL_COMMITTED, logIndex=6, commits[42dc87bf-e32b-4dd2-9e00-10549665eb60:c8, e72563ba-91b4-4473-a773-2e1c57d3b28f:c4, 4fbf6b7a-b21a-4ba4-99d8-46c6f2467a6f:c8]
2019-10-24 14:29:23,943 [main] WARN  scm.XceiverClientRatis (XceiverClientRatis.java:watchForCommit(277)) - 3 way commit failed on pipeline Pipeline[ Id: 237507d0-e2cf-4ea3-94d9-dca73b360714, Nodes: 42dc87bf-e32b-4dd2-9e00-10549665eb60{ip: 192.168.69.108, host: pr-hdds-2347-txrx8-1920290359, networkLocation: /default-rack, certSerialId: null}e72563ba-91b4-4473-a773-2e1c57d3b28f{ip: 192.168.69.108, host: pr-hdds-2347-txrx8-1920290359, networkLocation: /default-rack, certSerialId: null}4fbf6b7a-b21a-4ba4-99d8-46c6f2467a6f{ip: 192.168.69.108, host: pr-hdds-2347-txrx8-1920290359, networkLocation: /default-rack, certSerialId: null}, Type:RATIS, Factor:THREE, State:OPEN]
java.util.concurrent.TimeoutException
	at java.util.concurrent.CompletableFuture.timedGet(CompletableFuture.java:1771)
	at java.util.concurrent.CompletableFuture.get(CompletableFuture.java:1915)
	at org.apache.hadoop.hdds.scm.XceiverClientRatis.watchForCommit(XceiverClientRatis.java:274)
	at org.apache.hadoop.hdds.scm.storage.CommitWatcher.watchForCommit(CommitWatcher.java:198)
	at org.apache.hadoop.hdds.scm.storage.CommitWatcher.watchOnLastIndex(CommitWatcher.java:161)
	at org.apache.hadoop.hdds.scm.storage.BlockOutputStream.watchForCommit(BlockOutputStream.java:346)
	at org.apache.hadoop.hdds.scm.storage.BlockOutputStream.handleFlush(BlockOutputStream.java:482)
	at org.apache.hadoop.hdds.scm.storage.BlockOutputStream.close(BlockOutputStream.java:496)
	at org.apache.hadoop.ozone.client.io.BlockOutputStreamEntry.close(BlockOutputStreamEntry.java:143)
	at org.apache.hadoop.ozone.client.io.KeyOutputStream.handleFlushOrClose(KeyOutputStream.java:435)
	at org.apache.hadoop.ozone.client.io.KeyOutputStream.close(KeyOutputStream.java:473)
	at org.apache.hadoop.ozone.client.io.OzoneOutputStream.close(OzoneOutputStream.java:60)
	at org.apache.hadoop.ozone.client.rpc.TestDeleteWithSlowFollower.testDeleteKeyWithSlowFollower(TestDeleteWithSlowFollower.java:193)
	at sun.reflect.NativeMethodAccessorImpl.invoke0(Native Method)
	at sun.reflect.NativeMethodAccessorImpl.invoke(NativeMethodAccessorImpl.java:62)
	at sun.reflect.DelegatingMethodAccessorImpl.invoke(DelegatingMethodAccessorImpl.java:43)
	at java.lang.reflect.Method.invoke(Method.java:498)
	at org.junit.runners.model.FrameworkMethod$1.runReflectiveCall(FrameworkMethod.java:47)
	at org.junit.internal.runners.model.ReflectiveCallable.run(ReflectiveCallable.java:12)
	at org.junit.runners.model.FrameworkMethod.invokeExplosively(FrameworkMethod.java:44)
	at org.junit.internal.runners.statements.InvokeMethod.evaluate(InvokeMethod.java:17)
	at org.junit.runners.ParentRunner.runLeaf(ParentRunner.java:271)
	at org.junit.runners.BlockJUnit4ClassRunner.runChild(BlockJUnit4ClassRunner.java:70)
	at org.junit.runners.BlockJUnit4ClassRunner.runChild(BlockJUnit4ClassRunner.java:50)
	at org.junit.runners.ParentRunner$3.run(ParentRunner.java:238)
	at org.junit.runners.ParentRunner$1.schedule(ParentRunner.java:63)
	at org.junit.runners.ParentRunner.runChildren(ParentRunner.java:236)
	at org.junit.runners.ParentRunner.access$000(ParentRunner.java:53)
	at org.junit.runners.ParentRunner$2.evaluate(ParentRunner.java:229)
	at org.junit.internal.runners.statements.RunBefores.evaluate(RunBefores.java:26)
	at org.junit.internal.runners.statements.RunAfters.evaluate(RunAfters.java:27)
	at org.junit.runners.ParentRunner.run(ParentRunner.java:309)
	at org.apache.maven.surefire.junit4.JUnit4Provider.execute(JUnit4Provider.java:365)
	at org.apache.maven.surefire.junit4.JUnit4Provider.executeWithRerun(JUnit4Provider.java:273)
	at org.apache.maven.surefire.junit4.JUnit4Provider.executeTestSet(JUnit4Provider.java:238)
	at org.apache.maven.surefire.junit4.JUnit4Provider.invoke(JUnit4Provider.java:159)
	at org.apache.maven.surefire.booter.ForkedBooter.invokeProviderInSameClassLoader(ForkedBooter.java:384)
	at org.apache.maven.surefire.booter.ForkedBooter.runSuitesInProcess(ForkedBooter.java:345)
	at org.apache.maven.surefire.booter.ForkedBooter.execute(ForkedBooter.java:126)
	at org.apache.maven.surefire.booter.ForkedBooter.main(ForkedBooter.java:418)
2019-10-24 14:29:23,968 [main] INFO  scm.XceiverClientRatis (XceiverClientRatis.java:lambda$watchForCommit$5(295)) - Could not commit index 6 on pipeline Pipeline[ Id: 237507d0-e2cf-4ea3-94d9-dca73b360714, Nodes: 42dc87bf-e32b-4dd2-9e00-10549665eb60{ip: 192.168.69.108, host: pr-hdds-2347-txrx8-1920290359, networkLocation: /default-rack, certSerialId: null}e72563ba-91b4-4473-a773-2e1c57d3b28f{ip: 192.168.69.108, host: pr-hdds-2347-txrx8-1920290359, networkLocation: /default-rack, certSerialId: null}4fbf6b7a-b21a-4ba4-99d8-46c6f2467a6f{ip: 192.168.69.108, host: pr-hdds-2347-txrx8-1920290359, networkLocation: /default-rack, certSerialId: null}, Type:RATIS, Factor:THREE, State:OPEN] to all the nodes. Server e72563ba-91b4-4473-a773-2e1c57d3b28f has failed. Committed by majority.
2019-10-24 14:29:23,969 [main] WARN  storage.BlockOutputStream (BlockOutputStream.java:watchForCommit(352)) - Failed to commit BlockId conID: 1 locID: 103017829102780416 bcsId: 6 on Pipeline[ Id: 237507d0-e2cf-4ea3-94d9-dca73b360714, Nodes: 42dc87bf-e32b-4dd2-9e00-10549665eb60{ip: 192.168.69.108, host: pr-hdds-2347-txrx8-1920290359, networkLocation: /default-rack, certSerialId: null}e72563ba-91b4-4473-a773-2e1c57d3b28f{ip: 192.168.69.108, host: pr-hdds-2347-txrx8-1920290359, networkLocation: /default-rack, certSerialId: null}4fbf6b7a-b21a-4ba4-99d8-46c6f2467a6f{ip: 192.168.69.108, host: pr-hdds-2347-txrx8-1920290359, networkLocation: /default-rack, certSerialId: null}, Type:RATIS, Factor:THREE, State:OPEN]. Failed nodes: [e72563ba-91b4-4473-a773-2e1c57d3b28f{ip: null, host: null, networkLocation: /default-rack, certSerialId: null}]
2019-10-24 14:29:24,063 [EventQueue-IncrementalContainerReportForIncrementalContainerReportHandler] WARN  container.IncrementalContainerReportHandler (AbstractContainerReportHandler.java:updateContainerState(145)) - Container #1 is in OPEN state, but the datanode 42dc87bf-e32b-4dd2-9e00-10549665eb60{ip: 192.168.69.108, host: pr-hdds-2347-txrx8-1920290359, networkLocation: /default-rack, certSerialId: null} reports an CLOSING replica.
2019-10-24 14:29:24,073 [RatisApplyTransactionExecutor 1] INFO  interfaces.Container (KeyValueContainer.java:flushAndSyncDB(386)) - Container 1 is synced with bcsId 6.
2019-10-24 14:29:24,074 [RatisApplyTransactionExecutor 1] INFO  interfaces.Container (KeyValueContainer.java:flushAndSyncDB(386)) - Container 1 is synced with bcsId 6.
2019-10-24 14:29:24,089 [RatisApplyTransactionExecutor 1] INFO  interfaces.Container (KeyValueContainer.java:close(335)) - Container 1 is closed with bcsId 6.
2019-10-24 14:29:24,092 [EventQueue-IncrementalContainerReportForIncrementalContainerReportHandler] WARN  container.IncrementalContainerReportHandler (AbstractContainerReportHandler.java:updateContainerState(145)) - Container #1 is in OPEN state, but the datanode 42dc87bf-e32b-4dd2-9e00-10549665eb60{ip: 192.168.69.108, host: pr-hdds-2347-txrx8-1920290359, networkLocation: /default-rack, certSerialId: null} reports an CLOSED replica.
2019-10-24 14:29:24,092 [EventQueue-ContainerReportForContainerReportHandler] WARN  container.ContainerReportHandler (AbstractContainerReportHandler.java:updateContainerState(145)) - Container #1 is in OPEN state, but the datanode 4fbf6b7a-b21a-4ba4-99d8-46c6f2467a6f{ip: 192.168.69.108, host: pr-hdds-2347-txrx8-1920290359, networkLocation: /default-rack, certSerialId: null} reports an CLOSING replica.
2019-10-24 14:29:24,093 [EventQueue-IncrementalContainerReportForIncrementalContainerReportHandler] WARN  container.IncrementalContainerReportHandler (AbstractContainerReportHandler.java:updateContainerState(145)) - Container #1 is in OPEN state, but the datanode 4fbf6b7a-b21a-4ba4-99d8-46c6f2467a6f{ip: 192.168.69.108, host: pr-hdds-2347-txrx8-1920290359, networkLocation: /default-rack, certSerialId: null} reports an CLOSING replica.
2019-10-24 14:29:24,101 [RatisApplyTransactionExecutor 1] INFO  interfaces.Container (KeyValueContainer.java:flushAndSyncDB(386)) - Container 1 is synced with bcsId 6.
2019-10-24 14:29:24,102 [RatisApplyTransactionExecutor 1] INFO  interfaces.Container (KeyValueContainer.java:flushAndSyncDB(386)) - Container 1 is synced with bcsId 6.
2019-10-24 14:29:24,118 [RatisApplyTransactionExecutor 1] INFO  interfaces.Container (KeyValueContainer.java:close(335)) - Container 1 is closed with bcsId 6.
2019-10-24 14:29:24,120 [EventQueue-IncrementalContainerReportForIncrementalContainerReportHandler] WARN  container.IncrementalContainerReportHandler (AbstractContainerReportHandler.java:updateContainerState(145)) - Container #1 is in OPEN state, but the datanode 4fbf6b7a-b21a-4ba4-99d8-46c6f2467a6f{ip: 192.168.69.108, host: pr-hdds-2347-txrx8-1920290359, networkLocation: /default-rack, certSerialId: null} reports an CLOSED replica.
2019-10-24 14:29:24,190 [EventQueue-ContainerReportForContainerReportHandler] WARN  container.ContainerReportHandler (AbstractContainerReportHandler.java:updateContainerState(145)) - Container #1 is in OPEN state, but the datanode 42dc87bf-e32b-4dd2-9e00-10549665eb60{ip: 192.168.69.108, host: pr-hdds-2347-txrx8-1920290359, networkLocation: /default-rack, certSerialId: null} reports an CLOSED replica.
2019-10-24 14:29:24,444 [java.util.concurrent.ThreadPoolExecutor$Worker@713a7292[State = -1, empty queue]] WARN  server.GrpcLogAppender (GrpcLogAppender.java:timeoutAppendRequest(209)) - 42dc87bf-e32b-4dd2-9e00-10549665eb60@group-DCA73B360714->e72563ba-91b4-4473-a773-2e1c57d3b28f-GrpcLogAppender: appendEntries Timeout, request=42dc87bf-e32b-4dd2-9e00-10549665eb60->e72563ba-91b4-4473-a773-2e1c57d3b28f#22-t1, previous=(t:1, i:8), leaderCommit=8, initializing? false, entries: <empty>
2019-10-24 14:29:24,491 [EventQueue-ContainerReportForContainerReportHandler] WARN  container.ContainerReportHandler (AbstractContainerReportHandler.java:updateContainerState(145)) - Container #1 is in OPEN state, but the datanode 42dc87bf-e32b-4dd2-9e00-10549665eb60{ip: 192.168.69.108, host: pr-hdds-2347-txrx8-1920290359, networkLocation: /default-rack, certSerialId: null} reports an CLOSED replica.
2019-10-24 14:29:24,519 [EventQueue-ContainerReportForContainerReportHandler] WARN  container.ContainerReportHandler (AbstractContainerReportHandler.java:updateContainerState(145)) - Container #1 is in OPEN state, but the datanode 4fbf6b7a-b21a-4ba4-99d8-46c6f2467a6f{ip: 192.168.69.108, host: pr-hdds-2347-txrx8-1920290359, networkLocation: /default-rack, certSerialId: null} reports an CLOSED replica.
2019-10-24 14:29:24,691 [EventQueue-ContainerReportForContainerReportHandler] WARN  container.ContainerReportHandler (AbstractContainerReportHandler.java:updateContainerState(145)) - Container #1 is in OPEN state, but the datanode 42dc87bf-e32b-4dd2-9e00-10549665eb60{ip: 192.168.69.108, host: pr-hdds-2347-txrx8-1920290359, networkLocation: /default-rack, certSerialId: null} reports an CLOSED replica.
2019-10-24 14:29:24,819 [EventQueue-ContainerReportForContainerReportHandler] WARN  container.ContainerReportHandler (AbstractContainerReportHandler.java:updateContainerState(145)) - Container #1 is in OPEN state, but the datanode 4fbf6b7a-b21a-4ba4-99d8-46c6f2467a6f{ip: 192.168.69.108, host: pr-hdds-2347-txrx8-1920290359, networkLocation: /default-rack, certSerialId: null} reports an CLOSED replica.
2019-10-24 14:29:24,942 [IPC Server handler 1 on 39024] INFO  server.SCMBlockProtocolServer (SCMBlockProtocolServer.java:deleteKeyBlocks(217)) - SCM is informed by OM to delete 1 blocks
2019-10-24 14:29:24,943 [IPC Server handler 1 on 39024] INFO  block.BlockManagerImpl (BlockManagerImpl.java:deleteBlocks(285)) - Deleting blocks conID: 1 locID: 103017829102780416 bcsId: 0
2019-10-24 14:29:25,053 [BlockDeletingService#2] WARN  background.BlockDeletingService (BlockDeletingService.java:isDeletionAllowed(187)) - Close Container log Index 6 is not replicated across allthe servers in the pipeline 237507d0-e2cf-4ea3-94d9-dca73b360714 as the min replicated index is 4. Deletion is not allowed in this container yet.
2019-10-24 14:29:25,055 [BlockDeletingService#2] WARN  background.BlockDeletingService (BlockDeletingService.java:isDeletionAllowed(187)) - Close Container log Index 6 is not replicated across allthe servers in the pipeline 237507d0-e2cf-4ea3-94d9-dca73b360714 as the min replicated index is 4. Deletion is not allowed in this container yet.
2019-10-24 14:29:25,091 [EventQueue-ContainerReportForContainerReportHandler] WARN  container.ContainerReportHandler (AbstractContainerReportHandler.java:updateContainerState(145)) - Container #1 is in OPEN state, but the datanode 42dc87bf-e32b-4dd2-9e00-10549665eb60{ip: 192.168.69.108, host: pr-hdds-2347-txrx8-1920290359, networkLocation: /default-rack, certSerialId: null} reports an CLOSED replica.
2019-10-24 14:29:25,120 [EventQueue-ContainerReportForContainerReportHandler] WARN  container.ContainerReportHandler (AbstractContainerReportHandler.java:updateContainerState(145)) - Container #1 is in OPEN state, but the datanode 4fbf6b7a-b21a-4ba4-99d8-46c6f2467a6f{ip: 192.168.69.108, host: pr-hdds-2347-txrx8-1920290359, networkLocation: /default-rack, certSerialId: null} reports an CLOSED replica.
2019-10-24 14:29:25,392 [EventQueue-ContainerReportForContainerReportHandler] WARN  container.ContainerReportHandler (AbstractContainerReportHandler.java:updateContainerState(145)) - Container #1 is in OPEN state, but the datanode 42dc87bf-e32b-4dd2-9e00-10549665eb60{ip: 192.168.69.108, host: pr-hdds-2347-txrx8-1920290359, networkLocation: /default-rack, certSerialId: null} reports an CLOSED replica.
2019-10-24 14:29:25,419 [EventQueue-ContainerReportForContainerReportHandler] WARN  container.ContainerReportHandler (AbstractContainerReportHandler.java:updateContainerState(145)) - Container #1 is in OPEN state, but the datanode 4fbf6b7a-b21a-4ba4-99d8-46c6f2467a6f{ip: 192.168.69.108, host: pr-hdds-2347-txrx8-1920290359, networkLocation: /default-rack, certSerialId: null} reports an CLOSED replica.
2019-10-24 14:29:25,693 [EventQueue-ContainerReportForContainerReportHandler] WARN  container.ContainerReportHandler (AbstractContainerReportHandler.java:updateContainerState(145)) - Container #1 is in OPEN state, but the datanode 42dc87bf-e32b-4dd2-9e00-10549665eb60{ip: 192.168.69.108, host: pr-hdds-2347-txrx8-1920290359, networkLocation: /default-rack, certSerialId: null} reports an CLOSED replica.
2019-10-24 14:29:25,819 [EventQueue-ContainerReportForContainerReportHandler] WARN  container.ContainerReportHandler (AbstractContainerReportHandler.java:updateContainerState(145)) - Container #1 is in OPEN state, but the datanode 4fbf6b7a-b21a-4ba4-99d8-46c6f2467a6f{ip: 192.168.69.108, host: pr-hdds-2347-txrx8-1920290359, networkLocation: /default-rack, certSerialId: null} reports an CLOSED replica.
2019-10-24 14:29:25,993 [EventQueue-ContainerReportForContainerReportHandler] WARN  container.ContainerReportHandler (AbstractContainerReportHandler.java:updateContainerState(145)) - Container #1 is in OPEN state, but the datanode 42dc87bf-e32b-4dd2-9e00-10549665eb60{ip: 192.168.69.108, host: pr-hdds-2347-txrx8-1920290359, networkLocation: /default-rack, certSerialId: null} reports an CLOSED replica.
2019-10-24 14:29:26,055 [BlockDeletingService#2] WARN  background.BlockDeletingService (BlockDeletingService.java:isDeletionAllowed(187)) - Close Container log Index 6 is not replicated across allthe servers in the pipeline 237507d0-e2cf-4ea3-94d9-dca73b360714 as the min replicated index is 4. Deletion is not allowed in this container yet.
2019-10-24 14:29:26,058 [BlockDeletingService#2] WARN  background.BlockDeletingService (BlockDeletingService.java:isDeletionAllowed(187)) - Close Container log Index 6 is not replicated across allthe servers in the pipeline 237507d0-e2cf-4ea3-94d9-dca73b360714 as the min replicated index is 4. Deletion is not allowed in this container yet.
2019-10-24 14:29:26,119 [EventQueue-ContainerReportForContainerReportHandler] WARN  container.ContainerReportHandler (AbstractContainerReportHandler.java:updateContainerState(145)) - Container #1 is in OPEN state, but the datanode 4fbf6b7a-b21a-4ba4-99d8-46c6f2467a6f{ip: 192.168.69.108, host: pr-hdds-2347-txrx8-1920290359, networkLocation: /default-rack, certSerialId: null} reports an CLOSED replica.
2019-10-24 14:29:26,293 [EventQueue-ContainerReportForContainerReportHandler] WARN  container.ContainerReportHandler (AbstractContainerReportHandler.java:updateContainerState(145)) - Container #1 is in OPEN state, but the datanode 42dc87bf-e32b-4dd2-9e00-10549665eb60{ip: 192.168.69.108, host: pr-hdds-2347-txrx8-1920290359, networkLocation: /default-rack, certSerialId: null} reports an CLOSED replica.
2019-10-24 14:29:26,521 [EventQueue-ContainerReportForContainerReportHandler] WARN  container.ContainerReportHandler (AbstractContainerReportHandler.java:updateContainerState(145)) - Container #1 is in OPEN state, but the datanode 4fbf6b7a-b21a-4ba4-99d8-46c6f2467a6f{ip: 192.168.69.108, host: pr-hdds-2347-txrx8-1920290359, networkLocation: /default-rack, certSerialId: null} reports an CLOSED replica.
2019-10-24 14:29:26,594 [EventQueue-ContainerReportForContainerReportHandler] WARN  container.ContainerReportHandler (AbstractContainerReportHandler.java:updateContainerState(145)) - Container #1 is in OPEN state, but the datanode 42dc87bf-e32b-4dd2-9e00-10549665eb60{ip: 192.168.69.108, host: pr-hdds-2347-txrx8-1920290359, networkLocation: /default-rack, certSerialId: null} reports an CLOSED replica.
2019-10-24 14:29:26,821 [EventQueue-ContainerReportForContainerReportHandler] WARN  container.ContainerReportHandler (AbstractContainerReportHandler.java:updateContainerState(145)) - Container #1 is in OPEN state, but the datanode 4fbf6b7a-b21a-4ba4-99d8-46c6f2467a6f{ip: 192.168.69.108, host: pr-hdds-2347-txrx8-1920290359, networkLocation: /default-rack, certSerialId: null} reports an CLOSED replica.
2019-10-24 14:29:26,894 [EventQueue-ContainerReportForContainerReportHandler] WARN  container.ContainerReportHandler (AbstractContainerReportHandler.java:updateContainerState(145)) - Container #1 is in OPEN state, but the datanode 42dc87bf-e32b-4dd2-9e00-10549665eb60{ip: 192.168.69.108, host: pr-hdds-2347-txrx8-1920290359, networkLocation: /default-rack, certSerialId: null} reports an CLOSED replica.
2019-10-24 14:29:26,946 [java.util.concurrent.ThreadPoolExecutor$Worker@713a7292[State = -1, empty queue]] WARN  server.GrpcLogAppender (GrpcLogAppender.java:timeoutAppendRequest(209)) - 42dc87bf-e32b-4dd2-9e00-10549665eb60@group-DCA73B360714->e72563ba-91b4-4473-a773-2e1c57d3b28f-GrpcLogAppender: appendEntries Timeout, request=42dc87bf-e32b-4dd2-9e00-10549665eb60->e72563ba-91b4-4473-a773-2e1c57d3b28f#23-t1, previous=(t:1, i:8), leaderCommit=8, initializing? false, entries: <empty>
2019-10-24 14:29:27,033 [java.util.concurrent.ThreadPoolExecutor$Worker@713a7292[State = -1, empty queue]] WARN  server.GrpcLogAppender (GrpcLogAppender.java:timeoutAppendRequest(209)) - 42dc87bf-e32b-4dd2-9e00-10549665eb60@group-DCA73B360714->e72563ba-91b4-4473-a773-2e1c57d3b28f-GrpcLogAppender: appendEntries Timeout, request=42dc87bf-e32b-4dd2-9e00-10549665eb60->e72563ba-91b4-4473-a773-2e1c57d3b28f#24-t1, previous=(t:1, i:8), leaderCommit=8, initializing? false, entries: size=1, first=(t:1, i:9), STATEMACHINELOGENTRY, client-8530CDA21E5D, cid=12
2019-10-24 14:29:27,048 [java.util.concurrent.ThreadPoolExecutor$Worker@713a7292[State = -1, empty queue]] WARN  server.GrpcLogAppender (GrpcLogAppender.java:timeoutAppendRequest(209)) - 42dc87bf-e32b-4dd2-9e00-10549665eb60@group-DCA73B360714->e72563ba-91b4-4473-a773-2e1c57d3b28f-GrpcLogAppender: appendEntries Timeout, request=42dc87bf-e32b-4dd2-9e00-10549665eb60->e72563ba-91b4-4473-a773-2e1c57d3b28f#25-t1, previous=(t:1, i:9), leaderCommit=9, initializing? false, entries: size=1, first=(t:1, i:10), METADATAENTRY(c9)
2019-10-24 14:29:27,057 [BlockDeletingService#2] WARN  background.BlockDeletingService (BlockDeletingService.java:isDeletionAllowed(187)) - Close Container log Index 6 is not replicated across allthe servers in the pipeline 237507d0-e2cf-4ea3-94d9-dca73b360714 as the min replicated index is 4. Deletion is not allowed in this container yet.
2019-10-24 14:29:27,059 [BlockDeletingService#2] WARN  background.BlockDeletingService (BlockDeletingService.java:isDeletionAllowed(187)) - Close Container log Index 6 is not replicated across allthe servers in the pipeline 237507d0-e2cf-4ea3-94d9-dca73b360714 as the min replicated index is 4. Deletion is not allowed in this container yet.
2019-10-24 14:29:27,121 [EventQueue-ContainerReportForContainerReportHandler] WARN  container.ContainerReportHandler (AbstractContainerReportHandler.java:updateContainerState(145)) - Container #1 is in OPEN state, but the datanode 4fbf6b7a-b21a-4ba4-99d8-46c6f2467a6f{ip: 192.168.69.108, host: pr-hdds-2347-txrx8-1920290359, networkLocation: /default-rack, certSerialId: null} reports an CLOSED replica.
2019-10-24 14:29:27,193 [EventQueue-ContainerReportForContainerReportHandler] WARN  container.ContainerReportHandler (AbstractContainerReportHandler.java:updateContainerState(145)) - Container #1 is in OPEN state, but the datanode 42dc87bf-e32b-4dd2-9e00-10549665eb60{ip: 192.168.69.108, host: pr-hdds-2347-txrx8-1920290359, networkLocation: /default-rack, certSerialId: null} reports an CLOSED replica.
2019-10-24 14:29:27,394 [EventQueue-ContainerReportForContainerReportHandler] WARN  container.ContainerReportHandler (AbstractContainerReportHandler.java:updateContainerState(145)) - Container #1 is in OPEN state, but the datanode 42dc87bf-e32b-4dd2-9e00-10549665eb60{ip: 192.168.69.108, host: pr-hdds-2347-txrx8-1920290359, networkLocation: /default-rack, certSerialId: null} reports an CLOSED replica.
2019-10-24 14:29:27,522 [EventQueue-ContainerReportForContainerReportHandler] WARN  container.ContainerReportHandler (AbstractContainerReportHandler.java:updateContainerState(145)) - Container #1 is in OPEN state, but the datanode 4fbf6b7a-b21a-4ba4-99d8-46c6f2467a6f{ip: 192.168.69.108, host: pr-hdds-2347-txrx8-1920290359, networkLocation: /default-rack, certSerialId: null} reports an CLOSED replica.
2019-10-24 14:29:27,694 [EventQueue-ContainerReportForContainerReportHandler] WARN  container.ContainerReportHandler (AbstractContainerReportHandler.java:updateContainerState(145)) - Container #1 is in OPEN state, but the datanode 42dc87bf-e32b-4dd2-9e00-10549665eb60{ip: 192.168.69.108, host: pr-hdds-2347-txrx8-1920290359, networkLocation: /default-rack, certSerialId: null} reports an CLOSED replica.
2019-10-24 14:29:27,821 [EventQueue-ContainerReportForContainerReportHandler] WARN  container.ContainerReportHandler (AbstractContainerReportHandler.java:updateContainerState(145)) - Container #1 is in OPEN state, but the datanode 4fbf6b7a-b21a-4ba4-99d8-46c6f2467a6f{ip: 192.168.69.108, host: pr-hdds-2347-txrx8-1920290359, networkLocation: /default-rack, certSerialId: null} reports an CLOSED replica.
2019-10-24 14:29:27,893 [EventQueue-ContainerReportForContainerReportHandler] WARN  container.ContainerReportHandler (AbstractContainerReportHandler.java:updateContainerState(145)) - Container #1 is in OPEN state, but the datanode 42dc87bf-e32b-4dd2-9e00-10549665eb60{ip: 192.168.69.108, host: pr-hdds-2347-txrx8-1920290359, networkLocation: /default-rack, certSerialId: null} reports an CLOSED replica.
2019-10-24 14:29:28,065 [BlockDeletingService#2] WARN  background.BlockDeletingService (BlockDeletingService.java:isDeletionAllowed(187)) - Close Container log Index 6 is not replicated across allthe servers in the pipeline 237507d0-e2cf-4ea3-94d9-dca73b360714 as the min replicated index is 4. Deletion is not allowed in this container yet.
2019-10-24 14:29:28,066 [BlockDeletingService#2] WARN  background.BlockDeletingService (BlockDeletingService.java:isDeletionAllowed(187)) - Close Container log Index 6 is not replicated across allthe servers in the pipeline 237507d0-e2cf-4ea3-94d9-dca73b360714 as the min replicated index is 4. Deletion is not allowed in this container yet.
2019-10-24 14:29:28,222 [EventQueue-ContainerReportForContainerReportHandler] WARN  container.ContainerReportHandler (AbstractContainerReportHandler.java:updateContainerState(145)) - Container #1 is in OPEN state, but the datanode 4fbf6b7a-b21a-4ba4-99d8-46c6f2467a6f{ip: 192.168.69.108, host: pr-hdds-2347-txrx8-1920290359, networkLocation: /default-rack, certSerialId: null} reports an CLOSED replica.
2019-10-24 14:29:28,293 [EventQueue-ContainerReportForContainerReportHandler] WARN  container.ContainerReportHandler (AbstractContainerReportHandler.java:updateContainerState(145)) - Container #1 is in OPEN state, but the datanode 42dc87bf-e32b-4dd2-9e00-10549665eb60{ip: 192.168.69.108, host: pr-hdds-2347-txrx8-1920290359, networkLocation: /default-rack, certSerialId: null} reports an CLOSED replica.
2019-10-24 14:29:28,422 [EventQueue-ContainerReportForContainerReportHandler] WARN  container.ContainerReportHandler (AbstractContainerReportHandler.java:updateContainerState(145)) - Container #1 is in OPEN state, but the datanode 4fbf6b7a-b21a-4ba4-99d8-46c6f2467a6f{ip: 192.168.69.108, host: pr-hdds-2347-txrx8-1920290359, networkLocation: /default-rack, certSerialId: null} reports an CLOSED replica.
2019-10-24 14:29:28,695 [EventQueue-ContainerReportForContainerReportHandler] WARN  container.ContainerReportHandler (AbstractContainerReportHandler.java:updateContainerState(145)) - Container #1 is in OPEN state, but the datanode 42dc87bf-e32b-4dd2-9e00-10549665eb60{ip: 192.168.69.108, host: pr-hdds-2347-txrx8-1920290359, networkLocation: /default-rack, certSerialId: null} reports an CLOSED replica.
2019-10-24 14:29:28,722 [EventQueue-ContainerReportForContainerReportHandler] WARN  container.ContainerReportHandler (AbstractContainerReportHandler.java:updateContainerState(145)) - Container #1 is in OPEN state, but the datanode 4fbf6b7a-b21a-4ba4-99d8-46c6f2467a6f{ip: 192.168.69.108, host: pr-hdds-2347-txrx8-1920290359, networkLocation: /default-rack, certSerialId: null} reports an CLOSED replica.
2019-10-24 14:29:28,896 [EventQueue-ContainerReportForContainerReportHandler] WARN  container.ContainerReportHandler (AbstractContainerReportHandler.java:updateContainerState(145)) - Container #1 is in OPEN state, but the datanode 42dc87bf-e32b-4dd2-9e00-10549665eb60{ip: 192.168.69.108, host: pr-hdds-2347-txrx8-1920290359, networkLocation: /default-rack, certSerialId: null} reports an CLOSED replica.
2019-10-24 14:29:29,023 [EventQueue-ContainerReportForContainerReportHandler] WARN  container.ContainerReportHandler (AbstractContainerReportHandler.java:updateContainerState(145)) - Container #1 is in OPEN state, but the datanode 4fbf6b7a-b21a-4ba4-99d8-46c6f2467a6f{ip: 192.168.69.108, host: pr-hdds-2347-txrx8-1920290359, networkLocation: /default-rack, certSerialId: null} reports an CLOSED replica.
2019-10-24 14:29:29,068 [BlockDeletingService#2] WARN  background.BlockDeletingService (BlockDeletingService.java:isDeletionAllowed(187)) - Close Container log Index 6 is not replicated across allthe servers in the pipeline 237507d0-e2cf-4ea3-94d9-dca73b360714 as the min replicated index is 4. Deletion is not allowed in this container yet.
2019-10-24 14:29:29,068 [BlockDeletingService#2] WARN  background.BlockDeletingService (BlockDeletingService.java:isDeletionAllowed(187)) - Close Container log Index 6 is not replicated across allthe servers in the pipeline 237507d0-e2cf-4ea3-94d9-dca73b360714 as the min replicated index is 4. Deletion is not allowed in this container yet.
2019-10-24 14:29:29,297 [EventQueue-ContainerReportForContainerReportHandler] WARN  container.ContainerReportHandler (AbstractContainerReportHandler.java:updateContainerState(145)) - Container #1 is in OPEN state, but the datanode 42dc87bf-e32b-4dd2-9e00-10549665eb60{ip: 192.168.69.108, host: pr-hdds-2347-txrx8-1920290359, networkLocation: /default-rack, certSerialId: null} reports an CLOSED replica.
2019-10-24 14:29:29,323 [EventQueue-ContainerReportForContainerReportHandler] WARN  container.ContainerReportHandler (AbstractContainerReportHandler.java:updateContainerState(145)) - Container #1 is in OPEN state, but the datanode 4fbf6b7a-b21a-4ba4-99d8-46c6f2467a6f{ip: 192.168.69.108, host: pr-hdds-2347-txrx8-1920290359, networkLocation: /default-rack, certSerialId: null} reports an CLOSED replica.
2019-10-24 14:29:29,524 [EventQueue-ContainerReportForContainerReportHandler] WARN  container.ContainerReportHandler (AbstractContainerReportHandler.java:updateContainerState(145)) - Container #1 is in OPEN state, but the datanode 4fbf6b7a-b21a-4ba4-99d8-46c6f2467a6f{ip: 192.168.69.108, host: pr-hdds-2347-txrx8-1920290359, networkLocation: /default-rack, certSerialId: null} reports an CLOSED replica.
2019-10-24 14:29:29,549 [java.util.concurrent.ThreadPoolExecutor$Worker@713a7292[State = -1, empty queue]] WARN  server.GrpcLogAppender (GrpcLogAppender.java:timeoutAppendRequest(209)) - 42dc87bf-e32b-4dd2-9e00-10549665eb60@group-DCA73B360714->e72563ba-91b4-4473-a773-2e1c57d3b28f-GrpcLogAppender: appendEntries Timeout, request=42dc87bf-e32b-4dd2-9e00-10549665eb60->e72563ba-91b4-4473-a773-2e1c57d3b28f#26-t1, previous=(t:1, i:10), leaderCommit=10, initializing? false, entries: <empty>
2019-10-24 14:29:29,597 [EventQueue-ContainerReportForContainerReportHandler] WARN  container.ContainerReportHandler (AbstractContainerReportHandler.java:updateContainerState(145)) - Container #1 is in OPEN state, but the datanode 42dc87bf-e32b-4dd2-9e00-10549665eb60{ip: 192.168.69.108, host: pr-hdds-2347-txrx8-1920290359, networkLocation: /default-rack, certSerialId: null} reports an CLOSED replica.
2019-10-24 14:29:29,724 [EventQueue-ContainerReportForContainerReportHandler] WARN  container.ContainerReportHandler (AbstractContainerReportHandler.java:updateContainerState(145)) - Container #1 is in OPEN state, but the datanode 4fbf6b7a-b21a-4ba4-99d8-46c6f2467a6f{ip: 192.168.69.108, host: pr-hdds-2347-txrx8-1920290359, networkLocation: /default-rack, certSerialId: null} reports an CLOSED replica.
2019-10-24 14:29:29,898 [EventQueue-ContainerReportForContainerReportHandler] WARN  container.ContainerReportHandler (AbstractContainerReportHandler.java:updateContainerState(145)) - Container #1 is in OPEN state, but the datanode 42dc87bf-e32b-4dd2-9e00-10549665eb60{ip: 192.168.69.108, host: pr-hdds-2347-txrx8-1920290359, networkLocation: /default-rack, certSerialId: null} reports an CLOSED replica.
2019-10-24 14:29:30,068 [Thread-334] INFO  client.GrpcClientProtocolService (GrpcClientProtocolService.java:lambda$processClientRequest$0(279)) - Failed RaftClientRequest:client-6194C1F728FC->4fbf6b7a-b21a-4ba4-99d8-46c6f2467a6f@group-DCA73B360714, cid=10, seq=0, Watch-ALL_COMMITTED(6), Message:<EMPTY>, reply=RaftClientReply:client-6194C1F728FC->4fbf6b7a-b21a-4ba4-99d8-46c6f2467a6f@group-DCA73B360714, cid=10, FAILED org.apache.ratis.protocol.NotLeaderException: Server 4fbf6b7a-b21a-4ba4-99d8-46c6f2467a6f@group-DCA73B360714 is not the leader 42dc87bf-e32b-4dd2-9e00-10549665eb60:192.168.69.108:40840, logIndex=0, commits[4fbf6b7a-b21a-4ba4-99d8-46c6f2467a6f:c10, e72563ba-91b4-4473-a773-2e1c57d3b28f:c4, 42dc87bf-e32b-4dd2-9e00-10549665eb60:c10]
2019-10-24 14:29:30,072 [BlockDeletingService#2] WARN  background.BlockDeletingService (BlockDeletingService.java:isDeletionAllowed(187)) - Close Container log Index 6 is not replicated across allthe servers in the pipeline 237507d0-e2cf-4ea3-94d9-dca73b360714 as the min replicated index is 4. Deletion is not allowed in this container yet.
2019-10-24 14:29:30,072 [BlockDeletingService#2] WARN  background.BlockDeletingService (BlockDeletingService.java:isDeletionAllowed(187)) - Close Container log Index 6 is not replicated across allthe servers in the pipeline 237507d0-e2cf-4ea3-94d9-dca73b360714 as the min replicated index is 4. Deletion is not allowed in this container yet.
2019-10-24 14:29:30,124 [EventQueue-ContainerReportForContainerReportHandler] WARN  container.ContainerReportHandler (AbstractContainerReportHandler.java:updateContainerState(145)) - Container #1 is in OPEN state, but the datanode 4fbf6b7a-b21a-4ba4-99d8-46c6f2467a6f{ip: 192.168.69.108, host: pr-hdds-2347-txrx8-1920290359, networkLocation: /default-rack, certSerialId: null} reports an CLOSED replica.
2019-10-24 14:29:30,300 [EventQueue-ContainerReportForContainerReportHandler] WARN  container.ContainerReportHandler (AbstractContainerReportHandler.java:updateContainerState(145)) - Container #1 is in OPEN state, but the datanode 42dc87bf-e32b-4dd2-9e00-10549665eb60{ip: 192.168.69.108, host: pr-hdds-2347-txrx8-1920290359, networkLocation: /default-rack, certSerialId: null} reports an CLOSED replica.
2019-10-24 14:29:30,525 [EventQueue-ContainerReportForContainerReportHandler] WARN  container.ContainerReportHandler (AbstractContainerReportHandler.java:updateContainerState(145)) - Container #1 is in OPEN state, but the datanode 4fbf6b7a-b21a-4ba4-99d8-46c6f2467a6f{ip: 192.168.69.108, host: pr-hdds-2347-txrx8-1920290359, networkLocation: /default-rack, certSerialId: null} reports an CLOSED replica.
2019-10-24 14:29:30,600 [EventQueue-ContainerReportForContainerReportHandler] WARN  container.ContainerReportHandler (AbstractContainerReportHandler.java:updateContainerState(145)) - Container #1 is in OPEN state, but the datanode 42dc87bf-e32b-4dd2-9e00-10549665eb60{ip: 192.168.69.108, host: pr-hdds-2347-txrx8-1920290359, networkLocation: /default-rack, certSerialId: null} reports an CLOSED replica.
2019-10-24 14:29:30,825 [EventQueue-ContainerReportForContainerReportHandler] WARN  container.ContainerReportHandler (AbstractContainerReportHandler.java:updateContainerState(145)) - Container #1 is in OPEN state, but the datanode 4fbf6b7a-b21a-4ba4-99d8-46c6f2467a6f{ip: 192.168.69.108, host: pr-hdds-2347-txrx8-1920290359, networkLocation: /default-rack, certSerialId: null} reports an CLOSED replica.
2019-10-24 14:29:30,899 [EventQueue-ContainerReportForContainerReportHandler] WARN  container.ContainerReportHandler (AbstractContainerReportHandler.java:updateContainerState(145)) - Container #1 is in OPEN state, but the datanode 42dc87bf-e32b-4dd2-9e00-10549665eb60{ip: 192.168.69.108, host: pr-hdds-2347-txrx8-1920290359, networkLocation: /default-rack, certSerialId: null} reports an CLOSED replica.
2019-10-24 14:29:31,074 [BlockDeletingService#2] WARN  background.BlockDeletingService (BlockDeletingService.java:isDeletionAllowed(187)) - Close Container log Index 6 is not replicated across allthe servers in the pipeline 237507d0-e2cf-4ea3-94d9-dca73b360714 as the min replicated index is 4. Deletion is not allowed in this container yet.
2019-10-24 14:29:31,075 [BlockDeletingService#2] WARN  background.BlockDeletingService (BlockDeletingService.java:isDeletionAllowed(187)) - Close Container log Index 6 is not replicated across allthe servers in the pipeline 237507d0-e2cf-4ea3-94d9-dca73b360714 as the min replicated index is 4. Deletion is not allowed in this container yet.
2019-10-24 14:29:31,198 [EventQueue-ContainerReportForContainerReportHandler] WARN  container.ContainerReportHandler (AbstractContainerReportHandler.java:updateContainerState(145)) - Container #1 is in OPEN state, but the datanode 42dc87bf-e32b-4dd2-9e00-10549665eb60{ip: 192.168.69.108, host: pr-hdds-2347-txrx8-1920290359, networkLocation: /default-rack, certSerialId: null} reports an CLOSED replica.
2019-10-24 14:29:31,225 [EventQueue-ContainerReportForContainerReportHandler] WARN  container.ContainerReportHandler (AbstractContainerReportHandler.java:updateContainerState(145)) - Container #1 is in OPEN state, but the datanode 4fbf6b7a-b21a-4ba4-99d8-46c6f2467a6f{ip: 192.168.69.108, host: pr-hdds-2347-txrx8-1920290359, networkLocation: /default-rack, certSerialId: null} reports an CLOSED replica.
2019-10-24 14:29:31,499 [EventQueue-ContainerReportForContainerReportHandler] WARN  container.ContainerReportHandler (AbstractContainerReportHandler.java:updateContainerState(145)) - Container #1 is in OPEN state, but the datanode 42dc87bf-e32b-4dd2-9e00-10549665eb60{ip: 192.168.69.108, host: pr-hdds-2347-txrx8-1920290359, networkLocation: /default-rack, certSerialId: null} reports an CLOSED replica.
2019-10-24 14:29:31,526 [EventQueue-ContainerReportForContainerReportHandler] WARN  container.ContainerReportHandler (AbstractContainerReportHandler.java:updateContainerState(145)) - Container #1 is in OPEN state, but the datanode 4fbf6b7a-b21a-4ba4-99d8-46c6f2467a6f{ip: 192.168.69.108, host: pr-hdds-2347-txrx8-1920290359, networkLocation: /default-rack, certSerialId: null} reports an CLOSED replica.
2019-10-24 14:29:31,727 [EventQueue-ContainerReportForContainerReportHandler] WARN  container.ContainerReportHandler (AbstractContainerReportHandler.java:updateContainerState(145)) - Container #1 is in OPEN state, but the datanode 4fbf6b7a-b21a-4ba4-99d8-46c6f2467a6f{ip: 192.168.69.108, host: pr-hdds-2347-txrx8-1920290359, networkLocation: /default-rack, certSerialId: null} reports an CLOSED replica.
2019-10-24 14:29:31,800 [EventQueue-ContainerReportForContainerReportHandler] WARN  container.ContainerReportHandler (AbstractContainerReportHandler.java:updateContainerState(145)) - Container #1 is in OPEN state, but the datanode 42dc87bf-e32b-4dd2-9e00-10549665eb60{ip: 192.168.69.108, host: pr-hdds-2347-txrx8-1920290359, networkLocation: /default-rack, certSerialId: null} reports an CLOSED replica.
2019-10-24 14:29:31,885 [Thread-342] INFO  client.GrpcClientProtocolService (GrpcClientProtocolService.java:lambda$processClientRequest$0(279)) - Failed RaftClientRequest:client-6194C1F728FC->42dc87bf-e32b-4dd2-9e00-10549665eb60@group-DCA73B360714, cid=10, seq=0, Watch-ALL_COMMITTED(6), Message:<EMPTY>, reply=RaftClientReply:client-6194C1F728FC->42dc87bf-e32b-4dd2-9e00-10549665eb60@group-DCA73B360714, cid=10, FAILED org.apache.ratis.protocol.NotReplicatedException: Request with call Id 10 and log index 6 is not yet replicated to ALL_COMMITTED, logIndex=6, commits[42dc87bf-e32b-4dd2-9e00-10549665eb60:c10, e72563ba-91b4-4473-a773-2e1c57d3b28f:c4, 4fbf6b7a-b21a-4ba4-99d8-46c6f2467a6f:c10]
2019-10-24 14:29:32,000 [EventQueue-ContainerReportForContainerReportHandler] WARN  container.ContainerReportHandler (AbstractContainerReportHandler.java:updateContainerState(145)) - Container #1 is in OPEN state, but the datanode 42dc87bf-e32b-4dd2-9e00-10549665eb60{ip: 192.168.69.108, host: pr-hdds-2347-txrx8-1920290359, networkLocation: /default-rack, certSerialId: null} reports an CLOSED replica.
2019-10-24 14:29:32,053 [java.util.concurrent.ThreadPoolExecutor$Worker@713a7292[State = -1, empty queue]] WARN  server.GrpcLogAppender (GrpcLogAppender.java:timeoutAppendRequest(209)) - 42dc87bf-e32b-4dd2-9e00-10549665eb60@group-DCA73B360714->e72563ba-91b4-4473-a773-2e1c57d3b28f-GrpcLogAppender: appendEntries Timeout, request=42dc87bf-e32b-4dd2-9e00-10549665eb60->e72563ba-91b4-4473-a773-2e1c57d3b28f#27-t1, previous=(t:1, i:10), leaderCommit=10, initializing? false, entries: <empty>
2019-10-24 14:29:32,077 [BlockDeletingService#2] WARN  background.BlockDeletingService (BlockDeletingService.java:isDeletionAllowed(187)) - Close Container log Index 6 is not replicated across allthe servers in the pipeline 237507d0-e2cf-4ea3-94d9-dca73b360714 as the min replicated index is 4. Deletion is not allowed in this container yet.
2019-10-24 14:29:32,077 [BlockDeletingService#2] WARN  background.BlockDeletingService (BlockDeletingService.java:isDeletionAllowed(187)) - Close Container log Index 6 is not replicated across allthe servers in the pipeline 237507d0-e2cf-4ea3-94d9-dca73b360714 as the min replicated index is 4. Deletion is not allowed in this container yet.
2019-10-24 14:29:32,127 [EventQueue-ContainerReportForContainerReportHandler] WARN  container.ContainerReportHandler (AbstractContainerReportHandler.java:updateContainerState(145)) - Container #1 is in OPEN state, but the datanode 4fbf6b7a-b21a-4ba4-99d8-46c6f2467a6f{ip: 192.168.69.108, host: pr-hdds-2347-txrx8-1920290359, networkLocation: /default-rack, certSerialId: null} reports an CLOSED replica.
2019-10-24 14:29:32,200 [EventQueue-ContainerReportForContainerReportHandler] WARN  container.ContainerReportHandler (AbstractContainerReportHandler.java:updateContainerState(145)) - Container #1 is in OPEN state, but the datanode 42dc87bf-e32b-4dd2-9e00-10549665eb60{ip: 192.168.69.108, host: pr-hdds-2347-txrx8-1920290359, networkLocation: /default-rack, certSerialId: null} reports an CLOSED replica.
2019-10-24 14:29:32,327 [EventQueue-ContainerReportForContainerReportHandler] WARN  container.ContainerReportHandler (AbstractContainerReportHandler.java:updateContainerState(145)) - Container #1 is in OPEN state, but the datanode 4fbf6b7a-b21a-4ba4-99d8-46c6f2467a6f{ip: 192.168.69.108, host: pr-hdds-2347-txrx8-1920290359, networkLocation: /default-rack, certSerialId: null} reports an CLOSED replica.
2019-10-24 14:29:32,601 [EventQueue-ContainerReportForContainerReportHandler] WARN  container.ContainerReportHandler (AbstractContainerReportHandler.java:updateContainerState(145)) - Container #1 is in OPEN state, but the datanode 42dc87bf-e32b-4dd2-9e00-10549665eb60{ip: 192.168.69.108, host: pr-hdds-2347-txrx8-1920290359, networkLocation: /default-rack, certSerialId: null} reports an CLOSED replica.
2019-10-24 14:29:32,631 [EventQueue-ContainerReportForContainerReportHandler] WARN  container.ContainerReportHandler (AbstractContainerReportHandler.java:updateContainerState(145)) - Container #1 is in OPEN state, but the datanode 4fbf6b7a-b21a-4ba4-99d8-46c6f2467a6f{ip: 192.168.69.108, host: pr-hdds-2347-txrx8-1920290359, networkLocation: /default-rack, certSerialId: null} reports an CLOSED replica.
2019-10-24 14:29:32,801 [EventQueue-ContainerReportForContainerReportHandler] WARN  container.ContainerReportHandler (AbstractContainerReportHandler.java:updateContainerState(145)) - Container #1 is in OPEN state, but the datanode 42dc87bf-e32b-4dd2-9e00-10549665eb60{ip: 192.168.69.108, host: pr-hdds-2347-txrx8-1920290359, networkLocation: /default-rack, certSerialId: null} reports an CLOSED replica.
2019-10-24 14:29:32,828 [EventQueue-ContainerReportForContainerReportHandler] WARN  container.ContainerReportHandler (AbstractContainerReportHandler.java:updateContainerState(145)) - Container #1 is in OPEN state, but the datanode 4fbf6b7a-b21a-4ba4-99d8-46c6f2467a6f{ip: 192.168.69.108, host: pr-hdds-2347-txrx8-1920290359, networkLocation: /default-rack, certSerialId: null} reports an CLOSED replica.
2019-10-24 14:29:33,080 [BlockDeletingService#2] WARN  background.BlockDeletingService (BlockDeletingService.java:isDeletionAllowed(187)) - Close Container log Index 6 is not replicated across allthe servers in the pipeline 237507d0-e2cf-4ea3-94d9-dca73b360714 as the min replicated index is 4. Deletion is not allowed in this container yet.
2019-10-24 14:29:33,080 [BlockDeletingService#2] WARN  background.BlockDeletingService (BlockDeletingService.java:isDeletionAllowed(187)) - Close Container log Index 6 is not replicated across allthe servers in the pipeline 237507d0-e2cf-4ea3-94d9-dca73b360714 as the min replicated index is 4. Deletion is not allowed in this container yet.
2019-10-24 14:29:33,129 [EventQueue-ContainerReportForContainerReportHandler] WARN  container.ContainerReportHandler (AbstractContainerReportHandler.java:updateContainerState(145)) - Container #1 is in OPEN state, but the datanode 4fbf6b7a-b21a-4ba4-99d8-46c6f2467a6f{ip: 192.168.69.108, host: pr-hdds-2347-txrx8-1920290359, networkLocation: /default-rack, certSerialId: null} reports an CLOSED replica.
2019-10-24 14:29:33,202 [EventQueue-ContainerReportForContainerReportHandler] WARN  container.ContainerReportHandler (AbstractContainerReportHandler.java:updateContainerState(145)) - Container #1 is in OPEN state, but the datanode 42dc87bf-e32b-4dd2-9e00-10549665eb60{ip: 192.168.69.108, host: pr-hdds-2347-txrx8-1920290359, networkLocation: /default-rack, certSerialId: null} reports an CLOSED replica.
2019-10-24 14:29:33,503 [EventQueue-ContainerReportForContainerReportHandler] WARN  container.ContainerReportHandler (AbstractContainerReportHandler.java:updateContainerState(145)) - Container #1 is in OPEN state, but the datanode 42dc87bf-e32b-4dd2-9e00-10549665eb60{ip: 192.168.69.108, host: pr-hdds-2347-txrx8-1920290359, networkLocation: /default-rack, certSerialId: null} reports an CLOSED replica.
2019-10-24 14:29:33,529 [EventQueue-ContainerReportForContainerReportHandler] WARN  container.ContainerReportHandler (AbstractContainerReportHandler.java:updateContainerState(145)) - Container #1 is in OPEN state, but the datanode 4fbf6b7a-b21a-4ba4-99d8-46c6f2467a6f{ip: 192.168.69.108, host: pr-hdds-2347-txrx8-1920290359, networkLocation: /default-rack, certSerialId: null} reports an CLOSED replica.
2019-10-24 14:29:33,830 [EventQueue-ContainerReportForContainerReportHandler] WARN  container.ContainerReportHandler (AbstractContainerReportHandler.java:updateContainerState(145)) - Container #1 is in OPEN state, but the datanode 4fbf6b7a-b21a-4ba4-99d8-46c6f2467a6f{ip: 192.168.69.108, host: pr-hdds-2347-txrx8-1920290359, networkLocation: /default-rack, certSerialId: null} reports an CLOSED replica.
2019-10-24 14:29:33,903 [EventQueue-ContainerReportForContainerReportHandler] WARN  container.ContainerReportHandler (AbstractContainerReportHandler.java:updateContainerState(145)) - Container #1 is in OPEN state, but the datanode 42dc87bf-e32b-4dd2-9e00-10549665eb60{ip: 192.168.69.108, host: pr-hdds-2347-txrx8-1920290359, networkLocation: /default-rack, certSerialId: null} reports an CLOSED replica.
2019-10-24 14:29:34,082 [BlockDeletingService#2] WARN  background.BlockDeletingService (BlockDeletingService.java:isDeletionAllowed(187)) - Close Container log Index 6 is not replicated across allthe servers in the pipeline 237507d0-e2cf-4ea3-94d9-dca73b360714 as the min replicated index is 4. Deletion is not allowed in this container yet.
2019-10-24 14:29:34,082 [BlockDeletingService#2] WARN  background.BlockDeletingService (BlockDeletingService.java:isDeletionAllowed(187)) - Close Container log Index 6 is not replicated across allthe servers in the pipeline 237507d0-e2cf-4ea3-94d9-dca73b360714 as the min replicated index is 4. Deletion is not allowed in this container yet.
2019-10-24 14:29:34,103 [EventQueue-ContainerReportForContainerReportHandler] WARN  container.ContainerReportHandler (AbstractContainerReportHandler.java:updateContainerState(145)) - Container #1 is in OPEN state, but the datanode 42dc87bf-e32b-4dd2-9e00-10549665eb60{ip: 192.168.69.108, host: pr-hdds-2347-txrx8-1920290359, networkLocation: /default-rack, certSerialId: null} reports an CLOSED replica.
2019-10-24 14:29:34,131 [EventQueue-ContainerReportForContainerReportHandler] WARN  container.ContainerReportHandler (AbstractContainerReportHandler.java:updateContainerState(145)) - Container #1 is in OPEN state, but the datanode 4fbf6b7a-b21a-4ba4-99d8-46c6f2467a6f{ip: 192.168.69.108, host: pr-hdds-2347-txrx8-1920290359, networkLocation: /default-rack, certSerialId: null} reports an CLOSED replica.
2019-10-24 14:29:34,404 [EventQueue-ContainerReportForContainerReportHandler] WARN  container.ContainerReportHandler (AbstractContainerReportHandler.java:updateContainerState(145)) - Container #1 is in OPEN state, but the datanode 42dc87bf-e32b-4dd2-9e00-10549665eb60{ip: 192.168.69.108, host: pr-hdds-2347-txrx8-1920290359, networkLocation: /default-rack, certSerialId: null} reports an CLOSED replica.
2019-10-24 14:29:34,430 [EventQueue-ContainerReportForContainerReportHandler] WARN  container.ContainerReportHandler (AbstractContainerReportHandler.java:updateContainerState(145)) - Container #1 is in OPEN state, but the datanode 4fbf6b7a-b21a-4ba4-99d8-46c6f2467a6f{ip: 192.168.69.108, host: pr-hdds-2347-txrx8-1920290359, networkLocation: /default-rack, certSerialId: null} reports an CLOSED replica.
2019-10-24 14:29:34,555 [java.util.concurrent.ThreadPoolExecutor$Worker@713a7292[State = -1, empty queue]] WARN  server.GrpcLogAppender (GrpcLogAppender.java:timeoutAppendRequest(209)) - 42dc87bf-e32b-4dd2-9e00-10549665eb60@group-DCA73B360714->e72563ba-91b4-4473-a773-2e1c57d3b28f-GrpcLogAppender: appendEntries Timeout, request=42dc87bf-e32b-4dd2-9e00-10549665eb60->e72563ba-91b4-4473-a773-2e1c57d3b28f#28-t1, previous=(t:1, i:10), leaderCommit=10, initializing? false, entries: <empty>
2019-10-24 14:29:34,602 [EventQueue-ContainerReportForContainerReportHandler] WARN  container.ContainerReportHandler (AbstractContainerReportHandler.java:updateContainerState(145)) - Container #1 is in OPEN state, but the datanode 42dc87bf-e32b-4dd2-9e00-10549665eb60{ip: 192.168.69.108, host: pr-hdds-2347-txrx8-1920290359, networkLocation: /default-rack, certSerialId: null} reports an CLOSED replica.
2019-10-24 14:29:34,829 [EventQueue-ContainerReportForContainerReportHandler] WARN  container.ContainerReportHandler (AbstractContainerReportHandler.java:updateContainerState(145)) - Container #1 is in OPEN state, but the datanode 4fbf6b7a-b21a-4ba4-99d8-46c6f2467a6f{ip: 192.168.69.108, host: pr-hdds-2347-txrx8-1920290359, networkLocation: /default-rack, certSerialId: null} reports an CLOSED replica.
2019-10-24 14:29:35,004 [EventQueue-ContainerReportForContainerReportHandler] WARN  container.ContainerReportHandler (AbstractContainerReportHandler.java:updateContainerState(145)) - Container #1 is in OPEN state, but the datanode 42dc87bf-e32b-4dd2-9e00-10549665eb60{ip: 192.168.69.108, host: pr-hdds-2347-txrx8-1920290359, networkLocation: /default-rack, certSerialId: null} reports an CLOSED replica.
2019-10-24 14:29:35,085 [BlockDeletingService#2] WARN  background.BlockDeletingService (BlockDeletingService.java:isDeletionAllowed(187)) - Close Container log Index 6 is not replicated across allthe servers in the pipeline 237507d0-e2cf-4ea3-94d9-dca73b360714 as the min replicated index is 4. Deletion is not allowed in this container yet.
2019-10-24 14:29:35,085 [BlockDeletingService#2] WARN  background.BlockDeletingService (BlockDeletingService.java:isDeletionAllowed(187)) - Close Container log Index 6 is not replicated across allthe servers in the pipeline 237507d0-e2cf-4ea3-94d9-dca73b360714 as the min replicated index is 4. Deletion is not allowed in this container yet.
2019-10-24 14:29:35,130 [EventQueue-ContainerReportForContainerReportHandler] WARN  container.ContainerReportHandler (AbstractContainerReportHandler.java:updateContainerState(145)) - Container #1 is in OPEN state, but the datanode 4fbf6b7a-b21a-4ba4-99d8-46c6f2467a6f{ip: 192.168.69.108, host: pr-hdds-2347-txrx8-1920290359, networkLocation: /default-rack, certSerialId: null} reports an CLOSED replica.
2019-10-24 14:29:35,203 [EventQueue-ContainerReportForContainerReportHandler] WARN  container.ContainerReportHandler (AbstractContainerReportHandler.java:updateContainerState(145)) - Container #1 is in OPEN state, but the datanode 42dc87bf-e32b-4dd2-9e00-10549665eb60{ip: 192.168.69.108, host: pr-hdds-2347-txrx8-1920290359, networkLocation: /default-rack, certSerialId: null} reports an CLOSED replica.
2019-10-24 14:29:35,430 [EventQueue-ContainerReportForContainerReportHandler] WARN  container.ContainerReportHandler (AbstractContainerReportHandler.java:updateContainerState(145)) - Container #1 is in OPEN state, but the datanode 4fbf6b7a-b21a-4ba4-99d8-46c6f2467a6f{ip: 192.168.69.108, host: pr-hdds-2347-txrx8-1920290359, networkLocation: /default-rack, certSerialId: null} reports an CLOSED replica.
2019-10-24 14:29:35,503 [EventQueue-ContainerReportForContainerReportHandler] WARN  container.ContainerReportHandler (AbstractContainerReportHandler.java:updateContainerState(145)) - Container #1 is in OPEN state, but the datanode 42dc87bf-e32b-4dd2-9e00-10549665eb60{ip: 192.168.69.108, host: pr-hdds-2347-txrx8-1920290359, networkLocation: /default-rack, certSerialId: null} reports an CLOSED replica.
2019-10-24 14:29:35,831 [EventQueue-ContainerReportForContainerReportHandler] WARN  container.ContainerReportHandler (AbstractContainerReportHandler.java:updateContainerState(145)) - Container #1 is in OPEN state, but the datanode 4fbf6b7a-b21a-4ba4-99d8-46c6f2467a6f{ip: 192.168.69.108, host: pr-hdds-2347-txrx8-1920290359, networkLocation: /default-rack, certSerialId: null} reports an CLOSED replica.
2019-10-24 14:29:35,903 [EventQueue-ContainerReportForContainerReportHandler] WARN  container.ContainerReportHandler (AbstractContainerReportHandler.java:updateContainerState(145)) - Container #1 is in OPEN state, but the datanode 42dc87bf-e32b-4dd2-9e00-10549665eb60{ip: 192.168.69.108, host: pr-hdds-2347-txrx8-1920290359, networkLocation: /default-rack, certSerialId: null} reports an CLOSED replica.
2019-10-24 14:29:36,087 [BlockDeletingService#2] WARN  background.BlockDeletingService (BlockDeletingService.java:isDeletionAllowed(187)) - Close Container log Index 6 is not replicated across allthe servers in the pipeline 237507d0-e2cf-4ea3-94d9-dca73b360714 as the min replicated index is 4. Deletion is not allowed in this container yet.
2019-10-24 14:29:36,087 [BlockDeletingService#2] WARN  background.BlockDeletingService (BlockDeletingService.java:isDeletionAllowed(187)) - Close Container log Index 6 is not replicated across allthe servers in the pipeline 237507d0-e2cf-4ea3-94d9-dca73b360714 as the min replicated index is 4. Deletion is not allowed in this container yet.
2019-10-24 14:29:36,104 [EventQueue-ContainerReportForContainerReportHandler] WARN  container.ContainerReportHandler (AbstractContainerReportHandler.java:updateContainerState(145)) - Container #1 is in OPEN state, but the datanode 42dc87bf-e32b-4dd2-9e00-10549665eb60{ip: 192.168.69.108, host: pr-hdds-2347-txrx8-1920290359, networkLocation: /default-rack, certSerialId: null} reports an CLOSED replica.
2019-10-24 14:29:36,130 [EventQueue-ContainerReportForContainerReportHandler] WARN  container.ContainerReportHandler (AbstractContainerReportHandler.java:updateContainerState(145)) - Container #1 is in OPEN state, but the datanode 4fbf6b7a-b21a-4ba4-99d8-46c6f2467a6f{ip: 192.168.69.108, host: pr-hdds-2347-txrx8-1920290359, networkLocation: /default-rack, certSerialId: null} reports an CLOSED replica.
2019-10-24 14:29:36,404 [EventQueue-ContainerReportForContainerReportHandler] WARN  container.ContainerReportHandler (AbstractContainerReportHandler.java:updateContainerState(145)) - Container #1 is in OPEN state, but the datanode 42dc87bf-e32b-4dd2-9e00-10549665eb60{ip: 192.168.69.108, host: pr-hdds-2347-txrx8-1920290359, networkLocation: /default-rack, certSerialId: null} reports an CLOSED replica.
2019-10-24 14:29:36,430 [EventQueue-ContainerReportForContainerReportHandler] WARN  container.ContainerReportHandler (AbstractContainerReportHandler.java:updateContainerState(145)) - Container #1 is in OPEN state, but the datanode 4fbf6b7a-b21a-4ba4-99d8-46c6f2467a6f{ip: 192.168.69.108, host: pr-hdds-2347-txrx8-1920290359, networkLocation: /default-rack, certSerialId: null} reports an CLOSED replica.
2019-10-24 14:29:36,604 [EventQueue-ContainerReportForContainerReportHandler] WARN  container.ContainerReportHandler (AbstractContainerReportHandler.java:updateContainerState(145)) - Container #1 is in OPEN state, but the datanode 42dc87bf-e32b-4dd2-9e00-10549665eb60{ip: 192.168.69.108, host: pr-hdds-2347-txrx8-1920290359, networkLocation: /default-rack, certSerialId: null} reports an CLOSED replica.
2019-10-24 14:29:36,830 [EventQueue-ContainerReportForContainerReportHandler] WARN  container.ContainerReportHandler (AbstractContainerReportHandler.java:updateContainerState(145)) - Container #1 is in OPEN state, but the datanode 4fbf6b7a-b21a-4ba4-99d8-46c6f2467a6f{ip: 192.168.69.108, host: pr-hdds-2347-txrx8-1920290359, networkLocation: /default-rack, certSerialId: null} reports an CLOSED replica.
2019-10-24 14:29:36,905 [EventQueue-ContainerReportForContainerReportHandler] WARN  container.ContainerReportHandler (AbstractContainerReportHandler.java:updateContainerState(145)) - Container #1 is in OPEN state, but the datanode 42dc87bf-e32b-4dd2-9e00-10549665eb60{ip: 192.168.69.108, host: pr-hdds-2347-txrx8-1920290359, networkLocation: /default-rack, certSerialId: null} reports an CLOSED replica.
2019-10-24 14:29:37,056 [java.util.concurrent.ThreadPoolExecutor$Worker@713a7292[State = -1, empty queue]] WARN  server.GrpcLogAppender (GrpcLogAppender.java:timeoutAppendRequest(209)) - 42dc87bf-e32b-4dd2-9e00-10549665eb60@group-DCA73B360714->e72563ba-91b4-4473-a773-2e1c57d3b28f-GrpcLogAppender: appendEntries Timeout, request=42dc87bf-e32b-4dd2-9e00-10549665eb60->e72563ba-91b4-4473-a773-2e1c57d3b28f#29-t1, previous=(t:1, i:10), leaderCommit=10, initializing? false, entries: <empty>
2019-10-24 14:29:37,088 [BlockDeletingService#2] WARN  background.BlockDeletingService (BlockDeletingService.java:isDeletionAllowed(187)) - Close Container log Index 6 is not replicated across allthe servers in the pipeline 237507d0-e2cf-4ea3-94d9-dca73b360714 as the min replicated index is 4. Deletion is not allowed in this container yet.
2019-10-24 14:29:37,088 [BlockDeletingService#2] WARN  background.BlockDeletingService (BlockDeletingService.java:isDeletionAllowed(187)) - Close Container log Index 6 is not replicated across allthe servers in the pipeline 237507d0-e2cf-4ea3-94d9-dca73b360714 as the min replicated index is 4. Deletion is not allowed in this container yet.
2019-10-24 14:29:37,130 [EventQueue-ContainerReportForContainerReportHandler] WARN  container.ContainerReportHandler (AbstractContainerReportHandler.java:updateContainerState(145)) - Container #1 is in OPEN state, but the datanode 4fbf6b7a-b21a-4ba4-99d8-46c6f2467a6f{ip: 192.168.69.108, host: pr-hdds-2347-txrx8-1920290359, networkLocation: /default-rack, certSerialId: null} reports an CLOSED replica.
2019-10-24 14:29:37,205 [EventQueue-ContainerReportForContainerReportHandler] WARN  container.ContainerReportHandler (AbstractContainerReportHandler.java:updateContainerState(145)) - Container #1 is in OPEN state, but the datanode 42dc87bf-e32b-4dd2-9e00-10549665eb60{ip: 192.168.69.108, host: pr-hdds-2347-txrx8-1920290359, networkLocation: /default-rack, certSerialId: null} reports an CLOSED replica.
2019-10-24 14:29:37,330 [EventQueue-ContainerReportForContainerReportHandler] WARN  container.ContainerReportHandler (AbstractContainerReportHandler.java:updateContainerState(145)) - Container #1 is in OPEN state, but the datanode 4fbf6b7a-b21a-4ba4-99d8-46c6f2467a6f{ip: 192.168.69.108, host: pr-hdds-2347-txrx8-1920290359, networkLocation: /default-rack, certSerialId: null} reports an CLOSED replica.
2019-10-24 14:29:37,505 [EventQueue-ContainerReportForContainerReportHandler] WARN  container.ContainerReportHandler (AbstractContainerReportHandler.java:updateContainerState(145)) - Container #1 is in OPEN state, but the datanode 42dc87bf-e32b-4dd2-9e00-10549665eb60{ip: 192.168.69.108, host: pr-hdds-2347-txrx8-1920290359, networkLocation: /default-rack, certSerialId: null} reports an CLOSED replica.
2019-10-24 14:29:37,630 [EventQueue-ContainerReportForContainerReportHandler] WARN  container.ContainerReportHandler (AbstractContainerReportHandler.java:updateContainerState(145)) - Container #1 is in OPEN state, but the datanode 4fbf6b7a-b21a-4ba4-99d8-46c6f2467a6f{ip: 192.168.69.108, host: pr-hdds-2347-txrx8-1920290359, networkLocation: /default-rack, certSerialId: null} reports an CLOSED replica.
2019-10-24 14:29:37,805 [EventQueue-ContainerReportForContainerReportHandler] WARN  container.ContainerReportHandler (AbstractContainerReportHandler.java:updateContainerState(145)) - Container #1 is in OPEN state, but the datanode 42dc87bf-e32b-4dd2-9e00-10549665eb60{ip: 192.168.69.108, host: pr-hdds-2347-txrx8-1920290359, networkLocation: /default-rack, certSerialId: null} reports an CLOSED replica.
2019-10-24 14:29:38,030 [EventQueue-ContainerReportForContainerReportHandler] WARN  container.ContainerReportHandler (AbstractContainerReportHandler.java:updateContainerState(145)) - Container #1 is in OPEN state, but the datanode 4fbf6b7a-b21a-4ba4-99d8-46c6f2467a6f{ip: 192.168.69.108, host: pr-hdds-2347-txrx8-1920290359, networkLocation: /default-rack, certSerialId: null} reports an CLOSED replica.
2019-10-24 14:29:38,090 [BlockDeletingService#2] WARN  background.BlockDeletingService (BlockDeletingService.java:isDeletionAllowed(187)) - Close Container log Index 6 is not replicated across allthe servers in the pipeline 237507d0-e2cf-4ea3-94d9-dca73b360714 as the min replicated index is 4. Deletion is not allowed in this container yet.
2019-10-24 14:29:38,090 [BlockDeletingService#2] WARN  background.BlockDeletingService (BlockDeletingService.java:isDeletionAllowed(187)) - Close Container log Index 6 is not replicated across allthe servers in the pipeline 237507d0-e2cf-4ea3-94d9-dca73b360714 as the min replicated index is 4. Deletion is not allowed in this container yet.
2019-10-24 14:29:38,105 [EventQueue-ContainerReportForContainerReportHandler] WARN  container.ContainerReportHandler (AbstractContainerReportHandler.java:updateContainerState(145)) - Container #1 is in OPEN state, but the datanode 42dc87bf-e32b-4dd2-9e00-10549665eb60{ip: 192.168.69.108, host: pr-hdds-2347-txrx8-1920290359, networkLocation: /default-rack, certSerialId: null} reports an CLOSED replica.
2019-10-24 14:29:38,230 [EventQueue-ContainerReportForContainerReportHandler] WARN  container.ContainerReportHandler (AbstractContainerReportHandler.java:updateContainerState(145)) - Container #1 is in OPEN state, but the datanode 4fbf6b7a-b21a-4ba4-99d8-46c6f2467a6f{ip: 192.168.69.108, host: pr-hdds-2347-txrx8-1920290359, networkLocation: /default-rack, certSerialId: null} reports an CLOSED replica.
2019-10-24 14:29:38,405 [EventQueue-ContainerReportForContainerReportHandler] WARN  container.ContainerReportHandler (AbstractContainerReportHandler.java:updateContainerState(145)) - Container #1 is in OPEN state, but the datanode 42dc87bf-e32b-4dd2-9e00-10549665eb60{ip: 192.168.69.108, host: pr-hdds-2347-txrx8-1920290359, networkLocation: /default-rack, certSerialId: null} reports an CLOSED replica.
2019-10-24 14:29:38,531 [EventQueue-ContainerReportForContainerReportHandler] WARN  container.ContainerReportHandler (AbstractContainerReportHandler.java:updateContainerState(145)) - Container #1 is in OPEN state, but the datanode 4fbf6b7a-b21a-4ba4-99d8-46c6f2467a6f{ip: 192.168.69.108, host: pr-hdds-2347-txrx8-1920290359, networkLocation: /default-rack, certSerialId: null} reports an CLOSED replica.
2019-10-24 14:29:38,807 [EventQueue-ContainerReportForContainerReportHandler] WARN  container.ContainerReportHandler (AbstractContainerReportHandler.java:updateContainerState(145)) - Container #1 is in OPEN state, but the datanode 42dc87bf-e32b-4dd2-9e00-10549665eb60{ip: 192.168.69.108, host: pr-hdds-2347-txrx8-1920290359, networkLocation: /default-rack, certSerialId: null} reports an CLOSED replica.
2019-10-24 14:29:38,931 [EventQueue-ContainerReportForContainerReportHandler] WARN  container.ContainerReportHandler (AbstractContainerReportHandler.java:updateContainerState(145)) - Container #1 is in OPEN state, but the datanode 4fbf6b7a-b21a-4ba4-99d8-46c6f2467a6f{ip: 192.168.69.108, host: pr-hdds-2347-txrx8-1920290359, networkLocation: /default-rack, certSerialId: null} reports an CLOSED replica.
2019-10-24 14:29:39,092 [BlockDeletingService#2] WARN  background.BlockDeletingService (BlockDeletingService.java:isDeletionAllowed(187)) - Close Container log Index 6 is not replicated across allthe servers in the pipeline 237507d0-e2cf-4ea3-94d9-dca73b360714 as the min replicated index is 4. Deletion is not allowed in this container yet.
2019-10-24 14:29:39,092 [BlockDeletingService#2] WARN  background.BlockDeletingService (BlockDeletingService.java:isDeletionAllowed(187)) - Close Container log Index 6 is not replicated across allthe servers in the pipeline 237507d0-e2cf-4ea3-94d9-dca73b360714 as the min replicated index is 4. Deletion is not allowed in this container yet.
2019-10-24 14:29:39,107 [EventQueue-ContainerReportForContainerReportHandler] WARN  container.ContainerReportHandler (AbstractContainerReportHandler.java:updateContainerState(145)) - Container #1 is in OPEN state, but the datanode 42dc87bf-e32b-4dd2-9e00-10549665eb60{ip: 192.168.69.108, host: pr-hdds-2347-txrx8-1920290359, networkLocation: /default-rack, certSerialId: null} reports an CLOSED replica.
2019-10-24 14:29:39,131 [EventQueue-ContainerReportForContainerReportHandler] WARN  container.ContainerReportHandler (AbstractContainerReportHandler.java:updateContainerState(145)) - Container #1 is in OPEN state, but the datanode 4fbf6b7a-b21a-4ba4-99d8-46c6f2467a6f{ip: 192.168.69.108, host: pr-hdds-2347-txrx8-1920290359, networkLocation: /default-rack, certSerialId: null} reports an CLOSED replica.
2019-10-24 14:29:39,407 [EventQueue-ContainerReportForContainerReportHandler] WARN  container.ContainerReportHandler (AbstractContainerReportHandler.java:updateContainerState(145)) - Container #1 is in OPEN state, but the datanode 42dc87bf-e32b-4dd2-9e00-10549665eb60{ip: 192.168.69.108, host: pr-hdds-2347-txrx8-1920290359, networkLocation: /default-rack, certSerialId: null} reports an CLOSED replica.
2019-10-24 14:29:39,532 [EventQueue-ContainerReportForContainerReportHandler] WARN  container.ContainerReportHandler (AbstractContainerReportHandler.java:updateContainerState(145)) - Container #1 is in OPEN state, but the datanode 4fbf6b7a-b21a-4ba4-99d8-46c6f2467a6f{ip: 192.168.69.108, host: pr-hdds-2347-txrx8-1920290359, networkLocation: /default-rack, certSerialId: null} reports an CLOSED replica.
2019-10-24 14:29:39,558 [java.util.concurrent.ThreadPoolExecutor$Worker@713a7292[State = -1, empty queue]] WARN  server.GrpcLogAppender (GrpcLogAppender.java:timeoutAppendRequest(209)) - 42dc87bf-e32b-4dd2-9e00-10549665eb60@group-DCA73B360714->e72563ba-91b4-4473-a773-2e1c57d3b28f-GrpcLogAppender: appendEntries Timeout, request=42dc87bf-e32b-4dd2-9e00-10549665eb60->e72563ba-91b4-4473-a773-2e1c57d3b28f#30-t1, previous=(t:1, i:10), leaderCommit=10, initializing? false, entries: <empty>
2019-10-24 14:29:39,708 [EventQueue-ContainerReportForContainerReportHandler] WARN  container.ContainerReportHandler (AbstractContainerReportHandler.java:updateContainerState(145)) - Container #1 is in OPEN state, but the datanode 42dc87bf-e32b-4dd2-9e00-10549665eb60{ip: 192.168.69.108, host: pr-hdds-2347-txrx8-1920290359, networkLocation: /default-rack, certSerialId: null} reports an CLOSED replica.
2019-10-24 14:29:39,832 [EventQueue-ContainerReportForContainerReportHandler] WARN  container.ContainerReportHandler (AbstractContainerReportHandler.java:updateContainerState(145)) - Container #1 is in OPEN state, but the datanode 4fbf6b7a-b21a-4ba4-99d8-46c6f2467a6f{ip: 192.168.69.108, host: pr-hdds-2347-txrx8-1920290359, networkLocation: /default-rack, certSerialId: null} reports an CLOSED replica.
2019-10-24 14:29:39,908 [EventQueue-ContainerReportForContainerReportHandler] WARN  container.ContainerReportHandler (AbstractContainerReportHandler.java:updateContainerState(145)) - Container #1 is in OPEN state, but the datanode 42dc87bf-e32b-4dd2-9e00-10549665eb60{ip: 192.168.69.108, host: pr-hdds-2347-txrx8-1920290359, networkLocation: /default-rack, certSerialId: null} reports an CLOSED replica.
2019-10-24 14:29:40,094 [BlockDeletingService#2] WARN  background.BlockDeletingService (BlockDeletingService.java:isDeletionAllowed(187)) - Close Container log Index 6 is not replicated across allthe servers in the pipeline 237507d0-e2cf-4ea3-94d9-dca73b360714 as the min replicated index is 4. Deletion is not allowed in this container yet.
2019-10-24 14:29:40,094 [BlockDeletingService#0] WARN  background.BlockDeletingService (BlockDeletingService.java:isDeletionAllowed(187)) - Close Container log Index 6 is not replicated across allthe servers in the pipeline 237507d0-e2cf-4ea3-94d9-dca73b360714 as the min replicated index is 4. Deletion is not allowed in this container yet.
2019-10-24 14:29:40,125 [Thread-369] INFO  client.GrpcClientProtocolService (GrpcClientProtocolService.java:lambda$processClientRequest$0(279)) - Failed RaftClientRequest:client-6194C1F728FC->4fbf6b7a-b21a-4ba4-99d8-46c6f2467a6f@group-DCA73B360714, cid=10, seq=0, Watch-ALL_COMMITTED(6), Message:<EMPTY>, reply=RaftClientReply:client-6194C1F728FC->4fbf6b7a-b21a-4ba4-99d8-46c6f2467a6f@group-DCA73B360714, cid=10, FAILED org.apache.ratis.protocol.NotLeaderException: Server 4fbf6b7a-b21a-4ba4-99d8-46c6f2467a6f@group-DCA73B360714 is not the leader 42dc87bf-e32b-4dd2-9e00-10549665eb60:192.168.69.108:40840, logIndex=0, commits[4fbf6b7a-b21a-4ba4-99d8-46c6f2467a6f:c10, e72563ba-91b4-4473-a773-2e1c57d3b28f:c4, 42dc87bf-e32b-4dd2-9e00-10549665eb60:c10]
2019-10-24 14:29:40,233 [EventQueue-ContainerReportForContainerReportHandler] WARN  container.ContainerReportHandler (AbstractContainerReportHandler.java:updateContainerState(145)) - Container #1 is in OPEN state, but the datanode 4fbf6b7a-b21a-4ba4-99d8-46c6f2467a6f{ip: 192.168.69.108, host: pr-hdds-2347-txrx8-1920290359, networkLocation: /default-rack, certSerialId: null} reports an CLOSED replica.
2019-10-24 14:29:40,308 [EventQueue-ContainerReportForContainerReportHandler] WARN  container.ContainerReportHandler (AbstractContainerReportHandler.java:updateContainerState(145)) - Container #1 is in OPEN state, but the datanode 42dc87bf-e32b-4dd2-9e00-10549665eb60{ip: 192.168.69.108, host: pr-hdds-2347-txrx8-1920290359, networkLocation: /default-rack, certSerialId: null} reports an CLOSED replica.
2019-10-24 14:29:40,533 [EventQueue-ContainerReportForContainerReportHandler] WARN  container.ContainerReportHandler (AbstractContainerReportHandler.java:updateContainerState(145)) - Container #1 is in OPEN state, but the datanode 4fbf6b7a-b21a-4ba4-99d8-46c6f2467a6f{ip: 192.168.69.108, host: pr-hdds-2347-txrx8-1920290359, networkLocation: /default-rack, certSerialId: null} reports an CLOSED replica.
2019-10-24 14:29:40,708 [EventQueue-ContainerReportForContainerReportHandler] WARN  container.ContainerReportHandler (AbstractContainerReportHandler.java:updateContainerState(145)) - Container #1 is in OPEN state, but the datanode 42dc87bf-e32b-4dd2-9e00-10549665eb60{ip: 192.168.69.108, host: pr-hdds-2347-txrx8-1920290359, networkLocation: /default-rack, certSerialId: null} reports an CLOSED replica.
2019-10-24 14:29:40,884 [Thread-372] INFO  client.GrpcClientProtocolService (GrpcClientProtocolService.java:lambda$processClientRequest$0(279)) - Failed RaftClientRequest:client-6194C1F728FC->42dc87bf-e32b-4dd2-9e00-10549665eb60@group-DCA73B360714, cid=10, seq=0, Watch-ALL_COMMITTED(6), Message:<EMPTY>, reply=RaftClientReply:client-6194C1F728FC->42dc87bf-e32b-4dd2-9e00-10549665eb60@group-DCA73B360714, cid=10, FAILED org.apache.ratis.protocol.NotReplicatedException: Request with call Id 10 and log index 6 is not yet replicated to ALL_COMMITTED, logIndex=6, commits[42dc87bf-e32b-4dd2-9e00-10549665eb60:c10, e72563ba-91b4-4473-a773-2e1c57d3b28f:c4, 4fbf6b7a-b21a-4ba4-99d8-46c6f2467a6f:c10]
2019-10-24 14:29:40,908 [EventQueue-ContainerReportForContainerReportHandler] WARN  container.ContainerReportHandler (AbstractContainerReportHandler.java:updateContainerState(145)) - Container #1 is in OPEN state, but the datanode 42dc87bf-e32b-4dd2-9e00-10549665eb60{ip: 192.168.69.108, host: pr-hdds-2347-txrx8-1920290359, networkLocation: /default-rack, certSerialId: null} reports an CLOSED replica.
2019-10-24 14:29:40,933 [EventQueue-ContainerReportForContainerReportHandler] WARN  container.ContainerReportHandler (AbstractContainerReportHandler.java:updateContainerState(145)) - Container #1 is in OPEN state, but the datanode 4fbf6b7a-b21a-4ba4-99d8-46c6f2467a6f{ip: 192.168.69.108, host: pr-hdds-2347-txrx8-1920290359, networkLocation: /default-rack, certSerialId: null} reports an CLOSED replica.
2019-10-24 14:29:41,095 [BlockDeletingService#2] WARN  background.BlockDeletingService (BlockDeletingService.java:isDeletionAllowed(187)) - Close Container log Index 6 is not replicated across allthe servers in the pipeline 237507d0-e2cf-4ea3-94d9-dca73b360714 as the min replicated index is 4. Deletion is not allowed in this container yet.
2019-10-24 14:29:41,095 [BlockDeletingService#0] WARN  background.BlockDeletingService (BlockDeletingService.java:isDeletionAllowed(187)) - Close Container log Index 6 is not replicated across allthe servers in the pipeline 237507d0-e2cf-4ea3-94d9-dca73b360714 as the min replicated index is 4. Deletion is not allowed in this container yet.
2019-10-24 14:29:41,132 [EventQueue-ContainerReportForContainerReportHandler] WARN  container.ContainerReportHandler (AbstractContainerReportHandler.java:updateContainerState(145)) - Container #1 is in OPEN state, but the datanode 4fbf6b7a-b21a-4ba4-99d8-46c6f2467a6f{ip: 192.168.69.108, host: pr-hdds-2347-txrx8-1920290359, networkLocation: /default-rack, certSerialId: null} reports an CLOSED replica.
2019-10-24 14:29:41,208 [EventQueue-ContainerReportForContainerReportHandler] WARN  container.ContainerReportHandler (AbstractContainerReportHandler.java:updateContainerState(145)) - Container #1 is in OPEN state, but the datanode 42dc87bf-e32b-4dd2-9e00-10549665eb60{ip: 192.168.69.108, host: pr-hdds-2347-txrx8-1920290359, networkLocation: /default-rack, certSerialId: null} reports an CLOSED replica.
2019-10-24 14:29:41,409 [EventQueue-ContainerReportForContainerReportHandler] WARN  container.ContainerReportHandler (AbstractContainerReportHandler.java:updateContainerState(145)) - Container #1 is in OPEN state, but the datanode 42dc87bf-e32b-4dd2-9e00-10549665eb60{ip: 192.168.69.108, host: pr-hdds-2347-txrx8-1920290359, networkLocation: /default-rack, certSerialId: null} reports an CLOSED replica.
2019-10-24 14:29:41,532 [EventQueue-ContainerReportForContainerReportHandler] WARN  container.ContainerReportHandler (AbstractContainerReportHandler.java:updateContainerState(145)) - Container #1 is in OPEN state, but the datanode 4fbf6b7a-b21a-4ba4-99d8-46c6f2467a6f{ip: 192.168.69.108, host: pr-hdds-2347-txrx8-1920290359, networkLocation: /default-rack, certSerialId: null} reports an CLOSED replica.
2019-10-24 14:29:41,810 [EventQueue-ContainerReportForContainerReportHandler] WARN  container.ContainerReportHandler (AbstractContainerReportHandler.java:updateContainerState(145)) - Container #1 is in OPEN state, but the datanode 42dc87bf-e32b-4dd2-9e00-10549665eb60{ip: 192.168.69.108, host: pr-hdds-2347-txrx8-1920290359, networkLocation: /default-rack, certSerialId: null} reports an CLOSED replica.
2019-10-24 14:29:41,833 [EventQueue-ContainerReportForContainerReportHandler] WARN  container.ContainerReportHandler (AbstractContainerReportHandler.java:updateContainerState(145)) - Container #1 is in OPEN state, but the datanode 4fbf6b7a-b21a-4ba4-99d8-46c6f2467a6f{ip: 192.168.69.108, host: pr-hdds-2347-txrx8-1920290359, networkLocation: /default-rack, certSerialId: null} reports an CLOSED replica.
2019-10-24 14:29:42,034 [EventQueue-ContainerReportForContainerReportHandler] WARN  container.ContainerReportHandler (AbstractContainerReportHandler.java:updateContainerState(145)) - Container #1 is in OPEN state, but the datanode 4fbf6b7a-b21a-4ba4-99d8-46c6f2467a6f{ip: 192.168.69.108, host: pr-hdds-2347-txrx8-1920290359, networkLocation: /default-rack, certSerialId: null} reports an CLOSED replica.
2019-10-24 14:29:42,059 [java.util.concurrent.ThreadPoolExecutor$Worker@713a7292[State = -1, empty queue]] WARN  server.GrpcLogAppender (GrpcLogAppender.java:timeoutAppendRequest(209)) - 42dc87bf-e32b-4dd2-9e00-10549665eb60@group-DCA73B360714->e72563ba-91b4-4473-a773-2e1c57d3b28f-GrpcLogAppender: appendEntries Timeout, request=42dc87bf-e32b-4dd2-9e00-10549665eb60->e72563ba-91b4-4473-a773-2e1c57d3b28f#31-t1, previous=(t:1, i:10), leaderCommit=10, initializing? false, entries: <empty>
2019-10-24 14:29:42,099 [BlockDeletingService#2] WARN  background.BlockDeletingService (BlockDeletingService.java:isDeletionAllowed(187)) - Close Container log Index 6 is not replicated across allthe servers in the pipeline 237507d0-e2cf-4ea3-94d9-dca73b360714 as the min replicated index is 4. Deletion is not allowed in this container yet.
2019-10-24 14:29:42,099 [BlockDeletingService#0] WARN  background.BlockDeletingService (BlockDeletingService.java:isDeletionAllowed(187)) - Close Container log Index 6 is not replicated across allthe servers in the pipeline 237507d0-e2cf-4ea3-94d9-dca73b360714 as the min replicated index is 4. Deletion is not allowed in this container yet.
2019-10-24 14:29:42,109 [EventQueue-ContainerReportForContainerReportHandler] WARN  container.ContainerReportHandler (AbstractContainerReportHandler.java:updateContainerState(145)) - Container #1 is in OPEN state, but the datanode 42dc87bf-e32b-4dd2-9e00-10549665eb60{ip: 192.168.69.108, host: pr-hdds-2347-txrx8-1920290359, networkLocation: /default-rack, certSerialId: null} reports an CLOSED replica.
2019-10-24 14:29:42,235 [EventQueue-ContainerReportForContainerReportHandler] WARN  container.ContainerReportHandler (AbstractContainerReportHandler.java:updateContainerState(145)) - Container #1 is in OPEN state, but the datanode 4fbf6b7a-b21a-4ba4-99d8-46c6f2467a6f{ip: 192.168.69.108, host: pr-hdds-2347-txrx8-1920290359, networkLocation: /default-rack, certSerialId: null} reports an CLOSED replica.
2019-10-24 14:29:42,410 [EventQueue-ContainerReportForContainerReportHandler] WARN  container.ContainerReportHandler (AbstractContainerReportHandler.java:updateContainerState(145)) - Container #1 is in OPEN state, but the datanode 42dc87bf-e32b-4dd2-9e00-10549665eb60{ip: 192.168.69.108, host: pr-hdds-2347-txrx8-1920290359, networkLocation: /default-rack, certSerialId: null} reports an CLOSED replica.
2019-10-24 14:29:42,636 [EventQueue-ContainerReportForContainerReportHandler] WARN  container.ContainerReportHandler (AbstractContainerReportHandler.java:updateContainerState(145)) - Container #1 is in OPEN state, but the datanode 4fbf6b7a-b21a-4ba4-99d8-46c6f2467a6f{ip: 192.168.69.108, host: pr-hdds-2347-txrx8-1920290359, networkLocation: /default-rack, certSerialId: null} reports an CLOSED replica.
2019-10-24 14:29:42,709 [EventQueue-ContainerReportForContainerReportHandler] WARN  container.ContainerReportHandler (AbstractContainerReportHandler.java:updateContainerState(145)) - Container #1 is in OPEN state, but the datanode 42dc87bf-e32b-4dd2-9e00-10549665eb60{ip: 192.168.69.108, host: pr-hdds-2347-txrx8-1920290359, networkLocation: /default-rack, certSerialId: null} reports an CLOSED replica.
2019-10-24 14:29:42,910 [EventQueue-ContainerReportForContainerReportHandler] WARN  container.ContainerReportHandler (AbstractContainerReportHandler.java:updateContainerState(145)) - Container #1 is in OPEN state, but the datanode 42dc87bf-e32b-4dd2-9e00-10549665eb60{ip: 192.168.69.108, host: pr-hdds-2347-txrx8-1920290359, networkLocation: /default-rack, certSerialId: null} reports an CLOSED replica.
2019-10-24 14:29:42,936 [EventQueue-ContainerReportForContainerReportHandler] WARN  container.ContainerReportHandler (AbstractContainerReportHandler.java:updateContainerState(145)) - Container #1 is in OPEN state, but the datanode 4fbf6b7a-b21a-4ba4-99d8-46c6f2467a6f{ip: 192.168.69.108, host: pr-hdds-2347-txrx8-1920290359, networkLocation: /default-rack, certSerialId: null} reports an CLOSED replica.
2019-10-24 14:29:43,101 [BlockDeletingService#0] WARN  background.BlockDeletingService (BlockDeletingService.java:isDeletionAllowed(187)) - Close Container log Index 6 is not replicated across allthe servers in the pipeline 237507d0-e2cf-4ea3-94d9-dca73b360714 as the min replicated index is 4. Deletion is not allowed in this container yet.
2019-10-24 14:29:43,101 [BlockDeletingService#2] WARN  background.BlockDeletingService (BlockDeletingService.java:isDeletionAllowed(187)) - Close Container log Index 6 is not replicated across allthe servers in the pipeline 237507d0-e2cf-4ea3-94d9-dca73b360714 as the min replicated index is 4. Deletion is not allowed in this container yet.
2019-10-24 14:29:43,237 [EventQueue-ContainerReportForContainerReportHandler] WARN  container.ContainerReportHandler (AbstractContainerReportHandler.java:updateContainerState(145)) - Container #1 is in OPEN state, but the datanode 4fbf6b7a-b21a-4ba4-99d8-46c6f2467a6f{ip: 192.168.69.108, host: pr-hdds-2347-txrx8-1920290359, networkLocation: /default-rack, certSerialId: null} reports an CLOSED replica.
2019-10-24 14:29:43,310 [EventQueue-ContainerReportForContainerReportHandler] WARN  container.ContainerReportHandler (AbstractContainerReportHandler.java:updateContainerState(145)) - Container #1 is in OPEN state, but the datanode 42dc87bf-e32b-4dd2-9e00-10549665eb60{ip: 192.168.69.108, host: pr-hdds-2347-txrx8-1920290359, networkLocation: /default-rack, certSerialId: null} reports an CLOSED replica.
2019-10-24 14:29:43,610 [EventQueue-ContainerReportForContainerReportHandler] WARN  container.ContainerReportHandler (AbstractContainerReportHandler.java:updateContainerState(145)) - Container #1 is in OPEN state, but the datanode 42dc87bf-e32b-4dd2-9e00-10549665eb60{ip: 192.168.69.108, host: pr-hdds-2347-txrx8-1920290359, networkLocation: /default-rack, certSerialId: null} reports an CLOSED replica.
2019-10-24 14:29:43,639 [EventQueue-ContainerReportForContainerReportHandler] WARN  container.ContainerReportHandler (AbstractContainerReportHandler.java:updateContainerState(145)) - Container #1 is in OPEN state, but the datanode 4fbf6b7a-b21a-4ba4-99d8-46c6f2467a6f{ip: 192.168.69.108, host: pr-hdds-2347-txrx8-1920290359, networkLocation: /default-rack, certSerialId: null} reports an CLOSED replica.
2019-10-24 14:29:43,910 [EventQueue-ContainerReportForContainerReportHandler] WARN  container.ContainerReportHandler (AbstractContainerReportHandler.java:updateContainerState(145)) - Container #1 is in OPEN state, but the datanode 42dc87bf-e32b-4dd2-9e00-10549665eb60{ip: 192.168.69.108, host: pr-hdds-2347-txrx8-1920290359, networkLocation: /default-rack, certSerialId: null} reports an CLOSED replica.
2019-10-24 14:29:43,939 [EventQueue-ContainerReportForContainerReportHandler] WARN  container.ContainerReportHandler (AbstractContainerReportHandler.java:updateContainerState(145)) - Container #1 is in OPEN state, but the datanode 4fbf6b7a-b21a-4ba4-99d8-46c6f2467a6f{ip: 192.168.69.108, host: pr-hdds-2347-txrx8-1920290359, networkLocation: /default-rack, certSerialId: null} reports an CLOSED replica.
2019-10-24 14:29:44,103 [BlockDeletingService#0] WARN  background.BlockDeletingService (BlockDeletingService.java:isDeletionAllowed(187)) - Close Container log Index 6 is not replicated across allthe servers in the pipeline 237507d0-e2cf-4ea3-94d9-dca73b360714 as the min replicated index is 4. Deletion is not allowed in this container yet.
2019-10-24 14:29:44,103 [BlockDeletingService#2] WARN  background.BlockDeletingService (BlockDeletingService.java:isDeletionAllowed(187)) - Close Container log Index 6 is not replicated across allthe servers in the pipeline 237507d0-e2cf-4ea3-94d9-dca73b360714 as the min replicated index is 4. Deletion is not allowed in this container yet.
2019-10-24 14:29:44,111 [EventQueue-ContainerReportForContainerReportHandler] WARN  container.ContainerReportHandler (AbstractContainerReportHandler.java:updateContainerState(145)) - Container #1 is in OPEN state, but the datanode 42dc87bf-e32b-4dd2-9e00-10549665eb60{ip: 192.168.69.108, host: pr-hdds-2347-txrx8-1920290359, networkLocation: /default-rack, certSerialId: null} reports an CLOSED replica.
2019-10-24 14:29:44,139 [EventQueue-ContainerReportForContainerReportHandler] WARN  container.ContainerReportHandler (AbstractContainerReportHandler.java:updateContainerState(145)) - Container #1 is in OPEN state, but the datanode 4fbf6b7a-b21a-4ba4-99d8-46c6f2467a6f{ip: 192.168.69.108, host: pr-hdds-2347-txrx8-1920290359, networkLocation: /default-rack, certSerialId: null} reports an CLOSED replica.
2019-10-24 14:29:44,412 [EventQueue-ContainerReportForContainerReportHandler] WARN  container.ContainerReportHandler (AbstractContainerReportHandler.java:updateContainerState(145)) - Container #1 is in OPEN state, but the datanode 42dc87bf-e32b-4dd2-9e00-10549665eb60{ip: 192.168.69.108, host: pr-hdds-2347-txrx8-1920290359, networkLocation: /default-rack, certSerialId: null} reports an CLOSED replica.
2019-10-24 14:29:44,439 [EventQueue-ContainerReportForContainerReportHandler] WARN  container.ContainerReportHandler (AbstractContainerReportHandler.java:updateContainerState(145)) - Container #1 is in OPEN state, but the datanode 4fbf6b7a-b21a-4ba4-99d8-46c6f2467a6f{ip: 192.168.69.108, host: pr-hdds-2347-txrx8-1920290359, networkLocation: /default-rack, certSerialId: null} reports an CLOSED replica.
2019-10-24 14:29:44,559 [java.util.concurrent.ThreadPoolExecutor$Worker@713a7292[State = -1, empty queue]] WARN  server.GrpcLogAppender (GrpcLogAppender.java:timeoutAppendRequest(209)) - 42dc87bf-e32b-4dd2-9e00-10549665eb60@group-DCA73B360714->e72563ba-91b4-4473-a773-2e1c57d3b28f-GrpcLogAppender: appendEntries Timeout, request=42dc87bf-e32b-4dd2-9e00-10549665eb60->e72563ba-91b4-4473-a773-2e1c57d3b28f#32-t1, previous=(t:1, i:10), leaderCommit=10, initializing? false, entries: <empty>
2019-10-24 14:29:44,640 [EventQueue-ContainerReportForContainerReportHandler] WARN  container.ContainerReportHandler (AbstractContainerReportHandler.java:updateContainerState(145)) - Container #1 is in OPEN state, but the datanode 4fbf6b7a-b21a-4ba4-99d8-46c6f2467a6f{ip: 192.168.69.108, host: pr-hdds-2347-txrx8-1920290359, networkLocation: /default-rack, certSerialId: null} reports an CLOSED replica.
2019-10-24 14:29:44,712 [EventQueue-ContainerReportForContainerReportHandler] WARN  container.ContainerReportHandler (AbstractContainerReportHandler.java:updateContainerState(145)) - Container #1 is in OPEN state, but the datanode 42dc87bf-e32b-4dd2-9e00-10549665eb60{ip: 192.168.69.108, host: pr-hdds-2347-txrx8-1920290359, networkLocation: /default-rack, certSerialId: null} reports an CLOSED replica.
2019-10-24 14:29:44,841 [EventQueue-ContainerReportForContainerReportHandler] WARN  container.ContainerReportHandler (AbstractContainerReportHandler.java:updateContainerState(145)) - Container #1 is in OPEN state, but the datanode 4fbf6b7a-b21a-4ba4-99d8-46c6f2467a6f{ip: 192.168.69.108, host: pr-hdds-2347-txrx8-1920290359, networkLocation: /default-rack, certSerialId: null} reports an CLOSED replica.
2019-10-24 14:29:45,106 [BlockDeletingService#2] WARN  background.BlockDeletingService (BlockDeletingService.java:isDeletionAllowed(187)) - Close Container log Index 6 is not replicated across allthe servers in the pipeline 237507d0-e2cf-4ea3-94d9-dca73b360714 as the min replicated index is 4. Deletion is not allowed in this container yet.
2019-10-24 14:29:45,106 [BlockDeletingService#0] WARN  background.BlockDeletingService (BlockDeletingService.java:isDeletionAllowed(187)) - Close Container log Index 6 is not replicated across allthe servers in the pipeline 237507d0-e2cf-4ea3-94d9-dca73b360714 as the min replicated index is 4. Deletion is not allowed in this container yet.
2019-10-24 14:29:45,112 [EventQueue-ContainerReportForContainerReportHandler] WARN  container.ContainerReportHandler (AbstractContainerReportHandler.java:updateContainerState(145)) - Container #1 is in OPEN state, but the datanode 42dc87bf-e32b-4dd2-9e00-10549665eb60{ip: 192.168.69.108, host: pr-hdds-2347-txrx8-1920290359, networkLocation: /default-rack, certSerialId: null} reports an CLOSED replica.
2019-10-24 14:29:45,141 [EventQueue-ContainerReportForContainerReportHandler] WARN  container.ContainerReportHandler (AbstractContainerReportHandler.java:updateContainerState(145)) - Container #1 is in OPEN state, but the datanode 4fbf6b7a-b21a-4ba4-99d8-46c6f2467a6f{ip: 192.168.69.108, host: pr-hdds-2347-txrx8-1920290359, networkLocation: /default-rack, certSerialId: null} reports an CLOSED replica.
2019-10-24 14:29:45,442 [EventQueue-ContainerReportForContainerReportHandler] WARN  container.ContainerReportHandler (AbstractContainerReportHandler.java:updateContainerState(145)) - Container #1 is in OPEN state, but the datanode 4fbf6b7a-b21a-4ba4-99d8-46c6f2467a6f{ip: 192.168.69.108, host: pr-hdds-2347-txrx8-1920290359, networkLocation: /default-rack, certSerialId: null} reports an CLOSED replica.
2019-10-24 14:29:45,513 [EventQueue-ContainerReportForContainerReportHandler] WARN  container.ContainerReportHandler (AbstractContainerReportHandler.java:updateContainerState(145)) - Container #1 is in OPEN state, but the datanode 42dc87bf-e32b-4dd2-9e00-10549665eb60{ip: 192.168.69.108, host: pr-hdds-2347-txrx8-1920290359, networkLocation: /default-rack, certSerialId: null} reports an CLOSED replica.
2019-10-24 14:29:45,643 [EventQueue-ContainerReportForContainerReportHandler] WARN  container.ContainerReportHandler (AbstractContainerReportHandler.java:updateContainerState(145)) - Container #1 is in OPEN state, but the datanode 4fbf6b7a-b21a-4ba4-99d8-46c6f2467a6f{ip: 192.168.69.108, host: pr-hdds-2347-txrx8-1920290359, networkLocation: /default-rack, certSerialId: null} reports an CLOSED replica.
2019-10-24 14:29:45,813 [EventQueue-ContainerReportForContainerReportHandler] WARN  container.ContainerReportHandler (AbstractContainerReportHandler.java:updateContainerState(145)) - Container #1 is in OPEN state, but the datanode 42dc87bf-e32b-4dd2-9e00-10549665eb60{ip: 192.168.69.108, host: pr-hdds-2347-txrx8-1920290359, networkLocation: /default-rack, certSerialId: null} reports an CLOSED replica.
2019-10-24 14:29:45,943 [EventQueue-ContainerReportForContainerReportHandler] WARN  container.ContainerReportHandler (AbstractContainerReportHandler.java:updateContainerState(145)) - Container #1 is in OPEN state, but the datanode 4fbf6b7a-b21a-4ba4-99d8-46c6f2467a6f{ip: 192.168.69.108, host: pr-hdds-2347-txrx8-1920290359, networkLocation: /default-rack, certSerialId: null} reports an CLOSED replica.
2019-10-24 14:29:46,109 [BlockDeletingService#2] WARN  background.BlockDeletingService (BlockDeletingService.java:isDeletionAllowed(187)) - Close Container log Index 6 is not replicated across allthe servers in the pipeline 237507d0-e2cf-4ea3-94d9-dca73b360714 as the min replicated index is 4. Deletion is not allowed in this container yet.
2019-10-24 14:29:46,109 [BlockDeletingService#0] WARN  background.BlockDeletingService (BlockDeletingService.java:isDeletionAllowed(187)) - Close Container log Index 6 is not replicated across allthe servers in the pipeline 237507d0-e2cf-4ea3-94d9-dca73b360714 as the min replicated index is 4. Deletion is not allowed in this container yet.
2019-10-24 14:29:46,212 [EventQueue-ContainerReportForContainerReportHandler] WARN  container.ContainerReportHandler (AbstractContainerReportHandler.java:updateContainerState(145)) - Container #1 is in OPEN state, but the datanode 42dc87bf-e32b-4dd2-9e00-10549665eb60{ip: 192.168.69.108, host: pr-hdds-2347-txrx8-1920290359, networkLocation: /default-rack, certSerialId: null} reports an CLOSED replica.
2019-10-24 14:29:46,343 [EventQueue-ContainerReportForContainerReportHandler] WARN  container.ContainerReportHandler (AbstractContainerReportHandler.java:updateContainerState(145)) - Container #1 is in OPEN state, but the datanode 4fbf6b7a-b21a-4ba4-99d8-46c6f2467a6f{ip: 192.168.69.108, host: pr-hdds-2347-txrx8-1920290359, networkLocation: /default-rack, certSerialId: null} reports an CLOSED replica.
2019-10-24 14:29:46,513 [EventQueue-ContainerReportForContainerReportHandler] WARN  container.ContainerReportHandler (AbstractContainerReportHandler.java:updateContainerState(145)) - Container #1 is in OPEN state, but the datanode 42dc87bf-e32b-4dd2-9e00-10549665eb60{ip: 192.168.69.108, host: pr-hdds-2347-txrx8-1920290359, networkLocation: /default-rack, certSerialId: null} reports an CLOSED replica.
2019-10-24 14:29:46,712 [EventQueue-ContainerReportForContainerReportHandler] WARN  container.ContainerReportHandler (AbstractContainerReportHandler.java:updateContainerState(145)) - Container #1 is in OPEN state, but the datanode 42dc87bf-e32b-4dd2-9e00-10549665eb60{ip: 192.168.69.108, host: pr-hdds-2347-txrx8-1920290359, networkLocation: /default-rack, certSerialId: null} reports an CLOSED replica.
2019-10-24 14:29:46,743 [EventQueue-ContainerReportForContainerReportHandler] WARN  container.ContainerReportHandler (AbstractContainerReportHandler.java:updateContainerState(145)) - Container #1 is in OPEN state, but the datanode 4fbf6b7a-b21a-4ba4-99d8-46c6f2467a6f{ip: 192.168.69.108, host: pr-hdds-2347-txrx8-1920290359, networkLocation: /default-rack, certSerialId: null} reports an CLOSED replica.
2019-10-24 14:29:47,044 [EventQueue-ContainerReportForContainerReportHandler] WARN  container.ContainerReportHandler (AbstractContainerReportHandler.java:updateContainerState(145)) - Container #1 is in OPEN state, but the datanode 4fbf6b7a-b21a-4ba4-99d8-46c6f2467a6f{ip: 192.168.69.108, host: pr-hdds-2347-txrx8-1920290359, networkLocation: /default-rack, certSerialId: null} reports an CLOSED replica.
2019-10-24 14:29:47,061 [java.util.concurrent.ThreadPoolExecutor$Worker@713a7292[State = -1, empty queue]] WARN  server.GrpcLogAppender (GrpcLogAppender.java:timeoutAppendRequest(209)) - 42dc87bf-e32b-4dd2-9e00-10549665eb60@group-DCA73B360714->e72563ba-91b4-4473-a773-2e1c57d3b28f-GrpcLogAppender: appendEntries Timeout, request=42dc87bf-e32b-4dd2-9e00-10549665eb60->e72563ba-91b4-4473-a773-2e1c57d3b28f#33-t1, previous=(t:1, i:10), leaderCommit=10, initializing? false, entries: <empty>
2019-10-24 14:29:47,112 [BlockDeletingService#0] WARN  background.BlockDeletingService (BlockDeletingService.java:isDeletionAllowed(187)) - Close Container log Index 6 is not replicated across allthe servers in the pipeline 237507d0-e2cf-4ea3-94d9-dca73b360714 as the min replicated index is 4. Deletion is not allowed in this container yet.
2019-10-24 14:29:47,112 [BlockDeletingService#2] WARN  background.BlockDeletingService (BlockDeletingService.java:isDeletionAllowed(187)) - Close Container log Index 6 is not replicated across allthe servers in the pipeline 237507d0-e2cf-4ea3-94d9-dca73b360714 as the min replicated index is 4. Deletion is not allowed in this container yet.
2019-10-24 14:29:47,113 [EventQueue-ContainerReportForContainerReportHandler] WARN  container.ContainerReportHandler (AbstractContainerReportHandler.java:updateContainerState(145)) - Container #1 is in OPEN state, but the datanode 42dc87bf-e32b-4dd2-9e00-10549665eb60{ip: 192.168.69.108, host: pr-hdds-2347-txrx8-1920290359, networkLocation: /default-rack, certSerialId: null} reports an CLOSED replica.
2019-10-24 14:29:47,312 [EventQueue-ContainerReportForContainerReportHandler] WARN  container.ContainerReportHandler (AbstractContainerReportHandler.java:updateContainerState(145)) - Container #1 is in OPEN state, but the datanode 42dc87bf-e32b-4dd2-9e00-10549665eb60{ip: 192.168.69.108, host: pr-hdds-2347-txrx8-1920290359, networkLocation: /default-rack, certSerialId: null} reports an CLOSED replica.
2019-10-24 14:29:47,444 [EventQueue-ContainerReportForContainerReportHandler] WARN  container.ContainerReportHandler (AbstractContainerReportHandler.java:updateContainerState(145)) - Container #1 is in OPEN state, but the datanode 4fbf6b7a-b21a-4ba4-99d8-46c6f2467a6f{ip: 192.168.69.108, host: pr-hdds-2347-txrx8-1920290359, networkLocation: /default-rack, certSerialId: null} reports an CLOSED replica.
2019-10-24 14:29:47,645 [EventQueue-ContainerReportForContainerReportHandler] WARN  container.ContainerReportHandler (AbstractContainerReportHandler.java:updateContainerState(145)) - Container #1 is in OPEN state, but the datanode 4fbf6b7a-b21a-4ba4-99d8-46c6f2467a6f{ip: 192.168.69.108, host: pr-hdds-2347-txrx8-1920290359, networkLocation: /default-rack, certSerialId: null} reports an CLOSED replica.
2019-10-24 14:29:47,712 [EventQueue-ContainerReportForContainerReportHandler] WARN  container.ContainerReportHandler (AbstractContainerReportHandler.java:updateContainerState(145)) - Container #1 is in OPEN state, but the datanode 42dc87bf-e32b-4dd2-9e00-10549665eb60{ip: 192.168.69.108, host: pr-hdds-2347-txrx8-1920290359, networkLocation: /default-rack, certSerialId: null} reports an CLOSED replica.
2019-10-24 14:29:47,944 [EventQueue-ContainerReportForContainerReportHandler] WARN  container.ContainerReportHandler (AbstractContainerReportHandler.java:updateContainerState(145)) - Container #1 is in OPEN state, but the datanode 4fbf6b7a-b21a-4ba4-99d8-46c6f2467a6f{ip: 192.168.69.108, host: pr-hdds-2347-txrx8-1920290359, networkLocation: /default-rack, certSerialId: null} reports an CLOSED replica.
2019-10-24 14:29:48,012 [EventQueue-ContainerReportForContainerReportHandler] WARN  container.ContainerReportHandler (AbstractContainerReportHandler.java:updateContainerState(145)) - Container #1 is in OPEN state, but the datanode 42dc87bf-e32b-4dd2-9e00-10549665eb60{ip: 192.168.69.108, host: pr-hdds-2347-txrx8-1920290359, networkLocation: /default-rack, certSerialId: null} reports an CLOSED replica.
2019-10-24 14:29:48,113 [BlockDeletingService#0] WARN  background.BlockDeletingService (BlockDeletingService.java:isDeletionAllowed(187)) - Close Container log Index 6 is not replicated across allthe servers in the pipeline 237507d0-e2cf-4ea3-94d9-dca73b360714 as the min replicated index is 4. Deletion is not allowed in this container yet.
2019-10-24 14:29:48,114 [BlockDeletingService#2] WARN  background.BlockDeletingService (BlockDeletingService.java:isDeletionAllowed(187)) - Close Container log Index 6 is not replicated across allthe servers in the pipeline 237507d0-e2cf-4ea3-94d9-dca73b360714 as the min replicated index is 4. Deletion is not allowed in this container yet.
2019-10-24 14:29:48,314 [EventQueue-ContainerReportForContainerReportHandler] WARN  container.ContainerReportHandler (AbstractContainerReportHandler.java:updateContainerState(145)) - Container #1 is in OPEN state, but the datanode 42dc87bf-e32b-4dd2-9e00-10549665eb60{ip: 192.168.69.108, host: pr-hdds-2347-txrx8-1920290359, networkLocation: /default-rack, certSerialId: null} reports an CLOSED replica.
2019-10-24 14:29:48,344 [EventQueue-ContainerReportForContainerReportHandler] WARN  container.ContainerReportHandler (AbstractContainerReportHandler.java:updateContainerState(145)) - Container #1 is in OPEN state, but the datanode 4fbf6b7a-b21a-4ba4-99d8-46c6f2467a6f{ip: 192.168.69.108, host: pr-hdds-2347-txrx8-1920290359, networkLocation: /default-rack, certSerialId: null} reports an CLOSED replica.
2019-10-24 14:29:48,544 [EventQueue-ContainerReportForContainerReportHandler] WARN  container.ContainerReportHandler (AbstractContainerReportHandler.java:updateContainerState(145)) - Container #1 is in OPEN state, but the datanode 4fbf6b7a-b21a-4ba4-99d8-46c6f2467a6f{ip: 192.168.69.108, host: pr-hdds-2347-txrx8-1920290359, networkLocation: /default-rack, certSerialId: null} reports an CLOSED replica.
2019-10-24 14:29:48,612 [EventQueue-ContainerReportForContainerReportHandler] WARN  container.ContainerReportHandler (AbstractContainerReportHandler.java:updateContainerState(145)) - Container #1 is in OPEN state, but the datanode 42dc87bf-e32b-4dd2-9e00-10549665eb60{ip: 192.168.69.108, host: pr-hdds-2347-txrx8-1920290359, networkLocation: /default-rack, certSerialId: null} reports an CLOSED replica.
2019-10-24 14:29:48,845 [EventQueue-ContainerReportForContainerReportHandler] WARN  container.ContainerReportHandler (AbstractContainerReportHandler.java:updateContainerState(145)) - Container #1 is in OPEN state, but the datanode 4fbf6b7a-b21a-4ba4-99d8-46c6f2467a6f{ip: 192.168.69.108, host: pr-hdds-2347-txrx8-1920290359, networkLocation: /default-rack, certSerialId: null} reports an CLOSED replica.
2019-10-24 14:29:48,912 [EventQueue-ContainerReportForContainerReportHandler] WARN  container.ContainerReportHandler (AbstractContainerReportHandler.java:updateContainerState(145)) - Container #1 is in OPEN state, but the datanode 42dc87bf-e32b-4dd2-9e00-10549665eb60{ip: 192.168.69.108, host: pr-hdds-2347-txrx8-1920290359, networkLocation: /default-rack, certSerialId: null} reports an CLOSED replica.
2019-10-24 14:29:49,044 [EventQueue-ContainerReportForContainerReportHandler] WARN  container.ContainerReportHandler (AbstractContainerReportHandler.java:updateContainerState(145)) - Container #1 is in OPEN state, but the datanode 4fbf6b7a-b21a-4ba4-99d8-46c6f2467a6f{ip: 192.168.69.108, host: pr-hdds-2347-txrx8-1920290359, networkLocation: /default-rack, certSerialId: null} reports an CLOSED replica.
2019-10-24 14:29:49,115 [BlockDeletingService#2] WARN  background.BlockDeletingService (BlockDeletingService.java:isDeletionAllowed(187)) - Close Container log Index 6 is not replicated across allthe servers in the pipeline 237507d0-e2cf-4ea3-94d9-dca73b360714 as the min replicated index is 4. Deletion is not allowed in this container yet.
2019-10-24 14:29:49,115 [BlockDeletingService#0] WARN  background.BlockDeletingService (BlockDeletingService.java:isDeletionAllowed(187)) - Close Container log Index 6 is not replicated across allthe servers in the pipeline 237507d0-e2cf-4ea3-94d9-dca73b360714 as the min replicated index is 4. Deletion is not allowed in this container yet.
2019-10-24 14:29:49,213 [EventQueue-ContainerReportForContainerReportHandler] WARN  container.ContainerReportHandler (AbstractContainerReportHandler.java:updateContainerState(145)) - Container #1 is in OPEN state, but the datanode 42dc87bf-e32b-4dd2-9e00-10549665eb60{ip: 192.168.69.108, host: pr-hdds-2347-txrx8-1920290359, networkLocation: /default-rack, certSerialId: null} reports an CLOSED replica.
2019-10-24 14:29:49,345 [EventQueue-ContainerReportForContainerReportHandler] WARN  container.ContainerReportHandler (AbstractContainerReportHandler.java:updateContainerState(145)) - Container #1 is in OPEN state, but the datanode 4fbf6b7a-b21a-4ba4-99d8-46c6f2467a6f{ip: 192.168.69.108, host: pr-hdds-2347-txrx8-1920290359, networkLocation: /default-rack, certSerialId: null} reports an CLOSED replica.
2019-10-24 14:29:49,564 [java.util.concurrent.ThreadPoolExecutor$Worker@713a7292[State = -1, empty queue]] WARN  server.GrpcLogAppender (GrpcLogAppender.java:timeoutAppendRequest(209)) - 42dc87bf-e32b-4dd2-9e00-10549665eb60@group-DCA73B360714->e72563ba-91b4-4473-a773-2e1c57d3b28f-GrpcLogAppender: appendEntries Timeout, request=42dc87bf-e32b-4dd2-9e00-10549665eb60->e72563ba-91b4-4473-a773-2e1c57d3b28f#34-t1, previous=(t:1, i:10), leaderCommit=10, initializing? false, entries: <empty>
2019-10-24 14:29:49,613 [EventQueue-ContainerReportForContainerReportHandler] WARN  container.ContainerReportHandler (AbstractContainerReportHandler.java:updateContainerState(145)) - Container #1 is in OPEN state, but the datanode 42dc87bf-e32b-4dd2-9e00-10549665eb60{ip: 192.168.69.108, host: pr-hdds-2347-txrx8-1920290359, networkLocation: /default-rack, certSerialId: null} reports an CLOSED replica.
2019-10-24 14:29:49,646 [EventQueue-ContainerReportForContainerReportHandler] WARN  container.ContainerReportHandler (AbstractContainerReportHandler.java:updateContainerState(145)) - Container #1 is in OPEN state, but the datanode 4fbf6b7a-b21a-4ba4-99d8-46c6f2467a6f{ip: 192.168.69.108, host: pr-hdds-2347-txrx8-1920290359, networkLocation: /default-rack, certSerialId: null} reports an CLOSED replica.
2019-10-24 14:29:49,913 [EventQueue-ContainerReportForContainerReportHandler] WARN  container.ContainerReportHandler (AbstractContainerReportHandler.java:updateContainerState(145)) - Container #1 is in OPEN state, but the datanode 42dc87bf-e32b-4dd2-9e00-10549665eb60{ip: 192.168.69.108, host: pr-hdds-2347-txrx8-1920290359, networkLocation: /default-rack, certSerialId: null} reports an CLOSED replica.
2019-10-24 14:29:50,049 [EventQueue-ContainerReportForContainerReportHandler] WARN  container.ContainerReportHandler (AbstractContainerReportHandler.java:updateContainerState(145)) - Container #1 is in OPEN state, but the datanode 4fbf6b7a-b21a-4ba4-99d8-46c6f2467a6f{ip: 192.168.69.108, host: pr-hdds-2347-txrx8-1920290359, networkLocation: /default-rack, certSerialId: null} reports an CLOSED replica.
2019-10-24 14:29:50,117 [BlockDeletingService#0] WARN  background.BlockDeletingService (BlockDeletingService.java:isDeletionAllowed(187)) - Close Container log Index 6 is not replicated across allthe servers in the pipeline 237507d0-e2cf-4ea3-94d9-dca73b360714 as the min replicated index is 4. Deletion is not allowed in this container yet.
2019-10-24 14:29:50,117 [BlockDeletingService#2] WARN  background.BlockDeletingService (BlockDeletingService.java:isDeletionAllowed(187)) - Close Container log Index 6 is not replicated across allthe servers in the pipeline 237507d0-e2cf-4ea3-94d9-dca73b360714 as the min replicated index is 4. Deletion is not allowed in this container yet.
2019-10-24 14:29:50,170 [Thread-401] INFO  client.GrpcClientProtocolService (GrpcClientProtocolService.java:lambda$processClientRequest$0(279)) - Failed RaftClientRequest:client-6194C1F728FC->4fbf6b7a-b21a-4ba4-99d8-46c6f2467a6f@group-DCA73B360714, cid=10, seq=0, Watch-ALL_COMMITTED(6), Message:<EMPTY>, reply=RaftClientReply:client-6194C1F728FC->4fbf6b7a-b21a-4ba4-99d8-46c6f2467a6f@group-DCA73B360714, cid=10, FAILED org.apache.ratis.protocol.NotLeaderException: Server 4fbf6b7a-b21a-4ba4-99d8-46c6f2467a6f@group-DCA73B360714 is not the leader 42dc87bf-e32b-4dd2-9e00-10549665eb60:192.168.69.108:40840, logIndex=0, commits[4fbf6b7a-b21a-4ba4-99d8-46c6f2467a6f:c10, e72563ba-91b4-4473-a773-2e1c57d3b28f:c4, 42dc87bf-e32b-4dd2-9e00-10549665eb60:c10]
2019-10-24 14:29:50,214 [EventQueue-ContainerReportForContainerReportHandler] WARN  container.ContainerReportHandler (AbstractContainerReportHandler.java:updateContainerState(145)) - Container #1 is in OPEN state, but the datanode 42dc87bf-e32b-4dd2-9e00-10549665eb60{ip: 192.168.69.108, host: pr-hdds-2347-txrx8-1920290359, networkLocation: /default-rack, certSerialId: null} reports an CLOSED replica.
2019-10-24 14:29:50,352 [EventQueue-ContainerReportForContainerReportHandler] WARN  container.ContainerReportHandler (AbstractContainerReportHandler.java:updateContainerState(145)) - Container #1 is in OPEN state, but the datanode 4fbf6b7a-b21a-4ba4-99d8-46c6f2467a6f{ip: 192.168.69.108, host: pr-hdds-2347-txrx8-1920290359, networkLocation: /default-rack, certSerialId: null} reports an CLOSED replica.
2019-10-24 14:29:50,515 [EventQueue-ContainerReportForContainerReportHandler] WARN  container.ContainerReportHandler (AbstractContainerReportHandler.java:updateContainerState(145)) - Container #1 is in OPEN state, but the datanode 42dc87bf-e32b-4dd2-9e00-10549665eb60{ip: 192.168.69.108, host: pr-hdds-2347-txrx8-1920290359, networkLocation: /default-rack, certSerialId: null} reports an CLOSED replica.
2019-10-24 14:29:50,554 [EventQueue-ContainerReportForContainerReportHandler] WARN  container.ContainerReportHandler (AbstractContainerReportHandler.java:updateContainerState(145)) - Container #1 is in OPEN state, but the datanode 4fbf6b7a-b21a-4ba4-99d8-46c6f2467a6f{ip: 192.168.69.108, host: pr-hdds-2347-txrx8-1920290359, networkLocation: /default-rack, certSerialId: null} reports an CLOSED replica.
2019-10-24 14:29:50,884 [Thread-404] INFO  client.GrpcClientProtocolService (GrpcClientProtocolService.java:lambda$processClientRequest$0(279)) - Failed RaftClientRequest:client-6194C1F728FC->42dc87bf-e32b-4dd2-9e00-10549665eb60@group-DCA73B360714, cid=10, seq=0, Watch-ALL_COMMITTED(6), Message:<EMPTY>, reply=RaftClientReply:client-6194C1F728FC->42dc87bf-e32b-4dd2-9e00-10549665eb60@group-DCA73B360714, cid=10, FAILED org.apache.ratis.protocol.NotReplicatedException: Request with call Id 10 and log index 6 is not yet replicated to ALL_COMMITTED, logIndex=6, commits[42dc87bf-e32b-4dd2-9e00-10549665eb60:c10, e72563ba-91b4-4473-a773-2e1c57d3b28f:c4, 4fbf6b7a-b21a-4ba4-99d8-46c6f2467a6f:c10]
2019-10-24 14:29:50,914 [EventQueue-ContainerReportForContainerReportHandler] WARN  container.ContainerReportHandler (AbstractContainerReportHandler.java:updateContainerState(145)) - Container #1 is in OPEN state, but the datanode 42dc87bf-e32b-4dd2-9e00-10549665eb60{ip: 192.168.69.108, host: pr-hdds-2347-txrx8-1920290359, networkLocation: /default-rack, certSerialId: null} reports an CLOSED replica.
2019-10-24 14:29:50,955 [EventQueue-ContainerReportForContainerReportHandler] WARN  container.ContainerReportHandler (AbstractContainerReportHandler.java:updateContainerState(145)) - Container #1 is in OPEN state, but the datanode 4fbf6b7a-b21a-4ba4-99d8-46c6f2467a6f{ip: 192.168.69.108, host: pr-hdds-2347-txrx8-1920290359, networkLocation: /default-rack, certSerialId: null} reports an CLOSED replica.
2019-10-24 14:29:51,119 [BlockDeletingService#2] WARN  background.BlockDeletingService (BlockDeletingService.java:isDeletionAllowed(187)) - Close Container log Index 6 is not replicated across allthe servers in the pipeline 237507d0-e2cf-4ea3-94d9-dca73b360714 as the min replicated index is 4. Deletion is not allowed in this container yet.
2019-10-24 14:29:51,119 [BlockDeletingService#0] WARN  background.BlockDeletingService (BlockDeletingService.java:isDeletionAllowed(187)) - Close Container log Index 6 is not replicated across allthe servers in the pipeline 237507d0-e2cf-4ea3-94d9-dca73b360714 as the min replicated index is 4. Deletion is not allowed in this container yet.
2019-10-24 14:29:51,156 [EventQueue-ContainerReportForContainerReportHandler] WARN  container.ContainerReportHandler (AbstractContainerReportHandler.java:updateContainerState(145)) - Container #1 is in OPEN state, but the datanode 4fbf6b7a-b21a-4ba4-99d8-46c6f2467a6f{ip: 192.168.69.108, host: pr-hdds-2347-txrx8-1920290359, networkLocation: /default-rack, certSerialId: null} reports an CLOSED replica.
2019-10-24 14:29:51,214 [EventQueue-ContainerReportForContainerReportHandler] WARN  container.ContainerReportHandler (AbstractContainerReportHandler.java:updateContainerState(145)) - Container #1 is in OPEN state, but the datanode 42dc87bf-e32b-4dd2-9e00-10549665eb60{ip: 192.168.69.108, host: pr-hdds-2347-txrx8-1920290359, networkLocation: /default-rack, certSerialId: null} reports an CLOSED replica.
2019-10-24 14:29:51,357 [EventQueue-ContainerReportForContainerReportHandler] WARN  container.ContainerReportHandler (AbstractContainerReportHandler.java:updateContainerState(145)) - Container #1 is in OPEN state, but the datanode 4fbf6b7a-b21a-4ba4-99d8-46c6f2467a6f{ip: 192.168.69.108, host: pr-hdds-2347-txrx8-1920290359, networkLocation: /default-rack, certSerialId: null} reports an CLOSED replica.
2019-10-24 14:29:51,614 [EventQueue-ContainerReportForContainerReportHandler] WARN  container.ContainerReportHandler (AbstractContainerReportHandler.java:updateContainerState(145)) - Container #1 is in OPEN state, but the datanode 42dc87bf-e32b-4dd2-9e00-10549665eb60{ip: 192.168.69.108, host: pr-hdds-2347-txrx8-1920290359, networkLocation: /default-rack, certSerialId: null} reports an CLOSED replica.
2019-10-24 14:29:51,657 [EventQueue-ContainerReportForContainerReportHandler] WARN  container.ContainerReportHandler (AbstractContainerReportHandler.java:updateContainerState(145)) - Container #1 is in OPEN state, but the datanode 4fbf6b7a-b21a-4ba4-99d8-46c6f2467a6f{ip: 192.168.69.108, host: pr-hdds-2347-txrx8-1920290359, networkLocation: /default-rack, certSerialId: null} reports an CLOSED replica.
2019-10-24 14:29:51,957 [EventQueue-ContainerReportForContainerReportHandler] WARN  container.ContainerReportHandler (AbstractContainerReportHandler.java:updateContainerState(145)) - Container #1 is in OPEN state, but the datanode 4fbf6b7a-b21a-4ba4-99d8-46c6f2467a6f{ip: 192.168.69.108, host: pr-hdds-2347-txrx8-1920290359, networkLocation: /default-rack, certSerialId: null} reports an CLOSED replica.
2019-10-24 14:29:52,014 [EventQueue-ContainerReportForContainerReportHandler] WARN  container.ContainerReportHandler (AbstractContainerReportHandler.java:updateContainerState(145)) - Container #1 is in OPEN state, but the datanode 42dc87bf-e32b-4dd2-9e00-10549665eb60{ip: 192.168.69.108, host: pr-hdds-2347-txrx8-1920290359, networkLocation: /default-rack, certSerialId: null} reports an CLOSED replica.
2019-10-24 14:29:52,066 [java.util.concurrent.ThreadPoolExecutor$Worker@713a7292[State = -1, empty queue]] WARN  server.GrpcLogAppender (GrpcLogAppender.java:timeoutAppendRequest(209)) - 42dc87bf-e32b-4dd2-9e00-10549665eb60@group-DCA73B360714->e72563ba-91b4-4473-a773-2e1c57d3b28f-GrpcLogAppender: appendEntries Timeout, request=42dc87bf-e32b-4dd2-9e00-10549665eb60->e72563ba-91b4-4473-a773-2e1c57d3b28f#35-t1, previous=(t:1, i:10), leaderCommit=10, initializing? false, entries: <empty>
2019-10-24 14:29:52,122 [BlockDeletingService#2] WARN  background.BlockDeletingService (BlockDeletingService.java:isDeletionAllowed(187)) - Close Container log Index 6 is not replicated across allthe servers in the pipeline 237507d0-e2cf-4ea3-94d9-dca73b360714 as the min replicated index is 4. Deletion is not allowed in this container yet.
2019-10-24 14:29:52,122 [BlockDeletingService#0] WARN  background.BlockDeletingService (BlockDeletingService.java:isDeletionAllowed(187)) - Close Container log Index 6 is not replicated across allthe servers in the pipeline 237507d0-e2cf-4ea3-94d9-dca73b360714 as the min replicated index is 4. Deletion is not allowed in this container yet.
2019-10-24 14:29:52,257 [EventQueue-ContainerReportForContainerReportHandler] WARN  container.ContainerReportHandler (AbstractContainerReportHandler.java:updateContainerState(145)) - Container #1 is in OPEN state, but the datanode 4fbf6b7a-b21a-4ba4-99d8-46c6f2467a6f{ip: 192.168.69.108, host: pr-hdds-2347-txrx8-1920290359, networkLocation: /default-rack, certSerialId: null} reports an CLOSED replica.
2019-10-24 14:29:52,315 [EventQueue-ContainerReportForContainerReportHandler] WARN  container.ContainerReportHandler (AbstractContainerReportHandler.java:updateContainerState(145)) - Container #1 is in OPEN state, but the datanode 42dc87bf-e32b-4dd2-9e00-10549665eb60{ip: 192.168.69.108, host: pr-hdds-2347-txrx8-1920290359, networkLocation: /default-rack, certSerialId: null} reports an CLOSED replica.
2019-10-24 14:29:52,615 [EventQueue-ContainerReportForContainerReportHandler] WARN  container.ContainerReportHandler (AbstractContainerReportHandler.java:updateContainerState(145)) - Container #1 is in OPEN state, but the datanode 42dc87bf-e32b-4dd2-9e00-10549665eb60{ip: 192.168.69.108, host: pr-hdds-2347-txrx8-1920290359, networkLocation: /default-rack, certSerialId: null} reports an CLOSED replica.
2019-10-24 14:29:52,657 [EventQueue-ContainerReportForContainerReportHandler] WARN  container.ContainerReportHandler (AbstractContainerReportHandler.java:updateContainerState(145)) - Container #1 is in OPEN state, but the datanode 4fbf6b7a-b21a-4ba4-99d8-46c6f2467a6f{ip: 192.168.69.108, host: pr-hdds-2347-txrx8-1920290359, networkLocation: /default-rack, certSerialId: null} reports an CLOSED replica.
2019-10-24 14:29:52,914 [EventQueue-ContainerReportForContainerReportHandler] WARN  container.ContainerReportHandler (AbstractContainerReportHandler.java:updateContainerState(145)) - Container #1 is in OPEN state, but the datanode 42dc87bf-e32b-4dd2-9e00-10549665eb60{ip: 192.168.69.108, host: pr-hdds-2347-txrx8-1920290359, networkLocation: /default-rack, certSerialId: null} reports an CLOSED replica.
2019-10-24 14:29:53,057 [EventQueue-ContainerReportForContainerReportHandler] WARN  container.ContainerReportHandler (AbstractContainerReportHandler.java:updateContainerState(145)) - Container #1 is in OPEN state, but the datanode 4fbf6b7a-b21a-4ba4-99d8-46c6f2467a6f{ip: 192.168.69.108, host: pr-hdds-2347-txrx8-1920290359, networkLocation: /default-rack, certSerialId: null} reports an CLOSED replica.
2019-10-24 14:29:53,114 [EventQueue-ContainerReportForContainerReportHandler] WARN  container.ContainerReportHandler (AbstractContainerReportHandler.java:updateContainerState(145)) - Container #1 is in OPEN state, but the datanode 42dc87bf-e32b-4dd2-9e00-10549665eb60{ip: 192.168.69.108, host: pr-hdds-2347-txrx8-1920290359, networkLocation: /default-rack, certSerialId: null} reports an CLOSED replica.
2019-10-24 14:29:53,124 [BlockDeletingService#0] WARN  background.BlockDeletingService (BlockDeletingService.java:isDeletionAllowed(187)) - Close Container log Index 6 is not replicated across allthe servers in the pipeline 237507d0-e2cf-4ea3-94d9-dca73b360714 as the min replicated index is 4. Deletion is not allowed in this container yet.
2019-10-24 14:29:53,124 [BlockDeletingService#2] WARN  background.BlockDeletingService (BlockDeletingService.java:isDeletionAllowed(187)) - Close Container log Index 6 is not replicated across allthe servers in the pipeline 237507d0-e2cf-4ea3-94d9-dca73b360714 as the min replicated index is 4. Deletion is not allowed in this container yet.
2019-10-24 14:29:53,257 [EventQueue-ContainerReportForContainerReportHandler] WARN  container.ContainerReportHandler (AbstractContainerReportHandler.java:updateContainerState(145)) - Container #1 is in OPEN state, but the datanode 4fbf6b7a-b21a-4ba4-99d8-46c6f2467a6f{ip: 192.168.69.108, host: pr-hdds-2347-txrx8-1920290359, networkLocation: /default-rack, certSerialId: null} reports an CLOSED replica.
2019-10-24 14:29:53,415 [EventQueue-ContainerReportForContainerReportHandler] WARN  container.ContainerReportHandler (AbstractContainerReportHandler.java:updateContainerState(145)) - Container #1 is in OPEN state, but the datanode 42dc87bf-e32b-4dd2-9e00-10549665eb60{ip: 192.168.69.108, host: pr-hdds-2347-txrx8-1920290359, networkLocation: /default-rack, certSerialId: null} reports an CLOSED replica.
2019-10-24 14:29:53,558 [EventQueue-ContainerReportForContainerReportHandler] WARN  container.ContainerReportHandler (AbstractContainerReportHandler.java:updateContainerState(145)) - Container #1 is in OPEN state, but the datanode 4fbf6b7a-b21a-4ba4-99d8-46c6f2467a6f{ip: 192.168.69.108, host: pr-hdds-2347-txrx8-1920290359, networkLocation: /default-rack, certSerialId: null} reports an CLOSED replica.
2019-10-24 14:29:53,814 [EventQueue-ContainerReportForContainerReportHandler] WARN  container.ContainerReportHandler (AbstractContainerReportHandler.java:updateContainerState(145)) - Container #1 is in OPEN state, but the datanode 42dc87bf-e32b-4dd2-9e00-10549665eb60{ip: 192.168.69.108, host: pr-hdds-2347-txrx8-1920290359, networkLocation: /default-rack, certSerialId: null} reports an CLOSED replica.
2019-10-24 14:29:53,858 [EventQueue-ContainerReportForContainerReportHandler] WARN  container.ContainerReportHandler (AbstractContainerReportHandler.java:updateContainerState(145)) - Container #1 is in OPEN state, but the datanode 4fbf6b7a-b21a-4ba4-99d8-46c6f2467a6f{ip: 192.168.69.108, host: pr-hdds-2347-txrx8-1920290359, networkLocation: /default-rack, certSerialId: null} reports an CLOSED replica.
2019-10-24 14:29:54,058 [EventQueue-ContainerReportForContainerReportHandler] WARN  container.ContainerReportHandler (AbstractContainerReportHandler.java:updateContainerState(145)) - Container #1 is in OPEN state, but the datanode 4fbf6b7a-b21a-4ba4-99d8-46c6f2467a6f{ip: 192.168.69.108, host: pr-hdds-2347-txrx8-1920290359, networkLocation: /default-rack, certSerialId: null} reports an CLOSED replica.
2019-10-24 14:29:54,126 [BlockDeletingService#0] WARN  background.BlockDeletingService (BlockDeletingService.java:isDeletionAllowed(187)) - Close Container log Index 6 is not replicated across allthe servers in the pipeline 237507d0-e2cf-4ea3-94d9-dca73b360714 as the min replicated index is 4. Deletion is not allowed in this container yet.
2019-10-24 14:29:54,126 [BlockDeletingService#2] WARN  background.BlockDeletingService (BlockDeletingService.java:isDeletionAllowed(187)) - Close Container log Index 6 is not replicated across allthe servers in the pipeline 237507d0-e2cf-4ea3-94d9-dca73b360714 as the min replicated index is 4. Deletion is not allowed in this container yet.
2019-10-24 14:29:54,214 [EventQueue-ContainerReportForContainerReportHandler] WARN  container.ContainerReportHandler (AbstractContainerReportHandler.java:updateContainerState(145)) - Container #1 is in OPEN state, but the datanode 42dc87bf-e32b-4dd2-9e00-10549665eb60{ip: 192.168.69.108, host: pr-hdds-2347-txrx8-1920290359, networkLocation: /default-rack, certSerialId: null} reports an CLOSED replica.
2019-10-24 14:29:54,459 [EventQueue-ContainerReportForContainerReportHandler] WARN  container.ContainerReportHandler (AbstractContainerReportHandler.java:updateContainerState(145)) - Container #1 is in OPEN state, but the datanode 4fbf6b7a-b21a-4ba4-99d8-46c6f2467a6f{ip: 192.168.69.108, host: pr-hdds-2347-txrx8-1920290359, networkLocation: /default-rack, certSerialId: null} reports an CLOSED replica.
2019-10-24 14:29:54,567 [java.util.concurrent.ThreadPoolExecutor$Worker@713a7292[State = -1, empty queue]] WARN  server.GrpcLogAppender (GrpcLogAppender.java:timeoutAppendRequest(209)) - 42dc87bf-e32b-4dd2-9e00-10549665eb60@group-DCA73B360714->e72563ba-91b4-4473-a773-2e1c57d3b28f-GrpcLogAppender: appendEntries Timeout, request=42dc87bf-e32b-4dd2-9e00-10549665eb60->e72563ba-91b4-4473-a773-2e1c57d3b28f#36-t1, previous=(t:1, i:10), leaderCommit=10, initializing? false, entries: <empty>
2019-10-24 14:29:54,617 [EventQueue-ContainerReportForContainerReportHandler] WARN  container.ContainerReportHandler (AbstractContainerReportHandler.java:updateContainerState(145)) - Container #1 is in OPEN state, but the datanode 42dc87bf-e32b-4dd2-9e00-10549665eb60{ip: 192.168.69.108, host: pr-hdds-2347-txrx8-1920290359, networkLocation: /default-rack, certSerialId: null} reports an CLOSED replica.
2019-10-24 14:29:54,659 [EventQueue-ContainerReportForContainerReportHandler] WARN  container.ContainerReportHandler (AbstractContainerReportHandler.java:updateContainerState(145)) - Container #1 is in OPEN state, but the datanode 4fbf6b7a-b21a-4ba4-99d8-46c6f2467a6f{ip: 192.168.69.108, host: pr-hdds-2347-txrx8-1920290359, networkLocation: /default-rack, certSerialId: null} reports an CLOSED replica.
2019-10-24 14:29:54,818 [EventQueue-ContainerReportForContainerReportHandler] WARN  container.ContainerReportHandler (AbstractContainerReportHandler.java:updateContainerState(145)) - Container #1 is in OPEN state, but the datanode 42dc87bf-e32b-4dd2-9e00-10549665eb60{ip: 192.168.69.108, host: pr-hdds-2347-txrx8-1920290359, networkLocation: /default-rack, certSerialId: null} reports an CLOSED replica.
2019-10-24 14:29:54,960 [EventQueue-ContainerReportForContainerReportHandler] WARN  container.ContainerReportHandler (AbstractContainerReportHandler.java:updateContainerState(145)) - Container #1 is in OPEN state, but the datanode 4fbf6b7a-b21a-4ba4-99d8-46c6f2467a6f{ip: 192.168.69.108, host: pr-hdds-2347-txrx8-1920290359, networkLocation: /default-rack, certSerialId: null} reports an CLOSED replica.
2019-10-24 14:29:55,117 [EventQueue-ContainerReportForContainerReportHandler] WARN  container.ContainerReportHandler (AbstractContainerReportHandler.java:updateContainerState(145)) - Container #1 is in OPEN state, but the datanode 42dc87bf-e32b-4dd2-9e00-10549665eb60{ip: 192.168.69.108, host: pr-hdds-2347-txrx8-1920290359, networkLocation: /default-rack, certSerialId: null} reports an CLOSED replica.
2019-10-24 14:29:55,129 [BlockDeletingService#2] WARN  background.BlockDeletingService (BlockDeletingService.java:isDeletionAllowed(187)) - Close Container log Index 6 is not replicated across allthe servers in the pipeline 237507d0-e2cf-4ea3-94d9-dca73b360714 as the min replicated index is 4. Deletion is not allowed in this container yet.
2019-10-24 14:29:55,129 [BlockDeletingService#0] WARN  background.BlockDeletingService (BlockDeletingService.java:isDeletionAllowed(187)) - Close Container log Index 6 is not replicated across allthe servers in the pipeline 237507d0-e2cf-4ea3-94d9-dca73b360714 as the min replicated index is 4. Deletion is not allowed in this container yet.
2019-10-24 14:29:55,161 [EventQueue-ContainerReportForContainerReportHandler] WARN  container.ContainerReportHandler (AbstractContainerReportHandler.java:updateContainerState(145)) - Container #1 is in OPEN state, but the datanode 4fbf6b7a-b21a-4ba4-99d8-46c6f2467a6f{ip: 192.168.69.108, host: pr-hdds-2347-txrx8-1920290359, networkLocation: /default-rack, certSerialId: null} reports an CLOSED replica.
2019-10-24 14:29:55,462 [EventQueue-ContainerReportForContainerReportHandler] WARN  container.ContainerReportHandler (AbstractContainerReportHandler.java:updateContainerState(145)) - Container #1 is in OPEN state, but the datanode 4fbf6b7a-b21a-4ba4-99d8-46c6f2467a6f{ip: 192.168.69.108, host: pr-hdds-2347-txrx8-1920290359, networkLocation: /default-rack, certSerialId: null} reports an CLOSED replica.
2019-10-24 14:29:55,517 [EventQueue-ContainerReportForContainerReportHandler] WARN  container.ContainerReportHandler (AbstractContainerReportHandler.java:updateContainerState(145)) - Container #1 is in OPEN state, but the datanode 42dc87bf-e32b-4dd2-9e00-10549665eb60{ip: 192.168.69.108, host: pr-hdds-2347-txrx8-1920290359, networkLocation: /default-rack, certSerialId: null} reports an CLOSED replica.
2019-10-24 14:29:55,817 [EventQueue-ContainerReportForContainerReportHandler] WARN  container.ContainerReportHandler (AbstractContainerReportHandler.java:updateContainerState(145)) - Container #1 is in OPEN state, but the datanode 42dc87bf-e32b-4dd2-9e00-10549665eb60{ip: 192.168.69.108, host: pr-hdds-2347-txrx8-1920290359, networkLocation: /default-rack, certSerialId: null} reports an CLOSED replica.
2019-10-24 14:29:55,863 [EventQueue-ContainerReportForContainerReportHandler] WARN  container.ContainerReportHandler (AbstractContainerReportHandler.java:updateContainerState(145)) - Container #1 is in OPEN state, but the datanode 4fbf6b7a-b21a-4ba4-99d8-46c6f2467a6f{ip: 192.168.69.108, host: pr-hdds-2347-txrx8-1920290359, networkLocation: /default-rack, certSerialId: null} reports an CLOSED replica.
2019-10-24 14:29:56,117 [EventQueue-ContainerReportForContainerReportHandler] WARN  container.ContainerReportHandler (AbstractContainerReportHandler.java:updateContainerState(145)) - Container #1 is in OPEN state, but the datanode 42dc87bf-e32b-4dd2-9e00-10549665eb60{ip: 192.168.69.108, host: pr-hdds-2347-txrx8-1920290359, networkLocation: /default-rack, certSerialId: null} reports an CLOSED replica.
2019-10-24 14:29:56,131 [BlockDeletingService#0] WARN  background.BlockDeletingService (BlockDeletingService.java:isDeletionAllowed(187)) - Close Container log Index 6 is not replicated across allthe servers in the pipeline 237507d0-e2cf-4ea3-94d9-dca73b360714 as the min replicated index is 4. Deletion is not allowed in this container yet.
2019-10-24 14:29:56,131 [BlockDeletingService#2] WARN  background.BlockDeletingService (BlockDeletingService.java:isDeletionAllowed(187)) - Close Container log Index 6 is not replicated across allthe servers in the pipeline 237507d0-e2cf-4ea3-94d9-dca73b360714 as the min replicated index is 4. Deletion is not allowed in this container yet.
2019-10-24 14:29:56,264 [EventQueue-ContainerReportForContainerReportHandler] WARN  container.ContainerReportHandler (AbstractContainerReportHandler.java:updateContainerState(145)) - Container #1 is in OPEN state, but the datanode 4fbf6b7a-b21a-4ba4-99d8-46c6f2467a6f{ip: 192.168.69.108, host: pr-hdds-2347-txrx8-1920290359, networkLocation: /default-rack, certSerialId: null} reports an CLOSED replica.
2019-10-24 14:29:56,417 [EventQueue-ContainerReportForContainerReportHandler] WARN  container.ContainerReportHandler (AbstractContainerReportHandler.java:updateContainerState(145)) - Container #1 is in OPEN state, but the datanode 42dc87bf-e32b-4dd2-9e00-10549665eb60{ip: 192.168.69.108, host: pr-hdds-2347-txrx8-1920290359, networkLocation: /default-rack, certSerialId: null} reports an CLOSED replica.
2019-10-24 14:29:56,464 [EventQueue-ContainerReportForContainerReportHandler] WARN  container.ContainerReportHandler (AbstractContainerReportHandler.java:updateContainerState(145)) - Container #1 is in OPEN state, but the datanode 4fbf6b7a-b21a-4ba4-99d8-46c6f2467a6f{ip: 192.168.69.108, host: pr-hdds-2347-txrx8-1920290359, networkLocation: /default-rack, certSerialId: null} reports an CLOSED replica.
2019-10-24 14:29:56,718 [EventQueue-ContainerReportForContainerReportHandler] WARN  container.ContainerReportHandler (AbstractContainerReportHandler.java:updateContainerState(145)) - Container #1 is in OPEN state, but the datanode 42dc87bf-e32b-4dd2-9e00-10549665eb60{ip: 192.168.69.108, host: pr-hdds-2347-txrx8-1920290359, networkLocation: /default-rack, certSerialId: null} reports an CLOSED replica.
2019-10-24 14:29:56,764 [EventQueue-ContainerReportForContainerReportHandler] WARN  container.ContainerReportHandler (AbstractContainerReportHandler.java:updateContainerState(145)) - Container #1 is in OPEN state, but the datanode 4fbf6b7a-b21a-4ba4-99d8-46c6f2467a6f{ip: 192.168.69.108, host: pr-hdds-2347-txrx8-1920290359, networkLocation: /default-rack, certSerialId: null} reports an CLOSED replica.
2019-10-24 14:29:56,919 [EventQueue-ContainerReportForContainerReportHandler] WARN  container.ContainerReportHandler (AbstractContainerReportHandler.java:updateContainerState(145)) - Container #1 is in OPEN state, but the datanode 42dc87bf-e32b-4dd2-9e00-10549665eb60{ip: 192.168.69.108, host: pr-hdds-2347-txrx8-1920290359, networkLocation: /default-rack, certSerialId: null} reports an CLOSED replica.
2019-10-24 14:29:57,064 [EventQueue-ContainerReportForContainerReportHandler] WARN  container.ContainerReportHandler (AbstractContainerReportHandler.java:updateContainerState(145)) - Container #1 is in OPEN state, but the datanode 4fbf6b7a-b21a-4ba4-99d8-46c6f2467a6f{ip: 192.168.69.108, host: pr-hdds-2347-txrx8-1920290359, networkLocation: /default-rack, certSerialId: null} reports an CLOSED replica.
2019-10-24 14:29:57,068 [java.util.concurrent.ThreadPoolExecutor$Worker@713a7292[State = -1, empty queue]] WARN  server.GrpcLogAppender (GrpcLogAppender.java:timeoutAppendRequest(209)) - 42dc87bf-e32b-4dd2-9e00-10549665eb60@group-DCA73B360714->e72563ba-91b4-4473-a773-2e1c57d3b28f-GrpcLogAppender: appendEntries Timeout, request=42dc87bf-e32b-4dd2-9e00-10549665eb60->e72563ba-91b4-4473-a773-2e1c57d3b28f#37-t1, previous=(t:1, i:10), leaderCommit=10, initializing? false, entries: <empty>
2019-10-24 14:29:57,133 [BlockDeletingService#2] WARN  background.BlockDeletingService (BlockDeletingService.java:isDeletionAllowed(187)) - Close Container log Index 6 is not replicated across allthe servers in the pipeline 237507d0-e2cf-4ea3-94d9-dca73b360714 as the min replicated index is 4. Deletion is not allowed in this container yet.
2019-10-24 14:29:57,133 [BlockDeletingService#0] WARN  background.BlockDeletingService (BlockDeletingService.java:isDeletionAllowed(187)) - Close Container log Index 6 is not replicated across allthe servers in the pipeline 237507d0-e2cf-4ea3-94d9-dca73b360714 as the min replicated index is 4. Deletion is not allowed in this container yet.
2019-10-24 14:29:57,219 [EventQueue-ContainerReportForContainerReportHandler] WARN  container.ContainerReportHandler (AbstractContainerReportHandler.java:updateContainerState(145)) - Container #1 is in OPEN state, but the datanode 42dc87bf-e32b-4dd2-9e00-10549665eb60{ip: 192.168.69.108, host: pr-hdds-2347-txrx8-1920290359, networkLocation: /default-rack, certSerialId: null} reports an CLOSED replica.
2019-10-24 14:29:57,264 [EventQueue-ContainerReportForContainerReportHandler] WARN  container.ContainerReportHandler (AbstractContainerReportHandler.java:updateContainerState(145)) - Container #1 is in OPEN state, but the datanode 4fbf6b7a-b21a-4ba4-99d8-46c6f2467a6f{ip: 192.168.69.108, host: pr-hdds-2347-txrx8-1920290359, networkLocation: /default-rack, certSerialId: null} reports an CLOSED replica.
2019-10-24 14:29:57,418 [EventQueue-ContainerReportForContainerReportHandler] WARN  container.ContainerReportHandler (AbstractContainerReportHandler.java:updateContainerState(145)) - Container #1 is in OPEN state, but the datanode 42dc87bf-e32b-4dd2-9e00-10549665eb60{ip: 192.168.69.108, host: pr-hdds-2347-txrx8-1920290359, networkLocation: /default-rack, certSerialId: null} reports an CLOSED replica.
2019-10-24 14:29:57,564 [EventQueue-ContainerReportForContainerReportHandler] WARN  container.ContainerReportHandler (AbstractContainerReportHandler.java:updateContainerState(145)) - Container #1 is in OPEN state, but the datanode 4fbf6b7a-b21a-4ba4-99d8-46c6f2467a6f{ip: 192.168.69.108, host: pr-hdds-2347-txrx8-1920290359, networkLocation: /default-rack, certSerialId: null} reports an CLOSED replica.
2019-10-24 14:29:57,718 [EventQueue-ContainerReportForContainerReportHandler] WARN  container.ContainerReportHandler (AbstractContainerReportHandler.java:updateContainerState(145)) - Container #1 is in OPEN state, but the datanode 42dc87bf-e32b-4dd2-9e00-10549665eb60{ip: 192.168.69.108, host: pr-hdds-2347-txrx8-1920290359, networkLocation: /default-rack, certSerialId: null} reports an CLOSED replica.
2019-10-24 14:29:57,865 [EventQueue-ContainerReportForContainerReportHandler] WARN  container.ContainerReportHandler (AbstractContainerReportHandler.java:updateContainerState(145)) - Container #1 is in OPEN state, but the datanode 4fbf6b7a-b21a-4ba4-99d8-46c6f2467a6f{ip: 192.168.69.108, host: pr-hdds-2347-txrx8-1920290359, networkLocation: /default-rack, certSerialId: null} reports an CLOSED replica.
2019-10-24 14:29:57,919 [EventQueue-ContainerReportForContainerReportHandler] WARN  container.ContainerReportHandler (AbstractContainerReportHandler.java:updateContainerState(145)) - Container #1 is in OPEN state, but the datanode 42dc87bf-e32b-4dd2-9e00-10549665eb60{ip: 192.168.69.108, host: pr-hdds-2347-txrx8-1920290359, networkLocation: /default-rack, certSerialId: null} reports an CLOSED replica.
2019-10-24 14:29:58,135 [BlockDeletingService#2] WARN  background.BlockDeletingService (BlockDeletingService.java:isDeletionAllowed(187)) - Close Container log Index 6 is not replicated across allthe servers in the pipeline 237507d0-e2cf-4ea3-94d9-dca73b360714 as the min replicated index is 4. Deletion is not allowed in this container yet.
2019-10-24 14:29:58,135 [BlockDeletingService#0] WARN  background.BlockDeletingService (BlockDeletingService.java:isDeletionAllowed(187)) - Close Container log Index 6 is not replicated across allthe servers in the pipeline 237507d0-e2cf-4ea3-94d9-dca73b360714 as the min replicated index is 4. Deletion is not allowed in this container yet.
2019-10-24 14:29:58,218 [EventQueue-ContainerReportForContainerReportHandler] WARN  container.ContainerReportHandler (AbstractContainerReportHandler.java:updateContainerState(145)) - Container #1 is in OPEN state, but the datanode 42dc87bf-e32b-4dd2-9e00-10549665eb60{ip: 192.168.69.108, host: pr-hdds-2347-txrx8-1920290359, networkLocation: /default-rack, certSerialId: null} reports an CLOSED replica.
2019-10-24 14:29:58,265 [EventQueue-ContainerReportForContainerReportHandler] WARN  container.ContainerReportHandler (AbstractContainerReportHandler.java:updateContainerState(145)) - Container #1 is in OPEN state, but the datanode 4fbf6b7a-b21a-4ba4-99d8-46c6f2467a6f{ip: 192.168.69.108, host: pr-hdds-2347-txrx8-1920290359, networkLocation: /default-rack, certSerialId: null} reports an CLOSED replica.
2019-10-24 14:29:58,518 [EventQueue-ContainerReportForContainerReportHandler] WARN  container.ContainerReportHandler (AbstractContainerReportHandler.java:updateContainerState(145)) - Container #1 is in OPEN state, but the datanode 42dc87bf-e32b-4dd2-9e00-10549665eb60{ip: 192.168.69.108, host: pr-hdds-2347-txrx8-1920290359, networkLocation: /default-rack, certSerialId: null} reports an CLOSED replica.
2019-10-24 14:29:58,565 [EventQueue-ContainerReportForContainerReportHandler] WARN  container.ContainerReportHandler (AbstractContainerReportHandler.java:updateContainerState(145)) - Container #1 is in OPEN state, but the datanode 4fbf6b7a-b21a-4ba4-99d8-46c6f2467a6f{ip: 192.168.69.108, host: pr-hdds-2347-txrx8-1920290359, networkLocation: /default-rack, certSerialId: null} reports an CLOSED replica.
2019-10-24 14:29:58,818 [EventQueue-ContainerReportForContainerReportHandler] WARN  container.ContainerReportHandler (AbstractContainerReportHandler.java:updateContainerState(145)) - Container #1 is in OPEN state, but the datanode 42dc87bf-e32b-4dd2-9e00-10549665eb60{ip: 192.168.69.108, host: pr-hdds-2347-txrx8-1920290359, networkLocation: /default-rack, certSerialId: null} reports an CLOSED replica.
2019-10-24 14:29:58,966 [EventQueue-ContainerReportForContainerReportHandler] WARN  container.ContainerReportHandler (AbstractContainerReportHandler.java:updateContainerState(145)) - Container #1 is in OPEN state, but the datanode 4fbf6b7a-b21a-4ba4-99d8-46c6f2467a6f{ip: 192.168.69.108, host: pr-hdds-2347-txrx8-1920290359, networkLocation: /default-rack, certSerialId: null} reports an CLOSED replica.
2019-10-24 14:29:59,119 [EventQueue-ContainerReportForContainerReportHandler] WARN  container.ContainerReportHandler (AbstractContainerReportHandler.java:updateContainerState(145)) - Container #1 is in OPEN state, but the datanode 42dc87bf-e32b-4dd2-9e00-10549665eb60{ip: 192.168.69.108, host: pr-hdds-2347-txrx8-1920290359, networkLocation: /default-rack, certSerialId: null} reports an CLOSED replica.
2019-10-24 14:29:59,137 [BlockDeletingService#2] WARN  background.BlockDeletingService (BlockDeletingService.java:isDeletionAllowed(187)) - Close Container log Index 6 is not replicated across allthe servers in the pipeline 237507d0-e2cf-4ea3-94d9-dca73b360714 as the min replicated index is 4. Deletion is not allowed in this container yet.
2019-10-24 14:29:59,137 [BlockDeletingService#0] WARN  background.BlockDeletingService (BlockDeletingService.java:isDeletionAllowed(187)) - Close Container log Index 6 is not replicated across allthe servers in the pipeline 237507d0-e2cf-4ea3-94d9-dca73b360714 as the min replicated index is 4. Deletion is not allowed in this container yet.
2019-10-24 14:29:59,267 [EventQueue-ContainerReportForContainerReportHandler] WARN  container.ContainerReportHandler (AbstractContainerReportHandler.java:updateContainerState(145)) - Container #1 is in OPEN state, but the datanode 4fbf6b7a-b21a-4ba4-99d8-46c6f2467a6f{ip: 192.168.69.108, host: pr-hdds-2347-txrx8-1920290359, networkLocation: /default-rack, certSerialId: null} reports an CLOSED replica.
2019-10-24 14:29:59,418 [EventQueue-ContainerReportForContainerReportHandler] WARN  container.ContainerReportHandler (AbstractContainerReportHandler.java:updateContainerState(145)) - Container #1 is in OPEN state, but the datanode 42dc87bf-e32b-4dd2-9e00-10549665eb60{ip: 192.168.69.108, host: pr-hdds-2347-txrx8-1920290359, networkLocation: /default-rack, certSerialId: null} reports an CLOSED replica.
2019-10-24 14:29:59,467 [EventQueue-ContainerReportForContainerReportHandler] WARN  container.ContainerReportHandler (AbstractContainerReportHandler.java:updateContainerState(145)) - Container #1 is in OPEN state, but the datanode 4fbf6b7a-b21a-4ba4-99d8-46c6f2467a6f{ip: 192.168.69.108, host: pr-hdds-2347-txrx8-1920290359, networkLocation: /default-rack, certSerialId: null} reports an CLOSED replica.
2019-10-24 14:29:59,571 [java.util.concurrent.ThreadPoolExecutor$Worker@713a7292[State = -1, empty queue]] WARN  server.GrpcLogAppender (GrpcLogAppender.java:timeoutAppendRequest(209)) - 42dc87bf-e32b-4dd2-9e00-10549665eb60@group-DCA73B360714->e72563ba-91b4-4473-a773-2e1c57d3b28f-GrpcLogAppender: appendEntries Timeout, request=42dc87bf-e32b-4dd2-9e00-10549665eb60->e72563ba-91b4-4473-a773-2e1c57d3b28f#38-t1, previous=(t:1, i:10), leaderCommit=10, initializing? false, entries: <empty>
2019-10-24 14:29:59,667 [EventQueue-ContainerReportForContainerReportHandler] WARN  container.ContainerReportHandler (AbstractContainerReportHandler.java:updateContainerState(145)) - Container #1 is in OPEN state, but the datanode 4fbf6b7a-b21a-4ba4-99d8-46c6f2467a6f{ip: 192.168.69.108, host: pr-hdds-2347-txrx8-1920290359, networkLocation: /default-rack, certSerialId: null} reports an CLOSED replica.
2019-10-24 14:29:59,719 [EventQueue-ContainerReportForContainerReportHandler] WARN  container.ContainerReportHandler (AbstractContainerReportHandler.java:updateContainerState(145)) - Container #1 is in OPEN state, but the datanode 42dc87bf-e32b-4dd2-9e00-10549665eb60{ip: 192.168.69.108, host: pr-hdds-2347-txrx8-1920290359, networkLocation: /default-rack, certSerialId: null} reports an CLOSED replica.
2019-10-24 14:30:00,068 [EventQueue-ContainerReportForContainerReportHandler] WARN  container.ContainerReportHandler (AbstractContainerReportHandler.java:updateContainerState(145)) - Container #1 is in OPEN state, but the datanode 4fbf6b7a-b21a-4ba4-99d8-46c6f2467a6f{ip: 192.168.69.108, host: pr-hdds-2347-txrx8-1920290359, networkLocation: /default-rack, certSerialId: null} reports an CLOSED replica.
2019-10-24 14:30:00,121 [EventQueue-ContainerReportForContainerReportHandler] WARN  container.ContainerReportHandler (AbstractContainerReportHandler.java:updateContainerState(145)) - Container #1 is in OPEN state, but the datanode 42dc87bf-e32b-4dd2-9e00-10549665eb60{ip: 192.168.69.108, host: pr-hdds-2347-txrx8-1920290359, networkLocation: /default-rack, certSerialId: null} reports an CLOSED replica.
2019-10-24 14:30:00,139 [BlockDeletingService#0] WARN  background.BlockDeletingService (BlockDeletingService.java:isDeletionAllowed(187)) - Close Container log Index 6 is not replicated across allthe servers in the pipeline 237507d0-e2cf-4ea3-94d9-dca73b360714 as the min replicated index is 4. Deletion is not allowed in this container yet.
2019-10-24 14:30:00,139 [BlockDeletingService#2] WARN  background.BlockDeletingService (BlockDeletingService.java:isDeletionAllowed(187)) - Close Container log Index 6 is not replicated across allthe servers in the pipeline 237507d0-e2cf-4ea3-94d9-dca73b360714 as the min replicated index is 4. Deletion is not allowed in this container yet.
2019-10-24 14:30:00,220 [Thread-433] INFO  client.GrpcClientProtocolService (GrpcClientProtocolService.java:lambda$processClientRequest$0(279)) - Failed RaftClientRequest:client-6194C1F728FC->4fbf6b7a-b21a-4ba4-99d8-46c6f2467a6f@group-DCA73B360714, cid=10, seq=0, Watch-ALL_COMMITTED(6), Message:<EMPTY>, reply=RaftClientReply:client-6194C1F728FC->4fbf6b7a-b21a-4ba4-99d8-46c6f2467a6f@group-DCA73B360714, cid=10, FAILED org.apache.ratis.protocol.NotLeaderException: Server 4fbf6b7a-b21a-4ba4-99d8-46c6f2467a6f@group-DCA73B360714 is not the leader 42dc87bf-e32b-4dd2-9e00-10549665eb60:192.168.69.108:40840, logIndex=0, commits[4fbf6b7a-b21a-4ba4-99d8-46c6f2467a6f:c10, e72563ba-91b4-4473-a773-2e1c57d3b28f:c4, 42dc87bf-e32b-4dd2-9e00-10549665eb60:c10]
2019-10-24 14:30:00,322 [EventQueue-ContainerReportForContainerReportHandler] WARN  container.ContainerReportHandler (AbstractContainerReportHandler.java:updateContainerState(145)) - Container #1 is in OPEN state, but the datanode 42dc87bf-e32b-4dd2-9e00-10549665eb60{ip: 192.168.69.108, host: pr-hdds-2347-txrx8-1920290359, networkLocation: /default-rack, certSerialId: null} reports an CLOSED replica.
2019-10-24 14:30:00,468 [EventQueue-ContainerReportForContainerReportHandler] WARN  container.ContainerReportHandler (AbstractContainerReportHandler.java:updateContainerState(145)) - Container #1 is in OPEN state, but the datanode 4fbf6b7a-b21a-4ba4-99d8-46c6f2467a6f{ip: 192.168.69.108, host: pr-hdds-2347-txrx8-1920290359, networkLocation: /default-rack, certSerialId: null} reports an CLOSED replica.
2019-10-24 14:30:00,523 [EventQueue-ContainerReportForContainerReportHandler] WARN  container.ContainerReportHandler (AbstractContainerReportHandler.java:updateContainerState(145)) - Container #1 is in OPEN state, but the datanode 42dc87bf-e32b-4dd2-9e00-10549665eb60{ip: 192.168.69.108, host: pr-hdds-2347-txrx8-1920290359, networkLocation: /default-rack, certSerialId: null} reports an CLOSED replica.
2019-10-24 14:30:00,768 [EventQueue-ContainerReportForContainerReportHandler] WARN  container.ContainerReportHandler (AbstractContainerReportHandler.java:updateContainerState(145)) - Container #1 is in OPEN state, but the datanode 4fbf6b7a-b21a-4ba4-99d8-46c6f2467a6f{ip: 192.168.69.108, host: pr-hdds-2347-txrx8-1920290359, networkLocation: /default-rack, certSerialId: null} reports an CLOSED replica.
2019-10-24 14:30:00,885 [Thread-436] INFO  client.GrpcClientProtocolService (GrpcClientProtocolService.java:lambda$processClientRequest$0(279)) - Failed RaftClientRequest:client-6194C1F728FC->42dc87bf-e32b-4dd2-9e00-10549665eb60@group-DCA73B360714, cid=10, seq=0, Watch-ALL_COMMITTED(6), Message:<EMPTY>, reply=RaftClientReply:client-6194C1F728FC->42dc87bf-e32b-4dd2-9e00-10549665eb60@group-DCA73B360714, cid=10, FAILED org.apache.ratis.protocol.NotReplicatedException: Request with call Id 10 and log index 6 is not yet replicated to ALL_COMMITTED, logIndex=6, commits[42dc87bf-e32b-4dd2-9e00-10549665eb60:c10, e72563ba-91b4-4473-a773-2e1c57d3b28f:c4, 4fbf6b7a-b21a-4ba4-99d8-46c6f2467a6f:c10]
2019-10-24 14:30:00,923 [EventQueue-ContainerReportForContainerReportHandler] WARN  container.ContainerReportHandler (AbstractContainerReportHandler.java:updateContainerState(145)) - Container #1 is in OPEN state, but the datanode 42dc87bf-e32b-4dd2-9e00-10549665eb60{ip: 192.168.69.108, host: pr-hdds-2347-txrx8-1920290359, networkLocation: /default-rack, certSerialId: null} reports an CLOSED replica.
2019-10-24 14:30:00,968 [EventQueue-ContainerReportForContainerReportHandler] WARN  container.ContainerReportHandler (AbstractContainerReportHandler.java:updateContainerState(145)) - Container #1 is in OPEN state, but the datanode 4fbf6b7a-b21a-4ba4-99d8-46c6f2467a6f{ip: 192.168.69.108, host: pr-hdds-2347-txrx8-1920290359, networkLocation: /default-rack, certSerialId: null} reports an CLOSED replica.
2019-10-24 14:30:01,141 [BlockDeletingService#0] WARN  background.BlockDeletingService (BlockDeletingService.java:isDeletionAllowed(187)) - Close Container log Index 6 is not replicated across allthe servers in the pipeline 237507d0-e2cf-4ea3-94d9-dca73b360714 as the min replicated index is 4. Deletion is not allowed in this container yet.
2019-10-24 14:30:01,141 [BlockDeletingService#2] WARN  background.BlockDeletingService (BlockDeletingService.java:isDeletionAllowed(187)) - Close Container log Index 6 is not replicated across allthe servers in the pipeline 237507d0-e2cf-4ea3-94d9-dca73b360714 as the min replicated index is 4. Deletion is not allowed in this container yet.
2019-10-24 14:30:01,223 [EventQueue-ContainerReportForContainerReportHandler] WARN  container.ContainerReportHandler (AbstractContainerReportHandler.java:updateContainerState(145)) - Container #1 is in OPEN state, but the datanode 42dc87bf-e32b-4dd2-9e00-10549665eb60{ip: 192.168.69.108, host: pr-hdds-2347-txrx8-1920290359, networkLocation: /default-rack, certSerialId: null} reports an CLOSED replica.
2019-10-24 14:30:01,269 [EventQueue-ContainerReportForContainerReportHandler] WARN  container.ContainerReportHandler (AbstractContainerReportHandler.java:updateContainerState(145)) - Container #1 is in OPEN state, but the datanode 4fbf6b7a-b21a-4ba4-99d8-46c6f2467a6f{ip: 192.168.69.108, host: pr-hdds-2347-txrx8-1920290359, networkLocation: /default-rack, certSerialId: null} reports an CLOSED replica.
2019-10-24 14:30:01,524 [EventQueue-ContainerReportForContainerReportHandler] WARN  container.ContainerReportHandler (AbstractContainerReportHandler.java:updateContainerState(145)) - Container #1 is in OPEN state, but the datanode 42dc87bf-e32b-4dd2-9e00-10549665eb60{ip: 192.168.69.108, host: pr-hdds-2347-txrx8-1920290359, networkLocation: /default-rack, certSerialId: null} reports an CLOSED replica.
2019-10-24 14:30:01,668 [EventQueue-ContainerReportForContainerReportHandler] WARN  container.ContainerReportHandler (AbstractContainerReportHandler.java:updateContainerState(145)) - Container #1 is in OPEN state, but the datanode 4fbf6b7a-b21a-4ba4-99d8-46c6f2467a6f{ip: 192.168.69.108, host: pr-hdds-2347-txrx8-1920290359, networkLocation: /default-rack, certSerialId: null} reports an CLOSED replica.
2019-10-24 14:30:01,724 [EventQueue-ContainerReportForContainerReportHandler] WARN  container.ContainerReportHandler (AbstractContainerReportHandler.java:updateContainerState(145)) - Container #1 is in OPEN state, but the datanode 42dc87bf-e32b-4dd2-9e00-10549665eb60{ip: 192.168.69.108, host: pr-hdds-2347-txrx8-1920290359, networkLocation: /default-rack, certSerialId: null} reports an CLOSED replica.
2019-10-24 14:30:01,925 [EventQueue-ContainerReportForContainerReportHandler] WARN  container.ContainerReportHandler (AbstractContainerReportHandler.java:updateContainerState(145)) - Container #1 is in OPEN state, but the datanode 42dc87bf-e32b-4dd2-9e00-10549665eb60{ip: 192.168.69.108, host: pr-hdds-2347-txrx8-1920290359, networkLocation: /default-rack, certSerialId: null} reports an CLOSED replica.
2019-10-24 14:30:01,969 [EventQueue-ContainerReportForContainerReportHandler] WARN  container.ContainerReportHandler (AbstractContainerReportHandler.java:updateContainerState(145)) - Container #1 is in OPEN state, but the datanode 4fbf6b7a-b21a-4ba4-99d8-46c6f2467a6f{ip: 192.168.69.108, host: pr-hdds-2347-txrx8-1920290359, networkLocation: /default-rack, certSerialId: null} reports an CLOSED replica.
2019-10-24 14:30:02,072 [java.util.concurrent.ThreadPoolExecutor$Worker@713a7292[State = -1, empty queue]] WARN  server.GrpcLogAppender (GrpcLogAppender.java:timeoutAppendRequest(209)) - 42dc87bf-e32b-4dd2-9e00-10549665eb60@group-DCA73B360714->e72563ba-91b4-4473-a773-2e1c57d3b28f-GrpcLogAppender: appendEntries Timeout, request=42dc87bf-e32b-4dd2-9e00-10549665eb60->e72563ba-91b4-4473-a773-2e1c57d3b28f#39-t1, previous=(t:1, i:10), leaderCommit=10, initializing? false, entries: <empty>
2019-10-24 14:30:02,149 [BlockDeletingService#0] WARN  background.BlockDeletingService (BlockDeletingService.java:isDeletionAllowed(187)) - Close Container log Index 6 is not replicated across allthe servers in the pipeline 237507d0-e2cf-4ea3-94d9-dca73b360714 as the min replicated index is 4. Deletion is not allowed in this container yet.
2019-10-24 14:30:02,149 [BlockDeletingService#2] WARN  background.BlockDeletingService (BlockDeletingService.java:isDeletionAllowed(187)) - Close Container log Index 6 is not replicated across allthe servers in the pipeline 237507d0-e2cf-4ea3-94d9-dca73b360714 as the min replicated index is 4. Deletion is not allowed in this container yet.
2019-10-24 14:30:02,169 [EventQueue-ContainerReportForContainerReportHandler] WARN  container.ContainerReportHandler (AbstractContainerReportHandler.java:updateContainerState(145)) - Container #1 is in OPEN state, but the datanode 4fbf6b7a-b21a-4ba4-99d8-46c6f2467a6f{ip: 192.168.69.108, host: pr-hdds-2347-txrx8-1920290359, networkLocation: /default-rack, certSerialId: null} reports an CLOSED replica.
2019-10-24 14:30:02,325 [EventQueue-ContainerReportForContainerReportHandler] WARN  container.ContainerReportHandler (AbstractContainerReportHandler.java:updateContainerState(145)) - Container #1 is in OPEN state, but the datanode 42dc87bf-e32b-4dd2-9e00-10549665eb60{ip: 192.168.69.108, host: pr-hdds-2347-txrx8-1920290359, networkLocation: /default-rack, certSerialId: null} reports an CLOSED replica.
2019-10-24 14:30:02,471 [EventQueue-ContainerReportForContainerReportHandler] WARN  container.ContainerReportHandler (AbstractContainerReportHandler.java:updateContainerState(145)) - Container #1 is in OPEN state, but the datanode 4fbf6b7a-b21a-4ba4-99d8-46c6f2467a6f{ip: 192.168.69.108, host: pr-hdds-2347-txrx8-1920290359, networkLocation: /default-rack, certSerialId: null} reports an CLOSED replica.
2019-10-24 14:30:02,725 [EventQueue-ContainerReportForContainerReportHandler] WARN  container.ContainerReportHandler (AbstractContainerReportHandler.java:updateContainerState(145)) - Container #1 is in OPEN state, but the datanode 42dc87bf-e32b-4dd2-9e00-10549665eb60{ip: 192.168.69.108, host: pr-hdds-2347-txrx8-1920290359, networkLocation: /default-rack, certSerialId: null} reports an CLOSED replica.
2019-10-24 14:30:02,773 [EventQueue-ContainerReportForContainerReportHandler] WARN  container.ContainerReportHandler (AbstractContainerReportHandler.java:updateContainerState(145)) - Container #1 is in OPEN state, but the datanode 4fbf6b7a-b21a-4ba4-99d8-46c6f2467a6f{ip: 192.168.69.108, host: pr-hdds-2347-txrx8-1920290359, networkLocation: /default-rack, certSerialId: null} reports an CLOSED replica.
2019-10-24 14:30:02,925 [EventQueue-ContainerReportForContainerReportHandler] WARN  container.ContainerReportHandler (AbstractContainerReportHandler.java:updateContainerState(145)) - Container #1 is in OPEN state, but the datanode 42dc87bf-e32b-4dd2-9e00-10549665eb60{ip: 192.168.69.108, host: pr-hdds-2347-txrx8-1920290359, networkLocation: /default-rack, certSerialId: null} reports an CLOSED replica.
2019-10-24 14:30:03,073 [EventQueue-ContainerReportForContainerReportHandler] WARN  container.ContainerReportHandler (AbstractContainerReportHandler.java:updateContainerState(145)) - Container #1 is in OPEN state, but the datanode 4fbf6b7a-b21a-4ba4-99d8-46c6f2467a6f{ip: 192.168.69.108, host: pr-hdds-2347-txrx8-1920290359, networkLocation: /default-rack, certSerialId: null} reports an CLOSED replica.
2019-10-24 14:30:03,151 [BlockDeletingService#0] WARN  background.BlockDeletingService (BlockDeletingService.java:isDeletionAllowed(187)) - Close Container log Index 6 is not replicated across allthe servers in the pipeline 237507d0-e2cf-4ea3-94d9-dca73b360714 as the min replicated index is 4. Deletion is not allowed in this container yet.
2019-10-24 14:30:03,151 [BlockDeletingService#2] WARN  background.BlockDeletingService (BlockDeletingService.java:isDeletionAllowed(187)) - Close Container log Index 6 is not replicated across allthe servers in the pipeline 237507d0-e2cf-4ea3-94d9-dca73b360714 as the min replicated index is 4. Deletion is not allowed in this container yet.
2019-10-24 14:30:03,225 [EventQueue-ContainerReportForContainerReportHandler] WARN  container.ContainerReportHandler (AbstractContainerReportHandler.java:updateContainerState(145)) - Container #1 is in OPEN state, but the datanode 42dc87bf-e32b-4dd2-9e00-10549665eb60{ip: 192.168.69.108, host: pr-hdds-2347-txrx8-1920290359, networkLocation: /default-rack, certSerialId: null} reports an CLOSED replica.
2019-10-24 14:30:03,473 [EventQueue-ContainerReportForContainerReportHandler] WARN  container.ContainerReportHandler (AbstractContainerReportHandler.java:updateContainerState(145)) - Container #1 is in OPEN state, but the datanode 4fbf6b7a-b21a-4ba4-99d8-46c6f2467a6f{ip: 192.168.69.108, host: pr-hdds-2347-txrx8-1920290359, networkLocation: /default-rack, certSerialId: null} reports an CLOSED replica.
2019-10-24 14:30:03,525 [EventQueue-ContainerReportForContainerReportHandler] WARN  container.ContainerReportHandler (AbstractContainerReportHandler.java:updateContainerState(145)) - Container #1 is in OPEN state, but the datanode 42dc87bf-e32b-4dd2-9e00-10549665eb60{ip: 192.168.69.108, host: pr-hdds-2347-txrx8-1920290359, networkLocation: /default-rack, certSerialId: null} reports an CLOSED replica.
2019-10-24 14:30:03,673 [EventQueue-ContainerReportForContainerReportHandler] WARN  container.ContainerReportHandler (AbstractContainerReportHandler.java:updateContainerState(145)) - Container #1 is in OPEN state, but the datanode 4fbf6b7a-b21a-4ba4-99d8-46c6f2467a6f{ip: 192.168.69.108, host: pr-hdds-2347-txrx8-1920290359, networkLocation: /default-rack, certSerialId: null} reports an CLOSED replica.
2019-10-24 14:30:03,825 [EventQueue-ContainerReportForContainerReportHandler] WARN  container.ContainerReportHandler (AbstractContainerReportHandler.java:updateContainerState(145)) - Container #1 is in OPEN state, but the datanode 42dc87bf-e32b-4dd2-9e00-10549665eb60{ip: 192.168.69.108, host: pr-hdds-2347-txrx8-1920290359, networkLocation: /default-rack, certSerialId: null} reports an CLOSED replica.
2019-10-24 14:30:04,075 [EventQueue-ContainerReportForContainerReportHandler] WARN  container.ContainerReportHandler (AbstractContainerReportHandler.java:updateContainerState(145)) - Container #1 is in OPEN state, but the datanode 4fbf6b7a-b21a-4ba4-99d8-46c6f2467a6f{ip: 192.168.69.108, host: pr-hdds-2347-txrx8-1920290359, networkLocation: /default-rack, certSerialId: null} reports an CLOSED replica.
2019-10-24 14:30:04,125 [EventQueue-ContainerReportForContainerReportHandler] WARN  container.ContainerReportHandler (AbstractContainerReportHandler.java:updateContainerState(145)) - Container #1 is in OPEN state, but the datanode 42dc87bf-e32b-4dd2-9e00-10549665eb60{ip: 192.168.69.108, host: pr-hdds-2347-txrx8-1920290359, networkLocation: /default-rack, certSerialId: null} reports an CLOSED replica.
2019-10-24 14:30:04,153 [BlockDeletingService#2] WARN  background.BlockDeletingService (BlockDeletingService.java:isDeletionAllowed(187)) - Close Container log Index 6 is not replicated across allthe servers in the pipeline 237507d0-e2cf-4ea3-94d9-dca73b360714 as the min replicated index is 4. Deletion is not allowed in this container yet.
2019-10-24 14:30:04,153 [BlockDeletingService#0] WARN  background.BlockDeletingService (BlockDeletingService.java:isDeletionAllowed(187)) - Close Container log Index 6 is not replicated across allthe servers in the pipeline 237507d0-e2cf-4ea3-94d9-dca73b360714 as the min replicated index is 4. Deletion is not allowed in this container yet.
2019-10-24 14:30:04,375 [EventQueue-ContainerReportForContainerReportHandler] WARN  container.ContainerReportHandler (AbstractContainerReportHandler.java:updateContainerState(145)) - Container #1 is in OPEN state, but the datanode 4fbf6b7a-b21a-4ba4-99d8-46c6f2467a6f{ip: 192.168.69.108, host: pr-hdds-2347-txrx8-1920290359, networkLocation: /default-rack, certSerialId: null} reports an CLOSED replica.
2019-10-24 14:30:04,525 [EventQueue-ContainerReportForContainerReportHandler] WARN  container.ContainerReportHandler (AbstractContainerReportHandler.java:updateContainerState(145)) - Container #1 is in OPEN state, but the datanode 42dc87bf-e32b-4dd2-9e00-10549665eb60{ip: 192.168.69.108, host: pr-hdds-2347-txrx8-1920290359, networkLocation: /default-rack, certSerialId: null} reports an CLOSED replica.
2019-10-24 14:30:04,574 [java.util.concurrent.ThreadPoolExecutor$Worker@713a7292[State = -1, empty queue]] WARN  server.GrpcLogAppender (GrpcLogAppender.java:timeoutAppendRequest(209)) - 42dc87bf-e32b-4dd2-9e00-10549665eb60@group-DCA73B360714->e72563ba-91b4-4473-a773-2e1c57d3b28f-GrpcLogAppender: appendEntries Timeout, request=42dc87bf-e32b-4dd2-9e00-10549665eb60->e72563ba-91b4-4473-a773-2e1c57d3b28f#40-t1, previous=(t:1, i:10), leaderCommit=10, initializing? false, entries: <empty>
2019-10-24 14:30:04,575 [EventQueue-ContainerReportForContainerReportHandler] WARN  container.ContainerReportHandler (AbstractContainerReportHandler.java:updateContainerState(145)) - Container #1 is in OPEN state, but the datanode 4fbf6b7a-b21a-4ba4-99d8-46c6f2467a6f{ip: 192.168.69.108, host: pr-hdds-2347-txrx8-1920290359, networkLocation: /default-rack, certSerialId: null} reports an CLOSED replica.
2019-10-24 14:30:04,726 [EventQueue-ContainerReportForContainerReportHandler] WARN  container.ContainerReportHandler (AbstractContainerReportHandler.java:updateContainerState(145)) - Container #1 is in OPEN state, but the datanode 42dc87bf-e32b-4dd2-9e00-10549665eb60{ip: 192.168.69.108, host: pr-hdds-2347-txrx8-1920290359, networkLocation: /default-rack, certSerialId: null} reports an CLOSED replica.
2019-10-24 14:30:04,876 [EventQueue-ContainerReportForContainerReportHandler] WARN  container.ContainerReportHandler (AbstractContainerReportHandler.java:updateContainerState(145)) - Container #1 is in OPEN state, but the datanode 4fbf6b7a-b21a-4ba4-99d8-46c6f2467a6f{ip: 192.168.69.108, host: pr-hdds-2347-txrx8-1920290359, networkLocation: /default-rack, certSerialId: null} reports an CLOSED replica.
2019-10-24 14:30:05,025 [EventQueue-ContainerReportForContainerReportHandler] WARN  container.ContainerReportHandler (AbstractContainerReportHandler.java:updateContainerState(145)) - Container #1 is in OPEN state, but the datanode 42dc87bf-e32b-4dd2-9e00-10549665eb60{ip: 192.168.69.108, host: pr-hdds-2347-txrx8-1920290359, networkLocation: /default-rack, certSerialId: null} reports an CLOSED replica.
2019-10-24 14:30:05,156 [BlockDeletingService#0] WARN  background.BlockDeletingService (BlockDeletingService.java:isDeletionAllowed(187)) - Close Container log Index 6 is not replicated across allthe servers in the pipeline 237507d0-e2cf-4ea3-94d9-dca73b360714 as the min replicated index is 4. Deletion is not allowed in this container yet.
2019-10-24 14:30:05,156 [BlockDeletingService#2] WARN  background.BlockDeletingService (BlockDeletingService.java:isDeletionAllowed(187)) - Close Container log Index 6 is not replicated across allthe servers in the pipeline 237507d0-e2cf-4ea3-94d9-dca73b360714 as the min replicated index is 4. Deletion is not allowed in this container yet.
2019-10-24 14:30:05,175 [EventQueue-ContainerReportForContainerReportHandler] WARN  container.ContainerReportHandler (AbstractContainerReportHandler.java:updateContainerState(145)) - Container #1 is in OPEN state, but the datanode 4fbf6b7a-b21a-4ba4-99d8-46c6f2467a6f{ip: 192.168.69.108, host: pr-hdds-2347-txrx8-1920290359, networkLocation: /default-rack, certSerialId: null} reports an CLOSED replica.
2019-10-24 14:30:05,428 [EventQueue-ContainerReportForContainerReportHandler] WARN  container.ContainerReportHandler (AbstractContainerReportHandler.java:updateContainerState(145)) - Container #1 is in OPEN state, but the datanode 42dc87bf-e32b-4dd2-9e00-10549665eb60{ip: 192.168.69.108, host: pr-hdds-2347-txrx8-1920290359, networkLocation: /default-rack, certSerialId: null} reports an CLOSED replica.
2019-10-24 14:30:05,476 [EventQueue-ContainerReportForContainerReportHandler] WARN  container.ContainerReportHandler (AbstractContainerReportHandler.java:updateContainerState(145)) - Container #1 is in OPEN state, but the datanode 4fbf6b7a-b21a-4ba4-99d8-46c6f2467a6f{ip: 192.168.69.108, host: pr-hdds-2347-txrx8-1920290359, networkLocation: /default-rack, certSerialId: null} reports an CLOSED replica.
2019-10-24 14:30:05,729 [EventQueue-ContainerReportForContainerReportHandler] WARN  container.ContainerReportHandler (AbstractContainerReportHandler.java:updateContainerState(145)) - Container #1 is in OPEN state, but the datanode 42dc87bf-e32b-4dd2-9e00-10549665eb60{ip: 192.168.69.108, host: pr-hdds-2347-txrx8-1920290359, networkLocation: /default-rack, certSerialId: null} reports an CLOSED replica.
2019-10-24 14:30:05,876 [EventQueue-ContainerReportForContainerReportHandler] WARN  container.ContainerReportHandler (AbstractContainerReportHandler.java:updateContainerState(145)) - Container #1 is in OPEN state, but the datanode 4fbf6b7a-b21a-4ba4-99d8-46c6f2467a6f{ip: 192.168.69.108, host: pr-hdds-2347-txrx8-1920290359, networkLocation: /default-rack, certSerialId: null} reports an CLOSED replica.
2019-10-24 14:30:05,929 [EventQueue-ContainerReportForContainerReportHandler] WARN  container.ContainerReportHandler (AbstractContainerReportHandler.java:updateContainerState(145)) - Container #1 is in OPEN state, but the datanode 42dc87bf-e32b-4dd2-9e00-10549665eb60{ip: 192.168.69.108, host: pr-hdds-2347-txrx8-1920290359, networkLocation: /default-rack, certSerialId: null} reports an CLOSED replica.
2019-10-24 14:30:06,159 [BlockDeletingService#2] WARN  background.BlockDeletingService (BlockDeletingService.java:isDeletionAllowed(187)) - Close Container log Index 6 is not replicated across allthe servers in the pipeline 237507d0-e2cf-4ea3-94d9-dca73b360714 as the min replicated index is 4. Deletion is not allowed in this container yet.
2019-10-24 14:30:06,159 [BlockDeletingService#0] WARN  background.BlockDeletingService (BlockDeletingService.java:isDeletionAllowed(187)) - Close Container log Index 6 is not replicated across allthe servers in the pipeline 237507d0-e2cf-4ea3-94d9-dca73b360714 as the min replicated index is 4. Deletion is not allowed in this container yet.
2019-10-24 14:30:06,175 [EventQueue-ContainerReportForContainerReportHandler] WARN  container.ContainerReportHandler (AbstractContainerReportHandler.java:updateContainerState(145)) - Container #1 is in OPEN state, but the datanode 4fbf6b7a-b21a-4ba4-99d8-46c6f2467a6f{ip: 192.168.69.108, host: pr-hdds-2347-txrx8-1920290359, networkLocation: /default-rack, certSerialId: null} reports an CLOSED replica.
2019-10-24 14:30:06,230 [EventQueue-ContainerReportForContainerReportHandler] WARN  container.ContainerReportHandler (AbstractContainerReportHandler.java:updateContainerState(145)) - Container #1 is in OPEN state, but the datanode 42dc87bf-e32b-4dd2-9e00-10549665eb60{ip: 192.168.69.108, host: pr-hdds-2347-txrx8-1920290359, networkLocation: /default-rack, certSerialId: null} reports an CLOSED replica.
2019-10-24 14:30:06,575 [EventQueue-ContainerReportForContainerReportHandler] WARN  container.ContainerReportHandler (AbstractContainerReportHandler.java:updateContainerState(145)) - Container #1 is in OPEN state, but the datanode 4fbf6b7a-b21a-4ba4-99d8-46c6f2467a6f{ip: 192.168.69.108, host: pr-hdds-2347-txrx8-1920290359, networkLocation: /default-rack, certSerialId: null} reports an CLOSED replica.
2019-10-24 14:30:06,634 [EventQueue-ContainerReportForContainerReportHandler] WARN  container.ContainerReportHandler (AbstractContainerReportHandler.java:updateContainerState(145)) - Container #1 is in OPEN state, but the datanode 42dc87bf-e32b-4dd2-9e00-10549665eb60{ip: 192.168.69.108, host: pr-hdds-2347-txrx8-1920290359, networkLocation: /default-rack, certSerialId: null} reports an CLOSED replica.
2019-10-24 14:30:06,875 [EventQueue-ContainerReportForContainerReportHandler] WARN  container.ContainerReportHandler (AbstractContainerReportHandler.java:updateContainerState(145)) - Container #1 is in OPEN state, but the datanode 4fbf6b7a-b21a-4ba4-99d8-46c6f2467a6f{ip: 192.168.69.108, host: pr-hdds-2347-txrx8-1920290359, networkLocation: /default-rack, certSerialId: null} reports an CLOSED replica.
2019-10-24 14:30:06,935 [EventQueue-ContainerReportForContainerReportHandler] WARN  container.ContainerReportHandler (AbstractContainerReportHandler.java:updateContainerState(145)) - Container #1 is in OPEN state, but the datanode 42dc87bf-e32b-4dd2-9e00-10549665eb60{ip: 192.168.69.108, host: pr-hdds-2347-txrx8-1920290359, networkLocation: /default-rack, certSerialId: null} reports an CLOSED replica.
2019-10-24 14:30:07,076 [java.util.concurrent.ThreadPoolExecutor$Worker@713a7292[State = -1, empty queue]] WARN  server.GrpcLogAppender (GrpcLogAppender.java:timeoutAppendRequest(209)) - 42dc87bf-e32b-4dd2-9e00-10549665eb60@group-DCA73B360714->e72563ba-91b4-4473-a773-2e1c57d3b28f-GrpcLogAppender: appendEntries Timeout, request=42dc87bf-e32b-4dd2-9e00-10549665eb60->e72563ba-91b4-4473-a773-2e1c57d3b28f#41-t1, previous=(t:1, i:10), leaderCommit=10, initializing? false, entries: <empty>
2019-10-24 14:30:07,161 [BlockDeletingService#2] WARN  background.BlockDeletingService (BlockDeletingService.java:isDeletionAllowed(187)) - Close Container log Index 6 is not replicated across allthe servers in the pipeline 237507d0-e2cf-4ea3-94d9-dca73b360714 as the min replicated index is 4. Deletion is not allowed in this container yet.
2019-10-24 14:30:07,161 [BlockDeletingService#0] WARN  background.BlockDeletingService (BlockDeletingService.java:isDeletionAllowed(187)) - Close Container log Index 6 is not replicated across allthe servers in the pipeline 237507d0-e2cf-4ea3-94d9-dca73b360714 as the min replicated index is 4. Deletion is not allowed in this container yet.
2019-10-24 14:30:07,177 [EventQueue-ContainerReportForContainerReportHandler] WARN  container.ContainerReportHandler (AbstractContainerReportHandler.java:updateContainerState(145)) - Container #1 is in OPEN state, but the datanode 4fbf6b7a-b21a-4ba4-99d8-46c6f2467a6f{ip: 192.168.69.108, host: pr-hdds-2347-txrx8-1920290359, networkLocation: /default-rack, certSerialId: null} reports an CLOSED replica.
2019-10-24 14:30:07,335 [EventQueue-ContainerReportForContainerReportHandler] WARN  container.ContainerReportHandler (AbstractContainerReportHandler.java:updateContainerState(145)) - Container #1 is in OPEN state, but the datanode 42dc87bf-e32b-4dd2-9e00-10549665eb60{ip: 192.168.69.108, host: pr-hdds-2347-txrx8-1920290359, networkLocation: /default-rack, certSerialId: null} reports an CLOSED replica.
2019-10-24 14:30:07,479 [EventQueue-ContainerReportForContainerReportHandler] WARN  container.ContainerReportHandler (AbstractContainerReportHandler.java:updateContainerState(145)) - Container #1 is in OPEN state, but the datanode 4fbf6b7a-b21a-4ba4-99d8-46c6f2467a6f{ip: 192.168.69.108, host: pr-hdds-2347-txrx8-1920290359, networkLocation: /default-rack, certSerialId: null} reports an CLOSED replica.
2019-10-24 14:30:07,636 [EventQueue-ContainerReportForContainerReportHandler] WARN  container.ContainerReportHandler (AbstractContainerReportHandler.java:updateContainerState(145)) - Container #1 is in OPEN state, but the datanode 42dc87bf-e32b-4dd2-9e00-10549665eb60{ip: 192.168.69.108, host: pr-hdds-2347-txrx8-1920290359, networkLocation: /default-rack, certSerialId: null} reports an CLOSED replica.
2019-10-24 14:30:07,779 [EventQueue-ContainerReportForContainerReportHandler] WARN  container.ContainerReportHandler (AbstractContainerReportHandler.java:updateContainerState(145)) - Container #1 is in OPEN state, but the datanode 4fbf6b7a-b21a-4ba4-99d8-46c6f2467a6f{ip: 192.168.69.108, host: pr-hdds-2347-txrx8-1920290359, networkLocation: /default-rack, certSerialId: null} reports an CLOSED replica.
2019-10-24 14:30:07,936 [EventQueue-ContainerReportForContainerReportHandler] WARN  container.ContainerReportHandler (AbstractContainerReportHandler.java:updateContainerState(145)) - Container #1 is in OPEN state, but the datanode 42dc87bf-e32b-4dd2-9e00-10549665eb60{ip: 192.168.69.108, host: pr-hdds-2347-txrx8-1920290359, networkLocation: /default-rack, certSerialId: null} reports an CLOSED replica.
2019-10-24 14:30:08,079 [EventQueue-ContainerReportForContainerReportHandler] WARN  container.ContainerReportHandler (AbstractContainerReportHandler.java:updateContainerState(145)) - Container #1 is in OPEN state, but the datanode 4fbf6b7a-b21a-4ba4-99d8-46c6f2467a6f{ip: 192.168.69.108, host: pr-hdds-2347-txrx8-1920290359, networkLocation: /default-rack, certSerialId: null} reports an CLOSED replica.
2019-10-24 14:30:08,135 [EventQueue-ContainerReportForContainerReportHandler] WARN  container.ContainerReportHandler (AbstractContainerReportHandler.java:updateContainerState(145)) - Container #1 is in OPEN state, but the datanode 42dc87bf-e32b-4dd2-9e00-10549665eb60{ip: 192.168.69.108, host: pr-hdds-2347-txrx8-1920290359, networkLocation: /default-rack, certSerialId: null} reports an CLOSED replica.
2019-10-24 14:30:08,162 [BlockDeletingService#0] WARN  background.BlockDeletingService (BlockDeletingService.java:isDeletionAllowed(187)) - Close Container log Index 6 is not replicated across allthe servers in the pipeline 237507d0-e2cf-4ea3-94d9-dca73b360714 as the min replicated index is 4. Deletion is not allowed in this container yet.
2019-10-24 14:30:08,162 [BlockDeletingService#2] WARN  background.BlockDeletingService (BlockDeletingService.java:isDeletionAllowed(187)) - Close Container log Index 6 is not replicated across allthe servers in the pipeline 237507d0-e2cf-4ea3-94d9-dca73b360714 as the min replicated index is 4. Deletion is not allowed in this container yet.
2019-10-24 14:30:08,335 [EventQueue-ContainerReportForContainerReportHandler] WARN  container.ContainerReportHandler (AbstractContainerReportHandler.java:updateContainerState(145)) - Container #1 is in OPEN state, but the datanode 42dc87bf-e32b-4dd2-9e00-10549665eb60{ip: 192.168.69.108, host: pr-hdds-2347-txrx8-1920290359, networkLocation: /default-rack, certSerialId: null} reports an CLOSED replica.
2019-10-24 14:30:08,380 [EventQueue-ContainerReportForContainerReportHandler] WARN  container.ContainerReportHandler (AbstractContainerReportHandler.java:updateContainerState(145)) - Container #1 is in OPEN state, but the datanode 4fbf6b7a-b21a-4ba4-99d8-46c6f2467a6f{ip: 192.168.69.108, host: pr-hdds-2347-txrx8-1920290359, networkLocation: /default-rack, certSerialId: null} reports an CLOSED replica.
2019-10-24 14:30:08,635 [EventQueue-ContainerReportForContainerReportHandler] WARN  container.ContainerReportHandler (AbstractContainerReportHandler.java:updateContainerState(145)) - Container #1 is in OPEN state, but the datanode 42dc87bf-e32b-4dd2-9e00-10549665eb60{ip: 192.168.69.108, host: pr-hdds-2347-txrx8-1920290359, networkLocation: /default-rack, certSerialId: null} reports an CLOSED replica.
2019-10-24 14:30:08,680 [EventQueue-ContainerReportForContainerReportHandler] WARN  container.ContainerReportHandler (AbstractContainerReportHandler.java:updateContainerState(145)) - Container #1 is in OPEN state, but the datanode 4fbf6b7a-b21a-4ba4-99d8-46c6f2467a6f{ip: 192.168.69.108, host: pr-hdds-2347-txrx8-1920290359, networkLocation: /default-rack, certSerialId: null} reports an CLOSED replica.
2019-10-24 14:30:08,835 [EventQueue-ContainerReportForContainerReportHandler] WARN  container.ContainerReportHandler (AbstractContainerReportHandler.java:updateContainerState(145)) - Container #1 is in OPEN state, but the datanode 42dc87bf-e32b-4dd2-9e00-10549665eb60{ip: 192.168.69.108, host: pr-hdds-2347-txrx8-1920290359, networkLocation: /default-rack, certSerialId: null} reports an CLOSED replica.
2019-10-24 14:30:08,980 [EventQueue-ContainerReportForContainerReportHandler] WARN  container.ContainerReportHandler (AbstractContainerReportHandler.java:updateContainerState(145)) - Container #1 is in OPEN state, but the datanode 4fbf6b7a-b21a-4ba4-99d8-46c6f2467a6f{ip: 192.168.69.108, host: pr-hdds-2347-txrx8-1920290359, networkLocation: /default-rack, certSerialId: null} reports an CLOSED replica.
2019-10-24 14:30:09,164 [BlockDeletingService#0] WARN  background.BlockDeletingService (BlockDeletingService.java:isDeletionAllowed(187)) - Close Container log Index 6 is not replicated across allthe servers in the pipeline 237507d0-e2cf-4ea3-94d9-dca73b360714 as the min replicated index is 4. Deletion is not allowed in this container yet.
2019-10-24 14:30:09,164 [BlockDeletingService#2] WARN  background.BlockDeletingService (BlockDeletingService.java:isDeletionAllowed(187)) - Close Container log Index 6 is not replicated across allthe servers in the pipeline 237507d0-e2cf-4ea3-94d9-dca73b360714 as the min replicated index is 4. Deletion is not allowed in this container yet.
2019-10-24 14:30:09,180 [EventQueue-ContainerReportForContainerReportHandler] WARN  container.ContainerReportHandler (AbstractContainerReportHandler.java:updateContainerState(145)) - Container #1 is in OPEN state, but the datanode 4fbf6b7a-b21a-4ba4-99d8-46c6f2467a6f{ip: 192.168.69.108, host: pr-hdds-2347-txrx8-1920290359, networkLocation: /default-rack, certSerialId: null} reports an CLOSED replica.
2019-10-24 14:30:09,235 [EventQueue-ContainerReportForContainerReportHandler] WARN  container.ContainerReportHandler (AbstractContainerReportHandler.java:updateContainerState(145)) - Container #1 is in OPEN state, but the datanode 42dc87bf-e32b-4dd2-9e00-10549665eb60{ip: 192.168.69.108, host: pr-hdds-2347-txrx8-1920290359, networkLocation: /default-rack, certSerialId: null} reports an CLOSED replica.
2019-10-24 14:30:09,577 [java.util.concurrent.ThreadPoolExecutor$Worker@713a7292[State = -1, empty queue]] WARN  server.GrpcLogAppender (GrpcLogAppender.java:timeoutAppendRequest(209)) - 42dc87bf-e32b-4dd2-9e00-10549665eb60@group-DCA73B360714->e72563ba-91b4-4473-a773-2e1c57d3b28f-GrpcLogAppender: appendEntries Timeout, request=42dc87bf-e32b-4dd2-9e00-10549665eb60->e72563ba-91b4-4473-a773-2e1c57d3b28f#42-t1, previous=(t:1, i:10), leaderCommit=10, initializing? false, entries: <empty>
2019-10-24 14:30:09,581 [EventQueue-ContainerReportForContainerReportHandler] WARN  container.ContainerReportHandler (AbstractContainerReportHandler.java:updateContainerState(145)) - Container #1 is in OPEN state, but the datanode 4fbf6b7a-b21a-4ba4-99d8-46c6f2467a6f{ip: 192.168.69.108, host: pr-hdds-2347-txrx8-1920290359, networkLocation: /default-rack, certSerialId: null} reports an CLOSED replica.
2019-10-24 14:30:09,637 [EventQueue-ContainerReportForContainerReportHandler] WARN  container.ContainerReportHandler (AbstractContainerReportHandler.java:updateContainerState(145)) - Container #1 is in OPEN state, but the datanode 42dc87bf-e32b-4dd2-9e00-10549665eb60{ip: 192.168.69.108, host: pr-hdds-2347-txrx8-1920290359, networkLocation: /default-rack, certSerialId: null} reports an CLOSED replica.
2019-10-24 14:30:09,937 [EventQueue-ContainerReportForContainerReportHandler] WARN  container.ContainerReportHandler (AbstractContainerReportHandler.java:updateContainerState(145)) - Container #1 is in OPEN state, but the datanode 42dc87bf-e32b-4dd2-9e00-10549665eb60{ip: 192.168.69.108, host: pr-hdds-2347-txrx8-1920290359, networkLocation: /default-rack, certSerialId: null} reports an CLOSED replica.
2019-10-24 14:30:09,980 [EventQueue-ContainerReportForContainerReportHandler] WARN  container.ContainerReportHandler (AbstractContainerReportHandler.java:updateContainerState(145)) - Container #1 is in OPEN state, but the datanode 4fbf6b7a-b21a-4ba4-99d8-46c6f2467a6f{ip: 192.168.69.108, host: pr-hdds-2347-txrx8-1920290359, networkLocation: /default-rack, certSerialId: null} reports an CLOSED replica.
2019-10-24 14:30:10,166 [BlockDeletingService#2] WARN  background.BlockDeletingService (BlockDeletingService.java:isDeletionAllowed(187)) - Close Container log Index 6 is not replicated across allthe servers in the pipeline 237507d0-e2cf-4ea3-94d9-dca73b360714 as the min replicated index is 4. Deletion is not allowed in this container yet.
2019-10-24 14:30:10,166 [BlockDeletingService#0] WARN  background.BlockDeletingService (BlockDeletingService.java:isDeletionAllowed(187)) - Close Container log Index 6 is not replicated across allthe servers in the pipeline 237507d0-e2cf-4ea3-94d9-dca73b360714 as the min replicated index is 4. Deletion is not allowed in this container yet.
2019-10-24 14:30:10,237 [EventQueue-ContainerReportForContainerReportHandler] WARN  container.ContainerReportHandler (AbstractContainerReportHandler.java:updateContainerState(145)) - Container #1 is in OPEN state, but the datanode 42dc87bf-e32b-4dd2-9e00-10549665eb60{ip: 192.168.69.108, host: pr-hdds-2347-txrx8-1920290359, networkLocation: /default-rack, certSerialId: null} reports an CLOSED replica.
2019-10-24 14:30:10,268 [Thread-465] INFO  client.GrpcClientProtocolService (GrpcClientProtocolService.java:lambda$processClientRequest$0(279)) - Failed RaftClientRequest:client-6194C1F728FC->4fbf6b7a-b21a-4ba4-99d8-46c6f2467a6f@group-DCA73B360714, cid=10, seq=0, Watch-ALL_COMMITTED(6), Message:<EMPTY>, reply=RaftClientReply:client-6194C1F728FC->4fbf6b7a-b21a-4ba4-99d8-46c6f2467a6f@group-DCA73B360714, cid=10, FAILED org.apache.ratis.protocol.NotLeaderException: Server 4fbf6b7a-b21a-4ba4-99d8-46c6f2467a6f@group-DCA73B360714 is not the leader 42dc87bf-e32b-4dd2-9e00-10549665eb60:192.168.69.108:40840, logIndex=0, commits[4fbf6b7a-b21a-4ba4-99d8-46c6f2467a6f:c10, e72563ba-91b4-4473-a773-2e1c57d3b28f:c4, 42dc87bf-e32b-4dd2-9e00-10549665eb60:c10]
2019-10-24 14:30:10,283 [EventQueue-ContainerReportForContainerReportHandler] WARN  container.ContainerReportHandler (AbstractContainerReportHandler.java:updateContainerState(145)) - Container #1 is in OPEN state, but the datanode 4fbf6b7a-b21a-4ba4-99d8-46c6f2467a6f{ip: 192.168.69.108, host: pr-hdds-2347-txrx8-1920290359, networkLocation: /default-rack, certSerialId: null} reports an CLOSED replica.
2019-10-24 14:30:10,481 [EventQueue-ContainerReportForContainerReportHandler] WARN  container.ContainerReportHandler (AbstractContainerReportHandler.java:updateContainerState(145)) - Container #1 is in OPEN state, but the datanode 4fbf6b7a-b21a-4ba4-99d8-46c6f2467a6f{ip: 192.168.69.108, host: pr-hdds-2347-txrx8-1920290359, networkLocation: /default-rack, certSerialId: null} reports an CLOSED replica.
2019-10-24 14:30:10,637 [EventQueue-ContainerReportForContainerReportHandler] WARN  container.ContainerReportHandler (AbstractContainerReportHandler.java:updateContainerState(145)) - Container #1 is in OPEN state, but the datanode 42dc87bf-e32b-4dd2-9e00-10549665eb60{ip: 192.168.69.108, host: pr-hdds-2347-txrx8-1920290359, networkLocation: /default-rack, certSerialId: null} reports an CLOSED replica.
2019-10-24 14:30:10,781 [EventQueue-ContainerReportForContainerReportHandler] WARN  container.ContainerReportHandler (AbstractContainerReportHandler.java:updateContainerState(145)) - Container #1 is in OPEN state, but the datanode 4fbf6b7a-b21a-4ba4-99d8-46c6f2467a6f{ip: 192.168.69.108, host: pr-hdds-2347-txrx8-1920290359, networkLocation: /default-rack, certSerialId: null} reports an CLOSED replica.
2019-10-24 14:30:10,884 [Thread-468] INFO  client.GrpcClientProtocolService (GrpcClientProtocolService.java:lambda$processClientRequest$0(279)) - Failed RaftClientRequest:client-6194C1F728FC->42dc87bf-e32b-4dd2-9e00-10549665eb60@group-DCA73B360714, cid=10, seq=0, Watch-ALL_COMMITTED(6), Message:<EMPTY>, reply=RaftClientReply:client-6194C1F728FC->42dc87bf-e32b-4dd2-9e00-10549665eb60@group-DCA73B360714, cid=10, FAILED org.apache.ratis.protocol.NotReplicatedException: Request with call Id 10 and log index 6 is not yet replicated to ALL_COMMITTED, logIndex=6, commits[42dc87bf-e32b-4dd2-9e00-10549665eb60:c10, e72563ba-91b4-4473-a773-2e1c57d3b28f:c4, 4fbf6b7a-b21a-4ba4-99d8-46c6f2467a6f:c10]
2019-10-24 14:30:10,937 [EventQueue-ContainerReportForContainerReportHandler] WARN  container.ContainerReportHandler (AbstractContainerReportHandler.java:updateContainerState(145)) - Container #1 is in OPEN state, but the datanode 42dc87bf-e32b-4dd2-9e00-10549665eb60{ip: 192.168.69.108, host: pr-hdds-2347-txrx8-1920290359, networkLocation: /default-rack, certSerialId: null} reports an CLOSED replica.
2019-10-24 14:30:11,169 [BlockDeletingService#0] WARN  background.BlockDeletingService (BlockDeletingService.java:isDeletionAllowed(187)) - Close Container log Index 6 is not replicated across allthe servers in the pipeline 237507d0-e2cf-4ea3-94d9-dca73b360714 as the min replicated index is 4. Deletion is not allowed in this container yet.
2019-10-24 14:30:11,169 [BlockDeletingService#2] WARN  background.BlockDeletingService (BlockDeletingService.java:isDeletionAllowed(187)) - Close Container log Index 6 is not replicated across allthe servers in the pipeline 237507d0-e2cf-4ea3-94d9-dca73b360714 as the min replicated index is 4. Deletion is not allowed in this container yet.
2019-10-24 14:30:11,182 [EventQueue-ContainerReportForContainerReportHandler] WARN  container.ContainerReportHandler (AbstractContainerReportHandler.java:updateContainerState(145)) - Container #1 is in OPEN state, but the datanode 4fbf6b7a-b21a-4ba4-99d8-46c6f2467a6f{ip: 192.168.69.108, host: pr-hdds-2347-txrx8-1920290359, networkLocation: /default-rack, certSerialId: null} reports an CLOSED replica.
2019-10-24 14:30:11,339 [EventQueue-ContainerReportForContainerReportHandler] WARN  container.ContainerReportHandler (AbstractContainerReportHandler.java:updateContainerState(145)) - Container #1 is in OPEN state, but the datanode 42dc87bf-e32b-4dd2-9e00-10549665eb60{ip: 192.168.69.108, host: pr-hdds-2347-txrx8-1920290359, networkLocation: /default-rack, certSerialId: null} reports an CLOSED replica.
2019-10-24 14:30:11,481 [EventQueue-ContainerReportForContainerReportHandler] WARN  container.ContainerReportHandler (AbstractContainerReportHandler.java:updateContainerState(145)) - Container #1 is in OPEN state, but the datanode 4fbf6b7a-b21a-4ba4-99d8-46c6f2467a6f{ip: 192.168.69.108, host: pr-hdds-2347-txrx8-1920290359, networkLocation: /default-rack, certSerialId: null} reports an CLOSED replica.
2019-10-24 14:30:11,641 [EventQueue-ContainerReportForContainerReportHandler] WARN  container.ContainerReportHandler (AbstractContainerReportHandler.java:updateContainerState(145)) - Container #1 is in OPEN state, but the datanode 42dc87bf-e32b-4dd2-9e00-10549665eb60{ip: 192.168.69.108, host: pr-hdds-2347-txrx8-1920290359, networkLocation: /default-rack, certSerialId: null} reports an CLOSED replica.
2019-10-24 14:30:11,781 [EventQueue-ContainerReportForContainerReportHandler] WARN  container.ContainerReportHandler (AbstractContainerReportHandler.java:updateContainerState(145)) - Container #1 is in OPEN state, but the datanode 4fbf6b7a-b21a-4ba4-99d8-46c6f2467a6f{ip: 192.168.69.108, host: pr-hdds-2347-txrx8-1920290359, networkLocation: /default-rack, certSerialId: null} reports an CLOSED replica.
2019-10-24 14:30:12,041 [EventQueue-ContainerReportForContainerReportHandler] WARN  container.ContainerReportHandler (AbstractContainerReportHandler.java:updateContainerState(145)) - Container #1 is in OPEN state, but the datanode 42dc87bf-e32b-4dd2-9e00-10549665eb60{ip: 192.168.69.108, host: pr-hdds-2347-txrx8-1920290359, networkLocation: /default-rack, certSerialId: null} reports an CLOSED replica.
2019-10-24 14:30:12,079 [java.util.concurrent.ThreadPoolExecutor$Worker@713a7292[State = -1, empty queue]] WARN  server.GrpcLogAppender (GrpcLogAppender.java:timeoutAppendRequest(209)) - 42dc87bf-e32b-4dd2-9e00-10549665eb60@group-DCA73B360714->e72563ba-91b4-4473-a773-2e1c57d3b28f-GrpcLogAppender: appendEntries Timeout, request=42dc87bf-e32b-4dd2-9e00-10549665eb60->e72563ba-91b4-4473-a773-2e1c57d3b28f#43-t1, previous=(t:1, i:10), leaderCommit=10, initializing? false, entries: <empty>
2019-10-24 14:30:12,081 [EventQueue-ContainerReportForContainerReportHandler] WARN  container.ContainerReportHandler (AbstractContainerReportHandler.java:updateContainerState(145)) - Container #1 is in OPEN state, but the datanode 4fbf6b7a-b21a-4ba4-99d8-46c6f2467a6f{ip: 192.168.69.108, host: pr-hdds-2347-txrx8-1920290359, networkLocation: /default-rack, certSerialId: null} reports an CLOSED replica.
2019-10-24 14:30:12,172 [BlockDeletingService#0] WARN  background.BlockDeletingService (BlockDeletingService.java:isDeletionAllowed(187)) - Close Container log Index 6 is not replicated across allthe servers in the pipeline 237507d0-e2cf-4ea3-94d9-dca73b360714 as the min replicated index is 4. Deletion is not allowed in this container yet.
2019-10-24 14:30:12,172 [BlockDeletingService#2] WARN  background.BlockDeletingService (BlockDeletingService.java:isDeletionAllowed(187)) - Close Container log Index 6 is not replicated across allthe servers in the pipeline 237507d0-e2cf-4ea3-94d9-dca73b360714 as the min replicated index is 4. Deletion is not allowed in this container yet.
2019-10-24 14:30:12,342 [EventQueue-ContainerReportForContainerReportHandler] WARN  container.ContainerReportHandler (AbstractContainerReportHandler.java:updateContainerState(145)) - Container #1 is in OPEN state, but the datanode 42dc87bf-e32b-4dd2-9e00-10549665eb60{ip: 192.168.69.108, host: pr-hdds-2347-txrx8-1920290359, networkLocation: /default-rack, certSerialId: null} reports an CLOSED replica.
2019-10-24 14:30:12,382 [EventQueue-ContainerReportForContainerReportHandler] WARN  container.ContainerReportHandler (AbstractContainerReportHandler.java:updateContainerState(145)) - Container #1 is in OPEN state, but the datanode 4fbf6b7a-b21a-4ba4-99d8-46c6f2467a6f{ip: 192.168.69.108, host: pr-hdds-2347-txrx8-1920290359, networkLocation: /default-rack, certSerialId: null} reports an CLOSED replica.
2019-10-24 14:30:12,683 [EventQueue-ContainerReportForContainerReportHandler] WARN  container.ContainerReportHandler (AbstractContainerReportHandler.java:updateContainerState(145)) - Container #1 is in OPEN state, but the datanode 4fbf6b7a-b21a-4ba4-99d8-46c6f2467a6f{ip: 192.168.69.108, host: pr-hdds-2347-txrx8-1920290359, networkLocation: /default-rack, certSerialId: null} reports an CLOSED replica.
2019-10-24 14:30:12,742 [EventQueue-ContainerReportForContainerReportHandler] WARN  container.ContainerReportHandler (AbstractContainerReportHandler.java:updateContainerState(145)) - Container #1 is in OPEN state, but the datanode 42dc87bf-e32b-4dd2-9e00-10549665eb60{ip: 192.168.69.108, host: pr-hdds-2347-txrx8-1920290359, networkLocation: /default-rack, certSerialId: null} reports an CLOSED replica.
2019-10-24 14:30:12,983 [EventQueue-ContainerReportForContainerReportHandler] WARN  container.ContainerReportHandler (AbstractContainerReportHandler.java:updateContainerState(145)) - Container #1 is in OPEN state, but the datanode 4fbf6b7a-b21a-4ba4-99d8-46c6f2467a6f{ip: 192.168.69.108, host: pr-hdds-2347-txrx8-1920290359, networkLocation: /default-rack, certSerialId: null} reports an CLOSED replica.
2019-10-24 14:30:13,141 [EventQueue-ContainerReportForContainerReportHandler] WARN  container.ContainerReportHandler (AbstractContainerReportHandler.java:updateContainerState(145)) - Container #1 is in OPEN state, but the datanode 42dc87bf-e32b-4dd2-9e00-10549665eb60{ip: 192.168.69.108, host: pr-hdds-2347-txrx8-1920290359, networkLocation: /default-rack, certSerialId: null} reports an CLOSED replica.
2019-10-24 14:30:13,174 [BlockDeletingService#0] WARN  background.BlockDeletingService (BlockDeletingService.java:isDeletionAllowed(187)) - Close Container log Index 6 is not replicated across allthe servers in the pipeline 237507d0-e2cf-4ea3-94d9-dca73b360714 as the min replicated index is 4. Deletion is not allowed in this container yet.
2019-10-24 14:30:13,174 [BlockDeletingService#2] WARN  background.BlockDeletingService (BlockDeletingService.java:isDeletionAllowed(187)) - Close Container log Index 6 is not replicated across allthe servers in the pipeline 237507d0-e2cf-4ea3-94d9-dca73b360714 as the min replicated index is 4. Deletion is not allowed in this container yet.
2019-10-24 14:30:13,183 [EventQueue-ContainerReportForContainerReportHandler] WARN  container.ContainerReportHandler (AbstractContainerReportHandler.java:updateContainerState(145)) - Container #1 is in OPEN state, but the datanode 4fbf6b7a-b21a-4ba4-99d8-46c6f2467a6f{ip: 192.168.69.108, host: pr-hdds-2347-txrx8-1920290359, networkLocation: /default-rack, certSerialId: null} reports an CLOSED replica.
2019-10-24 14:30:13,484 [EventQueue-ContainerReportForContainerReportHandler] WARN  container.ContainerReportHandler (AbstractContainerReportHandler.java:updateContainerState(145)) - Container #1 is in OPEN state, but the datanode 4fbf6b7a-b21a-4ba4-99d8-46c6f2467a6f{ip: 192.168.69.108, host: pr-hdds-2347-txrx8-1920290359, networkLocation: /default-rack, certSerialId: null} reports an CLOSED replica.
2019-10-24 14:30:13,543 [EventQueue-ContainerReportForContainerReportHandler] WARN  container.ContainerReportHandler (AbstractContainerReportHandler.java:updateContainerState(145)) - Container #1 is in OPEN state, but the datanode 42dc87bf-e32b-4dd2-9e00-10549665eb60{ip: 192.168.69.108, host: pr-hdds-2347-txrx8-1920290359, networkLocation: /default-rack, certSerialId: null} reports an CLOSED replica.
2019-10-24 14:30:13,743 [EventQueue-ContainerReportForContainerReportHandler] WARN  container.ContainerReportHandler (AbstractContainerReportHandler.java:updateContainerState(145)) - Container #1 is in OPEN state, but the datanode 42dc87bf-e32b-4dd2-9e00-10549665eb60{ip: 192.168.69.108, host: pr-hdds-2347-txrx8-1920290359, networkLocation: /default-rack, certSerialId: null} reports an CLOSED replica.
2019-10-24 14:30:13,886 [EventQueue-ContainerReportForContainerReportHandler] WARN  container.ContainerReportHandler (AbstractContainerReportHandler.java:updateContainerState(145)) - Container #1 is in OPEN state, but the datanode 4fbf6b7a-b21a-4ba4-99d8-46c6f2467a6f{ip: 192.168.69.108, host: pr-hdds-2347-txrx8-1920290359, networkLocation: /default-rack, certSerialId: null} reports an CLOSED replica.
2019-10-24 14:30:14,044 [EventQueue-ContainerReportForContainerReportHandler] WARN  container.ContainerReportHandler (AbstractContainerReportHandler.java:updateContainerState(145)) - Container #1 is in OPEN state, but the datanode 42dc87bf-e32b-4dd2-9e00-10549665eb60{ip: 192.168.69.108, host: pr-hdds-2347-txrx8-1920290359, networkLocation: /default-rack, certSerialId: null} reports an CLOSED replica.
2019-10-24 14:30:14,086 [EventQueue-ContainerReportForContainerReportHandler] WARN  container.ContainerReportHandler (AbstractContainerReportHandler.java:updateContainerState(145)) - Container #1 is in OPEN state, but the datanode 4fbf6b7a-b21a-4ba4-99d8-46c6f2467a6f{ip: 192.168.69.108, host: pr-hdds-2347-txrx8-1920290359, networkLocation: /default-rack, certSerialId: null} reports an CLOSED replica.
2019-10-24 14:30:14,178 [BlockDeletingService#0] WARN  background.BlockDeletingService (BlockDeletingService.java:isDeletionAllowed(187)) - Close Container log Index 6 is not replicated across allthe servers in the pipeline 237507d0-e2cf-4ea3-94d9-dca73b360714 as the min replicated index is 4. Deletion is not allowed in this container yet.
2019-10-24 14:30:14,178 [BlockDeletingService#2] WARN  background.BlockDeletingService (BlockDeletingService.java:isDeletionAllowed(187)) - Close Container log Index 6 is not replicated across allthe servers in the pipeline 237507d0-e2cf-4ea3-94d9-dca73b360714 as the min replicated index is 4. Deletion is not allowed in this container yet.
2019-10-24 14:30:14,243 [EventQueue-ContainerReportForContainerReportHandler] WARN  container.ContainerReportHandler (AbstractContainerReportHandler.java:updateContainerState(145)) - Container #1 is in OPEN state, but the datanode 42dc87bf-e32b-4dd2-9e00-10549665eb60{ip: 192.168.69.108, host: pr-hdds-2347-txrx8-1920290359, networkLocation: /default-rack, certSerialId: null} reports an CLOSED replica.
2019-10-24 14:30:14,444 [EventQueue-ContainerReportForContainerReportHandler] WARN  container.ContainerReportHandler (AbstractContainerReportHandler.java:updateContainerState(145)) - Container #1 is in OPEN state, but the datanode 42dc87bf-e32b-4dd2-9e00-10549665eb60{ip: 192.168.69.108, host: pr-hdds-2347-txrx8-1920290359, networkLocation: /default-rack, certSerialId: null} reports an CLOSED replica.
2019-10-24 14:30:14,486 [EventQueue-ContainerReportForContainerReportHandler] WARN  container.ContainerReportHandler (AbstractContainerReportHandler.java:updateContainerState(145)) - Container #1 is in OPEN state, but the datanode 4fbf6b7a-b21a-4ba4-99d8-46c6f2467a6f{ip: 192.168.69.108, host: pr-hdds-2347-txrx8-1920290359, networkLocation: /default-rack, certSerialId: null} reports an CLOSED replica.
2019-10-24 14:30:14,581 [java.util.concurrent.ThreadPoolExecutor$Worker@713a7292[State = -1, empty queue]] WARN  server.GrpcLogAppender (GrpcLogAppender.java:timeoutAppendRequest(209)) - 42dc87bf-e32b-4dd2-9e00-10549665eb60@group-DCA73B360714->e72563ba-91b4-4473-a773-2e1c57d3b28f-GrpcLogAppender: appendEntries Timeout, request=42dc87bf-e32b-4dd2-9e00-10549665eb60->e72563ba-91b4-4473-a773-2e1c57d3b28f#44-t1, previous=(t:1, i:10), leaderCommit=10, initializing? false, entries: <empty>
2019-10-24 14:30:14,847 [EventQueue-ContainerReportForContainerReportHandler] WARN  container.ContainerReportHandler (AbstractContainerReportHandler.java:updateContainerState(145)) - Container #1 is in OPEN state, but the datanode 42dc87bf-e32b-4dd2-9e00-10549665eb60{ip: 192.168.69.108, host: pr-hdds-2347-txrx8-1920290359, networkLocation: /default-rack, certSerialId: null} reports an CLOSED replica.
2019-10-24 14:30:14,886 [EventQueue-ContainerReportForContainerReportHandler] WARN  container.ContainerReportHandler (AbstractContainerReportHandler.java:updateContainerState(145)) - Container #1 is in OPEN state, but the datanode 4fbf6b7a-b21a-4ba4-99d8-46c6f2467a6f{ip: 192.168.69.108, host: pr-hdds-2347-txrx8-1920290359, networkLocation: /default-rack, certSerialId: null} reports an CLOSED replica.
2019-10-24 14:30:15,086 [EventQueue-ContainerReportForContainerReportHandler] WARN  container.ContainerReportHandler (AbstractContainerReportHandler.java:updateContainerState(145)) - Container #1 is in OPEN state, but the datanode 4fbf6b7a-b21a-4ba4-99d8-46c6f2467a6f{ip: 192.168.69.108, host: pr-hdds-2347-txrx8-1920290359, networkLocation: /default-rack, certSerialId: null} reports an CLOSED replica.
2019-10-24 14:30:15,146 [EventQueue-ContainerReportForContainerReportHandler] WARN  container.ContainerReportHandler (AbstractContainerReportHandler.java:updateContainerState(145)) - Container #1 is in OPEN state, but the datanode 42dc87bf-e32b-4dd2-9e00-10549665eb60{ip: 192.168.69.108, host: pr-hdds-2347-txrx8-1920290359, networkLocation: /default-rack, certSerialId: null} reports an CLOSED replica.
2019-10-24 14:30:15,180 [BlockDeletingService#2] WARN  background.BlockDeletingService (BlockDeletingService.java:isDeletionAllowed(187)) - Close Container log Index 6 is not replicated across allthe servers in the pipeline 237507d0-e2cf-4ea3-94d9-dca73b360714 as the min replicated index is 4. Deletion is not allowed in this container yet.
2019-10-24 14:30:15,180 [BlockDeletingService#0] WARN  background.BlockDeletingService (BlockDeletingService.java:isDeletionAllowed(187)) - Close Container log Index 6 is not replicated across allthe servers in the pipeline 237507d0-e2cf-4ea3-94d9-dca73b360714 as the min replicated index is 4. Deletion is not allowed in this container yet.
2019-10-24 14:30:15,346 [EventQueue-ContainerReportForContainerReportHandler] WARN  container.ContainerReportHandler (AbstractContainerReportHandler.java:updateContainerState(145)) - Container #1 is in OPEN state, but the datanode 42dc87bf-e32b-4dd2-9e00-10549665eb60{ip: 192.168.69.108, host: pr-hdds-2347-txrx8-1920290359, networkLocation: /default-rack, certSerialId: null} reports an CLOSED replica.
2019-10-24 14:30:15,387 [EventQueue-ContainerReportForContainerReportHandler] WARN  container.ContainerReportHandler (AbstractContainerReportHandler.java:updateContainerState(145)) - Container #1 is in OPEN state, but the datanode 4fbf6b7a-b21a-4ba4-99d8-46c6f2467a6f{ip: 192.168.69.108, host: pr-hdds-2347-txrx8-1920290359, networkLocation: /default-rack, certSerialId: null} reports an CLOSED replica.
2019-10-24 14:30:15,647 [EventQueue-ContainerReportForContainerReportHandler] WARN  container.ContainerReportHandler (AbstractContainerReportHandler.java:updateContainerState(145)) - Container #1 is in OPEN state, but the datanode 42dc87bf-e32b-4dd2-9e00-10549665eb60{ip: 192.168.69.108, host: pr-hdds-2347-txrx8-1920290359, networkLocation: /default-rack, certSerialId: null} reports an CLOSED replica.
2019-10-24 14:30:15,788 [EventQueue-ContainerReportForContainerReportHandler] WARN  container.ContainerReportHandler (AbstractContainerReportHandler.java:updateContainerState(145)) - Container #1 is in OPEN state, but the datanode 4fbf6b7a-b21a-4ba4-99d8-46c6f2467a6f{ip: 192.168.69.108, host: pr-hdds-2347-txrx8-1920290359, networkLocation: /default-rack, certSerialId: null} reports an CLOSED replica.
2019-10-24 14:30:16,048 [EventQueue-ContainerReportForContainerReportHandler] WARN  container.ContainerReportHandler (AbstractContainerReportHandler.java:updateContainerState(145)) - Container #1 is in OPEN state, but the datanode 42dc87bf-e32b-4dd2-9e00-10549665eb60{ip: 192.168.69.108, host: pr-hdds-2347-txrx8-1920290359, networkLocation: /default-rack, certSerialId: null} reports an CLOSED replica.
2019-10-24 14:30:16,184 [BlockDeletingService#0] WARN  background.BlockDeletingService (BlockDeletingService.java:isDeletionAllowed(187)) - Close Container log Index 6 is not replicated across allthe servers in the pipeline 237507d0-e2cf-4ea3-94d9-dca73b360714 as the min replicated index is 4. Deletion is not allowed in this container yet.
2019-10-24 14:30:16,184 [BlockDeletingService#2] WARN  background.BlockDeletingService (BlockDeletingService.java:isDeletionAllowed(187)) - Close Container log Index 6 is not replicated across allthe servers in the pipeline 237507d0-e2cf-4ea3-94d9-dca73b360714 as the min replicated index is 4. Deletion is not allowed in this container yet.
2019-10-24 14:30:16,187 [EventQueue-ContainerReportForContainerReportHandler] WARN  container.ContainerReportHandler (AbstractContainerReportHandler.java:updateContainerState(145)) - Container #1 is in OPEN state, but the datanode 4fbf6b7a-b21a-4ba4-99d8-46c6f2467a6f{ip: 192.168.69.108, host: pr-hdds-2347-txrx8-1920290359, networkLocation: /default-rack, certSerialId: null} reports an CLOSED replica.
2019-10-24 14:30:16,348 [EventQueue-ContainerReportForContainerReportHandler] WARN  container.ContainerReportHandler (AbstractContainerReportHandler.java:updateContainerState(145)) - Container #1 is in OPEN state, but the datanode 42dc87bf-e32b-4dd2-9e00-10549665eb60{ip: 192.168.69.108, host: pr-hdds-2347-txrx8-1920290359, networkLocation: /default-rack, certSerialId: null} reports an CLOSED replica.
2019-10-24 14:30:16,387 [EventQueue-ContainerReportForContainerReportHandler] WARN  container.ContainerReportHandler (AbstractContainerReportHandler.java:updateContainerState(145)) - Container #1 is in OPEN state, but the datanode 4fbf6b7a-b21a-4ba4-99d8-46c6f2467a6f{ip: 192.168.69.108, host: pr-hdds-2347-txrx8-1920290359, networkLocation: /default-rack, certSerialId: null} reports an CLOSED replica.
2019-10-24 14:30:16,749 [EventQueue-ContainerReportForContainerReportHandler] WARN  container.ContainerReportHandler (AbstractContainerReportHandler.java:updateContainerState(145)) - Container #1 is in OPEN state, but the datanode 42dc87bf-e32b-4dd2-9e00-10549665eb60{ip: 192.168.69.108, host: pr-hdds-2347-txrx8-1920290359, networkLocation: /default-rack, certSerialId: null} reports an CLOSED replica.
2019-10-24 14:30:16,788 [EventQueue-ContainerReportForContainerReportHandler] WARN  container.ContainerReportHandler (AbstractContainerReportHandler.java:updateContainerState(145)) - Container #1 is in OPEN state, but the datanode 4fbf6b7a-b21a-4ba4-99d8-46c6f2467a6f{ip: 192.168.69.108, host: pr-hdds-2347-txrx8-1920290359, networkLocation: /default-rack, certSerialId: null} reports an CLOSED replica.
2019-10-24 14:30:17,051 [EventQueue-ContainerReportForContainerReportHandler] WARN  container.ContainerReportHandler (AbstractContainerReportHandler.java:updateContainerState(145)) - Container #1 is in OPEN state, but the datanode 42dc87bf-e32b-4dd2-9e00-10549665eb60{ip: 192.168.69.108, host: pr-hdds-2347-txrx8-1920290359, networkLocation: /default-rack, certSerialId: null} reports an CLOSED replica.
2019-10-24 14:30:17,084 [java.util.concurrent.ThreadPoolExecutor$Worker@713a7292[State = -1, empty queue]] WARN  server.GrpcLogAppender (GrpcLogAppender.java:timeoutAppendRequest(209)) - 42dc87bf-e32b-4dd2-9e00-10549665eb60@group-DCA73B360714->e72563ba-91b4-4473-a773-2e1c57d3b28f-GrpcLogAppender: appendEntries Timeout, request=42dc87bf-e32b-4dd2-9e00-10549665eb60->e72563ba-91b4-4473-a773-2e1c57d3b28f#45-t1, previous=(t:1, i:10), leaderCommit=10, initializing? false, entries: <empty>
2019-10-24 14:30:17,088 [EventQueue-ContainerReportForContainerReportHandler] WARN  container.ContainerReportHandler (AbstractContainerReportHandler.java:updateContainerState(145)) - Container #1 is in OPEN state, but the datanode 4fbf6b7a-b21a-4ba4-99d8-46c6f2467a6f{ip: 192.168.69.108, host: pr-hdds-2347-txrx8-1920290359, networkLocation: /default-rack, certSerialId: null} reports an CLOSED replica.
2019-10-24 14:30:17,186 [BlockDeletingService#0] WARN  background.BlockDeletingService (BlockDeletingService.java:isDeletionAllowed(187)) - Close Container log Index 6 is not replicated across allthe servers in the pipeline 237507d0-e2cf-4ea3-94d9-dca73b360714 as the min replicated index is 4. Deletion is not allowed in this container yet.
2019-10-24 14:30:17,186 [BlockDeletingService#2] WARN  background.BlockDeletingService (BlockDeletingService.java:isDeletionAllowed(187)) - Close Container log Index 6 is not replicated across allthe servers in the pipeline 237507d0-e2cf-4ea3-94d9-dca73b360714 as the min replicated index is 4. Deletion is not allowed in this container yet.
2019-10-24 14:30:17,351 [EventQueue-ContainerReportForContainerReportHandler] WARN  container.ContainerReportHandler (AbstractContainerReportHandler.java:updateContainerState(145)) - Container #1 is in OPEN state, but the datanode 42dc87bf-e32b-4dd2-9e00-10549665eb60{ip: 192.168.69.108, host: pr-hdds-2347-txrx8-1920290359, networkLocation: /default-rack, certSerialId: null} reports an CLOSED replica.
2019-10-24 14:30:17,388 [EventQueue-ContainerReportForContainerReportHandler] WARN  container.ContainerReportHandler (AbstractContainerReportHandler.java:updateContainerState(145)) - Container #1 is in OPEN state, but the datanode 4fbf6b7a-b21a-4ba4-99d8-46c6f2467a6f{ip: 192.168.69.108, host: pr-hdds-2347-txrx8-1920290359, networkLocation: /default-rack, certSerialId: null} reports an CLOSED replica.
2019-10-24 14:30:17,651 [EventQueue-ContainerReportForContainerReportHandler] WARN  container.ContainerReportHandler (AbstractContainerReportHandler.java:updateContainerState(145)) - Container #1 is in OPEN state, but the datanode 42dc87bf-e32b-4dd2-9e00-10549665eb60{ip: 192.168.69.108, host: pr-hdds-2347-txrx8-1920290359, networkLocation: /default-rack, certSerialId: null} reports an CLOSED replica.
2019-10-24 14:30:17,689 [EventQueue-ContainerReportForContainerReportHandler] WARN  container.ContainerReportHandler (AbstractContainerReportHandler.java:updateContainerState(145)) - Container #1 is in OPEN state, but the datanode 4fbf6b7a-b21a-4ba4-99d8-46c6f2467a6f{ip: 192.168.69.108, host: pr-hdds-2347-txrx8-1920290359, networkLocation: /default-rack, certSerialId: null} reports an CLOSED replica.
2019-10-24 14:30:17,851 [EventQueue-ContainerReportForContainerReportHandler] WARN  container.ContainerReportHandler (AbstractContainerReportHandler.java:updateContainerState(145)) - Container #1 is in OPEN state, but the datanode 42dc87bf-e32b-4dd2-9e00-10549665eb60{ip: 192.168.69.108, host: pr-hdds-2347-txrx8-1920290359, networkLocation: /default-rack, certSerialId: null} reports an CLOSED replica.
2019-10-24 14:30:17,991 [EventQueue-ContainerReportForContainerReportHandler] WARN  container.ContainerReportHandler (AbstractContainerReportHandler.java:updateContainerState(145)) - Container #1 is in OPEN state, but the datanode 4fbf6b7a-b21a-4ba4-99d8-46c6f2467a6f{ip: 192.168.69.108, host: pr-hdds-2347-txrx8-1920290359, networkLocation: /default-rack, certSerialId: null} reports an CLOSED replica.
2019-10-24 14:30:18,152 [EventQueue-ContainerReportForContainerReportHandler] WARN  container.ContainerReportHandler (AbstractContainerReportHandler.java:updateContainerState(145)) - Container #1 is in OPEN state, but the datanode 42dc87bf-e32b-4dd2-9e00-10549665eb60{ip: 192.168.69.108, host: pr-hdds-2347-txrx8-1920290359, networkLocation: /default-rack, certSerialId: null} reports an CLOSED replica.
2019-10-24 14:30:18,189 [BlockDeletingService#2] WARN  background.BlockDeletingService (BlockDeletingService.java:isDeletionAllowed(187)) - Close Container log Index 6 is not replicated across allthe servers in the pipeline 237507d0-e2cf-4ea3-94d9-dca73b360714 as the min replicated index is 4. Deletion is not allowed in this container yet.
2019-10-24 14:30:18,189 [BlockDeletingService#0] WARN  background.BlockDeletingService (BlockDeletingService.java:isDeletionAllowed(187)) - Close Container log Index 6 is not replicated across allthe servers in the pipeline 237507d0-e2cf-4ea3-94d9-dca73b360714 as the min replicated index is 4. Deletion is not allowed in this container yet.
2019-10-24 14:30:18,353 [EventQueue-ContainerReportForContainerReportHandler] WARN  container.ContainerReportHandler (AbstractContainerReportHandler.java:updateContainerState(145)) - Container #1 is in OPEN state, but the datanode 42dc87bf-e32b-4dd2-9e00-10549665eb60{ip: 192.168.69.108, host: pr-hdds-2347-txrx8-1920290359, networkLocation: /default-rack, certSerialId: null} reports an CLOSED replica.
2019-10-24 14:30:18,389 [EventQueue-ContainerReportForContainerReportHandler] WARN  container.ContainerReportHandler (AbstractContainerReportHandler.java:updateContainerState(145)) - Container #1 is in OPEN state, but the datanode 4fbf6b7a-b21a-4ba4-99d8-46c6f2467a6f{ip: 192.168.69.108, host: pr-hdds-2347-txrx8-1920290359, networkLocation: /default-rack, certSerialId: null} reports an CLOSED replica.
2019-10-24 14:30:18,689 [EventQueue-ContainerReportForContainerReportHandler] WARN  container.ContainerReportHandler (AbstractContainerReportHandler.java:updateContainerState(145)) - Container #1 is in OPEN state, but the datanode 4fbf6b7a-b21a-4ba4-99d8-46c6f2467a6f{ip: 192.168.69.108, host: pr-hdds-2347-txrx8-1920290359, networkLocation: /default-rack, certSerialId: null} reports an CLOSED replica.
2019-10-24 14:30:18,753 [EventQueue-ContainerReportForContainerReportHandler] WARN  container.ContainerReportHandler (AbstractContainerReportHandler.java:updateContainerState(145)) - Container #1 is in OPEN state, but the datanode 42dc87bf-e32b-4dd2-9e00-10549665eb60{ip: 192.168.69.108, host: pr-hdds-2347-txrx8-1920290359, networkLocation: /default-rack, certSerialId: null} reports an CLOSED replica.
2019-10-24 14:30:18,990 [EventQueue-ContainerReportForContainerReportHandler] WARN  container.ContainerReportHandler (AbstractContainerReportHandler.java:updateContainerState(145)) - Container #1 is in OPEN state, but the datanode 4fbf6b7a-b21a-4ba4-99d8-46c6f2467a6f{ip: 192.168.69.108, host: pr-hdds-2347-txrx8-1920290359, networkLocation: /default-rack, certSerialId: null} reports an CLOSED replica.
2019-10-24 14:30:19,053 [EventQueue-ContainerReportForContainerReportHandler] WARN  container.ContainerReportHandler (AbstractContainerReportHandler.java:updateContainerState(145)) - Container #1 is in OPEN state, but the datanode 42dc87bf-e32b-4dd2-9e00-10549665eb60{ip: 192.168.69.108, host: pr-hdds-2347-txrx8-1920290359, networkLocation: /default-rack, certSerialId: null} reports an CLOSED replica.
2019-10-24 14:30:19,191 [BlockDeletingService#0] WARN  background.BlockDeletingService (BlockDeletingService.java:isDeletionAllowed(187)) - Close Container log Index 6 is not replicated across allthe servers in the pipeline 237507d0-e2cf-4ea3-94d9-dca73b360714 as the min replicated index is 4. Deletion is not allowed in this container yet.
2019-10-24 14:30:19,191 [BlockDeletingService#2] WARN  background.BlockDeletingService (BlockDeletingService.java:isDeletionAllowed(187)) - Close Container log Index 6 is not replicated across allthe servers in the pipeline 237507d0-e2cf-4ea3-94d9-dca73b360714 as the min replicated index is 4. Deletion is not allowed in this container yet.
2019-10-24 14:30:19,391 [EventQueue-ContainerReportForContainerReportHandler] WARN  container.ContainerReportHandler (AbstractContainerReportHandler.java:updateContainerState(145)) - Container #1 is in OPEN state, but the datanode 4fbf6b7a-b21a-4ba4-99d8-46c6f2467a6f{ip: 192.168.69.108, host: pr-hdds-2347-txrx8-1920290359, networkLocation: /default-rack, certSerialId: null} reports an CLOSED replica.
2019-10-24 14:30:19,453 [EventQueue-ContainerReportForContainerReportHandler] WARN  container.ContainerReportHandler (AbstractContainerReportHandler.java:updateContainerState(145)) - Container #1 is in OPEN state, but the datanode 42dc87bf-e32b-4dd2-9e00-10549665eb60{ip: 192.168.69.108, host: pr-hdds-2347-txrx8-1920290359, networkLocation: /default-rack, certSerialId: null} reports an CLOSED replica.
2019-10-24 14:30:19,586 [java.util.concurrent.ThreadPoolExecutor$Worker@713a7292[State = -1, empty queue]] WARN  server.GrpcLogAppender (GrpcLogAppender.java:timeoutAppendRequest(209)) - 42dc87bf-e32b-4dd2-9e00-10549665eb60@group-DCA73B360714->e72563ba-91b4-4473-a773-2e1c57d3b28f-GrpcLogAppender: appendEntries Timeout, request=42dc87bf-e32b-4dd2-9e00-10549665eb60->e72563ba-91b4-4473-a773-2e1c57d3b28f#46-t1, previous=(t:1, i:10), leaderCommit=10, initializing? false, entries: <empty>
2019-10-24 14:30:19,691 [EventQueue-ContainerReportForContainerReportHandler] WARN  container.ContainerReportHandler (AbstractContainerReportHandler.java:updateContainerState(145)) - Container #1 is in OPEN state, but the datanode 4fbf6b7a-b21a-4ba4-99d8-46c6f2467a6f{ip: 192.168.69.108, host: pr-hdds-2347-txrx8-1920290359, networkLocation: /default-rack, certSerialId: null} reports an CLOSED replica.
2019-10-24 14:30:19,753 [EventQueue-ContainerReportForContainerReportHandler] WARN  container.ContainerReportHandler (AbstractContainerReportHandler.java:updateContainerState(145)) - Container #1 is in OPEN state, but the datanode 42dc87bf-e32b-4dd2-9e00-10549665eb60{ip: 192.168.69.108, host: pr-hdds-2347-txrx8-1920290359, networkLocation: /default-rack, certSerialId: null} reports an CLOSED replica.
2019-10-24 14:30:19,991 [EventQueue-ContainerReportForContainerReportHandler] WARN  container.ContainerReportHandler (AbstractContainerReportHandler.java:updateContainerState(145)) - Container #1 is in OPEN state, but the datanode 4fbf6b7a-b21a-4ba4-99d8-46c6f2467a6f{ip: 192.168.69.108, host: pr-hdds-2347-txrx8-1920290359, networkLocation: /default-rack, certSerialId: null} reports an CLOSED replica.
2019-10-24 14:30:20,053 [EventQueue-ContainerReportForContainerReportHandler] WARN  container.ContainerReportHandler (AbstractContainerReportHandler.java:updateContainerState(145)) - Container #1 is in OPEN state, but the datanode 42dc87bf-e32b-4dd2-9e00-10549665eb60{ip: 192.168.69.108, host: pr-hdds-2347-txrx8-1920290359, networkLocation: /default-rack, certSerialId: null} reports an CLOSED replica.
2019-10-24 14:30:20,193 [BlockDeletingService#0] WARN  background.BlockDeletingService (BlockDeletingService.java:isDeletionAllowed(187)) - Close Container log Index 6 is not replicated across allthe servers in the pipeline 237507d0-e2cf-4ea3-94d9-dca73b360714 as the min replicated index is 4. Deletion is not allowed in this container yet.
2019-10-24 14:30:20,193 [BlockDeletingService#2] WARN  background.BlockDeletingService (BlockDeletingService.java:isDeletionAllowed(187)) - Close Container log Index 6 is not replicated across allthe servers in the pipeline 237507d0-e2cf-4ea3-94d9-dca73b360714 as the min replicated index is 4. Deletion is not allowed in this container yet.
2019-10-24 14:30:20,292 [EventQueue-ContainerReportForContainerReportHandler] WARN  container.ContainerReportHandler (AbstractContainerReportHandler.java:updateContainerState(145)) - Container #1 is in OPEN state, but the datanode 4fbf6b7a-b21a-4ba4-99d8-46c6f2467a6f{ip: 192.168.69.108, host: pr-hdds-2347-txrx8-1920290359, networkLocation: /default-rack, certSerialId: null} reports an CLOSED replica.
2019-10-24 14:30:20,306 [Thread-497] INFO  client.GrpcClientProtocolService (GrpcClientProtocolService.java:lambda$processClientRequest$0(279)) - Failed RaftClientRequest:client-6194C1F728FC->4fbf6b7a-b21a-4ba4-99d8-46c6f2467a6f@group-DCA73B360714, cid=10, seq=0, Watch-ALL_COMMITTED(6), Message:<EMPTY>, reply=RaftClientReply:client-6194C1F728FC->4fbf6b7a-b21a-4ba4-99d8-46c6f2467a6f@group-DCA73B360714, cid=10, FAILED org.apache.ratis.protocol.NotLeaderException: Server 4fbf6b7a-b21a-4ba4-99d8-46c6f2467a6f@group-DCA73B360714 is not the leader 42dc87bf-e32b-4dd2-9e00-10549665eb60:192.168.69.108:40840, logIndex=0, commits[4fbf6b7a-b21a-4ba4-99d8-46c6f2467a6f:c10, e72563ba-91b4-4473-a773-2e1c57d3b28f:c4, 42dc87bf-e32b-4dd2-9e00-10549665eb60:c10]
2019-10-24 14:30:20,353 [EventQueue-ContainerReportForContainerReportHandler] WARN  container.ContainerReportHandler (AbstractContainerReportHandler.java:updateContainerState(145)) - Container #1 is in OPEN state, but the datanode 42dc87bf-e32b-4dd2-9e00-10549665eb60{ip: 192.168.69.108, host: pr-hdds-2347-txrx8-1920290359, networkLocation: /default-rack, certSerialId: null} reports an CLOSED replica.
2019-10-24 14:30:20,492 [EventQueue-ContainerReportForContainerReportHandler] WARN  container.ContainerReportHandler (AbstractContainerReportHandler.java:updateContainerState(145)) - Container #1 is in OPEN state, but the datanode 4fbf6b7a-b21a-4ba4-99d8-46c6f2467a6f{ip: 192.168.69.108, host: pr-hdds-2347-txrx8-1920290359, networkLocation: /default-rack, certSerialId: null} reports an CLOSED replica.
2019-10-24 14:30:20,553 [EventQueue-ContainerReportForContainerReportHandler] WARN  container.ContainerReportHandler (AbstractContainerReportHandler.java:updateContainerState(145)) - Container #1 is in OPEN state, but the datanode 42dc87bf-e32b-4dd2-9e00-10549665eb60{ip: 192.168.69.108, host: pr-hdds-2347-txrx8-1920290359, networkLocation: /default-rack, certSerialId: null} reports an CLOSED replica.
2019-10-24 14:30:20,792 [EventQueue-ContainerReportForContainerReportHandler] WARN  container.ContainerReportHandler (AbstractContainerReportHandler.java:updateContainerState(145)) - Container #1 is in OPEN state, but the datanode 4fbf6b7a-b21a-4ba4-99d8-46c6f2467a6f{ip: 192.168.69.108, host: pr-hdds-2347-txrx8-1920290359, networkLocation: /default-rack, certSerialId: null} reports an CLOSED replica.
2019-10-24 14:30:20,884 [Thread-500] INFO  client.GrpcClientProtocolService (GrpcClientProtocolService.java:lambda$processClientRequest$0(279)) - Failed RaftClientRequest:client-6194C1F728FC->42dc87bf-e32b-4dd2-9e00-10549665eb60@group-DCA73B360714, cid=10, seq=0, Watch-ALL_COMMITTED(6), Message:<EMPTY>, reply=RaftClientReply:client-6194C1F728FC->42dc87bf-e32b-4dd2-9e00-10549665eb60@group-DCA73B360714, cid=10, FAILED org.apache.ratis.protocol.NotReplicatedException: Request with call Id 10 and log index 6 is not yet replicated to ALL_COMMITTED, logIndex=6, commits[42dc87bf-e32b-4dd2-9e00-10549665eb60:c10, e72563ba-91b4-4473-a773-2e1c57d3b28f:c4, 4fbf6b7a-b21a-4ba4-99d8-46c6f2467a6f:c10]
2019-10-24 14:30:20,954 [EventQueue-ContainerReportForContainerReportHandler] WARN  container.ContainerReportHandler (AbstractContainerReportHandler.java:updateContainerState(145)) - Container #1 is in OPEN state, but the datanode 42dc87bf-e32b-4dd2-9e00-10549665eb60{ip: 192.168.69.108, host: pr-hdds-2347-txrx8-1920290359, networkLocation: /default-rack, certSerialId: null} reports an CLOSED replica.
2019-10-24 14:30:21,092 [EventQueue-ContainerReportForContainerReportHandler] WARN  container.ContainerReportHandler (AbstractContainerReportHandler.java:updateContainerState(145)) - Container #1 is in OPEN state, but the datanode 4fbf6b7a-b21a-4ba4-99d8-46c6f2467a6f{ip: 192.168.69.108, host: pr-hdds-2347-txrx8-1920290359, networkLocation: /default-rack, certSerialId: null} reports an CLOSED replica.
2019-10-24 14:30:21,194 [BlockDeletingService#0] WARN  background.BlockDeletingService (BlockDeletingService.java:isDeletionAllowed(187)) - Close Container log Index 6 is not replicated across allthe servers in the pipeline 237507d0-e2cf-4ea3-94d9-dca73b360714 as the min replicated index is 4. Deletion is not allowed in this container yet.
2019-10-24 14:30:21,194 [BlockDeletingService#2] WARN  background.BlockDeletingService (BlockDeletingService.java:isDeletionAllowed(187)) - Close Container log Index 6 is not replicated across allthe servers in the pipeline 237507d0-e2cf-4ea3-94d9-dca73b360714 as the min replicated index is 4. Deletion is not allowed in this container yet.
2019-10-24 14:30:21,253 [EventQueue-ContainerReportForContainerReportHandler] WARN  container.ContainerReportHandler (AbstractContainerReportHandler.java:updateContainerState(145)) - Container #1 is in OPEN state, but the datanode 42dc87bf-e32b-4dd2-9e00-10549665eb60{ip: 192.168.69.108, host: pr-hdds-2347-txrx8-1920290359, networkLocation: /default-rack, certSerialId: null} reports an CLOSED replica.
2019-10-24 14:30:21,393 [EventQueue-ContainerReportForContainerReportHandler] WARN  container.ContainerReportHandler (AbstractContainerReportHandler.java:updateContainerState(145)) - Container #1 is in OPEN state, but the datanode 4fbf6b7a-b21a-4ba4-99d8-46c6f2467a6f{ip: 192.168.69.108, host: pr-hdds-2347-txrx8-1920290359, networkLocation: /default-rack, certSerialId: null} reports an CLOSED replica.
2019-10-24 14:30:21,553 [EventQueue-ContainerReportForContainerReportHandler] WARN  container.ContainerReportHandler (AbstractContainerReportHandler.java:updateContainerState(145)) - Container #1 is in OPEN state, but the datanode 42dc87bf-e32b-4dd2-9e00-10549665eb60{ip: 192.168.69.108, host: pr-hdds-2347-txrx8-1920290359, networkLocation: /default-rack, certSerialId: null} reports an CLOSED replica.
2019-10-24 14:30:21,593 [EventQueue-ContainerReportForContainerReportHandler] WARN  container.ContainerReportHandler (AbstractContainerReportHandler.java:updateContainerState(145)) - Container #1 is in OPEN state, but the datanode 4fbf6b7a-b21a-4ba4-99d8-46c6f2467a6f{ip: 192.168.69.108, host: pr-hdds-2347-txrx8-1920290359, networkLocation: /default-rack, certSerialId: null} reports an CLOSED replica.
2019-10-24 14:30:21,893 [EventQueue-ContainerReportForContainerReportHandler] WARN  container.ContainerReportHandler (AbstractContainerReportHandler.java:updateContainerState(145)) - Container #1 is in OPEN state, but the datanode 4fbf6b7a-b21a-4ba4-99d8-46c6f2467a6f{ip: 192.168.69.108, host: pr-hdds-2347-txrx8-1920290359, networkLocation: /default-rack, certSerialId: null} reports an CLOSED replica.
2019-10-24 14:30:21,954 [EventQueue-ContainerReportForContainerReportHandler] WARN  container.ContainerReportHandler (AbstractContainerReportHandler.java:updateContainerState(145)) - Container #1 is in OPEN state, but the datanode 42dc87bf-e32b-4dd2-9e00-10549665eb60{ip: 192.168.69.108, host: pr-hdds-2347-txrx8-1920290359, networkLocation: /default-rack, certSerialId: null} reports an CLOSED replica.
2019-10-24 14:30:22,089 [java.util.concurrent.ThreadPoolExecutor$Worker@713a7292[State = -1, empty queue]] WARN  server.GrpcLogAppender (GrpcLogAppender.java:timeoutAppendRequest(209)) - 42dc87bf-e32b-4dd2-9e00-10549665eb60@group-DCA73B360714->e72563ba-91b4-4473-a773-2e1c57d3b28f-GrpcLogAppender: appendEntries Timeout, request=42dc87bf-e32b-4dd2-9e00-10549665eb60->e72563ba-91b4-4473-a773-2e1c57d3b28f#47-t1, previous=(t:1, i:10), leaderCommit=10, initializing? false, entries: <empty>
2019-10-24 14:30:22,153 [EventQueue-ContainerReportForContainerReportHandler] WARN  container.ContainerReportHandler (AbstractContainerReportHandler.java:updateContainerState(145)) - Container #1 is in OPEN state, but the datanode 42dc87bf-e32b-4dd2-9e00-10549665eb60{ip: 192.168.69.108, host: pr-hdds-2347-txrx8-1920290359, networkLocation: /default-rack, certSerialId: null} reports an CLOSED replica.
2019-10-24 14:30:22,193 [EventQueue-ContainerReportForContainerReportHandler] WARN  container.ContainerReportHandler (AbstractContainerReportHandler.java:updateContainerState(145)) - Container #1 is in OPEN state, but the datanode 4fbf6b7a-b21a-4ba4-99d8-46c6f2467a6f{ip: 192.168.69.108, host: pr-hdds-2347-txrx8-1920290359, networkLocation: /default-rack, certSerialId: null} reports an CLOSED replica.
2019-10-24 14:30:22,197 [BlockDeletingService#2] WARN  background.BlockDeletingService (BlockDeletingService.java:isDeletionAllowed(187)) - Close Container log Index 6 is not replicated across allthe servers in the pipeline 237507d0-e2cf-4ea3-94d9-dca73b360714 as the min replicated index is 4. Deletion is not allowed in this container yet.
2019-10-24 14:30:22,197 [BlockDeletingService#0] WARN  background.BlockDeletingService (BlockDeletingService.java:isDeletionAllowed(187)) - Close Container log Index 6 is not replicated across allthe servers in the pipeline 237507d0-e2cf-4ea3-94d9-dca73b360714 as the min replicated index is 4. Deletion is not allowed in this container yet.
2019-10-24 14:30:22,453 [EventQueue-ContainerReportForContainerReportHandler] WARN  container.ContainerReportHandler (AbstractContainerReportHandler.java:updateContainerState(145)) - Container #1 is in OPEN state, but the datanode 42dc87bf-e32b-4dd2-9e00-10549665eb60{ip: 192.168.69.108, host: pr-hdds-2347-txrx8-1920290359, networkLocation: /default-rack, certSerialId: null} reports an CLOSED replica.
2019-10-24 14:30:22,593 [EventQueue-ContainerReportForContainerReportHandler] WARN  container.ContainerReportHandler (AbstractContainerReportHandler.java:updateContainerState(145)) - Container #1 is in OPEN state, but the datanode 4fbf6b7a-b21a-4ba4-99d8-46c6f2467a6f{ip: 192.168.69.108, host: pr-hdds-2347-txrx8-1920290359, networkLocation: /default-rack, certSerialId: null} reports an CLOSED replica.
2019-10-24 14:30:22,753 [EventQueue-ContainerReportForContainerReportHandler] WARN  container.ContainerReportHandler (AbstractContainerReportHandler.java:updateContainerState(145)) - Container #1 is in OPEN state, but the datanode 42dc87bf-e32b-4dd2-9e00-10549665eb60{ip: 192.168.69.108, host: pr-hdds-2347-txrx8-1920290359, networkLocation: /default-rack, certSerialId: null} reports an CLOSED replica.
2019-10-24 14:30:22,953 [EventQueue-ContainerReportForContainerReportHandler] WARN  container.ContainerReportHandler (AbstractContainerReportHandler.java:updateContainerState(145)) - Container #1 is in OPEN state, but the datanode 42dc87bf-e32b-4dd2-9e00-10549665eb60{ip: 192.168.69.108, host: pr-hdds-2347-txrx8-1920290359, networkLocation: /default-rack, certSerialId: null} reports an CLOSED replica.
2019-10-24 14:30:22,994 [EventQueue-ContainerReportForContainerReportHandler] WARN  container.ContainerReportHandler (AbstractContainerReportHandler.java:updateContainerState(145)) - Container #1 is in OPEN state, but the datanode 4fbf6b7a-b21a-4ba4-99d8-46c6f2467a6f{ip: 192.168.69.108, host: pr-hdds-2347-txrx8-1920290359, networkLocation: /default-rack, certSerialId: null} reports an CLOSED replica.
2019-10-24 14:30:23,193 [EventQueue-ContainerReportForContainerReportHandler] WARN  container.ContainerReportHandler (AbstractContainerReportHandler.java:updateContainerState(145)) - Container #1 is in OPEN state, but the datanode 4fbf6b7a-b21a-4ba4-99d8-46c6f2467a6f{ip: 192.168.69.108, host: pr-hdds-2347-txrx8-1920290359, networkLocation: /default-rack, certSerialId: null} reports an CLOSED replica.
2019-10-24 14:30:23,198 [BlockDeletingService#2] WARN  background.BlockDeletingService (BlockDeletingService.java:isDeletionAllowed(187)) - Close Container log Index 6 is not replicated across allthe servers in the pipeline 237507d0-e2cf-4ea3-94d9-dca73b360714 as the min replicated index is 4. Deletion is not allowed in this container yet.
2019-10-24 14:30:23,198 [BlockDeletingService#0] WARN  background.BlockDeletingService (BlockDeletingService.java:isDeletionAllowed(187)) - Close Container log Index 6 is not replicated across allthe servers in the pipeline 237507d0-e2cf-4ea3-94d9-dca73b360714 as the min replicated index is 4. Deletion is not allowed in this container yet.
2019-10-24 14:30:23,253 [EventQueue-ContainerReportForContainerReportHandler] WARN  container.ContainerReportHandler (AbstractContainerReportHandler.java:updateContainerState(145)) - Container #1 is in OPEN state, but the datanode 42dc87bf-e32b-4dd2-9e00-10549665eb60{ip: 192.168.69.108, host: pr-hdds-2347-txrx8-1920290359, networkLocation: /default-rack, certSerialId: null} reports an CLOSED replica.
2019-10-24 14:30:23,493 [EventQueue-ContainerReportForContainerReportHandler] WARN  container.ContainerReportHandler (AbstractContainerReportHandler.java:updateContainerState(145)) - Container #1 is in OPEN state, but the datanode 4fbf6b7a-b21a-4ba4-99d8-46c6f2467a6f{ip: 192.168.69.108, host: pr-hdds-2347-txrx8-1920290359, networkLocation: /default-rack, certSerialId: null} reports an CLOSED replica.
2019-10-24 14:30:23,653 [EventQueue-ContainerReportForContainerReportHandler] WARN  container.ContainerReportHandler (AbstractContainerReportHandler.java:updateContainerState(145)) - Container #1 is in OPEN state, but the datanode 42dc87bf-e32b-4dd2-9e00-10549665eb60{ip: 192.168.69.108, host: pr-hdds-2347-txrx8-1920290359, networkLocation: /default-rack, certSerialId: null} reports an CLOSED replica.
2019-10-24 14:30:23,693 [EventQueue-ContainerReportForContainerReportHandler] WARN  container.ContainerReportHandler (AbstractContainerReportHandler.java:updateContainerState(145)) - Container #1 is in OPEN state, but the datanode 4fbf6b7a-b21a-4ba4-99d8-46c6f2467a6f{ip: 192.168.69.108, host: pr-hdds-2347-txrx8-1920290359, networkLocation: /default-rack, certSerialId: null} reports an CLOSED replica.
2019-10-24 14:30:23,955 [EventQueue-ContainerReportForContainerReportHandler] WARN  container.ContainerReportHandler (AbstractContainerReportHandler.java:updateContainerState(145)) - Container #1 is in OPEN state, but the datanode 42dc87bf-e32b-4dd2-9e00-10549665eb60{ip: 192.168.69.108, host: pr-hdds-2347-txrx8-1920290359, networkLocation: /default-rack, certSerialId: null} reports an CLOSED replica.
2019-10-24 14:30:23,993 [EventQueue-ContainerReportForContainerReportHandler] WARN  container.ContainerReportHandler (AbstractContainerReportHandler.java:updateContainerState(145)) - Container #1 is in OPEN state, but the datanode 4fbf6b7a-b21a-4ba4-99d8-46c6f2467a6f{ip: 192.168.69.108, host: pr-hdds-2347-txrx8-1920290359, networkLocation: /default-rack, certSerialId: null} reports an CLOSED replica.
2019-10-24 14:30:24,155 [EventQueue-ContainerReportForContainerReportHandler] WARN  container.ContainerReportHandler (AbstractContainerReportHandler.java:updateContainerState(145)) - Container #1 is in OPEN state, but the datanode 42dc87bf-e32b-4dd2-9e00-10549665eb60{ip: 192.168.69.108, host: pr-hdds-2347-txrx8-1920290359, networkLocation: /default-rack, certSerialId: null} reports an CLOSED replica.
2019-10-24 14:30:24,199 [BlockDeletingService#2] WARN  background.BlockDeletingService (BlockDeletingService.java:isDeletionAllowed(187)) - Close Container log Index 6 is not replicated across allthe servers in the pipeline 237507d0-e2cf-4ea3-94d9-dca73b360714 as the min replicated index is 4. Deletion is not allowed in this container yet.
2019-10-24 14:30:24,199 [BlockDeletingService#0] WARN  background.BlockDeletingService (BlockDeletingService.java:isDeletionAllowed(187)) - Close Container log Index 6 is not replicated across allthe servers in the pipeline 237507d0-e2cf-4ea3-94d9-dca73b360714 as the min replicated index is 4. Deletion is not allowed in this container yet.
2019-10-24 14:30:24,294 [EventQueue-ContainerReportForContainerReportHandler] WARN  container.ContainerReportHandler (AbstractContainerReportHandler.java:updateContainerState(145)) - Container #1 is in OPEN state, but the datanode 4fbf6b7a-b21a-4ba4-99d8-46c6f2467a6f{ip: 192.168.69.108, host: pr-hdds-2347-txrx8-1920290359, networkLocation: /default-rack, certSerialId: null} reports an CLOSED replica.
2019-10-24 14:30:24,455 [EventQueue-ContainerReportForContainerReportHandler] WARN  container.ContainerReportHandler (AbstractContainerReportHandler.java:updateContainerState(145)) - Container #1 is in OPEN state, but the datanode 42dc87bf-e32b-4dd2-9e00-10549665eb60{ip: 192.168.69.108, host: pr-hdds-2347-txrx8-1920290359, networkLocation: /default-rack, certSerialId: null} reports an CLOSED replica.
2019-10-24 14:30:24,589 [java.util.concurrent.ThreadPoolExecutor$Worker@713a7292[State = -1, empty queue]] WARN  server.GrpcLogAppender (GrpcLogAppender.java:timeoutAppendRequest(209)) - 42dc87bf-e32b-4dd2-9e00-10549665eb60@group-DCA73B360714->e72563ba-91b4-4473-a773-2e1c57d3b28f-GrpcLogAppender: appendEntries Timeout, request=42dc87bf-e32b-4dd2-9e00-10549665eb60->e72563ba-91b4-4473-a773-2e1c57d3b28f#48-t1, previous=(t:1, i:10), leaderCommit=10, initializing? false, entries: <empty>
2019-10-24 14:30:24,596 [EventQueue-ContainerReportForContainerReportHandler] WARN  container.ContainerReportHandler (AbstractContainerReportHandler.java:updateContainerState(145)) - Container #1 is in OPEN state, but the datanode 4fbf6b7a-b21a-4ba4-99d8-46c6f2467a6f{ip: 192.168.69.108, host: pr-hdds-2347-txrx8-1920290359, networkLocation: /default-rack, certSerialId: null} reports an CLOSED replica.
2019-10-24 14:30:24,755 [EventQueue-ContainerReportForContainerReportHandler] WARN  container.ContainerReportHandler (AbstractContainerReportHandler.java:updateContainerState(145)) - Container #1 is in OPEN state, but the datanode 42dc87bf-e32b-4dd2-9e00-10549665eb60{ip: 192.168.69.108, host: pr-hdds-2347-txrx8-1920290359, networkLocation: /default-rack, certSerialId: null} reports an CLOSED replica.
2019-10-24 14:30:24,895 [EventQueue-ContainerReportForContainerReportHandler] WARN  container.ContainerReportHandler (AbstractContainerReportHandler.java:updateContainerState(145)) - Container #1 is in OPEN state, but the datanode 4fbf6b7a-b21a-4ba4-99d8-46c6f2467a6f{ip: 192.168.69.108, host: pr-hdds-2347-txrx8-1920290359, networkLocation: /default-rack, certSerialId: null} reports an CLOSED replica.
2019-10-24 14:30:25,055 [EventQueue-ContainerReportForContainerReportHandler] WARN  container.ContainerReportHandler (AbstractContainerReportHandler.java:updateContainerState(145)) - Container #1 is in OPEN state, but the datanode 42dc87bf-e32b-4dd2-9e00-10549665eb60{ip: 192.168.69.108, host: pr-hdds-2347-txrx8-1920290359, networkLocation: /default-rack, certSerialId: null} reports an CLOSED replica.
2019-10-24 14:30:25,195 [EventQueue-ContainerReportForContainerReportHandler] WARN  container.ContainerReportHandler (AbstractContainerReportHandler.java:updateContainerState(145)) - Container #1 is in OPEN state, but the datanode 4fbf6b7a-b21a-4ba4-99d8-46c6f2467a6f{ip: 192.168.69.108, host: pr-hdds-2347-txrx8-1920290359, networkLocation: /default-rack, certSerialId: null} reports an CLOSED replica.
2019-10-24 14:30:25,201 [BlockDeletingService#2] WARN  background.BlockDeletingService (BlockDeletingService.java:isDeletionAllowed(187)) - Close Container log Index 6 is not replicated across allthe servers in the pipeline 237507d0-e2cf-4ea3-94d9-dca73b360714 as the min replicated index is 4. Deletion is not allowed in this container yet.
2019-10-24 14:30:25,201 [BlockDeletingService#0] WARN  background.BlockDeletingService (BlockDeletingService.java:isDeletionAllowed(187)) - Close Container log Index 6 is not replicated across allthe servers in the pipeline 237507d0-e2cf-4ea3-94d9-dca73b360714 as the min replicated index is 4. Deletion is not allowed in this container yet.
2019-10-24 14:30:25,456 [EventQueue-ContainerReportForContainerReportHandler] WARN  container.ContainerReportHandler (AbstractContainerReportHandler.java:updateContainerState(145)) - Container #1 is in OPEN state, but the datanode 42dc87bf-e32b-4dd2-9e00-10549665eb60{ip: 192.168.69.108, host: pr-hdds-2347-txrx8-1920290359, networkLocation: /default-rack, certSerialId: null} reports an CLOSED replica.
2019-10-24 14:30:25,595 [EventQueue-ContainerReportForContainerReportHandler] WARN  container.ContainerReportHandler (AbstractContainerReportHandler.java:updateContainerState(145)) - Container #1 is in OPEN state, but the datanode 4fbf6b7a-b21a-4ba4-99d8-46c6f2467a6f{ip: 192.168.69.108, host: pr-hdds-2347-txrx8-1920290359, networkLocation: /default-rack, certSerialId: null} reports an CLOSED replica.
2019-10-24 14:30:25,796 [EventQueue-ContainerReportForContainerReportHandler] WARN  container.ContainerReportHandler (AbstractContainerReportHandler.java:updateContainerState(145)) - Container #1 is in OPEN state, but the datanode 4fbf6b7a-b21a-4ba4-99d8-46c6f2467a6f{ip: 192.168.69.108, host: pr-hdds-2347-txrx8-1920290359, networkLocation: /default-rack, certSerialId: null} reports an CLOSED replica.
2019-10-24 14:30:25,858 [EventQueue-ContainerReportForContainerReportHandler] WARN  container.ContainerReportHandler (AbstractContainerReportHandler.java:updateContainerState(145)) - Container #1 is in OPEN state, but the datanode 42dc87bf-e32b-4dd2-9e00-10549665eb60{ip: 192.168.69.108, host: pr-hdds-2347-txrx8-1920290359, networkLocation: /default-rack, certSerialId: null} reports an CLOSED replica.
2019-10-24 14:30:26,157 [EventQueue-ContainerReportForContainerReportHandler] WARN  container.ContainerReportHandler (AbstractContainerReportHandler.java:updateContainerState(145)) - Container #1 is in OPEN state, but the datanode 42dc87bf-e32b-4dd2-9e00-10549665eb60{ip: 192.168.69.108, host: pr-hdds-2347-txrx8-1920290359, networkLocation: /default-rack, certSerialId: null} reports an CLOSED replica.
2019-10-24 14:30:26,195 [EventQueue-ContainerReportForContainerReportHandler] WARN  container.ContainerReportHandler (AbstractContainerReportHandler.java:updateContainerState(145)) - Container #1 is in OPEN state, but the datanode 4fbf6b7a-b21a-4ba4-99d8-46c6f2467a6f{ip: 192.168.69.108, host: pr-hdds-2347-txrx8-1920290359, networkLocation: /default-rack, certSerialId: null} reports an CLOSED replica.
2019-10-24 14:30:26,202 [BlockDeletingService#0] WARN  background.BlockDeletingService (BlockDeletingService.java:isDeletionAllowed(187)) - Close Container log Index 6 is not replicated across allthe servers in the pipeline 237507d0-e2cf-4ea3-94d9-dca73b360714 as the min replicated index is 4. Deletion is not allowed in this container yet.
2019-10-24 14:30:26,203 [BlockDeletingService#2] WARN  background.BlockDeletingService (BlockDeletingService.java:isDeletionAllowed(187)) - Close Container log Index 6 is not replicated across allthe servers in the pipeline 237507d0-e2cf-4ea3-94d9-dca73b360714 as the min replicated index is 4. Deletion is not allowed in this container yet.
2019-10-24 14:30:26,457 [EventQueue-ContainerReportForContainerReportHandler] WARN  container.ContainerReportHandler (AbstractContainerReportHandler.java:updateContainerState(145)) - Container #1 is in OPEN state, but the datanode 42dc87bf-e32b-4dd2-9e00-10549665eb60{ip: 192.168.69.108, host: pr-hdds-2347-txrx8-1920290359, networkLocation: /default-rack, certSerialId: null} reports an CLOSED replica.
2019-10-24 14:30:26,495 [EventQueue-ContainerReportForContainerReportHandler] WARN  container.ContainerReportHandler (AbstractContainerReportHandler.java:updateContainerState(145)) - Container #1 is in OPEN state, but the datanode 4fbf6b7a-b21a-4ba4-99d8-46c6f2467a6f{ip: 192.168.69.108, host: pr-hdds-2347-txrx8-1920290359, networkLocation: /default-rack, certSerialId: null} reports an CLOSED replica.
2019-10-24 14:30:26,758 [EventQueue-ContainerReportForContainerReportHandler] WARN  container.ContainerReportHandler (AbstractContainerReportHandler.java:updateContainerState(145)) - Container #1 is in OPEN state, but the datanode 42dc87bf-e32b-4dd2-9e00-10549665eb60{ip: 192.168.69.108, host: pr-hdds-2347-txrx8-1920290359, networkLocation: /default-rack, certSerialId: null} reports an CLOSED replica.
2019-10-24 14:30:26,795 [EventQueue-ContainerReportForContainerReportHandler] WARN  container.ContainerReportHandler (AbstractContainerReportHandler.java:updateContainerState(145)) - Container #1 is in OPEN state, but the datanode 4fbf6b7a-b21a-4ba4-99d8-46c6f2467a6f{ip: 192.168.69.108, host: pr-hdds-2347-txrx8-1920290359, networkLocation: /default-rack, certSerialId: null} reports an CLOSED replica.
2019-10-24 14:30:27,058 [EventQueue-ContainerReportForContainerReportHandler] WARN  container.ContainerReportHandler (AbstractContainerReportHandler.java:updateContainerState(145)) - Container #1 is in OPEN state, but the datanode 42dc87bf-e32b-4dd2-9e00-10549665eb60{ip: 192.168.69.108, host: pr-hdds-2347-txrx8-1920290359, networkLocation: /default-rack, certSerialId: null} reports an CLOSED replica.
2019-10-24 14:30:27,090 [java.util.concurrent.ThreadPoolExecutor$Worker@713a7292[State = -1, empty queue]] WARN  server.GrpcLogAppender (GrpcLogAppender.java:timeoutAppendRequest(209)) - 42dc87bf-e32b-4dd2-9e00-10549665eb60@group-DCA73B360714->e72563ba-91b4-4473-a773-2e1c57d3b28f-GrpcLogAppender: appendEntries Timeout, request=42dc87bf-e32b-4dd2-9e00-10549665eb60->e72563ba-91b4-4473-a773-2e1c57d3b28f#49-t1, previous=(t:1, i:10), leaderCommit=10, initializing? false, entries: <empty>
2019-10-24 14:30:27,195 [EventQueue-ContainerReportForContainerReportHandler] WARN  container.ContainerReportHandler (AbstractContainerReportHandler.java:updateContainerState(145)) - Container #1 is in OPEN state, but the datanode 4fbf6b7a-b21a-4ba4-99d8-46c6f2467a6f{ip: 192.168.69.108, host: pr-hdds-2347-txrx8-1920290359, networkLocation: /default-rack, certSerialId: null} reports an CLOSED replica.
2019-10-24 14:30:27,204 [BlockDeletingService#0] WARN  background.BlockDeletingService (BlockDeletingService.java:isDeletionAllowed(187)) - Close Container log Index 6 is not replicated across allthe servers in the pipeline 237507d0-e2cf-4ea3-94d9-dca73b360714 as the min replicated index is 4. Deletion is not allowed in this container yet.
2019-10-24 14:30:27,204 [BlockDeletingService#2] WARN  background.BlockDeletingService (BlockDeletingService.java:isDeletionAllowed(187)) - Close Container log Index 6 is not replicated across allthe servers in the pipeline 237507d0-e2cf-4ea3-94d9-dca73b360714 as the min replicated index is 4. Deletion is not allowed in this container yet.
2019-10-24 14:30:27,258 [EventQueue-ContainerReportForContainerReportHandler] WARN  container.ContainerReportHandler (AbstractContainerReportHandler.java:updateContainerState(145)) - Container #1 is in OPEN state, but the datanode 42dc87bf-e32b-4dd2-9e00-10549665eb60{ip: 192.168.69.108, host: pr-hdds-2347-txrx8-1920290359, networkLocation: /default-rack, certSerialId: null} reports an CLOSED replica.
2019-10-24 14:30:27,495 [EventQueue-ContainerReportForContainerReportHandler] WARN  container.ContainerReportHandler (AbstractContainerReportHandler.java:updateContainerState(145)) - Container #1 is in OPEN state, but the datanode 4fbf6b7a-b21a-4ba4-99d8-46c6f2467a6f{ip: 192.168.69.108, host: pr-hdds-2347-txrx8-1920290359, networkLocation: /default-rack, certSerialId: null} reports an CLOSED replica.
2019-10-24 14:30:27,558 [EventQueue-ContainerReportForContainerReportHandler] WARN  container.ContainerReportHandler (AbstractContainerReportHandler.java:updateContainerState(145)) - Container #1 is in OPEN state, but the datanode 42dc87bf-e32b-4dd2-9e00-10549665eb60{ip: 192.168.69.108, host: pr-hdds-2347-txrx8-1920290359, networkLocation: /default-rack, certSerialId: null} reports an CLOSED replica.
2019-10-24 14:30:27,858 [EventQueue-ContainerReportForContainerReportHandler] WARN  container.ContainerReportHandler (AbstractContainerReportHandler.java:updateContainerState(145)) - Container #1 is in OPEN state, but the datanode 42dc87bf-e32b-4dd2-9e00-10549665eb60{ip: 192.168.69.108, host: pr-hdds-2347-txrx8-1920290359, networkLocation: /default-rack, certSerialId: null} reports an CLOSED replica.
2019-10-24 14:30:27,896 [EventQueue-ContainerReportForContainerReportHandler] WARN  container.ContainerReportHandler (AbstractContainerReportHandler.java:updateContainerState(145)) - Container #1 is in OPEN state, but the datanode 4fbf6b7a-b21a-4ba4-99d8-46c6f2467a6f{ip: 192.168.69.108, host: pr-hdds-2347-txrx8-1920290359, networkLocation: /default-rack, certSerialId: null} reports an CLOSED replica.
2019-10-24 14:30:28,058 [EventQueue-ContainerReportForContainerReportHandler] WARN  container.ContainerReportHandler (AbstractContainerReportHandler.java:updateContainerState(145)) - Container #1 is in OPEN state, but the datanode 42dc87bf-e32b-4dd2-9e00-10549665eb60{ip: 192.168.69.108, host: pr-hdds-2347-txrx8-1920290359, networkLocation: /default-rack, certSerialId: null} reports an CLOSED replica.
2019-10-24 14:30:28,197 [EventQueue-ContainerReportForContainerReportHandler] WARN  container.ContainerReportHandler (AbstractContainerReportHandler.java:updateContainerState(145)) - Container #1 is in OPEN state, but the datanode 4fbf6b7a-b21a-4ba4-99d8-46c6f2467a6f{ip: 192.168.69.108, host: pr-hdds-2347-txrx8-1920290359, networkLocation: /default-rack, certSerialId: null} reports an CLOSED replica.
2019-10-24 14:30:28,205 [BlockDeletingService#0] WARN  background.BlockDeletingService (BlockDeletingService.java:isDeletionAllowed(187)) - Close Container log Index 6 is not replicated across allthe servers in the pipeline 237507d0-e2cf-4ea3-94d9-dca73b360714 as the min replicated index is 4. Deletion is not allowed in this container yet.
2019-10-24 14:30:28,206 [BlockDeletingService#2] WARN  background.BlockDeletingService (BlockDeletingService.java:isDeletionAllowed(187)) - Close Container log Index 6 is not replicated across allthe servers in the pipeline 237507d0-e2cf-4ea3-94d9-dca73b360714 as the min replicated index is 4. Deletion is not allowed in this container yet.
2019-10-24 14:30:28,458 [EventQueue-ContainerReportForContainerReportHandler] WARN  container.ContainerReportHandler (AbstractContainerReportHandler.java:updateContainerState(145)) - Container #1 is in OPEN state, but the datanode 42dc87bf-e32b-4dd2-9e00-10549665eb60{ip: 192.168.69.108, host: pr-hdds-2347-txrx8-1920290359, networkLocation: /default-rack, certSerialId: null} reports an CLOSED replica.
2019-10-24 14:30:28,497 [EventQueue-ContainerReportForContainerReportHandler] WARN  container.ContainerReportHandler (AbstractContainerReportHandler.java:updateContainerState(145)) - Container #1 is in OPEN state, but the datanode 4fbf6b7a-b21a-4ba4-99d8-46c6f2467a6f{ip: 192.168.69.108, host: pr-hdds-2347-txrx8-1920290359, networkLocation: /default-rack, certSerialId: null} reports an CLOSED replica.
2019-10-24 14:30:28,697 [EventQueue-ContainerReportForContainerReportHandler] WARN  container.ContainerReportHandler (AbstractContainerReportHandler.java:updateContainerState(145)) - Container #1 is in OPEN state, but the datanode 4fbf6b7a-b21a-4ba4-99d8-46c6f2467a6f{ip: 192.168.69.108, host: pr-hdds-2347-txrx8-1920290359, networkLocation: /default-rack, certSerialId: null} reports an CLOSED replica.
2019-10-24 14:30:28,758 [EventQueue-ContainerReportForContainerReportHandler] WARN  container.ContainerReportHandler (AbstractContainerReportHandler.java:updateContainerState(145)) - Container #1 is in OPEN state, but the datanode 42dc87bf-e32b-4dd2-9e00-10549665eb60{ip: 192.168.69.108, host: pr-hdds-2347-txrx8-1920290359, networkLocation: /default-rack, certSerialId: null} reports an CLOSED replica.
2019-10-24 14:30:28,768 [EventQueue-StaleNodeForStaleNodeHandler] INFO  node.StaleNodeHandler (StaleNodeHandler.java:onMessage(58)) - Datanode e72563ba-91b4-4473-a773-2e1c57d3b28f{ip: 192.168.69.108, host: pr-hdds-2347-txrx8-1920290359, networkLocation: /default-rack, certSerialId: null} moved to stale state. Finalizing its pipelines [PipelineID=e72998c9-98b8-4525-814a-659ae30b5245, PipelineID=237507d0-e2cf-4ea3-94d9-dca73b360714]
2019-10-24 14:30:28,768 [EventQueue-StaleNodeForStaleNodeHandler] INFO  pipeline.SCMPipelineManager (SCMPipelineManager.java:finalizeAndDestroyPipeline(315)) - destroying pipeline:Pipeline[ Id: e72998c9-98b8-4525-814a-659ae30b5245, Nodes: e72563ba-91b4-4473-a773-2e1c57d3b28f{ip: 192.168.69.108, host: pr-hdds-2347-txrx8-1920290359, networkLocation: /default-rack, certSerialId: null}, Type:RATIS, Factor:ONE, State:OPEN]
2019-10-24 14:30:28,770 [EventQueue-StaleNodeForStaleNodeHandler] INFO  pipeline.PipelineStateManager (PipelineStateManager.java:finalizePipeline(123)) - Pipeline Pipeline[ Id: e72998c9-98b8-4525-814a-659ae30b5245, Nodes: e72563ba-91b4-4473-a773-2e1c57d3b28f{ip: 192.168.69.108, host: pr-hdds-2347-txrx8-1920290359, networkLocation: /default-rack, certSerialId: null}, Type:RATIS, Factor:ONE, State:CLOSED] moved to CLOSED state
2019-10-24 14:30:28,772 [EventQueue-StaleNodeForStaleNodeHandler] INFO  pipeline.SCMPipelineManager (SCMPipelineManager.java:finalizeAndDestroyPipeline(315)) - destroying pipeline:Pipeline[ Id: 237507d0-e2cf-4ea3-94d9-dca73b360714, Nodes: 42dc87bf-e32b-4dd2-9e00-10549665eb60{ip: 192.168.69.108, host: pr-hdds-2347-txrx8-1920290359, networkLocation: /default-rack, certSerialId: null}e72563ba-91b4-4473-a773-2e1c57d3b28f{ip: 192.168.69.108, host: pr-hdds-2347-txrx8-1920290359, networkLocation: /default-rack, certSerialId: null}4fbf6b7a-b21a-4ba4-99d8-46c6f2467a6f{ip: 192.168.69.108, host: pr-hdds-2347-txrx8-1920290359, networkLocation: /default-rack, certSerialId: null}, Type:RATIS, Factor:THREE, State:OPEN]
2019-10-24 14:30:28,773 [EventQueue-StaleNodeForStaleNodeHandler] INFO  pipeline.PipelineStateManager (PipelineStateManager.java:finalizePipeline(123)) - Pipeline Pipeline[ Id: 237507d0-e2cf-4ea3-94d9-dca73b360714, Nodes: 42dc87bf-e32b-4dd2-9e00-10549665eb60{ip: 192.168.69.108, host: pr-hdds-2347-txrx8-1920290359, networkLocation: /default-rack, certSerialId: null}e72563ba-91b4-4473-a773-2e1c57d3b28f{ip: 192.168.69.108, host: pr-hdds-2347-txrx8-1920290359, networkLocation: /default-rack, certSerialId: null}4fbf6b7a-b21a-4ba4-99d8-46c6f2467a6f{ip: 192.168.69.108, host: pr-hdds-2347-txrx8-1920290359, networkLocation: /default-rack, certSerialId: null}, Type:RATIS, Factor:THREE, State:CLOSED] moved to CLOSED state
2019-10-24 14:30:28,773 [EventQueue-CloseContainerForCloseContainerEventHandler] INFO  container.CloseContainerEventHandler (CloseContainerEventHandler.java:onMessage(61)) - Close container Event triggered for container : #1
2019-10-24 14:30:28,897 [EventQueue-ContainerReportForContainerReportHandler] INFO  container.ContainerReportHandler (AbstractContainerReportHandler.java:updateContainerState(178)) - Moving container #1 to CLOSED state, datanode 4fbf6b7a-b21a-4ba4-99d8-46c6f2467a6f{ip: 192.168.69.108, host: pr-hdds-2347-txrx8-1920290359, networkLocation: /default-rack, certSerialId: null} reported CLOSED replica.
2019-10-24 14:30:29,207 [BlockDeletingService#0] WARN  background.BlockDeletingService (BlockDeletingService.java:isDeletionAllowed(187)) - Close Container log Index 6 is not replicated across allthe servers in the pipeline 237507d0-e2cf-4ea3-94d9-dca73b360714 as the min replicated index is 4. Deletion is not allowed in this container yet.
2019-10-24 14:30:29,207 [BlockDeletingService#2] WARN  background.BlockDeletingService (BlockDeletingService.java:isDeletionAllowed(187)) - Close Container log Index 6 is not replicated across allthe servers in the pipeline 237507d0-e2cf-4ea3-94d9-dca73b360714 as the min replicated index is 4. Deletion is not allowed in this container yet.
2019-10-24 14:30:29,329 [Thread-528] INFO  client.GrpcClientProtocolService (GrpcClientProtocolService.java:lambda$processClientRequest$0(279)) - Failed RaftClientRequest:client-6194C1F728FC->4fbf6b7a-b21a-4ba4-99d8-46c6f2467a6f@group-DCA73B360714, cid=10, seq=0, Watch-ALL_COMMITTED(6), Message:<EMPTY>, reply=RaftClientReply:client-6194C1F728FC->4fbf6b7a-b21a-4ba4-99d8-46c6f2467a6f@group-DCA73B360714, cid=10, FAILED org.apache.ratis.protocol.NotLeaderException: Server 4fbf6b7a-b21a-4ba4-99d8-46c6f2467a6f@group-DCA73B360714 is not the leader 42dc87bf-e32b-4dd2-9e00-10549665eb60:192.168.69.108:40840, logIndex=0, commits[4fbf6b7a-b21a-4ba4-99d8-46c6f2467a6f:c10, e72563ba-91b4-4473-a773-2e1c57d3b28f:c4, 42dc87bf-e32b-4dd2-9e00-10549665eb60:c10]
2019-10-24 14:30:29,347 [SCMBlockDeletingService#1] INFO  block.SCMBlockDeletingService (SCMBlockDeletingService.java:call(184)) - Totally added 3 delete blocks command for 3 datanodes, task elapsed time: 12ms
2019-10-24 14:30:29,399 [EventQueue-PendingDeleteStatusForPendingDeleteHandler] INFO  block.SCMBlockDeletingService (SCMBlockDeletingService.java:handlePendingDeletes(115)) - Block deletion txnID mismatch in datanode 4fbf6b7a-b21a-4ba4-99d8-46c6f2467a6f for containerID 1. Datanode delete txnID: 0, SCM txnID: 1
2019-10-24 14:30:29,458 [EventQueue-PendingDeleteStatusForPendingDeleteHandler] INFO  block.SCMBlockDeletingService (SCMBlockDeletingService.java:handlePendingDeletes(115)) - Block deletion txnID mismatch in datanode 42dc87bf-e32b-4dd2-9e00-10549665eb60 for containerID 1. Datanode delete txnID: 0, SCM txnID: 1
2019-10-24 14:30:29,591 [java.util.concurrent.ThreadPoolExecutor$Worker@713a7292[State = -1, empty queue]] WARN  server.GrpcLogAppender (GrpcLogAppender.java:timeoutAppendRequest(209)) - 42dc87bf-e32b-4dd2-9e00-10549665eb60@group-DCA73B360714->e72563ba-91b4-4473-a773-2e1c57d3b28f-GrpcLogAppender: appendEntries Timeout, request=42dc87bf-e32b-4dd2-9e00-10549665eb60->e72563ba-91b4-4473-a773-2e1c57d3b28f#50-t1, previous=(t:1, i:10), leaderCommit=10, initializing? false, entries: <empty>
2019-10-24 14:30:29,697 [EventQueue-PendingDeleteStatusForPendingDeleteHandler] INFO  block.SCMBlockDeletingService (SCMBlockDeletingService.java:handlePendingDeletes(115)) - Block deletion txnID mismatch in datanode 4fbf6b7a-b21a-4ba4-99d8-46c6f2467a6f for containerID 1. Datanode delete txnID: 0, SCM txnID: 1
2019-10-24 14:30:29,758 [EventQueue-PendingDeleteStatusForPendingDeleteHandler] INFO  block.SCMBlockDeletingService (SCMBlockDeletingService.java:handlePendingDeletes(115)) - Block deletion txnID mismatch in datanode 42dc87bf-e32b-4dd2-9e00-10549665eb60 for containerID 1. Datanode delete txnID: 0, SCM txnID: 1
2019-10-24 14:30:29,997 [EventQueue-PendingDeleteStatusForPendingDeleteHandler] INFO  block.SCMBlockDeletingService (SCMBlockDeletingService.java:handlePendingDeletes(115)) - Block deletion txnID mismatch in datanode 4fbf6b7a-b21a-4ba4-99d8-46c6f2467a6f for containerID 1. Datanode delete txnID: 0, SCM txnID: 1
2019-10-24 14:30:30,158 [EventQueue-PendingDeleteStatusForPendingDeleteHandler] INFO  block.SCMBlockDeletingService (SCMBlockDeletingService.java:handlePendingDeletes(115)) - Block deletion txnID mismatch in datanode 42dc87bf-e32b-4dd2-9e00-10549665eb60 for containerID 1. Datanode delete txnID: 0, SCM txnID: 1
2019-10-24 14:30:30,209 [BlockDeletingService#0] WARN  background.BlockDeletingService (BlockDeletingService.java:isDeletionAllowed(187)) - Close Container log Index 6 is not replicated across allthe servers in the pipeline 237507d0-e2cf-4ea3-94d9-dca73b360714 as the min replicated index is 4. Deletion is not allowed in this container yet.
2019-10-24 14:30:30,209 [BlockDeletingService#2] WARN  background.BlockDeletingService (BlockDeletingService.java:isDeletionAllowed(187)) - Close Container log Index 6 is not replicated across allthe servers in the pipeline 237507d0-e2cf-4ea3-94d9-dca73b360714 as the min replicated index is 4. Deletion is not allowed in this container yet.
2019-10-24 14:30:30,297 [EventQueue-PendingDeleteStatusForPendingDeleteHandler] INFO  block.SCMBlockDeletingService (SCMBlockDeletingService.java:handlePendingDeletes(115)) - Block deletion txnID mismatch in datanode 4fbf6b7a-b21a-4ba4-99d8-46c6f2467a6f for containerID 1. Datanode delete txnID: 0, SCM txnID: 1
2019-10-24 14:30:30,348 [pool-7-thread-1] INFO  commands.RetriableDatanodeEventWatcher (RetriableDatanodeEventWatcher.java:onTimeout(47)) - RetriableDatanodeCommand type=deleteBlocksCommand with id=1571927429346 timed out. Retrying.
2019-10-24 14:30:30,349 [SCMBlockDeletingService#1] INFO  block.SCMBlockDeletingService (SCMBlockDeletingService.java:call(184)) - Totally added 3 delete blocks command for 3 datanodes, task elapsed time: 1ms
2019-10-24 14:30:30,349 [pool-7-thread-3] INFO  commands.RetriableDatanodeEventWatcher (RetriableDatanodeEventWatcher.java:onTimeout(47)) - RetriableDatanodeCommand type=deleteBlocksCommand with id=1571927429348 timed out. Retrying.
2019-10-24 14:30:30,349 [pool-7-thread-2] INFO  commands.RetriableDatanodeEventWatcher (RetriableDatanodeEventWatcher.java:onTimeout(47)) - RetriableDatanodeCommand type=deleteBlocksCommand with id=1571927429347 timed out. Retrying.
2019-10-24 14:30:30,358 [EventQueue-PendingDeleteStatusForPendingDeleteHandler] INFO  block.SCMBlockDeletingService (SCMBlockDeletingService.java:handlePendingDeletes(115)) - Block deletion txnID mismatch in datanode 42dc87bf-e32b-4dd2-9e00-10549665eb60 for containerID 1. Datanode delete txnID: 0, SCM txnID: 1
2019-10-24 14:30:30,360 [Command processor thread] INFO  commandhandler.DeleteBlocksCommandHandler (DeleteBlocksCommandHandler.java:handle(106)) - Start to delete container blocks, TXIDs=[1(0)], numOfContainers=1, numOfBlocks=1
2019-10-24 14:30:30,375 [Command processor thread] INFO  commandhandler.DeleteBlocksCommandHandler (DeleteBlocksCommandHandler.java:handle(106)) - Start to delete container blocks, TXIDs=[1(2)], numOfContainers=1, numOfBlocks=1
2019-10-24 14:30:30,376 [Command processor thread] INFO  commandhandler.DeleteBlocksCommandHandler (DeleteBlocksCommandHandler.java:handle(106)) - Start to delete container blocks, TXIDs=[1(0)], numOfContainers=1, numOfBlocks=1
2019-10-24 14:30:30,397 [Command processor thread] INFO  commandhandler.DeleteBlocksCommandHandler (DeleteBlocksCommandHandler.java:handle(106)) - Start to delete container blocks, TXIDs=[1(0)], numOfContainers=1, numOfBlocks=1
2019-10-24 14:30:30,649 [main] INFO  impl.MetricsSystemImpl (MetricsSystemImpl.java:init(158)) - HddsDatanode metrics system started (again)
2019-10-24 14:30:30,698 [main] INFO  ozone.HddsDatanodeService (HddsDatanodeService.java:start(184)) - HddsDatanodeService host:pr-hdds-2347-txrx8-1920290359 ip:192.168.69.108
2019-10-24 14:30:30,702 [main] INFO  volume.VolumeUsage (VolumeUsage.java:loadScmUsed(144)) - Cached ScmUsed found for /workdir/hadoop-ozone/integration-test/target/test-dir/MiniOzoneClusterImpl-876addf8-037c-4ba7-a652-3bac2fcc9b72/datanode-2/data/containers : 4096 
2019-10-24 14:30:30,702 [main] INFO  volume.HddsVolume (HddsVolume.java:<init>(176)) - Creating Volume: /workdir/hadoop-ozone/integration-test/target/test-dir/MiniOzoneClusterImpl-876addf8-037c-4ba7-a652-3bac2fcc9b72/datanode-2/data/containers/hdds of  storage type : DISK and capacity : 1482555576320
2019-10-24 14:30:30,703 [main] INFO  volume.VolumeSet (VolumeSet.java:initializeVolumeSet(170)) - Added Volume : /workdir/hadoop-ozone/integration-test/target/test-dir/MiniOzoneClusterImpl-876addf8-037c-4ba7-a652-3bac2fcc9b72/datanode-2/data/containers/hdds to VolumeSet
2019-10-24 14:30:30,703 [main] INFO  volume.ThrottledAsyncChecker (ThrottledAsyncChecker.java:schedule(141)) - Scheduling a check for /workdir/hadoop-ozone/integration-test/target/test-dir/MiniOzoneClusterImpl-876addf8-037c-4ba7-a652-3bac2fcc9b72/datanode-2/data/containers/hdds
2019-10-24 14:30:30,704 [main] INFO  volume.HddsVolumeChecker (HddsVolumeChecker.java:checkAllVolumes(204)) - Scheduled health check for volume /workdir/hadoop-ozone/integration-test/target/test-dir/MiniOzoneClusterImpl-876addf8-037c-4ba7-a652-3bac2fcc9b72/datanode-2/data/containers/hdds
2019-10-24 14:30:30,745 [main] INFO  impl.RaftServerProxy (ConfUtils.java:logGet(43)) - raft.rpc.type = GRPC (default)
2019-10-24 14:30:30,746 [main] INFO  grpc.GrpcFactory (GrpcFactory.java:checkPooledByteBufAllocatorUseCacheForAllThreads(45)) - PERFORMANCE WARNING: useCacheForAllThreads is true that may cause Netty to create a lot garbage objects and, as a result, trigger GC.
	It is recommended to disable useCacheForAllThreads by setting -Dorg.apache.ratis.thirdparty.io.netty.allocator.useCacheForAllThreads=false in command line.
2019-10-24 14:30:30,746 [main] INFO  grpc.GrpcConfigKeys$Server (ConfUtils.java:logGet(43)) - raft.grpc.server.port = 38541 (custom)
2019-10-24 14:30:30,747 [main] INFO  server.GrpcService (ConfUtils.java:logGet(43)) - raft.grpc.message.size.max = 33570816 (custom)
2019-10-24 14:30:30,747 [main] INFO  server.RaftServerConfigKeys (ConfUtils.java:logGet(43)) - raft.server.log.appender.buffer.byte-limit = 33554432 (custom)
2019-10-24 14:30:30,747 [main] INFO  server.GrpcService (ConfUtils.java:logGet(43)) - raft.grpc.flow.control.window = 1MB (=1048576) (default)
2019-10-24 14:30:30,747 [main] INFO  server.RaftServerConfigKeys (ConfUtils.java:logGet(43)) - raft.server.rpc.request.timeout = 3000ms (default)
2019-10-24 14:30:30,748 [main] INFO  server.RaftServerConfigKeys (ConfUtils.java:logGet(43)) - raft.server.storage.dir = [/workdir/hadoop-ozone/integration-test/target/test-dir/MiniOzoneClusterImpl-876addf8-037c-4ba7-a652-3bac2fcc9b72/datanode-2/data/ratis] (custom)
2019-10-24 14:30:30,748 [main] INFO  impl.RaftServerProxy (RaftServerProxy.java:lambda$null$0(191)) - e72563ba-91b4-4473-a773-2e1c57d3b28f: found a subdirectory /workdir/hadoop-ozone/integration-test/target/test-dir/MiniOzoneClusterImpl-876addf8-037c-4ba7-a652-3bac2fcc9b72/datanode-2/data/ratis/e72998c9-98b8-4525-814a-659ae30b5245
2019-10-24 14:30:30,749 [main] INFO  impl.RaftServerProxy (RaftServerProxy.java:addNew(89)) - e72563ba-91b4-4473-a773-2e1c57d3b28f: addNew group-659AE30B5245:[] returns group-659AE30B5245:java.util.concurrent.CompletableFuture@1fc713c9[Not completed]
2019-10-24 14:30:30,750 [main] INFO  impl.RaftServerProxy (RaftServerProxy.java:lambda$null$0(191)) - e72563ba-91b4-4473-a773-2e1c57d3b28f: found a subdirectory /workdir/hadoop-ozone/integration-test/target/test-dir/MiniOzoneClusterImpl-876addf8-037c-4ba7-a652-3bac2fcc9b72/datanode-2/data/ratis/237507d0-e2cf-4ea3-94d9-dca73b360714
2019-10-24 14:30:30,750 [main] INFO  impl.RaftServerProxy (RaftServerProxy.java:addNew(89)) - e72563ba-91b4-4473-a773-2e1c57d3b28f: addNew group-DCA73B360714:[] returns group-DCA73B360714:java.util.concurrent.CompletableFuture@7301eebe[Not completed]
2019-10-24 14:30:30,755 [main] INFO  hdfs.DFSUtil (DFSUtil.java:httpServerTemplateForNNAndJN(1641)) - Starting Web-server for hddsDatanode at: http://0.0.0.0:42409
2019-10-24 14:30:30,755 [pool-59-thread-1] INFO  impl.RaftServerImpl (RaftServerImpl.java:<init>(98)) - e72563ba-91b4-4473-a773-2e1c57d3b28f: new RaftServerImpl for group-659AE30B5245:[] with ContainerStateMachine:uninitialized
2019-10-24 14:30:30,759 [pool-59-thread-1] INFO  server.RaftServerConfigKeys (ConfUtils.java:logGet(43)) - raft.server.rpc.timeout.min = 5s (custom)
2019-10-24 14:30:30,759 [pool-59-thread-1] INFO  server.RaftServerConfigKeys (ConfUtils.java:logGet(43)) - raft.server.rpc.timeout.max = 5200ms (custom)
2019-10-24 14:30:30,760 [pool-59-thread-1] INFO  server.RaftServerConfigKeys (ConfUtils.java:logGet(43)) - raft.server.rpcslowness.timeout = 1000s (custom)
2019-10-24 14:30:30,760 [pool-59-thread-1] INFO  server.RaftServerConfigKeys (ConfUtils.java:logGet(43)) - raft.server.sleep.deviation.threshold = 300 (default)
2019-10-24 14:30:30,760 [pool-59-thread-1] INFO  server.RaftServerConfigKeys (ConfUtils.java:logGet(43)) - raft.server.log.appender.install.snapshot.enabled = false (custom)
2019-10-24 14:30:30,760 [pool-59-thread-1] INFO  impl.RaftServerImpl (ServerState.java:<init>(103)) - e72563ba-91b4-4473-a773-2e1c57d3b28f@group-659AE30B5245: ConfigurationManager, init=-1: [], old=null, confs=<EMPTY_MAP>
2019-10-24 14:30:30,760 [pool-59-thread-1] INFO  server.RaftServerConfigKeys (ConfUtils.java:logGet(43)) - raft.server.storage.dir = [/workdir/hadoop-ozone/integration-test/target/test-dir/MiniOzoneClusterImpl-876addf8-037c-4ba7-a652-3bac2fcc9b72/datanode-2/data/ratis] (custom)
2019-10-24 14:30:30,761 [pool-59-thread-1] INFO  server.RaftServerConfigKeys (ConfUtils.java:logGet(43)) - raft.server.log.corruption.policy = EXCEPTION (default)
2019-10-24 14:30:30,762 [main] INFO  server.AuthenticationFilter (AuthenticationFilter.java:constructSecretProvider(240)) - Unable to initialize FileSignerSecretProvider, falling back to use random secrets.
2019-10-24 14:30:30,763 [main] WARN  http.HttpRequestLog (HttpRequestLog.java:getRequestLog(97)) - Jetty request log can only be enabled using Log4j
2019-10-24 14:30:30,765 [main] INFO  http.HttpServer2 (HttpServer2.java:addGlobalFilter(975)) - Added global filter 'safety' (class=org.apache.hadoop.http.HttpServer2$QuotingInputFilter)
2019-10-24 14:30:30,766 [main] INFO  http.HttpServer2 (HttpServer2.java:addFilter(948)) - Added filter static_user_filter (class=org.apache.hadoop.http.lib.StaticUserWebFilter$StaticUserFilter) to context hddsDatanode
2019-10-24 14:30:30,767 [main] INFO  http.HttpServer2 (HttpServer2.java:addFilter(958)) - Added filter static_user_filter (class=org.apache.hadoop.http.lib.StaticUserWebFilter$StaticUserFilter) to context logs
2019-10-24 14:30:30,767 [main] INFO  http.HttpServer2 (HttpServer2.java:addFilter(958)) - Added filter static_user_filter (class=org.apache.hadoop.http.lib.StaticUserWebFilter$StaticUserFilter) to context static
2019-10-24 14:30:30,768 [main] INFO  http.HttpServer2 (HttpServer2.java:bindListener(1191)) - Jetty bound to port 42409
2019-10-24 14:30:30,769 [main] INFO  server.Server (Server.java:doStart(351)) - jetty-9.3.25.v20180904, build timestamp: 2018-09-04T21:11:46Z, git hash: 3ce520221d0240229c862b122d2b06c12a625732
2019-10-24 14:30:30,771 [main] INFO  handler.ContextHandler (ContextHandler.java:doStart(781)) - Started o.e.j.s.ServletContextHandler@6848a051{/logs,file:///workdir/hadoop-ozone/integration-test/target/log,AVAILABLE}
2019-10-24 14:30:30,772 [main] INFO  handler.ContextHandler (ContextHandler.java:doStart(781)) - Started o.e.j.s.ServletContextHandler@5740ff5e{/static,jar:file:/home/user/.m2/repository/org/apache/hadoop/hadoop-hdds-container-service/0.5.0-SNAPSHOT/hadoop-hdds-container-service-0.5.0-SNAPSHOT.jar!/webapps/static,AVAILABLE}
2019-10-24 14:30:30,774 [pool-59-thread-1] INFO  storage.RaftStorageDirectory (RaftStorageDirectory.java:tryLock(328)) - Lock on /workdir/hadoop-ozone/integration-test/target/test-dir/MiniOzoneClusterImpl-876addf8-037c-4ba7-a652-3bac2fcc9b72/datanode-2/data/ratis/e72998c9-98b8-4525-814a-659ae30b5245/in_use.lock acquired by nodename 32372@pr-hdds-2347-txrx8-1920290359
2019-10-24 14:30:30,776 [pool-59-thread-1] INFO  ratis.ContainerStateMachine (ContainerStateMachine.java:loadSnapshot(231)) - group-659AE30B5245: The snapshot info is null. Setting the last applied indexto:(t:0, i:~)
2019-10-24 14:30:30,776 [pool-59-thread-1] INFO  server.RaftServerConfigKeys (ConfUtils.java:logGet(43)) - raft.server.notification.no-leader.timeout = 1000s (custom)
2019-10-24 14:30:30,776 [pool-59-thread-1] INFO  server.RaftServerConfigKeys (ConfUtils.java:logGet(43)) - raft.server.log.use.memory = false (default)
2019-10-24 14:30:30,776 [pool-59-thread-1] INFO  server.RaftServerConfigKeys (ConfUtils.java:logGet(43)) - raft.server.log.purge.gap = 1000000 (custom)
2019-10-24 14:30:30,776 [pool-59-thread-1] INFO  server.RaftServerConfigKeys (ConfUtils.java:logGet(43)) - raft.server.log.appender.buffer.byte-limit = 33554432 (custom)
2019-10-24 14:30:30,777 [pool-59-thread-1] INFO  server.RaftServerConfigKeys (ConfUtils.java:logGet(43)) - raft.server.log.segment.size.max = 1048576 (custom)
2019-10-24 14:30:30,777 [pool-59-thread-1] INFO  server.RaftServerConfigKeys (ConfUtils.java:logGet(43)) - raft.server.log.segment.cache.num.max = 2 (custom)
2019-10-24 14:30:30,777 [pool-59-thread-1] INFO  segmented.SegmentedRaftLogWorker (SegmentedRaftLogWorker.java:<init>(173)) - new e72563ba-91b4-4473-a773-2e1c57d3b28f@group-659AE30B5245-SegmentedRaftLogWorker for RaftStorage:Storage Directory /workdir/hadoop-ozone/integration-test/target/test-dir/MiniOzoneClusterImpl-876addf8-037c-4ba7-a652-3bac2fcc9b72/datanode-2/data/ratis/e72998c9-98b8-4525-814a-659ae30b5245
2019-10-24 14:30:30,777 [pool-59-thread-1] INFO  server.RaftServerConfigKeys (ConfUtils.java:logGet(43)) - raft.server.log.queue.byte-limit = 2147483647 (custom)
2019-10-24 14:30:30,777 [pool-59-thread-1] INFO  server.RaftServerConfigKeys (ConfUtils.java:logGet(43)) - raft.server.log.queue.element-limit = 1024 (custom)
2019-10-24 14:30:30,778 [pool-59-thread-1] INFO  server.RaftServerConfigKeys (ConfUtils.java:logGet(43)) - raft.server.log.segment.size.max = 1048576 (custom)
2019-10-24 14:30:30,778 [pool-59-thread-1] INFO  server.RaftServerConfigKeys (ConfUtils.java:logGet(43)) - raft.server.log.preallocated.size = 16384 (custom)
2019-10-24 14:30:30,778 [pool-59-thread-1] INFO  server.RaftServerConfigKeys (ConfUtils.java:logGet(43)) - raft.server.log.write.buffer.size = 33554432 (custom)
2019-10-24 14:30:30,778 [pool-59-thread-1] INFO  server.RaftServerConfigKeys (ConfUtils.java:logGet(43)) - raft.server.log.force.sync.num = 128 (default)
2019-10-24 14:30:30,778 [pool-59-thread-1] INFO  server.RaftServerConfigKeys (ConfUtils.java:logGet(43)) - raft.server.log.statemachine.data.sync = true (default)
2019-10-24 14:30:30,778 [pool-59-thread-1] INFO  server.RaftServerConfigKeys (ConfUtils.java:logGet(43)) - raft.server.log.statemachine.data.sync.timeout = 10s (default)
2019-10-24 14:30:30,779 [pool-59-thread-1] INFO  server.RaftServerConfigKeys (ConfUtils.java:logGet(43)) - raft.server.log.statemachine.data.sync.timeout.retry = -1 (default)
2019-10-24 14:30:30,779 [pool-59-thread-1] INFO  server.RaftServerConfigKeys (ConfUtils.java:logGet(43)) - raft.server.log.statemachine.data.caching.enabled = true (custom)
2019-10-24 14:30:30,787 [pool-59-thread-1] INFO  impl.RaftServerImpl (ServerState.java:setRaftConf(356)) - e72563ba-91b4-4473-a773-2e1c57d3b28f@group-659AE30B5245: set configuration 0: [e72563ba-91b4-4473-a773-2e1c57d3b28f:192.168.69.108:38541], old=null at 0
2019-10-24 14:30:30,789 [pool-59-thread-1] INFO  segmented.LogSegment (LogSegment.java:loadSegment(140)) - Successfully read 1 entries from segment file /workdir/hadoop-ozone/integration-test/target/test-dir/MiniOzoneClusterImpl-876addf8-037c-4ba7-a652-3bac2fcc9b72/datanode-2/data/ratis/e72998c9-98b8-4525-814a-659ae30b5245/current/log_inprogress_0
2019-10-24 14:30:30,789 [pool-59-thread-1] INFO  segmented.SegmentedRaftLogWorker (SegmentedRaftLogWorker.java:lambda$new$0(128)) - e72563ba-91b4-4473-a773-2e1c57d3b28f@group-659AE30B5245-SegmentedRaftLogWorker: flushIndex: setUnconditionally 0 -> 0
2019-10-24 14:30:30,819 [main] INFO  handler.ContextHandler (ContextHandler.java:doStart(781)) - Started o.e.j.w.WebAppContext@37854b34{/,file:///tmp/jetty-0.0.0.0-42409-hddsDatanode-_-any-2355548660738572110.dir/webapp/,AVAILABLE}{/hddsDatanode}
2019-10-24 14:30:30,819 [pool-59-thread-1] INFO  server.RaftServerConfigKeys (ConfUtils.java:logGet(43)) - raft.server.snapshot.auto.trigger.enabled = true (custom)
2019-10-24 14:30:30,819 [pool-59-thread-1] INFO  server.RaftServerConfigKeys (ConfUtils.java:logGet(43)) - raft.server.snapshot.auto.trigger.threshold = 10000 (custom)
2019-10-24 14:30:30,820 [main] INFO  server.AbstractConnector (AbstractConnector.java:doStart(278)) - Started ServerConnector@48eb001a{HTTP/1.1,[http/1.1]}{0.0.0.0:42409}
2019-10-24 14:30:30,821 [pool-59-thread-1] INFO  server.RaftServerConfigKeys (ConfUtils.java:logGet(43)) - raft.server.snapshot.retention.file.num = 5 (custom)
2019-10-24 14:30:30,821 [main] INFO  server.Server (Server.java:doStart(419)) - Started @118415ms
2019-10-24 14:30:30,821 [pool-59-thread-1] INFO  server.RaftServerConfigKeys (ConfUtils.java:logGet(43)) - raft.server.retrycache.expirytime = 600000ms (custom)
2019-10-24 14:30:30,821 [main] WARN  impl.MetricsSystemImpl (MetricsSystemImpl.java:register(276)) - Sink prometheus already exists!
2019-10-24 14:30:30,822 [main] INFO  server.BaseHttpServer (BaseHttpServer.java:updateConnectorAddress(215)) - HTTP server of HDDSDATANODE is listening at http://0.0.0.0:42409
2019-10-24 14:30:30,823 [pool-59-thread-1] INFO  impl.RaftServerImpl (RaftServerImpl.java:<init>(98)) - e72563ba-91b4-4473-a773-2e1c57d3b28f: new RaftServerImpl for group-DCA73B360714:[] with ContainerStateMachine:uninitialized
2019-10-24 14:30:30,823 [pool-59-thread-1] INFO  server.RaftServerConfigKeys (ConfUtils.java:logGet(43)) - raft.server.rpc.timeout.min = 5s (custom)
2019-10-24 14:30:30,823 [pool-59-thread-1] INFO  server.RaftServerConfigKeys (ConfUtils.java:logGet(43)) - raft.server.rpc.timeout.max = 5200ms (custom)
2019-10-24 14:30:30,824 [pool-59-thread-1] INFO  server.RaftServerConfigKeys (ConfUtils.java:logGet(43)) - raft.server.rpcslowness.timeout = 1000s (custom)
2019-10-24 14:30:30,824 [pool-59-thread-1] INFO  server.RaftServerConfigKeys (ConfUtils.java:logGet(43)) - raft.server.sleep.deviation.threshold = 300 (default)
2019-10-24 14:30:30,824 [pool-59-thread-1] INFO  server.RaftServerConfigKeys (ConfUtils.java:logGet(43)) - raft.server.log.appender.install.snapshot.enabled = false (custom)
2019-10-24 14:30:30,824 [pool-59-thread-1] INFO  impl.RaftServerImpl (ServerState.java:<init>(103)) - e72563ba-91b4-4473-a773-2e1c57d3b28f@group-DCA73B360714: ConfigurationManager, init=-1: [], old=null, confs=<EMPTY_MAP>
2019-10-24 14:30:30,824 [pool-59-thread-1] INFO  server.RaftServerConfigKeys (ConfUtils.java:logGet(43)) - raft.server.storage.dir = [/workdir/hadoop-ozone/integration-test/target/test-dir/MiniOzoneClusterImpl-876addf8-037c-4ba7-a652-3bac2fcc9b72/datanode-2/data/ratis] (custom)
2019-10-24 14:30:30,824 [pool-59-thread-1] INFO  server.RaftServerConfigKeys (ConfUtils.java:logGet(43)) - raft.server.log.corruption.policy = EXCEPTION (default)
2019-10-24 14:30:30,825 [org.apache.hadoop.util.JvmPauseMonitor$Monitor@3e3e2ce8] INFO  util.JvmPauseMonitor (JvmPauseMonitor.java:run(188)) - Starting JVM pause monitor
2019-10-24 14:30:30,837 [pool-59-thread-1] INFO  storage.RaftStorageDirectory (RaftStorageDirectory.java:tryLock(328)) - Lock on /workdir/hadoop-ozone/integration-test/target/test-dir/MiniOzoneClusterImpl-876addf8-037c-4ba7-a652-3bac2fcc9b72/datanode-2/data/ratis/237507d0-e2cf-4ea3-94d9-dca73b360714/in_use.lock acquired by nodename 32372@pr-hdds-2347-txrx8-1920290359
2019-10-24 14:30:30,839 [pool-59-thread-1] INFO  ratis.ContainerStateMachine (ContainerStateMachine.java:loadSnapshot(240)) - group-DCA73B360714: Setting the last applied index to (t:1, i:3)
2019-10-24 14:30:30,844 [pool-59-thread-1] INFO  impl.RaftServerImpl (ServerState.java:setRaftConf(356)) - e72563ba-91b4-4473-a773-2e1c57d3b28f@group-DCA73B360714: set configuration 0: [e72563ba-91b4-4473-a773-2e1c57d3b28f:192.168.69.108:38541, 42dc87bf-e32b-4dd2-9e00-10549665eb60:192.168.69.108:40840, 4fbf6b7a-b21a-4ba4-99d8-46c6f2467a6f:192.168.69.108:45188], old=null at 0
2019-10-24 14:30:30,844 [pool-59-thread-1] INFO  server.RaftServerConfigKeys (ConfUtils.java:logGet(43)) - raft.server.notification.no-leader.timeout = 1000s (custom)
2019-10-24 14:30:30,844 [pool-59-thread-1] INFO  server.RaftServerConfigKeys (ConfUtils.java:logGet(43)) - raft.server.log.use.memory = false (default)
2019-10-24 14:30:30,844 [pool-59-thread-1] INFO  server.RaftServerConfigKeys (ConfUtils.java:logGet(43)) - raft.server.log.purge.gap = 1000000 (custom)
2019-10-24 14:30:30,844 [pool-59-thread-1] INFO  server.RaftServerConfigKeys (ConfUtils.java:logGet(43)) - raft.server.log.appender.buffer.byte-limit = 33554432 (custom)
2019-10-24 14:30:30,845 [pool-59-thread-1] INFO  server.RaftServerConfigKeys (ConfUtils.java:logGet(43)) - raft.server.log.segment.size.max = 1048576 (custom)
2019-10-24 14:30:30,845 [pool-59-thread-1] INFO  server.RaftServerConfigKeys (ConfUtils.java:logGet(43)) - raft.server.log.segment.cache.num.max = 2 (custom)
2019-10-24 14:30:30,845 [pool-59-thread-1] INFO  segmented.SegmentedRaftLogWorker (SegmentedRaftLogWorker.java:<init>(173)) - new e72563ba-91b4-4473-a773-2e1c57d3b28f@group-DCA73B360714-SegmentedRaftLogWorker for RaftStorage:Storage Directory /workdir/hadoop-ozone/integration-test/target/test-dir/MiniOzoneClusterImpl-876addf8-037c-4ba7-a652-3bac2fcc9b72/datanode-2/data/ratis/237507d0-e2cf-4ea3-94d9-dca73b360714
2019-10-24 14:30:30,845 [pool-59-thread-1] INFO  server.RaftServerConfigKeys (ConfUtils.java:logGet(43)) - raft.server.log.queue.byte-limit = 2147483647 (custom)
2019-10-24 14:30:30,845 [pool-59-thread-1] INFO  server.RaftServerConfigKeys (ConfUtils.java:logGet(43)) - raft.server.log.queue.element-limit = 1024 (custom)
2019-10-24 14:30:30,845 [pool-59-thread-1] INFO  server.RaftServerConfigKeys (ConfUtils.java:logGet(43)) - raft.server.log.segment.size.max = 1048576 (custom)
2019-10-24 14:30:30,845 [pool-59-thread-1] INFO  server.RaftServerConfigKeys (ConfUtils.java:logGet(43)) - raft.server.log.preallocated.size = 16384 (custom)
2019-10-24 14:30:30,845 [pool-59-thread-1] INFO  server.RaftServerConfigKeys (ConfUtils.java:logGet(43)) - raft.server.log.write.buffer.size = 33554432 (custom)
2019-10-24 14:30:30,845 [pool-59-thread-1] INFO  server.RaftServerConfigKeys (ConfUtils.java:logGet(43)) - raft.server.log.force.sync.num = 128 (default)
2019-10-24 14:30:30,846 [pool-59-thread-1] INFO  server.RaftServerConfigKeys (ConfUtils.java:logGet(43)) - raft.server.log.statemachine.data.sync = true (default)
2019-10-24 14:30:30,846 [pool-59-thread-1] INFO  server.RaftServerConfigKeys (ConfUtils.java:logGet(43)) - raft.server.log.statemachine.data.sync.timeout = 10s (default)
2019-10-24 14:30:30,846 [pool-59-thread-1] INFO  server.RaftServerConfigKeys (ConfUtils.java:logGet(43)) - raft.server.log.statemachine.data.sync.timeout.retry = -1 (default)
2019-10-24 14:30:30,846 [pool-59-thread-1] INFO  server.RaftServerConfigKeys (ConfUtils.java:logGet(43)) - raft.server.log.statemachine.data.caching.enabled = true (custom)
2019-10-24 14:30:30,847 [pool-59-thread-1] INFO  impl.RaftServerImpl (ServerState.java:setRaftConf(356)) - e72563ba-91b4-4473-a773-2e1c57d3b28f@group-DCA73B360714: set configuration 0: [e72563ba-91b4-4473-a773-2e1c57d3b28f:192.168.69.108:38541, 42dc87bf-e32b-4dd2-9e00-10549665eb60:192.168.69.108:40840, 4fbf6b7a-b21a-4ba4-99d8-46c6f2467a6f:192.168.69.108:45188], old=null at 0
2019-10-24 14:30:30,848 [pool-59-thread-1] INFO  segmented.LogSegment (LogSegment.java:loadSegment(140)) - Successfully read 5 entries from segment file /workdir/hadoop-ozone/integration-test/target/test-dir/MiniOzoneClusterImpl-876addf8-037c-4ba7-a652-3bac2fcc9b72/datanode-2/data/ratis/237507d0-e2cf-4ea3-94d9-dca73b360714/current/log_inprogress_0
2019-10-24 14:30:30,848 [pool-59-thread-1] INFO  segmented.SegmentedRaftLogWorker (SegmentedRaftLogWorker.java:lambda$new$0(128)) - e72563ba-91b4-4473-a773-2e1c57d3b28f@group-DCA73B360714-SegmentedRaftLogWorker: flushIndex: setUnconditionally 0 -> 4
2019-10-24 14:30:30,871 [pool-59-thread-1] INFO  raftlog.RaftLog (RaftLog.java:lambda$new$0(61)) - e72563ba-91b4-4473-a773-2e1c57d3b28f@group-DCA73B360714-SegmentedRaftLog: commitIndex: updateToMax old=3, new=3, updated? false
2019-10-24 14:30:30,872 [pool-59-thread-1] INFO  server.RaftServerConfigKeys (ConfUtils.java:logGet(43)) - raft.server.snapshot.auto.trigger.enabled = true (custom)
2019-10-24 14:30:30,872 [pool-59-thread-1] INFO  server.RaftServerConfigKeys (ConfUtils.java:logGet(43)) - raft.server.snapshot.auto.trigger.threshold = 10000 (custom)
2019-10-24 14:30:30,872 [pool-59-thread-1] INFO  server.RaftServerConfigKeys (ConfUtils.java:logGet(43)) - raft.server.snapshot.retention.file.num = 5 (custom)
2019-10-24 14:30:30,872 [pool-59-thread-1] INFO  server.RaftServerConfigKeys (ConfUtils.java:logGet(43)) - raft.server.retrycache.expirytime = 600000ms (custom)
2019-10-24 14:30:30,884 [Thread-553] INFO  client.GrpcClientProtocolService (GrpcClientProtocolService.java:lambda$processClientRequest$0(279)) - Failed RaftClientRequest:client-6194C1F728FC->42dc87bf-e32b-4dd2-9e00-10549665eb60@group-DCA73B360714, cid=10, seq=0, Watch-ALL_COMMITTED(6), Message:<EMPTY>, reply=RaftClientReply:client-6194C1F728FC->42dc87bf-e32b-4dd2-9e00-10549665eb60@group-DCA73B360714, cid=10, FAILED org.apache.ratis.protocol.NotReplicatedException: Request with call Id 10 and log index 6 is not yet replicated to ALL_COMMITTED, logIndex=6, commits[42dc87bf-e32b-4dd2-9e00-10549665eb60:c10, e72563ba-91b4-4473-a773-2e1c57d3b28f:c4, 4fbf6b7a-b21a-4ba4-99d8-46c6f2467a6f:c10]
2019-10-24 14:30:31,210 [BlockDeletingService#0] WARN  background.BlockDeletingService (BlockDeletingService.java:isDeletionAllowed(187)) - Close Container log Index 6 is not replicated across allthe servers in the pipeline 237507d0-e2cf-4ea3-94d9-dca73b360714 as the min replicated index is 4. Deletion is not allowed in this container yet.
2019-10-24 14:30:31,210 [BlockDeletingService#2] WARN  background.BlockDeletingService (BlockDeletingService.java:isDeletionAllowed(187)) - Close Container log Index 6 is not replicated across allthe servers in the pipeline 237507d0-e2cf-4ea3-94d9-dca73b360714 as the min replicated index is 4. Deletion is not allowed in this container yet.
2019-10-24 14:30:31,350 [SCMBlockDeletingService#1] INFO  block.SCMBlockDeletingService (SCMBlockDeletingService.java:call(184)) - Totally added 2 delete blocks command for 2 datanodes, task elapsed time: 0ms
2019-10-24 14:30:31,350 [pool-7-thread-1] INFO  commands.RetriableDatanodeEventWatcher (RetriableDatanodeEventWatcher.java:onTimeout(47)) - RetriableDatanodeCommand type=deleteBlocksCommand with id=1571927429349 timed out. Retrying.
2019-10-24 14:30:31,350 [pool-7-thread-4] INFO  commands.RetriableDatanodeEventWatcher (RetriableDatanodeEventWatcher.java:onTimeout(47)) - RetriableDatanodeCommand type=deleteBlocksCommand with id=1571927429351 timed out. Retrying.
2019-10-24 14:30:31,351 [pool-7-thread-2] INFO  commands.RetriableDatanodeEventWatcher (RetriableDatanodeEventWatcher.java:onTimeout(47)) - RetriableDatanodeCommand type=deleteBlocksCommand with id=1571927429346 timed out. Retrying.
2019-10-24 14:30:31,351 [pool-7-thread-3] INFO  commands.RetriableDatanodeEventWatcher (RetriableDatanodeEventWatcher.java:onTimeout(47)) - RetriableDatanodeCommand type=deleteBlocksCommand with id=1571927429348 timed out. Retrying.
2019-10-24 14:30:31,496 [Command processor thread] INFO  commandhandler.DeleteBlocksCommandHandler (DeleteBlocksCommandHandler.java:handle(106)) - Start to delete container blocks, TXIDs=[1(2)], numOfContainers=1, numOfBlocks=1
2019-10-24 14:30:31,497 [Command processor thread] INFO  commandhandler.DeleteBlocksCommandHandler (DeleteBlocksCommandHandler.java:handle(106)) - Start to delete container blocks, TXIDs=[1(0)], numOfContainers=1, numOfBlocks=1
2019-10-24 14:30:31,497 [Command processor thread] INFO  commandhandler.DeleteBlocksCommandHandler (DeleteBlocksCommandHandler.java:handle(106)) - Start to delete container blocks, TXIDs=[1(6)], numOfContainers=1, numOfBlocks=1
2019-10-24 14:30:31,497 [Command processor thread] INFO  commandhandler.DeleteBlocksCommandHandler (DeleteBlocksCommandHandler.java:handle(106)) - Start to delete container blocks, TXIDs=[1(2)], numOfContainers=1, numOfBlocks=1
2019-10-24 14:30:31,498 [Command processor thread] INFO  commandhandler.DeleteBlocksCommandHandler (DeleteBlocksCommandHandler.java:handle(106)) - Start to delete container blocks, TXIDs=[1(0)], numOfContainers=1, numOfBlocks=1
2019-10-24 14:30:32,091 [java.util.concurrent.ThreadPoolExecutor$Worker@713a7292[State = -1, empty queue]] WARN  server.GrpcLogAppender (GrpcLogAppender.java:timeoutAppendRequest(209)) - 42dc87bf-e32b-4dd2-9e00-10549665eb60@group-DCA73B360714->e72563ba-91b4-4473-a773-2e1c57d3b28f-GrpcLogAppender: appendEntries Timeout, request=42dc87bf-e32b-4dd2-9e00-10549665eb60->e72563ba-91b4-4473-a773-2e1c57d3b28f#51-t1, previous=(t:1, i:10), leaderCommit=10, initializing? false, entries: <empty>
2019-10-24 14:30:32,212 [BlockDeletingService#3] WARN  background.BlockDeletingService (BlockDeletingService.java:isDeletionAllowed(187)) - Close Container log Index 6 is not replicated across allthe servers in the pipeline 237507d0-e2cf-4ea3-94d9-dca73b360714 as the min replicated index is 4. Deletion is not allowed in this container yet.
2019-10-24 14:30:32,212 [BlockDeletingService#2] WARN  background.BlockDeletingService (BlockDeletingService.java:isDeletionAllowed(187)) - Close Container log Index 6 is not replicated across allthe servers in the pipeline 237507d0-e2cf-4ea3-94d9-dca73b360714 as the min replicated index is 4. Deletion is not allowed in this container yet.
2019-10-24 14:30:32,350 [pool-7-thread-3] INFO  commands.RetriableDatanodeEventWatcher (RetriableDatanodeEventWatcher.java:onTimeout(47)) - RetriableDatanodeCommand type=deleteBlocksCommand with id=1571927429352 timed out. Retrying.
2019-10-24 14:30:32,350 [pool-7-thread-3] INFO  commands.RetriableDatanodeEventWatcher (RetriableDatanodeEventWatcher.java:onTimeout(47)) - RetriableDatanodeCommand type=deleteBlocksCommand with id=1571927429346 timed out. Retrying.
2019-10-24 14:30:32,351 [pool-7-thread-2] INFO  commands.RetriableDatanodeEventWatcher (RetriableDatanodeEventWatcher.java:onTimeout(47)) - RetriableDatanodeCommand type=deleteBlocksCommand with id=1571927429349 timed out. Retrying.
2019-10-24 14:30:32,351 [SCMBlockDeletingService#1] INFO  block.SCMBlockDeletingService (SCMBlockDeletingService.java:call(184)) - Totally added 1 delete blocks command for 1 datanodes, task elapsed time: 1ms
2019-10-24 14:30:32,828 [Datanode State Machine Thread - 0] INFO  ozoneimpl.OzoneContainer (OzoneContainer.java:start(213)) - Attempting to start container services.
2019-10-24 14:30:32,828 [Datanode State Machine Thread - 0] INFO  ozoneimpl.OzoneContainer (OzoneContainer.java:startContainerScrub(177)) - Background container scanner has been disabled.
2019-10-24 14:30:32,829 [Datanode State Machine Thread - 0] INFO  ratis.XceiverServerRatis (XceiverServerRatis.java:start(418)) - Starting XceiverServerRatis e72563ba-91b4-4473-a773-2e1c57d3b28f at port 38541
2019-10-24 14:30:32,841 [Datanode State Machine Thread - 0] INFO  impl.RaftServerImpl (RaftServerImpl.java:start(184)) - e72563ba-91b4-4473-a773-2e1c57d3b28f@group-DCA73B360714: start as a follower, conf=0: [e72563ba-91b4-4473-a773-2e1c57d3b28f:192.168.69.108:38541, 42dc87bf-e32b-4dd2-9e00-10549665eb60:192.168.69.108:40840, 4fbf6b7a-b21a-4ba4-99d8-46c6f2467a6f:192.168.69.108:45188], old=null
2019-10-24 14:30:32,841 [ForkJoinPool.commonPool-worker-1] INFO  impl.RaftServerImpl (RaftServerImpl.java:start(184)) - e72563ba-91b4-4473-a773-2e1c57d3b28f@group-659AE30B5245: start as a follower, conf=0: [e72563ba-91b4-4473-a773-2e1c57d3b28f:192.168.69.108:38541], old=null
2019-10-24 14:30:32,842 [Datanode State Machine Thread - 0] INFO  impl.RaftServerImpl (RaftServerImpl.java:setRole(173)) - e72563ba-91b4-4473-a773-2e1c57d3b28f@group-DCA73B360714: changes role from      null to FOLLOWER at term 1 for startAsFollower
2019-10-24 14:30:32,842 [ForkJoinPool.commonPool-worker-1] INFO  impl.RaftServerImpl (RaftServerImpl.java:setRole(173)) - e72563ba-91b4-4473-a773-2e1c57d3b28f@group-659AE30B5245: changes role from      null to FOLLOWER at term 1 for startAsFollower
2019-10-24 14:30:32,842 [ForkJoinPool.commonPool-worker-1] INFO  impl.RoleInfo (RoleInfo.java:updateAndGet(143)) - e72563ba-91b4-4473-a773-2e1c57d3b28f: start FollowerState
2019-10-24 14:30:32,842 [Datanode State Machine Thread - 0] INFO  impl.RoleInfo (RoleInfo.java:updateAndGet(143)) - e72563ba-91b4-4473-a773-2e1c57d3b28f: start FollowerState
2019-10-24 14:30:32,843 [Datanode State Machine Thread - 0] INFO  util.JmxRegister (JmxRegister.java:tryRegister(44)) - Successfully registered JMX Bean with object name Ratis:service=RaftServer,group=group-DCA73B360714,id=e72563ba-91b4-4473-a773-2e1c57d3b28f
2019-10-24 14:30:32,843 [ForkJoinPool.commonPool-worker-1] INFO  util.JmxRegister (JmxRegister.java:tryRegister(44)) - Successfully registered JMX Bean with object name Ratis:service=RaftServer,group=group-659AE30B5245,id=e72563ba-91b4-4473-a773-2e1c57d3b28f
2019-10-24 14:30:32,845 [Datanode State Machine Thread - 0] INFO  impl.RaftServerProxy (RaftServerProxy.java:lambda$start$3(299)) - e72563ba-91b4-4473-a773-2e1c57d3b28f: start RPC server
2019-10-24 14:30:32,848 [Datanode State Machine Thread - 0] INFO  server.GrpcService (GrpcService.java:startImpl(158)) - e72563ba-91b4-4473-a773-2e1c57d3b28f: GrpcService started, listening on 0.0.0.0/0.0.0.0:38541
2019-10-24 14:30:33,215 [BlockDeletingService#3] WARN  background.BlockDeletingService (BlockDeletingService.java:isDeletionAllowed(187)) - Close Container log Index 6 is not replicated across allthe servers in the pipeline 237507d0-e2cf-4ea3-94d9-dca73b360714 as the min replicated index is 4. Deletion is not allowed in this container yet.
2019-10-24 14:30:33,215 [BlockDeletingService#2] WARN  background.BlockDeletingService (BlockDeletingService.java:isDeletionAllowed(187)) - Close Container log Index 6 is not replicated across allthe servers in the pipeline 237507d0-e2cf-4ea3-94d9-dca73b360714 as the min replicated index is 4. Deletion is not allowed in this container yet.
2019-10-24 14:30:33,351 [pool-7-thread-2] INFO  commands.RetriableDatanodeEventWatcher (RetriableDatanodeEventWatcher.java:onTimeout(47)) - RetriableDatanodeCommand type=deleteBlocksCommand with id=1571927429346 timed out. Retrying.
2019-10-24 14:30:33,351 [pool-7-thread-4] INFO  commands.RetriableDatanodeEventWatcher (RetriableDatanodeEventWatcher.java:onTimeout(47)) - RetriableDatanodeCommand type=deleteBlocksCommand with id=1571927429352 timed out. Retrying.
2019-10-24 14:30:33,352 [pool-7-thread-3] INFO  commands.RetriableDatanodeEventWatcher (RetriableDatanodeEventWatcher.java:onTimeout(47)) - RetriableDatanodeCommand type=deleteBlocksCommand with id=1571927429349 timed out. Retrying.
2019-10-24 14:30:33,352 [pool-7-thread-1] INFO  commands.RetriableDatanodeEventWatcher (RetriableDatanodeEventWatcher.java:onTimeout(47)) - RetriableDatanodeCommand type=deleteBlocksCommand with id=1571927429354 timed out. Retrying.
2019-10-24 14:30:33,354 [SCMBlockDeletingService#1] INFO  block.SCMBlockDeletingService (SCMBlockDeletingService.java:call(184)) - Totally added 1 delete blocks command for 1 datanodes, task elapsed time: 1ms
2019-10-24 14:30:34,217 [BlockDeletingService#3] WARN  background.BlockDeletingService (BlockDeletingService.java:isDeletionAllowed(187)) - Close Container log Index 6 is not replicated across allthe servers in the pipeline 237507d0-e2cf-4ea3-94d9-dca73b360714 as the min replicated index is 4. Deletion is not allowed in this container yet.
2019-10-24 14:30:34,217 [BlockDeletingService#2] WARN  background.BlockDeletingService (BlockDeletingService.java:isDeletionAllowed(187)) - Close Container log Index 6 is not replicated across allthe servers in the pipeline 237507d0-e2cf-4ea3-94d9-dca73b360714 as the min replicated index is 4. Deletion is not allowed in this container yet.
2019-10-24 14:30:34,352 [pool-7-thread-1] INFO  commands.RetriableDatanodeEventWatcher (RetriableDatanodeEventWatcher.java:onTimeout(47)) - RetriableDatanodeCommand type=deleteBlocksCommand with id=1571927429346 timed out. Retrying.
2019-10-24 14:30:34,353 [pool-7-thread-4] INFO  commands.RetriableDatanodeEventWatcher (RetriableDatanodeEventWatcher.java:onTimeout(47)) - RetriableDatanodeCommand type=deleteBlocksCommand with id=1571927429352 timed out. Retrying.
2019-10-24 14:30:34,353 [pool-7-thread-2] INFO  commands.RetriableDatanodeEventWatcher (RetriableDatanodeEventWatcher.java:onTimeout(47)) - RetriableDatanodeCommand type=deleteBlocksCommand with id=1571927429354 timed out. Retrying.
2019-10-24 14:30:34,353 [pool-7-thread-3] INFO  commands.RetriableDatanodeEventWatcher (RetriableDatanodeEventWatcher.java:onTimeout(47)) - RetriableDatanodeCommand type=deleteBlocksCommand with id=1571927429349 timed out. Retrying.
2019-10-24 14:30:34,354 [pool-7-thread-4] INFO  commands.RetriableDatanodeEventWatcher (RetriableDatanodeEventWatcher.java:onTimeout(47)) - RetriableDatanodeCommand type=deleteBlocksCommand with id=1571927429355 timed out. Retrying.
2019-10-24 14:30:34,355 [SCMBlockDeletingService#1] INFO  block.SCMBlockDeletingService (SCMBlockDeletingService.java:call(184)) - Totally added 1 delete blocks command for 1 datanodes, task elapsed time: 0ms
2019-10-24 14:30:34,592 [java.util.concurrent.ThreadPoolExecutor$Worker@713a7292[State = -1, empty queue]] WARN  server.GrpcLogAppender (GrpcLogAppender.java:timeoutAppendRequest(209)) - 42dc87bf-e32b-4dd2-9e00-10549665eb60@group-DCA73B360714->e72563ba-91b4-4473-a773-2e1c57d3b28f-GrpcLogAppender: appendEntries Timeout, request=42dc87bf-e32b-4dd2-9e00-10549665eb60->e72563ba-91b4-4473-a773-2e1c57d3b28f#52-t1, previous=(t:1, i:10), leaderCommit=10, initializing? false, entries: <empty>
2019-10-24 14:30:34,827 [EventQueue-PendingDeleteStatusForPendingDeleteHandler] INFO  block.SCMBlockDeletingService (SCMBlockDeletingService.java:handlePendingDeletes(115)) - Block deletion txnID mismatch in datanode e72563ba-91b4-4473-a773-2e1c57d3b28f for containerID 1. Datanode delete txnID: 0, SCM txnID: 1
2019-10-24 14:30:35,219 [BlockDeletingService#3] WARN  background.BlockDeletingService (BlockDeletingService.java:isDeletionAllowed(187)) - Close Container log Index 6 is not replicated across allthe servers in the pipeline 237507d0-e2cf-4ea3-94d9-dca73b360714 as the min replicated index is 4. Deletion is not allowed in this container yet.
2019-10-24 14:30:35,219 [BlockDeletingService#2] WARN  background.BlockDeletingService (BlockDeletingService.java:isDeletionAllowed(187)) - Close Container log Index 6 is not replicated across allthe servers in the pipeline 237507d0-e2cf-4ea3-94d9-dca73b360714 as the min replicated index is 4. Deletion is not allowed in this container yet.
2019-10-24 14:30:35,353 [pool-7-thread-4] INFO  commands.RetriableDatanodeEventWatcher (RetriableDatanodeEventWatcher.java:onTimeout(47)) - RetriableDatanodeCommand type=deleteBlocksCommand with id=1571927429346 timed out. Retrying.
2019-10-24 14:30:35,353 [pool-7-thread-4] INFO  commands.RetriableDatanodeEventWatcher (RetriableDatanodeEventWatcher.java:onTimeout(47)) - RetriableDatanodeCommand type=deleteBlocksCommand with id=1571927429349 timed out. Retrying.
2019-10-24 14:30:35,353 [pool-7-thread-2] INFO  commands.RetriableDatanodeEventWatcher (RetriableDatanodeEventWatcher.java:onTimeout(47)) - RetriableDatanodeCommand type=deleteBlocksCommand with id=1571927429354 timed out. Retrying.
2019-10-24 14:30:35,354 [pool-7-thread-1] INFO  commands.RetriableDatanodeEventWatcher (RetriableDatanodeEventWatcher.java:onTimeout(47)) - RetriableDatanodeCommand type=deleteBlocksCommand with id=1571927429355 timed out. Retrying.
2019-10-24 14:30:35,354 [pool-7-thread-3] INFO  commands.RetriableDatanodeEventWatcher (RetriableDatanodeEventWatcher.java:onTimeout(47)) - RetriableDatanodeCommand type=deleteBlocksCommand with id=1571927429352 timed out. Retrying.
2019-10-24 14:30:35,354 [pool-7-thread-1] INFO  commands.RetriableDatanodeEventWatcher (RetriableDatanodeEventWatcher.java:onTimeout(47)) - RetriableDatanodeCommand type=deleteBlocksCommand with id=1571927429356 timed out. Retrying.
2019-10-24 14:30:35,356 [SCMBlockDeletingService#1] INFO  block.SCMBlockDeletingService (SCMBlockDeletingService.java:call(184)) - Totally added 1 delete blocks command for 1 datanodes, task elapsed time: 0ms
2019-10-24 14:30:36,220 [BlockDeletingService#3] WARN  background.BlockDeletingService (BlockDeletingService.java:isDeletionAllowed(187)) - Close Container log Index 6 is not replicated across allthe servers in the pipeline 237507d0-e2cf-4ea3-94d9-dca73b360714 as the min replicated index is 4. Deletion is not allowed in this container yet.
2019-10-24 14:30:36,220 [BlockDeletingService#2] WARN  background.BlockDeletingService (BlockDeletingService.java:isDeletionAllowed(187)) - Close Container log Index 6 is not replicated across allthe servers in the pipeline 237507d0-e2cf-4ea3-94d9-dca73b360714 as the min replicated index is 4. Deletion is not allowed in this container yet.
2019-10-24 14:30:36,354 [pool-7-thread-2] INFO  commands.RetriableDatanodeEventWatcher (RetriableDatanodeEventWatcher.java:onTimeout(47)) - RetriableDatanodeCommand type=deleteBlocksCommand with id=1571927429354 timed out. Retrying.
2019-10-24 14:30:36,354 [pool-7-thread-1] INFO  commands.RetriableDatanodeEventWatcher (RetriableDatanodeEventWatcher.java:onTimeout(47)) - RetriableDatanodeCommand type=deleteBlocksCommand with id=1571927429346 timed out. Retrying.
2019-10-24 14:30:36,354 [pool-7-thread-3] INFO  commands.RetriableDatanodeEventWatcher (RetriableDatanodeEventWatcher.java:onTimeout(47)) - RetriableDatanodeCommand type=deleteBlocksCommand with id=1571927429349 timed out. Retrying.
2019-10-24 14:30:36,355 [pool-7-thread-3] INFO  commands.RetriableDatanodeEventWatcher (RetriableDatanodeEventWatcher.java:onTimeout(47)) - RetriableDatanodeCommand type=deleteBlocksCommand with id=1571927429352 timed out. Retrying.
2019-10-24 14:30:36,355 [pool-7-thread-1] INFO  commands.RetriableDatanodeEventWatcher (RetriableDatanodeEventWatcher.java:onTimeout(47)) - RetriableDatanodeCommand type=deleteBlocksCommand with id=1571927429355 timed out. Retrying.
2019-10-24 14:30:36,355 [pool-7-thread-2] INFO  commands.RetriableDatanodeEventWatcher (RetriableDatanodeEventWatcher.java:onTimeout(47)) - RetriableDatanodeCommand type=deleteBlocksCommand with id=1571927429356 timed out. Retrying.
2019-10-24 14:30:36,356 [pool-7-thread-2] INFO  commands.RetriableDatanodeEventWatcher (RetriableDatanodeEventWatcher.java:onTimeout(47)) - RetriableDatanodeCommand type=deleteBlocksCommand with id=1571927429357 timed out. Retrying.
2019-10-24 14:30:36,357 [SCMBlockDeletingService#1] INFO  block.SCMBlockDeletingService (SCMBlockDeletingService.java:call(184)) - Totally added 1 delete blocks command for 1 datanodes, task elapsed time: 0ms
2019-10-24 14:30:36,825 [EventQueue-PendingDeleteStatusForPendingDeleteHandler] INFO  block.SCMBlockDeletingService (SCMBlockDeletingService.java:handlePendingDeletes(115)) - Block deletion txnID mismatch in datanode e72563ba-91b4-4473-a773-2e1c57d3b28f for containerID 1. Datanode delete txnID: 0, SCM txnID: 1
2019-10-24 14:30:36,893 [grpc-default-executor-1] INFO  impl.RaftServerProxy (RaftServerProxy.java:addNew(89)) - e72563ba-91b4-4473-a773-2e1c57d3b28f: addNew group-B91245635B07:[e72563ba-91b4-4473-a773-2e1c57d3b28f:192.168.69.108:38541] returns group-B91245635B07:java.util.concurrent.CompletableFuture@327f4bf[Not completed]
2019-10-24 14:30:36,897 [pool-59-thread-1] INFO  impl.RaftServerImpl (RaftServerImpl.java:<init>(98)) - e72563ba-91b4-4473-a773-2e1c57d3b28f: new RaftServerImpl for group-B91245635B07:[e72563ba-91b4-4473-a773-2e1c57d3b28f:192.168.69.108:38541] with ContainerStateMachine:uninitialized
2019-10-24 14:30:36,898 [pool-59-thread-1] INFO  server.RaftServerConfigKeys (ConfUtils.java:logGet(43)) - raft.server.rpc.timeout.min = 5s (custom)
2019-10-24 14:30:36,898 [pool-59-thread-1] INFO  server.RaftServerConfigKeys (ConfUtils.java:logGet(43)) - raft.server.rpc.timeout.max = 5200ms (custom)
2019-10-24 14:30:36,898 [pool-59-thread-1] INFO  server.RaftServerConfigKeys (ConfUtils.java:logGet(43)) - raft.server.rpcslowness.timeout = 1000s (custom)
2019-10-24 14:30:36,898 [pool-59-thread-1] INFO  server.RaftServerConfigKeys (ConfUtils.java:logGet(43)) - raft.server.sleep.deviation.threshold = 300 (default)
2019-10-24 14:30:36,899 [pool-59-thread-1] INFO  server.RaftServerConfigKeys (ConfUtils.java:logGet(43)) - raft.server.log.appender.install.snapshot.enabled = false (custom)
2019-10-24 14:30:36,899 [pool-59-thread-1] INFO  impl.RaftServerImpl (ServerState.java:<init>(103)) - e72563ba-91b4-4473-a773-2e1c57d3b28f@group-B91245635B07: ConfigurationManager, init=-1: [e72563ba-91b4-4473-a773-2e1c57d3b28f:192.168.69.108:38541], old=null, confs=<EMPTY_MAP>
2019-10-24 14:30:36,899 [pool-59-thread-1] INFO  server.RaftServerConfigKeys (ConfUtils.java:logGet(43)) - raft.server.storage.dir = [/workdir/hadoop-ozone/integration-test/target/test-dir/MiniOzoneClusterImpl-876addf8-037c-4ba7-a652-3bac2fcc9b72/datanode-2/data/ratis] (custom)
2019-10-24 14:30:36,900 [pool-59-thread-1] INFO  server.RaftServerConfigKeys (ConfUtils.java:logGet(43)) - raft.server.log.corruption.policy = EXCEPTION (default)
2019-10-24 14:30:36,900 [pool-59-thread-1] INFO  storage.RaftStorageDirectory (RaftStorageDirectory.java:analyzeStorage(246)) - The storage directory /workdir/hadoop-ozone/integration-test/target/test-dir/MiniOzoneClusterImpl-876addf8-037c-4ba7-a652-3bac2fcc9b72/datanode-2/data/ratis/88d6a478-9d35-4ba8-a64d-b91245635b07 does not exist. Creating ...
2019-10-24 14:30:36,914 [pool-59-thread-1] INFO  storage.RaftStorageDirectory (RaftStorageDirectory.java:tryLock(328)) - Lock on /workdir/hadoop-ozone/integration-test/target/test-dir/MiniOzoneClusterImpl-876addf8-037c-4ba7-a652-3bac2fcc9b72/datanode-2/data/ratis/88d6a478-9d35-4ba8-a64d-b91245635b07/in_use.lock acquired by nodename 32372@pr-hdds-2347-txrx8-1920290359
2019-10-24 14:30:36,929 [pool-59-thread-1] INFO  storage.RaftStorage (RaftStorage.java:format(84)) - Storage directory /workdir/hadoop-ozone/integration-test/target/test-dir/MiniOzoneClusterImpl-876addf8-037c-4ba7-a652-3bac2fcc9b72/datanode-2/data/ratis/88d6a478-9d35-4ba8-a64d-b91245635b07 has been successfully formatted.
2019-10-24 14:30:36,930 [pool-59-thread-1] INFO  ratis.ContainerStateMachine (ContainerStateMachine.java:loadSnapshot(231)) - group-B91245635B07: The snapshot info is null. Setting the last applied indexto:(t:0, i:~)
2019-10-24 14:30:36,930 [pool-59-thread-1] INFO  server.RaftServerConfigKeys (ConfUtils.java:logGet(43)) - raft.server.notification.no-leader.timeout = 1000s (custom)
2019-10-24 14:30:36,930 [pool-59-thread-1] INFO  server.RaftServerConfigKeys (ConfUtils.java:logGet(43)) - raft.server.log.use.memory = false (default)
2019-10-24 14:30:36,930 [pool-59-thread-1] INFO  server.RaftServerConfigKeys (ConfUtils.java:logGet(43)) - raft.server.log.purge.gap = 1000000 (custom)
2019-10-24 14:30:36,931 [pool-59-thread-1] INFO  server.RaftServerConfigKeys (ConfUtils.java:logGet(43)) - raft.server.log.appender.buffer.byte-limit = 33554432 (custom)
2019-10-24 14:30:36,931 [pool-59-thread-1] INFO  server.RaftServerConfigKeys (ConfUtils.java:logGet(43)) - raft.server.log.segment.size.max = 1048576 (custom)
2019-10-24 14:30:36,931 [pool-59-thread-1] INFO  server.RaftServerConfigKeys (ConfUtils.java:logGet(43)) - raft.server.log.segment.cache.num.max = 2 (custom)
2019-10-24 14:30:36,931 [pool-59-thread-1] INFO  segmented.SegmentedRaftLogWorker (SegmentedRaftLogWorker.java:<init>(173)) - new e72563ba-91b4-4473-a773-2e1c57d3b28f@group-B91245635B07-SegmentedRaftLogWorker for RaftStorage:Storage Directory /workdir/hadoop-ozone/integration-test/target/test-dir/MiniOzoneClusterImpl-876addf8-037c-4ba7-a652-3bac2fcc9b72/datanode-2/data/ratis/88d6a478-9d35-4ba8-a64d-b91245635b07
2019-10-24 14:30:36,932 [pool-59-thread-1] INFO  server.RaftServerConfigKeys (ConfUtils.java:logGet(43)) - raft.server.log.queue.byte-limit = 2147483647 (custom)
2019-10-24 14:30:36,932 [pool-59-thread-1] INFO  server.RaftServerConfigKeys (ConfUtils.java:logGet(43)) - raft.server.log.queue.element-limit = 1024 (custom)
2019-10-24 14:30:36,932 [pool-59-thread-1] INFO  server.RaftServerConfigKeys (ConfUtils.java:logGet(43)) - raft.server.log.segment.size.max = 1048576 (custom)
2019-10-24 14:30:36,932 [pool-59-thread-1] INFO  server.RaftServerConfigKeys (ConfUtils.java:logGet(43)) - raft.server.log.preallocated.size = 16384 (custom)
2019-10-24 14:30:36,933 [pool-59-thread-1] INFO  server.RaftServerConfigKeys (ConfUtils.java:logGet(43)) - raft.server.log.write.buffer.size = 33554432 (custom)
2019-10-24 14:30:36,933 [pool-59-thread-1] INFO  server.RaftServerConfigKeys (ConfUtils.java:logGet(43)) - raft.server.log.force.sync.num = 128 (default)
2019-10-24 14:30:36,933 [pool-59-thread-1] INFO  server.RaftServerConfigKeys (ConfUtils.java:logGet(43)) - raft.server.log.statemachine.data.sync = true (default)
2019-10-24 14:30:36,933 [pool-59-thread-1] INFO  server.RaftServerConfigKeys (ConfUtils.java:logGet(43)) - raft.server.log.statemachine.data.sync.timeout = 10s (default)
2019-10-24 14:30:36,933 [pool-59-thread-1] INFO  server.RaftServerConfigKeys (ConfUtils.java:logGet(43)) - raft.server.log.statemachine.data.sync.timeout.retry = -1 (default)
2019-10-24 14:30:36,934 [pool-59-thread-1] INFO  server.RaftServerConfigKeys (ConfUtils.java:logGet(43)) - raft.server.log.statemachine.data.caching.enabled = true (custom)
2019-10-24 14:30:36,934 [pool-59-thread-1] INFO  segmented.SegmentedRaftLogWorker (SegmentedRaftLogWorker.java:lambda$new$0(128)) - e72563ba-91b4-4473-a773-2e1c57d3b28f@group-B91245635B07-SegmentedRaftLogWorker: flushIndex: setUnconditionally 0 -> -1
2019-10-24 14:30:36,935 [pool-59-thread-1] INFO  server.RaftServerConfigKeys (ConfUtils.java:logGet(43)) - raft.server.snapshot.auto.trigger.enabled = true (custom)
2019-10-24 14:30:36,935 [pool-59-thread-1] INFO  server.RaftServerConfigKeys (ConfUtils.java:logGet(43)) - raft.server.snapshot.auto.trigger.threshold = 10000 (custom)
2019-10-24 14:30:36,935 [pool-59-thread-1] INFO  server.RaftServerConfigKeys (ConfUtils.java:logGet(43)) - raft.server.snapshot.retention.file.num = 5 (custom)
2019-10-24 14:30:36,936 [pool-59-thread-1] INFO  server.RaftServerConfigKeys (ConfUtils.java:logGet(43)) - raft.server.retrycache.expirytime = 600000ms (custom)
2019-10-24 14:30:36,936 [pool-59-thread-1] WARN  impl.MetricRegistriesImpl (MetricRegistriesImpl.java:lambda$create$1(61)) - First MetricRegistry has been created without registering reporters. You may need to call MetricRegistries.global().addReportRegistration(...) before.
2019-10-24 14:30:36,937 [pool-59-thread-1] WARN  impl.MetricRegistriesImpl (MetricRegistriesImpl.java:lambda$create$1(61)) - First MetricRegistry has been created without registering reporters. You may need to call MetricRegistries.global().addReportRegistration(...) before.
2019-10-24 14:30:36,937 [pool-59-thread-1] INFO  impl.RaftServerImpl (RaftServerImpl.java:start(184)) - e72563ba-91b4-4473-a773-2e1c57d3b28f@group-B91245635B07: start as a follower, conf=-1: [e72563ba-91b4-4473-a773-2e1c57d3b28f:192.168.69.108:38541], old=null
2019-10-24 14:30:36,937 [pool-59-thread-1] INFO  impl.RaftServerImpl (RaftServerImpl.java:setRole(173)) - e72563ba-91b4-4473-a773-2e1c57d3b28f@group-B91245635B07: changes role from      null to FOLLOWER at term 0 for startAsFollower
2019-10-24 14:30:36,937 [pool-59-thread-1] INFO  impl.RoleInfo (RoleInfo.java:updateAndGet(143)) - e72563ba-91b4-4473-a773-2e1c57d3b28f: start FollowerState
2019-10-24 14:30:36,938 [pool-59-thread-1] INFO  util.JmxRegister (JmxRegister.java:tryRegister(44)) - Successfully registered JMX Bean with object name Ratis:service=RaftServer,group=group-B91245635B07,id=e72563ba-91b4-4473-a773-2e1c57d3b28f
2019-10-24 14:30:36,938 [pool-59-thread-1] WARN  impl.MetricRegistriesImpl (MetricRegistriesImpl.java:lambda$create$1(61)) - First MetricRegistry has been created without registering reporters. You may need to call MetricRegistries.global().addReportRegistration(...) before.
2019-10-24 14:30:36,946 [RatisPipelineUtilsThread] INFO  pipeline.PipelineStateManager (PipelineStateManager.java:addPipeline(56)) - Created pipeline Pipeline[ Id: 88d6a478-9d35-4ba8-a64d-b91245635b07, Nodes: e72563ba-91b4-4473-a773-2e1c57d3b28f{ip: 192.168.69.108, host: pr-hdds-2347-txrx8-1920290359, networkLocation: /default-rack, certSerialId: null}, Type:RATIS, Factor:ONE, State:OPEN]
2019-10-24 14:30:36,964 [grpc-default-executor-3] INFO  impl.RaftServerProxy (RaftServerProxy.java:addNew(89)) - e72563ba-91b4-4473-a773-2e1c57d3b28f: addNew group-8F774185CE06:[e72563ba-91b4-4473-a773-2e1c57d3b28f:192.168.69.108:38541, 42dc87bf-e32b-4dd2-9e00-10549665eb60:192.168.69.108:40840, 4fbf6b7a-b21a-4ba4-99d8-46c6f2467a6f:192.168.69.108:45188] returns group-8F774185CE06:java.util.concurrent.CompletableFuture@4ca49168[Not completed]
2019-10-24 14:30:36,967 [grpc-default-executor-3] INFO  impl.RaftServerProxy (RaftServerProxy.java:addNew(89)) - 42dc87bf-e32b-4dd2-9e00-10549665eb60: addNew group-8F774185CE06:[e72563ba-91b4-4473-a773-2e1c57d3b28f:192.168.69.108:38541, 42dc87bf-e32b-4dd2-9e00-10549665eb60:192.168.69.108:40840, 4fbf6b7a-b21a-4ba4-99d8-46c6f2467a6f:192.168.69.108:45188] returns group-8F774185CE06:java.util.concurrent.CompletableFuture@3c20d991[Not completed]
2019-10-24 14:30:36,968 [grpc-default-executor-0] INFO  impl.RaftServerProxy (RaftServerProxy.java:addNew(89)) - 4fbf6b7a-b21a-4ba4-99d8-46c6f2467a6f: addNew group-8F774185CE06:[e72563ba-91b4-4473-a773-2e1c57d3b28f:192.168.69.108:38541, 42dc87bf-e32b-4dd2-9e00-10549665eb60:192.168.69.108:40840, 4fbf6b7a-b21a-4ba4-99d8-46c6f2467a6f:192.168.69.108:45188] returns group-8F774185CE06:java.util.concurrent.CompletableFuture@5b3b2dd4[Not completed]
2019-10-24 14:30:36,969 [pool-59-thread-1] INFO  impl.RaftServerImpl (RaftServerImpl.java:<init>(98)) - e72563ba-91b4-4473-a773-2e1c57d3b28f: new RaftServerImpl for group-8F774185CE06:[e72563ba-91b4-4473-a773-2e1c57d3b28f:192.168.69.108:38541, 42dc87bf-e32b-4dd2-9e00-10549665eb60:192.168.69.108:40840, 4fbf6b7a-b21a-4ba4-99d8-46c6f2467a6f:192.168.69.108:45188] with ContainerStateMachine:uninitialized
2019-10-24 14:30:36,969 [pool-59-thread-1] INFO  server.RaftServerConfigKeys (ConfUtils.java:logGet(43)) - raft.server.rpc.timeout.min = 5s (custom)
2019-10-24 14:30:36,969 [pool-59-thread-1] INFO  server.RaftServerConfigKeys (ConfUtils.java:logGet(43)) - raft.server.rpc.timeout.max = 5200ms (custom)
2019-10-24 14:30:36,969 [pool-59-thread-1] INFO  server.RaftServerConfigKeys (ConfUtils.java:logGet(43)) - raft.server.rpcslowness.timeout = 1000s (custom)
2019-10-24 14:30:36,969 [pool-59-thread-1] INFO  server.RaftServerConfigKeys (ConfUtils.java:logGet(43)) - raft.server.sleep.deviation.threshold = 300 (default)
2019-10-24 14:30:36,969 [pool-59-thread-1] INFO  server.RaftServerConfigKeys (ConfUtils.java:logGet(43)) - raft.server.log.appender.install.snapshot.enabled = false (custom)
2019-10-24 14:30:36,970 [pool-59-thread-1] INFO  impl.RaftServerImpl (ServerState.java:<init>(103)) - e72563ba-91b4-4473-a773-2e1c57d3b28f@group-8F774185CE06: ConfigurationManager, init=-1: [e72563ba-91b4-4473-a773-2e1c57d3b28f:192.168.69.108:38541, 42dc87bf-e32b-4dd2-9e00-10549665eb60:192.168.69.108:40840, 4fbf6b7a-b21a-4ba4-99d8-46c6f2467a6f:192.168.69.108:45188], old=null, confs=<EMPTY_MAP>
2019-10-24 14:30:36,970 [pool-59-thread-1] INFO  server.RaftServerConfigKeys (ConfUtils.java:logGet(43)) - raft.server.storage.dir = [/workdir/hadoop-ozone/integration-test/target/test-dir/MiniOzoneClusterImpl-876addf8-037c-4ba7-a652-3bac2fcc9b72/datanode-2/data/ratis] (custom)
2019-10-24 14:30:36,970 [pool-37-thread-1] INFO  impl.RaftServerImpl (RaftServerImpl.java:<init>(98)) - 42dc87bf-e32b-4dd2-9e00-10549665eb60: new RaftServerImpl for group-8F774185CE06:[e72563ba-91b4-4473-a773-2e1c57d3b28f:192.168.69.108:38541, 42dc87bf-e32b-4dd2-9e00-10549665eb60:192.168.69.108:40840, 4fbf6b7a-b21a-4ba4-99d8-46c6f2467a6f:192.168.69.108:45188] with ContainerStateMachine:uninitialized
2019-10-24 14:30:36,970 [pool-37-thread-1] INFO  server.RaftServerConfigKeys (ConfUtils.java:logGet(43)) - raft.server.rpc.timeout.min = 5s (custom)
2019-10-24 14:30:36,970 [pool-59-thread-1] INFO  server.RaftServerConfigKeys (ConfUtils.java:logGet(43)) - raft.server.log.corruption.policy = EXCEPTION (default)
2019-10-24 14:30:36,970 [pool-37-thread-1] INFO  server.RaftServerConfigKeys (ConfUtils.java:logGet(43)) - raft.server.rpc.timeout.max = 5200ms (custom)
2019-10-24 14:30:36,971 [pool-59-thread-1] INFO  storage.RaftStorageDirectory (RaftStorageDirectory.java:analyzeStorage(246)) - The storage directory /workdir/hadoop-ozone/integration-test/target/test-dir/MiniOzoneClusterImpl-876addf8-037c-4ba7-a652-3bac2fcc9b72/datanode-2/data/ratis/2060c070-1fed-487b-b988-8f774185ce06 does not exist. Creating ...
2019-10-24 14:30:36,971 [pool-37-thread-1] INFO  server.RaftServerConfigKeys (ConfUtils.java:logGet(43)) - raft.server.rpcslowness.timeout = 1000s (custom)
2019-10-24 14:30:36,971 [pool-37-thread-1] INFO  server.RaftServerConfigKeys (ConfUtils.java:logGet(43)) - raft.server.sleep.deviation.threshold = 300 (default)
2019-10-24 14:30:36,971 [pool-27-thread-1] INFO  impl.RaftServerImpl (RaftServerImpl.java:<init>(98)) - 4fbf6b7a-b21a-4ba4-99d8-46c6f2467a6f: new RaftServerImpl for group-8F774185CE06:[e72563ba-91b4-4473-a773-2e1c57d3b28f:192.168.69.108:38541, 42dc87bf-e32b-4dd2-9e00-10549665eb60:192.168.69.108:40840, 4fbf6b7a-b21a-4ba4-99d8-46c6f2467a6f:192.168.69.108:45188] with ContainerStateMachine:uninitialized
2019-10-24 14:30:36,971 [pool-37-thread-1] INFO  server.RaftServerConfigKeys (ConfUtils.java:logGet(43)) - raft.server.log.appender.install.snapshot.enabled = false (custom)
2019-10-24 14:30:36,971 [pool-27-thread-1] INFO  server.RaftServerConfigKeys (ConfUtils.java:logGet(43)) - raft.server.rpc.timeout.min = 5s (custom)
2019-10-24 14:30:36,971 [pool-37-thread-1] INFO  impl.RaftServerImpl (ServerState.java:<init>(103)) - 42dc87bf-e32b-4dd2-9e00-10549665eb60@group-8F774185CE06: ConfigurationManager, init=-1: [e72563ba-91b4-4473-a773-2e1c57d3b28f:192.168.69.108:38541, 42dc87bf-e32b-4dd2-9e00-10549665eb60:192.168.69.108:40840, 4fbf6b7a-b21a-4ba4-99d8-46c6f2467a6f:192.168.69.108:45188], old=null, confs=<EMPTY_MAP>
2019-10-24 14:30:36,971 [pool-27-thread-1] INFO  server.RaftServerConfigKeys (ConfUtils.java:logGet(43)) - raft.server.rpc.timeout.max = 5200ms (custom)
2019-10-24 14:30:36,972 [pool-37-thread-1] INFO  server.RaftServerConfigKeys (ConfUtils.java:logGet(43)) - raft.server.storage.dir = [/workdir/hadoop-ozone/integration-test/target/test-dir/MiniOzoneClusterImpl-876addf8-037c-4ba7-a652-3bac2fcc9b72/datanode-1/data/ratis] (custom)
2019-10-24 14:30:36,972 [pool-27-thread-1] INFO  server.RaftServerConfigKeys (ConfUtils.java:logGet(43)) - raft.server.rpcslowness.timeout = 1000s (custom)
2019-10-24 14:30:36,972 [pool-27-thread-1] INFO  server.RaftServerConfigKeys (ConfUtils.java:logGet(43)) - raft.server.sleep.deviation.threshold = 300 (default)
2019-10-24 14:30:36,972 [pool-37-thread-1] INFO  server.RaftServerConfigKeys (ConfUtils.java:logGet(43)) - raft.server.log.corruption.policy = EXCEPTION (default)
2019-10-24 14:30:36,972 [pool-27-thread-1] INFO  server.RaftServerConfigKeys (ConfUtils.java:logGet(43)) - raft.server.log.appender.install.snapshot.enabled = false (custom)
2019-10-24 14:30:36,972 [pool-37-thread-1] INFO  storage.RaftStorageDirectory (RaftStorageDirectory.java:analyzeStorage(246)) - The storage directory /workdir/hadoop-ozone/integration-test/target/test-dir/MiniOzoneClusterImpl-876addf8-037c-4ba7-a652-3bac2fcc9b72/datanode-1/data/ratis/2060c070-1fed-487b-b988-8f774185ce06 does not exist. Creating ...
2019-10-24 14:30:36,972 [pool-27-thread-1] INFO  impl.RaftServerImpl (ServerState.java:<init>(103)) - 4fbf6b7a-b21a-4ba4-99d8-46c6f2467a6f@group-8F774185CE06: ConfigurationManager, init=-1: [e72563ba-91b4-4473-a773-2e1c57d3b28f:192.168.69.108:38541, 42dc87bf-e32b-4dd2-9e00-10549665eb60:192.168.69.108:40840, 4fbf6b7a-b21a-4ba4-99d8-46c6f2467a6f:192.168.69.108:45188], old=null, confs=<EMPTY_MAP>
2019-10-24 14:30:36,973 [pool-27-thread-1] INFO  server.RaftServerConfigKeys (ConfUtils.java:logGet(43)) - raft.server.storage.dir = [/workdir/hadoop-ozone/integration-test/target/test-dir/MiniOzoneClusterImpl-876addf8-037c-4ba7-a652-3bac2fcc9b72/datanode-0/data/ratis] (custom)
2019-10-24 14:30:36,973 [pool-27-thread-1] INFO  server.RaftServerConfigKeys (ConfUtils.java:logGet(43)) - raft.server.log.corruption.policy = EXCEPTION (default)
2019-10-24 14:30:36,973 [pool-27-thread-1] INFO  storage.RaftStorageDirectory (RaftStorageDirectory.java:analyzeStorage(246)) - The storage directory /workdir/hadoop-ozone/integration-test/target/test-dir/MiniOzoneClusterImpl-876addf8-037c-4ba7-a652-3bac2fcc9b72/datanode-0/data/ratis/2060c070-1fed-487b-b988-8f774185ce06 does not exist. Creating ...
2019-10-24 14:30:36,984 [pool-37-thread-1] INFO  storage.RaftStorageDirectory (RaftStorageDirectory.java:tryLock(328)) - Lock on /workdir/hadoop-ozone/integration-test/target/test-dir/MiniOzoneClusterImpl-876addf8-037c-4ba7-a652-3bac2fcc9b72/datanode-1/data/ratis/2060c070-1fed-487b-b988-8f774185ce06/in_use.lock acquired by nodename 32372@pr-hdds-2347-txrx8-1920290359
2019-10-24 14:30:36,984 [pool-59-thread-1] INFO  storage.RaftStorageDirectory (RaftStorageDirectory.java:tryLock(328)) - Lock on /workdir/hadoop-ozone/integration-test/target/test-dir/MiniOzoneClusterImpl-876addf8-037c-4ba7-a652-3bac2fcc9b72/datanode-2/data/ratis/2060c070-1fed-487b-b988-8f774185ce06/in_use.lock acquired by nodename 32372@pr-hdds-2347-txrx8-1920290359
2019-10-24 14:30:36,984 [pool-27-thread-1] INFO  storage.RaftStorageDirectory (RaftStorageDirectory.java:tryLock(328)) - Lock on /workdir/hadoop-ozone/integration-test/target/test-dir/MiniOzoneClusterImpl-876addf8-037c-4ba7-a652-3bac2fcc9b72/datanode-0/data/ratis/2060c070-1fed-487b-b988-8f774185ce06/in_use.lock acquired by nodename 32372@pr-hdds-2347-txrx8-1920290359
2019-10-24 14:30:36,998 [pool-37-thread-1] INFO  storage.RaftStorage (RaftStorage.java:format(84)) - Storage directory /workdir/hadoop-ozone/integration-test/target/test-dir/MiniOzoneClusterImpl-876addf8-037c-4ba7-a652-3bac2fcc9b72/datanode-1/data/ratis/2060c070-1fed-487b-b988-8f774185ce06 has been successfully formatted.
2019-10-24 14:30:36,998 [pool-59-thread-1] INFO  storage.RaftStorage (RaftStorage.java:format(84)) - Storage directory /workdir/hadoop-ozone/integration-test/target/test-dir/MiniOzoneClusterImpl-876addf8-037c-4ba7-a652-3bac2fcc9b72/datanode-2/data/ratis/2060c070-1fed-487b-b988-8f774185ce06 has been successfully formatted.
2019-10-24 14:30:36,998 [pool-27-thread-1] INFO  storage.RaftStorage (RaftStorage.java:format(84)) - Storage directory /workdir/hadoop-ozone/integration-test/target/test-dir/MiniOzoneClusterImpl-876addf8-037c-4ba7-a652-3bac2fcc9b72/datanode-0/data/ratis/2060c070-1fed-487b-b988-8f774185ce06 has been successfully formatted.
2019-10-24 14:30:36,999 [pool-37-thread-1] INFO  ratis.ContainerStateMachine (ContainerStateMachine.java:loadSnapshot(231)) - group-8F774185CE06: The snapshot info is null. Setting the last applied indexto:(t:0, i:~)
2019-10-24 14:30:36,999 [pool-59-thread-1] INFO  ratis.ContainerStateMachine (ContainerStateMachine.java:loadSnapshot(231)) - group-8F774185CE06: The snapshot info is null. Setting the last applied indexto:(t:0, i:~)
2019-10-24 14:30:36,999 [pool-37-thread-1] INFO  server.RaftServerConfigKeys (ConfUtils.java:logGet(43)) - raft.server.notification.no-leader.timeout = 1000s (custom)
2019-10-24 14:30:36,999 [pool-27-thread-1] INFO  ratis.ContainerStateMachine (ContainerStateMachine.java:loadSnapshot(231)) - group-8F774185CE06: The snapshot info is null. Setting the last applied indexto:(t:0, i:~)
2019-10-24 14:30:36,999 [pool-37-thread-1] INFO  server.RaftServerConfigKeys (ConfUtils.java:logGet(43)) - raft.server.log.use.memory = false (default)
2019-10-24 14:30:36,999 [pool-59-thread-1] INFO  server.RaftServerConfigKeys (ConfUtils.java:logGet(43)) - raft.server.notification.no-leader.timeout = 1000s (custom)
2019-10-24 14:30:36,999 [pool-37-thread-1] INFO  server.RaftServerConfigKeys (ConfUtils.java:logGet(43)) - raft.server.log.purge.gap = 1000000 (custom)
2019-10-24 14:30:36,999 [pool-27-thread-1] INFO  server.RaftServerConfigKeys (ConfUtils.java:logGet(43)) - raft.server.notification.no-leader.timeout = 1000s (custom)
2019-10-24 14:30:37,000 [pool-37-thread-1] INFO  server.RaftServerConfigKeys (ConfUtils.java:logGet(43)) - raft.server.log.appender.buffer.byte-limit = 33554432 (custom)
2019-10-24 14:30:36,999 [pool-59-thread-1] INFO  server.RaftServerConfigKeys (ConfUtils.java:logGet(43)) - raft.server.log.use.memory = false (default)
2019-10-24 14:30:37,000 [pool-37-thread-1] INFO  server.RaftServerConfigKeys (ConfUtils.java:logGet(43)) - raft.server.log.segment.size.max = 1048576 (custom)
2019-10-24 14:30:37,000 [pool-27-thread-1] INFO  server.RaftServerConfigKeys (ConfUtils.java:logGet(43)) - raft.server.log.use.memory = false (default)
2019-10-24 14:30:37,000 [pool-37-thread-1] INFO  server.RaftServerConfigKeys (ConfUtils.java:logGet(43)) - raft.server.log.segment.cache.num.max = 2 (custom)
2019-10-24 14:30:37,000 [pool-59-thread-1] INFO  server.RaftServerConfigKeys (ConfUtils.java:logGet(43)) - raft.server.log.purge.gap = 1000000 (custom)
2019-10-24 14:30:37,000 [pool-37-thread-1] INFO  segmented.SegmentedRaftLogWorker (SegmentedRaftLogWorker.java:<init>(173)) - new 42dc87bf-e32b-4dd2-9e00-10549665eb60@group-8F774185CE06-SegmentedRaftLogWorker for RaftStorage:Storage Directory /workdir/hadoop-ozone/integration-test/target/test-dir/MiniOzoneClusterImpl-876addf8-037c-4ba7-a652-3bac2fcc9b72/datanode-1/data/ratis/2060c070-1fed-487b-b988-8f774185ce06
2019-10-24 14:30:37,000 [pool-27-thread-1] INFO  server.RaftServerConfigKeys (ConfUtils.java:logGet(43)) - raft.server.log.purge.gap = 1000000 (custom)
2019-10-24 14:30:37,001 [pool-37-thread-1] INFO  server.RaftServerConfigKeys (ConfUtils.java:logGet(43)) - raft.server.log.queue.byte-limit = 2147483647 (custom)
2019-10-24 14:30:37,000 [pool-59-thread-1] INFO  server.RaftServerConfigKeys (ConfUtils.java:logGet(43)) - raft.server.log.appender.buffer.byte-limit = 33554432 (custom)
2019-10-24 14:30:37,001 [pool-37-thread-1] INFO  server.RaftServerConfigKeys (ConfUtils.java:logGet(43)) - raft.server.log.queue.element-limit = 1024 (custom)
2019-10-24 14:30:37,001 [pool-27-thread-1] INFO  server.RaftServerConfigKeys (ConfUtils.java:logGet(43)) - raft.server.log.appender.buffer.byte-limit = 33554432 (custom)
2019-10-24 14:30:37,001 [pool-37-thread-1] INFO  server.RaftServerConfigKeys (ConfUtils.java:logGet(43)) - raft.server.log.segment.size.max = 1048576 (custom)
2019-10-24 14:30:37,001 [pool-59-thread-1] INFO  server.RaftServerConfigKeys (ConfUtils.java:logGet(43)) - raft.server.log.segment.size.max = 1048576 (custom)
2019-10-24 14:30:37,001 [pool-37-thread-1] INFO  server.RaftServerConfigKeys (ConfUtils.java:logGet(43)) - raft.server.log.preallocated.size = 16384 (custom)
2019-10-24 14:30:37,002 [pool-59-thread-1] INFO  server.RaftServerConfigKeys (ConfUtils.java:logGet(43)) - raft.server.log.segment.cache.num.max = 2 (custom)
2019-10-24 14:30:37,001 [pool-27-thread-1] INFO  server.RaftServerConfigKeys (ConfUtils.java:logGet(43)) - raft.server.log.segment.size.max = 1048576 (custom)
2019-10-24 14:30:37,002 [pool-59-thread-1] INFO  segmented.SegmentedRaftLogWorker (SegmentedRaftLogWorker.java:<init>(173)) - new e72563ba-91b4-4473-a773-2e1c57d3b28f@group-8F774185CE06-SegmentedRaftLogWorker for RaftStorage:Storage Directory /workdir/hadoop-ozone/integration-test/target/test-dir/MiniOzoneClusterImpl-876addf8-037c-4ba7-a652-3bac2fcc9b72/datanode-2/data/ratis/2060c070-1fed-487b-b988-8f774185ce06
2019-10-24 14:30:37,002 [pool-37-thread-1] INFO  server.RaftServerConfigKeys (ConfUtils.java:logGet(43)) - raft.server.log.write.buffer.size = 33554432 (custom)
2019-10-24 14:30:37,002 [pool-59-thread-1] INFO  server.RaftServerConfigKeys (ConfUtils.java:logGet(43)) - raft.server.log.queue.byte-limit = 2147483647 (custom)
2019-10-24 14:30:37,002 [pool-27-thread-1] INFO  server.RaftServerConfigKeys (ConfUtils.java:logGet(43)) - raft.server.log.segment.cache.num.max = 2 (custom)
2019-10-24 14:30:37,002 [pool-59-thread-1] INFO  server.RaftServerConfigKeys (ConfUtils.java:logGet(43)) - raft.server.log.queue.element-limit = 1024 (custom)
2019-10-24 14:30:37,002 [pool-37-thread-1] INFO  server.RaftServerConfigKeys (ConfUtils.java:logGet(43)) - raft.server.log.force.sync.num = 128 (default)
2019-10-24 14:30:37,003 [pool-59-thread-1] INFO  server.RaftServerConfigKeys (ConfUtils.java:logGet(43)) - raft.server.log.segment.size.max = 1048576 (custom)
2019-10-24 14:30:37,002 [pool-27-thread-1] INFO  segmented.SegmentedRaftLogWorker (SegmentedRaftLogWorker.java:<init>(173)) - new 4fbf6b7a-b21a-4ba4-99d8-46c6f2467a6f@group-8F774185CE06-SegmentedRaftLogWorker for RaftStorage:Storage Directory /workdir/hadoop-ozone/integration-test/target/test-dir/MiniOzoneClusterImpl-876addf8-037c-4ba7-a652-3bac2fcc9b72/datanode-0/data/ratis/2060c070-1fed-487b-b988-8f774185ce06
2019-10-24 14:30:37,003 [pool-59-thread-1] INFO  server.RaftServerConfigKeys (ConfUtils.java:logGet(43)) - raft.server.log.preallocated.size = 16384 (custom)
2019-10-24 14:30:37,003 [pool-37-thread-1] INFO  server.RaftServerConfigKeys (ConfUtils.java:logGet(43)) - raft.server.log.statemachine.data.sync = true (default)
2019-10-24 14:30:37,003 [pool-59-thread-1] INFO  server.RaftServerConfigKeys (ConfUtils.java:logGet(43)) - raft.server.log.write.buffer.size = 33554432 (custom)
2019-10-24 14:30:37,003 [pool-27-thread-1] INFO  server.RaftServerConfigKeys (ConfUtils.java:logGet(43)) - raft.server.log.queue.byte-limit = 2147483647 (custom)
2019-10-24 14:30:37,003 [pool-59-thread-1] INFO  server.RaftServerConfigKeys (ConfUtils.java:logGet(43)) - raft.server.log.force.sync.num = 128 (default)
2019-10-24 14:30:37,003 [pool-37-thread-1] INFO  server.RaftServerConfigKeys (ConfUtils.java:logGet(43)) - raft.server.log.statemachine.data.sync.timeout = 10s (default)
2019-10-24 14:30:37,003 [pool-59-thread-1] INFO  server.RaftServerConfigKeys (ConfUtils.java:logGet(43)) - raft.server.log.statemachine.data.sync = true (default)
2019-10-24 14:30:37,003 [pool-27-thread-1] INFO  server.RaftServerConfigKeys (ConfUtils.java:logGet(43)) - raft.server.log.queue.element-limit = 1024 (custom)
2019-10-24 14:30:37,004 [pool-59-thread-1] INFO  server.RaftServerConfigKeys (ConfUtils.java:logGet(43)) - raft.server.log.statemachine.data.sync.timeout = 10s (default)
2019-10-24 14:30:37,004 [pool-37-thread-1] INFO  server.RaftServerConfigKeys (ConfUtils.java:logGet(43)) - raft.server.log.statemachine.data.sync.timeout.retry = -1 (default)
2019-10-24 14:30:37,004 [pool-59-thread-1] INFO  server.RaftServerConfigKeys (ConfUtils.java:logGet(43)) - raft.server.log.statemachine.data.sync.timeout.retry = -1 (default)
2019-10-24 14:30:37,004 [pool-27-thread-1] INFO  server.RaftServerConfigKeys (ConfUtils.java:logGet(43)) - raft.server.log.segment.size.max = 1048576 (custom)
2019-10-24 14:30:37,004 [pool-59-thread-1] INFO  server.RaftServerConfigKeys (ConfUtils.java:logGet(43)) - raft.server.log.statemachine.data.caching.enabled = true (custom)
2019-10-24 14:30:37,004 [pool-37-thread-1] INFO  server.RaftServerConfigKeys (ConfUtils.java:logGet(43)) - raft.server.log.statemachine.data.caching.enabled = true (custom)
2019-10-24 14:30:37,004 [pool-27-thread-1] INFO  server.RaftServerConfigKeys (ConfUtils.java:logGet(43)) - raft.server.log.preallocated.size = 16384 (custom)
2019-10-24 14:30:37,005 [pool-59-thread-1] INFO  segmented.SegmentedRaftLogWorker (SegmentedRaftLogWorker.java:lambda$new$0(128)) - e72563ba-91b4-4473-a773-2e1c57d3b28f@group-8F774185CE06-SegmentedRaftLogWorker: flushIndex: setUnconditionally 0 -> -1
2019-10-24 14:30:37,005 [pool-37-thread-1] INFO  segmented.SegmentedRaftLogWorker (SegmentedRaftLogWorker.java:lambda$new$0(128)) - 42dc87bf-e32b-4dd2-9e00-10549665eb60@group-8F774185CE06-SegmentedRaftLogWorker: flushIndex: setUnconditionally 0 -> -1
2019-10-24 14:30:37,005 [pool-27-thread-1] INFO  server.RaftServerConfigKeys (ConfUtils.java:logGet(43)) - raft.server.log.write.buffer.size = 33554432 (custom)
2019-10-24 14:30:37,005 [pool-59-thread-1] INFO  server.RaftServerConfigKeys (ConfUtils.java:logGet(43)) - raft.server.snapshot.auto.trigger.enabled = true (custom)
2019-10-24 14:30:37,005 [pool-37-thread-1] INFO  server.RaftServerConfigKeys (ConfUtils.java:logGet(43)) - raft.server.snapshot.auto.trigger.enabled = true (custom)
2019-10-24 14:30:37,005 [pool-27-thread-1] INFO  server.RaftServerConfigKeys (ConfUtils.java:logGet(43)) - raft.server.log.force.sync.num = 128 (default)
2019-10-24 14:30:37,006 [pool-37-thread-1] INFO  server.RaftServerConfigKeys (ConfUtils.java:logGet(43)) - raft.server.snapshot.auto.trigger.threshold = 10000 (custom)
2019-10-24 14:30:37,006 [pool-59-thread-1] INFO  server.RaftServerConfigKeys (ConfUtils.java:logGet(43)) - raft.server.snapshot.auto.trigger.threshold = 10000 (custom)
2019-10-24 14:30:37,006 [pool-37-thread-1] INFO  server.RaftServerConfigKeys (ConfUtils.java:logGet(43)) - raft.server.snapshot.retention.file.num = 5 (custom)
2019-10-24 14:30:37,006 [pool-27-thread-1] INFO  server.RaftServerConfigKeys (ConfUtils.java:logGet(43)) - raft.server.log.statemachine.data.sync = true (default)
2019-10-24 14:30:37,006 [pool-37-thread-1] INFO  server.RaftServerConfigKeys (ConfUtils.java:logGet(43)) - raft.server.retrycache.expirytime = 600000ms (custom)
2019-10-24 14:30:37,006 [pool-59-thread-1] INFO  server.RaftServerConfigKeys (ConfUtils.java:logGet(43)) - raft.server.snapshot.retention.file.num = 5 (custom)
2019-10-24 14:30:37,007 [pool-37-thread-1] WARN  impl.MetricRegistriesImpl (MetricRegistriesImpl.java:lambda$create$1(61)) - First MetricRegistry has been created without registering reporters. You may need to call MetricRegistries.global().addReportRegistration(...) before.
2019-10-24 14:30:37,006 [pool-27-thread-1] INFO  server.RaftServerConfigKeys (ConfUtils.java:logGet(43)) - raft.server.log.statemachine.data.sync.timeout = 10s (default)
2019-10-24 14:30:37,007 [pool-37-thread-1] WARN  impl.MetricRegistriesImpl (MetricRegistriesImpl.java:lambda$create$1(61)) - First MetricRegistry has been created without registering reporters. You may need to call MetricRegistries.global().addReportRegistration(...) before.
2019-10-24 14:30:37,007 [pool-59-thread-1] INFO  server.RaftServerConfigKeys (ConfUtils.java:logGet(43)) - raft.server.retrycache.expirytime = 600000ms (custom)
2019-10-24 14:30:37,007 [pool-37-thread-1] INFO  impl.RaftServerImpl (RaftServerImpl.java:start(184)) - 42dc87bf-e32b-4dd2-9e00-10549665eb60@group-8F774185CE06: start as a follower, conf=-1: [e72563ba-91b4-4473-a773-2e1c57d3b28f:192.168.69.108:38541, 42dc87bf-e32b-4dd2-9e00-10549665eb60:192.168.69.108:40840, 4fbf6b7a-b21a-4ba4-99d8-46c6f2467a6f:192.168.69.108:45188], old=null
2019-10-24 14:30:37,007 [pool-27-thread-1] INFO  server.RaftServerConfigKeys (ConfUtils.java:logGet(43)) - raft.server.log.statemachine.data.sync.timeout.retry = -1 (default)
2019-10-24 14:30:37,007 [pool-37-thread-1] INFO  impl.RaftServerImpl (RaftServerImpl.java:setRole(173)) - 42dc87bf-e32b-4dd2-9e00-10549665eb60@group-8F774185CE06: changes role from      null to FOLLOWER at term 0 for startAsFollower
2019-10-24 14:30:37,008 [pool-27-thread-1] INFO  server.RaftServerConfigKeys (ConfUtils.java:logGet(43)) - raft.server.log.statemachine.data.caching.enabled = true (custom)
2019-10-24 14:30:37,008 [pool-37-thread-1] INFO  impl.RoleInfo (RoleInfo.java:updateAndGet(143)) - 42dc87bf-e32b-4dd2-9e00-10549665eb60: start FollowerState
2019-10-24 14:30:37,007 [pool-59-thread-1] WARN  impl.MetricRegistriesImpl (MetricRegistriesImpl.java:lambda$create$1(61)) - First MetricRegistry has been created without registering reporters. You may need to call MetricRegistries.global().addReportRegistration(...) before.
2019-10-24 14:30:37,008 [pool-27-thread-1] INFO  segmented.SegmentedRaftLogWorker (SegmentedRaftLogWorker.java:lambda$new$0(128)) - 4fbf6b7a-b21a-4ba4-99d8-46c6f2467a6f@group-8F774185CE06-SegmentedRaftLogWorker: flushIndex: setUnconditionally 0 -> -1
2019-10-24 14:30:37,008 [pool-59-thread-1] WARN  impl.MetricRegistriesImpl (MetricRegistriesImpl.java:lambda$create$1(61)) - First MetricRegistry has been created without registering reporters. You may need to call MetricRegistries.global().addReportRegistration(...) before.
2019-10-24 14:30:37,008 [pool-37-thread-1] INFO  util.JmxRegister (JmxRegister.java:tryRegister(44)) - Successfully registered JMX Bean with object name Ratis:service=RaftServer,group=group-8F774185CE06,id=42dc87bf-e32b-4dd2-9e00-10549665eb60
2019-10-24 14:30:37,009 [pool-59-thread-1] INFO  impl.RaftServerImpl (RaftServerImpl.java:start(184)) - e72563ba-91b4-4473-a773-2e1c57d3b28f@group-8F774185CE06: start as a follower, conf=-1: [e72563ba-91b4-4473-a773-2e1c57d3b28f:192.168.69.108:38541, 42dc87bf-e32b-4dd2-9e00-10549665eb60:192.168.69.108:40840, 4fbf6b7a-b21a-4ba4-99d8-46c6f2467a6f:192.168.69.108:45188], old=null
2019-10-24 14:30:37,008 [pool-27-thread-1] INFO  server.RaftServerConfigKeys (ConfUtils.java:logGet(43)) - raft.server.snapshot.auto.trigger.enabled = true (custom)
2019-10-24 14:30:37,009 [pool-59-thread-1] INFO  impl.RaftServerImpl (RaftServerImpl.java:setRole(173)) - e72563ba-91b4-4473-a773-2e1c57d3b28f@group-8F774185CE06: changes role from      null to FOLLOWER at term 0 for startAsFollower
2019-10-24 14:30:37,009 [pool-37-thread-1] WARN  impl.MetricRegistriesImpl (MetricRegistriesImpl.java:lambda$create$1(61)) - First MetricRegistry has been created without registering reporters. You may need to call MetricRegistries.global().addReportRegistration(...) before.
2019-10-24 14:30:37,009 [pool-59-thread-1] INFO  impl.RoleInfo (RoleInfo.java:updateAndGet(143)) - e72563ba-91b4-4473-a773-2e1c57d3b28f: start FollowerState
2019-10-24 14:30:37,009 [pool-27-thread-1] INFO  server.RaftServerConfigKeys (ConfUtils.java:logGet(43)) - raft.server.snapshot.auto.trigger.threshold = 10000 (custom)
2019-10-24 14:30:37,009 [pool-27-thread-1] INFO  server.RaftServerConfigKeys (ConfUtils.java:logGet(43)) - raft.server.snapshot.retention.file.num = 5 (custom)
2019-10-24 14:30:37,010 [pool-27-thread-1] INFO  server.RaftServerConfigKeys (ConfUtils.java:logGet(43)) - raft.server.retrycache.expirytime = 600000ms (custom)
2019-10-24 14:30:37,010 [pool-59-thread-1] INFO  util.JmxRegister (JmxRegister.java:tryRegister(44)) - Successfully registered JMX Bean with object name Ratis:service=RaftServer,group=group-8F774185CE06,id=e72563ba-91b4-4473-a773-2e1c57d3b28f
2019-10-24 14:30:37,010 [pool-27-thread-1] WARN  impl.MetricRegistriesImpl (MetricRegistriesImpl.java:lambda$create$1(61)) - First MetricRegistry has been created without registering reporters. You may need to call MetricRegistries.global().addReportRegistration(...) before.
2019-10-24 14:30:37,010 [pool-59-thread-1] WARN  impl.MetricRegistriesImpl (MetricRegistriesImpl.java:lambda$create$1(61)) - First MetricRegistry has been created without registering reporters. You may need to call MetricRegistries.global().addReportRegistration(...) before.
2019-10-24 14:30:37,010 [pool-27-thread-1] WARN  impl.MetricRegistriesImpl (MetricRegistriesImpl.java:lambda$create$1(61)) - First MetricRegistry has been created without registering reporters. You may need to call MetricRegistries.global().addReportRegistration(...) before.
2019-10-24 14:30:37,010 [pool-27-thread-1] INFO  impl.RaftServerImpl (RaftServerImpl.java:start(184)) - 4fbf6b7a-b21a-4ba4-99d8-46c6f2467a6f@group-8F774185CE06: start as a follower, conf=-1: [e72563ba-91b4-4473-a773-2e1c57d3b28f:192.168.69.108:38541, 42dc87bf-e32b-4dd2-9e00-10549665eb60:192.168.69.108:40840, 4fbf6b7a-b21a-4ba4-99d8-46c6f2467a6f:192.168.69.108:45188], old=null
2019-10-24 14:30:37,011 [pool-27-thread-1] INFO  impl.RaftServerImpl (RaftServerImpl.java:setRole(173)) - 4fbf6b7a-b21a-4ba4-99d8-46c6f2467a6f@group-8F774185CE06: changes role from      null to FOLLOWER at term 0 for startAsFollower
2019-10-24 14:30:37,012 [pool-27-thread-1] INFO  impl.RoleInfo (RoleInfo.java:updateAndGet(143)) - 4fbf6b7a-b21a-4ba4-99d8-46c6f2467a6f: start FollowerState
2019-10-24 14:30:37,012 [pool-27-thread-1] INFO  util.JmxRegister (JmxRegister.java:tryRegister(44)) - Successfully registered JMX Bean with object name Ratis:service=RaftServer,group=group-8F774185CE06,id=4fbf6b7a-b21a-4ba4-99d8-46c6f2467a6f
2019-10-24 14:30:37,013 [pool-27-thread-1] WARN  impl.MetricRegistriesImpl (MetricRegistriesImpl.java:lambda$create$1(61)) - First MetricRegistry has been created without registering reporters. You may need to call MetricRegistries.global().addReportRegistration(...) before.
2019-10-24 14:30:37,024 [RatisPipelineUtilsThread] INFO  pipeline.PipelineStateManager (PipelineStateManager.java:addPipeline(56)) - Created pipeline Pipeline[ Id: 2060c070-1fed-487b-b988-8f774185ce06, Nodes: 42dc87bf-e32b-4dd2-9e00-10549665eb60{ip: 192.168.69.108, host: pr-hdds-2347-txrx8-1920290359, networkLocation: /default-rack, certSerialId: null}e72563ba-91b4-4473-a773-2e1c57d3b28f{ip: 192.168.69.108, host: pr-hdds-2347-txrx8-1920290359, networkLocation: /default-rack, certSerialId: null}4fbf6b7a-b21a-4ba4-99d8-46c6f2467a6f{ip: 192.168.69.108, host: pr-hdds-2347-txrx8-1920290359, networkLocation: /default-rack, certSerialId: null}, Type:RATIS, Factor:THREE, State:OPEN]
2019-10-24 14:30:37,025 [EventQueue-PendingDeleteStatusForPendingDeleteHandler] INFO  block.SCMBlockDeletingService (SCMBlockDeletingService.java:handlePendingDeletes(115)) - Block deletion txnID mismatch in datanode e72563ba-91b4-4473-a773-2e1c57d3b28f for containerID 1. Datanode delete txnID: 0, SCM txnID: 1
2019-10-24 14:30:37,094 [java.util.concurrent.ThreadPoolExecutor$Worker@713a7292[State = -1, empty queue]] WARN  server.GrpcLogAppender (GrpcLogAppender.java:timeoutAppendRequest(209)) - 42dc87bf-e32b-4dd2-9e00-10549665eb60@group-DCA73B360714->e72563ba-91b4-4473-a773-2e1c57d3b28f-GrpcLogAppender: appendEntries Timeout, request=42dc87bf-e32b-4dd2-9e00-10549665eb60->e72563ba-91b4-4473-a773-2e1c57d3b28f#53-t1, previous=(t:1, i:10), leaderCommit=10, initializing? false, entries: <empty>
2019-10-24 14:30:37,221 [BlockDeletingService#3] WARN  background.BlockDeletingService (BlockDeletingService.java:isDeletionAllowed(187)) - Close Container log Index 6 is not replicated across allthe servers in the pipeline 237507d0-e2cf-4ea3-94d9-dca73b360714 as the min replicated index is 4. Deletion is not allowed in this container yet.
2019-10-24 14:30:37,222 [BlockDeletingService#2] WARN  background.BlockDeletingService (BlockDeletingService.java:isDeletionAllowed(187)) - Close Container log Index 6 is not replicated across allthe servers in the pipeline 237507d0-e2cf-4ea3-94d9-dca73b360714 as the min replicated index is 4. Deletion is not allowed in this container yet.
2019-10-24 14:30:37,325 [EventQueue-PendingDeleteStatusForPendingDeleteHandler] INFO  block.SCMBlockDeletingService (SCMBlockDeletingService.java:handlePendingDeletes(115)) - Block deletion txnID mismatch in datanode e72563ba-91b4-4473-a773-2e1c57d3b28f for containerID 1. Datanode delete txnID: 0, SCM txnID: 1
2019-10-24 14:30:37,355 [pool-7-thread-2] INFO  commands.RetriableDatanodeEventWatcher (RetriableDatanodeEventWatcher.java:onTimeout(47)) - RetriableDatanodeCommand type=deleteBlocksCommand with id=1571927429346 timed out. Retrying.
2019-10-24 14:30:37,355 [pool-7-thread-1] INFO  commands.RetriableDatanodeEventWatcher (RetriableDatanodeEventWatcher.java:onTimeout(47)) - RetriableDatanodeCommand type=deleteBlocksCommand with id=1571927429349 timed out. Retrying.
2019-10-24 14:30:37,355 [pool-7-thread-3] INFO  commands.RetriableDatanodeEventWatcher (RetriableDatanodeEventWatcher.java:onTimeout(47)) - RetriableDatanodeCommand type=deleteBlocksCommand with id=1571927429354 timed out. Retrying.
2019-10-24 14:30:37,356 [pool-7-thread-3] INFO  commands.RetriableDatanodeEventWatcher (RetriableDatanodeEventWatcher.java:onTimeout(47)) - RetriableDatanodeCommand type=deleteBlocksCommand with id=1571927429352 timed out. Retrying.
2019-10-24 14:30:37,356 [pool-7-thread-1] INFO  commands.RetriableDatanodeEventWatcher (RetriableDatanodeEventWatcher.java:onTimeout(47)) - RetriableDatanodeCommand type=deleteBlocksCommand with id=1571927429355 timed out. Retrying.
2019-10-24 14:30:37,356 [pool-7-thread-2] INFO  commands.RetriableDatanodeEventWatcher (RetriableDatanodeEventWatcher.java:onTimeout(47)) - RetriableDatanodeCommand type=deleteBlocksCommand with id=1571927429356 timed out. Retrying.
2019-10-24 14:30:37,357 [pool-7-thread-2] INFO  commands.RetriableDatanodeEventWatcher (RetriableDatanodeEventWatcher.java:onTimeout(47)) - RetriableDatanodeCommand type=deleteBlocksCommand with id=1571927429357 timed out. Retrying.
2019-10-24 14:30:37,357 [pool-7-thread-1] INFO  commands.RetriableDatanodeEventWatcher (RetriableDatanodeEventWatcher.java:onTimeout(47)) - RetriableDatanodeCommand type=deleteBlocksCommand with id=1571927429358 timed out. Retrying.
2019-10-24 14:30:37,358 [SCMBlockDeletingService#1] INFO  block.SCMBlockDeletingService (SCMBlockDeletingService.java:call(184)) - Totally added 1 delete blocks command for 1 datanodes, task elapsed time: 1ms
2019-10-24 14:30:37,726 [EventQueue-PendingDeleteStatusForPendingDeleteHandler] INFO  block.SCMBlockDeletingService (SCMBlockDeletingService.java:handlePendingDeletes(115)) - Block deletion txnID mismatch in datanode e72563ba-91b4-4473-a773-2e1c57d3b28f for containerID 1. Datanode delete txnID: 0, SCM txnID: 1
2019-10-24 14:30:37,845 [Command processor thread] INFO  commandhandler.DeleteBlocksCommandHandler (DeleteBlocksCommandHandler.java:handle(106)) - Start to delete container blocks, TXIDs=[1(0)], numOfContainers=1, numOfBlocks=1
2019-10-24 14:30:37,846 [Command processor thread] INFO  commandhandler.DeleteBlocksCommandHandler (DeleteBlocksCommandHandler.java:handle(106)) - Start to delete container blocks, TXIDs=[1(2)], numOfContainers=1, numOfBlocks=1
2019-10-24 14:30:37,847 [Command processor thread] INFO  commandhandler.DeleteBlocksCommandHandler (DeleteBlocksCommandHandler.java:handle(106)) - Start to delete container blocks, TXIDs=[1(0)], numOfContainers=1, numOfBlocks=1
2019-10-24 14:30:37,847 [Command processor thread] INFO  commandhandler.DeleteBlocksCommandHandler (DeleteBlocksCommandHandler.java:handle(106)) - Start to delete container blocks, TXIDs=[1(6)], numOfContainers=1, numOfBlocks=1
2019-10-24 14:30:37,847 [Command processor thread] INFO  commandhandler.DeleteBlocksCommandHandler (DeleteBlocksCommandHandler.java:handle(106)) - Start to delete container blocks, TXIDs=[1(2)], numOfContainers=1, numOfBlocks=1
2019-10-24 14:30:37,847 [Command processor thread] INFO  commandhandler.DeleteBlocksCommandHandler (DeleteBlocksCommandHandler.java:handle(106)) - Start to delete container blocks, TXIDs=[1(0)], numOfContainers=1, numOfBlocks=1
2019-10-24 14:30:37,848 [Command processor thread] INFO  commandhandler.DeleteBlocksCommandHandler (DeleteBlocksCommandHandler.java:handle(106)) - Start to delete container blocks, TXIDs=[1(6)], numOfContainers=1, numOfBlocks=1
2019-10-24 14:30:37,848 [Command processor thread] INFO  commandhandler.DeleteBlocksCommandHandler (DeleteBlocksCommandHandler.java:handle(106)) - Start to delete container blocks, TXIDs=[1(0)], numOfContainers=1, numOfBlocks=1
2019-10-24 14:30:37,848 [Command processor thread] INFO  commandhandler.DeleteBlocksCommandHandler (DeleteBlocksCommandHandler.java:handle(106)) - Start to delete container blocks, TXIDs=[1(9)], numOfContainers=1, numOfBlocks=1
2019-10-24 14:30:37,849 [Command processor thread] INFO  commandhandler.DeleteBlocksCommandHandler (DeleteBlocksCommandHandler.java:handle(106)) - Start to delete container blocks, TXIDs=[1(2)], numOfContainers=1, numOfBlocks=1
2019-10-24 14:30:37,849 [Command processor thread] INFO  commandhandler.DeleteBlocksCommandHandler (DeleteBlocksCommandHandler.java:handle(106)) - Start to delete container blocks, TXIDs=[1(0)], numOfContainers=1, numOfBlocks=1
2019-10-24 14:30:37,849 [Command processor thread] INFO  commandhandler.DeleteBlocksCommandHandler (DeleteBlocksCommandHandler.java:handle(106)) - Start to delete container blocks, TXIDs=[1(6)], numOfContainers=1, numOfBlocks=1
2019-10-24 14:30:37,849 [Command processor thread] INFO  commandhandler.DeleteBlocksCommandHandler (DeleteBlocksCommandHandler.java:handle(106)) - Start to delete container blocks, TXIDs=[1(2)], numOfContainers=1, numOfBlocks=1
2019-10-24 14:30:37,850 [Command processor thread] INFO  commandhandler.DeleteBlocksCommandHandler (DeleteBlocksCommandHandler.java:handle(106)) - Start to delete container blocks, TXIDs=[1(9)], numOfContainers=1, numOfBlocks=1
2019-10-24 14:30:37,850 [Command processor thread] INFO  commandhandler.DeleteBlocksCommandHandler (DeleteBlocksCommandHandler.java:handle(106)) - Start to delete container blocks, TXIDs=[1(9)], numOfContainers=1, numOfBlocks=1
2019-10-24 14:30:37,850 [Command processor thread] INFO  commandhandler.DeleteBlocksCommandHandler (DeleteBlocksCommandHandler.java:handle(106)) - Start to delete container blocks, TXIDs=[1(0)], numOfContainers=1, numOfBlocks=1
2019-10-24 14:30:37,850 [Command processor thread] INFO  commandhandler.DeleteBlocksCommandHandler (DeleteBlocksCommandHandler.java:handle(106)) - Start to delete container blocks, TXIDs=[1(6)], numOfContainers=1, numOfBlocks=1
2019-10-24 14:30:37,851 [Command processor thread] INFO  commandhandler.DeleteBlocksCommandHandler (DeleteBlocksCommandHandler.java:handle(106)) - Start to delete container blocks, TXIDs=[1(9)], numOfContainers=1, numOfBlocks=1
2019-10-24 14:30:37,851 [Command processor thread] INFO  commandhandler.DeleteBlocksCommandHandler (DeleteBlocksCommandHandler.java:handle(106)) - Start to delete container blocks, TXIDs=[1(2)], numOfContainers=1, numOfBlocks=1
2019-10-24 14:30:37,851 [Command processor thread] INFO  commandhandler.DeleteBlocksCommandHandler (DeleteBlocksCommandHandler.java:handle(106)) - Start to delete container blocks, TXIDs=[1(9)], numOfContainers=1, numOfBlocks=1
2019-10-24 14:30:37,852 [Command processor thread] INFO  commandhandler.DeleteBlocksCommandHandler (DeleteBlocksCommandHandler.java:handle(106)) - Start to delete container blocks, TXIDs=[1(9)], numOfContainers=1, numOfBlocks=1
2019-10-24 14:30:37,852 [Command processor thread] INFO  commandhandler.DeleteBlocksCommandHandler (DeleteBlocksCommandHandler.java:handle(106)) - Start to delete container blocks, TXIDs=[1(0)], numOfContainers=1, numOfBlocks=1
2019-10-24 14:30:37,852 [Command processor thread] INFO  commandhandler.DeleteBlocksCommandHandler (DeleteBlocksCommandHandler.java:handle(106)) - Start to delete container blocks, TXIDs=[1(2)], numOfContainers=1, numOfBlocks=1
2019-10-24 14:30:37,852 [Command processor thread] INFO  commandhandler.DeleteBlocksCommandHandler (DeleteBlocksCommandHandler.java:handle(106)) - Start to delete container blocks, TXIDs=[1(9)], numOfContainers=1, numOfBlocks=1
2019-10-24 14:30:37,853 [Command processor thread] INFO  commandhandler.DeleteBlocksCommandHandler (DeleteBlocksCommandHandler.java:handle(106)) - Start to delete container blocks, TXIDs=[1(9)], numOfContainers=1, numOfBlocks=1
2019-10-24 14:30:37,853 [Command processor thread] INFO  commandhandler.DeleteBlocksCommandHandler (DeleteBlocksCommandHandler.java:handle(106)) - Start to delete container blocks, TXIDs=[1(6)], numOfContainers=1, numOfBlocks=1
2019-10-24 14:30:37,853 [Command processor thread] INFO  commandhandler.DeleteBlocksCommandHandler (DeleteBlocksCommandHandler.java:handle(106)) - Start to delete container blocks, TXIDs=[1(9)], numOfContainers=1, numOfBlocks=1
2019-10-24 14:30:37,853 [Command processor thread] INFO  commandhandler.DeleteBlocksCommandHandler (DeleteBlocksCommandHandler.java:handle(106)) - Start to delete container blocks, TXIDs=[1(9)], numOfContainers=1, numOfBlocks=1
2019-10-24 14:30:37,854 [Command processor thread] INFO  commandhandler.DeleteBlocksCommandHandler (DeleteBlocksCommandHandler.java:handle(106)) - Start to delete container blocks, TXIDs=[1(9)], numOfContainers=1, numOfBlocks=1
2019-10-24 14:30:37,854 [Command processor thread] INFO  commandhandler.DeleteBlocksCommandHandler (DeleteBlocksCommandHandler.java:handle(106)) - Start to delete container blocks, TXIDs=[1(0)], numOfContainers=1, numOfBlocks=1
2019-10-24 14:30:37,854 [Command processor thread] INFO  commandhandler.DeleteBlocksCommandHandler (DeleteBlocksCommandHandler.java:handle(106)) - Start to delete container blocks, TXIDs=[1(2)], numOfContainers=1, numOfBlocks=1
2019-10-24 14:30:37,854 [Command processor thread] INFO  commandhandler.DeleteBlocksCommandHandler (DeleteBlocksCommandHandler.java:handle(106)) - Start to delete container blocks, TXIDs=[1(6)], numOfContainers=1, numOfBlocks=1
2019-10-24 14:30:37,855 [Command processor thread] INFO  commandhandler.DeleteBlocksCommandHandler (DeleteBlocksCommandHandler.java:handle(106)) - Start to delete container blocks, TXIDs=[1(9)], numOfContainers=1, numOfBlocks=1
2019-10-24 14:30:37,855 [Command processor thread] INFO  commandhandler.DeleteBlocksCommandHandler (DeleteBlocksCommandHandler.java:handle(106)) - Start to delete container blocks, TXIDs=[1(9)], numOfContainers=1, numOfBlocks=1
2019-10-24 14:30:37,855 [Command processor thread] INFO  commandhandler.DeleteBlocksCommandHandler (DeleteBlocksCommandHandler.java:handle(106)) - Start to delete container blocks, TXIDs=[1(9)], numOfContainers=1, numOfBlocks=1
2019-10-24 14:30:37,855 [Command processor thread] INFO  commandhandler.DeleteBlocksCommandHandler (DeleteBlocksCommandHandler.java:handle(106)) - Start to delete container blocks, TXIDs=[1(9)], numOfContainers=1, numOfBlocks=1
2019-10-24 14:30:37,856 [Command processor thread] INFO  commandhandler.DeleteBlocksCommandHandler (DeleteBlocksCommandHandler.java:handle(106)) - Start to delete container blocks, TXIDs=[1(0)], numOfContainers=1, numOfBlocks=1
2019-10-24 14:30:37,856 [Command processor thread] INFO  commandhandler.DeleteBlocksCommandHandler (DeleteBlocksCommandHandler.java:handle(106)) - Start to delete container blocks, TXIDs=[1(2)], numOfContainers=1, numOfBlocks=1
2019-10-24 14:30:37,856 [Command processor thread] INFO  commandhandler.DeleteBlocksCommandHandler (DeleteBlocksCommandHandler.java:handle(106)) - Start to delete container blocks, TXIDs=[1(9)], numOfContainers=1, numOfBlocks=1
2019-10-24 14:30:37,856 [Command processor thread] INFO  commandhandler.DeleteBlocksCommandHandler (DeleteBlocksCommandHandler.java:handle(106)) - Start to delete container blocks, TXIDs=[1(6)], numOfContainers=1, numOfBlocks=1
2019-10-24 14:30:37,857 [Command processor thread] INFO  commandhandler.DeleteBlocksCommandHandler (DeleteBlocksCommandHandler.java:handle(106)) - Start to delete container blocks, TXIDs=[1(9)], numOfContainers=1, numOfBlocks=1
2019-10-24 14:30:37,857 [Command processor thread] INFO  commandhandler.DeleteBlocksCommandHandler (DeleteBlocksCommandHandler.java:handle(106)) - Start to delete container blocks, TXIDs=[1(9)], numOfContainers=1, numOfBlocks=1
2019-10-24 14:30:37,857 [Command processor thread] INFO  commandhandler.DeleteBlocksCommandHandler (DeleteBlocksCommandHandler.java:handle(106)) - Start to delete container blocks, TXIDs=[1(9)], numOfContainers=1, numOfBlocks=1
2019-10-24 14:30:37,857 [Command processor thread] INFO  commandhandler.DeleteBlocksCommandHandler (DeleteBlocksCommandHandler.java:handle(106)) - Start to delete container blocks, TXIDs=[1(9)], numOfContainers=1, numOfBlocks=1
2019-10-24 14:30:37,858 [Command processor thread] INFO  commandhandler.DeleteBlocksCommandHandler (DeleteBlocksCommandHandler.java:handle(106)) - Start to delete container blocks, TXIDs=[1(45)], numOfContainers=1, numOfBlocks=1
2019-10-24 14:30:37,927 [Thread-561] INFO  impl.FollowerState (FollowerState.java:run(111)) - e72563ba-91b4-4473-a773-2e1c57d3b28f@group-659AE30B5245-FollowerState: change to CANDIDATE, lastRpcTime:5084ms, electionTimeout:5084ms
2019-10-24 14:30:37,927 [Thread-561] INFO  impl.RoleInfo (RoleInfo.java:shutdownFollowerState(121)) - e72563ba-91b4-4473-a773-2e1c57d3b28f: shutdown FollowerState
2019-10-24 14:30:37,928 [Thread-561] INFO  impl.RaftServerImpl (RaftServerImpl.java:setRole(173)) - e72563ba-91b4-4473-a773-2e1c57d3b28f@group-659AE30B5245: changes role from  FOLLOWER to CANDIDATE at term 1 for changeToCandidate
2019-10-24 14:30:37,928 [Thread-561] INFO  impl.RoleInfo (RoleInfo.java:updateAndGet(143)) - e72563ba-91b4-4473-a773-2e1c57d3b28f: start LeaderElection
2019-10-24 14:30:37,944 [e72563ba-91b4-4473-a773-2e1c57d3b28f@group-659AE30B5245-LeaderElection5] INFO  impl.LeaderElection (LeaderElection.java:askForVotes(178)) - e72563ba-91b4-4473-a773-2e1c57d3b28f@group-659AE30B5245-LeaderElection5: begin an election at term 2 for 0: [e72563ba-91b4-4473-a773-2e1c57d3b28f:192.168.69.108:38541], old=null
2019-10-24 14:30:37,944 [e72563ba-91b4-4473-a773-2e1c57d3b28f@group-659AE30B5245-LeaderElection5] INFO  impl.RoleInfo (RoleInfo.java:shutdownLeaderElection(134)) - e72563ba-91b4-4473-a773-2e1c57d3b28f: shutdown LeaderElection
2019-10-24 14:30:37,944 [e72563ba-91b4-4473-a773-2e1c57d3b28f@group-659AE30B5245-LeaderElection5] INFO  impl.RaftServerImpl (RaftServerImpl.java:setRole(173)) - e72563ba-91b4-4473-a773-2e1c57d3b28f@group-659AE30B5245: changes role from CANDIDATE to LEADER at term 2 for changeToLeader
2019-10-24 14:30:37,944 [e72563ba-91b4-4473-a773-2e1c57d3b28f@group-659AE30B5245-LeaderElection5] INFO  impl.RaftServerImpl (ServerState.java:setLeader(255)) - e72563ba-91b4-4473-a773-2e1c57d3b28f@group-659AE30B5245: change Leader from null to e72563ba-91b4-4473-a773-2e1c57d3b28f at term 2 for becomeLeader, leader elected after 7168ms
2019-10-24 14:30:37,945 [e72563ba-91b4-4473-a773-2e1c57d3b28f@group-659AE30B5245-LeaderElection5] INFO  server.RaftServerConfigKeys (ConfUtils.java:logGet(43)) - raft.server.staging.catchup.gap = 1000 (default)
2019-10-24 14:30:37,945 [e72563ba-91b4-4473-a773-2e1c57d3b28f@group-659AE30B5245-LeaderElection5] INFO  server.RaftServerConfigKeys (ConfUtils.java:logGet(43)) - raft.server.rpc.sleep.time = 25ms (default)
2019-10-24 14:30:37,946 [e72563ba-91b4-4473-a773-2e1c57d3b28f@group-659AE30B5245-LeaderElection5] INFO  server.RaftServerConfigKeys (ConfUtils.java:logGet(43)) - raft.server.write.element-limit = 4096 (default)
2019-10-24 14:30:37,946 [e72563ba-91b4-4473-a773-2e1c57d3b28f@group-659AE30B5245-LeaderElection5] INFO  server.RaftServerConfigKeys (ConfUtils.java:logGet(43)) - raft.server.watch.timeout = 10s (default)
2019-10-24 14:30:37,946 [e72563ba-91b4-4473-a773-2e1c57d3b28f@group-659AE30B5245-LeaderElection5] INFO  server.RaftServerConfigKeys (ConfUtils.java:logGet(43)) - raft.server.watch.timeout.denomination = 1s (default)
2019-10-24 14:30:37,946 [e72563ba-91b4-4473-a773-2e1c57d3b28f@group-659AE30B5245-LeaderElection5] INFO  server.RaftServerConfigKeys (ConfUtils.java:logGet(43)) - raft.server.watch.element-limit = 65536 (default)
2019-10-24 14:30:37,947 [e72563ba-91b4-4473-a773-2e1c57d3b28f@group-659AE30B5245-LeaderElection5] INFO  impl.RoleInfo (RoleInfo.java:updateAndGet(143)) - e72563ba-91b4-4473-a773-2e1c57d3b28f: start LeaderState
2019-10-24 14:30:37,948 [e72563ba-91b4-4473-a773-2e1c57d3b28f@group-659AE30B5245-LeaderElection5] INFO  segmented.SegmentedRaftLogWorker (SegmentedRaftLogWorker.java:rollLogSegment(390)) - e72563ba-91b4-4473-a773-2e1c57d3b28f@group-659AE30B5245-SegmentedRaftLogWorker: Rolling segment log-0_0 to index:0
2019-10-24 14:30:37,952 [e72563ba-91b4-4473-a773-2e1c57d3b28f@group-659AE30B5245-LeaderElection5] INFO  impl.RaftServerImpl (ServerState.java:setRaftConf(356)) - e72563ba-91b4-4473-a773-2e1c57d3b28f@group-659AE30B5245: set configuration 1: [e72563ba-91b4-4473-a773-2e1c57d3b28f:192.168.69.108:38541], old=null at 1
2019-10-24 14:30:37,952 [e72563ba-91b4-4473-a773-2e1c57d3b28f@group-659AE30B5245-SegmentedRaftLogWorker] INFO  segmented.SegmentedRaftLogWorker (SegmentedRaftLogWorker.java:execute(533)) - e72563ba-91b4-4473-a773-2e1c57d3b28f@group-659AE30B5245-SegmentedRaftLogWorker: Rolled log segment from /workdir/hadoop-ozone/integration-test/target/test-dir/MiniOzoneClusterImpl-876addf8-037c-4ba7-a652-3bac2fcc9b72/datanode-2/data/ratis/e72998c9-98b8-4525-814a-659ae30b5245/current/log_inprogress_0 to /workdir/hadoop-ozone/integration-test/target/test-dir/MiniOzoneClusterImpl-876addf8-037c-4ba7-a652-3bac2fcc9b72/datanode-2/data/ratis/e72998c9-98b8-4525-814a-659ae30b5245/current/log_0-0
2019-10-24 14:30:37,967 [Thread-560] INFO  impl.FollowerState (FollowerState.java:run(111)) - e72563ba-91b4-4473-a773-2e1c57d3b28f@group-DCA73B360714-FollowerState: change to CANDIDATE, lastRpcTime:5125ms, electionTimeout:5124ms
2019-10-24 14:30:37,967 [Thread-560] INFO  impl.RoleInfo (RoleInfo.java:shutdownFollowerState(121)) - e72563ba-91b4-4473-a773-2e1c57d3b28f: shutdown FollowerState
2019-10-24 14:30:37,968 [Thread-560] INFO  impl.RaftServerImpl (RaftServerImpl.java:setRole(173)) - e72563ba-91b4-4473-a773-2e1c57d3b28f@group-DCA73B360714: changes role from  FOLLOWER to CANDIDATE at term 1 for changeToCandidate
2019-10-24 14:30:37,968 [Thread-560] INFO  impl.RoleInfo (RoleInfo.java:updateAndGet(143)) - e72563ba-91b4-4473-a773-2e1c57d3b28f: start LeaderElection
2019-10-24 14:30:38,002 [e72563ba-91b4-4473-a773-2e1c57d3b28f@group-659AE30B5245-SegmentedRaftLogWorker] INFO  segmented.SegmentedRaftLogWorker (SegmentedRaftLogWorker.java:execute(576)) - e72563ba-91b4-4473-a773-2e1c57d3b28f@group-659AE30B5245-SegmentedRaftLogWorker: created new log segment /workdir/hadoop-ozone/integration-test/target/test-dir/MiniOzoneClusterImpl-876addf8-037c-4ba7-a652-3bac2fcc9b72/datanode-2/data/ratis/e72998c9-98b8-4525-814a-659ae30b5245/current/log_inprogress_1
2019-10-24 14:30:38,003 [e72563ba-91b4-4473-a773-2e1c57d3b28f@group-DCA73B360714-LeaderElection6] INFO  impl.LeaderElection (LeaderElection.java:askForVotes(178)) - e72563ba-91b4-4473-a773-2e1c57d3b28f@group-DCA73B360714-LeaderElection6: begin an election at term 2 for 0: [e72563ba-91b4-4473-a773-2e1c57d3b28f:192.168.69.108:38541, 42dc87bf-e32b-4dd2-9e00-10549665eb60:192.168.69.108:40840, 4fbf6b7a-b21a-4ba4-99d8-46c6f2467a6f:192.168.69.108:45188], old=null
2019-10-24 14:30:38,022 [grpc-default-executor-0] INFO  impl.RaftServerImpl (ServerState.java:setLeader(255)) - 4fbf6b7a-b21a-4ba4-99d8-46c6f2467a6f@group-DCA73B360714: change Leader from 42dc87bf-e32b-4dd2-9e00-10549665eb60 to null at term 2 for updateCurrentTerm
2019-10-24 14:30:38,023 [grpc-default-executor-0] INFO  impl.RaftServerImpl (RaftServerImpl.java:setRole(173)) - 4fbf6b7a-b21a-4ba4-99d8-46c6f2467a6f@group-DCA73B360714: changes role from  FOLLOWER to FOLLOWER at term 2 for recognizeCandidate:e72563ba-91b4-4473-a773-2e1c57d3b28f
2019-10-24 14:30:38,023 [grpc-default-executor-3] INFO  impl.RaftServerImpl (ServerState.java:setLeader(255)) - 42dc87bf-e32b-4dd2-9e00-10549665eb60@group-DCA73B360714: change Leader from 42dc87bf-e32b-4dd2-9e00-10549665eb60 to null at term 2 for updateCurrentTerm
2019-10-24 14:30:38,023 [grpc-default-executor-0] INFO  impl.RoleInfo (RoleInfo.java:shutdownFollowerState(121)) - 4fbf6b7a-b21a-4ba4-99d8-46c6f2467a6f: shutdown FollowerState
2019-10-24 14:30:38,023 [grpc-default-executor-3] INFO  impl.RaftServerImpl (RaftServerImpl.java:setRole(173)) - 42dc87bf-e32b-4dd2-9e00-10549665eb60@group-DCA73B360714: changes role from    LEADER to FOLLOWER at term 2 for recognizeCandidate:e72563ba-91b4-4473-a773-2e1c57d3b28f
2019-10-24 14:30:38,024 [grpc-default-executor-0] INFO  impl.RoleInfo (RoleInfo.java:updateAndGet(143)) - 4fbf6b7a-b21a-4ba4-99d8-46c6f2467a6f: start FollowerState
2019-10-24 14:30:38,023 [Thread-238] INFO  impl.FollowerState (FollowerState.java:run(120)) - 4fbf6b7a-b21a-4ba4-99d8-46c6f2467a6f@group-DCA73B360714-FollowerState was interrupted: java.lang.InterruptedException: sleep interrupted
2019-10-24 14:30:38,024 [grpc-default-executor-3] INFO  impl.RoleInfo (RoleInfo.java:shutdownLeaderState(104)) - 42dc87bf-e32b-4dd2-9e00-10549665eb60: shutdown LeaderState
2019-10-24 14:30:38,027 [grpc-default-executor-3] INFO  impl.PendingRequests (PendingRequests.java:sendNotLeaderResponses(206)) - 42dc87bf-e32b-4dd2-9e00-10549665eb60@group-DCA73B360714-PendingRequests: sendNotLeaderResponses
2019-10-24 14:30:38,028 [org.apache.ratis.server.impl.LogAppender$AppenderDaemon$$Lambda$553/496072502@7f4f86c2] WARN  server.GrpcLogAppender (GrpcLogAppender.java:mayWait(149)) - 42dc87bf-e32b-4dd2-9e00-10549665eb60@group-DCA73B360714->4fbf6b7a-b21a-4ba4-99d8-46c6f2467a6f-GrpcLogAppender: Wait interrupted by java.lang.InterruptedException
2019-10-24 14:30:38,028 [org.apache.ratis.server.impl.LogAppender$AppenderDaemon$$Lambda$553/496072502@7619d74b] WARN  server.GrpcLogAppender (GrpcLogAppender.java:mayWait(149)) - 42dc87bf-e32b-4dd2-9e00-10549665eb60@group-DCA73B360714->e72563ba-91b4-4473-a773-2e1c57d3b28f-GrpcLogAppender: Wait interrupted by java.lang.InterruptedException
2019-10-24 14:30:38,032 [grpc-default-executor-3] INFO  impl.RoleInfo (RoleInfo.java:updateAndGet(143)) - 42dc87bf-e32b-4dd2-9e00-10549665eb60: start FollowerState
2019-10-24 14:30:38,032 [Thread-600] INFO  client.GrpcClientProtocolService (GrpcClientProtocolService.java:lambda$processClientRequest$0(279)) - Failed RaftClientRequest:client-6194C1F728FC->42dc87bf-e32b-4dd2-9e00-10549665eb60@group-DCA73B360714, cid=10, seq=0, Watch-ALL_COMMITTED(6), Message:<EMPTY>, reply=RaftClientReply:client-6194C1F728FC->42dc87bf-e32b-4dd2-9e00-10549665eb60@group-DCA73B360714, cid=10, FAILED org.apache.ratis.protocol.NotLeaderException: Server 42dc87bf-e32b-4dd2-9e00-10549665eb60@group-DCA73B360714 is not the leader, logIndex=0, commits[42dc87bf-e32b-4dd2-9e00-10549665eb60:c10, e72563ba-91b4-4473-a773-2e1c57d3b28f:c4, 4fbf6b7a-b21a-4ba4-99d8-46c6f2467a6f:c10]
2019-10-24 14:30:38,035 [grpc-default-executor-1] INFO  server.GrpcServerProtocolService (GrpcServerProtocolService.java:onCompleted(113)) - 4fbf6b7a-b21a-4ba4-99d8-46c6f2467a6f: Completed APPEND_ENTRIES, lastRequest: 42dc87bf-e32b-4dd2-9e00-10549665eb60->4fbf6b7a-b21a-4ba4-99d8-46c6f2467a6f#54-t1, previous=(t:1, i:10), leaderCommit=10, initializing? false, entries: <empty>
2019-10-24 14:30:38,038 [grpc-default-executor-4] INFO  server.GrpcLogAppender (GrpcLogAppender.java:onCompleted(308)) - 42dc87bf-e32b-4dd2-9e00-10549665eb60@group-DCA73B360714->4fbf6b7a-b21a-4ba4-99d8-46c6f2467a6f-AppendLogResponseHandler: follower responses appendEntries COMPLETED
2019-10-24 14:30:38,042 [grpc-default-executor-4] INFO  impl.FollowerInfo (FollowerInfo.java:lambda$new$0(51)) - 42dc87bf-e32b-4dd2-9e00-10549665eb60@group-DCA73B360714->4fbf6b7a-b21a-4ba4-99d8-46c6f2467a6f: nextIndex: updateUnconditionally 11 -> 10
2019-10-24 14:30:38,050 [e72563ba-91b4-4473-a773-2e1c57d3b28f@group-DCA73B360714-LeaderElection6] INFO  impl.LeaderElection (LeaderElection.java:logAndReturn(56)) - e72563ba-91b4-4473-a773-2e1c57d3b28f@group-DCA73B360714-LeaderElection6: Election REJECTED; received 2 response(s) [e72563ba-91b4-4473-a773-2e1c57d3b28f<-42dc87bf-e32b-4dd2-9e00-10549665eb60#0:FAIL-t2, e72563ba-91b4-4473-a773-2e1c57d3b28f<-4fbf6b7a-b21a-4ba4-99d8-46c6f2467a6f#0:FAIL-t2] and 0 exception(s); e72563ba-91b4-4473-a773-2e1c57d3b28f@group-DCA73B360714:t2, leader=null, voted=e72563ba-91b4-4473-a773-2e1c57d3b28f, raftlog=e72563ba-91b4-4473-a773-2e1c57d3b28f@group-DCA73B360714-SegmentedRaftLog:OPENED:c3,f4,i4, conf=0: [e72563ba-91b4-4473-a773-2e1c57d3b28f:192.168.69.108:38541, 42dc87bf-e32b-4dd2-9e00-10549665eb60:192.168.69.108:40840, 4fbf6b7a-b21a-4ba4-99d8-46c6f2467a6f:192.168.69.108:45188], old=null
2019-10-24 14:30:38,050 [e72563ba-91b4-4473-a773-2e1c57d3b28f@group-DCA73B360714-LeaderElection6] INFO  impl.RaftServerImpl (RaftServerImpl.java:setRole(173)) - e72563ba-91b4-4473-a773-2e1c57d3b28f@group-DCA73B360714: changes role from CANDIDATE to FOLLOWER at term 2 for DISCOVERED_A_NEW_TERM
2019-10-24 14:30:38,051 [e72563ba-91b4-4473-a773-2e1c57d3b28f@group-DCA73B360714-LeaderElection6] INFO  impl.RoleInfo (RoleInfo.java:shutdownLeaderElection(134)) - e72563ba-91b4-4473-a773-2e1c57d3b28f: shutdown LeaderElection
2019-10-24 14:30:38,052 [e72563ba-91b4-4473-a773-2e1c57d3b28f@group-DCA73B360714-LeaderElection6] INFO  impl.RoleInfo (RoleInfo.java:updateAndGet(143)) - e72563ba-91b4-4473-a773-2e1c57d3b28f: start FollowerState
2019-10-24 14:30:38,052 [EventQueue-DeleteBlockStatusForDeletedBlockLogImpl] WARN  block.DeletedBlockLogImpl (DeletedBlockLogImpl.java:commitTransactions(205)) - Transaction txId=1 commit by dnId=e72563ba-91b4-4473-a773-2e1c57d3b28f for containerID=#1 failed. Corresponding entry not found.
2019-10-24 14:30:38,054 [EventQueue-DeleteBlockStatusForDeletedBlockLogImpl] WARN  block.DeletedBlockLogImpl (DeletedBlockLogImpl.java:commitTransactions(205)) - Transaction txId=1 commit by dnId=e72563ba-91b4-4473-a773-2e1c57d3b28f for containerID=#1 failed. Corresponding entry not found.
2019-10-24 14:30:38,054 [EventQueue-DeleteBlockStatusForDeletedBlockLogImpl] WARN  block.DeletedBlockLogImpl (DeletedBlockLogImpl.java:commitTransactions(205)) - Transaction txId=1 commit by dnId=e72563ba-91b4-4473-a773-2e1c57d3b28f for containerID=#1 failed. Corresponding entry not found.
2019-10-24 14:30:38,054 [EventQueue-DeleteBlockStatusForDeletedBlockLogImpl] WARN  block.DeletedBlockLogImpl (DeletedBlockLogImpl.java:commitTransactions(205)) - Transaction txId=1 commit by dnId=e72563ba-91b4-4473-a773-2e1c57d3b28f for containerID=#1 failed. Corresponding entry not found.
2019-10-24 14:30:38,054 [EventQueue-DeleteBlockStatusForDeletedBlockLogImpl] WARN  block.DeletedBlockLogImpl (DeletedBlockLogImpl.java:commitTransactions(205)) - Transaction txId=1 commit by dnId=e72563ba-91b4-4473-a773-2e1c57d3b28f for containerID=#1 failed. Corresponding entry not found.
2019-10-24 14:30:38,054 [EventQueue-DeleteBlockStatusForDeletedBlockLogImpl] WARN  block.DeletedBlockLogImpl (DeletedBlockLogImpl.java:commitTransactions(205)) - Transaction txId=1 commit by dnId=e72563ba-91b4-4473-a773-2e1c57d3b28f for containerID=#1 failed. Corresponding entry not found.
2019-10-24 14:30:38,054 [EventQueue-DeleteBlockStatusForDeletedBlockLogImpl] WARN  block.DeletedBlockLogImpl (DeletedBlockLogImpl.java:commitTransactions(205)) - Transaction txId=1 commit by dnId=e72563ba-91b4-4473-a773-2e1c57d3b28f for containerID=#1 failed. Corresponding entry not found.
2019-10-24 14:30:38,054 [EventQueue-DeleteBlockStatusForDeletedBlockLogImpl] WARN  block.DeletedBlockLogImpl (DeletedBlockLogImpl.java:commitTransactions(205)) - Transaction txId=1 commit by dnId=e72563ba-91b4-4473-a773-2e1c57d3b28f for containerID=#1 failed. Corresponding entry not found.
2019-10-24 14:30:38,223 [BlockDeletingService#3] WARN  background.BlockDeletingService (BlockDeletingService.java:isDeletionAllowed(187)) - Close Container log Index 6 is not replicated across allthe servers in the pipeline 237507d0-e2cf-4ea3-94d9-dca73b360714 as the min replicated index is 4. Deletion is not allowed in this container yet.
2019-10-24 14:30:38,223 [BlockDeletingService#2] WARN  background.BlockDeletingService (BlockDeletingService.java:isDeletionAllowed(187)) - Close Container log Index 6 is not replicated across allthe servers in the pipeline 237507d0-e2cf-4ea3-94d9-dca73b360714 as the min replicated index is 4. Deletion is not allowed in this container yet.
2019-10-24 14:30:38,355 [Thread-606] INFO  client.GrpcClientProtocolService (GrpcClientProtocolService.java:lambda$processClientRequest$0(279)) - Failed RaftClientRequest:client-6194C1F728FC->4fbf6b7a-b21a-4ba4-99d8-46c6f2467a6f@group-DCA73B360714, cid=10, seq=0, Watch-ALL_COMMITTED(6), Message:<EMPTY>, reply=RaftClientReply:client-6194C1F728FC->4fbf6b7a-b21a-4ba4-99d8-46c6f2467a6f@group-DCA73B360714, cid=10, FAILED org.apache.ratis.protocol.NotLeaderException: Server 4fbf6b7a-b21a-4ba4-99d8-46c6f2467a6f@group-DCA73B360714 is not the leader, logIndex=0, commits[4fbf6b7a-b21a-4ba4-99d8-46c6f2467a6f:c10, e72563ba-91b4-4473-a773-2e1c57d3b28f:c4, 42dc87bf-e32b-4dd2-9e00-10549665eb60:c10]
2019-10-24 14:30:39,224 [BlockDeletingService#3] WARN  background.BlockDeletingService (BlockDeletingService.java:isDeletionAllowed(187)) - Close Container log Index 6 is not replicated across allthe servers in the pipeline 237507d0-e2cf-4ea3-94d9-dca73b360714 as the min replicated index is 4. Deletion is not allowed in this container yet.
2019-10-24 14:30:39,224 [BlockDeletingService#2] WARN  background.BlockDeletingService (BlockDeletingService.java:isDeletionAllowed(187)) - Close Container log Index 6 is not replicated across allthe servers in the pipeline 237507d0-e2cf-4ea3-94d9-dca73b360714 as the min replicated index is 4. Deletion is not allowed in this container yet.
2019-10-24 14:30:39,373 [Thread-612] INFO  client.GrpcClientProtocolService (GrpcClientProtocolService.java:lambda$processClientRequest$0(279)) - Failed RaftClientRequest:client-6194C1F728FC->42dc87bf-e32b-4dd2-9e00-10549665eb60@group-DCA73B360714, cid=10, seq=0, Watch-ALL_COMMITTED(6), Message:<EMPTY>, reply=RaftClientReply:client-6194C1F728FC->42dc87bf-e32b-4dd2-9e00-10549665eb60@group-DCA73B360714, cid=10, FAILED org.apache.ratis.protocol.NotLeaderException: Server 42dc87bf-e32b-4dd2-9e00-10549665eb60@group-DCA73B360714 is not the leader, logIndex=0, commits[42dc87bf-e32b-4dd2-9e00-10549665eb60:c10, e72563ba-91b4-4473-a773-2e1c57d3b28f:c4, 4fbf6b7a-b21a-4ba4-99d8-46c6f2467a6f:c10]
2019-10-24 14:30:39,594 [java.util.concurrent.ThreadPoolExecutor$Worker@713a7292[State = -1, empty queue]] WARN  server.GrpcLogAppender (GrpcLogAppender.java:timeoutAppendRequest(209)) - 42dc87bf-e32b-4dd2-9e00-10549665eb60@group-DCA73B360714->e72563ba-91b4-4473-a773-2e1c57d3b28f-GrpcLogAppender: appendEntries Timeout, request=42dc87bf-e32b-4dd2-9e00-10549665eb60->e72563ba-91b4-4473-a773-2e1c57d3b28f#54-t1, previous=(t:1, i:10), leaderCommit=10, initializing? false, entries: <empty>
2019-10-24 14:30:40,225 [BlockDeletingService#3] WARN  background.BlockDeletingService (BlockDeletingService.java:isDeletionAllowed(187)) - Close Container log Index 6 is not replicated across allthe servers in the pipeline 237507d0-e2cf-4ea3-94d9-dca73b360714 as the min replicated index is 4. Deletion is not allowed in this container yet.
2019-10-24 14:30:40,228 [BlockDeletingService#2] WARN  background.BlockDeletingService (BlockDeletingService.java:isDeletionAllowed(187)) - Close Container log Index 6 is not replicated across allthe servers in the pipeline 237507d0-e2cf-4ea3-94d9-dca73b360714 as the min replicated index is 4. Deletion is not allowed in this container yet.
2019-10-24 14:30:40,392 [Thread-618] INFO  client.GrpcClientProtocolService (GrpcClientProtocolService.java:lambda$processClientRequest$0(279)) - Failed RaftClientRequest:client-6194C1F728FC->4fbf6b7a-b21a-4ba4-99d8-46c6f2467a6f@group-DCA73B360714, cid=10, seq=0, Watch-ALL_COMMITTED(6), Message:<EMPTY>, reply=RaftClientReply:client-6194C1F728FC->4fbf6b7a-b21a-4ba4-99d8-46c6f2467a6f@group-DCA73B360714, cid=10, FAILED org.apache.ratis.protocol.NotLeaderException: Server 4fbf6b7a-b21a-4ba4-99d8-46c6f2467a6f@group-DCA73B360714 is not the leader, logIndex=0, commits[4fbf6b7a-b21a-4ba4-99d8-46c6f2467a6f:c10, e72563ba-91b4-4473-a773-2e1c57d3b28f:c4, 42dc87bf-e32b-4dd2-9e00-10549665eb60:c10]
]]></system-out>
    <system-err><![CDATA[ERROR StatusLogger No Log4j 2 configuration file found. Using default configuration (logging only errors to the console), or user programmatically provided configurations. Set system property 'log4j2.debug' to show Log4j 2 internal initialization logging. See https://logging.apache.org/log4j/2.x/manual/configuration.html for instructions on how to configure Log4j 2
Oct 24, 2019 2:28:53 PM org.apache.ratis.thirdparty.io.grpc.internal.SerializingExecutor run
SEVERE: Exception while executing runnable org.apache.ratis.thirdparty.io.grpc.internal.ServerImpl$JumpToApplicationThreadServerStreamListener$1Closed@274f713
org.apache.ratis.thirdparty.io.grpc.StatusRuntimeException: CANCELLED: call already cancelled
	at org.apache.ratis.thirdparty.io.grpc.Status.asRuntimeException(Status.java:517)
	at org.apache.ratis.thirdparty.io.grpc.stub.ServerCalls$ServerCallStreamObserverImpl.onCompleted(ServerCalls.java:356)
	at org.apache.ratis.grpc.server.GrpcServerProtocolService$ServerRequestStreamObserver.onError(GrpcServerProtocolService.java:121)
	at org.apache.ratis.thirdparty.io.grpc.stub.ServerCalls$StreamingServerCallHandler$StreamingServerCallListener.onCancel(ServerCalls.java:269)
	at org.apache.ratis.thirdparty.io.grpc.internal.ServerCallImpl$ServerStreamListenerImpl.closed(ServerCallImpl.java:293)
	at org.apache.ratis.thirdparty.io.grpc.internal.ServerImpl$JumpToApplicationThreadServerStreamListener$1Closed.runInContext(ServerImpl.java:741)
	at org.apache.ratis.thirdparty.io.grpc.internal.ContextRunnable.run(ContextRunnable.java:37)
	at org.apache.ratis.thirdparty.io.grpc.internal.SerializingExecutor.run(SerializingExecutor.java:123)
	at java.util.concurrent.ThreadPoolExecutor.runWorker(ThreadPoolExecutor.java:1149)
	at java.util.concurrent.ThreadPoolExecutor$Worker.run(ThreadPoolExecutor.java:624)
	at java.lang.Thread.run(Thread.java:748)

Oct 24, 2019 2:28:53 PM org.apache.ratis.thirdparty.io.grpc.internal.SerializingExecutor run
SEVERE: Exception while executing runnable org.apache.ratis.thirdparty.io.grpc.internal.ClientCallImpl$ClientStreamListenerImpl$1StreamClosed@11e36e73
java.lang.NullPointerException
	at org.apache.ratis.grpc.server.GrpcLogAppender$AppendLogResponseHandler.onError(GrpcLogAppender.java:303)
	at org.apache.ratis.thirdparty.io.grpc.stub.ClientCalls$StreamObserverToCallListenerAdapter.onClose(ClientCalls.java:434)
	at org.apache.ratis.thirdparty.io.grpc.PartialForwardingClientCallListener.onClose(PartialForwardingClientCallListener.java:39)
	at org.apache.ratis.thirdparty.io.grpc.ForwardingClientCallListener.onClose(ForwardingClientCallListener.java:23)
	at org.apache.ratis.thirdparty.io.grpc.ForwardingClientCallListener$SimpleForwardingClientCallListener.onClose(ForwardingClientCallListener.java:40)
	at org.apache.ratis.thirdparty.io.grpc.internal.CensusStatsModule$StatsClientInterceptor$1$1.onClose(CensusStatsModule.java:678)
	at org.apache.ratis.thirdparty.io.grpc.PartialForwardingClientCallListener.onClose(PartialForwardingClientCallListener.java:39)
	at org.apache.ratis.thirdparty.io.grpc.ForwardingClientCallListener.onClose(ForwardingClientCallListener.java:23)
	at org.apache.ratis.thirdparty.io.grpc.ForwardingClientCallListener$SimpleForwardingClientCallListener.onClose(ForwardingClientCallListener.java:40)
	at org.apache.ratis.thirdparty.io.grpc.internal.CensusTracingModule$TracingClientInterceptor$1$1.onClose(CensusTracingModule.java:397)
	at org.apache.ratis.thirdparty.io.grpc.internal.ClientCallImpl.closeObserver(ClientCallImpl.java:459)
	at org.apache.ratis.thirdparty.io.grpc.internal.ClientCallImpl.access$300(ClientCallImpl.java:63)
	at org.apache.ratis.thirdparty.io.grpc.internal.ClientCallImpl$ClientStreamListenerImpl.close(ClientCallImpl.java:546)
	at org.apache.ratis.thirdparty.io.grpc.internal.ClientCallImpl$ClientStreamListenerImpl.access$600(ClientCallImpl.java:467)
	at org.apache.ratis.thirdparty.io.grpc.internal.ClientCallImpl$ClientStreamListenerImpl$1StreamClosed.runInContext(ClientCallImpl.java:584)
	at org.apache.ratis.thirdparty.io.grpc.internal.ContextRunnable.run(ContextRunnable.java:37)
	at org.apache.ratis.thirdparty.io.grpc.internal.SerializingExecutor.run(SerializingExecutor.java:123)
	at java.util.concurrent.ThreadPoolExecutor.runWorker(ThreadPoolExecutor.java:1149)
	at java.util.concurrent.ThreadPoolExecutor$Worker.run(ThreadPoolExecutor.java:624)
	at java.lang.Thread.run(Thread.java:748)

]]></system-err>
  </testcase>
</testsuite>