<?xml version="1.0" encoding="UTF-8"?>
<testsuite xmlns:xsi="http://www.w3.org/2001/XMLSchema-instance" xsi:noNamespaceSchemaLocation="https://maven.apache.org/surefire/maven-surefire-plugin/xsd/surefire-test-report.xsd" name="org.apache.hadoop.hdds.scm.pipeline.TestRatisPipelineCreateAndDestroy" time="67.529" tests="3" errors="0" skipped="0" failures="1">
  <properties>
    <property name="awt.toolkit" value="sun.awt.X11.XToolkit"/>
    <property name="file.encoding.pkg" value="sun.io"/>
    <property name="java.specification.version" value="1.8"/>
    <property name="sun.cpu.isalist" value=""/>
    <property name="sun.jnu.encoding" value="ANSI_X3.4-1968"/>
    <property name="java.class.path" value="/workdir/hadoop-ozone/integration-test/target/test-classes:/workdir/hadoop-ozone/integration-test/target/classes:/home/user/.m2/repository/org/apache/hadoop/hadoop-ozone-common/0.5.0-SNAPSHOT/hadoop-ozone-common-0.5.0-SNAPSHOT.jar:/home/user/.m2/repository/org/apache/commons/commons-compress/1.4.1/commons-compress-1.4.1.jar:/home/user/.m2/repository/org/tukaani/xz/1.0/xz-1.0.jar:/home/user/.m2/repository/org/apache/hadoop/hadoop-common/3.2.0/hadoop-common-3.2.0.jar:/home/user/.m2/repository/org/apache/hadoop/hadoop-hdfs/3.2.0/hadoop-hdfs-3.2.0.jar:/home/user/.m2/repository/org/apache/hadoop/hadoop-hdfs-client/3.2.0/hadoop-hdfs-client-3.2.0.jar:/home/user/.m2/repository/com/fasterxml/jackson/core/jackson-annotations/2.9.9/jackson-annotations-2.9.9.jar:/home/user/.m2/repository/org/apache/hadoop/hadoop-hdds-common/0.5.0-SNAPSHOT/hadoop-hdds-common-0.5.0-SNAPSHOT.jar:/home/user/.m2/repository/javax/annotation/javax.annotation-api/1.2/javax.annotation-api-1.2.jar:/home/user/.m2/repository/org/apache/ratis/ratis-server/0.5.0-d6d58d0-SNAPSHOT/ratis-server-0.5.0-d6d58d0-SNAPSHOT.jar:/home/user/.m2/repository/org/apache/ratis/ratis-thirdparty-misc/0.2.0/ratis-thirdparty-misc-0.2.0.jar:/home/user/.m2/repository/org/apache/ratis/ratis-proto/0.5.0-d6d58d0-SNAPSHOT/ratis-proto-0.5.0-d6d58d0-SNAPSHOT.jar:/home/user/.m2/repository/org/apache/ratis/ratis-common/0.5.0-d6d58d0-SNAPSHOT/ratis-common-0.5.0-d6d58d0-SNAPSHOT.jar:/home/user/.m2/repository/org/apache/ratis/ratis-client/0.5.0-d6d58d0-SNAPSHOT/ratis-client-0.5.0-d6d58d0-SNAPSHOT.jar:/home/user/.m2/repository/org/apache/ratis/ratis-metrics/0.5.0-d6d58d0-SNAPSHOT/ratis-metrics-0.5.0-d6d58d0-SNAPSHOT.jar:/home/user/.m2/repository/org/apache/ratis/ratis-netty/0.5.0-d6d58d0-SNAPSHOT/ratis-netty-0.5.0-d6d58d0-SNAPSHOT.jar:/home/user/.m2/repository/org/apache/ratis/ratis-grpc/0.5.0-d6d58d0-SNAPSHOT/ratis-grpc-0.5.0-d6d58d0-SNAPSHOT.jar:/home/user/.m2/repository/org/rocksdb/rocksdbjni/6.0.1/rocksdbjni-6.0.1.jar:/home/user/.m2/repository/org/apache/logging/log4j/log4j-api/2.11.0/log4j-api-2.11.0.jar:/home/user/.m2/repository/org/apache/logging/log4j/log4j-core/2.11.0/log4j-core-2.11.0.jar:/home/user/.m2/repository/com/lmax/disruptor/3.4.2/disruptor-3.4.2.jar:/home/user/.m2/repository/org/apache/commons/commons-pool2/2.6.0/commons-pool2-2.6.0.jar:/home/user/.m2/repository/org/bouncycastle/bcpkix-jdk15on/1.60/bcpkix-jdk15on-1.60.jar:/home/user/.m2/repository/commons-validator/commons-validator/1.6/commons-validator-1.6.jar:/home/user/.m2/repository/commons-digester/commons-digester/1.8.1/commons-digester-1.8.1.jar:/home/user/.m2/repository/io/jaegertracing/jaeger-client/0.34.0/jaeger-client-0.34.0.jar:/home/user/.m2/repository/io/jaegertracing/jaeger-thrift/0.34.0/jaeger-thrift-0.34.0.jar:/home/user/.m2/repository/org/apache/thrift/libthrift/0.12.0/libthrift-0.12.0.jar:/home/user/.m2/repository/com/squareup/okhttp3/okhttp/3.9.0/okhttp-3.9.0.jar:/home/user/.m2/repository/com/squareup/okio/okio/1.13.0/okio-1.13.0.jar:/home/user/.m2/repository/io/jaegertracing/jaeger-core/0.34.0/jaeger-core-0.34.0.jar:/home/user/.m2/repository/io/jaegertracing/jaeger-tracerresolver/0.34.0/jaeger-tracerresolver-0.34.0.jar:/home/user/.m2/repository/io/opentracing/contrib/opentracing-tracerresolver/0.1.5/opentracing-tracerresolver-0.1.5.jar:/home/user/.m2/repository/io/opentracing/opentracing-util/0.31.0/opentracing-util-0.31.0.jar:/home/user/.m2/repository/io/opentracing/opentracing-api/0.31.0/opentracing-api-0.31.0.jar:/home/user/.m2/repository/io/opentracing/opentracing-noop/0.31.0/opentracing-noop-0.31.0.jar:/home/user/.m2/repository/org/apache/hadoop/hadoop-hdds-server-framework/0.5.0-SNAPSHOT/hadoop-hdds-server-framework-0.5.0-SNAPSHOT.jar:/home/user/.m2/repository/org/apache/hadoop/hadoop-hdds-container-service/0.5.0-SNAPSHOT/hadoop-hdds-container-service-0.5.0-SNAPSHOT.jar:/home/user/.m2/repository/org/apache/hadoop/hadoop-hdds-client/0.5.0-SNAPSHOT/hadoop-hdds-client-0.5.0-SNAPSHOT.jar:/home/user/.m2/repository/org/apache/hadoop/hadoop-hdds-tools/0.5.0-SNAPSHOT/hadoop-hdds-tools-0.5.0-SNAPSHOT.jar:/home/user/.m2/repository/org/apache/hadoop/hadoop-hdds-server-scm/0.5.0-SNAPSHOT/hadoop-hdds-server-scm-0.5.0-SNAPSHOT.jar:/home/user/.m2/repository/org/apache/hadoop/hadoop-hdds-docs/0.5.0-SNAPSHOT/hadoop-hdds-docs-0.5.0-SNAPSHOT.jar:/home/user/.m2/repository/io/dropwizard/metrics/metrics-core/3.2.4/metrics-core-3.2.4.jar:/home/user/.m2/repository/org/hamcrest/hamcrest-all/1.3/hamcrest-all-1.3.jar:/home/user/.m2/repository/org/bouncycastle/bcprov-jdk15on/1.60/bcprov-jdk15on-1.60.jar:/home/user/.m2/repository/info/picocli/picocli/3.9.6/picocli-3.9.6.jar:/home/user/.m2/repository/com/google/protobuf/protobuf-java/2.5.0/protobuf-java-2.5.0.jar:/home/user/.m2/repository/com/google/guava/guava/11.0.2/guava-11.0.2.jar:/home/user/.m2/repository/org/apache/hadoop/hadoop-ozone-ozone-manager/0.5.0-SNAPSHOT/hadoop-ozone-ozone-manager-0.5.0-SNAPSHOT.jar:/home/user/.m2/repository/org/apache/hadoop/hadoop-minikdc/3.2.0/hadoop-minikdc-3.2.0.jar:/home/user/.m2/repository/commons-io/commons-io/2.5/commons-io-2.5.jar:/home/user/.m2/repository/org/apache/kerby/kerb-simplekdc/1.0.1/kerb-simplekdc-1.0.1.jar:/home/user/.m2/repository/org/apache/kerby/kerb-client/1.0.1/kerb-client-1.0.1.jar:/home/user/.m2/repository/org/apache/kerby/kerby-config/1.0.1/kerby-config-1.0.1.jar:/home/user/.m2/repository/org/apache/kerby/kerb-core/1.0.1/kerb-core-1.0.1.jar:/home/user/.m2/repository/org/apache/kerby/kerby-pkix/1.0.1/kerby-pkix-1.0.1.jar:/home/user/.m2/repository/org/apache/kerby/kerby-asn1/1.0.1/kerby-asn1-1.0.1.jar:/home/user/.m2/repository/org/apache/kerby/kerby-util/1.0.1/kerby-util-1.0.1.jar:/home/user/.m2/repository/org/apache/kerby/kerb-common/1.0.1/kerb-common-1.0.1.jar:/home/user/.m2/repository/org/apache/kerby/kerb-crypto/1.0.1/kerb-crypto-1.0.1.jar:/home/user/.m2/repository/org/apache/kerby/kerb-util/1.0.1/kerb-util-1.0.1.jar:/home/user/.m2/repository/org/apache/kerby/token-provider/1.0.1/token-provider-1.0.1.jar:/home/user/.m2/repository/org/apache/kerby/kerb-admin/1.0.1/kerb-admin-1.0.1.jar:/home/user/.m2/repository/org/apache/kerby/kerb-server/1.0.1/kerb-server-1.0.1.jar:/home/user/.m2/repository/org/apache/kerby/kerb-identity/1.0.1/kerb-identity-1.0.1.jar:/home/user/.m2/repository/org/apache/kerby/kerby-xdr/1.0.1/kerby-xdr-1.0.1.jar:/home/user/.m2/repository/org/slf4j/slf4j-log4j12/1.7.25/slf4j-log4j12-1.7.25.jar:/home/user/.m2/repository/org/apache/hadoop/hadoop-ozone-s3gateway/0.5.0-SNAPSHOT/hadoop-ozone-s3gateway-0.5.0-SNAPSHOT.jar:/home/user/.m2/repository/org/jboss/weld/servlet/weld-servlet/2.4.7.Final/weld-servlet-2.4.7.Final.jar:/home/user/.m2/repository/org/glassfish/jersey/containers/jersey-container-servlet-core/2.27/jersey-container-servlet-core-2.27.jar:/home/user/.m2/repository/org/glassfish/hk2/external/javax.inject/2.5.0-b42/javax.inject-2.5.0-b42.jar:/home/user/.m2/repository/org/glassfish/jersey/core/jersey-common/2.27/jersey-common-2.27.jar:/home/user/.m2/repository/org/glassfish/hk2/osgi-resource-locator/1.0.1/osgi-resource-locator-1.0.1.jar:/home/user/.m2/repository/javax/ws/rs/javax.ws.rs-api/2.1/javax.ws.rs-api-2.1.jar:/home/user/.m2/repository/org/glassfish/jersey/ext/cdi/jersey-cdi1x/2.27/jersey-cdi1x-2.27.jar:/home/user/.m2/repository/org/glassfish/jersey/inject/jersey-hk2/2.27/jersey-hk2-2.27.jar:/home/user/.m2/repository/org/glassfish/hk2/hk2-locator/2.5.0-b42/hk2-locator-2.5.0-b42.jar:/home/user/.m2/repository/org/javassist/javassist/3.22.0-CR2/javassist-3.22.0-CR2.jar:/home/user/.m2/repository/org/glassfish/hk2/hk2-api/2.5.0/hk2-api-2.5.0.jar:/home/user/.m2/repository/org/glassfish/hk2/external/jakarta.inject/2.5.0/jakarta.inject-2.5.0.jar:/home/user/.m2/repository/org/glassfish/hk2/hk2-utils/2.5.0/hk2-utils-2.5.0.jar:/home/user/.m2/repository/jakarta/annotation/jakarta.annotation-api/1.3.4/jakarta.annotation-api-1.3.4.jar:/home/user/.m2/repository/org/glassfish/hk2/external/aopalliance-repackaged/2.5.0/aopalliance-repackaged-2.5.0.jar:/home/user/.m2/repository/com/fasterxml/jackson/dataformat/jackson-dataformat-xml/2.9.0/jackson-dataformat-xml-2.9.0.jar:/home/user/.m2/repository/com/fasterxml/jackson/core/jackson-core/2.9.9/jackson-core-2.9.9.jar:/home/user/.m2/repository/com/fasterxml/jackson/module/jackson-module-jaxb-annotations/2.9.9/jackson-module-jaxb-annotations-2.9.9.jar:/home/user/.m2/repository/javax/enterprise/cdi-api/1.2/cdi-api-1.2.jar:/home/user/.m2/repository/javax/el/javax.el-api/3.0.0/javax.el-api-3.0.0.jar:/home/user/.m2/repository/javax/interceptor/javax.interceptor-api/1.2/javax.interceptor-api-1.2.jar:/home/user/.m2/repository/javax/inject/javax.inject/1/javax.inject-1.jar:/home/user/.m2/repository/com/sun/xml/bind/jaxb-impl/2.3.0.1/jaxb-impl-2.3.0.1.jar:/home/user/.m2/repository/com/sun/xml/bind/jaxb-core/2.3.0.1/jaxb-core-2.3.0.1.jar:/home/user/.m2/repository/javax/xml/bind/jaxb-api/2.3.0/jaxb-api-2.3.0.jar:/home/user/.m2/repository/javax/activation/activation/1.1.1/activation-1.1.1.jar:/home/user/.m2/repository/org/apache/hadoop/hadoop-ozone-csi/0.5.0-SNAPSHOT/hadoop-ozone-csi-0.5.0-SNAPSHOT.jar:/home/user/.m2/repository/com/google/protobuf/protobuf-java-util/3.5.1/protobuf-java-util-3.5.1.jar:/home/user/.m2/repository/org/apache/hadoop/hadoop-hdds-config/0.5.0-SNAPSHOT/hadoop-hdds-config-0.5.0-SNAPSHOT.jar:/home/user/.m2/repository/io/grpc/grpc-netty/1.17.1/grpc-netty-1.17.1.jar:/home/user/.m2/repository/io/grpc/grpc-core/1.17.1/grpc-core-1.17.1.jar:/home/user/.m2/repository/io/grpc/grpc-context/1.17.1/grpc-context-1.17.1.jar:/home/user/.m2/repository/com/google/errorprone/error_prone_annotations/2.2.0/error_prone_annotations-2.2.0.jar:/home/user/.m2/repository/org/codehaus/mojo/animal-sniffer-annotations/1.17/animal-sniffer-annotations-1.17.jar:/home/user/.m2/repository/io/opencensus/opencensus-api/0.17.0/opencensus-api-0.17.0.jar:/home/user/.m2/repository/io/opencensus/opencensus-contrib-grpc-metrics/0.17.0/opencensus-contrib-grpc-metrics-0.17.0.jar:/home/user/.m2/repository/io/netty/netty-codec-http2/4.1.30.Final/netty-codec-http2-4.1.30.Final.jar:/home/user/.m2/repository/io/netty/netty-codec-http/4.1.30.Final/netty-codec-http-4.1.30.Final.jar:/home/user/.m2/repository/io/netty/netty-codec/4.1.30.Final/netty-codec-4.1.30.Final.jar:/home/user/.m2/repository/io/netty/netty-handler/4.1.30.Final/netty-handler-4.1.30.Final.jar:/home/user/.m2/repository/io/netty/netty-handler-proxy/4.1.30.Final/netty-handler-proxy-4.1.30.Final.jar:/home/user/.m2/repository/io/netty/netty-codec-socks/4.1.30.Final/netty-codec-socks-4.1.30.Final.jar:/home/user/.m2/repository/io/netty/netty-transport-native-epoll/4.1.30.Final/netty-transport-native-epoll-4.1.30.Final.jar:/home/user/.m2/repository/io/netty/netty-common/4.1.30.Final/netty-common-4.1.30.Final.jar:/home/user/.m2/repository/io/netty/netty-buffer/4.1.30.Final/netty-buffer-4.1.30.Final.jar:/home/user/.m2/repository/io/netty/netty-transport/4.1.30.Final/netty-transport-4.1.30.Final.jar:/home/user/.m2/repository/io/netty/netty-resolver/4.1.30.Final/netty-resolver-4.1.30.Final.jar:/home/user/.m2/repository/io/netty/netty-transport-native-unix-common/4.1.30.Final/netty-transport-native-unix-common-4.1.30.Final.jar:/home/user/.m2/repository/io/grpc/grpc-protobuf/1.17.1/grpc-protobuf-1.17.1.jar:/home/user/.m2/repository/com/google/api/grpc/proto-google-common-protos/1.0.0/proto-google-common-protos-1.0.0.jar:/home/user/.m2/repository/io/grpc/grpc-protobuf-lite/1.17.1/grpc-protobuf-lite-1.17.1.jar:/home/user/.m2/repository/io/grpc/grpc-stub/1.17.1/grpc-stub-1.17.1.jar:/home/user/.m2/repository/org/apache/hadoop/hadoop-ozone-recon/0.5.0-SNAPSHOT/hadoop-ozone-recon-0.5.0-SNAPSHOT.jar:/home/user/.m2/repository/org/apache/hadoop/hadoop-ozone-reconcodegen/0.5.0-SNAPSHOT/hadoop-ozone-reconcodegen-0.5.0-SNAPSHOT.jar:/home/user/.m2/repository/com/google/inject/extensions/guice-multibindings/4.0/guice-multibindings-4.0.jar:/home/user/.m2/repository/com/google/inject/guice/4.0/guice-4.0.jar:/home/user/.m2/repository/aopalliance/aopalliance/1.0/aopalliance-1.0.jar:/home/user/.m2/repository/com/google/inject/extensions/guice-servlet/4.0/guice-servlet-4.0.jar:/home/user/.m2/repository/org/glassfish/jersey/containers/jersey-container-servlet/2.27/jersey-container-servlet-2.27.jar:/home/user/.m2/repository/org/glassfish/hk2/guice-bridge/2.5.0/guice-bridge-2.5.0.jar:/home/user/.m2/repository/org/glassfish/jersey/core/jersey-server/2.27/jersey-server-2.27.jar:/home/user/.m2/repository/org/glassfish/jersey/core/jersey-client/2.27/jersey-client-2.27.jar:/home/user/.m2/repository/org/glassfish/jersey/media/jersey-media-jaxb/2.27/jersey-media-jaxb-2.27.jar:/home/user/.m2/repository/javax/validation/validation-api/1.1.0.Final/validation-api-1.1.0.Final.jar:/home/user/.m2/repository/org/glassfish/jersey/media/jersey-media-json-jackson/2.27/jersey-media-json-jackson-2.27.jar:/home/user/.m2/repository/org/glassfish/jersey/ext/jersey-entity-filtering/2.27/jersey-entity-filtering-2.27.jar:/home/user/.m2/repository/com/google/inject/extensions/guice-assistedinject/4.0/guice-assistedinject-4.0.jar:/home/user/.m2/repository/org/jooq/jooq/3.11.10/jooq-3.11.10.jar:/home/user/.m2/repository/org/jooq/jooq-meta/3.11.10/jooq-meta-3.11.10.jar:/home/user/.m2/repository/org/jooq/jooq-codegen/3.11.10/jooq-codegen-3.11.10.jar:/home/user/.m2/repository/com/jolbox/bonecp/0.8.0.RELEASE/bonecp-0.8.0.RELEASE.jar:/home/user/.m2/repository/org/xerial/sqlite-jdbc/3.25.2/sqlite-jdbc-3.25.2.jar:/home/user/.m2/repository/org/springframework/spring-jdbc/5.1.3.RELEASE/spring-jdbc-5.1.3.RELEASE.jar:/home/user/.m2/repository/org/springframework/spring-beans/5.1.3.RELEASE/spring-beans-5.1.3.RELEASE.jar:/home/user/.m2/repository/org/springframework/spring-core/5.1.3.RELEASE/spring-core-5.1.3.RELEASE.jar:/home/user/.m2/repository/org/springframework/spring-jcl/5.1.3.RELEASE/spring-jcl-5.1.3.RELEASE.jar:/home/user/.m2/repository/org/springframework/spring-tx/5.1.3.RELEASE/spring-tx-5.1.3.RELEASE.jar:/home/user/.m2/repository/org/apache/hadoop/hadoop-ozone-client/0.5.0-SNAPSHOT/hadoop-ozone-client-0.5.0-SNAPSHOT.jar:/home/user/.m2/repository/commons-lang/commons-lang/2.6/commons-lang-2.6.jar:/home/user/.m2/repository/org/apache/hadoop/hadoop-ozone-ozone-manager/0.5.0-SNAPSHOT/hadoop-ozone-ozone-manager-0.5.0-SNAPSHOT-tests.jar:/home/user/.m2/repository/junit/junit/4.11/junit-4.11.jar:/home/user/.m2/repository/org/hamcrest/hamcrest-core/1.3/hamcrest-core-1.3.jar:/home/user/.m2/repository/org/openjdk/jmh/jmh-core/1.19/jmh-core-1.19.jar:/home/user/.m2/repository/net/sf/jopt-simple/jopt-simple/4.6/jopt-simple-4.6.jar:/home/user/.m2/repository/org/apache/commons/commons-math3/3.1.1/commons-math3-3.1.1.jar:/home/user/.m2/repository/org/openjdk/jmh/jmh-generator-annprocess/1.19/jmh-generator-annprocess-1.19.jar:/home/user/.m2/repository/org/mockito/mockito-all/1.8.5/mockito-all-1.8.5.jar:/home/user/.m2/repository/org/apache/hadoop/hadoop-kms/3.2.0/hadoop-kms-3.2.0.jar:/home/user/.m2/repository/org/apache/hadoop/hadoop-auth/3.2.0/hadoop-auth-3.2.0.jar:/home/user/.m2/repository/com/nimbusds/nimbus-jose-jwt/4.41.1/nimbus-jose-jwt-4.41.1.jar:/home/user/.m2/repository/com/github/stephenc/jcip/jcip-annotations/1.0-1/jcip-annotations-1.0-1.jar:/home/user/.m2/repository/net/minidev/json-smart/2.3/json-smart-2.3.jar:/home/user/.m2/repository/net/minidev/accessors-smart/1.2/accessors-smart-1.2.jar:/home/user/.m2/repository/org/ow2/asm/asm/5.0.4/asm-5.0.4.jar:/home/user/.m2/repository/org/apache/curator/curator-framework/2.12.0/curator-framework-2.12.0.jar:/home/user/.m2/repository/com/sun/jersey/jersey-core/1.19/jersey-core-1.19.jar:/home/user/.m2/repository/javax/ws/rs/jsr311-api/1.1.1/jsr311-api-1.1.1.jar:/home/user/.m2/repository/com/sun/jersey/jersey-server/1.19/jersey-server-1.19.jar:/home/user/.m2/repository/javax/servlet/javax.servlet-api/3.1.0/javax.servlet-api-3.1.0.jar:/home/user/.m2/repository/org/eclipse/jetty/jetty-server/9.3.25.v20180904/jetty-server-9.3.25.v20180904.jar:/home/user/.m2/repository/org/eclipse/jetty/jetty-http/9.3.25.v20180904/jetty-http-9.3.25.v20180904.jar:/home/user/.m2/repository/org/eclipse/jetty/jetty-io/9.3.25.v20180904/jetty-io-9.3.25.v20180904.jar:/home/user/.m2/repository/org/eclipse/jetty/jetty-webapp/9.3.25.v20180904/jetty-webapp-9.3.25.v20180904.jar:/home/user/.m2/repository/org/eclipse/jetty/jetty-xml/9.3.25.v20180904/jetty-xml-9.3.25.v20180904.jar:/home/user/.m2/repository/log4j/log4j/1.2.17/log4j-1.2.17.jar:/home/user/.m2/repository/org/slf4j/slf4j-api/1.7.25/slf4j-api-1.7.25.jar:/home/user/.m2/repository/org/slf4j/jul-to-slf4j/1.7.25/jul-to-slf4j-1.7.25.jar:/home/user/.m2/repository/org/eclipse/jetty/jetty-util/9.3.25.v20180904/jetty-util-9.3.25.v20180904.jar:/home/user/.m2/repository/com/fasterxml/jackson/core/jackson-databind/2.9.9/jackson-databind-2.9.9.jar:/home/user/.m2/repository/org/apache/hadoop/hadoop-kms/3.2.0/hadoop-kms-3.2.0-tests.jar:/home/user/.m2/repository/org/apache/hadoop/hadoop-hdds-server-scm/0.5.0-SNAPSHOT/hadoop-hdds-server-scm-0.5.0-SNAPSHOT-tests.jar:/home/user/.m2/repository/org/apache/hadoop/hadoop-hdds-container-service/0.5.0-SNAPSHOT/hadoop-hdds-container-service-0.5.0-SNAPSHOT-tests.jar:/home/user/.m2/repository/org/yaml/snakeyaml/1.16/snakeyaml-1.16.jar:/home/user/.m2/repository/org/apache/hadoop/hadoop-common/3.2.0/hadoop-common-3.2.0-tests.jar:/home/user/.m2/repository/org/apache/hadoop/hadoop-annotations/3.2.0/hadoop-annotations-3.2.0.jar:/usr/lib/jvm/java-1.8.0-openjdk-1.8.0.222.b10-1.el7_7.x86_64/jre/../lib/tools.jar:/home/user/.m2/repository/commons-cli/commons-cli/1.2/commons-cli-1.2.jar:/home/user/.m2/repository/org/apache/httpcomponents/httpclient/4.5.2/httpclient-4.5.2.jar:/home/user/.m2/repository/org/apache/httpcomponents/httpcore/4.4.4/httpcore-4.4.4.jar:/home/user/.m2/repository/commons-codec/commons-codec/1.11/commons-codec-1.11.jar:/home/user/.m2/repository/commons-net/commons-net/3.6/commons-net-3.6.jar:/home/user/.m2/repository/commons-collections/commons-collections/3.2.2/commons-collections-3.2.2.jar:/home/user/.m2/repository/org/eclipse/jetty/jetty-servlet/9.3.25.v20180904/jetty-servlet-9.3.25.v20180904.jar:/home/user/.m2/repository/org/eclipse/jetty/jetty-security/9.3.25.v20180904/jetty-security-9.3.25.v20180904.jar:/home/user/.m2/repository/javax/servlet/jsp/jsp-api/2.1/jsp-api-2.1.jar:/home/user/.m2/repository/com/sun/jersey/jersey-servlet/1.19/jersey-servlet-1.19.jar:/home/user/.m2/repository/com/sun/jersey/jersey-json/1.19/jersey-json-1.19.jar:/home/user/.m2/repository/org/codehaus/jettison/jettison/1.1/jettison-1.1.jar:/home/user/.m2/repository/org/codehaus/jackson/jackson-core-asl/1.9.13/jackson-core-asl-1.9.13.jar:/home/user/.m2/repository/org/codehaus/jackson/jackson-mapper-asl/1.9.13/jackson-mapper-asl-1.9.13.jar:/home/user/.m2/repository/org/codehaus/jackson/jackson-jaxrs/1.9.13/jackson-jaxrs-1.9.13.jar:/home/user/.m2/repository/org/codehaus/jackson/jackson-xc/1.9.13/jackson-xc-1.9.13.jar:/home/user/.m2/repository/commons-logging/commons-logging/1.1.3/commons-logging-1.1.3.jar:/home/user/.m2/repository/commons-beanutils/commons-beanutils/1.9.4/commons-beanutils-1.9.4.jar:/home/user/.m2/repository/org/apache/commons/commons-configuration2/2.1.1/commons-configuration2-2.1.1.jar:/home/user/.m2/repository/org/apache/commons/commons-lang3/3.7/commons-lang3-3.7.jar:/home/user/.m2/repository/org/apache/commons/commons-text/1.4/commons-text-1.4.jar:/home/user/.m2/repository/org/apache/avro/avro/1.7.7/avro-1.7.7.jar:/home/user/.m2/repository/com/thoughtworks/paranamer/paranamer/2.3/paranamer-2.3.jar:/home/user/.m2/repository/org/xerial/snappy/snappy-java/1.0.5/snappy-java-1.0.5.jar:/home/user/.m2/repository/com/google/re2j/re2j/1.1/re2j-1.1.jar:/home/user/.m2/repository/com/google/code/gson/gson/2.2.4/gson-2.2.4.jar:/home/user/.m2/repository/com/jcraft/jsch/0.1.54/jsch-0.1.54.jar:/home/user/.m2/repository/org/apache/curator/curator-client/2.12.0/curator-client-2.12.0.jar:/home/user/.m2/repository/org/apache/curator/curator-recipes/2.12.0/curator-recipes-2.12.0.jar:/home/user/.m2/repository/com/google/code/findbugs/jsr305/3.0.0/jsr305-3.0.0.jar:/home/user/.m2/repository/org/apache/htrace/htrace-core4/4.1.0-incubating/htrace-core4-4.1.0-incubating.jar:/home/user/.m2/repository/org/apache/zookeeper/zookeeper/3.4.13/zookeeper-3.4.13.jar:/home/user/.m2/repository/jline/jline/0.9.94/jline-0.9.94.jar:/home/user/.m2/repository/org/apache/yetus/audience-annotations/0.5.0/audience-annotations-0.5.0.jar:/home/user/.m2/repository/org/codehaus/woodstox/stax2-api/3.1.4/stax2-api-3.1.4.jar:/home/user/.m2/repository/com/fasterxml/woodstox/woodstox-core/5.0.3/woodstox-core-5.0.3.jar:/home/user/.m2/repository/dnsjava/dnsjava/2.1.7/dnsjava-2.1.7.jar:/home/user/.m2/repository/org/apache/hadoop/hadoop-hdfs/3.2.0/hadoop-hdfs-3.2.0-tests.jar:/home/user/.m2/repository/org/eclipse/jetty/jetty-util-ajax/9.3.25.v20180904/jetty-util-ajax-9.3.25.v20180904.jar:/home/user/.m2/repository/commons-daemon/commons-daemon/1.0.13/commons-daemon-1.0.13.jar:/home/user/.m2/repository/io/netty/netty/3.10.5.Final/netty-3.10.5.Final.jar:/home/user/.m2/repository/io/netty/netty-all/4.0.52.Final/netty-all-4.0.52.Final.jar:/home/user/.m2/repository/org/fusesource/leveldbjni/leveldbjni-all/1.8/leveldbjni-all-1.8.jar:"/>
    <property name="java.vm.vendor" value="Oracle Corporation"/>
    <property name="sun.arch.data.model" value="64"/>
    <property name="test.build.dir" value="/workdir/hadoop-ozone/integration-test/target/test-dir"/>
    <property name="test.cache.data" value=""/>
    <property name="java.vendor.url" value="http://java.oracle.com/"/>
    <property name="user.timezone" value=""/>
    <property name="java.vm.specification.version" value="1.8"/>
    <property name="os.name" value="Linux"/>
    <property name="test.build.data" value="/workdir/hadoop-ozone/integration-test/target/test-dir"/>
    <property name="user.country" value="US"/>
    <property name="sun.java.launcher" value="SUN_STANDARD"/>
    <property name="sun.boot.library.path" value="/usr/lib/jvm/java-1.8.0-openjdk-1.8.0.222.b10-1.el7_7.x86_64/jre/lib/amd64"/>
    <property name="sun.java.command" value="/workdir/hadoop-ozone/integration-test/target/surefire/surefirebooter7373599078090735702.jar /workdir/hadoop-ozone/integration-test/target/surefire 2019-11-05T02-26-19_791-jvmRun1 surefire55533469010577817tmp surefire_729215794364914627392tmp"/>
    <property name="surefire.test.class.path" value="/workdir/hadoop-ozone/integration-test/target/test-classes:/workdir/hadoop-ozone/integration-test/target/classes:/home/user/.m2/repository/org/apache/hadoop/hadoop-ozone-common/0.5.0-SNAPSHOT/hadoop-ozone-common-0.5.0-SNAPSHOT.jar:/home/user/.m2/repository/org/apache/commons/commons-compress/1.4.1/commons-compress-1.4.1.jar:/home/user/.m2/repository/org/tukaani/xz/1.0/xz-1.0.jar:/home/user/.m2/repository/org/apache/hadoop/hadoop-common/3.2.0/hadoop-common-3.2.0.jar:/home/user/.m2/repository/org/apache/hadoop/hadoop-hdfs/3.2.0/hadoop-hdfs-3.2.0.jar:/home/user/.m2/repository/org/apache/hadoop/hadoop-hdfs-client/3.2.0/hadoop-hdfs-client-3.2.0.jar:/home/user/.m2/repository/com/fasterxml/jackson/core/jackson-annotations/2.9.9/jackson-annotations-2.9.9.jar:/home/user/.m2/repository/org/apache/hadoop/hadoop-hdds-common/0.5.0-SNAPSHOT/hadoop-hdds-common-0.5.0-SNAPSHOT.jar:/home/user/.m2/repository/javax/annotation/javax.annotation-api/1.2/javax.annotation-api-1.2.jar:/home/user/.m2/repository/org/apache/ratis/ratis-server/0.5.0-d6d58d0-SNAPSHOT/ratis-server-0.5.0-d6d58d0-SNAPSHOT.jar:/home/user/.m2/repository/org/apache/ratis/ratis-thirdparty-misc/0.2.0/ratis-thirdparty-misc-0.2.0.jar:/home/user/.m2/repository/org/apache/ratis/ratis-proto/0.5.0-d6d58d0-SNAPSHOT/ratis-proto-0.5.0-d6d58d0-SNAPSHOT.jar:/home/user/.m2/repository/org/apache/ratis/ratis-common/0.5.0-d6d58d0-SNAPSHOT/ratis-common-0.5.0-d6d58d0-SNAPSHOT.jar:/home/user/.m2/repository/org/apache/ratis/ratis-client/0.5.0-d6d58d0-SNAPSHOT/ratis-client-0.5.0-d6d58d0-SNAPSHOT.jar:/home/user/.m2/repository/org/apache/ratis/ratis-metrics/0.5.0-d6d58d0-SNAPSHOT/ratis-metrics-0.5.0-d6d58d0-SNAPSHOT.jar:/home/user/.m2/repository/org/apache/ratis/ratis-netty/0.5.0-d6d58d0-SNAPSHOT/ratis-netty-0.5.0-d6d58d0-SNAPSHOT.jar:/home/user/.m2/repository/org/apache/ratis/ratis-grpc/0.5.0-d6d58d0-SNAPSHOT/ratis-grpc-0.5.0-d6d58d0-SNAPSHOT.jar:/home/user/.m2/repository/org/rocksdb/rocksdbjni/6.0.1/rocksdbjni-6.0.1.jar:/home/user/.m2/repository/org/apache/logging/log4j/log4j-api/2.11.0/log4j-api-2.11.0.jar:/home/user/.m2/repository/org/apache/logging/log4j/log4j-core/2.11.0/log4j-core-2.11.0.jar:/home/user/.m2/repository/com/lmax/disruptor/3.4.2/disruptor-3.4.2.jar:/home/user/.m2/repository/org/apache/commons/commons-pool2/2.6.0/commons-pool2-2.6.0.jar:/home/user/.m2/repository/org/bouncycastle/bcpkix-jdk15on/1.60/bcpkix-jdk15on-1.60.jar:/home/user/.m2/repository/commons-validator/commons-validator/1.6/commons-validator-1.6.jar:/home/user/.m2/repository/commons-digester/commons-digester/1.8.1/commons-digester-1.8.1.jar:/home/user/.m2/repository/io/jaegertracing/jaeger-client/0.34.0/jaeger-client-0.34.0.jar:/home/user/.m2/repository/io/jaegertracing/jaeger-thrift/0.34.0/jaeger-thrift-0.34.0.jar:/home/user/.m2/repository/org/apache/thrift/libthrift/0.12.0/libthrift-0.12.0.jar:/home/user/.m2/repository/com/squareup/okhttp3/okhttp/3.9.0/okhttp-3.9.0.jar:/home/user/.m2/repository/com/squareup/okio/okio/1.13.0/okio-1.13.0.jar:/home/user/.m2/repository/io/jaegertracing/jaeger-core/0.34.0/jaeger-core-0.34.0.jar:/home/user/.m2/repository/io/jaegertracing/jaeger-tracerresolver/0.34.0/jaeger-tracerresolver-0.34.0.jar:/home/user/.m2/repository/io/opentracing/contrib/opentracing-tracerresolver/0.1.5/opentracing-tracerresolver-0.1.5.jar:/home/user/.m2/repository/io/opentracing/opentracing-util/0.31.0/opentracing-util-0.31.0.jar:/home/user/.m2/repository/io/opentracing/opentracing-api/0.31.0/opentracing-api-0.31.0.jar:/home/user/.m2/repository/io/opentracing/opentracing-noop/0.31.0/opentracing-noop-0.31.0.jar:/home/user/.m2/repository/org/apache/hadoop/hadoop-hdds-server-framework/0.5.0-SNAPSHOT/hadoop-hdds-server-framework-0.5.0-SNAPSHOT.jar:/home/user/.m2/repository/org/apache/hadoop/hadoop-hdds-container-service/0.5.0-SNAPSHOT/hadoop-hdds-container-service-0.5.0-SNAPSHOT.jar:/home/user/.m2/repository/org/apache/hadoop/hadoop-hdds-client/0.5.0-SNAPSHOT/hadoop-hdds-client-0.5.0-SNAPSHOT.jar:/home/user/.m2/repository/org/apache/hadoop/hadoop-hdds-tools/0.5.0-SNAPSHOT/hadoop-hdds-tools-0.5.0-SNAPSHOT.jar:/home/user/.m2/repository/org/apache/hadoop/hadoop-hdds-server-scm/0.5.0-SNAPSHOT/hadoop-hdds-server-scm-0.5.0-SNAPSHOT.jar:/home/user/.m2/repository/org/apache/hadoop/hadoop-hdds-docs/0.5.0-SNAPSHOT/hadoop-hdds-docs-0.5.0-SNAPSHOT.jar:/home/user/.m2/repository/io/dropwizard/metrics/metrics-core/3.2.4/metrics-core-3.2.4.jar:/home/user/.m2/repository/org/hamcrest/hamcrest-all/1.3/hamcrest-all-1.3.jar:/home/user/.m2/repository/org/bouncycastle/bcprov-jdk15on/1.60/bcprov-jdk15on-1.60.jar:/home/user/.m2/repository/info/picocli/picocli/3.9.6/picocli-3.9.6.jar:/home/user/.m2/repository/com/google/protobuf/protobuf-java/2.5.0/protobuf-java-2.5.0.jar:/home/user/.m2/repository/com/google/guava/guava/11.0.2/guava-11.0.2.jar:/home/user/.m2/repository/org/apache/hadoop/hadoop-ozone-ozone-manager/0.5.0-SNAPSHOT/hadoop-ozone-ozone-manager-0.5.0-SNAPSHOT.jar:/home/user/.m2/repository/org/apache/hadoop/hadoop-minikdc/3.2.0/hadoop-minikdc-3.2.0.jar:/home/user/.m2/repository/commons-io/commons-io/2.5/commons-io-2.5.jar:/home/user/.m2/repository/org/apache/kerby/kerb-simplekdc/1.0.1/kerb-simplekdc-1.0.1.jar:/home/user/.m2/repository/org/apache/kerby/kerb-client/1.0.1/kerb-client-1.0.1.jar:/home/user/.m2/repository/org/apache/kerby/kerby-config/1.0.1/kerby-config-1.0.1.jar:/home/user/.m2/repository/org/apache/kerby/kerb-core/1.0.1/kerb-core-1.0.1.jar:/home/user/.m2/repository/org/apache/kerby/kerby-pkix/1.0.1/kerby-pkix-1.0.1.jar:/home/user/.m2/repository/org/apache/kerby/kerby-asn1/1.0.1/kerby-asn1-1.0.1.jar:/home/user/.m2/repository/org/apache/kerby/kerby-util/1.0.1/kerby-util-1.0.1.jar:/home/user/.m2/repository/org/apache/kerby/kerb-common/1.0.1/kerb-common-1.0.1.jar:/home/user/.m2/repository/org/apache/kerby/kerb-crypto/1.0.1/kerb-crypto-1.0.1.jar:/home/user/.m2/repository/org/apache/kerby/kerb-util/1.0.1/kerb-util-1.0.1.jar:/home/user/.m2/repository/org/apache/kerby/token-provider/1.0.1/token-provider-1.0.1.jar:/home/user/.m2/repository/org/apache/kerby/kerb-admin/1.0.1/kerb-admin-1.0.1.jar:/home/user/.m2/repository/org/apache/kerby/kerb-server/1.0.1/kerb-server-1.0.1.jar:/home/user/.m2/repository/org/apache/kerby/kerb-identity/1.0.1/kerb-identity-1.0.1.jar:/home/user/.m2/repository/org/apache/kerby/kerby-xdr/1.0.1/kerby-xdr-1.0.1.jar:/home/user/.m2/repository/org/slf4j/slf4j-log4j12/1.7.25/slf4j-log4j12-1.7.25.jar:/home/user/.m2/repository/org/apache/hadoop/hadoop-ozone-s3gateway/0.5.0-SNAPSHOT/hadoop-ozone-s3gateway-0.5.0-SNAPSHOT.jar:/home/user/.m2/repository/org/jboss/weld/servlet/weld-servlet/2.4.7.Final/weld-servlet-2.4.7.Final.jar:/home/user/.m2/repository/org/glassfish/jersey/containers/jersey-container-servlet-core/2.27/jersey-container-servlet-core-2.27.jar:/home/user/.m2/repository/org/glassfish/hk2/external/javax.inject/2.5.0-b42/javax.inject-2.5.0-b42.jar:/home/user/.m2/repository/org/glassfish/jersey/core/jersey-common/2.27/jersey-common-2.27.jar:/home/user/.m2/repository/org/glassfish/hk2/osgi-resource-locator/1.0.1/osgi-resource-locator-1.0.1.jar:/home/user/.m2/repository/javax/ws/rs/javax.ws.rs-api/2.1/javax.ws.rs-api-2.1.jar:/home/user/.m2/repository/org/glassfish/jersey/ext/cdi/jersey-cdi1x/2.27/jersey-cdi1x-2.27.jar:/home/user/.m2/repository/org/glassfish/jersey/inject/jersey-hk2/2.27/jersey-hk2-2.27.jar:/home/user/.m2/repository/org/glassfish/hk2/hk2-locator/2.5.0-b42/hk2-locator-2.5.0-b42.jar:/home/user/.m2/repository/org/javassist/javassist/3.22.0-CR2/javassist-3.22.0-CR2.jar:/home/user/.m2/repository/org/glassfish/hk2/hk2-api/2.5.0/hk2-api-2.5.0.jar:/home/user/.m2/repository/org/glassfish/hk2/external/jakarta.inject/2.5.0/jakarta.inject-2.5.0.jar:/home/user/.m2/repository/org/glassfish/hk2/hk2-utils/2.5.0/hk2-utils-2.5.0.jar:/home/user/.m2/repository/jakarta/annotation/jakarta.annotation-api/1.3.4/jakarta.annotation-api-1.3.4.jar:/home/user/.m2/repository/org/glassfish/hk2/external/aopalliance-repackaged/2.5.0/aopalliance-repackaged-2.5.0.jar:/home/user/.m2/repository/com/fasterxml/jackson/dataformat/jackson-dataformat-xml/2.9.0/jackson-dataformat-xml-2.9.0.jar:/home/user/.m2/repository/com/fasterxml/jackson/core/jackson-core/2.9.9/jackson-core-2.9.9.jar:/home/user/.m2/repository/com/fasterxml/jackson/module/jackson-module-jaxb-annotations/2.9.9/jackson-module-jaxb-annotations-2.9.9.jar:/home/user/.m2/repository/javax/enterprise/cdi-api/1.2/cdi-api-1.2.jar:/home/user/.m2/repository/javax/el/javax.el-api/3.0.0/javax.el-api-3.0.0.jar:/home/user/.m2/repository/javax/interceptor/javax.interceptor-api/1.2/javax.interceptor-api-1.2.jar:/home/user/.m2/repository/javax/inject/javax.inject/1/javax.inject-1.jar:/home/user/.m2/repository/com/sun/xml/bind/jaxb-impl/2.3.0.1/jaxb-impl-2.3.0.1.jar:/home/user/.m2/repository/com/sun/xml/bind/jaxb-core/2.3.0.1/jaxb-core-2.3.0.1.jar:/home/user/.m2/repository/javax/xml/bind/jaxb-api/2.3.0/jaxb-api-2.3.0.jar:/home/user/.m2/repository/javax/activation/activation/1.1.1/activation-1.1.1.jar:/home/user/.m2/repository/org/apache/hadoop/hadoop-ozone-csi/0.5.0-SNAPSHOT/hadoop-ozone-csi-0.5.0-SNAPSHOT.jar:/home/user/.m2/repository/com/google/protobuf/protobuf-java-util/3.5.1/protobuf-java-util-3.5.1.jar:/home/user/.m2/repository/org/apache/hadoop/hadoop-hdds-config/0.5.0-SNAPSHOT/hadoop-hdds-config-0.5.0-SNAPSHOT.jar:/home/user/.m2/repository/io/grpc/grpc-netty/1.17.1/grpc-netty-1.17.1.jar:/home/user/.m2/repository/io/grpc/grpc-core/1.17.1/grpc-core-1.17.1.jar:/home/user/.m2/repository/io/grpc/grpc-context/1.17.1/grpc-context-1.17.1.jar:/home/user/.m2/repository/com/google/errorprone/error_prone_annotations/2.2.0/error_prone_annotations-2.2.0.jar:/home/user/.m2/repository/org/codehaus/mojo/animal-sniffer-annotations/1.17/animal-sniffer-annotations-1.17.jar:/home/user/.m2/repository/io/opencensus/opencensus-api/0.17.0/opencensus-api-0.17.0.jar:/home/user/.m2/repository/io/opencensus/opencensus-contrib-grpc-metrics/0.17.0/opencensus-contrib-grpc-metrics-0.17.0.jar:/home/user/.m2/repository/io/netty/netty-codec-http2/4.1.30.Final/netty-codec-http2-4.1.30.Final.jar:/home/user/.m2/repository/io/netty/netty-codec-http/4.1.30.Final/netty-codec-http-4.1.30.Final.jar:/home/user/.m2/repository/io/netty/netty-codec/4.1.30.Final/netty-codec-4.1.30.Final.jar:/home/user/.m2/repository/io/netty/netty-handler/4.1.30.Final/netty-handler-4.1.30.Final.jar:/home/user/.m2/repository/io/netty/netty-handler-proxy/4.1.30.Final/netty-handler-proxy-4.1.30.Final.jar:/home/user/.m2/repository/io/netty/netty-codec-socks/4.1.30.Final/netty-codec-socks-4.1.30.Final.jar:/home/user/.m2/repository/io/netty/netty-transport-native-epoll/4.1.30.Final/netty-transport-native-epoll-4.1.30.Final.jar:/home/user/.m2/repository/io/netty/netty-common/4.1.30.Final/netty-common-4.1.30.Final.jar:/home/user/.m2/repository/io/netty/netty-buffer/4.1.30.Final/netty-buffer-4.1.30.Final.jar:/home/user/.m2/repository/io/netty/netty-transport/4.1.30.Final/netty-transport-4.1.30.Final.jar:/home/user/.m2/repository/io/netty/netty-resolver/4.1.30.Final/netty-resolver-4.1.30.Final.jar:/home/user/.m2/repository/io/netty/netty-transport-native-unix-common/4.1.30.Final/netty-transport-native-unix-common-4.1.30.Final.jar:/home/user/.m2/repository/io/grpc/grpc-protobuf/1.17.1/grpc-protobuf-1.17.1.jar:/home/user/.m2/repository/com/google/api/grpc/proto-google-common-protos/1.0.0/proto-google-common-protos-1.0.0.jar:/home/user/.m2/repository/io/grpc/grpc-protobuf-lite/1.17.1/grpc-protobuf-lite-1.17.1.jar:/home/user/.m2/repository/io/grpc/grpc-stub/1.17.1/grpc-stub-1.17.1.jar:/home/user/.m2/repository/org/apache/hadoop/hadoop-ozone-recon/0.5.0-SNAPSHOT/hadoop-ozone-recon-0.5.0-SNAPSHOT.jar:/home/user/.m2/repository/org/apache/hadoop/hadoop-ozone-reconcodegen/0.5.0-SNAPSHOT/hadoop-ozone-reconcodegen-0.5.0-SNAPSHOT.jar:/home/user/.m2/repository/com/google/inject/extensions/guice-multibindings/4.0/guice-multibindings-4.0.jar:/home/user/.m2/repository/com/google/inject/guice/4.0/guice-4.0.jar:/home/user/.m2/repository/aopalliance/aopalliance/1.0/aopalliance-1.0.jar:/home/user/.m2/repository/com/google/inject/extensions/guice-servlet/4.0/guice-servlet-4.0.jar:/home/user/.m2/repository/org/glassfish/jersey/containers/jersey-container-servlet/2.27/jersey-container-servlet-2.27.jar:/home/user/.m2/repository/org/glassfish/hk2/guice-bridge/2.5.0/guice-bridge-2.5.0.jar:/home/user/.m2/repository/org/glassfish/jersey/core/jersey-server/2.27/jersey-server-2.27.jar:/home/user/.m2/repository/org/glassfish/jersey/core/jersey-client/2.27/jersey-client-2.27.jar:/home/user/.m2/repository/org/glassfish/jersey/media/jersey-media-jaxb/2.27/jersey-media-jaxb-2.27.jar:/home/user/.m2/repository/javax/validation/validation-api/1.1.0.Final/validation-api-1.1.0.Final.jar:/home/user/.m2/repository/org/glassfish/jersey/media/jersey-media-json-jackson/2.27/jersey-media-json-jackson-2.27.jar:/home/user/.m2/repository/org/glassfish/jersey/ext/jersey-entity-filtering/2.27/jersey-entity-filtering-2.27.jar:/home/user/.m2/repository/com/google/inject/extensions/guice-assistedinject/4.0/guice-assistedinject-4.0.jar:/home/user/.m2/repository/org/jooq/jooq/3.11.10/jooq-3.11.10.jar:/home/user/.m2/repository/org/jooq/jooq-meta/3.11.10/jooq-meta-3.11.10.jar:/home/user/.m2/repository/org/jooq/jooq-codegen/3.11.10/jooq-codegen-3.11.10.jar:/home/user/.m2/repository/com/jolbox/bonecp/0.8.0.RELEASE/bonecp-0.8.0.RELEASE.jar:/home/user/.m2/repository/org/xerial/sqlite-jdbc/3.25.2/sqlite-jdbc-3.25.2.jar:/home/user/.m2/repository/org/springframework/spring-jdbc/5.1.3.RELEASE/spring-jdbc-5.1.3.RELEASE.jar:/home/user/.m2/repository/org/springframework/spring-beans/5.1.3.RELEASE/spring-beans-5.1.3.RELEASE.jar:/home/user/.m2/repository/org/springframework/spring-core/5.1.3.RELEASE/spring-core-5.1.3.RELEASE.jar:/home/user/.m2/repository/org/springframework/spring-jcl/5.1.3.RELEASE/spring-jcl-5.1.3.RELEASE.jar:/home/user/.m2/repository/org/springframework/spring-tx/5.1.3.RELEASE/spring-tx-5.1.3.RELEASE.jar:/home/user/.m2/repository/org/apache/hadoop/hadoop-ozone-client/0.5.0-SNAPSHOT/hadoop-ozone-client-0.5.0-SNAPSHOT.jar:/home/user/.m2/repository/commons-lang/commons-lang/2.6/commons-lang-2.6.jar:/home/user/.m2/repository/org/apache/hadoop/hadoop-ozone-ozone-manager/0.5.0-SNAPSHOT/hadoop-ozone-ozone-manager-0.5.0-SNAPSHOT-tests.jar:/home/user/.m2/repository/junit/junit/4.11/junit-4.11.jar:/home/user/.m2/repository/org/hamcrest/hamcrest-core/1.3/hamcrest-core-1.3.jar:/home/user/.m2/repository/org/openjdk/jmh/jmh-core/1.19/jmh-core-1.19.jar:/home/user/.m2/repository/net/sf/jopt-simple/jopt-simple/4.6/jopt-simple-4.6.jar:/home/user/.m2/repository/org/apache/commons/commons-math3/3.1.1/commons-math3-3.1.1.jar:/home/user/.m2/repository/org/openjdk/jmh/jmh-generator-annprocess/1.19/jmh-generator-annprocess-1.19.jar:/home/user/.m2/repository/org/mockito/mockito-all/1.8.5/mockito-all-1.8.5.jar:/home/user/.m2/repository/org/apache/hadoop/hadoop-kms/3.2.0/hadoop-kms-3.2.0.jar:/home/user/.m2/repository/org/apache/hadoop/hadoop-auth/3.2.0/hadoop-auth-3.2.0.jar:/home/user/.m2/repository/com/nimbusds/nimbus-jose-jwt/4.41.1/nimbus-jose-jwt-4.41.1.jar:/home/user/.m2/repository/com/github/stephenc/jcip/jcip-annotations/1.0-1/jcip-annotations-1.0-1.jar:/home/user/.m2/repository/net/minidev/json-smart/2.3/json-smart-2.3.jar:/home/user/.m2/repository/net/minidev/accessors-smart/1.2/accessors-smart-1.2.jar:/home/user/.m2/repository/org/ow2/asm/asm/5.0.4/asm-5.0.4.jar:/home/user/.m2/repository/org/apache/curator/curator-framework/2.12.0/curator-framework-2.12.0.jar:/home/user/.m2/repository/com/sun/jersey/jersey-core/1.19/jersey-core-1.19.jar:/home/user/.m2/repository/javax/ws/rs/jsr311-api/1.1.1/jsr311-api-1.1.1.jar:/home/user/.m2/repository/com/sun/jersey/jersey-server/1.19/jersey-server-1.19.jar:/home/user/.m2/repository/javax/servlet/javax.servlet-api/3.1.0/javax.servlet-api-3.1.0.jar:/home/user/.m2/repository/org/eclipse/jetty/jetty-server/9.3.25.v20180904/jetty-server-9.3.25.v20180904.jar:/home/user/.m2/repository/org/eclipse/jetty/jetty-http/9.3.25.v20180904/jetty-http-9.3.25.v20180904.jar:/home/user/.m2/repository/org/eclipse/jetty/jetty-io/9.3.25.v20180904/jetty-io-9.3.25.v20180904.jar:/home/user/.m2/repository/org/eclipse/jetty/jetty-webapp/9.3.25.v20180904/jetty-webapp-9.3.25.v20180904.jar:/home/user/.m2/repository/org/eclipse/jetty/jetty-xml/9.3.25.v20180904/jetty-xml-9.3.25.v20180904.jar:/home/user/.m2/repository/log4j/log4j/1.2.17/log4j-1.2.17.jar:/home/user/.m2/repository/org/slf4j/slf4j-api/1.7.25/slf4j-api-1.7.25.jar:/home/user/.m2/repository/org/slf4j/jul-to-slf4j/1.7.25/jul-to-slf4j-1.7.25.jar:/home/user/.m2/repository/org/eclipse/jetty/jetty-util/9.3.25.v20180904/jetty-util-9.3.25.v20180904.jar:/home/user/.m2/repository/com/fasterxml/jackson/core/jackson-databind/2.9.9/jackson-databind-2.9.9.jar:/home/user/.m2/repository/org/apache/hadoop/hadoop-kms/3.2.0/hadoop-kms-3.2.0-tests.jar:/home/user/.m2/repository/org/apache/hadoop/hadoop-hdds-server-scm/0.5.0-SNAPSHOT/hadoop-hdds-server-scm-0.5.0-SNAPSHOT-tests.jar:/home/user/.m2/repository/org/apache/hadoop/hadoop-hdds-container-service/0.5.0-SNAPSHOT/hadoop-hdds-container-service-0.5.0-SNAPSHOT-tests.jar:/home/user/.m2/repository/org/yaml/snakeyaml/1.16/snakeyaml-1.16.jar:/home/user/.m2/repository/org/apache/hadoop/hadoop-common/3.2.0/hadoop-common-3.2.0-tests.jar:/home/user/.m2/repository/org/apache/hadoop/hadoop-annotations/3.2.0/hadoop-annotations-3.2.0.jar:/usr/lib/jvm/java-1.8.0-openjdk-1.8.0.222.b10-1.el7_7.x86_64/jre/../lib/tools.jar:/home/user/.m2/repository/commons-cli/commons-cli/1.2/commons-cli-1.2.jar:/home/user/.m2/repository/org/apache/httpcomponents/httpclient/4.5.2/httpclient-4.5.2.jar:/home/user/.m2/repository/org/apache/httpcomponents/httpcore/4.4.4/httpcore-4.4.4.jar:/home/user/.m2/repository/commons-codec/commons-codec/1.11/commons-codec-1.11.jar:/home/user/.m2/repository/commons-net/commons-net/3.6/commons-net-3.6.jar:/home/user/.m2/repository/commons-collections/commons-collections/3.2.2/commons-collections-3.2.2.jar:/home/user/.m2/repository/org/eclipse/jetty/jetty-servlet/9.3.25.v20180904/jetty-servlet-9.3.25.v20180904.jar:/home/user/.m2/repository/org/eclipse/jetty/jetty-security/9.3.25.v20180904/jetty-security-9.3.25.v20180904.jar:/home/user/.m2/repository/javax/servlet/jsp/jsp-api/2.1/jsp-api-2.1.jar:/home/user/.m2/repository/com/sun/jersey/jersey-servlet/1.19/jersey-servlet-1.19.jar:/home/user/.m2/repository/com/sun/jersey/jersey-json/1.19/jersey-json-1.19.jar:/home/user/.m2/repository/org/codehaus/jettison/jettison/1.1/jettison-1.1.jar:/home/user/.m2/repository/org/codehaus/jackson/jackson-core-asl/1.9.13/jackson-core-asl-1.9.13.jar:/home/user/.m2/repository/org/codehaus/jackson/jackson-mapper-asl/1.9.13/jackson-mapper-asl-1.9.13.jar:/home/user/.m2/repository/org/codehaus/jackson/jackson-jaxrs/1.9.13/jackson-jaxrs-1.9.13.jar:/home/user/.m2/repository/org/codehaus/jackson/jackson-xc/1.9.13/jackson-xc-1.9.13.jar:/home/user/.m2/repository/commons-logging/commons-logging/1.1.3/commons-logging-1.1.3.jar:/home/user/.m2/repository/commons-beanutils/commons-beanutils/1.9.4/commons-beanutils-1.9.4.jar:/home/user/.m2/repository/org/apache/commons/commons-configuration2/2.1.1/commons-configuration2-2.1.1.jar:/home/user/.m2/repository/org/apache/commons/commons-lang3/3.7/commons-lang3-3.7.jar:/home/user/.m2/repository/org/apache/commons/commons-text/1.4/commons-text-1.4.jar:/home/user/.m2/repository/org/apache/avro/avro/1.7.7/avro-1.7.7.jar:/home/user/.m2/repository/com/thoughtworks/paranamer/paranamer/2.3/paranamer-2.3.jar:/home/user/.m2/repository/org/xerial/snappy/snappy-java/1.0.5/snappy-java-1.0.5.jar:/home/user/.m2/repository/com/google/re2j/re2j/1.1/re2j-1.1.jar:/home/user/.m2/repository/com/google/code/gson/gson/2.2.4/gson-2.2.4.jar:/home/user/.m2/repository/com/jcraft/jsch/0.1.54/jsch-0.1.54.jar:/home/user/.m2/repository/org/apache/curator/curator-client/2.12.0/curator-client-2.12.0.jar:/home/user/.m2/repository/org/apache/curator/curator-recipes/2.12.0/curator-recipes-2.12.0.jar:/home/user/.m2/repository/com/google/code/findbugs/jsr305/3.0.0/jsr305-3.0.0.jar:/home/user/.m2/repository/org/apache/htrace/htrace-core4/4.1.0-incubating/htrace-core4-4.1.0-incubating.jar:/home/user/.m2/repository/org/apache/zookeeper/zookeeper/3.4.13/zookeeper-3.4.13.jar:/home/user/.m2/repository/jline/jline/0.9.94/jline-0.9.94.jar:/home/user/.m2/repository/org/apache/yetus/audience-annotations/0.5.0/audience-annotations-0.5.0.jar:/home/user/.m2/repository/org/codehaus/woodstox/stax2-api/3.1.4/stax2-api-3.1.4.jar:/home/user/.m2/repository/com/fasterxml/woodstox/woodstox-core/5.0.3/woodstox-core-5.0.3.jar:/home/user/.m2/repository/dnsjava/dnsjava/2.1.7/dnsjava-2.1.7.jar:/home/user/.m2/repository/org/apache/hadoop/hadoop-hdfs/3.2.0/hadoop-hdfs-3.2.0-tests.jar:/home/user/.m2/repository/org/eclipse/jetty/jetty-util-ajax/9.3.25.v20180904/jetty-util-ajax-9.3.25.v20180904.jar:/home/user/.m2/repository/commons-daemon/commons-daemon/1.0.13/commons-daemon-1.0.13.jar:/home/user/.m2/repository/io/netty/netty/3.10.5.Final/netty-3.10.5.Final.jar:/home/user/.m2/repository/io/netty/netty-all/4.0.52.Final/netty-all-4.0.52.Final.jar:/home/user/.m2/repository/org/fusesource/leveldbjni/leveldbjni-all/1.8/leveldbjni-all-1.8.jar:"/>
    <property name="sun.cpu.endian" value="little"/>
    <property name="user.home" value="/home/user"/>
    <property name="user.language" value="en"/>
    <property name="java.specification.vendor" value="Oracle Corporation"/>
    <property name="java.home" value="/usr/lib/jvm/java-1.8.0-openjdk-1.8.0.222.b10-1.el7_7.x86_64/jre"/>
    <property name="surefire.excludesFile" value="/tools/ozone-bad-unit-tests"/>
    <property name="java.security.krb5.conf" value="/workdir/hadoop-ozone/integration-test/target/test-classes/krb5.conf"/>
    <property name="basedir" value="/workdir/hadoop-ozone/integration-test"/>
    <property name="file.separator" value="/"/>
    <property name="line.separator" value="&#10;"/>
    <property name="java.vm.specification.vendor" value="Oracle Corporation"/>
    <property name="java.specification.name" value="Java Platform API Specification"/>
    <property name="java.awt.graphicsenv" value="sun.awt.X11GraphicsEnvironment"/>
    <property name="surefire.real.class.path" value="/workdir/hadoop-ozone/integration-test/target/surefire/surefirebooter7373599078090735702.jar"/>
    <property name="hadoop.log.dir" value="/workdir/hadoop-ozone/integration-test/target/log"/>
    <property name="sun.boot.class.path" value="/usr/lib/jvm/java-1.8.0-openjdk-1.8.0.222.b10-1.el7_7.x86_64/jre/lib/resources.jar:/usr/lib/jvm/java-1.8.0-openjdk-1.8.0.222.b10-1.el7_7.x86_64/jre/lib/rt.jar:/usr/lib/jvm/java-1.8.0-openjdk-1.8.0.222.b10-1.el7_7.x86_64/jre/lib/sunrsasign.jar:/usr/lib/jvm/java-1.8.0-openjdk-1.8.0.222.b10-1.el7_7.x86_64/jre/lib/jsse.jar:/usr/lib/jvm/java-1.8.0-openjdk-1.8.0.222.b10-1.el7_7.x86_64/jre/lib/jce.jar:/usr/lib/jvm/java-1.8.0-openjdk-1.8.0.222.b10-1.el7_7.x86_64/jre/lib/charsets.jar:/usr/lib/jvm/java-1.8.0-openjdk-1.8.0.222.b10-1.el7_7.x86_64/jre/lib/jfr.jar:/usr/lib/jvm/java-1.8.0-openjdk-1.8.0.222.b10-1.el7_7.x86_64/jre/classes"/>
    <property name="sun.management.compiler" value="HotSpot 64-Bit Tiered Compilers"/>
    <property name="java.runtime.version" value="1.8.0_222-b10"/>
    <property name="java.net.preferIPv4Stack" value="true"/>
    <property name="user.name" value="jenkins1000"/>
    <property name="path.separator" value=":"/>
    <property name="java.security.egd" value="file:///dev/urandom"/>
    <property name="os.version" value="3.10.0-957.12.2.el7.x86_64"/>
    <property name="java.endorsed.dirs" value="/usr/lib/jvm/java-1.8.0-openjdk-1.8.0.222.b10-1.el7_7.x86_64/jre/lib/endorsed"/>
    <property name="java.runtime.name" value="OpenJDK Runtime Environment"/>
    <property name="file.encoding" value="ANSI_X3.4-1968"/>
    <property name="java.vm.name" value="OpenJDK 64-Bit Server VM"/>
    <property name="test.build.webapps" value=""/>
    <property name="localRepository" value="/home/user/.m2/repository"/>
    <property name="java.vendor.url.bug" value="http://bugreport.sun.com/bugreport/"/>
    <property name="java.io.tmpdir" value="/tmp"/>
    <property name="require.test.libhadoop" value=""/>
    <property name="java.version" value="1.8.0_222"/>
    <property name="user.dir" value="/workdir/hadoop-ozone/integration-test"/>
    <property name="os.arch" value="amd64"/>
    <property name="java.vm.specification.name" value="Java Virtual Machine Specification"/>
    <property name="test.build.classes" value="/workdir/hadoop-ozone/integration-test/target/test-classes"/>
    <property name="java.awt.printerjob" value="sun.print.PSPrinterJob"/>
    <property name="sun.os.patch.level" value="unknown"/>
    <property name="hadoop.tmp.dir" value="/workdir/hadoop-ozone/integration-test/target/tmp"/>
    <property name="java.library.path" value="/usr/lib:/workdir/hadoop-ozone/integration-test/target/native/target/usr/local/lib:/workdir/hadoop-ozone/integration-test/../../hadoop-common-project/hadoop-common/target/native/target/usr/local/lib:/usr/java/packages/lib/amd64:/usr/lib64:/lib64:/lib:/usr/lib"/>
    <property name="java.vm.info" value="mixed mode"/>
    <property name="java.vendor" value="Oracle Corporation"/>
    <property name="java.vm.version" value="25.222-b10"/>
    <property name="java.ext.dirs" value="/usr/lib/jvm/java-1.8.0-openjdk-1.8.0.222.b10-1.el7_7.x86_64/jre/lib/ext:/usr/java/packages/lib/ext"/>
    <property name="sun.io.unicode.encoding" value="UnicodeLittle"/>
    <property name="java.class.version" value="52.0"/>
  </properties>
  <testcase name="testAutomaticPipelineCreationOnPipelineDestroy" classname="org.apache.hadoop.hdds.scm.pipeline.TestRatisPipelineCreateAndDestroy" time="27.829"/>
  <testcase name="testPipelineCreationOnNodeRestart" classname="org.apache.hadoop.hdds.scm.pipeline.TestRatisPipelineCreateAndDestroy" time="22.264">
    <failure message="expected:&lt;FAILED_TO_FIND_SUITABLE_NODE&gt; but was:&lt;FAILED_TO_FIND_HEALTHY_NODES&gt;" type="java.lang.AssertionError"><![CDATA[java.lang.AssertionError: expected:<FAILED_TO_FIND_SUITABLE_NODE> but was:<FAILED_TO_FIND_HEALTHY_NODES>
	at org.junit.Assert.fail(Assert.java:88)
	at org.junit.Assert.failNotEquals(Assert.java:743)
	at org.junit.Assert.assertEquals(Assert.java:118)
	at org.junit.Assert.assertEquals(Assert.java:144)
	at org.apache.hadoop.hdds.scm.pipeline.TestRatisPipelineCreateAndDestroy.testPipelineCreationOnNodeRestart(TestRatisPipelineCreateAndDestroy.java:122)
	at sun.reflect.NativeMethodAccessorImpl.invoke0(Native Method)
	at sun.reflect.NativeMethodAccessorImpl.invoke(NativeMethodAccessorImpl.java:62)
	at sun.reflect.DelegatingMethodAccessorImpl.invoke(DelegatingMethodAccessorImpl.java:43)
	at java.lang.reflect.Method.invoke(Method.java:498)
	at org.junit.runners.model.FrameworkMethod$1.runReflectiveCall(FrameworkMethod.java:47)
	at org.junit.internal.runners.model.ReflectiveCallable.run(ReflectiveCallable.java:12)
	at org.junit.runners.model.FrameworkMethod.invokeExplosively(FrameworkMethod.java:44)
	at org.junit.internal.runners.statements.InvokeMethod.evaluate(InvokeMethod.java:17)
	at org.junit.internal.runners.statements.FailOnTimeout$StatementThread.run(FailOnTimeout.java:74)
]]></failure>
    <system-out><![CDATA[2019-11-05 04:06:02,086 [Thread-480] WARN  server.ServerUtils (ServerUtils.java:getScmDbDir(145)) - ozone.scm.db.dirs is not configured. We recommend adding this setting. Falling back to ozone.metadata.dirs instead.
2019-11-05 04:06:02,101 [Thread-480] WARN  server.ServerUtils (ServerUtils.java:getScmDbDir(145)) - ozone.scm.db.dirs is not configured. We recommend adding this setting. Falling back to ozone.metadata.dirs instead.
2019-11-05 04:06:02,102 [Thread-480] WARN  server.ServerUtils (ServerUtils.java:getScmDbDir(145)) - ozone.scm.db.dirs is not configured. We recommend adding this setting. Falling back to ozone.metadata.dirs instead.
2019-11-05 04:06:02,103 [Thread-480] INFO  db.DBStoreBuilder (DBStoreBuilder.java:addTable(127)) - using custom profile for table: deletedBlocks
2019-11-05 04:06:02,103 [Thread-480] INFO  db.DBStoreBuilder (DBStoreBuilder.java:processTables(183)) - Using default column profile:DBProfile.DISK for Table:deletedBlocks
2019-11-05 04:06:02,104 [Thread-480] INFO  db.DBStoreBuilder (DBStoreBuilder.java:addTable(127)) - using custom profile for table: validCerts
2019-11-05 04:06:02,104 [Thread-480] INFO  db.DBStoreBuilder (DBStoreBuilder.java:processTables(183)) - Using default column profile:DBProfile.DISK for Table:validCerts
2019-11-05 04:06:02,104 [Thread-480] INFO  db.DBStoreBuilder (DBStoreBuilder.java:addTable(127)) - using custom profile for table: revokedCerts
2019-11-05 04:06:02,104 [Thread-480] INFO  db.DBStoreBuilder (DBStoreBuilder.java:processTables(183)) - Using default column profile:DBProfile.DISK for Table:revokedCerts
2019-11-05 04:06:02,105 [Thread-480] INFO  db.DBStoreBuilder (DBStoreBuilder.java:addTable(127)) - using custom profile for table: default
2019-11-05 04:06:02,105 [Thread-480] INFO  db.DBStoreBuilder (DBStoreBuilder.java:processTables(189)) - Using default column profile:DBProfile.DISK for Table:default
2019-11-05 04:06:02,105 [Thread-480] INFO  db.DBStoreBuilder (DBStoreBuilder.java:getDbProfile(220)) - Using default options. DBProfile.DISK
2019-11-05 04:06:02,257 [Thread-480] INFO  net.NodeSchemaLoader (NodeSchemaLoader.java:loadSchemaFromFile(125)) - Loading file from sun.misc.CompoundEnumeration@608b6bae
2019-11-05 04:06:02,257 [Thread-480] INFO  net.NodeSchemaLoader (NodeSchemaLoader.java:loadSchema(171)) - Loading network topology layer schema file
2019-11-05 04:06:02,264 [Thread-480] WARN  server.ServerUtils (ServerUtils.java:sanitizeUserArgs(64)) - ozone.scm.stale.node.interval value = 5000 is smaller than min = 6000 based on the key value of hdds.heartbeat.interval, reset to the min value 6000.
2019-11-05 04:06:02,265 [Thread-480] WARN  server.ServerUtils (ServerUtils.java:sanitizeUserArgs(64)) - ozone.scm.stale.node.interval value = 5000 is smaller than min = 6000 based on the key value of hdds.heartbeat.interval, reset to the min value 6000.
2019-11-05 04:06:02,265 [Thread-480] INFO  node.SCMNodeManager (SCMNodeManager.java:<init>(116)) - Entering startup safe mode.
2019-11-05 04:06:02,266 [Thread-480] INFO  algorithms.ContainerPlacementPolicyFactory (ContainerPlacementPolicyFactory.java:getPolicy(59)) - Create container placement policy of type org.apache.hadoop.hdds.scm.container.placement.algorithms.SCMContainerPlacementRandom
2019-11-05 04:06:02,266 [Thread-480] WARN  server.ServerUtils (ServerUtils.java:getScmDbDir(145)) - ozone.scm.db.dirs is not configured. We recommend adding this setting. Falling back to ozone.metadata.dirs instead.
2019-11-05 04:06:02,308 [Thread-480] INFO  pipeline.SCMPipelineManager (SCMPipelineManager.java:initializePipelineState(128)) - No pipeline exists in current db
2019-11-05 04:06:02,308 [Thread-480] WARN  server.ServerUtils (ServerUtils.java:getScmDbDir(145)) - ozone.scm.db.dirs is not configured. We recommend adding this setting. Falling back to ozone.metadata.dirs instead.
2019-11-05 04:06:02,344 [Thread-480] WARN  events.EventQueue (EventQueue.java:fireEvent(183)) - No event handler registered for event TypedEvent{payloadType=SafeModeStatus, name='SafeModeStatus'}
2019-11-05 04:06:02,345 [Thread-480] INFO  ipc.CallQueueManager (CallQueueManager.java:<init>(84)) - Using callQueue: class java.util.concurrent.LinkedBlockingQueue, queueCapacity: 2000, scheduler: class org.apache.hadoop.ipc.DefaultRpcScheduler, ipcBackoff: false.
2019-11-05 04:06:02,346 [Socket Reader #1 for port 35388] INFO  ipc.Server (Server.java:run(1074)) - Starting Socket Reader #1 for port 35388
2019-11-05 04:06:02,348 [Thread-480] INFO  ipc.CallQueueManager (CallQueueManager.java:<init>(84)) - Using callQueue: class java.util.concurrent.LinkedBlockingQueue, queueCapacity: 2000, scheduler: class org.apache.hadoop.ipc.DefaultRpcScheduler, ipcBackoff: false.
2019-11-05 04:06:02,348 [Socket Reader #1 for port 34711] INFO  ipc.Server (Server.java:run(1074)) - Starting Socket Reader #1 for port 34711
2019-11-05 04:06:02,349 [Thread-480] INFO  ipc.CallQueueManager (CallQueueManager.java:<init>(84)) - Using callQueue: class java.util.concurrent.LinkedBlockingQueue, queueCapacity: 2000, scheduler: class org.apache.hadoop.ipc.DefaultRpcScheduler, ipcBackoff: false.
2019-11-05 04:06:02,350 [Socket Reader #1 for port 37708] INFO  ipc.Server (Server.java:run(1074)) - Starting Socket Reader #1 for port 37708
2019-11-05 04:06:02,352 [Thread-480] INFO  hdfs.DFSUtil (DFSUtil.java:httpServerTemplateForNNAndJN(1641)) - Starting Web-server for scm at: http://0.0.0.0:0
2019-11-05 04:06:02,356 [Thread-480] INFO  server.AuthenticationFilter (AuthenticationFilter.java:constructSecretProvider(240)) - Unable to initialize FileSignerSecretProvider, falling back to use random secrets.
2019-11-05 04:06:02,357 [Thread-480] WARN  http.HttpRequestLog (HttpRequestLog.java:getRequestLog(97)) - Jetty request log can only be enabled using Log4j
2019-11-05 04:06:02,359 [Thread-480] INFO  http.HttpServer2 (HttpServer2.java:addGlobalFilter(975)) - Added global filter 'safety' (class=org.apache.hadoop.http.HttpServer2$QuotingInputFilter)
2019-11-05 04:06:02,360 [Thread-480] INFO  http.HttpServer2 (HttpServer2.java:addFilter(948)) - Added filter static_user_filter (class=org.apache.hadoop.http.lib.StaticUserWebFilter$StaticUserFilter) to context scm
2019-11-05 04:06:02,361 [Thread-480] INFO  http.HttpServer2 (HttpServer2.java:addFilter(958)) - Added filter static_user_filter (class=org.apache.hadoop.http.lib.StaticUserWebFilter$StaticUserFilter) to context static
2019-11-05 04:06:02,361 [Thread-480] INFO  http.HttpServer2 (HttpServer2.java:addFilter(958)) - Added filter static_user_filter (class=org.apache.hadoop.http.lib.StaticUserWebFilter$StaticUserFilter) to context logs
2019-11-05 04:06:02,365 [Thread-480] INFO  server.StorageContainerManager (StorageContainerManager.java:start(764)) - StorageContainerLocationProtocol RPC server is listening at /0.0.0.0:37708
2019-11-05 04:06:02,368 [Thread-480] WARN  impl.MetricsConfig (MetricsConfig.java:loadFirst(134)) - Cannot locate configuration: tried hadoop-metrics2-storagecontainermanager.properties,hadoop-metrics2.properties
2019-11-05 04:06:02,369 [Thread-480] INFO  impl.MetricsSystemImpl (MetricsSystemImpl.java:startTimer(374)) - Scheduled Metric snapshot period at 10 second(s).
2019-11-05 04:06:02,369 [Thread-480] INFO  impl.MetricsSystemImpl (MetricsSystemImpl.java:start(191)) - StorageContainerManager metrics system started
2019-11-05 04:06:02,417 [Thread-480] WARN  impl.MetricsSystemImpl (MetricsSystemImpl.java:register(276)) - Sink prometheus already exists!
2019-11-05 04:06:02,422 [Thread-480] INFO  server.SCMClientProtocolServer (SCMClientProtocolServer.java:start(159)) - RPC server for Client  is listening at /0.0.0.0:37708
2019-11-05 04:06:02,423 [IPC Server Responder] INFO  ipc.Server (Server.java:run(1314)) - IPC Server Responder: starting
2019-11-05 04:06:02,423 [IPC Server listener on 37708] INFO  ipc.Server (Server.java:run(1153)) - IPC Server listener on 37708: starting
2019-11-05 04:06:02,426 [Thread-480] INFO  server.StorageContainerManager (StorageContainerManager.java:start(774)) - ScmBlockLocationProtocol RPC server is listening at /0.0.0.0:34711
2019-11-05 04:06:02,426 [Thread-480] INFO  server.SCMBlockProtocolServer (SCMBlockProtocolServer.java:start(146)) - RPC server for Block Protocol is listening at /0.0.0.0:34711
2019-11-05 04:06:02,427 [IPC Server Responder] INFO  ipc.Server (Server.java:run(1314)) - IPC Server Responder: starting
2019-11-05 04:06:02,427 [IPC Server listener on 34711] INFO  ipc.Server (Server.java:run(1153)) - IPC Server listener on 34711: starting
2019-11-05 04:06:02,429 [Thread-480] INFO  server.StorageContainerManager (StorageContainerManager.java:start(778)) - ScmDatanodeProtocl RPC server is listening at /0.0.0.0:35388
2019-11-05 04:06:02,430 [Thread-480] INFO  server.SCMDatanodeProtocolServer (SCMDatanodeProtocolServer.java:start(169)) - RPC server for DataNodes is listening at /0.0.0.0:35388
2019-11-05 04:06:02,430 [IPC Server Responder] INFO  ipc.Server (Server.java:run(1314)) - IPC Server Responder: starting
2019-11-05 04:06:02,431 [IPC Server listener on 35388] INFO  ipc.Server (Server.java:run(1153)) - IPC Server listener on 35388: starting
2019-11-05 04:06:02,433 [Thread-480] INFO  http.HttpServer2 (HttpServer2.java:bindListener(1191)) - Jetty bound to port 37728
2019-11-05 04:06:02,433 [Thread-480] INFO  server.Server (Server.java:doStart(351)) - jetty-9.3.25.v20180904, build timestamp: 2018-09-04T21:11:46Z, git hash: 3ce520221d0240229c862b122d2b06c12a625732
2019-11-05 04:06:02,435 [Thread-480] INFO  handler.ContextHandler (ContextHandler.java:doStart(781)) - Started o.e.j.s.ServletContextHandler@6e841e5c{/logs,file:///workdir/hadoop-ozone/integration-test/target/log,AVAILABLE}
2019-11-05 04:06:02,436 [Thread-480] INFO  handler.ContextHandler (ContextHandler.java:doStart(781)) - Started o.e.j.s.ServletContextHandler@51f83f88{/static,file:///workdir/hadoop-ozone/integration-test/target/test-classes/webapps/static,AVAILABLE}
2019-11-05 04:06:02,440 [Thread-480] INFO  handler.ContextHandler (ContextHandler.java:doStart(781)) - Started o.e.j.w.WebAppContext@7b91e12d{/,file:///workdir/hadoop-ozone/integration-test/target/test-classes/webapps/scm/,AVAILABLE}{/scm}
2019-11-05 04:06:02,441 [Thread-480] INFO  server.AbstractConnector (AbstractConnector.java:doStart(278)) - Started ServerConnector@70342fa9{HTTP/1.1,[http/1.1]}{0.0.0.0:37728}
2019-11-05 04:06:02,441 [Thread-480] INFO  server.Server (Server.java:doStart(419)) - Started @28788ms
2019-11-05 04:06:02,441 [Thread-480] WARN  impl.MetricsSystemImpl (MetricsSystemImpl.java:register(276)) - Sink prometheus already exists!
2019-11-05 04:06:02,442 [Thread-480] INFO  server.BaseHttpServer (BaseHttpServer.java:updateConnectorAddress(215)) - HTTP server of SCM is listening at http://0.0.0.0:37728
2019-11-05 04:06:02,443 [Thread-480] WARN  server.ServerUtils (ServerUtils.java:getDBPath(222)) - ozone.om.db.dirs is not configured. We recommend adding this setting. Falling back to ozone.metadata.dirs instead.
2019-11-05 04:06:02,443 [org.apache.hadoop.util.JvmPauseMonitor$Monitor@4c5fd2db] INFO  util.JvmPauseMonitor (JvmPauseMonitor.java:run(188)) - Starting JVM pause monitor
2019-11-05 04:06:02,457 [Thread-480] INFO  ha.OMHANodeDetails (OMHANodeDetails.java:loadOMHAConfig(190)) - Configuration either no ozone.om.address set. Falling back to the default OM address /127.0.0.1:0
2019-11-05 04:06:02,458 [Thread-480] INFO  ha.OMHANodeDetails (OMHANodeDetails.java:getOMNodeDetails(220)) - OM Service ID is not set. Setting it to the default ID: omServiceIdDefault
2019-11-05 04:06:02,458 [Thread-480] WARN  server.ServerUtils (ServerUtils.java:getDBPath(222)) - ozone.om.db.dirs is not configured. We recommend adding this setting. Falling back to ozone.metadata.dirs instead.
2019-11-05 04:06:02,458 [Thread-480] WARN  server.ServerUtils (ServerUtils.java:getDBPath(222)) - ozone.om.db.dirs is not configured. We recommend adding this setting. Falling back to ozone.metadata.dirs instead.
2019-11-05 04:06:02,471 [Thread-480] WARN  server.ServerUtils (ServerUtils.java:getDBPath(222)) - ozone.om.db.dirs is not configured. We recommend adding this setting. Falling back to ozone.metadata.dirs instead.
2019-11-05 04:06:02,472 [Thread-480] INFO  db.DBStoreBuilder (DBStoreBuilder.java:addTable(127)) - using custom profile for table: userTable
2019-11-05 04:06:02,472 [Thread-480] INFO  db.DBStoreBuilder (DBStoreBuilder.java:processTables(183)) - Using default column profile:DBProfile.DISK for Table:userTable
2019-11-05 04:06:02,472 [Thread-480] INFO  db.DBStoreBuilder (DBStoreBuilder.java:addTable(127)) - using custom profile for table: volumeTable
2019-11-05 04:06:02,472 [Thread-480] INFO  db.DBStoreBuilder (DBStoreBuilder.java:processTables(183)) - Using default column profile:DBProfile.DISK for Table:volumeTable
2019-11-05 04:06:02,472 [Thread-480] INFO  db.DBStoreBuilder (DBStoreBuilder.java:addTable(127)) - using custom profile for table: bucketTable
2019-11-05 04:06:02,472 [Thread-480] INFO  db.DBStoreBuilder (DBStoreBuilder.java:processTables(183)) - Using default column profile:DBProfile.DISK for Table:bucketTable
2019-11-05 04:06:02,473 [Thread-480] INFO  db.DBStoreBuilder (DBStoreBuilder.java:addTable(127)) - using custom profile for table: keyTable
2019-11-05 04:06:02,473 [Thread-480] INFO  db.DBStoreBuilder (DBStoreBuilder.java:processTables(183)) - Using default column profile:DBProfile.DISK for Table:keyTable
2019-11-05 04:06:02,473 [Thread-480] INFO  db.DBStoreBuilder (DBStoreBuilder.java:addTable(127)) - using custom profile for table: deletedTable
2019-11-05 04:06:02,473 [Thread-480] INFO  db.DBStoreBuilder (DBStoreBuilder.java:processTables(183)) - Using default column profile:DBProfile.DISK for Table:deletedTable
2019-11-05 04:06:02,474 [Thread-480] INFO  db.DBStoreBuilder (DBStoreBuilder.java:addTable(127)) - using custom profile for table: openKeyTable
2019-11-05 04:06:02,474 [Thread-480] INFO  db.DBStoreBuilder (DBStoreBuilder.java:processTables(183)) - Using default column profile:DBProfile.DISK for Table:openKeyTable
2019-11-05 04:06:02,474 [Thread-480] INFO  db.DBStoreBuilder (DBStoreBuilder.java:addTable(127)) - using custom profile for table: s3Table
2019-11-05 04:06:02,474 [Thread-480] INFO  db.DBStoreBuilder (DBStoreBuilder.java:processTables(183)) - Using default column profile:DBProfile.DISK for Table:s3Table
2019-11-05 04:06:02,474 [Thread-480] INFO  db.DBStoreBuilder (DBStoreBuilder.java:addTable(127)) - using custom profile for table: multipartInfoTable
2019-11-05 04:06:02,475 [Thread-480] INFO  db.DBStoreBuilder (DBStoreBuilder.java:processTables(183)) - Using default column profile:DBProfile.DISK for Table:multipartInfoTable
2019-11-05 04:06:02,475 [Thread-480] INFO  db.DBStoreBuilder (DBStoreBuilder.java:addTable(127)) - using custom profile for table: dTokenTable
2019-11-05 04:06:02,475 [Thread-480] INFO  db.DBStoreBuilder (DBStoreBuilder.java:processTables(183)) - Using default column profile:DBProfile.DISK for Table:dTokenTable
2019-11-05 04:06:02,475 [Thread-480] INFO  db.DBStoreBuilder (DBStoreBuilder.java:addTable(127)) - using custom profile for table: s3SecretTable
2019-11-05 04:06:02,475 [Thread-480] INFO  db.DBStoreBuilder (DBStoreBuilder.java:processTables(183)) - Using default column profile:DBProfile.DISK for Table:s3SecretTable
2019-11-05 04:06:02,476 [Thread-480] INFO  db.DBStoreBuilder (DBStoreBuilder.java:addTable(127)) - using custom profile for table: prefixTable
2019-11-05 04:06:02,476 [Thread-480] INFO  db.DBStoreBuilder (DBStoreBuilder.java:processTables(183)) - Using default column profile:DBProfile.DISK for Table:prefixTable
2019-11-05 04:06:02,476 [Thread-480] INFO  db.DBStoreBuilder (DBStoreBuilder.java:addTable(127)) - using custom profile for table: default
2019-11-05 04:06:02,476 [Thread-480] INFO  db.DBStoreBuilder (DBStoreBuilder.java:processTables(189)) - Using default column profile:DBProfile.DISK for Table:default
2019-11-05 04:06:02,476 [Thread-480] INFO  db.DBStoreBuilder (DBStoreBuilder.java:getDbProfile(220)) - Using default options. DBProfile.DISK
2019-11-05 04:06:02,900 [Thread-480] INFO  ipc.CallQueueManager (CallQueueManager.java:<init>(84)) - Using callQueue: class java.util.concurrent.LinkedBlockingQueue, queueCapacity: 2000, scheduler: class org.apache.hadoop.ipc.DefaultRpcScheduler, ipcBackoff: false.
2019-11-05 04:06:02,901 [Socket Reader #1 for port 43162] INFO  ipc.Server (Server.java:run(1074)) - Starting Socket Reader #1 for port 43162
2019-11-05 04:06:02,919 [Thread-480] INFO  om.OzoneManager (OzoneManager.java:start(1076)) - OzoneManager RPC server is listening at localhost/127.0.0.1:43162
2019-11-05 04:06:02,919 [Thread-480] INFO  impl.MetricsSystemImpl (MetricsSystemImpl.java:init(158)) - OzoneManager metrics system started (again)
2019-11-05 04:06:02,920 [IPC Server Responder] INFO  ipc.Server (Server.java:run(1314)) - IPC Server Responder: starting
2019-11-05 04:06:02,921 [IPC Server listener on 43162] INFO  ipc.Server (Server.java:run(1153)) - IPC Server listener on 43162: starting
2019-11-05 04:06:02,926 [Thread-480] INFO  hdfs.DFSUtil (DFSUtil.java:httpServerTemplateForNNAndJN(1641)) - Starting Web-server for ozoneManager at: http://0.0.0.0:0
2019-11-05 04:06:02,928 [Thread-480] INFO  server.AuthenticationFilter (AuthenticationFilter.java:constructSecretProvider(240)) - Unable to initialize FileSignerSecretProvider, falling back to use random secrets.
2019-11-05 04:06:02,929 [Thread-480] WARN  http.HttpRequestLog (HttpRequestLog.java:getRequestLog(97)) - Jetty request log can only be enabled using Log4j
2019-11-05 04:06:02,931 [Thread-480] INFO  http.HttpServer2 (HttpServer2.java:addGlobalFilter(975)) - Added global filter 'safety' (class=org.apache.hadoop.http.HttpServer2$QuotingInputFilter)
2019-11-05 04:06:02,932 [Thread-480] INFO  http.HttpServer2 (HttpServer2.java:addFilter(948)) - Added filter static_user_filter (class=org.apache.hadoop.http.lib.StaticUserWebFilter$StaticUserFilter) to context ozoneManager
2019-11-05 04:06:02,932 [Thread-480] INFO  http.HttpServer2 (HttpServer2.java:addFilter(958)) - Added filter static_user_filter (class=org.apache.hadoop.http.lib.StaticUserWebFilter$StaticUserFilter) to context static
2019-11-05 04:06:02,933 [Thread-480] INFO  http.HttpServer2 (HttpServer2.java:addFilter(958)) - Added filter static_user_filter (class=org.apache.hadoop.http.lib.StaticUserWebFilter$StaticUserFilter) to context logs
2019-11-05 04:06:02,934 [Thread-480] INFO  http.HttpServer2 (HttpServer2.java:bindListener(1191)) - Jetty bound to port 38530
2019-11-05 04:06:02,934 [Thread-480] INFO  server.Server (Server.java:doStart(351)) - jetty-9.3.25.v20180904, build timestamp: 2018-09-04T21:11:46Z, git hash: 3ce520221d0240229c862b122d2b06c12a625732
2019-11-05 04:06:02,936 [Thread-480] INFO  handler.ContextHandler (ContextHandler.java:doStart(781)) - Started o.e.j.s.ServletContextHandler@393f7642{/logs,file:///workdir/hadoop-ozone/integration-test/target/log,AVAILABLE}
2019-11-05 04:06:02,937 [Thread-480] INFO  handler.ContextHandler (ContextHandler.java:doStart(781)) - Started o.e.j.s.ServletContextHandler@48717323{/static,file:///workdir/hadoop-ozone/integration-test/target/test-classes/webapps/static,AVAILABLE}
2019-11-05 04:06:02,943 [Thread-480] INFO  handler.ContextHandler (ContextHandler.java:doStart(781)) - Started o.e.j.w.WebAppContext@2fe1d94c{/,file:///workdir/hadoop-ozone/integration-test/target/test-classes/webapps/ozoneManager/,AVAILABLE}{/ozoneManager}
2019-11-05 04:06:02,943 [Thread-480] INFO  server.AbstractConnector (AbstractConnector.java:doStart(278)) - Started ServerConnector@1b0b0182{HTTP/1.1,[http/1.1]}{0.0.0.0:38530}
2019-11-05 04:06:02,944 [Thread-480] INFO  server.Server (Server.java:doStart(419)) - Started @29291ms
2019-11-05 04:06:02,944 [Thread-480] WARN  impl.MetricsSystemImpl (MetricsSystemImpl.java:register(276)) - Sink prometheus already exists!
2019-11-05 04:06:02,945 [Thread-480] INFO  server.BaseHttpServer (BaseHttpServer.java:updateConnectorAddress(215)) - HTTP server of OZONEMANAGER is listening at http://0.0.0.0:38530
2019-11-05 04:06:02,956 [Thread-480] INFO  impl.MetricsSystemImpl (MetricsSystemImpl.java:init(158)) - HddsDatanode metrics system started (again)
2019-11-05 04:06:02,958 [Thread-480] INFO  ozone.HddsDatanodeService (HddsDatanodeService.java:start(183)) - HddsDatanodeService host:pr-hdds-1576-zlq79-596195737 ip:192.168.164.209
2019-11-05 04:06:02,966 [Thread-480] INFO  volume.HddsVolume (HddsVolume.java:<init>(176)) - Creating Volume: /workdir/hadoop-ozone/integration-test/target/test-dir/MiniOzoneClusterImpl-b5e44674-0749-41b5-a0d1-bb304d26ed7a/datanode-0/data/containers/hdds of  storage type : DISK and capacity : 1482555576320
2019-11-05 04:06:02,966 [Thread-480] INFO  volume.VolumeSet (VolumeSet.java:initializeVolumeSet(170)) - Added Volume : /workdir/hadoop-ozone/integration-test/target/test-dir/MiniOzoneClusterImpl-b5e44674-0749-41b5-a0d1-bb304d26ed7a/datanode-0/data/containers/hdds to VolumeSet
2019-11-05 04:06:02,966 [Thread-480] INFO  volume.ThrottledAsyncChecker (ThrottledAsyncChecker.java:schedule(141)) - Scheduling a check for /workdir/hadoop-ozone/integration-test/target/test-dir/MiniOzoneClusterImpl-b5e44674-0749-41b5-a0d1-bb304d26ed7a/datanode-0/data/containers/hdds
2019-11-05 04:06:02,967 [Thread-480] INFO  volume.HddsVolumeChecker (HddsVolumeChecker.java:checkAllVolumes(204)) - Scheduled health check for volume /workdir/hadoop-ozone/integration-test/target/test-dir/MiniOzoneClusterImpl-b5e44674-0749-41b5-a0d1-bb304d26ed7a/datanode-0/data/containers/hdds
2019-11-05 04:06:02,983 [Thread-480] WARN  ratis.XceiverServerRatis (XceiverServerRatis.java:newRaftProperties(223)) - dfs.container.ratis.datanode.storage.dir = 1 is smaller than ozone.scm.datanode.max.pipeline.engagement = 4. Suggest increase dfs.container.ratis.datanode.storage.dir or lower ozone.scm.datanode.max.pipeline.engagement 
2019-11-05 04:06:02,984 [Thread-480] INFO  impl.RaftServerProxy (ConfUtils.java:logGet(43)) - raft.rpc.type = GRPC (default)
2019-11-05 04:06:02,984 [Thread-480] INFO  grpc.GrpcFactory (GrpcFactory.java:checkPooledByteBufAllocatorUseCacheForAllThreads(45)) - PERFORMANCE WARNING: useCacheForAllThreads is true that may cause Netty to create a lot garbage objects and, as a result, trigger GC.
	It is recommended to disable useCacheForAllThreads by setting -Dorg.apache.ratis.thirdparty.io.netty.allocator.useCacheForAllThreads=false in command line.
2019-11-05 04:06:02,984 [Thread-480] INFO  grpc.GrpcConfigKeys$Server (ConfUtils.java:logGet(43)) - raft.grpc.server.port = 0 (default)
2019-11-05 04:06:02,984 [Thread-480] INFO  server.GrpcService (ConfUtils.java:logGet(43)) - raft.grpc.message.size.max = 33570816 (custom)
2019-11-05 04:06:02,984 [Thread-480] INFO  server.RaftServerConfigKeys (ConfUtils.java:logGet(43)) - raft.server.log.appender.buffer.byte-limit = 33554432 (custom)
2019-11-05 04:06:02,985 [Thread-480] INFO  server.GrpcService (ConfUtils.java:logGet(43)) - raft.grpc.flow.control.window = 1MB (=1048576) (default)
2019-11-05 04:06:02,985 [Thread-480] INFO  server.RaftServerConfigKeys (ConfUtils.java:logGet(43)) - raft.server.rpc.request.timeout = 3000ms (default)
2019-11-05 04:06:02,985 [Thread-480] INFO  server.RaftServerConfigKeys (ConfUtils.java:logGet(43)) - raft.server.storage.dir = [/workdir/hadoop-ozone/integration-test/target/test-dir/MiniOzoneClusterImpl-b5e44674-0749-41b5-a0d1-bb304d26ed7a/datanode-0/data/ratis] (custom)
2019-11-05 04:06:02,987 [Thread-480] INFO  hdfs.DFSUtil (DFSUtil.java:httpServerTemplateForNNAndJN(1641)) - Starting Web-server for hddsDatanode at: http://0.0.0.0:0
2019-11-05 04:06:02,989 [Thread-480] INFO  server.AuthenticationFilter (AuthenticationFilter.java:constructSecretProvider(240)) - Unable to initialize FileSignerSecretProvider, falling back to use random secrets.
2019-11-05 04:06:02,989 [Thread-480] WARN  http.HttpRequestLog (HttpRequestLog.java:getRequestLog(97)) - Jetty request log can only be enabled using Log4j
2019-11-05 04:06:02,991 [Thread-480] INFO  http.HttpServer2 (HttpServer2.java:addGlobalFilter(975)) - Added global filter 'safety' (class=org.apache.hadoop.http.HttpServer2$QuotingInputFilter)
2019-11-05 04:06:02,991 [Thread-480] INFO  http.HttpServer2 (HttpServer2.java:addFilter(948)) - Added filter static_user_filter (class=org.apache.hadoop.http.lib.StaticUserWebFilter$StaticUserFilter) to context hddsDatanode
2019-11-05 04:06:02,992 [Thread-480] INFO  http.HttpServer2 (HttpServer2.java:addFilter(958)) - Added filter static_user_filter (class=org.apache.hadoop.http.lib.StaticUserWebFilter$StaticUserFilter) to context logs
2019-11-05 04:06:02,992 [Thread-480] INFO  http.HttpServer2 (HttpServer2.java:addFilter(958)) - Added filter static_user_filter (class=org.apache.hadoop.http.lib.StaticUserWebFilter$StaticUserFilter) to context static
2019-11-05 04:06:02,993 [Thread-480] INFO  http.HttpServer2 (HttpServer2.java:bindListener(1191)) - Jetty bound to port 37886
2019-11-05 04:06:02,993 [Thread-480] INFO  server.Server (Server.java:doStart(351)) - jetty-9.3.25.v20180904, build timestamp: 2018-09-04T21:11:46Z, git hash: 3ce520221d0240229c862b122d2b06c12a625732
2019-11-05 04:06:02,994 [Thread-480] INFO  handler.ContextHandler (ContextHandler.java:doStart(781)) - Started o.e.j.s.ServletContextHandler@54a69002{/logs,file:///workdir/hadoop-ozone/integration-test/target/log,AVAILABLE}
2019-11-05 04:06:02,995 [Thread-480] INFO  handler.ContextHandler (ContextHandler.java:doStart(781)) - Started o.e.j.s.ServletContextHandler@5f3516eb{/static,jar:file:/home/user/.m2/repository/org/apache/hadoop/hadoop-hdds-container-service/0.5.0-SNAPSHOT/hadoop-hdds-container-service-0.5.0-SNAPSHOT.jar!/webapps/static,AVAILABLE}
2019-11-05 04:06:03,030 [Thread-480] INFO  handler.ContextHandler (ContextHandler.java:doStart(781)) - Started o.e.j.w.WebAppContext@240179ba{/,file:///tmp/jetty-0.0.0.0-37886-hddsDatanode-_-any-7846827678569032102.dir/webapp/,AVAILABLE}{/hddsDatanode}
2019-11-05 04:06:03,030 [Thread-480] INFO  server.AbstractConnector (AbstractConnector.java:doStart(278)) - Started ServerConnector@5500c85a{HTTP/1.1,[http/1.1]}{0.0.0.0:37886}
2019-11-05 04:06:03,031 [Thread-480] INFO  server.Server (Server.java:doStart(419)) - Started @29378ms
2019-11-05 04:06:03,031 [Thread-480] WARN  impl.MetricsSystemImpl (MetricsSystemImpl.java:register(276)) - Sink prometheus already exists!
2019-11-05 04:06:03,031 [Thread-480] INFO  server.BaseHttpServer (BaseHttpServer.java:updateConnectorAddress(215)) - HTTP server of HDDSDATANODE is listening at http://0.0.0.0:37886
2019-11-05 04:06:03,032 [Thread-480] INFO  impl.MetricsSystemImpl (MetricsSystemImpl.java:init(158)) - HddsDatanode metrics system started (again)
2019-11-05 04:06:03,034 [Thread-480] INFO  ozone.HddsDatanodeService (HddsDatanodeService.java:start(183)) - HddsDatanodeService host:pr-hdds-1576-zlq79-596195737 ip:192.168.164.209
2019-11-05 04:06:03,034 [org.apache.hadoop.util.JvmPauseMonitor$Monitor@69697324] INFO  util.JvmPauseMonitor (JvmPauseMonitor.java:run(188)) - Starting JVM pause monitor
2019-11-05 04:06:03,038 [Datanode State Machine Thread - 0] INFO  datanode.InitDatanodeState (InitDatanodeState.java:persistContainerDatanodeDetails(140)) - DatanodeDetails is persisted to /workdir/hadoop-ozone/integration-test/target/test-dir/MiniOzoneClusterImpl-b5e44674-0749-41b5-a0d1-bb304d26ed7a/datanode-0/meta/datanode.id
2019-11-05 04:06:03,042 [Thread-480] INFO  volume.HddsVolume (HddsVolume.java:<init>(176)) - Creating Volume: /workdir/hadoop-ozone/integration-test/target/test-dir/MiniOzoneClusterImpl-b5e44674-0749-41b5-a0d1-bb304d26ed7a/datanode-1/data/containers/hdds of  storage type : DISK and capacity : 1482555576320
2019-11-05 04:06:03,043 [Thread-480] INFO  volume.VolumeSet (VolumeSet.java:initializeVolumeSet(170)) - Added Volume : /workdir/hadoop-ozone/integration-test/target/test-dir/MiniOzoneClusterImpl-b5e44674-0749-41b5-a0d1-bb304d26ed7a/datanode-1/data/containers/hdds to VolumeSet
2019-11-05 04:06:03,043 [Thread-480] INFO  volume.ThrottledAsyncChecker (ThrottledAsyncChecker.java:schedule(141)) - Scheduling a check for /workdir/hadoop-ozone/integration-test/target/test-dir/MiniOzoneClusterImpl-b5e44674-0749-41b5-a0d1-bb304d26ed7a/datanode-1/data/containers/hdds
2019-11-05 04:06:03,043 [Thread-480] INFO  volume.HddsVolumeChecker (HddsVolumeChecker.java:checkAllVolumes(204)) - Scheduled health check for volume /workdir/hadoop-ozone/integration-test/target/test-dir/MiniOzoneClusterImpl-b5e44674-0749-41b5-a0d1-bb304d26ed7a/datanode-1/data/containers/hdds
2019-11-05 04:06:03,055 [Thread-480] WARN  ratis.XceiverServerRatis (XceiverServerRatis.java:newRaftProperties(223)) - dfs.container.ratis.datanode.storage.dir = 1 is smaller than ozone.scm.datanode.max.pipeline.engagement = 4. Suggest increase dfs.container.ratis.datanode.storage.dir or lower ozone.scm.datanode.max.pipeline.engagement 
2019-11-05 04:06:03,056 [Thread-480] INFO  impl.RaftServerProxy (ConfUtils.java:logGet(43)) - raft.rpc.type = GRPC (default)
2019-11-05 04:06:03,056 [Thread-480] INFO  grpc.GrpcFactory (GrpcFactory.java:checkPooledByteBufAllocatorUseCacheForAllThreads(45)) - PERFORMANCE WARNING: useCacheForAllThreads is true that may cause Netty to create a lot garbage objects and, as a result, trigger GC.
	It is recommended to disable useCacheForAllThreads by setting -Dorg.apache.ratis.thirdparty.io.netty.allocator.useCacheForAllThreads=false in command line.
2019-11-05 04:06:03,056 [Thread-480] INFO  grpc.GrpcConfigKeys$Server (ConfUtils.java:logGet(43)) - raft.grpc.server.port = 0 (default)
2019-11-05 04:06:03,056 [Thread-480] INFO  server.GrpcService (ConfUtils.java:logGet(43)) - raft.grpc.message.size.max = 33570816 (custom)
2019-11-05 04:06:03,056 [Thread-480] INFO  server.RaftServerConfigKeys (ConfUtils.java:logGet(43)) - raft.server.log.appender.buffer.byte-limit = 33554432 (custom)
2019-11-05 04:06:03,056 [Thread-480] INFO  server.GrpcService (ConfUtils.java:logGet(43)) - raft.grpc.flow.control.window = 1MB (=1048576) (default)
2019-11-05 04:06:03,057 [Thread-480] INFO  server.RaftServerConfigKeys (ConfUtils.java:logGet(43)) - raft.server.rpc.request.timeout = 3000ms (default)
2019-11-05 04:06:03,057 [Thread-480] INFO  server.RaftServerConfigKeys (ConfUtils.java:logGet(43)) - raft.server.storage.dir = [/workdir/hadoop-ozone/integration-test/target/test-dir/MiniOzoneClusterImpl-b5e44674-0749-41b5-a0d1-bb304d26ed7a/datanode-1/data/ratis] (custom)
2019-11-05 04:06:03,058 [Thread-480] INFO  hdfs.DFSUtil (DFSUtil.java:httpServerTemplateForNNAndJN(1641)) - Starting Web-server for hddsDatanode at: http://0.0.0.0:0
2019-11-05 04:06:03,059 [Thread-480] INFO  server.AuthenticationFilter (AuthenticationFilter.java:constructSecretProvider(240)) - Unable to initialize FileSignerSecretProvider, falling back to use random secrets.
2019-11-05 04:06:03,060 [Thread-480] WARN  http.HttpRequestLog (HttpRequestLog.java:getRequestLog(97)) - Jetty request log can only be enabled using Log4j
2019-11-05 04:06:03,061 [Thread-480] INFO  http.HttpServer2 (HttpServer2.java:addGlobalFilter(975)) - Added global filter 'safety' (class=org.apache.hadoop.http.HttpServer2$QuotingInputFilter)
2019-11-05 04:06:03,061 [Thread-480] INFO  http.HttpServer2 (HttpServer2.java:addFilter(948)) - Added filter static_user_filter (class=org.apache.hadoop.http.lib.StaticUserWebFilter$StaticUserFilter) to context hddsDatanode
2019-11-05 04:06:03,061 [Thread-480] INFO  http.HttpServer2 (HttpServer2.java:addFilter(958)) - Added filter static_user_filter (class=org.apache.hadoop.http.lib.StaticUserWebFilter$StaticUserFilter) to context logs
2019-11-05 04:06:03,061 [Thread-480] INFO  http.HttpServer2 (HttpServer2.java:addFilter(958)) - Added filter static_user_filter (class=org.apache.hadoop.http.lib.StaticUserWebFilter$StaticUserFilter) to context static
2019-11-05 04:06:03,062 [Thread-480] INFO  http.HttpServer2 (HttpServer2.java:bindListener(1191)) - Jetty bound to port 38719
2019-11-05 04:06:03,062 [Thread-480] INFO  server.Server (Server.java:doStart(351)) - jetty-9.3.25.v20180904, build timestamp: 2018-09-04T21:11:46Z, git hash: 3ce520221d0240229c862b122d2b06c12a625732
2019-11-05 04:06:03,064 [Thread-480] INFO  handler.ContextHandler (ContextHandler.java:doStart(781)) - Started o.e.j.s.ServletContextHandler@1720ba4a{/logs,file:///workdir/hadoop-ozone/integration-test/target/log,AVAILABLE}
2019-11-05 04:06:03,064 [Thread-480] INFO  handler.ContextHandler (ContextHandler.java:doStart(781)) - Started o.e.j.s.ServletContextHandler@2634774b{/static,jar:file:/home/user/.m2/repository/org/apache/hadoop/hadoop-hdds-container-service/0.5.0-SNAPSHOT/hadoop-hdds-container-service-0.5.0-SNAPSHOT.jar!/webapps/static,AVAILABLE}
2019-11-05 04:06:03,093 [Thread-480] INFO  handler.ContextHandler (ContextHandler.java:doStart(781)) - Started o.e.j.w.WebAppContext@578d0787{/,file:///tmp/jetty-0.0.0.0-38719-hddsDatanode-_-any-8943288232763408516.dir/webapp/,AVAILABLE}{/hddsDatanode}
2019-11-05 04:06:03,093 [Thread-480] INFO  server.AbstractConnector (AbstractConnector.java:doStart(278)) - Started ServerConnector@1eb55d72{HTTP/1.1,[http/1.1]}{0.0.0.0:38719}
2019-11-05 04:06:03,094 [Thread-480] INFO  server.Server (Server.java:doStart(419)) - Started @29441ms
2019-11-05 04:06:03,094 [Thread-480] WARN  impl.MetricsSystemImpl (MetricsSystemImpl.java:register(276)) - Sink prometheus already exists!
2019-11-05 04:06:03,094 [Thread-480] INFO  server.BaseHttpServer (BaseHttpServer.java:updateConnectorAddress(215)) - HTTP server of HDDSDATANODE is listening at http://0.0.0.0:38719
2019-11-05 04:06:03,095 [Thread-480] INFO  impl.MetricsSystemImpl (MetricsSystemImpl.java:init(158)) - HddsDatanode metrics system started (again)
2019-11-05 04:06:03,097 [Thread-480] INFO  ozone.HddsDatanodeService (HddsDatanodeService.java:start(183)) - HddsDatanodeService host:pr-hdds-1576-zlq79-596195737 ip:192.168.164.209
2019-11-05 04:06:03,098 [org.apache.hadoop.util.JvmPauseMonitor$Monitor@7977fce9] INFO  util.JvmPauseMonitor (JvmPauseMonitor.java:run(188)) - Starting JVM pause monitor
2019-11-05 04:06:03,100 [Datanode State Machine Thread - 0] INFO  datanode.InitDatanodeState (InitDatanodeState.java:persistContainerDatanodeDetails(140)) - DatanodeDetails is persisted to /workdir/hadoop-ozone/integration-test/target/test-dir/MiniOzoneClusterImpl-b5e44674-0749-41b5-a0d1-bb304d26ed7a/datanode-1/meta/datanode.id
2019-11-05 04:06:03,104 [Thread-480] INFO  volume.HddsVolume (HddsVolume.java:<init>(176)) - Creating Volume: /workdir/hadoop-ozone/integration-test/target/test-dir/MiniOzoneClusterImpl-b5e44674-0749-41b5-a0d1-bb304d26ed7a/datanode-2/data/containers/hdds of  storage type : DISK and capacity : 1482555576320
2019-11-05 04:06:03,104 [Thread-480] INFO  volume.VolumeSet (VolumeSet.java:initializeVolumeSet(170)) - Added Volume : /workdir/hadoop-ozone/integration-test/target/test-dir/MiniOzoneClusterImpl-b5e44674-0749-41b5-a0d1-bb304d26ed7a/datanode-2/data/containers/hdds to VolumeSet
2019-11-05 04:06:03,104 [Thread-480] INFO  volume.ThrottledAsyncChecker (ThrottledAsyncChecker.java:schedule(141)) - Scheduling a check for /workdir/hadoop-ozone/integration-test/target/test-dir/MiniOzoneClusterImpl-b5e44674-0749-41b5-a0d1-bb304d26ed7a/datanode-2/data/containers/hdds
2019-11-05 04:06:03,105 [Thread-480] INFO  volume.HddsVolumeChecker (HddsVolumeChecker.java:checkAllVolumes(204)) - Scheduled health check for volume /workdir/hadoop-ozone/integration-test/target/test-dir/MiniOzoneClusterImpl-b5e44674-0749-41b5-a0d1-bb304d26ed7a/datanode-2/data/containers/hdds
2019-11-05 04:06:03,116 [Thread-480] WARN  ratis.XceiverServerRatis (XceiverServerRatis.java:newRaftProperties(223)) - dfs.container.ratis.datanode.storage.dir = 1 is smaller than ozone.scm.datanode.max.pipeline.engagement = 4. Suggest increase dfs.container.ratis.datanode.storage.dir or lower ozone.scm.datanode.max.pipeline.engagement 
2019-11-05 04:06:03,116 [Thread-480] INFO  impl.RaftServerProxy (ConfUtils.java:logGet(43)) - raft.rpc.type = GRPC (default)
2019-11-05 04:06:03,116 [Thread-480] INFO  grpc.GrpcFactory (GrpcFactory.java:checkPooledByteBufAllocatorUseCacheForAllThreads(45)) - PERFORMANCE WARNING: useCacheForAllThreads is true that may cause Netty to create a lot garbage objects and, as a result, trigger GC.
	It is recommended to disable useCacheForAllThreads by setting -Dorg.apache.ratis.thirdparty.io.netty.allocator.useCacheForAllThreads=false in command line.
2019-11-05 04:06:03,116 [Thread-480] INFO  grpc.GrpcConfigKeys$Server (ConfUtils.java:logGet(43)) - raft.grpc.server.port = 0 (default)
2019-11-05 04:06:03,117 [Thread-480] INFO  server.GrpcService (ConfUtils.java:logGet(43)) - raft.grpc.message.size.max = 33570816 (custom)
2019-11-05 04:06:03,117 [Thread-480] INFO  server.RaftServerConfigKeys (ConfUtils.java:logGet(43)) - raft.server.log.appender.buffer.byte-limit = 33554432 (custom)
2019-11-05 04:06:03,117 [Thread-480] INFO  server.GrpcService (ConfUtils.java:logGet(43)) - raft.grpc.flow.control.window = 1MB (=1048576) (default)
2019-11-05 04:06:03,117 [Thread-480] INFO  server.RaftServerConfigKeys (ConfUtils.java:logGet(43)) - raft.server.rpc.request.timeout = 3000ms (default)
2019-11-05 04:06:03,117 [Thread-480] INFO  server.RaftServerConfigKeys (ConfUtils.java:logGet(43)) - raft.server.storage.dir = [/workdir/hadoop-ozone/integration-test/target/test-dir/MiniOzoneClusterImpl-b5e44674-0749-41b5-a0d1-bb304d26ed7a/datanode-2/data/ratis] (custom)
2019-11-05 04:06:03,119 [Thread-480] INFO  hdfs.DFSUtil (DFSUtil.java:httpServerTemplateForNNAndJN(1641)) - Starting Web-server for hddsDatanode at: http://0.0.0.0:0
2019-11-05 04:06:03,121 [Thread-480] INFO  server.AuthenticationFilter (AuthenticationFilter.java:constructSecretProvider(240)) - Unable to initialize FileSignerSecretProvider, falling back to use random secrets.
2019-11-05 04:06:03,121 [Thread-480] WARN  http.HttpRequestLog (HttpRequestLog.java:getRequestLog(97)) - Jetty request log can only be enabled using Log4j
2019-11-05 04:06:03,123 [Thread-480] INFO  http.HttpServer2 (HttpServer2.java:addGlobalFilter(975)) - Added global filter 'safety' (class=org.apache.hadoop.http.HttpServer2$QuotingInputFilter)
2019-11-05 04:06:03,124 [Thread-480] INFO  http.HttpServer2 (HttpServer2.java:addFilter(948)) - Added filter static_user_filter (class=org.apache.hadoop.http.lib.StaticUserWebFilter$StaticUserFilter) to context hddsDatanode
2019-11-05 04:06:03,124 [Thread-480] INFO  http.HttpServer2 (HttpServer2.java:addFilter(958)) - Added filter static_user_filter (class=org.apache.hadoop.http.lib.StaticUserWebFilter$StaticUserFilter) to context logs
2019-11-05 04:06:03,124 [Thread-480] INFO  http.HttpServer2 (HttpServer2.java:addFilter(958)) - Added filter static_user_filter (class=org.apache.hadoop.http.lib.StaticUserWebFilter$StaticUserFilter) to context static
2019-11-05 04:06:03,125 [Thread-480] INFO  http.HttpServer2 (HttpServer2.java:bindListener(1191)) - Jetty bound to port 34500
2019-11-05 04:06:03,125 [Thread-480] INFO  server.Server (Server.java:doStart(351)) - jetty-9.3.25.v20180904, build timestamp: 2018-09-04T21:11:46Z, git hash: 3ce520221d0240229c862b122d2b06c12a625732
2019-11-05 04:06:03,127 [Thread-480] INFO  handler.ContextHandler (ContextHandler.java:doStart(781)) - Started o.e.j.s.ServletContextHandler@660be99f{/logs,file:///workdir/hadoop-ozone/integration-test/target/log,AVAILABLE}
2019-11-05 04:06:03,127 [Thread-480] INFO  handler.ContextHandler (ContextHandler.java:doStart(781)) - Started o.e.j.s.ServletContextHandler@123dfc94{/static,jar:file:/home/user/.m2/repository/org/apache/hadoop/hadoop-hdds-container-service/0.5.0-SNAPSHOT/hadoop-hdds-container-service-0.5.0-SNAPSHOT.jar!/webapps/static,AVAILABLE}
2019-11-05 04:06:03,169 [Thread-480] INFO  handler.ContextHandler (ContextHandler.java:doStart(781)) - Started o.e.j.w.WebAppContext@24338113{/,file:///tmp/jetty-0.0.0.0-34500-hddsDatanode-_-any-1056540754846670163.dir/webapp/,AVAILABLE}{/hddsDatanode}
2019-11-05 04:06:03,169 [Thread-480] INFO  server.AbstractConnector (AbstractConnector.java:doStart(278)) - Started ServerConnector@55a1a25b{HTTP/1.1,[http/1.1]}{0.0.0.0:34500}
2019-11-05 04:06:03,170 [Thread-480] INFO  server.Server (Server.java:doStart(419)) - Started @29517ms
2019-11-05 04:06:03,170 [Thread-480] WARN  impl.MetricsSystemImpl (MetricsSystemImpl.java:register(276)) - Sink prometheus already exists!
2019-11-05 04:06:03,171 [Thread-480] INFO  server.BaseHttpServer (BaseHttpServer.java:updateConnectorAddress(215)) - HTTP server of HDDSDATANODE is listening at http://0.0.0.0:34500
2019-11-05 04:06:03,172 [Thread-480] INFO  ozone.MiniOzoneClusterImpl (MiniOzoneClusterImpl.java:lambda$waitForClusterToBeReady$0(151)) - Waiting for cluster to be ready. Got 0 of 3 DN Heartbeats.
2019-11-05 04:06:03,174 [org.apache.hadoop.util.JvmPauseMonitor$Monitor@3ce1fb81] INFO  util.JvmPauseMonitor (JvmPauseMonitor.java:run(188)) - Starting JVM pause monitor
2019-11-05 04:06:03,176 [Datanode State Machine Thread - 0] INFO  datanode.InitDatanodeState (InitDatanodeState.java:persistContainerDatanodeDetails(140)) - DatanodeDetails is persisted to /workdir/hadoop-ozone/integration-test/target/test-dir/MiniOzoneClusterImpl-b5e44674-0749-41b5-a0d1-bb304d26ed7a/datanode-2/meta/datanode.id
2019-11-05 04:06:04,173 [Thread-480] INFO  ozone.MiniOzoneClusterImpl (MiniOzoneClusterImpl.java:lambda$waitForClusterToBeReady$0(151)) - Waiting for cluster to be ready. Got 0 of 3 DN Heartbeats.
2019-11-05 04:06:05,055 [Datanode State Machine Thread - 0] INFO  ozoneimpl.OzoneContainer (OzoneContainer.java:start(213)) - Attempting to start container services.
2019-11-05 04:06:05,059 [Datanode State Machine Thread - 0] INFO  ozoneimpl.OzoneContainer (OzoneContainer.java:startContainerScrub(177)) - Background container scanner has been disabled.
2019-11-05 04:06:05,059 [Datanode State Machine Thread - 0] INFO  ratis.XceiverServerRatis (XceiverServerRatis.java:start(437)) - Starting XceiverServerRatis 3bb84b5b-c269-4d26-bdfe-cbd49ad8842a at port 0
2019-11-05 04:06:05,068 [Datanode State Machine Thread - 0] INFO  impl.RaftServerProxy (RaftServerProxy.java:lambda$start$3(299)) - 3bb84b5b-c269-4d26-bdfe-cbd49ad8842a: start RPC server
2019-11-05 04:06:05,071 [Datanode State Machine Thread - 0] INFO  server.GrpcService (GrpcService.java:startImpl(158)) - 3bb84b5b-c269-4d26-bdfe-cbd49ad8842a: GrpcService started, listening on 0.0.0.0/0.0.0.0:36953
2019-11-05 04:06:05,071 [Datanode State Machine Thread - 0] INFO  ratis.XceiverServerRatis (XceiverServerRatis.java:start(447)) - XceiverServerRatis 3bb84b5b-c269-4d26-bdfe-cbd49ad8842a is started using port 36953
2019-11-05 04:06:05,073 [Datanode State Machine Thread - 0] INFO  server.XceiverServerGrpc (XceiverServerGrpc.java:start(149)) - XceiverServerGrpc 3bb84b5b-c269-4d26-bdfe-cbd49ad8842a is started using port 42666
2019-11-05 04:06:05,113 [Datanode State Machine Thread - 0] INFO  ozoneimpl.OzoneContainer (OzoneContainer.java:start(213)) - Attempting to start container services.
2019-11-05 04:06:05,113 [Datanode State Machine Thread - 0] INFO  ozoneimpl.OzoneContainer (OzoneContainer.java:startContainerScrub(177)) - Background container scanner has been disabled.
2019-11-05 04:06:05,114 [Datanode State Machine Thread - 0] INFO  ratis.XceiverServerRatis (XceiverServerRatis.java:start(437)) - Starting XceiverServerRatis cbadd82d-93c1-4516-940b-a7bad1d4aa4b at port 0
2019-11-05 04:06:05,121 [Datanode State Machine Thread - 0] INFO  impl.RaftServerProxy (RaftServerProxy.java:lambda$start$3(299)) - cbadd82d-93c1-4516-940b-a7bad1d4aa4b: start RPC server
2019-11-05 04:06:05,124 [Datanode State Machine Thread - 0] INFO  server.GrpcService (GrpcService.java:startImpl(158)) - cbadd82d-93c1-4516-940b-a7bad1d4aa4b: GrpcService started, listening on 0.0.0.0/0.0.0.0:33133
2019-11-05 04:06:05,124 [Datanode State Machine Thread - 0] INFO  ratis.XceiverServerRatis (XceiverServerRatis.java:start(447)) - XceiverServerRatis cbadd82d-93c1-4516-940b-a7bad1d4aa4b is started using port 33133
2019-11-05 04:06:05,125 [Datanode State Machine Thread - 0] INFO  server.XceiverServerGrpc (XceiverServerGrpc.java:start(149)) - XceiverServerGrpc cbadd82d-93c1-4516-940b-a7bad1d4aa4b is started using port 41815
2019-11-05 04:06:05,174 [Thread-480] INFO  ozone.MiniOzoneClusterImpl (MiniOzoneClusterImpl.java:lambda$waitForClusterToBeReady$0(151)) - Waiting for cluster to be ready. Got 0 of 3 DN Heartbeats.
2019-11-05 04:06:05,181 [Datanode State Machine Thread - 0] INFO  ozoneimpl.OzoneContainer (OzoneContainer.java:start(213)) - Attempting to start container services.
2019-11-05 04:06:05,181 [Datanode State Machine Thread - 0] INFO  ozoneimpl.OzoneContainer (OzoneContainer.java:startContainerScrub(177)) - Background container scanner has been disabled.
2019-11-05 04:06:05,181 [Datanode State Machine Thread - 0] INFO  ratis.XceiverServerRatis (XceiverServerRatis.java:start(437)) - Starting XceiverServerRatis da3038ec-c4fd-4e11-9179-86b1e11d81da at port 0
2019-11-05 04:06:05,189 [Datanode State Machine Thread - 0] INFO  impl.RaftServerProxy (RaftServerProxy.java:lambda$start$3(299)) - da3038ec-c4fd-4e11-9179-86b1e11d81da: start RPC server
2019-11-05 04:06:05,195 [Datanode State Machine Thread - 0] INFO  server.GrpcService (GrpcService.java:startImpl(158)) - da3038ec-c4fd-4e11-9179-86b1e11d81da: GrpcService started, listening on 0.0.0.0/0.0.0.0:42661
2019-11-05 04:06:05,195 [Datanode State Machine Thread - 0] INFO  ratis.XceiverServerRatis (XceiverServerRatis.java:start(447)) - XceiverServerRatis da3038ec-c4fd-4e11-9179-86b1e11d81da is started using port 42661
2019-11-05 04:06:05,196 [Datanode State Machine Thread - 0] INFO  server.XceiverServerGrpc (XceiverServerGrpc.java:start(149)) - XceiverServerGrpc da3038ec-c4fd-4e11-9179-86b1e11d81da is started using port 41986
2019-11-05 04:06:06,175 [Thread-480] INFO  ozone.MiniOzoneClusterImpl (MiniOzoneClusterImpl.java:lambda$waitForClusterToBeReady$0(151)) - Waiting for cluster to be ready. Got 0 of 3 DN Heartbeats.
2019-11-05 04:06:07,044 [IPC Server handler 1 on 35388] INFO  net.NetworkTopology (NetworkTopologyImpl.java:add(111)) - Added a new node: /default-rack/3bb84b5b-c269-4d26-bdfe-cbd49ad8842a
2019-11-05 04:06:07,046 [IPC Server handler 1 on 35388] INFO  node.SCMNodeManager (SCMNodeManager.java:register(267)) - Registered Data node : 3bb84b5b-c269-4d26-bdfe-cbd49ad8842a{ip: 192.168.164.209, host: pr-hdds-1576-zlq79-596195737, networkLocation: /default-rack, certSerialId: null}
2019-11-05 04:06:07,047 [EventQueue-NodeRegistrationContainerReportForDataNodeSafeModeRule] INFO  safemode.SCMSafeModeManager (DataNodeSafeModeRule.java:process(71)) - SCM in safe mode. 1 DataNodes registered, 1 required.
2019-11-05 04:06:07,048 [EventQueue-NodeRegistrationContainerReportForDataNodeSafeModeRule] INFO  safemode.SCMSafeModeManager (SCMSafeModeManager.java:validateSafeModeExitRules(177)) - ScmSafeModeManager, all rules are successfully validated
2019-11-05 04:06:07,049 [EventQueue-NodeRegistrationContainerReportForDataNodeSafeModeRule] INFO  safemode.SCMSafeModeManager (SCMSafeModeManager.java:exitSafeMode(193)) - SCM exiting safe mode.
2019-11-05 04:06:07,075 [grpc-default-executor-0] INFO  impl.RaftServerProxy (RaftServerProxy.java:addNew(89)) - 3bb84b5b-c269-4d26-bdfe-cbd49ad8842a: addNew group-B3C658EF7596:[3bb84b5b-c269-4d26-bdfe-cbd49ad8842a:192.168.164.209:36953] returns group-B3C658EF7596:java.util.concurrent.CompletableFuture@459240ff[Not completed]
2019-11-05 04:06:07,082 [pool-107-thread-1] INFO  impl.RaftServerImpl (RaftServerImpl.java:<init>(98)) - 3bb84b5b-c269-4d26-bdfe-cbd49ad8842a: new RaftServerImpl for group-B3C658EF7596:[3bb84b5b-c269-4d26-bdfe-cbd49ad8842a:192.168.164.209:36953] with ContainerStateMachine:uninitialized
2019-11-05 04:06:07,083 [pool-107-thread-1] INFO  server.RaftServerConfigKeys (ConfUtils.java:logGet(43)) - raft.server.rpc.timeout.min = 5s (custom)
2019-11-05 04:06:07,083 [pool-107-thread-1] INFO  server.RaftServerConfigKeys (ConfUtils.java:logGet(43)) - raft.server.rpc.timeout.max = 5200ms (custom)
2019-11-05 04:06:07,083 [pool-107-thread-1] INFO  server.RaftServerConfigKeys (ConfUtils.java:logGet(43)) - raft.server.rpcslowness.timeout = 120s (custom)
2019-11-05 04:06:07,083 [pool-107-thread-1] INFO  server.RaftServerConfigKeys (ConfUtils.java:logGet(43)) - raft.server.sleep.deviation.threshold = 300 (default)
2019-11-05 04:06:07,084 [pool-107-thread-1] INFO  server.RaftServerConfigKeys (ConfUtils.java:logGet(43)) - raft.server.log.appender.install.snapshot.enabled = false (custom)
2019-11-05 04:06:07,084 [pool-107-thread-1] INFO  impl.RaftServerImpl (ServerState.java:<init>(103)) - 3bb84b5b-c269-4d26-bdfe-cbd49ad8842a@group-B3C658EF7596: ConfigurationManager, init=-1: [3bb84b5b-c269-4d26-bdfe-cbd49ad8842a:192.168.164.209:36953], old=null, confs=<EMPTY_MAP>
2019-11-05 04:06:07,084 [pool-107-thread-1] INFO  server.RaftServerConfigKeys (ConfUtils.java:logGet(43)) - raft.server.storage.dir = [/workdir/hadoop-ozone/integration-test/target/test-dir/MiniOzoneClusterImpl-b5e44674-0749-41b5-a0d1-bb304d26ed7a/datanode-0/data/ratis] (custom)
2019-11-05 04:06:07,085 [pool-107-thread-1] INFO  server.RaftServerConfigKeys (ConfUtils.java:logGet(43)) - raft.server.log.corruption.policy = EXCEPTION (default)
2019-11-05 04:06:07,085 [pool-107-thread-1] INFO  storage.RaftStorageDirectory (RaftStorageDirectory.java:analyzeStorage(246)) - The storage directory /workdir/hadoop-ozone/integration-test/target/test-dir/MiniOzoneClusterImpl-b5e44674-0749-41b5-a0d1-bb304d26ed7a/datanode-0/data/ratis/b7ffbff3-cb76-488e-a4ec-b3c658ef7596 does not exist. Creating ...
2019-11-05 04:06:07,100 [pool-107-thread-1] INFO  storage.RaftStorageDirectory (RaftStorageDirectory.java:tryLock(328)) - Lock on /workdir/hadoop-ozone/integration-test/target/test-dir/MiniOzoneClusterImpl-b5e44674-0749-41b5-a0d1-bb304d26ed7a/datanode-0/data/ratis/b7ffbff3-cb76-488e-a4ec-b3c658ef7596/in_use.lock acquired by nodename 11196@pr-hdds-1576-zlq79-596195737
2019-11-05 04:06:07,101 [IPC Server handler 0 on 35388] INFO  net.NetworkTopology (NetworkTopologyImpl.java:add(111)) - Added a new node: /default-rack/cbadd82d-93c1-4516-940b-a7bad1d4aa4b
2019-11-05 04:06:07,101 [IPC Server handler 0 on 35388] INFO  node.SCMNodeManager (SCMNodeManager.java:register(267)) - Registered Data node : cbadd82d-93c1-4516-940b-a7bad1d4aa4b{ip: 192.168.164.209, host: pr-hdds-1576-zlq79-596195737, networkLocation: /default-rack, certSerialId: null}
2019-11-05 04:06:07,122 [pool-107-thread-1] INFO  storage.RaftStorage (RaftStorage.java:format(84)) - Storage directory /workdir/hadoop-ozone/integration-test/target/test-dir/MiniOzoneClusterImpl-b5e44674-0749-41b5-a0d1-bb304d26ed7a/datanode-0/data/ratis/b7ffbff3-cb76-488e-a4ec-b3c658ef7596 has been successfully formatted.
2019-11-05 04:06:07,122 [pool-107-thread-1] INFO  ratis.ContainerStateMachine (ContainerStateMachine.java:loadSnapshot(231)) - group-B3C658EF7596: The snapshot info is null. Setting the last applied indexto:(t:0, i:~)
2019-11-05 04:06:07,122 [pool-107-thread-1] INFO  server.RaftServerConfigKeys (ConfUtils.java:logGet(43)) - raft.server.notification.no-leader.timeout = 120s (custom)
2019-11-05 04:06:07,122 [pool-107-thread-1] INFO  server.RaftServerConfigKeys (ConfUtils.java:logGet(43)) - raft.server.log.use.memory = false (default)
2019-11-05 04:06:07,123 [pool-107-thread-1] INFO  server.RaftServerConfigKeys (ConfUtils.java:logGet(43)) - raft.server.log.purge.gap = 1000000 (custom)
2019-11-05 04:06:07,123 [pool-107-thread-1] INFO  server.RaftServerConfigKeys (ConfUtils.java:logGet(43)) - raft.server.log.appender.buffer.byte-limit = 33554432 (custom)
2019-11-05 04:06:07,123 [pool-107-thread-1] INFO  server.RaftServerConfigKeys (ConfUtils.java:logGet(43)) - raft.server.log.segment.size.max = 1048576 (custom)
2019-11-05 04:06:07,123 [pool-107-thread-1] WARN  impl.MetricRegistriesImpl (MetricRegistriesImpl.java:lambda$create$1(61)) - First MetricRegistry has been created without registering reporters. You may need to call MetricRegistries.global().addReportRegistration(...) before.
2019-11-05 04:06:07,124 [pool-107-thread-1] INFO  server.RaftServerConfigKeys (ConfUtils.java:logGet(43)) - raft.server.log.segment.cache.num.max = 2 (custom)
2019-11-05 04:06:07,124 [pool-107-thread-1] INFO  segmented.SegmentedRaftLogWorker (SegmentedRaftLogWorker.java:<init>(173)) - new 3bb84b5b-c269-4d26-bdfe-cbd49ad8842a@group-B3C658EF7596-SegmentedRaftLogWorker for RaftStorage:Storage Directory /workdir/hadoop-ozone/integration-test/target/test-dir/MiniOzoneClusterImpl-b5e44674-0749-41b5-a0d1-bb304d26ed7a/datanode-0/data/ratis/b7ffbff3-cb76-488e-a4ec-b3c658ef7596
2019-11-05 04:06:07,124 [pool-107-thread-1] INFO  server.RaftServerConfigKeys (ConfUtils.java:logGet(43)) - raft.server.log.queue.byte-limit = 2147483647 (custom)
2019-11-05 04:06:07,124 [pool-107-thread-1] INFO  server.RaftServerConfigKeys (ConfUtils.java:logGet(43)) - raft.server.log.queue.element-limit = 1024 (custom)
2019-11-05 04:06:07,124 [pool-107-thread-1] INFO  server.RaftServerConfigKeys (ConfUtils.java:logGet(43)) - raft.server.log.segment.size.max = 1048576 (custom)
2019-11-05 04:06:07,124 [pool-107-thread-1] INFO  server.RaftServerConfigKeys (ConfUtils.java:logGet(43)) - raft.server.log.preallocated.size = 16384 (custom)
2019-11-05 04:06:07,124 [pool-107-thread-1] INFO  server.RaftServerConfigKeys (ConfUtils.java:logGet(43)) - raft.server.log.write.buffer.size = 33554432 (custom)
2019-11-05 04:06:07,125 [pool-107-thread-1] INFO  server.RaftServerConfigKeys (ConfUtils.java:logGet(43)) - raft.server.log.force.sync.num = 128 (default)
2019-11-05 04:06:07,125 [pool-107-thread-1] INFO  server.RaftServerConfigKeys (ConfUtils.java:logGet(43)) - raft.server.log.statemachine.data.sync = true (default)
2019-11-05 04:06:07,125 [pool-107-thread-1] INFO  server.RaftServerConfigKeys (ConfUtils.java:logGet(43)) - raft.server.log.statemachine.data.sync.timeout = 10s (default)
2019-11-05 04:06:07,125 [pool-107-thread-1] INFO  server.RaftServerConfigKeys (ConfUtils.java:logGet(43)) - raft.server.log.statemachine.data.sync.timeout.retry = -1 (default)
2019-11-05 04:06:07,125 [pool-107-thread-1] INFO  server.RaftServerConfigKeys (ConfUtils.java:logGet(43)) - raft.server.log.statemachine.data.caching.enabled = true (custom)
2019-11-05 04:06:07,126 [pool-107-thread-1] INFO  segmented.SegmentedRaftLogWorker (SegmentedRaftLogWorker.java:lambda$new$0(128)) - 3bb84b5b-c269-4d26-bdfe-cbd49ad8842a@group-B3C658EF7596-SegmentedRaftLogWorker: flushIndex: setUnconditionally 0 -> -1
2019-11-05 04:06:07,126 [pool-107-thread-1] INFO  server.RaftServerConfigKeys (ConfUtils.java:logGet(43)) - raft.server.snapshot.auto.trigger.enabled = true (custom)
2019-11-05 04:06:07,126 [pool-107-thread-1] INFO  server.RaftServerConfigKeys (ConfUtils.java:logGet(43)) - raft.server.snapshot.auto.trigger.threshold = 10000 (custom)
2019-11-05 04:06:07,126 [pool-107-thread-1] INFO  server.RaftServerConfigKeys (ConfUtils.java:logGet(43)) - raft.server.snapshot.retention.file.num = 5 (custom)
2019-11-05 04:06:07,127 [pool-107-thread-1] INFO  server.RaftServerConfigKeys (ConfUtils.java:logGet(43)) - raft.server.retrycache.expirytime = 600000ms (custom)
2019-11-05 04:06:07,127 [pool-107-thread-1] WARN  impl.MetricRegistriesImpl (MetricRegistriesImpl.java:lambda$create$1(61)) - First MetricRegistry has been created without registering reporters. You may need to call MetricRegistries.global().addReportRegistration(...) before.
2019-11-05 04:06:07,127 [pool-107-thread-1] WARN  impl.MetricRegistriesImpl (MetricRegistriesImpl.java:lambda$create$1(61)) - First MetricRegistry has been created without registering reporters. You may need to call MetricRegistries.global().addReportRegistration(...) before.
2019-11-05 04:06:07,128 [pool-107-thread-1] INFO  impl.RaftServerImpl (RaftServerImpl.java:start(184)) - 3bb84b5b-c269-4d26-bdfe-cbd49ad8842a@group-B3C658EF7596: start as a follower, conf=-1: [3bb84b5b-c269-4d26-bdfe-cbd49ad8842a:192.168.164.209:36953], old=null
2019-11-05 04:06:07,128 [pool-107-thread-1] INFO  impl.RaftServerImpl (RaftServerImpl.java:setRole(173)) - 3bb84b5b-c269-4d26-bdfe-cbd49ad8842a@group-B3C658EF7596: changes role from      null to FOLLOWER at term 0 for startAsFollower
2019-11-05 04:06:07,128 [pool-107-thread-1] INFO  impl.RoleInfo (RoleInfo.java:updateAndGet(143)) - 3bb84b5b-c269-4d26-bdfe-cbd49ad8842a: start FollowerState
2019-11-05 04:06:07,129 [pool-107-thread-1] INFO  util.JmxRegister (JmxRegister.java:tryRegister(44)) - Successfully registered JMX Bean with object name Ratis:service=RaftServer,group=group-B3C658EF7596,id=3bb84b5b-c269-4d26-bdfe-cbd49ad8842a
2019-11-05 04:06:07,129 [pool-107-thread-1] WARN  impl.MetricRegistriesImpl (MetricRegistriesImpl.java:lambda$create$1(61)) - First MetricRegistry has been created without registering reporters. You may need to call MetricRegistries.global().addReportRegistration(...) before.
2019-11-05 04:06:07,139 [RatisPipelineUtilsThread] INFO  pipeline.PipelineStateManager (PipelineStateManager.java:addPipeline(56)) - Created pipeline Pipeline[ Id: b7ffbff3-cb76-488e-a4ec-b3c658ef7596, Nodes: 3bb84b5b-c269-4d26-bdfe-cbd49ad8842a{ip: 192.168.164.209, host: pr-hdds-1576-zlq79-596195737, networkLocation: /default-rack, certSerialId: null}, Type:RATIS, Factor:ONE, State:OPEN]
2019-11-05 04:06:07,150 [grpc-default-executor-0] INFO  impl.RaftServerProxy (RaftServerProxy.java:addNew(89)) - cbadd82d-93c1-4516-940b-a7bad1d4aa4b: addNew group-8136E5244E98:[cbadd82d-93c1-4516-940b-a7bad1d4aa4b:192.168.164.209:33133] returns group-8136E5244E98:java.util.concurrent.CompletableFuture@727f9cb8[Not completed]
2019-11-05 04:06:07,152 [pool-117-thread-1] INFO  impl.RaftServerImpl (RaftServerImpl.java:<init>(98)) - cbadd82d-93c1-4516-940b-a7bad1d4aa4b: new RaftServerImpl for group-8136E5244E98:[cbadd82d-93c1-4516-940b-a7bad1d4aa4b:192.168.164.209:33133] with ContainerStateMachine:uninitialized
2019-11-05 04:06:07,152 [pool-117-thread-1] INFO  server.RaftServerConfigKeys (ConfUtils.java:logGet(43)) - raft.server.rpc.timeout.min = 5s (custom)
2019-11-05 04:06:07,152 [pool-117-thread-1] INFO  server.RaftServerConfigKeys (ConfUtils.java:logGet(43)) - raft.server.rpc.timeout.max = 5200ms (custom)
2019-11-05 04:06:07,153 [pool-117-thread-1] INFO  server.RaftServerConfigKeys (ConfUtils.java:logGet(43)) - raft.server.rpcslowness.timeout = 120s (custom)
2019-11-05 04:06:07,153 [pool-117-thread-1] INFO  server.RaftServerConfigKeys (ConfUtils.java:logGet(43)) - raft.server.sleep.deviation.threshold = 300 (default)
2019-11-05 04:06:07,153 [pool-117-thread-1] INFO  server.RaftServerConfigKeys (ConfUtils.java:logGet(43)) - raft.server.log.appender.install.snapshot.enabled = false (custom)
2019-11-05 04:06:07,153 [pool-117-thread-1] INFO  impl.RaftServerImpl (ServerState.java:<init>(103)) - cbadd82d-93c1-4516-940b-a7bad1d4aa4b@group-8136E5244E98: ConfigurationManager, init=-1: [cbadd82d-93c1-4516-940b-a7bad1d4aa4b:192.168.164.209:33133], old=null, confs=<EMPTY_MAP>
2019-11-05 04:06:07,153 [pool-117-thread-1] INFO  server.RaftServerConfigKeys (ConfUtils.java:logGet(43)) - raft.server.storage.dir = [/workdir/hadoop-ozone/integration-test/target/test-dir/MiniOzoneClusterImpl-b5e44674-0749-41b5-a0d1-bb304d26ed7a/datanode-1/data/ratis] (custom)
2019-11-05 04:06:07,154 [pool-117-thread-1] INFO  server.RaftServerConfigKeys (ConfUtils.java:logGet(43)) - raft.server.log.corruption.policy = EXCEPTION (default)
2019-11-05 04:06:07,154 [pool-117-thread-1] INFO  storage.RaftStorageDirectory (RaftStorageDirectory.java:analyzeStorage(246)) - The storage directory /workdir/hadoop-ozone/integration-test/target/test-dir/MiniOzoneClusterImpl-b5e44674-0749-41b5-a0d1-bb304d26ed7a/datanode-1/data/ratis/7d59b4f1-066f-4ab7-8067-8136e5244e98 does not exist. Creating ...
2019-11-05 04:06:07,169 [pool-117-thread-1] INFO  storage.RaftStorageDirectory (RaftStorageDirectory.java:tryLock(328)) - Lock on /workdir/hadoop-ozone/integration-test/target/test-dir/MiniOzoneClusterImpl-b5e44674-0749-41b5-a0d1-bb304d26ed7a/datanode-1/data/ratis/7d59b4f1-066f-4ab7-8067-8136e5244e98/in_use.lock acquired by nodename 11196@pr-hdds-1576-zlq79-596195737
2019-11-05 04:06:07,179 [Thread-480] INFO  ozone.MiniOzoneClusterImpl (MiniOzoneClusterImpl.java:lambda$waitForClusterToBeReady$0(151)) - Waiting for cluster to be ready. Got 2 of 3 DN Heartbeats.
2019-11-05 04:06:07,182 [pool-117-thread-1] INFO  storage.RaftStorage (RaftStorage.java:format(84)) - Storage directory /workdir/hadoop-ozone/integration-test/target/test-dir/MiniOzoneClusterImpl-b5e44674-0749-41b5-a0d1-bb304d26ed7a/datanode-1/data/ratis/7d59b4f1-066f-4ab7-8067-8136e5244e98 has been successfully formatted.
2019-11-05 04:06:07,182 [IPC Server handler 4 on 35388] INFO  net.NetworkTopology (NetworkTopologyImpl.java:add(111)) - Added a new node: /default-rack/da3038ec-c4fd-4e11-9179-86b1e11d81da
2019-11-05 04:06:07,183 [IPC Server handler 4 on 35388] INFO  node.SCMNodeManager (SCMNodeManager.java:register(267)) - Registered Data node : da3038ec-c4fd-4e11-9179-86b1e11d81da{ip: 192.168.164.209, host: pr-hdds-1576-zlq79-596195737, networkLocation: /default-rack, certSerialId: null}
2019-11-05 04:06:07,183 [pool-117-thread-1] INFO  ratis.ContainerStateMachine (ContainerStateMachine.java:loadSnapshot(231)) - group-8136E5244E98: The snapshot info is null. Setting the last applied indexto:(t:0, i:~)
2019-11-05 04:06:07,183 [pool-117-thread-1] INFO  server.RaftServerConfigKeys (ConfUtils.java:logGet(43)) - raft.server.notification.no-leader.timeout = 120s (custom)
2019-11-05 04:06:07,183 [pool-117-thread-1] INFO  server.RaftServerConfigKeys (ConfUtils.java:logGet(43)) - raft.server.log.use.memory = false (default)
2019-11-05 04:06:07,184 [pool-117-thread-1] INFO  server.RaftServerConfigKeys (ConfUtils.java:logGet(43)) - raft.server.log.purge.gap = 1000000 (custom)
2019-11-05 04:06:07,184 [pool-117-thread-1] INFO  server.RaftServerConfigKeys (ConfUtils.java:logGet(43)) - raft.server.log.appender.buffer.byte-limit = 33554432 (custom)
2019-11-05 04:06:07,184 [pool-117-thread-1] INFO  server.RaftServerConfigKeys (ConfUtils.java:logGet(43)) - raft.server.log.segment.size.max = 1048576 (custom)
2019-11-05 04:06:07,184 [pool-117-thread-1] WARN  impl.MetricRegistriesImpl (MetricRegistriesImpl.java:lambda$create$1(61)) - First MetricRegistry has been created without registering reporters. You may need to call MetricRegistries.global().addReportRegistration(...) before.
2019-11-05 04:06:07,185 [pool-117-thread-1] INFO  server.RaftServerConfigKeys (ConfUtils.java:logGet(43)) - raft.server.log.segment.cache.num.max = 2 (custom)
2019-11-05 04:06:07,185 [pool-117-thread-1] INFO  segmented.SegmentedRaftLogWorker (SegmentedRaftLogWorker.java:<init>(173)) - new cbadd82d-93c1-4516-940b-a7bad1d4aa4b@group-8136E5244E98-SegmentedRaftLogWorker for RaftStorage:Storage Directory /workdir/hadoop-ozone/integration-test/target/test-dir/MiniOzoneClusterImpl-b5e44674-0749-41b5-a0d1-bb304d26ed7a/datanode-1/data/ratis/7d59b4f1-066f-4ab7-8067-8136e5244e98
2019-11-05 04:06:07,185 [pool-117-thread-1] INFO  server.RaftServerConfigKeys (ConfUtils.java:logGet(43)) - raft.server.log.queue.byte-limit = 2147483647 (custom)
2019-11-05 04:06:07,185 [pool-117-thread-1] INFO  server.RaftServerConfigKeys (ConfUtils.java:logGet(43)) - raft.server.log.queue.element-limit = 1024 (custom)
2019-11-05 04:06:07,186 [pool-117-thread-1] INFO  server.RaftServerConfigKeys (ConfUtils.java:logGet(43)) - raft.server.log.segment.size.max = 1048576 (custom)
2019-11-05 04:06:07,186 [pool-117-thread-1] INFO  server.RaftServerConfigKeys (ConfUtils.java:logGet(43)) - raft.server.log.preallocated.size = 16384 (custom)
2019-11-05 04:06:07,186 [pool-117-thread-1] INFO  server.RaftServerConfigKeys (ConfUtils.java:logGet(43)) - raft.server.log.write.buffer.size = 33554432 (custom)
2019-11-05 04:06:07,186 [pool-117-thread-1] INFO  server.RaftServerConfigKeys (ConfUtils.java:logGet(43)) - raft.server.log.force.sync.num = 128 (default)
2019-11-05 04:06:07,186 [pool-117-thread-1] INFO  server.RaftServerConfigKeys (ConfUtils.java:logGet(43)) - raft.server.log.statemachine.data.sync = true (default)
2019-11-05 04:06:07,187 [pool-117-thread-1] INFO  server.RaftServerConfigKeys (ConfUtils.java:logGet(43)) - raft.server.log.statemachine.data.sync.timeout = 10s (default)
2019-11-05 04:06:07,187 [pool-117-thread-1] INFO  server.RaftServerConfigKeys (ConfUtils.java:logGet(43)) - raft.server.log.statemachine.data.sync.timeout.retry = -1 (default)
2019-11-05 04:06:07,187 [pool-117-thread-1] INFO  server.RaftServerConfigKeys (ConfUtils.java:logGet(43)) - raft.server.log.statemachine.data.caching.enabled = true (custom)
2019-11-05 04:06:07,188 [pool-117-thread-1] INFO  segmented.SegmentedRaftLogWorker (SegmentedRaftLogWorker.java:lambda$new$0(128)) - cbadd82d-93c1-4516-940b-a7bad1d4aa4b@group-8136E5244E98-SegmentedRaftLogWorker: flushIndex: setUnconditionally 0 -> -1
2019-11-05 04:06:07,188 [pool-117-thread-1] INFO  server.RaftServerConfigKeys (ConfUtils.java:logGet(43)) - raft.server.snapshot.auto.trigger.enabled = true (custom)
2019-11-05 04:06:07,189 [pool-117-thread-1] INFO  server.RaftServerConfigKeys (ConfUtils.java:logGet(43)) - raft.server.snapshot.auto.trigger.threshold = 10000 (custom)
2019-11-05 04:06:07,189 [pool-117-thread-1] INFO  server.RaftServerConfigKeys (ConfUtils.java:logGet(43)) - raft.server.snapshot.retention.file.num = 5 (custom)
2019-11-05 04:06:07,189 [pool-117-thread-1] INFO  server.RaftServerConfigKeys (ConfUtils.java:logGet(43)) - raft.server.retrycache.expirytime = 600000ms (custom)
2019-11-05 04:06:07,189 [pool-117-thread-1] WARN  impl.MetricRegistriesImpl (MetricRegistriesImpl.java:lambda$create$1(61)) - First MetricRegistry has been created without registering reporters. You may need to call MetricRegistries.global().addReportRegistration(...) before.
2019-11-05 04:06:07,190 [pool-117-thread-1] WARN  impl.MetricRegistriesImpl (MetricRegistriesImpl.java:lambda$create$1(61)) - First MetricRegistry has been created without registering reporters. You may need to call MetricRegistries.global().addReportRegistration(...) before.
2019-11-05 04:06:07,190 [pool-117-thread-1] INFO  impl.RaftServerImpl (RaftServerImpl.java:start(184)) - cbadd82d-93c1-4516-940b-a7bad1d4aa4b@group-8136E5244E98: start as a follower, conf=-1: [cbadd82d-93c1-4516-940b-a7bad1d4aa4b:192.168.164.209:33133], old=null
2019-11-05 04:06:07,190 [pool-117-thread-1] INFO  impl.RaftServerImpl (RaftServerImpl.java:setRole(173)) - cbadd82d-93c1-4516-940b-a7bad1d4aa4b@group-8136E5244E98: changes role from      null to FOLLOWER at term 0 for startAsFollower
2019-11-05 04:06:07,191 [pool-117-thread-1] INFO  impl.RoleInfo (RoleInfo.java:updateAndGet(143)) - cbadd82d-93c1-4516-940b-a7bad1d4aa4b: start FollowerState
2019-11-05 04:06:07,191 [pool-117-thread-1] INFO  util.JmxRegister (JmxRegister.java:tryRegister(44)) - Successfully registered JMX Bean with object name Ratis:service=RaftServer,group=group-8136E5244E98,id=cbadd82d-93c1-4516-940b-a7bad1d4aa4b
2019-11-05 04:06:07,191 [pool-117-thread-1] WARN  impl.MetricRegistriesImpl (MetricRegistriesImpl.java:lambda$create$1(61)) - First MetricRegistry has been created without registering reporters. You may need to call MetricRegistries.global().addReportRegistration(...) before.
2019-11-05 04:06:07,195 [RatisPipelineUtilsThread] INFO  pipeline.PipelineStateManager (PipelineStateManager.java:addPipeline(56)) - Created pipeline Pipeline[ Id: 7d59b4f1-066f-4ab7-8067-8136e5244e98, Nodes: cbadd82d-93c1-4516-940b-a7bad1d4aa4b{ip: 192.168.164.209, host: pr-hdds-1576-zlq79-596195737, networkLocation: /default-rack, certSerialId: null}, Type:RATIS, Factor:ONE, State:OPEN]
2019-11-05 04:06:07,202 [grpc-default-executor-0] INFO  impl.RaftServerProxy (RaftServerProxy.java:addNew(89)) - da3038ec-c4fd-4e11-9179-86b1e11d81da: addNew group-6D5B6AC00E2F:[da3038ec-c4fd-4e11-9179-86b1e11d81da:192.168.164.209:42661] returns group-6D5B6AC00E2F:java.util.concurrent.CompletableFuture@676f4e1d[Not completed]
2019-11-05 04:06:07,203 [pool-127-thread-1] INFO  impl.RaftServerImpl (RaftServerImpl.java:<init>(98)) - da3038ec-c4fd-4e11-9179-86b1e11d81da: new RaftServerImpl for group-6D5B6AC00E2F:[da3038ec-c4fd-4e11-9179-86b1e11d81da:192.168.164.209:42661] with ContainerStateMachine:uninitialized
2019-11-05 04:06:07,204 [pool-127-thread-1] INFO  server.RaftServerConfigKeys (ConfUtils.java:logGet(43)) - raft.server.rpc.timeout.min = 5s (custom)
2019-11-05 04:06:07,204 [pool-127-thread-1] INFO  server.RaftServerConfigKeys (ConfUtils.java:logGet(43)) - raft.server.rpc.timeout.max = 5200ms (custom)
2019-11-05 04:06:07,204 [pool-127-thread-1] INFO  server.RaftServerConfigKeys (ConfUtils.java:logGet(43)) - raft.server.rpcslowness.timeout = 120s (custom)
2019-11-05 04:06:07,204 [pool-127-thread-1] INFO  server.RaftServerConfigKeys (ConfUtils.java:logGet(43)) - raft.server.sleep.deviation.threshold = 300 (default)
2019-11-05 04:06:07,204 [pool-127-thread-1] INFO  server.RaftServerConfigKeys (ConfUtils.java:logGet(43)) - raft.server.log.appender.install.snapshot.enabled = false (custom)
2019-11-05 04:06:07,204 [pool-127-thread-1] INFO  impl.RaftServerImpl (ServerState.java:<init>(103)) - da3038ec-c4fd-4e11-9179-86b1e11d81da@group-6D5B6AC00E2F: ConfigurationManager, init=-1: [da3038ec-c4fd-4e11-9179-86b1e11d81da:192.168.164.209:42661], old=null, confs=<EMPTY_MAP>
2019-11-05 04:06:07,204 [pool-127-thread-1] INFO  server.RaftServerConfigKeys (ConfUtils.java:logGet(43)) - raft.server.storage.dir = [/workdir/hadoop-ozone/integration-test/target/test-dir/MiniOzoneClusterImpl-b5e44674-0749-41b5-a0d1-bb304d26ed7a/datanode-2/data/ratis] (custom)
2019-11-05 04:06:07,204 [pool-127-thread-1] INFO  server.RaftServerConfigKeys (ConfUtils.java:logGet(43)) - raft.server.log.corruption.policy = EXCEPTION (default)
2019-11-05 04:06:07,205 [pool-127-thread-1] INFO  storage.RaftStorageDirectory (RaftStorageDirectory.java:analyzeStorage(246)) - The storage directory /workdir/hadoop-ozone/integration-test/target/test-dir/MiniOzoneClusterImpl-b5e44674-0749-41b5-a0d1-bb304d26ed7a/datanode-2/data/ratis/7e1ad365-8a77-486b-a30c-6d5b6ac00e2f does not exist. Creating ...
2019-11-05 04:06:07,217 [pool-127-thread-1] INFO  storage.RaftStorageDirectory (RaftStorageDirectory.java:tryLock(328)) - Lock on /workdir/hadoop-ozone/integration-test/target/test-dir/MiniOzoneClusterImpl-b5e44674-0749-41b5-a0d1-bb304d26ed7a/datanode-2/data/ratis/7e1ad365-8a77-486b-a30c-6d5b6ac00e2f/in_use.lock acquired by nodename 11196@pr-hdds-1576-zlq79-596195737
2019-11-05 04:06:07,229 [pool-127-thread-1] INFO  storage.RaftStorage (RaftStorage.java:format(84)) - Storage directory /workdir/hadoop-ozone/integration-test/target/test-dir/MiniOzoneClusterImpl-b5e44674-0749-41b5-a0d1-bb304d26ed7a/datanode-2/data/ratis/7e1ad365-8a77-486b-a30c-6d5b6ac00e2f has been successfully formatted.
2019-11-05 04:06:07,230 [pool-127-thread-1] INFO  ratis.ContainerStateMachine (ContainerStateMachine.java:loadSnapshot(231)) - group-6D5B6AC00E2F: The snapshot info is null. Setting the last applied indexto:(t:0, i:~)
2019-11-05 04:06:07,230 [pool-127-thread-1] INFO  server.RaftServerConfigKeys (ConfUtils.java:logGet(43)) - raft.server.notification.no-leader.timeout = 120s (custom)
2019-11-05 04:06:07,230 [pool-127-thread-1] INFO  server.RaftServerConfigKeys (ConfUtils.java:logGet(43)) - raft.server.log.use.memory = false (default)
2019-11-05 04:06:07,230 [pool-127-thread-1] INFO  server.RaftServerConfigKeys (ConfUtils.java:logGet(43)) - raft.server.log.purge.gap = 1000000 (custom)
2019-11-05 04:06:07,230 [pool-127-thread-1] INFO  server.RaftServerConfigKeys (ConfUtils.java:logGet(43)) - raft.server.log.appender.buffer.byte-limit = 33554432 (custom)
2019-11-05 04:06:07,230 [pool-127-thread-1] INFO  server.RaftServerConfigKeys (ConfUtils.java:logGet(43)) - raft.server.log.segment.size.max = 1048576 (custom)
2019-11-05 04:06:07,230 [pool-127-thread-1] WARN  impl.MetricRegistriesImpl (MetricRegistriesImpl.java:lambda$create$1(61)) - First MetricRegistry has been created without registering reporters. You may need to call MetricRegistries.global().addReportRegistration(...) before.
2019-11-05 04:06:07,230 [pool-127-thread-1] INFO  server.RaftServerConfigKeys (ConfUtils.java:logGet(43)) - raft.server.log.segment.cache.num.max = 2 (custom)
2019-11-05 04:06:07,231 [pool-127-thread-1] INFO  segmented.SegmentedRaftLogWorker (SegmentedRaftLogWorker.java:<init>(173)) - new da3038ec-c4fd-4e11-9179-86b1e11d81da@group-6D5B6AC00E2F-SegmentedRaftLogWorker for RaftStorage:Storage Directory /workdir/hadoop-ozone/integration-test/target/test-dir/MiniOzoneClusterImpl-b5e44674-0749-41b5-a0d1-bb304d26ed7a/datanode-2/data/ratis/7e1ad365-8a77-486b-a30c-6d5b6ac00e2f
2019-11-05 04:06:07,231 [pool-127-thread-1] INFO  server.RaftServerConfigKeys (ConfUtils.java:logGet(43)) - raft.server.log.queue.byte-limit = 2147483647 (custom)
2019-11-05 04:06:07,231 [pool-127-thread-1] INFO  server.RaftServerConfigKeys (ConfUtils.java:logGet(43)) - raft.server.log.queue.element-limit = 1024 (custom)
2019-11-05 04:06:07,231 [pool-127-thread-1] INFO  server.RaftServerConfigKeys (ConfUtils.java:logGet(43)) - raft.server.log.segment.size.max = 1048576 (custom)
2019-11-05 04:06:07,231 [pool-127-thread-1] INFO  server.RaftServerConfigKeys (ConfUtils.java:logGet(43)) - raft.server.log.preallocated.size = 16384 (custom)
2019-11-05 04:06:07,231 [pool-127-thread-1] INFO  server.RaftServerConfigKeys (ConfUtils.java:logGet(43)) - raft.server.log.write.buffer.size = 33554432 (custom)
2019-11-05 04:06:07,231 [pool-127-thread-1] INFO  server.RaftServerConfigKeys (ConfUtils.java:logGet(43)) - raft.server.log.force.sync.num = 128 (default)
2019-11-05 04:06:07,231 [pool-127-thread-1] INFO  server.RaftServerConfigKeys (ConfUtils.java:logGet(43)) - raft.server.log.statemachine.data.sync = true (default)
2019-11-05 04:06:07,231 [pool-127-thread-1] INFO  server.RaftServerConfigKeys (ConfUtils.java:logGet(43)) - raft.server.log.statemachine.data.sync.timeout = 10s (default)
2019-11-05 04:06:07,232 [pool-127-thread-1] INFO  server.RaftServerConfigKeys (ConfUtils.java:logGet(43)) - raft.server.log.statemachine.data.sync.timeout.retry = -1 (default)
2019-11-05 04:06:07,232 [pool-127-thread-1] INFO  server.RaftServerConfigKeys (ConfUtils.java:logGet(43)) - raft.server.log.statemachine.data.caching.enabled = true (custom)
2019-11-05 04:06:07,232 [pool-127-thread-1] INFO  segmented.SegmentedRaftLogWorker (SegmentedRaftLogWorker.java:lambda$new$0(128)) - da3038ec-c4fd-4e11-9179-86b1e11d81da@group-6D5B6AC00E2F-SegmentedRaftLogWorker: flushIndex: setUnconditionally 0 -> -1
2019-11-05 04:06:07,232 [pool-127-thread-1] INFO  server.RaftServerConfigKeys (ConfUtils.java:logGet(43)) - raft.server.snapshot.auto.trigger.enabled = true (custom)
2019-11-05 04:06:07,232 [pool-127-thread-1] INFO  server.RaftServerConfigKeys (ConfUtils.java:logGet(43)) - raft.server.snapshot.auto.trigger.threshold = 10000 (custom)
2019-11-05 04:06:07,233 [pool-127-thread-1] INFO  server.RaftServerConfigKeys (ConfUtils.java:logGet(43)) - raft.server.snapshot.retention.file.num = 5 (custom)
2019-11-05 04:06:07,233 [pool-127-thread-1] INFO  server.RaftServerConfigKeys (ConfUtils.java:logGet(43)) - raft.server.retrycache.expirytime = 600000ms (custom)
2019-11-05 04:06:07,233 [pool-127-thread-1] WARN  impl.MetricRegistriesImpl (MetricRegistriesImpl.java:lambda$create$1(61)) - First MetricRegistry has been created without registering reporters. You may need to call MetricRegistries.global().addReportRegistration(...) before.
2019-11-05 04:06:07,233 [pool-127-thread-1] WARN  impl.MetricRegistriesImpl (MetricRegistriesImpl.java:lambda$create$1(61)) - First MetricRegistry has been created without registering reporters. You may need to call MetricRegistries.global().addReportRegistration(...) before.
2019-11-05 04:06:07,233 [pool-127-thread-1] INFO  impl.RaftServerImpl (RaftServerImpl.java:start(184)) - da3038ec-c4fd-4e11-9179-86b1e11d81da@group-6D5B6AC00E2F: start as a follower, conf=-1: [da3038ec-c4fd-4e11-9179-86b1e11d81da:192.168.164.209:42661], old=null
2019-11-05 04:06:07,233 [pool-127-thread-1] INFO  impl.RaftServerImpl (RaftServerImpl.java:setRole(173)) - da3038ec-c4fd-4e11-9179-86b1e11d81da@group-6D5B6AC00E2F: changes role from      null to FOLLOWER at term 0 for startAsFollower
2019-11-05 04:06:07,233 [pool-127-thread-1] INFO  impl.RoleInfo (RoleInfo.java:updateAndGet(143)) - da3038ec-c4fd-4e11-9179-86b1e11d81da: start FollowerState
2019-11-05 04:06:07,234 [pool-127-thread-1] INFO  util.JmxRegister (JmxRegister.java:tryRegister(44)) - Successfully registered JMX Bean with object name Ratis:service=RaftServer,group=group-6D5B6AC00E2F,id=da3038ec-c4fd-4e11-9179-86b1e11d81da
2019-11-05 04:06:07,234 [pool-127-thread-1] WARN  impl.MetricRegistriesImpl (MetricRegistriesImpl.java:lambda$create$1(61)) - First MetricRegistry has been created without registering reporters. You may need to call MetricRegistries.global().addReportRegistration(...) before.
2019-11-05 04:06:07,237 [RatisPipelineUtilsThread] INFO  pipeline.PipelineStateManager (PipelineStateManager.java:addPipeline(56)) - Created pipeline Pipeline[ Id: 7e1ad365-8a77-486b-a30c-6d5b6ac00e2f, Nodes: da3038ec-c4fd-4e11-9179-86b1e11d81da{ip: 192.168.164.209, host: pr-hdds-1576-zlq79-596195737, networkLocation: /default-rack, certSerialId: null}, Type:RATIS, Factor:ONE, State:OPEN]
2019-11-05 04:06:07,238 [RatisPipelineUtilsThread] ERROR pipeline.SCMPipelineManager (SCMPipelineManager.java:createPipeline(161)) - Pipeline creation failed.
org.apache.hadoop.hdds.scm.exceptions.SCMException: Cannot create pipeline of factor 1 using 0 nodes. Used 3 nodes. Healthy nodes 3
	at org.apache.hadoop.hdds.scm.pipeline.RatisPipelineProvider.pickNodesNeverUsed(RatisPipelineProvider.java:128)
	at org.apache.hadoop.hdds.scm.pipeline.RatisPipelineProvider.create(RatisPipelineProvider.java:174)
	at org.apache.hadoop.hdds.scm.pipeline.PipelineFactory.create(PipelineFactory.java:58)
	at org.apache.hadoop.hdds.scm.pipeline.SCMPipelineManager.createPipeline(SCMPipelineManager.java:151)
	at org.apache.hadoop.hdds.scm.pipeline.BackgroundPipelineCreator.createPipelines(BackgroundPipelineCreator.java:100)
	at java.util.concurrent.Executors$RunnableAdapter.call(Executors.java:511)
	at java.util.concurrent.FutureTask.run(FutureTask.java:266)
	at java.util.concurrent.ScheduledThreadPoolExecutor$ScheduledFutureTask.access$201(ScheduledThreadPoolExecutor.java:180)
	at java.util.concurrent.ScheduledThreadPoolExecutor$ScheduledFutureTask.run(ScheduledThreadPoolExecutor.java:293)
	at java.util.concurrent.ThreadPoolExecutor.runWorker(ThreadPoolExecutor.java:1149)
	at java.util.concurrent.ThreadPoolExecutor$Worker.run(ThreadPoolExecutor.java:624)
	at java.lang.Thread.run(Thread.java:748)
2019-11-05 04:06:07,247 [grpc-default-executor-2] INFO  impl.RaftServerProxy (RaftServerProxy.java:addNew(89)) - 3bb84b5b-c269-4d26-bdfe-cbd49ad8842a: addNew group-09860E25AFE5:[da3038ec-c4fd-4e11-9179-86b1e11d81da:192.168.164.209:42661, 3bb84b5b-c269-4d26-bdfe-cbd49ad8842a:192.168.164.209:36953, cbadd82d-93c1-4516-940b-a7bad1d4aa4b:192.168.164.209:33133] returns group-09860E25AFE5:java.util.concurrent.CompletableFuture@43df18df[Not completed]
2019-11-05 04:06:07,248 [grpc-default-executor-2] INFO  impl.RaftServerProxy (RaftServerProxy.java:addNew(89)) - cbadd82d-93c1-4516-940b-a7bad1d4aa4b: addNew group-09860E25AFE5:[da3038ec-c4fd-4e11-9179-86b1e11d81da:192.168.164.209:42661, 3bb84b5b-c269-4d26-bdfe-cbd49ad8842a:192.168.164.209:36953, cbadd82d-93c1-4516-940b-a7bad1d4aa4b:192.168.164.209:33133] returns group-09860E25AFE5:java.util.concurrent.CompletableFuture@6dd9ec0[Not completed]
2019-11-05 04:06:07,248 [grpc-default-executor-1] INFO  impl.RaftServerProxy (RaftServerProxy.java:addNew(89)) - da3038ec-c4fd-4e11-9179-86b1e11d81da: addNew group-09860E25AFE5:[da3038ec-c4fd-4e11-9179-86b1e11d81da:192.168.164.209:42661, 3bb84b5b-c269-4d26-bdfe-cbd49ad8842a:192.168.164.209:36953, cbadd82d-93c1-4516-940b-a7bad1d4aa4b:192.168.164.209:33133] returns group-09860E25AFE5:java.util.concurrent.CompletableFuture@ddb6dc9[Not completed]
2019-11-05 04:06:07,249 [pool-107-thread-1] INFO  impl.RaftServerImpl (RaftServerImpl.java:<init>(98)) - 3bb84b5b-c269-4d26-bdfe-cbd49ad8842a: new RaftServerImpl for group-09860E25AFE5:[da3038ec-c4fd-4e11-9179-86b1e11d81da:192.168.164.209:42661, 3bb84b5b-c269-4d26-bdfe-cbd49ad8842a:192.168.164.209:36953, cbadd82d-93c1-4516-940b-a7bad1d4aa4b:192.168.164.209:33133] with ContainerStateMachine:uninitialized
2019-11-05 04:06:07,249 [pool-107-thread-1] INFO  server.RaftServerConfigKeys (ConfUtils.java:logGet(43)) - raft.server.rpc.timeout.min = 5s (custom)
2019-11-05 04:06:07,249 [pool-107-thread-1] INFO  server.RaftServerConfigKeys (ConfUtils.java:logGet(43)) - raft.server.rpc.timeout.max = 5200ms (custom)
2019-11-05 04:06:07,249 [pool-107-thread-1] INFO  server.RaftServerConfigKeys (ConfUtils.java:logGet(43)) - raft.server.rpcslowness.timeout = 120s (custom)
2019-11-05 04:06:07,249 [pool-107-thread-1] INFO  server.RaftServerConfigKeys (ConfUtils.java:logGet(43)) - raft.server.sleep.deviation.threshold = 300 (default)
2019-11-05 04:06:07,249 [pool-107-thread-1] INFO  server.RaftServerConfigKeys (ConfUtils.java:logGet(43)) - raft.server.log.appender.install.snapshot.enabled = false (custom)
2019-11-05 04:06:07,249 [pool-107-thread-1] INFO  impl.RaftServerImpl (ServerState.java:<init>(103)) - 3bb84b5b-c269-4d26-bdfe-cbd49ad8842a@group-09860E25AFE5: ConfigurationManager, init=-1: [da3038ec-c4fd-4e11-9179-86b1e11d81da:192.168.164.209:42661, 3bb84b5b-c269-4d26-bdfe-cbd49ad8842a:192.168.164.209:36953, cbadd82d-93c1-4516-940b-a7bad1d4aa4b:192.168.164.209:33133], old=null, confs=<EMPTY_MAP>
2019-11-05 04:06:07,250 [pool-107-thread-1] INFO  server.RaftServerConfigKeys (ConfUtils.java:logGet(43)) - raft.server.storage.dir = [/workdir/hadoop-ozone/integration-test/target/test-dir/MiniOzoneClusterImpl-b5e44674-0749-41b5-a0d1-bb304d26ed7a/datanode-0/data/ratis] (custom)
2019-11-05 04:06:07,250 [pool-117-thread-1] INFO  impl.RaftServerImpl (RaftServerImpl.java:<init>(98)) - cbadd82d-93c1-4516-940b-a7bad1d4aa4b: new RaftServerImpl for group-09860E25AFE5:[da3038ec-c4fd-4e11-9179-86b1e11d81da:192.168.164.209:42661, 3bb84b5b-c269-4d26-bdfe-cbd49ad8842a:192.168.164.209:36953, cbadd82d-93c1-4516-940b-a7bad1d4aa4b:192.168.164.209:33133] with ContainerStateMachine:uninitialized
2019-11-05 04:06:07,250 [pool-117-thread-1] INFO  server.RaftServerConfigKeys (ConfUtils.java:logGet(43)) - raft.server.rpc.timeout.min = 5s (custom)
2019-11-05 04:06:07,250 [pool-107-thread-1] INFO  server.RaftServerConfigKeys (ConfUtils.java:logGet(43)) - raft.server.log.corruption.policy = EXCEPTION (default)
2019-11-05 04:06:07,250 [pool-127-thread-1] INFO  impl.RaftServerImpl (RaftServerImpl.java:<init>(98)) - da3038ec-c4fd-4e11-9179-86b1e11d81da: new RaftServerImpl for group-09860E25AFE5:[da3038ec-c4fd-4e11-9179-86b1e11d81da:192.168.164.209:42661, 3bb84b5b-c269-4d26-bdfe-cbd49ad8842a:192.168.164.209:36953, cbadd82d-93c1-4516-940b-a7bad1d4aa4b:192.168.164.209:33133] with ContainerStateMachine:uninitialized
2019-11-05 04:06:07,250 [pool-117-thread-1] INFO  server.RaftServerConfigKeys (ConfUtils.java:logGet(43)) - raft.server.rpc.timeout.max = 5200ms (custom)
2019-11-05 04:06:07,250 [pool-107-thread-1] INFO  storage.RaftStorageDirectory (RaftStorageDirectory.java:analyzeStorage(246)) - The storage directory /workdir/hadoop-ozone/integration-test/target/test-dir/MiniOzoneClusterImpl-b5e44674-0749-41b5-a0d1-bb304d26ed7a/datanode-0/data/ratis/fc802d96-8d18-4315-8998-09860e25afe5 does not exist. Creating ...
2019-11-05 04:06:07,250 [pool-127-thread-1] INFO  server.RaftServerConfigKeys (ConfUtils.java:logGet(43)) - raft.server.rpc.timeout.min = 5s (custom)
2019-11-05 04:06:07,251 [pool-117-thread-1] INFO  server.RaftServerConfigKeys (ConfUtils.java:logGet(43)) - raft.server.rpcslowness.timeout = 120s (custom)
2019-11-05 04:06:07,251 [pool-127-thread-1] INFO  server.RaftServerConfigKeys (ConfUtils.java:logGet(43)) - raft.server.rpc.timeout.max = 5200ms (custom)
2019-11-05 04:06:07,251 [pool-117-thread-1] INFO  server.RaftServerConfigKeys (ConfUtils.java:logGet(43)) - raft.server.sleep.deviation.threshold = 300 (default)
2019-11-05 04:06:07,251 [pool-127-thread-1] INFO  server.RaftServerConfigKeys (ConfUtils.java:logGet(43)) - raft.server.rpcslowness.timeout = 120s (custom)
2019-11-05 04:06:07,251 [pool-117-thread-1] INFO  server.RaftServerConfigKeys (ConfUtils.java:logGet(43)) - raft.server.log.appender.install.snapshot.enabled = false (custom)
2019-11-05 04:06:07,251 [pool-127-thread-1] INFO  server.RaftServerConfigKeys (ConfUtils.java:logGet(43)) - raft.server.sleep.deviation.threshold = 300 (default)
2019-11-05 04:06:07,251 [pool-117-thread-1] INFO  impl.RaftServerImpl (ServerState.java:<init>(103)) - cbadd82d-93c1-4516-940b-a7bad1d4aa4b@group-09860E25AFE5: ConfigurationManager, init=-1: [da3038ec-c4fd-4e11-9179-86b1e11d81da:192.168.164.209:42661, 3bb84b5b-c269-4d26-bdfe-cbd49ad8842a:192.168.164.209:36953, cbadd82d-93c1-4516-940b-a7bad1d4aa4b:192.168.164.209:33133], old=null, confs=<EMPTY_MAP>
2019-11-05 04:06:07,251 [pool-127-thread-1] INFO  server.RaftServerConfigKeys (ConfUtils.java:logGet(43)) - raft.server.log.appender.install.snapshot.enabled = false (custom)
2019-11-05 04:06:07,252 [pool-117-thread-1] INFO  server.RaftServerConfigKeys (ConfUtils.java:logGet(43)) - raft.server.storage.dir = [/workdir/hadoop-ozone/integration-test/target/test-dir/MiniOzoneClusterImpl-b5e44674-0749-41b5-a0d1-bb304d26ed7a/datanode-1/data/ratis] (custom)
2019-11-05 04:06:07,252 [pool-127-thread-1] INFO  impl.RaftServerImpl (ServerState.java:<init>(103)) - da3038ec-c4fd-4e11-9179-86b1e11d81da@group-09860E25AFE5: ConfigurationManager, init=-1: [da3038ec-c4fd-4e11-9179-86b1e11d81da:192.168.164.209:42661, 3bb84b5b-c269-4d26-bdfe-cbd49ad8842a:192.168.164.209:36953, cbadd82d-93c1-4516-940b-a7bad1d4aa4b:192.168.164.209:33133], old=null, confs=<EMPTY_MAP>
2019-11-05 04:06:07,252 [pool-127-thread-1] INFO  server.RaftServerConfigKeys (ConfUtils.java:logGet(43)) - raft.server.storage.dir = [/workdir/hadoop-ozone/integration-test/target/test-dir/MiniOzoneClusterImpl-b5e44674-0749-41b5-a0d1-bb304d26ed7a/datanode-2/data/ratis] (custom)
2019-11-05 04:06:07,252 [pool-117-thread-1] INFO  server.RaftServerConfigKeys (ConfUtils.java:logGet(43)) - raft.server.log.corruption.policy = EXCEPTION (default)
2019-11-05 04:06:07,252 [pool-127-thread-1] INFO  server.RaftServerConfigKeys (ConfUtils.java:logGet(43)) - raft.server.log.corruption.policy = EXCEPTION (default)
2019-11-05 04:06:07,252 [pool-117-thread-1] INFO  storage.RaftStorageDirectory (RaftStorageDirectory.java:analyzeStorage(246)) - The storage directory /workdir/hadoop-ozone/integration-test/target/test-dir/MiniOzoneClusterImpl-b5e44674-0749-41b5-a0d1-bb304d26ed7a/datanode-1/data/ratis/fc802d96-8d18-4315-8998-09860e25afe5 does not exist. Creating ...
2019-11-05 04:06:07,252 [pool-127-thread-1] INFO  storage.RaftStorageDirectory (RaftStorageDirectory.java:analyzeStorage(246)) - The storage directory /workdir/hadoop-ozone/integration-test/target/test-dir/MiniOzoneClusterImpl-b5e44674-0749-41b5-a0d1-bb304d26ed7a/datanode-2/data/ratis/fc802d96-8d18-4315-8998-09860e25afe5 does not exist. Creating ...
2019-11-05 04:06:07,264 [pool-107-thread-1] INFO  storage.RaftStorageDirectory (RaftStorageDirectory.java:tryLock(328)) - Lock on /workdir/hadoop-ozone/integration-test/target/test-dir/MiniOzoneClusterImpl-b5e44674-0749-41b5-a0d1-bb304d26ed7a/datanode-0/data/ratis/fc802d96-8d18-4315-8998-09860e25afe5/in_use.lock acquired by nodename 11196@pr-hdds-1576-zlq79-596195737
2019-11-05 04:06:07,264 [pool-117-thread-1] INFO  storage.RaftStorageDirectory (RaftStorageDirectory.java:tryLock(328)) - Lock on /workdir/hadoop-ozone/integration-test/target/test-dir/MiniOzoneClusterImpl-b5e44674-0749-41b5-a0d1-bb304d26ed7a/datanode-1/data/ratis/fc802d96-8d18-4315-8998-09860e25afe5/in_use.lock acquired by nodename 11196@pr-hdds-1576-zlq79-596195737
2019-11-05 04:06:07,264 [pool-127-thread-1] INFO  storage.RaftStorageDirectory (RaftStorageDirectory.java:tryLock(328)) - Lock on /workdir/hadoop-ozone/integration-test/target/test-dir/MiniOzoneClusterImpl-b5e44674-0749-41b5-a0d1-bb304d26ed7a/datanode-2/data/ratis/fc802d96-8d18-4315-8998-09860e25afe5/in_use.lock acquired by nodename 11196@pr-hdds-1576-zlq79-596195737
2019-11-05 04:06:07,279 [pool-127-thread-1] INFO  storage.RaftStorage (RaftStorage.java:format(84)) - Storage directory /workdir/hadoop-ozone/integration-test/target/test-dir/MiniOzoneClusterImpl-b5e44674-0749-41b5-a0d1-bb304d26ed7a/datanode-2/data/ratis/fc802d96-8d18-4315-8998-09860e25afe5 has been successfully formatted.
2019-11-05 04:06:07,279 [pool-117-thread-1] INFO  storage.RaftStorage (RaftStorage.java:format(84)) - Storage directory /workdir/hadoop-ozone/integration-test/target/test-dir/MiniOzoneClusterImpl-b5e44674-0749-41b5-a0d1-bb304d26ed7a/datanode-1/data/ratis/fc802d96-8d18-4315-8998-09860e25afe5 has been successfully formatted.
2019-11-05 04:06:07,279 [pool-107-thread-1] INFO  storage.RaftStorage (RaftStorage.java:format(84)) - Storage directory /workdir/hadoop-ozone/integration-test/target/test-dir/MiniOzoneClusterImpl-b5e44674-0749-41b5-a0d1-bb304d26ed7a/datanode-0/data/ratis/fc802d96-8d18-4315-8998-09860e25afe5 has been successfully formatted.
2019-11-05 04:06:07,279 [pool-117-thread-1] INFO  ratis.ContainerStateMachine (ContainerStateMachine.java:loadSnapshot(231)) - group-09860E25AFE5: The snapshot info is null. Setting the last applied indexto:(t:0, i:~)
2019-11-05 04:06:07,279 [pool-127-thread-1] INFO  ratis.ContainerStateMachine (ContainerStateMachine.java:loadSnapshot(231)) - group-09860E25AFE5: The snapshot info is null. Setting the last applied indexto:(t:0, i:~)
2019-11-05 04:06:07,279 [pool-107-thread-1] INFO  ratis.ContainerStateMachine (ContainerStateMachine.java:loadSnapshot(231)) - group-09860E25AFE5: The snapshot info is null. Setting the last applied indexto:(t:0, i:~)
2019-11-05 04:06:07,279 [pool-117-thread-1] INFO  server.RaftServerConfigKeys (ConfUtils.java:logGet(43)) - raft.server.notification.no-leader.timeout = 120s (custom)
2019-11-05 04:06:07,279 [pool-107-thread-1] INFO  server.RaftServerConfigKeys (ConfUtils.java:logGet(43)) - raft.server.notification.no-leader.timeout = 120s (custom)
2019-11-05 04:06:07,279 [pool-127-thread-1] INFO  server.RaftServerConfigKeys (ConfUtils.java:logGet(43)) - raft.server.notification.no-leader.timeout = 120s (custom)
2019-11-05 04:06:07,280 [pool-107-thread-1] INFO  server.RaftServerConfigKeys (ConfUtils.java:logGet(43)) - raft.server.log.use.memory = false (default)
2019-11-05 04:06:07,279 [pool-117-thread-1] INFO  server.RaftServerConfigKeys (ConfUtils.java:logGet(43)) - raft.server.log.use.memory = false (default)
2019-11-05 04:06:07,280 [pool-107-thread-1] INFO  server.RaftServerConfigKeys (ConfUtils.java:logGet(43)) - raft.server.log.purge.gap = 1000000 (custom)
2019-11-05 04:06:07,280 [pool-127-thread-1] INFO  server.RaftServerConfigKeys (ConfUtils.java:logGet(43)) - raft.server.log.use.memory = false (default)
2019-11-05 04:06:07,280 [pool-107-thread-1] INFO  server.RaftServerConfigKeys (ConfUtils.java:logGet(43)) - raft.server.log.appender.buffer.byte-limit = 33554432 (custom)
2019-11-05 04:06:07,280 [pool-117-thread-1] INFO  server.RaftServerConfigKeys (ConfUtils.java:logGet(43)) - raft.server.log.purge.gap = 1000000 (custom)
2019-11-05 04:06:07,280 [pool-107-thread-1] INFO  server.RaftServerConfigKeys (ConfUtils.java:logGet(43)) - raft.server.log.segment.size.max = 1048576 (custom)
2019-11-05 04:06:07,280 [pool-127-thread-1] INFO  server.RaftServerConfigKeys (ConfUtils.java:logGet(43)) - raft.server.log.purge.gap = 1000000 (custom)
2019-11-05 04:06:07,281 [pool-107-thread-1] INFO  server.RaftServerConfigKeys (ConfUtils.java:logGet(43)) - raft.server.log.segment.cache.num.max = 2 (custom)
2019-11-05 04:06:07,280 [pool-117-thread-1] INFO  server.RaftServerConfigKeys (ConfUtils.java:logGet(43)) - raft.server.log.appender.buffer.byte-limit = 33554432 (custom)
2019-11-05 04:06:07,281 [pool-107-thread-1] INFO  segmented.SegmentedRaftLogWorker (SegmentedRaftLogWorker.java:<init>(173)) - new 3bb84b5b-c269-4d26-bdfe-cbd49ad8842a@group-09860E25AFE5-SegmentedRaftLogWorker for RaftStorage:Storage Directory /workdir/hadoop-ozone/integration-test/target/test-dir/MiniOzoneClusterImpl-b5e44674-0749-41b5-a0d1-bb304d26ed7a/datanode-0/data/ratis/fc802d96-8d18-4315-8998-09860e25afe5
2019-11-05 04:06:07,281 [pool-127-thread-1] INFO  server.RaftServerConfigKeys (ConfUtils.java:logGet(43)) - raft.server.log.appender.buffer.byte-limit = 33554432 (custom)
2019-11-05 04:06:07,281 [pool-107-thread-1] INFO  server.RaftServerConfigKeys (ConfUtils.java:logGet(43)) - raft.server.log.queue.byte-limit = 2147483647 (custom)
2019-11-05 04:06:07,281 [pool-117-thread-1] INFO  server.RaftServerConfigKeys (ConfUtils.java:logGet(43)) - raft.server.log.segment.size.max = 1048576 (custom)
2019-11-05 04:06:07,281 [pool-107-thread-1] INFO  server.RaftServerConfigKeys (ConfUtils.java:logGet(43)) - raft.server.log.queue.element-limit = 1024 (custom)
2019-11-05 04:06:07,281 [pool-127-thread-1] INFO  server.RaftServerConfigKeys (ConfUtils.java:logGet(43)) - raft.server.log.segment.size.max = 1048576 (custom)
2019-11-05 04:06:07,281 [pool-107-thread-1] INFO  server.RaftServerConfigKeys (ConfUtils.java:logGet(43)) - raft.server.log.segment.size.max = 1048576 (custom)
2019-11-05 04:06:07,281 [pool-117-thread-1] INFO  server.RaftServerConfigKeys (ConfUtils.java:logGet(43)) - raft.server.log.segment.cache.num.max = 2 (custom)
2019-11-05 04:06:07,282 [pool-107-thread-1] INFO  server.RaftServerConfigKeys (ConfUtils.java:logGet(43)) - raft.server.log.preallocated.size = 16384 (custom)
2019-11-05 04:06:07,281 [pool-127-thread-1] INFO  server.RaftServerConfigKeys (ConfUtils.java:logGet(43)) - raft.server.log.segment.cache.num.max = 2 (custom)
2019-11-05 04:06:07,282 [pool-107-thread-1] INFO  server.RaftServerConfigKeys (ConfUtils.java:logGet(43)) - raft.server.log.write.buffer.size = 33554432 (custom)
2019-11-05 04:06:07,282 [pool-117-thread-1] INFO  segmented.SegmentedRaftLogWorker (SegmentedRaftLogWorker.java:<init>(173)) - new cbadd82d-93c1-4516-940b-a7bad1d4aa4b@group-09860E25AFE5-SegmentedRaftLogWorker for RaftStorage:Storage Directory /workdir/hadoop-ozone/integration-test/target/test-dir/MiniOzoneClusterImpl-b5e44674-0749-41b5-a0d1-bb304d26ed7a/datanode-1/data/ratis/fc802d96-8d18-4315-8998-09860e25afe5
2019-11-05 04:06:07,282 [pool-107-thread-1] INFO  server.RaftServerConfigKeys (ConfUtils.java:logGet(43)) - raft.server.log.force.sync.num = 128 (default)
2019-11-05 04:06:07,282 [pool-127-thread-1] INFO  segmented.SegmentedRaftLogWorker (SegmentedRaftLogWorker.java:<init>(173)) - new da3038ec-c4fd-4e11-9179-86b1e11d81da@group-09860E25AFE5-SegmentedRaftLogWorker for RaftStorage:Storage Directory /workdir/hadoop-ozone/integration-test/target/test-dir/MiniOzoneClusterImpl-b5e44674-0749-41b5-a0d1-bb304d26ed7a/datanode-2/data/ratis/fc802d96-8d18-4315-8998-09860e25afe5
2019-11-05 04:06:07,282 [pool-107-thread-1] INFO  server.RaftServerConfigKeys (ConfUtils.java:logGet(43)) - raft.server.log.statemachine.data.sync = true (default)
2019-11-05 04:06:07,282 [pool-117-thread-1] INFO  server.RaftServerConfigKeys (ConfUtils.java:logGet(43)) - raft.server.log.queue.byte-limit = 2147483647 (custom)
2019-11-05 04:06:07,283 [pool-107-thread-1] INFO  server.RaftServerConfigKeys (ConfUtils.java:logGet(43)) - raft.server.log.statemachine.data.sync.timeout = 10s (default)
2019-11-05 04:06:07,282 [pool-127-thread-1] INFO  server.RaftServerConfigKeys (ConfUtils.java:logGet(43)) - raft.server.log.queue.byte-limit = 2147483647 (custom)
2019-11-05 04:06:07,283 [pool-107-thread-1] INFO  server.RaftServerConfigKeys (ConfUtils.java:logGet(43)) - raft.server.log.statemachine.data.sync.timeout.retry = -1 (default)
2019-11-05 04:06:07,283 [pool-117-thread-1] INFO  server.RaftServerConfigKeys (ConfUtils.java:logGet(43)) - raft.server.log.queue.element-limit = 1024 (custom)
2019-11-05 04:06:07,283 [pool-107-thread-1] INFO  server.RaftServerConfigKeys (ConfUtils.java:logGet(43)) - raft.server.log.statemachine.data.caching.enabled = true (custom)
2019-11-05 04:06:07,283 [pool-127-thread-1] INFO  server.RaftServerConfigKeys (ConfUtils.java:logGet(43)) - raft.server.log.queue.element-limit = 1024 (custom)
2019-11-05 04:06:07,283 [pool-117-thread-1] INFO  server.RaftServerConfigKeys (ConfUtils.java:logGet(43)) - raft.server.log.segment.size.max = 1048576 (custom)
2019-11-05 04:06:07,283 [pool-107-thread-1] INFO  segmented.SegmentedRaftLogWorker (SegmentedRaftLogWorker.java:lambda$new$0(128)) - 3bb84b5b-c269-4d26-bdfe-cbd49ad8842a@group-09860E25AFE5-SegmentedRaftLogWorker: flushIndex: setUnconditionally 0 -> -1
2019-11-05 04:06:07,283 [pool-127-thread-1] INFO  server.RaftServerConfigKeys (ConfUtils.java:logGet(43)) - raft.server.log.segment.size.max = 1048576 (custom)
2019-11-05 04:06:07,284 [pool-117-thread-1] INFO  server.RaftServerConfigKeys (ConfUtils.java:logGet(43)) - raft.server.log.preallocated.size = 16384 (custom)
2019-11-05 04:06:07,284 [pool-107-thread-1] INFO  server.RaftServerConfigKeys (ConfUtils.java:logGet(43)) - raft.server.snapshot.auto.trigger.enabled = true (custom)
2019-11-05 04:06:07,284 [pool-127-thread-1] INFO  server.RaftServerConfigKeys (ConfUtils.java:logGet(43)) - raft.server.log.preallocated.size = 16384 (custom)
2019-11-05 04:06:07,284 [pool-107-thread-1] INFO  server.RaftServerConfigKeys (ConfUtils.java:logGet(43)) - raft.server.snapshot.auto.trigger.threshold = 10000 (custom)
2019-11-05 04:06:07,284 [pool-117-thread-1] INFO  server.RaftServerConfigKeys (ConfUtils.java:logGet(43)) - raft.server.log.write.buffer.size = 33554432 (custom)
2019-11-05 04:06:07,284 [pool-107-thread-1] INFO  server.RaftServerConfigKeys (ConfUtils.java:logGet(43)) - raft.server.snapshot.retention.file.num = 5 (custom)
2019-11-05 04:06:07,284 [pool-127-thread-1] INFO  server.RaftServerConfigKeys (ConfUtils.java:logGet(43)) - raft.server.log.write.buffer.size = 33554432 (custom)
2019-11-05 04:06:07,285 [pool-107-thread-1] INFO  server.RaftServerConfigKeys (ConfUtils.java:logGet(43)) - raft.server.retrycache.expirytime = 600000ms (custom)
2019-11-05 04:06:07,284 [pool-117-thread-1] INFO  server.RaftServerConfigKeys (ConfUtils.java:logGet(43)) - raft.server.log.force.sync.num = 128 (default)
2019-11-05 04:06:07,285 [pool-107-thread-1] WARN  impl.MetricRegistriesImpl (MetricRegistriesImpl.java:lambda$create$1(61)) - First MetricRegistry has been created without registering reporters. You may need to call MetricRegistries.global().addReportRegistration(...) before.
2019-11-05 04:06:07,285 [pool-127-thread-1] INFO  server.RaftServerConfigKeys (ConfUtils.java:logGet(43)) - raft.server.log.force.sync.num = 128 (default)
2019-11-05 04:06:07,285 [pool-107-thread-1] WARN  impl.MetricRegistriesImpl (MetricRegistriesImpl.java:lambda$create$1(61)) - First MetricRegistry has been created without registering reporters. You may need to call MetricRegistries.global().addReportRegistration(...) before.
2019-11-05 04:06:07,285 [pool-117-thread-1] INFO  server.RaftServerConfigKeys (ConfUtils.java:logGet(43)) - raft.server.log.statemachine.data.sync = true (default)
2019-11-05 04:06:07,285 [pool-107-thread-1] INFO  impl.RaftServerImpl (RaftServerImpl.java:start(184)) - 3bb84b5b-c269-4d26-bdfe-cbd49ad8842a@group-09860E25AFE5: start as a follower, conf=-1: [da3038ec-c4fd-4e11-9179-86b1e11d81da:192.168.164.209:42661, 3bb84b5b-c269-4d26-bdfe-cbd49ad8842a:192.168.164.209:36953, cbadd82d-93c1-4516-940b-a7bad1d4aa4b:192.168.164.209:33133], old=null
2019-11-05 04:06:07,285 [pool-127-thread-1] INFO  server.RaftServerConfigKeys (ConfUtils.java:logGet(43)) - raft.server.log.statemachine.data.sync = true (default)
2019-11-05 04:06:07,286 [pool-107-thread-1] INFO  impl.RaftServerImpl (RaftServerImpl.java:setRole(173)) - 3bb84b5b-c269-4d26-bdfe-cbd49ad8842a@group-09860E25AFE5: changes role from      null to FOLLOWER at term 0 for startAsFollower
2019-11-05 04:06:07,285 [pool-117-thread-1] INFO  server.RaftServerConfigKeys (ConfUtils.java:logGet(43)) - raft.server.log.statemachine.data.sync.timeout = 10s (default)
2019-11-05 04:06:07,286 [pool-107-thread-1] INFO  impl.RoleInfo (RoleInfo.java:updateAndGet(143)) - 3bb84b5b-c269-4d26-bdfe-cbd49ad8842a: start FollowerState
2019-11-05 04:06:07,286 [pool-127-thread-1] INFO  server.RaftServerConfigKeys (ConfUtils.java:logGet(43)) - raft.server.log.statemachine.data.sync.timeout = 10s (default)
2019-11-05 04:06:07,286 [pool-117-thread-1] INFO  server.RaftServerConfigKeys (ConfUtils.java:logGet(43)) - raft.server.log.statemachine.data.sync.timeout.retry = -1 (default)
2019-11-05 04:06:07,286 [pool-127-thread-1] INFO  server.RaftServerConfigKeys (ConfUtils.java:logGet(43)) - raft.server.log.statemachine.data.sync.timeout.retry = -1 (default)
2019-11-05 04:06:07,286 [pool-107-thread-1] INFO  util.JmxRegister (JmxRegister.java:tryRegister(44)) - Successfully registered JMX Bean with object name Ratis:service=RaftServer,group=group-09860E25AFE5,id=3bb84b5b-c269-4d26-bdfe-cbd49ad8842a
2019-11-05 04:06:07,286 [pool-127-thread-1] INFO  server.RaftServerConfigKeys (ConfUtils.java:logGet(43)) - raft.server.log.statemachine.data.caching.enabled = true (custom)
2019-11-05 04:06:07,286 [pool-107-thread-1] WARN  impl.MetricRegistriesImpl (MetricRegistriesImpl.java:lambda$create$1(61)) - First MetricRegistry has been created without registering reporters. You may need to call MetricRegistries.global().addReportRegistration(...) before.
2019-11-05 04:06:07,286 [pool-117-thread-1] INFO  server.RaftServerConfigKeys (ConfUtils.java:logGet(43)) - raft.server.log.statemachine.data.caching.enabled = true (custom)
2019-11-05 04:06:07,287 [pool-127-thread-1] INFO  segmented.SegmentedRaftLogWorker (SegmentedRaftLogWorker.java:lambda$new$0(128)) - da3038ec-c4fd-4e11-9179-86b1e11d81da@group-09860E25AFE5-SegmentedRaftLogWorker: flushIndex: setUnconditionally 0 -> -1
2019-11-05 04:06:07,288 [pool-117-thread-1] INFO  segmented.SegmentedRaftLogWorker (SegmentedRaftLogWorker.java:lambda$new$0(128)) - cbadd82d-93c1-4516-940b-a7bad1d4aa4b@group-09860E25AFE5-SegmentedRaftLogWorker: flushIndex: setUnconditionally 0 -> -1
2019-11-05 04:06:07,288 [pool-127-thread-1] INFO  server.RaftServerConfigKeys (ConfUtils.java:logGet(43)) - raft.server.snapshot.auto.trigger.enabled = true (custom)
2019-11-05 04:06:07,288 [pool-117-thread-1] INFO  server.RaftServerConfigKeys (ConfUtils.java:logGet(43)) - raft.server.snapshot.auto.trigger.enabled = true (custom)
2019-11-05 04:06:07,288 [pool-127-thread-1] INFO  server.RaftServerConfigKeys (ConfUtils.java:logGet(43)) - raft.server.snapshot.auto.trigger.threshold = 10000 (custom)
2019-11-05 04:06:07,289 [pool-117-thread-1] INFO  server.RaftServerConfigKeys (ConfUtils.java:logGet(43)) - raft.server.snapshot.auto.trigger.threshold = 10000 (custom)
2019-11-05 04:06:07,289 [pool-127-thread-1] INFO  server.RaftServerConfigKeys (ConfUtils.java:logGet(43)) - raft.server.snapshot.retention.file.num = 5 (custom)
2019-11-05 04:06:07,289 [pool-117-thread-1] INFO  server.RaftServerConfigKeys (ConfUtils.java:logGet(43)) - raft.server.snapshot.retention.file.num = 5 (custom)
2019-11-05 04:06:07,289 [pool-127-thread-1] INFO  server.RaftServerConfigKeys (ConfUtils.java:logGet(43)) - raft.server.retrycache.expirytime = 600000ms (custom)
2019-11-05 04:06:07,289 [pool-117-thread-1] INFO  server.RaftServerConfigKeys (ConfUtils.java:logGet(43)) - raft.server.retrycache.expirytime = 600000ms (custom)
2019-11-05 04:06:07,289 [pool-127-thread-1] WARN  impl.MetricRegistriesImpl (MetricRegistriesImpl.java:lambda$create$1(61)) - First MetricRegistry has been created without registering reporters. You may need to call MetricRegistries.global().addReportRegistration(...) before.
2019-11-05 04:06:07,289 [pool-117-thread-1] WARN  impl.MetricRegistriesImpl (MetricRegistriesImpl.java:lambda$create$1(61)) - First MetricRegistry has been created without registering reporters. You may need to call MetricRegistries.global().addReportRegistration(...) before.
2019-11-05 04:06:07,289 [pool-127-thread-1] WARN  impl.MetricRegistriesImpl (MetricRegistriesImpl.java:lambda$create$1(61)) - First MetricRegistry has been created without registering reporters. You may need to call MetricRegistries.global().addReportRegistration(...) before.
2019-11-05 04:06:07,289 [pool-117-thread-1] WARN  impl.MetricRegistriesImpl (MetricRegistriesImpl.java:lambda$create$1(61)) - First MetricRegistry has been created without registering reporters. You may need to call MetricRegistries.global().addReportRegistration(...) before.
2019-11-05 04:06:07,289 [pool-127-thread-1] INFO  impl.RaftServerImpl (RaftServerImpl.java:start(184)) - da3038ec-c4fd-4e11-9179-86b1e11d81da@group-09860E25AFE5: start as a follower, conf=-1: [da3038ec-c4fd-4e11-9179-86b1e11d81da:192.168.164.209:42661, 3bb84b5b-c269-4d26-bdfe-cbd49ad8842a:192.168.164.209:36953, cbadd82d-93c1-4516-940b-a7bad1d4aa4b:192.168.164.209:33133], old=null
2019-11-05 04:06:07,290 [pool-117-thread-1] INFO  impl.RaftServerImpl (RaftServerImpl.java:start(184)) - cbadd82d-93c1-4516-940b-a7bad1d4aa4b@group-09860E25AFE5: start as a follower, conf=-1: [da3038ec-c4fd-4e11-9179-86b1e11d81da:192.168.164.209:42661, 3bb84b5b-c269-4d26-bdfe-cbd49ad8842a:192.168.164.209:36953, cbadd82d-93c1-4516-940b-a7bad1d4aa4b:192.168.164.209:33133], old=null
2019-11-05 04:06:07,290 [pool-127-thread-1] INFO  impl.RaftServerImpl (RaftServerImpl.java:setRole(173)) - da3038ec-c4fd-4e11-9179-86b1e11d81da@group-09860E25AFE5: changes role from      null to FOLLOWER at term 0 for startAsFollower
2019-11-05 04:06:07,290 [pool-117-thread-1] INFO  impl.RaftServerImpl (RaftServerImpl.java:setRole(173)) - cbadd82d-93c1-4516-940b-a7bad1d4aa4b@group-09860E25AFE5: changes role from      null to FOLLOWER at term 0 for startAsFollower
2019-11-05 04:06:07,290 [pool-127-thread-1] INFO  impl.RoleInfo (RoleInfo.java:updateAndGet(143)) - da3038ec-c4fd-4e11-9179-86b1e11d81da: start FollowerState
2019-11-05 04:06:07,290 [pool-117-thread-1] INFO  impl.RoleInfo (RoleInfo.java:updateAndGet(143)) - cbadd82d-93c1-4516-940b-a7bad1d4aa4b: start FollowerState
2019-11-05 04:06:07,290 [pool-127-thread-1] INFO  util.JmxRegister (JmxRegister.java:tryRegister(44)) - Successfully registered JMX Bean with object name Ratis:service=RaftServer,group=group-09860E25AFE5,id=da3038ec-c4fd-4e11-9179-86b1e11d81da
2019-11-05 04:06:07,290 [pool-127-thread-1] WARN  impl.MetricRegistriesImpl (MetricRegistriesImpl.java:lambda$create$1(61)) - First MetricRegistry has been created without registering reporters. You may need to call MetricRegistries.global().addReportRegistration(...) before.
2019-11-05 04:06:07,290 [pool-117-thread-1] INFO  util.JmxRegister (JmxRegister.java:tryRegister(44)) - Successfully registered JMX Bean with object name Ratis:service=RaftServer,group=group-09860E25AFE5,id=cbadd82d-93c1-4516-940b-a7bad1d4aa4b
2019-11-05 04:06:07,290 [pool-117-thread-1] WARN  impl.MetricRegistriesImpl (MetricRegistriesImpl.java:lambda$create$1(61)) - First MetricRegistry has been created without registering reporters. You may need to call MetricRegistries.global().addReportRegistration(...) before.
2019-11-05 04:06:07,293 [RatisPipelineUtilsThread] INFO  pipeline.PipelineStateManager (PipelineStateManager.java:addPipeline(56)) - Created pipeline Pipeline[ Id: fc802d96-8d18-4315-8998-09860e25afe5, Nodes: 3bb84b5b-c269-4d26-bdfe-cbd49ad8842a{ip: 192.168.164.209, host: pr-hdds-1576-zlq79-596195737, networkLocation: /default-rack, certSerialId: null}da3038ec-c4fd-4e11-9179-86b1e11d81da{ip: 192.168.164.209, host: pr-hdds-1576-zlq79-596195737, networkLocation: /default-rack, certSerialId: null}cbadd82d-93c1-4516-940b-a7bad1d4aa4b{ip: 192.168.164.209, host: pr-hdds-1576-zlq79-596195737, networkLocation: /default-rack, certSerialId: null}, Type:RATIS, Factor:THREE, State:OPEN]
2019-11-05 04:06:07,300 [grpc-default-executor-0] INFO  impl.RaftServerProxy (RaftServerProxy.java:addNew(89)) - cbadd82d-93c1-4516-940b-a7bad1d4aa4b: addNew group-5CA1FB277425:[da3038ec-c4fd-4e11-9179-86b1e11d81da:192.168.164.209:42661, 3bb84b5b-c269-4d26-bdfe-cbd49ad8842a:192.168.164.209:36953, cbadd82d-93c1-4516-940b-a7bad1d4aa4b:192.168.164.209:33133] returns group-5CA1FB277425:java.util.concurrent.CompletableFuture@246e6655[Not completed]
2019-11-05 04:06:07,300 [grpc-default-executor-2] INFO  impl.RaftServerProxy (RaftServerProxy.java:addNew(89)) - da3038ec-c4fd-4e11-9179-86b1e11d81da: addNew group-5CA1FB277425:[da3038ec-c4fd-4e11-9179-86b1e11d81da:192.168.164.209:42661, 3bb84b5b-c269-4d26-bdfe-cbd49ad8842a:192.168.164.209:36953, cbadd82d-93c1-4516-940b-a7bad1d4aa4b:192.168.164.209:33133] returns group-5CA1FB277425:java.util.concurrent.CompletableFuture@37913a9a[Not completed]
2019-11-05 04:06:07,300 [grpc-default-executor-1] INFO  impl.RaftServerProxy (RaftServerProxy.java:addNew(89)) - 3bb84b5b-c269-4d26-bdfe-cbd49ad8842a: addNew group-5CA1FB277425:[da3038ec-c4fd-4e11-9179-86b1e11d81da:192.168.164.209:42661, 3bb84b5b-c269-4d26-bdfe-cbd49ad8842a:192.168.164.209:36953, cbadd82d-93c1-4516-940b-a7bad1d4aa4b:192.168.164.209:33133] returns group-5CA1FB277425:java.util.concurrent.CompletableFuture@57d0337a[Not completed]
2019-11-05 04:06:07,301 [pool-117-thread-1] INFO  impl.RaftServerImpl (RaftServerImpl.java:<init>(98)) - cbadd82d-93c1-4516-940b-a7bad1d4aa4b: new RaftServerImpl for group-5CA1FB277425:[da3038ec-c4fd-4e11-9179-86b1e11d81da:192.168.164.209:42661, 3bb84b5b-c269-4d26-bdfe-cbd49ad8842a:192.168.164.209:36953, cbadd82d-93c1-4516-940b-a7bad1d4aa4b:192.168.164.209:33133] with ContainerStateMachine:uninitialized
2019-11-05 04:06:07,301 [pool-117-thread-1] INFO  server.RaftServerConfigKeys (ConfUtils.java:logGet(43)) - raft.server.rpc.timeout.min = 5s (custom)
2019-11-05 04:06:07,301 [pool-117-thread-1] INFO  server.RaftServerConfigKeys (ConfUtils.java:logGet(43)) - raft.server.rpc.timeout.max = 5200ms (custom)
2019-11-05 04:06:07,301 [pool-117-thread-1] INFO  server.RaftServerConfigKeys (ConfUtils.java:logGet(43)) - raft.server.rpcslowness.timeout = 120s (custom)
2019-11-05 04:06:07,301 [pool-107-thread-1] INFO  impl.RaftServerImpl (RaftServerImpl.java:<init>(98)) - 3bb84b5b-c269-4d26-bdfe-cbd49ad8842a: new RaftServerImpl for group-5CA1FB277425:[da3038ec-c4fd-4e11-9179-86b1e11d81da:192.168.164.209:42661, 3bb84b5b-c269-4d26-bdfe-cbd49ad8842a:192.168.164.209:36953, cbadd82d-93c1-4516-940b-a7bad1d4aa4b:192.168.164.209:33133] with ContainerStateMachine:uninitialized
2019-11-05 04:06:07,301 [pool-117-thread-1] INFO  server.RaftServerConfigKeys (ConfUtils.java:logGet(43)) - raft.server.sleep.deviation.threshold = 300 (default)
2019-11-05 04:06:07,301 [pool-107-thread-1] INFO  server.RaftServerConfigKeys (ConfUtils.java:logGet(43)) - raft.server.rpc.timeout.min = 5s (custom)
2019-11-05 04:06:07,302 [pool-117-thread-1] INFO  server.RaftServerConfigKeys (ConfUtils.java:logGet(43)) - raft.server.log.appender.install.snapshot.enabled = false (custom)
2019-11-05 04:06:07,302 [pool-127-thread-1] INFO  impl.RaftServerImpl (RaftServerImpl.java:<init>(98)) - da3038ec-c4fd-4e11-9179-86b1e11d81da: new RaftServerImpl for group-5CA1FB277425:[da3038ec-c4fd-4e11-9179-86b1e11d81da:192.168.164.209:42661, 3bb84b5b-c269-4d26-bdfe-cbd49ad8842a:192.168.164.209:36953, cbadd82d-93c1-4516-940b-a7bad1d4aa4b:192.168.164.209:33133] with ContainerStateMachine:uninitialized
2019-11-05 04:06:07,302 [pool-107-thread-1] INFO  server.RaftServerConfigKeys (ConfUtils.java:logGet(43)) - raft.server.rpc.timeout.max = 5200ms (custom)
2019-11-05 04:06:07,302 [pool-127-thread-1] INFO  server.RaftServerConfigKeys (ConfUtils.java:logGet(43)) - raft.server.rpc.timeout.min = 5s (custom)
2019-11-05 04:06:07,302 [pool-117-thread-1] INFO  impl.RaftServerImpl (ServerState.java:<init>(103)) - cbadd82d-93c1-4516-940b-a7bad1d4aa4b@group-5CA1FB277425: ConfigurationManager, init=-1: [da3038ec-c4fd-4e11-9179-86b1e11d81da:192.168.164.209:42661, 3bb84b5b-c269-4d26-bdfe-cbd49ad8842a:192.168.164.209:36953, cbadd82d-93c1-4516-940b-a7bad1d4aa4b:192.168.164.209:33133], old=null, confs=<EMPTY_MAP>
2019-11-05 04:06:07,302 [pool-127-thread-1] INFO  server.RaftServerConfigKeys (ConfUtils.java:logGet(43)) - raft.server.rpc.timeout.max = 5200ms (custom)
2019-11-05 04:06:07,302 [pool-107-thread-1] INFO  server.RaftServerConfigKeys (ConfUtils.java:logGet(43)) - raft.server.rpcslowness.timeout = 120s (custom)
2019-11-05 04:06:07,302 [pool-117-thread-1] INFO  server.RaftServerConfigKeys (ConfUtils.java:logGet(43)) - raft.server.storage.dir = [/workdir/hadoop-ozone/integration-test/target/test-dir/MiniOzoneClusterImpl-b5e44674-0749-41b5-a0d1-bb304d26ed7a/datanode-1/data/ratis] (custom)
2019-11-05 04:06:07,302 [pool-127-thread-1] INFO  server.RaftServerConfigKeys (ConfUtils.java:logGet(43)) - raft.server.rpcslowness.timeout = 120s (custom)
2019-11-05 04:06:07,302 [pool-107-thread-1] INFO  server.RaftServerConfigKeys (ConfUtils.java:logGet(43)) - raft.server.sleep.deviation.threshold = 300 (default)
2019-11-05 04:06:07,302 [pool-127-thread-1] INFO  server.RaftServerConfigKeys (ConfUtils.java:logGet(43)) - raft.server.sleep.deviation.threshold = 300 (default)
2019-11-05 04:06:07,303 [pool-117-thread-1] INFO  server.RaftServerConfigKeys (ConfUtils.java:logGet(43)) - raft.server.log.corruption.policy = EXCEPTION (default)
2019-11-05 04:06:07,303 [pool-107-thread-1] INFO  server.RaftServerConfigKeys (ConfUtils.java:logGet(43)) - raft.server.log.appender.install.snapshot.enabled = false (custom)
2019-11-05 04:06:07,303 [pool-127-thread-1] INFO  server.RaftServerConfigKeys (ConfUtils.java:logGet(43)) - raft.server.log.appender.install.snapshot.enabled = false (custom)
2019-11-05 04:06:07,303 [pool-117-thread-1] INFO  storage.RaftStorageDirectory (RaftStorageDirectory.java:analyzeStorage(246)) - The storage directory /workdir/hadoop-ozone/integration-test/target/test-dir/MiniOzoneClusterImpl-b5e44674-0749-41b5-a0d1-bb304d26ed7a/datanode-1/data/ratis/f1e6ef9c-1e44-44a2-a1ad-5ca1fb277425 does not exist. Creating ...
2019-11-05 04:06:07,303 [pool-107-thread-1] INFO  impl.RaftServerImpl (ServerState.java:<init>(103)) - 3bb84b5b-c269-4d26-bdfe-cbd49ad8842a@group-5CA1FB277425: ConfigurationManager, init=-1: [da3038ec-c4fd-4e11-9179-86b1e11d81da:192.168.164.209:42661, 3bb84b5b-c269-4d26-bdfe-cbd49ad8842a:192.168.164.209:36953, cbadd82d-93c1-4516-940b-a7bad1d4aa4b:192.168.164.209:33133], old=null, confs=<EMPTY_MAP>
2019-11-05 04:06:07,303 [pool-127-thread-1] INFO  impl.RaftServerImpl (ServerState.java:<init>(103)) - da3038ec-c4fd-4e11-9179-86b1e11d81da@group-5CA1FB277425: ConfigurationManager, init=-1: [da3038ec-c4fd-4e11-9179-86b1e11d81da:192.168.164.209:42661, 3bb84b5b-c269-4d26-bdfe-cbd49ad8842a:192.168.164.209:36953, cbadd82d-93c1-4516-940b-a7bad1d4aa4b:192.168.164.209:33133], old=null, confs=<EMPTY_MAP>
2019-11-05 04:06:07,303 [pool-107-thread-1] INFO  server.RaftServerConfigKeys (ConfUtils.java:logGet(43)) - raft.server.storage.dir = [/workdir/hadoop-ozone/integration-test/target/test-dir/MiniOzoneClusterImpl-b5e44674-0749-41b5-a0d1-bb304d26ed7a/datanode-0/data/ratis] (custom)
2019-11-05 04:06:07,303 [pool-127-thread-1] INFO  server.RaftServerConfigKeys (ConfUtils.java:logGet(43)) - raft.server.storage.dir = [/workdir/hadoop-ozone/integration-test/target/test-dir/MiniOzoneClusterImpl-b5e44674-0749-41b5-a0d1-bb304d26ed7a/datanode-2/data/ratis] (custom)
2019-11-05 04:06:07,303 [pool-107-thread-1] INFO  server.RaftServerConfigKeys (ConfUtils.java:logGet(43)) - raft.server.log.corruption.policy = EXCEPTION (default)
2019-11-05 04:06:07,303 [pool-127-thread-1] INFO  server.RaftServerConfigKeys (ConfUtils.java:logGet(43)) - raft.server.log.corruption.policy = EXCEPTION (default)
2019-11-05 04:06:07,304 [pool-107-thread-1] INFO  storage.RaftStorageDirectory (RaftStorageDirectory.java:analyzeStorage(246)) - The storage directory /workdir/hadoop-ozone/integration-test/target/test-dir/MiniOzoneClusterImpl-b5e44674-0749-41b5-a0d1-bb304d26ed7a/datanode-0/data/ratis/f1e6ef9c-1e44-44a2-a1ad-5ca1fb277425 does not exist. Creating ...
2019-11-05 04:06:07,304 [pool-127-thread-1] INFO  storage.RaftStorageDirectory (RaftStorageDirectory.java:analyzeStorage(246)) - The storage directory /workdir/hadoop-ozone/integration-test/target/test-dir/MiniOzoneClusterImpl-b5e44674-0749-41b5-a0d1-bb304d26ed7a/datanode-2/data/ratis/f1e6ef9c-1e44-44a2-a1ad-5ca1fb277425 does not exist. Creating ...
2019-11-05 04:06:07,328 [pool-107-thread-1] INFO  storage.RaftStorageDirectory (RaftStorageDirectory.java:tryLock(328)) - Lock on /workdir/hadoop-ozone/integration-test/target/test-dir/MiniOzoneClusterImpl-b5e44674-0749-41b5-a0d1-bb304d26ed7a/datanode-0/data/ratis/f1e6ef9c-1e44-44a2-a1ad-5ca1fb277425/in_use.lock acquired by nodename 11196@pr-hdds-1576-zlq79-596195737
2019-11-05 04:06:07,328 [pool-127-thread-1] INFO  storage.RaftStorageDirectory (RaftStorageDirectory.java:tryLock(328)) - Lock on /workdir/hadoop-ozone/integration-test/target/test-dir/MiniOzoneClusterImpl-b5e44674-0749-41b5-a0d1-bb304d26ed7a/datanode-2/data/ratis/f1e6ef9c-1e44-44a2-a1ad-5ca1fb277425/in_use.lock acquired by nodename 11196@pr-hdds-1576-zlq79-596195737
2019-11-05 04:06:07,328 [pool-117-thread-1] INFO  storage.RaftStorageDirectory (RaftStorageDirectory.java:tryLock(328)) - Lock on /workdir/hadoop-ozone/integration-test/target/test-dir/MiniOzoneClusterImpl-b5e44674-0749-41b5-a0d1-bb304d26ed7a/datanode-1/data/ratis/f1e6ef9c-1e44-44a2-a1ad-5ca1fb277425/in_use.lock acquired by nodename 11196@pr-hdds-1576-zlq79-596195737
2019-11-05 04:06:07,349 [pool-107-thread-1] INFO  storage.RaftStorage (RaftStorage.java:format(84)) - Storage directory /workdir/hadoop-ozone/integration-test/target/test-dir/MiniOzoneClusterImpl-b5e44674-0749-41b5-a0d1-bb304d26ed7a/datanode-0/data/ratis/f1e6ef9c-1e44-44a2-a1ad-5ca1fb277425 has been successfully formatted.
2019-11-05 04:06:07,349 [pool-127-thread-1] INFO  storage.RaftStorage (RaftStorage.java:format(84)) - Storage directory /workdir/hadoop-ozone/integration-test/target/test-dir/MiniOzoneClusterImpl-b5e44674-0749-41b5-a0d1-bb304d26ed7a/datanode-2/data/ratis/f1e6ef9c-1e44-44a2-a1ad-5ca1fb277425 has been successfully formatted.
2019-11-05 04:06:07,349 [pool-117-thread-1] INFO  storage.RaftStorage (RaftStorage.java:format(84)) - Storage directory /workdir/hadoop-ozone/integration-test/target/test-dir/MiniOzoneClusterImpl-b5e44674-0749-41b5-a0d1-bb304d26ed7a/datanode-1/data/ratis/f1e6ef9c-1e44-44a2-a1ad-5ca1fb277425 has been successfully formatted.
2019-11-05 04:06:07,350 [pool-107-thread-1] INFO  ratis.ContainerStateMachine (ContainerStateMachine.java:loadSnapshot(231)) - group-5CA1FB277425: The snapshot info is null. Setting the last applied indexto:(t:0, i:~)
2019-11-05 04:06:07,350 [pool-127-thread-1] INFO  ratis.ContainerStateMachine (ContainerStateMachine.java:loadSnapshot(231)) - group-5CA1FB277425: The snapshot info is null. Setting the last applied indexto:(t:0, i:~)
2019-11-05 04:06:07,350 [pool-117-thread-1] INFO  ratis.ContainerStateMachine (ContainerStateMachine.java:loadSnapshot(231)) - group-5CA1FB277425: The snapshot info is null. Setting the last applied indexto:(t:0, i:~)
2019-11-05 04:06:07,350 [pool-107-thread-1] INFO  server.RaftServerConfigKeys (ConfUtils.java:logGet(43)) - raft.server.notification.no-leader.timeout = 120s (custom)
2019-11-05 04:06:07,350 [pool-117-thread-1] INFO  server.RaftServerConfigKeys (ConfUtils.java:logGet(43)) - raft.server.notification.no-leader.timeout = 120s (custom)
2019-11-05 04:06:07,350 [pool-127-thread-1] INFO  server.RaftServerConfigKeys (ConfUtils.java:logGet(43)) - raft.server.notification.no-leader.timeout = 120s (custom)
2019-11-05 04:06:07,350 [pool-117-thread-1] INFO  server.RaftServerConfigKeys (ConfUtils.java:logGet(43)) - raft.server.log.use.memory = false (default)
2019-11-05 04:06:07,350 [pool-107-thread-1] INFO  server.RaftServerConfigKeys (ConfUtils.java:logGet(43)) - raft.server.log.use.memory = false (default)
2019-11-05 04:06:07,350 [pool-117-thread-1] INFO  server.RaftServerConfigKeys (ConfUtils.java:logGet(43)) - raft.server.log.purge.gap = 1000000 (custom)
2019-11-05 04:06:07,350 [pool-127-thread-1] INFO  server.RaftServerConfigKeys (ConfUtils.java:logGet(43)) - raft.server.log.use.memory = false (default)
2019-11-05 04:06:07,351 [pool-117-thread-1] INFO  server.RaftServerConfigKeys (ConfUtils.java:logGet(43)) - raft.server.log.appender.buffer.byte-limit = 33554432 (custom)
2019-11-05 04:06:07,351 [pool-107-thread-1] INFO  server.RaftServerConfigKeys (ConfUtils.java:logGet(43)) - raft.server.log.purge.gap = 1000000 (custom)
2019-11-05 04:06:07,351 [pool-117-thread-1] INFO  server.RaftServerConfigKeys (ConfUtils.java:logGet(43)) - raft.server.log.segment.size.max = 1048576 (custom)
2019-11-05 04:06:07,351 [pool-127-thread-1] INFO  server.RaftServerConfigKeys (ConfUtils.java:logGet(43)) - raft.server.log.purge.gap = 1000000 (custom)
2019-11-05 04:06:07,351 [pool-117-thread-1] INFO  server.RaftServerConfigKeys (ConfUtils.java:logGet(43)) - raft.server.log.segment.cache.num.max = 2 (custom)
2019-11-05 04:06:07,351 [pool-107-thread-1] INFO  server.RaftServerConfigKeys (ConfUtils.java:logGet(43)) - raft.server.log.appender.buffer.byte-limit = 33554432 (custom)
2019-11-05 04:06:07,351 [pool-117-thread-1] INFO  segmented.SegmentedRaftLogWorker (SegmentedRaftLogWorker.java:<init>(173)) - new cbadd82d-93c1-4516-940b-a7bad1d4aa4b@group-5CA1FB277425-SegmentedRaftLogWorker for RaftStorage:Storage Directory /workdir/hadoop-ozone/integration-test/target/test-dir/MiniOzoneClusterImpl-b5e44674-0749-41b5-a0d1-bb304d26ed7a/datanode-1/data/ratis/f1e6ef9c-1e44-44a2-a1ad-5ca1fb277425
2019-11-05 04:06:07,351 [pool-127-thread-1] INFO  server.RaftServerConfigKeys (ConfUtils.java:logGet(43)) - raft.server.log.appender.buffer.byte-limit = 33554432 (custom)
2019-11-05 04:06:07,351 [pool-117-thread-1] INFO  server.RaftServerConfigKeys (ConfUtils.java:logGet(43)) - raft.server.log.queue.byte-limit = 2147483647 (custom)
2019-11-05 04:06:07,351 [pool-107-thread-1] INFO  server.RaftServerConfigKeys (ConfUtils.java:logGet(43)) - raft.server.log.segment.size.max = 1048576 (custom)
2019-11-05 04:06:07,352 [pool-117-thread-1] INFO  server.RaftServerConfigKeys (ConfUtils.java:logGet(43)) - raft.server.log.queue.element-limit = 1024 (custom)
2019-11-05 04:06:07,352 [pool-127-thread-1] INFO  server.RaftServerConfigKeys (ConfUtils.java:logGet(43)) - raft.server.log.segment.size.max = 1048576 (custom)
2019-11-05 04:06:07,352 [pool-117-thread-1] INFO  server.RaftServerConfigKeys (ConfUtils.java:logGet(43)) - raft.server.log.segment.size.max = 1048576 (custom)
2019-11-05 04:06:07,352 [pool-107-thread-1] INFO  server.RaftServerConfigKeys (ConfUtils.java:logGet(43)) - raft.server.log.segment.cache.num.max = 2 (custom)
2019-11-05 04:06:07,352 [pool-117-thread-1] INFO  server.RaftServerConfigKeys (ConfUtils.java:logGet(43)) - raft.server.log.preallocated.size = 16384 (custom)
2019-11-05 04:06:07,352 [pool-127-thread-1] INFO  server.RaftServerConfigKeys (ConfUtils.java:logGet(43)) - raft.server.log.segment.cache.num.max = 2 (custom)
2019-11-05 04:06:07,352 [pool-117-thread-1] INFO  server.RaftServerConfigKeys (ConfUtils.java:logGet(43)) - raft.server.log.write.buffer.size = 33554432 (custom)
2019-11-05 04:06:07,352 [pool-107-thread-1] INFO  segmented.SegmentedRaftLogWorker (SegmentedRaftLogWorker.java:<init>(173)) - new 3bb84b5b-c269-4d26-bdfe-cbd49ad8842a@group-5CA1FB277425-SegmentedRaftLogWorker for RaftStorage:Storage Directory /workdir/hadoop-ozone/integration-test/target/test-dir/MiniOzoneClusterImpl-b5e44674-0749-41b5-a0d1-bb304d26ed7a/datanode-0/data/ratis/f1e6ef9c-1e44-44a2-a1ad-5ca1fb277425
2019-11-05 04:06:07,352 [pool-117-thread-1] INFO  server.RaftServerConfigKeys (ConfUtils.java:logGet(43)) - raft.server.log.force.sync.num = 128 (default)
2019-11-05 04:06:07,352 [pool-127-thread-1] INFO  segmented.SegmentedRaftLogWorker (SegmentedRaftLogWorker.java:<init>(173)) - new da3038ec-c4fd-4e11-9179-86b1e11d81da@group-5CA1FB277425-SegmentedRaftLogWorker for RaftStorage:Storage Directory /workdir/hadoop-ozone/integration-test/target/test-dir/MiniOzoneClusterImpl-b5e44674-0749-41b5-a0d1-bb304d26ed7a/datanode-2/data/ratis/f1e6ef9c-1e44-44a2-a1ad-5ca1fb277425
2019-11-05 04:06:07,353 [pool-117-thread-1] INFO  server.RaftServerConfigKeys (ConfUtils.java:logGet(43)) - raft.server.log.statemachine.data.sync = true (default)
2019-11-05 04:06:07,352 [pool-107-thread-1] INFO  server.RaftServerConfigKeys (ConfUtils.java:logGet(43)) - raft.server.log.queue.byte-limit = 2147483647 (custom)
2019-11-05 04:06:07,353 [pool-117-thread-1] INFO  server.RaftServerConfigKeys (ConfUtils.java:logGet(43)) - raft.server.log.statemachine.data.sync.timeout = 10s (default)
2019-11-05 04:06:07,353 [pool-127-thread-1] INFO  server.RaftServerConfigKeys (ConfUtils.java:logGet(43)) - raft.server.log.queue.byte-limit = 2147483647 (custom)
2019-11-05 04:06:07,353 [pool-117-thread-1] INFO  server.RaftServerConfigKeys (ConfUtils.java:logGet(43)) - raft.server.log.statemachine.data.sync.timeout.retry = -1 (default)
2019-11-05 04:06:07,353 [pool-107-thread-1] INFO  server.RaftServerConfigKeys (ConfUtils.java:logGet(43)) - raft.server.log.queue.element-limit = 1024 (custom)
2019-11-05 04:06:07,353 [pool-127-thread-1] INFO  server.RaftServerConfigKeys (ConfUtils.java:logGet(43)) - raft.server.log.queue.element-limit = 1024 (custom)
2019-11-05 04:06:07,353 [pool-107-thread-1] INFO  server.RaftServerConfigKeys (ConfUtils.java:logGet(43)) - raft.server.log.segment.size.max = 1048576 (custom)
2019-11-05 04:06:07,353 [pool-117-thread-1] INFO  server.RaftServerConfigKeys (ConfUtils.java:logGet(43)) - raft.server.log.statemachine.data.caching.enabled = true (custom)
2019-11-05 04:06:07,353 [pool-107-thread-1] INFO  server.RaftServerConfigKeys (ConfUtils.java:logGet(43)) - raft.server.log.preallocated.size = 16384 (custom)
2019-11-05 04:06:07,353 [pool-127-thread-1] INFO  server.RaftServerConfigKeys (ConfUtils.java:logGet(43)) - raft.server.log.segment.size.max = 1048576 (custom)
2019-11-05 04:06:07,354 [pool-117-thread-1] INFO  segmented.SegmentedRaftLogWorker (SegmentedRaftLogWorker.java:lambda$new$0(128)) - cbadd82d-93c1-4516-940b-a7bad1d4aa4b@group-5CA1FB277425-SegmentedRaftLogWorker: flushIndex: setUnconditionally 0 -> -1
2019-11-05 04:06:07,354 [pool-107-thread-1] INFO  server.RaftServerConfigKeys (ConfUtils.java:logGet(43)) - raft.server.log.write.buffer.size = 33554432 (custom)
2019-11-05 04:06:07,354 [pool-127-thread-1] INFO  server.RaftServerConfigKeys (ConfUtils.java:logGet(43)) - raft.server.log.preallocated.size = 16384 (custom)
2019-11-05 04:06:07,354 [pool-117-thread-1] INFO  server.RaftServerConfigKeys (ConfUtils.java:logGet(43)) - raft.server.snapshot.auto.trigger.enabled = true (custom)
2019-11-05 04:06:07,354 [pool-107-thread-1] INFO  server.RaftServerConfigKeys (ConfUtils.java:logGet(43)) - raft.server.log.force.sync.num = 128 (default)
2019-11-05 04:06:07,354 [pool-117-thread-1] INFO  server.RaftServerConfigKeys (ConfUtils.java:logGet(43)) - raft.server.snapshot.auto.trigger.threshold = 10000 (custom)
2019-11-05 04:06:07,354 [pool-127-thread-1] INFO  server.RaftServerConfigKeys (ConfUtils.java:logGet(43)) - raft.server.log.write.buffer.size = 33554432 (custom)
2019-11-05 04:06:07,354 [pool-117-thread-1] INFO  server.RaftServerConfigKeys (ConfUtils.java:logGet(43)) - raft.server.snapshot.retention.file.num = 5 (custom)
2019-11-05 04:06:07,354 [pool-107-thread-1] INFO  server.RaftServerConfigKeys (ConfUtils.java:logGet(43)) - raft.server.log.statemachine.data.sync = true (default)
2019-11-05 04:06:07,354 [pool-117-thread-1] INFO  server.RaftServerConfigKeys (ConfUtils.java:logGet(43)) - raft.server.retrycache.expirytime = 600000ms (custom)
2019-11-05 04:06:07,354 [pool-127-thread-1] INFO  server.RaftServerConfigKeys (ConfUtils.java:logGet(43)) - raft.server.log.force.sync.num = 128 (default)
2019-11-05 04:06:07,355 [pool-117-thread-1] WARN  impl.MetricRegistriesImpl (MetricRegistriesImpl.java:lambda$create$1(61)) - First MetricRegistry has been created without registering reporters. You may need to call MetricRegistries.global().addReportRegistration(...) before.
2019-11-05 04:06:07,354 [pool-107-thread-1] INFO  server.RaftServerConfigKeys (ConfUtils.java:logGet(43)) - raft.server.log.statemachine.data.sync.timeout = 10s (default)
2019-11-05 04:06:07,355 [pool-117-thread-1] WARN  impl.MetricRegistriesImpl (MetricRegistriesImpl.java:lambda$create$1(61)) - First MetricRegistry has been created without registering reporters. You may need to call MetricRegistries.global().addReportRegistration(...) before.
2019-11-05 04:06:07,355 [pool-127-thread-1] INFO  server.RaftServerConfigKeys (ConfUtils.java:logGet(43)) - raft.server.log.statemachine.data.sync = true (default)
2019-11-05 04:06:07,355 [pool-117-thread-1] INFO  impl.RaftServerImpl (RaftServerImpl.java:start(184)) - cbadd82d-93c1-4516-940b-a7bad1d4aa4b@group-5CA1FB277425: start as a follower, conf=-1: [da3038ec-c4fd-4e11-9179-86b1e11d81da:192.168.164.209:42661, 3bb84b5b-c269-4d26-bdfe-cbd49ad8842a:192.168.164.209:36953, cbadd82d-93c1-4516-940b-a7bad1d4aa4b:192.168.164.209:33133], old=null
2019-11-05 04:06:07,355 [pool-107-thread-1] INFO  server.RaftServerConfigKeys (ConfUtils.java:logGet(43)) - raft.server.log.statemachine.data.sync.timeout.retry = -1 (default)
2019-11-05 04:06:07,355 [pool-117-thread-1] INFO  impl.RaftServerImpl (RaftServerImpl.java:setRole(173)) - cbadd82d-93c1-4516-940b-a7bad1d4aa4b@group-5CA1FB277425: changes role from      null to FOLLOWER at term 0 for startAsFollower
2019-11-05 04:06:07,355 [pool-127-thread-1] INFO  server.RaftServerConfigKeys (ConfUtils.java:logGet(43)) - raft.server.log.statemachine.data.sync.timeout = 10s (default)
2019-11-05 04:06:07,355 [pool-117-thread-1] INFO  impl.RoleInfo (RoleInfo.java:updateAndGet(143)) - cbadd82d-93c1-4516-940b-a7bad1d4aa4b: start FollowerState
2019-11-05 04:06:07,355 [pool-107-thread-1] INFO  server.RaftServerConfigKeys (ConfUtils.java:logGet(43)) - raft.server.log.statemachine.data.caching.enabled = true (custom)
2019-11-05 04:06:07,355 [pool-127-thread-1] INFO  server.RaftServerConfigKeys (ConfUtils.java:logGet(43)) - raft.server.log.statemachine.data.sync.timeout.retry = -1 (default)
2019-11-05 04:06:07,356 [pool-107-thread-1] INFO  segmented.SegmentedRaftLogWorker (SegmentedRaftLogWorker.java:lambda$new$0(128)) - 3bb84b5b-c269-4d26-bdfe-cbd49ad8842a@group-5CA1FB277425-SegmentedRaftLogWorker: flushIndex: setUnconditionally 0 -> -1
2019-11-05 04:06:07,356 [pool-127-thread-1] INFO  server.RaftServerConfigKeys (ConfUtils.java:logGet(43)) - raft.server.log.statemachine.data.caching.enabled = true (custom)
2019-11-05 04:06:07,356 [pool-117-thread-1] INFO  util.JmxRegister (JmxRegister.java:tryRegister(44)) - Successfully registered JMX Bean with object name Ratis:service=RaftServer,group=group-5CA1FB277425,id=cbadd82d-93c1-4516-940b-a7bad1d4aa4b
2019-11-05 04:06:07,356 [pool-107-thread-1] INFO  server.RaftServerConfigKeys (ConfUtils.java:logGet(43)) - raft.server.snapshot.auto.trigger.enabled = true (custom)
2019-11-05 04:06:07,356 [pool-127-thread-1] INFO  segmented.SegmentedRaftLogWorker (SegmentedRaftLogWorker.java:lambda$new$0(128)) - da3038ec-c4fd-4e11-9179-86b1e11d81da@group-5CA1FB277425-SegmentedRaftLogWorker: flushIndex: setUnconditionally 0 -> -1
2019-11-05 04:06:07,356 [pool-117-thread-1] WARN  impl.MetricRegistriesImpl (MetricRegistriesImpl.java:lambda$create$1(61)) - First MetricRegistry has been created without registering reporters. You may need to call MetricRegistries.global().addReportRegistration(...) before.
2019-11-05 04:06:07,356 [pool-107-thread-1] INFO  server.RaftServerConfigKeys (ConfUtils.java:logGet(43)) - raft.server.snapshot.auto.trigger.threshold = 10000 (custom)
2019-11-05 04:06:07,356 [pool-127-thread-1] INFO  server.RaftServerConfigKeys (ConfUtils.java:logGet(43)) - raft.server.snapshot.auto.trigger.enabled = true (custom)
2019-11-05 04:06:07,356 [pool-107-thread-1] INFO  server.RaftServerConfigKeys (ConfUtils.java:logGet(43)) - raft.server.snapshot.retention.file.num = 5 (custom)
2019-11-05 04:06:07,356 [pool-127-thread-1] INFO  server.RaftServerConfigKeys (ConfUtils.java:logGet(43)) - raft.server.snapshot.auto.trigger.threshold = 10000 (custom)
2019-11-05 04:06:07,357 [pool-107-thread-1] INFO  server.RaftServerConfigKeys (ConfUtils.java:logGet(43)) - raft.server.retrycache.expirytime = 600000ms (custom)
2019-11-05 04:06:07,357 [pool-127-thread-1] INFO  server.RaftServerConfigKeys (ConfUtils.java:logGet(43)) - raft.server.snapshot.retention.file.num = 5 (custom)
2019-11-05 04:06:07,357 [pool-107-thread-1] WARN  impl.MetricRegistriesImpl (MetricRegistriesImpl.java:lambda$create$1(61)) - First MetricRegistry has been created without registering reporters. You may need to call MetricRegistries.global().addReportRegistration(...) before.
2019-11-05 04:06:07,357 [pool-127-thread-1] INFO  server.RaftServerConfigKeys (ConfUtils.java:logGet(43)) - raft.server.retrycache.expirytime = 600000ms (custom)
2019-11-05 04:06:07,357 [pool-107-thread-1] WARN  impl.MetricRegistriesImpl (MetricRegistriesImpl.java:lambda$create$1(61)) - First MetricRegistry has been created without registering reporters. You may need to call MetricRegistries.global().addReportRegistration(...) before.
2019-11-05 04:06:07,357 [pool-127-thread-1] WARN  impl.MetricRegistriesImpl (MetricRegistriesImpl.java:lambda$create$1(61)) - First MetricRegistry has been created without registering reporters. You may need to call MetricRegistries.global().addReportRegistration(...) before.
2019-11-05 04:06:07,357 [pool-107-thread-1] INFO  impl.RaftServerImpl (RaftServerImpl.java:start(184)) - 3bb84b5b-c269-4d26-bdfe-cbd49ad8842a@group-5CA1FB277425: start as a follower, conf=-1: [da3038ec-c4fd-4e11-9179-86b1e11d81da:192.168.164.209:42661, 3bb84b5b-c269-4d26-bdfe-cbd49ad8842a:192.168.164.209:36953, cbadd82d-93c1-4516-940b-a7bad1d4aa4b:192.168.164.209:33133], old=null
2019-11-05 04:06:07,357 [pool-127-thread-1] WARN  impl.MetricRegistriesImpl (MetricRegistriesImpl.java:lambda$create$1(61)) - First MetricRegistry has been created without registering reporters. You may need to call MetricRegistries.global().addReportRegistration(...) before.
2019-11-05 04:06:07,357 [pool-107-thread-1] INFO  impl.RaftServerImpl (RaftServerImpl.java:setRole(173)) - 3bb84b5b-c269-4d26-bdfe-cbd49ad8842a@group-5CA1FB277425: changes role from      null to FOLLOWER at term 0 for startAsFollower
2019-11-05 04:06:07,358 [pool-127-thread-1] INFO  impl.RaftServerImpl (RaftServerImpl.java:start(184)) - da3038ec-c4fd-4e11-9179-86b1e11d81da@group-5CA1FB277425: start as a follower, conf=-1: [da3038ec-c4fd-4e11-9179-86b1e11d81da:192.168.164.209:42661, 3bb84b5b-c269-4d26-bdfe-cbd49ad8842a:192.168.164.209:36953, cbadd82d-93c1-4516-940b-a7bad1d4aa4b:192.168.164.209:33133], old=null
2019-11-05 04:06:07,358 [pool-107-thread-1] INFO  impl.RoleInfo (RoleInfo.java:updateAndGet(143)) - 3bb84b5b-c269-4d26-bdfe-cbd49ad8842a: start FollowerState
2019-11-05 04:06:07,358 [pool-127-thread-1] INFO  impl.RaftServerImpl (RaftServerImpl.java:setRole(173)) - da3038ec-c4fd-4e11-9179-86b1e11d81da@group-5CA1FB277425: changes role from      null to FOLLOWER at term 0 for startAsFollower
2019-11-05 04:06:07,358 [pool-107-thread-1] INFO  util.JmxRegister (JmxRegister.java:tryRegister(44)) - Successfully registered JMX Bean with object name Ratis:service=RaftServer,group=group-5CA1FB277425,id=3bb84b5b-c269-4d26-bdfe-cbd49ad8842a
2019-11-05 04:06:07,358 [pool-107-thread-1] WARN  impl.MetricRegistriesImpl (MetricRegistriesImpl.java:lambda$create$1(61)) - First MetricRegistry has been created without registering reporters. You may need to call MetricRegistries.global().addReportRegistration(...) before.
2019-11-05 04:06:07,358 [pool-127-thread-1] INFO  impl.RoleInfo (RoleInfo.java:updateAndGet(143)) - da3038ec-c4fd-4e11-9179-86b1e11d81da: start FollowerState
2019-11-05 04:06:07,359 [pool-127-thread-1] INFO  util.JmxRegister (JmxRegister.java:tryRegister(44)) - Successfully registered JMX Bean with object name Ratis:service=RaftServer,group=group-5CA1FB277425,id=da3038ec-c4fd-4e11-9179-86b1e11d81da
2019-11-05 04:06:07,359 [pool-127-thread-1] WARN  impl.MetricRegistriesImpl (MetricRegistriesImpl.java:lambda$create$1(61)) - First MetricRegistry has been created without registering reporters. You may need to call MetricRegistries.global().addReportRegistration(...) before.
2019-11-05 04:06:07,362 [RatisPipelineUtilsThread] INFO  pipeline.PipelineStateManager (PipelineStateManager.java:addPipeline(56)) - Created pipeline Pipeline[ Id: f1e6ef9c-1e44-44a2-a1ad-5ca1fb277425, Nodes: cbadd82d-93c1-4516-940b-a7bad1d4aa4b{ip: 192.168.164.209, host: pr-hdds-1576-zlq79-596195737, networkLocation: /default-rack, certSerialId: null}3bb84b5b-c269-4d26-bdfe-cbd49ad8842a{ip: 192.168.164.209, host: pr-hdds-1576-zlq79-596195737, networkLocation: /default-rack, certSerialId: null}da3038ec-c4fd-4e11-9179-86b1e11d81da{ip: 192.168.164.209, host: pr-hdds-1576-zlq79-596195737, networkLocation: /default-rack, certSerialId: null}, Type:RATIS, Factor:THREE, State:OPEN]
2019-11-05 04:06:07,369 [grpc-default-executor-0] INFO  impl.RaftServerProxy (RaftServerProxy.java:addNew(89)) - 3bb84b5b-c269-4d26-bdfe-cbd49ad8842a: addNew group-AF2447B28170:[da3038ec-c4fd-4e11-9179-86b1e11d81da:192.168.164.209:42661, 3bb84b5b-c269-4d26-bdfe-cbd49ad8842a:192.168.164.209:36953, cbadd82d-93c1-4516-940b-a7bad1d4aa4b:192.168.164.209:33133] returns group-AF2447B28170:java.util.concurrent.CompletableFuture@2ff81f2a[Not completed]
2019-11-05 04:06:07,369 [grpc-default-executor-1] INFO  impl.RaftServerProxy (RaftServerProxy.java:addNew(89)) - da3038ec-c4fd-4e11-9179-86b1e11d81da: addNew group-AF2447B28170:[da3038ec-c4fd-4e11-9179-86b1e11d81da:192.168.164.209:42661, 3bb84b5b-c269-4d26-bdfe-cbd49ad8842a:192.168.164.209:36953, cbadd82d-93c1-4516-940b-a7bad1d4aa4b:192.168.164.209:33133] returns group-AF2447B28170:java.util.concurrent.CompletableFuture@2fb803fa[Not completed]
2019-11-05 04:06:07,369 [grpc-default-executor-2] INFO  impl.RaftServerProxy (RaftServerProxy.java:addNew(89)) - cbadd82d-93c1-4516-940b-a7bad1d4aa4b: addNew group-AF2447B28170:[da3038ec-c4fd-4e11-9179-86b1e11d81da:192.168.164.209:42661, 3bb84b5b-c269-4d26-bdfe-cbd49ad8842a:192.168.164.209:36953, cbadd82d-93c1-4516-940b-a7bad1d4aa4b:192.168.164.209:33133] returns group-AF2447B28170:java.util.concurrent.CompletableFuture@66f2618f[Not completed]
2019-11-05 04:06:07,370 [pool-107-thread-1] INFO  impl.RaftServerImpl (RaftServerImpl.java:<init>(98)) - 3bb84b5b-c269-4d26-bdfe-cbd49ad8842a: new RaftServerImpl for group-AF2447B28170:[da3038ec-c4fd-4e11-9179-86b1e11d81da:192.168.164.209:42661, 3bb84b5b-c269-4d26-bdfe-cbd49ad8842a:192.168.164.209:36953, cbadd82d-93c1-4516-940b-a7bad1d4aa4b:192.168.164.209:33133] with ContainerStateMachine:uninitialized
2019-11-05 04:06:07,370 [pool-107-thread-1] INFO  server.RaftServerConfigKeys (ConfUtils.java:logGet(43)) - raft.server.rpc.timeout.min = 5s (custom)
2019-11-05 04:06:07,370 [pool-107-thread-1] INFO  server.RaftServerConfigKeys (ConfUtils.java:logGet(43)) - raft.server.rpc.timeout.max = 5200ms (custom)
2019-11-05 04:06:07,370 [pool-107-thread-1] INFO  server.RaftServerConfigKeys (ConfUtils.java:logGet(43)) - raft.server.rpcslowness.timeout = 120s (custom)
2019-11-05 04:06:07,370 [pool-107-thread-1] INFO  server.RaftServerConfigKeys (ConfUtils.java:logGet(43)) - raft.server.sleep.deviation.threshold = 300 (default)
2019-11-05 04:06:07,370 [pool-107-thread-1] INFO  server.RaftServerConfigKeys (ConfUtils.java:logGet(43)) - raft.server.log.appender.install.snapshot.enabled = false (custom)
2019-11-05 04:06:07,370 [pool-107-thread-1] INFO  impl.RaftServerImpl (ServerState.java:<init>(103)) - 3bb84b5b-c269-4d26-bdfe-cbd49ad8842a@group-AF2447B28170: ConfigurationManager, init=-1: [da3038ec-c4fd-4e11-9179-86b1e11d81da:192.168.164.209:42661, 3bb84b5b-c269-4d26-bdfe-cbd49ad8842a:192.168.164.209:36953, cbadd82d-93c1-4516-940b-a7bad1d4aa4b:192.168.164.209:33133], old=null, confs=<EMPTY_MAP>
2019-11-05 04:06:07,370 [pool-107-thread-1] INFO  server.RaftServerConfigKeys (ConfUtils.java:logGet(43)) - raft.server.storage.dir = [/workdir/hadoop-ozone/integration-test/target/test-dir/MiniOzoneClusterImpl-b5e44674-0749-41b5-a0d1-bb304d26ed7a/datanode-0/data/ratis] (custom)
2019-11-05 04:06:07,370 [pool-117-thread-1] INFO  impl.RaftServerImpl (RaftServerImpl.java:<init>(98)) - cbadd82d-93c1-4516-940b-a7bad1d4aa4b: new RaftServerImpl for group-AF2447B28170:[da3038ec-c4fd-4e11-9179-86b1e11d81da:192.168.164.209:42661, 3bb84b5b-c269-4d26-bdfe-cbd49ad8842a:192.168.164.209:36953, cbadd82d-93c1-4516-940b-a7bad1d4aa4b:192.168.164.209:33133] with ContainerStateMachine:uninitialized
2019-11-05 04:06:07,371 [pool-107-thread-1] INFO  server.RaftServerConfigKeys (ConfUtils.java:logGet(43)) - raft.server.log.corruption.policy = EXCEPTION (default)
2019-11-05 04:06:07,371 [pool-117-thread-1] INFO  server.RaftServerConfigKeys (ConfUtils.java:logGet(43)) - raft.server.rpc.timeout.min = 5s (custom)
2019-11-05 04:06:07,371 [pool-107-thread-1] INFO  storage.RaftStorageDirectory (RaftStorageDirectory.java:analyzeStorage(246)) - The storage directory /workdir/hadoop-ozone/integration-test/target/test-dir/MiniOzoneClusterImpl-b5e44674-0749-41b5-a0d1-bb304d26ed7a/datanode-0/data/ratis/b561a678-daa9-4d35-89b0-af2447b28170 does not exist. Creating ...
2019-11-05 04:06:07,371 [pool-117-thread-1] INFO  server.RaftServerConfigKeys (ConfUtils.java:logGet(43)) - raft.server.rpc.timeout.max = 5200ms (custom)
2019-11-05 04:06:07,371 [pool-117-thread-1] INFO  server.RaftServerConfigKeys (ConfUtils.java:logGet(43)) - raft.server.rpcslowness.timeout = 120s (custom)
2019-11-05 04:06:07,371 [pool-117-thread-1] INFO  server.RaftServerConfigKeys (ConfUtils.java:logGet(43)) - raft.server.sleep.deviation.threshold = 300 (default)
2019-11-05 04:06:07,371 [pool-117-thread-1] INFO  server.RaftServerConfigKeys (ConfUtils.java:logGet(43)) - raft.server.log.appender.install.snapshot.enabled = false (custom)
2019-11-05 04:06:07,371 [pool-117-thread-1] INFO  impl.RaftServerImpl (ServerState.java:<init>(103)) - cbadd82d-93c1-4516-940b-a7bad1d4aa4b@group-AF2447B28170: ConfigurationManager, init=-1: [da3038ec-c4fd-4e11-9179-86b1e11d81da:192.168.164.209:42661, 3bb84b5b-c269-4d26-bdfe-cbd49ad8842a:192.168.164.209:36953, cbadd82d-93c1-4516-940b-a7bad1d4aa4b:192.168.164.209:33133], old=null, confs=<EMPTY_MAP>
2019-11-05 04:06:07,371 [pool-127-thread-1] INFO  impl.RaftServerImpl (RaftServerImpl.java:<init>(98)) - da3038ec-c4fd-4e11-9179-86b1e11d81da: new RaftServerImpl for group-AF2447B28170:[da3038ec-c4fd-4e11-9179-86b1e11d81da:192.168.164.209:42661, 3bb84b5b-c269-4d26-bdfe-cbd49ad8842a:192.168.164.209:36953, cbadd82d-93c1-4516-940b-a7bad1d4aa4b:192.168.164.209:33133] with ContainerStateMachine:uninitialized
2019-11-05 04:06:07,371 [pool-117-thread-1] INFO  server.RaftServerConfigKeys (ConfUtils.java:logGet(43)) - raft.server.storage.dir = [/workdir/hadoop-ozone/integration-test/target/test-dir/MiniOzoneClusterImpl-b5e44674-0749-41b5-a0d1-bb304d26ed7a/datanode-1/data/ratis] (custom)
2019-11-05 04:06:07,371 [pool-127-thread-1] INFO  server.RaftServerConfigKeys (ConfUtils.java:logGet(43)) - raft.server.rpc.timeout.min = 5s (custom)
2019-11-05 04:06:07,372 [pool-117-thread-1] INFO  server.RaftServerConfigKeys (ConfUtils.java:logGet(43)) - raft.server.log.corruption.policy = EXCEPTION (default)
2019-11-05 04:06:07,372 [pool-127-thread-1] INFO  server.RaftServerConfigKeys (ConfUtils.java:logGet(43)) - raft.server.rpc.timeout.max = 5200ms (custom)
2019-11-05 04:06:07,372 [pool-117-thread-1] INFO  storage.RaftStorageDirectory (RaftStorageDirectory.java:analyzeStorage(246)) - The storage directory /workdir/hadoop-ozone/integration-test/target/test-dir/MiniOzoneClusterImpl-b5e44674-0749-41b5-a0d1-bb304d26ed7a/datanode-1/data/ratis/b561a678-daa9-4d35-89b0-af2447b28170 does not exist. Creating ...
2019-11-05 04:06:07,372 [pool-127-thread-1] INFO  server.RaftServerConfigKeys (ConfUtils.java:logGet(43)) - raft.server.rpcslowness.timeout = 120s (custom)
2019-11-05 04:06:07,372 [pool-127-thread-1] INFO  server.RaftServerConfigKeys (ConfUtils.java:logGet(43)) - raft.server.sleep.deviation.threshold = 300 (default)
2019-11-05 04:06:07,372 [pool-127-thread-1] INFO  server.RaftServerConfigKeys (ConfUtils.java:logGet(43)) - raft.server.log.appender.install.snapshot.enabled = false (custom)
2019-11-05 04:06:07,372 [pool-127-thread-1] INFO  impl.RaftServerImpl (ServerState.java:<init>(103)) - da3038ec-c4fd-4e11-9179-86b1e11d81da@group-AF2447B28170: ConfigurationManager, init=-1: [da3038ec-c4fd-4e11-9179-86b1e11d81da:192.168.164.209:42661, 3bb84b5b-c269-4d26-bdfe-cbd49ad8842a:192.168.164.209:36953, cbadd82d-93c1-4516-940b-a7bad1d4aa4b:192.168.164.209:33133], old=null, confs=<EMPTY_MAP>
2019-11-05 04:06:07,373 [pool-127-thread-1] INFO  server.RaftServerConfigKeys (ConfUtils.java:logGet(43)) - raft.server.storage.dir = [/workdir/hadoop-ozone/integration-test/target/test-dir/MiniOzoneClusterImpl-b5e44674-0749-41b5-a0d1-bb304d26ed7a/datanode-2/data/ratis] (custom)
2019-11-05 04:06:07,373 [pool-127-thread-1] INFO  server.RaftServerConfigKeys (ConfUtils.java:logGet(43)) - raft.server.log.corruption.policy = EXCEPTION (default)
2019-11-05 04:06:07,373 [pool-127-thread-1] INFO  storage.RaftStorageDirectory (RaftStorageDirectory.java:analyzeStorage(246)) - The storage directory /workdir/hadoop-ozone/integration-test/target/test-dir/MiniOzoneClusterImpl-b5e44674-0749-41b5-a0d1-bb304d26ed7a/datanode-2/data/ratis/b561a678-daa9-4d35-89b0-af2447b28170 does not exist. Creating ...
2019-11-05 04:06:07,399 [pool-127-thread-1] INFO  storage.RaftStorageDirectory (RaftStorageDirectory.java:tryLock(328)) - Lock on /workdir/hadoop-ozone/integration-test/target/test-dir/MiniOzoneClusterImpl-b5e44674-0749-41b5-a0d1-bb304d26ed7a/datanode-2/data/ratis/b561a678-daa9-4d35-89b0-af2447b28170/in_use.lock acquired by nodename 11196@pr-hdds-1576-zlq79-596195737
2019-11-05 04:06:07,399 [pool-117-thread-1] INFO  storage.RaftStorageDirectory (RaftStorageDirectory.java:tryLock(328)) - Lock on /workdir/hadoop-ozone/integration-test/target/test-dir/MiniOzoneClusterImpl-b5e44674-0749-41b5-a0d1-bb304d26ed7a/datanode-1/data/ratis/b561a678-daa9-4d35-89b0-af2447b28170/in_use.lock acquired by nodename 11196@pr-hdds-1576-zlq79-596195737
2019-11-05 04:06:07,399 [pool-107-thread-1] INFO  storage.RaftStorageDirectory (RaftStorageDirectory.java:tryLock(328)) - Lock on /workdir/hadoop-ozone/integration-test/target/test-dir/MiniOzoneClusterImpl-b5e44674-0749-41b5-a0d1-bb304d26ed7a/datanode-0/data/ratis/b561a678-daa9-4d35-89b0-af2447b28170/in_use.lock acquired by nodename 11196@pr-hdds-1576-zlq79-596195737
2019-11-05 04:06:07,421 [pool-127-thread-1] INFO  storage.RaftStorage (RaftStorage.java:format(84)) - Storage directory /workdir/hadoop-ozone/integration-test/target/test-dir/MiniOzoneClusterImpl-b5e44674-0749-41b5-a0d1-bb304d26ed7a/datanode-2/data/ratis/b561a678-daa9-4d35-89b0-af2447b28170 has been successfully formatted.
2019-11-05 04:06:07,421 [pool-107-thread-1] INFO  storage.RaftStorage (RaftStorage.java:format(84)) - Storage directory /workdir/hadoop-ozone/integration-test/target/test-dir/MiniOzoneClusterImpl-b5e44674-0749-41b5-a0d1-bb304d26ed7a/datanode-0/data/ratis/b561a678-daa9-4d35-89b0-af2447b28170 has been successfully formatted.
2019-11-05 04:06:07,421 [pool-117-thread-1] INFO  storage.RaftStorage (RaftStorage.java:format(84)) - Storage directory /workdir/hadoop-ozone/integration-test/target/test-dir/MiniOzoneClusterImpl-b5e44674-0749-41b5-a0d1-bb304d26ed7a/datanode-1/data/ratis/b561a678-daa9-4d35-89b0-af2447b28170 has been successfully formatted.
2019-11-05 04:06:07,422 [pool-107-thread-1] INFO  ratis.ContainerStateMachine (ContainerStateMachine.java:loadSnapshot(231)) - group-AF2447B28170: The snapshot info is null. Setting the last applied indexto:(t:0, i:~)
2019-11-05 04:06:07,422 [pool-127-thread-1] INFO  ratis.ContainerStateMachine (ContainerStateMachine.java:loadSnapshot(231)) - group-AF2447B28170: The snapshot info is null. Setting the last applied indexto:(t:0, i:~)
2019-11-05 04:06:07,422 [pool-107-thread-1] INFO  server.RaftServerConfigKeys (ConfUtils.java:logGet(43)) - raft.server.notification.no-leader.timeout = 120s (custom)
2019-11-05 04:06:07,422 [pool-117-thread-1] INFO  ratis.ContainerStateMachine (ContainerStateMachine.java:loadSnapshot(231)) - group-AF2447B28170: The snapshot info is null. Setting the last applied indexto:(t:0, i:~)
2019-11-05 04:06:07,422 [pool-107-thread-1] INFO  server.RaftServerConfigKeys (ConfUtils.java:logGet(43)) - raft.server.log.use.memory = false (default)
2019-11-05 04:06:07,422 [pool-127-thread-1] INFO  server.RaftServerConfigKeys (ConfUtils.java:logGet(43)) - raft.server.notification.no-leader.timeout = 120s (custom)
2019-11-05 04:06:07,423 [pool-107-thread-1] INFO  server.RaftServerConfigKeys (ConfUtils.java:logGet(43)) - raft.server.log.purge.gap = 1000000 (custom)
2019-11-05 04:06:07,423 [pool-107-thread-1] INFO  server.RaftServerConfigKeys (ConfUtils.java:logGet(43)) - raft.server.log.appender.buffer.byte-limit = 33554432 (custom)
2019-11-05 04:06:07,422 [pool-117-thread-1] INFO  server.RaftServerConfigKeys (ConfUtils.java:logGet(43)) - raft.server.notification.no-leader.timeout = 120s (custom)
2019-11-05 04:06:07,423 [pool-107-thread-1] INFO  server.RaftServerConfigKeys (ConfUtils.java:logGet(43)) - raft.server.log.segment.size.max = 1048576 (custom)
2019-11-05 04:06:07,423 [pool-127-thread-1] INFO  server.RaftServerConfigKeys (ConfUtils.java:logGet(43)) - raft.server.log.use.memory = false (default)
2019-11-05 04:06:07,423 [pool-107-thread-1] INFO  server.RaftServerConfigKeys (ConfUtils.java:logGet(43)) - raft.server.log.segment.cache.num.max = 2 (custom)
2019-11-05 04:06:07,424 [pool-107-thread-1] INFO  segmented.SegmentedRaftLogWorker (SegmentedRaftLogWorker.java:<init>(173)) - new 3bb84b5b-c269-4d26-bdfe-cbd49ad8842a@group-AF2447B28170-SegmentedRaftLogWorker for RaftStorage:Storage Directory /workdir/hadoop-ozone/integration-test/target/test-dir/MiniOzoneClusterImpl-b5e44674-0749-41b5-a0d1-bb304d26ed7a/datanode-0/data/ratis/b561a678-daa9-4d35-89b0-af2447b28170
2019-11-05 04:06:07,423 [pool-117-thread-1] INFO  server.RaftServerConfigKeys (ConfUtils.java:logGet(43)) - raft.server.log.use.memory = false (default)
2019-11-05 04:06:07,424 [pool-107-thread-1] INFO  server.RaftServerConfigKeys (ConfUtils.java:logGet(43)) - raft.server.log.queue.byte-limit = 2147483647 (custom)
2019-11-05 04:06:07,423 [pool-127-thread-1] INFO  server.RaftServerConfigKeys (ConfUtils.java:logGet(43)) - raft.server.log.purge.gap = 1000000 (custom)
2019-11-05 04:06:07,424 [pool-107-thread-1] INFO  server.RaftServerConfigKeys (ConfUtils.java:logGet(43)) - raft.server.log.queue.element-limit = 1024 (custom)
2019-11-05 04:06:07,424 [pool-117-thread-1] INFO  server.RaftServerConfigKeys (ConfUtils.java:logGet(43)) - raft.server.log.purge.gap = 1000000 (custom)
2019-11-05 04:06:07,424 [pool-107-thread-1] INFO  server.RaftServerConfigKeys (ConfUtils.java:logGet(43)) - raft.server.log.segment.size.max = 1048576 (custom)
2019-11-05 04:06:07,424 [pool-127-thread-1] INFO  server.RaftServerConfigKeys (ConfUtils.java:logGet(43)) - raft.server.log.appender.buffer.byte-limit = 33554432 (custom)
2019-11-05 04:06:07,425 [pool-107-thread-1] INFO  server.RaftServerConfigKeys (ConfUtils.java:logGet(43)) - raft.server.log.preallocated.size = 16384 (custom)
2019-11-05 04:06:07,424 [pool-117-thread-1] INFO  server.RaftServerConfigKeys (ConfUtils.java:logGet(43)) - raft.server.log.appender.buffer.byte-limit = 33554432 (custom)
2019-11-05 04:06:07,425 [pool-107-thread-1] INFO  server.RaftServerConfigKeys (ConfUtils.java:logGet(43)) - raft.server.log.write.buffer.size = 33554432 (custom)
2019-11-05 04:06:07,425 [pool-127-thread-1] INFO  server.RaftServerConfigKeys (ConfUtils.java:logGet(43)) - raft.server.log.segment.size.max = 1048576 (custom)
2019-11-05 04:06:07,425 [pool-107-thread-1] INFO  server.RaftServerConfigKeys (ConfUtils.java:logGet(43)) - raft.server.log.force.sync.num = 128 (default)
2019-11-05 04:06:07,425 [pool-117-thread-1] INFO  server.RaftServerConfigKeys (ConfUtils.java:logGet(43)) - raft.server.log.segment.size.max = 1048576 (custom)
2019-11-05 04:06:07,425 [pool-107-thread-1] INFO  server.RaftServerConfigKeys (ConfUtils.java:logGet(43)) - raft.server.log.statemachine.data.sync = true (default)
2019-11-05 04:06:07,425 [pool-127-thread-1] INFO  server.RaftServerConfigKeys (ConfUtils.java:logGet(43)) - raft.server.log.segment.cache.num.max = 2 (custom)
2019-11-05 04:06:07,426 [pool-107-thread-1] INFO  server.RaftServerConfigKeys (ConfUtils.java:logGet(43)) - raft.server.log.statemachine.data.sync.timeout = 10s (default)
2019-11-05 04:06:07,426 [pool-117-thread-1] INFO  server.RaftServerConfigKeys (ConfUtils.java:logGet(43)) - raft.server.log.segment.cache.num.max = 2 (custom)
2019-11-05 04:06:07,426 [pool-107-thread-1] INFO  server.RaftServerConfigKeys (ConfUtils.java:logGet(43)) - raft.server.log.statemachine.data.sync.timeout.retry = -1 (default)
2019-11-05 04:06:07,426 [pool-127-thread-1] INFO  segmented.SegmentedRaftLogWorker (SegmentedRaftLogWorker.java:<init>(173)) - new da3038ec-c4fd-4e11-9179-86b1e11d81da@group-AF2447B28170-SegmentedRaftLogWorker for RaftStorage:Storage Directory /workdir/hadoop-ozone/integration-test/target/test-dir/MiniOzoneClusterImpl-b5e44674-0749-41b5-a0d1-bb304d26ed7a/datanode-2/data/ratis/b561a678-daa9-4d35-89b0-af2447b28170
2019-11-05 04:06:07,426 [pool-117-thread-1] INFO  segmented.SegmentedRaftLogWorker (SegmentedRaftLogWorker.java:<init>(173)) - new cbadd82d-93c1-4516-940b-a7bad1d4aa4b@group-AF2447B28170-SegmentedRaftLogWorker for RaftStorage:Storage Directory /workdir/hadoop-ozone/integration-test/target/test-dir/MiniOzoneClusterImpl-b5e44674-0749-41b5-a0d1-bb304d26ed7a/datanode-1/data/ratis/b561a678-daa9-4d35-89b0-af2447b28170
2019-11-05 04:06:07,426 [pool-107-thread-1] INFO  server.RaftServerConfigKeys (ConfUtils.java:logGet(43)) - raft.server.log.statemachine.data.caching.enabled = true (custom)
2019-11-05 04:06:07,426 [pool-127-thread-1] INFO  server.RaftServerConfigKeys (ConfUtils.java:logGet(43)) - raft.server.log.queue.byte-limit = 2147483647 (custom)
2019-11-05 04:06:07,427 [pool-117-thread-1] INFO  server.RaftServerConfigKeys (ConfUtils.java:logGet(43)) - raft.server.log.queue.byte-limit = 2147483647 (custom)
2019-11-05 04:06:07,427 [pool-107-thread-1] INFO  segmented.SegmentedRaftLogWorker (SegmentedRaftLogWorker.java:lambda$new$0(128)) - 3bb84b5b-c269-4d26-bdfe-cbd49ad8842a@group-AF2447B28170-SegmentedRaftLogWorker: flushIndex: setUnconditionally 0 -> -1
2019-11-05 04:06:07,427 [pool-127-thread-1] INFO  server.RaftServerConfigKeys (ConfUtils.java:logGet(43)) - raft.server.log.queue.element-limit = 1024 (custom)
2019-11-05 04:06:07,427 [pool-117-thread-1] INFO  server.RaftServerConfigKeys (ConfUtils.java:logGet(43)) - raft.server.log.queue.element-limit = 1024 (custom)
2019-11-05 04:06:07,427 [pool-107-thread-1] INFO  server.RaftServerConfigKeys (ConfUtils.java:logGet(43)) - raft.server.snapshot.auto.trigger.enabled = true (custom)
2019-11-05 04:06:07,427 [pool-127-thread-1] INFO  server.RaftServerConfigKeys (ConfUtils.java:logGet(43)) - raft.server.log.segment.size.max = 1048576 (custom)
2019-11-05 04:06:07,428 [pool-107-thread-1] INFO  server.RaftServerConfigKeys (ConfUtils.java:logGet(43)) - raft.server.snapshot.auto.trigger.threshold = 10000 (custom)
2019-11-05 04:06:07,428 [pool-127-thread-1] INFO  server.RaftServerConfigKeys (ConfUtils.java:logGet(43)) - raft.server.log.preallocated.size = 16384 (custom)
2019-11-05 04:06:07,428 [pool-127-thread-1] INFO  server.RaftServerConfigKeys (ConfUtils.java:logGet(43)) - raft.server.log.write.buffer.size = 33554432 (custom)
2019-11-05 04:06:07,428 [pool-117-thread-1] INFO  server.RaftServerConfigKeys (ConfUtils.java:logGet(43)) - raft.server.log.segment.size.max = 1048576 (custom)
2019-11-05 04:06:07,428 [pool-127-thread-1] INFO  server.RaftServerConfigKeys (ConfUtils.java:logGet(43)) - raft.server.log.force.sync.num = 128 (default)
2019-11-05 04:06:07,428 [pool-107-thread-1] INFO  server.RaftServerConfigKeys (ConfUtils.java:logGet(43)) - raft.server.snapshot.retention.file.num = 5 (custom)
2019-11-05 04:06:07,428 [pool-127-thread-1] INFO  server.RaftServerConfigKeys (ConfUtils.java:logGet(43)) - raft.server.log.statemachine.data.sync = true (default)
2019-11-05 04:06:07,428 [pool-117-thread-1] INFO  server.RaftServerConfigKeys (ConfUtils.java:logGet(43)) - raft.server.log.preallocated.size = 16384 (custom)
2019-11-05 04:06:07,429 [pool-127-thread-1] INFO  server.RaftServerConfigKeys (ConfUtils.java:logGet(43)) - raft.server.log.statemachine.data.sync.timeout = 10s (default)
2019-11-05 04:06:07,429 [pool-107-thread-1] INFO  server.RaftServerConfigKeys (ConfUtils.java:logGet(43)) - raft.server.retrycache.expirytime = 600000ms (custom)
2019-11-05 04:06:07,429 [pool-127-thread-1] INFO  server.RaftServerConfigKeys (ConfUtils.java:logGet(43)) - raft.server.log.statemachine.data.sync.timeout.retry = -1 (default)
2019-11-05 04:06:07,429 [pool-117-thread-1] INFO  server.RaftServerConfigKeys (ConfUtils.java:logGet(43)) - raft.server.log.write.buffer.size = 33554432 (custom)
2019-11-05 04:06:07,429 [pool-127-thread-1] INFO  server.RaftServerConfigKeys (ConfUtils.java:logGet(43)) - raft.server.log.statemachine.data.caching.enabled = true (custom)
2019-11-05 04:06:07,429 [pool-107-thread-1] WARN  impl.MetricRegistriesImpl (MetricRegistriesImpl.java:lambda$create$1(61)) - First MetricRegistry has been created without registering reporters. You may need to call MetricRegistries.global().addReportRegistration(...) before.
2019-11-05 04:06:07,429 [pool-117-thread-1] INFO  server.RaftServerConfigKeys (ConfUtils.java:logGet(43)) - raft.server.log.force.sync.num = 128 (default)
2019-11-05 04:06:07,430 [pool-107-thread-1] WARN  impl.MetricRegistriesImpl (MetricRegistriesImpl.java:lambda$create$1(61)) - First MetricRegistry has been created without registering reporters. You may need to call MetricRegistries.global().addReportRegistration(...) before.
2019-11-05 04:06:07,430 [pool-127-thread-1] INFO  segmented.SegmentedRaftLogWorker (SegmentedRaftLogWorker.java:lambda$new$0(128)) - da3038ec-c4fd-4e11-9179-86b1e11d81da@group-AF2447B28170-SegmentedRaftLogWorker: flushIndex: setUnconditionally 0 -> -1
2019-11-05 04:06:07,430 [pool-107-thread-1] INFO  impl.RaftServerImpl (RaftServerImpl.java:start(184)) - 3bb84b5b-c269-4d26-bdfe-cbd49ad8842a@group-AF2447B28170: start as a follower, conf=-1: [da3038ec-c4fd-4e11-9179-86b1e11d81da:192.168.164.209:42661, 3bb84b5b-c269-4d26-bdfe-cbd49ad8842a:192.168.164.209:36953, cbadd82d-93c1-4516-940b-a7bad1d4aa4b:192.168.164.209:33133], old=null
2019-11-05 04:06:07,430 [pool-117-thread-1] INFO  server.RaftServerConfigKeys (ConfUtils.java:logGet(43)) - raft.server.log.statemachine.data.sync = true (default)
2019-11-05 04:06:07,430 [pool-127-thread-1] INFO  server.RaftServerConfigKeys (ConfUtils.java:logGet(43)) - raft.server.snapshot.auto.trigger.enabled = true (custom)
2019-11-05 04:06:07,430 [pool-107-thread-1] INFO  impl.RaftServerImpl (RaftServerImpl.java:setRole(173)) - 3bb84b5b-c269-4d26-bdfe-cbd49ad8842a@group-AF2447B28170: changes role from      null to FOLLOWER at term 0 for startAsFollower
2019-11-05 04:06:07,431 [pool-127-thread-1] INFO  server.RaftServerConfigKeys (ConfUtils.java:logGet(43)) - raft.server.snapshot.auto.trigger.threshold = 10000 (custom)
2019-11-05 04:06:07,430 [pool-117-thread-1] INFO  server.RaftServerConfigKeys (ConfUtils.java:logGet(43)) - raft.server.log.statemachine.data.sync.timeout = 10s (default)
2019-11-05 04:06:07,431 [pool-127-thread-1] INFO  server.RaftServerConfigKeys (ConfUtils.java:logGet(43)) - raft.server.snapshot.retention.file.num = 5 (custom)
2019-11-05 04:06:07,431 [pool-107-thread-1] INFO  impl.RoleInfo (RoleInfo.java:updateAndGet(143)) - 3bb84b5b-c269-4d26-bdfe-cbd49ad8842a: start FollowerState
2019-11-05 04:06:07,431 [pool-127-thread-1] INFO  server.RaftServerConfigKeys (ConfUtils.java:logGet(43)) - raft.server.retrycache.expirytime = 600000ms (custom)
2019-11-05 04:06:07,431 [pool-117-thread-1] INFO  server.RaftServerConfigKeys (ConfUtils.java:logGet(43)) - raft.server.log.statemachine.data.sync.timeout.retry = -1 (default)
2019-11-05 04:06:07,431 [pool-127-thread-1] WARN  impl.MetricRegistriesImpl (MetricRegistriesImpl.java:lambda$create$1(61)) - First MetricRegistry has been created without registering reporters. You may need to call MetricRegistries.global().addReportRegistration(...) before.
2019-11-05 04:06:07,432 [pool-117-thread-1] INFO  server.RaftServerConfigKeys (ConfUtils.java:logGet(43)) - raft.server.log.statemachine.data.caching.enabled = true (custom)
2019-11-05 04:06:07,432 [pool-107-thread-1] INFO  util.JmxRegister (JmxRegister.java:tryRegister(44)) - Successfully registered JMX Bean with object name Ratis:service=RaftServer,group=group-AF2447B28170,id=3bb84b5b-c269-4d26-bdfe-cbd49ad8842a
2019-11-05 04:06:07,432 [pool-127-thread-1] WARN  impl.MetricRegistriesImpl (MetricRegistriesImpl.java:lambda$create$1(61)) - First MetricRegistry has been created without registering reporters. You may need to call MetricRegistries.global().addReportRegistration(...) before.
2019-11-05 04:06:07,432 [pool-117-thread-1] INFO  segmented.SegmentedRaftLogWorker (SegmentedRaftLogWorker.java:lambda$new$0(128)) - cbadd82d-93c1-4516-940b-a7bad1d4aa4b@group-AF2447B28170-SegmentedRaftLogWorker: flushIndex: setUnconditionally 0 -> -1
2019-11-05 04:06:07,432 [pool-107-thread-1] WARN  impl.MetricRegistriesImpl (MetricRegistriesImpl.java:lambda$create$1(61)) - First MetricRegistry has been created without registering reporters. You may need to call MetricRegistries.global().addReportRegistration(...) before.
2019-11-05 04:06:07,432 [pool-127-thread-1] INFO  impl.RaftServerImpl (RaftServerImpl.java:start(184)) - da3038ec-c4fd-4e11-9179-86b1e11d81da@group-AF2447B28170: start as a follower, conf=-1: [da3038ec-c4fd-4e11-9179-86b1e11d81da:192.168.164.209:42661, 3bb84b5b-c269-4d26-bdfe-cbd49ad8842a:192.168.164.209:36953, cbadd82d-93c1-4516-940b-a7bad1d4aa4b:192.168.164.209:33133], old=null
2019-11-05 04:06:07,432 [pool-117-thread-1] INFO  server.RaftServerConfigKeys (ConfUtils.java:logGet(43)) - raft.server.snapshot.auto.trigger.enabled = true (custom)
2019-11-05 04:06:07,432 [pool-127-thread-1] INFO  impl.RaftServerImpl (RaftServerImpl.java:setRole(173)) - da3038ec-c4fd-4e11-9179-86b1e11d81da@group-AF2447B28170: changes role from      null to FOLLOWER at term 0 for startAsFollower
2019-11-05 04:06:07,433 [pool-117-thread-1] INFO  server.RaftServerConfigKeys (ConfUtils.java:logGet(43)) - raft.server.snapshot.auto.trigger.threshold = 10000 (custom)
2019-11-05 04:06:07,433 [pool-127-thread-1] INFO  impl.RoleInfo (RoleInfo.java:updateAndGet(143)) - da3038ec-c4fd-4e11-9179-86b1e11d81da: start FollowerState
2019-11-05 04:06:07,433 [pool-117-thread-1] INFO  server.RaftServerConfigKeys (ConfUtils.java:logGet(43)) - raft.server.snapshot.retention.file.num = 5 (custom)
2019-11-05 04:06:07,433 [pool-117-thread-1] INFO  server.RaftServerConfigKeys (ConfUtils.java:logGet(43)) - raft.server.retrycache.expirytime = 600000ms (custom)
2019-11-05 04:06:07,433 [pool-127-thread-1] INFO  util.JmxRegister (JmxRegister.java:tryRegister(44)) - Successfully registered JMX Bean with object name Ratis:service=RaftServer,group=group-AF2447B28170,id=da3038ec-c4fd-4e11-9179-86b1e11d81da
2019-11-05 04:06:07,433 [pool-117-thread-1] WARN  impl.MetricRegistriesImpl (MetricRegistriesImpl.java:lambda$create$1(61)) - First MetricRegistry has been created without registering reporters. You may need to call MetricRegistries.global().addReportRegistration(...) before.
2019-11-05 04:06:07,433 [pool-127-thread-1] WARN  impl.MetricRegistriesImpl (MetricRegistriesImpl.java:lambda$create$1(61)) - First MetricRegistry has been created without registering reporters. You may need to call MetricRegistries.global().addReportRegistration(...) before.
2019-11-05 04:06:07,434 [pool-117-thread-1] WARN  impl.MetricRegistriesImpl (MetricRegistriesImpl.java:lambda$create$1(61)) - First MetricRegistry has been created without registering reporters. You may need to call MetricRegistries.global().addReportRegistration(...) before.
2019-11-05 04:06:07,434 [pool-117-thread-1] INFO  impl.RaftServerImpl (RaftServerImpl.java:start(184)) - cbadd82d-93c1-4516-940b-a7bad1d4aa4b@group-AF2447B28170: start as a follower, conf=-1: [da3038ec-c4fd-4e11-9179-86b1e11d81da:192.168.164.209:42661, 3bb84b5b-c269-4d26-bdfe-cbd49ad8842a:192.168.164.209:36953, cbadd82d-93c1-4516-940b-a7bad1d4aa4b:192.168.164.209:33133], old=null
2019-11-05 04:06:07,434 [pool-117-thread-1] INFO  impl.RaftServerImpl (RaftServerImpl.java:setRole(173)) - cbadd82d-93c1-4516-940b-a7bad1d4aa4b@group-AF2447B28170: changes role from      null to FOLLOWER at term 0 for startAsFollower
2019-11-05 04:06:07,434 [pool-117-thread-1] INFO  impl.RoleInfo (RoleInfo.java:updateAndGet(143)) - cbadd82d-93c1-4516-940b-a7bad1d4aa4b: start FollowerState
2019-11-05 04:06:07,435 [pool-117-thread-1] INFO  util.JmxRegister (JmxRegister.java:tryRegister(44)) - Successfully registered JMX Bean with object name Ratis:service=RaftServer,group=group-AF2447B28170,id=cbadd82d-93c1-4516-940b-a7bad1d4aa4b
2019-11-05 04:06:07,435 [pool-117-thread-1] WARN  impl.MetricRegistriesImpl (MetricRegistriesImpl.java:lambda$create$1(61)) - First MetricRegistry has been created without registering reporters. You may need to call MetricRegistries.global().addReportRegistration(...) before.
2019-11-05 04:06:07,438 [RatisPipelineUtilsThread] INFO  pipeline.PipelineStateManager (PipelineStateManager.java:addPipeline(56)) - Created pipeline Pipeline[ Id: b561a678-daa9-4d35-89b0-af2447b28170, Nodes: 3bb84b5b-c269-4d26-bdfe-cbd49ad8842a{ip: 192.168.164.209, host: pr-hdds-1576-zlq79-596195737, networkLocation: /default-rack, certSerialId: null}cbadd82d-93c1-4516-940b-a7bad1d4aa4b{ip: 192.168.164.209, host: pr-hdds-1576-zlq79-596195737, networkLocation: /default-rack, certSerialId: null}da3038ec-c4fd-4e11-9179-86b1e11d81da{ip: 192.168.164.209, host: pr-hdds-1576-zlq79-596195737, networkLocation: /default-rack, certSerialId: null}, Type:RATIS, Factor:THREE, State:OPEN]
2019-11-05 04:06:07,438 [RatisPipelineUtilsThread] INFO  pipeline.PipelinePlacementPolicy (PipelinePlacementPolicy.java:meetCriteria(117)) - Pipeline Placement: can't place more pipeline on heavy datanode? 3bb84b5b-c269-4d26-bdfe-cbd49ad8842a Heaviness: 4 limit: 4
2019-11-05 04:06:07,438 [RatisPipelineUtilsThread] INFO  pipeline.PipelinePlacementPolicy (PipelinePlacementPolicy.java:meetCriteria(117)) - Pipeline Placement: can't place more pipeline on heavy datanode? cbadd82d-93c1-4516-940b-a7bad1d4aa4b Heaviness: 4 limit: 4
2019-11-05 04:06:07,439 [RatisPipelineUtilsThread] INFO  pipeline.PipelinePlacementPolicy (PipelinePlacementPolicy.java:meetCriteria(117)) - Pipeline Placement: can't place more pipeline on heavy datanode? da3038ec-c4fd-4e11-9179-86b1e11d81da Heaviness: 4 limit: 4
2019-11-05 04:06:07,439 [RatisPipelineUtilsThread] ERROR pipeline.PipelinePlacementPolicy (PipelinePlacementPolicy.java:filterViableNodes(175)) - Unable to find enough nodes that meet the criteria that cannot engage in more than 4 pipelines. Nodes required: 3 Found: 0, healthy nodes count in NodeManager: 3.
2019-11-05 04:06:07,439 [RatisPipelineUtilsThread] ERROR pipeline.SCMPipelineManager (SCMPipelineManager.java:createPipeline(161)) - Pipeline creation failed.
org.apache.hadoop.hdds.scm.exceptions.SCMException: Unable to find enough nodes that meet the criteria that cannot engage in more than 4 pipelines. Nodes required: 3 Found: 0, healthy nodes count in NodeManager: 3.
	at org.apache.hadoop.hdds.scm.pipeline.PipelinePlacementPolicy.filterViableNodes(PipelinePlacementPolicy.java:176)
	at org.apache.hadoop.hdds.scm.pipeline.PipelinePlacementPolicy.chooseDatanodes(PipelinePlacementPolicy.java:199)
	at org.apache.hadoop.hdds.scm.pipeline.RatisPipelineProvider.create(RatisPipelineProvider.java:177)
	at org.apache.hadoop.hdds.scm.pipeline.PipelineFactory.create(PipelineFactory.java:58)
	at org.apache.hadoop.hdds.scm.pipeline.SCMPipelineManager.createPipeline(SCMPipelineManager.java:151)
	at org.apache.hadoop.hdds.scm.pipeline.BackgroundPipelineCreator.createPipelines(BackgroundPipelineCreator.java:100)
	at java.util.concurrent.Executors$RunnableAdapter.call(Executors.java:511)
	at java.util.concurrent.FutureTask.run(FutureTask.java:266)
	at java.util.concurrent.ScheduledThreadPoolExecutor$ScheduledFutureTask.access$201(ScheduledThreadPoolExecutor.java:180)
	at java.util.concurrent.ScheduledThreadPoolExecutor$ScheduledFutureTask.run(ScheduledThreadPoolExecutor.java:293)
	at java.util.concurrent.ThreadPoolExecutor.runWorker(ThreadPoolExecutor.java:1149)
	at java.util.concurrent.ThreadPoolExecutor$Worker.run(ThreadPoolExecutor.java:624)
	at java.lang.Thread.run(Thread.java:748)
2019-11-05 04:06:07,442 [RatisPipelineUtilsThread] ERROR pipeline.SCMPipelineManager (SCMPipelineManager.java:createPipeline(161)) - Pipeline creation failed.
org.apache.hadoop.hdds.scm.exceptions.SCMException: Cannot create pipeline of factor 1 using 0 nodes. Used 3 nodes. Healthy nodes 3
	at org.apache.hadoop.hdds.scm.pipeline.RatisPipelineProvider.pickNodesNeverUsed(RatisPipelineProvider.java:128)
	at org.apache.hadoop.hdds.scm.pipeline.RatisPipelineProvider.create(RatisPipelineProvider.java:174)
	at org.apache.hadoop.hdds.scm.pipeline.PipelineFactory.create(PipelineFactory.java:58)
	at org.apache.hadoop.hdds.scm.pipeline.SCMPipelineManager.createPipeline(SCMPipelineManager.java:151)
	at org.apache.hadoop.hdds.scm.pipeline.BackgroundPipelineCreator.createPipelines(BackgroundPipelineCreator.java:100)
	at org.apache.hadoop.hdds.scm.pipeline.BackgroundPipelineCreator.lambda$startFixedIntervalPipelineCreator$0(BackgroundPipelineCreator.java:70)
	at java.util.concurrent.Executors$RunnableAdapter.call(Executors.java:511)
	at java.util.concurrent.FutureTask.runAndReset(FutureTask.java:308)
	at java.util.concurrent.ScheduledThreadPoolExecutor$ScheduledFutureTask.access$301(ScheduledThreadPoolExecutor.java:180)
	at java.util.concurrent.ScheduledThreadPoolExecutor$ScheduledFutureTask.run(ScheduledThreadPoolExecutor.java:294)
	at java.util.concurrent.ThreadPoolExecutor.runWorker(ThreadPoolExecutor.java:1149)
	at java.util.concurrent.ThreadPoolExecutor$Worker.run(ThreadPoolExecutor.java:624)
	at java.lang.Thread.run(Thread.java:748)
2019-11-05 04:06:07,442 [RatisPipelineUtilsThread] INFO  pipeline.PipelinePlacementPolicy (PipelinePlacementPolicy.java:meetCriteria(117)) - Pipeline Placement: can't place more pipeline on heavy datanode? 3bb84b5b-c269-4d26-bdfe-cbd49ad8842a Heaviness: 4 limit: 4
2019-11-05 04:06:07,442 [RatisPipelineUtilsThread] INFO  pipeline.PipelinePlacementPolicy (PipelinePlacementPolicy.java:meetCriteria(117)) - Pipeline Placement: can't place more pipeline on heavy datanode? cbadd82d-93c1-4516-940b-a7bad1d4aa4b Heaviness: 4 limit: 4
2019-11-05 04:06:07,443 [RatisPipelineUtilsThread] INFO  pipeline.PipelinePlacementPolicy (PipelinePlacementPolicy.java:meetCriteria(117)) - Pipeline Placement: can't place more pipeline on heavy datanode? da3038ec-c4fd-4e11-9179-86b1e11d81da Heaviness: 4 limit: 4
2019-11-05 04:06:07,443 [RatisPipelineUtilsThread] ERROR pipeline.PipelinePlacementPolicy (PipelinePlacementPolicy.java:filterViableNodes(175)) - Unable to find enough nodes that meet the criteria that cannot engage in more than 4 pipelines. Nodes required: 3 Found: 0, healthy nodes count in NodeManager: 3.
2019-11-05 04:06:07,443 [RatisPipelineUtilsThread] ERROR pipeline.SCMPipelineManager (SCMPipelineManager.java:createPipeline(161)) - Pipeline creation failed.
org.apache.hadoop.hdds.scm.exceptions.SCMException: Unable to find enough nodes that meet the criteria that cannot engage in more than 4 pipelines. Nodes required: 3 Found: 0, healthy nodes count in NodeManager: 3.
	at org.apache.hadoop.hdds.scm.pipeline.PipelinePlacementPolicy.filterViableNodes(PipelinePlacementPolicy.java:176)
	at org.apache.hadoop.hdds.scm.pipeline.PipelinePlacementPolicy.chooseDatanodes(PipelinePlacementPolicy.java:199)
	at org.apache.hadoop.hdds.scm.pipeline.RatisPipelineProvider.create(RatisPipelineProvider.java:177)
	at org.apache.hadoop.hdds.scm.pipeline.PipelineFactory.create(PipelineFactory.java:58)
	at org.apache.hadoop.hdds.scm.pipeline.SCMPipelineManager.createPipeline(SCMPipelineManager.java:151)
	at org.apache.hadoop.hdds.scm.pipeline.BackgroundPipelineCreator.createPipelines(BackgroundPipelineCreator.java:100)
	at org.apache.hadoop.hdds.scm.pipeline.BackgroundPipelineCreator.lambda$startFixedIntervalPipelineCreator$0(BackgroundPipelineCreator.java:70)
	at java.util.concurrent.Executors$RunnableAdapter.call(Executors.java:511)
	at java.util.concurrent.FutureTask.runAndReset(FutureTask.java:308)
	at java.util.concurrent.ScheduledThreadPoolExecutor$ScheduledFutureTask.access$301(ScheduledThreadPoolExecutor.java:180)
	at java.util.concurrent.ScheduledThreadPoolExecutor$ScheduledFutureTask.run(ScheduledThreadPoolExecutor.java:294)
	at java.util.concurrent.ThreadPoolExecutor.runWorker(ThreadPoolExecutor.java:1149)
	at java.util.concurrent.ThreadPoolExecutor$Worker.run(ThreadPoolExecutor.java:624)
	at java.lang.Thread.run(Thread.java:748)
2019-11-05 04:06:08,182 [Thread-480] INFO  ozone.MiniOzoneClusterImpl (MiniOzoneClusterImpl.java:lambda$waitForClusterToBeReady$0(151)) - Cluster is ready. Got 3 of 3 DN Heartbeats.
2019-11-05 04:06:09,035 [Datanode State Machine Thread - 0] INFO  statemachine.DatanodeStateMachine (DatanodeStateMachine.java:lambda$startDaemon$0(350)) - Ozone container server started.
2019-11-05 04:06:10,061 [Thread-652] INFO  container.ReplicationManager (ReplicationManager.java:start(163)) - Starting Replication Monitor Thread.
2019-11-05 04:06:10,063 [ReplicationMonitor] INFO  container.ReplicationManager (ReplicationManager.java:run(226)) - Replication Monitor Thread took 0 milliseconds for processing 0 containers.
2019-11-05 04:06:12,305 [Thread-654] INFO  impl.FollowerState (FollowerState.java:run(111)) - 3bb84b5b-c269-4d26-bdfe-cbd49ad8842a@group-B3C658EF7596-FollowerState: change to CANDIDATE, lastRpcTime:5176ms, electionTimeout:5176ms
2019-11-05 04:06:12,306 [Thread-654] INFO  impl.RoleInfo (RoleInfo.java:shutdownFollowerState(121)) - 3bb84b5b-c269-4d26-bdfe-cbd49ad8842a: shutdown FollowerState
2019-11-05 04:06:12,306 [Thread-654] INFO  impl.RaftServerImpl (RaftServerImpl.java:setRole(173)) - 3bb84b5b-c269-4d26-bdfe-cbd49ad8842a@group-B3C658EF7596: changes role from  FOLLOWER to CANDIDATE at term 0 for changeToCandidate
2019-11-05 04:06:12,307 [Thread-654] INFO  impl.RoleInfo (RoleInfo.java:updateAndGet(143)) - 3bb84b5b-c269-4d26-bdfe-cbd49ad8842a: start LeaderElection
2019-11-05 04:06:12,334 [Thread-657] INFO  impl.FollowerState (FollowerState.java:run(111)) - cbadd82d-93c1-4516-940b-a7bad1d4aa4b@group-8136E5244E98-FollowerState: change to CANDIDATE, lastRpcTime:5143ms, electionTimeout:5143ms
2019-11-05 04:06:12,334 [3bb84b5b-c269-4d26-bdfe-cbd49ad8842a@group-B3C658EF7596-LeaderElection17] INFO  impl.LeaderElection (LeaderElection.java:askForVotes(178)) - 3bb84b5b-c269-4d26-bdfe-cbd49ad8842a@group-B3C658EF7596-LeaderElection17: begin an election at term 1 for -1: [3bb84b5b-c269-4d26-bdfe-cbd49ad8842a:192.168.164.209:36953], old=null
2019-11-05 04:06:12,334 [Thread-657] INFO  impl.RoleInfo (RoleInfo.java:shutdownFollowerState(121)) - cbadd82d-93c1-4516-940b-a7bad1d4aa4b: shutdown FollowerState
2019-11-05 04:06:12,335 [Thread-657] INFO  impl.RaftServerImpl (RaftServerImpl.java:setRole(173)) - cbadd82d-93c1-4516-940b-a7bad1d4aa4b@group-8136E5244E98: changes role from  FOLLOWER to CANDIDATE at term 0 for changeToCandidate
2019-11-05 04:06:12,335 [3bb84b5b-c269-4d26-bdfe-cbd49ad8842a@group-B3C658EF7596-LeaderElection17] INFO  impl.RoleInfo (RoleInfo.java:shutdownLeaderElection(134)) - 3bb84b5b-c269-4d26-bdfe-cbd49ad8842a: shutdown LeaderElection
2019-11-05 04:06:12,335 [Thread-657] INFO  impl.RoleInfo (RoleInfo.java:updateAndGet(143)) - cbadd82d-93c1-4516-940b-a7bad1d4aa4b: start LeaderElection
2019-11-05 04:06:12,335 [3bb84b5b-c269-4d26-bdfe-cbd49ad8842a@group-B3C658EF7596-LeaderElection17] INFO  impl.RaftServerImpl (RaftServerImpl.java:setRole(173)) - 3bb84b5b-c269-4d26-bdfe-cbd49ad8842a@group-B3C658EF7596: changes role from CANDIDATE to LEADER at term 1 for changeToLeader
2019-11-05 04:06:12,335 [3bb84b5b-c269-4d26-bdfe-cbd49ad8842a@group-B3C658EF7596-LeaderElection17] INFO  impl.RaftServerImpl (ServerState.java:setLeader(255)) - 3bb84b5b-c269-4d26-bdfe-cbd49ad8842a@group-B3C658EF7596: change Leader from null to 3bb84b5b-c269-4d26-bdfe-cbd49ad8842a at term 1 for becomeLeader, leader elected after 5212ms
2019-11-05 04:06:12,337 [3bb84b5b-c269-4d26-bdfe-cbd49ad8842a@group-B3C658EF7596-LeaderElection17] INFO  server.RaftServerConfigKeys (ConfUtils.java:logGet(43)) - raft.server.staging.catchup.gap = 1000 (default)
2019-11-05 04:06:12,338 [3bb84b5b-c269-4d26-bdfe-cbd49ad8842a@group-B3C658EF7596-LeaderElection17] INFO  server.RaftServerConfigKeys (ConfUtils.java:logGet(43)) - raft.server.rpc.sleep.time = 25ms (default)
2019-11-05 04:06:12,338 [3bb84b5b-c269-4d26-bdfe-cbd49ad8842a@group-B3C658EF7596-LeaderElection17] INFO  server.RaftServerConfigKeys (ConfUtils.java:logGet(43)) - raft.server.write.element-limit = 4096 (default)
2019-11-05 04:06:12,339 [3bb84b5b-c269-4d26-bdfe-cbd49ad8842a@group-B3C658EF7596-LeaderElection17] INFO  server.RaftServerConfigKeys (ConfUtils.java:logGet(43)) - raft.server.watch.timeout = 10s (default)
2019-11-05 04:06:12,339 [3bb84b5b-c269-4d26-bdfe-cbd49ad8842a@group-B3C658EF7596-LeaderElection17] INFO  server.RaftServerConfigKeys (ConfUtils.java:logGet(43)) - raft.server.watch.timeout.denomination = 1s (default)
2019-11-05 04:06:12,339 [3bb84b5b-c269-4d26-bdfe-cbd49ad8842a@group-B3C658EF7596-LeaderElection17] INFO  server.RaftServerConfigKeys (ConfUtils.java:logGet(43)) - raft.server.watch.element-limit = 65536 (default)
2019-11-05 04:06:12,340 [3bb84b5b-c269-4d26-bdfe-cbd49ad8842a@group-B3C658EF7596-LeaderElection17] INFO  impl.RoleInfo (RoleInfo.java:updateAndGet(143)) - 3bb84b5b-c269-4d26-bdfe-cbd49ad8842a: start LeaderState
2019-11-05 04:06:12,341 [3bb84b5b-c269-4d26-bdfe-cbd49ad8842a@group-B3C658EF7596-LeaderElection17] INFO  segmented.SegmentedRaftLogWorker (SegmentedRaftLogWorker.java:startLogSegment(385)) - 3bb84b5b-c269-4d26-bdfe-cbd49ad8842a@group-B3C658EF7596-SegmentedRaftLogWorker: Starting segment from index:0
2019-11-05 04:06:12,342 [3bb84b5b-c269-4d26-bdfe-cbd49ad8842a@group-B3C658EF7596-LeaderElection17] INFO  impl.RaftServerImpl (ServerState.java:setRaftConf(356)) - 3bb84b5b-c269-4d26-bdfe-cbd49ad8842a@group-B3C658EF7596: set configuration 0: [3bb84b5b-c269-4d26-bdfe-cbd49ad8842a:192.168.164.209:36953], old=null at 0
2019-11-05 04:06:12,350 [cbadd82d-93c1-4516-940b-a7bad1d4aa4b@group-8136E5244E98-LeaderElection18] INFO  impl.LeaderElection (LeaderElection.java:askForVotes(178)) - cbadd82d-93c1-4516-940b-a7bad1d4aa4b@group-8136E5244E98-LeaderElection18: begin an election at term 1 for -1: [cbadd82d-93c1-4516-940b-a7bad1d4aa4b:192.168.164.209:33133], old=null
2019-11-05 04:06:12,350 [cbadd82d-93c1-4516-940b-a7bad1d4aa4b@group-8136E5244E98-LeaderElection18] INFO  impl.RoleInfo (RoleInfo.java:shutdownLeaderElection(134)) - cbadd82d-93c1-4516-940b-a7bad1d4aa4b: shutdown LeaderElection
2019-11-05 04:06:12,350 [cbadd82d-93c1-4516-940b-a7bad1d4aa4b@group-8136E5244E98-LeaderElection18] INFO  impl.RaftServerImpl (RaftServerImpl.java:setRole(173)) - cbadd82d-93c1-4516-940b-a7bad1d4aa4b@group-8136E5244E98: changes role from CANDIDATE to LEADER at term 1 for changeToLeader
2019-11-05 04:06:12,350 [cbadd82d-93c1-4516-940b-a7bad1d4aa4b@group-8136E5244E98-LeaderElection18] INFO  impl.RaftServerImpl (ServerState.java:setLeader(255)) - cbadd82d-93c1-4516-940b-a7bad1d4aa4b@group-8136E5244E98: change Leader from null to cbadd82d-93c1-4516-940b-a7bad1d4aa4b at term 1 for becomeLeader, leader elected after 5167ms
2019-11-05 04:06:12,350 [cbadd82d-93c1-4516-940b-a7bad1d4aa4b@group-8136E5244E98-LeaderElection18] INFO  server.RaftServerConfigKeys (ConfUtils.java:logGet(43)) - raft.server.staging.catchup.gap = 1000 (default)
2019-11-05 04:06:12,350 [cbadd82d-93c1-4516-940b-a7bad1d4aa4b@group-8136E5244E98-LeaderElection18] INFO  server.RaftServerConfigKeys (ConfUtils.java:logGet(43)) - raft.server.rpc.sleep.time = 25ms (default)
2019-11-05 04:06:12,351 [cbadd82d-93c1-4516-940b-a7bad1d4aa4b@group-8136E5244E98-LeaderElection18] INFO  server.RaftServerConfigKeys (ConfUtils.java:logGet(43)) - raft.server.write.element-limit = 4096 (default)
2019-11-05 04:06:12,351 [cbadd82d-93c1-4516-940b-a7bad1d4aa4b@group-8136E5244E98-LeaderElection18] INFO  server.RaftServerConfigKeys (ConfUtils.java:logGet(43)) - raft.server.watch.timeout = 10s (default)
2019-11-05 04:06:12,351 [cbadd82d-93c1-4516-940b-a7bad1d4aa4b@group-8136E5244E98-LeaderElection18] INFO  server.RaftServerConfigKeys (ConfUtils.java:logGet(43)) - raft.server.watch.timeout.denomination = 1s (default)
2019-11-05 04:06:12,351 [cbadd82d-93c1-4516-940b-a7bad1d4aa4b@group-8136E5244E98-LeaderElection18] INFO  server.RaftServerConfigKeys (ConfUtils.java:logGet(43)) - raft.server.watch.element-limit = 65536 (default)
2019-11-05 04:06:12,351 [cbadd82d-93c1-4516-940b-a7bad1d4aa4b@group-8136E5244E98-LeaderElection18] INFO  impl.RoleInfo (RoleInfo.java:updateAndGet(143)) - cbadd82d-93c1-4516-940b-a7bad1d4aa4b: start LeaderState
2019-11-05 04:06:12,352 [cbadd82d-93c1-4516-940b-a7bad1d4aa4b@group-8136E5244E98-LeaderElection18] INFO  segmented.SegmentedRaftLogWorker (SegmentedRaftLogWorker.java:startLogSegment(385)) - cbadd82d-93c1-4516-940b-a7bad1d4aa4b@group-8136E5244E98-SegmentedRaftLogWorker: Starting segment from index:0
2019-11-05 04:06:12,352 [cbadd82d-93c1-4516-940b-a7bad1d4aa4b@group-8136E5244E98-LeaderElection18] INFO  impl.RaftServerImpl (ServerState.java:setRaftConf(356)) - cbadd82d-93c1-4516-940b-a7bad1d4aa4b@group-8136E5244E98: set configuration 0: [cbadd82d-93c1-4516-940b-a7bad1d4aa4b:192.168.164.209:33133], old=null at 0
2019-11-05 04:06:12,355 [Thread-668] INFO  impl.FollowerState (FollowerState.java:run(111)) - cbadd82d-93c1-4516-940b-a7bad1d4aa4b@group-09860E25AFE5-FollowerState: change to CANDIDATE, lastRpcTime:5064ms, electionTimeout:5064ms
2019-11-05 04:06:12,355 [Thread-668] INFO  impl.RoleInfo (RoleInfo.java:shutdownFollowerState(121)) - cbadd82d-93c1-4516-940b-a7bad1d4aa4b: shutdown FollowerState
2019-11-05 04:06:12,355 [Thread-668] INFO  impl.RaftServerImpl (RaftServerImpl.java:setRole(173)) - cbadd82d-93c1-4516-940b-a7bad1d4aa4b@group-09860E25AFE5: changes role from  FOLLOWER to CANDIDATE at term 0 for changeToCandidate
2019-11-05 04:06:12,355 [Thread-668] INFO  impl.RoleInfo (RoleInfo.java:updateAndGet(143)) - cbadd82d-93c1-4516-940b-a7bad1d4aa4b: start LeaderElection
2019-11-05 04:06:12,385 [Thread-677] INFO  impl.FollowerState (FollowerState.java:run(111)) - da3038ec-c4fd-4e11-9179-86b1e11d81da@group-5CA1FB277425-FollowerState: change to CANDIDATE, lastRpcTime:5026ms, electionTimeout:5009ms
2019-11-05 04:06:12,386 [Thread-677] INFO  impl.RoleInfo (RoleInfo.java:shutdownFollowerState(121)) - da3038ec-c4fd-4e11-9179-86b1e11d81da: shutdown FollowerState
2019-11-05 04:06:12,386 [Thread-677] INFO  impl.RaftServerImpl (RaftServerImpl.java:setRole(173)) - da3038ec-c4fd-4e11-9179-86b1e11d81da@group-5CA1FB277425: changes role from  FOLLOWER to CANDIDATE at term 0 for changeToCandidate
2019-11-05 04:06:12,386 [Thread-677] INFO  impl.RoleInfo (RoleInfo.java:updateAndGet(143)) - da3038ec-c4fd-4e11-9179-86b1e11d81da: start LeaderElection
2019-11-05 04:06:12,399 [cbadd82d-93c1-4516-940b-a7bad1d4aa4b@group-8136E5244E98-SegmentedRaftLogWorker] INFO  segmented.SegmentedRaftLogWorker (SegmentedRaftLogWorker.java:execute(576)) - cbadd82d-93c1-4516-940b-a7bad1d4aa4b@group-8136E5244E98-SegmentedRaftLogWorker: created new log segment /workdir/hadoop-ozone/integration-test/target/test-dir/MiniOzoneClusterImpl-b5e44674-0749-41b5-a0d1-bb304d26ed7a/datanode-1/data/ratis/7d59b4f1-066f-4ab7-8067-8136e5244e98/current/log_inprogress_0
2019-11-05 04:06:12,399 [cbadd82d-93c1-4516-940b-a7bad1d4aa4b@group-09860E25AFE5-LeaderElection19] INFO  impl.LeaderElection (LeaderElection.java:askForVotes(178)) - cbadd82d-93c1-4516-940b-a7bad1d4aa4b@group-09860E25AFE5-LeaderElection19: begin an election at term 1 for -1: [da3038ec-c4fd-4e11-9179-86b1e11d81da:192.168.164.209:42661, 3bb84b5b-c269-4d26-bdfe-cbd49ad8842a:192.168.164.209:36953, cbadd82d-93c1-4516-940b-a7bad1d4aa4b:192.168.164.209:33133], old=null
2019-11-05 04:06:12,399 [da3038ec-c4fd-4e11-9179-86b1e11d81da@group-5CA1FB277425-LeaderElection20] INFO  impl.LeaderElection (LeaderElection.java:askForVotes(178)) - da3038ec-c4fd-4e11-9179-86b1e11d81da@group-5CA1FB277425-LeaderElection20: begin an election at term 1 for -1: [da3038ec-c4fd-4e11-9179-86b1e11d81da:192.168.164.209:42661, 3bb84b5b-c269-4d26-bdfe-cbd49ad8842a:192.168.164.209:36953, cbadd82d-93c1-4516-940b-a7bad1d4aa4b:192.168.164.209:33133], old=null
2019-11-05 04:06:12,399 [3bb84b5b-c269-4d26-bdfe-cbd49ad8842a@group-B3C658EF7596-SegmentedRaftLogWorker] INFO  segmented.SegmentedRaftLogWorker (SegmentedRaftLogWorker.java:execute(576)) - 3bb84b5b-c269-4d26-bdfe-cbd49ad8842a@group-B3C658EF7596-SegmentedRaftLogWorker: created new log segment /workdir/hadoop-ozone/integration-test/target/test-dir/MiniOzoneClusterImpl-b5e44674-0749-41b5-a0d1-bb304d26ed7a/datanode-0/data/ratis/b7ffbff3-cb76-488e-a4ec-b3c658ef7596/current/log_inprogress_0
2019-11-05 04:06:12,405 [Thread-660] INFO  impl.FollowerState (FollowerState.java:run(111)) - da3038ec-c4fd-4e11-9179-86b1e11d81da@group-6D5B6AC00E2F-FollowerState: change to CANDIDATE, lastRpcTime:5172ms, electionTimeout:5171ms
2019-11-05 04:06:12,406 [Thread-660] INFO  impl.RoleInfo (RoleInfo.java:shutdownFollowerState(121)) - da3038ec-c4fd-4e11-9179-86b1e11d81da: shutdown FollowerState
2019-11-05 04:06:12,406 [Thread-660] INFO  impl.RaftServerImpl (RaftServerImpl.java:setRole(173)) - da3038ec-c4fd-4e11-9179-86b1e11d81da@group-6D5B6AC00E2F: changes role from  FOLLOWER to CANDIDATE at term 0 for changeToCandidate
2019-11-05 04:06:12,406 [Thread-660] INFO  impl.RoleInfo (RoleInfo.java:updateAndGet(143)) - da3038ec-c4fd-4e11-9179-86b1e11d81da: start LeaderElection
2019-11-05 04:06:12,412 [da3038ec-c4fd-4e11-9179-86b1e11d81da@group-6D5B6AC00E2F-LeaderElection21] INFO  impl.LeaderElection (LeaderElection.java:askForVotes(178)) - da3038ec-c4fd-4e11-9179-86b1e11d81da@group-6D5B6AC00E2F-LeaderElection21: begin an election at term 1 for -1: [da3038ec-c4fd-4e11-9179-86b1e11d81da:192.168.164.209:42661], old=null
2019-11-05 04:06:12,413 [da3038ec-c4fd-4e11-9179-86b1e11d81da@group-6D5B6AC00E2F-LeaderElection21] INFO  impl.RoleInfo (RoleInfo.java:shutdownLeaderElection(134)) - da3038ec-c4fd-4e11-9179-86b1e11d81da: shutdown LeaderElection
2019-11-05 04:06:12,413 [da3038ec-c4fd-4e11-9179-86b1e11d81da@group-6D5B6AC00E2F-LeaderElection21] INFO  impl.RaftServerImpl (RaftServerImpl.java:setRole(173)) - da3038ec-c4fd-4e11-9179-86b1e11d81da@group-6D5B6AC00E2F: changes role from CANDIDATE to LEADER at term 1 for changeToLeader
2019-11-05 04:06:12,413 [da3038ec-c4fd-4e11-9179-86b1e11d81da@group-6D5B6AC00E2F-LeaderElection21] INFO  impl.RaftServerImpl (ServerState.java:setLeader(255)) - da3038ec-c4fd-4e11-9179-86b1e11d81da@group-6D5B6AC00E2F: change Leader from null to da3038ec-c4fd-4e11-9179-86b1e11d81da at term 1 for becomeLeader, leader elected after 5183ms
2019-11-05 04:06:12,413 [da3038ec-c4fd-4e11-9179-86b1e11d81da@group-6D5B6AC00E2F-LeaderElection21] INFO  server.RaftServerConfigKeys (ConfUtils.java:logGet(43)) - raft.server.staging.catchup.gap = 1000 (default)
2019-11-05 04:06:12,413 [da3038ec-c4fd-4e11-9179-86b1e11d81da@group-6D5B6AC00E2F-LeaderElection21] INFO  server.RaftServerConfigKeys (ConfUtils.java:logGet(43)) - raft.server.rpc.sleep.time = 25ms (default)
2019-11-05 04:06:12,414 [da3038ec-c4fd-4e11-9179-86b1e11d81da@group-6D5B6AC00E2F-LeaderElection21] INFO  server.RaftServerConfigKeys (ConfUtils.java:logGet(43)) - raft.server.write.element-limit = 4096 (default)
2019-11-05 04:06:12,414 [da3038ec-c4fd-4e11-9179-86b1e11d81da@group-6D5B6AC00E2F-LeaderElection21] INFO  server.RaftServerConfigKeys (ConfUtils.java:logGet(43)) - raft.server.watch.timeout = 10s (default)
2019-11-05 04:06:12,414 [da3038ec-c4fd-4e11-9179-86b1e11d81da@group-6D5B6AC00E2F-LeaderElection21] INFO  server.RaftServerConfigKeys (ConfUtils.java:logGet(43)) - raft.server.watch.timeout.denomination = 1s (default)
2019-11-05 04:06:12,414 [da3038ec-c4fd-4e11-9179-86b1e11d81da@group-6D5B6AC00E2F-LeaderElection21] INFO  server.RaftServerConfigKeys (ConfUtils.java:logGet(43)) - raft.server.watch.element-limit = 65536 (default)
2019-11-05 04:06:12,414 [da3038ec-c4fd-4e11-9179-86b1e11d81da@group-6D5B6AC00E2F-LeaderElection21] INFO  impl.RoleInfo (RoleInfo.java:updateAndGet(143)) - da3038ec-c4fd-4e11-9179-86b1e11d81da: start LeaderState
2019-11-05 04:06:12,415 [da3038ec-c4fd-4e11-9179-86b1e11d81da@group-6D5B6AC00E2F-LeaderElection21] INFO  segmented.SegmentedRaftLogWorker (SegmentedRaftLogWorker.java:startLogSegment(385)) - da3038ec-c4fd-4e11-9179-86b1e11d81da@group-6D5B6AC00E2F-SegmentedRaftLogWorker: Starting segment from index:0
2019-11-05 04:06:12,415 [da3038ec-c4fd-4e11-9179-86b1e11d81da@group-6D5B6AC00E2F-LeaderElection21] INFO  impl.RaftServerImpl (ServerState.java:setRaftConf(356)) - da3038ec-c4fd-4e11-9179-86b1e11d81da@group-6D5B6AC00E2F: set configuration 0: [da3038ec-c4fd-4e11-9179-86b1e11d81da:192.168.164.209:42661], old=null at 0
2019-11-05 04:06:12,416 [grpc-default-executor-0] INFO  impl.RaftServerImpl (RaftServerImpl.java:setRole(173)) - 3bb84b5b-c269-4d26-bdfe-cbd49ad8842a@group-5CA1FB277425: changes role from  FOLLOWER to FOLLOWER at term 1 for recognizeCandidate:da3038ec-c4fd-4e11-9179-86b1e11d81da
2019-11-05 04:06:12,416 [grpc-default-executor-1] INFO  impl.RaftServerImpl (RaftServerImpl.java:setRole(173)) - 3bb84b5b-c269-4d26-bdfe-cbd49ad8842a@group-09860E25AFE5: changes role from  FOLLOWER to FOLLOWER at term 1 for recognizeCandidate:cbadd82d-93c1-4516-940b-a7bad1d4aa4b
2019-11-05 04:06:12,416 [grpc-default-executor-0] INFO  impl.RoleInfo (RoleInfo.java:shutdownFollowerState(121)) - 3bb84b5b-c269-4d26-bdfe-cbd49ad8842a: shutdown FollowerState
2019-11-05 04:06:12,416 [grpc-default-executor-3] INFO  impl.RaftServerImpl (RaftServerImpl.java:setRole(173)) - cbadd82d-93c1-4516-940b-a7bad1d4aa4b@group-5CA1FB277425: changes role from  FOLLOWER to FOLLOWER at term 1 for recognizeCandidate:da3038ec-c4fd-4e11-9179-86b1e11d81da
2019-11-05 04:06:12,417 [grpc-default-executor-0] INFO  impl.RoleInfo (RoleInfo.java:updateAndGet(143)) - 3bb84b5b-c269-4d26-bdfe-cbd49ad8842a: start FollowerState
2019-11-05 04:06:12,417 [grpc-default-executor-2] INFO  impl.RaftServerImpl (RaftServerImpl.java:setRole(173)) - da3038ec-c4fd-4e11-9179-86b1e11d81da@group-09860E25AFE5: changes role from  FOLLOWER to FOLLOWER at term 1 for recognizeCandidate:cbadd82d-93c1-4516-940b-a7bad1d4aa4b
2019-11-05 04:06:12,417 [grpc-default-executor-1] INFO  impl.RoleInfo (RoleInfo.java:shutdownFollowerState(121)) - 3bb84b5b-c269-4d26-bdfe-cbd49ad8842a: shutdown FollowerState
2019-11-05 04:06:12,417 [grpc-default-executor-2] INFO  impl.RoleInfo (RoleInfo.java:shutdownFollowerState(121)) - da3038ec-c4fd-4e11-9179-86b1e11d81da: shutdown FollowerState
2019-11-05 04:06:12,417 [Thread-676] INFO  impl.FollowerState (FollowerState.java:run(120)) - 3bb84b5b-c269-4d26-bdfe-cbd49ad8842a@group-5CA1FB277425-FollowerState was interrupted: java.lang.InterruptedException: sleep interrupted
2019-11-05 04:06:12,417 [grpc-default-executor-3] INFO  impl.RoleInfo (RoleInfo.java:shutdownFollowerState(121)) - cbadd82d-93c1-4516-940b-a7bad1d4aa4b: shutdown FollowerState
2019-11-05 04:06:12,454 [Thread-663] INFO  impl.FollowerState (FollowerState.java:run(120)) - 3bb84b5b-c269-4d26-bdfe-cbd49ad8842a@group-09860E25AFE5-FollowerState was interrupted: java.lang.InterruptedException: sleep interrupted
2019-11-05 04:06:12,454 [Thread-667] INFO  impl.FollowerState (FollowerState.java:run(120)) - da3038ec-c4fd-4e11-9179-86b1e11d81da@group-09860E25AFE5-FollowerState was interrupted: java.lang.InterruptedException: sleep interrupted
2019-11-05 04:06:12,463 [Thread-672] INFO  impl.FollowerState (FollowerState.java:run(120)) - cbadd82d-93c1-4516-940b-a7bad1d4aa4b@group-5CA1FB277425-FollowerState was interrupted: java.lang.InterruptedException: sleep interrupted
2019-11-05 04:06:12,418 [grpc-default-executor-2] INFO  impl.RoleInfo (RoleInfo.java:updateAndGet(143)) - da3038ec-c4fd-4e11-9179-86b1e11d81da: start FollowerState
2019-11-05 04:06:12,418 [grpc-default-executor-1] INFO  impl.RoleInfo (RoleInfo.java:updateAndGet(143)) - 3bb84b5b-c269-4d26-bdfe-cbd49ad8842a: start FollowerState
2019-11-05 04:06:12,463 [grpc-default-executor-3] INFO  impl.RoleInfo (RoleInfo.java:updateAndGet(143)) - cbadd82d-93c1-4516-940b-a7bad1d4aa4b: start FollowerState
2019-11-05 04:06:12,465 [da3038ec-c4fd-4e11-9179-86b1e11d81da@group-6D5B6AC00E2F-SegmentedRaftLogWorker] INFO  segmented.SegmentedRaftLogWorker (SegmentedRaftLogWorker.java:execute(576)) - da3038ec-c4fd-4e11-9179-86b1e11d81da@group-6D5B6AC00E2F-SegmentedRaftLogWorker: created new log segment /workdir/hadoop-ozone/integration-test/target/test-dir/MiniOzoneClusterImpl-b5e44674-0749-41b5-a0d1-bb304d26ed7a/datanode-2/data/ratis/7e1ad365-8a77-486b-a30c-6d5b6ac00e2f/current/log_inprogress_0
2019-11-05 04:06:12,467 [da3038ec-c4fd-4e11-9179-86b1e11d81da@group-5CA1FB277425-LeaderElection20] INFO  impl.LeaderElection (LeaderElection.java:logAndReturn(56)) - da3038ec-c4fd-4e11-9179-86b1e11d81da@group-5CA1FB277425-LeaderElection20: Election PASSED; received 1 response(s) [da3038ec-c4fd-4e11-9179-86b1e11d81da<-3bb84b5b-c269-4d26-bdfe-cbd49ad8842a#0:OK-t1] and 0 exception(s); da3038ec-c4fd-4e11-9179-86b1e11d81da@group-5CA1FB277425:t1, leader=null, voted=da3038ec-c4fd-4e11-9179-86b1e11d81da, raftlog=da3038ec-c4fd-4e11-9179-86b1e11d81da@group-5CA1FB277425-SegmentedRaftLog:OPENED:c-1,f-1,i0, conf=-1: [da3038ec-c4fd-4e11-9179-86b1e11d81da:192.168.164.209:42661, 3bb84b5b-c269-4d26-bdfe-cbd49ad8842a:192.168.164.209:36953, cbadd82d-93c1-4516-940b-a7bad1d4aa4b:192.168.164.209:33133], old=null
2019-11-05 04:06:12,468 [da3038ec-c4fd-4e11-9179-86b1e11d81da@group-5CA1FB277425-LeaderElection20] INFO  impl.RoleInfo (RoleInfo.java:shutdownLeaderElection(134)) - da3038ec-c4fd-4e11-9179-86b1e11d81da: shutdown LeaderElection
2019-11-05 04:06:12,468 [da3038ec-c4fd-4e11-9179-86b1e11d81da@group-5CA1FB277425-LeaderElection20] INFO  impl.RaftServerImpl (RaftServerImpl.java:setRole(173)) - da3038ec-c4fd-4e11-9179-86b1e11d81da@group-5CA1FB277425: changes role from CANDIDATE to LEADER at term 1 for changeToLeader
2019-11-05 04:06:12,468 [da3038ec-c4fd-4e11-9179-86b1e11d81da@group-5CA1FB277425-LeaderElection20] INFO  impl.RaftServerImpl (ServerState.java:setLeader(255)) - da3038ec-c4fd-4e11-9179-86b1e11d81da@group-5CA1FB277425: change Leader from null to da3038ec-c4fd-4e11-9179-86b1e11d81da at term 1 for becomeLeader, leader elected after 5117ms
2019-11-05 04:06:12,468 [da3038ec-c4fd-4e11-9179-86b1e11d81da@group-5CA1FB277425-LeaderElection20] INFO  server.RaftServerConfigKeys (ConfUtils.java:logGet(43)) - raft.server.staging.catchup.gap = 1000 (default)
2019-11-05 04:06:12,468 [da3038ec-c4fd-4e11-9179-86b1e11d81da@group-5CA1FB277425-LeaderElection20] INFO  server.RaftServerConfigKeys (ConfUtils.java:logGet(43)) - raft.server.rpc.sleep.time = 25ms (default)
2019-11-05 04:06:12,468 [da3038ec-c4fd-4e11-9179-86b1e11d81da@group-5CA1FB277425-LeaderElection20] INFO  server.RaftServerConfigKeys (ConfUtils.java:logGet(43)) - raft.server.write.element-limit = 4096 (default)
2019-11-05 04:06:12,469 [da3038ec-c4fd-4e11-9179-86b1e11d81da@group-5CA1FB277425-LeaderElection20] INFO  server.RaftServerConfigKeys (ConfUtils.java:logGet(43)) - raft.server.watch.timeout = 10s (default)
2019-11-05 04:06:12,469 [da3038ec-c4fd-4e11-9179-86b1e11d81da@group-5CA1FB277425-LeaderElection20] INFO  server.RaftServerConfigKeys (ConfUtils.java:logGet(43)) - raft.server.watch.timeout.denomination = 1s (default)
2019-11-05 04:06:12,469 [da3038ec-c4fd-4e11-9179-86b1e11d81da@group-5CA1FB277425-LeaderElection20] INFO  server.RaftServerConfigKeys (ConfUtils.java:logGet(43)) - raft.server.watch.element-limit = 65536 (default)
2019-11-05 04:06:12,469 [da3038ec-c4fd-4e11-9179-86b1e11d81da@group-5CA1FB277425-LeaderElection20] INFO  server.RaftServerConfigKeys (ConfUtils.java:logGet(43)) - raft.server.log.appender.snapshot.chunk.size.max = 16MB (=16777216) (default)
2019-11-05 04:06:12,470 [da3038ec-c4fd-4e11-9179-86b1e11d81da@group-5CA1FB277425-LeaderElection20] INFO  server.RaftServerConfigKeys (ConfUtils.java:logGet(43)) - raft.server.log.appender.buffer.byte-limit = 33554432 (custom)
2019-11-05 04:06:12,470 [da3038ec-c4fd-4e11-9179-86b1e11d81da@group-5CA1FB277425-LeaderElection20] INFO  server.RaftServerConfigKeys (ConfUtils.java:logGet(43)) - raft.server.log.appender.buffer.element-limit = 1 (custom)
2019-11-05 04:06:12,470 [da3038ec-c4fd-4e11-9179-86b1e11d81da@group-5CA1FB277425-LeaderElection20] INFO  grpc.GrpcConfigKeys$Server (ConfUtils.java:logGet(43)) - raft.grpc.server.leader.outstanding.appends.max = 128 (default)
2019-11-05 04:06:12,470 [da3038ec-c4fd-4e11-9179-86b1e11d81da@group-5CA1FB277425-LeaderElection20] INFO  server.RaftServerConfigKeys (ConfUtils.java:logGet(43)) - raft.server.rpc.request.timeout = 3000ms (default)
2019-11-05 04:06:12,471 [da3038ec-c4fd-4e11-9179-86b1e11d81da@group-5CA1FB277425-LeaderElection20] INFO  server.RaftServerConfigKeys (ConfUtils.java:logGet(43)) - raft.server.log.appender.install.snapshot.enabled = false (custom)
2019-11-05 04:06:12,471 [da3038ec-c4fd-4e11-9179-86b1e11d81da@group-5CA1FB277425-LeaderElection20] WARN  impl.MetricRegistriesImpl (MetricRegistriesImpl.java:lambda$create$1(61)) - First MetricRegistry has been created without registering reporters. You may need to call MetricRegistries.global().addReportRegistration(...) before.
2019-11-05 04:06:12,471 [da3038ec-c4fd-4e11-9179-86b1e11d81da@group-5CA1FB277425-LeaderElection20] INFO  server.RaftServerConfigKeys (ConfUtils.java:logGet(43)) - raft.server.log.appender.snapshot.chunk.size.max = 16MB (=16777216) (default)
2019-11-05 04:06:12,471 [da3038ec-c4fd-4e11-9179-86b1e11d81da@group-5CA1FB277425-LeaderElection20] INFO  server.RaftServerConfigKeys (ConfUtils.java:logGet(43)) - raft.server.log.appender.buffer.byte-limit = 33554432 (custom)
2019-11-05 04:06:12,472 [da3038ec-c4fd-4e11-9179-86b1e11d81da@group-5CA1FB277425-LeaderElection20] INFO  server.RaftServerConfigKeys (ConfUtils.java:logGet(43)) - raft.server.log.appender.buffer.element-limit = 1 (custom)
2019-11-05 04:06:12,472 [da3038ec-c4fd-4e11-9179-86b1e11d81da@group-5CA1FB277425-LeaderElection20] INFO  grpc.GrpcConfigKeys$Server (ConfUtils.java:logGet(43)) - raft.grpc.server.leader.outstanding.appends.max = 128 (default)
2019-11-05 04:06:12,472 [da3038ec-c4fd-4e11-9179-86b1e11d81da@group-5CA1FB277425-LeaderElection20] INFO  server.RaftServerConfigKeys (ConfUtils.java:logGet(43)) - raft.server.rpc.request.timeout = 3000ms (default)
2019-11-05 04:06:12,472 [da3038ec-c4fd-4e11-9179-86b1e11d81da@group-5CA1FB277425-LeaderElection20] INFO  server.RaftServerConfigKeys (ConfUtils.java:logGet(43)) - raft.server.log.appender.install.snapshot.enabled = false (custom)
2019-11-05 04:06:12,472 [da3038ec-c4fd-4e11-9179-86b1e11d81da@group-5CA1FB277425-LeaderElection20] INFO  impl.RoleInfo (RoleInfo.java:updateAndGet(143)) - da3038ec-c4fd-4e11-9179-86b1e11d81da: start LeaderState
2019-11-05 04:06:12,473 [da3038ec-c4fd-4e11-9179-86b1e11d81da@group-5CA1FB277425-LeaderElection20] INFO  segmented.SegmentedRaftLogWorker (SegmentedRaftLogWorker.java:startLogSegment(385)) - da3038ec-c4fd-4e11-9179-86b1e11d81da@group-5CA1FB277425-SegmentedRaftLogWorker: Starting segment from index:0
2019-11-05 04:06:12,474 [da3038ec-c4fd-4e11-9179-86b1e11d81da@group-5CA1FB277425-LeaderElection20] INFO  impl.RaftServerImpl (ServerState.java:setRaftConf(356)) - da3038ec-c4fd-4e11-9179-86b1e11d81da@group-5CA1FB277425: set configuration 0: [da3038ec-c4fd-4e11-9179-86b1e11d81da:192.168.164.209:42661, 3bb84b5b-c269-4d26-bdfe-cbd49ad8842a:192.168.164.209:36953, cbadd82d-93c1-4516-940b-a7bad1d4aa4b:192.168.164.209:33133], old=null at 0
2019-11-05 04:06:12,506 [Thread-687] INFO  impl.FollowerState (FollowerState.java:run(111)) - cbadd82d-93c1-4516-940b-a7bad1d4aa4b@group-AF2447B28170-FollowerState: change to CANDIDATE, lastRpcTime:5071ms, electionTimeout:5068ms
2019-11-05 04:06:12,506 [Thread-687] INFO  impl.RoleInfo (RoleInfo.java:shutdownFollowerState(121)) - cbadd82d-93c1-4516-940b-a7bad1d4aa4b: shutdown FollowerState
2019-11-05 04:06:12,506 [Thread-687] INFO  impl.RaftServerImpl (RaftServerImpl.java:setRole(173)) - cbadd82d-93c1-4516-940b-a7bad1d4aa4b@group-AF2447B28170: changes role from  FOLLOWER to CANDIDATE at term 0 for changeToCandidate
2019-11-05 04:06:12,507 [Thread-687] INFO  impl.RoleInfo (RoleInfo.java:updateAndGet(143)) - cbadd82d-93c1-4516-940b-a7bad1d4aa4b: start LeaderElection
2019-11-05 04:06:12,510 [cbadd82d-93c1-4516-940b-a7bad1d4aa4b@group-09860E25AFE5-LeaderElection19] INFO  impl.LeaderElection (LeaderElection.java:logAndReturn(56)) - cbadd82d-93c1-4516-940b-a7bad1d4aa4b@group-09860E25AFE5-LeaderElection19: Election PASSED; received 1 response(s) [cbadd82d-93c1-4516-940b-a7bad1d4aa4b<-da3038ec-c4fd-4e11-9179-86b1e11d81da#0:OK-t1] and 0 exception(s); cbadd82d-93c1-4516-940b-a7bad1d4aa4b@group-09860E25AFE5:t1, leader=null, voted=cbadd82d-93c1-4516-940b-a7bad1d4aa4b, raftlog=cbadd82d-93c1-4516-940b-a7bad1d4aa4b@group-09860E25AFE5-SegmentedRaftLog:OPENED:c-1,f-1,i0, conf=-1: [da3038ec-c4fd-4e11-9179-86b1e11d81da:192.168.164.209:42661, 3bb84b5b-c269-4d26-bdfe-cbd49ad8842a:192.168.164.209:36953, cbadd82d-93c1-4516-940b-a7bad1d4aa4b:192.168.164.209:33133], old=null
2019-11-05 04:06:12,511 [grpc-default-executor-1] INFO  impl.RaftServerImpl (ServerState.java:setLeader(255)) - 3bb84b5b-c269-4d26-bdfe-cbd49ad8842a@group-5CA1FB277425: change Leader from null to da3038ec-c4fd-4e11-9179-86b1e11d81da at term 1 for appendEntries, leader elected after 5160ms
2019-11-05 04:06:12,511 [cbadd82d-93c1-4516-940b-a7bad1d4aa4b@group-09860E25AFE5-LeaderElection19] INFO  impl.RoleInfo (RoleInfo.java:shutdownLeaderElection(134)) - cbadd82d-93c1-4516-940b-a7bad1d4aa4b: shutdown LeaderElection
2019-11-05 04:06:12,511 [cbadd82d-93c1-4516-940b-a7bad1d4aa4b@group-09860E25AFE5-LeaderElection19] INFO  impl.RaftServerImpl (RaftServerImpl.java:setRole(173)) - cbadd82d-93c1-4516-940b-a7bad1d4aa4b@group-09860E25AFE5: changes role from CANDIDATE to LEADER at term 1 for changeToLeader
2019-11-05 04:06:12,511 [cbadd82d-93c1-4516-940b-a7bad1d4aa4b@group-09860E25AFE5-LeaderElection19] INFO  impl.RaftServerImpl (ServerState.java:setLeader(255)) - cbadd82d-93c1-4516-940b-a7bad1d4aa4b@group-09860E25AFE5: change Leader from null to cbadd82d-93c1-4516-940b-a7bad1d4aa4b at term 1 for becomeLeader, leader elected after 5232ms
2019-11-05 04:06:12,512 [cbadd82d-93c1-4516-940b-a7bad1d4aa4b@group-09860E25AFE5-LeaderElection19] INFO  server.RaftServerConfigKeys (ConfUtils.java:logGet(43)) - raft.server.staging.catchup.gap = 1000 (default)
2019-11-05 04:06:12,513 [grpc-default-executor-1] INFO  impl.RaftServerImpl (ServerState.java:setLeader(255)) - cbadd82d-93c1-4516-940b-a7bad1d4aa4b@group-5CA1FB277425: change Leader from null to da3038ec-c4fd-4e11-9179-86b1e11d81da at term 1 for appendEntries, leader elected after 5162ms
2019-11-05 04:06:12,513 [cbadd82d-93c1-4516-940b-a7bad1d4aa4b@group-09860E25AFE5-LeaderElection19] INFO  server.RaftServerConfigKeys (ConfUtils.java:logGet(43)) - raft.server.rpc.sleep.time = 25ms (default)
2019-11-05 04:06:12,513 [cbadd82d-93c1-4516-940b-a7bad1d4aa4b@group-09860E25AFE5-LeaderElection19] INFO  server.RaftServerConfigKeys (ConfUtils.java:logGet(43)) - raft.server.write.element-limit = 4096 (default)
2019-11-05 04:06:12,514 [cbadd82d-93c1-4516-940b-a7bad1d4aa4b@group-09860E25AFE5-LeaderElection19] INFO  server.RaftServerConfigKeys (ConfUtils.java:logGet(43)) - raft.server.watch.timeout = 10s (default)
2019-11-05 04:06:12,514 [cbadd82d-93c1-4516-940b-a7bad1d4aa4b@group-09860E25AFE5-LeaderElection19] INFO  server.RaftServerConfigKeys (ConfUtils.java:logGet(43)) - raft.server.watch.timeout.denomination = 1s (default)
2019-11-05 04:06:12,514 [cbadd82d-93c1-4516-940b-a7bad1d4aa4b@group-09860E25AFE5-LeaderElection19] INFO  server.RaftServerConfigKeys (ConfUtils.java:logGet(43)) - raft.server.watch.element-limit = 65536 (default)
2019-11-05 04:06:12,514 [cbadd82d-93c1-4516-940b-a7bad1d4aa4b@group-09860E25AFE5-LeaderElection19] INFO  server.RaftServerConfigKeys (ConfUtils.java:logGet(43)) - raft.server.log.appender.snapshot.chunk.size.max = 16MB (=16777216) (default)
2019-11-05 04:06:12,515 [cbadd82d-93c1-4516-940b-a7bad1d4aa4b@group-09860E25AFE5-LeaderElection19] INFO  server.RaftServerConfigKeys (ConfUtils.java:logGet(43)) - raft.server.log.appender.buffer.byte-limit = 33554432 (custom)
2019-11-05 04:06:12,515 [cbadd82d-93c1-4516-940b-a7bad1d4aa4b@group-09860E25AFE5-LeaderElection19] INFO  server.RaftServerConfigKeys (ConfUtils.java:logGet(43)) - raft.server.log.appender.buffer.element-limit = 1 (custom)
2019-11-05 04:06:12,515 [cbadd82d-93c1-4516-940b-a7bad1d4aa4b@group-09860E25AFE5-LeaderElection19] INFO  grpc.GrpcConfigKeys$Server (ConfUtils.java:logGet(43)) - raft.grpc.server.leader.outstanding.appends.max = 128 (default)
2019-11-05 04:06:12,515 [cbadd82d-93c1-4516-940b-a7bad1d4aa4b@group-09860E25AFE5-LeaderElection19] INFO  server.RaftServerConfigKeys (ConfUtils.java:logGet(43)) - raft.server.rpc.request.timeout = 3000ms (default)
2019-11-05 04:06:12,516 [grpc-default-executor-3] INFO  impl.RaftServerImpl (ServerState.java:setRaftConf(356)) - 3bb84b5b-c269-4d26-bdfe-cbd49ad8842a@group-5CA1FB277425: set configuration 0: [da3038ec-c4fd-4e11-9179-86b1e11d81da:192.168.164.209:42661, 3bb84b5b-c269-4d26-bdfe-cbd49ad8842a:192.168.164.209:36953, cbadd82d-93c1-4516-940b-a7bad1d4aa4b:192.168.164.209:33133], old=null at 0
2019-11-05 04:06:12,516 [cbadd82d-93c1-4516-940b-a7bad1d4aa4b@group-09860E25AFE5-LeaderElection19] INFO  server.RaftServerConfigKeys (ConfUtils.java:logGet(43)) - raft.server.log.appender.install.snapshot.enabled = false (custom)
2019-11-05 04:06:12,516 [grpc-default-executor-1] INFO  impl.RaftServerImpl (ServerState.java:setRaftConf(356)) - cbadd82d-93c1-4516-940b-a7bad1d4aa4b@group-5CA1FB277425: set configuration 0: [da3038ec-c4fd-4e11-9179-86b1e11d81da:192.168.164.209:42661, 3bb84b5b-c269-4d26-bdfe-cbd49ad8842a:192.168.164.209:36953, cbadd82d-93c1-4516-940b-a7bad1d4aa4b:192.168.164.209:33133], old=null at 0
2019-11-05 04:06:12,516 [grpc-default-executor-3] INFO  segmented.SegmentedRaftLogWorker (SegmentedRaftLogWorker.java:startLogSegment(385)) - 3bb84b5b-c269-4d26-bdfe-cbd49ad8842a@group-5CA1FB277425-SegmentedRaftLogWorker: Starting segment from index:0
2019-11-05 04:06:12,516 [grpc-default-executor-1] INFO  segmented.SegmentedRaftLogWorker (SegmentedRaftLogWorker.java:startLogSegment(385)) - cbadd82d-93c1-4516-940b-a7bad1d4aa4b@group-5CA1FB277425-SegmentedRaftLogWorker: Starting segment from index:0
2019-11-05 04:06:12,516 [cbadd82d-93c1-4516-940b-a7bad1d4aa4b@group-09860E25AFE5-LeaderElection19] WARN  impl.MetricRegistriesImpl (MetricRegistriesImpl.java:lambda$create$1(61)) - First MetricRegistry has been created without registering reporters. You may need to call MetricRegistries.global().addReportRegistration(...) before.
2019-11-05 04:06:12,517 [cbadd82d-93c1-4516-940b-a7bad1d4aa4b@group-09860E25AFE5-LeaderElection19] INFO  server.RaftServerConfigKeys (ConfUtils.java:logGet(43)) - raft.server.log.appender.snapshot.chunk.size.max = 16MB (=16777216) (default)
2019-11-05 04:06:12,517 [cbadd82d-93c1-4516-940b-a7bad1d4aa4b@group-09860E25AFE5-LeaderElection19] INFO  server.RaftServerConfigKeys (ConfUtils.java:logGet(43)) - raft.server.log.appender.buffer.byte-limit = 33554432 (custom)
2019-11-05 04:06:12,517 [cbadd82d-93c1-4516-940b-a7bad1d4aa4b@group-09860E25AFE5-LeaderElection19] INFO  server.RaftServerConfigKeys (ConfUtils.java:logGet(43)) - raft.server.log.appender.buffer.element-limit = 1 (custom)
2019-11-05 04:06:12,518 [cbadd82d-93c1-4516-940b-a7bad1d4aa4b@group-09860E25AFE5-LeaderElection19] INFO  grpc.GrpcConfigKeys$Server (ConfUtils.java:logGet(43)) - raft.grpc.server.leader.outstanding.appends.max = 128 (default)
2019-11-05 04:06:12,518 [cbadd82d-93c1-4516-940b-a7bad1d4aa4b@group-09860E25AFE5-LeaderElection19] INFO  server.RaftServerConfigKeys (ConfUtils.java:logGet(43)) - raft.server.rpc.request.timeout = 3000ms (default)
2019-11-05 04:06:12,518 [cbadd82d-93c1-4516-940b-a7bad1d4aa4b@group-09860E25AFE5-LeaderElection19] INFO  server.RaftServerConfigKeys (ConfUtils.java:logGet(43)) - raft.server.log.appender.install.snapshot.enabled = false (custom)
2019-11-05 04:06:12,518 [cbadd82d-93c1-4516-940b-a7bad1d4aa4b@group-09860E25AFE5-LeaderElection19] INFO  impl.RoleInfo (RoleInfo.java:updateAndGet(143)) - cbadd82d-93c1-4516-940b-a7bad1d4aa4b: start LeaderState
2019-11-05 04:06:12,519 [cbadd82d-93c1-4516-940b-a7bad1d4aa4b@group-09860E25AFE5-LeaderElection19] INFO  segmented.SegmentedRaftLogWorker (SegmentedRaftLogWorker.java:startLogSegment(385)) - cbadd82d-93c1-4516-940b-a7bad1d4aa4b@group-09860E25AFE5-SegmentedRaftLogWorker: Starting segment from index:0
2019-11-05 04:06:12,519 [cbadd82d-93c1-4516-940b-a7bad1d4aa4b@group-AF2447B28170-LeaderElection22] INFO  impl.LeaderElection (LeaderElection.java:askForVotes(178)) - cbadd82d-93c1-4516-940b-a7bad1d4aa4b@group-AF2447B28170-LeaderElection22: begin an election at term 1 for -1: [da3038ec-c4fd-4e11-9179-86b1e11d81da:192.168.164.209:42661, 3bb84b5b-c269-4d26-bdfe-cbd49ad8842a:192.168.164.209:36953, cbadd82d-93c1-4516-940b-a7bad1d4aa4b:192.168.164.209:33133], old=null
2019-11-05 04:06:12,519 [da3038ec-c4fd-4e11-9179-86b1e11d81da@group-5CA1FB277425-SegmentedRaftLogWorker] INFO  segmented.SegmentedRaftLogWorker (SegmentedRaftLogWorker.java:execute(576)) - da3038ec-c4fd-4e11-9179-86b1e11d81da@group-5CA1FB277425-SegmentedRaftLogWorker: created new log segment /workdir/hadoop-ozone/integration-test/target/test-dir/MiniOzoneClusterImpl-b5e44674-0749-41b5-a0d1-bb304d26ed7a/datanode-2/data/ratis/f1e6ef9c-1e44-44a2-a1ad-5ca1fb277425/current/log_inprogress_0
2019-11-05 04:06:12,520 [cbadd82d-93c1-4516-940b-a7bad1d4aa4b@group-09860E25AFE5-LeaderElection19] INFO  impl.RaftServerImpl (ServerState.java:setRaftConf(356)) - cbadd82d-93c1-4516-940b-a7bad1d4aa4b@group-09860E25AFE5: set configuration 0: [da3038ec-c4fd-4e11-9179-86b1e11d81da:192.168.164.209:42661, 3bb84b5b-c269-4d26-bdfe-cbd49ad8842a:192.168.164.209:36953, cbadd82d-93c1-4516-940b-a7bad1d4aa4b:192.168.164.209:33133], old=null at 0
2019-11-05 04:06:12,561 [Thread-681] INFO  impl.FollowerState (FollowerState.java:run(111)) - 3bb84b5b-c269-4d26-bdfe-cbd49ad8842a@group-AF2447B28170-FollowerState: change to CANDIDATE, lastRpcTime:5130ms, electionTimeout:5121ms
2019-11-05 04:06:12,562 [Thread-681] INFO  impl.RoleInfo (RoleInfo.java:shutdownFollowerState(121)) - 3bb84b5b-c269-4d26-bdfe-cbd49ad8842a: shutdown FollowerState
2019-11-05 04:06:12,562 [Thread-681] INFO  impl.RaftServerImpl (RaftServerImpl.java:setRole(173)) - 3bb84b5b-c269-4d26-bdfe-cbd49ad8842a@group-AF2447B28170: changes role from  FOLLOWER to CANDIDATE at term 0 for changeToCandidate
2019-11-05 04:06:12,562 [Thread-681] INFO  impl.RoleInfo (RoleInfo.java:updateAndGet(143)) - 3bb84b5b-c269-4d26-bdfe-cbd49ad8842a: start LeaderElection
2019-11-05 04:06:12,565 [Thread-684] INFO  impl.FollowerState (FollowerState.java:run(111)) - da3038ec-c4fd-4e11-9179-86b1e11d81da@group-AF2447B28170-FollowerState: change to CANDIDATE, lastRpcTime:5131ms, electionTimeout:5131ms
2019-11-05 04:06:12,565 [Thread-684] INFO  impl.RoleInfo (RoleInfo.java:shutdownFollowerState(121)) - da3038ec-c4fd-4e11-9179-86b1e11d81da: shutdown FollowerState
2019-11-05 04:06:12,565 [Thread-684] INFO  impl.RaftServerImpl (RaftServerImpl.java:setRole(173)) - da3038ec-c4fd-4e11-9179-86b1e11d81da@group-AF2447B28170: changes role from  FOLLOWER to CANDIDATE at term 0 for changeToCandidate
2019-11-05 04:06:12,565 [Thread-684] INFO  impl.RoleInfo (RoleInfo.java:updateAndGet(143)) - da3038ec-c4fd-4e11-9179-86b1e11d81da: start LeaderElection
2019-11-05 04:06:12,566 [grpc-default-executor-3] INFO  impl.RaftServerImpl (RaftServerImpl.java:setRole(173)) - da3038ec-c4fd-4e11-9179-86b1e11d81da@group-AF2447B28170: changes role from CANDIDATE to FOLLOWER at term 1 for recognizeCandidate:cbadd82d-93c1-4516-940b-a7bad1d4aa4b
2019-11-05 04:06:12,567 [grpc-default-executor-2] INFO  impl.RaftServerImpl (ServerState.java:setLeader(255)) - da3038ec-c4fd-4e11-9179-86b1e11d81da@group-09860E25AFE5: change Leader from null to cbadd82d-93c1-4516-940b-a7bad1d4aa4b at term 1 for appendEntries, leader elected after 5287ms
2019-11-05 04:06:12,567 [grpc-default-executor-1] INFO  impl.RaftServerImpl (ServerState.java:setLeader(255)) - 3bb84b5b-c269-4d26-bdfe-cbd49ad8842a@group-09860E25AFE5: change Leader from null to cbadd82d-93c1-4516-940b-a7bad1d4aa4b at term 1 for appendEntries, leader elected after 5287ms
2019-11-05 04:06:12,567 [grpc-default-executor-3] INFO  impl.RoleInfo (RoleInfo.java:shutdownLeaderElection(134)) - da3038ec-c4fd-4e11-9179-86b1e11d81da: shutdown LeaderElection
2019-11-05 04:06:12,569 [grpc-default-executor-3] INFO  impl.RoleInfo (RoleInfo.java:updateAndGet(143)) - da3038ec-c4fd-4e11-9179-86b1e11d81da: start FollowerState
2019-11-05 04:06:12,572 [grpc-default-executor-2] INFO  impl.RaftServerImpl (ServerState.java:setRaftConf(356)) - 3bb84b5b-c269-4d26-bdfe-cbd49ad8842a@group-09860E25AFE5: set configuration 0: [da3038ec-c4fd-4e11-9179-86b1e11d81da:192.168.164.209:42661, 3bb84b5b-c269-4d26-bdfe-cbd49ad8842a:192.168.164.209:36953, cbadd82d-93c1-4516-940b-a7bad1d4aa4b:192.168.164.209:33133], old=null at 0
2019-11-05 04:06:12,572 [grpc-default-executor-1] INFO  impl.RaftServerImpl (ServerState.java:setRaftConf(356)) - da3038ec-c4fd-4e11-9179-86b1e11d81da@group-09860E25AFE5: set configuration 0: [da3038ec-c4fd-4e11-9179-86b1e11d81da:192.168.164.209:42661, 3bb84b5b-c269-4d26-bdfe-cbd49ad8842a:192.168.164.209:36953, cbadd82d-93c1-4516-940b-a7bad1d4aa4b:192.168.164.209:33133], old=null at 0
2019-11-05 04:06:12,573 [grpc-default-executor-2] INFO  segmented.SegmentedRaftLogWorker (SegmentedRaftLogWorker.java:startLogSegment(385)) - 3bb84b5b-c269-4d26-bdfe-cbd49ad8842a@group-09860E25AFE5-SegmentedRaftLogWorker: Starting segment from index:0
2019-11-05 04:06:12,573 [grpc-default-executor-1] INFO  segmented.SegmentedRaftLogWorker (SegmentedRaftLogWorker.java:startLogSegment(385)) - da3038ec-c4fd-4e11-9179-86b1e11d81da@group-09860E25AFE5-SegmentedRaftLogWorker: Starting segment from index:0
2019-11-05 04:06:12,583 [3bb84b5b-c269-4d26-bdfe-cbd49ad8842a@group-5CA1FB277425-SegmentedRaftLogWorker] INFO  segmented.SegmentedRaftLogWorker (SegmentedRaftLogWorker.java:execute(576)) - 3bb84b5b-c269-4d26-bdfe-cbd49ad8842a@group-5CA1FB277425-SegmentedRaftLogWorker: created new log segment /workdir/hadoop-ozone/integration-test/target/test-dir/MiniOzoneClusterImpl-b5e44674-0749-41b5-a0d1-bb304d26ed7a/datanode-0/data/ratis/f1e6ef9c-1e44-44a2-a1ad-5ca1fb277425/current/log_inprogress_0
2019-11-05 04:06:12,583 [3bb84b5b-c269-4d26-bdfe-cbd49ad8842a@group-AF2447B28170-LeaderElection23] INFO  impl.LeaderElection (LeaderElection.java:askForVotes(178)) - 3bb84b5b-c269-4d26-bdfe-cbd49ad8842a@group-AF2447B28170-LeaderElection23: begin an election at term 1 for -1: [da3038ec-c4fd-4e11-9179-86b1e11d81da:192.168.164.209:42661, 3bb84b5b-c269-4d26-bdfe-cbd49ad8842a:192.168.164.209:36953, cbadd82d-93c1-4516-940b-a7bad1d4aa4b:192.168.164.209:33133], old=null
2019-11-05 04:06:12,583 [cbadd82d-93c1-4516-940b-a7bad1d4aa4b@group-09860E25AFE5-SegmentedRaftLogWorker] INFO  segmented.SegmentedRaftLogWorker (SegmentedRaftLogWorker.java:execute(576)) - cbadd82d-93c1-4516-940b-a7bad1d4aa4b@group-09860E25AFE5-SegmentedRaftLogWorker: created new log segment /workdir/hadoop-ozone/integration-test/target/test-dir/MiniOzoneClusterImpl-b5e44674-0749-41b5-a0d1-bb304d26ed7a/datanode-1/data/ratis/fc802d96-8d18-4315-8998-09860e25afe5/current/log_inprogress_0
2019-11-05 04:06:12,583 [cbadd82d-93c1-4516-940b-a7bad1d4aa4b@group-5CA1FB277425-SegmentedRaftLogWorker] INFO  segmented.SegmentedRaftLogWorker (SegmentedRaftLogWorker.java:execute(576)) - cbadd82d-93c1-4516-940b-a7bad1d4aa4b@group-5CA1FB277425-SegmentedRaftLogWorker: created new log segment /workdir/hadoop-ozone/integration-test/target/test-dir/MiniOzoneClusterImpl-b5e44674-0749-41b5-a0d1-bb304d26ed7a/datanode-1/data/ratis/f1e6ef9c-1e44-44a2-a1ad-5ca1fb277425/current/log_inprogress_0
2019-11-05 04:06:12,584 [cbadd82d-93c1-4516-940b-a7bad1d4aa4b@group-AF2447B28170-LeaderElection22] INFO  impl.LeaderElection (LeaderElection.java:logAndReturn(56)) - cbadd82d-93c1-4516-940b-a7bad1d4aa4b@group-AF2447B28170-LeaderElection22: Election REJECTED; received 2 response(s) [cbadd82d-93c1-4516-940b-a7bad1d4aa4b<-da3038ec-c4fd-4e11-9179-86b1e11d81da#0:FAIL-t1, cbadd82d-93c1-4516-940b-a7bad1d4aa4b<-3bb84b5b-c269-4d26-bdfe-cbd49ad8842a#0:FAIL-t1] and 0 exception(s); cbadd82d-93c1-4516-940b-a7bad1d4aa4b@group-AF2447B28170:t1, leader=null, voted=cbadd82d-93c1-4516-940b-a7bad1d4aa4b, raftlog=cbadd82d-93c1-4516-940b-a7bad1d4aa4b@group-AF2447B28170-SegmentedRaftLog:OPENED:c-1,f-1,i0, conf=-1: [da3038ec-c4fd-4e11-9179-86b1e11d81da:192.168.164.209:42661, 3bb84b5b-c269-4d26-bdfe-cbd49ad8842a:192.168.164.209:36953, cbadd82d-93c1-4516-940b-a7bad1d4aa4b:192.168.164.209:33133], old=null
2019-11-05 04:06:12,585 [cbadd82d-93c1-4516-940b-a7bad1d4aa4b@group-AF2447B28170-LeaderElection22] INFO  impl.RaftServerImpl (RaftServerImpl.java:setRole(173)) - cbadd82d-93c1-4516-940b-a7bad1d4aa4b@group-AF2447B28170: changes role from CANDIDATE to FOLLOWER at term 1 for DISCOVERED_A_NEW_TERM
2019-11-05 04:06:12,585 [cbadd82d-93c1-4516-940b-a7bad1d4aa4b@group-AF2447B28170-LeaderElection22] INFO  impl.RoleInfo (RoleInfo.java:shutdownLeaderElection(134)) - cbadd82d-93c1-4516-940b-a7bad1d4aa4b: shutdown LeaderElection
2019-11-05 04:06:12,585 [cbadd82d-93c1-4516-940b-a7bad1d4aa4b@group-AF2447B28170-LeaderElection22] INFO  impl.RoleInfo (RoleInfo.java:updateAndGet(143)) - cbadd82d-93c1-4516-940b-a7bad1d4aa4b: start FollowerState
2019-11-05 04:06:12,589 [grpc-default-executor-0] INFO  impl.RaftServerImpl (RaftServerImpl.java:setRole(173)) - da3038ec-c4fd-4e11-9179-86b1e11d81da@group-AF2447B28170: changes role from  FOLLOWER to FOLLOWER at term 1 for recognizeCandidate:3bb84b5b-c269-4d26-bdfe-cbd49ad8842a
2019-11-05 04:06:12,589 [grpc-default-executor-0] INFO  impl.RoleInfo (RoleInfo.java:shutdownFollowerState(121)) - da3038ec-c4fd-4e11-9179-86b1e11d81da: shutdown FollowerState
2019-11-05 04:06:12,589 [Thread-722] INFO  impl.FollowerState (FollowerState.java:run(120)) - da3038ec-c4fd-4e11-9179-86b1e11d81da@group-AF2447B28170-FollowerState was interrupted: java.lang.InterruptedException: sleep interrupted
2019-11-05 04:06:12,589 [grpc-default-executor-0] INFO  impl.RoleInfo (RoleInfo.java:updateAndGet(143)) - da3038ec-c4fd-4e11-9179-86b1e11d81da: start FollowerState
2019-11-05 04:06:12,596 [3bb84b5b-c269-4d26-bdfe-cbd49ad8842a@group-AF2447B28170-LeaderElection23] INFO  impl.LeaderElection (LeaderElection.java:logAndReturn(56)) - 3bb84b5b-c269-4d26-bdfe-cbd49ad8842a@group-AF2447B28170-LeaderElection23: Election PASSED; received 2 response(s) [3bb84b5b-c269-4d26-bdfe-cbd49ad8842a<-da3038ec-c4fd-4e11-9179-86b1e11d81da#0:OK-t1, 3bb84b5b-c269-4d26-bdfe-cbd49ad8842a<-cbadd82d-93c1-4516-940b-a7bad1d4aa4b#0:FAIL-t1] and 0 exception(s); 3bb84b5b-c269-4d26-bdfe-cbd49ad8842a@group-AF2447B28170:t1, leader=null, voted=3bb84b5b-c269-4d26-bdfe-cbd49ad8842a, raftlog=3bb84b5b-c269-4d26-bdfe-cbd49ad8842a@group-AF2447B28170-SegmentedRaftLog:OPENED:c-1,f-1,i0, conf=-1: [da3038ec-c4fd-4e11-9179-86b1e11d81da:192.168.164.209:42661, 3bb84b5b-c269-4d26-bdfe-cbd49ad8842a:192.168.164.209:36953, cbadd82d-93c1-4516-940b-a7bad1d4aa4b:192.168.164.209:33133], old=null
2019-11-05 04:06:12,596 [3bb84b5b-c269-4d26-bdfe-cbd49ad8842a@group-AF2447B28170-LeaderElection23] INFO  impl.RoleInfo (RoleInfo.java:shutdownLeaderElection(134)) - 3bb84b5b-c269-4d26-bdfe-cbd49ad8842a: shutdown LeaderElection
2019-11-05 04:06:12,596 [3bb84b5b-c269-4d26-bdfe-cbd49ad8842a@group-AF2447B28170-LeaderElection23] INFO  impl.RaftServerImpl (RaftServerImpl.java:setRole(173)) - 3bb84b5b-c269-4d26-bdfe-cbd49ad8842a@group-AF2447B28170: changes role from CANDIDATE to LEADER at term 1 for changeToLeader
2019-11-05 04:06:12,596 [3bb84b5b-c269-4d26-bdfe-cbd49ad8842a@group-AF2447B28170-LeaderElection23] INFO  impl.RaftServerImpl (ServerState.java:setLeader(255)) - 3bb84b5b-c269-4d26-bdfe-cbd49ad8842a@group-AF2447B28170: change Leader from null to 3bb84b5b-c269-4d26-bdfe-cbd49ad8842a at term 1 for becomeLeader, leader elected after 5174ms
2019-11-05 04:06:12,596 [3bb84b5b-c269-4d26-bdfe-cbd49ad8842a@group-AF2447B28170-LeaderElection23] INFO  server.RaftServerConfigKeys (ConfUtils.java:logGet(43)) - raft.server.staging.catchup.gap = 1000 (default)
2019-11-05 04:06:12,597 [3bb84b5b-c269-4d26-bdfe-cbd49ad8842a@group-AF2447B28170-LeaderElection23] INFO  server.RaftServerConfigKeys (ConfUtils.java:logGet(43)) - raft.server.rpc.sleep.time = 25ms (default)
2019-11-05 04:06:12,597 [3bb84b5b-c269-4d26-bdfe-cbd49ad8842a@group-AF2447B28170-LeaderElection23] INFO  server.RaftServerConfigKeys (ConfUtils.java:logGet(43)) - raft.server.write.element-limit = 4096 (default)
2019-11-05 04:06:12,597 [3bb84b5b-c269-4d26-bdfe-cbd49ad8842a@group-AF2447B28170-LeaderElection23] INFO  server.RaftServerConfigKeys (ConfUtils.java:logGet(43)) - raft.server.watch.timeout = 10s (default)
2019-11-05 04:06:12,597 [3bb84b5b-c269-4d26-bdfe-cbd49ad8842a@group-AF2447B28170-LeaderElection23] INFO  server.RaftServerConfigKeys (ConfUtils.java:logGet(43)) - raft.server.watch.timeout.denomination = 1s (default)
2019-11-05 04:06:12,597 [3bb84b5b-c269-4d26-bdfe-cbd49ad8842a@group-AF2447B28170-LeaderElection23] INFO  server.RaftServerConfigKeys (ConfUtils.java:logGet(43)) - raft.server.watch.element-limit = 65536 (default)
2019-11-05 04:06:12,598 [3bb84b5b-c269-4d26-bdfe-cbd49ad8842a@group-AF2447B28170-LeaderElection23] INFO  server.RaftServerConfigKeys (ConfUtils.java:logGet(43)) - raft.server.log.appender.snapshot.chunk.size.max = 16MB (=16777216) (default)
2019-11-05 04:06:12,598 [3bb84b5b-c269-4d26-bdfe-cbd49ad8842a@group-AF2447B28170-LeaderElection23] INFO  server.RaftServerConfigKeys (ConfUtils.java:logGet(43)) - raft.server.log.appender.buffer.byte-limit = 33554432 (custom)
2019-11-05 04:06:12,598 [3bb84b5b-c269-4d26-bdfe-cbd49ad8842a@group-AF2447B28170-LeaderElection23] INFO  server.RaftServerConfigKeys (ConfUtils.java:logGet(43)) - raft.server.log.appender.buffer.element-limit = 1 (custom)
2019-11-05 04:06:12,598 [3bb84b5b-c269-4d26-bdfe-cbd49ad8842a@group-AF2447B28170-LeaderElection23] INFO  grpc.GrpcConfigKeys$Server (ConfUtils.java:logGet(43)) - raft.grpc.server.leader.outstanding.appends.max = 128 (default)
2019-11-05 04:06:12,598 [3bb84b5b-c269-4d26-bdfe-cbd49ad8842a@group-AF2447B28170-LeaderElection23] INFO  server.RaftServerConfigKeys (ConfUtils.java:logGet(43)) - raft.server.rpc.request.timeout = 3000ms (default)
2019-11-05 04:06:12,598 [3bb84b5b-c269-4d26-bdfe-cbd49ad8842a@group-AF2447B28170-LeaderElection23] INFO  server.RaftServerConfigKeys (ConfUtils.java:logGet(43)) - raft.server.log.appender.install.snapshot.enabled = false (custom)
2019-11-05 04:06:12,599 [3bb84b5b-c269-4d26-bdfe-cbd49ad8842a@group-AF2447B28170-LeaderElection23] WARN  impl.MetricRegistriesImpl (MetricRegistriesImpl.java:lambda$create$1(61)) - First MetricRegistry has been created without registering reporters. You may need to call MetricRegistries.global().addReportRegistration(...) before.
2019-11-05 04:06:12,599 [3bb84b5b-c269-4d26-bdfe-cbd49ad8842a@group-AF2447B28170-LeaderElection23] INFO  server.RaftServerConfigKeys (ConfUtils.java:logGet(43)) - raft.server.log.appender.snapshot.chunk.size.max = 16MB (=16777216) (default)
2019-11-05 04:06:12,599 [3bb84b5b-c269-4d26-bdfe-cbd49ad8842a@group-AF2447B28170-LeaderElection23] INFO  server.RaftServerConfigKeys (ConfUtils.java:logGet(43)) - raft.server.log.appender.buffer.byte-limit = 33554432 (custom)
2019-11-05 04:06:12,599 [3bb84b5b-c269-4d26-bdfe-cbd49ad8842a@group-AF2447B28170-LeaderElection23] INFO  server.RaftServerConfigKeys (ConfUtils.java:logGet(43)) - raft.server.log.appender.buffer.element-limit = 1 (custom)
2019-11-05 04:06:12,599 [3bb84b5b-c269-4d26-bdfe-cbd49ad8842a@group-AF2447B28170-LeaderElection23] INFO  grpc.GrpcConfigKeys$Server (ConfUtils.java:logGet(43)) - raft.grpc.server.leader.outstanding.appends.max = 128 (default)
2019-11-05 04:06:12,600 [3bb84b5b-c269-4d26-bdfe-cbd49ad8842a@group-AF2447B28170-LeaderElection23] INFO  server.RaftServerConfigKeys (ConfUtils.java:logGet(43)) - raft.server.rpc.request.timeout = 3000ms (default)
2019-11-05 04:06:12,600 [3bb84b5b-c269-4d26-bdfe-cbd49ad8842a@group-AF2447B28170-LeaderElection23] INFO  server.RaftServerConfigKeys (ConfUtils.java:logGet(43)) - raft.server.log.appender.install.snapshot.enabled = false (custom)
2019-11-05 04:06:12,600 [3bb84b5b-c269-4d26-bdfe-cbd49ad8842a@group-AF2447B28170-LeaderElection23] INFO  impl.RoleInfo (RoleInfo.java:updateAndGet(143)) - 3bb84b5b-c269-4d26-bdfe-cbd49ad8842a: start LeaderState
2019-11-05 04:06:12,600 [3bb84b5b-c269-4d26-bdfe-cbd49ad8842a@group-AF2447B28170-LeaderElection23] INFO  segmented.SegmentedRaftLogWorker (SegmentedRaftLogWorker.java:startLogSegment(385)) - 3bb84b5b-c269-4d26-bdfe-cbd49ad8842a@group-AF2447B28170-SegmentedRaftLogWorker: Starting segment from index:0
2019-11-05 04:06:12,601 [3bb84b5b-c269-4d26-bdfe-cbd49ad8842a@group-AF2447B28170-LeaderElection23] INFO  impl.RaftServerImpl (ServerState.java:setRaftConf(356)) - 3bb84b5b-c269-4d26-bdfe-cbd49ad8842a@group-AF2447B28170: set configuration 0: [da3038ec-c4fd-4e11-9179-86b1e11d81da:192.168.164.209:42661, 3bb84b5b-c269-4d26-bdfe-cbd49ad8842a:192.168.164.209:36953, cbadd82d-93c1-4516-940b-a7bad1d4aa4b:192.168.164.209:33133], old=null at 0
2019-11-05 04:06:12,603 [grpc-default-executor-3] INFO  impl.RaftServerImpl (ServerState.java:setLeader(255)) - cbadd82d-93c1-4516-940b-a7bad1d4aa4b@group-AF2447B28170: change Leader from null to 3bb84b5b-c269-4d26-bdfe-cbd49ad8842a at term 1 for appendEntries, leader elected after 5180ms
2019-11-05 04:06:12,603 [grpc-default-executor-1] INFO  impl.RaftServerImpl (ServerState.java:setLeader(255)) - da3038ec-c4fd-4e11-9179-86b1e11d81da@group-AF2447B28170: change Leader from null to 3bb84b5b-c269-4d26-bdfe-cbd49ad8842a at term 1 for appendEntries, leader elected after 5180ms
2019-11-05 04:06:12,606 [grpc-default-executor-3] INFO  impl.RaftServerImpl (ServerState.java:setRaftConf(356)) - da3038ec-c4fd-4e11-9179-86b1e11d81da@group-AF2447B28170: set configuration 0: [da3038ec-c4fd-4e11-9179-86b1e11d81da:192.168.164.209:42661, 3bb84b5b-c269-4d26-bdfe-cbd49ad8842a:192.168.164.209:36953, cbadd82d-93c1-4516-940b-a7bad1d4aa4b:192.168.164.209:33133], old=null at 0
2019-11-05 04:06:12,606 [grpc-default-executor-1] INFO  impl.RaftServerImpl (ServerState.java:setRaftConf(356)) - cbadd82d-93c1-4516-940b-a7bad1d4aa4b@group-AF2447B28170: set configuration 0: [da3038ec-c4fd-4e11-9179-86b1e11d81da:192.168.164.209:42661, 3bb84b5b-c269-4d26-bdfe-cbd49ad8842a:192.168.164.209:36953, cbadd82d-93c1-4516-940b-a7bad1d4aa4b:192.168.164.209:33133], old=null at 0
2019-11-05 04:06:12,606 [grpc-default-executor-3] INFO  segmented.SegmentedRaftLogWorker (SegmentedRaftLogWorker.java:startLogSegment(385)) - da3038ec-c4fd-4e11-9179-86b1e11d81da@group-AF2447B28170-SegmentedRaftLogWorker: Starting segment from index:0
2019-11-05 04:06:12,606 [grpc-default-executor-1] INFO  segmented.SegmentedRaftLogWorker (SegmentedRaftLogWorker.java:startLogSegment(385)) - cbadd82d-93c1-4516-940b-a7bad1d4aa4b@group-AF2447B28170-SegmentedRaftLogWorker: Starting segment from index:0
2019-11-05 04:06:12,623 [3bb84b5b-c269-4d26-bdfe-cbd49ad8842a@group-09860E25AFE5-SegmentedRaftLogWorker] INFO  segmented.SegmentedRaftLogWorker (SegmentedRaftLogWorker.java:execute(576)) - 3bb84b5b-c269-4d26-bdfe-cbd49ad8842a@group-09860E25AFE5-SegmentedRaftLogWorker: created new log segment /workdir/hadoop-ozone/integration-test/target/test-dir/MiniOzoneClusterImpl-b5e44674-0749-41b5-a0d1-bb304d26ed7a/datanode-0/data/ratis/fc802d96-8d18-4315-8998-09860e25afe5/current/log_inprogress_0
2019-11-05 04:06:12,623 [da3038ec-c4fd-4e11-9179-86b1e11d81da@group-09860E25AFE5-SegmentedRaftLogWorker] INFO  segmented.SegmentedRaftLogWorker (SegmentedRaftLogWorker.java:execute(576)) - da3038ec-c4fd-4e11-9179-86b1e11d81da@group-09860E25AFE5-SegmentedRaftLogWorker: created new log segment /workdir/hadoop-ozone/integration-test/target/test-dir/MiniOzoneClusterImpl-b5e44674-0749-41b5-a0d1-bb304d26ed7a/datanode-2/data/ratis/fc802d96-8d18-4315-8998-09860e25afe5/current/log_inprogress_0
2019-11-05 04:06:12,637 [3bb84b5b-c269-4d26-bdfe-cbd49ad8842a@group-AF2447B28170-SegmentedRaftLogWorker] INFO  segmented.SegmentedRaftLogWorker (SegmentedRaftLogWorker.java:execute(576)) - 3bb84b5b-c269-4d26-bdfe-cbd49ad8842a@group-AF2447B28170-SegmentedRaftLogWorker: created new log segment /workdir/hadoop-ozone/integration-test/target/test-dir/MiniOzoneClusterImpl-b5e44674-0749-41b5-a0d1-bb304d26ed7a/datanode-0/data/ratis/b561a678-daa9-4d35-89b0-af2447b28170/current/log_inprogress_0
2019-11-05 04:06:12,640 [cbadd82d-93c1-4516-940b-a7bad1d4aa4b@group-AF2447B28170-SegmentedRaftLogWorker] INFO  segmented.SegmentedRaftLogWorker (SegmentedRaftLogWorker.java:execute(576)) - cbadd82d-93c1-4516-940b-a7bad1d4aa4b@group-AF2447B28170-SegmentedRaftLogWorker: created new log segment /workdir/hadoop-ozone/integration-test/target/test-dir/MiniOzoneClusterImpl-b5e44674-0749-41b5-a0d1-bb304d26ed7a/datanode-1/data/ratis/b561a678-daa9-4d35-89b0-af2447b28170/current/log_inprogress_0
2019-11-05 04:06:12,654 [da3038ec-c4fd-4e11-9179-86b1e11d81da@group-AF2447B28170-SegmentedRaftLogWorker] INFO  segmented.SegmentedRaftLogWorker (SegmentedRaftLogWorker.java:execute(576)) - da3038ec-c4fd-4e11-9179-86b1e11d81da@group-AF2447B28170-SegmentedRaftLogWorker: created new log segment /workdir/hadoop-ozone/integration-test/target/test-dir/MiniOzoneClusterImpl-b5e44674-0749-41b5-a0d1-bb304d26ed7a/datanode-2/data/ratis/b561a678-daa9-4d35-89b0-af2447b28170/current/log_inprogress_0
2019-11-05 04:06:13,184 [Thread-480] INFO  ozoneimpl.OzoneContainer (OzoneContainer.java:stop(227)) - Attempting to stop container services.
2019-11-05 04:06:13,185 [Thread-480] INFO  impl.RaftServerProxy (RaftServerProxy.java:lambda$close$4(314)) - 3bb84b5b-c269-4d26-bdfe-cbd49ad8842a: close
2019-11-05 04:06:13,185 [Thread-480] INFO  impl.RaftServerImpl (RaftServerImpl.java:lambda$shutdown$3(250)) - 3bb84b5b-c269-4d26-bdfe-cbd49ad8842a@group-09860E25AFE5: shutdown
2019-11-05 04:06:13,185 [ForkJoinPool.commonPool-worker-1] INFO  impl.RaftServerImpl (RaftServerImpl.java:lambda$shutdown$3(250)) - 3bb84b5b-c269-4d26-bdfe-cbd49ad8842a@group-5CA1FB277425: shutdown
2019-11-05 04:06:13,186 [Thread-480] INFO  util.JmxRegister (JmxRegister.java:unregister(73)) - Successfully un-registered JMX Bean with object name Ratis:service=RaftServer,group=group-09860E25AFE5,id=3bb84b5b-c269-4d26-bdfe-cbd49ad8842a
2019-11-05 04:06:13,186 [ForkJoinPool.commonPool-worker-1] INFO  util.JmxRegister (JmxRegister.java:unregister(73)) - Successfully un-registered JMX Bean with object name Ratis:service=RaftServer,group=group-5CA1FB277425,id=3bb84b5b-c269-4d26-bdfe-cbd49ad8842a
2019-11-05 04:06:13,186 [Thread-480] INFO  impl.RoleInfo (RoleInfo.java:shutdownFollowerState(121)) - 3bb84b5b-c269-4d26-bdfe-cbd49ad8842a: shutdown FollowerState
2019-11-05 04:06:13,186 [ForkJoinPool.commonPool-worker-1] INFO  impl.RoleInfo (RoleInfo.java:shutdownFollowerState(121)) - 3bb84b5b-c269-4d26-bdfe-cbd49ad8842a: shutdown FollowerState
2019-11-05 04:06:13,187 [Thread-703] INFO  impl.FollowerState (FollowerState.java:run(120)) - 3bb84b5b-c269-4d26-bdfe-cbd49ad8842a@group-09860E25AFE5-FollowerState was interrupted: java.lang.InterruptedException: sleep interrupted
2019-11-05 04:06:13,187 [Thread-480] INFO  impl.StateMachineUpdater (StateMachineUpdater.java:stopAndJoin(136)) - 3bb84b5b-c269-4d26-bdfe-cbd49ad8842a@group-09860E25AFE5-StateMachineUpdater: set stopIndex = -1
2019-11-05 04:06:13,187 [Thread-480] INFO  impl.RaftServerImpl (ServerState.java:close(387)) - 3bb84b5b-c269-4d26-bdfe-cbd49ad8842a@group-09860E25AFE5: closes. applyIndex: -1
2019-11-05 04:06:13,187 [Thread-702] INFO  impl.FollowerState (FollowerState.java:run(120)) - 3bb84b5b-c269-4d26-bdfe-cbd49ad8842a@group-5CA1FB277425-FollowerState was interrupted: java.lang.InterruptedException: sleep interrupted
2019-11-05 04:06:13,187 [ForkJoinPool.commonPool-worker-1] INFO  impl.StateMachineUpdater (StateMachineUpdater.java:stopAndJoin(136)) - 3bb84b5b-c269-4d26-bdfe-cbd49ad8842a@group-5CA1FB277425-StateMachineUpdater: set stopIndex = -1
2019-11-05 04:06:13,187 [3bb84b5b-c269-4d26-bdfe-cbd49ad8842a@group-09860E25AFE5-SegmentedRaftLogWorker] INFO  segmented.SegmentedRaftLogWorker (SegmentedRaftLogWorker.java:run(316)) - 3bb84b5b-c269-4d26-bdfe-cbd49ad8842a@group-09860E25AFE5-SegmentedRaftLogWorker was interrupted, exiting. There are 0 tasks remaining in the queue.
2019-11-05 04:06:13,188 [ForkJoinPool.commonPool-worker-1] INFO  impl.RaftServerImpl (ServerState.java:close(387)) - 3bb84b5b-c269-4d26-bdfe-cbd49ad8842a@group-5CA1FB277425: closes. applyIndex: -1
2019-11-05 04:06:13,190 [Thread-480] INFO  segmented.SegmentedRaftLogWorker (SegmentedRaftLogWorker.java:close(224)) - 3bb84b5b-c269-4d26-bdfe-cbd49ad8842a@group-09860E25AFE5-SegmentedRaftLogWorker close()
2019-11-05 04:06:13,190 [3bb84b5b-c269-4d26-bdfe-cbd49ad8842a@group-5CA1FB277425-SegmentedRaftLogWorker] INFO  segmented.SegmentedRaftLogWorker (SegmentedRaftLogWorker.java:run(316)) - 3bb84b5b-c269-4d26-bdfe-cbd49ad8842a@group-5CA1FB277425-SegmentedRaftLogWorker was interrupted, exiting. There are 0 tasks remaining in the queue.
2019-11-05 04:06:13,192 [Thread-480] INFO  impl.RaftServerImpl (RaftServerImpl.java:lambda$shutdown$3(250)) - 3bb84b5b-c269-4d26-bdfe-cbd49ad8842a@group-B3C658EF7596: shutdown
2019-11-05 04:06:13,193 [ForkJoinPool.commonPool-worker-1] INFO  segmented.SegmentedRaftLogWorker (SegmentedRaftLogWorker.java:close(224)) - 3bb84b5b-c269-4d26-bdfe-cbd49ad8842a@group-5CA1FB277425-SegmentedRaftLogWorker close()
2019-11-05 04:06:13,193 [Thread-480] INFO  util.JmxRegister (JmxRegister.java:unregister(73)) - Successfully un-registered JMX Bean with object name Ratis:service=RaftServer,group=group-B3C658EF7596,id=3bb84b5b-c269-4d26-bdfe-cbd49ad8842a
2019-11-05 04:06:13,193 [ForkJoinPool.commonPool-worker-1] INFO  impl.RaftServerImpl (RaftServerImpl.java:lambda$shutdown$3(250)) - 3bb84b5b-c269-4d26-bdfe-cbd49ad8842a@group-AF2447B28170: shutdown
2019-11-05 04:06:13,193 [Thread-480] INFO  impl.RoleInfo (RoleInfo.java:shutdownLeaderState(104)) - 3bb84b5b-c269-4d26-bdfe-cbd49ad8842a: shutdown LeaderState
2019-11-05 04:06:13,194 [ForkJoinPool.commonPool-worker-1] INFO  util.JmxRegister (JmxRegister.java:unregister(73)) - Successfully un-registered JMX Bean with object name Ratis:service=RaftServer,group=group-AF2447B28170,id=3bb84b5b-c269-4d26-bdfe-cbd49ad8842a
2019-11-05 04:06:13,194 [Thread-480] INFO  impl.PendingRequests (PendingRequests.java:sendNotLeaderResponses(206)) - 3bb84b5b-c269-4d26-bdfe-cbd49ad8842a@group-B3C658EF7596-PendingRequests: sendNotLeaderResponses
2019-11-05 04:06:13,194 [ForkJoinPool.commonPool-worker-1] INFO  impl.RoleInfo (RoleInfo.java:shutdownLeaderState(104)) - 3bb84b5b-c269-4d26-bdfe-cbd49ad8842a: shutdown LeaderState
2019-11-05 04:06:13,194 [Thread-480] INFO  impl.StateMachineUpdater (StateMachineUpdater.java:stopAndJoin(136)) - 3bb84b5b-c269-4d26-bdfe-cbd49ad8842a@group-B3C658EF7596-StateMachineUpdater: set stopIndex = 0
2019-11-05 04:06:13,196 [org.apache.ratis.server.impl.LogAppender$AppenderDaemon$$Lambda$477/1783391639@a3b1a47] WARN  server.GrpcLogAppender (GrpcLogAppender.java:mayWait(151)) - 3bb84b5b-c269-4d26-bdfe-cbd49ad8842a@group-AF2447B28170->cbadd82d-93c1-4516-940b-a7bad1d4aa4b-GrpcLogAppender: Wait interrupted by java.lang.InterruptedException
2019-11-05 04:06:13,196 [org.apache.ratis.server.impl.LogAppender$AppenderDaemon$$Lambda$477/1783391639@4f398dc4] WARN  server.GrpcLogAppender (GrpcLogAppender.java:mayWait(151)) - 3bb84b5b-c269-4d26-bdfe-cbd49ad8842a@group-AF2447B28170->da3038ec-c4fd-4e11-9179-86b1e11d81da-GrpcLogAppender: Wait interrupted by java.lang.InterruptedException
2019-11-05 04:06:13,196 [ForkJoinPool.commonPool-worker-1] INFO  impl.PendingRequests (PendingRequests.java:sendNotLeaderResponses(206)) - 3bb84b5b-c269-4d26-bdfe-cbd49ad8842a@group-AF2447B28170-PendingRequests: sendNotLeaderResponses
2019-11-05 04:06:13,197 [Thread-480] INFO  impl.RaftServerImpl (ServerState.java:close(387)) - 3bb84b5b-c269-4d26-bdfe-cbd49ad8842a@group-B3C658EF7596: closes. applyIndex: 0
2019-11-05 04:06:13,197 [ForkJoinPool.commonPool-worker-1] INFO  impl.StateMachineUpdater (StateMachineUpdater.java:stopAndJoin(136)) - 3bb84b5b-c269-4d26-bdfe-cbd49ad8842a@group-AF2447B28170-StateMachineUpdater: set stopIndex = 0
2019-11-05 04:06:13,197 [grpc-default-executor-1] INFO  server.GrpcServerProtocolService (GrpcServerProtocolService.java:onCompleted(113)) - cbadd82d-93c1-4516-940b-a7bad1d4aa4b: Completed APPEND_ENTRIES, lastRequest: 3bb84b5b-c269-4d26-bdfe-cbd49ad8842a->cbadd82d-93c1-4516-940b-a7bad1d4aa4b#1-t1, previous=(t:0, i:0), leaderCommit=-1, initializing? false, entries: size=1, first=(t:1, i:0), CONFIGURATIONENTRY
2019-11-05 04:06:13,197 [3bb84b5b-c269-4d26-bdfe-cbd49ad8842a@group-B3C658EF7596-SegmentedRaftLogWorker] INFO  segmented.SegmentedRaftLogWorker (SegmentedRaftLogWorker.java:run(316)) - 3bb84b5b-c269-4d26-bdfe-cbd49ad8842a@group-B3C658EF7596-SegmentedRaftLogWorker was interrupted, exiting. There are 0 tasks remaining in the queue.
2019-11-05 04:06:13,197 [grpc-default-executor-3] INFO  server.GrpcServerProtocolService (GrpcServerProtocolService.java:onCompleted(113)) - da3038ec-c4fd-4e11-9179-86b1e11d81da: Completed APPEND_ENTRIES, lastRequest: 3bb84b5b-c269-4d26-bdfe-cbd49ad8842a->da3038ec-c4fd-4e11-9179-86b1e11d81da#1-t1, previous=(t:0, i:0), leaderCommit=-1, initializing? false, entries: size=1, first=(t:1, i:0), CONFIGURATIONENTRY
2019-11-05 04:06:13,197 [ForkJoinPool.commonPool-worker-1] INFO  impl.RaftServerImpl (ServerState.java:close(387)) - 3bb84b5b-c269-4d26-bdfe-cbd49ad8842a@group-AF2447B28170: closes. applyIndex: 0
2019-11-05 04:06:13,199 [Thread-480] INFO  segmented.SegmentedRaftLogWorker (SegmentedRaftLogWorker.java:close(224)) - 3bb84b5b-c269-4d26-bdfe-cbd49ad8842a@group-B3C658EF7596-SegmentedRaftLogWorker close()
2019-11-05 04:06:13,199 [grpc-default-executor-1] INFO  server.GrpcLogAppender (GrpcLogAppender.java:onCompleted(308)) - 3bb84b5b-c269-4d26-bdfe-cbd49ad8842a@group-AF2447B28170->da3038ec-c4fd-4e11-9179-86b1e11d81da-AppendLogResponseHandler: follower responses appendEntries COMPLETED
2019-11-05 04:06:13,199 [3bb84b5b-c269-4d26-bdfe-cbd49ad8842a@group-AF2447B28170-SegmentedRaftLogWorker] INFO  segmented.SegmentedRaftLogWorker (SegmentedRaftLogWorker.java:run(316)) - 3bb84b5b-c269-4d26-bdfe-cbd49ad8842a@group-AF2447B28170-SegmentedRaftLogWorker was interrupted, exiting. There are 0 tasks remaining in the queue.
2019-11-05 04:06:13,199 [grpc-default-executor-3] INFO  server.GrpcLogAppender (GrpcLogAppender.java:onCompleted(308)) - 3bb84b5b-c269-4d26-bdfe-cbd49ad8842a@group-AF2447B28170->cbadd82d-93c1-4516-940b-a7bad1d4aa4b-AppendLogResponseHandler: follower responses appendEntries COMPLETED
2019-11-05 04:06:13,204 [ForkJoinPool.commonPool-worker-1] INFO  segmented.SegmentedRaftLogWorker (SegmentedRaftLogWorker.java:close(224)) - 3bb84b5b-c269-4d26-bdfe-cbd49ad8842a@group-AF2447B28170-SegmentedRaftLogWorker close()
2019-11-05 04:06:13,205 [grpc-default-executor-1] INFO  impl.FollowerInfo (FollowerInfo.java:lambda$new$0(51)) - 3bb84b5b-c269-4d26-bdfe-cbd49ad8842a@group-AF2447B28170->da3038ec-c4fd-4e11-9179-86b1e11d81da: nextIndex: updateUnconditionally 1 -> 0
2019-11-05 04:06:13,205 [Thread-480] INFO  server.GrpcService (GrpcService.java:closeImpl(164)) - 3bb84b5b-c269-4d26-bdfe-cbd49ad8842a: shutdown server with port 36953 now
2019-11-05 04:06:13,205 [grpc-default-executor-3] INFO  impl.FollowerInfo (FollowerInfo.java:lambda$new$0(51)) - 3bb84b5b-c269-4d26-bdfe-cbd49ad8842a@group-AF2447B28170->cbadd82d-93c1-4516-940b-a7bad1d4aa4b: nextIndex: updateUnconditionally 1 -> 0
2019-11-05 04:06:13,206 [grpc-default-executor-1] WARN  server.GrpcServerProtocolService (LogUtils.java:warn(134)) - 3bb84b5b-c269-4d26-bdfe-cbd49ad8842a: installSnapshot onError, lastRequest: da3038ec-c4fd-4e11-9179-86b1e11d81da->3bb84b5b-c269-4d26-bdfe-cbd49ad8842a#1-t1, previous=(t:0, i:0), leaderCommit=-1, initializing? false, entries: size=1, first=(t:1, i:0), CONFIGURATIONENTRY: org.apache.ratis.thirdparty.io.grpc.StatusRuntimeException: CANCELLED: cancelled before receiving half close
2019-11-05 04:06:13,206 [Thread-480] INFO  server.GrpcService (GrpcService.java:closeImpl(172)) - 3bb84b5b-c269-4d26-bdfe-cbd49ad8842a: shutdown server with port 36953 successfully
2019-11-05 04:06:13,206 [grpc-default-executor-3] WARN  server.GrpcServerProtocolService (LogUtils.java:warn(134)) - 3bb84b5b-c269-4d26-bdfe-cbd49ad8842a: installSnapshot onError, lastRequest: cbadd82d-93c1-4516-940b-a7bad1d4aa4b->3bb84b5b-c269-4d26-bdfe-cbd49ad8842a#1-t1, previous=(t:0, i:0), leaderCommit=-1, initializing? false, entries: size=1, first=(t:1, i:0), CONFIGURATIONENTRY: org.apache.ratis.thirdparty.io.grpc.StatusRuntimeException: CANCELLED: cancelled before receiving half close
2019-11-05 04:06:13,207 [grpc-default-executor-4] WARN  server.GrpcLogAppender (LogUtils.java:warn(134)) - cbadd82d-93c1-4516-940b-a7bad1d4aa4b@group-09860E25AFE5->3bb84b5b-c269-4d26-bdfe-cbd49ad8842a-AppendLogResponseHandler: Failed appendEntries: org.apache.ratis.thirdparty.io.grpc.StatusRuntimeException: CANCELLED: HTTP/2 error code: CANCEL
Received Rst Stream
2019-11-05 04:06:13,207 [grpc-default-executor-5] WARN  server.GrpcLogAppender (LogUtils.java:warn(134)) - da3038ec-c4fd-4e11-9179-86b1e11d81da@group-5CA1FB277425->3bb84b5b-c269-4d26-bdfe-cbd49ad8842a-AppendLogResponseHandler: Failed appendEntries: org.apache.ratis.thirdparty.io.grpc.StatusRuntimeException: CANCELLED: HTTP/2 error code: CANCEL
Received Rst Stream
2019-11-05 04:06:13,209 [grpc-default-executor-4] INFO  impl.FollowerInfo (FollowerInfo.java:lambda$new$0(51)) - cbadd82d-93c1-4516-940b-a7bad1d4aa4b@group-09860E25AFE5->3bb84b5b-c269-4d26-bdfe-cbd49ad8842a: nextIndex: updateUnconditionally 1 -> 0
2019-11-05 04:06:13,209 [grpc-default-executor-5] INFO  impl.FollowerInfo (FollowerInfo.java:lambda$new$0(51)) - da3038ec-c4fd-4e11-9179-86b1e11d81da@group-5CA1FB277425->3bb84b5b-c269-4d26-bdfe-cbd49ad8842a: nextIndex: updateUnconditionally 1 -> 0
2019-11-05 04:06:13,211 [refreshUsed-/workdir/hadoop-ozone/integration-test/target/test-dir/MiniOzoneClusterImpl-b5e44674-0749-41b5-a0d1-bb304d26ed7a/datanode-0/data/containers] WARN  fs.CachingGetSpaceUsed (CachingGetSpaceUsed.java:run(183)) - Thread Interrupted waiting to refresh disk information: sleep interrupted
2019-11-05 04:06:13,230 [Thread-480] INFO  utils.BackgroundService (BackgroundService.java:shutdown(151)) - Shutting down service BlockDeletingService
2019-11-05 04:06:13,233 [Thread-480] INFO  statemachine.DatanodeStateMachine (DatanodeStateMachine.java:stopDaemon(395)) - Ozone container server stopped.
2019-11-05 04:06:13,235 [Thread-480] INFO  handler.ContextHandler (ContextHandler.java:doStop(910)) - Stopped o.e.j.w.WebAppContext@240179ba{/,null,UNAVAILABLE}{/hddsDatanode}
2019-11-05 04:06:13,236 [Thread-480] INFO  server.AbstractConnector (AbstractConnector.java:doStop(318)) - Stopped ServerConnector@5500c85a{HTTP/1.1,[http/1.1]}{0.0.0.0:0}
2019-11-05 04:06:13,236 [Thread-480] INFO  handler.ContextHandler (ContextHandler.java:doStop(910)) - Stopped o.e.j.s.ServletContextHandler@5f3516eb{/static,jar:file:/home/user/.m2/repository/org/apache/hadoop/hadoop-hdds-container-service/0.5.0-SNAPSHOT/hadoop-hdds-container-service-0.5.0-SNAPSHOT.jar!/webapps/static,UNAVAILABLE}
2019-11-05 04:06:13,237 [Thread-480] INFO  handler.ContextHandler (ContextHandler.java:doStop(910)) - Stopped o.e.j.s.ServletContextHandler@54a69002{/logs,file:///workdir/hadoop-ozone/integration-test/target/log,UNAVAILABLE}
2019-11-05 04:06:13,269 [EventQueue-StaleNodeForStaleNodeHandler] INFO  node.StaleNodeHandler (StaleNodeHandler.java:onMessage(58)) - Datanode 3bb84b5b-c269-4d26-bdfe-cbd49ad8842a{ip: 192.168.164.209, host: pr-hdds-1576-zlq79-596195737, networkLocation: /default-rack, certSerialId: null} moved to stale state. Finalizing its pipelines [PipelineID=f1e6ef9c-1e44-44a2-a1ad-5ca1fb277425, PipelineID=b561a678-daa9-4d35-89b0-af2447b28170, PipelineID=fc802d96-8d18-4315-8998-09860e25afe5, PipelineID=b7ffbff3-cb76-488e-a4ec-b3c658ef7596]
2019-11-05 04:06:13,269 [EventQueue-StaleNodeForStaleNodeHandler] INFO  pipeline.SCMPipelineManager (SCMPipelineManager.java:finalizeAndDestroyPipeline(310)) - destroying pipeline:Pipeline[ Id: f1e6ef9c-1e44-44a2-a1ad-5ca1fb277425, Nodes: cbadd82d-93c1-4516-940b-a7bad1d4aa4b{ip: 192.168.164.209, host: pr-hdds-1576-zlq79-596195737, networkLocation: /default-rack, certSerialId: null}3bb84b5b-c269-4d26-bdfe-cbd49ad8842a{ip: 192.168.164.209, host: pr-hdds-1576-zlq79-596195737, networkLocation: /default-rack, certSerialId: null}da3038ec-c4fd-4e11-9179-86b1e11d81da{ip: 192.168.164.209, host: pr-hdds-1576-zlq79-596195737, networkLocation: /default-rack, certSerialId: null}, Type:RATIS, Factor:THREE, State:OPEN]
2019-11-05 04:06:13,275 [EventQueue-StaleNodeForStaleNodeHandler] INFO  pipeline.PipelineStateManager (PipelineStateManager.java:finalizePipeline(123)) - Pipeline Pipeline[ Id: f1e6ef9c-1e44-44a2-a1ad-5ca1fb277425, Nodes: cbadd82d-93c1-4516-940b-a7bad1d4aa4b{ip: 192.168.164.209, host: pr-hdds-1576-zlq79-596195737, networkLocation: /default-rack, certSerialId: null}3bb84b5b-c269-4d26-bdfe-cbd49ad8842a{ip: 192.168.164.209, host: pr-hdds-1576-zlq79-596195737, networkLocation: /default-rack, certSerialId: null}da3038ec-c4fd-4e11-9179-86b1e11d81da{ip: 192.168.164.209, host: pr-hdds-1576-zlq79-596195737, networkLocation: /default-rack, certSerialId: null}, Type:RATIS, Factor:THREE, State:CLOSED] moved to CLOSED state
2019-11-05 04:06:13,277 [EventQueue-StaleNodeForStaleNodeHandler] INFO  pipeline.SCMPipelineManager (SCMPipelineManager.java:finalizeAndDestroyPipeline(310)) - destroying pipeline:Pipeline[ Id: b561a678-daa9-4d35-89b0-af2447b28170, Nodes: 3bb84b5b-c269-4d26-bdfe-cbd49ad8842a{ip: 192.168.164.209, host: pr-hdds-1576-zlq79-596195737, networkLocation: /default-rack, certSerialId: null}cbadd82d-93c1-4516-940b-a7bad1d4aa4b{ip: 192.168.164.209, host: pr-hdds-1576-zlq79-596195737, networkLocation: /default-rack, certSerialId: null}da3038ec-c4fd-4e11-9179-86b1e11d81da{ip: 192.168.164.209, host: pr-hdds-1576-zlq79-596195737, networkLocation: /default-rack, certSerialId: null}, Type:RATIS, Factor:THREE, State:OPEN]
2019-11-05 04:06:13,277 [EventQueue-StaleNodeForStaleNodeHandler] INFO  pipeline.PipelineStateManager (PipelineStateManager.java:finalizePipeline(123)) - Pipeline Pipeline[ Id: b561a678-daa9-4d35-89b0-af2447b28170, Nodes: 3bb84b5b-c269-4d26-bdfe-cbd49ad8842a{ip: 192.168.164.209, host: pr-hdds-1576-zlq79-596195737, networkLocation: /default-rack, certSerialId: null}cbadd82d-93c1-4516-940b-a7bad1d4aa4b{ip: 192.168.164.209, host: pr-hdds-1576-zlq79-596195737, networkLocation: /default-rack, certSerialId: null}da3038ec-c4fd-4e11-9179-86b1e11d81da{ip: 192.168.164.209, host: pr-hdds-1576-zlq79-596195737, networkLocation: /default-rack, certSerialId: null}, Type:RATIS, Factor:THREE, State:CLOSED] moved to CLOSED state
2019-11-05 04:06:13,278 [EventQueue-StaleNodeForStaleNodeHandler] INFO  pipeline.SCMPipelineManager (SCMPipelineManager.java:finalizeAndDestroyPipeline(310)) - destroying pipeline:Pipeline[ Id: fc802d96-8d18-4315-8998-09860e25afe5, Nodes: 3bb84b5b-c269-4d26-bdfe-cbd49ad8842a{ip: 192.168.164.209, host: pr-hdds-1576-zlq79-596195737, networkLocation: /default-rack, certSerialId: null}da3038ec-c4fd-4e11-9179-86b1e11d81da{ip: 192.168.164.209, host: pr-hdds-1576-zlq79-596195737, networkLocation: /default-rack, certSerialId: null}cbadd82d-93c1-4516-940b-a7bad1d4aa4b{ip: 192.168.164.209, host: pr-hdds-1576-zlq79-596195737, networkLocation: /default-rack, certSerialId: null}, Type:RATIS, Factor:THREE, State:OPEN]
2019-11-05 04:06:13,278 [EventQueue-StaleNodeForStaleNodeHandler] INFO  pipeline.PipelineStateManager (PipelineStateManager.java:finalizePipeline(123)) - Pipeline Pipeline[ Id: fc802d96-8d18-4315-8998-09860e25afe5, Nodes: 3bb84b5b-c269-4d26-bdfe-cbd49ad8842a{ip: 192.168.164.209, host: pr-hdds-1576-zlq79-596195737, networkLocation: /default-rack, certSerialId: null}da3038ec-c4fd-4e11-9179-86b1e11d81da{ip: 192.168.164.209, host: pr-hdds-1576-zlq79-596195737, networkLocation: /default-rack, certSerialId: null}cbadd82d-93c1-4516-940b-a7bad1d4aa4b{ip: 192.168.164.209, host: pr-hdds-1576-zlq79-596195737, networkLocation: /default-rack, certSerialId: null}, Type:RATIS, Factor:THREE, State:CLOSED] moved to CLOSED state
2019-11-05 04:06:13,278 [EventQueue-StaleNodeForStaleNodeHandler] INFO  pipeline.SCMPipelineManager (SCMPipelineManager.java:finalizeAndDestroyPipeline(310)) - destroying pipeline:Pipeline[ Id: b7ffbff3-cb76-488e-a4ec-b3c658ef7596, Nodes: 3bb84b5b-c269-4d26-bdfe-cbd49ad8842a{ip: 192.168.164.209, host: pr-hdds-1576-zlq79-596195737, networkLocation: /default-rack, certSerialId: null}, Type:RATIS, Factor:ONE, State:OPEN]
2019-11-05 04:06:13,278 [EventQueue-StaleNodeForStaleNodeHandler] INFO  pipeline.PipelineStateManager (PipelineStateManager.java:finalizePipeline(123)) - Pipeline Pipeline[ Id: b7ffbff3-cb76-488e-a4ec-b3c658ef7596, Nodes: 3bb84b5b-c269-4d26-bdfe-cbd49ad8842a{ip: 192.168.164.209, host: pr-hdds-1576-zlq79-596195737, networkLocation: /default-rack, certSerialId: null}, Type:RATIS, Factor:ONE, State:CLOSED] moved to CLOSED state
2019-11-05 04:06:15,098 [Datanode State Machine Thread - 0] INFO  statemachine.DatanodeStateMachine (DatanodeStateMachine.java:lambda$startDaemon$0(350)) - Ozone container server started.
2019-11-05 04:06:15,098 [grpc-default-executor-5] WARN  server.GrpcLogAppender (LogUtils.java:warn(134)) - da3038ec-c4fd-4e11-9179-86b1e11d81da@group-5CA1FB277425->3bb84b5b-c269-4d26-bdfe-cbd49ad8842a-AppendLogResponseHandler: Failed appendEntries: org.apache.ratis.thirdparty.io.grpc.StatusRuntimeException: UNAVAILABLE: io exception
2019-11-05 04:06:15,100 [grpc-default-executor-5] INFO  impl.FollowerInfo (FollowerInfo.java:lambda$new$0(51)) - da3038ec-c4fd-4e11-9179-86b1e11d81da@group-5CA1FB277425->3bb84b5b-c269-4d26-bdfe-cbd49ad8842a: nextIndex: updateUnconditionally 0 -> 0
2019-11-05 04:06:15,140 [grpc-default-executor-3] WARN  server.GrpcLogAppender (LogUtils.java:warn(134)) - cbadd82d-93c1-4516-940b-a7bad1d4aa4b@group-09860E25AFE5->3bb84b5b-c269-4d26-bdfe-cbd49ad8842a-AppendLogResponseHandler: Failed appendEntries: org.apache.ratis.thirdparty.io.grpc.StatusRuntimeException: UNAVAILABLE: io exception
2019-11-05 04:06:15,142 [grpc-default-executor-3] INFO  impl.FollowerInfo (FollowerInfo.java:lambda$new$0(51)) - cbadd82d-93c1-4516-940b-a7bad1d4aa4b@group-09860E25AFE5->3bb84b5b-c269-4d26-bdfe-cbd49ad8842a: nextIndex: updateUnconditionally 0 -> 0
2019-11-05 04:06:17,605 [grpc-default-executor-1] WARN  server.GrpcLogAppender (LogUtils.java:warn(134)) - da3038ec-c4fd-4e11-9179-86b1e11d81da@group-5CA1FB277425->3bb84b5b-c269-4d26-bdfe-cbd49ad8842a-AppendLogResponseHandler: Failed appendEntries: org.apache.ratis.thirdparty.io.grpc.StatusRuntimeException: UNAVAILABLE: io exception
2019-11-05 04:06:17,609 [grpc-default-executor-1] INFO  impl.FollowerInfo (FollowerInfo.java:lambda$new$0(51)) - da3038ec-c4fd-4e11-9179-86b1e11d81da@group-5CA1FB277425->3bb84b5b-c269-4d26-bdfe-cbd49ad8842a: nextIndex: updateUnconditionally 0 -> 0
2019-11-05 04:06:17,641 [grpc-default-executor-4] WARN  server.GrpcLogAppender (LogUtils.java:warn(134)) - cbadd82d-93c1-4516-940b-a7bad1d4aa4b@group-09860E25AFE5->3bb84b5b-c269-4d26-bdfe-cbd49ad8842a-AppendLogResponseHandler: Failed appendEntries: org.apache.ratis.thirdparty.io.grpc.StatusRuntimeException: UNAVAILABLE: io exception
2019-11-05 04:06:17,643 [grpc-default-executor-4] INFO  impl.FollowerInfo (FollowerInfo.java:lambda$new$0(51)) - cbadd82d-93c1-4516-940b-a7bad1d4aa4b@group-09860E25AFE5->3bb84b5b-c269-4d26-bdfe-cbd49ad8842a: nextIndex: updateUnconditionally 0 -> 0
2019-11-05 04:06:18,240 [Thread-480] INFO  ozoneimpl.OzoneContainer (OzoneContainer.java:stop(227)) - Attempting to stop container services.
2019-11-05 04:06:18,241 [Thread-480] INFO  impl.RaftServerProxy (RaftServerProxy.java:lambda$close$4(314)) - cbadd82d-93c1-4516-940b-a7bad1d4aa4b: close
2019-11-05 04:06:18,241 [Thread-480] INFO  impl.RaftServerImpl (RaftServerImpl.java:lambda$shutdown$3(250)) - cbadd82d-93c1-4516-940b-a7bad1d4aa4b@group-09860E25AFE5: shutdown
2019-11-05 04:06:18,242 [ForkJoinPool.commonPool-worker-0] INFO  impl.RaftServerImpl (RaftServerImpl.java:lambda$shutdown$3(250)) - cbadd82d-93c1-4516-940b-a7bad1d4aa4b@group-8136E5244E98: shutdown
2019-11-05 04:06:18,242 [Thread-480] INFO  util.JmxRegister (JmxRegister.java:unregister(73)) - Successfully un-registered JMX Bean with object name Ratis:service=RaftServer,group=group-09860E25AFE5,id=cbadd82d-93c1-4516-940b-a7bad1d4aa4b
2019-11-05 04:06:18,242 [ForkJoinPool.commonPool-worker-0] INFO  util.JmxRegister (JmxRegister.java:unregister(73)) - Successfully un-registered JMX Bean with object name Ratis:service=RaftServer,group=group-8136E5244E98,id=cbadd82d-93c1-4516-940b-a7bad1d4aa4b
2019-11-05 04:06:18,242 [Thread-480] INFO  impl.RoleInfo (RoleInfo.java:shutdownLeaderState(104)) - cbadd82d-93c1-4516-940b-a7bad1d4aa4b: shutdown LeaderState
2019-11-05 04:06:18,243 [ForkJoinPool.commonPool-worker-0] INFO  impl.RoleInfo (RoleInfo.java:shutdownLeaderState(104)) - cbadd82d-93c1-4516-940b-a7bad1d4aa4b: shutdown LeaderState
2019-11-05 04:06:18,245 [org.apache.ratis.server.impl.LogAppender$AppenderDaemon$$Lambda$477/1783391639@645bcd86] WARN  server.GrpcLogAppender (GrpcLogAppender.java:mayWait(151)) - cbadd82d-93c1-4516-940b-a7bad1d4aa4b@group-09860E25AFE5->da3038ec-c4fd-4e11-9179-86b1e11d81da-GrpcLogAppender: Wait interrupted by java.lang.InterruptedException
2019-11-05 04:06:18,245 [Thread-480] INFO  impl.PendingRequests (PendingRequests.java:sendNotLeaderResponses(206)) - cbadd82d-93c1-4516-940b-a7bad1d4aa4b@group-09860E25AFE5-PendingRequests: sendNotLeaderResponses
2019-11-05 04:06:18,245 [org.apache.ratis.server.impl.LogAppender$AppenderDaemon$$Lambda$477/1783391639@21595f69] WARN  server.GrpcLogAppender (GrpcLogAppender.java:mayWait(151)) - cbadd82d-93c1-4516-940b-a7bad1d4aa4b@group-09860E25AFE5->3bb84b5b-c269-4d26-bdfe-cbd49ad8842a-GrpcLogAppender: Wait interrupted by java.lang.InterruptedException
2019-11-05 04:06:18,245 [ForkJoinPool.commonPool-worker-0] INFO  impl.PendingRequests (PendingRequests.java:sendNotLeaderResponses(206)) - cbadd82d-93c1-4516-940b-a7bad1d4aa4b@group-8136E5244E98-PendingRequests: sendNotLeaderResponses
2019-11-05 04:06:18,246 [ForkJoinPool.commonPool-worker-0] INFO  impl.StateMachineUpdater (StateMachineUpdater.java:stopAndJoin(136)) - cbadd82d-93c1-4516-940b-a7bad1d4aa4b@group-8136E5244E98-StateMachineUpdater: set stopIndex = 0
2019-11-05 04:06:18,246 [Thread-480] INFO  impl.StateMachineUpdater (StateMachineUpdater.java:stopAndJoin(136)) - cbadd82d-93c1-4516-940b-a7bad1d4aa4b@group-09860E25AFE5-StateMachineUpdater: set stopIndex = 0
2019-11-05 04:06:18,246 [Thread-480] INFO  impl.RaftServerImpl (ServerState.java:close(387)) - cbadd82d-93c1-4516-940b-a7bad1d4aa4b@group-09860E25AFE5: closes. applyIndex: 0
2019-11-05 04:06:18,247 [grpc-default-executor-1] INFO  server.GrpcServerProtocolService (GrpcServerProtocolService.java:onCompleted(113)) - da3038ec-c4fd-4e11-9179-86b1e11d81da: Completed APPEND_ENTRIES, lastRequest: cbadd82d-93c1-4516-940b-a7bad1d4aa4b->da3038ec-c4fd-4e11-9179-86b1e11d81da#3-t1, previous=(t:1, i:0), leaderCommit=0, initializing? false, entries: <empty>
2019-11-05 04:06:18,246 [ForkJoinPool.commonPool-worker-0] INFO  impl.RaftServerImpl (ServerState.java:close(387)) - cbadd82d-93c1-4516-940b-a7bad1d4aa4b@group-8136E5244E98: closes. applyIndex: 0
2019-11-05 04:06:18,247 [cbadd82d-93c1-4516-940b-a7bad1d4aa4b@group-09860E25AFE5-SegmentedRaftLogWorker] INFO  segmented.SegmentedRaftLogWorker (SegmentedRaftLogWorker.java:run(316)) - cbadd82d-93c1-4516-940b-a7bad1d4aa4b@group-09860E25AFE5-SegmentedRaftLogWorker was interrupted, exiting. There are 0 tasks remaining in the queue.
2019-11-05 04:06:18,248 [cbadd82d-93c1-4516-940b-a7bad1d4aa4b@group-8136E5244E98-SegmentedRaftLogWorker] INFO  segmented.SegmentedRaftLogWorker (SegmentedRaftLogWorker.java:run(316)) - cbadd82d-93c1-4516-940b-a7bad1d4aa4b@group-8136E5244E98-SegmentedRaftLogWorker was interrupted, exiting. There are 0 tasks remaining in the queue.
2019-11-05 04:06:18,248 [Thread-480] INFO  segmented.SegmentedRaftLogWorker (SegmentedRaftLogWorker.java:close(224)) - cbadd82d-93c1-4516-940b-a7bad1d4aa4b@group-09860E25AFE5-SegmentedRaftLogWorker close()
2019-11-05 04:06:18,250 [ForkJoinPool.commonPool-worker-0] INFO  segmented.SegmentedRaftLogWorker (SegmentedRaftLogWorker.java:close(224)) - cbadd82d-93c1-4516-940b-a7bad1d4aa4b@group-8136E5244E98-SegmentedRaftLogWorker close()
2019-11-05 04:06:18,252 [Thread-480] INFO  impl.RaftServerImpl (RaftServerImpl.java:lambda$shutdown$3(250)) - cbadd82d-93c1-4516-940b-a7bad1d4aa4b@group-5CA1FB277425: shutdown
2019-11-05 04:06:18,252 [grpc-default-executor-1] INFO  server.GrpcLogAppender (GrpcLogAppender.java:onCompleted(308)) - cbadd82d-93c1-4516-940b-a7bad1d4aa4b@group-09860E25AFE5->da3038ec-c4fd-4e11-9179-86b1e11d81da-AppendLogResponseHandler: follower responses appendEntries COMPLETED
2019-11-05 04:06:18,254 [Thread-480] INFO  util.JmxRegister (JmxRegister.java:unregister(73)) - Successfully un-registered JMX Bean with object name Ratis:service=RaftServer,group=group-5CA1FB277425,id=cbadd82d-93c1-4516-940b-a7bad1d4aa4b
2019-11-05 04:06:18,256 [Thread-480] INFO  impl.RoleInfo (RoleInfo.java:shutdownFollowerState(121)) - cbadd82d-93c1-4516-940b-a7bad1d4aa4b: shutdown FollowerState
2019-11-05 04:06:18,256 [Thread-480] INFO  impl.StateMachineUpdater (StateMachineUpdater.java:stopAndJoin(136)) - cbadd82d-93c1-4516-940b-a7bad1d4aa4b@group-5CA1FB277425-StateMachineUpdater: set stopIndex = 0
2019-11-05 04:06:18,256 [grpc-default-executor-1] INFO  impl.FollowerInfo (FollowerInfo.java:lambda$new$0(51)) - cbadd82d-93c1-4516-940b-a7bad1d4aa4b@group-09860E25AFE5->da3038ec-c4fd-4e11-9179-86b1e11d81da: nextIndex: updateUnconditionally 1 -> 0
2019-11-05 04:06:18,256 [Thread-705] INFO  impl.FollowerState (FollowerState.java:run(120)) - cbadd82d-93c1-4516-940b-a7bad1d4aa4b@group-5CA1FB277425-FollowerState was interrupted: java.lang.InterruptedException: sleep interrupted
2019-11-05 04:06:18,257 [Thread-480] INFO  impl.RaftServerImpl (ServerState.java:close(387)) - cbadd82d-93c1-4516-940b-a7bad1d4aa4b@group-5CA1FB277425: closes. applyIndex: 0
2019-11-05 04:06:18,257 [cbadd82d-93c1-4516-940b-a7bad1d4aa4b@group-5CA1FB277425-SegmentedRaftLogWorker] INFO  segmented.SegmentedRaftLogWorker (SegmentedRaftLogWorker.java:run(316)) - cbadd82d-93c1-4516-940b-a7bad1d4aa4b@group-5CA1FB277425-SegmentedRaftLogWorker was interrupted, exiting. There are 0 tasks remaining in the queue.
2019-11-05 04:06:18,259 [Thread-480] INFO  segmented.SegmentedRaftLogWorker (SegmentedRaftLogWorker.java:close(224)) - cbadd82d-93c1-4516-940b-a7bad1d4aa4b@group-5CA1FB277425-SegmentedRaftLogWorker close()
2019-11-05 04:06:18,261 [Thread-480] INFO  impl.RaftServerImpl (RaftServerImpl.java:lambda$shutdown$3(250)) - cbadd82d-93c1-4516-940b-a7bad1d4aa4b@group-AF2447B28170: shutdown
2019-11-05 04:06:18,261 [Thread-480] INFO  util.JmxRegister (JmxRegister.java:unregister(73)) - Successfully un-registered JMX Bean with object name Ratis:service=RaftServer,group=group-AF2447B28170,id=cbadd82d-93c1-4516-940b-a7bad1d4aa4b
2019-11-05 04:06:18,262 [Thread-480] INFO  impl.RoleInfo (RoleInfo.java:shutdownFollowerState(121)) - cbadd82d-93c1-4516-940b-a7bad1d4aa4b: shutdown FollowerState
2019-11-05 04:06:18,262 [Thread-480] INFO  impl.StateMachineUpdater (StateMachineUpdater.java:stopAndJoin(136)) - cbadd82d-93c1-4516-940b-a7bad1d4aa4b@group-AF2447B28170-StateMachineUpdater: set stopIndex = -1
2019-11-05 04:06:18,262 [Thread-725] INFO  impl.FollowerState (FollowerState.java:run(120)) - cbadd82d-93c1-4516-940b-a7bad1d4aa4b@group-AF2447B28170-FollowerState was interrupted: java.lang.InterruptedException: sleep interrupted
2019-11-05 04:06:18,262 [Thread-480] INFO  impl.RaftServerImpl (ServerState.java:close(387)) - cbadd82d-93c1-4516-940b-a7bad1d4aa4b@group-AF2447B28170: closes. applyIndex: -1
2019-11-05 04:06:18,263 [cbadd82d-93c1-4516-940b-a7bad1d4aa4b@group-AF2447B28170-SegmentedRaftLogWorker] INFO  segmented.SegmentedRaftLogWorker (SegmentedRaftLogWorker.java:run(316)) - cbadd82d-93c1-4516-940b-a7bad1d4aa4b@group-AF2447B28170-SegmentedRaftLogWorker was interrupted, exiting. There are 0 tasks remaining in the queue.
2019-11-05 04:06:18,264 [Thread-480] INFO  segmented.SegmentedRaftLogWorker (SegmentedRaftLogWorker.java:close(224)) - cbadd82d-93c1-4516-940b-a7bad1d4aa4b@group-AF2447B28170-SegmentedRaftLogWorker close()
2019-11-05 04:06:18,265 [Thread-480] INFO  server.GrpcService (GrpcService.java:closeImpl(164)) - cbadd82d-93c1-4516-940b-a7bad1d4aa4b: shutdown server with port 33133 now
2019-11-05 04:06:18,267 [grpc-default-executor-4] WARN  server.GrpcServerProtocolService (LogUtils.java:warn(134)) - cbadd82d-93c1-4516-940b-a7bad1d4aa4b: installSnapshot onError, lastRequest: da3038ec-c4fd-4e11-9179-86b1e11d81da->cbadd82d-93c1-4516-940b-a7bad1d4aa4b#3-t1, previous=(t:1, i:0), leaderCommit=0, initializing? false, entries: <empty>: org.apache.ratis.thirdparty.io.grpc.StatusRuntimeException: CANCELLED: cancelled before receiving half close
2019-11-05 04:06:18,267 [Thread-480] INFO  server.GrpcService (GrpcService.java:closeImpl(172)) - cbadd82d-93c1-4516-940b-a7bad1d4aa4b: shutdown server with port 33133 successfully
2019-11-05 04:06:18,268 [grpc-default-executor-3] WARN  server.GrpcLogAppender (LogUtils.java:warn(134)) - da3038ec-c4fd-4e11-9179-86b1e11d81da@group-5CA1FB277425->cbadd82d-93c1-4516-940b-a7bad1d4aa4b-AppendLogResponseHandler: Failed appendEntries: org.apache.ratis.thirdparty.io.grpc.StatusRuntimeException: CANCELLED: HTTP/2 error code: CANCEL
Received Rst Stream
2019-11-05 04:06:18,269 [grpc-default-executor-3] INFO  impl.FollowerInfo (FollowerInfo.java:lambda$new$0(51)) - da3038ec-c4fd-4e11-9179-86b1e11d81da@group-5CA1FB277425->cbadd82d-93c1-4516-940b-a7bad1d4aa4b: nextIndex: updateUnconditionally 1 -> 0
2019-11-05 04:06:18,271 [refreshUsed-/workdir/hadoop-ozone/integration-test/target/test-dir/MiniOzoneClusterImpl-b5e44674-0749-41b5-a0d1-bb304d26ed7a/datanode-1/data/containers] WARN  fs.CachingGetSpaceUsed (CachingGetSpaceUsed.java:run(183)) - Thread Interrupted waiting to refresh disk information: sleep interrupted
2019-11-05 04:06:18,287 [Thread-480] INFO  utils.BackgroundService (BackgroundService.java:shutdown(151)) - Shutting down service BlockDeletingService
2019-11-05 04:06:18,290 [Thread-480] INFO  statemachine.DatanodeStateMachine (DatanodeStateMachine.java:stopDaemon(395)) - Ozone container server stopped.
2019-11-05 04:06:18,291 [Thread-480] INFO  handler.ContextHandler (ContextHandler.java:doStop(910)) - Stopped o.e.j.w.WebAppContext@578d0787{/,null,UNAVAILABLE}{/hddsDatanode}
2019-11-05 04:06:18,291 [Thread-480] INFO  server.AbstractConnector (AbstractConnector.java:doStop(318)) - Stopped ServerConnector@1eb55d72{HTTP/1.1,[http/1.1]}{0.0.0.0:0}
2019-11-05 04:06:18,292 [Thread-480] INFO  handler.ContextHandler (ContextHandler.java:doStop(910)) - Stopped o.e.j.s.ServletContextHandler@2634774b{/static,jar:file:/home/user/.m2/repository/org/apache/hadoop/hadoop-hdds-container-service/0.5.0-SNAPSHOT/hadoop-hdds-container-service-0.5.0-SNAPSHOT.jar!/webapps/static,UNAVAILABLE}
2019-11-05 04:06:18,292 [Thread-480] INFO  handler.ContextHandler (ContextHandler.java:doStop(910)) - Stopped o.e.j.s.ServletContextHandler@1720ba4a{/logs,file:///workdir/hadoop-ozone/integration-test/target/log,UNAVAILABLE}
2019-11-05 04:06:19,175 [Datanode State Machine Thread - 0] INFO  statemachine.DatanodeStateMachine (DatanodeStateMachine.java:lambda$startDaemon$0(350)) - Ozone container server started.
2019-11-05 04:06:19,271 [EventQueue-StaleNodeForStaleNodeHandler] INFO  node.StaleNodeHandler (StaleNodeHandler.java:onMessage(58)) - Datanode cbadd82d-93c1-4516-940b-a7bad1d4aa4b{ip: 192.168.164.209, host: pr-hdds-1576-zlq79-596195737, networkLocation: /default-rack, certSerialId: null} moved to stale state. Finalizing its pipelines [PipelineID=f1e6ef9c-1e44-44a2-a1ad-5ca1fb277425, PipelineID=b561a678-daa9-4d35-89b0-af2447b28170, PipelineID=fc802d96-8d18-4315-8998-09860e25afe5, PipelineID=7d59b4f1-066f-4ab7-8067-8136e5244e98]
2019-11-05 04:06:19,272 [EventQueue-StaleNodeForStaleNodeHandler] INFO  pipeline.SCMPipelineManager (SCMPipelineManager.java:finalizeAndDestroyPipeline(310)) - destroying pipeline:Pipeline[ Id: f1e6ef9c-1e44-44a2-a1ad-5ca1fb277425, Nodes: cbadd82d-93c1-4516-940b-a7bad1d4aa4b{ip: 192.168.164.209, host: pr-hdds-1576-zlq79-596195737, networkLocation: /default-rack, certSerialId: null}3bb84b5b-c269-4d26-bdfe-cbd49ad8842a{ip: 192.168.164.209, host: pr-hdds-1576-zlq79-596195737, networkLocation: /default-rack, certSerialId: null}da3038ec-c4fd-4e11-9179-86b1e11d81da{ip: 192.168.164.209, host: pr-hdds-1576-zlq79-596195737, networkLocation: /default-rack, certSerialId: null}, Type:RATIS, Factor:THREE, State:CLOSED]
2019-11-05 04:06:19,272 [EventQueue-StaleNodeForStaleNodeHandler] INFO  pipeline.SCMPipelineManager (SCMPipelineManager.java:finalizeAndDestroyPipeline(310)) - destroying pipeline:Pipeline[ Id: b561a678-daa9-4d35-89b0-af2447b28170, Nodes: 3bb84b5b-c269-4d26-bdfe-cbd49ad8842a{ip: 192.168.164.209, host: pr-hdds-1576-zlq79-596195737, networkLocation: /default-rack, certSerialId: null}cbadd82d-93c1-4516-940b-a7bad1d4aa4b{ip: 192.168.164.209, host: pr-hdds-1576-zlq79-596195737, networkLocation: /default-rack, certSerialId: null}da3038ec-c4fd-4e11-9179-86b1e11d81da{ip: 192.168.164.209, host: pr-hdds-1576-zlq79-596195737, networkLocation: /default-rack, certSerialId: null}, Type:RATIS, Factor:THREE, State:CLOSED]
2019-11-05 04:06:19,272 [EventQueue-StaleNodeForStaleNodeHandler] INFO  pipeline.SCMPipelineManager (SCMPipelineManager.java:finalizeAndDestroyPipeline(310)) - destroying pipeline:Pipeline[ Id: fc802d96-8d18-4315-8998-09860e25afe5, Nodes: 3bb84b5b-c269-4d26-bdfe-cbd49ad8842a{ip: 192.168.164.209, host: pr-hdds-1576-zlq79-596195737, networkLocation: /default-rack, certSerialId: null}da3038ec-c4fd-4e11-9179-86b1e11d81da{ip: 192.168.164.209, host: pr-hdds-1576-zlq79-596195737, networkLocation: /default-rack, certSerialId: null}cbadd82d-93c1-4516-940b-a7bad1d4aa4b{ip: 192.168.164.209, host: pr-hdds-1576-zlq79-596195737, networkLocation: /default-rack, certSerialId: null}, Type:RATIS, Factor:THREE, State:CLOSED]
2019-11-05 04:06:19,273 [EventQueue-StaleNodeForStaleNodeHandler] INFO  pipeline.SCMPipelineManager (SCMPipelineManager.java:finalizeAndDestroyPipeline(310)) - destroying pipeline:Pipeline[ Id: 7d59b4f1-066f-4ab7-8067-8136e5244e98, Nodes: cbadd82d-93c1-4516-940b-a7bad1d4aa4b{ip: 192.168.164.209, host: pr-hdds-1576-zlq79-596195737, networkLocation: /default-rack, certSerialId: null}, Type:RATIS, Factor:ONE, State:OPEN]
2019-11-05 04:06:19,273 [EventQueue-StaleNodeForStaleNodeHandler] INFO  pipeline.PipelineStateManager (PipelineStateManager.java:finalizePipeline(123)) - Pipeline Pipeline[ Id: 7d59b4f1-066f-4ab7-8067-8136e5244e98, Nodes: cbadd82d-93c1-4516-940b-a7bad1d4aa4b{ip: 192.168.164.209, host: pr-hdds-1576-zlq79-596195737, networkLocation: /default-rack, certSerialId: null}, Type:RATIS, Factor:ONE, State:CLOSED] moved to CLOSED state
2019-11-05 04:06:20,103 [grpc-default-executor-4] WARN  server.GrpcLogAppender (LogUtils.java:warn(134)) - da3038ec-c4fd-4e11-9179-86b1e11d81da@group-5CA1FB277425->3bb84b5b-c269-4d26-bdfe-cbd49ad8842a-AppendLogResponseHandler: Failed appendEntries: org.apache.ratis.thirdparty.io.grpc.StatusRuntimeException: UNAVAILABLE: io exception
2019-11-05 04:06:20,105 [grpc-default-executor-4] INFO  impl.FollowerInfo (FollowerInfo.java:lambda$new$0(51)) - da3038ec-c4fd-4e11-9179-86b1e11d81da@group-5CA1FB277425->3bb84b5b-c269-4d26-bdfe-cbd49ad8842a: nextIndex: updateUnconditionally 0 -> 0
2019-11-05 04:06:20,111 [grpc-default-executor-4] WARN  server.GrpcLogAppender (LogUtils.java:warn(134)) - da3038ec-c4fd-4e11-9179-86b1e11d81da@group-5CA1FB277425->cbadd82d-93c1-4516-940b-a7bad1d4aa4b-AppendLogResponseHandler: Failed appendEntries: org.apache.ratis.thirdparty.io.grpc.StatusRuntimeException: UNAVAILABLE: io exception
2019-11-05 04:06:20,112 [grpc-default-executor-4] INFO  impl.FollowerInfo (FollowerInfo.java:lambda$new$0(51)) - da3038ec-c4fd-4e11-9179-86b1e11d81da@group-5CA1FB277425->cbadd82d-93c1-4516-940b-a7bad1d4aa4b: nextIndex: updateUnconditionally 0 -> 0
2019-11-05 04:06:22,609 [grpc-default-executor-4] WARN  server.GrpcLogAppender (LogUtils.java:warn(134)) - da3038ec-c4fd-4e11-9179-86b1e11d81da@group-5CA1FB277425->3bb84b5b-c269-4d26-bdfe-cbd49ad8842a-AppendLogResponseHandler: Failed appendEntries: org.apache.ratis.thirdparty.io.grpc.StatusRuntimeException: UNAVAILABLE: io exception
2019-11-05 04:06:22,614 [grpc-default-executor-4] INFO  impl.FollowerInfo (FollowerInfo.java:lambda$new$0(51)) - da3038ec-c4fd-4e11-9179-86b1e11d81da@group-5CA1FB277425->3bb84b5b-c269-4d26-bdfe-cbd49ad8842a: nextIndex: updateUnconditionally 0 -> 0
2019-11-05 04:06:22,616 [grpc-default-executor-1] WARN  server.GrpcLogAppender (LogUtils.java:warn(134)) - da3038ec-c4fd-4e11-9179-86b1e11d81da@group-5CA1FB277425->cbadd82d-93c1-4516-940b-a7bad1d4aa4b-AppendLogResponseHandler: Failed appendEntries: org.apache.ratis.thirdparty.io.grpc.StatusRuntimeException: UNAVAILABLE: io exception
2019-11-05 04:06:22,618 [grpc-default-executor-1] INFO  impl.FollowerInfo (FollowerInfo.java:lambda$new$0(51)) - da3038ec-c4fd-4e11-9179-86b1e11d81da@group-5CA1FB277425->cbadd82d-93c1-4516-940b-a7bad1d4aa4b: nextIndex: updateUnconditionally 0 -> 0
2019-11-05 04:06:22,781 [Thread-726] INFO  impl.FollowerState (FollowerState.java:run(111)) - da3038ec-c4fd-4e11-9179-86b1e11d81da@group-AF2447B28170-FollowerState: change to CANDIDATE, lastRpcTime:10125ms, electionTimeout:5070ms
2019-11-05 04:06:22,781 [Thread-726] INFO  impl.RoleInfo (RoleInfo.java:shutdownFollowerState(121)) - da3038ec-c4fd-4e11-9179-86b1e11d81da: shutdown FollowerState
2019-11-05 04:06:22,781 [Thread-726] INFO  impl.RaftServerImpl (RaftServerImpl.java:setRole(173)) - da3038ec-c4fd-4e11-9179-86b1e11d81da@group-AF2447B28170: changes role from  FOLLOWER to CANDIDATE at term 1 for changeToCandidate
2019-11-05 04:06:22,782 [Thread-726] INFO  impl.RoleInfo (RoleInfo.java:updateAndGet(143)) - da3038ec-c4fd-4e11-9179-86b1e11d81da: start LeaderElection
2019-11-05 04:06:22,783 [da3038ec-c4fd-4e11-9179-86b1e11d81da@group-AF2447B28170-LeaderElection25] INFO  impl.RaftServerImpl (ServerState.java:setLeader(255)) - da3038ec-c4fd-4e11-9179-86b1e11d81da@group-AF2447B28170: change Leader from 3bb84b5b-c269-4d26-bdfe-cbd49ad8842a to null at term 1 for initElection
2019-11-05 04:06:22,806 [da3038ec-c4fd-4e11-9179-86b1e11d81da@group-AF2447B28170-LeaderElection25] INFO  impl.LeaderElection (LeaderElection.java:askForVotes(178)) - da3038ec-c4fd-4e11-9179-86b1e11d81da@group-AF2447B28170-LeaderElection25: begin an election at term 2 for 0: [da3038ec-c4fd-4e11-9179-86b1e11d81da:192.168.164.209:42661, 3bb84b5b-c269-4d26-bdfe-cbd49ad8842a:192.168.164.209:36953, cbadd82d-93c1-4516-940b-a7bad1d4aa4b:192.168.164.209:33133], old=null
2019-11-05 04:06:22,809 [da3038ec-c4fd-4e11-9179-86b1e11d81da@group-AF2447B28170-LeaderElection25] INFO  impl.LeaderElection (LogUtils.java:infoOrTrace(149)) - da3038ec-c4fd-4e11-9179-86b1e11d81da@group-AF2447B28170-LeaderElection25 got exception when requesting votes: {}
java.util.concurrent.ExecutionException: org.apache.ratis.thirdparty.io.grpc.StatusRuntimeException: UNAVAILABLE: io exception
	at java.util.concurrent.FutureTask.report(FutureTask.java:122)
	at java.util.concurrent.FutureTask.get(FutureTask.java:192)
	at org.apache.ratis.server.impl.LeaderElection.waitForResults(LeaderElection.java:259)
	at org.apache.ratis.server.impl.LeaderElection.askForVotes(LeaderElection.java:197)
	at org.apache.ratis.server.impl.LeaderElection.run(LeaderElection.java:133)
	at java.lang.Thread.run(Thread.java:748)
Caused by: org.apache.ratis.thirdparty.io.grpc.StatusRuntimeException: UNAVAILABLE: io exception
	at org.apache.ratis.thirdparty.io.grpc.stub.ClientCalls.toStatusRuntimeException(ClientCalls.java:233)
	at org.apache.ratis.thirdparty.io.grpc.stub.ClientCalls.getUnchecked(ClientCalls.java:214)
	at org.apache.ratis.thirdparty.io.grpc.stub.ClientCalls.blockingUnaryCall(ClientCalls.java:139)
	at org.apache.ratis.proto.grpc.RaftServerProtocolServiceGrpc$RaftServerProtocolServiceBlockingStub.requestVote(RaftServerProtocolServiceGrpc.java:265)
	at org.apache.ratis.grpc.server.GrpcServerProtocolClient.requestVote(GrpcServerProtocolClient.java:99)
	at org.apache.ratis.grpc.server.GrpcService.requestVote(GrpcService.java:204)
	at org.apache.ratis.server.impl.LeaderElection.lambda$submitRequests$1(LeaderElection.java:234)
	at java.util.concurrent.FutureTask.run(FutureTask.java:266)
	at java.util.concurrent.Executors$RunnableAdapter.call(Executors.java:511)
	at java.util.concurrent.FutureTask.run(FutureTask.java:266)
	at java.util.concurrent.ThreadPoolExecutor.runWorker(ThreadPoolExecutor.java:1149)
	at java.util.concurrent.ThreadPoolExecutor$Worker.run(ThreadPoolExecutor.java:624)
	... 1 more
Caused by: org.apache.ratis.thirdparty.io.netty.channel.AbstractChannel$AnnotatedConnectException: Connection refused: /192.168.164.209:33133
	at sun.nio.ch.SocketChannelImpl.checkConnect(Native Method)
	at sun.nio.ch.SocketChannelImpl.finishConnect(SocketChannelImpl.java:717)
	at org.apache.ratis.thirdparty.io.netty.channel.socket.nio.NioSocketChannel.doFinishConnect(NioSocketChannel.java:327)
	at org.apache.ratis.thirdparty.io.netty.channel.nio.AbstractNioChannel$AbstractNioUnsafe.finishConnect(AbstractNioChannel.java:340)
	at org.apache.ratis.thirdparty.io.netty.channel.nio.NioEventLoop.processSelectedKey(NioEventLoop.java:632)
	at org.apache.ratis.thirdparty.io.netty.channel.nio.NioEventLoop.processSelectedKeysOptimized(NioEventLoop.java:579)
	at org.apache.ratis.thirdparty.io.netty.channel.nio.NioEventLoop.processSelectedKeys(NioEventLoop.java:496)
	at org.apache.ratis.thirdparty.io.netty.channel.nio.NioEventLoop.run(NioEventLoop.java:458)
	at org.apache.ratis.thirdparty.io.netty.util.concurrent.SingleThreadEventExecutor$5.run(SingleThreadEventExecutor.java:897)
	at org.apache.ratis.thirdparty.io.netty.util.concurrent.FastThreadLocalRunnable.run(FastThreadLocalRunnable.java:30)
	... 1 more
Caused by: java.net.ConnectException: Connection refused
	... 11 more
2019-11-05 04:06:22,816 [da3038ec-c4fd-4e11-9179-86b1e11d81da@group-AF2447B28170-LeaderElection25] INFO  impl.LeaderElection (LogUtils.java:infoOrTrace(149)) - da3038ec-c4fd-4e11-9179-86b1e11d81da@group-AF2447B28170-LeaderElection25 got exception when requesting votes: {}
java.util.concurrent.ExecutionException: org.apache.ratis.thirdparty.io.grpc.StatusRuntimeException: UNAVAILABLE: io exception
	at java.util.concurrent.FutureTask.report(FutureTask.java:122)
	at java.util.concurrent.FutureTask.get(FutureTask.java:192)
	at org.apache.ratis.server.impl.LeaderElection.waitForResults(LeaderElection.java:259)
	at org.apache.ratis.server.impl.LeaderElection.askForVotes(LeaderElection.java:197)
	at org.apache.ratis.server.impl.LeaderElection.run(LeaderElection.java:133)
	at java.lang.Thread.run(Thread.java:748)
Caused by: org.apache.ratis.thirdparty.io.grpc.StatusRuntimeException: UNAVAILABLE: io exception
	at org.apache.ratis.thirdparty.io.grpc.stub.ClientCalls.toStatusRuntimeException(ClientCalls.java:233)
	at org.apache.ratis.thirdparty.io.grpc.stub.ClientCalls.getUnchecked(ClientCalls.java:214)
	at org.apache.ratis.thirdparty.io.grpc.stub.ClientCalls.blockingUnaryCall(ClientCalls.java:139)
	at org.apache.ratis.proto.grpc.RaftServerProtocolServiceGrpc$RaftServerProtocolServiceBlockingStub.requestVote(RaftServerProtocolServiceGrpc.java:265)
	at org.apache.ratis.grpc.server.GrpcServerProtocolClient.requestVote(GrpcServerProtocolClient.java:99)
	at org.apache.ratis.grpc.server.GrpcService.requestVote(GrpcService.java:204)
	at org.apache.ratis.server.impl.LeaderElection.lambda$submitRequests$1(LeaderElection.java:234)
	at java.util.concurrent.FutureTask.run(FutureTask.java:266)
	at java.util.concurrent.Executors$RunnableAdapter.call(Executors.java:511)
	at java.util.concurrent.FutureTask.run(FutureTask.java:266)
	at java.util.concurrent.ThreadPoolExecutor.runWorker(ThreadPoolExecutor.java:1149)
	at java.util.concurrent.ThreadPoolExecutor$Worker.run(ThreadPoolExecutor.java:624)
	... 1 more
Caused by: org.apache.ratis.thirdparty.io.netty.channel.AbstractChannel$AnnotatedConnectException: Connection refused: /192.168.164.209:36953
	at sun.nio.ch.SocketChannelImpl.checkConnect(Native Method)
	at sun.nio.ch.SocketChannelImpl.finishConnect(SocketChannelImpl.java:717)
	at org.apache.ratis.thirdparty.io.netty.channel.socket.nio.NioSocketChannel.doFinishConnect(NioSocketChannel.java:327)
	at org.apache.ratis.thirdparty.io.netty.channel.nio.AbstractNioChannel$AbstractNioUnsafe.finishConnect(AbstractNioChannel.java:340)
	at org.apache.ratis.thirdparty.io.netty.channel.nio.NioEventLoop.processSelectedKey(NioEventLoop.java:632)
	at org.apache.ratis.thirdparty.io.netty.channel.nio.NioEventLoop.processSelectedKeysOptimized(NioEventLoop.java:579)
	at org.apache.ratis.thirdparty.io.netty.channel.nio.NioEventLoop.processSelectedKeys(NioEventLoop.java:496)
	at org.apache.ratis.thirdparty.io.netty.channel.nio.NioEventLoop.run(NioEventLoop.java:458)
	at org.apache.ratis.thirdparty.io.netty.util.concurrent.SingleThreadEventExecutor$5.run(SingleThreadEventExecutor.java:897)
	at org.apache.ratis.thirdparty.io.netty.util.concurrent.FastThreadLocalRunnable.run(FastThreadLocalRunnable.java:30)
	... 1 more
Caused by: java.net.ConnectException: Connection refused
	... 11 more
2019-11-05 04:06:22,818 [da3038ec-c4fd-4e11-9179-86b1e11d81da@group-AF2447B28170-LeaderElection25] INFO  impl.LeaderElection (LeaderElection.java:logAndReturn(56)) - da3038ec-c4fd-4e11-9179-86b1e11d81da@group-AF2447B28170-LeaderElection25: Election REJECTED; received 0 response(s) [] and 2 exception(s); da3038ec-c4fd-4e11-9179-86b1e11d81da@group-AF2447B28170:t2, leader=null, voted=da3038ec-c4fd-4e11-9179-86b1e11d81da, raftlog=da3038ec-c4fd-4e11-9179-86b1e11d81da@group-AF2447B28170-SegmentedRaftLog:OPENED:c-1,f0,i0, conf=0: [da3038ec-c4fd-4e11-9179-86b1e11d81da:192.168.164.209:42661, 3bb84b5b-c269-4d26-bdfe-cbd49ad8842a:192.168.164.209:36953, cbadd82d-93c1-4516-940b-a7bad1d4aa4b:192.168.164.209:33133], old=null
2019-11-05 04:06:22,818 [da3038ec-c4fd-4e11-9179-86b1e11d81da@group-AF2447B28170-LeaderElection25] INFO  impl.LeaderElection (LogUtils.java:infoOrTrace(149)) -   Exception 0: {}
java.util.concurrent.ExecutionException: org.apache.ratis.thirdparty.io.grpc.StatusRuntimeException: UNAVAILABLE: io exception
	at java.util.concurrent.FutureTask.report(FutureTask.java:122)
	at java.util.concurrent.FutureTask.get(FutureTask.java:192)
	at org.apache.ratis.server.impl.LeaderElection.waitForResults(LeaderElection.java:259)
	at org.apache.ratis.server.impl.LeaderElection.askForVotes(LeaderElection.java:197)
	at org.apache.ratis.server.impl.LeaderElection.run(LeaderElection.java:133)
	at java.lang.Thread.run(Thread.java:748)
Caused by: org.apache.ratis.thirdparty.io.grpc.StatusRuntimeException: UNAVAILABLE: io exception
	at org.apache.ratis.thirdparty.io.grpc.stub.ClientCalls.toStatusRuntimeException(ClientCalls.java:233)
	at org.apache.ratis.thirdparty.io.grpc.stub.ClientCalls.getUnchecked(ClientCalls.java:214)
	at org.apache.ratis.thirdparty.io.grpc.stub.ClientCalls.blockingUnaryCall(ClientCalls.java:139)
	at org.apache.ratis.proto.grpc.RaftServerProtocolServiceGrpc$RaftServerProtocolServiceBlockingStub.requestVote(RaftServerProtocolServiceGrpc.java:265)
	at org.apache.ratis.grpc.server.GrpcServerProtocolClient.requestVote(GrpcServerProtocolClient.java:99)
	at org.apache.ratis.grpc.server.GrpcService.requestVote(GrpcService.java:204)
	at org.apache.ratis.server.impl.LeaderElection.lambda$submitRequests$1(LeaderElection.java:234)
	at java.util.concurrent.FutureTask.run(FutureTask.java:266)
	at java.util.concurrent.Executors$RunnableAdapter.call(Executors.java:511)
	at java.util.concurrent.FutureTask.run(FutureTask.java:266)
	at java.util.concurrent.ThreadPoolExecutor.runWorker(ThreadPoolExecutor.java:1149)
	at java.util.concurrent.ThreadPoolExecutor$Worker.run(ThreadPoolExecutor.java:624)
	... 1 more
Caused by: org.apache.ratis.thirdparty.io.netty.channel.AbstractChannel$AnnotatedConnectException: Connection refused: /192.168.164.209:33133
	at sun.nio.ch.SocketChannelImpl.checkConnect(Native Method)
	at sun.nio.ch.SocketChannelImpl.finishConnect(SocketChannelImpl.java:717)
	at org.apache.ratis.thirdparty.io.netty.channel.socket.nio.NioSocketChannel.doFinishConnect(NioSocketChannel.java:327)
	at org.apache.ratis.thirdparty.io.netty.channel.nio.AbstractNioChannel$AbstractNioUnsafe.finishConnect(AbstractNioChannel.java:340)
	at org.apache.ratis.thirdparty.io.netty.channel.nio.NioEventLoop.processSelectedKey(NioEventLoop.java:632)
	at org.apache.ratis.thirdparty.io.netty.channel.nio.NioEventLoop.processSelectedKeysOptimized(NioEventLoop.java:579)
	at org.apache.ratis.thirdparty.io.netty.channel.nio.NioEventLoop.processSelectedKeys(NioEventLoop.java:496)
	at org.apache.ratis.thirdparty.io.netty.channel.nio.NioEventLoop.run(NioEventLoop.java:458)
	at org.apache.ratis.thirdparty.io.netty.util.concurrent.SingleThreadEventExecutor$5.run(SingleThreadEventExecutor.java:897)
	at org.apache.ratis.thirdparty.io.netty.util.concurrent.FastThreadLocalRunnable.run(FastThreadLocalRunnable.java:30)
	... 1 more
Caused by: java.net.ConnectException: Connection refused
	... 11 more
2019-11-05 04:06:22,819 [da3038ec-c4fd-4e11-9179-86b1e11d81da@group-AF2447B28170-LeaderElection25] INFO  impl.LeaderElection (LogUtils.java:infoOrTrace(149)) -   Exception 1: {}
java.util.concurrent.ExecutionException: org.apache.ratis.thirdparty.io.grpc.StatusRuntimeException: UNAVAILABLE: io exception
	at java.util.concurrent.FutureTask.report(FutureTask.java:122)
	at java.util.concurrent.FutureTask.get(FutureTask.java:192)
	at org.apache.ratis.server.impl.LeaderElection.waitForResults(LeaderElection.java:259)
	at org.apache.ratis.server.impl.LeaderElection.askForVotes(LeaderElection.java:197)
	at org.apache.ratis.server.impl.LeaderElection.run(LeaderElection.java:133)
	at java.lang.Thread.run(Thread.java:748)
Caused by: org.apache.ratis.thirdparty.io.grpc.StatusRuntimeException: UNAVAILABLE: io exception
	at org.apache.ratis.thirdparty.io.grpc.stub.ClientCalls.toStatusRuntimeException(ClientCalls.java:233)
	at org.apache.ratis.thirdparty.io.grpc.stub.ClientCalls.getUnchecked(ClientCalls.java:214)
	at org.apache.ratis.thirdparty.io.grpc.stub.ClientCalls.blockingUnaryCall(ClientCalls.java:139)
	at org.apache.ratis.proto.grpc.RaftServerProtocolServiceGrpc$RaftServerProtocolServiceBlockingStub.requestVote(RaftServerProtocolServiceGrpc.java:265)
	at org.apache.ratis.grpc.server.GrpcServerProtocolClient.requestVote(GrpcServerProtocolClient.java:99)
	at org.apache.ratis.grpc.server.GrpcService.requestVote(GrpcService.java:204)
	at org.apache.ratis.server.impl.LeaderElection.lambda$submitRequests$1(LeaderElection.java:234)
	at java.util.concurrent.FutureTask.run(FutureTask.java:266)
	at java.util.concurrent.Executors$RunnableAdapter.call(Executors.java:511)
	at java.util.concurrent.FutureTask.run(FutureTask.java:266)
	at java.util.concurrent.ThreadPoolExecutor.runWorker(ThreadPoolExecutor.java:1149)
	at java.util.concurrent.ThreadPoolExecutor$Worker.run(ThreadPoolExecutor.java:624)
	... 1 more
Caused by: org.apache.ratis.thirdparty.io.netty.channel.AbstractChannel$AnnotatedConnectException: Connection refused: /192.168.164.209:36953
	at sun.nio.ch.SocketChannelImpl.checkConnect(Native Method)
	at sun.nio.ch.SocketChannelImpl.finishConnect(SocketChannelImpl.java:717)
	at org.apache.ratis.thirdparty.io.netty.channel.socket.nio.NioSocketChannel.doFinishConnect(NioSocketChannel.java:327)
	at org.apache.ratis.thirdparty.io.netty.channel.nio.AbstractNioChannel$AbstractNioUnsafe.finishConnect(AbstractNioChannel.java:340)
	at org.apache.ratis.thirdparty.io.netty.channel.nio.NioEventLoop.processSelectedKey(NioEventLoop.java:632)
	at org.apache.ratis.thirdparty.io.netty.channel.nio.NioEventLoop.processSelectedKeysOptimized(NioEventLoop.java:579)
	at org.apache.ratis.thirdparty.io.netty.channel.nio.NioEventLoop.processSelectedKeys(NioEventLoop.java:496)
	at org.apache.ratis.thirdparty.io.netty.channel.nio.NioEventLoop.run(NioEventLoop.java:458)
	at org.apache.ratis.thirdparty.io.netty.util.concurrent.SingleThreadEventExecutor$5.run(SingleThreadEventExecutor.java:897)
	at org.apache.ratis.thirdparty.io.netty.util.concurrent.FastThreadLocalRunnable.run(FastThreadLocalRunnable.java:30)
	... 1 more
Caused by: java.net.ConnectException: Connection refused
	... 11 more
2019-11-05 04:06:22,819 [da3038ec-c4fd-4e11-9179-86b1e11d81da@group-AF2447B28170-LeaderElection25] INFO  impl.RaftServerImpl (RaftServerImpl.java:setRole(173)) - da3038ec-c4fd-4e11-9179-86b1e11d81da@group-AF2447B28170: changes role from CANDIDATE to FOLLOWER at term 2 for DISCOVERED_A_NEW_TERM
2019-11-05 04:06:22,819 [da3038ec-c4fd-4e11-9179-86b1e11d81da@group-AF2447B28170-LeaderElection25] INFO  impl.RoleInfo (RoleInfo.java:shutdownLeaderElection(134)) - da3038ec-c4fd-4e11-9179-86b1e11d81da: shutdown LeaderElection
2019-11-05 04:06:22,820 [da3038ec-c4fd-4e11-9179-86b1e11d81da@group-AF2447B28170-LeaderElection25] INFO  impl.RoleInfo (RoleInfo.java:updateAndGet(143)) - da3038ec-c4fd-4e11-9179-86b1e11d81da: start FollowerState
2019-11-05 04:06:23,274 [EventQueue-StaleNodeForStaleNodeHandler] INFO  node.StaleNodeHandler (StaleNodeHandler.java:onMessage(58)) - Datanode da3038ec-c4fd-4e11-9179-86b1e11d81da{ip: 192.168.164.209, host: pr-hdds-1576-zlq79-596195737, networkLocation: /default-rack, certSerialId: null} moved to stale state. Finalizing its pipelines [PipelineID=f1e6ef9c-1e44-44a2-a1ad-5ca1fb277425, PipelineID=b561a678-daa9-4d35-89b0-af2447b28170, PipelineID=fc802d96-8d18-4315-8998-09860e25afe5, PipelineID=7e1ad365-8a77-486b-a30c-6d5b6ac00e2f]
2019-11-05 04:06:23,275 [EventQueue-StaleNodeForStaleNodeHandler] INFO  pipeline.SCMPipelineManager (SCMPipelineManager.java:finalizeAndDestroyPipeline(310)) - destroying pipeline:Pipeline[ Id: f1e6ef9c-1e44-44a2-a1ad-5ca1fb277425, Nodes: cbadd82d-93c1-4516-940b-a7bad1d4aa4b{ip: 192.168.164.209, host: pr-hdds-1576-zlq79-596195737, networkLocation: /default-rack, certSerialId: null}3bb84b5b-c269-4d26-bdfe-cbd49ad8842a{ip: 192.168.164.209, host: pr-hdds-1576-zlq79-596195737, networkLocation: /default-rack, certSerialId: null}da3038ec-c4fd-4e11-9179-86b1e11d81da{ip: 192.168.164.209, host: pr-hdds-1576-zlq79-596195737, networkLocation: /default-rack, certSerialId: null}, Type:RATIS, Factor:THREE, State:CLOSED]
2019-11-05 04:06:23,275 [EventQueue-StaleNodeForStaleNodeHandler] INFO  pipeline.SCMPipelineManager (SCMPipelineManager.java:finalizeAndDestroyPipeline(310)) - destroying pipeline:Pipeline[ Id: b561a678-daa9-4d35-89b0-af2447b28170, Nodes: 3bb84b5b-c269-4d26-bdfe-cbd49ad8842a{ip: 192.168.164.209, host: pr-hdds-1576-zlq79-596195737, networkLocation: /default-rack, certSerialId: null}cbadd82d-93c1-4516-940b-a7bad1d4aa4b{ip: 192.168.164.209, host: pr-hdds-1576-zlq79-596195737, networkLocation: /default-rack, certSerialId: null}da3038ec-c4fd-4e11-9179-86b1e11d81da{ip: 192.168.164.209, host: pr-hdds-1576-zlq79-596195737, networkLocation: /default-rack, certSerialId: null}, Type:RATIS, Factor:THREE, State:CLOSED]
2019-11-05 04:06:23,276 [EventQueue-StaleNodeForStaleNodeHandler] INFO  pipeline.SCMPipelineManager (SCMPipelineManager.java:finalizeAndDestroyPipeline(310)) - destroying pipeline:Pipeline[ Id: fc802d96-8d18-4315-8998-09860e25afe5, Nodes: 3bb84b5b-c269-4d26-bdfe-cbd49ad8842a{ip: 192.168.164.209, host: pr-hdds-1576-zlq79-596195737, networkLocation: /default-rack, certSerialId: null}da3038ec-c4fd-4e11-9179-86b1e11d81da{ip: 192.168.164.209, host: pr-hdds-1576-zlq79-596195737, networkLocation: /default-rack, certSerialId: null}cbadd82d-93c1-4516-940b-a7bad1d4aa4b{ip: 192.168.164.209, host: pr-hdds-1576-zlq79-596195737, networkLocation: /default-rack, certSerialId: null}, Type:RATIS, Factor:THREE, State:CLOSED]
2019-11-05 04:06:23,276 [EventQueue-StaleNodeForStaleNodeHandler] INFO  pipeline.SCMPipelineManager (SCMPipelineManager.java:finalizeAndDestroyPipeline(310)) - destroying pipeline:Pipeline[ Id: 7e1ad365-8a77-486b-a30c-6d5b6ac00e2f, Nodes: da3038ec-c4fd-4e11-9179-86b1e11d81da{ip: 192.168.164.209, host: pr-hdds-1576-zlq79-596195737, networkLocation: /default-rack, certSerialId: null}, Type:RATIS, Factor:ONE, State:OPEN]
2019-11-05 04:06:23,276 [EventQueue-StaleNodeForStaleNodeHandler] INFO  pipeline.PipelineStateManager (PipelineStateManager.java:finalizePipeline(123)) - Pipeline Pipeline[ Id: 7e1ad365-8a77-486b-a30c-6d5b6ac00e2f, Nodes: da3038ec-c4fd-4e11-9179-86b1e11d81da{ip: 192.168.164.209, host: pr-hdds-1576-zlq79-596195737, networkLocation: /default-rack, certSerialId: null}, Type:RATIS, Factor:ONE, State:CLOSED] moved to CLOSED state
2019-11-05 04:06:23,295 [Thread-480] INFO  ozoneimpl.OzoneContainer (OzoneContainer.java:stop(227)) - Attempting to stop container services.
2019-11-05 04:06:23,295 [Thread-480] INFO  impl.RaftServerProxy (RaftServerProxy.java:lambda$close$4(314)) - da3038ec-c4fd-4e11-9179-86b1e11d81da: close
2019-11-05 04:06:23,296 [Thread-480] INFO  impl.RaftServerImpl (RaftServerImpl.java:lambda$shutdown$3(250)) - da3038ec-c4fd-4e11-9179-86b1e11d81da@group-09860E25AFE5: shutdown
2019-11-05 04:06:23,297 [ForkJoinPool.commonPool-worker-1] INFO  impl.RaftServerImpl (RaftServerImpl.java:lambda$shutdown$3(250)) - da3038ec-c4fd-4e11-9179-86b1e11d81da@group-6D5B6AC00E2F: shutdown
2019-11-05 04:06:23,297 [Thread-480] INFO  util.JmxRegister (JmxRegister.java:unregister(73)) - Successfully un-registered JMX Bean with object name Ratis:service=RaftServer,group=group-09860E25AFE5,id=da3038ec-c4fd-4e11-9179-86b1e11d81da
2019-11-05 04:06:23,297 [ForkJoinPool.commonPool-worker-1] INFO  util.JmxRegister (JmxRegister.java:unregister(73)) - Successfully un-registered JMX Bean with object name Ratis:service=RaftServer,group=group-6D5B6AC00E2F,id=da3038ec-c4fd-4e11-9179-86b1e11d81da
2019-11-05 04:06:23,297 [Thread-480] INFO  impl.RoleInfo (RoleInfo.java:shutdownFollowerState(121)) - da3038ec-c4fd-4e11-9179-86b1e11d81da: shutdown FollowerState
2019-11-05 04:06:23,297 [ForkJoinPool.commonPool-worker-1] INFO  impl.RoleInfo (RoleInfo.java:shutdownLeaderState(104)) - da3038ec-c4fd-4e11-9179-86b1e11d81da: shutdown LeaderState
2019-11-05 04:06:23,298 [Thread-704] INFO  impl.FollowerState (FollowerState.java:run(120)) - da3038ec-c4fd-4e11-9179-86b1e11d81da@group-09860E25AFE5-FollowerState was interrupted: java.lang.InterruptedException: sleep interrupted
2019-11-05 04:06:23,298 [Thread-480] INFO  impl.StateMachineUpdater (StateMachineUpdater.java:stopAndJoin(136)) - da3038ec-c4fd-4e11-9179-86b1e11d81da@group-09860E25AFE5-StateMachineUpdater: set stopIndex = 0
2019-11-05 04:06:23,298 [ForkJoinPool.commonPool-worker-1] INFO  impl.PendingRequests (PendingRequests.java:sendNotLeaderResponses(206)) - da3038ec-c4fd-4e11-9179-86b1e11d81da@group-6D5B6AC00E2F-PendingRequests: sendNotLeaderResponses
2019-11-05 04:06:23,299 [Thread-480] INFO  impl.RaftServerImpl (ServerState.java:close(387)) - da3038ec-c4fd-4e11-9179-86b1e11d81da@group-09860E25AFE5: closes. applyIndex: 0
2019-11-05 04:06:23,299 [ForkJoinPool.commonPool-worker-1] INFO  impl.StateMachineUpdater (StateMachineUpdater.java:stopAndJoin(136)) - da3038ec-c4fd-4e11-9179-86b1e11d81da@group-6D5B6AC00E2F-StateMachineUpdater: set stopIndex = 0
2019-11-05 04:06:23,299 [ForkJoinPool.commonPool-worker-1] INFO  impl.RaftServerImpl (ServerState.java:close(387)) - da3038ec-c4fd-4e11-9179-86b1e11d81da@group-6D5B6AC00E2F: closes. applyIndex: 0
2019-11-05 04:06:23,300 [da3038ec-c4fd-4e11-9179-86b1e11d81da@group-6D5B6AC00E2F-SegmentedRaftLogWorker] INFO  segmented.SegmentedRaftLogWorker (SegmentedRaftLogWorker.java:run(316)) - da3038ec-c4fd-4e11-9179-86b1e11d81da@group-6D5B6AC00E2F-SegmentedRaftLogWorker was interrupted, exiting. There are 0 tasks remaining in the queue.
2019-11-05 04:06:23,300 [da3038ec-c4fd-4e11-9179-86b1e11d81da@group-09860E25AFE5-SegmentedRaftLogWorker] INFO  segmented.SegmentedRaftLogWorker (SegmentedRaftLogWorker.java:run(316)) - da3038ec-c4fd-4e11-9179-86b1e11d81da@group-09860E25AFE5-SegmentedRaftLogWorker was interrupted, exiting. There are 0 tasks remaining in the queue.
2019-11-05 04:06:23,301 [ForkJoinPool.commonPool-worker-1] INFO  segmented.SegmentedRaftLogWorker (SegmentedRaftLogWorker.java:close(224)) - da3038ec-c4fd-4e11-9179-86b1e11d81da@group-6D5B6AC00E2F-SegmentedRaftLogWorker close()
2019-11-05 04:06:23,302 [Thread-480] INFO  segmented.SegmentedRaftLogWorker (SegmentedRaftLogWorker.java:close(224)) - da3038ec-c4fd-4e11-9179-86b1e11d81da@group-09860E25AFE5-SegmentedRaftLogWorker close()
2019-11-05 04:06:23,303 [ForkJoinPool.commonPool-worker-1] INFO  impl.RaftServerImpl (RaftServerImpl.java:lambda$shutdown$3(250)) - da3038ec-c4fd-4e11-9179-86b1e11d81da@group-5CA1FB277425: shutdown
2019-11-05 04:06:23,304 [ForkJoinPool.commonPool-worker-1] INFO  util.JmxRegister (JmxRegister.java:unregister(73)) - Successfully un-registered JMX Bean with object name Ratis:service=RaftServer,group=group-5CA1FB277425,id=da3038ec-c4fd-4e11-9179-86b1e11d81da
2019-11-05 04:06:23,304 [ForkJoinPool.commonPool-worker-1] INFO  impl.RoleInfo (RoleInfo.java:shutdownLeaderState(104)) - da3038ec-c4fd-4e11-9179-86b1e11d81da: shutdown LeaderState
2019-11-05 04:06:23,306 [ForkJoinPool.commonPool-worker-1] INFO  impl.PendingRequests (PendingRequests.java:sendNotLeaderResponses(206)) - da3038ec-c4fd-4e11-9179-86b1e11d81da@group-5CA1FB277425-PendingRequests: sendNotLeaderResponses
2019-11-05 04:06:23,306 [org.apache.ratis.server.impl.LogAppender$AppenderDaemon$$Lambda$477/1783391639@166f52ff] WARN  server.GrpcLogAppender (GrpcLogAppender.java:mayWait(151)) - da3038ec-c4fd-4e11-9179-86b1e11d81da@group-5CA1FB277425->cbadd82d-93c1-4516-940b-a7bad1d4aa4b-GrpcLogAppender: Wait interrupted by java.lang.InterruptedException
2019-11-05 04:06:23,306 [ForkJoinPool.commonPool-worker-1] INFO  impl.StateMachineUpdater (StateMachineUpdater.java:stopAndJoin(136)) - da3038ec-c4fd-4e11-9179-86b1e11d81da@group-5CA1FB277425-StateMachineUpdater: set stopIndex = 0
2019-11-05 04:06:23,306 [org.apache.ratis.server.impl.LogAppender$AppenderDaemon$$Lambda$477/1783391639@536dd6f6] WARN  server.GrpcLogAppender (GrpcLogAppender.java:mayWait(151)) - da3038ec-c4fd-4e11-9179-86b1e11d81da@group-5CA1FB277425->3bb84b5b-c269-4d26-bdfe-cbd49ad8842a-GrpcLogAppender: Wait interrupted by java.lang.InterruptedException
2019-11-05 04:06:23,307 [ForkJoinPool.commonPool-worker-1] INFO  impl.RaftServerImpl (ServerState.java:close(387)) - da3038ec-c4fd-4e11-9179-86b1e11d81da@group-5CA1FB277425: closes. applyIndex: 0
2019-11-05 04:06:23,307 [da3038ec-c4fd-4e11-9179-86b1e11d81da@group-5CA1FB277425-SegmentedRaftLogWorker] INFO  segmented.SegmentedRaftLogWorker (SegmentedRaftLogWorker.java:run(316)) - da3038ec-c4fd-4e11-9179-86b1e11d81da@group-5CA1FB277425-SegmentedRaftLogWorker was interrupted, exiting. There are 0 tasks remaining in the queue.
2019-11-05 04:06:23,308 [ForkJoinPool.commonPool-worker-1] INFO  segmented.SegmentedRaftLogWorker (SegmentedRaftLogWorker.java:close(224)) - da3038ec-c4fd-4e11-9179-86b1e11d81da@group-5CA1FB277425-SegmentedRaftLogWorker close()
2019-11-05 04:06:23,309 [ForkJoinPool.commonPool-worker-1] INFO  impl.RaftServerImpl (RaftServerImpl.java:lambda$shutdown$3(250)) - da3038ec-c4fd-4e11-9179-86b1e11d81da@group-AF2447B28170: shutdown
2019-11-05 04:06:23,310 [ForkJoinPool.commonPool-worker-1] INFO  util.JmxRegister (JmxRegister.java:unregister(73)) - Successfully un-registered JMX Bean with object name Ratis:service=RaftServer,group=group-AF2447B28170,id=da3038ec-c4fd-4e11-9179-86b1e11d81da
2019-11-05 04:06:23,310 [ForkJoinPool.commonPool-worker-1] INFO  impl.RoleInfo (RoleInfo.java:shutdownFollowerState(121)) - da3038ec-c4fd-4e11-9179-86b1e11d81da: shutdown FollowerState
2019-11-05 04:06:23,310 [ForkJoinPool.commonPool-worker-1] INFO  impl.StateMachineUpdater (StateMachineUpdater.java:stopAndJoin(136)) - da3038ec-c4fd-4e11-9179-86b1e11d81da@group-AF2447B28170-StateMachineUpdater: set stopIndex = -1
2019-11-05 04:06:23,310 [Thread-746] INFO  impl.FollowerState (FollowerState.java:run(120)) - da3038ec-c4fd-4e11-9179-86b1e11d81da@group-AF2447B28170-FollowerState was interrupted: java.lang.InterruptedException: sleep interrupted
2019-11-05 04:06:23,310 [ForkJoinPool.commonPool-worker-1] INFO  impl.RaftServerImpl (ServerState.java:close(387)) - da3038ec-c4fd-4e11-9179-86b1e11d81da@group-AF2447B28170: closes. applyIndex: -1
2019-11-05 04:06:23,310 [da3038ec-c4fd-4e11-9179-86b1e11d81da@group-AF2447B28170-SegmentedRaftLogWorker] INFO  segmented.SegmentedRaftLogWorker (SegmentedRaftLogWorker.java:run(316)) - da3038ec-c4fd-4e11-9179-86b1e11d81da@group-AF2447B28170-SegmentedRaftLogWorker was interrupted, exiting. There are 0 tasks remaining in the queue.
2019-11-05 04:06:23,311 [ForkJoinPool.commonPool-worker-1] INFO  segmented.SegmentedRaftLogWorker (SegmentedRaftLogWorker.java:close(224)) - da3038ec-c4fd-4e11-9179-86b1e11d81da@group-AF2447B28170-SegmentedRaftLogWorker close()
2019-11-05 04:06:23,313 [Thread-480] INFO  server.GrpcService (GrpcService.java:closeImpl(164)) - da3038ec-c4fd-4e11-9179-86b1e11d81da: shutdown server with port 42661 now
2019-11-05 04:06:23,314 [Thread-480] INFO  server.GrpcService (GrpcService.java:closeImpl(172)) - da3038ec-c4fd-4e11-9179-86b1e11d81da: shutdown server with port 42661 successfully
2019-11-05 04:06:23,319 [refreshUsed-/workdir/hadoop-ozone/integration-test/target/test-dir/MiniOzoneClusterImpl-b5e44674-0749-41b5-a0d1-bb304d26ed7a/datanode-2/data/containers] WARN  fs.CachingGetSpaceUsed (CachingGetSpaceUsed.java:run(183)) - Thread Interrupted waiting to refresh disk information: sleep interrupted
2019-11-05 04:06:23,333 [Thread-480] INFO  utils.BackgroundService (BackgroundService.java:shutdown(151)) - Shutting down service BlockDeletingService
2019-11-05 04:06:23,335 [Thread-480] INFO  statemachine.DatanodeStateMachine (DatanodeStateMachine.java:stopDaemon(395)) - Ozone container server stopped.
2019-11-05 04:06:23,337 [Thread-480] INFO  handler.ContextHandler (ContextHandler.java:doStop(910)) - Stopped o.e.j.w.WebAppContext@24338113{/,null,UNAVAILABLE}{/hddsDatanode}
2019-11-05 04:06:23,338 [Thread-480] INFO  server.AbstractConnector (AbstractConnector.java:doStop(318)) - Stopped ServerConnector@55a1a25b{HTTP/1.1,[http/1.1]}{0.0.0.0:0}
2019-11-05 04:06:23,339 [Thread-480] INFO  handler.ContextHandler (ContextHandler.java:doStop(910)) - Stopped o.e.j.s.ServletContextHandler@123dfc94{/static,jar:file:/home/user/.m2/repository/org/apache/hadoop/hadoop-hdds-container-service/0.5.0-SNAPSHOT/hadoop-hdds-container-service-0.5.0-SNAPSHOT.jar!/webapps/static,UNAVAILABLE}
2019-11-05 04:06:23,339 [Thread-480] INFO  handler.ContextHandler (ContextHandler.java:doStop(910)) - Stopped o.e.j.s.ServletContextHandler@660be99f{/logs,file:///workdir/hadoop-ozone/integration-test/target/log,UNAVAILABLE}
2019-11-05 04:06:23,341 [Thread-480] ERROR pipeline.PipelinePlacementPolicy (PipelinePlacementPolicy.java:filterViableNodes(148)) - No healthy node found to allocate pipeline.
2019-11-05 04:06:23,341 [Thread-480] ERROR pipeline.SCMPipelineManager (SCMPipelineManager.java:createPipeline(161)) - Pipeline creation failed.
org.apache.hadoop.hdds.scm.exceptions.SCMException: No healthy node found to allocate pipeline.
	at org.apache.hadoop.hdds.scm.pipeline.PipelinePlacementPolicy.filterViableNodes(PipelinePlacementPolicy.java:149)
	at org.apache.hadoop.hdds.scm.pipeline.PipelinePlacementPolicy.chooseDatanodes(PipelinePlacementPolicy.java:199)
	at org.apache.hadoop.hdds.scm.pipeline.RatisPipelineProvider.create(RatisPipelineProvider.java:177)
	at org.apache.hadoop.hdds.scm.pipeline.PipelineFactory.create(PipelineFactory.java:58)
	at org.apache.hadoop.hdds.scm.pipeline.SCMPipelineManager.createPipeline(SCMPipelineManager.java:151)
	at org.apache.hadoop.hdds.scm.pipeline.TestRatisPipelineCreateAndDestroy.testPipelineCreationOnNodeRestart(TestRatisPipelineCreateAndDestroy.java:115)
	at sun.reflect.NativeMethodAccessorImpl.invoke0(Native Method)
	at sun.reflect.NativeMethodAccessorImpl.invoke(NativeMethodAccessorImpl.java:62)
	at sun.reflect.DelegatingMethodAccessorImpl.invoke(DelegatingMethodAccessorImpl.java:43)
	at java.lang.reflect.Method.invoke(Method.java:498)
	at org.junit.runners.model.FrameworkMethod$1.runReflectiveCall(FrameworkMethod.java:47)
	at org.junit.internal.runners.model.ReflectiveCallable.run(ReflectiveCallable.java:12)
	at org.junit.runners.model.FrameworkMethod.invokeExplosively(FrameworkMethod.java:44)
	at org.junit.internal.runners.statements.InvokeMethod.evaluate(InvokeMethod.java:17)
	at org.junit.internal.runners.statements.FailOnTimeout$StatementThread.run(FailOnTimeout.java:74)
2019-11-05 04:06:23,342 [main] INFO  ozone.MiniOzoneClusterImpl (MiniOzoneClusterImpl.java:shutdown(318)) - Shutting down the Mini Ozone Cluster
2019-11-05 04:06:23,343 [main] INFO  ozone.MiniOzoneClusterImpl (MiniOzoneClusterImpl.java:stop(334)) - Stopping the Mini Ozone Cluster
2019-11-05 04:06:23,343 [main] INFO  ozone.MiniOzoneClusterImpl (MiniOzoneClusterImpl.java:stopOM(404)) - Stopping the OzoneManager
2019-11-05 04:06:23,344 [main] INFO  ipc.Server (Server.java:stop(3082)) - Stopping server on 43162
2019-11-05 04:06:23,347 [IPC Server listener on 43162] INFO  ipc.Server (Server.java:run(1185)) - Stopping IPC Server listener on 43162
2019-11-05 04:06:23,347 [main] INFO  ratis.OzoneManagerDoubleBuffer (OzoneManagerDoubleBuffer.java:stop(261)) - Stopping OMDoubleBuffer flush thread
2019-11-05 04:06:23,348 [IPC Server Responder] INFO  ipc.Server (Server.java:run(1319)) - Stopping IPC Server Responder
2019-11-05 04:06:23,350 [OMDoubleBufferFlushThread] INFO  ratis.OzoneManagerDoubleBuffer (OzoneManagerDoubleBuffer.java:flushTransactions(199)) - OMDoubleBuffer flush thread OMDoubleBufferFlushThread is interrupted and will exit. OMDoubleBufferFlushThread
2019-11-05 04:06:23,353 [main] INFO  utils.BackgroundService (BackgroundService.java:shutdown(151)) - Shutting down service KeyDeletingService
2019-11-05 04:06:23,357 [main] INFO  handler.ContextHandler (ContextHandler.java:doStop(910)) - Stopped o.e.j.w.WebAppContext@2fe1d94c{/,null,UNAVAILABLE}{/ozoneManager}
2019-11-05 04:06:23,358 [main] INFO  server.AbstractConnector (AbstractConnector.java:doStop(318)) - Stopped ServerConnector@1b0b0182{HTTP/1.1,[http/1.1]}{0.0.0.0:0}
2019-11-05 04:06:23,359 [main] INFO  handler.ContextHandler (ContextHandler.java:doStop(910)) - Stopped o.e.j.s.ServletContextHandler@48717323{/static,file:///workdir/hadoop-ozone/integration-test/target/test-classes/webapps/static,UNAVAILABLE}
2019-11-05 04:06:23,359 [main] INFO  handler.ContextHandler (ContextHandler.java:doStop(910)) - Stopped o.e.j.s.ServletContextHandler@393f7642{/logs,file:///workdir/hadoop-ozone/integration-test/target/log,UNAVAILABLE}
2019-11-05 04:06:23,363 [main] INFO  ozone.MiniOzoneClusterImpl (MiniOzoneClusterImpl.java:stopDatanodes(381)) - Stopping the HddsDatanodes
2019-11-05 04:06:23,363 [main] INFO  ozone.MiniOzoneClusterImpl (MiniOzoneClusterImpl.java:stopSCM(396)) - Stopping the StorageContainerManager
2019-11-05 04:06:23,363 [main] INFO  server.StorageContainerManager (StorageContainerManager.java:stop(802)) - Stopping Replication Manager Service.
2019-11-05 04:06:23,363 [main] INFO  container.ReplicationManager (ReplicationManager.java:stop(204)) - Stopping Replication Monitor Thread.
2019-11-05 04:06:23,363 [main] INFO  server.StorageContainerManager (StorageContainerManager.java:stop(809)) - Stopping Lease Manager of the command watchers
2019-11-05 04:06:23,363 [main] INFO  server.StorageContainerManager (StorageContainerManager.java:stop(816)) - Stopping datanode service RPC server
2019-11-05 04:06:23,363 [main] INFO  server.SCMDatanodeProtocolServer (SCMDatanodeProtocolServer.java:stop(346)) - Stopping the RPC server for DataNodes
2019-11-05 04:06:23,364 [main] INFO  ipc.Server (Server.java:stop(3082)) - Stopping server on 35388
2019-11-05 04:06:23,365 [IPC Server listener on 35388] INFO  ipc.Server (Server.java:run(1185)) - Stopping IPC Server listener on 35388
2019-11-05 04:06:23,366 [IPC Server Responder] INFO  ipc.Server (Server.java:run(1319)) - Stopping IPC Server Responder
2019-11-05 04:06:24,274 [SCM Heartbeat Processing Thread - 0] WARN  node.NodeStateManager (NodeStateManager.java:scheduleNextHealthCheck(655)) - Current Thread is interrupted, shutting down HB processing thread for Node Manager.
2019-11-05 04:06:24,275 [main] INFO  server.StorageContainerManager (StorageContainerManager.java:stop(824)) - Stopping block service RPC server
2019-11-05 04:06:24,276 [main] INFO  server.SCMBlockProtocolServer (SCMBlockProtocolServer.java:stop(155)) - Stopping the RPC server for Block Protocol
2019-11-05 04:06:24,276 [main] INFO  ipc.Server (Server.java:stop(3082)) - Stopping server on 34711
2019-11-05 04:06:24,278 [IPC Server listener on 34711] INFO  ipc.Server (Server.java:run(1185)) - Stopping IPC Server listener on 34711
2019-11-05 04:06:24,278 [main] INFO  server.StorageContainerManager (StorageContainerManager.java:stop(831)) - Stopping the StorageContainerLocationProtocol RPC server
2019-11-05 04:06:24,278 [IPC Server Responder] INFO  ipc.Server (Server.java:run(1319)) - Stopping IPC Server Responder
2019-11-05 04:06:24,279 [main] INFO  server.SCMClientProtocolServer (SCMClientProtocolServer.java:stop(168)) - Stopping the RPC server for Client Protocol
2019-11-05 04:06:24,280 [main] INFO  ipc.Server (Server.java:stop(3082)) - Stopping server on 37708
2019-11-05 04:06:24,281 [main] INFO  server.StorageContainerManager (StorageContainerManager.java:stop(838)) - Stopping Storage Container Manager HTTP server.
2019-11-05 04:06:24,282 [IPC Server listener on 37708] INFO  ipc.Server (Server.java:run(1185)) - Stopping IPC Server listener on 37708
2019-11-05 04:06:24,282 [IPC Server Responder] INFO  ipc.Server (Server.java:run(1319)) - Stopping IPC Server Responder
2019-11-05 04:06:24,284 [main] INFO  handler.ContextHandler (ContextHandler.java:doStop(910)) - Stopped o.e.j.w.WebAppContext@7b91e12d{/,null,UNAVAILABLE}{/scm}
2019-11-05 04:06:24,285 [main] INFO  server.AbstractConnector (AbstractConnector.java:doStop(318)) - Stopped ServerConnector@70342fa9{HTTP/1.1,[http/1.1]}{0.0.0.0:0}
2019-11-05 04:06:24,285 [main] INFO  handler.ContextHandler (ContextHandler.java:doStop(910)) - Stopped o.e.j.s.ServletContextHandler@51f83f88{/static,file:///workdir/hadoop-ozone/integration-test/target/test-classes/webapps/static,UNAVAILABLE}
2019-11-05 04:06:24,286 [main] INFO  handler.ContextHandler (ContextHandler.java:doStop(910)) - Stopped o.e.j.s.ServletContextHandler@6e841e5c{/logs,file:///workdir/hadoop-ozone/integration-test/target/log,UNAVAILABLE}
2019-11-05 04:06:24,287 [main] INFO  server.StorageContainerManager (StorageContainerManager.java:stop(849)) - Stopping Block Manager Service.
2019-11-05 04:06:24,287 [main] INFO  utils.BackgroundService (BackgroundService.java:shutdown(151)) - Shutting down service SCMBlockDeletingService
2019-11-05 04:06:24,288 [main] INFO  utils.BackgroundService (BackgroundService.java:shutdown(151)) - Shutting down service SCMBlockDeletingService
2019-11-05 04:06:24,288 [main] INFO  server.StorageContainerManager (StorageContainerManager.java:stop(871)) - Stopping SCM Event Queue.
2019-11-05 04:06:24,293 [main] INFO  impl.MetricsSystemImpl (MetricsSystemImpl.java:stop(210)) - Stopping HddsDatanode metrics system...
2019-11-05 04:06:24,298 [main] INFO  impl.MetricsSystemImpl (MetricsSystemImpl.java:stop(216)) - HddsDatanode metrics system stopped.
]]></system-out>
    <system-err><![CDATA[Exception in thread "da3038ec-c4fd-4e11-9179-86b1e11d81da@group-AF2447B28170-LeaderElection24" java.lang.IllegalStateException: ILLEGAL TRANSITION: In da3038ec-c4fd-4e11-9179-86b1e11d81da@group-AF2447B28170-LeaderElection24, RUNNING -> CLOSED
	at org.apache.ratis.util.Preconditions.assertTrue(Preconditions.java:63)
	at org.apache.ratis.util.LifeCycle$State.validate(LifeCycle.java:123)
	at org.apache.ratis.util.LifeCycle.transition(LifeCycle.java:143)
	at org.apache.ratis.server.impl.LeaderElection.run(LeaderElection.java:151)
	at java.lang.Thread.run(Thread.java:748)
Nov 05, 2019 4:06:13 AM org.apache.ratis.thirdparty.io.grpc.internal.SerializingExecutor run
SEVERE: Exception while executing runnable org.apache.ratis.thirdparty.io.grpc.internal.ServerImpl$JumpToApplicationThreadServerStreamListener$1Closed@7eeba0de
org.apache.ratis.thirdparty.io.grpc.StatusRuntimeException: CANCELLED: call already cancelled
	at org.apache.ratis.thirdparty.io.grpc.Status.asRuntimeException(Status.java:517)
	at org.apache.ratis.thirdparty.io.grpc.stub.ServerCalls$ServerCallStreamObserverImpl.onCompleted(ServerCalls.java:356)
	at org.apache.ratis.grpc.server.GrpcServerProtocolService$ServerRequestStreamObserver.onError(GrpcServerProtocolService.java:121)
	at org.apache.ratis.thirdparty.io.grpc.stub.ServerCalls$StreamingServerCallHandler$StreamingServerCallListener.onCancel(ServerCalls.java:269)
	at org.apache.ratis.thirdparty.io.grpc.internal.ServerCallImpl$ServerStreamListenerImpl.closed(ServerCallImpl.java:293)
	at org.apache.ratis.thirdparty.io.grpc.internal.ServerImpl$JumpToApplicationThreadServerStreamListener$1Closed.runInContext(ServerImpl.java:741)
	at org.apache.ratis.thirdparty.io.grpc.internal.ContextRunnable.run(ContextRunnable.java:37)
	at org.apache.ratis.thirdparty.io.grpc.internal.SerializingExecutor.run(SerializingExecutor.java:123)
	at java.util.concurrent.ThreadPoolExecutor.runWorker(ThreadPoolExecutor.java:1149)
	at java.util.concurrent.ThreadPoolExecutor$Worker.run(ThreadPoolExecutor.java:624)
	at java.lang.Thread.run(Thread.java:748)

Nov 05, 2019 4:06:13 AM org.apache.ratis.thirdparty.io.grpc.internal.SerializingExecutor run
SEVERE: Exception while executing runnable org.apache.ratis.thirdparty.io.grpc.internal.ServerImpl$JumpToApplicationThreadServerStreamListener$1Closed@68aab52
org.apache.ratis.thirdparty.io.grpc.StatusRuntimeException: CANCELLED: call already cancelled
	at org.apache.ratis.thirdparty.io.grpc.Status.asRuntimeException(Status.java:517)
	at org.apache.ratis.thirdparty.io.grpc.stub.ServerCalls$ServerCallStreamObserverImpl.onCompleted(ServerCalls.java:356)
	at org.apache.ratis.grpc.server.GrpcServerProtocolService$ServerRequestStreamObserver.onError(GrpcServerProtocolService.java:121)
	at org.apache.ratis.thirdparty.io.grpc.stub.ServerCalls$StreamingServerCallHandler$StreamingServerCallListener.onCancel(ServerCalls.java:269)
	at org.apache.ratis.thirdparty.io.grpc.internal.ServerCallImpl$ServerStreamListenerImpl.closed(ServerCallImpl.java:293)
	at org.apache.ratis.thirdparty.io.grpc.internal.ServerImpl$JumpToApplicationThreadServerStreamListener$1Closed.runInContext(ServerImpl.java:741)
	at org.apache.ratis.thirdparty.io.grpc.internal.ContextRunnable.run(ContextRunnable.java:37)
	at org.apache.ratis.thirdparty.io.grpc.internal.SerializingExecutor.run(SerializingExecutor.java:123)
	at java.util.concurrent.ThreadPoolExecutor.runWorker(ThreadPoolExecutor.java:1149)
	at java.util.concurrent.ThreadPoolExecutor$Worker.run(ThreadPoolExecutor.java:624)
	at java.lang.Thread.run(Thread.java:748)

Nov 05, 2019 4:06:18 AM org.apache.ratis.thirdparty.io.grpc.internal.SerializingExecutor run
SEVERE: Exception while executing runnable org.apache.ratis.thirdparty.io.grpc.internal.ServerImpl$JumpToApplicationThreadServerStreamListener$1Closed@3d3b2265
org.apache.ratis.thirdparty.io.grpc.StatusRuntimeException: CANCELLED: call already cancelled
	at org.apache.ratis.thirdparty.io.grpc.Status.asRuntimeException(Status.java:517)
	at org.apache.ratis.thirdparty.io.grpc.stub.ServerCalls$ServerCallStreamObserverImpl.onCompleted(ServerCalls.java:356)
	at org.apache.ratis.grpc.server.GrpcServerProtocolService$ServerRequestStreamObserver.onError(GrpcServerProtocolService.java:121)
	at org.apache.ratis.thirdparty.io.grpc.stub.ServerCalls$StreamingServerCallHandler$StreamingServerCallListener.onCancel(ServerCalls.java:269)
	at org.apache.ratis.thirdparty.io.grpc.internal.ServerCallImpl$ServerStreamListenerImpl.closed(ServerCallImpl.java:293)
	at org.apache.ratis.thirdparty.io.grpc.internal.ServerImpl$JumpToApplicationThreadServerStreamListener$1Closed.runInContext(ServerImpl.java:741)
	at org.apache.ratis.thirdparty.io.grpc.internal.ContextRunnable.run(ContextRunnable.java:37)
	at org.apache.ratis.thirdparty.io.grpc.internal.SerializingExecutor.run(SerializingExecutor.java:123)
	at java.util.concurrent.ThreadPoolExecutor.runWorker(ThreadPoolExecutor.java:1149)
	at java.util.concurrent.ThreadPoolExecutor$Worker.run(ThreadPoolExecutor.java:624)
	at java.lang.Thread.run(Thread.java:748)

]]></system-err>
  </testcase>
  <testcase name="testMultiRaftStorageDir" classname="org.apache.hadoop.hdds.scm.pipeline.TestRatisPipelineCreateAndDestroy" time="17.213"/>
</testsuite>