<?xml version="1.0" encoding="UTF-8"?>
<testsuite xmlns:xsi="http://www.w3.org/2001/XMLSchema-instance" xsi:noNamespaceSchemaLocation="https://maven.apache.org/surefire/maven-surefire-plugin/xsd/surefire-test-report.xsd" name="org.apache.hadoop.ozone.freon.TestFreonWithPipelineDestroy" time="59.971" tests="1" errors="1" skipped="0" failures="0">
  <properties>
    <property name="awt.toolkit" value="sun.awt.X11.XToolkit"/>
    <property name="file.encoding.pkg" value="sun.io"/>
    <property name="java.specification.version" value="1.8"/>
    <property name="sun.cpu.isalist" value=""/>
    <property name="sun.jnu.encoding" value="ANSI_X3.4-1968"/>
    <property name="java.class.path" value="/workdir/hadoop-ozone/tools/target/test-classes:/workdir/hadoop-ozone/tools/target/classes:/home/user/.m2/repository/org/apache/hadoop/hadoop-ozone-ozone-manager/0.5.0-SNAPSHOT/hadoop-ozone-ozone-manager-0.5.0-SNAPSHOT.jar:/home/user/.m2/repository/org/apache/hadoop/hadoop-hdds-docs/0.5.0-SNAPSHOT/hadoop-hdds-docs-0.5.0-SNAPSHOT.jar:/home/user/.m2/repository/org/bouncycastle/bcprov-jdk15on/1.60/bcprov-jdk15on-1.60.jar:/home/user/.m2/repository/org/apache/hadoop/hadoop-ozone-common/0.5.0-SNAPSHOT/hadoop-ozone-common-0.5.0-SNAPSHOT.jar:/home/user/.m2/repository/org/apache/commons/commons-compress/1.4.1/commons-compress-1.4.1.jar:/home/user/.m2/repository/org/tukaani/xz/1.0/xz-1.0.jar:/home/user/.m2/repository/org/apache/hadoop/hadoop-hdfs-client/3.2.0/hadoop-hdfs-client-3.2.0.jar:/home/user/.m2/repository/com/fasterxml/jackson/core/jackson-annotations/2.9.9/jackson-annotations-2.9.9.jar:/home/user/.m2/repository/org/apache/hadoop/hadoop-hdds-common/0.5.0-SNAPSHOT/hadoop-hdds-common-0.5.0-SNAPSHOT.jar:/home/user/.m2/repository/org/apache/hadoop/hadoop-hdds-config/0.5.0-SNAPSHOT/hadoop-hdds-config-0.5.0-SNAPSHOT.jar:/home/user/.m2/repository/javax/annotation/javax.annotation-api/1.2/javax.annotation-api-1.2.jar:/home/user/.m2/repository/org/apache/ratis/ratis-server/0.5.0-d6d58d0-SNAPSHOT/ratis-server-0.5.0-d6d58d0-SNAPSHOT.jar:/home/user/.m2/repository/org/apache/ratis/ratis-thirdparty-misc/0.2.0/ratis-thirdparty-misc-0.2.0.jar:/home/user/.m2/repository/org/apache/ratis/ratis-proto/0.5.0-d6d58d0-SNAPSHOT/ratis-proto-0.5.0-d6d58d0-SNAPSHOT.jar:/home/user/.m2/repository/org/apache/ratis/ratis-common/0.5.0-d6d58d0-SNAPSHOT/ratis-common-0.5.0-d6d58d0-SNAPSHOT.jar:/home/user/.m2/repository/org/apache/ratis/ratis-client/0.5.0-d6d58d0-SNAPSHOT/ratis-client-0.5.0-d6d58d0-SNAPSHOT.jar:/home/user/.m2/repository/org/apache/ratis/ratis-metrics/0.5.0-d6d58d0-SNAPSHOT/ratis-metrics-0.5.0-d6d58d0-SNAPSHOT.jar:/home/user/.m2/repository/org/apache/ratis/ratis-netty/0.5.0-d6d58d0-SNAPSHOT/ratis-netty-0.5.0-d6d58d0-SNAPSHOT.jar:/home/user/.m2/repository/org/apache/ratis/ratis-grpc/0.5.0-d6d58d0-SNAPSHOT/ratis-grpc-0.5.0-d6d58d0-SNAPSHOT.jar:/home/user/.m2/repository/org/rocksdb/rocksdbjni/6.0.1/rocksdbjni-6.0.1.jar:/home/user/.m2/repository/org/apache/logging/log4j/log4j-api/2.11.0/log4j-api-2.11.0.jar:/home/user/.m2/repository/org/apache/logging/log4j/log4j-core/2.11.0/log4j-core-2.11.0.jar:/home/user/.m2/repository/com/lmax/disruptor/3.4.2/disruptor-3.4.2.jar:/home/user/.m2/repository/org/apache/commons/commons-pool2/2.6.0/commons-pool2-2.6.0.jar:/home/user/.m2/repository/org/bouncycastle/bcpkix-jdk15on/1.60/bcpkix-jdk15on-1.60.jar:/home/user/.m2/repository/commons-validator/commons-validator/1.6/commons-validator-1.6.jar:/home/user/.m2/repository/commons-digester/commons-digester/1.8.1/commons-digester-1.8.1.jar:/home/user/.m2/repository/io/jaegertracing/jaeger-client/0.34.0/jaeger-client-0.34.0.jar:/home/user/.m2/repository/io/jaegertracing/jaeger-thrift/0.34.0/jaeger-thrift-0.34.0.jar:/home/user/.m2/repository/org/apache/thrift/libthrift/0.12.0/libthrift-0.12.0.jar:/home/user/.m2/repository/com/squareup/okhttp3/okhttp/3.9.0/okhttp-3.9.0.jar:/home/user/.m2/repository/com/squareup/okio/okio/1.13.0/okio-1.13.0.jar:/home/user/.m2/repository/io/jaegertracing/jaeger-core/0.34.0/jaeger-core-0.34.0.jar:/home/user/.m2/repository/io/jaegertracing/jaeger-tracerresolver/0.34.0/jaeger-tracerresolver-0.34.0.jar:/home/user/.m2/repository/io/opentracing/contrib/opentracing-tracerresolver/0.1.5/opentracing-tracerresolver-0.1.5.jar:/home/user/.m2/repository/io/opentracing/opentracing-util/0.31.0/opentracing-util-0.31.0.jar:/home/user/.m2/repository/io/opentracing/opentracing-api/0.31.0/opentracing-api-0.31.0.jar:/home/user/.m2/repository/io/opentracing/opentracing-noop/0.31.0/opentracing-noop-0.31.0.jar:/home/user/.m2/repository/org/yaml/snakeyaml/1.16/snakeyaml-1.16.jar:/home/user/.m2/repository/org/apache/hadoop/hadoop-hdds-container-service/0.5.0-SNAPSHOT/hadoop-hdds-container-service-0.5.0-SNAPSHOT.jar:/home/user/.m2/repository/org/apache/hadoop/hadoop-hdds-client/0.5.0-SNAPSHOT/hadoop-hdds-client-0.5.0-SNAPSHOT.jar:/home/user/.m2/repository/org/apache/hadoop/hadoop-hdds-tools/0.5.0-SNAPSHOT/hadoop-hdds-tools-0.5.0-SNAPSHOT.jar:/home/user/.m2/repository/org/xerial/sqlite-jdbc/3.25.2/sqlite-jdbc-3.25.2.jar:/home/user/.m2/repository/org/apache/hadoop/hadoop-hdds-server-scm/0.5.0-SNAPSHOT/hadoop-hdds-server-scm-0.5.0-SNAPSHOT.jar:/home/user/.m2/repository/org/hamcrest/hamcrest-all/1.3/hamcrest-all-1.3.jar:/home/user/.m2/repository/info/picocli/picocli/3.9.6/picocli-3.9.6.jar:/home/user/.m2/repository/com/google/protobuf/protobuf-java/2.5.0/protobuf-java-2.5.0.jar:/home/user/.m2/repository/com/google/guava/guava/11.0.2/guava-11.0.2.jar:/home/user/.m2/repository/org/apache/hadoop/hadoop-ozone-client/0.5.0-SNAPSHOT/hadoop-ozone-client-0.5.0-SNAPSHOT.jar:/workdir/hadoop-ozone/ozonefs/target/classes:/home/user/.m2/repository/org/apache/httpcomponents/httpclient/4.5.2/httpclient-4.5.2.jar:/home/user/.m2/repository/org/apache/httpcomponents/httpcore/4.4.4/httpcore-4.4.4.jar:/home/user/.m2/repository/org/apache/hadoop/hadoop-hdds-server-framework/0.5.0-SNAPSHOT/hadoop-hdds-server-framework-0.5.0-SNAPSHOT.jar:/home/user/.m2/repository/org/apache/hadoop/hadoop-common/3.2.0/hadoop-common-3.2.0.jar:/home/user/.m2/repository/org/apache/hadoop/hadoop-annotations/3.2.0/hadoop-annotations-3.2.0.jar:/usr/lib/jvm/java-1.8.0-openjdk-1.8.0.222.b10-1.el7_7.x86_64/jre/../lib/tools.jar:/home/user/.m2/repository/commons-cli/commons-cli/1.2/commons-cli-1.2.jar:/home/user/.m2/repository/org/apache/commons/commons-math3/3.1.1/commons-math3-3.1.1.jar:/home/user/.m2/repository/commons-codec/commons-codec/1.11/commons-codec-1.11.jar:/home/user/.m2/repository/commons-io/commons-io/2.5/commons-io-2.5.jar:/home/user/.m2/repository/commons-net/commons-net/3.6/commons-net-3.6.jar:/home/user/.m2/repository/commons-collections/commons-collections/3.2.2/commons-collections-3.2.2.jar:/home/user/.m2/repository/javax/servlet/javax.servlet-api/3.1.0/javax.servlet-api-3.1.0.jar:/home/user/.m2/repository/org/eclipse/jetty/jetty-server/9.3.25.v20180904/jetty-server-9.3.25.v20180904.jar:/home/user/.m2/repository/org/eclipse/jetty/jetty-http/9.3.25.v20180904/jetty-http-9.3.25.v20180904.jar:/home/user/.m2/repository/org/eclipse/jetty/jetty-io/9.3.25.v20180904/jetty-io-9.3.25.v20180904.jar:/home/user/.m2/repository/org/eclipse/jetty/jetty-util/9.3.25.v20180904/jetty-util-9.3.25.v20180904.jar:/home/user/.m2/repository/org/eclipse/jetty/jetty-servlet/9.3.25.v20180904/jetty-servlet-9.3.25.v20180904.jar:/home/user/.m2/repository/org/eclipse/jetty/jetty-security/9.3.25.v20180904/jetty-security-9.3.25.v20180904.jar:/home/user/.m2/repository/org/eclipse/jetty/jetty-webapp/9.3.25.v20180904/jetty-webapp-9.3.25.v20180904.jar:/home/user/.m2/repository/org/eclipse/jetty/jetty-xml/9.3.25.v20180904/jetty-xml-9.3.25.v20180904.jar:/home/user/.m2/repository/javax/servlet/jsp/jsp-api/2.1/jsp-api-2.1.jar:/home/user/.m2/repository/com/sun/jersey/jersey-core/1.19/jersey-core-1.19.jar:/home/user/.m2/repository/javax/ws/rs/jsr311-api/1.1.1/jsr311-api-1.1.1.jar:/home/user/.m2/repository/com/sun/jersey/jersey-servlet/1.19/jersey-servlet-1.19.jar:/home/user/.m2/repository/com/sun/jersey/jersey-json/1.19/jersey-json-1.19.jar:/home/user/.m2/repository/org/codehaus/jettison/jettison/1.1/jettison-1.1.jar:/home/user/.m2/repository/com/sun/xml/bind/jaxb-impl/2.3.0.1/jaxb-impl-2.3.0.1.jar:/home/user/.m2/repository/org/codehaus/jackson/jackson-core-asl/1.9.13/jackson-core-asl-1.9.13.jar:/home/user/.m2/repository/org/codehaus/jackson/jackson-mapper-asl/1.9.13/jackson-mapper-asl-1.9.13.jar:/home/user/.m2/repository/org/codehaus/jackson/jackson-jaxrs/1.9.13/jackson-jaxrs-1.9.13.jar:/home/user/.m2/repository/org/codehaus/jackson/jackson-xc/1.9.13/jackson-xc-1.9.13.jar:/home/user/.m2/repository/com/sun/jersey/jersey-server/1.19/jersey-server-1.19.jar:/home/user/.m2/repository/commons-logging/commons-logging/1.1.3/commons-logging-1.1.3.jar:/home/user/.m2/repository/log4j/log4j/1.2.17/log4j-1.2.17.jar:/home/user/.m2/repository/commons-beanutils/commons-beanutils/1.9.4/commons-beanutils-1.9.4.jar:/home/user/.m2/repository/org/apache/commons/commons-configuration2/2.1.1/commons-configuration2-2.1.1.jar:/home/user/.m2/repository/org/apache/commons/commons-lang3/3.7/commons-lang3-3.7.jar:/home/user/.m2/repository/org/apache/commons/commons-text/1.4/commons-text-1.4.jar:/home/user/.m2/repository/org/slf4j/slf4j-api/1.7.25/slf4j-api-1.7.25.jar:/home/user/.m2/repository/org/slf4j/slf4j-log4j12/1.7.25/slf4j-log4j12-1.7.25.jar:/home/user/.m2/repository/org/apache/avro/avro/1.7.7/avro-1.7.7.jar:/home/user/.m2/repository/com/thoughtworks/paranamer/paranamer/2.3/paranamer-2.3.jar:/home/user/.m2/repository/org/xerial/snappy/snappy-java/1.0.5/snappy-java-1.0.5.jar:/home/user/.m2/repository/com/google/re2j/re2j/1.1/re2j-1.1.jar:/home/user/.m2/repository/com/google/code/gson/gson/2.2.4/gson-2.2.4.jar:/home/user/.m2/repository/org/apache/hadoop/hadoop-auth/3.2.0/hadoop-auth-3.2.0.jar:/home/user/.m2/repository/com/nimbusds/nimbus-jose-jwt/4.41.1/nimbus-jose-jwt-4.41.1.jar:/home/user/.m2/repository/com/github/stephenc/jcip/jcip-annotations/1.0-1/jcip-annotations-1.0-1.jar:/home/user/.m2/repository/net/minidev/json-smart/2.3/json-smart-2.3.jar:/home/user/.m2/repository/net/minidev/accessors-smart/1.2/accessors-smart-1.2.jar:/home/user/.m2/repository/org/apache/curator/curator-framework/2.12.0/curator-framework-2.12.0.jar:/home/user/.m2/repository/com/jcraft/jsch/0.1.54/jsch-0.1.54.jar:/home/user/.m2/repository/org/apache/curator/curator-client/2.12.0/curator-client-2.12.0.jar:/home/user/.m2/repository/org/apache/curator/curator-recipes/2.12.0/curator-recipes-2.12.0.jar:/home/user/.m2/repository/com/google/code/findbugs/jsr305/3.0.0/jsr305-3.0.0.jar:/home/user/.m2/repository/org/apache/htrace/htrace-core4/4.1.0-incubating/htrace-core4-4.1.0-incubating.jar:/home/user/.m2/repository/org/apache/zookeeper/zookeeper/3.4.13/zookeeper-3.4.13.jar:/home/user/.m2/repository/jline/jline/0.9.94/jline-0.9.94.jar:/home/user/.m2/repository/org/apache/yetus/audience-annotations/0.5.0/audience-annotations-0.5.0.jar:/home/user/.m2/repository/org/apache/kerby/kerb-simplekdc/1.0.1/kerb-simplekdc-1.0.1.jar:/home/user/.m2/repository/org/apache/kerby/kerb-client/1.0.1/kerb-client-1.0.1.jar:/home/user/.m2/repository/org/apache/kerby/kerby-config/1.0.1/kerby-config-1.0.1.jar:/home/user/.m2/repository/org/apache/kerby/kerb-core/1.0.1/kerb-core-1.0.1.jar:/home/user/.m2/repository/org/apache/kerby/kerby-pkix/1.0.1/kerby-pkix-1.0.1.jar:/home/user/.m2/repository/org/apache/kerby/kerby-asn1/1.0.1/kerby-asn1-1.0.1.jar:/home/user/.m2/repository/org/apache/kerby/kerby-util/1.0.1/kerby-util-1.0.1.jar:/home/user/.m2/repository/org/apache/kerby/kerb-common/1.0.1/kerb-common-1.0.1.jar:/home/user/.m2/repository/org/apache/kerby/kerb-crypto/1.0.1/kerb-crypto-1.0.1.jar:/home/user/.m2/repository/org/apache/kerby/kerb-util/1.0.1/kerb-util-1.0.1.jar:/home/user/.m2/repository/org/apache/kerby/token-provider/1.0.1/token-provider-1.0.1.jar:/home/user/.m2/repository/org/apache/kerby/kerb-admin/1.0.1/kerb-admin-1.0.1.jar:/home/user/.m2/repository/org/apache/kerby/kerb-server/1.0.1/kerb-server-1.0.1.jar:/home/user/.m2/repository/org/apache/kerby/kerb-identity/1.0.1/kerb-identity-1.0.1.jar:/home/user/.m2/repository/org/apache/kerby/kerby-xdr/1.0.1/kerby-xdr-1.0.1.jar:/home/user/.m2/repository/com/fasterxml/jackson/core/jackson-databind/2.9.9/jackson-databind-2.9.9.jar:/home/user/.m2/repository/com/fasterxml/jackson/core/jackson-core/2.9.9/jackson-core-2.9.9.jar:/home/user/.m2/repository/org/codehaus/woodstox/stax2-api/3.1.4/stax2-api-3.1.4.jar:/home/user/.m2/repository/com/fasterxml/woodstox/woodstox-core/5.0.3/woodstox-core-5.0.3.jar:/home/user/.m2/repository/dnsjava/dnsjava/2.1.7/dnsjava-2.1.7.jar:/home/user/.m2/repository/org/apache/hadoop/hadoop-hdfs/3.2.0/hadoop-hdfs-3.2.0.jar:/home/user/.m2/repository/org/eclipse/jetty/jetty-util-ajax/9.3.25.v20180904/jetty-util-ajax-9.3.25.v20180904.jar:/home/user/.m2/repository/commons-daemon/commons-daemon/1.0.13/commons-daemon-1.0.13.jar:/home/user/.m2/repository/io/netty/netty/3.10.5.Final/netty-3.10.5.Final.jar:/home/user/.m2/repository/io/netty/netty-all/4.0.52.Final/netty-all-4.0.52.Final.jar:/home/user/.m2/repository/org/fusesource/leveldbjni/leveldbjni-all/1.8/leveldbjni-all-1.8.jar:/home/user/.m2/repository/com/sun/xml/bind/jaxb-core/2.3.0.1/jaxb-core-2.3.0.1.jar:/home/user/.m2/repository/javax/xml/bind/jaxb-api/2.3.0/jaxb-api-2.3.0.jar:/home/user/.m2/repository/javax/activation/activation/1.1.1/activation-1.1.1.jar:/home/user/.m2/repository/org/openjdk/jmh/jmh-core/1.19/jmh-core-1.19.jar:/home/user/.m2/repository/net/sf/jopt-simple/jopt-simple/4.6/jopt-simple-4.6.jar:/home/user/.m2/repository/org/openjdk/jmh/jmh-generator-annprocess/1.19/jmh-generator-annprocess-1.19.jar:/home/user/.m2/repository/io/dropwizard/metrics/metrics-core/3.2.4/metrics-core-3.2.4.jar:/home/user/.m2/repository/com/amazonaws/aws-java-sdk-s3/1.11.615/aws-java-sdk-s3-1.11.615.jar:/home/user/.m2/repository/com/amazonaws/aws-java-sdk-kms/1.11.615/aws-java-sdk-kms-1.11.615.jar:/home/user/.m2/repository/com/amazonaws/aws-java-sdk-core/1.11.615/aws-java-sdk-core-1.11.615.jar:/home/user/.m2/repository/software/amazon/ion/ion-java/1.0.2/ion-java-1.0.2.jar:/home/user/.m2/repository/com/fasterxml/jackson/dataformat/jackson-dataformat-cbor/2.9.9/jackson-dataformat-cbor-2.9.9.jar:/home/user/.m2/repository/joda-time/joda-time/2.9.9/joda-time-2.9.9.jar:/home/user/.m2/repository/com/amazonaws/jmespath-java/1.11.615/jmespath-java-1.11.615.jar:/home/user/.m2/repository/com/github/spotbugs/spotbugs/3.1.12/spotbugs-3.1.12.jar:/home/user/.m2/repository/org/ow2/asm/asm/5.0.4/asm-5.0.4.jar:/home/user/.m2/repository/org/ow2/asm/asm-analysis/7.0/asm-analysis-7.0.jar:/home/user/.m2/repository/org/ow2/asm/asm-commons/7.0/asm-commons-7.0.jar:/home/user/.m2/repository/org/ow2/asm/asm-tree/7.0/asm-tree-7.0.jar:/home/user/.m2/repository/org/ow2/asm/asm-util/7.0/asm-util-7.0.jar:/home/user/.m2/repository/org/apache/bcel/bcel/6.3/bcel-6.3.jar:/home/user/.m2/repository/net/jcip/jcip-annotations/1.0/jcip-annotations-1.0.jar:/home/user/.m2/repository/org/dom4j/dom4j/2.1.1/dom4j-2.1.1.jar:/home/user/.m2/repository/jaxen/jaxen/1.1.6/jaxen-1.1.6.jar:/home/user/.m2/repository/commons-lang/commons-lang/2.6/commons-lang-2.6.jar:/home/user/.m2/repository/com/github/spotbugs/spotbugs-annotations/3.1.12/spotbugs-annotations-3.1.12.jar:/home/user/.m2/repository/junit/junit/4.11/junit-4.11.jar:/home/user/.m2/repository/org/hamcrest/hamcrest-core/1.3/hamcrest-core-1.3.jar:/home/user/.m2/repository/org/apache/hadoop/hadoop-common/3.2.0/hadoop-common-3.2.0-tests.jar:/workdir/hadoop-ozone/integration-test/target/test-classes:/home/user/.m2/repository/org/apache/hadoop/hadoop-ozone-s3gateway/0.5.0-SNAPSHOT/hadoop-ozone-s3gateway-0.5.0-SNAPSHOT.jar:/home/user/.m2/repository/org/jboss/weld/servlet/weld-servlet/2.4.7.Final/weld-servlet-2.4.7.Final.jar:/home/user/.m2/repository/org/glassfish/jersey/containers/jersey-container-servlet-core/2.27/jersey-container-servlet-core-2.27.jar:/home/user/.m2/repository/org/glassfish/hk2/external/javax.inject/2.5.0-b42/javax.inject-2.5.0-b42.jar:/home/user/.m2/repository/org/glassfish/jersey/core/jersey-common/2.27/jersey-common-2.27.jar:/home/user/.m2/repository/org/glassfish/hk2/osgi-resource-locator/1.0.1/osgi-resource-locator-1.0.1.jar:/home/user/.m2/repository/javax/ws/rs/javax.ws.rs-api/2.1/javax.ws.rs-api-2.1.jar:/home/user/.m2/repository/org/glassfish/jersey/ext/cdi/jersey-cdi1x/2.27/jersey-cdi1x-2.27.jar:/home/user/.m2/repository/org/glassfish/jersey/inject/jersey-hk2/2.27/jersey-hk2-2.27.jar:/home/user/.m2/repository/org/glassfish/hk2/hk2-locator/2.5.0-b42/hk2-locator-2.5.0-b42.jar:/home/user/.m2/repository/org/javassist/javassist/3.22.0-CR2/javassist-3.22.0-CR2.jar:/home/user/.m2/repository/org/glassfish/hk2/hk2-api/2.5.0/hk2-api-2.5.0.jar:/home/user/.m2/repository/org/glassfish/hk2/external/jakarta.inject/2.5.0/jakarta.inject-2.5.0.jar:/home/user/.m2/repository/org/glassfish/hk2/hk2-utils/2.5.0/hk2-utils-2.5.0.jar:/home/user/.m2/repository/jakarta/annotation/jakarta.annotation-api/1.3.4/jakarta.annotation-api-1.3.4.jar:/home/user/.m2/repository/org/glassfish/hk2/external/aopalliance-repackaged/2.5.0/aopalliance-repackaged-2.5.0.jar:/home/user/.m2/repository/com/fasterxml/jackson/dataformat/jackson-dataformat-xml/2.9.0/jackson-dataformat-xml-2.9.0.jar:/home/user/.m2/repository/com/fasterxml/jackson/module/jackson-module-jaxb-annotations/2.9.9/jackson-module-jaxb-annotations-2.9.9.jar:/home/user/.m2/repository/javax/enterprise/cdi-api/1.2/cdi-api-1.2.jar:/home/user/.m2/repository/javax/el/javax.el-api/3.0.0/javax.el-api-3.0.0.jar:/home/user/.m2/repository/javax/interceptor/javax.interceptor-api/1.2/javax.interceptor-api-1.2.jar:/home/user/.m2/repository/javax/inject/javax.inject/1/javax.inject-1.jar:/home/user/.m2/repository/org/apache/hadoop/hadoop-ozone-csi/0.5.0-SNAPSHOT/hadoop-ozone-csi-0.5.0-SNAPSHOT.jar:/home/user/.m2/repository/com/google/protobuf/protobuf-java-util/3.5.1/protobuf-java-util-3.5.1.jar:/home/user/.m2/repository/io/grpc/grpc-netty/1.17.1/grpc-netty-1.17.1.jar:/home/user/.m2/repository/io/grpc/grpc-core/1.17.1/grpc-core-1.17.1.jar:/home/user/.m2/repository/io/grpc/grpc-context/1.17.1/grpc-context-1.17.1.jar:/home/user/.m2/repository/com/google/errorprone/error_prone_annotations/2.2.0/error_prone_annotations-2.2.0.jar:/home/user/.m2/repository/org/codehaus/mojo/animal-sniffer-annotations/1.17/animal-sniffer-annotations-1.17.jar:/home/user/.m2/repository/io/opencensus/opencensus-api/0.17.0/opencensus-api-0.17.0.jar:/home/user/.m2/repository/io/opencensus/opencensus-contrib-grpc-metrics/0.17.0/opencensus-contrib-grpc-metrics-0.17.0.jar:/home/user/.m2/repository/io/netty/netty-codec-http2/4.1.30.Final/netty-codec-http2-4.1.30.Final.jar:/home/user/.m2/repository/io/netty/netty-codec-http/4.1.30.Final/netty-codec-http-4.1.30.Final.jar:/home/user/.m2/repository/io/netty/netty-codec/4.1.30.Final/netty-codec-4.1.30.Final.jar:/home/user/.m2/repository/io/netty/netty-handler/4.1.30.Final/netty-handler-4.1.30.Final.jar:/home/user/.m2/repository/io/netty/netty-handler-proxy/4.1.30.Final/netty-handler-proxy-4.1.30.Final.jar:/home/user/.m2/repository/io/netty/netty-codec-socks/4.1.30.Final/netty-codec-socks-4.1.30.Final.jar:/home/user/.m2/repository/io/netty/netty-transport-native-epoll/4.1.30.Final/netty-transport-native-epoll-4.1.30.Final.jar:/home/user/.m2/repository/io/netty/netty-common/4.1.30.Final/netty-common-4.1.30.Final.jar:/home/user/.m2/repository/io/netty/netty-buffer/4.1.30.Final/netty-buffer-4.1.30.Final.jar:/home/user/.m2/repository/io/netty/netty-transport/4.1.30.Final/netty-transport-4.1.30.Final.jar:/home/user/.m2/repository/io/netty/netty-resolver/4.1.30.Final/netty-resolver-4.1.30.Final.jar:/home/user/.m2/repository/io/netty/netty-transport-native-unix-common/4.1.30.Final/netty-transport-native-unix-common-4.1.30.Final.jar:/home/user/.m2/repository/io/grpc/grpc-protobuf/1.17.1/grpc-protobuf-1.17.1.jar:/home/user/.m2/repository/com/google/api/grpc/proto-google-common-protos/1.0.0/proto-google-common-protos-1.0.0.jar:/home/user/.m2/repository/io/grpc/grpc-protobuf-lite/1.17.1/grpc-protobuf-lite-1.17.1.jar:/home/user/.m2/repository/io/grpc/grpc-stub/1.17.1/grpc-stub-1.17.1.jar:/home/user/.m2/repository/org/apache/hadoop/hadoop-ozone-recon/0.5.0-SNAPSHOT/hadoop-ozone-recon-0.5.0-SNAPSHOT.jar:/home/user/.m2/repository/org/apache/hadoop/hadoop-ozone-reconcodegen/0.5.0-SNAPSHOT/hadoop-ozone-reconcodegen-0.5.0-SNAPSHOT.jar:/home/user/.m2/repository/com/google/inject/extensions/guice-multibindings/4.0/guice-multibindings-4.0.jar:/home/user/.m2/repository/com/google/inject/guice/4.0/guice-4.0.jar:/home/user/.m2/repository/aopalliance/aopalliance/1.0/aopalliance-1.0.jar:/home/user/.m2/repository/com/google/inject/extensions/guice-servlet/4.0/guice-servlet-4.0.jar:/home/user/.m2/repository/org/glassfish/jersey/containers/jersey-container-servlet/2.27/jersey-container-servlet-2.27.jar:/home/user/.m2/repository/org/glassfish/hk2/guice-bridge/2.5.0/guice-bridge-2.5.0.jar:/home/user/.m2/repository/org/glassfish/jersey/core/jersey-server/2.27/jersey-server-2.27.jar:/home/user/.m2/repository/org/glassfish/jersey/core/jersey-client/2.27/jersey-client-2.27.jar:/home/user/.m2/repository/org/glassfish/jersey/media/jersey-media-jaxb/2.27/jersey-media-jaxb-2.27.jar:/home/user/.m2/repository/javax/validation/validation-api/1.1.0.Final/validation-api-1.1.0.Final.jar:/home/user/.m2/repository/org/glassfish/jersey/media/jersey-media-json-jackson/2.27/jersey-media-json-jackson-2.27.jar:/home/user/.m2/repository/org/glassfish/jersey/ext/jersey-entity-filtering/2.27/jersey-entity-filtering-2.27.jar:/home/user/.m2/repository/com/google/inject/extensions/guice-assistedinject/4.0/guice-assistedinject-4.0.jar:/home/user/.m2/repository/org/jooq/jooq/3.11.10/jooq-3.11.10.jar:/home/user/.m2/repository/org/jooq/jooq-meta/3.11.10/jooq-meta-3.11.10.jar:/home/user/.m2/repository/org/jooq/jooq-codegen/3.11.10/jooq-codegen-3.11.10.jar:/home/user/.m2/repository/com/jolbox/bonecp/0.8.0.RELEASE/bonecp-0.8.0.RELEASE.jar:/home/user/.m2/repository/org/springframework/spring-jdbc/5.1.3.RELEASE/spring-jdbc-5.1.3.RELEASE.jar:/home/user/.m2/repository/org/springframework/spring-beans/5.1.3.RELEASE/spring-beans-5.1.3.RELEASE.jar:/home/user/.m2/repository/org/springframework/spring-core/5.1.3.RELEASE/spring-core-5.1.3.RELEASE.jar:/home/user/.m2/repository/org/springframework/spring-jcl/5.1.3.RELEASE/spring-jcl-5.1.3.RELEASE.jar:/home/user/.m2/repository/org/springframework/spring-tx/5.1.3.RELEASE/spring-tx-5.1.3.RELEASE.jar:/home/user/.m2/repository/org/mockito/mockito-core/2.15.0/mockito-core-2.15.0.jar:/home/user/.m2/repository/net/bytebuddy/byte-buddy/1.7.9/byte-buddy-1.7.9.jar:/home/user/.m2/repository/net/bytebuddy/byte-buddy-agent/1.7.9/byte-buddy-agent-1.7.9.jar:/home/user/.m2/repository/org/objenesis/objenesis/1.0/objenesis-1.0.jar:"/>
    <property name="java.vm.vendor" value="Oracle Corporation"/>
    <property name="sun.arch.data.model" value="64"/>
    <property name="test.build.dir" value="/workdir/hadoop-ozone/tools/target/test-dir"/>
    <property name="test.cache.data" value=""/>
    <property name="java.vendor.url" value="http://java.oracle.com/"/>
    <property name="user.timezone" value=""/>
    <property name="java.vm.specification.version" value="1.8"/>
    <property name="os.name" value="Linux"/>
    <property name="test.build.data" value="/workdir/hadoop-ozone/tools/target/test-dir"/>
    <property name="user.country" value="US"/>
    <property name="sun.java.launcher" value="SUN_STANDARD"/>
    <property name="sun.boot.library.path" value="/usr/lib/jvm/java-1.8.0-openjdk-1.8.0.222.b10-1.el7_7.x86_64/jre/lib/amd64"/>
    <property name="sun.java.command" value="/workdir/hadoop-ozone/tools/target/surefire/surefirebooter6607908076062832033.jar /workdir/hadoop-ozone/tools/target/surefire 2019-11-13T19-42-01_105-jvmRun1 surefire7474754306549517158tmp surefire_995944776666042205592tmp"/>
    <property name="surefire.test.class.path" value="/workdir/hadoop-ozone/tools/target/test-classes:/workdir/hadoop-ozone/tools/target/classes:/home/user/.m2/repository/org/apache/hadoop/hadoop-ozone-ozone-manager/0.5.0-SNAPSHOT/hadoop-ozone-ozone-manager-0.5.0-SNAPSHOT.jar:/home/user/.m2/repository/org/apache/hadoop/hadoop-hdds-docs/0.5.0-SNAPSHOT/hadoop-hdds-docs-0.5.0-SNAPSHOT.jar:/home/user/.m2/repository/org/bouncycastle/bcprov-jdk15on/1.60/bcprov-jdk15on-1.60.jar:/home/user/.m2/repository/org/apache/hadoop/hadoop-ozone-common/0.5.0-SNAPSHOT/hadoop-ozone-common-0.5.0-SNAPSHOT.jar:/home/user/.m2/repository/org/apache/commons/commons-compress/1.4.1/commons-compress-1.4.1.jar:/home/user/.m2/repository/org/tukaani/xz/1.0/xz-1.0.jar:/home/user/.m2/repository/org/apache/hadoop/hadoop-hdfs-client/3.2.0/hadoop-hdfs-client-3.2.0.jar:/home/user/.m2/repository/com/fasterxml/jackson/core/jackson-annotations/2.9.9/jackson-annotations-2.9.9.jar:/home/user/.m2/repository/org/apache/hadoop/hadoop-hdds-common/0.5.0-SNAPSHOT/hadoop-hdds-common-0.5.0-SNAPSHOT.jar:/home/user/.m2/repository/org/apache/hadoop/hadoop-hdds-config/0.5.0-SNAPSHOT/hadoop-hdds-config-0.5.0-SNAPSHOT.jar:/home/user/.m2/repository/javax/annotation/javax.annotation-api/1.2/javax.annotation-api-1.2.jar:/home/user/.m2/repository/org/apache/ratis/ratis-server/0.5.0-d6d58d0-SNAPSHOT/ratis-server-0.5.0-d6d58d0-SNAPSHOT.jar:/home/user/.m2/repository/org/apache/ratis/ratis-thirdparty-misc/0.2.0/ratis-thirdparty-misc-0.2.0.jar:/home/user/.m2/repository/org/apache/ratis/ratis-proto/0.5.0-d6d58d0-SNAPSHOT/ratis-proto-0.5.0-d6d58d0-SNAPSHOT.jar:/home/user/.m2/repository/org/apache/ratis/ratis-common/0.5.0-d6d58d0-SNAPSHOT/ratis-common-0.5.0-d6d58d0-SNAPSHOT.jar:/home/user/.m2/repository/org/apache/ratis/ratis-client/0.5.0-d6d58d0-SNAPSHOT/ratis-client-0.5.0-d6d58d0-SNAPSHOT.jar:/home/user/.m2/repository/org/apache/ratis/ratis-metrics/0.5.0-d6d58d0-SNAPSHOT/ratis-metrics-0.5.0-d6d58d0-SNAPSHOT.jar:/home/user/.m2/repository/org/apache/ratis/ratis-netty/0.5.0-d6d58d0-SNAPSHOT/ratis-netty-0.5.0-d6d58d0-SNAPSHOT.jar:/home/user/.m2/repository/org/apache/ratis/ratis-grpc/0.5.0-d6d58d0-SNAPSHOT/ratis-grpc-0.5.0-d6d58d0-SNAPSHOT.jar:/home/user/.m2/repository/org/rocksdb/rocksdbjni/6.0.1/rocksdbjni-6.0.1.jar:/home/user/.m2/repository/org/apache/logging/log4j/log4j-api/2.11.0/log4j-api-2.11.0.jar:/home/user/.m2/repository/org/apache/logging/log4j/log4j-core/2.11.0/log4j-core-2.11.0.jar:/home/user/.m2/repository/com/lmax/disruptor/3.4.2/disruptor-3.4.2.jar:/home/user/.m2/repository/org/apache/commons/commons-pool2/2.6.0/commons-pool2-2.6.0.jar:/home/user/.m2/repository/org/bouncycastle/bcpkix-jdk15on/1.60/bcpkix-jdk15on-1.60.jar:/home/user/.m2/repository/commons-validator/commons-validator/1.6/commons-validator-1.6.jar:/home/user/.m2/repository/commons-digester/commons-digester/1.8.1/commons-digester-1.8.1.jar:/home/user/.m2/repository/io/jaegertracing/jaeger-client/0.34.0/jaeger-client-0.34.0.jar:/home/user/.m2/repository/io/jaegertracing/jaeger-thrift/0.34.0/jaeger-thrift-0.34.0.jar:/home/user/.m2/repository/org/apache/thrift/libthrift/0.12.0/libthrift-0.12.0.jar:/home/user/.m2/repository/com/squareup/okhttp3/okhttp/3.9.0/okhttp-3.9.0.jar:/home/user/.m2/repository/com/squareup/okio/okio/1.13.0/okio-1.13.0.jar:/home/user/.m2/repository/io/jaegertracing/jaeger-core/0.34.0/jaeger-core-0.34.0.jar:/home/user/.m2/repository/io/jaegertracing/jaeger-tracerresolver/0.34.0/jaeger-tracerresolver-0.34.0.jar:/home/user/.m2/repository/io/opentracing/contrib/opentracing-tracerresolver/0.1.5/opentracing-tracerresolver-0.1.5.jar:/home/user/.m2/repository/io/opentracing/opentracing-util/0.31.0/opentracing-util-0.31.0.jar:/home/user/.m2/repository/io/opentracing/opentracing-api/0.31.0/opentracing-api-0.31.0.jar:/home/user/.m2/repository/io/opentracing/opentracing-noop/0.31.0/opentracing-noop-0.31.0.jar:/home/user/.m2/repository/org/yaml/snakeyaml/1.16/snakeyaml-1.16.jar:/home/user/.m2/repository/org/apache/hadoop/hadoop-hdds-container-service/0.5.0-SNAPSHOT/hadoop-hdds-container-service-0.5.0-SNAPSHOT.jar:/home/user/.m2/repository/org/apache/hadoop/hadoop-hdds-client/0.5.0-SNAPSHOT/hadoop-hdds-client-0.5.0-SNAPSHOT.jar:/home/user/.m2/repository/org/apache/hadoop/hadoop-hdds-tools/0.5.0-SNAPSHOT/hadoop-hdds-tools-0.5.0-SNAPSHOT.jar:/home/user/.m2/repository/org/xerial/sqlite-jdbc/3.25.2/sqlite-jdbc-3.25.2.jar:/home/user/.m2/repository/org/apache/hadoop/hadoop-hdds-server-scm/0.5.0-SNAPSHOT/hadoop-hdds-server-scm-0.5.0-SNAPSHOT.jar:/home/user/.m2/repository/org/hamcrest/hamcrest-all/1.3/hamcrest-all-1.3.jar:/home/user/.m2/repository/info/picocli/picocli/3.9.6/picocli-3.9.6.jar:/home/user/.m2/repository/com/google/protobuf/protobuf-java/2.5.0/protobuf-java-2.5.0.jar:/home/user/.m2/repository/com/google/guava/guava/11.0.2/guava-11.0.2.jar:/home/user/.m2/repository/org/apache/hadoop/hadoop-ozone-client/0.5.0-SNAPSHOT/hadoop-ozone-client-0.5.0-SNAPSHOT.jar:/workdir/hadoop-ozone/ozonefs/target/classes:/home/user/.m2/repository/org/apache/httpcomponents/httpclient/4.5.2/httpclient-4.5.2.jar:/home/user/.m2/repository/org/apache/httpcomponents/httpcore/4.4.4/httpcore-4.4.4.jar:/home/user/.m2/repository/org/apache/hadoop/hadoop-hdds-server-framework/0.5.0-SNAPSHOT/hadoop-hdds-server-framework-0.5.0-SNAPSHOT.jar:/home/user/.m2/repository/org/apache/hadoop/hadoop-common/3.2.0/hadoop-common-3.2.0.jar:/home/user/.m2/repository/org/apache/hadoop/hadoop-annotations/3.2.0/hadoop-annotations-3.2.0.jar:/usr/lib/jvm/java-1.8.0-openjdk-1.8.0.222.b10-1.el7_7.x86_64/jre/../lib/tools.jar:/home/user/.m2/repository/commons-cli/commons-cli/1.2/commons-cli-1.2.jar:/home/user/.m2/repository/org/apache/commons/commons-math3/3.1.1/commons-math3-3.1.1.jar:/home/user/.m2/repository/commons-codec/commons-codec/1.11/commons-codec-1.11.jar:/home/user/.m2/repository/commons-io/commons-io/2.5/commons-io-2.5.jar:/home/user/.m2/repository/commons-net/commons-net/3.6/commons-net-3.6.jar:/home/user/.m2/repository/commons-collections/commons-collections/3.2.2/commons-collections-3.2.2.jar:/home/user/.m2/repository/javax/servlet/javax.servlet-api/3.1.0/javax.servlet-api-3.1.0.jar:/home/user/.m2/repository/org/eclipse/jetty/jetty-server/9.3.25.v20180904/jetty-server-9.3.25.v20180904.jar:/home/user/.m2/repository/org/eclipse/jetty/jetty-http/9.3.25.v20180904/jetty-http-9.3.25.v20180904.jar:/home/user/.m2/repository/org/eclipse/jetty/jetty-io/9.3.25.v20180904/jetty-io-9.3.25.v20180904.jar:/home/user/.m2/repository/org/eclipse/jetty/jetty-util/9.3.25.v20180904/jetty-util-9.3.25.v20180904.jar:/home/user/.m2/repository/org/eclipse/jetty/jetty-servlet/9.3.25.v20180904/jetty-servlet-9.3.25.v20180904.jar:/home/user/.m2/repository/org/eclipse/jetty/jetty-security/9.3.25.v20180904/jetty-security-9.3.25.v20180904.jar:/home/user/.m2/repository/org/eclipse/jetty/jetty-webapp/9.3.25.v20180904/jetty-webapp-9.3.25.v20180904.jar:/home/user/.m2/repository/org/eclipse/jetty/jetty-xml/9.3.25.v20180904/jetty-xml-9.3.25.v20180904.jar:/home/user/.m2/repository/javax/servlet/jsp/jsp-api/2.1/jsp-api-2.1.jar:/home/user/.m2/repository/com/sun/jersey/jersey-core/1.19/jersey-core-1.19.jar:/home/user/.m2/repository/javax/ws/rs/jsr311-api/1.1.1/jsr311-api-1.1.1.jar:/home/user/.m2/repository/com/sun/jersey/jersey-servlet/1.19/jersey-servlet-1.19.jar:/home/user/.m2/repository/com/sun/jersey/jersey-json/1.19/jersey-json-1.19.jar:/home/user/.m2/repository/org/codehaus/jettison/jettison/1.1/jettison-1.1.jar:/home/user/.m2/repository/com/sun/xml/bind/jaxb-impl/2.3.0.1/jaxb-impl-2.3.0.1.jar:/home/user/.m2/repository/org/codehaus/jackson/jackson-core-asl/1.9.13/jackson-core-asl-1.9.13.jar:/home/user/.m2/repository/org/codehaus/jackson/jackson-mapper-asl/1.9.13/jackson-mapper-asl-1.9.13.jar:/home/user/.m2/repository/org/codehaus/jackson/jackson-jaxrs/1.9.13/jackson-jaxrs-1.9.13.jar:/home/user/.m2/repository/org/codehaus/jackson/jackson-xc/1.9.13/jackson-xc-1.9.13.jar:/home/user/.m2/repository/com/sun/jersey/jersey-server/1.19/jersey-server-1.19.jar:/home/user/.m2/repository/commons-logging/commons-logging/1.1.3/commons-logging-1.1.3.jar:/home/user/.m2/repository/log4j/log4j/1.2.17/log4j-1.2.17.jar:/home/user/.m2/repository/commons-beanutils/commons-beanutils/1.9.4/commons-beanutils-1.9.4.jar:/home/user/.m2/repository/org/apache/commons/commons-configuration2/2.1.1/commons-configuration2-2.1.1.jar:/home/user/.m2/repository/org/apache/commons/commons-lang3/3.7/commons-lang3-3.7.jar:/home/user/.m2/repository/org/apache/commons/commons-text/1.4/commons-text-1.4.jar:/home/user/.m2/repository/org/slf4j/slf4j-api/1.7.25/slf4j-api-1.7.25.jar:/home/user/.m2/repository/org/slf4j/slf4j-log4j12/1.7.25/slf4j-log4j12-1.7.25.jar:/home/user/.m2/repository/org/apache/avro/avro/1.7.7/avro-1.7.7.jar:/home/user/.m2/repository/com/thoughtworks/paranamer/paranamer/2.3/paranamer-2.3.jar:/home/user/.m2/repository/org/xerial/snappy/snappy-java/1.0.5/snappy-java-1.0.5.jar:/home/user/.m2/repository/com/google/re2j/re2j/1.1/re2j-1.1.jar:/home/user/.m2/repository/com/google/code/gson/gson/2.2.4/gson-2.2.4.jar:/home/user/.m2/repository/org/apache/hadoop/hadoop-auth/3.2.0/hadoop-auth-3.2.0.jar:/home/user/.m2/repository/com/nimbusds/nimbus-jose-jwt/4.41.1/nimbus-jose-jwt-4.41.1.jar:/home/user/.m2/repository/com/github/stephenc/jcip/jcip-annotations/1.0-1/jcip-annotations-1.0-1.jar:/home/user/.m2/repository/net/minidev/json-smart/2.3/json-smart-2.3.jar:/home/user/.m2/repository/net/minidev/accessors-smart/1.2/accessors-smart-1.2.jar:/home/user/.m2/repository/org/apache/curator/curator-framework/2.12.0/curator-framework-2.12.0.jar:/home/user/.m2/repository/com/jcraft/jsch/0.1.54/jsch-0.1.54.jar:/home/user/.m2/repository/org/apache/curator/curator-client/2.12.0/curator-client-2.12.0.jar:/home/user/.m2/repository/org/apache/curator/curator-recipes/2.12.0/curator-recipes-2.12.0.jar:/home/user/.m2/repository/com/google/code/findbugs/jsr305/3.0.0/jsr305-3.0.0.jar:/home/user/.m2/repository/org/apache/htrace/htrace-core4/4.1.0-incubating/htrace-core4-4.1.0-incubating.jar:/home/user/.m2/repository/org/apache/zookeeper/zookeeper/3.4.13/zookeeper-3.4.13.jar:/home/user/.m2/repository/jline/jline/0.9.94/jline-0.9.94.jar:/home/user/.m2/repository/org/apache/yetus/audience-annotations/0.5.0/audience-annotations-0.5.0.jar:/home/user/.m2/repository/org/apache/kerby/kerb-simplekdc/1.0.1/kerb-simplekdc-1.0.1.jar:/home/user/.m2/repository/org/apache/kerby/kerb-client/1.0.1/kerb-client-1.0.1.jar:/home/user/.m2/repository/org/apache/kerby/kerby-config/1.0.1/kerby-config-1.0.1.jar:/home/user/.m2/repository/org/apache/kerby/kerb-core/1.0.1/kerb-core-1.0.1.jar:/home/user/.m2/repository/org/apache/kerby/kerby-pkix/1.0.1/kerby-pkix-1.0.1.jar:/home/user/.m2/repository/org/apache/kerby/kerby-asn1/1.0.1/kerby-asn1-1.0.1.jar:/home/user/.m2/repository/org/apache/kerby/kerby-util/1.0.1/kerby-util-1.0.1.jar:/home/user/.m2/repository/org/apache/kerby/kerb-common/1.0.1/kerb-common-1.0.1.jar:/home/user/.m2/repository/org/apache/kerby/kerb-crypto/1.0.1/kerb-crypto-1.0.1.jar:/home/user/.m2/repository/org/apache/kerby/kerb-util/1.0.1/kerb-util-1.0.1.jar:/home/user/.m2/repository/org/apache/kerby/token-provider/1.0.1/token-provider-1.0.1.jar:/home/user/.m2/repository/org/apache/kerby/kerb-admin/1.0.1/kerb-admin-1.0.1.jar:/home/user/.m2/repository/org/apache/kerby/kerb-server/1.0.1/kerb-server-1.0.1.jar:/home/user/.m2/repository/org/apache/kerby/kerb-identity/1.0.1/kerb-identity-1.0.1.jar:/home/user/.m2/repository/org/apache/kerby/kerby-xdr/1.0.1/kerby-xdr-1.0.1.jar:/home/user/.m2/repository/com/fasterxml/jackson/core/jackson-databind/2.9.9/jackson-databind-2.9.9.jar:/home/user/.m2/repository/com/fasterxml/jackson/core/jackson-core/2.9.9/jackson-core-2.9.9.jar:/home/user/.m2/repository/org/codehaus/woodstox/stax2-api/3.1.4/stax2-api-3.1.4.jar:/home/user/.m2/repository/com/fasterxml/woodstox/woodstox-core/5.0.3/woodstox-core-5.0.3.jar:/home/user/.m2/repository/dnsjava/dnsjava/2.1.7/dnsjava-2.1.7.jar:/home/user/.m2/repository/org/apache/hadoop/hadoop-hdfs/3.2.0/hadoop-hdfs-3.2.0.jar:/home/user/.m2/repository/org/eclipse/jetty/jetty-util-ajax/9.3.25.v20180904/jetty-util-ajax-9.3.25.v20180904.jar:/home/user/.m2/repository/commons-daemon/commons-daemon/1.0.13/commons-daemon-1.0.13.jar:/home/user/.m2/repository/io/netty/netty/3.10.5.Final/netty-3.10.5.Final.jar:/home/user/.m2/repository/io/netty/netty-all/4.0.52.Final/netty-all-4.0.52.Final.jar:/home/user/.m2/repository/org/fusesource/leveldbjni/leveldbjni-all/1.8/leveldbjni-all-1.8.jar:/home/user/.m2/repository/com/sun/xml/bind/jaxb-core/2.3.0.1/jaxb-core-2.3.0.1.jar:/home/user/.m2/repository/javax/xml/bind/jaxb-api/2.3.0/jaxb-api-2.3.0.jar:/home/user/.m2/repository/javax/activation/activation/1.1.1/activation-1.1.1.jar:/home/user/.m2/repository/org/openjdk/jmh/jmh-core/1.19/jmh-core-1.19.jar:/home/user/.m2/repository/net/sf/jopt-simple/jopt-simple/4.6/jopt-simple-4.6.jar:/home/user/.m2/repository/org/openjdk/jmh/jmh-generator-annprocess/1.19/jmh-generator-annprocess-1.19.jar:/home/user/.m2/repository/io/dropwizard/metrics/metrics-core/3.2.4/metrics-core-3.2.4.jar:/home/user/.m2/repository/com/amazonaws/aws-java-sdk-s3/1.11.615/aws-java-sdk-s3-1.11.615.jar:/home/user/.m2/repository/com/amazonaws/aws-java-sdk-kms/1.11.615/aws-java-sdk-kms-1.11.615.jar:/home/user/.m2/repository/com/amazonaws/aws-java-sdk-core/1.11.615/aws-java-sdk-core-1.11.615.jar:/home/user/.m2/repository/software/amazon/ion/ion-java/1.0.2/ion-java-1.0.2.jar:/home/user/.m2/repository/com/fasterxml/jackson/dataformat/jackson-dataformat-cbor/2.9.9/jackson-dataformat-cbor-2.9.9.jar:/home/user/.m2/repository/joda-time/joda-time/2.9.9/joda-time-2.9.9.jar:/home/user/.m2/repository/com/amazonaws/jmespath-java/1.11.615/jmespath-java-1.11.615.jar:/home/user/.m2/repository/com/github/spotbugs/spotbugs/3.1.12/spotbugs-3.1.12.jar:/home/user/.m2/repository/org/ow2/asm/asm/5.0.4/asm-5.0.4.jar:/home/user/.m2/repository/org/ow2/asm/asm-analysis/7.0/asm-analysis-7.0.jar:/home/user/.m2/repository/org/ow2/asm/asm-commons/7.0/asm-commons-7.0.jar:/home/user/.m2/repository/org/ow2/asm/asm-tree/7.0/asm-tree-7.0.jar:/home/user/.m2/repository/org/ow2/asm/asm-util/7.0/asm-util-7.0.jar:/home/user/.m2/repository/org/apache/bcel/bcel/6.3/bcel-6.3.jar:/home/user/.m2/repository/net/jcip/jcip-annotations/1.0/jcip-annotations-1.0.jar:/home/user/.m2/repository/org/dom4j/dom4j/2.1.1/dom4j-2.1.1.jar:/home/user/.m2/repository/jaxen/jaxen/1.1.6/jaxen-1.1.6.jar:/home/user/.m2/repository/commons-lang/commons-lang/2.6/commons-lang-2.6.jar:/home/user/.m2/repository/com/github/spotbugs/spotbugs-annotations/3.1.12/spotbugs-annotations-3.1.12.jar:/home/user/.m2/repository/junit/junit/4.11/junit-4.11.jar:/home/user/.m2/repository/org/hamcrest/hamcrest-core/1.3/hamcrest-core-1.3.jar:/home/user/.m2/repository/org/apache/hadoop/hadoop-common/3.2.0/hadoop-common-3.2.0-tests.jar:/workdir/hadoop-ozone/integration-test/target/test-classes:/home/user/.m2/repository/org/apache/hadoop/hadoop-ozone-s3gateway/0.5.0-SNAPSHOT/hadoop-ozone-s3gateway-0.5.0-SNAPSHOT.jar:/home/user/.m2/repository/org/jboss/weld/servlet/weld-servlet/2.4.7.Final/weld-servlet-2.4.7.Final.jar:/home/user/.m2/repository/org/glassfish/jersey/containers/jersey-container-servlet-core/2.27/jersey-container-servlet-core-2.27.jar:/home/user/.m2/repository/org/glassfish/hk2/external/javax.inject/2.5.0-b42/javax.inject-2.5.0-b42.jar:/home/user/.m2/repository/org/glassfish/jersey/core/jersey-common/2.27/jersey-common-2.27.jar:/home/user/.m2/repository/org/glassfish/hk2/osgi-resource-locator/1.0.1/osgi-resource-locator-1.0.1.jar:/home/user/.m2/repository/javax/ws/rs/javax.ws.rs-api/2.1/javax.ws.rs-api-2.1.jar:/home/user/.m2/repository/org/glassfish/jersey/ext/cdi/jersey-cdi1x/2.27/jersey-cdi1x-2.27.jar:/home/user/.m2/repository/org/glassfish/jersey/inject/jersey-hk2/2.27/jersey-hk2-2.27.jar:/home/user/.m2/repository/org/glassfish/hk2/hk2-locator/2.5.0-b42/hk2-locator-2.5.0-b42.jar:/home/user/.m2/repository/org/javassist/javassist/3.22.0-CR2/javassist-3.22.0-CR2.jar:/home/user/.m2/repository/org/glassfish/hk2/hk2-api/2.5.0/hk2-api-2.5.0.jar:/home/user/.m2/repository/org/glassfish/hk2/external/jakarta.inject/2.5.0/jakarta.inject-2.5.0.jar:/home/user/.m2/repository/org/glassfish/hk2/hk2-utils/2.5.0/hk2-utils-2.5.0.jar:/home/user/.m2/repository/jakarta/annotation/jakarta.annotation-api/1.3.4/jakarta.annotation-api-1.3.4.jar:/home/user/.m2/repository/org/glassfish/hk2/external/aopalliance-repackaged/2.5.0/aopalliance-repackaged-2.5.0.jar:/home/user/.m2/repository/com/fasterxml/jackson/dataformat/jackson-dataformat-xml/2.9.0/jackson-dataformat-xml-2.9.0.jar:/home/user/.m2/repository/com/fasterxml/jackson/module/jackson-module-jaxb-annotations/2.9.9/jackson-module-jaxb-annotations-2.9.9.jar:/home/user/.m2/repository/javax/enterprise/cdi-api/1.2/cdi-api-1.2.jar:/home/user/.m2/repository/javax/el/javax.el-api/3.0.0/javax.el-api-3.0.0.jar:/home/user/.m2/repository/javax/interceptor/javax.interceptor-api/1.2/javax.interceptor-api-1.2.jar:/home/user/.m2/repository/javax/inject/javax.inject/1/javax.inject-1.jar:/home/user/.m2/repository/org/apache/hadoop/hadoop-ozone-csi/0.5.0-SNAPSHOT/hadoop-ozone-csi-0.5.0-SNAPSHOT.jar:/home/user/.m2/repository/com/google/protobuf/protobuf-java-util/3.5.1/protobuf-java-util-3.5.1.jar:/home/user/.m2/repository/io/grpc/grpc-netty/1.17.1/grpc-netty-1.17.1.jar:/home/user/.m2/repository/io/grpc/grpc-core/1.17.1/grpc-core-1.17.1.jar:/home/user/.m2/repository/io/grpc/grpc-context/1.17.1/grpc-context-1.17.1.jar:/home/user/.m2/repository/com/google/errorprone/error_prone_annotations/2.2.0/error_prone_annotations-2.2.0.jar:/home/user/.m2/repository/org/codehaus/mojo/animal-sniffer-annotations/1.17/animal-sniffer-annotations-1.17.jar:/home/user/.m2/repository/io/opencensus/opencensus-api/0.17.0/opencensus-api-0.17.0.jar:/home/user/.m2/repository/io/opencensus/opencensus-contrib-grpc-metrics/0.17.0/opencensus-contrib-grpc-metrics-0.17.0.jar:/home/user/.m2/repository/io/netty/netty-codec-http2/4.1.30.Final/netty-codec-http2-4.1.30.Final.jar:/home/user/.m2/repository/io/netty/netty-codec-http/4.1.30.Final/netty-codec-http-4.1.30.Final.jar:/home/user/.m2/repository/io/netty/netty-codec/4.1.30.Final/netty-codec-4.1.30.Final.jar:/home/user/.m2/repository/io/netty/netty-handler/4.1.30.Final/netty-handler-4.1.30.Final.jar:/home/user/.m2/repository/io/netty/netty-handler-proxy/4.1.30.Final/netty-handler-proxy-4.1.30.Final.jar:/home/user/.m2/repository/io/netty/netty-codec-socks/4.1.30.Final/netty-codec-socks-4.1.30.Final.jar:/home/user/.m2/repository/io/netty/netty-transport-native-epoll/4.1.30.Final/netty-transport-native-epoll-4.1.30.Final.jar:/home/user/.m2/repository/io/netty/netty-common/4.1.30.Final/netty-common-4.1.30.Final.jar:/home/user/.m2/repository/io/netty/netty-buffer/4.1.30.Final/netty-buffer-4.1.30.Final.jar:/home/user/.m2/repository/io/netty/netty-transport/4.1.30.Final/netty-transport-4.1.30.Final.jar:/home/user/.m2/repository/io/netty/netty-resolver/4.1.30.Final/netty-resolver-4.1.30.Final.jar:/home/user/.m2/repository/io/netty/netty-transport-native-unix-common/4.1.30.Final/netty-transport-native-unix-common-4.1.30.Final.jar:/home/user/.m2/repository/io/grpc/grpc-protobuf/1.17.1/grpc-protobuf-1.17.1.jar:/home/user/.m2/repository/com/google/api/grpc/proto-google-common-protos/1.0.0/proto-google-common-protos-1.0.0.jar:/home/user/.m2/repository/io/grpc/grpc-protobuf-lite/1.17.1/grpc-protobuf-lite-1.17.1.jar:/home/user/.m2/repository/io/grpc/grpc-stub/1.17.1/grpc-stub-1.17.1.jar:/home/user/.m2/repository/org/apache/hadoop/hadoop-ozone-recon/0.5.0-SNAPSHOT/hadoop-ozone-recon-0.5.0-SNAPSHOT.jar:/home/user/.m2/repository/org/apache/hadoop/hadoop-ozone-reconcodegen/0.5.0-SNAPSHOT/hadoop-ozone-reconcodegen-0.5.0-SNAPSHOT.jar:/home/user/.m2/repository/com/google/inject/extensions/guice-multibindings/4.0/guice-multibindings-4.0.jar:/home/user/.m2/repository/com/google/inject/guice/4.0/guice-4.0.jar:/home/user/.m2/repository/aopalliance/aopalliance/1.0/aopalliance-1.0.jar:/home/user/.m2/repository/com/google/inject/extensions/guice-servlet/4.0/guice-servlet-4.0.jar:/home/user/.m2/repository/org/glassfish/jersey/containers/jersey-container-servlet/2.27/jersey-container-servlet-2.27.jar:/home/user/.m2/repository/org/glassfish/hk2/guice-bridge/2.5.0/guice-bridge-2.5.0.jar:/home/user/.m2/repository/org/glassfish/jersey/core/jersey-server/2.27/jersey-server-2.27.jar:/home/user/.m2/repository/org/glassfish/jersey/core/jersey-client/2.27/jersey-client-2.27.jar:/home/user/.m2/repository/org/glassfish/jersey/media/jersey-media-jaxb/2.27/jersey-media-jaxb-2.27.jar:/home/user/.m2/repository/javax/validation/validation-api/1.1.0.Final/validation-api-1.1.0.Final.jar:/home/user/.m2/repository/org/glassfish/jersey/media/jersey-media-json-jackson/2.27/jersey-media-json-jackson-2.27.jar:/home/user/.m2/repository/org/glassfish/jersey/ext/jersey-entity-filtering/2.27/jersey-entity-filtering-2.27.jar:/home/user/.m2/repository/com/google/inject/extensions/guice-assistedinject/4.0/guice-assistedinject-4.0.jar:/home/user/.m2/repository/org/jooq/jooq/3.11.10/jooq-3.11.10.jar:/home/user/.m2/repository/org/jooq/jooq-meta/3.11.10/jooq-meta-3.11.10.jar:/home/user/.m2/repository/org/jooq/jooq-codegen/3.11.10/jooq-codegen-3.11.10.jar:/home/user/.m2/repository/com/jolbox/bonecp/0.8.0.RELEASE/bonecp-0.8.0.RELEASE.jar:/home/user/.m2/repository/org/springframework/spring-jdbc/5.1.3.RELEASE/spring-jdbc-5.1.3.RELEASE.jar:/home/user/.m2/repository/org/springframework/spring-beans/5.1.3.RELEASE/spring-beans-5.1.3.RELEASE.jar:/home/user/.m2/repository/org/springframework/spring-core/5.1.3.RELEASE/spring-core-5.1.3.RELEASE.jar:/home/user/.m2/repository/org/springframework/spring-jcl/5.1.3.RELEASE/spring-jcl-5.1.3.RELEASE.jar:/home/user/.m2/repository/org/springframework/spring-tx/5.1.3.RELEASE/spring-tx-5.1.3.RELEASE.jar:/home/user/.m2/repository/org/mockito/mockito-core/2.15.0/mockito-core-2.15.0.jar:/home/user/.m2/repository/net/bytebuddy/byte-buddy/1.7.9/byte-buddy-1.7.9.jar:/home/user/.m2/repository/net/bytebuddy/byte-buddy-agent/1.7.9/byte-buddy-agent-1.7.9.jar:/home/user/.m2/repository/org/objenesis/objenesis/1.0/objenesis-1.0.jar:"/>
    <property name="sun.cpu.endian" value="little"/>
    <property name="user.home" value="/home/user"/>
    <property name="user.language" value="en"/>
    <property name="java.specification.vendor" value="Oracle Corporation"/>
    <property name="java.home" value="/usr/lib/jvm/java-1.8.0-openjdk-1.8.0.222.b10-1.el7_7.x86_64/jre"/>
    <property name="surefire.excludesFile" value="/tools/ozone-bad-unit-tests"/>
    <property name="java.security.krb5.conf" value="/workdir/hadoop-ozone/tools/target/test-classes/krb5.conf"/>
    <property name="basedir" value="/workdir/hadoop-ozone/tools"/>
    <property name="file.separator" value="/"/>
    <property name="line.separator" value="&#10;"/>
    <property name="java.vm.specification.vendor" value="Oracle Corporation"/>
    <property name="java.specification.name" value="Java Platform API Specification"/>
    <property name="java.awt.graphicsenv" value="sun.awt.X11GraphicsEnvironment"/>
    <property name="surefire.real.class.path" value="/workdir/hadoop-ozone/tools/target/surefire/surefirebooter6607908076062832033.jar"/>
    <property name="hadoop.log.dir" value="/workdir/hadoop-ozone/tools/target/log"/>
    <property name="sun.boot.class.path" value="/usr/lib/jvm/java-1.8.0-openjdk-1.8.0.222.b10-1.el7_7.x86_64/jre/lib/resources.jar:/usr/lib/jvm/java-1.8.0-openjdk-1.8.0.222.b10-1.el7_7.x86_64/jre/lib/rt.jar:/usr/lib/jvm/java-1.8.0-openjdk-1.8.0.222.b10-1.el7_7.x86_64/jre/lib/sunrsasign.jar:/usr/lib/jvm/java-1.8.0-openjdk-1.8.0.222.b10-1.el7_7.x86_64/jre/lib/jsse.jar:/usr/lib/jvm/java-1.8.0-openjdk-1.8.0.222.b10-1.el7_7.x86_64/jre/lib/jce.jar:/usr/lib/jvm/java-1.8.0-openjdk-1.8.0.222.b10-1.el7_7.x86_64/jre/lib/charsets.jar:/usr/lib/jvm/java-1.8.0-openjdk-1.8.0.222.b10-1.el7_7.x86_64/jre/lib/jfr.jar:/usr/lib/jvm/java-1.8.0-openjdk-1.8.0.222.b10-1.el7_7.x86_64/jre/classes"/>
    <property name="sun.management.compiler" value="HotSpot 64-Bit Tiered Compilers"/>
    <property name="java.runtime.version" value="1.8.0_222-b10"/>
    <property name="java.net.preferIPv4Stack" value="true"/>
    <property name="user.name" value="jenkins1000"/>
    <property name="path.separator" value=":"/>
    <property name="java.security.egd" value="file:///dev/urandom"/>
    <property name="os.version" value="3.10.0-957.12.2.el7.x86_64"/>
    <property name="java.endorsed.dirs" value="/usr/lib/jvm/java-1.8.0-openjdk-1.8.0.222.b10-1.el7_7.x86_64/jre/lib/endorsed"/>
    <property name="java.runtime.name" value="OpenJDK Runtime Environment"/>
    <property name="file.encoding" value="ANSI_X3.4-1968"/>
    <property name="java.vm.name" value="OpenJDK 64-Bit Server VM"/>
    <property name="test.build.webapps" value=""/>
    <property name="localRepository" value="/home/user/.m2/repository"/>
    <property name="java.vendor.url.bug" value="http://bugreport.sun.com/bugreport/"/>
    <property name="java.io.tmpdir" value="/tmp"/>
    <property name="require.test.libhadoop" value=""/>
    <property name="java.version" value="1.8.0_222"/>
    <property name="user.dir" value="/workdir/hadoop-ozone/tools"/>
    <property name="os.arch" value="amd64"/>
    <property name="java.vm.specification.name" value="Java Virtual Machine Specification"/>
    <property name="test.build.classes" value="/workdir/hadoop-ozone/tools/target/test-classes"/>
    <property name="java.awt.printerjob" value="sun.print.PSPrinterJob"/>
    <property name="sun.os.patch.level" value="unknown"/>
    <property name="hadoop.tmp.dir" value="/workdir/hadoop-ozone/tools/target/tmp"/>
    <property name="java.library.path" value="/usr/lib:/workdir/hadoop-ozone/tools/target/native/target/usr/local/lib:/workdir/hadoop-ozone/tools/../../hadoop-common-project/hadoop-common/target/native/target/usr/local/lib:/usr/java/packages/lib/amd64:/usr/lib64:/lib64:/lib:/usr/lib"/>
    <property name="java.vm.info" value="mixed mode"/>
    <property name="java.vendor" value="Oracle Corporation"/>
    <property name="java.vm.version" value="25.222-b10"/>
    <property name="java.ext.dirs" value="/usr/lib/jvm/java-1.8.0-openjdk-1.8.0.222.b10-1.el7_7.x86_64/jre/lib/ext:/usr/java/packages/lib/ext"/>
    <property name="sun.io.unicode.encoding" value="UnicodeLittle"/>
    <property name="java.class.version" value="52.0"/>
  </properties>
  <testcase name="testRestart" classname="org.apache.hadoop.ozone.freon.TestFreonWithPipelineDestroy" time="32.296">
    <error message="INTERNAL_ERROR org.apache.hadoop.ozone.om.exceptions.OMException: Allocated 1 blocks. Requested 5 blocks" type="java.lang.RuntimeException">java.lang.RuntimeException: INTERNAL_ERROR org.apache.hadoop.ozone.om.exceptions.OMException: Allocated 1 blocks. Requested 5 blocks
	at org.apache.hadoop.ozone.freon.RandomKeyGenerator.call(RandomKeyGenerator.java:341)
	at org.apache.hadoop.ozone.freon.TestFreonWithPipelineDestroy.startFreon(TestFreonWithPipelineDestroy.java:87)
	at org.apache.hadoop.ozone.freon.TestFreonWithPipelineDestroy.testRestart(TestFreonWithPipelineDestroy.java:74)
	at sun.reflect.NativeMethodAccessorImpl.invoke0(Native Method)
	at sun.reflect.NativeMethodAccessorImpl.invoke(NativeMethodAccessorImpl.java:62)
	at sun.reflect.DelegatingMethodAccessorImpl.invoke(DelegatingMethodAccessorImpl.java:43)
	at java.lang.reflect.Method.invoke(Method.java:498)
	at org.junit.runners.model.FrameworkMethod$1.runReflectiveCall(FrameworkMethod.java:47)
	at org.junit.internal.runners.model.ReflectiveCallable.run(ReflectiveCallable.java:12)
	at org.junit.runners.model.FrameworkMethod.invokeExplosively(FrameworkMethod.java:44)
	at org.junit.internal.runners.statements.InvokeMethod.evaluate(InvokeMethod.java:17)
	at org.junit.runners.ParentRunner.runLeaf(ParentRunner.java:271)
	at org.junit.runners.BlockJUnit4ClassRunner.runChild(BlockJUnit4ClassRunner.java:70)
	at org.junit.runners.BlockJUnit4ClassRunner.runChild(BlockJUnit4ClassRunner.java:50)
	at org.junit.runners.ParentRunner$3.run(ParentRunner.java:238)
	at org.junit.runners.ParentRunner$1.schedule(ParentRunner.java:63)
	at org.junit.runners.ParentRunner.runChildren(ParentRunner.java:236)
	at org.junit.runners.ParentRunner.access$000(ParentRunner.java:53)
	at org.junit.runners.ParentRunner$2.evaluate(ParentRunner.java:229)
	at org.junit.internal.runners.statements.RunBefores.evaluate(RunBefores.java:26)
	at org.junit.internal.runners.statements.RunAfters.evaluate(RunAfters.java:27)
	at org.junit.runners.ParentRunner.run(ParentRunner.java:309)
	at org.apache.maven.surefire.junit4.JUnit4Provider.execute(JUnit4Provider.java:365)
	at org.apache.maven.surefire.junit4.JUnit4Provider.executeWithRerun(JUnit4Provider.java:273)
	at org.apache.maven.surefire.junit4.JUnit4Provider.executeTestSet(JUnit4Provider.java:238)
	at org.apache.maven.surefire.junit4.JUnit4Provider.invoke(JUnit4Provider.java:159)
	at org.apache.maven.surefire.booter.ForkedBooter.invokeProviderInSameClassLoader(ForkedBooter.java:384)
	at org.apache.maven.surefire.booter.ForkedBooter.runSuitesInProcess(ForkedBooter.java:345)
	at org.apache.maven.surefire.booter.ForkedBooter.execute(ForkedBooter.java:126)
	at org.apache.maven.surefire.booter.ForkedBooter.main(ForkedBooter.java:418)
Caused by: INTERNAL_ERROR org.apache.hadoop.ozone.om.exceptions.OMException: Allocated 1 blocks. Requested 5 blocks
	at org.apache.hadoop.ozone.om.protocolPB.OzoneManagerProtocolClientSideTranslatorPB.handleError(OzoneManagerProtocolClientSideTranslatorPB.java:761)
	at org.apache.hadoop.ozone.om.protocolPB.OzoneManagerProtocolClientSideTranslatorPB.openKey(OzoneManagerProtocolClientSideTranslatorPB.java:752)
	at sun.reflect.NativeMethodAccessorImpl.invoke0(Native Method)
	at sun.reflect.NativeMethodAccessorImpl.invoke(NativeMethodAccessorImpl.java:62)
	at sun.reflect.DelegatingMethodAccessorImpl.invoke(DelegatingMethodAccessorImpl.java:43)
	at java.lang.reflect.Method.invoke(Method.java:498)
	at org.apache.hadoop.hdds.tracing.TraceAllMethod.invoke(TraceAllMethod.java:66)
	at com.sun.proxy.$Proxy37.openKey(Unknown Source)
	at org.apache.hadoop.ozone.client.rpc.RpcClient.createKey(RpcClient.java:634)
	at org.apache.hadoop.ozone.client.OzoneBucket.createKey(OzoneBucket.java:325)
	at org.apache.hadoop.ozone.freon.RandomKeyGenerator.createKey(RandomKeyGenerator.java:697)
	at org.apache.hadoop.ozone.freon.RandomKeyGenerator.access$1100(RandomKeyGenerator.java:88)
	at org.apache.hadoop.ozone.freon.RandomKeyGenerator$ObjectCreator.run(RandomKeyGenerator.java:615)
	at java.util.concurrent.Executors$RunnableAdapter.call(Executors.java:511)
	at java.util.concurrent.FutureTask.run(FutureTask.java:266)
	at java.util.concurrent.ThreadPoolExecutor.runWorker(ThreadPoolExecutor.java:1149)
	at java.util.concurrent.ThreadPoolExecutor$Worker.run(ThreadPoolExecutor.java:624)
	at java.lang.Thread.run(Thread.java:748)
</error>
    <system-out><![CDATA[2019-11-13 21:55:07,099 [main] WARN  server.ServerUtils (ServerUtils.java:getScmDbDir(145)) - ozone.scm.db.dirs is not configured. We recommend adding this setting. Falling back to ozone.metadata.dirs instead.
2019-11-13 21:55:07,246 [main] WARN  server.ServerUtils (ServerUtils.java:getScmDbDir(145)) - ozone.scm.db.dirs is not configured. We recommend adding this setting. Falling back to ozone.metadata.dirs instead.
2019-11-13 21:55:07,250 [main] WARN  server.ServerUtils (ServerUtils.java:getScmDbDir(145)) - ozone.scm.db.dirs is not configured. We recommend adding this setting. Falling back to ozone.metadata.dirs instead.
2019-11-13 21:55:07,278 [main] INFO  util.log (Log.java:initialized(192)) - Logging initialized @854ms
2019-11-13 21:55:07,370 [main] INFO  db.DBStoreBuilder (DBStoreBuilder.java:addTable(127)) - using custom profile for table: deletedBlocks
2019-11-13 21:55:07,370 [main] INFO  db.DBStoreBuilder (DBStoreBuilder.java:processTables(183)) - Using default column profile:DBProfile.DISK for Table:deletedBlocks
2019-11-13 21:55:07,371 [main] INFO  db.DBStoreBuilder (DBStoreBuilder.java:addTable(127)) - using custom profile for table: validCerts
2019-11-13 21:55:07,371 [main] INFO  db.DBStoreBuilder (DBStoreBuilder.java:processTables(183)) - Using default column profile:DBProfile.DISK for Table:validCerts
2019-11-13 21:55:07,371 [main] INFO  db.DBStoreBuilder (DBStoreBuilder.java:addTable(127)) - using custom profile for table: revokedCerts
2019-11-13 21:55:07,371 [main] INFO  db.DBStoreBuilder (DBStoreBuilder.java:processTables(183)) - Using default column profile:DBProfile.DISK for Table:revokedCerts
2019-11-13 21:55:07,382 [main] INFO  db.DBStoreBuilder (DBStoreBuilder.java:addTable(127)) - using custom profile for table: default
2019-11-13 21:55:07,382 [main] INFO  db.DBStoreBuilder (DBStoreBuilder.java:processTables(189)) - Using default column profile:DBProfile.DISK for Table:default
2019-11-13 21:55:07,383 [main] INFO  db.DBStoreBuilder (DBStoreBuilder.java:getDbProfile(220)) - Using default options. DBProfile.DISK
2019-11-13 21:55:07,563 [main] INFO  net.NodeSchemaLoader (NodeSchemaLoader.java:loadSchemaFromFile(125)) - Loading file from sun.misc.CompoundEnumeration@618b19ad
2019-11-13 21:55:07,564 [main] INFO  net.NodeSchemaLoader (NodeSchemaLoader.java:loadSchema(171)) - Loading network topology layer schema file
2019-11-13 21:55:07,621 [main] INFO  node.SCMNodeManager (SCMNodeManager.java:<init>(116)) - Entering startup safe mode.
2019-11-13 21:55:07,683 [main] INFO  algorithms.ContainerPlacementPolicyFactory (ContainerPlacementPolicyFactory.java:getPolicy(57)) - Create container placement policy of type org.apache.hadoop.hdds.scm.container.placement.algorithms.SCMContainerPlacementRandom
2019-11-13 21:55:07,696 [main] WARN  server.ServerUtils (ServerUtils.java:getScmDbDir(145)) - ozone.scm.db.dirs is not configured. We recommend adding this setting. Falling back to ozone.metadata.dirs instead.
2019-11-13 21:55:07,817 [main] INFO  pipeline.SCMPipelineManager (SCMPipelineManager.java:initializePipelineState(132)) - No pipeline exists in current db
2019-11-13 21:55:07,820 [main] WARN  server.ServerUtils (ServerUtils.java:getScmDbDir(145)) - ozone.scm.db.dirs is not configured. We recommend adding this setting. Falling back to ozone.metadata.dirs instead.
2019-11-13 21:55:07,926 [main] WARN  events.EventQueue (EventQueue.java:fireEvent(183)) - No event handler registered for event TypedEvent{payloadType=SafeModeStatus, name='SafeModeStatus'}
2019-11-13 21:55:08,271 [main] INFO  ipc.CallQueueManager (CallQueueManager.java:<init>(84)) - Using callQueue: class java.util.concurrent.LinkedBlockingQueue, queueCapacity: 2000, scheduler: class org.apache.hadoop.ipc.DefaultRpcScheduler, ipcBackoff: false.
2019-11-13 21:55:08,294 [Socket Reader #1 for port 45727] INFO  ipc.Server (Server.java:run(1074)) - Starting Socket Reader #1 for port 45727
2019-11-13 21:55:08,421 [main] INFO  ipc.CallQueueManager (CallQueueManager.java:<init>(84)) - Using callQueue: class java.util.concurrent.LinkedBlockingQueue, queueCapacity: 2000, scheduler: class org.apache.hadoop.ipc.DefaultRpcScheduler, ipcBackoff: false.
2019-11-13 21:55:08,422 [Socket Reader #1 for port 41741] INFO  ipc.Server (Server.java:run(1074)) - Starting Socket Reader #1 for port 41741
2019-11-13 21:55:08,430 [main] INFO  ipc.CallQueueManager (CallQueueManager.java:<init>(84)) - Using callQueue: class java.util.concurrent.LinkedBlockingQueue, queueCapacity: 2000, scheduler: class org.apache.hadoop.ipc.DefaultRpcScheduler, ipcBackoff: false.
2019-11-13 21:55:08,431 [Socket Reader #1 for port 44000] INFO  ipc.Server (Server.java:run(1074)) - Starting Socket Reader #1 for port 44000
2019-11-13 21:55:08,460 [main] INFO  hdfs.DFSUtil (DFSUtil.java:httpServerTemplateForNNAndJN(1641)) - Starting Web-server for scm at: http://0.0.0.0:0
2019-11-13 21:55:08,577 [main] INFO  server.AuthenticationFilter (AuthenticationFilter.java:constructSecretProvider(240)) - Unable to initialize FileSignerSecretProvider, falling back to use random secrets.
2019-11-13 21:55:08,593 [main] WARN  http.HttpRequestLog (HttpRequestLog.java:getRequestLog(97)) - Jetty request log can only be enabled using Log4j
2019-11-13 21:55:08,602 [main] INFO  http.HttpServer2 (HttpServer2.java:addGlobalFilter(975)) - Added global filter 'safety' (class=org.apache.hadoop.http.HttpServer2$QuotingInputFilter)
2019-11-13 21:55:08,605 [main] INFO  http.HttpServer2 (HttpServer2.java:addFilter(948)) - Added filter static_user_filter (class=org.apache.hadoop.http.lib.StaticUserWebFilter$StaticUserFilter) to context scm
2019-11-13 21:55:08,605 [main] INFO  http.HttpServer2 (HttpServer2.java:addFilter(958)) - Added filter static_user_filter (class=org.apache.hadoop.http.lib.StaticUserWebFilter$StaticUserFilter) to context static
2019-11-13 21:55:08,605 [main] INFO  http.HttpServer2 (HttpServer2.java:addFilter(958)) - Added filter static_user_filter (class=org.apache.hadoop.http.lib.StaticUserWebFilter$StaticUserFilter) to context logs
2019-11-13 21:55:08,632 [main] INFO  server.StorageContainerManager (StorageContainerManager.java:start(764)) - StorageContainerLocationProtocol RPC server is listening at /0.0.0.0:44000
2019-11-13 21:55:08,688 [main] WARN  impl.MetricsConfig (MetricsConfig.java:loadFirst(134)) - Cannot locate configuration: tried hadoop-metrics2-storagecontainermanager.properties,hadoop-metrics2.properties
2019-11-13 21:55:08,703 [main] INFO  impl.MetricsSystemImpl (MetricsSystemImpl.java:startTimer(374)) - Scheduled Metric snapshot period at 10 second(s).
2019-11-13 21:55:08,703 [main] INFO  impl.MetricsSystemImpl (MetricsSystemImpl.java:start(191)) - StorageContainerManager metrics system started
2019-11-13 21:55:08,930 [main] INFO  server.SCMClientProtocolServer (SCMClientProtocolServer.java:start(159)) - RPC server for Client  is listening at /0.0.0.0:44000
2019-11-13 21:55:08,931 [IPC Server Responder] INFO  ipc.Server (Server.java:run(1314)) - IPC Server Responder: starting
2019-11-13 21:55:08,931 [IPC Server listener on 44000] INFO  ipc.Server (Server.java:run(1153)) - IPC Server listener on 44000: starting
2019-11-13 21:55:08,933 [main] INFO  server.StorageContainerManager (StorageContainerManager.java:start(774)) - ScmBlockLocationProtocol RPC server is listening at /0.0.0.0:41741
2019-11-13 21:55:08,934 [main] INFO  server.SCMBlockProtocolServer (SCMBlockProtocolServer.java:start(146)) - RPC server for Block Protocol is listening at /0.0.0.0:41741
2019-11-13 21:55:08,934 [IPC Server Responder] INFO  ipc.Server (Server.java:run(1314)) - IPC Server Responder: starting
2019-11-13 21:55:08,934 [IPC Server listener on 41741] INFO  ipc.Server (Server.java:run(1153)) - IPC Server listener on 41741: starting
2019-11-13 21:55:08,936 [main] INFO  server.StorageContainerManager (StorageContainerManager.java:start(778)) - ScmDatanodeProtocl RPC server is listening at /0.0.0.0:45727
2019-11-13 21:55:08,937 [main] INFO  server.SCMDatanodeProtocolServer (SCMDatanodeProtocolServer.java:start(169)) - RPC server for DataNodes is listening at /0.0.0.0:45727
2019-11-13 21:55:08,938 [IPC Server Responder] INFO  ipc.Server (Server.java:run(1314)) - IPC Server Responder: starting
2019-11-13 21:55:08,938 [IPC Server listener on 45727] INFO  ipc.Server (Server.java:run(1153)) - IPC Server listener on 45727: starting
2019-11-13 21:55:08,941 [main] INFO  http.HttpServer2 (HttpServer2.java:bindListener(1191)) - Jetty bound to port 41929
2019-11-13 21:55:08,943 [main] INFO  server.Server (Server.java:doStart(351)) - jetty-9.3.25.v20180904, build timestamp: 2018-09-04T21:11:46Z, git hash: 3ce520221d0240229c862b122d2b06c12a625732
2019-11-13 21:55:08,981 [main] INFO  handler.ContextHandler (ContextHandler.java:doStart(781)) - Started o.e.j.s.ServletContextHandler@293a5f75{/logs,file:///workdir/hadoop-ozone/tools/target/log,AVAILABLE}
2019-11-13 21:55:08,982 [main] INFO  handler.ContextHandler (ContextHandler.java:doStart(781)) - Started o.e.j.s.ServletContextHandler@2dd29a59{/static,jar:file:/home/user/.m2/repository/org/apache/hadoop/hadoop-hdds-server-scm/0.5.0-SNAPSHOT/hadoop-hdds-server-scm-0.5.0-SNAPSHOT.jar!/webapps/static,AVAILABLE}
2019-11-13 21:55:09,055 [main] INFO  handler.ContextHandler (ContextHandler.java:doStart(781)) - Started o.e.j.w.WebAppContext@6815c5f2{/,file:///tmp/jetty-0.0.0.0-41929-scm-_-any-7406370177418759077.dir/webapp/,AVAILABLE}{/scm}
2019-11-13 21:55:09,060 [main] INFO  server.AbstractConnector (AbstractConnector.java:doStart(278)) - Started ServerConnector@7689ddef{HTTP/1.1,[http/1.1]}{0.0.0.0:41929}
2019-11-13 21:55:09,060 [main] INFO  server.Server (Server.java:doStart(419)) - Started @2637ms
2019-11-13 21:55:09,062 [main] INFO  impl.MetricsSinkAdapter (MetricsSinkAdapter.java:start(204)) - Sink prometheus started
2019-11-13 21:55:09,063 [main] INFO  impl.MetricsSystemImpl (MetricsSystemImpl.java:registerSink(301)) - Registered sink prometheus
2019-11-13 21:55:09,082 [main] INFO  server.BaseHttpServer (BaseHttpServer.java:updateConnectorAddress(215)) - HTTP server of SCM is listening at http://0.0.0.0:41929
2019-11-13 21:55:09,089 [org.apache.hadoop.util.JvmPauseMonitor$Monitor@27eb3298] INFO  util.JvmPauseMonitor (JvmPauseMonitor.java:run(188)) - Starting JVM pause monitor
2019-11-13 21:55:09,091 [main] WARN  server.ServerUtils (ServerUtils.java:getDBPath(222)) - ozone.om.db.dirs is not configured. We recommend adding this setting. Falling back to ozone.metadata.dirs instead.
2019-11-13 21:55:09,177 [main] INFO  ha.OMHANodeDetails (OMHANodeDetails.java:loadOMHAConfig(190)) - Configuration either no ozone.om.address set. Falling back to the default OM address /127.0.0.1:0
2019-11-13 21:55:09,177 [main] INFO  ha.OMHANodeDetails (OMHANodeDetails.java:getOMNodeDetails(220)) - OM Service ID is not set. Setting it to the default ID: omServiceIdDefault
2019-11-13 21:55:09,180 [main] WARN  server.ServerUtils (ServerUtils.java:getDBPath(222)) - ozone.om.db.dirs is not configured. We recommend adding this setting. Falling back to ozone.metadata.dirs instead.
2019-11-13 21:55:09,181 [main] WARN  server.ServerUtils (ServerUtils.java:getDBPath(222)) - ozone.om.db.dirs is not configured. We recommend adding this setting. Falling back to ozone.metadata.dirs instead.
2019-11-13 21:55:09,796 [main] WARN  server.ServerUtils (ServerUtils.java:getDBPath(222)) - ozone.om.db.dirs is not configured. We recommend adding this setting. Falling back to ozone.metadata.dirs instead.
2019-11-13 21:55:09,805 [main] INFO  db.DBStoreBuilder (DBStoreBuilder.java:addTable(127)) - using custom profile for table: userTable
2019-11-13 21:55:09,805 [main] INFO  db.DBStoreBuilder (DBStoreBuilder.java:processTables(183)) - Using default column profile:DBProfile.DISK for Table:userTable
2019-11-13 21:55:09,806 [main] INFO  db.DBStoreBuilder (DBStoreBuilder.java:addTable(127)) - using custom profile for table: volumeTable
2019-11-13 21:55:09,806 [main] INFO  db.DBStoreBuilder (DBStoreBuilder.java:processTables(183)) - Using default column profile:DBProfile.DISK for Table:volumeTable
2019-11-13 21:55:09,806 [main] INFO  db.DBStoreBuilder (DBStoreBuilder.java:addTable(127)) - using custom profile for table: bucketTable
2019-11-13 21:55:09,806 [main] INFO  db.DBStoreBuilder (DBStoreBuilder.java:processTables(183)) - Using default column profile:DBProfile.DISK for Table:bucketTable
2019-11-13 21:55:09,806 [main] INFO  db.DBStoreBuilder (DBStoreBuilder.java:addTable(127)) - using custom profile for table: keyTable
2019-11-13 21:55:09,807 [main] INFO  db.DBStoreBuilder (DBStoreBuilder.java:processTables(183)) - Using default column profile:DBProfile.DISK for Table:keyTable
2019-11-13 21:55:09,807 [main] INFO  db.DBStoreBuilder (DBStoreBuilder.java:addTable(127)) - using custom profile for table: deletedTable
2019-11-13 21:55:09,807 [main] INFO  db.DBStoreBuilder (DBStoreBuilder.java:processTables(183)) - Using default column profile:DBProfile.DISK for Table:deletedTable
2019-11-13 21:55:09,807 [main] INFO  db.DBStoreBuilder (DBStoreBuilder.java:addTable(127)) - using custom profile for table: openKeyTable
2019-11-13 21:55:09,807 [main] INFO  db.DBStoreBuilder (DBStoreBuilder.java:processTables(183)) - Using default column profile:DBProfile.DISK for Table:openKeyTable
2019-11-13 21:55:09,808 [main] INFO  db.DBStoreBuilder (DBStoreBuilder.java:addTable(127)) - using custom profile for table: s3Table
2019-11-13 21:55:09,808 [main] INFO  db.DBStoreBuilder (DBStoreBuilder.java:processTables(183)) - Using default column profile:DBProfile.DISK for Table:s3Table
2019-11-13 21:55:09,808 [main] INFO  db.DBStoreBuilder (DBStoreBuilder.java:addTable(127)) - using custom profile for table: multipartInfoTable
2019-11-13 21:55:09,808 [main] INFO  db.DBStoreBuilder (DBStoreBuilder.java:processTables(183)) - Using default column profile:DBProfile.DISK for Table:multipartInfoTable
2019-11-13 21:55:09,809 [main] INFO  db.DBStoreBuilder (DBStoreBuilder.java:addTable(127)) - using custom profile for table: dTokenTable
2019-11-13 21:55:09,809 [main] INFO  db.DBStoreBuilder (DBStoreBuilder.java:processTables(183)) - Using default column profile:DBProfile.DISK for Table:dTokenTable
2019-11-13 21:55:09,809 [main] INFO  db.DBStoreBuilder (DBStoreBuilder.java:addTable(127)) - using custom profile for table: s3SecretTable
2019-11-13 21:55:09,809 [main] INFO  db.DBStoreBuilder (DBStoreBuilder.java:processTables(183)) - Using default column profile:DBProfile.DISK for Table:s3SecretTable
2019-11-13 21:55:09,810 [main] INFO  db.DBStoreBuilder (DBStoreBuilder.java:addTable(127)) - using custom profile for table: prefixTable
2019-11-13 21:55:09,810 [main] INFO  db.DBStoreBuilder (DBStoreBuilder.java:processTables(183)) - Using default column profile:DBProfile.DISK for Table:prefixTable
2019-11-13 21:55:09,810 [main] INFO  db.DBStoreBuilder (DBStoreBuilder.java:addTable(127)) - using custom profile for table: default
2019-11-13 21:55:09,810 [main] INFO  db.DBStoreBuilder (DBStoreBuilder.java:processTables(189)) - Using default column profile:DBProfile.DISK for Table:default
2019-11-13 21:55:09,810 [main] INFO  db.DBStoreBuilder (DBStoreBuilder.java:getDbProfile(220)) - Using default options. DBProfile.DISK
2019-11-13 21:55:10,214 [main] INFO  ipc.CallQueueManager (CallQueueManager.java:<init>(84)) - Using callQueue: class java.util.concurrent.LinkedBlockingQueue, queueCapacity: 2000, scheduler: class org.apache.hadoop.ipc.DefaultRpcScheduler, ipcBackoff: false.
2019-11-13 21:55:10,215 [Socket Reader #1 for port 41573] INFO  ipc.Server (Server.java:run(1074)) - Starting Socket Reader #1 for port 41573
2019-11-13 21:55:10,243 [main] INFO  om.OzoneManager (OzoneManager.java:start(1077)) - OzoneManager RPC server is listening at localhost/127.0.0.1:41573
2019-11-13 21:55:10,243 [main] INFO  impl.MetricsSystemImpl (MetricsSystemImpl.java:init(158)) - OzoneManager metrics system started (again)
2019-11-13 21:55:10,251 [IPC Server Responder] INFO  ipc.Server (Server.java:run(1314)) - IPC Server Responder: starting
2019-11-13 21:55:10,251 [IPC Server listener on 41573] INFO  ipc.Server (Server.java:run(1153)) - IPC Server listener on 41573: starting
2019-11-13 21:55:10,255 [main] INFO  hdfs.DFSUtil (DFSUtil.java:httpServerTemplateForNNAndJN(1641)) - Starting Web-server for ozoneManager at: http://0.0.0.0:0
2019-11-13 21:55:10,257 [main] INFO  server.AuthenticationFilter (AuthenticationFilter.java:constructSecretProvider(240)) - Unable to initialize FileSignerSecretProvider, falling back to use random secrets.
2019-11-13 21:55:10,257 [main] WARN  http.HttpRequestLog (HttpRequestLog.java:getRequestLog(97)) - Jetty request log can only be enabled using Log4j
2019-11-13 21:55:10,259 [main] INFO  http.HttpServer2 (HttpServer2.java:addGlobalFilter(975)) - Added global filter 'safety' (class=org.apache.hadoop.http.HttpServer2$QuotingInputFilter)
2019-11-13 21:55:10,260 [main] INFO  http.HttpServer2 (HttpServer2.java:addFilter(948)) - Added filter static_user_filter (class=org.apache.hadoop.http.lib.StaticUserWebFilter$StaticUserFilter) to context ozoneManager
2019-11-13 21:55:10,260 [main] INFO  http.HttpServer2 (HttpServer2.java:addFilter(958)) - Added filter static_user_filter (class=org.apache.hadoop.http.lib.StaticUserWebFilter$StaticUserFilter) to context static
2019-11-13 21:55:10,260 [main] INFO  http.HttpServer2 (HttpServer2.java:addFilter(958)) - Added filter static_user_filter (class=org.apache.hadoop.http.lib.StaticUserWebFilter$StaticUserFilter) to context logs
2019-11-13 21:55:10,263 [main] INFO  http.HttpServer2 (HttpServer2.java:bindListener(1191)) - Jetty bound to port 46281
2019-11-13 21:55:10,263 [main] INFO  server.Server (Server.java:doStart(351)) - jetty-9.3.25.v20180904, build timestamp: 2018-09-04T21:11:46Z, git hash: 3ce520221d0240229c862b122d2b06c12a625732
2019-11-13 21:55:10,265 [main] INFO  handler.ContextHandler (ContextHandler.java:doStart(781)) - Started o.e.j.s.ServletContextHandler@7b208b45{/logs,file:///workdir/hadoop-ozone/tools/target/log,AVAILABLE}
2019-11-13 21:55:10,265 [main] INFO  handler.ContextHandler (ContextHandler.java:doStart(781)) - Started o.e.j.s.ServletContextHandler@34523d46{/static,jar:file:/home/user/.m2/repository/org/apache/hadoop/hadoop-ozone-ozone-manager/0.5.0-SNAPSHOT/hadoop-ozone-ozone-manager-0.5.0-SNAPSHOT.jar!/webapps/static,AVAILABLE}
2019-11-13 21:55:10,316 [main] INFO  handler.ContextHandler (ContextHandler.java:doStart(781)) - Started o.e.j.w.WebAppContext@2a49fe{/,file:///tmp/jetty-0.0.0.0-46281-ozoneManager-_-any-8504854429634514424.dir/webapp/,AVAILABLE}{/ozoneManager}
2019-11-13 21:55:10,316 [main] INFO  server.AbstractConnector (AbstractConnector.java:doStart(278)) - Started ServerConnector@66596a88{HTTP/1.1,[http/1.1]}{0.0.0.0:46281}
2019-11-13 21:55:10,316 [main] INFO  server.Server (Server.java:doStart(419)) - Started @3893ms
2019-11-13 21:55:10,317 [main] WARN  impl.MetricsSystemImpl (MetricsSystemImpl.java:register(276)) - Sink prometheus already exists!
2019-11-13 21:55:10,318 [main] INFO  server.BaseHttpServer (BaseHttpServer.java:updateConnectorAddress(215)) - HTTP server of OZONEMANAGER is listening at http://0.0.0.0:46281
2019-11-13 21:55:10,532 [main] INFO  impl.MetricsSystemImpl (MetricsSystemImpl.java:init(158)) - HddsDatanode metrics system started (again)
2019-11-13 21:55:10,579 [main] INFO  ozone.HddsDatanodeService (HddsDatanodeService.java:start(186)) - HddsDatanodeService host:pr-hdds-2470-fxbl9-3826649461 ip:192.168.34.20
2019-11-13 21:55:10,613 [main] INFO  volume.HddsVolume (HddsVolume.java:<init>(176)) - Creating Volume: /workdir/hadoop-ozone/tools/target/test-dir/MiniOzoneClusterImpl-5b5b1002-d5c5-4197-9165-0cf04028de8e/datanode-0/data/containers/hdds of  storage type : DISK and capacity : 1482555576320
2019-11-13 21:55:10,615 [main] INFO  volume.VolumeSet (VolumeSet.java:initializeVolumeSet(170)) - Added Volume : /workdir/hadoop-ozone/tools/target/test-dir/MiniOzoneClusterImpl-5b5b1002-d5c5-4197-9165-0cf04028de8e/datanode-0/data/containers/hdds to VolumeSet
2019-11-13 21:55:10,618 [main] INFO  volume.ThrottledAsyncChecker (ThrottledAsyncChecker.java:schedule(141)) - Scheduling a check for /workdir/hadoop-ozone/tools/target/test-dir/MiniOzoneClusterImpl-5b5b1002-d5c5-4197-9165-0cf04028de8e/datanode-0/data/containers/hdds
2019-11-13 21:55:10,633 [main] INFO  volume.HddsVolumeChecker (HddsVolumeChecker.java:checkAllVolumes(204)) - Scheduled health check for volume /workdir/hadoop-ozone/tools/target/test-dir/MiniOzoneClusterImpl-5b5b1002-d5c5-4197-9165-0cf04028de8e/datanode-0/data/containers/hdds
2019-11-13 21:55:10,754 [main] INFO  impl.RaftServerProxy (ConfUtils.java:logGet(43)) - raft.rpc.type = GRPC (default)
2019-11-13 21:55:10,835 [main] INFO  grpc.GrpcFactory (GrpcFactory.java:checkPooledByteBufAllocatorUseCacheForAllThreads(45)) - PERFORMANCE WARNING: useCacheForAllThreads is true that may cause Netty to create a lot garbage objects and, as a result, trigger GC.
	It is recommended to disable useCacheForAllThreads by setting -Dorg.apache.ratis.thirdparty.io.netty.allocator.useCacheForAllThreads=false in command line.
2019-11-13 21:55:10,840 [main] INFO  grpc.GrpcConfigKeys$Server (ConfUtils.java:logGet(43)) - raft.grpc.server.port = 0 (default)
2019-11-13 21:55:10,840 [main] INFO  server.GrpcService (ConfUtils.java:logGet(43)) - raft.grpc.message.size.max = 33570816 (custom)
2019-11-13 21:55:10,842 [main] INFO  server.RaftServerConfigKeys (ConfUtils.java:logGet(43)) - raft.server.log.appender.buffer.byte-limit = 33554432 (custom)
2019-11-13 21:55:10,843 [main] INFO  server.GrpcService (ConfUtils.java:logGet(43)) - raft.grpc.flow.control.window = 1MB (=1048576) (default)
2019-11-13 21:55:10,843 [main] INFO  server.RaftServerConfigKeys (ConfUtils.java:logGet(43)) - raft.server.rpc.request.timeout = 3000ms (default)
2019-11-13 21:55:11,008 [main] INFO  server.RaftServerConfigKeys (ConfUtils.java:logGet(43)) - raft.server.storage.dir = [/workdir/hadoop-ozone/tools/target/test-dir/MiniOzoneClusterImpl-5b5b1002-d5c5-4197-9165-0cf04028de8e/datanode-0/data/ratis] (custom)
2019-11-13 21:55:11,060 [main] INFO  hdfs.DFSUtil (DFSUtil.java:httpServerTemplateForNNAndJN(1641)) - Starting Web-server for hddsDatanode at: http://0.0.0.0:0
2019-11-13 21:55:11,062 [main] INFO  server.AuthenticationFilter (AuthenticationFilter.java:constructSecretProvider(240)) - Unable to initialize FileSignerSecretProvider, falling back to use random secrets.
2019-11-13 21:55:11,063 [main] WARN  http.HttpRequestLog (HttpRequestLog.java:getRequestLog(97)) - Jetty request log can only be enabled using Log4j
2019-11-13 21:55:11,065 [main] INFO  http.HttpServer2 (HttpServer2.java:addGlobalFilter(975)) - Added global filter 'safety' (class=org.apache.hadoop.http.HttpServer2$QuotingInputFilter)
2019-11-13 21:55:11,066 [main] INFO  http.HttpServer2 (HttpServer2.java:addFilter(948)) - Added filter static_user_filter (class=org.apache.hadoop.http.lib.StaticUserWebFilter$StaticUserFilter) to context hddsDatanode
2019-11-13 21:55:11,067 [main] INFO  http.HttpServer2 (HttpServer2.java:addFilter(958)) - Added filter static_user_filter (class=org.apache.hadoop.http.lib.StaticUserWebFilter$StaticUserFilter) to context static
2019-11-13 21:55:11,067 [main] INFO  http.HttpServer2 (HttpServer2.java:addFilter(958)) - Added filter static_user_filter (class=org.apache.hadoop.http.lib.StaticUserWebFilter$StaticUserFilter) to context logs
2019-11-13 21:55:11,068 [main] INFO  http.HttpServer2 (HttpServer2.java:bindListener(1191)) - Jetty bound to port 40345
2019-11-13 21:55:11,068 [main] INFO  server.Server (Server.java:doStart(351)) - jetty-9.3.25.v20180904, build timestamp: 2018-09-04T21:11:46Z, git hash: 3ce520221d0240229c862b122d2b06c12a625732
2019-11-13 21:55:11,072 [main] INFO  handler.ContextHandler (ContextHandler.java:doStart(781)) - Started o.e.j.s.ServletContextHandler@673919a7{/logs,file:///workdir/hadoop-ozone/tools/target/log,AVAILABLE}
2019-11-13 21:55:11,073 [main] INFO  handler.ContextHandler (ContextHandler.java:doStart(781)) - Started o.e.j.s.ServletContextHandler@2436ea2f{/static,jar:file:/home/user/.m2/repository/org/apache/hadoop/hadoop-hdds-container-service/0.5.0-SNAPSHOT/hadoop-hdds-container-service-0.5.0-SNAPSHOT.jar!/webapps/static,AVAILABLE}
2019-11-13 21:55:11,108 [main] INFO  handler.ContextHandler (ContextHandler.java:doStart(781)) - Started o.e.j.w.WebAppContext@60783105{/,file:///tmp/jetty-0.0.0.0-40345-hddsDatanode-_-any-4970479211478409584.dir/webapp/,AVAILABLE}{/hddsDatanode}
2019-11-13 21:55:11,109 [main] INFO  server.AbstractConnector (AbstractConnector.java:doStart(278)) - Started ServerConnector@1292071f{HTTP/1.1,[http/1.1]}{0.0.0.0:40345}
2019-11-13 21:55:11,109 [main] INFO  server.Server (Server.java:doStart(419)) - Started @4686ms
2019-11-13 21:55:11,110 [main] WARN  impl.MetricsSystemImpl (MetricsSystemImpl.java:register(276)) - Sink prometheus already exists!
2019-11-13 21:55:11,111 [main] INFO  server.BaseHttpServer (BaseHttpServer.java:updateConnectorAddress(215)) - HTTP server of HDDSDATANODE is listening at http://0.0.0.0:40345
2019-11-13 21:55:11,112 [main] INFO  impl.MetricsSystemImpl (MetricsSystemImpl.java:init(158)) - HddsDatanode metrics system started (again)
2019-11-13 21:55:11,114 [main] INFO  ozone.HddsDatanodeService (HddsDatanodeService.java:start(186)) - HddsDatanodeService host:pr-hdds-2470-fxbl9-3826649461 ip:192.168.34.20
2019-11-13 21:55:11,116 [org.apache.hadoop.util.JvmPauseMonitor$Monitor@4a9107a8] INFO  util.JvmPauseMonitor (JvmPauseMonitor.java:run(188)) - Starting JVM pause monitor
2019-11-13 21:55:11,123 [main] INFO  volume.HddsVolume (HddsVolume.java:<init>(176)) - Creating Volume: /workdir/hadoop-ozone/tools/target/test-dir/MiniOzoneClusterImpl-5b5b1002-d5c5-4197-9165-0cf04028de8e/datanode-1/data/containers/hdds of  storage type : DISK and capacity : 1482555576320
2019-11-13 21:55:11,124 [main] INFO  volume.VolumeSet (VolumeSet.java:initializeVolumeSet(170)) - Added Volume : /workdir/hadoop-ozone/tools/target/test-dir/MiniOzoneClusterImpl-5b5b1002-d5c5-4197-9165-0cf04028de8e/datanode-1/data/containers/hdds to VolumeSet
2019-11-13 21:55:11,124 [main] INFO  volume.ThrottledAsyncChecker (ThrottledAsyncChecker.java:schedule(141)) - Scheduling a check for /workdir/hadoop-ozone/tools/target/test-dir/MiniOzoneClusterImpl-5b5b1002-d5c5-4197-9165-0cf04028de8e/datanode-1/data/containers/hdds
2019-11-13 21:55:11,124 [main] INFO  volume.HddsVolumeChecker (HddsVolumeChecker.java:checkAllVolumes(204)) - Scheduled health check for volume /workdir/hadoop-ozone/tools/target/test-dir/MiniOzoneClusterImpl-5b5b1002-d5c5-4197-9165-0cf04028de8e/datanode-1/data/containers/hdds
2019-11-13 21:55:11,140 [main] INFO  impl.RaftServerProxy (ConfUtils.java:logGet(43)) - raft.rpc.type = GRPC (default)
2019-11-13 21:55:11,140 [main] INFO  grpc.GrpcFactory (GrpcFactory.java:checkPooledByteBufAllocatorUseCacheForAllThreads(45)) - PERFORMANCE WARNING: useCacheForAllThreads is true that may cause Netty to create a lot garbage objects and, as a result, trigger GC.
	It is recommended to disable useCacheForAllThreads by setting -Dorg.apache.ratis.thirdparty.io.netty.allocator.useCacheForAllThreads=false in command line.
2019-11-13 21:55:11,140 [main] INFO  grpc.GrpcConfigKeys$Server (ConfUtils.java:logGet(43)) - raft.grpc.server.port = 0 (default)
2019-11-13 21:55:11,140 [main] INFO  server.GrpcService (ConfUtils.java:logGet(43)) - raft.grpc.message.size.max = 33570816 (custom)
2019-11-13 21:55:11,141 [main] INFO  server.RaftServerConfigKeys (ConfUtils.java:logGet(43)) - raft.server.log.appender.buffer.byte-limit = 33554432 (custom)
2019-11-13 21:55:11,141 [main] INFO  server.GrpcService (ConfUtils.java:logGet(43)) - raft.grpc.flow.control.window = 1MB (=1048576) (default)
2019-11-13 21:55:11,141 [main] INFO  server.RaftServerConfigKeys (ConfUtils.java:logGet(43)) - raft.server.rpc.request.timeout = 3000ms (default)
2019-11-13 21:55:11,142 [main] INFO  server.RaftServerConfigKeys (ConfUtils.java:logGet(43)) - raft.server.storage.dir = [/workdir/hadoop-ozone/tools/target/test-dir/MiniOzoneClusterImpl-5b5b1002-d5c5-4197-9165-0cf04028de8e/datanode-1/data/ratis] (custom)
2019-11-13 21:55:11,143 [main] INFO  hdfs.DFSUtil (DFSUtil.java:httpServerTemplateForNNAndJN(1641)) - Starting Web-server for hddsDatanode at: http://0.0.0.0:0
2019-11-13 21:55:11,145 [main] INFO  server.AuthenticationFilter (AuthenticationFilter.java:constructSecretProvider(240)) - Unable to initialize FileSignerSecretProvider, falling back to use random secrets.
2019-11-13 21:55:11,146 [main] WARN  http.HttpRequestLog (HttpRequestLog.java:getRequestLog(97)) - Jetty request log can only be enabled using Log4j
2019-11-13 21:55:11,148 [main] INFO  http.HttpServer2 (HttpServer2.java:addGlobalFilter(975)) - Added global filter 'safety' (class=org.apache.hadoop.http.HttpServer2$QuotingInputFilter)
2019-11-13 21:55:11,148 [main] INFO  http.HttpServer2 (HttpServer2.java:addFilter(948)) - Added filter static_user_filter (class=org.apache.hadoop.http.lib.StaticUserWebFilter$StaticUserFilter) to context hddsDatanode
2019-11-13 21:55:11,148 [main] INFO  http.HttpServer2 (HttpServer2.java:addFilter(958)) - Added filter static_user_filter (class=org.apache.hadoop.http.lib.StaticUserWebFilter$StaticUserFilter) to context static
2019-11-13 21:55:11,149 [main] INFO  http.HttpServer2 (HttpServer2.java:addFilter(958)) - Added filter static_user_filter (class=org.apache.hadoop.http.lib.StaticUserWebFilter$StaticUserFilter) to context logs
2019-11-13 21:55:11,149 [main] INFO  http.HttpServer2 (HttpServer2.java:bindListener(1191)) - Jetty bound to port 37964
2019-11-13 21:55:11,150 [main] INFO  server.Server (Server.java:doStart(351)) - jetty-9.3.25.v20180904, build timestamp: 2018-09-04T21:11:46Z, git hash: 3ce520221d0240229c862b122d2b06c12a625732
2019-11-13 21:55:11,152 [main] INFO  handler.ContextHandler (ContextHandler.java:doStart(781)) - Started o.e.j.s.ServletContextHandler@3374b5bc{/logs,file:///workdir/hadoop-ozone/tools/target/log,AVAILABLE}
2019-11-13 21:55:11,152 [main] INFO  handler.ContextHandler (ContextHandler.java:doStart(781)) - Started o.e.j.s.ServletContextHandler@587a1cfb{/static,jar:file:/home/user/.m2/repository/org/apache/hadoop/hadoop-hdds-container-service/0.5.0-SNAPSHOT/hadoop-hdds-container-service-0.5.0-SNAPSHOT.jar!/webapps/static,AVAILABLE}
2019-11-13 21:55:11,181 [main] INFO  handler.ContextHandler (ContextHandler.java:doStart(781)) - Started o.e.j.w.WebAppContext@38d17d80{/,file:///tmp/jetty-0.0.0.0-37964-hddsDatanode-_-any-5508253309275513928.dir/webapp/,AVAILABLE}{/hddsDatanode}
2019-11-13 21:55:11,182 [main] INFO  server.AbstractConnector (AbstractConnector.java:doStart(278)) - Started ServerConnector@6ede46f6{HTTP/1.1,[http/1.1]}{0.0.0.0:37964}
2019-11-13 21:55:11,183 [main] INFO  server.Server (Server.java:doStart(419)) - Started @4759ms
2019-11-13 21:55:11,183 [main] WARN  impl.MetricsSystemImpl (MetricsSystemImpl.java:register(276)) - Sink prometheus already exists!
2019-11-13 21:55:11,184 [main] INFO  server.BaseHttpServer (BaseHttpServer.java:updateConnectorAddress(215)) - HTTP server of HDDSDATANODE is listening at http://0.0.0.0:37964
2019-11-13 21:55:11,185 [main] INFO  impl.MetricsSystemImpl (MetricsSystemImpl.java:init(158)) - HddsDatanode metrics system started (again)
2019-11-13 21:55:11,187 [org.apache.hadoop.util.JvmPauseMonitor$Monitor@29f86e3e] INFO  util.JvmPauseMonitor (JvmPauseMonitor.java:run(188)) - Starting JVM pause monitor
2019-11-13 21:55:11,188 [main] INFO  ozone.HddsDatanodeService (HddsDatanodeService.java:start(186)) - HddsDatanodeService host:pr-hdds-2470-fxbl9-3826649461 ip:192.168.34.20
2019-11-13 21:55:11,196 [main] INFO  volume.HddsVolume (HddsVolume.java:<init>(176)) - Creating Volume: /workdir/hadoop-ozone/tools/target/test-dir/MiniOzoneClusterImpl-5b5b1002-d5c5-4197-9165-0cf04028de8e/datanode-2/data/containers/hdds of  storage type : DISK and capacity : 1482555576320
2019-11-13 21:55:11,196 [main] INFO  volume.VolumeSet (VolumeSet.java:initializeVolumeSet(170)) - Added Volume : /workdir/hadoop-ozone/tools/target/test-dir/MiniOzoneClusterImpl-5b5b1002-d5c5-4197-9165-0cf04028de8e/datanode-2/data/containers/hdds to VolumeSet
2019-11-13 21:55:11,196 [main] INFO  volume.ThrottledAsyncChecker (ThrottledAsyncChecker.java:schedule(141)) - Scheduling a check for /workdir/hadoop-ozone/tools/target/test-dir/MiniOzoneClusterImpl-5b5b1002-d5c5-4197-9165-0cf04028de8e/datanode-2/data/containers/hdds
2019-11-13 21:55:11,197 [main] INFO  volume.HddsVolumeChecker (HddsVolumeChecker.java:checkAllVolumes(204)) - Scheduled health check for volume /workdir/hadoop-ozone/tools/target/test-dir/MiniOzoneClusterImpl-5b5b1002-d5c5-4197-9165-0cf04028de8e/datanode-2/data/containers/hdds
2019-11-13 21:55:11,213 [main] INFO  impl.RaftServerProxy (ConfUtils.java:logGet(43)) - raft.rpc.type = GRPC (default)
2019-11-13 21:55:11,213 [main] INFO  grpc.GrpcFactory (GrpcFactory.java:checkPooledByteBufAllocatorUseCacheForAllThreads(45)) - PERFORMANCE WARNING: useCacheForAllThreads is true that may cause Netty to create a lot garbage objects and, as a result, trigger GC.
	It is recommended to disable useCacheForAllThreads by setting -Dorg.apache.ratis.thirdparty.io.netty.allocator.useCacheForAllThreads=false in command line.
2019-11-13 21:55:11,213 [main] INFO  grpc.GrpcConfigKeys$Server (ConfUtils.java:logGet(43)) - raft.grpc.server.port = 0 (default)
2019-11-13 21:55:11,214 [main] INFO  server.GrpcService (ConfUtils.java:logGet(43)) - raft.grpc.message.size.max = 33570816 (custom)
2019-11-13 21:55:11,214 [main] INFO  server.RaftServerConfigKeys (ConfUtils.java:logGet(43)) - raft.server.log.appender.buffer.byte-limit = 33554432 (custom)
2019-11-13 21:55:11,214 [main] INFO  server.GrpcService (ConfUtils.java:logGet(43)) - raft.grpc.flow.control.window = 1MB (=1048576) (default)
2019-11-13 21:55:11,214 [main] INFO  server.RaftServerConfigKeys (ConfUtils.java:logGet(43)) - raft.server.rpc.request.timeout = 3000ms (default)
2019-11-13 21:55:11,215 [main] INFO  server.RaftServerConfigKeys (ConfUtils.java:logGet(43)) - raft.server.storage.dir = [/workdir/hadoop-ozone/tools/target/test-dir/MiniOzoneClusterImpl-5b5b1002-d5c5-4197-9165-0cf04028de8e/datanode-2/data/ratis] (custom)
2019-11-13 21:55:11,217 [main] INFO  hdfs.DFSUtil (DFSUtil.java:httpServerTemplateForNNAndJN(1641)) - Starting Web-server for hddsDatanode at: http://0.0.0.0:0
2019-11-13 21:55:11,218 [main] INFO  server.AuthenticationFilter (AuthenticationFilter.java:constructSecretProvider(240)) - Unable to initialize FileSignerSecretProvider, falling back to use random secrets.
2019-11-13 21:55:11,219 [Datanode State Machine Thread - 0] INFO  datanode.InitDatanodeState (InitDatanodeState.java:persistContainerDatanodeDetails(140)) - DatanodeDetails is persisted to /workdir/hadoop-ozone/tools/target/test-dir/MiniOzoneClusterImpl-5b5b1002-d5c5-4197-9165-0cf04028de8e/datanode-0/meta/datanode.id
2019-11-13 21:55:11,219 [main] WARN  http.HttpRequestLog (HttpRequestLog.java:getRequestLog(97)) - Jetty request log can only be enabled using Log4j
2019-11-13 21:55:11,222 [main] INFO  http.HttpServer2 (HttpServer2.java:addGlobalFilter(975)) - Added global filter 'safety' (class=org.apache.hadoop.http.HttpServer2$QuotingInputFilter)
2019-11-13 21:55:11,222 [Datanode State Machine Thread - 0] INFO  datanode.InitDatanodeState (InitDatanodeState.java:persistContainerDatanodeDetails(140)) - DatanodeDetails is persisted to /workdir/hadoop-ozone/tools/target/test-dir/MiniOzoneClusterImpl-5b5b1002-d5c5-4197-9165-0cf04028de8e/datanode-1/meta/datanode.id
2019-11-13 21:55:11,223 [main] INFO  http.HttpServer2 (HttpServer2.java:addFilter(948)) - Added filter static_user_filter (class=org.apache.hadoop.http.lib.StaticUserWebFilter$StaticUserFilter) to context hddsDatanode
2019-11-13 21:55:11,223 [main] INFO  http.HttpServer2 (HttpServer2.java:addFilter(958)) - Added filter static_user_filter (class=org.apache.hadoop.http.lib.StaticUserWebFilter$StaticUserFilter) to context static
2019-11-13 21:55:11,223 [main] INFO  http.HttpServer2 (HttpServer2.java:addFilter(958)) - Added filter static_user_filter (class=org.apache.hadoop.http.lib.StaticUserWebFilter$StaticUserFilter) to context logs
2019-11-13 21:55:11,223 [main] INFO  http.HttpServer2 (HttpServer2.java:bindListener(1191)) - Jetty bound to port 38676
2019-11-13 21:55:11,224 [main] INFO  server.Server (Server.java:doStart(351)) - jetty-9.3.25.v20180904, build timestamp: 2018-09-04T21:11:46Z, git hash: 3ce520221d0240229c862b122d2b06c12a625732
2019-11-13 21:55:11,228 [main] INFO  handler.ContextHandler (ContextHandler.java:doStart(781)) - Started o.e.j.s.ServletContextHandler@63c12e52{/logs,file:///workdir/hadoop-ozone/tools/target/log,AVAILABLE}
2019-11-13 21:55:11,228 [main] INFO  handler.ContextHandler (ContextHandler.java:doStart(781)) - Started o.e.j.s.ServletContextHandler@26c47874{/static,jar:file:/home/user/.m2/repository/org/apache/hadoop/hadoop-hdds-container-service/0.5.0-SNAPSHOT/hadoop-hdds-container-service-0.5.0-SNAPSHOT.jar!/webapps/static,AVAILABLE}
2019-11-13 21:55:11,257 [main] INFO  handler.ContextHandler (ContextHandler.java:doStart(781)) - Started o.e.j.w.WebAppContext@646c0a67{/,file:///tmp/jetty-0.0.0.0-38676-hddsDatanode-_-any-5376003055756189366.dir/webapp/,AVAILABLE}{/hddsDatanode}
2019-11-13 21:55:11,258 [main] INFO  server.AbstractConnector (AbstractConnector.java:doStart(278)) - Started ServerConnector@3804a9a8{HTTP/1.1,[http/1.1]}{0.0.0.0:38676}
2019-11-13 21:55:11,258 [main] INFO  server.Server (Server.java:doStart(419)) - Started @4834ms
2019-11-13 21:55:11,260 [main] WARN  impl.MetricsSystemImpl (MetricsSystemImpl.java:register(276)) - Sink prometheus already exists!
2019-11-13 21:55:11,261 [main] INFO  server.BaseHttpServer (BaseHttpServer.java:updateConnectorAddress(215)) - HTTP server of HDDSDATANODE is listening at http://0.0.0.0:38676
2019-11-13 21:55:11,262 [main] INFO  ozone.MiniOzoneClusterImpl (MiniOzoneClusterImpl.java:lambda$waitForClusterToBeReady$2(171)) - Waiting for cluster to be ready. Got 0 of 3 DN Heartbeats.
2019-11-13 21:55:11,263 [org.apache.hadoop.util.JvmPauseMonitor$Monitor@133c6f09] INFO  util.JvmPauseMonitor (JvmPauseMonitor.java:run(188)) - Starting JVM pause monitor
2019-11-13 21:55:11,265 [Datanode State Machine Thread - 0] INFO  datanode.InitDatanodeState (InitDatanodeState.java:persistContainerDatanodeDetails(140)) - DatanodeDetails is persisted to /workdir/hadoop-ozone/tools/target/test-dir/MiniOzoneClusterImpl-5b5b1002-d5c5-4197-9165-0cf04028de8e/datanode-2/meta/datanode.id
2019-11-13 21:55:12,263 [main] INFO  ozone.MiniOzoneClusterImpl (MiniOzoneClusterImpl.java:lambda$waitForClusterToBeReady$2(171)) - Waiting for cluster to be ready. Got 0 of 3 DN Heartbeats.
2019-11-13 21:55:13,175 [Datanode State Machine Thread - 0] INFO  ozoneimpl.OzoneContainer (OzoneContainer.java:start(230)) - Attempting to start container services.
2019-11-13 21:55:13,177 [Datanode State Machine Thread - 0] INFO  ozoneimpl.OzoneContainer (OzoneContainer.java:startContainerScrub(194)) - Background container scanner has been disabled.
2019-11-13 21:55:13,177 [Datanode State Machine Thread - 0] INFO  ratis.XceiverServerRatis (XceiverServerRatis.java:start(421)) - Starting XceiverServerRatis f251cb10-a284-4816-bcd9-6a5fca322485 at port 0
2019-11-13 21:55:13,195 [Datanode State Machine Thread - 0] INFO  impl.RaftServerProxy (RaftServerProxy.java:lambda$start$3(299)) - f251cb10-a284-4816-bcd9-6a5fca322485: start RPC server
2019-11-13 21:55:13,200 [Datanode State Machine Thread - 0] INFO  ozoneimpl.OzoneContainer (OzoneContainer.java:start(230)) - Attempting to start container services.
2019-11-13 21:55:13,203 [Datanode State Machine Thread - 0] INFO  ozoneimpl.OzoneContainer (OzoneContainer.java:startContainerScrub(194)) - Background container scanner has been disabled.
2019-11-13 21:55:13,203 [Datanode State Machine Thread - 0] INFO  ratis.XceiverServerRatis (XceiverServerRatis.java:start(421)) - Starting XceiverServerRatis e8ced9c7-6cbf-4b34-8707-66e501603ac9 at port 0
2019-11-13 21:55:13,211 [Datanode State Machine Thread - 0] INFO  impl.RaftServerProxy (RaftServerProxy.java:lambda$start$3(299)) - e8ced9c7-6cbf-4b34-8707-66e501603ac9: start RPC server
2019-11-13 21:55:13,265 [main] INFO  ozone.MiniOzoneClusterImpl (MiniOzoneClusterImpl.java:lambda$waitForClusterToBeReady$2(171)) - Waiting for cluster to be ready. Got 0 of 3 DN Heartbeats.
2019-11-13 21:55:13,272 [Datanode State Machine Thread - 0] INFO  ozoneimpl.OzoneContainer (OzoneContainer.java:start(230)) - Attempting to start container services.
2019-11-13 21:55:13,273 [Datanode State Machine Thread - 0] INFO  ozoneimpl.OzoneContainer (OzoneContainer.java:startContainerScrub(194)) - Background container scanner has been disabled.
2019-11-13 21:55:13,273 [Datanode State Machine Thread - 0] INFO  ratis.XceiverServerRatis (XceiverServerRatis.java:start(421)) - Starting XceiverServerRatis d77ba411-c121-4894-aed9-0a060bb3d672 at port 0
2019-11-13 21:55:13,281 [Datanode State Machine Thread - 0] INFO  impl.RaftServerProxy (RaftServerProxy.java:lambda$start$3(299)) - d77ba411-c121-4894-aed9-0a060bb3d672: start RPC server
2019-11-13 21:55:13,316 [Datanode State Machine Thread - 0] INFO  server.GrpcService (GrpcService.java:startImpl(158)) - f251cb10-a284-4816-bcd9-6a5fca322485: GrpcService started, listening on 0.0.0.0/0.0.0.0:34653
2019-11-13 21:55:13,316 [Datanode State Machine Thread - 0] INFO  server.GrpcService (GrpcService.java:startImpl(158)) - d77ba411-c121-4894-aed9-0a060bb3d672: GrpcService started, listening on 0.0.0.0/0.0.0.0:39248
2019-11-13 21:55:13,316 [Datanode State Machine Thread - 0] INFO  server.GrpcService (GrpcService.java:startImpl(158)) - e8ced9c7-6cbf-4b34-8707-66e501603ac9: GrpcService started, listening on 0.0.0.0/0.0.0.0:34516
2019-11-13 21:55:13,316 [Datanode State Machine Thread - 0] INFO  ratis.XceiverServerRatis (XceiverServerRatis.java:start(431)) - XceiverServerRatis d77ba411-c121-4894-aed9-0a060bb3d672 is started using port 39248
2019-11-13 21:55:13,316 [Datanode State Machine Thread - 0] INFO  ratis.XceiverServerRatis (XceiverServerRatis.java:start(431)) - XceiverServerRatis f251cb10-a284-4816-bcd9-6a5fca322485 is started using port 34653
2019-11-13 21:55:13,317 [Datanode State Machine Thread - 0] INFO  ratis.XceiverServerRatis (XceiverServerRatis.java:start(431)) - XceiverServerRatis e8ced9c7-6cbf-4b34-8707-66e501603ac9 is started using port 34516
2019-11-13 21:55:13,320 [Datanode State Machine Thread - 0] INFO  server.XceiverServerGrpc (XceiverServerGrpc.java:start(145)) - XceiverServerGrpc f251cb10-a284-4816-bcd9-6a5fca322485 is started using port 41445
2019-11-13 21:55:13,320 [Datanode State Machine Thread - 0] INFO  server.XceiverServerGrpc (XceiverServerGrpc.java:start(145)) - XceiverServerGrpc d77ba411-c121-4894-aed9-0a060bb3d672 is started using port 46140
2019-11-13 21:55:13,320 [Datanode State Machine Thread - 0] INFO  server.XceiverServerGrpc (XceiverServerGrpc.java:start(145)) - XceiverServerGrpc e8ced9c7-6cbf-4b34-8707-66e501603ac9 is started using port 38449
2019-11-13 21:55:14,265 [main] INFO  ozone.MiniOzoneClusterImpl (MiniOzoneClusterImpl.java:lambda$waitForClusterToBeReady$2(171)) - Waiting for cluster to be ready. Got 0 of 3 DN Heartbeats.
2019-11-13 21:55:15,143 [IPC Server handler 0 on 45727] INFO  net.NetworkTopology (NetworkTopologyImpl.java:add(111)) - Added a new node: /default-rack/f251cb10-a284-4816-bcd9-6a5fca322485
2019-11-13 21:55:15,144 [IPC Server handler 0 on 45727] INFO  node.SCMNodeManager (SCMNodeManager.java:register(267)) - Registered Data node : f251cb10-a284-4816-bcd9-6a5fca322485{ip: 192.168.34.20, host: pr-hdds-2470-fxbl9-3826649461, networkLocation: /default-rack, certSerialId: null}
2019-11-13 21:55:15,146 [EventQueue-NodeRegistrationContainerReportForDataNodeSafeModeRule] INFO  safemode.SCMSafeModeManager (DataNodeSafeModeRule.java:process(71)) - SCM in safe mode. 1 DataNodes registered, 1 required.
2019-11-13 21:55:15,146 [EventQueue-NodeRegistrationContainerReportForDataNodeSafeModeRule] INFO  safemode.SCMSafeModeManager (SCMSafeModeManager.java:validateSafeModeExitRules(177)) - ScmSafeModeManager, all rules are successfully validated
2019-11-13 21:55:15,146 [EventQueue-NodeRegistrationContainerReportForDataNodeSafeModeRule] INFO  safemode.SCMSafeModeManager (SCMSafeModeManager.java:exitSafeMode(193)) - SCM exiting safe mode.
2019-11-13 21:55:15,190 [IPC Server handler 1 on 45727] INFO  net.NetworkTopology (NetworkTopologyImpl.java:add(111)) - Added a new node: /default-rack/e8ced9c7-6cbf-4b34-8707-66e501603ac9
2019-11-13 21:55:15,190 [IPC Server handler 1 on 45727] INFO  node.SCMNodeManager (SCMNodeManager.java:register(267)) - Registered Data node : e8ced9c7-6cbf-4b34-8707-66e501603ac9{ip: 192.168.34.20, host: pr-hdds-2470-fxbl9-3826649461, networkLocation: /default-rack, certSerialId: null}
2019-11-13 21:55:15,265 [IPC Server handler 2 on 45727] INFO  net.NetworkTopology (NetworkTopologyImpl.java:add(111)) - Added a new node: /default-rack/d77ba411-c121-4894-aed9-0a060bb3d672
2019-11-13 21:55:15,265 [IPC Server handler 2 on 45727] INFO  node.SCMNodeManager (SCMNodeManager.java:register(267)) - Registered Data node : d77ba411-c121-4894-aed9-0a060bb3d672{ip: 192.168.34.20, host: pr-hdds-2470-fxbl9-3826649461, networkLocation: /default-rack, certSerialId: null}
2019-11-13 21:55:15,534 [grpc-default-executor-0] INFO  impl.RaftServerProxy (RaftServerProxy.java:addNew(89)) - f251cb10-a284-4816-bcd9-6a5fca322485: addNew group-71C47E6D22D8:[f251cb10-a284-4816-bcd9-6a5fca322485:192.168.34.20:34653] returns group-71C47E6D22D8:java.util.concurrent.CompletableFuture@d499769[Not completed]
2019-11-13 21:55:15,543 [pool-27-thread-1] INFO  impl.RaftServerImpl (RaftServerImpl.java:<init>(98)) - f251cb10-a284-4816-bcd9-6a5fca322485: new RaftServerImpl for group-71C47E6D22D8:[f251cb10-a284-4816-bcd9-6a5fca322485:192.168.34.20:34653] with ContainerStateMachine:uninitialized
2019-11-13 21:55:15,545 [pool-27-thread-1] INFO  server.RaftServerConfigKeys (ConfUtils.java:logGet(43)) - raft.server.rpc.timeout.min = 5s (custom)
2019-11-13 21:55:15,546 [pool-27-thread-1] INFO  server.RaftServerConfigKeys (ConfUtils.java:logGet(43)) - raft.server.rpc.timeout.max = 5200ms (custom)
2019-11-13 21:55:15,546 [pool-27-thread-1] INFO  server.RaftServerConfigKeys (ConfUtils.java:logGet(43)) - raft.server.rpcslowness.timeout = 120s (custom)
2019-11-13 21:55:15,547 [pool-27-thread-1] INFO  server.RaftServerConfigKeys (ConfUtils.java:logGet(43)) - raft.server.sleep.deviation.threshold = 300 (default)
2019-11-13 21:55:15,547 [pool-27-thread-1] INFO  server.RaftServerConfigKeys (ConfUtils.java:logGet(43)) - raft.server.log.appender.install.snapshot.enabled = false (custom)
2019-11-13 21:55:15,553 [pool-27-thread-1] INFO  impl.RaftServerImpl (ServerState.java:<init>(103)) - f251cb10-a284-4816-bcd9-6a5fca322485@group-71C47E6D22D8: ConfigurationManager, init=-1: [f251cb10-a284-4816-bcd9-6a5fca322485:192.168.34.20:34653], old=null, confs=<EMPTY_MAP>
2019-11-13 21:55:15,553 [pool-27-thread-1] INFO  server.RaftServerConfigKeys (ConfUtils.java:logGet(43)) - raft.server.storage.dir = [/workdir/hadoop-ozone/tools/target/test-dir/MiniOzoneClusterImpl-5b5b1002-d5c5-4197-9165-0cf04028de8e/datanode-0/data/ratis] (custom)
2019-11-13 21:55:15,558 [pool-27-thread-1] INFO  server.RaftServerConfigKeys (ConfUtils.java:logGet(43)) - raft.server.log.corruption.policy = EXCEPTION (default)
2019-11-13 21:55:15,560 [pool-27-thread-1] INFO  storage.RaftStorageDirectory (RaftStorageDirectory.java:analyzeStorage(246)) - The storage directory /workdir/hadoop-ozone/tools/target/test-dir/MiniOzoneClusterImpl-5b5b1002-d5c5-4197-9165-0cf04028de8e/datanode-0/data/ratis/f6590c29-c95d-4433-9aa0-71c47e6d22d8 does not exist. Creating ...
2019-11-13 21:55:15,577 [pool-27-thread-1] INFO  storage.RaftStorageDirectory (RaftStorageDirectory.java:tryLock(328)) - Lock on /workdir/hadoop-ozone/tools/target/test-dir/MiniOzoneClusterImpl-5b5b1002-d5c5-4197-9165-0cf04028de8e/datanode-0/data/ratis/f6590c29-c95d-4433-9aa0-71c47e6d22d8/in_use.lock acquired by nodename 30694@pr-hdds-2470-fxbl9-3826649461
2019-11-13 21:55:15,592 [pool-27-thread-1] INFO  storage.RaftStorage (RaftStorage.java:format(84)) - Storage directory /workdir/hadoop-ozone/tools/target/test-dir/MiniOzoneClusterImpl-5b5b1002-d5c5-4197-9165-0cf04028de8e/datanode-0/data/ratis/f6590c29-c95d-4433-9aa0-71c47e6d22d8 has been successfully formatted.
2019-11-13 21:55:15,594 [pool-27-thread-1] INFO  ratis.ContainerStateMachine (ContainerStateMachine.java:loadSnapshot(223)) - group-71C47E6D22D8: The snapshot info is null. Setting the last applied indexto:(t:0, i:~)
2019-11-13 21:55:15,594 [pool-27-thread-1] INFO  server.RaftServerConfigKeys (ConfUtils.java:logGet(43)) - raft.server.notification.no-leader.timeout = 120s (custom)
2019-11-13 21:55:15,596 [pool-27-thread-1] INFO  server.RaftServerConfigKeys (ConfUtils.java:logGet(43)) - raft.server.log.use.memory = false (default)
2019-11-13 21:55:15,600 [pool-27-thread-1] INFO  server.RaftServerConfigKeys (ConfUtils.java:logGet(43)) - raft.server.log.purge.gap = 1000000 (custom)
2019-11-13 21:55:15,601 [pool-27-thread-1] INFO  server.RaftServerConfigKeys (ConfUtils.java:logGet(43)) - raft.server.log.appender.buffer.byte-limit = 33554432 (custom)
2019-11-13 21:55:15,602 [pool-27-thread-1] INFO  server.RaftServerConfigKeys (ConfUtils.java:logGet(43)) - raft.server.log.segment.size.max = 1048576 (custom)
2019-11-13 21:55:15,607 [pool-27-thread-1] INFO  metrics.MetricRegistries (MetricRegistriesLoader.java:load(64)) - Loaded MetricRegistries class org.apache.ratis.metrics.impl.MetricRegistriesImpl
2019-11-13 21:55:15,610 [pool-27-thread-1] WARN  impl.MetricRegistriesImpl (MetricRegistriesImpl.java:lambda$create$1(61)) - First MetricRegistry has been created without registering reporters. You may need to call MetricRegistries.global().addReportRegistration(...) before.
2019-11-13 21:55:15,615 [pool-27-thread-1] INFO  server.RaftServerConfigKeys (ConfUtils.java:logGet(43)) - raft.server.log.segment.cache.num.max = 2 (custom)
2019-11-13 21:55:15,620 [pool-27-thread-1] INFO  segmented.SegmentedRaftLogWorker (SegmentedRaftLogWorker.java:<init>(173)) - new f251cb10-a284-4816-bcd9-6a5fca322485@group-71C47E6D22D8-SegmentedRaftLogWorker for RaftStorage:Storage Directory /workdir/hadoop-ozone/tools/target/test-dir/MiniOzoneClusterImpl-5b5b1002-d5c5-4197-9165-0cf04028de8e/datanode-0/data/ratis/f6590c29-c95d-4433-9aa0-71c47e6d22d8
2019-11-13 21:55:15,621 [pool-27-thread-1] INFO  server.RaftServerConfigKeys (ConfUtils.java:logGet(43)) - raft.server.log.queue.byte-limit = 2147483647 (custom)
2019-11-13 21:55:15,621 [pool-27-thread-1] INFO  server.RaftServerConfigKeys (ConfUtils.java:logGet(43)) - raft.server.log.queue.element-limit = 1024 (custom)
2019-11-13 21:55:15,622 [pool-27-thread-1] INFO  server.RaftServerConfigKeys (ConfUtils.java:logGet(43)) - raft.server.log.segment.size.max = 1048576 (custom)
2019-11-13 21:55:15,623 [pool-27-thread-1] INFO  server.RaftServerConfigKeys (ConfUtils.java:logGet(43)) - raft.server.log.preallocated.size = 16384 (custom)
2019-11-13 21:55:15,623 [pool-27-thread-1] INFO  server.RaftServerConfigKeys (ConfUtils.java:logGet(43)) - raft.server.log.write.buffer.size = 33554432 (custom)
2019-11-13 21:55:15,624 [pool-27-thread-1] INFO  server.RaftServerConfigKeys (ConfUtils.java:logGet(43)) - raft.server.log.force.sync.num = 128 (default)
2019-11-13 21:55:15,625 [pool-27-thread-1] INFO  server.RaftServerConfigKeys (ConfUtils.java:logGet(43)) - raft.server.log.statemachine.data.sync = true (default)
2019-11-13 21:55:15,625 [pool-27-thread-1] INFO  server.RaftServerConfigKeys (ConfUtils.java:logGet(43)) - raft.server.log.statemachine.data.sync.timeout = 10s (default)
2019-11-13 21:55:15,625 [pool-27-thread-1] INFO  server.RaftServerConfigKeys (ConfUtils.java:logGet(43)) - raft.server.log.statemachine.data.sync.timeout.retry = -1 (default)
2019-11-13 21:55:15,637 [pool-27-thread-1] INFO  server.RaftServerConfigKeys (ConfUtils.java:logGet(43)) - raft.server.log.statemachine.data.caching.enabled = true (custom)
2019-11-13 21:55:15,643 [pool-27-thread-1] INFO  segmented.SegmentedRaftLogWorker (SegmentedRaftLogWorker.java:lambda$new$0(128)) - f251cb10-a284-4816-bcd9-6a5fca322485@group-71C47E6D22D8-SegmentedRaftLogWorker: flushIndex: setUnconditionally 0 -> -1
2019-11-13 21:55:15,649 [pool-27-thread-1] INFO  server.RaftServerConfigKeys (ConfUtils.java:logGet(43)) - raft.server.snapshot.auto.trigger.enabled = true (custom)
2019-11-13 21:55:15,650 [pool-27-thread-1] INFO  server.RaftServerConfigKeys (ConfUtils.java:logGet(43)) - raft.server.snapshot.auto.trigger.threshold = 10000 (custom)
2019-11-13 21:55:15,651 [pool-27-thread-1] INFO  server.RaftServerConfigKeys (ConfUtils.java:logGet(43)) - raft.server.snapshot.retention.file.num = 5 (custom)
2019-11-13 21:55:15,652 [pool-27-thread-1] INFO  server.RaftServerConfigKeys (ConfUtils.java:logGet(43)) - raft.server.retrycache.expirytime = 600000ms (custom)
2019-11-13 21:55:15,671 [pool-27-thread-1] WARN  impl.MetricRegistriesImpl (MetricRegistriesImpl.java:lambda$create$1(61)) - First MetricRegistry has been created without registering reporters. You may need to call MetricRegistries.global().addReportRegistration(...) before.
2019-11-13 21:55:15,673 [pool-27-thread-1] WARN  impl.MetricRegistriesImpl (MetricRegistriesImpl.java:lambda$create$1(61)) - First MetricRegistry has been created without registering reporters. You may need to call MetricRegistries.global().addReportRegistration(...) before.
2019-11-13 21:55:15,675 [pool-27-thread-1] INFO  impl.RaftServerImpl (RaftServerImpl.java:start(184)) - f251cb10-a284-4816-bcd9-6a5fca322485@group-71C47E6D22D8: start as a follower, conf=-1: [f251cb10-a284-4816-bcd9-6a5fca322485:192.168.34.20:34653], old=null
2019-11-13 21:55:15,676 [pool-27-thread-1] INFO  impl.RaftServerImpl (RaftServerImpl.java:setRole(173)) - f251cb10-a284-4816-bcd9-6a5fca322485@group-71C47E6D22D8: changes role from      null to FOLLOWER at term 0 for startAsFollower
2019-11-13 21:55:15,677 [pool-27-thread-1] INFO  impl.RoleInfo (RoleInfo.java:updateAndGet(143)) - f251cb10-a284-4816-bcd9-6a5fca322485: start FollowerState
2019-11-13 21:55:15,679 [pool-27-thread-1] INFO  util.JmxRegister (JmxRegister.java:tryRegister(44)) - Successfully registered JMX Bean with object name Ratis:service=RaftServer,group=group-71C47E6D22D8,id=f251cb10-a284-4816-bcd9-6a5fca322485
2019-11-13 21:55:15,681 [pool-27-thread-1] WARN  impl.MetricRegistriesImpl (MetricRegistriesImpl.java:lambda$create$1(61)) - First MetricRegistry has been created without registering reporters. You may need to call MetricRegistries.global().addReportRegistration(...) before.
2019-11-13 21:55:15,729 [RatisPipelineUtilsThread] INFO  pipeline.PipelineStateManager (PipelineStateManager.java:addPipeline(55)) - Created pipeline Pipeline[ Id: f6590c29-c95d-4433-9aa0-71c47e6d22d8, Nodes: f251cb10-a284-4816-bcd9-6a5fca322485{ip: 192.168.34.20, host: pr-hdds-2470-fxbl9-3826649461, networkLocation: /default-rack, certSerialId: null}, Type:RATIS, Factor:ONE, State:ALLOCATED]
2019-11-13 21:55:15,744 [grpc-default-executor-0] INFO  impl.RaftServerProxy (RaftServerProxy.java:addNew(89)) - d77ba411-c121-4894-aed9-0a060bb3d672: addNew group-75DEC388300C:[d77ba411-c121-4894-aed9-0a060bb3d672:192.168.34.20:39248] returns group-75DEC388300C:java.util.concurrent.CompletableFuture@104e2d03[Not completed]
2019-11-13 21:55:15,763 [pool-47-thread-1] INFO  impl.RaftServerImpl (RaftServerImpl.java:<init>(98)) - d77ba411-c121-4894-aed9-0a060bb3d672: new RaftServerImpl for group-75DEC388300C:[d77ba411-c121-4894-aed9-0a060bb3d672:192.168.34.20:39248] with ContainerStateMachine:uninitialized
2019-11-13 21:55:15,764 [pool-47-thread-1] INFO  server.RaftServerConfigKeys (ConfUtils.java:logGet(43)) - raft.server.rpc.timeout.min = 5s (custom)
2019-11-13 21:55:15,764 [pool-47-thread-1] INFO  server.RaftServerConfigKeys (ConfUtils.java:logGet(43)) - raft.server.rpc.timeout.max = 5200ms (custom)
2019-11-13 21:55:15,764 [pool-47-thread-1] INFO  server.RaftServerConfigKeys (ConfUtils.java:logGet(43)) - raft.server.rpcslowness.timeout = 120s (custom)
2019-11-13 21:55:15,764 [pool-47-thread-1] INFO  server.RaftServerConfigKeys (ConfUtils.java:logGet(43)) - raft.server.sleep.deviation.threshold = 300 (default)
2019-11-13 21:55:15,765 [pool-47-thread-1] INFO  server.RaftServerConfigKeys (ConfUtils.java:logGet(43)) - raft.server.log.appender.install.snapshot.enabled = false (custom)
2019-11-13 21:55:15,765 [pool-47-thread-1] INFO  impl.RaftServerImpl (ServerState.java:<init>(103)) - d77ba411-c121-4894-aed9-0a060bb3d672@group-75DEC388300C: ConfigurationManager, init=-1: [d77ba411-c121-4894-aed9-0a060bb3d672:192.168.34.20:39248], old=null, confs=<EMPTY_MAP>
2019-11-13 21:55:15,765 [pool-47-thread-1] INFO  server.RaftServerConfigKeys (ConfUtils.java:logGet(43)) - raft.server.storage.dir = [/workdir/hadoop-ozone/tools/target/test-dir/MiniOzoneClusterImpl-5b5b1002-d5c5-4197-9165-0cf04028de8e/datanode-2/data/ratis] (custom)
2019-11-13 21:55:15,765 [pool-47-thread-1] INFO  server.RaftServerConfigKeys (ConfUtils.java:logGet(43)) - raft.server.log.corruption.policy = EXCEPTION (default)
2019-11-13 21:55:15,766 [pool-47-thread-1] INFO  storage.RaftStorageDirectory (RaftStorageDirectory.java:analyzeStorage(246)) - The storage directory /workdir/hadoop-ozone/tools/target/test-dir/MiniOzoneClusterImpl-5b5b1002-d5c5-4197-9165-0cf04028de8e/datanode-2/data/ratis/3d2e0fd3-9283-4498-bd10-75dec388300c does not exist. Creating ...
2019-11-13 21:55:15,778 [pool-47-thread-1] INFO  storage.RaftStorageDirectory (RaftStorageDirectory.java:tryLock(328)) - Lock on /workdir/hadoop-ozone/tools/target/test-dir/MiniOzoneClusterImpl-5b5b1002-d5c5-4197-9165-0cf04028de8e/datanode-2/data/ratis/3d2e0fd3-9283-4498-bd10-75dec388300c/in_use.lock acquired by nodename 30694@pr-hdds-2470-fxbl9-3826649461
2019-11-13 21:55:15,798 [pool-47-thread-1] INFO  storage.RaftStorage (RaftStorage.java:format(84)) - Storage directory /workdir/hadoop-ozone/tools/target/test-dir/MiniOzoneClusterImpl-5b5b1002-d5c5-4197-9165-0cf04028de8e/datanode-2/data/ratis/3d2e0fd3-9283-4498-bd10-75dec388300c has been successfully formatted.
2019-11-13 21:55:15,800 [pool-47-thread-1] INFO  ratis.ContainerStateMachine (ContainerStateMachine.java:loadSnapshot(223)) - group-75DEC388300C: The snapshot info is null. Setting the last applied indexto:(t:0, i:~)
2019-11-13 21:55:15,800 [pool-47-thread-1] INFO  server.RaftServerConfigKeys (ConfUtils.java:logGet(43)) - raft.server.notification.no-leader.timeout = 120s (custom)
2019-11-13 21:55:15,800 [pool-47-thread-1] INFO  server.RaftServerConfigKeys (ConfUtils.java:logGet(43)) - raft.server.log.use.memory = false (default)
2019-11-13 21:55:15,801 [pool-47-thread-1] INFO  server.RaftServerConfigKeys (ConfUtils.java:logGet(43)) - raft.server.log.purge.gap = 1000000 (custom)
2019-11-13 21:55:15,801 [pool-47-thread-1] INFO  server.RaftServerConfigKeys (ConfUtils.java:logGet(43)) - raft.server.log.appender.buffer.byte-limit = 33554432 (custom)
2019-11-13 21:55:15,801 [pool-47-thread-1] INFO  server.RaftServerConfigKeys (ConfUtils.java:logGet(43)) - raft.server.log.segment.size.max = 1048576 (custom)
2019-11-13 21:55:15,801 [pool-47-thread-1] WARN  impl.MetricRegistriesImpl (MetricRegistriesImpl.java:lambda$create$1(61)) - First MetricRegistry has been created without registering reporters. You may need to call MetricRegistries.global().addReportRegistration(...) before.
2019-11-13 21:55:15,802 [pool-47-thread-1] INFO  server.RaftServerConfigKeys (ConfUtils.java:logGet(43)) - raft.server.log.segment.cache.num.max = 2 (custom)
2019-11-13 21:55:15,802 [pool-47-thread-1] INFO  segmented.SegmentedRaftLogWorker (SegmentedRaftLogWorker.java:<init>(173)) - new d77ba411-c121-4894-aed9-0a060bb3d672@group-75DEC388300C-SegmentedRaftLogWorker for RaftStorage:Storage Directory /workdir/hadoop-ozone/tools/target/test-dir/MiniOzoneClusterImpl-5b5b1002-d5c5-4197-9165-0cf04028de8e/datanode-2/data/ratis/3d2e0fd3-9283-4498-bd10-75dec388300c
2019-11-13 21:55:15,802 [pool-47-thread-1] INFO  server.RaftServerConfigKeys (ConfUtils.java:logGet(43)) - raft.server.log.queue.byte-limit = 2147483647 (custom)
2019-11-13 21:55:15,803 [pool-47-thread-1] INFO  server.RaftServerConfigKeys (ConfUtils.java:logGet(43)) - raft.server.log.queue.element-limit = 1024 (custom)
2019-11-13 21:55:15,803 [pool-47-thread-1] INFO  server.RaftServerConfigKeys (ConfUtils.java:logGet(43)) - raft.server.log.segment.size.max = 1048576 (custom)
2019-11-13 21:55:15,803 [pool-47-thread-1] INFO  server.RaftServerConfigKeys (ConfUtils.java:logGet(43)) - raft.server.log.preallocated.size = 16384 (custom)
2019-11-13 21:55:15,803 [pool-47-thread-1] INFO  server.RaftServerConfigKeys (ConfUtils.java:logGet(43)) - raft.server.log.write.buffer.size = 33554432 (custom)
2019-11-13 21:55:15,803 [pool-47-thread-1] INFO  server.RaftServerConfigKeys (ConfUtils.java:logGet(43)) - raft.server.log.force.sync.num = 128 (default)
2019-11-13 21:55:15,803 [pool-47-thread-1] INFO  server.RaftServerConfigKeys (ConfUtils.java:logGet(43)) - raft.server.log.statemachine.data.sync = true (default)
2019-11-13 21:55:15,803 [pool-47-thread-1] INFO  server.RaftServerConfigKeys (ConfUtils.java:logGet(43)) - raft.server.log.statemachine.data.sync.timeout = 10s (default)
2019-11-13 21:55:15,803 [pool-47-thread-1] INFO  server.RaftServerConfigKeys (ConfUtils.java:logGet(43)) - raft.server.log.statemachine.data.sync.timeout.retry = -1 (default)
2019-11-13 21:55:15,804 [pool-47-thread-1] INFO  server.RaftServerConfigKeys (ConfUtils.java:logGet(43)) - raft.server.log.statemachine.data.caching.enabled = true (custom)
2019-11-13 21:55:15,804 [pool-47-thread-1] INFO  segmented.SegmentedRaftLogWorker (SegmentedRaftLogWorker.java:lambda$new$0(128)) - d77ba411-c121-4894-aed9-0a060bb3d672@group-75DEC388300C-SegmentedRaftLogWorker: flushIndex: setUnconditionally 0 -> -1
2019-11-13 21:55:15,804 [pool-47-thread-1] INFO  server.RaftServerConfigKeys (ConfUtils.java:logGet(43)) - raft.server.snapshot.auto.trigger.enabled = true (custom)
2019-11-13 21:55:15,805 [pool-47-thread-1] INFO  server.RaftServerConfigKeys (ConfUtils.java:logGet(43)) - raft.server.snapshot.auto.trigger.threshold = 10000 (custom)
2019-11-13 21:55:15,805 [pool-47-thread-1] INFO  server.RaftServerConfigKeys (ConfUtils.java:logGet(43)) - raft.server.snapshot.retention.file.num = 5 (custom)
2019-11-13 21:55:15,805 [pool-47-thread-1] INFO  server.RaftServerConfigKeys (ConfUtils.java:logGet(43)) - raft.server.retrycache.expirytime = 600000ms (custom)
2019-11-13 21:55:15,805 [pool-47-thread-1] WARN  impl.MetricRegistriesImpl (MetricRegistriesImpl.java:lambda$create$1(61)) - First MetricRegistry has been created without registering reporters. You may need to call MetricRegistries.global().addReportRegistration(...) before.
2019-11-13 21:55:15,805 [pool-47-thread-1] WARN  impl.MetricRegistriesImpl (MetricRegistriesImpl.java:lambda$create$1(61)) - First MetricRegistry has been created without registering reporters. You may need to call MetricRegistries.global().addReportRegistration(...) before.
2019-11-13 21:55:15,805 [pool-47-thread-1] INFO  impl.RaftServerImpl (RaftServerImpl.java:start(184)) - d77ba411-c121-4894-aed9-0a060bb3d672@group-75DEC388300C: start as a follower, conf=-1: [d77ba411-c121-4894-aed9-0a060bb3d672:192.168.34.20:39248], old=null
2019-11-13 21:55:15,805 [pool-47-thread-1] INFO  impl.RaftServerImpl (RaftServerImpl.java:setRole(173)) - d77ba411-c121-4894-aed9-0a060bb3d672@group-75DEC388300C: changes role from      null to FOLLOWER at term 0 for startAsFollower
2019-11-13 21:55:15,806 [pool-47-thread-1] INFO  impl.RoleInfo (RoleInfo.java:updateAndGet(143)) - d77ba411-c121-4894-aed9-0a060bb3d672: start FollowerState
2019-11-13 21:55:15,806 [pool-47-thread-1] INFO  util.JmxRegister (JmxRegister.java:tryRegister(44)) - Successfully registered JMX Bean with object name Ratis:service=RaftServer,group=group-75DEC388300C,id=d77ba411-c121-4894-aed9-0a060bb3d672
2019-11-13 21:55:15,807 [pool-47-thread-1] WARN  impl.MetricRegistriesImpl (MetricRegistriesImpl.java:lambda$create$1(61)) - First MetricRegistry has been created without registering reporters. You may need to call MetricRegistries.global().addReportRegistration(...) before.
2019-11-13 21:55:15,813 [RatisPipelineUtilsThread] INFO  pipeline.PipelineStateManager (PipelineStateManager.java:addPipeline(55)) - Created pipeline Pipeline[ Id: 3d2e0fd3-9283-4498-bd10-75dec388300c, Nodes: d77ba411-c121-4894-aed9-0a060bb3d672{ip: 192.168.34.20, host: pr-hdds-2470-fxbl9-3826649461, networkLocation: /default-rack, certSerialId: null}, Type:RATIS, Factor:ONE, State:ALLOCATED]
2019-11-13 21:55:15,825 [grpc-default-executor-0] INFO  impl.RaftServerProxy (RaftServerProxy.java:addNew(89)) - e8ced9c7-6cbf-4b34-8707-66e501603ac9: addNew group-E2DC85F55184:[e8ced9c7-6cbf-4b34-8707-66e501603ac9:192.168.34.20:34516] returns group-E2DC85F55184:java.util.concurrent.CompletableFuture@287667ce[Not completed]
2019-11-13 21:55:15,834 [pool-37-thread-1] INFO  impl.RaftServerImpl (RaftServerImpl.java:<init>(98)) - e8ced9c7-6cbf-4b34-8707-66e501603ac9: new RaftServerImpl for group-E2DC85F55184:[e8ced9c7-6cbf-4b34-8707-66e501603ac9:192.168.34.20:34516] with ContainerStateMachine:uninitialized
2019-11-13 21:55:15,835 [pool-37-thread-1] INFO  server.RaftServerConfigKeys (ConfUtils.java:logGet(43)) - raft.server.rpc.timeout.min = 5s (custom)
2019-11-13 21:55:15,835 [pool-37-thread-1] INFO  server.RaftServerConfigKeys (ConfUtils.java:logGet(43)) - raft.server.rpc.timeout.max = 5200ms (custom)
2019-11-13 21:55:15,835 [pool-37-thread-1] INFO  server.RaftServerConfigKeys (ConfUtils.java:logGet(43)) - raft.server.rpcslowness.timeout = 120s (custom)
2019-11-13 21:55:15,835 [pool-37-thread-1] INFO  server.RaftServerConfigKeys (ConfUtils.java:logGet(43)) - raft.server.sleep.deviation.threshold = 300 (default)
2019-11-13 21:55:15,835 [pool-37-thread-1] INFO  server.RaftServerConfigKeys (ConfUtils.java:logGet(43)) - raft.server.log.appender.install.snapshot.enabled = false (custom)
2019-11-13 21:55:15,835 [pool-37-thread-1] INFO  impl.RaftServerImpl (ServerState.java:<init>(103)) - e8ced9c7-6cbf-4b34-8707-66e501603ac9@group-E2DC85F55184: ConfigurationManager, init=-1: [e8ced9c7-6cbf-4b34-8707-66e501603ac9:192.168.34.20:34516], old=null, confs=<EMPTY_MAP>
2019-11-13 21:55:15,836 [pool-37-thread-1] INFO  server.RaftServerConfigKeys (ConfUtils.java:logGet(43)) - raft.server.storage.dir = [/workdir/hadoop-ozone/tools/target/test-dir/MiniOzoneClusterImpl-5b5b1002-d5c5-4197-9165-0cf04028de8e/datanode-1/data/ratis] (custom)
2019-11-13 21:55:15,836 [pool-37-thread-1] INFO  server.RaftServerConfigKeys (ConfUtils.java:logGet(43)) - raft.server.log.corruption.policy = EXCEPTION (default)
2019-11-13 21:55:15,836 [pool-37-thread-1] INFO  storage.RaftStorageDirectory (RaftStorageDirectory.java:analyzeStorage(246)) - The storage directory /workdir/hadoop-ozone/tools/target/test-dir/MiniOzoneClusterImpl-5b5b1002-d5c5-4197-9165-0cf04028de8e/datanode-1/data/ratis/a0717707-6234-485e-8707-e2dc85f55184 does not exist. Creating ...
2019-11-13 21:55:15,874 [pool-37-thread-1] INFO  storage.RaftStorageDirectory (RaftStorageDirectory.java:tryLock(328)) - Lock on /workdir/hadoop-ozone/tools/target/test-dir/MiniOzoneClusterImpl-5b5b1002-d5c5-4197-9165-0cf04028de8e/datanode-1/data/ratis/a0717707-6234-485e-8707-e2dc85f55184/in_use.lock acquired by nodename 30694@pr-hdds-2470-fxbl9-3826649461
2019-11-13 21:55:15,921 [pool-37-thread-1] INFO  storage.RaftStorage (RaftStorage.java:format(84)) - Storage directory /workdir/hadoop-ozone/tools/target/test-dir/MiniOzoneClusterImpl-5b5b1002-d5c5-4197-9165-0cf04028de8e/datanode-1/data/ratis/a0717707-6234-485e-8707-e2dc85f55184 has been successfully formatted.
2019-11-13 21:55:15,921 [pool-37-thread-1] INFO  ratis.ContainerStateMachine (ContainerStateMachine.java:loadSnapshot(223)) - group-E2DC85F55184: The snapshot info is null. Setting the last applied indexto:(t:0, i:~)
2019-11-13 21:55:15,921 [pool-37-thread-1] INFO  server.RaftServerConfigKeys (ConfUtils.java:logGet(43)) - raft.server.notification.no-leader.timeout = 120s (custom)
2019-11-13 21:55:15,922 [pool-37-thread-1] INFO  server.RaftServerConfigKeys (ConfUtils.java:logGet(43)) - raft.server.log.use.memory = false (default)
2019-11-13 21:55:15,922 [pool-37-thread-1] INFO  server.RaftServerConfigKeys (ConfUtils.java:logGet(43)) - raft.server.log.purge.gap = 1000000 (custom)
2019-11-13 21:55:15,922 [pool-37-thread-1] INFO  server.RaftServerConfigKeys (ConfUtils.java:logGet(43)) - raft.server.log.appender.buffer.byte-limit = 33554432 (custom)
2019-11-13 21:55:15,922 [pool-37-thread-1] INFO  server.RaftServerConfigKeys (ConfUtils.java:logGet(43)) - raft.server.log.segment.size.max = 1048576 (custom)
2019-11-13 21:55:15,922 [pool-37-thread-1] WARN  impl.MetricRegistriesImpl (MetricRegistriesImpl.java:lambda$create$1(61)) - First MetricRegistry has been created without registering reporters. You may need to call MetricRegistries.global().addReportRegistration(...) before.
2019-11-13 21:55:15,922 [pool-37-thread-1] INFO  server.RaftServerConfigKeys (ConfUtils.java:logGet(43)) - raft.server.log.segment.cache.num.max = 2 (custom)
2019-11-13 21:55:15,922 [pool-37-thread-1] INFO  segmented.SegmentedRaftLogWorker (SegmentedRaftLogWorker.java:<init>(173)) - new e8ced9c7-6cbf-4b34-8707-66e501603ac9@group-E2DC85F55184-SegmentedRaftLogWorker for RaftStorage:Storage Directory /workdir/hadoop-ozone/tools/target/test-dir/MiniOzoneClusterImpl-5b5b1002-d5c5-4197-9165-0cf04028de8e/datanode-1/data/ratis/a0717707-6234-485e-8707-e2dc85f55184
2019-11-13 21:55:15,922 [pool-37-thread-1] INFO  server.RaftServerConfigKeys (ConfUtils.java:logGet(43)) - raft.server.log.queue.byte-limit = 2147483647 (custom)
2019-11-13 21:55:15,923 [pool-37-thread-1] INFO  server.RaftServerConfigKeys (ConfUtils.java:logGet(43)) - raft.server.log.queue.element-limit = 1024 (custom)
2019-11-13 21:55:15,923 [pool-37-thread-1] INFO  server.RaftServerConfigKeys (ConfUtils.java:logGet(43)) - raft.server.log.segment.size.max = 1048576 (custom)
2019-11-13 21:55:15,923 [pool-37-thread-1] INFO  server.RaftServerConfigKeys (ConfUtils.java:logGet(43)) - raft.server.log.preallocated.size = 16384 (custom)
2019-11-13 21:55:15,923 [pool-37-thread-1] INFO  server.RaftServerConfigKeys (ConfUtils.java:logGet(43)) - raft.server.log.write.buffer.size = 33554432 (custom)
2019-11-13 21:55:15,923 [pool-37-thread-1] INFO  server.RaftServerConfigKeys (ConfUtils.java:logGet(43)) - raft.server.log.force.sync.num = 128 (default)
2019-11-13 21:55:15,923 [pool-37-thread-1] INFO  server.RaftServerConfigKeys (ConfUtils.java:logGet(43)) - raft.server.log.statemachine.data.sync = true (default)
2019-11-13 21:55:15,923 [pool-37-thread-1] INFO  server.RaftServerConfigKeys (ConfUtils.java:logGet(43)) - raft.server.log.statemachine.data.sync.timeout = 10s (default)
2019-11-13 21:55:15,923 [pool-37-thread-1] INFO  server.RaftServerConfigKeys (ConfUtils.java:logGet(43)) - raft.server.log.statemachine.data.sync.timeout.retry = -1 (default)
2019-11-13 21:55:15,924 [pool-37-thread-1] INFO  server.RaftServerConfigKeys (ConfUtils.java:logGet(43)) - raft.server.log.statemachine.data.caching.enabled = true (custom)
2019-11-13 21:55:15,924 [pool-37-thread-1] INFO  segmented.SegmentedRaftLogWorker (SegmentedRaftLogWorker.java:lambda$new$0(128)) - e8ced9c7-6cbf-4b34-8707-66e501603ac9@group-E2DC85F55184-SegmentedRaftLogWorker: flushIndex: setUnconditionally 0 -> -1
2019-11-13 21:55:15,924 [pool-37-thread-1] INFO  server.RaftServerConfigKeys (ConfUtils.java:logGet(43)) - raft.server.snapshot.auto.trigger.enabled = true (custom)
2019-11-13 21:55:15,924 [pool-37-thread-1] INFO  server.RaftServerConfigKeys (ConfUtils.java:logGet(43)) - raft.server.snapshot.auto.trigger.threshold = 10000 (custom)
2019-11-13 21:55:15,924 [pool-37-thread-1] INFO  server.RaftServerConfigKeys (ConfUtils.java:logGet(43)) - raft.server.snapshot.retention.file.num = 5 (custom)
2019-11-13 21:55:15,925 [pool-37-thread-1] INFO  server.RaftServerConfigKeys (ConfUtils.java:logGet(43)) - raft.server.retrycache.expirytime = 600000ms (custom)
2019-11-13 21:55:15,925 [pool-37-thread-1] WARN  impl.MetricRegistriesImpl (MetricRegistriesImpl.java:lambda$create$1(61)) - First MetricRegistry has been created without registering reporters. You may need to call MetricRegistries.global().addReportRegistration(...) before.
2019-11-13 21:55:15,925 [pool-37-thread-1] WARN  impl.MetricRegistriesImpl (MetricRegistriesImpl.java:lambda$create$1(61)) - First MetricRegistry has been created without registering reporters. You may need to call MetricRegistries.global().addReportRegistration(...) before.
2019-11-13 21:55:15,925 [pool-37-thread-1] INFO  impl.RaftServerImpl (RaftServerImpl.java:start(184)) - e8ced9c7-6cbf-4b34-8707-66e501603ac9@group-E2DC85F55184: start as a follower, conf=-1: [e8ced9c7-6cbf-4b34-8707-66e501603ac9:192.168.34.20:34516], old=null
2019-11-13 21:55:15,925 [pool-37-thread-1] INFO  impl.RaftServerImpl (RaftServerImpl.java:setRole(173)) - e8ced9c7-6cbf-4b34-8707-66e501603ac9@group-E2DC85F55184: changes role from      null to FOLLOWER at term 0 for startAsFollower
2019-11-13 21:55:15,925 [pool-37-thread-1] INFO  impl.RoleInfo (RoleInfo.java:updateAndGet(143)) - e8ced9c7-6cbf-4b34-8707-66e501603ac9: start FollowerState
2019-11-13 21:55:15,926 [pool-37-thread-1] INFO  util.JmxRegister (JmxRegister.java:tryRegister(44)) - Successfully registered JMX Bean with object name Ratis:service=RaftServer,group=group-E2DC85F55184,id=e8ced9c7-6cbf-4b34-8707-66e501603ac9
2019-11-13 21:55:15,926 [pool-37-thread-1] WARN  impl.MetricRegistriesImpl (MetricRegistriesImpl.java:lambda$create$1(61)) - First MetricRegistry has been created without registering reporters. You may need to call MetricRegistries.global().addReportRegistration(...) before.
2019-11-13 21:55:15,932 [RatisPipelineUtilsThread] INFO  pipeline.PipelineStateManager (PipelineStateManager.java:addPipeline(55)) - Created pipeline Pipeline[ Id: a0717707-6234-485e-8707-e2dc85f55184, Nodes: e8ced9c7-6cbf-4b34-8707-66e501603ac9{ip: 192.168.34.20, host: pr-hdds-2470-fxbl9-3826649461, networkLocation: /default-rack, certSerialId: null}, Type:RATIS, Factor:ONE, State:ALLOCATED]
2019-11-13 21:55:15,950 [grpc-default-executor-1] INFO  impl.RaftServerProxy (RaftServerProxy.java:addNew(89)) - f251cb10-a284-4816-bcd9-6a5fca322485: addNew group-9DEDFB0A9A07:[e8ced9c7-6cbf-4b34-8707-66e501603ac9:192.168.34.20:34516, d77ba411-c121-4894-aed9-0a060bb3d672:192.168.34.20:39248, f251cb10-a284-4816-bcd9-6a5fca322485:192.168.34.20:34653] returns group-9DEDFB0A9A07:java.util.concurrent.CompletableFuture@61ca1401[Not completed]
2019-11-13 21:55:15,950 [grpc-default-executor-2] INFO  impl.RaftServerProxy (RaftServerProxy.java:addNew(89)) - e8ced9c7-6cbf-4b34-8707-66e501603ac9: addNew group-9DEDFB0A9A07:[e8ced9c7-6cbf-4b34-8707-66e501603ac9:192.168.34.20:34516, d77ba411-c121-4894-aed9-0a060bb3d672:192.168.34.20:39248, f251cb10-a284-4816-bcd9-6a5fca322485:192.168.34.20:34653] returns group-9DEDFB0A9A07:java.util.concurrent.CompletableFuture@286ad9b0[Not completed]
2019-11-13 21:55:15,952 [grpc-default-executor-2] INFO  impl.RaftServerProxy (RaftServerProxy.java:addNew(89)) - d77ba411-c121-4894-aed9-0a060bb3d672: addNew group-9DEDFB0A9A07:[e8ced9c7-6cbf-4b34-8707-66e501603ac9:192.168.34.20:34516, d77ba411-c121-4894-aed9-0a060bb3d672:192.168.34.20:39248, f251cb10-a284-4816-bcd9-6a5fca322485:192.168.34.20:34653] returns group-9DEDFB0A9A07:java.util.concurrent.CompletableFuture@4e14bdcd[Not completed]
2019-11-13 21:55:15,952 [pool-27-thread-1] INFO  impl.RaftServerImpl (RaftServerImpl.java:<init>(98)) - f251cb10-a284-4816-bcd9-6a5fca322485: new RaftServerImpl for group-9DEDFB0A9A07:[e8ced9c7-6cbf-4b34-8707-66e501603ac9:192.168.34.20:34516, d77ba411-c121-4894-aed9-0a060bb3d672:192.168.34.20:39248, f251cb10-a284-4816-bcd9-6a5fca322485:192.168.34.20:34653] with ContainerStateMachine:uninitialized
2019-11-13 21:55:15,953 [pool-27-thread-1] INFO  server.RaftServerConfigKeys (ConfUtils.java:logGet(43)) - raft.server.rpc.timeout.min = 5s (custom)
2019-11-13 21:55:15,953 [pool-27-thread-1] INFO  server.RaftServerConfigKeys (ConfUtils.java:logGet(43)) - raft.server.rpc.timeout.max = 5200ms (custom)
2019-11-13 21:55:15,953 [pool-27-thread-1] INFO  server.RaftServerConfigKeys (ConfUtils.java:logGet(43)) - raft.server.rpcslowness.timeout = 120s (custom)
2019-11-13 21:55:15,953 [pool-27-thread-1] INFO  server.RaftServerConfigKeys (ConfUtils.java:logGet(43)) - raft.server.sleep.deviation.threshold = 300 (default)
2019-11-13 21:55:15,953 [pool-27-thread-1] INFO  server.RaftServerConfigKeys (ConfUtils.java:logGet(43)) - raft.server.log.appender.install.snapshot.enabled = false (custom)
2019-11-13 21:55:15,953 [pool-27-thread-1] INFO  impl.RaftServerImpl (ServerState.java:<init>(103)) - f251cb10-a284-4816-bcd9-6a5fca322485@group-9DEDFB0A9A07: ConfigurationManager, init=-1: [e8ced9c7-6cbf-4b34-8707-66e501603ac9:192.168.34.20:34516, d77ba411-c121-4894-aed9-0a060bb3d672:192.168.34.20:39248, f251cb10-a284-4816-bcd9-6a5fca322485:192.168.34.20:34653], old=null, confs=<EMPTY_MAP>
2019-11-13 21:55:15,953 [pool-27-thread-1] INFO  server.RaftServerConfigKeys (ConfUtils.java:logGet(43)) - raft.server.storage.dir = [/workdir/hadoop-ozone/tools/target/test-dir/MiniOzoneClusterImpl-5b5b1002-d5c5-4197-9165-0cf04028de8e/datanode-0/data/ratis] (custom)
2019-11-13 21:55:15,953 [pool-37-thread-1] INFO  impl.RaftServerImpl (RaftServerImpl.java:<init>(98)) - e8ced9c7-6cbf-4b34-8707-66e501603ac9: new RaftServerImpl for group-9DEDFB0A9A07:[e8ced9c7-6cbf-4b34-8707-66e501603ac9:192.168.34.20:34516, d77ba411-c121-4894-aed9-0a060bb3d672:192.168.34.20:39248, f251cb10-a284-4816-bcd9-6a5fca322485:192.168.34.20:34653] with ContainerStateMachine:uninitialized
2019-11-13 21:55:15,954 [pool-37-thread-1] INFO  server.RaftServerConfigKeys (ConfUtils.java:logGet(43)) - raft.server.rpc.timeout.min = 5s (custom)
2019-11-13 21:55:15,954 [pool-27-thread-1] INFO  server.RaftServerConfigKeys (ConfUtils.java:logGet(43)) - raft.server.log.corruption.policy = EXCEPTION (default)
2019-11-13 21:55:15,954 [pool-37-thread-1] INFO  server.RaftServerConfigKeys (ConfUtils.java:logGet(43)) - raft.server.rpc.timeout.max = 5200ms (custom)
2019-11-13 21:55:15,954 [pool-27-thread-1] INFO  storage.RaftStorageDirectory (RaftStorageDirectory.java:analyzeStorage(246)) - The storage directory /workdir/hadoop-ozone/tools/target/test-dir/MiniOzoneClusterImpl-5b5b1002-d5c5-4197-9165-0cf04028de8e/datanode-0/data/ratis/ce377c7d-9567-44bb-af5c-9dedfb0a9a07 does not exist. Creating ...
2019-11-13 21:55:15,954 [pool-37-thread-1] INFO  server.RaftServerConfigKeys (ConfUtils.java:logGet(43)) - raft.server.rpcslowness.timeout = 120s (custom)
2019-11-13 21:55:15,954 [pool-47-thread-1] INFO  impl.RaftServerImpl (RaftServerImpl.java:<init>(98)) - d77ba411-c121-4894-aed9-0a060bb3d672: new RaftServerImpl for group-9DEDFB0A9A07:[e8ced9c7-6cbf-4b34-8707-66e501603ac9:192.168.34.20:34516, d77ba411-c121-4894-aed9-0a060bb3d672:192.168.34.20:39248, f251cb10-a284-4816-bcd9-6a5fca322485:192.168.34.20:34653] with ContainerStateMachine:uninitialized
2019-11-13 21:55:15,954 [pool-37-thread-1] INFO  server.RaftServerConfigKeys (ConfUtils.java:logGet(43)) - raft.server.sleep.deviation.threshold = 300 (default)
2019-11-13 21:55:15,954 [pool-47-thread-1] INFO  server.RaftServerConfigKeys (ConfUtils.java:logGet(43)) - raft.server.rpc.timeout.min = 5s (custom)
2019-11-13 21:55:15,954 [pool-37-thread-1] INFO  server.RaftServerConfigKeys (ConfUtils.java:logGet(43)) - raft.server.log.appender.install.snapshot.enabled = false (custom)
2019-11-13 21:55:15,954 [pool-47-thread-1] INFO  server.RaftServerConfigKeys (ConfUtils.java:logGet(43)) - raft.server.rpc.timeout.max = 5200ms (custom)
2019-11-13 21:55:15,954 [pool-37-thread-1] INFO  impl.RaftServerImpl (ServerState.java:<init>(103)) - e8ced9c7-6cbf-4b34-8707-66e501603ac9@group-9DEDFB0A9A07: ConfigurationManager, init=-1: [e8ced9c7-6cbf-4b34-8707-66e501603ac9:192.168.34.20:34516, d77ba411-c121-4894-aed9-0a060bb3d672:192.168.34.20:39248, f251cb10-a284-4816-bcd9-6a5fca322485:192.168.34.20:34653], old=null, confs=<EMPTY_MAP>
2019-11-13 21:55:15,955 [pool-47-thread-1] INFO  server.RaftServerConfigKeys (ConfUtils.java:logGet(43)) - raft.server.rpcslowness.timeout = 120s (custom)
2019-11-13 21:55:15,955 [pool-47-thread-1] INFO  server.RaftServerConfigKeys (ConfUtils.java:logGet(43)) - raft.server.sleep.deviation.threshold = 300 (default)
2019-11-13 21:55:15,955 [pool-37-thread-1] INFO  server.RaftServerConfigKeys (ConfUtils.java:logGet(43)) - raft.server.storage.dir = [/workdir/hadoop-ozone/tools/target/test-dir/MiniOzoneClusterImpl-5b5b1002-d5c5-4197-9165-0cf04028de8e/datanode-1/data/ratis] (custom)
2019-11-13 21:55:15,955 [pool-47-thread-1] INFO  server.RaftServerConfigKeys (ConfUtils.java:logGet(43)) - raft.server.log.appender.install.snapshot.enabled = false (custom)
2019-11-13 21:55:15,955 [pool-47-thread-1] INFO  impl.RaftServerImpl (ServerState.java:<init>(103)) - d77ba411-c121-4894-aed9-0a060bb3d672@group-9DEDFB0A9A07: ConfigurationManager, init=-1: [e8ced9c7-6cbf-4b34-8707-66e501603ac9:192.168.34.20:34516, d77ba411-c121-4894-aed9-0a060bb3d672:192.168.34.20:39248, f251cb10-a284-4816-bcd9-6a5fca322485:192.168.34.20:34653], old=null, confs=<EMPTY_MAP>
2019-11-13 21:55:15,955 [pool-37-thread-1] INFO  server.RaftServerConfigKeys (ConfUtils.java:logGet(43)) - raft.server.log.corruption.policy = EXCEPTION (default)
2019-11-13 21:55:15,955 [pool-47-thread-1] INFO  server.RaftServerConfigKeys (ConfUtils.java:logGet(43)) - raft.server.storage.dir = [/workdir/hadoop-ozone/tools/target/test-dir/MiniOzoneClusterImpl-5b5b1002-d5c5-4197-9165-0cf04028de8e/datanode-2/data/ratis] (custom)
2019-11-13 21:55:15,955 [pool-37-thread-1] INFO  storage.RaftStorageDirectory (RaftStorageDirectory.java:analyzeStorage(246)) - The storage directory /workdir/hadoop-ozone/tools/target/test-dir/MiniOzoneClusterImpl-5b5b1002-d5c5-4197-9165-0cf04028de8e/datanode-1/data/ratis/ce377c7d-9567-44bb-af5c-9dedfb0a9a07 does not exist. Creating ...
2019-11-13 21:55:15,955 [pool-47-thread-1] INFO  server.RaftServerConfigKeys (ConfUtils.java:logGet(43)) - raft.server.log.corruption.policy = EXCEPTION (default)
2019-11-13 21:55:15,955 [pool-47-thread-1] INFO  storage.RaftStorageDirectory (RaftStorageDirectory.java:analyzeStorage(246)) - The storage directory /workdir/hadoop-ozone/tools/target/test-dir/MiniOzoneClusterImpl-5b5b1002-d5c5-4197-9165-0cf04028de8e/datanode-2/data/ratis/ce377c7d-9567-44bb-af5c-9dedfb0a9a07 does not exist. Creating ...
2019-11-13 21:55:16,031 [pool-27-thread-1] INFO  storage.RaftStorageDirectory (RaftStorageDirectory.java:tryLock(328)) - Lock on /workdir/hadoop-ozone/tools/target/test-dir/MiniOzoneClusterImpl-5b5b1002-d5c5-4197-9165-0cf04028de8e/datanode-0/data/ratis/ce377c7d-9567-44bb-af5c-9dedfb0a9a07/in_use.lock acquired by nodename 30694@pr-hdds-2470-fxbl9-3826649461
2019-11-13 21:55:16,032 [pool-47-thread-1] INFO  storage.RaftStorageDirectory (RaftStorageDirectory.java:tryLock(328)) - Lock on /workdir/hadoop-ozone/tools/target/test-dir/MiniOzoneClusterImpl-5b5b1002-d5c5-4197-9165-0cf04028de8e/datanode-2/data/ratis/ce377c7d-9567-44bb-af5c-9dedfb0a9a07/in_use.lock acquired by nodename 30694@pr-hdds-2470-fxbl9-3826649461
2019-11-13 21:55:16,032 [pool-37-thread-1] INFO  storage.RaftStorageDirectory (RaftStorageDirectory.java:tryLock(328)) - Lock on /workdir/hadoop-ozone/tools/target/test-dir/MiniOzoneClusterImpl-5b5b1002-d5c5-4197-9165-0cf04028de8e/datanode-1/data/ratis/ce377c7d-9567-44bb-af5c-9dedfb0a9a07/in_use.lock acquired by nodename 30694@pr-hdds-2470-fxbl9-3826649461
2019-11-13 21:55:16,070 [pool-27-thread-1] INFO  storage.RaftStorage (RaftStorage.java:format(84)) - Storage directory /workdir/hadoop-ozone/tools/target/test-dir/MiniOzoneClusterImpl-5b5b1002-d5c5-4197-9165-0cf04028de8e/datanode-0/data/ratis/ce377c7d-9567-44bb-af5c-9dedfb0a9a07 has been successfully formatted.
2019-11-13 21:55:16,070 [pool-47-thread-1] INFO  storage.RaftStorage (RaftStorage.java:format(84)) - Storage directory /workdir/hadoop-ozone/tools/target/test-dir/MiniOzoneClusterImpl-5b5b1002-d5c5-4197-9165-0cf04028de8e/datanode-2/data/ratis/ce377c7d-9567-44bb-af5c-9dedfb0a9a07 has been successfully formatted.
2019-11-13 21:55:16,070 [pool-37-thread-1] INFO  storage.RaftStorage (RaftStorage.java:format(84)) - Storage directory /workdir/hadoop-ozone/tools/target/test-dir/MiniOzoneClusterImpl-5b5b1002-d5c5-4197-9165-0cf04028de8e/datanode-1/data/ratis/ce377c7d-9567-44bb-af5c-9dedfb0a9a07 has been successfully formatted.
2019-11-13 21:55:16,070 [pool-27-thread-1] INFO  ratis.ContainerStateMachine (ContainerStateMachine.java:loadSnapshot(223)) - group-9DEDFB0A9A07: The snapshot info is null. Setting the last applied indexto:(t:0, i:~)
2019-11-13 21:55:16,070 [pool-47-thread-1] INFO  ratis.ContainerStateMachine (ContainerStateMachine.java:loadSnapshot(223)) - group-9DEDFB0A9A07: The snapshot info is null. Setting the last applied indexto:(t:0, i:~)
2019-11-13 21:55:16,070 [pool-27-thread-1] INFO  server.RaftServerConfigKeys (ConfUtils.java:logGet(43)) - raft.server.notification.no-leader.timeout = 120s (custom)
2019-11-13 21:55:16,070 [pool-47-thread-1] INFO  server.RaftServerConfigKeys (ConfUtils.java:logGet(43)) - raft.server.notification.no-leader.timeout = 120s (custom)
2019-11-13 21:55:16,070 [pool-37-thread-1] INFO  ratis.ContainerStateMachine (ContainerStateMachine.java:loadSnapshot(223)) - group-9DEDFB0A9A07: The snapshot info is null. Setting the last applied indexto:(t:0, i:~)
2019-11-13 21:55:16,070 [pool-47-thread-1] INFO  server.RaftServerConfigKeys (ConfUtils.java:logGet(43)) - raft.server.log.use.memory = false (default)
2019-11-13 21:55:16,070 [pool-27-thread-1] INFO  server.RaftServerConfigKeys (ConfUtils.java:logGet(43)) - raft.server.log.use.memory = false (default)
2019-11-13 21:55:16,071 [pool-47-thread-1] INFO  server.RaftServerConfigKeys (ConfUtils.java:logGet(43)) - raft.server.log.purge.gap = 1000000 (custom)
2019-11-13 21:55:16,071 [pool-37-thread-1] INFO  server.RaftServerConfigKeys (ConfUtils.java:logGet(43)) - raft.server.notification.no-leader.timeout = 120s (custom)
2019-11-13 21:55:16,071 [pool-47-thread-1] INFO  server.RaftServerConfigKeys (ConfUtils.java:logGet(43)) - raft.server.log.appender.buffer.byte-limit = 33554432 (custom)
2019-11-13 21:55:16,071 [pool-27-thread-1] INFO  server.RaftServerConfigKeys (ConfUtils.java:logGet(43)) - raft.server.log.purge.gap = 1000000 (custom)
2019-11-13 21:55:16,071 [pool-47-thread-1] INFO  server.RaftServerConfigKeys (ConfUtils.java:logGet(43)) - raft.server.log.segment.size.max = 1048576 (custom)
2019-11-13 21:55:16,071 [pool-37-thread-1] INFO  server.RaftServerConfigKeys (ConfUtils.java:logGet(43)) - raft.server.log.use.memory = false (default)
2019-11-13 21:55:16,071 [pool-27-thread-1] INFO  server.RaftServerConfigKeys (ConfUtils.java:logGet(43)) - raft.server.log.appender.buffer.byte-limit = 33554432 (custom)
2019-11-13 21:55:16,071 [pool-37-thread-1] INFO  server.RaftServerConfigKeys (ConfUtils.java:logGet(43)) - raft.server.log.purge.gap = 1000000 (custom)
2019-11-13 21:55:16,071 [pool-47-thread-1] INFO  server.RaftServerConfigKeys (ConfUtils.java:logGet(43)) - raft.server.log.segment.cache.num.max = 2 (custom)
2019-11-13 21:55:16,071 [pool-37-thread-1] INFO  server.RaftServerConfigKeys (ConfUtils.java:logGet(43)) - raft.server.log.appender.buffer.byte-limit = 33554432 (custom)
2019-11-13 21:55:16,071 [pool-27-thread-1] INFO  server.RaftServerConfigKeys (ConfUtils.java:logGet(43)) - raft.server.log.segment.size.max = 1048576 (custom)
2019-11-13 21:55:16,072 [pool-37-thread-1] INFO  server.RaftServerConfigKeys (ConfUtils.java:logGet(43)) - raft.server.log.segment.size.max = 1048576 (custom)
2019-11-13 21:55:16,071 [pool-47-thread-1] INFO  segmented.SegmentedRaftLogWorker (SegmentedRaftLogWorker.java:<init>(173)) - new d77ba411-c121-4894-aed9-0a060bb3d672@group-9DEDFB0A9A07-SegmentedRaftLogWorker for RaftStorage:Storage Directory /workdir/hadoop-ozone/tools/target/test-dir/MiniOzoneClusterImpl-5b5b1002-d5c5-4197-9165-0cf04028de8e/datanode-2/data/ratis/ce377c7d-9567-44bb-af5c-9dedfb0a9a07
2019-11-13 21:55:16,072 [pool-37-thread-1] INFO  server.RaftServerConfigKeys (ConfUtils.java:logGet(43)) - raft.server.log.segment.cache.num.max = 2 (custom)
2019-11-13 21:55:16,072 [pool-27-thread-1] INFO  server.RaftServerConfigKeys (ConfUtils.java:logGet(43)) - raft.server.log.segment.cache.num.max = 2 (custom)
2019-11-13 21:55:16,072 [pool-37-thread-1] INFO  segmented.SegmentedRaftLogWorker (SegmentedRaftLogWorker.java:<init>(173)) - new e8ced9c7-6cbf-4b34-8707-66e501603ac9@group-9DEDFB0A9A07-SegmentedRaftLogWorker for RaftStorage:Storage Directory /workdir/hadoop-ozone/tools/target/test-dir/MiniOzoneClusterImpl-5b5b1002-d5c5-4197-9165-0cf04028de8e/datanode-1/data/ratis/ce377c7d-9567-44bb-af5c-9dedfb0a9a07
2019-11-13 21:55:16,072 [pool-47-thread-1] INFO  server.RaftServerConfigKeys (ConfUtils.java:logGet(43)) - raft.server.log.queue.byte-limit = 2147483647 (custom)
2019-11-13 21:55:16,072 [pool-37-thread-1] INFO  server.RaftServerConfigKeys (ConfUtils.java:logGet(43)) - raft.server.log.queue.byte-limit = 2147483647 (custom)
2019-11-13 21:55:16,072 [pool-27-thread-1] INFO  segmented.SegmentedRaftLogWorker (SegmentedRaftLogWorker.java:<init>(173)) - new f251cb10-a284-4816-bcd9-6a5fca322485@group-9DEDFB0A9A07-SegmentedRaftLogWorker for RaftStorage:Storage Directory /workdir/hadoop-ozone/tools/target/test-dir/MiniOzoneClusterImpl-5b5b1002-d5c5-4197-9165-0cf04028de8e/datanode-0/data/ratis/ce377c7d-9567-44bb-af5c-9dedfb0a9a07
2019-11-13 21:55:16,072 [pool-37-thread-1] INFO  server.RaftServerConfigKeys (ConfUtils.java:logGet(43)) - raft.server.log.queue.element-limit = 1024 (custom)
2019-11-13 21:55:16,072 [pool-47-thread-1] INFO  server.RaftServerConfigKeys (ConfUtils.java:logGet(43)) - raft.server.log.queue.element-limit = 1024 (custom)
2019-11-13 21:55:16,072 [pool-37-thread-1] INFO  server.RaftServerConfigKeys (ConfUtils.java:logGet(43)) - raft.server.log.segment.size.max = 1048576 (custom)
2019-11-13 21:55:16,072 [pool-27-thread-1] INFO  server.RaftServerConfigKeys (ConfUtils.java:logGet(43)) - raft.server.log.queue.byte-limit = 2147483647 (custom)
2019-11-13 21:55:16,073 [pool-37-thread-1] INFO  server.RaftServerConfigKeys (ConfUtils.java:logGet(43)) - raft.server.log.preallocated.size = 16384 (custom)
2019-11-13 21:55:16,072 [pool-47-thread-1] INFO  server.RaftServerConfigKeys (ConfUtils.java:logGet(43)) - raft.server.log.segment.size.max = 1048576 (custom)
2019-11-13 21:55:16,073 [pool-37-thread-1] INFO  server.RaftServerConfigKeys (ConfUtils.java:logGet(43)) - raft.server.log.write.buffer.size = 33554432 (custom)
2019-11-13 21:55:16,073 [pool-27-thread-1] INFO  server.RaftServerConfigKeys (ConfUtils.java:logGet(43)) - raft.server.log.queue.element-limit = 1024 (custom)
2019-11-13 21:55:16,073 [pool-37-thread-1] INFO  server.RaftServerConfigKeys (ConfUtils.java:logGet(43)) - raft.server.log.force.sync.num = 128 (default)
2019-11-13 21:55:16,073 [pool-47-thread-1] INFO  server.RaftServerConfigKeys (ConfUtils.java:logGet(43)) - raft.server.log.preallocated.size = 16384 (custom)
2019-11-13 21:55:16,073 [pool-37-thread-1] INFO  server.RaftServerConfigKeys (ConfUtils.java:logGet(43)) - raft.server.log.statemachine.data.sync = true (default)
2019-11-13 21:55:16,073 [pool-27-thread-1] INFO  server.RaftServerConfigKeys (ConfUtils.java:logGet(43)) - raft.server.log.segment.size.max = 1048576 (custom)
2019-11-13 21:55:16,073 [pool-37-thread-1] INFO  server.RaftServerConfigKeys (ConfUtils.java:logGet(43)) - raft.server.log.statemachine.data.sync.timeout = 10s (default)
2019-11-13 21:55:16,073 [pool-47-thread-1] INFO  server.RaftServerConfigKeys (ConfUtils.java:logGet(43)) - raft.server.log.write.buffer.size = 33554432 (custom)
2019-11-13 21:55:16,073 [pool-37-thread-1] INFO  server.RaftServerConfigKeys (ConfUtils.java:logGet(43)) - raft.server.log.statemachine.data.sync.timeout.retry = -1 (default)
2019-11-13 21:55:16,073 [pool-27-thread-1] INFO  server.RaftServerConfigKeys (ConfUtils.java:logGet(43)) - raft.server.log.preallocated.size = 16384 (custom)
2019-11-13 21:55:16,074 [pool-47-thread-1] INFO  server.RaftServerConfigKeys (ConfUtils.java:logGet(43)) - raft.server.log.force.sync.num = 128 (default)
2019-11-13 21:55:16,074 [pool-27-thread-1] INFO  server.RaftServerConfigKeys (ConfUtils.java:logGet(43)) - raft.server.log.write.buffer.size = 33554432 (custom)
2019-11-13 21:55:16,074 [pool-37-thread-1] INFO  server.RaftServerConfigKeys (ConfUtils.java:logGet(43)) - raft.server.log.statemachine.data.caching.enabled = true (custom)
2019-11-13 21:55:16,074 [pool-27-thread-1] INFO  server.RaftServerConfigKeys (ConfUtils.java:logGet(43)) - raft.server.log.force.sync.num = 128 (default)
2019-11-13 21:55:16,074 [pool-47-thread-1] INFO  server.RaftServerConfigKeys (ConfUtils.java:logGet(43)) - raft.server.log.statemachine.data.sync = true (default)
2019-11-13 21:55:16,074 [pool-27-thread-1] INFO  server.RaftServerConfigKeys (ConfUtils.java:logGet(43)) - raft.server.log.statemachine.data.sync = true (default)
2019-11-13 21:55:16,074 [pool-47-thread-1] INFO  server.RaftServerConfigKeys (ConfUtils.java:logGet(43)) - raft.server.log.statemachine.data.sync.timeout = 10s (default)
2019-11-13 21:55:16,074 [pool-37-thread-1] INFO  segmented.SegmentedRaftLogWorker (SegmentedRaftLogWorker.java:lambda$new$0(128)) - e8ced9c7-6cbf-4b34-8707-66e501603ac9@group-9DEDFB0A9A07-SegmentedRaftLogWorker: flushIndex: setUnconditionally 0 -> -1
2019-11-13 21:55:16,074 [pool-47-thread-1] INFO  server.RaftServerConfigKeys (ConfUtils.java:logGet(43)) - raft.server.log.statemachine.data.sync.timeout.retry = -1 (default)
2019-11-13 21:55:16,074 [pool-27-thread-1] INFO  server.RaftServerConfigKeys (ConfUtils.java:logGet(43)) - raft.server.log.statemachine.data.sync.timeout = 10s (default)
2019-11-13 21:55:16,075 [pool-37-thread-1] INFO  server.RaftServerConfigKeys (ConfUtils.java:logGet(43)) - raft.server.snapshot.auto.trigger.enabled = true (custom)
2019-11-13 21:55:16,075 [pool-27-thread-1] INFO  server.RaftServerConfigKeys (ConfUtils.java:logGet(43)) - raft.server.log.statemachine.data.sync.timeout.retry = -1 (default)
2019-11-13 21:55:16,075 [pool-47-thread-1] INFO  server.RaftServerConfigKeys (ConfUtils.java:logGet(43)) - raft.server.log.statemachine.data.caching.enabled = true (custom)
2019-11-13 21:55:16,075 [pool-37-thread-1] INFO  server.RaftServerConfigKeys (ConfUtils.java:logGet(43)) - raft.server.snapshot.auto.trigger.threshold = 10000 (custom)
2019-11-13 21:55:16,075 [pool-27-thread-1] INFO  server.RaftServerConfigKeys (ConfUtils.java:logGet(43)) - raft.server.log.statemachine.data.caching.enabled = true (custom)
2019-11-13 21:55:16,075 [pool-37-thread-1] INFO  server.RaftServerConfigKeys (ConfUtils.java:logGet(43)) - raft.server.snapshot.retention.file.num = 5 (custom)
2019-11-13 21:55:16,075 [pool-47-thread-1] INFO  segmented.SegmentedRaftLogWorker (SegmentedRaftLogWorker.java:lambda$new$0(128)) - d77ba411-c121-4894-aed9-0a060bb3d672@group-9DEDFB0A9A07-SegmentedRaftLogWorker: flushIndex: setUnconditionally 0 -> -1
2019-11-13 21:55:16,075 [pool-37-thread-1] INFO  server.RaftServerConfigKeys (ConfUtils.java:logGet(43)) - raft.server.retrycache.expirytime = 600000ms (custom)
2019-11-13 21:55:16,075 [pool-27-thread-1] INFO  segmented.SegmentedRaftLogWorker (SegmentedRaftLogWorker.java:lambda$new$0(128)) - f251cb10-a284-4816-bcd9-6a5fca322485@group-9DEDFB0A9A07-SegmentedRaftLogWorker: flushIndex: setUnconditionally 0 -> -1
2019-11-13 21:55:16,075 [pool-37-thread-1] WARN  impl.MetricRegistriesImpl (MetricRegistriesImpl.java:lambda$create$1(61)) - First MetricRegistry has been created without registering reporters. You may need to call MetricRegistries.global().addReportRegistration(...) before.
2019-11-13 21:55:16,075 [pool-47-thread-1] INFO  server.RaftServerConfigKeys (ConfUtils.java:logGet(43)) - raft.server.snapshot.auto.trigger.enabled = true (custom)
2019-11-13 21:55:16,076 [pool-27-thread-1] INFO  server.RaftServerConfigKeys (ConfUtils.java:logGet(43)) - raft.server.snapshot.auto.trigger.enabled = true (custom)
2019-11-13 21:55:16,076 [pool-37-thread-1] WARN  impl.MetricRegistriesImpl (MetricRegistriesImpl.java:lambda$create$1(61)) - First MetricRegistry has been created without registering reporters. You may need to call MetricRegistries.global().addReportRegistration(...) before.
2019-11-13 21:55:16,076 [pool-27-thread-1] INFO  server.RaftServerConfigKeys (ConfUtils.java:logGet(43)) - raft.server.snapshot.auto.trigger.threshold = 10000 (custom)
2019-11-13 21:55:16,076 [pool-47-thread-1] INFO  server.RaftServerConfigKeys (ConfUtils.java:logGet(43)) - raft.server.snapshot.auto.trigger.threshold = 10000 (custom)
2019-11-13 21:55:16,076 [pool-27-thread-1] INFO  server.RaftServerConfigKeys (ConfUtils.java:logGet(43)) - raft.server.snapshot.retention.file.num = 5 (custom)
2019-11-13 21:55:16,076 [pool-37-thread-1] INFO  impl.RaftServerImpl (RaftServerImpl.java:start(184)) - e8ced9c7-6cbf-4b34-8707-66e501603ac9@group-9DEDFB0A9A07: start as a follower, conf=-1: [e8ced9c7-6cbf-4b34-8707-66e501603ac9:192.168.34.20:34516, d77ba411-c121-4894-aed9-0a060bb3d672:192.168.34.20:39248, f251cb10-a284-4816-bcd9-6a5fca322485:192.168.34.20:34653], old=null
2019-11-13 21:55:16,076 [pool-47-thread-1] INFO  server.RaftServerConfigKeys (ConfUtils.java:logGet(43)) - raft.server.snapshot.retention.file.num = 5 (custom)
2019-11-13 21:55:16,076 [pool-37-thread-1] INFO  impl.RaftServerImpl (RaftServerImpl.java:setRole(173)) - e8ced9c7-6cbf-4b34-8707-66e501603ac9@group-9DEDFB0A9A07: changes role from      null to FOLLOWER at term 0 for startAsFollower
2019-11-13 21:55:16,076 [pool-27-thread-1] INFO  server.RaftServerConfigKeys (ConfUtils.java:logGet(43)) - raft.server.retrycache.expirytime = 600000ms (custom)
2019-11-13 21:55:16,076 [pool-37-thread-1] INFO  impl.RoleInfo (RoleInfo.java:updateAndGet(143)) - e8ced9c7-6cbf-4b34-8707-66e501603ac9: start FollowerState
2019-11-13 21:55:16,076 [pool-27-thread-1] WARN  impl.MetricRegistriesImpl (MetricRegistriesImpl.java:lambda$create$1(61)) - First MetricRegistry has been created without registering reporters. You may need to call MetricRegistries.global().addReportRegistration(...) before.
2019-11-13 21:55:16,076 [pool-47-thread-1] INFO  server.RaftServerConfigKeys (ConfUtils.java:logGet(43)) - raft.server.retrycache.expirytime = 600000ms (custom)
2019-11-13 21:55:16,077 [pool-27-thread-1] WARN  impl.MetricRegistriesImpl (MetricRegistriesImpl.java:lambda$create$1(61)) - First MetricRegistry has been created without registering reporters. You may need to call MetricRegistries.global().addReportRegistration(...) before.
2019-11-13 21:55:16,077 [pool-47-thread-1] WARN  impl.MetricRegistriesImpl (MetricRegistriesImpl.java:lambda$create$1(61)) - First MetricRegistry has been created without registering reporters. You may need to call MetricRegistries.global().addReportRegistration(...) before.
2019-11-13 21:55:16,077 [pool-37-thread-1] INFO  util.JmxRegister (JmxRegister.java:tryRegister(44)) - Successfully registered JMX Bean with object name Ratis:service=RaftServer,group=group-9DEDFB0A9A07,id=e8ced9c7-6cbf-4b34-8707-66e501603ac9
2019-11-13 21:55:16,077 [pool-47-thread-1] WARN  impl.MetricRegistriesImpl (MetricRegistriesImpl.java:lambda$create$1(61)) - First MetricRegistry has been created without registering reporters. You may need to call MetricRegistries.global().addReportRegistration(...) before.
2019-11-13 21:55:16,077 [pool-27-thread-1] INFO  impl.RaftServerImpl (RaftServerImpl.java:start(184)) - f251cb10-a284-4816-bcd9-6a5fca322485@group-9DEDFB0A9A07: start as a follower, conf=-1: [e8ced9c7-6cbf-4b34-8707-66e501603ac9:192.168.34.20:34516, d77ba411-c121-4894-aed9-0a060bb3d672:192.168.34.20:39248, f251cb10-a284-4816-bcd9-6a5fca322485:192.168.34.20:34653], old=null
2019-11-13 21:55:16,077 [pool-37-thread-1] WARN  impl.MetricRegistriesImpl (MetricRegistriesImpl.java:lambda$create$1(61)) - First MetricRegistry has been created without registering reporters. You may need to call MetricRegistries.global().addReportRegistration(...) before.
2019-11-13 21:55:16,077 [pool-27-thread-1] INFO  impl.RaftServerImpl (RaftServerImpl.java:setRole(173)) - f251cb10-a284-4816-bcd9-6a5fca322485@group-9DEDFB0A9A07: changes role from      null to FOLLOWER at term 0 for startAsFollower
2019-11-13 21:55:16,077 [pool-47-thread-1] INFO  impl.RaftServerImpl (RaftServerImpl.java:start(184)) - d77ba411-c121-4894-aed9-0a060bb3d672@group-9DEDFB0A9A07: start as a follower, conf=-1: [e8ced9c7-6cbf-4b34-8707-66e501603ac9:192.168.34.20:34516, d77ba411-c121-4894-aed9-0a060bb3d672:192.168.34.20:39248, f251cb10-a284-4816-bcd9-6a5fca322485:192.168.34.20:34653], old=null
2019-11-13 21:55:16,077 [pool-27-thread-1] INFO  impl.RoleInfo (RoleInfo.java:updateAndGet(143)) - f251cb10-a284-4816-bcd9-6a5fca322485: start FollowerState
2019-11-13 21:55:16,077 [pool-47-thread-1] INFO  impl.RaftServerImpl (RaftServerImpl.java:setRole(173)) - d77ba411-c121-4894-aed9-0a060bb3d672@group-9DEDFB0A9A07: changes role from      null to FOLLOWER at term 0 for startAsFollower
2019-11-13 21:55:16,078 [pool-47-thread-1] INFO  impl.RoleInfo (RoleInfo.java:updateAndGet(143)) - d77ba411-c121-4894-aed9-0a060bb3d672: start FollowerState
2019-11-13 21:55:16,078 [pool-27-thread-1] INFO  util.JmxRegister (JmxRegister.java:tryRegister(44)) - Successfully registered JMX Bean with object name Ratis:service=RaftServer,group=group-9DEDFB0A9A07,id=f251cb10-a284-4816-bcd9-6a5fca322485
2019-11-13 21:55:16,078 [pool-27-thread-1] WARN  impl.MetricRegistriesImpl (MetricRegistriesImpl.java:lambda$create$1(61)) - First MetricRegistry has been created without registering reporters. You may need to call MetricRegistries.global().addReportRegistration(...) before.
2019-11-13 21:55:16,078 [pool-47-thread-1] INFO  util.JmxRegister (JmxRegister.java:tryRegister(44)) - Successfully registered JMX Bean with object name Ratis:service=RaftServer,group=group-9DEDFB0A9A07,id=d77ba411-c121-4894-aed9-0a060bb3d672
2019-11-13 21:55:16,078 [pool-47-thread-1] WARN  impl.MetricRegistriesImpl (MetricRegistriesImpl.java:lambda$create$1(61)) - First MetricRegistry has been created without registering reporters. You may need to call MetricRegistries.global().addReportRegistration(...) before.
2019-11-13 21:55:16,090 [RatisPipelineUtilsThread] INFO  pipeline.PipelineStateManager (PipelineStateManager.java:addPipeline(55)) - Created pipeline Pipeline[ Id: ce377c7d-9567-44bb-af5c-9dedfb0a9a07, Nodes: d77ba411-c121-4894-aed9-0a060bb3d672{ip: 192.168.34.20, host: pr-hdds-2470-fxbl9-3826649461, networkLocation: /default-rack, certSerialId: null}f251cb10-a284-4816-bcd9-6a5fca322485{ip: 192.168.34.20, host: pr-hdds-2470-fxbl9-3826649461, networkLocation: /default-rack, certSerialId: null}e8ced9c7-6cbf-4b34-8707-66e501603ac9{ip: 192.168.34.20, host: pr-hdds-2470-fxbl9-3826649461, networkLocation: /default-rack, certSerialId: null}, Type:RATIS, Factor:THREE, State:ALLOCATED]
2019-11-13 21:55:16,092 [main] INFO  ozone.MiniOzoneClusterImpl (MiniOzoneClusterImpl.java:lambda$waitForClusterToBeReady$2(163)) - Waiting for 4 number of pipelines out of 4, to report a leader.
2019-11-13 21:55:17,093 [main] INFO  ozone.MiniOzoneClusterImpl (MiniOzoneClusterImpl.java:lambda$waitForClusterToBeReady$2(163)) - Waiting for 4 number of pipelines out of 4, to report a leader.
2019-11-13 21:55:18,093 [main] INFO  ozone.MiniOzoneClusterImpl (MiniOzoneClusterImpl.java:lambda$waitForClusterToBeReady$2(163)) - Waiting for 4 number of pipelines out of 4, to report a leader.
2019-11-13 21:55:18,150 [Thread-178] INFO  container.ReplicationManager (ReplicationManager.java:start(162)) - Starting Replication Monitor Thread.
2019-11-13 21:55:18,152 [Thread-178] INFO  pipeline.SCMPipelineManager (SCMPipelineManager.java:finalizeAndDestroyPipeline(315)) - destroying pipeline:Pipeline[ Id: a0717707-6234-485e-8707-e2dc85f55184, Nodes: e8ced9c7-6cbf-4b34-8707-66e501603ac9{ip: 192.168.34.20, host: pr-hdds-2470-fxbl9-3826649461, networkLocation: /default-rack, certSerialId: null}, Type:RATIS, Factor:ONE, State:ALLOCATED]
2019-11-13 21:55:18,153 [ReplicationMonitor] INFO  container.ReplicationManager (ReplicationManager.java:run(225)) - Replication Monitor Thread took 1 milliseconds for processing 0 containers.
2019-11-13 21:55:18,153 [Thread-178] INFO  pipeline.PipelineStateManager (PipelineStateManager.java:finalizePipeline(121)) - Pipeline Pipeline[ Id: a0717707-6234-485e-8707-e2dc85f55184, Nodes: e8ced9c7-6cbf-4b34-8707-66e501603ac9{ip: 192.168.34.20, host: pr-hdds-2470-fxbl9-3826649461, networkLocation: /default-rack, certSerialId: null}, Type:RATIS, Factor:ONE, State:CLOSED] moved to CLOSED state
2019-11-13 21:55:18,175 [grpc-default-executor-2] INFO  impl.RaftServerProxy (RaftServerProxy.java:remove(95)) - e8ced9c7-6cbf-4b34-8707-66e501603ac9: remove  FOLLOWER e8ced9c7-6cbf-4b34-8707-66e501603ac9@group-E2DC85F55184:t0, leader=null, voted=null, raftlog=e8ced9c7-6cbf-4b34-8707-66e501603ac9@group-E2DC85F55184-SegmentedRaftLog:OPENED:c-1,f-1,i0, conf=-1: [e8ced9c7-6cbf-4b34-8707-66e501603ac9:192.168.34.20:34516], old=null RUNNING
2019-11-13 21:55:18,177 [grpc-default-executor-2] INFO  impl.RaftServerImpl (RaftServerImpl.java:lambda$shutdown$3(250)) - e8ced9c7-6cbf-4b34-8707-66e501603ac9@group-E2DC85F55184: shutdown
2019-11-13 21:55:18,177 [grpc-default-executor-2] INFO  util.JmxRegister (JmxRegister.java:unregister(73)) - Successfully un-registered JMX Bean with object name Ratis:service=RaftServer,group=group-E2DC85F55184,id=e8ced9c7-6cbf-4b34-8707-66e501603ac9
2019-11-13 21:55:18,177 [grpc-default-executor-2] INFO  impl.RoleInfo (RoleInfo.java:shutdownFollowerState(121)) - e8ced9c7-6cbf-4b34-8707-66e501603ac9: shutdown FollowerState
2019-11-13 21:55:18,178 [grpc-default-executor-2] INFO  impl.StateMachineUpdater (StateMachineUpdater.java:stopAndJoin(136)) - e8ced9c7-6cbf-4b34-8707-66e501603ac9@group-E2DC85F55184-StateMachineUpdater: set stopIndex = -1
2019-11-13 21:55:18,178 [Thread-186] INFO  impl.FollowerState (FollowerState.java:run(120)) - e8ced9c7-6cbf-4b34-8707-66e501603ac9@group-E2DC85F55184-FollowerState was interrupted: java.lang.InterruptedException: sleep interrupted
2019-11-13 21:55:18,180 [grpc-default-executor-2] INFO  impl.RaftServerImpl (ServerState.java:close(387)) - e8ced9c7-6cbf-4b34-8707-66e501603ac9@group-E2DC85F55184: closes. applyIndex: -1
2019-11-13 21:55:18,184 [e8ced9c7-6cbf-4b34-8707-66e501603ac9@group-E2DC85F55184-SegmentedRaftLogWorker] INFO  segmented.SegmentedRaftLogWorker (SegmentedRaftLogWorker.java:run(316)) - e8ced9c7-6cbf-4b34-8707-66e501603ac9@group-E2DC85F55184-SegmentedRaftLogWorker was interrupted, exiting. There are 0 tasks remaining in the queue.
2019-11-13 21:55:18,185 [grpc-default-executor-2] INFO  segmented.SegmentedRaftLogWorker (SegmentedRaftLogWorker.java:close(224)) - e8ced9c7-6cbf-4b34-8707-66e501603ac9@group-E2DC85F55184-SegmentedRaftLogWorker close()
2019-11-13 21:55:18,198 [Thread-178] INFO  pipeline.PipelineStateManager (PipelineStateManager.java:removePipeline(106)) - Pipeline Pipeline[ Id: a0717707-6234-485e-8707-e2dc85f55184, Nodes: e8ced9c7-6cbf-4b34-8707-66e501603ac9{ip: 192.168.34.20, host: pr-hdds-2470-fxbl9-3826649461, networkLocation: /default-rack, certSerialId: null}, Type:RATIS, Factor:ONE, State:CLOSED] removed from db
2019-11-13 21:55:18,199 [Thread-178] INFO  pipeline.SCMPipelineManager (SCMPipelineManager.java:finalizeAndDestroyPipeline(315)) - destroying pipeline:Pipeline[ Id: ce377c7d-9567-44bb-af5c-9dedfb0a9a07, Nodes: d77ba411-c121-4894-aed9-0a060bb3d672{ip: 192.168.34.20, host: pr-hdds-2470-fxbl9-3826649461, networkLocation: /default-rack, certSerialId: null}f251cb10-a284-4816-bcd9-6a5fca322485{ip: 192.168.34.20, host: pr-hdds-2470-fxbl9-3826649461, networkLocation: /default-rack, certSerialId: null}e8ced9c7-6cbf-4b34-8707-66e501603ac9{ip: 192.168.34.20, host: pr-hdds-2470-fxbl9-3826649461, networkLocation: /default-rack, certSerialId: null}, Type:RATIS, Factor:THREE, State:ALLOCATED]
2019-11-13 21:55:18,210 [grpc-default-executor-2] INFO  impl.RaftServerProxy (RaftServerProxy.java:addNew(89)) - e8ced9c7-6cbf-4b34-8707-66e501603ac9: addNew group-2F65506F1C36:[e8ced9c7-6cbf-4b34-8707-66e501603ac9:192.168.34.20:34516] returns group-2F65506F1C36:java.util.concurrent.CompletableFuture@2be2c037[Not completed]
2019-11-13 21:55:18,211 [pool-37-thread-1] INFO  impl.RaftServerImpl (RaftServerImpl.java:<init>(98)) - e8ced9c7-6cbf-4b34-8707-66e501603ac9: new RaftServerImpl for group-2F65506F1C36:[e8ced9c7-6cbf-4b34-8707-66e501603ac9:192.168.34.20:34516] with ContainerStateMachine:uninitialized
2019-11-13 21:55:18,212 [pool-37-thread-1] INFO  server.RaftServerConfigKeys (ConfUtils.java:logGet(43)) - raft.server.rpc.timeout.min = 5s (custom)
2019-11-13 21:55:18,213 [pool-37-thread-1] INFO  server.RaftServerConfigKeys (ConfUtils.java:logGet(43)) - raft.server.rpc.timeout.max = 5200ms (custom)
2019-11-13 21:55:18,213 [pool-37-thread-1] INFO  server.RaftServerConfigKeys (ConfUtils.java:logGet(43)) - raft.server.rpcslowness.timeout = 120s (custom)
2019-11-13 21:55:18,213 [pool-37-thread-1] INFO  server.RaftServerConfigKeys (ConfUtils.java:logGet(43)) - raft.server.sleep.deviation.threshold = 300 (default)
2019-11-13 21:55:18,213 [pool-37-thread-1] INFO  server.RaftServerConfigKeys (ConfUtils.java:logGet(43)) - raft.server.log.appender.install.snapshot.enabled = false (custom)
2019-11-13 21:55:18,213 [pool-37-thread-1] INFO  impl.RaftServerImpl (ServerState.java:<init>(103)) - e8ced9c7-6cbf-4b34-8707-66e501603ac9@group-2F65506F1C36: ConfigurationManager, init=-1: [e8ced9c7-6cbf-4b34-8707-66e501603ac9:192.168.34.20:34516], old=null, confs=<EMPTY_MAP>
2019-11-13 21:55:18,213 [pool-37-thread-1] INFO  server.RaftServerConfigKeys (ConfUtils.java:logGet(43)) - raft.server.storage.dir = [/workdir/hadoop-ozone/tools/target/test-dir/MiniOzoneClusterImpl-5b5b1002-d5c5-4197-9165-0cf04028de8e/datanode-1/data/ratis] (custom)
2019-11-13 21:55:18,214 [pool-37-thread-1] INFO  server.RaftServerConfigKeys (ConfUtils.java:logGet(43)) - raft.server.log.corruption.policy = EXCEPTION (default)
2019-11-13 21:55:18,214 [pool-37-thread-1] INFO  storage.RaftStorageDirectory (RaftStorageDirectory.java:analyzeStorage(246)) - The storage directory /workdir/hadoop-ozone/tools/target/test-dir/MiniOzoneClusterImpl-5b5b1002-d5c5-4197-9165-0cf04028de8e/datanode-1/data/ratis/fb82bb97-981f-47a8-92d9-2f65506f1c36 does not exist. Creating ...
2019-11-13 21:55:18,219 [pool-37-thread-1] INFO  storage.RaftStorageDirectory (RaftStorageDirectory.java:tryLock(328)) - Lock on /workdir/hadoop-ozone/tools/target/test-dir/MiniOzoneClusterImpl-5b5b1002-d5c5-4197-9165-0cf04028de8e/datanode-1/data/ratis/fb82bb97-981f-47a8-92d9-2f65506f1c36/in_use.lock acquired by nodename 30694@pr-hdds-2470-fxbl9-3826649461
2019-11-13 21:55:18,223 [pool-37-thread-1] INFO  storage.RaftStorage (RaftStorage.java:format(84)) - Storage directory /workdir/hadoop-ozone/tools/target/test-dir/MiniOzoneClusterImpl-5b5b1002-d5c5-4197-9165-0cf04028de8e/datanode-1/data/ratis/fb82bb97-981f-47a8-92d9-2f65506f1c36 has been successfully formatted.
2019-11-13 21:55:18,223 [pool-37-thread-1] INFO  ratis.ContainerStateMachine (ContainerStateMachine.java:loadSnapshot(223)) - group-2F65506F1C36: The snapshot info is null. Setting the last applied indexto:(t:0, i:~)
2019-11-13 21:55:18,223 [pool-37-thread-1] INFO  server.RaftServerConfigKeys (ConfUtils.java:logGet(43)) - raft.server.notification.no-leader.timeout = 120s (custom)
2019-11-13 21:55:18,223 [pool-37-thread-1] INFO  server.RaftServerConfigKeys (ConfUtils.java:logGet(43)) - raft.server.log.use.memory = false (default)
2019-11-13 21:55:18,223 [pool-37-thread-1] INFO  server.RaftServerConfigKeys (ConfUtils.java:logGet(43)) - raft.server.log.purge.gap = 1000000 (custom)
2019-11-13 21:55:18,223 [pool-37-thread-1] INFO  server.RaftServerConfigKeys (ConfUtils.java:logGet(43)) - raft.server.log.appender.buffer.byte-limit = 33554432 (custom)
2019-11-13 21:55:18,224 [pool-37-thread-1] INFO  server.RaftServerConfigKeys (ConfUtils.java:logGet(43)) - raft.server.log.segment.size.max = 1048576 (custom)
2019-11-13 21:55:18,224 [pool-37-thread-1] INFO  server.RaftServerConfigKeys (ConfUtils.java:logGet(43)) - raft.server.log.segment.cache.num.max = 2 (custom)
2019-11-13 21:55:18,224 [pool-37-thread-1] INFO  segmented.SegmentedRaftLogWorker (SegmentedRaftLogWorker.java:<init>(173)) - new e8ced9c7-6cbf-4b34-8707-66e501603ac9@group-2F65506F1C36-SegmentedRaftLogWorker for RaftStorage:Storage Directory /workdir/hadoop-ozone/tools/target/test-dir/MiniOzoneClusterImpl-5b5b1002-d5c5-4197-9165-0cf04028de8e/datanode-1/data/ratis/fb82bb97-981f-47a8-92d9-2f65506f1c36
2019-11-13 21:55:18,224 [pool-37-thread-1] INFO  server.RaftServerConfigKeys (ConfUtils.java:logGet(43)) - raft.server.log.queue.byte-limit = 2147483647 (custom)
2019-11-13 21:55:18,224 [pool-37-thread-1] INFO  server.RaftServerConfigKeys (ConfUtils.java:logGet(43)) - raft.server.log.queue.element-limit = 1024 (custom)
2019-11-13 21:55:18,224 [pool-37-thread-1] INFO  server.RaftServerConfigKeys (ConfUtils.java:logGet(43)) - raft.server.log.segment.size.max = 1048576 (custom)
2019-11-13 21:55:18,224 [pool-37-thread-1] INFO  server.RaftServerConfigKeys (ConfUtils.java:logGet(43)) - raft.server.log.preallocated.size = 16384 (custom)
2019-11-13 21:55:18,224 [pool-37-thread-1] INFO  server.RaftServerConfigKeys (ConfUtils.java:logGet(43)) - raft.server.log.write.buffer.size = 33554432 (custom)
2019-11-13 21:55:18,224 [pool-37-thread-1] INFO  server.RaftServerConfigKeys (ConfUtils.java:logGet(43)) - raft.server.log.force.sync.num = 128 (default)
2019-11-13 21:55:18,224 [pool-37-thread-1] INFO  server.RaftServerConfigKeys (ConfUtils.java:logGet(43)) - raft.server.log.statemachine.data.sync = true (default)
2019-11-13 21:55:18,224 [pool-37-thread-1] INFO  server.RaftServerConfigKeys (ConfUtils.java:logGet(43)) - raft.server.log.statemachine.data.sync.timeout = 10s (default)
2019-11-13 21:55:18,225 [pool-37-thread-1] INFO  server.RaftServerConfigKeys (ConfUtils.java:logGet(43)) - raft.server.log.statemachine.data.sync.timeout.retry = -1 (default)
2019-11-13 21:55:18,225 [pool-37-thread-1] INFO  server.RaftServerConfigKeys (ConfUtils.java:logGet(43)) - raft.server.log.statemachine.data.caching.enabled = true (custom)
2019-11-13 21:55:18,225 [pool-37-thread-1] INFO  segmented.SegmentedRaftLogWorker (SegmentedRaftLogWorker.java:lambda$new$0(128)) - e8ced9c7-6cbf-4b34-8707-66e501603ac9@group-2F65506F1C36-SegmentedRaftLogWorker: flushIndex: setUnconditionally 0 -> -1
2019-11-13 21:55:18,225 [pool-37-thread-1] INFO  server.RaftServerConfigKeys (ConfUtils.java:logGet(43)) - raft.server.snapshot.auto.trigger.enabled = true (custom)
2019-11-13 21:55:18,225 [pool-37-thread-1] INFO  server.RaftServerConfigKeys (ConfUtils.java:logGet(43)) - raft.server.snapshot.auto.trigger.threshold = 10000 (custom)
2019-11-13 21:55:18,225 [pool-37-thread-1] INFO  server.RaftServerConfigKeys (ConfUtils.java:logGet(43)) - raft.server.snapshot.retention.file.num = 5 (custom)
2019-11-13 21:55:18,226 [pool-37-thread-1] INFO  server.RaftServerConfigKeys (ConfUtils.java:logGet(43)) - raft.server.retrycache.expirytime = 600000ms (custom)
2019-11-13 21:55:18,226 [pool-37-thread-1] WARN  impl.MetricRegistriesImpl (MetricRegistriesImpl.java:lambda$create$1(61)) - First MetricRegistry has been created without registering reporters. You may need to call MetricRegistries.global().addReportRegistration(...) before.
2019-11-13 21:55:18,226 [pool-37-thread-1] WARN  impl.MetricRegistriesImpl (MetricRegistriesImpl.java:lambda$create$1(61)) - First MetricRegistry has been created without registering reporters. You may need to call MetricRegistries.global().addReportRegistration(...) before.
2019-11-13 21:55:18,226 [pool-37-thread-1] INFO  impl.RaftServerImpl (RaftServerImpl.java:start(184)) - e8ced9c7-6cbf-4b34-8707-66e501603ac9@group-2F65506F1C36: start as a follower, conf=-1: [e8ced9c7-6cbf-4b34-8707-66e501603ac9:192.168.34.20:34516], old=null
2019-11-13 21:55:18,226 [pool-37-thread-1] INFO  impl.RaftServerImpl (RaftServerImpl.java:setRole(173)) - e8ced9c7-6cbf-4b34-8707-66e501603ac9@group-2F65506F1C36: changes role from      null to FOLLOWER at term 0 for startAsFollower
2019-11-13 21:55:18,226 [pool-37-thread-1] INFO  impl.RoleInfo (RoleInfo.java:updateAndGet(143)) - e8ced9c7-6cbf-4b34-8707-66e501603ac9: start FollowerState
2019-11-13 21:55:18,227 [pool-37-thread-1] INFO  util.JmxRegister (JmxRegister.java:tryRegister(44)) - Successfully registered JMX Bean with object name Ratis:service=RaftServer,group=group-2F65506F1C36,id=e8ced9c7-6cbf-4b34-8707-66e501603ac9
2019-11-13 21:55:18,227 [pool-37-thread-1] WARN  impl.MetricRegistriesImpl (MetricRegistriesImpl.java:lambda$create$1(61)) - First MetricRegistry has been created without registering reporters. You may need to call MetricRegistries.global().addReportRegistration(...) before.
2019-11-13 21:55:18,234 [RatisPipelineUtilsThread] INFO  pipeline.PipelineStateManager (PipelineStateManager.java:addPipeline(55)) - Created pipeline Pipeline[ Id: fb82bb97-981f-47a8-92d9-2f65506f1c36, Nodes: e8ced9c7-6cbf-4b34-8707-66e501603ac9{ip: 192.168.34.20, host: pr-hdds-2470-fxbl9-3826649461, networkLocation: /default-rack, certSerialId: null}, Type:RATIS, Factor:ONE, State:ALLOCATED]
2019-11-13 21:55:18,235 [Thread-178] INFO  pipeline.PipelineStateManager (PipelineStateManager.java:finalizePipeline(121)) - Pipeline Pipeline[ Id: ce377c7d-9567-44bb-af5c-9dedfb0a9a07, Nodes: d77ba411-c121-4894-aed9-0a060bb3d672{ip: 192.168.34.20, host: pr-hdds-2470-fxbl9-3826649461, networkLocation: /default-rack, certSerialId: null}f251cb10-a284-4816-bcd9-6a5fca322485{ip: 192.168.34.20, host: pr-hdds-2470-fxbl9-3826649461, networkLocation: /default-rack, certSerialId: null}e8ced9c7-6cbf-4b34-8707-66e501603ac9{ip: 192.168.34.20, host: pr-hdds-2470-fxbl9-3826649461, networkLocation: /default-rack, certSerialId: null}, Type:RATIS, Factor:THREE, State:CLOSED] moved to CLOSED state
2019-11-13 21:55:18,244 [grpc-default-executor-2] INFO  impl.RaftServerProxy (RaftServerProxy.java:remove(95)) - d77ba411-c121-4894-aed9-0a060bb3d672: remove  FOLLOWER d77ba411-c121-4894-aed9-0a060bb3d672@group-9DEDFB0A9A07:t0, leader=null, voted=null, raftlog=d77ba411-c121-4894-aed9-0a060bb3d672@group-9DEDFB0A9A07-SegmentedRaftLog:OPENED:c-1,f-1,i0, conf=-1: [e8ced9c7-6cbf-4b34-8707-66e501603ac9:192.168.34.20:34516, d77ba411-c121-4894-aed9-0a060bb3d672:192.168.34.20:39248, f251cb10-a284-4816-bcd9-6a5fca322485:192.168.34.20:34653], old=null RUNNING
2019-11-13 21:55:18,244 [grpc-default-executor-2] INFO  impl.RaftServerImpl (RaftServerImpl.java:lambda$shutdown$3(250)) - d77ba411-c121-4894-aed9-0a060bb3d672@group-9DEDFB0A9A07: shutdown
2019-11-13 21:55:18,244 [grpc-default-executor-2] INFO  util.JmxRegister (JmxRegister.java:unregister(73)) - Successfully un-registered JMX Bean with object name Ratis:service=RaftServer,group=group-9DEDFB0A9A07,id=d77ba411-c121-4894-aed9-0a060bb3d672
2019-11-13 21:55:18,244 [grpc-default-executor-2] INFO  impl.RoleInfo (RoleInfo.java:shutdownFollowerState(121)) - d77ba411-c121-4894-aed9-0a060bb3d672: shutdown FollowerState
2019-11-13 21:55:18,244 [grpc-default-executor-2] INFO  impl.StateMachineUpdater (StateMachineUpdater.java:stopAndJoin(136)) - d77ba411-c121-4894-aed9-0a060bb3d672@group-9DEDFB0A9A07-StateMachineUpdater: set stopIndex = -1
2019-11-13 21:55:18,244 [Thread-194] INFO  impl.FollowerState (FollowerState.java:run(120)) - d77ba411-c121-4894-aed9-0a060bb3d672@group-9DEDFB0A9A07-FollowerState was interrupted: java.lang.InterruptedException: sleep interrupted
2019-11-13 21:55:18,246 [grpc-default-executor-2] INFO  impl.RaftServerImpl (ServerState.java:close(387)) - d77ba411-c121-4894-aed9-0a060bb3d672@group-9DEDFB0A9A07: closes. applyIndex: -1
2019-11-13 21:55:18,247 [d77ba411-c121-4894-aed9-0a060bb3d672@group-9DEDFB0A9A07-SegmentedRaftLogWorker] INFO  segmented.SegmentedRaftLogWorker (SegmentedRaftLogWorker.java:run(316)) - d77ba411-c121-4894-aed9-0a060bb3d672@group-9DEDFB0A9A07-SegmentedRaftLogWorker was interrupted, exiting. There are 0 tasks remaining in the queue.
2019-11-13 21:55:18,247 [grpc-default-executor-2] INFO  segmented.SegmentedRaftLogWorker (SegmentedRaftLogWorker.java:close(224)) - d77ba411-c121-4894-aed9-0a060bb3d672@group-9DEDFB0A9A07-SegmentedRaftLogWorker close()
2019-11-13 21:55:18,264 [grpc-default-executor-2] INFO  impl.RaftServerProxy (RaftServerProxy.java:remove(95)) - f251cb10-a284-4816-bcd9-6a5fca322485: remove  FOLLOWER f251cb10-a284-4816-bcd9-6a5fca322485@group-9DEDFB0A9A07:t0, leader=null, voted=null, raftlog=f251cb10-a284-4816-bcd9-6a5fca322485@group-9DEDFB0A9A07-SegmentedRaftLog:OPENED:c-1,f-1,i0, conf=-1: [e8ced9c7-6cbf-4b34-8707-66e501603ac9:192.168.34.20:34516, d77ba411-c121-4894-aed9-0a060bb3d672:192.168.34.20:39248, f251cb10-a284-4816-bcd9-6a5fca322485:192.168.34.20:34653], old=null RUNNING
2019-11-13 21:55:18,264 [grpc-default-executor-2] INFO  impl.RaftServerImpl (RaftServerImpl.java:lambda$shutdown$3(250)) - f251cb10-a284-4816-bcd9-6a5fca322485@group-9DEDFB0A9A07: shutdown
2019-11-13 21:55:18,265 [grpc-default-executor-2] INFO  util.JmxRegister (JmxRegister.java:unregister(73)) - Successfully un-registered JMX Bean with object name Ratis:service=RaftServer,group=group-9DEDFB0A9A07,id=f251cb10-a284-4816-bcd9-6a5fca322485
2019-11-13 21:55:18,265 [grpc-default-executor-2] INFO  impl.RoleInfo (RoleInfo.java:shutdownFollowerState(121)) - f251cb10-a284-4816-bcd9-6a5fca322485: shutdown FollowerState
2019-11-13 21:55:18,265 [grpc-default-executor-2] INFO  impl.StateMachineUpdater (StateMachineUpdater.java:stopAndJoin(136)) - f251cb10-a284-4816-bcd9-6a5fca322485@group-9DEDFB0A9A07-StateMachineUpdater: set stopIndex = -1
2019-11-13 21:55:18,265 [Thread-192] INFO  impl.FollowerState (FollowerState.java:run(120)) - f251cb10-a284-4816-bcd9-6a5fca322485@group-9DEDFB0A9A07-FollowerState was interrupted: java.lang.InterruptedException: sleep interrupted
2019-11-13 21:55:18,266 [grpc-default-executor-2] INFO  impl.RaftServerImpl (ServerState.java:close(387)) - f251cb10-a284-4816-bcd9-6a5fca322485@group-9DEDFB0A9A07: closes. applyIndex: -1
2019-11-13 21:55:18,267 [f251cb10-a284-4816-bcd9-6a5fca322485@group-9DEDFB0A9A07-SegmentedRaftLogWorker] INFO  segmented.SegmentedRaftLogWorker (SegmentedRaftLogWorker.java:run(316)) - f251cb10-a284-4816-bcd9-6a5fca322485@group-9DEDFB0A9A07-SegmentedRaftLogWorker was interrupted, exiting. There are 0 tasks remaining in the queue.
2019-11-13 21:55:18,268 [grpc-default-executor-2] INFO  segmented.SegmentedRaftLogWorker (SegmentedRaftLogWorker.java:close(224)) - f251cb10-a284-4816-bcd9-6a5fca322485@group-9DEDFB0A9A07-SegmentedRaftLogWorker close()
2019-11-13 21:55:18,290 [grpc-default-executor-2] INFO  impl.RaftServerProxy (RaftServerProxy.java:remove(95)) - e8ced9c7-6cbf-4b34-8707-66e501603ac9: remove  FOLLOWER e8ced9c7-6cbf-4b34-8707-66e501603ac9@group-9DEDFB0A9A07:t0, leader=null, voted=null, raftlog=e8ced9c7-6cbf-4b34-8707-66e501603ac9@group-9DEDFB0A9A07-SegmentedRaftLog:OPENED:c-1,f-1,i0, conf=-1: [e8ced9c7-6cbf-4b34-8707-66e501603ac9:192.168.34.20:34516, d77ba411-c121-4894-aed9-0a060bb3d672:192.168.34.20:39248, f251cb10-a284-4816-bcd9-6a5fca322485:192.168.34.20:34653], old=null RUNNING
2019-11-13 21:55:18,290 [grpc-default-executor-2] INFO  impl.RaftServerImpl (RaftServerImpl.java:lambda$shutdown$3(250)) - e8ced9c7-6cbf-4b34-8707-66e501603ac9@group-9DEDFB0A9A07: shutdown
2019-11-13 21:55:18,290 [grpc-default-executor-2] INFO  util.JmxRegister (JmxRegister.java:unregister(73)) - Successfully un-registered JMX Bean with object name Ratis:service=RaftServer,group=group-9DEDFB0A9A07,id=e8ced9c7-6cbf-4b34-8707-66e501603ac9
2019-11-13 21:55:18,291 [grpc-default-executor-2] INFO  impl.RoleInfo (RoleInfo.java:shutdownFollowerState(121)) - e8ced9c7-6cbf-4b34-8707-66e501603ac9: shutdown FollowerState
2019-11-13 21:55:18,291 [grpc-default-executor-2] INFO  impl.StateMachineUpdater (StateMachineUpdater.java:stopAndJoin(136)) - e8ced9c7-6cbf-4b34-8707-66e501603ac9@group-9DEDFB0A9A07-StateMachineUpdater: set stopIndex = -1
2019-11-13 21:55:18,291 [Thread-191] INFO  impl.FollowerState (FollowerState.java:run(120)) - e8ced9c7-6cbf-4b34-8707-66e501603ac9@group-9DEDFB0A9A07-FollowerState was interrupted: java.lang.InterruptedException: sleep interrupted
2019-11-13 21:55:18,291 [grpc-default-executor-2] INFO  impl.RaftServerImpl (ServerState.java:close(387)) - e8ced9c7-6cbf-4b34-8707-66e501603ac9@group-9DEDFB0A9A07: closes. applyIndex: -1
2019-11-13 21:55:18,292 [e8ced9c7-6cbf-4b34-8707-66e501603ac9@group-9DEDFB0A9A07-SegmentedRaftLogWorker] INFO  segmented.SegmentedRaftLogWorker (SegmentedRaftLogWorker.java:run(316)) - e8ced9c7-6cbf-4b34-8707-66e501603ac9@group-9DEDFB0A9A07-SegmentedRaftLogWorker was interrupted, exiting. There are 0 tasks remaining in the queue.
2019-11-13 21:55:18,293 [grpc-default-executor-2] INFO  segmented.SegmentedRaftLogWorker (SegmentedRaftLogWorker.java:close(224)) - e8ced9c7-6cbf-4b34-8707-66e501603ac9@group-9DEDFB0A9A07-SegmentedRaftLogWorker close()
2019-11-13 21:55:18,301 [Thread-178] INFO  pipeline.PipelineStateManager (PipelineStateManager.java:removePipeline(106)) - Pipeline Pipeline[ Id: ce377c7d-9567-44bb-af5c-9dedfb0a9a07, Nodes: d77ba411-c121-4894-aed9-0a060bb3d672{ip: 192.168.34.20, host: pr-hdds-2470-fxbl9-3826649461, networkLocation: /default-rack, certSerialId: null}f251cb10-a284-4816-bcd9-6a5fca322485{ip: 192.168.34.20, host: pr-hdds-2470-fxbl9-3826649461, networkLocation: /default-rack, certSerialId: null}e8ced9c7-6cbf-4b34-8707-66e501603ac9{ip: 192.168.34.20, host: pr-hdds-2470-fxbl9-3826649461, networkLocation: /default-rack, certSerialId: null}, Type:RATIS, Factor:THREE, State:CLOSED] removed from db
2019-11-13 21:55:18,302 [Thread-178] INFO  pipeline.SCMPipelineManager (SCMPipelineManager.java:finalizeAndDestroyPipeline(315)) - destroying pipeline:Pipeline[ Id: 3d2e0fd3-9283-4498-bd10-75dec388300c, Nodes: d77ba411-c121-4894-aed9-0a060bb3d672{ip: 192.168.34.20, host: pr-hdds-2470-fxbl9-3826649461, networkLocation: /default-rack, certSerialId: null}, Type:RATIS, Factor:ONE, State:ALLOCATED]
2019-11-13 21:55:18,316 [grpc-default-executor-0] INFO  impl.RaftServerProxy (RaftServerProxy.java:addNew(89)) - e8ced9c7-6cbf-4b34-8707-66e501603ac9: addNew group-DDA8C433CD59:[e8ced9c7-6cbf-4b34-8707-66e501603ac9:192.168.34.20:34516, d77ba411-c121-4894-aed9-0a060bb3d672:192.168.34.20:39248, f251cb10-a284-4816-bcd9-6a5fca322485:192.168.34.20:34653] returns group-DDA8C433CD59:java.util.concurrent.CompletableFuture@e99b619[Not completed]
2019-11-13 21:55:18,316 [grpc-default-executor-2] INFO  impl.RaftServerProxy (RaftServerProxy.java:addNew(89)) - d77ba411-c121-4894-aed9-0a060bb3d672: addNew group-DDA8C433CD59:[e8ced9c7-6cbf-4b34-8707-66e501603ac9:192.168.34.20:34516, d77ba411-c121-4894-aed9-0a060bb3d672:192.168.34.20:39248, f251cb10-a284-4816-bcd9-6a5fca322485:192.168.34.20:34653] returns group-DDA8C433CD59:java.util.concurrent.CompletableFuture@7a1943e9[Not completed]
2019-11-13 21:55:18,316 [grpc-default-executor-1] INFO  impl.RaftServerProxy (RaftServerProxy.java:addNew(89)) - f251cb10-a284-4816-bcd9-6a5fca322485: addNew group-DDA8C433CD59:[e8ced9c7-6cbf-4b34-8707-66e501603ac9:192.168.34.20:34516, d77ba411-c121-4894-aed9-0a060bb3d672:192.168.34.20:39248, f251cb10-a284-4816-bcd9-6a5fca322485:192.168.34.20:34653] returns group-DDA8C433CD59:java.util.concurrent.CompletableFuture@5c79ac43[Not completed]
2019-11-13 21:55:18,318 [pool-27-thread-1] INFO  impl.RaftServerImpl (RaftServerImpl.java:<init>(98)) - f251cb10-a284-4816-bcd9-6a5fca322485: new RaftServerImpl for group-DDA8C433CD59:[e8ced9c7-6cbf-4b34-8707-66e501603ac9:192.168.34.20:34516, d77ba411-c121-4894-aed9-0a060bb3d672:192.168.34.20:39248, f251cb10-a284-4816-bcd9-6a5fca322485:192.168.34.20:34653] with ContainerStateMachine:uninitialized
2019-11-13 21:55:18,318 [pool-27-thread-1] INFO  server.RaftServerConfigKeys (ConfUtils.java:logGet(43)) - raft.server.rpc.timeout.min = 5s (custom)
2019-11-13 21:55:18,319 [pool-27-thread-1] INFO  server.RaftServerConfigKeys (ConfUtils.java:logGet(43)) - raft.server.rpc.timeout.max = 5200ms (custom)
2019-11-13 21:55:18,319 [pool-27-thread-1] INFO  server.RaftServerConfigKeys (ConfUtils.java:logGet(43)) - raft.server.rpcslowness.timeout = 120s (custom)
2019-11-13 21:55:18,319 [pool-27-thread-1] INFO  server.RaftServerConfigKeys (ConfUtils.java:logGet(43)) - raft.server.sleep.deviation.threshold = 300 (default)
2019-11-13 21:55:18,319 [pool-27-thread-1] INFO  server.RaftServerConfigKeys (ConfUtils.java:logGet(43)) - raft.server.log.appender.install.snapshot.enabled = false (custom)
2019-11-13 21:55:18,319 [pool-27-thread-1] INFO  impl.RaftServerImpl (ServerState.java:<init>(103)) - f251cb10-a284-4816-bcd9-6a5fca322485@group-DDA8C433CD59: ConfigurationManager, init=-1: [e8ced9c7-6cbf-4b34-8707-66e501603ac9:192.168.34.20:34516, d77ba411-c121-4894-aed9-0a060bb3d672:192.168.34.20:39248, f251cb10-a284-4816-bcd9-6a5fca322485:192.168.34.20:34653], old=null, confs=<EMPTY_MAP>
2019-11-13 21:55:18,319 [pool-37-thread-1] INFO  impl.RaftServerImpl (RaftServerImpl.java:<init>(98)) - e8ced9c7-6cbf-4b34-8707-66e501603ac9: new RaftServerImpl for group-DDA8C433CD59:[e8ced9c7-6cbf-4b34-8707-66e501603ac9:192.168.34.20:34516, d77ba411-c121-4894-aed9-0a060bb3d672:192.168.34.20:39248, f251cb10-a284-4816-bcd9-6a5fca322485:192.168.34.20:34653] with ContainerStateMachine:uninitialized
2019-11-13 21:55:18,320 [pool-27-thread-1] INFO  server.RaftServerConfigKeys (ConfUtils.java:logGet(43)) - raft.server.storage.dir = [/workdir/hadoop-ozone/tools/target/test-dir/MiniOzoneClusterImpl-5b5b1002-d5c5-4197-9165-0cf04028de8e/datanode-0/data/ratis] (custom)
2019-11-13 21:55:18,320 [pool-37-thread-1] INFO  server.RaftServerConfigKeys (ConfUtils.java:logGet(43)) - raft.server.rpc.timeout.min = 5s (custom)
2019-11-13 21:55:18,320 [pool-37-thread-1] INFO  server.RaftServerConfigKeys (ConfUtils.java:logGet(43)) - raft.server.rpc.timeout.max = 5200ms (custom)
2019-11-13 21:55:18,320 [pool-27-thread-1] INFO  server.RaftServerConfigKeys (ConfUtils.java:logGet(43)) - raft.server.log.corruption.policy = EXCEPTION (default)
2019-11-13 21:55:18,320 [pool-37-thread-1] INFO  server.RaftServerConfigKeys (ConfUtils.java:logGet(43)) - raft.server.rpcslowness.timeout = 120s (custom)
2019-11-13 21:55:18,320 [pool-47-thread-1] INFO  impl.RaftServerImpl (RaftServerImpl.java:<init>(98)) - d77ba411-c121-4894-aed9-0a060bb3d672: new RaftServerImpl for group-DDA8C433CD59:[e8ced9c7-6cbf-4b34-8707-66e501603ac9:192.168.34.20:34516, d77ba411-c121-4894-aed9-0a060bb3d672:192.168.34.20:39248, f251cb10-a284-4816-bcd9-6a5fca322485:192.168.34.20:34653] with ContainerStateMachine:uninitialized
2019-11-13 21:55:18,320 [pool-37-thread-1] INFO  server.RaftServerConfigKeys (ConfUtils.java:logGet(43)) - raft.server.sleep.deviation.threshold = 300 (default)
2019-11-13 21:55:18,320 [pool-27-thread-1] INFO  storage.RaftStorageDirectory (RaftStorageDirectory.java:analyzeStorage(246)) - The storage directory /workdir/hadoop-ozone/tools/target/test-dir/MiniOzoneClusterImpl-5b5b1002-d5c5-4197-9165-0cf04028de8e/datanode-0/data/ratis/a5e6943d-6216-4aed-9783-dda8c433cd59 does not exist. Creating ...
2019-11-13 21:55:18,320 [pool-37-thread-1] INFO  server.RaftServerConfigKeys (ConfUtils.java:logGet(43)) - raft.server.log.appender.install.snapshot.enabled = false (custom)
2019-11-13 21:55:18,320 [pool-47-thread-1] INFO  server.RaftServerConfigKeys (ConfUtils.java:logGet(43)) - raft.server.rpc.timeout.min = 5s (custom)
2019-11-13 21:55:18,321 [pool-37-thread-1] INFO  impl.RaftServerImpl (ServerState.java:<init>(103)) - e8ced9c7-6cbf-4b34-8707-66e501603ac9@group-DDA8C433CD59: ConfigurationManager, init=-1: [e8ced9c7-6cbf-4b34-8707-66e501603ac9:192.168.34.20:34516, d77ba411-c121-4894-aed9-0a060bb3d672:192.168.34.20:39248, f251cb10-a284-4816-bcd9-6a5fca322485:192.168.34.20:34653], old=null, confs=<EMPTY_MAP>
2019-11-13 21:55:18,321 [pool-47-thread-1] INFO  server.RaftServerConfigKeys (ConfUtils.java:logGet(43)) - raft.server.rpc.timeout.max = 5200ms (custom)
2019-11-13 21:55:18,321 [pool-47-thread-1] INFO  server.RaftServerConfigKeys (ConfUtils.java:logGet(43)) - raft.server.rpcslowness.timeout = 120s (custom)
2019-11-13 21:55:18,321 [pool-37-thread-1] INFO  server.RaftServerConfigKeys (ConfUtils.java:logGet(43)) - raft.server.storage.dir = [/workdir/hadoop-ozone/tools/target/test-dir/MiniOzoneClusterImpl-5b5b1002-d5c5-4197-9165-0cf04028de8e/datanode-1/data/ratis] (custom)
2019-11-13 21:55:18,321 [pool-47-thread-1] INFO  server.RaftServerConfigKeys (ConfUtils.java:logGet(43)) - raft.server.sleep.deviation.threshold = 300 (default)
2019-11-13 21:55:18,321 [pool-47-thread-1] INFO  server.RaftServerConfigKeys (ConfUtils.java:logGet(43)) - raft.server.log.appender.install.snapshot.enabled = false (custom)
2019-11-13 21:55:18,321 [pool-37-thread-1] INFO  server.RaftServerConfigKeys (ConfUtils.java:logGet(43)) - raft.server.log.corruption.policy = EXCEPTION (default)
2019-11-13 21:55:18,321 [pool-47-thread-1] INFO  impl.RaftServerImpl (ServerState.java:<init>(103)) - d77ba411-c121-4894-aed9-0a060bb3d672@group-DDA8C433CD59: ConfigurationManager, init=-1: [e8ced9c7-6cbf-4b34-8707-66e501603ac9:192.168.34.20:34516, d77ba411-c121-4894-aed9-0a060bb3d672:192.168.34.20:39248, f251cb10-a284-4816-bcd9-6a5fca322485:192.168.34.20:34653], old=null, confs=<EMPTY_MAP>
2019-11-13 21:55:18,321 [pool-37-thread-1] INFO  storage.RaftStorageDirectory (RaftStorageDirectory.java:analyzeStorage(246)) - The storage directory /workdir/hadoop-ozone/tools/target/test-dir/MiniOzoneClusterImpl-5b5b1002-d5c5-4197-9165-0cf04028de8e/datanode-1/data/ratis/a5e6943d-6216-4aed-9783-dda8c433cd59 does not exist. Creating ...
2019-11-13 21:55:18,321 [pool-47-thread-1] INFO  server.RaftServerConfigKeys (ConfUtils.java:logGet(43)) - raft.server.storage.dir = [/workdir/hadoop-ozone/tools/target/test-dir/MiniOzoneClusterImpl-5b5b1002-d5c5-4197-9165-0cf04028de8e/datanode-2/data/ratis] (custom)
2019-11-13 21:55:18,322 [pool-47-thread-1] INFO  server.RaftServerConfigKeys (ConfUtils.java:logGet(43)) - raft.server.log.corruption.policy = EXCEPTION (default)
2019-11-13 21:55:18,322 [pool-47-thread-1] INFO  storage.RaftStorageDirectory (RaftStorageDirectory.java:analyzeStorage(246)) - The storage directory /workdir/hadoop-ozone/tools/target/test-dir/MiniOzoneClusterImpl-5b5b1002-d5c5-4197-9165-0cf04028de8e/datanode-2/data/ratis/a5e6943d-6216-4aed-9783-dda8c433cd59 does not exist. Creating ...
2019-11-13 21:55:18,338 [pool-47-thread-1] INFO  storage.RaftStorageDirectory (RaftStorageDirectory.java:tryLock(328)) - Lock on /workdir/hadoop-ozone/tools/target/test-dir/MiniOzoneClusterImpl-5b5b1002-d5c5-4197-9165-0cf04028de8e/datanode-2/data/ratis/a5e6943d-6216-4aed-9783-dda8c433cd59/in_use.lock acquired by nodename 30694@pr-hdds-2470-fxbl9-3826649461
2019-11-13 21:55:18,338 [pool-27-thread-1] INFO  storage.RaftStorageDirectory (RaftStorageDirectory.java:tryLock(328)) - Lock on /workdir/hadoop-ozone/tools/target/test-dir/MiniOzoneClusterImpl-5b5b1002-d5c5-4197-9165-0cf04028de8e/datanode-0/data/ratis/a5e6943d-6216-4aed-9783-dda8c433cd59/in_use.lock acquired by nodename 30694@pr-hdds-2470-fxbl9-3826649461
2019-11-13 21:55:18,338 [pool-37-thread-1] INFO  storage.RaftStorageDirectory (RaftStorageDirectory.java:tryLock(328)) - Lock on /workdir/hadoop-ozone/tools/target/test-dir/MiniOzoneClusterImpl-5b5b1002-d5c5-4197-9165-0cf04028de8e/datanode-1/data/ratis/a5e6943d-6216-4aed-9783-dda8c433cd59/in_use.lock acquired by nodename 30694@pr-hdds-2470-fxbl9-3826649461
2019-11-13 21:55:18,353 [pool-37-thread-1] INFO  storage.RaftStorage (RaftStorage.java:format(84)) - Storage directory /workdir/hadoop-ozone/tools/target/test-dir/MiniOzoneClusterImpl-5b5b1002-d5c5-4197-9165-0cf04028de8e/datanode-1/data/ratis/a5e6943d-6216-4aed-9783-dda8c433cd59 has been successfully formatted.
2019-11-13 21:55:18,353 [pool-47-thread-1] INFO  storage.RaftStorage (RaftStorage.java:format(84)) - Storage directory /workdir/hadoop-ozone/tools/target/test-dir/MiniOzoneClusterImpl-5b5b1002-d5c5-4197-9165-0cf04028de8e/datanode-2/data/ratis/a5e6943d-6216-4aed-9783-dda8c433cd59 has been successfully formatted.
2019-11-13 21:55:18,353 [pool-27-thread-1] INFO  storage.RaftStorage (RaftStorage.java:format(84)) - Storage directory /workdir/hadoop-ozone/tools/target/test-dir/MiniOzoneClusterImpl-5b5b1002-d5c5-4197-9165-0cf04028de8e/datanode-0/data/ratis/a5e6943d-6216-4aed-9783-dda8c433cd59 has been successfully formatted.
2019-11-13 21:55:18,353 [pool-37-thread-1] INFO  ratis.ContainerStateMachine (ContainerStateMachine.java:loadSnapshot(223)) - group-DDA8C433CD59: The snapshot info is null. Setting the last applied indexto:(t:0, i:~)
2019-11-13 21:55:18,353 [pool-47-thread-1] INFO  ratis.ContainerStateMachine (ContainerStateMachine.java:loadSnapshot(223)) - group-DDA8C433CD59: The snapshot info is null. Setting the last applied indexto:(t:0, i:~)
2019-11-13 21:55:18,354 [pool-37-thread-1] INFO  server.RaftServerConfigKeys (ConfUtils.java:logGet(43)) - raft.server.notification.no-leader.timeout = 120s (custom)
2019-11-13 21:55:18,354 [pool-47-thread-1] INFO  server.RaftServerConfigKeys (ConfUtils.java:logGet(43)) - raft.server.notification.no-leader.timeout = 120s (custom)
2019-11-13 21:55:18,353 [pool-27-thread-1] INFO  ratis.ContainerStateMachine (ContainerStateMachine.java:loadSnapshot(223)) - group-DDA8C433CD59: The snapshot info is null. Setting the last applied indexto:(t:0, i:~)
2019-11-13 21:55:18,354 [pool-47-thread-1] INFO  server.RaftServerConfigKeys (ConfUtils.java:logGet(43)) - raft.server.log.use.memory = false (default)
2019-11-13 21:55:18,354 [pool-37-thread-1] INFO  server.RaftServerConfigKeys (ConfUtils.java:logGet(43)) - raft.server.log.use.memory = false (default)
2019-11-13 21:55:18,354 [pool-47-thread-1] INFO  server.RaftServerConfigKeys (ConfUtils.java:logGet(43)) - raft.server.log.purge.gap = 1000000 (custom)
2019-11-13 21:55:18,354 [pool-27-thread-1] INFO  server.RaftServerConfigKeys (ConfUtils.java:logGet(43)) - raft.server.notification.no-leader.timeout = 120s (custom)
2019-11-13 21:55:18,354 [pool-47-thread-1] INFO  server.RaftServerConfigKeys (ConfUtils.java:logGet(43)) - raft.server.log.appender.buffer.byte-limit = 33554432 (custom)
2019-11-13 21:55:18,354 [pool-37-thread-1] INFO  server.RaftServerConfigKeys (ConfUtils.java:logGet(43)) - raft.server.log.purge.gap = 1000000 (custom)
2019-11-13 21:55:18,355 [pool-47-thread-1] INFO  server.RaftServerConfigKeys (ConfUtils.java:logGet(43)) - raft.server.log.segment.size.max = 1048576 (custom)
2019-11-13 21:55:18,355 [pool-27-thread-1] INFO  server.RaftServerConfigKeys (ConfUtils.java:logGet(43)) - raft.server.log.use.memory = false (default)
2019-11-13 21:55:18,355 [pool-47-thread-1] INFO  server.RaftServerConfigKeys (ConfUtils.java:logGet(43)) - raft.server.log.segment.cache.num.max = 2 (custom)
2019-11-13 21:55:18,355 [pool-37-thread-1] INFO  server.RaftServerConfigKeys (ConfUtils.java:logGet(43)) - raft.server.log.appender.buffer.byte-limit = 33554432 (custom)
2019-11-13 21:55:18,355 [pool-47-thread-1] INFO  segmented.SegmentedRaftLogWorker (SegmentedRaftLogWorker.java:<init>(173)) - new d77ba411-c121-4894-aed9-0a060bb3d672@group-DDA8C433CD59-SegmentedRaftLogWorker for RaftStorage:Storage Directory /workdir/hadoop-ozone/tools/target/test-dir/MiniOzoneClusterImpl-5b5b1002-d5c5-4197-9165-0cf04028de8e/datanode-2/data/ratis/a5e6943d-6216-4aed-9783-dda8c433cd59
2019-11-13 21:55:18,355 [pool-27-thread-1] INFO  server.RaftServerConfigKeys (ConfUtils.java:logGet(43)) - raft.server.log.purge.gap = 1000000 (custom)
2019-11-13 21:55:18,355 [pool-47-thread-1] INFO  server.RaftServerConfigKeys (ConfUtils.java:logGet(43)) - raft.server.log.queue.byte-limit = 2147483647 (custom)
2019-11-13 21:55:18,355 [pool-37-thread-1] INFO  server.RaftServerConfigKeys (ConfUtils.java:logGet(43)) - raft.server.log.segment.size.max = 1048576 (custom)
2019-11-13 21:55:18,356 [pool-47-thread-1] INFO  server.RaftServerConfigKeys (ConfUtils.java:logGet(43)) - raft.server.log.queue.element-limit = 1024 (custom)
2019-11-13 21:55:18,355 [pool-27-thread-1] INFO  server.RaftServerConfigKeys (ConfUtils.java:logGet(43)) - raft.server.log.appender.buffer.byte-limit = 33554432 (custom)
2019-11-13 21:55:18,356 [pool-47-thread-1] INFO  server.RaftServerConfigKeys (ConfUtils.java:logGet(43)) - raft.server.log.segment.size.max = 1048576 (custom)
2019-11-13 21:55:18,356 [pool-37-thread-1] INFO  server.RaftServerConfigKeys (ConfUtils.java:logGet(43)) - raft.server.log.segment.cache.num.max = 2 (custom)
2019-11-13 21:55:18,356 [pool-47-thread-1] INFO  server.RaftServerConfigKeys (ConfUtils.java:logGet(43)) - raft.server.log.preallocated.size = 16384 (custom)
2019-11-13 21:55:18,356 [pool-27-thread-1] INFO  server.RaftServerConfigKeys (ConfUtils.java:logGet(43)) - raft.server.log.segment.size.max = 1048576 (custom)
2019-11-13 21:55:18,356 [pool-47-thread-1] INFO  server.RaftServerConfigKeys (ConfUtils.java:logGet(43)) - raft.server.log.write.buffer.size = 33554432 (custom)
2019-11-13 21:55:18,356 [pool-37-thread-1] INFO  segmented.SegmentedRaftLogWorker (SegmentedRaftLogWorker.java:<init>(173)) - new e8ced9c7-6cbf-4b34-8707-66e501603ac9@group-DDA8C433CD59-SegmentedRaftLogWorker for RaftStorage:Storage Directory /workdir/hadoop-ozone/tools/target/test-dir/MiniOzoneClusterImpl-5b5b1002-d5c5-4197-9165-0cf04028de8e/datanode-1/data/ratis/a5e6943d-6216-4aed-9783-dda8c433cd59
2019-11-13 21:55:18,356 [pool-47-thread-1] INFO  server.RaftServerConfigKeys (ConfUtils.java:logGet(43)) - raft.server.log.force.sync.num = 128 (default)
2019-11-13 21:55:18,356 [pool-27-thread-1] INFO  server.RaftServerConfigKeys (ConfUtils.java:logGet(43)) - raft.server.log.segment.cache.num.max = 2 (custom)
2019-11-13 21:55:18,357 [pool-47-thread-1] INFO  server.RaftServerConfigKeys (ConfUtils.java:logGet(43)) - raft.server.log.statemachine.data.sync = true (default)
2019-11-13 21:55:18,357 [pool-37-thread-1] INFO  server.RaftServerConfigKeys (ConfUtils.java:logGet(43)) - raft.server.log.queue.byte-limit = 2147483647 (custom)
2019-11-13 21:55:18,357 [pool-47-thread-1] INFO  server.RaftServerConfigKeys (ConfUtils.java:logGet(43)) - raft.server.log.statemachine.data.sync.timeout = 10s (default)
2019-11-13 21:55:18,357 [pool-27-thread-1] INFO  segmented.SegmentedRaftLogWorker (SegmentedRaftLogWorker.java:<init>(173)) - new f251cb10-a284-4816-bcd9-6a5fca322485@group-DDA8C433CD59-SegmentedRaftLogWorker for RaftStorage:Storage Directory /workdir/hadoop-ozone/tools/target/test-dir/MiniOzoneClusterImpl-5b5b1002-d5c5-4197-9165-0cf04028de8e/datanode-0/data/ratis/a5e6943d-6216-4aed-9783-dda8c433cd59
2019-11-13 21:55:18,357 [pool-47-thread-1] INFO  server.RaftServerConfigKeys (ConfUtils.java:logGet(43)) - raft.server.log.statemachine.data.sync.timeout.retry = -1 (default)
2019-11-13 21:55:18,357 [pool-37-thread-1] INFO  server.RaftServerConfigKeys (ConfUtils.java:logGet(43)) - raft.server.log.queue.element-limit = 1024 (custom)
2019-11-13 21:55:18,357 [pool-27-thread-1] INFO  server.RaftServerConfigKeys (ConfUtils.java:logGet(43)) - raft.server.log.queue.byte-limit = 2147483647 (custom)
2019-11-13 21:55:18,357 [pool-47-thread-1] INFO  server.RaftServerConfigKeys (ConfUtils.java:logGet(43)) - raft.server.log.statemachine.data.caching.enabled = true (custom)
2019-11-13 21:55:18,357 [pool-37-thread-1] INFO  server.RaftServerConfigKeys (ConfUtils.java:logGet(43)) - raft.server.log.segment.size.max = 1048576 (custom)
2019-11-13 21:55:18,358 [pool-27-thread-1] INFO  server.RaftServerConfigKeys (ConfUtils.java:logGet(43)) - raft.server.log.queue.element-limit = 1024 (custom)
2019-11-13 21:55:18,358 [pool-37-thread-1] INFO  server.RaftServerConfigKeys (ConfUtils.java:logGet(43)) - raft.server.log.preallocated.size = 16384 (custom)
2019-11-13 21:55:18,358 [pool-27-thread-1] INFO  server.RaftServerConfigKeys (ConfUtils.java:logGet(43)) - raft.server.log.segment.size.max = 1048576 (custom)
2019-11-13 21:55:18,358 [pool-27-thread-1] INFO  server.RaftServerConfigKeys (ConfUtils.java:logGet(43)) - raft.server.log.preallocated.size = 16384 (custom)
2019-11-13 21:55:18,358 [pool-27-thread-1] INFO  server.RaftServerConfigKeys (ConfUtils.java:logGet(43)) - raft.server.log.write.buffer.size = 33554432 (custom)
2019-11-13 21:55:18,358 [pool-27-thread-1] INFO  server.RaftServerConfigKeys (ConfUtils.java:logGet(43)) - raft.server.log.force.sync.num = 128 (default)
2019-11-13 21:55:18,358 [pool-27-thread-1] INFO  server.RaftServerConfigKeys (ConfUtils.java:logGet(43)) - raft.server.log.statemachine.data.sync = true (default)
2019-11-13 21:55:18,359 [pool-27-thread-1] INFO  server.RaftServerConfigKeys (ConfUtils.java:logGet(43)) - raft.server.log.statemachine.data.sync.timeout = 10s (default)
2019-11-13 21:55:18,359 [pool-27-thread-1] INFO  server.RaftServerConfigKeys (ConfUtils.java:logGet(43)) - raft.server.log.statemachine.data.sync.timeout.retry = -1 (default)
2019-11-13 21:55:18,359 [pool-27-thread-1] INFO  server.RaftServerConfigKeys (ConfUtils.java:logGet(43)) - raft.server.log.statemachine.data.caching.enabled = true (custom)
2019-11-13 21:55:18,358 [pool-47-thread-1] INFO  segmented.SegmentedRaftLogWorker (SegmentedRaftLogWorker.java:lambda$new$0(128)) - d77ba411-c121-4894-aed9-0a060bb3d672@group-DDA8C433CD59-SegmentedRaftLogWorker: flushIndex: setUnconditionally 0 -> -1
2019-11-13 21:55:18,359 [pool-27-thread-1] INFO  segmented.SegmentedRaftLogWorker (SegmentedRaftLogWorker.java:lambda$new$0(128)) - f251cb10-a284-4816-bcd9-6a5fca322485@group-DDA8C433CD59-SegmentedRaftLogWorker: flushIndex: setUnconditionally 0 -> -1
2019-11-13 21:55:18,358 [pool-37-thread-1] INFO  server.RaftServerConfigKeys (ConfUtils.java:logGet(43)) - raft.server.log.write.buffer.size = 33554432 (custom)
2019-11-13 21:55:18,360 [pool-37-thread-1] INFO  server.RaftServerConfigKeys (ConfUtils.java:logGet(43)) - raft.server.log.force.sync.num = 128 (default)
2019-11-13 21:55:18,359 [pool-47-thread-1] INFO  server.RaftServerConfigKeys (ConfUtils.java:logGet(43)) - raft.server.snapshot.auto.trigger.enabled = true (custom)
2019-11-13 21:55:18,360 [pool-37-thread-1] INFO  server.RaftServerConfigKeys (ConfUtils.java:logGet(43)) - raft.server.log.statemachine.data.sync = true (default)
2019-11-13 21:55:18,360 [pool-27-thread-1] INFO  server.RaftServerConfigKeys (ConfUtils.java:logGet(43)) - raft.server.snapshot.auto.trigger.enabled = true (custom)
2019-11-13 21:55:18,360 [pool-37-thread-1] INFO  server.RaftServerConfigKeys (ConfUtils.java:logGet(43)) - raft.server.log.statemachine.data.sync.timeout = 10s (default)
2019-11-13 21:55:18,360 [pool-47-thread-1] INFO  server.RaftServerConfigKeys (ConfUtils.java:logGet(43)) - raft.server.snapshot.auto.trigger.threshold = 10000 (custom)
2019-11-13 21:55:18,360 [pool-37-thread-1] INFO  server.RaftServerConfigKeys (ConfUtils.java:logGet(43)) - raft.server.log.statemachine.data.sync.timeout.retry = -1 (default)
2019-11-13 21:55:18,360 [pool-27-thread-1] INFO  server.RaftServerConfigKeys (ConfUtils.java:logGet(43)) - raft.server.snapshot.auto.trigger.threshold = 10000 (custom)
2019-11-13 21:55:18,360 [pool-47-thread-1] INFO  server.RaftServerConfigKeys (ConfUtils.java:logGet(43)) - raft.server.snapshot.retention.file.num = 5 (custom)
2019-11-13 21:55:18,360 [pool-27-thread-1] INFO  server.RaftServerConfigKeys (ConfUtils.java:logGet(43)) - raft.server.snapshot.retention.file.num = 5 (custom)
2019-11-13 21:55:18,360 [pool-37-thread-1] INFO  server.RaftServerConfigKeys (ConfUtils.java:logGet(43)) - raft.server.log.statemachine.data.caching.enabled = true (custom)
2019-11-13 21:55:18,361 [pool-27-thread-1] INFO  server.RaftServerConfigKeys (ConfUtils.java:logGet(43)) - raft.server.retrycache.expirytime = 600000ms (custom)
2019-11-13 21:55:18,361 [pool-47-thread-1] INFO  server.RaftServerConfigKeys (ConfUtils.java:logGet(43)) - raft.server.retrycache.expirytime = 600000ms (custom)
2019-11-13 21:55:18,361 [pool-37-thread-1] INFO  segmented.SegmentedRaftLogWorker (SegmentedRaftLogWorker.java:lambda$new$0(128)) - e8ced9c7-6cbf-4b34-8707-66e501603ac9@group-DDA8C433CD59-SegmentedRaftLogWorker: flushIndex: setUnconditionally 0 -> -1
2019-11-13 21:55:18,361 [pool-27-thread-1] WARN  impl.MetricRegistriesImpl (MetricRegistriesImpl.java:lambda$create$1(61)) - First MetricRegistry has been created without registering reporters. You may need to call MetricRegistries.global().addReportRegistration(...) before.
2019-11-13 21:55:18,361 [pool-47-thread-1] WARN  impl.MetricRegistriesImpl (MetricRegistriesImpl.java:lambda$create$1(61)) - First MetricRegistry has been created without registering reporters. You may need to call MetricRegistries.global().addReportRegistration(...) before.
2019-11-13 21:55:18,361 [pool-27-thread-1] WARN  impl.MetricRegistriesImpl (MetricRegistriesImpl.java:lambda$create$1(61)) - First MetricRegistry has been created without registering reporters. You may need to call MetricRegistries.global().addReportRegistration(...) before.
2019-11-13 21:55:18,361 [pool-37-thread-1] INFO  server.RaftServerConfigKeys (ConfUtils.java:logGet(43)) - raft.server.snapshot.auto.trigger.enabled = true (custom)
2019-11-13 21:55:18,361 [pool-47-thread-1] WARN  impl.MetricRegistriesImpl (MetricRegistriesImpl.java:lambda$create$1(61)) - First MetricRegistry has been created without registering reporters. You may need to call MetricRegistries.global().addReportRegistration(...) before.
2019-11-13 21:55:18,362 [pool-27-thread-1] INFO  impl.RaftServerImpl (RaftServerImpl.java:start(184)) - f251cb10-a284-4816-bcd9-6a5fca322485@group-DDA8C433CD59: start as a follower, conf=-1: [e8ced9c7-6cbf-4b34-8707-66e501603ac9:192.168.34.20:34516, d77ba411-c121-4894-aed9-0a060bb3d672:192.168.34.20:39248, f251cb10-a284-4816-bcd9-6a5fca322485:192.168.34.20:34653], old=null
2019-11-13 21:55:18,362 [pool-37-thread-1] INFO  server.RaftServerConfigKeys (ConfUtils.java:logGet(43)) - raft.server.snapshot.auto.trigger.threshold = 10000 (custom)
2019-11-13 21:55:18,362 [pool-27-thread-1] INFO  impl.RaftServerImpl (RaftServerImpl.java:setRole(173)) - f251cb10-a284-4816-bcd9-6a5fca322485@group-DDA8C433CD59: changes role from      null to FOLLOWER at term 0 for startAsFollower
2019-11-13 21:55:18,362 [pool-27-thread-1] INFO  impl.RoleInfo (RoleInfo.java:updateAndGet(143)) - f251cb10-a284-4816-bcd9-6a5fca322485: start FollowerState
2019-11-13 21:55:18,362 [pool-47-thread-1] INFO  impl.RaftServerImpl (RaftServerImpl.java:start(184)) - d77ba411-c121-4894-aed9-0a060bb3d672@group-DDA8C433CD59: start as a follower, conf=-1: [e8ced9c7-6cbf-4b34-8707-66e501603ac9:192.168.34.20:34516, d77ba411-c121-4894-aed9-0a060bb3d672:192.168.34.20:39248, f251cb10-a284-4816-bcd9-6a5fca322485:192.168.34.20:34653], old=null
2019-11-13 21:55:18,362 [pool-37-thread-1] INFO  server.RaftServerConfigKeys (ConfUtils.java:logGet(43)) - raft.server.snapshot.retention.file.num = 5 (custom)
2019-11-13 21:55:18,362 [pool-47-thread-1] INFO  impl.RaftServerImpl (RaftServerImpl.java:setRole(173)) - d77ba411-c121-4894-aed9-0a060bb3d672@group-DDA8C433CD59: changes role from      null to FOLLOWER at term 0 for startAsFollower
2019-11-13 21:55:18,363 [pool-37-thread-1] INFO  server.RaftServerConfigKeys (ConfUtils.java:logGet(43)) - raft.server.retrycache.expirytime = 600000ms (custom)
2019-11-13 21:55:18,363 [pool-47-thread-1] INFO  impl.RoleInfo (RoleInfo.java:updateAndGet(143)) - d77ba411-c121-4894-aed9-0a060bb3d672: start FollowerState
2019-11-13 21:55:18,363 [pool-37-thread-1] WARN  impl.MetricRegistriesImpl (MetricRegistriesImpl.java:lambda$create$1(61)) - First MetricRegistry has been created without registering reporters. You may need to call MetricRegistries.global().addReportRegistration(...) before.
2019-11-13 21:55:18,363 [pool-27-thread-1] INFO  util.JmxRegister (JmxRegister.java:tryRegister(44)) - Successfully registered JMX Bean with object name Ratis:service=RaftServer,group=group-DDA8C433CD59,id=f251cb10-a284-4816-bcd9-6a5fca322485
2019-11-13 21:55:18,363 [pool-47-thread-1] INFO  util.JmxRegister (JmxRegister.java:tryRegister(44)) - Successfully registered JMX Bean with object name Ratis:service=RaftServer,group=group-DDA8C433CD59,id=d77ba411-c121-4894-aed9-0a060bb3d672
2019-11-13 21:55:18,363 [pool-37-thread-1] WARN  impl.MetricRegistriesImpl (MetricRegistriesImpl.java:lambda$create$1(61)) - First MetricRegistry has been created without registering reporters. You may need to call MetricRegistries.global().addReportRegistration(...) before.
2019-11-13 21:55:18,363 [pool-47-thread-1] WARN  impl.MetricRegistriesImpl (MetricRegistriesImpl.java:lambda$create$1(61)) - First MetricRegistry has been created without registering reporters. You may need to call MetricRegistries.global().addReportRegistration(...) before.
2019-11-13 21:55:18,363 [pool-27-thread-1] WARN  impl.MetricRegistriesImpl (MetricRegistriesImpl.java:lambda$create$1(61)) - First MetricRegistry has been created without registering reporters. You may need to call MetricRegistries.global().addReportRegistration(...) before.
2019-11-13 21:55:18,364 [pool-37-thread-1] INFO  impl.RaftServerImpl (RaftServerImpl.java:start(184)) - e8ced9c7-6cbf-4b34-8707-66e501603ac9@group-DDA8C433CD59: start as a follower, conf=-1: [e8ced9c7-6cbf-4b34-8707-66e501603ac9:192.168.34.20:34516, d77ba411-c121-4894-aed9-0a060bb3d672:192.168.34.20:39248, f251cb10-a284-4816-bcd9-6a5fca322485:192.168.34.20:34653], old=null
2019-11-13 21:55:18,364 [pool-37-thread-1] INFO  impl.RaftServerImpl (RaftServerImpl.java:setRole(173)) - e8ced9c7-6cbf-4b34-8707-66e501603ac9@group-DDA8C433CD59: changes role from      null to FOLLOWER at term 0 for startAsFollower
2019-11-13 21:55:18,364 [pool-37-thread-1] INFO  impl.RoleInfo (RoleInfo.java:updateAndGet(143)) - e8ced9c7-6cbf-4b34-8707-66e501603ac9: start FollowerState
2019-11-13 21:55:18,364 [pool-37-thread-1] INFO  util.JmxRegister (JmxRegister.java:tryRegister(44)) - Successfully registered JMX Bean with object name Ratis:service=RaftServer,group=group-DDA8C433CD59,id=e8ced9c7-6cbf-4b34-8707-66e501603ac9
2019-11-13 21:55:18,364 [pool-37-thread-1] WARN  impl.MetricRegistriesImpl (MetricRegistriesImpl.java:lambda$create$1(61)) - First MetricRegistry has been created without registering reporters. You may need to call MetricRegistries.global().addReportRegistration(...) before.
2019-11-13 21:55:18,374 [RatisPipelineUtilsThread] INFO  pipeline.PipelineStateManager (PipelineStateManager.java:addPipeline(55)) - Created pipeline Pipeline[ Id: a5e6943d-6216-4aed-9783-dda8c433cd59, Nodes: d77ba411-c121-4894-aed9-0a060bb3d672{ip: 192.168.34.20, host: pr-hdds-2470-fxbl9-3826649461, networkLocation: /default-rack, certSerialId: null}f251cb10-a284-4816-bcd9-6a5fca322485{ip: 192.168.34.20, host: pr-hdds-2470-fxbl9-3826649461, networkLocation: /default-rack, certSerialId: null}e8ced9c7-6cbf-4b34-8707-66e501603ac9{ip: 192.168.34.20, host: pr-hdds-2470-fxbl9-3826649461, networkLocation: /default-rack, certSerialId: null}, Type:RATIS, Factor:THREE, State:ALLOCATED]
2019-11-13 21:55:18,375 [Thread-178] INFO  pipeline.PipelineStateManager (PipelineStateManager.java:finalizePipeline(121)) - Pipeline Pipeline[ Id: 3d2e0fd3-9283-4498-bd10-75dec388300c, Nodes: d77ba411-c121-4894-aed9-0a060bb3d672{ip: 192.168.34.20, host: pr-hdds-2470-fxbl9-3826649461, networkLocation: /default-rack, certSerialId: null}, Type:RATIS, Factor:ONE, State:CLOSED] moved to CLOSED state
2019-11-13 21:55:18,383 [grpc-default-executor-1] INFO  impl.RaftServerProxy (RaftServerProxy.java:remove(95)) - d77ba411-c121-4894-aed9-0a060bb3d672: remove  FOLLOWER d77ba411-c121-4894-aed9-0a060bb3d672@group-75DEC388300C:t0, leader=null, voted=null, raftlog=d77ba411-c121-4894-aed9-0a060bb3d672@group-75DEC388300C-SegmentedRaftLog:OPENED:c-1,f-1,i0, conf=-1: [d77ba411-c121-4894-aed9-0a060bb3d672:192.168.34.20:39248], old=null RUNNING
2019-11-13 21:55:18,384 [grpc-default-executor-1] INFO  impl.RaftServerImpl (RaftServerImpl.java:lambda$shutdown$3(250)) - d77ba411-c121-4894-aed9-0a060bb3d672@group-75DEC388300C: shutdown
2019-11-13 21:55:18,384 [grpc-default-executor-1] INFO  util.JmxRegister (JmxRegister.java:unregister(73)) - Successfully un-registered JMX Bean with object name Ratis:service=RaftServer,group=group-75DEC388300C,id=d77ba411-c121-4894-aed9-0a060bb3d672
2019-11-13 21:55:18,384 [grpc-default-executor-1] INFO  impl.RoleInfo (RoleInfo.java:shutdownFollowerState(121)) - d77ba411-c121-4894-aed9-0a060bb3d672: shutdown FollowerState
2019-11-13 21:55:18,384 [grpc-default-executor-1] INFO  impl.StateMachineUpdater (StateMachineUpdater.java:stopAndJoin(136)) - d77ba411-c121-4894-aed9-0a060bb3d672@group-75DEC388300C-StateMachineUpdater: set stopIndex = -1
2019-11-13 21:55:18,387 [Thread-183] INFO  impl.FollowerState (FollowerState.java:run(120)) - d77ba411-c121-4894-aed9-0a060bb3d672@group-75DEC388300C-FollowerState was interrupted: java.lang.InterruptedException: sleep interrupted
2019-11-13 21:55:18,387 [grpc-default-executor-1] INFO  impl.RaftServerImpl (ServerState.java:close(387)) - d77ba411-c121-4894-aed9-0a060bb3d672@group-75DEC388300C: closes. applyIndex: -1
2019-11-13 21:55:18,388 [d77ba411-c121-4894-aed9-0a060bb3d672@group-75DEC388300C-SegmentedRaftLogWorker] INFO  segmented.SegmentedRaftLogWorker (SegmentedRaftLogWorker.java:run(316)) - d77ba411-c121-4894-aed9-0a060bb3d672@group-75DEC388300C-SegmentedRaftLogWorker was interrupted, exiting. There are 0 tasks remaining in the queue.
2019-11-13 21:55:18,388 [grpc-default-executor-1] INFO  segmented.SegmentedRaftLogWorker (SegmentedRaftLogWorker.java:close(224)) - d77ba411-c121-4894-aed9-0a060bb3d672@group-75DEC388300C-SegmentedRaftLogWorker close()
2019-11-13 21:55:18,394 [Thread-178] INFO  pipeline.PipelineStateManager (PipelineStateManager.java:removePipeline(106)) - Pipeline Pipeline[ Id: 3d2e0fd3-9283-4498-bd10-75dec388300c, Nodes: d77ba411-c121-4894-aed9-0a060bb3d672{ip: 192.168.34.20, host: pr-hdds-2470-fxbl9-3826649461, networkLocation: /default-rack, certSerialId: null}, Type:RATIS, Factor:ONE, State:CLOSED] removed from db
2019-11-13 21:55:18,394 [Thread-178] INFO  pipeline.SCMPipelineManager (SCMPipelineManager.java:finalizeAndDestroyPipeline(315)) - destroying pipeline:Pipeline[ Id: f6590c29-c95d-4433-9aa0-71c47e6d22d8, Nodes: f251cb10-a284-4816-bcd9-6a5fca322485{ip: 192.168.34.20, host: pr-hdds-2470-fxbl9-3826649461, networkLocation: /default-rack, certSerialId: null}, Type:RATIS, Factor:ONE, State:ALLOCATED]
2019-11-13 21:55:18,403 [grpc-default-executor-1] INFO  impl.RaftServerProxy (RaftServerProxy.java:addNew(89)) - d77ba411-c121-4894-aed9-0a060bb3d672: addNew group-4265D751F673:[d77ba411-c121-4894-aed9-0a060bb3d672:192.168.34.20:39248] returns group-4265D751F673:java.util.concurrent.CompletableFuture@70c6b7b7[Not completed]
2019-11-13 21:55:18,405 [pool-47-thread-1] INFO  impl.RaftServerImpl (RaftServerImpl.java:<init>(98)) - d77ba411-c121-4894-aed9-0a060bb3d672: new RaftServerImpl for group-4265D751F673:[d77ba411-c121-4894-aed9-0a060bb3d672:192.168.34.20:39248] with ContainerStateMachine:uninitialized
2019-11-13 21:55:18,406 [pool-47-thread-1] INFO  server.RaftServerConfigKeys (ConfUtils.java:logGet(43)) - raft.server.rpc.timeout.min = 5s (custom)
2019-11-13 21:55:18,406 [pool-47-thread-1] INFO  server.RaftServerConfigKeys (ConfUtils.java:logGet(43)) - raft.server.rpc.timeout.max = 5200ms (custom)
2019-11-13 21:55:18,406 [pool-47-thread-1] INFO  server.RaftServerConfigKeys (ConfUtils.java:logGet(43)) - raft.server.rpcslowness.timeout = 120s (custom)
2019-11-13 21:55:18,406 [pool-47-thread-1] INFO  server.RaftServerConfigKeys (ConfUtils.java:logGet(43)) - raft.server.sleep.deviation.threshold = 300 (default)
2019-11-13 21:55:18,406 [pool-47-thread-1] INFO  server.RaftServerConfigKeys (ConfUtils.java:logGet(43)) - raft.server.log.appender.install.snapshot.enabled = false (custom)
2019-11-13 21:55:18,406 [pool-47-thread-1] INFO  impl.RaftServerImpl (ServerState.java:<init>(103)) - d77ba411-c121-4894-aed9-0a060bb3d672@group-4265D751F673: ConfigurationManager, init=-1: [d77ba411-c121-4894-aed9-0a060bb3d672:192.168.34.20:39248], old=null, confs=<EMPTY_MAP>
2019-11-13 21:55:18,406 [pool-47-thread-1] INFO  server.RaftServerConfigKeys (ConfUtils.java:logGet(43)) - raft.server.storage.dir = [/workdir/hadoop-ozone/tools/target/test-dir/MiniOzoneClusterImpl-5b5b1002-d5c5-4197-9165-0cf04028de8e/datanode-2/data/ratis] (custom)
2019-11-13 21:55:18,407 [pool-47-thread-1] INFO  server.RaftServerConfigKeys (ConfUtils.java:logGet(43)) - raft.server.log.corruption.policy = EXCEPTION (default)
2019-11-13 21:55:18,407 [pool-47-thread-1] INFO  storage.RaftStorageDirectory (RaftStorageDirectory.java:analyzeStorage(246)) - The storage directory /workdir/hadoop-ozone/tools/target/test-dir/MiniOzoneClusterImpl-5b5b1002-d5c5-4197-9165-0cf04028de8e/datanode-2/data/ratis/29822dbf-03f5-480a-8f5f-4265d751f673 does not exist. Creating ...
2019-11-13 21:55:18,420 [pool-47-thread-1] INFO  storage.RaftStorageDirectory (RaftStorageDirectory.java:tryLock(328)) - Lock on /workdir/hadoop-ozone/tools/target/test-dir/MiniOzoneClusterImpl-5b5b1002-d5c5-4197-9165-0cf04028de8e/datanode-2/data/ratis/29822dbf-03f5-480a-8f5f-4265d751f673/in_use.lock acquired by nodename 30694@pr-hdds-2470-fxbl9-3826649461
2019-11-13 21:55:18,433 [pool-47-thread-1] INFO  storage.RaftStorage (RaftStorage.java:format(84)) - Storage directory /workdir/hadoop-ozone/tools/target/test-dir/MiniOzoneClusterImpl-5b5b1002-d5c5-4197-9165-0cf04028de8e/datanode-2/data/ratis/29822dbf-03f5-480a-8f5f-4265d751f673 has been successfully formatted.
2019-11-13 21:55:18,433 [pool-47-thread-1] INFO  ratis.ContainerStateMachine (ContainerStateMachine.java:loadSnapshot(223)) - group-4265D751F673: The snapshot info is null. Setting the last applied indexto:(t:0, i:~)
2019-11-13 21:55:18,434 [pool-47-thread-1] INFO  server.RaftServerConfigKeys (ConfUtils.java:logGet(43)) - raft.server.notification.no-leader.timeout = 120s (custom)
2019-11-13 21:55:18,434 [pool-47-thread-1] INFO  server.RaftServerConfigKeys (ConfUtils.java:logGet(43)) - raft.server.log.use.memory = false (default)
2019-11-13 21:55:18,434 [pool-47-thread-1] INFO  server.RaftServerConfigKeys (ConfUtils.java:logGet(43)) - raft.server.log.purge.gap = 1000000 (custom)
2019-11-13 21:55:18,434 [pool-47-thread-1] INFO  server.RaftServerConfigKeys (ConfUtils.java:logGet(43)) - raft.server.log.appender.buffer.byte-limit = 33554432 (custom)
2019-11-13 21:55:18,434 [pool-47-thread-1] INFO  server.RaftServerConfigKeys (ConfUtils.java:logGet(43)) - raft.server.log.segment.size.max = 1048576 (custom)
2019-11-13 21:55:18,434 [pool-47-thread-1] INFO  server.RaftServerConfigKeys (ConfUtils.java:logGet(43)) - raft.server.log.segment.cache.num.max = 2 (custom)
2019-11-13 21:55:18,434 [pool-47-thread-1] INFO  segmented.SegmentedRaftLogWorker (SegmentedRaftLogWorker.java:<init>(173)) - new d77ba411-c121-4894-aed9-0a060bb3d672@group-4265D751F673-SegmentedRaftLogWorker for RaftStorage:Storage Directory /workdir/hadoop-ozone/tools/target/test-dir/MiniOzoneClusterImpl-5b5b1002-d5c5-4197-9165-0cf04028de8e/datanode-2/data/ratis/29822dbf-03f5-480a-8f5f-4265d751f673
2019-11-13 21:55:18,434 [pool-47-thread-1] INFO  server.RaftServerConfigKeys (ConfUtils.java:logGet(43)) - raft.server.log.queue.byte-limit = 2147483647 (custom)
2019-11-13 21:55:18,435 [pool-47-thread-1] INFO  server.RaftServerConfigKeys (ConfUtils.java:logGet(43)) - raft.server.log.queue.element-limit = 1024 (custom)
2019-11-13 21:55:18,435 [pool-47-thread-1] INFO  server.RaftServerConfigKeys (ConfUtils.java:logGet(43)) - raft.server.log.segment.size.max = 1048576 (custom)
2019-11-13 21:55:18,435 [pool-47-thread-1] INFO  server.RaftServerConfigKeys (ConfUtils.java:logGet(43)) - raft.server.log.preallocated.size = 16384 (custom)
2019-11-13 21:55:18,435 [pool-47-thread-1] INFO  server.RaftServerConfigKeys (ConfUtils.java:logGet(43)) - raft.server.log.write.buffer.size = 33554432 (custom)
2019-11-13 21:55:18,435 [pool-47-thread-1] INFO  server.RaftServerConfigKeys (ConfUtils.java:logGet(43)) - raft.server.log.force.sync.num = 128 (default)
2019-11-13 21:55:18,435 [pool-47-thread-1] INFO  server.RaftServerConfigKeys (ConfUtils.java:logGet(43)) - raft.server.log.statemachine.data.sync = true (default)
2019-11-13 21:55:18,435 [pool-47-thread-1] INFO  server.RaftServerConfigKeys (ConfUtils.java:logGet(43)) - raft.server.log.statemachine.data.sync.timeout = 10s (default)
2019-11-13 21:55:18,435 [pool-47-thread-1] INFO  server.RaftServerConfigKeys (ConfUtils.java:logGet(43)) - raft.server.log.statemachine.data.sync.timeout.retry = -1 (default)
2019-11-13 21:55:18,436 [pool-47-thread-1] INFO  server.RaftServerConfigKeys (ConfUtils.java:logGet(43)) - raft.server.log.statemachine.data.caching.enabled = true (custom)
2019-11-13 21:55:18,436 [pool-47-thread-1] INFO  segmented.SegmentedRaftLogWorker (SegmentedRaftLogWorker.java:lambda$new$0(128)) - d77ba411-c121-4894-aed9-0a060bb3d672@group-4265D751F673-SegmentedRaftLogWorker: flushIndex: setUnconditionally 0 -> -1
2019-11-13 21:55:18,436 [pool-47-thread-1] INFO  server.RaftServerConfigKeys (ConfUtils.java:logGet(43)) - raft.server.snapshot.auto.trigger.enabled = true (custom)
2019-11-13 21:55:18,436 [pool-47-thread-1] INFO  server.RaftServerConfigKeys (ConfUtils.java:logGet(43)) - raft.server.snapshot.auto.trigger.threshold = 10000 (custom)
2019-11-13 21:55:18,436 [pool-47-thread-1] INFO  server.RaftServerConfigKeys (ConfUtils.java:logGet(43)) - raft.server.snapshot.retention.file.num = 5 (custom)
2019-11-13 21:55:18,436 [pool-47-thread-1] INFO  server.RaftServerConfigKeys (ConfUtils.java:logGet(43)) - raft.server.retrycache.expirytime = 600000ms (custom)
2019-11-13 21:55:18,437 [pool-47-thread-1] WARN  impl.MetricRegistriesImpl (MetricRegistriesImpl.java:lambda$create$1(61)) - First MetricRegistry has been created without registering reporters. You may need to call MetricRegistries.global().addReportRegistration(...) before.
2019-11-13 21:55:18,437 [pool-47-thread-1] WARN  impl.MetricRegistriesImpl (MetricRegistriesImpl.java:lambda$create$1(61)) - First MetricRegistry has been created without registering reporters. You may need to call MetricRegistries.global().addReportRegistration(...) before.
2019-11-13 21:55:18,437 [pool-47-thread-1] INFO  impl.RaftServerImpl (RaftServerImpl.java:start(184)) - d77ba411-c121-4894-aed9-0a060bb3d672@group-4265D751F673: start as a follower, conf=-1: [d77ba411-c121-4894-aed9-0a060bb3d672:192.168.34.20:39248], old=null
2019-11-13 21:55:18,437 [pool-47-thread-1] INFO  impl.RaftServerImpl (RaftServerImpl.java:setRole(173)) - d77ba411-c121-4894-aed9-0a060bb3d672@group-4265D751F673: changes role from      null to FOLLOWER at term 0 for startAsFollower
2019-11-13 21:55:18,437 [pool-47-thread-1] INFO  impl.RoleInfo (RoleInfo.java:updateAndGet(143)) - d77ba411-c121-4894-aed9-0a060bb3d672: start FollowerState
2019-11-13 21:55:18,438 [pool-47-thread-1] INFO  util.JmxRegister (JmxRegister.java:tryRegister(44)) - Successfully registered JMX Bean with object name Ratis:service=RaftServer,group=group-4265D751F673,id=d77ba411-c121-4894-aed9-0a060bb3d672
2019-11-13 21:55:18,438 [pool-47-thread-1] WARN  impl.MetricRegistriesImpl (MetricRegistriesImpl.java:lambda$create$1(61)) - First MetricRegistry has been created without registering reporters. You may need to call MetricRegistries.global().addReportRegistration(...) before.
2019-11-13 21:55:18,443 [RatisPipelineUtilsThread] INFO  pipeline.PipelineStateManager (PipelineStateManager.java:addPipeline(55)) - Created pipeline Pipeline[ Id: 29822dbf-03f5-480a-8f5f-4265d751f673, Nodes: d77ba411-c121-4894-aed9-0a060bb3d672{ip: 192.168.34.20, host: pr-hdds-2470-fxbl9-3826649461, networkLocation: /default-rack, certSerialId: null}, Type:RATIS, Factor:ONE, State:ALLOCATED]
2019-11-13 21:55:18,443 [Thread-178] INFO  pipeline.PipelineStateManager (PipelineStateManager.java:finalizePipeline(121)) - Pipeline Pipeline[ Id: f6590c29-c95d-4433-9aa0-71c47e6d22d8, Nodes: f251cb10-a284-4816-bcd9-6a5fca322485{ip: 192.168.34.20, host: pr-hdds-2470-fxbl9-3826649461, networkLocation: /default-rack, certSerialId: null}, Type:RATIS, Factor:ONE, State:CLOSED] moved to CLOSED state
2019-11-13 21:55:18,454 [grpc-default-executor-1] INFO  impl.RaftServerProxy (RaftServerProxy.java:remove(95)) - f251cb10-a284-4816-bcd9-6a5fca322485: remove  FOLLOWER f251cb10-a284-4816-bcd9-6a5fca322485@group-71C47E6D22D8:t0, leader=null, voted=null, raftlog=f251cb10-a284-4816-bcd9-6a5fca322485@group-71C47E6D22D8-SegmentedRaftLog:OPENED:c-1,f-1,i0, conf=-1: [f251cb10-a284-4816-bcd9-6a5fca322485:192.168.34.20:34653], old=null RUNNING
2019-11-13 21:55:18,455 [grpc-default-executor-1] INFO  impl.RaftServerImpl (RaftServerImpl.java:lambda$shutdown$3(250)) - f251cb10-a284-4816-bcd9-6a5fca322485@group-71C47E6D22D8: shutdown
2019-11-13 21:55:18,455 [grpc-default-executor-1] INFO  util.JmxRegister (JmxRegister.java:unregister(73)) - Successfully un-registered JMX Bean with object name Ratis:service=RaftServer,group=group-71C47E6D22D8,id=f251cb10-a284-4816-bcd9-6a5fca322485
2019-11-13 21:55:18,455 [grpc-default-executor-1] INFO  impl.RoleInfo (RoleInfo.java:shutdownFollowerState(121)) - f251cb10-a284-4816-bcd9-6a5fca322485: shutdown FollowerState
2019-11-13 21:55:18,455 [grpc-default-executor-1] INFO  impl.StateMachineUpdater (StateMachineUpdater.java:stopAndJoin(136)) - f251cb10-a284-4816-bcd9-6a5fca322485@group-71C47E6D22D8-StateMachineUpdater: set stopIndex = -1
2019-11-13 21:55:18,455 [Thread-180] INFO  impl.FollowerState (FollowerState.java:run(120)) - f251cb10-a284-4816-bcd9-6a5fca322485@group-71C47E6D22D8-FollowerState was interrupted: java.lang.InterruptedException: sleep interrupted
2019-11-13 21:55:18,456 [grpc-default-executor-1] INFO  impl.RaftServerImpl (ServerState.java:close(387)) - f251cb10-a284-4816-bcd9-6a5fca322485@group-71C47E6D22D8: closes. applyIndex: -1
2019-11-13 21:55:18,456 [f251cb10-a284-4816-bcd9-6a5fca322485@group-71C47E6D22D8-SegmentedRaftLogWorker] INFO  segmented.SegmentedRaftLogWorker (SegmentedRaftLogWorker.java:run(316)) - f251cb10-a284-4816-bcd9-6a5fca322485@group-71C47E6D22D8-SegmentedRaftLogWorker was interrupted, exiting. There are 0 tasks remaining in the queue.
2019-11-13 21:55:18,456 [grpc-default-executor-1] INFO  segmented.SegmentedRaftLogWorker (SegmentedRaftLogWorker.java:close(224)) - f251cb10-a284-4816-bcd9-6a5fca322485@group-71C47E6D22D8-SegmentedRaftLogWorker close()
2019-11-13 21:55:18,461 [Thread-178] INFO  pipeline.PipelineStateManager (PipelineStateManager.java:removePipeline(106)) - Pipeline Pipeline[ Id: f6590c29-c95d-4433-9aa0-71c47e6d22d8, Nodes: f251cb10-a284-4816-bcd9-6a5fca322485{ip: 192.168.34.20, host: pr-hdds-2470-fxbl9-3826649461, networkLocation: /default-rack, certSerialId: null}, Type:RATIS, Factor:ONE, State:CLOSED] removed from db
2019-11-13 21:55:18,469 [grpc-default-executor-1] INFO  impl.RaftServerProxy (RaftServerProxy.java:addNew(89)) - f251cb10-a284-4816-bcd9-6a5fca322485: addNew group-CACC435E22CB:[f251cb10-a284-4816-bcd9-6a5fca322485:192.168.34.20:34653] returns group-CACC435E22CB:java.util.concurrent.CompletableFuture@7b0c5926[Not completed]
2019-11-13 21:55:18,471 [pool-27-thread-1] INFO  impl.RaftServerImpl (RaftServerImpl.java:<init>(98)) - f251cb10-a284-4816-bcd9-6a5fca322485: new RaftServerImpl for group-CACC435E22CB:[f251cb10-a284-4816-bcd9-6a5fca322485:192.168.34.20:34653] with ContainerStateMachine:uninitialized
2019-11-13 21:55:18,472 [pool-27-thread-1] INFO  server.RaftServerConfigKeys (ConfUtils.java:logGet(43)) - raft.server.rpc.timeout.min = 5s (custom)
2019-11-13 21:55:18,472 [pool-27-thread-1] INFO  server.RaftServerConfigKeys (ConfUtils.java:logGet(43)) - raft.server.rpc.timeout.max = 5200ms (custom)
2019-11-13 21:55:18,472 [pool-27-thread-1] INFO  server.RaftServerConfigKeys (ConfUtils.java:logGet(43)) - raft.server.rpcslowness.timeout = 120s (custom)
2019-11-13 21:55:18,472 [pool-27-thread-1] INFO  server.RaftServerConfigKeys (ConfUtils.java:logGet(43)) - raft.server.sleep.deviation.threshold = 300 (default)
2019-11-13 21:55:18,472 [pool-27-thread-1] INFO  server.RaftServerConfigKeys (ConfUtils.java:logGet(43)) - raft.server.log.appender.install.snapshot.enabled = false (custom)
2019-11-13 21:55:18,472 [pool-27-thread-1] INFO  impl.RaftServerImpl (ServerState.java:<init>(103)) - f251cb10-a284-4816-bcd9-6a5fca322485@group-CACC435E22CB: ConfigurationManager, init=-1: [f251cb10-a284-4816-bcd9-6a5fca322485:192.168.34.20:34653], old=null, confs=<EMPTY_MAP>
2019-11-13 21:55:18,473 [pool-27-thread-1] INFO  server.RaftServerConfigKeys (ConfUtils.java:logGet(43)) - raft.server.storage.dir = [/workdir/hadoop-ozone/tools/target/test-dir/MiniOzoneClusterImpl-5b5b1002-d5c5-4197-9165-0cf04028de8e/datanode-0/data/ratis] (custom)
2019-11-13 21:55:18,473 [pool-27-thread-1] INFO  server.RaftServerConfigKeys (ConfUtils.java:logGet(43)) - raft.server.log.corruption.policy = EXCEPTION (default)
2019-11-13 21:55:18,473 [pool-27-thread-1] INFO  storage.RaftStorageDirectory (RaftStorageDirectory.java:analyzeStorage(246)) - The storage directory /workdir/hadoop-ozone/tools/target/test-dir/MiniOzoneClusterImpl-5b5b1002-d5c5-4197-9165-0cf04028de8e/datanode-0/data/ratis/86244a6f-c0b6-4bd8-8fe8-cacc435e22cb does not exist. Creating ...
2019-11-13 21:55:18,486 [pool-27-thread-1] INFO  storage.RaftStorageDirectory (RaftStorageDirectory.java:tryLock(328)) - Lock on /workdir/hadoop-ozone/tools/target/test-dir/MiniOzoneClusterImpl-5b5b1002-d5c5-4197-9165-0cf04028de8e/datanode-0/data/ratis/86244a6f-c0b6-4bd8-8fe8-cacc435e22cb/in_use.lock acquired by nodename 30694@pr-hdds-2470-fxbl9-3826649461
2019-11-13 21:55:18,500 [pool-27-thread-1] INFO  storage.RaftStorage (RaftStorage.java:format(84)) - Storage directory /workdir/hadoop-ozone/tools/target/test-dir/MiniOzoneClusterImpl-5b5b1002-d5c5-4197-9165-0cf04028de8e/datanode-0/data/ratis/86244a6f-c0b6-4bd8-8fe8-cacc435e22cb has been successfully formatted.
2019-11-13 21:55:18,500 [pool-27-thread-1] INFO  ratis.ContainerStateMachine (ContainerStateMachine.java:loadSnapshot(223)) - group-CACC435E22CB: The snapshot info is null. Setting the last applied indexto:(t:0, i:~)
2019-11-13 21:55:18,501 [pool-27-thread-1] INFO  server.RaftServerConfigKeys (ConfUtils.java:logGet(43)) - raft.server.notification.no-leader.timeout = 120s (custom)
2019-11-13 21:55:18,501 [pool-27-thread-1] INFO  server.RaftServerConfigKeys (ConfUtils.java:logGet(43)) - raft.server.log.use.memory = false (default)
2019-11-13 21:55:18,501 [pool-27-thread-1] INFO  server.RaftServerConfigKeys (ConfUtils.java:logGet(43)) - raft.server.log.purge.gap = 1000000 (custom)
2019-11-13 21:55:18,501 [pool-27-thread-1] INFO  server.RaftServerConfigKeys (ConfUtils.java:logGet(43)) - raft.server.log.appender.buffer.byte-limit = 33554432 (custom)
2019-11-13 21:55:18,501 [pool-27-thread-1] INFO  server.RaftServerConfigKeys (ConfUtils.java:logGet(43)) - raft.server.log.segment.size.max = 1048576 (custom)
2019-11-13 21:55:18,501 [pool-27-thread-1] INFO  server.RaftServerConfigKeys (ConfUtils.java:logGet(43)) - raft.server.log.segment.cache.num.max = 2 (custom)
2019-11-13 21:55:18,502 [pool-27-thread-1] INFO  segmented.SegmentedRaftLogWorker (SegmentedRaftLogWorker.java:<init>(173)) - new f251cb10-a284-4816-bcd9-6a5fca322485@group-CACC435E22CB-SegmentedRaftLogWorker for RaftStorage:Storage Directory /workdir/hadoop-ozone/tools/target/test-dir/MiniOzoneClusterImpl-5b5b1002-d5c5-4197-9165-0cf04028de8e/datanode-0/data/ratis/86244a6f-c0b6-4bd8-8fe8-cacc435e22cb
2019-11-13 21:55:18,502 [pool-27-thread-1] INFO  server.RaftServerConfigKeys (ConfUtils.java:logGet(43)) - raft.server.log.queue.byte-limit = 2147483647 (custom)
2019-11-13 21:55:18,502 [pool-27-thread-1] INFO  server.RaftServerConfigKeys (ConfUtils.java:logGet(43)) - raft.server.log.queue.element-limit = 1024 (custom)
2019-11-13 21:55:18,502 [pool-27-thread-1] INFO  server.RaftServerConfigKeys (ConfUtils.java:logGet(43)) - raft.server.log.segment.size.max = 1048576 (custom)
2019-11-13 21:55:18,502 [pool-27-thread-1] INFO  server.RaftServerConfigKeys (ConfUtils.java:logGet(43)) - raft.server.log.preallocated.size = 16384 (custom)
2019-11-13 21:55:18,502 [pool-27-thread-1] INFO  server.RaftServerConfigKeys (ConfUtils.java:logGet(43)) - raft.server.log.write.buffer.size = 33554432 (custom)
2019-11-13 21:55:18,502 [pool-27-thread-1] INFO  server.RaftServerConfigKeys (ConfUtils.java:logGet(43)) - raft.server.log.force.sync.num = 128 (default)
2019-11-13 21:55:18,503 [pool-27-thread-1] INFO  server.RaftServerConfigKeys (ConfUtils.java:logGet(43)) - raft.server.log.statemachine.data.sync = true (default)
2019-11-13 21:55:18,503 [pool-27-thread-1] INFO  server.RaftServerConfigKeys (ConfUtils.java:logGet(43)) - raft.server.log.statemachine.data.sync.timeout = 10s (default)
2019-11-13 21:55:18,503 [pool-27-thread-1] INFO  server.RaftServerConfigKeys (ConfUtils.java:logGet(43)) - raft.server.log.statemachine.data.sync.timeout.retry = -1 (default)
2019-11-13 21:55:18,503 [pool-27-thread-1] INFO  server.RaftServerConfigKeys (ConfUtils.java:logGet(43)) - raft.server.log.statemachine.data.caching.enabled = true (custom)
2019-11-13 21:55:18,504 [pool-27-thread-1] INFO  segmented.SegmentedRaftLogWorker (SegmentedRaftLogWorker.java:lambda$new$0(128)) - f251cb10-a284-4816-bcd9-6a5fca322485@group-CACC435E22CB-SegmentedRaftLogWorker: flushIndex: setUnconditionally 0 -> -1
2019-11-13 21:55:18,504 [pool-27-thread-1] INFO  server.RaftServerConfigKeys (ConfUtils.java:logGet(43)) - raft.server.snapshot.auto.trigger.enabled = true (custom)
2019-11-13 21:55:18,504 [pool-27-thread-1] INFO  server.RaftServerConfigKeys (ConfUtils.java:logGet(43)) - raft.server.snapshot.auto.trigger.threshold = 10000 (custom)
2019-11-13 21:55:18,504 [pool-27-thread-1] INFO  server.RaftServerConfigKeys (ConfUtils.java:logGet(43)) - raft.server.snapshot.retention.file.num = 5 (custom)
2019-11-13 21:55:18,504 [pool-27-thread-1] INFO  server.RaftServerConfigKeys (ConfUtils.java:logGet(43)) - raft.server.retrycache.expirytime = 600000ms (custom)
2019-11-13 21:55:18,505 [pool-27-thread-1] WARN  impl.MetricRegistriesImpl (MetricRegistriesImpl.java:lambda$create$1(61)) - First MetricRegistry has been created without registering reporters. You may need to call MetricRegistries.global().addReportRegistration(...) before.
2019-11-13 21:55:18,505 [pool-27-thread-1] WARN  impl.MetricRegistriesImpl (MetricRegistriesImpl.java:lambda$create$1(61)) - First MetricRegistry has been created without registering reporters. You may need to call MetricRegistries.global().addReportRegistration(...) before.
2019-11-13 21:55:18,505 [pool-27-thread-1] INFO  impl.RaftServerImpl (RaftServerImpl.java:start(184)) - f251cb10-a284-4816-bcd9-6a5fca322485@group-CACC435E22CB: start as a follower, conf=-1: [f251cb10-a284-4816-bcd9-6a5fca322485:192.168.34.20:34653], old=null
2019-11-13 21:55:18,505 [pool-27-thread-1] INFO  impl.RaftServerImpl (RaftServerImpl.java:setRole(173)) - f251cb10-a284-4816-bcd9-6a5fca322485@group-CACC435E22CB: changes role from      null to FOLLOWER at term 0 for startAsFollower
2019-11-13 21:55:18,505 [pool-27-thread-1] INFO  impl.RoleInfo (RoleInfo.java:updateAndGet(143)) - f251cb10-a284-4816-bcd9-6a5fca322485: start FollowerState
2019-11-13 21:55:18,506 [pool-27-thread-1] INFO  util.JmxRegister (JmxRegister.java:tryRegister(44)) - Successfully registered JMX Bean with object name Ratis:service=RaftServer,group=group-CACC435E22CB,id=f251cb10-a284-4816-bcd9-6a5fca322485
2019-11-13 21:55:18,506 [pool-27-thread-1] WARN  impl.MetricRegistriesImpl (MetricRegistriesImpl.java:lambda$create$1(61)) - First MetricRegistry has been created without registering reporters. You may need to call MetricRegistries.global().addReportRegistration(...) before.
2019-11-13 21:55:18,511 [RatisPipelineUtilsThread] INFO  pipeline.PipelineStateManager (PipelineStateManager.java:addPipeline(55)) - Created pipeline Pipeline[ Id: 86244a6f-c0b6-4bd8-8fe8-cacc435e22cb, Nodes: f251cb10-a284-4816-bcd9-6a5fca322485{ip: 192.168.34.20, host: pr-hdds-2470-fxbl9-3826649461, networkLocation: /default-rack, certSerialId: null}, Type:RATIS, Factor:ONE, State:ALLOCATED]
2019-11-13 21:55:19,094 [main] INFO  ozone.MiniOzoneClusterImpl (MiniOzoneClusterImpl.java:lambda$waitForClusterToBeReady$2(163)) - Waiting for 4 number of pipelines out of 4, to report a leader.
2019-11-13 21:55:20,094 [main] INFO  ozone.MiniOzoneClusterImpl (MiniOzoneClusterImpl.java:lambda$waitForClusterToBeReady$2(163)) - Waiting for 4 number of pipelines out of 4, to report a leader.
2019-11-13 21:55:21,095 [main] INFO  ozone.MiniOzoneClusterImpl (MiniOzoneClusterImpl.java:lambda$waitForClusterToBeReady$2(163)) - Waiting for 4 number of pipelines out of 4, to report a leader.
2019-11-13 21:55:22,095 [main] INFO  ozone.MiniOzoneClusterImpl (MiniOzoneClusterImpl.java:lambda$waitForClusterToBeReady$2(163)) - Waiting for 4 number of pipelines out of 4, to report a leader.
2019-11-13 21:55:23,096 [main] INFO  ozone.MiniOzoneClusterImpl (MiniOzoneClusterImpl.java:lambda$waitForClusterToBeReady$2(163)) - Waiting for 4 number of pipelines out of 4, to report a leader.
2019-11-13 21:55:23,227 [Thread-200] INFO  impl.FollowerState (FollowerState.java:run(111)) - e8ced9c7-6cbf-4b34-8707-66e501603ac9@group-2F65506F1C36-FollowerState: change to CANDIDATE, lastRpcTime:5000ms, electionTimeout:5000ms
2019-11-13 21:55:23,229 [Thread-200] INFO  impl.RoleInfo (RoleInfo.java:shutdownFollowerState(121)) - e8ced9c7-6cbf-4b34-8707-66e501603ac9: shutdown FollowerState
2019-11-13 21:55:23,229 [Thread-200] INFO  impl.RaftServerImpl (RaftServerImpl.java:setRole(173)) - e8ced9c7-6cbf-4b34-8707-66e501603ac9@group-2F65506F1C36: changes role from  FOLLOWER to CANDIDATE at term 0 for changeToCandidate
2019-11-13 21:55:23,234 [Thread-200] INFO  impl.RoleInfo (RoleInfo.java:updateAndGet(143)) - e8ced9c7-6cbf-4b34-8707-66e501603ac9: start LeaderElection
2019-11-13 21:55:23,250 [e8ced9c7-6cbf-4b34-8707-66e501603ac9@group-2F65506F1C36-LeaderElection1] INFO  impl.LeaderElection (LeaderElection.java:askForVotes(178)) - e8ced9c7-6cbf-4b34-8707-66e501603ac9@group-2F65506F1C36-LeaderElection1: begin an election at term 1 for -1: [e8ced9c7-6cbf-4b34-8707-66e501603ac9:192.168.34.20:34516], old=null
2019-11-13 21:55:23,252 [e8ced9c7-6cbf-4b34-8707-66e501603ac9@group-2F65506F1C36-LeaderElection1] INFO  impl.RoleInfo (RoleInfo.java:shutdownLeaderElection(134)) - e8ced9c7-6cbf-4b34-8707-66e501603ac9: shutdown LeaderElection
2019-11-13 21:55:23,252 [e8ced9c7-6cbf-4b34-8707-66e501603ac9@group-2F65506F1C36-LeaderElection1] INFO  impl.RaftServerImpl (RaftServerImpl.java:setRole(173)) - e8ced9c7-6cbf-4b34-8707-66e501603ac9@group-2F65506F1C36: changes role from CANDIDATE to LEADER at term 1 for changeToLeader
2019-11-13 21:55:23,253 [e8ced9c7-6cbf-4b34-8707-66e501603ac9@group-2F65506F1C36-LeaderElection1] INFO  ratis.XceiverServerRatis (XceiverServerRatis.java:handleLeaderChangedNotification(697)) - Leader change notification received for group: group-2F65506F1C36 with new leaderId: e8ced9c7-6cbf-4b34-8707-66e501603ac9
2019-11-13 21:55:23,257 [e8ced9c7-6cbf-4b34-8707-66e501603ac9@group-2F65506F1C36-LeaderElection1] INFO  impl.RaftServerImpl (ServerState.java:setLeader(255)) - e8ced9c7-6cbf-4b34-8707-66e501603ac9@group-2F65506F1C36: change Leader from null to e8ced9c7-6cbf-4b34-8707-66e501603ac9 at term 1 for becomeLeader, leader elected after 5029ms
2019-11-13 21:55:23,262 [e8ced9c7-6cbf-4b34-8707-66e501603ac9@group-2F65506F1C36-LeaderElection1] INFO  server.RaftServerConfigKeys (ConfUtils.java:logGet(43)) - raft.server.staging.catchup.gap = 1000 (default)
2019-11-13 21:55:23,262 [e8ced9c7-6cbf-4b34-8707-66e501603ac9@group-2F65506F1C36-LeaderElection1] INFO  server.RaftServerConfigKeys (ConfUtils.java:logGet(43)) - raft.server.rpc.sleep.time = 25ms (default)
2019-11-13 21:55:23,267 [e8ced9c7-6cbf-4b34-8707-66e501603ac9@group-2F65506F1C36-LeaderElection1] INFO  server.RaftServerConfigKeys (ConfUtils.java:logGet(43)) - raft.server.write.element-limit = 4096 (default)
2019-11-13 21:55:23,271 [e8ced9c7-6cbf-4b34-8707-66e501603ac9@group-2F65506F1C36-LeaderElection1] INFO  server.RaftServerConfigKeys (ConfUtils.java:logGet(43)) - raft.server.watch.timeout = 10s (default)
2019-11-13 21:55:23,271 [e8ced9c7-6cbf-4b34-8707-66e501603ac9@group-2F65506F1C36-LeaderElection1] INFO  server.RaftServerConfigKeys (ConfUtils.java:logGet(43)) - raft.server.watch.timeout.denomination = 1s (default)
2019-11-13 21:55:23,272 [e8ced9c7-6cbf-4b34-8707-66e501603ac9@group-2F65506F1C36-LeaderElection1] INFO  server.RaftServerConfigKeys (ConfUtils.java:logGet(43)) - raft.server.watch.element-limit = 65536 (default)
2019-11-13 21:55:23,273 [EventQueue-PipelineReportForPipelineReportHandler] INFO  pipeline.PipelineStateManager (PipelineStateManager.java:openPipeline(134)) - Pipeline Pipeline[ Id: fb82bb97-981f-47a8-92d9-2f65506f1c36, Nodes: e8ced9c7-6cbf-4b34-8707-66e501603ac9{ip: 192.168.34.20, host: pr-hdds-2470-fxbl9-3826649461, networkLocation: /default-rack, certSerialId: null}, Type:RATIS, Factor:ONE, State:OPEN] moved to OPEN state
2019-11-13 21:55:23,281 [e8ced9c7-6cbf-4b34-8707-66e501603ac9@group-2F65506F1C36-LeaderElection1] INFO  impl.RoleInfo (RoleInfo.java:updateAndGet(143)) - e8ced9c7-6cbf-4b34-8707-66e501603ac9: start LeaderState
2019-11-13 21:55:23,298 [e8ced9c7-6cbf-4b34-8707-66e501603ac9@group-2F65506F1C36-LeaderElection1] INFO  segmented.SegmentedRaftLogWorker (SegmentedRaftLogWorker.java:startLogSegment(385)) - e8ced9c7-6cbf-4b34-8707-66e501603ac9@group-2F65506F1C36-SegmentedRaftLogWorker: Starting segment from index:0
2019-11-13 21:55:23,306 [e8ced9c7-6cbf-4b34-8707-66e501603ac9@group-2F65506F1C36-LeaderElection1] INFO  impl.RaftServerImpl (ServerState.java:setRaftConf(356)) - e8ced9c7-6cbf-4b34-8707-66e501603ac9@group-2F65506F1C36: set configuration 0: [e8ced9c7-6cbf-4b34-8707-66e501603ac9:192.168.34.20:34516], old=null at 0
2019-11-13 21:55:23,431 [Thread-212] INFO  impl.FollowerState (FollowerState.java:run(111)) - e8ced9c7-6cbf-4b34-8707-66e501603ac9@group-DDA8C433CD59-FollowerState: change to CANDIDATE, lastRpcTime:5067ms, electionTimeout:5067ms
2019-11-13 21:55:23,432 [Thread-212] INFO  impl.RoleInfo (RoleInfo.java:shutdownFollowerState(121)) - e8ced9c7-6cbf-4b34-8707-66e501603ac9: shutdown FollowerState
2019-11-13 21:55:23,432 [Thread-212] INFO  impl.RaftServerImpl (RaftServerImpl.java:setRole(173)) - e8ced9c7-6cbf-4b34-8707-66e501603ac9@group-DDA8C433CD59: changes role from  FOLLOWER to CANDIDATE at term 0 for changeToCandidate
2019-11-13 21:55:23,432 [Thread-212] INFO  impl.RoleInfo (RoleInfo.java:updateAndGet(143)) - e8ced9c7-6cbf-4b34-8707-66e501603ac9: start LeaderElection
2019-11-13 21:55:23,445 [e8ced9c7-6cbf-4b34-8707-66e501603ac9@group-2F65506F1C36-SegmentedRaftLogWorker] INFO  segmented.SegmentedRaftLogWorker (SegmentedRaftLogWorker.java:execute(576)) - e8ced9c7-6cbf-4b34-8707-66e501603ac9@group-2F65506F1C36-SegmentedRaftLogWorker: created new log segment /workdir/hadoop-ozone/tools/target/test-dir/MiniOzoneClusterImpl-5b5b1002-d5c5-4197-9165-0cf04028de8e/datanode-1/data/ratis/fb82bb97-981f-47a8-92d9-2f65506f1c36/current/log_inprogress_0
2019-11-13 21:55:23,445 [e8ced9c7-6cbf-4b34-8707-66e501603ac9@group-DDA8C433CD59-LeaderElection2] INFO  impl.LeaderElection (LeaderElection.java:askForVotes(178)) - e8ced9c7-6cbf-4b34-8707-66e501603ac9@group-DDA8C433CD59-LeaderElection2: begin an election at term 1 for -1: [e8ced9c7-6cbf-4b34-8707-66e501603ac9:192.168.34.20:34516, d77ba411-c121-4894-aed9-0a060bb3d672:192.168.34.20:39248, f251cb10-a284-4816-bcd9-6a5fca322485:192.168.34.20:34653], old=null
2019-11-13 21:55:23,453 [Thread-216] INFO  impl.FollowerState (FollowerState.java:run(111)) - d77ba411-c121-4894-aed9-0a060bb3d672@group-4265D751F673-FollowerState: change to CANDIDATE, lastRpcTime:5015ms, electionTimeout:5015ms
2019-11-13 21:55:23,456 [Thread-216] INFO  impl.RoleInfo (RoleInfo.java:shutdownFollowerState(121)) - d77ba411-c121-4894-aed9-0a060bb3d672: shutdown FollowerState
2019-11-13 21:55:23,456 [Thread-216] INFO  impl.RaftServerImpl (RaftServerImpl.java:setRole(173)) - d77ba411-c121-4894-aed9-0a060bb3d672@group-4265D751F673: changes role from  FOLLOWER to CANDIDATE at term 0 for changeToCandidate
2019-11-13 21:55:23,456 [Thread-216] INFO  impl.RoleInfo (RoleInfo.java:updateAndGet(143)) - d77ba411-c121-4894-aed9-0a060bb3d672: start LeaderElection
2019-11-13 21:55:23,462 [d77ba411-c121-4894-aed9-0a060bb3d672@group-4265D751F673-LeaderElection3] INFO  impl.LeaderElection (LeaderElection.java:askForVotes(178)) - d77ba411-c121-4894-aed9-0a060bb3d672@group-4265D751F673-LeaderElection3: begin an election at term 1 for -1: [d77ba411-c121-4894-aed9-0a060bb3d672:192.168.34.20:39248], old=null
2019-11-13 21:55:23,463 [d77ba411-c121-4894-aed9-0a060bb3d672@group-4265D751F673-LeaderElection3] INFO  impl.RoleInfo (RoleInfo.java:shutdownLeaderElection(134)) - d77ba411-c121-4894-aed9-0a060bb3d672: shutdown LeaderElection
2019-11-13 21:55:23,463 [d77ba411-c121-4894-aed9-0a060bb3d672@group-4265D751F673-LeaderElection3] INFO  impl.RaftServerImpl (RaftServerImpl.java:setRole(173)) - d77ba411-c121-4894-aed9-0a060bb3d672@group-4265D751F673: changes role from CANDIDATE to LEADER at term 1 for changeToLeader
2019-11-13 21:55:23,463 [d77ba411-c121-4894-aed9-0a060bb3d672@group-4265D751F673-LeaderElection3] INFO  ratis.XceiverServerRatis (XceiverServerRatis.java:handleLeaderChangedNotification(697)) - Leader change notification received for group: group-4265D751F673 with new leaderId: d77ba411-c121-4894-aed9-0a060bb3d672
2019-11-13 21:55:23,467 [d77ba411-c121-4894-aed9-0a060bb3d672@group-4265D751F673-LeaderElection3] INFO  impl.RaftServerImpl (ServerState.java:setLeader(255)) - d77ba411-c121-4894-aed9-0a060bb3d672@group-4265D751F673: change Leader from null to d77ba411-c121-4894-aed9-0a060bb3d672 at term 1 for becomeLeader, leader elected after 5029ms
2019-11-13 21:55:23,467 [d77ba411-c121-4894-aed9-0a060bb3d672@group-4265D751F673-LeaderElection3] INFO  server.RaftServerConfigKeys (ConfUtils.java:logGet(43)) - raft.server.staging.catchup.gap = 1000 (default)
2019-11-13 21:55:23,467 [d77ba411-c121-4894-aed9-0a060bb3d672@group-4265D751F673-LeaderElection3] INFO  server.RaftServerConfigKeys (ConfUtils.java:logGet(43)) - raft.server.rpc.sleep.time = 25ms (default)
2019-11-13 21:55:23,467 [d77ba411-c121-4894-aed9-0a060bb3d672@group-4265D751F673-LeaderElection3] INFO  server.RaftServerConfigKeys (ConfUtils.java:logGet(43)) - raft.server.write.element-limit = 4096 (default)
2019-11-13 21:55:23,467 [d77ba411-c121-4894-aed9-0a060bb3d672@group-4265D751F673-LeaderElection3] INFO  server.RaftServerConfigKeys (ConfUtils.java:logGet(43)) - raft.server.watch.timeout = 10s (default)
2019-11-13 21:55:23,468 [d77ba411-c121-4894-aed9-0a060bb3d672@group-4265D751F673-LeaderElection3] INFO  server.RaftServerConfigKeys (ConfUtils.java:logGet(43)) - raft.server.watch.timeout.denomination = 1s (default)
2019-11-13 21:55:23,468 [d77ba411-c121-4894-aed9-0a060bb3d672@group-4265D751F673-LeaderElection3] INFO  server.RaftServerConfigKeys (ConfUtils.java:logGet(43)) - raft.server.watch.element-limit = 65536 (default)
2019-11-13 21:55:23,468 [d77ba411-c121-4894-aed9-0a060bb3d672@group-4265D751F673-LeaderElection3] INFO  impl.RoleInfo (RoleInfo.java:updateAndGet(143)) - d77ba411-c121-4894-aed9-0a060bb3d672: start LeaderState
2019-11-13 21:55:23,468 [d77ba411-c121-4894-aed9-0a060bb3d672@group-4265D751F673-LeaderElection3] INFO  segmented.SegmentedRaftLogWorker (SegmentedRaftLogWorker.java:startLogSegment(385)) - d77ba411-c121-4894-aed9-0a060bb3d672@group-4265D751F673-SegmentedRaftLogWorker: Starting segment from index:0
2019-11-13 21:55:23,469 [d77ba411-c121-4894-aed9-0a060bb3d672@group-4265D751F673-LeaderElection3] INFO  impl.RaftServerImpl (ServerState.java:setRaftConf(356)) - d77ba411-c121-4894-aed9-0a060bb3d672@group-4265D751F673: set configuration 0: [d77ba411-c121-4894-aed9-0a060bb3d672:192.168.34.20:39248], old=null at 0
2019-11-13 21:55:23,491 [grpc-default-executor-2] INFO  impl.RaftServerImpl (RaftServerImpl.java:setRole(173)) - f251cb10-a284-4816-bcd9-6a5fca322485@group-DDA8C433CD59: changes role from  FOLLOWER to FOLLOWER at term 1 for recognizeCandidate:e8ced9c7-6cbf-4b34-8707-66e501603ac9
2019-11-13 21:55:23,491 [grpc-default-executor-1] INFO  impl.RaftServerImpl (RaftServerImpl.java:setRole(173)) - d77ba411-c121-4894-aed9-0a060bb3d672@group-DDA8C433CD59: changes role from  FOLLOWER to FOLLOWER at term 1 for recognizeCandidate:e8ced9c7-6cbf-4b34-8707-66e501603ac9
2019-11-13 21:55:23,491 [grpc-default-executor-2] INFO  impl.RoleInfo (RoleInfo.java:shutdownFollowerState(121)) - f251cb10-a284-4816-bcd9-6a5fca322485: shutdown FollowerState
2019-11-13 21:55:23,491 [grpc-default-executor-1] INFO  impl.RoleInfo (RoleInfo.java:shutdownFollowerState(121)) - d77ba411-c121-4894-aed9-0a060bb3d672: shutdown FollowerState
2019-11-13 21:55:23,491 [Thread-207] INFO  impl.FollowerState (FollowerState.java:run(120)) - f251cb10-a284-4816-bcd9-6a5fca322485@group-DDA8C433CD59-FollowerState was interrupted: java.lang.InterruptedException: sleep interrupted
2019-11-13 21:55:23,491 [grpc-default-executor-1] INFO  impl.RoleInfo (RoleInfo.java:updateAndGet(143)) - d77ba411-c121-4894-aed9-0a060bb3d672: start FollowerState
2019-11-13 21:55:23,491 [grpc-default-executor-2] INFO  impl.RoleInfo (RoleInfo.java:updateAndGet(143)) - f251cb10-a284-4816-bcd9-6a5fca322485: start FollowerState
2019-11-13 21:55:23,491 [Thread-209] INFO  impl.FollowerState (FollowerState.java:run(120)) - d77ba411-c121-4894-aed9-0a060bb3d672@group-DDA8C433CD59-FollowerState was interrupted: java.lang.InterruptedException: sleep interrupted
2019-11-13 21:55:23,495 [EventQueue-PipelineReportForPipelineReportHandler] INFO  pipeline.PipelineStateManager (PipelineStateManager.java:openPipeline(134)) - Pipeline Pipeline[ Id: 29822dbf-03f5-480a-8f5f-4265d751f673, Nodes: d77ba411-c121-4894-aed9-0a060bb3d672{ip: 192.168.34.20, host: pr-hdds-2470-fxbl9-3826649461, networkLocation: /default-rack, certSerialId: null}, Type:RATIS, Factor:ONE, State:OPEN] moved to OPEN state
2019-11-13 21:55:23,503 [d77ba411-c121-4894-aed9-0a060bb3d672@group-4265D751F673-SegmentedRaftLogWorker] INFO  segmented.SegmentedRaftLogWorker (SegmentedRaftLogWorker.java:execute(576)) - d77ba411-c121-4894-aed9-0a060bb3d672@group-4265D751F673-SegmentedRaftLogWorker: created new log segment /workdir/hadoop-ozone/tools/target/test-dir/MiniOzoneClusterImpl-5b5b1002-d5c5-4197-9165-0cf04028de8e/datanode-2/data/ratis/29822dbf-03f5-480a-8f5f-4265d751f673/current/log_inprogress_0
2019-11-13 21:55:23,512 [e8ced9c7-6cbf-4b34-8707-66e501603ac9@group-DDA8C433CD59-LeaderElection2] INFO  impl.LeaderElection (LeaderElection.java:logAndReturn(56)) - e8ced9c7-6cbf-4b34-8707-66e501603ac9@group-DDA8C433CD59-LeaderElection2: Election PASSED; received 1 response(s) [e8ced9c7-6cbf-4b34-8707-66e501603ac9<-f251cb10-a284-4816-bcd9-6a5fca322485#0:OK-t1] and 0 exception(s); e8ced9c7-6cbf-4b34-8707-66e501603ac9@group-DDA8C433CD59:t1, leader=null, voted=e8ced9c7-6cbf-4b34-8707-66e501603ac9, raftlog=e8ced9c7-6cbf-4b34-8707-66e501603ac9@group-DDA8C433CD59-SegmentedRaftLog:OPENED:c-1,f-1,i0, conf=-1: [e8ced9c7-6cbf-4b34-8707-66e501603ac9:192.168.34.20:34516, d77ba411-c121-4894-aed9-0a060bb3d672:192.168.34.20:39248, f251cb10-a284-4816-bcd9-6a5fca322485:192.168.34.20:34653], old=null
2019-11-13 21:55:23,512 [e8ced9c7-6cbf-4b34-8707-66e501603ac9@group-DDA8C433CD59-LeaderElection2] INFO  impl.RoleInfo (RoleInfo.java:shutdownLeaderElection(134)) - e8ced9c7-6cbf-4b34-8707-66e501603ac9: shutdown LeaderElection
2019-11-13 21:55:23,513 [e8ced9c7-6cbf-4b34-8707-66e501603ac9@group-DDA8C433CD59-LeaderElection2] INFO  impl.RaftServerImpl (RaftServerImpl.java:setRole(173)) - e8ced9c7-6cbf-4b34-8707-66e501603ac9@group-DDA8C433CD59: changes role from CANDIDATE to LEADER at term 1 for changeToLeader
2019-11-13 21:55:23,513 [e8ced9c7-6cbf-4b34-8707-66e501603ac9@group-DDA8C433CD59-LeaderElection2] INFO  ratis.XceiverServerRatis (XceiverServerRatis.java:handleLeaderChangedNotification(697)) - Leader change notification received for group: group-DDA8C433CD59 with new leaderId: e8ced9c7-6cbf-4b34-8707-66e501603ac9
2019-11-13 21:55:23,513 [e8ced9c7-6cbf-4b34-8707-66e501603ac9@group-DDA8C433CD59-LeaderElection2] INFO  impl.RaftServerImpl (ServerState.java:setLeader(255)) - e8ced9c7-6cbf-4b34-8707-66e501603ac9@group-DDA8C433CD59: change Leader from null to e8ced9c7-6cbf-4b34-8707-66e501603ac9 at term 1 for becomeLeader, leader elected after 5159ms
2019-11-13 21:55:23,514 [e8ced9c7-6cbf-4b34-8707-66e501603ac9@group-DDA8C433CD59-LeaderElection2] INFO  server.RaftServerConfigKeys (ConfUtils.java:logGet(43)) - raft.server.staging.catchup.gap = 1000 (default)
2019-11-13 21:55:23,514 [e8ced9c7-6cbf-4b34-8707-66e501603ac9@group-DDA8C433CD59-LeaderElection2] INFO  server.RaftServerConfigKeys (ConfUtils.java:logGet(43)) - raft.server.rpc.sleep.time = 25ms (default)
2019-11-13 21:55:23,514 [e8ced9c7-6cbf-4b34-8707-66e501603ac9@group-DDA8C433CD59-LeaderElection2] INFO  server.RaftServerConfigKeys (ConfUtils.java:logGet(43)) - raft.server.write.element-limit = 4096 (default)
2019-11-13 21:55:23,514 [e8ced9c7-6cbf-4b34-8707-66e501603ac9@group-DDA8C433CD59-LeaderElection2] INFO  server.RaftServerConfigKeys (ConfUtils.java:logGet(43)) - raft.server.watch.timeout = 10s (default)
2019-11-13 21:55:23,515 [e8ced9c7-6cbf-4b34-8707-66e501603ac9@group-DDA8C433CD59-LeaderElection2] INFO  server.RaftServerConfigKeys (ConfUtils.java:logGet(43)) - raft.server.watch.timeout.denomination = 1s (default)
2019-11-13 21:55:23,515 [e8ced9c7-6cbf-4b34-8707-66e501603ac9@group-DDA8C433CD59-LeaderElection2] INFO  server.RaftServerConfigKeys (ConfUtils.java:logGet(43)) - raft.server.watch.element-limit = 65536 (default)
2019-11-13 21:55:23,516 [EventQueue-PipelineReportForPipelineReportHandler] INFO  pipeline.PipelineStateManager (PipelineStateManager.java:openPipeline(134)) - Pipeline Pipeline[ Id: a5e6943d-6216-4aed-9783-dda8c433cd59, Nodes: d77ba411-c121-4894-aed9-0a060bb3d672{ip: 192.168.34.20, host: pr-hdds-2470-fxbl9-3826649461, networkLocation: /default-rack, certSerialId: null}f251cb10-a284-4816-bcd9-6a5fca322485{ip: 192.168.34.20, host: pr-hdds-2470-fxbl9-3826649461, networkLocation: /default-rack, certSerialId: null}e8ced9c7-6cbf-4b34-8707-66e501603ac9{ip: 192.168.34.20, host: pr-hdds-2470-fxbl9-3826649461, networkLocation: /default-rack, certSerialId: null}, Type:RATIS, Factor:THREE, State:OPEN] moved to OPEN state
2019-11-13 21:55:23,518 [e8ced9c7-6cbf-4b34-8707-66e501603ac9@group-DDA8C433CD59-LeaderElection2] INFO  server.RaftServerConfigKeys (ConfUtils.java:logGet(43)) - raft.server.log.appender.snapshot.chunk.size.max = 16MB (=16777216) (default)
2019-11-13 21:55:23,518 [e8ced9c7-6cbf-4b34-8707-66e501603ac9@group-DDA8C433CD59-LeaderElection2] INFO  server.RaftServerConfigKeys (ConfUtils.java:logGet(43)) - raft.server.log.appender.buffer.byte-limit = 33554432 (custom)
2019-11-13 21:55:23,519 [e8ced9c7-6cbf-4b34-8707-66e501603ac9@group-DDA8C433CD59-LeaderElection2] INFO  server.RaftServerConfigKeys (ConfUtils.java:logGet(43)) - raft.server.log.appender.buffer.element-limit = 1 (custom)
2019-11-13 21:55:23,521 [e8ced9c7-6cbf-4b34-8707-66e501603ac9@group-DDA8C433CD59-LeaderElection2] INFO  grpc.GrpcConfigKeys$Server (ConfUtils.java:logGet(43)) - raft.grpc.server.leader.outstanding.appends.max = 128 (default)
2019-11-13 21:55:23,522 [e8ced9c7-6cbf-4b34-8707-66e501603ac9@group-DDA8C433CD59-LeaderElection2] INFO  server.RaftServerConfigKeys (ConfUtils.java:logGet(43)) - raft.server.rpc.request.timeout = 3000ms (default)
2019-11-13 21:55:23,522 [e8ced9c7-6cbf-4b34-8707-66e501603ac9@group-DDA8C433CD59-LeaderElection2] INFO  server.RaftServerConfigKeys (ConfUtils.java:logGet(43)) - raft.server.log.appender.install.snapshot.enabled = false (custom)
2019-11-13 21:55:23,523 [e8ced9c7-6cbf-4b34-8707-66e501603ac9@group-DDA8C433CD59-LeaderElection2] WARN  impl.MetricRegistriesImpl (MetricRegistriesImpl.java:lambda$create$1(61)) - First MetricRegistry has been created without registering reporters. You may need to call MetricRegistries.global().addReportRegistration(...) before.
2019-11-13 21:55:23,523 [e8ced9c7-6cbf-4b34-8707-66e501603ac9@group-DDA8C433CD59-LeaderElection2] INFO  server.RaftServerConfigKeys (ConfUtils.java:logGet(43)) - raft.server.log.appender.snapshot.chunk.size.max = 16MB (=16777216) (default)
2019-11-13 21:55:23,524 [e8ced9c7-6cbf-4b34-8707-66e501603ac9@group-DDA8C433CD59-LeaderElection2] INFO  server.RaftServerConfigKeys (ConfUtils.java:logGet(43)) - raft.server.log.appender.buffer.byte-limit = 33554432 (custom)
2019-11-13 21:55:23,524 [e8ced9c7-6cbf-4b34-8707-66e501603ac9@group-DDA8C433CD59-LeaderElection2] INFO  server.RaftServerConfigKeys (ConfUtils.java:logGet(43)) - raft.server.log.appender.buffer.element-limit = 1 (custom)
2019-11-13 21:55:23,524 [e8ced9c7-6cbf-4b34-8707-66e501603ac9@group-DDA8C433CD59-LeaderElection2] INFO  grpc.GrpcConfigKeys$Server (ConfUtils.java:logGet(43)) - raft.grpc.server.leader.outstanding.appends.max = 128 (default)
2019-11-13 21:55:23,524 [e8ced9c7-6cbf-4b34-8707-66e501603ac9@group-DDA8C433CD59-LeaderElection2] INFO  server.RaftServerConfigKeys (ConfUtils.java:logGet(43)) - raft.server.rpc.request.timeout = 3000ms (default)
2019-11-13 21:55:23,524 [e8ced9c7-6cbf-4b34-8707-66e501603ac9@group-DDA8C433CD59-LeaderElection2] INFO  server.RaftServerConfigKeys (ConfUtils.java:logGet(43)) - raft.server.log.appender.install.snapshot.enabled = false (custom)
2019-11-13 21:55:23,526 [e8ced9c7-6cbf-4b34-8707-66e501603ac9@group-DDA8C433CD59-LeaderElection2] INFO  impl.RoleInfo (RoleInfo.java:updateAndGet(143)) - e8ced9c7-6cbf-4b34-8707-66e501603ac9: start LeaderState
2019-11-13 21:55:23,527 [e8ced9c7-6cbf-4b34-8707-66e501603ac9@group-DDA8C433CD59-LeaderElection2] INFO  segmented.SegmentedRaftLogWorker (SegmentedRaftLogWorker.java:startLogSegment(385)) - e8ced9c7-6cbf-4b34-8707-66e501603ac9@group-DDA8C433CD59-SegmentedRaftLogWorker: Starting segment from index:0
2019-11-13 21:55:23,527 [e8ced9c7-6cbf-4b34-8707-66e501603ac9@group-DDA8C433CD59-LeaderElection2] INFO  impl.RaftServerImpl (ServerState.java:setRaftConf(356)) - e8ced9c7-6cbf-4b34-8707-66e501603ac9@group-DDA8C433CD59: set configuration 0: [e8ced9c7-6cbf-4b34-8707-66e501603ac9:192.168.34.20:34516, d77ba411-c121-4894-aed9-0a060bb3d672:192.168.34.20:39248, f251cb10-a284-4816-bcd9-6a5fca322485:192.168.34.20:34653], old=null at 0
2019-11-13 21:55:23,562 [e8ced9c7-6cbf-4b34-8707-66e501603ac9@group-DDA8C433CD59-SegmentedRaftLogWorker] INFO  segmented.SegmentedRaftLogWorker (SegmentedRaftLogWorker.java:execute(576)) - e8ced9c7-6cbf-4b34-8707-66e501603ac9@group-DDA8C433CD59-SegmentedRaftLogWorker: created new log segment /workdir/hadoop-ozone/tools/target/test-dir/MiniOzoneClusterImpl-5b5b1002-d5c5-4197-9165-0cf04028de8e/datanode-1/data/ratis/a5e6943d-6216-4aed-9783-dda8c433cd59/current/log_inprogress_0
2019-11-13 21:55:23,567 [grpc-default-executor-1] INFO  ratis.XceiverServerRatis (XceiverServerRatis.java:handleLeaderChangedNotification(697)) - Leader change notification received for group: group-DDA8C433CD59 with new leaderId: e8ced9c7-6cbf-4b34-8707-66e501603ac9
2019-11-13 21:55:23,567 [grpc-default-executor-2] INFO  ratis.XceiverServerRatis (XceiverServerRatis.java:handleLeaderChangedNotification(697)) - Leader change notification received for group: group-DDA8C433CD59 with new leaderId: e8ced9c7-6cbf-4b34-8707-66e501603ac9
2019-11-13 21:55:23,567 [grpc-default-executor-1] INFO  impl.RaftServerImpl (ServerState.java:setLeader(255)) - d77ba411-c121-4894-aed9-0a060bb3d672@group-DDA8C433CD59: change Leader from null to e8ced9c7-6cbf-4b34-8707-66e501603ac9 at term 1 for appendEntries, leader elected after 5213ms
2019-11-13 21:55:23,568 [grpc-default-executor-2] INFO  impl.RaftServerImpl (ServerState.java:setLeader(255)) - f251cb10-a284-4816-bcd9-6a5fca322485@group-DDA8C433CD59: change Leader from null to e8ced9c7-6cbf-4b34-8707-66e501603ac9 at term 1 for appendEntries, leader elected after 5213ms
2019-11-13 21:55:23,590 [grpc-default-executor-1] INFO  impl.RaftServerImpl (ServerState.java:setRaftConf(356)) - d77ba411-c121-4894-aed9-0a060bb3d672@group-DDA8C433CD59: set configuration 0: [e8ced9c7-6cbf-4b34-8707-66e501603ac9:192.168.34.20:34516, d77ba411-c121-4894-aed9-0a060bb3d672:192.168.34.20:39248, f251cb10-a284-4816-bcd9-6a5fca322485:192.168.34.20:34653], old=null at 0
2019-11-13 21:55:23,590 [grpc-default-executor-2] INFO  impl.RaftServerImpl (ServerState.java:setRaftConf(356)) - f251cb10-a284-4816-bcd9-6a5fca322485@group-DDA8C433CD59: set configuration 0: [e8ced9c7-6cbf-4b34-8707-66e501603ac9:192.168.34.20:34516, d77ba411-c121-4894-aed9-0a060bb3d672:192.168.34.20:39248, f251cb10-a284-4816-bcd9-6a5fca322485:192.168.34.20:34653], old=null at 0
2019-11-13 21:55:23,590 [grpc-default-executor-1] INFO  segmented.SegmentedRaftLogWorker (SegmentedRaftLogWorker.java:startLogSegment(385)) - d77ba411-c121-4894-aed9-0a060bb3d672@group-DDA8C433CD59-SegmentedRaftLogWorker: Starting segment from index:0
2019-11-13 21:55:23,590 [grpc-default-executor-2] INFO  segmented.SegmentedRaftLogWorker (SegmentedRaftLogWorker.java:startLogSegment(385)) - f251cb10-a284-4816-bcd9-6a5fca322485@group-DDA8C433CD59-SegmentedRaftLogWorker: Starting segment from index:0
2019-11-13 21:55:23,628 [d77ba411-c121-4894-aed9-0a060bb3d672@group-DDA8C433CD59-SegmentedRaftLogWorker] INFO  segmented.SegmentedRaftLogWorker (SegmentedRaftLogWorker.java:execute(576)) - d77ba411-c121-4894-aed9-0a060bb3d672@group-DDA8C433CD59-SegmentedRaftLogWorker: created new log segment /workdir/hadoop-ozone/tools/target/test-dir/MiniOzoneClusterImpl-5b5b1002-d5c5-4197-9165-0cf04028de8e/datanode-2/data/ratis/a5e6943d-6216-4aed-9783-dda8c433cd59/current/log_inprogress_0
2019-11-13 21:55:23,628 [f251cb10-a284-4816-bcd9-6a5fca322485@group-DDA8C433CD59-SegmentedRaftLogWorker] INFO  segmented.SegmentedRaftLogWorker (SegmentedRaftLogWorker.java:execute(576)) - f251cb10-a284-4816-bcd9-6a5fca322485@group-DDA8C433CD59-SegmentedRaftLogWorker: created new log segment /workdir/hadoop-ozone/tools/target/test-dir/MiniOzoneClusterImpl-5b5b1002-d5c5-4197-9165-0cf04028de8e/datanode-0/data/ratis/a5e6943d-6216-4aed-9783-dda8c433cd59/current/log_inprogress_0
2019-11-13 21:55:23,638 [Thread-220] INFO  impl.FollowerState (FollowerState.java:run(111)) - f251cb10-a284-4816-bcd9-6a5fca322485@group-CACC435E22CB-FollowerState: change to CANDIDATE, lastRpcTime:5132ms, electionTimeout:5132ms
2019-11-13 21:55:23,638 [Thread-220] INFO  impl.RoleInfo (RoleInfo.java:shutdownFollowerState(121)) - f251cb10-a284-4816-bcd9-6a5fca322485: shutdown FollowerState
2019-11-13 21:55:23,638 [Thread-220] INFO  impl.RaftServerImpl (RaftServerImpl.java:setRole(173)) - f251cb10-a284-4816-bcd9-6a5fca322485@group-CACC435E22CB: changes role from  FOLLOWER to CANDIDATE at term 0 for changeToCandidate
2019-11-13 21:55:23,639 [Thread-220] INFO  impl.RoleInfo (RoleInfo.java:updateAndGet(143)) - f251cb10-a284-4816-bcd9-6a5fca322485: start LeaderElection
2019-11-13 21:55:23,651 [f251cb10-a284-4816-bcd9-6a5fca322485@group-CACC435E22CB-LeaderElection4] INFO  impl.LeaderElection (LeaderElection.java:askForVotes(178)) - f251cb10-a284-4816-bcd9-6a5fca322485@group-CACC435E22CB-LeaderElection4: begin an election at term 1 for -1: [f251cb10-a284-4816-bcd9-6a5fca322485:192.168.34.20:34653], old=null
2019-11-13 21:55:23,651 [f251cb10-a284-4816-bcd9-6a5fca322485@group-CACC435E22CB-LeaderElection4] INFO  impl.RoleInfo (RoleInfo.java:shutdownLeaderElection(134)) - f251cb10-a284-4816-bcd9-6a5fca322485: shutdown LeaderElection
2019-11-13 21:55:23,651 [f251cb10-a284-4816-bcd9-6a5fca322485@group-CACC435E22CB-LeaderElection4] INFO  impl.RaftServerImpl (RaftServerImpl.java:setRole(173)) - f251cb10-a284-4816-bcd9-6a5fca322485@group-CACC435E22CB: changes role from CANDIDATE to LEADER at term 1 for changeToLeader
2019-11-13 21:55:23,652 [f251cb10-a284-4816-bcd9-6a5fca322485@group-CACC435E22CB-LeaderElection4] INFO  ratis.XceiverServerRatis (XceiverServerRatis.java:handleLeaderChangedNotification(697)) - Leader change notification received for group: group-CACC435E22CB with new leaderId: f251cb10-a284-4816-bcd9-6a5fca322485
2019-11-13 21:55:23,660 [f251cb10-a284-4816-bcd9-6a5fca322485@group-CACC435E22CB-LeaderElection4] INFO  impl.RaftServerImpl (ServerState.java:setLeader(255)) - f251cb10-a284-4816-bcd9-6a5fca322485@group-CACC435E22CB: change Leader from null to f251cb10-a284-4816-bcd9-6a5fca322485 at term 1 for becomeLeader, leader elected after 5151ms
2019-11-13 21:55:23,660 [f251cb10-a284-4816-bcd9-6a5fca322485@group-CACC435E22CB-LeaderElection4] INFO  server.RaftServerConfigKeys (ConfUtils.java:logGet(43)) - raft.server.staging.catchup.gap = 1000 (default)
2019-11-13 21:55:23,660 [f251cb10-a284-4816-bcd9-6a5fca322485@group-CACC435E22CB-LeaderElection4] INFO  server.RaftServerConfigKeys (ConfUtils.java:logGet(43)) - raft.server.rpc.sleep.time = 25ms (default)
2019-11-13 21:55:23,660 [f251cb10-a284-4816-bcd9-6a5fca322485@group-CACC435E22CB-LeaderElection4] INFO  server.RaftServerConfigKeys (ConfUtils.java:logGet(43)) - raft.server.write.element-limit = 4096 (default)
2019-11-13 21:55:23,661 [f251cb10-a284-4816-bcd9-6a5fca322485@group-CACC435E22CB-LeaderElection4] INFO  server.RaftServerConfigKeys (ConfUtils.java:logGet(43)) - raft.server.watch.timeout = 10s (default)
2019-11-13 21:55:23,661 [f251cb10-a284-4816-bcd9-6a5fca322485@group-CACC435E22CB-LeaderElection4] INFO  server.RaftServerConfigKeys (ConfUtils.java:logGet(43)) - raft.server.watch.timeout.denomination = 1s (default)
2019-11-13 21:55:23,661 [f251cb10-a284-4816-bcd9-6a5fca322485@group-CACC435E22CB-LeaderElection4] INFO  server.RaftServerConfigKeys (ConfUtils.java:logGet(43)) - raft.server.watch.element-limit = 65536 (default)
2019-11-13 21:55:23,661 [f251cb10-a284-4816-bcd9-6a5fca322485@group-CACC435E22CB-LeaderElection4] INFO  impl.RoleInfo (RoleInfo.java:updateAndGet(143)) - f251cb10-a284-4816-bcd9-6a5fca322485: start LeaderState
2019-11-13 21:55:23,661 [f251cb10-a284-4816-bcd9-6a5fca322485@group-CACC435E22CB-LeaderElection4] INFO  segmented.SegmentedRaftLogWorker (SegmentedRaftLogWorker.java:startLogSegment(385)) - f251cb10-a284-4816-bcd9-6a5fca322485@group-CACC435E22CB-SegmentedRaftLogWorker: Starting segment from index:0
2019-11-13 21:55:23,686 [f251cb10-a284-4816-bcd9-6a5fca322485@group-CACC435E22CB-LeaderElection4] INFO  impl.RaftServerImpl (ServerState.java:setRaftConf(356)) - f251cb10-a284-4816-bcd9-6a5fca322485@group-CACC435E22CB: set configuration 0: [f251cb10-a284-4816-bcd9-6a5fca322485:192.168.34.20:34653], old=null at 0
2019-11-13 21:55:23,688 [EventQueue-PipelineReportForPipelineReportHandler] INFO  pipeline.PipelineStateManager (PipelineStateManager.java:openPipeline(134)) - Pipeline Pipeline[ Id: 86244a6f-c0b6-4bd8-8fe8-cacc435e22cb, Nodes: f251cb10-a284-4816-bcd9-6a5fca322485{ip: 192.168.34.20, host: pr-hdds-2470-fxbl9-3826649461, networkLocation: /default-rack, certSerialId: null}, Type:RATIS, Factor:ONE, State:OPEN] moved to OPEN state
2019-11-13 21:55:23,698 [f251cb10-a284-4816-bcd9-6a5fca322485@group-CACC435E22CB-SegmentedRaftLogWorker] INFO  segmented.SegmentedRaftLogWorker (SegmentedRaftLogWorker.java:execute(576)) - f251cb10-a284-4816-bcd9-6a5fca322485@group-CACC435E22CB-SegmentedRaftLogWorker: created new log segment /workdir/hadoop-ozone/tools/target/test-dir/MiniOzoneClusterImpl-5b5b1002-d5c5-4197-9165-0cf04028de8e/datanode-0/data/ratis/86244a6f-c0b6-4bd8-8fe8-cacc435e22cb/current/log_inprogress_0
2019-11-13 21:55:24,097 [main] INFO  ozone.MiniOzoneClusterImpl (MiniOzoneClusterImpl.java:lambda$waitForClusterToBeReady$2(171)) - Cluster is ready. Got 3 of 3 DN Heartbeats.
2019-11-13 21:55:24,844 [main] INFO  freon.RandomKeyGenerator (RandomKeyGenerator.java:call(283)) - Number of Threads: 10
2019-11-13 21:55:24,845 [main] INFO  freon.RandomKeyGenerator (RandomKeyGenerator.java:call(288)) - Number of Volumes: 1.
2019-11-13 21:55:24,845 [main] INFO  freon.RandomKeyGenerator (RandomKeyGenerator.java:call(289)) - Number of Buckets per Volume: 1.
2019-11-13 21:55:24,845 [main] INFO  freon.RandomKeyGenerator (RandomKeyGenerator.java:call(290)) - Number of Keys per Bucket: 1.
2019-11-13 21:55:24,845 [main] INFO  freon.RandomKeyGenerator (RandomKeyGenerator.java:call(291)) - Key size: 20971520 bytes
2019-11-13 21:55:24,845 [main] INFO  freon.RandomKeyGenerator (RandomKeyGenerator.java:call(292)) - Buffer size: 4096 bytes
2019-11-13 21:55:24,845 [main] INFO  freon.RandomKeyGenerator (RandomKeyGenerator.java:call(293)) - validateWrites : true
2019-11-13 21:55:24,849 [main] INFO  freon.RandomKeyGenerator (RandomKeyGenerator.java:call(307)) - Data validation is enabled.
2019-11-13 21:55:24,851 [main] INFO  freon.RandomKeyGenerator (RandomKeyGenerator.java:call(313)) - Starting progress bar Thread.

 0.00% |?                                                                                                    |  0/1 Time: 0:00:002019-11-13 21:55:24,868 [pool-53-thread-1] INFO  rpc.RpcClient (RpcClient.java:createVolume(292)) - Creating Volume: vol-0-99229, with jenkins1000 as owner.
2019-11-13 21:55:24,909 [IPC Server handler 4 on 41573] INFO  volume.OMVolumeCreateRequest (OMVolumeCreateRequest.java:validateAndUpdateCache(193)) - created volume:vol-0-99229 for user:jenkins1000
2019-11-13 21:55:24,962 [pool-53-thread-2] INFO  rpc.RpcClient (RpcClient.java:createBucket(431)) - Creating Bucket: vol-0-99229/bucket-0-58021, with Versioning false and Storage Type set to DISK and Encryption set to false 
2019-11-13 21:55:25,122 [pool-53-thread-3] INFO  impl.MetricsSystemImpl (MetricsSystemImpl.java:init(158)) - XceiverClientMetrics metrics system started (again)
 0.00% |?                                                                                                    |  0/1 Time: 0:00:01 100.00% |?????????????????????????????????????????????????????????????????????????????????????????????????????|  1/1 Time: 0:00:02
2019-11-13 21:55:32,245 [main] INFO  pipeline.SCMPipelineManager (SCMPipelineManager.java:finalizeAndDestroyPipeline(315)) - destroying pipeline:Pipeline[ Id: a5e6943d-6216-4aed-9783-dda8c433cd59, Nodes: d77ba411-c121-4894-aed9-0a060bb3d672{ip: 192.168.34.20, host: pr-hdds-2470-fxbl9-3826649461, networkLocation: /default-rack, certSerialId: null}f251cb10-a284-4816-bcd9-6a5fca322485{ip: 192.168.34.20, host: pr-hdds-2470-fxbl9-3826649461, networkLocation: /default-rack, certSerialId: null}e8ced9c7-6cbf-4b34-8707-66e501603ac9{ip: 192.168.34.20, host: pr-hdds-2470-fxbl9-3826649461, networkLocation: /default-rack, certSerialId: null}, Type:RATIS, Factor:THREE, State:OPEN]
2019-11-13 21:55:32,246 [main] INFO  pipeline.PipelineStateManager (PipelineStateManager.java:finalizePipeline(121)) - Pipeline Pipeline[ Id: a5e6943d-6216-4aed-9783-dda8c433cd59, Nodes: d77ba411-c121-4894-aed9-0a060bb3d672{ip: 192.168.34.20, host: pr-hdds-2470-fxbl9-3826649461, networkLocation: /default-rack, certSerialId: null}f251cb10-a284-4816-bcd9-6a5fca322485{ip: 192.168.34.20, host: pr-hdds-2470-fxbl9-3826649461, networkLocation: /default-rack, certSerialId: null}e8ced9c7-6cbf-4b34-8707-66e501603ac9{ip: 192.168.34.20, host: pr-hdds-2470-fxbl9-3826649461, networkLocation: /default-rack, certSerialId: null}, Type:RATIS, Factor:THREE, State:CLOSED] moved to CLOSED state
2019-11-13 21:55:32,246 [EventQueue-CloseContainerForCloseContainerEventHandler] INFO  container.CloseContainerEventHandler (CloseContainerEventHandler.java:onMessage(61)) - Close container Event triggered for container : #1
2019-11-13 21:55:32,252 [EventQueue-CloseContainerForCloseContainerEventHandler] INFO  container.CloseContainerEventHandler (CloseContainerEventHandler.java:onMessage(61)) - Close container Event triggered for container : #2
2019-11-13 21:55:32,252 [EventQueue-CloseContainerForCloseContainerEventHandler] INFO  container.CloseContainerEventHandler (CloseContainerEventHandler.java:onMessage(61)) - Close container Event triggered for container : #3
2019-11-13 21:55:32,255 [grpc-default-executor-3] INFO  impl.RaftServerProxy (RaftServerProxy.java:remove(95)) - d77ba411-c121-4894-aed9-0a060bb3d672: remove  FOLLOWER d77ba411-c121-4894-aed9-0a060bb3d672@group-DDA8C433CD59:t1, leader=e8ced9c7-6cbf-4b34-8707-66e501603ac9, voted=e8ced9c7-6cbf-4b34-8707-66e501603ac9, raftlog=d77ba411-c121-4894-aed9-0a060bb3d672@group-DDA8C433CD59-SegmentedRaftLog:OPENED:c78,f78,i78, conf=0: [e8ced9c7-6cbf-4b34-8707-66e501603ac9:192.168.34.20:34516, d77ba411-c121-4894-aed9-0a060bb3d672:192.168.34.20:39248, f251cb10-a284-4816-bcd9-6a5fca322485:192.168.34.20:34653], old=null RUNNING
2019-11-13 21:55:32,256 [grpc-default-executor-3] INFO  impl.RaftServerImpl (RaftServerImpl.java:lambda$shutdown$3(250)) - d77ba411-c121-4894-aed9-0a060bb3d672@group-DDA8C433CD59: shutdown
2019-11-13 21:55:32,256 [grpc-default-executor-3] INFO  util.JmxRegister (JmxRegister.java:unregister(73)) - Successfully un-registered JMX Bean with object name Ratis:service=RaftServer,group=group-DDA8C433CD59,id=d77ba411-c121-4894-aed9-0a060bb3d672
2019-11-13 21:55:32,256 [grpc-default-executor-3] INFO  impl.RoleInfo (RoleInfo.java:shutdownFollowerState(121)) - d77ba411-c121-4894-aed9-0a060bb3d672: shutdown FollowerState
2019-11-13 21:55:32,257 [grpc-default-executor-3] INFO  impl.StateMachineUpdater (StateMachineUpdater.java:stopAndJoin(136)) - d77ba411-c121-4894-aed9-0a060bb3d672@group-DDA8C433CD59-StateMachineUpdater: set stopIndex = 78
2019-11-13 21:55:32,257 [d77ba411-c121-4894-aed9-0a060bb3d672@group-DDA8C433CD59-StateMachineUpdater] INFO  ratis.ContainerStateMachine (ContainerStateMachine.java:takeSnapshot(285)) - group-DDA8C433CD59: Taking a snapshot at:(t:1, i:76) file /workdir/hadoop-ozone/tools/target/test-dir/MiniOzoneClusterImpl-5b5b1002-d5c5-4197-9165-0cf04028de8e/datanode-2/data/ratis/a5e6943d-6216-4aed-9783-dda8c433cd59/sm/snapshot.1_76
2019-11-13 21:55:32,258 [Thread-230] INFO  impl.FollowerState (FollowerState.java:run(120)) - d77ba411-c121-4894-aed9-0a060bb3d672@group-DDA8C433CD59-FollowerState was interrupted: java.lang.InterruptedException: sleep interrupted
2019-11-13 21:55:35,260 [main] WARN  pipeline.RatisPipelineUtils (RatisPipelineUtils.java:destroyPipeline(69)) - Pipeline destroy failed for pipeline=PipelineID=a5e6943d-6216-4aed-9783-dda8c433cd59 dn=d77ba411-c121-4894-aed9-0a060bb3d672{ip: 192.168.34.20, host: pr-hdds-2470-fxbl9-3826649461, networkLocation: /default-rack, certSerialId: null}
2019-11-13 21:55:35,270 [grpc-default-executor-2] INFO  impl.RaftServerProxy (RaftServerProxy.java:remove(95)) - f251cb10-a284-4816-bcd9-6a5fca322485: remove  FOLLOWER f251cb10-a284-4816-bcd9-6a5fca322485@group-DDA8C433CD59:t1, leader=e8ced9c7-6cbf-4b34-8707-66e501603ac9, voted=e8ced9c7-6cbf-4b34-8707-66e501603ac9, raftlog=f251cb10-a284-4816-bcd9-6a5fca322485@group-DDA8C433CD59-SegmentedRaftLog:OPENED:c78,f78,i78, conf=0: [e8ced9c7-6cbf-4b34-8707-66e501603ac9:192.168.34.20:34516, d77ba411-c121-4894-aed9-0a060bb3d672:192.168.34.20:39248, f251cb10-a284-4816-bcd9-6a5fca322485:192.168.34.20:34653], old=null RUNNING
2019-11-13 21:55:35,270 [grpc-default-executor-2] INFO  impl.RaftServerImpl (RaftServerImpl.java:lambda$shutdown$3(250)) - f251cb10-a284-4816-bcd9-6a5fca322485@group-DDA8C433CD59: shutdown
2019-11-13 21:55:35,270 [grpc-default-executor-2] INFO  util.JmxRegister (JmxRegister.java:unregister(73)) - Successfully un-registered JMX Bean with object name Ratis:service=RaftServer,group=group-DDA8C433CD59,id=f251cb10-a284-4816-bcd9-6a5fca322485
2019-11-13 21:55:35,270 [grpc-default-executor-2] INFO  impl.RoleInfo (RoleInfo.java:shutdownFollowerState(121)) - f251cb10-a284-4816-bcd9-6a5fca322485: shutdown FollowerState
2019-11-13 21:55:35,271 [grpc-default-executor-2] INFO  impl.StateMachineUpdater (StateMachineUpdater.java:stopAndJoin(136)) - f251cb10-a284-4816-bcd9-6a5fca322485@group-DDA8C433CD59-StateMachineUpdater: set stopIndex = 78
2019-11-13 21:55:35,271 [Thread-229] INFO  impl.FollowerState (FollowerState.java:run(120)) - f251cb10-a284-4816-bcd9-6a5fca322485@group-DDA8C433CD59-FollowerState was interrupted: java.lang.InterruptedException: sleep interrupted
2019-11-13 21:55:35,271 [f251cb10-a284-4816-bcd9-6a5fca322485@group-DDA8C433CD59-StateMachineUpdater] INFO  ratis.ContainerStateMachine (ContainerStateMachine.java:takeSnapshot(285)) - group-DDA8C433CD59: Taking a snapshot at:(t:1, i:76) file /workdir/hadoop-ozone/tools/target/test-dir/MiniOzoneClusterImpl-5b5b1002-d5c5-4197-9165-0cf04028de8e/datanode-0/data/ratis/a5e6943d-6216-4aed-9783-dda8c433cd59/sm/snapshot.1_76
2019-11-13 21:55:37,275 [java.util.concurrent.ThreadPoolExecutor$Worker@6abd3420[State = -1, empty queue]] WARN  server.GrpcLogAppender (GrpcLogAppender.java:timeoutAppendRequest(211)) - e8ced9c7-6cbf-4b34-8707-66e501603ac9@group-DDA8C433CD59->d77ba411-c121-4894-aed9-0a060bb3d672-GrpcLogAppender: appendEntries Timeout, request=AppendEntriesRequest:cid=82,entriesCount=0,lastEntry=null
2019-11-13 21:55:38,267 [main] WARN  pipeline.RatisPipelineUtils (RatisPipelineUtils.java:destroyPipeline(69)) - Pipeline destroy failed for pipeline=PipelineID=a5e6943d-6216-4aed-9783-dda8c433cd59 dn=f251cb10-a284-4816-bcd9-6a5fca322485{ip: 192.168.34.20, host: pr-hdds-2470-fxbl9-3826649461, networkLocation: /default-rack, certSerialId: null}
2019-11-13 21:55:38,275 [grpc-default-executor-1] INFO  impl.RaftServerProxy (RaftServerProxy.java:remove(95)) - e8ced9c7-6cbf-4b34-8707-66e501603ac9: remove    LEADER e8ced9c7-6cbf-4b34-8707-66e501603ac9@group-DDA8C433CD59:t1, leader=e8ced9c7-6cbf-4b34-8707-66e501603ac9, voted=e8ced9c7-6cbf-4b34-8707-66e501603ac9, raftlog=e8ced9c7-6cbf-4b34-8707-66e501603ac9@group-DDA8C433CD59-SegmentedRaftLog:OPENED:c78,f78,i78, conf=0: [e8ced9c7-6cbf-4b34-8707-66e501603ac9:192.168.34.20:34516, d77ba411-c121-4894-aed9-0a060bb3d672:192.168.34.20:39248, f251cb10-a284-4816-bcd9-6a5fca322485:192.168.34.20:34653], old=null RUNNING
2019-11-13 21:55:38,276 [grpc-default-executor-1] INFO  impl.RaftServerImpl (RaftServerImpl.java:lambda$shutdown$3(250)) - e8ced9c7-6cbf-4b34-8707-66e501603ac9@group-DDA8C433CD59: shutdown
2019-11-13 21:55:38,276 [grpc-default-executor-1] INFO  util.JmxRegister (JmxRegister.java:unregister(73)) - Successfully un-registered JMX Bean with object name Ratis:service=RaftServer,group=group-DDA8C433CD59,id=e8ced9c7-6cbf-4b34-8707-66e501603ac9
2019-11-13 21:55:38,276 [grpc-default-executor-1] INFO  impl.RoleInfo (RoleInfo.java:shutdownLeaderState(104)) - e8ced9c7-6cbf-4b34-8707-66e501603ac9: shutdown LeaderState
2019-11-13 21:55:38,279 [org.apache.ratis.server.impl.LogAppender$AppenderDaemon$$Lambda$419/1877395852@22411290] WARN  server.GrpcLogAppender (GrpcLogAppender.java:mayWait(151)) - e8ced9c7-6cbf-4b34-8707-66e501603ac9@group-DDA8C433CD59->d77ba411-c121-4894-aed9-0a060bb3d672-GrpcLogAppender: Wait interrupted by java.lang.InterruptedException
2019-11-13 21:55:38,281 [grpc-default-executor-1] INFO  impl.PendingRequests (PendingRequests.java:sendNotLeaderResponses(206)) - e8ced9c7-6cbf-4b34-8707-66e501603ac9@group-DDA8C433CD59-PendingRequests: sendNotLeaderResponses
2019-11-13 21:55:38,279 [org.apache.ratis.server.impl.LogAppender$AppenderDaemon$$Lambda$419/1877395852@69cd54dd] WARN  server.GrpcLogAppender (GrpcLogAppender.java:mayWait(151)) - e8ced9c7-6cbf-4b34-8707-66e501603ac9@group-DDA8C433CD59->f251cb10-a284-4816-bcd9-6a5fca322485-GrpcLogAppender: Wait interrupted by java.lang.InterruptedException
2019-11-13 21:55:38,288 [grpc-default-executor-0] INFO  server.GrpcServerProtocolService (GrpcServerProtocolService.java:onCompleted(113)) - f251cb10-a284-4816-bcd9-6a5fca322485: Completed APPEND_ENTRIES, lastRequest: e8ced9c7-6cbf-4b34-8707-66e501603ac9->f251cb10-a284-4816-bcd9-6a5fca322485#83-t1, previous=(t:1, i:78), leaderCommit=78, initializing? false, entries: <empty>
2019-11-13 21:55:38,288 [grpc-default-executor-4] INFO  server.GrpcServerProtocolService (GrpcServerProtocolService.java:onCompleted(113)) - d77ba411-c121-4894-aed9-0a060bb3d672: Completed APPEND_ENTRIES, lastRequest: e8ced9c7-6cbf-4b34-8707-66e501603ac9->d77ba411-c121-4894-aed9-0a060bb3d672#83-t1, previous=(t:1, i:78), leaderCommit=78, initializing? false, entries: <empty>
2019-11-13 21:55:38,290 [grpc-default-executor-1] INFO  impl.StateMachineUpdater (StateMachineUpdater.java:stopAndJoin(136)) - e8ced9c7-6cbf-4b34-8707-66e501603ac9@group-DDA8C433CD59-StateMachineUpdater: set stopIndex = 78
2019-11-13 21:55:38,290 [e8ced9c7-6cbf-4b34-8707-66e501603ac9@group-DDA8C433CD59-StateMachineUpdater] INFO  ratis.ContainerStateMachine (ContainerStateMachine.java:takeSnapshot(285)) - group-DDA8C433CD59: Taking a snapshot at:(t:1, i:76) file /workdir/hadoop-ozone/tools/target/test-dir/MiniOzoneClusterImpl-5b5b1002-d5c5-4197-9165-0cf04028de8e/datanode-1/data/ratis/a5e6943d-6216-4aed-9783-dda8c433cd59/sm/snapshot.1_76
2019-11-13 21:55:38,292 [grpc-default-executor-4] INFO  server.GrpcLogAppender (GrpcLogAppender.java:onCompleted(308)) - e8ced9c7-6cbf-4b34-8707-66e501603ac9@group-DDA8C433CD59->f251cb10-a284-4816-bcd9-6a5fca322485-AppendLogResponseHandler: follower responses appendEntries COMPLETED
2019-11-13 21:55:38,293 [grpc-default-executor-0] INFO  server.GrpcLogAppender (GrpcLogAppender.java:onCompleted(308)) - e8ced9c7-6cbf-4b34-8707-66e501603ac9@group-DDA8C433CD59->d77ba411-c121-4894-aed9-0a060bb3d672-AppendLogResponseHandler: follower responses appendEntries COMPLETED
2019-11-13 21:55:38,296 [grpc-default-executor-4] INFO  impl.FollowerInfo (FollowerInfo.java:lambda$new$0(51)) - e8ced9c7-6cbf-4b34-8707-66e501603ac9@group-DDA8C433CD59->f251cb10-a284-4816-bcd9-6a5fca322485: nextIndex: updateUnconditionally 79 -> 78
2019-11-13 21:55:38,297 [grpc-default-executor-0] INFO  impl.FollowerInfo (FollowerInfo.java:lambda$new$0(51)) - e8ced9c7-6cbf-4b34-8707-66e501603ac9@group-DDA8C433CD59->d77ba411-c121-4894-aed9-0a060bb3d672: nextIndex: updateUnconditionally 79 -> 78
2019-11-13 21:55:39,533 [d77ba411-c121-4894-aed9-0a060bb3d672@group-DDA8C433CD59-StateMachineUpdater] INFO  ratis.ContainerStateMachine (ContainerStateMachine.java:takeSnapshot(296)) - group-DDA8C433CD59: Finished taking a snapshot at:(t:1, i:76) file:/workdir/hadoop-ozone/tools/target/test-dir/MiniOzoneClusterImpl-5b5b1002-d5c5-4197-9165-0cf04028de8e/datanode-2/data/ratis/a5e6943d-6216-4aed-9783-dda8c433cd59/sm/snapshot.1_76 time:7276
2019-11-13 21:55:40,381 [d77ba411-c121-4894-aed9-0a060bb3d672@group-DDA8C433CD59-StateMachineUpdater] INFO  impl.StateMachineUpdater (StateMachineUpdater.java:takeSnapshot(269)) - d77ba411-c121-4894-aed9-0a060bb3d672@group-DDA8C433CD59-StateMachineUpdater: Took a snapshot at index 76
2019-11-13 21:55:40,382 [d77ba411-c121-4894-aed9-0a060bb3d672@group-DDA8C433CD59-StateMachineUpdater] INFO  impl.StateMachineUpdater (StateMachineUpdater.java:lambda$new$0(84)) - d77ba411-c121-4894-aed9-0a060bb3d672@group-DDA8C433CD59-StateMachineUpdater: snapshotIndex: updateIncreasingly -1 -> 76
2019-11-13 21:55:40,386 [d77ba411-c121-4894-aed9-0a060bb3d672@group-DDA8C433CD59-StateMachineUpdater] INFO  ratis.ContainerStateMachine (ContainerStateMachine.java:takeSnapshot(285)) - group-DDA8C433CD59: Taking a snapshot at:(t:1, i:76) file /workdir/hadoop-ozone/tools/target/test-dir/MiniOzoneClusterImpl-5b5b1002-d5c5-4197-9165-0cf04028de8e/datanode-2/data/ratis/a5e6943d-6216-4aed-9783-dda8c433cd59/sm/snapshot.1_76
2019-11-13 21:55:41,158 [e8ced9c7-6cbf-4b34-8707-66e501603ac9@group-DDA8C433CD59-StateMachineUpdater] INFO  ratis.ContainerStateMachine (ContainerStateMachine.java:takeSnapshot(296)) - group-DDA8C433CD59: Finished taking a snapshot at:(t:1, i:76) file:/workdir/hadoop-ozone/tools/target/test-dir/MiniOzoneClusterImpl-5b5b1002-d5c5-4197-9165-0cf04028de8e/datanode-1/data/ratis/a5e6943d-6216-4aed-9783-dda8c433cd59/sm/snapshot.1_76 time:2867
2019-11-13 21:55:41,158 [f251cb10-a284-4816-bcd9-6a5fca322485@group-DDA8C433CD59-StateMachineUpdater] INFO  ratis.ContainerStateMachine (ContainerStateMachine.java:takeSnapshot(296)) - group-DDA8C433CD59: Finished taking a snapshot at:(t:1, i:76) file:/workdir/hadoop-ozone/tools/target/test-dir/MiniOzoneClusterImpl-5b5b1002-d5c5-4197-9165-0cf04028de8e/datanode-0/data/ratis/a5e6943d-6216-4aed-9783-dda8c433cd59/sm/snapshot.1_76 time:5887
2019-11-13 21:55:41,273 [main] WARN  pipeline.RatisPipelineUtils (RatisPipelineUtils.java:destroyPipeline(69)) - Pipeline destroy failed for pipeline=PipelineID=a5e6943d-6216-4aed-9783-dda8c433cd59 dn=e8ced9c7-6cbf-4b34-8707-66e501603ac9{ip: 192.168.34.20, host: pr-hdds-2470-fxbl9-3826649461, networkLocation: /default-rack, certSerialId: null}
2019-11-13 21:55:41,274 [main] INFO  pipeline.PipelineStateManager (PipelineStateManager.java:removePipeline(106)) - Pipeline Pipeline[ Id: a5e6943d-6216-4aed-9783-dda8c433cd59, Nodes: d77ba411-c121-4894-aed9-0a060bb3d672{ip: 192.168.34.20, host: pr-hdds-2470-fxbl9-3826649461, networkLocation: /default-rack, certSerialId: null}f251cb10-a284-4816-bcd9-6a5fca322485{ip: 192.168.34.20, host: pr-hdds-2470-fxbl9-3826649461, networkLocation: /default-rack, certSerialId: null}e8ced9c7-6cbf-4b34-8707-66e501603ac9{ip: 192.168.34.20, host: pr-hdds-2470-fxbl9-3826649461, networkLocation: /default-rack, certSerialId: null}, Type:RATIS, Factor:THREE, State:CLOSED] removed from db
2019-11-13 21:55:41,289 [grpc-default-executor-5] INFO  impl.RaftServerProxy (RaftServerProxy.java:addNew(89)) - e8ced9c7-6cbf-4b34-8707-66e501603ac9: addNew group-1B8EB55A9938:[e8ced9c7-6cbf-4b34-8707-66e501603ac9:192.168.34.20:34516, d77ba411-c121-4894-aed9-0a060bb3d672:192.168.34.20:39248, f251cb10-a284-4816-bcd9-6a5fca322485:192.168.34.20:34653] returns group-1B8EB55A9938:java.util.concurrent.CompletableFuture@13b17787[Not completed]
2019-11-13 21:55:41,289 [grpc-default-executor-4] INFO  impl.RaftServerProxy (RaftServerProxy.java:addNew(89)) - d77ba411-c121-4894-aed9-0a060bb3d672: addNew group-1B8EB55A9938:[e8ced9c7-6cbf-4b34-8707-66e501603ac9:192.168.34.20:34516, d77ba411-c121-4894-aed9-0a060bb3d672:192.168.34.20:39248, f251cb10-a284-4816-bcd9-6a5fca322485:192.168.34.20:34653] returns group-1B8EB55A9938:java.util.concurrent.CompletableFuture@57c02ca8[Not completed]
2019-11-13 21:55:41,290 [grpc-default-executor-0] INFO  impl.RaftServerProxy (RaftServerProxy.java:addNew(89)) - f251cb10-a284-4816-bcd9-6a5fca322485: addNew group-1B8EB55A9938:[e8ced9c7-6cbf-4b34-8707-66e501603ac9:192.168.34.20:34516, d77ba411-c121-4894-aed9-0a060bb3d672:192.168.34.20:39248, f251cb10-a284-4816-bcd9-6a5fca322485:192.168.34.20:34653] returns group-1B8EB55A9938:java.util.concurrent.CompletableFuture@126e414f[Not completed]
2019-11-13 21:55:41,296 [pool-47-thread-1] INFO  impl.RaftServerImpl (RaftServerImpl.java:<init>(98)) - d77ba411-c121-4894-aed9-0a060bb3d672: new RaftServerImpl for group-1B8EB55A9938:[e8ced9c7-6cbf-4b34-8707-66e501603ac9:192.168.34.20:34516, d77ba411-c121-4894-aed9-0a060bb3d672:192.168.34.20:39248, f251cb10-a284-4816-bcd9-6a5fca322485:192.168.34.20:34653] with ContainerStateMachine:uninitialized
2019-11-13 21:55:41,296 [pool-47-thread-1] INFO  server.RaftServerConfigKeys (ConfUtils.java:logGet(43)) - raft.server.rpc.timeout.min = 5s (custom)
2019-11-13 21:55:41,296 [pool-47-thread-1] INFO  server.RaftServerConfigKeys (ConfUtils.java:logGet(43)) - raft.server.rpc.timeout.max = 5200ms (custom)
2019-11-13 21:55:41,297 [pool-47-thread-1] INFO  server.RaftServerConfigKeys (ConfUtils.java:logGet(43)) - raft.server.rpcslowness.timeout = 120s (custom)
2019-11-13 21:55:41,297 [pool-47-thread-1] INFO  server.RaftServerConfigKeys (ConfUtils.java:logGet(43)) - raft.server.sleep.deviation.threshold = 300 (default)
2019-11-13 21:55:41,297 [pool-47-thread-1] INFO  server.RaftServerConfigKeys (ConfUtils.java:logGet(43)) - raft.server.log.appender.install.snapshot.enabled = false (custom)
2019-11-13 21:55:41,297 [pool-47-thread-1] INFO  impl.RaftServerImpl (ServerState.java:<init>(103)) - d77ba411-c121-4894-aed9-0a060bb3d672@group-1B8EB55A9938: ConfigurationManager, init=-1: [e8ced9c7-6cbf-4b34-8707-66e501603ac9:192.168.34.20:34516, d77ba411-c121-4894-aed9-0a060bb3d672:192.168.34.20:39248, f251cb10-a284-4816-bcd9-6a5fca322485:192.168.34.20:34653], old=null, confs=<EMPTY_MAP>
2019-11-13 21:55:41,297 [pool-37-thread-1] INFO  impl.RaftServerImpl (RaftServerImpl.java:<init>(98)) - e8ced9c7-6cbf-4b34-8707-66e501603ac9: new RaftServerImpl for group-1B8EB55A9938:[e8ced9c7-6cbf-4b34-8707-66e501603ac9:192.168.34.20:34516, d77ba411-c121-4894-aed9-0a060bb3d672:192.168.34.20:39248, f251cb10-a284-4816-bcd9-6a5fca322485:192.168.34.20:34653] with ContainerStateMachine:uninitialized
2019-11-13 21:55:41,297 [pool-47-thread-1] INFO  server.RaftServerConfigKeys (ConfUtils.java:logGet(43)) - raft.server.storage.dir = [/workdir/hadoop-ozone/tools/target/test-dir/MiniOzoneClusterImpl-5b5b1002-d5c5-4197-9165-0cf04028de8e/datanode-2/data/ratis] (custom)
2019-11-13 21:55:41,298 [pool-37-thread-1] INFO  server.RaftServerConfigKeys (ConfUtils.java:logGet(43)) - raft.server.rpc.timeout.min = 5s (custom)
2019-11-13 21:55:41,298 [pool-37-thread-1] INFO  server.RaftServerConfigKeys (ConfUtils.java:logGet(43)) - raft.server.rpc.timeout.max = 5200ms (custom)
2019-11-13 21:55:41,298 [pool-47-thread-1] INFO  server.RaftServerConfigKeys (ConfUtils.java:logGet(43)) - raft.server.log.corruption.policy = EXCEPTION (default)
2019-11-13 21:55:41,298 [pool-37-thread-1] INFO  server.RaftServerConfigKeys (ConfUtils.java:logGet(43)) - raft.server.rpcslowness.timeout = 120s (custom)
2019-11-13 21:55:41,298 [pool-47-thread-1] INFO  storage.RaftStorageDirectory (RaftStorageDirectory.java:analyzeStorage(246)) - The storage directory /workdir/hadoop-ozone/tools/target/test-dir/MiniOzoneClusterImpl-5b5b1002-d5c5-4197-9165-0cf04028de8e/datanode-2/data/ratis/8bcf85c5-d53d-44cc-814a-1b8eb55a9938 does not exist. Creating ...
2019-11-13 21:55:41,298 [pool-37-thread-1] INFO  server.RaftServerConfigKeys (ConfUtils.java:logGet(43)) - raft.server.sleep.deviation.threshold = 300 (default)
2019-11-13 21:55:41,298 [pool-27-thread-1] INFO  impl.RaftServerImpl (RaftServerImpl.java:<init>(98)) - f251cb10-a284-4816-bcd9-6a5fca322485: new RaftServerImpl for group-1B8EB55A9938:[e8ced9c7-6cbf-4b34-8707-66e501603ac9:192.168.34.20:34516, d77ba411-c121-4894-aed9-0a060bb3d672:192.168.34.20:39248, f251cb10-a284-4816-bcd9-6a5fca322485:192.168.34.20:34653] with ContainerStateMachine:uninitialized
2019-11-13 21:55:41,298 [pool-37-thread-1] INFO  server.RaftServerConfigKeys (ConfUtils.java:logGet(43)) - raft.server.log.appender.install.snapshot.enabled = false (custom)
2019-11-13 21:55:41,298 [pool-27-thread-1] INFO  server.RaftServerConfigKeys (ConfUtils.java:logGet(43)) - raft.server.rpc.timeout.min = 5s (custom)
2019-11-13 21:55:41,298 [pool-37-thread-1] INFO  impl.RaftServerImpl (ServerState.java:<init>(103)) - e8ced9c7-6cbf-4b34-8707-66e501603ac9@group-1B8EB55A9938: ConfigurationManager, init=-1: [e8ced9c7-6cbf-4b34-8707-66e501603ac9:192.168.34.20:34516, d77ba411-c121-4894-aed9-0a060bb3d672:192.168.34.20:39248, f251cb10-a284-4816-bcd9-6a5fca322485:192.168.34.20:34653], old=null, confs=<EMPTY_MAP>
2019-11-13 21:55:41,299 [pool-27-thread-1] INFO  server.RaftServerConfigKeys (ConfUtils.java:logGet(43)) - raft.server.rpc.timeout.max = 5200ms (custom)
2019-11-13 21:55:41,299 [pool-37-thread-1] INFO  server.RaftServerConfigKeys (ConfUtils.java:logGet(43)) - raft.server.storage.dir = [/workdir/hadoop-ozone/tools/target/test-dir/MiniOzoneClusterImpl-5b5b1002-d5c5-4197-9165-0cf04028de8e/datanode-1/data/ratis] (custom)
2019-11-13 21:55:41,299 [pool-27-thread-1] INFO  server.RaftServerConfigKeys (ConfUtils.java:logGet(43)) - raft.server.rpcslowness.timeout = 120s (custom)
2019-11-13 21:55:41,299 [pool-27-thread-1] INFO  server.RaftServerConfigKeys (ConfUtils.java:logGet(43)) - raft.server.sleep.deviation.threshold = 300 (default)
2019-11-13 21:55:41,299 [pool-37-thread-1] INFO  server.RaftServerConfigKeys (ConfUtils.java:logGet(43)) - raft.server.log.corruption.policy = EXCEPTION (default)
2019-11-13 21:55:41,299 [pool-27-thread-1] INFO  server.RaftServerConfigKeys (ConfUtils.java:logGet(43)) - raft.server.log.appender.install.snapshot.enabled = false (custom)
2019-11-13 21:55:41,299 [pool-37-thread-1] INFO  storage.RaftStorageDirectory (RaftStorageDirectory.java:analyzeStorage(246)) - The storage directory /workdir/hadoop-ozone/tools/target/test-dir/MiniOzoneClusterImpl-5b5b1002-d5c5-4197-9165-0cf04028de8e/datanode-1/data/ratis/8bcf85c5-d53d-44cc-814a-1b8eb55a9938 does not exist. Creating ...
2019-11-13 21:55:41,299 [pool-27-thread-1] INFO  impl.RaftServerImpl (ServerState.java:<init>(103)) - f251cb10-a284-4816-bcd9-6a5fca322485@group-1B8EB55A9938: ConfigurationManager, init=-1: [e8ced9c7-6cbf-4b34-8707-66e501603ac9:192.168.34.20:34516, d77ba411-c121-4894-aed9-0a060bb3d672:192.168.34.20:39248, f251cb10-a284-4816-bcd9-6a5fca322485:192.168.34.20:34653], old=null, confs=<EMPTY_MAP>
2019-11-13 21:55:41,300 [pool-27-thread-1] INFO  server.RaftServerConfigKeys (ConfUtils.java:logGet(43)) - raft.server.storage.dir = [/workdir/hadoop-ozone/tools/target/test-dir/MiniOzoneClusterImpl-5b5b1002-d5c5-4197-9165-0cf04028de8e/datanode-0/data/ratis] (custom)
2019-11-13 21:55:41,300 [pool-27-thread-1] INFO  server.RaftServerConfigKeys (ConfUtils.java:logGet(43)) - raft.server.log.corruption.policy = EXCEPTION (default)
2019-11-13 21:55:41,300 [pool-27-thread-1] INFO  storage.RaftStorageDirectory (RaftStorageDirectory.java:analyzeStorage(246)) - The storage directory /workdir/hadoop-ozone/tools/target/test-dir/MiniOzoneClusterImpl-5b5b1002-d5c5-4197-9165-0cf04028de8e/datanode-0/data/ratis/8bcf85c5-d53d-44cc-814a-1b8eb55a9938 does not exist. Creating ...
2019-11-13 21:55:41,378 [main] INFO  freon.RandomKeyGenerator (RandomKeyGenerator.java:call(283)) - Number of Threads: 10
2019-11-13 21:55:41,378 [main] INFO  freon.RandomKeyGenerator (RandomKeyGenerator.java:call(288)) - Number of Volumes: 1.
2019-11-13 21:55:41,378 [main] INFO  freon.RandomKeyGenerator (RandomKeyGenerator.java:call(289)) - Number of Buckets per Volume: 1.
2019-11-13 21:55:41,378 [main] INFO  freon.RandomKeyGenerator (RandomKeyGenerator.java:call(290)) - Number of Keys per Bucket: 1.
2019-11-13 21:55:41,378 [main] INFO  freon.RandomKeyGenerator (RandomKeyGenerator.java:call(291)) - Key size: 20971520 bytes
2019-11-13 21:55:41,378 [main] INFO  freon.RandomKeyGenerator (RandomKeyGenerator.java:call(292)) - Buffer size: 4096 bytes
2019-11-13 21:55:41,378 [main] INFO  freon.RandomKeyGenerator (RandomKeyGenerator.java:call(293)) - validateWrites : true
2019-11-13 21:55:41,379 [pool-59-thread-1] INFO  rpc.RpcClient (RpcClient.java:createVolume(292)) - Creating Volume: vol-0-58948, with jenkins1000 as owner.
2019-11-13 21:55:41,379 [main] INFO  freon.RandomKeyGenerator (RandomKeyGenerator.java:call(307)) - Data validation is enabled.
2019-11-13 21:55:41,380 [main] INFO  freon.RandomKeyGenerator (RandomKeyGenerator.java:call(313)) - Starting progress bar Thread.

 0.00% |?                                                                                                    |  0/1 Time: 0:00:002019-11-13 21:55:41,383 [IPC Server handler 4 on 41573] INFO  volume.OMVolumeCreateRequest (OMVolumeCreateRequest.java:validateAndUpdateCache(193)) - created volume:vol-0-58948 for user:jenkins1000
2019-11-13 21:55:41,723 [f251cb10-a284-4816-bcd9-6a5fca322485@group-DDA8C433CD59-StateMachineUpdater] INFO  impl.StateMachineUpdater (StateMachineUpdater.java:takeSnapshot(269)) - f251cb10-a284-4816-bcd9-6a5fca322485@group-DDA8C433CD59-StateMachineUpdater: Took a snapshot at index 76
2019-11-13 21:55:41,723 [e8ced9c7-6cbf-4b34-8707-66e501603ac9@group-DDA8C433CD59-StateMachineUpdater] INFO  impl.StateMachineUpdater (StateMachineUpdater.java:takeSnapshot(269)) - e8ced9c7-6cbf-4b34-8707-66e501603ac9@group-DDA8C433CD59-StateMachineUpdater: Took a snapshot at index 76
2019-11-13 21:55:41,723 [f251cb10-a284-4816-bcd9-6a5fca322485@group-DDA8C433CD59-StateMachineUpdater] INFO  impl.StateMachineUpdater (StateMachineUpdater.java:lambda$new$0(84)) - f251cb10-a284-4816-bcd9-6a5fca322485@group-DDA8C433CD59-StateMachineUpdater: snapshotIndex: updateIncreasingly -1 -> 76
2019-11-13 21:55:41,723 [e8ced9c7-6cbf-4b34-8707-66e501603ac9@group-DDA8C433CD59-StateMachineUpdater] INFO  impl.StateMachineUpdater (StateMachineUpdater.java:lambda$new$0(84)) - e8ced9c7-6cbf-4b34-8707-66e501603ac9@group-DDA8C433CD59-StateMachineUpdater: snapshotIndex: updateIncreasingly -1 -> 76
2019-11-13 21:55:41,724 [f251cb10-a284-4816-bcd9-6a5fca322485@group-DDA8C433CD59-StateMachineUpdater] INFO  ratis.ContainerStateMachine (ContainerStateMachine.java:takeSnapshot(285)) - group-DDA8C433CD59: Taking a snapshot at:(t:1, i:76) file /workdir/hadoop-ozone/tools/target/test-dir/MiniOzoneClusterImpl-5b5b1002-d5c5-4197-9165-0cf04028de8e/datanode-0/data/ratis/a5e6943d-6216-4aed-9783-dda8c433cd59/sm/snapshot.1_76
2019-11-13 21:55:41,724 [e8ced9c7-6cbf-4b34-8707-66e501603ac9@group-DDA8C433CD59-StateMachineUpdater] INFO  ratis.ContainerStateMachine (ContainerStateMachine.java:takeSnapshot(285)) - group-DDA8C433CD59: Taking a snapshot at:(t:1, i:76) file /workdir/hadoop-ozone/tools/target/test-dir/MiniOzoneClusterImpl-5b5b1002-d5c5-4197-9165-0cf04028de8e/datanode-1/data/ratis/a5e6943d-6216-4aed-9783-dda8c433cd59/sm/snapshot.1_76
2019-11-13 21:55:41,728 [Command processor thread] ERROR commandhandler.CloseContainerCommandHandler (CloseContainerCommandHandler.java:handle(127)) - Can't close container #1
java.io.IOException: org.apache.ratis.protocol.GroupMismatchException: e8ced9c7-6cbf-4b34-8707-66e501603ac9: group-DDA8C433CD59 not found.
	at org.apache.hadoop.ozone.container.common.transport.server.ratis.XceiverServerRatis.submitRequest(XceiverServerRatis.java:511)
	at org.apache.hadoop.ozone.container.common.statemachine.commandhandler.CloseContainerCommandHandler.handle(CloseContainerCommandHandler.java:102)
	at org.apache.hadoop.ozone.container.common.statemachine.commandhandler.CommandDispatcher.handle(CommandDispatcher.java:99)
	at org.apache.hadoop.ozone.container.common.statemachine.DatanodeStateMachine.lambda$initCommandHandlerThread$1(DatanodeStateMachine.java:432)
	at java.lang.Thread.run(Thread.java:748)
Caused by: java.util.concurrent.ExecutionException: org.apache.ratis.protocol.GroupMismatchException: e8ced9c7-6cbf-4b34-8707-66e501603ac9: group-DDA8C433CD59 not found.
	at java.util.concurrent.CompletableFuture.reportGet(CompletableFuture.java:357)
	at java.util.concurrent.CompletableFuture.get(CompletableFuture.java:1895)
	at org.apache.hadoop.ozone.container.common.transport.server.ratis.XceiverServerRatis.submitRequest(XceiverServerRatis.java:509)
	... 4 more
Caused by: org.apache.ratis.protocol.GroupMismatchException: e8ced9c7-6cbf-4b34-8707-66e501603ac9: group-DDA8C433CD59 not found.
	at org.apache.ratis.server.impl.RaftServerProxy$ImplMap.get(RaftServerProxy.java:122)
	at org.apache.ratis.server.impl.RaftServerProxy.getImplFuture(RaftServerProxy.java:269)
	at org.apache.ratis.server.impl.RaftServerProxy.submitRequest(RaftServerProxy.java:327)
	at org.apache.ratis.server.impl.RaftServerProxy.submitClientRequestAsync(RaftServerProxy.java:333)
	... 5 more
2019-11-13 21:55:41,728 [Command processor thread] ERROR commandhandler.CloseContainerCommandHandler (CloseContainerCommandHandler.java:handle(127)) - Can't close container #1
java.io.IOException: org.apache.ratis.protocol.GroupMismatchException: f251cb10-a284-4816-bcd9-6a5fca322485: group-DDA8C433CD59 not found.
	at org.apache.hadoop.ozone.container.common.transport.server.ratis.XceiverServerRatis.submitRequest(XceiverServerRatis.java:511)
	at org.apache.hadoop.ozone.container.common.statemachine.commandhandler.CloseContainerCommandHandler.handle(CloseContainerCommandHandler.java:102)
	at org.apache.hadoop.ozone.container.common.statemachine.commandhandler.CommandDispatcher.handle(CommandDispatcher.java:99)
	at org.apache.hadoop.ozone.container.common.statemachine.DatanodeStateMachine.lambda$initCommandHandlerThread$1(DatanodeStateMachine.java:432)
	at java.lang.Thread.run(Thread.java:748)
Caused by: java.util.concurrent.ExecutionException: org.apache.ratis.protocol.GroupMismatchException: f251cb10-a284-4816-bcd9-6a5fca322485: group-DDA8C433CD59 not found.
	at java.util.concurrent.CompletableFuture.reportGet(CompletableFuture.java:357)
	at java.util.concurrent.CompletableFuture.get(CompletableFuture.java:1895)
	at org.apache.hadoop.ozone.container.common.transport.server.ratis.XceiverServerRatis.submitRequest(XceiverServerRatis.java:509)
	... 4 more
Caused by: org.apache.ratis.protocol.GroupMismatchException: f251cb10-a284-4816-bcd9-6a5fca322485: group-DDA8C433CD59 not found.
	at org.apache.ratis.server.impl.RaftServerProxy$ImplMap.get(RaftServerProxy.java:122)
	at org.apache.ratis.server.impl.RaftServerProxy.getImplFuture(RaftServerProxy.java:269)
	at org.apache.ratis.server.impl.RaftServerProxy.submitRequest(RaftServerProxy.java:327)
	at org.apache.ratis.server.impl.RaftServerProxy.submitClientRequestAsync(RaftServerProxy.java:333)
	... 5 more
2019-11-13 21:55:41,728 [Command processor thread] ERROR commandhandler.CloseContainerCommandHandler (CloseContainerCommandHandler.java:handle(127)) - Can't close container #1
java.io.IOException: org.apache.ratis.protocol.GroupMismatchException: d77ba411-c121-4894-aed9-0a060bb3d672: group-DDA8C433CD59 not found.
	at org.apache.hadoop.ozone.container.common.transport.server.ratis.XceiverServerRatis.submitRequest(XceiverServerRatis.java:511)
	at org.apache.hadoop.ozone.container.common.statemachine.commandhandler.CloseContainerCommandHandler.handle(CloseContainerCommandHandler.java:102)
	at org.apache.hadoop.ozone.container.common.statemachine.commandhandler.CommandDispatcher.handle(CommandDispatcher.java:99)
	at org.apache.hadoop.ozone.container.common.statemachine.DatanodeStateMachine.lambda$initCommandHandlerThread$1(DatanodeStateMachine.java:432)
	at java.lang.Thread.run(Thread.java:748)
Caused by: java.util.concurrent.ExecutionException: org.apache.ratis.protocol.GroupMismatchException: d77ba411-c121-4894-aed9-0a060bb3d672: group-DDA8C433CD59 not found.
	at java.util.concurrent.CompletableFuture.reportGet(CompletableFuture.java:357)
	at java.util.concurrent.CompletableFuture.get(CompletableFuture.java:1895)
	at org.apache.hadoop.ozone.container.common.transport.server.ratis.XceiverServerRatis.submitRequest(XceiverServerRatis.java:509)
	... 4 more
Caused by: org.apache.ratis.protocol.GroupMismatchException: d77ba411-c121-4894-aed9-0a060bb3d672: group-DDA8C433CD59 not found.
	at org.apache.ratis.server.impl.RaftServerProxy$ImplMap.get(RaftServerProxy.java:122)
	at org.apache.ratis.server.impl.RaftServerProxy.getImplFuture(RaftServerProxy.java:269)
	at org.apache.ratis.server.impl.RaftServerProxy.submitRequest(RaftServerProxy.java:327)
	at org.apache.ratis.server.impl.RaftServerProxy.submitClientRequestAsync(RaftServerProxy.java:333)
	... 5 more
 0.00% |?                                                                                                    |  0/1 Time: 0:00:012019-11-13 21:55:43,063 [d77ba411-c121-4894-aed9-0a060bb3d672@group-DDA8C433CD59-StateMachineUpdater] INFO  ratis.ContainerStateMachine (ContainerStateMachine.java:takeSnapshot(296)) - group-DDA8C433CD59: Finished taking a snapshot at:(t:1, i:76) file:/workdir/hadoop-ozone/tools/target/test-dir/MiniOzoneClusterImpl-5b5b1002-d5c5-4197-9165-0cf04028de8e/datanode-2/data/ratis/a5e6943d-6216-4aed-9783-dda8c433cd59/sm/snapshot.1_76 time:2677
2019-11-13 21:55:43,063 [d77ba411-c121-4894-aed9-0a060bb3d672@group-DDA8C433CD59-StateMachineUpdater] INFO  impl.StateMachineUpdater (StateMachineUpdater.java:takeSnapshot(269)) - d77ba411-c121-4894-aed9-0a060bb3d672@group-DDA8C433CD59-StateMachineUpdater: Took a snapshot at index 76
2019-11-13 21:55:43,064 [d77ba411-c121-4894-aed9-0a060bb3d672@group-DDA8C433CD59-StateMachineUpdater] INFO  impl.StateMachineUpdater (StateMachineUpdater.java:lambda$new$0(84)) - d77ba411-c121-4894-aed9-0a060bb3d672@group-DDA8C433CD59-StateMachineUpdater: snapshotIndex: updateIncreasingly 76 -> 76
2019-11-13 21:55:43,064 [grpc-default-executor-3] INFO  impl.RaftServerImpl (ServerState.java:close(387)) - d77ba411-c121-4894-aed9-0a060bb3d672@group-DDA8C433CD59: closes. applyIndex: 78
2019-11-13 21:55:43,065 [d77ba411-c121-4894-aed9-0a060bb3d672@group-DDA8C433CD59-SegmentedRaftLogWorker] INFO  segmented.SegmentedRaftLogWorker (SegmentedRaftLogWorker.java:run(316)) - d77ba411-c121-4894-aed9-0a060bb3d672@group-DDA8C433CD59-SegmentedRaftLogWorker was interrupted, exiting. There are 0 tasks remaining in the queue.
 0.00% |?                                                                                                    |  0/1 Time: 0:00:022019-11-13 21:55:44,289 [RATISCREATEPIPELINE2] ERROR pipeline.RatisPipelineProvider (RatisPipelineProvider.java:lambda$null$5(230)) - Failed invoke Ratis rpc org.apache.hadoop.hdds.scm.pipeline.RatisPipelineProvider$$Lambda$190/1774791577@14bb6b09 for d77ba411-c121-4894-aed9-0a060bb3d672
org.apache.ratis.protocol.TimeoutIOException: deadline exceeded after 2999209455ns
	at org.apache.ratis.grpc.GrpcUtil.tryUnwrapException(GrpcUtil.java:82)
	at org.apache.ratis.grpc.GrpcUtil.unwrapException(GrpcUtil.java:75)
	at org.apache.ratis.grpc.client.GrpcClientProtocolClient.blockingCall(GrpcClientProtocolClient.java:184)
	at org.apache.ratis.grpc.client.GrpcClientProtocolClient.groupAdd(GrpcClientProtocolClient.java:153)
	at org.apache.ratis.grpc.client.GrpcClientRpc.sendRequest(GrpcClientRpc.java:94)
	at org.apache.ratis.client.impl.RaftClientImpl.sendRequest(RaftClientImpl.java:278)
	at org.apache.ratis.client.impl.RaftClientImpl.groupAdd(RaftClientImpl.java:205)
	at org.apache.hadoop.hdds.scm.pipeline.RatisPipelineProvider.lambda$initializePipeline$4(RatisPipelineProvider.java:191)
	at org.apache.hadoop.hdds.scm.pipeline.RatisPipelineProvider.lambda$null$5(RatisPipelineProvider.java:226)
	at java.util.stream.ForEachOps$ForEachOp$OfRef.accept(ForEachOps.java:183)
	at java.util.ArrayList$ArrayListSpliterator.forEachRemaining(ArrayList.java:1382)
	at java.util.stream.AbstractPipeline.copyInto(AbstractPipeline.java:482)
	at java.util.stream.ForEachOps$ForEachTask.compute(ForEachOps.java:290)
	at java.util.concurrent.CountedCompleter.exec(CountedCompleter.java:731)
	at java.util.concurrent.ForkJoinTask.doExec(ForkJoinTask.java:289)
	at java.util.concurrent.ForkJoinPool$WorkQueue.runTask(ForkJoinPool.java:1056)
	at java.util.concurrent.ForkJoinPool.runWorker(ForkJoinPool.java:1692)
	at java.util.concurrent.ForkJoinWorkerThread.run(ForkJoinWorkerThread.java:157)
Caused by: org.apache.ratis.thirdparty.io.grpc.StatusRuntimeException: DEADLINE_EXCEEDED: deadline exceeded after 2999209455ns
	at org.apache.ratis.thirdparty.io.grpc.stub.ClientCalls.toStatusRuntimeException(ClientCalls.java:233)
	at org.apache.ratis.thirdparty.io.grpc.stub.ClientCalls.getUnchecked(ClientCalls.java:214)
	at org.apache.ratis.thirdparty.io.grpc.stub.ClientCalls.blockingUnaryCall(ClientCalls.java:139)
	at org.apache.ratis.proto.grpc.AdminProtocolServiceGrpc$AdminProtocolServiceBlockingStub.groupManagement(AdminProtocolServiceGrpc.java:274)
	at org.apache.ratis.grpc.client.GrpcClientProtocolClient.lambda$groupAdd$3(GrpcClientProtocolClient.java:155)
	at org.apache.ratis.grpc.client.GrpcClientProtocolClient.blockingCall(GrpcClientProtocolClient.java:182)
	... 15 more
2019-11-13 21:55:44,289 [RATISCREATEPIPELINE1] ERROR pipeline.RatisPipelineProvider (RatisPipelineProvider.java:lambda$null$5(230)) - Failed invoke Ratis rpc org.apache.hadoop.hdds.scm.pipeline.RatisPipelineProvider$$Lambda$190/1774791577@14bb6b09 for f251cb10-a284-4816-bcd9-6a5fca322485
org.apache.ratis.protocol.TimeoutIOException: deadline exceeded after 2997668989ns
	at org.apache.ratis.grpc.GrpcUtil.tryUnwrapException(GrpcUtil.java:82)
	at org.apache.ratis.grpc.GrpcUtil.unwrapException(GrpcUtil.java:75)
	at org.apache.ratis.grpc.client.GrpcClientProtocolClient.blockingCall(GrpcClientProtocolClient.java:184)
	at org.apache.ratis.grpc.client.GrpcClientProtocolClient.groupAdd(GrpcClientProtocolClient.java:153)
	at org.apache.ratis.grpc.client.GrpcClientRpc.sendRequest(GrpcClientRpc.java:94)
	at org.apache.ratis.client.impl.RaftClientImpl.sendRequest(RaftClientImpl.java:278)
	at org.apache.ratis.client.impl.RaftClientImpl.groupAdd(RaftClientImpl.java:205)
	at org.apache.hadoop.hdds.scm.pipeline.RatisPipelineProvider.lambda$initializePipeline$4(RatisPipelineProvider.java:191)
	at org.apache.hadoop.hdds.scm.pipeline.RatisPipelineProvider.lambda$null$5(RatisPipelineProvider.java:226)
	at java.util.stream.ForEachOps$ForEachOp$OfRef.accept(ForEachOps.java:183)
	at java.util.ArrayList$ArrayListSpliterator.forEachRemaining(ArrayList.java:1382)
	at java.util.stream.AbstractPipeline.copyInto(AbstractPipeline.java:482)
	at java.util.stream.ForEachOps$ForEachTask.compute(ForEachOps.java:290)
	at java.util.concurrent.CountedCompleter.exec(CountedCompleter.java:731)
	at java.util.concurrent.ForkJoinTask.doExec(ForkJoinTask.java:289)
	at java.util.concurrent.ForkJoinTask.doInvoke(ForkJoinTask.java:401)
	at java.util.concurrent.ForkJoinTask.invoke(ForkJoinTask.java:734)
	at java.util.stream.ForEachOps$ForEachOp.evaluateParallel(ForEachOps.java:159)
	at java.util.stream.ForEachOps$ForEachOp$OfRef.evaluateParallel(ForEachOps.java:173)
	at java.util.stream.AbstractPipeline.evaluate(AbstractPipeline.java:233)
	at java.util.stream.ReferencePipeline.forEach(ReferencePipeline.java:485)
	at java.util.stream.ReferencePipeline$Head.forEach(ReferencePipeline.java:650)
	at org.apache.hadoop.hdds.scm.pipeline.RatisPipelineProvider.lambda$callRatisRpc$6(RatisPipelineProvider.java:220)
	at java.util.concurrent.ForkJoinTask$AdaptedRunnableAction.exec(ForkJoinTask.java:1386)
	at java.util.concurrent.ForkJoinTask.doExec(ForkJoinTask.java:289)
	at java.util.concurrent.ForkJoinPool$WorkQueue.runTask(ForkJoinPool.java:1056)
	at java.util.concurrent.ForkJoinPool.runWorker(ForkJoinPool.java:1692)
	at java.util.concurrent.ForkJoinWorkerThread.run(ForkJoinWorkerThread.java:157)
Caused by: org.apache.ratis.thirdparty.io.grpc.StatusRuntimeException: DEADLINE_EXCEEDED: deadline exceeded after 2997668989ns
	at org.apache.ratis.thirdparty.io.grpc.stub.ClientCalls.toStatusRuntimeException(ClientCalls.java:233)
	at org.apache.ratis.thirdparty.io.grpc.stub.ClientCalls.getUnchecked(ClientCalls.java:214)
	at org.apache.ratis.thirdparty.io.grpc.stub.ClientCalls.blockingUnaryCall(ClientCalls.java:139)
	at org.apache.ratis.proto.grpc.AdminProtocolServiceGrpc$AdminProtocolServiceBlockingStub.groupManagement(AdminProtocolServiceGrpc.java:274)
	at org.apache.ratis.grpc.client.GrpcClientProtocolClient.lambda$groupAdd$3(GrpcClientProtocolClient.java:155)
	at org.apache.ratis.grpc.client.GrpcClientProtocolClient.blockingCall(GrpcClientProtocolClient.java:182)
	... 25 more
2019-11-13 21:55:44,289 [RATISCREATEPIPELINE3] ERROR pipeline.RatisPipelineProvider (RatisPipelineProvider.java:lambda$null$5(230)) - Failed invoke Ratis rpc org.apache.hadoop.hdds.scm.pipeline.RatisPipelineProvider$$Lambda$190/1774791577@14bb6b09 for e8ced9c7-6cbf-4b34-8707-66e501603ac9
org.apache.ratis.protocol.TimeoutIOException: deadline exceeded after 2998775885ns
	at org.apache.ratis.grpc.GrpcUtil.tryUnwrapException(GrpcUtil.java:82)
	at org.apache.ratis.grpc.GrpcUtil.unwrapException(GrpcUtil.java:75)
	at org.apache.ratis.grpc.client.GrpcClientProtocolClient.blockingCall(GrpcClientProtocolClient.java:184)
	at org.apache.ratis.grpc.client.GrpcClientProtocolClient.groupAdd(GrpcClientProtocolClient.java:153)
	at org.apache.ratis.grpc.client.GrpcClientRpc.sendRequest(GrpcClientRpc.java:94)
	at org.apache.ratis.client.impl.RaftClientImpl.sendRequest(RaftClientImpl.java:278)
	at org.apache.ratis.client.impl.RaftClientImpl.groupAdd(RaftClientImpl.java:205)
	at org.apache.hadoop.hdds.scm.pipeline.RatisPipelineProvider.lambda$initializePipeline$4(RatisPipelineProvider.java:191)
	at org.apache.hadoop.hdds.scm.pipeline.RatisPipelineProvider.lambda$null$5(RatisPipelineProvider.java:226)
	at java.util.stream.ForEachOps$ForEachOp$OfRef.accept(ForEachOps.java:183)
	at java.util.ArrayList$ArrayListSpliterator.forEachRemaining(ArrayList.java:1382)
	at java.util.stream.AbstractPipeline.copyInto(AbstractPipeline.java:482)
	at java.util.stream.ForEachOps$ForEachTask.compute(ForEachOps.java:290)
	at java.util.concurrent.CountedCompleter.exec(CountedCompleter.java:731)
	at java.util.concurrent.ForkJoinTask.doExec(ForkJoinTask.java:289)
	at java.util.concurrent.ForkJoinPool$WorkQueue.runTask(ForkJoinPool.java:1056)
	at java.util.concurrent.ForkJoinPool.runWorker(ForkJoinPool.java:1692)
	at java.util.concurrent.ForkJoinWorkerThread.run(ForkJoinWorkerThread.java:157)
Caused by: org.apache.ratis.thirdparty.io.grpc.StatusRuntimeException: DEADLINE_EXCEEDED: deadline exceeded after 2998775885ns
	at org.apache.ratis.thirdparty.io.grpc.stub.ClientCalls.toStatusRuntimeException(ClientCalls.java:233)
	at org.apache.ratis.thirdparty.io.grpc.stub.ClientCalls.getUnchecked(ClientCalls.java:214)
	at org.apache.ratis.thirdparty.io.grpc.stub.ClientCalls.blockingUnaryCall(ClientCalls.java:139)
	at org.apache.ratis.proto.grpc.AdminProtocolServiceGrpc$AdminProtocolServiceBlockingStub.groupManagement(AdminProtocolServiceGrpc.java:274)
	at org.apache.ratis.grpc.client.GrpcClientProtocolClient.lambda$groupAdd$3(GrpcClientProtocolClient.java:155)
	at org.apache.ratis.grpc.client.GrpcClientProtocolClient.blockingCall(GrpcClientProtocolClient.java:182)
	... 15 more
 0.00% |?                                                                                                    |  0/1 Time: 0:00:032019-11-13 21:55:44,628 [grpc-default-executor-3] INFO  segmented.SegmentedRaftLogWorker (SegmentedRaftLogWorker.java:close(224)) - d77ba411-c121-4894-aed9-0a060bb3d672@group-DDA8C433CD59-SegmentedRaftLogWorker close()
 0.00% |?                                                                                                    |  0/1 Time: 0:00:042019-11-13 21:55:45,490 [pool-27-thread-1] INFO  storage.RaftStorageDirectory (RaftStorageDirectory.java:tryLock(328)) - Lock on /workdir/hadoop-ozone/tools/target/test-dir/MiniOzoneClusterImpl-5b5b1002-d5c5-4197-9165-0cf04028de8e/datanode-0/data/ratis/8bcf85c5-d53d-44cc-814a-1b8eb55a9938/in_use.lock acquired by nodename 30694@pr-hdds-2470-fxbl9-3826649461
2019-11-13 21:55:45,491 [e8ced9c7-6cbf-4b34-8707-66e501603ac9@group-DDA8C433CD59-StateMachineUpdater] INFO  ratis.ContainerStateMachine (ContainerStateMachine.java:takeSnapshot(296)) - group-DDA8C433CD59: Finished taking a snapshot at:(t:1, i:76) file:/workdir/hadoop-ozone/tools/target/test-dir/MiniOzoneClusterImpl-5b5b1002-d5c5-4197-9165-0cf04028de8e/datanode-1/data/ratis/a5e6943d-6216-4aed-9783-dda8c433cd59/sm/snapshot.1_76 time:3767
2019-11-13 21:55:45,491 [f251cb10-a284-4816-bcd9-6a5fca322485@group-DDA8C433CD59-StateMachineUpdater] INFO  ratis.ContainerStateMachine (ContainerStateMachine.java:takeSnapshot(296)) - group-DDA8C433CD59: Finished taking a snapshot at:(t:1, i:76) file:/workdir/hadoop-ozone/tools/target/test-dir/MiniOzoneClusterImpl-5b5b1002-d5c5-4197-9165-0cf04028de8e/datanode-0/data/ratis/a5e6943d-6216-4aed-9783-dda8c433cd59/sm/snapshot.1_76 time:3767
2019-11-13 21:55:45,490 [pool-47-thread-1] INFO  storage.RaftStorageDirectory (RaftStorageDirectory.java:tryLock(328)) - Lock on /workdir/hadoop-ozone/tools/target/test-dir/MiniOzoneClusterImpl-5b5b1002-d5c5-4197-9165-0cf04028de8e/datanode-2/data/ratis/8bcf85c5-d53d-44cc-814a-1b8eb55a9938/in_use.lock acquired by nodename 30694@pr-hdds-2470-fxbl9-3826649461
2019-11-13 21:55:45,494 [e8ced9c7-6cbf-4b34-8707-66e501603ac9@group-DDA8C433CD59-StateMachineUpdater] INFO  impl.StateMachineUpdater (StateMachineUpdater.java:takeSnapshot(269)) - e8ced9c7-6cbf-4b34-8707-66e501603ac9@group-DDA8C433CD59-StateMachineUpdater: Took a snapshot at index 76
2019-11-13 21:55:45,490 [pool-37-thread-1] INFO  storage.RaftStorageDirectory (RaftStorageDirectory.java:tryLock(328)) - Lock on /workdir/hadoop-ozone/tools/target/test-dir/MiniOzoneClusterImpl-5b5b1002-d5c5-4197-9165-0cf04028de8e/datanode-1/data/ratis/8bcf85c5-d53d-44cc-814a-1b8eb55a9938/in_use.lock acquired by nodename 30694@pr-hdds-2470-fxbl9-3826649461
2019-11-13 21:55:45,495 [e8ced9c7-6cbf-4b34-8707-66e501603ac9@group-DDA8C433CD59-StateMachineUpdater] INFO  impl.StateMachineUpdater (StateMachineUpdater.java:lambda$new$0(84)) - e8ced9c7-6cbf-4b34-8707-66e501603ac9@group-DDA8C433CD59-StateMachineUpdater: snapshotIndex: updateIncreasingly 76 -> 76
2019-11-13 21:55:45,495 [f251cb10-a284-4816-bcd9-6a5fca322485@group-DDA8C433CD59-StateMachineUpdater] INFO  impl.StateMachineUpdater (StateMachineUpdater.java:takeSnapshot(269)) - f251cb10-a284-4816-bcd9-6a5fca322485@group-DDA8C433CD59-StateMachineUpdater: Took a snapshot at index 76
2019-11-13 21:55:45,495 [f251cb10-a284-4816-bcd9-6a5fca322485@group-DDA8C433CD59-StateMachineUpdater] INFO  impl.StateMachineUpdater (StateMachineUpdater.java:lambda$new$0(84)) - f251cb10-a284-4816-bcd9-6a5fca322485@group-DDA8C433CD59-StateMachineUpdater: snapshotIndex: updateIncreasingly 76 -> 76
2019-11-13 21:55:45,497 [grpc-default-executor-2] INFO  impl.RaftServerImpl (ServerState.java:close(387)) - f251cb10-a284-4816-bcd9-6a5fca322485@group-DDA8C433CD59: closes. applyIndex: 78
2019-11-13 21:55:45,497 [grpc-default-executor-1] INFO  impl.RaftServerImpl (ServerState.java:close(387)) - e8ced9c7-6cbf-4b34-8707-66e501603ac9@group-DDA8C433CD59: closes. applyIndex: 78
2019-11-13 21:55:45,499 [f251cb10-a284-4816-bcd9-6a5fca322485@group-DDA8C433CD59-SegmentedRaftLogWorker] INFO  segmented.SegmentedRaftLogWorker (SegmentedRaftLogWorker.java:run(316)) - f251cb10-a284-4816-bcd9-6a5fca322485@group-DDA8C433CD59-SegmentedRaftLogWorker was interrupted, exiting. There are 0 tasks remaining in the queue.
2019-11-13 21:55:45,499 [e8ced9c7-6cbf-4b34-8707-66e501603ac9@group-DDA8C433CD59-SegmentedRaftLogWorker] INFO  segmented.SegmentedRaftLogWorker (SegmentedRaftLogWorker.java:run(316)) - e8ced9c7-6cbf-4b34-8707-66e501603ac9@group-DDA8C433CD59-SegmentedRaftLogWorker was interrupted, exiting. There are 0 tasks remaining in the queue.
2019-11-13 21:55:45,506 [pool-59-thread-2] INFO  rpc.RpcClient (RpcClient.java:createBucket(431)) - Creating Bucket: vol-0-58948/bucket-0-68275, with Versioning false and Storage Type set to DISK and Encryption set to false 
2019-11-13 21:55:46,103 [grpc-default-executor-2] INFO  segmented.SegmentedRaftLogWorker (SegmentedRaftLogWorker.java:close(224)) - f251cb10-a284-4816-bcd9-6a5fca322485@group-DDA8C433CD59-SegmentedRaftLogWorker close()
2019-11-13 21:55:46,103 [grpc-default-executor-1] INFO  segmented.SegmentedRaftLogWorker (SegmentedRaftLogWorker.java:close(224)) - e8ced9c7-6cbf-4b34-8707-66e501603ac9@group-DDA8C433CD59-SegmentedRaftLogWorker close()
2019-11-13 21:55:46,108 [Command processor thread] ERROR commandhandler.CloseContainerCommandHandler (CloseContainerCommandHandler.java:handle(127)) - Can't close container #2
java.io.IOException: org.apache.ratis.protocol.GroupMismatchException: f251cb10-a284-4816-bcd9-6a5fca322485: group-DDA8C433CD59 not found.
	at org.apache.hadoop.ozone.container.common.transport.server.ratis.XceiverServerRatis.submitRequest(XceiverServerRatis.java:511)
	at org.apache.hadoop.ozone.container.common.statemachine.commandhandler.CloseContainerCommandHandler.handle(CloseContainerCommandHandler.java:102)
	at org.apache.hadoop.ozone.container.common.statemachine.commandhandler.CommandDispatcher.handle(CommandDispatcher.java:99)
	at org.apache.hadoop.ozone.container.common.statemachine.DatanodeStateMachine.lambda$initCommandHandlerThread$1(DatanodeStateMachine.java:432)
	at java.lang.Thread.run(Thread.java:748)
Caused by: java.util.concurrent.ExecutionException: org.apache.ratis.protocol.GroupMismatchException: f251cb10-a284-4816-bcd9-6a5fca322485: group-DDA8C433CD59 not found.
	at java.util.concurrent.CompletableFuture.reportGet(CompletableFuture.java:357)
	at java.util.concurrent.CompletableFuture.get(CompletableFuture.java:1895)
	at org.apache.hadoop.ozone.container.common.transport.server.ratis.XceiverServerRatis.submitRequest(XceiverServerRatis.java:509)
	... 4 more
Caused by: org.apache.ratis.protocol.GroupMismatchException: f251cb10-a284-4816-bcd9-6a5fca322485: group-DDA8C433CD59 not found.
	at org.apache.ratis.server.impl.RaftServerProxy$ImplMap.get(RaftServerProxy.java:122)
	at org.apache.ratis.server.impl.RaftServerProxy.getImplFuture(RaftServerProxy.java:269)
	at org.apache.ratis.server.impl.RaftServerProxy.submitRequest(RaftServerProxy.java:327)
	at org.apache.ratis.server.impl.RaftServerProxy.submitClientRequestAsync(RaftServerProxy.java:333)
	... 5 more
2019-11-13 21:55:46,108 [Command processor thread] ERROR commandhandler.CloseContainerCommandHandler (CloseContainerCommandHandler.java:handle(127)) - Can't close container #2
java.io.IOException: org.apache.ratis.protocol.GroupMismatchException: e8ced9c7-6cbf-4b34-8707-66e501603ac9: group-DDA8C433CD59 not found.
	at org.apache.hadoop.ozone.container.common.transport.server.ratis.XceiverServerRatis.submitRequest(XceiverServerRatis.java:511)
	at org.apache.hadoop.ozone.container.common.statemachine.commandhandler.CloseContainerCommandHandler.handle(CloseContainerCommandHandler.java:102)
	at org.apache.hadoop.ozone.container.common.statemachine.commandhandler.CommandDispatcher.handle(CommandDispatcher.java:99)
	at org.apache.hadoop.ozone.container.common.statemachine.DatanodeStateMachine.lambda$initCommandHandlerThread$1(DatanodeStateMachine.java:432)
	at java.lang.Thread.run(Thread.java:748)
Caused by: java.util.concurrent.ExecutionException: org.apache.ratis.protocol.GroupMismatchException: e8ced9c7-6cbf-4b34-8707-66e501603ac9: group-DDA8C433CD59 not found.
	at java.util.concurrent.CompletableFuture.reportGet(CompletableFuture.java:357)
	at java.util.concurrent.CompletableFuture.get(CompletableFuture.java:1895)
	at org.apache.hadoop.ozone.container.common.transport.server.ratis.XceiverServerRatis.submitRequest(XceiverServerRatis.java:509)
	... 4 more
Caused by: org.apache.ratis.protocol.GroupMismatchException: e8ced9c7-6cbf-4b34-8707-66e501603ac9: group-DDA8C433CD59 not found.
	at org.apache.ratis.server.impl.RaftServerProxy$ImplMap.get(RaftServerProxy.java:122)
	at org.apache.ratis.server.impl.RaftServerProxy.getImplFuture(RaftServerProxy.java:269)
	at org.apache.ratis.server.impl.RaftServerProxy.submitRequest(RaftServerProxy.java:327)
	at org.apache.ratis.server.impl.RaftServerProxy.submitClientRequestAsync(RaftServerProxy.java:333)
	... 5 more
 0.00% |?                                                                                                    |  0/1 Time: 0:00:052019-11-13 21:55:47,182 [grpc-default-executor-3] INFO  interfaces.Container (KeyValueContainer.java:flushAndSyncDB(400)) - Container 1 is synced with bcsId 60.
2019-11-13 21:55:47,183 [grpc-default-executor-3] INFO  interfaces.Container (KeyValueContainer.java:flushAndSyncDB(400)) - Container 1 is synced with bcsId 60.
 0.00% |?                                                                                                    |  0/1 Time: 0:00:06 0.00% |?                                                                                                    |  0/1 Time: 0:00:072019-11-13 21:55:48,979 [grpc-default-executor-2] INFO  interfaces.Container (KeyValueContainer.java:flushAndSyncDB(400)) - Container 1 is synced with bcsId 60.
2019-11-13 21:55:48,981 [pool-27-thread-1] INFO  storage.RaftStorage (RaftStorage.java:format(84)) - Storage directory /workdir/hadoop-ozone/tools/target/test-dir/MiniOzoneClusterImpl-5b5b1002-d5c5-4197-9165-0cf04028de8e/datanode-0/data/ratis/8bcf85c5-d53d-44cc-814a-1b8eb55a9938 has been successfully formatted.
2019-11-13 21:55:48,981 [pool-47-thread-1] INFO  storage.RaftStorage (RaftStorage.java:format(84)) - Storage directory /workdir/hadoop-ozone/tools/target/test-dir/MiniOzoneClusterImpl-5b5b1002-d5c5-4197-9165-0cf04028de8e/datanode-2/data/ratis/8bcf85c5-d53d-44cc-814a-1b8eb55a9938 has been successfully formatted.
2019-11-13 21:55:48,979 [grpc-default-executor-1] INFO  interfaces.Container (KeyValueContainer.java:flushAndSyncDB(400)) - Container 1 is synced with bcsId 60.
2019-11-13 21:55:48,984 [pool-27-thread-1] INFO  ratis.ContainerStateMachine (ContainerStateMachine.java:loadSnapshot(223)) - group-1B8EB55A9938: The snapshot info is null. Setting the last applied indexto:(t:0, i:~)
2019-11-13 21:55:48,984 [pool-47-thread-1] INFO  ratis.ContainerStateMachine (ContainerStateMachine.java:loadSnapshot(223)) - group-1B8EB55A9938: The snapshot info is null. Setting the last applied indexto:(t:0, i:~)
2019-11-13 21:55:48,983 [grpc-default-executor-2] INFO  interfaces.Container (KeyValueContainer.java:flushAndSyncDB(400)) - Container 1 is synced with bcsId 60.
2019-11-13 21:55:48,985 [pool-27-thread-1] INFO  server.RaftServerConfigKeys (ConfUtils.java:logGet(43)) - raft.server.notification.no-leader.timeout = 120s (custom)
2019-11-13 21:55:48,985 [pool-47-thread-1] INFO  server.RaftServerConfigKeys (ConfUtils.java:logGet(43)) - raft.server.notification.no-leader.timeout = 120s (custom)
2019-11-13 21:55:48,984 [grpc-default-executor-1] INFO  interfaces.Container (KeyValueContainer.java:flushAndSyncDB(400)) - Container 1 is synced with bcsId 60.
2019-11-13 21:55:48,985 [pool-47-thread-1] INFO  server.RaftServerConfigKeys (ConfUtils.java:logGet(43)) - raft.server.log.use.memory = false (default)
2019-11-13 21:55:48,985 [pool-27-thread-1] INFO  server.RaftServerConfigKeys (ConfUtils.java:logGet(43)) - raft.server.log.use.memory = false (default)
2019-11-13 21:55:48,987 [pool-47-thread-1] INFO  server.RaftServerConfigKeys (ConfUtils.java:logGet(43)) - raft.server.log.purge.gap = 1000000 (custom)
2019-11-13 21:55:48,987 [pool-27-thread-1] INFO  server.RaftServerConfigKeys (ConfUtils.java:logGet(43)) - raft.server.log.purge.gap = 1000000 (custom)
2019-11-13 21:55:48,987 [pool-47-thread-1] INFO  server.RaftServerConfigKeys (ConfUtils.java:logGet(43)) - raft.server.log.appender.buffer.byte-limit = 33554432 (custom)
2019-11-13 21:55:48,987 [pool-27-thread-1] INFO  server.RaftServerConfigKeys (ConfUtils.java:logGet(43)) - raft.server.log.appender.buffer.byte-limit = 33554432 (custom)
2019-11-13 21:55:48,987 [pool-47-thread-1] INFO  server.RaftServerConfigKeys (ConfUtils.java:logGet(43)) - raft.server.log.segment.size.max = 1048576 (custom)
2019-11-13 21:55:48,987 [pool-27-thread-1] INFO  server.RaftServerConfigKeys (ConfUtils.java:logGet(43)) - raft.server.log.segment.size.max = 1048576 (custom)
2019-11-13 21:55:48,988 [pool-47-thread-1] INFO  server.RaftServerConfigKeys (ConfUtils.java:logGet(43)) - raft.server.log.segment.cache.num.max = 2 (custom)
2019-11-13 21:55:48,988 [pool-27-thread-1] INFO  server.RaftServerConfigKeys (ConfUtils.java:logGet(43)) - raft.server.log.segment.cache.num.max = 2 (custom)
2019-11-13 21:55:48,988 [pool-47-thread-1] INFO  segmented.SegmentedRaftLogWorker (SegmentedRaftLogWorker.java:<init>(173)) - new d77ba411-c121-4894-aed9-0a060bb3d672@group-1B8EB55A9938-SegmentedRaftLogWorker for RaftStorage:Storage Directory /workdir/hadoop-ozone/tools/target/test-dir/MiniOzoneClusterImpl-5b5b1002-d5c5-4197-9165-0cf04028de8e/datanode-2/data/ratis/8bcf85c5-d53d-44cc-814a-1b8eb55a9938
2019-11-13 21:55:48,988 [pool-27-thread-1] INFO  segmented.SegmentedRaftLogWorker (SegmentedRaftLogWorker.java:<init>(173)) - new f251cb10-a284-4816-bcd9-6a5fca322485@group-1B8EB55A9938-SegmentedRaftLogWorker for RaftStorage:Storage Directory /workdir/hadoop-ozone/tools/target/test-dir/MiniOzoneClusterImpl-5b5b1002-d5c5-4197-9165-0cf04028de8e/datanode-0/data/ratis/8bcf85c5-d53d-44cc-814a-1b8eb55a9938
2019-11-13 21:55:48,988 [pool-47-thread-1] INFO  server.RaftServerConfigKeys (ConfUtils.java:logGet(43)) - raft.server.log.queue.byte-limit = 2147483647 (custom)
2019-11-13 21:55:48,989 [pool-27-thread-1] INFO  server.RaftServerConfigKeys (ConfUtils.java:logGet(43)) - raft.server.log.queue.byte-limit = 2147483647 (custom)
2019-11-13 21:55:48,989 [pool-47-thread-1] INFO  server.RaftServerConfigKeys (ConfUtils.java:logGet(43)) - raft.server.log.queue.element-limit = 1024 (custom)
2019-11-13 21:55:48,989 [pool-27-thread-1] INFO  server.RaftServerConfigKeys (ConfUtils.java:logGet(43)) - raft.server.log.queue.element-limit = 1024 (custom)
2019-11-13 21:55:48,989 [pool-47-thread-1] INFO  server.RaftServerConfigKeys (ConfUtils.java:logGet(43)) - raft.server.log.segment.size.max = 1048576 (custom)
2019-11-13 21:55:48,989 [pool-27-thread-1] INFO  server.RaftServerConfigKeys (ConfUtils.java:logGet(43)) - raft.server.log.segment.size.max = 1048576 (custom)
2019-11-13 21:55:48,989 [pool-47-thread-1] INFO  server.RaftServerConfigKeys (ConfUtils.java:logGet(43)) - raft.server.log.preallocated.size = 16384 (custom)
2019-11-13 21:55:48,990 [pool-27-thread-1] INFO  server.RaftServerConfigKeys (ConfUtils.java:logGet(43)) - raft.server.log.preallocated.size = 16384 (custom)
2019-11-13 21:55:48,990 [pool-47-thread-1] INFO  server.RaftServerConfigKeys (ConfUtils.java:logGet(43)) - raft.server.log.write.buffer.size = 33554432 (custom)
2019-11-13 21:55:48,990 [pool-27-thread-1] INFO  server.RaftServerConfigKeys (ConfUtils.java:logGet(43)) - raft.server.log.write.buffer.size = 33554432 (custom)
2019-11-13 21:55:48,990 [pool-47-thread-1] INFO  server.RaftServerConfigKeys (ConfUtils.java:logGet(43)) - raft.server.log.force.sync.num = 128 (default)
2019-11-13 21:55:48,990 [pool-27-thread-1] INFO  server.RaftServerConfigKeys (ConfUtils.java:logGet(43)) - raft.server.log.force.sync.num = 128 (default)
2019-11-13 21:55:48,990 [pool-47-thread-1] INFO  server.RaftServerConfigKeys (ConfUtils.java:logGet(43)) - raft.server.log.statemachine.data.sync = true (default)
2019-11-13 21:55:48,991 [pool-27-thread-1] INFO  server.RaftServerConfigKeys (ConfUtils.java:logGet(43)) - raft.server.log.statemachine.data.sync = true (default)
2019-11-13 21:55:48,991 [pool-47-thread-1] INFO  server.RaftServerConfigKeys (ConfUtils.java:logGet(43)) - raft.server.log.statemachine.data.sync.timeout = 10s (default)
2019-11-13 21:55:48,991 [pool-27-thread-1] INFO  server.RaftServerConfigKeys (ConfUtils.java:logGet(43)) - raft.server.log.statemachine.data.sync.timeout = 10s (default)
2019-11-13 21:55:48,991 [pool-47-thread-1] INFO  server.RaftServerConfigKeys (ConfUtils.java:logGet(43)) - raft.server.log.statemachine.data.sync.timeout.retry = -1 (default)
2019-11-13 21:55:48,991 [pool-27-thread-1] INFO  server.RaftServerConfigKeys (ConfUtils.java:logGet(43)) - raft.server.log.statemachine.data.sync.timeout.retry = -1 (default)
2019-11-13 21:55:48,992 [pool-27-thread-1] INFO  server.RaftServerConfigKeys (ConfUtils.java:logGet(43)) - raft.server.log.statemachine.data.caching.enabled = true (custom)
2019-11-13 21:55:48,992 [pool-47-thread-1] INFO  server.RaftServerConfigKeys (ConfUtils.java:logGet(43)) - raft.server.log.statemachine.data.caching.enabled = true (custom)
2019-11-13 21:55:48,993 [pool-47-thread-1] INFO  segmented.SegmentedRaftLogWorker (SegmentedRaftLogWorker.java:lambda$new$0(128)) - d77ba411-c121-4894-aed9-0a060bb3d672@group-1B8EB55A9938-SegmentedRaftLogWorker: flushIndex: setUnconditionally 0 -> -1
2019-11-13 21:55:48,993 [pool-27-thread-1] INFO  segmented.SegmentedRaftLogWorker (SegmentedRaftLogWorker.java:lambda$new$0(128)) - f251cb10-a284-4816-bcd9-6a5fca322485@group-1B8EB55A9938-SegmentedRaftLogWorker: flushIndex: setUnconditionally 0 -> -1
2019-11-13 21:55:48,993 [pool-47-thread-1] INFO  server.RaftServerConfigKeys (ConfUtils.java:logGet(43)) - raft.server.snapshot.auto.trigger.enabled = true (custom)
2019-11-13 21:55:48,993 [pool-27-thread-1] INFO  server.RaftServerConfigKeys (ConfUtils.java:logGet(43)) - raft.server.snapshot.auto.trigger.enabled = true (custom)
2019-11-13 21:55:48,995 [pool-47-thread-1] INFO  server.RaftServerConfigKeys (ConfUtils.java:logGet(43)) - raft.server.snapshot.auto.trigger.threshold = 10000 (custom)
2019-11-13 21:55:48,995 [pool-27-thread-1] INFO  server.RaftServerConfigKeys (ConfUtils.java:logGet(43)) - raft.server.snapshot.auto.trigger.threshold = 10000 (custom)
2019-11-13 21:55:48,995 [pool-47-thread-1] INFO  server.RaftServerConfigKeys (ConfUtils.java:logGet(43)) - raft.server.snapshot.retention.file.num = 5 (custom)
2019-11-13 21:55:48,996 [pool-27-thread-1] INFO  server.RaftServerConfigKeys (ConfUtils.java:logGet(43)) - raft.server.snapshot.retention.file.num = 5 (custom)
2019-11-13 21:55:48,996 [pool-47-thread-1] INFO  server.RaftServerConfigKeys (ConfUtils.java:logGet(43)) - raft.server.retrycache.expirytime = 600000ms (custom)
2019-11-13 21:55:48,996 [pool-27-thread-1] INFO  server.RaftServerConfigKeys (ConfUtils.java:logGet(43)) - raft.server.retrycache.expirytime = 600000ms (custom)
2019-11-13 21:55:48,997 [pool-47-thread-1] WARN  impl.MetricRegistriesImpl (MetricRegistriesImpl.java:lambda$create$1(61)) - First MetricRegistry has been created without registering reporters. You may need to call MetricRegistries.global().addReportRegistration(...) before.
2019-11-13 21:55:48,997 [pool-27-thread-1] WARN  impl.MetricRegistriesImpl (MetricRegistriesImpl.java:lambda$create$1(61)) - First MetricRegistry has been created without registering reporters. You may need to call MetricRegistries.global().addReportRegistration(...) before.
2019-11-13 21:55:48,997 [pool-27-thread-1] WARN  impl.MetricRegistriesImpl (MetricRegistriesImpl.java:lambda$create$1(61)) - First MetricRegistry has been created without registering reporters. You may need to call MetricRegistries.global().addReportRegistration(...) before.
2019-11-13 21:55:48,997 [pool-47-thread-1] WARN  impl.MetricRegistriesImpl (MetricRegistriesImpl.java:lambda$create$1(61)) - First MetricRegistry has been created without registering reporters. You may need to call MetricRegistries.global().addReportRegistration(...) before.
2019-11-13 21:55:48,999 [pool-47-thread-1] INFO  impl.RaftServerImpl (RaftServerImpl.java:start(184)) - d77ba411-c121-4894-aed9-0a060bb3d672@group-1B8EB55A9938: start as a follower, conf=-1: [e8ced9c7-6cbf-4b34-8707-66e501603ac9:192.168.34.20:34516, d77ba411-c121-4894-aed9-0a060bb3d672:192.168.34.20:39248, f251cb10-a284-4816-bcd9-6a5fca322485:192.168.34.20:34653], old=null
2019-11-13 21:55:48,999 [pool-27-thread-1] INFO  impl.RaftServerImpl (RaftServerImpl.java:start(184)) - f251cb10-a284-4816-bcd9-6a5fca322485@group-1B8EB55A9938: start as a follower, conf=-1: [e8ced9c7-6cbf-4b34-8707-66e501603ac9:192.168.34.20:34516, d77ba411-c121-4894-aed9-0a060bb3d672:192.168.34.20:39248, f251cb10-a284-4816-bcd9-6a5fca322485:192.168.34.20:34653], old=null
2019-11-13 21:55:48,999 [pool-47-thread-1] INFO  impl.RaftServerImpl (RaftServerImpl.java:setRole(173)) - d77ba411-c121-4894-aed9-0a060bb3d672@group-1B8EB55A9938: changes role from      null to FOLLOWER at term 0 for startAsFollower
2019-11-13 21:55:48,999 [pool-27-thread-1] INFO  impl.RaftServerImpl (RaftServerImpl.java:setRole(173)) - f251cb10-a284-4816-bcd9-6a5fca322485@group-1B8EB55A9938: changes role from      null to FOLLOWER at term 0 for startAsFollower
2019-11-13 21:55:48,999 [pool-47-thread-1] INFO  impl.RoleInfo (RoleInfo.java:updateAndGet(143)) - d77ba411-c121-4894-aed9-0a060bb3d672: start FollowerState
2019-11-13 21:55:49,000 [pool-27-thread-1] INFO  impl.RoleInfo (RoleInfo.java:updateAndGet(143)) - f251cb10-a284-4816-bcd9-6a5fca322485: start FollowerState
2019-11-13 21:55:49,002 [pool-27-thread-1] INFO  util.JmxRegister (JmxRegister.java:tryRegister(44)) - Successfully registered JMX Bean with object name Ratis:service=RaftServer,group=group-1B8EB55A9938,id=f251cb10-a284-4816-bcd9-6a5fca322485
2019-11-13 21:55:49,002 [pool-47-thread-1] INFO  util.JmxRegister (JmxRegister.java:tryRegister(44)) - Successfully registered JMX Bean with object name Ratis:service=RaftServer,group=group-1B8EB55A9938,id=d77ba411-c121-4894-aed9-0a060bb3d672
2019-11-13 21:55:49,002 [pool-27-thread-1] WARN  impl.MetricRegistriesImpl (MetricRegistriesImpl.java:lambda$create$1(61)) - First MetricRegistry has been created without registering reporters. You may need to call MetricRegistries.global().addReportRegistration(...) before.
2019-11-13 21:55:49,002 [pool-47-thread-1] WARN  impl.MetricRegistriesImpl (MetricRegistriesImpl.java:lambda$create$1(61)) - First MetricRegistry has been created without registering reporters. You may need to call MetricRegistries.global().addReportRegistration(...) before.
2019-11-13 21:55:49,014 [grpc-default-executor-4] INFO  impl.RaftServerProxy (RaftServerProxy.java:addNew(89)) - f251cb10-a284-4816-bcd9-6a5fca322485: addNew group-B0084D8EEB4C:[e8ced9c7-6cbf-4b34-8707-66e501603ac9:192.168.34.20:34516, d77ba411-c121-4894-aed9-0a060bb3d672:192.168.34.20:39248, f251cb10-a284-4816-bcd9-6a5fca322485:192.168.34.20:34653] returns group-B0084D8EEB4C:java.util.concurrent.CompletableFuture@5674f26b[Not completed]
2019-11-13 21:55:49,014 [grpc-default-executor-5] INFO  impl.RaftServerProxy (RaftServerProxy.java:addNew(89)) - e8ced9c7-6cbf-4b34-8707-66e501603ac9: addNew group-B0084D8EEB4C:[e8ced9c7-6cbf-4b34-8707-66e501603ac9:192.168.34.20:34516, d77ba411-c121-4894-aed9-0a060bb3d672:192.168.34.20:39248, f251cb10-a284-4816-bcd9-6a5fca322485:192.168.34.20:34653] returns group-B0084D8EEB4C:java.util.concurrent.CompletableFuture@528c7dbc[Not completed]
2019-11-13 21:55:49,014 [grpc-default-executor-6] INFO  impl.RaftServerProxy (RaftServerProxy.java:addNew(89)) - d77ba411-c121-4894-aed9-0a060bb3d672: addNew group-B0084D8EEB4C:[e8ced9c7-6cbf-4b34-8707-66e501603ac9:192.168.34.20:34516, d77ba411-c121-4894-aed9-0a060bb3d672:192.168.34.20:39248, f251cb10-a284-4816-bcd9-6a5fca322485:192.168.34.20:34653] returns group-B0084D8EEB4C:java.util.concurrent.CompletableFuture@dc499b6[Not completed]
2019-11-13 21:55:49,016 [pool-47-thread-1] INFO  impl.RaftServerImpl (RaftServerImpl.java:<init>(98)) - d77ba411-c121-4894-aed9-0a060bb3d672: new RaftServerImpl for group-B0084D8EEB4C:[e8ced9c7-6cbf-4b34-8707-66e501603ac9:192.168.34.20:34516, d77ba411-c121-4894-aed9-0a060bb3d672:192.168.34.20:39248, f251cb10-a284-4816-bcd9-6a5fca322485:192.168.34.20:34653] with ContainerStateMachine:uninitialized
2019-11-13 21:55:49,016 [pool-47-thread-1] INFO  server.RaftServerConfigKeys (ConfUtils.java:logGet(43)) - raft.server.rpc.timeout.min = 5s (custom)
2019-11-13 21:55:49,017 [pool-47-thread-1] INFO  server.RaftServerConfigKeys (ConfUtils.java:logGet(43)) - raft.server.rpc.timeout.max = 5200ms (custom)
2019-11-13 21:55:49,017 [pool-47-thread-1] INFO  server.RaftServerConfigKeys (ConfUtils.java:logGet(43)) - raft.server.rpcslowness.timeout = 120s (custom)
2019-11-13 21:55:49,017 [pool-47-thread-1] INFO  server.RaftServerConfigKeys (ConfUtils.java:logGet(43)) - raft.server.sleep.deviation.threshold = 300 (default)
2019-11-13 21:55:49,017 [pool-47-thread-1] INFO  server.RaftServerConfigKeys (ConfUtils.java:logGet(43)) - raft.server.log.appender.install.snapshot.enabled = false (custom)
2019-11-13 21:55:49,017 [pool-47-thread-1] INFO  impl.RaftServerImpl (ServerState.java:<init>(103)) - d77ba411-c121-4894-aed9-0a060bb3d672@group-B0084D8EEB4C: ConfigurationManager, init=-1: [e8ced9c7-6cbf-4b34-8707-66e501603ac9:192.168.34.20:34516, d77ba411-c121-4894-aed9-0a060bb3d672:192.168.34.20:39248, f251cb10-a284-4816-bcd9-6a5fca322485:192.168.34.20:34653], old=null, confs=<EMPTY_MAP>
2019-11-13 21:55:49,017 [pool-47-thread-1] INFO  server.RaftServerConfigKeys (ConfUtils.java:logGet(43)) - raft.server.storage.dir = [/workdir/hadoop-ozone/tools/target/test-dir/MiniOzoneClusterImpl-5b5b1002-d5c5-4197-9165-0cf04028de8e/datanode-2/data/ratis] (custom)
2019-11-13 21:55:49,017 [pool-27-thread-1] INFO  impl.RaftServerImpl (RaftServerImpl.java:<init>(98)) - f251cb10-a284-4816-bcd9-6a5fca322485: new RaftServerImpl for group-B0084D8EEB4C:[e8ced9c7-6cbf-4b34-8707-66e501603ac9:192.168.34.20:34516, d77ba411-c121-4894-aed9-0a060bb3d672:192.168.34.20:39248, f251cb10-a284-4816-bcd9-6a5fca322485:192.168.34.20:34653] with ContainerStateMachine:uninitialized
2019-11-13 21:55:49,018 [pool-47-thread-1] INFO  server.RaftServerConfigKeys (ConfUtils.java:logGet(43)) - raft.server.log.corruption.policy = EXCEPTION (default)
2019-11-13 21:55:49,018 [pool-27-thread-1] INFO  server.RaftServerConfigKeys (ConfUtils.java:logGet(43)) - raft.server.rpc.timeout.min = 5s (custom)
2019-11-13 21:55:49,018 [pool-47-thread-1] INFO  storage.RaftStorageDirectory (RaftStorageDirectory.java:analyzeStorage(246)) - The storage directory /workdir/hadoop-ozone/tools/target/test-dir/MiniOzoneClusterImpl-5b5b1002-d5c5-4197-9165-0cf04028de8e/datanode-2/data/ratis/ac3684bd-6a95-45e6-a7f1-b0084d8eeb4c does not exist. Creating ...
2019-11-13 21:55:49,018 [pool-27-thread-1] INFO  server.RaftServerConfigKeys (ConfUtils.java:logGet(43)) - raft.server.rpc.timeout.max = 5200ms (custom)
2019-11-13 21:55:49,018 [pool-27-thread-1] INFO  server.RaftServerConfigKeys (ConfUtils.java:logGet(43)) - raft.server.rpcslowness.timeout = 120s (custom)
2019-11-13 21:55:49,018 [pool-27-thread-1] INFO  server.RaftServerConfigKeys (ConfUtils.java:logGet(43)) - raft.server.sleep.deviation.threshold = 300 (default)
2019-11-13 21:55:49,018 [pool-27-thread-1] INFO  server.RaftServerConfigKeys (ConfUtils.java:logGet(43)) - raft.server.log.appender.install.snapshot.enabled = false (custom)
2019-11-13 21:55:49,019 [pool-27-thread-1] INFO  impl.RaftServerImpl (ServerState.java:<init>(103)) - f251cb10-a284-4816-bcd9-6a5fca322485@group-B0084D8EEB4C: ConfigurationManager, init=-1: [e8ced9c7-6cbf-4b34-8707-66e501603ac9:192.168.34.20:34516, d77ba411-c121-4894-aed9-0a060bb3d672:192.168.34.20:39248, f251cb10-a284-4816-bcd9-6a5fca322485:192.168.34.20:34653], old=null, confs=<EMPTY_MAP>
2019-11-13 21:55:49,019 [pool-27-thread-1] INFO  server.RaftServerConfigKeys (ConfUtils.java:logGet(43)) - raft.server.storage.dir = [/workdir/hadoop-ozone/tools/target/test-dir/MiniOzoneClusterImpl-5b5b1002-d5c5-4197-9165-0cf04028de8e/datanode-0/data/ratis] (custom)
2019-11-13 21:55:49,019 [pool-27-thread-1] INFO  server.RaftServerConfigKeys (ConfUtils.java:logGet(43)) - raft.server.log.corruption.policy = EXCEPTION (default)
2019-11-13 21:55:49,020 [pool-27-thread-1] INFO  storage.RaftStorageDirectory (RaftStorageDirectory.java:analyzeStorage(246)) - The storage directory /workdir/hadoop-ozone/tools/target/test-dir/MiniOzoneClusterImpl-5b5b1002-d5c5-4197-9165-0cf04028de8e/datanode-0/data/ratis/ac3684bd-6a95-45e6-a7f1-b0084d8eeb4c does not exist. Creating ...
2019-11-13 21:55:49,326 [pool-37-thread-1] INFO  storage.RaftStorage (RaftStorage.java:format(84)) - Storage directory /workdir/hadoop-ozone/tools/target/test-dir/MiniOzoneClusterImpl-5b5b1002-d5c5-4197-9165-0cf04028de8e/datanode-1/data/ratis/8bcf85c5-d53d-44cc-814a-1b8eb55a9938 has been successfully formatted.
2019-11-13 21:55:49,327 [pool-37-thread-1] INFO  ratis.ContainerStateMachine (ContainerStateMachine.java:loadSnapshot(223)) - group-1B8EB55A9938: The snapshot info is null. Setting the last applied indexto:(t:0, i:~)
2019-11-13 21:55:49,327 [pool-37-thread-1] INFO  server.RaftServerConfigKeys (ConfUtils.java:logGet(43)) - raft.server.notification.no-leader.timeout = 120s (custom)
2019-11-13 21:55:49,327 [pool-37-thread-1] INFO  server.RaftServerConfigKeys (ConfUtils.java:logGet(43)) - raft.server.log.use.memory = false (default)
2019-11-13 21:55:49,327 [pool-37-thread-1] INFO  server.RaftServerConfigKeys (ConfUtils.java:logGet(43)) - raft.server.log.purge.gap = 1000000 (custom)
2019-11-13 21:55:49,327 [pool-37-thread-1] INFO  server.RaftServerConfigKeys (ConfUtils.java:logGet(43)) - raft.server.log.appender.buffer.byte-limit = 33554432 (custom)
2019-11-13 21:55:49,328 [pool-37-thread-1] INFO  server.RaftServerConfigKeys (ConfUtils.java:logGet(43)) - raft.server.log.segment.size.max = 1048576 (custom)
2019-11-13 21:55:49,328 [pool-37-thread-1] INFO  server.RaftServerConfigKeys (ConfUtils.java:logGet(43)) - raft.server.log.segment.cache.num.max = 2 (custom)
2019-11-13 21:55:49,328 [pool-37-thread-1] INFO  segmented.SegmentedRaftLogWorker (SegmentedRaftLogWorker.java:<init>(173)) - new e8ced9c7-6cbf-4b34-8707-66e501603ac9@group-1B8EB55A9938-SegmentedRaftLogWorker for RaftStorage:Storage Directory /workdir/hadoop-ozone/tools/target/test-dir/MiniOzoneClusterImpl-5b5b1002-d5c5-4197-9165-0cf04028de8e/datanode-1/data/ratis/8bcf85c5-d53d-44cc-814a-1b8eb55a9938
2019-11-13 21:55:49,328 [pool-37-thread-1] INFO  server.RaftServerConfigKeys (ConfUtils.java:logGet(43)) - raft.server.log.queue.byte-limit = 2147483647 (custom)
2019-11-13 21:55:49,328 [pool-37-thread-1] INFO  server.RaftServerConfigKeys (ConfUtils.java:logGet(43)) - raft.server.log.queue.element-limit = 1024 (custom)
2019-11-13 21:55:49,328 [pool-37-thread-1] INFO  server.RaftServerConfigKeys (ConfUtils.java:logGet(43)) - raft.server.log.segment.size.max = 1048576 (custom)
2019-11-13 21:55:49,328 [pool-37-thread-1] INFO  server.RaftServerConfigKeys (ConfUtils.java:logGet(43)) - raft.server.log.preallocated.size = 16384 (custom)
2019-11-13 21:55:49,329 [pool-37-thread-1] INFO  server.RaftServerConfigKeys (ConfUtils.java:logGet(43)) - raft.server.log.write.buffer.size = 33554432 (custom)
2019-11-13 21:55:49,329 [pool-37-thread-1] INFO  server.RaftServerConfigKeys (ConfUtils.java:logGet(43)) - raft.server.log.force.sync.num = 128 (default)
2019-11-13 21:55:49,329 [pool-37-thread-1] INFO  server.RaftServerConfigKeys (ConfUtils.java:logGet(43)) - raft.server.log.statemachine.data.sync = true (default)
2019-11-13 21:55:49,329 [pool-37-thread-1] INFO  server.RaftServerConfigKeys (ConfUtils.java:logGet(43)) - raft.server.log.statemachine.data.sync.timeout = 10s (default)
2019-11-13 21:55:49,329 [pool-37-thread-1] INFO  server.RaftServerConfigKeys (ConfUtils.java:logGet(43)) - raft.server.log.statemachine.data.sync.timeout.retry = -1 (default)
2019-11-13 21:55:49,331 [pool-37-thread-1] INFO  server.RaftServerConfigKeys (ConfUtils.java:logGet(43)) - raft.server.log.statemachine.data.caching.enabled = true (custom)
2019-11-13 21:55:49,331 [pool-37-thread-1] INFO  segmented.SegmentedRaftLogWorker (SegmentedRaftLogWorker.java:lambda$new$0(128)) - e8ced9c7-6cbf-4b34-8707-66e501603ac9@group-1B8EB55A9938-SegmentedRaftLogWorker: flushIndex: setUnconditionally 0 -> -1
2019-11-13 21:55:49,332 [pool-37-thread-1] INFO  server.RaftServerConfigKeys (ConfUtils.java:logGet(43)) - raft.server.snapshot.auto.trigger.enabled = true (custom)
2019-11-13 21:55:49,332 [EventQueue-IncrementalContainerReportForIncrementalContainerReportHandler] INFO  container.IncrementalContainerReportHandler (AbstractContainerReportHandler.java:updateContainerState(171)) - Moving container #1 to QUASI_CLOSED state, datanode d77ba411-c121-4894-aed9-0a060bb3d672{ip: 192.168.34.20, host: pr-hdds-2470-fxbl9-3826649461, networkLocation: /default-rack, certSerialId: null} reported QUASI_CLOSED replica.
2019-11-13 21:55:49,332 [pool-37-thread-1] INFO  server.RaftServerConfigKeys (ConfUtils.java:logGet(43)) - raft.server.snapshot.auto.trigger.threshold = 10000 (custom)
2019-11-13 21:55:49,332 [pool-37-thread-1] INFO  server.RaftServerConfigKeys (ConfUtils.java:logGet(43)) - raft.server.snapshot.retention.file.num = 5 (custom)
2019-11-13 21:55:49,332 [pool-37-thread-1] INFO  server.RaftServerConfigKeys (ConfUtils.java:logGet(43)) - raft.server.retrycache.expirytime = 600000ms (custom)
2019-11-13 21:55:49,332 [pool-37-thread-1] WARN  impl.MetricRegistriesImpl (MetricRegistriesImpl.java:lambda$create$1(61)) - First MetricRegistry has been created without registering reporters. You may need to call MetricRegistries.global().addReportRegistration(...) before.
2019-11-13 21:55:49,333 [pool-37-thread-1] WARN  impl.MetricRegistriesImpl (MetricRegistriesImpl.java:lambda$create$1(61)) - First MetricRegistry has been created without registering reporters. You may need to call MetricRegistries.global().addReportRegistration(...) before.
2019-11-13 21:55:49,335 [pool-37-thread-1] INFO  impl.RaftServerImpl (RaftServerImpl.java:<init>(98)) - e8ced9c7-6cbf-4b34-8707-66e501603ac9: new RaftServerImpl for group-B0084D8EEB4C:[e8ced9c7-6cbf-4b34-8707-66e501603ac9:192.168.34.20:34516, d77ba411-c121-4894-aed9-0a060bb3d672:192.168.34.20:39248, f251cb10-a284-4816-bcd9-6a5fca322485:192.168.34.20:34653] with ContainerStateMachine:uninitialized
2019-11-13 21:55:49,335 [pool-37-thread-1] INFO  server.RaftServerConfigKeys (ConfUtils.java:logGet(43)) - raft.server.rpc.timeout.min = 5s (custom)
2019-11-13 21:55:49,335 [pool-37-thread-1] INFO  server.RaftServerConfigKeys (ConfUtils.java:logGet(43)) - raft.server.rpc.timeout.max = 5200ms (custom)
2019-11-13 21:55:49,335 [pool-37-thread-1] INFO  server.RaftServerConfigKeys (ConfUtils.java:logGet(43)) - raft.server.rpcslowness.timeout = 120s (custom)
2019-11-13 21:55:49,335 [pool-37-thread-1] INFO  server.RaftServerConfigKeys (ConfUtils.java:logGet(43)) - raft.server.sleep.deviation.threshold = 300 (default)
2019-11-13 21:55:49,335 [pool-37-thread-1] INFO  server.RaftServerConfigKeys (ConfUtils.java:logGet(43)) - raft.server.log.appender.install.snapshot.enabled = false (custom)
2019-11-13 21:55:49,335 [pool-37-thread-1] INFO  impl.RaftServerImpl (ServerState.java:<init>(103)) - e8ced9c7-6cbf-4b34-8707-66e501603ac9@group-B0084D8EEB4C: ConfigurationManager, init=-1: [e8ced9c7-6cbf-4b34-8707-66e501603ac9:192.168.34.20:34516, d77ba411-c121-4894-aed9-0a060bb3d672:192.168.34.20:39248, f251cb10-a284-4816-bcd9-6a5fca322485:192.168.34.20:34653], old=null, confs=<EMPTY_MAP>
2019-11-13 21:55:49,335 [pool-37-thread-1] INFO  server.RaftServerConfigKeys (ConfUtils.java:logGet(43)) - raft.server.storage.dir = [/workdir/hadoop-ozone/tools/target/test-dir/MiniOzoneClusterImpl-5b5b1002-d5c5-4197-9165-0cf04028de8e/datanode-1/data/ratis] (custom)
2019-11-13 21:55:49,336 [pool-37-thread-1] INFO  server.RaftServerConfigKeys (ConfUtils.java:logGet(43)) - raft.server.log.corruption.policy = EXCEPTION (default)
2019-11-13 21:55:49,336 [pool-37-thread-1] INFO  storage.RaftStorageDirectory (RaftStorageDirectory.java:analyzeStorage(246)) - The storage directory /workdir/hadoop-ozone/tools/target/test-dir/MiniOzoneClusterImpl-5b5b1002-d5c5-4197-9165-0cf04028de8e/datanode-1/data/ratis/ac3684bd-6a95-45e6-a7f1-b0084d8eeb4c does not exist. Creating ...
 0.00% |?                                                                                                    |  0/1 Time: 0:00:082019-11-13 21:55:49,561 [pool-47-thread-1] INFO  storage.RaftStorageDirectory (RaftStorageDirectory.java:tryLock(328)) - Lock on /workdir/hadoop-ozone/tools/target/test-dir/MiniOzoneClusterImpl-5b5b1002-d5c5-4197-9165-0cf04028de8e/datanode-2/data/ratis/ac3684bd-6a95-45e6-a7f1-b0084d8eeb4c/in_use.lock acquired by nodename 30694@pr-hdds-2470-fxbl9-3826649461
2019-11-13 21:55:49,561 [pool-37-thread-1] INFO  storage.RaftStorageDirectory (RaftStorageDirectory.java:tryLock(328)) - Lock on /workdir/hadoop-ozone/tools/target/test-dir/MiniOzoneClusterImpl-5b5b1002-d5c5-4197-9165-0cf04028de8e/datanode-1/data/ratis/ac3684bd-6a95-45e6-a7f1-b0084d8eeb4c/in_use.lock acquired by nodename 30694@pr-hdds-2470-fxbl9-3826649461
2019-11-13 21:55:49,561 [pool-27-thread-1] INFO  storage.RaftStorageDirectory (RaftStorageDirectory.java:tryLock(328)) - Lock on /workdir/hadoop-ozone/tools/target/test-dir/MiniOzoneClusterImpl-5b5b1002-d5c5-4197-9165-0cf04028de8e/datanode-0/data/ratis/ac3684bd-6a95-45e6-a7f1-b0084d8eeb4c/in_use.lock acquired by nodename 30694@pr-hdds-2470-fxbl9-3826649461
2019-11-13 21:55:49,580 [grpc-default-executor-2] INFO  interfaces.Container (KeyValueContainer.java:flushAndSyncDB(400)) - Container 2 is synced with bcsId 76.
2019-11-13 21:55:49,581 [grpc-default-executor-2] INFO  interfaces.Container (KeyValueContainer.java:flushAndSyncDB(400)) - Container 2 is synced with bcsId 76.
2019-11-13 21:55:49,583 [grpc-default-executor-1] INFO  interfaces.Container (KeyValueContainer.java:flushAndSyncDB(400)) - Container 2 is synced with bcsId 76.
2019-11-13 21:55:49,583 [pool-47-thread-1] INFO  storage.RaftStorage (RaftStorage.java:format(84)) - Storage directory /workdir/hadoop-ozone/tools/target/test-dir/MiniOzoneClusterImpl-5b5b1002-d5c5-4197-9165-0cf04028de8e/datanode-2/data/ratis/ac3684bd-6a95-45e6-a7f1-b0084d8eeb4c has been successfully formatted.
2019-11-13 21:55:49,583 [pool-37-thread-1] INFO  storage.RaftStorage (RaftStorage.java:format(84)) - Storage directory /workdir/hadoop-ozone/tools/target/test-dir/MiniOzoneClusterImpl-5b5b1002-d5c5-4197-9165-0cf04028de8e/datanode-1/data/ratis/ac3684bd-6a95-45e6-a7f1-b0084d8eeb4c has been successfully formatted.
2019-11-13 21:55:49,583 [pool-27-thread-1] INFO  storage.RaftStorage (RaftStorage.java:format(84)) - Storage directory /workdir/hadoop-ozone/tools/target/test-dir/MiniOzoneClusterImpl-5b5b1002-d5c5-4197-9165-0cf04028de8e/datanode-0/data/ratis/ac3684bd-6a95-45e6-a7f1-b0084d8eeb4c has been successfully formatted.
2019-11-13 21:55:49,583 [grpc-default-executor-3] INFO  interfaces.Container (KeyValueContainer.java:flushAndSyncDB(400)) - Container 3 is synced with bcsId 42.
2019-11-13 21:55:49,584 [pool-37-thread-1] INFO  ratis.ContainerStateMachine (ContainerStateMachine.java:loadSnapshot(223)) - group-B0084D8EEB4C: The snapshot info is null. Setting the last applied indexto:(t:0, i:~)
2019-11-13 21:55:49,584 [pool-27-thread-1] INFO  ratis.ContainerStateMachine (ContainerStateMachine.java:loadSnapshot(223)) - group-B0084D8EEB4C: The snapshot info is null. Setting the last applied indexto:(t:0, i:~)
2019-11-13 21:55:49,584 [pool-37-thread-1] INFO  server.RaftServerConfigKeys (ConfUtils.java:logGet(43)) - raft.server.notification.no-leader.timeout = 120s (custom)
2019-11-13 21:55:49,583 [pool-47-thread-1] INFO  ratis.ContainerStateMachine (ContainerStateMachine.java:loadSnapshot(223)) - group-B0084D8EEB4C: The snapshot info is null. Setting the last applied indexto:(t:0, i:~)
2019-11-13 21:55:49,583 [grpc-default-executor-1] INFO  interfaces.Container (KeyValueContainer.java:flushAndSyncDB(400)) - Container 2 is synced with bcsId 76.
2019-11-13 21:55:49,584 [pool-47-thread-1] INFO  server.RaftServerConfigKeys (ConfUtils.java:logGet(43)) - raft.server.notification.no-leader.timeout = 120s (custom)
2019-11-13 21:55:49,584 [pool-37-thread-1] INFO  server.RaftServerConfigKeys (ConfUtils.java:logGet(43)) - raft.server.log.use.memory = false (default)
2019-11-13 21:55:49,584 [pool-27-thread-1] INFO  server.RaftServerConfigKeys (ConfUtils.java:logGet(43)) - raft.server.notification.no-leader.timeout = 120s (custom)
2019-11-13 21:55:49,584 [grpc-default-executor-3] INFO  interfaces.Container (KeyValueContainer.java:flushAndSyncDB(400)) - Container 3 is synced with bcsId 42.
2019-11-13 21:55:49,585 [pool-27-thread-1] INFO  server.RaftServerConfigKeys (ConfUtils.java:logGet(43)) - raft.server.log.use.memory = false (default)
2019-11-13 21:55:49,585 [pool-37-thread-1] INFO  server.RaftServerConfigKeys (ConfUtils.java:logGet(43)) - raft.server.log.purge.gap = 1000000 (custom)
2019-11-13 21:55:49,584 [pool-47-thread-1] INFO  server.RaftServerConfigKeys (ConfUtils.java:logGet(43)) - raft.server.log.use.memory = false (default)
2019-11-13 21:55:49,585 [pool-37-thread-1] INFO  server.RaftServerConfigKeys (ConfUtils.java:logGet(43)) - raft.server.log.appender.buffer.byte-limit = 33554432 (custom)
2019-11-13 21:55:49,585 [pool-27-thread-1] INFO  server.RaftServerConfigKeys (ConfUtils.java:logGet(43)) - raft.server.log.purge.gap = 1000000 (custom)
2019-11-13 21:55:49,585 [pool-37-thread-1] INFO  server.RaftServerConfigKeys (ConfUtils.java:logGet(43)) - raft.server.log.segment.size.max = 1048576 (custom)
2019-11-13 21:55:49,585 [pool-47-thread-1] INFO  server.RaftServerConfigKeys (ConfUtils.java:logGet(43)) - raft.server.log.purge.gap = 1000000 (custom)
2019-11-13 21:55:49,586 [pool-37-thread-1] INFO  server.RaftServerConfigKeys (ConfUtils.java:logGet(43)) - raft.server.log.segment.cache.num.max = 2 (custom)
2019-11-13 21:55:49,586 [pool-27-thread-1] INFO  server.RaftServerConfigKeys (ConfUtils.java:logGet(43)) - raft.server.log.appender.buffer.byte-limit = 33554432 (custom)
2019-11-13 21:55:49,586 [pool-37-thread-1] INFO  segmented.SegmentedRaftLogWorker (SegmentedRaftLogWorker.java:<init>(173)) - new e8ced9c7-6cbf-4b34-8707-66e501603ac9@group-B0084D8EEB4C-SegmentedRaftLogWorker for RaftStorage:Storage Directory /workdir/hadoop-ozone/tools/target/test-dir/MiniOzoneClusterImpl-5b5b1002-d5c5-4197-9165-0cf04028de8e/datanode-1/data/ratis/ac3684bd-6a95-45e6-a7f1-b0084d8eeb4c
2019-11-13 21:55:49,586 [pool-47-thread-1] INFO  server.RaftServerConfigKeys (ConfUtils.java:logGet(43)) - raft.server.log.appender.buffer.byte-limit = 33554432 (custom)
2019-11-13 21:55:49,586 [pool-37-thread-1] INFO  server.RaftServerConfigKeys (ConfUtils.java:logGet(43)) - raft.server.log.queue.byte-limit = 2147483647 (custom)
2019-11-13 21:55:49,586 [pool-27-thread-1] INFO  server.RaftServerConfigKeys (ConfUtils.java:logGet(43)) - raft.server.log.segment.size.max = 1048576 (custom)
2019-11-13 21:55:49,586 [pool-37-thread-1] INFO  server.RaftServerConfigKeys (ConfUtils.java:logGet(43)) - raft.server.log.queue.element-limit = 1024 (custom)
2019-11-13 21:55:49,586 [pool-47-thread-1] INFO  server.RaftServerConfigKeys (ConfUtils.java:logGet(43)) - raft.server.log.segment.size.max = 1048576 (custom)
2019-11-13 21:55:49,587 [pool-37-thread-1] INFO  server.RaftServerConfigKeys (ConfUtils.java:logGet(43)) - raft.server.log.segment.size.max = 1048576 (custom)
2019-11-13 21:55:49,587 [pool-27-thread-1] INFO  server.RaftServerConfigKeys (ConfUtils.java:logGet(43)) - raft.server.log.segment.cache.num.max = 2 (custom)
2019-11-13 21:55:49,587 [pool-37-thread-1] INFO  server.RaftServerConfigKeys (ConfUtils.java:logGet(43)) - raft.server.log.preallocated.size = 16384 (custom)
2019-11-13 21:55:49,587 [pool-47-thread-1] INFO  server.RaftServerConfigKeys (ConfUtils.java:logGet(43)) - raft.server.log.segment.cache.num.max = 2 (custom)
2019-11-13 21:55:49,587 [pool-37-thread-1] INFO  server.RaftServerConfigKeys (ConfUtils.java:logGet(43)) - raft.server.log.write.buffer.size = 33554432 (custom)
2019-11-13 21:55:49,587 [pool-27-thread-1] INFO  segmented.SegmentedRaftLogWorker (SegmentedRaftLogWorker.java:<init>(173)) - new f251cb10-a284-4816-bcd9-6a5fca322485@group-B0084D8EEB4C-SegmentedRaftLogWorker for RaftStorage:Storage Directory /workdir/hadoop-ozone/tools/target/test-dir/MiniOzoneClusterImpl-5b5b1002-d5c5-4197-9165-0cf04028de8e/datanode-0/data/ratis/ac3684bd-6a95-45e6-a7f1-b0084d8eeb4c
2019-11-13 21:55:49,587 [pool-37-thread-1] INFO  server.RaftServerConfigKeys (ConfUtils.java:logGet(43)) - raft.server.log.force.sync.num = 128 (default)
2019-11-13 21:55:49,587 [pool-47-thread-1] INFO  segmented.SegmentedRaftLogWorker (SegmentedRaftLogWorker.java:<init>(173)) - new d77ba411-c121-4894-aed9-0a060bb3d672@group-B0084D8EEB4C-SegmentedRaftLogWorker for RaftStorage:Storage Directory /workdir/hadoop-ozone/tools/target/test-dir/MiniOzoneClusterImpl-5b5b1002-d5c5-4197-9165-0cf04028de8e/datanode-2/data/ratis/ac3684bd-6a95-45e6-a7f1-b0084d8eeb4c
2019-11-13 21:55:49,588 [pool-37-thread-1] INFO  server.RaftServerConfigKeys (ConfUtils.java:logGet(43)) - raft.server.log.statemachine.data.sync = true (default)
2019-11-13 21:55:49,587 [pool-27-thread-1] INFO  server.RaftServerConfigKeys (ConfUtils.java:logGet(43)) - raft.server.log.queue.byte-limit = 2147483647 (custom)
2019-11-13 21:55:49,588 [pool-37-thread-1] INFO  server.RaftServerConfigKeys (ConfUtils.java:logGet(43)) - raft.server.log.statemachine.data.sync.timeout = 10s (default)
2019-11-13 21:55:49,588 [pool-47-thread-1] INFO  server.RaftServerConfigKeys (ConfUtils.java:logGet(43)) - raft.server.log.queue.byte-limit = 2147483647 (custom)
2019-11-13 21:55:49,588 [pool-37-thread-1] INFO  server.RaftServerConfigKeys (ConfUtils.java:logGet(43)) - raft.server.log.statemachine.data.sync.timeout.retry = -1 (default)
2019-11-13 21:55:49,588 [pool-27-thread-1] INFO  server.RaftServerConfigKeys (ConfUtils.java:logGet(43)) - raft.server.log.queue.element-limit = 1024 (custom)
2019-11-13 21:55:49,588 [pool-37-thread-1] INFO  server.RaftServerConfigKeys (ConfUtils.java:logGet(43)) - raft.server.log.statemachine.data.caching.enabled = true (custom)
2019-11-13 21:55:49,588 [pool-47-thread-1] INFO  server.RaftServerConfigKeys (ConfUtils.java:logGet(43)) - raft.server.log.queue.element-limit = 1024 (custom)
2019-11-13 21:55:49,588 [pool-27-thread-1] INFO  server.RaftServerConfigKeys (ConfUtils.java:logGet(43)) - raft.server.log.segment.size.max = 1048576 (custom)
2019-11-13 21:55:49,589 [pool-37-thread-1] INFO  segmented.SegmentedRaftLogWorker (SegmentedRaftLogWorker.java:lambda$new$0(128)) - e8ced9c7-6cbf-4b34-8707-66e501603ac9@group-B0084D8EEB4C-SegmentedRaftLogWorker: flushIndex: setUnconditionally 0 -> -1
2019-11-13 21:55:49,589 [pool-47-thread-1] INFO  server.RaftServerConfigKeys (ConfUtils.java:logGet(43)) - raft.server.log.segment.size.max = 1048576 (custom)
2019-11-13 21:55:49,589 [pool-27-thread-1] INFO  server.RaftServerConfigKeys (ConfUtils.java:logGet(43)) - raft.server.log.preallocated.size = 16384 (custom)
2019-11-13 21:55:49,589 [pool-37-thread-1] INFO  server.RaftServerConfigKeys (ConfUtils.java:logGet(43)) - raft.server.snapshot.auto.trigger.enabled = true (custom)
2019-11-13 21:55:49,589 [pool-47-thread-1] INFO  server.RaftServerConfigKeys (ConfUtils.java:logGet(43)) - raft.server.log.preallocated.size = 16384 (custom)
2019-11-13 21:55:49,589 [pool-37-thread-1] INFO  server.RaftServerConfigKeys (ConfUtils.java:logGet(43)) - raft.server.snapshot.auto.trigger.threshold = 10000 (custom)
2019-11-13 21:55:49,589 [pool-27-thread-1] INFO  server.RaftServerConfigKeys (ConfUtils.java:logGet(43)) - raft.server.log.write.buffer.size = 33554432 (custom)
2019-11-13 21:55:49,589 [pool-37-thread-1] INFO  server.RaftServerConfigKeys (ConfUtils.java:logGet(43)) - raft.server.snapshot.retention.file.num = 5 (custom)
2019-11-13 21:55:49,589 [pool-47-thread-1] INFO  server.RaftServerConfigKeys (ConfUtils.java:logGet(43)) - raft.server.log.write.buffer.size = 33554432 (custom)
2019-11-13 21:55:49,590 [pool-37-thread-1] INFO  server.RaftServerConfigKeys (ConfUtils.java:logGet(43)) - raft.server.retrycache.expirytime = 600000ms (custom)
2019-11-13 21:55:49,589 [pool-27-thread-1] INFO  server.RaftServerConfigKeys (ConfUtils.java:logGet(43)) - raft.server.log.force.sync.num = 128 (default)
2019-11-13 21:55:49,590 [pool-37-thread-1] WARN  impl.MetricRegistriesImpl (MetricRegistriesImpl.java:lambda$create$1(61)) - First MetricRegistry has been created without registering reporters. You may need to call MetricRegistries.global().addReportRegistration(...) before.
2019-11-13 21:55:49,590 [pool-47-thread-1] INFO  server.RaftServerConfigKeys (ConfUtils.java:logGet(43)) - raft.server.log.force.sync.num = 128 (default)
2019-11-13 21:55:49,590 [pool-37-thread-1] WARN  impl.MetricRegistriesImpl (MetricRegistriesImpl.java:lambda$create$1(61)) - First MetricRegistry has been created without registering reporters. You may need to call MetricRegistries.global().addReportRegistration(...) before.
2019-11-13 21:55:49,590 [pool-27-thread-1] INFO  server.RaftServerConfigKeys (ConfUtils.java:logGet(43)) - raft.server.log.statemachine.data.sync = true (default)
2019-11-13 21:55:49,590 [pool-37-thread-1] INFO  impl.RaftServerImpl (RaftServerImpl.java:start(184)) - e8ced9c7-6cbf-4b34-8707-66e501603ac9@group-1B8EB55A9938: start as a follower, conf=-1: [e8ced9c7-6cbf-4b34-8707-66e501603ac9:192.168.34.20:34516, d77ba411-c121-4894-aed9-0a060bb3d672:192.168.34.20:39248, f251cb10-a284-4816-bcd9-6a5fca322485:192.168.34.20:34653], old=null
2019-11-13 21:55:49,590 [pool-47-thread-1] INFO  server.RaftServerConfigKeys (ConfUtils.java:logGet(43)) - raft.server.log.statemachine.data.sync = true (default)
2019-11-13 21:55:49,590 [pool-37-thread-1] INFO  impl.RaftServerImpl (RaftServerImpl.java:setRole(173)) - e8ced9c7-6cbf-4b34-8707-66e501603ac9@group-1B8EB55A9938: changes role from      null to FOLLOWER at term 0 for startAsFollower
2019-11-13 21:55:49,590 [pool-27-thread-1] INFO  server.RaftServerConfigKeys (ConfUtils.java:logGet(43)) - raft.server.log.statemachine.data.sync.timeout = 10s (default)
2019-11-13 21:55:49,591 [pool-37-thread-1] INFO  impl.RoleInfo (RoleInfo.java:updateAndGet(143)) - e8ced9c7-6cbf-4b34-8707-66e501603ac9: start FollowerState
2019-11-13 21:55:49,590 [pool-47-thread-1] INFO  server.RaftServerConfigKeys (ConfUtils.java:logGet(43)) - raft.server.log.statemachine.data.sync.timeout = 10s (default)
2019-11-13 21:55:49,591 [pool-27-thread-1] INFO  server.RaftServerConfigKeys (ConfUtils.java:logGet(43)) - raft.server.log.statemachine.data.sync.timeout.retry = -1 (default)
2019-11-13 21:55:49,591 [pool-47-thread-1] INFO  server.RaftServerConfigKeys (ConfUtils.java:logGet(43)) - raft.server.log.statemachine.data.sync.timeout.retry = -1 (default)
2019-11-13 21:55:49,591 [pool-37-thread-1] INFO  util.JmxRegister (JmxRegister.java:tryRegister(44)) - Successfully registered JMX Bean with object name Ratis:service=RaftServer,group=group-1B8EB55A9938,id=e8ced9c7-6cbf-4b34-8707-66e501603ac9
2019-11-13 21:55:49,591 [pool-47-thread-1] INFO  server.RaftServerConfigKeys (ConfUtils.java:logGet(43)) - raft.server.log.statemachine.data.caching.enabled = true (custom)
2019-11-13 21:55:49,591 [pool-27-thread-1] INFO  server.RaftServerConfigKeys (ConfUtils.java:logGet(43)) - raft.server.log.statemachine.data.caching.enabled = true (custom)
2019-11-13 21:55:49,591 [pool-37-thread-1] WARN  impl.MetricRegistriesImpl (MetricRegistriesImpl.java:lambda$create$1(61)) - First MetricRegistry has been created without registering reporters. You may need to call MetricRegistries.global().addReportRegistration(...) before.
2019-11-13 21:55:49,591 [pool-47-thread-1] INFO  segmented.SegmentedRaftLogWorker (SegmentedRaftLogWorker.java:lambda$new$0(128)) - d77ba411-c121-4894-aed9-0a060bb3d672@group-B0084D8EEB4C-SegmentedRaftLogWorker: flushIndex: setUnconditionally 0 -> -1
2019-11-13 21:55:49,592 [pool-27-thread-1] INFO  segmented.SegmentedRaftLogWorker (SegmentedRaftLogWorker.java:lambda$new$0(128)) - f251cb10-a284-4816-bcd9-6a5fca322485@group-B0084D8EEB4C-SegmentedRaftLogWorker: flushIndex: setUnconditionally 0 -> -1
2019-11-13 21:55:49,592 [pool-47-thread-1] INFO  server.RaftServerConfigKeys (ConfUtils.java:logGet(43)) - raft.server.snapshot.auto.trigger.enabled = true (custom)
2019-11-13 21:55:49,592 [pool-27-thread-1] INFO  server.RaftServerConfigKeys (ConfUtils.java:logGet(43)) - raft.server.snapshot.auto.trigger.enabled = true (custom)
2019-11-13 21:55:49,592 [pool-47-thread-1] INFO  server.RaftServerConfigKeys (ConfUtils.java:logGet(43)) - raft.server.snapshot.auto.trigger.threshold = 10000 (custom)
2019-11-13 21:55:49,592 [pool-37-thread-1] INFO  impl.RaftServerImpl (RaftServerImpl.java:start(184)) - e8ced9c7-6cbf-4b34-8707-66e501603ac9@group-B0084D8EEB4C: start as a follower, conf=-1: [e8ced9c7-6cbf-4b34-8707-66e501603ac9:192.168.34.20:34516, d77ba411-c121-4894-aed9-0a060bb3d672:192.168.34.20:39248, f251cb10-a284-4816-bcd9-6a5fca322485:192.168.34.20:34653], old=null
2019-11-13 21:55:49,592 [pool-27-thread-1] INFO  server.RaftServerConfigKeys (ConfUtils.java:logGet(43)) - raft.server.snapshot.auto.trigger.threshold = 10000 (custom)
2019-11-13 21:55:49,592 [pool-37-thread-1] INFO  impl.RaftServerImpl (RaftServerImpl.java:setRole(173)) - e8ced9c7-6cbf-4b34-8707-66e501603ac9@group-B0084D8EEB4C: changes role from      null to FOLLOWER at term 0 for startAsFollower
2019-11-13 21:55:49,592 [pool-47-thread-1] INFO  server.RaftServerConfigKeys (ConfUtils.java:logGet(43)) - raft.server.snapshot.retention.file.num = 5 (custom)
2019-11-13 21:55:49,593 [pool-37-thread-1] INFO  impl.RoleInfo (RoleInfo.java:updateAndGet(143)) - e8ced9c7-6cbf-4b34-8707-66e501603ac9: start FollowerState
2019-11-13 21:55:49,592 [pool-27-thread-1] INFO  server.RaftServerConfigKeys (ConfUtils.java:logGet(43)) - raft.server.snapshot.retention.file.num = 5 (custom)
2019-11-13 21:55:49,593 [pool-47-thread-1] INFO  server.RaftServerConfigKeys (ConfUtils.java:logGet(43)) - raft.server.retrycache.expirytime = 600000ms (custom)
2019-11-13 21:55:49,593 [pool-37-thread-1] INFO  util.JmxRegister (JmxRegister.java:tryRegister(44)) - Successfully registered JMX Bean with object name Ratis:service=RaftServer,group=group-B0084D8EEB4C,id=e8ced9c7-6cbf-4b34-8707-66e501603ac9
2019-11-13 21:55:49,593 [pool-47-thread-1] WARN  impl.MetricRegistriesImpl (MetricRegistriesImpl.java:lambda$create$1(61)) - First MetricRegistry has been created without registering reporters. You may need to call MetricRegistries.global().addReportRegistration(...) before.
2019-11-13 21:55:49,593 [pool-27-thread-1] INFO  server.RaftServerConfigKeys (ConfUtils.java:logGet(43)) - raft.server.retrycache.expirytime = 600000ms (custom)
2019-11-13 21:55:49,593 [pool-47-thread-1] WARN  impl.MetricRegistriesImpl (MetricRegistriesImpl.java:lambda$create$1(61)) - First MetricRegistry has been created without registering reporters. You may need to call MetricRegistries.global().addReportRegistration(...) before.
2019-11-13 21:55:49,593 [pool-37-thread-1] WARN  impl.MetricRegistriesImpl (MetricRegistriesImpl.java:lambda$create$1(61)) - First MetricRegistry has been created without registering reporters. You may need to call MetricRegistries.global().addReportRegistration(...) before.
2019-11-13 21:55:49,594 [pool-47-thread-1] INFO  impl.RaftServerImpl (RaftServerImpl.java:start(184)) - d77ba411-c121-4894-aed9-0a060bb3d672@group-B0084D8EEB4C: start as a follower, conf=-1: [e8ced9c7-6cbf-4b34-8707-66e501603ac9:192.168.34.20:34516, d77ba411-c121-4894-aed9-0a060bb3d672:192.168.34.20:39248, f251cb10-a284-4816-bcd9-6a5fca322485:192.168.34.20:34653], old=null
2019-11-13 21:55:49,593 [pool-27-thread-1] WARN  impl.MetricRegistriesImpl (MetricRegistriesImpl.java:lambda$create$1(61)) - First MetricRegistry has been created without registering reporters. You may need to call MetricRegistries.global().addReportRegistration(...) before.
2019-11-13 21:55:49,594 [pool-47-thread-1] INFO  impl.RaftServerImpl (RaftServerImpl.java:setRole(173)) - d77ba411-c121-4894-aed9-0a060bb3d672@group-B0084D8EEB4C: changes role from      null to FOLLOWER at term 0 for startAsFollower
2019-11-13 21:55:49,594 [pool-27-thread-1] WARN  impl.MetricRegistriesImpl (MetricRegistriesImpl.java:lambda$create$1(61)) - First MetricRegistry has been created without registering reporters. You may need to call MetricRegistries.global().addReportRegistration(...) before.
2019-11-13 21:55:49,594 [pool-47-thread-1] INFO  impl.RoleInfo (RoleInfo.java:updateAndGet(143)) - d77ba411-c121-4894-aed9-0a060bb3d672: start FollowerState
2019-11-13 21:55:49,594 [pool-27-thread-1] INFO  impl.RaftServerImpl (RaftServerImpl.java:start(184)) - f251cb10-a284-4816-bcd9-6a5fca322485@group-B0084D8EEB4C: start as a follower, conf=-1: [e8ced9c7-6cbf-4b34-8707-66e501603ac9:192.168.34.20:34516, d77ba411-c121-4894-aed9-0a060bb3d672:192.168.34.20:39248, f251cb10-a284-4816-bcd9-6a5fca322485:192.168.34.20:34653], old=null
2019-11-13 21:55:49,594 [pool-27-thread-1] INFO  impl.RaftServerImpl (RaftServerImpl.java:setRole(173)) - f251cb10-a284-4816-bcd9-6a5fca322485@group-B0084D8EEB4C: changes role from      null to FOLLOWER at term 0 for startAsFollower
2019-11-13 21:55:49,595 [pool-27-thread-1] INFO  impl.RoleInfo (RoleInfo.java:updateAndGet(143)) - f251cb10-a284-4816-bcd9-6a5fca322485: start FollowerState
2019-11-13 21:55:49,595 [pool-47-thread-1] INFO  util.JmxRegister (JmxRegister.java:tryRegister(44)) - Successfully registered JMX Bean with object name Ratis:service=RaftServer,group=group-B0084D8EEB4C,id=d77ba411-c121-4894-aed9-0a060bb3d672
2019-11-13 21:55:49,595 [pool-47-thread-1] WARN  impl.MetricRegistriesImpl (MetricRegistriesImpl.java:lambda$create$1(61)) - First MetricRegistry has been created without registering reporters. You may need to call MetricRegistries.global().addReportRegistration(...) before.
2019-11-13 21:55:49,595 [pool-27-thread-1] INFO  util.JmxRegister (JmxRegister.java:tryRegister(44)) - Successfully registered JMX Bean with object name Ratis:service=RaftServer,group=group-B0084D8EEB4C,id=f251cb10-a284-4816-bcd9-6a5fca322485
2019-11-13 21:55:49,595 [pool-27-thread-1] WARN  impl.MetricRegistriesImpl (MetricRegistriesImpl.java:lambda$create$1(61)) - First MetricRegistry has been created without registering reporters. You may need to call MetricRegistries.global().addReportRegistration(...) before.
2019-11-13 21:55:49,600 [IPC Server handler 0 on 41741] INFO  pipeline.PipelineStateManager (PipelineStateManager.java:addPipeline(55)) - Created pipeline Pipeline[ Id: ac3684bd-6a95-45e6-a7f1-b0084d8eeb4c, Nodes: d77ba411-c121-4894-aed9-0a060bb3d672{ip: 192.168.34.20, host: pr-hdds-2470-fxbl9-3826649461, networkLocation: /default-rack, certSerialId: null}f251cb10-a284-4816-bcd9-6a5fca322485{ip: 192.168.34.20, host: pr-hdds-2470-fxbl9-3826649461, networkLocation: /default-rack, certSerialId: null}e8ced9c7-6cbf-4b34-8707-66e501603ac9{ip: 192.168.34.20, host: pr-hdds-2470-fxbl9-3826649461, networkLocation: /default-rack, certSerialId: null}, Type:RATIS, Factor:THREE, State:ALLOCATED]
2019-11-13 21:55:49,602 [IPC Server handler 0 on 41741] WARN  block.BlockManagerImpl (BlockManagerImpl.java:allocateBlock(200)) - Pipeline creation failed for type:RATIS factor:THREE. Retrying get pipelines call once.
org.apache.hadoop.hdds.scm.pipeline.InsufficientDatanodesException: Cannot create pipeline of factor 3 using 0 nodes.
	at org.apache.hadoop.hdds.scm.pipeline.RatisPipelineProvider.create(RatisPipelineProvider.java:153)
	at org.apache.hadoop.hdds.scm.pipeline.PipelineFactory.create(PipelineFactory.java:58)
	at org.apache.hadoop.hdds.scm.pipeline.SCMPipelineManager.createPipeline(SCMPipelineManager.java:155)
	at org.apache.hadoop.hdds.scm.block.BlockManagerImpl.allocateBlock(BlockManagerImpl.java:198)
	at org.apache.hadoop.hdds.scm.server.SCMBlockProtocolServer.allocateBlock(SCMBlockProtocolServer.java:187)
	at org.apache.hadoop.hdds.scm.protocol.ScmBlockLocationProtocolServerSideTranslatorPB.allocateScmBlock(ScmBlockLocationProtocolServerSideTranslatorPB.java:159)
	at org.apache.hadoop.hdds.scm.protocol.ScmBlockLocationProtocolServerSideTranslatorPB.processMessage(ScmBlockLocationProtocolServerSideTranslatorPB.java:117)
	at org.apache.hadoop.hdds.server.OzoneProtocolMessageDispatcher.processRequest(OzoneProtocolMessageDispatcher.java:72)
	at org.apache.hadoop.hdds.scm.protocol.ScmBlockLocationProtocolServerSideTranslatorPB.send(ScmBlockLocationProtocolServerSideTranslatorPB.java:98)
	at org.apache.hadoop.hdds.protocol.proto.ScmBlockLocationProtocolProtos$ScmBlockLocationProtocolService$2.callBlockingMethod(ScmBlockLocationProtocolProtos.java:13157)
	at org.apache.hadoop.ipc.ProtobufRpcEngine$Server$ProtoBufRpcInvoker.call(ProtobufRpcEngine.java:524)
	at org.apache.hadoop.ipc.RPC$Server.call(RPC.java:1025)
	at org.apache.hadoop.ipc.Server$RpcCall.run(Server.java:876)
	at org.apache.hadoop.ipc.Server$RpcCall.run(Server.java:822)
	at java.security.AccessController.doPrivileged(Native Method)
	at javax.security.auth.Subject.doAs(Subject.java:422)
	at org.apache.hadoop.security.UserGroupInformation.doAs(UserGroupInformation.java:1730)
	at org.apache.hadoop.ipc.Server$Handler.run(Server.java:2682)
2019-11-13 21:55:49,603 [IPC Server handler 0 on 41741] INFO  block.BlockManagerImpl (BlockManagerImpl.java:allocateBlock(212)) - Could not find available pipeline of type:RATIS and factor:THREE even after retrying
2019-11-13 21:55:49,603 [IPC Server handler 0 on 41741] ERROR block.BlockManagerImpl (BlockManagerImpl.java:allocateBlock(236)) - Unable to allocate a block for the size: 4194304, type: RATIS, factor: THREE
2019-11-13 21:55:49,603 [IPC Server handler 0 on 41741] WARN  block.BlockManagerImpl (BlockManagerImpl.java:allocateBlock(200)) - Pipeline creation failed for type:RATIS factor:THREE. Retrying get pipelines call once.
org.apache.hadoop.hdds.scm.pipeline.InsufficientDatanodesException: Cannot create pipeline of factor 3 using 0 nodes.
	at org.apache.hadoop.hdds.scm.pipeline.RatisPipelineProvider.create(RatisPipelineProvider.java:153)
	at org.apache.hadoop.hdds.scm.pipeline.PipelineFactory.create(PipelineFactory.java:58)
	at org.apache.hadoop.hdds.scm.pipeline.SCMPipelineManager.createPipeline(SCMPipelineManager.java:155)
	at org.apache.hadoop.hdds.scm.block.BlockManagerImpl.allocateBlock(BlockManagerImpl.java:198)
	at org.apache.hadoop.hdds.scm.server.SCMBlockProtocolServer.allocateBlock(SCMBlockProtocolServer.java:187)
	at org.apache.hadoop.hdds.scm.protocol.ScmBlockLocationProtocolServerSideTranslatorPB.allocateScmBlock(ScmBlockLocationProtocolServerSideTranslatorPB.java:159)
	at org.apache.hadoop.hdds.scm.protocol.ScmBlockLocationProtocolServerSideTranslatorPB.processMessage(ScmBlockLocationProtocolServerSideTranslatorPB.java:117)
	at org.apache.hadoop.hdds.server.OzoneProtocolMessageDispatcher.processRequest(OzoneProtocolMessageDispatcher.java:72)
	at org.apache.hadoop.hdds.scm.protocol.ScmBlockLocationProtocolServerSideTranslatorPB.send(ScmBlockLocationProtocolServerSideTranslatorPB.java:98)
	at org.apache.hadoop.hdds.protocol.proto.ScmBlockLocationProtocolProtos$ScmBlockLocationProtocolService$2.callBlockingMethod(ScmBlockLocationProtocolProtos.java:13157)
	at org.apache.hadoop.ipc.ProtobufRpcEngine$Server$ProtoBufRpcInvoker.call(ProtobufRpcEngine.java:524)
	at org.apache.hadoop.ipc.RPC$Server.call(RPC.java:1025)
	at org.apache.hadoop.ipc.Server$RpcCall.run(Server.java:876)
	at org.apache.hadoop.ipc.Server$RpcCall.run(Server.java:822)
	at java.security.AccessController.doPrivileged(Native Method)
	at javax.security.auth.Subject.doAs(Subject.java:422)
	at org.apache.hadoop.security.UserGroupInformation.doAs(UserGroupInformation.java:1730)
	at org.apache.hadoop.ipc.Server$Handler.run(Server.java:2682)
2019-11-13 21:55:49,603 [IPC Server handler 0 on 41741] INFO  block.BlockManagerImpl (BlockManagerImpl.java:allocateBlock(212)) - Could not find available pipeline of type:RATIS and factor:THREE even after retrying
2019-11-13 21:55:49,603 [IPC Server handler 0 on 41741] ERROR block.BlockManagerImpl (BlockManagerImpl.java:allocateBlock(236)) - Unable to allocate a block for the size: 4194304, type: RATIS, factor: THREE
2019-11-13 21:55:49,604 [IPC Server handler 0 on 41741] WARN  block.BlockManagerImpl (BlockManagerImpl.java:allocateBlock(200)) - Pipeline creation failed for type:RATIS factor:THREE. Retrying get pipelines call once.
org.apache.hadoop.hdds.scm.pipeline.InsufficientDatanodesException: Cannot create pipeline of factor 3 using 0 nodes.
	at org.apache.hadoop.hdds.scm.pipeline.RatisPipelineProvider.create(RatisPipelineProvider.java:153)
	at org.apache.hadoop.hdds.scm.pipeline.PipelineFactory.create(PipelineFactory.java:58)
	at org.apache.hadoop.hdds.scm.pipeline.SCMPipelineManager.createPipeline(SCMPipelineManager.java:155)
	at org.apache.hadoop.hdds.scm.block.BlockManagerImpl.allocateBlock(BlockManagerImpl.java:198)
	at org.apache.hadoop.hdds.scm.server.SCMBlockProtocolServer.allocateBlock(SCMBlockProtocolServer.java:187)
	at org.apache.hadoop.hdds.scm.protocol.ScmBlockLocationProtocolServerSideTranslatorPB.allocateScmBlock(ScmBlockLocationProtocolServerSideTranslatorPB.java:159)
	at org.apache.hadoop.hdds.scm.protocol.ScmBlockLocationProtocolServerSideTranslatorPB.processMessage(ScmBlockLocationProtocolServerSideTranslatorPB.java:117)
	at org.apache.hadoop.hdds.server.OzoneProtocolMessageDispatcher.processRequest(OzoneProtocolMessageDispatcher.java:72)
	at org.apache.hadoop.hdds.scm.protocol.ScmBlockLocationProtocolServerSideTranslatorPB.send(ScmBlockLocationProtocolServerSideTranslatorPB.java:98)
	at org.apache.hadoop.hdds.protocol.proto.ScmBlockLocationProtocolProtos$ScmBlockLocationProtocolService$2.callBlockingMethod(ScmBlockLocationProtocolProtos.java:13157)
	at org.apache.hadoop.ipc.ProtobufRpcEngine$Server$ProtoBufRpcInvoker.call(ProtobufRpcEngine.java:524)
	at org.apache.hadoop.ipc.RPC$Server.call(RPC.java:1025)
	at org.apache.hadoop.ipc.Server$RpcCall.run(Server.java:876)
	at org.apache.hadoop.ipc.Server$RpcCall.run(Server.java:822)
	at java.security.AccessController.doPrivileged(Native Method)
	at javax.security.auth.Subject.doAs(Subject.java:422)
	at org.apache.hadoop.security.UserGroupInformation.doAs(UserGroupInformation.java:1730)
	at org.apache.hadoop.ipc.Server$Handler.run(Server.java:2682)
2019-11-13 21:55:49,604 [IPC Server handler 0 on 41741] INFO  block.BlockManagerImpl (BlockManagerImpl.java:allocateBlock(212)) - Could not find available pipeline of type:RATIS and factor:THREE even after retrying
2019-11-13 21:55:49,604 [IPC Server handler 0 on 41741] ERROR block.BlockManagerImpl (BlockManagerImpl.java:allocateBlock(236)) - Unable to allocate a block for the size: 4194304, type: RATIS, factor: THREE
2019-11-13 21:55:49,606 [IPC Server handler 0 on 41741] WARN  block.BlockManagerImpl (BlockManagerImpl.java:allocateBlock(200)) - Pipeline creation failed for type:RATIS factor:THREE. Retrying get pipelines call once.
org.apache.hadoop.hdds.scm.pipeline.InsufficientDatanodesException: Cannot create pipeline of factor 3 using 0 nodes.
	at org.apache.hadoop.hdds.scm.pipeline.RatisPipelineProvider.create(RatisPipelineProvider.java:153)
	at org.apache.hadoop.hdds.scm.pipeline.PipelineFactory.create(PipelineFactory.java:58)
	at org.apache.hadoop.hdds.scm.pipeline.SCMPipelineManager.createPipeline(SCMPipelineManager.java:155)
	at org.apache.hadoop.hdds.scm.block.BlockManagerImpl.allocateBlock(BlockManagerImpl.java:198)
	at org.apache.hadoop.hdds.scm.server.SCMBlockProtocolServer.allocateBlock(SCMBlockProtocolServer.java:187)
	at org.apache.hadoop.hdds.scm.protocol.ScmBlockLocationProtocolServerSideTranslatorPB.allocateScmBlock(ScmBlockLocationProtocolServerSideTranslatorPB.java:159)
	at org.apache.hadoop.hdds.scm.protocol.ScmBlockLocationProtocolServerSideTranslatorPB.processMessage(ScmBlockLocationProtocolServerSideTranslatorPB.java:117)
	at org.apache.hadoop.hdds.server.OzoneProtocolMessageDispatcher.processRequest(OzoneProtocolMessageDispatcher.java:72)
	at org.apache.hadoop.hdds.scm.protocol.ScmBlockLocationProtocolServerSideTranslatorPB.send(ScmBlockLocationProtocolServerSideTranslatorPB.java:98)
	at org.apache.hadoop.hdds.protocol.proto.ScmBlockLocationProtocolProtos$ScmBlockLocationProtocolService$2.callBlockingMethod(ScmBlockLocationProtocolProtos.java:13157)
	at org.apache.hadoop.ipc.ProtobufRpcEngine$Server$ProtoBufRpcInvoker.call(ProtobufRpcEngine.java:524)
	at org.apache.hadoop.ipc.RPC$Server.call(RPC.java:1025)
	at org.apache.hadoop.ipc.Server$RpcCall.run(Server.java:876)
	at org.apache.hadoop.ipc.Server$RpcCall.run(Server.java:822)
	at java.security.AccessController.doPrivileged(Native Method)
	at javax.security.auth.Subject.doAs(Subject.java:422)
	at org.apache.hadoop.security.UserGroupInformation.doAs(UserGroupInformation.java:1730)
	at org.apache.hadoop.ipc.Server$Handler.run(Server.java:2682)
2019-11-13 21:55:49,606 [IPC Server handler 0 on 41741] INFO  block.BlockManagerImpl (BlockManagerImpl.java:allocateBlock(212)) - Could not find available pipeline of type:RATIS and factor:THREE even after retrying
2019-11-13 21:55:49,606 [IPC Server handler 0 on 41741] ERROR block.BlockManagerImpl (BlockManagerImpl.java:allocateBlock(236)) - Unable to allocate a block for the size: 4194304, type: RATIS, factor: THREE
2019-11-13 21:55:49,607 [EventQueue-IncrementalContainerReportForIncrementalContainerReportHandler] INFO  container.IncrementalContainerReportHandler (AbstractContainerReportHandler.java:updateContainerState(171)) - Moving container #2 to QUASI_CLOSED state, datanode e8ced9c7-6cbf-4b34-8707-66e501603ac9{ip: 192.168.34.20, host: pr-hdds-2470-fxbl9-3826649461, networkLocation: /default-rack, certSerialId: null} reported QUASI_CLOSED replica.
2019-11-13 21:55:49,608 [EventQueue-IncrementalContainerReportForIncrementalContainerReportHandler] INFO  container.IncrementalContainerReportHandler (AbstractContainerReportHandler.java:updateContainerState(171)) - Moving container #3 to QUASI_CLOSED state, datanode d77ba411-c121-4894-aed9-0a060bb3d672{ip: 192.168.34.20, host: pr-hdds-2470-fxbl9-3826649461, networkLocation: /default-rack, certSerialId: null} reported QUASI_CLOSED replica.
2019-11-13 21:55:49,612 [pool-59-thread-3] ERROR freon.RandomKeyGenerator (RandomKeyGenerator.java:createKey(735)) - Exception while adding key: key-0-26675 in bucket: bucket-0-68275 of volume: vol-0-58948.
INTERNAL_ERROR org.apache.hadoop.ozone.om.exceptions.OMException: Allocated 1 blocks. Requested 5 blocks
	at org.apache.hadoop.ozone.om.protocolPB.OzoneManagerProtocolClientSideTranslatorPB.handleError(OzoneManagerProtocolClientSideTranslatorPB.java:761)
	at org.apache.hadoop.ozone.om.protocolPB.OzoneManagerProtocolClientSideTranslatorPB.openKey(OzoneManagerProtocolClientSideTranslatorPB.java:752)
	at sun.reflect.NativeMethodAccessorImpl.invoke0(Native Method)
	at sun.reflect.NativeMethodAccessorImpl.invoke(NativeMethodAccessorImpl.java:62)
	at sun.reflect.DelegatingMethodAccessorImpl.invoke(DelegatingMethodAccessorImpl.java:43)
	at java.lang.reflect.Method.invoke(Method.java:498)
	at org.apache.hadoop.hdds.tracing.TraceAllMethod.invoke(TraceAllMethod.java:66)
	at com.sun.proxy.$Proxy37.openKey(Unknown Source)
	at org.apache.hadoop.ozone.client.rpc.RpcClient.createKey(RpcClient.java:634)
	at org.apache.hadoop.ozone.client.OzoneBucket.createKey(OzoneBucket.java:325)
	at org.apache.hadoop.ozone.freon.RandomKeyGenerator.createKey(RandomKeyGenerator.java:697)
	at org.apache.hadoop.ozone.freon.RandomKeyGenerator.access$1100(RandomKeyGenerator.java:88)
	at org.apache.hadoop.ozone.freon.RandomKeyGenerator$ObjectCreator.run(RandomKeyGenerator.java:615)
	at java.util.concurrent.Executors$RunnableAdapter.call(Executors.java:511)
	at java.util.concurrent.FutureTask.run(FutureTask.java:266)
	at java.util.concurrent.ThreadPoolExecutor.runWorker(ThreadPoolExecutor.java:1149)
	at java.util.concurrent.ThreadPoolExecutor$Worker.run(ThreadPoolExecutor.java:624)
	at java.lang.Thread.run(Thread.java:748)
 0.00% |?                                                                                                    |  0/1 Time: 0:00:09 100.00% |?????????????????????????????????????????????????????????????????????????????????????????????????????|  1/1 Time: 0:00:10
2019-11-13 21:55:54,083 [Thread-490] INFO  impl.FollowerState (FollowerState.java:run(111)) - f251cb10-a284-4816-bcd9-6a5fca322485@group-1B8EB55A9938-FollowerState: change to CANDIDATE, lastRpcTime:5083ms, electionTimeout:5081ms
2019-11-13 21:55:54,083 [Thread-490] INFO  impl.RoleInfo (RoleInfo.java:shutdownFollowerState(121)) - f251cb10-a284-4816-bcd9-6a5fca322485: shutdown FollowerState
2019-11-13 21:55:54,083 [Thread-490] INFO  impl.RaftServerImpl (RaftServerImpl.java:setRole(173)) - f251cb10-a284-4816-bcd9-6a5fca322485@group-1B8EB55A9938: changes role from  FOLLOWER to CANDIDATE at term 0 for changeToCandidate
2019-11-13 21:55:54,083 [Thread-490] INFO  impl.RoleInfo (RoleInfo.java:updateAndGet(143)) - f251cb10-a284-4816-bcd9-6a5fca322485: start LeaderElection
2019-11-13 21:55:54,100 [f251cb10-a284-4816-bcd9-6a5fca322485@group-1B8EB55A9938-LeaderElection5] INFO  impl.LeaderElection (LeaderElection.java:askForVotes(178)) - f251cb10-a284-4816-bcd9-6a5fca322485@group-1B8EB55A9938-LeaderElection5: begin an election at term 1 for -1: [e8ced9c7-6cbf-4b34-8707-66e501603ac9:192.168.34.20:34516, d77ba411-c121-4894-aed9-0a060bb3d672:192.168.34.20:39248, f251cb10-a284-4816-bcd9-6a5fca322485:192.168.34.20:34653], old=null
2019-11-13 21:55:54,109 [grpc-default-executor-2] INFO  impl.RaftServerImpl (RaftServerImpl.java:setRole(173)) - d77ba411-c121-4894-aed9-0a060bb3d672@group-1B8EB55A9938: changes role from  FOLLOWER to FOLLOWER at term 1 for recognizeCandidate:f251cb10-a284-4816-bcd9-6a5fca322485
2019-11-13 21:55:54,109 [grpc-default-executor-1] INFO  impl.RaftServerImpl (RaftServerImpl.java:setRole(173)) - e8ced9c7-6cbf-4b34-8707-66e501603ac9@group-1B8EB55A9938: changes role from  FOLLOWER to FOLLOWER at term 1 for recognizeCandidate:f251cb10-a284-4816-bcd9-6a5fca322485
2019-11-13 21:55:54,109 [grpc-default-executor-2] INFO  impl.RoleInfo (RoleInfo.java:shutdownFollowerState(121)) - d77ba411-c121-4894-aed9-0a060bb3d672: shutdown FollowerState
2019-11-13 21:55:54,109 [grpc-default-executor-1] INFO  impl.RoleInfo (RoleInfo.java:shutdownFollowerState(121)) - e8ced9c7-6cbf-4b34-8707-66e501603ac9: shutdown FollowerState
2019-11-13 21:55:54,109 [Thread-489] INFO  impl.FollowerState (FollowerState.java:run(120)) - d77ba411-c121-4894-aed9-0a060bb3d672@group-1B8EB55A9938-FollowerState was interrupted: java.lang.InterruptedException: sleep interrupted
2019-11-13 21:55:54,109 [grpc-default-executor-2] INFO  impl.RoleInfo (RoleInfo.java:updateAndGet(143)) - d77ba411-c121-4894-aed9-0a060bb3d672: start FollowerState
2019-11-13 21:55:54,109 [grpc-default-executor-1] INFO  impl.RoleInfo (RoleInfo.java:updateAndGet(143)) - e8ced9c7-6cbf-4b34-8707-66e501603ac9: start FollowerState
2019-11-13 21:55:54,109 [Thread-495] INFO  impl.FollowerState (FollowerState.java:run(120)) - e8ced9c7-6cbf-4b34-8707-66e501603ac9@group-1B8EB55A9938-FollowerState was interrupted: java.lang.InterruptedException: sleep interrupted
2019-11-13 21:55:54,128 [f251cb10-a284-4816-bcd9-6a5fca322485@group-1B8EB55A9938-LeaderElection5] INFO  impl.LeaderElection (LeaderElection.java:logAndReturn(56)) - f251cb10-a284-4816-bcd9-6a5fca322485@group-1B8EB55A9938-LeaderElection5: Election PASSED; received 1 response(s) [f251cb10-a284-4816-bcd9-6a5fca322485<-d77ba411-c121-4894-aed9-0a060bb3d672#0:OK-t1] and 0 exception(s); f251cb10-a284-4816-bcd9-6a5fca322485@group-1B8EB55A9938:t1, leader=null, voted=f251cb10-a284-4816-bcd9-6a5fca322485, raftlog=f251cb10-a284-4816-bcd9-6a5fca322485@group-1B8EB55A9938-SegmentedRaftLog:OPENED:c-1,f-1,i0, conf=-1: [e8ced9c7-6cbf-4b34-8707-66e501603ac9:192.168.34.20:34516, d77ba411-c121-4894-aed9-0a060bb3d672:192.168.34.20:39248, f251cb10-a284-4816-bcd9-6a5fca322485:192.168.34.20:34653], old=null
2019-11-13 21:55:54,128 [f251cb10-a284-4816-bcd9-6a5fca322485@group-1B8EB55A9938-LeaderElection5] INFO  impl.RoleInfo (RoleInfo.java:shutdownLeaderElection(134)) - f251cb10-a284-4816-bcd9-6a5fca322485: shutdown LeaderElection
2019-11-13 21:55:54,129 [f251cb10-a284-4816-bcd9-6a5fca322485@group-1B8EB55A9938-LeaderElection5] INFO  impl.RaftServerImpl (RaftServerImpl.java:setRole(173)) - f251cb10-a284-4816-bcd9-6a5fca322485@group-1B8EB55A9938: changes role from CANDIDATE to LEADER at term 1 for changeToLeader
2019-11-13 21:55:54,129 [f251cb10-a284-4816-bcd9-6a5fca322485@group-1B8EB55A9938-LeaderElection5] INFO  ratis.XceiverServerRatis (XceiverServerRatis.java:handleLeaderChangedNotification(697)) - Leader change notification received for group: group-1B8EB55A9938 with new leaderId: f251cb10-a284-4816-bcd9-6a5fca322485
2019-11-13 21:55:54,130 [f251cb10-a284-4816-bcd9-6a5fca322485@group-1B8EB55A9938-LeaderElection5] INFO  impl.RaftServerImpl (ServerState.java:setLeader(255)) - f251cb10-a284-4816-bcd9-6a5fca322485@group-1B8EB55A9938: change Leader from null to f251cb10-a284-4816-bcd9-6a5fca322485 at term 1 for becomeLeader, leader elected after 5144ms
2019-11-13 21:55:54,130 [f251cb10-a284-4816-bcd9-6a5fca322485@group-1B8EB55A9938-LeaderElection5] INFO  server.RaftServerConfigKeys (ConfUtils.java:logGet(43)) - raft.server.staging.catchup.gap = 1000 (default)
2019-11-13 21:55:54,130 [f251cb10-a284-4816-bcd9-6a5fca322485@group-1B8EB55A9938-LeaderElection5] INFO  server.RaftServerConfigKeys (ConfUtils.java:logGet(43)) - raft.server.rpc.sleep.time = 25ms (default)
2019-11-13 21:55:54,131 [f251cb10-a284-4816-bcd9-6a5fca322485@group-1B8EB55A9938-LeaderElection5] INFO  server.RaftServerConfigKeys (ConfUtils.java:logGet(43)) - raft.server.write.element-limit = 4096 (default)
2019-11-13 21:55:54,131 [f251cb10-a284-4816-bcd9-6a5fca322485@group-1B8EB55A9938-LeaderElection5] INFO  server.RaftServerConfigKeys (ConfUtils.java:logGet(43)) - raft.server.watch.timeout = 10s (default)
2019-11-13 21:55:54,131 [f251cb10-a284-4816-bcd9-6a5fca322485@group-1B8EB55A9938-LeaderElection5] INFO  server.RaftServerConfigKeys (ConfUtils.java:logGet(43)) - raft.server.watch.timeout.denomination = 1s (default)
2019-11-13 21:55:54,131 [f251cb10-a284-4816-bcd9-6a5fca322485@group-1B8EB55A9938-LeaderElection5] INFO  server.RaftServerConfigKeys (ConfUtils.java:logGet(43)) - raft.server.watch.element-limit = 65536 (default)
2019-11-13 21:55:54,132 [f251cb10-a284-4816-bcd9-6a5fca322485@group-1B8EB55A9938-LeaderElection5] INFO  server.RaftServerConfigKeys (ConfUtils.java:logGet(43)) - raft.server.log.appender.snapshot.chunk.size.max = 16MB (=16777216) (default)
2019-11-13 21:55:54,132 [f251cb10-a284-4816-bcd9-6a5fca322485@group-1B8EB55A9938-LeaderElection5] INFO  server.RaftServerConfigKeys (ConfUtils.java:logGet(43)) - raft.server.log.appender.buffer.byte-limit = 33554432 (custom)
2019-11-13 21:55:54,132 [f251cb10-a284-4816-bcd9-6a5fca322485@group-1B8EB55A9938-LeaderElection5] INFO  server.RaftServerConfigKeys (ConfUtils.java:logGet(43)) - raft.server.log.appender.buffer.element-limit = 1 (custom)
2019-11-13 21:55:54,133 [f251cb10-a284-4816-bcd9-6a5fca322485@group-1B8EB55A9938-LeaderElection5] INFO  grpc.GrpcConfigKeys$Server (ConfUtils.java:logGet(43)) - raft.grpc.server.leader.outstanding.appends.max = 128 (default)
2019-11-13 21:55:54,134 [f251cb10-a284-4816-bcd9-6a5fca322485@group-1B8EB55A9938-LeaderElection5] INFO  server.RaftServerConfigKeys (ConfUtils.java:logGet(43)) - raft.server.rpc.request.timeout = 3000ms (default)
2019-11-13 21:55:54,134 [f251cb10-a284-4816-bcd9-6a5fca322485@group-1B8EB55A9938-LeaderElection5] INFO  server.RaftServerConfigKeys (ConfUtils.java:logGet(43)) - raft.server.log.appender.install.snapshot.enabled = false (custom)
2019-11-13 21:55:54,134 [f251cb10-a284-4816-bcd9-6a5fca322485@group-1B8EB55A9938-LeaderElection5] WARN  impl.MetricRegistriesImpl (MetricRegistriesImpl.java:lambda$create$1(61)) - First MetricRegistry has been created without registering reporters. You may need to call MetricRegistries.global().addReportRegistration(...) before.
2019-11-13 21:55:54,136 [f251cb10-a284-4816-bcd9-6a5fca322485@group-1B8EB55A9938-LeaderElection5] INFO  server.RaftServerConfigKeys (ConfUtils.java:logGet(43)) - raft.server.log.appender.snapshot.chunk.size.max = 16MB (=16777216) (default)
2019-11-13 21:55:54,136 [f251cb10-a284-4816-bcd9-6a5fca322485@group-1B8EB55A9938-LeaderElection5] INFO  server.RaftServerConfigKeys (ConfUtils.java:logGet(43)) - raft.server.log.appender.buffer.byte-limit = 33554432 (custom)
2019-11-13 21:55:54,136 [f251cb10-a284-4816-bcd9-6a5fca322485@group-1B8EB55A9938-LeaderElection5] INFO  server.RaftServerConfigKeys (ConfUtils.java:logGet(43)) - raft.server.log.appender.buffer.element-limit = 1 (custom)
2019-11-13 21:55:54,136 [f251cb10-a284-4816-bcd9-6a5fca322485@group-1B8EB55A9938-LeaderElection5] INFO  grpc.GrpcConfigKeys$Server (ConfUtils.java:logGet(43)) - raft.grpc.server.leader.outstanding.appends.max = 128 (default)
2019-11-13 21:55:54,136 [f251cb10-a284-4816-bcd9-6a5fca322485@group-1B8EB55A9938-LeaderElection5] INFO  server.RaftServerConfigKeys (ConfUtils.java:logGet(43)) - raft.server.rpc.request.timeout = 3000ms (default)
2019-11-13 21:55:54,136 [f251cb10-a284-4816-bcd9-6a5fca322485@group-1B8EB55A9938-LeaderElection5] INFO  server.RaftServerConfigKeys (ConfUtils.java:logGet(43)) - raft.server.log.appender.install.snapshot.enabled = false (custom)
2019-11-13 21:55:54,137 [f251cb10-a284-4816-bcd9-6a5fca322485@group-1B8EB55A9938-LeaderElection5] INFO  impl.RoleInfo (RoleInfo.java:updateAndGet(143)) - f251cb10-a284-4816-bcd9-6a5fca322485: start LeaderState
2019-11-13 21:55:54,137 [f251cb10-a284-4816-bcd9-6a5fca322485@group-1B8EB55A9938-LeaderElection5] INFO  segmented.SegmentedRaftLogWorker (SegmentedRaftLogWorker.java:startLogSegment(385)) - f251cb10-a284-4816-bcd9-6a5fca322485@group-1B8EB55A9938-SegmentedRaftLogWorker: Starting segment from index:0
2019-11-13 21:55:54,139 [f251cb10-a284-4816-bcd9-6a5fca322485@group-1B8EB55A9938-LeaderElection5] INFO  impl.RaftServerImpl (ServerState.java:setRaftConf(356)) - f251cb10-a284-4816-bcd9-6a5fca322485@group-1B8EB55A9938: set configuration 0: [e8ced9c7-6cbf-4b34-8707-66e501603ac9:192.168.34.20:34516, d77ba411-c121-4894-aed9-0a060bb3d672:192.168.34.20:39248, f251cb10-a284-4816-bcd9-6a5fca322485:192.168.34.20:34653], old=null at 0
2019-11-13 21:55:54,164 [grpc-default-executor-1] INFO  impl.RaftServerProxy (RaftServerProxy.java:remove(95)) - f251cb10-a284-4816-bcd9-6a5fca322485: remove    LEADER f251cb10-a284-4816-bcd9-6a5fca322485@group-1B8EB55A9938:t1, leader=f251cb10-a284-4816-bcd9-6a5fca322485, voted=f251cb10-a284-4816-bcd9-6a5fca322485, raftlog=f251cb10-a284-4816-bcd9-6a5fca322485@group-1B8EB55A9938-SegmentedRaftLog:OPENED:c-1,f-1,i0, conf=0: [e8ced9c7-6cbf-4b34-8707-66e501603ac9:192.168.34.20:34516, d77ba411-c121-4894-aed9-0a060bb3d672:192.168.34.20:39248, f251cb10-a284-4816-bcd9-6a5fca322485:192.168.34.20:34653], old=null RUNNING
2019-11-13 21:55:54,164 [grpc-default-executor-2] INFO  ratis.XceiverServerRatis (XceiverServerRatis.java:handleLeaderChangedNotification(697)) - Leader change notification received for group: group-1B8EB55A9938 with new leaderId: f251cb10-a284-4816-bcd9-6a5fca322485
2019-11-13 21:55:54,165 [grpc-default-executor-1] INFO  impl.RaftServerImpl (RaftServerImpl.java:lambda$shutdown$3(250)) - f251cb10-a284-4816-bcd9-6a5fca322485@group-1B8EB55A9938: shutdown
2019-11-13 21:55:54,166 [grpc-default-executor-2] INFO  impl.RaftServerImpl (ServerState.java:setLeader(255)) - e8ced9c7-6cbf-4b34-8707-66e501603ac9@group-1B8EB55A9938: change Leader from null to f251cb10-a284-4816-bcd9-6a5fca322485 at term 1 for appendEntries, leader elected after 4837ms
2019-11-13 21:55:54,165 [grpc-default-executor-3] INFO  ratis.XceiverServerRatis (XceiverServerRatis.java:handleLeaderChangedNotification(697)) - Leader change notification received for group: group-1B8EB55A9938 with new leaderId: f251cb10-a284-4816-bcd9-6a5fca322485
2019-11-13 21:55:54,166 [grpc-default-executor-1] INFO  util.JmxRegister (JmxRegister.java:unregister(73)) - Successfully un-registered JMX Bean with object name Ratis:service=RaftServer,group=group-1B8EB55A9938,id=f251cb10-a284-4816-bcd9-6a5fca322485
2019-11-13 21:55:54,166 [grpc-default-executor-3] INFO  impl.RaftServerImpl (ServerState.java:setLeader(255)) - d77ba411-c121-4894-aed9-0a060bb3d672@group-1B8EB55A9938: change Leader from null to f251cb10-a284-4816-bcd9-6a5fca322485 at term 1 for appendEntries, leader elected after 5180ms
2019-11-13 21:55:54,166 [grpc-default-executor-1] INFO  impl.RoleInfo (RoleInfo.java:shutdownLeaderState(104)) - f251cb10-a284-4816-bcd9-6a5fca322485: shutdown LeaderState
2019-11-13 21:55:54,169 [grpc-default-executor-1] INFO  impl.PendingRequests (PendingRequests.java:sendNotLeaderResponses(206)) - f251cb10-a284-4816-bcd9-6a5fca322485@group-1B8EB55A9938-PendingRequests: sendNotLeaderResponses
2019-11-13 21:55:54,169 [org.apache.ratis.server.impl.LogAppender$AppenderDaemon$$Lambda$419/1877395852@6d186ba6] WARN  server.GrpcLogAppender (GrpcLogAppender.java:mayWait(151)) - f251cb10-a284-4816-bcd9-6a5fca322485@group-1B8EB55A9938->d77ba411-c121-4894-aed9-0a060bb3d672-GrpcLogAppender: Wait interrupted by java.lang.InterruptedException
2019-11-13 21:55:54,169 [org.apache.ratis.server.impl.LogAppender$AppenderDaemon$$Lambda$419/1877395852@281af0c1] WARN  server.GrpcLogAppender (GrpcLogAppender.java:mayWait(151)) - f251cb10-a284-4816-bcd9-6a5fca322485@group-1B8EB55A9938->e8ced9c7-6cbf-4b34-8707-66e501603ac9-GrpcLogAppender: Wait interrupted by java.lang.InterruptedException
2019-11-13 21:55:54,169 [grpc-default-executor-1] INFO  impl.StateMachineUpdater (StateMachineUpdater.java:stopAndJoin(136)) - f251cb10-a284-4816-bcd9-6a5fca322485@group-1B8EB55A9938-StateMachineUpdater: set stopIndex = -1
2019-11-13 21:55:54,170 [grpc-default-executor-1] INFO  impl.RaftServerImpl (ServerState.java:close(387)) - f251cb10-a284-4816-bcd9-6a5fca322485@group-1B8EB55A9938: closes. applyIndex: -1
2019-11-13 21:55:54,171 [grpc-default-executor-6] INFO  server.GrpcServerProtocolService (GrpcServerProtocolService.java:onCompleted(113)) - d77ba411-c121-4894-aed9-0a060bb3d672: Completed APPEND_ENTRIES, lastRequest: f251cb10-a284-4816-bcd9-6a5fca322485->d77ba411-c121-4894-aed9-0a060bb3d672#0-t1, previous=(t:0, i:0), leaderCommit=-1, initializing? false, entries: <empty>
2019-11-13 21:55:54,171 [grpc-default-executor-2] INFO  server.GrpcServerProtocolService (GrpcServerProtocolService.java:onCompleted(113)) - e8ced9c7-6cbf-4b34-8707-66e501603ac9: Completed APPEND_ENTRIES, lastRequest: f251cb10-a284-4816-bcd9-6a5fca322485->e8ced9c7-6cbf-4b34-8707-66e501603ac9#0-t1, previous=(t:0, i:0), leaderCommit=-1, initializing? false, entries: <empty>
2019-11-13 21:55:54,172 [grpc-default-executor-2] INFO  server.GrpcLogAppender (GrpcLogAppender.java:onCompleted(308)) - f251cb10-a284-4816-bcd9-6a5fca322485@group-1B8EB55A9938->d77ba411-c121-4894-aed9-0a060bb3d672-AppendLogResponseHandler: follower responses appendEntries COMPLETED
2019-11-13 21:55:54,172 [grpc-default-executor-6] INFO  server.GrpcLogAppender (GrpcLogAppender.java:onCompleted(308)) - f251cb10-a284-4816-bcd9-6a5fca322485@group-1B8EB55A9938->e8ced9c7-6cbf-4b34-8707-66e501603ac9-AppendLogResponseHandler: follower responses appendEntries COMPLETED
2019-11-13 21:55:54,173 [grpc-default-executor-6] INFO  impl.FollowerInfo (FollowerInfo.java:lambda$new$0(51)) - f251cb10-a284-4816-bcd9-6a5fca322485@group-1B8EB55A9938->e8ced9c7-6cbf-4b34-8707-66e501603ac9: nextIndex: updateUnconditionally 0 -> 0
2019-11-13 21:55:54,173 [grpc-default-executor-2] INFO  impl.FollowerInfo (FollowerInfo.java:lambda$new$0(51)) - f251cb10-a284-4816-bcd9-6a5fca322485@group-1B8EB55A9938->d77ba411-c121-4894-aed9-0a060bb3d672: nextIndex: updateUnconditionally 0 -> 0
2019-11-13 21:55:54,175 [f251cb10-a284-4816-bcd9-6a5fca322485@group-1B8EB55A9938-SegmentedRaftLogWorker] WARN  segmented.SegmentedRaftLogOutputStream (SegmentedRaftLogOutputStream.java:<init>(77)) - Hit IOException while creating log segment /workdir/hadoop-ozone/tools/target/test-dir/MiniOzoneClusterImpl-5b5b1002-d5c5-4197-9165-0cf04028de8e/datanode-0/data/ratis/8bcf85c5-d53d-44cc-814a-1b8eb55a9938/current/log_inprogress_0, delete the partial file.
2019-11-13 21:55:54,175 [grpc-default-executor-1] INFO  segmented.SegmentedRaftLogWorker (SegmentedRaftLogWorker.java:close(224)) - f251cb10-a284-4816-bcd9-6a5fca322485@group-1B8EB55A9938-SegmentedRaftLogWorker close()
2019-11-13 21:55:54,636 [Thread-501] INFO  impl.FollowerState (FollowerState.java:run(111)) - d77ba411-c121-4894-aed9-0a060bb3d672@group-B0084D8EEB4C-FollowerState: change to CANDIDATE, lastRpcTime:5041ms, electionTimeout:5041ms
2019-11-13 21:55:54,636 [Thread-501] INFO  impl.RoleInfo (RoleInfo.java:shutdownFollowerState(121)) - d77ba411-c121-4894-aed9-0a060bb3d672: shutdown FollowerState
2019-11-13 21:55:54,636 [Thread-501] INFO  impl.RaftServerImpl (RaftServerImpl.java:setRole(173)) - d77ba411-c121-4894-aed9-0a060bb3d672@group-B0084D8EEB4C: changes role from  FOLLOWER to CANDIDATE at term 0 for changeToCandidate
2019-11-13 21:55:54,636 [Thread-501] INFO  impl.RoleInfo (RoleInfo.java:updateAndGet(143)) - d77ba411-c121-4894-aed9-0a060bb3d672: start LeaderElection
2019-11-13 21:55:54,651 [d77ba411-c121-4894-aed9-0a060bb3d672@group-B0084D8EEB4C-LeaderElection6] INFO  impl.LeaderElection (LeaderElection.java:askForVotes(178)) - d77ba411-c121-4894-aed9-0a060bb3d672@group-B0084D8EEB4C-LeaderElection6: begin an election at term 1 for -1: [e8ced9c7-6cbf-4b34-8707-66e501603ac9:192.168.34.20:34516, d77ba411-c121-4894-aed9-0a060bb3d672:192.168.34.20:39248, f251cb10-a284-4816-bcd9-6a5fca322485:192.168.34.20:34653], old=null
2019-11-13 21:55:54,658 [grpc-default-executor-2] INFO  impl.RaftServerImpl (RaftServerImpl.java:setRole(173)) - f251cb10-a284-4816-bcd9-6a5fca322485@group-B0084D8EEB4C: changes role from  FOLLOWER to FOLLOWER at term 1 for recognizeCandidate:d77ba411-c121-4894-aed9-0a060bb3d672
2019-11-13 21:55:54,658 [grpc-default-executor-1] INFO  impl.RaftServerImpl (RaftServerImpl.java:setRole(173)) - e8ced9c7-6cbf-4b34-8707-66e501603ac9@group-B0084D8EEB4C: changes role from  FOLLOWER to FOLLOWER at term 1 for recognizeCandidate:d77ba411-c121-4894-aed9-0a060bb3d672
2019-11-13 21:55:54,658 [grpc-default-executor-2] INFO  impl.RoleInfo (RoleInfo.java:shutdownFollowerState(121)) - f251cb10-a284-4816-bcd9-6a5fca322485: shutdown FollowerState
2019-11-13 21:55:54,658 [grpc-default-executor-1] INFO  impl.RoleInfo (RoleInfo.java:shutdownFollowerState(121)) - e8ced9c7-6cbf-4b34-8707-66e501603ac9: shutdown FollowerState
2019-11-13 21:55:54,658 [Thread-502] INFO  impl.FollowerState (FollowerState.java:run(120)) - f251cb10-a284-4816-bcd9-6a5fca322485@group-B0084D8EEB4C-FollowerState was interrupted: java.lang.InterruptedException: sleep interrupted
2019-11-13 21:55:54,658 [grpc-default-executor-2] INFO  impl.RoleInfo (RoleInfo.java:updateAndGet(143)) - f251cb10-a284-4816-bcd9-6a5fca322485: start FollowerState
2019-11-13 21:55:54,659 [grpc-default-executor-1] INFO  impl.RoleInfo (RoleInfo.java:updateAndGet(143)) - e8ced9c7-6cbf-4b34-8707-66e501603ac9: start FollowerState
2019-11-13 21:55:54,658 [Thread-497] INFO  impl.FollowerState (FollowerState.java:run(120)) - e8ced9c7-6cbf-4b34-8707-66e501603ac9@group-B0084D8EEB4C-FollowerState was interrupted: java.lang.InterruptedException: sleep interrupted
2019-11-13 21:55:54,677 [d77ba411-c121-4894-aed9-0a060bb3d672@group-B0084D8EEB4C-LeaderElection6] INFO  impl.LeaderElection (LeaderElection.java:logAndReturn(56)) - d77ba411-c121-4894-aed9-0a060bb3d672@group-B0084D8EEB4C-LeaderElection6: Election PASSED; received 1 response(s) [d77ba411-c121-4894-aed9-0a060bb3d672<-f251cb10-a284-4816-bcd9-6a5fca322485#0:OK-t1] and 0 exception(s); d77ba411-c121-4894-aed9-0a060bb3d672@group-B0084D8EEB4C:t1, leader=null, voted=d77ba411-c121-4894-aed9-0a060bb3d672, raftlog=d77ba411-c121-4894-aed9-0a060bb3d672@group-B0084D8EEB4C-SegmentedRaftLog:OPENED:c-1,f-1,i0, conf=-1: [e8ced9c7-6cbf-4b34-8707-66e501603ac9:192.168.34.20:34516, d77ba411-c121-4894-aed9-0a060bb3d672:192.168.34.20:39248, f251cb10-a284-4816-bcd9-6a5fca322485:192.168.34.20:34653], old=null
2019-11-13 21:55:54,677 [d77ba411-c121-4894-aed9-0a060bb3d672@group-B0084D8EEB4C-LeaderElection6] INFO  impl.RoleInfo (RoleInfo.java:shutdownLeaderElection(134)) - d77ba411-c121-4894-aed9-0a060bb3d672: shutdown LeaderElection
2019-11-13 21:55:54,678 [d77ba411-c121-4894-aed9-0a060bb3d672@group-B0084D8EEB4C-LeaderElection6] INFO  impl.RaftServerImpl (RaftServerImpl.java:setRole(173)) - d77ba411-c121-4894-aed9-0a060bb3d672@group-B0084D8EEB4C: changes role from CANDIDATE to LEADER at term 1 for changeToLeader
2019-11-13 21:55:54,678 [d77ba411-c121-4894-aed9-0a060bb3d672@group-B0084D8EEB4C-LeaderElection6] INFO  ratis.XceiverServerRatis (XceiverServerRatis.java:handleLeaderChangedNotification(697)) - Leader change notification received for group: group-B0084D8EEB4C with new leaderId: d77ba411-c121-4894-aed9-0a060bb3d672
2019-11-13 21:55:54,678 [d77ba411-c121-4894-aed9-0a060bb3d672@group-B0084D8EEB4C-LeaderElection6] INFO  impl.RaftServerImpl (ServerState.java:setLeader(255)) - d77ba411-c121-4894-aed9-0a060bb3d672@group-B0084D8EEB4C: change Leader from null to d77ba411-c121-4894-aed9-0a060bb3d672 at term 1 for becomeLeader, leader elected after 5093ms
2019-11-13 21:55:54,678 [d77ba411-c121-4894-aed9-0a060bb3d672@group-B0084D8EEB4C-LeaderElection6] INFO  server.RaftServerConfigKeys (ConfUtils.java:logGet(43)) - raft.server.staging.catchup.gap = 1000 (default)
2019-11-13 21:55:54,678 [d77ba411-c121-4894-aed9-0a060bb3d672@group-B0084D8EEB4C-LeaderElection6] INFO  server.RaftServerConfigKeys (ConfUtils.java:logGet(43)) - raft.server.rpc.sleep.time = 25ms (default)
2019-11-13 21:55:54,679 [d77ba411-c121-4894-aed9-0a060bb3d672@group-B0084D8EEB4C-LeaderElection6] INFO  server.RaftServerConfigKeys (ConfUtils.java:logGet(43)) - raft.server.write.element-limit = 4096 (default)
2019-11-13 21:55:54,679 [d77ba411-c121-4894-aed9-0a060bb3d672@group-B0084D8EEB4C-LeaderElection6] INFO  server.RaftServerConfigKeys (ConfUtils.java:logGet(43)) - raft.server.watch.timeout = 10s (default)
2019-11-13 21:55:54,679 [d77ba411-c121-4894-aed9-0a060bb3d672@group-B0084D8EEB4C-LeaderElection6] INFO  server.RaftServerConfigKeys (ConfUtils.java:logGet(43)) - raft.server.watch.timeout.denomination = 1s (default)
2019-11-13 21:55:54,679 [d77ba411-c121-4894-aed9-0a060bb3d672@group-B0084D8EEB4C-LeaderElection6] INFO  server.RaftServerConfigKeys (ConfUtils.java:logGet(43)) - raft.server.watch.element-limit = 65536 (default)
2019-11-13 21:55:54,679 [d77ba411-c121-4894-aed9-0a060bb3d672@group-B0084D8EEB4C-LeaderElection6] INFO  server.RaftServerConfigKeys (ConfUtils.java:logGet(43)) - raft.server.log.appender.snapshot.chunk.size.max = 16MB (=16777216) (default)
2019-11-13 21:55:54,679 [d77ba411-c121-4894-aed9-0a060bb3d672@group-B0084D8EEB4C-LeaderElection6] INFO  server.RaftServerConfigKeys (ConfUtils.java:logGet(43)) - raft.server.log.appender.buffer.byte-limit = 33554432 (custom)
2019-11-13 21:55:54,679 [d77ba411-c121-4894-aed9-0a060bb3d672@group-B0084D8EEB4C-LeaderElection6] INFO  server.RaftServerConfigKeys (ConfUtils.java:logGet(43)) - raft.server.log.appender.buffer.element-limit = 1 (custom)
2019-11-13 21:55:54,679 [EventQueue-PipelineReportForPipelineReportHandler] INFO  pipeline.PipelineStateManager (PipelineStateManager.java:openPipeline(134)) - Pipeline Pipeline[ Id: ac3684bd-6a95-45e6-a7f1-b0084d8eeb4c, Nodes: d77ba411-c121-4894-aed9-0a060bb3d672{ip: 192.168.34.20, host: pr-hdds-2470-fxbl9-3826649461, networkLocation: /default-rack, certSerialId: null}f251cb10-a284-4816-bcd9-6a5fca322485{ip: 192.168.34.20, host: pr-hdds-2470-fxbl9-3826649461, networkLocation: /default-rack, certSerialId: null}e8ced9c7-6cbf-4b34-8707-66e501603ac9{ip: 192.168.34.20, host: pr-hdds-2470-fxbl9-3826649461, networkLocation: /default-rack, certSerialId: null}, Type:RATIS, Factor:THREE, State:OPEN] moved to OPEN state
2019-11-13 21:55:54,679 [d77ba411-c121-4894-aed9-0a060bb3d672@group-B0084D8EEB4C-LeaderElection6] INFO  grpc.GrpcConfigKeys$Server (ConfUtils.java:logGet(43)) - raft.grpc.server.leader.outstanding.appends.max = 128 (default)
2019-11-13 21:55:54,680 [d77ba411-c121-4894-aed9-0a060bb3d672@group-B0084D8EEB4C-LeaderElection6] INFO  server.RaftServerConfigKeys (ConfUtils.java:logGet(43)) - raft.server.rpc.request.timeout = 3000ms (default)
2019-11-13 21:55:54,681 [d77ba411-c121-4894-aed9-0a060bb3d672@group-B0084D8EEB4C-LeaderElection6] INFO  server.RaftServerConfigKeys (ConfUtils.java:logGet(43)) - raft.server.log.appender.install.snapshot.enabled = false (custom)
2019-11-13 21:55:54,681 [d77ba411-c121-4894-aed9-0a060bb3d672@group-B0084D8EEB4C-LeaderElection6] WARN  impl.MetricRegistriesImpl (MetricRegistriesImpl.java:lambda$create$1(61)) - First MetricRegistry has been created without registering reporters. You may need to call MetricRegistries.global().addReportRegistration(...) before.
2019-11-13 21:55:54,681 [d77ba411-c121-4894-aed9-0a060bb3d672@group-B0084D8EEB4C-LeaderElection6] INFO  server.RaftServerConfigKeys (ConfUtils.java:logGet(43)) - raft.server.log.appender.snapshot.chunk.size.max = 16MB (=16777216) (default)
2019-11-13 21:55:54,681 [d77ba411-c121-4894-aed9-0a060bb3d672@group-B0084D8EEB4C-LeaderElection6] INFO  server.RaftServerConfigKeys (ConfUtils.java:logGet(43)) - raft.server.log.appender.buffer.byte-limit = 33554432 (custom)
2019-11-13 21:55:54,682 [d77ba411-c121-4894-aed9-0a060bb3d672@group-B0084D8EEB4C-LeaderElection6] INFO  server.RaftServerConfigKeys (ConfUtils.java:logGet(43)) - raft.server.log.appender.buffer.element-limit = 1 (custom)
2019-11-13 21:55:54,682 [d77ba411-c121-4894-aed9-0a060bb3d672@group-B0084D8EEB4C-LeaderElection6] INFO  grpc.GrpcConfigKeys$Server (ConfUtils.java:logGet(43)) - raft.grpc.server.leader.outstanding.appends.max = 128 (default)
2019-11-13 21:55:54,682 [d77ba411-c121-4894-aed9-0a060bb3d672@group-B0084D8EEB4C-LeaderElection6] INFO  server.RaftServerConfigKeys (ConfUtils.java:logGet(43)) - raft.server.rpc.request.timeout = 3000ms (default)
2019-11-13 21:55:54,682 [d77ba411-c121-4894-aed9-0a060bb3d672@group-B0084D8EEB4C-LeaderElection6] INFO  server.RaftServerConfigKeys (ConfUtils.java:logGet(43)) - raft.server.log.appender.install.snapshot.enabled = false (custom)
2019-11-13 21:55:54,683 [d77ba411-c121-4894-aed9-0a060bb3d672@group-B0084D8EEB4C-LeaderElection6] INFO  impl.RoleInfo (RoleInfo.java:updateAndGet(143)) - d77ba411-c121-4894-aed9-0a060bb3d672: start LeaderState
2019-11-13 21:55:54,683 [d77ba411-c121-4894-aed9-0a060bb3d672@group-B0084D8EEB4C-LeaderElection6] INFO  segmented.SegmentedRaftLogWorker (SegmentedRaftLogWorker.java:startLogSegment(385)) - d77ba411-c121-4894-aed9-0a060bb3d672@group-B0084D8EEB4C-SegmentedRaftLogWorker: Starting segment from index:0
2019-11-13 21:55:54,683 [d77ba411-c121-4894-aed9-0a060bb3d672@group-B0084D8EEB4C-LeaderElection6] INFO  impl.RaftServerImpl (ServerState.java:setRaftConf(356)) - d77ba411-c121-4894-aed9-0a060bb3d672@group-B0084D8EEB4C: set configuration 0: [e8ced9c7-6cbf-4b34-8707-66e501603ac9:192.168.34.20:34516, d77ba411-c121-4894-aed9-0a060bb3d672:192.168.34.20:39248, f251cb10-a284-4816-bcd9-6a5fca322485:192.168.34.20:34653], old=null at 0
2019-11-13 21:55:54,709 [grpc-default-executor-1] INFO  ratis.XceiverServerRatis (XceiverServerRatis.java:handleLeaderChangedNotification(697)) - Leader change notification received for group: group-B0084D8EEB4C with new leaderId: d77ba411-c121-4894-aed9-0a060bb3d672
2019-11-13 21:55:54,712 [grpc-default-executor-2] INFO  impl.RaftServerProxy (RaftServerProxy.java:remove(95)) - d77ba411-c121-4894-aed9-0a060bb3d672: remove  FOLLOWER d77ba411-c121-4894-aed9-0a060bb3d672@group-1B8EB55A9938:t1, leader=f251cb10-a284-4816-bcd9-6a5fca322485, voted=f251cb10-a284-4816-bcd9-6a5fca322485, raftlog=d77ba411-c121-4894-aed9-0a060bb3d672@group-1B8EB55A9938-SegmentedRaftLog:OPENED:c-1,f-1,i0, conf=-1: [e8ced9c7-6cbf-4b34-8707-66e501603ac9:192.168.34.20:34516, d77ba411-c121-4894-aed9-0a060bb3d672:192.168.34.20:39248, f251cb10-a284-4816-bcd9-6a5fca322485:192.168.34.20:34653], old=null RUNNING
2019-11-13 21:55:54,713 [grpc-default-executor-6] INFO  ratis.XceiverServerRatis (XceiverServerRatis.java:handleLeaderChangedNotification(697)) - Leader change notification received for group: group-B0084D8EEB4C with new leaderId: d77ba411-c121-4894-aed9-0a060bb3d672
2019-11-13 21:55:54,712 [grpc-default-executor-1] INFO  impl.RaftServerImpl (ServerState.java:setLeader(255)) - e8ced9c7-6cbf-4b34-8707-66e501603ac9@group-B0084D8EEB4C: change Leader from null to d77ba411-c121-4894-aed9-0a060bb3d672 at term 1 for appendEntries, leader elected after 5125ms
2019-11-13 21:55:54,714 [grpc-default-executor-6] INFO  impl.RaftServerImpl (ServerState.java:setLeader(255)) - f251cb10-a284-4816-bcd9-6a5fca322485@group-B0084D8EEB4C: change Leader from null to d77ba411-c121-4894-aed9-0a060bb3d672 at term 1 for appendEntries, leader elected after 5129ms
2019-11-13 21:55:54,714 [grpc-default-executor-2] INFO  impl.RaftServerImpl (RaftServerImpl.java:lambda$shutdown$3(250)) - d77ba411-c121-4894-aed9-0a060bb3d672@group-1B8EB55A9938: shutdown
2019-11-13 21:55:54,715 [grpc-default-executor-2] INFO  util.JmxRegister (JmxRegister.java:unregister(73)) - Successfully un-registered JMX Bean with object name Ratis:service=RaftServer,group=group-1B8EB55A9938,id=d77ba411-c121-4894-aed9-0a060bb3d672
2019-11-13 21:55:54,715 [grpc-default-executor-2] INFO  impl.RoleInfo (RoleInfo.java:shutdownFollowerState(121)) - d77ba411-c121-4894-aed9-0a060bb3d672: shutdown FollowerState
2019-11-13 21:55:54,716 [grpc-default-executor-2] INFO  impl.StateMachineUpdater (StateMachineUpdater.java:stopAndJoin(136)) - d77ba411-c121-4894-aed9-0a060bb3d672@group-1B8EB55A9938-StateMachineUpdater: set stopIndex = -1
2019-11-13 21:55:54,716 [d77ba411-c121-4894-aed9-0a060bb3d672@group-B0084D8EEB4C-SegmentedRaftLogWorker] INFO  segmented.SegmentedRaftLogWorker (SegmentedRaftLogWorker.java:execute(576)) - d77ba411-c121-4894-aed9-0a060bb3d672@group-B0084D8EEB4C-SegmentedRaftLogWorker: created new log segment /workdir/hadoop-ozone/tools/target/test-dir/MiniOzoneClusterImpl-5b5b1002-d5c5-4197-9165-0cf04028de8e/datanode-2/data/ratis/ac3684bd-6a95-45e6-a7f1-b0084d8eeb4c/current/log_inprogress_0
2019-11-13 21:55:54,716 [Thread-511] INFO  impl.FollowerState (FollowerState.java:run(120)) - d77ba411-c121-4894-aed9-0a060bb3d672@group-1B8EB55A9938-FollowerState was interrupted: java.lang.InterruptedException: sleep interrupted
2019-11-13 21:55:54,716 [grpc-default-executor-2] INFO  impl.RaftServerImpl (ServerState.java:close(387)) - d77ba411-c121-4894-aed9-0a060bb3d672@group-1B8EB55A9938: closes. applyIndex: -1
2019-11-13 21:55:54,717 [d77ba411-c121-4894-aed9-0a060bb3d672@group-1B8EB55A9938-SegmentedRaftLogWorker] INFO  segmented.SegmentedRaftLogWorker (SegmentedRaftLogWorker.java:run(316)) - d77ba411-c121-4894-aed9-0a060bb3d672@group-1B8EB55A9938-SegmentedRaftLogWorker was interrupted, exiting. There are 0 tasks remaining in the queue.
2019-11-13 21:55:54,717 [grpc-default-executor-2] INFO  segmented.SegmentedRaftLogWorker (SegmentedRaftLogWorker.java:close(224)) - d77ba411-c121-4894-aed9-0a060bb3d672@group-1B8EB55A9938-SegmentedRaftLogWorker close()
2019-11-13 21:55:54,719 [grpc-default-executor-1] INFO  impl.RaftServerImpl (ServerState.java:setRaftConf(356)) - f251cb10-a284-4816-bcd9-6a5fca322485@group-B0084D8EEB4C: set configuration 0: [e8ced9c7-6cbf-4b34-8707-66e501603ac9:192.168.34.20:34516, d77ba411-c121-4894-aed9-0a060bb3d672:192.168.34.20:39248, f251cb10-a284-4816-bcd9-6a5fca322485:192.168.34.20:34653], old=null at 0
2019-11-13 21:55:54,719 [grpc-default-executor-6] INFO  impl.RaftServerImpl (ServerState.java:setRaftConf(356)) - e8ced9c7-6cbf-4b34-8707-66e501603ac9@group-B0084D8EEB4C: set configuration 0: [e8ced9c7-6cbf-4b34-8707-66e501603ac9:192.168.34.20:34516, d77ba411-c121-4894-aed9-0a060bb3d672:192.168.34.20:39248, f251cb10-a284-4816-bcd9-6a5fca322485:192.168.34.20:34653], old=null at 0
2019-11-13 21:55:54,719 [grpc-default-executor-1] INFO  segmented.SegmentedRaftLogWorker (SegmentedRaftLogWorker.java:startLogSegment(385)) - f251cb10-a284-4816-bcd9-6a5fca322485@group-B0084D8EEB4C-SegmentedRaftLogWorker: Starting segment from index:0
2019-11-13 21:55:54,719 [grpc-default-executor-6] INFO  segmented.SegmentedRaftLogWorker (SegmentedRaftLogWorker.java:startLogSegment(385)) - e8ced9c7-6cbf-4b34-8707-66e501603ac9@group-B0084D8EEB4C-SegmentedRaftLogWorker: Starting segment from index:0
2019-11-13 21:55:54,749 [f251cb10-a284-4816-bcd9-6a5fca322485@group-B0084D8EEB4C-SegmentedRaftLogWorker] INFO  segmented.SegmentedRaftLogWorker (SegmentedRaftLogWorker.java:execute(576)) - f251cb10-a284-4816-bcd9-6a5fca322485@group-B0084D8EEB4C-SegmentedRaftLogWorker: created new log segment /workdir/hadoop-ozone/tools/target/test-dir/MiniOzoneClusterImpl-5b5b1002-d5c5-4197-9165-0cf04028de8e/datanode-0/data/ratis/ac3684bd-6a95-45e6-a7f1-b0084d8eeb4c/current/log_inprogress_0
2019-11-13 21:55:54,749 [e8ced9c7-6cbf-4b34-8707-66e501603ac9@group-B0084D8EEB4C-SegmentedRaftLogWorker] INFO  segmented.SegmentedRaftLogWorker (SegmentedRaftLogWorker.java:execute(576)) - e8ced9c7-6cbf-4b34-8707-66e501603ac9@group-B0084D8EEB4C-SegmentedRaftLogWorker: created new log segment /workdir/hadoop-ozone/tools/target/test-dir/MiniOzoneClusterImpl-5b5b1002-d5c5-4197-9165-0cf04028de8e/datanode-1/data/ratis/ac3684bd-6a95-45e6-a7f1-b0084d8eeb4c/current/log_inprogress_0
]]></system-out>
    <system-err><![CDATA[ERROR StatusLogger No Log4j 2 configuration file found. Using default configuration (logging only errors to the console), or user programmatically provided configurations. Set system property 'log4j2.debug' to show Log4j 2 internal initialization logging. See https://logging.apache.org/log4j/2.x/manual/configuration.html for instructions on how to configure Log4j 2
]]></system-err>
  </testcase>
</testsuite>