<?xml version="1.0" encoding="UTF-8"?>
<testsuite xmlns:xsi="http://www.w3.org/2001/XMLSchema-instance" xsi:noNamespaceSchemaLocation="https://maven.apache.org/surefire/maven-surefire-plugin/xsd/surefire-test-report.xsd" name="org.apache.hadoop.ozone.client.rpc.TestFailureHandlingByClient" time="274.426" tests="5" errors="1" skipped="0" failures="1">
  <properties>
    <property name="awt.toolkit" value="sun.awt.X11.XToolkit"/>
    <property name="file.encoding.pkg" value="sun.io"/>
    <property name="java.specification.version" value="1.8"/>
    <property name="sun.cpu.isalist" value=""/>
    <property name="sun.jnu.encoding" value="ANSI_X3.4-1968"/>
    <property name="java.class.path" value="/workdir/hadoop-ozone/integration-test/target/test-classes:/workdir/hadoop-ozone/integration-test/target/classes:/home/user/.m2/repository/org/apache/hadoop/hadoop-ozone-common/0.5.0-SNAPSHOT/hadoop-ozone-common-0.5.0-SNAPSHOT.jar:/home/user/.m2/repository/org/apache/commons/commons-compress/1.4.1/commons-compress-1.4.1.jar:/home/user/.m2/repository/org/tukaani/xz/1.0/xz-1.0.jar:/home/user/.m2/repository/org/apache/hadoop/hadoop-common/3.2.0/hadoop-common-3.2.0.jar:/home/user/.m2/repository/org/apache/hadoop/hadoop-hdfs/3.2.0/hadoop-hdfs-3.2.0.jar:/home/user/.m2/repository/org/apache/hadoop/hadoop-hdfs-client/3.2.0/hadoop-hdfs-client-3.2.0.jar:/home/user/.m2/repository/com/fasterxml/jackson/core/jackson-annotations/2.9.9/jackson-annotations-2.9.9.jar:/home/user/.m2/repository/org/apache/hadoop/hadoop-hdds-common/0.5.0-SNAPSHOT/hadoop-hdds-common-0.5.0-SNAPSHOT.jar:/home/user/.m2/repository/javax/annotation/javax.annotation-api/1.2/javax.annotation-api-1.2.jar:/home/user/.m2/repository/org/apache/ratis/ratis-server/0.5.0-d6d58d0-SNAPSHOT/ratis-server-0.5.0-d6d58d0-SNAPSHOT.jar:/home/user/.m2/repository/org/apache/ratis/ratis-thirdparty-misc/0.2.0/ratis-thirdparty-misc-0.2.0.jar:/home/user/.m2/repository/org/apache/ratis/ratis-proto/0.5.0-d6d58d0-SNAPSHOT/ratis-proto-0.5.0-d6d58d0-SNAPSHOT.jar:/home/user/.m2/repository/org/apache/ratis/ratis-common/0.5.0-d6d58d0-SNAPSHOT/ratis-common-0.5.0-d6d58d0-SNAPSHOT.jar:/home/user/.m2/repository/org/apache/ratis/ratis-client/0.5.0-d6d58d0-SNAPSHOT/ratis-client-0.5.0-d6d58d0-SNAPSHOT.jar:/home/user/.m2/repository/org/apache/ratis/ratis-metrics/0.5.0-d6d58d0-SNAPSHOT/ratis-metrics-0.5.0-d6d58d0-SNAPSHOT.jar:/home/user/.m2/repository/org/apache/ratis/ratis-netty/0.5.0-d6d58d0-SNAPSHOT/ratis-netty-0.5.0-d6d58d0-SNAPSHOT.jar:/home/user/.m2/repository/org/apache/ratis/ratis-grpc/0.5.0-d6d58d0-SNAPSHOT/ratis-grpc-0.5.0-d6d58d0-SNAPSHOT.jar:/home/user/.m2/repository/org/rocksdb/rocksdbjni/6.0.1/rocksdbjni-6.0.1.jar:/home/user/.m2/repository/org/apache/logging/log4j/log4j-api/2.11.0/log4j-api-2.11.0.jar:/home/user/.m2/repository/org/apache/logging/log4j/log4j-core/2.11.0/log4j-core-2.11.0.jar:/home/user/.m2/repository/com/lmax/disruptor/3.4.2/disruptor-3.4.2.jar:/home/user/.m2/repository/org/apache/commons/commons-pool2/2.6.0/commons-pool2-2.6.0.jar:/home/user/.m2/repository/org/bouncycastle/bcpkix-jdk15on/1.60/bcpkix-jdk15on-1.60.jar:/home/user/.m2/repository/commons-validator/commons-validator/1.6/commons-validator-1.6.jar:/home/user/.m2/repository/commons-digester/commons-digester/1.8.1/commons-digester-1.8.1.jar:/home/user/.m2/repository/io/jaegertracing/jaeger-client/0.34.0/jaeger-client-0.34.0.jar:/home/user/.m2/repository/io/jaegertracing/jaeger-thrift/0.34.0/jaeger-thrift-0.34.0.jar:/home/user/.m2/repository/org/apache/thrift/libthrift/0.12.0/libthrift-0.12.0.jar:/home/user/.m2/repository/com/squareup/okhttp3/okhttp/3.9.0/okhttp-3.9.0.jar:/home/user/.m2/repository/com/squareup/okio/okio/1.13.0/okio-1.13.0.jar:/home/user/.m2/repository/io/jaegertracing/jaeger-core/0.34.0/jaeger-core-0.34.0.jar:/home/user/.m2/repository/io/jaegertracing/jaeger-tracerresolver/0.34.0/jaeger-tracerresolver-0.34.0.jar:/home/user/.m2/repository/io/opentracing/contrib/opentracing-tracerresolver/0.1.5/opentracing-tracerresolver-0.1.5.jar:/home/user/.m2/repository/io/opentracing/opentracing-util/0.31.0/opentracing-util-0.31.0.jar:/home/user/.m2/repository/io/opentracing/opentracing-api/0.31.0/opentracing-api-0.31.0.jar:/home/user/.m2/repository/io/opentracing/opentracing-noop/0.31.0/opentracing-noop-0.31.0.jar:/home/user/.m2/repository/org/apache/hadoop/hadoop-hdds-server-framework/0.5.0-SNAPSHOT/hadoop-hdds-server-framework-0.5.0-SNAPSHOT.jar:/home/user/.m2/repository/org/apache/hadoop/hadoop-hdds-container-service/0.5.0-SNAPSHOT/hadoop-hdds-container-service-0.5.0-SNAPSHOT.jar:/home/user/.m2/repository/org/apache/hadoop/hadoop-hdds-client/0.5.0-SNAPSHOT/hadoop-hdds-client-0.5.0-SNAPSHOT.jar:/home/user/.m2/repository/org/apache/hadoop/hadoop-hdds-tools/0.5.0-SNAPSHOT/hadoop-hdds-tools-0.5.0-SNAPSHOT.jar:/home/user/.m2/repository/org/apache/hadoop/hadoop-hdds-server-scm/0.5.0-SNAPSHOT/hadoop-hdds-server-scm-0.5.0-SNAPSHOT.jar:/home/user/.m2/repository/org/apache/hadoop/hadoop-hdds-docs/0.5.0-SNAPSHOT/hadoop-hdds-docs-0.5.0-SNAPSHOT.jar:/home/user/.m2/repository/io/dropwizard/metrics/metrics-core/3.2.4/metrics-core-3.2.4.jar:/home/user/.m2/repository/org/hamcrest/hamcrest-all/1.3/hamcrest-all-1.3.jar:/home/user/.m2/repository/org/bouncycastle/bcprov-jdk15on/1.60/bcprov-jdk15on-1.60.jar:/home/user/.m2/repository/info/picocli/picocli/3.9.6/picocli-3.9.6.jar:/home/user/.m2/repository/com/google/protobuf/protobuf-java/2.5.0/protobuf-java-2.5.0.jar:/home/user/.m2/repository/com/google/guava/guava/11.0.2/guava-11.0.2.jar:/home/user/.m2/repository/org/apache/hadoop/hadoop-ozone-ozone-manager/0.5.0-SNAPSHOT/hadoop-ozone-ozone-manager-0.5.0-SNAPSHOT.jar:/home/user/.m2/repository/org/apache/hadoop/hadoop-minikdc/3.2.0/hadoop-minikdc-3.2.0.jar:/home/user/.m2/repository/commons-io/commons-io/2.5/commons-io-2.5.jar:/home/user/.m2/repository/org/apache/kerby/kerb-simplekdc/1.0.1/kerb-simplekdc-1.0.1.jar:/home/user/.m2/repository/org/apache/kerby/kerb-client/1.0.1/kerb-client-1.0.1.jar:/home/user/.m2/repository/org/apache/kerby/kerby-config/1.0.1/kerby-config-1.0.1.jar:/home/user/.m2/repository/org/apache/kerby/kerb-core/1.0.1/kerb-core-1.0.1.jar:/home/user/.m2/repository/org/apache/kerby/kerby-pkix/1.0.1/kerby-pkix-1.0.1.jar:/home/user/.m2/repository/org/apache/kerby/kerby-asn1/1.0.1/kerby-asn1-1.0.1.jar:/home/user/.m2/repository/org/apache/kerby/kerby-util/1.0.1/kerby-util-1.0.1.jar:/home/user/.m2/repository/org/apache/kerby/kerb-common/1.0.1/kerb-common-1.0.1.jar:/home/user/.m2/repository/org/apache/kerby/kerb-crypto/1.0.1/kerb-crypto-1.0.1.jar:/home/user/.m2/repository/org/apache/kerby/kerb-util/1.0.1/kerb-util-1.0.1.jar:/home/user/.m2/repository/org/apache/kerby/token-provider/1.0.1/token-provider-1.0.1.jar:/home/user/.m2/repository/org/apache/kerby/kerb-admin/1.0.1/kerb-admin-1.0.1.jar:/home/user/.m2/repository/org/apache/kerby/kerb-server/1.0.1/kerb-server-1.0.1.jar:/home/user/.m2/repository/org/apache/kerby/kerb-identity/1.0.1/kerb-identity-1.0.1.jar:/home/user/.m2/repository/org/apache/kerby/kerby-xdr/1.0.1/kerby-xdr-1.0.1.jar:/home/user/.m2/repository/org/slf4j/slf4j-log4j12/1.7.25/slf4j-log4j12-1.7.25.jar:/home/user/.m2/repository/org/apache/hadoop/hadoop-ozone-s3gateway/0.5.0-SNAPSHOT/hadoop-ozone-s3gateway-0.5.0-SNAPSHOT.jar:/home/user/.m2/repository/org/jboss/weld/servlet/weld-servlet/2.4.7.Final/weld-servlet-2.4.7.Final.jar:/home/user/.m2/repository/org/glassfish/jersey/containers/jersey-container-servlet-core/2.27/jersey-container-servlet-core-2.27.jar:/home/user/.m2/repository/org/glassfish/hk2/external/javax.inject/2.5.0-b42/javax.inject-2.5.0-b42.jar:/home/user/.m2/repository/org/glassfish/jersey/core/jersey-common/2.27/jersey-common-2.27.jar:/home/user/.m2/repository/org/glassfish/hk2/osgi-resource-locator/1.0.1/osgi-resource-locator-1.0.1.jar:/home/user/.m2/repository/javax/ws/rs/javax.ws.rs-api/2.1/javax.ws.rs-api-2.1.jar:/home/user/.m2/repository/org/glassfish/jersey/ext/cdi/jersey-cdi1x/2.27/jersey-cdi1x-2.27.jar:/home/user/.m2/repository/org/glassfish/jersey/inject/jersey-hk2/2.27/jersey-hk2-2.27.jar:/home/user/.m2/repository/org/glassfish/hk2/hk2-locator/2.5.0-b42/hk2-locator-2.5.0-b42.jar:/home/user/.m2/repository/org/javassist/javassist/3.22.0-CR2/javassist-3.22.0-CR2.jar:/home/user/.m2/repository/org/glassfish/hk2/hk2-api/2.5.0/hk2-api-2.5.0.jar:/home/user/.m2/repository/org/glassfish/hk2/external/jakarta.inject/2.5.0/jakarta.inject-2.5.0.jar:/home/user/.m2/repository/org/glassfish/hk2/hk2-utils/2.5.0/hk2-utils-2.5.0.jar:/home/user/.m2/repository/jakarta/annotation/jakarta.annotation-api/1.3.4/jakarta.annotation-api-1.3.4.jar:/home/user/.m2/repository/org/glassfish/hk2/external/aopalliance-repackaged/2.5.0/aopalliance-repackaged-2.5.0.jar:/home/user/.m2/repository/com/fasterxml/jackson/dataformat/jackson-dataformat-xml/2.9.0/jackson-dataformat-xml-2.9.0.jar:/home/user/.m2/repository/com/fasterxml/jackson/core/jackson-core/2.9.9/jackson-core-2.9.9.jar:/home/user/.m2/repository/com/fasterxml/jackson/module/jackson-module-jaxb-annotations/2.9.9/jackson-module-jaxb-annotations-2.9.9.jar:/home/user/.m2/repository/javax/enterprise/cdi-api/1.2/cdi-api-1.2.jar:/home/user/.m2/repository/javax/el/javax.el-api/3.0.0/javax.el-api-3.0.0.jar:/home/user/.m2/repository/javax/interceptor/javax.interceptor-api/1.2/javax.interceptor-api-1.2.jar:/home/user/.m2/repository/javax/inject/javax.inject/1/javax.inject-1.jar:/home/user/.m2/repository/com/sun/xml/bind/jaxb-impl/2.3.0.1/jaxb-impl-2.3.0.1.jar:/home/user/.m2/repository/com/sun/xml/bind/jaxb-core/2.3.0.1/jaxb-core-2.3.0.1.jar:/home/user/.m2/repository/javax/xml/bind/jaxb-api/2.3.0/jaxb-api-2.3.0.jar:/home/user/.m2/repository/javax/activation/activation/1.1.1/activation-1.1.1.jar:/home/user/.m2/repository/org/apache/hadoop/hadoop-ozone-csi/0.5.0-SNAPSHOT/hadoop-ozone-csi-0.5.0-SNAPSHOT.jar:/home/user/.m2/repository/com/google/protobuf/protobuf-java-util/3.5.1/protobuf-java-util-3.5.1.jar:/home/user/.m2/repository/org/apache/hadoop/hadoop-hdds-config/0.5.0-SNAPSHOT/hadoop-hdds-config-0.5.0-SNAPSHOT.jar:/home/user/.m2/repository/io/grpc/grpc-netty/1.17.1/grpc-netty-1.17.1.jar:/home/user/.m2/repository/io/grpc/grpc-core/1.17.1/grpc-core-1.17.1.jar:/home/user/.m2/repository/io/grpc/grpc-context/1.17.1/grpc-context-1.17.1.jar:/home/user/.m2/repository/com/google/errorprone/error_prone_annotations/2.2.0/error_prone_annotations-2.2.0.jar:/home/user/.m2/repository/org/codehaus/mojo/animal-sniffer-annotations/1.17/animal-sniffer-annotations-1.17.jar:/home/user/.m2/repository/io/opencensus/opencensus-api/0.17.0/opencensus-api-0.17.0.jar:/home/user/.m2/repository/io/opencensus/opencensus-contrib-grpc-metrics/0.17.0/opencensus-contrib-grpc-metrics-0.17.0.jar:/home/user/.m2/repository/io/netty/netty-codec-http2/4.1.30.Final/netty-codec-http2-4.1.30.Final.jar:/home/user/.m2/repository/io/netty/netty-codec-http/4.1.30.Final/netty-codec-http-4.1.30.Final.jar:/home/user/.m2/repository/io/netty/netty-codec/4.1.30.Final/netty-codec-4.1.30.Final.jar:/home/user/.m2/repository/io/netty/netty-handler/4.1.30.Final/netty-handler-4.1.30.Final.jar:/home/user/.m2/repository/io/netty/netty-handler-proxy/4.1.30.Final/netty-handler-proxy-4.1.30.Final.jar:/home/user/.m2/repository/io/netty/netty-codec-socks/4.1.30.Final/netty-codec-socks-4.1.30.Final.jar:/home/user/.m2/repository/io/netty/netty-transport-native-epoll/4.1.30.Final/netty-transport-native-epoll-4.1.30.Final.jar:/home/user/.m2/repository/io/netty/netty-common/4.1.30.Final/netty-common-4.1.30.Final.jar:/home/user/.m2/repository/io/netty/netty-buffer/4.1.30.Final/netty-buffer-4.1.30.Final.jar:/home/user/.m2/repository/io/netty/netty-transport/4.1.30.Final/netty-transport-4.1.30.Final.jar:/home/user/.m2/repository/io/netty/netty-resolver/4.1.30.Final/netty-resolver-4.1.30.Final.jar:/home/user/.m2/repository/io/netty/netty-transport-native-unix-common/4.1.30.Final/netty-transport-native-unix-common-4.1.30.Final.jar:/home/user/.m2/repository/io/grpc/grpc-protobuf/1.17.1/grpc-protobuf-1.17.1.jar:/home/user/.m2/repository/com/google/api/grpc/proto-google-common-protos/1.0.0/proto-google-common-protos-1.0.0.jar:/home/user/.m2/repository/io/grpc/grpc-protobuf-lite/1.17.1/grpc-protobuf-lite-1.17.1.jar:/home/user/.m2/repository/io/grpc/grpc-stub/1.17.1/grpc-stub-1.17.1.jar:/home/user/.m2/repository/org/apache/hadoop/hadoop-ozone-recon/0.5.0-SNAPSHOT/hadoop-ozone-recon-0.5.0-SNAPSHOT.jar:/home/user/.m2/repository/org/apache/hadoop/hadoop-ozone-reconcodegen/0.5.0-SNAPSHOT/hadoop-ozone-reconcodegen-0.5.0-SNAPSHOT.jar:/home/user/.m2/repository/com/google/inject/extensions/guice-multibindings/4.0/guice-multibindings-4.0.jar:/home/user/.m2/repository/com/google/inject/guice/4.0/guice-4.0.jar:/home/user/.m2/repository/aopalliance/aopalliance/1.0/aopalliance-1.0.jar:/home/user/.m2/repository/com/google/inject/extensions/guice-servlet/4.0/guice-servlet-4.0.jar:/home/user/.m2/repository/org/glassfish/jersey/containers/jersey-container-servlet/2.27/jersey-container-servlet-2.27.jar:/home/user/.m2/repository/org/glassfish/hk2/guice-bridge/2.5.0/guice-bridge-2.5.0.jar:/home/user/.m2/repository/org/glassfish/jersey/core/jersey-server/2.27/jersey-server-2.27.jar:/home/user/.m2/repository/org/glassfish/jersey/core/jersey-client/2.27/jersey-client-2.27.jar:/home/user/.m2/repository/org/glassfish/jersey/media/jersey-media-jaxb/2.27/jersey-media-jaxb-2.27.jar:/home/user/.m2/repository/javax/validation/validation-api/1.1.0.Final/validation-api-1.1.0.Final.jar:/home/user/.m2/repository/org/glassfish/jersey/media/jersey-media-json-jackson/2.27/jersey-media-json-jackson-2.27.jar:/home/user/.m2/repository/org/glassfish/jersey/ext/jersey-entity-filtering/2.27/jersey-entity-filtering-2.27.jar:/home/user/.m2/repository/com/google/inject/extensions/guice-assistedinject/4.0/guice-assistedinject-4.0.jar:/home/user/.m2/repository/org/jooq/jooq/3.11.10/jooq-3.11.10.jar:/home/user/.m2/repository/org/jooq/jooq-meta/3.11.10/jooq-meta-3.11.10.jar:/home/user/.m2/repository/org/jooq/jooq-codegen/3.11.10/jooq-codegen-3.11.10.jar:/home/user/.m2/repository/com/jolbox/bonecp/0.8.0.RELEASE/bonecp-0.8.0.RELEASE.jar:/home/user/.m2/repository/org/xerial/sqlite-jdbc/3.25.2/sqlite-jdbc-3.25.2.jar:/home/user/.m2/repository/org/springframework/spring-jdbc/5.1.3.RELEASE/spring-jdbc-5.1.3.RELEASE.jar:/home/user/.m2/repository/org/springframework/spring-beans/5.1.3.RELEASE/spring-beans-5.1.3.RELEASE.jar:/home/user/.m2/repository/org/springframework/spring-core/5.1.3.RELEASE/spring-core-5.1.3.RELEASE.jar:/home/user/.m2/repository/org/springframework/spring-jcl/5.1.3.RELEASE/spring-jcl-5.1.3.RELEASE.jar:/home/user/.m2/repository/org/springframework/spring-tx/5.1.3.RELEASE/spring-tx-5.1.3.RELEASE.jar:/home/user/.m2/repository/org/apache/hadoop/hadoop-ozone-client/0.5.0-SNAPSHOT/hadoop-ozone-client-0.5.0-SNAPSHOT.jar:/home/user/.m2/repository/commons-lang/commons-lang/2.6/commons-lang-2.6.jar:/home/user/.m2/repository/org/apache/hadoop/hadoop-ozone-ozone-manager/0.5.0-SNAPSHOT/hadoop-ozone-ozone-manager-0.5.0-SNAPSHOT-tests.jar:/home/user/.m2/repository/junit/junit/4.11/junit-4.11.jar:/home/user/.m2/repository/org/hamcrest/hamcrest-core/1.3/hamcrest-core-1.3.jar:/home/user/.m2/repository/org/openjdk/jmh/jmh-core/1.19/jmh-core-1.19.jar:/home/user/.m2/repository/net/sf/jopt-simple/jopt-simple/4.6/jopt-simple-4.6.jar:/home/user/.m2/repository/org/apache/commons/commons-math3/3.1.1/commons-math3-3.1.1.jar:/home/user/.m2/repository/org/openjdk/jmh/jmh-generator-annprocess/1.19/jmh-generator-annprocess-1.19.jar:/home/user/.m2/repository/org/mockito/mockito-all/1.8.5/mockito-all-1.8.5.jar:/home/user/.m2/repository/org/apache/hadoop/hadoop-kms/3.2.0/hadoop-kms-3.2.0.jar:/home/user/.m2/repository/org/apache/hadoop/hadoop-auth/3.2.0/hadoop-auth-3.2.0.jar:/home/user/.m2/repository/com/nimbusds/nimbus-jose-jwt/4.41.1/nimbus-jose-jwt-4.41.1.jar:/home/user/.m2/repository/com/github/stephenc/jcip/jcip-annotations/1.0-1/jcip-annotations-1.0-1.jar:/home/user/.m2/repository/net/minidev/json-smart/2.3/json-smart-2.3.jar:/home/user/.m2/repository/net/minidev/accessors-smart/1.2/accessors-smart-1.2.jar:/home/user/.m2/repository/org/ow2/asm/asm/5.0.4/asm-5.0.4.jar:/home/user/.m2/repository/org/apache/curator/curator-framework/2.12.0/curator-framework-2.12.0.jar:/home/user/.m2/repository/com/sun/jersey/jersey-core/1.19/jersey-core-1.19.jar:/home/user/.m2/repository/javax/ws/rs/jsr311-api/1.1.1/jsr311-api-1.1.1.jar:/home/user/.m2/repository/com/sun/jersey/jersey-server/1.19/jersey-server-1.19.jar:/home/user/.m2/repository/javax/servlet/javax.servlet-api/3.1.0/javax.servlet-api-3.1.0.jar:/home/user/.m2/repository/org/eclipse/jetty/jetty-server/9.3.25.v20180904/jetty-server-9.3.25.v20180904.jar:/home/user/.m2/repository/org/eclipse/jetty/jetty-http/9.3.25.v20180904/jetty-http-9.3.25.v20180904.jar:/home/user/.m2/repository/org/eclipse/jetty/jetty-io/9.3.25.v20180904/jetty-io-9.3.25.v20180904.jar:/home/user/.m2/repository/org/eclipse/jetty/jetty-webapp/9.3.25.v20180904/jetty-webapp-9.3.25.v20180904.jar:/home/user/.m2/repository/org/eclipse/jetty/jetty-xml/9.3.25.v20180904/jetty-xml-9.3.25.v20180904.jar:/home/user/.m2/repository/log4j/log4j/1.2.17/log4j-1.2.17.jar:/home/user/.m2/repository/org/slf4j/slf4j-api/1.7.25/slf4j-api-1.7.25.jar:/home/user/.m2/repository/org/slf4j/jul-to-slf4j/1.7.25/jul-to-slf4j-1.7.25.jar:/home/user/.m2/repository/org/eclipse/jetty/jetty-util/9.3.25.v20180904/jetty-util-9.3.25.v20180904.jar:/home/user/.m2/repository/com/fasterxml/jackson/core/jackson-databind/2.9.9/jackson-databind-2.9.9.jar:/home/user/.m2/repository/org/apache/hadoop/hadoop-kms/3.2.0/hadoop-kms-3.2.0-tests.jar:/home/user/.m2/repository/org/apache/hadoop/hadoop-hdds-server-scm/0.5.0-SNAPSHOT/hadoop-hdds-server-scm-0.5.0-SNAPSHOT-tests.jar:/home/user/.m2/repository/org/apache/hadoop/hadoop-hdds-container-service/0.5.0-SNAPSHOT/hadoop-hdds-container-service-0.5.0-SNAPSHOT-tests.jar:/home/user/.m2/repository/org/yaml/snakeyaml/1.16/snakeyaml-1.16.jar:/home/user/.m2/repository/org/apache/hadoop/hadoop-common/3.2.0/hadoop-common-3.2.0-tests.jar:/home/user/.m2/repository/org/apache/hadoop/hadoop-annotations/3.2.0/hadoop-annotations-3.2.0.jar:/usr/lib/jvm/java-1.8.0-openjdk-1.8.0.222.b10-1.el7_7.x86_64/jre/../lib/tools.jar:/home/user/.m2/repository/commons-cli/commons-cli/1.2/commons-cli-1.2.jar:/home/user/.m2/repository/org/apache/httpcomponents/httpclient/4.5.2/httpclient-4.5.2.jar:/home/user/.m2/repository/org/apache/httpcomponents/httpcore/4.4.4/httpcore-4.4.4.jar:/home/user/.m2/repository/commons-codec/commons-codec/1.11/commons-codec-1.11.jar:/home/user/.m2/repository/commons-net/commons-net/3.6/commons-net-3.6.jar:/home/user/.m2/repository/commons-collections/commons-collections/3.2.2/commons-collections-3.2.2.jar:/home/user/.m2/repository/org/eclipse/jetty/jetty-servlet/9.3.25.v20180904/jetty-servlet-9.3.25.v20180904.jar:/home/user/.m2/repository/org/eclipse/jetty/jetty-security/9.3.25.v20180904/jetty-security-9.3.25.v20180904.jar:/home/user/.m2/repository/javax/servlet/jsp/jsp-api/2.1/jsp-api-2.1.jar:/home/user/.m2/repository/com/sun/jersey/jersey-servlet/1.19/jersey-servlet-1.19.jar:/home/user/.m2/repository/com/sun/jersey/jersey-json/1.19/jersey-json-1.19.jar:/home/user/.m2/repository/org/codehaus/jettison/jettison/1.1/jettison-1.1.jar:/home/user/.m2/repository/org/codehaus/jackson/jackson-core-asl/1.9.13/jackson-core-asl-1.9.13.jar:/home/user/.m2/repository/org/codehaus/jackson/jackson-mapper-asl/1.9.13/jackson-mapper-asl-1.9.13.jar:/home/user/.m2/repository/org/codehaus/jackson/jackson-jaxrs/1.9.13/jackson-jaxrs-1.9.13.jar:/home/user/.m2/repository/org/codehaus/jackson/jackson-xc/1.9.13/jackson-xc-1.9.13.jar:/home/user/.m2/repository/commons-logging/commons-logging/1.1.3/commons-logging-1.1.3.jar:/home/user/.m2/repository/commons-beanutils/commons-beanutils/1.9.4/commons-beanutils-1.9.4.jar:/home/user/.m2/repository/org/apache/commons/commons-configuration2/2.1.1/commons-configuration2-2.1.1.jar:/home/user/.m2/repository/org/apache/commons/commons-lang3/3.7/commons-lang3-3.7.jar:/home/user/.m2/repository/org/apache/commons/commons-text/1.4/commons-text-1.4.jar:/home/user/.m2/repository/org/apache/avro/avro/1.7.7/avro-1.7.7.jar:/home/user/.m2/repository/com/thoughtworks/paranamer/paranamer/2.3/paranamer-2.3.jar:/home/user/.m2/repository/org/xerial/snappy/snappy-java/1.0.5/snappy-java-1.0.5.jar:/home/user/.m2/repository/com/google/re2j/re2j/1.1/re2j-1.1.jar:/home/user/.m2/repository/com/google/code/gson/gson/2.2.4/gson-2.2.4.jar:/home/user/.m2/repository/com/jcraft/jsch/0.1.54/jsch-0.1.54.jar:/home/user/.m2/repository/org/apache/curator/curator-client/2.12.0/curator-client-2.12.0.jar:/home/user/.m2/repository/org/apache/curator/curator-recipes/2.12.0/curator-recipes-2.12.0.jar:/home/user/.m2/repository/com/google/code/findbugs/jsr305/3.0.0/jsr305-3.0.0.jar:/home/user/.m2/repository/org/apache/htrace/htrace-core4/4.1.0-incubating/htrace-core4-4.1.0-incubating.jar:/home/user/.m2/repository/org/apache/zookeeper/zookeeper/3.4.13/zookeeper-3.4.13.jar:/home/user/.m2/repository/jline/jline/0.9.94/jline-0.9.94.jar:/home/user/.m2/repository/org/apache/yetus/audience-annotations/0.5.0/audience-annotations-0.5.0.jar:/home/user/.m2/repository/org/codehaus/woodstox/stax2-api/3.1.4/stax2-api-3.1.4.jar:/home/user/.m2/repository/com/fasterxml/woodstox/woodstox-core/5.0.3/woodstox-core-5.0.3.jar:/home/user/.m2/repository/dnsjava/dnsjava/2.1.7/dnsjava-2.1.7.jar:/home/user/.m2/repository/org/apache/hadoop/hadoop-hdfs/3.2.0/hadoop-hdfs-3.2.0-tests.jar:/home/user/.m2/repository/org/eclipse/jetty/jetty-util-ajax/9.3.25.v20180904/jetty-util-ajax-9.3.25.v20180904.jar:/home/user/.m2/repository/commons-daemon/commons-daemon/1.0.13/commons-daemon-1.0.13.jar:/home/user/.m2/repository/io/netty/netty/3.10.5.Final/netty-3.10.5.Final.jar:/home/user/.m2/repository/io/netty/netty-all/4.0.52.Final/netty-all-4.0.52.Final.jar:/home/user/.m2/repository/org/fusesource/leveldbjni/leveldbjni-all/1.8/leveldbjni-all-1.8.jar:"/>
    <property name="java.vm.vendor" value="Oracle Corporation"/>
    <property name="sun.arch.data.model" value="64"/>
    <property name="test.build.dir" value="/workdir/hadoop-ozone/integration-test/target/test-dir"/>
    <property name="test.cache.data" value=""/>
    <property name="java.vendor.url" value="http://java.oracle.com/"/>
    <property name="user.timezone" value=""/>
    <property name="java.vm.specification.version" value="1.8"/>
    <property name="os.name" value="Linux"/>
    <property name="test.build.data" value="/workdir/hadoop-ozone/integration-test/target/test-dir"/>
    <property name="user.country" value="US"/>
    <property name="sun.java.launcher" value="SUN_STANDARD"/>
    <property name="sun.boot.library.path" value="/usr/lib/jvm/java-1.8.0-openjdk-1.8.0.222.b10-1.el7_7.x86_64/jre/lib/amd64"/>
    <property name="sun.java.command" value="/workdir/hadoop-ozone/integration-test/target/surefire/surefirebooter7609158617068731719.jar /workdir/hadoop-ozone/integration-test/target/surefire 2019-11-13T19-18-42_215-jvmRun1 surefire3904698189592512035tmp surefire_512838060377255909689tmp"/>
    <property name="surefire.test.class.path" value="/workdir/hadoop-ozone/integration-test/target/test-classes:/workdir/hadoop-ozone/integration-test/target/classes:/home/user/.m2/repository/org/apache/hadoop/hadoop-ozone-common/0.5.0-SNAPSHOT/hadoop-ozone-common-0.5.0-SNAPSHOT.jar:/home/user/.m2/repository/org/apache/commons/commons-compress/1.4.1/commons-compress-1.4.1.jar:/home/user/.m2/repository/org/tukaani/xz/1.0/xz-1.0.jar:/home/user/.m2/repository/org/apache/hadoop/hadoop-common/3.2.0/hadoop-common-3.2.0.jar:/home/user/.m2/repository/org/apache/hadoop/hadoop-hdfs/3.2.0/hadoop-hdfs-3.2.0.jar:/home/user/.m2/repository/org/apache/hadoop/hadoop-hdfs-client/3.2.0/hadoop-hdfs-client-3.2.0.jar:/home/user/.m2/repository/com/fasterxml/jackson/core/jackson-annotations/2.9.9/jackson-annotations-2.9.9.jar:/home/user/.m2/repository/org/apache/hadoop/hadoop-hdds-common/0.5.0-SNAPSHOT/hadoop-hdds-common-0.5.0-SNAPSHOT.jar:/home/user/.m2/repository/javax/annotation/javax.annotation-api/1.2/javax.annotation-api-1.2.jar:/home/user/.m2/repository/org/apache/ratis/ratis-server/0.5.0-d6d58d0-SNAPSHOT/ratis-server-0.5.0-d6d58d0-SNAPSHOT.jar:/home/user/.m2/repository/org/apache/ratis/ratis-thirdparty-misc/0.2.0/ratis-thirdparty-misc-0.2.0.jar:/home/user/.m2/repository/org/apache/ratis/ratis-proto/0.5.0-d6d58d0-SNAPSHOT/ratis-proto-0.5.0-d6d58d0-SNAPSHOT.jar:/home/user/.m2/repository/org/apache/ratis/ratis-common/0.5.0-d6d58d0-SNAPSHOT/ratis-common-0.5.0-d6d58d0-SNAPSHOT.jar:/home/user/.m2/repository/org/apache/ratis/ratis-client/0.5.0-d6d58d0-SNAPSHOT/ratis-client-0.5.0-d6d58d0-SNAPSHOT.jar:/home/user/.m2/repository/org/apache/ratis/ratis-metrics/0.5.0-d6d58d0-SNAPSHOT/ratis-metrics-0.5.0-d6d58d0-SNAPSHOT.jar:/home/user/.m2/repository/org/apache/ratis/ratis-netty/0.5.0-d6d58d0-SNAPSHOT/ratis-netty-0.5.0-d6d58d0-SNAPSHOT.jar:/home/user/.m2/repository/org/apache/ratis/ratis-grpc/0.5.0-d6d58d0-SNAPSHOT/ratis-grpc-0.5.0-d6d58d0-SNAPSHOT.jar:/home/user/.m2/repository/org/rocksdb/rocksdbjni/6.0.1/rocksdbjni-6.0.1.jar:/home/user/.m2/repository/org/apache/logging/log4j/log4j-api/2.11.0/log4j-api-2.11.0.jar:/home/user/.m2/repository/org/apache/logging/log4j/log4j-core/2.11.0/log4j-core-2.11.0.jar:/home/user/.m2/repository/com/lmax/disruptor/3.4.2/disruptor-3.4.2.jar:/home/user/.m2/repository/org/apache/commons/commons-pool2/2.6.0/commons-pool2-2.6.0.jar:/home/user/.m2/repository/org/bouncycastle/bcpkix-jdk15on/1.60/bcpkix-jdk15on-1.60.jar:/home/user/.m2/repository/commons-validator/commons-validator/1.6/commons-validator-1.6.jar:/home/user/.m2/repository/commons-digester/commons-digester/1.8.1/commons-digester-1.8.1.jar:/home/user/.m2/repository/io/jaegertracing/jaeger-client/0.34.0/jaeger-client-0.34.0.jar:/home/user/.m2/repository/io/jaegertracing/jaeger-thrift/0.34.0/jaeger-thrift-0.34.0.jar:/home/user/.m2/repository/org/apache/thrift/libthrift/0.12.0/libthrift-0.12.0.jar:/home/user/.m2/repository/com/squareup/okhttp3/okhttp/3.9.0/okhttp-3.9.0.jar:/home/user/.m2/repository/com/squareup/okio/okio/1.13.0/okio-1.13.0.jar:/home/user/.m2/repository/io/jaegertracing/jaeger-core/0.34.0/jaeger-core-0.34.0.jar:/home/user/.m2/repository/io/jaegertracing/jaeger-tracerresolver/0.34.0/jaeger-tracerresolver-0.34.0.jar:/home/user/.m2/repository/io/opentracing/contrib/opentracing-tracerresolver/0.1.5/opentracing-tracerresolver-0.1.5.jar:/home/user/.m2/repository/io/opentracing/opentracing-util/0.31.0/opentracing-util-0.31.0.jar:/home/user/.m2/repository/io/opentracing/opentracing-api/0.31.0/opentracing-api-0.31.0.jar:/home/user/.m2/repository/io/opentracing/opentracing-noop/0.31.0/opentracing-noop-0.31.0.jar:/home/user/.m2/repository/org/apache/hadoop/hadoop-hdds-server-framework/0.5.0-SNAPSHOT/hadoop-hdds-server-framework-0.5.0-SNAPSHOT.jar:/home/user/.m2/repository/org/apache/hadoop/hadoop-hdds-container-service/0.5.0-SNAPSHOT/hadoop-hdds-container-service-0.5.0-SNAPSHOT.jar:/home/user/.m2/repository/org/apache/hadoop/hadoop-hdds-client/0.5.0-SNAPSHOT/hadoop-hdds-client-0.5.0-SNAPSHOT.jar:/home/user/.m2/repository/org/apache/hadoop/hadoop-hdds-tools/0.5.0-SNAPSHOT/hadoop-hdds-tools-0.5.0-SNAPSHOT.jar:/home/user/.m2/repository/org/apache/hadoop/hadoop-hdds-server-scm/0.5.0-SNAPSHOT/hadoop-hdds-server-scm-0.5.0-SNAPSHOT.jar:/home/user/.m2/repository/org/apache/hadoop/hadoop-hdds-docs/0.5.0-SNAPSHOT/hadoop-hdds-docs-0.5.0-SNAPSHOT.jar:/home/user/.m2/repository/io/dropwizard/metrics/metrics-core/3.2.4/metrics-core-3.2.4.jar:/home/user/.m2/repository/org/hamcrest/hamcrest-all/1.3/hamcrest-all-1.3.jar:/home/user/.m2/repository/org/bouncycastle/bcprov-jdk15on/1.60/bcprov-jdk15on-1.60.jar:/home/user/.m2/repository/info/picocli/picocli/3.9.6/picocli-3.9.6.jar:/home/user/.m2/repository/com/google/protobuf/protobuf-java/2.5.0/protobuf-java-2.5.0.jar:/home/user/.m2/repository/com/google/guava/guava/11.0.2/guava-11.0.2.jar:/home/user/.m2/repository/org/apache/hadoop/hadoop-ozone-ozone-manager/0.5.0-SNAPSHOT/hadoop-ozone-ozone-manager-0.5.0-SNAPSHOT.jar:/home/user/.m2/repository/org/apache/hadoop/hadoop-minikdc/3.2.0/hadoop-minikdc-3.2.0.jar:/home/user/.m2/repository/commons-io/commons-io/2.5/commons-io-2.5.jar:/home/user/.m2/repository/org/apache/kerby/kerb-simplekdc/1.0.1/kerb-simplekdc-1.0.1.jar:/home/user/.m2/repository/org/apache/kerby/kerb-client/1.0.1/kerb-client-1.0.1.jar:/home/user/.m2/repository/org/apache/kerby/kerby-config/1.0.1/kerby-config-1.0.1.jar:/home/user/.m2/repository/org/apache/kerby/kerb-core/1.0.1/kerb-core-1.0.1.jar:/home/user/.m2/repository/org/apache/kerby/kerby-pkix/1.0.1/kerby-pkix-1.0.1.jar:/home/user/.m2/repository/org/apache/kerby/kerby-asn1/1.0.1/kerby-asn1-1.0.1.jar:/home/user/.m2/repository/org/apache/kerby/kerby-util/1.0.1/kerby-util-1.0.1.jar:/home/user/.m2/repository/org/apache/kerby/kerb-common/1.0.1/kerb-common-1.0.1.jar:/home/user/.m2/repository/org/apache/kerby/kerb-crypto/1.0.1/kerb-crypto-1.0.1.jar:/home/user/.m2/repository/org/apache/kerby/kerb-util/1.0.1/kerb-util-1.0.1.jar:/home/user/.m2/repository/org/apache/kerby/token-provider/1.0.1/token-provider-1.0.1.jar:/home/user/.m2/repository/org/apache/kerby/kerb-admin/1.0.1/kerb-admin-1.0.1.jar:/home/user/.m2/repository/org/apache/kerby/kerb-server/1.0.1/kerb-server-1.0.1.jar:/home/user/.m2/repository/org/apache/kerby/kerb-identity/1.0.1/kerb-identity-1.0.1.jar:/home/user/.m2/repository/org/apache/kerby/kerby-xdr/1.0.1/kerby-xdr-1.0.1.jar:/home/user/.m2/repository/org/slf4j/slf4j-log4j12/1.7.25/slf4j-log4j12-1.7.25.jar:/home/user/.m2/repository/org/apache/hadoop/hadoop-ozone-s3gateway/0.5.0-SNAPSHOT/hadoop-ozone-s3gateway-0.5.0-SNAPSHOT.jar:/home/user/.m2/repository/org/jboss/weld/servlet/weld-servlet/2.4.7.Final/weld-servlet-2.4.7.Final.jar:/home/user/.m2/repository/org/glassfish/jersey/containers/jersey-container-servlet-core/2.27/jersey-container-servlet-core-2.27.jar:/home/user/.m2/repository/org/glassfish/hk2/external/javax.inject/2.5.0-b42/javax.inject-2.5.0-b42.jar:/home/user/.m2/repository/org/glassfish/jersey/core/jersey-common/2.27/jersey-common-2.27.jar:/home/user/.m2/repository/org/glassfish/hk2/osgi-resource-locator/1.0.1/osgi-resource-locator-1.0.1.jar:/home/user/.m2/repository/javax/ws/rs/javax.ws.rs-api/2.1/javax.ws.rs-api-2.1.jar:/home/user/.m2/repository/org/glassfish/jersey/ext/cdi/jersey-cdi1x/2.27/jersey-cdi1x-2.27.jar:/home/user/.m2/repository/org/glassfish/jersey/inject/jersey-hk2/2.27/jersey-hk2-2.27.jar:/home/user/.m2/repository/org/glassfish/hk2/hk2-locator/2.5.0-b42/hk2-locator-2.5.0-b42.jar:/home/user/.m2/repository/org/javassist/javassist/3.22.0-CR2/javassist-3.22.0-CR2.jar:/home/user/.m2/repository/org/glassfish/hk2/hk2-api/2.5.0/hk2-api-2.5.0.jar:/home/user/.m2/repository/org/glassfish/hk2/external/jakarta.inject/2.5.0/jakarta.inject-2.5.0.jar:/home/user/.m2/repository/org/glassfish/hk2/hk2-utils/2.5.0/hk2-utils-2.5.0.jar:/home/user/.m2/repository/jakarta/annotation/jakarta.annotation-api/1.3.4/jakarta.annotation-api-1.3.4.jar:/home/user/.m2/repository/org/glassfish/hk2/external/aopalliance-repackaged/2.5.0/aopalliance-repackaged-2.5.0.jar:/home/user/.m2/repository/com/fasterxml/jackson/dataformat/jackson-dataformat-xml/2.9.0/jackson-dataformat-xml-2.9.0.jar:/home/user/.m2/repository/com/fasterxml/jackson/core/jackson-core/2.9.9/jackson-core-2.9.9.jar:/home/user/.m2/repository/com/fasterxml/jackson/module/jackson-module-jaxb-annotations/2.9.9/jackson-module-jaxb-annotations-2.9.9.jar:/home/user/.m2/repository/javax/enterprise/cdi-api/1.2/cdi-api-1.2.jar:/home/user/.m2/repository/javax/el/javax.el-api/3.0.0/javax.el-api-3.0.0.jar:/home/user/.m2/repository/javax/interceptor/javax.interceptor-api/1.2/javax.interceptor-api-1.2.jar:/home/user/.m2/repository/javax/inject/javax.inject/1/javax.inject-1.jar:/home/user/.m2/repository/com/sun/xml/bind/jaxb-impl/2.3.0.1/jaxb-impl-2.3.0.1.jar:/home/user/.m2/repository/com/sun/xml/bind/jaxb-core/2.3.0.1/jaxb-core-2.3.0.1.jar:/home/user/.m2/repository/javax/xml/bind/jaxb-api/2.3.0/jaxb-api-2.3.0.jar:/home/user/.m2/repository/javax/activation/activation/1.1.1/activation-1.1.1.jar:/home/user/.m2/repository/org/apache/hadoop/hadoop-ozone-csi/0.5.0-SNAPSHOT/hadoop-ozone-csi-0.5.0-SNAPSHOT.jar:/home/user/.m2/repository/com/google/protobuf/protobuf-java-util/3.5.1/protobuf-java-util-3.5.1.jar:/home/user/.m2/repository/org/apache/hadoop/hadoop-hdds-config/0.5.0-SNAPSHOT/hadoop-hdds-config-0.5.0-SNAPSHOT.jar:/home/user/.m2/repository/io/grpc/grpc-netty/1.17.1/grpc-netty-1.17.1.jar:/home/user/.m2/repository/io/grpc/grpc-core/1.17.1/grpc-core-1.17.1.jar:/home/user/.m2/repository/io/grpc/grpc-context/1.17.1/grpc-context-1.17.1.jar:/home/user/.m2/repository/com/google/errorprone/error_prone_annotations/2.2.0/error_prone_annotations-2.2.0.jar:/home/user/.m2/repository/org/codehaus/mojo/animal-sniffer-annotations/1.17/animal-sniffer-annotations-1.17.jar:/home/user/.m2/repository/io/opencensus/opencensus-api/0.17.0/opencensus-api-0.17.0.jar:/home/user/.m2/repository/io/opencensus/opencensus-contrib-grpc-metrics/0.17.0/opencensus-contrib-grpc-metrics-0.17.0.jar:/home/user/.m2/repository/io/netty/netty-codec-http2/4.1.30.Final/netty-codec-http2-4.1.30.Final.jar:/home/user/.m2/repository/io/netty/netty-codec-http/4.1.30.Final/netty-codec-http-4.1.30.Final.jar:/home/user/.m2/repository/io/netty/netty-codec/4.1.30.Final/netty-codec-4.1.30.Final.jar:/home/user/.m2/repository/io/netty/netty-handler/4.1.30.Final/netty-handler-4.1.30.Final.jar:/home/user/.m2/repository/io/netty/netty-handler-proxy/4.1.30.Final/netty-handler-proxy-4.1.30.Final.jar:/home/user/.m2/repository/io/netty/netty-codec-socks/4.1.30.Final/netty-codec-socks-4.1.30.Final.jar:/home/user/.m2/repository/io/netty/netty-transport-native-epoll/4.1.30.Final/netty-transport-native-epoll-4.1.30.Final.jar:/home/user/.m2/repository/io/netty/netty-common/4.1.30.Final/netty-common-4.1.30.Final.jar:/home/user/.m2/repository/io/netty/netty-buffer/4.1.30.Final/netty-buffer-4.1.30.Final.jar:/home/user/.m2/repository/io/netty/netty-transport/4.1.30.Final/netty-transport-4.1.30.Final.jar:/home/user/.m2/repository/io/netty/netty-resolver/4.1.30.Final/netty-resolver-4.1.30.Final.jar:/home/user/.m2/repository/io/netty/netty-transport-native-unix-common/4.1.30.Final/netty-transport-native-unix-common-4.1.30.Final.jar:/home/user/.m2/repository/io/grpc/grpc-protobuf/1.17.1/grpc-protobuf-1.17.1.jar:/home/user/.m2/repository/com/google/api/grpc/proto-google-common-protos/1.0.0/proto-google-common-protos-1.0.0.jar:/home/user/.m2/repository/io/grpc/grpc-protobuf-lite/1.17.1/grpc-protobuf-lite-1.17.1.jar:/home/user/.m2/repository/io/grpc/grpc-stub/1.17.1/grpc-stub-1.17.1.jar:/home/user/.m2/repository/org/apache/hadoop/hadoop-ozone-recon/0.5.0-SNAPSHOT/hadoop-ozone-recon-0.5.0-SNAPSHOT.jar:/home/user/.m2/repository/org/apache/hadoop/hadoop-ozone-reconcodegen/0.5.0-SNAPSHOT/hadoop-ozone-reconcodegen-0.5.0-SNAPSHOT.jar:/home/user/.m2/repository/com/google/inject/extensions/guice-multibindings/4.0/guice-multibindings-4.0.jar:/home/user/.m2/repository/com/google/inject/guice/4.0/guice-4.0.jar:/home/user/.m2/repository/aopalliance/aopalliance/1.0/aopalliance-1.0.jar:/home/user/.m2/repository/com/google/inject/extensions/guice-servlet/4.0/guice-servlet-4.0.jar:/home/user/.m2/repository/org/glassfish/jersey/containers/jersey-container-servlet/2.27/jersey-container-servlet-2.27.jar:/home/user/.m2/repository/org/glassfish/hk2/guice-bridge/2.5.0/guice-bridge-2.5.0.jar:/home/user/.m2/repository/org/glassfish/jersey/core/jersey-server/2.27/jersey-server-2.27.jar:/home/user/.m2/repository/org/glassfish/jersey/core/jersey-client/2.27/jersey-client-2.27.jar:/home/user/.m2/repository/org/glassfish/jersey/media/jersey-media-jaxb/2.27/jersey-media-jaxb-2.27.jar:/home/user/.m2/repository/javax/validation/validation-api/1.1.0.Final/validation-api-1.1.0.Final.jar:/home/user/.m2/repository/org/glassfish/jersey/media/jersey-media-json-jackson/2.27/jersey-media-json-jackson-2.27.jar:/home/user/.m2/repository/org/glassfish/jersey/ext/jersey-entity-filtering/2.27/jersey-entity-filtering-2.27.jar:/home/user/.m2/repository/com/google/inject/extensions/guice-assistedinject/4.0/guice-assistedinject-4.0.jar:/home/user/.m2/repository/org/jooq/jooq/3.11.10/jooq-3.11.10.jar:/home/user/.m2/repository/org/jooq/jooq-meta/3.11.10/jooq-meta-3.11.10.jar:/home/user/.m2/repository/org/jooq/jooq-codegen/3.11.10/jooq-codegen-3.11.10.jar:/home/user/.m2/repository/com/jolbox/bonecp/0.8.0.RELEASE/bonecp-0.8.0.RELEASE.jar:/home/user/.m2/repository/org/xerial/sqlite-jdbc/3.25.2/sqlite-jdbc-3.25.2.jar:/home/user/.m2/repository/org/springframework/spring-jdbc/5.1.3.RELEASE/spring-jdbc-5.1.3.RELEASE.jar:/home/user/.m2/repository/org/springframework/spring-beans/5.1.3.RELEASE/spring-beans-5.1.3.RELEASE.jar:/home/user/.m2/repository/org/springframework/spring-core/5.1.3.RELEASE/spring-core-5.1.3.RELEASE.jar:/home/user/.m2/repository/org/springframework/spring-jcl/5.1.3.RELEASE/spring-jcl-5.1.3.RELEASE.jar:/home/user/.m2/repository/org/springframework/spring-tx/5.1.3.RELEASE/spring-tx-5.1.3.RELEASE.jar:/home/user/.m2/repository/org/apache/hadoop/hadoop-ozone-client/0.5.0-SNAPSHOT/hadoop-ozone-client-0.5.0-SNAPSHOT.jar:/home/user/.m2/repository/commons-lang/commons-lang/2.6/commons-lang-2.6.jar:/home/user/.m2/repository/org/apache/hadoop/hadoop-ozone-ozone-manager/0.5.0-SNAPSHOT/hadoop-ozone-ozone-manager-0.5.0-SNAPSHOT-tests.jar:/home/user/.m2/repository/junit/junit/4.11/junit-4.11.jar:/home/user/.m2/repository/org/hamcrest/hamcrest-core/1.3/hamcrest-core-1.3.jar:/home/user/.m2/repository/org/openjdk/jmh/jmh-core/1.19/jmh-core-1.19.jar:/home/user/.m2/repository/net/sf/jopt-simple/jopt-simple/4.6/jopt-simple-4.6.jar:/home/user/.m2/repository/org/apache/commons/commons-math3/3.1.1/commons-math3-3.1.1.jar:/home/user/.m2/repository/org/openjdk/jmh/jmh-generator-annprocess/1.19/jmh-generator-annprocess-1.19.jar:/home/user/.m2/repository/org/mockito/mockito-all/1.8.5/mockito-all-1.8.5.jar:/home/user/.m2/repository/org/apache/hadoop/hadoop-kms/3.2.0/hadoop-kms-3.2.0.jar:/home/user/.m2/repository/org/apache/hadoop/hadoop-auth/3.2.0/hadoop-auth-3.2.0.jar:/home/user/.m2/repository/com/nimbusds/nimbus-jose-jwt/4.41.1/nimbus-jose-jwt-4.41.1.jar:/home/user/.m2/repository/com/github/stephenc/jcip/jcip-annotations/1.0-1/jcip-annotations-1.0-1.jar:/home/user/.m2/repository/net/minidev/json-smart/2.3/json-smart-2.3.jar:/home/user/.m2/repository/net/minidev/accessors-smart/1.2/accessors-smart-1.2.jar:/home/user/.m2/repository/org/ow2/asm/asm/5.0.4/asm-5.0.4.jar:/home/user/.m2/repository/org/apache/curator/curator-framework/2.12.0/curator-framework-2.12.0.jar:/home/user/.m2/repository/com/sun/jersey/jersey-core/1.19/jersey-core-1.19.jar:/home/user/.m2/repository/javax/ws/rs/jsr311-api/1.1.1/jsr311-api-1.1.1.jar:/home/user/.m2/repository/com/sun/jersey/jersey-server/1.19/jersey-server-1.19.jar:/home/user/.m2/repository/javax/servlet/javax.servlet-api/3.1.0/javax.servlet-api-3.1.0.jar:/home/user/.m2/repository/org/eclipse/jetty/jetty-server/9.3.25.v20180904/jetty-server-9.3.25.v20180904.jar:/home/user/.m2/repository/org/eclipse/jetty/jetty-http/9.3.25.v20180904/jetty-http-9.3.25.v20180904.jar:/home/user/.m2/repository/org/eclipse/jetty/jetty-io/9.3.25.v20180904/jetty-io-9.3.25.v20180904.jar:/home/user/.m2/repository/org/eclipse/jetty/jetty-webapp/9.3.25.v20180904/jetty-webapp-9.3.25.v20180904.jar:/home/user/.m2/repository/org/eclipse/jetty/jetty-xml/9.3.25.v20180904/jetty-xml-9.3.25.v20180904.jar:/home/user/.m2/repository/log4j/log4j/1.2.17/log4j-1.2.17.jar:/home/user/.m2/repository/org/slf4j/slf4j-api/1.7.25/slf4j-api-1.7.25.jar:/home/user/.m2/repository/org/slf4j/jul-to-slf4j/1.7.25/jul-to-slf4j-1.7.25.jar:/home/user/.m2/repository/org/eclipse/jetty/jetty-util/9.3.25.v20180904/jetty-util-9.3.25.v20180904.jar:/home/user/.m2/repository/com/fasterxml/jackson/core/jackson-databind/2.9.9/jackson-databind-2.9.9.jar:/home/user/.m2/repository/org/apache/hadoop/hadoop-kms/3.2.0/hadoop-kms-3.2.0-tests.jar:/home/user/.m2/repository/org/apache/hadoop/hadoop-hdds-server-scm/0.5.0-SNAPSHOT/hadoop-hdds-server-scm-0.5.0-SNAPSHOT-tests.jar:/home/user/.m2/repository/org/apache/hadoop/hadoop-hdds-container-service/0.5.0-SNAPSHOT/hadoop-hdds-container-service-0.5.0-SNAPSHOT-tests.jar:/home/user/.m2/repository/org/yaml/snakeyaml/1.16/snakeyaml-1.16.jar:/home/user/.m2/repository/org/apache/hadoop/hadoop-common/3.2.0/hadoop-common-3.2.0-tests.jar:/home/user/.m2/repository/org/apache/hadoop/hadoop-annotations/3.2.0/hadoop-annotations-3.2.0.jar:/usr/lib/jvm/java-1.8.0-openjdk-1.8.0.222.b10-1.el7_7.x86_64/jre/../lib/tools.jar:/home/user/.m2/repository/commons-cli/commons-cli/1.2/commons-cli-1.2.jar:/home/user/.m2/repository/org/apache/httpcomponents/httpclient/4.5.2/httpclient-4.5.2.jar:/home/user/.m2/repository/org/apache/httpcomponents/httpcore/4.4.4/httpcore-4.4.4.jar:/home/user/.m2/repository/commons-codec/commons-codec/1.11/commons-codec-1.11.jar:/home/user/.m2/repository/commons-net/commons-net/3.6/commons-net-3.6.jar:/home/user/.m2/repository/commons-collections/commons-collections/3.2.2/commons-collections-3.2.2.jar:/home/user/.m2/repository/org/eclipse/jetty/jetty-servlet/9.3.25.v20180904/jetty-servlet-9.3.25.v20180904.jar:/home/user/.m2/repository/org/eclipse/jetty/jetty-security/9.3.25.v20180904/jetty-security-9.3.25.v20180904.jar:/home/user/.m2/repository/javax/servlet/jsp/jsp-api/2.1/jsp-api-2.1.jar:/home/user/.m2/repository/com/sun/jersey/jersey-servlet/1.19/jersey-servlet-1.19.jar:/home/user/.m2/repository/com/sun/jersey/jersey-json/1.19/jersey-json-1.19.jar:/home/user/.m2/repository/org/codehaus/jettison/jettison/1.1/jettison-1.1.jar:/home/user/.m2/repository/org/codehaus/jackson/jackson-core-asl/1.9.13/jackson-core-asl-1.9.13.jar:/home/user/.m2/repository/org/codehaus/jackson/jackson-mapper-asl/1.9.13/jackson-mapper-asl-1.9.13.jar:/home/user/.m2/repository/org/codehaus/jackson/jackson-jaxrs/1.9.13/jackson-jaxrs-1.9.13.jar:/home/user/.m2/repository/org/codehaus/jackson/jackson-xc/1.9.13/jackson-xc-1.9.13.jar:/home/user/.m2/repository/commons-logging/commons-logging/1.1.3/commons-logging-1.1.3.jar:/home/user/.m2/repository/commons-beanutils/commons-beanutils/1.9.4/commons-beanutils-1.9.4.jar:/home/user/.m2/repository/org/apache/commons/commons-configuration2/2.1.1/commons-configuration2-2.1.1.jar:/home/user/.m2/repository/org/apache/commons/commons-lang3/3.7/commons-lang3-3.7.jar:/home/user/.m2/repository/org/apache/commons/commons-text/1.4/commons-text-1.4.jar:/home/user/.m2/repository/org/apache/avro/avro/1.7.7/avro-1.7.7.jar:/home/user/.m2/repository/com/thoughtworks/paranamer/paranamer/2.3/paranamer-2.3.jar:/home/user/.m2/repository/org/xerial/snappy/snappy-java/1.0.5/snappy-java-1.0.5.jar:/home/user/.m2/repository/com/google/re2j/re2j/1.1/re2j-1.1.jar:/home/user/.m2/repository/com/google/code/gson/gson/2.2.4/gson-2.2.4.jar:/home/user/.m2/repository/com/jcraft/jsch/0.1.54/jsch-0.1.54.jar:/home/user/.m2/repository/org/apache/curator/curator-client/2.12.0/curator-client-2.12.0.jar:/home/user/.m2/repository/org/apache/curator/curator-recipes/2.12.0/curator-recipes-2.12.0.jar:/home/user/.m2/repository/com/google/code/findbugs/jsr305/3.0.0/jsr305-3.0.0.jar:/home/user/.m2/repository/org/apache/htrace/htrace-core4/4.1.0-incubating/htrace-core4-4.1.0-incubating.jar:/home/user/.m2/repository/org/apache/zookeeper/zookeeper/3.4.13/zookeeper-3.4.13.jar:/home/user/.m2/repository/jline/jline/0.9.94/jline-0.9.94.jar:/home/user/.m2/repository/org/apache/yetus/audience-annotations/0.5.0/audience-annotations-0.5.0.jar:/home/user/.m2/repository/org/codehaus/woodstox/stax2-api/3.1.4/stax2-api-3.1.4.jar:/home/user/.m2/repository/com/fasterxml/woodstox/woodstox-core/5.0.3/woodstox-core-5.0.3.jar:/home/user/.m2/repository/dnsjava/dnsjava/2.1.7/dnsjava-2.1.7.jar:/home/user/.m2/repository/org/apache/hadoop/hadoop-hdfs/3.2.0/hadoop-hdfs-3.2.0-tests.jar:/home/user/.m2/repository/org/eclipse/jetty/jetty-util-ajax/9.3.25.v20180904/jetty-util-ajax-9.3.25.v20180904.jar:/home/user/.m2/repository/commons-daemon/commons-daemon/1.0.13/commons-daemon-1.0.13.jar:/home/user/.m2/repository/io/netty/netty/3.10.5.Final/netty-3.10.5.Final.jar:/home/user/.m2/repository/io/netty/netty-all/4.0.52.Final/netty-all-4.0.52.Final.jar:/home/user/.m2/repository/org/fusesource/leveldbjni/leveldbjni-all/1.8/leveldbjni-all-1.8.jar:"/>
    <property name="sun.cpu.endian" value="little"/>
    <property name="user.home" value="/home/user"/>
    <property name="user.language" value="en"/>
    <property name="java.specification.vendor" value="Oracle Corporation"/>
    <property name="java.home" value="/usr/lib/jvm/java-1.8.0-openjdk-1.8.0.222.b10-1.el7_7.x86_64/jre"/>
    <property name="surefire.excludesFile" value="/tools/ozone-bad-unit-tests"/>
    <property name="java.security.krb5.conf" value="/workdir/hadoop-ozone/integration-test/target/test-classes/krb5.conf"/>
    <property name="basedir" value="/workdir/hadoop-ozone/integration-test"/>
    <property name="file.separator" value="/"/>
    <property name="line.separator" value="&#10;"/>
    <property name="java.vm.specification.vendor" value="Oracle Corporation"/>
    <property name="java.specification.name" value="Java Platform API Specification"/>
    <property name="java.awt.graphicsenv" value="sun.awt.X11GraphicsEnvironment"/>
    <property name="surefire.real.class.path" value="/workdir/hadoop-ozone/integration-test/target/surefire/surefirebooter7609158617068731719.jar"/>
    <property name="hadoop.log.dir" value="/workdir/hadoop-ozone/integration-test/target/log"/>
    <property name="sun.boot.class.path" value="/usr/lib/jvm/java-1.8.0-openjdk-1.8.0.222.b10-1.el7_7.x86_64/jre/lib/resources.jar:/usr/lib/jvm/java-1.8.0-openjdk-1.8.0.222.b10-1.el7_7.x86_64/jre/lib/rt.jar:/usr/lib/jvm/java-1.8.0-openjdk-1.8.0.222.b10-1.el7_7.x86_64/jre/lib/sunrsasign.jar:/usr/lib/jvm/java-1.8.0-openjdk-1.8.0.222.b10-1.el7_7.x86_64/jre/lib/jsse.jar:/usr/lib/jvm/java-1.8.0-openjdk-1.8.0.222.b10-1.el7_7.x86_64/jre/lib/jce.jar:/usr/lib/jvm/java-1.8.0-openjdk-1.8.0.222.b10-1.el7_7.x86_64/jre/lib/charsets.jar:/usr/lib/jvm/java-1.8.0-openjdk-1.8.0.222.b10-1.el7_7.x86_64/jre/lib/jfr.jar:/usr/lib/jvm/java-1.8.0-openjdk-1.8.0.222.b10-1.el7_7.x86_64/jre/classes"/>
    <property name="sun.management.compiler" value="HotSpot 64-Bit Tiered Compilers"/>
    <property name="java.runtime.version" value="1.8.0_222-b10"/>
    <property name="java.net.preferIPv4Stack" value="true"/>
    <property name="user.name" value="jenkins1000"/>
    <property name="path.separator" value=":"/>
    <property name="java.security.egd" value="file:///dev/urandom"/>
    <property name="os.version" value="3.10.0-957.12.2.el7.x86_64"/>
    <property name="java.endorsed.dirs" value="/usr/lib/jvm/java-1.8.0-openjdk-1.8.0.222.b10-1.el7_7.x86_64/jre/lib/endorsed"/>
    <property name="java.runtime.name" value="OpenJDK Runtime Environment"/>
    <property name="file.encoding" value="ANSI_X3.4-1968"/>
    <property name="java.vm.name" value="OpenJDK 64-Bit Server VM"/>
    <property name="test.build.webapps" value=""/>
    <property name="localRepository" value="/home/user/.m2/repository"/>
    <property name="java.vendor.url.bug" value="http://bugreport.sun.com/bugreport/"/>
    <property name="java.io.tmpdir" value="/tmp"/>
    <property name="require.test.libhadoop" value=""/>
    <property name="java.version" value="1.8.0_222"/>
    <property name="user.dir" value="/workdir/hadoop-ozone/integration-test"/>
    <property name="os.arch" value="amd64"/>
    <property name="java.vm.specification.name" value="Java Virtual Machine Specification"/>
    <property name="test.build.classes" value="/workdir/hadoop-ozone/integration-test/target/test-classes"/>
    <property name="java.awt.printerjob" value="sun.print.PSPrinterJob"/>
    <property name="sun.os.patch.level" value="unknown"/>
    <property name="hadoop.tmp.dir" value="/workdir/hadoop-ozone/integration-test/target/tmp"/>
    <property name="java.library.path" value="/usr/lib:/workdir/hadoop-ozone/integration-test/target/native/target/usr/local/lib:/workdir/hadoop-ozone/integration-test/../../hadoop-common-project/hadoop-common/target/native/target/usr/local/lib:/usr/java/packages/lib/amd64:/usr/lib64:/lib64:/lib:/usr/lib"/>
    <property name="java.vm.info" value="mixed mode"/>
    <property name="java.vendor" value="Oracle Corporation"/>
    <property name="java.vm.version" value="25.222-b10"/>
    <property name="java.ext.dirs" value="/usr/lib/jvm/java-1.8.0-openjdk-1.8.0.222.b10-1.el7_7.x86_64/jre/lib/ext:/usr/java/packages/lib/ext"/>
    <property name="sun.io.unicode.encoding" value="UnicodeLittle"/>
    <property name="java.class.version" value="52.0"/>
  </properties>
  <testcase name="testPipelineExclusionWithPipelineFailure" classname="org.apache.hadoop.ozone.client.rpc.TestFailureHandlingByClient" time="57.996"/>
  <testcase name="testContainerExclusionWithClosedContainerException" classname="org.apache.hadoop.ozone.client.rpc.TestFailureHandlingByClient" time="34.752">
    <error message="Allocated 0 blocks. Requested 1 blocks" type="INTERNAL_ERROR org.apache.hadoop.ozone.om.exceptions.OMException">INTERNAL_ERROR org.apache.hadoop.ozone.om.exceptions.OMException: Allocated 0 blocks. Requested 1 blocks
	at org.apache.hadoop.ozone.om.protocolPB.OzoneManagerProtocolClientSideTranslatorPB.handleError(OzoneManagerProtocolClientSideTranslatorPB.java:761)
	at org.apache.hadoop.ozone.om.protocolPB.OzoneManagerProtocolClientSideTranslatorPB.allocateBlock(OzoneManagerProtocolClientSideTranslatorPB.java:793)
	at sun.reflect.NativeMethodAccessorImpl.invoke0(Native Method)
	at sun.reflect.NativeMethodAccessorImpl.invoke(NativeMethodAccessorImpl.java:62)
	at sun.reflect.DelegatingMethodAccessorImpl.invoke(DelegatingMethodAccessorImpl.java:43)
	at java.lang.reflect.Method.invoke(Method.java:498)
	at org.apache.hadoop.hdds.tracing.TraceAllMethod.invoke(TraceAllMethod.java:66)
	at com.sun.proxy.$Proxy36.allocateBlock(Unknown Source)
	at org.apache.hadoop.ozone.client.io.BlockOutputStreamEntryPool.allocateNewBlock(BlockOutputStreamEntryPool.java:259)
	at org.apache.hadoop.ozone.client.io.BlockOutputStreamEntryPool.allocateBlockIfNeeded(BlockOutputStreamEntryPool.java:307)
	at org.apache.hadoop.ozone.client.io.KeyOutputStream.handleWrite(KeyOutputStream.java:198)
	at org.apache.hadoop.ozone.client.io.KeyOutputStream.handleRetry(KeyOutputStream.java:375)
	at org.apache.hadoop.ozone.client.io.KeyOutputStream.handleException(KeyOutputStream.java:324)
	at org.apache.hadoop.ozone.client.io.KeyOutputStream.handleFlushOrClose(KeyOutputStream.java:449)
	at org.apache.hadoop.ozone.client.io.KeyOutputStream.flush(KeyOutputStream.java:397)
	at org.apache.hadoop.ozone.client.io.OzoneOutputStream.flush(OzoneOutputStream.java:54)
	at org.apache.hadoop.ozone.client.rpc.TestFailureHandlingByClient.testContainerExclusionWithClosedContainerException(TestFailureHandlingByClient.java:241)
	at sun.reflect.NativeMethodAccessorImpl.invoke0(Native Method)
	at sun.reflect.NativeMethodAccessorImpl.invoke(NativeMethodAccessorImpl.java:62)
	at sun.reflect.DelegatingMethodAccessorImpl.invoke(DelegatingMethodAccessorImpl.java:43)
	at java.lang.reflect.Method.invoke(Method.java:498)
	at org.junit.runners.model.FrameworkMethod$1.runReflectiveCall(FrameworkMethod.java:47)
	at org.junit.internal.runners.model.ReflectiveCallable.run(ReflectiveCallable.java:12)
	at org.junit.runners.model.FrameworkMethod.invokeExplosively(FrameworkMethod.java:44)
	at org.junit.internal.runners.statements.InvokeMethod.evaluate(InvokeMethod.java:17)
	at org.junit.internal.runners.statements.RunAfters.evaluate(RunAfters.java:27)
	at org.junit.runners.ParentRunner.runLeaf(ParentRunner.java:271)
	at org.junit.runners.BlockJUnit4ClassRunner.runChild(BlockJUnit4ClassRunner.java:70)
	at org.junit.runners.BlockJUnit4ClassRunner.runChild(BlockJUnit4ClassRunner.java:50)
	at org.junit.runners.ParentRunner$3.run(ParentRunner.java:238)
	at org.junit.runners.ParentRunner$1.schedule(ParentRunner.java:63)
	at org.junit.runners.ParentRunner.runChildren(ParentRunner.java:236)
	at org.junit.runners.ParentRunner.access$000(ParentRunner.java:53)
	at org.junit.runners.ParentRunner$2.evaluate(ParentRunner.java:229)
	at org.junit.runners.ParentRunner.run(ParentRunner.java:309)
	at org.apache.maven.surefire.junit4.JUnit4Provider.execute(JUnit4Provider.java:365)
	at org.apache.maven.surefire.junit4.JUnit4Provider.executeWithRerun(JUnit4Provider.java:273)
	at org.apache.maven.surefire.junit4.JUnit4Provider.executeTestSet(JUnit4Provider.java:238)
	at org.apache.maven.surefire.junit4.JUnit4Provider.invoke(JUnit4Provider.java:159)
	at org.apache.maven.surefire.booter.ForkedBooter.invokeProviderInSameClassLoader(ForkedBooter.java:384)
	at org.apache.maven.surefire.booter.ForkedBooter.runSuitesInProcess(ForkedBooter.java:345)
	at org.apache.maven.surefire.booter.ForkedBooter.execute(ForkedBooter.java:126)
	at org.apache.maven.surefire.booter.ForkedBooter.main(ForkedBooter.java:418)
</error>
    <system-out><![CDATA[2019-11-13 20:17:20,068 [main] WARN  server.ServerUtils (ServerUtils.java:getScmDbDir(145)) - ozone.scm.db.dirs is not configured. We recommend adding this setting. Falling back to ozone.metadata.dirs instead.
2019-11-13 20:17:20,093 [main] WARN  server.ServerUtils (ServerUtils.java:getScmDbDir(145)) - ozone.scm.db.dirs is not configured. We recommend adding this setting. Falling back to ozone.metadata.dirs instead.
2019-11-13 20:17:20,093 [main] WARN  server.ServerUtils (ServerUtils.java:getScmDbDir(145)) - ozone.scm.db.dirs is not configured. We recommend adding this setting. Falling back to ozone.metadata.dirs instead.
2019-11-13 20:17:20,094 [main] INFO  db.DBStoreBuilder (DBStoreBuilder.java:addTable(127)) - using custom profile for table: deletedBlocks
2019-11-13 20:17:20,094 [main] INFO  db.DBStoreBuilder (DBStoreBuilder.java:processTables(183)) - Using default column profile:DBProfile.DISK for Table:deletedBlocks
2019-11-13 20:17:20,094 [main] INFO  db.DBStoreBuilder (DBStoreBuilder.java:addTable(127)) - using custom profile for table: validCerts
2019-11-13 20:17:20,094 [main] INFO  db.DBStoreBuilder (DBStoreBuilder.java:processTables(183)) - Using default column profile:DBProfile.DISK for Table:validCerts
2019-11-13 20:17:20,095 [main] INFO  db.DBStoreBuilder (DBStoreBuilder.java:addTable(127)) - using custom profile for table: revokedCerts
2019-11-13 20:17:20,095 [main] INFO  db.DBStoreBuilder (DBStoreBuilder.java:processTables(183)) - Using default column profile:DBProfile.DISK for Table:revokedCerts
2019-11-13 20:17:20,095 [main] INFO  db.DBStoreBuilder (DBStoreBuilder.java:addTable(127)) - using custom profile for table: default
2019-11-13 20:17:20,095 [main] INFO  db.DBStoreBuilder (DBStoreBuilder.java:processTables(189)) - Using default column profile:DBProfile.DISK for Table:default
2019-11-13 20:17:20,095 [main] INFO  db.DBStoreBuilder (DBStoreBuilder.java:getDbProfile(220)) - Using default options. DBProfile.DISK
2019-11-13 20:17:20,249 [main] INFO  net.NodeSchemaLoader (NodeSchemaLoader.java:loadSchemaFromFile(125)) - Loading file from sun.misc.CompoundEnumeration@40fa8766
2019-11-13 20:17:20,249 [main] INFO  net.NodeSchemaLoader (NodeSchemaLoader.java:loadSchema(171)) - Loading network topology layer schema file
2019-11-13 20:17:20,254 [main] INFO  node.SCMNodeManager (SCMNodeManager.java:<init>(116)) - Entering startup safe mode.
2019-11-13 20:17:20,255 [main] INFO  algorithms.ContainerPlacementPolicyFactory (ContainerPlacementPolicyFactory.java:getPolicy(57)) - Create container placement policy of type org.apache.hadoop.hdds.scm.container.placement.algorithms.SCMContainerPlacementRandom
2019-11-13 20:17:20,255 [main] WARN  server.ServerUtils (ServerUtils.java:getScmDbDir(145)) - ozone.scm.db.dirs is not configured. We recommend adding this setting. Falling back to ozone.metadata.dirs instead.
2019-11-13 20:17:20,320 [main] INFO  pipeline.SCMPipelineManager (SCMPipelineManager.java:initializePipelineState(132)) - No pipeline exists in current db
2019-11-13 20:17:20,320 [main] WARN  server.ServerUtils (ServerUtils.java:getScmDbDir(145)) - ozone.scm.db.dirs is not configured. We recommend adding this setting. Falling back to ozone.metadata.dirs instead.
2019-11-13 20:17:20,387 [main] WARN  events.EventQueue (EventQueue.java:fireEvent(183)) - No event handler registered for event TypedEvent{payloadType=SafeModeStatus, name='SafeModeStatus'}
2019-11-13 20:17:20,388 [main] INFO  ipc.CallQueueManager (CallQueueManager.java:<init>(84)) - Using callQueue: class java.util.concurrent.LinkedBlockingQueue, queueCapacity: 2000, scheduler: class org.apache.hadoop.ipc.DefaultRpcScheduler, ipcBackoff: false.
2019-11-13 20:17:20,389 [Socket Reader #1 for port 32918] INFO  ipc.Server (Server.java:run(1074)) - Starting Socket Reader #1 for port 32918
2019-11-13 20:17:20,391 [main] INFO  ipc.CallQueueManager (CallQueueManager.java:<init>(84)) - Using callQueue: class java.util.concurrent.LinkedBlockingQueue, queueCapacity: 2000, scheduler: class org.apache.hadoop.ipc.DefaultRpcScheduler, ipcBackoff: false.
2019-11-13 20:17:20,392 [Socket Reader #1 for port 45994] INFO  ipc.Server (Server.java:run(1074)) - Starting Socket Reader #1 for port 45994
2019-11-13 20:17:20,393 [main] INFO  ipc.CallQueueManager (CallQueueManager.java:<init>(84)) - Using callQueue: class java.util.concurrent.LinkedBlockingQueue, queueCapacity: 2000, scheduler: class org.apache.hadoop.ipc.DefaultRpcScheduler, ipcBackoff: false.
2019-11-13 20:17:20,394 [Socket Reader #1 for port 34586] INFO  ipc.Server (Server.java:run(1074)) - Starting Socket Reader #1 for port 34586
2019-11-13 20:17:20,396 [main] INFO  hdfs.DFSUtil (DFSUtil.java:httpServerTemplateForNNAndJN(1641)) - Starting Web-server for scm at: http://0.0.0.0:0
2019-11-13 20:17:20,399 [main] INFO  server.AuthenticationFilter (AuthenticationFilter.java:constructSecretProvider(240)) - Unable to initialize FileSignerSecretProvider, falling back to use random secrets.
2019-11-13 20:17:20,400 [main] WARN  http.HttpRequestLog (HttpRequestLog.java:getRequestLog(97)) - Jetty request log can only be enabled using Log4j
2019-11-13 20:17:20,403 [main] INFO  http.HttpServer2 (HttpServer2.java:addGlobalFilter(975)) - Added global filter 'safety' (class=org.apache.hadoop.http.HttpServer2$QuotingInputFilter)
2019-11-13 20:17:20,404 [main] INFO  http.HttpServer2 (HttpServer2.java:addFilter(948)) - Added filter static_user_filter (class=org.apache.hadoop.http.lib.StaticUserWebFilter$StaticUserFilter) to context scm
2019-11-13 20:17:20,404 [main] INFO  http.HttpServer2 (HttpServer2.java:addFilter(958)) - Added filter static_user_filter (class=org.apache.hadoop.http.lib.StaticUserWebFilter$StaticUserFilter) to context static
2019-11-13 20:17:20,405 [main] INFO  http.HttpServer2 (HttpServer2.java:addFilter(958)) - Added filter static_user_filter (class=org.apache.hadoop.http.lib.StaticUserWebFilter$StaticUserFilter) to context logs
2019-11-13 20:17:20,409 [main] INFO  server.StorageContainerManager (StorageContainerManager.java:start(764)) - StorageContainerLocationProtocol RPC server is listening at /0.0.0.0:34586
2019-11-13 20:17:20,412 [main] WARN  impl.MetricsConfig (MetricsConfig.java:loadFirst(134)) - Cannot locate configuration: tried hadoop-metrics2-storagecontainermanager.properties,hadoop-metrics2.properties
2019-11-13 20:17:20,413 [main] INFO  impl.MetricsSystemImpl (MetricsSystemImpl.java:startTimer(374)) - Scheduled Metric snapshot period at 10 second(s).
2019-11-13 20:17:20,413 [main] INFO  impl.MetricsSystemImpl (MetricsSystemImpl.java:start(191)) - StorageContainerManager metrics system started
2019-11-13 20:17:20,458 [main] WARN  impl.MetricsSystemImpl (MetricsSystemImpl.java:register(276)) - Sink prometheus already exists!
2019-11-13 20:17:20,465 [main] INFO  server.SCMClientProtocolServer (SCMClientProtocolServer.java:start(159)) - RPC server for Client  is listening at /0.0.0.0:34586
2019-11-13 20:17:20,466 [IPC Server Responder] INFO  ipc.Server (Server.java:run(1314)) - IPC Server Responder: starting
2019-11-13 20:17:20,466 [IPC Server listener on 34586] INFO  ipc.Server (Server.java:run(1153)) - IPC Server listener on 34586: starting
2019-11-13 20:17:20,469 [main] INFO  server.StorageContainerManager (StorageContainerManager.java:start(774)) - ScmBlockLocationProtocol RPC server is listening at /0.0.0.0:45994
2019-11-13 20:17:20,469 [main] INFO  server.SCMBlockProtocolServer (SCMBlockProtocolServer.java:start(146)) - RPC server for Block Protocol is listening at /0.0.0.0:45994
2019-11-13 20:17:20,470 [IPC Server Responder] INFO  ipc.Server (Server.java:run(1314)) - IPC Server Responder: starting
2019-11-13 20:17:20,470 [IPC Server listener on 45994] INFO  ipc.Server (Server.java:run(1153)) - IPC Server listener on 45994: starting
2019-11-13 20:17:20,473 [main] INFO  server.StorageContainerManager (StorageContainerManager.java:start(778)) - ScmDatanodeProtocl RPC server is listening at /0.0.0.0:32918
2019-11-13 20:17:20,473 [main] INFO  server.SCMDatanodeProtocolServer (SCMDatanodeProtocolServer.java:start(169)) - RPC server for DataNodes is listening at /0.0.0.0:32918
2019-11-13 20:17:20,473 [IPC Server Responder] INFO  ipc.Server (Server.java:run(1314)) - IPC Server Responder: starting
2019-11-13 20:17:20,474 [IPC Server listener on 32918] INFO  ipc.Server (Server.java:run(1153)) - IPC Server listener on 32918: starting
2019-11-13 20:17:20,477 [main] INFO  http.HttpServer2 (HttpServer2.java:bindListener(1191)) - Jetty bound to port 45776
2019-11-13 20:17:20,477 [main] INFO  server.Server (Server.java:doStart(351)) - jetty-9.3.25.v20180904, build timestamp: 2018-09-04T21:11:46Z, git hash: 3ce520221d0240229c862b122d2b06c12a625732
2019-11-13 20:17:20,478 [main] INFO  handler.ContextHandler (ContextHandler.java:doStart(781)) - Started o.e.j.s.ServletContextHandler@2b0e9f30{/logs,file:///workdir/hadoop-ozone/integration-test/target/log,AVAILABLE}
2019-11-13 20:17:20,479 [main] INFO  handler.ContextHandler (ContextHandler.java:doStart(781)) - Started o.e.j.s.ServletContextHandler@3330f3ad{/static,file:///workdir/hadoop-ozone/integration-test/target/test-classes/webapps/static,AVAILABLE}
2019-11-13 20:17:20,483 [main] INFO  handler.ContextHandler (ContextHandler.java:doStart(781)) - Started o.e.j.w.WebAppContext@7bd96822{/,file:///workdir/hadoop-ozone/integration-test/target/test-classes/webapps/scm/,AVAILABLE}{/scm}
2019-11-13 20:17:20,484 [main] INFO  server.AbstractConnector (AbstractConnector.java:doStart(278)) - Started ServerConnector@64dae3b7{HTTP/1.1,[http/1.1]}{0.0.0.0:45776}
2019-11-13 20:17:20,484 [main] INFO  server.Server (Server.java:doStart(419)) - Started @58844ms
2019-11-13 20:17:20,484 [main] WARN  impl.MetricsSystemImpl (MetricsSystemImpl.java:register(276)) - Sink prometheus already exists!
2019-11-13 20:17:20,486 [main] INFO  server.BaseHttpServer (BaseHttpServer.java:updateConnectorAddress(215)) - HTTP server of SCM is listening at http://0.0.0.0:45776
2019-11-13 20:17:20,486 [main] WARN  server.ServerUtils (ServerUtils.java:getDBPath(222)) - ozone.om.db.dirs is not configured. We recommend adding this setting. Falling back to ozone.metadata.dirs instead.
2019-11-13 20:17:20,487 [org.apache.hadoop.util.JvmPauseMonitor$Monitor@1e4c6583] INFO  util.JvmPauseMonitor (JvmPauseMonitor.java:run(188)) - Starting JVM pause monitor
2019-11-13 20:17:20,500 [main] INFO  ha.OMHANodeDetails (OMHANodeDetails.java:loadOMHAConfig(190)) - Configuration either no ozone.om.address set. Falling back to the default OM address /127.0.0.1:0
2019-11-13 20:17:20,500 [main] INFO  ha.OMHANodeDetails (OMHANodeDetails.java:getOMNodeDetails(220)) - OM Service ID is not set. Setting it to the default ID: omServiceIdDefault
2019-11-13 20:17:20,501 [main] WARN  server.ServerUtils (ServerUtils.java:getDBPath(222)) - ozone.om.db.dirs is not configured. We recommend adding this setting. Falling back to ozone.metadata.dirs instead.
2019-11-13 20:17:20,501 [main] WARN  server.ServerUtils (ServerUtils.java:getDBPath(222)) - ozone.om.db.dirs is not configured. We recommend adding this setting. Falling back to ozone.metadata.dirs instead.
2019-11-13 20:17:20,507 [main] WARN  server.ServerUtils (ServerUtils.java:getDBPath(222)) - ozone.om.db.dirs is not configured. We recommend adding this setting. Falling back to ozone.metadata.dirs instead.
2019-11-13 20:17:20,508 [main] INFO  db.DBStoreBuilder (DBStoreBuilder.java:addTable(127)) - using custom profile for table: userTable
2019-11-13 20:17:20,508 [main] INFO  db.DBStoreBuilder (DBStoreBuilder.java:processTables(183)) - Using default column profile:DBProfile.DISK for Table:userTable
2019-11-13 20:17:20,508 [main] INFO  db.DBStoreBuilder (DBStoreBuilder.java:addTable(127)) - using custom profile for table: volumeTable
2019-11-13 20:17:20,508 [main] INFO  db.DBStoreBuilder (DBStoreBuilder.java:processTables(183)) - Using default column profile:DBProfile.DISK for Table:volumeTable
2019-11-13 20:17:20,508 [main] INFO  db.DBStoreBuilder (DBStoreBuilder.java:addTable(127)) - using custom profile for table: bucketTable
2019-11-13 20:17:20,508 [main] INFO  db.DBStoreBuilder (DBStoreBuilder.java:processTables(183)) - Using default column profile:DBProfile.DISK for Table:bucketTable
2019-11-13 20:17:20,509 [main] INFO  db.DBStoreBuilder (DBStoreBuilder.java:addTable(127)) - using custom profile for table: keyTable
2019-11-13 20:17:20,509 [main] INFO  db.DBStoreBuilder (DBStoreBuilder.java:processTables(183)) - Using default column profile:DBProfile.DISK for Table:keyTable
2019-11-13 20:17:20,509 [main] INFO  db.DBStoreBuilder (DBStoreBuilder.java:addTable(127)) - using custom profile for table: deletedTable
2019-11-13 20:17:20,509 [main] INFO  db.DBStoreBuilder (DBStoreBuilder.java:processTables(183)) - Using default column profile:DBProfile.DISK for Table:deletedTable
2019-11-13 20:17:20,509 [main] INFO  db.DBStoreBuilder (DBStoreBuilder.java:addTable(127)) - using custom profile for table: openKeyTable
2019-11-13 20:17:20,509 [main] INFO  db.DBStoreBuilder (DBStoreBuilder.java:processTables(183)) - Using default column profile:DBProfile.DISK for Table:openKeyTable
2019-11-13 20:17:20,509 [main] INFO  db.DBStoreBuilder (DBStoreBuilder.java:addTable(127)) - using custom profile for table: s3Table
2019-11-13 20:17:20,510 [main] INFO  db.DBStoreBuilder (DBStoreBuilder.java:processTables(183)) - Using default column profile:DBProfile.DISK for Table:s3Table
2019-11-13 20:17:20,510 [main] INFO  db.DBStoreBuilder (DBStoreBuilder.java:addTable(127)) - using custom profile for table: multipartInfoTable
2019-11-13 20:17:20,510 [main] INFO  db.DBStoreBuilder (DBStoreBuilder.java:processTables(183)) - Using default column profile:DBProfile.DISK for Table:multipartInfoTable
2019-11-13 20:17:20,510 [main] INFO  db.DBStoreBuilder (DBStoreBuilder.java:addTable(127)) - using custom profile for table: dTokenTable
2019-11-13 20:17:20,510 [main] INFO  db.DBStoreBuilder (DBStoreBuilder.java:processTables(183)) - Using default column profile:DBProfile.DISK for Table:dTokenTable
2019-11-13 20:17:20,510 [main] INFO  db.DBStoreBuilder (DBStoreBuilder.java:addTable(127)) - using custom profile for table: s3SecretTable
2019-11-13 20:17:20,510 [main] INFO  db.DBStoreBuilder (DBStoreBuilder.java:processTables(183)) - Using default column profile:DBProfile.DISK for Table:s3SecretTable
2019-11-13 20:17:20,511 [main] INFO  db.DBStoreBuilder (DBStoreBuilder.java:addTable(127)) - using custom profile for table: prefixTable
2019-11-13 20:17:20,511 [main] INFO  db.DBStoreBuilder (DBStoreBuilder.java:processTables(183)) - Using default column profile:DBProfile.DISK for Table:prefixTable
2019-11-13 20:17:20,511 [main] INFO  db.DBStoreBuilder (DBStoreBuilder.java:addTable(127)) - using custom profile for table: default
2019-11-13 20:17:20,511 [main] INFO  db.DBStoreBuilder (DBStoreBuilder.java:processTables(189)) - Using default column profile:DBProfile.DISK for Table:default
2019-11-13 20:17:20,512 [main] INFO  db.DBStoreBuilder (DBStoreBuilder.java:getDbProfile(220)) - Using default options. DBProfile.DISK
2019-11-13 20:17:20,977 [main] INFO  ipc.CallQueueManager (CallQueueManager.java:<init>(84)) - Using callQueue: class java.util.concurrent.LinkedBlockingQueue, queueCapacity: 2000, scheduler: class org.apache.hadoop.ipc.DefaultRpcScheduler, ipcBackoff: false.
2019-11-13 20:17:20,978 [Socket Reader #1 for port 33695] INFO  ipc.Server (Server.java:run(1074)) - Starting Socket Reader #1 for port 33695
2019-11-13 20:17:20,993 [main] INFO  om.OzoneManager (OzoneManager.java:start(1077)) - OzoneManager RPC server is listening at localhost/127.0.0.1:33695
2019-11-13 20:17:20,993 [main] INFO  impl.MetricsSystemImpl (MetricsSystemImpl.java:init(158)) - OzoneManager metrics system started (again)
2019-11-13 20:17:20,994 [IPC Server listener on 33695] INFO  ipc.Server (Server.java:run(1153)) - IPC Server listener on 33695: starting
2019-11-13 20:17:20,995 [IPC Server Responder] INFO  ipc.Server (Server.java:run(1314)) - IPC Server Responder: starting
2019-11-13 20:17:21,000 [main] INFO  hdfs.DFSUtil (DFSUtil.java:httpServerTemplateForNNAndJN(1641)) - Starting Web-server for ozoneManager at: http://0.0.0.0:0
2019-11-13 20:17:21,002 [main] INFO  server.AuthenticationFilter (AuthenticationFilter.java:constructSecretProvider(240)) - Unable to initialize FileSignerSecretProvider, falling back to use random secrets.
2019-11-13 20:17:21,002 [main] WARN  http.HttpRequestLog (HttpRequestLog.java:getRequestLog(97)) - Jetty request log can only be enabled using Log4j
2019-11-13 20:17:21,004 [main] INFO  http.HttpServer2 (HttpServer2.java:addGlobalFilter(975)) - Added global filter 'safety' (class=org.apache.hadoop.http.HttpServer2$QuotingInputFilter)
2019-11-13 20:17:21,004 [main] INFO  http.HttpServer2 (HttpServer2.java:addFilter(948)) - Added filter static_user_filter (class=org.apache.hadoop.http.lib.StaticUserWebFilter$StaticUserFilter) to context ozoneManager
2019-11-13 20:17:21,004 [main] INFO  http.HttpServer2 (HttpServer2.java:addFilter(958)) - Added filter static_user_filter (class=org.apache.hadoop.http.lib.StaticUserWebFilter$StaticUserFilter) to context logs
2019-11-13 20:17:21,004 [main] INFO  http.HttpServer2 (HttpServer2.java:addFilter(958)) - Added filter static_user_filter (class=org.apache.hadoop.http.lib.StaticUserWebFilter$StaticUserFilter) to context static
2019-11-13 20:17:21,005 [main] INFO  http.HttpServer2 (HttpServer2.java:bindListener(1191)) - Jetty bound to port 42277
2019-11-13 20:17:21,005 [main] INFO  server.Server (Server.java:doStart(351)) - jetty-9.3.25.v20180904, build timestamp: 2018-09-04T21:11:46Z, git hash: 3ce520221d0240229c862b122d2b06c12a625732
2019-11-13 20:17:21,007 [main] INFO  handler.ContextHandler (ContextHandler.java:doStart(781)) - Started o.e.j.s.ServletContextHandler@54089484{/logs,file:///workdir/hadoop-ozone/integration-test/target/log,AVAILABLE}
2019-11-13 20:17:21,008 [main] INFO  handler.ContextHandler (ContextHandler.java:doStart(781)) - Started o.e.j.s.ServletContextHandler@65fe2691{/static,file:///workdir/hadoop-ozone/integration-test/target/test-classes/webapps/static,AVAILABLE}
2019-11-13 20:17:21,013 [main] INFO  handler.ContextHandler (ContextHandler.java:doStart(781)) - Started o.e.j.w.WebAppContext@431e86b1{/,file:///workdir/hadoop-ozone/integration-test/target/test-classes/webapps/ozoneManager/,AVAILABLE}{/ozoneManager}
2019-11-13 20:17:21,013 [main] INFO  server.AbstractConnector (AbstractConnector.java:doStart(278)) - Started ServerConnector@35c4e864{HTTP/1.1,[http/1.1]}{0.0.0.0:42277}
2019-11-13 20:17:21,014 [main] INFO  server.Server (Server.java:doStart(419)) - Started @59373ms
2019-11-13 20:17:21,014 [main] WARN  impl.MetricsSystemImpl (MetricsSystemImpl.java:register(276)) - Sink prometheus already exists!
2019-11-13 20:17:21,015 [main] INFO  server.BaseHttpServer (BaseHttpServer.java:updateConnectorAddress(215)) - HTTP server of OZONEMANAGER is listening at http://0.0.0.0:42277
2019-11-13 20:17:21,045 [main] INFO  impl.MetricsSystemImpl (MetricsSystemImpl.java:init(158)) - HddsDatanode metrics system started (again)
2019-11-13 20:17:21,046 [main] INFO  ozone.HddsDatanodeService (HddsDatanodeService.java:start(186)) - HddsDatanodeService host:pr-hdds-2375-t422d-1049308724 ip:192.168.164.208
2019-11-13 20:17:21,053 [main] INFO  volume.HddsVolume (HddsVolume.java:<init>(176)) - Creating Volume: /workdir/hadoop-ozone/integration-test/target/test-dir/MiniOzoneClusterImpl-e03c2511-109e-4d60-a68c-0151beb67872/datanode-0/data/containers/hdds of  storage type : DISK and capacity : 1482555576320
2019-11-13 20:17:21,053 [main] INFO  volume.VolumeSet (VolumeSet.java:initializeVolumeSet(170)) - Added Volume : /workdir/hadoop-ozone/integration-test/target/test-dir/MiniOzoneClusterImpl-e03c2511-109e-4d60-a68c-0151beb67872/datanode-0/data/containers/hdds to VolumeSet
2019-11-13 20:17:21,053 [main] INFO  volume.ThrottledAsyncChecker (ThrottledAsyncChecker.java:schedule(141)) - Scheduling a check for /workdir/hadoop-ozone/integration-test/target/test-dir/MiniOzoneClusterImpl-e03c2511-109e-4d60-a68c-0151beb67872/datanode-0/data/containers/hdds
2019-11-13 20:17:21,054 [main] INFO  volume.HddsVolumeChecker (HddsVolumeChecker.java:checkAllVolumes(204)) - Scheduled health check for volume /workdir/hadoop-ozone/integration-test/target/test-dir/MiniOzoneClusterImpl-e03c2511-109e-4d60-a68c-0151beb67872/datanode-0/data/containers/hdds
2019-11-13 20:17:21,066 [main] INFO  impl.RaftServerProxy (ConfUtils.java:logGet(43)) - raft.rpc.type = GRPC (default)
2019-11-13 20:17:21,066 [main] INFO  grpc.GrpcFactory (GrpcFactory.java:checkPooledByteBufAllocatorUseCacheForAllThreads(45)) - PERFORMANCE WARNING: useCacheForAllThreads is true that may cause Netty to create a lot garbage objects and, as a result, trigger GC.
	It is recommended to disable useCacheForAllThreads by setting -Dorg.apache.ratis.thirdparty.io.netty.allocator.useCacheForAllThreads=false in command line.
2019-11-13 20:17:21,067 [main] INFO  grpc.GrpcConfigKeys$Server (ConfUtils.java:logGet(43)) - raft.grpc.server.port = 0 (default)
2019-11-13 20:17:21,067 [main] INFO  server.GrpcService (ConfUtils.java:logGet(43)) - raft.grpc.message.size.max = 33570816 (custom)
2019-11-13 20:17:21,067 [main] INFO  server.RaftServerConfigKeys (ConfUtils.java:logGet(43)) - raft.server.log.appender.buffer.byte-limit = 33554432 (custom)
2019-11-13 20:17:21,067 [main] INFO  server.GrpcService (ConfUtils.java:logGet(43)) - raft.grpc.flow.control.window = 1MB (=1048576) (default)
2019-11-13 20:17:21,067 [main] INFO  server.RaftServerConfigKeys (ConfUtils.java:logGet(43)) - raft.server.rpc.request.timeout = 3000ms (default)
2019-11-13 20:17:21,068 [main] INFO  server.RaftServerConfigKeys (ConfUtils.java:logGet(43)) - raft.server.storage.dir = [/workdir/hadoop-ozone/integration-test/target/test-dir/MiniOzoneClusterImpl-e03c2511-109e-4d60-a68c-0151beb67872/datanode-0/data/ratis] (custom)
2019-11-13 20:17:21,069 [main] INFO  hdfs.DFSUtil (DFSUtil.java:httpServerTemplateForNNAndJN(1641)) - Starting Web-server for hddsDatanode at: http://0.0.0.0:0
2019-11-13 20:17:21,070 [main] INFO  server.AuthenticationFilter (AuthenticationFilter.java:constructSecretProvider(240)) - Unable to initialize FileSignerSecretProvider, falling back to use random secrets.
2019-11-13 20:17:21,071 [main] WARN  http.HttpRequestLog (HttpRequestLog.java:getRequestLog(97)) - Jetty request log can only be enabled using Log4j
2019-11-13 20:17:21,072 [main] INFO  http.HttpServer2 (HttpServer2.java:addGlobalFilter(975)) - Added global filter 'safety' (class=org.apache.hadoop.http.HttpServer2$QuotingInputFilter)
2019-11-13 20:17:21,072 [main] INFO  http.HttpServer2 (HttpServer2.java:addFilter(948)) - Added filter static_user_filter (class=org.apache.hadoop.http.lib.StaticUserWebFilter$StaticUserFilter) to context hddsDatanode
2019-11-13 20:17:21,072 [main] INFO  http.HttpServer2 (HttpServer2.java:addFilter(958)) - Added filter static_user_filter (class=org.apache.hadoop.http.lib.StaticUserWebFilter$StaticUserFilter) to context static
2019-11-13 20:17:21,073 [main] INFO  http.HttpServer2 (HttpServer2.java:addFilter(958)) - Added filter static_user_filter (class=org.apache.hadoop.http.lib.StaticUserWebFilter$StaticUserFilter) to context logs
2019-11-13 20:17:21,073 [main] INFO  http.HttpServer2 (HttpServer2.java:bindListener(1191)) - Jetty bound to port 41170
2019-11-13 20:17:21,073 [main] INFO  server.Server (Server.java:doStart(351)) - jetty-9.3.25.v20180904, build timestamp: 2018-09-04T21:11:46Z, git hash: 3ce520221d0240229c862b122d2b06c12a625732
2019-11-13 20:17:21,075 [main] INFO  handler.ContextHandler (ContextHandler.java:doStart(781)) - Started o.e.j.s.ServletContextHandler@49469ffa{/logs,file:///workdir/hadoop-ozone/integration-test/target/log,AVAILABLE}
2019-11-13 20:17:21,075 [main] INFO  handler.ContextHandler (ContextHandler.java:doStart(781)) - Started o.e.j.s.ServletContextHandler@7a3b7122{/static,jar:file:/home/user/.m2/repository/org/apache/hadoop/hadoop-hdds-container-service/0.5.0-SNAPSHOT/hadoop-hdds-container-service-0.5.0-SNAPSHOT.jar!/webapps/static,AVAILABLE}
2019-11-13 20:17:21,104 [main] INFO  handler.ContextHandler (ContextHandler.java:doStart(781)) - Started o.e.j.w.WebAppContext@2db1b657{/,file:///tmp/jetty-0.0.0.0-41170-hddsDatanode-_-any-5076685464933853285.dir/webapp/,AVAILABLE}{/hddsDatanode}
2019-11-13 20:17:21,104 [main] INFO  server.AbstractConnector (AbstractConnector.java:doStart(278)) - Started ServerConnector@7e351d7{HTTP/1.1,[http/1.1]}{0.0.0.0:41170}
2019-11-13 20:17:21,105 [main] INFO  server.Server (Server.java:doStart(419)) - Started @59465ms
2019-11-13 20:17:21,105 [main] WARN  impl.MetricsSystemImpl (MetricsSystemImpl.java:register(276)) - Sink prometheus already exists!
2019-11-13 20:17:21,106 [main] INFO  server.BaseHttpServer (BaseHttpServer.java:updateConnectorAddress(215)) - HTTP server of HDDSDATANODE is listening at http://0.0.0.0:41170
2019-11-13 20:17:21,107 [main] INFO  impl.MetricsSystemImpl (MetricsSystemImpl.java:init(158)) - HddsDatanode metrics system started (again)
2019-11-13 20:17:21,108 [main] INFO  ozone.HddsDatanodeService (HddsDatanodeService.java:start(186)) - HddsDatanodeService host:pr-hdds-2375-t422d-1049308724 ip:192.168.164.208
2019-11-13 20:17:21,109 [org.apache.hadoop.util.JvmPauseMonitor$Monitor@15899df8] INFO  util.JvmPauseMonitor (JvmPauseMonitor.java:run(188)) - Starting JVM pause monitor
2019-11-13 20:17:21,112 [Datanode State Machine Thread - 0] INFO  datanode.InitDatanodeState (InitDatanodeState.java:persistContainerDatanodeDetails(140)) - DatanodeDetails is persisted to /workdir/hadoop-ozone/integration-test/target/test-dir/MiniOzoneClusterImpl-e03c2511-109e-4d60-a68c-0151beb67872/datanode-0/meta/datanode.id
2019-11-13 20:17:21,115 [main] INFO  volume.HddsVolume (HddsVolume.java:<init>(176)) - Creating Volume: /workdir/hadoop-ozone/integration-test/target/test-dir/MiniOzoneClusterImpl-e03c2511-109e-4d60-a68c-0151beb67872/datanode-1/data/containers/hdds of  storage type : DISK and capacity : 1482555576320
2019-11-13 20:17:21,115 [main] INFO  volume.VolumeSet (VolumeSet.java:initializeVolumeSet(170)) - Added Volume : /workdir/hadoop-ozone/integration-test/target/test-dir/MiniOzoneClusterImpl-e03c2511-109e-4d60-a68c-0151beb67872/datanode-1/data/containers/hdds to VolumeSet
2019-11-13 20:17:21,115 [main] INFO  volume.ThrottledAsyncChecker (ThrottledAsyncChecker.java:schedule(141)) - Scheduling a check for /workdir/hadoop-ozone/integration-test/target/test-dir/MiniOzoneClusterImpl-e03c2511-109e-4d60-a68c-0151beb67872/datanode-1/data/containers/hdds
2019-11-13 20:17:21,116 [main] INFO  volume.HddsVolumeChecker (HddsVolumeChecker.java:checkAllVolumes(204)) - Scheduled health check for volume /workdir/hadoop-ozone/integration-test/target/test-dir/MiniOzoneClusterImpl-e03c2511-109e-4d60-a68c-0151beb67872/datanode-1/data/containers/hdds
2019-11-13 20:17:21,130 [main] INFO  impl.RaftServerProxy (ConfUtils.java:logGet(43)) - raft.rpc.type = GRPC (default)
2019-11-13 20:17:21,130 [main] INFO  grpc.GrpcFactory (GrpcFactory.java:checkPooledByteBufAllocatorUseCacheForAllThreads(45)) - PERFORMANCE WARNING: useCacheForAllThreads is true that may cause Netty to create a lot garbage objects and, as a result, trigger GC.
	It is recommended to disable useCacheForAllThreads by setting -Dorg.apache.ratis.thirdparty.io.netty.allocator.useCacheForAllThreads=false in command line.
2019-11-13 20:17:21,130 [main] INFO  grpc.GrpcConfigKeys$Server (ConfUtils.java:logGet(43)) - raft.grpc.server.port = 0 (default)
2019-11-13 20:17:21,130 [main] INFO  server.GrpcService (ConfUtils.java:logGet(43)) - raft.grpc.message.size.max = 33570816 (custom)
2019-11-13 20:17:21,130 [main] INFO  server.RaftServerConfigKeys (ConfUtils.java:logGet(43)) - raft.server.log.appender.buffer.byte-limit = 33554432 (custom)
2019-11-13 20:17:21,131 [main] INFO  server.GrpcService (ConfUtils.java:logGet(43)) - raft.grpc.flow.control.window = 1MB (=1048576) (default)
2019-11-13 20:17:21,131 [main] INFO  server.RaftServerConfigKeys (ConfUtils.java:logGet(43)) - raft.server.rpc.request.timeout = 3000ms (default)
2019-11-13 20:17:21,131 [main] INFO  server.RaftServerConfigKeys (ConfUtils.java:logGet(43)) - raft.server.storage.dir = [/workdir/hadoop-ozone/integration-test/target/test-dir/MiniOzoneClusterImpl-e03c2511-109e-4d60-a68c-0151beb67872/datanode-1/data/ratis] (custom)
2019-11-13 20:17:21,133 [main] INFO  hdfs.DFSUtil (DFSUtil.java:httpServerTemplateForNNAndJN(1641)) - Starting Web-server for hddsDatanode at: http://0.0.0.0:0
2019-11-13 20:17:21,134 [main] INFO  server.AuthenticationFilter (AuthenticationFilter.java:constructSecretProvider(240)) - Unable to initialize FileSignerSecretProvider, falling back to use random secrets.
2019-11-13 20:17:21,134 [main] WARN  http.HttpRequestLog (HttpRequestLog.java:getRequestLog(97)) - Jetty request log can only be enabled using Log4j
2019-11-13 20:17:21,136 [main] INFO  http.HttpServer2 (HttpServer2.java:addGlobalFilter(975)) - Added global filter 'safety' (class=org.apache.hadoop.http.HttpServer2$QuotingInputFilter)
2019-11-13 20:17:21,136 [main] INFO  http.HttpServer2 (HttpServer2.java:addFilter(948)) - Added filter static_user_filter (class=org.apache.hadoop.http.lib.StaticUserWebFilter$StaticUserFilter) to context hddsDatanode
2019-11-13 20:17:21,136 [main] INFO  http.HttpServer2 (HttpServer2.java:addFilter(958)) - Added filter static_user_filter (class=org.apache.hadoop.http.lib.StaticUserWebFilter$StaticUserFilter) to context static
2019-11-13 20:17:21,137 [main] INFO  http.HttpServer2 (HttpServer2.java:addFilter(958)) - Added filter static_user_filter (class=org.apache.hadoop.http.lib.StaticUserWebFilter$StaticUserFilter) to context logs
2019-11-13 20:17:21,137 [main] INFO  http.HttpServer2 (HttpServer2.java:bindListener(1191)) - Jetty bound to port 40889
2019-11-13 20:17:21,137 [main] INFO  server.Server (Server.java:doStart(351)) - jetty-9.3.25.v20180904, build timestamp: 2018-09-04T21:11:46Z, git hash: 3ce520221d0240229c862b122d2b06c12a625732
2019-11-13 20:17:21,140 [main] INFO  handler.ContextHandler (ContextHandler.java:doStart(781)) - Started o.e.j.s.ServletContextHandler@45658133{/logs,file:///workdir/hadoop-ozone/integration-test/target/log,AVAILABLE}
2019-11-13 20:17:21,140 [main] INFO  handler.ContextHandler (ContextHandler.java:doStart(781)) - Started o.e.j.s.ServletContextHandler@67536ae0{/static,jar:file:/home/user/.m2/repository/org/apache/hadoop/hadoop-hdds-container-service/0.5.0-SNAPSHOT/hadoop-hdds-container-service-0.5.0-SNAPSHOT.jar!/webapps/static,AVAILABLE}
2019-11-13 20:17:21,170 [main] INFO  handler.ContextHandler (ContextHandler.java:doStart(781)) - Started o.e.j.w.WebAppContext@b0fd744{/,file:///tmp/jetty-0.0.0.0-40889-hddsDatanode-_-any-3006943191378703920.dir/webapp/,AVAILABLE}{/hddsDatanode}
2019-11-13 20:17:21,170 [main] INFO  server.AbstractConnector (AbstractConnector.java:doStart(278)) - Started ServerConnector@92d1782{HTTP/1.1,[http/1.1]}{0.0.0.0:40889}
2019-11-13 20:17:21,171 [main] INFO  server.Server (Server.java:doStart(419)) - Started @59530ms
2019-11-13 20:17:21,171 [main] WARN  impl.MetricsSystemImpl (MetricsSystemImpl.java:register(276)) - Sink prometheus already exists!
2019-11-13 20:17:21,172 [main] INFO  server.BaseHttpServer (BaseHttpServer.java:updateConnectorAddress(215)) - HTTP server of HDDSDATANODE is listening at http://0.0.0.0:40889
2019-11-13 20:17:21,172 [main] INFO  impl.MetricsSystemImpl (MetricsSystemImpl.java:init(158)) - HddsDatanode metrics system started (again)
2019-11-13 20:17:21,175 [org.apache.hadoop.util.JvmPauseMonitor$Monitor@18e93a5c] INFO  util.JvmPauseMonitor (JvmPauseMonitor.java:run(188)) - Starting JVM pause monitor
2019-11-13 20:17:21,175 [main] INFO  ozone.HddsDatanodeService (HddsDatanodeService.java:start(186)) - HddsDatanodeService host:pr-hdds-2375-t422d-1049308724 ip:192.168.164.208
2019-11-13 20:17:21,176 [Datanode State Machine Thread - 0] INFO  datanode.InitDatanodeState (InitDatanodeState.java:persistContainerDatanodeDetails(140)) - DatanodeDetails is persisted to /workdir/hadoop-ozone/integration-test/target/test-dir/MiniOzoneClusterImpl-e03c2511-109e-4d60-a68c-0151beb67872/datanode-1/meta/datanode.id
2019-11-13 20:17:21,181 [main] INFO  volume.HddsVolume (HddsVolume.java:<init>(176)) - Creating Volume: /workdir/hadoop-ozone/integration-test/target/test-dir/MiniOzoneClusterImpl-e03c2511-109e-4d60-a68c-0151beb67872/datanode-2/data/containers/hdds of  storage type : DISK and capacity : 1482555576320
2019-11-13 20:17:21,181 [main] INFO  volume.VolumeSet (VolumeSet.java:initializeVolumeSet(170)) - Added Volume : /workdir/hadoop-ozone/integration-test/target/test-dir/MiniOzoneClusterImpl-e03c2511-109e-4d60-a68c-0151beb67872/datanode-2/data/containers/hdds to VolumeSet
2019-11-13 20:17:21,182 [main] INFO  volume.ThrottledAsyncChecker (ThrottledAsyncChecker.java:schedule(141)) - Scheduling a check for /workdir/hadoop-ozone/integration-test/target/test-dir/MiniOzoneClusterImpl-e03c2511-109e-4d60-a68c-0151beb67872/datanode-2/data/containers/hdds
2019-11-13 20:17:21,182 [main] INFO  volume.HddsVolumeChecker (HddsVolumeChecker.java:checkAllVolumes(204)) - Scheduled health check for volume /workdir/hadoop-ozone/integration-test/target/test-dir/MiniOzoneClusterImpl-e03c2511-109e-4d60-a68c-0151beb67872/datanode-2/data/containers/hdds
2019-11-13 20:17:21,194 [main] INFO  impl.RaftServerProxy (ConfUtils.java:logGet(43)) - raft.rpc.type = GRPC (default)
2019-11-13 20:17:21,194 [main] INFO  grpc.GrpcFactory (GrpcFactory.java:checkPooledByteBufAllocatorUseCacheForAllThreads(45)) - PERFORMANCE WARNING: useCacheForAllThreads is true that may cause Netty to create a lot garbage objects and, as a result, trigger GC.
	It is recommended to disable useCacheForAllThreads by setting -Dorg.apache.ratis.thirdparty.io.netty.allocator.useCacheForAllThreads=false in command line.
2019-11-13 20:17:21,194 [main] INFO  grpc.GrpcConfigKeys$Server (ConfUtils.java:logGet(43)) - raft.grpc.server.port = 0 (default)
2019-11-13 20:17:21,194 [main] INFO  server.GrpcService (ConfUtils.java:logGet(43)) - raft.grpc.message.size.max = 33570816 (custom)
2019-11-13 20:17:21,195 [main] INFO  server.RaftServerConfigKeys (ConfUtils.java:logGet(43)) - raft.server.log.appender.buffer.byte-limit = 33554432 (custom)
2019-11-13 20:17:21,195 [main] INFO  server.GrpcService (ConfUtils.java:logGet(43)) - raft.grpc.flow.control.window = 1MB (=1048576) (default)
2019-11-13 20:17:21,195 [main] INFO  server.RaftServerConfigKeys (ConfUtils.java:logGet(43)) - raft.server.rpc.request.timeout = 3000ms (default)
2019-11-13 20:17:21,195 [main] INFO  server.RaftServerConfigKeys (ConfUtils.java:logGet(43)) - raft.server.storage.dir = [/workdir/hadoop-ozone/integration-test/target/test-dir/MiniOzoneClusterImpl-e03c2511-109e-4d60-a68c-0151beb67872/datanode-2/data/ratis] (custom)
2019-11-13 20:17:21,197 [main] INFO  hdfs.DFSUtil (DFSUtil.java:httpServerTemplateForNNAndJN(1641)) - Starting Web-server for hddsDatanode at: http://0.0.0.0:0
2019-11-13 20:17:21,198 [main] INFO  server.AuthenticationFilter (AuthenticationFilter.java:constructSecretProvider(240)) - Unable to initialize FileSignerSecretProvider, falling back to use random secrets.
2019-11-13 20:17:21,199 [main] WARN  http.HttpRequestLog (HttpRequestLog.java:getRequestLog(97)) - Jetty request log can only be enabled using Log4j
2019-11-13 20:17:21,200 [main] INFO  http.HttpServer2 (HttpServer2.java:addGlobalFilter(975)) - Added global filter 'safety' (class=org.apache.hadoop.http.HttpServer2$QuotingInputFilter)
2019-11-13 20:17:21,201 [main] INFO  http.HttpServer2 (HttpServer2.java:addFilter(948)) - Added filter static_user_filter (class=org.apache.hadoop.http.lib.StaticUserWebFilter$StaticUserFilter) to context hddsDatanode
2019-11-13 20:17:21,201 [main] INFO  http.HttpServer2 (HttpServer2.java:addFilter(958)) - Added filter static_user_filter (class=org.apache.hadoop.http.lib.StaticUserWebFilter$StaticUserFilter) to context static
2019-11-13 20:17:21,201 [main] INFO  http.HttpServer2 (HttpServer2.java:addFilter(958)) - Added filter static_user_filter (class=org.apache.hadoop.http.lib.StaticUserWebFilter$StaticUserFilter) to context logs
2019-11-13 20:17:21,202 [main] INFO  http.HttpServer2 (HttpServer2.java:bindListener(1191)) - Jetty bound to port 44113
2019-11-13 20:17:21,202 [main] INFO  server.Server (Server.java:doStart(351)) - jetty-9.3.25.v20180904, build timestamp: 2018-09-04T21:11:46Z, git hash: 3ce520221d0240229c862b122d2b06c12a625732
2019-11-13 20:17:21,204 [main] INFO  handler.ContextHandler (ContextHandler.java:doStart(781)) - Started o.e.j.s.ServletContextHandler@7885776b{/logs,file:///workdir/hadoop-ozone/integration-test/target/log,AVAILABLE}
2019-11-13 20:17:21,205 [main] INFO  handler.ContextHandler (ContextHandler.java:doStart(781)) - Started o.e.j.s.ServletContextHandler@3472947a{/static,jar:file:/home/user/.m2/repository/org/apache/hadoop/hadoop-hdds-container-service/0.5.0-SNAPSHOT/hadoop-hdds-container-service-0.5.0-SNAPSHOT.jar!/webapps/static,AVAILABLE}
2019-11-13 20:17:21,237 [main] INFO  handler.ContextHandler (ContextHandler.java:doStart(781)) - Started o.e.j.w.WebAppContext@10272bbb{/,file:///tmp/jetty-0.0.0.0-44113-hddsDatanode-_-any-2485670707713834651.dir/webapp/,AVAILABLE}{/hddsDatanode}
2019-11-13 20:17:21,238 [main] INFO  server.AbstractConnector (AbstractConnector.java:doStart(278)) - Started ServerConnector@36d33f4{HTTP/1.1,[http/1.1]}{0.0.0.0:44113}
2019-11-13 20:17:21,239 [main] INFO  server.Server (Server.java:doStart(419)) - Started @59598ms
2019-11-13 20:17:21,239 [main] WARN  impl.MetricsSystemImpl (MetricsSystemImpl.java:register(276)) - Sink prometheus already exists!
2019-11-13 20:17:21,239 [main] INFO  server.BaseHttpServer (BaseHttpServer.java:updateConnectorAddress(215)) - HTTP server of HDDSDATANODE is listening at http://0.0.0.0:44113
2019-11-13 20:17:21,240 [main] INFO  impl.MetricsSystemImpl (MetricsSystemImpl.java:init(158)) - HddsDatanode metrics system started (again)
2019-11-13 20:17:21,242 [main] INFO  ozone.HddsDatanodeService (HddsDatanodeService.java:start(186)) - HddsDatanodeService host:pr-hdds-2375-t422d-1049308724 ip:192.168.164.208
2019-11-13 20:17:21,242 [org.apache.hadoop.util.JvmPauseMonitor$Monitor@870191f] INFO  util.JvmPauseMonitor (JvmPauseMonitor.java:run(188)) - Starting JVM pause monitor
2019-11-13 20:17:21,244 [Datanode State Machine Thread - 0] INFO  datanode.InitDatanodeState (InitDatanodeState.java:persistContainerDatanodeDetails(140)) - DatanodeDetails is persisted to /workdir/hadoop-ozone/integration-test/target/test-dir/MiniOzoneClusterImpl-e03c2511-109e-4d60-a68c-0151beb67872/datanode-2/meta/datanode.id
2019-11-13 20:17:21,248 [main] INFO  volume.HddsVolume (HddsVolume.java:<init>(176)) - Creating Volume: /workdir/hadoop-ozone/integration-test/target/test-dir/MiniOzoneClusterImpl-e03c2511-109e-4d60-a68c-0151beb67872/datanode-3/data/containers/hdds of  storage type : DISK and capacity : 1482555576320
2019-11-13 20:17:21,249 [main] INFO  volume.VolumeSet (VolumeSet.java:initializeVolumeSet(170)) - Added Volume : /workdir/hadoop-ozone/integration-test/target/test-dir/MiniOzoneClusterImpl-e03c2511-109e-4d60-a68c-0151beb67872/datanode-3/data/containers/hdds to VolumeSet
2019-11-13 20:17:21,249 [main] INFO  volume.ThrottledAsyncChecker (ThrottledAsyncChecker.java:schedule(141)) - Scheduling a check for /workdir/hadoop-ozone/integration-test/target/test-dir/MiniOzoneClusterImpl-e03c2511-109e-4d60-a68c-0151beb67872/datanode-3/data/containers/hdds
2019-11-13 20:17:21,249 [main] INFO  volume.HddsVolumeChecker (HddsVolumeChecker.java:checkAllVolumes(204)) - Scheduled health check for volume /workdir/hadoop-ozone/integration-test/target/test-dir/MiniOzoneClusterImpl-e03c2511-109e-4d60-a68c-0151beb67872/datanode-3/data/containers/hdds
2019-11-13 20:17:21,262 [main] INFO  impl.RaftServerProxy (ConfUtils.java:logGet(43)) - raft.rpc.type = GRPC (default)
2019-11-13 20:17:21,262 [main] INFO  grpc.GrpcFactory (GrpcFactory.java:checkPooledByteBufAllocatorUseCacheForAllThreads(45)) - PERFORMANCE WARNING: useCacheForAllThreads is true that may cause Netty to create a lot garbage objects and, as a result, trigger GC.
	It is recommended to disable useCacheForAllThreads by setting -Dorg.apache.ratis.thirdparty.io.netty.allocator.useCacheForAllThreads=false in command line.
2019-11-13 20:17:21,262 [main] INFO  grpc.GrpcConfigKeys$Server (ConfUtils.java:logGet(43)) - raft.grpc.server.port = 0 (default)
2019-11-13 20:17:21,262 [main] INFO  server.GrpcService (ConfUtils.java:logGet(43)) - raft.grpc.message.size.max = 33570816 (custom)
2019-11-13 20:17:21,263 [main] INFO  server.RaftServerConfigKeys (ConfUtils.java:logGet(43)) - raft.server.log.appender.buffer.byte-limit = 33554432 (custom)
2019-11-13 20:17:21,263 [main] INFO  server.GrpcService (ConfUtils.java:logGet(43)) - raft.grpc.flow.control.window = 1MB (=1048576) (default)
2019-11-13 20:17:21,263 [main] INFO  server.RaftServerConfigKeys (ConfUtils.java:logGet(43)) - raft.server.rpc.request.timeout = 3000ms (default)
2019-11-13 20:17:21,263 [main] INFO  server.RaftServerConfigKeys (ConfUtils.java:logGet(43)) - raft.server.storage.dir = [/workdir/hadoop-ozone/integration-test/target/test-dir/MiniOzoneClusterImpl-e03c2511-109e-4d60-a68c-0151beb67872/datanode-3/data/ratis] (custom)
2019-11-13 20:17:21,265 [main] INFO  hdfs.DFSUtil (DFSUtil.java:httpServerTemplateForNNAndJN(1641)) - Starting Web-server for hddsDatanode at: http://0.0.0.0:0
2019-11-13 20:17:21,267 [main] INFO  server.AuthenticationFilter (AuthenticationFilter.java:constructSecretProvider(240)) - Unable to initialize FileSignerSecretProvider, falling back to use random secrets.
2019-11-13 20:17:21,267 [main] WARN  http.HttpRequestLog (HttpRequestLog.java:getRequestLog(97)) - Jetty request log can only be enabled using Log4j
2019-11-13 20:17:21,270 [main] INFO  http.HttpServer2 (HttpServer2.java:addGlobalFilter(975)) - Added global filter 'safety' (class=org.apache.hadoop.http.HttpServer2$QuotingInputFilter)
2019-11-13 20:17:21,271 [main] INFO  http.HttpServer2 (HttpServer2.java:addFilter(948)) - Added filter static_user_filter (class=org.apache.hadoop.http.lib.StaticUserWebFilter$StaticUserFilter) to context hddsDatanode
2019-11-13 20:17:21,271 [main] INFO  http.HttpServer2 (HttpServer2.java:addFilter(958)) - Added filter static_user_filter (class=org.apache.hadoop.http.lib.StaticUserWebFilter$StaticUserFilter) to context static
2019-11-13 20:17:21,271 [main] INFO  http.HttpServer2 (HttpServer2.java:addFilter(958)) - Added filter static_user_filter (class=org.apache.hadoop.http.lib.StaticUserWebFilter$StaticUserFilter) to context logs
2019-11-13 20:17:21,272 [main] INFO  http.HttpServer2 (HttpServer2.java:bindListener(1191)) - Jetty bound to port 42922
2019-11-13 20:17:21,273 [main] INFO  server.Server (Server.java:doStart(351)) - jetty-9.3.25.v20180904, build timestamp: 2018-09-04T21:11:46Z, git hash: 3ce520221d0240229c862b122d2b06c12a625732
2019-11-13 20:17:21,275 [main] INFO  handler.ContextHandler (ContextHandler.java:doStart(781)) - Started o.e.j.s.ServletContextHandler@3d24420b{/logs,file:///workdir/hadoop-ozone/integration-test/target/log,AVAILABLE}
2019-11-13 20:17:21,275 [main] INFO  handler.ContextHandler (ContextHandler.java:doStart(781)) - Started o.e.j.s.ServletContextHandler@53ce2392{/static,jar:file:/home/user/.m2/repository/org/apache/hadoop/hadoop-hdds-container-service/0.5.0-SNAPSHOT/hadoop-hdds-container-service-0.5.0-SNAPSHOT.jar!/webapps/static,AVAILABLE}
2019-11-13 20:17:21,318 [main] INFO  handler.ContextHandler (ContextHandler.java:doStart(781)) - Started o.e.j.w.WebAppContext@682abca7{/,file:///tmp/jetty-0.0.0.0-42922-hddsDatanode-_-any-4264234400831832523.dir/webapp/,AVAILABLE}{/hddsDatanode}
2019-11-13 20:17:21,318 [main] INFO  server.AbstractConnector (AbstractConnector.java:doStart(278)) - Started ServerConnector@1d858300{HTTP/1.1,[http/1.1]}{0.0.0.0:42922}
2019-11-13 20:17:21,319 [main] INFO  server.Server (Server.java:doStart(419)) - Started @59679ms
2019-11-13 20:17:21,319 [main] WARN  impl.MetricsSystemImpl (MetricsSystemImpl.java:register(276)) - Sink prometheus already exists!
2019-11-13 20:17:21,320 [main] INFO  server.BaseHttpServer (BaseHttpServer.java:updateConnectorAddress(215)) - HTTP server of HDDSDATANODE is listening at http://0.0.0.0:42922
2019-11-13 20:17:21,321 [main] INFO  impl.MetricsSystemImpl (MetricsSystemImpl.java:init(158)) - HddsDatanode metrics system started (again)
2019-11-13 20:17:21,323 [org.apache.hadoop.util.JvmPauseMonitor$Monitor@9e34bb2] INFO  util.JvmPauseMonitor (JvmPauseMonitor.java:run(188)) - Starting JVM pause monitor
2019-11-13 20:17:21,323 [main] INFO  ozone.HddsDatanodeService (HddsDatanodeService.java:start(186)) - HddsDatanodeService host:pr-hdds-2375-t422d-1049308724 ip:192.168.164.208
2019-11-13 20:17:21,325 [Datanode State Machine Thread - 0] INFO  datanode.InitDatanodeState (InitDatanodeState.java:persistContainerDatanodeDetails(140)) - DatanodeDetails is persisted to /workdir/hadoop-ozone/integration-test/target/test-dir/MiniOzoneClusterImpl-e03c2511-109e-4d60-a68c-0151beb67872/datanode-3/meta/datanode.id
2019-11-13 20:17:21,330 [main] INFO  volume.HddsVolume (HddsVolume.java:<init>(176)) - Creating Volume: /workdir/hadoop-ozone/integration-test/target/test-dir/MiniOzoneClusterImpl-e03c2511-109e-4d60-a68c-0151beb67872/datanode-4/data/containers/hdds of  storage type : DISK and capacity : 1482555576320
2019-11-13 20:17:21,330 [main] INFO  volume.VolumeSet (VolumeSet.java:initializeVolumeSet(170)) - Added Volume : /workdir/hadoop-ozone/integration-test/target/test-dir/MiniOzoneClusterImpl-e03c2511-109e-4d60-a68c-0151beb67872/datanode-4/data/containers/hdds to VolumeSet
2019-11-13 20:17:21,331 [main] INFO  volume.ThrottledAsyncChecker (ThrottledAsyncChecker.java:schedule(141)) - Scheduling a check for /workdir/hadoop-ozone/integration-test/target/test-dir/MiniOzoneClusterImpl-e03c2511-109e-4d60-a68c-0151beb67872/datanode-4/data/containers/hdds
2019-11-13 20:17:21,331 [main] INFO  volume.HddsVolumeChecker (HddsVolumeChecker.java:checkAllVolumes(204)) - Scheduled health check for volume /workdir/hadoop-ozone/integration-test/target/test-dir/MiniOzoneClusterImpl-e03c2511-109e-4d60-a68c-0151beb67872/datanode-4/data/containers/hdds
2019-11-13 20:17:21,343 [main] INFO  impl.RaftServerProxy (ConfUtils.java:logGet(43)) - raft.rpc.type = GRPC (default)
2019-11-13 20:17:21,343 [main] INFO  grpc.GrpcFactory (GrpcFactory.java:checkPooledByteBufAllocatorUseCacheForAllThreads(45)) - PERFORMANCE WARNING: useCacheForAllThreads is true that may cause Netty to create a lot garbage objects and, as a result, trigger GC.
	It is recommended to disable useCacheForAllThreads by setting -Dorg.apache.ratis.thirdparty.io.netty.allocator.useCacheForAllThreads=false in command line.
2019-11-13 20:17:21,343 [main] INFO  grpc.GrpcConfigKeys$Server (ConfUtils.java:logGet(43)) - raft.grpc.server.port = 0 (default)
2019-11-13 20:17:21,343 [main] INFO  server.GrpcService (ConfUtils.java:logGet(43)) - raft.grpc.message.size.max = 33570816 (custom)
2019-11-13 20:17:21,344 [main] INFO  server.RaftServerConfigKeys (ConfUtils.java:logGet(43)) - raft.server.log.appender.buffer.byte-limit = 33554432 (custom)
2019-11-13 20:17:21,344 [main] INFO  server.GrpcService (ConfUtils.java:logGet(43)) - raft.grpc.flow.control.window = 1MB (=1048576) (default)
2019-11-13 20:17:21,344 [main] INFO  server.RaftServerConfigKeys (ConfUtils.java:logGet(43)) - raft.server.rpc.request.timeout = 3000ms (default)
2019-11-13 20:17:21,344 [main] INFO  server.RaftServerConfigKeys (ConfUtils.java:logGet(43)) - raft.server.storage.dir = [/workdir/hadoop-ozone/integration-test/target/test-dir/MiniOzoneClusterImpl-e03c2511-109e-4d60-a68c-0151beb67872/datanode-4/data/ratis] (custom)
2019-11-13 20:17:21,346 [main] INFO  hdfs.DFSUtil (DFSUtil.java:httpServerTemplateForNNAndJN(1641)) - Starting Web-server for hddsDatanode at: http://0.0.0.0:0
2019-11-13 20:17:21,347 [main] INFO  server.AuthenticationFilter (AuthenticationFilter.java:constructSecretProvider(240)) - Unable to initialize FileSignerSecretProvider, falling back to use random secrets.
2019-11-13 20:17:21,347 [main] WARN  http.HttpRequestLog (HttpRequestLog.java:getRequestLog(97)) - Jetty request log can only be enabled using Log4j
2019-11-13 20:17:21,348 [main] INFO  http.HttpServer2 (HttpServer2.java:addGlobalFilter(975)) - Added global filter 'safety' (class=org.apache.hadoop.http.HttpServer2$QuotingInputFilter)
2019-11-13 20:17:21,349 [main] INFO  http.HttpServer2 (HttpServer2.java:addFilter(948)) - Added filter static_user_filter (class=org.apache.hadoop.http.lib.StaticUserWebFilter$StaticUserFilter) to context hddsDatanode
2019-11-13 20:17:21,349 [main] INFO  http.HttpServer2 (HttpServer2.java:addFilter(958)) - Added filter static_user_filter (class=org.apache.hadoop.http.lib.StaticUserWebFilter$StaticUserFilter) to context logs
2019-11-13 20:17:21,349 [main] INFO  http.HttpServer2 (HttpServer2.java:addFilter(958)) - Added filter static_user_filter (class=org.apache.hadoop.http.lib.StaticUserWebFilter$StaticUserFilter) to context static
2019-11-13 20:17:21,350 [main] INFO  http.HttpServer2 (HttpServer2.java:bindListener(1191)) - Jetty bound to port 43735
2019-11-13 20:17:21,350 [main] INFO  server.Server (Server.java:doStart(351)) - jetty-9.3.25.v20180904, build timestamp: 2018-09-04T21:11:46Z, git hash: 3ce520221d0240229c862b122d2b06c12a625732
2019-11-13 20:17:21,351 [main] INFO  handler.ContextHandler (ContextHandler.java:doStart(781)) - Started o.e.j.s.ServletContextHandler@af7e376{/logs,file:///workdir/hadoop-ozone/integration-test/target/log,AVAILABLE}
2019-11-13 20:17:21,352 [main] INFO  handler.ContextHandler (ContextHandler.java:doStart(781)) - Started o.e.j.s.ServletContextHandler@4fb04a72{/static,jar:file:/home/user/.m2/repository/org/apache/hadoop/hadoop-hdds-container-service/0.5.0-SNAPSHOT/hadoop-hdds-container-service-0.5.0-SNAPSHOT.jar!/webapps/static,AVAILABLE}
2019-11-13 20:17:21,380 [main] INFO  handler.ContextHandler (ContextHandler.java:doStart(781)) - Started o.e.j.w.WebAppContext@168b4cb0{/,file:///tmp/jetty-0.0.0.0-43735-hddsDatanode-_-any-7175852908586428264.dir/webapp/,AVAILABLE}{/hddsDatanode}
2019-11-13 20:17:21,381 [main] INFO  server.AbstractConnector (AbstractConnector.java:doStart(278)) - Started ServerConnector@3e05586b{HTTP/1.1,[http/1.1]}{0.0.0.0:43735}
2019-11-13 20:17:21,381 [main] INFO  server.Server (Server.java:doStart(419)) - Started @59741ms
2019-11-13 20:17:21,382 [main] WARN  impl.MetricsSystemImpl (MetricsSystemImpl.java:register(276)) - Sink prometheus already exists!
2019-11-13 20:17:21,382 [main] INFO  server.BaseHttpServer (BaseHttpServer.java:updateConnectorAddress(215)) - HTTP server of HDDSDATANODE is listening at http://0.0.0.0:43735
2019-11-13 20:17:21,383 [main] INFO  impl.MetricsSystemImpl (MetricsSystemImpl.java:init(158)) - HddsDatanode metrics system started (again)
2019-11-13 20:17:21,385 [main] INFO  ozone.HddsDatanodeService (HddsDatanodeService.java:start(186)) - HddsDatanodeService host:pr-hdds-2375-t422d-1049308724 ip:192.168.164.208
2019-11-13 20:17:21,385 [org.apache.hadoop.util.JvmPauseMonitor$Monitor@47f45e59] INFO  util.JvmPauseMonitor (JvmPauseMonitor.java:run(188)) - Starting JVM pause monitor
2019-11-13 20:17:21,388 [Datanode State Machine Thread - 0] INFO  datanode.InitDatanodeState (InitDatanodeState.java:persistContainerDatanodeDetails(140)) - DatanodeDetails is persisted to /workdir/hadoop-ozone/integration-test/target/test-dir/MiniOzoneClusterImpl-e03c2511-109e-4d60-a68c-0151beb67872/datanode-4/meta/datanode.id
2019-11-13 20:17:21,393 [main] INFO  volume.HddsVolume (HddsVolume.java:<init>(176)) - Creating Volume: /workdir/hadoop-ozone/integration-test/target/test-dir/MiniOzoneClusterImpl-e03c2511-109e-4d60-a68c-0151beb67872/datanode-5/data/containers/hdds of  storage type : DISK and capacity : 1482555576320
2019-11-13 20:17:21,393 [main] INFO  volume.VolumeSet (VolumeSet.java:initializeVolumeSet(170)) - Added Volume : /workdir/hadoop-ozone/integration-test/target/test-dir/MiniOzoneClusterImpl-e03c2511-109e-4d60-a68c-0151beb67872/datanode-5/data/containers/hdds to VolumeSet
2019-11-13 20:17:21,393 [main] INFO  volume.ThrottledAsyncChecker (ThrottledAsyncChecker.java:schedule(141)) - Scheduling a check for /workdir/hadoop-ozone/integration-test/target/test-dir/MiniOzoneClusterImpl-e03c2511-109e-4d60-a68c-0151beb67872/datanode-5/data/containers/hdds
2019-11-13 20:17:21,394 [main] INFO  volume.HddsVolumeChecker (HddsVolumeChecker.java:checkAllVolumes(204)) - Scheduled health check for volume /workdir/hadoop-ozone/integration-test/target/test-dir/MiniOzoneClusterImpl-e03c2511-109e-4d60-a68c-0151beb67872/datanode-5/data/containers/hdds
2019-11-13 20:17:21,407 [main] INFO  impl.RaftServerProxy (ConfUtils.java:logGet(43)) - raft.rpc.type = GRPC (default)
2019-11-13 20:17:21,407 [main] INFO  grpc.GrpcFactory (GrpcFactory.java:checkPooledByteBufAllocatorUseCacheForAllThreads(45)) - PERFORMANCE WARNING: useCacheForAllThreads is true that may cause Netty to create a lot garbage objects and, as a result, trigger GC.
	It is recommended to disable useCacheForAllThreads by setting -Dorg.apache.ratis.thirdparty.io.netty.allocator.useCacheForAllThreads=false in command line.
2019-11-13 20:17:21,407 [main] INFO  grpc.GrpcConfigKeys$Server (ConfUtils.java:logGet(43)) - raft.grpc.server.port = 0 (default)
2019-11-13 20:17:21,408 [main] INFO  server.GrpcService (ConfUtils.java:logGet(43)) - raft.grpc.message.size.max = 33570816 (custom)
2019-11-13 20:17:21,408 [main] INFO  server.RaftServerConfigKeys (ConfUtils.java:logGet(43)) - raft.server.log.appender.buffer.byte-limit = 33554432 (custom)
2019-11-13 20:17:21,408 [main] INFO  server.GrpcService (ConfUtils.java:logGet(43)) - raft.grpc.flow.control.window = 1MB (=1048576) (default)
2019-11-13 20:17:21,408 [main] INFO  server.RaftServerConfigKeys (ConfUtils.java:logGet(43)) - raft.server.rpc.request.timeout = 3000ms (default)
2019-11-13 20:17:21,408 [main] INFO  server.RaftServerConfigKeys (ConfUtils.java:logGet(43)) - raft.server.storage.dir = [/workdir/hadoop-ozone/integration-test/target/test-dir/MiniOzoneClusterImpl-e03c2511-109e-4d60-a68c-0151beb67872/datanode-5/data/ratis] (custom)
2019-11-13 20:17:21,411 [main] INFO  hdfs.DFSUtil (DFSUtil.java:httpServerTemplateForNNAndJN(1641)) - Starting Web-server for hddsDatanode at: http://0.0.0.0:0
2019-11-13 20:17:21,412 [main] INFO  server.AuthenticationFilter (AuthenticationFilter.java:constructSecretProvider(240)) - Unable to initialize FileSignerSecretProvider, falling back to use random secrets.
2019-11-13 20:17:21,412 [main] WARN  http.HttpRequestLog (HttpRequestLog.java:getRequestLog(97)) - Jetty request log can only be enabled using Log4j
2019-11-13 20:17:21,413 [main] INFO  http.HttpServer2 (HttpServer2.java:addGlobalFilter(975)) - Added global filter 'safety' (class=org.apache.hadoop.http.HttpServer2$QuotingInputFilter)
2019-11-13 20:17:21,414 [main] INFO  http.HttpServer2 (HttpServer2.java:addFilter(948)) - Added filter static_user_filter (class=org.apache.hadoop.http.lib.StaticUserWebFilter$StaticUserFilter) to context hddsDatanode
2019-11-13 20:17:21,414 [main] INFO  http.HttpServer2 (HttpServer2.java:addFilter(958)) - Added filter static_user_filter (class=org.apache.hadoop.http.lib.StaticUserWebFilter$StaticUserFilter) to context static
2019-11-13 20:17:21,414 [main] INFO  http.HttpServer2 (HttpServer2.java:addFilter(958)) - Added filter static_user_filter (class=org.apache.hadoop.http.lib.StaticUserWebFilter$StaticUserFilter) to context logs
2019-11-13 20:17:21,415 [main] INFO  http.HttpServer2 (HttpServer2.java:bindListener(1191)) - Jetty bound to port 41806
2019-11-13 20:17:21,415 [main] INFO  server.Server (Server.java:doStart(351)) - jetty-9.3.25.v20180904, build timestamp: 2018-09-04T21:11:46Z, git hash: 3ce520221d0240229c862b122d2b06c12a625732
2019-11-13 20:17:21,416 [main] INFO  handler.ContextHandler (ContextHandler.java:doStart(781)) - Started o.e.j.s.ServletContextHandler@2d74c81b{/logs,file:///workdir/hadoop-ozone/integration-test/target/log,AVAILABLE}
2019-11-13 20:17:21,417 [main] INFO  handler.ContextHandler (ContextHandler.java:doStart(781)) - Started o.e.j.s.ServletContextHandler@55f4887d{/static,jar:file:/home/user/.m2/repository/org/apache/hadoop/hadoop-hdds-container-service/0.5.0-SNAPSHOT/hadoop-hdds-container-service-0.5.0-SNAPSHOT.jar!/webapps/static,AVAILABLE}
2019-11-13 20:17:21,445 [main] INFO  handler.ContextHandler (ContextHandler.java:doStart(781)) - Started o.e.j.w.WebAppContext@5f5827d0{/,file:///tmp/jetty-0.0.0.0-41806-hddsDatanode-_-any-471967768097147073.dir/webapp/,AVAILABLE}{/hddsDatanode}
2019-11-13 20:17:21,446 [main] INFO  server.AbstractConnector (AbstractConnector.java:doStart(278)) - Started ServerConnector@58a2d9f9{HTTP/1.1,[http/1.1]}{0.0.0.0:41806}
2019-11-13 20:17:21,447 [main] INFO  server.Server (Server.java:doStart(419)) - Started @59806ms
2019-11-13 20:17:21,447 [main] WARN  impl.MetricsSystemImpl (MetricsSystemImpl.java:register(276)) - Sink prometheus already exists!
2019-11-13 20:17:21,448 [main] INFO  server.BaseHttpServer (BaseHttpServer.java:updateConnectorAddress(215)) - HTTP server of HDDSDATANODE is listening at http://0.0.0.0:41806
2019-11-13 20:17:21,449 [main] INFO  impl.MetricsSystemImpl (MetricsSystemImpl.java:init(158)) - HddsDatanode metrics system started (again)
2019-11-13 20:17:21,453 [org.apache.hadoop.util.JvmPauseMonitor$Monitor@607f09a9] INFO  util.JvmPauseMonitor (JvmPauseMonitor.java:run(188)) - Starting JVM pause monitor
2019-11-13 20:17:21,454 [main] INFO  ozone.HddsDatanodeService (HddsDatanodeService.java:start(186)) - HddsDatanodeService host:pr-hdds-2375-t422d-1049308724 ip:192.168.164.208
2019-11-13 20:17:21,458 [Datanode State Machine Thread - 0] INFO  datanode.InitDatanodeState (InitDatanodeState.java:persistContainerDatanodeDetails(140)) - DatanodeDetails is persisted to /workdir/hadoop-ozone/integration-test/target/test-dir/MiniOzoneClusterImpl-e03c2511-109e-4d60-a68c-0151beb67872/datanode-5/meta/datanode.id
2019-11-13 20:17:21,463 [main] INFO  volume.HddsVolume (HddsVolume.java:<init>(176)) - Creating Volume: /workdir/hadoop-ozone/integration-test/target/test-dir/MiniOzoneClusterImpl-e03c2511-109e-4d60-a68c-0151beb67872/datanode-6/data/containers/hdds of  storage type : DISK and capacity : 1482555576320
2019-11-13 20:17:21,464 [main] INFO  volume.VolumeSet (VolumeSet.java:initializeVolumeSet(170)) - Added Volume : /workdir/hadoop-ozone/integration-test/target/test-dir/MiniOzoneClusterImpl-e03c2511-109e-4d60-a68c-0151beb67872/datanode-6/data/containers/hdds to VolumeSet
2019-11-13 20:17:21,464 [main] INFO  volume.ThrottledAsyncChecker (ThrottledAsyncChecker.java:schedule(141)) - Scheduling a check for /workdir/hadoop-ozone/integration-test/target/test-dir/MiniOzoneClusterImpl-e03c2511-109e-4d60-a68c-0151beb67872/datanode-6/data/containers/hdds
2019-11-13 20:17:21,464 [main] INFO  volume.HddsVolumeChecker (HddsVolumeChecker.java:checkAllVolumes(204)) - Scheduled health check for volume /workdir/hadoop-ozone/integration-test/target/test-dir/MiniOzoneClusterImpl-e03c2511-109e-4d60-a68c-0151beb67872/datanode-6/data/containers/hdds
2019-11-13 20:17:21,484 [main] INFO  impl.RaftServerProxy (ConfUtils.java:logGet(43)) - raft.rpc.type = GRPC (default)
2019-11-13 20:17:21,485 [main] INFO  grpc.GrpcFactory (GrpcFactory.java:checkPooledByteBufAllocatorUseCacheForAllThreads(45)) - PERFORMANCE WARNING: useCacheForAllThreads is true that may cause Netty to create a lot garbage objects and, as a result, trigger GC.
	It is recommended to disable useCacheForAllThreads by setting -Dorg.apache.ratis.thirdparty.io.netty.allocator.useCacheForAllThreads=false in command line.
2019-11-13 20:17:21,485 [main] INFO  grpc.GrpcConfigKeys$Server (ConfUtils.java:logGet(43)) - raft.grpc.server.port = 0 (default)
2019-11-13 20:17:21,485 [main] INFO  server.GrpcService (ConfUtils.java:logGet(43)) - raft.grpc.message.size.max = 33570816 (custom)
2019-11-13 20:17:21,485 [main] INFO  server.RaftServerConfigKeys (ConfUtils.java:logGet(43)) - raft.server.log.appender.buffer.byte-limit = 33554432 (custom)
2019-11-13 20:17:21,486 [main] INFO  server.GrpcService (ConfUtils.java:logGet(43)) - raft.grpc.flow.control.window = 1MB (=1048576) (default)
2019-11-13 20:17:21,486 [main] INFO  server.RaftServerConfigKeys (ConfUtils.java:logGet(43)) - raft.server.rpc.request.timeout = 3000ms (default)
2019-11-13 20:17:21,486 [main] INFO  server.RaftServerConfigKeys (ConfUtils.java:logGet(43)) - raft.server.storage.dir = [/workdir/hadoop-ozone/integration-test/target/test-dir/MiniOzoneClusterImpl-e03c2511-109e-4d60-a68c-0151beb67872/datanode-6/data/ratis] (custom)
2019-11-13 20:17:21,488 [main] INFO  hdfs.DFSUtil (DFSUtil.java:httpServerTemplateForNNAndJN(1641)) - Starting Web-server for hddsDatanode at: http://0.0.0.0:0
2019-11-13 20:17:21,490 [main] INFO  server.AuthenticationFilter (AuthenticationFilter.java:constructSecretProvider(240)) - Unable to initialize FileSignerSecretProvider, falling back to use random secrets.
2019-11-13 20:17:21,490 [main] WARN  http.HttpRequestLog (HttpRequestLog.java:getRequestLog(97)) - Jetty request log can only be enabled using Log4j
2019-11-13 20:17:21,492 [main] INFO  http.HttpServer2 (HttpServer2.java:addGlobalFilter(975)) - Added global filter 'safety' (class=org.apache.hadoop.http.HttpServer2$QuotingInputFilter)
2019-11-13 20:17:21,493 [main] INFO  http.HttpServer2 (HttpServer2.java:addFilter(948)) - Added filter static_user_filter (class=org.apache.hadoop.http.lib.StaticUserWebFilter$StaticUserFilter) to context hddsDatanode
2019-11-13 20:17:21,493 [main] INFO  http.HttpServer2 (HttpServer2.java:addFilter(958)) - Added filter static_user_filter (class=org.apache.hadoop.http.lib.StaticUserWebFilter$StaticUserFilter) to context static
2019-11-13 20:17:21,493 [main] INFO  http.HttpServer2 (HttpServer2.java:addFilter(958)) - Added filter static_user_filter (class=org.apache.hadoop.http.lib.StaticUserWebFilter$StaticUserFilter) to context logs
2019-11-13 20:17:21,494 [main] INFO  http.HttpServer2 (HttpServer2.java:bindListener(1191)) - Jetty bound to port 36835
2019-11-13 20:17:21,494 [main] INFO  server.Server (Server.java:doStart(351)) - jetty-9.3.25.v20180904, build timestamp: 2018-09-04T21:11:46Z, git hash: 3ce520221d0240229c862b122d2b06c12a625732
2019-11-13 20:17:21,496 [main] INFO  handler.ContextHandler (ContextHandler.java:doStart(781)) - Started o.e.j.s.ServletContextHandler@64da6cbd{/logs,file:///workdir/hadoop-ozone/integration-test/target/log,AVAILABLE}
2019-11-13 20:17:21,497 [main] INFO  handler.ContextHandler (ContextHandler.java:doStart(781)) - Started o.e.j.s.ServletContextHandler@47c7a9e5{/static,jar:file:/home/user/.m2/repository/org/apache/hadoop/hadoop-hdds-container-service/0.5.0-SNAPSHOT/hadoop-hdds-container-service-0.5.0-SNAPSHOT.jar!/webapps/static,AVAILABLE}
2019-11-13 20:17:21,535 [main] INFO  handler.ContextHandler (ContextHandler.java:doStart(781)) - Started o.e.j.w.WebAppContext@78d9f51b{/,file:///tmp/jetty-0.0.0.0-36835-hddsDatanode-_-any-8529056649495900663.dir/webapp/,AVAILABLE}{/hddsDatanode}
2019-11-13 20:17:21,535 [main] INFO  server.AbstractConnector (AbstractConnector.java:doStart(278)) - Started ServerConnector@23ed382c{HTTP/1.1,[http/1.1]}{0.0.0.0:36835}
2019-11-13 20:17:21,537 [main] INFO  server.Server (Server.java:doStart(419)) - Started @59896ms
2019-11-13 20:17:21,537 [main] WARN  impl.MetricsSystemImpl (MetricsSystemImpl.java:register(276)) - Sink prometheus already exists!
2019-11-13 20:17:21,538 [main] INFO  server.BaseHttpServer (BaseHttpServer.java:updateConnectorAddress(215)) - HTTP server of HDDSDATANODE is listening at http://0.0.0.0:36835
2019-11-13 20:17:21,538 [main] INFO  impl.MetricsSystemImpl (MetricsSystemImpl.java:init(158)) - HddsDatanode metrics system started (again)
2019-11-13 20:17:21,542 [main] INFO  ozone.HddsDatanodeService (HddsDatanodeService.java:start(186)) - HddsDatanodeService host:pr-hdds-2375-t422d-1049308724 ip:192.168.164.208
2019-11-13 20:17:21,542 [org.apache.hadoop.util.JvmPauseMonitor$Monitor@2b608ac4] INFO  util.JvmPauseMonitor (JvmPauseMonitor.java:run(188)) - Starting JVM pause monitor
2019-11-13 20:17:21,544 [Datanode State Machine Thread - 0] INFO  datanode.InitDatanodeState (InitDatanodeState.java:persistContainerDatanodeDetails(140)) - DatanodeDetails is persisted to /workdir/hadoop-ozone/integration-test/target/test-dir/MiniOzoneClusterImpl-e03c2511-109e-4d60-a68c-0151beb67872/datanode-6/meta/datanode.id
2019-11-13 20:17:21,549 [main] INFO  volume.HddsVolume (HddsVolume.java:<init>(176)) - Creating Volume: /workdir/hadoop-ozone/integration-test/target/test-dir/MiniOzoneClusterImpl-e03c2511-109e-4d60-a68c-0151beb67872/datanode-7/data/containers/hdds of  storage type : DISK and capacity : 1482555576320
2019-11-13 20:17:21,550 [main] INFO  volume.VolumeSet (VolumeSet.java:initializeVolumeSet(170)) - Added Volume : /workdir/hadoop-ozone/integration-test/target/test-dir/MiniOzoneClusterImpl-e03c2511-109e-4d60-a68c-0151beb67872/datanode-7/data/containers/hdds to VolumeSet
2019-11-13 20:17:21,550 [main] INFO  volume.ThrottledAsyncChecker (ThrottledAsyncChecker.java:schedule(141)) - Scheduling a check for /workdir/hadoop-ozone/integration-test/target/test-dir/MiniOzoneClusterImpl-e03c2511-109e-4d60-a68c-0151beb67872/datanode-7/data/containers/hdds
2019-11-13 20:17:21,550 [main] INFO  volume.HddsVolumeChecker (HddsVolumeChecker.java:checkAllVolumes(204)) - Scheduled health check for volume /workdir/hadoop-ozone/integration-test/target/test-dir/MiniOzoneClusterImpl-e03c2511-109e-4d60-a68c-0151beb67872/datanode-7/data/containers/hdds
2019-11-13 20:17:21,564 [main] INFO  impl.RaftServerProxy (ConfUtils.java:logGet(43)) - raft.rpc.type = GRPC (default)
2019-11-13 20:17:21,564 [main] INFO  grpc.GrpcFactory (GrpcFactory.java:checkPooledByteBufAllocatorUseCacheForAllThreads(45)) - PERFORMANCE WARNING: useCacheForAllThreads is true that may cause Netty to create a lot garbage objects and, as a result, trigger GC.
	It is recommended to disable useCacheForAllThreads by setting -Dorg.apache.ratis.thirdparty.io.netty.allocator.useCacheForAllThreads=false in command line.
2019-11-13 20:17:21,564 [main] INFO  grpc.GrpcConfigKeys$Server (ConfUtils.java:logGet(43)) - raft.grpc.server.port = 0 (default)
2019-11-13 20:17:21,564 [main] INFO  server.GrpcService (ConfUtils.java:logGet(43)) - raft.grpc.message.size.max = 33570816 (custom)
2019-11-13 20:17:21,564 [main] INFO  server.RaftServerConfigKeys (ConfUtils.java:logGet(43)) - raft.server.log.appender.buffer.byte-limit = 33554432 (custom)
2019-11-13 20:17:21,564 [main] INFO  server.GrpcService (ConfUtils.java:logGet(43)) - raft.grpc.flow.control.window = 1MB (=1048576) (default)
2019-11-13 20:17:21,565 [main] INFO  server.RaftServerConfigKeys (ConfUtils.java:logGet(43)) - raft.server.rpc.request.timeout = 3000ms (default)
2019-11-13 20:17:21,565 [main] INFO  server.RaftServerConfigKeys (ConfUtils.java:logGet(43)) - raft.server.storage.dir = [/workdir/hadoop-ozone/integration-test/target/test-dir/MiniOzoneClusterImpl-e03c2511-109e-4d60-a68c-0151beb67872/datanode-7/data/ratis] (custom)
2019-11-13 20:17:21,566 [main] INFO  hdfs.DFSUtil (DFSUtil.java:httpServerTemplateForNNAndJN(1641)) - Starting Web-server for hddsDatanode at: http://0.0.0.0:0
2019-11-13 20:17:21,571 [main] INFO  server.AuthenticationFilter (AuthenticationFilter.java:constructSecretProvider(240)) - Unable to initialize FileSignerSecretProvider, falling back to use random secrets.
2019-11-13 20:17:21,571 [main] WARN  http.HttpRequestLog (HttpRequestLog.java:getRequestLog(97)) - Jetty request log can only be enabled using Log4j
2019-11-13 20:17:21,572 [main] INFO  http.HttpServer2 (HttpServer2.java:addGlobalFilter(975)) - Added global filter 'safety' (class=org.apache.hadoop.http.HttpServer2$QuotingInputFilter)
2019-11-13 20:17:21,573 [main] INFO  http.HttpServer2 (HttpServer2.java:addFilter(948)) - Added filter static_user_filter (class=org.apache.hadoop.http.lib.StaticUserWebFilter$StaticUserFilter) to context hddsDatanode
2019-11-13 20:17:21,573 [main] INFO  http.HttpServer2 (HttpServer2.java:addFilter(958)) - Added filter static_user_filter (class=org.apache.hadoop.http.lib.StaticUserWebFilter$StaticUserFilter) to context logs
2019-11-13 20:17:21,573 [main] INFO  http.HttpServer2 (HttpServer2.java:addFilter(958)) - Added filter static_user_filter (class=org.apache.hadoop.http.lib.StaticUserWebFilter$StaticUserFilter) to context static
2019-11-13 20:17:21,575 [main] INFO  http.HttpServer2 (HttpServer2.java:bindListener(1191)) - Jetty bound to port 39802
2019-11-13 20:17:21,575 [main] INFO  server.Server (Server.java:doStart(351)) - jetty-9.3.25.v20180904, build timestamp: 2018-09-04T21:11:46Z, git hash: 3ce520221d0240229c862b122d2b06c12a625732
2019-11-13 20:17:21,577 [main] INFO  handler.ContextHandler (ContextHandler.java:doStart(781)) - Started o.e.j.s.ServletContextHandler@3e8799f{/logs,file:///workdir/hadoop-ozone/integration-test/target/log,AVAILABLE}
2019-11-13 20:17:21,578 [main] INFO  handler.ContextHandler (ContextHandler.java:doStart(781)) - Started o.e.j.s.ServletContextHandler@270d43a7{/static,jar:file:/home/user/.m2/repository/org/apache/hadoop/hadoop-hdds-container-service/0.5.0-SNAPSHOT/hadoop-hdds-container-service-0.5.0-SNAPSHOT.jar!/webapps/static,AVAILABLE}
2019-11-13 20:17:21,621 [main] INFO  handler.ContextHandler (ContextHandler.java:doStart(781)) - Started o.e.j.w.WebAppContext@1f95881a{/,file:///tmp/jetty-0.0.0.0-39802-hddsDatanode-_-any-7738919212617982630.dir/webapp/,AVAILABLE}{/hddsDatanode}
2019-11-13 20:17:21,622 [main] INFO  server.AbstractConnector (AbstractConnector.java:doStart(278)) - Started ServerConnector@17b016ac{HTTP/1.1,[http/1.1]}{0.0.0.0:39802}
2019-11-13 20:17:21,625 [main] INFO  server.Server (Server.java:doStart(419)) - Started @59984ms
2019-11-13 20:17:21,625 [main] WARN  impl.MetricsSystemImpl (MetricsSystemImpl.java:register(276)) - Sink prometheus already exists!
2019-11-13 20:17:21,626 [main] INFO  server.BaseHttpServer (BaseHttpServer.java:updateConnectorAddress(215)) - HTTP server of HDDSDATANODE is listening at http://0.0.0.0:39802
2019-11-13 20:17:21,626 [main] INFO  impl.MetricsSystemImpl (MetricsSystemImpl.java:init(158)) - HddsDatanode metrics system started (again)
2019-11-13 20:17:21,630 [org.apache.hadoop.util.JvmPauseMonitor$Monitor@2ea09fbe] INFO  util.JvmPauseMonitor (JvmPauseMonitor.java:run(188)) - Starting JVM pause monitor
2019-11-13 20:17:21,630 [main] INFO  ozone.HddsDatanodeService (HddsDatanodeService.java:start(186)) - HddsDatanodeService host:pr-hdds-2375-t422d-1049308724 ip:192.168.164.208
2019-11-13 20:17:21,632 [Datanode State Machine Thread - 0] INFO  datanode.InitDatanodeState (InitDatanodeState.java:persistContainerDatanodeDetails(140)) - DatanodeDetails is persisted to /workdir/hadoop-ozone/integration-test/target/test-dir/MiniOzoneClusterImpl-e03c2511-109e-4d60-a68c-0151beb67872/datanode-7/meta/datanode.id
2019-11-13 20:17:21,640 [main] INFO  volume.HddsVolume (HddsVolume.java:<init>(176)) - Creating Volume: /workdir/hadoop-ozone/integration-test/target/test-dir/MiniOzoneClusterImpl-e03c2511-109e-4d60-a68c-0151beb67872/datanode-8/data/containers/hdds of  storage type : DISK and capacity : 1482555576320
2019-11-13 20:17:21,640 [main] INFO  volume.VolumeSet (VolumeSet.java:initializeVolumeSet(170)) - Added Volume : /workdir/hadoop-ozone/integration-test/target/test-dir/MiniOzoneClusterImpl-e03c2511-109e-4d60-a68c-0151beb67872/datanode-8/data/containers/hdds to VolumeSet
2019-11-13 20:17:21,641 [main] INFO  volume.ThrottledAsyncChecker (ThrottledAsyncChecker.java:schedule(141)) - Scheduling a check for /workdir/hadoop-ozone/integration-test/target/test-dir/MiniOzoneClusterImpl-e03c2511-109e-4d60-a68c-0151beb67872/datanode-8/data/containers/hdds
2019-11-13 20:17:21,641 [main] INFO  volume.HddsVolumeChecker (HddsVolumeChecker.java:checkAllVolumes(204)) - Scheduled health check for volume /workdir/hadoop-ozone/integration-test/target/test-dir/MiniOzoneClusterImpl-e03c2511-109e-4d60-a68c-0151beb67872/datanode-8/data/containers/hdds
2019-11-13 20:17:21,652 [main] INFO  impl.RaftServerProxy (ConfUtils.java:logGet(43)) - raft.rpc.type = GRPC (default)
2019-11-13 20:17:21,653 [main] INFO  grpc.GrpcFactory (GrpcFactory.java:checkPooledByteBufAllocatorUseCacheForAllThreads(45)) - PERFORMANCE WARNING: useCacheForAllThreads is true that may cause Netty to create a lot garbage objects and, as a result, trigger GC.
	It is recommended to disable useCacheForAllThreads by setting -Dorg.apache.ratis.thirdparty.io.netty.allocator.useCacheForAllThreads=false in command line.
2019-11-13 20:17:21,653 [main] INFO  grpc.GrpcConfigKeys$Server (ConfUtils.java:logGet(43)) - raft.grpc.server.port = 0 (default)
2019-11-13 20:17:21,653 [main] INFO  server.GrpcService (ConfUtils.java:logGet(43)) - raft.grpc.message.size.max = 33570816 (custom)
2019-11-13 20:17:21,653 [main] INFO  server.RaftServerConfigKeys (ConfUtils.java:logGet(43)) - raft.server.log.appender.buffer.byte-limit = 33554432 (custom)
2019-11-13 20:17:21,653 [main] INFO  server.GrpcService (ConfUtils.java:logGet(43)) - raft.grpc.flow.control.window = 1MB (=1048576) (default)
2019-11-13 20:17:21,653 [main] INFO  server.RaftServerConfigKeys (ConfUtils.java:logGet(43)) - raft.server.rpc.request.timeout = 3000ms (default)
2019-11-13 20:17:21,654 [main] INFO  server.RaftServerConfigKeys (ConfUtils.java:logGet(43)) - raft.server.storage.dir = [/workdir/hadoop-ozone/integration-test/target/test-dir/MiniOzoneClusterImpl-e03c2511-109e-4d60-a68c-0151beb67872/datanode-8/data/ratis] (custom)
2019-11-13 20:17:21,655 [main] INFO  hdfs.DFSUtil (DFSUtil.java:httpServerTemplateForNNAndJN(1641)) - Starting Web-server for hddsDatanode at: http://0.0.0.0:0
2019-11-13 20:17:21,657 [main] INFO  server.AuthenticationFilter (AuthenticationFilter.java:constructSecretProvider(240)) - Unable to initialize FileSignerSecretProvider, falling back to use random secrets.
2019-11-13 20:17:21,657 [main] WARN  http.HttpRequestLog (HttpRequestLog.java:getRequestLog(97)) - Jetty request log can only be enabled using Log4j
2019-11-13 20:17:21,659 [main] INFO  http.HttpServer2 (HttpServer2.java:addGlobalFilter(975)) - Added global filter 'safety' (class=org.apache.hadoop.http.HttpServer2$QuotingInputFilter)
2019-11-13 20:17:21,660 [main] INFO  http.HttpServer2 (HttpServer2.java:addFilter(948)) - Added filter static_user_filter (class=org.apache.hadoop.http.lib.StaticUserWebFilter$StaticUserFilter) to context hddsDatanode
2019-11-13 20:17:21,660 [main] INFO  http.HttpServer2 (HttpServer2.java:addFilter(958)) - Added filter static_user_filter (class=org.apache.hadoop.http.lib.StaticUserWebFilter$StaticUserFilter) to context logs
2019-11-13 20:17:21,660 [main] INFO  http.HttpServer2 (HttpServer2.java:addFilter(958)) - Added filter static_user_filter (class=org.apache.hadoop.http.lib.StaticUserWebFilter$StaticUserFilter) to context static
2019-11-13 20:17:21,662 [main] INFO  http.HttpServer2 (HttpServer2.java:bindListener(1191)) - Jetty bound to port 41323
2019-11-13 20:17:21,662 [main] INFO  server.Server (Server.java:doStart(351)) - jetty-9.3.25.v20180904, build timestamp: 2018-09-04T21:11:46Z, git hash: 3ce520221d0240229c862b122d2b06c12a625732
2019-11-13 20:17:21,664 [main] INFO  handler.ContextHandler (ContextHandler.java:doStart(781)) - Started o.e.j.s.ServletContextHandler@54b2fc58{/logs,file:///workdir/hadoop-ozone/integration-test/target/log,AVAILABLE}
2019-11-13 20:17:21,665 [main] INFO  handler.ContextHandler (ContextHandler.java:doStart(781)) - Started o.e.j.s.ServletContextHandler@6cbbb9c4{/static,jar:file:/home/user/.m2/repository/org/apache/hadoop/hadoop-hdds-container-service/0.5.0-SNAPSHOT/hadoop-hdds-container-service-0.5.0-SNAPSHOT.jar!/webapps/static,AVAILABLE}
2019-11-13 20:17:21,710 [main] INFO  handler.ContextHandler (ContextHandler.java:doStart(781)) - Started o.e.j.w.WebAppContext@5995851e{/,file:///tmp/jetty-0.0.0.0-41323-hddsDatanode-_-any-4017798456923025331.dir/webapp/,AVAILABLE}{/hddsDatanode}
2019-11-13 20:17:21,711 [main] INFO  server.AbstractConnector (AbstractConnector.java:doStart(278)) - Started ServerConnector@48a2db72{HTTP/1.1,[http/1.1]}{0.0.0.0:41323}
2019-11-13 20:17:21,712 [main] INFO  server.Server (Server.java:doStart(419)) - Started @60072ms
2019-11-13 20:17:21,713 [main] WARN  impl.MetricsSystemImpl (MetricsSystemImpl.java:register(276)) - Sink prometheus already exists!
2019-11-13 20:17:21,714 [main] INFO  server.BaseHttpServer (BaseHttpServer.java:updateConnectorAddress(215)) - HTTP server of HDDSDATANODE is listening at http://0.0.0.0:41323
2019-11-13 20:17:21,714 [main] INFO  impl.MetricsSystemImpl (MetricsSystemImpl.java:init(158)) - HddsDatanode metrics system started (again)
2019-11-13 20:17:21,719 [org.apache.hadoop.util.JvmPauseMonitor$Monitor@1a1e7b13] INFO  util.JvmPauseMonitor (JvmPauseMonitor.java:run(188)) - Starting JVM pause monitor
2019-11-13 20:17:21,720 [main] INFO  ozone.HddsDatanodeService (HddsDatanodeService.java:start(186)) - HddsDatanodeService host:pr-hdds-2375-t422d-1049308724 ip:192.168.164.208
2019-11-13 20:17:21,722 [Datanode State Machine Thread - 0] INFO  datanode.InitDatanodeState (InitDatanodeState.java:persistContainerDatanodeDetails(140)) - DatanodeDetails is persisted to /workdir/hadoop-ozone/integration-test/target/test-dir/MiniOzoneClusterImpl-e03c2511-109e-4d60-a68c-0151beb67872/datanode-8/meta/datanode.id
2019-11-13 20:17:21,728 [main] INFO  volume.HddsVolume (HddsVolume.java:<init>(176)) - Creating Volume: /workdir/hadoop-ozone/integration-test/target/test-dir/MiniOzoneClusterImpl-e03c2511-109e-4d60-a68c-0151beb67872/datanode-9/data/containers/hdds of  storage type : DISK and capacity : 1482555576320
2019-11-13 20:17:21,729 [main] INFO  volume.VolumeSet (VolumeSet.java:initializeVolumeSet(170)) - Added Volume : /workdir/hadoop-ozone/integration-test/target/test-dir/MiniOzoneClusterImpl-e03c2511-109e-4d60-a68c-0151beb67872/datanode-9/data/containers/hdds to VolumeSet
2019-11-13 20:17:21,729 [main] INFO  volume.ThrottledAsyncChecker (ThrottledAsyncChecker.java:schedule(141)) - Scheduling a check for /workdir/hadoop-ozone/integration-test/target/test-dir/MiniOzoneClusterImpl-e03c2511-109e-4d60-a68c-0151beb67872/datanode-9/data/containers/hdds
2019-11-13 20:17:21,729 [main] INFO  volume.HddsVolumeChecker (HddsVolumeChecker.java:checkAllVolumes(204)) - Scheduled health check for volume /workdir/hadoop-ozone/integration-test/target/test-dir/MiniOzoneClusterImpl-e03c2511-109e-4d60-a68c-0151beb67872/datanode-9/data/containers/hdds
2019-11-13 20:17:21,743 [main] INFO  impl.RaftServerProxy (ConfUtils.java:logGet(43)) - raft.rpc.type = GRPC (default)
2019-11-13 20:17:21,743 [main] INFO  grpc.GrpcFactory (GrpcFactory.java:checkPooledByteBufAllocatorUseCacheForAllThreads(45)) - PERFORMANCE WARNING: useCacheForAllThreads is true that may cause Netty to create a lot garbage objects and, as a result, trigger GC.
	It is recommended to disable useCacheForAllThreads by setting -Dorg.apache.ratis.thirdparty.io.netty.allocator.useCacheForAllThreads=false in command line.
2019-11-13 20:17:21,743 [main] INFO  grpc.GrpcConfigKeys$Server (ConfUtils.java:logGet(43)) - raft.grpc.server.port = 0 (default)
2019-11-13 20:17:21,743 [main] INFO  server.GrpcService (ConfUtils.java:logGet(43)) - raft.grpc.message.size.max = 33570816 (custom)
2019-11-13 20:17:21,743 [main] INFO  server.RaftServerConfigKeys (ConfUtils.java:logGet(43)) - raft.server.log.appender.buffer.byte-limit = 33554432 (custom)
2019-11-13 20:17:21,744 [main] INFO  server.GrpcService (ConfUtils.java:logGet(43)) - raft.grpc.flow.control.window = 1MB (=1048576) (default)
2019-11-13 20:17:21,744 [main] INFO  server.RaftServerConfigKeys (ConfUtils.java:logGet(43)) - raft.server.rpc.request.timeout = 3000ms (default)
2019-11-13 20:17:21,744 [main] INFO  server.RaftServerConfigKeys (ConfUtils.java:logGet(43)) - raft.server.storage.dir = [/workdir/hadoop-ozone/integration-test/target/test-dir/MiniOzoneClusterImpl-e03c2511-109e-4d60-a68c-0151beb67872/datanode-9/data/ratis] (custom)
2019-11-13 20:17:21,746 [main] INFO  hdfs.DFSUtil (DFSUtil.java:httpServerTemplateForNNAndJN(1641)) - Starting Web-server for hddsDatanode at: http://0.0.0.0:0
2019-11-13 20:17:21,747 [main] INFO  server.AuthenticationFilter (AuthenticationFilter.java:constructSecretProvider(240)) - Unable to initialize FileSignerSecretProvider, falling back to use random secrets.
2019-11-13 20:17:21,747 [main] WARN  http.HttpRequestLog (HttpRequestLog.java:getRequestLog(97)) - Jetty request log can only be enabled using Log4j
2019-11-13 20:17:21,748 [main] INFO  http.HttpServer2 (HttpServer2.java:addGlobalFilter(975)) - Added global filter 'safety' (class=org.apache.hadoop.http.HttpServer2$QuotingInputFilter)
2019-11-13 20:17:21,749 [main] INFO  http.HttpServer2 (HttpServer2.java:addFilter(948)) - Added filter static_user_filter (class=org.apache.hadoop.http.lib.StaticUserWebFilter$StaticUserFilter) to context hddsDatanode
2019-11-13 20:17:21,749 [main] INFO  http.HttpServer2 (HttpServer2.java:addFilter(958)) - Added filter static_user_filter (class=org.apache.hadoop.http.lib.StaticUserWebFilter$StaticUserFilter) to context logs
2019-11-13 20:17:21,749 [main] INFO  http.HttpServer2 (HttpServer2.java:addFilter(958)) - Added filter static_user_filter (class=org.apache.hadoop.http.lib.StaticUserWebFilter$StaticUserFilter) to context static
2019-11-13 20:17:21,750 [main] INFO  http.HttpServer2 (HttpServer2.java:bindListener(1191)) - Jetty bound to port 43371
2019-11-13 20:17:21,750 [main] INFO  server.Server (Server.java:doStart(351)) - jetty-9.3.25.v20180904, build timestamp: 2018-09-04T21:11:46Z, git hash: 3ce520221d0240229c862b122d2b06c12a625732
2019-11-13 20:17:21,752 [main] INFO  handler.ContextHandler (ContextHandler.java:doStart(781)) - Started o.e.j.s.ServletContextHandler@60ed12e8{/logs,file:///workdir/hadoop-ozone/integration-test/target/log,AVAILABLE}
2019-11-13 20:17:21,752 [main] INFO  handler.ContextHandler (ContextHandler.java:doStart(781)) - Started o.e.j.s.ServletContextHandler@3290b1a6{/static,jar:file:/home/user/.m2/repository/org/apache/hadoop/hadoop-hdds-container-service/0.5.0-SNAPSHOT/hadoop-hdds-container-service-0.5.0-SNAPSHOT.jar!/webapps/static,AVAILABLE}
2019-11-13 20:17:21,781 [main] INFO  handler.ContextHandler (ContextHandler.java:doStart(781)) - Started o.e.j.w.WebAppContext@1cf336fd{/,file:///tmp/jetty-0.0.0.0-43371-hddsDatanode-_-any-5746620033445598100.dir/webapp/,AVAILABLE}{/hddsDatanode}
2019-11-13 20:17:21,782 [main] INFO  server.AbstractConnector (AbstractConnector.java:doStart(278)) - Started ServerConnector@1d0cac30{HTTP/1.1,[http/1.1]}{0.0.0.0:43371}
2019-11-13 20:17:21,783 [main] INFO  server.Server (Server.java:doStart(419)) - Started @60142ms
2019-11-13 20:17:21,783 [main] WARN  impl.MetricsSystemImpl (MetricsSystemImpl.java:register(276)) - Sink prometheus already exists!
2019-11-13 20:17:21,784 [main] INFO  server.BaseHttpServer (BaseHttpServer.java:updateConnectorAddress(215)) - HTTP server of HDDSDATANODE is listening at http://0.0.0.0:43371
2019-11-13 20:17:21,784 [main] INFO  ozone.MiniOzoneClusterImpl (MiniOzoneClusterImpl.java:lambda$waitForClusterToBeReady$2(171)) - Waiting for cluster to be ready. Got 0 of 10 DN Heartbeats.
2019-11-13 20:17:21,786 [org.apache.hadoop.util.JvmPauseMonitor$Monitor@2f7c0939] INFO  util.JvmPauseMonitor (JvmPauseMonitor.java:run(188)) - Starting JVM pause monitor
2019-11-13 20:17:21,788 [Datanode State Machine Thread - 0] INFO  datanode.InitDatanodeState (InitDatanodeState.java:persistContainerDatanodeDetails(140)) - DatanodeDetails is persisted to /workdir/hadoop-ozone/integration-test/target/test-dir/MiniOzoneClusterImpl-e03c2511-109e-4d60-a68c-0151beb67872/datanode-9/meta/datanode.id
2019-11-13 20:17:22,784 [main] INFO  ozone.MiniOzoneClusterImpl (MiniOzoneClusterImpl.java:lambda$waitForClusterToBeReady$2(171)) - Waiting for cluster to be ready. Got 0 of 10 DN Heartbeats.
2019-11-13 20:17:23,133 [Datanode State Machine Thread - 0] INFO  ozoneimpl.OzoneContainer (OzoneContainer.java:start(230)) - Attempting to start container services.
2019-11-13 20:17:23,133 [Datanode State Machine Thread - 0] INFO  ozoneimpl.OzoneContainer (OzoneContainer.java:startContainerScrub(194)) - Background container scanner has been disabled.
2019-11-13 20:17:23,133 [Datanode State Machine Thread - 0] INFO  ratis.XceiverServerRatis (XceiverServerRatis.java:start(421)) - Starting XceiverServerRatis 227642ba-0415-4d98-a6b8-20167e8a399a at port 0
2019-11-13 20:17:23,142 [Datanode State Machine Thread - 0] INFO  impl.RaftServerProxy (RaftServerProxy.java:lambda$start$3(299)) - 227642ba-0415-4d98-a6b8-20167e8a399a: start RPC server
2019-11-13 20:17:23,144 [Datanode State Machine Thread - 0] INFO  server.GrpcService (GrpcService.java:startImpl(158)) - 227642ba-0415-4d98-a6b8-20167e8a399a: GrpcService started, listening on 0.0.0.0/0.0.0.0:40637
2019-11-13 20:17:23,144 [Datanode State Machine Thread - 0] INFO  ratis.XceiverServerRatis (XceiverServerRatis.java:start(431)) - XceiverServerRatis 227642ba-0415-4d98-a6b8-20167e8a399a is started using port 40637
2019-11-13 20:17:23,145 [Datanode State Machine Thread - 0] INFO  server.XceiverServerGrpc (XceiverServerGrpc.java:start(145)) - XceiverServerGrpc 227642ba-0415-4d98-a6b8-20167e8a399a is started using port 39088
2019-11-13 20:17:23,190 [Datanode State Machine Thread - 0] INFO  ozoneimpl.OzoneContainer (OzoneContainer.java:start(230)) - Attempting to start container services.
2019-11-13 20:17:23,190 [Datanode State Machine Thread - 0] INFO  ozoneimpl.OzoneContainer (OzoneContainer.java:startContainerScrub(194)) - Background container scanner has been disabled.
2019-11-13 20:17:23,190 [Datanode State Machine Thread - 0] INFO  ratis.XceiverServerRatis (XceiverServerRatis.java:start(421)) - Starting XceiverServerRatis 836dac64-dd9f-4309-a076-e086947645e1 at port 0
2019-11-13 20:17:23,198 [Datanode State Machine Thread - 0] INFO  impl.RaftServerProxy (RaftServerProxy.java:lambda$start$3(299)) - 836dac64-dd9f-4309-a076-e086947645e1: start RPC server
2019-11-13 20:17:23,200 [Datanode State Machine Thread - 0] INFO  server.GrpcService (GrpcService.java:startImpl(158)) - 836dac64-dd9f-4309-a076-e086947645e1: GrpcService started, listening on 0.0.0.0/0.0.0.0:40723
2019-11-13 20:17:23,200 [Datanode State Machine Thread - 0] INFO  ratis.XceiverServerRatis (XceiverServerRatis.java:start(431)) - XceiverServerRatis 836dac64-dd9f-4309-a076-e086947645e1 is started using port 40723
2019-11-13 20:17:23,200 [Datanode State Machine Thread - 0] INFO  server.XceiverServerGrpc (XceiverServerGrpc.java:start(145)) - XceiverServerGrpc 836dac64-dd9f-4309-a076-e086947645e1 is started using port 39973
2019-11-13 20:17:23,257 [Datanode State Machine Thread - 0] INFO  ozoneimpl.OzoneContainer (OzoneContainer.java:start(230)) - Attempting to start container services.
2019-11-13 20:17:23,257 [Datanode State Machine Thread - 0] INFO  ozoneimpl.OzoneContainer (OzoneContainer.java:startContainerScrub(194)) - Background container scanner has been disabled.
2019-11-13 20:17:23,258 [Datanode State Machine Thread - 0] INFO  ratis.XceiverServerRatis (XceiverServerRatis.java:start(421)) - Starting XceiverServerRatis d075120a-ef0f-46a0-9778-bb6f9a0780d0 at port 0
2019-11-13 20:17:23,265 [Datanode State Machine Thread - 0] INFO  impl.RaftServerProxy (RaftServerProxy.java:lambda$start$3(299)) - d075120a-ef0f-46a0-9778-bb6f9a0780d0: start RPC server
2019-11-13 20:17:23,266 [Datanode State Machine Thread - 0] INFO  server.GrpcService (GrpcService.java:startImpl(158)) - d075120a-ef0f-46a0-9778-bb6f9a0780d0: GrpcService started, listening on 0.0.0.0/0.0.0.0:39220
2019-11-13 20:17:23,266 [Datanode State Machine Thread - 0] INFO  ratis.XceiverServerRatis (XceiverServerRatis.java:start(431)) - XceiverServerRatis d075120a-ef0f-46a0-9778-bb6f9a0780d0 is started using port 39220
2019-11-13 20:17:23,267 [Datanode State Machine Thread - 0] INFO  server.XceiverServerGrpc (XceiverServerGrpc.java:start(145)) - XceiverServerGrpc d075120a-ef0f-46a0-9778-bb6f9a0780d0 is started using port 35790
2019-11-13 20:17:23,337 [Datanode State Machine Thread - 0] INFO  ozoneimpl.OzoneContainer (OzoneContainer.java:start(230)) - Attempting to start container services.
2019-11-13 20:17:23,337 [Datanode State Machine Thread - 0] INFO  ozoneimpl.OzoneContainer (OzoneContainer.java:startContainerScrub(194)) - Background container scanner has been disabled.
2019-11-13 20:17:23,337 [Datanode State Machine Thread - 0] INFO  ratis.XceiverServerRatis (XceiverServerRatis.java:start(421)) - Starting XceiverServerRatis 023d4525-aae9-49d4-923e-7124a55e5ae2 at port 0
2019-11-13 20:17:23,346 [Datanode State Machine Thread - 0] INFO  impl.RaftServerProxy (RaftServerProxy.java:lambda$start$3(299)) - 023d4525-aae9-49d4-923e-7124a55e5ae2: start RPC server
2019-11-13 20:17:23,348 [Datanode State Machine Thread - 0] INFO  server.GrpcService (GrpcService.java:startImpl(158)) - 023d4525-aae9-49d4-923e-7124a55e5ae2: GrpcService started, listening on 0.0.0.0/0.0.0.0:41869
2019-11-13 20:17:23,349 [Datanode State Machine Thread - 0] INFO  ratis.XceiverServerRatis (XceiverServerRatis.java:start(431)) - XceiverServerRatis 023d4525-aae9-49d4-923e-7124a55e5ae2 is started using port 41869
2019-11-13 20:17:23,349 [Datanode State Machine Thread - 0] INFO  server.XceiverServerGrpc (XceiverServerGrpc.java:start(145)) - XceiverServerGrpc 023d4525-aae9-49d4-923e-7124a55e5ae2 is started using port 36057
2019-11-13 20:17:23,399 [Datanode State Machine Thread - 0] INFO  ozoneimpl.OzoneContainer (OzoneContainer.java:start(230)) - Attempting to start container services.
2019-11-13 20:17:23,399 [Datanode State Machine Thread - 0] INFO  ozoneimpl.OzoneContainer (OzoneContainer.java:startContainerScrub(194)) - Background container scanner has been disabled.
2019-11-13 20:17:23,400 [Datanode State Machine Thread - 0] INFO  ratis.XceiverServerRatis (XceiverServerRatis.java:start(421)) - Starting XceiverServerRatis 75645b24-e149-445b-bbe5-336f1e849603 at port 0
2019-11-13 20:17:23,407 [Datanode State Machine Thread - 0] INFO  impl.RaftServerProxy (RaftServerProxy.java:lambda$start$3(299)) - 75645b24-e149-445b-bbe5-336f1e849603: start RPC server
2019-11-13 20:17:23,410 [Datanode State Machine Thread - 0] INFO  server.GrpcService (GrpcService.java:startImpl(158)) - 75645b24-e149-445b-bbe5-336f1e849603: GrpcService started, listening on 0.0.0.0/0.0.0.0:39182
2019-11-13 20:17:23,410 [Datanode State Machine Thread - 0] INFO  ratis.XceiverServerRatis (XceiverServerRatis.java:start(431)) - XceiverServerRatis 75645b24-e149-445b-bbe5-336f1e849603 is started using port 39182
2019-11-13 20:17:23,412 [Datanode State Machine Thread - 0] INFO  server.XceiverServerGrpc (XceiverServerGrpc.java:start(145)) - XceiverServerGrpc 75645b24-e149-445b-bbe5-336f1e849603 is started using port 38952
2019-11-13 20:17:23,468 [Datanode State Machine Thread - 0] INFO  ozoneimpl.OzoneContainer (OzoneContainer.java:start(230)) - Attempting to start container services.
2019-11-13 20:17:23,471 [Datanode State Machine Thread - 0] INFO  ozoneimpl.OzoneContainer (OzoneContainer.java:startContainerScrub(194)) - Background container scanner has been disabled.
2019-11-13 20:17:23,471 [Datanode State Machine Thread - 0] INFO  ratis.XceiverServerRatis (XceiverServerRatis.java:start(421)) - Starting XceiverServerRatis 2aeadab0-ec41-4180-985e-a800f9da6a6d at port 0
2019-11-13 20:17:23,479 [Datanode State Machine Thread - 0] INFO  impl.RaftServerProxy (RaftServerProxy.java:lambda$start$3(299)) - 2aeadab0-ec41-4180-985e-a800f9da6a6d: start RPC server
2019-11-13 20:17:23,480 [Datanode State Machine Thread - 0] INFO  server.GrpcService (GrpcService.java:startImpl(158)) - 2aeadab0-ec41-4180-985e-a800f9da6a6d: GrpcService started, listening on 0.0.0.0/0.0.0.0:42973
2019-11-13 20:17:23,480 [Datanode State Machine Thread - 0] INFO  ratis.XceiverServerRatis (XceiverServerRatis.java:start(431)) - XceiverServerRatis 2aeadab0-ec41-4180-985e-a800f9da6a6d is started using port 42973
2019-11-13 20:17:23,482 [Datanode State Machine Thread - 0] INFO  server.XceiverServerGrpc (XceiverServerGrpc.java:start(145)) - XceiverServerGrpc 2aeadab0-ec41-4180-985e-a800f9da6a6d is started using port 44353
2019-11-13 20:17:23,556 [Datanode State Machine Thread - 0] INFO  ozoneimpl.OzoneContainer (OzoneContainer.java:start(230)) - Attempting to start container services.
2019-11-13 20:17:23,557 [Datanode State Machine Thread - 0] INFO  ozoneimpl.OzoneContainer (OzoneContainer.java:startContainerScrub(194)) - Background container scanner has been disabled.
2019-11-13 20:17:23,557 [Datanode State Machine Thread - 0] INFO  ratis.XceiverServerRatis (XceiverServerRatis.java:start(421)) - Starting XceiverServerRatis c49df7ba-d7d7-4ac8-a142-ddaef65aa83a at port 0
2019-11-13 20:17:23,565 [Datanode State Machine Thread - 0] INFO  impl.RaftServerProxy (RaftServerProxy.java:lambda$start$3(299)) - c49df7ba-d7d7-4ac8-a142-ddaef65aa83a: start RPC server
2019-11-13 20:17:23,583 [Datanode State Machine Thread - 0] INFO  server.GrpcService (GrpcService.java:startImpl(158)) - c49df7ba-d7d7-4ac8-a142-ddaef65aa83a: GrpcService started, listening on 0.0.0.0/0.0.0.0:36049
2019-11-13 20:17:23,583 [Datanode State Machine Thread - 0] INFO  ratis.XceiverServerRatis (XceiverServerRatis.java:start(431)) - XceiverServerRatis c49df7ba-d7d7-4ac8-a142-ddaef65aa83a is started using port 36049
2019-11-13 20:17:23,583 [Datanode State Machine Thread - 0] INFO  server.XceiverServerGrpc (XceiverServerGrpc.java:start(145)) - XceiverServerGrpc c49df7ba-d7d7-4ac8-a142-ddaef65aa83a is started using port 41186
2019-11-13 20:17:23,645 [Datanode State Machine Thread - 0] INFO  ozoneimpl.OzoneContainer (OzoneContainer.java:start(230)) - Attempting to start container services.
2019-11-13 20:17:23,645 [Datanode State Machine Thread - 0] INFO  ozoneimpl.OzoneContainer (OzoneContainer.java:startContainerScrub(194)) - Background container scanner has been disabled.
2019-11-13 20:17:23,645 [Datanode State Machine Thread - 0] INFO  ratis.XceiverServerRatis (XceiverServerRatis.java:start(421)) - Starting XceiverServerRatis 845221a7-8c03-4ab3-a7ad-b09d998a1b3e at port 0
2019-11-13 20:17:23,652 [Datanode State Machine Thread - 0] INFO  impl.RaftServerProxy (RaftServerProxy.java:lambda$start$3(299)) - 845221a7-8c03-4ab3-a7ad-b09d998a1b3e: start RPC server
2019-11-13 20:17:23,653 [Datanode State Machine Thread - 0] INFO  server.GrpcService (GrpcService.java:startImpl(158)) - 845221a7-8c03-4ab3-a7ad-b09d998a1b3e: GrpcService started, listening on 0.0.0.0/0.0.0.0:35661
2019-11-13 20:17:23,653 [Datanode State Machine Thread - 0] INFO  ratis.XceiverServerRatis (XceiverServerRatis.java:start(431)) - XceiverServerRatis 845221a7-8c03-4ab3-a7ad-b09d998a1b3e is started using port 35661
2019-11-13 20:17:23,654 [Datanode State Machine Thread - 0] INFO  server.XceiverServerGrpc (XceiverServerGrpc.java:start(145)) - XceiverServerGrpc 845221a7-8c03-4ab3-a7ad-b09d998a1b3e is started using port 37464
2019-11-13 20:17:23,734 [Datanode State Machine Thread - 0] INFO  ozoneimpl.OzoneContainer (OzoneContainer.java:start(230)) - Attempting to start container services.
2019-11-13 20:17:23,734 [Datanode State Machine Thread - 0] INFO  ozoneimpl.OzoneContainer (OzoneContainer.java:startContainerScrub(194)) - Background container scanner has been disabled.
2019-11-13 20:17:23,734 [Datanode State Machine Thread - 0] INFO  ratis.XceiverServerRatis (XceiverServerRatis.java:start(421)) - Starting XceiverServerRatis 7d2a40c8-d27f-493d-a958-c7cf8432838d at port 0
2019-11-13 20:17:23,741 [Datanode State Machine Thread - 0] INFO  impl.RaftServerProxy (RaftServerProxy.java:lambda$start$3(299)) - 7d2a40c8-d27f-493d-a958-c7cf8432838d: start RPC server
2019-11-13 20:17:23,744 [Datanode State Machine Thread - 0] INFO  server.GrpcService (GrpcService.java:startImpl(158)) - 7d2a40c8-d27f-493d-a958-c7cf8432838d: GrpcService started, listening on 0.0.0.0/0.0.0.0:33052
2019-11-13 20:17:23,745 [Datanode State Machine Thread - 0] INFO  ratis.XceiverServerRatis (XceiverServerRatis.java:start(431)) - XceiverServerRatis 7d2a40c8-d27f-493d-a958-c7cf8432838d is started using port 33052
2019-11-13 20:17:23,745 [Datanode State Machine Thread - 0] INFO  server.XceiverServerGrpc (XceiverServerGrpc.java:start(145)) - XceiverServerGrpc 7d2a40c8-d27f-493d-a958-c7cf8432838d is started using port 46023
2019-11-13 20:17:23,785 [main] INFO  ozone.MiniOzoneClusterImpl (MiniOzoneClusterImpl.java:lambda$waitForClusterToBeReady$2(171)) - Waiting for cluster to be ready. Got 0 of 10 DN Heartbeats.
2019-11-13 20:17:23,800 [Datanode State Machine Thread - 0] INFO  ozoneimpl.OzoneContainer (OzoneContainer.java:start(230)) - Attempting to start container services.
2019-11-13 20:17:23,800 [Datanode State Machine Thread - 0] INFO  ozoneimpl.OzoneContainer (OzoneContainer.java:startContainerScrub(194)) - Background container scanner has been disabled.
2019-11-13 20:17:23,800 [Datanode State Machine Thread - 0] INFO  ratis.XceiverServerRatis (XceiverServerRatis.java:start(421)) - Starting XceiverServerRatis fbe234eb-236c-4e93-9bcf-aa21ab9b5fff at port 0
2019-11-13 20:17:23,811 [Datanode State Machine Thread - 0] INFO  impl.RaftServerProxy (RaftServerProxy.java:lambda$start$3(299)) - fbe234eb-236c-4e93-9bcf-aa21ab9b5fff: start RPC server
2019-11-13 20:17:23,812 [Datanode State Machine Thread - 0] INFO  server.GrpcService (GrpcService.java:startImpl(158)) - fbe234eb-236c-4e93-9bcf-aa21ab9b5fff: GrpcService started, listening on 0.0.0.0/0.0.0.0:41921
2019-11-13 20:17:23,812 [Datanode State Machine Thread - 0] INFO  ratis.XceiverServerRatis (XceiverServerRatis.java:start(431)) - XceiverServerRatis fbe234eb-236c-4e93-9bcf-aa21ab9b5fff is started using port 41921
2019-11-13 20:17:23,827 [Datanode State Machine Thread - 0] INFO  server.XceiverServerGrpc (XceiverServerGrpc.java:start(145)) - XceiverServerGrpc fbe234eb-236c-4e93-9bcf-aa21ab9b5fff is started using port 40194
2019-11-13 20:17:24,786 [main] INFO  ozone.MiniOzoneClusterImpl (MiniOzoneClusterImpl.java:lambda$waitForClusterToBeReady$2(171)) - Waiting for cluster to be ready. Got 0 of 10 DN Heartbeats.
2019-11-13 20:17:25,118 [IPC Server handler 4 on 32918] INFO  net.NetworkTopology (NetworkTopologyImpl.java:add(111)) - Added a new node: /rack1/227642ba-0415-4d98-a6b8-20167e8a399a
2019-11-13 20:17:25,120 [IPC Server handler 4 on 32918] INFO  node.SCMNodeManager (SCMNodeManager.java:register(267)) - Registered Data node : 227642ba-0415-4d98-a6b8-20167e8a399a{ip: 192.168.164.208, host: pr-hdds-2375-t422d-1049308724, networkLocation: /rack1, certSerialId: null}
2019-11-13 20:17:25,121 [EventQueue-NodeRegistrationContainerReportForDataNodeSafeModeRule] INFO  safemode.SCMSafeModeManager (DataNodeSafeModeRule.java:process(71)) - SCM in safe mode. 1 DataNodes registered, 1 required.
2019-11-13 20:17:25,123 [EventQueue-NodeRegistrationContainerReportForDataNodeSafeModeRule] INFO  safemode.SCMSafeModeManager (SCMSafeModeManager.java:validateSafeModeExitRules(177)) - ScmSafeModeManager, all rules are successfully validated
2019-11-13 20:17:25,123 [EventQueue-NodeRegistrationContainerReportForDataNodeSafeModeRule] INFO  safemode.SCMSafeModeManager (SCMSafeModeManager.java:exitSafeMode(193)) - SCM exiting safe mode.
2019-11-13 20:17:25,138 [grpc-default-executor-2] INFO  impl.RaftServerProxy (RaftServerProxy.java:addNew(89)) - 227642ba-0415-4d98-a6b8-20167e8a399a: addNew group-3F339DFA4E8C:[227642ba-0415-4d98-a6b8-20167e8a399a:192.168.164.208:40637] returns group-3F339DFA4E8C:java.util.concurrent.CompletableFuture@c555a53[Not completed]
2019-11-13 20:17:25,139 [pool-149-thread-1] INFO  impl.RaftServerImpl (RaftServerImpl.java:<init>(98)) - 227642ba-0415-4d98-a6b8-20167e8a399a: new RaftServerImpl for group-3F339DFA4E8C:[227642ba-0415-4d98-a6b8-20167e8a399a:192.168.164.208:40637] with ContainerStateMachine:uninitialized
2019-11-13 20:17:25,139 [pool-149-thread-1] INFO  server.RaftServerConfigKeys (ConfUtils.java:logGet(43)) - raft.server.rpc.timeout.min = 1s (custom)
2019-11-13 20:17:25,139 [pool-149-thread-1] INFO  server.RaftServerConfigKeys (ConfUtils.java:logGet(43)) - raft.server.rpc.timeout.max = 1200ms (custom)
2019-11-13 20:17:25,140 [pool-149-thread-1] INFO  server.RaftServerConfigKeys (ConfUtils.java:logGet(43)) - raft.server.rpcslowness.timeout = 120s (custom)
2019-11-13 20:17:25,140 [pool-149-thread-1] INFO  server.RaftServerConfigKeys (ConfUtils.java:logGet(43)) - raft.server.sleep.deviation.threshold = 300 (default)
2019-11-13 20:17:25,140 [pool-149-thread-1] INFO  server.RaftServerConfigKeys (ConfUtils.java:logGet(43)) - raft.server.log.appender.install.snapshot.enabled = false (custom)
2019-11-13 20:17:25,140 [pool-149-thread-1] INFO  impl.RaftServerImpl (ServerState.java:<init>(103)) - 227642ba-0415-4d98-a6b8-20167e8a399a@group-3F339DFA4E8C: ConfigurationManager, init=-1: [227642ba-0415-4d98-a6b8-20167e8a399a:192.168.164.208:40637], old=null, confs=<EMPTY_MAP>
2019-11-13 20:17:25,140 [pool-149-thread-1] INFO  server.RaftServerConfigKeys (ConfUtils.java:logGet(43)) - raft.server.storage.dir = [/workdir/hadoop-ozone/integration-test/target/test-dir/MiniOzoneClusterImpl-e03c2511-109e-4d60-a68c-0151beb67872/datanode-0/data/ratis] (custom)
2019-11-13 20:17:25,140 [pool-149-thread-1] INFO  server.RaftServerConfigKeys (ConfUtils.java:logGet(43)) - raft.server.log.corruption.policy = EXCEPTION (default)
2019-11-13 20:17:25,140 [pool-149-thread-1] INFO  storage.RaftStorageDirectory (RaftStorageDirectory.java:analyzeStorage(246)) - The storage directory /workdir/hadoop-ozone/integration-test/target/test-dir/MiniOzoneClusterImpl-e03c2511-109e-4d60-a68c-0151beb67872/datanode-0/data/ratis/56469271-16dd-454b-9f14-3f339dfa4e8c does not exist. Creating ...
2019-11-13 20:17:25,153 [pool-149-thread-1] INFO  storage.RaftStorageDirectory (RaftStorageDirectory.java:tryLock(328)) - Lock on /workdir/hadoop-ozone/integration-test/target/test-dir/MiniOzoneClusterImpl-e03c2511-109e-4d60-a68c-0151beb67872/datanode-0/data/ratis/56469271-16dd-454b-9f14-3f339dfa4e8c/in_use.lock acquired by nodename 4344@pr-hdds-2375-t422d-1049308724
2019-11-13 20:17:25,166 [pool-149-thread-1] INFO  storage.RaftStorage (RaftStorage.java:format(84)) - Storage directory /workdir/hadoop-ozone/integration-test/target/test-dir/MiniOzoneClusterImpl-e03c2511-109e-4d60-a68c-0151beb67872/datanode-0/data/ratis/56469271-16dd-454b-9f14-3f339dfa4e8c has been successfully formatted.
2019-11-13 20:17:25,166 [pool-149-thread-1] INFO  ratis.ContainerStateMachine (ContainerStateMachine.java:loadSnapshot(223)) - group-3F339DFA4E8C: The snapshot info is null. Setting the last applied indexto:(t:0, i:~)
2019-11-13 20:17:25,167 [pool-149-thread-1] INFO  server.RaftServerConfigKeys (ConfUtils.java:logGet(43)) - raft.server.notification.no-leader.timeout = 120s (custom)
2019-11-13 20:17:25,167 [pool-149-thread-1] INFO  server.RaftServerConfigKeys (ConfUtils.java:logGet(43)) - raft.server.log.use.memory = false (default)
2019-11-13 20:17:25,167 [pool-149-thread-1] INFO  server.RaftServerConfigKeys (ConfUtils.java:logGet(43)) - raft.server.log.purge.gap = 1000000 (custom)
2019-11-13 20:17:25,167 [pool-149-thread-1] INFO  server.RaftServerConfigKeys (ConfUtils.java:logGet(43)) - raft.server.log.appender.buffer.byte-limit = 33554432 (custom)
2019-11-13 20:17:25,167 [pool-149-thread-1] INFO  server.RaftServerConfigKeys (ConfUtils.java:logGet(43)) - raft.server.log.segment.size.max = 1048576 (custom)
2019-11-13 20:17:25,167 [pool-149-thread-1] WARN  impl.MetricRegistriesImpl (MetricRegistriesImpl.java:lambda$create$1(61)) - First MetricRegistry has been created without registering reporters. You may need to call MetricRegistries.global().addReportRegistration(...) before.
2019-11-13 20:17:25,167 [pool-149-thread-1] INFO  server.RaftServerConfigKeys (ConfUtils.java:logGet(43)) - raft.server.log.segment.cache.num.max = 2 (custom)
2019-11-13 20:17:25,168 [pool-149-thread-1] INFO  segmented.SegmentedRaftLogWorker (SegmentedRaftLogWorker.java:<init>(173)) - new 227642ba-0415-4d98-a6b8-20167e8a399a@group-3F339DFA4E8C-SegmentedRaftLogWorker for RaftStorage:Storage Directory /workdir/hadoop-ozone/integration-test/target/test-dir/MiniOzoneClusterImpl-e03c2511-109e-4d60-a68c-0151beb67872/datanode-0/data/ratis/56469271-16dd-454b-9f14-3f339dfa4e8c
2019-11-13 20:17:25,168 [pool-149-thread-1] INFO  server.RaftServerConfigKeys (ConfUtils.java:logGet(43)) - raft.server.log.queue.byte-limit = 2147483647 (custom)
2019-11-13 20:17:25,168 [pool-149-thread-1] INFO  server.RaftServerConfigKeys (ConfUtils.java:logGet(43)) - raft.server.log.queue.element-limit = 1024 (custom)
2019-11-13 20:17:25,168 [pool-149-thread-1] INFO  server.RaftServerConfigKeys (ConfUtils.java:logGet(43)) - raft.server.log.segment.size.max = 1048576 (custom)
2019-11-13 20:17:25,168 [pool-149-thread-1] INFO  server.RaftServerConfigKeys (ConfUtils.java:logGet(43)) - raft.server.log.preallocated.size = 16384 (custom)
2019-11-13 20:17:25,168 [pool-149-thread-1] INFO  server.RaftServerConfigKeys (ConfUtils.java:logGet(43)) - raft.server.log.write.buffer.size = 33554432 (custom)
2019-11-13 20:17:25,168 [pool-149-thread-1] INFO  server.RaftServerConfigKeys (ConfUtils.java:logGet(43)) - raft.server.log.force.sync.num = 128 (default)
2019-11-13 20:17:25,168 [pool-149-thread-1] INFO  server.RaftServerConfigKeys (ConfUtils.java:logGet(43)) - raft.server.log.statemachine.data.sync = true (default)
2019-11-13 20:17:25,168 [pool-149-thread-1] INFO  server.RaftServerConfigKeys (ConfUtils.java:logGet(43)) - raft.server.log.statemachine.data.sync.timeout = 10s (default)
2019-11-13 20:17:25,169 [pool-149-thread-1] INFO  server.RaftServerConfigKeys (ConfUtils.java:logGet(43)) - raft.server.log.statemachine.data.sync.timeout.retry = -1 (default)
2019-11-13 20:17:25,169 [pool-149-thread-1] INFO  server.RaftServerConfigKeys (ConfUtils.java:logGet(43)) - raft.server.log.statemachine.data.caching.enabled = true (custom)
2019-11-13 20:17:25,169 [pool-149-thread-1] INFO  segmented.SegmentedRaftLogWorker (SegmentedRaftLogWorker.java:lambda$new$0(128)) - 227642ba-0415-4d98-a6b8-20167e8a399a@group-3F339DFA4E8C-SegmentedRaftLogWorker: flushIndex: setUnconditionally 0 -> -1
2019-11-13 20:17:25,169 [pool-149-thread-1] INFO  server.RaftServerConfigKeys (ConfUtils.java:logGet(43)) - raft.server.snapshot.auto.trigger.enabled = true (custom)
2019-11-13 20:17:25,170 [pool-149-thread-1] INFO  server.RaftServerConfigKeys (ConfUtils.java:logGet(43)) - raft.server.snapshot.auto.trigger.threshold = 10000 (custom)
2019-11-13 20:17:25,170 [pool-149-thread-1] INFO  server.RaftServerConfigKeys (ConfUtils.java:logGet(43)) - raft.server.snapshot.retention.file.num = 5 (custom)
2019-11-13 20:17:25,170 [pool-149-thread-1] INFO  server.RaftServerConfigKeys (ConfUtils.java:logGet(43)) - raft.server.retrycache.expirytime = 600000ms (custom)
2019-11-13 20:17:25,170 [pool-149-thread-1] WARN  impl.MetricRegistriesImpl (MetricRegistriesImpl.java:lambda$create$1(61)) - First MetricRegistry has been created without registering reporters. You may need to call MetricRegistries.global().addReportRegistration(...) before.
2019-11-13 20:17:25,170 [pool-149-thread-1] WARN  impl.MetricRegistriesImpl (MetricRegistriesImpl.java:lambda$create$1(61)) - First MetricRegistry has been created without registering reporters. You may need to call MetricRegistries.global().addReportRegistration(...) before.
2019-11-13 20:17:25,170 [pool-149-thread-1] INFO  impl.RaftServerImpl (RaftServerImpl.java:start(184)) - 227642ba-0415-4d98-a6b8-20167e8a399a@group-3F339DFA4E8C: start as a follower, conf=-1: [227642ba-0415-4d98-a6b8-20167e8a399a:192.168.164.208:40637], old=null
2019-11-13 20:17:25,170 [pool-149-thread-1] INFO  impl.RaftServerImpl (RaftServerImpl.java:setRole(173)) - 227642ba-0415-4d98-a6b8-20167e8a399a@group-3F339DFA4E8C: changes role from      null to FOLLOWER at term 0 for startAsFollower
2019-11-13 20:17:25,170 [pool-149-thread-1] INFO  impl.RoleInfo (RoleInfo.java:updateAndGet(143)) - 227642ba-0415-4d98-a6b8-20167e8a399a: start FollowerState
2019-11-13 20:17:25,171 [pool-149-thread-1] INFO  util.JmxRegister (JmxRegister.java:tryRegister(44)) - Successfully registered JMX Bean with object name Ratis:service=RaftServer,group=group-3F339DFA4E8C,id=227642ba-0415-4d98-a6b8-20167e8a399a
2019-11-13 20:17:25,171 [pool-149-thread-1] WARN  impl.MetricRegistriesImpl (MetricRegistriesImpl.java:lambda$create$1(61)) - First MetricRegistry has been created without registering reporters. You may need to call MetricRegistries.global().addReportRegistration(...) before.
2019-11-13 20:17:25,175 [RatisPipelineUtilsThread] INFO  pipeline.PipelineStateManager (PipelineStateManager.java:addPipeline(55)) - Created pipeline Pipeline[ Id: 56469271-16dd-454b-9f14-3f339dfa4e8c, Nodes: 227642ba-0415-4d98-a6b8-20167e8a399a{ip: 192.168.164.208, host: pr-hdds-2375-t422d-1049308724, networkLocation: /rack1, certSerialId: null}, Type:RATIS, Factor:ONE, State:ALLOCATED]
2019-11-13 20:17:25,176 [IPC Server handler 6 on 32918] INFO  net.NetworkTopology (NetworkTopologyImpl.java:add(111)) - Added a new node: /rack1/836dac64-dd9f-4309-a076-e086947645e1
2019-11-13 20:17:25,176 [IPC Server handler 6 on 32918] INFO  node.SCMNodeManager (SCMNodeManager.java:register(267)) - Registered Data node : 836dac64-dd9f-4309-a076-e086947645e1{ip: 192.168.164.208, host: pr-hdds-2375-t422d-1049308724, networkLocation: /rack1, certSerialId: null}
2019-11-13 20:17:25,183 [grpc-default-executor-2] INFO  impl.RaftServerProxy (RaftServerProxy.java:addNew(89)) - 836dac64-dd9f-4309-a076-e086947645e1: addNew group-B0D7EB97FB91:[836dac64-dd9f-4309-a076-e086947645e1:192.168.164.208:40723] returns group-B0D7EB97FB91:java.util.concurrent.CompletableFuture@cb2ab3d[Not completed]
2019-11-13 20:17:25,185 [pool-159-thread-1] INFO  impl.RaftServerImpl (RaftServerImpl.java:<init>(98)) - 836dac64-dd9f-4309-a076-e086947645e1: new RaftServerImpl for group-B0D7EB97FB91:[836dac64-dd9f-4309-a076-e086947645e1:192.168.164.208:40723] with ContainerStateMachine:uninitialized
2019-11-13 20:17:25,185 [pool-159-thread-1] INFO  server.RaftServerConfigKeys (ConfUtils.java:logGet(43)) - raft.server.rpc.timeout.min = 1s (custom)
2019-11-13 20:17:25,185 [pool-159-thread-1] INFO  server.RaftServerConfigKeys (ConfUtils.java:logGet(43)) - raft.server.rpc.timeout.max = 1200ms (custom)
2019-11-13 20:17:25,185 [pool-159-thread-1] INFO  server.RaftServerConfigKeys (ConfUtils.java:logGet(43)) - raft.server.rpcslowness.timeout = 120s (custom)
2019-11-13 20:17:25,186 [pool-159-thread-1] INFO  server.RaftServerConfigKeys (ConfUtils.java:logGet(43)) - raft.server.sleep.deviation.threshold = 300 (default)
2019-11-13 20:17:25,186 [pool-159-thread-1] INFO  server.RaftServerConfigKeys (ConfUtils.java:logGet(43)) - raft.server.log.appender.install.snapshot.enabled = false (custom)
2019-11-13 20:17:25,186 [pool-159-thread-1] INFO  impl.RaftServerImpl (ServerState.java:<init>(103)) - 836dac64-dd9f-4309-a076-e086947645e1@group-B0D7EB97FB91: ConfigurationManager, init=-1: [836dac64-dd9f-4309-a076-e086947645e1:192.168.164.208:40723], old=null, confs=<EMPTY_MAP>
2019-11-13 20:17:25,186 [pool-159-thread-1] INFO  server.RaftServerConfigKeys (ConfUtils.java:logGet(43)) - raft.server.storage.dir = [/workdir/hadoop-ozone/integration-test/target/test-dir/MiniOzoneClusterImpl-e03c2511-109e-4d60-a68c-0151beb67872/datanode-1/data/ratis] (custom)
2019-11-13 20:17:25,186 [pool-159-thread-1] INFO  server.RaftServerConfigKeys (ConfUtils.java:logGet(43)) - raft.server.log.corruption.policy = EXCEPTION (default)
2019-11-13 20:17:25,186 [pool-159-thread-1] INFO  storage.RaftStorageDirectory (RaftStorageDirectory.java:analyzeStorage(246)) - The storage directory /workdir/hadoop-ozone/integration-test/target/test-dir/MiniOzoneClusterImpl-e03c2511-109e-4d60-a68c-0151beb67872/datanode-1/data/ratis/c40c902d-531e-44d8-a705-b0d7eb97fb91 does not exist. Creating ...
2019-11-13 20:17:25,199 [pool-159-thread-1] INFO  storage.RaftStorageDirectory (RaftStorageDirectory.java:tryLock(328)) - Lock on /workdir/hadoop-ozone/integration-test/target/test-dir/MiniOzoneClusterImpl-e03c2511-109e-4d60-a68c-0151beb67872/datanode-1/data/ratis/c40c902d-531e-44d8-a705-b0d7eb97fb91/in_use.lock acquired by nodename 4344@pr-hdds-2375-t422d-1049308724
2019-11-13 20:17:25,212 [pool-159-thread-1] INFO  storage.RaftStorage (RaftStorage.java:format(84)) - Storage directory /workdir/hadoop-ozone/integration-test/target/test-dir/MiniOzoneClusterImpl-e03c2511-109e-4d60-a68c-0151beb67872/datanode-1/data/ratis/c40c902d-531e-44d8-a705-b0d7eb97fb91 has been successfully formatted.
2019-11-13 20:17:25,212 [pool-159-thread-1] INFO  ratis.ContainerStateMachine (ContainerStateMachine.java:loadSnapshot(223)) - group-B0D7EB97FB91: The snapshot info is null. Setting the last applied indexto:(t:0, i:~)
2019-11-13 20:17:25,212 [pool-159-thread-1] INFO  server.RaftServerConfigKeys (ConfUtils.java:logGet(43)) - raft.server.notification.no-leader.timeout = 120s (custom)
2019-11-13 20:17:25,212 [pool-159-thread-1] INFO  server.RaftServerConfigKeys (ConfUtils.java:logGet(43)) - raft.server.log.use.memory = false (default)
2019-11-13 20:17:25,213 [pool-159-thread-1] INFO  server.RaftServerConfigKeys (ConfUtils.java:logGet(43)) - raft.server.log.purge.gap = 1000000 (custom)
2019-11-13 20:17:25,213 [pool-159-thread-1] INFO  server.RaftServerConfigKeys (ConfUtils.java:logGet(43)) - raft.server.log.appender.buffer.byte-limit = 33554432 (custom)
2019-11-13 20:17:25,213 [pool-159-thread-1] INFO  server.RaftServerConfigKeys (ConfUtils.java:logGet(43)) - raft.server.log.segment.size.max = 1048576 (custom)
2019-11-13 20:17:25,213 [pool-159-thread-1] WARN  impl.MetricRegistriesImpl (MetricRegistriesImpl.java:lambda$create$1(61)) - First MetricRegistry has been created without registering reporters. You may need to call MetricRegistries.global().addReportRegistration(...) before.
2019-11-13 20:17:25,213 [pool-159-thread-1] INFO  server.RaftServerConfigKeys (ConfUtils.java:logGet(43)) - raft.server.log.segment.cache.num.max = 2 (custom)
2019-11-13 20:17:25,213 [pool-159-thread-1] INFO  segmented.SegmentedRaftLogWorker (SegmentedRaftLogWorker.java:<init>(173)) - new 836dac64-dd9f-4309-a076-e086947645e1@group-B0D7EB97FB91-SegmentedRaftLogWorker for RaftStorage:Storage Directory /workdir/hadoop-ozone/integration-test/target/test-dir/MiniOzoneClusterImpl-e03c2511-109e-4d60-a68c-0151beb67872/datanode-1/data/ratis/c40c902d-531e-44d8-a705-b0d7eb97fb91
2019-11-13 20:17:25,214 [pool-159-thread-1] INFO  server.RaftServerConfigKeys (ConfUtils.java:logGet(43)) - raft.server.log.queue.byte-limit = 2147483647 (custom)
2019-11-13 20:17:25,214 [pool-159-thread-1] INFO  server.RaftServerConfigKeys (ConfUtils.java:logGet(43)) - raft.server.log.queue.element-limit = 1024 (custom)
2019-11-13 20:17:25,214 [pool-159-thread-1] INFO  server.RaftServerConfigKeys (ConfUtils.java:logGet(43)) - raft.server.log.segment.size.max = 1048576 (custom)
2019-11-13 20:17:25,214 [pool-159-thread-1] INFO  server.RaftServerConfigKeys (ConfUtils.java:logGet(43)) - raft.server.log.preallocated.size = 16384 (custom)
2019-11-13 20:17:25,214 [pool-159-thread-1] INFO  server.RaftServerConfigKeys (ConfUtils.java:logGet(43)) - raft.server.log.write.buffer.size = 33554432 (custom)
2019-11-13 20:17:25,214 [pool-159-thread-1] INFO  server.RaftServerConfigKeys (ConfUtils.java:logGet(43)) - raft.server.log.force.sync.num = 128 (default)
2019-11-13 20:17:25,214 [pool-159-thread-1] INFO  server.RaftServerConfigKeys (ConfUtils.java:logGet(43)) - raft.server.log.statemachine.data.sync = true (default)
2019-11-13 20:17:25,215 [pool-159-thread-1] INFO  server.RaftServerConfigKeys (ConfUtils.java:logGet(43)) - raft.server.log.statemachine.data.sync.timeout = 10s (default)
2019-11-13 20:17:25,215 [pool-159-thread-1] INFO  server.RaftServerConfigKeys (ConfUtils.java:logGet(43)) - raft.server.log.statemachine.data.sync.timeout.retry = -1 (default)
2019-11-13 20:17:25,215 [pool-159-thread-1] INFO  server.RaftServerConfigKeys (ConfUtils.java:logGet(43)) - raft.server.log.statemachine.data.caching.enabled = true (custom)
2019-11-13 20:17:25,215 [pool-159-thread-1] INFO  segmented.SegmentedRaftLogWorker (SegmentedRaftLogWorker.java:lambda$new$0(128)) - 836dac64-dd9f-4309-a076-e086947645e1@group-B0D7EB97FB91-SegmentedRaftLogWorker: flushIndex: setUnconditionally 0 -> -1
2019-11-13 20:17:25,216 [pool-159-thread-1] INFO  server.RaftServerConfigKeys (ConfUtils.java:logGet(43)) - raft.server.snapshot.auto.trigger.enabled = true (custom)
2019-11-13 20:17:25,216 [pool-159-thread-1] INFO  server.RaftServerConfigKeys (ConfUtils.java:logGet(43)) - raft.server.snapshot.auto.trigger.threshold = 10000 (custom)
2019-11-13 20:17:25,216 [pool-159-thread-1] INFO  server.RaftServerConfigKeys (ConfUtils.java:logGet(43)) - raft.server.snapshot.retention.file.num = 5 (custom)
2019-11-13 20:17:25,216 [pool-159-thread-1] INFO  server.RaftServerConfigKeys (ConfUtils.java:logGet(43)) - raft.server.retrycache.expirytime = 600000ms (custom)
2019-11-13 20:17:25,216 [pool-159-thread-1] WARN  impl.MetricRegistriesImpl (MetricRegistriesImpl.java:lambda$create$1(61)) - First MetricRegistry has been created without registering reporters. You may need to call MetricRegistries.global().addReportRegistration(...) before.
2019-11-13 20:17:25,216 [pool-159-thread-1] WARN  impl.MetricRegistriesImpl (MetricRegistriesImpl.java:lambda$create$1(61)) - First MetricRegistry has been created without registering reporters. You may need to call MetricRegistries.global().addReportRegistration(...) before.
2019-11-13 20:17:25,217 [pool-159-thread-1] INFO  impl.RaftServerImpl (RaftServerImpl.java:start(184)) - 836dac64-dd9f-4309-a076-e086947645e1@group-B0D7EB97FB91: start as a follower, conf=-1: [836dac64-dd9f-4309-a076-e086947645e1:192.168.164.208:40723], old=null
2019-11-13 20:17:25,217 [pool-159-thread-1] INFO  impl.RaftServerImpl (RaftServerImpl.java:setRole(173)) - 836dac64-dd9f-4309-a076-e086947645e1@group-B0D7EB97FB91: changes role from      null to FOLLOWER at term 0 for startAsFollower
2019-11-13 20:17:25,217 [pool-159-thread-1] INFO  impl.RoleInfo (RoleInfo.java:updateAndGet(143)) - 836dac64-dd9f-4309-a076-e086947645e1: start FollowerState
2019-11-13 20:17:25,217 [pool-159-thread-1] INFO  util.JmxRegister (JmxRegister.java:tryRegister(44)) - Successfully registered JMX Bean with object name Ratis:service=RaftServer,group=group-B0D7EB97FB91,id=836dac64-dd9f-4309-a076-e086947645e1
2019-11-13 20:17:25,217 [pool-159-thread-1] WARN  impl.MetricRegistriesImpl (MetricRegistriesImpl.java:lambda$create$1(61)) - First MetricRegistry has been created without registering reporters. You may need to call MetricRegistries.global().addReportRegistration(...) before.
2019-11-13 20:17:25,221 [RatisPipelineUtilsThread] INFO  pipeline.PipelineStateManager (PipelineStateManager.java:addPipeline(55)) - Created pipeline Pipeline[ Id: c40c902d-531e-44d8-a705-b0d7eb97fb91, Nodes: 836dac64-dd9f-4309-a076-e086947645e1{ip: 192.168.164.208, host: pr-hdds-2375-t422d-1049308724, networkLocation: /rack1, certSerialId: null}, Type:RATIS, Factor:ONE, State:ALLOCATED]
2019-11-13 20:17:25,243 [IPC Server handler 7 on 32918] INFO  net.NetworkTopology (NetworkTopologyImpl.java:add(111)) - Added a new node: /rack1/d075120a-ef0f-46a0-9778-bb6f9a0780d0
2019-11-13 20:17:25,243 [IPC Server handler 7 on 32918] INFO  node.SCMNodeManager (SCMNodeManager.java:register(267)) - Registered Data node : d075120a-ef0f-46a0-9778-bb6f9a0780d0{ip: 192.168.164.208, host: pr-hdds-2375-t422d-1049308724, networkLocation: /rack1, certSerialId: null}
2019-11-13 20:17:25,249 [grpc-default-executor-2] INFO  impl.RaftServerProxy (RaftServerProxy.java:addNew(89)) - d075120a-ef0f-46a0-9778-bb6f9a0780d0: addNew group-82A9B26DC782:[d075120a-ef0f-46a0-9778-bb6f9a0780d0:192.168.164.208:39220] returns group-82A9B26DC782:java.util.concurrent.CompletableFuture@780d3d21[Not completed]
2019-11-13 20:17:25,251 [pool-169-thread-1] INFO  impl.RaftServerImpl (RaftServerImpl.java:<init>(98)) - d075120a-ef0f-46a0-9778-bb6f9a0780d0: new RaftServerImpl for group-82A9B26DC782:[d075120a-ef0f-46a0-9778-bb6f9a0780d0:192.168.164.208:39220] with ContainerStateMachine:uninitialized
2019-11-13 20:17:25,251 [pool-169-thread-1] INFO  server.RaftServerConfigKeys (ConfUtils.java:logGet(43)) - raft.server.rpc.timeout.min = 1s (custom)
2019-11-13 20:17:25,252 [pool-169-thread-1] INFO  server.RaftServerConfigKeys (ConfUtils.java:logGet(43)) - raft.server.rpc.timeout.max = 1200ms (custom)
2019-11-13 20:17:25,252 [pool-169-thread-1] INFO  server.RaftServerConfigKeys (ConfUtils.java:logGet(43)) - raft.server.rpcslowness.timeout = 120s (custom)
2019-11-13 20:17:25,252 [pool-169-thread-1] INFO  server.RaftServerConfigKeys (ConfUtils.java:logGet(43)) - raft.server.sleep.deviation.threshold = 300 (default)
2019-11-13 20:17:25,252 [pool-169-thread-1] INFO  server.RaftServerConfigKeys (ConfUtils.java:logGet(43)) - raft.server.log.appender.install.snapshot.enabled = false (custom)
2019-11-13 20:17:25,252 [pool-169-thread-1] INFO  impl.RaftServerImpl (ServerState.java:<init>(103)) - d075120a-ef0f-46a0-9778-bb6f9a0780d0@group-82A9B26DC782: ConfigurationManager, init=-1: [d075120a-ef0f-46a0-9778-bb6f9a0780d0:192.168.164.208:39220], old=null, confs=<EMPTY_MAP>
2019-11-13 20:17:25,252 [pool-169-thread-1] INFO  server.RaftServerConfigKeys (ConfUtils.java:logGet(43)) - raft.server.storage.dir = [/workdir/hadoop-ozone/integration-test/target/test-dir/MiniOzoneClusterImpl-e03c2511-109e-4d60-a68c-0151beb67872/datanode-2/data/ratis] (custom)
2019-11-13 20:17:25,253 [pool-169-thread-1] INFO  server.RaftServerConfigKeys (ConfUtils.java:logGet(43)) - raft.server.log.corruption.policy = EXCEPTION (default)
2019-11-13 20:17:25,253 [pool-169-thread-1] INFO  storage.RaftStorageDirectory (RaftStorageDirectory.java:analyzeStorage(246)) - The storage directory /workdir/hadoop-ozone/integration-test/target/test-dir/MiniOzoneClusterImpl-e03c2511-109e-4d60-a68c-0151beb67872/datanode-2/data/ratis/1cf95824-01b1-4140-b7ef-82a9b26dc782 does not exist. Creating ...
2019-11-13 20:17:25,266 [pool-169-thread-1] INFO  storage.RaftStorageDirectory (RaftStorageDirectory.java:tryLock(328)) - Lock on /workdir/hadoop-ozone/integration-test/target/test-dir/MiniOzoneClusterImpl-e03c2511-109e-4d60-a68c-0151beb67872/datanode-2/data/ratis/1cf95824-01b1-4140-b7ef-82a9b26dc782/in_use.lock acquired by nodename 4344@pr-hdds-2375-t422d-1049308724
2019-11-13 20:17:25,279 [pool-169-thread-1] INFO  storage.RaftStorage (RaftStorage.java:format(84)) - Storage directory /workdir/hadoop-ozone/integration-test/target/test-dir/MiniOzoneClusterImpl-e03c2511-109e-4d60-a68c-0151beb67872/datanode-2/data/ratis/1cf95824-01b1-4140-b7ef-82a9b26dc782 has been successfully formatted.
2019-11-13 20:17:25,279 [pool-169-thread-1] INFO  ratis.ContainerStateMachine (ContainerStateMachine.java:loadSnapshot(223)) - group-82A9B26DC782: The snapshot info is null. Setting the last applied indexto:(t:0, i:~)
2019-11-13 20:17:25,279 [pool-169-thread-1] INFO  server.RaftServerConfigKeys (ConfUtils.java:logGet(43)) - raft.server.notification.no-leader.timeout = 120s (custom)
2019-11-13 20:17:25,279 [pool-169-thread-1] INFO  server.RaftServerConfigKeys (ConfUtils.java:logGet(43)) - raft.server.log.use.memory = false (default)
2019-11-13 20:17:25,279 [pool-169-thread-1] INFO  server.RaftServerConfigKeys (ConfUtils.java:logGet(43)) - raft.server.log.purge.gap = 1000000 (custom)
2019-11-13 20:17:25,279 [pool-169-thread-1] INFO  server.RaftServerConfigKeys (ConfUtils.java:logGet(43)) - raft.server.log.appender.buffer.byte-limit = 33554432 (custom)
2019-11-13 20:17:25,279 [pool-169-thread-1] INFO  server.RaftServerConfigKeys (ConfUtils.java:logGet(43)) - raft.server.log.segment.size.max = 1048576 (custom)
2019-11-13 20:17:25,280 [pool-169-thread-1] WARN  impl.MetricRegistriesImpl (MetricRegistriesImpl.java:lambda$create$1(61)) - First MetricRegistry has been created without registering reporters. You may need to call MetricRegistries.global().addReportRegistration(...) before.
2019-11-13 20:17:25,280 [pool-169-thread-1] INFO  server.RaftServerConfigKeys (ConfUtils.java:logGet(43)) - raft.server.log.segment.cache.num.max = 2 (custom)
2019-11-13 20:17:25,280 [pool-169-thread-1] INFO  segmented.SegmentedRaftLogWorker (SegmentedRaftLogWorker.java:<init>(173)) - new d075120a-ef0f-46a0-9778-bb6f9a0780d0@group-82A9B26DC782-SegmentedRaftLogWorker for RaftStorage:Storage Directory /workdir/hadoop-ozone/integration-test/target/test-dir/MiniOzoneClusterImpl-e03c2511-109e-4d60-a68c-0151beb67872/datanode-2/data/ratis/1cf95824-01b1-4140-b7ef-82a9b26dc782
2019-11-13 20:17:25,280 [pool-169-thread-1] INFO  server.RaftServerConfigKeys (ConfUtils.java:logGet(43)) - raft.server.log.queue.byte-limit = 2147483647 (custom)
2019-11-13 20:17:25,280 [pool-169-thread-1] INFO  server.RaftServerConfigKeys (ConfUtils.java:logGet(43)) - raft.server.log.queue.element-limit = 1024 (custom)
2019-11-13 20:17:25,280 [pool-169-thread-1] INFO  server.RaftServerConfigKeys (ConfUtils.java:logGet(43)) - raft.server.log.segment.size.max = 1048576 (custom)
2019-11-13 20:17:25,280 [pool-169-thread-1] INFO  server.RaftServerConfigKeys (ConfUtils.java:logGet(43)) - raft.server.log.preallocated.size = 16384 (custom)
2019-11-13 20:17:25,280 [pool-169-thread-1] INFO  server.RaftServerConfigKeys (ConfUtils.java:logGet(43)) - raft.server.log.write.buffer.size = 33554432 (custom)
2019-11-13 20:17:25,280 [pool-169-thread-1] INFO  server.RaftServerConfigKeys (ConfUtils.java:logGet(43)) - raft.server.log.force.sync.num = 128 (default)
2019-11-13 20:17:25,280 [pool-169-thread-1] INFO  server.RaftServerConfigKeys (ConfUtils.java:logGet(43)) - raft.server.log.statemachine.data.sync = true (default)
2019-11-13 20:17:25,281 [pool-169-thread-1] INFO  server.RaftServerConfigKeys (ConfUtils.java:logGet(43)) - raft.server.log.statemachine.data.sync.timeout = 10s (default)
2019-11-13 20:17:25,281 [pool-169-thread-1] INFO  server.RaftServerConfigKeys (ConfUtils.java:logGet(43)) - raft.server.log.statemachine.data.sync.timeout.retry = -1 (default)
2019-11-13 20:17:25,281 [pool-169-thread-1] INFO  server.RaftServerConfigKeys (ConfUtils.java:logGet(43)) - raft.server.log.statemachine.data.caching.enabled = true (custom)
2019-11-13 20:17:25,281 [pool-169-thread-1] INFO  segmented.SegmentedRaftLogWorker (SegmentedRaftLogWorker.java:lambda$new$0(128)) - d075120a-ef0f-46a0-9778-bb6f9a0780d0@group-82A9B26DC782-SegmentedRaftLogWorker: flushIndex: setUnconditionally 0 -> -1
2019-11-13 20:17:25,281 [pool-169-thread-1] INFO  server.RaftServerConfigKeys (ConfUtils.java:logGet(43)) - raft.server.snapshot.auto.trigger.enabled = true (custom)
2019-11-13 20:17:25,281 [pool-169-thread-1] INFO  server.RaftServerConfigKeys (ConfUtils.java:logGet(43)) - raft.server.snapshot.auto.trigger.threshold = 10000 (custom)
2019-11-13 20:17:25,282 [pool-169-thread-1] INFO  server.RaftServerConfigKeys (ConfUtils.java:logGet(43)) - raft.server.snapshot.retention.file.num = 5 (custom)
2019-11-13 20:17:25,282 [pool-169-thread-1] INFO  server.RaftServerConfigKeys (ConfUtils.java:logGet(43)) - raft.server.retrycache.expirytime = 600000ms (custom)
2019-11-13 20:17:25,282 [pool-169-thread-1] WARN  impl.MetricRegistriesImpl (MetricRegistriesImpl.java:lambda$create$1(61)) - First MetricRegistry has been created without registering reporters. You may need to call MetricRegistries.global().addReportRegistration(...) before.
2019-11-13 20:17:25,282 [pool-169-thread-1] WARN  impl.MetricRegistriesImpl (MetricRegistriesImpl.java:lambda$create$1(61)) - First MetricRegistry has been created without registering reporters. You may need to call MetricRegistries.global().addReportRegistration(...) before.
2019-11-13 20:17:25,282 [pool-169-thread-1] INFO  impl.RaftServerImpl (RaftServerImpl.java:start(184)) - d075120a-ef0f-46a0-9778-bb6f9a0780d0@group-82A9B26DC782: start as a follower, conf=-1: [d075120a-ef0f-46a0-9778-bb6f9a0780d0:192.168.164.208:39220], old=null
2019-11-13 20:17:25,282 [pool-169-thread-1] INFO  impl.RaftServerImpl (RaftServerImpl.java:setRole(173)) - d075120a-ef0f-46a0-9778-bb6f9a0780d0@group-82A9B26DC782: changes role from      null to FOLLOWER at term 0 for startAsFollower
2019-11-13 20:17:25,282 [pool-169-thread-1] INFO  impl.RoleInfo (RoleInfo.java:updateAndGet(143)) - d075120a-ef0f-46a0-9778-bb6f9a0780d0: start FollowerState
2019-11-13 20:17:25,283 [pool-169-thread-1] INFO  util.JmxRegister (JmxRegister.java:tryRegister(44)) - Successfully registered JMX Bean with object name Ratis:service=RaftServer,group=group-82A9B26DC782,id=d075120a-ef0f-46a0-9778-bb6f9a0780d0
2019-11-13 20:17:25,283 [pool-169-thread-1] WARN  impl.MetricRegistriesImpl (MetricRegistriesImpl.java:lambda$create$1(61)) - First MetricRegistry has been created without registering reporters. You may need to call MetricRegistries.global().addReportRegistration(...) before.
2019-11-13 20:17:25,285 [RatisPipelineUtilsThread] INFO  pipeline.PipelineStateManager (PipelineStateManager.java:addPipeline(55)) - Created pipeline Pipeline[ Id: 1cf95824-01b1-4140-b7ef-82a9b26dc782, Nodes: d075120a-ef0f-46a0-9778-bb6f9a0780d0{ip: 192.168.164.208, host: pr-hdds-2375-t422d-1049308724, networkLocation: /rack1, certSerialId: null}, Type:RATIS, Factor:ONE, State:ALLOCATED]
2019-11-13 20:17:25,294 [grpc-default-executor-4] INFO  impl.RaftServerProxy (RaftServerProxy.java:addNew(89)) - 836dac64-dd9f-4309-a076-e086947645e1: addNew group-22D09AEB1E32:[d075120a-ef0f-46a0-9778-bb6f9a0780d0:192.168.164.208:39220, 227642ba-0415-4d98-a6b8-20167e8a399a:192.168.164.208:40637, 836dac64-dd9f-4309-a076-e086947645e1:192.168.164.208:40723] returns group-22D09AEB1E32:java.util.concurrent.CompletableFuture@3500dfe2[Not completed]
2019-11-13 20:17:25,295 [grpc-default-executor-4] INFO  impl.RaftServerProxy (RaftServerProxy.java:addNew(89)) - d075120a-ef0f-46a0-9778-bb6f9a0780d0: addNew group-22D09AEB1E32:[d075120a-ef0f-46a0-9778-bb6f9a0780d0:192.168.164.208:39220, 227642ba-0415-4d98-a6b8-20167e8a399a:192.168.164.208:40637, 836dac64-dd9f-4309-a076-e086947645e1:192.168.164.208:40723] returns group-22D09AEB1E32:java.util.concurrent.CompletableFuture@35d051f[Not completed]
2019-11-13 20:17:25,295 [grpc-default-executor-1] INFO  impl.RaftServerProxy (RaftServerProxy.java:addNew(89)) - 227642ba-0415-4d98-a6b8-20167e8a399a: addNew group-22D09AEB1E32:[d075120a-ef0f-46a0-9778-bb6f9a0780d0:192.168.164.208:39220, 227642ba-0415-4d98-a6b8-20167e8a399a:192.168.164.208:40637, 836dac64-dd9f-4309-a076-e086947645e1:192.168.164.208:40723] returns group-22D09AEB1E32:java.util.concurrent.CompletableFuture@6ea4a7c7[Not completed]
2019-11-13 20:17:25,296 [pool-159-thread-1] INFO  impl.RaftServerImpl (RaftServerImpl.java:<init>(98)) - 836dac64-dd9f-4309-a076-e086947645e1: new RaftServerImpl for group-22D09AEB1E32:[d075120a-ef0f-46a0-9778-bb6f9a0780d0:192.168.164.208:39220, 227642ba-0415-4d98-a6b8-20167e8a399a:192.168.164.208:40637, 836dac64-dd9f-4309-a076-e086947645e1:192.168.164.208:40723] with ContainerStateMachine:uninitialized
2019-11-13 20:17:25,296 [pool-159-thread-1] INFO  server.RaftServerConfigKeys (ConfUtils.java:logGet(43)) - raft.server.rpc.timeout.min = 1s (custom)
2019-11-13 20:17:25,296 [pool-159-thread-1] INFO  server.RaftServerConfigKeys (ConfUtils.java:logGet(43)) - raft.server.rpc.timeout.max = 1200ms (custom)
2019-11-13 20:17:25,296 [pool-159-thread-1] INFO  server.RaftServerConfigKeys (ConfUtils.java:logGet(43)) - raft.server.rpcslowness.timeout = 120s (custom)
2019-11-13 20:17:25,296 [pool-159-thread-1] INFO  server.RaftServerConfigKeys (ConfUtils.java:logGet(43)) - raft.server.sleep.deviation.threshold = 300 (default)
2019-11-13 20:17:25,296 [pool-159-thread-1] INFO  server.RaftServerConfigKeys (ConfUtils.java:logGet(43)) - raft.server.log.appender.install.snapshot.enabled = false (custom)
2019-11-13 20:17:25,296 [pool-169-thread-1] INFO  impl.RaftServerImpl (RaftServerImpl.java:<init>(98)) - d075120a-ef0f-46a0-9778-bb6f9a0780d0: new RaftServerImpl for group-22D09AEB1E32:[d075120a-ef0f-46a0-9778-bb6f9a0780d0:192.168.164.208:39220, 227642ba-0415-4d98-a6b8-20167e8a399a:192.168.164.208:40637, 836dac64-dd9f-4309-a076-e086947645e1:192.168.164.208:40723] with ContainerStateMachine:uninitialized
2019-11-13 20:17:25,296 [pool-159-thread-1] INFO  impl.RaftServerImpl (ServerState.java:<init>(103)) - 836dac64-dd9f-4309-a076-e086947645e1@group-22D09AEB1E32: ConfigurationManager, init=-1: [d075120a-ef0f-46a0-9778-bb6f9a0780d0:192.168.164.208:39220, 227642ba-0415-4d98-a6b8-20167e8a399a:192.168.164.208:40637, 836dac64-dd9f-4309-a076-e086947645e1:192.168.164.208:40723], old=null, confs=<EMPTY_MAP>
2019-11-13 20:17:25,296 [pool-169-thread-1] INFO  server.RaftServerConfigKeys (ConfUtils.java:logGet(43)) - raft.server.rpc.timeout.min = 1s (custom)
2019-11-13 20:17:25,296 [pool-159-thread-1] INFO  server.RaftServerConfigKeys (ConfUtils.java:logGet(43)) - raft.server.storage.dir = [/workdir/hadoop-ozone/integration-test/target/test-dir/MiniOzoneClusterImpl-e03c2511-109e-4d60-a68c-0151beb67872/datanode-1/data/ratis] (custom)
2019-11-13 20:17:25,296 [pool-169-thread-1] INFO  server.RaftServerConfigKeys (ConfUtils.java:logGet(43)) - raft.server.rpc.timeout.max = 1200ms (custom)
2019-11-13 20:17:25,297 [pool-169-thread-1] INFO  server.RaftServerConfigKeys (ConfUtils.java:logGet(43)) - raft.server.rpcslowness.timeout = 120s (custom)
2019-11-13 20:17:25,297 [pool-149-thread-1] INFO  impl.RaftServerImpl (RaftServerImpl.java:<init>(98)) - 227642ba-0415-4d98-a6b8-20167e8a399a: new RaftServerImpl for group-22D09AEB1E32:[d075120a-ef0f-46a0-9778-bb6f9a0780d0:192.168.164.208:39220, 227642ba-0415-4d98-a6b8-20167e8a399a:192.168.164.208:40637, 836dac64-dd9f-4309-a076-e086947645e1:192.168.164.208:40723] with ContainerStateMachine:uninitialized
2019-11-13 20:17:25,297 [pool-159-thread-1] INFO  server.RaftServerConfigKeys (ConfUtils.java:logGet(43)) - raft.server.log.corruption.policy = EXCEPTION (default)
2019-11-13 20:17:25,297 [pool-149-thread-1] INFO  server.RaftServerConfigKeys (ConfUtils.java:logGet(43)) - raft.server.rpc.timeout.min = 1s (custom)
2019-11-13 20:17:25,297 [pool-169-thread-1] INFO  server.RaftServerConfigKeys (ConfUtils.java:logGet(43)) - raft.server.sleep.deviation.threshold = 300 (default)
2019-11-13 20:17:25,297 [pool-159-thread-1] INFO  storage.RaftStorageDirectory (RaftStorageDirectory.java:analyzeStorage(246)) - The storage directory /workdir/hadoop-ozone/integration-test/target/test-dir/MiniOzoneClusterImpl-e03c2511-109e-4d60-a68c-0151beb67872/datanode-1/data/ratis/41dcf335-d62e-40d1-a123-22d09aeb1e32 does not exist. Creating ...
2019-11-13 20:17:25,297 [pool-149-thread-1] INFO  server.RaftServerConfigKeys (ConfUtils.java:logGet(43)) - raft.server.rpc.timeout.max = 1200ms (custom)
2019-11-13 20:17:25,297 [pool-169-thread-1] INFO  server.RaftServerConfigKeys (ConfUtils.java:logGet(43)) - raft.server.log.appender.install.snapshot.enabled = false (custom)
2019-11-13 20:17:25,297 [pool-149-thread-1] INFO  server.RaftServerConfigKeys (ConfUtils.java:logGet(43)) - raft.server.rpcslowness.timeout = 120s (custom)
2019-11-13 20:17:25,297 [pool-169-thread-1] INFO  impl.RaftServerImpl (ServerState.java:<init>(103)) - d075120a-ef0f-46a0-9778-bb6f9a0780d0@group-22D09AEB1E32: ConfigurationManager, init=-1: [d075120a-ef0f-46a0-9778-bb6f9a0780d0:192.168.164.208:39220, 227642ba-0415-4d98-a6b8-20167e8a399a:192.168.164.208:40637, 836dac64-dd9f-4309-a076-e086947645e1:192.168.164.208:40723], old=null, confs=<EMPTY_MAP>
2019-11-13 20:17:25,297 [pool-149-thread-1] INFO  server.RaftServerConfigKeys (ConfUtils.java:logGet(43)) - raft.server.sleep.deviation.threshold = 300 (default)
2019-11-13 20:17:25,297 [pool-169-thread-1] INFO  server.RaftServerConfigKeys (ConfUtils.java:logGet(43)) - raft.server.storage.dir = [/workdir/hadoop-ozone/integration-test/target/test-dir/MiniOzoneClusterImpl-e03c2511-109e-4d60-a68c-0151beb67872/datanode-2/data/ratis] (custom)
2019-11-13 20:17:25,298 [pool-149-thread-1] INFO  server.RaftServerConfigKeys (ConfUtils.java:logGet(43)) - raft.server.log.appender.install.snapshot.enabled = false (custom)
2019-11-13 20:17:25,298 [pool-169-thread-1] INFO  server.RaftServerConfigKeys (ConfUtils.java:logGet(43)) - raft.server.log.corruption.policy = EXCEPTION (default)
2019-11-13 20:17:25,298 [pool-149-thread-1] INFO  impl.RaftServerImpl (ServerState.java:<init>(103)) - 227642ba-0415-4d98-a6b8-20167e8a399a@group-22D09AEB1E32: ConfigurationManager, init=-1: [d075120a-ef0f-46a0-9778-bb6f9a0780d0:192.168.164.208:39220, 227642ba-0415-4d98-a6b8-20167e8a399a:192.168.164.208:40637, 836dac64-dd9f-4309-a076-e086947645e1:192.168.164.208:40723], old=null, confs=<EMPTY_MAP>
2019-11-13 20:17:25,298 [pool-169-thread-1] INFO  storage.RaftStorageDirectory (RaftStorageDirectory.java:analyzeStorage(246)) - The storage directory /workdir/hadoop-ozone/integration-test/target/test-dir/MiniOzoneClusterImpl-e03c2511-109e-4d60-a68c-0151beb67872/datanode-2/data/ratis/41dcf335-d62e-40d1-a123-22d09aeb1e32 does not exist. Creating ...
2019-11-13 20:17:25,298 [pool-149-thread-1] INFO  server.RaftServerConfigKeys (ConfUtils.java:logGet(43)) - raft.server.storage.dir = [/workdir/hadoop-ozone/integration-test/target/test-dir/MiniOzoneClusterImpl-e03c2511-109e-4d60-a68c-0151beb67872/datanode-0/data/ratis] (custom)
2019-11-13 20:17:25,298 [pool-149-thread-1] INFO  server.RaftServerConfigKeys (ConfUtils.java:logGet(43)) - raft.server.log.corruption.policy = EXCEPTION (default)
2019-11-13 20:17:25,298 [pool-149-thread-1] INFO  storage.RaftStorageDirectory (RaftStorageDirectory.java:analyzeStorage(246)) - The storage directory /workdir/hadoop-ozone/integration-test/target/test-dir/MiniOzoneClusterImpl-e03c2511-109e-4d60-a68c-0151beb67872/datanode-0/data/ratis/41dcf335-d62e-40d1-a123-22d09aeb1e32 does not exist. Creating ...
2019-11-13 20:17:25,322 [pool-149-thread-1] INFO  storage.RaftStorageDirectory (RaftStorageDirectory.java:tryLock(328)) - Lock on /workdir/hadoop-ozone/integration-test/target/test-dir/MiniOzoneClusterImpl-e03c2511-109e-4d60-a68c-0151beb67872/datanode-0/data/ratis/41dcf335-d62e-40d1-a123-22d09aeb1e32/in_use.lock acquired by nodename 4344@pr-hdds-2375-t422d-1049308724
2019-11-13 20:17:25,322 [pool-159-thread-1] INFO  storage.RaftStorageDirectory (RaftStorageDirectory.java:tryLock(328)) - Lock on /workdir/hadoop-ozone/integration-test/target/test-dir/MiniOzoneClusterImpl-e03c2511-109e-4d60-a68c-0151beb67872/datanode-1/data/ratis/41dcf335-d62e-40d1-a123-22d09aeb1e32/in_use.lock acquired by nodename 4344@pr-hdds-2375-t422d-1049308724
2019-11-13 20:17:25,322 [pool-169-thread-1] INFO  storage.RaftStorageDirectory (RaftStorageDirectory.java:tryLock(328)) - Lock on /workdir/hadoop-ozone/integration-test/target/test-dir/MiniOzoneClusterImpl-e03c2511-109e-4d60-a68c-0151beb67872/datanode-2/data/ratis/41dcf335-d62e-40d1-a123-22d09aeb1e32/in_use.lock acquired by nodename 4344@pr-hdds-2375-t422d-1049308724
2019-11-13 20:17:25,324 [IPC Server handler 8 on 32918] INFO  net.NetworkTopology (NetworkTopologyImpl.java:add(111)) - Added a new node: /rack1/023d4525-aae9-49d4-923e-7124a55e5ae2
2019-11-13 20:17:25,324 [IPC Server handler 8 on 32918] INFO  node.SCMNodeManager (SCMNodeManager.java:register(267)) - Registered Data node : 023d4525-aae9-49d4-923e-7124a55e5ae2{ip: 192.168.164.208, host: pr-hdds-2375-t422d-1049308724, networkLocation: /rack1, certSerialId: null}
2019-11-13 20:17:25,344 [pool-149-thread-1] INFO  storage.RaftStorage (RaftStorage.java:format(84)) - Storage directory /workdir/hadoop-ozone/integration-test/target/test-dir/MiniOzoneClusterImpl-e03c2511-109e-4d60-a68c-0151beb67872/datanode-0/data/ratis/41dcf335-d62e-40d1-a123-22d09aeb1e32 has been successfully formatted.
2019-11-13 20:17:25,344 [pool-169-thread-1] INFO  storage.RaftStorage (RaftStorage.java:format(84)) - Storage directory /workdir/hadoop-ozone/integration-test/target/test-dir/MiniOzoneClusterImpl-e03c2511-109e-4d60-a68c-0151beb67872/datanode-2/data/ratis/41dcf335-d62e-40d1-a123-22d09aeb1e32 has been successfully formatted.
2019-11-13 20:17:25,344 [pool-159-thread-1] INFO  storage.RaftStorage (RaftStorage.java:format(84)) - Storage directory /workdir/hadoop-ozone/integration-test/target/test-dir/MiniOzoneClusterImpl-e03c2511-109e-4d60-a68c-0151beb67872/datanode-1/data/ratis/41dcf335-d62e-40d1-a123-22d09aeb1e32 has been successfully formatted.
2019-11-13 20:17:25,344 [pool-149-thread-1] INFO  ratis.ContainerStateMachine (ContainerStateMachine.java:loadSnapshot(223)) - group-22D09AEB1E32: The snapshot info is null. Setting the last applied indexto:(t:0, i:~)
2019-11-13 20:17:25,344 [pool-169-thread-1] INFO  ratis.ContainerStateMachine (ContainerStateMachine.java:loadSnapshot(223)) - group-22D09AEB1E32: The snapshot info is null. Setting the last applied indexto:(t:0, i:~)
2019-11-13 20:17:25,344 [pool-149-thread-1] INFO  server.RaftServerConfigKeys (ConfUtils.java:logGet(43)) - raft.server.notification.no-leader.timeout = 120s (custom)
2019-11-13 20:17:25,344 [pool-159-thread-1] INFO  ratis.ContainerStateMachine (ContainerStateMachine.java:loadSnapshot(223)) - group-22D09AEB1E32: The snapshot info is null. Setting the last applied indexto:(t:0, i:~)
2019-11-13 20:17:25,345 [pool-149-thread-1] INFO  server.RaftServerConfigKeys (ConfUtils.java:logGet(43)) - raft.server.log.use.memory = false (default)
2019-11-13 20:17:25,345 [pool-169-thread-1] INFO  server.RaftServerConfigKeys (ConfUtils.java:logGet(43)) - raft.server.notification.no-leader.timeout = 120s (custom)
2019-11-13 20:17:25,345 [pool-149-thread-1] INFO  server.RaftServerConfigKeys (ConfUtils.java:logGet(43)) - raft.server.log.purge.gap = 1000000 (custom)
2019-11-13 20:17:25,345 [pool-159-thread-1] INFO  server.RaftServerConfigKeys (ConfUtils.java:logGet(43)) - raft.server.notification.no-leader.timeout = 120s (custom)
2019-11-13 20:17:25,345 [pool-149-thread-1] INFO  server.RaftServerConfigKeys (ConfUtils.java:logGet(43)) - raft.server.log.appender.buffer.byte-limit = 33554432 (custom)
2019-11-13 20:17:25,345 [pool-169-thread-1] INFO  server.RaftServerConfigKeys (ConfUtils.java:logGet(43)) - raft.server.log.use.memory = false (default)
2019-11-13 20:17:25,345 [pool-149-thread-1] INFO  server.RaftServerConfigKeys (ConfUtils.java:logGet(43)) - raft.server.log.segment.size.max = 1048576 (custom)
2019-11-13 20:17:25,345 [pool-159-thread-1] INFO  server.RaftServerConfigKeys (ConfUtils.java:logGet(43)) - raft.server.log.use.memory = false (default)
2019-11-13 20:17:25,345 [pool-149-thread-1] INFO  server.RaftServerConfigKeys (ConfUtils.java:logGet(43)) - raft.server.log.segment.cache.num.max = 2 (custom)
2019-11-13 20:17:25,345 [pool-169-thread-1] INFO  server.RaftServerConfigKeys (ConfUtils.java:logGet(43)) - raft.server.log.purge.gap = 1000000 (custom)
2019-11-13 20:17:25,346 [pool-149-thread-1] INFO  segmented.SegmentedRaftLogWorker (SegmentedRaftLogWorker.java:<init>(173)) - new 227642ba-0415-4d98-a6b8-20167e8a399a@group-22D09AEB1E32-SegmentedRaftLogWorker for RaftStorage:Storage Directory /workdir/hadoop-ozone/integration-test/target/test-dir/MiniOzoneClusterImpl-e03c2511-109e-4d60-a68c-0151beb67872/datanode-0/data/ratis/41dcf335-d62e-40d1-a123-22d09aeb1e32
2019-11-13 20:17:25,346 [pool-149-thread-1] INFO  server.RaftServerConfigKeys (ConfUtils.java:logGet(43)) - raft.server.log.queue.byte-limit = 2147483647 (custom)
2019-11-13 20:17:25,345 [pool-159-thread-1] INFO  server.RaftServerConfigKeys (ConfUtils.java:logGet(43)) - raft.server.log.purge.gap = 1000000 (custom)
2019-11-13 20:17:25,346 [pool-149-thread-1] INFO  server.RaftServerConfigKeys (ConfUtils.java:logGet(43)) - raft.server.log.queue.element-limit = 1024 (custom)
2019-11-13 20:17:25,346 [pool-169-thread-1] INFO  server.RaftServerConfigKeys (ConfUtils.java:logGet(43)) - raft.server.log.appender.buffer.byte-limit = 33554432 (custom)
2019-11-13 20:17:25,346 [pool-149-thread-1] INFO  server.RaftServerConfigKeys (ConfUtils.java:logGet(43)) - raft.server.log.segment.size.max = 1048576 (custom)
2019-11-13 20:17:25,346 [pool-159-thread-1] INFO  server.RaftServerConfigKeys (ConfUtils.java:logGet(43)) - raft.server.log.appender.buffer.byte-limit = 33554432 (custom)
2019-11-13 20:17:25,346 [pool-149-thread-1] INFO  server.RaftServerConfigKeys (ConfUtils.java:logGet(43)) - raft.server.log.preallocated.size = 16384 (custom)
2019-11-13 20:17:25,346 [pool-169-thread-1] INFO  server.RaftServerConfigKeys (ConfUtils.java:logGet(43)) - raft.server.log.segment.size.max = 1048576 (custom)
2019-11-13 20:17:25,346 [pool-149-thread-1] INFO  server.RaftServerConfigKeys (ConfUtils.java:logGet(43)) - raft.server.log.write.buffer.size = 33554432 (custom)
2019-11-13 20:17:25,346 [pool-159-thread-1] INFO  server.RaftServerConfigKeys (ConfUtils.java:logGet(43)) - raft.server.log.segment.size.max = 1048576 (custom)
2019-11-13 20:17:25,347 [pool-149-thread-1] INFO  server.RaftServerConfigKeys (ConfUtils.java:logGet(43)) - raft.server.log.force.sync.num = 128 (default)
2019-11-13 20:17:25,346 [pool-169-thread-1] INFO  server.RaftServerConfigKeys (ConfUtils.java:logGet(43)) - raft.server.log.segment.cache.num.max = 2 (custom)
2019-11-13 20:17:25,347 [pool-149-thread-1] INFO  server.RaftServerConfigKeys (ConfUtils.java:logGet(43)) - raft.server.log.statemachine.data.sync = true (default)
2019-11-13 20:17:25,347 [pool-159-thread-1] INFO  server.RaftServerConfigKeys (ConfUtils.java:logGet(43)) - raft.server.log.segment.cache.num.max = 2 (custom)
2019-11-13 20:17:25,347 [pool-149-thread-1] INFO  server.RaftServerConfigKeys (ConfUtils.java:logGet(43)) - raft.server.log.statemachine.data.sync.timeout = 10s (default)
2019-11-13 20:17:25,347 [pool-169-thread-1] INFO  segmented.SegmentedRaftLogWorker (SegmentedRaftLogWorker.java:<init>(173)) - new d075120a-ef0f-46a0-9778-bb6f9a0780d0@group-22D09AEB1E32-SegmentedRaftLogWorker for RaftStorage:Storage Directory /workdir/hadoop-ozone/integration-test/target/test-dir/MiniOzoneClusterImpl-e03c2511-109e-4d60-a68c-0151beb67872/datanode-2/data/ratis/41dcf335-d62e-40d1-a123-22d09aeb1e32
2019-11-13 20:17:25,347 [pool-149-thread-1] INFO  server.RaftServerConfigKeys (ConfUtils.java:logGet(43)) - raft.server.log.statemachine.data.sync.timeout.retry = -1 (default)
2019-11-13 20:17:25,347 [pool-159-thread-1] INFO  segmented.SegmentedRaftLogWorker (SegmentedRaftLogWorker.java:<init>(173)) - new 836dac64-dd9f-4309-a076-e086947645e1@group-22D09AEB1E32-SegmentedRaftLogWorker for RaftStorage:Storage Directory /workdir/hadoop-ozone/integration-test/target/test-dir/MiniOzoneClusterImpl-e03c2511-109e-4d60-a68c-0151beb67872/datanode-1/data/ratis/41dcf335-d62e-40d1-a123-22d09aeb1e32
2019-11-13 20:17:25,347 [pool-149-thread-1] INFO  server.RaftServerConfigKeys (ConfUtils.java:logGet(43)) - raft.server.log.statemachine.data.caching.enabled = true (custom)
2019-11-13 20:17:25,347 [pool-169-thread-1] INFO  server.RaftServerConfigKeys (ConfUtils.java:logGet(43)) - raft.server.log.queue.byte-limit = 2147483647 (custom)
2019-11-13 20:17:25,347 [pool-159-thread-1] INFO  server.RaftServerConfigKeys (ConfUtils.java:logGet(43)) - raft.server.log.queue.byte-limit = 2147483647 (custom)
2019-11-13 20:17:25,347 [pool-149-thread-1] INFO  segmented.SegmentedRaftLogWorker (SegmentedRaftLogWorker.java:lambda$new$0(128)) - 227642ba-0415-4d98-a6b8-20167e8a399a@group-22D09AEB1E32-SegmentedRaftLogWorker: flushIndex: setUnconditionally 0 -> -1
2019-11-13 20:17:25,347 [pool-169-thread-1] INFO  server.RaftServerConfigKeys (ConfUtils.java:logGet(43)) - raft.server.log.queue.element-limit = 1024 (custom)
2019-11-13 20:17:25,347 [pool-159-thread-1] INFO  server.RaftServerConfigKeys (ConfUtils.java:logGet(43)) - raft.server.log.queue.element-limit = 1024 (custom)
2019-11-13 20:17:25,348 [pool-169-thread-1] INFO  server.RaftServerConfigKeys (ConfUtils.java:logGet(43)) - raft.server.log.segment.size.max = 1048576 (custom)
2019-11-13 20:17:25,348 [pool-149-thread-1] INFO  server.RaftServerConfigKeys (ConfUtils.java:logGet(43)) - raft.server.snapshot.auto.trigger.enabled = true (custom)
2019-11-13 20:17:25,348 [pool-169-thread-1] INFO  server.RaftServerConfigKeys (ConfUtils.java:logGet(43)) - raft.server.log.preallocated.size = 16384 (custom)
2019-11-13 20:17:25,348 [pool-159-thread-1] INFO  server.RaftServerConfigKeys (ConfUtils.java:logGet(43)) - raft.server.log.segment.size.max = 1048576 (custom)
2019-11-13 20:17:25,348 [pool-169-thread-1] INFO  server.RaftServerConfigKeys (ConfUtils.java:logGet(43)) - raft.server.log.write.buffer.size = 33554432 (custom)
2019-11-13 20:17:25,348 [pool-149-thread-1] INFO  server.RaftServerConfigKeys (ConfUtils.java:logGet(43)) - raft.server.snapshot.auto.trigger.threshold = 10000 (custom)
2019-11-13 20:17:25,348 [pool-169-thread-1] INFO  server.RaftServerConfigKeys (ConfUtils.java:logGet(43)) - raft.server.log.force.sync.num = 128 (default)
2019-11-13 20:17:25,348 [pool-159-thread-1] INFO  server.RaftServerConfigKeys (ConfUtils.java:logGet(43)) - raft.server.log.preallocated.size = 16384 (custom)
2019-11-13 20:17:25,348 [pool-169-thread-1] INFO  server.RaftServerConfigKeys (ConfUtils.java:logGet(43)) - raft.server.log.statemachine.data.sync = true (default)
2019-11-13 20:17:25,348 [pool-149-thread-1] INFO  server.RaftServerConfigKeys (ConfUtils.java:logGet(43)) - raft.server.snapshot.retention.file.num = 5 (custom)
2019-11-13 20:17:25,349 [pool-169-thread-1] INFO  server.RaftServerConfigKeys (ConfUtils.java:logGet(43)) - raft.server.log.statemachine.data.sync.timeout = 10s (default)
2019-11-13 20:17:25,348 [pool-159-thread-1] INFO  server.RaftServerConfigKeys (ConfUtils.java:logGet(43)) - raft.server.log.write.buffer.size = 33554432 (custom)
2019-11-13 20:17:25,349 [pool-169-thread-1] INFO  server.RaftServerConfigKeys (ConfUtils.java:logGet(43)) - raft.server.log.statemachine.data.sync.timeout.retry = -1 (default)
2019-11-13 20:17:25,349 [pool-149-thread-1] INFO  server.RaftServerConfigKeys (ConfUtils.java:logGet(43)) - raft.server.retrycache.expirytime = 600000ms (custom)
2019-11-13 20:17:25,349 [pool-159-thread-1] INFO  server.RaftServerConfigKeys (ConfUtils.java:logGet(43)) - raft.server.log.force.sync.num = 128 (default)
2019-11-13 20:17:25,349 [pool-149-thread-1] WARN  impl.MetricRegistriesImpl (MetricRegistriesImpl.java:lambda$create$1(61)) - First MetricRegistry has been created without registering reporters. You may need to call MetricRegistries.global().addReportRegistration(...) before.
2019-11-13 20:17:25,349 [pool-169-thread-1] INFO  server.RaftServerConfigKeys (ConfUtils.java:logGet(43)) - raft.server.log.statemachine.data.caching.enabled = true (custom)
2019-11-13 20:17:25,349 [pool-149-thread-1] WARN  impl.MetricRegistriesImpl (MetricRegistriesImpl.java:lambda$create$1(61)) - First MetricRegistry has been created without registering reporters. You may need to call MetricRegistries.global().addReportRegistration(...) before.
2019-11-13 20:17:25,349 [pool-159-thread-1] INFO  server.RaftServerConfigKeys (ConfUtils.java:logGet(43)) - raft.server.log.statemachine.data.sync = true (default)
2019-11-13 20:17:25,349 [pool-149-thread-1] INFO  impl.RaftServerImpl (RaftServerImpl.java:start(184)) - 227642ba-0415-4d98-a6b8-20167e8a399a@group-22D09AEB1E32: start as a follower, conf=-1: [d075120a-ef0f-46a0-9778-bb6f9a0780d0:192.168.164.208:39220, 227642ba-0415-4d98-a6b8-20167e8a399a:192.168.164.208:40637, 836dac64-dd9f-4309-a076-e086947645e1:192.168.164.208:40723], old=null
2019-11-13 20:17:25,349 [pool-169-thread-1] INFO  segmented.SegmentedRaftLogWorker (SegmentedRaftLogWorker.java:lambda$new$0(128)) - d075120a-ef0f-46a0-9778-bb6f9a0780d0@group-22D09AEB1E32-SegmentedRaftLogWorker: flushIndex: setUnconditionally 0 -> -1
2019-11-13 20:17:25,349 [pool-149-thread-1] INFO  impl.RaftServerImpl (RaftServerImpl.java:setRole(173)) - 227642ba-0415-4d98-a6b8-20167e8a399a@group-22D09AEB1E32: changes role from      null to FOLLOWER at term 0 for startAsFollower
2019-11-13 20:17:25,349 [pool-159-thread-1] INFO  server.RaftServerConfigKeys (ConfUtils.java:logGet(43)) - raft.server.log.statemachine.data.sync.timeout = 10s (default)
2019-11-13 20:17:25,350 [pool-169-thread-1] INFO  server.RaftServerConfigKeys (ConfUtils.java:logGet(43)) - raft.server.snapshot.auto.trigger.enabled = true (custom)
2019-11-13 20:17:25,350 [pool-149-thread-1] INFO  impl.RoleInfo (RoleInfo.java:updateAndGet(143)) - 227642ba-0415-4d98-a6b8-20167e8a399a: start FollowerState
2019-11-13 20:17:25,350 [pool-169-thread-1] INFO  server.RaftServerConfigKeys (ConfUtils.java:logGet(43)) - raft.server.snapshot.auto.trigger.threshold = 10000 (custom)
2019-11-13 20:17:25,350 [pool-159-thread-1] INFO  server.RaftServerConfigKeys (ConfUtils.java:logGet(43)) - raft.server.log.statemachine.data.sync.timeout.retry = -1 (default)
2019-11-13 20:17:25,350 [pool-169-thread-1] INFO  server.RaftServerConfigKeys (ConfUtils.java:logGet(43)) - raft.server.snapshot.retention.file.num = 5 (custom)
2019-11-13 20:17:25,350 [pool-159-thread-1] INFO  server.RaftServerConfigKeys (ConfUtils.java:logGet(43)) - raft.server.log.statemachine.data.caching.enabled = true (custom)
2019-11-13 20:17:25,350 [pool-149-thread-1] INFO  util.JmxRegister (JmxRegister.java:tryRegister(44)) - Successfully registered JMX Bean with object name Ratis:service=RaftServer,group=group-22D09AEB1E32,id=227642ba-0415-4d98-a6b8-20167e8a399a
2019-11-13 20:17:25,350 [pool-169-thread-1] INFO  server.RaftServerConfigKeys (ConfUtils.java:logGet(43)) - raft.server.retrycache.expirytime = 600000ms (custom)
2019-11-13 20:17:25,350 [pool-159-thread-1] INFO  segmented.SegmentedRaftLogWorker (SegmentedRaftLogWorker.java:lambda$new$0(128)) - 836dac64-dd9f-4309-a076-e086947645e1@group-22D09AEB1E32-SegmentedRaftLogWorker: flushIndex: setUnconditionally 0 -> -1
2019-11-13 20:17:25,350 [pool-149-thread-1] WARN  impl.MetricRegistriesImpl (MetricRegistriesImpl.java:lambda$create$1(61)) - First MetricRegistry has been created without registering reporters. You may need to call MetricRegistries.global().addReportRegistration(...) before.
2019-11-13 20:17:25,351 [pool-169-thread-1] WARN  impl.MetricRegistriesImpl (MetricRegistriesImpl.java:lambda$create$1(61)) - First MetricRegistry has been created without registering reporters. You may need to call MetricRegistries.global().addReportRegistration(...) before.
2019-11-13 20:17:25,351 [pool-159-thread-1] INFO  server.RaftServerConfigKeys (ConfUtils.java:logGet(43)) - raft.server.snapshot.auto.trigger.enabled = true (custom)
2019-11-13 20:17:25,351 [pool-169-thread-1] WARN  impl.MetricRegistriesImpl (MetricRegistriesImpl.java:lambda$create$1(61)) - First MetricRegistry has been created without registering reporters. You may need to call MetricRegistries.global().addReportRegistration(...) before.
2019-11-13 20:17:25,351 [pool-159-thread-1] INFO  server.RaftServerConfigKeys (ConfUtils.java:logGet(43)) - raft.server.snapshot.auto.trigger.threshold = 10000 (custom)
2019-11-13 20:17:25,351 [pool-169-thread-1] INFO  impl.RaftServerImpl (RaftServerImpl.java:start(184)) - d075120a-ef0f-46a0-9778-bb6f9a0780d0@group-22D09AEB1E32: start as a follower, conf=-1: [d075120a-ef0f-46a0-9778-bb6f9a0780d0:192.168.164.208:39220, 227642ba-0415-4d98-a6b8-20167e8a399a:192.168.164.208:40637, 836dac64-dd9f-4309-a076-e086947645e1:192.168.164.208:40723], old=null
2019-11-13 20:17:25,351 [pool-159-thread-1] INFO  server.RaftServerConfigKeys (ConfUtils.java:logGet(43)) - raft.server.snapshot.retention.file.num = 5 (custom)
2019-11-13 20:17:25,351 [pool-169-thread-1] INFO  impl.RaftServerImpl (RaftServerImpl.java:setRole(173)) - d075120a-ef0f-46a0-9778-bb6f9a0780d0@group-22D09AEB1E32: changes role from      null to FOLLOWER at term 0 for startAsFollower
2019-11-13 20:17:25,351 [pool-159-thread-1] INFO  server.RaftServerConfigKeys (ConfUtils.java:logGet(43)) - raft.server.retrycache.expirytime = 600000ms (custom)
2019-11-13 20:17:25,352 [pool-169-thread-1] INFO  impl.RoleInfo (RoleInfo.java:updateAndGet(143)) - d075120a-ef0f-46a0-9778-bb6f9a0780d0: start FollowerState
2019-11-13 20:17:25,352 [pool-159-thread-1] WARN  impl.MetricRegistriesImpl (MetricRegistriesImpl.java:lambda$create$1(61)) - First MetricRegistry has been created without registering reporters. You may need to call MetricRegistries.global().addReportRegistration(...) before.
2019-11-13 20:17:25,352 [pool-159-thread-1] WARN  impl.MetricRegistriesImpl (MetricRegistriesImpl.java:lambda$create$1(61)) - First MetricRegistry has been created without registering reporters. You may need to call MetricRegistries.global().addReportRegistration(...) before.
2019-11-13 20:17:25,352 [pool-159-thread-1] INFO  impl.RaftServerImpl (RaftServerImpl.java:start(184)) - 836dac64-dd9f-4309-a076-e086947645e1@group-22D09AEB1E32: start as a follower, conf=-1: [d075120a-ef0f-46a0-9778-bb6f9a0780d0:192.168.164.208:39220, 227642ba-0415-4d98-a6b8-20167e8a399a:192.168.164.208:40637, 836dac64-dd9f-4309-a076-e086947645e1:192.168.164.208:40723], old=null
2019-11-13 20:17:25,352 [pool-169-thread-1] INFO  util.JmxRegister (JmxRegister.java:tryRegister(44)) - Successfully registered JMX Bean with object name Ratis:service=RaftServer,group=group-22D09AEB1E32,id=d075120a-ef0f-46a0-9778-bb6f9a0780d0
2019-11-13 20:17:25,352 [pool-159-thread-1] INFO  impl.RaftServerImpl (RaftServerImpl.java:setRole(173)) - 836dac64-dd9f-4309-a076-e086947645e1@group-22D09AEB1E32: changes role from      null to FOLLOWER at term 0 for startAsFollower
2019-11-13 20:17:25,352 [pool-169-thread-1] WARN  impl.MetricRegistriesImpl (MetricRegistriesImpl.java:lambda$create$1(61)) - First MetricRegistry has been created without registering reporters. You may need to call MetricRegistries.global().addReportRegistration(...) before.
2019-11-13 20:17:25,352 [pool-159-thread-1] INFO  impl.RoleInfo (RoleInfo.java:updateAndGet(143)) - 836dac64-dd9f-4309-a076-e086947645e1: start FollowerState
2019-11-13 20:17:25,353 [pool-159-thread-1] INFO  util.JmxRegister (JmxRegister.java:tryRegister(44)) - Successfully registered JMX Bean with object name Ratis:service=RaftServer,group=group-22D09AEB1E32,id=836dac64-dd9f-4309-a076-e086947645e1
2019-11-13 20:17:25,353 [pool-159-thread-1] WARN  impl.MetricRegistriesImpl (MetricRegistriesImpl.java:lambda$create$1(61)) - First MetricRegistry has been created without registering reporters. You may need to call MetricRegistries.global().addReportRegistration(...) before.
2019-11-13 20:17:25,356 [RatisPipelineUtilsThread] INFO  pipeline.PipelineStateManager (PipelineStateManager.java:addPipeline(55)) - Created pipeline Pipeline[ Id: 41dcf335-d62e-40d1-a123-22d09aeb1e32, Nodes: d075120a-ef0f-46a0-9778-bb6f9a0780d0{ip: 192.168.164.208, host: pr-hdds-2375-t422d-1049308724, networkLocation: /rack1, certSerialId: null}836dac64-dd9f-4309-a076-e086947645e1{ip: 192.168.164.208, host: pr-hdds-2375-t422d-1049308724, networkLocation: /rack1, certSerialId: null}227642ba-0415-4d98-a6b8-20167e8a399a{ip: 192.168.164.208, host: pr-hdds-2375-t422d-1049308724, networkLocation: /rack1, certSerialId: null}, Type:RATIS, Factor:THREE, State:ALLOCATED]
2019-11-13 20:17:25,386 [IPC Server handler 5 on 32918] INFO  net.NetworkTopology (NetworkTopologyImpl.java:add(111)) - Added a new node: /rack1/75645b24-e149-445b-bbe5-336f1e849603
2019-11-13 20:17:25,386 [IPC Server handler 5 on 32918] INFO  node.SCMNodeManager (SCMNodeManager.java:register(267)) - Registered Data node : 75645b24-e149-445b-bbe5-336f1e849603{ip: 192.168.164.208, host: pr-hdds-2375-t422d-1049308724, networkLocation: /rack1, certSerialId: null}
2019-11-13 20:17:25,395 [grpc-default-executor-1] INFO  impl.RaftServerProxy (RaftServerProxy.java:addNew(89)) - 023d4525-aae9-49d4-923e-7124a55e5ae2: addNew group-EA2E2195EAF7:[023d4525-aae9-49d4-923e-7124a55e5ae2:192.168.164.208:41869] returns group-EA2E2195EAF7:java.util.concurrent.CompletableFuture@9c530[Not completed]
2019-11-13 20:17:25,399 [pool-179-thread-1] INFO  impl.RaftServerImpl (RaftServerImpl.java:<init>(98)) - 023d4525-aae9-49d4-923e-7124a55e5ae2: new RaftServerImpl for group-EA2E2195EAF7:[023d4525-aae9-49d4-923e-7124a55e5ae2:192.168.164.208:41869] with ContainerStateMachine:uninitialized
2019-11-13 20:17:25,399 [pool-179-thread-1] INFO  server.RaftServerConfigKeys (ConfUtils.java:logGet(43)) - raft.server.rpc.timeout.min = 1s (custom)
2019-11-13 20:17:25,399 [pool-179-thread-1] INFO  server.RaftServerConfigKeys (ConfUtils.java:logGet(43)) - raft.server.rpc.timeout.max = 1200ms (custom)
2019-11-13 20:17:25,399 [pool-179-thread-1] INFO  server.RaftServerConfigKeys (ConfUtils.java:logGet(43)) - raft.server.rpcslowness.timeout = 120s (custom)
2019-11-13 20:17:25,400 [pool-179-thread-1] INFO  server.RaftServerConfigKeys (ConfUtils.java:logGet(43)) - raft.server.sleep.deviation.threshold = 300 (default)
2019-11-13 20:17:25,400 [pool-179-thread-1] INFO  server.RaftServerConfigKeys (ConfUtils.java:logGet(43)) - raft.server.log.appender.install.snapshot.enabled = false (custom)
2019-11-13 20:17:25,400 [pool-179-thread-1] INFO  impl.RaftServerImpl (ServerState.java:<init>(103)) - 023d4525-aae9-49d4-923e-7124a55e5ae2@group-EA2E2195EAF7: ConfigurationManager, init=-1: [023d4525-aae9-49d4-923e-7124a55e5ae2:192.168.164.208:41869], old=null, confs=<EMPTY_MAP>
2019-11-13 20:17:25,400 [pool-179-thread-1] INFO  server.RaftServerConfigKeys (ConfUtils.java:logGet(43)) - raft.server.storage.dir = [/workdir/hadoop-ozone/integration-test/target/test-dir/MiniOzoneClusterImpl-e03c2511-109e-4d60-a68c-0151beb67872/datanode-3/data/ratis] (custom)
2019-11-13 20:17:25,401 [pool-179-thread-1] INFO  server.RaftServerConfigKeys (ConfUtils.java:logGet(43)) - raft.server.log.corruption.policy = EXCEPTION (default)
2019-11-13 20:17:25,401 [pool-179-thread-1] INFO  storage.RaftStorageDirectory (RaftStorageDirectory.java:analyzeStorage(246)) - The storage directory /workdir/hadoop-ozone/integration-test/target/test-dir/MiniOzoneClusterImpl-e03c2511-109e-4d60-a68c-0151beb67872/datanode-3/data/ratis/5b1de1b3-5902-4a5e-a829-ea2e2195eaf7 does not exist. Creating ...
2019-11-13 20:17:25,412 [pool-179-thread-1] INFO  storage.RaftStorageDirectory (RaftStorageDirectory.java:tryLock(328)) - Lock on /workdir/hadoop-ozone/integration-test/target/test-dir/MiniOzoneClusterImpl-e03c2511-109e-4d60-a68c-0151beb67872/datanode-3/data/ratis/5b1de1b3-5902-4a5e-a829-ea2e2195eaf7/in_use.lock acquired by nodename 4344@pr-hdds-2375-t422d-1049308724
2019-11-13 20:17:25,442 [pool-179-thread-1] INFO  storage.RaftStorage (RaftStorage.java:format(84)) - Storage directory /workdir/hadoop-ozone/integration-test/target/test-dir/MiniOzoneClusterImpl-e03c2511-109e-4d60-a68c-0151beb67872/datanode-3/data/ratis/5b1de1b3-5902-4a5e-a829-ea2e2195eaf7 has been successfully formatted.
2019-11-13 20:17:25,443 [pool-179-thread-1] INFO  ratis.ContainerStateMachine (ContainerStateMachine.java:loadSnapshot(223)) - group-EA2E2195EAF7: The snapshot info is null. Setting the last applied indexto:(t:0, i:~)
2019-11-13 20:17:25,443 [pool-179-thread-1] INFO  server.RaftServerConfigKeys (ConfUtils.java:logGet(43)) - raft.server.notification.no-leader.timeout = 120s (custom)
2019-11-13 20:17:25,443 [pool-179-thread-1] INFO  server.RaftServerConfigKeys (ConfUtils.java:logGet(43)) - raft.server.log.use.memory = false (default)
2019-11-13 20:17:25,443 [pool-179-thread-1] INFO  server.RaftServerConfigKeys (ConfUtils.java:logGet(43)) - raft.server.log.purge.gap = 1000000 (custom)
2019-11-13 20:17:25,444 [pool-179-thread-1] INFO  server.RaftServerConfigKeys (ConfUtils.java:logGet(43)) - raft.server.log.appender.buffer.byte-limit = 33554432 (custom)
2019-11-13 20:17:25,444 [pool-179-thread-1] INFO  server.RaftServerConfigKeys (ConfUtils.java:logGet(43)) - raft.server.log.segment.size.max = 1048576 (custom)
2019-11-13 20:17:25,444 [pool-179-thread-1] WARN  impl.MetricRegistriesImpl (MetricRegistriesImpl.java:lambda$create$1(61)) - First MetricRegistry has been created without registering reporters. You may need to call MetricRegistries.global().addReportRegistration(...) before.
2019-11-13 20:17:25,444 [pool-179-thread-1] INFO  server.RaftServerConfigKeys (ConfUtils.java:logGet(43)) - raft.server.log.segment.cache.num.max = 2 (custom)
2019-11-13 20:17:25,445 [pool-179-thread-1] INFO  segmented.SegmentedRaftLogWorker (SegmentedRaftLogWorker.java:<init>(173)) - new 023d4525-aae9-49d4-923e-7124a55e5ae2@group-EA2E2195EAF7-SegmentedRaftLogWorker for RaftStorage:Storage Directory /workdir/hadoop-ozone/integration-test/target/test-dir/MiniOzoneClusterImpl-e03c2511-109e-4d60-a68c-0151beb67872/datanode-3/data/ratis/5b1de1b3-5902-4a5e-a829-ea2e2195eaf7
2019-11-13 20:17:25,445 [pool-179-thread-1] INFO  server.RaftServerConfigKeys (ConfUtils.java:logGet(43)) - raft.server.log.queue.byte-limit = 2147483647 (custom)
2019-11-13 20:17:25,445 [pool-179-thread-1] INFO  server.RaftServerConfigKeys (ConfUtils.java:logGet(43)) - raft.server.log.queue.element-limit = 1024 (custom)
2019-11-13 20:17:25,445 [pool-179-thread-1] INFO  server.RaftServerConfigKeys (ConfUtils.java:logGet(43)) - raft.server.log.segment.size.max = 1048576 (custom)
2019-11-13 20:17:25,445 [pool-179-thread-1] INFO  server.RaftServerConfigKeys (ConfUtils.java:logGet(43)) - raft.server.log.preallocated.size = 16384 (custom)
2019-11-13 20:17:25,446 [pool-179-thread-1] INFO  server.RaftServerConfigKeys (ConfUtils.java:logGet(43)) - raft.server.log.write.buffer.size = 33554432 (custom)
2019-11-13 20:17:25,446 [pool-179-thread-1] INFO  server.RaftServerConfigKeys (ConfUtils.java:logGet(43)) - raft.server.log.force.sync.num = 128 (default)
2019-11-13 20:17:25,446 [pool-179-thread-1] INFO  server.RaftServerConfigKeys (ConfUtils.java:logGet(43)) - raft.server.log.statemachine.data.sync = true (default)
2019-11-13 20:17:25,446 [pool-179-thread-1] INFO  server.RaftServerConfigKeys (ConfUtils.java:logGet(43)) - raft.server.log.statemachine.data.sync.timeout = 10s (default)
2019-11-13 20:17:25,446 [pool-179-thread-1] INFO  server.RaftServerConfigKeys (ConfUtils.java:logGet(43)) - raft.server.log.statemachine.data.sync.timeout.retry = -1 (default)
2019-11-13 20:17:25,447 [pool-179-thread-1] INFO  server.RaftServerConfigKeys (ConfUtils.java:logGet(43)) - raft.server.log.statemachine.data.caching.enabled = true (custom)
2019-11-13 20:17:25,447 [pool-179-thread-1] INFO  segmented.SegmentedRaftLogWorker (SegmentedRaftLogWorker.java:lambda$new$0(128)) - 023d4525-aae9-49d4-923e-7124a55e5ae2@group-EA2E2195EAF7-SegmentedRaftLogWorker: flushIndex: setUnconditionally 0 -> -1
2019-11-13 20:17:25,447 [pool-179-thread-1] INFO  server.RaftServerConfigKeys (ConfUtils.java:logGet(43)) - raft.server.snapshot.auto.trigger.enabled = true (custom)
2019-11-13 20:17:25,447 [pool-179-thread-1] INFO  server.RaftServerConfigKeys (ConfUtils.java:logGet(43)) - raft.server.snapshot.auto.trigger.threshold = 10000 (custom)
2019-11-13 20:17:25,448 [pool-179-thread-1] INFO  server.RaftServerConfigKeys (ConfUtils.java:logGet(43)) - raft.server.snapshot.retention.file.num = 5 (custom)
2019-11-13 20:17:25,448 [pool-179-thread-1] INFO  server.RaftServerConfigKeys (ConfUtils.java:logGet(43)) - raft.server.retrycache.expirytime = 600000ms (custom)
2019-11-13 20:17:25,448 [pool-179-thread-1] WARN  impl.MetricRegistriesImpl (MetricRegistriesImpl.java:lambda$create$1(61)) - First MetricRegistry has been created without registering reporters. You may need to call MetricRegistries.global().addReportRegistration(...) before.
2019-11-13 20:17:25,448 [pool-179-thread-1] WARN  impl.MetricRegistriesImpl (MetricRegistriesImpl.java:lambda$create$1(61)) - First MetricRegistry has been created without registering reporters. You may need to call MetricRegistries.global().addReportRegistration(...) before.
2019-11-13 20:17:25,449 [pool-179-thread-1] INFO  impl.RaftServerImpl (RaftServerImpl.java:start(184)) - 023d4525-aae9-49d4-923e-7124a55e5ae2@group-EA2E2195EAF7: start as a follower, conf=-1: [023d4525-aae9-49d4-923e-7124a55e5ae2:192.168.164.208:41869], old=null
2019-11-13 20:17:25,449 [pool-179-thread-1] INFO  impl.RaftServerImpl (RaftServerImpl.java:setRole(173)) - 023d4525-aae9-49d4-923e-7124a55e5ae2@group-EA2E2195EAF7: changes role from      null to FOLLOWER at term 0 for startAsFollower
2019-11-13 20:17:25,449 [pool-179-thread-1] INFO  impl.RoleInfo (RoleInfo.java:updateAndGet(143)) - 023d4525-aae9-49d4-923e-7124a55e5ae2: start FollowerState
2019-11-13 20:17:25,449 [pool-179-thread-1] INFO  util.JmxRegister (JmxRegister.java:tryRegister(44)) - Successfully registered JMX Bean with object name Ratis:service=RaftServer,group=group-EA2E2195EAF7,id=023d4525-aae9-49d4-923e-7124a55e5ae2
2019-11-13 20:17:25,450 [pool-179-thread-1] WARN  impl.MetricRegistriesImpl (MetricRegistriesImpl.java:lambda$create$1(61)) - First MetricRegistry has been created without registering reporters. You may need to call MetricRegistries.global().addReportRegistration(...) before.
2019-11-13 20:17:25,453 [RatisPipelineUtilsThread] INFO  pipeline.PipelineStateManager (PipelineStateManager.java:addPipeline(55)) - Created pipeline Pipeline[ Id: 5b1de1b3-5902-4a5e-a829-ea2e2195eaf7, Nodes: 023d4525-aae9-49d4-923e-7124a55e5ae2{ip: 192.168.164.208, host: pr-hdds-2375-t422d-1049308724, networkLocation: /rack1, certSerialId: null}, Type:RATIS, Factor:ONE, State:ALLOCATED]
2019-11-13 20:17:25,454 [IPC Server handler 9 on 32918] INFO  net.NetworkTopology (NetworkTopologyImpl.java:add(111)) - Added a new node: /rack1/2aeadab0-ec41-4180-985e-a800f9da6a6d
2019-11-13 20:17:25,454 [IPC Server handler 9 on 32918] INFO  node.SCMNodeManager (SCMNodeManager.java:register(267)) - Registered Data node : 2aeadab0-ec41-4180-985e-a800f9da6a6d{ip: 192.168.164.208, host: pr-hdds-2375-t422d-1049308724, networkLocation: /rack1, certSerialId: null}
2019-11-13 20:17:25,461 [grpc-default-executor-1] INFO  impl.RaftServerProxy (RaftServerProxy.java:addNew(89)) - 75645b24-e149-445b-bbe5-336f1e849603: addNew group-01240D7FD062:[75645b24-e149-445b-bbe5-336f1e849603:192.168.164.208:39182] returns group-01240D7FD062:java.util.concurrent.CompletableFuture@4893bd09[Not completed]
2019-11-13 20:17:25,464 [pool-189-thread-1] INFO  impl.RaftServerImpl (RaftServerImpl.java:<init>(98)) - 75645b24-e149-445b-bbe5-336f1e849603: new RaftServerImpl for group-01240D7FD062:[75645b24-e149-445b-bbe5-336f1e849603:192.168.164.208:39182] with ContainerStateMachine:uninitialized
2019-11-13 20:17:25,464 [pool-189-thread-1] INFO  server.RaftServerConfigKeys (ConfUtils.java:logGet(43)) - raft.server.rpc.timeout.min = 1s (custom)
2019-11-13 20:17:25,464 [pool-189-thread-1] INFO  server.RaftServerConfigKeys (ConfUtils.java:logGet(43)) - raft.server.rpc.timeout.max = 1200ms (custom)
2019-11-13 20:17:25,464 [pool-189-thread-1] INFO  server.RaftServerConfigKeys (ConfUtils.java:logGet(43)) - raft.server.rpcslowness.timeout = 120s (custom)
2019-11-13 20:17:25,464 [pool-189-thread-1] INFO  server.RaftServerConfigKeys (ConfUtils.java:logGet(43)) - raft.server.sleep.deviation.threshold = 300 (default)
2019-11-13 20:17:25,464 [pool-189-thread-1] INFO  server.RaftServerConfigKeys (ConfUtils.java:logGet(43)) - raft.server.log.appender.install.snapshot.enabled = false (custom)
2019-11-13 20:17:25,464 [pool-189-thread-1] INFO  impl.RaftServerImpl (ServerState.java:<init>(103)) - 75645b24-e149-445b-bbe5-336f1e849603@group-01240D7FD062: ConfigurationManager, init=-1: [75645b24-e149-445b-bbe5-336f1e849603:192.168.164.208:39182], old=null, confs=<EMPTY_MAP>
2019-11-13 20:17:25,465 [pool-189-thread-1] INFO  server.RaftServerConfigKeys (ConfUtils.java:logGet(43)) - raft.server.storage.dir = [/workdir/hadoop-ozone/integration-test/target/test-dir/MiniOzoneClusterImpl-e03c2511-109e-4d60-a68c-0151beb67872/datanode-4/data/ratis] (custom)
2019-11-13 20:17:25,465 [pool-189-thread-1] INFO  server.RaftServerConfigKeys (ConfUtils.java:logGet(43)) - raft.server.log.corruption.policy = EXCEPTION (default)
2019-11-13 20:17:25,465 [pool-189-thread-1] INFO  storage.RaftStorageDirectory (RaftStorageDirectory.java:analyzeStorage(246)) - The storage directory /workdir/hadoop-ozone/integration-test/target/test-dir/MiniOzoneClusterImpl-e03c2511-109e-4d60-a68c-0151beb67872/datanode-4/data/ratis/490bff93-09ce-4665-9f8a-01240d7fd062 does not exist. Creating ...
2019-11-13 20:17:25,490 [pool-189-thread-1] INFO  storage.RaftStorageDirectory (RaftStorageDirectory.java:tryLock(328)) - Lock on /workdir/hadoop-ozone/integration-test/target/test-dir/MiniOzoneClusterImpl-e03c2511-109e-4d60-a68c-0151beb67872/datanode-4/data/ratis/490bff93-09ce-4665-9f8a-01240d7fd062/in_use.lock acquired by nodename 4344@pr-hdds-2375-t422d-1049308724
2019-11-13 20:17:25,502 [pool-189-thread-1] INFO  storage.RaftStorage (RaftStorage.java:format(84)) - Storage directory /workdir/hadoop-ozone/integration-test/target/test-dir/MiniOzoneClusterImpl-e03c2511-109e-4d60-a68c-0151beb67872/datanode-4/data/ratis/490bff93-09ce-4665-9f8a-01240d7fd062 has been successfully formatted.
2019-11-13 20:17:25,503 [pool-189-thread-1] INFO  ratis.ContainerStateMachine (ContainerStateMachine.java:loadSnapshot(223)) - group-01240D7FD062: The snapshot info is null. Setting the last applied indexto:(t:0, i:~)
2019-11-13 20:17:25,503 [pool-189-thread-1] INFO  server.RaftServerConfigKeys (ConfUtils.java:logGet(43)) - raft.server.notification.no-leader.timeout = 120s (custom)
2019-11-13 20:17:25,503 [pool-189-thread-1] INFO  server.RaftServerConfigKeys (ConfUtils.java:logGet(43)) - raft.server.log.use.memory = false (default)
2019-11-13 20:17:25,503 [pool-189-thread-1] INFO  server.RaftServerConfigKeys (ConfUtils.java:logGet(43)) - raft.server.log.purge.gap = 1000000 (custom)
2019-11-13 20:17:25,503 [pool-189-thread-1] INFO  server.RaftServerConfigKeys (ConfUtils.java:logGet(43)) - raft.server.log.appender.buffer.byte-limit = 33554432 (custom)
2019-11-13 20:17:25,503 [pool-189-thread-1] INFO  server.RaftServerConfigKeys (ConfUtils.java:logGet(43)) - raft.server.log.segment.size.max = 1048576 (custom)
2019-11-13 20:17:25,503 [pool-189-thread-1] WARN  impl.MetricRegistriesImpl (MetricRegistriesImpl.java:lambda$create$1(61)) - First MetricRegistry has been created without registering reporters. You may need to call MetricRegistries.global().addReportRegistration(...) before.
2019-11-13 20:17:25,504 [pool-189-thread-1] INFO  server.RaftServerConfigKeys (ConfUtils.java:logGet(43)) - raft.server.log.segment.cache.num.max = 2 (custom)
2019-11-13 20:17:25,504 [pool-189-thread-1] INFO  segmented.SegmentedRaftLogWorker (SegmentedRaftLogWorker.java:<init>(173)) - new 75645b24-e149-445b-bbe5-336f1e849603@group-01240D7FD062-SegmentedRaftLogWorker for RaftStorage:Storage Directory /workdir/hadoop-ozone/integration-test/target/test-dir/MiniOzoneClusterImpl-e03c2511-109e-4d60-a68c-0151beb67872/datanode-4/data/ratis/490bff93-09ce-4665-9f8a-01240d7fd062
2019-11-13 20:17:25,504 [pool-189-thread-1] INFO  server.RaftServerConfigKeys (ConfUtils.java:logGet(43)) - raft.server.log.queue.byte-limit = 2147483647 (custom)
2019-11-13 20:17:25,504 [pool-189-thread-1] INFO  server.RaftServerConfigKeys (ConfUtils.java:logGet(43)) - raft.server.log.queue.element-limit = 1024 (custom)
2019-11-13 20:17:25,504 [pool-189-thread-1] INFO  server.RaftServerConfigKeys (ConfUtils.java:logGet(43)) - raft.server.log.segment.size.max = 1048576 (custom)
2019-11-13 20:17:25,504 [pool-189-thread-1] INFO  server.RaftServerConfigKeys (ConfUtils.java:logGet(43)) - raft.server.log.preallocated.size = 16384 (custom)
2019-11-13 20:17:25,504 [pool-189-thread-1] INFO  server.RaftServerConfigKeys (ConfUtils.java:logGet(43)) - raft.server.log.write.buffer.size = 33554432 (custom)
2019-11-13 20:17:25,504 [pool-189-thread-1] INFO  server.RaftServerConfigKeys (ConfUtils.java:logGet(43)) - raft.server.log.force.sync.num = 128 (default)
2019-11-13 20:17:25,505 [pool-189-thread-1] INFO  server.RaftServerConfigKeys (ConfUtils.java:logGet(43)) - raft.server.log.statemachine.data.sync = true (default)
2019-11-13 20:17:25,505 [pool-189-thread-1] INFO  server.RaftServerConfigKeys (ConfUtils.java:logGet(43)) - raft.server.log.statemachine.data.sync.timeout = 10s (default)
2019-11-13 20:17:25,505 [pool-189-thread-1] INFO  server.RaftServerConfigKeys (ConfUtils.java:logGet(43)) - raft.server.log.statemachine.data.sync.timeout.retry = -1 (default)
2019-11-13 20:17:25,505 [pool-189-thread-1] INFO  server.RaftServerConfigKeys (ConfUtils.java:logGet(43)) - raft.server.log.statemachine.data.caching.enabled = true (custom)
2019-11-13 20:17:25,505 [pool-189-thread-1] INFO  segmented.SegmentedRaftLogWorker (SegmentedRaftLogWorker.java:lambda$new$0(128)) - 75645b24-e149-445b-bbe5-336f1e849603@group-01240D7FD062-SegmentedRaftLogWorker: flushIndex: setUnconditionally 0 -> -1
2019-11-13 20:17:25,506 [pool-189-thread-1] INFO  server.RaftServerConfigKeys (ConfUtils.java:logGet(43)) - raft.server.snapshot.auto.trigger.enabled = true (custom)
2019-11-13 20:17:25,506 [pool-189-thread-1] INFO  server.RaftServerConfigKeys (ConfUtils.java:logGet(43)) - raft.server.snapshot.auto.trigger.threshold = 10000 (custom)
2019-11-13 20:17:25,506 [pool-189-thread-1] INFO  server.RaftServerConfigKeys (ConfUtils.java:logGet(43)) - raft.server.snapshot.retention.file.num = 5 (custom)
2019-11-13 20:17:25,506 [pool-189-thread-1] INFO  server.RaftServerConfigKeys (ConfUtils.java:logGet(43)) - raft.server.retrycache.expirytime = 600000ms (custom)
2019-11-13 20:17:25,506 [pool-189-thread-1] WARN  impl.MetricRegistriesImpl (MetricRegistriesImpl.java:lambda$create$1(61)) - First MetricRegistry has been created without registering reporters. You may need to call MetricRegistries.global().addReportRegistration(...) before.
2019-11-13 20:17:25,506 [pool-189-thread-1] WARN  impl.MetricRegistriesImpl (MetricRegistriesImpl.java:lambda$create$1(61)) - First MetricRegistry has been created without registering reporters. You may need to call MetricRegistries.global().addReportRegistration(...) before.
2019-11-13 20:17:25,506 [pool-189-thread-1] INFO  impl.RaftServerImpl (RaftServerImpl.java:start(184)) - 75645b24-e149-445b-bbe5-336f1e849603@group-01240D7FD062: start as a follower, conf=-1: [75645b24-e149-445b-bbe5-336f1e849603:192.168.164.208:39182], old=null
2019-11-13 20:17:25,507 [pool-189-thread-1] INFO  impl.RaftServerImpl (RaftServerImpl.java:setRole(173)) - 75645b24-e149-445b-bbe5-336f1e849603@group-01240D7FD062: changes role from      null to FOLLOWER at term 0 for startAsFollower
2019-11-13 20:17:25,507 [pool-189-thread-1] INFO  impl.RoleInfo (RoleInfo.java:updateAndGet(143)) - 75645b24-e149-445b-bbe5-336f1e849603: start FollowerState
2019-11-13 20:17:25,507 [pool-189-thread-1] INFO  util.JmxRegister (JmxRegister.java:tryRegister(44)) - Successfully registered JMX Bean with object name Ratis:service=RaftServer,group=group-01240D7FD062,id=75645b24-e149-445b-bbe5-336f1e849603
2019-11-13 20:17:25,507 [pool-189-thread-1] WARN  impl.MetricRegistriesImpl (MetricRegistriesImpl.java:lambda$create$1(61)) - First MetricRegistry has been created without registering reporters. You may need to call MetricRegistries.global().addReportRegistration(...) before.
2019-11-13 20:17:25,510 [RatisPipelineUtilsThread] INFO  pipeline.PipelineStateManager (PipelineStateManager.java:addPipeline(55)) - Created pipeline Pipeline[ Id: 490bff93-09ce-4665-9f8a-01240d7fd062, Nodes: 75645b24-e149-445b-bbe5-336f1e849603{ip: 192.168.164.208, host: pr-hdds-2375-t422d-1049308724, networkLocation: /rack1, certSerialId: null}, Type:RATIS, Factor:ONE, State:ALLOCATED]
2019-11-13 20:17:25,518 [grpc-default-executor-1] INFO  impl.RaftServerProxy (RaftServerProxy.java:addNew(89)) - 2aeadab0-ec41-4180-985e-a800f9da6a6d: addNew group-5520FEB19B3D:[2aeadab0-ec41-4180-985e-a800f9da6a6d:192.168.164.208:42973] returns group-5520FEB19B3D:java.util.concurrent.CompletableFuture@6d1d8346[Not completed]
2019-11-13 20:17:25,520 [pool-199-thread-1] INFO  impl.RaftServerImpl (RaftServerImpl.java:<init>(98)) - 2aeadab0-ec41-4180-985e-a800f9da6a6d: new RaftServerImpl for group-5520FEB19B3D:[2aeadab0-ec41-4180-985e-a800f9da6a6d:192.168.164.208:42973] with ContainerStateMachine:uninitialized
2019-11-13 20:17:25,520 [pool-199-thread-1] INFO  server.RaftServerConfigKeys (ConfUtils.java:logGet(43)) - raft.server.rpc.timeout.min = 1s (custom)
2019-11-13 20:17:25,520 [pool-199-thread-1] INFO  server.RaftServerConfigKeys (ConfUtils.java:logGet(43)) - raft.server.rpc.timeout.max = 1200ms (custom)
2019-11-13 20:17:25,520 [pool-199-thread-1] INFO  server.RaftServerConfigKeys (ConfUtils.java:logGet(43)) - raft.server.rpcslowness.timeout = 120s (custom)
2019-11-13 20:17:25,520 [pool-199-thread-1] INFO  server.RaftServerConfigKeys (ConfUtils.java:logGet(43)) - raft.server.sleep.deviation.threshold = 300 (default)
2019-11-13 20:17:25,520 [pool-199-thread-1] INFO  server.RaftServerConfigKeys (ConfUtils.java:logGet(43)) - raft.server.log.appender.install.snapshot.enabled = false (custom)
2019-11-13 20:17:25,520 [pool-199-thread-1] INFO  impl.RaftServerImpl (ServerState.java:<init>(103)) - 2aeadab0-ec41-4180-985e-a800f9da6a6d@group-5520FEB19B3D: ConfigurationManager, init=-1: [2aeadab0-ec41-4180-985e-a800f9da6a6d:192.168.164.208:42973], old=null, confs=<EMPTY_MAP>
2019-11-13 20:17:25,521 [pool-199-thread-1] INFO  server.RaftServerConfigKeys (ConfUtils.java:logGet(43)) - raft.server.storage.dir = [/workdir/hadoop-ozone/integration-test/target/test-dir/MiniOzoneClusterImpl-e03c2511-109e-4d60-a68c-0151beb67872/datanode-5/data/ratis] (custom)
2019-11-13 20:17:25,521 [pool-199-thread-1] INFO  server.RaftServerConfigKeys (ConfUtils.java:logGet(43)) - raft.server.log.corruption.policy = EXCEPTION (default)
2019-11-13 20:17:25,521 [pool-199-thread-1] INFO  storage.RaftStorageDirectory (RaftStorageDirectory.java:analyzeStorage(246)) - The storage directory /workdir/hadoop-ozone/integration-test/target/test-dir/MiniOzoneClusterImpl-e03c2511-109e-4d60-a68c-0151beb67872/datanode-5/data/ratis/685f21fb-feb4-4b6a-a307-5520feb19b3d does not exist. Creating ...
2019-11-13 20:17:25,533 [pool-199-thread-1] INFO  storage.RaftStorageDirectory (RaftStorageDirectory.java:tryLock(328)) - Lock on /workdir/hadoop-ozone/integration-test/target/test-dir/MiniOzoneClusterImpl-e03c2511-109e-4d60-a68c-0151beb67872/datanode-5/data/ratis/685f21fb-feb4-4b6a-a307-5520feb19b3d/in_use.lock acquired by nodename 4344@pr-hdds-2375-t422d-1049308724
2019-11-13 20:17:25,543 [IPC Server handler 0 on 32918] INFO  net.NetworkTopology (NetworkTopologyImpl.java:add(111)) - Added a new node: /rack1/c49df7ba-d7d7-4ac8-a142-ddaef65aa83a
2019-11-13 20:17:25,543 [IPC Server handler 0 on 32918] INFO  node.SCMNodeManager (SCMNodeManager.java:register(267)) - Registered Data node : c49df7ba-d7d7-4ac8-a142-ddaef65aa83a{ip: 192.168.164.208, host: pr-hdds-2375-t422d-1049308724, networkLocation: /rack1, certSerialId: null}
2019-11-13 20:17:25,546 [pool-199-thread-1] INFO  storage.RaftStorage (RaftStorage.java:format(84)) - Storage directory /workdir/hadoop-ozone/integration-test/target/test-dir/MiniOzoneClusterImpl-e03c2511-109e-4d60-a68c-0151beb67872/datanode-5/data/ratis/685f21fb-feb4-4b6a-a307-5520feb19b3d has been successfully formatted.
2019-11-13 20:17:25,546 [pool-199-thread-1] INFO  ratis.ContainerStateMachine (ContainerStateMachine.java:loadSnapshot(223)) - group-5520FEB19B3D: The snapshot info is null. Setting the last applied indexto:(t:0, i:~)
2019-11-13 20:17:25,546 [pool-199-thread-1] INFO  server.RaftServerConfigKeys (ConfUtils.java:logGet(43)) - raft.server.notification.no-leader.timeout = 120s (custom)
2019-11-13 20:17:25,547 [pool-199-thread-1] INFO  server.RaftServerConfigKeys (ConfUtils.java:logGet(43)) - raft.server.log.use.memory = false (default)
2019-11-13 20:17:25,547 [pool-199-thread-1] INFO  server.RaftServerConfigKeys (ConfUtils.java:logGet(43)) - raft.server.log.purge.gap = 1000000 (custom)
2019-11-13 20:17:25,547 [pool-199-thread-1] INFO  server.RaftServerConfigKeys (ConfUtils.java:logGet(43)) - raft.server.log.appender.buffer.byte-limit = 33554432 (custom)
2019-11-13 20:17:25,547 [pool-199-thread-1] INFO  server.RaftServerConfigKeys (ConfUtils.java:logGet(43)) - raft.server.log.segment.size.max = 1048576 (custom)
2019-11-13 20:17:25,547 [pool-199-thread-1] WARN  impl.MetricRegistriesImpl (MetricRegistriesImpl.java:lambda$create$1(61)) - First MetricRegistry has been created without registering reporters. You may need to call MetricRegistries.global().addReportRegistration(...) before.
2019-11-13 20:17:25,547 [pool-199-thread-1] INFO  server.RaftServerConfigKeys (ConfUtils.java:logGet(43)) - raft.server.log.segment.cache.num.max = 2 (custom)
2019-11-13 20:17:25,547 [pool-199-thread-1] INFO  segmented.SegmentedRaftLogWorker (SegmentedRaftLogWorker.java:<init>(173)) - new 2aeadab0-ec41-4180-985e-a800f9da6a6d@group-5520FEB19B3D-SegmentedRaftLogWorker for RaftStorage:Storage Directory /workdir/hadoop-ozone/integration-test/target/test-dir/MiniOzoneClusterImpl-e03c2511-109e-4d60-a68c-0151beb67872/datanode-5/data/ratis/685f21fb-feb4-4b6a-a307-5520feb19b3d
2019-11-13 20:17:25,547 [pool-199-thread-1] INFO  server.RaftServerConfigKeys (ConfUtils.java:logGet(43)) - raft.server.log.queue.byte-limit = 2147483647 (custom)
2019-11-13 20:17:25,547 [pool-199-thread-1] INFO  server.RaftServerConfigKeys (ConfUtils.java:logGet(43)) - raft.server.log.queue.element-limit = 1024 (custom)
2019-11-13 20:17:25,548 [pool-199-thread-1] INFO  server.RaftServerConfigKeys (ConfUtils.java:logGet(43)) - raft.server.log.segment.size.max = 1048576 (custom)
2019-11-13 20:17:25,548 [pool-199-thread-1] INFO  server.RaftServerConfigKeys (ConfUtils.java:logGet(43)) - raft.server.log.preallocated.size = 16384 (custom)
2019-11-13 20:17:25,548 [pool-199-thread-1] INFO  server.RaftServerConfigKeys (ConfUtils.java:logGet(43)) - raft.server.log.write.buffer.size = 33554432 (custom)
2019-11-13 20:17:25,548 [pool-199-thread-1] INFO  server.RaftServerConfigKeys (ConfUtils.java:logGet(43)) - raft.server.log.force.sync.num = 128 (default)
2019-11-13 20:17:25,548 [pool-199-thread-1] INFO  server.RaftServerConfigKeys (ConfUtils.java:logGet(43)) - raft.server.log.statemachine.data.sync = true (default)
2019-11-13 20:17:25,548 [pool-199-thread-1] INFO  server.RaftServerConfigKeys (ConfUtils.java:logGet(43)) - raft.server.log.statemachine.data.sync.timeout = 10s (default)
2019-11-13 20:17:25,548 [pool-199-thread-1] INFO  server.RaftServerConfigKeys (ConfUtils.java:logGet(43)) - raft.server.log.statemachine.data.sync.timeout.retry = -1 (default)
2019-11-13 20:17:25,548 [pool-199-thread-1] INFO  server.RaftServerConfigKeys (ConfUtils.java:logGet(43)) - raft.server.log.statemachine.data.caching.enabled = true (custom)
2019-11-13 20:17:25,549 [pool-199-thread-1] INFO  segmented.SegmentedRaftLogWorker (SegmentedRaftLogWorker.java:lambda$new$0(128)) - 2aeadab0-ec41-4180-985e-a800f9da6a6d@group-5520FEB19B3D-SegmentedRaftLogWorker: flushIndex: setUnconditionally 0 -> -1
2019-11-13 20:17:25,549 [pool-199-thread-1] INFO  server.RaftServerConfigKeys (ConfUtils.java:logGet(43)) - raft.server.snapshot.auto.trigger.enabled = true (custom)
2019-11-13 20:17:25,549 [pool-199-thread-1] INFO  server.RaftServerConfigKeys (ConfUtils.java:logGet(43)) - raft.server.snapshot.auto.trigger.threshold = 10000 (custom)
2019-11-13 20:17:25,549 [pool-199-thread-1] INFO  server.RaftServerConfigKeys (ConfUtils.java:logGet(43)) - raft.server.snapshot.retention.file.num = 5 (custom)
2019-11-13 20:17:25,549 [pool-199-thread-1] INFO  server.RaftServerConfigKeys (ConfUtils.java:logGet(43)) - raft.server.retrycache.expirytime = 600000ms (custom)
2019-11-13 20:17:25,549 [pool-199-thread-1] WARN  impl.MetricRegistriesImpl (MetricRegistriesImpl.java:lambda$create$1(61)) - First MetricRegistry has been created without registering reporters. You may need to call MetricRegistries.global().addReportRegistration(...) before.
2019-11-13 20:17:25,550 [pool-199-thread-1] WARN  impl.MetricRegistriesImpl (MetricRegistriesImpl.java:lambda$create$1(61)) - First MetricRegistry has been created without registering reporters. You may need to call MetricRegistries.global().addReportRegistration(...) before.
2019-11-13 20:17:25,550 [pool-199-thread-1] INFO  impl.RaftServerImpl (RaftServerImpl.java:start(184)) - 2aeadab0-ec41-4180-985e-a800f9da6a6d@group-5520FEB19B3D: start as a follower, conf=-1: [2aeadab0-ec41-4180-985e-a800f9da6a6d:192.168.164.208:42973], old=null
2019-11-13 20:17:25,550 [pool-199-thread-1] INFO  impl.RaftServerImpl (RaftServerImpl.java:setRole(173)) - 2aeadab0-ec41-4180-985e-a800f9da6a6d@group-5520FEB19B3D: changes role from      null to FOLLOWER at term 0 for startAsFollower
2019-11-13 20:17:25,550 [pool-199-thread-1] INFO  impl.RoleInfo (RoleInfo.java:updateAndGet(143)) - 2aeadab0-ec41-4180-985e-a800f9da6a6d: start FollowerState
2019-11-13 20:17:25,550 [pool-199-thread-1] INFO  util.JmxRegister (JmxRegister.java:tryRegister(44)) - Successfully registered JMX Bean with object name Ratis:service=RaftServer,group=group-5520FEB19B3D,id=2aeadab0-ec41-4180-985e-a800f9da6a6d
2019-11-13 20:17:25,551 [pool-199-thread-1] WARN  impl.MetricRegistriesImpl (MetricRegistriesImpl.java:lambda$create$1(61)) - First MetricRegistry has been created without registering reporters. You may need to call MetricRegistries.global().addReportRegistration(...) before.
2019-11-13 20:17:25,554 [RatisPipelineUtilsThread] INFO  pipeline.PipelineStateManager (PipelineStateManager.java:addPipeline(55)) - Created pipeline Pipeline[ Id: 685f21fb-feb4-4b6a-a307-5520feb19b3d, Nodes: 2aeadab0-ec41-4180-985e-a800f9da6a6d{ip: 192.168.164.208, host: pr-hdds-2375-t422d-1049308724, networkLocation: /rack1, certSerialId: null}, Type:RATIS, Factor:ONE, State:ALLOCATED]
2019-11-13 20:17:25,566 [grpc-default-executor-1] INFO  impl.RaftServerProxy (RaftServerProxy.java:addNew(89)) - c49df7ba-d7d7-4ac8-a142-ddaef65aa83a: addNew group-124A164A7A20:[c49df7ba-d7d7-4ac8-a142-ddaef65aa83a:192.168.164.208:36049] returns group-124A164A7A20:java.util.concurrent.CompletableFuture@3c77107[Not completed]
2019-11-13 20:17:25,568 [pool-209-thread-1] INFO  impl.RaftServerImpl (RaftServerImpl.java:<init>(98)) - c49df7ba-d7d7-4ac8-a142-ddaef65aa83a: new RaftServerImpl for group-124A164A7A20:[c49df7ba-d7d7-4ac8-a142-ddaef65aa83a:192.168.164.208:36049] with ContainerStateMachine:uninitialized
2019-11-13 20:17:25,569 [pool-209-thread-1] INFO  server.RaftServerConfigKeys (ConfUtils.java:logGet(43)) - raft.server.rpc.timeout.min = 1s (custom)
2019-11-13 20:17:25,569 [pool-209-thread-1] INFO  server.RaftServerConfigKeys (ConfUtils.java:logGet(43)) - raft.server.rpc.timeout.max = 1200ms (custom)
2019-11-13 20:17:25,569 [pool-209-thread-1] INFO  server.RaftServerConfigKeys (ConfUtils.java:logGet(43)) - raft.server.rpcslowness.timeout = 120s (custom)
2019-11-13 20:17:25,569 [pool-209-thread-1] INFO  server.RaftServerConfigKeys (ConfUtils.java:logGet(43)) - raft.server.sleep.deviation.threshold = 300 (default)
2019-11-13 20:17:25,569 [pool-209-thread-1] INFO  server.RaftServerConfigKeys (ConfUtils.java:logGet(43)) - raft.server.log.appender.install.snapshot.enabled = false (custom)
2019-11-13 20:17:25,569 [pool-209-thread-1] INFO  impl.RaftServerImpl (ServerState.java:<init>(103)) - c49df7ba-d7d7-4ac8-a142-ddaef65aa83a@group-124A164A7A20: ConfigurationManager, init=-1: [c49df7ba-d7d7-4ac8-a142-ddaef65aa83a:192.168.164.208:36049], old=null, confs=<EMPTY_MAP>
2019-11-13 20:17:25,570 [pool-209-thread-1] INFO  server.RaftServerConfigKeys (ConfUtils.java:logGet(43)) - raft.server.storage.dir = [/workdir/hadoop-ozone/integration-test/target/test-dir/MiniOzoneClusterImpl-e03c2511-109e-4d60-a68c-0151beb67872/datanode-6/data/ratis] (custom)
2019-11-13 20:17:25,570 [pool-209-thread-1] INFO  server.RaftServerConfigKeys (ConfUtils.java:logGet(43)) - raft.server.log.corruption.policy = EXCEPTION (default)
2019-11-13 20:17:25,570 [pool-209-thread-1] INFO  storage.RaftStorageDirectory (RaftStorageDirectory.java:analyzeStorage(246)) - The storage directory /workdir/hadoop-ozone/integration-test/target/test-dir/MiniOzoneClusterImpl-e03c2511-109e-4d60-a68c-0151beb67872/datanode-6/data/ratis/4e200406-3bca-4558-8f0e-124a164a7a20 does not exist. Creating ...
2019-11-13 20:17:25,583 [pool-209-thread-1] INFO  storage.RaftStorageDirectory (RaftStorageDirectory.java:tryLock(328)) - Lock on /workdir/hadoop-ozone/integration-test/target/test-dir/MiniOzoneClusterImpl-e03c2511-109e-4d60-a68c-0151beb67872/datanode-6/data/ratis/4e200406-3bca-4558-8f0e-124a164a7a20/in_use.lock acquired by nodename 4344@pr-hdds-2375-t422d-1049308724
2019-11-13 20:17:25,597 [pool-209-thread-1] INFO  storage.RaftStorage (RaftStorage.java:format(84)) - Storage directory /workdir/hadoop-ozone/integration-test/target/test-dir/MiniOzoneClusterImpl-e03c2511-109e-4d60-a68c-0151beb67872/datanode-6/data/ratis/4e200406-3bca-4558-8f0e-124a164a7a20 has been successfully formatted.
2019-11-13 20:17:25,597 [pool-209-thread-1] INFO  ratis.ContainerStateMachine (ContainerStateMachine.java:loadSnapshot(223)) - group-124A164A7A20: The snapshot info is null. Setting the last applied indexto:(t:0, i:~)
2019-11-13 20:17:25,597 [pool-209-thread-1] INFO  server.RaftServerConfigKeys (ConfUtils.java:logGet(43)) - raft.server.notification.no-leader.timeout = 120s (custom)
2019-11-13 20:17:25,597 [pool-209-thread-1] INFO  server.RaftServerConfigKeys (ConfUtils.java:logGet(43)) - raft.server.log.use.memory = false (default)
2019-11-13 20:17:25,597 [pool-209-thread-1] INFO  server.RaftServerConfigKeys (ConfUtils.java:logGet(43)) - raft.server.log.purge.gap = 1000000 (custom)
2019-11-13 20:17:25,597 [pool-209-thread-1] INFO  server.RaftServerConfigKeys (ConfUtils.java:logGet(43)) - raft.server.log.appender.buffer.byte-limit = 33554432 (custom)
2019-11-13 20:17:25,598 [pool-209-thread-1] INFO  server.RaftServerConfigKeys (ConfUtils.java:logGet(43)) - raft.server.log.segment.size.max = 1048576 (custom)
2019-11-13 20:17:25,598 [pool-209-thread-1] WARN  impl.MetricRegistriesImpl (MetricRegistriesImpl.java:lambda$create$1(61)) - First MetricRegistry has been created without registering reporters. You may need to call MetricRegistries.global().addReportRegistration(...) before.
2019-11-13 20:17:25,598 [pool-209-thread-1] INFO  server.RaftServerConfigKeys (ConfUtils.java:logGet(43)) - raft.server.log.segment.cache.num.max = 2 (custom)
2019-11-13 20:17:25,598 [pool-209-thread-1] INFO  segmented.SegmentedRaftLogWorker (SegmentedRaftLogWorker.java:<init>(173)) - new c49df7ba-d7d7-4ac8-a142-ddaef65aa83a@group-124A164A7A20-SegmentedRaftLogWorker for RaftStorage:Storage Directory /workdir/hadoop-ozone/integration-test/target/test-dir/MiniOzoneClusterImpl-e03c2511-109e-4d60-a68c-0151beb67872/datanode-6/data/ratis/4e200406-3bca-4558-8f0e-124a164a7a20
2019-11-13 20:17:25,598 [pool-209-thread-1] INFO  server.RaftServerConfigKeys (ConfUtils.java:logGet(43)) - raft.server.log.queue.byte-limit = 2147483647 (custom)
2019-11-13 20:17:25,598 [pool-209-thread-1] INFO  server.RaftServerConfigKeys (ConfUtils.java:logGet(43)) - raft.server.log.queue.element-limit = 1024 (custom)
2019-11-13 20:17:25,598 [pool-209-thread-1] INFO  server.RaftServerConfigKeys (ConfUtils.java:logGet(43)) - raft.server.log.segment.size.max = 1048576 (custom)
2019-11-13 20:17:25,598 [pool-209-thread-1] INFO  server.RaftServerConfigKeys (ConfUtils.java:logGet(43)) - raft.server.log.preallocated.size = 16384 (custom)
2019-11-13 20:17:25,598 [pool-209-thread-1] INFO  server.RaftServerConfigKeys (ConfUtils.java:logGet(43)) - raft.server.log.write.buffer.size = 33554432 (custom)
2019-11-13 20:17:25,598 [pool-209-thread-1] INFO  server.RaftServerConfigKeys (ConfUtils.java:logGet(43)) - raft.server.log.force.sync.num = 128 (default)
2019-11-13 20:17:25,598 [pool-209-thread-1] INFO  server.RaftServerConfigKeys (ConfUtils.java:logGet(43)) - raft.server.log.statemachine.data.sync = true (default)
2019-11-13 20:17:25,599 [pool-209-thread-1] INFO  server.RaftServerConfigKeys (ConfUtils.java:logGet(43)) - raft.server.log.statemachine.data.sync.timeout = 10s (default)
2019-11-13 20:17:25,599 [pool-209-thread-1] INFO  server.RaftServerConfigKeys (ConfUtils.java:logGet(43)) - raft.server.log.statemachine.data.sync.timeout.retry = -1 (default)
2019-11-13 20:17:25,599 [pool-209-thread-1] INFO  server.RaftServerConfigKeys (ConfUtils.java:logGet(43)) - raft.server.log.statemachine.data.caching.enabled = true (custom)
2019-11-13 20:17:25,599 [pool-209-thread-1] INFO  segmented.SegmentedRaftLogWorker (SegmentedRaftLogWorker.java:lambda$new$0(128)) - c49df7ba-d7d7-4ac8-a142-ddaef65aa83a@group-124A164A7A20-SegmentedRaftLogWorker: flushIndex: setUnconditionally 0 -> -1
2019-11-13 20:17:25,599 [pool-209-thread-1] INFO  server.RaftServerConfigKeys (ConfUtils.java:logGet(43)) - raft.server.snapshot.auto.trigger.enabled = true (custom)
2019-11-13 20:17:25,600 [pool-209-thread-1] INFO  server.RaftServerConfigKeys (ConfUtils.java:logGet(43)) - raft.server.snapshot.auto.trigger.threshold = 10000 (custom)
2019-11-13 20:17:25,600 [pool-209-thread-1] INFO  server.RaftServerConfigKeys (ConfUtils.java:logGet(43)) - raft.server.snapshot.retention.file.num = 5 (custom)
2019-11-13 20:17:25,600 [pool-209-thread-1] INFO  server.RaftServerConfigKeys (ConfUtils.java:logGet(43)) - raft.server.retrycache.expirytime = 600000ms (custom)
2019-11-13 20:17:25,600 [pool-209-thread-1] WARN  impl.MetricRegistriesImpl (MetricRegistriesImpl.java:lambda$create$1(61)) - First MetricRegistry has been created without registering reporters. You may need to call MetricRegistries.global().addReportRegistration(...) before.
2019-11-13 20:17:25,600 [pool-209-thread-1] WARN  impl.MetricRegistriesImpl (MetricRegistriesImpl.java:lambda$create$1(61)) - First MetricRegistry has been created without registering reporters. You may need to call MetricRegistries.global().addReportRegistration(...) before.
2019-11-13 20:17:25,600 [pool-209-thread-1] INFO  impl.RaftServerImpl (RaftServerImpl.java:start(184)) - c49df7ba-d7d7-4ac8-a142-ddaef65aa83a@group-124A164A7A20: start as a follower, conf=-1: [c49df7ba-d7d7-4ac8-a142-ddaef65aa83a:192.168.164.208:36049], old=null
2019-11-13 20:17:25,600 [pool-209-thread-1] INFO  impl.RaftServerImpl (RaftServerImpl.java:setRole(173)) - c49df7ba-d7d7-4ac8-a142-ddaef65aa83a@group-124A164A7A20: changes role from      null to FOLLOWER at term 0 for startAsFollower
2019-11-13 20:17:25,600 [pool-209-thread-1] INFO  impl.RoleInfo (RoleInfo.java:updateAndGet(143)) - c49df7ba-d7d7-4ac8-a142-ddaef65aa83a: start FollowerState
2019-11-13 20:17:25,601 [pool-209-thread-1] INFO  util.JmxRegister (JmxRegister.java:tryRegister(44)) - Successfully registered JMX Bean with object name Ratis:service=RaftServer,group=group-124A164A7A20,id=c49df7ba-d7d7-4ac8-a142-ddaef65aa83a
2019-11-13 20:17:25,601 [pool-209-thread-1] WARN  impl.MetricRegistriesImpl (MetricRegistriesImpl.java:lambda$create$1(61)) - First MetricRegistry has been created without registering reporters. You may need to call MetricRegistries.global().addReportRegistration(...) before.
2019-11-13 20:17:25,604 [RatisPipelineUtilsThread] INFO  pipeline.PipelineStateManager (PipelineStateManager.java:addPipeline(55)) - Created pipeline Pipeline[ Id: 4e200406-3bca-4558-8f0e-124a164a7a20, Nodes: c49df7ba-d7d7-4ac8-a142-ddaef65aa83a{ip: 192.168.164.208, host: pr-hdds-2375-t422d-1049308724, networkLocation: /rack1, certSerialId: null}, Type:RATIS, Factor:ONE, State:ALLOCATED]
2019-11-13 20:17:25,612 [grpc-default-executor-2] INFO  impl.RaftServerProxy (RaftServerProxy.java:addNew(89)) - c49df7ba-d7d7-4ac8-a142-ddaef65aa83a: addNew group-ADC71FC4A816:[2aeadab0-ec41-4180-985e-a800f9da6a6d:192.168.164.208:42973, 023d4525-aae9-49d4-923e-7124a55e5ae2:192.168.164.208:41869, c49df7ba-d7d7-4ac8-a142-ddaef65aa83a:192.168.164.208:36049] returns group-ADC71FC4A816:java.util.concurrent.CompletableFuture@2af4a3da[Not completed]
2019-11-13 20:17:25,613 [grpc-default-executor-1] INFO  impl.RaftServerProxy (RaftServerProxy.java:addNew(89)) - 2aeadab0-ec41-4180-985e-a800f9da6a6d: addNew group-ADC71FC4A816:[2aeadab0-ec41-4180-985e-a800f9da6a6d:192.168.164.208:42973, 023d4525-aae9-49d4-923e-7124a55e5ae2:192.168.164.208:41869, c49df7ba-d7d7-4ac8-a142-ddaef65aa83a:192.168.164.208:36049] returns group-ADC71FC4A816:java.util.concurrent.CompletableFuture@2252ae13[Not completed]
2019-11-13 20:17:25,613 [grpc-default-executor-2] INFO  impl.RaftServerProxy (RaftServerProxy.java:addNew(89)) - 023d4525-aae9-49d4-923e-7124a55e5ae2: addNew group-ADC71FC4A816:[2aeadab0-ec41-4180-985e-a800f9da6a6d:192.168.164.208:42973, 023d4525-aae9-49d4-923e-7124a55e5ae2:192.168.164.208:41869, c49df7ba-d7d7-4ac8-a142-ddaef65aa83a:192.168.164.208:36049] returns group-ADC71FC4A816:java.util.concurrent.CompletableFuture@3b017790[Not completed]
2019-11-13 20:17:25,613 [pool-209-thread-1] INFO  impl.RaftServerImpl (RaftServerImpl.java:<init>(98)) - c49df7ba-d7d7-4ac8-a142-ddaef65aa83a: new RaftServerImpl for group-ADC71FC4A816:[2aeadab0-ec41-4180-985e-a800f9da6a6d:192.168.164.208:42973, 023d4525-aae9-49d4-923e-7124a55e5ae2:192.168.164.208:41869, c49df7ba-d7d7-4ac8-a142-ddaef65aa83a:192.168.164.208:36049] with ContainerStateMachine:uninitialized
2019-11-13 20:17:25,613 [pool-209-thread-1] INFO  server.RaftServerConfigKeys (ConfUtils.java:logGet(43)) - raft.server.rpc.timeout.min = 1s (custom)
2019-11-13 20:17:25,613 [pool-209-thread-1] INFO  server.RaftServerConfigKeys (ConfUtils.java:logGet(43)) - raft.server.rpc.timeout.max = 1200ms (custom)
2019-11-13 20:17:25,614 [pool-209-thread-1] INFO  server.RaftServerConfigKeys (ConfUtils.java:logGet(43)) - raft.server.rpcslowness.timeout = 120s (custom)
2019-11-13 20:17:25,614 [pool-209-thread-1] INFO  server.RaftServerConfigKeys (ConfUtils.java:logGet(43)) - raft.server.sleep.deviation.threshold = 300 (default)
2019-11-13 20:17:25,614 [pool-209-thread-1] INFO  server.RaftServerConfigKeys (ConfUtils.java:logGet(43)) - raft.server.log.appender.install.snapshot.enabled = false (custom)
2019-11-13 20:17:25,614 [pool-179-thread-1] INFO  impl.RaftServerImpl (RaftServerImpl.java:<init>(98)) - 023d4525-aae9-49d4-923e-7124a55e5ae2: new RaftServerImpl for group-ADC71FC4A816:[2aeadab0-ec41-4180-985e-a800f9da6a6d:192.168.164.208:42973, 023d4525-aae9-49d4-923e-7124a55e5ae2:192.168.164.208:41869, c49df7ba-d7d7-4ac8-a142-ddaef65aa83a:192.168.164.208:36049] with ContainerStateMachine:uninitialized
2019-11-13 20:17:25,614 [pool-209-thread-1] INFO  impl.RaftServerImpl (ServerState.java:<init>(103)) - c49df7ba-d7d7-4ac8-a142-ddaef65aa83a@group-ADC71FC4A816: ConfigurationManager, init=-1: [2aeadab0-ec41-4180-985e-a800f9da6a6d:192.168.164.208:42973, 023d4525-aae9-49d4-923e-7124a55e5ae2:192.168.164.208:41869, c49df7ba-d7d7-4ac8-a142-ddaef65aa83a:192.168.164.208:36049], old=null, confs=<EMPTY_MAP>
2019-11-13 20:17:25,614 [pool-179-thread-1] INFO  server.RaftServerConfigKeys (ConfUtils.java:logGet(43)) - raft.server.rpc.timeout.min = 1s (custom)
2019-11-13 20:17:25,614 [pool-209-thread-1] INFO  server.RaftServerConfigKeys (ConfUtils.java:logGet(43)) - raft.server.storage.dir = [/workdir/hadoop-ozone/integration-test/target/test-dir/MiniOzoneClusterImpl-e03c2511-109e-4d60-a68c-0151beb67872/datanode-6/data/ratis] (custom)
2019-11-13 20:17:25,614 [pool-179-thread-1] INFO  server.RaftServerConfigKeys (ConfUtils.java:logGet(43)) - raft.server.rpc.timeout.max = 1200ms (custom)
2019-11-13 20:17:25,614 [pool-179-thread-1] INFO  server.RaftServerConfigKeys (ConfUtils.java:logGet(43)) - raft.server.rpcslowness.timeout = 120s (custom)
2019-11-13 20:17:25,614 [pool-209-thread-1] INFO  server.RaftServerConfigKeys (ConfUtils.java:logGet(43)) - raft.server.log.corruption.policy = EXCEPTION (default)
2019-11-13 20:17:25,614 [pool-199-thread-1] INFO  impl.RaftServerImpl (RaftServerImpl.java:<init>(98)) - 2aeadab0-ec41-4180-985e-a800f9da6a6d: new RaftServerImpl for group-ADC71FC4A816:[2aeadab0-ec41-4180-985e-a800f9da6a6d:192.168.164.208:42973, 023d4525-aae9-49d4-923e-7124a55e5ae2:192.168.164.208:41869, c49df7ba-d7d7-4ac8-a142-ddaef65aa83a:192.168.164.208:36049] with ContainerStateMachine:uninitialized
2019-11-13 20:17:25,615 [pool-209-thread-1] INFO  storage.RaftStorageDirectory (RaftStorageDirectory.java:analyzeStorage(246)) - The storage directory /workdir/hadoop-ozone/integration-test/target/test-dir/MiniOzoneClusterImpl-e03c2511-109e-4d60-a68c-0151beb67872/datanode-6/data/ratis/b37a7d77-fc8a-4454-bed4-adc71fc4a816 does not exist. Creating ...
2019-11-13 20:17:25,614 [pool-179-thread-1] INFO  server.RaftServerConfigKeys (ConfUtils.java:logGet(43)) - raft.server.sleep.deviation.threshold = 300 (default)
2019-11-13 20:17:25,615 [pool-199-thread-1] INFO  server.RaftServerConfigKeys (ConfUtils.java:logGet(43)) - raft.server.rpc.timeout.min = 1s (custom)
2019-11-13 20:17:25,615 [pool-179-thread-1] INFO  server.RaftServerConfigKeys (ConfUtils.java:logGet(43)) - raft.server.log.appender.install.snapshot.enabled = false (custom)
2019-11-13 20:17:25,615 [pool-199-thread-1] INFO  server.RaftServerConfigKeys (ConfUtils.java:logGet(43)) - raft.server.rpc.timeout.max = 1200ms (custom)
2019-11-13 20:17:25,615 [pool-179-thread-1] INFO  impl.RaftServerImpl (ServerState.java:<init>(103)) - 023d4525-aae9-49d4-923e-7124a55e5ae2@group-ADC71FC4A816: ConfigurationManager, init=-1: [2aeadab0-ec41-4180-985e-a800f9da6a6d:192.168.164.208:42973, 023d4525-aae9-49d4-923e-7124a55e5ae2:192.168.164.208:41869, c49df7ba-d7d7-4ac8-a142-ddaef65aa83a:192.168.164.208:36049], old=null, confs=<EMPTY_MAP>
2019-11-13 20:17:25,615 [pool-199-thread-1] INFO  server.RaftServerConfigKeys (ConfUtils.java:logGet(43)) - raft.server.rpcslowness.timeout = 120s (custom)
2019-11-13 20:17:25,615 [pool-179-thread-1] INFO  server.RaftServerConfigKeys (ConfUtils.java:logGet(43)) - raft.server.storage.dir = [/workdir/hadoop-ozone/integration-test/target/test-dir/MiniOzoneClusterImpl-e03c2511-109e-4d60-a68c-0151beb67872/datanode-3/data/ratis] (custom)
2019-11-13 20:17:25,615 [pool-199-thread-1] INFO  server.RaftServerConfigKeys (ConfUtils.java:logGet(43)) - raft.server.sleep.deviation.threshold = 300 (default)
2019-11-13 20:17:25,615 [pool-199-thread-1] INFO  server.RaftServerConfigKeys (ConfUtils.java:logGet(43)) - raft.server.log.appender.install.snapshot.enabled = false (custom)
2019-11-13 20:17:25,615 [pool-179-thread-1] INFO  server.RaftServerConfigKeys (ConfUtils.java:logGet(43)) - raft.server.log.corruption.policy = EXCEPTION (default)
2019-11-13 20:17:25,616 [pool-199-thread-1] INFO  impl.RaftServerImpl (ServerState.java:<init>(103)) - 2aeadab0-ec41-4180-985e-a800f9da6a6d@group-ADC71FC4A816: ConfigurationManager, init=-1: [2aeadab0-ec41-4180-985e-a800f9da6a6d:192.168.164.208:42973, 023d4525-aae9-49d4-923e-7124a55e5ae2:192.168.164.208:41869, c49df7ba-d7d7-4ac8-a142-ddaef65aa83a:192.168.164.208:36049], old=null, confs=<EMPTY_MAP>
2019-11-13 20:17:25,616 [pool-179-thread-1] INFO  storage.RaftStorageDirectory (RaftStorageDirectory.java:analyzeStorage(246)) - The storage directory /workdir/hadoop-ozone/integration-test/target/test-dir/MiniOzoneClusterImpl-e03c2511-109e-4d60-a68c-0151beb67872/datanode-3/data/ratis/b37a7d77-fc8a-4454-bed4-adc71fc4a816 does not exist. Creating ...
2019-11-13 20:17:25,616 [pool-199-thread-1] INFO  server.RaftServerConfigKeys (ConfUtils.java:logGet(43)) - raft.server.storage.dir = [/workdir/hadoop-ozone/integration-test/target/test-dir/MiniOzoneClusterImpl-e03c2511-109e-4d60-a68c-0151beb67872/datanode-5/data/ratis] (custom)
2019-11-13 20:17:25,616 [pool-199-thread-1] INFO  server.RaftServerConfigKeys (ConfUtils.java:logGet(43)) - raft.server.log.corruption.policy = EXCEPTION (default)
2019-11-13 20:17:25,616 [pool-199-thread-1] INFO  storage.RaftStorageDirectory (RaftStorageDirectory.java:analyzeStorage(246)) - The storage directory /workdir/hadoop-ozone/integration-test/target/test-dir/MiniOzoneClusterImpl-e03c2511-109e-4d60-a68c-0151beb67872/datanode-5/data/ratis/b37a7d77-fc8a-4454-bed4-adc71fc4a816 does not exist. Creating ...
2019-11-13 20:17:25,628 [pool-209-thread-1] INFO  storage.RaftStorageDirectory (RaftStorageDirectory.java:tryLock(328)) - Lock on /workdir/hadoop-ozone/integration-test/target/test-dir/MiniOzoneClusterImpl-e03c2511-109e-4d60-a68c-0151beb67872/datanode-6/data/ratis/b37a7d77-fc8a-4454-bed4-adc71fc4a816/in_use.lock acquired by nodename 4344@pr-hdds-2375-t422d-1049308724
2019-11-13 20:17:25,628 [pool-179-thread-1] INFO  storage.RaftStorageDirectory (RaftStorageDirectory.java:tryLock(328)) - Lock on /workdir/hadoop-ozone/integration-test/target/test-dir/MiniOzoneClusterImpl-e03c2511-109e-4d60-a68c-0151beb67872/datanode-3/data/ratis/b37a7d77-fc8a-4454-bed4-adc71fc4a816/in_use.lock acquired by nodename 4344@pr-hdds-2375-t422d-1049308724
2019-11-13 20:17:25,628 [pool-199-thread-1] INFO  storage.RaftStorageDirectory (RaftStorageDirectory.java:tryLock(328)) - Lock on /workdir/hadoop-ozone/integration-test/target/test-dir/MiniOzoneClusterImpl-e03c2511-109e-4d60-a68c-0151beb67872/datanode-5/data/ratis/b37a7d77-fc8a-4454-bed4-adc71fc4a816/in_use.lock acquired by nodename 4344@pr-hdds-2375-t422d-1049308724
2019-11-13 20:17:25,632 [IPC Server handler 1 on 32918] INFO  net.NetworkTopology (NetworkTopologyImpl.java:add(111)) - Added a new node: /rack1/845221a7-8c03-4ab3-a7ad-b09d998a1b3e
2019-11-13 20:17:25,632 [IPC Server handler 1 on 32918] INFO  node.SCMNodeManager (SCMNodeManager.java:register(267)) - Registered Data node : 845221a7-8c03-4ab3-a7ad-b09d998a1b3e{ip: 192.168.164.208, host: pr-hdds-2375-t422d-1049308724, networkLocation: /rack1, certSerialId: null}
2019-11-13 20:17:25,642 [pool-209-thread-1] INFO  storage.RaftStorage (RaftStorage.java:format(84)) - Storage directory /workdir/hadoop-ozone/integration-test/target/test-dir/MiniOzoneClusterImpl-e03c2511-109e-4d60-a68c-0151beb67872/datanode-6/data/ratis/b37a7d77-fc8a-4454-bed4-adc71fc4a816 has been successfully formatted.
2019-11-13 20:17:25,642 [pool-199-thread-1] INFO  storage.RaftStorage (RaftStorage.java:format(84)) - Storage directory /workdir/hadoop-ozone/integration-test/target/test-dir/MiniOzoneClusterImpl-e03c2511-109e-4d60-a68c-0151beb67872/datanode-5/data/ratis/b37a7d77-fc8a-4454-bed4-adc71fc4a816 has been successfully formatted.
2019-11-13 20:17:25,642 [pool-179-thread-1] INFO  storage.RaftStorage (RaftStorage.java:format(84)) - Storage directory /workdir/hadoop-ozone/integration-test/target/test-dir/MiniOzoneClusterImpl-e03c2511-109e-4d60-a68c-0151beb67872/datanode-3/data/ratis/b37a7d77-fc8a-4454-bed4-adc71fc4a816 has been successfully formatted.
2019-11-13 20:17:25,642 [pool-209-thread-1] INFO  ratis.ContainerStateMachine (ContainerStateMachine.java:loadSnapshot(223)) - group-ADC71FC4A816: The snapshot info is null. Setting the last applied indexto:(t:0, i:~)
2019-11-13 20:17:25,642 [pool-179-thread-1] INFO  ratis.ContainerStateMachine (ContainerStateMachine.java:loadSnapshot(223)) - group-ADC71FC4A816: The snapshot info is null. Setting the last applied indexto:(t:0, i:~)
2019-11-13 20:17:25,642 [pool-199-thread-1] INFO  ratis.ContainerStateMachine (ContainerStateMachine.java:loadSnapshot(223)) - group-ADC71FC4A816: The snapshot info is null. Setting the last applied indexto:(t:0, i:~)
2019-11-13 20:17:25,642 [pool-179-thread-1] INFO  server.RaftServerConfigKeys (ConfUtils.java:logGet(43)) - raft.server.notification.no-leader.timeout = 120s (custom)
2019-11-13 20:17:25,642 [pool-209-thread-1] INFO  server.RaftServerConfigKeys (ConfUtils.java:logGet(43)) - raft.server.notification.no-leader.timeout = 120s (custom)
2019-11-13 20:17:25,643 [pool-179-thread-1] INFO  server.RaftServerConfigKeys (ConfUtils.java:logGet(43)) - raft.server.log.use.memory = false (default)
2019-11-13 20:17:25,642 [pool-199-thread-1] INFO  server.RaftServerConfigKeys (ConfUtils.java:logGet(43)) - raft.server.notification.no-leader.timeout = 120s (custom)
2019-11-13 20:17:25,643 [pool-179-thread-1] INFO  server.RaftServerConfigKeys (ConfUtils.java:logGet(43)) - raft.server.log.purge.gap = 1000000 (custom)
2019-11-13 20:17:25,643 [pool-209-thread-1] INFO  server.RaftServerConfigKeys (ConfUtils.java:logGet(43)) - raft.server.log.use.memory = false (default)
2019-11-13 20:17:25,643 [pool-179-thread-1] INFO  server.RaftServerConfigKeys (ConfUtils.java:logGet(43)) - raft.server.log.appender.buffer.byte-limit = 33554432 (custom)
2019-11-13 20:17:25,643 [pool-199-thread-1] INFO  server.RaftServerConfigKeys (ConfUtils.java:logGet(43)) - raft.server.log.use.memory = false (default)
2019-11-13 20:17:25,643 [pool-179-thread-1] INFO  server.RaftServerConfigKeys (ConfUtils.java:logGet(43)) - raft.server.log.segment.size.max = 1048576 (custom)
2019-11-13 20:17:25,643 [pool-209-thread-1] INFO  server.RaftServerConfigKeys (ConfUtils.java:logGet(43)) - raft.server.log.purge.gap = 1000000 (custom)
2019-11-13 20:17:25,643 [pool-179-thread-1] INFO  server.RaftServerConfigKeys (ConfUtils.java:logGet(43)) - raft.server.log.segment.cache.num.max = 2 (custom)
2019-11-13 20:17:25,643 [pool-199-thread-1] INFO  server.RaftServerConfigKeys (ConfUtils.java:logGet(43)) - raft.server.log.purge.gap = 1000000 (custom)
2019-11-13 20:17:25,643 [pool-179-thread-1] INFO  segmented.SegmentedRaftLogWorker (SegmentedRaftLogWorker.java:<init>(173)) - new 023d4525-aae9-49d4-923e-7124a55e5ae2@group-ADC71FC4A816-SegmentedRaftLogWorker for RaftStorage:Storage Directory /workdir/hadoop-ozone/integration-test/target/test-dir/MiniOzoneClusterImpl-e03c2511-109e-4d60-a68c-0151beb67872/datanode-3/data/ratis/b37a7d77-fc8a-4454-bed4-adc71fc4a816
2019-11-13 20:17:25,643 [pool-209-thread-1] INFO  server.RaftServerConfigKeys (ConfUtils.java:logGet(43)) - raft.server.log.appender.buffer.byte-limit = 33554432 (custom)
2019-11-13 20:17:25,643 [pool-179-thread-1] INFO  server.RaftServerConfigKeys (ConfUtils.java:logGet(43)) - raft.server.log.queue.byte-limit = 2147483647 (custom)
2019-11-13 20:17:25,643 [pool-199-thread-1] INFO  server.RaftServerConfigKeys (ConfUtils.java:logGet(43)) - raft.server.log.appender.buffer.byte-limit = 33554432 (custom)
2019-11-13 20:17:25,644 [pool-179-thread-1] INFO  server.RaftServerConfigKeys (ConfUtils.java:logGet(43)) - raft.server.log.queue.element-limit = 1024 (custom)
2019-11-13 20:17:25,644 [pool-209-thread-1] INFO  server.RaftServerConfigKeys (ConfUtils.java:logGet(43)) - raft.server.log.segment.size.max = 1048576 (custom)
2019-11-13 20:17:25,644 [pool-179-thread-1] INFO  server.RaftServerConfigKeys (ConfUtils.java:logGet(43)) - raft.server.log.segment.size.max = 1048576 (custom)
2019-11-13 20:17:25,644 [pool-199-thread-1] INFO  server.RaftServerConfigKeys (ConfUtils.java:logGet(43)) - raft.server.log.segment.size.max = 1048576 (custom)
2019-11-13 20:17:25,644 [pool-179-thread-1] INFO  server.RaftServerConfigKeys (ConfUtils.java:logGet(43)) - raft.server.log.preallocated.size = 16384 (custom)
2019-11-13 20:17:25,644 [pool-209-thread-1] INFO  server.RaftServerConfigKeys (ConfUtils.java:logGet(43)) - raft.server.log.segment.cache.num.max = 2 (custom)
2019-11-13 20:17:25,644 [pool-179-thread-1] INFO  server.RaftServerConfigKeys (ConfUtils.java:logGet(43)) - raft.server.log.write.buffer.size = 33554432 (custom)
2019-11-13 20:17:25,644 [pool-199-thread-1] INFO  server.RaftServerConfigKeys (ConfUtils.java:logGet(43)) - raft.server.log.segment.cache.num.max = 2 (custom)
2019-11-13 20:17:25,644 [pool-179-thread-1] INFO  server.RaftServerConfigKeys (ConfUtils.java:logGet(43)) - raft.server.log.force.sync.num = 128 (default)
2019-11-13 20:17:25,644 [pool-209-thread-1] INFO  segmented.SegmentedRaftLogWorker (SegmentedRaftLogWorker.java:<init>(173)) - new c49df7ba-d7d7-4ac8-a142-ddaef65aa83a@group-ADC71FC4A816-SegmentedRaftLogWorker for RaftStorage:Storage Directory /workdir/hadoop-ozone/integration-test/target/test-dir/MiniOzoneClusterImpl-e03c2511-109e-4d60-a68c-0151beb67872/datanode-6/data/ratis/b37a7d77-fc8a-4454-bed4-adc71fc4a816
2019-11-13 20:17:25,644 [pool-179-thread-1] INFO  server.RaftServerConfigKeys (ConfUtils.java:logGet(43)) - raft.server.log.statemachine.data.sync = true (default)
2019-11-13 20:17:25,644 [pool-199-thread-1] INFO  segmented.SegmentedRaftLogWorker (SegmentedRaftLogWorker.java:<init>(173)) - new 2aeadab0-ec41-4180-985e-a800f9da6a6d@group-ADC71FC4A816-SegmentedRaftLogWorker for RaftStorage:Storage Directory /workdir/hadoop-ozone/integration-test/target/test-dir/MiniOzoneClusterImpl-e03c2511-109e-4d60-a68c-0151beb67872/datanode-5/data/ratis/b37a7d77-fc8a-4454-bed4-adc71fc4a816
2019-11-13 20:17:25,645 [pool-179-thread-1] INFO  server.RaftServerConfigKeys (ConfUtils.java:logGet(43)) - raft.server.log.statemachine.data.sync.timeout = 10s (default)
2019-11-13 20:17:25,645 [pool-209-thread-1] INFO  server.RaftServerConfigKeys (ConfUtils.java:logGet(43)) - raft.server.log.queue.byte-limit = 2147483647 (custom)
2019-11-13 20:17:25,645 [pool-179-thread-1] INFO  server.RaftServerConfigKeys (ConfUtils.java:logGet(43)) - raft.server.log.statemachine.data.sync.timeout.retry = -1 (default)
2019-11-13 20:17:25,645 [pool-199-thread-1] INFO  server.RaftServerConfigKeys (ConfUtils.java:logGet(43)) - raft.server.log.queue.byte-limit = 2147483647 (custom)
2019-11-13 20:17:25,645 [pool-179-thread-1] INFO  server.RaftServerConfigKeys (ConfUtils.java:logGet(43)) - raft.server.log.statemachine.data.caching.enabled = true (custom)
2019-11-13 20:17:25,645 [pool-209-thread-1] INFO  server.RaftServerConfigKeys (ConfUtils.java:logGet(43)) - raft.server.log.queue.element-limit = 1024 (custom)
2019-11-13 20:17:25,645 [pool-199-thread-1] INFO  server.RaftServerConfigKeys (ConfUtils.java:logGet(43)) - raft.server.log.queue.element-limit = 1024 (custom)
2019-11-13 20:17:25,645 [pool-179-thread-1] INFO  segmented.SegmentedRaftLogWorker (SegmentedRaftLogWorker.java:lambda$new$0(128)) - 023d4525-aae9-49d4-923e-7124a55e5ae2@group-ADC71FC4A816-SegmentedRaftLogWorker: flushIndex: setUnconditionally 0 -> -1
2019-11-13 20:17:25,645 [pool-209-thread-1] INFO  server.RaftServerConfigKeys (ConfUtils.java:logGet(43)) - raft.server.log.segment.size.max = 1048576 (custom)
2019-11-13 20:17:25,645 [pool-199-thread-1] INFO  server.RaftServerConfigKeys (ConfUtils.java:logGet(43)) - raft.server.log.segment.size.max = 1048576 (custom)
2019-11-13 20:17:25,646 [pool-179-thread-1] INFO  server.RaftServerConfigKeys (ConfUtils.java:logGet(43)) - raft.server.snapshot.auto.trigger.enabled = true (custom)
2019-11-13 20:17:25,645 [pool-209-thread-1] INFO  server.RaftServerConfigKeys (ConfUtils.java:logGet(43)) - raft.server.log.preallocated.size = 16384 (custom)
2019-11-13 20:17:25,646 [pool-179-thread-1] INFO  server.RaftServerConfigKeys (ConfUtils.java:logGet(43)) - raft.server.snapshot.auto.trigger.threshold = 10000 (custom)
2019-11-13 20:17:25,646 [pool-199-thread-1] INFO  server.RaftServerConfigKeys (ConfUtils.java:logGet(43)) - raft.server.log.preallocated.size = 16384 (custom)
2019-11-13 20:17:25,646 [pool-179-thread-1] INFO  server.RaftServerConfigKeys (ConfUtils.java:logGet(43)) - raft.server.snapshot.retention.file.num = 5 (custom)
2019-11-13 20:17:25,646 [pool-209-thread-1] INFO  server.RaftServerConfigKeys (ConfUtils.java:logGet(43)) - raft.server.log.write.buffer.size = 33554432 (custom)
2019-11-13 20:17:25,646 [pool-179-thread-1] INFO  server.RaftServerConfigKeys (ConfUtils.java:logGet(43)) - raft.server.retrycache.expirytime = 600000ms (custom)
2019-11-13 20:17:25,646 [pool-199-thread-1] INFO  server.RaftServerConfigKeys (ConfUtils.java:logGet(43)) - raft.server.log.write.buffer.size = 33554432 (custom)
2019-11-13 20:17:25,646 [pool-179-thread-1] WARN  impl.MetricRegistriesImpl (MetricRegistriesImpl.java:lambda$create$1(61)) - First MetricRegistry has been created without registering reporters. You may need to call MetricRegistries.global().addReportRegistration(...) before.
2019-11-13 20:17:25,646 [pool-209-thread-1] INFO  server.RaftServerConfigKeys (ConfUtils.java:logGet(43)) - raft.server.log.force.sync.num = 128 (default)
2019-11-13 20:17:25,646 [pool-179-thread-1] WARN  impl.MetricRegistriesImpl (MetricRegistriesImpl.java:lambda$create$1(61)) - First MetricRegistry has been created without registering reporters. You may need to call MetricRegistries.global().addReportRegistration(...) before.
2019-11-13 20:17:25,646 [pool-199-thread-1] INFO  server.RaftServerConfigKeys (ConfUtils.java:logGet(43)) - raft.server.log.force.sync.num = 128 (default)
2019-11-13 20:17:25,647 [pool-179-thread-1] INFO  impl.RaftServerImpl (RaftServerImpl.java:start(184)) - 023d4525-aae9-49d4-923e-7124a55e5ae2@group-ADC71FC4A816: start as a follower, conf=-1: [2aeadab0-ec41-4180-985e-a800f9da6a6d:192.168.164.208:42973, 023d4525-aae9-49d4-923e-7124a55e5ae2:192.168.164.208:41869, c49df7ba-d7d7-4ac8-a142-ddaef65aa83a:192.168.164.208:36049], old=null
2019-11-13 20:17:25,646 [pool-209-thread-1] INFO  server.RaftServerConfigKeys (ConfUtils.java:logGet(43)) - raft.server.log.statemachine.data.sync = true (default)
2019-11-13 20:17:25,647 [pool-179-thread-1] INFO  impl.RaftServerImpl (RaftServerImpl.java:setRole(173)) - 023d4525-aae9-49d4-923e-7124a55e5ae2@group-ADC71FC4A816: changes role from      null to FOLLOWER at term 0 for startAsFollower
2019-11-13 20:17:25,647 [pool-199-thread-1] INFO  server.RaftServerConfigKeys (ConfUtils.java:logGet(43)) - raft.server.log.statemachine.data.sync = true (default)
2019-11-13 20:17:25,647 [pool-179-thread-1] INFO  impl.RoleInfo (RoleInfo.java:updateAndGet(143)) - 023d4525-aae9-49d4-923e-7124a55e5ae2: start FollowerState
2019-11-13 20:17:25,647 [pool-209-thread-1] INFO  server.RaftServerConfigKeys (ConfUtils.java:logGet(43)) - raft.server.log.statemachine.data.sync.timeout = 10s (default)
2019-11-13 20:17:25,647 [pool-199-thread-1] INFO  server.RaftServerConfigKeys (ConfUtils.java:logGet(43)) - raft.server.log.statemachine.data.sync.timeout = 10s (default)
2019-11-13 20:17:25,647 [pool-209-thread-1] INFO  server.RaftServerConfigKeys (ConfUtils.java:logGet(43)) - raft.server.log.statemachine.data.sync.timeout.retry = -1 (default)
2019-11-13 20:17:25,647 [pool-199-thread-1] INFO  server.RaftServerConfigKeys (ConfUtils.java:logGet(43)) - raft.server.log.statemachine.data.sync.timeout.retry = -1 (default)
2019-11-13 20:17:25,647 [pool-209-thread-1] INFO  server.RaftServerConfigKeys (ConfUtils.java:logGet(43)) - raft.server.log.statemachine.data.caching.enabled = true (custom)
2019-11-13 20:17:25,647 [pool-179-thread-1] INFO  util.JmxRegister (JmxRegister.java:tryRegister(44)) - Successfully registered JMX Bean with object name Ratis:service=RaftServer,group=group-ADC71FC4A816,id=023d4525-aae9-49d4-923e-7124a55e5ae2
2019-11-13 20:17:25,647 [pool-199-thread-1] INFO  server.RaftServerConfigKeys (ConfUtils.java:logGet(43)) - raft.server.log.statemachine.data.caching.enabled = true (custom)
2019-11-13 20:17:25,648 [pool-209-thread-1] INFO  segmented.SegmentedRaftLogWorker (SegmentedRaftLogWorker.java:lambda$new$0(128)) - c49df7ba-d7d7-4ac8-a142-ddaef65aa83a@group-ADC71FC4A816-SegmentedRaftLogWorker: flushIndex: setUnconditionally 0 -> -1
2019-11-13 20:17:25,648 [pool-179-thread-1] WARN  impl.MetricRegistriesImpl (MetricRegistriesImpl.java:lambda$create$1(61)) - First MetricRegistry has been created without registering reporters. You may need to call MetricRegistries.global().addReportRegistration(...) before.
2019-11-13 20:17:25,648 [pool-199-thread-1] INFO  segmented.SegmentedRaftLogWorker (SegmentedRaftLogWorker.java:lambda$new$0(128)) - 2aeadab0-ec41-4180-985e-a800f9da6a6d@group-ADC71FC4A816-SegmentedRaftLogWorker: flushIndex: setUnconditionally 0 -> -1
2019-11-13 20:17:25,648 [pool-209-thread-1] INFO  server.RaftServerConfigKeys (ConfUtils.java:logGet(43)) - raft.server.snapshot.auto.trigger.enabled = true (custom)
2019-11-13 20:17:25,648 [pool-209-thread-1] INFO  server.RaftServerConfigKeys (ConfUtils.java:logGet(43)) - raft.server.snapshot.auto.trigger.threshold = 10000 (custom)
2019-11-13 20:17:25,648 [pool-209-thread-1] INFO  server.RaftServerConfigKeys (ConfUtils.java:logGet(43)) - raft.server.snapshot.retention.file.num = 5 (custom)
2019-11-13 20:17:25,648 [pool-199-thread-1] INFO  server.RaftServerConfigKeys (ConfUtils.java:logGet(43)) - raft.server.snapshot.auto.trigger.enabled = true (custom)
2019-11-13 20:17:25,648 [pool-209-thread-1] INFO  server.RaftServerConfigKeys (ConfUtils.java:logGet(43)) - raft.server.retrycache.expirytime = 600000ms (custom)
2019-11-13 20:17:25,648 [pool-199-thread-1] INFO  server.RaftServerConfigKeys (ConfUtils.java:logGet(43)) - raft.server.snapshot.auto.trigger.threshold = 10000 (custom)
2019-11-13 20:17:25,648 [pool-209-thread-1] WARN  impl.MetricRegistriesImpl (MetricRegistriesImpl.java:lambda$create$1(61)) - First MetricRegistry has been created without registering reporters. You may need to call MetricRegistries.global().addReportRegistration(...) before.
2019-11-13 20:17:25,649 [pool-199-thread-1] INFO  server.RaftServerConfigKeys (ConfUtils.java:logGet(43)) - raft.server.snapshot.retention.file.num = 5 (custom)
2019-11-13 20:17:25,649 [pool-209-thread-1] WARN  impl.MetricRegistriesImpl (MetricRegistriesImpl.java:lambda$create$1(61)) - First MetricRegistry has been created without registering reporters. You may need to call MetricRegistries.global().addReportRegistration(...) before.
2019-11-13 20:17:25,649 [pool-199-thread-1] INFO  server.RaftServerConfigKeys (ConfUtils.java:logGet(43)) - raft.server.retrycache.expirytime = 600000ms (custom)
2019-11-13 20:17:25,649 [pool-209-thread-1] INFO  impl.RaftServerImpl (RaftServerImpl.java:start(184)) - c49df7ba-d7d7-4ac8-a142-ddaef65aa83a@group-ADC71FC4A816: start as a follower, conf=-1: [2aeadab0-ec41-4180-985e-a800f9da6a6d:192.168.164.208:42973, 023d4525-aae9-49d4-923e-7124a55e5ae2:192.168.164.208:41869, c49df7ba-d7d7-4ac8-a142-ddaef65aa83a:192.168.164.208:36049], old=null
2019-11-13 20:17:25,649 [pool-209-thread-1] INFO  impl.RaftServerImpl (RaftServerImpl.java:setRole(173)) - c49df7ba-d7d7-4ac8-a142-ddaef65aa83a@group-ADC71FC4A816: changes role from      null to FOLLOWER at term 0 for startAsFollower
2019-11-13 20:17:25,649 [pool-199-thread-1] WARN  impl.MetricRegistriesImpl (MetricRegistriesImpl.java:lambda$create$1(61)) - First MetricRegistry has been created without registering reporters. You may need to call MetricRegistries.global().addReportRegistration(...) before.
2019-11-13 20:17:25,649 [pool-209-thread-1] INFO  impl.RoleInfo (RoleInfo.java:updateAndGet(143)) - c49df7ba-d7d7-4ac8-a142-ddaef65aa83a: start FollowerState
2019-11-13 20:17:25,649 [pool-199-thread-1] WARN  impl.MetricRegistriesImpl (MetricRegistriesImpl.java:lambda$create$1(61)) - First MetricRegistry has been created without registering reporters. You may need to call MetricRegistries.global().addReportRegistration(...) before.
2019-11-13 20:17:25,649 [pool-199-thread-1] INFO  impl.RaftServerImpl (RaftServerImpl.java:start(184)) - 2aeadab0-ec41-4180-985e-a800f9da6a6d@group-ADC71FC4A816: start as a follower, conf=-1: [2aeadab0-ec41-4180-985e-a800f9da6a6d:192.168.164.208:42973, 023d4525-aae9-49d4-923e-7124a55e5ae2:192.168.164.208:41869, c49df7ba-d7d7-4ac8-a142-ddaef65aa83a:192.168.164.208:36049], old=null
2019-11-13 20:17:25,649 [pool-209-thread-1] INFO  util.JmxRegister (JmxRegister.java:tryRegister(44)) - Successfully registered JMX Bean with object name Ratis:service=RaftServer,group=group-ADC71FC4A816,id=c49df7ba-d7d7-4ac8-a142-ddaef65aa83a
2019-11-13 20:17:25,650 [pool-199-thread-1] INFO  impl.RaftServerImpl (RaftServerImpl.java:setRole(173)) - 2aeadab0-ec41-4180-985e-a800f9da6a6d@group-ADC71FC4A816: changes role from      null to FOLLOWER at term 0 for startAsFollower
2019-11-13 20:17:25,650 [pool-209-thread-1] WARN  impl.MetricRegistriesImpl (MetricRegistriesImpl.java:lambda$create$1(61)) - First MetricRegistry has been created without registering reporters. You may need to call MetricRegistries.global().addReportRegistration(...) before.
2019-11-13 20:17:25,650 [pool-199-thread-1] INFO  impl.RoleInfo (RoleInfo.java:updateAndGet(143)) - 2aeadab0-ec41-4180-985e-a800f9da6a6d: start FollowerState
2019-11-13 20:17:25,650 [pool-199-thread-1] INFO  util.JmxRegister (JmxRegister.java:tryRegister(44)) - Successfully registered JMX Bean with object name Ratis:service=RaftServer,group=group-ADC71FC4A816,id=2aeadab0-ec41-4180-985e-a800f9da6a6d
2019-11-13 20:17:25,650 [pool-199-thread-1] WARN  impl.MetricRegistriesImpl (MetricRegistriesImpl.java:lambda$create$1(61)) - First MetricRegistry has been created without registering reporters. You may need to call MetricRegistries.global().addReportRegistration(...) before.
2019-11-13 20:17:25,653 [RatisPipelineUtilsThread] INFO  pipeline.PipelineStateManager (PipelineStateManager.java:addPipeline(55)) - Created pipeline Pipeline[ Id: b37a7d77-fc8a-4454-bed4-adc71fc4a816, Nodes: 2aeadab0-ec41-4180-985e-a800f9da6a6d{ip: 192.168.164.208, host: pr-hdds-2375-t422d-1049308724, networkLocation: /rack1, certSerialId: null}023d4525-aae9-49d4-923e-7124a55e5ae2{ip: 192.168.164.208, host: pr-hdds-2375-t422d-1049308724, networkLocation: /rack1, certSerialId: null}c49df7ba-d7d7-4ac8-a142-ddaef65aa83a{ip: 192.168.164.208, host: pr-hdds-2375-t422d-1049308724, networkLocation: /rack1, certSerialId: null}, Type:RATIS, Factor:THREE, State:ALLOCATED]
2019-11-13 20:17:25,721 [IPC Server handler 3 on 32918] INFO  net.NetworkTopology (NetworkTopologyImpl.java:add(111)) - Added a new node: /rack1/7d2a40c8-d27f-493d-a958-c7cf8432838d
2019-11-13 20:17:25,721 [IPC Server handler 3 on 32918] INFO  node.SCMNodeManager (SCMNodeManager.java:register(267)) - Registered Data node : 7d2a40c8-d27f-493d-a958-c7cf8432838d{ip: 192.168.164.208, host: pr-hdds-2375-t422d-1049308724, networkLocation: /rack1, certSerialId: null}
2019-11-13 20:17:25,730 [grpc-default-executor-2] INFO  impl.RaftServerProxy (RaftServerProxy.java:addNew(89)) - 845221a7-8c03-4ab3-a7ad-b09d998a1b3e: addNew group-2C7205BAFB5D:[845221a7-8c03-4ab3-a7ad-b09d998a1b3e:192.168.164.208:35661] returns group-2C7205BAFB5D:java.util.concurrent.CompletableFuture@7f39fc37[Not completed]
2019-11-13 20:17:25,732 [pool-219-thread-1] INFO  impl.RaftServerImpl (RaftServerImpl.java:<init>(98)) - 845221a7-8c03-4ab3-a7ad-b09d998a1b3e: new RaftServerImpl for group-2C7205BAFB5D:[845221a7-8c03-4ab3-a7ad-b09d998a1b3e:192.168.164.208:35661] with ContainerStateMachine:uninitialized
2019-11-13 20:17:25,732 [pool-219-thread-1] INFO  server.RaftServerConfigKeys (ConfUtils.java:logGet(43)) - raft.server.rpc.timeout.min = 1s (custom)
2019-11-13 20:17:25,733 [pool-219-thread-1] INFO  server.RaftServerConfigKeys (ConfUtils.java:logGet(43)) - raft.server.rpc.timeout.max = 1200ms (custom)
2019-11-13 20:17:25,733 [pool-219-thread-1] INFO  server.RaftServerConfigKeys (ConfUtils.java:logGet(43)) - raft.server.rpcslowness.timeout = 120s (custom)
2019-11-13 20:17:25,733 [pool-219-thread-1] INFO  server.RaftServerConfigKeys (ConfUtils.java:logGet(43)) - raft.server.sleep.deviation.threshold = 300 (default)
2019-11-13 20:17:25,733 [pool-219-thread-1] INFO  server.RaftServerConfigKeys (ConfUtils.java:logGet(43)) - raft.server.log.appender.install.snapshot.enabled = false (custom)
2019-11-13 20:17:25,734 [pool-219-thread-1] INFO  impl.RaftServerImpl (ServerState.java:<init>(103)) - 845221a7-8c03-4ab3-a7ad-b09d998a1b3e@group-2C7205BAFB5D: ConfigurationManager, init=-1: [845221a7-8c03-4ab3-a7ad-b09d998a1b3e:192.168.164.208:35661], old=null, confs=<EMPTY_MAP>
2019-11-13 20:17:25,734 [pool-219-thread-1] INFO  server.RaftServerConfigKeys (ConfUtils.java:logGet(43)) - raft.server.storage.dir = [/workdir/hadoop-ozone/integration-test/target/test-dir/MiniOzoneClusterImpl-e03c2511-109e-4d60-a68c-0151beb67872/datanode-7/data/ratis] (custom)
2019-11-13 20:17:25,734 [pool-219-thread-1] INFO  server.RaftServerConfigKeys (ConfUtils.java:logGet(43)) - raft.server.log.corruption.policy = EXCEPTION (default)
2019-11-13 20:17:25,735 [pool-219-thread-1] INFO  storage.RaftStorageDirectory (RaftStorageDirectory.java:analyzeStorage(246)) - The storage directory /workdir/hadoop-ozone/integration-test/target/test-dir/MiniOzoneClusterImpl-e03c2511-109e-4d60-a68c-0151beb67872/datanode-7/data/ratis/9ce6161f-18be-4a4e-abe2-2c7205bafb5d does not exist. Creating ...
2019-11-13 20:17:25,747 [pool-219-thread-1] INFO  storage.RaftStorageDirectory (RaftStorageDirectory.java:tryLock(328)) - Lock on /workdir/hadoop-ozone/integration-test/target/test-dir/MiniOzoneClusterImpl-e03c2511-109e-4d60-a68c-0151beb67872/datanode-7/data/ratis/9ce6161f-18be-4a4e-abe2-2c7205bafb5d/in_use.lock acquired by nodename 4344@pr-hdds-2375-t422d-1049308724
2019-11-13 20:17:25,761 [pool-219-thread-1] INFO  storage.RaftStorage (RaftStorage.java:format(84)) - Storage directory /workdir/hadoop-ozone/integration-test/target/test-dir/MiniOzoneClusterImpl-e03c2511-109e-4d60-a68c-0151beb67872/datanode-7/data/ratis/9ce6161f-18be-4a4e-abe2-2c7205bafb5d has been successfully formatted.
2019-11-13 20:17:25,761 [pool-219-thread-1] INFO  ratis.ContainerStateMachine (ContainerStateMachine.java:loadSnapshot(223)) - group-2C7205BAFB5D: The snapshot info is null. Setting the last applied indexto:(t:0, i:~)
2019-11-13 20:17:25,761 [pool-219-thread-1] INFO  server.RaftServerConfigKeys (ConfUtils.java:logGet(43)) - raft.server.notification.no-leader.timeout = 120s (custom)
2019-11-13 20:17:25,761 [pool-219-thread-1] INFO  server.RaftServerConfigKeys (ConfUtils.java:logGet(43)) - raft.server.log.use.memory = false (default)
2019-11-13 20:17:25,761 [pool-219-thread-1] INFO  server.RaftServerConfigKeys (ConfUtils.java:logGet(43)) - raft.server.log.purge.gap = 1000000 (custom)
2019-11-13 20:17:25,762 [pool-219-thread-1] INFO  server.RaftServerConfigKeys (ConfUtils.java:logGet(43)) - raft.server.log.appender.buffer.byte-limit = 33554432 (custom)
2019-11-13 20:17:25,762 [pool-219-thread-1] INFO  server.RaftServerConfigKeys (ConfUtils.java:logGet(43)) - raft.server.log.segment.size.max = 1048576 (custom)
2019-11-13 20:17:25,762 [pool-219-thread-1] WARN  impl.MetricRegistriesImpl (MetricRegistriesImpl.java:lambda$create$1(61)) - First MetricRegistry has been created without registering reporters. You may need to call MetricRegistries.global().addReportRegistration(...) before.
2019-11-13 20:17:25,762 [pool-219-thread-1] INFO  server.RaftServerConfigKeys (ConfUtils.java:logGet(43)) - raft.server.log.segment.cache.num.max = 2 (custom)
2019-11-13 20:17:25,762 [pool-219-thread-1] INFO  segmented.SegmentedRaftLogWorker (SegmentedRaftLogWorker.java:<init>(173)) - new 845221a7-8c03-4ab3-a7ad-b09d998a1b3e@group-2C7205BAFB5D-SegmentedRaftLogWorker for RaftStorage:Storage Directory /workdir/hadoop-ozone/integration-test/target/test-dir/MiniOzoneClusterImpl-e03c2511-109e-4d60-a68c-0151beb67872/datanode-7/data/ratis/9ce6161f-18be-4a4e-abe2-2c7205bafb5d
2019-11-13 20:17:25,762 [pool-219-thread-1] INFO  server.RaftServerConfigKeys (ConfUtils.java:logGet(43)) - raft.server.log.queue.byte-limit = 2147483647 (custom)
2019-11-13 20:17:25,762 [pool-219-thread-1] INFO  server.RaftServerConfigKeys (ConfUtils.java:logGet(43)) - raft.server.log.queue.element-limit = 1024 (custom)
2019-11-13 20:17:25,763 [pool-219-thread-1] INFO  server.RaftServerConfigKeys (ConfUtils.java:logGet(43)) - raft.server.log.segment.size.max = 1048576 (custom)
2019-11-13 20:17:25,763 [pool-219-thread-1] INFO  server.RaftServerConfigKeys (ConfUtils.java:logGet(43)) - raft.server.log.preallocated.size = 16384 (custom)
2019-11-13 20:17:25,763 [pool-219-thread-1] INFO  server.RaftServerConfigKeys (ConfUtils.java:logGet(43)) - raft.server.log.write.buffer.size = 33554432 (custom)
2019-11-13 20:17:25,763 [pool-219-thread-1] INFO  server.RaftServerConfigKeys (ConfUtils.java:logGet(43)) - raft.server.log.force.sync.num = 128 (default)
2019-11-13 20:17:25,763 [pool-219-thread-1] INFO  server.RaftServerConfigKeys (ConfUtils.java:logGet(43)) - raft.server.log.statemachine.data.sync = true (default)
2019-11-13 20:17:25,763 [pool-219-thread-1] INFO  server.RaftServerConfigKeys (ConfUtils.java:logGet(43)) - raft.server.log.statemachine.data.sync.timeout = 10s (default)
2019-11-13 20:17:25,763 [pool-219-thread-1] INFO  server.RaftServerConfigKeys (ConfUtils.java:logGet(43)) - raft.server.log.statemachine.data.sync.timeout.retry = -1 (default)
2019-11-13 20:17:25,764 [pool-219-thread-1] INFO  server.RaftServerConfigKeys (ConfUtils.java:logGet(43)) - raft.server.log.statemachine.data.caching.enabled = true (custom)
2019-11-13 20:17:25,764 [pool-219-thread-1] INFO  segmented.SegmentedRaftLogWorker (SegmentedRaftLogWorker.java:lambda$new$0(128)) - 845221a7-8c03-4ab3-a7ad-b09d998a1b3e@group-2C7205BAFB5D-SegmentedRaftLogWorker: flushIndex: setUnconditionally 0 -> -1
2019-11-13 20:17:25,764 [pool-219-thread-1] INFO  server.RaftServerConfigKeys (ConfUtils.java:logGet(43)) - raft.server.snapshot.auto.trigger.enabled = true (custom)
2019-11-13 20:17:25,765 [pool-219-thread-1] INFO  server.RaftServerConfigKeys (ConfUtils.java:logGet(43)) - raft.server.snapshot.auto.trigger.threshold = 10000 (custom)
2019-11-13 20:17:25,765 [pool-219-thread-1] INFO  server.RaftServerConfigKeys (ConfUtils.java:logGet(43)) - raft.server.snapshot.retention.file.num = 5 (custom)
2019-11-13 20:17:25,765 [pool-219-thread-1] INFO  server.RaftServerConfigKeys (ConfUtils.java:logGet(43)) - raft.server.retrycache.expirytime = 600000ms (custom)
2019-11-13 20:17:25,765 [pool-219-thread-1] WARN  impl.MetricRegistriesImpl (MetricRegistriesImpl.java:lambda$create$1(61)) - First MetricRegistry has been created without registering reporters. You may need to call MetricRegistries.global().addReportRegistration(...) before.
2019-11-13 20:17:25,765 [pool-219-thread-1] WARN  impl.MetricRegistriesImpl (MetricRegistriesImpl.java:lambda$create$1(61)) - First MetricRegistry has been created without registering reporters. You may need to call MetricRegistries.global().addReportRegistration(...) before.
2019-11-13 20:17:25,766 [pool-219-thread-1] INFO  impl.RaftServerImpl (RaftServerImpl.java:start(184)) - 845221a7-8c03-4ab3-a7ad-b09d998a1b3e@group-2C7205BAFB5D: start as a follower, conf=-1: [845221a7-8c03-4ab3-a7ad-b09d998a1b3e:192.168.164.208:35661], old=null
2019-11-13 20:17:25,766 [pool-219-thread-1] INFO  impl.RaftServerImpl (RaftServerImpl.java:setRole(173)) - 845221a7-8c03-4ab3-a7ad-b09d998a1b3e@group-2C7205BAFB5D: changes role from      null to FOLLOWER at term 0 for startAsFollower
2019-11-13 20:17:25,766 [pool-219-thread-1] INFO  impl.RoleInfo (RoleInfo.java:updateAndGet(143)) - 845221a7-8c03-4ab3-a7ad-b09d998a1b3e: start FollowerState
2019-11-13 20:17:25,767 [pool-219-thread-1] INFO  util.JmxRegister (JmxRegister.java:tryRegister(44)) - Successfully registered JMX Bean with object name Ratis:service=RaftServer,group=group-2C7205BAFB5D,id=845221a7-8c03-4ab3-a7ad-b09d998a1b3e
2019-11-13 20:17:25,767 [pool-219-thread-1] WARN  impl.MetricRegistriesImpl (MetricRegistriesImpl.java:lambda$create$1(61)) - First MetricRegistry has been created without registering reporters. You may need to call MetricRegistries.global().addReportRegistration(...) before.
2019-11-13 20:17:25,770 [RatisPipelineUtilsThread] INFO  pipeline.PipelineStateManager (PipelineStateManager.java:addPipeline(55)) - Created pipeline Pipeline[ Id: 9ce6161f-18be-4a4e-abe2-2c7205bafb5d, Nodes: 845221a7-8c03-4ab3-a7ad-b09d998a1b3e{ip: 192.168.164.208, host: pr-hdds-2375-t422d-1049308724, networkLocation: /rack1, certSerialId: null}, Type:RATIS, Factor:ONE, State:ALLOCATED]
2019-11-13 20:17:25,778 [grpc-default-executor-2] INFO  impl.RaftServerProxy (RaftServerProxy.java:addNew(89)) - 7d2a40c8-d27f-493d-a958-c7cf8432838d: addNew group-B8ACC66069F8:[7d2a40c8-d27f-493d-a958-c7cf8432838d:192.168.164.208:33052] returns group-B8ACC66069F8:java.util.concurrent.CompletableFuture@778367d6[Not completed]
2019-11-13 20:17:25,780 [pool-229-thread-1] INFO  impl.RaftServerImpl (RaftServerImpl.java:<init>(98)) - 7d2a40c8-d27f-493d-a958-c7cf8432838d: new RaftServerImpl for group-B8ACC66069F8:[7d2a40c8-d27f-493d-a958-c7cf8432838d:192.168.164.208:33052] with ContainerStateMachine:uninitialized
2019-11-13 20:17:25,780 [pool-229-thread-1] INFO  server.RaftServerConfigKeys (ConfUtils.java:logGet(43)) - raft.server.rpc.timeout.min = 1s (custom)
2019-11-13 20:17:25,780 [pool-229-thread-1] INFO  server.RaftServerConfigKeys (ConfUtils.java:logGet(43)) - raft.server.rpc.timeout.max = 1200ms (custom)
2019-11-13 20:17:25,780 [pool-229-thread-1] INFO  server.RaftServerConfigKeys (ConfUtils.java:logGet(43)) - raft.server.rpcslowness.timeout = 120s (custom)
2019-11-13 20:17:25,780 [pool-229-thread-1] INFO  server.RaftServerConfigKeys (ConfUtils.java:logGet(43)) - raft.server.sleep.deviation.threshold = 300 (default)
2019-11-13 20:17:25,781 [pool-229-thread-1] INFO  server.RaftServerConfigKeys (ConfUtils.java:logGet(43)) - raft.server.log.appender.install.snapshot.enabled = false (custom)
2019-11-13 20:17:25,781 [pool-229-thread-1] INFO  impl.RaftServerImpl (ServerState.java:<init>(103)) - 7d2a40c8-d27f-493d-a958-c7cf8432838d@group-B8ACC66069F8: ConfigurationManager, init=-1: [7d2a40c8-d27f-493d-a958-c7cf8432838d:192.168.164.208:33052], old=null, confs=<EMPTY_MAP>
2019-11-13 20:17:25,781 [pool-229-thread-1] INFO  server.RaftServerConfigKeys (ConfUtils.java:logGet(43)) - raft.server.storage.dir = [/workdir/hadoop-ozone/integration-test/target/test-dir/MiniOzoneClusterImpl-e03c2511-109e-4d60-a68c-0151beb67872/datanode-8/data/ratis] (custom)
2019-11-13 20:17:25,781 [pool-229-thread-1] INFO  server.RaftServerConfigKeys (ConfUtils.java:logGet(43)) - raft.server.log.corruption.policy = EXCEPTION (default)
2019-11-13 20:17:25,782 [pool-229-thread-1] INFO  storage.RaftStorageDirectory (RaftStorageDirectory.java:analyzeStorage(246)) - The storage directory /workdir/hadoop-ozone/integration-test/target/test-dir/MiniOzoneClusterImpl-e03c2511-109e-4d60-a68c-0151beb67872/datanode-8/data/ratis/4e53937b-60a7-4ba7-82ad-b8acc66069f8 does not exist. Creating ...
2019-11-13 20:17:25,787 [IPC Server handler 2 on 32918] INFO  net.NetworkTopology (NetworkTopologyImpl.java:add(111)) - Added a new node: /rack1/fbe234eb-236c-4e93-9bcf-aa21ab9b5fff
2019-11-13 20:17:25,787 [IPC Server handler 2 on 32918] INFO  node.SCMNodeManager (SCMNodeManager.java:register(267)) - Registered Data node : fbe234eb-236c-4e93-9bcf-aa21ab9b5fff{ip: 192.168.164.208, host: pr-hdds-2375-t422d-1049308724, networkLocation: /rack1, certSerialId: null}
2019-11-13 20:17:25,794 [pool-229-thread-1] INFO  storage.RaftStorageDirectory (RaftStorageDirectory.java:tryLock(328)) - Lock on /workdir/hadoop-ozone/integration-test/target/test-dir/MiniOzoneClusterImpl-e03c2511-109e-4d60-a68c-0151beb67872/datanode-8/data/ratis/4e53937b-60a7-4ba7-82ad-b8acc66069f8/in_use.lock acquired by nodename 4344@pr-hdds-2375-t422d-1049308724
2019-11-13 20:17:25,807 [pool-229-thread-1] INFO  storage.RaftStorage (RaftStorage.java:format(84)) - Storage directory /workdir/hadoop-ozone/integration-test/target/test-dir/MiniOzoneClusterImpl-e03c2511-109e-4d60-a68c-0151beb67872/datanode-8/data/ratis/4e53937b-60a7-4ba7-82ad-b8acc66069f8 has been successfully formatted.
2019-11-13 20:17:25,808 [pool-229-thread-1] INFO  ratis.ContainerStateMachine (ContainerStateMachine.java:loadSnapshot(223)) - group-B8ACC66069F8: The snapshot info is null. Setting the last applied indexto:(t:0, i:~)
2019-11-13 20:17:25,808 [pool-229-thread-1] INFO  server.RaftServerConfigKeys (ConfUtils.java:logGet(43)) - raft.server.notification.no-leader.timeout = 120s (custom)
2019-11-13 20:17:25,808 [pool-229-thread-1] INFO  server.RaftServerConfigKeys (ConfUtils.java:logGet(43)) - raft.server.log.use.memory = false (default)
2019-11-13 20:17:25,808 [pool-229-thread-1] INFO  server.RaftServerConfigKeys (ConfUtils.java:logGet(43)) - raft.server.log.purge.gap = 1000000 (custom)
2019-11-13 20:17:25,808 [pool-229-thread-1] INFO  server.RaftServerConfigKeys (ConfUtils.java:logGet(43)) - raft.server.log.appender.buffer.byte-limit = 33554432 (custom)
2019-11-13 20:17:25,808 [pool-229-thread-1] INFO  server.RaftServerConfigKeys (ConfUtils.java:logGet(43)) - raft.server.log.segment.size.max = 1048576 (custom)
2019-11-13 20:17:25,809 [pool-229-thread-1] WARN  impl.MetricRegistriesImpl (MetricRegistriesImpl.java:lambda$create$1(61)) - First MetricRegistry has been created without registering reporters. You may need to call MetricRegistries.global().addReportRegistration(...) before.
2019-11-13 20:17:25,809 [pool-229-thread-1] INFO  server.RaftServerConfigKeys (ConfUtils.java:logGet(43)) - raft.server.log.segment.cache.num.max = 2 (custom)
2019-11-13 20:17:25,809 [pool-229-thread-1] INFO  segmented.SegmentedRaftLogWorker (SegmentedRaftLogWorker.java:<init>(173)) - new 7d2a40c8-d27f-493d-a958-c7cf8432838d@group-B8ACC66069F8-SegmentedRaftLogWorker for RaftStorage:Storage Directory /workdir/hadoop-ozone/integration-test/target/test-dir/MiniOzoneClusterImpl-e03c2511-109e-4d60-a68c-0151beb67872/datanode-8/data/ratis/4e53937b-60a7-4ba7-82ad-b8acc66069f8
2019-11-13 20:17:25,809 [pool-229-thread-1] INFO  server.RaftServerConfigKeys (ConfUtils.java:logGet(43)) - raft.server.log.queue.byte-limit = 2147483647 (custom)
2019-11-13 20:17:25,809 [pool-229-thread-1] INFO  server.RaftServerConfigKeys (ConfUtils.java:logGet(43)) - raft.server.log.queue.element-limit = 1024 (custom)
2019-11-13 20:17:25,809 [pool-229-thread-1] INFO  server.RaftServerConfigKeys (ConfUtils.java:logGet(43)) - raft.server.log.segment.size.max = 1048576 (custom)
2019-11-13 20:17:25,809 [pool-229-thread-1] INFO  server.RaftServerConfigKeys (ConfUtils.java:logGet(43)) - raft.server.log.preallocated.size = 16384 (custom)
2019-11-13 20:17:25,810 [pool-229-thread-1] INFO  server.RaftServerConfigKeys (ConfUtils.java:logGet(43)) - raft.server.log.write.buffer.size = 33554432 (custom)
2019-11-13 20:17:25,810 [pool-229-thread-1] INFO  server.RaftServerConfigKeys (ConfUtils.java:logGet(43)) - raft.server.log.force.sync.num = 128 (default)
2019-11-13 20:17:25,810 [pool-229-thread-1] INFO  server.RaftServerConfigKeys (ConfUtils.java:logGet(43)) - raft.server.log.statemachine.data.sync = true (default)
2019-11-13 20:17:25,810 [pool-229-thread-1] INFO  server.RaftServerConfigKeys (ConfUtils.java:logGet(43)) - raft.server.log.statemachine.data.sync.timeout = 10s (default)
2019-11-13 20:17:25,810 [pool-229-thread-1] INFO  server.RaftServerConfigKeys (ConfUtils.java:logGet(43)) - raft.server.log.statemachine.data.sync.timeout.retry = -1 (default)
2019-11-13 20:17:25,810 [pool-229-thread-1] INFO  server.RaftServerConfigKeys (ConfUtils.java:logGet(43)) - raft.server.log.statemachine.data.caching.enabled = true (custom)
2019-11-13 20:17:25,811 [pool-229-thread-1] INFO  segmented.SegmentedRaftLogWorker (SegmentedRaftLogWorker.java:lambda$new$0(128)) - 7d2a40c8-d27f-493d-a958-c7cf8432838d@group-B8ACC66069F8-SegmentedRaftLogWorker: flushIndex: setUnconditionally 0 -> -1
2019-11-13 20:17:25,811 [pool-229-thread-1] INFO  server.RaftServerConfigKeys (ConfUtils.java:logGet(43)) - raft.server.snapshot.auto.trigger.enabled = true (custom)
2019-11-13 20:17:25,811 [pool-229-thread-1] INFO  server.RaftServerConfigKeys (ConfUtils.java:logGet(43)) - raft.server.snapshot.auto.trigger.threshold = 10000 (custom)
2019-11-13 20:17:25,811 [pool-229-thread-1] INFO  server.RaftServerConfigKeys (ConfUtils.java:logGet(43)) - raft.server.snapshot.retention.file.num = 5 (custom)
2019-11-13 20:17:25,811 [pool-229-thread-1] INFO  server.RaftServerConfigKeys (ConfUtils.java:logGet(43)) - raft.server.retrycache.expirytime = 600000ms (custom)
2019-11-13 20:17:25,812 [pool-229-thread-1] WARN  impl.MetricRegistriesImpl (MetricRegistriesImpl.java:lambda$create$1(61)) - First MetricRegistry has been created without registering reporters. You may need to call MetricRegistries.global().addReportRegistration(...) before.
2019-11-13 20:17:25,812 [pool-229-thread-1] WARN  impl.MetricRegistriesImpl (MetricRegistriesImpl.java:lambda$create$1(61)) - First MetricRegistry has been created without registering reporters. You may need to call MetricRegistries.global().addReportRegistration(...) before.
2019-11-13 20:17:25,812 [pool-229-thread-1] INFO  impl.RaftServerImpl (RaftServerImpl.java:start(184)) - 7d2a40c8-d27f-493d-a958-c7cf8432838d@group-B8ACC66069F8: start as a follower, conf=-1: [7d2a40c8-d27f-493d-a958-c7cf8432838d:192.168.164.208:33052], old=null
2019-11-13 20:17:25,812 [pool-229-thread-1] INFO  impl.RaftServerImpl (RaftServerImpl.java:setRole(173)) - 7d2a40c8-d27f-493d-a958-c7cf8432838d@group-B8ACC66069F8: changes role from      null to FOLLOWER at term 0 for startAsFollower
2019-11-13 20:17:25,812 [pool-229-thread-1] INFO  impl.RoleInfo (RoleInfo.java:updateAndGet(143)) - 7d2a40c8-d27f-493d-a958-c7cf8432838d: start FollowerState
2019-11-13 20:17:25,813 [pool-229-thread-1] INFO  util.JmxRegister (JmxRegister.java:tryRegister(44)) - Successfully registered JMX Bean with object name Ratis:service=RaftServer,group=group-B8ACC66069F8,id=7d2a40c8-d27f-493d-a958-c7cf8432838d
2019-11-13 20:17:25,813 [pool-229-thread-1] WARN  impl.MetricRegistriesImpl (MetricRegistriesImpl.java:lambda$create$1(61)) - First MetricRegistry has been created without registering reporters. You may need to call MetricRegistries.global().addReportRegistration(...) before.
2019-11-13 20:17:25,815 [RatisPipelineUtilsThread] INFO  pipeline.PipelineStateManager (PipelineStateManager.java:addPipeline(55)) - Created pipeline Pipeline[ Id: 4e53937b-60a7-4ba7-82ad-b8acc66069f8, Nodes: 7d2a40c8-d27f-493d-a958-c7cf8432838d{ip: 192.168.164.208, host: pr-hdds-2375-t422d-1049308724, networkLocation: /rack1, certSerialId: null}, Type:RATIS, Factor:ONE, State:ALLOCATED]
2019-11-13 20:17:25,831 [grpc-default-executor-2] INFO  impl.RaftServerProxy (RaftServerProxy.java:addNew(89)) - fbe234eb-236c-4e93-9bcf-aa21ab9b5fff: addNew group-AE3EB04D16AF:[fbe234eb-236c-4e93-9bcf-aa21ab9b5fff:192.168.164.208:41921] returns group-AE3EB04D16AF:java.util.concurrent.CompletableFuture@484d681b[Not completed]
2019-11-13 20:17:25,832 [pool-239-thread-1] INFO  impl.RaftServerImpl (RaftServerImpl.java:<init>(98)) - fbe234eb-236c-4e93-9bcf-aa21ab9b5fff: new RaftServerImpl for group-AE3EB04D16AF:[fbe234eb-236c-4e93-9bcf-aa21ab9b5fff:192.168.164.208:41921] with ContainerStateMachine:uninitialized
2019-11-13 20:17:25,832 [pool-239-thread-1] INFO  server.RaftServerConfigKeys (ConfUtils.java:logGet(43)) - raft.server.rpc.timeout.min = 1s (custom)
2019-11-13 20:17:25,832 [pool-239-thread-1] INFO  server.RaftServerConfigKeys (ConfUtils.java:logGet(43)) - raft.server.rpc.timeout.max = 1200ms (custom)
2019-11-13 20:17:25,832 [pool-239-thread-1] INFO  server.RaftServerConfigKeys (ConfUtils.java:logGet(43)) - raft.server.rpcslowness.timeout = 120s (custom)
2019-11-13 20:17:25,833 [pool-239-thread-1] INFO  server.RaftServerConfigKeys (ConfUtils.java:logGet(43)) - raft.server.sleep.deviation.threshold = 300 (default)
2019-11-13 20:17:25,833 [pool-239-thread-1] INFO  server.RaftServerConfigKeys (ConfUtils.java:logGet(43)) - raft.server.log.appender.install.snapshot.enabled = false (custom)
2019-11-13 20:17:25,833 [pool-239-thread-1] INFO  impl.RaftServerImpl (ServerState.java:<init>(103)) - fbe234eb-236c-4e93-9bcf-aa21ab9b5fff@group-AE3EB04D16AF: ConfigurationManager, init=-1: [fbe234eb-236c-4e93-9bcf-aa21ab9b5fff:192.168.164.208:41921], old=null, confs=<EMPTY_MAP>
2019-11-13 20:17:25,833 [pool-239-thread-1] INFO  server.RaftServerConfigKeys (ConfUtils.java:logGet(43)) - raft.server.storage.dir = [/workdir/hadoop-ozone/integration-test/target/test-dir/MiniOzoneClusterImpl-e03c2511-109e-4d60-a68c-0151beb67872/datanode-9/data/ratis] (custom)
2019-11-13 20:17:25,833 [pool-239-thread-1] INFO  server.RaftServerConfigKeys (ConfUtils.java:logGet(43)) - raft.server.log.corruption.policy = EXCEPTION (default)
2019-11-13 20:17:25,833 [pool-239-thread-1] INFO  storage.RaftStorageDirectory (RaftStorageDirectory.java:analyzeStorage(246)) - The storage directory /workdir/hadoop-ozone/integration-test/target/test-dir/MiniOzoneClusterImpl-e03c2511-109e-4d60-a68c-0151beb67872/datanode-9/data/ratis/50e5c265-8b34-4888-9e96-ae3eb04d16af does not exist. Creating ...
2019-11-13 20:17:25,846 [pool-239-thread-1] INFO  storage.RaftStorageDirectory (RaftStorageDirectory.java:tryLock(328)) - Lock on /workdir/hadoop-ozone/integration-test/target/test-dir/MiniOzoneClusterImpl-e03c2511-109e-4d60-a68c-0151beb67872/datanode-9/data/ratis/50e5c265-8b34-4888-9e96-ae3eb04d16af/in_use.lock acquired by nodename 4344@pr-hdds-2375-t422d-1049308724
2019-11-13 20:17:25,859 [pool-239-thread-1] INFO  storage.RaftStorage (RaftStorage.java:format(84)) - Storage directory /workdir/hadoop-ozone/integration-test/target/test-dir/MiniOzoneClusterImpl-e03c2511-109e-4d60-a68c-0151beb67872/datanode-9/data/ratis/50e5c265-8b34-4888-9e96-ae3eb04d16af has been successfully formatted.
2019-11-13 20:17:25,859 [pool-239-thread-1] INFO  ratis.ContainerStateMachine (ContainerStateMachine.java:loadSnapshot(223)) - group-AE3EB04D16AF: The snapshot info is null. Setting the last applied indexto:(t:0, i:~)
2019-11-13 20:17:25,859 [pool-239-thread-1] INFO  server.RaftServerConfigKeys (ConfUtils.java:logGet(43)) - raft.server.notification.no-leader.timeout = 120s (custom)
2019-11-13 20:17:25,859 [pool-239-thread-1] INFO  server.RaftServerConfigKeys (ConfUtils.java:logGet(43)) - raft.server.log.use.memory = false (default)
2019-11-13 20:17:25,860 [pool-239-thread-1] INFO  server.RaftServerConfigKeys (ConfUtils.java:logGet(43)) - raft.server.log.purge.gap = 1000000 (custom)
2019-11-13 20:17:25,860 [pool-239-thread-1] INFO  server.RaftServerConfigKeys (ConfUtils.java:logGet(43)) - raft.server.log.appender.buffer.byte-limit = 33554432 (custom)
2019-11-13 20:17:25,860 [pool-239-thread-1] INFO  server.RaftServerConfigKeys (ConfUtils.java:logGet(43)) - raft.server.log.segment.size.max = 1048576 (custom)
2019-11-13 20:17:25,860 [pool-239-thread-1] WARN  impl.MetricRegistriesImpl (MetricRegistriesImpl.java:lambda$create$1(61)) - First MetricRegistry has been created without registering reporters. You may need to call MetricRegistries.global().addReportRegistration(...) before.
2019-11-13 20:17:25,860 [pool-239-thread-1] INFO  server.RaftServerConfigKeys (ConfUtils.java:logGet(43)) - raft.server.log.segment.cache.num.max = 2 (custom)
2019-11-13 20:17:25,860 [pool-239-thread-1] INFO  segmented.SegmentedRaftLogWorker (SegmentedRaftLogWorker.java:<init>(173)) - new fbe234eb-236c-4e93-9bcf-aa21ab9b5fff@group-AE3EB04D16AF-SegmentedRaftLogWorker for RaftStorage:Storage Directory /workdir/hadoop-ozone/integration-test/target/test-dir/MiniOzoneClusterImpl-e03c2511-109e-4d60-a68c-0151beb67872/datanode-9/data/ratis/50e5c265-8b34-4888-9e96-ae3eb04d16af
2019-11-13 20:17:25,861 [pool-239-thread-1] INFO  server.RaftServerConfigKeys (ConfUtils.java:logGet(43)) - raft.server.log.queue.byte-limit = 2147483647 (custom)
2019-11-13 20:17:25,861 [pool-239-thread-1] INFO  server.RaftServerConfigKeys (ConfUtils.java:logGet(43)) - raft.server.log.queue.element-limit = 1024 (custom)
2019-11-13 20:17:25,861 [pool-239-thread-1] INFO  server.RaftServerConfigKeys (ConfUtils.java:logGet(43)) - raft.server.log.segment.size.max = 1048576 (custom)
2019-11-13 20:17:25,861 [pool-239-thread-1] INFO  server.RaftServerConfigKeys (ConfUtils.java:logGet(43)) - raft.server.log.preallocated.size = 16384 (custom)
2019-11-13 20:17:25,861 [pool-239-thread-1] INFO  server.RaftServerConfigKeys (ConfUtils.java:logGet(43)) - raft.server.log.write.buffer.size = 33554432 (custom)
2019-11-13 20:17:25,861 [pool-239-thread-1] INFO  server.RaftServerConfigKeys (ConfUtils.java:logGet(43)) - raft.server.log.force.sync.num = 128 (default)
2019-11-13 20:17:25,861 [pool-239-thread-1] INFO  server.RaftServerConfigKeys (ConfUtils.java:logGet(43)) - raft.server.log.statemachine.data.sync = true (default)
2019-11-13 20:17:25,861 [pool-239-thread-1] INFO  server.RaftServerConfigKeys (ConfUtils.java:logGet(43)) - raft.server.log.statemachine.data.sync.timeout = 10s (default)
2019-11-13 20:17:25,862 [pool-239-thread-1] INFO  server.RaftServerConfigKeys (ConfUtils.java:logGet(43)) - raft.server.log.statemachine.data.sync.timeout.retry = -1 (default)
2019-11-13 20:17:25,862 [pool-239-thread-1] INFO  server.RaftServerConfigKeys (ConfUtils.java:logGet(43)) - raft.server.log.statemachine.data.caching.enabled = true (custom)
2019-11-13 20:17:25,862 [pool-239-thread-1] INFO  segmented.SegmentedRaftLogWorker (SegmentedRaftLogWorker.java:lambda$new$0(128)) - fbe234eb-236c-4e93-9bcf-aa21ab9b5fff@group-AE3EB04D16AF-SegmentedRaftLogWorker: flushIndex: setUnconditionally 0 -> -1
2019-11-13 20:17:25,863 [pool-239-thread-1] INFO  server.RaftServerConfigKeys (ConfUtils.java:logGet(43)) - raft.server.snapshot.auto.trigger.enabled = true (custom)
2019-11-13 20:17:25,863 [pool-239-thread-1] INFO  server.RaftServerConfigKeys (ConfUtils.java:logGet(43)) - raft.server.snapshot.auto.trigger.threshold = 10000 (custom)
2019-11-13 20:17:25,863 [pool-239-thread-1] INFO  server.RaftServerConfigKeys (ConfUtils.java:logGet(43)) - raft.server.snapshot.retention.file.num = 5 (custom)
2019-11-13 20:17:25,863 [pool-239-thread-1] INFO  server.RaftServerConfigKeys (ConfUtils.java:logGet(43)) - raft.server.retrycache.expirytime = 600000ms (custom)
2019-11-13 20:17:25,863 [pool-239-thread-1] WARN  impl.MetricRegistriesImpl (MetricRegistriesImpl.java:lambda$create$1(61)) - First MetricRegistry has been created without registering reporters. You may need to call MetricRegistries.global().addReportRegistration(...) before.
2019-11-13 20:17:25,863 [pool-239-thread-1] WARN  impl.MetricRegistriesImpl (MetricRegistriesImpl.java:lambda$create$1(61)) - First MetricRegistry has been created without registering reporters. You may need to call MetricRegistries.global().addReportRegistration(...) before.
2019-11-13 20:17:25,863 [pool-239-thread-1] INFO  impl.RaftServerImpl (RaftServerImpl.java:start(184)) - fbe234eb-236c-4e93-9bcf-aa21ab9b5fff@group-AE3EB04D16AF: start as a follower, conf=-1: [fbe234eb-236c-4e93-9bcf-aa21ab9b5fff:192.168.164.208:41921], old=null
2019-11-13 20:17:25,863 [pool-239-thread-1] INFO  impl.RaftServerImpl (RaftServerImpl.java:setRole(173)) - fbe234eb-236c-4e93-9bcf-aa21ab9b5fff@group-AE3EB04D16AF: changes role from      null to FOLLOWER at term 0 for startAsFollower
2019-11-13 20:17:25,864 [pool-239-thread-1] INFO  impl.RoleInfo (RoleInfo.java:updateAndGet(143)) - fbe234eb-236c-4e93-9bcf-aa21ab9b5fff: start FollowerState
2019-11-13 20:17:25,864 [pool-239-thread-1] INFO  util.JmxRegister (JmxRegister.java:tryRegister(44)) - Successfully registered JMX Bean with object name Ratis:service=RaftServer,group=group-AE3EB04D16AF,id=fbe234eb-236c-4e93-9bcf-aa21ab9b5fff
2019-11-13 20:17:25,864 [pool-239-thread-1] WARN  impl.MetricRegistriesImpl (MetricRegistriesImpl.java:lambda$create$1(61)) - First MetricRegistry has been created without registering reporters. You may need to call MetricRegistries.global().addReportRegistration(...) before.
2019-11-13 20:17:25,867 [RatisPipelineUtilsThread] INFO  pipeline.PipelineStateManager (PipelineStateManager.java:addPipeline(55)) - Created pipeline Pipeline[ Id: 50e5c265-8b34-4888-9e96-ae3eb04d16af, Nodes: fbe234eb-236c-4e93-9bcf-aa21ab9b5fff{ip: 192.168.164.208, host: pr-hdds-2375-t422d-1049308724, networkLocation: /rack1, certSerialId: null}, Type:RATIS, Factor:ONE, State:ALLOCATED]
2019-11-13 20:17:25,879 [grpc-default-executor-1] INFO  impl.RaftServerProxy (RaftServerProxy.java:addNew(89)) - 7d2a40c8-d27f-493d-a958-c7cf8432838d: addNew group-6E6279529A94:[845221a7-8c03-4ab3-a7ad-b09d998a1b3e:192.168.164.208:35661, 7d2a40c8-d27f-493d-a958-c7cf8432838d:192.168.164.208:33052, fbe234eb-236c-4e93-9bcf-aa21ab9b5fff:192.168.164.208:41921] returns group-6E6279529A94:java.util.concurrent.CompletableFuture@24b0c48f[Not completed]
2019-11-13 20:17:25,879 [grpc-default-executor-2] INFO  impl.RaftServerProxy (RaftServerProxy.java:addNew(89)) - 845221a7-8c03-4ab3-a7ad-b09d998a1b3e: addNew group-6E6279529A94:[845221a7-8c03-4ab3-a7ad-b09d998a1b3e:192.168.164.208:35661, 7d2a40c8-d27f-493d-a958-c7cf8432838d:192.168.164.208:33052, fbe234eb-236c-4e93-9bcf-aa21ab9b5fff:192.168.164.208:41921] returns group-6E6279529A94:java.util.concurrent.CompletableFuture@3cc59388[Not completed]
2019-11-13 20:17:25,882 [grpc-default-executor-4] INFO  impl.RaftServerProxy (RaftServerProxy.java:addNew(89)) - fbe234eb-236c-4e93-9bcf-aa21ab9b5fff: addNew group-6E6279529A94:[845221a7-8c03-4ab3-a7ad-b09d998a1b3e:192.168.164.208:35661, 7d2a40c8-d27f-493d-a958-c7cf8432838d:192.168.164.208:33052, fbe234eb-236c-4e93-9bcf-aa21ab9b5fff:192.168.164.208:41921] returns group-6E6279529A94:java.util.concurrent.CompletableFuture@190f8540[Not completed]
2019-11-13 20:17:25,883 [pool-229-thread-1] INFO  impl.RaftServerImpl (RaftServerImpl.java:<init>(98)) - 7d2a40c8-d27f-493d-a958-c7cf8432838d: new RaftServerImpl for group-6E6279529A94:[845221a7-8c03-4ab3-a7ad-b09d998a1b3e:192.168.164.208:35661, 7d2a40c8-d27f-493d-a958-c7cf8432838d:192.168.164.208:33052, fbe234eb-236c-4e93-9bcf-aa21ab9b5fff:192.168.164.208:41921] with ContainerStateMachine:uninitialized
2019-11-13 20:17:25,884 [pool-229-thread-1] INFO  server.RaftServerConfigKeys (ConfUtils.java:logGet(43)) - raft.server.rpc.timeout.min = 1s (custom)
2019-11-13 20:17:25,884 [pool-229-thread-1] INFO  server.RaftServerConfigKeys (ConfUtils.java:logGet(43)) - raft.server.rpc.timeout.max = 1200ms (custom)
2019-11-13 20:17:25,884 [pool-229-thread-1] INFO  server.RaftServerConfigKeys (ConfUtils.java:logGet(43)) - raft.server.rpcslowness.timeout = 120s (custom)
2019-11-13 20:17:25,884 [pool-239-thread-1] INFO  impl.RaftServerImpl (RaftServerImpl.java:<init>(98)) - fbe234eb-236c-4e93-9bcf-aa21ab9b5fff: new RaftServerImpl for group-6E6279529A94:[845221a7-8c03-4ab3-a7ad-b09d998a1b3e:192.168.164.208:35661, 7d2a40c8-d27f-493d-a958-c7cf8432838d:192.168.164.208:33052, fbe234eb-236c-4e93-9bcf-aa21ab9b5fff:192.168.164.208:41921] with ContainerStateMachine:uninitialized
2019-11-13 20:17:25,884 [pool-229-thread-1] INFO  server.RaftServerConfigKeys (ConfUtils.java:logGet(43)) - raft.server.sleep.deviation.threshold = 300 (default)
2019-11-13 20:17:25,884 [pool-239-thread-1] INFO  server.RaftServerConfigKeys (ConfUtils.java:logGet(43)) - raft.server.rpc.timeout.min = 1s (custom)
2019-11-13 20:17:25,884 [pool-229-thread-1] INFO  server.RaftServerConfigKeys (ConfUtils.java:logGet(43)) - raft.server.log.appender.install.snapshot.enabled = false (custom)
2019-11-13 20:17:25,884 [pool-239-thread-1] INFO  server.RaftServerConfigKeys (ConfUtils.java:logGet(43)) - raft.server.rpc.timeout.max = 1200ms (custom)
2019-11-13 20:17:25,884 [pool-229-thread-1] INFO  impl.RaftServerImpl (ServerState.java:<init>(103)) - 7d2a40c8-d27f-493d-a958-c7cf8432838d@group-6E6279529A94: ConfigurationManager, init=-1: [845221a7-8c03-4ab3-a7ad-b09d998a1b3e:192.168.164.208:35661, 7d2a40c8-d27f-493d-a958-c7cf8432838d:192.168.164.208:33052, fbe234eb-236c-4e93-9bcf-aa21ab9b5fff:192.168.164.208:41921], old=null, confs=<EMPTY_MAP>
2019-11-13 20:17:25,885 [pool-219-thread-1] INFO  impl.RaftServerImpl (RaftServerImpl.java:<init>(98)) - 845221a7-8c03-4ab3-a7ad-b09d998a1b3e: new RaftServerImpl for group-6E6279529A94:[845221a7-8c03-4ab3-a7ad-b09d998a1b3e:192.168.164.208:35661, 7d2a40c8-d27f-493d-a958-c7cf8432838d:192.168.164.208:33052, fbe234eb-236c-4e93-9bcf-aa21ab9b5fff:192.168.164.208:41921] with ContainerStateMachine:uninitialized
2019-11-13 20:17:25,884 [pool-239-thread-1] INFO  server.RaftServerConfigKeys (ConfUtils.java:logGet(43)) - raft.server.rpcslowness.timeout = 120s (custom)
2019-11-13 20:17:25,885 [pool-219-thread-1] INFO  server.RaftServerConfigKeys (ConfUtils.java:logGet(43)) - raft.server.rpc.timeout.min = 1s (custom)
2019-11-13 20:17:25,885 [pool-229-thread-1] INFO  server.RaftServerConfigKeys (ConfUtils.java:logGet(43)) - raft.server.storage.dir = [/workdir/hadoop-ozone/integration-test/target/test-dir/MiniOzoneClusterImpl-e03c2511-109e-4d60-a68c-0151beb67872/datanode-8/data/ratis] (custom)
2019-11-13 20:17:25,885 [pool-219-thread-1] INFO  server.RaftServerConfigKeys (ConfUtils.java:logGet(43)) - raft.server.rpc.timeout.max = 1200ms (custom)
2019-11-13 20:17:25,885 [pool-239-thread-1] INFO  server.RaftServerConfigKeys (ConfUtils.java:logGet(43)) - raft.server.sleep.deviation.threshold = 300 (default)
2019-11-13 20:17:25,885 [pool-219-thread-1] INFO  server.RaftServerConfigKeys (ConfUtils.java:logGet(43)) - raft.server.rpcslowness.timeout = 120s (custom)
2019-11-13 20:17:25,885 [pool-239-thread-1] INFO  server.RaftServerConfigKeys (ConfUtils.java:logGet(43)) - raft.server.log.appender.install.snapshot.enabled = false (custom)
2019-11-13 20:17:25,885 [pool-219-thread-1] INFO  server.RaftServerConfigKeys (ConfUtils.java:logGet(43)) - raft.server.sleep.deviation.threshold = 300 (default)
2019-11-13 20:17:25,885 [pool-229-thread-1] INFO  server.RaftServerConfigKeys (ConfUtils.java:logGet(43)) - raft.server.log.corruption.policy = EXCEPTION (default)
2019-11-13 20:17:25,885 [pool-219-thread-1] INFO  server.RaftServerConfigKeys (ConfUtils.java:logGet(43)) - raft.server.log.appender.install.snapshot.enabled = false (custom)
2019-11-13 20:17:25,885 [pool-239-thread-1] INFO  impl.RaftServerImpl (ServerState.java:<init>(103)) - fbe234eb-236c-4e93-9bcf-aa21ab9b5fff@group-6E6279529A94: ConfigurationManager, init=-1: [845221a7-8c03-4ab3-a7ad-b09d998a1b3e:192.168.164.208:35661, 7d2a40c8-d27f-493d-a958-c7cf8432838d:192.168.164.208:33052, fbe234eb-236c-4e93-9bcf-aa21ab9b5fff:192.168.164.208:41921], old=null, confs=<EMPTY_MAP>
2019-11-13 20:17:25,885 [pool-229-thread-1] INFO  storage.RaftStorageDirectory (RaftStorageDirectory.java:analyzeStorage(246)) - The storage directory /workdir/hadoop-ozone/integration-test/target/test-dir/MiniOzoneClusterImpl-e03c2511-109e-4d60-a68c-0151beb67872/datanode-8/data/ratis/4581ef2a-2245-4ecb-8cce-6e6279529a94 does not exist. Creating ...
2019-11-13 20:17:25,885 [pool-219-thread-1] INFO  impl.RaftServerImpl (ServerState.java:<init>(103)) - 845221a7-8c03-4ab3-a7ad-b09d998a1b3e@group-6E6279529A94: ConfigurationManager, init=-1: [845221a7-8c03-4ab3-a7ad-b09d998a1b3e:192.168.164.208:35661, 7d2a40c8-d27f-493d-a958-c7cf8432838d:192.168.164.208:33052, fbe234eb-236c-4e93-9bcf-aa21ab9b5fff:192.168.164.208:41921], old=null, confs=<EMPTY_MAP>
2019-11-13 20:17:25,885 [pool-239-thread-1] INFO  server.RaftServerConfigKeys (ConfUtils.java:logGet(43)) - raft.server.storage.dir = [/workdir/hadoop-ozone/integration-test/target/test-dir/MiniOzoneClusterImpl-e03c2511-109e-4d60-a68c-0151beb67872/datanode-9/data/ratis] (custom)
2019-11-13 20:17:25,886 [pool-219-thread-1] INFO  server.RaftServerConfigKeys (ConfUtils.java:logGet(43)) - raft.server.storage.dir = [/workdir/hadoop-ozone/integration-test/target/test-dir/MiniOzoneClusterImpl-e03c2511-109e-4d60-a68c-0151beb67872/datanode-7/data/ratis] (custom)
2019-11-13 20:17:25,886 [pool-239-thread-1] INFO  server.RaftServerConfigKeys (ConfUtils.java:logGet(43)) - raft.server.log.corruption.policy = EXCEPTION (default)
2019-11-13 20:17:25,886 [pool-219-thread-1] INFO  server.RaftServerConfigKeys (ConfUtils.java:logGet(43)) - raft.server.log.corruption.policy = EXCEPTION (default)
2019-11-13 20:17:25,886 [pool-239-thread-1] INFO  storage.RaftStorageDirectory (RaftStorageDirectory.java:analyzeStorage(246)) - The storage directory /workdir/hadoop-ozone/integration-test/target/test-dir/MiniOzoneClusterImpl-e03c2511-109e-4d60-a68c-0151beb67872/datanode-9/data/ratis/4581ef2a-2245-4ecb-8cce-6e6279529a94 does not exist. Creating ...
2019-11-13 20:17:25,886 [pool-219-thread-1] INFO  storage.RaftStorageDirectory (RaftStorageDirectory.java:analyzeStorage(246)) - The storage directory /workdir/hadoop-ozone/integration-test/target/test-dir/MiniOzoneClusterImpl-e03c2511-109e-4d60-a68c-0151beb67872/datanode-7/data/ratis/4581ef2a-2245-4ecb-8cce-6e6279529a94 does not exist. Creating ...
2019-11-13 20:17:25,911 [pool-219-thread-1] INFO  storage.RaftStorageDirectory (RaftStorageDirectory.java:tryLock(328)) - Lock on /workdir/hadoop-ozone/integration-test/target/test-dir/MiniOzoneClusterImpl-e03c2511-109e-4d60-a68c-0151beb67872/datanode-7/data/ratis/4581ef2a-2245-4ecb-8cce-6e6279529a94/in_use.lock acquired by nodename 4344@pr-hdds-2375-t422d-1049308724
2019-11-13 20:17:25,911 [pool-229-thread-1] INFO  storage.RaftStorageDirectory (RaftStorageDirectory.java:tryLock(328)) - Lock on /workdir/hadoop-ozone/integration-test/target/test-dir/MiniOzoneClusterImpl-e03c2511-109e-4d60-a68c-0151beb67872/datanode-8/data/ratis/4581ef2a-2245-4ecb-8cce-6e6279529a94/in_use.lock acquired by nodename 4344@pr-hdds-2375-t422d-1049308724
2019-11-13 20:17:25,911 [pool-239-thread-1] INFO  storage.RaftStorageDirectory (RaftStorageDirectory.java:tryLock(328)) - Lock on /workdir/hadoop-ozone/integration-test/target/test-dir/MiniOzoneClusterImpl-e03c2511-109e-4d60-a68c-0151beb67872/datanode-9/data/ratis/4581ef2a-2245-4ecb-8cce-6e6279529a94/in_use.lock acquired by nodename 4344@pr-hdds-2375-t422d-1049308724
2019-11-13 20:17:25,925 [pool-239-thread-1] INFO  storage.RaftStorage (RaftStorage.java:format(84)) - Storage directory /workdir/hadoop-ozone/integration-test/target/test-dir/MiniOzoneClusterImpl-e03c2511-109e-4d60-a68c-0151beb67872/datanode-9/data/ratis/4581ef2a-2245-4ecb-8cce-6e6279529a94 has been successfully formatted.
2019-11-13 20:17:25,925 [pool-229-thread-1] INFO  storage.RaftStorage (RaftStorage.java:format(84)) - Storage directory /workdir/hadoop-ozone/integration-test/target/test-dir/MiniOzoneClusterImpl-e03c2511-109e-4d60-a68c-0151beb67872/datanode-8/data/ratis/4581ef2a-2245-4ecb-8cce-6e6279529a94 has been successfully formatted.
2019-11-13 20:17:25,925 [pool-219-thread-1] INFO  storage.RaftStorage (RaftStorage.java:format(84)) - Storage directory /workdir/hadoop-ozone/integration-test/target/test-dir/MiniOzoneClusterImpl-e03c2511-109e-4d60-a68c-0151beb67872/datanode-7/data/ratis/4581ef2a-2245-4ecb-8cce-6e6279529a94 has been successfully formatted.
2019-11-13 20:17:25,925 [pool-229-thread-1] INFO  ratis.ContainerStateMachine (ContainerStateMachine.java:loadSnapshot(223)) - group-6E6279529A94: The snapshot info is null. Setting the last applied indexto:(t:0, i:~)
2019-11-13 20:17:25,925 [pool-239-thread-1] INFO  ratis.ContainerStateMachine (ContainerStateMachine.java:loadSnapshot(223)) - group-6E6279529A94: The snapshot info is null. Setting the last applied indexto:(t:0, i:~)
2019-11-13 20:17:25,925 [pool-229-thread-1] INFO  server.RaftServerConfigKeys (ConfUtils.java:logGet(43)) - raft.server.notification.no-leader.timeout = 120s (custom)
2019-11-13 20:17:25,925 [pool-219-thread-1] INFO  ratis.ContainerStateMachine (ContainerStateMachine.java:loadSnapshot(223)) - group-6E6279529A94: The snapshot info is null. Setting the last applied indexto:(t:0, i:~)
2019-11-13 20:17:25,925 [pool-229-thread-1] INFO  server.RaftServerConfigKeys (ConfUtils.java:logGet(43)) - raft.server.log.use.memory = false (default)
2019-11-13 20:17:25,925 [pool-239-thread-1] INFO  server.RaftServerConfigKeys (ConfUtils.java:logGet(43)) - raft.server.notification.no-leader.timeout = 120s (custom)
2019-11-13 20:17:25,926 [pool-229-thread-1] INFO  server.RaftServerConfigKeys (ConfUtils.java:logGet(43)) - raft.server.log.purge.gap = 1000000 (custom)
2019-11-13 20:17:25,926 [pool-219-thread-1] INFO  server.RaftServerConfigKeys (ConfUtils.java:logGet(43)) - raft.server.notification.no-leader.timeout = 120s (custom)
2019-11-13 20:17:25,926 [pool-229-thread-1] INFO  server.RaftServerConfigKeys (ConfUtils.java:logGet(43)) - raft.server.log.appender.buffer.byte-limit = 33554432 (custom)
2019-11-13 20:17:25,926 [pool-239-thread-1] INFO  server.RaftServerConfigKeys (ConfUtils.java:logGet(43)) - raft.server.log.use.memory = false (default)
2019-11-13 20:17:25,926 [pool-229-thread-1] INFO  server.RaftServerConfigKeys (ConfUtils.java:logGet(43)) - raft.server.log.segment.size.max = 1048576 (custom)
2019-11-13 20:17:25,926 [pool-219-thread-1] INFO  server.RaftServerConfigKeys (ConfUtils.java:logGet(43)) - raft.server.log.use.memory = false (default)
2019-11-13 20:17:25,926 [pool-229-thread-1] INFO  server.RaftServerConfigKeys (ConfUtils.java:logGet(43)) - raft.server.log.segment.cache.num.max = 2 (custom)
2019-11-13 20:17:25,926 [pool-239-thread-1] INFO  server.RaftServerConfigKeys (ConfUtils.java:logGet(43)) - raft.server.log.purge.gap = 1000000 (custom)
2019-11-13 20:17:25,926 [pool-229-thread-1] INFO  segmented.SegmentedRaftLogWorker (SegmentedRaftLogWorker.java:<init>(173)) - new 7d2a40c8-d27f-493d-a958-c7cf8432838d@group-6E6279529A94-SegmentedRaftLogWorker for RaftStorage:Storage Directory /workdir/hadoop-ozone/integration-test/target/test-dir/MiniOzoneClusterImpl-e03c2511-109e-4d60-a68c-0151beb67872/datanode-8/data/ratis/4581ef2a-2245-4ecb-8cce-6e6279529a94
2019-11-13 20:17:25,926 [pool-219-thread-1] INFO  server.RaftServerConfigKeys (ConfUtils.java:logGet(43)) - raft.server.log.purge.gap = 1000000 (custom)
2019-11-13 20:17:25,926 [pool-229-thread-1] INFO  server.RaftServerConfigKeys (ConfUtils.java:logGet(43)) - raft.server.log.queue.byte-limit = 2147483647 (custom)
2019-11-13 20:17:25,926 [pool-239-thread-1] INFO  server.RaftServerConfigKeys (ConfUtils.java:logGet(43)) - raft.server.log.appender.buffer.byte-limit = 33554432 (custom)
2019-11-13 20:17:25,927 [pool-229-thread-1] INFO  server.RaftServerConfigKeys (ConfUtils.java:logGet(43)) - raft.server.log.queue.element-limit = 1024 (custom)
2019-11-13 20:17:25,926 [pool-219-thread-1] INFO  server.RaftServerConfigKeys (ConfUtils.java:logGet(43)) - raft.server.log.appender.buffer.byte-limit = 33554432 (custom)
2019-11-13 20:17:25,927 [pool-229-thread-1] INFO  server.RaftServerConfigKeys (ConfUtils.java:logGet(43)) - raft.server.log.segment.size.max = 1048576 (custom)
2019-11-13 20:17:25,927 [pool-239-thread-1] INFO  server.RaftServerConfigKeys (ConfUtils.java:logGet(43)) - raft.server.log.segment.size.max = 1048576 (custom)
2019-11-13 20:17:25,927 [pool-229-thread-1] INFO  server.RaftServerConfigKeys (ConfUtils.java:logGet(43)) - raft.server.log.preallocated.size = 16384 (custom)
2019-11-13 20:17:25,927 [pool-219-thread-1] INFO  server.RaftServerConfigKeys (ConfUtils.java:logGet(43)) - raft.server.log.segment.size.max = 1048576 (custom)
2019-11-13 20:17:25,927 [pool-229-thread-1] INFO  server.RaftServerConfigKeys (ConfUtils.java:logGet(43)) - raft.server.log.write.buffer.size = 33554432 (custom)
2019-11-13 20:17:25,927 [pool-239-thread-1] INFO  server.RaftServerConfigKeys (ConfUtils.java:logGet(43)) - raft.server.log.segment.cache.num.max = 2 (custom)
2019-11-13 20:17:25,927 [pool-229-thread-1] INFO  server.RaftServerConfigKeys (ConfUtils.java:logGet(43)) - raft.server.log.force.sync.num = 128 (default)
2019-11-13 20:17:25,927 [pool-219-thread-1] INFO  server.RaftServerConfigKeys (ConfUtils.java:logGet(43)) - raft.server.log.segment.cache.num.max = 2 (custom)
2019-11-13 20:17:25,927 [pool-229-thread-1] INFO  server.RaftServerConfigKeys (ConfUtils.java:logGet(43)) - raft.server.log.statemachine.data.sync = true (default)
2019-11-13 20:17:25,927 [pool-239-thread-1] INFO  segmented.SegmentedRaftLogWorker (SegmentedRaftLogWorker.java:<init>(173)) - new fbe234eb-236c-4e93-9bcf-aa21ab9b5fff@group-6E6279529A94-SegmentedRaftLogWorker for RaftStorage:Storage Directory /workdir/hadoop-ozone/integration-test/target/test-dir/MiniOzoneClusterImpl-e03c2511-109e-4d60-a68c-0151beb67872/datanode-9/data/ratis/4581ef2a-2245-4ecb-8cce-6e6279529a94
2019-11-13 20:17:25,927 [pool-229-thread-1] INFO  server.RaftServerConfigKeys (ConfUtils.java:logGet(43)) - raft.server.log.statemachine.data.sync.timeout = 10s (default)
2019-11-13 20:17:25,927 [pool-219-thread-1] INFO  segmented.SegmentedRaftLogWorker (SegmentedRaftLogWorker.java:<init>(173)) - new 845221a7-8c03-4ab3-a7ad-b09d998a1b3e@group-6E6279529A94-SegmentedRaftLogWorker for RaftStorage:Storage Directory /workdir/hadoop-ozone/integration-test/target/test-dir/MiniOzoneClusterImpl-e03c2511-109e-4d60-a68c-0151beb67872/datanode-7/data/ratis/4581ef2a-2245-4ecb-8cce-6e6279529a94
2019-11-13 20:17:25,928 [pool-229-thread-1] INFO  server.RaftServerConfigKeys (ConfUtils.java:logGet(43)) - raft.server.log.statemachine.data.sync.timeout.retry = -1 (default)
2019-11-13 20:17:25,928 [pool-239-thread-1] INFO  server.RaftServerConfigKeys (ConfUtils.java:logGet(43)) - raft.server.log.queue.byte-limit = 2147483647 (custom)
2019-11-13 20:17:25,928 [pool-229-thread-1] INFO  server.RaftServerConfigKeys (ConfUtils.java:logGet(43)) - raft.server.log.statemachine.data.caching.enabled = true (custom)
2019-11-13 20:17:25,928 [pool-219-thread-1] INFO  server.RaftServerConfigKeys (ConfUtils.java:logGet(43)) - raft.server.log.queue.byte-limit = 2147483647 (custom)
2019-11-13 20:17:25,928 [pool-239-thread-1] INFO  server.RaftServerConfigKeys (ConfUtils.java:logGet(43)) - raft.server.log.queue.element-limit = 1024 (custom)
2019-11-13 20:17:25,928 [pool-229-thread-1] INFO  segmented.SegmentedRaftLogWorker (SegmentedRaftLogWorker.java:lambda$new$0(128)) - 7d2a40c8-d27f-493d-a958-c7cf8432838d@group-6E6279529A94-SegmentedRaftLogWorker: flushIndex: setUnconditionally 0 -> -1
2019-11-13 20:17:25,928 [pool-219-thread-1] INFO  server.RaftServerConfigKeys (ConfUtils.java:logGet(43)) - raft.server.log.queue.element-limit = 1024 (custom)
2019-11-13 20:17:25,928 [pool-239-thread-1] INFO  server.RaftServerConfigKeys (ConfUtils.java:logGet(43)) - raft.server.log.segment.size.max = 1048576 (custom)
2019-11-13 20:17:25,928 [pool-219-thread-1] INFO  server.RaftServerConfigKeys (ConfUtils.java:logGet(43)) - raft.server.log.segment.size.max = 1048576 (custom)
2019-11-13 20:17:25,928 [pool-239-thread-1] INFO  server.RaftServerConfigKeys (ConfUtils.java:logGet(43)) - raft.server.log.preallocated.size = 16384 (custom)
2019-11-13 20:17:25,928 [pool-229-thread-1] INFO  server.RaftServerConfigKeys (ConfUtils.java:logGet(43)) - raft.server.snapshot.auto.trigger.enabled = true (custom)
2019-11-13 20:17:25,928 [pool-239-thread-1] INFO  server.RaftServerConfigKeys (ConfUtils.java:logGet(43)) - raft.server.log.write.buffer.size = 33554432 (custom)
2019-11-13 20:17:25,928 [pool-219-thread-1] INFO  server.RaftServerConfigKeys (ConfUtils.java:logGet(43)) - raft.server.log.preallocated.size = 16384 (custom)
2019-11-13 20:17:25,929 [pool-239-thread-1] INFO  server.RaftServerConfigKeys (ConfUtils.java:logGet(43)) - raft.server.log.force.sync.num = 128 (default)
2019-11-13 20:17:25,929 [pool-229-thread-1] INFO  server.RaftServerConfigKeys (ConfUtils.java:logGet(43)) - raft.server.snapshot.auto.trigger.threshold = 10000 (custom)
2019-11-13 20:17:25,929 [pool-239-thread-1] INFO  server.RaftServerConfigKeys (ConfUtils.java:logGet(43)) - raft.server.log.statemachine.data.sync = true (default)
2019-11-13 20:17:25,929 [pool-219-thread-1] INFO  server.RaftServerConfigKeys (ConfUtils.java:logGet(43)) - raft.server.log.write.buffer.size = 33554432 (custom)
2019-11-13 20:17:25,929 [pool-239-thread-1] INFO  server.RaftServerConfigKeys (ConfUtils.java:logGet(43)) - raft.server.log.statemachine.data.sync.timeout = 10s (default)
2019-11-13 20:17:25,929 [pool-229-thread-1] INFO  server.RaftServerConfigKeys (ConfUtils.java:logGet(43)) - raft.server.snapshot.retention.file.num = 5 (custom)
2019-11-13 20:17:25,929 [pool-239-thread-1] INFO  server.RaftServerConfigKeys (ConfUtils.java:logGet(43)) - raft.server.log.statemachine.data.sync.timeout.retry = -1 (default)
2019-11-13 20:17:25,929 [pool-219-thread-1] INFO  server.RaftServerConfigKeys (ConfUtils.java:logGet(43)) - raft.server.log.force.sync.num = 128 (default)
2019-11-13 20:17:25,929 [pool-239-thread-1] INFO  server.RaftServerConfigKeys (ConfUtils.java:logGet(43)) - raft.server.log.statemachine.data.caching.enabled = true (custom)
2019-11-13 20:17:25,929 [pool-229-thread-1] INFO  server.RaftServerConfigKeys (ConfUtils.java:logGet(43)) - raft.server.retrycache.expirytime = 600000ms (custom)
2019-11-13 20:17:25,929 [pool-219-thread-1] INFO  server.RaftServerConfigKeys (ConfUtils.java:logGet(43)) - raft.server.log.statemachine.data.sync = true (default)
2019-11-13 20:17:25,929 [pool-229-thread-1] WARN  impl.MetricRegistriesImpl (MetricRegistriesImpl.java:lambda$create$1(61)) - First MetricRegistry has been created without registering reporters. You may need to call MetricRegistries.global().addReportRegistration(...) before.
2019-11-13 20:17:25,929 [pool-239-thread-1] INFO  segmented.SegmentedRaftLogWorker (SegmentedRaftLogWorker.java:lambda$new$0(128)) - fbe234eb-236c-4e93-9bcf-aa21ab9b5fff@group-6E6279529A94-SegmentedRaftLogWorker: flushIndex: setUnconditionally 0 -> -1
2019-11-13 20:17:25,930 [pool-229-thread-1] WARN  impl.MetricRegistriesImpl (MetricRegistriesImpl.java:lambda$create$1(61)) - First MetricRegistry has been created without registering reporters. You may need to call MetricRegistries.global().addReportRegistration(...) before.
2019-11-13 20:17:25,930 [pool-219-thread-1] INFO  server.RaftServerConfigKeys (ConfUtils.java:logGet(43)) - raft.server.log.statemachine.data.sync.timeout = 10s (default)
2019-11-13 20:17:25,930 [pool-239-thread-1] INFO  server.RaftServerConfigKeys (ConfUtils.java:logGet(43)) - raft.server.snapshot.auto.trigger.enabled = true (custom)
2019-11-13 20:17:25,930 [pool-229-thread-1] INFO  impl.RaftServerImpl (RaftServerImpl.java:start(184)) - 7d2a40c8-d27f-493d-a958-c7cf8432838d@group-6E6279529A94: start as a follower, conf=-1: [845221a7-8c03-4ab3-a7ad-b09d998a1b3e:192.168.164.208:35661, 7d2a40c8-d27f-493d-a958-c7cf8432838d:192.168.164.208:33052, fbe234eb-236c-4e93-9bcf-aa21ab9b5fff:192.168.164.208:41921], old=null
2019-11-13 20:17:25,930 [pool-219-thread-1] INFO  server.RaftServerConfigKeys (ConfUtils.java:logGet(43)) - raft.server.log.statemachine.data.sync.timeout.retry = -1 (default)
2019-11-13 20:17:25,930 [pool-229-thread-1] INFO  impl.RaftServerImpl (RaftServerImpl.java:setRole(173)) - 7d2a40c8-d27f-493d-a958-c7cf8432838d@group-6E6279529A94: changes role from      null to FOLLOWER at term 0 for startAsFollower
2019-11-13 20:17:25,930 [pool-219-thread-1] INFO  server.RaftServerConfigKeys (ConfUtils.java:logGet(43)) - raft.server.log.statemachine.data.caching.enabled = true (custom)
2019-11-13 20:17:25,930 [pool-239-thread-1] INFO  server.RaftServerConfigKeys (ConfUtils.java:logGet(43)) - raft.server.snapshot.auto.trigger.threshold = 10000 (custom)
2019-11-13 20:17:25,930 [pool-229-thread-1] INFO  impl.RoleInfo (RoleInfo.java:updateAndGet(143)) - 7d2a40c8-d27f-493d-a958-c7cf8432838d: start FollowerState
2019-11-13 20:17:25,930 [pool-219-thread-1] INFO  segmented.SegmentedRaftLogWorker (SegmentedRaftLogWorker.java:lambda$new$0(128)) - 845221a7-8c03-4ab3-a7ad-b09d998a1b3e@group-6E6279529A94-SegmentedRaftLogWorker: flushIndex: setUnconditionally 0 -> -1
2019-11-13 20:17:25,930 [pool-239-thread-1] INFO  server.RaftServerConfigKeys (ConfUtils.java:logGet(43)) - raft.server.snapshot.retention.file.num = 5 (custom)
2019-11-13 20:17:25,931 [pool-239-thread-1] INFO  server.RaftServerConfigKeys (ConfUtils.java:logGet(43)) - raft.server.retrycache.expirytime = 600000ms (custom)
2019-11-13 20:17:25,931 [pool-219-thread-1] INFO  server.RaftServerConfigKeys (ConfUtils.java:logGet(43)) - raft.server.snapshot.auto.trigger.enabled = true (custom)
2019-11-13 20:17:25,931 [pool-229-thread-1] INFO  util.JmxRegister (JmxRegister.java:tryRegister(44)) - Successfully registered JMX Bean with object name Ratis:service=RaftServer,group=group-6E6279529A94,id=7d2a40c8-d27f-493d-a958-c7cf8432838d
2019-11-13 20:17:25,931 [pool-219-thread-1] INFO  server.RaftServerConfigKeys (ConfUtils.java:logGet(43)) - raft.server.snapshot.auto.trigger.threshold = 10000 (custom)
2019-11-13 20:17:25,931 [pool-239-thread-1] WARN  impl.MetricRegistriesImpl (MetricRegistriesImpl.java:lambda$create$1(61)) - First MetricRegistry has been created without registering reporters. You may need to call MetricRegistries.global().addReportRegistration(...) before.
2019-11-13 20:17:25,931 [pool-219-thread-1] INFO  server.RaftServerConfigKeys (ConfUtils.java:logGet(43)) - raft.server.snapshot.retention.file.num = 5 (custom)
2019-11-13 20:17:25,931 [pool-229-thread-1] WARN  impl.MetricRegistriesImpl (MetricRegistriesImpl.java:lambda$create$1(61)) - First MetricRegistry has been created without registering reporters. You may need to call MetricRegistries.global().addReportRegistration(...) before.
2019-11-13 20:17:25,931 [pool-219-thread-1] INFO  server.RaftServerConfigKeys (ConfUtils.java:logGet(43)) - raft.server.retrycache.expirytime = 600000ms (custom)
2019-11-13 20:17:25,931 [pool-239-thread-1] WARN  impl.MetricRegistriesImpl (MetricRegistriesImpl.java:lambda$create$1(61)) - First MetricRegistry has been created without registering reporters. You may need to call MetricRegistries.global().addReportRegistration(...) before.
2019-11-13 20:17:25,931 [pool-219-thread-1] WARN  impl.MetricRegistriesImpl (MetricRegistriesImpl.java:lambda$create$1(61)) - First MetricRegistry has been created without registering reporters. You may need to call MetricRegistries.global().addReportRegistration(...) before.
2019-11-13 20:17:25,931 [pool-219-thread-1] WARN  impl.MetricRegistriesImpl (MetricRegistriesImpl.java:lambda$create$1(61)) - First MetricRegistry has been created without registering reporters. You may need to call MetricRegistries.global().addReportRegistration(...) before.
2019-11-13 20:17:25,932 [pool-239-thread-1] INFO  impl.RaftServerImpl (RaftServerImpl.java:start(184)) - fbe234eb-236c-4e93-9bcf-aa21ab9b5fff@group-6E6279529A94: start as a follower, conf=-1: [845221a7-8c03-4ab3-a7ad-b09d998a1b3e:192.168.164.208:35661, 7d2a40c8-d27f-493d-a958-c7cf8432838d:192.168.164.208:33052, fbe234eb-236c-4e93-9bcf-aa21ab9b5fff:192.168.164.208:41921], old=null
2019-11-13 20:17:25,932 [pool-219-thread-1] INFO  impl.RaftServerImpl (RaftServerImpl.java:start(184)) - 845221a7-8c03-4ab3-a7ad-b09d998a1b3e@group-6E6279529A94: start as a follower, conf=-1: [845221a7-8c03-4ab3-a7ad-b09d998a1b3e:192.168.164.208:35661, 7d2a40c8-d27f-493d-a958-c7cf8432838d:192.168.164.208:33052, fbe234eb-236c-4e93-9bcf-aa21ab9b5fff:192.168.164.208:41921], old=null
2019-11-13 20:17:25,932 [pool-239-thread-1] INFO  impl.RaftServerImpl (RaftServerImpl.java:setRole(173)) - fbe234eb-236c-4e93-9bcf-aa21ab9b5fff@group-6E6279529A94: changes role from      null to FOLLOWER at term 0 for startAsFollower
2019-11-13 20:17:25,932 [pool-219-thread-1] INFO  impl.RaftServerImpl (RaftServerImpl.java:setRole(173)) - 845221a7-8c03-4ab3-a7ad-b09d998a1b3e@group-6E6279529A94: changes role from      null to FOLLOWER at term 0 for startAsFollower
2019-11-13 20:17:25,932 [pool-239-thread-1] INFO  impl.RoleInfo (RoleInfo.java:updateAndGet(143)) - fbe234eb-236c-4e93-9bcf-aa21ab9b5fff: start FollowerState
2019-11-13 20:17:25,932 [pool-219-thread-1] INFO  impl.RoleInfo (RoleInfo.java:updateAndGet(143)) - 845221a7-8c03-4ab3-a7ad-b09d998a1b3e: start FollowerState
2019-11-13 20:17:25,932 [pool-239-thread-1] INFO  util.JmxRegister (JmxRegister.java:tryRegister(44)) - Successfully registered JMX Bean with object name Ratis:service=RaftServer,group=group-6E6279529A94,id=fbe234eb-236c-4e93-9bcf-aa21ab9b5fff
2019-11-13 20:17:25,932 [pool-239-thread-1] WARN  impl.MetricRegistriesImpl (MetricRegistriesImpl.java:lambda$create$1(61)) - First MetricRegistry has been created without registering reporters. You may need to call MetricRegistries.global().addReportRegistration(...) before.
2019-11-13 20:17:25,932 [pool-219-thread-1] INFO  util.JmxRegister (JmxRegister.java:tryRegister(44)) - Successfully registered JMX Bean with object name Ratis:service=RaftServer,group=group-6E6279529A94,id=845221a7-8c03-4ab3-a7ad-b09d998a1b3e
2019-11-13 20:17:25,933 [pool-219-thread-1] WARN  impl.MetricRegistriesImpl (MetricRegistriesImpl.java:lambda$create$1(61)) - First MetricRegistry has been created without registering reporters. You may need to call MetricRegistries.global().addReportRegistration(...) before.
2019-11-13 20:17:25,936 [RatisPipelineUtilsThread] INFO  pipeline.PipelineStateManager (PipelineStateManager.java:addPipeline(55)) - Created pipeline Pipeline[ Id: 4581ef2a-2245-4ecb-8cce-6e6279529a94, Nodes: 845221a7-8c03-4ab3-a7ad-b09d998a1b3e{ip: 192.168.164.208, host: pr-hdds-2375-t422d-1049308724, networkLocation: /rack1, certSerialId: null}7d2a40c8-d27f-493d-a958-c7cf8432838d{ip: 192.168.164.208, host: pr-hdds-2375-t422d-1049308724, networkLocation: /rack1, certSerialId: null}fbe234eb-236c-4e93-9bcf-aa21ab9b5fff{ip: 192.168.164.208, host: pr-hdds-2375-t422d-1049308724, networkLocation: /rack1, certSerialId: null}, Type:RATIS, Factor:THREE, State:ALLOCATED]
2019-11-13 20:17:25,937 [main] INFO  ozone.MiniOzoneClusterImpl (MiniOzoneClusterImpl.java:lambda$waitForClusterToBeReady$2(163)) - Waiting for 13 number of pipelines out of 13, to report a leader.
2019-11-13 20:17:26,234 [Thread-1285] INFO  impl.FollowerState (FollowerState.java:run(111)) - 227642ba-0415-4d98-a6b8-20167e8a399a@group-3F339DFA4E8C-FollowerState: change to CANDIDATE, lastRpcTime:1063ms, electionTimeout:1063ms
2019-11-13 20:17:26,234 [Thread-1285] INFO  impl.RoleInfo (RoleInfo.java:shutdownFollowerState(121)) - 227642ba-0415-4d98-a6b8-20167e8a399a: shutdown FollowerState
2019-11-13 20:17:26,234 [Thread-1285] INFO  impl.RaftServerImpl (RaftServerImpl.java:setRole(173)) - 227642ba-0415-4d98-a6b8-20167e8a399a@group-3F339DFA4E8C: changes role from  FOLLOWER to CANDIDATE at term 0 for changeToCandidate
2019-11-13 20:17:26,235 [Thread-1285] INFO  impl.RoleInfo (RoleInfo.java:updateAndGet(143)) - 227642ba-0415-4d98-a6b8-20167e8a399a: start LeaderElection
2019-11-13 20:17:26,255 [227642ba-0415-4d98-a6b8-20167e8a399a@group-3F339DFA4E8C-LeaderElection65] INFO  impl.LeaderElection (LeaderElection.java:askForVotes(178)) - 227642ba-0415-4d98-a6b8-20167e8a399a@group-3F339DFA4E8C-LeaderElection65: begin an election at term 1 for -1: [227642ba-0415-4d98-a6b8-20167e8a399a:192.168.164.208:40637], old=null
2019-11-13 20:17:26,256 [227642ba-0415-4d98-a6b8-20167e8a399a@group-3F339DFA4E8C-LeaderElection65] INFO  impl.RoleInfo (RoleInfo.java:shutdownLeaderElection(134)) - 227642ba-0415-4d98-a6b8-20167e8a399a: shutdown LeaderElection
2019-11-13 20:17:26,256 [227642ba-0415-4d98-a6b8-20167e8a399a@group-3F339DFA4E8C-LeaderElection65] INFO  impl.RaftServerImpl (RaftServerImpl.java:setRole(173)) - 227642ba-0415-4d98-a6b8-20167e8a399a@group-3F339DFA4E8C: changes role from CANDIDATE to LEADER at term 1 for changeToLeader
2019-11-13 20:17:26,256 [227642ba-0415-4d98-a6b8-20167e8a399a@group-3F339DFA4E8C-LeaderElection65] INFO  ratis.XceiverServerRatis (XceiverServerRatis.java:handleLeaderChangedNotification(697)) - Leader change notification received for group: group-3F339DFA4E8C with new leaderId: 227642ba-0415-4d98-a6b8-20167e8a399a
2019-11-13 20:17:26,256 [227642ba-0415-4d98-a6b8-20167e8a399a@group-3F339DFA4E8C-LeaderElection65] INFO  impl.RaftServerImpl (ServerState.java:setLeader(255)) - 227642ba-0415-4d98-a6b8-20167e8a399a@group-3F339DFA4E8C: change Leader from null to 227642ba-0415-4d98-a6b8-20167e8a399a at term 1 for becomeLeader, leader elected after 1089ms
2019-11-13 20:17:26,256 [227642ba-0415-4d98-a6b8-20167e8a399a@group-3F339DFA4E8C-LeaderElection65] INFO  server.RaftServerConfigKeys (ConfUtils.java:logGet(43)) - raft.server.staging.catchup.gap = 1000 (default)
2019-11-13 20:17:26,258 [227642ba-0415-4d98-a6b8-20167e8a399a@group-3F339DFA4E8C-LeaderElection65] INFO  server.RaftServerConfigKeys (ConfUtils.java:logGet(43)) - raft.server.rpc.sleep.time = 25ms (default)
2019-11-13 20:17:26,259 [227642ba-0415-4d98-a6b8-20167e8a399a@group-3F339DFA4E8C-LeaderElection65] INFO  server.RaftServerConfigKeys (ConfUtils.java:logGet(43)) - raft.server.write.element-limit = 4096 (default)
2019-11-13 20:17:26,259 [227642ba-0415-4d98-a6b8-20167e8a399a@group-3F339DFA4E8C-LeaderElection65] INFO  server.RaftServerConfigKeys (ConfUtils.java:logGet(43)) - raft.server.watch.timeout = 10s (default)
2019-11-13 20:17:26,259 [227642ba-0415-4d98-a6b8-20167e8a399a@group-3F339DFA4E8C-LeaderElection65] INFO  server.RaftServerConfigKeys (ConfUtils.java:logGet(43)) - raft.server.watch.timeout.denomination = 1s (default)
2019-11-13 20:17:26,259 [227642ba-0415-4d98-a6b8-20167e8a399a@group-3F339DFA4E8C-LeaderElection65] INFO  server.RaftServerConfigKeys (ConfUtils.java:logGet(43)) - raft.server.watch.element-limit = 65536 (default)
2019-11-13 20:17:26,259 [227642ba-0415-4d98-a6b8-20167e8a399a@group-3F339DFA4E8C-LeaderElection65] INFO  impl.RoleInfo (RoleInfo.java:updateAndGet(143)) - 227642ba-0415-4d98-a6b8-20167e8a399a: start LeaderState
2019-11-13 20:17:26,260 [227642ba-0415-4d98-a6b8-20167e8a399a@group-3F339DFA4E8C-LeaderElection65] INFO  segmented.SegmentedRaftLogWorker (SegmentedRaftLogWorker.java:startLogSegment(385)) - 227642ba-0415-4d98-a6b8-20167e8a399a@group-3F339DFA4E8C-SegmentedRaftLogWorker: Starting segment from index:0
2019-11-13 20:17:26,260 [EventQueue-PipelineReportForPipelineReportHandler] INFO  pipeline.PipelineStateManager (PipelineStateManager.java:openPipeline(134)) - Pipeline Pipeline[ Id: 56469271-16dd-454b-9f14-3f339dfa4e8c, Nodes: 227642ba-0415-4d98-a6b8-20167e8a399a{ip: 192.168.164.208, host: pr-hdds-2375-t422d-1049308724, networkLocation: /rack1, certSerialId: null}, Type:RATIS, Factor:ONE, State:OPEN] moved to OPEN state
2019-11-13 20:17:26,260 [227642ba-0415-4d98-a6b8-20167e8a399a@group-3F339DFA4E8C-LeaderElection65] INFO  impl.RaftServerImpl (ServerState.java:setRaftConf(356)) - 227642ba-0415-4d98-a6b8-20167e8a399a@group-3F339DFA4E8C: set configuration 0: [227642ba-0415-4d98-a6b8-20167e8a399a:192.168.164.208:40637], old=null at 0
2019-11-13 20:17:26,314 [227642ba-0415-4d98-a6b8-20167e8a399a@group-3F339DFA4E8C-SegmentedRaftLogWorker] INFO  segmented.SegmentedRaftLogWorker (SegmentedRaftLogWorker.java:execute(576)) - 227642ba-0415-4d98-a6b8-20167e8a399a@group-3F339DFA4E8C-SegmentedRaftLogWorker: created new log segment /workdir/hadoop-ozone/integration-test/target/test-dir/MiniOzoneClusterImpl-e03c2511-109e-4d60-a68c-0151beb67872/datanode-0/data/ratis/56469271-16dd-454b-9f14-3f339dfa4e8c/current/log_inprogress_0
2019-11-13 20:17:26,359 [Thread-1288] INFO  impl.FollowerState (FollowerState.java:run(111)) - 836dac64-dd9f-4309-a076-e086947645e1@group-B0D7EB97FB91-FollowerState: change to CANDIDATE, lastRpcTime:1142ms, electionTimeout:1142ms
2019-11-13 20:17:26,360 [Thread-1288] INFO  impl.RoleInfo (RoleInfo.java:shutdownFollowerState(121)) - 836dac64-dd9f-4309-a076-e086947645e1: shutdown FollowerState
2019-11-13 20:17:26,360 [Thread-1288] INFO  impl.RaftServerImpl (RaftServerImpl.java:setRole(173)) - 836dac64-dd9f-4309-a076-e086947645e1@group-B0D7EB97FB91: changes role from  FOLLOWER to CANDIDATE at term 0 for changeToCandidate
2019-11-13 20:17:26,360 [Thread-1288] INFO  impl.RoleInfo (RoleInfo.java:updateAndGet(143)) - 836dac64-dd9f-4309-a076-e086947645e1: start LeaderElection
2019-11-13 20:17:26,378 [836dac64-dd9f-4309-a076-e086947645e1@group-B0D7EB97FB91-LeaderElection66] INFO  impl.LeaderElection (LeaderElection.java:askForVotes(178)) - 836dac64-dd9f-4309-a076-e086947645e1@group-B0D7EB97FB91-LeaderElection66: begin an election at term 1 for -1: [836dac64-dd9f-4309-a076-e086947645e1:192.168.164.208:40723], old=null
2019-11-13 20:17:26,378 [836dac64-dd9f-4309-a076-e086947645e1@group-B0D7EB97FB91-LeaderElection66] INFO  impl.RoleInfo (RoleInfo.java:shutdownLeaderElection(134)) - 836dac64-dd9f-4309-a076-e086947645e1: shutdown LeaderElection
2019-11-13 20:17:26,378 [836dac64-dd9f-4309-a076-e086947645e1@group-B0D7EB97FB91-LeaderElection66] INFO  impl.RaftServerImpl (RaftServerImpl.java:setRole(173)) - 836dac64-dd9f-4309-a076-e086947645e1@group-B0D7EB97FB91: changes role from CANDIDATE to LEADER at term 1 for changeToLeader
2019-11-13 20:17:26,378 [836dac64-dd9f-4309-a076-e086947645e1@group-B0D7EB97FB91-LeaderElection66] INFO  ratis.XceiverServerRatis (XceiverServerRatis.java:handleLeaderChangedNotification(697)) - Leader change notification received for group: group-B0D7EB97FB91 with new leaderId: 836dac64-dd9f-4309-a076-e086947645e1
2019-11-13 20:17:26,379 [836dac64-dd9f-4309-a076-e086947645e1@group-B0D7EB97FB91-LeaderElection66] INFO  impl.RaftServerImpl (ServerState.java:setLeader(255)) - 836dac64-dd9f-4309-a076-e086947645e1@group-B0D7EB97FB91: change Leader from null to 836dac64-dd9f-4309-a076-e086947645e1 at term 1 for becomeLeader, leader elected after 1166ms
2019-11-13 20:17:26,379 [836dac64-dd9f-4309-a076-e086947645e1@group-B0D7EB97FB91-LeaderElection66] INFO  server.RaftServerConfigKeys (ConfUtils.java:logGet(43)) - raft.server.staging.catchup.gap = 1000 (default)
2019-11-13 20:17:26,379 [836dac64-dd9f-4309-a076-e086947645e1@group-B0D7EB97FB91-LeaderElection66] INFO  server.RaftServerConfigKeys (ConfUtils.java:logGet(43)) - raft.server.rpc.sleep.time = 25ms (default)
2019-11-13 20:17:26,381 [836dac64-dd9f-4309-a076-e086947645e1@group-B0D7EB97FB91-LeaderElection66] INFO  server.RaftServerConfigKeys (ConfUtils.java:logGet(43)) - raft.server.write.element-limit = 4096 (default)
2019-11-13 20:17:26,381 [836dac64-dd9f-4309-a076-e086947645e1@group-B0D7EB97FB91-LeaderElection66] INFO  server.RaftServerConfigKeys (ConfUtils.java:logGet(43)) - raft.server.watch.timeout = 10s (default)
2019-11-13 20:17:26,381 [836dac64-dd9f-4309-a076-e086947645e1@group-B0D7EB97FB91-LeaderElection66] INFO  server.RaftServerConfigKeys (ConfUtils.java:logGet(43)) - raft.server.watch.timeout.denomination = 1s (default)
2019-11-13 20:17:26,382 [836dac64-dd9f-4309-a076-e086947645e1@group-B0D7EB97FB91-LeaderElection66] INFO  server.RaftServerConfigKeys (ConfUtils.java:logGet(43)) - raft.server.watch.element-limit = 65536 (default)
2019-11-13 20:17:26,382 [836dac64-dd9f-4309-a076-e086947645e1@group-B0D7EB97FB91-LeaderElection66] INFO  impl.RoleInfo (RoleInfo.java:updateAndGet(143)) - 836dac64-dd9f-4309-a076-e086947645e1: start LeaderState
2019-11-13 20:17:26,382 [EventQueue-PipelineReportForPipelineReportHandler] INFO  pipeline.PipelineStateManager (PipelineStateManager.java:openPipeline(134)) - Pipeline Pipeline[ Id: c40c902d-531e-44d8-a705-b0d7eb97fb91, Nodes: 836dac64-dd9f-4309-a076-e086947645e1{ip: 192.168.164.208, host: pr-hdds-2375-t422d-1049308724, networkLocation: /rack1, certSerialId: null}, Type:RATIS, Factor:ONE, State:OPEN] moved to OPEN state
2019-11-13 20:17:26,382 [836dac64-dd9f-4309-a076-e086947645e1@group-B0D7EB97FB91-LeaderElection66] INFO  segmented.SegmentedRaftLogWorker (SegmentedRaftLogWorker.java:startLogSegment(385)) - 836dac64-dd9f-4309-a076-e086947645e1@group-B0D7EB97FB91-SegmentedRaftLogWorker: Starting segment from index:0
2019-11-13 20:17:26,383 [836dac64-dd9f-4309-a076-e086947645e1@group-B0D7EB97FB91-LeaderElection66] INFO  impl.RaftServerImpl (ServerState.java:setRaftConf(356)) - 836dac64-dd9f-4309-a076-e086947645e1@group-B0D7EB97FB91: set configuration 0: [836dac64-dd9f-4309-a076-e086947645e1:192.168.164.208:40723], old=null at 0
2019-11-13 20:17:26,440 [836dac64-dd9f-4309-a076-e086947645e1@group-B0D7EB97FB91-SegmentedRaftLogWorker] INFO  segmented.SegmentedRaftLogWorker (SegmentedRaftLogWorker.java:execute(576)) - 836dac64-dd9f-4309-a076-e086947645e1@group-B0D7EB97FB91-SegmentedRaftLogWorker: created new log segment /workdir/hadoop-ozone/integration-test/target/test-dir/MiniOzoneClusterImpl-e03c2511-109e-4d60-a68c-0151beb67872/datanode-1/data/ratis/c40c902d-531e-44d8-a705-b0d7eb97fb91/current/log_inprogress_0
2019-11-13 20:17:26,449 [Thread-1291] INFO  impl.FollowerState (FollowerState.java:run(111)) - d075120a-ef0f-46a0-9778-bb6f9a0780d0@group-82A9B26DC782-FollowerState: change to CANDIDATE, lastRpcTime:1166ms, electionTimeout:1166ms
2019-11-13 20:17:26,449 [Thread-1291] INFO  impl.RoleInfo (RoleInfo.java:shutdownFollowerState(121)) - d075120a-ef0f-46a0-9778-bb6f9a0780d0: shutdown FollowerState
2019-11-13 20:17:26,449 [Thread-1291] INFO  impl.RaftServerImpl (RaftServerImpl.java:setRole(173)) - d075120a-ef0f-46a0-9778-bb6f9a0780d0@group-82A9B26DC782: changes role from  FOLLOWER to CANDIDATE at term 0 for changeToCandidate
2019-11-13 20:17:26,449 [Thread-1291] INFO  impl.RoleInfo (RoleInfo.java:updateAndGet(143)) - d075120a-ef0f-46a0-9778-bb6f9a0780d0: start LeaderElection
2019-11-13 20:17:26,467 [d075120a-ef0f-46a0-9778-bb6f9a0780d0@group-82A9B26DC782-LeaderElection67] INFO  impl.LeaderElection (LeaderElection.java:askForVotes(178)) - d075120a-ef0f-46a0-9778-bb6f9a0780d0@group-82A9B26DC782-LeaderElection67: begin an election at term 1 for -1: [d075120a-ef0f-46a0-9778-bb6f9a0780d0:192.168.164.208:39220], old=null
2019-11-13 20:17:26,467 [d075120a-ef0f-46a0-9778-bb6f9a0780d0@group-82A9B26DC782-LeaderElection67] INFO  impl.RoleInfo (RoleInfo.java:shutdownLeaderElection(134)) - d075120a-ef0f-46a0-9778-bb6f9a0780d0: shutdown LeaderElection
2019-11-13 20:17:26,467 [d075120a-ef0f-46a0-9778-bb6f9a0780d0@group-82A9B26DC782-LeaderElection67] INFO  impl.RaftServerImpl (RaftServerImpl.java:setRole(173)) - d075120a-ef0f-46a0-9778-bb6f9a0780d0@group-82A9B26DC782: changes role from CANDIDATE to LEADER at term 1 for changeToLeader
2019-11-13 20:17:26,467 [d075120a-ef0f-46a0-9778-bb6f9a0780d0@group-82A9B26DC782-LeaderElection67] INFO  ratis.XceiverServerRatis (XceiverServerRatis.java:handleLeaderChangedNotification(697)) - Leader change notification received for group: group-82A9B26DC782 with new leaderId: d075120a-ef0f-46a0-9778-bb6f9a0780d0
2019-11-13 20:17:26,468 [d075120a-ef0f-46a0-9778-bb6f9a0780d0@group-82A9B26DC782-LeaderElection67] INFO  impl.RaftServerImpl (ServerState.java:setLeader(255)) - d075120a-ef0f-46a0-9778-bb6f9a0780d0@group-82A9B26DC782: change Leader from null to d075120a-ef0f-46a0-9778-bb6f9a0780d0 at term 1 for becomeLeader, leader elected after 1188ms
2019-11-13 20:17:26,468 [d075120a-ef0f-46a0-9778-bb6f9a0780d0@group-82A9B26DC782-LeaderElection67] INFO  server.RaftServerConfigKeys (ConfUtils.java:logGet(43)) - raft.server.staging.catchup.gap = 1000 (default)
2019-11-13 20:17:26,470 [Thread-1298] INFO  impl.FollowerState (FollowerState.java:run(111)) - d075120a-ef0f-46a0-9778-bb6f9a0780d0@group-22D09AEB1E32-FollowerState: change to CANDIDATE, lastRpcTime:1118ms, electionTimeout:1117ms
2019-11-13 20:17:26,470 [d075120a-ef0f-46a0-9778-bb6f9a0780d0@group-82A9B26DC782-LeaderElection67] INFO  server.RaftServerConfigKeys (ConfUtils.java:logGet(43)) - raft.server.rpc.sleep.time = 25ms (default)
2019-11-13 20:17:26,471 [Thread-1298] INFO  impl.RoleInfo (RoleInfo.java:shutdownFollowerState(121)) - d075120a-ef0f-46a0-9778-bb6f9a0780d0: shutdown FollowerState
2019-11-13 20:17:26,471 [EventQueue-PipelineReportForPipelineReportHandler] INFO  pipeline.PipelineStateManager (PipelineStateManager.java:openPipeline(134)) - Pipeline Pipeline[ Id: 1cf95824-01b1-4140-b7ef-82a9b26dc782, Nodes: d075120a-ef0f-46a0-9778-bb6f9a0780d0{ip: 192.168.164.208, host: pr-hdds-2375-t422d-1049308724, networkLocation: /rack1, certSerialId: null}, Type:RATIS, Factor:ONE, State:OPEN] moved to OPEN state
2019-11-13 20:17:26,471 [d075120a-ef0f-46a0-9778-bb6f9a0780d0@group-82A9B26DC782-LeaderElection67] INFO  server.RaftServerConfigKeys (ConfUtils.java:logGet(43)) - raft.server.write.element-limit = 4096 (default)
2019-11-13 20:17:26,471 [Thread-1298] INFO  impl.RaftServerImpl (RaftServerImpl.java:setRole(173)) - d075120a-ef0f-46a0-9778-bb6f9a0780d0@group-22D09AEB1E32: changes role from  FOLLOWER to CANDIDATE at term 0 for changeToCandidate
2019-11-13 20:17:26,472 [d075120a-ef0f-46a0-9778-bb6f9a0780d0@group-82A9B26DC782-LeaderElection67] INFO  server.RaftServerConfigKeys (ConfUtils.java:logGet(43)) - raft.server.watch.timeout = 10s (default)
2019-11-13 20:17:26,472 [Thread-1298] INFO  impl.RoleInfo (RoleInfo.java:updateAndGet(143)) - d075120a-ef0f-46a0-9778-bb6f9a0780d0: start LeaderElection
2019-11-13 20:17:26,472 [d075120a-ef0f-46a0-9778-bb6f9a0780d0@group-82A9B26DC782-LeaderElection67] INFO  server.RaftServerConfigKeys (ConfUtils.java:logGet(43)) - raft.server.watch.timeout.denomination = 1s (default)
2019-11-13 20:17:26,472 [d075120a-ef0f-46a0-9778-bb6f9a0780d0@group-82A9B26DC782-LeaderElection67] INFO  server.RaftServerConfigKeys (ConfUtils.java:logGet(43)) - raft.server.watch.element-limit = 65536 (default)
2019-11-13 20:17:26,476 [d075120a-ef0f-46a0-9778-bb6f9a0780d0@group-82A9B26DC782-LeaderElection67] INFO  impl.RoleInfo (RoleInfo.java:updateAndGet(143)) - d075120a-ef0f-46a0-9778-bb6f9a0780d0: start LeaderState
2019-11-13 20:17:26,477 [d075120a-ef0f-46a0-9778-bb6f9a0780d0@group-82A9B26DC782-LeaderElection67] INFO  segmented.SegmentedRaftLogWorker (SegmentedRaftLogWorker.java:startLogSegment(385)) - d075120a-ef0f-46a0-9778-bb6f9a0780d0@group-82A9B26DC782-SegmentedRaftLogWorker: Starting segment from index:0
2019-11-13 20:17:26,477 [d075120a-ef0f-46a0-9778-bb6f9a0780d0@group-82A9B26DC782-LeaderElection67] INFO  impl.RaftServerImpl (ServerState.java:setRaftConf(356)) - d075120a-ef0f-46a0-9778-bb6f9a0780d0@group-82A9B26DC782: set configuration 0: [d075120a-ef0f-46a0-9778-bb6f9a0780d0:192.168.164.208:39220], old=null at 0
2019-11-13 20:17:26,489 [d075120a-ef0f-46a0-9778-bb6f9a0780d0@group-22D09AEB1E32-LeaderElection68] INFO  impl.LeaderElection (LeaderElection.java:askForVotes(178)) - d075120a-ef0f-46a0-9778-bb6f9a0780d0@group-22D09AEB1E32-LeaderElection68: begin an election at term 1 for -1: [d075120a-ef0f-46a0-9778-bb6f9a0780d0:192.168.164.208:39220, 227642ba-0415-4d98-a6b8-20167e8a399a:192.168.164.208:40637, 836dac64-dd9f-4309-a076-e086947645e1:192.168.164.208:40723], old=null
2019-11-13 20:17:26,513 [Thread-1303] INFO  impl.FollowerState (FollowerState.java:run(111)) - 023d4525-aae9-49d4-923e-7124a55e5ae2@group-EA2E2195EAF7-FollowerState: change to CANDIDATE, lastRpcTime:1064ms, electionTimeout:1063ms
2019-11-13 20:17:26,513 [grpc-default-executor-4] INFO  impl.RaftServerImpl (RaftServerImpl.java:setRole(173)) - 227642ba-0415-4d98-a6b8-20167e8a399a@group-22D09AEB1E32: changes role from  FOLLOWER to FOLLOWER at term 1 for recognizeCandidate:d075120a-ef0f-46a0-9778-bb6f9a0780d0
2019-11-13 20:17:26,513 [grpc-default-executor-2] INFO  impl.RaftServerImpl (RaftServerImpl.java:setRole(173)) - 836dac64-dd9f-4309-a076-e086947645e1@group-22D09AEB1E32: changes role from  FOLLOWER to FOLLOWER at term 1 for recognizeCandidate:d075120a-ef0f-46a0-9778-bb6f9a0780d0
2019-11-13 20:17:26,513 [grpc-default-executor-4] INFO  impl.RoleInfo (RoleInfo.java:shutdownFollowerState(121)) - 227642ba-0415-4d98-a6b8-20167e8a399a: shutdown FollowerState
2019-11-13 20:17:26,513 [Thread-1303] INFO  impl.RoleInfo (RoleInfo.java:shutdownFollowerState(121)) - 023d4525-aae9-49d4-923e-7124a55e5ae2: shutdown FollowerState
2019-11-13 20:17:26,514 [grpc-default-executor-4] INFO  impl.RoleInfo (RoleInfo.java:updateAndGet(143)) - 227642ba-0415-4d98-a6b8-20167e8a399a: start FollowerState
2019-11-13 20:17:26,514 [Thread-1294] INFO  impl.FollowerState (FollowerState.java:run(120)) - 227642ba-0415-4d98-a6b8-20167e8a399a@group-22D09AEB1E32-FollowerState was interrupted: java.lang.InterruptedException: sleep interrupted
2019-11-13 20:17:26,514 [grpc-default-executor-2] INFO  impl.RoleInfo (RoleInfo.java:shutdownFollowerState(121)) - 836dac64-dd9f-4309-a076-e086947645e1: shutdown FollowerState
2019-11-13 20:17:26,514 [Thread-1303] INFO  impl.RaftServerImpl (RaftServerImpl.java:setRole(173)) - 023d4525-aae9-49d4-923e-7124a55e5ae2@group-EA2E2195EAF7: changes role from  FOLLOWER to CANDIDATE at term 0 for changeToCandidate
2019-11-13 20:17:26,515 [Thread-1299] INFO  impl.FollowerState (FollowerState.java:run(120)) - 836dac64-dd9f-4309-a076-e086947645e1@group-22D09AEB1E32-FollowerState was interrupted: java.lang.InterruptedException: sleep interrupted
2019-11-13 20:17:26,515 [grpc-default-executor-2] INFO  impl.RoleInfo (RoleInfo.java:updateAndGet(143)) - 836dac64-dd9f-4309-a076-e086947645e1: start FollowerState
2019-11-13 20:17:26,515 [Thread-1303] INFO  impl.RoleInfo (RoleInfo.java:updateAndGet(143)) - 023d4525-aae9-49d4-923e-7124a55e5ae2: start LeaderElection
2019-11-13 20:17:26,526 [d075120a-ef0f-46a0-9778-bb6f9a0780d0@group-82A9B26DC782-SegmentedRaftLogWorker] INFO  segmented.SegmentedRaftLogWorker (SegmentedRaftLogWorker.java:execute(576)) - d075120a-ef0f-46a0-9778-bb6f9a0780d0@group-82A9B26DC782-SegmentedRaftLogWorker: created new log segment /workdir/hadoop-ozone/integration-test/target/test-dir/MiniOzoneClusterImpl-e03c2511-109e-4d60-a68c-0151beb67872/datanode-2/data/ratis/1cf95824-01b1-4140-b7ef-82a9b26dc782/current/log_inprogress_0
2019-11-13 20:17:26,526 [023d4525-aae9-49d4-923e-7124a55e5ae2@group-EA2E2195EAF7-LeaderElection69] INFO  impl.LeaderElection (LeaderElection.java:askForVotes(178)) - 023d4525-aae9-49d4-923e-7124a55e5ae2@group-EA2E2195EAF7-LeaderElection69: begin an election at term 1 for -1: [023d4525-aae9-49d4-923e-7124a55e5ae2:192.168.164.208:41869], old=null
2019-11-13 20:17:26,526 [023d4525-aae9-49d4-923e-7124a55e5ae2@group-EA2E2195EAF7-LeaderElection69] INFO  impl.RoleInfo (RoleInfo.java:shutdownLeaderElection(134)) - 023d4525-aae9-49d4-923e-7124a55e5ae2: shutdown LeaderElection
2019-11-13 20:17:26,527 [023d4525-aae9-49d4-923e-7124a55e5ae2@group-EA2E2195EAF7-LeaderElection69] INFO  impl.RaftServerImpl (RaftServerImpl.java:setRole(173)) - 023d4525-aae9-49d4-923e-7124a55e5ae2@group-EA2E2195EAF7: changes role from CANDIDATE to LEADER at term 1 for changeToLeader
2019-11-13 20:17:26,527 [023d4525-aae9-49d4-923e-7124a55e5ae2@group-EA2E2195EAF7-LeaderElection69] INFO  ratis.XceiverServerRatis (XceiverServerRatis.java:handleLeaderChangedNotification(697)) - Leader change notification received for group: group-EA2E2195EAF7 with new leaderId: 023d4525-aae9-49d4-923e-7124a55e5ae2
2019-11-13 20:17:26,527 [023d4525-aae9-49d4-923e-7124a55e5ae2@group-EA2E2195EAF7-LeaderElection69] INFO  impl.RaftServerImpl (ServerState.java:setLeader(255)) - 023d4525-aae9-49d4-923e-7124a55e5ae2@group-EA2E2195EAF7: change Leader from null to 023d4525-aae9-49d4-923e-7124a55e5ae2 at term 1 for becomeLeader, leader elected after 1083ms
2019-11-13 20:17:26,527 [023d4525-aae9-49d4-923e-7124a55e5ae2@group-EA2E2195EAF7-LeaderElection69] INFO  server.RaftServerConfigKeys (ConfUtils.java:logGet(43)) - raft.server.staging.catchup.gap = 1000 (default)
2019-11-13 20:17:26,529 [d075120a-ef0f-46a0-9778-bb6f9a0780d0@group-22D09AEB1E32-LeaderElection68] INFO  impl.LeaderElection (LeaderElection.java:logAndReturn(56)) - d075120a-ef0f-46a0-9778-bb6f9a0780d0@group-22D09AEB1E32-LeaderElection68: Election PASSED; received 1 response(s) [d075120a-ef0f-46a0-9778-bb6f9a0780d0<-836dac64-dd9f-4309-a076-e086947645e1#0:OK-t1] and 0 exception(s); d075120a-ef0f-46a0-9778-bb6f9a0780d0@group-22D09AEB1E32:t1, leader=null, voted=d075120a-ef0f-46a0-9778-bb6f9a0780d0, raftlog=d075120a-ef0f-46a0-9778-bb6f9a0780d0@group-22D09AEB1E32-SegmentedRaftLog:OPENED:c-1,f-1,i0, conf=-1: [d075120a-ef0f-46a0-9778-bb6f9a0780d0:192.168.164.208:39220, 227642ba-0415-4d98-a6b8-20167e8a399a:192.168.164.208:40637, 836dac64-dd9f-4309-a076-e086947645e1:192.168.164.208:40723], old=null
2019-11-13 20:17:26,529 [023d4525-aae9-49d4-923e-7124a55e5ae2@group-EA2E2195EAF7-LeaderElection69] INFO  server.RaftServerConfigKeys (ConfUtils.java:logGet(43)) - raft.server.rpc.sleep.time = 25ms (default)
2019-11-13 20:17:26,530 [d075120a-ef0f-46a0-9778-bb6f9a0780d0@group-22D09AEB1E32-LeaderElection68] INFO  impl.RoleInfo (RoleInfo.java:shutdownLeaderElection(134)) - d075120a-ef0f-46a0-9778-bb6f9a0780d0: shutdown LeaderElection
2019-11-13 20:17:26,530 [d075120a-ef0f-46a0-9778-bb6f9a0780d0@group-22D09AEB1E32-LeaderElection68] INFO  impl.RaftServerImpl (RaftServerImpl.java:setRole(173)) - d075120a-ef0f-46a0-9778-bb6f9a0780d0@group-22D09AEB1E32: changes role from CANDIDATE to LEADER at term 1 for changeToLeader
2019-11-13 20:17:26,530 [d075120a-ef0f-46a0-9778-bb6f9a0780d0@group-22D09AEB1E32-LeaderElection68] INFO  ratis.XceiverServerRatis (XceiverServerRatis.java:handleLeaderChangedNotification(697)) - Leader change notification received for group: group-22D09AEB1E32 with new leaderId: d075120a-ef0f-46a0-9778-bb6f9a0780d0
2019-11-13 20:17:26,530 [023d4525-aae9-49d4-923e-7124a55e5ae2@group-EA2E2195EAF7-LeaderElection69] INFO  server.RaftServerConfigKeys (ConfUtils.java:logGet(43)) - raft.server.write.element-limit = 4096 (default)
2019-11-13 20:17:26,530 [d075120a-ef0f-46a0-9778-bb6f9a0780d0@group-22D09AEB1E32-LeaderElection68] INFO  impl.RaftServerImpl (ServerState.java:setLeader(255)) - d075120a-ef0f-46a0-9778-bb6f9a0780d0@group-22D09AEB1E32: change Leader from null to d075120a-ef0f-46a0-9778-bb6f9a0780d0 at term 1 for becomeLeader, leader elected after 1185ms
2019-11-13 20:17:26,530 [023d4525-aae9-49d4-923e-7124a55e5ae2@group-EA2E2195EAF7-LeaderElection69] INFO  server.RaftServerConfigKeys (ConfUtils.java:logGet(43)) - raft.server.watch.timeout = 10s (default)
2019-11-13 20:17:26,530 [d075120a-ef0f-46a0-9778-bb6f9a0780d0@group-22D09AEB1E32-LeaderElection68] INFO  server.RaftServerConfigKeys (ConfUtils.java:logGet(43)) - raft.server.staging.catchup.gap = 1000 (default)
2019-11-13 20:17:26,531 [023d4525-aae9-49d4-923e-7124a55e5ae2@group-EA2E2195EAF7-LeaderElection69] INFO  server.RaftServerConfigKeys (ConfUtils.java:logGet(43)) - raft.server.watch.timeout.denomination = 1s (default)
2019-11-13 20:17:26,531 [d075120a-ef0f-46a0-9778-bb6f9a0780d0@group-22D09AEB1E32-LeaderElection68] INFO  server.RaftServerConfigKeys (ConfUtils.java:logGet(43)) - raft.server.rpc.sleep.time = 25ms (default)
2019-11-13 20:17:26,531 [EventQueue-PipelineReportForPipelineReportHandler] INFO  pipeline.PipelineStateManager (PipelineStateManager.java:openPipeline(134)) - Pipeline Pipeline[ Id: 5b1de1b3-5902-4a5e-a829-ea2e2195eaf7, Nodes: 023d4525-aae9-49d4-923e-7124a55e5ae2{ip: 192.168.164.208, host: pr-hdds-2375-t422d-1049308724, networkLocation: /rack1, certSerialId: null}, Type:RATIS, Factor:ONE, State:OPEN] moved to OPEN state
2019-11-13 20:17:26,531 [d075120a-ef0f-46a0-9778-bb6f9a0780d0@group-22D09AEB1E32-LeaderElection68] INFO  server.RaftServerConfigKeys (ConfUtils.java:logGet(43)) - raft.server.write.element-limit = 4096 (default)
2019-11-13 20:17:26,531 [023d4525-aae9-49d4-923e-7124a55e5ae2@group-EA2E2195EAF7-LeaderElection69] INFO  server.RaftServerConfigKeys (ConfUtils.java:logGet(43)) - raft.server.watch.element-limit = 65536 (default)
2019-11-13 20:17:26,531 [d075120a-ef0f-46a0-9778-bb6f9a0780d0@group-22D09AEB1E32-LeaderElection68] INFO  server.RaftServerConfigKeys (ConfUtils.java:logGet(43)) - raft.server.watch.timeout = 10s (default)
2019-11-13 20:17:26,532 [d075120a-ef0f-46a0-9778-bb6f9a0780d0@group-22D09AEB1E32-LeaderElection68] INFO  server.RaftServerConfigKeys (ConfUtils.java:logGet(43)) - raft.server.watch.timeout.denomination = 1s (default)
2019-11-13 20:17:26,532 [EventQueue-PipelineReportForPipelineReportHandler] INFO  pipeline.PipelineStateManager (PipelineStateManager.java:openPipeline(134)) - Pipeline Pipeline[ Id: 41dcf335-d62e-40d1-a123-22d09aeb1e32, Nodes: d075120a-ef0f-46a0-9778-bb6f9a0780d0{ip: 192.168.164.208, host: pr-hdds-2375-t422d-1049308724, networkLocation: /rack1, certSerialId: null}836dac64-dd9f-4309-a076-e086947645e1{ip: 192.168.164.208, host: pr-hdds-2375-t422d-1049308724, networkLocation: /rack1, certSerialId: null}227642ba-0415-4d98-a6b8-20167e8a399a{ip: 192.168.164.208, host: pr-hdds-2375-t422d-1049308724, networkLocation: /rack1, certSerialId: null}, Type:RATIS, Factor:THREE, State:OPEN] moved to OPEN state
2019-11-13 20:17:26,532 [023d4525-aae9-49d4-923e-7124a55e5ae2@group-EA2E2195EAF7-LeaderElection69] INFO  impl.RoleInfo (RoleInfo.java:updateAndGet(143)) - 023d4525-aae9-49d4-923e-7124a55e5ae2: start LeaderState
2019-11-13 20:17:26,532 [d075120a-ef0f-46a0-9778-bb6f9a0780d0@group-22D09AEB1E32-LeaderElection68] INFO  server.RaftServerConfigKeys (ConfUtils.java:logGet(43)) - raft.server.watch.element-limit = 65536 (default)
2019-11-13 20:17:26,532 [023d4525-aae9-49d4-923e-7124a55e5ae2@group-EA2E2195EAF7-LeaderElection69] INFO  segmented.SegmentedRaftLogWorker (SegmentedRaftLogWorker.java:startLogSegment(385)) - 023d4525-aae9-49d4-923e-7124a55e5ae2@group-EA2E2195EAF7-SegmentedRaftLogWorker: Starting segment from index:0
2019-11-13 20:17:26,532 [d075120a-ef0f-46a0-9778-bb6f9a0780d0@group-22D09AEB1E32-LeaderElection68] INFO  server.RaftServerConfigKeys (ConfUtils.java:logGet(43)) - raft.server.log.appender.snapshot.chunk.size.max = 16MB (=16777216) (default)
2019-11-13 20:17:26,533 [d075120a-ef0f-46a0-9778-bb6f9a0780d0@group-22D09AEB1E32-LeaderElection68] INFO  server.RaftServerConfigKeys (ConfUtils.java:logGet(43)) - raft.server.log.appender.buffer.byte-limit = 33554432 (custom)
2019-11-13 20:17:26,533 [023d4525-aae9-49d4-923e-7124a55e5ae2@group-EA2E2195EAF7-LeaderElection69] INFO  impl.RaftServerImpl (ServerState.java:setRaftConf(356)) - 023d4525-aae9-49d4-923e-7124a55e5ae2@group-EA2E2195EAF7: set configuration 0: [023d4525-aae9-49d4-923e-7124a55e5ae2:192.168.164.208:41869], old=null at 0
2019-11-13 20:17:26,533 [d075120a-ef0f-46a0-9778-bb6f9a0780d0@group-22D09AEB1E32-LeaderElection68] INFO  server.RaftServerConfigKeys (ConfUtils.java:logGet(43)) - raft.server.log.appender.buffer.element-limit = 1 (custom)
2019-11-13 20:17:26,533 [d075120a-ef0f-46a0-9778-bb6f9a0780d0@group-22D09AEB1E32-LeaderElection68] INFO  grpc.GrpcConfigKeys$Server (ConfUtils.java:logGet(43)) - raft.grpc.server.leader.outstanding.appends.max = 128 (default)
2019-11-13 20:17:26,533 [d075120a-ef0f-46a0-9778-bb6f9a0780d0@group-22D09AEB1E32-LeaderElection68] INFO  server.RaftServerConfigKeys (ConfUtils.java:logGet(43)) - raft.server.rpc.request.timeout = 3000ms (default)
2019-11-13 20:17:26,534 [d075120a-ef0f-46a0-9778-bb6f9a0780d0@group-22D09AEB1E32-LeaderElection68] INFO  server.RaftServerConfigKeys (ConfUtils.java:logGet(43)) - raft.server.log.appender.install.snapshot.enabled = false (custom)
2019-11-13 20:17:26,534 [d075120a-ef0f-46a0-9778-bb6f9a0780d0@group-22D09AEB1E32-LeaderElection68] WARN  impl.MetricRegistriesImpl (MetricRegistriesImpl.java:lambda$create$1(61)) - First MetricRegistry has been created without registering reporters. You may need to call MetricRegistries.global().addReportRegistration(...) before.
2019-11-13 20:17:26,534 [d075120a-ef0f-46a0-9778-bb6f9a0780d0@group-22D09AEB1E32-LeaderElection68] INFO  server.RaftServerConfigKeys (ConfUtils.java:logGet(43)) - raft.server.log.appender.snapshot.chunk.size.max = 16MB (=16777216) (default)
2019-11-13 20:17:26,534 [d075120a-ef0f-46a0-9778-bb6f9a0780d0@group-22D09AEB1E32-LeaderElection68] INFO  server.RaftServerConfigKeys (ConfUtils.java:logGet(43)) - raft.server.log.appender.buffer.byte-limit = 33554432 (custom)
2019-11-13 20:17:26,534 [d075120a-ef0f-46a0-9778-bb6f9a0780d0@group-22D09AEB1E32-LeaderElection68] INFO  server.RaftServerConfigKeys (ConfUtils.java:logGet(43)) - raft.server.log.appender.buffer.element-limit = 1 (custom)
2019-11-13 20:17:26,535 [d075120a-ef0f-46a0-9778-bb6f9a0780d0@group-22D09AEB1E32-LeaderElection68] INFO  grpc.GrpcConfigKeys$Server (ConfUtils.java:logGet(43)) - raft.grpc.server.leader.outstanding.appends.max = 128 (default)
2019-11-13 20:17:26,535 [d075120a-ef0f-46a0-9778-bb6f9a0780d0@group-22D09AEB1E32-LeaderElection68] INFO  server.RaftServerConfigKeys (ConfUtils.java:logGet(43)) - raft.server.rpc.request.timeout = 3000ms (default)
2019-11-13 20:17:26,535 [d075120a-ef0f-46a0-9778-bb6f9a0780d0@group-22D09AEB1E32-LeaderElection68] INFO  server.RaftServerConfigKeys (ConfUtils.java:logGet(43)) - raft.server.log.appender.install.snapshot.enabled = false (custom)
2019-11-13 20:17:26,535 [d075120a-ef0f-46a0-9778-bb6f9a0780d0@group-22D09AEB1E32-LeaderElection68] INFO  impl.RoleInfo (RoleInfo.java:updateAndGet(143)) - d075120a-ef0f-46a0-9778-bb6f9a0780d0: start LeaderState
2019-11-13 20:17:26,535 [d075120a-ef0f-46a0-9778-bb6f9a0780d0@group-22D09AEB1E32-LeaderElection68] INFO  segmented.SegmentedRaftLogWorker (SegmentedRaftLogWorker.java:startLogSegment(385)) - d075120a-ef0f-46a0-9778-bb6f9a0780d0@group-22D09AEB1E32-SegmentedRaftLogWorker: Starting segment from index:0
2019-11-13 20:17:26,536 [d075120a-ef0f-46a0-9778-bb6f9a0780d0@group-22D09AEB1E32-LeaderElection68] INFO  impl.RaftServerImpl (ServerState.java:setRaftConf(356)) - d075120a-ef0f-46a0-9778-bb6f9a0780d0@group-22D09AEB1E32: set configuration 0: [d075120a-ef0f-46a0-9778-bb6f9a0780d0:192.168.164.208:39220, 227642ba-0415-4d98-a6b8-20167e8a399a:192.168.164.208:40637, 836dac64-dd9f-4309-a076-e086947645e1:192.168.164.208:40723], old=null at 0
2019-11-13 20:17:26,579 [grpc-default-executor-4] INFO  ratis.XceiverServerRatis (XceiverServerRatis.java:handleLeaderChangedNotification(697)) - Leader change notification received for group: group-22D09AEB1E32 with new leaderId: d075120a-ef0f-46a0-9778-bb6f9a0780d0
2019-11-13 20:17:26,579 [grpc-default-executor-4] INFO  impl.RaftServerImpl (ServerState.java:setLeader(255)) - 836dac64-dd9f-4309-a076-e086947645e1@group-22D09AEB1E32: change Leader from null to d075120a-ef0f-46a0-9778-bb6f9a0780d0 at term 1 for appendEntries, leader elected after 1233ms
2019-11-13 20:17:26,579 [grpc-default-executor-2] INFO  ratis.XceiverServerRatis (XceiverServerRatis.java:handleLeaderChangedNotification(697)) - Leader change notification received for group: group-22D09AEB1E32 with new leaderId: d075120a-ef0f-46a0-9778-bb6f9a0780d0
2019-11-13 20:17:26,579 [grpc-default-executor-2] INFO  impl.RaftServerImpl (ServerState.java:setLeader(255)) - 227642ba-0415-4d98-a6b8-20167e8a399a@group-22D09AEB1E32: change Leader from null to d075120a-ef0f-46a0-9778-bb6f9a0780d0 at term 1 for appendEntries, leader elected after 1234ms
2019-11-13 20:17:26,583 [grpc-default-executor-2] INFO  impl.RaftServerImpl (ServerState.java:setRaftConf(356)) - 227642ba-0415-4d98-a6b8-20167e8a399a@group-22D09AEB1E32: set configuration 0: [d075120a-ef0f-46a0-9778-bb6f9a0780d0:192.168.164.208:39220, 227642ba-0415-4d98-a6b8-20167e8a399a:192.168.164.208:40637, 836dac64-dd9f-4309-a076-e086947645e1:192.168.164.208:40723], old=null at 0
2019-11-13 20:17:26,583 [grpc-default-executor-4] INFO  impl.RaftServerImpl (ServerState.java:setRaftConf(356)) - 836dac64-dd9f-4309-a076-e086947645e1@group-22D09AEB1E32: set configuration 0: [d075120a-ef0f-46a0-9778-bb6f9a0780d0:192.168.164.208:39220, 227642ba-0415-4d98-a6b8-20167e8a399a:192.168.164.208:40637, 836dac64-dd9f-4309-a076-e086947645e1:192.168.164.208:40723], old=null at 0
2019-11-13 20:17:26,583 [grpc-default-executor-2] INFO  segmented.SegmentedRaftLogWorker (SegmentedRaftLogWorker.java:startLogSegment(385)) - 227642ba-0415-4d98-a6b8-20167e8a399a@group-22D09AEB1E32-SegmentedRaftLogWorker: Starting segment from index:0
2019-11-13 20:17:26,583 [grpc-default-executor-4] INFO  segmented.SegmentedRaftLogWorker (SegmentedRaftLogWorker.java:startLogSegment(385)) - 836dac64-dd9f-4309-a076-e086947645e1@group-22D09AEB1E32-SegmentedRaftLogWorker: Starting segment from index:0
2019-11-13 20:17:26,590 [d075120a-ef0f-46a0-9778-bb6f9a0780d0@group-22D09AEB1E32-SegmentedRaftLogWorker] INFO  segmented.SegmentedRaftLogWorker (SegmentedRaftLogWorker.java:execute(576)) - d075120a-ef0f-46a0-9778-bb6f9a0780d0@group-22D09AEB1E32-SegmentedRaftLogWorker: created new log segment /workdir/hadoop-ozone/integration-test/target/test-dir/MiniOzoneClusterImpl-e03c2511-109e-4d60-a68c-0151beb67872/datanode-2/data/ratis/41dcf335-d62e-40d1-a123-22d09aeb1e32/current/log_inprogress_0
2019-11-13 20:17:26,590 [023d4525-aae9-49d4-923e-7124a55e5ae2@group-EA2E2195EAF7-SegmentedRaftLogWorker] INFO  segmented.SegmentedRaftLogWorker (SegmentedRaftLogWorker.java:execute(576)) - 023d4525-aae9-49d4-923e-7124a55e5ae2@group-EA2E2195EAF7-SegmentedRaftLogWorker: created new log segment /workdir/hadoop-ozone/integration-test/target/test-dir/MiniOzoneClusterImpl-e03c2511-109e-4d60-a68c-0151beb67872/datanode-3/data/ratis/5b1de1b3-5902-4a5e-a829-ea2e2195eaf7/current/log_inprogress_0
2019-11-13 20:17:26,598 [Thread-1309] INFO  impl.FollowerState (FollowerState.java:run(111)) - 2aeadab0-ec41-4180-985e-a800f9da6a6d@group-5520FEB19B3D-FollowerState: change to CANDIDATE, lastRpcTime:1048ms, electionTimeout:1048ms
2019-11-13 20:17:26,599 [Thread-1309] INFO  impl.RoleInfo (RoleInfo.java:shutdownFollowerState(121)) - 2aeadab0-ec41-4180-985e-a800f9da6a6d: shutdown FollowerState
2019-11-13 20:17:26,599 [Thread-1309] INFO  impl.RaftServerImpl (RaftServerImpl.java:setRole(173)) - 2aeadab0-ec41-4180-985e-a800f9da6a6d@group-5520FEB19B3D: changes role from  FOLLOWER to CANDIDATE at term 0 for changeToCandidate
2019-11-13 20:17:26,599 [Thread-1309] INFO  impl.RoleInfo (RoleInfo.java:updateAndGet(143)) - 2aeadab0-ec41-4180-985e-a800f9da6a6d: start LeaderElection
2019-11-13 20:17:26,623 [Thread-1306] INFO  impl.FollowerState (FollowerState.java:run(111)) - 75645b24-e149-445b-bbe5-336f1e849603@group-01240D7FD062-FollowerState: change to CANDIDATE, lastRpcTime:1115ms, electionTimeout:1107ms
2019-11-13 20:17:26,623 [Thread-1312] INFO  impl.FollowerState (FollowerState.java:run(111)) - c49df7ba-d7d7-4ac8-a142-ddaef65aa83a@group-124A164A7A20-FollowerState: change to CANDIDATE, lastRpcTime:1022ms, electionTimeout:1021ms
2019-11-13 20:17:26,623 [Thread-1306] INFO  impl.RoleInfo (RoleInfo.java:shutdownFollowerState(121)) - 75645b24-e149-445b-bbe5-336f1e849603: shutdown FollowerState
2019-11-13 20:17:26,623 [Thread-1312] INFO  impl.RoleInfo (RoleInfo.java:shutdownFollowerState(121)) - c49df7ba-d7d7-4ac8-a142-ddaef65aa83a: shutdown FollowerState
2019-11-13 20:17:26,623 [Thread-1306] INFO  impl.RaftServerImpl (RaftServerImpl.java:setRole(173)) - 75645b24-e149-445b-bbe5-336f1e849603@group-01240D7FD062: changes role from  FOLLOWER to CANDIDATE at term 0 for changeToCandidate
2019-11-13 20:17:26,623 [Thread-1312] INFO  impl.RaftServerImpl (RaftServerImpl.java:setRole(173)) - c49df7ba-d7d7-4ac8-a142-ddaef65aa83a@group-124A164A7A20: changes role from  FOLLOWER to CANDIDATE at term 0 for changeToCandidate
2019-11-13 20:17:26,623 [Thread-1306] INFO  impl.RoleInfo (RoleInfo.java:updateAndGet(143)) - 75645b24-e149-445b-bbe5-336f1e849603: start LeaderElection
2019-11-13 20:17:26,623 [Thread-1312] INFO  impl.RoleInfo (RoleInfo.java:updateAndGet(143)) - c49df7ba-d7d7-4ac8-a142-ddaef65aa83a: start LeaderElection
2019-11-13 20:17:26,636 [836dac64-dd9f-4309-a076-e086947645e1@group-22D09AEB1E32-SegmentedRaftLogWorker] INFO  segmented.SegmentedRaftLogWorker (SegmentedRaftLogWorker.java:execute(576)) - 836dac64-dd9f-4309-a076-e086947645e1@group-22D09AEB1E32-SegmentedRaftLogWorker: created new log segment /workdir/hadoop-ozone/integration-test/target/test-dir/MiniOzoneClusterImpl-e03c2511-109e-4d60-a68c-0151beb67872/datanode-1/data/ratis/41dcf335-d62e-40d1-a123-22d09aeb1e32/current/log_inprogress_0
2019-11-13 20:17:26,636 [227642ba-0415-4d98-a6b8-20167e8a399a@group-22D09AEB1E32-SegmentedRaftLogWorker] INFO  segmented.SegmentedRaftLogWorker (SegmentedRaftLogWorker.java:execute(576)) - 227642ba-0415-4d98-a6b8-20167e8a399a@group-22D09AEB1E32-SegmentedRaftLogWorker: created new log segment /workdir/hadoop-ozone/integration-test/target/test-dir/MiniOzoneClusterImpl-e03c2511-109e-4d60-a68c-0151beb67872/datanode-0/data/ratis/41dcf335-d62e-40d1-a123-22d09aeb1e32/current/log_inprogress_0
2019-11-13 20:17:26,636 [c49df7ba-d7d7-4ac8-a142-ddaef65aa83a@group-124A164A7A20-LeaderElection72] INFO  impl.LeaderElection (LeaderElection.java:askForVotes(178)) - c49df7ba-d7d7-4ac8-a142-ddaef65aa83a@group-124A164A7A20-LeaderElection72: begin an election at term 1 for -1: [c49df7ba-d7d7-4ac8-a142-ddaef65aa83a:192.168.164.208:36049], old=null
2019-11-13 20:17:26,636 [75645b24-e149-445b-bbe5-336f1e849603@group-01240D7FD062-LeaderElection71] INFO  impl.LeaderElection (LeaderElection.java:askForVotes(178)) - 75645b24-e149-445b-bbe5-336f1e849603@group-01240D7FD062-LeaderElection71: begin an election at term 1 for -1: [75645b24-e149-445b-bbe5-336f1e849603:192.168.164.208:39182], old=null
2019-11-13 20:17:26,636 [2aeadab0-ec41-4180-985e-a800f9da6a6d@group-5520FEB19B3D-LeaderElection70] INFO  impl.LeaderElection (LeaderElection.java:askForVotes(178)) - 2aeadab0-ec41-4180-985e-a800f9da6a6d@group-5520FEB19B3D-LeaderElection70: begin an election at term 1 for -1: [2aeadab0-ec41-4180-985e-a800f9da6a6d:192.168.164.208:42973], old=null
2019-11-13 20:17:26,636 [75645b24-e149-445b-bbe5-336f1e849603@group-01240D7FD062-LeaderElection71] INFO  impl.RoleInfo (RoleInfo.java:shutdownLeaderElection(134)) - 75645b24-e149-445b-bbe5-336f1e849603: shutdown LeaderElection
2019-11-13 20:17:26,636 [c49df7ba-d7d7-4ac8-a142-ddaef65aa83a@group-124A164A7A20-LeaderElection72] INFO  impl.RoleInfo (RoleInfo.java:shutdownLeaderElection(134)) - c49df7ba-d7d7-4ac8-a142-ddaef65aa83a: shutdown LeaderElection
2019-11-13 20:17:26,637 [75645b24-e149-445b-bbe5-336f1e849603@group-01240D7FD062-LeaderElection71] INFO  impl.RaftServerImpl (RaftServerImpl.java:setRole(173)) - 75645b24-e149-445b-bbe5-336f1e849603@group-01240D7FD062: changes role from CANDIDATE to LEADER at term 1 for changeToLeader
2019-11-13 20:17:26,636 [2aeadab0-ec41-4180-985e-a800f9da6a6d@group-5520FEB19B3D-LeaderElection70] INFO  impl.RoleInfo (RoleInfo.java:shutdownLeaderElection(134)) - 2aeadab0-ec41-4180-985e-a800f9da6a6d: shutdown LeaderElection
2019-11-13 20:17:26,637 [75645b24-e149-445b-bbe5-336f1e849603@group-01240D7FD062-LeaderElection71] INFO  ratis.XceiverServerRatis (XceiverServerRatis.java:handleLeaderChangedNotification(697)) - Leader change notification received for group: group-01240D7FD062 with new leaderId: 75645b24-e149-445b-bbe5-336f1e849603
2019-11-13 20:17:26,637 [c49df7ba-d7d7-4ac8-a142-ddaef65aa83a@group-124A164A7A20-LeaderElection72] INFO  impl.RaftServerImpl (RaftServerImpl.java:setRole(173)) - c49df7ba-d7d7-4ac8-a142-ddaef65aa83a@group-124A164A7A20: changes role from CANDIDATE to LEADER at term 1 for changeToLeader
2019-11-13 20:17:26,637 [2aeadab0-ec41-4180-985e-a800f9da6a6d@group-5520FEB19B3D-LeaderElection70] INFO  impl.RaftServerImpl (RaftServerImpl.java:setRole(173)) - 2aeadab0-ec41-4180-985e-a800f9da6a6d@group-5520FEB19B3D: changes role from CANDIDATE to LEADER at term 1 for changeToLeader
2019-11-13 20:17:26,637 [75645b24-e149-445b-bbe5-336f1e849603@group-01240D7FD062-LeaderElection71] INFO  impl.RaftServerImpl (ServerState.java:setLeader(255)) - 75645b24-e149-445b-bbe5-336f1e849603@group-01240D7FD062: change Leader from null to 75645b24-e149-445b-bbe5-336f1e849603 at term 1 for becomeLeader, leader elected after 1133ms
2019-11-13 20:17:26,637 [c49df7ba-d7d7-4ac8-a142-ddaef65aa83a@group-124A164A7A20-LeaderElection72] INFO  ratis.XceiverServerRatis (XceiverServerRatis.java:handleLeaderChangedNotification(697)) - Leader change notification received for group: group-124A164A7A20 with new leaderId: c49df7ba-d7d7-4ac8-a142-ddaef65aa83a
2019-11-13 20:17:26,637 [75645b24-e149-445b-bbe5-336f1e849603@group-01240D7FD062-LeaderElection71] INFO  server.RaftServerConfigKeys (ConfUtils.java:logGet(43)) - raft.server.staging.catchup.gap = 1000 (default)
2019-11-13 20:17:26,637 [2aeadab0-ec41-4180-985e-a800f9da6a6d@group-5520FEB19B3D-LeaderElection70] INFO  ratis.XceiverServerRatis (XceiverServerRatis.java:handleLeaderChangedNotification(697)) - Leader change notification received for group: group-5520FEB19B3D with new leaderId: 2aeadab0-ec41-4180-985e-a800f9da6a6d
2019-11-13 20:17:26,639 [75645b24-e149-445b-bbe5-336f1e849603@group-01240D7FD062-LeaderElection71] INFO  server.RaftServerConfigKeys (ConfUtils.java:logGet(43)) - raft.server.rpc.sleep.time = 25ms (default)
2019-11-13 20:17:26,639 [c49df7ba-d7d7-4ac8-a142-ddaef65aa83a@group-124A164A7A20-LeaderElection72] INFO  impl.RaftServerImpl (ServerState.java:setLeader(255)) - c49df7ba-d7d7-4ac8-a142-ddaef65aa83a@group-124A164A7A20: change Leader from null to c49df7ba-d7d7-4ac8-a142-ddaef65aa83a at term 1 for becomeLeader, leader elected after 1039ms
2019-11-13 20:17:26,649 [75645b24-e149-445b-bbe5-336f1e849603@group-01240D7FD062-LeaderElection71] INFO  server.RaftServerConfigKeys (ConfUtils.java:logGet(43)) - raft.server.write.element-limit = 4096 (default)
2019-11-13 20:17:26,639 [2aeadab0-ec41-4180-985e-a800f9da6a6d@group-5520FEB19B3D-LeaderElection70] INFO  impl.RaftServerImpl (ServerState.java:setLeader(255)) - 2aeadab0-ec41-4180-985e-a800f9da6a6d@group-5520FEB19B3D: change Leader from null to 2aeadab0-ec41-4180-985e-a800f9da6a6d at term 1 for becomeLeader, leader elected after 1090ms
2019-11-13 20:17:26,649 [75645b24-e149-445b-bbe5-336f1e849603@group-01240D7FD062-LeaderElection71] INFO  server.RaftServerConfigKeys (ConfUtils.java:logGet(43)) - raft.server.watch.timeout = 10s (default)
2019-11-13 20:17:26,649 [c49df7ba-d7d7-4ac8-a142-ddaef65aa83a@group-124A164A7A20-LeaderElection72] INFO  server.RaftServerConfigKeys (ConfUtils.java:logGet(43)) - raft.server.staging.catchup.gap = 1000 (default)
2019-11-13 20:17:26,650 [75645b24-e149-445b-bbe5-336f1e849603@group-01240D7FD062-LeaderElection71] INFO  server.RaftServerConfigKeys (ConfUtils.java:logGet(43)) - raft.server.watch.timeout.denomination = 1s (default)
2019-11-13 20:17:26,650 [2aeadab0-ec41-4180-985e-a800f9da6a6d@group-5520FEB19B3D-LeaderElection70] INFO  server.RaftServerConfigKeys (ConfUtils.java:logGet(43)) - raft.server.staging.catchup.gap = 1000 (default)
2019-11-13 20:17:26,650 [75645b24-e149-445b-bbe5-336f1e849603@group-01240D7FD062-LeaderElection71] INFO  server.RaftServerConfigKeys (ConfUtils.java:logGet(43)) - raft.server.watch.element-limit = 65536 (default)
2019-11-13 20:17:26,650 [EventQueue-PipelineReportForPipelineReportHandler] INFO  pipeline.PipelineStateManager (PipelineStateManager.java:openPipeline(134)) - Pipeline Pipeline[ Id: 490bff93-09ce-4665-9f8a-01240d7fd062, Nodes: 75645b24-e149-445b-bbe5-336f1e849603{ip: 192.168.164.208, host: pr-hdds-2375-t422d-1049308724, networkLocation: /rack1, certSerialId: null}, Type:RATIS, Factor:ONE, State:OPEN] moved to OPEN state
2019-11-13 20:17:26,650 [c49df7ba-d7d7-4ac8-a142-ddaef65aa83a@group-124A164A7A20-LeaderElection72] INFO  server.RaftServerConfigKeys (ConfUtils.java:logGet(43)) - raft.server.rpc.sleep.time = 25ms (default)
2019-11-13 20:17:26,650 [75645b24-e149-445b-bbe5-336f1e849603@group-01240D7FD062-LeaderElection71] INFO  impl.RoleInfo (RoleInfo.java:updateAndGet(143)) - 75645b24-e149-445b-bbe5-336f1e849603: start LeaderState
2019-11-13 20:17:26,651 [c49df7ba-d7d7-4ac8-a142-ddaef65aa83a@group-124A164A7A20-LeaderElection72] INFO  server.RaftServerConfigKeys (ConfUtils.java:logGet(43)) - raft.server.write.element-limit = 4096 (default)
2019-11-13 20:17:26,650 [2aeadab0-ec41-4180-985e-a800f9da6a6d@group-5520FEB19B3D-LeaderElection70] INFO  server.RaftServerConfigKeys (ConfUtils.java:logGet(43)) - raft.server.rpc.sleep.time = 25ms (default)
2019-11-13 20:17:26,651 [c49df7ba-d7d7-4ac8-a142-ddaef65aa83a@group-124A164A7A20-LeaderElection72] INFO  server.RaftServerConfigKeys (ConfUtils.java:logGet(43)) - raft.server.watch.timeout = 10s (default)
2019-11-13 20:17:26,650 [EventQueue-PipelineReportForPipelineReportHandler] INFO  pipeline.PipelineStateManager (PipelineStateManager.java:openPipeline(134)) - Pipeline Pipeline[ Id: 4e200406-3bca-4558-8f0e-124a164a7a20, Nodes: c49df7ba-d7d7-4ac8-a142-ddaef65aa83a{ip: 192.168.164.208, host: pr-hdds-2375-t422d-1049308724, networkLocation: /rack1, certSerialId: null}, Type:RATIS, Factor:ONE, State:OPEN] moved to OPEN state
2019-11-13 20:17:26,651 [c49df7ba-d7d7-4ac8-a142-ddaef65aa83a@group-124A164A7A20-LeaderElection72] INFO  server.RaftServerConfigKeys (ConfUtils.java:logGet(43)) - raft.server.watch.timeout.denomination = 1s (default)
2019-11-13 20:17:26,651 [EventQueue-PipelineReportForPipelineReportHandler] INFO  pipeline.PipelineStateManager (PipelineStateManager.java:openPipeline(134)) - Pipeline Pipeline[ Id: 685f21fb-feb4-4b6a-a307-5520feb19b3d, Nodes: 2aeadab0-ec41-4180-985e-a800f9da6a6d{ip: 192.168.164.208, host: pr-hdds-2375-t422d-1049308724, networkLocation: /rack1, certSerialId: null}, Type:RATIS, Factor:ONE, State:OPEN] moved to OPEN state
2019-11-13 20:17:26,651 [75645b24-e149-445b-bbe5-336f1e849603@group-01240D7FD062-LeaderElection71] INFO  segmented.SegmentedRaftLogWorker (SegmentedRaftLogWorker.java:startLogSegment(385)) - 75645b24-e149-445b-bbe5-336f1e849603@group-01240D7FD062-SegmentedRaftLogWorker: Starting segment from index:0
2019-11-13 20:17:26,651 [2aeadab0-ec41-4180-985e-a800f9da6a6d@group-5520FEB19B3D-LeaderElection70] INFO  server.RaftServerConfigKeys (ConfUtils.java:logGet(43)) - raft.server.write.element-limit = 4096 (default)
2019-11-13 20:17:26,651 [c49df7ba-d7d7-4ac8-a142-ddaef65aa83a@group-124A164A7A20-LeaderElection72] INFO  server.RaftServerConfigKeys (ConfUtils.java:logGet(43)) - raft.server.watch.element-limit = 65536 (default)
2019-11-13 20:17:26,651 [2aeadab0-ec41-4180-985e-a800f9da6a6d@group-5520FEB19B3D-LeaderElection70] INFO  server.RaftServerConfigKeys (ConfUtils.java:logGet(43)) - raft.server.watch.timeout = 10s (default)
2019-11-13 20:17:26,652 [c49df7ba-d7d7-4ac8-a142-ddaef65aa83a@group-124A164A7A20-LeaderElection72] INFO  impl.RoleInfo (RoleInfo.java:updateAndGet(143)) - c49df7ba-d7d7-4ac8-a142-ddaef65aa83a: start LeaderState
2019-11-13 20:17:26,651 [75645b24-e149-445b-bbe5-336f1e849603@group-01240D7FD062-LeaderElection71] INFO  impl.RaftServerImpl (ServerState.java:setRaftConf(356)) - 75645b24-e149-445b-bbe5-336f1e849603@group-01240D7FD062: set configuration 0: [75645b24-e149-445b-bbe5-336f1e849603:192.168.164.208:39182], old=null at 0
2019-11-13 20:17:26,652 [2aeadab0-ec41-4180-985e-a800f9da6a6d@group-5520FEB19B3D-LeaderElection70] INFO  server.RaftServerConfigKeys (ConfUtils.java:logGet(43)) - raft.server.watch.timeout.denomination = 1s (default)
2019-11-13 20:17:26,652 [c49df7ba-d7d7-4ac8-a142-ddaef65aa83a@group-124A164A7A20-LeaderElection72] INFO  segmented.SegmentedRaftLogWorker (SegmentedRaftLogWorker.java:startLogSegment(385)) - c49df7ba-d7d7-4ac8-a142-ddaef65aa83a@group-124A164A7A20-SegmentedRaftLogWorker: Starting segment from index:0
2019-11-13 20:17:26,652 [2aeadab0-ec41-4180-985e-a800f9da6a6d@group-5520FEB19B3D-LeaderElection70] INFO  server.RaftServerConfigKeys (ConfUtils.java:logGet(43)) - raft.server.watch.element-limit = 65536 (default)
2019-11-13 20:17:26,652 [2aeadab0-ec41-4180-985e-a800f9da6a6d@group-5520FEB19B3D-LeaderElection70] INFO  impl.RoleInfo (RoleInfo.java:updateAndGet(143)) - 2aeadab0-ec41-4180-985e-a800f9da6a6d: start LeaderState
2019-11-13 20:17:26,652 [c49df7ba-d7d7-4ac8-a142-ddaef65aa83a@group-124A164A7A20-LeaderElection72] INFO  impl.RaftServerImpl (ServerState.java:setRaftConf(356)) - c49df7ba-d7d7-4ac8-a142-ddaef65aa83a@group-124A164A7A20: set configuration 0: [c49df7ba-d7d7-4ac8-a142-ddaef65aa83a:192.168.164.208:36049], old=null at 0
2019-11-13 20:17:26,653 [2aeadab0-ec41-4180-985e-a800f9da6a6d@group-5520FEB19B3D-LeaderElection70] INFO  segmented.SegmentedRaftLogWorker (SegmentedRaftLogWorker.java:startLogSegment(385)) - 2aeadab0-ec41-4180-985e-a800f9da6a6d@group-5520FEB19B3D-SegmentedRaftLogWorker: Starting segment from index:0
2019-11-13 20:17:26,653 [2aeadab0-ec41-4180-985e-a800f9da6a6d@group-5520FEB19B3D-LeaderElection70] INFO  impl.RaftServerImpl (ServerState.java:setRaftConf(356)) - 2aeadab0-ec41-4180-985e-a800f9da6a6d@group-5520FEB19B3D: set configuration 0: [2aeadab0-ec41-4180-985e-a800f9da6a6d:192.168.164.208:42973], old=null at 0
2019-11-13 20:17:26,660 [Thread-1320] INFO  impl.FollowerState (FollowerState.java:run(111)) - 2aeadab0-ec41-4180-985e-a800f9da6a6d@group-ADC71FC4A816-FollowerState: change to CANDIDATE, lastRpcTime:1010ms, electionTimeout:1010ms
2019-11-13 20:17:26,661 [Thread-1320] INFO  impl.RoleInfo (RoleInfo.java:shutdownFollowerState(121)) - 2aeadab0-ec41-4180-985e-a800f9da6a6d: shutdown FollowerState
2019-11-13 20:17:26,661 [Thread-1320] INFO  impl.RaftServerImpl (RaftServerImpl.java:setRole(173)) - 2aeadab0-ec41-4180-985e-a800f9da6a6d@group-ADC71FC4A816: changes role from  FOLLOWER to CANDIDATE at term 0 for changeToCandidate
2019-11-13 20:17:26,661 [Thread-1320] INFO  impl.RoleInfo (RoleInfo.java:updateAndGet(143)) - 2aeadab0-ec41-4180-985e-a800f9da6a6d: start LeaderElection
2019-11-13 20:17:26,695 [Thread-1319] INFO  impl.FollowerState (FollowerState.java:run(111)) - c49df7ba-d7d7-4ac8-a142-ddaef65aa83a@group-ADC71FC4A816-FollowerState: change to CANDIDATE, lastRpcTime:1046ms, electionTimeout:1045ms
2019-11-13 20:17:26,696 [Thread-1319] INFO  impl.RoleInfo (RoleInfo.java:shutdownFollowerState(121)) - c49df7ba-d7d7-4ac8-a142-ddaef65aa83a: shutdown FollowerState
2019-11-13 20:17:26,696 [Thread-1319] INFO  impl.RaftServerImpl (RaftServerImpl.java:setRole(173)) - c49df7ba-d7d7-4ac8-a142-ddaef65aa83a@group-ADC71FC4A816: changes role from  FOLLOWER to CANDIDATE at term 0 for changeToCandidate
2019-11-13 20:17:26,696 [Thread-1319] INFO  impl.RoleInfo (RoleInfo.java:updateAndGet(143)) - c49df7ba-d7d7-4ac8-a142-ddaef65aa83a: start LeaderElection
2019-11-13 20:17:26,717 [c49df7ba-d7d7-4ac8-a142-ddaef65aa83a@group-124A164A7A20-SegmentedRaftLogWorker] INFO  segmented.SegmentedRaftLogWorker (SegmentedRaftLogWorker.java:execute(576)) - c49df7ba-d7d7-4ac8-a142-ddaef65aa83a@group-124A164A7A20-SegmentedRaftLogWorker: created new log segment /workdir/hadoop-ozone/integration-test/target/test-dir/MiniOzoneClusterImpl-e03c2511-109e-4d60-a68c-0151beb67872/datanode-6/data/ratis/4e200406-3bca-4558-8f0e-124a164a7a20/current/log_inprogress_0
2019-11-13 20:17:26,717 [c49df7ba-d7d7-4ac8-a142-ddaef65aa83a@group-ADC71FC4A816-LeaderElection74] INFO  impl.LeaderElection (LeaderElection.java:askForVotes(178)) - c49df7ba-d7d7-4ac8-a142-ddaef65aa83a@group-ADC71FC4A816-LeaderElection74: begin an election at term 1 for -1: [2aeadab0-ec41-4180-985e-a800f9da6a6d:192.168.164.208:42973, 023d4525-aae9-49d4-923e-7124a55e5ae2:192.168.164.208:41869, c49df7ba-d7d7-4ac8-a142-ddaef65aa83a:192.168.164.208:36049], old=null
2019-11-13 20:17:26,717 [2aeadab0-ec41-4180-985e-a800f9da6a6d@group-5520FEB19B3D-SegmentedRaftLogWorker] INFO  segmented.SegmentedRaftLogWorker (SegmentedRaftLogWorker.java:execute(576)) - 2aeadab0-ec41-4180-985e-a800f9da6a6d@group-5520FEB19B3D-SegmentedRaftLogWorker: created new log segment /workdir/hadoop-ozone/integration-test/target/test-dir/MiniOzoneClusterImpl-e03c2511-109e-4d60-a68c-0151beb67872/datanode-5/data/ratis/685f21fb-feb4-4b6a-a307-5520feb19b3d/current/log_inprogress_0
2019-11-13 20:17:26,717 [75645b24-e149-445b-bbe5-336f1e849603@group-01240D7FD062-SegmentedRaftLogWorker] INFO  segmented.SegmentedRaftLogWorker (SegmentedRaftLogWorker.java:execute(576)) - 75645b24-e149-445b-bbe5-336f1e849603@group-01240D7FD062-SegmentedRaftLogWorker: created new log segment /workdir/hadoop-ozone/integration-test/target/test-dir/MiniOzoneClusterImpl-e03c2511-109e-4d60-a68c-0151beb67872/datanode-4/data/ratis/490bff93-09ce-4665-9f8a-01240d7fd062/current/log_inprogress_0
2019-11-13 20:17:26,717 [2aeadab0-ec41-4180-985e-a800f9da6a6d@group-ADC71FC4A816-LeaderElection73] INFO  impl.LeaderElection (LeaderElection.java:askForVotes(178)) - 2aeadab0-ec41-4180-985e-a800f9da6a6d@group-ADC71FC4A816-LeaderElection73: begin an election at term 1 for -1: [2aeadab0-ec41-4180-985e-a800f9da6a6d:192.168.164.208:42973, 023d4525-aae9-49d4-923e-7124a55e5ae2:192.168.164.208:41869, c49df7ba-d7d7-4ac8-a142-ddaef65aa83a:192.168.164.208:36049], old=null
2019-11-13 20:17:26,728 [grpc-default-executor-5] INFO  impl.RaftServerImpl (RaftServerImpl.java:setRole(173)) - 023d4525-aae9-49d4-923e-7124a55e5ae2@group-ADC71FC4A816: changes role from  FOLLOWER to FOLLOWER at term 1 for recognizeCandidate:2aeadab0-ec41-4180-985e-a800f9da6a6d
2019-11-13 20:17:26,728 [grpc-default-executor-5] INFO  impl.RoleInfo (RoleInfo.java:shutdownFollowerState(121)) - 023d4525-aae9-49d4-923e-7124a55e5ae2: shutdown FollowerState
2019-11-13 20:17:26,728 [grpc-default-executor-5] INFO  impl.RoleInfo (RoleInfo.java:updateAndGet(143)) - 023d4525-aae9-49d4-923e-7124a55e5ae2: start FollowerState
2019-11-13 20:17:26,728 [Thread-1315] INFO  impl.FollowerState (FollowerState.java:run(120)) - 023d4525-aae9-49d4-923e-7124a55e5ae2@group-ADC71FC4A816-FollowerState was interrupted: java.lang.InterruptedException: sleep interrupted
2019-11-13 20:17:26,750 [2aeadab0-ec41-4180-985e-a800f9da6a6d@group-ADC71FC4A816-LeaderElection73] INFO  impl.LeaderElection (LeaderElection.java:logAndReturn(56)) - 2aeadab0-ec41-4180-985e-a800f9da6a6d@group-ADC71FC4A816-LeaderElection73: Election PASSED; received 2 response(s) [2aeadab0-ec41-4180-985e-a800f9da6a6d<-023d4525-aae9-49d4-923e-7124a55e5ae2#0:OK-t1, 2aeadab0-ec41-4180-985e-a800f9da6a6d<-c49df7ba-d7d7-4ac8-a142-ddaef65aa83a#0:FAIL-t1] and 0 exception(s); 2aeadab0-ec41-4180-985e-a800f9da6a6d@group-ADC71FC4A816:t1, leader=null, voted=2aeadab0-ec41-4180-985e-a800f9da6a6d, raftlog=2aeadab0-ec41-4180-985e-a800f9da6a6d@group-ADC71FC4A816-SegmentedRaftLog:OPENED:c-1,f-1,i0, conf=-1: [2aeadab0-ec41-4180-985e-a800f9da6a6d:192.168.164.208:42973, 023d4525-aae9-49d4-923e-7124a55e5ae2:192.168.164.208:41869, c49df7ba-d7d7-4ac8-a142-ddaef65aa83a:192.168.164.208:36049], old=null
2019-11-13 20:17:26,750 [c49df7ba-d7d7-4ac8-a142-ddaef65aa83a@group-ADC71FC4A816-LeaderElection74] INFO  impl.LeaderElection (LeaderElection.java:logAndReturn(56)) - c49df7ba-d7d7-4ac8-a142-ddaef65aa83a@group-ADC71FC4A816-LeaderElection74: Election REJECTED; received 2 response(s) [c49df7ba-d7d7-4ac8-a142-ddaef65aa83a<-2aeadab0-ec41-4180-985e-a800f9da6a6d#0:FAIL-t1, c49df7ba-d7d7-4ac8-a142-ddaef65aa83a<-023d4525-aae9-49d4-923e-7124a55e5ae2#0:FAIL-t1] and 0 exception(s); c49df7ba-d7d7-4ac8-a142-ddaef65aa83a@group-ADC71FC4A816:t1, leader=null, voted=c49df7ba-d7d7-4ac8-a142-ddaef65aa83a, raftlog=c49df7ba-d7d7-4ac8-a142-ddaef65aa83a@group-ADC71FC4A816-SegmentedRaftLog:OPENED:c-1,f-1,i0, conf=-1: [2aeadab0-ec41-4180-985e-a800f9da6a6d:192.168.164.208:42973, 023d4525-aae9-49d4-923e-7124a55e5ae2:192.168.164.208:41869, c49df7ba-d7d7-4ac8-a142-ddaef65aa83a:192.168.164.208:36049], old=null
2019-11-13 20:17:26,751 [2aeadab0-ec41-4180-985e-a800f9da6a6d@group-ADC71FC4A816-LeaderElection73] INFO  impl.RoleInfo (RoleInfo.java:shutdownLeaderElection(134)) - 2aeadab0-ec41-4180-985e-a800f9da6a6d: shutdown LeaderElection
2019-11-13 20:17:26,751 [c49df7ba-d7d7-4ac8-a142-ddaef65aa83a@group-ADC71FC4A816-LeaderElection74] INFO  impl.RaftServerImpl (RaftServerImpl.java:setRole(173)) - c49df7ba-d7d7-4ac8-a142-ddaef65aa83a@group-ADC71FC4A816: changes role from CANDIDATE to FOLLOWER at term 1 for DISCOVERED_A_NEW_TERM
2019-11-13 20:17:26,751 [2aeadab0-ec41-4180-985e-a800f9da6a6d@group-ADC71FC4A816-LeaderElection73] INFO  impl.RaftServerImpl (RaftServerImpl.java:setRole(173)) - 2aeadab0-ec41-4180-985e-a800f9da6a6d@group-ADC71FC4A816: changes role from CANDIDATE to LEADER at term 1 for changeToLeader
2019-11-13 20:17:26,751 [c49df7ba-d7d7-4ac8-a142-ddaef65aa83a@group-ADC71FC4A816-LeaderElection74] INFO  impl.RoleInfo (RoleInfo.java:shutdownLeaderElection(134)) - c49df7ba-d7d7-4ac8-a142-ddaef65aa83a: shutdown LeaderElection
2019-11-13 20:17:26,751 [2aeadab0-ec41-4180-985e-a800f9da6a6d@group-ADC71FC4A816-LeaderElection73] INFO  ratis.XceiverServerRatis (XceiverServerRatis.java:handleLeaderChangedNotification(697)) - Leader change notification received for group: group-ADC71FC4A816 with new leaderId: 2aeadab0-ec41-4180-985e-a800f9da6a6d
2019-11-13 20:17:26,751 [c49df7ba-d7d7-4ac8-a142-ddaef65aa83a@group-ADC71FC4A816-LeaderElection74] INFO  impl.RoleInfo (RoleInfo.java:updateAndGet(143)) - c49df7ba-d7d7-4ac8-a142-ddaef65aa83a: start FollowerState
2019-11-13 20:17:26,754 [2aeadab0-ec41-4180-985e-a800f9da6a6d@group-ADC71FC4A816-LeaderElection73] INFO  impl.RaftServerImpl (ServerState.java:setLeader(255)) - 2aeadab0-ec41-4180-985e-a800f9da6a6d@group-ADC71FC4A816: change Leader from null to 2aeadab0-ec41-4180-985e-a800f9da6a6d at term 1 for becomeLeader, leader elected after 1108ms
2019-11-13 20:17:26,754 [2aeadab0-ec41-4180-985e-a800f9da6a6d@group-ADC71FC4A816-LeaderElection73] INFO  server.RaftServerConfigKeys (ConfUtils.java:logGet(43)) - raft.server.staging.catchup.gap = 1000 (default)
2019-11-13 20:17:26,754 [2aeadab0-ec41-4180-985e-a800f9da6a6d@group-ADC71FC4A816-LeaderElection73] INFO  server.RaftServerConfigKeys (ConfUtils.java:logGet(43)) - raft.server.rpc.sleep.time = 25ms (default)
2019-11-13 20:17:26,754 [2aeadab0-ec41-4180-985e-a800f9da6a6d@group-ADC71FC4A816-LeaderElection73] INFO  server.RaftServerConfigKeys (ConfUtils.java:logGet(43)) - raft.server.write.element-limit = 4096 (default)
2019-11-13 20:17:26,755 [2aeadab0-ec41-4180-985e-a800f9da6a6d@group-ADC71FC4A816-LeaderElection73] INFO  server.RaftServerConfigKeys (ConfUtils.java:logGet(43)) - raft.server.watch.timeout = 10s (default)
2019-11-13 20:17:26,755 [2aeadab0-ec41-4180-985e-a800f9da6a6d@group-ADC71FC4A816-LeaderElection73] INFO  server.RaftServerConfigKeys (ConfUtils.java:logGet(43)) - raft.server.watch.timeout.denomination = 1s (default)
2019-11-13 20:17:26,755 [2aeadab0-ec41-4180-985e-a800f9da6a6d@group-ADC71FC4A816-LeaderElection73] INFO  server.RaftServerConfigKeys (ConfUtils.java:logGet(43)) - raft.server.watch.element-limit = 65536 (default)
2019-11-13 20:17:26,755 [2aeadab0-ec41-4180-985e-a800f9da6a6d@group-ADC71FC4A816-LeaderElection73] INFO  server.RaftServerConfigKeys (ConfUtils.java:logGet(43)) - raft.server.log.appender.snapshot.chunk.size.max = 16MB (=16777216) (default)
2019-11-13 20:17:26,755 [2aeadab0-ec41-4180-985e-a800f9da6a6d@group-ADC71FC4A816-LeaderElection73] INFO  server.RaftServerConfigKeys (ConfUtils.java:logGet(43)) - raft.server.log.appender.buffer.byte-limit = 33554432 (custom)
2019-11-13 20:17:26,755 [EventQueue-PipelineReportForPipelineReportHandler] INFO  pipeline.PipelineStateManager (PipelineStateManager.java:openPipeline(134)) - Pipeline Pipeline[ Id: b37a7d77-fc8a-4454-bed4-adc71fc4a816, Nodes: 2aeadab0-ec41-4180-985e-a800f9da6a6d{ip: 192.168.164.208, host: pr-hdds-2375-t422d-1049308724, networkLocation: /rack1, certSerialId: null}023d4525-aae9-49d4-923e-7124a55e5ae2{ip: 192.168.164.208, host: pr-hdds-2375-t422d-1049308724, networkLocation: /rack1, certSerialId: null}c49df7ba-d7d7-4ac8-a142-ddaef65aa83a{ip: 192.168.164.208, host: pr-hdds-2375-t422d-1049308724, networkLocation: /rack1, certSerialId: null}, Type:RATIS, Factor:THREE, State:OPEN] moved to OPEN state
2019-11-13 20:17:26,756 [2aeadab0-ec41-4180-985e-a800f9da6a6d@group-ADC71FC4A816-LeaderElection73] INFO  server.RaftServerConfigKeys (ConfUtils.java:logGet(43)) - raft.server.log.appender.buffer.element-limit = 1 (custom)
2019-11-13 20:17:26,756 [2aeadab0-ec41-4180-985e-a800f9da6a6d@group-ADC71FC4A816-LeaderElection73] INFO  grpc.GrpcConfigKeys$Server (ConfUtils.java:logGet(43)) - raft.grpc.server.leader.outstanding.appends.max = 128 (default)
2019-11-13 20:17:26,756 [2aeadab0-ec41-4180-985e-a800f9da6a6d@group-ADC71FC4A816-LeaderElection73] INFO  server.RaftServerConfigKeys (ConfUtils.java:logGet(43)) - raft.server.rpc.request.timeout = 3000ms (default)
2019-11-13 20:17:26,756 [2aeadab0-ec41-4180-985e-a800f9da6a6d@group-ADC71FC4A816-LeaderElection73] INFO  server.RaftServerConfigKeys (ConfUtils.java:logGet(43)) - raft.server.log.appender.install.snapshot.enabled = false (custom)
2019-11-13 20:17:26,757 [2aeadab0-ec41-4180-985e-a800f9da6a6d@group-ADC71FC4A816-LeaderElection73] WARN  impl.MetricRegistriesImpl (MetricRegistriesImpl.java:lambda$create$1(61)) - First MetricRegistry has been created without registering reporters. You may need to call MetricRegistries.global().addReportRegistration(...) before.
2019-11-13 20:17:26,757 [2aeadab0-ec41-4180-985e-a800f9da6a6d@group-ADC71FC4A816-LeaderElection73] INFO  server.RaftServerConfigKeys (ConfUtils.java:logGet(43)) - raft.server.log.appender.snapshot.chunk.size.max = 16MB (=16777216) (default)
2019-11-13 20:17:26,758 [2aeadab0-ec41-4180-985e-a800f9da6a6d@group-ADC71FC4A816-LeaderElection73] INFO  server.RaftServerConfigKeys (ConfUtils.java:logGet(43)) - raft.server.log.appender.buffer.byte-limit = 33554432 (custom)
2019-11-13 20:17:26,758 [2aeadab0-ec41-4180-985e-a800f9da6a6d@group-ADC71FC4A816-LeaderElection73] INFO  server.RaftServerConfigKeys (ConfUtils.java:logGet(43)) - raft.server.log.appender.buffer.element-limit = 1 (custom)
2019-11-13 20:17:26,758 [2aeadab0-ec41-4180-985e-a800f9da6a6d@group-ADC71FC4A816-LeaderElection73] INFO  grpc.GrpcConfigKeys$Server (ConfUtils.java:logGet(43)) - raft.grpc.server.leader.outstanding.appends.max = 128 (default)
2019-11-13 20:17:26,758 [2aeadab0-ec41-4180-985e-a800f9da6a6d@group-ADC71FC4A816-LeaderElection73] INFO  server.RaftServerConfigKeys (ConfUtils.java:logGet(43)) - raft.server.rpc.request.timeout = 3000ms (default)
2019-11-13 20:17:26,758 [2aeadab0-ec41-4180-985e-a800f9da6a6d@group-ADC71FC4A816-LeaderElection73] INFO  server.RaftServerConfigKeys (ConfUtils.java:logGet(43)) - raft.server.log.appender.install.snapshot.enabled = false (custom)
2019-11-13 20:17:26,759 [2aeadab0-ec41-4180-985e-a800f9da6a6d@group-ADC71FC4A816-LeaderElection73] INFO  impl.RoleInfo (RoleInfo.java:updateAndGet(143)) - 2aeadab0-ec41-4180-985e-a800f9da6a6d: start LeaderState
2019-11-13 20:17:26,759 [2aeadab0-ec41-4180-985e-a800f9da6a6d@group-ADC71FC4A816-LeaderElection73] INFO  segmented.SegmentedRaftLogWorker (SegmentedRaftLogWorker.java:startLogSegment(385)) - 2aeadab0-ec41-4180-985e-a800f9da6a6d@group-ADC71FC4A816-SegmentedRaftLogWorker: Starting segment from index:0
2019-11-13 20:17:26,760 [2aeadab0-ec41-4180-985e-a800f9da6a6d@group-ADC71FC4A816-LeaderElection73] INFO  impl.RaftServerImpl (ServerState.java:setRaftConf(356)) - 2aeadab0-ec41-4180-985e-a800f9da6a6d@group-ADC71FC4A816: set configuration 0: [2aeadab0-ec41-4180-985e-a800f9da6a6d:192.168.164.208:42973, 023d4525-aae9-49d4-923e-7124a55e5ae2:192.168.164.208:41869, c49df7ba-d7d7-4ac8-a142-ddaef65aa83a:192.168.164.208:36049], old=null at 0
2019-11-13 20:17:26,797 [grpc-default-executor-5] INFO  ratis.XceiverServerRatis (XceiverServerRatis.java:handleLeaderChangedNotification(697)) - Leader change notification received for group: group-ADC71FC4A816 with new leaderId: 2aeadab0-ec41-4180-985e-a800f9da6a6d
2019-11-13 20:17:26,797 [grpc-default-executor-2] INFO  ratis.XceiverServerRatis (XceiverServerRatis.java:handleLeaderChangedNotification(697)) - Leader change notification received for group: group-ADC71FC4A816 with new leaderId: 2aeadab0-ec41-4180-985e-a800f9da6a6d
2019-11-13 20:17:26,797 [grpc-default-executor-5] INFO  impl.RaftServerImpl (ServerState.java:setLeader(255)) - c49df7ba-d7d7-4ac8-a142-ddaef65aa83a@group-ADC71FC4A816: change Leader from null to 2aeadab0-ec41-4180-985e-a800f9da6a6d at term 1 for appendEntries, leader elected after 1154ms
2019-11-13 20:17:26,797 [grpc-default-executor-2] INFO  impl.RaftServerImpl (ServerState.java:setLeader(255)) - 023d4525-aae9-49d4-923e-7124a55e5ae2@group-ADC71FC4A816: change Leader from null to 2aeadab0-ec41-4180-985e-a800f9da6a6d at term 1 for appendEntries, leader elected after 1154ms
2019-11-13 20:17:26,800 [grpc-default-executor-2] INFO  impl.RaftServerImpl (ServerState.java:setRaftConf(356)) - c49df7ba-d7d7-4ac8-a142-ddaef65aa83a@group-ADC71FC4A816: set configuration 0: [2aeadab0-ec41-4180-985e-a800f9da6a6d:192.168.164.208:42973, 023d4525-aae9-49d4-923e-7124a55e5ae2:192.168.164.208:41869, c49df7ba-d7d7-4ac8-a142-ddaef65aa83a:192.168.164.208:36049], old=null at 0
2019-11-13 20:17:26,800 [grpc-default-executor-5] INFO  impl.RaftServerImpl (ServerState.java:setRaftConf(356)) - 023d4525-aae9-49d4-923e-7124a55e5ae2@group-ADC71FC4A816: set configuration 0: [2aeadab0-ec41-4180-985e-a800f9da6a6d:192.168.164.208:42973, 023d4525-aae9-49d4-923e-7124a55e5ae2:192.168.164.208:41869, c49df7ba-d7d7-4ac8-a142-ddaef65aa83a:192.168.164.208:36049], old=null at 0
2019-11-13 20:17:26,800 [grpc-default-executor-2] INFO  segmented.SegmentedRaftLogWorker (SegmentedRaftLogWorker.java:startLogSegment(385)) - c49df7ba-d7d7-4ac8-a142-ddaef65aa83a@group-ADC71FC4A816-SegmentedRaftLogWorker: Starting segment from index:0
2019-11-13 20:17:26,801 [grpc-default-executor-5] INFO  segmented.SegmentedRaftLogWorker (SegmentedRaftLogWorker.java:startLogSegment(385)) - 023d4525-aae9-49d4-923e-7124a55e5ae2@group-ADC71FC4A816-SegmentedRaftLogWorker: Starting segment from index:0
2019-11-13 20:17:26,820 [2aeadab0-ec41-4180-985e-a800f9da6a6d@group-ADC71FC4A816-SegmentedRaftLogWorker] INFO  segmented.SegmentedRaftLogWorker (SegmentedRaftLogWorker.java:execute(576)) - 2aeadab0-ec41-4180-985e-a800f9da6a6d@group-ADC71FC4A816-SegmentedRaftLogWorker: created new log segment /workdir/hadoop-ozone/integration-test/target/test-dir/MiniOzoneClusterImpl-e03c2511-109e-4d60-a68c-0151beb67872/datanode-5/data/ratis/b37a7d77-fc8a-4454-bed4-adc71fc4a816/current/log_inprogress_0
2019-11-13 20:17:26,846 [c49df7ba-d7d7-4ac8-a142-ddaef65aa83a@group-ADC71FC4A816-SegmentedRaftLogWorker] INFO  segmented.SegmentedRaftLogWorker (SegmentedRaftLogWorker.java:execute(576)) - c49df7ba-d7d7-4ac8-a142-ddaef65aa83a@group-ADC71FC4A816-SegmentedRaftLogWorker: created new log segment /workdir/hadoop-ozone/integration-test/target/test-dir/MiniOzoneClusterImpl-e03c2511-109e-4d60-a68c-0151beb67872/datanode-6/data/ratis/b37a7d77-fc8a-4454-bed4-adc71fc4a816/current/log_inprogress_0
2019-11-13 20:17:26,846 [023d4525-aae9-49d4-923e-7124a55e5ae2@group-ADC71FC4A816-SegmentedRaftLogWorker] INFO  segmented.SegmentedRaftLogWorker (SegmentedRaftLogWorker.java:execute(576)) - 023d4525-aae9-49d4-923e-7124a55e5ae2@group-ADC71FC4A816-SegmentedRaftLogWorker: created new log segment /workdir/hadoop-ozone/integration-test/target/test-dir/MiniOzoneClusterImpl-e03c2511-109e-4d60-a68c-0151beb67872/datanode-3/data/ratis/b37a7d77-fc8a-4454-bed4-adc71fc4a816/current/log_inprogress_0
2019-11-13 20:17:26,930 [Thread-1324] INFO  impl.FollowerState (FollowerState.java:run(111)) - 845221a7-8c03-4ab3-a7ad-b09d998a1b3e@group-2C7205BAFB5D-FollowerState: change to CANDIDATE, lastRpcTime:1163ms, electionTimeout:1163ms
2019-11-13 20:17:26,930 [Thread-1324] INFO  impl.RoleInfo (RoleInfo.java:shutdownFollowerState(121)) - 845221a7-8c03-4ab3-a7ad-b09d998a1b3e: shutdown FollowerState
2019-11-13 20:17:26,930 [Thread-1324] INFO  impl.RaftServerImpl (RaftServerImpl.java:setRole(173)) - 845221a7-8c03-4ab3-a7ad-b09d998a1b3e@group-2C7205BAFB5D: changes role from  FOLLOWER to CANDIDATE at term 0 for changeToCandidate
2019-11-13 20:17:26,930 [Thread-1324] INFO  impl.RoleInfo (RoleInfo.java:updateAndGet(143)) - 845221a7-8c03-4ab3-a7ad-b09d998a1b3e: start LeaderElection
2019-11-13 20:17:26,936 [Thread-1337] INFO  impl.FollowerState (FollowerState.java:run(111)) - fbe234eb-236c-4e93-9bcf-aa21ab9b5fff@group-6E6279529A94-FollowerState: change to CANDIDATE, lastRpcTime:1003ms, electionTimeout:1001ms
2019-11-13 20:17:26,936 [Thread-1337] INFO  impl.RoleInfo (RoleInfo.java:shutdownFollowerState(121)) - fbe234eb-236c-4e93-9bcf-aa21ab9b5fff: shutdown FollowerState
2019-11-13 20:17:26,936 [Thread-1337] INFO  impl.RaftServerImpl (RaftServerImpl.java:setRole(173)) - fbe234eb-236c-4e93-9bcf-aa21ab9b5fff@group-6E6279529A94: changes role from  FOLLOWER to CANDIDATE at term 0 for changeToCandidate
2019-11-13 20:17:26,936 [Thread-1337] INFO  impl.RoleInfo (RoleInfo.java:updateAndGet(143)) - fbe234eb-236c-4e93-9bcf-aa21ab9b5fff: start LeaderElection
2019-11-13 20:17:26,940 [main] INFO  ozone.MiniOzoneClusterImpl (MiniOzoneClusterImpl.java:lambda$waitForClusterToBeReady$2(163)) - Waiting for 4 number of pipelines out of 13, to report a leader.
2019-11-13 20:17:26,942 [Thread-1338] INFO  impl.FollowerState (FollowerState.java:run(111)) - 845221a7-8c03-4ab3-a7ad-b09d998a1b3e@group-6E6279529A94-FollowerState: change to CANDIDATE, lastRpcTime:1009ms, electionTimeout:1009ms
2019-11-13 20:17:26,942 [Thread-1338] INFO  impl.RoleInfo (RoleInfo.java:shutdownFollowerState(121)) - 845221a7-8c03-4ab3-a7ad-b09d998a1b3e: shutdown FollowerState
2019-11-13 20:17:26,942 [Thread-1338] INFO  impl.RaftServerImpl (RaftServerImpl.java:setRole(173)) - 845221a7-8c03-4ab3-a7ad-b09d998a1b3e@group-6E6279529A94: changes role from  FOLLOWER to CANDIDATE at term 0 for changeToCandidate
2019-11-13 20:17:26,942 [Thread-1338] INFO  impl.RoleInfo (RoleInfo.java:updateAndGet(143)) - 845221a7-8c03-4ab3-a7ad-b09d998a1b3e: start LeaderElection
2019-11-13 20:17:26,961 [845221a7-8c03-4ab3-a7ad-b09d998a1b3e@group-2C7205BAFB5D-LeaderElection75] INFO  impl.LeaderElection (LeaderElection.java:askForVotes(178)) - 845221a7-8c03-4ab3-a7ad-b09d998a1b3e@group-2C7205BAFB5D-LeaderElection75: begin an election at term 1 for -1: [845221a7-8c03-4ab3-a7ad-b09d998a1b3e:192.168.164.208:35661], old=null
2019-11-13 20:17:26,961 [fbe234eb-236c-4e93-9bcf-aa21ab9b5fff@group-6E6279529A94-LeaderElection76] INFO  impl.LeaderElection (LeaderElection.java:askForVotes(178)) - fbe234eb-236c-4e93-9bcf-aa21ab9b5fff@group-6E6279529A94-LeaderElection76: begin an election at term 1 for -1: [845221a7-8c03-4ab3-a7ad-b09d998a1b3e:192.168.164.208:35661, 7d2a40c8-d27f-493d-a958-c7cf8432838d:192.168.164.208:33052, fbe234eb-236c-4e93-9bcf-aa21ab9b5fff:192.168.164.208:41921], old=null
2019-11-13 20:17:26,961 [845221a7-8c03-4ab3-a7ad-b09d998a1b3e@group-6E6279529A94-LeaderElection77] INFO  impl.LeaderElection (LeaderElection.java:askForVotes(178)) - 845221a7-8c03-4ab3-a7ad-b09d998a1b3e@group-6E6279529A94-LeaderElection77: begin an election at term 1 for -1: [845221a7-8c03-4ab3-a7ad-b09d998a1b3e:192.168.164.208:35661, 7d2a40c8-d27f-493d-a958-c7cf8432838d:192.168.164.208:33052, fbe234eb-236c-4e93-9bcf-aa21ab9b5fff:192.168.164.208:41921], old=null
2019-11-13 20:17:26,961 [845221a7-8c03-4ab3-a7ad-b09d998a1b3e@group-2C7205BAFB5D-LeaderElection75] INFO  impl.RoleInfo (RoleInfo.java:shutdownLeaderElection(134)) - 845221a7-8c03-4ab3-a7ad-b09d998a1b3e: shutdown LeaderElection
2019-11-13 20:17:26,962 [845221a7-8c03-4ab3-a7ad-b09d998a1b3e@group-2C7205BAFB5D-LeaderElection75] INFO  impl.RaftServerImpl (RaftServerImpl.java:setRole(173)) - 845221a7-8c03-4ab3-a7ad-b09d998a1b3e@group-2C7205BAFB5D: changes role from CANDIDATE to LEADER at term 1 for changeToLeader
2019-11-13 20:17:26,962 [845221a7-8c03-4ab3-a7ad-b09d998a1b3e@group-2C7205BAFB5D-LeaderElection75] INFO  ratis.XceiverServerRatis (XceiverServerRatis.java:handleLeaderChangedNotification(697)) - Leader change notification received for group: group-2C7205BAFB5D with new leaderId: 845221a7-8c03-4ab3-a7ad-b09d998a1b3e
2019-11-13 20:17:26,962 [845221a7-8c03-4ab3-a7ad-b09d998a1b3e@group-2C7205BAFB5D-LeaderElection75] INFO  impl.RaftServerImpl (ServerState.java:setLeader(255)) - 845221a7-8c03-4ab3-a7ad-b09d998a1b3e@group-2C7205BAFB5D: change Leader from null to 845221a7-8c03-4ab3-a7ad-b09d998a1b3e at term 1 for becomeLeader, leader elected after 1200ms
2019-11-13 20:17:26,962 [845221a7-8c03-4ab3-a7ad-b09d998a1b3e@group-2C7205BAFB5D-LeaderElection75] INFO  server.RaftServerConfigKeys (ConfUtils.java:logGet(43)) - raft.server.staging.catchup.gap = 1000 (default)
2019-11-13 20:17:26,962 [845221a7-8c03-4ab3-a7ad-b09d998a1b3e@group-2C7205BAFB5D-LeaderElection75] INFO  server.RaftServerConfigKeys (ConfUtils.java:logGet(43)) - raft.server.rpc.sleep.time = 25ms (default)
2019-11-13 20:17:26,964 [845221a7-8c03-4ab3-a7ad-b09d998a1b3e@group-2C7205BAFB5D-LeaderElection75] INFO  server.RaftServerConfigKeys (ConfUtils.java:logGet(43)) - raft.server.write.element-limit = 4096 (default)
2019-11-13 20:17:26,965 [845221a7-8c03-4ab3-a7ad-b09d998a1b3e@group-2C7205BAFB5D-LeaderElection75] INFO  server.RaftServerConfigKeys (ConfUtils.java:logGet(43)) - raft.server.watch.timeout = 10s (default)
2019-11-13 20:17:26,965 [845221a7-8c03-4ab3-a7ad-b09d998a1b3e@group-2C7205BAFB5D-LeaderElection75] INFO  server.RaftServerConfigKeys (ConfUtils.java:logGet(43)) - raft.server.watch.timeout.denomination = 1s (default)
2019-11-13 20:17:26,965 [845221a7-8c03-4ab3-a7ad-b09d998a1b3e@group-2C7205BAFB5D-LeaderElection75] INFO  server.RaftServerConfigKeys (ConfUtils.java:logGet(43)) - raft.server.watch.element-limit = 65536 (default)
2019-11-13 20:17:26,965 [845221a7-8c03-4ab3-a7ad-b09d998a1b3e@group-2C7205BAFB5D-LeaderElection75] INFO  impl.RoleInfo (RoleInfo.java:updateAndGet(143)) - 845221a7-8c03-4ab3-a7ad-b09d998a1b3e: start LeaderState
2019-11-13 20:17:26,965 [845221a7-8c03-4ab3-a7ad-b09d998a1b3e@group-2C7205BAFB5D-LeaderElection75] INFO  segmented.SegmentedRaftLogWorker (SegmentedRaftLogWorker.java:startLogSegment(385)) - 845221a7-8c03-4ab3-a7ad-b09d998a1b3e@group-2C7205BAFB5D-SegmentedRaftLogWorker: Starting segment from index:0
2019-11-13 20:17:26,966 [845221a7-8c03-4ab3-a7ad-b09d998a1b3e@group-2C7205BAFB5D-LeaderElection75] INFO  impl.RaftServerImpl (ServerState.java:setRaftConf(356)) - 845221a7-8c03-4ab3-a7ad-b09d998a1b3e@group-2C7205BAFB5D: set configuration 0: [845221a7-8c03-4ab3-a7ad-b09d998a1b3e:192.168.164.208:35661], old=null at 0
2019-11-13 20:17:26,966 [EventQueue-PipelineReportForPipelineReportHandler] INFO  pipeline.PipelineStateManager (PipelineStateManager.java:openPipeline(134)) - Pipeline Pipeline[ Id: 9ce6161f-18be-4a4e-abe2-2c7205bafb5d, Nodes: 845221a7-8c03-4ab3-a7ad-b09d998a1b3e{ip: 192.168.164.208, host: pr-hdds-2375-t422d-1049308724, networkLocation: /rack1, certSerialId: null}, Type:RATIS, Factor:ONE, State:OPEN] moved to OPEN state
2019-11-13 20:17:27,010 [Thread-1327] INFO  impl.FollowerState (FollowerState.java:run(111)) - 7d2a40c8-d27f-493d-a958-c7cf8432838d@group-B8ACC66069F8-FollowerState: change to CANDIDATE, lastRpcTime:1197ms, electionTimeout:1180ms
2019-11-13 20:17:27,010 [Thread-1327] INFO  impl.RoleInfo (RoleInfo.java:shutdownFollowerState(121)) - 7d2a40c8-d27f-493d-a958-c7cf8432838d: shutdown FollowerState
2019-11-13 20:17:27,011 [Thread-1327] INFO  impl.RaftServerImpl (RaftServerImpl.java:setRole(173)) - 7d2a40c8-d27f-493d-a958-c7cf8432838d@group-B8ACC66069F8: changes role from  FOLLOWER to CANDIDATE at term 0 for changeToCandidate
2019-11-13 20:17:27,011 [Thread-1327] INFO  impl.RoleInfo (RoleInfo.java:updateAndGet(143)) - 7d2a40c8-d27f-493d-a958-c7cf8432838d: start LeaderElection
2019-11-13 20:17:27,020 [grpc-default-executor-1] INFO  impl.RaftServerImpl (RaftServerImpl.java:setRole(173)) - 7d2a40c8-d27f-493d-a958-c7cf8432838d@group-6E6279529A94: changes role from  FOLLOWER to FOLLOWER at term 1 for recognizeCandidate:845221a7-8c03-4ab3-a7ad-b09d998a1b3e
2019-11-13 20:17:27,020 [grpc-default-executor-1] INFO  impl.RoleInfo (RoleInfo.java:shutdownFollowerState(121)) - 7d2a40c8-d27f-493d-a958-c7cf8432838d: shutdown FollowerState
2019-11-13 20:17:27,021 [Thread-1333] INFO  impl.FollowerState (FollowerState.java:run(120)) - 7d2a40c8-d27f-493d-a958-c7cf8432838d@group-6E6279529A94-FollowerState was interrupted: java.lang.InterruptedException: sleep interrupted
2019-11-13 20:17:27,021 [grpc-default-executor-1] INFO  impl.RoleInfo (RoleInfo.java:updateAndGet(143)) - 7d2a40c8-d27f-493d-a958-c7cf8432838d: start FollowerState
2019-11-13 20:17:27,035 [845221a7-8c03-4ab3-a7ad-b09d998a1b3e@group-2C7205BAFB5D-SegmentedRaftLogWorker] INFO  segmented.SegmentedRaftLogWorker (SegmentedRaftLogWorker.java:execute(576)) - 845221a7-8c03-4ab3-a7ad-b09d998a1b3e@group-2C7205BAFB5D-SegmentedRaftLogWorker: created new log segment /workdir/hadoop-ozone/integration-test/target/test-dir/MiniOzoneClusterImpl-e03c2511-109e-4d60-a68c-0151beb67872/datanode-7/data/ratis/9ce6161f-18be-4a4e-abe2-2c7205bafb5d/current/log_inprogress_0
2019-11-13 20:17:27,035 [7d2a40c8-d27f-493d-a958-c7cf8432838d@group-B8ACC66069F8-LeaderElection78] INFO  impl.LeaderElection (LeaderElection.java:askForVotes(178)) - 7d2a40c8-d27f-493d-a958-c7cf8432838d@group-B8ACC66069F8-LeaderElection78: begin an election at term 1 for -1: [7d2a40c8-d27f-493d-a958-c7cf8432838d:192.168.164.208:33052], old=null
2019-11-13 20:17:27,035 [7d2a40c8-d27f-493d-a958-c7cf8432838d@group-B8ACC66069F8-LeaderElection78] INFO  impl.RoleInfo (RoleInfo.java:shutdownLeaderElection(134)) - 7d2a40c8-d27f-493d-a958-c7cf8432838d: shutdown LeaderElection
2019-11-13 20:17:27,035 [7d2a40c8-d27f-493d-a958-c7cf8432838d@group-B8ACC66069F8-LeaderElection78] INFO  impl.RaftServerImpl (RaftServerImpl.java:setRole(173)) - 7d2a40c8-d27f-493d-a958-c7cf8432838d@group-B8ACC66069F8: changes role from CANDIDATE to LEADER at term 1 for changeToLeader
2019-11-13 20:17:27,035 [7d2a40c8-d27f-493d-a958-c7cf8432838d@group-B8ACC66069F8-LeaderElection78] INFO  ratis.XceiverServerRatis (XceiverServerRatis.java:handleLeaderChangedNotification(697)) - Leader change notification received for group: group-B8ACC66069F8 with new leaderId: 7d2a40c8-d27f-493d-a958-c7cf8432838d
2019-11-13 20:17:27,035 [7d2a40c8-d27f-493d-a958-c7cf8432838d@group-B8ACC66069F8-LeaderElection78] INFO  impl.RaftServerImpl (ServerState.java:setLeader(255)) - 7d2a40c8-d27f-493d-a958-c7cf8432838d@group-B8ACC66069F8: change Leader from null to 7d2a40c8-d27f-493d-a958-c7cf8432838d at term 1 for becomeLeader, leader elected after 1227ms
2019-11-13 20:17:27,035 [7d2a40c8-d27f-493d-a958-c7cf8432838d@group-B8ACC66069F8-LeaderElection78] INFO  server.RaftServerConfigKeys (ConfUtils.java:logGet(43)) - raft.server.staging.catchup.gap = 1000 (default)
2019-11-13 20:17:27,035 [7d2a40c8-d27f-493d-a958-c7cf8432838d@group-B8ACC66069F8-LeaderElection78] INFO  server.RaftServerConfigKeys (ConfUtils.java:logGet(43)) - raft.server.rpc.sleep.time = 25ms (default)
2019-11-13 20:17:27,038 [7d2a40c8-d27f-493d-a958-c7cf8432838d@group-B8ACC66069F8-LeaderElection78] INFO  server.RaftServerConfigKeys (ConfUtils.java:logGet(43)) - raft.server.write.element-limit = 4096 (default)
2019-11-13 20:17:27,038 [7d2a40c8-d27f-493d-a958-c7cf8432838d@group-B8ACC66069F8-LeaderElection78] INFO  server.RaftServerConfigKeys (ConfUtils.java:logGet(43)) - raft.server.watch.timeout = 10s (default)
2019-11-13 20:17:27,038 [7d2a40c8-d27f-493d-a958-c7cf8432838d@group-B8ACC66069F8-LeaderElection78] INFO  server.RaftServerConfigKeys (ConfUtils.java:logGet(43)) - raft.server.watch.timeout.denomination = 1s (default)
2019-11-13 20:17:27,038 [7d2a40c8-d27f-493d-a958-c7cf8432838d@group-B8ACC66069F8-LeaderElection78] INFO  server.RaftServerConfigKeys (ConfUtils.java:logGet(43)) - raft.server.watch.element-limit = 65536 (default)
2019-11-13 20:17:27,038 [7d2a40c8-d27f-493d-a958-c7cf8432838d@group-B8ACC66069F8-LeaderElection78] INFO  impl.RoleInfo (RoleInfo.java:updateAndGet(143)) - 7d2a40c8-d27f-493d-a958-c7cf8432838d: start LeaderState
2019-11-13 20:17:27,039 [7d2a40c8-d27f-493d-a958-c7cf8432838d@group-B8ACC66069F8-LeaderElection78] INFO  segmented.SegmentedRaftLogWorker (SegmentedRaftLogWorker.java:startLogSegment(385)) - 7d2a40c8-d27f-493d-a958-c7cf8432838d@group-B8ACC66069F8-SegmentedRaftLogWorker: Starting segment from index:0
2019-11-13 20:17:27,039 [EventQueue-PipelineReportForPipelineReportHandler] INFO  pipeline.PipelineStateManager (PipelineStateManager.java:openPipeline(134)) - Pipeline Pipeline[ Id: 4e53937b-60a7-4ba7-82ad-b8acc66069f8, Nodes: 7d2a40c8-d27f-493d-a958-c7cf8432838d{ip: 192.168.164.208, host: pr-hdds-2375-t422d-1049308724, networkLocation: /rack1, certSerialId: null}, Type:RATIS, Factor:ONE, State:OPEN] moved to OPEN state
2019-11-13 20:17:27,039 [845221a7-8c03-4ab3-a7ad-b09d998a1b3e@group-6E6279529A94-LeaderElection77] INFO  impl.LeaderElection (LeaderElection.java:logAndReturn(56)) - 845221a7-8c03-4ab3-a7ad-b09d998a1b3e@group-6E6279529A94-LeaderElection77: Election PASSED; received 2 response(s) [845221a7-8c03-4ab3-a7ad-b09d998a1b3e<-7d2a40c8-d27f-493d-a958-c7cf8432838d#0:OK-t1, 845221a7-8c03-4ab3-a7ad-b09d998a1b3e<-fbe234eb-236c-4e93-9bcf-aa21ab9b5fff#0:FAIL-t1] and 0 exception(s); 845221a7-8c03-4ab3-a7ad-b09d998a1b3e@group-6E6279529A94:t1, leader=null, voted=845221a7-8c03-4ab3-a7ad-b09d998a1b3e, raftlog=845221a7-8c03-4ab3-a7ad-b09d998a1b3e@group-6E6279529A94-SegmentedRaftLog:OPENED:c-1,f-1,i0, conf=-1: [845221a7-8c03-4ab3-a7ad-b09d998a1b3e:192.168.164.208:35661, 7d2a40c8-d27f-493d-a958-c7cf8432838d:192.168.164.208:33052, fbe234eb-236c-4e93-9bcf-aa21ab9b5fff:192.168.164.208:41921], old=null
2019-11-13 20:17:27,039 [7d2a40c8-d27f-493d-a958-c7cf8432838d@group-B8ACC66069F8-LeaderElection78] INFO  impl.RaftServerImpl (ServerState.java:setRaftConf(356)) - 7d2a40c8-d27f-493d-a958-c7cf8432838d@group-B8ACC66069F8: set configuration 0: [7d2a40c8-d27f-493d-a958-c7cf8432838d:192.168.164.208:33052], old=null at 0
2019-11-13 20:17:27,039 [845221a7-8c03-4ab3-a7ad-b09d998a1b3e@group-6E6279529A94-LeaderElection77] INFO  impl.RoleInfo (RoleInfo.java:shutdownLeaderElection(134)) - 845221a7-8c03-4ab3-a7ad-b09d998a1b3e: shutdown LeaderElection
2019-11-13 20:17:27,040 [fbe234eb-236c-4e93-9bcf-aa21ab9b5fff@group-6E6279529A94-LeaderElection76] INFO  impl.LeaderElection (LeaderElection.java:logAndReturn(56)) - fbe234eb-236c-4e93-9bcf-aa21ab9b5fff@group-6E6279529A94-LeaderElection76: Election REJECTED; received 2 response(s) [fbe234eb-236c-4e93-9bcf-aa21ab9b5fff<-845221a7-8c03-4ab3-a7ad-b09d998a1b3e#0:FAIL-t1, fbe234eb-236c-4e93-9bcf-aa21ab9b5fff<-7d2a40c8-d27f-493d-a958-c7cf8432838d#0:FAIL-t1] and 0 exception(s); fbe234eb-236c-4e93-9bcf-aa21ab9b5fff@group-6E6279529A94:t1, leader=null, voted=fbe234eb-236c-4e93-9bcf-aa21ab9b5fff, raftlog=fbe234eb-236c-4e93-9bcf-aa21ab9b5fff@group-6E6279529A94-SegmentedRaftLog:OPENED:c-1,f-1,i0, conf=-1: [845221a7-8c03-4ab3-a7ad-b09d998a1b3e:192.168.164.208:35661, 7d2a40c8-d27f-493d-a958-c7cf8432838d:192.168.164.208:33052, fbe234eb-236c-4e93-9bcf-aa21ab9b5fff:192.168.164.208:41921], old=null
2019-11-13 20:17:27,040 [845221a7-8c03-4ab3-a7ad-b09d998a1b3e@group-6E6279529A94-LeaderElection77] INFO  impl.RaftServerImpl (RaftServerImpl.java:setRole(173)) - 845221a7-8c03-4ab3-a7ad-b09d998a1b3e@group-6E6279529A94: changes role from CANDIDATE to LEADER at term 1 for changeToLeader
2019-11-13 20:17:27,040 [Thread-1330] INFO  impl.FollowerState (FollowerState.java:run(111)) - fbe234eb-236c-4e93-9bcf-aa21ab9b5fff@group-AE3EB04D16AF-FollowerState: change to CANDIDATE, lastRpcTime:1176ms, electionTimeout:1176ms
2019-11-13 20:17:27,040 [fbe234eb-236c-4e93-9bcf-aa21ab9b5fff@group-6E6279529A94-LeaderElection76] INFO  impl.RaftServerImpl (RaftServerImpl.java:setRole(173)) - fbe234eb-236c-4e93-9bcf-aa21ab9b5fff@group-6E6279529A94: changes role from CANDIDATE to FOLLOWER at term 1 for DISCOVERED_A_NEW_TERM
2019-11-13 20:17:27,040 [Thread-1330] INFO  impl.RoleInfo (RoleInfo.java:shutdownFollowerState(121)) - fbe234eb-236c-4e93-9bcf-aa21ab9b5fff: shutdown FollowerState
2019-11-13 20:17:27,040 [845221a7-8c03-4ab3-a7ad-b09d998a1b3e@group-6E6279529A94-LeaderElection77] INFO  ratis.XceiverServerRatis (XceiverServerRatis.java:handleLeaderChangedNotification(697)) - Leader change notification received for group: group-6E6279529A94 with new leaderId: 845221a7-8c03-4ab3-a7ad-b09d998a1b3e
2019-11-13 20:17:27,040 [Thread-1330] INFO  impl.RaftServerImpl (RaftServerImpl.java:setRole(173)) - fbe234eb-236c-4e93-9bcf-aa21ab9b5fff@group-AE3EB04D16AF: changes role from  FOLLOWER to CANDIDATE at term 0 for changeToCandidate
2019-11-13 20:17:27,041 [845221a7-8c03-4ab3-a7ad-b09d998a1b3e@group-6E6279529A94-LeaderElection77] INFO  impl.RaftServerImpl (ServerState.java:setLeader(255)) - 845221a7-8c03-4ab3-a7ad-b09d998a1b3e@group-6E6279529A94: change Leader from null to 845221a7-8c03-4ab3-a7ad-b09d998a1b3e at term 1 for becomeLeader, leader elected after 1114ms
2019-11-13 20:17:27,040 [fbe234eb-236c-4e93-9bcf-aa21ab9b5fff@group-6E6279529A94-LeaderElection76] INFO  impl.RoleInfo (RoleInfo.java:shutdownLeaderElection(134)) - fbe234eb-236c-4e93-9bcf-aa21ab9b5fff: shutdown LeaderElection
2019-11-13 20:17:27,041 [845221a7-8c03-4ab3-a7ad-b09d998a1b3e@group-6E6279529A94-LeaderElection77] INFO  server.RaftServerConfigKeys (ConfUtils.java:logGet(43)) - raft.server.staging.catchup.gap = 1000 (default)
2019-11-13 20:17:27,041 [Thread-1330] INFO  impl.RoleInfo (RoleInfo.java:updateAndGet(143)) - fbe234eb-236c-4e93-9bcf-aa21ab9b5fff: start LeaderElection
2019-11-13 20:17:27,041 [845221a7-8c03-4ab3-a7ad-b09d998a1b3e@group-6E6279529A94-LeaderElection77] INFO  server.RaftServerConfigKeys (ConfUtils.java:logGet(43)) - raft.server.rpc.sleep.time = 25ms (default)
2019-11-13 20:17:27,041 [fbe234eb-236c-4e93-9bcf-aa21ab9b5fff@group-6E6279529A94-LeaderElection76] INFO  impl.RoleInfo (RoleInfo.java:updateAndGet(143)) - fbe234eb-236c-4e93-9bcf-aa21ab9b5fff: start FollowerState
2019-11-13 20:17:27,072 [845221a7-8c03-4ab3-a7ad-b09d998a1b3e@group-6E6279529A94-LeaderElection77] INFO  server.RaftServerConfigKeys (ConfUtils.java:logGet(43)) - raft.server.write.element-limit = 4096 (default)
2019-11-13 20:17:27,074 [EventQueue-PipelineReportForPipelineReportHandler] INFO  pipeline.PipelineStateManager (PipelineStateManager.java:openPipeline(134)) - Pipeline Pipeline[ Id: 4581ef2a-2245-4ecb-8cce-6e6279529a94, Nodes: 845221a7-8c03-4ab3-a7ad-b09d998a1b3e{ip: 192.168.164.208, host: pr-hdds-2375-t422d-1049308724, networkLocation: /rack1, certSerialId: null}7d2a40c8-d27f-493d-a958-c7cf8432838d{ip: 192.168.164.208, host: pr-hdds-2375-t422d-1049308724, networkLocation: /rack1, certSerialId: null}fbe234eb-236c-4e93-9bcf-aa21ab9b5fff{ip: 192.168.164.208, host: pr-hdds-2375-t422d-1049308724, networkLocation: /rack1, certSerialId: null}, Type:RATIS, Factor:THREE, State:OPEN] moved to OPEN state
2019-11-13 20:17:27,074 [845221a7-8c03-4ab3-a7ad-b09d998a1b3e@group-6E6279529A94-LeaderElection77] INFO  server.RaftServerConfigKeys (ConfUtils.java:logGet(43)) - raft.server.watch.timeout = 10s (default)
2019-11-13 20:17:27,074 [845221a7-8c03-4ab3-a7ad-b09d998a1b3e@group-6E6279529A94-LeaderElection77] INFO  server.RaftServerConfigKeys (ConfUtils.java:logGet(43)) - raft.server.watch.timeout.denomination = 1s (default)
2019-11-13 20:17:27,074 [845221a7-8c03-4ab3-a7ad-b09d998a1b3e@group-6E6279529A94-LeaderElection77] INFO  server.RaftServerConfigKeys (ConfUtils.java:logGet(43)) - raft.server.watch.element-limit = 65536 (default)
2019-11-13 20:17:27,075 [845221a7-8c03-4ab3-a7ad-b09d998a1b3e@group-6E6279529A94-LeaderElection77] INFO  server.RaftServerConfigKeys (ConfUtils.java:logGet(43)) - raft.server.log.appender.snapshot.chunk.size.max = 16MB (=16777216) (default)
2019-11-13 20:17:27,075 [845221a7-8c03-4ab3-a7ad-b09d998a1b3e@group-6E6279529A94-LeaderElection77] INFO  server.RaftServerConfigKeys (ConfUtils.java:logGet(43)) - raft.server.log.appender.buffer.byte-limit = 33554432 (custom)
2019-11-13 20:17:27,075 [845221a7-8c03-4ab3-a7ad-b09d998a1b3e@group-6E6279529A94-LeaderElection77] INFO  server.RaftServerConfigKeys (ConfUtils.java:logGet(43)) - raft.server.log.appender.buffer.element-limit = 1 (custom)
2019-11-13 20:17:27,075 [845221a7-8c03-4ab3-a7ad-b09d998a1b3e@group-6E6279529A94-LeaderElection77] INFO  grpc.GrpcConfigKeys$Server (ConfUtils.java:logGet(43)) - raft.grpc.server.leader.outstanding.appends.max = 128 (default)
2019-11-13 20:17:27,076 [845221a7-8c03-4ab3-a7ad-b09d998a1b3e@group-6E6279529A94-LeaderElection77] INFO  server.RaftServerConfigKeys (ConfUtils.java:logGet(43)) - raft.server.rpc.request.timeout = 3000ms (default)
2019-11-13 20:17:27,076 [845221a7-8c03-4ab3-a7ad-b09d998a1b3e@group-6E6279529A94-LeaderElection77] INFO  server.RaftServerConfigKeys (ConfUtils.java:logGet(43)) - raft.server.log.appender.install.snapshot.enabled = false (custom)
2019-11-13 20:17:27,076 [845221a7-8c03-4ab3-a7ad-b09d998a1b3e@group-6E6279529A94-LeaderElection77] WARN  impl.MetricRegistriesImpl (MetricRegistriesImpl.java:lambda$create$1(61)) - First MetricRegistry has been created without registering reporters. You may need to call MetricRegistries.global().addReportRegistration(...) before.
2019-11-13 20:17:27,076 [845221a7-8c03-4ab3-a7ad-b09d998a1b3e@group-6E6279529A94-LeaderElection77] INFO  server.RaftServerConfigKeys (ConfUtils.java:logGet(43)) - raft.server.log.appender.snapshot.chunk.size.max = 16MB (=16777216) (default)
2019-11-13 20:17:27,076 [845221a7-8c03-4ab3-a7ad-b09d998a1b3e@group-6E6279529A94-LeaderElection77] INFO  server.RaftServerConfigKeys (ConfUtils.java:logGet(43)) - raft.server.log.appender.buffer.byte-limit = 33554432 (custom)
2019-11-13 20:17:27,077 [845221a7-8c03-4ab3-a7ad-b09d998a1b3e@group-6E6279529A94-LeaderElection77] INFO  server.RaftServerConfigKeys (ConfUtils.java:logGet(43)) - raft.server.log.appender.buffer.element-limit = 1 (custom)
2019-11-13 20:17:27,077 [845221a7-8c03-4ab3-a7ad-b09d998a1b3e@group-6E6279529A94-LeaderElection77] INFO  grpc.GrpcConfigKeys$Server (ConfUtils.java:logGet(43)) - raft.grpc.server.leader.outstanding.appends.max = 128 (default)
2019-11-13 20:17:27,077 [845221a7-8c03-4ab3-a7ad-b09d998a1b3e@group-6E6279529A94-LeaderElection77] INFO  server.RaftServerConfigKeys (ConfUtils.java:logGet(43)) - raft.server.rpc.request.timeout = 3000ms (default)
2019-11-13 20:17:27,077 [845221a7-8c03-4ab3-a7ad-b09d998a1b3e@group-6E6279529A94-LeaderElection77] INFO  server.RaftServerConfigKeys (ConfUtils.java:logGet(43)) - raft.server.log.appender.install.snapshot.enabled = false (custom)
2019-11-13 20:17:27,077 [845221a7-8c03-4ab3-a7ad-b09d998a1b3e@group-6E6279529A94-LeaderElection77] INFO  impl.RoleInfo (RoleInfo.java:updateAndGet(143)) - 845221a7-8c03-4ab3-a7ad-b09d998a1b3e: start LeaderState
2019-11-13 20:17:27,078 [845221a7-8c03-4ab3-a7ad-b09d998a1b3e@group-6E6279529A94-LeaderElection77] INFO  segmented.SegmentedRaftLogWorker (SegmentedRaftLogWorker.java:startLogSegment(385)) - 845221a7-8c03-4ab3-a7ad-b09d998a1b3e@group-6E6279529A94-SegmentedRaftLogWorker: Starting segment from index:0
2019-11-13 20:17:27,078 [845221a7-8c03-4ab3-a7ad-b09d998a1b3e@group-6E6279529A94-LeaderElection77] INFO  impl.RaftServerImpl (ServerState.java:setRaftConf(356)) - 845221a7-8c03-4ab3-a7ad-b09d998a1b3e@group-6E6279529A94: set configuration 0: [845221a7-8c03-4ab3-a7ad-b09d998a1b3e:192.168.164.208:35661, 7d2a40c8-d27f-493d-a958-c7cf8432838d:192.168.164.208:33052, fbe234eb-236c-4e93-9bcf-aa21ab9b5fff:192.168.164.208:41921], old=null at 0
2019-11-13 20:17:27,081 [grpc-default-executor-1] INFO  ratis.XceiverServerRatis (XceiverServerRatis.java:handleLeaderChangedNotification(697)) - Leader change notification received for group: group-6E6279529A94 with new leaderId: 845221a7-8c03-4ab3-a7ad-b09d998a1b3e
2019-11-13 20:17:27,081 [grpc-default-executor-1] INFO  impl.RaftServerImpl (ServerState.java:setLeader(255)) - fbe234eb-236c-4e93-9bcf-aa21ab9b5fff@group-6E6279529A94: change Leader from null to 845221a7-8c03-4ab3-a7ad-b09d998a1b3e at term 1 for appendEntries, leader elected after 1155ms
2019-11-13 20:17:27,081 [grpc-default-executor-5] INFO  ratis.XceiverServerRatis (XceiverServerRatis.java:handleLeaderChangedNotification(697)) - Leader change notification received for group: group-6E6279529A94 with new leaderId: 845221a7-8c03-4ab3-a7ad-b09d998a1b3e
2019-11-13 20:17:27,082 [grpc-default-executor-5] INFO  impl.RaftServerImpl (ServerState.java:setLeader(255)) - 7d2a40c8-d27f-493d-a958-c7cf8432838d@group-6E6279529A94: change Leader from null to 845221a7-8c03-4ab3-a7ad-b09d998a1b3e at term 1 for appendEntries, leader elected after 1156ms
2019-11-13 20:17:27,084 [grpc-default-executor-5] INFO  impl.RaftServerImpl (ServerState.java:setRaftConf(356)) - fbe234eb-236c-4e93-9bcf-aa21ab9b5fff@group-6E6279529A94: set configuration 0: [845221a7-8c03-4ab3-a7ad-b09d998a1b3e:192.168.164.208:35661, 7d2a40c8-d27f-493d-a958-c7cf8432838d:192.168.164.208:33052, fbe234eb-236c-4e93-9bcf-aa21ab9b5fff:192.168.164.208:41921], old=null at 0
2019-11-13 20:17:27,084 [grpc-default-executor-5] INFO  segmented.SegmentedRaftLogWorker (SegmentedRaftLogWorker.java:startLogSegment(385)) - fbe234eb-236c-4e93-9bcf-aa21ab9b5fff@group-6E6279529A94-SegmentedRaftLogWorker: Starting segment from index:0
2019-11-13 20:17:27,085 [grpc-default-executor-1] INFO  impl.RaftServerImpl (ServerState.java:setRaftConf(356)) - 7d2a40c8-d27f-493d-a958-c7cf8432838d@group-6E6279529A94: set configuration 0: [845221a7-8c03-4ab3-a7ad-b09d998a1b3e:192.168.164.208:35661, 7d2a40c8-d27f-493d-a958-c7cf8432838d:192.168.164.208:33052, fbe234eb-236c-4e93-9bcf-aa21ab9b5fff:192.168.164.208:41921], old=null at 0
2019-11-13 20:17:27,085 [grpc-default-executor-1] INFO  segmented.SegmentedRaftLogWorker (SegmentedRaftLogWorker.java:startLogSegment(385)) - 7d2a40c8-d27f-493d-a958-c7cf8432838d@group-6E6279529A94-SegmentedRaftLogWorker: Starting segment from index:0
2019-11-13 20:17:27,092 [7d2a40c8-d27f-493d-a958-c7cf8432838d@group-B8ACC66069F8-SegmentedRaftLogWorker] INFO  segmented.SegmentedRaftLogWorker (SegmentedRaftLogWorker.java:execute(576)) - 7d2a40c8-d27f-493d-a958-c7cf8432838d@group-B8ACC66069F8-SegmentedRaftLogWorker: created new log segment /workdir/hadoop-ozone/integration-test/target/test-dir/MiniOzoneClusterImpl-e03c2511-109e-4d60-a68c-0151beb67872/datanode-8/data/ratis/4e53937b-60a7-4ba7-82ad-b8acc66069f8/current/log_inprogress_0
2019-11-13 20:17:27,092 [fbe234eb-236c-4e93-9bcf-aa21ab9b5fff@group-AE3EB04D16AF-LeaderElection79] INFO  impl.LeaderElection (LeaderElection.java:askForVotes(178)) - fbe234eb-236c-4e93-9bcf-aa21ab9b5fff@group-AE3EB04D16AF-LeaderElection79: begin an election at term 1 for -1: [fbe234eb-236c-4e93-9bcf-aa21ab9b5fff:192.168.164.208:41921], old=null
2019-11-13 20:17:27,092 [fbe234eb-236c-4e93-9bcf-aa21ab9b5fff@group-AE3EB04D16AF-LeaderElection79] INFO  impl.RoleInfo (RoleInfo.java:shutdownLeaderElection(134)) - fbe234eb-236c-4e93-9bcf-aa21ab9b5fff: shutdown LeaderElection
2019-11-13 20:17:27,093 [fbe234eb-236c-4e93-9bcf-aa21ab9b5fff@group-AE3EB04D16AF-LeaderElection79] INFO  impl.RaftServerImpl (RaftServerImpl.java:setRole(173)) - fbe234eb-236c-4e93-9bcf-aa21ab9b5fff@group-AE3EB04D16AF: changes role from CANDIDATE to LEADER at term 1 for changeToLeader
2019-11-13 20:17:27,093 [fbe234eb-236c-4e93-9bcf-aa21ab9b5fff@group-AE3EB04D16AF-LeaderElection79] INFO  ratis.XceiverServerRatis (XceiverServerRatis.java:handleLeaderChangedNotification(697)) - Leader change notification received for group: group-AE3EB04D16AF with new leaderId: fbe234eb-236c-4e93-9bcf-aa21ab9b5fff
2019-11-13 20:17:27,093 [fbe234eb-236c-4e93-9bcf-aa21ab9b5fff@group-AE3EB04D16AF-LeaderElection79] INFO  impl.RaftServerImpl (ServerState.java:setLeader(255)) - fbe234eb-236c-4e93-9bcf-aa21ab9b5fff@group-AE3EB04D16AF: change Leader from null to fbe234eb-236c-4e93-9bcf-aa21ab9b5fff at term 1 for becomeLeader, leader elected after 1233ms
2019-11-13 20:17:27,093 [fbe234eb-236c-4e93-9bcf-aa21ab9b5fff@group-AE3EB04D16AF-LeaderElection79] INFO  server.RaftServerConfigKeys (ConfUtils.java:logGet(43)) - raft.server.staging.catchup.gap = 1000 (default)
2019-11-13 20:17:27,093 [fbe234eb-236c-4e93-9bcf-aa21ab9b5fff@group-AE3EB04D16AF-LeaderElection79] INFO  server.RaftServerConfigKeys (ConfUtils.java:logGet(43)) - raft.server.rpc.sleep.time = 25ms (default)
2019-11-13 20:17:27,131 [fbe234eb-236c-4e93-9bcf-aa21ab9b5fff@group-AE3EB04D16AF-LeaderElection79] INFO  server.RaftServerConfigKeys (ConfUtils.java:logGet(43)) - raft.server.write.element-limit = 4096 (default)
2019-11-13 20:17:27,131 [fbe234eb-236c-4e93-9bcf-aa21ab9b5fff@group-AE3EB04D16AF-LeaderElection79] INFO  server.RaftServerConfigKeys (ConfUtils.java:logGet(43)) - raft.server.watch.timeout = 10s (default)
2019-11-13 20:17:27,132 [fbe234eb-236c-4e93-9bcf-aa21ab9b5fff@group-AE3EB04D16AF-LeaderElection79] INFO  server.RaftServerConfigKeys (ConfUtils.java:logGet(43)) - raft.server.watch.timeout.denomination = 1s (default)
2019-11-13 20:17:27,132 [fbe234eb-236c-4e93-9bcf-aa21ab9b5fff@group-AE3EB04D16AF-LeaderElection79] INFO  server.RaftServerConfigKeys (ConfUtils.java:logGet(43)) - raft.server.watch.element-limit = 65536 (default)
2019-11-13 20:17:27,132 [fbe234eb-236c-4e93-9bcf-aa21ab9b5fff@group-AE3EB04D16AF-LeaderElection79] INFO  impl.RoleInfo (RoleInfo.java:updateAndGet(143)) - fbe234eb-236c-4e93-9bcf-aa21ab9b5fff: start LeaderState
2019-11-13 20:17:27,132 [EventQueue-PipelineReportForPipelineReportHandler] INFO  pipeline.PipelineStateManager (PipelineStateManager.java:openPipeline(134)) - Pipeline Pipeline[ Id: 50e5c265-8b34-4888-9e96-ae3eb04d16af, Nodes: fbe234eb-236c-4e93-9bcf-aa21ab9b5fff{ip: 192.168.164.208, host: pr-hdds-2375-t422d-1049308724, networkLocation: /rack1, certSerialId: null}, Type:RATIS, Factor:ONE, State:OPEN] moved to OPEN state
2019-11-13 20:17:27,132 [fbe234eb-236c-4e93-9bcf-aa21ab9b5fff@group-AE3EB04D16AF-LeaderElection79] INFO  segmented.SegmentedRaftLogWorker (SegmentedRaftLogWorker.java:startLogSegment(385)) - fbe234eb-236c-4e93-9bcf-aa21ab9b5fff@group-AE3EB04D16AF-SegmentedRaftLogWorker: Starting segment from index:0
2019-11-13 20:17:27,133 [fbe234eb-236c-4e93-9bcf-aa21ab9b5fff@group-AE3EB04D16AF-LeaderElection79] INFO  impl.RaftServerImpl (ServerState.java:setRaftConf(356)) - fbe234eb-236c-4e93-9bcf-aa21ab9b5fff@group-AE3EB04D16AF: set configuration 0: [fbe234eb-236c-4e93-9bcf-aa21ab9b5fff:192.168.164.208:41921], old=null at 0
2019-11-13 20:17:27,145 [845221a7-8c03-4ab3-a7ad-b09d998a1b3e@group-6E6279529A94-SegmentedRaftLogWorker] INFO  segmented.SegmentedRaftLogWorker (SegmentedRaftLogWorker.java:execute(576)) - 845221a7-8c03-4ab3-a7ad-b09d998a1b3e@group-6E6279529A94-SegmentedRaftLogWorker: created new log segment /workdir/hadoop-ozone/integration-test/target/test-dir/MiniOzoneClusterImpl-e03c2511-109e-4d60-a68c-0151beb67872/datanode-7/data/ratis/4581ef2a-2245-4ecb-8cce-6e6279529a94/current/log_inprogress_0
2019-11-13 20:17:27,145 [7d2a40c8-d27f-493d-a958-c7cf8432838d@group-6E6279529A94-SegmentedRaftLogWorker] INFO  segmented.SegmentedRaftLogWorker (SegmentedRaftLogWorker.java:execute(576)) - 7d2a40c8-d27f-493d-a958-c7cf8432838d@group-6E6279529A94-SegmentedRaftLogWorker: created new log segment /workdir/hadoop-ozone/integration-test/target/test-dir/MiniOzoneClusterImpl-e03c2511-109e-4d60-a68c-0151beb67872/datanode-8/data/ratis/4581ef2a-2245-4ecb-8cce-6e6279529a94/current/log_inprogress_0
2019-11-13 20:17:27,146 [fbe234eb-236c-4e93-9bcf-aa21ab9b5fff@group-6E6279529A94-SegmentedRaftLogWorker] INFO  segmented.SegmentedRaftLogWorker (SegmentedRaftLogWorker.java:execute(576)) - fbe234eb-236c-4e93-9bcf-aa21ab9b5fff@group-6E6279529A94-SegmentedRaftLogWorker: created new log segment /workdir/hadoop-ozone/integration-test/target/test-dir/MiniOzoneClusterImpl-e03c2511-109e-4d60-a68c-0151beb67872/datanode-9/data/ratis/4581ef2a-2245-4ecb-8cce-6e6279529a94/current/log_inprogress_0
2019-11-13 20:17:27,181 [fbe234eb-236c-4e93-9bcf-aa21ab9b5fff@group-AE3EB04D16AF-SegmentedRaftLogWorker] INFO  segmented.SegmentedRaftLogWorker (SegmentedRaftLogWorker.java:execute(576)) - fbe234eb-236c-4e93-9bcf-aa21ab9b5fff@group-AE3EB04D16AF-SegmentedRaftLogWorker: created new log segment /workdir/hadoop-ozone/integration-test/target/test-dir/MiniOzoneClusterImpl-e03c2511-109e-4d60-a68c-0151beb67872/datanode-9/data/ratis/50e5c265-8b34-4888-9e96-ae3eb04d16af/current/log_inprogress_0
2019-11-13 20:17:27,941 [main] INFO  ozone.MiniOzoneClusterImpl (MiniOzoneClusterImpl.java:lambda$waitForClusterToBeReady$2(171)) - Cluster is ready. Got 10 of 10 DN Heartbeats.
2019-11-13 20:17:27,973 [main] INFO  rpc.RpcClient (RpcClient.java:createVolume(292)) - Creating Volume: datanodefailurehandlingtest, with jenkins1000 as owner.
2019-11-13 20:17:27,976 [IPC Server handler 19 on 33695] INFO  volume.OMVolumeCreateRequest (OMVolumeCreateRequest.java:validateAndUpdateCache(193)) - created volume:datanodefailurehandlingtest for user:jenkins1000
2019-11-13 20:17:28,017 [main] INFO  rpc.RpcClient (RpcClient.java:createBucket(431)) - Creating Bucket: datanodefailurehandlingtest/datanodefailurehandlingtest, with Versioning false and Storage Type set to DISK and Encryption set to false 
2019-11-13 20:17:28,139 [Thread-1283] INFO  container.ReplicationManager (ReplicationManager.java:start(162)) - Starting Replication Monitor Thread.
2019-11-13 20:17:28,139 [Thread-1283] INFO  pipeline.SCMPipelineManager (SCMPipelineManager.java:finalizeAndDestroyPipeline(315)) - destroying pipeline:Pipeline[ Id: 490bff93-09ce-4665-9f8a-01240d7fd062, Nodes: 75645b24-e149-445b-bbe5-336f1e849603{ip: 192.168.164.208, host: pr-hdds-2375-t422d-1049308724, networkLocation: /rack1, certSerialId: null}, Type:RATIS, Factor:ONE, State:OPEN]
2019-11-13 20:17:28,141 [Thread-1283] INFO  pipeline.PipelineStateManager (PipelineStateManager.java:finalizePipeline(121)) - Pipeline Pipeline[ Id: 490bff93-09ce-4665-9f8a-01240d7fd062, Nodes: 75645b24-e149-445b-bbe5-336f1e849603{ip: 192.168.164.208, host: pr-hdds-2375-t422d-1049308724, networkLocation: /rack1, certSerialId: null}, Type:RATIS, Factor:ONE, State:CLOSED] moved to CLOSED state
2019-11-13 20:17:28,141 [ReplicationMonitor] INFO  container.ReplicationManager (ReplicationManager.java:run(225)) - Replication Monitor Thread took 0 milliseconds for processing 1 containers.
2019-11-13 20:17:28,146 [grpc-default-executor-1] INFO  impl.RaftServerProxy (RaftServerProxy.java:remove(95)) - 75645b24-e149-445b-bbe5-336f1e849603: remove    LEADER 75645b24-e149-445b-bbe5-336f1e849603@group-01240D7FD062:t1, leader=75645b24-e149-445b-bbe5-336f1e849603, voted=75645b24-e149-445b-bbe5-336f1e849603, raftlog=75645b24-e149-445b-bbe5-336f1e849603@group-01240D7FD062-SegmentedRaftLog:OPENED:c0,f0,i0, conf=0: [75645b24-e149-445b-bbe5-336f1e849603:192.168.164.208:39182], old=null RUNNING
2019-11-13 20:17:28,146 [grpc-default-executor-1] INFO  impl.RaftServerImpl (RaftServerImpl.java:lambda$shutdown$3(250)) - 75645b24-e149-445b-bbe5-336f1e849603@group-01240D7FD062: shutdown
2019-11-13 20:17:28,146 [grpc-default-executor-1] INFO  util.JmxRegister (JmxRegister.java:unregister(73)) - Successfully un-registered JMX Bean with object name Ratis:service=RaftServer,group=group-01240D7FD062,id=75645b24-e149-445b-bbe5-336f1e849603
2019-11-13 20:17:28,146 [grpc-default-executor-1] INFO  impl.RoleInfo (RoleInfo.java:shutdownLeaderState(104)) - 75645b24-e149-445b-bbe5-336f1e849603: shutdown LeaderState
2019-11-13 20:17:28,146 [grpc-default-executor-1] INFO  impl.PendingRequests (PendingRequests.java:sendNotLeaderResponses(206)) - 75645b24-e149-445b-bbe5-336f1e849603@group-01240D7FD062-PendingRequests: sendNotLeaderResponses
2019-11-13 20:17:28,147 [grpc-default-executor-1] INFO  impl.StateMachineUpdater (StateMachineUpdater.java:stopAndJoin(136)) - 75645b24-e149-445b-bbe5-336f1e849603@group-01240D7FD062-StateMachineUpdater: set stopIndex = 0
2019-11-13 20:17:28,147 [grpc-default-executor-1] INFO  impl.RaftServerImpl (ServerState.java:close(387)) - 75645b24-e149-445b-bbe5-336f1e849603@group-01240D7FD062: closes. applyIndex: 0
2019-11-13 20:17:28,147 [75645b24-e149-445b-bbe5-336f1e849603@group-01240D7FD062-SegmentedRaftLogWorker] INFO  segmented.SegmentedRaftLogWorker (SegmentedRaftLogWorker.java:run(316)) - 75645b24-e149-445b-bbe5-336f1e849603@group-01240D7FD062-SegmentedRaftLogWorker was interrupted, exiting. There are 0 tasks remaining in the queue.
2019-11-13 20:17:28,152 [grpc-default-executor-1] INFO  segmented.SegmentedRaftLogWorker (SegmentedRaftLogWorker.java:close(224)) - 75645b24-e149-445b-bbe5-336f1e849603@group-01240D7FD062-SegmentedRaftLogWorker close()
2019-11-13 20:17:28,159 [Thread-1283] INFO  pipeline.PipelineStateManager (PipelineStateManager.java:removePipeline(106)) - Pipeline Pipeline[ Id: 490bff93-09ce-4665-9f8a-01240d7fd062, Nodes: 75645b24-e149-445b-bbe5-336f1e849603{ip: 192.168.164.208, host: pr-hdds-2375-t422d-1049308724, networkLocation: /rack1, certSerialId: null}, Type:RATIS, Factor:ONE, State:CLOSED] removed from db
2019-11-13 20:17:28,161 [Thread-1283] INFO  pipeline.SCMPipelineManager (SCMPipelineManager.java:finalizeAndDestroyPipeline(315)) - destroying pipeline:Pipeline[ Id: 4581ef2a-2245-4ecb-8cce-6e6279529a94, Nodes: 845221a7-8c03-4ab3-a7ad-b09d998a1b3e{ip: 192.168.164.208, host: pr-hdds-2375-t422d-1049308724, networkLocation: /rack1, certSerialId: null}7d2a40c8-d27f-493d-a958-c7cf8432838d{ip: 192.168.164.208, host: pr-hdds-2375-t422d-1049308724, networkLocation: /rack1, certSerialId: null}fbe234eb-236c-4e93-9bcf-aa21ab9b5fff{ip: 192.168.164.208, host: pr-hdds-2375-t422d-1049308724, networkLocation: /rack1, certSerialId: null}, Type:RATIS, Factor:THREE, State:OPEN]
2019-11-13 20:17:28,165 [grpc-default-executor-5] INFO  impl.RaftServerProxy (RaftServerProxy.java:addNew(89)) - 75645b24-e149-445b-bbe5-336f1e849603: addNew group-F878B01E012E:[75645b24-e149-445b-bbe5-336f1e849603:192.168.164.208:39182] returns group-F878B01E012E:java.util.concurrent.CompletableFuture@466ef47c[Not completed]
2019-11-13 20:17:28,167 [pool-189-thread-1] INFO  impl.RaftServerImpl (RaftServerImpl.java:<init>(98)) - 75645b24-e149-445b-bbe5-336f1e849603: new RaftServerImpl for group-F878B01E012E:[75645b24-e149-445b-bbe5-336f1e849603:192.168.164.208:39182] with ContainerStateMachine:uninitialized
2019-11-13 20:17:28,167 [pool-189-thread-1] INFO  server.RaftServerConfigKeys (ConfUtils.java:logGet(43)) - raft.server.rpc.timeout.min = 1s (custom)
2019-11-13 20:17:28,167 [pool-189-thread-1] INFO  server.RaftServerConfigKeys (ConfUtils.java:logGet(43)) - raft.server.rpc.timeout.max = 1200ms (custom)
2019-11-13 20:17:28,167 [pool-189-thread-1] INFO  server.RaftServerConfigKeys (ConfUtils.java:logGet(43)) - raft.server.rpcslowness.timeout = 120s (custom)
2019-11-13 20:17:28,168 [pool-189-thread-1] INFO  server.RaftServerConfigKeys (ConfUtils.java:logGet(43)) - raft.server.sleep.deviation.threshold = 300 (default)
2019-11-13 20:17:28,168 [pool-189-thread-1] INFO  server.RaftServerConfigKeys (ConfUtils.java:logGet(43)) - raft.server.log.appender.install.snapshot.enabled = false (custom)
2019-11-13 20:17:28,168 [pool-189-thread-1] INFO  impl.RaftServerImpl (ServerState.java:<init>(103)) - 75645b24-e149-445b-bbe5-336f1e849603@group-F878B01E012E: ConfigurationManager, init=-1: [75645b24-e149-445b-bbe5-336f1e849603:192.168.164.208:39182], old=null, confs=<EMPTY_MAP>
2019-11-13 20:17:28,168 [pool-189-thread-1] INFO  server.RaftServerConfigKeys (ConfUtils.java:logGet(43)) - raft.server.storage.dir = [/workdir/hadoop-ozone/integration-test/target/test-dir/MiniOzoneClusterImpl-e03c2511-109e-4d60-a68c-0151beb67872/datanode-4/data/ratis] (custom)
2019-11-13 20:17:28,168 [pool-189-thread-1] INFO  server.RaftServerConfigKeys (ConfUtils.java:logGet(43)) - raft.server.log.corruption.policy = EXCEPTION (default)
2019-11-13 20:17:28,168 [pool-189-thread-1] INFO  storage.RaftStorageDirectory (RaftStorageDirectory.java:analyzeStorage(246)) - The storage directory /workdir/hadoop-ozone/integration-test/target/test-dir/MiniOzoneClusterImpl-e03c2511-109e-4d60-a68c-0151beb67872/datanode-4/data/ratis/347501df-a3b5-4411-8e3a-f878b01e012e does not exist. Creating ...
2019-11-13 20:17:28,185 [pool-189-thread-1] INFO  storage.RaftStorageDirectory (RaftStorageDirectory.java:tryLock(328)) - Lock on /workdir/hadoop-ozone/integration-test/target/test-dir/MiniOzoneClusterImpl-e03c2511-109e-4d60-a68c-0151beb67872/datanode-4/data/ratis/347501df-a3b5-4411-8e3a-f878b01e012e/in_use.lock acquired by nodename 4344@pr-hdds-2375-t422d-1049308724
2019-11-13 20:17:28,232 [pool-189-thread-1] INFO  storage.RaftStorage (RaftStorage.java:format(84)) - Storage directory /workdir/hadoop-ozone/integration-test/target/test-dir/MiniOzoneClusterImpl-e03c2511-109e-4d60-a68c-0151beb67872/datanode-4/data/ratis/347501df-a3b5-4411-8e3a-f878b01e012e has been successfully formatted.
2019-11-13 20:17:28,233 [pool-189-thread-1] INFO  ratis.ContainerStateMachine (ContainerStateMachine.java:loadSnapshot(223)) - group-F878B01E012E: The snapshot info is null. Setting the last applied indexto:(t:0, i:~)
2019-11-13 20:17:28,233 [pool-189-thread-1] INFO  server.RaftServerConfigKeys (ConfUtils.java:logGet(43)) - raft.server.notification.no-leader.timeout = 120s (custom)
2019-11-13 20:17:28,233 [pool-189-thread-1] INFO  server.RaftServerConfigKeys (ConfUtils.java:logGet(43)) - raft.server.log.use.memory = false (default)
2019-11-13 20:17:28,233 [pool-189-thread-1] INFO  server.RaftServerConfigKeys (ConfUtils.java:logGet(43)) - raft.server.log.purge.gap = 1000000 (custom)
2019-11-13 20:17:28,233 [pool-189-thread-1] INFO  server.RaftServerConfigKeys (ConfUtils.java:logGet(43)) - raft.server.log.appender.buffer.byte-limit = 33554432 (custom)
2019-11-13 20:17:28,233 [pool-189-thread-1] INFO  server.RaftServerConfigKeys (ConfUtils.java:logGet(43)) - raft.server.log.segment.size.max = 1048576 (custom)
2019-11-13 20:17:28,234 [pool-189-thread-1] INFO  server.RaftServerConfigKeys (ConfUtils.java:logGet(43)) - raft.server.log.segment.cache.num.max = 2 (custom)
2019-11-13 20:17:28,234 [pool-189-thread-1] INFO  segmented.SegmentedRaftLogWorker (SegmentedRaftLogWorker.java:<init>(173)) - new 75645b24-e149-445b-bbe5-336f1e849603@group-F878B01E012E-SegmentedRaftLogWorker for RaftStorage:Storage Directory /workdir/hadoop-ozone/integration-test/target/test-dir/MiniOzoneClusterImpl-e03c2511-109e-4d60-a68c-0151beb67872/datanode-4/data/ratis/347501df-a3b5-4411-8e3a-f878b01e012e
2019-11-13 20:17:28,234 [pool-189-thread-1] INFO  server.RaftServerConfigKeys (ConfUtils.java:logGet(43)) - raft.server.log.queue.byte-limit = 2147483647 (custom)
2019-11-13 20:17:28,234 [pool-189-thread-1] INFO  server.RaftServerConfigKeys (ConfUtils.java:logGet(43)) - raft.server.log.queue.element-limit = 1024 (custom)
2019-11-13 20:17:28,234 [pool-189-thread-1] INFO  server.RaftServerConfigKeys (ConfUtils.java:logGet(43)) - raft.server.log.segment.size.max = 1048576 (custom)
2019-11-13 20:17:28,234 [pool-189-thread-1] INFO  server.RaftServerConfigKeys (ConfUtils.java:logGet(43)) - raft.server.log.preallocated.size = 16384 (custom)
2019-11-13 20:17:28,234 [pool-189-thread-1] INFO  server.RaftServerConfigKeys (ConfUtils.java:logGet(43)) - raft.server.log.write.buffer.size = 33554432 (custom)
2019-11-13 20:17:28,235 [pool-189-thread-1] INFO  server.RaftServerConfigKeys (ConfUtils.java:logGet(43)) - raft.server.log.force.sync.num = 128 (default)
2019-11-13 20:17:28,235 [pool-189-thread-1] INFO  server.RaftServerConfigKeys (ConfUtils.java:logGet(43)) - raft.server.log.statemachine.data.sync = true (default)
2019-11-13 20:17:28,235 [pool-189-thread-1] INFO  server.RaftServerConfigKeys (ConfUtils.java:logGet(43)) - raft.server.log.statemachine.data.sync.timeout = 10s (default)
2019-11-13 20:17:28,235 [pool-189-thread-1] INFO  server.RaftServerConfigKeys (ConfUtils.java:logGet(43)) - raft.server.log.statemachine.data.sync.timeout.retry = -1 (default)
2019-11-13 20:17:28,235 [pool-189-thread-1] INFO  server.RaftServerConfigKeys (ConfUtils.java:logGet(43)) - raft.server.log.statemachine.data.caching.enabled = true (custom)
2019-11-13 20:17:28,236 [pool-189-thread-1] INFO  segmented.SegmentedRaftLogWorker (SegmentedRaftLogWorker.java:lambda$new$0(128)) - 75645b24-e149-445b-bbe5-336f1e849603@group-F878B01E012E-SegmentedRaftLogWorker: flushIndex: setUnconditionally 0 -> -1
2019-11-13 20:17:28,236 [pool-189-thread-1] INFO  server.RaftServerConfigKeys (ConfUtils.java:logGet(43)) - raft.server.snapshot.auto.trigger.enabled = true (custom)
2019-11-13 20:17:28,236 [pool-189-thread-1] INFO  server.RaftServerConfigKeys (ConfUtils.java:logGet(43)) - raft.server.snapshot.auto.trigger.threshold = 10000 (custom)
2019-11-13 20:17:28,236 [pool-189-thread-1] INFO  server.RaftServerConfigKeys (ConfUtils.java:logGet(43)) - raft.server.snapshot.retention.file.num = 5 (custom)
2019-11-13 20:17:28,237 [pool-189-thread-1] INFO  server.RaftServerConfigKeys (ConfUtils.java:logGet(43)) - raft.server.retrycache.expirytime = 600000ms (custom)
2019-11-13 20:17:28,237 [pool-189-thread-1] WARN  impl.MetricRegistriesImpl (MetricRegistriesImpl.java:lambda$create$1(61)) - First MetricRegistry has been created without registering reporters. You may need to call MetricRegistries.global().addReportRegistration(...) before.
2019-11-13 20:17:28,237 [pool-189-thread-1] WARN  impl.MetricRegistriesImpl (MetricRegistriesImpl.java:lambda$create$1(61)) - First MetricRegistry has been created without registering reporters. You may need to call MetricRegistries.global().addReportRegistration(...) before.
2019-11-13 20:17:28,237 [pool-189-thread-1] INFO  impl.RaftServerImpl (RaftServerImpl.java:start(184)) - 75645b24-e149-445b-bbe5-336f1e849603@group-F878B01E012E: start as a follower, conf=-1: [75645b24-e149-445b-bbe5-336f1e849603:192.168.164.208:39182], old=null
2019-11-13 20:17:28,238 [pool-189-thread-1] INFO  impl.RaftServerImpl (RaftServerImpl.java:setRole(173)) - 75645b24-e149-445b-bbe5-336f1e849603@group-F878B01E012E: changes role from      null to FOLLOWER at term 0 for startAsFollower
2019-11-13 20:17:28,238 [pool-189-thread-1] INFO  impl.RoleInfo (RoleInfo.java:updateAndGet(143)) - 75645b24-e149-445b-bbe5-336f1e849603: start FollowerState
2019-11-13 20:17:28,249 [pool-189-thread-1] INFO  util.JmxRegister (JmxRegister.java:tryRegister(44)) - Successfully registered JMX Bean with object name Ratis:service=RaftServer,group=group-F878B01E012E,id=75645b24-e149-445b-bbe5-336f1e849603
2019-11-13 20:17:28,249 [pool-189-thread-1] WARN  impl.MetricRegistriesImpl (MetricRegistriesImpl.java:lambda$create$1(61)) - First MetricRegistry has been created without registering reporters. You may need to call MetricRegistries.global().addReportRegistration(...) before.
2019-11-13 20:17:28,260 [RatisPipelineUtilsThread] INFO  pipeline.PipelineStateManager (PipelineStateManager.java:addPipeline(55)) - Created pipeline Pipeline[ Id: 347501df-a3b5-4411-8e3a-f878b01e012e, Nodes: 75645b24-e149-445b-bbe5-336f1e849603{ip: 192.168.164.208, host: pr-hdds-2375-t422d-1049308724, networkLocation: /rack1, certSerialId: null}, Type:RATIS, Factor:ONE, State:ALLOCATED]
2019-11-13 20:17:28,261 [Thread-1283] INFO  pipeline.PipelineStateManager (PipelineStateManager.java:finalizePipeline(121)) - Pipeline Pipeline[ Id: 4581ef2a-2245-4ecb-8cce-6e6279529a94, Nodes: 845221a7-8c03-4ab3-a7ad-b09d998a1b3e{ip: 192.168.164.208, host: pr-hdds-2375-t422d-1049308724, networkLocation: /rack1, certSerialId: null}7d2a40c8-d27f-493d-a958-c7cf8432838d{ip: 192.168.164.208, host: pr-hdds-2375-t422d-1049308724, networkLocation: /rack1, certSerialId: null}fbe234eb-236c-4e93-9bcf-aa21ab9b5fff{ip: 192.168.164.208, host: pr-hdds-2375-t422d-1049308724, networkLocation: /rack1, certSerialId: null}, Type:RATIS, Factor:THREE, State:CLOSED] moved to CLOSED state
2019-11-13 20:17:28,262 [EventQueue-CloseContainerForCloseContainerEventHandler] INFO  container.CloseContainerEventHandler (CloseContainerEventHandler.java:onMessage(61)) - Close container Event triggered for container : #1
2019-11-13 20:17:28,267 [grpc-default-executor-5] INFO  impl.RaftServerProxy (RaftServerProxy.java:remove(95)) - 845221a7-8c03-4ab3-a7ad-b09d998a1b3e: remove    LEADER 845221a7-8c03-4ab3-a7ad-b09d998a1b3e@group-6E6279529A94:t1, leader=845221a7-8c03-4ab3-a7ad-b09d998a1b3e, voted=845221a7-8c03-4ab3-a7ad-b09d998a1b3e, raftlog=845221a7-8c03-4ab3-a7ad-b09d998a1b3e@group-6E6279529A94-SegmentedRaftLog:OPENED:c0,f0,i2, conf=0: [845221a7-8c03-4ab3-a7ad-b09d998a1b3e:192.168.164.208:35661, 7d2a40c8-d27f-493d-a958-c7cf8432838d:192.168.164.208:33052, fbe234eb-236c-4e93-9bcf-aa21ab9b5fff:192.168.164.208:41921], old=null RUNNING
2019-11-13 20:17:28,267 [grpc-default-executor-5] INFO  impl.RaftServerImpl (RaftServerImpl.java:lambda$shutdown$3(250)) - 845221a7-8c03-4ab3-a7ad-b09d998a1b3e@group-6E6279529A94: shutdown
2019-11-13 20:17:28,267 [grpc-default-executor-5] INFO  util.JmxRegister (JmxRegister.java:unregister(73)) - Successfully un-registered JMX Bean with object name Ratis:service=RaftServer,group=group-6E6279529A94,id=845221a7-8c03-4ab3-a7ad-b09d998a1b3e
2019-11-13 20:17:28,267 [grpc-default-executor-5] INFO  impl.RoleInfo (RoleInfo.java:shutdownLeaderState(104)) - 845221a7-8c03-4ab3-a7ad-b09d998a1b3e: shutdown LeaderState
2019-11-13 20:17:28,271 [grpc-default-executor-5] INFO  impl.PendingRequests (PendingRequests.java:sendNotLeaderResponses(206)) - 845221a7-8c03-4ab3-a7ad-b09d998a1b3e@group-6E6279529A94-PendingRequests: sendNotLeaderResponses
2019-11-13 20:17:28,271 [org.apache.ratis.server.impl.LogAppender$AppenderDaemon$$Lambda$415/455279792@5f31f4ad] WARN  server.GrpcLogAppender (GrpcLogAppender.java:mayWait(151)) - 845221a7-8c03-4ab3-a7ad-b09d998a1b3e@group-6E6279529A94->fbe234eb-236c-4e93-9bcf-aa21ab9b5fff-GrpcLogAppender: Wait interrupted by java.lang.InterruptedException
2019-11-13 20:17:28,271 [org.apache.ratis.server.impl.LogAppender$AppenderDaemon$$Lambda$415/455279792@1a33698f] WARN  server.GrpcLogAppender (GrpcLogAppender.java:mayWait(151)) - 845221a7-8c03-4ab3-a7ad-b09d998a1b3e@group-6E6279529A94->7d2a40c8-d27f-493d-a958-c7cf8432838d-GrpcLogAppender: Wait interrupted by java.lang.InterruptedException
2019-11-13 20:17:28,272 [grpc-default-executor-2] INFO  server.GrpcServerProtocolService (GrpcServerProtocolService.java:onCompleted(113)) - 7d2a40c8-d27f-493d-a958-c7cf8432838d: Completed APPEND_ENTRIES, lastRequest: 845221a7-8c03-4ab3-a7ad-b09d998a1b3e->7d2a40c8-d27f-493d-a958-c7cf8432838d#4-t1, previous=(t:1, i:1), leaderCommit=0, initializing? false, entries: size=1, first=(t:1, i:2), STATEMACHINELOGENTRY, client-B405A6395777, cid=80
2019-11-13 20:17:28,272 [grpc-default-executor-1] INFO  server.GrpcServerProtocolService (GrpcServerProtocolService.java:onCompleted(113)) - fbe234eb-236c-4e93-9bcf-aa21ab9b5fff: Completed APPEND_ENTRIES, lastRequest: 845221a7-8c03-4ab3-a7ad-b09d998a1b3e->fbe234eb-236c-4e93-9bcf-aa21ab9b5fff#4-t1, previous=(t:1, i:1), leaderCommit=0, initializing? false, entries: size=1, first=(t:1, i:2), STATEMACHINELOGENTRY, client-B405A6395777, cid=80
2019-11-13 20:17:28,274 [grpc-default-executor-5] INFO  impl.StateMachineUpdater (StateMachineUpdater.java:stopAndJoin(136)) - 845221a7-8c03-4ab3-a7ad-b09d998a1b3e@group-6E6279529A94-StateMachineUpdater: set stopIndex = 0
2019-11-13 20:17:28,275 [grpc-default-executor-5] INFO  impl.RaftServerImpl (ServerState.java:close(387)) - 845221a7-8c03-4ab3-a7ad-b09d998a1b3e@group-6E6279529A94: closes. applyIndex: 0
2019-11-13 20:17:28,275 [grpc-default-executor-1] INFO  server.GrpcLogAppender (GrpcLogAppender.java:onCompleted(308)) - 845221a7-8c03-4ab3-a7ad-b09d998a1b3e@group-6E6279529A94->7d2a40c8-d27f-493d-a958-c7cf8432838d-AppendLogResponseHandler: follower responses appendEntries COMPLETED
2019-11-13 20:17:28,275 [grpc-default-executor-2] INFO  server.GrpcLogAppender (GrpcLogAppender.java:onCompleted(308)) - 845221a7-8c03-4ab3-a7ad-b09d998a1b3e@group-6E6279529A94->fbe234eb-236c-4e93-9bcf-aa21ab9b5fff-AppendLogResponseHandler: follower responses appendEntries COMPLETED
2019-11-13 20:17:28,276 [grpc-default-executor-1] INFO  impl.FollowerInfo (FollowerInfo.java:lambda$new$0(51)) - 845221a7-8c03-4ab3-a7ad-b09d998a1b3e@group-6E6279529A94->7d2a40c8-d27f-493d-a958-c7cf8432838d: nextIndex: updateUnconditionally 3 -> 1
2019-11-13 20:17:28,276 [grpc-default-executor-2] INFO  impl.FollowerInfo (FollowerInfo.java:lambda$new$0(51)) - 845221a7-8c03-4ab3-a7ad-b09d998a1b3e@group-6E6279529A94->fbe234eb-236c-4e93-9bcf-aa21ab9b5fff: nextIndex: updateUnconditionally 3 -> 1
2019-11-13 20:17:28,286 [845221a7-8c03-4ab3-a7ad-b09d998a1b3e@group-6E6279529A94-SegmentedRaftLogWorker] ERROR ratis.XceiverServerRatis (XceiverServerRatis.java:triggerPipelineClose(584)) - pipeline Action CLOSE  on pipeline PipelineID=4581ef2a-2245-4ecb-8cce-6e6279529a94.Reason : WriteLog:1: (t:1, i:1), STATEMACHINELOGENTRY, client-B405A6395777, cid=79-writeStateMachineData interrupted.
2019-11-13 20:17:28,289 [grpc-default-executor-5] INFO  segmented.SegmentedRaftLogWorker (SegmentedRaftLogWorker.java:close(224)) - 845221a7-8c03-4ab3-a7ad-b09d998a1b3e@group-6E6279529A94-SegmentedRaftLogWorker close()
2019-11-13 20:17:28,300 [EventQueue-PipelineActionsForPipelineActionHandler] ERROR pipeline.PipelineActionHandler (PipelineActionHandler.java:onMessage(60)) - Received pipeline action CLOSE for Pipeline[ Id: 4581ef2a-2245-4ecb-8cce-6e6279529a94, Nodes: 845221a7-8c03-4ab3-a7ad-b09d998a1b3e{ip: 192.168.164.208, host: pr-hdds-2375-t422d-1049308724, networkLocation: /rack1, certSerialId: null}7d2a40c8-d27f-493d-a958-c7cf8432838d{ip: 192.168.164.208, host: pr-hdds-2375-t422d-1049308724, networkLocation: /rack1, certSerialId: null}fbe234eb-236c-4e93-9bcf-aa21ab9b5fff{ip: 192.168.164.208, host: pr-hdds-2375-t422d-1049308724, networkLocation: /rack1, certSerialId: null}, Type:RATIS, Factor:THREE, State:CLOSED] from datanode 845221a7-8c03-4ab3-a7ad-b09d998a1b3e{ip: 192.168.164.208, host: pr-hdds-2375-t422d-1049308724, networkLocation: /rack1, certSerialId: null}. Reason : WriteLog:1: (t:1, i:1), STATEMACHINELOGENTRY, client-B405A6395777, cid=79-writeStateMachineData interrupted.
2019-11-13 20:17:28,300 [EventQueue-PipelineActionsForPipelineActionHandler] INFO  pipeline.SCMPipelineManager (SCMPipelineManager.java:finalizeAndDestroyPipeline(315)) - destroying pipeline:Pipeline[ Id: 4581ef2a-2245-4ecb-8cce-6e6279529a94, Nodes: 845221a7-8c03-4ab3-a7ad-b09d998a1b3e{ip: 192.168.164.208, host: pr-hdds-2375-t422d-1049308724, networkLocation: /rack1, certSerialId: null}7d2a40c8-d27f-493d-a958-c7cf8432838d{ip: 192.168.164.208, host: pr-hdds-2375-t422d-1049308724, networkLocation: /rack1, certSerialId: null}fbe234eb-236c-4e93-9bcf-aa21ab9b5fff{ip: 192.168.164.208, host: pr-hdds-2375-t422d-1049308724, networkLocation: /rack1, certSerialId: null}, Type:RATIS, Factor:THREE, State:CLOSED]
2019-11-13 20:17:28,373 [grpc-default-executor-5] INFO  interfaces.Container (KeyValueContainer.java:flushAndSyncDB(400)) - Container 1 is synced with bcsId 0.
2019-11-13 20:17:28,374 [grpc-default-executor-5] INFO  interfaces.Container (KeyValueContainer.java:flushAndSyncDB(400)) - Container 1 is synced with bcsId 0.
2019-11-13 20:17:28,388 [EventQueue-IncrementalContainerReportForIncrementalContainerReportHandler] INFO  container.IncrementalContainerReportHandler (AbstractContainerReportHandler.java:updateContainerState(171)) - Moving container #1 to QUASI_CLOSED state, datanode 845221a7-8c03-4ab3-a7ad-b09d998a1b3e{ip: 192.168.164.208, host: pr-hdds-2375-t422d-1049308724, networkLocation: /rack1, certSerialId: null} reported QUASI_CLOSED replica.
2019-11-13 20:17:28,394 [grpc-default-executor-5] INFO  impl.RaftServerProxy (RaftServerProxy.java:remove(95)) - 7d2a40c8-d27f-493d-a958-c7cf8432838d: remove  FOLLOWER 7d2a40c8-d27f-493d-a958-c7cf8432838d@group-6E6279529A94:t1, leader=845221a7-8c03-4ab3-a7ad-b09d998a1b3e, voted=845221a7-8c03-4ab3-a7ad-b09d998a1b3e, raftlog=7d2a40c8-d27f-493d-a958-c7cf8432838d@group-6E6279529A94-SegmentedRaftLog:OPENED:c0,f2,i2, conf=0: [845221a7-8c03-4ab3-a7ad-b09d998a1b3e:192.168.164.208:35661, 7d2a40c8-d27f-493d-a958-c7cf8432838d:192.168.164.208:33052, fbe234eb-236c-4e93-9bcf-aa21ab9b5fff:192.168.164.208:41921], old=null RUNNING
2019-11-13 20:17:28,394 [grpc-default-executor-5] INFO  impl.RaftServerImpl (RaftServerImpl.java:lambda$shutdown$3(250)) - 7d2a40c8-d27f-493d-a958-c7cf8432838d@group-6E6279529A94: shutdown
2019-11-13 20:17:28,394 [grpc-default-executor-5] INFO  util.JmxRegister (JmxRegister.java:unregister(73)) - Successfully un-registered JMX Bean with object name Ratis:service=RaftServer,group=group-6E6279529A94,id=7d2a40c8-d27f-493d-a958-c7cf8432838d
2019-11-13 20:17:28,394 [grpc-default-executor-5] INFO  impl.RoleInfo (RoleInfo.java:shutdownFollowerState(121)) - 7d2a40c8-d27f-493d-a958-c7cf8432838d: shutdown FollowerState
2019-11-13 20:17:28,394 [grpc-default-executor-5] INFO  impl.StateMachineUpdater (StateMachineUpdater.java:stopAndJoin(136)) - 7d2a40c8-d27f-493d-a958-c7cf8432838d@group-6E6279529A94-StateMachineUpdater: set stopIndex = 0
2019-11-13 20:17:28,394 [Thread-1392] INFO  impl.FollowerState (FollowerState.java:run(120)) - 7d2a40c8-d27f-493d-a958-c7cf8432838d@group-6E6279529A94-FollowerState was interrupted: java.lang.InterruptedException: sleep interrupted
2019-11-13 20:17:28,395 [grpc-default-executor-5] INFO  impl.RaftServerImpl (ServerState.java:close(387)) - 7d2a40c8-d27f-493d-a958-c7cf8432838d@group-6E6279529A94: closes. applyIndex: 0
2019-11-13 20:17:28,395 [7d2a40c8-d27f-493d-a958-c7cf8432838d@group-6E6279529A94-SegmentedRaftLogWorker] INFO  segmented.SegmentedRaftLogWorker (SegmentedRaftLogWorker.java:run(316)) - 7d2a40c8-d27f-493d-a958-c7cf8432838d@group-6E6279529A94-SegmentedRaftLogWorker was interrupted, exiting. There are 0 tasks remaining in the queue.
2019-11-13 20:17:28,397 [grpc-default-executor-5] INFO  segmented.SegmentedRaftLogWorker (SegmentedRaftLogWorker.java:close(224)) - 7d2a40c8-d27f-493d-a958-c7cf8432838d@group-6E6279529A94-SegmentedRaftLogWorker close()
2019-11-13 20:17:28,473 [grpc-default-executor-5] INFO  interfaces.Container (KeyValueContainer.java:flushAndSyncDB(400)) - Container 1 is synced with bcsId 0.
2019-11-13 20:17:28,473 [grpc-default-executor-5] INFO  interfaces.Container (KeyValueContainer.java:flushAndSyncDB(400)) - Container 1 is synced with bcsId 0.
2019-11-13 20:17:28,503 [grpc-default-executor-5] INFO  impl.RaftServerProxy (RaftServerProxy.java:remove(95)) - fbe234eb-236c-4e93-9bcf-aa21ab9b5fff: remove  FOLLOWER fbe234eb-236c-4e93-9bcf-aa21ab9b5fff@group-6E6279529A94:t1, leader=845221a7-8c03-4ab3-a7ad-b09d998a1b3e, voted=fbe234eb-236c-4e93-9bcf-aa21ab9b5fff, raftlog=fbe234eb-236c-4e93-9bcf-aa21ab9b5fff@group-6E6279529A94-SegmentedRaftLog:OPENED:c0,f2,i2, conf=0: [845221a7-8c03-4ab3-a7ad-b09d998a1b3e:192.168.164.208:35661, 7d2a40c8-d27f-493d-a958-c7cf8432838d:192.168.164.208:33052, fbe234eb-236c-4e93-9bcf-aa21ab9b5fff:192.168.164.208:41921], old=null RUNNING
2019-11-13 20:17:28,503 [grpc-default-executor-5] INFO  impl.RaftServerImpl (RaftServerImpl.java:lambda$shutdown$3(250)) - fbe234eb-236c-4e93-9bcf-aa21ab9b5fff@group-6E6279529A94: shutdown
2019-11-13 20:17:28,503 [grpc-default-executor-5] INFO  util.JmxRegister (JmxRegister.java:unregister(73)) - Successfully un-registered JMX Bean with object name Ratis:service=RaftServer,group=group-6E6279529A94,id=fbe234eb-236c-4e93-9bcf-aa21ab9b5fff
2019-11-13 20:17:28,503 [grpc-default-executor-5] INFO  impl.RoleInfo (RoleInfo.java:shutdownFollowerState(121)) - fbe234eb-236c-4e93-9bcf-aa21ab9b5fff: shutdown FollowerState
2019-11-13 20:17:28,504 [grpc-default-executor-5] INFO  impl.StateMachineUpdater (StateMachineUpdater.java:stopAndJoin(136)) - fbe234eb-236c-4e93-9bcf-aa21ab9b5fff@group-6E6279529A94-StateMachineUpdater: set stopIndex = 0
2019-11-13 20:17:28,504 [Thread-1395] INFO  impl.FollowerState (FollowerState.java:run(120)) - fbe234eb-236c-4e93-9bcf-aa21ab9b5fff@group-6E6279529A94-FollowerState was interrupted: java.lang.InterruptedException: sleep interrupted
2019-11-13 20:17:28,504 [grpc-default-executor-5] INFO  impl.RaftServerImpl (ServerState.java:close(387)) - fbe234eb-236c-4e93-9bcf-aa21ab9b5fff@group-6E6279529A94: closes. applyIndex: 0
2019-11-13 20:17:28,504 [fbe234eb-236c-4e93-9bcf-aa21ab9b5fff@group-6E6279529A94-SegmentedRaftLogWorker] INFO  segmented.SegmentedRaftLogWorker (SegmentedRaftLogWorker.java:run(316)) - fbe234eb-236c-4e93-9bcf-aa21ab9b5fff@group-6E6279529A94-SegmentedRaftLogWorker was interrupted, exiting. There are 0 tasks remaining in the queue.
2019-11-13 20:17:28,507 [grpc-default-executor-5] INFO  segmented.SegmentedRaftLogWorker (SegmentedRaftLogWorker.java:close(224)) - fbe234eb-236c-4e93-9bcf-aa21ab9b5fff@group-6E6279529A94-SegmentedRaftLogWorker close()
2019-11-13 20:17:28,598 [grpc-default-executor-5] INFO  interfaces.Container (KeyValueContainer.java:flushAndSyncDB(400)) - Container 1 is synced with bcsId 0.
2019-11-13 20:17:28,598 [grpc-default-executor-5] INFO  interfaces.Container (KeyValueContainer.java:flushAndSyncDB(400)) - Container 1 is synced with bcsId 0.
2019-11-13 20:17:28,614 [Thread-1283] INFO  pipeline.PipelineStateManager (PipelineStateManager.java:removePipeline(106)) - Pipeline Pipeline[ Id: 4581ef2a-2245-4ecb-8cce-6e6279529a94, Nodes: 845221a7-8c03-4ab3-a7ad-b09d998a1b3e{ip: 192.168.164.208, host: pr-hdds-2375-t422d-1049308724, networkLocation: /rack1, certSerialId: null}7d2a40c8-d27f-493d-a958-c7cf8432838d{ip: 192.168.164.208, host: pr-hdds-2375-t422d-1049308724, networkLocation: /rack1, certSerialId: null}fbe234eb-236c-4e93-9bcf-aa21ab9b5fff{ip: 192.168.164.208, host: pr-hdds-2375-t422d-1049308724, networkLocation: /rack1, certSerialId: null}, Type:RATIS, Factor:THREE, State:CLOSED] removed from db
2019-11-13 20:17:28,614 [Thread-1283] INFO  pipeline.SCMPipelineManager (SCMPipelineManager.java:finalizeAndDestroyPipeline(315)) - destroying pipeline:Pipeline[ Id: 56469271-16dd-454b-9f14-3f339dfa4e8c, Nodes: 227642ba-0415-4d98-a6b8-20167e8a399a{ip: 192.168.164.208, host: pr-hdds-2375-t422d-1049308724, networkLocation: /rack1, certSerialId: null}, Type:RATIS, Factor:ONE, State:OPEN]
2019-11-13 20:17:28,624 [grpc-default-executor-2] INFO  impl.RaftServerProxy (RaftServerProxy.java:addNew(89)) - fbe234eb-236c-4e93-9bcf-aa21ab9b5fff: addNew group-0D0FE8FB5DF5:[845221a7-8c03-4ab3-a7ad-b09d998a1b3e:192.168.164.208:35661, 7d2a40c8-d27f-493d-a958-c7cf8432838d:192.168.164.208:33052, fbe234eb-236c-4e93-9bcf-aa21ab9b5fff:192.168.164.208:41921] returns group-0D0FE8FB5DF5:java.util.concurrent.CompletableFuture@16584965[Not completed]
2019-11-13 20:17:28,624 [grpc-default-executor-1] INFO  impl.RaftServerProxy (RaftServerProxy.java:addNew(89)) - 7d2a40c8-d27f-493d-a958-c7cf8432838d: addNew group-0D0FE8FB5DF5:[845221a7-8c03-4ab3-a7ad-b09d998a1b3e:192.168.164.208:35661, 7d2a40c8-d27f-493d-a958-c7cf8432838d:192.168.164.208:33052, fbe234eb-236c-4e93-9bcf-aa21ab9b5fff:192.168.164.208:41921] returns group-0D0FE8FB5DF5:java.util.concurrent.CompletableFuture@3a295b7a[Not completed]
2019-11-13 20:17:28,624 [grpc-default-executor-5] INFO  impl.RaftServerProxy (RaftServerProxy.java:addNew(89)) - 845221a7-8c03-4ab3-a7ad-b09d998a1b3e: addNew group-0D0FE8FB5DF5:[845221a7-8c03-4ab3-a7ad-b09d998a1b3e:192.168.164.208:35661, 7d2a40c8-d27f-493d-a958-c7cf8432838d:192.168.164.208:33052, fbe234eb-236c-4e93-9bcf-aa21ab9b5fff:192.168.164.208:41921] returns group-0D0FE8FB5DF5:java.util.concurrent.CompletableFuture@519ce651[Not completed]
2019-11-13 20:17:28,626 [pool-239-thread-1] INFO  impl.RaftServerImpl (RaftServerImpl.java:<init>(98)) - fbe234eb-236c-4e93-9bcf-aa21ab9b5fff: new RaftServerImpl for group-0D0FE8FB5DF5:[845221a7-8c03-4ab3-a7ad-b09d998a1b3e:192.168.164.208:35661, 7d2a40c8-d27f-493d-a958-c7cf8432838d:192.168.164.208:33052, fbe234eb-236c-4e93-9bcf-aa21ab9b5fff:192.168.164.208:41921] with ContainerStateMachine:uninitialized
2019-11-13 20:17:28,626 [pool-239-thread-1] INFO  server.RaftServerConfigKeys (ConfUtils.java:logGet(43)) - raft.server.rpc.timeout.min = 1s (custom)
2019-11-13 20:17:28,626 [pool-239-thread-1] INFO  server.RaftServerConfigKeys (ConfUtils.java:logGet(43)) - raft.server.rpc.timeout.max = 1200ms (custom)
2019-11-13 20:17:28,626 [pool-239-thread-1] INFO  server.RaftServerConfigKeys (ConfUtils.java:logGet(43)) - raft.server.rpcslowness.timeout = 120s (custom)
2019-11-13 20:17:28,626 [pool-239-thread-1] INFO  server.RaftServerConfigKeys (ConfUtils.java:logGet(43)) - raft.server.sleep.deviation.threshold = 300 (default)
2019-11-13 20:17:28,626 [pool-239-thread-1] INFO  server.RaftServerConfigKeys (ConfUtils.java:logGet(43)) - raft.server.log.appender.install.snapshot.enabled = false (custom)
2019-11-13 20:17:28,626 [pool-239-thread-1] INFO  impl.RaftServerImpl (ServerState.java:<init>(103)) - fbe234eb-236c-4e93-9bcf-aa21ab9b5fff@group-0D0FE8FB5DF5: ConfigurationManager, init=-1: [845221a7-8c03-4ab3-a7ad-b09d998a1b3e:192.168.164.208:35661, 7d2a40c8-d27f-493d-a958-c7cf8432838d:192.168.164.208:33052, fbe234eb-236c-4e93-9bcf-aa21ab9b5fff:192.168.164.208:41921], old=null, confs=<EMPTY_MAP>
2019-11-13 20:17:28,626 [pool-219-thread-1] INFO  impl.RaftServerImpl (RaftServerImpl.java:<init>(98)) - 845221a7-8c03-4ab3-a7ad-b09d998a1b3e: new RaftServerImpl for group-0D0FE8FB5DF5:[845221a7-8c03-4ab3-a7ad-b09d998a1b3e:192.168.164.208:35661, 7d2a40c8-d27f-493d-a958-c7cf8432838d:192.168.164.208:33052, fbe234eb-236c-4e93-9bcf-aa21ab9b5fff:192.168.164.208:41921] with ContainerStateMachine:uninitialized
2019-11-13 20:17:28,627 [pool-239-thread-1] INFO  server.RaftServerConfigKeys (ConfUtils.java:logGet(43)) - raft.server.storage.dir = [/workdir/hadoop-ozone/integration-test/target/test-dir/MiniOzoneClusterImpl-e03c2511-109e-4d60-a68c-0151beb67872/datanode-9/data/ratis] (custom)
2019-11-13 20:17:28,627 [pool-219-thread-1] INFO  server.RaftServerConfigKeys (ConfUtils.java:logGet(43)) - raft.server.rpc.timeout.min = 1s (custom)
2019-11-13 20:17:28,627 [pool-219-thread-1] INFO  server.RaftServerConfigKeys (ConfUtils.java:logGet(43)) - raft.server.rpc.timeout.max = 1200ms (custom)
2019-11-13 20:17:28,627 [pool-239-thread-1] INFO  server.RaftServerConfigKeys (ConfUtils.java:logGet(43)) - raft.server.log.corruption.policy = EXCEPTION (default)
2019-11-13 20:17:28,627 [pool-219-thread-1] INFO  server.RaftServerConfigKeys (ConfUtils.java:logGet(43)) - raft.server.rpcslowness.timeout = 120s (custom)
2019-11-13 20:17:28,627 [pool-239-thread-1] INFO  storage.RaftStorageDirectory (RaftStorageDirectory.java:analyzeStorage(246)) - The storage directory /workdir/hadoop-ozone/integration-test/target/test-dir/MiniOzoneClusterImpl-e03c2511-109e-4d60-a68c-0151beb67872/datanode-9/data/ratis/694eecad-d8ab-4ce5-a7f3-0d0fe8fb5df5 does not exist. Creating ...
2019-11-13 20:17:28,627 [pool-229-thread-1] INFO  impl.RaftServerImpl (RaftServerImpl.java:<init>(98)) - 7d2a40c8-d27f-493d-a958-c7cf8432838d: new RaftServerImpl for group-0D0FE8FB5DF5:[845221a7-8c03-4ab3-a7ad-b09d998a1b3e:192.168.164.208:35661, 7d2a40c8-d27f-493d-a958-c7cf8432838d:192.168.164.208:33052, fbe234eb-236c-4e93-9bcf-aa21ab9b5fff:192.168.164.208:41921] with ContainerStateMachine:uninitialized
2019-11-13 20:17:28,627 [pool-219-thread-1] INFO  server.RaftServerConfigKeys (ConfUtils.java:logGet(43)) - raft.server.sleep.deviation.threshold = 300 (default)
2019-11-13 20:17:28,628 [pool-229-thread-1] INFO  server.RaftServerConfigKeys (ConfUtils.java:logGet(43)) - raft.server.rpc.timeout.min = 1s (custom)
2019-11-13 20:17:28,628 [pool-219-thread-1] INFO  server.RaftServerConfigKeys (ConfUtils.java:logGet(43)) - raft.server.log.appender.install.snapshot.enabled = false (custom)
2019-11-13 20:17:28,628 [pool-229-thread-1] INFO  server.RaftServerConfigKeys (ConfUtils.java:logGet(43)) - raft.server.rpc.timeout.max = 1200ms (custom)
2019-11-13 20:17:28,628 [pool-219-thread-1] INFO  impl.RaftServerImpl (ServerState.java:<init>(103)) - 845221a7-8c03-4ab3-a7ad-b09d998a1b3e@group-0D0FE8FB5DF5: ConfigurationManager, init=-1: [845221a7-8c03-4ab3-a7ad-b09d998a1b3e:192.168.164.208:35661, 7d2a40c8-d27f-493d-a958-c7cf8432838d:192.168.164.208:33052, fbe234eb-236c-4e93-9bcf-aa21ab9b5fff:192.168.164.208:41921], old=null, confs=<EMPTY_MAP>
2019-11-13 20:17:28,628 [pool-229-thread-1] INFO  server.RaftServerConfigKeys (ConfUtils.java:logGet(43)) - raft.server.rpcslowness.timeout = 120s (custom)
2019-11-13 20:17:28,628 [pool-219-thread-1] INFO  server.RaftServerConfigKeys (ConfUtils.java:logGet(43)) - raft.server.storage.dir = [/workdir/hadoop-ozone/integration-test/target/test-dir/MiniOzoneClusterImpl-e03c2511-109e-4d60-a68c-0151beb67872/datanode-7/data/ratis] (custom)
2019-11-13 20:17:28,628 [pool-229-thread-1] INFO  server.RaftServerConfigKeys (ConfUtils.java:logGet(43)) - raft.server.sleep.deviation.threshold = 300 (default)
2019-11-13 20:17:28,629 [pool-229-thread-1] INFO  server.RaftServerConfigKeys (ConfUtils.java:logGet(43)) - raft.server.log.appender.install.snapshot.enabled = false (custom)
2019-11-13 20:17:28,629 [pool-219-thread-1] INFO  server.RaftServerConfigKeys (ConfUtils.java:logGet(43)) - raft.server.log.corruption.policy = EXCEPTION (default)
2019-11-13 20:17:28,629 [pool-229-thread-1] INFO  impl.RaftServerImpl (ServerState.java:<init>(103)) - 7d2a40c8-d27f-493d-a958-c7cf8432838d@group-0D0FE8FB5DF5: ConfigurationManager, init=-1: [845221a7-8c03-4ab3-a7ad-b09d998a1b3e:192.168.164.208:35661, 7d2a40c8-d27f-493d-a958-c7cf8432838d:192.168.164.208:33052, fbe234eb-236c-4e93-9bcf-aa21ab9b5fff:192.168.164.208:41921], old=null, confs=<EMPTY_MAP>
2019-11-13 20:17:28,629 [pool-219-thread-1] INFO  storage.RaftStorageDirectory (RaftStorageDirectory.java:analyzeStorage(246)) - The storage directory /workdir/hadoop-ozone/integration-test/target/test-dir/MiniOzoneClusterImpl-e03c2511-109e-4d60-a68c-0151beb67872/datanode-7/data/ratis/694eecad-d8ab-4ce5-a7f3-0d0fe8fb5df5 does not exist. Creating ...
2019-11-13 20:17:28,629 [pool-229-thread-1] INFO  server.RaftServerConfigKeys (ConfUtils.java:logGet(43)) - raft.server.storage.dir = [/workdir/hadoop-ozone/integration-test/target/test-dir/MiniOzoneClusterImpl-e03c2511-109e-4d60-a68c-0151beb67872/datanode-8/data/ratis] (custom)
2019-11-13 20:17:28,630 [pool-229-thread-1] INFO  server.RaftServerConfigKeys (ConfUtils.java:logGet(43)) - raft.server.log.corruption.policy = EXCEPTION (default)
2019-11-13 20:17:28,630 [pool-229-thread-1] INFO  storage.RaftStorageDirectory (RaftStorageDirectory.java:analyzeStorage(246)) - The storage directory /workdir/hadoop-ozone/integration-test/target/test-dir/MiniOzoneClusterImpl-e03c2511-109e-4d60-a68c-0151beb67872/datanode-8/data/ratis/694eecad-d8ab-4ce5-a7f3-0d0fe8fb5df5 does not exist. Creating ...
2019-11-13 20:17:28,640 [pool-219-thread-1] INFO  storage.RaftStorageDirectory (RaftStorageDirectory.java:tryLock(328)) - Lock on /workdir/hadoop-ozone/integration-test/target/test-dir/MiniOzoneClusterImpl-e03c2511-109e-4d60-a68c-0151beb67872/datanode-7/data/ratis/694eecad-d8ab-4ce5-a7f3-0d0fe8fb5df5/in_use.lock acquired by nodename 4344@pr-hdds-2375-t422d-1049308724
2019-11-13 20:17:28,640 [pool-229-thread-1] INFO  storage.RaftStorageDirectory (RaftStorageDirectory.java:tryLock(328)) - Lock on /workdir/hadoop-ozone/integration-test/target/test-dir/MiniOzoneClusterImpl-e03c2511-109e-4d60-a68c-0151beb67872/datanode-8/data/ratis/694eecad-d8ab-4ce5-a7f3-0d0fe8fb5df5/in_use.lock acquired by nodename 4344@pr-hdds-2375-t422d-1049308724
2019-11-13 20:17:28,640 [pool-239-thread-1] INFO  storage.RaftStorageDirectory (RaftStorageDirectory.java:tryLock(328)) - Lock on /workdir/hadoop-ozone/integration-test/target/test-dir/MiniOzoneClusterImpl-e03c2511-109e-4d60-a68c-0151beb67872/datanode-9/data/ratis/694eecad-d8ab-4ce5-a7f3-0d0fe8fb5df5/in_use.lock acquired by nodename 4344@pr-hdds-2375-t422d-1049308724
2019-11-13 20:17:28,661 [pool-229-thread-1] INFO  storage.RaftStorage (RaftStorage.java:format(84)) - Storage directory /workdir/hadoop-ozone/integration-test/target/test-dir/MiniOzoneClusterImpl-e03c2511-109e-4d60-a68c-0151beb67872/datanode-8/data/ratis/694eecad-d8ab-4ce5-a7f3-0d0fe8fb5df5 has been successfully formatted.
2019-11-13 20:17:28,661 [pool-239-thread-1] INFO  storage.RaftStorage (RaftStorage.java:format(84)) - Storage directory /workdir/hadoop-ozone/integration-test/target/test-dir/MiniOzoneClusterImpl-e03c2511-109e-4d60-a68c-0151beb67872/datanode-9/data/ratis/694eecad-d8ab-4ce5-a7f3-0d0fe8fb5df5 has been successfully formatted.
2019-11-13 20:17:28,661 [pool-219-thread-1] INFO  storage.RaftStorage (RaftStorage.java:format(84)) - Storage directory /workdir/hadoop-ozone/integration-test/target/test-dir/MiniOzoneClusterImpl-e03c2511-109e-4d60-a68c-0151beb67872/datanode-7/data/ratis/694eecad-d8ab-4ce5-a7f3-0d0fe8fb5df5 has been successfully formatted.
2019-11-13 20:17:28,662 [pool-239-thread-1] INFO  ratis.ContainerStateMachine (ContainerStateMachine.java:loadSnapshot(223)) - group-0D0FE8FB5DF5: The snapshot info is null. Setting the last applied indexto:(t:0, i:~)
2019-11-13 20:17:28,662 [pool-229-thread-1] INFO  ratis.ContainerStateMachine (ContainerStateMachine.java:loadSnapshot(223)) - group-0D0FE8FB5DF5: The snapshot info is null. Setting the last applied indexto:(t:0, i:~)
2019-11-13 20:17:28,662 [pool-239-thread-1] INFO  server.RaftServerConfigKeys (ConfUtils.java:logGet(43)) - raft.server.notification.no-leader.timeout = 120s (custom)
2019-11-13 20:17:28,662 [pool-219-thread-1] INFO  ratis.ContainerStateMachine (ContainerStateMachine.java:loadSnapshot(223)) - group-0D0FE8FB5DF5: The snapshot info is null. Setting the last applied indexto:(t:0, i:~)
2019-11-13 20:17:28,662 [pool-239-thread-1] INFO  server.RaftServerConfigKeys (ConfUtils.java:logGet(43)) - raft.server.log.use.memory = false (default)
2019-11-13 20:17:28,662 [pool-229-thread-1] INFO  server.RaftServerConfigKeys (ConfUtils.java:logGet(43)) - raft.server.notification.no-leader.timeout = 120s (custom)
2019-11-13 20:17:28,663 [pool-239-thread-1] INFO  server.RaftServerConfigKeys (ConfUtils.java:logGet(43)) - raft.server.log.purge.gap = 1000000 (custom)
2019-11-13 20:17:28,663 [pool-239-thread-1] INFO  server.RaftServerConfigKeys (ConfUtils.java:logGet(43)) - raft.server.log.appender.buffer.byte-limit = 33554432 (custom)
2019-11-13 20:17:28,663 [pool-219-thread-1] INFO  server.RaftServerConfigKeys (ConfUtils.java:logGet(43)) - raft.server.notification.no-leader.timeout = 120s (custom)
2019-11-13 20:17:28,663 [pool-239-thread-1] INFO  server.RaftServerConfigKeys (ConfUtils.java:logGet(43)) - raft.server.log.segment.size.max = 1048576 (custom)
2019-11-13 20:17:28,663 [pool-229-thread-1] INFO  server.RaftServerConfigKeys (ConfUtils.java:logGet(43)) - raft.server.log.use.memory = false (default)
2019-11-13 20:17:28,664 [pool-239-thread-1] INFO  server.RaftServerConfigKeys (ConfUtils.java:logGet(43)) - raft.server.log.segment.cache.num.max = 2 (custom)
2019-11-13 20:17:28,663 [pool-219-thread-1] INFO  server.RaftServerConfigKeys (ConfUtils.java:logGet(43)) - raft.server.log.use.memory = false (default)
2019-11-13 20:17:28,664 [pool-239-thread-1] INFO  segmented.SegmentedRaftLogWorker (SegmentedRaftLogWorker.java:<init>(173)) - new fbe234eb-236c-4e93-9bcf-aa21ab9b5fff@group-0D0FE8FB5DF5-SegmentedRaftLogWorker for RaftStorage:Storage Directory /workdir/hadoop-ozone/integration-test/target/test-dir/MiniOzoneClusterImpl-e03c2511-109e-4d60-a68c-0151beb67872/datanode-9/data/ratis/694eecad-d8ab-4ce5-a7f3-0d0fe8fb5df5
2019-11-13 20:17:28,664 [pool-229-thread-1] INFO  server.RaftServerConfigKeys (ConfUtils.java:logGet(43)) - raft.server.log.purge.gap = 1000000 (custom)
2019-11-13 20:17:28,664 [pool-239-thread-1] INFO  server.RaftServerConfigKeys (ConfUtils.java:logGet(43)) - raft.server.log.queue.byte-limit = 2147483647 (custom)
2019-11-13 20:17:28,665 [pool-239-thread-1] INFO  server.RaftServerConfigKeys (ConfUtils.java:logGet(43)) - raft.server.log.queue.element-limit = 1024 (custom)
2019-11-13 20:17:28,664 [pool-219-thread-1] INFO  server.RaftServerConfigKeys (ConfUtils.java:logGet(43)) - raft.server.log.purge.gap = 1000000 (custom)
2019-11-13 20:17:28,665 [pool-239-thread-1] INFO  server.RaftServerConfigKeys (ConfUtils.java:logGet(43)) - raft.server.log.segment.size.max = 1048576 (custom)
2019-11-13 20:17:28,664 [pool-229-thread-1] INFO  server.RaftServerConfigKeys (ConfUtils.java:logGet(43)) - raft.server.log.appender.buffer.byte-limit = 33554432 (custom)
2019-11-13 20:17:28,665 [pool-239-thread-1] INFO  server.RaftServerConfigKeys (ConfUtils.java:logGet(43)) - raft.server.log.preallocated.size = 16384 (custom)
2019-11-13 20:17:28,665 [pool-219-thread-1] INFO  server.RaftServerConfigKeys (ConfUtils.java:logGet(43)) - raft.server.log.appender.buffer.byte-limit = 33554432 (custom)
2019-11-13 20:17:28,666 [pool-239-thread-1] INFO  server.RaftServerConfigKeys (ConfUtils.java:logGet(43)) - raft.server.log.write.buffer.size = 33554432 (custom)
2019-11-13 20:17:28,665 [pool-229-thread-1] INFO  server.RaftServerConfigKeys (ConfUtils.java:logGet(43)) - raft.server.log.segment.size.max = 1048576 (custom)
2019-11-13 20:17:28,666 [pool-239-thread-1] INFO  server.RaftServerConfigKeys (ConfUtils.java:logGet(43)) - raft.server.log.force.sync.num = 128 (default)
2019-11-13 20:17:28,666 [pool-219-thread-1] INFO  server.RaftServerConfigKeys (ConfUtils.java:logGet(43)) - raft.server.log.segment.size.max = 1048576 (custom)
2019-11-13 20:17:28,666 [pool-239-thread-1] INFO  server.RaftServerConfigKeys (ConfUtils.java:logGet(43)) - raft.server.log.statemachine.data.sync = true (default)
2019-11-13 20:17:28,666 [pool-229-thread-1] INFO  server.RaftServerConfigKeys (ConfUtils.java:logGet(43)) - raft.server.log.segment.cache.num.max = 2 (custom)
2019-11-13 20:17:28,667 [pool-239-thread-1] INFO  server.RaftServerConfigKeys (ConfUtils.java:logGet(43)) - raft.server.log.statemachine.data.sync.timeout = 10s (default)
2019-11-13 20:17:28,666 [pool-219-thread-1] INFO  server.RaftServerConfigKeys (ConfUtils.java:logGet(43)) - raft.server.log.segment.cache.num.max = 2 (custom)
2019-11-13 20:17:28,667 [pool-239-thread-1] INFO  server.RaftServerConfigKeys (ConfUtils.java:logGet(43)) - raft.server.log.statemachine.data.sync.timeout.retry = -1 (default)
2019-11-13 20:17:28,667 [pool-229-thread-1] INFO  segmented.SegmentedRaftLogWorker (SegmentedRaftLogWorker.java:<init>(173)) - new 7d2a40c8-d27f-493d-a958-c7cf8432838d@group-0D0FE8FB5DF5-SegmentedRaftLogWorker for RaftStorage:Storage Directory /workdir/hadoop-ozone/integration-test/target/test-dir/MiniOzoneClusterImpl-e03c2511-109e-4d60-a68c-0151beb67872/datanode-8/data/ratis/694eecad-d8ab-4ce5-a7f3-0d0fe8fb5df5
2019-11-13 20:17:28,667 [pool-239-thread-1] INFO  server.RaftServerConfigKeys (ConfUtils.java:logGet(43)) - raft.server.log.statemachine.data.caching.enabled = true (custom)
2019-11-13 20:17:28,667 [pool-219-thread-1] INFO  segmented.SegmentedRaftLogWorker (SegmentedRaftLogWorker.java:<init>(173)) - new 845221a7-8c03-4ab3-a7ad-b09d998a1b3e@group-0D0FE8FB5DF5-SegmentedRaftLogWorker for RaftStorage:Storage Directory /workdir/hadoop-ozone/integration-test/target/test-dir/MiniOzoneClusterImpl-e03c2511-109e-4d60-a68c-0151beb67872/datanode-7/data/ratis/694eecad-d8ab-4ce5-a7f3-0d0fe8fb5df5
2019-11-13 20:17:28,667 [pool-229-thread-1] INFO  server.RaftServerConfigKeys (ConfUtils.java:logGet(43)) - raft.server.log.queue.byte-limit = 2147483647 (custom)
2019-11-13 20:17:28,668 [pool-219-thread-1] INFO  server.RaftServerConfigKeys (ConfUtils.java:logGet(43)) - raft.server.log.queue.byte-limit = 2147483647 (custom)
2019-11-13 20:17:28,668 [pool-239-thread-1] INFO  segmented.SegmentedRaftLogWorker (SegmentedRaftLogWorker.java:lambda$new$0(128)) - fbe234eb-236c-4e93-9bcf-aa21ab9b5fff@group-0D0FE8FB5DF5-SegmentedRaftLogWorker: flushIndex: setUnconditionally 0 -> -1
2019-11-13 20:17:28,668 [pool-219-thread-1] INFO  server.RaftServerConfigKeys (ConfUtils.java:logGet(43)) - raft.server.log.queue.element-limit = 1024 (custom)
2019-11-13 20:17:28,669 [pool-239-thread-1] INFO  server.RaftServerConfigKeys (ConfUtils.java:logGet(43)) - raft.server.snapshot.auto.trigger.enabled = true (custom)
2019-11-13 20:17:28,668 [pool-229-thread-1] INFO  server.RaftServerConfigKeys (ConfUtils.java:logGet(43)) - raft.server.log.queue.element-limit = 1024 (custom)
2019-11-13 20:17:28,669 [pool-239-thread-1] INFO  server.RaftServerConfigKeys (ConfUtils.java:logGet(43)) - raft.server.snapshot.auto.trigger.threshold = 10000 (custom)
2019-11-13 20:17:28,669 [pool-219-thread-1] INFO  server.RaftServerConfigKeys (ConfUtils.java:logGet(43)) - raft.server.log.segment.size.max = 1048576 (custom)
2019-11-13 20:17:28,669 [pool-239-thread-1] INFO  server.RaftServerConfigKeys (ConfUtils.java:logGet(43)) - raft.server.snapshot.retention.file.num = 5 (custom)
2019-11-13 20:17:28,669 [pool-229-thread-1] INFO  server.RaftServerConfigKeys (ConfUtils.java:logGet(43)) - raft.server.log.segment.size.max = 1048576 (custom)
2019-11-13 20:17:28,669 [pool-239-thread-1] INFO  server.RaftServerConfigKeys (ConfUtils.java:logGet(43)) - raft.server.retrycache.expirytime = 600000ms (custom)
2019-11-13 20:17:28,669 [pool-219-thread-1] INFO  server.RaftServerConfigKeys (ConfUtils.java:logGet(43)) - raft.server.log.preallocated.size = 16384 (custom)
2019-11-13 20:17:28,670 [pool-239-thread-1] WARN  impl.MetricRegistriesImpl (MetricRegistriesImpl.java:lambda$create$1(61)) - First MetricRegistry has been created without registering reporters. You may need to call MetricRegistries.global().addReportRegistration(...) before.
2019-11-13 20:17:28,670 [pool-229-thread-1] INFO  server.RaftServerConfigKeys (ConfUtils.java:logGet(43)) - raft.server.log.preallocated.size = 16384 (custom)
2019-11-13 20:17:28,670 [pool-239-thread-1] WARN  impl.MetricRegistriesImpl (MetricRegistriesImpl.java:lambda$create$1(61)) - First MetricRegistry has been created without registering reporters. You may need to call MetricRegistries.global().addReportRegistration(...) before.
2019-11-13 20:17:28,670 [pool-219-thread-1] INFO  server.RaftServerConfigKeys (ConfUtils.java:logGet(43)) - raft.server.log.write.buffer.size = 33554432 (custom)
2019-11-13 20:17:28,670 [pool-239-thread-1] INFO  impl.RaftServerImpl (RaftServerImpl.java:start(184)) - fbe234eb-236c-4e93-9bcf-aa21ab9b5fff@group-0D0FE8FB5DF5: start as a follower, conf=-1: [845221a7-8c03-4ab3-a7ad-b09d998a1b3e:192.168.164.208:35661, 7d2a40c8-d27f-493d-a958-c7cf8432838d:192.168.164.208:33052, fbe234eb-236c-4e93-9bcf-aa21ab9b5fff:192.168.164.208:41921], old=null
2019-11-13 20:17:28,671 [pool-239-thread-1] INFO  impl.RaftServerImpl (RaftServerImpl.java:setRole(173)) - fbe234eb-236c-4e93-9bcf-aa21ab9b5fff@group-0D0FE8FB5DF5: changes role from      null to FOLLOWER at term 0 for startAsFollower
2019-11-13 20:17:28,670 [pool-229-thread-1] INFO  server.RaftServerConfigKeys (ConfUtils.java:logGet(43)) - raft.server.log.write.buffer.size = 33554432 (custom)
2019-11-13 20:17:28,671 [pool-239-thread-1] INFO  impl.RoleInfo (RoleInfo.java:updateAndGet(143)) - fbe234eb-236c-4e93-9bcf-aa21ab9b5fff: start FollowerState
2019-11-13 20:17:28,671 [pool-219-thread-1] INFO  server.RaftServerConfigKeys (ConfUtils.java:logGet(43)) - raft.server.log.force.sync.num = 128 (default)
2019-11-13 20:17:28,671 [pool-229-thread-1] INFO  server.RaftServerConfigKeys (ConfUtils.java:logGet(43)) - raft.server.log.force.sync.num = 128 (default)
2019-11-13 20:17:28,671 [pool-219-thread-1] INFO  server.RaftServerConfigKeys (ConfUtils.java:logGet(43)) - raft.server.log.statemachine.data.sync = true (default)
2019-11-13 20:17:28,671 [pool-239-thread-1] INFO  util.JmxRegister (JmxRegister.java:tryRegister(44)) - Successfully registered JMX Bean with object name Ratis:service=RaftServer,group=group-0D0FE8FB5DF5,id=fbe234eb-236c-4e93-9bcf-aa21ab9b5fff
2019-11-13 20:17:28,672 [pool-229-thread-1] INFO  server.RaftServerConfigKeys (ConfUtils.java:logGet(43)) - raft.server.log.statemachine.data.sync = true (default)
2019-11-13 20:17:28,672 [pool-239-thread-1] WARN  impl.MetricRegistriesImpl (MetricRegistriesImpl.java:lambda$create$1(61)) - First MetricRegistry has been created without registering reporters. You may need to call MetricRegistries.global().addReportRegistration(...) before.
2019-11-13 20:17:28,672 [pool-219-thread-1] INFO  server.RaftServerConfigKeys (ConfUtils.java:logGet(43)) - raft.server.log.statemachine.data.sync.timeout = 10s (default)
2019-11-13 20:17:28,672 [pool-219-thread-1] INFO  server.RaftServerConfigKeys (ConfUtils.java:logGet(43)) - raft.server.log.statemachine.data.sync.timeout.retry = -1 (default)
2019-11-13 20:17:28,672 [pool-229-thread-1] INFO  server.RaftServerConfigKeys (ConfUtils.java:logGet(43)) - raft.server.log.statemachine.data.sync.timeout = 10s (default)
2019-11-13 20:17:28,673 [pool-219-thread-1] INFO  server.RaftServerConfigKeys (ConfUtils.java:logGet(43)) - raft.server.log.statemachine.data.caching.enabled = true (custom)
2019-11-13 20:17:28,673 [pool-229-thread-1] INFO  server.RaftServerConfigKeys (ConfUtils.java:logGet(43)) - raft.server.log.statemachine.data.sync.timeout.retry = -1 (default)
2019-11-13 20:17:28,673 [pool-219-thread-1] INFO  segmented.SegmentedRaftLogWorker (SegmentedRaftLogWorker.java:lambda$new$0(128)) - 845221a7-8c03-4ab3-a7ad-b09d998a1b3e@group-0D0FE8FB5DF5-SegmentedRaftLogWorker: flushIndex: setUnconditionally 0 -> -1
2019-11-13 20:17:28,673 [pool-229-thread-1] INFO  server.RaftServerConfigKeys (ConfUtils.java:logGet(43)) - raft.server.log.statemachine.data.caching.enabled = true (custom)
2019-11-13 20:17:28,674 [pool-219-thread-1] INFO  server.RaftServerConfigKeys (ConfUtils.java:logGet(43)) - raft.server.snapshot.auto.trigger.enabled = true (custom)
2019-11-13 20:17:28,674 [pool-229-thread-1] INFO  segmented.SegmentedRaftLogWorker (SegmentedRaftLogWorker.java:lambda$new$0(128)) - 7d2a40c8-d27f-493d-a958-c7cf8432838d@group-0D0FE8FB5DF5-SegmentedRaftLogWorker: flushIndex: setUnconditionally 0 -> -1
2019-11-13 20:17:28,674 [pool-219-thread-1] INFO  server.RaftServerConfigKeys (ConfUtils.java:logGet(43)) - raft.server.snapshot.auto.trigger.threshold = 10000 (custom)
2019-11-13 20:17:28,674 [pool-229-thread-1] INFO  server.RaftServerConfigKeys (ConfUtils.java:logGet(43)) - raft.server.snapshot.auto.trigger.enabled = true (custom)
2019-11-13 20:17:28,674 [pool-219-thread-1] INFO  server.RaftServerConfigKeys (ConfUtils.java:logGet(43)) - raft.server.snapshot.retention.file.num = 5 (custom)
2019-11-13 20:17:28,674 [pool-229-thread-1] INFO  server.RaftServerConfigKeys (ConfUtils.java:logGet(43)) - raft.server.snapshot.auto.trigger.threshold = 10000 (custom)
2019-11-13 20:17:28,674 [pool-219-thread-1] INFO  server.RaftServerConfigKeys (ConfUtils.java:logGet(43)) - raft.server.retrycache.expirytime = 600000ms (custom)
2019-11-13 20:17:28,675 [pool-229-thread-1] INFO  server.RaftServerConfigKeys (ConfUtils.java:logGet(43)) - raft.server.snapshot.retention.file.num = 5 (custom)
2019-11-13 20:17:28,675 [pool-219-thread-1] WARN  impl.MetricRegistriesImpl (MetricRegistriesImpl.java:lambda$create$1(61)) - First MetricRegistry has been created without registering reporters. You may need to call MetricRegistries.global().addReportRegistration(...) before.
2019-11-13 20:17:28,675 [pool-229-thread-1] INFO  server.RaftServerConfigKeys (ConfUtils.java:logGet(43)) - raft.server.retrycache.expirytime = 600000ms (custom)
2019-11-13 20:17:28,675 [pool-219-thread-1] WARN  impl.MetricRegistriesImpl (MetricRegistriesImpl.java:lambda$create$1(61)) - First MetricRegistry has been created without registering reporters. You may need to call MetricRegistries.global().addReportRegistration(...) before.
2019-11-13 20:17:28,675 [pool-229-thread-1] WARN  impl.MetricRegistriesImpl (MetricRegistriesImpl.java:lambda$create$1(61)) - First MetricRegistry has been created without registering reporters. You may need to call MetricRegistries.global().addReportRegistration(...) before.
2019-11-13 20:17:28,675 [pool-229-thread-1] WARN  impl.MetricRegistriesImpl (MetricRegistriesImpl.java:lambda$create$1(61)) - First MetricRegistry has been created without registering reporters. You may need to call MetricRegistries.global().addReportRegistration(...) before.
2019-11-13 20:17:28,675 [pool-219-thread-1] INFO  impl.RaftServerImpl (RaftServerImpl.java:start(184)) - 845221a7-8c03-4ab3-a7ad-b09d998a1b3e@group-0D0FE8FB5DF5: start as a follower, conf=-1: [845221a7-8c03-4ab3-a7ad-b09d998a1b3e:192.168.164.208:35661, 7d2a40c8-d27f-493d-a958-c7cf8432838d:192.168.164.208:33052, fbe234eb-236c-4e93-9bcf-aa21ab9b5fff:192.168.164.208:41921], old=null
2019-11-13 20:17:28,676 [pool-229-thread-1] INFO  impl.RaftServerImpl (RaftServerImpl.java:start(184)) - 7d2a40c8-d27f-493d-a958-c7cf8432838d@group-0D0FE8FB5DF5: start as a follower, conf=-1: [845221a7-8c03-4ab3-a7ad-b09d998a1b3e:192.168.164.208:35661, 7d2a40c8-d27f-493d-a958-c7cf8432838d:192.168.164.208:33052, fbe234eb-236c-4e93-9bcf-aa21ab9b5fff:192.168.164.208:41921], old=null
2019-11-13 20:17:28,676 [pool-219-thread-1] INFO  impl.RaftServerImpl (RaftServerImpl.java:setRole(173)) - 845221a7-8c03-4ab3-a7ad-b09d998a1b3e@group-0D0FE8FB5DF5: changes role from      null to FOLLOWER at term 0 for startAsFollower
2019-11-13 20:17:28,676 [pool-229-thread-1] INFO  impl.RaftServerImpl (RaftServerImpl.java:setRole(173)) - 7d2a40c8-d27f-493d-a958-c7cf8432838d@group-0D0FE8FB5DF5: changes role from      null to FOLLOWER at term 0 for startAsFollower
2019-11-13 20:17:28,676 [pool-219-thread-1] INFO  impl.RoleInfo (RoleInfo.java:updateAndGet(143)) - 845221a7-8c03-4ab3-a7ad-b09d998a1b3e: start FollowerState
2019-11-13 20:17:28,676 [pool-229-thread-1] INFO  impl.RoleInfo (RoleInfo.java:updateAndGet(143)) - 7d2a40c8-d27f-493d-a958-c7cf8432838d: start FollowerState
2019-11-13 20:17:28,677 [pool-219-thread-1] INFO  util.JmxRegister (JmxRegister.java:tryRegister(44)) - Successfully registered JMX Bean with object name Ratis:service=RaftServer,group=group-0D0FE8FB5DF5,id=845221a7-8c03-4ab3-a7ad-b09d998a1b3e
2019-11-13 20:17:28,677 [pool-229-thread-1] INFO  util.JmxRegister (JmxRegister.java:tryRegister(44)) - Successfully registered JMX Bean with object name Ratis:service=RaftServer,group=group-0D0FE8FB5DF5,id=7d2a40c8-d27f-493d-a958-c7cf8432838d
2019-11-13 20:17:28,677 [pool-219-thread-1] WARN  impl.MetricRegistriesImpl (MetricRegistriesImpl.java:lambda$create$1(61)) - First MetricRegistry has been created without registering reporters. You may need to call MetricRegistries.global().addReportRegistration(...) before.
2019-11-13 20:17:28,677 [pool-229-thread-1] WARN  impl.MetricRegistriesImpl (MetricRegistriesImpl.java:lambda$create$1(61)) - First MetricRegistry has been created without registering reporters. You may need to call MetricRegistries.global().addReportRegistration(...) before.
2019-11-13 20:17:28,681 [RatisPipelineUtilsThread] INFO  pipeline.PipelineStateManager (PipelineStateManager.java:addPipeline(55)) - Created pipeline Pipeline[ Id: 694eecad-d8ab-4ce5-a7f3-0d0fe8fb5df5, Nodes: 845221a7-8c03-4ab3-a7ad-b09d998a1b3e{ip: 192.168.164.208, host: pr-hdds-2375-t422d-1049308724, networkLocation: /rack1, certSerialId: null}7d2a40c8-d27f-493d-a958-c7cf8432838d{ip: 192.168.164.208, host: pr-hdds-2375-t422d-1049308724, networkLocation: /rack1, certSerialId: null}fbe234eb-236c-4e93-9bcf-aa21ab9b5fff{ip: 192.168.164.208, host: pr-hdds-2375-t422d-1049308724, networkLocation: /rack1, certSerialId: null}, Type:RATIS, Factor:THREE, State:ALLOCATED]
2019-11-13 20:17:28,681 [Thread-1283] INFO  pipeline.PipelineStateManager (PipelineStateManager.java:finalizePipeline(121)) - Pipeline Pipeline[ Id: 56469271-16dd-454b-9f14-3f339dfa4e8c, Nodes: 227642ba-0415-4d98-a6b8-20167e8a399a{ip: 192.168.164.208, host: pr-hdds-2375-t422d-1049308724, networkLocation: /rack1, certSerialId: null}, Type:RATIS, Factor:ONE, State:CLOSED] moved to CLOSED state
2019-11-13 20:17:28,685 [grpc-default-executor-5] INFO  impl.RaftServerProxy (RaftServerProxy.java:remove(95)) - 227642ba-0415-4d98-a6b8-20167e8a399a: remove    LEADER 227642ba-0415-4d98-a6b8-20167e8a399a@group-3F339DFA4E8C:t1, leader=227642ba-0415-4d98-a6b8-20167e8a399a, voted=227642ba-0415-4d98-a6b8-20167e8a399a, raftlog=227642ba-0415-4d98-a6b8-20167e8a399a@group-3F339DFA4E8C-SegmentedRaftLog:OPENED:c0,f0,i0, conf=0: [227642ba-0415-4d98-a6b8-20167e8a399a:192.168.164.208:40637], old=null RUNNING
2019-11-13 20:17:28,685 [grpc-default-executor-5] INFO  impl.RaftServerImpl (RaftServerImpl.java:lambda$shutdown$3(250)) - 227642ba-0415-4d98-a6b8-20167e8a399a@group-3F339DFA4E8C: shutdown
2019-11-13 20:17:28,686 [grpc-default-executor-5] INFO  util.JmxRegister (JmxRegister.java:unregister(73)) - Successfully un-registered JMX Bean with object name Ratis:service=RaftServer,group=group-3F339DFA4E8C,id=227642ba-0415-4d98-a6b8-20167e8a399a
2019-11-13 20:17:28,686 [grpc-default-executor-5] INFO  impl.RoleInfo (RoleInfo.java:shutdownLeaderState(104)) - 227642ba-0415-4d98-a6b8-20167e8a399a: shutdown LeaderState
2019-11-13 20:17:28,686 [grpc-default-executor-5] INFO  impl.PendingRequests (PendingRequests.java:sendNotLeaderResponses(206)) - 227642ba-0415-4d98-a6b8-20167e8a399a@group-3F339DFA4E8C-PendingRequests: sendNotLeaderResponses
2019-11-13 20:17:28,686 [grpc-default-executor-5] INFO  impl.StateMachineUpdater (StateMachineUpdater.java:stopAndJoin(136)) - 227642ba-0415-4d98-a6b8-20167e8a399a@group-3F339DFA4E8C-StateMachineUpdater: set stopIndex = 0
2019-11-13 20:17:28,686 [grpc-default-executor-5] INFO  impl.RaftServerImpl (ServerState.java:close(387)) - 227642ba-0415-4d98-a6b8-20167e8a399a@group-3F339DFA4E8C: closes. applyIndex: 0
2019-11-13 20:17:28,686 [227642ba-0415-4d98-a6b8-20167e8a399a@group-3F339DFA4E8C-SegmentedRaftLogWorker] INFO  segmented.SegmentedRaftLogWorker (SegmentedRaftLogWorker.java:run(316)) - 227642ba-0415-4d98-a6b8-20167e8a399a@group-3F339DFA4E8C-SegmentedRaftLogWorker was interrupted, exiting. There are 0 tasks remaining in the queue.
2019-11-13 20:17:28,687 [grpc-default-executor-5] INFO  segmented.SegmentedRaftLogWorker (SegmentedRaftLogWorker.java:close(224)) - 227642ba-0415-4d98-a6b8-20167e8a399a@group-3F339DFA4E8C-SegmentedRaftLogWorker close()
2019-11-13 20:17:28,691 [Thread-1283] INFO  pipeline.PipelineStateManager (PipelineStateManager.java:removePipeline(106)) - Pipeline Pipeline[ Id: 56469271-16dd-454b-9f14-3f339dfa4e8c, Nodes: 227642ba-0415-4d98-a6b8-20167e8a399a{ip: 192.168.164.208, host: pr-hdds-2375-t422d-1049308724, networkLocation: /rack1, certSerialId: null}, Type:RATIS, Factor:ONE, State:CLOSED] removed from db
2019-11-13 20:17:28,692 [Thread-1283] INFO  pipeline.SCMPipelineManager (SCMPipelineManager.java:finalizeAndDestroyPipeline(315)) - destroying pipeline:Pipeline[ Id: 4e53937b-60a7-4ba7-82ad-b8acc66069f8, Nodes: 7d2a40c8-d27f-493d-a958-c7cf8432838d{ip: 192.168.164.208, host: pr-hdds-2375-t422d-1049308724, networkLocation: /rack1, certSerialId: null}, Type:RATIS, Factor:ONE, State:OPEN]
2019-11-13 20:17:28,695 [grpc-default-executor-5] INFO  impl.RaftServerProxy (RaftServerProxy.java:addNew(89)) - 227642ba-0415-4d98-a6b8-20167e8a399a: addNew group-870C1DC394D3:[227642ba-0415-4d98-a6b8-20167e8a399a:192.168.164.208:40637] returns group-870C1DC394D3:java.util.concurrent.CompletableFuture@14cdebb1[Not completed]
2019-11-13 20:17:28,696 [pool-149-thread-1] INFO  impl.RaftServerImpl (RaftServerImpl.java:<init>(98)) - 227642ba-0415-4d98-a6b8-20167e8a399a: new RaftServerImpl for group-870C1DC394D3:[227642ba-0415-4d98-a6b8-20167e8a399a:192.168.164.208:40637] with ContainerStateMachine:uninitialized
2019-11-13 20:17:28,697 [pool-149-thread-1] INFO  server.RaftServerConfigKeys (ConfUtils.java:logGet(43)) - raft.server.rpc.timeout.min = 1s (custom)
2019-11-13 20:17:28,697 [pool-149-thread-1] INFO  server.RaftServerConfigKeys (ConfUtils.java:logGet(43)) - raft.server.rpc.timeout.max = 1200ms (custom)
2019-11-13 20:17:28,697 [pool-149-thread-1] INFO  server.RaftServerConfigKeys (ConfUtils.java:logGet(43)) - raft.server.rpcslowness.timeout = 120s (custom)
2019-11-13 20:17:28,697 [pool-149-thread-1] INFO  server.RaftServerConfigKeys (ConfUtils.java:logGet(43)) - raft.server.sleep.deviation.threshold = 300 (default)
2019-11-13 20:17:28,697 [pool-149-thread-1] INFO  server.RaftServerConfigKeys (ConfUtils.java:logGet(43)) - raft.server.log.appender.install.snapshot.enabled = false (custom)
2019-11-13 20:17:28,697 [pool-149-thread-1] INFO  impl.RaftServerImpl (ServerState.java:<init>(103)) - 227642ba-0415-4d98-a6b8-20167e8a399a@group-870C1DC394D3: ConfigurationManager, init=-1: [227642ba-0415-4d98-a6b8-20167e8a399a:192.168.164.208:40637], old=null, confs=<EMPTY_MAP>
2019-11-13 20:17:28,697 [pool-149-thread-1] INFO  server.RaftServerConfigKeys (ConfUtils.java:logGet(43)) - raft.server.storage.dir = [/workdir/hadoop-ozone/integration-test/target/test-dir/MiniOzoneClusterImpl-e03c2511-109e-4d60-a68c-0151beb67872/datanode-0/data/ratis] (custom)
2019-11-13 20:17:28,698 [pool-149-thread-1] INFO  server.RaftServerConfigKeys (ConfUtils.java:logGet(43)) - raft.server.log.corruption.policy = EXCEPTION (default)
2019-11-13 20:17:28,698 [pool-149-thread-1] INFO  storage.RaftStorageDirectory (RaftStorageDirectory.java:analyzeStorage(246)) - The storage directory /workdir/hadoop-ozone/integration-test/target/test-dir/MiniOzoneClusterImpl-e03c2511-109e-4d60-a68c-0151beb67872/datanode-0/data/ratis/8bfe05c1-a924-41da-be48-870c1dc394d3 does not exist. Creating ...
2019-11-13 20:17:28,713 [pool-149-thread-1] INFO  storage.RaftStorageDirectory (RaftStorageDirectory.java:tryLock(328)) - Lock on /workdir/hadoop-ozone/integration-test/target/test-dir/MiniOzoneClusterImpl-e03c2511-109e-4d60-a68c-0151beb67872/datanode-0/data/ratis/8bfe05c1-a924-41da-be48-870c1dc394d3/in_use.lock acquired by nodename 4344@pr-hdds-2375-t422d-1049308724
2019-11-13 20:17:28,725 [pool-149-thread-1] INFO  storage.RaftStorage (RaftStorage.java:format(84)) - Storage directory /workdir/hadoop-ozone/integration-test/target/test-dir/MiniOzoneClusterImpl-e03c2511-109e-4d60-a68c-0151beb67872/datanode-0/data/ratis/8bfe05c1-a924-41da-be48-870c1dc394d3 has been successfully formatted.
2019-11-13 20:17:28,729 [pool-149-thread-1] INFO  ratis.ContainerStateMachine (ContainerStateMachine.java:loadSnapshot(223)) - group-870C1DC394D3: The snapshot info is null. Setting the last applied indexto:(t:0, i:~)
2019-11-13 20:17:28,729 [pool-149-thread-1] INFO  server.RaftServerConfigKeys (ConfUtils.java:logGet(43)) - raft.server.notification.no-leader.timeout = 120s (custom)
2019-11-13 20:17:28,729 [pool-149-thread-1] INFO  server.RaftServerConfigKeys (ConfUtils.java:logGet(43)) - raft.server.log.use.memory = false (default)
2019-11-13 20:17:28,729 [pool-149-thread-1] INFO  server.RaftServerConfigKeys (ConfUtils.java:logGet(43)) - raft.server.log.purge.gap = 1000000 (custom)
2019-11-13 20:17:28,730 [pool-149-thread-1] INFO  server.RaftServerConfigKeys (ConfUtils.java:logGet(43)) - raft.server.log.appender.buffer.byte-limit = 33554432 (custom)
2019-11-13 20:17:28,730 [pool-149-thread-1] INFO  server.RaftServerConfigKeys (ConfUtils.java:logGet(43)) - raft.server.log.segment.size.max = 1048576 (custom)
2019-11-13 20:17:28,730 [pool-149-thread-1] INFO  server.RaftServerConfigKeys (ConfUtils.java:logGet(43)) - raft.server.log.segment.cache.num.max = 2 (custom)
2019-11-13 20:17:28,730 [pool-149-thread-1] INFO  segmented.SegmentedRaftLogWorker (SegmentedRaftLogWorker.java:<init>(173)) - new 227642ba-0415-4d98-a6b8-20167e8a399a@group-870C1DC394D3-SegmentedRaftLogWorker for RaftStorage:Storage Directory /workdir/hadoop-ozone/integration-test/target/test-dir/MiniOzoneClusterImpl-e03c2511-109e-4d60-a68c-0151beb67872/datanode-0/data/ratis/8bfe05c1-a924-41da-be48-870c1dc394d3
2019-11-13 20:17:28,730 [pool-149-thread-1] INFO  server.RaftServerConfigKeys (ConfUtils.java:logGet(43)) - raft.server.log.queue.byte-limit = 2147483647 (custom)
2019-11-13 20:17:28,730 [pool-149-thread-1] INFO  server.RaftServerConfigKeys (ConfUtils.java:logGet(43)) - raft.server.log.queue.element-limit = 1024 (custom)
2019-11-13 20:17:28,730 [pool-149-thread-1] INFO  server.RaftServerConfigKeys (ConfUtils.java:logGet(43)) - raft.server.log.segment.size.max = 1048576 (custom)
2019-11-13 20:17:28,730 [pool-149-thread-1] INFO  server.RaftServerConfigKeys (ConfUtils.java:logGet(43)) - raft.server.log.preallocated.size = 16384 (custom)
2019-11-13 20:17:28,731 [pool-149-thread-1] INFO  server.RaftServerConfigKeys (ConfUtils.java:logGet(43)) - raft.server.log.write.buffer.size = 33554432 (custom)
2019-11-13 20:17:28,731 [pool-149-thread-1] INFO  server.RaftServerConfigKeys (ConfUtils.java:logGet(43)) - raft.server.log.force.sync.num = 128 (default)
2019-11-13 20:17:28,731 [pool-149-thread-1] INFO  server.RaftServerConfigKeys (ConfUtils.java:logGet(43)) - raft.server.log.statemachine.data.sync = true (default)
2019-11-13 20:17:28,731 [pool-149-thread-1] INFO  server.RaftServerConfigKeys (ConfUtils.java:logGet(43)) - raft.server.log.statemachine.data.sync.timeout = 10s (default)
2019-11-13 20:17:28,731 [pool-149-thread-1] INFO  server.RaftServerConfigKeys (ConfUtils.java:logGet(43)) - raft.server.log.statemachine.data.sync.timeout.retry = -1 (default)
2019-11-13 20:17:28,731 [pool-149-thread-1] INFO  server.RaftServerConfigKeys (ConfUtils.java:logGet(43)) - raft.server.log.statemachine.data.caching.enabled = true (custom)
2019-11-13 20:17:28,732 [pool-149-thread-1] INFO  segmented.SegmentedRaftLogWorker (SegmentedRaftLogWorker.java:lambda$new$0(128)) - 227642ba-0415-4d98-a6b8-20167e8a399a@group-870C1DC394D3-SegmentedRaftLogWorker: flushIndex: setUnconditionally 0 -> -1
2019-11-13 20:17:28,732 [pool-149-thread-1] INFO  server.RaftServerConfigKeys (ConfUtils.java:logGet(43)) - raft.server.snapshot.auto.trigger.enabled = true (custom)
2019-11-13 20:17:28,732 [pool-149-thread-1] INFO  server.RaftServerConfigKeys (ConfUtils.java:logGet(43)) - raft.server.snapshot.auto.trigger.threshold = 10000 (custom)
2019-11-13 20:17:28,732 [pool-149-thread-1] INFO  server.RaftServerConfigKeys (ConfUtils.java:logGet(43)) - raft.server.snapshot.retention.file.num = 5 (custom)
2019-11-13 20:17:28,732 [pool-149-thread-1] INFO  server.RaftServerConfigKeys (ConfUtils.java:logGet(43)) - raft.server.retrycache.expirytime = 600000ms (custom)
2019-11-13 20:17:28,733 [pool-149-thread-1] WARN  impl.MetricRegistriesImpl (MetricRegistriesImpl.java:lambda$create$1(61)) - First MetricRegistry has been created without registering reporters. You may need to call MetricRegistries.global().addReportRegistration(...) before.
2019-11-13 20:17:28,733 [pool-149-thread-1] WARN  impl.MetricRegistriesImpl (MetricRegistriesImpl.java:lambda$create$1(61)) - First MetricRegistry has been created without registering reporters. You may need to call MetricRegistries.global().addReportRegistration(...) before.
2019-11-13 20:17:28,733 [pool-149-thread-1] INFO  impl.RaftServerImpl (RaftServerImpl.java:start(184)) - 227642ba-0415-4d98-a6b8-20167e8a399a@group-870C1DC394D3: start as a follower, conf=-1: [227642ba-0415-4d98-a6b8-20167e8a399a:192.168.164.208:40637], old=null
2019-11-13 20:17:28,733 [pool-149-thread-1] INFO  impl.RaftServerImpl (RaftServerImpl.java:setRole(173)) - 227642ba-0415-4d98-a6b8-20167e8a399a@group-870C1DC394D3: changes role from      null to FOLLOWER at term 0 for startAsFollower
2019-11-13 20:17:28,733 [pool-149-thread-1] INFO  impl.RoleInfo (RoleInfo.java:updateAndGet(143)) - 227642ba-0415-4d98-a6b8-20167e8a399a: start FollowerState
2019-11-13 20:17:28,734 [pool-149-thread-1] INFO  util.JmxRegister (JmxRegister.java:tryRegister(44)) - Successfully registered JMX Bean with object name Ratis:service=RaftServer,group=group-870C1DC394D3,id=227642ba-0415-4d98-a6b8-20167e8a399a
2019-11-13 20:17:28,734 [pool-149-thread-1] WARN  impl.MetricRegistriesImpl (MetricRegistriesImpl.java:lambda$create$1(61)) - First MetricRegistry has been created without registering reporters. You may need to call MetricRegistries.global().addReportRegistration(...) before.
2019-11-13 20:17:28,736 [RatisPipelineUtilsThread] INFO  pipeline.PipelineStateManager (PipelineStateManager.java:addPipeline(55)) - Created pipeline Pipeline[ Id: 8bfe05c1-a924-41da-be48-870c1dc394d3, Nodes: 227642ba-0415-4d98-a6b8-20167e8a399a{ip: 192.168.164.208, host: pr-hdds-2375-t422d-1049308724, networkLocation: /rack1, certSerialId: null}, Type:RATIS, Factor:ONE, State:ALLOCATED]
2019-11-13 20:17:28,737 [Thread-1283] INFO  pipeline.PipelineStateManager (PipelineStateManager.java:finalizePipeline(121)) - Pipeline Pipeline[ Id: 4e53937b-60a7-4ba7-82ad-b8acc66069f8, Nodes: 7d2a40c8-d27f-493d-a958-c7cf8432838d{ip: 192.168.164.208, host: pr-hdds-2375-t422d-1049308724, networkLocation: /rack1, certSerialId: null}, Type:RATIS, Factor:ONE, State:CLOSED] moved to CLOSED state
2019-11-13 20:17:28,741 [grpc-default-executor-5] INFO  impl.RaftServerProxy (RaftServerProxy.java:remove(95)) - 7d2a40c8-d27f-493d-a958-c7cf8432838d: remove    LEADER 7d2a40c8-d27f-493d-a958-c7cf8432838d@group-B8ACC66069F8:t1, leader=7d2a40c8-d27f-493d-a958-c7cf8432838d, voted=7d2a40c8-d27f-493d-a958-c7cf8432838d, raftlog=7d2a40c8-d27f-493d-a958-c7cf8432838d@group-B8ACC66069F8-SegmentedRaftLog:OPENED:c0,f0,i0, conf=0: [7d2a40c8-d27f-493d-a958-c7cf8432838d:192.168.164.208:33052], old=null RUNNING
2019-11-13 20:17:28,741 [grpc-default-executor-5] INFO  impl.RaftServerImpl (RaftServerImpl.java:lambda$shutdown$3(250)) - 7d2a40c8-d27f-493d-a958-c7cf8432838d@group-B8ACC66069F8: shutdown
2019-11-13 20:17:28,741 [grpc-default-executor-5] INFO  util.JmxRegister (JmxRegister.java:unregister(73)) - Successfully un-registered JMX Bean with object name Ratis:service=RaftServer,group=group-B8ACC66069F8,id=7d2a40c8-d27f-493d-a958-c7cf8432838d
2019-11-13 20:17:28,741 [grpc-default-executor-5] INFO  impl.RoleInfo (RoleInfo.java:shutdownLeaderState(104)) - 7d2a40c8-d27f-493d-a958-c7cf8432838d: shutdown LeaderState
2019-11-13 20:17:28,742 [grpc-default-executor-5] INFO  impl.PendingRequests (PendingRequests.java:sendNotLeaderResponses(206)) - 7d2a40c8-d27f-493d-a958-c7cf8432838d@group-B8ACC66069F8-PendingRequests: sendNotLeaderResponses
2019-11-13 20:17:28,742 [grpc-default-executor-5] INFO  impl.StateMachineUpdater (StateMachineUpdater.java:stopAndJoin(136)) - 7d2a40c8-d27f-493d-a958-c7cf8432838d@group-B8ACC66069F8-StateMachineUpdater: set stopIndex = 0
2019-11-13 20:17:28,742 [grpc-default-executor-5] INFO  impl.RaftServerImpl (ServerState.java:close(387)) - 7d2a40c8-d27f-493d-a958-c7cf8432838d@group-B8ACC66069F8: closes. applyIndex: 0
2019-11-13 20:17:28,742 [7d2a40c8-d27f-493d-a958-c7cf8432838d@group-B8ACC66069F8-SegmentedRaftLogWorker] INFO  segmented.SegmentedRaftLogWorker (SegmentedRaftLogWorker.java:run(316)) - 7d2a40c8-d27f-493d-a958-c7cf8432838d@group-B8ACC66069F8-SegmentedRaftLogWorker was interrupted, exiting. There are 0 tasks remaining in the queue.
2019-11-13 20:17:28,743 [grpc-default-executor-5] INFO  segmented.SegmentedRaftLogWorker (SegmentedRaftLogWorker.java:close(224)) - 7d2a40c8-d27f-493d-a958-c7cf8432838d@group-B8ACC66069F8-SegmentedRaftLogWorker close()
2019-11-13 20:17:28,747 [Thread-1283] INFO  pipeline.PipelineStateManager (PipelineStateManager.java:removePipeline(106)) - Pipeline Pipeline[ Id: 4e53937b-60a7-4ba7-82ad-b8acc66069f8, Nodes: 7d2a40c8-d27f-493d-a958-c7cf8432838d{ip: 192.168.164.208, host: pr-hdds-2375-t422d-1049308724, networkLocation: /rack1, certSerialId: null}, Type:RATIS, Factor:ONE, State:CLOSED] removed from db
2019-11-13 20:17:28,748 [Thread-1283] INFO  pipeline.SCMPipelineManager (SCMPipelineManager.java:finalizeAndDestroyPipeline(315)) - destroying pipeline:Pipeline[ Id: b37a7d77-fc8a-4454-bed4-adc71fc4a816, Nodes: 2aeadab0-ec41-4180-985e-a800f9da6a6d{ip: 192.168.164.208, host: pr-hdds-2375-t422d-1049308724, networkLocation: /rack1, certSerialId: null}023d4525-aae9-49d4-923e-7124a55e5ae2{ip: 192.168.164.208, host: pr-hdds-2375-t422d-1049308724, networkLocation: /rack1, certSerialId: null}c49df7ba-d7d7-4ac8-a142-ddaef65aa83a{ip: 192.168.164.208, host: pr-hdds-2375-t422d-1049308724, networkLocation: /rack1, certSerialId: null}, Type:RATIS, Factor:THREE, State:OPEN]
2019-11-13 20:17:28,751 [grpc-default-executor-5] INFO  impl.RaftServerProxy (RaftServerProxy.java:addNew(89)) - 7d2a40c8-d27f-493d-a958-c7cf8432838d: addNew group-D0AD2003266D:[7d2a40c8-d27f-493d-a958-c7cf8432838d:192.168.164.208:33052] returns group-D0AD2003266D:java.util.concurrent.CompletableFuture@780d37db[Not completed]
2019-11-13 20:17:28,753 [pool-229-thread-1] INFO  impl.RaftServerImpl (RaftServerImpl.java:<init>(98)) - 7d2a40c8-d27f-493d-a958-c7cf8432838d: new RaftServerImpl for group-D0AD2003266D:[7d2a40c8-d27f-493d-a958-c7cf8432838d:192.168.164.208:33052] with ContainerStateMachine:uninitialized
2019-11-13 20:17:28,753 [pool-229-thread-1] INFO  server.RaftServerConfigKeys (ConfUtils.java:logGet(43)) - raft.server.rpc.timeout.min = 1s (custom)
2019-11-13 20:17:28,753 [pool-229-thread-1] INFO  server.RaftServerConfigKeys (ConfUtils.java:logGet(43)) - raft.server.rpc.timeout.max = 1200ms (custom)
2019-11-13 20:17:28,753 [pool-229-thread-1] INFO  server.RaftServerConfigKeys (ConfUtils.java:logGet(43)) - raft.server.rpcslowness.timeout = 120s (custom)
2019-11-13 20:17:28,753 [pool-229-thread-1] INFO  server.RaftServerConfigKeys (ConfUtils.java:logGet(43)) - raft.server.sleep.deviation.threshold = 300 (default)
2019-11-13 20:17:28,753 [pool-229-thread-1] INFO  server.RaftServerConfigKeys (ConfUtils.java:logGet(43)) - raft.server.log.appender.install.snapshot.enabled = false (custom)
2019-11-13 20:17:28,753 [pool-229-thread-1] INFO  impl.RaftServerImpl (ServerState.java:<init>(103)) - 7d2a40c8-d27f-493d-a958-c7cf8432838d@group-D0AD2003266D: ConfigurationManager, init=-1: [7d2a40c8-d27f-493d-a958-c7cf8432838d:192.168.164.208:33052], old=null, confs=<EMPTY_MAP>
2019-11-13 20:17:28,754 [pool-229-thread-1] INFO  server.RaftServerConfigKeys (ConfUtils.java:logGet(43)) - raft.server.storage.dir = [/workdir/hadoop-ozone/integration-test/target/test-dir/MiniOzoneClusterImpl-e03c2511-109e-4d60-a68c-0151beb67872/datanode-8/data/ratis] (custom)
2019-11-13 20:17:28,754 [pool-229-thread-1] INFO  server.RaftServerConfigKeys (ConfUtils.java:logGet(43)) - raft.server.log.corruption.policy = EXCEPTION (default)
2019-11-13 20:17:28,754 [pool-229-thread-1] INFO  storage.RaftStorageDirectory (RaftStorageDirectory.java:analyzeStorage(246)) - The storage directory /workdir/hadoop-ozone/integration-test/target/test-dir/MiniOzoneClusterImpl-e03c2511-109e-4d60-a68c-0151beb67872/datanode-8/data/ratis/24ba16df-2577-4a02-ba27-d0ad2003266d does not exist. Creating ...
2019-11-13 20:17:28,767 [pool-229-thread-1] INFO  storage.RaftStorageDirectory (RaftStorageDirectory.java:tryLock(328)) - Lock on /workdir/hadoop-ozone/integration-test/target/test-dir/MiniOzoneClusterImpl-e03c2511-109e-4d60-a68c-0151beb67872/datanode-8/data/ratis/24ba16df-2577-4a02-ba27-d0ad2003266d/in_use.lock acquired by nodename 4344@pr-hdds-2375-t422d-1049308724
2019-11-13 20:17:28,781 [pool-229-thread-1] INFO  storage.RaftStorage (RaftStorage.java:format(84)) - Storage directory /workdir/hadoop-ozone/integration-test/target/test-dir/MiniOzoneClusterImpl-e03c2511-109e-4d60-a68c-0151beb67872/datanode-8/data/ratis/24ba16df-2577-4a02-ba27-d0ad2003266d has been successfully formatted.
2019-11-13 20:17:28,781 [pool-229-thread-1] INFO  ratis.ContainerStateMachine (ContainerStateMachine.java:loadSnapshot(223)) - group-D0AD2003266D: The snapshot info is null. Setting the last applied indexto:(t:0, i:~)
2019-11-13 20:17:28,781 [pool-229-thread-1] INFO  server.RaftServerConfigKeys (ConfUtils.java:logGet(43)) - raft.server.notification.no-leader.timeout = 120s (custom)
2019-11-13 20:17:28,781 [pool-229-thread-1] INFO  server.RaftServerConfigKeys (ConfUtils.java:logGet(43)) - raft.server.log.use.memory = false (default)
2019-11-13 20:17:28,781 [pool-229-thread-1] INFO  server.RaftServerConfigKeys (ConfUtils.java:logGet(43)) - raft.server.log.purge.gap = 1000000 (custom)
2019-11-13 20:17:28,782 [pool-229-thread-1] INFO  server.RaftServerConfigKeys (ConfUtils.java:logGet(43)) - raft.server.log.appender.buffer.byte-limit = 33554432 (custom)
2019-11-13 20:17:28,782 [pool-229-thread-1] INFO  server.RaftServerConfigKeys (ConfUtils.java:logGet(43)) - raft.server.log.segment.size.max = 1048576 (custom)
2019-11-13 20:17:28,782 [pool-229-thread-1] INFO  server.RaftServerConfigKeys (ConfUtils.java:logGet(43)) - raft.server.log.segment.cache.num.max = 2 (custom)
2019-11-13 20:17:28,782 [pool-229-thread-1] INFO  segmented.SegmentedRaftLogWorker (SegmentedRaftLogWorker.java:<init>(173)) - new 7d2a40c8-d27f-493d-a958-c7cf8432838d@group-D0AD2003266D-SegmentedRaftLogWorker for RaftStorage:Storage Directory /workdir/hadoop-ozone/integration-test/target/test-dir/MiniOzoneClusterImpl-e03c2511-109e-4d60-a68c-0151beb67872/datanode-8/data/ratis/24ba16df-2577-4a02-ba27-d0ad2003266d
2019-11-13 20:17:28,782 [pool-229-thread-1] INFO  server.RaftServerConfigKeys (ConfUtils.java:logGet(43)) - raft.server.log.queue.byte-limit = 2147483647 (custom)
2019-11-13 20:17:28,782 [pool-229-thread-1] INFO  server.RaftServerConfigKeys (ConfUtils.java:logGet(43)) - raft.server.log.queue.element-limit = 1024 (custom)
2019-11-13 20:17:28,782 [pool-229-thread-1] INFO  server.RaftServerConfigKeys (ConfUtils.java:logGet(43)) - raft.server.log.segment.size.max = 1048576 (custom)
2019-11-13 20:17:28,782 [pool-229-thread-1] INFO  server.RaftServerConfigKeys (ConfUtils.java:logGet(43)) - raft.server.log.preallocated.size = 16384 (custom)
2019-11-13 20:17:28,783 [pool-229-thread-1] INFO  server.RaftServerConfigKeys (ConfUtils.java:logGet(43)) - raft.server.log.write.buffer.size = 33554432 (custom)
2019-11-13 20:17:28,783 [pool-229-thread-1] INFO  server.RaftServerConfigKeys (ConfUtils.java:logGet(43)) - raft.server.log.force.sync.num = 128 (default)
2019-11-13 20:17:28,783 [pool-229-thread-1] INFO  server.RaftServerConfigKeys (ConfUtils.java:logGet(43)) - raft.server.log.statemachine.data.sync = true (default)
2019-11-13 20:17:28,783 [pool-229-thread-1] INFO  server.RaftServerConfigKeys (ConfUtils.java:logGet(43)) - raft.server.log.statemachine.data.sync.timeout = 10s (default)
2019-11-13 20:17:28,783 [pool-229-thread-1] INFO  server.RaftServerConfigKeys (ConfUtils.java:logGet(43)) - raft.server.log.statemachine.data.sync.timeout.retry = -1 (default)
2019-11-13 20:17:28,783 [pool-229-thread-1] INFO  server.RaftServerConfigKeys (ConfUtils.java:logGet(43)) - raft.server.log.statemachine.data.caching.enabled = true (custom)
2019-11-13 20:17:28,783 [pool-229-thread-1] INFO  segmented.SegmentedRaftLogWorker (SegmentedRaftLogWorker.java:lambda$new$0(128)) - 7d2a40c8-d27f-493d-a958-c7cf8432838d@group-D0AD2003266D-SegmentedRaftLogWorker: flushIndex: setUnconditionally 0 -> -1
2019-11-13 20:17:28,784 [pool-229-thread-1] INFO  server.RaftServerConfigKeys (ConfUtils.java:logGet(43)) - raft.server.snapshot.auto.trigger.enabled = true (custom)
2019-11-13 20:17:28,784 [pool-229-thread-1] INFO  server.RaftServerConfigKeys (ConfUtils.java:logGet(43)) - raft.server.snapshot.auto.trigger.threshold = 10000 (custom)
2019-11-13 20:17:28,784 [pool-229-thread-1] INFO  server.RaftServerConfigKeys (ConfUtils.java:logGet(43)) - raft.server.snapshot.retention.file.num = 5 (custom)
2019-11-13 20:17:28,784 [pool-229-thread-1] INFO  server.RaftServerConfigKeys (ConfUtils.java:logGet(43)) - raft.server.retrycache.expirytime = 600000ms (custom)
2019-11-13 20:17:28,784 [pool-229-thread-1] WARN  impl.MetricRegistriesImpl (MetricRegistriesImpl.java:lambda$create$1(61)) - First MetricRegistry has been created without registering reporters. You may need to call MetricRegistries.global().addReportRegistration(...) before.
2019-11-13 20:17:28,784 [pool-229-thread-1] WARN  impl.MetricRegistriesImpl (MetricRegistriesImpl.java:lambda$create$1(61)) - First MetricRegistry has been created without registering reporters. You may need to call MetricRegistries.global().addReportRegistration(...) before.
2019-11-13 20:17:28,784 [pool-229-thread-1] INFO  impl.RaftServerImpl (RaftServerImpl.java:start(184)) - 7d2a40c8-d27f-493d-a958-c7cf8432838d@group-D0AD2003266D: start as a follower, conf=-1: [7d2a40c8-d27f-493d-a958-c7cf8432838d:192.168.164.208:33052], old=null
2019-11-13 20:17:28,785 [pool-229-thread-1] INFO  impl.RaftServerImpl (RaftServerImpl.java:setRole(173)) - 7d2a40c8-d27f-493d-a958-c7cf8432838d@group-D0AD2003266D: changes role from      null to FOLLOWER at term 0 for startAsFollower
2019-11-13 20:17:28,785 [pool-229-thread-1] INFO  impl.RoleInfo (RoleInfo.java:updateAndGet(143)) - 7d2a40c8-d27f-493d-a958-c7cf8432838d: start FollowerState
2019-11-13 20:17:28,785 [pool-229-thread-1] INFO  util.JmxRegister (JmxRegister.java:tryRegister(44)) - Successfully registered JMX Bean with object name Ratis:service=RaftServer,group=group-D0AD2003266D,id=7d2a40c8-d27f-493d-a958-c7cf8432838d
2019-11-13 20:17:28,785 [pool-229-thread-1] WARN  impl.MetricRegistriesImpl (MetricRegistriesImpl.java:lambda$create$1(61)) - First MetricRegistry has been created without registering reporters. You may need to call MetricRegistries.global().addReportRegistration(...) before.
2019-11-13 20:17:28,788 [RatisPipelineUtilsThread] INFO  pipeline.PipelineStateManager (PipelineStateManager.java:addPipeline(55)) - Created pipeline Pipeline[ Id: 24ba16df-2577-4a02-ba27-d0ad2003266d, Nodes: 7d2a40c8-d27f-493d-a958-c7cf8432838d{ip: 192.168.164.208, host: pr-hdds-2375-t422d-1049308724, networkLocation: /rack1, certSerialId: null}, Type:RATIS, Factor:ONE, State:ALLOCATED]
2019-11-13 20:17:28,789 [Thread-1283] INFO  pipeline.PipelineStateManager (PipelineStateManager.java:finalizePipeline(121)) - Pipeline Pipeline[ Id: b37a7d77-fc8a-4454-bed4-adc71fc4a816, Nodes: 2aeadab0-ec41-4180-985e-a800f9da6a6d{ip: 192.168.164.208, host: pr-hdds-2375-t422d-1049308724, networkLocation: /rack1, certSerialId: null}023d4525-aae9-49d4-923e-7124a55e5ae2{ip: 192.168.164.208, host: pr-hdds-2375-t422d-1049308724, networkLocation: /rack1, certSerialId: null}c49df7ba-d7d7-4ac8-a142-ddaef65aa83a{ip: 192.168.164.208, host: pr-hdds-2375-t422d-1049308724, networkLocation: /rack1, certSerialId: null}, Type:RATIS, Factor:THREE, State:CLOSED] moved to CLOSED state
2019-11-13 20:17:28,794 [grpc-default-executor-5] INFO  impl.RaftServerProxy (RaftServerProxy.java:remove(95)) - 2aeadab0-ec41-4180-985e-a800f9da6a6d: remove    LEADER 2aeadab0-ec41-4180-985e-a800f9da6a6d@group-ADC71FC4A816:t1, leader=2aeadab0-ec41-4180-985e-a800f9da6a6d, voted=2aeadab0-ec41-4180-985e-a800f9da6a6d, raftlog=2aeadab0-ec41-4180-985e-a800f9da6a6d@group-ADC71FC4A816-SegmentedRaftLog:OPENED:c0,f0,i0, conf=0: [2aeadab0-ec41-4180-985e-a800f9da6a6d:192.168.164.208:42973, 023d4525-aae9-49d4-923e-7124a55e5ae2:192.168.164.208:41869, c49df7ba-d7d7-4ac8-a142-ddaef65aa83a:192.168.164.208:36049], old=null RUNNING
2019-11-13 20:17:28,794 [grpc-default-executor-5] INFO  impl.RaftServerImpl (RaftServerImpl.java:lambda$shutdown$3(250)) - 2aeadab0-ec41-4180-985e-a800f9da6a6d@group-ADC71FC4A816: shutdown
2019-11-13 20:17:28,794 [grpc-default-executor-5] INFO  util.JmxRegister (JmxRegister.java:unregister(73)) - Successfully un-registered JMX Bean with object name Ratis:service=RaftServer,group=group-ADC71FC4A816,id=2aeadab0-ec41-4180-985e-a800f9da6a6d
2019-11-13 20:17:28,794 [grpc-default-executor-5] INFO  impl.RoleInfo (RoleInfo.java:shutdownLeaderState(104)) - 2aeadab0-ec41-4180-985e-a800f9da6a6d: shutdown LeaderState
2019-11-13 20:17:28,799 [grpc-default-executor-5] INFO  impl.PendingRequests (PendingRequests.java:sendNotLeaderResponses(206)) - 2aeadab0-ec41-4180-985e-a800f9da6a6d@group-ADC71FC4A816-PendingRequests: sendNotLeaderResponses
2019-11-13 20:17:28,799 [org.apache.ratis.server.impl.LogAppender$AppenderDaemon$$Lambda$415/455279792@503ed272] WARN  server.GrpcLogAppender (GrpcLogAppender.java:mayWait(151)) - 2aeadab0-ec41-4180-985e-a800f9da6a6d@group-ADC71FC4A816->c49df7ba-d7d7-4ac8-a142-ddaef65aa83a-GrpcLogAppender: Wait interrupted by java.lang.InterruptedException
2019-11-13 20:17:28,800 [grpc-default-executor-5] INFO  impl.StateMachineUpdater (StateMachineUpdater.java:stopAndJoin(136)) - 2aeadab0-ec41-4180-985e-a800f9da6a6d@group-ADC71FC4A816-StateMachineUpdater: set stopIndex = 0
2019-11-13 20:17:28,800 [org.apache.ratis.server.impl.LogAppender$AppenderDaemon$$Lambda$415/455279792@24175b4d] WARN  server.GrpcLogAppender (GrpcLogAppender.java:mayWait(151)) - 2aeadab0-ec41-4180-985e-a800f9da6a6d@group-ADC71FC4A816->023d4525-aae9-49d4-923e-7124a55e5ae2-GrpcLogAppender: Wait interrupted by java.lang.InterruptedException
2019-11-13 20:17:28,800 [grpc-default-executor-5] INFO  impl.RaftServerImpl (ServerState.java:close(387)) - 2aeadab0-ec41-4180-985e-a800f9da6a6d@group-ADC71FC4A816: closes. applyIndex: 0
2019-11-13 20:17:28,800 [grpc-default-executor-1] INFO  server.GrpcServerProtocolService (GrpcServerProtocolService.java:onCompleted(113)) - c49df7ba-d7d7-4ac8-a142-ddaef65aa83a: Completed APPEND_ENTRIES, lastRequest: 2aeadab0-ec41-4180-985e-a800f9da6a6d->c49df7ba-d7d7-4ac8-a142-ddaef65aa83a#4-t1, previous=(t:1, i:0), leaderCommit=0, initializing? false, entries: <empty>
2019-11-13 20:17:28,800 [2aeadab0-ec41-4180-985e-a800f9da6a6d@group-ADC71FC4A816-SegmentedRaftLogWorker] INFO  segmented.SegmentedRaftLogWorker (SegmentedRaftLogWorker.java:run(316)) - 2aeadab0-ec41-4180-985e-a800f9da6a6d@group-ADC71FC4A816-SegmentedRaftLogWorker was interrupted, exiting. There are 0 tasks remaining in the queue.
2019-11-13 20:17:28,801 [grpc-default-executor-2] INFO  server.GrpcServerProtocolService (GrpcServerProtocolService.java:onCompleted(113)) - 023d4525-aae9-49d4-923e-7124a55e5ae2: Completed APPEND_ENTRIES, lastRequest: 2aeadab0-ec41-4180-985e-a800f9da6a6d->023d4525-aae9-49d4-923e-7124a55e5ae2#4-t1, previous=(t:1, i:0), leaderCommit=0, initializing? false, entries: <empty>
2019-11-13 20:17:28,801 [grpc-default-executor-5] INFO  segmented.SegmentedRaftLogWorker (SegmentedRaftLogWorker.java:close(224)) - 2aeadab0-ec41-4180-985e-a800f9da6a6d@group-ADC71FC4A816-SegmentedRaftLogWorker close()
2019-11-13 20:17:28,801 [grpc-default-executor-2] INFO  server.GrpcLogAppender (GrpcLogAppender.java:onCompleted(308)) - 2aeadab0-ec41-4180-985e-a800f9da6a6d@group-ADC71FC4A816->c49df7ba-d7d7-4ac8-a142-ddaef65aa83a-AppendLogResponseHandler: follower responses appendEntries COMPLETED
2019-11-13 20:17:28,803 [grpc-default-executor-1] INFO  server.GrpcLogAppender (GrpcLogAppender.java:onCompleted(308)) - 2aeadab0-ec41-4180-985e-a800f9da6a6d@group-ADC71FC4A816->023d4525-aae9-49d4-923e-7124a55e5ae2-AppendLogResponseHandler: follower responses appendEntries COMPLETED
2019-11-13 20:17:28,804 [grpc-default-executor-2] INFO  impl.FollowerInfo (FollowerInfo.java:lambda$new$0(51)) - 2aeadab0-ec41-4180-985e-a800f9da6a6d@group-ADC71FC4A816->c49df7ba-d7d7-4ac8-a142-ddaef65aa83a: nextIndex: updateUnconditionally 1 -> 0
2019-11-13 20:17:28,804 [grpc-default-executor-1] INFO  impl.FollowerInfo (FollowerInfo.java:lambda$new$0(51)) - 2aeadab0-ec41-4180-985e-a800f9da6a6d@group-ADC71FC4A816->023d4525-aae9-49d4-923e-7124a55e5ae2: nextIndex: updateUnconditionally 1 -> 0
2019-11-13 20:17:28,810 [grpc-default-executor-1] INFO  impl.RaftServerProxy (RaftServerProxy.java:remove(95)) - 023d4525-aae9-49d4-923e-7124a55e5ae2: remove  FOLLOWER 023d4525-aae9-49d4-923e-7124a55e5ae2@group-ADC71FC4A816:t1, leader=2aeadab0-ec41-4180-985e-a800f9da6a6d, voted=2aeadab0-ec41-4180-985e-a800f9da6a6d, raftlog=023d4525-aae9-49d4-923e-7124a55e5ae2@group-ADC71FC4A816-SegmentedRaftLog:OPENED:c0,f0,i0, conf=0: [2aeadab0-ec41-4180-985e-a800f9da6a6d:192.168.164.208:42973, 023d4525-aae9-49d4-923e-7124a55e5ae2:192.168.164.208:41869, c49df7ba-d7d7-4ac8-a142-ddaef65aa83a:192.168.164.208:36049], old=null RUNNING
2019-11-13 20:17:28,810 [grpc-default-executor-1] INFO  impl.RaftServerImpl (RaftServerImpl.java:lambda$shutdown$3(250)) - 023d4525-aae9-49d4-923e-7124a55e5ae2@group-ADC71FC4A816: shutdown
2019-11-13 20:17:28,810 [grpc-default-executor-1] INFO  util.JmxRegister (JmxRegister.java:unregister(73)) - Successfully un-registered JMX Bean with object name Ratis:service=RaftServer,group=group-ADC71FC4A816,id=023d4525-aae9-49d4-923e-7124a55e5ae2
2019-11-13 20:17:28,810 [grpc-default-executor-1] INFO  impl.RoleInfo (RoleInfo.java:shutdownFollowerState(121)) - 023d4525-aae9-49d4-923e-7124a55e5ae2: shutdown FollowerState
2019-11-13 20:17:28,810 [grpc-default-executor-1] INFO  impl.StateMachineUpdater (StateMachineUpdater.java:stopAndJoin(136)) - 023d4525-aae9-49d4-923e-7124a55e5ae2@group-ADC71FC4A816-StateMachineUpdater: set stopIndex = 0
2019-11-13 20:17:28,810 [Thread-1374] INFO  impl.FollowerState (FollowerState.java:run(120)) - 023d4525-aae9-49d4-923e-7124a55e5ae2@group-ADC71FC4A816-FollowerState was interrupted: java.lang.InterruptedException: sleep interrupted
2019-11-13 20:17:28,811 [grpc-default-executor-1] INFO  impl.RaftServerImpl (ServerState.java:close(387)) - 023d4525-aae9-49d4-923e-7124a55e5ae2@group-ADC71FC4A816: closes. applyIndex: 0
2019-11-13 20:17:28,811 [023d4525-aae9-49d4-923e-7124a55e5ae2@group-ADC71FC4A816-SegmentedRaftLogWorker] INFO  segmented.SegmentedRaftLogWorker (SegmentedRaftLogWorker.java:run(316)) - 023d4525-aae9-49d4-923e-7124a55e5ae2@group-ADC71FC4A816-SegmentedRaftLogWorker was interrupted, exiting. There are 0 tasks remaining in the queue.
2019-11-13 20:17:28,811 [grpc-default-executor-1] INFO  segmented.SegmentedRaftLogWorker (SegmentedRaftLogWorker.java:close(224)) - 023d4525-aae9-49d4-923e-7124a55e5ae2@group-ADC71FC4A816-SegmentedRaftLogWorker close()
2019-11-13 20:17:28,820 [grpc-default-executor-1] INFO  impl.RaftServerProxy (RaftServerProxy.java:remove(95)) - c49df7ba-d7d7-4ac8-a142-ddaef65aa83a: remove  FOLLOWER c49df7ba-d7d7-4ac8-a142-ddaef65aa83a@group-ADC71FC4A816:t1, leader=2aeadab0-ec41-4180-985e-a800f9da6a6d, voted=c49df7ba-d7d7-4ac8-a142-ddaef65aa83a, raftlog=c49df7ba-d7d7-4ac8-a142-ddaef65aa83a@group-ADC71FC4A816-SegmentedRaftLog:OPENED:c0,f0,i0, conf=0: [2aeadab0-ec41-4180-985e-a800f9da6a6d:192.168.164.208:42973, 023d4525-aae9-49d4-923e-7124a55e5ae2:192.168.164.208:41869, c49df7ba-d7d7-4ac8-a142-ddaef65aa83a:192.168.164.208:36049], old=null RUNNING
2019-11-13 20:17:28,820 [grpc-default-executor-1] INFO  impl.RaftServerImpl (RaftServerImpl.java:lambda$shutdown$3(250)) - c49df7ba-d7d7-4ac8-a142-ddaef65aa83a@group-ADC71FC4A816: shutdown
2019-11-13 20:17:28,820 [grpc-default-executor-1] INFO  util.JmxRegister (JmxRegister.java:unregister(73)) - Successfully un-registered JMX Bean with object name Ratis:service=RaftServer,group=group-ADC71FC4A816,id=c49df7ba-d7d7-4ac8-a142-ddaef65aa83a
2019-11-13 20:17:28,820 [grpc-default-executor-1] INFO  impl.RoleInfo (RoleInfo.java:shutdownFollowerState(121)) - c49df7ba-d7d7-4ac8-a142-ddaef65aa83a: shutdown FollowerState
2019-11-13 20:17:28,820 [grpc-default-executor-1] INFO  impl.StateMachineUpdater (StateMachineUpdater.java:stopAndJoin(136)) - c49df7ba-d7d7-4ac8-a142-ddaef65aa83a@group-ADC71FC4A816-StateMachineUpdater: set stopIndex = 0
2019-11-13 20:17:28,821 [Thread-1375] INFO  impl.FollowerState (FollowerState.java:run(120)) - c49df7ba-d7d7-4ac8-a142-ddaef65aa83a@group-ADC71FC4A816-FollowerState was interrupted: java.lang.InterruptedException: sleep interrupted
2019-11-13 20:17:28,821 [grpc-default-executor-1] INFO  impl.RaftServerImpl (ServerState.java:close(387)) - c49df7ba-d7d7-4ac8-a142-ddaef65aa83a@group-ADC71FC4A816: closes. applyIndex: 0
2019-11-13 20:17:28,821 [c49df7ba-d7d7-4ac8-a142-ddaef65aa83a@group-ADC71FC4A816-SegmentedRaftLogWorker] INFO  segmented.SegmentedRaftLogWorker (SegmentedRaftLogWorker.java:run(316)) - c49df7ba-d7d7-4ac8-a142-ddaef65aa83a@group-ADC71FC4A816-SegmentedRaftLogWorker was interrupted, exiting. There are 0 tasks remaining in the queue.
2019-11-13 20:17:28,821 [grpc-default-executor-1] INFO  segmented.SegmentedRaftLogWorker (SegmentedRaftLogWorker.java:close(224)) - c49df7ba-d7d7-4ac8-a142-ddaef65aa83a@group-ADC71FC4A816-SegmentedRaftLogWorker close()
2019-11-13 20:17:28,827 [Thread-1283] INFO  pipeline.PipelineStateManager (PipelineStateManager.java:removePipeline(106)) - Pipeline Pipeline[ Id: b37a7d77-fc8a-4454-bed4-adc71fc4a816, Nodes: 2aeadab0-ec41-4180-985e-a800f9da6a6d{ip: 192.168.164.208, host: pr-hdds-2375-t422d-1049308724, networkLocation: /rack1, certSerialId: null}023d4525-aae9-49d4-923e-7124a55e5ae2{ip: 192.168.164.208, host: pr-hdds-2375-t422d-1049308724, networkLocation: /rack1, certSerialId: null}c49df7ba-d7d7-4ac8-a142-ddaef65aa83a{ip: 192.168.164.208, host: pr-hdds-2375-t422d-1049308724, networkLocation: /rack1, certSerialId: null}, Type:RATIS, Factor:THREE, State:CLOSED] removed from db
2019-11-13 20:17:28,827 [Thread-1283] INFO  pipeline.SCMPipelineManager (SCMPipelineManager.java:finalizeAndDestroyPipeline(315)) - destroying pipeline:Pipeline[ Id: c40c902d-531e-44d8-a705-b0d7eb97fb91, Nodes: 836dac64-dd9f-4309-a076-e086947645e1{ip: 192.168.164.208, host: pr-hdds-2375-t422d-1049308724, networkLocation: /rack1, certSerialId: null}, Type:RATIS, Factor:ONE, State:OPEN]
2019-11-13 20:17:28,834 [grpc-default-executor-1] INFO  impl.RaftServerProxy (RaftServerProxy.java:addNew(89)) - 023d4525-aae9-49d4-923e-7124a55e5ae2: addNew group-009811E6B591:[2aeadab0-ec41-4180-985e-a800f9da6a6d:192.168.164.208:42973, 023d4525-aae9-49d4-923e-7124a55e5ae2:192.168.164.208:41869, c49df7ba-d7d7-4ac8-a142-ddaef65aa83a:192.168.164.208:36049] returns group-009811E6B591:java.util.concurrent.CompletableFuture@63c502a0[Not completed]
2019-11-13 20:17:28,834 [grpc-default-executor-5] INFO  impl.RaftServerProxy (RaftServerProxy.java:addNew(89)) - c49df7ba-d7d7-4ac8-a142-ddaef65aa83a: addNew group-009811E6B591:[2aeadab0-ec41-4180-985e-a800f9da6a6d:192.168.164.208:42973, 023d4525-aae9-49d4-923e-7124a55e5ae2:192.168.164.208:41869, c49df7ba-d7d7-4ac8-a142-ddaef65aa83a:192.168.164.208:36049] returns group-009811E6B591:java.util.concurrent.CompletableFuture@d3f02b2[Not completed]
2019-11-13 20:17:28,834 [grpc-default-executor-2] INFO  impl.RaftServerProxy (RaftServerProxy.java:addNew(89)) - 2aeadab0-ec41-4180-985e-a800f9da6a6d: addNew group-009811E6B591:[2aeadab0-ec41-4180-985e-a800f9da6a6d:192.168.164.208:42973, 023d4525-aae9-49d4-923e-7124a55e5ae2:192.168.164.208:41869, c49df7ba-d7d7-4ac8-a142-ddaef65aa83a:192.168.164.208:36049] returns group-009811E6B591:java.util.concurrent.CompletableFuture@50548666[Not completed]
2019-11-13 20:17:28,835 [pool-179-thread-1] INFO  impl.RaftServerImpl (RaftServerImpl.java:<init>(98)) - 023d4525-aae9-49d4-923e-7124a55e5ae2: new RaftServerImpl for group-009811E6B591:[2aeadab0-ec41-4180-985e-a800f9da6a6d:192.168.164.208:42973, 023d4525-aae9-49d4-923e-7124a55e5ae2:192.168.164.208:41869, c49df7ba-d7d7-4ac8-a142-ddaef65aa83a:192.168.164.208:36049] with ContainerStateMachine:uninitialized
2019-11-13 20:17:28,835 [pool-179-thread-1] INFO  server.RaftServerConfigKeys (ConfUtils.java:logGet(43)) - raft.server.rpc.timeout.min = 1s (custom)
2019-11-13 20:17:28,835 [pool-179-thread-1] INFO  server.RaftServerConfigKeys (ConfUtils.java:logGet(43)) - raft.server.rpc.timeout.max = 1200ms (custom)
2019-11-13 20:17:28,835 [pool-179-thread-1] INFO  server.RaftServerConfigKeys (ConfUtils.java:logGet(43)) - raft.server.rpcslowness.timeout = 120s (custom)
2019-11-13 20:17:28,835 [pool-179-thread-1] INFO  server.RaftServerConfigKeys (ConfUtils.java:logGet(43)) - raft.server.sleep.deviation.threshold = 300 (default)
2019-11-13 20:17:28,836 [pool-179-thread-1] INFO  server.RaftServerConfigKeys (ConfUtils.java:logGet(43)) - raft.server.log.appender.install.snapshot.enabled = false (custom)
2019-11-13 20:17:28,836 [pool-179-thread-1] INFO  impl.RaftServerImpl (ServerState.java:<init>(103)) - 023d4525-aae9-49d4-923e-7124a55e5ae2@group-009811E6B591: ConfigurationManager, init=-1: [2aeadab0-ec41-4180-985e-a800f9da6a6d:192.168.164.208:42973, 023d4525-aae9-49d4-923e-7124a55e5ae2:192.168.164.208:41869, c49df7ba-d7d7-4ac8-a142-ddaef65aa83a:192.168.164.208:36049], old=null, confs=<EMPTY_MAP>
2019-11-13 20:17:28,836 [pool-179-thread-1] INFO  server.RaftServerConfigKeys (ConfUtils.java:logGet(43)) - raft.server.storage.dir = [/workdir/hadoop-ozone/integration-test/target/test-dir/MiniOzoneClusterImpl-e03c2511-109e-4d60-a68c-0151beb67872/datanode-3/data/ratis] (custom)
2019-11-13 20:17:28,836 [pool-179-thread-1] INFO  server.RaftServerConfigKeys (ConfUtils.java:logGet(43)) - raft.server.log.corruption.policy = EXCEPTION (default)
2019-11-13 20:17:28,836 [pool-199-thread-1] INFO  impl.RaftServerImpl (RaftServerImpl.java:<init>(98)) - 2aeadab0-ec41-4180-985e-a800f9da6a6d: new RaftServerImpl for group-009811E6B591:[2aeadab0-ec41-4180-985e-a800f9da6a6d:192.168.164.208:42973, 023d4525-aae9-49d4-923e-7124a55e5ae2:192.168.164.208:41869, c49df7ba-d7d7-4ac8-a142-ddaef65aa83a:192.168.164.208:36049] with ContainerStateMachine:uninitialized
2019-11-13 20:17:28,836 [pool-179-thread-1] INFO  storage.RaftStorageDirectory (RaftStorageDirectory.java:analyzeStorage(246)) - The storage directory /workdir/hadoop-ozone/integration-test/target/test-dir/MiniOzoneClusterImpl-e03c2511-109e-4d60-a68c-0151beb67872/datanode-3/data/ratis/5baf3982-3a5b-41f0-aa3c-009811e6b591 does not exist. Creating ...
2019-11-13 20:17:28,836 [pool-199-thread-1] INFO  server.RaftServerConfigKeys (ConfUtils.java:logGet(43)) - raft.server.rpc.timeout.min = 1s (custom)
2019-11-13 20:17:28,836 [pool-199-thread-1] INFO  server.RaftServerConfigKeys (ConfUtils.java:logGet(43)) - raft.server.rpc.timeout.max = 1200ms (custom)
2019-11-13 20:17:28,837 [pool-199-thread-1] INFO  server.RaftServerConfigKeys (ConfUtils.java:logGet(43)) - raft.server.rpcslowness.timeout = 120s (custom)
2019-11-13 20:17:28,837 [pool-199-thread-1] INFO  server.RaftServerConfigKeys (ConfUtils.java:logGet(43)) - raft.server.sleep.deviation.threshold = 300 (default)
2019-11-13 20:17:28,837 [pool-209-thread-1] INFO  impl.RaftServerImpl (RaftServerImpl.java:<init>(98)) - c49df7ba-d7d7-4ac8-a142-ddaef65aa83a: new RaftServerImpl for group-009811E6B591:[2aeadab0-ec41-4180-985e-a800f9da6a6d:192.168.164.208:42973, 023d4525-aae9-49d4-923e-7124a55e5ae2:192.168.164.208:41869, c49df7ba-d7d7-4ac8-a142-ddaef65aa83a:192.168.164.208:36049] with ContainerStateMachine:uninitialized
2019-11-13 20:17:28,837 [pool-199-thread-1] INFO  server.RaftServerConfigKeys (ConfUtils.java:logGet(43)) - raft.server.log.appender.install.snapshot.enabled = false (custom)
2019-11-13 20:17:28,837 [pool-209-thread-1] INFO  server.RaftServerConfigKeys (ConfUtils.java:logGet(43)) - raft.server.rpc.timeout.min = 1s (custom)
2019-11-13 20:17:28,837 [pool-199-thread-1] INFO  impl.RaftServerImpl (ServerState.java:<init>(103)) - 2aeadab0-ec41-4180-985e-a800f9da6a6d@group-009811E6B591: ConfigurationManager, init=-1: [2aeadab0-ec41-4180-985e-a800f9da6a6d:192.168.164.208:42973, 023d4525-aae9-49d4-923e-7124a55e5ae2:192.168.164.208:41869, c49df7ba-d7d7-4ac8-a142-ddaef65aa83a:192.168.164.208:36049], old=null, confs=<EMPTY_MAP>
2019-11-13 20:17:28,837 [pool-209-thread-1] INFO  server.RaftServerConfigKeys (ConfUtils.java:logGet(43)) - raft.server.rpc.timeout.max = 1200ms (custom)
2019-11-13 20:17:28,837 [pool-199-thread-1] INFO  server.RaftServerConfigKeys (ConfUtils.java:logGet(43)) - raft.server.storage.dir = [/workdir/hadoop-ozone/integration-test/target/test-dir/MiniOzoneClusterImpl-e03c2511-109e-4d60-a68c-0151beb67872/datanode-5/data/ratis] (custom)
2019-11-13 20:17:28,837 [pool-209-thread-1] INFO  server.RaftServerConfigKeys (ConfUtils.java:logGet(43)) - raft.server.rpcslowness.timeout = 120s (custom)
2019-11-13 20:17:28,837 [pool-209-thread-1] INFO  server.RaftServerConfigKeys (ConfUtils.java:logGet(43)) - raft.server.sleep.deviation.threshold = 300 (default)
2019-11-13 20:17:28,837 [pool-199-thread-1] INFO  server.RaftServerConfigKeys (ConfUtils.java:logGet(43)) - raft.server.log.corruption.policy = EXCEPTION (default)
2019-11-13 20:17:28,837 [pool-209-thread-1] INFO  server.RaftServerConfigKeys (ConfUtils.java:logGet(43)) - raft.server.log.appender.install.snapshot.enabled = false (custom)
2019-11-13 20:17:28,838 [pool-199-thread-1] INFO  storage.RaftStorageDirectory (RaftStorageDirectory.java:analyzeStorage(246)) - The storage directory /workdir/hadoop-ozone/integration-test/target/test-dir/MiniOzoneClusterImpl-e03c2511-109e-4d60-a68c-0151beb67872/datanode-5/data/ratis/5baf3982-3a5b-41f0-aa3c-009811e6b591 does not exist. Creating ...
2019-11-13 20:17:28,838 [pool-209-thread-1] INFO  impl.RaftServerImpl (ServerState.java:<init>(103)) - c49df7ba-d7d7-4ac8-a142-ddaef65aa83a@group-009811E6B591: ConfigurationManager, init=-1: [2aeadab0-ec41-4180-985e-a800f9da6a6d:192.168.164.208:42973, 023d4525-aae9-49d4-923e-7124a55e5ae2:192.168.164.208:41869, c49df7ba-d7d7-4ac8-a142-ddaef65aa83a:192.168.164.208:36049], old=null, confs=<EMPTY_MAP>
2019-11-13 20:17:28,838 [pool-209-thread-1] INFO  server.RaftServerConfigKeys (ConfUtils.java:logGet(43)) - raft.server.storage.dir = [/workdir/hadoop-ozone/integration-test/target/test-dir/MiniOzoneClusterImpl-e03c2511-109e-4d60-a68c-0151beb67872/datanode-6/data/ratis] (custom)
2019-11-13 20:17:28,838 [pool-209-thread-1] INFO  server.RaftServerConfigKeys (ConfUtils.java:logGet(43)) - raft.server.log.corruption.policy = EXCEPTION (default)
2019-11-13 20:17:28,838 [pool-209-thread-1] INFO  storage.RaftStorageDirectory (RaftStorageDirectory.java:analyzeStorage(246)) - The storage directory /workdir/hadoop-ozone/integration-test/target/test-dir/MiniOzoneClusterImpl-e03c2511-109e-4d60-a68c-0151beb67872/datanode-6/data/ratis/5baf3982-3a5b-41f0-aa3c-009811e6b591 does not exist. Creating ...
2019-11-13 20:17:28,861 [pool-199-thread-1] INFO  storage.RaftStorageDirectory (RaftStorageDirectory.java:tryLock(328)) - Lock on /workdir/hadoop-ozone/integration-test/target/test-dir/MiniOzoneClusterImpl-e03c2511-109e-4d60-a68c-0151beb67872/datanode-5/data/ratis/5baf3982-3a5b-41f0-aa3c-009811e6b591/in_use.lock acquired by nodename 4344@pr-hdds-2375-t422d-1049308724
2019-11-13 20:17:28,861 [pool-209-thread-1] INFO  storage.RaftStorageDirectory (RaftStorageDirectory.java:tryLock(328)) - Lock on /workdir/hadoop-ozone/integration-test/target/test-dir/MiniOzoneClusterImpl-e03c2511-109e-4d60-a68c-0151beb67872/datanode-6/data/ratis/5baf3982-3a5b-41f0-aa3c-009811e6b591/in_use.lock acquired by nodename 4344@pr-hdds-2375-t422d-1049308724
2019-11-13 20:17:28,861 [pool-179-thread-1] INFO  storage.RaftStorageDirectory (RaftStorageDirectory.java:tryLock(328)) - Lock on /workdir/hadoop-ozone/integration-test/target/test-dir/MiniOzoneClusterImpl-e03c2511-109e-4d60-a68c-0151beb67872/datanode-3/data/ratis/5baf3982-3a5b-41f0-aa3c-009811e6b591/in_use.lock acquired by nodename 4344@pr-hdds-2375-t422d-1049308724
2019-11-13 20:17:28,887 [pool-179-thread-1] INFO  storage.RaftStorage (RaftStorage.java:format(84)) - Storage directory /workdir/hadoop-ozone/integration-test/target/test-dir/MiniOzoneClusterImpl-e03c2511-109e-4d60-a68c-0151beb67872/datanode-3/data/ratis/5baf3982-3a5b-41f0-aa3c-009811e6b591 has been successfully formatted.
2019-11-13 20:17:28,887 [pool-199-thread-1] INFO  storage.RaftStorage (RaftStorage.java:format(84)) - Storage directory /workdir/hadoop-ozone/integration-test/target/test-dir/MiniOzoneClusterImpl-e03c2511-109e-4d60-a68c-0151beb67872/datanode-5/data/ratis/5baf3982-3a5b-41f0-aa3c-009811e6b591 has been successfully formatted.
2019-11-13 20:17:28,887 [pool-209-thread-1] INFO  storage.RaftStorage (RaftStorage.java:format(84)) - Storage directory /workdir/hadoop-ozone/integration-test/target/test-dir/MiniOzoneClusterImpl-e03c2511-109e-4d60-a68c-0151beb67872/datanode-6/data/ratis/5baf3982-3a5b-41f0-aa3c-009811e6b591 has been successfully formatted.
2019-11-13 20:17:28,887 [pool-199-thread-1] INFO  ratis.ContainerStateMachine (ContainerStateMachine.java:loadSnapshot(223)) - group-009811E6B591: The snapshot info is null. Setting the last applied indexto:(t:0, i:~)
2019-11-13 20:17:28,887 [pool-179-thread-1] INFO  ratis.ContainerStateMachine (ContainerStateMachine.java:loadSnapshot(223)) - group-009811E6B591: The snapshot info is null. Setting the last applied indexto:(t:0, i:~)
2019-11-13 20:17:28,887 [pool-209-thread-1] INFO  ratis.ContainerStateMachine (ContainerStateMachine.java:loadSnapshot(223)) - group-009811E6B591: The snapshot info is null. Setting the last applied indexto:(t:0, i:~)
2019-11-13 20:17:28,887 [pool-199-thread-1] INFO  server.RaftServerConfigKeys (ConfUtils.java:logGet(43)) - raft.server.notification.no-leader.timeout = 120s (custom)
2019-11-13 20:17:28,887 [pool-209-thread-1] INFO  server.RaftServerConfigKeys (ConfUtils.java:logGet(43)) - raft.server.notification.no-leader.timeout = 120s (custom)
2019-11-13 20:17:28,887 [pool-179-thread-1] INFO  server.RaftServerConfigKeys (ConfUtils.java:logGet(43)) - raft.server.notification.no-leader.timeout = 120s (custom)
2019-11-13 20:17:28,888 [pool-209-thread-1] INFO  server.RaftServerConfigKeys (ConfUtils.java:logGet(43)) - raft.server.log.use.memory = false (default)
2019-11-13 20:17:28,887 [pool-199-thread-1] INFO  server.RaftServerConfigKeys (ConfUtils.java:logGet(43)) - raft.server.log.use.memory = false (default)
2019-11-13 20:17:28,888 [pool-209-thread-1] INFO  server.RaftServerConfigKeys (ConfUtils.java:logGet(43)) - raft.server.log.purge.gap = 1000000 (custom)
2019-11-13 20:17:28,888 [pool-179-thread-1] INFO  server.RaftServerConfigKeys (ConfUtils.java:logGet(43)) - raft.server.log.use.memory = false (default)
2019-11-13 20:17:28,888 [pool-209-thread-1] INFO  server.RaftServerConfigKeys (ConfUtils.java:logGet(43)) - raft.server.log.appender.buffer.byte-limit = 33554432 (custom)
2019-11-13 20:17:28,888 [pool-199-thread-1] INFO  server.RaftServerConfigKeys (ConfUtils.java:logGet(43)) - raft.server.log.purge.gap = 1000000 (custom)
2019-11-13 20:17:28,888 [pool-209-thread-1] INFO  server.RaftServerConfigKeys (ConfUtils.java:logGet(43)) - raft.server.log.segment.size.max = 1048576 (custom)
2019-11-13 20:17:28,888 [pool-179-thread-1] INFO  server.RaftServerConfigKeys (ConfUtils.java:logGet(43)) - raft.server.log.purge.gap = 1000000 (custom)
2019-11-13 20:17:28,888 [pool-209-thread-1] INFO  server.RaftServerConfigKeys (ConfUtils.java:logGet(43)) - raft.server.log.segment.cache.num.max = 2 (custom)
2019-11-13 20:17:28,888 [pool-199-thread-1] INFO  server.RaftServerConfigKeys (ConfUtils.java:logGet(43)) - raft.server.log.appender.buffer.byte-limit = 33554432 (custom)
2019-11-13 20:17:28,889 [pool-209-thread-1] INFO  segmented.SegmentedRaftLogWorker (SegmentedRaftLogWorker.java:<init>(173)) - new c49df7ba-d7d7-4ac8-a142-ddaef65aa83a@group-009811E6B591-SegmentedRaftLogWorker for RaftStorage:Storage Directory /workdir/hadoop-ozone/integration-test/target/test-dir/MiniOzoneClusterImpl-e03c2511-109e-4d60-a68c-0151beb67872/datanode-6/data/ratis/5baf3982-3a5b-41f0-aa3c-009811e6b591
2019-11-13 20:17:28,888 [pool-179-thread-1] INFO  server.RaftServerConfigKeys (ConfUtils.java:logGet(43)) - raft.server.log.appender.buffer.byte-limit = 33554432 (custom)
2019-11-13 20:17:28,889 [pool-209-thread-1] INFO  server.RaftServerConfigKeys (ConfUtils.java:logGet(43)) - raft.server.log.queue.byte-limit = 2147483647 (custom)
2019-11-13 20:17:28,889 [pool-199-thread-1] INFO  server.RaftServerConfigKeys (ConfUtils.java:logGet(43)) - raft.server.log.segment.size.max = 1048576 (custom)
2019-11-13 20:17:28,889 [pool-209-thread-1] INFO  server.RaftServerConfigKeys (ConfUtils.java:logGet(43)) - raft.server.log.queue.element-limit = 1024 (custom)
2019-11-13 20:17:28,889 [pool-179-thread-1] INFO  server.RaftServerConfigKeys (ConfUtils.java:logGet(43)) - raft.server.log.segment.size.max = 1048576 (custom)
2019-11-13 20:17:28,889 [pool-209-thread-1] INFO  server.RaftServerConfigKeys (ConfUtils.java:logGet(43)) - raft.server.log.segment.size.max = 1048576 (custom)
2019-11-13 20:17:28,889 [pool-199-thread-1] INFO  server.RaftServerConfigKeys (ConfUtils.java:logGet(43)) - raft.server.log.segment.cache.num.max = 2 (custom)
2019-11-13 20:17:28,889 [pool-209-thread-1] INFO  server.RaftServerConfigKeys (ConfUtils.java:logGet(43)) - raft.server.log.preallocated.size = 16384 (custom)
2019-11-13 20:17:28,889 [pool-179-thread-1] INFO  server.RaftServerConfigKeys (ConfUtils.java:logGet(43)) - raft.server.log.segment.cache.num.max = 2 (custom)
2019-11-13 20:17:28,890 [pool-209-thread-1] INFO  server.RaftServerConfigKeys (ConfUtils.java:logGet(43)) - raft.server.log.write.buffer.size = 33554432 (custom)
2019-11-13 20:17:28,890 [pool-199-thread-1] INFO  segmented.SegmentedRaftLogWorker (SegmentedRaftLogWorker.java:<init>(173)) - new 2aeadab0-ec41-4180-985e-a800f9da6a6d@group-009811E6B591-SegmentedRaftLogWorker for RaftStorage:Storage Directory /workdir/hadoop-ozone/integration-test/target/test-dir/MiniOzoneClusterImpl-e03c2511-109e-4d60-a68c-0151beb67872/datanode-5/data/ratis/5baf3982-3a5b-41f0-aa3c-009811e6b591
2019-11-13 20:17:28,890 [pool-209-thread-1] INFO  server.RaftServerConfigKeys (ConfUtils.java:logGet(43)) - raft.server.log.force.sync.num = 128 (default)
2019-11-13 20:17:28,890 [pool-179-thread-1] INFO  segmented.SegmentedRaftLogWorker (SegmentedRaftLogWorker.java:<init>(173)) - new 023d4525-aae9-49d4-923e-7124a55e5ae2@group-009811E6B591-SegmentedRaftLogWorker for RaftStorage:Storage Directory /workdir/hadoop-ozone/integration-test/target/test-dir/MiniOzoneClusterImpl-e03c2511-109e-4d60-a68c-0151beb67872/datanode-3/data/ratis/5baf3982-3a5b-41f0-aa3c-009811e6b591
2019-11-13 20:17:28,890 [pool-209-thread-1] INFO  server.RaftServerConfigKeys (ConfUtils.java:logGet(43)) - raft.server.log.statemachine.data.sync = true (default)
2019-11-13 20:17:28,890 [pool-199-thread-1] INFO  server.RaftServerConfigKeys (ConfUtils.java:logGet(43)) - raft.server.log.queue.byte-limit = 2147483647 (custom)
2019-11-13 20:17:28,890 [pool-209-thread-1] INFO  server.RaftServerConfigKeys (ConfUtils.java:logGet(43)) - raft.server.log.statemachine.data.sync.timeout = 10s (default)
2019-11-13 20:17:28,890 [pool-179-thread-1] INFO  server.RaftServerConfigKeys (ConfUtils.java:logGet(43)) - raft.server.log.queue.byte-limit = 2147483647 (custom)
2019-11-13 20:17:28,891 [pool-209-thread-1] INFO  server.RaftServerConfigKeys (ConfUtils.java:logGet(43)) - raft.server.log.statemachine.data.sync.timeout.retry = -1 (default)
2019-11-13 20:17:28,890 [pool-199-thread-1] INFO  server.RaftServerConfigKeys (ConfUtils.java:logGet(43)) - raft.server.log.queue.element-limit = 1024 (custom)
2019-11-13 20:17:28,891 [pool-209-thread-1] INFO  server.RaftServerConfigKeys (ConfUtils.java:logGet(43)) - raft.server.log.statemachine.data.caching.enabled = true (custom)
2019-11-13 20:17:28,891 [pool-179-thread-1] INFO  server.RaftServerConfigKeys (ConfUtils.java:logGet(43)) - raft.server.log.queue.element-limit = 1024 (custom)
2019-11-13 20:17:28,891 [pool-199-thread-1] INFO  server.RaftServerConfigKeys (ConfUtils.java:logGet(43)) - raft.server.log.segment.size.max = 1048576 (custom)
2019-11-13 20:17:28,891 [pool-179-thread-1] INFO  server.RaftServerConfigKeys (ConfUtils.java:logGet(43)) - raft.server.log.segment.size.max = 1048576 (custom)
2019-11-13 20:17:28,891 [pool-209-thread-1] INFO  segmented.SegmentedRaftLogWorker (SegmentedRaftLogWorker.java:lambda$new$0(128)) - c49df7ba-d7d7-4ac8-a142-ddaef65aa83a@group-009811E6B591-SegmentedRaftLogWorker: flushIndex: setUnconditionally 0 -> -1
2019-11-13 20:17:28,891 [pool-199-thread-1] INFO  server.RaftServerConfigKeys (ConfUtils.java:logGet(43)) - raft.server.log.preallocated.size = 16384 (custom)
2019-11-13 20:17:28,891 [pool-179-thread-1] INFO  server.RaftServerConfigKeys (ConfUtils.java:logGet(43)) - raft.server.log.preallocated.size = 16384 (custom)
2019-11-13 20:17:28,892 [pool-209-thread-1] INFO  server.RaftServerConfigKeys (ConfUtils.java:logGet(43)) - raft.server.snapshot.auto.trigger.enabled = true (custom)
2019-11-13 20:17:28,891 [pool-199-thread-1] INFO  server.RaftServerConfigKeys (ConfUtils.java:logGet(43)) - raft.server.log.write.buffer.size = 33554432 (custom)
2019-11-13 20:17:28,892 [pool-209-thread-1] INFO  server.RaftServerConfigKeys (ConfUtils.java:logGet(43)) - raft.server.snapshot.auto.trigger.threshold = 10000 (custom)
2019-11-13 20:17:28,892 [pool-179-thread-1] INFO  server.RaftServerConfigKeys (ConfUtils.java:logGet(43)) - raft.server.log.write.buffer.size = 33554432 (custom)
2019-11-13 20:17:28,892 [pool-209-thread-1] INFO  server.RaftServerConfigKeys (ConfUtils.java:logGet(43)) - raft.server.snapshot.retention.file.num = 5 (custom)
2019-11-13 20:17:28,892 [pool-199-thread-1] INFO  server.RaftServerConfigKeys (ConfUtils.java:logGet(43)) - raft.server.log.force.sync.num = 128 (default)
2019-11-13 20:17:28,892 [pool-209-thread-1] INFO  server.RaftServerConfigKeys (ConfUtils.java:logGet(43)) - raft.server.retrycache.expirytime = 600000ms (custom)
2019-11-13 20:17:28,892 [pool-179-thread-1] INFO  server.RaftServerConfigKeys (ConfUtils.java:logGet(43)) - raft.server.log.force.sync.num = 128 (default)
2019-11-13 20:17:28,892 [pool-199-thread-1] INFO  server.RaftServerConfigKeys (ConfUtils.java:logGet(43)) - raft.server.log.statemachine.data.sync = true (default)
2019-11-13 20:17:28,892 [pool-209-thread-1] WARN  impl.MetricRegistriesImpl (MetricRegistriesImpl.java:lambda$create$1(61)) - First MetricRegistry has been created without registering reporters. You may need to call MetricRegistries.global().addReportRegistration(...) before.
2019-11-13 20:17:28,892 [pool-179-thread-1] INFO  server.RaftServerConfigKeys (ConfUtils.java:logGet(43)) - raft.server.log.statemachine.data.sync = true (default)
2019-11-13 20:17:28,893 [pool-209-thread-1] WARN  impl.MetricRegistriesImpl (MetricRegistriesImpl.java:lambda$create$1(61)) - First MetricRegistry has been created without registering reporters. You may need to call MetricRegistries.global().addReportRegistration(...) before.
2019-11-13 20:17:28,893 [pool-199-thread-1] INFO  server.RaftServerConfigKeys (ConfUtils.java:logGet(43)) - raft.server.log.statemachine.data.sync.timeout = 10s (default)
2019-11-13 20:17:28,893 [pool-179-thread-1] INFO  server.RaftServerConfigKeys (ConfUtils.java:logGet(43)) - raft.server.log.statemachine.data.sync.timeout = 10s (default)
2019-11-13 20:17:28,893 [pool-209-thread-1] INFO  impl.RaftServerImpl (RaftServerImpl.java:start(184)) - c49df7ba-d7d7-4ac8-a142-ddaef65aa83a@group-009811E6B591: start as a follower, conf=-1: [2aeadab0-ec41-4180-985e-a800f9da6a6d:192.168.164.208:42973, 023d4525-aae9-49d4-923e-7124a55e5ae2:192.168.164.208:41869, c49df7ba-d7d7-4ac8-a142-ddaef65aa83a:192.168.164.208:36049], old=null
2019-11-13 20:17:28,893 [pool-199-thread-1] INFO  server.RaftServerConfigKeys (ConfUtils.java:logGet(43)) - raft.server.log.statemachine.data.sync.timeout.retry = -1 (default)
2019-11-13 20:17:28,893 [pool-209-thread-1] INFO  impl.RaftServerImpl (RaftServerImpl.java:setRole(173)) - c49df7ba-d7d7-4ac8-a142-ddaef65aa83a@group-009811E6B591: changes role from      null to FOLLOWER at term 0 for startAsFollower
2019-11-13 20:17:28,893 [pool-179-thread-1] INFO  server.RaftServerConfigKeys (ConfUtils.java:logGet(43)) - raft.server.log.statemachine.data.sync.timeout.retry = -1 (default)
2019-11-13 20:17:28,893 [pool-209-thread-1] INFO  impl.RoleInfo (RoleInfo.java:updateAndGet(143)) - c49df7ba-d7d7-4ac8-a142-ddaef65aa83a: start FollowerState
2019-11-13 20:17:28,893 [pool-199-thread-1] INFO  server.RaftServerConfigKeys (ConfUtils.java:logGet(43)) - raft.server.log.statemachine.data.caching.enabled = true (custom)
2019-11-13 20:17:28,894 [pool-179-thread-1] INFO  server.RaftServerConfigKeys (ConfUtils.java:logGet(43)) - raft.server.log.statemachine.data.caching.enabled = true (custom)
2019-11-13 20:17:28,894 [pool-199-thread-1] INFO  segmented.SegmentedRaftLogWorker (SegmentedRaftLogWorker.java:lambda$new$0(128)) - 2aeadab0-ec41-4180-985e-a800f9da6a6d@group-009811E6B591-SegmentedRaftLogWorker: flushIndex: setUnconditionally 0 -> -1
2019-11-13 20:17:28,894 [pool-179-thread-1] INFO  segmented.SegmentedRaftLogWorker (SegmentedRaftLogWorker.java:lambda$new$0(128)) - 023d4525-aae9-49d4-923e-7124a55e5ae2@group-009811E6B591-SegmentedRaftLogWorker: flushIndex: setUnconditionally 0 -> -1
2019-11-13 20:17:28,894 [pool-199-thread-1] INFO  server.RaftServerConfigKeys (ConfUtils.java:logGet(43)) - raft.server.snapshot.auto.trigger.enabled = true (custom)
2019-11-13 20:17:28,894 [pool-209-thread-1] INFO  util.JmxRegister (JmxRegister.java:tryRegister(44)) - Successfully registered JMX Bean with object name Ratis:service=RaftServer,group=group-009811E6B591,id=c49df7ba-d7d7-4ac8-a142-ddaef65aa83a
2019-11-13 20:17:28,894 [pool-199-thread-1] INFO  server.RaftServerConfigKeys (ConfUtils.java:logGet(43)) - raft.server.snapshot.auto.trigger.threshold = 10000 (custom)
2019-11-13 20:17:28,894 [pool-179-thread-1] INFO  server.RaftServerConfigKeys (ConfUtils.java:logGet(43)) - raft.server.snapshot.auto.trigger.enabled = true (custom)
2019-11-13 20:17:28,894 [pool-199-thread-1] INFO  server.RaftServerConfigKeys (ConfUtils.java:logGet(43)) - raft.server.snapshot.retention.file.num = 5 (custom)
2019-11-13 20:17:28,894 [pool-209-thread-1] WARN  impl.MetricRegistriesImpl (MetricRegistriesImpl.java:lambda$create$1(61)) - First MetricRegistry has been created without registering reporters. You may need to call MetricRegistries.global().addReportRegistration(...) before.
2019-11-13 20:17:28,895 [pool-199-thread-1] INFO  server.RaftServerConfigKeys (ConfUtils.java:logGet(43)) - raft.server.retrycache.expirytime = 600000ms (custom)
2019-11-13 20:17:28,895 [pool-179-thread-1] INFO  server.RaftServerConfigKeys (ConfUtils.java:logGet(43)) - raft.server.snapshot.auto.trigger.threshold = 10000 (custom)
2019-11-13 20:17:28,895 [pool-199-thread-1] WARN  impl.MetricRegistriesImpl (MetricRegistriesImpl.java:lambda$create$1(61)) - First MetricRegistry has been created without registering reporters. You may need to call MetricRegistries.global().addReportRegistration(...) before.
2019-11-13 20:17:28,895 [pool-179-thread-1] INFO  server.RaftServerConfigKeys (ConfUtils.java:logGet(43)) - raft.server.snapshot.retention.file.num = 5 (custom)
2019-11-13 20:17:28,895 [pool-199-thread-1] WARN  impl.MetricRegistriesImpl (MetricRegistriesImpl.java:lambda$create$1(61)) - First MetricRegistry has been created without registering reporters. You may need to call MetricRegistries.global().addReportRegistration(...) before.
2019-11-13 20:17:28,895 [pool-179-thread-1] INFO  server.RaftServerConfigKeys (ConfUtils.java:logGet(43)) - raft.server.retrycache.expirytime = 600000ms (custom)
2019-11-13 20:17:28,895 [pool-199-thread-1] INFO  impl.RaftServerImpl (RaftServerImpl.java:start(184)) - 2aeadab0-ec41-4180-985e-a800f9da6a6d@group-009811E6B591: start as a follower, conf=-1: [2aeadab0-ec41-4180-985e-a800f9da6a6d:192.168.164.208:42973, 023d4525-aae9-49d4-923e-7124a55e5ae2:192.168.164.208:41869, c49df7ba-d7d7-4ac8-a142-ddaef65aa83a:192.168.164.208:36049], old=null
2019-11-13 20:17:28,895 [pool-179-thread-1] WARN  impl.MetricRegistriesImpl (MetricRegistriesImpl.java:lambda$create$1(61)) - First MetricRegistry has been created without registering reporters. You may need to call MetricRegistries.global().addReportRegistration(...) before.
2019-11-13 20:17:28,895 [pool-199-thread-1] INFO  impl.RaftServerImpl (RaftServerImpl.java:setRole(173)) - 2aeadab0-ec41-4180-985e-a800f9da6a6d@group-009811E6B591: changes role from      null to FOLLOWER at term 0 for startAsFollower
2019-11-13 20:17:28,895 [pool-179-thread-1] WARN  impl.MetricRegistriesImpl (MetricRegistriesImpl.java:lambda$create$1(61)) - First MetricRegistry has been created without registering reporters. You may need to call MetricRegistries.global().addReportRegistration(...) before.
2019-11-13 20:17:28,896 [pool-199-thread-1] INFO  impl.RoleInfo (RoleInfo.java:updateAndGet(143)) - 2aeadab0-ec41-4180-985e-a800f9da6a6d: start FollowerState
2019-11-13 20:17:28,896 [pool-179-thread-1] INFO  impl.RaftServerImpl (RaftServerImpl.java:start(184)) - 023d4525-aae9-49d4-923e-7124a55e5ae2@group-009811E6B591: start as a follower, conf=-1: [2aeadab0-ec41-4180-985e-a800f9da6a6d:192.168.164.208:42973, 023d4525-aae9-49d4-923e-7124a55e5ae2:192.168.164.208:41869, c49df7ba-d7d7-4ac8-a142-ddaef65aa83a:192.168.164.208:36049], old=null
2019-11-13 20:17:28,896 [pool-179-thread-1] INFO  impl.RaftServerImpl (RaftServerImpl.java:setRole(173)) - 023d4525-aae9-49d4-923e-7124a55e5ae2@group-009811E6B591: changes role from      null to FOLLOWER at term 0 for startAsFollower
2019-11-13 20:17:28,896 [pool-179-thread-1] INFO  impl.RoleInfo (RoleInfo.java:updateAndGet(143)) - 023d4525-aae9-49d4-923e-7124a55e5ae2: start FollowerState
2019-11-13 20:17:28,896 [pool-199-thread-1] INFO  util.JmxRegister (JmxRegister.java:tryRegister(44)) - Successfully registered JMX Bean with object name Ratis:service=RaftServer,group=group-009811E6B591,id=2aeadab0-ec41-4180-985e-a800f9da6a6d
2019-11-13 20:17:28,896 [pool-199-thread-1] WARN  impl.MetricRegistriesImpl (MetricRegistriesImpl.java:lambda$create$1(61)) - First MetricRegistry has been created without registering reporters. You may need to call MetricRegistries.global().addReportRegistration(...) before.
2019-11-13 20:17:28,896 [pool-179-thread-1] INFO  util.JmxRegister (JmxRegister.java:tryRegister(44)) - Successfully registered JMX Bean with object name Ratis:service=RaftServer,group=group-009811E6B591,id=023d4525-aae9-49d4-923e-7124a55e5ae2
2019-11-13 20:17:28,897 [pool-179-thread-1] WARN  impl.MetricRegistriesImpl (MetricRegistriesImpl.java:lambda$create$1(61)) - First MetricRegistry has been created without registering reporters. You may need to call MetricRegistries.global().addReportRegistration(...) before.
2019-11-13 20:17:28,899 [RatisPipelineUtilsThread] INFO  pipeline.PipelineStateManager (PipelineStateManager.java:addPipeline(55)) - Created pipeline Pipeline[ Id: 5baf3982-3a5b-41f0-aa3c-009811e6b591, Nodes: 2aeadab0-ec41-4180-985e-a800f9da6a6d{ip: 192.168.164.208, host: pr-hdds-2375-t422d-1049308724, networkLocation: /rack1, certSerialId: null}023d4525-aae9-49d4-923e-7124a55e5ae2{ip: 192.168.164.208, host: pr-hdds-2375-t422d-1049308724, networkLocation: /rack1, certSerialId: null}c49df7ba-d7d7-4ac8-a142-ddaef65aa83a{ip: 192.168.164.208, host: pr-hdds-2375-t422d-1049308724, networkLocation: /rack1, certSerialId: null}, Type:RATIS, Factor:THREE, State:ALLOCATED]
2019-11-13 20:17:28,900 [Thread-1283] INFO  pipeline.PipelineStateManager (PipelineStateManager.java:finalizePipeline(121)) - Pipeline Pipeline[ Id: c40c902d-531e-44d8-a705-b0d7eb97fb91, Nodes: 836dac64-dd9f-4309-a076-e086947645e1{ip: 192.168.164.208, host: pr-hdds-2375-t422d-1049308724, networkLocation: /rack1, certSerialId: null}, Type:RATIS, Factor:ONE, State:CLOSED] moved to CLOSED state
2019-11-13 20:17:28,904 [grpc-default-executor-2] INFO  impl.RaftServerProxy (RaftServerProxy.java:remove(95)) - 836dac64-dd9f-4309-a076-e086947645e1: remove    LEADER 836dac64-dd9f-4309-a076-e086947645e1@group-B0D7EB97FB91:t1, leader=836dac64-dd9f-4309-a076-e086947645e1, voted=836dac64-dd9f-4309-a076-e086947645e1, raftlog=836dac64-dd9f-4309-a076-e086947645e1@group-B0D7EB97FB91-SegmentedRaftLog:OPENED:c0,f0,i0, conf=0: [836dac64-dd9f-4309-a076-e086947645e1:192.168.164.208:40723], old=null RUNNING
2019-11-13 20:17:28,904 [grpc-default-executor-2] INFO  impl.RaftServerImpl (RaftServerImpl.java:lambda$shutdown$3(250)) - 836dac64-dd9f-4309-a076-e086947645e1@group-B0D7EB97FB91: shutdown
2019-11-13 20:17:28,904 [grpc-default-executor-2] INFO  util.JmxRegister (JmxRegister.java:unregister(73)) - Successfully un-registered JMX Bean with object name Ratis:service=RaftServer,group=group-B0D7EB97FB91,id=836dac64-dd9f-4309-a076-e086947645e1
2019-11-13 20:17:28,904 [grpc-default-executor-2] INFO  impl.RoleInfo (RoleInfo.java:shutdownLeaderState(104)) - 836dac64-dd9f-4309-a076-e086947645e1: shutdown LeaderState
2019-11-13 20:17:28,904 [grpc-default-executor-2] INFO  impl.PendingRequests (PendingRequests.java:sendNotLeaderResponses(206)) - 836dac64-dd9f-4309-a076-e086947645e1@group-B0D7EB97FB91-PendingRequests: sendNotLeaderResponses
2019-11-13 20:17:28,905 [grpc-default-executor-2] INFO  impl.StateMachineUpdater (StateMachineUpdater.java:stopAndJoin(136)) - 836dac64-dd9f-4309-a076-e086947645e1@group-B0D7EB97FB91-StateMachineUpdater: set stopIndex = 0
2019-11-13 20:17:28,905 [grpc-default-executor-2] INFO  impl.RaftServerImpl (ServerState.java:close(387)) - 836dac64-dd9f-4309-a076-e086947645e1@group-B0D7EB97FB91: closes. applyIndex: 0
2019-11-13 20:17:28,905 [836dac64-dd9f-4309-a076-e086947645e1@group-B0D7EB97FB91-SegmentedRaftLogWorker] INFO  segmented.SegmentedRaftLogWorker (SegmentedRaftLogWorker.java:run(316)) - 836dac64-dd9f-4309-a076-e086947645e1@group-B0D7EB97FB91-SegmentedRaftLogWorker was interrupted, exiting. There are 0 tasks remaining in the queue.
2019-11-13 20:17:28,905 [grpc-default-executor-2] INFO  segmented.SegmentedRaftLogWorker (SegmentedRaftLogWorker.java:close(224)) - 836dac64-dd9f-4309-a076-e086947645e1@group-B0D7EB97FB91-SegmentedRaftLogWorker close()
2019-11-13 20:17:28,911 [Thread-1283] INFO  pipeline.PipelineStateManager (PipelineStateManager.java:removePipeline(106)) - Pipeline Pipeline[ Id: c40c902d-531e-44d8-a705-b0d7eb97fb91, Nodes: 836dac64-dd9f-4309-a076-e086947645e1{ip: 192.168.164.208, host: pr-hdds-2375-t422d-1049308724, networkLocation: /rack1, certSerialId: null}, Type:RATIS, Factor:ONE, State:CLOSED] removed from db
2019-11-13 20:17:28,911 [Thread-1283] INFO  pipeline.SCMPipelineManager (SCMPipelineManager.java:finalizeAndDestroyPipeline(315)) - destroying pipeline:Pipeline[ Id: 50e5c265-8b34-4888-9e96-ae3eb04d16af, Nodes: fbe234eb-236c-4e93-9bcf-aa21ab9b5fff{ip: 192.168.164.208, host: pr-hdds-2375-t422d-1049308724, networkLocation: /rack1, certSerialId: null}, Type:RATIS, Factor:ONE, State:OPEN]
2019-11-13 20:17:28,914 [grpc-default-executor-2] INFO  impl.RaftServerProxy (RaftServerProxy.java:addNew(89)) - 836dac64-dd9f-4309-a076-e086947645e1: addNew group-55C5DF776D5C:[836dac64-dd9f-4309-a076-e086947645e1:192.168.164.208:40723] returns group-55C5DF776D5C:java.util.concurrent.CompletableFuture@56b94324[Not completed]
2019-11-13 20:17:28,916 [pool-159-thread-1] INFO  impl.RaftServerImpl (RaftServerImpl.java:<init>(98)) - 836dac64-dd9f-4309-a076-e086947645e1: new RaftServerImpl for group-55C5DF776D5C:[836dac64-dd9f-4309-a076-e086947645e1:192.168.164.208:40723] with ContainerStateMachine:uninitialized
2019-11-13 20:17:28,916 [pool-159-thread-1] INFO  server.RaftServerConfigKeys (ConfUtils.java:logGet(43)) - raft.server.rpc.timeout.min = 1s (custom)
2019-11-13 20:17:28,916 [pool-159-thread-1] INFO  server.RaftServerConfigKeys (ConfUtils.java:logGet(43)) - raft.server.rpc.timeout.max = 1200ms (custom)
2019-11-13 20:17:28,917 [pool-159-thread-1] INFO  server.RaftServerConfigKeys (ConfUtils.java:logGet(43)) - raft.server.rpcslowness.timeout = 120s (custom)
2019-11-13 20:17:28,917 [pool-159-thread-1] INFO  server.RaftServerConfigKeys (ConfUtils.java:logGet(43)) - raft.server.sleep.deviation.threshold = 300 (default)
2019-11-13 20:17:28,917 [pool-159-thread-1] INFO  server.RaftServerConfigKeys (ConfUtils.java:logGet(43)) - raft.server.log.appender.install.snapshot.enabled = false (custom)
2019-11-13 20:17:28,917 [pool-159-thread-1] INFO  impl.RaftServerImpl (ServerState.java:<init>(103)) - 836dac64-dd9f-4309-a076-e086947645e1@group-55C5DF776D5C: ConfigurationManager, init=-1: [836dac64-dd9f-4309-a076-e086947645e1:192.168.164.208:40723], old=null, confs=<EMPTY_MAP>
2019-11-13 20:17:28,917 [pool-159-thread-1] INFO  server.RaftServerConfigKeys (ConfUtils.java:logGet(43)) - raft.server.storage.dir = [/workdir/hadoop-ozone/integration-test/target/test-dir/MiniOzoneClusterImpl-e03c2511-109e-4d60-a68c-0151beb67872/datanode-1/data/ratis] (custom)
2019-11-13 20:17:28,917 [pool-159-thread-1] INFO  server.RaftServerConfigKeys (ConfUtils.java:logGet(43)) - raft.server.log.corruption.policy = EXCEPTION (default)
2019-11-13 20:17:28,917 [pool-159-thread-1] INFO  storage.RaftStorageDirectory (RaftStorageDirectory.java:analyzeStorage(246)) - The storage directory /workdir/hadoop-ozone/integration-test/target/test-dir/MiniOzoneClusterImpl-e03c2511-109e-4d60-a68c-0151beb67872/datanode-1/data/ratis/2e7ef915-4d14-44a7-a471-55c5df776d5c does not exist. Creating ...
2019-11-13 20:17:28,930 [pool-159-thread-1] INFO  storage.RaftStorageDirectory (RaftStorageDirectory.java:tryLock(328)) - Lock on /workdir/hadoop-ozone/integration-test/target/test-dir/MiniOzoneClusterImpl-e03c2511-109e-4d60-a68c-0151beb67872/datanode-1/data/ratis/2e7ef915-4d14-44a7-a471-55c5df776d5c/in_use.lock acquired by nodename 4344@pr-hdds-2375-t422d-1049308724
2019-11-13 20:17:28,943 [pool-159-thread-1] INFO  storage.RaftStorage (RaftStorage.java:format(84)) - Storage directory /workdir/hadoop-ozone/integration-test/target/test-dir/MiniOzoneClusterImpl-e03c2511-109e-4d60-a68c-0151beb67872/datanode-1/data/ratis/2e7ef915-4d14-44a7-a471-55c5df776d5c has been successfully formatted.
2019-11-13 20:17:28,943 [pool-159-thread-1] INFO  ratis.ContainerStateMachine (ContainerStateMachine.java:loadSnapshot(223)) - group-55C5DF776D5C: The snapshot info is null. Setting the last applied indexto:(t:0, i:~)
2019-11-13 20:17:28,944 [pool-159-thread-1] INFO  server.RaftServerConfigKeys (ConfUtils.java:logGet(43)) - raft.server.notification.no-leader.timeout = 120s (custom)
2019-11-13 20:17:28,944 [pool-159-thread-1] INFO  server.RaftServerConfigKeys (ConfUtils.java:logGet(43)) - raft.server.log.use.memory = false (default)
2019-11-13 20:17:28,944 [pool-159-thread-1] INFO  server.RaftServerConfigKeys (ConfUtils.java:logGet(43)) - raft.server.log.purge.gap = 1000000 (custom)
2019-11-13 20:17:28,944 [pool-159-thread-1] INFO  server.RaftServerConfigKeys (ConfUtils.java:logGet(43)) - raft.server.log.appender.buffer.byte-limit = 33554432 (custom)
2019-11-13 20:17:28,944 [pool-159-thread-1] INFO  server.RaftServerConfigKeys (ConfUtils.java:logGet(43)) - raft.server.log.segment.size.max = 1048576 (custom)
2019-11-13 20:17:28,944 [pool-159-thread-1] INFO  server.RaftServerConfigKeys (ConfUtils.java:logGet(43)) - raft.server.log.segment.cache.num.max = 2 (custom)
2019-11-13 20:17:28,944 [pool-159-thread-1] INFO  segmented.SegmentedRaftLogWorker (SegmentedRaftLogWorker.java:<init>(173)) - new 836dac64-dd9f-4309-a076-e086947645e1@group-55C5DF776D5C-SegmentedRaftLogWorker for RaftStorage:Storage Directory /workdir/hadoop-ozone/integration-test/target/test-dir/MiniOzoneClusterImpl-e03c2511-109e-4d60-a68c-0151beb67872/datanode-1/data/ratis/2e7ef915-4d14-44a7-a471-55c5df776d5c
2019-11-13 20:17:28,944 [pool-159-thread-1] INFO  server.RaftServerConfigKeys (ConfUtils.java:logGet(43)) - raft.server.log.queue.byte-limit = 2147483647 (custom)
2019-11-13 20:17:28,944 [pool-159-thread-1] INFO  server.RaftServerConfigKeys (ConfUtils.java:logGet(43)) - raft.server.log.queue.element-limit = 1024 (custom)
2019-11-13 20:17:28,945 [pool-159-thread-1] INFO  server.RaftServerConfigKeys (ConfUtils.java:logGet(43)) - raft.server.log.segment.size.max = 1048576 (custom)
2019-11-13 20:17:28,945 [pool-159-thread-1] INFO  server.RaftServerConfigKeys (ConfUtils.java:logGet(43)) - raft.server.log.preallocated.size = 16384 (custom)
2019-11-13 20:17:28,945 [pool-159-thread-1] INFO  server.RaftServerConfigKeys (ConfUtils.java:logGet(43)) - raft.server.log.write.buffer.size = 33554432 (custom)
2019-11-13 20:17:28,945 [pool-159-thread-1] INFO  server.RaftServerConfigKeys (ConfUtils.java:logGet(43)) - raft.server.log.force.sync.num = 128 (default)
2019-11-13 20:17:28,945 [pool-159-thread-1] INFO  server.RaftServerConfigKeys (ConfUtils.java:logGet(43)) - raft.server.log.statemachine.data.sync = true (default)
2019-11-13 20:17:28,945 [pool-159-thread-1] INFO  server.RaftServerConfigKeys (ConfUtils.java:logGet(43)) - raft.server.log.statemachine.data.sync.timeout = 10s (default)
2019-11-13 20:17:28,945 [pool-159-thread-1] INFO  server.RaftServerConfigKeys (ConfUtils.java:logGet(43)) - raft.server.log.statemachine.data.sync.timeout.retry = -1 (default)
2019-11-13 20:17:28,945 [pool-159-thread-1] INFO  server.RaftServerConfigKeys (ConfUtils.java:logGet(43)) - raft.server.log.statemachine.data.caching.enabled = true (custom)
2019-11-13 20:17:28,945 [pool-159-thread-1] INFO  segmented.SegmentedRaftLogWorker (SegmentedRaftLogWorker.java:lambda$new$0(128)) - 836dac64-dd9f-4309-a076-e086947645e1@group-55C5DF776D5C-SegmentedRaftLogWorker: flushIndex: setUnconditionally 0 -> -1
2019-11-13 20:17:28,946 [pool-159-thread-1] INFO  server.RaftServerConfigKeys (ConfUtils.java:logGet(43)) - raft.server.snapshot.auto.trigger.enabled = true (custom)
2019-11-13 20:17:28,946 [pool-159-thread-1] INFO  server.RaftServerConfigKeys (ConfUtils.java:logGet(43)) - raft.server.snapshot.auto.trigger.threshold = 10000 (custom)
2019-11-13 20:17:28,946 [pool-159-thread-1] INFO  server.RaftServerConfigKeys (ConfUtils.java:logGet(43)) - raft.server.snapshot.retention.file.num = 5 (custom)
2019-11-13 20:17:28,946 [pool-159-thread-1] INFO  server.RaftServerConfigKeys (ConfUtils.java:logGet(43)) - raft.server.retrycache.expirytime = 600000ms (custom)
2019-11-13 20:17:28,946 [pool-159-thread-1] WARN  impl.MetricRegistriesImpl (MetricRegistriesImpl.java:lambda$create$1(61)) - First MetricRegistry has been created without registering reporters. You may need to call MetricRegistries.global().addReportRegistration(...) before.
2019-11-13 20:17:28,946 [pool-159-thread-1] WARN  impl.MetricRegistriesImpl (MetricRegistriesImpl.java:lambda$create$1(61)) - First MetricRegistry has been created without registering reporters. You may need to call MetricRegistries.global().addReportRegistration(...) before.
2019-11-13 20:17:28,946 [pool-159-thread-1] INFO  impl.RaftServerImpl (RaftServerImpl.java:start(184)) - 836dac64-dd9f-4309-a076-e086947645e1@group-55C5DF776D5C: start as a follower, conf=-1: [836dac64-dd9f-4309-a076-e086947645e1:192.168.164.208:40723], old=null
2019-11-13 20:17:28,947 [pool-159-thread-1] INFO  impl.RaftServerImpl (RaftServerImpl.java:setRole(173)) - 836dac64-dd9f-4309-a076-e086947645e1@group-55C5DF776D5C: changes role from      null to FOLLOWER at term 0 for startAsFollower
2019-11-13 20:17:28,947 [pool-159-thread-1] INFO  impl.RoleInfo (RoleInfo.java:updateAndGet(143)) - 836dac64-dd9f-4309-a076-e086947645e1: start FollowerState
2019-11-13 20:17:28,947 [pool-159-thread-1] INFO  util.JmxRegister (JmxRegister.java:tryRegister(44)) - Successfully registered JMX Bean with object name Ratis:service=RaftServer,group=group-55C5DF776D5C,id=836dac64-dd9f-4309-a076-e086947645e1
2019-11-13 20:17:28,947 [pool-159-thread-1] WARN  impl.MetricRegistriesImpl (MetricRegistriesImpl.java:lambda$create$1(61)) - First MetricRegistry has been created without registering reporters. You may need to call MetricRegistries.global().addReportRegistration(...) before.
2019-11-13 20:17:28,950 [RatisPipelineUtilsThread] INFO  pipeline.PipelineStateManager (PipelineStateManager.java:addPipeline(55)) - Created pipeline Pipeline[ Id: 2e7ef915-4d14-44a7-a471-55c5df776d5c, Nodes: 836dac64-dd9f-4309-a076-e086947645e1{ip: 192.168.164.208, host: pr-hdds-2375-t422d-1049308724, networkLocation: /rack1, certSerialId: null}, Type:RATIS, Factor:ONE, State:ALLOCATED]
2019-11-13 20:17:28,951 [Thread-1283] INFO  pipeline.PipelineStateManager (PipelineStateManager.java:finalizePipeline(121)) - Pipeline Pipeline[ Id: 50e5c265-8b34-4888-9e96-ae3eb04d16af, Nodes: fbe234eb-236c-4e93-9bcf-aa21ab9b5fff{ip: 192.168.164.208, host: pr-hdds-2375-t422d-1049308724, networkLocation: /rack1, certSerialId: null}, Type:RATIS, Factor:ONE, State:CLOSED] moved to CLOSED state
2019-11-13 20:17:28,954 [grpc-default-executor-2] INFO  impl.RaftServerProxy (RaftServerProxy.java:remove(95)) - fbe234eb-236c-4e93-9bcf-aa21ab9b5fff: remove    LEADER fbe234eb-236c-4e93-9bcf-aa21ab9b5fff@group-AE3EB04D16AF:t1, leader=fbe234eb-236c-4e93-9bcf-aa21ab9b5fff, voted=fbe234eb-236c-4e93-9bcf-aa21ab9b5fff, raftlog=fbe234eb-236c-4e93-9bcf-aa21ab9b5fff@group-AE3EB04D16AF-SegmentedRaftLog:OPENED:c0,f0,i0, conf=0: [fbe234eb-236c-4e93-9bcf-aa21ab9b5fff:192.168.164.208:41921], old=null RUNNING
2019-11-13 20:17:28,955 [grpc-default-executor-2] INFO  impl.RaftServerImpl (RaftServerImpl.java:lambda$shutdown$3(250)) - fbe234eb-236c-4e93-9bcf-aa21ab9b5fff@group-AE3EB04D16AF: shutdown
2019-11-13 20:17:28,955 [grpc-default-executor-2] INFO  util.JmxRegister (JmxRegister.java:unregister(73)) - Successfully un-registered JMX Bean with object name Ratis:service=RaftServer,group=group-AE3EB04D16AF,id=fbe234eb-236c-4e93-9bcf-aa21ab9b5fff
2019-11-13 20:17:28,955 [grpc-default-executor-2] INFO  impl.RoleInfo (RoleInfo.java:shutdownLeaderState(104)) - fbe234eb-236c-4e93-9bcf-aa21ab9b5fff: shutdown LeaderState
2019-11-13 20:17:28,955 [grpc-default-executor-2] INFO  impl.PendingRequests (PendingRequests.java:sendNotLeaderResponses(206)) - fbe234eb-236c-4e93-9bcf-aa21ab9b5fff@group-AE3EB04D16AF-PendingRequests: sendNotLeaderResponses
2019-11-13 20:17:28,955 [grpc-default-executor-2] INFO  impl.StateMachineUpdater (StateMachineUpdater.java:stopAndJoin(136)) - fbe234eb-236c-4e93-9bcf-aa21ab9b5fff@group-AE3EB04D16AF-StateMachineUpdater: set stopIndex = 0
2019-11-13 20:17:28,955 [grpc-default-executor-2] INFO  impl.RaftServerImpl (ServerState.java:close(387)) - fbe234eb-236c-4e93-9bcf-aa21ab9b5fff@group-AE3EB04D16AF: closes. applyIndex: 0
2019-11-13 20:17:28,956 [fbe234eb-236c-4e93-9bcf-aa21ab9b5fff@group-AE3EB04D16AF-SegmentedRaftLogWorker] INFO  segmented.SegmentedRaftLogWorker (SegmentedRaftLogWorker.java:run(316)) - fbe234eb-236c-4e93-9bcf-aa21ab9b5fff@group-AE3EB04D16AF-SegmentedRaftLogWorker was interrupted, exiting. There are 0 tasks remaining in the queue.
2019-11-13 20:17:28,956 [grpc-default-executor-2] INFO  segmented.SegmentedRaftLogWorker (SegmentedRaftLogWorker.java:close(224)) - fbe234eb-236c-4e93-9bcf-aa21ab9b5fff@group-AE3EB04D16AF-SegmentedRaftLogWorker close()
2019-11-13 20:17:28,961 [Thread-1283] INFO  pipeline.PipelineStateManager (PipelineStateManager.java:removePipeline(106)) - Pipeline Pipeline[ Id: 50e5c265-8b34-4888-9e96-ae3eb04d16af, Nodes: fbe234eb-236c-4e93-9bcf-aa21ab9b5fff{ip: 192.168.164.208, host: pr-hdds-2375-t422d-1049308724, networkLocation: /rack1, certSerialId: null}, Type:RATIS, Factor:ONE, State:CLOSED] removed from db
2019-11-13 20:17:28,962 [Thread-1283] INFO  pipeline.SCMPipelineManager (SCMPipelineManager.java:finalizeAndDestroyPipeline(315)) - destroying pipeline:Pipeline[ Id: 5b1de1b3-5902-4a5e-a829-ea2e2195eaf7, Nodes: 023d4525-aae9-49d4-923e-7124a55e5ae2{ip: 192.168.164.208, host: pr-hdds-2375-t422d-1049308724, networkLocation: /rack1, certSerialId: null}, Type:RATIS, Factor:ONE, State:OPEN]
2019-11-13 20:17:28,973 [grpc-default-executor-2] INFO  impl.RaftServerProxy (RaftServerProxy.java:addNew(89)) - fbe234eb-236c-4e93-9bcf-aa21ab9b5fff: addNew group-7F08432BA206:[fbe234eb-236c-4e93-9bcf-aa21ab9b5fff:192.168.164.208:41921] returns group-7F08432BA206:java.util.concurrent.CompletableFuture@4d3a833e[Not completed]
2019-11-13 20:17:28,975 [pool-239-thread-1] INFO  impl.RaftServerImpl (RaftServerImpl.java:<init>(98)) - fbe234eb-236c-4e93-9bcf-aa21ab9b5fff: new RaftServerImpl for group-7F08432BA206:[fbe234eb-236c-4e93-9bcf-aa21ab9b5fff:192.168.164.208:41921] with ContainerStateMachine:uninitialized
2019-11-13 20:17:28,975 [pool-239-thread-1] INFO  server.RaftServerConfigKeys (ConfUtils.java:logGet(43)) - raft.server.rpc.timeout.min = 1s (custom)
2019-11-13 20:17:28,975 [pool-239-thread-1] INFO  server.RaftServerConfigKeys (ConfUtils.java:logGet(43)) - raft.server.rpc.timeout.max = 1200ms (custom)
2019-11-13 20:17:28,975 [pool-239-thread-1] INFO  server.RaftServerConfigKeys (ConfUtils.java:logGet(43)) - raft.server.rpcslowness.timeout = 120s (custom)
2019-11-13 20:17:28,975 [pool-239-thread-1] INFO  server.RaftServerConfigKeys (ConfUtils.java:logGet(43)) - raft.server.sleep.deviation.threshold = 300 (default)
2019-11-13 20:17:28,975 [pool-239-thread-1] INFO  server.RaftServerConfigKeys (ConfUtils.java:logGet(43)) - raft.server.log.appender.install.snapshot.enabled = false (custom)
2019-11-13 20:17:28,975 [pool-239-thread-1] INFO  impl.RaftServerImpl (ServerState.java:<init>(103)) - fbe234eb-236c-4e93-9bcf-aa21ab9b5fff@group-7F08432BA206: ConfigurationManager, init=-1: [fbe234eb-236c-4e93-9bcf-aa21ab9b5fff:192.168.164.208:41921], old=null, confs=<EMPTY_MAP>
2019-11-13 20:17:28,975 [pool-239-thread-1] INFO  server.RaftServerConfigKeys (ConfUtils.java:logGet(43)) - raft.server.storage.dir = [/workdir/hadoop-ozone/integration-test/target/test-dir/MiniOzoneClusterImpl-e03c2511-109e-4d60-a68c-0151beb67872/datanode-9/data/ratis] (custom)
2019-11-13 20:17:28,976 [pool-239-thread-1] INFO  server.RaftServerConfigKeys (ConfUtils.java:logGet(43)) - raft.server.log.corruption.policy = EXCEPTION (default)
2019-11-13 20:17:28,976 [pool-239-thread-1] INFO  storage.RaftStorageDirectory (RaftStorageDirectory.java:analyzeStorage(246)) - The storage directory /workdir/hadoop-ozone/integration-test/target/test-dir/MiniOzoneClusterImpl-e03c2511-109e-4d60-a68c-0151beb67872/datanode-9/data/ratis/f366de21-7fb1-4686-8a63-7f08432ba206 does not exist. Creating ...
2019-11-13 20:17:29,001 [pool-239-thread-1] INFO  storage.RaftStorageDirectory (RaftStorageDirectory.java:tryLock(328)) - Lock on /workdir/hadoop-ozone/integration-test/target/test-dir/MiniOzoneClusterImpl-e03c2511-109e-4d60-a68c-0151beb67872/datanode-9/data/ratis/f366de21-7fb1-4686-8a63-7f08432ba206/in_use.lock acquired by nodename 4344@pr-hdds-2375-t422d-1049308724
2019-11-13 20:17:29,014 [pool-239-thread-1] INFO  storage.RaftStorage (RaftStorage.java:format(84)) - Storage directory /workdir/hadoop-ozone/integration-test/target/test-dir/MiniOzoneClusterImpl-e03c2511-109e-4d60-a68c-0151beb67872/datanode-9/data/ratis/f366de21-7fb1-4686-8a63-7f08432ba206 has been successfully formatted.
2019-11-13 20:17:29,014 [pool-239-thread-1] INFO  ratis.ContainerStateMachine (ContainerStateMachine.java:loadSnapshot(223)) - group-7F08432BA206: The snapshot info is null. Setting the last applied indexto:(t:0, i:~)
2019-11-13 20:17:29,015 [pool-239-thread-1] INFO  server.RaftServerConfigKeys (ConfUtils.java:logGet(43)) - raft.server.notification.no-leader.timeout = 120s (custom)
2019-11-13 20:17:29,015 [pool-239-thread-1] INFO  server.RaftServerConfigKeys (ConfUtils.java:logGet(43)) - raft.server.log.use.memory = false (default)
2019-11-13 20:17:29,015 [pool-239-thread-1] INFO  server.RaftServerConfigKeys (ConfUtils.java:logGet(43)) - raft.server.log.purge.gap = 1000000 (custom)
2019-11-13 20:17:29,015 [pool-239-thread-1] INFO  server.RaftServerConfigKeys (ConfUtils.java:logGet(43)) - raft.server.log.appender.buffer.byte-limit = 33554432 (custom)
2019-11-13 20:17:29,015 [pool-239-thread-1] INFO  server.RaftServerConfigKeys (ConfUtils.java:logGet(43)) - raft.server.log.segment.size.max = 1048576 (custom)
2019-11-13 20:17:29,015 [pool-239-thread-1] INFO  server.RaftServerConfigKeys (ConfUtils.java:logGet(43)) - raft.server.log.segment.cache.num.max = 2 (custom)
2019-11-13 20:17:29,015 [pool-239-thread-1] INFO  segmented.SegmentedRaftLogWorker (SegmentedRaftLogWorker.java:<init>(173)) - new fbe234eb-236c-4e93-9bcf-aa21ab9b5fff@group-7F08432BA206-SegmentedRaftLogWorker for RaftStorage:Storage Directory /workdir/hadoop-ozone/integration-test/target/test-dir/MiniOzoneClusterImpl-e03c2511-109e-4d60-a68c-0151beb67872/datanode-9/data/ratis/f366de21-7fb1-4686-8a63-7f08432ba206
2019-11-13 20:17:29,015 [pool-239-thread-1] INFO  server.RaftServerConfigKeys (ConfUtils.java:logGet(43)) - raft.server.log.queue.byte-limit = 2147483647 (custom)
2019-11-13 20:17:29,016 [pool-239-thread-1] INFO  server.RaftServerConfigKeys (ConfUtils.java:logGet(43)) - raft.server.log.queue.element-limit = 1024 (custom)
2019-11-13 20:17:29,016 [pool-239-thread-1] INFO  server.RaftServerConfigKeys (ConfUtils.java:logGet(43)) - raft.server.log.segment.size.max = 1048576 (custom)
2019-11-13 20:17:29,016 [pool-239-thread-1] INFO  server.RaftServerConfigKeys (ConfUtils.java:logGet(43)) - raft.server.log.preallocated.size = 16384 (custom)
2019-11-13 20:17:29,016 [pool-239-thread-1] INFO  server.RaftServerConfigKeys (ConfUtils.java:logGet(43)) - raft.server.log.write.buffer.size = 33554432 (custom)
2019-11-13 20:17:29,016 [pool-239-thread-1] INFO  server.RaftServerConfigKeys (ConfUtils.java:logGet(43)) - raft.server.log.force.sync.num = 128 (default)
2019-11-13 20:17:29,016 [pool-239-thread-1] INFO  server.RaftServerConfigKeys (ConfUtils.java:logGet(43)) - raft.server.log.statemachine.data.sync = true (default)
2019-11-13 20:17:29,016 [pool-239-thread-1] INFO  server.RaftServerConfigKeys (ConfUtils.java:logGet(43)) - raft.server.log.statemachine.data.sync.timeout = 10s (default)
2019-11-13 20:17:29,016 [pool-239-thread-1] INFO  server.RaftServerConfigKeys (ConfUtils.java:logGet(43)) - raft.server.log.statemachine.data.sync.timeout.retry = -1 (default)
2019-11-13 20:17:29,017 [pool-239-thread-1] INFO  server.RaftServerConfigKeys (ConfUtils.java:logGet(43)) - raft.server.log.statemachine.data.caching.enabled = true (custom)
2019-11-13 20:17:29,017 [pool-239-thread-1] INFO  segmented.SegmentedRaftLogWorker (SegmentedRaftLogWorker.java:lambda$new$0(128)) - fbe234eb-236c-4e93-9bcf-aa21ab9b5fff@group-7F08432BA206-SegmentedRaftLogWorker: flushIndex: setUnconditionally 0 -> -1
2019-11-13 20:17:29,017 [pool-239-thread-1] INFO  server.RaftServerConfigKeys (ConfUtils.java:logGet(43)) - raft.server.snapshot.auto.trigger.enabled = true (custom)
2019-11-13 20:17:29,017 [pool-239-thread-1] INFO  server.RaftServerConfigKeys (ConfUtils.java:logGet(43)) - raft.server.snapshot.auto.trigger.threshold = 10000 (custom)
2019-11-13 20:17:29,017 [pool-239-thread-1] INFO  server.RaftServerConfigKeys (ConfUtils.java:logGet(43)) - raft.server.snapshot.retention.file.num = 5 (custom)
2019-11-13 20:17:29,018 [pool-239-thread-1] INFO  server.RaftServerConfigKeys (ConfUtils.java:logGet(43)) - raft.server.retrycache.expirytime = 600000ms (custom)
2019-11-13 20:17:29,018 [pool-239-thread-1] WARN  impl.MetricRegistriesImpl (MetricRegistriesImpl.java:lambda$create$1(61)) - First MetricRegistry has been created without registering reporters. You may need to call MetricRegistries.global().addReportRegistration(...) before.
2019-11-13 20:17:29,018 [pool-239-thread-1] WARN  impl.MetricRegistriesImpl (MetricRegistriesImpl.java:lambda$create$1(61)) - First MetricRegistry has been created without registering reporters. You may need to call MetricRegistries.global().addReportRegistration(...) before.
2019-11-13 20:17:29,018 [pool-239-thread-1] INFO  impl.RaftServerImpl (RaftServerImpl.java:start(184)) - fbe234eb-236c-4e93-9bcf-aa21ab9b5fff@group-7F08432BA206: start as a follower, conf=-1: [fbe234eb-236c-4e93-9bcf-aa21ab9b5fff:192.168.164.208:41921], old=null
2019-11-13 20:17:29,018 [pool-239-thread-1] INFO  impl.RaftServerImpl (RaftServerImpl.java:setRole(173)) - fbe234eb-236c-4e93-9bcf-aa21ab9b5fff@group-7F08432BA206: changes role from      null to FOLLOWER at term 0 for startAsFollower
2019-11-13 20:17:29,018 [pool-239-thread-1] INFO  impl.RoleInfo (RoleInfo.java:updateAndGet(143)) - fbe234eb-236c-4e93-9bcf-aa21ab9b5fff: start FollowerState
2019-11-13 20:17:29,019 [pool-239-thread-1] INFO  util.JmxRegister (JmxRegister.java:tryRegister(44)) - Successfully registered JMX Bean with object name Ratis:service=RaftServer,group=group-7F08432BA206,id=fbe234eb-236c-4e93-9bcf-aa21ab9b5fff
2019-11-13 20:17:29,019 [pool-239-thread-1] WARN  impl.MetricRegistriesImpl (MetricRegistriesImpl.java:lambda$create$1(61)) - First MetricRegistry has been created without registering reporters. You may need to call MetricRegistries.global().addReportRegistration(...) before.
2019-11-13 20:17:29,022 [RatisPipelineUtilsThread] INFO  pipeline.PipelineStateManager (PipelineStateManager.java:addPipeline(55)) - Created pipeline Pipeline[ Id: f366de21-7fb1-4686-8a63-7f08432ba206, Nodes: fbe234eb-236c-4e93-9bcf-aa21ab9b5fff{ip: 192.168.164.208, host: pr-hdds-2375-t422d-1049308724, networkLocation: /rack1, certSerialId: null}, Type:RATIS, Factor:ONE, State:ALLOCATED]
2019-11-13 20:17:29,023 [Thread-1283] INFO  pipeline.PipelineStateManager (PipelineStateManager.java:finalizePipeline(121)) - Pipeline Pipeline[ Id: 5b1de1b3-5902-4a5e-a829-ea2e2195eaf7, Nodes: 023d4525-aae9-49d4-923e-7124a55e5ae2{ip: 192.168.164.208, host: pr-hdds-2375-t422d-1049308724, networkLocation: /rack1, certSerialId: null}, Type:RATIS, Factor:ONE, State:CLOSED] moved to CLOSED state
2019-11-13 20:17:29,027 [grpc-default-executor-2] INFO  impl.RaftServerProxy (RaftServerProxy.java:remove(95)) - 023d4525-aae9-49d4-923e-7124a55e5ae2: remove    LEADER 023d4525-aae9-49d4-923e-7124a55e5ae2@group-EA2E2195EAF7:t1, leader=023d4525-aae9-49d4-923e-7124a55e5ae2, voted=023d4525-aae9-49d4-923e-7124a55e5ae2, raftlog=023d4525-aae9-49d4-923e-7124a55e5ae2@group-EA2E2195EAF7-SegmentedRaftLog:OPENED:c0,f0,i0, conf=0: [023d4525-aae9-49d4-923e-7124a55e5ae2:192.168.164.208:41869], old=null RUNNING
2019-11-13 20:17:29,027 [grpc-default-executor-2] INFO  impl.RaftServerImpl (RaftServerImpl.java:lambda$shutdown$3(250)) - 023d4525-aae9-49d4-923e-7124a55e5ae2@group-EA2E2195EAF7: shutdown
2019-11-13 20:17:29,028 [grpc-default-executor-2] INFO  util.JmxRegister (JmxRegister.java:unregister(73)) - Successfully un-registered JMX Bean with object name Ratis:service=RaftServer,group=group-EA2E2195EAF7,id=023d4525-aae9-49d4-923e-7124a55e5ae2
2019-11-13 20:17:29,028 [grpc-default-executor-2] INFO  impl.RoleInfo (RoleInfo.java:shutdownLeaderState(104)) - 023d4525-aae9-49d4-923e-7124a55e5ae2: shutdown LeaderState
2019-11-13 20:17:29,028 [grpc-default-executor-2] INFO  impl.PendingRequests (PendingRequests.java:sendNotLeaderResponses(206)) - 023d4525-aae9-49d4-923e-7124a55e5ae2@group-EA2E2195EAF7-PendingRequests: sendNotLeaderResponses
2019-11-13 20:17:29,028 [grpc-default-executor-2] INFO  impl.StateMachineUpdater (StateMachineUpdater.java:stopAndJoin(136)) - 023d4525-aae9-49d4-923e-7124a55e5ae2@group-EA2E2195EAF7-StateMachineUpdater: set stopIndex = 0
2019-11-13 20:17:29,028 [grpc-default-executor-2] INFO  impl.RaftServerImpl (ServerState.java:close(387)) - 023d4525-aae9-49d4-923e-7124a55e5ae2@group-EA2E2195EAF7: closes. applyIndex: 0
2019-11-13 20:17:29,029 [023d4525-aae9-49d4-923e-7124a55e5ae2@group-EA2E2195EAF7-SegmentedRaftLogWorker] INFO  segmented.SegmentedRaftLogWorker (SegmentedRaftLogWorker.java:run(316)) - 023d4525-aae9-49d4-923e-7124a55e5ae2@group-EA2E2195EAF7-SegmentedRaftLogWorker was interrupted, exiting. There are 0 tasks remaining in the queue.
2019-11-13 20:17:29,029 [grpc-default-executor-2] INFO  segmented.SegmentedRaftLogWorker (SegmentedRaftLogWorker.java:close(224)) - 023d4525-aae9-49d4-923e-7124a55e5ae2@group-EA2E2195EAF7-SegmentedRaftLogWorker close()
2019-11-13 20:17:29,034 [Thread-1283] INFO  pipeline.PipelineStateManager (PipelineStateManager.java:removePipeline(106)) - Pipeline Pipeline[ Id: 5b1de1b3-5902-4a5e-a829-ea2e2195eaf7, Nodes: 023d4525-aae9-49d4-923e-7124a55e5ae2{ip: 192.168.164.208, host: pr-hdds-2375-t422d-1049308724, networkLocation: /rack1, certSerialId: null}, Type:RATIS, Factor:ONE, State:CLOSED] removed from db
2019-11-13 20:17:29,034 [Thread-1283] INFO  pipeline.SCMPipelineManager (SCMPipelineManager.java:finalizeAndDestroyPipeline(315)) - destroying pipeline:Pipeline[ Id: 4e200406-3bca-4558-8f0e-124a164a7a20, Nodes: c49df7ba-d7d7-4ac8-a142-ddaef65aa83a{ip: 192.168.164.208, host: pr-hdds-2375-t422d-1049308724, networkLocation: /rack1, certSerialId: null}, Type:RATIS, Factor:ONE, State:OPEN]
2019-11-13 20:17:29,038 [grpc-default-executor-2] INFO  impl.RaftServerProxy (RaftServerProxy.java:addNew(89)) - 023d4525-aae9-49d4-923e-7124a55e5ae2: addNew group-1B8E8BDAFA60:[023d4525-aae9-49d4-923e-7124a55e5ae2:192.168.164.208:41869] returns group-1B8E8BDAFA60:java.util.concurrent.CompletableFuture@6990c7e8[Not completed]
2019-11-13 20:17:29,039 [pool-179-thread-1] INFO  impl.RaftServerImpl (RaftServerImpl.java:<init>(98)) - 023d4525-aae9-49d4-923e-7124a55e5ae2: new RaftServerImpl for group-1B8E8BDAFA60:[023d4525-aae9-49d4-923e-7124a55e5ae2:192.168.164.208:41869] with ContainerStateMachine:uninitialized
2019-11-13 20:17:29,039 [pool-179-thread-1] INFO  server.RaftServerConfigKeys (ConfUtils.java:logGet(43)) - raft.server.rpc.timeout.min = 1s (custom)
2019-11-13 20:17:29,040 [pool-179-thread-1] INFO  server.RaftServerConfigKeys (ConfUtils.java:logGet(43)) - raft.server.rpc.timeout.max = 1200ms (custom)
2019-11-13 20:17:29,040 [pool-179-thread-1] INFO  server.RaftServerConfigKeys (ConfUtils.java:logGet(43)) - raft.server.rpcslowness.timeout = 120s (custom)
2019-11-13 20:17:29,040 [pool-179-thread-1] INFO  server.RaftServerConfigKeys (ConfUtils.java:logGet(43)) - raft.server.sleep.deviation.threshold = 300 (default)
2019-11-13 20:17:29,040 [pool-179-thread-1] INFO  server.RaftServerConfigKeys (ConfUtils.java:logGet(43)) - raft.server.log.appender.install.snapshot.enabled = false (custom)
2019-11-13 20:17:29,040 [pool-179-thread-1] INFO  impl.RaftServerImpl (ServerState.java:<init>(103)) - 023d4525-aae9-49d4-923e-7124a55e5ae2@group-1B8E8BDAFA60: ConfigurationManager, init=-1: [023d4525-aae9-49d4-923e-7124a55e5ae2:192.168.164.208:41869], old=null, confs=<EMPTY_MAP>
2019-11-13 20:17:29,040 [pool-179-thread-1] INFO  server.RaftServerConfigKeys (ConfUtils.java:logGet(43)) - raft.server.storage.dir = [/workdir/hadoop-ozone/integration-test/target/test-dir/MiniOzoneClusterImpl-e03c2511-109e-4d60-a68c-0151beb67872/datanode-3/data/ratis] (custom)
2019-11-13 20:17:29,040 [pool-179-thread-1] INFO  server.RaftServerConfigKeys (ConfUtils.java:logGet(43)) - raft.server.log.corruption.policy = EXCEPTION (default)
2019-11-13 20:17:29,040 [pool-179-thread-1] INFO  storage.RaftStorageDirectory (RaftStorageDirectory.java:analyzeStorage(246)) - The storage directory /workdir/hadoop-ozone/integration-test/target/test-dir/MiniOzoneClusterImpl-e03c2511-109e-4d60-a68c-0151beb67872/datanode-3/data/ratis/1ae7574e-e620-41c8-bc70-1b8e8bdafa60 does not exist. Creating ...
2019-11-13 20:17:29,053 [pool-179-thread-1] INFO  storage.RaftStorageDirectory (RaftStorageDirectory.java:tryLock(328)) - Lock on /workdir/hadoop-ozone/integration-test/target/test-dir/MiniOzoneClusterImpl-e03c2511-109e-4d60-a68c-0151beb67872/datanode-3/data/ratis/1ae7574e-e620-41c8-bc70-1b8e8bdafa60/in_use.lock acquired by nodename 4344@pr-hdds-2375-t422d-1049308724
2019-11-13 20:17:29,066 [pool-179-thread-1] INFO  storage.RaftStorage (RaftStorage.java:format(84)) - Storage directory /workdir/hadoop-ozone/integration-test/target/test-dir/MiniOzoneClusterImpl-e03c2511-109e-4d60-a68c-0151beb67872/datanode-3/data/ratis/1ae7574e-e620-41c8-bc70-1b8e8bdafa60 has been successfully formatted.
2019-11-13 20:17:29,066 [pool-179-thread-1] INFO  ratis.ContainerStateMachine (ContainerStateMachine.java:loadSnapshot(223)) - group-1B8E8BDAFA60: The snapshot info is null. Setting the last applied indexto:(t:0, i:~)
2019-11-13 20:17:29,066 [pool-179-thread-1] INFO  server.RaftServerConfigKeys (ConfUtils.java:logGet(43)) - raft.server.notification.no-leader.timeout = 120s (custom)
2019-11-13 20:17:29,066 [pool-179-thread-1] INFO  server.RaftServerConfigKeys (ConfUtils.java:logGet(43)) - raft.server.log.use.memory = false (default)
2019-11-13 20:17:29,066 [pool-179-thread-1] INFO  server.RaftServerConfigKeys (ConfUtils.java:logGet(43)) - raft.server.log.purge.gap = 1000000 (custom)
2019-11-13 20:17:29,067 [pool-179-thread-1] INFO  server.RaftServerConfigKeys (ConfUtils.java:logGet(43)) - raft.server.log.appender.buffer.byte-limit = 33554432 (custom)
2019-11-13 20:17:29,067 [pool-179-thread-1] INFO  server.RaftServerConfigKeys (ConfUtils.java:logGet(43)) - raft.server.log.segment.size.max = 1048576 (custom)
2019-11-13 20:17:29,067 [pool-179-thread-1] INFO  server.RaftServerConfigKeys (ConfUtils.java:logGet(43)) - raft.server.log.segment.cache.num.max = 2 (custom)
2019-11-13 20:17:29,067 [pool-179-thread-1] INFO  segmented.SegmentedRaftLogWorker (SegmentedRaftLogWorker.java:<init>(173)) - new 023d4525-aae9-49d4-923e-7124a55e5ae2@group-1B8E8BDAFA60-SegmentedRaftLogWorker for RaftStorage:Storage Directory /workdir/hadoop-ozone/integration-test/target/test-dir/MiniOzoneClusterImpl-e03c2511-109e-4d60-a68c-0151beb67872/datanode-3/data/ratis/1ae7574e-e620-41c8-bc70-1b8e8bdafa60
2019-11-13 20:17:29,067 [pool-179-thread-1] INFO  server.RaftServerConfigKeys (ConfUtils.java:logGet(43)) - raft.server.log.queue.byte-limit = 2147483647 (custom)
2019-11-13 20:17:29,067 [pool-179-thread-1] INFO  server.RaftServerConfigKeys (ConfUtils.java:logGet(43)) - raft.server.log.queue.element-limit = 1024 (custom)
2019-11-13 20:17:29,067 [pool-179-thread-1] INFO  server.RaftServerConfigKeys (ConfUtils.java:logGet(43)) - raft.server.log.segment.size.max = 1048576 (custom)
2019-11-13 20:17:29,067 [pool-179-thread-1] INFO  server.RaftServerConfigKeys (ConfUtils.java:logGet(43)) - raft.server.log.preallocated.size = 16384 (custom)
2019-11-13 20:17:29,067 [pool-179-thread-1] INFO  server.RaftServerConfigKeys (ConfUtils.java:logGet(43)) - raft.server.log.write.buffer.size = 33554432 (custom)
2019-11-13 20:17:29,068 [pool-179-thread-1] INFO  server.RaftServerConfigKeys (ConfUtils.java:logGet(43)) - raft.server.log.force.sync.num = 128 (default)
2019-11-13 20:17:29,068 [pool-179-thread-1] INFO  server.RaftServerConfigKeys (ConfUtils.java:logGet(43)) - raft.server.log.statemachine.data.sync = true (default)
2019-11-13 20:17:29,068 [pool-179-thread-1] INFO  server.RaftServerConfigKeys (ConfUtils.java:logGet(43)) - raft.server.log.statemachine.data.sync.timeout = 10s (default)
2019-11-13 20:17:29,068 [pool-179-thread-1] INFO  server.RaftServerConfigKeys (ConfUtils.java:logGet(43)) - raft.server.log.statemachine.data.sync.timeout.retry = -1 (default)
2019-11-13 20:17:29,068 [pool-179-thread-1] INFO  server.RaftServerConfigKeys (ConfUtils.java:logGet(43)) - raft.server.log.statemachine.data.caching.enabled = true (custom)
2019-11-13 20:17:29,068 [pool-179-thread-1] INFO  segmented.SegmentedRaftLogWorker (SegmentedRaftLogWorker.java:lambda$new$0(128)) - 023d4525-aae9-49d4-923e-7124a55e5ae2@group-1B8E8BDAFA60-SegmentedRaftLogWorker: flushIndex: setUnconditionally 0 -> -1
2019-11-13 20:17:29,068 [pool-179-thread-1] INFO  server.RaftServerConfigKeys (ConfUtils.java:logGet(43)) - raft.server.snapshot.auto.trigger.enabled = true (custom)
2019-11-13 20:17:29,069 [pool-179-thread-1] INFO  server.RaftServerConfigKeys (ConfUtils.java:logGet(43)) - raft.server.snapshot.auto.trigger.threshold = 10000 (custom)
2019-11-13 20:17:29,069 [pool-179-thread-1] INFO  server.RaftServerConfigKeys (ConfUtils.java:logGet(43)) - raft.server.snapshot.retention.file.num = 5 (custom)
2019-11-13 20:17:29,069 [pool-179-thread-1] INFO  server.RaftServerConfigKeys (ConfUtils.java:logGet(43)) - raft.server.retrycache.expirytime = 600000ms (custom)
2019-11-13 20:17:29,069 [pool-179-thread-1] WARN  impl.MetricRegistriesImpl (MetricRegistriesImpl.java:lambda$create$1(61)) - First MetricRegistry has been created without registering reporters. You may need to call MetricRegistries.global().addReportRegistration(...) before.
2019-11-13 20:17:29,069 [pool-179-thread-1] WARN  impl.MetricRegistriesImpl (MetricRegistriesImpl.java:lambda$create$1(61)) - First MetricRegistry has been created without registering reporters. You may need to call MetricRegistries.global().addReportRegistration(...) before.
2019-11-13 20:17:29,069 [pool-179-thread-1] INFO  impl.RaftServerImpl (RaftServerImpl.java:start(184)) - 023d4525-aae9-49d4-923e-7124a55e5ae2@group-1B8E8BDAFA60: start as a follower, conf=-1: [023d4525-aae9-49d4-923e-7124a55e5ae2:192.168.164.208:41869], old=null
2019-11-13 20:17:29,069 [pool-179-thread-1] INFO  impl.RaftServerImpl (RaftServerImpl.java:setRole(173)) - 023d4525-aae9-49d4-923e-7124a55e5ae2@group-1B8E8BDAFA60: changes role from      null to FOLLOWER at term 0 for startAsFollower
2019-11-13 20:17:29,069 [pool-179-thread-1] INFO  impl.RoleInfo (RoleInfo.java:updateAndGet(143)) - 023d4525-aae9-49d4-923e-7124a55e5ae2: start FollowerState
2019-11-13 20:17:29,070 [pool-179-thread-1] INFO  util.JmxRegister (JmxRegister.java:tryRegister(44)) - Successfully registered JMX Bean with object name Ratis:service=RaftServer,group=group-1B8E8BDAFA60,id=023d4525-aae9-49d4-923e-7124a55e5ae2
2019-11-13 20:17:29,070 [pool-179-thread-1] WARN  impl.MetricRegistriesImpl (MetricRegistriesImpl.java:lambda$create$1(61)) - First MetricRegistry has been created without registering reporters. You may need to call MetricRegistries.global().addReportRegistration(...) before.
2019-11-13 20:17:29,072 [RatisPipelineUtilsThread] INFO  pipeline.PipelineStateManager (PipelineStateManager.java:addPipeline(55)) - Created pipeline Pipeline[ Id: 1ae7574e-e620-41c8-bc70-1b8e8bdafa60, Nodes: 023d4525-aae9-49d4-923e-7124a55e5ae2{ip: 192.168.164.208, host: pr-hdds-2375-t422d-1049308724, networkLocation: /rack1, certSerialId: null}, Type:RATIS, Factor:ONE, State:ALLOCATED]
2019-11-13 20:17:29,073 [Thread-1283] INFO  pipeline.PipelineStateManager (PipelineStateManager.java:finalizePipeline(121)) - Pipeline Pipeline[ Id: 4e200406-3bca-4558-8f0e-124a164a7a20, Nodes: c49df7ba-d7d7-4ac8-a142-ddaef65aa83a{ip: 192.168.164.208, host: pr-hdds-2375-t422d-1049308724, networkLocation: /rack1, certSerialId: null}, Type:RATIS, Factor:ONE, State:CLOSED] moved to CLOSED state
2019-11-13 20:17:29,076 [grpc-default-executor-2] INFO  impl.RaftServerProxy (RaftServerProxy.java:remove(95)) - c49df7ba-d7d7-4ac8-a142-ddaef65aa83a: remove    LEADER c49df7ba-d7d7-4ac8-a142-ddaef65aa83a@group-124A164A7A20:t1, leader=c49df7ba-d7d7-4ac8-a142-ddaef65aa83a, voted=c49df7ba-d7d7-4ac8-a142-ddaef65aa83a, raftlog=c49df7ba-d7d7-4ac8-a142-ddaef65aa83a@group-124A164A7A20-SegmentedRaftLog:OPENED:c0,f0,i0, conf=0: [c49df7ba-d7d7-4ac8-a142-ddaef65aa83a:192.168.164.208:36049], old=null RUNNING
2019-11-13 20:17:29,076 [grpc-default-executor-2] INFO  impl.RaftServerImpl (RaftServerImpl.java:lambda$shutdown$3(250)) - c49df7ba-d7d7-4ac8-a142-ddaef65aa83a@group-124A164A7A20: shutdown
2019-11-13 20:17:29,076 [grpc-default-executor-2] INFO  util.JmxRegister (JmxRegister.java:unregister(73)) - Successfully un-registered JMX Bean with object name Ratis:service=RaftServer,group=group-124A164A7A20,id=c49df7ba-d7d7-4ac8-a142-ddaef65aa83a
2019-11-13 20:17:29,076 [grpc-default-executor-2] INFO  impl.RoleInfo (RoleInfo.java:shutdownLeaderState(104)) - c49df7ba-d7d7-4ac8-a142-ddaef65aa83a: shutdown LeaderState
2019-11-13 20:17:29,077 [grpc-default-executor-2] INFO  impl.PendingRequests (PendingRequests.java:sendNotLeaderResponses(206)) - c49df7ba-d7d7-4ac8-a142-ddaef65aa83a@group-124A164A7A20-PendingRequests: sendNotLeaderResponses
2019-11-13 20:17:29,077 [grpc-default-executor-2] INFO  impl.StateMachineUpdater (StateMachineUpdater.java:stopAndJoin(136)) - c49df7ba-d7d7-4ac8-a142-ddaef65aa83a@group-124A164A7A20-StateMachineUpdater: set stopIndex = 0
2019-11-13 20:17:29,077 [grpc-default-executor-2] INFO  impl.RaftServerImpl (ServerState.java:close(387)) - c49df7ba-d7d7-4ac8-a142-ddaef65aa83a@group-124A164A7A20: closes. applyIndex: 0
2019-11-13 20:17:29,077 [c49df7ba-d7d7-4ac8-a142-ddaef65aa83a@group-124A164A7A20-SegmentedRaftLogWorker] INFO  segmented.SegmentedRaftLogWorker (SegmentedRaftLogWorker.java:run(316)) - c49df7ba-d7d7-4ac8-a142-ddaef65aa83a@group-124A164A7A20-SegmentedRaftLogWorker was interrupted, exiting. There are 0 tasks remaining in the queue.
2019-11-13 20:17:29,078 [grpc-default-executor-2] INFO  segmented.SegmentedRaftLogWorker (SegmentedRaftLogWorker.java:close(224)) - c49df7ba-d7d7-4ac8-a142-ddaef65aa83a@group-124A164A7A20-SegmentedRaftLogWorker close()
2019-11-13 20:17:29,082 [Thread-1283] INFO  pipeline.PipelineStateManager (PipelineStateManager.java:removePipeline(106)) - Pipeline Pipeline[ Id: 4e200406-3bca-4558-8f0e-124a164a7a20, Nodes: c49df7ba-d7d7-4ac8-a142-ddaef65aa83a{ip: 192.168.164.208, host: pr-hdds-2375-t422d-1049308724, networkLocation: /rack1, certSerialId: null}, Type:RATIS, Factor:ONE, State:CLOSED] removed from db
2019-11-13 20:17:29,083 [Thread-1283] INFO  pipeline.SCMPipelineManager (SCMPipelineManager.java:finalizeAndDestroyPipeline(315)) - destroying pipeline:Pipeline[ Id: 41dcf335-d62e-40d1-a123-22d09aeb1e32, Nodes: d075120a-ef0f-46a0-9778-bb6f9a0780d0{ip: 192.168.164.208, host: pr-hdds-2375-t422d-1049308724, networkLocation: /rack1, certSerialId: null}836dac64-dd9f-4309-a076-e086947645e1{ip: 192.168.164.208, host: pr-hdds-2375-t422d-1049308724, networkLocation: /rack1, certSerialId: null}227642ba-0415-4d98-a6b8-20167e8a399a{ip: 192.168.164.208, host: pr-hdds-2375-t422d-1049308724, networkLocation: /rack1, certSerialId: null}, Type:RATIS, Factor:THREE, State:OPEN]
2019-11-13 20:17:29,086 [grpc-default-executor-2] INFO  impl.RaftServerProxy (RaftServerProxy.java:addNew(89)) - c49df7ba-d7d7-4ac8-a142-ddaef65aa83a: addNew group-4A69C2695876:[c49df7ba-d7d7-4ac8-a142-ddaef65aa83a:192.168.164.208:36049] returns group-4A69C2695876:java.util.concurrent.CompletableFuture@6922ee88[Not completed]
2019-11-13 20:17:29,087 [pool-209-thread-1] INFO  impl.RaftServerImpl (RaftServerImpl.java:<init>(98)) - c49df7ba-d7d7-4ac8-a142-ddaef65aa83a: new RaftServerImpl for group-4A69C2695876:[c49df7ba-d7d7-4ac8-a142-ddaef65aa83a:192.168.164.208:36049] with ContainerStateMachine:uninitialized
2019-11-13 20:17:29,087 [pool-209-thread-1] INFO  server.RaftServerConfigKeys (ConfUtils.java:logGet(43)) - raft.server.rpc.timeout.min = 1s (custom)
2019-11-13 20:17:29,087 [pool-209-thread-1] INFO  server.RaftServerConfigKeys (ConfUtils.java:logGet(43)) - raft.server.rpc.timeout.max = 1200ms (custom)
2019-11-13 20:17:29,087 [pool-209-thread-1] INFO  server.RaftServerConfigKeys (ConfUtils.java:logGet(43)) - raft.server.rpcslowness.timeout = 120s (custom)
2019-11-13 20:17:29,087 [pool-209-thread-1] INFO  server.RaftServerConfigKeys (ConfUtils.java:logGet(43)) - raft.server.sleep.deviation.threshold = 300 (default)
2019-11-13 20:17:29,087 [pool-209-thread-1] INFO  server.RaftServerConfigKeys (ConfUtils.java:logGet(43)) - raft.server.log.appender.install.snapshot.enabled = false (custom)
2019-11-13 20:17:29,087 [pool-209-thread-1] INFO  impl.RaftServerImpl (ServerState.java:<init>(103)) - c49df7ba-d7d7-4ac8-a142-ddaef65aa83a@group-4A69C2695876: ConfigurationManager, init=-1: [c49df7ba-d7d7-4ac8-a142-ddaef65aa83a:192.168.164.208:36049], old=null, confs=<EMPTY_MAP>
2019-11-13 20:17:29,087 [pool-209-thread-1] INFO  server.RaftServerConfigKeys (ConfUtils.java:logGet(43)) - raft.server.storage.dir = [/workdir/hadoop-ozone/integration-test/target/test-dir/MiniOzoneClusterImpl-e03c2511-109e-4d60-a68c-0151beb67872/datanode-6/data/ratis] (custom)
2019-11-13 20:17:29,088 [pool-209-thread-1] INFO  server.RaftServerConfigKeys (ConfUtils.java:logGet(43)) - raft.server.log.corruption.policy = EXCEPTION (default)
2019-11-13 20:17:29,088 [pool-209-thread-1] INFO  storage.RaftStorageDirectory (RaftStorageDirectory.java:analyzeStorage(246)) - The storage directory /workdir/hadoop-ozone/integration-test/target/test-dir/MiniOzoneClusterImpl-e03c2511-109e-4d60-a68c-0151beb67872/datanode-6/data/ratis/e0e45a5c-955d-4191-9fdd-4a69c2695876 does not exist. Creating ...
2019-11-13 20:17:29,101 [pool-209-thread-1] INFO  storage.RaftStorageDirectory (RaftStorageDirectory.java:tryLock(328)) - Lock on /workdir/hadoop-ozone/integration-test/target/test-dir/MiniOzoneClusterImpl-e03c2511-109e-4d60-a68c-0151beb67872/datanode-6/data/ratis/e0e45a5c-955d-4191-9fdd-4a69c2695876/in_use.lock acquired by nodename 4344@pr-hdds-2375-t422d-1049308724
2019-11-13 20:17:29,113 [pool-209-thread-1] INFO  storage.RaftStorage (RaftStorage.java:format(84)) - Storage directory /workdir/hadoop-ozone/integration-test/target/test-dir/MiniOzoneClusterImpl-e03c2511-109e-4d60-a68c-0151beb67872/datanode-6/data/ratis/e0e45a5c-955d-4191-9fdd-4a69c2695876 has been successfully formatted.
2019-11-13 20:17:29,113 [pool-209-thread-1] INFO  ratis.ContainerStateMachine (ContainerStateMachine.java:loadSnapshot(223)) - group-4A69C2695876: The snapshot info is null. Setting the last applied indexto:(t:0, i:~)
2019-11-13 20:17:29,114 [pool-209-thread-1] INFO  server.RaftServerConfigKeys (ConfUtils.java:logGet(43)) - raft.server.notification.no-leader.timeout = 120s (custom)
2019-11-13 20:17:29,114 [pool-209-thread-1] INFO  server.RaftServerConfigKeys (ConfUtils.java:logGet(43)) - raft.server.log.use.memory = false (default)
2019-11-13 20:17:29,114 [pool-209-thread-1] INFO  server.RaftServerConfigKeys (ConfUtils.java:logGet(43)) - raft.server.log.purge.gap = 1000000 (custom)
2019-11-13 20:17:29,114 [pool-209-thread-1] INFO  server.RaftServerConfigKeys (ConfUtils.java:logGet(43)) - raft.server.log.appender.buffer.byte-limit = 33554432 (custom)
2019-11-13 20:17:29,114 [pool-209-thread-1] INFO  server.RaftServerConfigKeys (ConfUtils.java:logGet(43)) - raft.server.log.segment.size.max = 1048576 (custom)
2019-11-13 20:17:29,114 [pool-209-thread-1] INFO  server.RaftServerConfigKeys (ConfUtils.java:logGet(43)) - raft.server.log.segment.cache.num.max = 2 (custom)
2019-11-13 20:17:29,114 [pool-209-thread-1] INFO  segmented.SegmentedRaftLogWorker (SegmentedRaftLogWorker.java:<init>(173)) - new c49df7ba-d7d7-4ac8-a142-ddaef65aa83a@group-4A69C2695876-SegmentedRaftLogWorker for RaftStorage:Storage Directory /workdir/hadoop-ozone/integration-test/target/test-dir/MiniOzoneClusterImpl-e03c2511-109e-4d60-a68c-0151beb67872/datanode-6/data/ratis/e0e45a5c-955d-4191-9fdd-4a69c2695876
2019-11-13 20:17:29,114 [pool-209-thread-1] INFO  server.RaftServerConfigKeys (ConfUtils.java:logGet(43)) - raft.server.log.queue.byte-limit = 2147483647 (custom)
2019-11-13 20:17:29,114 [pool-209-thread-1] INFO  server.RaftServerConfigKeys (ConfUtils.java:logGet(43)) - raft.server.log.queue.element-limit = 1024 (custom)
2019-11-13 20:17:29,115 [pool-209-thread-1] INFO  server.RaftServerConfigKeys (ConfUtils.java:logGet(43)) - raft.server.log.segment.size.max = 1048576 (custom)
2019-11-13 20:17:29,115 [pool-209-thread-1] INFO  server.RaftServerConfigKeys (ConfUtils.java:logGet(43)) - raft.server.log.preallocated.size = 16384 (custom)
2019-11-13 20:17:29,115 [pool-209-thread-1] INFO  server.RaftServerConfigKeys (ConfUtils.java:logGet(43)) - raft.server.log.write.buffer.size = 33554432 (custom)
2019-11-13 20:17:29,115 [pool-209-thread-1] INFO  server.RaftServerConfigKeys (ConfUtils.java:logGet(43)) - raft.server.log.force.sync.num = 128 (default)
2019-11-13 20:17:29,115 [pool-209-thread-1] INFO  server.RaftServerConfigKeys (ConfUtils.java:logGet(43)) - raft.server.log.statemachine.data.sync = true (default)
2019-11-13 20:17:29,115 [pool-209-thread-1] INFO  server.RaftServerConfigKeys (ConfUtils.java:logGet(43)) - raft.server.log.statemachine.data.sync.timeout = 10s (default)
2019-11-13 20:17:29,115 [pool-209-thread-1] INFO  server.RaftServerConfigKeys (ConfUtils.java:logGet(43)) - raft.server.log.statemachine.data.sync.timeout.retry = -1 (default)
2019-11-13 20:17:29,115 [pool-209-thread-1] INFO  server.RaftServerConfigKeys (ConfUtils.java:logGet(43)) - raft.server.log.statemachine.data.caching.enabled = true (custom)
2019-11-13 20:17:29,115 [pool-209-thread-1] INFO  segmented.SegmentedRaftLogWorker (SegmentedRaftLogWorker.java:lambda$new$0(128)) - c49df7ba-d7d7-4ac8-a142-ddaef65aa83a@group-4A69C2695876-SegmentedRaftLogWorker: flushIndex: setUnconditionally 0 -> -1
2019-11-13 20:17:29,116 [pool-209-thread-1] INFO  server.RaftServerConfigKeys (ConfUtils.java:logGet(43)) - raft.server.snapshot.auto.trigger.enabled = true (custom)
2019-11-13 20:17:29,116 [pool-209-thread-1] INFO  server.RaftServerConfigKeys (ConfUtils.java:logGet(43)) - raft.server.snapshot.auto.trigger.threshold = 10000 (custom)
2019-11-13 20:17:29,116 [pool-209-thread-1] INFO  server.RaftServerConfigKeys (ConfUtils.java:logGet(43)) - raft.server.snapshot.retention.file.num = 5 (custom)
2019-11-13 20:17:29,116 [pool-209-thread-1] INFO  server.RaftServerConfigKeys (ConfUtils.java:logGet(43)) - raft.server.retrycache.expirytime = 600000ms (custom)
2019-11-13 20:17:29,116 [pool-209-thread-1] WARN  impl.MetricRegistriesImpl (MetricRegistriesImpl.java:lambda$create$1(61)) - First MetricRegistry has been created without registering reporters. You may need to call MetricRegistries.global().addReportRegistration(...) before.
2019-11-13 20:17:29,116 [pool-209-thread-1] WARN  impl.MetricRegistriesImpl (MetricRegistriesImpl.java:lambda$create$1(61)) - First MetricRegistry has been created without registering reporters. You may need to call MetricRegistries.global().addReportRegistration(...) before.
2019-11-13 20:17:29,117 [pool-209-thread-1] INFO  impl.RaftServerImpl (RaftServerImpl.java:start(184)) - c49df7ba-d7d7-4ac8-a142-ddaef65aa83a@group-4A69C2695876: start as a follower, conf=-1: [c49df7ba-d7d7-4ac8-a142-ddaef65aa83a:192.168.164.208:36049], old=null
2019-11-13 20:17:29,117 [pool-209-thread-1] INFO  impl.RaftServerImpl (RaftServerImpl.java:setRole(173)) - c49df7ba-d7d7-4ac8-a142-ddaef65aa83a@group-4A69C2695876: changes role from      null to FOLLOWER at term 0 for startAsFollower
2019-11-13 20:17:29,117 [pool-209-thread-1] INFO  impl.RoleInfo (RoleInfo.java:updateAndGet(143)) - c49df7ba-d7d7-4ac8-a142-ddaef65aa83a: start FollowerState
2019-11-13 20:17:29,117 [pool-209-thread-1] INFO  util.JmxRegister (JmxRegister.java:tryRegister(44)) - Successfully registered JMX Bean with object name Ratis:service=RaftServer,group=group-4A69C2695876,id=c49df7ba-d7d7-4ac8-a142-ddaef65aa83a
2019-11-13 20:17:29,117 [pool-209-thread-1] WARN  impl.MetricRegistriesImpl (MetricRegistriesImpl.java:lambda$create$1(61)) - First MetricRegistry has been created without registering reporters. You may need to call MetricRegistries.global().addReportRegistration(...) before.
2019-11-13 20:17:29,119 [RatisPipelineUtilsThread] INFO  pipeline.PipelineStateManager (PipelineStateManager.java:addPipeline(55)) - Created pipeline Pipeline[ Id: e0e45a5c-955d-4191-9fdd-4a69c2695876, Nodes: c49df7ba-d7d7-4ac8-a142-ddaef65aa83a{ip: 192.168.164.208, host: pr-hdds-2375-t422d-1049308724, networkLocation: /rack1, certSerialId: null}, Type:RATIS, Factor:ONE, State:ALLOCATED]
2019-11-13 20:17:29,120 [Thread-1283] INFO  pipeline.PipelineStateManager (PipelineStateManager.java:finalizePipeline(121)) - Pipeline Pipeline[ Id: 41dcf335-d62e-40d1-a123-22d09aeb1e32, Nodes: d075120a-ef0f-46a0-9778-bb6f9a0780d0{ip: 192.168.164.208, host: pr-hdds-2375-t422d-1049308724, networkLocation: /rack1, certSerialId: null}836dac64-dd9f-4309-a076-e086947645e1{ip: 192.168.164.208, host: pr-hdds-2375-t422d-1049308724, networkLocation: /rack1, certSerialId: null}227642ba-0415-4d98-a6b8-20167e8a399a{ip: 192.168.164.208, host: pr-hdds-2375-t422d-1049308724, networkLocation: /rack1, certSerialId: null}, Type:RATIS, Factor:THREE, State:CLOSED] moved to CLOSED state
2019-11-13 20:17:29,123 [grpc-default-executor-2] INFO  impl.RaftServerProxy (RaftServerProxy.java:remove(95)) - d075120a-ef0f-46a0-9778-bb6f9a0780d0: remove    LEADER d075120a-ef0f-46a0-9778-bb6f9a0780d0@group-22D09AEB1E32:t1, leader=d075120a-ef0f-46a0-9778-bb6f9a0780d0, voted=d075120a-ef0f-46a0-9778-bb6f9a0780d0, raftlog=d075120a-ef0f-46a0-9778-bb6f9a0780d0@group-22D09AEB1E32-SegmentedRaftLog:OPENED:c0,f0,i0, conf=0: [d075120a-ef0f-46a0-9778-bb6f9a0780d0:192.168.164.208:39220, 227642ba-0415-4d98-a6b8-20167e8a399a:192.168.164.208:40637, 836dac64-dd9f-4309-a076-e086947645e1:192.168.164.208:40723], old=null RUNNING
2019-11-13 20:17:29,124 [grpc-default-executor-2] INFO  impl.RaftServerImpl (RaftServerImpl.java:lambda$shutdown$3(250)) - d075120a-ef0f-46a0-9778-bb6f9a0780d0@group-22D09AEB1E32: shutdown
2019-11-13 20:17:29,124 [grpc-default-executor-2] INFO  util.JmxRegister (JmxRegister.java:unregister(73)) - Successfully un-registered JMX Bean with object name Ratis:service=RaftServer,group=group-22D09AEB1E32,id=d075120a-ef0f-46a0-9778-bb6f9a0780d0
2019-11-13 20:17:29,124 [grpc-default-executor-2] INFO  impl.RoleInfo (RoleInfo.java:shutdownLeaderState(104)) - d075120a-ef0f-46a0-9778-bb6f9a0780d0: shutdown LeaderState
2019-11-13 20:17:29,128 [org.apache.ratis.server.impl.LogAppender$AppenderDaemon$$Lambda$415/455279792@1e1b6106] WARN  server.GrpcLogAppender (GrpcLogAppender.java:mayWait(151)) - d075120a-ef0f-46a0-9778-bb6f9a0780d0@group-22D09AEB1E32->836dac64-dd9f-4309-a076-e086947645e1-GrpcLogAppender: Wait interrupted by java.lang.InterruptedException
2019-11-13 20:17:29,128 [grpc-default-executor-2] INFO  impl.PendingRequests (PendingRequests.java:sendNotLeaderResponses(206)) - d075120a-ef0f-46a0-9778-bb6f9a0780d0@group-22D09AEB1E32-PendingRequests: sendNotLeaderResponses
2019-11-13 20:17:29,128 [org.apache.ratis.server.impl.LogAppender$AppenderDaemon$$Lambda$415/455279792@5b19e401] WARN  server.GrpcLogAppender (GrpcLogAppender.java:mayWait(151)) - d075120a-ef0f-46a0-9778-bb6f9a0780d0@group-22D09AEB1E32->227642ba-0415-4d98-a6b8-20167e8a399a-GrpcLogAppender: Wait interrupted by java.lang.InterruptedException
2019-11-13 20:17:29,128 [grpc-default-executor-2] INFO  impl.StateMachineUpdater (StateMachineUpdater.java:stopAndJoin(136)) - d075120a-ef0f-46a0-9778-bb6f9a0780d0@group-22D09AEB1E32-StateMachineUpdater: set stopIndex = 0
2019-11-13 20:17:29,128 [grpc-default-executor-5] INFO  server.GrpcServerProtocolService (GrpcServerProtocolService.java:onCompleted(113)) - 836dac64-dd9f-4309-a076-e086947645e1: Completed APPEND_ENTRIES, lastRequest: d075120a-ef0f-46a0-9778-bb6f9a0780d0->836dac64-dd9f-4309-a076-e086947645e1#5-t1, previous=(t:1, i:0), leaderCommit=0, initializing? false, entries: <empty>
2019-11-13 20:17:29,130 [grpc-default-executor-2] INFO  impl.RaftServerImpl (ServerState.java:close(387)) - d075120a-ef0f-46a0-9778-bb6f9a0780d0@group-22D09AEB1E32: closes. applyIndex: 0
2019-11-13 20:17:29,130 [grpc-default-executor-5] INFO  server.GrpcServerProtocolService (GrpcServerProtocolService.java:onCompleted(113)) - 227642ba-0415-4d98-a6b8-20167e8a399a: Completed APPEND_ENTRIES, lastRequest: d075120a-ef0f-46a0-9778-bb6f9a0780d0->227642ba-0415-4d98-a6b8-20167e8a399a#5-t1, previous=(t:1, i:0), leaderCommit=0, initializing? false, entries: <empty>
2019-11-13 20:17:29,130 [d075120a-ef0f-46a0-9778-bb6f9a0780d0@group-22D09AEB1E32-SegmentedRaftLogWorker] INFO  segmented.SegmentedRaftLogWorker (SegmentedRaftLogWorker.java:run(316)) - d075120a-ef0f-46a0-9778-bb6f9a0780d0@group-22D09AEB1E32-SegmentedRaftLogWorker was interrupted, exiting. There are 0 tasks remaining in the queue.
2019-11-13 20:17:29,130 [grpc-default-executor-1] INFO  server.GrpcLogAppender (GrpcLogAppender.java:onCompleted(308)) - d075120a-ef0f-46a0-9778-bb6f9a0780d0@group-22D09AEB1E32->836dac64-dd9f-4309-a076-e086947645e1-AppendLogResponseHandler: follower responses appendEntries COMPLETED
2019-11-13 20:17:29,130 [grpc-default-executor-2] INFO  segmented.SegmentedRaftLogWorker (SegmentedRaftLogWorker.java:close(224)) - d075120a-ef0f-46a0-9778-bb6f9a0780d0@group-22D09AEB1E32-SegmentedRaftLogWorker close()
2019-11-13 20:17:29,131 [grpc-default-executor-5] INFO  server.GrpcLogAppender (GrpcLogAppender.java:onCompleted(308)) - d075120a-ef0f-46a0-9778-bb6f9a0780d0@group-22D09AEB1E32->227642ba-0415-4d98-a6b8-20167e8a399a-AppendLogResponseHandler: follower responses appendEntries COMPLETED
2019-11-13 20:17:29,132 [grpc-default-executor-1] INFO  impl.FollowerInfo (FollowerInfo.java:lambda$new$0(51)) - d075120a-ef0f-46a0-9778-bb6f9a0780d0@group-22D09AEB1E32->836dac64-dd9f-4309-a076-e086947645e1: nextIndex: updateUnconditionally 1 -> 0
2019-11-13 20:17:29,132 [grpc-default-executor-5] INFO  impl.FollowerInfo (FollowerInfo.java:lambda$new$0(51)) - d075120a-ef0f-46a0-9778-bb6f9a0780d0@group-22D09AEB1E32->227642ba-0415-4d98-a6b8-20167e8a399a: nextIndex: updateUnconditionally 1 -> 0
2019-11-13 20:17:29,137 [grpc-default-executor-2] INFO  impl.RaftServerProxy (RaftServerProxy.java:remove(95)) - 836dac64-dd9f-4309-a076-e086947645e1: remove  FOLLOWER 836dac64-dd9f-4309-a076-e086947645e1@group-22D09AEB1E32:t1, leader=d075120a-ef0f-46a0-9778-bb6f9a0780d0, voted=d075120a-ef0f-46a0-9778-bb6f9a0780d0, raftlog=836dac64-dd9f-4309-a076-e086947645e1@group-22D09AEB1E32-SegmentedRaftLog:OPENED:c0,f0,i0, conf=0: [d075120a-ef0f-46a0-9778-bb6f9a0780d0:192.168.164.208:39220, 227642ba-0415-4d98-a6b8-20167e8a399a:192.168.164.208:40637, 836dac64-dd9f-4309-a076-e086947645e1:192.168.164.208:40723], old=null RUNNING
2019-11-13 20:17:29,137 [grpc-default-executor-2] INFO  impl.RaftServerImpl (RaftServerImpl.java:lambda$shutdown$3(250)) - 836dac64-dd9f-4309-a076-e086947645e1@group-22D09AEB1E32: shutdown
2019-11-13 20:17:29,137 [grpc-default-executor-2] INFO  util.JmxRegister (JmxRegister.java:unregister(73)) - Successfully un-registered JMX Bean with object name Ratis:service=RaftServer,group=group-22D09AEB1E32,id=836dac64-dd9f-4309-a076-e086947645e1
2019-11-13 20:17:29,138 [grpc-default-executor-2] INFO  impl.RoleInfo (RoleInfo.java:shutdownFollowerState(121)) - 836dac64-dd9f-4309-a076-e086947645e1: shutdown FollowerState
2019-11-13 20:17:29,138 [grpc-default-executor-2] INFO  impl.StateMachineUpdater (StateMachineUpdater.java:stopAndJoin(136)) - 836dac64-dd9f-4309-a076-e086947645e1@group-22D09AEB1E32-StateMachineUpdater: set stopIndex = 0
2019-11-13 20:17:29,138 [Thread-1351] INFO  impl.FollowerState (FollowerState.java:run(120)) - 836dac64-dd9f-4309-a076-e086947645e1@group-22D09AEB1E32-FollowerState was interrupted: java.lang.InterruptedException: sleep interrupted
2019-11-13 20:17:29,138 [grpc-default-executor-2] INFO  impl.RaftServerImpl (ServerState.java:close(387)) - 836dac64-dd9f-4309-a076-e086947645e1@group-22D09AEB1E32: closes. applyIndex: 0
2019-11-13 20:17:29,138 [836dac64-dd9f-4309-a076-e086947645e1@group-22D09AEB1E32-SegmentedRaftLogWorker] INFO  segmented.SegmentedRaftLogWorker (SegmentedRaftLogWorker.java:run(316)) - 836dac64-dd9f-4309-a076-e086947645e1@group-22D09AEB1E32-SegmentedRaftLogWorker was interrupted, exiting. There are 0 tasks remaining in the queue.
2019-11-13 20:17:29,138 [grpc-default-executor-2] INFO  segmented.SegmentedRaftLogWorker (SegmentedRaftLogWorker.java:close(224)) - 836dac64-dd9f-4309-a076-e086947645e1@group-22D09AEB1E32-SegmentedRaftLogWorker close()
2019-11-13 20:17:29,147 [grpc-default-executor-2] INFO  impl.RaftServerProxy (RaftServerProxy.java:remove(95)) - 227642ba-0415-4d98-a6b8-20167e8a399a: remove  FOLLOWER 227642ba-0415-4d98-a6b8-20167e8a399a@group-22D09AEB1E32:t1, leader=d075120a-ef0f-46a0-9778-bb6f9a0780d0, voted=d075120a-ef0f-46a0-9778-bb6f9a0780d0, raftlog=227642ba-0415-4d98-a6b8-20167e8a399a@group-22D09AEB1E32-SegmentedRaftLog:OPENED:c0,f0,i0, conf=0: [d075120a-ef0f-46a0-9778-bb6f9a0780d0:192.168.164.208:39220, 227642ba-0415-4d98-a6b8-20167e8a399a:192.168.164.208:40637, 836dac64-dd9f-4309-a076-e086947645e1:192.168.164.208:40723], old=null RUNNING
2019-11-13 20:17:29,147 [grpc-default-executor-2] INFO  impl.RaftServerImpl (RaftServerImpl.java:lambda$shutdown$3(250)) - 227642ba-0415-4d98-a6b8-20167e8a399a@group-22D09AEB1E32: shutdown
2019-11-13 20:17:29,147 [grpc-default-executor-2] INFO  util.JmxRegister (JmxRegister.java:unregister(73)) - Successfully un-registered JMX Bean with object name Ratis:service=RaftServer,group=group-22D09AEB1E32,id=227642ba-0415-4d98-a6b8-20167e8a399a
2019-11-13 20:17:29,147 [grpc-default-executor-2] INFO  impl.RoleInfo (RoleInfo.java:shutdownFollowerState(121)) - 227642ba-0415-4d98-a6b8-20167e8a399a: shutdown FollowerState
2019-11-13 20:17:29,147 [grpc-default-executor-2] INFO  impl.StateMachineUpdater (StateMachineUpdater.java:stopAndJoin(136)) - 227642ba-0415-4d98-a6b8-20167e8a399a@group-22D09AEB1E32-StateMachineUpdater: set stopIndex = 0
2019-11-13 20:17:29,147 [Thread-1350] INFO  impl.FollowerState (FollowerState.java:run(120)) - 227642ba-0415-4d98-a6b8-20167e8a399a@group-22D09AEB1E32-FollowerState was interrupted: java.lang.InterruptedException: sleep interrupted
2019-11-13 20:17:29,147 [grpc-default-executor-2] INFO  impl.RaftServerImpl (ServerState.java:close(387)) - 227642ba-0415-4d98-a6b8-20167e8a399a@group-22D09AEB1E32: closes. applyIndex: 0
2019-11-13 20:17:29,148 [227642ba-0415-4d98-a6b8-20167e8a399a@group-22D09AEB1E32-SegmentedRaftLogWorker] INFO  segmented.SegmentedRaftLogWorker (SegmentedRaftLogWorker.java:run(316)) - 227642ba-0415-4d98-a6b8-20167e8a399a@group-22D09AEB1E32-SegmentedRaftLogWorker was interrupted, exiting. There are 0 tasks remaining in the queue.
2019-11-13 20:17:29,148 [grpc-default-executor-2] INFO  segmented.SegmentedRaftLogWorker (SegmentedRaftLogWorker.java:close(224)) - 227642ba-0415-4d98-a6b8-20167e8a399a@group-22D09AEB1E32-SegmentedRaftLogWorker close()
2019-11-13 20:17:29,152 [Thread-1283] INFO  pipeline.PipelineStateManager (PipelineStateManager.java:removePipeline(106)) - Pipeline Pipeline[ Id: 41dcf335-d62e-40d1-a123-22d09aeb1e32, Nodes: d075120a-ef0f-46a0-9778-bb6f9a0780d0{ip: 192.168.164.208, host: pr-hdds-2375-t422d-1049308724, networkLocation: /rack1, certSerialId: null}836dac64-dd9f-4309-a076-e086947645e1{ip: 192.168.164.208, host: pr-hdds-2375-t422d-1049308724, networkLocation: /rack1, certSerialId: null}227642ba-0415-4d98-a6b8-20167e8a399a{ip: 192.168.164.208, host: pr-hdds-2375-t422d-1049308724, networkLocation: /rack1, certSerialId: null}, Type:RATIS, Factor:THREE, State:CLOSED] removed from db
2019-11-13 20:17:29,156 [grpc-default-executor-5] INFO  impl.RaftServerProxy (RaftServerProxy.java:addNew(89)) - 836dac64-dd9f-4309-a076-e086947645e1: addNew group-6D7DD4B8F7C5:[d075120a-ef0f-46a0-9778-bb6f9a0780d0:192.168.164.208:39220, 227642ba-0415-4d98-a6b8-20167e8a399a:192.168.164.208:40637, 836dac64-dd9f-4309-a076-e086947645e1:192.168.164.208:40723] returns group-6D7DD4B8F7C5:java.util.concurrent.CompletableFuture@29166931[Not completed]
2019-11-13 20:17:29,156 [grpc-default-executor-5] INFO  impl.RaftServerProxy (RaftServerProxy.java:addNew(89)) - d075120a-ef0f-46a0-9778-bb6f9a0780d0: addNew group-6D7DD4B8F7C5:[d075120a-ef0f-46a0-9778-bb6f9a0780d0:192.168.164.208:39220, 227642ba-0415-4d98-a6b8-20167e8a399a:192.168.164.208:40637, 836dac64-dd9f-4309-a076-e086947645e1:192.168.164.208:40723] returns group-6D7DD4B8F7C5:java.util.concurrent.CompletableFuture@27d774b6[Not completed]
2019-11-13 20:17:29,156 [grpc-default-executor-2] INFO  impl.RaftServerProxy (RaftServerProxy.java:addNew(89)) - 227642ba-0415-4d98-a6b8-20167e8a399a: addNew group-6D7DD4B8F7C5:[d075120a-ef0f-46a0-9778-bb6f9a0780d0:192.168.164.208:39220, 227642ba-0415-4d98-a6b8-20167e8a399a:192.168.164.208:40637, 836dac64-dd9f-4309-a076-e086947645e1:192.168.164.208:40723] returns group-6D7DD4B8F7C5:java.util.concurrent.CompletableFuture@32e9b0ca[Not completed]
2019-11-13 20:17:29,157 [pool-159-thread-1] INFO  impl.RaftServerImpl (RaftServerImpl.java:<init>(98)) - 836dac64-dd9f-4309-a076-e086947645e1: new RaftServerImpl for group-6D7DD4B8F7C5:[d075120a-ef0f-46a0-9778-bb6f9a0780d0:192.168.164.208:39220, 227642ba-0415-4d98-a6b8-20167e8a399a:192.168.164.208:40637, 836dac64-dd9f-4309-a076-e086947645e1:192.168.164.208:40723] with ContainerStateMachine:uninitialized
2019-11-13 20:17:29,157 [pool-159-thread-1] INFO  server.RaftServerConfigKeys (ConfUtils.java:logGet(43)) - raft.server.rpc.timeout.min = 1s (custom)
2019-11-13 20:17:29,157 [pool-159-thread-1] INFO  server.RaftServerConfigKeys (ConfUtils.java:logGet(43)) - raft.server.rpc.timeout.max = 1200ms (custom)
2019-11-13 20:17:29,157 [pool-159-thread-1] INFO  server.RaftServerConfigKeys (ConfUtils.java:logGet(43)) - raft.server.rpcslowness.timeout = 120s (custom)
2019-11-13 20:17:29,158 [pool-159-thread-1] INFO  server.RaftServerConfigKeys (ConfUtils.java:logGet(43)) - raft.server.sleep.deviation.threshold = 300 (default)
2019-11-13 20:17:29,158 [pool-149-thread-1] INFO  impl.RaftServerImpl (RaftServerImpl.java:<init>(98)) - 227642ba-0415-4d98-a6b8-20167e8a399a: new RaftServerImpl for group-6D7DD4B8F7C5:[d075120a-ef0f-46a0-9778-bb6f9a0780d0:192.168.164.208:39220, 227642ba-0415-4d98-a6b8-20167e8a399a:192.168.164.208:40637, 836dac64-dd9f-4309-a076-e086947645e1:192.168.164.208:40723] with ContainerStateMachine:uninitialized
2019-11-13 20:17:29,158 [pool-159-thread-1] INFO  server.RaftServerConfigKeys (ConfUtils.java:logGet(43)) - raft.server.log.appender.install.snapshot.enabled = false (custom)
2019-11-13 20:17:29,158 [pool-149-thread-1] INFO  server.RaftServerConfigKeys (ConfUtils.java:logGet(43)) - raft.server.rpc.timeout.min = 1s (custom)
2019-11-13 20:17:29,158 [pool-159-thread-1] INFO  impl.RaftServerImpl (ServerState.java:<init>(103)) - 836dac64-dd9f-4309-a076-e086947645e1@group-6D7DD4B8F7C5: ConfigurationManager, init=-1: [d075120a-ef0f-46a0-9778-bb6f9a0780d0:192.168.164.208:39220, 227642ba-0415-4d98-a6b8-20167e8a399a:192.168.164.208:40637, 836dac64-dd9f-4309-a076-e086947645e1:192.168.164.208:40723], old=null, confs=<EMPTY_MAP>
2019-11-13 20:17:29,158 [pool-149-thread-1] INFO  server.RaftServerConfigKeys (ConfUtils.java:logGet(43)) - raft.server.rpc.timeout.max = 1200ms (custom)
2019-11-13 20:17:29,158 [pool-149-thread-1] INFO  server.RaftServerConfigKeys (ConfUtils.java:logGet(43)) - raft.server.rpcslowness.timeout = 120s (custom)
2019-11-13 20:17:29,158 [pool-159-thread-1] INFO  server.RaftServerConfigKeys (ConfUtils.java:logGet(43)) - raft.server.storage.dir = [/workdir/hadoop-ozone/integration-test/target/test-dir/MiniOzoneClusterImpl-e03c2511-109e-4d60-a68c-0151beb67872/datanode-1/data/ratis] (custom)
2019-11-13 20:17:29,158 [pool-149-thread-1] INFO  server.RaftServerConfigKeys (ConfUtils.java:logGet(43)) - raft.server.sleep.deviation.threshold = 300 (default)
2019-11-13 20:17:29,158 [pool-169-thread-1] INFO  impl.RaftServerImpl (RaftServerImpl.java:<init>(98)) - d075120a-ef0f-46a0-9778-bb6f9a0780d0: new RaftServerImpl for group-6D7DD4B8F7C5:[d075120a-ef0f-46a0-9778-bb6f9a0780d0:192.168.164.208:39220, 227642ba-0415-4d98-a6b8-20167e8a399a:192.168.164.208:40637, 836dac64-dd9f-4309-a076-e086947645e1:192.168.164.208:40723] with ContainerStateMachine:uninitialized
2019-11-13 20:17:29,158 [pool-159-thread-1] INFO  server.RaftServerConfigKeys (ConfUtils.java:logGet(43)) - raft.server.log.corruption.policy = EXCEPTION (default)
2019-11-13 20:17:29,158 [pool-149-thread-1] INFO  server.RaftServerConfigKeys (ConfUtils.java:logGet(43)) - raft.server.log.appender.install.snapshot.enabled = false (custom)
2019-11-13 20:17:29,158 [pool-169-thread-1] INFO  server.RaftServerConfigKeys (ConfUtils.java:logGet(43)) - raft.server.rpc.timeout.min = 1s (custom)
2019-11-13 20:17:29,158 [pool-159-thread-1] INFO  storage.RaftStorageDirectory (RaftStorageDirectory.java:analyzeStorage(246)) - The storage directory /workdir/hadoop-ozone/integration-test/target/test-dir/MiniOzoneClusterImpl-e03c2511-109e-4d60-a68c-0151beb67872/datanode-1/data/ratis/a32ce739-8510-4e22-80f1-6d7dd4b8f7c5 does not exist. Creating ...
2019-11-13 20:17:29,158 [pool-149-thread-1] INFO  impl.RaftServerImpl (ServerState.java:<init>(103)) - 227642ba-0415-4d98-a6b8-20167e8a399a@group-6D7DD4B8F7C5: ConfigurationManager, init=-1: [d075120a-ef0f-46a0-9778-bb6f9a0780d0:192.168.164.208:39220, 227642ba-0415-4d98-a6b8-20167e8a399a:192.168.164.208:40637, 836dac64-dd9f-4309-a076-e086947645e1:192.168.164.208:40723], old=null, confs=<EMPTY_MAP>
2019-11-13 20:17:29,159 [pool-169-thread-1] INFO  server.RaftServerConfigKeys (ConfUtils.java:logGet(43)) - raft.server.rpc.timeout.max = 1200ms (custom)
2019-11-13 20:17:29,159 [pool-149-thread-1] INFO  server.RaftServerConfigKeys (ConfUtils.java:logGet(43)) - raft.server.storage.dir = [/workdir/hadoop-ozone/integration-test/target/test-dir/MiniOzoneClusterImpl-e03c2511-109e-4d60-a68c-0151beb67872/datanode-0/data/ratis] (custom)
2019-11-13 20:17:29,159 [pool-169-thread-1] INFO  server.RaftServerConfigKeys (ConfUtils.java:logGet(43)) - raft.server.rpcslowness.timeout = 120s (custom)
2019-11-13 20:17:29,159 [pool-169-thread-1] INFO  server.RaftServerConfigKeys (ConfUtils.java:logGet(43)) - raft.server.sleep.deviation.threshold = 300 (default)
2019-11-13 20:17:29,159 [pool-149-thread-1] INFO  server.RaftServerConfigKeys (ConfUtils.java:logGet(43)) - raft.server.log.corruption.policy = EXCEPTION (default)
2019-11-13 20:17:29,159 [pool-169-thread-1] INFO  server.RaftServerConfigKeys (ConfUtils.java:logGet(43)) - raft.server.log.appender.install.snapshot.enabled = false (custom)
2019-11-13 20:17:29,159 [pool-149-thread-1] INFO  storage.RaftStorageDirectory (RaftStorageDirectory.java:analyzeStorage(246)) - The storage directory /workdir/hadoop-ozone/integration-test/target/test-dir/MiniOzoneClusterImpl-e03c2511-109e-4d60-a68c-0151beb67872/datanode-0/data/ratis/a32ce739-8510-4e22-80f1-6d7dd4b8f7c5 does not exist. Creating ...
2019-11-13 20:17:29,159 [pool-169-thread-1] INFO  impl.RaftServerImpl (ServerState.java:<init>(103)) - d075120a-ef0f-46a0-9778-bb6f9a0780d0@group-6D7DD4B8F7C5: ConfigurationManager, init=-1: [d075120a-ef0f-46a0-9778-bb6f9a0780d0:192.168.164.208:39220, 227642ba-0415-4d98-a6b8-20167e8a399a:192.168.164.208:40637, 836dac64-dd9f-4309-a076-e086947645e1:192.168.164.208:40723], old=null, confs=<EMPTY_MAP>
2019-11-13 20:17:29,159 [pool-169-thread-1] INFO  server.RaftServerConfigKeys (ConfUtils.java:logGet(43)) - raft.server.storage.dir = [/workdir/hadoop-ozone/integration-test/target/test-dir/MiniOzoneClusterImpl-e03c2511-109e-4d60-a68c-0151beb67872/datanode-2/data/ratis] (custom)
2019-11-13 20:17:29,159 [pool-169-thread-1] INFO  server.RaftServerConfigKeys (ConfUtils.java:logGet(43)) - raft.server.log.corruption.policy = EXCEPTION (default)
2019-11-13 20:17:29,160 [pool-169-thread-1] INFO  storage.RaftStorageDirectory (RaftStorageDirectory.java:analyzeStorage(246)) - The storage directory /workdir/hadoop-ozone/integration-test/target/test-dir/MiniOzoneClusterImpl-e03c2511-109e-4d60-a68c-0151beb67872/datanode-2/data/ratis/a32ce739-8510-4e22-80f1-6d7dd4b8f7c5 does not exist. Creating ...
2019-11-13 20:17:29,186 [pool-169-thread-1] INFO  storage.RaftStorageDirectory (RaftStorageDirectory.java:tryLock(328)) - Lock on /workdir/hadoop-ozone/integration-test/target/test-dir/MiniOzoneClusterImpl-e03c2511-109e-4d60-a68c-0151beb67872/datanode-2/data/ratis/a32ce739-8510-4e22-80f1-6d7dd4b8f7c5/in_use.lock acquired by nodename 4344@pr-hdds-2375-t422d-1049308724
2019-11-13 20:17:29,186 [pool-159-thread-1] INFO  storage.RaftStorageDirectory (RaftStorageDirectory.java:tryLock(328)) - Lock on /workdir/hadoop-ozone/integration-test/target/test-dir/MiniOzoneClusterImpl-e03c2511-109e-4d60-a68c-0151beb67872/datanode-1/data/ratis/a32ce739-8510-4e22-80f1-6d7dd4b8f7c5/in_use.lock acquired by nodename 4344@pr-hdds-2375-t422d-1049308724
2019-11-13 20:17:29,186 [pool-149-thread-1] INFO  storage.RaftStorageDirectory (RaftStorageDirectory.java:tryLock(328)) - Lock on /workdir/hadoop-ozone/integration-test/target/test-dir/MiniOzoneClusterImpl-e03c2511-109e-4d60-a68c-0151beb67872/datanode-0/data/ratis/a32ce739-8510-4e22-80f1-6d7dd4b8f7c5/in_use.lock acquired by nodename 4344@pr-hdds-2375-t422d-1049308724
2019-11-13 20:17:29,218 [pool-149-thread-1] INFO  storage.RaftStorage (RaftStorage.java:format(84)) - Storage directory /workdir/hadoop-ozone/integration-test/target/test-dir/MiniOzoneClusterImpl-e03c2511-109e-4d60-a68c-0151beb67872/datanode-0/data/ratis/a32ce739-8510-4e22-80f1-6d7dd4b8f7c5 has been successfully formatted.
2019-11-13 20:17:29,218 [pool-159-thread-1] INFO  storage.RaftStorage (RaftStorage.java:format(84)) - Storage directory /workdir/hadoop-ozone/integration-test/target/test-dir/MiniOzoneClusterImpl-e03c2511-109e-4d60-a68c-0151beb67872/datanode-1/data/ratis/a32ce739-8510-4e22-80f1-6d7dd4b8f7c5 has been successfully formatted.
2019-11-13 20:17:29,218 [pool-169-thread-1] INFO  storage.RaftStorage (RaftStorage.java:format(84)) - Storage directory /workdir/hadoop-ozone/integration-test/target/test-dir/MiniOzoneClusterImpl-e03c2511-109e-4d60-a68c-0151beb67872/datanode-2/data/ratis/a32ce739-8510-4e22-80f1-6d7dd4b8f7c5 has been successfully formatted.
2019-11-13 20:17:29,219 [pool-149-thread-1] INFO  ratis.ContainerStateMachine (ContainerStateMachine.java:loadSnapshot(223)) - group-6D7DD4B8F7C5: The snapshot info is null. Setting the last applied indexto:(t:0, i:~)
2019-11-13 20:17:29,219 [pool-169-thread-1] INFO  ratis.ContainerStateMachine (ContainerStateMachine.java:loadSnapshot(223)) - group-6D7DD4B8F7C5: The snapshot info is null. Setting the last applied indexto:(t:0, i:~)
2019-11-13 20:17:29,219 [pool-159-thread-1] INFO  ratis.ContainerStateMachine (ContainerStateMachine.java:loadSnapshot(223)) - group-6D7DD4B8F7C5: The snapshot info is null. Setting the last applied indexto:(t:0, i:~)
2019-11-13 20:17:29,219 [pool-169-thread-1] INFO  server.RaftServerConfigKeys (ConfUtils.java:logGet(43)) - raft.server.notification.no-leader.timeout = 120s (custom)
2019-11-13 20:17:29,219 [pool-149-thread-1] INFO  server.RaftServerConfigKeys (ConfUtils.java:logGet(43)) - raft.server.notification.no-leader.timeout = 120s (custom)
2019-11-13 20:17:29,219 [pool-169-thread-1] INFO  server.RaftServerConfigKeys (ConfUtils.java:logGet(43)) - raft.server.log.use.memory = false (default)
2019-11-13 20:17:29,219 [pool-159-thread-1] INFO  server.RaftServerConfigKeys (ConfUtils.java:logGet(43)) - raft.server.notification.no-leader.timeout = 120s (custom)
2019-11-13 20:17:29,219 [pool-169-thread-1] INFO  server.RaftServerConfigKeys (ConfUtils.java:logGet(43)) - raft.server.log.purge.gap = 1000000 (custom)
2019-11-13 20:17:29,219 [pool-149-thread-1] INFO  server.RaftServerConfigKeys (ConfUtils.java:logGet(43)) - raft.server.log.use.memory = false (default)
2019-11-13 20:17:29,220 [pool-169-thread-1] INFO  server.RaftServerConfigKeys (ConfUtils.java:logGet(43)) - raft.server.log.appender.buffer.byte-limit = 33554432 (custom)
2019-11-13 20:17:29,219 [pool-159-thread-1] INFO  server.RaftServerConfigKeys (ConfUtils.java:logGet(43)) - raft.server.log.use.memory = false (default)
2019-11-13 20:17:29,220 [pool-169-thread-1] INFO  server.RaftServerConfigKeys (ConfUtils.java:logGet(43)) - raft.server.log.segment.size.max = 1048576 (custom)
2019-11-13 20:17:29,220 [pool-149-thread-1] INFO  server.RaftServerConfigKeys (ConfUtils.java:logGet(43)) - raft.server.log.purge.gap = 1000000 (custom)
2019-11-13 20:17:29,220 [pool-169-thread-1] INFO  server.RaftServerConfigKeys (ConfUtils.java:logGet(43)) - raft.server.log.segment.cache.num.max = 2 (custom)
2019-11-13 20:17:29,220 [pool-159-thread-1] INFO  server.RaftServerConfigKeys (ConfUtils.java:logGet(43)) - raft.server.log.purge.gap = 1000000 (custom)
2019-11-13 20:17:29,220 [pool-169-thread-1] INFO  segmented.SegmentedRaftLogWorker (SegmentedRaftLogWorker.java:<init>(173)) - new d075120a-ef0f-46a0-9778-bb6f9a0780d0@group-6D7DD4B8F7C5-SegmentedRaftLogWorker for RaftStorage:Storage Directory /workdir/hadoop-ozone/integration-test/target/test-dir/MiniOzoneClusterImpl-e03c2511-109e-4d60-a68c-0151beb67872/datanode-2/data/ratis/a32ce739-8510-4e22-80f1-6d7dd4b8f7c5
2019-11-13 20:17:29,220 [pool-149-thread-1] INFO  server.RaftServerConfigKeys (ConfUtils.java:logGet(43)) - raft.server.log.appender.buffer.byte-limit = 33554432 (custom)
2019-11-13 20:17:29,220 [pool-169-thread-1] INFO  server.RaftServerConfigKeys (ConfUtils.java:logGet(43)) - raft.server.log.queue.byte-limit = 2147483647 (custom)
2019-11-13 20:17:29,220 [pool-159-thread-1] INFO  server.RaftServerConfigKeys (ConfUtils.java:logGet(43)) - raft.server.log.appender.buffer.byte-limit = 33554432 (custom)
2019-11-13 20:17:29,221 [pool-169-thread-1] INFO  server.RaftServerConfigKeys (ConfUtils.java:logGet(43)) - raft.server.log.queue.element-limit = 1024 (custom)
2019-11-13 20:17:29,221 [pool-149-thread-1] INFO  server.RaftServerConfigKeys (ConfUtils.java:logGet(43)) - raft.server.log.segment.size.max = 1048576 (custom)
2019-11-13 20:17:29,221 [pool-169-thread-1] INFO  server.RaftServerConfigKeys (ConfUtils.java:logGet(43)) - raft.server.log.segment.size.max = 1048576 (custom)
2019-11-13 20:17:29,221 [pool-159-thread-1] INFO  server.RaftServerConfigKeys (ConfUtils.java:logGet(43)) - raft.server.log.segment.size.max = 1048576 (custom)
2019-11-13 20:17:29,221 [pool-169-thread-1] INFO  server.RaftServerConfigKeys (ConfUtils.java:logGet(43)) - raft.server.log.preallocated.size = 16384 (custom)
2019-11-13 20:17:29,221 [pool-169-thread-1] INFO  server.RaftServerConfigKeys (ConfUtils.java:logGet(43)) - raft.server.log.write.buffer.size = 33554432 (custom)
2019-11-13 20:17:29,221 [pool-149-thread-1] INFO  server.RaftServerConfigKeys (ConfUtils.java:logGet(43)) - raft.server.log.segment.cache.num.max = 2 (custom)
2019-11-13 20:17:29,221 [pool-169-thread-1] INFO  server.RaftServerConfigKeys (ConfUtils.java:logGet(43)) - raft.server.log.force.sync.num = 128 (default)
2019-11-13 20:17:29,221 [pool-159-thread-1] INFO  server.RaftServerConfigKeys (ConfUtils.java:logGet(43)) - raft.server.log.segment.cache.num.max = 2 (custom)
2019-11-13 20:17:29,222 [pool-169-thread-1] INFO  server.RaftServerConfigKeys (ConfUtils.java:logGet(43)) - raft.server.log.statemachine.data.sync = true (default)
2019-11-13 20:17:29,222 [pool-149-thread-1] INFO  segmented.SegmentedRaftLogWorker (SegmentedRaftLogWorker.java:<init>(173)) - new 227642ba-0415-4d98-a6b8-20167e8a399a@group-6D7DD4B8F7C5-SegmentedRaftLogWorker for RaftStorage:Storage Directory /workdir/hadoop-ozone/integration-test/target/test-dir/MiniOzoneClusterImpl-e03c2511-109e-4d60-a68c-0151beb67872/datanode-0/data/ratis/a32ce739-8510-4e22-80f1-6d7dd4b8f7c5
2019-11-13 20:17:29,222 [pool-169-thread-1] INFO  server.RaftServerConfigKeys (ConfUtils.java:logGet(43)) - raft.server.log.statemachine.data.sync.timeout = 10s (default)
2019-11-13 20:17:29,222 [pool-159-thread-1] INFO  segmented.SegmentedRaftLogWorker (SegmentedRaftLogWorker.java:<init>(173)) - new 836dac64-dd9f-4309-a076-e086947645e1@group-6D7DD4B8F7C5-SegmentedRaftLogWorker for RaftStorage:Storage Directory /workdir/hadoop-ozone/integration-test/target/test-dir/MiniOzoneClusterImpl-e03c2511-109e-4d60-a68c-0151beb67872/datanode-1/data/ratis/a32ce739-8510-4e22-80f1-6d7dd4b8f7c5
2019-11-13 20:17:29,222 [pool-169-thread-1] INFO  server.RaftServerConfigKeys (ConfUtils.java:logGet(43)) - raft.server.log.statemachine.data.sync.timeout.retry = -1 (default)
2019-11-13 20:17:29,222 [pool-149-thread-1] INFO  server.RaftServerConfigKeys (ConfUtils.java:logGet(43)) - raft.server.log.queue.byte-limit = 2147483647 (custom)
2019-11-13 20:17:29,222 [pool-169-thread-1] INFO  server.RaftServerConfigKeys (ConfUtils.java:logGet(43)) - raft.server.log.statemachine.data.caching.enabled = true (custom)
2019-11-13 20:17:29,222 [pool-159-thread-1] INFO  server.RaftServerConfigKeys (ConfUtils.java:logGet(43)) - raft.server.log.queue.byte-limit = 2147483647 (custom)
2019-11-13 20:17:29,223 [pool-149-thread-1] INFO  server.RaftServerConfigKeys (ConfUtils.java:logGet(43)) - raft.server.log.queue.element-limit = 1024 (custom)
2019-11-13 20:17:29,223 [pool-169-thread-1] INFO  segmented.SegmentedRaftLogWorker (SegmentedRaftLogWorker.java:lambda$new$0(128)) - d075120a-ef0f-46a0-9778-bb6f9a0780d0@group-6D7DD4B8F7C5-SegmentedRaftLogWorker: flushIndex: setUnconditionally 0 -> -1
2019-11-13 20:17:29,223 [pool-159-thread-1] INFO  server.RaftServerConfigKeys (ConfUtils.java:logGet(43)) - raft.server.log.queue.element-limit = 1024 (custom)
2019-11-13 20:17:29,223 [pool-149-thread-1] INFO  server.RaftServerConfigKeys (ConfUtils.java:logGet(43)) - raft.server.log.segment.size.max = 1048576 (custom)
2019-11-13 20:17:29,223 [pool-169-thread-1] INFO  server.RaftServerConfigKeys (ConfUtils.java:logGet(43)) - raft.server.snapshot.auto.trigger.enabled = true (custom)
2019-11-13 20:17:29,223 [pool-159-thread-1] INFO  server.RaftServerConfigKeys (ConfUtils.java:logGet(43)) - raft.server.log.segment.size.max = 1048576 (custom)
2019-11-13 20:17:29,223 [pool-169-thread-1] INFO  server.RaftServerConfigKeys (ConfUtils.java:logGet(43)) - raft.server.snapshot.auto.trigger.threshold = 10000 (custom)
2019-11-13 20:17:29,223 [pool-169-thread-1] INFO  server.RaftServerConfigKeys (ConfUtils.java:logGet(43)) - raft.server.snapshot.retention.file.num = 5 (custom)
2019-11-13 20:17:29,223 [pool-149-thread-1] INFO  server.RaftServerConfigKeys (ConfUtils.java:logGet(43)) - raft.server.log.preallocated.size = 16384 (custom)
2019-11-13 20:17:29,224 [pool-169-thread-1] INFO  server.RaftServerConfigKeys (ConfUtils.java:logGet(43)) - raft.server.retrycache.expirytime = 600000ms (custom)
2019-11-13 20:17:29,223 [pool-159-thread-1] INFO  server.RaftServerConfigKeys (ConfUtils.java:logGet(43)) - raft.server.log.preallocated.size = 16384 (custom)
2019-11-13 20:17:29,224 [pool-169-thread-1] WARN  impl.MetricRegistriesImpl (MetricRegistriesImpl.java:lambda$create$1(61)) - First MetricRegistry has been created without registering reporters. You may need to call MetricRegistries.global().addReportRegistration(...) before.
2019-11-13 20:17:29,224 [pool-149-thread-1] INFO  server.RaftServerConfigKeys (ConfUtils.java:logGet(43)) - raft.server.log.write.buffer.size = 33554432 (custom)
2019-11-13 20:17:29,224 [pool-169-thread-1] WARN  impl.MetricRegistriesImpl (MetricRegistriesImpl.java:lambda$create$1(61)) - First MetricRegistry has been created without registering reporters. You may need to call MetricRegistries.global().addReportRegistration(...) before.
2019-11-13 20:17:29,224 [pool-159-thread-1] INFO  server.RaftServerConfigKeys (ConfUtils.java:logGet(43)) - raft.server.log.write.buffer.size = 33554432 (custom)
2019-11-13 20:17:29,224 [pool-169-thread-1] INFO  impl.RaftServerImpl (RaftServerImpl.java:start(184)) - d075120a-ef0f-46a0-9778-bb6f9a0780d0@group-6D7DD4B8F7C5: start as a follower, conf=-1: [d075120a-ef0f-46a0-9778-bb6f9a0780d0:192.168.164.208:39220, 227642ba-0415-4d98-a6b8-20167e8a399a:192.168.164.208:40637, 836dac64-dd9f-4309-a076-e086947645e1:192.168.164.208:40723], old=null
2019-11-13 20:17:29,224 [pool-169-thread-1] INFO  impl.RaftServerImpl (RaftServerImpl.java:setRole(173)) - d075120a-ef0f-46a0-9778-bb6f9a0780d0@group-6D7DD4B8F7C5: changes role from      null to FOLLOWER at term 0 for startAsFollower
2019-11-13 20:17:29,224 [pool-149-thread-1] INFO  server.RaftServerConfigKeys (ConfUtils.java:logGet(43)) - raft.server.log.force.sync.num = 128 (default)
2019-11-13 20:17:29,225 [pool-169-thread-1] INFO  impl.RoleInfo (RoleInfo.java:updateAndGet(143)) - d075120a-ef0f-46a0-9778-bb6f9a0780d0: start FollowerState
2019-11-13 20:17:29,224 [pool-159-thread-1] INFO  server.RaftServerConfigKeys (ConfUtils.java:logGet(43)) - raft.server.log.force.sync.num = 128 (default)
2019-11-13 20:17:29,225 [pool-149-thread-1] INFO  server.RaftServerConfigKeys (ConfUtils.java:logGet(43)) - raft.server.log.statemachine.data.sync = true (default)
2019-11-13 20:17:29,225 [pool-169-thread-1] INFO  util.JmxRegister (JmxRegister.java:tryRegister(44)) - Successfully registered JMX Bean with object name Ratis:service=RaftServer,group=group-6D7DD4B8F7C5,id=d075120a-ef0f-46a0-9778-bb6f9a0780d0
2019-11-13 20:17:29,225 [pool-159-thread-1] INFO  server.RaftServerConfigKeys (ConfUtils.java:logGet(43)) - raft.server.log.statemachine.data.sync = true (default)
2019-11-13 20:17:29,225 [pool-169-thread-1] WARN  impl.MetricRegistriesImpl (MetricRegistriesImpl.java:lambda$create$1(61)) - First MetricRegistry has been created without registering reporters. You may need to call MetricRegistries.global().addReportRegistration(...) before.
2019-11-13 20:17:29,225 [pool-149-thread-1] INFO  server.RaftServerConfigKeys (ConfUtils.java:logGet(43)) - raft.server.log.statemachine.data.sync.timeout = 10s (default)
2019-11-13 20:17:29,225 [pool-159-thread-1] INFO  server.RaftServerConfigKeys (ConfUtils.java:logGet(43)) - raft.server.log.statemachine.data.sync.timeout = 10s (default)
2019-11-13 20:17:29,226 [pool-149-thread-1] INFO  server.RaftServerConfigKeys (ConfUtils.java:logGet(43)) - raft.server.log.statemachine.data.sync.timeout.retry = -1 (default)
2019-11-13 20:17:29,226 [pool-159-thread-1] INFO  server.RaftServerConfigKeys (ConfUtils.java:logGet(43)) - raft.server.log.statemachine.data.sync.timeout.retry = -1 (default)
2019-11-13 20:17:29,226 [pool-149-thread-1] INFO  server.RaftServerConfigKeys (ConfUtils.java:logGet(43)) - raft.server.log.statemachine.data.caching.enabled = true (custom)
2019-11-13 20:17:29,226 [pool-159-thread-1] INFO  server.RaftServerConfigKeys (ConfUtils.java:logGet(43)) - raft.server.log.statemachine.data.caching.enabled = true (custom)
2019-11-13 20:17:29,226 [pool-149-thread-1] INFO  segmented.SegmentedRaftLogWorker (SegmentedRaftLogWorker.java:lambda$new$0(128)) - 227642ba-0415-4d98-a6b8-20167e8a399a@group-6D7DD4B8F7C5-SegmentedRaftLogWorker: flushIndex: setUnconditionally 0 -> -1
2019-11-13 20:17:29,226 [pool-159-thread-1] INFO  segmented.SegmentedRaftLogWorker (SegmentedRaftLogWorker.java:lambda$new$0(128)) - 836dac64-dd9f-4309-a076-e086947645e1@group-6D7DD4B8F7C5-SegmentedRaftLogWorker: flushIndex: setUnconditionally 0 -> -1
2019-11-13 20:17:29,227 [pool-149-thread-1] INFO  server.RaftServerConfigKeys (ConfUtils.java:logGet(43)) - raft.server.snapshot.auto.trigger.enabled = true (custom)
2019-11-13 20:17:29,227 [pool-149-thread-1] INFO  server.RaftServerConfigKeys (ConfUtils.java:logGet(43)) - raft.server.snapshot.auto.trigger.threshold = 10000 (custom)
2019-11-13 20:17:29,227 [pool-159-thread-1] INFO  server.RaftServerConfigKeys (ConfUtils.java:logGet(43)) - raft.server.snapshot.auto.trigger.enabled = true (custom)
2019-11-13 20:17:29,227 [pool-149-thread-1] INFO  server.RaftServerConfigKeys (ConfUtils.java:logGet(43)) - raft.server.snapshot.retention.file.num = 5 (custom)
2019-11-13 20:17:29,227 [pool-159-thread-1] INFO  server.RaftServerConfigKeys (ConfUtils.java:logGet(43)) - raft.server.snapshot.auto.trigger.threshold = 10000 (custom)
2019-11-13 20:17:29,227 [pool-149-thread-1] INFO  server.RaftServerConfigKeys (ConfUtils.java:logGet(43)) - raft.server.retrycache.expirytime = 600000ms (custom)
2019-11-13 20:17:29,227 [pool-159-thread-1] INFO  server.RaftServerConfigKeys (ConfUtils.java:logGet(43)) - raft.server.snapshot.retention.file.num = 5 (custom)
2019-11-13 20:17:29,227 [pool-149-thread-1] WARN  impl.MetricRegistriesImpl (MetricRegistriesImpl.java:lambda$create$1(61)) - First MetricRegistry has been created without registering reporters. You may need to call MetricRegistries.global().addReportRegistration(...) before.
2019-11-13 20:17:29,228 [pool-159-thread-1] INFO  server.RaftServerConfigKeys (ConfUtils.java:logGet(43)) - raft.server.retrycache.expirytime = 600000ms (custom)
2019-11-13 20:17:29,228 [pool-149-thread-1] WARN  impl.MetricRegistriesImpl (MetricRegistriesImpl.java:lambda$create$1(61)) - First MetricRegistry has been created without registering reporters. You may need to call MetricRegistries.global().addReportRegistration(...) before.
2019-11-13 20:17:29,228 [pool-159-thread-1] WARN  impl.MetricRegistriesImpl (MetricRegistriesImpl.java:lambda$create$1(61)) - First MetricRegistry has been created without registering reporters. You may need to call MetricRegistries.global().addReportRegistration(...) before.
2019-11-13 20:17:29,228 [pool-149-thread-1] INFO  impl.RaftServerImpl (RaftServerImpl.java:start(184)) - 227642ba-0415-4d98-a6b8-20167e8a399a@group-6D7DD4B8F7C5: start as a follower, conf=-1: [d075120a-ef0f-46a0-9778-bb6f9a0780d0:192.168.164.208:39220, 227642ba-0415-4d98-a6b8-20167e8a399a:192.168.164.208:40637, 836dac64-dd9f-4309-a076-e086947645e1:192.168.164.208:40723], old=null
2019-11-13 20:17:29,228 [pool-159-thread-1] WARN  impl.MetricRegistriesImpl (MetricRegistriesImpl.java:lambda$create$1(61)) - First MetricRegistry has been created without registering reporters. You may need to call MetricRegistries.global().addReportRegistration(...) before.
2019-11-13 20:17:29,228 [pool-149-thread-1] INFO  impl.RaftServerImpl (RaftServerImpl.java:setRole(173)) - 227642ba-0415-4d98-a6b8-20167e8a399a@group-6D7DD4B8F7C5: changes role from      null to FOLLOWER at term 0 for startAsFollower
2019-11-13 20:17:29,228 [pool-159-thread-1] INFO  impl.RaftServerImpl (RaftServerImpl.java:start(184)) - 836dac64-dd9f-4309-a076-e086947645e1@group-6D7DD4B8F7C5: start as a follower, conf=-1: [d075120a-ef0f-46a0-9778-bb6f9a0780d0:192.168.164.208:39220, 227642ba-0415-4d98-a6b8-20167e8a399a:192.168.164.208:40637, 836dac64-dd9f-4309-a076-e086947645e1:192.168.164.208:40723], old=null
2019-11-13 20:17:29,228 [pool-149-thread-1] INFO  impl.RoleInfo (RoleInfo.java:updateAndGet(143)) - 227642ba-0415-4d98-a6b8-20167e8a399a: start FollowerState
2019-11-13 20:17:29,229 [pool-159-thread-1] INFO  impl.RaftServerImpl (RaftServerImpl.java:setRole(173)) - 836dac64-dd9f-4309-a076-e086947645e1@group-6D7DD4B8F7C5: changes role from      null to FOLLOWER at term 0 for startAsFollower
2019-11-13 20:17:29,229 [pool-159-thread-1] INFO  impl.RoleInfo (RoleInfo.java:updateAndGet(143)) - 836dac64-dd9f-4309-a076-e086947645e1: start FollowerState
2019-11-13 20:17:29,229 [pool-149-thread-1] INFO  util.JmxRegister (JmxRegister.java:tryRegister(44)) - Successfully registered JMX Bean with object name Ratis:service=RaftServer,group=group-6D7DD4B8F7C5,id=227642ba-0415-4d98-a6b8-20167e8a399a
2019-11-13 20:17:29,229 [pool-149-thread-1] WARN  impl.MetricRegistriesImpl (MetricRegistriesImpl.java:lambda$create$1(61)) - First MetricRegistry has been created without registering reporters. You may need to call MetricRegistries.global().addReportRegistration(...) before.
2019-11-13 20:17:29,229 [pool-159-thread-1] INFO  util.JmxRegister (JmxRegister.java:tryRegister(44)) - Successfully registered JMX Bean with object name Ratis:service=RaftServer,group=group-6D7DD4B8F7C5,id=836dac64-dd9f-4309-a076-e086947645e1
2019-11-13 20:17:29,229 [pool-159-thread-1] WARN  impl.MetricRegistriesImpl (MetricRegistriesImpl.java:lambda$create$1(61)) - First MetricRegistry has been created without registering reporters. You may need to call MetricRegistries.global().addReportRegistration(...) before.
2019-11-13 20:17:29,232 [RatisPipelineUtilsThread] INFO  pipeline.PipelineStateManager (PipelineStateManager.java:addPipeline(55)) - Created pipeline Pipeline[ Id: a32ce739-8510-4e22-80f1-6d7dd4b8f7c5, Nodes: d075120a-ef0f-46a0-9778-bb6f9a0780d0{ip: 192.168.164.208, host: pr-hdds-2375-t422d-1049308724, networkLocation: /rack1, certSerialId: null}836dac64-dd9f-4309-a076-e086947645e1{ip: 192.168.164.208, host: pr-hdds-2375-t422d-1049308724, networkLocation: /rack1, certSerialId: null}227642ba-0415-4d98-a6b8-20167e8a399a{ip: 192.168.164.208, host: pr-hdds-2375-t422d-1049308724, networkLocation: /rack1, certSerialId: null}, Type:RATIS, Factor:THREE, State:ALLOCATED]
2019-11-13 20:17:29,309 [main] WARN  io.KeyOutputStream (KeyOutputStream.java:handleException(274)) - Encountered exception java.io.IOException: Unexpected Storage Container Exception: java.util.concurrent.CompletionException: java.util.concurrent.CompletionException: org.apache.ratis.protocol.GroupMismatchException: 7d2a40c8-d27f-493d-a958-c7cf8432838d: group-6E6279529A94 not found. on the pipeline Pipeline[ Id: 4581ef2a-2245-4ecb-8cce-6e6279529a94, Nodes: 845221a7-8c03-4ab3-a7ad-b09d998a1b3e{ip: 192.168.164.208, host: pr-hdds-2375-t422d-1049308724, networkLocation: /rack1, certSerialId: null}7d2a40c8-d27f-493d-a958-c7cf8432838d{ip: 192.168.164.208, host: pr-hdds-2375-t422d-1049308724, networkLocation: /rack1, certSerialId: null}fbe234eb-236c-4e93-9bcf-aa21ab9b5fff{ip: 192.168.164.208, host: pr-hdds-2375-t422d-1049308724, networkLocation: /rack1, certSerialId: null}, Type:RATIS, Factor:THREE, State:OPEN]. The last committed block length is 0, uncommitted data length is 1048576 retry count 0
2019-11-13 20:17:29,310 [main] INFO  io.BlockOutputStreamEntryPool (BlockOutputStreamEntryPool.java:allocateNewBlock(257)) - Allocating block with ExcludeList {datanodes = [], containerIds = [], pipelineIds = [PipelineID=4581ef2a-2245-4ecb-8cce-6e6279529a94]}
2019-11-13 20:17:29,314 [IPC Server handler 3 on 45994] WARN  block.BlockManagerImpl (BlockManagerImpl.java:allocateBlock(200)) - Pipeline creation failed for type:RATIS factor:THREE. Retrying get pipelines call once.
org.apache.hadoop.hdds.scm.pipeline.InsufficientDatanodesException: Cannot create pipeline of factor 3 using 1 nodes.
	at org.apache.hadoop.hdds.scm.pipeline.RatisPipelineProvider.create(RatisPipelineProvider.java:153)
	at org.apache.hadoop.hdds.scm.pipeline.PipelineFactory.create(PipelineFactory.java:58)
	at org.apache.hadoop.hdds.scm.pipeline.SCMPipelineManager.createPipeline(SCMPipelineManager.java:155)
	at org.apache.hadoop.hdds.scm.block.BlockManagerImpl.allocateBlock(BlockManagerImpl.java:198)
	at org.apache.hadoop.hdds.scm.server.SCMBlockProtocolServer.allocateBlock(SCMBlockProtocolServer.java:187)
	at org.apache.hadoop.hdds.scm.protocol.ScmBlockLocationProtocolServerSideTranslatorPB.allocateScmBlock(ScmBlockLocationProtocolServerSideTranslatorPB.java:159)
	at org.apache.hadoop.hdds.scm.protocol.ScmBlockLocationProtocolServerSideTranslatorPB.processMessage(ScmBlockLocationProtocolServerSideTranslatorPB.java:117)
	at org.apache.hadoop.hdds.server.OzoneProtocolMessageDispatcher.processRequest(OzoneProtocolMessageDispatcher.java:72)
	at org.apache.hadoop.hdds.scm.protocol.ScmBlockLocationProtocolServerSideTranslatorPB.send(ScmBlockLocationProtocolServerSideTranslatorPB.java:98)
	at org.apache.hadoop.hdds.protocol.proto.ScmBlockLocationProtocolProtos$ScmBlockLocationProtocolService$2.callBlockingMethod(ScmBlockLocationProtocolProtos.java:13157)
	at org.apache.hadoop.ipc.ProtobufRpcEngine$Server$ProtoBufRpcInvoker.call(ProtobufRpcEngine.java:524)
	at org.apache.hadoop.ipc.RPC$Server.call(RPC.java:1025)
	at org.apache.hadoop.ipc.Server$RpcCall.run(Server.java:876)
	at org.apache.hadoop.ipc.Server$RpcCall.run(Server.java:822)
	at java.security.AccessController.doPrivileged(Native Method)
	at javax.security.auth.Subject.doAs(Subject.java:422)
	at org.apache.hadoop.security.UserGroupInformation.doAs(UserGroupInformation.java:1730)
	at org.apache.hadoop.ipc.Server$Handler.run(Server.java:2682)
2019-11-13 20:17:29,314 [IPC Server handler 3 on 45994] INFO  block.BlockManagerImpl (BlockManagerImpl.java:allocateBlock(212)) - Could not find available pipeline of type:RATIS and factor:THREE even after retrying
2019-11-13 20:17:29,314 [IPC Server handler 3 on 45994] ERROR block.BlockManagerImpl (BlockManagerImpl.java:allocateBlock(236)) - Unable to allocate a block for the size: 4194304, type: RATIS, factor: THREE
2019-11-13 20:17:29,318 [main] ERROR io.BlockOutputStreamEntryPool (BlockOutputStreamEntryPool.java:allocateBlockIfNeeded(310)) - Try to allocate more blocks for write failed, already allocated 0 blocks for this write.
INTERNAL_ERROR org.apache.hadoop.ozone.om.exceptions.OMException: Allocated 0 blocks. Requested 1 blocks
	at org.apache.hadoop.ozone.om.protocolPB.OzoneManagerProtocolClientSideTranslatorPB.handleError(OzoneManagerProtocolClientSideTranslatorPB.java:761)
	at org.apache.hadoop.ozone.om.protocolPB.OzoneManagerProtocolClientSideTranslatorPB.allocateBlock(OzoneManagerProtocolClientSideTranslatorPB.java:793)
	at sun.reflect.NativeMethodAccessorImpl.invoke0(Native Method)
	at sun.reflect.NativeMethodAccessorImpl.invoke(NativeMethodAccessorImpl.java:62)
	at sun.reflect.DelegatingMethodAccessorImpl.invoke(DelegatingMethodAccessorImpl.java:43)
	at java.lang.reflect.Method.invoke(Method.java:498)
	at org.apache.hadoop.hdds.tracing.TraceAllMethod.invoke(TraceAllMethod.java:66)
	at com.sun.proxy.$Proxy36.allocateBlock(Unknown Source)
	at org.apache.hadoop.ozone.client.io.BlockOutputStreamEntryPool.allocateNewBlock(BlockOutputStreamEntryPool.java:259)
	at org.apache.hadoop.ozone.client.io.BlockOutputStreamEntryPool.allocateBlockIfNeeded(BlockOutputStreamEntryPool.java:307)
	at org.apache.hadoop.ozone.client.io.KeyOutputStream.handleWrite(KeyOutputStream.java:198)
	at org.apache.hadoop.ozone.client.io.KeyOutputStream.handleRetry(KeyOutputStream.java:375)
	at org.apache.hadoop.ozone.client.io.KeyOutputStream.handleException(KeyOutputStream.java:324)
	at org.apache.hadoop.ozone.client.io.KeyOutputStream.handleFlushOrClose(KeyOutputStream.java:449)
	at org.apache.hadoop.ozone.client.io.KeyOutputStream.flush(KeyOutputStream.java:397)
	at org.apache.hadoop.ozone.client.io.OzoneOutputStream.flush(OzoneOutputStream.java:54)
	at org.apache.hadoop.ozone.client.rpc.TestFailureHandlingByClient.testContainerExclusionWithClosedContainerException(TestFailureHandlingByClient.java:241)
	at sun.reflect.NativeMethodAccessorImpl.invoke0(Native Method)
	at sun.reflect.NativeMethodAccessorImpl.invoke(NativeMethodAccessorImpl.java:62)
	at sun.reflect.DelegatingMethodAccessorImpl.invoke(DelegatingMethodAccessorImpl.java:43)
	at java.lang.reflect.Method.invoke(Method.java:498)
	at org.junit.runners.model.FrameworkMethod$1.runReflectiveCall(FrameworkMethod.java:47)
	at org.junit.internal.runners.model.ReflectiveCallable.run(ReflectiveCallable.java:12)
	at org.junit.runners.model.FrameworkMethod.invokeExplosively(FrameworkMethod.java:44)
	at org.junit.internal.runners.statements.InvokeMethod.evaluate(InvokeMethod.java:17)
	at org.junit.internal.runners.statements.RunAfters.evaluate(RunAfters.java:27)
	at org.junit.runners.ParentRunner.runLeaf(ParentRunner.java:271)
	at org.junit.runners.BlockJUnit4ClassRunner.runChild(BlockJUnit4ClassRunner.java:70)
	at org.junit.runners.BlockJUnit4ClassRunner.runChild(BlockJUnit4ClassRunner.java:50)
	at org.junit.runners.ParentRunner$3.run(ParentRunner.java:238)
	at org.junit.runners.ParentRunner$1.schedule(ParentRunner.java:63)
	at org.junit.runners.ParentRunner.runChildren(ParentRunner.java:236)
	at org.junit.runners.ParentRunner.access$000(ParentRunner.java:53)
	at org.junit.runners.ParentRunner$2.evaluate(ParentRunner.java:229)
	at org.junit.runners.ParentRunner.run(ParentRunner.java:309)
	at org.apache.maven.surefire.junit4.JUnit4Provider.execute(JUnit4Provider.java:365)
	at org.apache.maven.surefire.junit4.JUnit4Provider.executeWithRerun(JUnit4Provider.java:273)
	at org.apache.maven.surefire.junit4.JUnit4Provider.executeTestSet(JUnit4Provider.java:238)
	at org.apache.maven.surefire.junit4.JUnit4Provider.invoke(JUnit4Provider.java:159)
	at org.apache.maven.surefire.booter.ForkedBooter.invokeProviderInSameClassLoader(ForkedBooter.java:384)
	at org.apache.maven.surefire.booter.ForkedBooter.runSuitesInProcess(ForkedBooter.java:345)
	at org.apache.maven.surefire.booter.ForkedBooter.execute(ForkedBooter.java:126)
	at org.apache.maven.surefire.booter.ForkedBooter.main(ForkedBooter.java:418)
2019-11-13 20:17:29,319 [main] INFO  ozone.MiniOzoneClusterImpl (MiniOzoneClusterImpl.java:shutdown(352)) - Shutting down the Mini Ozone Cluster
2019-11-13 20:17:29,319 [main] INFO  ozone.MiniOzoneClusterImpl (MiniOzoneClusterImpl.java:stop(368)) - Stopping the Mini Ozone Cluster
2019-11-13 20:17:29,319 [main] INFO  ozone.MiniOzoneClusterImpl (MiniOzoneClusterImpl.java:stopOM(438)) - Stopping the OzoneManager
2019-11-13 20:17:29,319 [main] INFO  ipc.Server (Server.java:stop(3082)) - Stopping server on 33695
2019-11-13 20:17:29,332 [IPC Server listener on 33695] INFO  ipc.Server (Server.java:run(1185)) - Stopping IPC Server listener on 33695
2019-11-13 20:17:29,332 [main] INFO  ratis.OzoneManagerDoubleBuffer (OzoneManagerDoubleBuffer.java:stop(261)) - Stopping OMDoubleBuffer flush thread
2019-11-13 20:17:29,338 [IPC Server Responder] INFO  ipc.Server (Server.java:run(1319)) - Stopping IPC Server Responder
2019-11-13 20:17:29,344 [Thread-1422] INFO  impl.FollowerState (FollowerState.java:run(111)) - 75645b24-e149-445b-bbe5-336f1e849603@group-F878B01E012E-FollowerState: change to CANDIDATE, lastRpcTime:1106ms, electionTimeout:1105ms
2019-11-13 20:17:29,346 [OMDoubleBufferFlushThread] INFO  ratis.OzoneManagerDoubleBuffer (OzoneManagerDoubleBuffer.java:flushTransactions(199)) - OMDoubleBuffer flush thread OMDoubleBufferFlushThread is interrupted and will exit. OMDoubleBufferFlushThread
2019-11-13 20:17:29,353 [Thread-1422] INFO  impl.RoleInfo (RoleInfo.java:shutdownFollowerState(121)) - 75645b24-e149-445b-bbe5-336f1e849603: shutdown FollowerState
2019-11-13 20:17:29,353 [Thread-1422] INFO  impl.RaftServerImpl (RaftServerImpl.java:setRole(173)) - 75645b24-e149-445b-bbe5-336f1e849603@group-F878B01E012E: changes role from  FOLLOWER to CANDIDATE at term 0 for changeToCandidate
2019-11-13 20:17:29,353 [main] INFO  utils.BackgroundService (BackgroundService.java:shutdown(151)) - Shutting down service KeyDeletingService
2019-11-13 20:17:29,353 [Thread-1422] INFO  impl.RoleInfo (RoleInfo.java:updateAndGet(143)) - 75645b24-e149-445b-bbe5-336f1e849603: start LeaderElection
2019-11-13 20:17:29,365 [main] INFO  handler.ContextHandler (ContextHandler.java:doStop(910)) - Stopped o.e.j.w.WebAppContext@431e86b1{/,null,UNAVAILABLE}{/ozoneManager}
2019-11-13 20:17:29,366 [main] INFO  server.AbstractConnector (AbstractConnector.java:doStop(318)) - Stopped ServerConnector@35c4e864{HTTP/1.1,[http/1.1]}{0.0.0.0:0}
2019-11-13 20:17:29,366 [main] INFO  handler.ContextHandler (ContextHandler.java:doStop(910)) - Stopped o.e.j.s.ServletContextHandler@65fe2691{/static,file:///workdir/hadoop-ozone/integration-test/target/test-classes/webapps/static,UNAVAILABLE}
2019-11-13 20:17:29,366 [main] INFO  handler.ContextHandler (ContextHandler.java:doStop(910)) - Stopped o.e.j.s.ServletContextHandler@54089484{/logs,file:///workdir/hadoop-ozone/integration-test/target/log,UNAVAILABLE}
2019-11-13 20:17:29,369 [main] INFO  ozone.MiniOzoneClusterImpl (MiniOzoneClusterImpl.java:stopDatanodes(415)) - Stopping the HddsDatanodes
2019-11-13 20:17:29,378 [75645b24-e149-445b-bbe5-336f1e849603@group-F878B01E012E-LeaderElection80] INFO  impl.LeaderElection (LeaderElection.java:askForVotes(178)) - 75645b24-e149-445b-bbe5-336f1e849603@group-F878B01E012E-LeaderElection80: begin an election at term 1 for -1: [75645b24-e149-445b-bbe5-336f1e849603:192.168.164.208:39182], old=null
2019-11-13 20:17:29,378 [75645b24-e149-445b-bbe5-336f1e849603@group-F878B01E012E-LeaderElection80] INFO  impl.RoleInfo (RoleInfo.java:shutdownLeaderElection(134)) - 75645b24-e149-445b-bbe5-336f1e849603: shutdown LeaderElection
2019-11-13 20:17:29,378 [75645b24-e149-445b-bbe5-336f1e849603@group-F878B01E012E-LeaderElection80] INFO  impl.RaftServerImpl (RaftServerImpl.java:setRole(173)) - 75645b24-e149-445b-bbe5-336f1e849603@group-F878B01E012E: changes role from CANDIDATE to LEADER at term 1 for changeToLeader
2019-11-13 20:17:29,378 [75645b24-e149-445b-bbe5-336f1e849603@group-F878B01E012E-LeaderElection80] INFO  ratis.XceiverServerRatis (XceiverServerRatis.java:handleLeaderChangedNotification(697)) - Leader change notification received for group: group-F878B01E012E with new leaderId: 75645b24-e149-445b-bbe5-336f1e849603
2019-11-13 20:17:29,378 [75645b24-e149-445b-bbe5-336f1e849603@group-F878B01E012E-LeaderElection80] INFO  impl.RaftServerImpl (ServerState.java:setLeader(255)) - 75645b24-e149-445b-bbe5-336f1e849603@group-F878B01E012E: change Leader from null to 75645b24-e149-445b-bbe5-336f1e849603 at term 1 for becomeLeader, leader elected after 1145ms
2019-11-13 20:17:29,378 [75645b24-e149-445b-bbe5-336f1e849603@group-F878B01E012E-LeaderElection80] INFO  server.RaftServerConfigKeys (ConfUtils.java:logGet(43)) - raft.server.staging.catchup.gap = 1000 (default)
2019-11-13 20:17:29,379 [75645b24-e149-445b-bbe5-336f1e849603@group-F878B01E012E-LeaderElection80] INFO  server.RaftServerConfigKeys (ConfUtils.java:logGet(43)) - raft.server.rpc.sleep.time = 25ms (default)
2019-11-13 20:17:29,379 [75645b24-e149-445b-bbe5-336f1e849603@group-F878B01E012E-LeaderElection80] INFO  server.RaftServerConfigKeys (ConfUtils.java:logGet(43)) - raft.server.write.element-limit = 4096 (default)
2019-11-13 20:17:29,379 [75645b24-e149-445b-bbe5-336f1e849603@group-F878B01E012E-LeaderElection80] INFO  server.RaftServerConfigKeys (ConfUtils.java:logGet(43)) - raft.server.watch.timeout = 10s (default)
2019-11-13 20:17:29,379 [75645b24-e149-445b-bbe5-336f1e849603@group-F878B01E012E-LeaderElection80] INFO  server.RaftServerConfigKeys (ConfUtils.java:logGet(43)) - raft.server.watch.timeout.denomination = 1s (default)
2019-11-13 20:17:29,379 [75645b24-e149-445b-bbe5-336f1e849603@group-F878B01E012E-LeaderElection80] INFO  server.RaftServerConfigKeys (ConfUtils.java:logGet(43)) - raft.server.watch.element-limit = 65536 (default)
2019-11-13 20:17:29,379 [75645b24-e149-445b-bbe5-336f1e849603@group-F878B01E012E-LeaderElection80] INFO  impl.RoleInfo (RoleInfo.java:updateAndGet(143)) - 75645b24-e149-445b-bbe5-336f1e849603: start LeaderState
2019-11-13 20:17:29,379 [75645b24-e149-445b-bbe5-336f1e849603@group-F878B01E012E-LeaderElection80] INFO  segmented.SegmentedRaftLogWorker (SegmentedRaftLogWorker.java:startLogSegment(385)) - 75645b24-e149-445b-bbe5-336f1e849603@group-F878B01E012E-SegmentedRaftLogWorker: Starting segment from index:0
2019-11-13 20:17:29,380 [75645b24-e149-445b-bbe5-336f1e849603@group-F878B01E012E-LeaderElection80] INFO  impl.RaftServerImpl (ServerState.java:setRaftConf(356)) - 75645b24-e149-445b-bbe5-336f1e849603@group-F878B01E012E: set configuration 0: [75645b24-e149-445b-bbe5-336f1e849603:192.168.164.208:39182], old=null at 0
2019-11-13 20:17:29,418 [EventQueue-PipelineReportForPipelineReportHandler] INFO  pipeline.PipelineStateManager (PipelineStateManager.java:openPipeline(134)) - Pipeline Pipeline[ Id: 347501df-a3b5-4411-8e3a-f878b01e012e, Nodes: 75645b24-e149-445b-bbe5-336f1e849603{ip: 192.168.164.208, host: pr-hdds-2375-t422d-1049308724, networkLocation: /rack1, certSerialId: null}, Type:RATIS, Factor:ONE, State:OPEN] moved to OPEN state
2019-11-13 20:17:29,442 [75645b24-e149-445b-bbe5-336f1e849603@group-F878B01E012E-SegmentedRaftLogWorker] INFO  segmented.SegmentedRaftLogWorker (SegmentedRaftLogWorker.java:execute(576)) - 75645b24-e149-445b-bbe5-336f1e849603@group-F878B01E012E-SegmentedRaftLogWorker: created new log segment /workdir/hadoop-ozone/integration-test/target/test-dir/MiniOzoneClusterImpl-e03c2511-109e-4d60-a68c-0151beb67872/datanode-4/data/ratis/347501df-a3b5-4411-8e3a-f878b01e012e/current/log_inprogress_0
2019-11-13 20:17:29,531 [Datanode State Machine Thread - 0] INFO  statemachine.DatanodeStateMachine (DatanodeStateMachine.java:lambda$startDaemon$0(350)) - Ozone container server started.
2019-11-13 20:17:29,716 [Thread-1444] INFO  impl.FollowerState (FollowerState.java:run(111)) - fbe234eb-236c-4e93-9bcf-aa21ab9b5fff@group-0D0FE8FB5DF5-FollowerState: change to CANDIDATE, lastRpcTime:1044ms, electionTimeout:1044ms
2019-11-13 20:17:29,716 [Thread-1444] INFO  impl.RoleInfo (RoleInfo.java:shutdownFollowerState(121)) - fbe234eb-236c-4e93-9bcf-aa21ab9b5fff: shutdown FollowerState
2019-11-13 20:17:29,717 [Thread-1444] INFO  impl.RaftServerImpl (RaftServerImpl.java:setRole(173)) - fbe234eb-236c-4e93-9bcf-aa21ab9b5fff@group-0D0FE8FB5DF5: changes role from  FOLLOWER to CANDIDATE at term 0 for changeToCandidate
2019-11-13 20:17:29,717 [Thread-1444] INFO  impl.RoleInfo (RoleInfo.java:updateAndGet(143)) - fbe234eb-236c-4e93-9bcf-aa21ab9b5fff: start LeaderElection
2019-11-13 20:17:29,736 [fbe234eb-236c-4e93-9bcf-aa21ab9b5fff@group-0D0FE8FB5DF5-LeaderElection81] INFO  impl.LeaderElection (LeaderElection.java:askForVotes(178)) - fbe234eb-236c-4e93-9bcf-aa21ab9b5fff@group-0D0FE8FB5DF5-LeaderElection81: begin an election at term 1 for -1: [845221a7-8c03-4ab3-a7ad-b09d998a1b3e:192.168.164.208:35661, 7d2a40c8-d27f-493d-a958-c7cf8432838d:192.168.164.208:33052, fbe234eb-236c-4e93-9bcf-aa21ab9b5fff:192.168.164.208:41921], old=null
2019-11-13 20:17:29,741 [grpc-default-executor-5] INFO  impl.RaftServerImpl (RaftServerImpl.java:setRole(173)) - 7d2a40c8-d27f-493d-a958-c7cf8432838d@group-0D0FE8FB5DF5: changes role from  FOLLOWER to FOLLOWER at term 1 for recognizeCandidate:fbe234eb-236c-4e93-9bcf-aa21ab9b5fff
2019-11-13 20:17:29,741 [grpc-default-executor-5] INFO  impl.RoleInfo (RoleInfo.java:shutdownFollowerState(121)) - 7d2a40c8-d27f-493d-a958-c7cf8432838d: shutdown FollowerState
2019-11-13 20:17:29,741 [grpc-default-executor-2] INFO  impl.RaftServerImpl (RaftServerImpl.java:setRole(173)) - 845221a7-8c03-4ab3-a7ad-b09d998a1b3e@group-0D0FE8FB5DF5: changes role from  FOLLOWER to FOLLOWER at term 1 for recognizeCandidate:fbe234eb-236c-4e93-9bcf-aa21ab9b5fff
2019-11-13 20:17:29,741 [grpc-default-executor-5] INFO  impl.RoleInfo (RoleInfo.java:updateAndGet(143)) - 7d2a40c8-d27f-493d-a958-c7cf8432838d: start FollowerState
2019-11-13 20:17:29,741 [Thread-1449] INFO  impl.FollowerState (FollowerState.java:run(120)) - 7d2a40c8-d27f-493d-a958-c7cf8432838d@group-0D0FE8FB5DF5-FollowerState was interrupted: java.lang.InterruptedException: sleep interrupted
2019-11-13 20:17:29,741 [grpc-default-executor-2] INFO  impl.RoleInfo (RoleInfo.java:shutdownFollowerState(121)) - 845221a7-8c03-4ab3-a7ad-b09d998a1b3e: shutdown FollowerState
2019-11-13 20:17:29,742 [grpc-default-executor-2] INFO  impl.RoleInfo (RoleInfo.java:updateAndGet(143)) - 845221a7-8c03-4ab3-a7ad-b09d998a1b3e: start FollowerState
2019-11-13 20:17:29,742 [Thread-1448] INFO  impl.FollowerState (FollowerState.java:run(120)) - 845221a7-8c03-4ab3-a7ad-b09d998a1b3e@group-0D0FE8FB5DF5-FollowerState was interrupted: java.lang.InterruptedException: sleep interrupted
2019-11-13 20:17:29,750 [fbe234eb-236c-4e93-9bcf-aa21ab9b5fff@group-0D0FE8FB5DF5-LeaderElection81] INFO  impl.LeaderElection (LeaderElection.java:logAndReturn(56)) - fbe234eb-236c-4e93-9bcf-aa21ab9b5fff@group-0D0FE8FB5DF5-LeaderElection81: Election PASSED; received 1 response(s) [fbe234eb-236c-4e93-9bcf-aa21ab9b5fff<-845221a7-8c03-4ab3-a7ad-b09d998a1b3e#0:OK-t1] and 0 exception(s); fbe234eb-236c-4e93-9bcf-aa21ab9b5fff@group-0D0FE8FB5DF5:t1, leader=null, voted=fbe234eb-236c-4e93-9bcf-aa21ab9b5fff, raftlog=fbe234eb-236c-4e93-9bcf-aa21ab9b5fff@group-0D0FE8FB5DF5-SegmentedRaftLog:OPENED:c-1,f-1,i0, conf=-1: [845221a7-8c03-4ab3-a7ad-b09d998a1b3e:192.168.164.208:35661, 7d2a40c8-d27f-493d-a958-c7cf8432838d:192.168.164.208:33052, fbe234eb-236c-4e93-9bcf-aa21ab9b5fff:192.168.164.208:41921], old=null
2019-11-13 20:17:29,751 [fbe234eb-236c-4e93-9bcf-aa21ab9b5fff@group-0D0FE8FB5DF5-LeaderElection81] INFO  impl.RoleInfo (RoleInfo.java:shutdownLeaderElection(134)) - fbe234eb-236c-4e93-9bcf-aa21ab9b5fff: shutdown LeaderElection
2019-11-13 20:17:29,751 [fbe234eb-236c-4e93-9bcf-aa21ab9b5fff@group-0D0FE8FB5DF5-LeaderElection81] INFO  impl.RaftServerImpl (RaftServerImpl.java:setRole(173)) - fbe234eb-236c-4e93-9bcf-aa21ab9b5fff@group-0D0FE8FB5DF5: changes role from CANDIDATE to LEADER at term 1 for changeToLeader
2019-11-13 20:17:29,751 [fbe234eb-236c-4e93-9bcf-aa21ab9b5fff@group-0D0FE8FB5DF5-LeaderElection81] INFO  ratis.XceiverServerRatis (XceiverServerRatis.java:handleLeaderChangedNotification(697)) - Leader change notification received for group: group-0D0FE8FB5DF5 with new leaderId: fbe234eb-236c-4e93-9bcf-aa21ab9b5fff
2019-11-13 20:17:29,751 [fbe234eb-236c-4e93-9bcf-aa21ab9b5fff@group-0D0FE8FB5DF5-LeaderElection81] INFO  impl.RaftServerImpl (ServerState.java:setLeader(255)) - fbe234eb-236c-4e93-9bcf-aa21ab9b5fff@group-0D0FE8FB5DF5: change Leader from null to fbe234eb-236c-4e93-9bcf-aa21ab9b5fff at term 1 for becomeLeader, leader elected after 1088ms
2019-11-13 20:17:29,751 [fbe234eb-236c-4e93-9bcf-aa21ab9b5fff@group-0D0FE8FB5DF5-LeaderElection81] INFO  server.RaftServerConfigKeys (ConfUtils.java:logGet(43)) - raft.server.staging.catchup.gap = 1000 (default)
2019-11-13 20:17:29,752 [fbe234eb-236c-4e93-9bcf-aa21ab9b5fff@group-0D0FE8FB5DF5-LeaderElection81] INFO  server.RaftServerConfigKeys (ConfUtils.java:logGet(43)) - raft.server.rpc.sleep.time = 25ms (default)
2019-11-13 20:17:29,752 [fbe234eb-236c-4e93-9bcf-aa21ab9b5fff@group-0D0FE8FB5DF5-LeaderElection81] INFO  server.RaftServerConfigKeys (ConfUtils.java:logGet(43)) - raft.server.write.element-limit = 4096 (default)
2019-11-13 20:17:29,752 [fbe234eb-236c-4e93-9bcf-aa21ab9b5fff@group-0D0FE8FB5DF5-LeaderElection81] INFO  server.RaftServerConfigKeys (ConfUtils.java:logGet(43)) - raft.server.watch.timeout = 10s (default)
2019-11-13 20:17:29,753 [fbe234eb-236c-4e93-9bcf-aa21ab9b5fff@group-0D0FE8FB5DF5-LeaderElection81] INFO  server.RaftServerConfigKeys (ConfUtils.java:logGet(43)) - raft.server.watch.timeout.denomination = 1s (default)
2019-11-13 20:17:29,753 [fbe234eb-236c-4e93-9bcf-aa21ab9b5fff@group-0D0FE8FB5DF5-LeaderElection81] INFO  server.RaftServerConfigKeys (ConfUtils.java:logGet(43)) - raft.server.watch.element-limit = 65536 (default)
2019-11-13 20:17:29,753 [fbe234eb-236c-4e93-9bcf-aa21ab9b5fff@group-0D0FE8FB5DF5-LeaderElection81] INFO  server.RaftServerConfigKeys (ConfUtils.java:logGet(43)) - raft.server.log.appender.snapshot.chunk.size.max = 16MB (=16777216) (default)
2019-11-13 20:17:29,753 [EventQueue-PipelineReportForPipelineReportHandler] INFO  pipeline.PipelineStateManager (PipelineStateManager.java:openPipeline(134)) - Pipeline Pipeline[ Id: 694eecad-d8ab-4ce5-a7f3-0d0fe8fb5df5, Nodes: 845221a7-8c03-4ab3-a7ad-b09d998a1b3e{ip: 192.168.164.208, host: pr-hdds-2375-t422d-1049308724, networkLocation: /rack1, certSerialId: null}7d2a40c8-d27f-493d-a958-c7cf8432838d{ip: 192.168.164.208, host: pr-hdds-2375-t422d-1049308724, networkLocation: /rack1, certSerialId: null}fbe234eb-236c-4e93-9bcf-aa21ab9b5fff{ip: 192.168.164.208, host: pr-hdds-2375-t422d-1049308724, networkLocation: /rack1, certSerialId: null}, Type:RATIS, Factor:THREE, State:OPEN] moved to OPEN state
2019-11-13 20:17:29,754 [fbe234eb-236c-4e93-9bcf-aa21ab9b5fff@group-0D0FE8FB5DF5-LeaderElection81] INFO  server.RaftServerConfigKeys (ConfUtils.java:logGet(43)) - raft.server.log.appender.buffer.byte-limit = 33554432 (custom)
2019-11-13 20:17:29,753 [Datanode State Machine Thread - 0] INFO  statemachine.DatanodeStateMachine (DatanodeStateMachine.java:lambda$startDaemon$0(350)) - Ozone container server started.
2019-11-13 20:17:29,754 [fbe234eb-236c-4e93-9bcf-aa21ab9b5fff@group-0D0FE8FB5DF5-LeaderElection81] INFO  server.RaftServerConfigKeys (ConfUtils.java:logGet(43)) - raft.server.log.appender.buffer.element-limit = 1 (custom)
2019-11-13 20:17:29,754 [fbe234eb-236c-4e93-9bcf-aa21ab9b5fff@group-0D0FE8FB5DF5-LeaderElection81] INFO  grpc.GrpcConfigKeys$Server (ConfUtils.java:logGet(43)) - raft.grpc.server.leader.outstanding.appends.max = 128 (default)
2019-11-13 20:17:29,755 [fbe234eb-236c-4e93-9bcf-aa21ab9b5fff@group-0D0FE8FB5DF5-LeaderElection81] INFO  server.RaftServerConfigKeys (ConfUtils.java:logGet(43)) - raft.server.rpc.request.timeout = 3000ms (default)
2019-11-13 20:17:29,755 [fbe234eb-236c-4e93-9bcf-aa21ab9b5fff@group-0D0FE8FB5DF5-LeaderElection81] INFO  server.RaftServerConfigKeys (ConfUtils.java:logGet(43)) - raft.server.log.appender.install.snapshot.enabled = false (custom)
2019-11-13 20:17:29,755 [fbe234eb-236c-4e93-9bcf-aa21ab9b5fff@group-0D0FE8FB5DF5-LeaderElection81] WARN  impl.MetricRegistriesImpl (MetricRegistriesImpl.java:lambda$create$1(61)) - First MetricRegistry has been created without registering reporters. You may need to call MetricRegistries.global().addReportRegistration(...) before.
2019-11-13 20:17:29,755 [fbe234eb-236c-4e93-9bcf-aa21ab9b5fff@group-0D0FE8FB5DF5-LeaderElection81] INFO  server.RaftServerConfigKeys (ConfUtils.java:logGet(43)) - raft.server.log.appender.snapshot.chunk.size.max = 16MB (=16777216) (default)
2019-11-13 20:17:29,755 [fbe234eb-236c-4e93-9bcf-aa21ab9b5fff@group-0D0FE8FB5DF5-LeaderElection81] INFO  server.RaftServerConfigKeys (ConfUtils.java:logGet(43)) - raft.server.log.appender.buffer.byte-limit = 33554432 (custom)
2019-11-13 20:17:29,756 [fbe234eb-236c-4e93-9bcf-aa21ab9b5fff@group-0D0FE8FB5DF5-LeaderElection81] INFO  server.RaftServerConfigKeys (ConfUtils.java:logGet(43)) - raft.server.log.appender.buffer.element-limit = 1 (custom)
2019-11-13 20:17:29,756 [fbe234eb-236c-4e93-9bcf-aa21ab9b5fff@group-0D0FE8FB5DF5-LeaderElection81] INFO  grpc.GrpcConfigKeys$Server (ConfUtils.java:logGet(43)) - raft.grpc.server.leader.outstanding.appends.max = 128 (default)
2019-11-13 20:17:29,756 [fbe234eb-236c-4e93-9bcf-aa21ab9b5fff@group-0D0FE8FB5DF5-LeaderElection81] INFO  server.RaftServerConfigKeys (ConfUtils.java:logGet(43)) - raft.server.rpc.request.timeout = 3000ms (default)
2019-11-13 20:17:29,756 [fbe234eb-236c-4e93-9bcf-aa21ab9b5fff@group-0D0FE8FB5DF5-LeaderElection81] INFO  server.RaftServerConfigKeys (ConfUtils.java:logGet(43)) - raft.server.log.appender.install.snapshot.enabled = false (custom)
2019-11-13 20:17:29,756 [fbe234eb-236c-4e93-9bcf-aa21ab9b5fff@group-0D0FE8FB5DF5-LeaderElection81] INFO  impl.RoleInfo (RoleInfo.java:updateAndGet(143)) - fbe234eb-236c-4e93-9bcf-aa21ab9b5fff: start LeaderState
2019-11-13 20:17:29,757 [fbe234eb-236c-4e93-9bcf-aa21ab9b5fff@group-0D0FE8FB5DF5-LeaderElection81] INFO  segmented.SegmentedRaftLogWorker (SegmentedRaftLogWorker.java:startLogSegment(385)) - fbe234eb-236c-4e93-9bcf-aa21ab9b5fff@group-0D0FE8FB5DF5-SegmentedRaftLogWorker: Starting segment from index:0
2019-11-13 20:17:29,757 [fbe234eb-236c-4e93-9bcf-aa21ab9b5fff@group-0D0FE8FB5DF5-LeaderElection81] INFO  impl.RaftServerImpl (ServerState.java:setRaftConf(356)) - fbe234eb-236c-4e93-9bcf-aa21ab9b5fff@group-0D0FE8FB5DF5: set configuration 0: [845221a7-8c03-4ab3-a7ad-b09d998a1b3e:192.168.164.208:35661, 7d2a40c8-d27f-493d-a958-c7cf8432838d:192.168.164.208:33052, fbe234eb-236c-4e93-9bcf-aa21ab9b5fff:192.168.164.208:41921], old=null at 0
2019-11-13 20:17:29,797 [grpc-default-executor-5] INFO  ratis.XceiverServerRatis (XceiverServerRatis.java:handleLeaderChangedNotification(697)) - Leader change notification received for group: group-0D0FE8FB5DF5 with new leaderId: fbe234eb-236c-4e93-9bcf-aa21ab9b5fff
2019-11-13 20:17:29,797 [grpc-default-executor-5] INFO  impl.RaftServerImpl (ServerState.java:setLeader(255)) - 7d2a40c8-d27f-493d-a958-c7cf8432838d@group-0D0FE8FB5DF5: change Leader from null to fbe234eb-236c-4e93-9bcf-aa21ab9b5fff at term 1 for appendEntries, leader elected after 1134ms
2019-11-13 20:17:29,801 [grpc-default-executor-2] INFO  ratis.XceiverServerRatis (XceiverServerRatis.java:handleLeaderChangedNotification(697)) - Leader change notification received for group: group-0D0FE8FB5DF5 with new leaderId: fbe234eb-236c-4e93-9bcf-aa21ab9b5fff
2019-11-13 20:17:29,801 [grpc-default-executor-2] INFO  impl.RaftServerImpl (ServerState.java:setLeader(255)) - 845221a7-8c03-4ab3-a7ad-b09d998a1b3e@group-0D0FE8FB5DF5: change Leader from null to fbe234eb-236c-4e93-9bcf-aa21ab9b5fff at term 1 for appendEntries, leader elected after 1138ms
2019-11-13 20:17:29,804 [grpc-default-executor-5] INFO  impl.RaftServerImpl (ServerState.java:setRaftConf(356)) - 7d2a40c8-d27f-493d-a958-c7cf8432838d@group-0D0FE8FB5DF5: set configuration 0: [845221a7-8c03-4ab3-a7ad-b09d998a1b3e:192.168.164.208:35661, 7d2a40c8-d27f-493d-a958-c7cf8432838d:192.168.164.208:33052, fbe234eb-236c-4e93-9bcf-aa21ab9b5fff:192.168.164.208:41921], old=null at 0
2019-11-13 20:17:29,804 [grpc-default-executor-5] INFO  segmented.SegmentedRaftLogWorker (SegmentedRaftLogWorker.java:startLogSegment(385)) - 7d2a40c8-d27f-493d-a958-c7cf8432838d@group-0D0FE8FB5DF5-SegmentedRaftLogWorker: Starting segment from index:0
2019-11-13 20:17:29,804 [grpc-default-executor-2] INFO  impl.RaftServerImpl (ServerState.java:setRaftConf(356)) - 845221a7-8c03-4ab3-a7ad-b09d998a1b3e@group-0D0FE8FB5DF5: set configuration 0: [845221a7-8c03-4ab3-a7ad-b09d998a1b3e:192.168.164.208:35661, 7d2a40c8-d27f-493d-a958-c7cf8432838d:192.168.164.208:33052, fbe234eb-236c-4e93-9bcf-aa21ab9b5fff:192.168.164.208:41921], old=null at 0
2019-11-13 20:17:29,805 [grpc-default-executor-2] INFO  segmented.SegmentedRaftLogWorker (SegmentedRaftLogWorker.java:startLogSegment(385)) - 845221a7-8c03-4ab3-a7ad-b09d998a1b3e@group-0D0FE8FB5DF5-SegmentedRaftLogWorker: Starting segment from index:0
2019-11-13 20:17:29,810 [fbe234eb-236c-4e93-9bcf-aa21ab9b5fff@group-0D0FE8FB5DF5-SegmentedRaftLogWorker] INFO  segmented.SegmentedRaftLogWorker (SegmentedRaftLogWorker.java:execute(576)) - fbe234eb-236c-4e93-9bcf-aa21ab9b5fff@group-0D0FE8FB5DF5-SegmentedRaftLogWorker: created new log segment /workdir/hadoop-ozone/integration-test/target/test-dir/MiniOzoneClusterImpl-e03c2511-109e-4d60-a68c-0151beb67872/datanode-9/data/ratis/694eecad-d8ab-4ce5-a7f3-0d0fe8fb5df5/current/log_inprogress_0
2019-11-13 20:17:29,855 [Thread-1458] INFO  impl.FollowerState (FollowerState.java:run(111)) - 7d2a40c8-d27f-493d-a958-c7cf8432838d@group-D0AD2003266D-FollowerState: change to CANDIDATE, lastRpcTime:1070ms, electionTimeout:1070ms
2019-11-13 20:17:29,855 [Thread-1458] INFO  impl.RoleInfo (RoleInfo.java:shutdownFollowerState(121)) - 7d2a40c8-d27f-493d-a958-c7cf8432838d: shutdown FollowerState
2019-11-13 20:17:29,856 [Thread-1458] INFO  impl.RaftServerImpl (RaftServerImpl.java:setRole(173)) - 7d2a40c8-d27f-493d-a958-c7cf8432838d@group-D0AD2003266D: changes role from  FOLLOWER to CANDIDATE at term 0 for changeToCandidate
2019-11-13 20:17:29,856 [Thread-1458] INFO  impl.RoleInfo (RoleInfo.java:updateAndGet(143)) - 7d2a40c8-d27f-493d-a958-c7cf8432838d: start LeaderElection
2019-11-13 20:17:29,859 [7d2a40c8-d27f-493d-a958-c7cf8432838d@group-0D0FE8FB5DF5-SegmentedRaftLogWorker] INFO  segmented.SegmentedRaftLogWorker (SegmentedRaftLogWorker.java:execute(576)) - 7d2a40c8-d27f-493d-a958-c7cf8432838d@group-0D0FE8FB5DF5-SegmentedRaftLogWorker: created new log segment /workdir/hadoop-ozone/integration-test/target/test-dir/MiniOzoneClusterImpl-e03c2511-109e-4d60-a68c-0151beb67872/datanode-8/data/ratis/694eecad-d8ab-4ce5-a7f3-0d0fe8fb5df5/current/log_inprogress_0
2019-11-13 20:17:29,859 [845221a7-8c03-4ab3-a7ad-b09d998a1b3e@group-0D0FE8FB5DF5-SegmentedRaftLogWorker] INFO  segmented.SegmentedRaftLogWorker (SegmentedRaftLogWorker.java:execute(576)) - 845221a7-8c03-4ab3-a7ad-b09d998a1b3e@group-0D0FE8FB5DF5-SegmentedRaftLogWorker: created new log segment /workdir/hadoop-ozone/integration-test/target/test-dir/MiniOzoneClusterImpl-e03c2511-109e-4d60-a68c-0151beb67872/datanode-7/data/ratis/694eecad-d8ab-4ce5-a7f3-0d0fe8fb5df5/current/log_inprogress_0
2019-11-13 20:17:29,877 [7d2a40c8-d27f-493d-a958-c7cf8432838d@group-D0AD2003266D-LeaderElection82] INFO  impl.LeaderElection (LeaderElection.java:askForVotes(178)) - 7d2a40c8-d27f-493d-a958-c7cf8432838d@group-D0AD2003266D-LeaderElection82: begin an election at term 1 for -1: [7d2a40c8-d27f-493d-a958-c7cf8432838d:192.168.164.208:33052], old=null
2019-11-13 20:17:29,877 [7d2a40c8-d27f-493d-a958-c7cf8432838d@group-D0AD2003266D-LeaderElection82] INFO  impl.RoleInfo (RoleInfo.java:shutdownLeaderElection(134)) - 7d2a40c8-d27f-493d-a958-c7cf8432838d: shutdown LeaderElection
2019-11-13 20:17:29,877 [7d2a40c8-d27f-493d-a958-c7cf8432838d@group-D0AD2003266D-LeaderElection82] INFO  impl.RaftServerImpl (RaftServerImpl.java:setRole(173)) - 7d2a40c8-d27f-493d-a958-c7cf8432838d@group-D0AD2003266D: changes role from CANDIDATE to LEADER at term 1 for changeToLeader
2019-11-13 20:17:29,877 [7d2a40c8-d27f-493d-a958-c7cf8432838d@group-D0AD2003266D-LeaderElection82] INFO  ratis.XceiverServerRatis (XceiverServerRatis.java:handleLeaderChangedNotification(697)) - Leader change notification received for group: group-D0AD2003266D with new leaderId: 7d2a40c8-d27f-493d-a958-c7cf8432838d
2019-11-13 20:17:29,878 [7d2a40c8-d27f-493d-a958-c7cf8432838d@group-D0AD2003266D-LeaderElection82] INFO  impl.RaftServerImpl (ServerState.java:setLeader(255)) - 7d2a40c8-d27f-493d-a958-c7cf8432838d@group-D0AD2003266D: change Leader from null to 7d2a40c8-d27f-493d-a958-c7cf8432838d at term 1 for becomeLeader, leader elected after 1096ms
2019-11-13 20:17:29,878 [7d2a40c8-d27f-493d-a958-c7cf8432838d@group-D0AD2003266D-LeaderElection82] INFO  server.RaftServerConfigKeys (ConfUtils.java:logGet(43)) - raft.server.staging.catchup.gap = 1000 (default)
2019-11-13 20:17:29,878 [7d2a40c8-d27f-493d-a958-c7cf8432838d@group-D0AD2003266D-LeaderElection82] INFO  server.RaftServerConfigKeys (ConfUtils.java:logGet(43)) - raft.server.rpc.sleep.time = 25ms (default)
2019-11-13 20:17:29,878 [7d2a40c8-d27f-493d-a958-c7cf8432838d@group-D0AD2003266D-LeaderElection82] INFO  server.RaftServerConfigKeys (ConfUtils.java:logGet(43)) - raft.server.write.element-limit = 4096 (default)
2019-11-13 20:17:29,878 [7d2a40c8-d27f-493d-a958-c7cf8432838d@group-D0AD2003266D-LeaderElection82] INFO  server.RaftServerConfigKeys (ConfUtils.java:logGet(43)) - raft.server.watch.timeout = 10s (default)
2019-11-13 20:17:29,878 [7d2a40c8-d27f-493d-a958-c7cf8432838d@group-D0AD2003266D-LeaderElection82] INFO  server.RaftServerConfigKeys (ConfUtils.java:logGet(43)) - raft.server.watch.timeout.denomination = 1s (default)
2019-11-13 20:17:29,879 [7d2a40c8-d27f-493d-a958-c7cf8432838d@group-D0AD2003266D-LeaderElection82] INFO  server.RaftServerConfigKeys (ConfUtils.java:logGet(43)) - raft.server.watch.element-limit = 65536 (default)
2019-11-13 20:17:29,879 [7d2a40c8-d27f-493d-a958-c7cf8432838d@group-D0AD2003266D-LeaderElection82] INFO  impl.RoleInfo (RoleInfo.java:updateAndGet(143)) - 7d2a40c8-d27f-493d-a958-c7cf8432838d: start LeaderState
2019-11-13 20:17:29,879 [EventQueue-PipelineReportForPipelineReportHandler] INFO  pipeline.PipelineStateManager (PipelineStateManager.java:openPipeline(134)) - Pipeline Pipeline[ Id: 24ba16df-2577-4a02-ba27-d0ad2003266d, Nodes: 7d2a40c8-d27f-493d-a958-c7cf8432838d{ip: 192.168.164.208, host: pr-hdds-2375-t422d-1049308724, networkLocation: /rack1, certSerialId: null}, Type:RATIS, Factor:ONE, State:OPEN] moved to OPEN state
2019-11-13 20:17:29,879 [7d2a40c8-d27f-493d-a958-c7cf8432838d@group-D0AD2003266D-LeaderElection82] INFO  segmented.SegmentedRaftLogWorker (SegmentedRaftLogWorker.java:startLogSegment(385)) - 7d2a40c8-d27f-493d-a958-c7cf8432838d@group-D0AD2003266D-SegmentedRaftLogWorker: Starting segment from index:0
2019-11-13 20:17:29,880 [7d2a40c8-d27f-493d-a958-c7cf8432838d@group-D0AD2003266D-LeaderElection82] INFO  impl.RaftServerImpl (ServerState.java:setRaftConf(356)) - 7d2a40c8-d27f-493d-a958-c7cf8432838d@group-D0AD2003266D: set configuration 0: [7d2a40c8-d27f-493d-a958-c7cf8432838d:192.168.164.208:33052], old=null at 0
2019-11-13 20:17:29,914 [Thread-1454] INFO  impl.FollowerState (FollowerState.java:run(111)) - 227642ba-0415-4d98-a6b8-20167e8a399a@group-870C1DC394D3-FollowerState: change to CANDIDATE, lastRpcTime:1180ms, electionTimeout:1180ms
2019-11-13 20:17:29,914 [Thread-1454] INFO  impl.RoleInfo (RoleInfo.java:shutdownFollowerState(121)) - 227642ba-0415-4d98-a6b8-20167e8a399a: shutdown FollowerState
2019-11-13 20:17:29,914 [Thread-1454] INFO  impl.RaftServerImpl (RaftServerImpl.java:setRole(173)) - 227642ba-0415-4d98-a6b8-20167e8a399a@group-870C1DC394D3: changes role from  FOLLOWER to CANDIDATE at term 0 for changeToCandidate
2019-11-13 20:17:29,914 [Thread-1454] INFO  impl.RoleInfo (RoleInfo.java:updateAndGet(143)) - 227642ba-0415-4d98-a6b8-20167e8a399a: start LeaderElection
2019-11-13 20:17:29,939 [7d2a40c8-d27f-493d-a958-c7cf8432838d@group-D0AD2003266D-SegmentedRaftLogWorker] INFO  segmented.SegmentedRaftLogWorker (SegmentedRaftLogWorker.java:execute(576)) - 7d2a40c8-d27f-493d-a958-c7cf8432838d@group-D0AD2003266D-SegmentedRaftLogWorker: created new log segment /workdir/hadoop-ozone/integration-test/target/test-dir/MiniOzoneClusterImpl-e03c2511-109e-4d60-a68c-0151beb67872/datanode-8/data/ratis/24ba16df-2577-4a02-ba27-d0ad2003266d/current/log_inprogress_0
2019-11-13 20:17:29,939 [227642ba-0415-4d98-a6b8-20167e8a399a@group-870C1DC394D3-LeaderElection83] INFO  impl.LeaderElection (LeaderElection.java:askForVotes(178)) - 227642ba-0415-4d98-a6b8-20167e8a399a@group-870C1DC394D3-LeaderElection83: begin an election at term 1 for -1: [227642ba-0415-4d98-a6b8-20167e8a399a:192.168.164.208:40637], old=null
2019-11-13 20:17:29,939 [227642ba-0415-4d98-a6b8-20167e8a399a@group-870C1DC394D3-LeaderElection83] INFO  impl.RoleInfo (RoleInfo.java:shutdownLeaderElection(134)) - 227642ba-0415-4d98-a6b8-20167e8a399a: shutdown LeaderElection
2019-11-13 20:17:29,939 [227642ba-0415-4d98-a6b8-20167e8a399a@group-870C1DC394D3-LeaderElection83] INFO  impl.RaftServerImpl (RaftServerImpl.java:setRole(173)) - 227642ba-0415-4d98-a6b8-20167e8a399a@group-870C1DC394D3: changes role from CANDIDATE to LEADER at term 1 for changeToLeader
2019-11-13 20:17:29,939 [227642ba-0415-4d98-a6b8-20167e8a399a@group-870C1DC394D3-LeaderElection83] INFO  ratis.XceiverServerRatis (XceiverServerRatis.java:handleLeaderChangedNotification(697)) - Leader change notification received for group: group-870C1DC394D3 with new leaderId: 227642ba-0415-4d98-a6b8-20167e8a399a
2019-11-13 20:17:29,940 [227642ba-0415-4d98-a6b8-20167e8a399a@group-870C1DC394D3-LeaderElection83] INFO  impl.RaftServerImpl (ServerState.java:setLeader(255)) - 227642ba-0415-4d98-a6b8-20167e8a399a@group-870C1DC394D3: change Leader from null to 227642ba-0415-4d98-a6b8-20167e8a399a at term 1 for becomeLeader, leader elected after 1210ms
2019-11-13 20:17:29,940 [227642ba-0415-4d98-a6b8-20167e8a399a@group-870C1DC394D3-LeaderElection83] INFO  server.RaftServerConfigKeys (ConfUtils.java:logGet(43)) - raft.server.staging.catchup.gap = 1000 (default)
2019-11-13 20:17:29,940 [227642ba-0415-4d98-a6b8-20167e8a399a@group-870C1DC394D3-LeaderElection83] INFO  server.RaftServerConfigKeys (ConfUtils.java:logGet(43)) - raft.server.rpc.sleep.time = 25ms (default)
2019-11-13 20:17:29,940 [227642ba-0415-4d98-a6b8-20167e8a399a@group-870C1DC394D3-LeaderElection83] INFO  server.RaftServerConfigKeys (ConfUtils.java:logGet(43)) - raft.server.write.element-limit = 4096 (default)
2019-11-13 20:17:29,940 [227642ba-0415-4d98-a6b8-20167e8a399a@group-870C1DC394D3-LeaderElection83] INFO  server.RaftServerConfigKeys (ConfUtils.java:logGet(43)) - raft.server.watch.timeout = 10s (default)
2019-11-13 20:17:29,940 [227642ba-0415-4d98-a6b8-20167e8a399a@group-870C1DC394D3-LeaderElection83] INFO  server.RaftServerConfigKeys (ConfUtils.java:logGet(43)) - raft.server.watch.timeout.denomination = 1s (default)
2019-11-13 20:17:29,940 [227642ba-0415-4d98-a6b8-20167e8a399a@group-870C1DC394D3-LeaderElection83] INFO  server.RaftServerConfigKeys (ConfUtils.java:logGet(43)) - raft.server.watch.element-limit = 65536 (default)
2019-11-13 20:17:29,941 [227642ba-0415-4d98-a6b8-20167e8a399a@group-870C1DC394D3-LeaderElection83] INFO  impl.RoleInfo (RoleInfo.java:updateAndGet(143)) - 227642ba-0415-4d98-a6b8-20167e8a399a: start LeaderState
2019-11-13 20:17:29,941 [227642ba-0415-4d98-a6b8-20167e8a399a@group-870C1DC394D3-LeaderElection83] INFO  segmented.SegmentedRaftLogWorker (SegmentedRaftLogWorker.java:startLogSegment(385)) - 227642ba-0415-4d98-a6b8-20167e8a399a@group-870C1DC394D3-SegmentedRaftLogWorker: Starting segment from index:0
2019-11-13 20:17:29,941 [EventQueue-PipelineReportForPipelineReportHandler] INFO  pipeline.PipelineStateManager (PipelineStateManager.java:openPipeline(134)) - Pipeline Pipeline[ Id: 8bfe05c1-a924-41da-be48-870c1dc394d3, Nodes: 227642ba-0415-4d98-a6b8-20167e8a399a{ip: 192.168.164.208, host: pr-hdds-2375-t422d-1049308724, networkLocation: /rack1, certSerialId: null}, Type:RATIS, Factor:ONE, State:OPEN] moved to OPEN state
2019-11-13 20:17:29,941 [227642ba-0415-4d98-a6b8-20167e8a399a@group-870C1DC394D3-LeaderElection83] INFO  impl.RaftServerImpl (ServerState.java:setRaftConf(356)) - 227642ba-0415-4d98-a6b8-20167e8a399a@group-870C1DC394D3: set configuration 0: [227642ba-0415-4d98-a6b8-20167e8a399a:192.168.164.208:40637], old=null at 0
2019-11-13 20:17:29,969 [Thread-1468] INFO  impl.FollowerState (FollowerState.java:run(111)) - 2aeadab0-ec41-4180-985e-a800f9da6a6d@group-009811E6B591-FollowerState: change to CANDIDATE, lastRpcTime:1073ms, electionTimeout:1057ms
2019-11-13 20:17:29,970 [Thread-1474] INFO  impl.FollowerState (FollowerState.java:run(111)) - 836dac64-dd9f-4309-a076-e086947645e1@group-55C5DF776D5C-FollowerState: change to CANDIDATE, lastRpcTime:1022ms, electionTimeout:1003ms
2019-11-13 20:17:29,970 [Thread-1468] INFO  impl.RoleInfo (RoleInfo.java:shutdownFollowerState(121)) - 2aeadab0-ec41-4180-985e-a800f9da6a6d: shutdown FollowerState
2019-11-13 20:17:29,970 [Thread-1474] INFO  impl.RoleInfo (RoleInfo.java:shutdownFollowerState(121)) - 836dac64-dd9f-4309-a076-e086947645e1: shutdown FollowerState
2019-11-13 20:17:29,970 [Thread-1468] INFO  impl.RaftServerImpl (RaftServerImpl.java:setRole(173)) - 2aeadab0-ec41-4180-985e-a800f9da6a6d@group-009811E6B591: changes role from  FOLLOWER to CANDIDATE at term 0 for changeToCandidate
2019-11-13 20:17:29,970 [Thread-1474] INFO  impl.RaftServerImpl (RaftServerImpl.java:setRole(173)) - 836dac64-dd9f-4309-a076-e086947645e1@group-55C5DF776D5C: changes role from  FOLLOWER to CANDIDATE at term 0 for changeToCandidate
2019-11-13 20:17:29,970 [Thread-1468] INFO  impl.RoleInfo (RoleInfo.java:updateAndGet(143)) - 2aeadab0-ec41-4180-985e-a800f9da6a6d: start LeaderElection
2019-11-13 20:17:29,971 [Thread-1474] INFO  impl.RoleInfo (RoleInfo.java:updateAndGet(143)) - 836dac64-dd9f-4309-a076-e086947645e1: start LeaderElection
2019-11-13 20:17:29,987 [227642ba-0415-4d98-a6b8-20167e8a399a@group-870C1DC394D3-SegmentedRaftLogWorker] INFO  segmented.SegmentedRaftLogWorker (SegmentedRaftLogWorker.java:execute(576)) - 227642ba-0415-4d98-a6b8-20167e8a399a@group-870C1DC394D3-SegmentedRaftLogWorker: created new log segment /workdir/hadoop-ozone/integration-test/target/test-dir/MiniOzoneClusterImpl-e03c2511-109e-4d60-a68c-0151beb67872/datanode-0/data/ratis/8bfe05c1-a924-41da-be48-870c1dc394d3/current/log_inprogress_0
2019-11-13 20:17:29,987 [836dac64-dd9f-4309-a076-e086947645e1@group-55C5DF776D5C-LeaderElection85] INFO  impl.LeaderElection (LeaderElection.java:askForVotes(178)) - 836dac64-dd9f-4309-a076-e086947645e1@group-55C5DF776D5C-LeaderElection85: begin an election at term 1 for -1: [836dac64-dd9f-4309-a076-e086947645e1:192.168.164.208:40723], old=null
2019-11-13 20:17:29,987 [2aeadab0-ec41-4180-985e-a800f9da6a6d@group-009811E6B591-LeaderElection84] INFO  impl.LeaderElection (LeaderElection.java:askForVotes(178)) - 2aeadab0-ec41-4180-985e-a800f9da6a6d@group-009811E6B591-LeaderElection84: begin an election at term 1 for -1: [2aeadab0-ec41-4180-985e-a800f9da6a6d:192.168.164.208:42973, 023d4525-aae9-49d4-923e-7124a55e5ae2:192.168.164.208:41869, c49df7ba-d7d7-4ac8-a142-ddaef65aa83a:192.168.164.208:36049], old=null
2019-11-13 20:17:29,987 [836dac64-dd9f-4309-a076-e086947645e1@group-55C5DF776D5C-LeaderElection85] INFO  impl.RoleInfo (RoleInfo.java:shutdownLeaderElection(134)) - 836dac64-dd9f-4309-a076-e086947645e1: shutdown LeaderElection
2019-11-13 20:17:29,987 [836dac64-dd9f-4309-a076-e086947645e1@group-55C5DF776D5C-LeaderElection85] INFO  impl.RaftServerImpl (RaftServerImpl.java:setRole(173)) - 836dac64-dd9f-4309-a076-e086947645e1@group-55C5DF776D5C: changes role from CANDIDATE to LEADER at term 1 for changeToLeader
2019-11-13 20:17:29,987 [836dac64-dd9f-4309-a076-e086947645e1@group-55C5DF776D5C-LeaderElection85] INFO  ratis.XceiverServerRatis (XceiverServerRatis.java:handleLeaderChangedNotification(697)) - Leader change notification received for group: group-55C5DF776D5C with new leaderId: 836dac64-dd9f-4309-a076-e086947645e1
2019-11-13 20:17:29,988 [836dac64-dd9f-4309-a076-e086947645e1@group-55C5DF776D5C-LeaderElection85] INFO  impl.RaftServerImpl (ServerState.java:setLeader(255)) - 836dac64-dd9f-4309-a076-e086947645e1@group-55C5DF776D5C: change Leader from null to 836dac64-dd9f-4309-a076-e086947645e1 at term 1 for becomeLeader, leader elected after 1043ms
2019-11-13 20:17:29,988 [836dac64-dd9f-4309-a076-e086947645e1@group-55C5DF776D5C-LeaderElection85] INFO  server.RaftServerConfigKeys (ConfUtils.java:logGet(43)) - raft.server.staging.catchup.gap = 1000 (default)
2019-11-13 20:17:29,988 [836dac64-dd9f-4309-a076-e086947645e1@group-55C5DF776D5C-LeaderElection85] INFO  server.RaftServerConfigKeys (ConfUtils.java:logGet(43)) - raft.server.rpc.sleep.time = 25ms (default)
2019-11-13 20:17:29,988 [836dac64-dd9f-4309-a076-e086947645e1@group-55C5DF776D5C-LeaderElection85] INFO  server.RaftServerConfigKeys (ConfUtils.java:logGet(43)) - raft.server.write.element-limit = 4096 (default)
2019-11-13 20:17:29,989 [836dac64-dd9f-4309-a076-e086947645e1@group-55C5DF776D5C-LeaderElection85] INFO  server.RaftServerConfigKeys (ConfUtils.java:logGet(43)) - raft.server.watch.timeout = 10s (default)
2019-11-13 20:17:29,989 [836dac64-dd9f-4309-a076-e086947645e1@group-55C5DF776D5C-LeaderElection85] INFO  server.RaftServerConfigKeys (ConfUtils.java:logGet(43)) - raft.server.watch.timeout.denomination = 1s (default)
2019-11-13 20:17:29,989 [836dac64-dd9f-4309-a076-e086947645e1@group-55C5DF776D5C-LeaderElection85] INFO  server.RaftServerConfigKeys (ConfUtils.java:logGet(43)) - raft.server.watch.element-limit = 65536 (default)
2019-11-13 20:17:29,989 [836dac64-dd9f-4309-a076-e086947645e1@group-55C5DF776D5C-LeaderElection85] INFO  impl.RoleInfo (RoleInfo.java:updateAndGet(143)) - 836dac64-dd9f-4309-a076-e086947645e1: start LeaderState
2019-11-13 20:17:29,989 [836dac64-dd9f-4309-a076-e086947645e1@group-55C5DF776D5C-LeaderElection85] INFO  segmented.SegmentedRaftLogWorker (SegmentedRaftLogWorker.java:startLogSegment(385)) - 836dac64-dd9f-4309-a076-e086947645e1@group-55C5DF776D5C-SegmentedRaftLogWorker: Starting segment from index:0
2019-11-13 20:17:29,989 [EventQueue-PipelineReportForPipelineReportHandler] INFO  pipeline.PipelineStateManager (PipelineStateManager.java:openPipeline(134)) - Pipeline Pipeline[ Id: 2e7ef915-4d14-44a7-a471-55c5df776d5c, Nodes: 836dac64-dd9f-4309-a076-e086947645e1{ip: 192.168.164.208, host: pr-hdds-2375-t422d-1049308724, networkLocation: /rack1, certSerialId: null}, Type:RATIS, Factor:ONE, State:OPEN] moved to OPEN state
2019-11-13 20:17:29,990 [836dac64-dd9f-4309-a076-e086947645e1@group-55C5DF776D5C-LeaderElection85] INFO  impl.RaftServerImpl (ServerState.java:setRaftConf(356)) - 836dac64-dd9f-4309-a076-e086947645e1@group-55C5DF776D5C: set configuration 0: [836dac64-dd9f-4309-a076-e086947645e1:192.168.164.208:40723], old=null at 0
2019-11-13 20:17:30,028 [Thread-1464] INFO  impl.FollowerState (FollowerState.java:run(111)) - c49df7ba-d7d7-4ac8-a142-ddaef65aa83a@group-009811E6B591-FollowerState: change to CANDIDATE, lastRpcTime:1134ms, electionTimeout:1133ms
2019-11-13 20:17:30,028 [Thread-1469] INFO  impl.FollowerState (FollowerState.java:run(111)) - 023d4525-aae9-49d4-923e-7124a55e5ae2@group-009811E6B591-FollowerState: change to CANDIDATE, lastRpcTime:1131ms, electionTimeout:1108ms
2019-11-13 20:17:30,028 [Thread-1464] INFO  impl.RoleInfo (RoleInfo.java:shutdownFollowerState(121)) - c49df7ba-d7d7-4ac8-a142-ddaef65aa83a: shutdown FollowerState
2019-11-13 20:17:30,028 [Thread-1469] INFO  impl.RoleInfo (RoleInfo.java:shutdownFollowerState(121)) - 023d4525-aae9-49d4-923e-7124a55e5ae2: shutdown FollowerState
2019-11-13 20:17:30,029 [Thread-1464] INFO  impl.RaftServerImpl (RaftServerImpl.java:setRole(173)) - c49df7ba-d7d7-4ac8-a142-ddaef65aa83a@group-009811E6B591: changes role from  FOLLOWER to CANDIDATE at term 0 for changeToCandidate
2019-11-13 20:17:30,029 [Thread-1469] INFO  impl.RaftServerImpl (RaftServerImpl.java:setRole(173)) - 023d4525-aae9-49d4-923e-7124a55e5ae2@group-009811E6B591: changes role from  FOLLOWER to CANDIDATE at term 0 for changeToCandidate
2019-11-13 20:17:30,029 [Thread-1464] INFO  impl.RoleInfo (RoleInfo.java:updateAndGet(143)) - c49df7ba-d7d7-4ac8-a142-ddaef65aa83a: start LeaderElection
2019-11-13 20:17:30,029 [Thread-1469] INFO  impl.RoleInfo (RoleInfo.java:updateAndGet(143)) - 023d4525-aae9-49d4-923e-7124a55e5ae2: start LeaderElection
2019-11-13 20:17:30,041 [836dac64-dd9f-4309-a076-e086947645e1@group-55C5DF776D5C-SegmentedRaftLogWorker] INFO  segmented.SegmentedRaftLogWorker (SegmentedRaftLogWorker.java:execute(576)) - 836dac64-dd9f-4309-a076-e086947645e1@group-55C5DF776D5C-SegmentedRaftLogWorker: created new log segment /workdir/hadoop-ozone/integration-test/target/test-dir/MiniOzoneClusterImpl-e03c2511-109e-4d60-a68c-0151beb67872/datanode-1/data/ratis/2e7ef915-4d14-44a7-a471-55c5df776d5c/current/log_inprogress_0
2019-11-13 20:17:30,042 [023d4525-aae9-49d4-923e-7124a55e5ae2@group-009811E6B591-LeaderElection87] INFO  impl.LeaderElection (LeaderElection.java:askForVotes(178)) - 023d4525-aae9-49d4-923e-7124a55e5ae2@group-009811E6B591-LeaderElection87: begin an election at term 1 for -1: [2aeadab0-ec41-4180-985e-a800f9da6a6d:192.168.164.208:42973, 023d4525-aae9-49d4-923e-7124a55e5ae2:192.168.164.208:41869, c49df7ba-d7d7-4ac8-a142-ddaef65aa83a:192.168.164.208:36049], old=null
2019-11-13 20:17:30,042 [c49df7ba-d7d7-4ac8-a142-ddaef65aa83a@group-009811E6B591-LeaderElection86] INFO  impl.LeaderElection (LeaderElection.java:askForVotes(178)) - c49df7ba-d7d7-4ac8-a142-ddaef65aa83a@group-009811E6B591-LeaderElection86: begin an election at term 1 for -1: [2aeadab0-ec41-4180-985e-a800f9da6a6d:192.168.164.208:42973, 023d4525-aae9-49d4-923e-7124a55e5ae2:192.168.164.208:41869, c49df7ba-d7d7-4ac8-a142-ddaef65aa83a:192.168.164.208:36049], old=null
2019-11-13 20:17:30,045 [2aeadab0-ec41-4180-985e-a800f9da6a6d@group-009811E6B591-LeaderElection84] INFO  impl.LeaderElection (LeaderElection.java:logAndReturn(56)) - 2aeadab0-ec41-4180-985e-a800f9da6a6d@group-009811E6B591-LeaderElection84: Election REJECTED; received 2 response(s) [2aeadab0-ec41-4180-985e-a800f9da6a6d<-023d4525-aae9-49d4-923e-7124a55e5ae2#0:FAIL-t1, 2aeadab0-ec41-4180-985e-a800f9da6a6d<-c49df7ba-d7d7-4ac8-a142-ddaef65aa83a#0:FAIL-t1] and 0 exception(s); 2aeadab0-ec41-4180-985e-a800f9da6a6d@group-009811E6B591:t1, leader=null, voted=2aeadab0-ec41-4180-985e-a800f9da6a6d, raftlog=2aeadab0-ec41-4180-985e-a800f9da6a6d@group-009811E6B591-SegmentedRaftLog:OPENED:c-1,f-1,i0, conf=-1: [2aeadab0-ec41-4180-985e-a800f9da6a6d:192.168.164.208:42973, 023d4525-aae9-49d4-923e-7124a55e5ae2:192.168.164.208:41869, c49df7ba-d7d7-4ac8-a142-ddaef65aa83a:192.168.164.208:36049], old=null
2019-11-13 20:17:30,045 [2aeadab0-ec41-4180-985e-a800f9da6a6d@group-009811E6B591-LeaderElection84] INFO  impl.RaftServerImpl (RaftServerImpl.java:setRole(173)) - 2aeadab0-ec41-4180-985e-a800f9da6a6d@group-009811E6B591: changes role from CANDIDATE to FOLLOWER at term 1 for DISCOVERED_A_NEW_TERM
2019-11-13 20:17:30,046 [2aeadab0-ec41-4180-985e-a800f9da6a6d@group-009811E6B591-LeaderElection84] INFO  impl.RoleInfo (RoleInfo.java:shutdownLeaderElection(134)) - 2aeadab0-ec41-4180-985e-a800f9da6a6d: shutdown LeaderElection
2019-11-13 20:17:30,046 [2aeadab0-ec41-4180-985e-a800f9da6a6d@group-009811E6B591-LeaderElection84] INFO  impl.RoleInfo (RoleInfo.java:updateAndGet(143)) - 2aeadab0-ec41-4180-985e-a800f9da6a6d: start FollowerState
2019-11-13 20:17:30,052 [c49df7ba-d7d7-4ac8-a142-ddaef65aa83a@group-009811E6B591-LeaderElection86] INFO  impl.LeaderElection (LeaderElection.java:logAndReturn(56)) - c49df7ba-d7d7-4ac8-a142-ddaef65aa83a@group-009811E6B591-LeaderElection86: Election REJECTED; received 2 response(s) [c49df7ba-d7d7-4ac8-a142-ddaef65aa83a<-2aeadab0-ec41-4180-985e-a800f9da6a6d#0:FAIL-t1, c49df7ba-d7d7-4ac8-a142-ddaef65aa83a<-023d4525-aae9-49d4-923e-7124a55e5ae2#0:FAIL-t1] and 0 exception(s); c49df7ba-d7d7-4ac8-a142-ddaef65aa83a@group-009811E6B591:t1, leader=null, voted=c49df7ba-d7d7-4ac8-a142-ddaef65aa83a, raftlog=c49df7ba-d7d7-4ac8-a142-ddaef65aa83a@group-009811E6B591-SegmentedRaftLog:OPENED:c-1,f-1,i0, conf=-1: [2aeadab0-ec41-4180-985e-a800f9da6a6d:192.168.164.208:42973, 023d4525-aae9-49d4-923e-7124a55e5ae2:192.168.164.208:41869, c49df7ba-d7d7-4ac8-a142-ddaef65aa83a:192.168.164.208:36049], old=null
2019-11-13 20:17:30,052 [c49df7ba-d7d7-4ac8-a142-ddaef65aa83a@group-009811E6B591-LeaderElection86] INFO  impl.RaftServerImpl (RaftServerImpl.java:setRole(173)) - c49df7ba-d7d7-4ac8-a142-ddaef65aa83a@group-009811E6B591: changes role from CANDIDATE to FOLLOWER at term 1 for DISCOVERED_A_NEW_TERM
2019-11-13 20:17:30,052 [c49df7ba-d7d7-4ac8-a142-ddaef65aa83a@group-009811E6B591-LeaderElection86] INFO  impl.RoleInfo (RoleInfo.java:shutdownLeaderElection(134)) - c49df7ba-d7d7-4ac8-a142-ddaef65aa83a: shutdown LeaderElection
2019-11-13 20:17:30,053 [c49df7ba-d7d7-4ac8-a142-ddaef65aa83a@group-009811E6B591-LeaderElection86] INFO  impl.RoleInfo (RoleInfo.java:updateAndGet(143)) - c49df7ba-d7d7-4ac8-a142-ddaef65aa83a: start FollowerState
2019-11-13 20:17:30,053 [023d4525-aae9-49d4-923e-7124a55e5ae2@group-009811E6B591-LeaderElection87] INFO  impl.LeaderElection (LeaderElection.java:logAndReturn(56)) - 023d4525-aae9-49d4-923e-7124a55e5ae2@group-009811E6B591-LeaderElection87: Election REJECTED; received 2 response(s) [023d4525-aae9-49d4-923e-7124a55e5ae2<-2aeadab0-ec41-4180-985e-a800f9da6a6d#0:FAIL-t1, 023d4525-aae9-49d4-923e-7124a55e5ae2<-c49df7ba-d7d7-4ac8-a142-ddaef65aa83a#0:FAIL-t1] and 0 exception(s); 023d4525-aae9-49d4-923e-7124a55e5ae2@group-009811E6B591:t1, leader=null, voted=023d4525-aae9-49d4-923e-7124a55e5ae2, raftlog=023d4525-aae9-49d4-923e-7124a55e5ae2@group-009811E6B591-SegmentedRaftLog:OPENED:c-1,f-1,i0, conf=-1: [2aeadab0-ec41-4180-985e-a800f9da6a6d:192.168.164.208:42973, 023d4525-aae9-49d4-923e-7124a55e5ae2:192.168.164.208:41869, c49df7ba-d7d7-4ac8-a142-ddaef65aa83a:192.168.164.208:36049], old=null
2019-11-13 20:17:30,053 [023d4525-aae9-49d4-923e-7124a55e5ae2@group-009811E6B591-LeaderElection87] INFO  impl.RaftServerImpl (RaftServerImpl.java:setRole(173)) - 023d4525-aae9-49d4-923e-7124a55e5ae2@group-009811E6B591: changes role from CANDIDATE to FOLLOWER at term 1 for DISCOVERED_A_NEW_TERM
2019-11-13 20:17:30,053 [023d4525-aae9-49d4-923e-7124a55e5ae2@group-009811E6B591-LeaderElection87] INFO  impl.RoleInfo (RoleInfo.java:shutdownLeaderElection(134)) - 023d4525-aae9-49d4-923e-7124a55e5ae2: shutdown LeaderElection
2019-11-13 20:17:30,054 [023d4525-aae9-49d4-923e-7124a55e5ae2@group-009811E6B591-LeaderElection87] INFO  impl.RoleInfo (RoleInfo.java:updateAndGet(143)) - 023d4525-aae9-49d4-923e-7124a55e5ae2: start FollowerState
2019-11-13 20:17:30,115 [Thread-1478] INFO  impl.FollowerState (FollowerState.java:run(111)) - fbe234eb-236c-4e93-9bcf-aa21ab9b5fff@group-7F08432BA206-FollowerState: change to CANDIDATE, lastRpcTime:1096ms, electionTimeout:1096ms
2019-11-13 20:17:30,115 [Thread-1478] INFO  impl.RoleInfo (RoleInfo.java:shutdownFollowerState(121)) - fbe234eb-236c-4e93-9bcf-aa21ab9b5fff: shutdown FollowerState
2019-11-13 20:17:30,115 [Thread-1478] INFO  impl.RaftServerImpl (RaftServerImpl.java:setRole(173)) - fbe234eb-236c-4e93-9bcf-aa21ab9b5fff@group-7F08432BA206: changes role from  FOLLOWER to CANDIDATE at term 0 for changeToCandidate
2019-11-13 20:17:30,115 [Thread-1478] INFO  impl.RoleInfo (RoleInfo.java:updateAndGet(143)) - fbe234eb-236c-4e93-9bcf-aa21ab9b5fff: start LeaderElection
2019-11-13 20:17:30,144 [fbe234eb-236c-4e93-9bcf-aa21ab9b5fff@group-7F08432BA206-LeaderElection88] INFO  impl.LeaderElection (LeaderElection.java:askForVotes(178)) - fbe234eb-236c-4e93-9bcf-aa21ab9b5fff@group-7F08432BA206-LeaderElection88: begin an election at term 1 for -1: [fbe234eb-236c-4e93-9bcf-aa21ab9b5fff:192.168.164.208:41921], old=null
2019-11-13 20:17:30,144 [fbe234eb-236c-4e93-9bcf-aa21ab9b5fff@group-7F08432BA206-LeaderElection88] INFO  impl.RoleInfo (RoleInfo.java:shutdownLeaderElection(134)) - fbe234eb-236c-4e93-9bcf-aa21ab9b5fff: shutdown LeaderElection
2019-11-13 20:17:30,145 [fbe234eb-236c-4e93-9bcf-aa21ab9b5fff@group-7F08432BA206-LeaderElection88] INFO  impl.RaftServerImpl (RaftServerImpl.java:setRole(173)) - fbe234eb-236c-4e93-9bcf-aa21ab9b5fff@group-7F08432BA206: changes role from CANDIDATE to LEADER at term 1 for changeToLeader
2019-11-13 20:17:30,145 [fbe234eb-236c-4e93-9bcf-aa21ab9b5fff@group-7F08432BA206-LeaderElection88] INFO  ratis.XceiverServerRatis (XceiverServerRatis.java:handleLeaderChangedNotification(697)) - Leader change notification received for group: group-7F08432BA206 with new leaderId: fbe234eb-236c-4e93-9bcf-aa21ab9b5fff
2019-11-13 20:17:30,145 [fbe234eb-236c-4e93-9bcf-aa21ab9b5fff@group-7F08432BA206-LeaderElection88] INFO  impl.RaftServerImpl (ServerState.java:setLeader(255)) - fbe234eb-236c-4e93-9bcf-aa21ab9b5fff@group-7F08432BA206: change Leader from null to fbe234eb-236c-4e93-9bcf-aa21ab9b5fff at term 1 for becomeLeader, leader elected after 1130ms
2019-11-13 20:17:30,145 [fbe234eb-236c-4e93-9bcf-aa21ab9b5fff@group-7F08432BA206-LeaderElection88] INFO  server.RaftServerConfigKeys (ConfUtils.java:logGet(43)) - raft.server.staging.catchup.gap = 1000 (default)
2019-11-13 20:17:30,145 [Thread-1486] INFO  impl.FollowerState (FollowerState.java:run(111)) - c49df7ba-d7d7-4ac8-a142-ddaef65aa83a@group-4A69C2695876-FollowerState: change to CANDIDATE, lastRpcTime:1028ms, electionTimeout:1028ms
2019-11-13 20:17:30,145 [fbe234eb-236c-4e93-9bcf-aa21ab9b5fff@group-7F08432BA206-LeaderElection88] INFO  server.RaftServerConfigKeys (ConfUtils.java:logGet(43)) - raft.server.rpc.sleep.time = 25ms (default)
2019-11-13 20:17:30,145 [Thread-1486] INFO  impl.RoleInfo (RoleInfo.java:shutdownFollowerState(121)) - c49df7ba-d7d7-4ac8-a142-ddaef65aa83a: shutdown FollowerState
2019-11-13 20:17:30,145 [Thread-1486] INFO  impl.RaftServerImpl (RaftServerImpl.java:setRole(173)) - c49df7ba-d7d7-4ac8-a142-ddaef65aa83a@group-4A69C2695876: changes role from  FOLLOWER to CANDIDATE at term 0 for changeToCandidate
2019-11-13 20:17:30,145 [fbe234eb-236c-4e93-9bcf-aa21ab9b5fff@group-7F08432BA206-LeaderElection88] INFO  server.RaftServerConfigKeys (ConfUtils.java:logGet(43)) - raft.server.write.element-limit = 4096 (default)
2019-11-13 20:17:30,146 [Thread-1486] INFO  impl.RoleInfo (RoleInfo.java:updateAndGet(143)) - c49df7ba-d7d7-4ac8-a142-ddaef65aa83a: start LeaderElection
2019-11-13 20:17:30,146 [fbe234eb-236c-4e93-9bcf-aa21ab9b5fff@group-7F08432BA206-LeaderElection88] INFO  server.RaftServerConfigKeys (ConfUtils.java:logGet(43)) - raft.server.watch.timeout = 10s (default)
2019-11-13 20:17:30,146 [fbe234eb-236c-4e93-9bcf-aa21ab9b5fff@group-7F08432BA206-LeaderElection88] INFO  server.RaftServerConfigKeys (ConfUtils.java:logGet(43)) - raft.server.watch.timeout.denomination = 1s (default)
2019-11-13 20:17:30,146 [fbe234eb-236c-4e93-9bcf-aa21ab9b5fff@group-7F08432BA206-LeaderElection88] INFO  server.RaftServerConfigKeys (ConfUtils.java:logGet(43)) - raft.server.watch.element-limit = 65536 (default)
2019-11-13 20:17:30,149 [EventQueue-PipelineReportForPipelineReportHandler] INFO  pipeline.PipelineStateManager (PipelineStateManager.java:openPipeline(134)) - Pipeline Pipeline[ Id: f366de21-7fb1-4686-8a63-7f08432ba206, Nodes: fbe234eb-236c-4e93-9bcf-aa21ab9b5fff{ip: 192.168.164.208, host: pr-hdds-2375-t422d-1049308724, networkLocation: /rack1, certSerialId: null}, Type:RATIS, Factor:ONE, State:OPEN] moved to OPEN state
2019-11-13 20:17:30,149 [fbe234eb-236c-4e93-9bcf-aa21ab9b5fff@group-7F08432BA206-LeaderElection88] INFO  impl.RoleInfo (RoleInfo.java:updateAndGet(143)) - fbe234eb-236c-4e93-9bcf-aa21ab9b5fff: start LeaderState
2019-11-13 20:17:30,149 [fbe234eb-236c-4e93-9bcf-aa21ab9b5fff@group-7F08432BA206-LeaderElection88] INFO  segmented.SegmentedRaftLogWorker (SegmentedRaftLogWorker.java:startLogSegment(385)) - fbe234eb-236c-4e93-9bcf-aa21ab9b5fff@group-7F08432BA206-SegmentedRaftLogWorker: Starting segment from index:0
2019-11-13 20:17:30,150 [fbe234eb-236c-4e93-9bcf-aa21ab9b5fff@group-7F08432BA206-LeaderElection88] INFO  impl.RaftServerImpl (ServerState.java:setRaftConf(356)) - fbe234eb-236c-4e93-9bcf-aa21ab9b5fff@group-7F08432BA206: set configuration 0: [fbe234eb-236c-4e93-9bcf-aa21ab9b5fff:192.168.164.208:41921], old=null at 0
2019-11-13 20:17:30,162 [c49df7ba-d7d7-4ac8-a142-ddaef65aa83a@group-4A69C2695876-LeaderElection89] INFO  impl.LeaderElection (LeaderElection.java:askForVotes(178)) - c49df7ba-d7d7-4ac8-a142-ddaef65aa83a@group-4A69C2695876-LeaderElection89: begin an election at term 1 for -1: [c49df7ba-d7d7-4ac8-a142-ddaef65aa83a:192.168.164.208:36049], old=null
2019-11-13 20:17:30,162 [c49df7ba-d7d7-4ac8-a142-ddaef65aa83a@group-4A69C2695876-LeaderElection89] INFO  impl.RoleInfo (RoleInfo.java:shutdownLeaderElection(134)) - c49df7ba-d7d7-4ac8-a142-ddaef65aa83a: shutdown LeaderElection
2019-11-13 20:17:30,162 [c49df7ba-d7d7-4ac8-a142-ddaef65aa83a@group-4A69C2695876-LeaderElection89] INFO  impl.RaftServerImpl (RaftServerImpl.java:setRole(173)) - c49df7ba-d7d7-4ac8-a142-ddaef65aa83a@group-4A69C2695876: changes role from CANDIDATE to LEADER at term 1 for changeToLeader
2019-11-13 20:17:30,162 [c49df7ba-d7d7-4ac8-a142-ddaef65aa83a@group-4A69C2695876-LeaderElection89] INFO  ratis.XceiverServerRatis (XceiverServerRatis.java:handleLeaderChangedNotification(697)) - Leader change notification received for group: group-4A69C2695876 with new leaderId: c49df7ba-d7d7-4ac8-a142-ddaef65aa83a
2019-11-13 20:17:30,188 [c49df7ba-d7d7-4ac8-a142-ddaef65aa83a@group-4A69C2695876-LeaderElection89] INFO  impl.RaftServerImpl (ServerState.java:setLeader(255)) - c49df7ba-d7d7-4ac8-a142-ddaef65aa83a@group-4A69C2695876: change Leader from null to c49df7ba-d7d7-4ac8-a142-ddaef65aa83a at term 1 for becomeLeader, leader elected after 1048ms
2019-11-13 20:17:30,188 [c49df7ba-d7d7-4ac8-a142-ddaef65aa83a@group-4A69C2695876-LeaderElection89] INFO  server.RaftServerConfigKeys (ConfUtils.java:logGet(43)) - raft.server.staging.catchup.gap = 1000 (default)
2019-11-13 20:17:30,189 [c49df7ba-d7d7-4ac8-a142-ddaef65aa83a@group-4A69C2695876-LeaderElection89] INFO  server.RaftServerConfigKeys (ConfUtils.java:logGet(43)) - raft.server.rpc.sleep.time = 25ms (default)
2019-11-13 20:17:30,189 [c49df7ba-d7d7-4ac8-a142-ddaef65aa83a@group-4A69C2695876-LeaderElection89] INFO  server.RaftServerConfigKeys (ConfUtils.java:logGet(43)) - raft.server.write.element-limit = 4096 (default)
2019-11-13 20:17:30,189 [c49df7ba-d7d7-4ac8-a142-ddaef65aa83a@group-4A69C2695876-LeaderElection89] INFO  server.RaftServerConfigKeys (ConfUtils.java:logGet(43)) - raft.server.watch.timeout = 10s (default)
2019-11-13 20:17:30,189 [c49df7ba-d7d7-4ac8-a142-ddaef65aa83a@group-4A69C2695876-LeaderElection89] INFO  server.RaftServerConfigKeys (ConfUtils.java:logGet(43)) - raft.server.watch.timeout.denomination = 1s (default)
2019-11-13 20:17:30,189 [c49df7ba-d7d7-4ac8-a142-ddaef65aa83a@group-4A69C2695876-LeaderElection89] INFO  server.RaftServerConfigKeys (ConfUtils.java:logGet(43)) - raft.server.watch.element-limit = 65536 (default)
2019-11-13 20:17:30,189 [c49df7ba-d7d7-4ac8-a142-ddaef65aa83a@group-4A69C2695876-LeaderElection89] INFO  impl.RoleInfo (RoleInfo.java:updateAndGet(143)) - c49df7ba-d7d7-4ac8-a142-ddaef65aa83a: start LeaderState
2019-11-13 20:17:30,189 [c49df7ba-d7d7-4ac8-a142-ddaef65aa83a@group-4A69C2695876-LeaderElection89] INFO  segmented.SegmentedRaftLogWorker (SegmentedRaftLogWorker.java:startLogSegment(385)) - c49df7ba-d7d7-4ac8-a142-ddaef65aa83a@group-4A69C2695876-SegmentedRaftLogWorker: Starting segment from index:0
2019-11-13 20:17:30,189 [EventQueue-PipelineReportForPipelineReportHandler] INFO  pipeline.PipelineStateManager (PipelineStateManager.java:openPipeline(134)) - Pipeline Pipeline[ Id: e0e45a5c-955d-4191-9fdd-4a69c2695876, Nodes: c49df7ba-d7d7-4ac8-a142-ddaef65aa83a{ip: 192.168.164.208, host: pr-hdds-2375-t422d-1049308724, networkLocation: /rack1, certSerialId: null}, Type:RATIS, Factor:ONE, State:OPEN] moved to OPEN state
2019-11-13 20:17:30,190 [c49df7ba-d7d7-4ac8-a142-ddaef65aa83a@group-4A69C2695876-LeaderElection89] INFO  impl.RaftServerImpl (ServerState.java:setRaftConf(356)) - c49df7ba-d7d7-4ac8-a142-ddaef65aa83a@group-4A69C2695876: set configuration 0: [c49df7ba-d7d7-4ac8-a142-ddaef65aa83a:192.168.164.208:36049], old=null at 0
2019-11-13 20:17:30,199 [Thread-1482] INFO  impl.FollowerState (FollowerState.java:run(111)) - 023d4525-aae9-49d4-923e-7124a55e5ae2@group-1B8E8BDAFA60-FollowerState: change to CANDIDATE, lastRpcTime:1129ms, electionTimeout:1129ms
2019-11-13 20:17:30,199 [Thread-1482] INFO  impl.RoleInfo (RoleInfo.java:shutdownFollowerState(121)) - 023d4525-aae9-49d4-923e-7124a55e5ae2: shutdown FollowerState
2019-11-13 20:17:30,199 [Thread-1482] INFO  impl.RaftServerImpl (RaftServerImpl.java:setRole(173)) - 023d4525-aae9-49d4-923e-7124a55e5ae2@group-1B8E8BDAFA60: changes role from  FOLLOWER to CANDIDATE at term 0 for changeToCandidate
2019-11-13 20:17:30,199 [Thread-1482] INFO  impl.RoleInfo (RoleInfo.java:updateAndGet(143)) - 023d4525-aae9-49d4-923e-7124a55e5ae2: start LeaderElection
2019-11-13 20:17:30,228 [fbe234eb-236c-4e93-9bcf-aa21ab9b5fff@group-7F08432BA206-SegmentedRaftLogWorker] INFO  segmented.SegmentedRaftLogWorker (SegmentedRaftLogWorker.java:execute(576)) - fbe234eb-236c-4e93-9bcf-aa21ab9b5fff@group-7F08432BA206-SegmentedRaftLogWorker: created new log segment /workdir/hadoop-ozone/integration-test/target/test-dir/MiniOzoneClusterImpl-e03c2511-109e-4d60-a68c-0151beb67872/datanode-9/data/ratis/f366de21-7fb1-4686-8a63-7f08432ba206/current/log_inprogress_0
2019-11-13 20:17:30,240 [c49df7ba-d7d7-4ac8-a142-ddaef65aa83a@group-4A69C2695876-SegmentedRaftLogWorker] INFO  segmented.SegmentedRaftLogWorker (SegmentedRaftLogWorker.java:execute(576)) - c49df7ba-d7d7-4ac8-a142-ddaef65aa83a@group-4A69C2695876-SegmentedRaftLogWorker: created new log segment /workdir/hadoop-ozone/integration-test/target/test-dir/MiniOzoneClusterImpl-e03c2511-109e-4d60-a68c-0151beb67872/datanode-6/data/ratis/e0e45a5c-955d-4191-9fdd-4a69c2695876/current/log_inprogress_0
2019-11-13 20:17:30,240 [023d4525-aae9-49d4-923e-7124a55e5ae2@group-1B8E8BDAFA60-LeaderElection90] INFO  impl.LeaderElection (LeaderElection.java:askForVotes(178)) - 023d4525-aae9-49d4-923e-7124a55e5ae2@group-1B8E8BDAFA60-LeaderElection90: begin an election at term 1 for -1: [023d4525-aae9-49d4-923e-7124a55e5ae2:192.168.164.208:41869], old=null
2019-11-13 20:17:30,240 [023d4525-aae9-49d4-923e-7124a55e5ae2@group-1B8E8BDAFA60-LeaderElection90] INFO  impl.RoleInfo (RoleInfo.java:shutdownLeaderElection(134)) - 023d4525-aae9-49d4-923e-7124a55e5ae2: shutdown LeaderElection
2019-11-13 20:17:30,241 [023d4525-aae9-49d4-923e-7124a55e5ae2@group-1B8E8BDAFA60-LeaderElection90] INFO  impl.RaftServerImpl (RaftServerImpl.java:setRole(173)) - 023d4525-aae9-49d4-923e-7124a55e5ae2@group-1B8E8BDAFA60: changes role from CANDIDATE to LEADER at term 1 for changeToLeader
2019-11-13 20:17:30,241 [023d4525-aae9-49d4-923e-7124a55e5ae2@group-1B8E8BDAFA60-LeaderElection90] INFO  ratis.XceiverServerRatis (XceiverServerRatis.java:handleLeaderChangedNotification(697)) - Leader change notification received for group: group-1B8E8BDAFA60 with new leaderId: 023d4525-aae9-49d4-923e-7124a55e5ae2
2019-11-13 20:17:30,241 [023d4525-aae9-49d4-923e-7124a55e5ae2@group-1B8E8BDAFA60-LeaderElection90] INFO  impl.RaftServerImpl (ServerState.java:setLeader(255)) - 023d4525-aae9-49d4-923e-7124a55e5ae2@group-1B8E8BDAFA60: change Leader from null to 023d4525-aae9-49d4-923e-7124a55e5ae2 at term 1 for becomeLeader, leader elected after 1174ms
2019-11-13 20:17:30,241 [Thread-1492] INFO  impl.FollowerState (FollowerState.java:run(111)) - d075120a-ef0f-46a0-9778-bb6f9a0780d0@group-6D7DD4B8F7C5-FollowerState: change to CANDIDATE, lastRpcTime:1016ms, electionTimeout:1016ms
2019-11-13 20:17:30,241 [023d4525-aae9-49d4-923e-7124a55e5ae2@group-1B8E8BDAFA60-LeaderElection90] INFO  server.RaftServerConfigKeys (ConfUtils.java:logGet(43)) - raft.server.staging.catchup.gap = 1000 (default)
2019-11-13 20:17:30,241 [Thread-1492] INFO  impl.RoleInfo (RoleInfo.java:shutdownFollowerState(121)) - d075120a-ef0f-46a0-9778-bb6f9a0780d0: shutdown FollowerState
2019-11-13 20:17:30,241 [023d4525-aae9-49d4-923e-7124a55e5ae2@group-1B8E8BDAFA60-LeaderElection90] INFO  server.RaftServerConfigKeys (ConfUtils.java:logGet(43)) - raft.server.rpc.sleep.time = 25ms (default)
2019-11-13 20:17:30,241 [Thread-1492] INFO  impl.RaftServerImpl (RaftServerImpl.java:setRole(173)) - d075120a-ef0f-46a0-9778-bb6f9a0780d0@group-6D7DD4B8F7C5: changes role from  FOLLOWER to CANDIDATE at term 0 for changeToCandidate
2019-11-13 20:17:30,242 [023d4525-aae9-49d4-923e-7124a55e5ae2@group-1B8E8BDAFA60-LeaderElection90] INFO  server.RaftServerConfigKeys (ConfUtils.java:logGet(43)) - raft.server.write.element-limit = 4096 (default)
2019-11-13 20:17:30,242 [Thread-1492] INFO  impl.RoleInfo (RoleInfo.java:updateAndGet(143)) - d075120a-ef0f-46a0-9778-bb6f9a0780d0: start LeaderElection
2019-11-13 20:17:30,242 [023d4525-aae9-49d4-923e-7124a55e5ae2@group-1B8E8BDAFA60-LeaderElection90] INFO  server.RaftServerConfigKeys (ConfUtils.java:logGet(43)) - raft.server.watch.timeout = 10s (default)
2019-11-13 20:17:30,242 [023d4525-aae9-49d4-923e-7124a55e5ae2@group-1B8E8BDAFA60-LeaderElection90] INFO  server.RaftServerConfigKeys (ConfUtils.java:logGet(43)) - raft.server.watch.timeout.denomination = 1s (default)
2019-11-13 20:17:30,244 [Thread-1497] INFO  impl.FollowerState (FollowerState.java:run(111)) - 836dac64-dd9f-4309-a076-e086947645e1@group-6D7DD4B8F7C5-FollowerState: change to CANDIDATE, lastRpcTime:1015ms, electionTimeout:1014ms
2019-11-13 20:17:30,245 [023d4525-aae9-49d4-923e-7124a55e5ae2@group-1B8E8BDAFA60-LeaderElection90] INFO  server.RaftServerConfigKeys (ConfUtils.java:logGet(43)) - raft.server.watch.element-limit = 65536 (default)
2019-11-13 20:17:30,245 [EventQueue-PipelineReportForPipelineReportHandler] INFO  pipeline.PipelineStateManager (PipelineStateManager.java:openPipeline(134)) - Pipeline Pipeline[ Id: 1ae7574e-e620-41c8-bc70-1b8e8bdafa60, Nodes: 023d4525-aae9-49d4-923e-7124a55e5ae2{ip: 192.168.164.208, host: pr-hdds-2375-t422d-1049308724, networkLocation: /rack1, certSerialId: null}, Type:RATIS, Factor:ONE, State:OPEN] moved to OPEN state
2019-11-13 20:17:30,245 [Thread-1497] INFO  impl.RoleInfo (RoleInfo.java:shutdownFollowerState(121)) - 836dac64-dd9f-4309-a076-e086947645e1: shutdown FollowerState
2019-11-13 20:17:30,245 [023d4525-aae9-49d4-923e-7124a55e5ae2@group-1B8E8BDAFA60-LeaderElection90] INFO  impl.RoleInfo (RoleInfo.java:updateAndGet(143)) - 023d4525-aae9-49d4-923e-7124a55e5ae2: start LeaderState
2019-11-13 20:17:30,245 [Thread-1497] INFO  impl.RaftServerImpl (RaftServerImpl.java:setRole(173)) - 836dac64-dd9f-4309-a076-e086947645e1@group-6D7DD4B8F7C5: changes role from  FOLLOWER to CANDIDATE at term 0 for changeToCandidate
2019-11-13 20:17:30,245 [023d4525-aae9-49d4-923e-7124a55e5ae2@group-1B8E8BDAFA60-LeaderElection90] INFO  segmented.SegmentedRaftLogWorker (SegmentedRaftLogWorker.java:startLogSegment(385)) - 023d4525-aae9-49d4-923e-7124a55e5ae2@group-1B8E8BDAFA60-SegmentedRaftLogWorker: Starting segment from index:0
2019-11-13 20:17:30,245 [Thread-1497] INFO  impl.RoleInfo (RoleInfo.java:updateAndGet(143)) - 836dac64-dd9f-4309-a076-e086947645e1: start LeaderElection
2019-11-13 20:17:30,246 [023d4525-aae9-49d4-923e-7124a55e5ae2@group-1B8E8BDAFA60-LeaderElection90] INFO  impl.RaftServerImpl (ServerState.java:setRaftConf(356)) - 023d4525-aae9-49d4-923e-7124a55e5ae2@group-1B8E8BDAFA60: set configuration 0: [023d4525-aae9-49d4-923e-7124a55e5ae2:192.168.164.208:41869], old=null at 0
2019-11-13 20:17:30,280 [d075120a-ef0f-46a0-9778-bb6f9a0780d0@group-6D7DD4B8F7C5-LeaderElection91] INFO  impl.LeaderElection (LeaderElection.java:askForVotes(178)) - d075120a-ef0f-46a0-9778-bb6f9a0780d0@group-6D7DD4B8F7C5-LeaderElection91: begin an election at term 1 for -1: [d075120a-ef0f-46a0-9778-bb6f9a0780d0:192.168.164.208:39220, 227642ba-0415-4d98-a6b8-20167e8a399a:192.168.164.208:40637, 836dac64-dd9f-4309-a076-e086947645e1:192.168.164.208:40723], old=null
2019-11-13 20:17:30,288 [grpc-default-executor-5] INFO  impl.RaftServerImpl (RaftServerImpl.java:setRole(173)) - 227642ba-0415-4d98-a6b8-20167e8a399a@group-6D7DD4B8F7C5: changes role from  FOLLOWER to FOLLOWER at term 1 for recognizeCandidate:d075120a-ef0f-46a0-9778-bb6f9a0780d0
2019-11-13 20:17:30,288 [grpc-default-executor-5] INFO  impl.RoleInfo (RoleInfo.java:shutdownFollowerState(121)) - 227642ba-0415-4d98-a6b8-20167e8a399a: shutdown FollowerState
2019-11-13 20:17:30,288 [grpc-default-executor-5] INFO  impl.RoleInfo (RoleInfo.java:updateAndGet(143)) - 227642ba-0415-4d98-a6b8-20167e8a399a: start FollowerState
2019-11-13 20:17:30,288 [Thread-1496] INFO  impl.FollowerState (FollowerState.java:run(120)) - 227642ba-0415-4d98-a6b8-20167e8a399a@group-6D7DD4B8F7C5-FollowerState was interrupted: java.lang.InterruptedException: sleep interrupted
2019-11-13 20:17:30,293 [023d4525-aae9-49d4-923e-7124a55e5ae2@group-1B8E8BDAFA60-SegmentedRaftLogWorker] INFO  segmented.SegmentedRaftLogWorker (SegmentedRaftLogWorker.java:execute(576)) - 023d4525-aae9-49d4-923e-7124a55e5ae2@group-1B8E8BDAFA60-SegmentedRaftLogWorker: created new log segment /workdir/hadoop-ozone/integration-test/target/test-dir/MiniOzoneClusterImpl-e03c2511-109e-4d60-a68c-0151beb67872/datanode-3/data/ratis/1ae7574e-e620-41c8-bc70-1b8e8bdafa60/current/log_inprogress_0
2019-11-13 20:17:30,294 [836dac64-dd9f-4309-a076-e086947645e1@group-6D7DD4B8F7C5-LeaderElection92] INFO  impl.LeaderElection (LeaderElection.java:askForVotes(178)) - 836dac64-dd9f-4309-a076-e086947645e1@group-6D7DD4B8F7C5-LeaderElection92: begin an election at term 1 for -1: [d075120a-ef0f-46a0-9778-bb6f9a0780d0:192.168.164.208:39220, 227642ba-0415-4d98-a6b8-20167e8a399a:192.168.164.208:40637, 836dac64-dd9f-4309-a076-e086947645e1:192.168.164.208:40723], old=null
2019-11-13 20:17:30,297 [d075120a-ef0f-46a0-9778-bb6f9a0780d0@group-6D7DD4B8F7C5-LeaderElection91] INFO  impl.LeaderElection (LeaderElection.java:logAndReturn(56)) - d075120a-ef0f-46a0-9778-bb6f9a0780d0@group-6D7DD4B8F7C5-LeaderElection91: Election PASSED; received 2 response(s) [d075120a-ef0f-46a0-9778-bb6f9a0780d0<-227642ba-0415-4d98-a6b8-20167e8a399a#0:OK-t1, d075120a-ef0f-46a0-9778-bb6f9a0780d0<-836dac64-dd9f-4309-a076-e086947645e1#0:FAIL-t1] and 0 exception(s); d075120a-ef0f-46a0-9778-bb6f9a0780d0@group-6D7DD4B8F7C5:t1, leader=null, voted=d075120a-ef0f-46a0-9778-bb6f9a0780d0, raftlog=d075120a-ef0f-46a0-9778-bb6f9a0780d0@group-6D7DD4B8F7C5-SegmentedRaftLog:OPENED:c-1,f-1,i0, conf=-1: [d075120a-ef0f-46a0-9778-bb6f9a0780d0:192.168.164.208:39220, 227642ba-0415-4d98-a6b8-20167e8a399a:192.168.164.208:40637, 836dac64-dd9f-4309-a076-e086947645e1:192.168.164.208:40723], old=null
2019-11-13 20:17:30,297 [d075120a-ef0f-46a0-9778-bb6f9a0780d0@group-6D7DD4B8F7C5-LeaderElection91] INFO  impl.RoleInfo (RoleInfo.java:shutdownLeaderElection(134)) - d075120a-ef0f-46a0-9778-bb6f9a0780d0: shutdown LeaderElection
2019-11-13 20:17:30,297 [d075120a-ef0f-46a0-9778-bb6f9a0780d0@group-6D7DD4B8F7C5-LeaderElection91] INFO  impl.RaftServerImpl (RaftServerImpl.java:setRole(173)) - d075120a-ef0f-46a0-9778-bb6f9a0780d0@group-6D7DD4B8F7C5: changes role from CANDIDATE to LEADER at term 1 for changeToLeader
2019-11-13 20:17:30,297 [d075120a-ef0f-46a0-9778-bb6f9a0780d0@group-6D7DD4B8F7C5-LeaderElection91] INFO  ratis.XceiverServerRatis (XceiverServerRatis.java:handleLeaderChangedNotification(697)) - Leader change notification received for group: group-6D7DD4B8F7C5 with new leaderId: d075120a-ef0f-46a0-9778-bb6f9a0780d0
2019-11-13 20:17:30,297 [d075120a-ef0f-46a0-9778-bb6f9a0780d0@group-6D7DD4B8F7C5-LeaderElection91] INFO  impl.RaftServerImpl (ServerState.java:setLeader(255)) - d075120a-ef0f-46a0-9778-bb6f9a0780d0@group-6D7DD4B8F7C5: change Leader from null to d075120a-ef0f-46a0-9778-bb6f9a0780d0 at term 1 for becomeLeader, leader elected after 1078ms
2019-11-13 20:17:30,297 [d075120a-ef0f-46a0-9778-bb6f9a0780d0@group-6D7DD4B8F7C5-LeaderElection91] INFO  server.RaftServerConfigKeys (ConfUtils.java:logGet(43)) - raft.server.staging.catchup.gap = 1000 (default)
2019-11-13 20:17:30,298 [d075120a-ef0f-46a0-9778-bb6f9a0780d0@group-6D7DD4B8F7C5-LeaderElection91] INFO  server.RaftServerConfigKeys (ConfUtils.java:logGet(43)) - raft.server.rpc.sleep.time = 25ms (default)
2019-11-13 20:17:30,298 [d075120a-ef0f-46a0-9778-bb6f9a0780d0@group-6D7DD4B8F7C5-LeaderElection91] INFO  server.RaftServerConfigKeys (ConfUtils.java:logGet(43)) - raft.server.write.element-limit = 4096 (default)
2019-11-13 20:17:30,298 [d075120a-ef0f-46a0-9778-bb6f9a0780d0@group-6D7DD4B8F7C5-LeaderElection91] INFO  server.RaftServerConfigKeys (ConfUtils.java:logGet(43)) - raft.server.watch.timeout = 10s (default)
2019-11-13 20:17:30,298 [d075120a-ef0f-46a0-9778-bb6f9a0780d0@group-6D7DD4B8F7C5-LeaderElection91] INFO  server.RaftServerConfigKeys (ConfUtils.java:logGet(43)) - raft.server.watch.timeout.denomination = 1s (default)
2019-11-13 20:17:30,298 [d075120a-ef0f-46a0-9778-bb6f9a0780d0@group-6D7DD4B8F7C5-LeaderElection91] INFO  server.RaftServerConfigKeys (ConfUtils.java:logGet(43)) - raft.server.watch.element-limit = 65536 (default)
2019-11-13 20:17:30,299 [d075120a-ef0f-46a0-9778-bb6f9a0780d0@group-6D7DD4B8F7C5-LeaderElection91] INFO  server.RaftServerConfigKeys (ConfUtils.java:logGet(43)) - raft.server.log.appender.snapshot.chunk.size.max = 16MB (=16777216) (default)
2019-11-13 20:17:30,299 [d075120a-ef0f-46a0-9778-bb6f9a0780d0@group-6D7DD4B8F7C5-LeaderElection91] INFO  server.RaftServerConfigKeys (ConfUtils.java:logGet(43)) - raft.server.log.appender.buffer.byte-limit = 33554432 (custom)
2019-11-13 20:17:30,299 [d075120a-ef0f-46a0-9778-bb6f9a0780d0@group-6D7DD4B8F7C5-LeaderElection91] INFO  server.RaftServerConfigKeys (ConfUtils.java:logGet(43)) - raft.server.log.appender.buffer.element-limit = 1 (custom)
2019-11-13 20:17:30,300 [d075120a-ef0f-46a0-9778-bb6f9a0780d0@group-6D7DD4B8F7C5-LeaderElection91] INFO  grpc.GrpcConfigKeys$Server (ConfUtils.java:logGet(43)) - raft.grpc.server.leader.outstanding.appends.max = 128 (default)
2019-11-13 20:17:30,300 [d075120a-ef0f-46a0-9778-bb6f9a0780d0@group-6D7DD4B8F7C5-LeaderElection91] INFO  server.RaftServerConfigKeys (ConfUtils.java:logGet(43)) - raft.server.rpc.request.timeout = 3000ms (default)
2019-11-13 20:17:30,300 [d075120a-ef0f-46a0-9778-bb6f9a0780d0@group-6D7DD4B8F7C5-LeaderElection91] INFO  server.RaftServerConfigKeys (ConfUtils.java:logGet(43)) - raft.server.log.appender.install.snapshot.enabled = false (custom)
2019-11-13 20:17:30,300 [d075120a-ef0f-46a0-9778-bb6f9a0780d0@group-6D7DD4B8F7C5-LeaderElection91] WARN  impl.MetricRegistriesImpl (MetricRegistriesImpl.java:lambda$create$1(61)) - First MetricRegistry has been created without registering reporters. You may need to call MetricRegistries.global().addReportRegistration(...) before.
2019-11-13 20:17:30,300 [d075120a-ef0f-46a0-9778-bb6f9a0780d0@group-6D7DD4B8F7C5-LeaderElection91] INFO  server.RaftServerConfigKeys (ConfUtils.java:logGet(43)) - raft.server.log.appender.snapshot.chunk.size.max = 16MB (=16777216) (default)
2019-11-13 20:17:30,300 [d075120a-ef0f-46a0-9778-bb6f9a0780d0@group-6D7DD4B8F7C5-LeaderElection91] INFO  server.RaftServerConfigKeys (ConfUtils.java:logGet(43)) - raft.server.log.appender.buffer.byte-limit = 33554432 (custom)
2019-11-13 20:17:30,304 [d075120a-ef0f-46a0-9778-bb6f9a0780d0@group-6D7DD4B8F7C5-LeaderElection91] INFO  server.RaftServerConfigKeys (ConfUtils.java:logGet(43)) - raft.server.log.appender.buffer.element-limit = 1 (custom)
2019-11-13 20:17:30,305 [d075120a-ef0f-46a0-9778-bb6f9a0780d0@group-6D7DD4B8F7C5-LeaderElection91] INFO  grpc.GrpcConfigKeys$Server (ConfUtils.java:logGet(43)) - raft.grpc.server.leader.outstanding.appends.max = 128 (default)
2019-11-13 20:17:30,305 [d075120a-ef0f-46a0-9778-bb6f9a0780d0@group-6D7DD4B8F7C5-LeaderElection91] INFO  server.RaftServerConfigKeys (ConfUtils.java:logGet(43)) - raft.server.rpc.request.timeout = 3000ms (default)
2019-11-13 20:17:30,305 [d075120a-ef0f-46a0-9778-bb6f9a0780d0@group-6D7DD4B8F7C5-LeaderElection91] INFO  server.RaftServerConfigKeys (ConfUtils.java:logGet(43)) - raft.server.log.appender.install.snapshot.enabled = false (custom)
2019-11-13 20:17:30,305 [d075120a-ef0f-46a0-9778-bb6f9a0780d0@group-6D7DD4B8F7C5-LeaderElection91] INFO  impl.RoleInfo (RoleInfo.java:updateAndGet(143)) - d075120a-ef0f-46a0-9778-bb6f9a0780d0: start LeaderState
2019-11-13 20:17:30,305 [d075120a-ef0f-46a0-9778-bb6f9a0780d0@group-6D7DD4B8F7C5-LeaderElection91] INFO  segmented.SegmentedRaftLogWorker (SegmentedRaftLogWorker.java:startLogSegment(385)) - d075120a-ef0f-46a0-9778-bb6f9a0780d0@group-6D7DD4B8F7C5-SegmentedRaftLogWorker: Starting segment from index:0
2019-11-13 20:17:30,306 [d075120a-ef0f-46a0-9778-bb6f9a0780d0@group-6D7DD4B8F7C5-LeaderElection91] INFO  impl.RaftServerImpl (ServerState.java:setRaftConf(356)) - d075120a-ef0f-46a0-9778-bb6f9a0780d0@group-6D7DD4B8F7C5: set configuration 0: [d075120a-ef0f-46a0-9778-bb6f9a0780d0:192.168.164.208:39220, 227642ba-0415-4d98-a6b8-20167e8a399a:192.168.164.208:40637, 836dac64-dd9f-4309-a076-e086947645e1:192.168.164.208:40723], old=null at 0
2019-11-13 20:17:30,340 [grpc-default-executor-5] INFO  impl.RaftServerImpl (RaftServerImpl.java:requestVote(776)) - d075120a-ef0f-46a0-9778-bb6f9a0780d0@group-6D7DD4B8F7C5-   LEADER: Withhold vote from candidate 836dac64-dd9f-4309-a076-e086947645e1 with term 1. State: leader=d075120a-ef0f-46a0-9778-bb6f9a0780d0, term=1, lastRpcElapsed=null
2019-11-13 20:17:30,349 [grpc-default-executor-5] INFO  ratis.XceiverServerRatis (XceiverServerRatis.java:handleLeaderChangedNotification(697)) - Leader change notification received for group: group-6D7DD4B8F7C5 with new leaderId: d075120a-ef0f-46a0-9778-bb6f9a0780d0
2019-11-13 20:17:30,350 [grpc-default-executor-5] INFO  impl.RaftServerImpl (ServerState.java:setLeader(255)) - 227642ba-0415-4d98-a6b8-20167e8a399a@group-6D7DD4B8F7C5: change Leader from null to d075120a-ef0f-46a0-9778-bb6f9a0780d0 at term 1 for appendEntries, leader elected after 1130ms
2019-11-13 20:17:30,350 [836dac64-dd9f-4309-a076-e086947645e1@group-6D7DD4B8F7C5-LeaderElection92] INFO  impl.LeaderElection (LeaderElection.java:logAndReturn(56)) - 836dac64-dd9f-4309-a076-e086947645e1@group-6D7DD4B8F7C5-LeaderElection92: Election REJECTED; received 2 response(s) [836dac64-dd9f-4309-a076-e086947645e1<-d075120a-ef0f-46a0-9778-bb6f9a0780d0#0:FAIL-t1, 836dac64-dd9f-4309-a076-e086947645e1<-227642ba-0415-4d98-a6b8-20167e8a399a#0:FAIL-t1] and 0 exception(s); 836dac64-dd9f-4309-a076-e086947645e1@group-6D7DD4B8F7C5:t1, leader=null, voted=836dac64-dd9f-4309-a076-e086947645e1, raftlog=836dac64-dd9f-4309-a076-e086947645e1@group-6D7DD4B8F7C5-SegmentedRaftLog:OPENED:c-1,f-1,i0, conf=-1: [d075120a-ef0f-46a0-9778-bb6f9a0780d0:192.168.164.208:39220, 227642ba-0415-4d98-a6b8-20167e8a399a:192.168.164.208:40637, 836dac64-dd9f-4309-a076-e086947645e1:192.168.164.208:40723], old=null
2019-11-13 20:17:30,349 [grpc-default-executor-2] INFO  impl.RaftServerImpl (RaftServerImpl.java:setRole(173)) - 836dac64-dd9f-4309-a076-e086947645e1@group-6D7DD4B8F7C5: changes role from CANDIDATE to FOLLOWER at term 1 for appendEntries
2019-11-13 20:17:30,350 [grpc-default-executor-2] INFO  impl.RoleInfo (RoleInfo.java:shutdownLeaderElection(134)) - 836dac64-dd9f-4309-a076-e086947645e1: shutdown LeaderElection
2019-11-13 20:17:30,351 [grpc-default-executor-2] INFO  impl.RoleInfo (RoleInfo.java:updateAndGet(143)) - 836dac64-dd9f-4309-a076-e086947645e1: start FollowerState
2019-11-13 20:17:30,351 [grpc-default-executor-2] INFO  ratis.XceiverServerRatis (XceiverServerRatis.java:handleLeaderChangedNotification(697)) - Leader change notification received for group: group-6D7DD4B8F7C5 with new leaderId: d075120a-ef0f-46a0-9778-bb6f9a0780d0
2019-11-13 20:17:30,351 [grpc-default-executor-2] INFO  impl.RaftServerImpl (ServerState.java:setLeader(255)) - 836dac64-dd9f-4309-a076-e086947645e1@group-6D7DD4B8F7C5: change Leader from null to d075120a-ef0f-46a0-9778-bb6f9a0780d0 at term 1 for appendEntries, leader elected after 1131ms
2019-11-13 20:17:30,352 [grpc-default-executor-2] INFO  impl.RaftServerImpl (ServerState.java:setRaftConf(356)) - 227642ba-0415-4d98-a6b8-20167e8a399a@group-6D7DD4B8F7C5: set configuration 0: [d075120a-ef0f-46a0-9778-bb6f9a0780d0:192.168.164.208:39220, 227642ba-0415-4d98-a6b8-20167e8a399a:192.168.164.208:40637, 836dac64-dd9f-4309-a076-e086947645e1:192.168.164.208:40723], old=null at 0
2019-11-13 20:17:30,352 [grpc-default-executor-2] INFO  segmented.SegmentedRaftLogWorker (SegmentedRaftLogWorker.java:startLogSegment(385)) - 227642ba-0415-4d98-a6b8-20167e8a399a@group-6D7DD4B8F7C5-SegmentedRaftLogWorker: Starting segment from index:0
2019-11-13 20:17:30,352 [d075120a-ef0f-46a0-9778-bb6f9a0780d0@group-6D7DD4B8F7C5-SegmentedRaftLogWorker] INFO  segmented.SegmentedRaftLogWorker (SegmentedRaftLogWorker.java:execute(576)) - d075120a-ef0f-46a0-9778-bb6f9a0780d0@group-6D7DD4B8F7C5-SegmentedRaftLogWorker: created new log segment /workdir/hadoop-ozone/integration-test/target/test-dir/MiniOzoneClusterImpl-e03c2511-109e-4d60-a68c-0151beb67872/datanode-2/data/ratis/a32ce739-8510-4e22-80f1-6d7dd4b8f7c5/current/log_inprogress_0
2019-11-13 20:17:30,353 [grpc-default-executor-2] INFO  impl.RaftServerImpl (ServerState.java:setRaftConf(356)) - 836dac64-dd9f-4309-a076-e086947645e1@group-6D7DD4B8F7C5: set configuration 0: [d075120a-ef0f-46a0-9778-bb6f9a0780d0:192.168.164.208:39220, 227642ba-0415-4d98-a6b8-20167e8a399a:192.168.164.208:40637, 836dac64-dd9f-4309-a076-e086947645e1:192.168.164.208:40723], old=null at 0
2019-11-13 20:17:30,354 [grpc-default-executor-2] INFO  segmented.SegmentedRaftLogWorker (SegmentedRaftLogWorker.java:startLogSegment(385)) - 836dac64-dd9f-4309-a076-e086947645e1@group-6D7DD4B8F7C5-SegmentedRaftLogWorker: Starting segment from index:0
2019-11-13 20:17:30,398 [227642ba-0415-4d98-a6b8-20167e8a399a@group-6D7DD4B8F7C5-SegmentedRaftLogWorker] INFO  segmented.SegmentedRaftLogWorker (SegmentedRaftLogWorker.java:execute(576)) - 227642ba-0415-4d98-a6b8-20167e8a399a@group-6D7DD4B8F7C5-SegmentedRaftLogWorker: created new log segment /workdir/hadoop-ozone/integration-test/target/test-dir/MiniOzoneClusterImpl-e03c2511-109e-4d60-a68c-0151beb67872/datanode-0/data/ratis/a32ce739-8510-4e22-80f1-6d7dd4b8f7c5/current/log_inprogress_0
2019-11-13 20:17:30,398 [836dac64-dd9f-4309-a076-e086947645e1@group-6D7DD4B8F7C5-SegmentedRaftLogWorker] INFO  segmented.SegmentedRaftLogWorker (SegmentedRaftLogWorker.java:execute(576)) - 836dac64-dd9f-4309-a076-e086947645e1@group-6D7DD4B8F7C5-SegmentedRaftLogWorker: created new log segment /workdir/hadoop-ozone/integration-test/target/test-dir/MiniOzoneClusterImpl-e03c2511-109e-4d60-a68c-0151beb67872/datanode-1/data/ratis/a32ce739-8510-4e22-80f1-6d7dd4b8f7c5/current/log_inprogress_0
2019-11-13 20:17:31,117 [Thread-1530] INFO  impl.FollowerState (FollowerState.java:run(111)) - 2aeadab0-ec41-4180-985e-a800f9da6a6d@group-009811E6B591-FollowerState: change to CANDIDATE, lastRpcTime:1070ms, electionTimeout:1070ms
2019-11-13 20:17:31,117 [Thread-1530] INFO  impl.RoleInfo (RoleInfo.java:shutdownFollowerState(121)) - 2aeadab0-ec41-4180-985e-a800f9da6a6d: shutdown FollowerState
2019-11-13 20:17:31,117 [Thread-1530] INFO  impl.RaftServerImpl (RaftServerImpl.java:setRole(173)) - 2aeadab0-ec41-4180-985e-a800f9da6a6d@group-009811E6B591: changes role from  FOLLOWER to CANDIDATE at term 1 for changeToCandidate
2019-11-13 20:17:31,117 [Thread-1530] INFO  impl.RoleInfo (RoleInfo.java:updateAndGet(143)) - 2aeadab0-ec41-4180-985e-a800f9da6a6d: start LeaderElection
2019-11-13 20:17:31,132 [2aeadab0-ec41-4180-985e-a800f9da6a6d@group-009811E6B591-LeaderElection93] INFO  impl.LeaderElection (LeaderElection.java:askForVotes(178)) - 2aeadab0-ec41-4180-985e-a800f9da6a6d@group-009811E6B591-LeaderElection93: begin an election at term 2 for -1: [2aeadab0-ec41-4180-985e-a800f9da6a6d:192.168.164.208:42973, 023d4525-aae9-49d4-923e-7124a55e5ae2:192.168.164.208:41869, c49df7ba-d7d7-4ac8-a142-ddaef65aa83a:192.168.164.208:36049], old=null
2019-11-13 20:17:31,134 [grpc-default-executor-5] INFO  impl.RaftServerImpl (RaftServerImpl.java:setRole(173)) - 023d4525-aae9-49d4-923e-7124a55e5ae2@group-009811E6B591: changes role from  FOLLOWER to FOLLOWER at term 2 for recognizeCandidate:2aeadab0-ec41-4180-985e-a800f9da6a6d
2019-11-13 20:17:31,134 [grpc-default-executor-5] INFO  impl.RoleInfo (RoleInfo.java:shutdownFollowerState(121)) - 023d4525-aae9-49d4-923e-7124a55e5ae2: shutdown FollowerState
2019-11-13 20:17:31,135 [grpc-default-executor-2] INFO  impl.RaftServerImpl (RaftServerImpl.java:setRole(173)) - c49df7ba-d7d7-4ac8-a142-ddaef65aa83a@group-009811E6B591: changes role from  FOLLOWER to FOLLOWER at term 2 for recognizeCandidate:2aeadab0-ec41-4180-985e-a800f9da6a6d
2019-11-13 20:17:31,135 [Thread-1532] INFO  impl.FollowerState (FollowerState.java:run(120)) - 023d4525-aae9-49d4-923e-7124a55e5ae2@group-009811E6B591-FollowerState was interrupted: java.lang.InterruptedException: sleep interrupted
2019-11-13 20:17:31,135 [grpc-default-executor-5] INFO  impl.RoleInfo (RoleInfo.java:updateAndGet(143)) - 023d4525-aae9-49d4-923e-7124a55e5ae2: start FollowerState
2019-11-13 20:17:31,135 [grpc-default-executor-2] INFO  impl.RoleInfo (RoleInfo.java:shutdownFollowerState(121)) - c49df7ba-d7d7-4ac8-a142-ddaef65aa83a: shutdown FollowerState
2019-11-13 20:17:31,135 [grpc-default-executor-2] INFO  impl.RoleInfo (RoleInfo.java:updateAndGet(143)) - c49df7ba-d7d7-4ac8-a142-ddaef65aa83a: start FollowerState
2019-11-13 20:17:31,135 [Thread-1531] INFO  impl.FollowerState (FollowerState.java:run(120)) - c49df7ba-d7d7-4ac8-a142-ddaef65aa83a@group-009811E6B591-FollowerState was interrupted: java.lang.InterruptedException: sleep interrupted
2019-11-13 20:17:31,162 [2aeadab0-ec41-4180-985e-a800f9da6a6d@group-009811E6B591-LeaderElection93] INFO  impl.LeaderElection (LeaderElection.java:logAndReturn(56)) - 2aeadab0-ec41-4180-985e-a800f9da6a6d@group-009811E6B591-LeaderElection93: Election PASSED; received 1 response(s) [2aeadab0-ec41-4180-985e-a800f9da6a6d<-023d4525-aae9-49d4-923e-7124a55e5ae2#0:OK-t2] and 0 exception(s); 2aeadab0-ec41-4180-985e-a800f9da6a6d@group-009811E6B591:t2, leader=null, voted=2aeadab0-ec41-4180-985e-a800f9da6a6d, raftlog=2aeadab0-ec41-4180-985e-a800f9da6a6d@group-009811E6B591-SegmentedRaftLog:OPENED:c-1,f-1,i0, conf=-1: [2aeadab0-ec41-4180-985e-a800f9da6a6d:192.168.164.208:42973, 023d4525-aae9-49d4-923e-7124a55e5ae2:192.168.164.208:41869, c49df7ba-d7d7-4ac8-a142-ddaef65aa83a:192.168.164.208:36049], old=null
2019-11-13 20:17:31,162 [2aeadab0-ec41-4180-985e-a800f9da6a6d@group-009811E6B591-LeaderElection93] INFO  impl.RoleInfo (RoleInfo.java:shutdownLeaderElection(134)) - 2aeadab0-ec41-4180-985e-a800f9da6a6d: shutdown LeaderElection
2019-11-13 20:17:31,162 [2aeadab0-ec41-4180-985e-a800f9da6a6d@group-009811E6B591-LeaderElection93] INFO  impl.RaftServerImpl (RaftServerImpl.java:setRole(173)) - 2aeadab0-ec41-4180-985e-a800f9da6a6d@group-009811E6B591: changes role from CANDIDATE to LEADER at term 2 for changeToLeader
2019-11-13 20:17:31,162 [2aeadab0-ec41-4180-985e-a800f9da6a6d@group-009811E6B591-LeaderElection93] INFO  ratis.XceiverServerRatis (XceiverServerRatis.java:handleLeaderChangedNotification(697)) - Leader change notification received for group: group-009811E6B591 with new leaderId: 2aeadab0-ec41-4180-985e-a800f9da6a6d
2019-11-13 20:17:31,162 [2aeadab0-ec41-4180-985e-a800f9da6a6d@group-009811E6B591-LeaderElection93] INFO  impl.RaftServerImpl (ServerState.java:setLeader(255)) - 2aeadab0-ec41-4180-985e-a800f9da6a6d@group-009811E6B591: change Leader from null to 2aeadab0-ec41-4180-985e-a800f9da6a6d at term 2 for becomeLeader, leader elected after 2274ms
2019-11-13 20:17:31,162 [2aeadab0-ec41-4180-985e-a800f9da6a6d@group-009811E6B591-LeaderElection93] INFO  server.RaftServerConfigKeys (ConfUtils.java:logGet(43)) - raft.server.staging.catchup.gap = 1000 (default)
2019-11-13 20:17:31,162 [2aeadab0-ec41-4180-985e-a800f9da6a6d@group-009811E6B591-LeaderElection93] INFO  server.RaftServerConfigKeys (ConfUtils.java:logGet(43)) - raft.server.rpc.sleep.time = 25ms (default)
2019-11-13 20:17:31,162 [2aeadab0-ec41-4180-985e-a800f9da6a6d@group-009811E6B591-LeaderElection93] INFO  server.RaftServerConfigKeys (ConfUtils.java:logGet(43)) - raft.server.write.element-limit = 4096 (default)
2019-11-13 20:17:31,163 [2aeadab0-ec41-4180-985e-a800f9da6a6d@group-009811E6B591-LeaderElection93] INFO  server.RaftServerConfigKeys (ConfUtils.java:logGet(43)) - raft.server.watch.timeout = 10s (default)
2019-11-13 20:17:31,163 [2aeadab0-ec41-4180-985e-a800f9da6a6d@group-009811E6B591-LeaderElection93] INFO  server.RaftServerConfigKeys (ConfUtils.java:logGet(43)) - raft.server.watch.timeout.denomination = 1s (default)
2019-11-13 20:17:31,163 [2aeadab0-ec41-4180-985e-a800f9da6a6d@group-009811E6B591-LeaderElection93] INFO  server.RaftServerConfigKeys (ConfUtils.java:logGet(43)) - raft.server.watch.element-limit = 65536 (default)
2019-11-13 20:17:31,163 [2aeadab0-ec41-4180-985e-a800f9da6a6d@group-009811E6B591-LeaderElection93] INFO  server.RaftServerConfigKeys (ConfUtils.java:logGet(43)) - raft.server.log.appender.snapshot.chunk.size.max = 16MB (=16777216) (default)
2019-11-13 20:17:31,163 [2aeadab0-ec41-4180-985e-a800f9da6a6d@group-009811E6B591-LeaderElection93] INFO  server.RaftServerConfigKeys (ConfUtils.java:logGet(43)) - raft.server.log.appender.buffer.byte-limit = 33554432 (custom)
2019-11-13 20:17:31,164 [2aeadab0-ec41-4180-985e-a800f9da6a6d@group-009811E6B591-LeaderElection93] INFO  server.RaftServerConfigKeys (ConfUtils.java:logGet(43)) - raft.server.log.appender.buffer.element-limit = 1 (custom)
2019-11-13 20:17:31,164 [2aeadab0-ec41-4180-985e-a800f9da6a6d@group-009811E6B591-LeaderElection93] INFO  grpc.GrpcConfigKeys$Server (ConfUtils.java:logGet(43)) - raft.grpc.server.leader.outstanding.appends.max = 128 (default)
2019-11-13 20:17:31,164 [2aeadab0-ec41-4180-985e-a800f9da6a6d@group-009811E6B591-LeaderElection93] INFO  server.RaftServerConfigKeys (ConfUtils.java:logGet(43)) - raft.server.rpc.request.timeout = 3000ms (default)
2019-11-13 20:17:31,164 [2aeadab0-ec41-4180-985e-a800f9da6a6d@group-009811E6B591-LeaderElection93] INFO  server.RaftServerConfigKeys (ConfUtils.java:logGet(43)) - raft.server.log.appender.install.snapshot.enabled = false (custom)
2019-11-13 20:17:31,164 [2aeadab0-ec41-4180-985e-a800f9da6a6d@group-009811E6B591-LeaderElection93] WARN  impl.MetricRegistriesImpl (MetricRegistriesImpl.java:lambda$create$1(61)) - First MetricRegistry has been created without registering reporters. You may need to call MetricRegistries.global().addReportRegistration(...) before.
2019-11-13 20:17:31,164 [2aeadab0-ec41-4180-985e-a800f9da6a6d@group-009811E6B591-LeaderElection93] INFO  server.RaftServerConfigKeys (ConfUtils.java:logGet(43)) - raft.server.log.appender.snapshot.chunk.size.max = 16MB (=16777216) (default)
2019-11-13 20:17:31,165 [2aeadab0-ec41-4180-985e-a800f9da6a6d@group-009811E6B591-LeaderElection93] INFO  server.RaftServerConfigKeys (ConfUtils.java:logGet(43)) - raft.server.log.appender.buffer.byte-limit = 33554432 (custom)
2019-11-13 20:17:31,165 [2aeadab0-ec41-4180-985e-a800f9da6a6d@group-009811E6B591-LeaderElection93] INFO  server.RaftServerConfigKeys (ConfUtils.java:logGet(43)) - raft.server.log.appender.buffer.element-limit = 1 (custom)
2019-11-13 20:17:31,165 [2aeadab0-ec41-4180-985e-a800f9da6a6d@group-009811E6B591-LeaderElection93] INFO  grpc.GrpcConfigKeys$Server (ConfUtils.java:logGet(43)) - raft.grpc.server.leader.outstanding.appends.max = 128 (default)
2019-11-13 20:17:31,165 [2aeadab0-ec41-4180-985e-a800f9da6a6d@group-009811E6B591-LeaderElection93] INFO  server.RaftServerConfigKeys (ConfUtils.java:logGet(43)) - raft.server.rpc.request.timeout = 3000ms (default)
2019-11-13 20:17:31,165 [2aeadab0-ec41-4180-985e-a800f9da6a6d@group-009811E6B591-LeaderElection93] INFO  server.RaftServerConfigKeys (ConfUtils.java:logGet(43)) - raft.server.log.appender.install.snapshot.enabled = false (custom)
2019-11-13 20:17:31,165 [2aeadab0-ec41-4180-985e-a800f9da6a6d@group-009811E6B591-LeaderElection93] INFO  impl.RoleInfo (RoleInfo.java:updateAndGet(143)) - 2aeadab0-ec41-4180-985e-a800f9da6a6d: start LeaderState
2019-11-13 20:17:31,165 [2aeadab0-ec41-4180-985e-a800f9da6a6d@group-009811E6B591-LeaderElection93] INFO  segmented.SegmentedRaftLogWorker (SegmentedRaftLogWorker.java:startLogSegment(385)) - 2aeadab0-ec41-4180-985e-a800f9da6a6d@group-009811E6B591-SegmentedRaftLogWorker: Starting segment from index:0
2019-11-13 20:17:31,166 [2aeadab0-ec41-4180-985e-a800f9da6a6d@group-009811E6B591-LeaderElection93] INFO  impl.RaftServerImpl (ServerState.java:setRaftConf(356)) - 2aeadab0-ec41-4180-985e-a800f9da6a6d@group-009811E6B591: set configuration 0: [2aeadab0-ec41-4180-985e-a800f9da6a6d:192.168.164.208:42973, 023d4525-aae9-49d4-923e-7124a55e5ae2:192.168.164.208:41869, c49df7ba-d7d7-4ac8-a142-ddaef65aa83a:192.168.164.208:36049], old=null at 0
2019-11-13 20:17:31,168 [grpc-default-executor-2] INFO  ratis.XceiverServerRatis (XceiverServerRatis.java:handleLeaderChangedNotification(697)) - Leader change notification received for group: group-009811E6B591 with new leaderId: 2aeadab0-ec41-4180-985e-a800f9da6a6d
2019-11-13 20:17:31,168 [grpc-default-executor-2] INFO  impl.RaftServerImpl (ServerState.java:setLeader(255)) - 023d4525-aae9-49d4-923e-7124a55e5ae2@group-009811E6B591: change Leader from null to 2aeadab0-ec41-4180-985e-a800f9da6a6d at term 2 for appendEntries, leader elected after 2280ms
2019-11-13 20:17:31,168 [grpc-default-executor-5] INFO  ratis.XceiverServerRatis (XceiverServerRatis.java:handleLeaderChangedNotification(697)) - Leader change notification received for group: group-009811E6B591 with new leaderId: 2aeadab0-ec41-4180-985e-a800f9da6a6d
2019-11-13 20:17:31,168 [grpc-default-executor-5] INFO  impl.RaftServerImpl (ServerState.java:setLeader(255)) - c49df7ba-d7d7-4ac8-a142-ddaef65aa83a@group-009811E6B591: change Leader from null to 2aeadab0-ec41-4180-985e-a800f9da6a6d at term 2 for appendEntries, leader elected after 2280ms
2019-11-13 20:17:31,170 [grpc-default-executor-2] INFO  impl.RaftServerImpl (ServerState.java:setRaftConf(356)) - 023d4525-aae9-49d4-923e-7124a55e5ae2@group-009811E6B591: set configuration 0: [2aeadab0-ec41-4180-985e-a800f9da6a6d:192.168.164.208:42973, 023d4525-aae9-49d4-923e-7124a55e5ae2:192.168.164.208:41869, c49df7ba-d7d7-4ac8-a142-ddaef65aa83a:192.168.164.208:36049], old=null at 0
2019-11-13 20:17:31,171 [grpc-default-executor-2] INFO  segmented.SegmentedRaftLogWorker (SegmentedRaftLogWorker.java:startLogSegment(385)) - 023d4525-aae9-49d4-923e-7124a55e5ae2@group-009811E6B591-SegmentedRaftLogWorker: Starting segment from index:0
2019-11-13 20:17:31,171 [grpc-default-executor-5] INFO  impl.RaftServerImpl (ServerState.java:setRaftConf(356)) - c49df7ba-d7d7-4ac8-a142-ddaef65aa83a@group-009811E6B591: set configuration 0: [2aeadab0-ec41-4180-985e-a800f9da6a6d:192.168.164.208:42973, 023d4525-aae9-49d4-923e-7124a55e5ae2:192.168.164.208:41869, c49df7ba-d7d7-4ac8-a142-ddaef65aa83a:192.168.164.208:36049], old=null at 0
2019-11-13 20:17:31,171 [grpc-default-executor-5] INFO  segmented.SegmentedRaftLogWorker (SegmentedRaftLogWorker.java:startLogSegment(385)) - c49df7ba-d7d7-4ac8-a142-ddaef65aa83a@group-009811E6B591-SegmentedRaftLogWorker: Starting segment from index:0
2019-11-13 20:17:31,209 [023d4525-aae9-49d4-923e-7124a55e5ae2@group-009811E6B591-SegmentedRaftLogWorker] INFO  segmented.SegmentedRaftLogWorker (SegmentedRaftLogWorker.java:execute(576)) - 023d4525-aae9-49d4-923e-7124a55e5ae2@group-009811E6B591-SegmentedRaftLogWorker: created new log segment /workdir/hadoop-ozone/integration-test/target/test-dir/MiniOzoneClusterImpl-e03c2511-109e-4d60-a68c-0151beb67872/datanode-3/data/ratis/5baf3982-3a5b-41f0-aa3c-009811e6b591/current/log_inprogress_0
2019-11-13 20:17:31,209 [2aeadab0-ec41-4180-985e-a800f9da6a6d@group-009811E6B591-SegmentedRaftLogWorker] INFO  segmented.SegmentedRaftLogWorker (SegmentedRaftLogWorker.java:execute(576)) - 2aeadab0-ec41-4180-985e-a800f9da6a6d@group-009811E6B591-SegmentedRaftLogWorker: created new log segment /workdir/hadoop-ozone/integration-test/target/test-dir/MiniOzoneClusterImpl-e03c2511-109e-4d60-a68c-0151beb67872/datanode-5/data/ratis/5baf3982-3a5b-41f0-aa3c-009811e6b591/current/log_inprogress_0
2019-11-13 20:17:31,209 [c49df7ba-d7d7-4ac8-a142-ddaef65aa83a@group-009811E6B591-SegmentedRaftLogWorker] INFO  segmented.SegmentedRaftLogWorker (SegmentedRaftLogWorker.java:execute(576)) - c49df7ba-d7d7-4ac8-a142-ddaef65aa83a@group-009811E6B591-SegmentedRaftLogWorker: created new log segment /workdir/hadoop-ozone/integration-test/target/test-dir/MiniOzoneClusterImpl-e03c2511-109e-4d60-a68c-0151beb67872/datanode-6/data/ratis/5baf3982-3a5b-41f0-aa3c-009811e6b591/current/log_inprogress_0
2019-11-13 20:17:34,370 [ForkJoinPool.commonPool-worker-1] INFO  ozoneimpl.OzoneContainer (OzoneContainer.java:stop(244)) - Attempting to stop container services.
2019-11-13 20:17:34,370 [main] INFO  ozoneimpl.OzoneContainer (OzoneContainer.java:stop(244)) - Attempting to stop container services.
2019-11-13 20:17:34,370 [ForkJoinPool.commonPool-worker-1] INFO  impl.RaftServerProxy (RaftServerProxy.java:lambda$close$4(314)) - d075120a-ef0f-46a0-9778-bb6f9a0780d0: close
2019-11-13 20:17:34,371 [main] INFO  impl.RaftServerProxy (RaftServerProxy.java:lambda$close$4(314)) - 2aeadab0-ec41-4180-985e-a800f9da6a6d: close
2019-11-13 20:17:34,371 [ForkJoinPool.commonPool-worker-1] INFO  impl.RaftServerImpl (RaftServerImpl.java:lambda$shutdown$3(250)) - d075120a-ef0f-46a0-9778-bb6f9a0780d0@group-82A9B26DC782: shutdown
2019-11-13 20:17:34,371 [main] INFO  impl.RaftServerImpl (RaftServerImpl.java:lambda$shutdown$3(250)) - 2aeadab0-ec41-4180-985e-a800f9da6a6d@group-5520FEB19B3D: shutdown
2019-11-13 20:17:34,371 [ForkJoinPool.commonPool-worker-1] INFO  util.JmxRegister (JmxRegister.java:unregister(73)) - Successfully un-registered JMX Bean with object name Ratis:service=RaftServer,group=group-82A9B26DC782,id=d075120a-ef0f-46a0-9778-bb6f9a0780d0
2019-11-13 20:17:34,371 [main] INFO  util.JmxRegister (JmxRegister.java:unregister(73)) - Successfully un-registered JMX Bean with object name Ratis:service=RaftServer,group=group-5520FEB19B3D,id=2aeadab0-ec41-4180-985e-a800f9da6a6d
2019-11-13 20:17:34,371 [ForkJoinPool.commonPool-worker-1] INFO  impl.RoleInfo (RoleInfo.java:shutdownLeaderState(104)) - d075120a-ef0f-46a0-9778-bb6f9a0780d0: shutdown LeaderState
2019-11-13 20:17:34,372 [main] INFO  impl.RoleInfo (RoleInfo.java:shutdownLeaderState(104)) - 2aeadab0-ec41-4180-985e-a800f9da6a6d: shutdown LeaderState
2019-11-13 20:17:34,372 [ForkJoinPool.commonPool-worker-1] INFO  impl.PendingRequests (PendingRequests.java:sendNotLeaderResponses(206)) - d075120a-ef0f-46a0-9778-bb6f9a0780d0@group-82A9B26DC782-PendingRequests: sendNotLeaderResponses
2019-11-13 20:17:34,372 [main] INFO  impl.PendingRequests (PendingRequests.java:sendNotLeaderResponses(206)) - 2aeadab0-ec41-4180-985e-a800f9da6a6d@group-5520FEB19B3D-PendingRequests: sendNotLeaderResponses
2019-11-13 20:17:34,372 [ForkJoinPool.commonPool-worker-1] INFO  impl.StateMachineUpdater (StateMachineUpdater.java:stopAndJoin(136)) - d075120a-ef0f-46a0-9778-bb6f9a0780d0@group-82A9B26DC782-StateMachineUpdater: set stopIndex = 0
2019-11-13 20:17:34,372 [main] INFO  impl.StateMachineUpdater (StateMachineUpdater.java:stopAndJoin(136)) - 2aeadab0-ec41-4180-985e-a800f9da6a6d@group-5520FEB19B3D-StateMachineUpdater: set stopIndex = 0
2019-11-13 20:17:34,372 [ForkJoinPool.commonPool-worker-1] INFO  impl.RaftServerImpl (ServerState.java:close(387)) - d075120a-ef0f-46a0-9778-bb6f9a0780d0@group-82A9B26DC782: closes. applyIndex: 0
2019-11-13 20:17:34,373 [main] INFO  impl.RaftServerImpl (ServerState.java:close(387)) - 2aeadab0-ec41-4180-985e-a800f9da6a6d@group-5520FEB19B3D: closes. applyIndex: 0
2019-11-13 20:17:34,373 [d075120a-ef0f-46a0-9778-bb6f9a0780d0@group-82A9B26DC782-SegmentedRaftLogWorker] INFO  segmented.SegmentedRaftLogWorker (SegmentedRaftLogWorker.java:run(316)) - d075120a-ef0f-46a0-9778-bb6f9a0780d0@group-82A9B26DC782-SegmentedRaftLogWorker was interrupted, exiting. There are 0 tasks remaining in the queue.
2019-11-13 20:17:34,373 [2aeadab0-ec41-4180-985e-a800f9da6a6d@group-5520FEB19B3D-SegmentedRaftLogWorker] INFO  segmented.SegmentedRaftLogWorker (SegmentedRaftLogWorker.java:run(316)) - 2aeadab0-ec41-4180-985e-a800f9da6a6d@group-5520FEB19B3D-SegmentedRaftLogWorker was interrupted, exiting. There are 0 tasks remaining in the queue.
2019-11-13 20:17:34,373 [main] INFO  segmented.SegmentedRaftLogWorker (SegmentedRaftLogWorker.java:close(224)) - 2aeadab0-ec41-4180-985e-a800f9da6a6d@group-5520FEB19B3D-SegmentedRaftLogWorker close()
2019-11-13 20:17:34,373 [ForkJoinPool.commonPool-worker-1] INFO  segmented.SegmentedRaftLogWorker (SegmentedRaftLogWorker.java:close(224)) - d075120a-ef0f-46a0-9778-bb6f9a0780d0@group-82A9B26DC782-SegmentedRaftLogWorker close()
2019-11-13 20:17:34,376 [main] INFO  impl.RaftServerImpl (RaftServerImpl.java:lambda$shutdown$3(250)) - 2aeadab0-ec41-4180-985e-a800f9da6a6d@group-009811E6B591: shutdown
2019-11-13 20:17:34,377 [ForkJoinPool.commonPool-worker-1] INFO  impl.RaftServerImpl (RaftServerImpl.java:lambda$shutdown$3(250)) - d075120a-ef0f-46a0-9778-bb6f9a0780d0@group-6D7DD4B8F7C5: shutdown
2019-11-13 20:17:34,377 [main] INFO  util.JmxRegister (JmxRegister.java:unregister(73)) - Successfully un-registered JMX Bean with object name Ratis:service=RaftServer,group=group-009811E6B591,id=2aeadab0-ec41-4180-985e-a800f9da6a6d
2019-11-13 20:17:34,377 [ForkJoinPool.commonPool-worker-1] INFO  util.JmxRegister (JmxRegister.java:unregister(73)) - Successfully un-registered JMX Bean with object name Ratis:service=RaftServer,group=group-6D7DD4B8F7C5,id=d075120a-ef0f-46a0-9778-bb6f9a0780d0
2019-11-13 20:17:34,378 [main] INFO  impl.RoleInfo (RoleInfo.java:shutdownLeaderState(104)) - 2aeadab0-ec41-4180-985e-a800f9da6a6d: shutdown LeaderState
2019-11-13 20:17:34,378 [ForkJoinPool.commonPool-worker-1] INFO  impl.RoleInfo (RoleInfo.java:shutdownLeaderState(104)) - d075120a-ef0f-46a0-9778-bb6f9a0780d0: shutdown LeaderState
2019-11-13 20:17:34,381 [main] INFO  impl.PendingRequests (PendingRequests.java:sendNotLeaderResponses(206)) - 2aeadab0-ec41-4180-985e-a800f9da6a6d@group-009811E6B591-PendingRequests: sendNotLeaderResponses
2019-11-13 20:17:34,393 [org.apache.ratis.server.impl.LogAppender$AppenderDaemon$$Lambda$415/455279792@6d80b034] WARN  server.GrpcLogAppender (GrpcLogAppender.java:mayWait(151)) - 2aeadab0-ec41-4180-985e-a800f9da6a6d@group-009811E6B591->c49df7ba-d7d7-4ac8-a142-ddaef65aa83a-GrpcLogAppender: Wait interrupted by java.lang.InterruptedException
2019-11-13 20:17:34,393 [org.apache.ratis.server.impl.LogAppender$AppenderDaemon$$Lambda$415/455279792@2fcabcdd] WARN  server.GrpcLogAppender (GrpcLogAppender.java:mayWait(151)) - d075120a-ef0f-46a0-9778-bb6f9a0780d0@group-6D7DD4B8F7C5->227642ba-0415-4d98-a6b8-20167e8a399a-GrpcLogAppender: Wait interrupted by java.lang.InterruptedException
2019-11-13 20:17:34,393 [org.apache.ratis.server.impl.LogAppender$AppenderDaemon$$Lambda$415/455279792@28822b40] WARN  server.GrpcLogAppender (GrpcLogAppender.java:mayWait(151)) - 2aeadab0-ec41-4180-985e-a800f9da6a6d@group-009811E6B591->023d4525-aae9-49d4-923e-7124a55e5ae2-GrpcLogAppender: Wait interrupted by java.lang.InterruptedException
2019-11-13 20:17:34,393 [org.apache.ratis.server.impl.LogAppender$AppenderDaemon$$Lambda$415/455279792@6ac82740] WARN  server.GrpcLogAppender (GrpcLogAppender.java:mayWait(151)) - d075120a-ef0f-46a0-9778-bb6f9a0780d0@group-6D7DD4B8F7C5->836dac64-dd9f-4309-a076-e086947645e1-GrpcLogAppender: Wait interrupted by java.lang.InterruptedException
2019-11-13 20:17:34,393 [ForkJoinPool.commonPool-worker-1] INFO  impl.PendingRequests (PendingRequests.java:sendNotLeaderResponses(206)) - d075120a-ef0f-46a0-9778-bb6f9a0780d0@group-6D7DD4B8F7C5-PendingRequests: sendNotLeaderResponses
2019-11-13 20:17:34,393 [main] INFO  impl.StateMachineUpdater (StateMachineUpdater.java:stopAndJoin(136)) - 2aeadab0-ec41-4180-985e-a800f9da6a6d@group-009811E6B591-StateMachineUpdater: set stopIndex = 0
2019-11-13 20:17:34,394 [grpc-default-executor-4] INFO  server.GrpcServerProtocolService (GrpcServerProtocolService.java:onCompleted(113)) - 227642ba-0415-4d98-a6b8-20167e8a399a: Completed APPEND_ENTRIES, lastRequest: d075120a-ef0f-46a0-9778-bb6f9a0780d0->227642ba-0415-4d98-a6b8-20167e8a399a#8-t1, previous=(t:1, i:0), leaderCommit=0, initializing? false, entries: <empty>
2019-11-13 20:17:34,394 [grpc-default-executor-1] INFO  server.GrpcServerProtocolService (GrpcServerProtocolService.java:onCompleted(113)) - c49df7ba-d7d7-4ac8-a142-ddaef65aa83a: Completed APPEND_ENTRIES, lastRequest: 2aeadab0-ec41-4180-985e-a800f9da6a6d->c49df7ba-d7d7-4ac8-a142-ddaef65aa83a#7-t2, previous=(t:2, i:0), leaderCommit=0, initializing? false, entries: <empty>
2019-11-13 20:17:34,394 [grpc-default-executor-3] INFO  server.GrpcServerProtocolService (GrpcServerProtocolService.java:onCompleted(113)) - 023d4525-aae9-49d4-923e-7124a55e5ae2: Completed APPEND_ENTRIES, lastRequest: 2aeadab0-ec41-4180-985e-a800f9da6a6d->023d4525-aae9-49d4-923e-7124a55e5ae2#7-t2, previous=(t:2, i:0), leaderCommit=0, initializing? false, entries: <empty>
2019-11-13 20:17:34,394 [grpc-default-executor-5] INFO  server.GrpcServerProtocolService (GrpcServerProtocolService.java:onCompleted(113)) - 836dac64-dd9f-4309-a076-e086947645e1: Completed APPEND_ENTRIES, lastRequest: d075120a-ef0f-46a0-9778-bb6f9a0780d0->836dac64-dd9f-4309-a076-e086947645e1#8-t1, previous=(t:1, i:0), leaderCommit=0, initializing? false, entries: <empty>
2019-11-13 20:17:34,394 [ForkJoinPool.commonPool-worker-1] INFO  impl.StateMachineUpdater (StateMachineUpdater.java:stopAndJoin(136)) - d075120a-ef0f-46a0-9778-bb6f9a0780d0@group-6D7DD4B8F7C5-StateMachineUpdater: set stopIndex = 0
2019-11-13 20:17:34,395 [ForkJoinPool.commonPool-worker-1] INFO  impl.RaftServerImpl (ServerState.java:close(387)) - d075120a-ef0f-46a0-9778-bb6f9a0780d0@group-6D7DD4B8F7C5: closes. applyIndex: 0
2019-11-13 20:17:34,394 [main] INFO  impl.RaftServerImpl (ServerState.java:close(387)) - 2aeadab0-ec41-4180-985e-a800f9da6a6d@group-009811E6B591: closes. applyIndex: 0
2019-11-13 20:17:34,396 [grpc-default-executor-2] INFO  server.GrpcLogAppender (GrpcLogAppender.java:onCompleted(308)) - 2aeadab0-ec41-4180-985e-a800f9da6a6d@group-009811E6B591->023d4525-aae9-49d4-923e-7124a55e5ae2-AppendLogResponseHandler: follower responses appendEntries COMPLETED
2019-11-13 20:17:34,396 [d075120a-ef0f-46a0-9778-bb6f9a0780d0@group-6D7DD4B8F7C5-SegmentedRaftLogWorker] INFO  segmented.SegmentedRaftLogWorker (SegmentedRaftLogWorker.java:run(316)) - d075120a-ef0f-46a0-9778-bb6f9a0780d0@group-6D7DD4B8F7C5-SegmentedRaftLogWorker was interrupted, exiting. There are 0 tasks remaining in the queue.
2019-11-13 20:17:34,395 [grpc-default-executor-3] INFO  server.GrpcLogAppender (GrpcLogAppender.java:onCompleted(308)) - d075120a-ef0f-46a0-9778-bb6f9a0780d0@group-6D7DD4B8F7C5->227642ba-0415-4d98-a6b8-20167e8a399a-AppendLogResponseHandler: follower responses appendEntries COMPLETED
2019-11-13 20:17:34,395 [grpc-default-executor-1] INFO  server.GrpcLogAppender (GrpcLogAppender.java:onCompleted(308)) - d075120a-ef0f-46a0-9778-bb6f9a0780d0@group-6D7DD4B8F7C5->836dac64-dd9f-4309-a076-e086947645e1-AppendLogResponseHandler: follower responses appendEntries COMPLETED
2019-11-13 20:17:34,395 [grpc-default-executor-4] INFO  server.GrpcLogAppender (GrpcLogAppender.java:onCompleted(308)) - 2aeadab0-ec41-4180-985e-a800f9da6a6d@group-009811E6B591->c49df7ba-d7d7-4ac8-a142-ddaef65aa83a-AppendLogResponseHandler: follower responses appendEntries COMPLETED
2019-11-13 20:17:34,398 [ForkJoinPool.commonPool-worker-1] INFO  segmented.SegmentedRaftLogWorker (SegmentedRaftLogWorker.java:close(224)) - d075120a-ef0f-46a0-9778-bb6f9a0780d0@group-6D7DD4B8F7C5-SegmentedRaftLogWorker close()
2019-11-13 20:17:34,399 [grpc-default-executor-3] INFO  impl.FollowerInfo (FollowerInfo.java:lambda$new$0(51)) - d075120a-ef0f-46a0-9778-bb6f9a0780d0@group-6D7DD4B8F7C5->227642ba-0415-4d98-a6b8-20167e8a399a: nextIndex: updateUnconditionally 1 -> 0
2019-11-13 20:17:34,396 [2aeadab0-ec41-4180-985e-a800f9da6a6d@group-009811E6B591-SegmentedRaftLogWorker] INFO  segmented.SegmentedRaftLogWorker (SegmentedRaftLogWorker.java:run(316)) - 2aeadab0-ec41-4180-985e-a800f9da6a6d@group-009811E6B591-SegmentedRaftLogWorker was interrupted, exiting. There are 0 tasks remaining in the queue.
2019-11-13 20:17:34,401 [ForkJoinPool.commonPool-worker-1] INFO  server.GrpcService (GrpcService.java:closeImpl(164)) - d075120a-ef0f-46a0-9778-bb6f9a0780d0: shutdown server with port 39220 now
2019-11-13 20:17:34,399 [grpc-default-executor-2] INFO  impl.FollowerInfo (FollowerInfo.java:lambda$new$0(51)) - 2aeadab0-ec41-4180-985e-a800f9da6a6d@group-009811E6B591->023d4525-aae9-49d4-923e-7124a55e5ae2: nextIndex: updateUnconditionally 1 -> 0
2019-11-13 20:17:34,399 [grpc-default-executor-1] INFO  impl.FollowerInfo (FollowerInfo.java:lambda$new$0(51)) - d075120a-ef0f-46a0-9778-bb6f9a0780d0@group-6D7DD4B8F7C5->836dac64-dd9f-4309-a076-e086947645e1: nextIndex: updateUnconditionally 1 -> 0
2019-11-13 20:17:34,403 [ForkJoinPool.commonPool-worker-1] INFO  server.GrpcService (GrpcService.java:closeImpl(172)) - d075120a-ef0f-46a0-9778-bb6f9a0780d0: shutdown server with port 39220 successfully
2019-11-13 20:17:34,403 [main] INFO  segmented.SegmentedRaftLogWorker (SegmentedRaftLogWorker.java:close(224)) - 2aeadab0-ec41-4180-985e-a800f9da6a6d@group-009811E6B591-SegmentedRaftLogWorker close()
2019-11-13 20:17:34,402 [grpc-default-executor-4] INFO  impl.FollowerInfo (FollowerInfo.java:lambda$new$0(51)) - 2aeadab0-ec41-4180-985e-a800f9da6a6d@group-009811E6B591->c49df7ba-d7d7-4ac8-a142-ddaef65aa83a: nextIndex: updateUnconditionally 1 -> 0
2019-11-13 20:17:34,407 [main] INFO  server.GrpcService (GrpcService.java:closeImpl(164)) - 2aeadab0-ec41-4180-985e-a800f9da6a6d: shutdown server with port 42973 now
2019-11-13 20:17:34,407 [refreshUsed-/workdir/hadoop-ozone/integration-test/target/test-dir/MiniOzoneClusterImpl-e03c2511-109e-4d60-a68c-0151beb67872/datanode-2/data/containers] WARN  fs.CachingGetSpaceUsed (CachingGetSpaceUsed.java:run(183)) - Thread Interrupted waiting to refresh disk information: sleep interrupted
2019-11-13 20:17:34,408 [main] INFO  server.GrpcService (GrpcService.java:closeImpl(172)) - 2aeadab0-ec41-4180-985e-a800f9da6a6d: shutdown server with port 42973 successfully
2019-11-13 20:17:34,409 [refreshUsed-/workdir/hadoop-ozone/integration-test/target/test-dir/MiniOzoneClusterImpl-e03c2511-109e-4d60-a68c-0151beb67872/datanode-5/data/containers] WARN  fs.CachingGetSpaceUsed (CachingGetSpaceUsed.java:run(183)) - Thread Interrupted waiting to refresh disk information: sleep interrupted
2019-11-13 20:17:34,426 [main] INFO  utils.BackgroundService (BackgroundService.java:shutdown(151)) - Shutting down service BlockDeletingService
2019-11-13 20:17:34,431 [main] INFO  statemachine.DatanodeStateMachine (DatanodeStateMachine.java:stopDaemon(395)) - Ozone container server stopped.
2019-11-13 20:17:34,431 [ForkJoinPool.commonPool-worker-1] INFO  utils.BackgroundService (BackgroundService.java:shutdown(151)) - Shutting down service BlockDeletingService
2019-11-13 20:17:34,435 [ForkJoinPool.commonPool-worker-1] INFO  statemachine.DatanodeStateMachine (DatanodeStateMachine.java:stopDaemon(395)) - Ozone container server stopped.
2019-11-13 20:17:34,438 [main] INFO  handler.ContextHandler (ContextHandler.java:doStop(910)) - Stopped o.e.j.w.WebAppContext@5f5827d0{/,null,UNAVAILABLE}{/hddsDatanode}
2019-11-13 20:17:34,439 [ForkJoinPool.commonPool-worker-1] INFO  handler.ContextHandler (ContextHandler.java:doStop(910)) - Stopped o.e.j.w.WebAppContext@10272bbb{/,null,UNAVAILABLE}{/hddsDatanode}
2019-11-13 20:17:34,440 [main] INFO  server.AbstractConnector (AbstractConnector.java:doStop(318)) - Stopped ServerConnector@58a2d9f9{HTTP/1.1,[http/1.1]}{0.0.0.0:0}
2019-11-13 20:17:34,440 [ForkJoinPool.commonPool-worker-1] INFO  server.AbstractConnector (AbstractConnector.java:doStop(318)) - Stopped ServerConnector@36d33f4{HTTP/1.1,[http/1.1]}{0.0.0.0:0}
2019-11-13 20:17:34,441 [main] INFO  handler.ContextHandler (ContextHandler.java:doStop(910)) - Stopped o.e.j.s.ServletContextHandler@55f4887d{/static,jar:file:/home/user/.m2/repository/org/apache/hadoop/hadoop-hdds-container-service/0.5.0-SNAPSHOT/hadoop-hdds-container-service-0.5.0-SNAPSHOT.jar!/webapps/static,UNAVAILABLE}
2019-11-13 20:17:34,441 [ForkJoinPool.commonPool-worker-1] INFO  handler.ContextHandler (ContextHandler.java:doStop(910)) - Stopped o.e.j.s.ServletContextHandler@3472947a{/static,jar:file:/home/user/.m2/repository/org/apache/hadoop/hadoop-hdds-container-service/0.5.0-SNAPSHOT/hadoop-hdds-container-service-0.5.0-SNAPSHOT.jar!/webapps/static,UNAVAILABLE}
2019-11-13 20:17:34,442 [main] INFO  handler.ContextHandler (ContextHandler.java:doStop(910)) - Stopped o.e.j.s.ServletContextHandler@2d74c81b{/logs,file:///workdir/hadoop-ozone/integration-test/target/log,UNAVAILABLE}
2019-11-13 20:17:34,443 [ForkJoinPool.commonPool-worker-1] INFO  handler.ContextHandler (ContextHandler.java:doStop(910)) - Stopped o.e.j.s.ServletContextHandler@7885776b{/logs,file:///workdir/hadoop-ozone/integration-test/target/log,UNAVAILABLE}
2019-11-13 20:17:35,189 [Datanode State Machine Thread - 0] INFO  statemachine.DatanodeStateMachine (DatanodeStateMachine.java:lambda$startDaemon$0(350)) - Ozone container server started.
2019-11-13 20:17:35,245 [Datanode State Machine Thread - 0] INFO  statemachine.DatanodeStateMachine (DatanodeStateMachine.java:lambda$startDaemon$0(350)) - Ozone container server started.
2019-11-13 20:17:35,300 [Thread-1564] INFO  impl.FollowerState (FollowerState.java:run(111)) - c49df7ba-d7d7-4ac8-a142-ddaef65aa83a@group-009811E6B591-FollowerState: change to CANDIDATE, lastRpcTime:1075ms, electionTimeout:1024ms
2019-11-13 20:17:35,300 [Thread-1564] INFO  impl.RoleInfo (RoleInfo.java:shutdownFollowerState(121)) - c49df7ba-d7d7-4ac8-a142-ddaef65aa83a: shutdown FollowerState
2019-11-13 20:17:35,300 [Thread-1564] INFO  impl.RaftServerImpl (RaftServerImpl.java:setRole(173)) - c49df7ba-d7d7-4ac8-a142-ddaef65aa83a@group-009811E6B591: changes role from  FOLLOWER to CANDIDATE at term 2 for changeToCandidate
2019-11-13 20:17:35,300 [Thread-1564] INFO  impl.RoleInfo (RoleInfo.java:updateAndGet(143)) - c49df7ba-d7d7-4ac8-a142-ddaef65aa83a: start LeaderElection
2019-11-13 20:17:35,301 [c49df7ba-d7d7-4ac8-a142-ddaef65aa83a@group-009811E6B591-LeaderElection94] INFO  impl.RaftServerImpl (ServerState.java:setLeader(255)) - c49df7ba-d7d7-4ac8-a142-ddaef65aa83a@group-009811E6B591: change Leader from 2aeadab0-ec41-4180-985e-a800f9da6a6d to null at term 2 for initElection
2019-11-13 20:17:35,328 [c49df7ba-d7d7-4ac8-a142-ddaef65aa83a@group-009811E6B591-LeaderElection94] INFO  impl.LeaderElection (LeaderElection.java:askForVotes(178)) - c49df7ba-d7d7-4ac8-a142-ddaef65aa83a@group-009811E6B591-LeaderElection94: begin an election at term 3 for 0: [2aeadab0-ec41-4180-985e-a800f9da6a6d:192.168.164.208:42973, 023d4525-aae9-49d4-923e-7124a55e5ae2:192.168.164.208:41869, c49df7ba-d7d7-4ac8-a142-ddaef65aa83a:192.168.164.208:36049], old=null
2019-11-13 20:17:35,330 [grpc-default-executor-1] INFO  impl.RaftServerImpl (ServerState.java:setLeader(255)) - 023d4525-aae9-49d4-923e-7124a55e5ae2@group-009811E6B591: change Leader from 2aeadab0-ec41-4180-985e-a800f9da6a6d to null at term 3 for updateCurrentTerm
2019-11-13 20:17:35,330 [grpc-default-executor-1] INFO  impl.RaftServerImpl (RaftServerImpl.java:setRole(173)) - 023d4525-aae9-49d4-923e-7124a55e5ae2@group-009811E6B591: changes role from  FOLLOWER to FOLLOWER at term 3 for recognizeCandidate:c49df7ba-d7d7-4ac8-a142-ddaef65aa83a
2019-11-13 20:17:35,330 [grpc-default-executor-1] INFO  impl.RoleInfo (RoleInfo.java:shutdownFollowerState(121)) - 023d4525-aae9-49d4-923e-7124a55e5ae2: shutdown FollowerState
2019-11-13 20:17:35,331 [Thread-1563] INFO  impl.FollowerState (FollowerState.java:run(120)) - 023d4525-aae9-49d4-923e-7124a55e5ae2@group-009811E6B591-FollowerState was interrupted: java.lang.InterruptedException: sleep interrupted
2019-11-13 20:17:35,331 [grpc-default-executor-1] INFO  impl.RoleInfo (RoleInfo.java:updateAndGet(143)) - 023d4525-aae9-49d4-923e-7124a55e5ae2: start FollowerState
2019-11-13 20:17:35,331 [c49df7ba-d7d7-4ac8-a142-ddaef65aa83a@group-009811E6B591-LeaderElection94] INFO  impl.LeaderElection (LogUtils.java:infoOrTrace(149)) - c49df7ba-d7d7-4ac8-a142-ddaef65aa83a@group-009811E6B591-LeaderElection94 got exception when requesting votes: {}
java.util.concurrent.ExecutionException: org.apache.ratis.thirdparty.io.grpc.StatusRuntimeException: UNAVAILABLE: io exception
	at java.util.concurrent.FutureTask.report(FutureTask.java:122)
	at java.util.concurrent.FutureTask.get(FutureTask.java:192)
	at org.apache.ratis.server.impl.LeaderElection.waitForResults(LeaderElection.java:259)
	at org.apache.ratis.server.impl.LeaderElection.askForVotes(LeaderElection.java:197)
	at org.apache.ratis.server.impl.LeaderElection.run(LeaderElection.java:133)
	at java.lang.Thread.run(Thread.java:748)
Caused by: org.apache.ratis.thirdparty.io.grpc.StatusRuntimeException: UNAVAILABLE: io exception
	at org.apache.ratis.thirdparty.io.grpc.stub.ClientCalls.toStatusRuntimeException(ClientCalls.java:233)
	at org.apache.ratis.thirdparty.io.grpc.stub.ClientCalls.getUnchecked(ClientCalls.java:214)
	at org.apache.ratis.thirdparty.io.grpc.stub.ClientCalls.blockingUnaryCall(ClientCalls.java:139)
	at org.apache.ratis.proto.grpc.RaftServerProtocolServiceGrpc$RaftServerProtocolServiceBlockingStub.requestVote(RaftServerProtocolServiceGrpc.java:265)
	at org.apache.ratis.grpc.server.GrpcServerProtocolClient.requestVote(GrpcServerProtocolClient.java:99)
	at org.apache.ratis.grpc.server.GrpcService.requestVote(GrpcService.java:204)
	at org.apache.ratis.server.impl.LeaderElection.lambda$submitRequests$1(LeaderElection.java:234)
	at java.util.concurrent.FutureTask.run(FutureTask.java:266)
	at java.util.concurrent.Executors$RunnableAdapter.call(Executors.java:511)
	at java.util.concurrent.FutureTask.run(FutureTask.java:266)
	at java.util.concurrent.ThreadPoolExecutor.runWorker(ThreadPoolExecutor.java:1149)
	at java.util.concurrent.ThreadPoolExecutor$Worker.run(ThreadPoolExecutor.java:624)
	... 1 more
Caused by: org.apache.ratis.thirdparty.io.netty.channel.AbstractChannel$AnnotatedConnectException: Connection refused: /192.168.164.208:42973
	at sun.nio.ch.SocketChannelImpl.checkConnect(Native Method)
	at sun.nio.ch.SocketChannelImpl.finishConnect(SocketChannelImpl.java:717)
	at org.apache.ratis.thirdparty.io.netty.channel.socket.nio.NioSocketChannel.doFinishConnect(NioSocketChannel.java:327)
	at org.apache.ratis.thirdparty.io.netty.channel.nio.AbstractNioChannel$AbstractNioUnsafe.finishConnect(AbstractNioChannel.java:340)
	at org.apache.ratis.thirdparty.io.netty.channel.nio.NioEventLoop.processSelectedKey(NioEventLoop.java:632)
	at org.apache.ratis.thirdparty.io.netty.channel.nio.NioEventLoop.processSelectedKeysOptimized(NioEventLoop.java:579)
	at org.apache.ratis.thirdparty.io.netty.channel.nio.NioEventLoop.processSelectedKeys(NioEventLoop.java:496)
	at org.apache.ratis.thirdparty.io.netty.channel.nio.NioEventLoop.run(NioEventLoop.java:458)
	at org.apache.ratis.thirdparty.io.netty.util.concurrent.SingleThreadEventExecutor$5.run(SingleThreadEventExecutor.java:897)
	at org.apache.ratis.thirdparty.io.netty.util.concurrent.FastThreadLocalRunnable.run(FastThreadLocalRunnable.java:30)
	... 1 more
Caused by: java.net.ConnectException: Connection refused
	... 11 more
2019-11-13 20:17:35,344 [c49df7ba-d7d7-4ac8-a142-ddaef65aa83a@group-009811E6B591-LeaderElection94] INFO  impl.LeaderElection (LeaderElection.java:logAndReturn(56)) - c49df7ba-d7d7-4ac8-a142-ddaef65aa83a@group-009811E6B591-LeaderElection94: Election PASSED; received 1 response(s) [c49df7ba-d7d7-4ac8-a142-ddaef65aa83a<-023d4525-aae9-49d4-923e-7124a55e5ae2#0:OK-t3] and 1 exception(s); c49df7ba-d7d7-4ac8-a142-ddaef65aa83a@group-009811E6B591:t3, leader=null, voted=c49df7ba-d7d7-4ac8-a142-ddaef65aa83a, raftlog=c49df7ba-d7d7-4ac8-a142-ddaef65aa83a@group-009811E6B591-SegmentedRaftLog:OPENED:c0,f0,i0, conf=0: [2aeadab0-ec41-4180-985e-a800f9da6a6d:192.168.164.208:42973, 023d4525-aae9-49d4-923e-7124a55e5ae2:192.168.164.208:41869, c49df7ba-d7d7-4ac8-a142-ddaef65aa83a:192.168.164.208:36049], old=null
2019-11-13 20:17:35,345 [c49df7ba-d7d7-4ac8-a142-ddaef65aa83a@group-009811E6B591-LeaderElection94] INFO  impl.LeaderElection (LogUtils.java:infoOrTrace(149)) -   Exception 0: {}
java.util.concurrent.ExecutionException: org.apache.ratis.thirdparty.io.grpc.StatusRuntimeException: UNAVAILABLE: io exception
	at java.util.concurrent.FutureTask.report(FutureTask.java:122)
	at java.util.concurrent.FutureTask.get(FutureTask.java:192)
	at org.apache.ratis.server.impl.LeaderElection.waitForResults(LeaderElection.java:259)
	at org.apache.ratis.server.impl.LeaderElection.askForVotes(LeaderElection.java:197)
	at org.apache.ratis.server.impl.LeaderElection.run(LeaderElection.java:133)
	at java.lang.Thread.run(Thread.java:748)
Caused by: org.apache.ratis.thirdparty.io.grpc.StatusRuntimeException: UNAVAILABLE: io exception
	at org.apache.ratis.thirdparty.io.grpc.stub.ClientCalls.toStatusRuntimeException(ClientCalls.java:233)
	at org.apache.ratis.thirdparty.io.grpc.stub.ClientCalls.getUnchecked(ClientCalls.java:214)
	at org.apache.ratis.thirdparty.io.grpc.stub.ClientCalls.blockingUnaryCall(ClientCalls.java:139)
	at org.apache.ratis.proto.grpc.RaftServerProtocolServiceGrpc$RaftServerProtocolServiceBlockingStub.requestVote(RaftServerProtocolServiceGrpc.java:265)
	at org.apache.ratis.grpc.server.GrpcServerProtocolClient.requestVote(GrpcServerProtocolClient.java:99)
	at org.apache.ratis.grpc.server.GrpcService.requestVote(GrpcService.java:204)
	at org.apache.ratis.server.impl.LeaderElection.lambda$submitRequests$1(LeaderElection.java:234)
	at java.util.concurrent.FutureTask.run(FutureTask.java:266)
	at java.util.concurrent.Executors$RunnableAdapter.call(Executors.java:511)
	at java.util.concurrent.FutureTask.run(FutureTask.java:266)
	at java.util.concurrent.ThreadPoolExecutor.runWorker(ThreadPoolExecutor.java:1149)
	at java.util.concurrent.ThreadPoolExecutor$Worker.run(ThreadPoolExecutor.java:624)
	... 1 more
Caused by: org.apache.ratis.thirdparty.io.netty.channel.AbstractChannel$AnnotatedConnectException: Connection refused: /192.168.164.208:42973
	at sun.nio.ch.SocketChannelImpl.checkConnect(Native Method)
	at sun.nio.ch.SocketChannelImpl.finishConnect(SocketChannelImpl.java:717)
	at org.apache.ratis.thirdparty.io.netty.channel.socket.nio.NioSocketChannel.doFinishConnect(NioSocketChannel.java:327)
	at org.apache.ratis.thirdparty.io.netty.channel.nio.AbstractNioChannel$AbstractNioUnsafe.finishConnect(AbstractNioChannel.java:340)
	at org.apache.ratis.thirdparty.io.netty.channel.nio.NioEventLoop.processSelectedKey(NioEventLoop.java:632)
	at org.apache.ratis.thirdparty.io.netty.channel.nio.NioEventLoop.processSelectedKeysOptimized(NioEventLoop.java:579)
	at org.apache.ratis.thirdparty.io.netty.channel.nio.NioEventLoop.processSelectedKeys(NioEventLoop.java:496)
	at org.apache.ratis.thirdparty.io.netty.channel.nio.NioEventLoop.run(NioEventLoop.java:458)
	at org.apache.ratis.thirdparty.io.netty.util.concurrent.SingleThreadEventExecutor$5.run(SingleThreadEventExecutor.java:897)
	at org.apache.ratis.thirdparty.io.netty.util.concurrent.FastThreadLocalRunnable.run(FastThreadLocalRunnable.java:30)
	... 1 more
Caused by: java.net.ConnectException: Connection refused
	... 11 more
2019-11-13 20:17:35,345 [c49df7ba-d7d7-4ac8-a142-ddaef65aa83a@group-009811E6B591-LeaderElection94] INFO  impl.RoleInfo (RoleInfo.java:shutdownLeaderElection(134)) - c49df7ba-d7d7-4ac8-a142-ddaef65aa83a: shutdown LeaderElection
2019-11-13 20:17:35,345 [c49df7ba-d7d7-4ac8-a142-ddaef65aa83a@group-009811E6B591-LeaderElection94] INFO  impl.RaftServerImpl (RaftServerImpl.java:setRole(173)) - c49df7ba-d7d7-4ac8-a142-ddaef65aa83a@group-009811E6B591: changes role from CANDIDATE to LEADER at term 3 for changeToLeader
2019-11-13 20:17:35,345 [c49df7ba-d7d7-4ac8-a142-ddaef65aa83a@group-009811E6B591-LeaderElection94] INFO  ratis.XceiverServerRatis (XceiverServerRatis.java:handleLeaderChangedNotification(697)) - Leader change notification received for group: group-009811E6B591 with new leaderId: c49df7ba-d7d7-4ac8-a142-ddaef65aa83a
2019-11-13 20:17:35,346 [c49df7ba-d7d7-4ac8-a142-ddaef65aa83a@group-009811E6B591-LeaderElection94] INFO  impl.RaftServerImpl (ServerState.java:setLeader(255)) - c49df7ba-d7d7-4ac8-a142-ddaef65aa83a@group-009811E6B591: change Leader from null to c49df7ba-d7d7-4ac8-a142-ddaef65aa83a at term 3 for becomeLeader, leader elected after 44ms
2019-11-13 20:17:35,346 [c49df7ba-d7d7-4ac8-a142-ddaef65aa83a@group-009811E6B591-LeaderElection94] INFO  server.RaftServerConfigKeys (ConfUtils.java:logGet(43)) - raft.server.staging.catchup.gap = 1000 (default)
2019-11-13 20:17:35,346 [c49df7ba-d7d7-4ac8-a142-ddaef65aa83a@group-009811E6B591-LeaderElection94] INFO  server.RaftServerConfigKeys (ConfUtils.java:logGet(43)) - raft.server.rpc.sleep.time = 25ms (default)
2019-11-13 20:17:35,346 [c49df7ba-d7d7-4ac8-a142-ddaef65aa83a@group-009811E6B591-LeaderElection94] INFO  server.RaftServerConfigKeys (ConfUtils.java:logGet(43)) - raft.server.write.element-limit = 4096 (default)
2019-11-13 20:17:35,346 [c49df7ba-d7d7-4ac8-a142-ddaef65aa83a@group-009811E6B591-LeaderElection94] INFO  server.RaftServerConfigKeys (ConfUtils.java:logGet(43)) - raft.server.watch.timeout = 10s (default)
2019-11-13 20:17:35,346 [c49df7ba-d7d7-4ac8-a142-ddaef65aa83a@group-009811E6B591-LeaderElection94] INFO  server.RaftServerConfigKeys (ConfUtils.java:logGet(43)) - raft.server.watch.timeout.denomination = 1s (default)
2019-11-13 20:17:35,347 [c49df7ba-d7d7-4ac8-a142-ddaef65aa83a@group-009811E6B591-LeaderElection94] INFO  server.RaftServerConfigKeys (ConfUtils.java:logGet(43)) - raft.server.watch.element-limit = 65536 (default)
2019-11-13 20:17:35,347 [c49df7ba-d7d7-4ac8-a142-ddaef65aa83a@group-009811E6B591-LeaderElection94] INFO  server.RaftServerConfigKeys (ConfUtils.java:logGet(43)) - raft.server.log.appender.snapshot.chunk.size.max = 16MB (=16777216) (default)
2019-11-13 20:17:35,347 [c49df7ba-d7d7-4ac8-a142-ddaef65aa83a@group-009811E6B591-LeaderElection94] INFO  server.RaftServerConfigKeys (ConfUtils.java:logGet(43)) - raft.server.log.appender.buffer.byte-limit = 33554432 (custom)
2019-11-13 20:17:35,347 [c49df7ba-d7d7-4ac8-a142-ddaef65aa83a@group-009811E6B591-LeaderElection94] INFO  server.RaftServerConfigKeys (ConfUtils.java:logGet(43)) - raft.server.log.appender.buffer.element-limit = 1 (custom)
2019-11-13 20:17:35,347 [c49df7ba-d7d7-4ac8-a142-ddaef65aa83a@group-009811E6B591-LeaderElection94] INFO  grpc.GrpcConfigKeys$Server (ConfUtils.java:logGet(43)) - raft.grpc.server.leader.outstanding.appends.max = 128 (default)
2019-11-13 20:17:35,348 [c49df7ba-d7d7-4ac8-a142-ddaef65aa83a@group-009811E6B591-LeaderElection94] INFO  server.RaftServerConfigKeys (ConfUtils.java:logGet(43)) - raft.server.rpc.request.timeout = 3000ms (default)
2019-11-13 20:17:35,348 [c49df7ba-d7d7-4ac8-a142-ddaef65aa83a@group-009811E6B591-LeaderElection94] INFO  server.RaftServerConfigKeys (ConfUtils.java:logGet(43)) - raft.server.log.appender.install.snapshot.enabled = false (custom)
2019-11-13 20:17:35,348 [c49df7ba-d7d7-4ac8-a142-ddaef65aa83a@group-009811E6B591-LeaderElection94] WARN  impl.MetricRegistriesImpl (MetricRegistriesImpl.java:lambda$create$1(61)) - First MetricRegistry has been created without registering reporters. You may need to call MetricRegistries.global().addReportRegistration(...) before.
2019-11-13 20:17:35,348 [c49df7ba-d7d7-4ac8-a142-ddaef65aa83a@group-009811E6B591-LeaderElection94] INFO  server.RaftServerConfigKeys (ConfUtils.java:logGet(43)) - raft.server.log.appender.snapshot.chunk.size.max = 16MB (=16777216) (default)
2019-11-13 20:17:35,348 [c49df7ba-d7d7-4ac8-a142-ddaef65aa83a@group-009811E6B591-LeaderElection94] INFO  server.RaftServerConfigKeys (ConfUtils.java:logGet(43)) - raft.server.log.appender.buffer.byte-limit = 33554432 (custom)
2019-11-13 20:17:35,348 [c49df7ba-d7d7-4ac8-a142-ddaef65aa83a@group-009811E6B591-LeaderElection94] INFO  server.RaftServerConfigKeys (ConfUtils.java:logGet(43)) - raft.server.log.appender.buffer.element-limit = 1 (custom)
2019-11-13 20:17:35,349 [c49df7ba-d7d7-4ac8-a142-ddaef65aa83a@group-009811E6B591-LeaderElection94] INFO  grpc.GrpcConfigKeys$Server (ConfUtils.java:logGet(43)) - raft.grpc.server.leader.outstanding.appends.max = 128 (default)
2019-11-13 20:17:35,349 [c49df7ba-d7d7-4ac8-a142-ddaef65aa83a@group-009811E6B591-LeaderElection94] INFO  server.RaftServerConfigKeys (ConfUtils.java:logGet(43)) - raft.server.rpc.request.timeout = 3000ms (default)
2019-11-13 20:17:35,349 [c49df7ba-d7d7-4ac8-a142-ddaef65aa83a@group-009811E6B591-LeaderElection94] INFO  server.RaftServerConfigKeys (ConfUtils.java:logGet(43)) - raft.server.log.appender.install.snapshot.enabled = false (custom)
2019-11-13 20:17:35,349 [c49df7ba-d7d7-4ac8-a142-ddaef65aa83a@group-009811E6B591-LeaderElection94] INFO  impl.RoleInfo (RoleInfo.java:updateAndGet(143)) - c49df7ba-d7d7-4ac8-a142-ddaef65aa83a: start LeaderState
2019-11-13 20:17:35,349 [c49df7ba-d7d7-4ac8-a142-ddaef65aa83a@group-009811E6B591-LeaderElection94] INFO  segmented.SegmentedRaftLogWorker (SegmentedRaftLogWorker.java:rollLogSegment(390)) - c49df7ba-d7d7-4ac8-a142-ddaef65aa83a@group-009811E6B591-SegmentedRaftLogWorker: Rolling segment log-0_0 to index:0
2019-11-13 20:17:35,350 [c49df7ba-d7d7-4ac8-a142-ddaef65aa83a@group-009811E6B591-SegmentedRaftLogWorker] INFO  segmented.SegmentedRaftLogWorker (SegmentedRaftLogWorker.java:execute(533)) - c49df7ba-d7d7-4ac8-a142-ddaef65aa83a@group-009811E6B591-SegmentedRaftLogWorker: Rolled log segment from /workdir/hadoop-ozone/integration-test/target/test-dir/MiniOzoneClusterImpl-e03c2511-109e-4d60-a68c-0151beb67872/datanode-6/data/ratis/5baf3982-3a5b-41f0-aa3c-009811e6b591/current/log_inprogress_0 to /workdir/hadoop-ozone/integration-test/target/test-dir/MiniOzoneClusterImpl-e03c2511-109e-4d60-a68c-0151beb67872/datanode-6/data/ratis/5baf3982-3a5b-41f0-aa3c-009811e6b591/current/log_0-0
2019-11-13 20:17:35,350 [c49df7ba-d7d7-4ac8-a142-ddaef65aa83a@group-009811E6B591-LeaderElection94] INFO  impl.RaftServerImpl (ServerState.java:setRaftConf(356)) - c49df7ba-d7d7-4ac8-a142-ddaef65aa83a@group-009811E6B591: set configuration 1: [2aeadab0-ec41-4180-985e-a800f9da6a6d:192.168.164.208:42973, 023d4525-aae9-49d4-923e-7124a55e5ae2:192.168.164.208:41869, c49df7ba-d7d7-4ac8-a142-ddaef65aa83a:192.168.164.208:36049], old=null at 1
2019-11-13 20:17:35,350 [grpc-default-executor-1] WARN  server.GrpcLogAppender (LogUtils.java:warn(134)) - c49df7ba-d7d7-4ac8-a142-ddaef65aa83a@group-009811E6B591->2aeadab0-ec41-4180-985e-a800f9da6a6d-AppendLogResponseHandler: Failed appendEntries: org.apache.ratis.thirdparty.io.grpc.StatusRuntimeException: UNAVAILABLE: io exception
2019-11-13 20:17:35,351 [grpc-default-executor-1] INFO  impl.FollowerInfo (FollowerInfo.java:lambda$new$0(51)) - c49df7ba-d7d7-4ac8-a142-ddaef65aa83a@group-009811E6B591->2aeadab0-ec41-4180-985e-a800f9da6a6d: nextIndex: updateUnconditionally 1 -> 0
2019-11-13 20:17:35,351 [grpc-default-executor-4] INFO  ratis.XceiverServerRatis (XceiverServerRatis.java:handleLeaderChangedNotification(697)) - Leader change notification received for group: group-009811E6B591 with new leaderId: c49df7ba-d7d7-4ac8-a142-ddaef65aa83a
2019-11-13 20:17:35,351 [grpc-default-executor-4] INFO  impl.RaftServerImpl (ServerState.java:setLeader(255)) - 023d4525-aae9-49d4-923e-7124a55e5ae2@group-009811E6B591: change Leader from null to c49df7ba-d7d7-4ac8-a142-ddaef65aa83a at term 3 for appendEntries, leader elected after 20ms
2019-11-13 20:17:35,353 [grpc-default-executor-4] INFO  impl.RaftServerImpl (ServerState.java:setRaftConf(356)) - 023d4525-aae9-49d4-923e-7124a55e5ae2@group-009811E6B591: set configuration 1: [2aeadab0-ec41-4180-985e-a800f9da6a6d:192.168.164.208:42973, 023d4525-aae9-49d4-923e-7124a55e5ae2:192.168.164.208:41869, c49df7ba-d7d7-4ac8-a142-ddaef65aa83a:192.168.164.208:36049], old=null at 1
2019-11-13 20:17:35,354 [grpc-default-executor-4] INFO  segmented.SegmentedRaftLogWorker (SegmentedRaftLogWorker.java:rollLogSegment(390)) - 023d4525-aae9-49d4-923e-7124a55e5ae2@group-009811E6B591-SegmentedRaftLogWorker: Rolling segment log-0_0 to index:0
2019-11-13 20:17:35,354 [023d4525-aae9-49d4-923e-7124a55e5ae2@group-009811E6B591-SegmentedRaftLogWorker] INFO  segmented.SegmentedRaftLogWorker (SegmentedRaftLogWorker.java:execute(533)) - 023d4525-aae9-49d4-923e-7124a55e5ae2@group-009811E6B591-SegmentedRaftLogWorker: Rolled log segment from /workdir/hadoop-ozone/integration-test/target/test-dir/MiniOzoneClusterImpl-e03c2511-109e-4d60-a68c-0151beb67872/datanode-3/data/ratis/5baf3982-3a5b-41f0-aa3c-009811e6b591/current/log_inprogress_0 to /workdir/hadoop-ozone/integration-test/target/test-dir/MiniOzoneClusterImpl-e03c2511-109e-4d60-a68c-0151beb67872/datanode-3/data/ratis/5baf3982-3a5b-41f0-aa3c-009811e6b591/current/log_0-0
2019-11-13 20:17:35,386 [c49df7ba-d7d7-4ac8-a142-ddaef65aa83a@group-009811E6B591-SegmentedRaftLogWorker] INFO  segmented.SegmentedRaftLogWorker (SegmentedRaftLogWorker.java:execute(576)) - c49df7ba-d7d7-4ac8-a142-ddaef65aa83a@group-009811E6B591-SegmentedRaftLogWorker: created new log segment /workdir/hadoop-ozone/integration-test/target/test-dir/MiniOzoneClusterImpl-e03c2511-109e-4d60-a68c-0151beb67872/datanode-6/data/ratis/5baf3982-3a5b-41f0-aa3c-009811e6b591/current/log_inprogress_1
2019-11-13 20:17:35,386 [023d4525-aae9-49d4-923e-7124a55e5ae2@group-009811E6B591-SegmentedRaftLogWorker] INFO  segmented.SegmentedRaftLogWorker (SegmentedRaftLogWorker.java:execute(576)) - 023d4525-aae9-49d4-923e-7124a55e5ae2@group-009811E6B591-SegmentedRaftLogWorker: created new log segment /workdir/hadoop-ozone/integration-test/target/test-dir/MiniOzoneClusterImpl-e03c2511-109e-4d60-a68c-0151beb67872/datanode-3/data/ratis/5baf3982-3a5b-41f0-aa3c-009811e6b591/current/log_inprogress_1
2019-11-13 20:17:35,391 [grpc-default-executor-2] WARN  server.GrpcLogAppender (LogUtils.java:warn(134)) - c49df7ba-d7d7-4ac8-a142-ddaef65aa83a@group-009811E6B591->2aeadab0-ec41-4180-985e-a800f9da6a6d-AppendLogResponseHandler: Failed appendEntries: org.apache.ratis.thirdparty.io.grpc.StatusRuntimeException: UNAVAILABLE: io exception
2019-11-13 20:17:35,391 [grpc-default-executor-2] INFO  impl.FollowerInfo (FollowerInfo.java:lambda$new$0(51)) - c49df7ba-d7d7-4ac8-a142-ddaef65aa83a@group-009811E6B591->2aeadab0-ec41-4180-985e-a800f9da6a6d: nextIndex: updateUnconditionally 1 -> 0
2019-11-13 20:17:35,402 [grpc-default-executor-4] WARN  server.GrpcLogAppender (LogUtils.java:warn(134)) - c49df7ba-d7d7-4ac8-a142-ddaef65aa83a@group-009811E6B591->2aeadab0-ec41-4180-985e-a800f9da6a6d-AppendLogResponseHandler: Failed appendEntries: org.apache.ratis.thirdparty.io.grpc.StatusRuntimeException: UNAVAILABLE: io exception
2019-11-13 20:17:35,402 [grpc-default-executor-4] INFO  impl.FollowerInfo (FollowerInfo.java:lambda$new$0(51)) - c49df7ba-d7d7-4ac8-a142-ddaef65aa83a@group-009811E6B591->2aeadab0-ec41-4180-985e-a800f9da6a6d: nextIndex: updateUnconditionally 1 -> 0
2019-11-13 20:17:35,814 [Thread-1550] INFO  impl.FollowerState (FollowerState.java:run(111)) - 836dac64-dd9f-4309-a076-e086947645e1@group-6D7DD4B8F7C5-FollowerState: change to CANDIDATE, lastRpcTime:1890ms, electionTimeout:1001ms
2019-11-13 20:17:35,815 [Thread-1550] INFO  impl.RoleInfo (RoleInfo.java:shutdownFollowerState(121)) - 836dac64-dd9f-4309-a076-e086947645e1: shutdown FollowerState
2019-11-13 20:17:35,815 [Thread-1550] INFO  impl.RaftServerImpl (RaftServerImpl.java:setRole(173)) - 836dac64-dd9f-4309-a076-e086947645e1@group-6D7DD4B8F7C5: changes role from  FOLLOWER to CANDIDATE at term 1 for changeToCandidate
2019-11-13 20:17:35,815 [Thread-1550] INFO  impl.RoleInfo (RoleInfo.java:updateAndGet(143)) - 836dac64-dd9f-4309-a076-e086947645e1: start LeaderElection
2019-11-13 20:17:35,816 [836dac64-dd9f-4309-a076-e086947645e1@group-6D7DD4B8F7C5-LeaderElection95] INFO  impl.RaftServerImpl (ServerState.java:setLeader(255)) - 836dac64-dd9f-4309-a076-e086947645e1@group-6D7DD4B8F7C5: change Leader from d075120a-ef0f-46a0-9778-bb6f9a0780d0 to null at term 1 for initElection
2019-11-13 20:17:35,829 [836dac64-dd9f-4309-a076-e086947645e1@group-6D7DD4B8F7C5-LeaderElection95] INFO  impl.LeaderElection (LeaderElection.java:askForVotes(178)) - 836dac64-dd9f-4309-a076-e086947645e1@group-6D7DD4B8F7C5-LeaderElection95: begin an election at term 2 for 0: [d075120a-ef0f-46a0-9778-bb6f9a0780d0:192.168.164.208:39220, 227642ba-0415-4d98-a6b8-20167e8a399a:192.168.164.208:40637, 836dac64-dd9f-4309-a076-e086947645e1:192.168.164.208:40723], old=null
2019-11-13 20:17:35,832 [grpc-default-executor-4] INFO  impl.RaftServerImpl (ServerState.java:setLeader(255)) - 227642ba-0415-4d98-a6b8-20167e8a399a@group-6D7DD4B8F7C5: change Leader from d075120a-ef0f-46a0-9778-bb6f9a0780d0 to null at term 2 for updateCurrentTerm
2019-11-13 20:17:35,832 [grpc-default-executor-4] INFO  impl.RaftServerImpl (RaftServerImpl.java:setRole(173)) - 227642ba-0415-4d98-a6b8-20167e8a399a@group-6D7DD4B8F7C5: changes role from  FOLLOWER to FOLLOWER at term 2 for recognizeCandidate:836dac64-dd9f-4309-a076-e086947645e1
2019-11-13 20:17:35,832 [836dac64-dd9f-4309-a076-e086947645e1@group-6D7DD4B8F7C5-LeaderElection95] INFO  impl.LeaderElection (LogUtils.java:infoOrTrace(149)) - 836dac64-dd9f-4309-a076-e086947645e1@group-6D7DD4B8F7C5-LeaderElection95 got exception when requesting votes: {}
java.util.concurrent.ExecutionException: org.apache.ratis.thirdparty.io.grpc.StatusRuntimeException: UNAVAILABLE: io exception
	at java.util.concurrent.FutureTask.report(FutureTask.java:122)
	at java.util.concurrent.FutureTask.get(FutureTask.java:192)
	at org.apache.ratis.server.impl.LeaderElection.waitForResults(LeaderElection.java:259)
	at org.apache.ratis.server.impl.LeaderElection.askForVotes(LeaderElection.java:197)
	at org.apache.ratis.server.impl.LeaderElection.run(LeaderElection.java:133)
	at java.lang.Thread.run(Thread.java:748)
Caused by: org.apache.ratis.thirdparty.io.grpc.StatusRuntimeException: UNAVAILABLE: io exception
	at org.apache.ratis.thirdparty.io.grpc.stub.ClientCalls.toStatusRuntimeException(ClientCalls.java:233)
	at org.apache.ratis.thirdparty.io.grpc.stub.ClientCalls.getUnchecked(ClientCalls.java:214)
	at org.apache.ratis.thirdparty.io.grpc.stub.ClientCalls.blockingUnaryCall(ClientCalls.java:139)
	at org.apache.ratis.proto.grpc.RaftServerProtocolServiceGrpc$RaftServerProtocolServiceBlockingStub.requestVote(RaftServerProtocolServiceGrpc.java:265)
	at org.apache.ratis.grpc.server.GrpcServerProtocolClient.requestVote(GrpcServerProtocolClient.java:99)
	at org.apache.ratis.grpc.server.GrpcService.requestVote(GrpcService.java:204)
	at org.apache.ratis.server.impl.LeaderElection.lambda$submitRequests$1(LeaderElection.java:234)
	at java.util.concurrent.FutureTask.run(FutureTask.java:266)
	at java.util.concurrent.Executors$RunnableAdapter.call(Executors.java:511)
	at java.util.concurrent.FutureTask.run(FutureTask.java:266)
	at java.util.concurrent.ThreadPoolExecutor.runWorker(ThreadPoolExecutor.java:1149)
	at java.util.concurrent.ThreadPoolExecutor$Worker.run(ThreadPoolExecutor.java:624)
	... 1 more
Caused by: org.apache.ratis.thirdparty.io.netty.channel.AbstractChannel$AnnotatedConnectException: Connection refused: /192.168.164.208:39220
	at sun.nio.ch.SocketChannelImpl.checkConnect(Native Method)
	at sun.nio.ch.SocketChannelImpl.finishConnect(SocketChannelImpl.java:717)
	at org.apache.ratis.thirdparty.io.netty.channel.socket.nio.NioSocketChannel.doFinishConnect(NioSocketChannel.java:327)
	at org.apache.ratis.thirdparty.io.netty.channel.nio.AbstractNioChannel$AbstractNioUnsafe.finishConnect(AbstractNioChannel.java:340)
	at org.apache.ratis.thirdparty.io.netty.channel.nio.NioEventLoop.processSelectedKey(NioEventLoop.java:632)
	at org.apache.ratis.thirdparty.io.netty.channel.nio.NioEventLoop.processSelectedKeysOptimized(NioEventLoop.java:579)
	at org.apache.ratis.thirdparty.io.netty.channel.nio.NioEventLoop.processSelectedKeys(NioEventLoop.java:496)
	at org.apache.ratis.thirdparty.io.netty.channel.nio.NioEventLoop.run(NioEventLoop.java:458)
	at org.apache.ratis.thirdparty.io.netty.util.concurrent.SingleThreadEventExecutor$5.run(SingleThreadEventExecutor.java:897)
	at org.apache.ratis.thirdparty.io.netty.util.concurrent.FastThreadLocalRunnable.run(FastThreadLocalRunnable.java:30)
	... 1 more
Caused by: java.net.ConnectException: Connection refused
	... 11 more
2019-11-13 20:17:35,832 [grpc-default-executor-4] INFO  impl.RoleInfo (RoleInfo.java:shutdownFollowerState(121)) - 227642ba-0415-4d98-a6b8-20167e8a399a: shutdown FollowerState
2019-11-13 20:17:35,833 [Thread-1543] INFO  impl.FollowerState (FollowerState.java:run(120)) - 227642ba-0415-4d98-a6b8-20167e8a399a@group-6D7DD4B8F7C5-FollowerState was interrupted: java.lang.InterruptedException: sleep interrupted
2019-11-13 20:17:35,833 [grpc-default-executor-4] INFO  impl.RoleInfo (RoleInfo.java:updateAndGet(143)) - 227642ba-0415-4d98-a6b8-20167e8a399a: start FollowerState
2019-11-13 20:17:35,856 [836dac64-dd9f-4309-a076-e086947645e1@group-6D7DD4B8F7C5-LeaderElection95] INFO  impl.LeaderElection (LeaderElection.java:logAndReturn(56)) - 836dac64-dd9f-4309-a076-e086947645e1@group-6D7DD4B8F7C5-LeaderElection95: Election PASSED; received 1 response(s) [836dac64-dd9f-4309-a076-e086947645e1<-227642ba-0415-4d98-a6b8-20167e8a399a#0:OK-t2] and 1 exception(s); 836dac64-dd9f-4309-a076-e086947645e1@group-6D7DD4B8F7C5:t2, leader=null, voted=836dac64-dd9f-4309-a076-e086947645e1, raftlog=836dac64-dd9f-4309-a076-e086947645e1@group-6D7DD4B8F7C5-SegmentedRaftLog:OPENED:c0,f0,i0, conf=0: [d075120a-ef0f-46a0-9778-bb6f9a0780d0:192.168.164.208:39220, 227642ba-0415-4d98-a6b8-20167e8a399a:192.168.164.208:40637, 836dac64-dd9f-4309-a076-e086947645e1:192.168.164.208:40723], old=null
2019-11-13 20:17:35,857 [836dac64-dd9f-4309-a076-e086947645e1@group-6D7DD4B8F7C5-LeaderElection95] INFO  impl.LeaderElection (LogUtils.java:infoOrTrace(149)) -   Exception 0: {}
java.util.concurrent.ExecutionException: org.apache.ratis.thirdparty.io.grpc.StatusRuntimeException: UNAVAILABLE: io exception
	at java.util.concurrent.FutureTask.report(FutureTask.java:122)
	at java.util.concurrent.FutureTask.get(FutureTask.java:192)
	at org.apache.ratis.server.impl.LeaderElection.waitForResults(LeaderElection.java:259)
	at org.apache.ratis.server.impl.LeaderElection.askForVotes(LeaderElection.java:197)
	at org.apache.ratis.server.impl.LeaderElection.run(LeaderElection.java:133)
	at java.lang.Thread.run(Thread.java:748)
Caused by: org.apache.ratis.thirdparty.io.grpc.StatusRuntimeException: UNAVAILABLE: io exception
	at org.apache.ratis.thirdparty.io.grpc.stub.ClientCalls.toStatusRuntimeException(ClientCalls.java:233)
	at org.apache.ratis.thirdparty.io.grpc.stub.ClientCalls.getUnchecked(ClientCalls.java:214)
	at org.apache.ratis.thirdparty.io.grpc.stub.ClientCalls.blockingUnaryCall(ClientCalls.java:139)
	at org.apache.ratis.proto.grpc.RaftServerProtocolServiceGrpc$RaftServerProtocolServiceBlockingStub.requestVote(RaftServerProtocolServiceGrpc.java:265)
	at org.apache.ratis.grpc.server.GrpcServerProtocolClient.requestVote(GrpcServerProtocolClient.java:99)
	at org.apache.ratis.grpc.server.GrpcService.requestVote(GrpcService.java:204)
	at org.apache.ratis.server.impl.LeaderElection.lambda$submitRequests$1(LeaderElection.java:234)
	at java.util.concurrent.FutureTask.run(FutureTask.java:266)
	at java.util.concurrent.Executors$RunnableAdapter.call(Executors.java:511)
	at java.util.concurrent.FutureTask.run(FutureTask.java:266)
	at java.util.concurrent.ThreadPoolExecutor.runWorker(ThreadPoolExecutor.java:1149)
	at java.util.concurrent.ThreadPoolExecutor$Worker.run(ThreadPoolExecutor.java:624)
	... 1 more
Caused by: org.apache.ratis.thirdparty.io.netty.channel.AbstractChannel$AnnotatedConnectException: Connection refused: /192.168.164.208:39220
	at sun.nio.ch.SocketChannelImpl.checkConnect(Native Method)
	at sun.nio.ch.SocketChannelImpl.finishConnect(SocketChannelImpl.java:717)
	at org.apache.ratis.thirdparty.io.netty.channel.socket.nio.NioSocketChannel.doFinishConnect(NioSocketChannel.java:327)
	at org.apache.ratis.thirdparty.io.netty.channel.nio.AbstractNioChannel$AbstractNioUnsafe.finishConnect(AbstractNioChannel.java:340)
	at org.apache.ratis.thirdparty.io.netty.channel.nio.NioEventLoop.processSelectedKey(NioEventLoop.java:632)
	at org.apache.ratis.thirdparty.io.netty.channel.nio.NioEventLoop.processSelectedKeysOptimized(NioEventLoop.java:579)
	at org.apache.ratis.thirdparty.io.netty.channel.nio.NioEventLoop.processSelectedKeys(NioEventLoop.java:496)
	at org.apache.ratis.thirdparty.io.netty.channel.nio.NioEventLoop.run(NioEventLoop.java:458)
	at org.apache.ratis.thirdparty.io.netty.util.concurrent.SingleThreadEventExecutor$5.run(SingleThreadEventExecutor.java:897)
	at org.apache.ratis.thirdparty.io.netty.util.concurrent.FastThreadLocalRunnable.run(FastThreadLocalRunnable.java:30)
	... 1 more
Caused by: java.net.ConnectException: Connection refused
	... 11 more
2019-11-13 20:17:35,857 [836dac64-dd9f-4309-a076-e086947645e1@group-6D7DD4B8F7C5-LeaderElection95] INFO  impl.RoleInfo (RoleInfo.java:shutdownLeaderElection(134)) - 836dac64-dd9f-4309-a076-e086947645e1: shutdown LeaderElection
2019-11-13 20:17:35,857 [836dac64-dd9f-4309-a076-e086947645e1@group-6D7DD4B8F7C5-LeaderElection95] INFO  impl.RaftServerImpl (RaftServerImpl.java:setRole(173)) - 836dac64-dd9f-4309-a076-e086947645e1@group-6D7DD4B8F7C5: changes role from CANDIDATE to LEADER at term 2 for changeToLeader
2019-11-13 20:17:35,858 [836dac64-dd9f-4309-a076-e086947645e1@group-6D7DD4B8F7C5-LeaderElection95] INFO  ratis.XceiverServerRatis (XceiverServerRatis.java:handleLeaderChangedNotification(697)) - Leader change notification received for group: group-6D7DD4B8F7C5 with new leaderId: 836dac64-dd9f-4309-a076-e086947645e1
2019-11-13 20:17:35,858 [836dac64-dd9f-4309-a076-e086947645e1@group-6D7DD4B8F7C5-LeaderElection95] INFO  impl.RaftServerImpl (ServerState.java:setLeader(255)) - 836dac64-dd9f-4309-a076-e086947645e1@group-6D7DD4B8F7C5: change Leader from null to 836dac64-dd9f-4309-a076-e086947645e1 at term 2 for becomeLeader, leader elected after 41ms
2019-11-13 20:17:35,858 [836dac64-dd9f-4309-a076-e086947645e1@group-6D7DD4B8F7C5-LeaderElection95] INFO  server.RaftServerConfigKeys (ConfUtils.java:logGet(43)) - raft.server.staging.catchup.gap = 1000 (default)
2019-11-13 20:17:35,858 [836dac64-dd9f-4309-a076-e086947645e1@group-6D7DD4B8F7C5-LeaderElection95] INFO  server.RaftServerConfigKeys (ConfUtils.java:logGet(43)) - raft.server.rpc.sleep.time = 25ms (default)
2019-11-13 20:17:35,858 [836dac64-dd9f-4309-a076-e086947645e1@group-6D7DD4B8F7C5-LeaderElection95] INFO  server.RaftServerConfigKeys (ConfUtils.java:logGet(43)) - raft.server.write.element-limit = 4096 (default)
2019-11-13 20:17:35,858 [836dac64-dd9f-4309-a076-e086947645e1@group-6D7DD4B8F7C5-LeaderElection95] INFO  server.RaftServerConfigKeys (ConfUtils.java:logGet(43)) - raft.server.watch.timeout = 10s (default)
2019-11-13 20:17:35,859 [836dac64-dd9f-4309-a076-e086947645e1@group-6D7DD4B8F7C5-LeaderElection95] INFO  server.RaftServerConfigKeys (ConfUtils.java:logGet(43)) - raft.server.watch.timeout.denomination = 1s (default)
2019-11-13 20:17:35,859 [836dac64-dd9f-4309-a076-e086947645e1@group-6D7DD4B8F7C5-LeaderElection95] INFO  server.RaftServerConfigKeys (ConfUtils.java:logGet(43)) - raft.server.watch.element-limit = 65536 (default)
2019-11-13 20:17:35,859 [836dac64-dd9f-4309-a076-e086947645e1@group-6D7DD4B8F7C5-LeaderElection95] INFO  server.RaftServerConfigKeys (ConfUtils.java:logGet(43)) - raft.server.log.appender.snapshot.chunk.size.max = 16MB (=16777216) (default)
2019-11-13 20:17:35,859 [836dac64-dd9f-4309-a076-e086947645e1@group-6D7DD4B8F7C5-LeaderElection95] INFO  server.RaftServerConfigKeys (ConfUtils.java:logGet(43)) - raft.server.log.appender.buffer.byte-limit = 33554432 (custom)
2019-11-13 20:17:35,859 [EventQueue-PipelineReportForPipelineReportHandler] INFO  pipeline.PipelineStateManager (PipelineStateManager.java:openPipeline(134)) - Pipeline Pipeline[ Id: a32ce739-8510-4e22-80f1-6d7dd4b8f7c5, Nodes: d075120a-ef0f-46a0-9778-bb6f9a0780d0{ip: 192.168.164.208, host: pr-hdds-2375-t422d-1049308724, networkLocation: /rack1, certSerialId: null}836dac64-dd9f-4309-a076-e086947645e1{ip: 192.168.164.208, host: pr-hdds-2375-t422d-1049308724, networkLocation: /rack1, certSerialId: null}227642ba-0415-4d98-a6b8-20167e8a399a{ip: 192.168.164.208, host: pr-hdds-2375-t422d-1049308724, networkLocation: /rack1, certSerialId: null}, Type:RATIS, Factor:THREE, State:OPEN] moved to OPEN state
2019-11-13 20:17:35,860 [836dac64-dd9f-4309-a076-e086947645e1@group-6D7DD4B8F7C5-LeaderElection95] INFO  server.RaftServerConfigKeys (ConfUtils.java:logGet(43)) - raft.server.log.appender.buffer.element-limit = 1 (custom)
2019-11-13 20:17:35,860 [836dac64-dd9f-4309-a076-e086947645e1@group-6D7DD4B8F7C5-LeaderElection95] INFO  grpc.GrpcConfigKeys$Server (ConfUtils.java:logGet(43)) - raft.grpc.server.leader.outstanding.appends.max = 128 (default)
2019-11-13 20:17:35,860 [836dac64-dd9f-4309-a076-e086947645e1@group-6D7DD4B8F7C5-LeaderElection95] INFO  server.RaftServerConfigKeys (ConfUtils.java:logGet(43)) - raft.server.rpc.request.timeout = 3000ms (default)
2019-11-13 20:17:35,861 [836dac64-dd9f-4309-a076-e086947645e1@group-6D7DD4B8F7C5-LeaderElection95] INFO  server.RaftServerConfigKeys (ConfUtils.java:logGet(43)) - raft.server.log.appender.install.snapshot.enabled = false (custom)
2019-11-13 20:17:35,861 [836dac64-dd9f-4309-a076-e086947645e1@group-6D7DD4B8F7C5-LeaderElection95] WARN  impl.MetricRegistriesImpl (MetricRegistriesImpl.java:lambda$create$1(61)) - First MetricRegistry has been created without registering reporters. You may need to call MetricRegistries.global().addReportRegistration(...) before.
2019-11-13 20:17:35,861 [836dac64-dd9f-4309-a076-e086947645e1@group-6D7DD4B8F7C5-LeaderElection95] INFO  server.RaftServerConfigKeys (ConfUtils.java:logGet(43)) - raft.server.log.appender.snapshot.chunk.size.max = 16MB (=16777216) (default)
2019-11-13 20:17:35,861 [836dac64-dd9f-4309-a076-e086947645e1@group-6D7DD4B8F7C5-LeaderElection95] INFO  server.RaftServerConfigKeys (ConfUtils.java:logGet(43)) - raft.server.log.appender.buffer.byte-limit = 33554432 (custom)
2019-11-13 20:17:35,862 [836dac64-dd9f-4309-a076-e086947645e1@group-6D7DD4B8F7C5-LeaderElection95] INFO  server.RaftServerConfigKeys (ConfUtils.java:logGet(43)) - raft.server.log.appender.buffer.element-limit = 1 (custom)
2019-11-13 20:17:35,862 [836dac64-dd9f-4309-a076-e086947645e1@group-6D7DD4B8F7C5-LeaderElection95] INFO  grpc.GrpcConfigKeys$Server (ConfUtils.java:logGet(43)) - raft.grpc.server.leader.outstanding.appends.max = 128 (default)
2019-11-13 20:17:35,862 [836dac64-dd9f-4309-a076-e086947645e1@group-6D7DD4B8F7C5-LeaderElection95] INFO  server.RaftServerConfigKeys (ConfUtils.java:logGet(43)) - raft.server.rpc.request.timeout = 3000ms (default)
2019-11-13 20:17:35,862 [836dac64-dd9f-4309-a076-e086947645e1@group-6D7DD4B8F7C5-LeaderElection95] INFO  server.RaftServerConfigKeys (ConfUtils.java:logGet(43)) - raft.server.log.appender.install.snapshot.enabled = false (custom)
2019-11-13 20:17:35,863 [836dac64-dd9f-4309-a076-e086947645e1@group-6D7DD4B8F7C5-LeaderElection95] INFO  impl.RoleInfo (RoleInfo.java:updateAndGet(143)) - 836dac64-dd9f-4309-a076-e086947645e1: start LeaderState
2019-11-13 20:17:35,863 [836dac64-dd9f-4309-a076-e086947645e1@group-6D7DD4B8F7C5-LeaderElection95] INFO  segmented.SegmentedRaftLogWorker (SegmentedRaftLogWorker.java:rollLogSegment(390)) - 836dac64-dd9f-4309-a076-e086947645e1@group-6D7DD4B8F7C5-SegmentedRaftLogWorker: Rolling segment log-0_0 to index:0
2019-11-13 20:17:35,864 [836dac64-dd9f-4309-a076-e086947645e1@group-6D7DD4B8F7C5-SegmentedRaftLogWorker] INFO  segmented.SegmentedRaftLogWorker (SegmentedRaftLogWorker.java:execute(533)) - 836dac64-dd9f-4309-a076-e086947645e1@group-6D7DD4B8F7C5-SegmentedRaftLogWorker: Rolled log segment from /workdir/hadoop-ozone/integration-test/target/test-dir/MiniOzoneClusterImpl-e03c2511-109e-4d60-a68c-0151beb67872/datanode-1/data/ratis/a32ce739-8510-4e22-80f1-6d7dd4b8f7c5/current/log_inprogress_0 to /workdir/hadoop-ozone/integration-test/target/test-dir/MiniOzoneClusterImpl-e03c2511-109e-4d60-a68c-0151beb67872/datanode-1/data/ratis/a32ce739-8510-4e22-80f1-6d7dd4b8f7c5/current/log_0-0
2019-11-13 20:17:35,864 [836dac64-dd9f-4309-a076-e086947645e1@group-6D7DD4B8F7C5-LeaderElection95] INFO  impl.RaftServerImpl (ServerState.java:setRaftConf(356)) - 836dac64-dd9f-4309-a076-e086947645e1@group-6D7DD4B8F7C5: set configuration 1: [d075120a-ef0f-46a0-9778-bb6f9a0780d0:192.168.164.208:39220, 227642ba-0415-4d98-a6b8-20167e8a399a:192.168.164.208:40637, 836dac64-dd9f-4309-a076-e086947645e1:192.168.164.208:40723], old=null at 1
2019-11-13 20:17:35,864 [grpc-default-executor-4] WARN  server.GrpcLogAppender (LogUtils.java:warn(134)) - 836dac64-dd9f-4309-a076-e086947645e1@group-6D7DD4B8F7C5->d075120a-ef0f-46a0-9778-bb6f9a0780d0-AppendLogResponseHandler: Failed appendEntries: org.apache.ratis.thirdparty.io.grpc.StatusRuntimeException: UNAVAILABLE: io exception
2019-11-13 20:17:35,865 [grpc-default-executor-4] INFO  impl.FollowerInfo (FollowerInfo.java:lambda$new$0(51)) - 836dac64-dd9f-4309-a076-e086947645e1@group-6D7DD4B8F7C5->d075120a-ef0f-46a0-9778-bb6f9a0780d0: nextIndex: updateUnconditionally 1 -> 0
2019-11-13 20:17:35,865 [grpc-default-executor-2] INFO  ratis.XceiverServerRatis (XceiverServerRatis.java:handleLeaderChangedNotification(697)) - Leader change notification received for group: group-6D7DD4B8F7C5 with new leaderId: 836dac64-dd9f-4309-a076-e086947645e1
2019-11-13 20:17:35,866 [grpc-default-executor-2] INFO  impl.RaftServerImpl (ServerState.java:setLeader(255)) - 227642ba-0415-4d98-a6b8-20167e8a399a@group-6D7DD4B8F7C5: change Leader from null to 836dac64-dd9f-4309-a076-e086947645e1 at term 2 for appendEntries, leader elected after 33ms
2019-11-13 20:17:35,868 [grpc-default-executor-2] INFO  impl.RaftServerImpl (ServerState.java:setRaftConf(356)) - 227642ba-0415-4d98-a6b8-20167e8a399a@group-6D7DD4B8F7C5: set configuration 1: [d075120a-ef0f-46a0-9778-bb6f9a0780d0:192.168.164.208:39220, 227642ba-0415-4d98-a6b8-20167e8a399a:192.168.164.208:40637, 836dac64-dd9f-4309-a076-e086947645e1:192.168.164.208:40723], old=null at 1
2019-11-13 20:17:35,868 [grpc-default-executor-2] INFO  segmented.SegmentedRaftLogWorker (SegmentedRaftLogWorker.java:rollLogSegment(390)) - 227642ba-0415-4d98-a6b8-20167e8a399a@group-6D7DD4B8F7C5-SegmentedRaftLogWorker: Rolling segment log-0_0 to index:0
2019-11-13 20:17:35,869 [227642ba-0415-4d98-a6b8-20167e8a399a@group-6D7DD4B8F7C5-SegmentedRaftLogWorker] INFO  segmented.SegmentedRaftLogWorker (SegmentedRaftLogWorker.java:execute(533)) - 227642ba-0415-4d98-a6b8-20167e8a399a@group-6D7DD4B8F7C5-SegmentedRaftLogWorker: Rolled log segment from /workdir/hadoop-ozone/integration-test/target/test-dir/MiniOzoneClusterImpl-e03c2511-109e-4d60-a68c-0151beb67872/datanode-0/data/ratis/a32ce739-8510-4e22-80f1-6d7dd4b8f7c5/current/log_inprogress_0 to /workdir/hadoop-ozone/integration-test/target/test-dir/MiniOzoneClusterImpl-e03c2511-109e-4d60-a68c-0151beb67872/datanode-0/data/ratis/a32ce739-8510-4e22-80f1-6d7dd4b8f7c5/current/log_0-0
2019-11-13 20:17:35,905 [836dac64-dd9f-4309-a076-e086947645e1@group-6D7DD4B8F7C5-SegmentedRaftLogWorker] INFO  segmented.SegmentedRaftLogWorker (SegmentedRaftLogWorker.java:execute(576)) - 836dac64-dd9f-4309-a076-e086947645e1@group-6D7DD4B8F7C5-SegmentedRaftLogWorker: created new log segment /workdir/hadoop-ozone/integration-test/target/test-dir/MiniOzoneClusterImpl-e03c2511-109e-4d60-a68c-0151beb67872/datanode-1/data/ratis/a32ce739-8510-4e22-80f1-6d7dd4b8f7c5/current/log_inprogress_1
2019-11-13 20:17:35,905 [227642ba-0415-4d98-a6b8-20167e8a399a@group-6D7DD4B8F7C5-SegmentedRaftLogWorker] INFO  segmented.SegmentedRaftLogWorker (SegmentedRaftLogWorker.java:execute(576)) - 227642ba-0415-4d98-a6b8-20167e8a399a@group-6D7DD4B8F7C5-SegmentedRaftLogWorker: created new log segment /workdir/hadoop-ozone/integration-test/target/test-dir/MiniOzoneClusterImpl-e03c2511-109e-4d60-a68c-0151beb67872/datanode-0/data/ratis/a32ce739-8510-4e22-80f1-6d7dd4b8f7c5/current/log_inprogress_1
2019-11-13 20:17:35,906 [grpc-default-executor-1] WARN  server.GrpcLogAppender (LogUtils.java:warn(134)) - c49df7ba-d7d7-4ac8-a142-ddaef65aa83a@group-009811E6B591->2aeadab0-ec41-4180-985e-a800f9da6a6d-AppendLogResponseHandler: Failed appendEntries: org.apache.ratis.thirdparty.io.grpc.StatusRuntimeException: UNAVAILABLE: io exception
2019-11-13 20:17:35,906 [grpc-default-executor-1] INFO  impl.FollowerInfo (FollowerInfo.java:lambda$new$0(51)) - c49df7ba-d7d7-4ac8-a142-ddaef65aa83a@group-009811E6B591->2aeadab0-ec41-4180-985e-a800f9da6a6d: nextIndex: updateUnconditionally 0 -> 0
2019-11-13 20:17:35,919 [grpc-default-executor-2] WARN  server.GrpcLogAppender (LogUtils.java:warn(134)) - 836dac64-dd9f-4309-a076-e086947645e1@group-6D7DD4B8F7C5->d075120a-ef0f-46a0-9778-bb6f9a0780d0-AppendLogResponseHandler: Failed appendEntries: org.apache.ratis.thirdparty.io.grpc.StatusRuntimeException: UNAVAILABLE: io exception
2019-11-13 20:17:35,919 [grpc-default-executor-2] INFO  impl.FollowerInfo (FollowerInfo.java:lambda$new$0(51)) - 836dac64-dd9f-4309-a076-e086947645e1@group-6D7DD4B8F7C5->d075120a-ef0f-46a0-9778-bb6f9a0780d0: nextIndex: updateUnconditionally 1 -> 0
2019-11-13 20:17:35,935 [grpc-default-executor-1] WARN  server.GrpcLogAppender (LogUtils.java:warn(134)) - 836dac64-dd9f-4309-a076-e086947645e1@group-6D7DD4B8F7C5->d075120a-ef0f-46a0-9778-bb6f9a0780d0-AppendLogResponseHandler: Failed appendEntries: org.apache.ratis.thirdparty.io.grpc.StatusRuntimeException: UNAVAILABLE: io exception
2019-11-13 20:17:35,935 [grpc-default-executor-1] INFO  impl.FollowerInfo (FollowerInfo.java:lambda$new$0(51)) - 836dac64-dd9f-4309-a076-e086947645e1@group-6D7DD4B8F7C5->d075120a-ef0f-46a0-9778-bb6f9a0780d0: nextIndex: updateUnconditionally 1 -> 0
2019-11-13 20:17:36,404 [grpc-default-executor-2] WARN  server.GrpcLogAppender (LogUtils.java:warn(134)) - c49df7ba-d7d7-4ac8-a142-ddaef65aa83a@group-009811E6B591->2aeadab0-ec41-4180-985e-a800f9da6a6d-AppendLogResponseHandler: Failed appendEntries: org.apache.ratis.thirdparty.io.grpc.StatusRuntimeException: UNAVAILABLE: io exception
2019-11-13 20:17:36,405 [grpc-default-executor-2] INFO  impl.FollowerInfo (FollowerInfo.java:lambda$new$0(51)) - c49df7ba-d7d7-4ac8-a142-ddaef65aa83a@group-009811E6B591->2aeadab0-ec41-4180-985e-a800f9da6a6d: nextIndex: updateUnconditionally 0 -> 0
2019-11-13 20:17:36,439 [grpc-default-executor-1] WARN  server.GrpcLogAppender (LogUtils.java:warn(134)) - 836dac64-dd9f-4309-a076-e086947645e1@group-6D7DD4B8F7C5->d075120a-ef0f-46a0-9778-bb6f9a0780d0-AppendLogResponseHandler: Failed appendEntries: org.apache.ratis.thirdparty.io.grpc.StatusRuntimeException: UNAVAILABLE: io exception
2019-11-13 20:17:36,440 [grpc-default-executor-1] INFO  impl.FollowerInfo (FollowerInfo.java:lambda$new$0(51)) - 836dac64-dd9f-4309-a076-e086947645e1@group-6D7DD4B8F7C5->d075120a-ef0f-46a0-9778-bb6f9a0780d0: nextIndex: updateUnconditionally 0 -> 0
2019-11-13 20:17:36,906 [grpc-default-executor-2] WARN  server.GrpcLogAppender (LogUtils.java:warn(134)) - c49df7ba-d7d7-4ac8-a142-ddaef65aa83a@group-009811E6B591->2aeadab0-ec41-4180-985e-a800f9da6a6d-AppendLogResponseHandler: Failed appendEntries: org.apache.ratis.thirdparty.io.grpc.StatusRuntimeException: UNAVAILABLE: io exception
2019-11-13 20:17:36,907 [grpc-default-executor-2] INFO  impl.FollowerInfo (FollowerInfo.java:lambda$new$0(51)) - c49df7ba-d7d7-4ac8-a142-ddaef65aa83a@group-009811E6B591->2aeadab0-ec41-4180-985e-a800f9da6a6d: nextIndex: updateUnconditionally 0 -> 0
2019-11-13 20:17:36,937 [grpc-default-executor-3] WARN  server.GrpcLogAppender (LogUtils.java:warn(134)) - 836dac64-dd9f-4309-a076-e086947645e1@group-6D7DD4B8F7C5->d075120a-ef0f-46a0-9778-bb6f9a0780d0-AppendLogResponseHandler: Failed appendEntries: org.apache.ratis.thirdparty.io.grpc.StatusRuntimeException: UNAVAILABLE: io exception
2019-11-13 20:17:36,938 [grpc-default-executor-3] INFO  impl.FollowerInfo (FollowerInfo.java:lambda$new$0(51)) - 836dac64-dd9f-4309-a076-e086947645e1@group-6D7DD4B8F7C5->d075120a-ef0f-46a0-9778-bb6f9a0780d0: nextIndex: updateUnconditionally 0 -> 0
2019-11-13 20:17:37,407 [grpc-default-executor-1] WARN  server.GrpcLogAppender (LogUtils.java:warn(134)) - c49df7ba-d7d7-4ac8-a142-ddaef65aa83a@group-009811E6B591->2aeadab0-ec41-4180-985e-a800f9da6a6d-AppendLogResponseHandler: Failed appendEntries: org.apache.ratis.thirdparty.io.grpc.StatusRuntimeException: UNAVAILABLE: io exception
2019-11-13 20:17:37,408 [grpc-default-executor-1] INFO  impl.FollowerInfo (FollowerInfo.java:lambda$new$0(51)) - c49df7ba-d7d7-4ac8-a142-ddaef65aa83a@group-009811E6B591->2aeadab0-ec41-4180-985e-a800f9da6a6d: nextIndex: updateUnconditionally 0 -> 0
2019-11-13 20:17:37,441 [grpc-default-executor-3] WARN  server.GrpcLogAppender (LogUtils.java:warn(134)) - 836dac64-dd9f-4309-a076-e086947645e1@group-6D7DD4B8F7C5->d075120a-ef0f-46a0-9778-bb6f9a0780d0-AppendLogResponseHandler: Failed appendEntries: org.apache.ratis.thirdparty.io.grpc.StatusRuntimeException: UNAVAILABLE: io exception
2019-11-13 20:17:37,442 [grpc-default-executor-3] INFO  impl.FollowerInfo (FollowerInfo.java:lambda$new$0(51)) - 836dac64-dd9f-4309-a076-e086947645e1@group-6D7DD4B8F7C5->d075120a-ef0f-46a0-9778-bb6f9a0780d0: nextIndex: updateUnconditionally 0 -> 0
2019-11-13 20:17:37,908 [grpc-default-executor-1] WARN  server.GrpcLogAppender (LogUtils.java:warn(134)) - c49df7ba-d7d7-4ac8-a142-ddaef65aa83a@group-009811E6B591->2aeadab0-ec41-4180-985e-a800f9da6a6d-AppendLogResponseHandler: Failed appendEntries: org.apache.ratis.thirdparty.io.grpc.StatusRuntimeException: UNAVAILABLE: io exception
2019-11-13 20:17:37,908 [grpc-default-executor-1] INFO  impl.FollowerInfo (FollowerInfo.java:lambda$new$0(51)) - c49df7ba-d7d7-4ac8-a142-ddaef65aa83a@group-009811E6B591->2aeadab0-ec41-4180-985e-a800f9da6a6d: nextIndex: updateUnconditionally 0 -> 0
2019-11-13 20:17:37,940 [grpc-default-executor-1] WARN  server.GrpcLogAppender (LogUtils.java:warn(134)) - 836dac64-dd9f-4309-a076-e086947645e1@group-6D7DD4B8F7C5->d075120a-ef0f-46a0-9778-bb6f9a0780d0-AppendLogResponseHandler: Failed appendEntries: org.apache.ratis.thirdparty.io.grpc.StatusRuntimeException: UNAVAILABLE: io exception
2019-11-13 20:17:37,940 [grpc-default-executor-1] INFO  impl.FollowerInfo (FollowerInfo.java:lambda$new$0(51)) - 836dac64-dd9f-4309-a076-e086947645e1@group-6D7DD4B8F7C5->d075120a-ef0f-46a0-9778-bb6f9a0780d0: nextIndex: updateUnconditionally 0 -> 0
2019-11-13 20:17:38,409 [grpc-default-executor-1] WARN  server.GrpcLogAppender (LogUtils.java:warn(134)) - c49df7ba-d7d7-4ac8-a142-ddaef65aa83a@group-009811E6B591->2aeadab0-ec41-4180-985e-a800f9da6a6d-AppendLogResponseHandler: Failed appendEntries: org.apache.ratis.thirdparty.io.grpc.StatusRuntimeException: UNAVAILABLE: io exception
2019-11-13 20:17:38,409 [grpc-default-executor-1] INFO  impl.FollowerInfo (FollowerInfo.java:lambda$new$0(51)) - c49df7ba-d7d7-4ac8-a142-ddaef65aa83a@group-009811E6B591->2aeadab0-ec41-4180-985e-a800f9da6a6d: nextIndex: updateUnconditionally 0 -> 0
2019-11-13 20:17:38,441 [grpc-default-executor-1] WARN  server.GrpcLogAppender (LogUtils.java:warn(134)) - 836dac64-dd9f-4309-a076-e086947645e1@group-6D7DD4B8F7C5->d075120a-ef0f-46a0-9778-bb6f9a0780d0-AppendLogResponseHandler: Failed appendEntries: org.apache.ratis.thirdparty.io.grpc.StatusRuntimeException: UNAVAILABLE: io exception
2019-11-13 20:17:38,445 [grpc-default-executor-1] INFO  impl.FollowerInfo (FollowerInfo.java:lambda$new$0(51)) - 836dac64-dd9f-4309-a076-e086947645e1@group-6D7DD4B8F7C5->d075120a-ef0f-46a0-9778-bb6f9a0780d0: nextIndex: updateUnconditionally 0 -> 0
2019-11-13 20:17:38,910 [grpc-default-executor-1] WARN  server.GrpcLogAppender (LogUtils.java:warn(134)) - c49df7ba-d7d7-4ac8-a142-ddaef65aa83a@group-009811E6B591->2aeadab0-ec41-4180-985e-a800f9da6a6d-AppendLogResponseHandler: Failed appendEntries: org.apache.ratis.thirdparty.io.grpc.StatusRuntimeException: UNAVAILABLE: io exception
2019-11-13 20:17:38,911 [grpc-default-executor-1] INFO  impl.FollowerInfo (FollowerInfo.java:lambda$new$0(51)) - c49df7ba-d7d7-4ac8-a142-ddaef65aa83a@group-009811E6B591->2aeadab0-ec41-4180-985e-a800f9da6a6d: nextIndex: updateUnconditionally 0 -> 0
2019-11-13 20:17:38,941 [grpc-default-executor-4] WARN  server.GrpcLogAppender (LogUtils.java:warn(134)) - 836dac64-dd9f-4309-a076-e086947645e1@group-6D7DD4B8F7C5->d075120a-ef0f-46a0-9778-bb6f9a0780d0-AppendLogResponseHandler: Failed appendEntries: org.apache.ratis.thirdparty.io.grpc.StatusRuntimeException: UNAVAILABLE: io exception
2019-11-13 20:17:38,942 [grpc-default-executor-4] INFO  impl.FollowerInfo (FollowerInfo.java:lambda$new$0(51)) - 836dac64-dd9f-4309-a076-e086947645e1@group-6D7DD4B8F7C5->d075120a-ef0f-46a0-9778-bb6f9a0780d0: nextIndex: updateUnconditionally 0 -> 0
2019-11-13 20:17:39,411 [grpc-default-executor-1] WARN  server.GrpcLogAppender (LogUtils.java:warn(134)) - c49df7ba-d7d7-4ac8-a142-ddaef65aa83a@group-009811E6B591->2aeadab0-ec41-4180-985e-a800f9da6a6d-AppendLogResponseHandler: Failed appendEntries: org.apache.ratis.thirdparty.io.grpc.StatusRuntimeException: UNAVAILABLE: io exception
2019-11-13 20:17:39,412 [grpc-default-executor-1] INFO  impl.FollowerInfo (FollowerInfo.java:lambda$new$0(51)) - c49df7ba-d7d7-4ac8-a142-ddaef65aa83a@group-009811E6B591->2aeadab0-ec41-4180-985e-a800f9da6a6d: nextIndex: updateUnconditionally 0 -> 0
2019-11-13 20:17:39,442 [grpc-default-executor-3] WARN  server.GrpcLogAppender (LogUtils.java:warn(134)) - 836dac64-dd9f-4309-a076-e086947645e1@group-6D7DD4B8F7C5->d075120a-ef0f-46a0-9778-bb6f9a0780d0-AppendLogResponseHandler: Failed appendEntries: org.apache.ratis.thirdparty.io.grpc.StatusRuntimeException: UNAVAILABLE: io exception
2019-11-13 20:17:39,443 [grpc-default-executor-3] INFO  impl.FollowerInfo (FollowerInfo.java:lambda$new$0(51)) - 836dac64-dd9f-4309-a076-e086947645e1@group-6D7DD4B8F7C5->d075120a-ef0f-46a0-9778-bb6f9a0780d0: nextIndex: updateUnconditionally 0 -> 0
2019-11-13 20:17:39,449 [main] INFO  ozoneimpl.OzoneContainer (OzoneContainer.java:stop(244)) - Attempting to stop container services.
2019-11-13 20:17:39,449 [ForkJoinPool.commonPool-worker-1] INFO  ozoneimpl.OzoneContainer (OzoneContainer.java:stop(244)) - Attempting to stop container services.
2019-11-13 20:17:39,450 [main] INFO  impl.RaftServerProxy (RaftServerProxy.java:lambda$close$4(314)) - c49df7ba-d7d7-4ac8-a142-ddaef65aa83a: close
2019-11-13 20:17:39,451 [ForkJoinPool.commonPool-worker-1] INFO  impl.RaftServerProxy (RaftServerProxy.java:lambda$close$4(314)) - 023d4525-aae9-49d4-923e-7124a55e5ae2: close
2019-11-13 20:17:39,451 [main] INFO  impl.RaftServerImpl (RaftServerImpl.java:lambda$shutdown$3(250)) - c49df7ba-d7d7-4ac8-a142-ddaef65aa83a@group-009811E6B591: shutdown
2019-11-13 20:17:39,451 [ForkJoinPool.commonPool-worker-1] INFO  impl.RaftServerImpl (RaftServerImpl.java:lambda$shutdown$3(250)) - 023d4525-aae9-49d4-923e-7124a55e5ae2@group-009811E6B591: shutdown
2019-11-13 20:17:39,451 [main] INFO  util.JmxRegister (JmxRegister.java:unregister(73)) - Successfully un-registered JMX Bean with object name Ratis:service=RaftServer,group=group-009811E6B591,id=c49df7ba-d7d7-4ac8-a142-ddaef65aa83a
2019-11-13 20:17:39,451 [ForkJoinPool.commonPool-worker-1] INFO  util.JmxRegister (JmxRegister.java:unregister(73)) - Successfully un-registered JMX Bean with object name Ratis:service=RaftServer,group=group-009811E6B591,id=023d4525-aae9-49d4-923e-7124a55e5ae2
2019-11-13 20:17:39,452 [main] INFO  impl.RoleInfo (RoleInfo.java:shutdownLeaderState(104)) - c49df7ba-d7d7-4ac8-a142-ddaef65aa83a: shutdown LeaderState
2019-11-13 20:17:39,452 [ForkJoinPool.commonPool-worker-1] INFO  impl.RoleInfo (RoleInfo.java:shutdownFollowerState(121)) - 023d4525-aae9-49d4-923e-7124a55e5ae2: shutdown FollowerState
2019-11-13 20:17:39,456 [org.apache.ratis.server.impl.LogAppender$AppenderDaemon$$Lambda$415/455279792@39864edb] WARN  server.GrpcLogAppender (GrpcLogAppender.java:mayWait(151)) - c49df7ba-d7d7-4ac8-a142-ddaef65aa83a@group-009811E6B591->2aeadab0-ec41-4180-985e-a800f9da6a6d-GrpcLogAppender: Wait interrupted by java.lang.InterruptedException
2019-11-13 20:17:39,456 [org.apache.ratis.server.impl.LogAppender$AppenderDaemon$$Lambda$415/455279792@9666e37] WARN  server.GrpcLogAppender (GrpcLogAppender.java:mayWait(151)) - c49df7ba-d7d7-4ac8-a142-ddaef65aa83a@group-009811E6B591->023d4525-aae9-49d4-923e-7124a55e5ae2-GrpcLogAppender: Wait interrupted by java.lang.InterruptedException
2019-11-13 20:17:39,456 [main] INFO  impl.PendingRequests (PendingRequests.java:sendNotLeaderResponses(206)) - c49df7ba-d7d7-4ac8-a142-ddaef65aa83a@group-009811E6B591-PendingRequests: sendNotLeaderResponses
2019-11-13 20:17:39,456 [Thread-1615] INFO  impl.FollowerState (FollowerState.java:run(120)) - 023d4525-aae9-49d4-923e-7124a55e5ae2@group-009811E6B591-FollowerState was interrupted: java.lang.InterruptedException: sleep interrupted
2019-11-13 20:17:39,456 [ForkJoinPool.commonPool-worker-1] INFO  impl.StateMachineUpdater (StateMachineUpdater.java:stopAndJoin(136)) - 023d4525-aae9-49d4-923e-7124a55e5ae2@group-009811E6B591-StateMachineUpdater: set stopIndex = 2
2019-11-13 20:17:39,459 [grpc-default-executor-3] INFO  server.GrpcServerProtocolService (GrpcServerProtocolService.java:onCompleted(113)) - 023d4525-aae9-49d4-923e-7124a55e5ae2: Completed APPEND_ENTRIES, lastRequest: c49df7ba-d7d7-4ac8-a142-ddaef65aa83a->023d4525-aae9-49d4-923e-7124a55e5ae2#10-t3, previous=(t:3, i:2), leaderCommit=2, initializing? false, entries: <empty>
2019-11-13 20:17:39,459 [main] INFO  impl.StateMachineUpdater (StateMachineUpdater.java:stopAndJoin(136)) - c49df7ba-d7d7-4ac8-a142-ddaef65aa83a@group-009811E6B591-StateMachineUpdater: set stopIndex = 2
2019-11-13 20:17:39,460 [main] INFO  impl.RaftServerImpl (ServerState.java:close(387)) - c49df7ba-d7d7-4ac8-a142-ddaef65aa83a@group-009811E6B591: closes. applyIndex: 2
2019-11-13 20:17:39,459 [ForkJoinPool.commonPool-worker-1] INFO  impl.RaftServerImpl (ServerState.java:close(387)) - 023d4525-aae9-49d4-923e-7124a55e5ae2@group-009811E6B591: closes. applyIndex: 2
2019-11-13 20:17:39,460 [grpc-default-executor-3] INFO  server.GrpcLogAppender (GrpcLogAppender.java:onCompleted(308)) - c49df7ba-d7d7-4ac8-a142-ddaef65aa83a@group-009811E6B591->023d4525-aae9-49d4-923e-7124a55e5ae2-AppendLogResponseHandler: follower responses appendEntries COMPLETED
2019-11-13 20:17:39,460 [023d4525-aae9-49d4-923e-7124a55e5ae2@group-009811E6B591-SegmentedRaftLogWorker] INFO  segmented.SegmentedRaftLogWorker (SegmentedRaftLogWorker.java:run(316)) - 023d4525-aae9-49d4-923e-7124a55e5ae2@group-009811E6B591-SegmentedRaftLogWorker was interrupted, exiting. There are 0 tasks remaining in the queue.
2019-11-13 20:17:39,460 [c49df7ba-d7d7-4ac8-a142-ddaef65aa83a@group-009811E6B591-SegmentedRaftLogWorker] INFO  segmented.SegmentedRaftLogWorker (SegmentedRaftLogWorker.java:run(316)) - c49df7ba-d7d7-4ac8-a142-ddaef65aa83a@group-009811E6B591-SegmentedRaftLogWorker was interrupted, exiting. There are 0 tasks remaining in the queue.
2019-11-13 20:17:39,462 [ForkJoinPool.commonPool-worker-1] INFO  segmented.SegmentedRaftLogWorker (SegmentedRaftLogWorker.java:close(224)) - 023d4525-aae9-49d4-923e-7124a55e5ae2@group-009811E6B591-SegmentedRaftLogWorker close()
2019-11-13 20:17:39,464 [grpc-default-executor-3] INFO  impl.FollowerInfo (FollowerInfo.java:lambda$new$0(51)) - c49df7ba-d7d7-4ac8-a142-ddaef65aa83a@group-009811E6B591->023d4525-aae9-49d4-923e-7124a55e5ae2: nextIndex: updateUnconditionally 3 -> 2
2019-11-13 20:17:39,464 [main] INFO  segmented.SegmentedRaftLogWorker (SegmentedRaftLogWorker.java:close(224)) - c49df7ba-d7d7-4ac8-a142-ddaef65aa83a@group-009811E6B591-SegmentedRaftLogWorker close()
2019-11-13 20:17:39,467 [ForkJoinPool.commonPool-worker-1] INFO  impl.RaftServerImpl (RaftServerImpl.java:lambda$shutdown$3(250)) - 023d4525-aae9-49d4-923e-7124a55e5ae2@group-1B8E8BDAFA60: shutdown
2019-11-13 20:17:39,471 [main] INFO  impl.RaftServerImpl (RaftServerImpl.java:lambda$shutdown$3(250)) - c49df7ba-d7d7-4ac8-a142-ddaef65aa83a@group-4A69C2695876: shutdown
2019-11-13 20:17:39,471 [ForkJoinPool.commonPool-worker-1] INFO  util.JmxRegister (JmxRegister.java:unregister(73)) - Successfully un-registered JMX Bean with object name Ratis:service=RaftServer,group=group-1B8E8BDAFA60,id=023d4525-aae9-49d4-923e-7124a55e5ae2
2019-11-13 20:17:39,472 [main] INFO  util.JmxRegister (JmxRegister.java:unregister(73)) - Successfully un-registered JMX Bean with object name Ratis:service=RaftServer,group=group-4A69C2695876,id=c49df7ba-d7d7-4ac8-a142-ddaef65aa83a
2019-11-13 20:17:39,472 [ForkJoinPool.commonPool-worker-1] INFO  impl.RoleInfo (RoleInfo.java:shutdownLeaderState(104)) - 023d4525-aae9-49d4-923e-7124a55e5ae2: shutdown LeaderState
2019-11-13 20:17:39,472 [main] INFO  impl.RoleInfo (RoleInfo.java:shutdownLeaderState(104)) - c49df7ba-d7d7-4ac8-a142-ddaef65aa83a: shutdown LeaderState
2019-11-13 20:17:39,472 [ForkJoinPool.commonPool-worker-1] INFO  impl.PendingRequests (PendingRequests.java:sendNotLeaderResponses(206)) - 023d4525-aae9-49d4-923e-7124a55e5ae2@group-1B8E8BDAFA60-PendingRequests: sendNotLeaderResponses
2019-11-13 20:17:39,473 [main] INFO  impl.PendingRequests (PendingRequests.java:sendNotLeaderResponses(206)) - c49df7ba-d7d7-4ac8-a142-ddaef65aa83a@group-4A69C2695876-PendingRequests: sendNotLeaderResponses
2019-11-13 20:17:39,473 [ForkJoinPool.commonPool-worker-1] INFO  impl.StateMachineUpdater (StateMachineUpdater.java:stopAndJoin(136)) - 023d4525-aae9-49d4-923e-7124a55e5ae2@group-1B8E8BDAFA60-StateMachineUpdater: set stopIndex = 0
2019-11-13 20:17:39,473 [main] INFO  impl.StateMachineUpdater (StateMachineUpdater.java:stopAndJoin(136)) - c49df7ba-d7d7-4ac8-a142-ddaef65aa83a@group-4A69C2695876-StateMachineUpdater: set stopIndex = 0
2019-11-13 20:17:39,473 [ForkJoinPool.commonPool-worker-1] INFO  impl.RaftServerImpl (ServerState.java:close(387)) - 023d4525-aae9-49d4-923e-7124a55e5ae2@group-1B8E8BDAFA60: closes. applyIndex: 0
2019-11-13 20:17:39,473 [main] INFO  impl.RaftServerImpl (ServerState.java:close(387)) - c49df7ba-d7d7-4ac8-a142-ddaef65aa83a@group-4A69C2695876: closes. applyIndex: 0
2019-11-13 20:17:39,474 [023d4525-aae9-49d4-923e-7124a55e5ae2@group-1B8E8BDAFA60-SegmentedRaftLogWorker] INFO  segmented.SegmentedRaftLogWorker (SegmentedRaftLogWorker.java:run(316)) - 023d4525-aae9-49d4-923e-7124a55e5ae2@group-1B8E8BDAFA60-SegmentedRaftLogWorker was interrupted, exiting. There are 0 tasks remaining in the queue.
2019-11-13 20:17:39,476 [ForkJoinPool.commonPool-worker-1] INFO  segmented.SegmentedRaftLogWorker (SegmentedRaftLogWorker.java:close(224)) - 023d4525-aae9-49d4-923e-7124a55e5ae2@group-1B8E8BDAFA60-SegmentedRaftLogWorker close()
2019-11-13 20:17:39,476 [c49df7ba-d7d7-4ac8-a142-ddaef65aa83a@group-4A69C2695876-SegmentedRaftLogWorker] INFO  segmented.SegmentedRaftLogWorker (SegmentedRaftLogWorker.java:run(316)) - c49df7ba-d7d7-4ac8-a142-ddaef65aa83a@group-4A69C2695876-SegmentedRaftLogWorker was interrupted, exiting. There are 0 tasks remaining in the queue.
2019-11-13 20:17:39,479 [ForkJoinPool.commonPool-worker-1] INFO  server.GrpcService (GrpcService.java:closeImpl(164)) - 023d4525-aae9-49d4-923e-7124a55e5ae2: shutdown server with port 41869 now
2019-11-13 20:17:39,482 [main] INFO  segmented.SegmentedRaftLogWorker (SegmentedRaftLogWorker.java:close(224)) - c49df7ba-d7d7-4ac8-a142-ddaef65aa83a@group-4A69C2695876-SegmentedRaftLogWorker close()
2019-11-13 20:17:39,485 [main] INFO  server.GrpcService (GrpcService.java:closeImpl(164)) - c49df7ba-d7d7-4ac8-a142-ddaef65aa83a: shutdown server with port 36049 now
2019-11-13 20:17:39,485 [ForkJoinPool.commonPool-worker-1] INFO  server.GrpcService (GrpcService.java:closeImpl(172)) - 023d4525-aae9-49d4-923e-7124a55e5ae2: shutdown server with port 41869 successfully
2019-11-13 20:17:39,485 [main] INFO  server.GrpcService (GrpcService.java:closeImpl(172)) - c49df7ba-d7d7-4ac8-a142-ddaef65aa83a: shutdown server with port 36049 successfully
2019-11-13 20:17:39,489 [refreshUsed-/workdir/hadoop-ozone/integration-test/target/test-dir/MiniOzoneClusterImpl-e03c2511-109e-4d60-a68c-0151beb67872/datanode-3/data/containers] WARN  fs.CachingGetSpaceUsed (CachingGetSpaceUsed.java:run(183)) - Thread Interrupted waiting to refresh disk information: sleep interrupted
2019-11-13 20:17:39,490 [refreshUsed-/workdir/hadoop-ozone/integration-test/target/test-dir/MiniOzoneClusterImpl-e03c2511-109e-4d60-a68c-0151beb67872/datanode-6/data/containers] WARN  fs.CachingGetSpaceUsed (CachingGetSpaceUsed.java:run(183)) - Thread Interrupted waiting to refresh disk information: sleep interrupted
2019-11-13 20:17:39,509 [main] INFO  utils.BackgroundService (BackgroundService.java:shutdown(151)) - Shutting down service BlockDeletingService
2019-11-13 20:17:39,509 [ForkJoinPool.commonPool-worker-1] INFO  utils.BackgroundService (BackgroundService.java:shutdown(151)) - Shutting down service BlockDeletingService
2019-11-13 20:17:39,517 [main] INFO  statemachine.DatanodeStateMachine (DatanodeStateMachine.java:stopDaemon(395)) - Ozone container server stopped.
2019-11-13 20:17:39,518 [ForkJoinPool.commonPool-worker-1] INFO  statemachine.DatanodeStateMachine (DatanodeStateMachine.java:stopDaemon(395)) - Ozone container server stopped.
2019-11-13 20:17:39,523 [ForkJoinPool.commonPool-worker-1] INFO  handler.ContextHandler (ContextHandler.java:doStop(910)) - Stopped o.e.j.w.WebAppContext@682abca7{/,null,UNAVAILABLE}{/hddsDatanode}
2019-11-13 20:17:39,523 [main] INFO  handler.ContextHandler (ContextHandler.java:doStop(910)) - Stopped o.e.j.w.WebAppContext@78d9f51b{/,null,UNAVAILABLE}{/hddsDatanode}
2019-11-13 20:17:39,524 [ForkJoinPool.commonPool-worker-1] INFO  server.AbstractConnector (AbstractConnector.java:doStop(318)) - Stopped ServerConnector@1d858300{HTTP/1.1,[http/1.1]}{0.0.0.0:0}
2019-11-13 20:17:39,524 [main] INFO  server.AbstractConnector (AbstractConnector.java:doStop(318)) - Stopped ServerConnector@23ed382c{HTTP/1.1,[http/1.1]}{0.0.0.0:0}
2019-11-13 20:17:39,525 [ForkJoinPool.commonPool-worker-1] INFO  handler.ContextHandler (ContextHandler.java:doStop(910)) - Stopped o.e.j.s.ServletContextHandler@53ce2392{/static,jar:file:/home/user/.m2/repository/org/apache/hadoop/hadoop-hdds-container-service/0.5.0-SNAPSHOT/hadoop-hdds-container-service-0.5.0-SNAPSHOT.jar!/webapps/static,UNAVAILABLE}
2019-11-13 20:17:39,525 [main] INFO  handler.ContextHandler (ContextHandler.java:doStop(910)) - Stopped o.e.j.s.ServletContextHandler@47c7a9e5{/static,jar:file:/home/user/.m2/repository/org/apache/hadoop/hadoop-hdds-container-service/0.5.0-SNAPSHOT/hadoop-hdds-container-service-0.5.0-SNAPSHOT.jar!/webapps/static,UNAVAILABLE}
2019-11-13 20:17:39,527 [ForkJoinPool.commonPool-worker-1] INFO  handler.ContextHandler (ContextHandler.java:doStop(910)) - Stopped o.e.j.s.ServletContextHandler@3d24420b{/logs,file:///workdir/hadoop-ozone/integration-test/target/log,UNAVAILABLE}
2019-11-13 20:17:39,527 [main] INFO  handler.ContextHandler (ContextHandler.java:doStop(910)) - Stopped o.e.j.s.ServletContextHandler@64da6cbd{/logs,file:///workdir/hadoop-ozone/integration-test/target/log,UNAVAILABLE}
2019-11-13 20:17:39,878 [Datanode State Machine Thread - 0] INFO  statemachine.DatanodeStateMachine (DatanodeStateMachine.java:lambda$startDaemon$0(350)) - Ozone container server started.
2019-11-13 20:17:39,945 [grpc-default-executor-4] WARN  server.GrpcLogAppender (LogUtils.java:warn(134)) - 836dac64-dd9f-4309-a076-e086947645e1@group-6D7DD4B8F7C5->d075120a-ef0f-46a0-9778-bb6f9a0780d0-AppendLogResponseHandler: Failed appendEntries: org.apache.ratis.thirdparty.io.grpc.StatusRuntimeException: UNAVAILABLE: io exception
2019-11-13 20:17:39,946 [grpc-default-executor-4] INFO  impl.FollowerInfo (FollowerInfo.java:lambda$new$0(51)) - 836dac64-dd9f-4309-a076-e086947645e1@group-6D7DD4B8F7C5->d075120a-ef0f-46a0-9778-bb6f9a0780d0: nextIndex: updateUnconditionally 0 -> 0
2019-11-13 20:17:40,380 [Datanode State Machine Thread - 0] INFO  statemachine.DatanodeStateMachine (DatanodeStateMachine.java:lambda$startDaemon$0(350)) - Ozone container server started.
2019-11-13 20:17:40,450 [grpc-default-executor-3] WARN  server.GrpcLogAppender (LogUtils.java:warn(134)) - 836dac64-dd9f-4309-a076-e086947645e1@group-6D7DD4B8F7C5->d075120a-ef0f-46a0-9778-bb6f9a0780d0-AppendLogResponseHandler: Failed appendEntries: org.apache.ratis.thirdparty.io.grpc.StatusRuntimeException: UNAVAILABLE: io exception
2019-11-13 20:17:40,451 [grpc-default-executor-3] INFO  impl.FollowerInfo (FollowerInfo.java:lambda$new$0(51)) - 836dac64-dd9f-4309-a076-e086947645e1@group-6D7DD4B8F7C5->d075120a-ef0f-46a0-9778-bb6f9a0780d0: nextIndex: updateUnconditionally 0 -> 0
2019-11-13 20:17:40,947 [grpc-default-executor-1] WARN  server.GrpcLogAppender (LogUtils.java:warn(134)) - 836dac64-dd9f-4309-a076-e086947645e1@group-6D7DD4B8F7C5->d075120a-ef0f-46a0-9778-bb6f9a0780d0-AppendLogResponseHandler: Failed appendEntries: org.apache.ratis.thirdparty.io.grpc.StatusRuntimeException: UNAVAILABLE: io exception
2019-11-13 20:17:40,948 [grpc-default-executor-1] INFO  impl.FollowerInfo (FollowerInfo.java:lambda$new$0(51)) - 836dac64-dd9f-4309-a076-e086947645e1@group-6D7DD4B8F7C5->d075120a-ef0f-46a0-9778-bb6f9a0780d0: nextIndex: updateUnconditionally 0 -> 0
2019-11-13 20:17:41,448 [grpc-default-executor-4] WARN  server.GrpcLogAppender (LogUtils.java:warn(134)) - 836dac64-dd9f-4309-a076-e086947645e1@group-6D7DD4B8F7C5->d075120a-ef0f-46a0-9778-bb6f9a0780d0-AppendLogResponseHandler: Failed appendEntries: org.apache.ratis.thirdparty.io.grpc.StatusRuntimeException: UNAVAILABLE: io exception
2019-11-13 20:17:41,449 [grpc-default-executor-4] INFO  impl.FollowerInfo (FollowerInfo.java:lambda$new$0(51)) - 836dac64-dd9f-4309-a076-e086947645e1@group-6D7DD4B8F7C5->d075120a-ef0f-46a0-9778-bb6f9a0780d0: nextIndex: updateUnconditionally 0 -> 0
2019-11-13 20:17:41,952 [grpc-default-executor-1] WARN  server.GrpcLogAppender (LogUtils.java:warn(134)) - 836dac64-dd9f-4309-a076-e086947645e1@group-6D7DD4B8F7C5->d075120a-ef0f-46a0-9778-bb6f9a0780d0-AppendLogResponseHandler: Failed appendEntries: org.apache.ratis.thirdparty.io.grpc.StatusRuntimeException: UNAVAILABLE: io exception
2019-11-13 20:17:41,953 [grpc-default-executor-1] INFO  impl.FollowerInfo (FollowerInfo.java:lambda$new$0(51)) - 836dac64-dd9f-4309-a076-e086947645e1@group-6D7DD4B8F7C5->d075120a-ef0f-46a0-9778-bb6f9a0780d0: nextIndex: updateUnconditionally 0 -> 0
2019-11-13 20:17:42,451 [grpc-default-executor-4] WARN  server.GrpcLogAppender (LogUtils.java:warn(134)) - 836dac64-dd9f-4309-a076-e086947645e1@group-6D7DD4B8F7C5->d075120a-ef0f-46a0-9778-bb6f9a0780d0-AppendLogResponseHandler: Failed appendEntries: org.apache.ratis.thirdparty.io.grpc.StatusRuntimeException: UNAVAILABLE: io exception
2019-11-13 20:17:42,451 [grpc-default-executor-4] INFO  impl.FollowerInfo (FollowerInfo.java:lambda$new$0(51)) - 836dac64-dd9f-4309-a076-e086947645e1@group-6D7DD4B8F7C5->d075120a-ef0f-46a0-9778-bb6f9a0780d0: nextIndex: updateUnconditionally 0 -> 0
2019-11-13 20:17:42,952 [grpc-default-executor-3] WARN  server.GrpcLogAppender (LogUtils.java:warn(134)) - 836dac64-dd9f-4309-a076-e086947645e1@group-6D7DD4B8F7C5->d075120a-ef0f-46a0-9778-bb6f9a0780d0-AppendLogResponseHandler: Failed appendEntries: org.apache.ratis.thirdparty.io.grpc.StatusRuntimeException: UNAVAILABLE: io exception
2019-11-13 20:17:42,952 [grpc-default-executor-3] INFO  impl.FollowerInfo (FollowerInfo.java:lambda$new$0(51)) - 836dac64-dd9f-4309-a076-e086947645e1@group-6D7DD4B8F7C5->d075120a-ef0f-46a0-9778-bb6f9a0780d0: nextIndex: updateUnconditionally 0 -> 0
2019-11-13 20:17:43,452 [grpc-default-executor-1] WARN  server.GrpcLogAppender (LogUtils.java:warn(134)) - 836dac64-dd9f-4309-a076-e086947645e1@group-6D7DD4B8F7C5->d075120a-ef0f-46a0-9778-bb6f9a0780d0-AppendLogResponseHandler: Failed appendEntries: org.apache.ratis.thirdparty.io.grpc.StatusRuntimeException: UNAVAILABLE: io exception
2019-11-13 20:17:43,453 [grpc-default-executor-1] INFO  impl.FollowerInfo (FollowerInfo.java:lambda$new$0(51)) - 836dac64-dd9f-4309-a076-e086947645e1@group-6D7DD4B8F7C5->d075120a-ef0f-46a0-9778-bb6f9a0780d0: nextIndex: updateUnconditionally 0 -> 0
2019-11-13 20:17:43,953 [grpc-default-executor-3] WARN  server.GrpcLogAppender (LogUtils.java:warn(134)) - 836dac64-dd9f-4309-a076-e086947645e1@group-6D7DD4B8F7C5->d075120a-ef0f-46a0-9778-bb6f9a0780d0-AppendLogResponseHandler: Failed appendEntries: org.apache.ratis.thirdparty.io.grpc.StatusRuntimeException: UNAVAILABLE: io exception
2019-11-13 20:17:43,954 [grpc-default-executor-3] INFO  impl.FollowerInfo (FollowerInfo.java:lambda$new$0(51)) - 836dac64-dd9f-4309-a076-e086947645e1@group-6D7DD4B8F7C5->d075120a-ef0f-46a0-9778-bb6f9a0780d0: nextIndex: updateUnconditionally 0 -> 0
2019-11-13 20:17:44,454 [grpc-default-executor-1] WARN  server.GrpcLogAppender (LogUtils.java:warn(134)) - 836dac64-dd9f-4309-a076-e086947645e1@group-6D7DD4B8F7C5->d075120a-ef0f-46a0-9778-bb6f9a0780d0-AppendLogResponseHandler: Failed appendEntries: org.apache.ratis.thirdparty.io.grpc.StatusRuntimeException: UNAVAILABLE: io exception
2019-11-13 20:17:44,455 [grpc-default-executor-1] INFO  impl.FollowerInfo (FollowerInfo.java:lambda$new$0(51)) - 836dac64-dd9f-4309-a076-e086947645e1@group-6D7DD4B8F7C5->d075120a-ef0f-46a0-9778-bb6f9a0780d0: nextIndex: updateUnconditionally 0 -> 0
2019-11-13 20:17:44,530 [main] INFO  ozoneimpl.OzoneContainer (OzoneContainer.java:stop(244)) - Attempting to stop container services.
2019-11-13 20:17:44,530 [ForkJoinPool.commonPool-worker-1] INFO  ozoneimpl.OzoneContainer (OzoneContainer.java:stop(244)) - Attempting to stop container services.
2019-11-13 20:17:44,530 [main] INFO  impl.RaftServerProxy (RaftServerProxy.java:lambda$close$4(314)) - 7d2a40c8-d27f-493d-a958-c7cf8432838d: close
2019-11-13 20:17:44,531 [ForkJoinPool.commonPool-worker-1] INFO  impl.RaftServerProxy (RaftServerProxy.java:lambda$close$4(314)) - 75645b24-e149-445b-bbe5-336f1e849603: close
2019-11-13 20:17:44,531 [ForkJoinPool.commonPool-worker-1] INFO  impl.RaftServerImpl (RaftServerImpl.java:lambda$shutdown$3(250)) - 75645b24-e149-445b-bbe5-336f1e849603@group-F878B01E012E: shutdown
2019-11-13 20:17:44,531 [main] INFO  impl.RaftServerImpl (RaftServerImpl.java:lambda$shutdown$3(250)) - 7d2a40c8-d27f-493d-a958-c7cf8432838d@group-D0AD2003266D: shutdown
2019-11-13 20:17:44,531 [ForkJoinPool.commonPool-worker-1] INFO  util.JmxRegister (JmxRegister.java:unregister(73)) - Successfully un-registered JMX Bean with object name Ratis:service=RaftServer,group=group-F878B01E012E,id=75645b24-e149-445b-bbe5-336f1e849603
2019-11-13 20:17:44,532 [main] INFO  util.JmxRegister (JmxRegister.java:unregister(73)) - Successfully un-registered JMX Bean with object name Ratis:service=RaftServer,group=group-D0AD2003266D,id=7d2a40c8-d27f-493d-a958-c7cf8432838d
2019-11-13 20:17:44,532 [main] INFO  impl.RoleInfo (RoleInfo.java:shutdownLeaderState(104)) - 7d2a40c8-d27f-493d-a958-c7cf8432838d: shutdown LeaderState
2019-11-13 20:17:44,532 [ForkJoinPool.commonPool-worker-1] INFO  impl.RoleInfo (RoleInfo.java:shutdownLeaderState(104)) - 75645b24-e149-445b-bbe5-336f1e849603: shutdown LeaderState
2019-11-13 20:17:44,532 [main] INFO  impl.PendingRequests (PendingRequests.java:sendNotLeaderResponses(206)) - 7d2a40c8-d27f-493d-a958-c7cf8432838d@group-D0AD2003266D-PendingRequests: sendNotLeaderResponses
2019-11-13 20:17:44,533 [ForkJoinPool.commonPool-worker-1] INFO  impl.PendingRequests (PendingRequests.java:sendNotLeaderResponses(206)) - 75645b24-e149-445b-bbe5-336f1e849603@group-F878B01E012E-PendingRequests: sendNotLeaderResponses
2019-11-13 20:17:44,533 [ForkJoinPool.commonPool-worker-1] INFO  impl.StateMachineUpdater (StateMachineUpdater.java:stopAndJoin(136)) - 75645b24-e149-445b-bbe5-336f1e849603@group-F878B01E012E-StateMachineUpdater: set stopIndex = 0
2019-11-13 20:17:44,533 [main] INFO  impl.StateMachineUpdater (StateMachineUpdater.java:stopAndJoin(136)) - 7d2a40c8-d27f-493d-a958-c7cf8432838d@group-D0AD2003266D-StateMachineUpdater: set stopIndex = 0
2019-11-13 20:17:44,534 [ForkJoinPool.commonPool-worker-1] INFO  impl.RaftServerImpl (ServerState.java:close(387)) - 75645b24-e149-445b-bbe5-336f1e849603@group-F878B01E012E: closes. applyIndex: 0
2019-11-13 20:17:44,534 [main] INFO  impl.RaftServerImpl (ServerState.java:close(387)) - 7d2a40c8-d27f-493d-a958-c7cf8432838d@group-D0AD2003266D: closes. applyIndex: 0
2019-11-13 20:17:44,534 [75645b24-e149-445b-bbe5-336f1e849603@group-F878B01E012E-SegmentedRaftLogWorker] INFO  segmented.SegmentedRaftLogWorker (SegmentedRaftLogWorker.java:run(316)) - 75645b24-e149-445b-bbe5-336f1e849603@group-F878B01E012E-SegmentedRaftLogWorker was interrupted, exiting. There are 0 tasks remaining in the queue.
2019-11-13 20:17:44,534 [7d2a40c8-d27f-493d-a958-c7cf8432838d@group-D0AD2003266D-SegmentedRaftLogWorker] INFO  segmented.SegmentedRaftLogWorker (SegmentedRaftLogWorker.java:run(316)) - 7d2a40c8-d27f-493d-a958-c7cf8432838d@group-D0AD2003266D-SegmentedRaftLogWorker was interrupted, exiting. There are 0 tasks remaining in the queue.
2019-11-13 20:17:44,537 [ForkJoinPool.commonPool-worker-1] INFO  segmented.SegmentedRaftLogWorker (SegmentedRaftLogWorker.java:close(224)) - 75645b24-e149-445b-bbe5-336f1e849603@group-F878B01E012E-SegmentedRaftLogWorker close()
2019-11-13 20:17:44,538 [main] INFO  segmented.SegmentedRaftLogWorker (SegmentedRaftLogWorker.java:close(224)) - 7d2a40c8-d27f-493d-a958-c7cf8432838d@group-D0AD2003266D-SegmentedRaftLogWorker close()
2019-11-13 20:17:44,540 [ForkJoinPool.commonPool-worker-1] INFO  server.GrpcService (GrpcService.java:closeImpl(164)) - 75645b24-e149-445b-bbe5-336f1e849603: shutdown server with port 39182 now
2019-11-13 20:17:44,543 [main] INFO  impl.RaftServerImpl (RaftServerImpl.java:lambda$shutdown$3(250)) - 7d2a40c8-d27f-493d-a958-c7cf8432838d@group-0D0FE8FB5DF5: shutdown
2019-11-13 20:17:44,545 [ForkJoinPool.commonPool-worker-1] INFO  server.GrpcService (GrpcService.java:closeImpl(172)) - 75645b24-e149-445b-bbe5-336f1e849603: shutdown server with port 39182 successfully
2019-11-13 20:17:44,545 [main] INFO  util.JmxRegister (JmxRegister.java:unregister(73)) - Successfully un-registered JMX Bean with object name Ratis:service=RaftServer,group=group-0D0FE8FB5DF5,id=7d2a40c8-d27f-493d-a958-c7cf8432838d
2019-11-13 20:17:44,546 [main] INFO  impl.RoleInfo (RoleInfo.java:shutdownFollowerState(121)) - 7d2a40c8-d27f-493d-a958-c7cf8432838d: shutdown FollowerState
2019-11-13 20:17:44,546 [main] INFO  impl.StateMachineUpdater (StateMachineUpdater.java:stopAndJoin(136)) - 7d2a40c8-d27f-493d-a958-c7cf8432838d@group-0D0FE8FB5DF5-StateMachineUpdater: set stopIndex = 0
2019-11-13 20:17:44,546 [Thread-1506] INFO  impl.FollowerState (FollowerState.java:run(120)) - 7d2a40c8-d27f-493d-a958-c7cf8432838d@group-0D0FE8FB5DF5-FollowerState was interrupted: java.lang.InterruptedException: sleep interrupted
2019-11-13 20:17:44,547 [main] INFO  impl.RaftServerImpl (ServerState.java:close(387)) - 7d2a40c8-d27f-493d-a958-c7cf8432838d@group-0D0FE8FB5DF5: closes. applyIndex: 0
2019-11-13 20:17:44,547 [7d2a40c8-d27f-493d-a958-c7cf8432838d@group-0D0FE8FB5DF5-SegmentedRaftLogWorker] INFO  segmented.SegmentedRaftLogWorker (SegmentedRaftLogWorker.java:run(316)) - 7d2a40c8-d27f-493d-a958-c7cf8432838d@group-0D0FE8FB5DF5-SegmentedRaftLogWorker was interrupted, exiting. There are 0 tasks remaining in the queue.
2019-11-13 20:17:44,549 [main] INFO  segmented.SegmentedRaftLogWorker (SegmentedRaftLogWorker.java:close(224)) - 7d2a40c8-d27f-493d-a958-c7cf8432838d@group-0D0FE8FB5DF5-SegmentedRaftLogWorker close()
2019-11-13 20:17:44,552 [main] INFO  server.GrpcService (GrpcService.java:closeImpl(164)) - 7d2a40c8-d27f-493d-a958-c7cf8432838d: shutdown server with port 33052 now
2019-11-13 20:17:44,555 [refreshUsed-/workdir/hadoop-ozone/integration-test/target/test-dir/MiniOzoneClusterImpl-e03c2511-109e-4d60-a68c-0151beb67872/datanode-4/data/containers] WARN  fs.CachingGetSpaceUsed (CachingGetSpaceUsed.java:run(183)) - Thread Interrupted waiting to refresh disk information: sleep interrupted
2019-11-13 20:17:44,555 [grpc-default-executor-4] WARN  server.GrpcServerProtocolService (LogUtils.java:warn(134)) - 7d2a40c8-d27f-493d-a958-c7cf8432838d: installSnapshot onError, lastRequest: fbe234eb-236c-4e93-9bcf-aa21ab9b5fff->7d2a40c8-d27f-493d-a958-c7cf8432838d#30-t1, previous=(t:1, i:0), leaderCommit=0, initializing? false, entries: <empty>: org.apache.ratis.thirdparty.io.grpc.StatusRuntimeException: CANCELLED: cancelled before receiving half close
2019-11-13 20:17:44,555 [main] INFO  server.GrpcService (GrpcService.java:closeImpl(172)) - 7d2a40c8-d27f-493d-a958-c7cf8432838d: shutdown server with port 33052 successfully
2019-11-13 20:17:44,556 [grpc-default-executor-3] WARN  server.GrpcLogAppender (LogUtils.java:warn(134)) - fbe234eb-236c-4e93-9bcf-aa21ab9b5fff@group-0D0FE8FB5DF5->7d2a40c8-d27f-493d-a958-c7cf8432838d-AppendLogResponseHandler: Failed appendEntries: org.apache.ratis.thirdparty.io.grpc.StatusRuntimeException: CANCELLED: HTTP/2 error code: CANCEL
Received Rst Stream
2019-11-13 20:17:44,557 [grpc-default-executor-3] INFO  impl.FollowerInfo (FollowerInfo.java:lambda$new$0(51)) - fbe234eb-236c-4e93-9bcf-aa21ab9b5fff@group-0D0FE8FB5DF5->7d2a40c8-d27f-493d-a958-c7cf8432838d: nextIndex: updateUnconditionally 1 -> 0
2019-11-13 20:17:44,557 [refreshUsed-/workdir/hadoop-ozone/integration-test/target/test-dir/MiniOzoneClusterImpl-e03c2511-109e-4d60-a68c-0151beb67872/datanode-8/data/containers] WARN  fs.CachingGetSpaceUsed (CachingGetSpaceUsed.java:run(183)) - Thread Interrupted waiting to refresh disk information: sleep interrupted
2019-11-13 20:17:44,571 [main] INFO  utils.BackgroundService (BackgroundService.java:shutdown(151)) - Shutting down service BlockDeletingService
2019-11-13 20:17:44,571 [ForkJoinPool.commonPool-worker-1] INFO  utils.BackgroundService (BackgroundService.java:shutdown(151)) - Shutting down service BlockDeletingService
2019-11-13 20:17:44,576 [main] INFO  statemachine.DatanodeStateMachine (DatanodeStateMachine.java:stopDaemon(395)) - Ozone container server stopped.
2019-11-13 20:17:44,578 [ForkJoinPool.commonPool-worker-1] INFO  statemachine.DatanodeStateMachine (DatanodeStateMachine.java:stopDaemon(395)) - Ozone container server stopped.
2019-11-13 20:17:44,583 [main] INFO  handler.ContextHandler (ContextHandler.java:doStop(910)) - Stopped o.e.j.w.WebAppContext@5995851e{/,null,UNAVAILABLE}{/hddsDatanode}
2019-11-13 20:17:44,583 [ForkJoinPool.commonPool-worker-1] INFO  handler.ContextHandler (ContextHandler.java:doStop(910)) - Stopped o.e.j.w.WebAppContext@168b4cb0{/,null,UNAVAILABLE}{/hddsDatanode}
2019-11-13 20:17:44,583 [main] INFO  server.AbstractConnector (AbstractConnector.java:doStop(318)) - Stopped ServerConnector@48a2db72{HTTP/1.1,[http/1.1]}{0.0.0.0:0}
2019-11-13 20:17:44,583 [ForkJoinPool.commonPool-worker-1] INFO  server.AbstractConnector (AbstractConnector.java:doStop(318)) - Stopped ServerConnector@3e05586b{HTTP/1.1,[http/1.1]}{0.0.0.0:0}
2019-11-13 20:17:44,584 [main] INFO  handler.ContextHandler (ContextHandler.java:doStop(910)) - Stopped o.e.j.s.ServletContextHandler@6cbbb9c4{/static,jar:file:/home/user/.m2/repository/org/apache/hadoop/hadoop-hdds-container-service/0.5.0-SNAPSHOT/hadoop-hdds-container-service-0.5.0-SNAPSHOT.jar!/webapps/static,UNAVAILABLE}
2019-11-13 20:17:44,590 [ForkJoinPool.commonPool-worker-1] INFO  handler.ContextHandler (ContextHandler.java:doStop(910)) - Stopped o.e.j.s.ServletContextHandler@4fb04a72{/static,jar:file:/home/user/.m2/repository/org/apache/hadoop/hadoop-hdds-container-service/0.5.0-SNAPSHOT/hadoop-hdds-container-service-0.5.0-SNAPSHOT.jar!/webapps/static,UNAVAILABLE}
2019-11-13 20:17:44,590 [main] INFO  handler.ContextHandler (ContextHandler.java:doStop(910)) - Stopped o.e.j.s.ServletContextHandler@54b2fc58{/logs,file:///workdir/hadoop-ozone/integration-test/target/log,UNAVAILABLE}
2019-11-13 20:17:44,590 [ForkJoinPool.commonPool-worker-1] INFO  handler.ContextHandler (ContextHandler.java:doStop(910)) - Stopped o.e.j.s.ServletContextHandler@af7e376{/logs,file:///workdir/hadoop-ozone/integration-test/target/log,UNAVAILABLE}
2019-11-13 20:17:44,940 [Datanode State Machine Thread - 0] INFO  statemachine.DatanodeStateMachine (DatanodeStateMachine.java:lambda$startDaemon$0(350)) - Ozone container server started.
2019-11-13 20:17:44,955 [grpc-default-executor-5] WARN  server.GrpcLogAppender (LogUtils.java:warn(134)) - 836dac64-dd9f-4309-a076-e086947645e1@group-6D7DD4B8F7C5->d075120a-ef0f-46a0-9778-bb6f9a0780d0-AppendLogResponseHandler: Failed appendEntries: org.apache.ratis.thirdparty.io.grpc.StatusRuntimeException: UNAVAILABLE: io exception
2019-11-13 20:17:44,955 [grpc-default-executor-1] WARN  server.GrpcLogAppender (LogUtils.java:warn(134)) - fbe234eb-236c-4e93-9bcf-aa21ab9b5fff@group-0D0FE8FB5DF5->7d2a40c8-d27f-493d-a958-c7cf8432838d-AppendLogResponseHandler: Failed appendEntries: org.apache.ratis.thirdparty.io.grpc.StatusRuntimeException: UNAVAILABLE: io exception
2019-11-13 20:17:44,956 [grpc-default-executor-5] INFO  impl.FollowerInfo (FollowerInfo.java:lambda$new$0(51)) - 836dac64-dd9f-4309-a076-e086947645e1@group-6D7DD4B8F7C5->d075120a-ef0f-46a0-9778-bb6f9a0780d0: nextIndex: updateUnconditionally 0 -> 0
2019-11-13 20:17:44,956 [grpc-default-executor-1] INFO  impl.FollowerInfo (FollowerInfo.java:lambda$new$0(51)) - fbe234eb-236c-4e93-9bcf-aa21ab9b5fff@group-0D0FE8FB5DF5->7d2a40c8-d27f-493d-a958-c7cf8432838d: nextIndex: updateUnconditionally 0 -> 0
2019-11-13 20:17:45,147 [Datanode State Machine Thread - 0] INFO  statemachine.DatanodeStateMachine (DatanodeStateMachine.java:lambda$startDaemon$0(350)) - Ozone container server started.
2019-11-13 20:17:45,455 [grpc-default-executor-3] WARN  server.GrpcLogAppender (LogUtils.java:warn(134)) - fbe234eb-236c-4e93-9bcf-aa21ab9b5fff@group-0D0FE8FB5DF5->7d2a40c8-d27f-493d-a958-c7cf8432838d-AppendLogResponseHandler: Failed appendEntries: org.apache.ratis.thirdparty.io.grpc.StatusRuntimeException: UNAVAILABLE: io exception
2019-11-13 20:17:45,456 [grpc-default-executor-3] INFO  impl.FollowerInfo (FollowerInfo.java:lambda$new$0(51)) - fbe234eb-236c-4e93-9bcf-aa21ab9b5fff@group-0D0FE8FB5DF5->7d2a40c8-d27f-493d-a958-c7cf8432838d: nextIndex: updateUnconditionally 0 -> 0
2019-11-13 20:17:45,456 [grpc-default-executor-5] WARN  server.GrpcLogAppender (LogUtils.java:warn(134)) - 836dac64-dd9f-4309-a076-e086947645e1@group-6D7DD4B8F7C5->d075120a-ef0f-46a0-9778-bb6f9a0780d0-AppendLogResponseHandler: Failed appendEntries: org.apache.ratis.thirdparty.io.grpc.StatusRuntimeException: UNAVAILABLE: io exception
2019-11-13 20:17:45,456 [grpc-default-executor-5] INFO  impl.FollowerInfo (FollowerInfo.java:lambda$new$0(51)) - 836dac64-dd9f-4309-a076-e086947645e1@group-6D7DD4B8F7C5->d075120a-ef0f-46a0-9778-bb6f9a0780d0: nextIndex: updateUnconditionally 0 -> 0
2019-11-13 20:17:45,956 [grpc-default-executor-1] WARN  server.GrpcLogAppender (LogUtils.java:warn(134)) - fbe234eb-236c-4e93-9bcf-aa21ab9b5fff@group-0D0FE8FB5DF5->7d2a40c8-d27f-493d-a958-c7cf8432838d-AppendLogResponseHandler: Failed appendEntries: org.apache.ratis.thirdparty.io.grpc.StatusRuntimeException: UNAVAILABLE: io exception
2019-11-13 20:17:45,957 [grpc-default-executor-2] WARN  server.GrpcLogAppender (LogUtils.java:warn(134)) - 836dac64-dd9f-4309-a076-e086947645e1@group-6D7DD4B8F7C5->d075120a-ef0f-46a0-9778-bb6f9a0780d0-AppendLogResponseHandler: Failed appendEntries: org.apache.ratis.thirdparty.io.grpc.StatusRuntimeException: UNAVAILABLE: io exception
2019-11-13 20:17:45,957 [grpc-default-executor-1] INFO  impl.FollowerInfo (FollowerInfo.java:lambda$new$0(51)) - fbe234eb-236c-4e93-9bcf-aa21ab9b5fff@group-0D0FE8FB5DF5->7d2a40c8-d27f-493d-a958-c7cf8432838d: nextIndex: updateUnconditionally 0 -> 0
2019-11-13 20:17:45,957 [grpc-default-executor-2] INFO  impl.FollowerInfo (FollowerInfo.java:lambda$new$0(51)) - 836dac64-dd9f-4309-a076-e086947645e1@group-6D7DD4B8F7C5->d075120a-ef0f-46a0-9778-bb6f9a0780d0: nextIndex: updateUnconditionally 0 -> 0
2019-11-13 20:17:46,457 [grpc-default-executor-1] WARN  server.GrpcLogAppender (LogUtils.java:warn(134)) - fbe234eb-236c-4e93-9bcf-aa21ab9b5fff@group-0D0FE8FB5DF5->7d2a40c8-d27f-493d-a958-c7cf8432838d-AppendLogResponseHandler: Failed appendEntries: org.apache.ratis.thirdparty.io.grpc.StatusRuntimeException: UNAVAILABLE: io exception
2019-11-13 20:17:46,457 [grpc-default-executor-5] WARN  server.GrpcLogAppender (LogUtils.java:warn(134)) - 836dac64-dd9f-4309-a076-e086947645e1@group-6D7DD4B8F7C5->d075120a-ef0f-46a0-9778-bb6f9a0780d0-AppendLogResponseHandler: Failed appendEntries: org.apache.ratis.thirdparty.io.grpc.StatusRuntimeException: UNAVAILABLE: io exception
2019-11-13 20:17:46,458 [grpc-default-executor-1] INFO  impl.FollowerInfo (FollowerInfo.java:lambda$new$0(51)) - fbe234eb-236c-4e93-9bcf-aa21ab9b5fff@group-0D0FE8FB5DF5->7d2a40c8-d27f-493d-a958-c7cf8432838d: nextIndex: updateUnconditionally 0 -> 0
2019-11-13 20:17:46,458 [grpc-default-executor-5] INFO  impl.FollowerInfo (FollowerInfo.java:lambda$new$0(51)) - 836dac64-dd9f-4309-a076-e086947645e1@group-6D7DD4B8F7C5->d075120a-ef0f-46a0-9778-bb6f9a0780d0: nextIndex: updateUnconditionally 0 -> 0
2019-11-13 20:17:46,959 [grpc-default-executor-2] WARN  server.GrpcLogAppender (LogUtils.java:warn(134)) - fbe234eb-236c-4e93-9bcf-aa21ab9b5fff@group-0D0FE8FB5DF5->7d2a40c8-d27f-493d-a958-c7cf8432838d-AppendLogResponseHandler: Failed appendEntries: org.apache.ratis.thirdparty.io.grpc.StatusRuntimeException: UNAVAILABLE: io exception
2019-11-13 20:17:46,959 [grpc-default-executor-1] WARN  server.GrpcLogAppender (LogUtils.java:warn(134)) - 836dac64-dd9f-4309-a076-e086947645e1@group-6D7DD4B8F7C5->d075120a-ef0f-46a0-9778-bb6f9a0780d0-AppendLogResponseHandler: Failed appendEntries: org.apache.ratis.thirdparty.io.grpc.StatusRuntimeException: UNAVAILABLE: io exception
2019-11-13 20:17:46,960 [grpc-default-executor-2] INFO  impl.FollowerInfo (FollowerInfo.java:lambda$new$0(51)) - fbe234eb-236c-4e93-9bcf-aa21ab9b5fff@group-0D0FE8FB5DF5->7d2a40c8-d27f-493d-a958-c7cf8432838d: nextIndex: updateUnconditionally 0 -> 0
2019-11-13 20:17:46,960 [grpc-default-executor-1] INFO  impl.FollowerInfo (FollowerInfo.java:lambda$new$0(51)) - 836dac64-dd9f-4309-a076-e086947645e1@group-6D7DD4B8F7C5->d075120a-ef0f-46a0-9778-bb6f9a0780d0: nextIndex: updateUnconditionally 0 -> 0
2019-11-13 20:17:47,460 [grpc-default-executor-2] WARN  server.GrpcLogAppender (LogUtils.java:warn(134)) - fbe234eb-236c-4e93-9bcf-aa21ab9b5fff@group-0D0FE8FB5DF5->7d2a40c8-d27f-493d-a958-c7cf8432838d-AppendLogResponseHandler: Failed appendEntries: org.apache.ratis.thirdparty.io.grpc.StatusRuntimeException: UNAVAILABLE: io exception
2019-11-13 20:17:47,460 [grpc-default-executor-1] WARN  server.GrpcLogAppender (LogUtils.java:warn(134)) - 836dac64-dd9f-4309-a076-e086947645e1@group-6D7DD4B8F7C5->d075120a-ef0f-46a0-9778-bb6f9a0780d0-AppendLogResponseHandler: Failed appendEntries: org.apache.ratis.thirdparty.io.grpc.StatusRuntimeException: UNAVAILABLE: io exception
2019-11-13 20:17:47,460 [grpc-default-executor-2] INFO  impl.FollowerInfo (FollowerInfo.java:lambda$new$0(51)) - fbe234eb-236c-4e93-9bcf-aa21ab9b5fff@group-0D0FE8FB5DF5->7d2a40c8-d27f-493d-a958-c7cf8432838d: nextIndex: updateUnconditionally 0 -> 0
2019-11-13 20:17:47,461 [grpc-default-executor-1] INFO  impl.FollowerInfo (FollowerInfo.java:lambda$new$0(51)) - 836dac64-dd9f-4309-a076-e086947645e1@group-6D7DD4B8F7C5->d075120a-ef0f-46a0-9778-bb6f9a0780d0: nextIndex: updateUnconditionally 0 -> 0
2019-11-13 20:17:47,966 [grpc-default-executor-1] WARN  server.GrpcLogAppender (LogUtils.java:warn(134)) - fbe234eb-236c-4e93-9bcf-aa21ab9b5fff@group-0D0FE8FB5DF5->7d2a40c8-d27f-493d-a958-c7cf8432838d-AppendLogResponseHandler: Failed appendEntries: org.apache.ratis.thirdparty.io.grpc.StatusRuntimeException: UNAVAILABLE: io exception
2019-11-13 20:17:47,966 [grpc-default-executor-4] WARN  server.GrpcLogAppender (LogUtils.java:warn(134)) - 836dac64-dd9f-4309-a076-e086947645e1@group-6D7DD4B8F7C5->d075120a-ef0f-46a0-9778-bb6f9a0780d0-AppendLogResponseHandler: Failed appendEntries: org.apache.ratis.thirdparty.io.grpc.StatusRuntimeException: UNAVAILABLE: io exception
2019-11-13 20:17:47,968 [grpc-default-executor-1] INFO  impl.FollowerInfo (FollowerInfo.java:lambda$new$0(51)) - fbe234eb-236c-4e93-9bcf-aa21ab9b5fff@group-0D0FE8FB5DF5->7d2a40c8-d27f-493d-a958-c7cf8432838d: nextIndex: updateUnconditionally 0 -> 0
2019-11-13 20:17:47,968 [grpc-default-executor-4] INFO  impl.FollowerInfo (FollowerInfo.java:lambda$new$0(51)) - 836dac64-dd9f-4309-a076-e086947645e1@group-6D7DD4B8F7C5->d075120a-ef0f-46a0-9778-bb6f9a0780d0: nextIndex: updateUnconditionally 0 -> 0
2019-11-13 20:17:48,467 [grpc-default-executor-5] WARN  server.GrpcLogAppender (LogUtils.java:warn(134)) - fbe234eb-236c-4e93-9bcf-aa21ab9b5fff@group-0D0FE8FB5DF5->7d2a40c8-d27f-493d-a958-c7cf8432838d-AppendLogResponseHandler: Failed appendEntries: org.apache.ratis.thirdparty.io.grpc.StatusRuntimeException: UNAVAILABLE: io exception
2019-11-13 20:17:48,467 [grpc-default-executor-0] WARN  server.GrpcLogAppender (LogUtils.java:warn(134)) - 836dac64-dd9f-4309-a076-e086947645e1@group-6D7DD4B8F7C5->d075120a-ef0f-46a0-9778-bb6f9a0780d0-AppendLogResponseHandler: Failed appendEntries: org.apache.ratis.thirdparty.io.grpc.StatusRuntimeException: UNAVAILABLE: io exception
2019-11-13 20:17:48,468 [grpc-default-executor-5] INFO  impl.FollowerInfo (FollowerInfo.java:lambda$new$0(51)) - fbe234eb-236c-4e93-9bcf-aa21ab9b5fff@group-0D0FE8FB5DF5->7d2a40c8-d27f-493d-a958-c7cf8432838d: nextIndex: updateUnconditionally 0 -> 0
2019-11-13 20:17:48,468 [grpc-default-executor-0] INFO  impl.FollowerInfo (FollowerInfo.java:lambda$new$0(51)) - 836dac64-dd9f-4309-a076-e086947645e1@group-6D7DD4B8F7C5->d075120a-ef0f-46a0-9778-bb6f9a0780d0: nextIndex: updateUnconditionally 0 -> 0
2019-11-13 20:17:48,968 [grpc-default-executor-3] WARN  server.GrpcLogAppender (LogUtils.java:warn(134)) - fbe234eb-236c-4e93-9bcf-aa21ab9b5fff@group-0D0FE8FB5DF5->7d2a40c8-d27f-493d-a958-c7cf8432838d-AppendLogResponseHandler: Failed appendEntries: org.apache.ratis.thirdparty.io.grpc.StatusRuntimeException: UNAVAILABLE: io exception
2019-11-13 20:17:48,968 [grpc-default-executor-1] WARN  server.GrpcLogAppender (LogUtils.java:warn(134)) - 836dac64-dd9f-4309-a076-e086947645e1@group-6D7DD4B8F7C5->d075120a-ef0f-46a0-9778-bb6f9a0780d0-AppendLogResponseHandler: Failed appendEntries: org.apache.ratis.thirdparty.io.grpc.StatusRuntimeException: UNAVAILABLE: io exception
2019-11-13 20:17:48,968 [grpc-default-executor-1] INFO  impl.FollowerInfo (FollowerInfo.java:lambda$new$0(51)) - 836dac64-dd9f-4309-a076-e086947645e1@group-6D7DD4B8F7C5->d075120a-ef0f-46a0-9778-bb6f9a0780d0: nextIndex: updateUnconditionally 0 -> 0
2019-11-13 20:17:48,968 [grpc-default-executor-3] INFO  impl.FollowerInfo (FollowerInfo.java:lambda$new$0(51)) - fbe234eb-236c-4e93-9bcf-aa21ab9b5fff@group-0D0FE8FB5DF5->7d2a40c8-d27f-493d-a958-c7cf8432838d: nextIndex: updateUnconditionally 0 -> 0
2019-11-13 20:17:49,470 [grpc-default-executor-3] WARN  server.GrpcLogAppender (LogUtils.java:warn(134)) - 836dac64-dd9f-4309-a076-e086947645e1@group-6D7DD4B8F7C5->d075120a-ef0f-46a0-9778-bb6f9a0780d0-AppendLogResponseHandler: Failed appendEntries: org.apache.ratis.thirdparty.io.grpc.StatusRuntimeException: UNAVAILABLE: io exception
2019-11-13 20:17:49,471 [grpc-default-executor-0] WARN  server.GrpcLogAppender (LogUtils.java:warn(134)) - fbe234eb-236c-4e93-9bcf-aa21ab9b5fff@group-0D0FE8FB5DF5->7d2a40c8-d27f-493d-a958-c7cf8432838d-AppendLogResponseHandler: Failed appendEntries: org.apache.ratis.thirdparty.io.grpc.StatusRuntimeException: UNAVAILABLE: io exception
2019-11-13 20:17:49,471 [grpc-default-executor-3] INFO  impl.FollowerInfo (FollowerInfo.java:lambda$new$0(51)) - 836dac64-dd9f-4309-a076-e086947645e1@group-6D7DD4B8F7C5->d075120a-ef0f-46a0-9778-bb6f9a0780d0: nextIndex: updateUnconditionally 0 -> 0
2019-11-13 20:17:49,471 [grpc-default-executor-0] INFO  impl.FollowerInfo (FollowerInfo.java:lambda$new$0(51)) - fbe234eb-236c-4e93-9bcf-aa21ab9b5fff@group-0D0FE8FB5DF5->7d2a40c8-d27f-493d-a958-c7cf8432838d: nextIndex: updateUnconditionally 0 -> 0
2019-11-13 20:17:49,592 [main] INFO  ozoneimpl.OzoneContainer (OzoneContainer.java:stop(244)) - Attempting to stop container services.
2019-11-13 20:17:49,592 [ForkJoinPool.commonPool-worker-1] INFO  ozoneimpl.OzoneContainer (OzoneContainer.java:stop(244)) - Attempting to stop container services.
2019-11-13 20:17:49,593 [main] INFO  impl.RaftServerProxy (RaftServerProxy.java:lambda$close$4(314)) - fbe234eb-236c-4e93-9bcf-aa21ab9b5fff: close
2019-11-13 20:17:49,594 [ForkJoinPool.commonPool-worker-1] INFO  impl.RaftServerProxy (RaftServerProxy.java:lambda$close$4(314)) - 227642ba-0415-4d98-a6b8-20167e8a399a: close
2019-11-13 20:17:49,594 [ForkJoinPool.commonPool-worker-1] INFO  impl.RaftServerImpl (RaftServerImpl.java:lambda$shutdown$3(250)) - 227642ba-0415-4d98-a6b8-20167e8a399a@group-870C1DC394D3: shutdown
2019-11-13 20:17:49,594 [main] INFO  impl.RaftServerImpl (RaftServerImpl.java:lambda$shutdown$3(250)) - fbe234eb-236c-4e93-9bcf-aa21ab9b5fff@group-7F08432BA206: shutdown
2019-11-13 20:17:49,595 [ForkJoinPool.commonPool-worker-1] INFO  util.JmxRegister (JmxRegister.java:unregister(73)) - Successfully un-registered JMX Bean with object name Ratis:service=RaftServer,group=group-870C1DC394D3,id=227642ba-0415-4d98-a6b8-20167e8a399a
2019-11-13 20:17:49,595 [main] INFO  util.JmxRegister (JmxRegister.java:unregister(73)) - Successfully un-registered JMX Bean with object name Ratis:service=RaftServer,group=group-7F08432BA206,id=fbe234eb-236c-4e93-9bcf-aa21ab9b5fff
2019-11-13 20:17:49,595 [ForkJoinPool.commonPool-worker-1] INFO  impl.RoleInfo (RoleInfo.java:shutdownLeaderState(104)) - 227642ba-0415-4d98-a6b8-20167e8a399a: shutdown LeaderState
2019-11-13 20:17:49,595 [main] INFO  impl.RoleInfo (RoleInfo.java:shutdownLeaderState(104)) - fbe234eb-236c-4e93-9bcf-aa21ab9b5fff: shutdown LeaderState
2019-11-13 20:17:49,596 [ForkJoinPool.commonPool-worker-1] INFO  impl.PendingRequests (PendingRequests.java:sendNotLeaderResponses(206)) - 227642ba-0415-4d98-a6b8-20167e8a399a@group-870C1DC394D3-PendingRequests: sendNotLeaderResponses
2019-11-13 20:17:49,596 [main] INFO  impl.PendingRequests (PendingRequests.java:sendNotLeaderResponses(206)) - fbe234eb-236c-4e93-9bcf-aa21ab9b5fff@group-7F08432BA206-PendingRequests: sendNotLeaderResponses
2019-11-13 20:17:49,596 [main] INFO  impl.StateMachineUpdater (StateMachineUpdater.java:stopAndJoin(136)) - fbe234eb-236c-4e93-9bcf-aa21ab9b5fff@group-7F08432BA206-StateMachineUpdater: set stopIndex = 0
2019-11-13 20:17:49,596 [ForkJoinPool.commonPool-worker-1] INFO  impl.StateMachineUpdater (StateMachineUpdater.java:stopAndJoin(136)) - 227642ba-0415-4d98-a6b8-20167e8a399a@group-870C1DC394D3-StateMachineUpdater: set stopIndex = 0
2019-11-13 20:17:49,597 [main] INFO  impl.RaftServerImpl (ServerState.java:close(387)) - fbe234eb-236c-4e93-9bcf-aa21ab9b5fff@group-7F08432BA206: closes. applyIndex: 0
2019-11-13 20:17:49,597 [ForkJoinPool.commonPool-worker-1] INFO  impl.RaftServerImpl (ServerState.java:close(387)) - 227642ba-0415-4d98-a6b8-20167e8a399a@group-870C1DC394D3: closes. applyIndex: 0
2019-11-13 20:17:49,598 [227642ba-0415-4d98-a6b8-20167e8a399a@group-870C1DC394D3-SegmentedRaftLogWorker] INFO  segmented.SegmentedRaftLogWorker (SegmentedRaftLogWorker.java:run(316)) - 227642ba-0415-4d98-a6b8-20167e8a399a@group-870C1DC394D3-SegmentedRaftLogWorker was interrupted, exiting. There are 0 tasks remaining in the queue.
2019-11-13 20:17:49,598 [fbe234eb-236c-4e93-9bcf-aa21ab9b5fff@group-7F08432BA206-SegmentedRaftLogWorker] INFO  segmented.SegmentedRaftLogWorker (SegmentedRaftLogWorker.java:run(316)) - fbe234eb-236c-4e93-9bcf-aa21ab9b5fff@group-7F08432BA206-SegmentedRaftLogWorker was interrupted, exiting. There are 0 tasks remaining in the queue.
2019-11-13 20:17:49,605 [ForkJoinPool.commonPool-worker-1] INFO  segmented.SegmentedRaftLogWorker (SegmentedRaftLogWorker.java:close(224)) - 227642ba-0415-4d98-a6b8-20167e8a399a@group-870C1DC394D3-SegmentedRaftLogWorker close()
2019-11-13 20:17:49,605 [main] INFO  segmented.SegmentedRaftLogWorker (SegmentedRaftLogWorker.java:close(224)) - fbe234eb-236c-4e93-9bcf-aa21ab9b5fff@group-7F08432BA206-SegmentedRaftLogWorker close()
2019-11-13 20:17:49,606 [ForkJoinPool.commonPool-worker-1] INFO  impl.RaftServerImpl (RaftServerImpl.java:lambda$shutdown$3(250)) - 227642ba-0415-4d98-a6b8-20167e8a399a@group-6D7DD4B8F7C5: shutdown
2019-11-13 20:17:49,607 [main] INFO  impl.RaftServerImpl (RaftServerImpl.java:lambda$shutdown$3(250)) - fbe234eb-236c-4e93-9bcf-aa21ab9b5fff@group-0D0FE8FB5DF5: shutdown
2019-11-13 20:17:49,607 [ForkJoinPool.commonPool-worker-1] INFO  util.JmxRegister (JmxRegister.java:unregister(73)) - Successfully un-registered JMX Bean with object name Ratis:service=RaftServer,group=group-6D7DD4B8F7C5,id=227642ba-0415-4d98-a6b8-20167e8a399a
2019-11-13 20:17:49,608 [ForkJoinPool.commonPool-worker-1] INFO  impl.RoleInfo (RoleInfo.java:shutdownFollowerState(121)) - 227642ba-0415-4d98-a6b8-20167e8a399a: shutdown FollowerState
2019-11-13 20:17:49,608 [main] INFO  util.JmxRegister (JmxRegister.java:unregister(73)) - Successfully un-registered JMX Bean with object name Ratis:service=RaftServer,group=group-0D0FE8FB5DF5,id=fbe234eb-236c-4e93-9bcf-aa21ab9b5fff
2019-11-13 20:17:49,608 [Thread-1627] INFO  impl.FollowerState (FollowerState.java:run(120)) - 227642ba-0415-4d98-a6b8-20167e8a399a@group-6D7DD4B8F7C5-FollowerState was interrupted: java.lang.InterruptedException: sleep interrupted
2019-11-13 20:17:49,608 [ForkJoinPool.commonPool-worker-1] INFO  impl.StateMachineUpdater (StateMachineUpdater.java:stopAndJoin(136)) - 227642ba-0415-4d98-a6b8-20167e8a399a@group-6D7DD4B8F7C5-StateMachineUpdater: set stopIndex = 2
2019-11-13 20:17:49,608 [main] INFO  impl.RoleInfo (RoleInfo.java:shutdownLeaderState(104)) - fbe234eb-236c-4e93-9bcf-aa21ab9b5fff: shutdown LeaderState
2019-11-13 20:17:49,609 [ForkJoinPool.commonPool-worker-1] INFO  impl.RaftServerImpl (ServerState.java:close(387)) - 227642ba-0415-4d98-a6b8-20167e8a399a@group-6D7DD4B8F7C5: closes. applyIndex: 2
2019-11-13 20:17:49,609 [org.apache.ratis.server.impl.LogAppender$AppenderDaemon$$Lambda$415/455279792@78fe6fda] WARN  server.GrpcLogAppender (GrpcLogAppender.java:mayWait(151)) - fbe234eb-236c-4e93-9bcf-aa21ab9b5fff@group-0D0FE8FB5DF5->845221a7-8c03-4ab3-a7ad-b09d998a1b3e-GrpcLogAppender: Wait interrupted by java.lang.InterruptedException
2019-11-13 20:17:49,609 [main] INFO  impl.PendingRequests (PendingRequests.java:sendNotLeaderResponses(206)) - fbe234eb-236c-4e93-9bcf-aa21ab9b5fff@group-0D0FE8FB5DF5-PendingRequests: sendNotLeaderResponses
2019-11-13 20:17:49,609 [org.apache.ratis.server.impl.LogAppender$AppenderDaemon$$Lambda$415/455279792@3dfcfea1] WARN  server.GrpcLogAppender (GrpcLogAppender.java:mayWait(151)) - fbe234eb-236c-4e93-9bcf-aa21ab9b5fff@group-0D0FE8FB5DF5->7d2a40c8-d27f-493d-a958-c7cf8432838d-GrpcLogAppender: Wait interrupted by java.lang.InterruptedException
2019-11-13 20:17:49,610 [main] INFO  impl.StateMachineUpdater (StateMachineUpdater.java:stopAndJoin(136)) - fbe234eb-236c-4e93-9bcf-aa21ab9b5fff@group-0D0FE8FB5DF5-StateMachineUpdater: set stopIndex = 0
2019-11-13 20:17:49,611 [main] INFO  impl.RaftServerImpl (ServerState.java:close(387)) - fbe234eb-236c-4e93-9bcf-aa21ab9b5fff@group-0D0FE8FB5DF5: closes. applyIndex: 0
2019-11-13 20:17:49,610 [227642ba-0415-4d98-a6b8-20167e8a399a@group-6D7DD4B8F7C5-SegmentedRaftLogWorker] INFO  segmented.SegmentedRaftLogWorker (SegmentedRaftLogWorker.java:run(316)) - 227642ba-0415-4d98-a6b8-20167e8a399a@group-6D7DD4B8F7C5-SegmentedRaftLogWorker was interrupted, exiting. There are 0 tasks remaining in the queue.
2019-11-13 20:17:49,611 [grpc-default-executor-0] INFO  server.GrpcServerProtocolService (GrpcServerProtocolService.java:onCompleted(113)) - 845221a7-8c03-4ab3-a7ad-b09d998a1b3e: Completed APPEND_ENTRIES, lastRequest: fbe234eb-236c-4e93-9bcf-aa21ab9b5fff->845221a7-8c03-4ab3-a7ad-b09d998a1b3e#40-t1, previous=(t:1, i:0), leaderCommit=0, initializing? false, entries: <empty>
2019-11-13 20:17:49,611 [fbe234eb-236c-4e93-9bcf-aa21ab9b5fff@group-0D0FE8FB5DF5-SegmentedRaftLogWorker] INFO  segmented.SegmentedRaftLogWorker (SegmentedRaftLogWorker.java:run(316)) - fbe234eb-236c-4e93-9bcf-aa21ab9b5fff@group-0D0FE8FB5DF5-SegmentedRaftLogWorker was interrupted, exiting. There are 0 tasks remaining in the queue.
2019-11-13 20:17:49,611 [ForkJoinPool.commonPool-worker-1] INFO  segmented.SegmentedRaftLogWorker (SegmentedRaftLogWorker.java:close(224)) - 227642ba-0415-4d98-a6b8-20167e8a399a@group-6D7DD4B8F7C5-SegmentedRaftLogWorker close()
2019-11-13 20:17:49,613 [ForkJoinPool.commonPool-worker-1] INFO  server.GrpcService (GrpcService.java:closeImpl(164)) - 227642ba-0415-4d98-a6b8-20167e8a399a: shutdown server with port 40637 now
2019-11-13 20:17:49,613 [grpc-default-executor-0] INFO  server.GrpcLogAppender (GrpcLogAppender.java:onCompleted(308)) - fbe234eb-236c-4e93-9bcf-aa21ab9b5fff@group-0D0FE8FB5DF5->845221a7-8c03-4ab3-a7ad-b09d998a1b3e-AppendLogResponseHandler: follower responses appendEntries COMPLETED
2019-11-13 20:17:49,614 [grpc-default-executor-1] WARN  server.GrpcServerProtocolService (LogUtils.java:warn(134)) - 227642ba-0415-4d98-a6b8-20167e8a399a: installSnapshot onError, lastRequest: 836dac64-dd9f-4309-a076-e086947645e1->227642ba-0415-4d98-a6b8-20167e8a399a#29-t2, previous=(t:2, i:2), leaderCommit=2, initializing? false, entries: <empty>: org.apache.ratis.thirdparty.io.grpc.StatusRuntimeException: CANCELLED: cancelled before receiving half close
2019-11-13 20:17:49,614 [ForkJoinPool.commonPool-worker-1] INFO  server.GrpcService (GrpcService.java:closeImpl(172)) - 227642ba-0415-4d98-a6b8-20167e8a399a: shutdown server with port 40637 successfully
2019-11-13 20:17:49,614 [grpc-default-executor-3] WARN  server.GrpcLogAppender (LogUtils.java:warn(134)) - 836dac64-dd9f-4309-a076-e086947645e1@group-6D7DD4B8F7C5->227642ba-0415-4d98-a6b8-20167e8a399a-AppendLogResponseHandler: Failed appendEntries: org.apache.ratis.thirdparty.io.grpc.StatusRuntimeException: CANCELLED: HTTP/2 error code: CANCEL
Received Rst Stream
2019-11-13 20:17:49,614 [grpc-default-executor-0] INFO  impl.FollowerInfo (FollowerInfo.java:lambda$new$0(51)) - fbe234eb-236c-4e93-9bcf-aa21ab9b5fff@group-0D0FE8FB5DF5->845221a7-8c03-4ab3-a7ad-b09d998a1b3e: nextIndex: updateUnconditionally 1 -> 0
2019-11-13 20:17:49,615 [grpc-default-executor-3] INFO  impl.FollowerInfo (FollowerInfo.java:lambda$new$0(51)) - 836dac64-dd9f-4309-a076-e086947645e1@group-6D7DD4B8F7C5->227642ba-0415-4d98-a6b8-20167e8a399a: nextIndex: updateUnconditionally 3 -> 2
2019-11-13 20:17:49,616 [main] INFO  segmented.SegmentedRaftLogWorker (SegmentedRaftLogWorker.java:close(224)) - fbe234eb-236c-4e93-9bcf-aa21ab9b5fff@group-0D0FE8FB5DF5-SegmentedRaftLogWorker close()
2019-11-13 20:17:49,617 [main] INFO  server.GrpcService (GrpcService.java:closeImpl(164)) - fbe234eb-236c-4e93-9bcf-aa21ab9b5fff: shutdown server with port 41921 now
2019-11-13 20:17:49,617 [refreshUsed-/workdir/hadoop-ozone/integration-test/target/test-dir/MiniOzoneClusterImpl-e03c2511-109e-4d60-a68c-0151beb67872/datanode-0/data/containers] WARN  fs.CachingGetSpaceUsed (CachingGetSpaceUsed.java:run(183)) - Thread Interrupted waiting to refresh disk information: sleep interrupted
2019-11-13 20:17:49,618 [main] INFO  server.GrpcService (GrpcService.java:closeImpl(172)) - fbe234eb-236c-4e93-9bcf-aa21ab9b5fff: shutdown server with port 41921 successfully
2019-11-13 20:17:49,621 [refreshUsed-/workdir/hadoop-ozone/integration-test/target/test-dir/MiniOzoneClusterImpl-e03c2511-109e-4d60-a68c-0151beb67872/datanode-9/data/containers] WARN  fs.CachingGetSpaceUsed (CachingGetSpaceUsed.java:run(183)) - Thread Interrupted waiting to refresh disk information: sleep interrupted
2019-11-13 20:17:49,642 [ForkJoinPool.commonPool-worker-1] INFO  utils.BackgroundService (BackgroundService.java:shutdown(151)) - Shutting down service BlockDeletingService
2019-11-13 20:17:49,642 [main] INFO  utils.BackgroundService (BackgroundService.java:shutdown(151)) - Shutting down service BlockDeletingService
2019-11-13 20:17:49,645 [ForkJoinPool.commonPool-worker-1] INFO  statemachine.DatanodeStateMachine (DatanodeStateMachine.java:stopDaemon(395)) - Ozone container server stopped.
2019-11-13 20:17:49,649 [main] INFO  statemachine.DatanodeStateMachine (DatanodeStateMachine.java:stopDaemon(395)) - Ozone container server stopped.
2019-11-13 20:17:49,651 [ForkJoinPool.commonPool-worker-1] INFO  handler.ContextHandler (ContextHandler.java:doStop(910)) - Stopped o.e.j.w.WebAppContext@2db1b657{/,null,UNAVAILABLE}{/hddsDatanode}
2019-11-13 20:17:49,651 [main] INFO  handler.ContextHandler (ContextHandler.java:doStop(910)) - Stopped o.e.j.w.WebAppContext@1cf336fd{/,null,UNAVAILABLE}{/hddsDatanode}
2019-11-13 20:17:49,652 [ForkJoinPool.commonPool-worker-1] INFO  server.AbstractConnector (AbstractConnector.java:doStop(318)) - Stopped ServerConnector@7e351d7{HTTP/1.1,[http/1.1]}{0.0.0.0:0}
2019-11-13 20:17:49,652 [main] INFO  server.AbstractConnector (AbstractConnector.java:doStop(318)) - Stopped ServerConnector@1d0cac30{HTTP/1.1,[http/1.1]}{0.0.0.0:0}
2019-11-13 20:17:49,653 [ForkJoinPool.commonPool-worker-1] INFO  handler.ContextHandler (ContextHandler.java:doStop(910)) - Stopped o.e.j.s.ServletContextHandler@7a3b7122{/static,jar:file:/home/user/.m2/repository/org/apache/hadoop/hadoop-hdds-container-service/0.5.0-SNAPSHOT/hadoop-hdds-container-service-0.5.0-SNAPSHOT.jar!/webapps/static,UNAVAILABLE}
2019-11-13 20:17:49,653 [main] INFO  handler.ContextHandler (ContextHandler.java:doStop(910)) - Stopped o.e.j.s.ServletContextHandler@3290b1a6{/static,jar:file:/home/user/.m2/repository/org/apache/hadoop/hadoop-hdds-container-service/0.5.0-SNAPSHOT/hadoop-hdds-container-service-0.5.0-SNAPSHOT.jar!/webapps/static,UNAVAILABLE}
2019-11-13 20:17:49,653 [ForkJoinPool.commonPool-worker-1] INFO  handler.ContextHandler (ContextHandler.java:doStop(910)) - Stopped o.e.j.s.ServletContextHandler@49469ffa{/logs,file:///workdir/hadoop-ozone/integration-test/target/log,UNAVAILABLE}
2019-11-13 20:17:49,653 [main] INFO  handler.ContextHandler (ContextHandler.java:doStop(910)) - Stopped o.e.j.s.ServletContextHandler@60ed12e8{/logs,file:///workdir/hadoop-ozone/integration-test/target/log,UNAVAILABLE}
2019-11-13 20:17:49,859 [Datanode State Machine Thread - 0] INFO  statemachine.DatanodeStateMachine (DatanodeStateMachine.java:lambda$startDaemon$0(350)) - Ozone container server started.
2019-11-13 20:17:49,970 [grpc-default-executor-1] WARN  server.GrpcLogAppender (LogUtils.java:warn(134)) - 836dac64-dd9f-4309-a076-e086947645e1@group-6D7DD4B8F7C5->d075120a-ef0f-46a0-9778-bb6f9a0780d0-AppendLogResponseHandler: Failed appendEntries: org.apache.ratis.thirdparty.io.grpc.StatusRuntimeException: UNAVAILABLE: io exception
2019-11-13 20:17:49,971 [grpc-default-executor-1] INFO  impl.FollowerInfo (FollowerInfo.java:lambda$new$0(51)) - 836dac64-dd9f-4309-a076-e086947645e1@group-6D7DD4B8F7C5->d075120a-ef0f-46a0-9778-bb6f9a0780d0: nextIndex: updateUnconditionally 0 -> 0
2019-11-13 20:17:49,994 [grpc-default-executor-0] WARN  server.GrpcLogAppender (LogUtils.java:warn(134)) - 836dac64-dd9f-4309-a076-e086947645e1@group-6D7DD4B8F7C5->227642ba-0415-4d98-a6b8-20167e8a399a-AppendLogResponseHandler: Failed appendEntries: org.apache.ratis.thirdparty.io.grpc.StatusRuntimeException: UNAVAILABLE: io exception
2019-11-13 20:17:49,994 [grpc-default-executor-0] INFO  impl.FollowerInfo (FollowerInfo.java:lambda$new$0(51)) - 836dac64-dd9f-4309-a076-e086947645e1@group-6D7DD4B8F7C5->227642ba-0415-4d98-a6b8-20167e8a399a: nextIndex: updateUnconditionally 2 -> 1
2019-11-13 20:17:50,425 [Datanode State Machine Thread - 0] INFO  statemachine.DatanodeStateMachine (DatanodeStateMachine.java:lambda$startDaemon$0(350)) - Ozone container server started.
2019-11-13 20:17:50,471 [grpc-default-executor-1] WARN  server.GrpcLogAppender (LogUtils.java:warn(134)) - 836dac64-dd9f-4309-a076-e086947645e1@group-6D7DD4B8F7C5->d075120a-ef0f-46a0-9778-bb6f9a0780d0-AppendLogResponseHandler: Failed appendEntries: org.apache.ratis.thirdparty.io.grpc.StatusRuntimeException: UNAVAILABLE: io exception
2019-11-13 20:17:50,472 [grpc-default-executor-1] INFO  impl.FollowerInfo (FollowerInfo.java:lambda$new$0(51)) - 836dac64-dd9f-4309-a076-e086947645e1@group-6D7DD4B8F7C5->d075120a-ef0f-46a0-9778-bb6f9a0780d0: nextIndex: updateUnconditionally 0 -> 0
2019-11-13 20:17:50,494 [grpc-default-executor-0] WARN  server.GrpcLogAppender (LogUtils.java:warn(134)) - 836dac64-dd9f-4309-a076-e086947645e1@group-6D7DD4B8F7C5->227642ba-0415-4d98-a6b8-20167e8a399a-AppendLogResponseHandler: Failed appendEntries: org.apache.ratis.thirdparty.io.grpc.StatusRuntimeException: UNAVAILABLE: io exception
2019-11-13 20:17:50,495 [grpc-default-executor-0] INFO  impl.FollowerInfo (FollowerInfo.java:lambda$new$0(51)) - 836dac64-dd9f-4309-a076-e086947645e1@group-6D7DD4B8F7C5->227642ba-0415-4d98-a6b8-20167e8a399a: nextIndex: updateUnconditionally 1 -> 0
2019-11-13 20:17:50,804 [Thread-1507] INFO  impl.FollowerState (FollowerState.java:run(111)) - 845221a7-8c03-4ab3-a7ad-b09d998a1b3e@group-0D0FE8FB5DF5-FollowerState: change to CANDIDATE, lastRpcTime:1325ms, electionTimeout:1106ms
2019-11-13 20:17:50,804 [Thread-1507] INFO  impl.RoleInfo (RoleInfo.java:shutdownFollowerState(121)) - 845221a7-8c03-4ab3-a7ad-b09d998a1b3e: shutdown FollowerState
2019-11-13 20:17:50,804 [Thread-1507] INFO  impl.RaftServerImpl (RaftServerImpl.java:setRole(173)) - 845221a7-8c03-4ab3-a7ad-b09d998a1b3e@group-0D0FE8FB5DF5: changes role from  FOLLOWER to CANDIDATE at term 1 for changeToCandidate
2019-11-13 20:17:50,804 [Thread-1507] INFO  impl.RoleInfo (RoleInfo.java:updateAndGet(143)) - 845221a7-8c03-4ab3-a7ad-b09d998a1b3e: start LeaderElection
2019-11-13 20:17:50,805 [845221a7-8c03-4ab3-a7ad-b09d998a1b3e@group-0D0FE8FB5DF5-LeaderElection96] INFO  impl.RaftServerImpl (ServerState.java:setLeader(255)) - 845221a7-8c03-4ab3-a7ad-b09d998a1b3e@group-0D0FE8FB5DF5: change Leader from fbe234eb-236c-4e93-9bcf-aa21ab9b5fff to null at term 1 for initElection
2019-11-13 20:17:50,821 [845221a7-8c03-4ab3-a7ad-b09d998a1b3e@group-0D0FE8FB5DF5-LeaderElection96] INFO  impl.LeaderElection (LeaderElection.java:askForVotes(178)) - 845221a7-8c03-4ab3-a7ad-b09d998a1b3e@group-0D0FE8FB5DF5-LeaderElection96: begin an election at term 2 for 0: [845221a7-8c03-4ab3-a7ad-b09d998a1b3e:192.168.164.208:35661, 7d2a40c8-d27f-493d-a958-c7cf8432838d:192.168.164.208:33052, fbe234eb-236c-4e93-9bcf-aa21ab9b5fff:192.168.164.208:41921], old=null
2019-11-13 20:17:50,824 [845221a7-8c03-4ab3-a7ad-b09d998a1b3e@group-0D0FE8FB5DF5-LeaderElection96] INFO  impl.LeaderElection (LogUtils.java:infoOrTrace(149)) - 845221a7-8c03-4ab3-a7ad-b09d998a1b3e@group-0D0FE8FB5DF5-LeaderElection96 got exception when requesting votes: {}
java.util.concurrent.ExecutionException: org.apache.ratis.thirdparty.io.grpc.StatusRuntimeException: UNAVAILABLE: io exception
	at java.util.concurrent.FutureTask.report(FutureTask.java:122)
	at java.util.concurrent.FutureTask.get(FutureTask.java:192)
	at org.apache.ratis.server.impl.LeaderElection.waitForResults(LeaderElection.java:259)
	at org.apache.ratis.server.impl.LeaderElection.askForVotes(LeaderElection.java:197)
	at org.apache.ratis.server.impl.LeaderElection.run(LeaderElection.java:133)
	at java.lang.Thread.run(Thread.java:748)
Caused by: org.apache.ratis.thirdparty.io.grpc.StatusRuntimeException: UNAVAILABLE: io exception
	at org.apache.ratis.thirdparty.io.grpc.stub.ClientCalls.toStatusRuntimeException(ClientCalls.java:233)
	at org.apache.ratis.thirdparty.io.grpc.stub.ClientCalls.getUnchecked(ClientCalls.java:214)
	at org.apache.ratis.thirdparty.io.grpc.stub.ClientCalls.blockingUnaryCall(ClientCalls.java:139)
	at org.apache.ratis.proto.grpc.RaftServerProtocolServiceGrpc$RaftServerProtocolServiceBlockingStub.requestVote(RaftServerProtocolServiceGrpc.java:265)
	at org.apache.ratis.grpc.server.GrpcServerProtocolClient.requestVote(GrpcServerProtocolClient.java:99)
	at org.apache.ratis.grpc.server.GrpcService.requestVote(GrpcService.java:204)
	at org.apache.ratis.server.impl.LeaderElection.lambda$submitRequests$1(LeaderElection.java:234)
	at java.util.concurrent.FutureTask.run(FutureTask.java:266)
	at java.util.concurrent.Executors$RunnableAdapter.call(Executors.java:511)
	at java.util.concurrent.FutureTask.run(FutureTask.java:266)
	at java.util.concurrent.ThreadPoolExecutor.runWorker(ThreadPoolExecutor.java:1149)
	at java.util.concurrent.ThreadPoolExecutor$Worker.run(ThreadPoolExecutor.java:624)
	... 1 more
Caused by: org.apache.ratis.thirdparty.io.netty.channel.AbstractChannel$AnnotatedConnectException: Connection refused: /192.168.164.208:41921
	at sun.nio.ch.SocketChannelImpl.checkConnect(Native Method)
	at sun.nio.ch.SocketChannelImpl.finishConnect(SocketChannelImpl.java:717)
	at org.apache.ratis.thirdparty.io.netty.channel.socket.nio.NioSocketChannel.doFinishConnect(NioSocketChannel.java:327)
	at org.apache.ratis.thirdparty.io.netty.channel.nio.AbstractNioChannel$AbstractNioUnsafe.finishConnect(AbstractNioChannel.java:340)
	at org.apache.ratis.thirdparty.io.netty.channel.nio.NioEventLoop.processSelectedKey(NioEventLoop.java:632)
	at org.apache.ratis.thirdparty.io.netty.channel.nio.NioEventLoop.processSelectedKeysOptimized(NioEventLoop.java:579)
	at org.apache.ratis.thirdparty.io.netty.channel.nio.NioEventLoop.processSelectedKeys(NioEventLoop.java:496)
	at org.apache.ratis.thirdparty.io.netty.channel.nio.NioEventLoop.run(NioEventLoop.java:458)
	at org.apache.ratis.thirdparty.io.netty.util.concurrent.SingleThreadEventExecutor$5.run(SingleThreadEventExecutor.java:897)
	at org.apache.ratis.thirdparty.io.netty.util.concurrent.FastThreadLocalRunnable.run(FastThreadLocalRunnable.java:30)
	... 1 more
Caused by: java.net.ConnectException: Connection refused
	... 11 more
2019-11-13 20:17:50,824 [845221a7-8c03-4ab3-a7ad-b09d998a1b3e@group-0D0FE8FB5DF5-LeaderElection96] INFO  impl.LeaderElection (LogUtils.java:infoOrTrace(149)) - 845221a7-8c03-4ab3-a7ad-b09d998a1b3e@group-0D0FE8FB5DF5-LeaderElection96 got exception when requesting votes: {}
java.util.concurrent.ExecutionException: org.apache.ratis.thirdparty.io.grpc.StatusRuntimeException: UNAVAILABLE: io exception
	at java.util.concurrent.FutureTask.report(FutureTask.java:122)
	at java.util.concurrent.FutureTask.get(FutureTask.java:192)
	at org.apache.ratis.server.impl.LeaderElection.waitForResults(LeaderElection.java:259)
	at org.apache.ratis.server.impl.LeaderElection.askForVotes(LeaderElection.java:197)
	at org.apache.ratis.server.impl.LeaderElection.run(LeaderElection.java:133)
	at java.lang.Thread.run(Thread.java:748)
Caused by: org.apache.ratis.thirdparty.io.grpc.StatusRuntimeException: UNAVAILABLE: io exception
	at org.apache.ratis.thirdparty.io.grpc.stub.ClientCalls.toStatusRuntimeException(ClientCalls.java:233)
	at org.apache.ratis.thirdparty.io.grpc.stub.ClientCalls.getUnchecked(ClientCalls.java:214)
	at org.apache.ratis.thirdparty.io.grpc.stub.ClientCalls.blockingUnaryCall(ClientCalls.java:139)
	at org.apache.ratis.proto.grpc.RaftServerProtocolServiceGrpc$RaftServerProtocolServiceBlockingStub.requestVote(RaftServerProtocolServiceGrpc.java:265)
	at org.apache.ratis.grpc.server.GrpcServerProtocolClient.requestVote(GrpcServerProtocolClient.java:99)
	at org.apache.ratis.grpc.server.GrpcService.requestVote(GrpcService.java:204)
	at org.apache.ratis.server.impl.LeaderElection.lambda$submitRequests$1(LeaderElection.java:234)
	at java.util.concurrent.FutureTask.run(FutureTask.java:266)
	at java.util.concurrent.Executors$RunnableAdapter.call(Executors.java:511)
	at java.util.concurrent.FutureTask.run(FutureTask.java:266)
	at java.util.concurrent.ThreadPoolExecutor.runWorker(ThreadPoolExecutor.java:1149)
	at java.util.concurrent.ThreadPoolExecutor$Worker.run(ThreadPoolExecutor.java:624)
	... 1 more
Caused by: org.apache.ratis.thirdparty.io.netty.channel.AbstractChannel$AnnotatedConnectException: Connection refused: /192.168.164.208:33052
	at sun.nio.ch.SocketChannelImpl.checkConnect(Native Method)
	at sun.nio.ch.SocketChannelImpl.finishConnect(SocketChannelImpl.java:717)
	at org.apache.ratis.thirdparty.io.netty.channel.socket.nio.NioSocketChannel.doFinishConnect(NioSocketChannel.java:327)
	at org.apache.ratis.thirdparty.io.netty.channel.nio.AbstractNioChannel$AbstractNioUnsafe.finishConnect(AbstractNioChannel.java:340)
	at org.apache.ratis.thirdparty.io.netty.channel.nio.NioEventLoop.processSelectedKey(NioEventLoop.java:632)
	at org.apache.ratis.thirdparty.io.netty.channel.nio.NioEventLoop.processSelectedKeysOptimized(NioEventLoop.java:579)
	at org.apache.ratis.thirdparty.io.netty.channel.nio.NioEventLoop.processSelectedKeys(NioEventLoop.java:496)
	at org.apache.ratis.thirdparty.io.netty.channel.nio.NioEventLoop.run(NioEventLoop.java:458)
	at org.apache.ratis.thirdparty.io.netty.util.concurrent.SingleThreadEventExecutor$5.run(SingleThreadEventExecutor.java:897)
	at org.apache.ratis.thirdparty.io.netty.util.concurrent.FastThreadLocalRunnable.run(FastThreadLocalRunnable.java:30)
	... 1 more
Caused by: java.net.ConnectException: Connection refused
	... 11 more
2019-11-13 20:17:50,825 [845221a7-8c03-4ab3-a7ad-b09d998a1b3e@group-0D0FE8FB5DF5-LeaderElection96] INFO  impl.LeaderElection (LeaderElection.java:logAndReturn(56)) - 845221a7-8c03-4ab3-a7ad-b09d998a1b3e@group-0D0FE8FB5DF5-LeaderElection96: Election REJECTED; received 0 response(s) [] and 2 exception(s); 845221a7-8c03-4ab3-a7ad-b09d998a1b3e@group-0D0FE8FB5DF5:t2, leader=null, voted=845221a7-8c03-4ab3-a7ad-b09d998a1b3e, raftlog=845221a7-8c03-4ab3-a7ad-b09d998a1b3e@group-0D0FE8FB5DF5-SegmentedRaftLog:OPENED:c0,f0,i0, conf=0: [845221a7-8c03-4ab3-a7ad-b09d998a1b3e:192.168.164.208:35661, 7d2a40c8-d27f-493d-a958-c7cf8432838d:192.168.164.208:33052, fbe234eb-236c-4e93-9bcf-aa21ab9b5fff:192.168.164.208:41921], old=null
2019-11-13 20:17:50,825 [845221a7-8c03-4ab3-a7ad-b09d998a1b3e@group-0D0FE8FB5DF5-LeaderElection96] INFO  impl.LeaderElection (LogUtils.java:infoOrTrace(149)) -   Exception 0: {}
java.util.concurrent.ExecutionException: org.apache.ratis.thirdparty.io.grpc.StatusRuntimeException: UNAVAILABLE: io exception
	at java.util.concurrent.FutureTask.report(FutureTask.java:122)
	at java.util.concurrent.FutureTask.get(FutureTask.java:192)
	at org.apache.ratis.server.impl.LeaderElection.waitForResults(LeaderElection.java:259)
	at org.apache.ratis.server.impl.LeaderElection.askForVotes(LeaderElection.java:197)
	at org.apache.ratis.server.impl.LeaderElection.run(LeaderElection.java:133)
	at java.lang.Thread.run(Thread.java:748)
Caused by: org.apache.ratis.thirdparty.io.grpc.StatusRuntimeException: UNAVAILABLE: io exception
	at org.apache.ratis.thirdparty.io.grpc.stub.ClientCalls.toStatusRuntimeException(ClientCalls.java:233)
	at org.apache.ratis.thirdparty.io.grpc.stub.ClientCalls.getUnchecked(ClientCalls.java:214)
	at org.apache.ratis.thirdparty.io.grpc.stub.ClientCalls.blockingUnaryCall(ClientCalls.java:139)
	at org.apache.ratis.proto.grpc.RaftServerProtocolServiceGrpc$RaftServerProtocolServiceBlockingStub.requestVote(RaftServerProtocolServiceGrpc.java:265)
	at org.apache.ratis.grpc.server.GrpcServerProtocolClient.requestVote(GrpcServerProtocolClient.java:99)
	at org.apache.ratis.grpc.server.GrpcService.requestVote(GrpcService.java:204)
	at org.apache.ratis.server.impl.LeaderElection.lambda$submitRequests$1(LeaderElection.java:234)
	at java.util.concurrent.FutureTask.run(FutureTask.java:266)
	at java.util.concurrent.Executors$RunnableAdapter.call(Executors.java:511)
	at java.util.concurrent.FutureTask.run(FutureTask.java:266)
	at java.util.concurrent.ThreadPoolExecutor.runWorker(ThreadPoolExecutor.java:1149)
	at java.util.concurrent.ThreadPoolExecutor$Worker.run(ThreadPoolExecutor.java:624)
	... 1 more
Caused by: org.apache.ratis.thirdparty.io.netty.channel.AbstractChannel$AnnotatedConnectException: Connection refused: /192.168.164.208:41921
	at sun.nio.ch.SocketChannelImpl.checkConnect(Native Method)
	at sun.nio.ch.SocketChannelImpl.finishConnect(SocketChannelImpl.java:717)
	at org.apache.ratis.thirdparty.io.netty.channel.socket.nio.NioSocketChannel.doFinishConnect(NioSocketChannel.java:327)
	at org.apache.ratis.thirdparty.io.netty.channel.nio.AbstractNioChannel$AbstractNioUnsafe.finishConnect(AbstractNioChannel.java:340)
	at org.apache.ratis.thirdparty.io.netty.channel.nio.NioEventLoop.processSelectedKey(NioEventLoop.java:632)
	at org.apache.ratis.thirdparty.io.netty.channel.nio.NioEventLoop.processSelectedKeysOptimized(NioEventLoop.java:579)
	at org.apache.ratis.thirdparty.io.netty.channel.nio.NioEventLoop.processSelectedKeys(NioEventLoop.java:496)
	at org.apache.ratis.thirdparty.io.netty.channel.nio.NioEventLoop.run(NioEventLoop.java:458)
	at org.apache.ratis.thirdparty.io.netty.util.concurrent.SingleThreadEventExecutor$5.run(SingleThreadEventExecutor.java:897)
	at org.apache.ratis.thirdparty.io.netty.util.concurrent.FastThreadLocalRunnable.run(FastThreadLocalRunnable.java:30)
	... 1 more
Caused by: java.net.ConnectException: Connection refused
	... 11 more
2019-11-13 20:17:50,825 [845221a7-8c03-4ab3-a7ad-b09d998a1b3e@group-0D0FE8FB5DF5-LeaderElection96] INFO  impl.LeaderElection (LogUtils.java:infoOrTrace(149)) -   Exception 1: {}
java.util.concurrent.ExecutionException: org.apache.ratis.thirdparty.io.grpc.StatusRuntimeException: UNAVAILABLE: io exception
	at java.util.concurrent.FutureTask.report(FutureTask.java:122)
	at java.util.concurrent.FutureTask.get(FutureTask.java:192)
	at org.apache.ratis.server.impl.LeaderElection.waitForResults(LeaderElection.java:259)
	at org.apache.ratis.server.impl.LeaderElection.askForVotes(LeaderElection.java:197)
	at org.apache.ratis.server.impl.LeaderElection.run(LeaderElection.java:133)
	at java.lang.Thread.run(Thread.java:748)
Caused by: org.apache.ratis.thirdparty.io.grpc.StatusRuntimeException: UNAVAILABLE: io exception
	at org.apache.ratis.thirdparty.io.grpc.stub.ClientCalls.toStatusRuntimeException(ClientCalls.java:233)
	at org.apache.ratis.thirdparty.io.grpc.stub.ClientCalls.getUnchecked(ClientCalls.java:214)
	at org.apache.ratis.thirdparty.io.grpc.stub.ClientCalls.blockingUnaryCall(ClientCalls.java:139)
	at org.apache.ratis.proto.grpc.RaftServerProtocolServiceGrpc$RaftServerProtocolServiceBlockingStub.requestVote(RaftServerProtocolServiceGrpc.java:265)
	at org.apache.ratis.grpc.server.GrpcServerProtocolClient.requestVote(GrpcServerProtocolClient.java:99)
	at org.apache.ratis.grpc.server.GrpcService.requestVote(GrpcService.java:204)
	at org.apache.ratis.server.impl.LeaderElection.lambda$submitRequests$1(LeaderElection.java:234)
	at java.util.concurrent.FutureTask.run(FutureTask.java:266)
	at java.util.concurrent.Executors$RunnableAdapter.call(Executors.java:511)
	at java.util.concurrent.FutureTask.run(FutureTask.java:266)
	at java.util.concurrent.ThreadPoolExecutor.runWorker(ThreadPoolExecutor.java:1149)
	at java.util.concurrent.ThreadPoolExecutor$Worker.run(ThreadPoolExecutor.java:624)
	... 1 more
Caused by: org.apache.ratis.thirdparty.io.netty.channel.AbstractChannel$AnnotatedConnectException: Connection refused: /192.168.164.208:33052
	at sun.nio.ch.SocketChannelImpl.checkConnect(Native Method)
	at sun.nio.ch.SocketChannelImpl.finishConnect(SocketChannelImpl.java:717)
	at org.apache.ratis.thirdparty.io.netty.channel.socket.nio.NioSocketChannel.doFinishConnect(NioSocketChannel.java:327)
	at org.apache.ratis.thirdparty.io.netty.channel.nio.AbstractNioChannel$AbstractNioUnsafe.finishConnect(AbstractNioChannel.java:340)
	at org.apache.ratis.thirdparty.io.netty.channel.nio.NioEventLoop.processSelectedKey(NioEventLoop.java:632)
	at org.apache.ratis.thirdparty.io.netty.channel.nio.NioEventLoop.processSelectedKeysOptimized(NioEventLoop.java:579)
	at org.apache.ratis.thirdparty.io.netty.channel.nio.NioEventLoop.processSelectedKeys(NioEventLoop.java:496)
	at org.apache.ratis.thirdparty.io.netty.channel.nio.NioEventLoop.run(NioEventLoop.java:458)
	at org.apache.ratis.thirdparty.io.netty.util.concurrent.SingleThreadEventExecutor$5.run(SingleThreadEventExecutor.java:897)
	at org.apache.ratis.thirdparty.io.netty.util.concurrent.FastThreadLocalRunnable.run(FastThreadLocalRunnable.java:30)
	... 1 more
Caused by: java.net.ConnectException: Connection refused
	... 11 more
2019-11-13 20:17:50,826 [845221a7-8c03-4ab3-a7ad-b09d998a1b3e@group-0D0FE8FB5DF5-LeaderElection96] INFO  impl.RaftServerImpl (RaftServerImpl.java:setRole(173)) - 845221a7-8c03-4ab3-a7ad-b09d998a1b3e@group-0D0FE8FB5DF5: changes role from CANDIDATE to FOLLOWER at term 2 for DISCOVERED_A_NEW_TERM
2019-11-13 20:17:50,826 [845221a7-8c03-4ab3-a7ad-b09d998a1b3e@group-0D0FE8FB5DF5-LeaderElection96] INFO  impl.RoleInfo (RoleInfo.java:shutdownLeaderElection(134)) - 845221a7-8c03-4ab3-a7ad-b09d998a1b3e: shutdown LeaderElection
2019-11-13 20:17:50,826 [845221a7-8c03-4ab3-a7ad-b09d998a1b3e@group-0D0FE8FB5DF5-LeaderElection96] INFO  impl.RoleInfo (RoleInfo.java:updateAndGet(143)) - 845221a7-8c03-4ab3-a7ad-b09d998a1b3e: start FollowerState
2019-11-13 20:17:50,972 [grpc-default-executor-0] WARN  server.GrpcLogAppender (LogUtils.java:warn(134)) - 836dac64-dd9f-4309-a076-e086947645e1@group-6D7DD4B8F7C5->d075120a-ef0f-46a0-9778-bb6f9a0780d0-AppendLogResponseHandler: Failed appendEntries: org.apache.ratis.thirdparty.io.grpc.StatusRuntimeException: UNAVAILABLE: io exception
2019-11-13 20:17:50,973 [grpc-default-executor-0] INFO  impl.FollowerInfo (FollowerInfo.java:lambda$new$0(51)) - 836dac64-dd9f-4309-a076-e086947645e1@group-6D7DD4B8F7C5->d075120a-ef0f-46a0-9778-bb6f9a0780d0: nextIndex: updateUnconditionally 0 -> 0
2019-11-13 20:17:50,995 [grpc-default-executor-3] WARN  server.GrpcLogAppender (LogUtils.java:warn(134)) - 836dac64-dd9f-4309-a076-e086947645e1@group-6D7DD4B8F7C5->227642ba-0415-4d98-a6b8-20167e8a399a-AppendLogResponseHandler: Failed appendEntries: org.apache.ratis.thirdparty.io.grpc.StatusRuntimeException: UNAVAILABLE: io exception
2019-11-13 20:17:50,995 [grpc-default-executor-3] INFO  impl.FollowerInfo (FollowerInfo.java:lambda$new$0(51)) - 836dac64-dd9f-4309-a076-e086947645e1@group-6D7DD4B8F7C5->227642ba-0415-4d98-a6b8-20167e8a399a: nextIndex: updateUnconditionally 0 -> 0
2019-11-13 20:17:51,473 [grpc-default-executor-1] WARN  server.GrpcLogAppender (LogUtils.java:warn(134)) - 836dac64-dd9f-4309-a076-e086947645e1@group-6D7DD4B8F7C5->d075120a-ef0f-46a0-9778-bb6f9a0780d0-AppendLogResponseHandler: Failed appendEntries: org.apache.ratis.thirdparty.io.grpc.StatusRuntimeException: UNAVAILABLE: io exception
2019-11-13 20:17:51,474 [grpc-default-executor-1] INFO  impl.FollowerInfo (FollowerInfo.java:lambda$new$0(51)) - 836dac64-dd9f-4309-a076-e086947645e1@group-6D7DD4B8F7C5->d075120a-ef0f-46a0-9778-bb6f9a0780d0: nextIndex: updateUnconditionally 0 -> 0
2019-11-13 20:17:51,496 [grpc-default-executor-1] WARN  server.GrpcLogAppender (LogUtils.java:warn(134)) - 836dac64-dd9f-4309-a076-e086947645e1@group-6D7DD4B8F7C5->227642ba-0415-4d98-a6b8-20167e8a399a-AppendLogResponseHandler: Failed appendEntries: org.apache.ratis.thirdparty.io.grpc.StatusRuntimeException: UNAVAILABLE: io exception
2019-11-13 20:17:51,496 [grpc-default-executor-1] INFO  impl.FollowerInfo (FollowerInfo.java:lambda$new$0(51)) - 836dac64-dd9f-4309-a076-e086947645e1@group-6D7DD4B8F7C5->227642ba-0415-4d98-a6b8-20167e8a399a: nextIndex: updateUnconditionally 0 -> 0
2019-11-13 20:17:51,889 [Thread-1718] INFO  impl.FollowerState (FollowerState.java:run(111)) - 845221a7-8c03-4ab3-a7ad-b09d998a1b3e@group-0D0FE8FB5DF5-FollowerState: change to CANDIDATE, lastRpcTime:1062ms, electionTimeout:1062ms
2019-11-13 20:17:51,890 [Thread-1718] INFO  impl.RoleInfo (RoleInfo.java:shutdownFollowerState(121)) - 845221a7-8c03-4ab3-a7ad-b09d998a1b3e: shutdown FollowerState
2019-11-13 20:17:51,890 [Thread-1718] INFO  impl.RaftServerImpl (RaftServerImpl.java:setRole(173)) - 845221a7-8c03-4ab3-a7ad-b09d998a1b3e@group-0D0FE8FB5DF5: changes role from  FOLLOWER to CANDIDATE at term 2 for changeToCandidate
2019-11-13 20:17:51,891 [Thread-1718] INFO  impl.RoleInfo (RoleInfo.java:updateAndGet(143)) - 845221a7-8c03-4ab3-a7ad-b09d998a1b3e: start LeaderElection
2019-11-13 20:17:51,907 [845221a7-8c03-4ab3-a7ad-b09d998a1b3e@group-0D0FE8FB5DF5-LeaderElection97] INFO  impl.LeaderElection (LeaderElection.java:askForVotes(178)) - 845221a7-8c03-4ab3-a7ad-b09d998a1b3e@group-0D0FE8FB5DF5-LeaderElection97: begin an election at term 3 for 0: [845221a7-8c03-4ab3-a7ad-b09d998a1b3e:192.168.164.208:35661, 7d2a40c8-d27f-493d-a958-c7cf8432838d:192.168.164.208:33052, fbe234eb-236c-4e93-9bcf-aa21ab9b5fff:192.168.164.208:41921], old=null
2019-11-13 20:17:51,909 [845221a7-8c03-4ab3-a7ad-b09d998a1b3e@group-0D0FE8FB5DF5-LeaderElection97] INFO  impl.LeaderElection (LogUtils.java:infoOrTrace(149)) - 845221a7-8c03-4ab3-a7ad-b09d998a1b3e@group-0D0FE8FB5DF5-LeaderElection97 got exception when requesting votes: {}
java.util.concurrent.ExecutionException: org.apache.ratis.thirdparty.io.grpc.StatusRuntimeException: UNAVAILABLE: io exception
	at java.util.concurrent.FutureTask.report(FutureTask.java:122)
	at java.util.concurrent.FutureTask.get(FutureTask.java:192)
	at org.apache.ratis.server.impl.LeaderElection.waitForResults(LeaderElection.java:259)
	at org.apache.ratis.server.impl.LeaderElection.askForVotes(LeaderElection.java:197)
	at org.apache.ratis.server.impl.LeaderElection.run(LeaderElection.java:133)
	at java.lang.Thread.run(Thread.java:748)
Caused by: org.apache.ratis.thirdparty.io.grpc.StatusRuntimeException: UNAVAILABLE: io exception
	at org.apache.ratis.thirdparty.io.grpc.stub.ClientCalls.toStatusRuntimeException(ClientCalls.java:233)
	at org.apache.ratis.thirdparty.io.grpc.stub.ClientCalls.getUnchecked(ClientCalls.java:214)
	at org.apache.ratis.thirdparty.io.grpc.stub.ClientCalls.blockingUnaryCall(ClientCalls.java:139)
	at org.apache.ratis.proto.grpc.RaftServerProtocolServiceGrpc$RaftServerProtocolServiceBlockingStub.requestVote(RaftServerProtocolServiceGrpc.java:265)
	at org.apache.ratis.grpc.server.GrpcServerProtocolClient.requestVote(GrpcServerProtocolClient.java:99)
	at org.apache.ratis.grpc.server.GrpcService.requestVote(GrpcService.java:204)
	at org.apache.ratis.server.impl.LeaderElection.lambda$submitRequests$1(LeaderElection.java:234)
	at java.util.concurrent.FutureTask.run(FutureTask.java:266)
	at java.util.concurrent.Executors$RunnableAdapter.call(Executors.java:511)
	at java.util.concurrent.FutureTask.run(FutureTask.java:266)
	at java.util.concurrent.ThreadPoolExecutor.runWorker(ThreadPoolExecutor.java:1149)
	at java.util.concurrent.ThreadPoolExecutor$Worker.run(ThreadPoolExecutor.java:624)
	... 1 more
Caused by: org.apache.ratis.thirdparty.io.netty.channel.AbstractChannel$AnnotatedConnectException: Connection refused: /192.168.164.208:33052
	at sun.nio.ch.SocketChannelImpl.checkConnect(Native Method)
	at sun.nio.ch.SocketChannelImpl.finishConnect(SocketChannelImpl.java:717)
	at org.apache.ratis.thirdparty.io.netty.channel.socket.nio.NioSocketChannel.doFinishConnect(NioSocketChannel.java:327)
	at org.apache.ratis.thirdparty.io.netty.channel.nio.AbstractNioChannel$AbstractNioUnsafe.finishConnect(AbstractNioChannel.java:340)
	at org.apache.ratis.thirdparty.io.netty.channel.nio.NioEventLoop.processSelectedKey(NioEventLoop.java:632)
	at org.apache.ratis.thirdparty.io.netty.channel.nio.NioEventLoop.processSelectedKeysOptimized(NioEventLoop.java:579)
	at org.apache.ratis.thirdparty.io.netty.channel.nio.NioEventLoop.processSelectedKeys(NioEventLoop.java:496)
	at org.apache.ratis.thirdparty.io.netty.channel.nio.NioEventLoop.run(NioEventLoop.java:458)
	at org.apache.ratis.thirdparty.io.netty.util.concurrent.SingleThreadEventExecutor$5.run(SingleThreadEventExecutor.java:897)
	at org.apache.ratis.thirdparty.io.netty.util.concurrent.FastThreadLocalRunnable.run(FastThreadLocalRunnable.java:30)
	... 1 more
Caused by: java.net.ConnectException: Connection refused
	... 11 more
2019-11-13 20:17:51,910 [845221a7-8c03-4ab3-a7ad-b09d998a1b3e@group-0D0FE8FB5DF5-LeaderElection97] INFO  impl.LeaderElection (LogUtils.java:infoOrTrace(149)) - 845221a7-8c03-4ab3-a7ad-b09d998a1b3e@group-0D0FE8FB5DF5-LeaderElection97 got exception when requesting votes: {}
java.util.concurrent.ExecutionException: org.apache.ratis.thirdparty.io.grpc.StatusRuntimeException: UNAVAILABLE: io exception
	at java.util.concurrent.FutureTask.report(FutureTask.java:122)
	at java.util.concurrent.FutureTask.get(FutureTask.java:192)
	at org.apache.ratis.server.impl.LeaderElection.waitForResults(LeaderElection.java:259)
	at org.apache.ratis.server.impl.LeaderElection.askForVotes(LeaderElection.java:197)
	at org.apache.ratis.server.impl.LeaderElection.run(LeaderElection.java:133)
	at java.lang.Thread.run(Thread.java:748)
Caused by: org.apache.ratis.thirdparty.io.grpc.StatusRuntimeException: UNAVAILABLE: io exception
	at org.apache.ratis.thirdparty.io.grpc.stub.ClientCalls.toStatusRuntimeException(ClientCalls.java:233)
	at org.apache.ratis.thirdparty.io.grpc.stub.ClientCalls.getUnchecked(ClientCalls.java:214)
	at org.apache.ratis.thirdparty.io.grpc.stub.ClientCalls.blockingUnaryCall(ClientCalls.java:139)
	at org.apache.ratis.proto.grpc.RaftServerProtocolServiceGrpc$RaftServerProtocolServiceBlockingStub.requestVote(RaftServerProtocolServiceGrpc.java:265)
	at org.apache.ratis.grpc.server.GrpcServerProtocolClient.requestVote(GrpcServerProtocolClient.java:99)
	at org.apache.ratis.grpc.server.GrpcService.requestVote(GrpcService.java:204)
	at org.apache.ratis.server.impl.LeaderElection.lambda$submitRequests$1(LeaderElection.java:234)
	at java.util.concurrent.FutureTask.run(FutureTask.java:266)
	at java.util.concurrent.Executors$RunnableAdapter.call(Executors.java:511)
	at java.util.concurrent.FutureTask.run(FutureTask.java:266)
	at java.util.concurrent.ThreadPoolExecutor.runWorker(ThreadPoolExecutor.java:1149)
	at java.util.concurrent.ThreadPoolExecutor$Worker.run(ThreadPoolExecutor.java:624)
	... 1 more
Caused by: org.apache.ratis.thirdparty.io.netty.channel.AbstractChannel$AnnotatedConnectException: Connection refused: /192.168.164.208:41921
	at sun.nio.ch.SocketChannelImpl.checkConnect(Native Method)
	at sun.nio.ch.SocketChannelImpl.finishConnect(SocketChannelImpl.java:717)
	at org.apache.ratis.thirdparty.io.netty.channel.socket.nio.NioSocketChannel.doFinishConnect(NioSocketChannel.java:327)
	at org.apache.ratis.thirdparty.io.netty.channel.nio.AbstractNioChannel$AbstractNioUnsafe.finishConnect(AbstractNioChannel.java:340)
	at org.apache.ratis.thirdparty.io.netty.channel.nio.NioEventLoop.processSelectedKey(NioEventLoop.java:632)
	at org.apache.ratis.thirdparty.io.netty.channel.nio.NioEventLoop.processSelectedKeysOptimized(NioEventLoop.java:579)
	at org.apache.ratis.thirdparty.io.netty.channel.nio.NioEventLoop.processSelectedKeys(NioEventLoop.java:496)
	at org.apache.ratis.thirdparty.io.netty.channel.nio.NioEventLoop.run(NioEventLoop.java:458)
	at org.apache.ratis.thirdparty.io.netty.util.concurrent.SingleThreadEventExecutor$5.run(SingleThreadEventExecutor.java:897)
	at org.apache.ratis.thirdparty.io.netty.util.concurrent.FastThreadLocalRunnable.run(FastThreadLocalRunnable.java:30)
	... 1 more
Caused by: java.net.ConnectException: Connection refused
	... 11 more
2019-11-13 20:17:51,910 [845221a7-8c03-4ab3-a7ad-b09d998a1b3e@group-0D0FE8FB5DF5-LeaderElection97] INFO  impl.LeaderElection (LeaderElection.java:logAndReturn(56)) - 845221a7-8c03-4ab3-a7ad-b09d998a1b3e@group-0D0FE8FB5DF5-LeaderElection97: Election REJECTED; received 0 response(s) [] and 2 exception(s); 845221a7-8c03-4ab3-a7ad-b09d998a1b3e@group-0D0FE8FB5DF5:t3, leader=null, voted=845221a7-8c03-4ab3-a7ad-b09d998a1b3e, raftlog=845221a7-8c03-4ab3-a7ad-b09d998a1b3e@group-0D0FE8FB5DF5-SegmentedRaftLog:OPENED:c0,f0,i0, conf=0: [845221a7-8c03-4ab3-a7ad-b09d998a1b3e:192.168.164.208:35661, 7d2a40c8-d27f-493d-a958-c7cf8432838d:192.168.164.208:33052, fbe234eb-236c-4e93-9bcf-aa21ab9b5fff:192.168.164.208:41921], old=null
2019-11-13 20:17:51,910 [845221a7-8c03-4ab3-a7ad-b09d998a1b3e@group-0D0FE8FB5DF5-LeaderElection97] INFO  impl.LeaderElection (LogUtils.java:infoOrTrace(149)) -   Exception 0: {}
java.util.concurrent.ExecutionException: org.apache.ratis.thirdparty.io.grpc.StatusRuntimeException: UNAVAILABLE: io exception
	at java.util.concurrent.FutureTask.report(FutureTask.java:122)
	at java.util.concurrent.FutureTask.get(FutureTask.java:192)
	at org.apache.ratis.server.impl.LeaderElection.waitForResults(LeaderElection.java:259)
	at org.apache.ratis.server.impl.LeaderElection.askForVotes(LeaderElection.java:197)
	at org.apache.ratis.server.impl.LeaderElection.run(LeaderElection.java:133)
	at java.lang.Thread.run(Thread.java:748)
Caused by: org.apache.ratis.thirdparty.io.grpc.StatusRuntimeException: UNAVAILABLE: io exception
	at org.apache.ratis.thirdparty.io.grpc.stub.ClientCalls.toStatusRuntimeException(ClientCalls.java:233)
	at org.apache.ratis.thirdparty.io.grpc.stub.ClientCalls.getUnchecked(ClientCalls.java:214)
	at org.apache.ratis.thirdparty.io.grpc.stub.ClientCalls.blockingUnaryCall(ClientCalls.java:139)
	at org.apache.ratis.proto.grpc.RaftServerProtocolServiceGrpc$RaftServerProtocolServiceBlockingStub.requestVote(RaftServerProtocolServiceGrpc.java:265)
	at org.apache.ratis.grpc.server.GrpcServerProtocolClient.requestVote(GrpcServerProtocolClient.java:99)
	at org.apache.ratis.grpc.server.GrpcService.requestVote(GrpcService.java:204)
	at org.apache.ratis.server.impl.LeaderElection.lambda$submitRequests$1(LeaderElection.java:234)
	at java.util.concurrent.FutureTask.run(FutureTask.java:266)
	at java.util.concurrent.Executors$RunnableAdapter.call(Executors.java:511)
	at java.util.concurrent.FutureTask.run(FutureTask.java:266)
	at java.util.concurrent.ThreadPoolExecutor.runWorker(ThreadPoolExecutor.java:1149)
	at java.util.concurrent.ThreadPoolExecutor$Worker.run(ThreadPoolExecutor.java:624)
	... 1 more
Caused by: org.apache.ratis.thirdparty.io.netty.channel.AbstractChannel$AnnotatedConnectException: Connection refused: /192.168.164.208:33052
	at sun.nio.ch.SocketChannelImpl.checkConnect(Native Method)
	at sun.nio.ch.SocketChannelImpl.finishConnect(SocketChannelImpl.java:717)
	at org.apache.ratis.thirdparty.io.netty.channel.socket.nio.NioSocketChannel.doFinishConnect(NioSocketChannel.java:327)
	at org.apache.ratis.thirdparty.io.netty.channel.nio.AbstractNioChannel$AbstractNioUnsafe.finishConnect(AbstractNioChannel.java:340)
	at org.apache.ratis.thirdparty.io.netty.channel.nio.NioEventLoop.processSelectedKey(NioEventLoop.java:632)
	at org.apache.ratis.thirdparty.io.netty.channel.nio.NioEventLoop.processSelectedKeysOptimized(NioEventLoop.java:579)
	at org.apache.ratis.thirdparty.io.netty.channel.nio.NioEventLoop.processSelectedKeys(NioEventLoop.java:496)
	at org.apache.ratis.thirdparty.io.netty.channel.nio.NioEventLoop.run(NioEventLoop.java:458)
	at org.apache.ratis.thirdparty.io.netty.util.concurrent.SingleThreadEventExecutor$5.run(SingleThreadEventExecutor.java:897)
	at org.apache.ratis.thirdparty.io.netty.util.concurrent.FastThreadLocalRunnable.run(FastThreadLocalRunnable.java:30)
	... 1 more
Caused by: java.net.ConnectException: Connection refused
	... 11 more
2019-11-13 20:17:51,911 [845221a7-8c03-4ab3-a7ad-b09d998a1b3e@group-0D0FE8FB5DF5-LeaderElection97] INFO  impl.LeaderElection (LogUtils.java:infoOrTrace(149)) -   Exception 1: {}
java.util.concurrent.ExecutionException: org.apache.ratis.thirdparty.io.grpc.StatusRuntimeException: UNAVAILABLE: io exception
	at java.util.concurrent.FutureTask.report(FutureTask.java:122)
	at java.util.concurrent.FutureTask.get(FutureTask.java:192)
	at org.apache.ratis.server.impl.LeaderElection.waitForResults(LeaderElection.java:259)
	at org.apache.ratis.server.impl.LeaderElection.askForVotes(LeaderElection.java:197)
	at org.apache.ratis.server.impl.LeaderElection.run(LeaderElection.java:133)
	at java.lang.Thread.run(Thread.java:748)
Caused by: org.apache.ratis.thirdparty.io.grpc.StatusRuntimeException: UNAVAILABLE: io exception
	at org.apache.ratis.thirdparty.io.grpc.stub.ClientCalls.toStatusRuntimeException(ClientCalls.java:233)
	at org.apache.ratis.thirdparty.io.grpc.stub.ClientCalls.getUnchecked(ClientCalls.java:214)
	at org.apache.ratis.thirdparty.io.grpc.stub.ClientCalls.blockingUnaryCall(ClientCalls.java:139)
	at org.apache.ratis.proto.grpc.RaftServerProtocolServiceGrpc$RaftServerProtocolServiceBlockingStub.requestVote(RaftServerProtocolServiceGrpc.java:265)
	at org.apache.ratis.grpc.server.GrpcServerProtocolClient.requestVote(GrpcServerProtocolClient.java:99)
	at org.apache.ratis.grpc.server.GrpcService.requestVote(GrpcService.java:204)
	at org.apache.ratis.server.impl.LeaderElection.lambda$submitRequests$1(LeaderElection.java:234)
	at java.util.concurrent.FutureTask.run(FutureTask.java:266)
	at java.util.concurrent.Executors$RunnableAdapter.call(Executors.java:511)
	at java.util.concurrent.FutureTask.run(FutureTask.java:266)
	at java.util.concurrent.ThreadPoolExecutor.runWorker(ThreadPoolExecutor.java:1149)
	at java.util.concurrent.ThreadPoolExecutor$Worker.run(ThreadPoolExecutor.java:624)
	... 1 more
Caused by: org.apache.ratis.thirdparty.io.netty.channel.AbstractChannel$AnnotatedConnectException: Connection refused: /192.168.164.208:41921
	at sun.nio.ch.SocketChannelImpl.checkConnect(Native Method)
	at sun.nio.ch.SocketChannelImpl.finishConnect(SocketChannelImpl.java:717)
	at org.apache.ratis.thirdparty.io.netty.channel.socket.nio.NioSocketChannel.doFinishConnect(NioSocketChannel.java:327)
	at org.apache.ratis.thirdparty.io.netty.channel.nio.AbstractNioChannel$AbstractNioUnsafe.finishConnect(AbstractNioChannel.java:340)
	at org.apache.ratis.thirdparty.io.netty.channel.nio.NioEventLoop.processSelectedKey(NioEventLoop.java:632)
	at org.apache.ratis.thirdparty.io.netty.channel.nio.NioEventLoop.processSelectedKeysOptimized(NioEventLoop.java:579)
	at org.apache.ratis.thirdparty.io.netty.channel.nio.NioEventLoop.processSelectedKeys(NioEventLoop.java:496)
	at org.apache.ratis.thirdparty.io.netty.channel.nio.NioEventLoop.run(NioEventLoop.java:458)
	at org.apache.ratis.thirdparty.io.netty.util.concurrent.SingleThreadEventExecutor$5.run(SingleThreadEventExecutor.java:897)
	at org.apache.ratis.thirdparty.io.netty.util.concurrent.FastThreadLocalRunnable.run(FastThreadLocalRunnable.java:30)
	... 1 more
Caused by: java.net.ConnectException: Connection refused
	... 11 more
2019-11-13 20:17:51,911 [845221a7-8c03-4ab3-a7ad-b09d998a1b3e@group-0D0FE8FB5DF5-LeaderElection97] INFO  impl.RaftServerImpl (RaftServerImpl.java:setRole(173)) - 845221a7-8c03-4ab3-a7ad-b09d998a1b3e@group-0D0FE8FB5DF5: changes role from CANDIDATE to FOLLOWER at term 3 for DISCOVERED_A_NEW_TERM
2019-11-13 20:17:51,911 [845221a7-8c03-4ab3-a7ad-b09d998a1b3e@group-0D0FE8FB5DF5-LeaderElection97] INFO  impl.RoleInfo (RoleInfo.java:shutdownLeaderElection(134)) - 845221a7-8c03-4ab3-a7ad-b09d998a1b3e: shutdown LeaderElection
2019-11-13 20:17:51,912 [845221a7-8c03-4ab3-a7ad-b09d998a1b3e@group-0D0FE8FB5DF5-LeaderElection97] INFO  impl.RoleInfo (RoleInfo.java:updateAndGet(143)) - 845221a7-8c03-4ab3-a7ad-b09d998a1b3e: start FollowerState
2019-11-13 20:17:51,975 [grpc-default-executor-1] WARN  server.GrpcLogAppender (LogUtils.java:warn(134)) - 836dac64-dd9f-4309-a076-e086947645e1@group-6D7DD4B8F7C5->d075120a-ef0f-46a0-9778-bb6f9a0780d0-AppendLogResponseHandler: Failed appendEntries: org.apache.ratis.thirdparty.io.grpc.StatusRuntimeException: UNAVAILABLE: io exception
2019-11-13 20:17:51,975 [grpc-default-executor-1] INFO  impl.FollowerInfo (FollowerInfo.java:lambda$new$0(51)) - 836dac64-dd9f-4309-a076-e086947645e1@group-6D7DD4B8F7C5->d075120a-ef0f-46a0-9778-bb6f9a0780d0: nextIndex: updateUnconditionally 0 -> 0
2019-11-13 20:17:51,997 [grpc-default-executor-1] WARN  server.GrpcLogAppender (LogUtils.java:warn(134)) - 836dac64-dd9f-4309-a076-e086947645e1@group-6D7DD4B8F7C5->227642ba-0415-4d98-a6b8-20167e8a399a-AppendLogResponseHandler: Failed appendEntries: org.apache.ratis.thirdparty.io.grpc.StatusRuntimeException: UNAVAILABLE: io exception
2019-11-13 20:17:51,998 [grpc-default-executor-1] INFO  impl.FollowerInfo (FollowerInfo.java:lambda$new$0(51)) - 836dac64-dd9f-4309-a076-e086947645e1@group-6D7DD4B8F7C5->227642ba-0415-4d98-a6b8-20167e8a399a: nextIndex: updateUnconditionally 0 -> 0
2019-11-13 20:17:52,476 [grpc-default-executor-1] WARN  server.GrpcLogAppender (LogUtils.java:warn(134)) - 836dac64-dd9f-4309-a076-e086947645e1@group-6D7DD4B8F7C5->d075120a-ef0f-46a0-9778-bb6f9a0780d0-AppendLogResponseHandler: Failed appendEntries: org.apache.ratis.thirdparty.io.grpc.StatusRuntimeException: UNAVAILABLE: io exception
2019-11-13 20:17:52,477 [grpc-default-executor-1] INFO  impl.FollowerInfo (FollowerInfo.java:lambda$new$0(51)) - 836dac64-dd9f-4309-a076-e086947645e1@group-6D7DD4B8F7C5->d075120a-ef0f-46a0-9778-bb6f9a0780d0: nextIndex: updateUnconditionally 0 -> 0
2019-11-13 20:17:52,498 [grpc-default-executor-1] WARN  server.GrpcLogAppender (LogUtils.java:warn(134)) - 836dac64-dd9f-4309-a076-e086947645e1@group-6D7DD4B8F7C5->227642ba-0415-4d98-a6b8-20167e8a399a-AppendLogResponseHandler: Failed appendEntries: org.apache.ratis.thirdparty.io.grpc.StatusRuntimeException: UNAVAILABLE: io exception
2019-11-13 20:17:52,498 [grpc-default-executor-1] INFO  impl.FollowerInfo (FollowerInfo.java:lambda$new$0(51)) - 836dac64-dd9f-4309-a076-e086947645e1@group-6D7DD4B8F7C5->227642ba-0415-4d98-a6b8-20167e8a399a: nextIndex: updateUnconditionally 0 -> 0
2019-11-13 20:17:52,978 [grpc-default-executor-1] WARN  server.GrpcLogAppender (LogUtils.java:warn(134)) - 836dac64-dd9f-4309-a076-e086947645e1@group-6D7DD4B8F7C5->d075120a-ef0f-46a0-9778-bb6f9a0780d0-AppendLogResponseHandler: Failed appendEntries: org.apache.ratis.thirdparty.io.grpc.StatusRuntimeException: UNAVAILABLE: io exception
2019-11-13 20:17:52,979 [grpc-default-executor-1] INFO  impl.FollowerInfo (FollowerInfo.java:lambda$new$0(51)) - 836dac64-dd9f-4309-a076-e086947645e1@group-6D7DD4B8F7C5->d075120a-ef0f-46a0-9778-bb6f9a0780d0: nextIndex: updateUnconditionally 0 -> 0
2019-11-13 20:17:52,998 [grpc-default-executor-0] WARN  server.GrpcLogAppender (LogUtils.java:warn(134)) - 836dac64-dd9f-4309-a076-e086947645e1@group-6D7DD4B8F7C5->227642ba-0415-4d98-a6b8-20167e8a399a-AppendLogResponseHandler: Failed appendEntries: org.apache.ratis.thirdparty.io.grpc.StatusRuntimeException: UNAVAILABLE: io exception
2019-11-13 20:17:52,999 [grpc-default-executor-0] INFO  impl.FollowerInfo (FollowerInfo.java:lambda$new$0(51)) - 836dac64-dd9f-4309-a076-e086947645e1@group-6D7DD4B8F7C5->227642ba-0415-4d98-a6b8-20167e8a399a: nextIndex: updateUnconditionally 0 -> 0
2019-11-13 20:17:53,097 [Thread-1722] INFO  impl.FollowerState (FollowerState.java:run(111)) - 845221a7-8c03-4ab3-a7ad-b09d998a1b3e@group-0D0FE8FB5DF5-FollowerState: change to CANDIDATE, lastRpcTime:1185ms, electionTimeout:1185ms
2019-11-13 20:17:53,097 [Thread-1722] INFO  impl.RoleInfo (RoleInfo.java:shutdownFollowerState(121)) - 845221a7-8c03-4ab3-a7ad-b09d998a1b3e: shutdown FollowerState
2019-11-13 20:17:53,098 [Thread-1722] INFO  impl.RaftServerImpl (RaftServerImpl.java:setRole(173)) - 845221a7-8c03-4ab3-a7ad-b09d998a1b3e@group-0D0FE8FB5DF5: changes role from  FOLLOWER to CANDIDATE at term 3 for changeToCandidate
2019-11-13 20:17:53,098 [Thread-1722] INFO  impl.RoleInfo (RoleInfo.java:updateAndGet(143)) - 845221a7-8c03-4ab3-a7ad-b09d998a1b3e: start LeaderElection
2019-11-13 20:17:53,113 [845221a7-8c03-4ab3-a7ad-b09d998a1b3e@group-0D0FE8FB5DF5-LeaderElection98] INFO  impl.LeaderElection (LeaderElection.java:askForVotes(178)) - 845221a7-8c03-4ab3-a7ad-b09d998a1b3e@group-0D0FE8FB5DF5-LeaderElection98: begin an election at term 4 for 0: [845221a7-8c03-4ab3-a7ad-b09d998a1b3e:192.168.164.208:35661, 7d2a40c8-d27f-493d-a958-c7cf8432838d:192.168.164.208:33052, fbe234eb-236c-4e93-9bcf-aa21ab9b5fff:192.168.164.208:41921], old=null
2019-11-13 20:17:53,114 [845221a7-8c03-4ab3-a7ad-b09d998a1b3e@group-0D0FE8FB5DF5-LeaderElection98] INFO  impl.LeaderElection (LogUtils.java:infoOrTrace(149)) - 845221a7-8c03-4ab3-a7ad-b09d998a1b3e@group-0D0FE8FB5DF5-LeaderElection98 got exception when requesting votes: {}
java.util.concurrent.ExecutionException: org.apache.ratis.thirdparty.io.grpc.StatusRuntimeException: UNAVAILABLE: io exception
	at java.util.concurrent.FutureTask.report(FutureTask.java:122)
	at java.util.concurrent.FutureTask.get(FutureTask.java:192)
	at org.apache.ratis.server.impl.LeaderElection.waitForResults(LeaderElection.java:259)
	at org.apache.ratis.server.impl.LeaderElection.askForVotes(LeaderElection.java:197)
	at org.apache.ratis.server.impl.LeaderElection.run(LeaderElection.java:133)
	at java.lang.Thread.run(Thread.java:748)
Caused by: org.apache.ratis.thirdparty.io.grpc.StatusRuntimeException: UNAVAILABLE: io exception
	at org.apache.ratis.thirdparty.io.grpc.stub.ClientCalls.toStatusRuntimeException(ClientCalls.java:233)
	at org.apache.ratis.thirdparty.io.grpc.stub.ClientCalls.getUnchecked(ClientCalls.java:214)
	at org.apache.ratis.thirdparty.io.grpc.stub.ClientCalls.blockingUnaryCall(ClientCalls.java:139)
	at org.apache.ratis.proto.grpc.RaftServerProtocolServiceGrpc$RaftServerProtocolServiceBlockingStub.requestVote(RaftServerProtocolServiceGrpc.java:265)
	at org.apache.ratis.grpc.server.GrpcServerProtocolClient.requestVote(GrpcServerProtocolClient.java:99)
	at org.apache.ratis.grpc.server.GrpcService.requestVote(GrpcService.java:204)
	at org.apache.ratis.server.impl.LeaderElection.lambda$submitRequests$1(LeaderElection.java:234)
	at java.util.concurrent.FutureTask.run(FutureTask.java:266)
	at java.util.concurrent.Executors$RunnableAdapter.call(Executors.java:511)
	at java.util.concurrent.FutureTask.run(FutureTask.java:266)
	at java.util.concurrent.ThreadPoolExecutor.runWorker(ThreadPoolExecutor.java:1149)
	at java.util.concurrent.ThreadPoolExecutor$Worker.run(ThreadPoolExecutor.java:624)
	... 1 more
Caused by: org.apache.ratis.thirdparty.io.netty.channel.AbstractChannel$AnnotatedConnectException: Connection refused: /192.168.164.208:33052
	at sun.nio.ch.SocketChannelImpl.checkConnect(Native Method)
	at sun.nio.ch.SocketChannelImpl.finishConnect(SocketChannelImpl.java:717)
	at org.apache.ratis.thirdparty.io.netty.channel.socket.nio.NioSocketChannel.doFinishConnect(NioSocketChannel.java:327)
	at org.apache.ratis.thirdparty.io.netty.channel.nio.AbstractNioChannel$AbstractNioUnsafe.finishConnect(AbstractNioChannel.java:340)
	at org.apache.ratis.thirdparty.io.netty.channel.nio.NioEventLoop.processSelectedKey(NioEventLoop.java:632)
	at org.apache.ratis.thirdparty.io.netty.channel.nio.NioEventLoop.processSelectedKeysOptimized(NioEventLoop.java:579)
	at org.apache.ratis.thirdparty.io.netty.channel.nio.NioEventLoop.processSelectedKeys(NioEventLoop.java:496)
	at org.apache.ratis.thirdparty.io.netty.channel.nio.NioEventLoop.run(NioEventLoop.java:458)
	at org.apache.ratis.thirdparty.io.netty.util.concurrent.SingleThreadEventExecutor$5.run(SingleThreadEventExecutor.java:897)
	at org.apache.ratis.thirdparty.io.netty.util.concurrent.FastThreadLocalRunnable.run(FastThreadLocalRunnable.java:30)
	... 1 more
Caused by: java.net.ConnectException: Connection refused
	... 11 more
2019-11-13 20:17:53,115 [845221a7-8c03-4ab3-a7ad-b09d998a1b3e@group-0D0FE8FB5DF5-LeaderElection98] INFO  impl.LeaderElection (LogUtils.java:infoOrTrace(149)) - 845221a7-8c03-4ab3-a7ad-b09d998a1b3e@group-0D0FE8FB5DF5-LeaderElection98 got exception when requesting votes: {}
java.util.concurrent.ExecutionException: org.apache.ratis.thirdparty.io.grpc.StatusRuntimeException: UNAVAILABLE: io exception
	at java.util.concurrent.FutureTask.report(FutureTask.java:122)
	at java.util.concurrent.FutureTask.get(FutureTask.java:192)
	at org.apache.ratis.server.impl.LeaderElection.waitForResults(LeaderElection.java:259)
	at org.apache.ratis.server.impl.LeaderElection.askForVotes(LeaderElection.java:197)
	at org.apache.ratis.server.impl.LeaderElection.run(LeaderElection.java:133)
	at java.lang.Thread.run(Thread.java:748)
Caused by: org.apache.ratis.thirdparty.io.grpc.StatusRuntimeException: UNAVAILABLE: io exception
	at org.apache.ratis.thirdparty.io.grpc.stub.ClientCalls.toStatusRuntimeException(ClientCalls.java:233)
	at org.apache.ratis.thirdparty.io.grpc.stub.ClientCalls.getUnchecked(ClientCalls.java:214)
	at org.apache.ratis.thirdparty.io.grpc.stub.ClientCalls.blockingUnaryCall(ClientCalls.java:139)
	at org.apache.ratis.proto.grpc.RaftServerProtocolServiceGrpc$RaftServerProtocolServiceBlockingStub.requestVote(RaftServerProtocolServiceGrpc.java:265)
	at org.apache.ratis.grpc.server.GrpcServerProtocolClient.requestVote(GrpcServerProtocolClient.java:99)
	at org.apache.ratis.grpc.server.GrpcService.requestVote(GrpcService.java:204)
	at org.apache.ratis.server.impl.LeaderElection.lambda$submitRequests$1(LeaderElection.java:234)
	at java.util.concurrent.FutureTask.run(FutureTask.java:266)
	at java.util.concurrent.Executors$RunnableAdapter.call(Executors.java:511)
	at java.util.concurrent.FutureTask.run(FutureTask.java:266)
	at java.util.concurrent.ThreadPoolExecutor.runWorker(ThreadPoolExecutor.java:1149)
	at java.util.concurrent.ThreadPoolExecutor$Worker.run(ThreadPoolExecutor.java:624)
	... 1 more
Caused by: org.apache.ratis.thirdparty.io.netty.channel.AbstractChannel$AnnotatedConnectException: Connection refused: /192.168.164.208:41921
	at sun.nio.ch.SocketChannelImpl.checkConnect(Native Method)
	at sun.nio.ch.SocketChannelImpl.finishConnect(SocketChannelImpl.java:717)
	at org.apache.ratis.thirdparty.io.netty.channel.socket.nio.NioSocketChannel.doFinishConnect(NioSocketChannel.java:327)
	at org.apache.ratis.thirdparty.io.netty.channel.nio.AbstractNioChannel$AbstractNioUnsafe.finishConnect(AbstractNioChannel.java:340)
	at org.apache.ratis.thirdparty.io.netty.channel.nio.NioEventLoop.processSelectedKey(NioEventLoop.java:632)
	at org.apache.ratis.thirdparty.io.netty.channel.nio.NioEventLoop.processSelectedKeysOptimized(NioEventLoop.java:579)
	at org.apache.ratis.thirdparty.io.netty.channel.nio.NioEventLoop.processSelectedKeys(NioEventLoop.java:496)
	at org.apache.ratis.thirdparty.io.netty.channel.nio.NioEventLoop.run(NioEventLoop.java:458)
	at org.apache.ratis.thirdparty.io.netty.util.concurrent.SingleThreadEventExecutor$5.run(SingleThreadEventExecutor.java:897)
	at org.apache.ratis.thirdparty.io.netty.util.concurrent.FastThreadLocalRunnable.run(FastThreadLocalRunnable.java:30)
	... 1 more
Caused by: java.net.ConnectException: Connection refused
	... 11 more
2019-11-13 20:17:53,115 [845221a7-8c03-4ab3-a7ad-b09d998a1b3e@group-0D0FE8FB5DF5-LeaderElection98] INFO  impl.LeaderElection (LeaderElection.java:logAndReturn(56)) - 845221a7-8c03-4ab3-a7ad-b09d998a1b3e@group-0D0FE8FB5DF5-LeaderElection98: Election REJECTED; received 0 response(s) [] and 2 exception(s); 845221a7-8c03-4ab3-a7ad-b09d998a1b3e@group-0D0FE8FB5DF5:t4, leader=null, voted=845221a7-8c03-4ab3-a7ad-b09d998a1b3e, raftlog=845221a7-8c03-4ab3-a7ad-b09d998a1b3e@group-0D0FE8FB5DF5-SegmentedRaftLog:OPENED:c0,f0,i0, conf=0: [845221a7-8c03-4ab3-a7ad-b09d998a1b3e:192.168.164.208:35661, 7d2a40c8-d27f-493d-a958-c7cf8432838d:192.168.164.208:33052, fbe234eb-236c-4e93-9bcf-aa21ab9b5fff:192.168.164.208:41921], old=null
2019-11-13 20:17:53,116 [845221a7-8c03-4ab3-a7ad-b09d998a1b3e@group-0D0FE8FB5DF5-LeaderElection98] INFO  impl.LeaderElection (LogUtils.java:infoOrTrace(149)) -   Exception 0: {}
java.util.concurrent.ExecutionException: org.apache.ratis.thirdparty.io.grpc.StatusRuntimeException: UNAVAILABLE: io exception
	at java.util.concurrent.FutureTask.report(FutureTask.java:122)
	at java.util.concurrent.FutureTask.get(FutureTask.java:192)
	at org.apache.ratis.server.impl.LeaderElection.waitForResults(LeaderElection.java:259)
	at org.apache.ratis.server.impl.LeaderElection.askForVotes(LeaderElection.java:197)
	at org.apache.ratis.server.impl.LeaderElection.run(LeaderElection.java:133)
	at java.lang.Thread.run(Thread.java:748)
Caused by: org.apache.ratis.thirdparty.io.grpc.StatusRuntimeException: UNAVAILABLE: io exception
	at org.apache.ratis.thirdparty.io.grpc.stub.ClientCalls.toStatusRuntimeException(ClientCalls.java:233)
	at org.apache.ratis.thirdparty.io.grpc.stub.ClientCalls.getUnchecked(ClientCalls.java:214)
	at org.apache.ratis.thirdparty.io.grpc.stub.ClientCalls.blockingUnaryCall(ClientCalls.java:139)
	at org.apache.ratis.proto.grpc.RaftServerProtocolServiceGrpc$RaftServerProtocolServiceBlockingStub.requestVote(RaftServerProtocolServiceGrpc.java:265)
	at org.apache.ratis.grpc.server.GrpcServerProtocolClient.requestVote(GrpcServerProtocolClient.java:99)
	at org.apache.ratis.grpc.server.GrpcService.requestVote(GrpcService.java:204)
	at org.apache.ratis.server.impl.LeaderElection.lambda$submitRequests$1(LeaderElection.java:234)
	at java.util.concurrent.FutureTask.run(FutureTask.java:266)
	at java.util.concurrent.Executors$RunnableAdapter.call(Executors.java:511)
	at java.util.concurrent.FutureTask.run(FutureTask.java:266)
	at java.util.concurrent.ThreadPoolExecutor.runWorker(ThreadPoolExecutor.java:1149)
	at java.util.concurrent.ThreadPoolExecutor$Worker.run(ThreadPoolExecutor.java:624)
	... 1 more
Caused by: org.apache.ratis.thirdparty.io.netty.channel.AbstractChannel$AnnotatedConnectException: Connection refused: /192.168.164.208:33052
	at sun.nio.ch.SocketChannelImpl.checkConnect(Native Method)
	at sun.nio.ch.SocketChannelImpl.finishConnect(SocketChannelImpl.java:717)
	at org.apache.ratis.thirdparty.io.netty.channel.socket.nio.NioSocketChannel.doFinishConnect(NioSocketChannel.java:327)
	at org.apache.ratis.thirdparty.io.netty.channel.nio.AbstractNioChannel$AbstractNioUnsafe.finishConnect(AbstractNioChannel.java:340)
	at org.apache.ratis.thirdparty.io.netty.channel.nio.NioEventLoop.processSelectedKey(NioEventLoop.java:632)
	at org.apache.ratis.thirdparty.io.netty.channel.nio.NioEventLoop.processSelectedKeysOptimized(NioEventLoop.java:579)
	at org.apache.ratis.thirdparty.io.netty.channel.nio.NioEventLoop.processSelectedKeys(NioEventLoop.java:496)
	at org.apache.ratis.thirdparty.io.netty.channel.nio.NioEventLoop.run(NioEventLoop.java:458)
	at org.apache.ratis.thirdparty.io.netty.util.concurrent.SingleThreadEventExecutor$5.run(SingleThreadEventExecutor.java:897)
	at org.apache.ratis.thirdparty.io.netty.util.concurrent.FastThreadLocalRunnable.run(FastThreadLocalRunnable.java:30)
	... 1 more
Caused by: java.net.ConnectException: Connection refused
	... 11 more
2019-11-13 20:17:53,116 [845221a7-8c03-4ab3-a7ad-b09d998a1b3e@group-0D0FE8FB5DF5-LeaderElection98] INFO  impl.LeaderElection (LogUtils.java:infoOrTrace(149)) -   Exception 1: {}
java.util.concurrent.ExecutionException: org.apache.ratis.thirdparty.io.grpc.StatusRuntimeException: UNAVAILABLE: io exception
	at java.util.concurrent.FutureTask.report(FutureTask.java:122)
	at java.util.concurrent.FutureTask.get(FutureTask.java:192)
	at org.apache.ratis.server.impl.LeaderElection.waitForResults(LeaderElection.java:259)
	at org.apache.ratis.server.impl.LeaderElection.askForVotes(LeaderElection.java:197)
	at org.apache.ratis.server.impl.LeaderElection.run(LeaderElection.java:133)
	at java.lang.Thread.run(Thread.java:748)
Caused by: org.apache.ratis.thirdparty.io.grpc.StatusRuntimeException: UNAVAILABLE: io exception
	at org.apache.ratis.thirdparty.io.grpc.stub.ClientCalls.toStatusRuntimeException(ClientCalls.java:233)
	at org.apache.ratis.thirdparty.io.grpc.stub.ClientCalls.getUnchecked(ClientCalls.java:214)
	at org.apache.ratis.thirdparty.io.grpc.stub.ClientCalls.blockingUnaryCall(ClientCalls.java:139)
	at org.apache.ratis.proto.grpc.RaftServerProtocolServiceGrpc$RaftServerProtocolServiceBlockingStub.requestVote(RaftServerProtocolServiceGrpc.java:265)
	at org.apache.ratis.grpc.server.GrpcServerProtocolClient.requestVote(GrpcServerProtocolClient.java:99)
	at org.apache.ratis.grpc.server.GrpcService.requestVote(GrpcService.java:204)
	at org.apache.ratis.server.impl.LeaderElection.lambda$submitRequests$1(LeaderElection.java:234)
	at java.util.concurrent.FutureTask.run(FutureTask.java:266)
	at java.util.concurrent.Executors$RunnableAdapter.call(Executors.java:511)
	at java.util.concurrent.FutureTask.run(FutureTask.java:266)
	at java.util.concurrent.ThreadPoolExecutor.runWorker(ThreadPoolExecutor.java:1149)
	at java.util.concurrent.ThreadPoolExecutor$Worker.run(ThreadPoolExecutor.java:624)
	... 1 more
Caused by: org.apache.ratis.thirdparty.io.netty.channel.AbstractChannel$AnnotatedConnectException: Connection refused: /192.168.164.208:41921
	at sun.nio.ch.SocketChannelImpl.checkConnect(Native Method)
	at sun.nio.ch.SocketChannelImpl.finishConnect(SocketChannelImpl.java:717)
	at org.apache.ratis.thirdparty.io.netty.channel.socket.nio.NioSocketChannel.doFinishConnect(NioSocketChannel.java:327)
	at org.apache.ratis.thirdparty.io.netty.channel.nio.AbstractNioChannel$AbstractNioUnsafe.finishConnect(AbstractNioChannel.java:340)
	at org.apache.ratis.thirdparty.io.netty.channel.nio.NioEventLoop.processSelectedKey(NioEventLoop.java:632)
	at org.apache.ratis.thirdparty.io.netty.channel.nio.NioEventLoop.processSelectedKeysOptimized(NioEventLoop.java:579)
	at org.apache.ratis.thirdparty.io.netty.channel.nio.NioEventLoop.processSelectedKeys(NioEventLoop.java:496)
	at org.apache.ratis.thirdparty.io.netty.channel.nio.NioEventLoop.run(NioEventLoop.java:458)
	at org.apache.ratis.thirdparty.io.netty.util.concurrent.SingleThreadEventExecutor$5.run(SingleThreadEventExecutor.java:897)
	at org.apache.ratis.thirdparty.io.netty.util.concurrent.FastThreadLocalRunnable.run(FastThreadLocalRunnable.java:30)
	... 1 more
Caused by: java.net.ConnectException: Connection refused
	... 11 more
2019-11-13 20:17:53,116 [845221a7-8c03-4ab3-a7ad-b09d998a1b3e@group-0D0FE8FB5DF5-LeaderElection98] INFO  impl.RaftServerImpl (RaftServerImpl.java:setRole(173)) - 845221a7-8c03-4ab3-a7ad-b09d998a1b3e@group-0D0FE8FB5DF5: changes role from CANDIDATE to FOLLOWER at term 4 for DISCOVERED_A_NEW_TERM
2019-11-13 20:17:53,117 [845221a7-8c03-4ab3-a7ad-b09d998a1b3e@group-0D0FE8FB5DF5-LeaderElection98] INFO  impl.RoleInfo (RoleInfo.java:shutdownLeaderElection(134)) - 845221a7-8c03-4ab3-a7ad-b09d998a1b3e: shutdown LeaderElection
2019-11-13 20:17:53,117 [845221a7-8c03-4ab3-a7ad-b09d998a1b3e@group-0D0FE8FB5DF5-LeaderElection98] INFO  impl.RoleInfo (RoleInfo.java:updateAndGet(143)) - 845221a7-8c03-4ab3-a7ad-b09d998a1b3e: start FollowerState
2019-11-13 20:17:53,481 [grpc-default-executor-0] WARN  server.GrpcLogAppender (LogUtils.java:warn(134)) - 836dac64-dd9f-4309-a076-e086947645e1@group-6D7DD4B8F7C5->d075120a-ef0f-46a0-9778-bb6f9a0780d0-AppendLogResponseHandler: Failed appendEntries: org.apache.ratis.thirdparty.io.grpc.StatusRuntimeException: UNAVAILABLE: io exception
2019-11-13 20:17:53,482 [grpc-default-executor-0] INFO  impl.FollowerInfo (FollowerInfo.java:lambda$new$0(51)) - 836dac64-dd9f-4309-a076-e086947645e1@group-6D7DD4B8F7C5->d075120a-ef0f-46a0-9778-bb6f9a0780d0: nextIndex: updateUnconditionally 0 -> 0
2019-11-13 20:17:53,499 [grpc-default-executor-0] WARN  server.GrpcLogAppender (LogUtils.java:warn(134)) - 836dac64-dd9f-4309-a076-e086947645e1@group-6D7DD4B8F7C5->227642ba-0415-4d98-a6b8-20167e8a399a-AppendLogResponseHandler: Failed appendEntries: org.apache.ratis.thirdparty.io.grpc.StatusRuntimeException: UNAVAILABLE: io exception
2019-11-13 20:17:53,499 [grpc-default-executor-0] INFO  impl.FollowerInfo (FollowerInfo.java:lambda$new$0(51)) - 836dac64-dd9f-4309-a076-e086947645e1@group-6D7DD4B8F7C5->227642ba-0415-4d98-a6b8-20167e8a399a: nextIndex: updateUnconditionally 0 -> 0
2019-11-13 20:17:53,984 [grpc-default-executor-0] WARN  server.GrpcLogAppender (LogUtils.java:warn(134)) - 836dac64-dd9f-4309-a076-e086947645e1@group-6D7DD4B8F7C5->d075120a-ef0f-46a0-9778-bb6f9a0780d0-AppendLogResponseHandler: Failed appendEntries: org.apache.ratis.thirdparty.io.grpc.StatusRuntimeException: UNAVAILABLE: io exception
2019-11-13 20:17:53,985 [grpc-default-executor-0] INFO  impl.FollowerInfo (FollowerInfo.java:lambda$new$0(51)) - 836dac64-dd9f-4309-a076-e086947645e1@group-6D7DD4B8F7C5->d075120a-ef0f-46a0-9778-bb6f9a0780d0: nextIndex: updateUnconditionally 0 -> 0
2019-11-13 20:17:54,000 [grpc-default-executor-3] WARN  server.GrpcLogAppender (LogUtils.java:warn(134)) - 836dac64-dd9f-4309-a076-e086947645e1@group-6D7DD4B8F7C5->227642ba-0415-4d98-a6b8-20167e8a399a-AppendLogResponseHandler: Failed appendEntries: org.apache.ratis.thirdparty.io.grpc.StatusRuntimeException: UNAVAILABLE: io exception
2019-11-13 20:17:54,000 [grpc-default-executor-3] INFO  impl.FollowerInfo (FollowerInfo.java:lambda$new$0(51)) - 836dac64-dd9f-4309-a076-e086947645e1@group-6D7DD4B8F7C5->227642ba-0415-4d98-a6b8-20167e8a399a: nextIndex: updateUnconditionally 0 -> 0
2019-11-13 20:17:54,226 [Thread-1726] INFO  impl.FollowerState (FollowerState.java:run(111)) - 845221a7-8c03-4ab3-a7ad-b09d998a1b3e@group-0D0FE8FB5DF5-FollowerState: change to CANDIDATE, lastRpcTime:1109ms, electionTimeout:1109ms
2019-11-13 20:17:54,227 [Thread-1726] INFO  impl.RoleInfo (RoleInfo.java:shutdownFollowerState(121)) - 845221a7-8c03-4ab3-a7ad-b09d998a1b3e: shutdown FollowerState
2019-11-13 20:17:54,227 [Thread-1726] INFO  impl.RaftServerImpl (RaftServerImpl.java:setRole(173)) - 845221a7-8c03-4ab3-a7ad-b09d998a1b3e@group-0D0FE8FB5DF5: changes role from  FOLLOWER to CANDIDATE at term 4 for changeToCandidate
2019-11-13 20:17:54,228 [Thread-1726] INFO  impl.RoleInfo (RoleInfo.java:updateAndGet(143)) - 845221a7-8c03-4ab3-a7ad-b09d998a1b3e: start LeaderElection
2019-11-13 20:17:54,244 [845221a7-8c03-4ab3-a7ad-b09d998a1b3e@group-0D0FE8FB5DF5-LeaderElection99] INFO  impl.LeaderElection (LeaderElection.java:askForVotes(178)) - 845221a7-8c03-4ab3-a7ad-b09d998a1b3e@group-0D0FE8FB5DF5-LeaderElection99: begin an election at term 5 for 0: [845221a7-8c03-4ab3-a7ad-b09d998a1b3e:192.168.164.208:35661, 7d2a40c8-d27f-493d-a958-c7cf8432838d:192.168.164.208:33052, fbe234eb-236c-4e93-9bcf-aa21ab9b5fff:192.168.164.208:41921], old=null
2019-11-13 20:17:54,247 [845221a7-8c03-4ab3-a7ad-b09d998a1b3e@group-0D0FE8FB5DF5-LeaderElection99] INFO  impl.LeaderElection (LogUtils.java:infoOrTrace(149)) - 845221a7-8c03-4ab3-a7ad-b09d998a1b3e@group-0D0FE8FB5DF5-LeaderElection99 got exception when requesting votes: {}
java.util.concurrent.ExecutionException: org.apache.ratis.thirdparty.io.grpc.StatusRuntimeException: UNAVAILABLE: io exception
	at java.util.concurrent.FutureTask.report(FutureTask.java:122)
	at java.util.concurrent.FutureTask.get(FutureTask.java:192)
	at org.apache.ratis.server.impl.LeaderElection.waitForResults(LeaderElection.java:259)
	at org.apache.ratis.server.impl.LeaderElection.askForVotes(LeaderElection.java:197)
	at org.apache.ratis.server.impl.LeaderElection.run(LeaderElection.java:133)
	at java.lang.Thread.run(Thread.java:748)
Caused by: org.apache.ratis.thirdparty.io.grpc.StatusRuntimeException: UNAVAILABLE: io exception
	at org.apache.ratis.thirdparty.io.grpc.stub.ClientCalls.toStatusRuntimeException(ClientCalls.java:233)
	at org.apache.ratis.thirdparty.io.grpc.stub.ClientCalls.getUnchecked(ClientCalls.java:214)
	at org.apache.ratis.thirdparty.io.grpc.stub.ClientCalls.blockingUnaryCall(ClientCalls.java:139)
	at org.apache.ratis.proto.grpc.RaftServerProtocolServiceGrpc$RaftServerProtocolServiceBlockingStub.requestVote(RaftServerProtocolServiceGrpc.java:265)
	at org.apache.ratis.grpc.server.GrpcServerProtocolClient.requestVote(GrpcServerProtocolClient.java:99)
	at org.apache.ratis.grpc.server.GrpcService.requestVote(GrpcService.java:204)
	at org.apache.ratis.server.impl.LeaderElection.lambda$submitRequests$1(LeaderElection.java:234)
	at java.util.concurrent.FutureTask.run(FutureTask.java:266)
	at java.util.concurrent.Executors$RunnableAdapter.call(Executors.java:511)
	at java.util.concurrent.FutureTask.run(FutureTask.java:266)
	at java.util.concurrent.ThreadPoolExecutor.runWorker(ThreadPoolExecutor.java:1149)
	at java.util.concurrent.ThreadPoolExecutor$Worker.run(ThreadPoolExecutor.java:624)
	... 1 more
Caused by: org.apache.ratis.thirdparty.io.netty.channel.AbstractChannel$AnnotatedConnectException: Connection refused: /192.168.164.208:33052
	at sun.nio.ch.SocketChannelImpl.checkConnect(Native Method)
	at sun.nio.ch.SocketChannelImpl.finishConnect(SocketChannelImpl.java:717)
	at org.apache.ratis.thirdparty.io.netty.channel.socket.nio.NioSocketChannel.doFinishConnect(NioSocketChannel.java:327)
	at org.apache.ratis.thirdparty.io.netty.channel.nio.AbstractNioChannel$AbstractNioUnsafe.finishConnect(AbstractNioChannel.java:340)
	at org.apache.ratis.thirdparty.io.netty.channel.nio.NioEventLoop.processSelectedKey(NioEventLoop.java:632)
	at org.apache.ratis.thirdparty.io.netty.channel.nio.NioEventLoop.processSelectedKeysOptimized(NioEventLoop.java:579)
	at org.apache.ratis.thirdparty.io.netty.channel.nio.NioEventLoop.processSelectedKeys(NioEventLoop.java:496)
	at org.apache.ratis.thirdparty.io.netty.channel.nio.NioEventLoop.run(NioEventLoop.java:458)
	at org.apache.ratis.thirdparty.io.netty.util.concurrent.SingleThreadEventExecutor$5.run(SingleThreadEventExecutor.java:897)
	at org.apache.ratis.thirdparty.io.netty.util.concurrent.FastThreadLocalRunnable.run(FastThreadLocalRunnable.java:30)
	... 1 more
Caused by: java.net.ConnectException: Connection refused
	... 11 more
2019-11-13 20:17:54,248 [845221a7-8c03-4ab3-a7ad-b09d998a1b3e@group-0D0FE8FB5DF5-LeaderElection99] INFO  impl.LeaderElection (LogUtils.java:infoOrTrace(149)) - 845221a7-8c03-4ab3-a7ad-b09d998a1b3e@group-0D0FE8FB5DF5-LeaderElection99 got exception when requesting votes: {}
java.util.concurrent.ExecutionException: org.apache.ratis.thirdparty.io.grpc.StatusRuntimeException: UNAVAILABLE: io exception
	at java.util.concurrent.FutureTask.report(FutureTask.java:122)
	at java.util.concurrent.FutureTask.get(FutureTask.java:192)
	at org.apache.ratis.server.impl.LeaderElection.waitForResults(LeaderElection.java:259)
	at org.apache.ratis.server.impl.LeaderElection.askForVotes(LeaderElection.java:197)
	at org.apache.ratis.server.impl.LeaderElection.run(LeaderElection.java:133)
	at java.lang.Thread.run(Thread.java:748)
Caused by: org.apache.ratis.thirdparty.io.grpc.StatusRuntimeException: UNAVAILABLE: io exception
	at org.apache.ratis.thirdparty.io.grpc.stub.ClientCalls.toStatusRuntimeException(ClientCalls.java:233)
	at org.apache.ratis.thirdparty.io.grpc.stub.ClientCalls.getUnchecked(ClientCalls.java:214)
	at org.apache.ratis.thirdparty.io.grpc.stub.ClientCalls.blockingUnaryCall(ClientCalls.java:139)
	at org.apache.ratis.proto.grpc.RaftServerProtocolServiceGrpc$RaftServerProtocolServiceBlockingStub.requestVote(RaftServerProtocolServiceGrpc.java:265)
	at org.apache.ratis.grpc.server.GrpcServerProtocolClient.requestVote(GrpcServerProtocolClient.java:99)
	at org.apache.ratis.grpc.server.GrpcService.requestVote(GrpcService.java:204)
	at org.apache.ratis.server.impl.LeaderElection.lambda$submitRequests$1(LeaderElection.java:234)
	at java.util.concurrent.FutureTask.run(FutureTask.java:266)
	at java.util.concurrent.Executors$RunnableAdapter.call(Executors.java:511)
	at java.util.concurrent.FutureTask.run(FutureTask.java:266)
	at java.util.concurrent.ThreadPoolExecutor.runWorker(ThreadPoolExecutor.java:1149)
	at java.util.concurrent.ThreadPoolExecutor$Worker.run(ThreadPoolExecutor.java:624)
	... 1 more
Caused by: org.apache.ratis.thirdparty.io.netty.channel.AbstractChannel$AnnotatedConnectException: Connection refused: /192.168.164.208:41921
	at sun.nio.ch.SocketChannelImpl.checkConnect(Native Method)
	at sun.nio.ch.SocketChannelImpl.finishConnect(SocketChannelImpl.java:717)
	at org.apache.ratis.thirdparty.io.netty.channel.socket.nio.NioSocketChannel.doFinishConnect(NioSocketChannel.java:327)
	at org.apache.ratis.thirdparty.io.netty.channel.nio.AbstractNioChannel$AbstractNioUnsafe.finishConnect(AbstractNioChannel.java:340)
	at org.apache.ratis.thirdparty.io.netty.channel.nio.NioEventLoop.processSelectedKey(NioEventLoop.java:632)
	at org.apache.ratis.thirdparty.io.netty.channel.nio.NioEventLoop.processSelectedKeysOptimized(NioEventLoop.java:579)
	at org.apache.ratis.thirdparty.io.netty.channel.nio.NioEventLoop.processSelectedKeys(NioEventLoop.java:496)
	at org.apache.ratis.thirdparty.io.netty.channel.nio.NioEventLoop.run(NioEventLoop.java:458)
	at org.apache.ratis.thirdparty.io.netty.util.concurrent.SingleThreadEventExecutor$5.run(SingleThreadEventExecutor.java:897)
	at org.apache.ratis.thirdparty.io.netty.util.concurrent.FastThreadLocalRunnable.run(FastThreadLocalRunnable.java:30)
	... 1 more
Caused by: java.net.ConnectException: Connection refused
	... 11 more
2019-11-13 20:17:54,249 [845221a7-8c03-4ab3-a7ad-b09d998a1b3e@group-0D0FE8FB5DF5-LeaderElection99] INFO  impl.LeaderElection (LeaderElection.java:logAndReturn(56)) - 845221a7-8c03-4ab3-a7ad-b09d998a1b3e@group-0D0FE8FB5DF5-LeaderElection99: Election REJECTED; received 0 response(s) [] and 2 exception(s); 845221a7-8c03-4ab3-a7ad-b09d998a1b3e@group-0D0FE8FB5DF5:t5, leader=null, voted=845221a7-8c03-4ab3-a7ad-b09d998a1b3e, raftlog=845221a7-8c03-4ab3-a7ad-b09d998a1b3e@group-0D0FE8FB5DF5-SegmentedRaftLog:OPENED:c0,f0,i0, conf=0: [845221a7-8c03-4ab3-a7ad-b09d998a1b3e:192.168.164.208:35661, 7d2a40c8-d27f-493d-a958-c7cf8432838d:192.168.164.208:33052, fbe234eb-236c-4e93-9bcf-aa21ab9b5fff:192.168.164.208:41921], old=null
2019-11-13 20:17:54,249 [845221a7-8c03-4ab3-a7ad-b09d998a1b3e@group-0D0FE8FB5DF5-LeaderElection99] INFO  impl.LeaderElection (LogUtils.java:infoOrTrace(149)) -   Exception 0: {}
java.util.concurrent.ExecutionException: org.apache.ratis.thirdparty.io.grpc.StatusRuntimeException: UNAVAILABLE: io exception
	at java.util.concurrent.FutureTask.report(FutureTask.java:122)
	at java.util.concurrent.FutureTask.get(FutureTask.java:192)
	at org.apache.ratis.server.impl.LeaderElection.waitForResults(LeaderElection.java:259)
	at org.apache.ratis.server.impl.LeaderElection.askForVotes(LeaderElection.java:197)
	at org.apache.ratis.server.impl.LeaderElection.run(LeaderElection.java:133)
	at java.lang.Thread.run(Thread.java:748)
Caused by: org.apache.ratis.thirdparty.io.grpc.StatusRuntimeException: UNAVAILABLE: io exception
	at org.apache.ratis.thirdparty.io.grpc.stub.ClientCalls.toStatusRuntimeException(ClientCalls.java:233)
	at org.apache.ratis.thirdparty.io.grpc.stub.ClientCalls.getUnchecked(ClientCalls.java:214)
	at org.apache.ratis.thirdparty.io.grpc.stub.ClientCalls.blockingUnaryCall(ClientCalls.java:139)
	at org.apache.ratis.proto.grpc.RaftServerProtocolServiceGrpc$RaftServerProtocolServiceBlockingStub.requestVote(RaftServerProtocolServiceGrpc.java:265)
	at org.apache.ratis.grpc.server.GrpcServerProtocolClient.requestVote(GrpcServerProtocolClient.java:99)
	at org.apache.ratis.grpc.server.GrpcService.requestVote(GrpcService.java:204)
	at org.apache.ratis.server.impl.LeaderElection.lambda$submitRequests$1(LeaderElection.java:234)
	at java.util.concurrent.FutureTask.run(FutureTask.java:266)
	at java.util.concurrent.Executors$RunnableAdapter.call(Executors.java:511)
	at java.util.concurrent.FutureTask.run(FutureTask.java:266)
	at java.util.concurrent.ThreadPoolExecutor.runWorker(ThreadPoolExecutor.java:1149)
	at java.util.concurrent.ThreadPoolExecutor$Worker.run(ThreadPoolExecutor.java:624)
	... 1 more
Caused by: org.apache.ratis.thirdparty.io.netty.channel.AbstractChannel$AnnotatedConnectException: Connection refused: /192.168.164.208:33052
	at sun.nio.ch.SocketChannelImpl.checkConnect(Native Method)
	at sun.nio.ch.SocketChannelImpl.finishConnect(SocketChannelImpl.java:717)
	at org.apache.ratis.thirdparty.io.netty.channel.socket.nio.NioSocketChannel.doFinishConnect(NioSocketChannel.java:327)
	at org.apache.ratis.thirdparty.io.netty.channel.nio.AbstractNioChannel$AbstractNioUnsafe.finishConnect(AbstractNioChannel.java:340)
	at org.apache.ratis.thirdparty.io.netty.channel.nio.NioEventLoop.processSelectedKey(NioEventLoop.java:632)
	at org.apache.ratis.thirdparty.io.netty.channel.nio.NioEventLoop.processSelectedKeysOptimized(NioEventLoop.java:579)
	at org.apache.ratis.thirdparty.io.netty.channel.nio.NioEventLoop.processSelectedKeys(NioEventLoop.java:496)
	at org.apache.ratis.thirdparty.io.netty.channel.nio.NioEventLoop.run(NioEventLoop.java:458)
	at org.apache.ratis.thirdparty.io.netty.util.concurrent.SingleThreadEventExecutor$5.run(SingleThreadEventExecutor.java:897)
	at org.apache.ratis.thirdparty.io.netty.util.concurrent.FastThreadLocalRunnable.run(FastThreadLocalRunnable.java:30)
	... 1 more
Caused by: java.net.ConnectException: Connection refused
	... 11 more
2019-11-13 20:17:54,250 [845221a7-8c03-4ab3-a7ad-b09d998a1b3e@group-0D0FE8FB5DF5-LeaderElection99] INFO  impl.LeaderElection (LogUtils.java:infoOrTrace(149)) -   Exception 1: {}
java.util.concurrent.ExecutionException: org.apache.ratis.thirdparty.io.grpc.StatusRuntimeException: UNAVAILABLE: io exception
	at java.util.concurrent.FutureTask.report(FutureTask.java:122)
	at java.util.concurrent.FutureTask.get(FutureTask.java:192)
	at org.apache.ratis.server.impl.LeaderElection.waitForResults(LeaderElection.java:259)
	at org.apache.ratis.server.impl.LeaderElection.askForVotes(LeaderElection.java:197)
	at org.apache.ratis.server.impl.LeaderElection.run(LeaderElection.java:133)
	at java.lang.Thread.run(Thread.java:748)
Caused by: org.apache.ratis.thirdparty.io.grpc.StatusRuntimeException: UNAVAILABLE: io exception
	at org.apache.ratis.thirdparty.io.grpc.stub.ClientCalls.toStatusRuntimeException(ClientCalls.java:233)
	at org.apache.ratis.thirdparty.io.grpc.stub.ClientCalls.getUnchecked(ClientCalls.java:214)
	at org.apache.ratis.thirdparty.io.grpc.stub.ClientCalls.blockingUnaryCall(ClientCalls.java:139)
	at org.apache.ratis.proto.grpc.RaftServerProtocolServiceGrpc$RaftServerProtocolServiceBlockingStub.requestVote(RaftServerProtocolServiceGrpc.java:265)
	at org.apache.ratis.grpc.server.GrpcServerProtocolClient.requestVote(GrpcServerProtocolClient.java:99)
	at org.apache.ratis.grpc.server.GrpcService.requestVote(GrpcService.java:204)
	at org.apache.ratis.server.impl.LeaderElection.lambda$submitRequests$1(LeaderElection.java:234)
	at java.util.concurrent.FutureTask.run(FutureTask.java:266)
	at java.util.concurrent.Executors$RunnableAdapter.call(Executors.java:511)
	at java.util.concurrent.FutureTask.run(FutureTask.java:266)
	at java.util.concurrent.ThreadPoolExecutor.runWorker(ThreadPoolExecutor.java:1149)
	at java.util.concurrent.ThreadPoolExecutor$Worker.run(ThreadPoolExecutor.java:624)
	... 1 more
Caused by: org.apache.ratis.thirdparty.io.netty.channel.AbstractChannel$AnnotatedConnectException: Connection refused: /192.168.164.208:41921
	at sun.nio.ch.SocketChannelImpl.checkConnect(Native Method)
	at sun.nio.ch.SocketChannelImpl.finishConnect(SocketChannelImpl.java:717)
	at org.apache.ratis.thirdparty.io.netty.channel.socket.nio.NioSocketChannel.doFinishConnect(NioSocketChannel.java:327)
	at org.apache.ratis.thirdparty.io.netty.channel.nio.AbstractNioChannel$AbstractNioUnsafe.finishConnect(AbstractNioChannel.java:340)
	at org.apache.ratis.thirdparty.io.netty.channel.nio.NioEventLoop.processSelectedKey(NioEventLoop.java:632)
	at org.apache.ratis.thirdparty.io.netty.channel.nio.NioEventLoop.processSelectedKeysOptimized(NioEventLoop.java:579)
	at org.apache.ratis.thirdparty.io.netty.channel.nio.NioEventLoop.processSelectedKeys(NioEventLoop.java:496)
	at org.apache.ratis.thirdparty.io.netty.channel.nio.NioEventLoop.run(NioEventLoop.java:458)
	at org.apache.ratis.thirdparty.io.netty.util.concurrent.SingleThreadEventExecutor$5.run(SingleThreadEventExecutor.java:897)
	at org.apache.ratis.thirdparty.io.netty.util.concurrent.FastThreadLocalRunnable.run(FastThreadLocalRunnable.java:30)
	... 1 more
Caused by: java.net.ConnectException: Connection refused
	... 11 more
2019-11-13 20:17:54,251 [845221a7-8c03-4ab3-a7ad-b09d998a1b3e@group-0D0FE8FB5DF5-LeaderElection99] INFO  impl.RaftServerImpl (RaftServerImpl.java:setRole(173)) - 845221a7-8c03-4ab3-a7ad-b09d998a1b3e@group-0D0FE8FB5DF5: changes role from CANDIDATE to FOLLOWER at term 5 for DISCOVERED_A_NEW_TERM
2019-11-13 20:17:54,251 [845221a7-8c03-4ab3-a7ad-b09d998a1b3e@group-0D0FE8FB5DF5-LeaderElection99] INFO  impl.RoleInfo (RoleInfo.java:shutdownLeaderElection(134)) - 845221a7-8c03-4ab3-a7ad-b09d998a1b3e: shutdown LeaderElection
2019-11-13 20:17:54,251 [845221a7-8c03-4ab3-a7ad-b09d998a1b3e@group-0D0FE8FB5DF5-LeaderElection99] INFO  impl.RoleInfo (RoleInfo.java:updateAndGet(143)) - 845221a7-8c03-4ab3-a7ad-b09d998a1b3e: start FollowerState
2019-11-13 20:17:54,484 [grpc-default-executor-3] WARN  server.GrpcLogAppender (LogUtils.java:warn(134)) - 836dac64-dd9f-4309-a076-e086947645e1@group-6D7DD4B8F7C5->d075120a-ef0f-46a0-9778-bb6f9a0780d0-AppendLogResponseHandler: Failed appendEntries: org.apache.ratis.thirdparty.io.grpc.StatusRuntimeException: UNAVAILABLE: io exception
2019-11-13 20:17:54,484 [grpc-default-executor-3] INFO  impl.FollowerInfo (FollowerInfo.java:lambda$new$0(51)) - 836dac64-dd9f-4309-a076-e086947645e1@group-6D7DD4B8F7C5->d075120a-ef0f-46a0-9778-bb6f9a0780d0: nextIndex: updateUnconditionally 0 -> 0
2019-11-13 20:17:54,500 [grpc-default-executor-1] WARN  server.GrpcLogAppender (LogUtils.java:warn(134)) - 836dac64-dd9f-4309-a076-e086947645e1@group-6D7DD4B8F7C5->227642ba-0415-4d98-a6b8-20167e8a399a-AppendLogResponseHandler: Failed appendEntries: org.apache.ratis.thirdparty.io.grpc.StatusRuntimeException: UNAVAILABLE: io exception
2019-11-13 20:17:54,500 [grpc-default-executor-1] INFO  impl.FollowerInfo (FollowerInfo.java:lambda$new$0(51)) - 836dac64-dd9f-4309-a076-e086947645e1@group-6D7DD4B8F7C5->227642ba-0415-4d98-a6b8-20167e8a399a: nextIndex: updateUnconditionally 0 -> 0
2019-11-13 20:17:54,657 [main] INFO  ozoneimpl.OzoneContainer (OzoneContainer.java:stop(244)) - Attempting to stop container services.
2019-11-13 20:17:54,657 [ForkJoinPool.commonPool-worker-1] INFO  ozoneimpl.OzoneContainer (OzoneContainer.java:stop(244)) - Attempting to stop container services.
2019-11-13 20:17:54,658 [main] INFO  impl.RaftServerProxy (RaftServerProxy.java:lambda$close$4(314)) - 845221a7-8c03-4ab3-a7ad-b09d998a1b3e: close
2019-11-13 20:17:54,658 [ForkJoinPool.commonPool-worker-1] INFO  impl.RaftServerProxy (RaftServerProxy.java:lambda$close$4(314)) - 836dac64-dd9f-4309-a076-e086947645e1: close
2019-11-13 20:17:54,658 [ForkJoinPool.commonPool-worker-1] INFO  impl.RaftServerImpl (RaftServerImpl.java:lambda$shutdown$3(250)) - 836dac64-dd9f-4309-a076-e086947645e1@group-6D7DD4B8F7C5: shutdown
2019-11-13 20:17:54,658 [main] INFO  impl.RaftServerImpl (RaftServerImpl.java:lambda$shutdown$3(250)) - 845221a7-8c03-4ab3-a7ad-b09d998a1b3e@group-2C7205BAFB5D: shutdown
2019-11-13 20:17:54,658 [ForkJoinPool.commonPool-worker-1] INFO  util.JmxRegister (JmxRegister.java:unregister(73)) - Successfully un-registered JMX Bean with object name Ratis:service=RaftServer,group=group-6D7DD4B8F7C5,id=836dac64-dd9f-4309-a076-e086947645e1
2019-11-13 20:17:54,659 [main] INFO  util.JmxRegister (JmxRegister.java:unregister(73)) - Successfully un-registered JMX Bean with object name Ratis:service=RaftServer,group=group-2C7205BAFB5D,id=845221a7-8c03-4ab3-a7ad-b09d998a1b3e
2019-11-13 20:17:54,659 [ForkJoinPool.commonPool-worker-1] INFO  impl.RoleInfo (RoleInfo.java:shutdownLeaderState(104)) - 836dac64-dd9f-4309-a076-e086947645e1: shutdown LeaderState
2019-11-13 20:17:54,659 [main] INFO  impl.RoleInfo (RoleInfo.java:shutdownLeaderState(104)) - 845221a7-8c03-4ab3-a7ad-b09d998a1b3e: shutdown LeaderState
2019-11-13 20:17:54,662 [org.apache.ratis.server.impl.LogAppender$AppenderDaemon$$Lambda$415/455279792@71f1603d] WARN  server.GrpcLogAppender (GrpcLogAppender.java:mayWait(151)) - 836dac64-dd9f-4309-a076-e086947645e1@group-6D7DD4B8F7C5->227642ba-0415-4d98-a6b8-20167e8a399a-GrpcLogAppender: Wait interrupted by java.lang.InterruptedException
2019-11-13 20:17:54,662 [ForkJoinPool.commonPool-worker-1] INFO  impl.PendingRequests (PendingRequests.java:sendNotLeaderResponses(206)) - 836dac64-dd9f-4309-a076-e086947645e1@group-6D7DD4B8F7C5-PendingRequests: sendNotLeaderResponses
2019-11-13 20:17:54,662 [org.apache.ratis.server.impl.LogAppender$AppenderDaemon$$Lambda$415/455279792@45752625] WARN  server.GrpcLogAppender (GrpcLogAppender.java:mayWait(151)) - 836dac64-dd9f-4309-a076-e086947645e1@group-6D7DD4B8F7C5->d075120a-ef0f-46a0-9778-bb6f9a0780d0-GrpcLogAppender: Wait interrupted by java.lang.InterruptedException
2019-11-13 20:17:54,662 [main] INFO  impl.PendingRequests (PendingRequests.java:sendNotLeaderResponses(206)) - 845221a7-8c03-4ab3-a7ad-b09d998a1b3e@group-2C7205BAFB5D-PendingRequests: sendNotLeaderResponses
2019-11-13 20:17:54,664 [main] INFO  impl.StateMachineUpdater (StateMachineUpdater.java:stopAndJoin(136)) - 845221a7-8c03-4ab3-a7ad-b09d998a1b3e@group-2C7205BAFB5D-StateMachineUpdater: set stopIndex = 0
2019-11-13 20:17:54,664 [ForkJoinPool.commonPool-worker-1] INFO  impl.StateMachineUpdater (StateMachineUpdater.java:stopAndJoin(136)) - 836dac64-dd9f-4309-a076-e086947645e1@group-6D7DD4B8F7C5-StateMachineUpdater: set stopIndex = 2
2019-11-13 20:17:54,665 [ForkJoinPool.commonPool-worker-1] INFO  impl.RaftServerImpl (ServerState.java:close(387)) - 836dac64-dd9f-4309-a076-e086947645e1@group-6D7DD4B8F7C5: closes. applyIndex: 2
2019-11-13 20:17:54,665 [main] INFO  impl.RaftServerImpl (ServerState.java:close(387)) - 845221a7-8c03-4ab3-a7ad-b09d998a1b3e@group-2C7205BAFB5D: closes. applyIndex: 0
2019-11-13 20:17:54,665 [836dac64-dd9f-4309-a076-e086947645e1@group-6D7DD4B8F7C5-SegmentedRaftLogWorker] INFO  segmented.SegmentedRaftLogWorker (SegmentedRaftLogWorker.java:run(316)) - 836dac64-dd9f-4309-a076-e086947645e1@group-6D7DD4B8F7C5-SegmentedRaftLogWorker was interrupted, exiting. There are 0 tasks remaining in the queue.
2019-11-13 20:17:54,665 [845221a7-8c03-4ab3-a7ad-b09d998a1b3e@group-2C7205BAFB5D-SegmentedRaftLogWorker] INFO  segmented.SegmentedRaftLogWorker (SegmentedRaftLogWorker.java:run(316)) - 845221a7-8c03-4ab3-a7ad-b09d998a1b3e@group-2C7205BAFB5D-SegmentedRaftLogWorker was interrupted, exiting. There are 0 tasks remaining in the queue.
2019-11-13 20:17:54,666 [main] INFO  segmented.SegmentedRaftLogWorker (SegmentedRaftLogWorker.java:close(224)) - 845221a7-8c03-4ab3-a7ad-b09d998a1b3e@group-2C7205BAFB5D-SegmentedRaftLogWorker close()
2019-11-13 20:17:54,666 [ForkJoinPool.commonPool-worker-1] INFO  segmented.SegmentedRaftLogWorker (SegmentedRaftLogWorker.java:close(224)) - 836dac64-dd9f-4309-a076-e086947645e1@group-6D7DD4B8F7C5-SegmentedRaftLogWorker close()
2019-11-13 20:17:54,667 [main] INFO  impl.RaftServerImpl (RaftServerImpl.java:lambda$shutdown$3(250)) - 845221a7-8c03-4ab3-a7ad-b09d998a1b3e@group-0D0FE8FB5DF5: shutdown
2019-11-13 20:17:54,668 [ForkJoinPool.commonPool-worker-1] INFO  impl.RaftServerImpl (RaftServerImpl.java:lambda$shutdown$3(250)) - 836dac64-dd9f-4309-a076-e086947645e1@group-55C5DF776D5C: shutdown
2019-11-13 20:17:54,668 [main] INFO  util.JmxRegister (JmxRegister.java:unregister(73)) - Successfully un-registered JMX Bean with object name Ratis:service=RaftServer,group=group-0D0FE8FB5DF5,id=845221a7-8c03-4ab3-a7ad-b09d998a1b3e
2019-11-13 20:17:54,668 [ForkJoinPool.commonPool-worker-1] INFO  util.JmxRegister (JmxRegister.java:unregister(73)) - Successfully un-registered JMX Bean with object name Ratis:service=RaftServer,group=group-55C5DF776D5C,id=836dac64-dd9f-4309-a076-e086947645e1
2019-11-13 20:17:54,669 [main] INFO  impl.RoleInfo (RoleInfo.java:shutdownFollowerState(121)) - 845221a7-8c03-4ab3-a7ad-b09d998a1b3e: shutdown FollowerState
2019-11-13 20:17:54,669 [ForkJoinPool.commonPool-worker-1] INFO  impl.RoleInfo (RoleInfo.java:shutdownLeaderState(104)) - 836dac64-dd9f-4309-a076-e086947645e1: shutdown LeaderState
2019-11-13 20:17:54,669 [Thread-1730] INFO  impl.FollowerState (FollowerState.java:run(120)) - 845221a7-8c03-4ab3-a7ad-b09d998a1b3e@group-0D0FE8FB5DF5-FollowerState was interrupted: java.lang.InterruptedException: sleep interrupted
2019-11-13 20:17:54,669 [main] INFO  impl.StateMachineUpdater (StateMachineUpdater.java:stopAndJoin(136)) - 845221a7-8c03-4ab3-a7ad-b09d998a1b3e@group-0D0FE8FB5DF5-StateMachineUpdater: set stopIndex = 0
2019-11-13 20:17:54,670 [ForkJoinPool.commonPool-worker-1] INFO  impl.PendingRequests (PendingRequests.java:sendNotLeaderResponses(206)) - 836dac64-dd9f-4309-a076-e086947645e1@group-55C5DF776D5C-PendingRequests: sendNotLeaderResponses
2019-11-13 20:17:54,670 [main] INFO  impl.RaftServerImpl (ServerState.java:close(387)) - 845221a7-8c03-4ab3-a7ad-b09d998a1b3e@group-0D0FE8FB5DF5: closes. applyIndex: 0
2019-11-13 20:17:54,670 [ForkJoinPool.commonPool-worker-1] INFO  impl.StateMachineUpdater (StateMachineUpdater.java:stopAndJoin(136)) - 836dac64-dd9f-4309-a076-e086947645e1@group-55C5DF776D5C-StateMachineUpdater: set stopIndex = 0
2019-11-13 20:17:54,671 [ForkJoinPool.commonPool-worker-1] INFO  impl.RaftServerImpl (ServerState.java:close(387)) - 836dac64-dd9f-4309-a076-e086947645e1@group-55C5DF776D5C: closes. applyIndex: 0
2019-11-13 20:17:54,671 [845221a7-8c03-4ab3-a7ad-b09d998a1b3e@group-0D0FE8FB5DF5-SegmentedRaftLogWorker] INFO  segmented.SegmentedRaftLogWorker (SegmentedRaftLogWorker.java:run(316)) - 845221a7-8c03-4ab3-a7ad-b09d998a1b3e@group-0D0FE8FB5DF5-SegmentedRaftLogWorker was interrupted, exiting. There are 0 tasks remaining in the queue.
2019-11-13 20:17:54,671 [836dac64-dd9f-4309-a076-e086947645e1@group-55C5DF776D5C-SegmentedRaftLogWorker] INFO  segmented.SegmentedRaftLogWorker (SegmentedRaftLogWorker.java:run(316)) - 836dac64-dd9f-4309-a076-e086947645e1@group-55C5DF776D5C-SegmentedRaftLogWorker was interrupted, exiting. There are 0 tasks remaining in the queue.
2019-11-13 20:17:54,671 [main] INFO  segmented.SegmentedRaftLogWorker (SegmentedRaftLogWorker.java:close(224)) - 845221a7-8c03-4ab3-a7ad-b09d998a1b3e@group-0D0FE8FB5DF5-SegmentedRaftLogWorker close()
2019-11-13 20:17:54,671 [ForkJoinPool.commonPool-worker-1] INFO  segmented.SegmentedRaftLogWorker (SegmentedRaftLogWorker.java:close(224)) - 836dac64-dd9f-4309-a076-e086947645e1@group-55C5DF776D5C-SegmentedRaftLogWorker close()
2019-11-13 20:17:54,672 [main] INFO  server.GrpcService (GrpcService.java:closeImpl(164)) - 845221a7-8c03-4ab3-a7ad-b09d998a1b3e: shutdown server with port 35661 now
2019-11-13 20:17:54,673 [ForkJoinPool.commonPool-worker-1] INFO  server.GrpcService (GrpcService.java:closeImpl(164)) - 836dac64-dd9f-4309-a076-e086947645e1: shutdown server with port 40723 now
2019-11-13 20:17:54,674 [main] INFO  server.GrpcService (GrpcService.java:closeImpl(172)) - 845221a7-8c03-4ab3-a7ad-b09d998a1b3e: shutdown server with port 35661 successfully
2019-11-13 20:17:54,674 [ForkJoinPool.commonPool-worker-1] INFO  server.GrpcService (GrpcService.java:closeImpl(172)) - 836dac64-dd9f-4309-a076-e086947645e1: shutdown server with port 40723 successfully
2019-11-13 20:17:54,678 [refreshUsed-/workdir/hadoop-ozone/integration-test/target/test-dir/MiniOzoneClusterImpl-e03c2511-109e-4d60-a68c-0151beb67872/datanode-7/data/containers] WARN  fs.CachingGetSpaceUsed (CachingGetSpaceUsed.java:run(183)) - Thread Interrupted waiting to refresh disk information: sleep interrupted
2019-11-13 20:17:54,679 [refreshUsed-/workdir/hadoop-ozone/integration-test/target/test-dir/MiniOzoneClusterImpl-e03c2511-109e-4d60-a68c-0151beb67872/datanode-1/data/containers] WARN  fs.CachingGetSpaceUsed (CachingGetSpaceUsed.java:run(183)) - Thread Interrupted waiting to refresh disk information: sleep interrupted
2019-11-13 20:17:54,700 [ForkJoinPool.commonPool-worker-1] INFO  utils.BackgroundService (BackgroundService.java:shutdown(151)) - Shutting down service BlockDeletingService
2019-11-13 20:17:54,705 [ForkJoinPool.commonPool-worker-1] INFO  statemachine.DatanodeStateMachine (DatanodeStateMachine.java:stopDaemon(395)) - Ozone container server stopped.
2019-11-13 20:17:54,708 [main] INFO  utils.BackgroundService (BackgroundService.java:shutdown(151)) - Shutting down service BlockDeletingService
2019-11-13 20:17:54,709 [ForkJoinPool.commonPool-worker-1] INFO  handler.ContextHandler (ContextHandler.java:doStop(910)) - Stopped o.e.j.w.WebAppContext@b0fd744{/,null,UNAVAILABLE}{/hddsDatanode}
2019-11-13 20:17:54,713 [main] INFO  statemachine.DatanodeStateMachine (DatanodeStateMachine.java:stopDaemon(395)) - Ozone container server stopped.
2019-11-13 20:17:54,714 [ForkJoinPool.commonPool-worker-1] INFO  server.AbstractConnector (AbstractConnector.java:doStop(318)) - Stopped ServerConnector@92d1782{HTTP/1.1,[http/1.1]}{0.0.0.0:0}
2019-11-13 20:17:54,714 [ForkJoinPool.commonPool-worker-1] INFO  handler.ContextHandler (ContextHandler.java:doStop(910)) - Stopped o.e.j.s.ServletContextHandler@67536ae0{/static,jar:file:/home/user/.m2/repository/org/apache/hadoop/hadoop-hdds-container-service/0.5.0-SNAPSHOT/hadoop-hdds-container-service-0.5.0-SNAPSHOT.jar!/webapps/static,UNAVAILABLE}
2019-11-13 20:17:54,714 [main] INFO  handler.ContextHandler (ContextHandler.java:doStop(910)) - Stopped o.e.j.w.WebAppContext@1f95881a{/,null,UNAVAILABLE}{/hddsDatanode}
2019-11-13 20:17:54,715 [ForkJoinPool.commonPool-worker-1] INFO  handler.ContextHandler (ContextHandler.java:doStop(910)) - Stopped o.e.j.s.ServletContextHandler@45658133{/logs,file:///workdir/hadoop-ozone/integration-test/target/log,UNAVAILABLE}
2019-11-13 20:17:54,716 [main] INFO  server.AbstractConnector (AbstractConnector.java:doStop(318)) - Stopped ServerConnector@17b016ac{HTTP/1.1,[http/1.1]}{0.0.0.0:0}
2019-11-13 20:17:54,716 [main] INFO  handler.ContextHandler (ContextHandler.java:doStop(910)) - Stopped o.e.j.s.ServletContextHandler@270d43a7{/static,jar:file:/home/user/.m2/repository/org/apache/hadoop/hadoop-hdds-container-service/0.5.0-SNAPSHOT/hadoop-hdds-container-service-0.5.0-SNAPSHOT.jar!/webapps/static,UNAVAILABLE}
2019-11-13 20:17:54,716 [main] INFO  handler.ContextHandler (ContextHandler.java:doStop(910)) - Stopped o.e.j.s.ServletContextHandler@3e8799f{/logs,file:///workdir/hadoop-ozone/integration-test/target/log,UNAVAILABLE}
2019-11-13 20:17:54,717 [main] INFO  ozone.MiniOzoneClusterImpl (MiniOzoneClusterImpl.java:stopSCM(430)) - Stopping the StorageContainerManager
2019-11-13 20:17:54,718 [main] INFO  server.StorageContainerManager (StorageContainerManager.java:stop(802)) - Stopping Replication Manager Service.
2019-11-13 20:17:54,718 [main] INFO  container.ReplicationManager (ReplicationManager.java:stop(203)) - Stopping Replication Monitor Thread.
2019-11-13 20:17:54,718 [main] INFO  server.StorageContainerManager (StorageContainerManager.java:stop(809)) - Stopping Lease Manager of the command watchers
2019-11-13 20:17:54,718 [main] INFO  server.StorageContainerManager (StorageContainerManager.java:stop(816)) - Stopping datanode service RPC server
2019-11-13 20:17:54,718 [main] INFO  server.SCMDatanodeProtocolServer (SCMDatanodeProtocolServer.java:stop(346)) - Stopping the RPC server for DataNodes
2019-11-13 20:17:54,718 [main] INFO  ipc.Server (Server.java:stop(3082)) - Stopping server on 32918
2019-11-13 20:17:54,720 [IPC Server listener on 32918] INFO  ipc.Server (Server.java:run(1185)) - Stopping IPC Server listener on 32918
2019-11-13 20:17:54,720 [IPC Server Responder] INFO  ipc.Server (Server.java:run(1319)) - Stopping IPC Server Responder
2019-11-13 20:17:54,724 [SCM Heartbeat Processing Thread - 0] WARN  node.NodeStateManager (NodeStateManager.java:scheduleNextHealthCheck(646)) - Current Thread is interrupted, shutting down HB processing thread for Node Manager.
2019-11-13 20:17:54,725 [main] INFO  server.StorageContainerManager (StorageContainerManager.java:stop(824)) - Stopping block service RPC server
2019-11-13 20:17:54,725 [main] INFO  server.SCMBlockProtocolServer (SCMBlockProtocolServer.java:stop(155)) - Stopping the RPC server for Block Protocol
2019-11-13 20:17:54,725 [main] INFO  ipc.Server (Server.java:stop(3082)) - Stopping server on 45994
2019-11-13 20:17:54,726 [IPC Server listener on 45994] INFO  ipc.Server (Server.java:run(1185)) - Stopping IPC Server listener on 45994
2019-11-13 20:17:54,726 [main] INFO  server.StorageContainerManager (StorageContainerManager.java:stop(831)) - Stopping the StorageContainerLocationProtocol RPC server
2019-11-13 20:17:54,727 [IPC Server Responder] INFO  ipc.Server (Server.java:run(1319)) - Stopping IPC Server Responder
2019-11-13 20:17:54,728 [main] INFO  server.SCMClientProtocolServer (SCMClientProtocolServer.java:stop(168)) - Stopping the RPC server for Client Protocol
2019-11-13 20:17:54,728 [main] INFO  ipc.Server (Server.java:stop(3082)) - Stopping server on 34586
2019-11-13 20:17:54,729 [IPC Server listener on 34586] INFO  ipc.Server (Server.java:run(1185)) - Stopping IPC Server listener on 34586
2019-11-13 20:17:54,730 [main] INFO  server.StorageContainerManager (StorageContainerManager.java:stop(838)) - Stopping Storage Container Manager HTTP server.
2019-11-13 20:17:54,730 [IPC Server Responder] INFO  ipc.Server (Server.java:run(1319)) - Stopping IPC Server Responder
2019-11-13 20:17:54,731 [main] INFO  handler.ContextHandler (ContextHandler.java:doStop(910)) - Stopped o.e.j.w.WebAppContext@7bd96822{/,null,UNAVAILABLE}{/scm}
2019-11-13 20:17:54,732 [main] INFO  server.AbstractConnector (AbstractConnector.java:doStop(318)) - Stopped ServerConnector@64dae3b7{HTTP/1.1,[http/1.1]}{0.0.0.0:0}
2019-11-13 20:17:54,732 [main] INFO  handler.ContextHandler (ContextHandler.java:doStop(910)) - Stopped o.e.j.s.ServletContextHandler@3330f3ad{/static,file:///workdir/hadoop-ozone/integration-test/target/test-classes/webapps/static,UNAVAILABLE}
2019-11-13 20:17:54,733 [main] INFO  handler.ContextHandler (ContextHandler.java:doStop(910)) - Stopped o.e.j.s.ServletContextHandler@2b0e9f30{/logs,file:///workdir/hadoop-ozone/integration-test/target/log,UNAVAILABLE}
2019-11-13 20:17:54,734 [main] INFO  server.StorageContainerManager (StorageContainerManager.java:stop(849)) - Stopping Block Manager Service.
2019-11-13 20:17:54,734 [main] INFO  utils.BackgroundService (BackgroundService.java:shutdown(151)) - Shutting down service SCMBlockDeletingService
2019-11-13 20:17:54,734 [main] INFO  utils.BackgroundService (BackgroundService.java:shutdown(151)) - Shutting down service SCMBlockDeletingService
2019-11-13 20:17:54,735 [main] INFO  server.StorageContainerManager (StorageContainerManager.java:stop(871)) - Stopping SCM Event Queue.
2019-11-13 20:17:54,742 [main] INFO  impl.MetricsSystemImpl (MetricsSystemImpl.java:stop(210)) - Stopping HddsDatanode metrics system...
2019-11-13 20:17:54,756 [main] INFO  impl.MetricsSystemImpl (MetricsSystemImpl.java:stop(216)) - HddsDatanode metrics system stopped.
]]></system-out>
    <system-err><![CDATA[Nov 13, 2019 8:17:44 PM org.apache.ratis.thirdparty.io.grpc.internal.SerializingExecutor run
SEVERE: Exception while executing runnable org.apache.ratis.thirdparty.io.grpc.internal.ServerImpl$JumpToApplicationThreadServerStreamListener$1Closed@d02c451
org.apache.ratis.thirdparty.io.grpc.StatusRuntimeException: CANCELLED: call already cancelled
	at org.apache.ratis.thirdparty.io.grpc.Status.asRuntimeException(Status.java:517)
	at org.apache.ratis.thirdparty.io.grpc.stub.ServerCalls$ServerCallStreamObserverImpl.onCompleted(ServerCalls.java:356)
	at org.apache.ratis.grpc.server.GrpcServerProtocolService$ServerRequestStreamObserver.onError(GrpcServerProtocolService.java:121)
	at org.apache.ratis.thirdparty.io.grpc.stub.ServerCalls$StreamingServerCallHandler$StreamingServerCallListener.onCancel(ServerCalls.java:269)
	at org.apache.ratis.thirdparty.io.grpc.internal.ServerCallImpl$ServerStreamListenerImpl.closed(ServerCallImpl.java:293)
	at org.apache.ratis.thirdparty.io.grpc.internal.ServerImpl$JumpToApplicationThreadServerStreamListener$1Closed.runInContext(ServerImpl.java:741)
	at org.apache.ratis.thirdparty.io.grpc.internal.ContextRunnable.run(ContextRunnable.java:37)
	at org.apache.ratis.thirdparty.io.grpc.internal.SerializingExecutor.run(SerializingExecutor.java:123)
	at java.util.concurrent.ThreadPoolExecutor.runWorker(ThreadPoolExecutor.java:1149)
	at java.util.concurrent.ThreadPoolExecutor$Worker.run(ThreadPoolExecutor.java:624)
	at java.lang.Thread.run(Thread.java:748)

Nov 13, 2019 8:17:49 PM org.apache.ratis.thirdparty.io.grpc.internal.SerializingExecutor run
SEVERE: Exception while executing runnable org.apache.ratis.thirdparty.io.grpc.internal.ServerImpl$JumpToApplicationThreadServerStreamListener$1Closed@d78edb1
org.apache.ratis.thirdparty.io.grpc.StatusRuntimeException: CANCELLED: call already cancelled
	at org.apache.ratis.thirdparty.io.grpc.Status.asRuntimeException(Status.java:517)
	at org.apache.ratis.thirdparty.io.grpc.stub.ServerCalls$ServerCallStreamObserverImpl.onCompleted(ServerCalls.java:356)
	at org.apache.ratis.grpc.server.GrpcServerProtocolService$ServerRequestStreamObserver.onError(GrpcServerProtocolService.java:121)
	at org.apache.ratis.thirdparty.io.grpc.stub.ServerCalls$StreamingServerCallHandler$StreamingServerCallListener.onCancel(ServerCalls.java:269)
	at org.apache.ratis.thirdparty.io.grpc.internal.ServerCallImpl$ServerStreamListenerImpl.closed(ServerCallImpl.java:293)
	at org.apache.ratis.thirdparty.io.grpc.internal.ServerImpl$JumpToApplicationThreadServerStreamListener$1Closed.runInContext(ServerImpl.java:741)
	at org.apache.ratis.thirdparty.io.grpc.internal.ContextRunnable.run(ContextRunnable.java:37)
	at org.apache.ratis.thirdparty.io.grpc.internal.SerializingExecutor.run(SerializingExecutor.java:123)
	at java.util.concurrent.ThreadPoolExecutor.runWorker(ThreadPoolExecutor.java:1149)
	at java.util.concurrent.ThreadPoolExecutor$Worker.run(ThreadPoolExecutor.java:624)
	at java.lang.Thread.run(Thread.java:748)

]]></system-err>
  </testcase>
  <testcase name="testWriteSmallFile" classname="org.apache.hadoop.ozone.client.rpc.TestFailureHandlingByClient" time="48.563"/>
  <testcase name="testBlockWritesWithDnFailures" classname="org.apache.hadoop.ozone.client.rpc.TestFailureHandlingByClient" time="91.815"/>
  <testcase name="testDatanodeExclusionWithMajorityCommit" classname="org.apache.hadoop.ozone.client.rpc.TestFailureHandlingByClient" time="41.237">
    <failure type="java.lang.AssertionError">java.lang.AssertionError
	at org.junit.Assert.fail(Assert.java:86)
	at org.junit.Assert.assertTrue(Assert.java:41)
	at org.junit.Assert.assertTrue(Assert.java:52)
	at org.apache.hadoop.ozone.client.rpc.TestFailureHandlingByClient.testDatanodeExclusionWithMajorityCommit(TestFailureHandlingByClient.java:318)
	at sun.reflect.NativeMethodAccessorImpl.invoke0(Native Method)
	at sun.reflect.NativeMethodAccessorImpl.invoke(NativeMethodAccessorImpl.java:62)
	at sun.reflect.DelegatingMethodAccessorImpl.invoke(DelegatingMethodAccessorImpl.java:43)
	at java.lang.reflect.Method.invoke(Method.java:498)
	at org.junit.runners.model.FrameworkMethod$1.runReflectiveCall(FrameworkMethod.java:47)
	at org.junit.internal.runners.model.ReflectiveCallable.run(ReflectiveCallable.java:12)
	at org.junit.runners.model.FrameworkMethod.invokeExplosively(FrameworkMethod.java:44)
	at org.junit.internal.runners.statements.InvokeMethod.evaluate(InvokeMethod.java:17)
	at org.junit.internal.runners.statements.RunAfters.evaluate(RunAfters.java:27)
	at org.junit.runners.ParentRunner.runLeaf(ParentRunner.java:271)
	at org.junit.runners.BlockJUnit4ClassRunner.runChild(BlockJUnit4ClassRunner.java:70)
	at org.junit.runners.BlockJUnit4ClassRunner.runChild(BlockJUnit4ClassRunner.java:50)
	at org.junit.runners.ParentRunner$3.run(ParentRunner.java:238)
	at org.junit.runners.ParentRunner$1.schedule(ParentRunner.java:63)
	at org.junit.runners.ParentRunner.runChildren(ParentRunner.java:236)
	at org.junit.runners.ParentRunner.access$000(ParentRunner.java:53)
	at org.junit.runners.ParentRunner$2.evaluate(ParentRunner.java:229)
	at org.junit.runners.ParentRunner.run(ParentRunner.java:309)
	at org.apache.maven.surefire.junit4.JUnit4Provider.execute(JUnit4Provider.java:365)
	at org.apache.maven.surefire.junit4.JUnit4Provider.executeWithRerun(JUnit4Provider.java:273)
	at org.apache.maven.surefire.junit4.JUnit4Provider.executeTestSet(JUnit4Provider.java:238)
	at org.apache.maven.surefire.junit4.JUnit4Provider.invoke(JUnit4Provider.java:159)
	at org.apache.maven.surefire.booter.ForkedBooter.invokeProviderInSameClassLoader(ForkedBooter.java:384)
	at org.apache.maven.surefire.booter.ForkedBooter.runSuitesInProcess(ForkedBooter.java:345)
	at org.apache.maven.surefire.booter.ForkedBooter.execute(ForkedBooter.java:126)
	at org.apache.maven.surefire.booter.ForkedBooter.main(ForkedBooter.java:418)
</failure>
    <system-out><![CDATA[2019-11-13 20:20:15,200 [main] WARN  server.ServerUtils (ServerUtils.java:getScmDbDir(145)) - ozone.scm.db.dirs is not configured. We recommend adding this setting. Falling back to ozone.metadata.dirs instead.
2019-11-13 20:20:15,226 [main] WARN  server.ServerUtils (ServerUtils.java:getScmDbDir(145)) - ozone.scm.db.dirs is not configured. We recommend adding this setting. Falling back to ozone.metadata.dirs instead.
2019-11-13 20:20:15,226 [main] WARN  server.ServerUtils (ServerUtils.java:getScmDbDir(145)) - ozone.scm.db.dirs is not configured. We recommend adding this setting. Falling back to ozone.metadata.dirs instead.
2019-11-13 20:20:15,227 [main] INFO  db.DBStoreBuilder (DBStoreBuilder.java:addTable(127)) - using custom profile for table: deletedBlocks
2019-11-13 20:20:15,227 [main] INFO  db.DBStoreBuilder (DBStoreBuilder.java:processTables(183)) - Using default column profile:DBProfile.DISK for Table:deletedBlocks
2019-11-13 20:20:15,228 [main] INFO  db.DBStoreBuilder (DBStoreBuilder.java:addTable(127)) - using custom profile for table: validCerts
2019-11-13 20:20:15,228 [main] INFO  db.DBStoreBuilder (DBStoreBuilder.java:processTables(183)) - Using default column profile:DBProfile.DISK for Table:validCerts
2019-11-13 20:20:15,228 [main] INFO  db.DBStoreBuilder (DBStoreBuilder.java:addTable(127)) - using custom profile for table: revokedCerts
2019-11-13 20:20:15,228 [main] INFO  db.DBStoreBuilder (DBStoreBuilder.java:processTables(183)) - Using default column profile:DBProfile.DISK for Table:revokedCerts
2019-11-13 20:20:15,229 [main] INFO  db.DBStoreBuilder (DBStoreBuilder.java:addTable(127)) - using custom profile for table: default
2019-11-13 20:20:15,229 [main] INFO  db.DBStoreBuilder (DBStoreBuilder.java:processTables(189)) - Using default column profile:DBProfile.DISK for Table:default
2019-11-13 20:20:15,229 [main] INFO  db.DBStoreBuilder (DBStoreBuilder.java:getDbProfile(220)) - Using default options. DBProfile.DISK
2019-11-13 20:20:15,425 [main] INFO  net.NodeSchemaLoader (NodeSchemaLoader.java:loadSchemaFromFile(125)) - Loading file from sun.misc.CompoundEnumeration@5b8853
2019-11-13 20:20:15,425 [main] INFO  net.NodeSchemaLoader (NodeSchemaLoader.java:loadSchema(171)) - Loading network topology layer schema file
2019-11-13 20:20:15,430 [main] INFO  node.SCMNodeManager (SCMNodeManager.java:<init>(116)) - Entering startup safe mode.
2019-11-13 20:20:15,431 [main] INFO  algorithms.ContainerPlacementPolicyFactory (ContainerPlacementPolicyFactory.java:getPolicy(57)) - Create container placement policy of type org.apache.hadoop.hdds.scm.container.placement.algorithms.SCMContainerPlacementRandom
2019-11-13 20:20:15,432 [main] WARN  server.ServerUtils (ServerUtils.java:getScmDbDir(145)) - ozone.scm.db.dirs is not configured. We recommend adding this setting. Falling back to ozone.metadata.dirs instead.
2019-11-13 20:20:15,475 [main] INFO  pipeline.SCMPipelineManager (SCMPipelineManager.java:initializePipelineState(132)) - No pipeline exists in current db
2019-11-13 20:20:15,475 [main] WARN  server.ServerUtils (ServerUtils.java:getScmDbDir(145)) - ozone.scm.db.dirs is not configured. We recommend adding this setting. Falling back to ozone.metadata.dirs instead.
2019-11-13 20:20:15,553 [main] WARN  events.EventQueue (EventQueue.java:fireEvent(183)) - No event handler registered for event TypedEvent{payloadType=SafeModeStatus, name='SafeModeStatus'}
2019-11-13 20:20:15,554 [main] INFO  ipc.CallQueueManager (CallQueueManager.java:<init>(84)) - Using callQueue: class java.util.concurrent.LinkedBlockingQueue, queueCapacity: 2000, scheduler: class org.apache.hadoop.ipc.DefaultRpcScheduler, ipcBackoff: false.
2019-11-13 20:20:15,555 [Socket Reader #1 for port 35908] INFO  ipc.Server (Server.java:run(1074)) - Starting Socket Reader #1 for port 35908
2019-11-13 20:20:15,557 [main] INFO  ipc.CallQueueManager (CallQueueManager.java:<init>(84)) - Using callQueue: class java.util.concurrent.LinkedBlockingQueue, queueCapacity: 2000, scheduler: class org.apache.hadoop.ipc.DefaultRpcScheduler, ipcBackoff: false.
2019-11-13 20:20:15,558 [Socket Reader #1 for port 38070] INFO  ipc.Server (Server.java:run(1074)) - Starting Socket Reader #1 for port 38070
2019-11-13 20:20:15,560 [main] INFO  ipc.CallQueueManager (CallQueueManager.java:<init>(84)) - Using callQueue: class java.util.concurrent.LinkedBlockingQueue, queueCapacity: 2000, scheduler: class org.apache.hadoop.ipc.DefaultRpcScheduler, ipcBackoff: false.
2019-11-13 20:20:15,561 [Socket Reader #1 for port 42165] INFO  ipc.Server (Server.java:run(1074)) - Starting Socket Reader #1 for port 42165
2019-11-13 20:20:15,563 [main] INFO  hdfs.DFSUtil (DFSUtil.java:httpServerTemplateForNNAndJN(1641)) - Starting Web-server for scm at: http://0.0.0.0:0
2019-11-13 20:20:15,566 [main] INFO  server.AuthenticationFilter (AuthenticationFilter.java:constructSecretProvider(240)) - Unable to initialize FileSignerSecretProvider, falling back to use random secrets.
2019-11-13 20:20:15,567 [main] WARN  http.HttpRequestLog (HttpRequestLog.java:getRequestLog(97)) - Jetty request log can only be enabled using Log4j
2019-11-13 20:20:15,569 [main] INFO  http.HttpServer2 (HttpServer2.java:addGlobalFilter(975)) - Added global filter 'safety' (class=org.apache.hadoop.http.HttpServer2$QuotingInputFilter)
2019-11-13 20:20:15,570 [main] INFO  http.HttpServer2 (HttpServer2.java:addFilter(948)) - Added filter static_user_filter (class=org.apache.hadoop.http.lib.StaticUserWebFilter$StaticUserFilter) to context scm
2019-11-13 20:20:15,570 [main] INFO  http.HttpServer2 (HttpServer2.java:addFilter(958)) - Added filter static_user_filter (class=org.apache.hadoop.http.lib.StaticUserWebFilter$StaticUserFilter) to context static
2019-11-13 20:20:15,570 [main] INFO  http.HttpServer2 (HttpServer2.java:addFilter(958)) - Added filter static_user_filter (class=org.apache.hadoop.http.lib.StaticUserWebFilter$StaticUserFilter) to context logs
2019-11-13 20:20:15,572 [main] INFO  server.StorageContainerManager (StorageContainerManager.java:start(764)) - StorageContainerLocationProtocol RPC server is listening at /0.0.0.0:42165
2019-11-13 20:20:15,575 [main] WARN  impl.MetricsConfig (MetricsConfig.java:loadFirst(134)) - Cannot locate configuration: tried hadoop-metrics2-storagecontainermanager.properties,hadoop-metrics2.properties
2019-11-13 20:20:15,576 [main] INFO  impl.MetricsSystemImpl (MetricsSystemImpl.java:startTimer(374)) - Scheduled Metric snapshot period at 10 second(s).
2019-11-13 20:20:15,576 [main] INFO  impl.MetricsSystemImpl (MetricsSystemImpl.java:start(191)) - StorageContainerManager metrics system started
2019-11-13 20:20:15,627 [main] WARN  impl.MetricsSystemImpl (MetricsSystemImpl.java:register(276)) - Sink prometheus already exists!
2019-11-13 20:20:15,681 [main] INFO  server.SCMClientProtocolServer (SCMClientProtocolServer.java:start(159)) - RPC server for Client  is listening at /0.0.0.0:42165
2019-11-13 20:20:15,682 [IPC Server Responder] INFO  ipc.Server (Server.java:run(1314)) - IPC Server Responder: starting
2019-11-13 20:20:15,682 [IPC Server listener on 42165] INFO  ipc.Server (Server.java:run(1153)) - IPC Server listener on 42165: starting
2019-11-13 20:20:15,685 [main] INFO  server.StorageContainerManager (StorageContainerManager.java:start(774)) - ScmBlockLocationProtocol RPC server is listening at /0.0.0.0:38070
2019-11-13 20:20:15,685 [main] INFO  server.SCMBlockProtocolServer (SCMBlockProtocolServer.java:start(146)) - RPC server for Block Protocol is listening at /0.0.0.0:38070
2019-11-13 20:20:15,686 [IPC Server Responder] INFO  ipc.Server (Server.java:run(1314)) - IPC Server Responder: starting
2019-11-13 20:20:15,686 [IPC Server listener on 38070] INFO  ipc.Server (Server.java:run(1153)) - IPC Server listener on 38070: starting
2019-11-13 20:20:15,689 [main] INFO  server.StorageContainerManager (StorageContainerManager.java:start(778)) - ScmDatanodeProtocl RPC server is listening at /0.0.0.0:35908
2019-11-13 20:20:15,689 [main] INFO  server.SCMDatanodeProtocolServer (SCMDatanodeProtocolServer.java:start(169)) - RPC server for DataNodes is listening at /0.0.0.0:35908
2019-11-13 20:20:15,690 [IPC Server Responder] INFO  ipc.Server (Server.java:run(1314)) - IPC Server Responder: starting
2019-11-13 20:20:15,690 [IPC Server listener on 35908] INFO  ipc.Server (Server.java:run(1153)) - IPC Server listener on 35908: starting
2019-11-13 20:20:15,692 [main] INFO  http.HttpServer2 (HttpServer2.java:bindListener(1191)) - Jetty bound to port 39382
2019-11-13 20:20:15,693 [main] INFO  server.Server (Server.java:doStart(351)) - jetty-9.3.25.v20180904, build timestamp: 2018-09-04T21:11:46Z, git hash: 3ce520221d0240229c862b122d2b06c12a625732
2019-11-13 20:20:15,694 [main] INFO  handler.ContextHandler (ContextHandler.java:doStart(781)) - Started o.e.j.s.ServletContextHandler@5bfc79cb{/logs,file:///workdir/hadoop-ozone/integration-test/target/log,AVAILABLE}
2019-11-13 20:20:15,695 [main] INFO  handler.ContextHandler (ContextHandler.java:doStart(781)) - Started o.e.j.s.ServletContextHandler@3bbf1c0d{/static,file:///workdir/hadoop-ozone/integration-test/target/test-classes/webapps/static,AVAILABLE}
2019-11-13 20:20:15,698 [main] INFO  handler.ContextHandler (ContextHandler.java:doStart(781)) - Started o.e.j.w.WebAppContext@236c098{/,file:///workdir/hadoop-ozone/integration-test/target/test-classes/webapps/scm/,AVAILABLE}{/scm}
2019-11-13 20:20:15,698 [main] INFO  server.AbstractConnector (AbstractConnector.java:doStart(278)) - Started ServerConnector@68e2d03e{HTTP/1.1,[http/1.1]}{0.0.0.0:39382}
2019-11-13 20:20:15,698 [main] INFO  server.Server (Server.java:doStart(419)) - Started @234058ms
2019-11-13 20:20:15,699 [main] WARN  impl.MetricsSystemImpl (MetricsSystemImpl.java:register(276)) - Sink prometheus already exists!
2019-11-13 20:20:15,700 [main] INFO  server.BaseHttpServer (BaseHttpServer.java:updateConnectorAddress(215)) - HTTP server of SCM is listening at http://0.0.0.0:39382
2019-11-13 20:20:15,700 [main] WARN  server.ServerUtils (ServerUtils.java:getDBPath(222)) - ozone.om.db.dirs is not configured. We recommend adding this setting. Falling back to ozone.metadata.dirs instead.
2019-11-13 20:20:15,701 [org.apache.hadoop.util.JvmPauseMonitor$Monitor@32ab408e] INFO  util.JvmPauseMonitor (JvmPauseMonitor.java:run(188)) - Starting JVM pause monitor
2019-11-13 20:20:15,716 [main] INFO  ha.OMHANodeDetails (OMHANodeDetails.java:loadOMHAConfig(190)) - Configuration either no ozone.om.address set. Falling back to the default OM address /127.0.0.1:0
2019-11-13 20:20:15,716 [main] INFO  ha.OMHANodeDetails (OMHANodeDetails.java:getOMNodeDetails(220)) - OM Service ID is not set. Setting it to the default ID: omServiceIdDefault
2019-11-13 20:20:15,717 [main] WARN  server.ServerUtils (ServerUtils.java:getDBPath(222)) - ozone.om.db.dirs is not configured. We recommend adding this setting. Falling back to ozone.metadata.dirs instead.
2019-11-13 20:20:15,717 [main] WARN  server.ServerUtils (ServerUtils.java:getDBPath(222)) - ozone.om.db.dirs is not configured. We recommend adding this setting. Falling back to ozone.metadata.dirs instead.
2019-11-13 20:20:15,723 [main] WARN  server.ServerUtils (ServerUtils.java:getDBPath(222)) - ozone.om.db.dirs is not configured. We recommend adding this setting. Falling back to ozone.metadata.dirs instead.
2019-11-13 20:20:15,724 [main] INFO  db.DBStoreBuilder (DBStoreBuilder.java:addTable(127)) - using custom profile for table: userTable
2019-11-13 20:20:15,724 [main] INFO  db.DBStoreBuilder (DBStoreBuilder.java:processTables(183)) - Using default column profile:DBProfile.DISK for Table:userTable
2019-11-13 20:20:15,724 [main] INFO  db.DBStoreBuilder (DBStoreBuilder.java:addTable(127)) - using custom profile for table: volumeTable
2019-11-13 20:20:15,724 [main] INFO  db.DBStoreBuilder (DBStoreBuilder.java:processTables(183)) - Using default column profile:DBProfile.DISK for Table:volumeTable
2019-11-13 20:20:15,725 [main] INFO  db.DBStoreBuilder (DBStoreBuilder.java:addTable(127)) - using custom profile for table: bucketTable
2019-11-13 20:20:15,725 [main] INFO  db.DBStoreBuilder (DBStoreBuilder.java:processTables(183)) - Using default column profile:DBProfile.DISK for Table:bucketTable
2019-11-13 20:20:15,725 [main] INFO  db.DBStoreBuilder (DBStoreBuilder.java:addTable(127)) - using custom profile for table: keyTable
2019-11-13 20:20:15,725 [main] INFO  db.DBStoreBuilder (DBStoreBuilder.java:processTables(183)) - Using default column profile:DBProfile.DISK for Table:keyTable
2019-11-13 20:20:15,725 [main] INFO  db.DBStoreBuilder (DBStoreBuilder.java:addTable(127)) - using custom profile for table: deletedTable
2019-11-13 20:20:15,725 [main] INFO  db.DBStoreBuilder (DBStoreBuilder.java:processTables(183)) - Using default column profile:DBProfile.DISK for Table:deletedTable
2019-11-13 20:20:15,726 [main] INFO  db.DBStoreBuilder (DBStoreBuilder.java:addTable(127)) - using custom profile for table: openKeyTable
2019-11-13 20:20:15,726 [main] INFO  db.DBStoreBuilder (DBStoreBuilder.java:processTables(183)) - Using default column profile:DBProfile.DISK for Table:openKeyTable
2019-11-13 20:20:15,726 [main] INFO  db.DBStoreBuilder (DBStoreBuilder.java:addTable(127)) - using custom profile for table: s3Table
2019-11-13 20:20:15,726 [main] INFO  db.DBStoreBuilder (DBStoreBuilder.java:processTables(183)) - Using default column profile:DBProfile.DISK for Table:s3Table
2019-11-13 20:20:15,726 [main] INFO  db.DBStoreBuilder (DBStoreBuilder.java:addTable(127)) - using custom profile for table: multipartInfoTable
2019-11-13 20:20:15,727 [main] INFO  db.DBStoreBuilder (DBStoreBuilder.java:processTables(183)) - Using default column profile:DBProfile.DISK for Table:multipartInfoTable
2019-11-13 20:20:15,727 [main] INFO  db.DBStoreBuilder (DBStoreBuilder.java:addTable(127)) - using custom profile for table: dTokenTable
2019-11-13 20:20:15,727 [main] INFO  db.DBStoreBuilder (DBStoreBuilder.java:processTables(183)) - Using default column profile:DBProfile.DISK for Table:dTokenTable
2019-11-13 20:20:15,727 [main] INFO  db.DBStoreBuilder (DBStoreBuilder.java:addTable(127)) - using custom profile for table: s3SecretTable
2019-11-13 20:20:15,727 [main] INFO  db.DBStoreBuilder (DBStoreBuilder.java:processTables(183)) - Using default column profile:DBProfile.DISK for Table:s3SecretTable
2019-11-13 20:20:15,727 [main] INFO  db.DBStoreBuilder (DBStoreBuilder.java:addTable(127)) - using custom profile for table: prefixTable
2019-11-13 20:20:15,728 [main] INFO  db.DBStoreBuilder (DBStoreBuilder.java:processTables(183)) - Using default column profile:DBProfile.DISK for Table:prefixTable
2019-11-13 20:20:15,728 [main] INFO  db.DBStoreBuilder (DBStoreBuilder.java:addTable(127)) - using custom profile for table: default
2019-11-13 20:20:15,728 [main] INFO  db.DBStoreBuilder (DBStoreBuilder.java:processTables(189)) - Using default column profile:DBProfile.DISK for Table:default
2019-11-13 20:20:15,728 [main] INFO  db.DBStoreBuilder (DBStoreBuilder.java:getDbProfile(220)) - Using default options. DBProfile.DISK
2019-11-13 20:20:16,219 [main] INFO  ipc.CallQueueManager (CallQueueManager.java:<init>(84)) - Using callQueue: class java.util.concurrent.LinkedBlockingQueue, queueCapacity: 2000, scheduler: class org.apache.hadoop.ipc.DefaultRpcScheduler, ipcBackoff: false.
2019-11-13 20:20:16,219 [Socket Reader #1 for port 37038] INFO  ipc.Server (Server.java:run(1074)) - Starting Socket Reader #1 for port 37038
2019-11-13 20:20:16,234 [main] INFO  om.OzoneManager (OzoneManager.java:start(1077)) - OzoneManager RPC server is listening at localhost/127.0.0.1:37038
2019-11-13 20:20:16,234 [main] INFO  impl.MetricsSystemImpl (MetricsSystemImpl.java:init(158)) - OzoneManager metrics system started (again)
2019-11-13 20:20:16,235 [IPC Server listener on 37038] INFO  ipc.Server (Server.java:run(1153)) - IPC Server listener on 37038: starting
2019-11-13 20:20:16,235 [IPC Server Responder] INFO  ipc.Server (Server.java:run(1314)) - IPC Server Responder: starting
2019-11-13 20:20:16,240 [main] INFO  hdfs.DFSUtil (DFSUtil.java:httpServerTemplateForNNAndJN(1641)) - Starting Web-server for ozoneManager at: http://0.0.0.0:0
2019-11-13 20:20:16,242 [main] INFO  server.AuthenticationFilter (AuthenticationFilter.java:constructSecretProvider(240)) - Unable to initialize FileSignerSecretProvider, falling back to use random secrets.
2019-11-13 20:20:16,242 [main] WARN  http.HttpRequestLog (HttpRequestLog.java:getRequestLog(97)) - Jetty request log can only be enabled using Log4j
2019-11-13 20:20:16,245 [main] INFO  http.HttpServer2 (HttpServer2.java:addGlobalFilter(975)) - Added global filter 'safety' (class=org.apache.hadoop.http.HttpServer2$QuotingInputFilter)
2019-11-13 20:20:16,245 [main] INFO  http.HttpServer2 (HttpServer2.java:addFilter(948)) - Added filter static_user_filter (class=org.apache.hadoop.http.lib.StaticUserWebFilter$StaticUserFilter) to context ozoneManager
2019-11-13 20:20:16,246 [main] INFO  http.HttpServer2 (HttpServer2.java:addFilter(958)) - Added filter static_user_filter (class=org.apache.hadoop.http.lib.StaticUserWebFilter$StaticUserFilter) to context static
2019-11-13 20:20:16,246 [main] INFO  http.HttpServer2 (HttpServer2.java:addFilter(958)) - Added filter static_user_filter (class=org.apache.hadoop.http.lib.StaticUserWebFilter$StaticUserFilter) to context logs
2019-11-13 20:20:16,247 [main] INFO  http.HttpServer2 (HttpServer2.java:bindListener(1191)) - Jetty bound to port 32998
2019-11-13 20:20:16,247 [main] INFO  server.Server (Server.java:doStart(351)) - jetty-9.3.25.v20180904, build timestamp: 2018-09-04T21:11:46Z, git hash: 3ce520221d0240229c862b122d2b06c12a625732
2019-11-13 20:20:16,249 [main] INFO  handler.ContextHandler (ContextHandler.java:doStart(781)) - Started o.e.j.s.ServletContextHandler@7eb27768{/logs,file:///workdir/hadoop-ozone/integration-test/target/log,AVAILABLE}
2019-11-13 20:20:16,250 [main] INFO  handler.ContextHandler (ContextHandler.java:doStart(781)) - Started o.e.j.s.ServletContextHandler@5e3db14{/static,file:///workdir/hadoop-ozone/integration-test/target/test-classes/webapps/static,AVAILABLE}
2019-11-13 20:20:16,255 [main] INFO  handler.ContextHandler (ContextHandler.java:doStart(781)) - Started o.e.j.w.WebAppContext@7bd38fed{/,file:///workdir/hadoop-ozone/integration-test/target/test-classes/webapps/ozoneManager/,AVAILABLE}{/ozoneManager}
2019-11-13 20:20:16,256 [main] INFO  server.AbstractConnector (AbstractConnector.java:doStart(278)) - Started ServerConnector@377dfb8d{HTTP/1.1,[http/1.1]}{0.0.0.0:32998}
2019-11-13 20:20:16,257 [main] INFO  server.Server (Server.java:doStart(419)) - Started @234616ms
2019-11-13 20:20:16,257 [main] WARN  impl.MetricsSystemImpl (MetricsSystemImpl.java:register(276)) - Sink prometheus already exists!
2019-11-13 20:20:16,258 [main] INFO  server.BaseHttpServer (BaseHttpServer.java:updateConnectorAddress(215)) - HTTP server of OZONEMANAGER is listening at http://0.0.0.0:32998
2019-11-13 20:20:16,284 [main] INFO  impl.MetricsSystemImpl (MetricsSystemImpl.java:init(158)) - HddsDatanode metrics system started (again)
2019-11-13 20:20:16,286 [main] INFO  ozone.HddsDatanodeService (HddsDatanodeService.java:start(186)) - HddsDatanodeService host:pr-hdds-2375-t422d-1049308724 ip:192.168.164.208
2019-11-13 20:20:16,294 [main] INFO  volume.HddsVolume (HddsVolume.java:<init>(176)) - Creating Volume: /workdir/hadoop-ozone/integration-test/target/test-dir/MiniOzoneClusterImpl-252be716-c998-406a-83e5-534d363f62a9/datanode-0/data/containers/hdds of  storage type : DISK and capacity : 1482555576320
2019-11-13 20:20:16,295 [main] INFO  volume.VolumeSet (VolumeSet.java:initializeVolumeSet(170)) - Added Volume : /workdir/hadoop-ozone/integration-test/target/test-dir/MiniOzoneClusterImpl-252be716-c998-406a-83e5-534d363f62a9/datanode-0/data/containers/hdds to VolumeSet
2019-11-13 20:20:16,295 [main] INFO  volume.ThrottledAsyncChecker (ThrottledAsyncChecker.java:schedule(141)) - Scheduling a check for /workdir/hadoop-ozone/integration-test/target/test-dir/MiniOzoneClusterImpl-252be716-c998-406a-83e5-534d363f62a9/datanode-0/data/containers/hdds
2019-11-13 20:20:16,296 [main] INFO  volume.HddsVolumeChecker (HddsVolumeChecker.java:checkAllVolumes(204)) - Scheduled health check for volume /workdir/hadoop-ozone/integration-test/target/test-dir/MiniOzoneClusterImpl-252be716-c998-406a-83e5-534d363f62a9/datanode-0/data/containers/hdds
2019-11-13 20:20:16,311 [main] INFO  impl.RaftServerProxy (ConfUtils.java:logGet(43)) - raft.rpc.type = GRPC (default)
2019-11-13 20:20:16,312 [main] INFO  grpc.GrpcFactory (GrpcFactory.java:checkPooledByteBufAllocatorUseCacheForAllThreads(45)) - PERFORMANCE WARNING: useCacheForAllThreads is true that may cause Netty to create a lot garbage objects and, as a result, trigger GC.
	It is recommended to disable useCacheForAllThreads by setting -Dorg.apache.ratis.thirdparty.io.netty.allocator.useCacheForAllThreads=false in command line.
2019-11-13 20:20:16,312 [main] INFO  grpc.GrpcConfigKeys$Server (ConfUtils.java:logGet(43)) - raft.grpc.server.port = 0 (default)
2019-11-13 20:20:16,312 [main] INFO  server.GrpcService (ConfUtils.java:logGet(43)) - raft.grpc.message.size.max = 33570816 (custom)
2019-11-13 20:20:16,312 [main] INFO  server.RaftServerConfigKeys (ConfUtils.java:logGet(43)) - raft.server.log.appender.buffer.byte-limit = 33554432 (custom)
2019-11-13 20:20:16,312 [main] INFO  server.GrpcService (ConfUtils.java:logGet(43)) - raft.grpc.flow.control.window = 1MB (=1048576) (default)
2019-11-13 20:20:16,313 [main] INFO  server.RaftServerConfigKeys (ConfUtils.java:logGet(43)) - raft.server.rpc.request.timeout = 3000ms (default)
2019-11-13 20:20:16,313 [main] INFO  server.RaftServerConfigKeys (ConfUtils.java:logGet(43)) - raft.server.storage.dir = [/workdir/hadoop-ozone/integration-test/target/test-dir/MiniOzoneClusterImpl-252be716-c998-406a-83e5-534d363f62a9/datanode-0/data/ratis] (custom)
2019-11-13 20:20:16,315 [main] INFO  hdfs.DFSUtil (DFSUtil.java:httpServerTemplateForNNAndJN(1641)) - Starting Web-server for hddsDatanode at: http://0.0.0.0:0
2019-11-13 20:20:16,317 [main] INFO  server.AuthenticationFilter (AuthenticationFilter.java:constructSecretProvider(240)) - Unable to initialize FileSignerSecretProvider, falling back to use random secrets.
2019-11-13 20:20:16,317 [main] WARN  http.HttpRequestLog (HttpRequestLog.java:getRequestLog(97)) - Jetty request log can only be enabled using Log4j
2019-11-13 20:20:16,318 [main] INFO  http.HttpServer2 (HttpServer2.java:addGlobalFilter(975)) - Added global filter 'safety' (class=org.apache.hadoop.http.HttpServer2$QuotingInputFilter)
2019-11-13 20:20:16,319 [main] INFO  http.HttpServer2 (HttpServer2.java:addFilter(948)) - Added filter static_user_filter (class=org.apache.hadoop.http.lib.StaticUserWebFilter$StaticUserFilter) to context hddsDatanode
2019-11-13 20:20:16,319 [main] INFO  http.HttpServer2 (HttpServer2.java:addFilter(958)) - Added filter static_user_filter (class=org.apache.hadoop.http.lib.StaticUserWebFilter$StaticUserFilter) to context logs
2019-11-13 20:20:16,319 [main] INFO  http.HttpServer2 (HttpServer2.java:addFilter(958)) - Added filter static_user_filter (class=org.apache.hadoop.http.lib.StaticUserWebFilter$StaticUserFilter) to context static
2019-11-13 20:20:16,320 [main] INFO  http.HttpServer2 (HttpServer2.java:bindListener(1191)) - Jetty bound to port 45540
2019-11-13 20:20:16,320 [main] INFO  server.Server (Server.java:doStart(351)) - jetty-9.3.25.v20180904, build timestamp: 2018-09-04T21:11:46Z, git hash: 3ce520221d0240229c862b122d2b06c12a625732
2019-11-13 20:20:16,322 [main] INFO  handler.ContextHandler (ContextHandler.java:doStart(781)) - Started o.e.j.s.ServletContextHandler@6238d5e0{/logs,file:///workdir/hadoop-ozone/integration-test/target/log,AVAILABLE}
2019-11-13 20:20:16,323 [main] INFO  handler.ContextHandler (ContextHandler.java:doStart(781)) - Started o.e.j.s.ServletContextHandler@2c8b8de0{/static,jar:file:/home/user/.m2/repository/org/apache/hadoop/hadoop-hdds-container-service/0.5.0-SNAPSHOT/hadoop-hdds-container-service-0.5.0-SNAPSHOT.jar!/webapps/static,AVAILABLE}
2019-11-13 20:20:16,356 [main] INFO  handler.ContextHandler (ContextHandler.java:doStart(781)) - Started o.e.j.w.WebAppContext@13192275{/,file:///tmp/jetty-0.0.0.0-45540-hddsDatanode-_-any-3774842237335847490.dir/webapp/,AVAILABLE}{/hddsDatanode}
2019-11-13 20:20:16,357 [main] INFO  server.AbstractConnector (AbstractConnector.java:doStart(278)) - Started ServerConnector@79195c22{HTTP/1.1,[http/1.1]}{0.0.0.0:45540}
2019-11-13 20:20:16,357 [main] INFO  server.Server (Server.java:doStart(419)) - Started @234716ms
2019-11-13 20:20:16,358 [main] WARN  impl.MetricsSystemImpl (MetricsSystemImpl.java:register(276)) - Sink prometheus already exists!
2019-11-13 20:20:16,358 [main] INFO  server.BaseHttpServer (BaseHttpServer.java:updateConnectorAddress(215)) - HTTP server of HDDSDATANODE is listening at http://0.0.0.0:45540
2019-11-13 20:20:16,359 [main] INFO  impl.MetricsSystemImpl (MetricsSystemImpl.java:init(158)) - HddsDatanode metrics system started (again)
2019-11-13 20:20:16,361 [main] INFO  ozone.HddsDatanodeService (HddsDatanodeService.java:start(186)) - HddsDatanodeService host:pr-hdds-2375-t422d-1049308724 ip:192.168.164.208
2019-11-13 20:20:16,361 [org.apache.hadoop.util.JvmPauseMonitor$Monitor@327fef0a] INFO  util.JvmPauseMonitor (JvmPauseMonitor.java:run(188)) - Starting JVM pause monitor
2019-11-13 20:20:16,363 [Datanode State Machine Thread - 0] INFO  datanode.InitDatanodeState (InitDatanodeState.java:persistContainerDatanodeDetails(140)) - DatanodeDetails is persisted to /workdir/hadoop-ozone/integration-test/target/test-dir/MiniOzoneClusterImpl-252be716-c998-406a-83e5-534d363f62a9/datanode-0/meta/datanode.id
2019-11-13 20:20:16,368 [main] INFO  volume.HddsVolume (HddsVolume.java:<init>(176)) - Creating Volume: /workdir/hadoop-ozone/integration-test/target/test-dir/MiniOzoneClusterImpl-252be716-c998-406a-83e5-534d363f62a9/datanode-1/data/containers/hdds of  storage type : DISK and capacity : 1482555576320
2019-11-13 20:20:16,368 [main] INFO  volume.VolumeSet (VolumeSet.java:initializeVolumeSet(170)) - Added Volume : /workdir/hadoop-ozone/integration-test/target/test-dir/MiniOzoneClusterImpl-252be716-c998-406a-83e5-534d363f62a9/datanode-1/data/containers/hdds to VolumeSet
2019-11-13 20:20:16,368 [main] INFO  volume.ThrottledAsyncChecker (ThrottledAsyncChecker.java:schedule(141)) - Scheduling a check for /workdir/hadoop-ozone/integration-test/target/test-dir/MiniOzoneClusterImpl-252be716-c998-406a-83e5-534d363f62a9/datanode-1/data/containers/hdds
2019-11-13 20:20:16,369 [main] INFO  volume.HddsVolumeChecker (HddsVolumeChecker.java:checkAllVolumes(204)) - Scheduled health check for volume /workdir/hadoop-ozone/integration-test/target/test-dir/MiniOzoneClusterImpl-252be716-c998-406a-83e5-534d363f62a9/datanode-1/data/containers/hdds
2019-11-13 20:20:16,379 [main] INFO  impl.RaftServerProxy (ConfUtils.java:logGet(43)) - raft.rpc.type = GRPC (default)
2019-11-13 20:20:16,380 [main] INFO  grpc.GrpcFactory (GrpcFactory.java:checkPooledByteBufAllocatorUseCacheForAllThreads(45)) - PERFORMANCE WARNING: useCacheForAllThreads is true that may cause Netty to create a lot garbage objects and, as a result, trigger GC.
	It is recommended to disable useCacheForAllThreads by setting -Dorg.apache.ratis.thirdparty.io.netty.allocator.useCacheForAllThreads=false in command line.
2019-11-13 20:20:16,380 [main] INFO  grpc.GrpcConfigKeys$Server (ConfUtils.java:logGet(43)) - raft.grpc.server.port = 0 (default)
2019-11-13 20:20:16,380 [main] INFO  server.GrpcService (ConfUtils.java:logGet(43)) - raft.grpc.message.size.max = 33570816 (custom)
2019-11-13 20:20:16,380 [main] INFO  server.RaftServerConfigKeys (ConfUtils.java:logGet(43)) - raft.server.log.appender.buffer.byte-limit = 33554432 (custom)
2019-11-13 20:20:16,380 [main] INFO  server.GrpcService (ConfUtils.java:logGet(43)) - raft.grpc.flow.control.window = 1MB (=1048576) (default)
2019-11-13 20:20:16,380 [main] INFO  server.RaftServerConfigKeys (ConfUtils.java:logGet(43)) - raft.server.rpc.request.timeout = 3000ms (default)
2019-11-13 20:20:16,381 [main] INFO  server.RaftServerConfigKeys (ConfUtils.java:logGet(43)) - raft.server.storage.dir = [/workdir/hadoop-ozone/integration-test/target/test-dir/MiniOzoneClusterImpl-252be716-c998-406a-83e5-534d363f62a9/datanode-1/data/ratis] (custom)
2019-11-13 20:20:16,382 [main] INFO  hdfs.DFSUtil (DFSUtil.java:httpServerTemplateForNNAndJN(1641)) - Starting Web-server for hddsDatanode at: http://0.0.0.0:0
2019-11-13 20:20:16,384 [main] INFO  server.AuthenticationFilter (AuthenticationFilter.java:constructSecretProvider(240)) - Unable to initialize FileSignerSecretProvider, falling back to use random secrets.
2019-11-13 20:20:16,384 [main] WARN  http.HttpRequestLog (HttpRequestLog.java:getRequestLog(97)) - Jetty request log can only be enabled using Log4j
2019-11-13 20:20:16,386 [main] INFO  http.HttpServer2 (HttpServer2.java:addGlobalFilter(975)) - Added global filter 'safety' (class=org.apache.hadoop.http.HttpServer2$QuotingInputFilter)
2019-11-13 20:20:16,386 [main] INFO  http.HttpServer2 (HttpServer2.java:addFilter(948)) - Added filter static_user_filter (class=org.apache.hadoop.http.lib.StaticUserWebFilter$StaticUserFilter) to context hddsDatanode
2019-11-13 20:20:16,387 [main] INFO  http.HttpServer2 (HttpServer2.java:addFilter(958)) - Added filter static_user_filter (class=org.apache.hadoop.http.lib.StaticUserWebFilter$StaticUserFilter) to context static
2019-11-13 20:20:16,387 [main] INFO  http.HttpServer2 (HttpServer2.java:addFilter(958)) - Added filter static_user_filter (class=org.apache.hadoop.http.lib.StaticUserWebFilter$StaticUserFilter) to context logs
2019-11-13 20:20:16,387 [main] INFO  http.HttpServer2 (HttpServer2.java:bindListener(1191)) - Jetty bound to port 35095
2019-11-13 20:20:16,388 [main] INFO  server.Server (Server.java:doStart(351)) - jetty-9.3.25.v20180904, build timestamp: 2018-09-04T21:11:46Z, git hash: 3ce520221d0240229c862b122d2b06c12a625732
2019-11-13 20:20:16,389 [main] INFO  handler.ContextHandler (ContextHandler.java:doStart(781)) - Started o.e.j.s.ServletContextHandler@7be94cd6{/logs,file:///workdir/hadoop-ozone/integration-test/target/log,AVAILABLE}
2019-11-13 20:20:16,390 [main] INFO  handler.ContextHandler (ContextHandler.java:doStart(781)) - Started o.e.j.s.ServletContextHandler@463045fb{/static,jar:file:/home/user/.m2/repository/org/apache/hadoop/hadoop-hdds-container-service/0.5.0-SNAPSHOT/hadoop-hdds-container-service-0.5.0-SNAPSHOT.jar!/webapps/static,AVAILABLE}
2019-11-13 20:20:16,439 [main] INFO  handler.ContextHandler (ContextHandler.java:doStart(781)) - Started o.e.j.w.WebAppContext@4409cae6{/,file:///tmp/jetty-0.0.0.0-35095-hddsDatanode-_-any-6841713089917655495.dir/webapp/,AVAILABLE}{/hddsDatanode}
2019-11-13 20:20:16,440 [main] INFO  server.AbstractConnector (AbstractConnector.java:doStart(278)) - Started ServerConnector@14e750c5{HTTP/1.1,[http/1.1]}{0.0.0.0:35095}
2019-11-13 20:20:16,441 [main] INFO  server.Server (Server.java:doStart(419)) - Started @234801ms
2019-11-13 20:20:16,442 [main] WARN  impl.MetricsSystemImpl (MetricsSystemImpl.java:register(276)) - Sink prometheus already exists!
2019-11-13 20:20:16,443 [main] INFO  server.BaseHttpServer (BaseHttpServer.java:updateConnectorAddress(215)) - HTTP server of HDDSDATANODE is listening at http://0.0.0.0:35095
2019-11-13 20:20:16,443 [main] INFO  impl.MetricsSystemImpl (MetricsSystemImpl.java:init(158)) - HddsDatanode metrics system started (again)
2019-11-13 20:20:16,446 [org.apache.hadoop.util.JvmPauseMonitor$Monitor@5ecbb10b] INFO  util.JvmPauseMonitor (JvmPauseMonitor.java:run(188)) - Starting JVM pause monitor
2019-11-13 20:20:16,446 [main] INFO  ozone.HddsDatanodeService (HddsDatanodeService.java:start(186)) - HddsDatanodeService host:pr-hdds-2375-t422d-1049308724 ip:192.168.164.208
2019-11-13 20:20:16,447 [Datanode State Machine Thread - 0] INFO  datanode.InitDatanodeState (InitDatanodeState.java:persistContainerDatanodeDetails(140)) - DatanodeDetails is persisted to /workdir/hadoop-ozone/integration-test/target/test-dir/MiniOzoneClusterImpl-252be716-c998-406a-83e5-534d363f62a9/datanode-1/meta/datanode.id
2019-11-13 20:20:16,453 [main] INFO  volume.HddsVolume (HddsVolume.java:<init>(176)) - Creating Volume: /workdir/hadoop-ozone/integration-test/target/test-dir/MiniOzoneClusterImpl-252be716-c998-406a-83e5-534d363f62a9/datanode-2/data/containers/hdds of  storage type : DISK and capacity : 1482555576320
2019-11-13 20:20:16,453 [main] INFO  volume.VolumeSet (VolumeSet.java:initializeVolumeSet(170)) - Added Volume : /workdir/hadoop-ozone/integration-test/target/test-dir/MiniOzoneClusterImpl-252be716-c998-406a-83e5-534d363f62a9/datanode-2/data/containers/hdds to VolumeSet
2019-11-13 20:20:16,454 [main] INFO  volume.ThrottledAsyncChecker (ThrottledAsyncChecker.java:schedule(141)) - Scheduling a check for /workdir/hadoop-ozone/integration-test/target/test-dir/MiniOzoneClusterImpl-252be716-c998-406a-83e5-534d363f62a9/datanode-2/data/containers/hdds
2019-11-13 20:20:16,454 [main] INFO  volume.HddsVolumeChecker (HddsVolumeChecker.java:checkAllVolumes(204)) - Scheduled health check for volume /workdir/hadoop-ozone/integration-test/target/test-dir/MiniOzoneClusterImpl-252be716-c998-406a-83e5-534d363f62a9/datanode-2/data/containers/hdds
2019-11-13 20:20:16,465 [main] INFO  impl.RaftServerProxy (ConfUtils.java:logGet(43)) - raft.rpc.type = GRPC (default)
2019-11-13 20:20:16,465 [main] INFO  grpc.GrpcFactory (GrpcFactory.java:checkPooledByteBufAllocatorUseCacheForAllThreads(45)) - PERFORMANCE WARNING: useCacheForAllThreads is true that may cause Netty to create a lot garbage objects and, as a result, trigger GC.
	It is recommended to disable useCacheForAllThreads by setting -Dorg.apache.ratis.thirdparty.io.netty.allocator.useCacheForAllThreads=false in command line.
2019-11-13 20:20:16,465 [main] INFO  grpc.GrpcConfigKeys$Server (ConfUtils.java:logGet(43)) - raft.grpc.server.port = 0 (default)
2019-11-13 20:20:16,465 [main] INFO  server.GrpcService (ConfUtils.java:logGet(43)) - raft.grpc.message.size.max = 33570816 (custom)
2019-11-13 20:20:16,466 [main] INFO  server.RaftServerConfigKeys (ConfUtils.java:logGet(43)) - raft.server.log.appender.buffer.byte-limit = 33554432 (custom)
2019-11-13 20:20:16,466 [main] INFO  server.GrpcService (ConfUtils.java:logGet(43)) - raft.grpc.flow.control.window = 1MB (=1048576) (default)
2019-11-13 20:20:16,466 [main] INFO  server.RaftServerConfigKeys (ConfUtils.java:logGet(43)) - raft.server.rpc.request.timeout = 3000ms (default)
2019-11-13 20:20:16,466 [main] INFO  server.RaftServerConfigKeys (ConfUtils.java:logGet(43)) - raft.server.storage.dir = [/workdir/hadoop-ozone/integration-test/target/test-dir/MiniOzoneClusterImpl-252be716-c998-406a-83e5-534d363f62a9/datanode-2/data/ratis] (custom)
2019-11-13 20:20:16,468 [main] INFO  hdfs.DFSUtil (DFSUtil.java:httpServerTemplateForNNAndJN(1641)) - Starting Web-server for hddsDatanode at: http://0.0.0.0:0
2019-11-13 20:20:16,470 [main] INFO  server.AuthenticationFilter (AuthenticationFilter.java:constructSecretProvider(240)) - Unable to initialize FileSignerSecretProvider, falling back to use random secrets.
2019-11-13 20:20:16,470 [main] WARN  http.HttpRequestLog (HttpRequestLog.java:getRequestLog(97)) - Jetty request log can only be enabled using Log4j
2019-11-13 20:20:16,472 [main] INFO  http.HttpServer2 (HttpServer2.java:addGlobalFilter(975)) - Added global filter 'safety' (class=org.apache.hadoop.http.HttpServer2$QuotingInputFilter)
2019-11-13 20:20:16,473 [main] INFO  http.HttpServer2 (HttpServer2.java:addFilter(948)) - Added filter static_user_filter (class=org.apache.hadoop.http.lib.StaticUserWebFilter$StaticUserFilter) to context hddsDatanode
2019-11-13 20:20:16,473 [main] INFO  http.HttpServer2 (HttpServer2.java:addFilter(958)) - Added filter static_user_filter (class=org.apache.hadoop.http.lib.StaticUserWebFilter$StaticUserFilter) to context logs
2019-11-13 20:20:16,473 [main] INFO  http.HttpServer2 (HttpServer2.java:addFilter(958)) - Added filter static_user_filter (class=org.apache.hadoop.http.lib.StaticUserWebFilter$StaticUserFilter) to context static
2019-11-13 20:20:16,474 [main] INFO  http.HttpServer2 (HttpServer2.java:bindListener(1191)) - Jetty bound to port 41795
2019-11-13 20:20:16,474 [main] INFO  server.Server (Server.java:doStart(351)) - jetty-9.3.25.v20180904, build timestamp: 2018-09-04T21:11:46Z, git hash: 3ce520221d0240229c862b122d2b06c12a625732
2019-11-13 20:20:16,476 [main] INFO  handler.ContextHandler (ContextHandler.java:doStart(781)) - Started o.e.j.s.ServletContextHandler@1693ff90{/logs,file:///workdir/hadoop-ozone/integration-test/target/log,AVAILABLE}
2019-11-13 20:20:16,476 [main] INFO  handler.ContextHandler (ContextHandler.java:doStart(781)) - Started o.e.j.s.ServletContextHandler@ad3f70a{/static,jar:file:/home/user/.m2/repository/org/apache/hadoop/hadoop-hdds-container-service/0.5.0-SNAPSHOT/hadoop-hdds-container-service-0.5.0-SNAPSHOT.jar!/webapps/static,AVAILABLE}
2019-11-13 20:20:16,518 [main] INFO  handler.ContextHandler (ContextHandler.java:doStart(781)) - Started o.e.j.w.WebAppContext@7f0d8eff{/,file:///tmp/jetty-0.0.0.0-41795-hddsDatanode-_-any-4875317456387762612.dir/webapp/,AVAILABLE}{/hddsDatanode}
2019-11-13 20:20:16,518 [main] INFO  server.AbstractConnector (AbstractConnector.java:doStart(278)) - Started ServerConnector@149aa7b2{HTTP/1.1,[http/1.1]}{0.0.0.0:41795}
2019-11-13 20:20:16,519 [main] INFO  server.Server (Server.java:doStart(419)) - Started @234878ms
2019-11-13 20:20:16,519 [main] WARN  impl.MetricsSystemImpl (MetricsSystemImpl.java:register(276)) - Sink prometheus already exists!
2019-11-13 20:20:16,520 [main] INFO  server.BaseHttpServer (BaseHttpServer.java:updateConnectorAddress(215)) - HTTP server of HDDSDATANODE is listening at http://0.0.0.0:41795
2019-11-13 20:20:16,520 [main] INFO  impl.MetricsSystemImpl (MetricsSystemImpl.java:init(158)) - HddsDatanode metrics system started (again)
2019-11-13 20:20:16,524 [org.apache.hadoop.util.JvmPauseMonitor$Monitor@4ebd2c31] INFO  util.JvmPauseMonitor (JvmPauseMonitor.java:run(188)) - Starting JVM pause monitor
2019-11-13 20:20:16,524 [main] INFO  ozone.HddsDatanodeService (HddsDatanodeService.java:start(186)) - HddsDatanodeService host:pr-hdds-2375-t422d-1049308724 ip:192.168.164.208
2019-11-13 20:20:16,526 [Datanode State Machine Thread - 0] INFO  datanode.InitDatanodeState (InitDatanodeState.java:persistContainerDatanodeDetails(140)) - DatanodeDetails is persisted to /workdir/hadoop-ozone/integration-test/target/test-dir/MiniOzoneClusterImpl-252be716-c998-406a-83e5-534d363f62a9/datanode-2/meta/datanode.id
2019-11-13 20:20:16,532 [main] INFO  volume.HddsVolume (HddsVolume.java:<init>(176)) - Creating Volume: /workdir/hadoop-ozone/integration-test/target/test-dir/MiniOzoneClusterImpl-252be716-c998-406a-83e5-534d363f62a9/datanode-3/data/containers/hdds of  storage type : DISK and capacity : 1482555576320
2019-11-13 20:20:16,532 [main] INFO  volume.VolumeSet (VolumeSet.java:initializeVolumeSet(170)) - Added Volume : /workdir/hadoop-ozone/integration-test/target/test-dir/MiniOzoneClusterImpl-252be716-c998-406a-83e5-534d363f62a9/datanode-3/data/containers/hdds to VolumeSet
2019-11-13 20:20:16,533 [main] INFO  volume.ThrottledAsyncChecker (ThrottledAsyncChecker.java:schedule(141)) - Scheduling a check for /workdir/hadoop-ozone/integration-test/target/test-dir/MiniOzoneClusterImpl-252be716-c998-406a-83e5-534d363f62a9/datanode-3/data/containers/hdds
2019-11-13 20:20:16,533 [main] INFO  volume.HddsVolumeChecker (HddsVolumeChecker.java:checkAllVolumes(204)) - Scheduled health check for volume /workdir/hadoop-ozone/integration-test/target/test-dir/MiniOzoneClusterImpl-252be716-c998-406a-83e5-534d363f62a9/datanode-3/data/containers/hdds
2019-11-13 20:20:16,551 [main] INFO  impl.RaftServerProxy (ConfUtils.java:logGet(43)) - raft.rpc.type = GRPC (default)
2019-11-13 20:20:16,551 [main] INFO  grpc.GrpcFactory (GrpcFactory.java:checkPooledByteBufAllocatorUseCacheForAllThreads(45)) - PERFORMANCE WARNING: useCacheForAllThreads is true that may cause Netty to create a lot garbage objects and, as a result, trigger GC.
	It is recommended to disable useCacheForAllThreads by setting -Dorg.apache.ratis.thirdparty.io.netty.allocator.useCacheForAllThreads=false in command line.
2019-11-13 20:20:16,551 [main] INFO  grpc.GrpcConfigKeys$Server (ConfUtils.java:logGet(43)) - raft.grpc.server.port = 0 (default)
2019-11-13 20:20:16,551 [main] INFO  server.GrpcService (ConfUtils.java:logGet(43)) - raft.grpc.message.size.max = 33570816 (custom)
2019-11-13 20:20:16,552 [main] INFO  server.RaftServerConfigKeys (ConfUtils.java:logGet(43)) - raft.server.log.appender.buffer.byte-limit = 33554432 (custom)
2019-11-13 20:20:16,552 [main] INFO  server.GrpcService (ConfUtils.java:logGet(43)) - raft.grpc.flow.control.window = 1MB (=1048576) (default)
2019-11-13 20:20:16,552 [main] INFO  server.RaftServerConfigKeys (ConfUtils.java:logGet(43)) - raft.server.rpc.request.timeout = 3000ms (default)
2019-11-13 20:20:16,552 [main] INFO  server.RaftServerConfigKeys (ConfUtils.java:logGet(43)) - raft.server.storage.dir = [/workdir/hadoop-ozone/integration-test/target/test-dir/MiniOzoneClusterImpl-252be716-c998-406a-83e5-534d363f62a9/datanode-3/data/ratis] (custom)
2019-11-13 20:20:16,554 [main] INFO  hdfs.DFSUtil (DFSUtil.java:httpServerTemplateForNNAndJN(1641)) - Starting Web-server for hddsDatanode at: http://0.0.0.0:0
2019-11-13 20:20:16,556 [main] INFO  server.AuthenticationFilter (AuthenticationFilter.java:constructSecretProvider(240)) - Unable to initialize FileSignerSecretProvider, falling back to use random secrets.
2019-11-13 20:20:16,556 [main] WARN  http.HttpRequestLog (HttpRequestLog.java:getRequestLog(97)) - Jetty request log can only be enabled using Log4j
2019-11-13 20:20:16,558 [main] INFO  http.HttpServer2 (HttpServer2.java:addGlobalFilter(975)) - Added global filter 'safety' (class=org.apache.hadoop.http.HttpServer2$QuotingInputFilter)
2019-11-13 20:20:16,558 [main] INFO  http.HttpServer2 (HttpServer2.java:addFilter(948)) - Added filter static_user_filter (class=org.apache.hadoop.http.lib.StaticUserWebFilter$StaticUserFilter) to context hddsDatanode
2019-11-13 20:20:16,559 [main] INFO  http.HttpServer2 (HttpServer2.java:addFilter(958)) - Added filter static_user_filter (class=org.apache.hadoop.http.lib.StaticUserWebFilter$StaticUserFilter) to context static
2019-11-13 20:20:16,559 [main] INFO  http.HttpServer2 (HttpServer2.java:addFilter(958)) - Added filter static_user_filter (class=org.apache.hadoop.http.lib.StaticUserWebFilter$StaticUserFilter) to context logs
2019-11-13 20:20:16,560 [main] INFO  http.HttpServer2 (HttpServer2.java:bindListener(1191)) - Jetty bound to port 39655
2019-11-13 20:20:16,560 [main] INFO  server.Server (Server.java:doStart(351)) - jetty-9.3.25.v20180904, build timestamp: 2018-09-04T21:11:46Z, git hash: 3ce520221d0240229c862b122d2b06c12a625732
2019-11-13 20:20:16,562 [main] INFO  handler.ContextHandler (ContextHandler.java:doStart(781)) - Started o.e.j.s.ServletContextHandler@76e4212{/logs,file:///workdir/hadoop-ozone/integration-test/target/log,AVAILABLE}
2019-11-13 20:20:16,562 [main] INFO  handler.ContextHandler (ContextHandler.java:doStart(781)) - Started o.e.j.s.ServletContextHandler@72af90e8{/static,jar:file:/home/user/.m2/repository/org/apache/hadoop/hadoop-hdds-container-service/0.5.0-SNAPSHOT/hadoop-hdds-container-service-0.5.0-SNAPSHOT.jar!/webapps/static,AVAILABLE}
2019-11-13 20:20:16,617 [main] INFO  handler.ContextHandler (ContextHandler.java:doStart(781)) - Started o.e.j.w.WebAppContext@4d81e83a{/,file:///tmp/jetty-0.0.0.0-39655-hddsDatanode-_-any-7797562946587392738.dir/webapp/,AVAILABLE}{/hddsDatanode}
2019-11-13 20:20:16,617 [main] INFO  server.AbstractConnector (AbstractConnector.java:doStart(278)) - Started ServerConnector@53a301f3{HTTP/1.1,[http/1.1]}{0.0.0.0:39655}
2019-11-13 20:20:16,619 [main] INFO  server.Server (Server.java:doStart(419)) - Started @234978ms
2019-11-13 20:20:16,619 [main] WARN  impl.MetricsSystemImpl (MetricsSystemImpl.java:register(276)) - Sink prometheus already exists!
2019-11-13 20:20:16,620 [main] INFO  server.BaseHttpServer (BaseHttpServer.java:updateConnectorAddress(215)) - HTTP server of HDDSDATANODE is listening at http://0.0.0.0:39655
2019-11-13 20:20:16,621 [main] INFO  impl.MetricsSystemImpl (MetricsSystemImpl.java:init(158)) - HddsDatanode metrics system started (again)
2019-11-13 20:20:16,624 [org.apache.hadoop.util.JvmPauseMonitor$Monitor@103ed473] INFO  util.JvmPauseMonitor (JvmPauseMonitor.java:run(188)) - Starting JVM pause monitor
2019-11-13 20:20:16,624 [main] INFO  ozone.HddsDatanodeService (HddsDatanodeService.java:start(186)) - HddsDatanodeService host:pr-hdds-2375-t422d-1049308724 ip:192.168.164.208
2019-11-13 20:20:16,625 [Datanode State Machine Thread - 0] INFO  datanode.InitDatanodeState (InitDatanodeState.java:persistContainerDatanodeDetails(140)) - DatanodeDetails is persisted to /workdir/hadoop-ozone/integration-test/target/test-dir/MiniOzoneClusterImpl-252be716-c998-406a-83e5-534d363f62a9/datanode-3/meta/datanode.id
2019-11-13 20:20:16,630 [main] INFO  volume.HddsVolume (HddsVolume.java:<init>(176)) - Creating Volume: /workdir/hadoop-ozone/integration-test/target/test-dir/MiniOzoneClusterImpl-252be716-c998-406a-83e5-534d363f62a9/datanode-4/data/containers/hdds of  storage type : DISK and capacity : 1482555576320
2019-11-13 20:20:16,631 [main] INFO  volume.VolumeSet (VolumeSet.java:initializeVolumeSet(170)) - Added Volume : /workdir/hadoop-ozone/integration-test/target/test-dir/MiniOzoneClusterImpl-252be716-c998-406a-83e5-534d363f62a9/datanode-4/data/containers/hdds to VolumeSet
2019-11-13 20:20:16,631 [main] INFO  volume.ThrottledAsyncChecker (ThrottledAsyncChecker.java:schedule(141)) - Scheduling a check for /workdir/hadoop-ozone/integration-test/target/test-dir/MiniOzoneClusterImpl-252be716-c998-406a-83e5-534d363f62a9/datanode-4/data/containers/hdds
2019-11-13 20:20:16,631 [main] INFO  volume.HddsVolumeChecker (HddsVolumeChecker.java:checkAllVolumes(204)) - Scheduled health check for volume /workdir/hadoop-ozone/integration-test/target/test-dir/MiniOzoneClusterImpl-252be716-c998-406a-83e5-534d363f62a9/datanode-4/data/containers/hdds
2019-11-13 20:20:16,644 [main] INFO  impl.RaftServerProxy (ConfUtils.java:logGet(43)) - raft.rpc.type = GRPC (default)
2019-11-13 20:20:16,644 [main] INFO  grpc.GrpcFactory (GrpcFactory.java:checkPooledByteBufAllocatorUseCacheForAllThreads(45)) - PERFORMANCE WARNING: useCacheForAllThreads is true that may cause Netty to create a lot garbage objects and, as a result, trigger GC.
	It is recommended to disable useCacheForAllThreads by setting -Dorg.apache.ratis.thirdparty.io.netty.allocator.useCacheForAllThreads=false in command line.
2019-11-13 20:20:16,644 [main] INFO  grpc.GrpcConfigKeys$Server (ConfUtils.java:logGet(43)) - raft.grpc.server.port = 0 (default)
2019-11-13 20:20:16,644 [main] INFO  server.GrpcService (ConfUtils.java:logGet(43)) - raft.grpc.message.size.max = 33570816 (custom)
2019-11-13 20:20:16,645 [main] INFO  server.RaftServerConfigKeys (ConfUtils.java:logGet(43)) - raft.server.log.appender.buffer.byte-limit = 33554432 (custom)
2019-11-13 20:20:16,645 [main] INFO  server.GrpcService (ConfUtils.java:logGet(43)) - raft.grpc.flow.control.window = 1MB (=1048576) (default)
2019-11-13 20:20:16,645 [main] INFO  server.RaftServerConfigKeys (ConfUtils.java:logGet(43)) - raft.server.rpc.request.timeout = 3000ms (default)
2019-11-13 20:20:16,645 [main] INFO  server.RaftServerConfigKeys (ConfUtils.java:logGet(43)) - raft.server.storage.dir = [/workdir/hadoop-ozone/integration-test/target/test-dir/MiniOzoneClusterImpl-252be716-c998-406a-83e5-534d363f62a9/datanode-4/data/ratis] (custom)
2019-11-13 20:20:16,647 [main] INFO  hdfs.DFSUtil (DFSUtil.java:httpServerTemplateForNNAndJN(1641)) - Starting Web-server for hddsDatanode at: http://0.0.0.0:0
2019-11-13 20:20:16,648 [main] INFO  server.AuthenticationFilter (AuthenticationFilter.java:constructSecretProvider(240)) - Unable to initialize FileSignerSecretProvider, falling back to use random secrets.
2019-11-13 20:20:16,648 [main] WARN  http.HttpRequestLog (HttpRequestLog.java:getRequestLog(97)) - Jetty request log can only be enabled using Log4j
2019-11-13 20:20:16,649 [main] INFO  http.HttpServer2 (HttpServer2.java:addGlobalFilter(975)) - Added global filter 'safety' (class=org.apache.hadoop.http.HttpServer2$QuotingInputFilter)
2019-11-13 20:20:16,650 [main] INFO  http.HttpServer2 (HttpServer2.java:addFilter(948)) - Added filter static_user_filter (class=org.apache.hadoop.http.lib.StaticUserWebFilter$StaticUserFilter) to context hddsDatanode
2019-11-13 20:20:16,650 [main] INFO  http.HttpServer2 (HttpServer2.java:addFilter(958)) - Added filter static_user_filter (class=org.apache.hadoop.http.lib.StaticUserWebFilter$StaticUserFilter) to context logs
2019-11-13 20:20:16,650 [main] INFO  http.HttpServer2 (HttpServer2.java:addFilter(958)) - Added filter static_user_filter (class=org.apache.hadoop.http.lib.StaticUserWebFilter$StaticUserFilter) to context static
2019-11-13 20:20:16,651 [main] INFO  http.HttpServer2 (HttpServer2.java:bindListener(1191)) - Jetty bound to port 32775
2019-11-13 20:20:16,651 [main] INFO  server.Server (Server.java:doStart(351)) - jetty-9.3.25.v20180904, build timestamp: 2018-09-04T21:11:46Z, git hash: 3ce520221d0240229c862b122d2b06c12a625732
2019-11-13 20:20:16,652 [main] INFO  handler.ContextHandler (ContextHandler.java:doStart(781)) - Started o.e.j.s.ServletContextHandler@682e445e{/logs,file:///workdir/hadoop-ozone/integration-test/target/log,AVAILABLE}
2019-11-13 20:20:16,653 [main] INFO  handler.ContextHandler (ContextHandler.java:doStart(781)) - Started o.e.j.s.ServletContextHandler@70fede7d{/static,jar:file:/home/user/.m2/repository/org/apache/hadoop/hadoop-hdds-container-service/0.5.0-SNAPSHOT/hadoop-hdds-container-service-0.5.0-SNAPSHOT.jar!/webapps/static,AVAILABLE}
2019-11-13 20:20:16,686 [main] INFO  handler.ContextHandler (ContextHandler.java:doStart(781)) - Started o.e.j.w.WebAppContext@73e4bb60{/,file:///tmp/jetty-0.0.0.0-32775-hddsDatanode-_-any-5276008737686595640.dir/webapp/,AVAILABLE}{/hddsDatanode}
2019-11-13 20:20:16,687 [main] INFO  server.AbstractConnector (AbstractConnector.java:doStart(278)) - Started ServerConnector@9a9aa68{HTTP/1.1,[http/1.1]}{0.0.0.0:32775}
2019-11-13 20:20:16,687 [main] INFO  server.Server (Server.java:doStart(419)) - Started @235046ms
2019-11-13 20:20:16,688 [main] WARN  impl.MetricsSystemImpl (MetricsSystemImpl.java:register(276)) - Sink prometheus already exists!
2019-11-13 20:20:16,690 [main] INFO  server.BaseHttpServer (BaseHttpServer.java:updateConnectorAddress(215)) - HTTP server of HDDSDATANODE is listening at http://0.0.0.0:32775
2019-11-13 20:20:16,690 [main] INFO  impl.MetricsSystemImpl (MetricsSystemImpl.java:init(158)) - HddsDatanode metrics system started (again)
2019-11-13 20:20:16,694 [org.apache.hadoop.util.JvmPauseMonitor$Monitor@3cf026fb] INFO  util.JvmPauseMonitor (JvmPauseMonitor.java:run(188)) - Starting JVM pause monitor
2019-11-13 20:20:16,694 [main] INFO  ozone.HddsDatanodeService (HddsDatanodeService.java:start(186)) - HddsDatanodeService host:pr-hdds-2375-t422d-1049308724 ip:192.168.164.208
2019-11-13 20:20:16,695 [Datanode State Machine Thread - 0] INFO  datanode.InitDatanodeState (InitDatanodeState.java:persistContainerDatanodeDetails(140)) - DatanodeDetails is persisted to /workdir/hadoop-ozone/integration-test/target/test-dir/MiniOzoneClusterImpl-252be716-c998-406a-83e5-534d363f62a9/datanode-4/meta/datanode.id
2019-11-13 20:20:16,702 [main] INFO  volume.HddsVolume (HddsVolume.java:<init>(176)) - Creating Volume: /workdir/hadoop-ozone/integration-test/target/test-dir/MiniOzoneClusterImpl-252be716-c998-406a-83e5-534d363f62a9/datanode-5/data/containers/hdds of  storage type : DISK and capacity : 1482555576320
2019-11-13 20:20:16,703 [main] INFO  volume.VolumeSet (VolumeSet.java:initializeVolumeSet(170)) - Added Volume : /workdir/hadoop-ozone/integration-test/target/test-dir/MiniOzoneClusterImpl-252be716-c998-406a-83e5-534d363f62a9/datanode-5/data/containers/hdds to VolumeSet
2019-11-13 20:20:16,703 [main] INFO  volume.ThrottledAsyncChecker (ThrottledAsyncChecker.java:schedule(141)) - Scheduling a check for /workdir/hadoop-ozone/integration-test/target/test-dir/MiniOzoneClusterImpl-252be716-c998-406a-83e5-534d363f62a9/datanode-5/data/containers/hdds
2019-11-13 20:20:16,703 [main] INFO  volume.HddsVolumeChecker (HddsVolumeChecker.java:checkAllVolumes(204)) - Scheduled health check for volume /workdir/hadoop-ozone/integration-test/target/test-dir/MiniOzoneClusterImpl-252be716-c998-406a-83e5-534d363f62a9/datanode-5/data/containers/hdds
2019-11-13 20:20:16,718 [main] INFO  impl.RaftServerProxy (ConfUtils.java:logGet(43)) - raft.rpc.type = GRPC (default)
2019-11-13 20:20:16,718 [main] INFO  grpc.GrpcFactory (GrpcFactory.java:checkPooledByteBufAllocatorUseCacheForAllThreads(45)) - PERFORMANCE WARNING: useCacheForAllThreads is true that may cause Netty to create a lot garbage objects and, as a result, trigger GC.
	It is recommended to disable useCacheForAllThreads by setting -Dorg.apache.ratis.thirdparty.io.netty.allocator.useCacheForAllThreads=false in command line.
2019-11-13 20:20:16,718 [main] INFO  grpc.GrpcConfigKeys$Server (ConfUtils.java:logGet(43)) - raft.grpc.server.port = 0 (default)
2019-11-13 20:20:16,718 [main] INFO  server.GrpcService (ConfUtils.java:logGet(43)) - raft.grpc.message.size.max = 33570816 (custom)
2019-11-13 20:20:16,718 [main] INFO  server.RaftServerConfigKeys (ConfUtils.java:logGet(43)) - raft.server.log.appender.buffer.byte-limit = 33554432 (custom)
2019-11-13 20:20:16,719 [main] INFO  server.GrpcService (ConfUtils.java:logGet(43)) - raft.grpc.flow.control.window = 1MB (=1048576) (default)
2019-11-13 20:20:16,719 [main] INFO  server.RaftServerConfigKeys (ConfUtils.java:logGet(43)) - raft.server.rpc.request.timeout = 3000ms (default)
2019-11-13 20:20:16,719 [main] INFO  server.RaftServerConfigKeys (ConfUtils.java:logGet(43)) - raft.server.storage.dir = [/workdir/hadoop-ozone/integration-test/target/test-dir/MiniOzoneClusterImpl-252be716-c998-406a-83e5-534d363f62a9/datanode-5/data/ratis] (custom)
2019-11-13 20:20:16,721 [main] INFO  hdfs.DFSUtil (DFSUtil.java:httpServerTemplateForNNAndJN(1641)) - Starting Web-server for hddsDatanode at: http://0.0.0.0:0
2019-11-13 20:20:16,722 [main] INFO  server.AuthenticationFilter (AuthenticationFilter.java:constructSecretProvider(240)) - Unable to initialize FileSignerSecretProvider, falling back to use random secrets.
2019-11-13 20:20:16,723 [main] WARN  http.HttpRequestLog (HttpRequestLog.java:getRequestLog(97)) - Jetty request log can only be enabled using Log4j
2019-11-13 20:20:16,724 [main] INFO  http.HttpServer2 (HttpServer2.java:addGlobalFilter(975)) - Added global filter 'safety' (class=org.apache.hadoop.http.HttpServer2$QuotingInputFilter)
2019-11-13 20:20:16,725 [main] INFO  http.HttpServer2 (HttpServer2.java:addFilter(948)) - Added filter static_user_filter (class=org.apache.hadoop.http.lib.StaticUserWebFilter$StaticUserFilter) to context hddsDatanode
2019-11-13 20:20:16,725 [main] INFO  http.HttpServer2 (HttpServer2.java:addFilter(958)) - Added filter static_user_filter (class=org.apache.hadoop.http.lib.StaticUserWebFilter$StaticUserFilter) to context logs
2019-11-13 20:20:16,725 [main] INFO  http.HttpServer2 (HttpServer2.java:addFilter(958)) - Added filter static_user_filter (class=org.apache.hadoop.http.lib.StaticUserWebFilter$StaticUserFilter) to context static
2019-11-13 20:20:16,726 [main] INFO  http.HttpServer2 (HttpServer2.java:bindListener(1191)) - Jetty bound to port 38587
2019-11-13 20:20:16,726 [main] INFO  server.Server (Server.java:doStart(351)) - jetty-9.3.25.v20180904, build timestamp: 2018-09-04T21:11:46Z, git hash: 3ce520221d0240229c862b122d2b06c12a625732
2019-11-13 20:20:16,727 [main] INFO  handler.ContextHandler (ContextHandler.java:doStart(781)) - Started o.e.j.s.ServletContextHandler@682618e5{/logs,file:///workdir/hadoop-ozone/integration-test/target/log,AVAILABLE}
2019-11-13 20:20:16,728 [main] INFO  handler.ContextHandler (ContextHandler.java:doStart(781)) - Started o.e.j.s.ServletContextHandler@5f0f70c7{/static,jar:file:/home/user/.m2/repository/org/apache/hadoop/hadoop-hdds-container-service/0.5.0-SNAPSHOT/hadoop-hdds-container-service-0.5.0-SNAPSHOT.jar!/webapps/static,AVAILABLE}
2019-11-13 20:20:16,761 [main] INFO  handler.ContextHandler (ContextHandler.java:doStart(781)) - Started o.e.j.w.WebAppContext@26275b46{/,file:///tmp/jetty-0.0.0.0-38587-hddsDatanode-_-any-9071624659885704585.dir/webapp/,AVAILABLE}{/hddsDatanode}
2019-11-13 20:20:16,762 [main] INFO  server.AbstractConnector (AbstractConnector.java:doStart(278)) - Started ServerConnector@3e9beef2{HTTP/1.1,[http/1.1]}{0.0.0.0:38587}
2019-11-13 20:20:16,762 [main] INFO  server.Server (Server.java:doStart(419)) - Started @235121ms
2019-11-13 20:20:16,763 [main] WARN  impl.MetricsSystemImpl (MetricsSystemImpl.java:register(276)) - Sink prometheus already exists!
2019-11-13 20:20:16,764 [main] INFO  server.BaseHttpServer (BaseHttpServer.java:updateConnectorAddress(215)) - HTTP server of HDDSDATANODE is listening at http://0.0.0.0:38587
2019-11-13 20:20:16,764 [main] INFO  impl.MetricsSystemImpl (MetricsSystemImpl.java:init(158)) - HddsDatanode metrics system started (again)
2019-11-13 20:20:16,769 [org.apache.hadoop.util.JvmPauseMonitor$Monitor@60598924] INFO  util.JvmPauseMonitor (JvmPauseMonitor.java:run(188)) - Starting JVM pause monitor
2019-11-13 20:20:16,770 [main] INFO  ozone.HddsDatanodeService (HddsDatanodeService.java:start(186)) - HddsDatanodeService host:pr-hdds-2375-t422d-1049308724 ip:192.168.164.208
2019-11-13 20:20:16,771 [Datanode State Machine Thread - 0] INFO  datanode.InitDatanodeState (InitDatanodeState.java:persistContainerDatanodeDetails(140)) - DatanodeDetails is persisted to /workdir/hadoop-ozone/integration-test/target/test-dir/MiniOzoneClusterImpl-252be716-c998-406a-83e5-534d363f62a9/datanode-5/meta/datanode.id
2019-11-13 20:20:16,778 [main] INFO  volume.HddsVolume (HddsVolume.java:<init>(176)) - Creating Volume: /workdir/hadoop-ozone/integration-test/target/test-dir/MiniOzoneClusterImpl-252be716-c998-406a-83e5-534d363f62a9/datanode-6/data/containers/hdds of  storage type : DISK and capacity : 1482555576320
2019-11-13 20:20:16,778 [main] INFO  volume.VolumeSet (VolumeSet.java:initializeVolumeSet(170)) - Added Volume : /workdir/hadoop-ozone/integration-test/target/test-dir/MiniOzoneClusterImpl-252be716-c998-406a-83e5-534d363f62a9/datanode-6/data/containers/hdds to VolumeSet
2019-11-13 20:20:16,779 [main] INFO  volume.ThrottledAsyncChecker (ThrottledAsyncChecker.java:schedule(141)) - Scheduling a check for /workdir/hadoop-ozone/integration-test/target/test-dir/MiniOzoneClusterImpl-252be716-c998-406a-83e5-534d363f62a9/datanode-6/data/containers/hdds
2019-11-13 20:20:16,779 [main] INFO  volume.HddsVolumeChecker (HddsVolumeChecker.java:checkAllVolumes(204)) - Scheduled health check for volume /workdir/hadoop-ozone/integration-test/target/test-dir/MiniOzoneClusterImpl-252be716-c998-406a-83e5-534d363f62a9/datanode-6/data/containers/hdds
2019-11-13 20:20:16,797 [main] INFO  impl.RaftServerProxy (ConfUtils.java:logGet(43)) - raft.rpc.type = GRPC (default)
2019-11-13 20:20:16,797 [main] INFO  grpc.GrpcFactory (GrpcFactory.java:checkPooledByteBufAllocatorUseCacheForAllThreads(45)) - PERFORMANCE WARNING: useCacheForAllThreads is true that may cause Netty to create a lot garbage objects and, as a result, trigger GC.
	It is recommended to disable useCacheForAllThreads by setting -Dorg.apache.ratis.thirdparty.io.netty.allocator.useCacheForAllThreads=false in command line.
2019-11-13 20:20:16,797 [main] INFO  grpc.GrpcConfigKeys$Server (ConfUtils.java:logGet(43)) - raft.grpc.server.port = 0 (default)
2019-11-13 20:20:16,797 [main] INFO  server.GrpcService (ConfUtils.java:logGet(43)) - raft.grpc.message.size.max = 33570816 (custom)
2019-11-13 20:20:16,798 [main] INFO  server.RaftServerConfigKeys (ConfUtils.java:logGet(43)) - raft.server.log.appender.buffer.byte-limit = 33554432 (custom)
2019-11-13 20:20:16,798 [main] INFO  server.GrpcService (ConfUtils.java:logGet(43)) - raft.grpc.flow.control.window = 1MB (=1048576) (default)
2019-11-13 20:20:16,798 [main] INFO  server.RaftServerConfigKeys (ConfUtils.java:logGet(43)) - raft.server.rpc.request.timeout = 3000ms (default)
2019-11-13 20:20:16,799 [main] INFO  server.RaftServerConfigKeys (ConfUtils.java:logGet(43)) - raft.server.storage.dir = [/workdir/hadoop-ozone/integration-test/target/test-dir/MiniOzoneClusterImpl-252be716-c998-406a-83e5-534d363f62a9/datanode-6/data/ratis] (custom)
2019-11-13 20:20:16,800 [main] INFO  hdfs.DFSUtil (DFSUtil.java:httpServerTemplateForNNAndJN(1641)) - Starting Web-server for hddsDatanode at: http://0.0.0.0:0
2019-11-13 20:20:16,802 [main] INFO  server.AuthenticationFilter (AuthenticationFilter.java:constructSecretProvider(240)) - Unable to initialize FileSignerSecretProvider, falling back to use random secrets.
2019-11-13 20:20:16,803 [main] WARN  http.HttpRequestLog (HttpRequestLog.java:getRequestLog(97)) - Jetty request log can only be enabled using Log4j
2019-11-13 20:20:16,805 [main] INFO  http.HttpServer2 (HttpServer2.java:addGlobalFilter(975)) - Added global filter 'safety' (class=org.apache.hadoop.http.HttpServer2$QuotingInputFilter)
2019-11-13 20:20:16,806 [main] INFO  http.HttpServer2 (HttpServer2.java:addFilter(948)) - Added filter static_user_filter (class=org.apache.hadoop.http.lib.StaticUserWebFilter$StaticUserFilter) to context hddsDatanode
2019-11-13 20:20:16,807 [main] INFO  http.HttpServer2 (HttpServer2.java:addFilter(958)) - Added filter static_user_filter (class=org.apache.hadoop.http.lib.StaticUserWebFilter$StaticUserFilter) to context static
2019-11-13 20:20:16,807 [main] INFO  http.HttpServer2 (HttpServer2.java:addFilter(958)) - Added filter static_user_filter (class=org.apache.hadoop.http.lib.StaticUserWebFilter$StaticUserFilter) to context logs
2019-11-13 20:20:16,808 [main] INFO  http.HttpServer2 (HttpServer2.java:bindListener(1191)) - Jetty bound to port 46745
2019-11-13 20:20:16,808 [main] INFO  server.Server (Server.java:doStart(351)) - jetty-9.3.25.v20180904, build timestamp: 2018-09-04T21:11:46Z, git hash: 3ce520221d0240229c862b122d2b06c12a625732
2019-11-13 20:20:16,810 [main] INFO  handler.ContextHandler (ContextHandler.java:doStart(781)) - Started o.e.j.s.ServletContextHandler@427308f8{/logs,file:///workdir/hadoop-ozone/integration-test/target/log,AVAILABLE}
2019-11-13 20:20:16,811 [main] INFO  handler.ContextHandler (ContextHandler.java:doStart(781)) - Started o.e.j.s.ServletContextHandler@4975dda1{/static,jar:file:/home/user/.m2/repository/org/apache/hadoop/hadoop-hdds-container-service/0.5.0-SNAPSHOT/hadoop-hdds-container-service-0.5.0-SNAPSHOT.jar!/webapps/static,AVAILABLE}
2019-11-13 20:20:16,857 [main] INFO  handler.ContextHandler (ContextHandler.java:doStart(781)) - Started o.e.j.w.WebAppContext@20a3e10c{/,file:///tmp/jetty-0.0.0.0-46745-hddsDatanode-_-any-2869567175609836889.dir/webapp/,AVAILABLE}{/hddsDatanode}
2019-11-13 20:20:16,857 [main] INFO  server.AbstractConnector (AbstractConnector.java:doStart(278)) - Started ServerConnector@426c0486{HTTP/1.1,[http/1.1]}{0.0.0.0:46745}
2019-11-13 20:20:16,858 [main] INFO  server.Server (Server.java:doStart(419)) - Started @235218ms
2019-11-13 20:20:16,858 [main] WARN  impl.MetricsSystemImpl (MetricsSystemImpl.java:register(276)) - Sink prometheus already exists!
2019-11-13 20:20:16,860 [main] INFO  server.BaseHttpServer (BaseHttpServer.java:updateConnectorAddress(215)) - HTTP server of HDDSDATANODE is listening at http://0.0.0.0:46745
2019-11-13 20:20:16,860 [main] INFO  impl.MetricsSystemImpl (MetricsSystemImpl.java:init(158)) - HddsDatanode metrics system started (again)
2019-11-13 20:20:16,865 [org.apache.hadoop.util.JvmPauseMonitor$Monitor@13ef8248] INFO  util.JvmPauseMonitor (JvmPauseMonitor.java:run(188)) - Starting JVM pause monitor
2019-11-13 20:20:16,866 [main] INFO  ozone.HddsDatanodeService (HddsDatanodeService.java:start(186)) - HddsDatanodeService host:pr-hdds-2375-t422d-1049308724 ip:192.168.164.208
2019-11-13 20:20:16,867 [Datanode State Machine Thread - 0] INFO  datanode.InitDatanodeState (InitDatanodeState.java:persistContainerDatanodeDetails(140)) - DatanodeDetails is persisted to /workdir/hadoop-ozone/integration-test/target/test-dir/MiniOzoneClusterImpl-252be716-c998-406a-83e5-534d363f62a9/datanode-6/meta/datanode.id
2019-11-13 20:20:16,874 [main] INFO  volume.HddsVolume (HddsVolume.java:<init>(176)) - Creating Volume: /workdir/hadoop-ozone/integration-test/target/test-dir/MiniOzoneClusterImpl-252be716-c998-406a-83e5-534d363f62a9/datanode-7/data/containers/hdds of  storage type : DISK and capacity : 1482555576320
2019-11-13 20:20:16,874 [main] INFO  volume.VolumeSet (VolumeSet.java:initializeVolumeSet(170)) - Added Volume : /workdir/hadoop-ozone/integration-test/target/test-dir/MiniOzoneClusterImpl-252be716-c998-406a-83e5-534d363f62a9/datanode-7/data/containers/hdds to VolumeSet
2019-11-13 20:20:16,875 [main] INFO  volume.ThrottledAsyncChecker (ThrottledAsyncChecker.java:schedule(141)) - Scheduling a check for /workdir/hadoop-ozone/integration-test/target/test-dir/MiniOzoneClusterImpl-252be716-c998-406a-83e5-534d363f62a9/datanode-7/data/containers/hdds
2019-11-13 20:20:16,875 [main] INFO  volume.HddsVolumeChecker (HddsVolumeChecker.java:checkAllVolumes(204)) - Scheduled health check for volume /workdir/hadoop-ozone/integration-test/target/test-dir/MiniOzoneClusterImpl-252be716-c998-406a-83e5-534d363f62a9/datanode-7/data/containers/hdds
2019-11-13 20:20:16,892 [main] INFO  impl.RaftServerProxy (ConfUtils.java:logGet(43)) - raft.rpc.type = GRPC (default)
2019-11-13 20:20:16,893 [main] INFO  grpc.GrpcFactory (GrpcFactory.java:checkPooledByteBufAllocatorUseCacheForAllThreads(45)) - PERFORMANCE WARNING: useCacheForAllThreads is true that may cause Netty to create a lot garbage objects and, as a result, trigger GC.
	It is recommended to disable useCacheForAllThreads by setting -Dorg.apache.ratis.thirdparty.io.netty.allocator.useCacheForAllThreads=false in command line.
2019-11-13 20:20:16,893 [main] INFO  grpc.GrpcConfigKeys$Server (ConfUtils.java:logGet(43)) - raft.grpc.server.port = 0 (default)
2019-11-13 20:20:16,893 [main] INFO  server.GrpcService (ConfUtils.java:logGet(43)) - raft.grpc.message.size.max = 33570816 (custom)
2019-11-13 20:20:16,893 [main] INFO  server.RaftServerConfigKeys (ConfUtils.java:logGet(43)) - raft.server.log.appender.buffer.byte-limit = 33554432 (custom)
2019-11-13 20:20:16,894 [main] INFO  server.GrpcService (ConfUtils.java:logGet(43)) - raft.grpc.flow.control.window = 1MB (=1048576) (default)
2019-11-13 20:20:16,894 [main] INFO  server.RaftServerConfigKeys (ConfUtils.java:logGet(43)) - raft.server.rpc.request.timeout = 3000ms (default)
2019-11-13 20:20:16,894 [main] INFO  server.RaftServerConfigKeys (ConfUtils.java:logGet(43)) - raft.server.storage.dir = [/workdir/hadoop-ozone/integration-test/target/test-dir/MiniOzoneClusterImpl-252be716-c998-406a-83e5-534d363f62a9/datanode-7/data/ratis] (custom)
2019-11-13 20:20:16,896 [main] INFO  hdfs.DFSUtil (DFSUtil.java:httpServerTemplateForNNAndJN(1641)) - Starting Web-server for hddsDatanode at: http://0.0.0.0:0
2019-11-13 20:20:16,897 [main] INFO  server.AuthenticationFilter (AuthenticationFilter.java:constructSecretProvider(240)) - Unable to initialize FileSignerSecretProvider, falling back to use random secrets.
2019-11-13 20:20:16,898 [main] WARN  http.HttpRequestLog (HttpRequestLog.java:getRequestLog(97)) - Jetty request log can only be enabled using Log4j
2019-11-13 20:20:16,899 [main] INFO  http.HttpServer2 (HttpServer2.java:addGlobalFilter(975)) - Added global filter 'safety' (class=org.apache.hadoop.http.HttpServer2$QuotingInputFilter)
2019-11-13 20:20:16,900 [main] INFO  http.HttpServer2 (HttpServer2.java:addFilter(948)) - Added filter static_user_filter (class=org.apache.hadoop.http.lib.StaticUserWebFilter$StaticUserFilter) to context hddsDatanode
2019-11-13 20:20:16,900 [main] INFO  http.HttpServer2 (HttpServer2.java:addFilter(958)) - Added filter static_user_filter (class=org.apache.hadoop.http.lib.StaticUserWebFilter$StaticUserFilter) to context static
2019-11-13 20:20:16,900 [main] INFO  http.HttpServer2 (HttpServer2.java:addFilter(958)) - Added filter static_user_filter (class=org.apache.hadoop.http.lib.StaticUserWebFilter$StaticUserFilter) to context logs
2019-11-13 20:20:16,901 [main] INFO  http.HttpServer2 (HttpServer2.java:bindListener(1191)) - Jetty bound to port 32780
2019-11-13 20:20:16,901 [main] INFO  server.Server (Server.java:doStart(351)) - jetty-9.3.25.v20180904, build timestamp: 2018-09-04T21:11:46Z, git hash: 3ce520221d0240229c862b122d2b06c12a625732
2019-11-13 20:20:16,903 [main] INFO  handler.ContextHandler (ContextHandler.java:doStart(781)) - Started o.e.j.s.ServletContextHandler@5ac044ef{/logs,file:///workdir/hadoop-ozone/integration-test/target/log,AVAILABLE}
2019-11-13 20:20:16,904 [main] INFO  handler.ContextHandler (ContextHandler.java:doStart(781)) - Started o.e.j.s.ServletContextHandler@14457a95{/static,jar:file:/home/user/.m2/repository/org/apache/hadoop/hadoop-hdds-container-service/0.5.0-SNAPSHOT/hadoop-hdds-container-service-0.5.0-SNAPSHOT.jar!/webapps/static,AVAILABLE}
2019-11-13 20:20:16,942 [main] INFO  handler.ContextHandler (ContextHandler.java:doStart(781)) - Started o.e.j.w.WebAppContext@54326e9{/,file:///tmp/jetty-0.0.0.0-32780-hddsDatanode-_-any-8594987449470604344.dir/webapp/,AVAILABLE}{/hddsDatanode}
2019-11-13 20:20:16,942 [main] INFO  server.AbstractConnector (AbstractConnector.java:doStart(278)) - Started ServerConnector@20216016{HTTP/1.1,[http/1.1]}{0.0.0.0:32780}
2019-11-13 20:20:16,942 [main] INFO  server.Server (Server.java:doStart(419)) - Started @235301ms
2019-11-13 20:20:16,943 [main] WARN  impl.MetricsSystemImpl (MetricsSystemImpl.java:register(276)) - Sink prometheus already exists!
2019-11-13 20:20:16,944 [main] INFO  server.BaseHttpServer (BaseHttpServer.java:updateConnectorAddress(215)) - HTTP server of HDDSDATANODE is listening at http://0.0.0.0:32780
2019-11-13 20:20:16,945 [main] INFO  impl.MetricsSystemImpl (MetricsSystemImpl.java:init(158)) - HddsDatanode metrics system started (again)
2019-11-13 20:20:16,950 [org.apache.hadoop.util.JvmPauseMonitor$Monitor@73c45d8e] INFO  util.JvmPauseMonitor (JvmPauseMonitor.java:run(188)) - Starting JVM pause monitor
2019-11-13 20:20:16,950 [main] INFO  ozone.HddsDatanodeService (HddsDatanodeService.java:start(186)) - HddsDatanodeService host:pr-hdds-2375-t422d-1049308724 ip:192.168.164.208
2019-11-13 20:20:16,951 [Datanode State Machine Thread - 0] INFO  datanode.InitDatanodeState (InitDatanodeState.java:persistContainerDatanodeDetails(140)) - DatanodeDetails is persisted to /workdir/hadoop-ozone/integration-test/target/test-dir/MiniOzoneClusterImpl-252be716-c998-406a-83e5-534d363f62a9/datanode-7/meta/datanode.id
2019-11-13 20:20:16,958 [main] INFO  volume.HddsVolume (HddsVolume.java:<init>(176)) - Creating Volume: /workdir/hadoop-ozone/integration-test/target/test-dir/MiniOzoneClusterImpl-252be716-c998-406a-83e5-534d363f62a9/datanode-8/data/containers/hdds of  storage type : DISK and capacity : 1482555576320
2019-11-13 20:20:16,958 [main] INFO  volume.VolumeSet (VolumeSet.java:initializeVolumeSet(170)) - Added Volume : /workdir/hadoop-ozone/integration-test/target/test-dir/MiniOzoneClusterImpl-252be716-c998-406a-83e5-534d363f62a9/datanode-8/data/containers/hdds to VolumeSet
2019-11-13 20:20:16,958 [main] INFO  volume.ThrottledAsyncChecker (ThrottledAsyncChecker.java:schedule(141)) - Scheduling a check for /workdir/hadoop-ozone/integration-test/target/test-dir/MiniOzoneClusterImpl-252be716-c998-406a-83e5-534d363f62a9/datanode-8/data/containers/hdds
2019-11-13 20:20:16,959 [main] INFO  volume.HddsVolumeChecker (HddsVolumeChecker.java:checkAllVolumes(204)) - Scheduled health check for volume /workdir/hadoop-ozone/integration-test/target/test-dir/MiniOzoneClusterImpl-252be716-c998-406a-83e5-534d363f62a9/datanode-8/data/containers/hdds
2019-11-13 20:20:16,975 [main] INFO  impl.RaftServerProxy (ConfUtils.java:logGet(43)) - raft.rpc.type = GRPC (default)
2019-11-13 20:20:16,975 [main] INFO  grpc.GrpcFactory (GrpcFactory.java:checkPooledByteBufAllocatorUseCacheForAllThreads(45)) - PERFORMANCE WARNING: useCacheForAllThreads is true that may cause Netty to create a lot garbage objects and, as a result, trigger GC.
	It is recommended to disable useCacheForAllThreads by setting -Dorg.apache.ratis.thirdparty.io.netty.allocator.useCacheForAllThreads=false in command line.
2019-11-13 20:20:16,975 [main] INFO  grpc.GrpcConfigKeys$Server (ConfUtils.java:logGet(43)) - raft.grpc.server.port = 0 (default)
2019-11-13 20:20:16,975 [main] INFO  server.GrpcService (ConfUtils.java:logGet(43)) - raft.grpc.message.size.max = 33570816 (custom)
2019-11-13 20:20:16,976 [main] INFO  server.RaftServerConfigKeys (ConfUtils.java:logGet(43)) - raft.server.log.appender.buffer.byte-limit = 33554432 (custom)
2019-11-13 20:20:16,976 [main] INFO  server.GrpcService (ConfUtils.java:logGet(43)) - raft.grpc.flow.control.window = 1MB (=1048576) (default)
2019-11-13 20:20:16,976 [main] INFO  server.RaftServerConfigKeys (ConfUtils.java:logGet(43)) - raft.server.rpc.request.timeout = 3000ms (default)
2019-11-13 20:20:16,976 [main] INFO  server.RaftServerConfigKeys (ConfUtils.java:logGet(43)) - raft.server.storage.dir = [/workdir/hadoop-ozone/integration-test/target/test-dir/MiniOzoneClusterImpl-252be716-c998-406a-83e5-534d363f62a9/datanode-8/data/ratis] (custom)
2019-11-13 20:20:16,978 [main] INFO  hdfs.DFSUtil (DFSUtil.java:httpServerTemplateForNNAndJN(1641)) - Starting Web-server for hddsDatanode at: http://0.0.0.0:0
2019-11-13 20:20:16,979 [main] INFO  server.AuthenticationFilter (AuthenticationFilter.java:constructSecretProvider(240)) - Unable to initialize FileSignerSecretProvider, falling back to use random secrets.
2019-11-13 20:20:16,979 [main] WARN  http.HttpRequestLog (HttpRequestLog.java:getRequestLog(97)) - Jetty request log can only be enabled using Log4j
2019-11-13 20:20:16,981 [main] INFO  http.HttpServer2 (HttpServer2.java:addGlobalFilter(975)) - Added global filter 'safety' (class=org.apache.hadoop.http.HttpServer2$QuotingInputFilter)
2019-11-13 20:20:16,981 [main] INFO  http.HttpServer2 (HttpServer2.java:addFilter(948)) - Added filter static_user_filter (class=org.apache.hadoop.http.lib.StaticUserWebFilter$StaticUserFilter) to context hddsDatanode
2019-11-13 20:20:16,981 [main] INFO  http.HttpServer2 (HttpServer2.java:addFilter(958)) - Added filter static_user_filter (class=org.apache.hadoop.http.lib.StaticUserWebFilter$StaticUserFilter) to context logs
2019-11-13 20:20:16,981 [main] INFO  http.HttpServer2 (HttpServer2.java:addFilter(958)) - Added filter static_user_filter (class=org.apache.hadoop.http.lib.StaticUserWebFilter$StaticUserFilter) to context static
2019-11-13 20:20:16,982 [main] INFO  http.HttpServer2 (HttpServer2.java:bindListener(1191)) - Jetty bound to port 38530
2019-11-13 20:20:16,982 [main] INFO  server.Server (Server.java:doStart(351)) - jetty-9.3.25.v20180904, build timestamp: 2018-09-04T21:11:46Z, git hash: 3ce520221d0240229c862b122d2b06c12a625732
2019-11-13 20:20:16,984 [main] INFO  handler.ContextHandler (ContextHandler.java:doStart(781)) - Started o.e.j.s.ServletContextHandler@49cc9b2a{/logs,file:///workdir/hadoop-ozone/integration-test/target/log,AVAILABLE}
2019-11-13 20:20:16,984 [main] INFO  handler.ContextHandler (ContextHandler.java:doStart(781)) - Started o.e.j.s.ServletContextHandler@6c5ca0b6{/static,jar:file:/home/user/.m2/repository/org/apache/hadoop/hadoop-hdds-container-service/0.5.0-SNAPSHOT/hadoop-hdds-container-service-0.5.0-SNAPSHOT.jar!/webapps/static,AVAILABLE}
2019-11-13 20:20:17,013 [main] INFO  handler.ContextHandler (ContextHandler.java:doStart(781)) - Started o.e.j.w.WebAppContext@7ab63838{/,file:///tmp/jetty-0.0.0.0-38530-hddsDatanode-_-any-3738113329686393757.dir/webapp/,AVAILABLE}{/hddsDatanode}
2019-11-13 20:20:17,013 [main] INFO  server.AbstractConnector (AbstractConnector.java:doStart(278)) - Started ServerConnector@4e974b9e{HTTP/1.1,[http/1.1]}{0.0.0.0:38530}
2019-11-13 20:20:17,013 [main] INFO  server.Server (Server.java:doStart(419)) - Started @235373ms
2019-11-13 20:20:17,014 [main] WARN  impl.MetricsSystemImpl (MetricsSystemImpl.java:register(276)) - Sink prometheus already exists!
2019-11-13 20:20:17,015 [main] INFO  server.BaseHttpServer (BaseHttpServer.java:updateConnectorAddress(215)) - HTTP server of HDDSDATANODE is listening at http://0.0.0.0:38530
2019-11-13 20:20:17,015 [main] INFO  impl.MetricsSystemImpl (MetricsSystemImpl.java:init(158)) - HddsDatanode metrics system started (again)
2019-11-13 20:20:17,019 [main] INFO  ozone.HddsDatanodeService (HddsDatanodeService.java:start(186)) - HddsDatanodeService host:pr-hdds-2375-t422d-1049308724 ip:192.168.164.208
2019-11-13 20:20:17,019 [org.apache.hadoop.util.JvmPauseMonitor$Monitor@643c6d9d] INFO  util.JvmPauseMonitor (JvmPauseMonitor.java:run(188)) - Starting JVM pause monitor
2019-11-13 20:20:17,021 [Datanode State Machine Thread - 0] INFO  datanode.InitDatanodeState (InitDatanodeState.java:persistContainerDatanodeDetails(140)) - DatanodeDetails is persisted to /workdir/hadoop-ozone/integration-test/target/test-dir/MiniOzoneClusterImpl-252be716-c998-406a-83e5-534d363f62a9/datanode-8/meta/datanode.id
2019-11-13 20:20:17,027 [main] INFO  volume.HddsVolume (HddsVolume.java:<init>(176)) - Creating Volume: /workdir/hadoop-ozone/integration-test/target/test-dir/MiniOzoneClusterImpl-252be716-c998-406a-83e5-534d363f62a9/datanode-9/data/containers/hdds of  storage type : DISK and capacity : 1482555576320
2019-11-13 20:20:17,027 [main] INFO  volume.VolumeSet (VolumeSet.java:initializeVolumeSet(170)) - Added Volume : /workdir/hadoop-ozone/integration-test/target/test-dir/MiniOzoneClusterImpl-252be716-c998-406a-83e5-534d363f62a9/datanode-9/data/containers/hdds to VolumeSet
2019-11-13 20:20:17,027 [main] INFO  volume.ThrottledAsyncChecker (ThrottledAsyncChecker.java:schedule(141)) - Scheduling a check for /workdir/hadoop-ozone/integration-test/target/test-dir/MiniOzoneClusterImpl-252be716-c998-406a-83e5-534d363f62a9/datanode-9/data/containers/hdds
2019-11-13 20:20:17,028 [main] INFO  volume.HddsVolumeChecker (HddsVolumeChecker.java:checkAllVolumes(204)) - Scheduled health check for volume /workdir/hadoop-ozone/integration-test/target/test-dir/MiniOzoneClusterImpl-252be716-c998-406a-83e5-534d363f62a9/datanode-9/data/containers/hdds
2019-11-13 20:20:17,041 [main] INFO  impl.RaftServerProxy (ConfUtils.java:logGet(43)) - raft.rpc.type = GRPC (default)
2019-11-13 20:20:17,041 [main] INFO  grpc.GrpcFactory (GrpcFactory.java:checkPooledByteBufAllocatorUseCacheForAllThreads(45)) - PERFORMANCE WARNING: useCacheForAllThreads is true that may cause Netty to create a lot garbage objects and, as a result, trigger GC.
	It is recommended to disable useCacheForAllThreads by setting -Dorg.apache.ratis.thirdparty.io.netty.allocator.useCacheForAllThreads=false in command line.
2019-11-13 20:20:17,041 [main] INFO  grpc.GrpcConfigKeys$Server (ConfUtils.java:logGet(43)) - raft.grpc.server.port = 0 (default)
2019-11-13 20:20:17,041 [main] INFO  server.GrpcService (ConfUtils.java:logGet(43)) - raft.grpc.message.size.max = 33570816 (custom)
2019-11-13 20:20:17,042 [main] INFO  server.RaftServerConfigKeys (ConfUtils.java:logGet(43)) - raft.server.log.appender.buffer.byte-limit = 33554432 (custom)
2019-11-13 20:20:17,042 [main] INFO  server.GrpcService (ConfUtils.java:logGet(43)) - raft.grpc.flow.control.window = 1MB (=1048576) (default)
2019-11-13 20:20:17,042 [main] INFO  server.RaftServerConfigKeys (ConfUtils.java:logGet(43)) - raft.server.rpc.request.timeout = 3000ms (default)
2019-11-13 20:20:17,042 [main] INFO  server.RaftServerConfigKeys (ConfUtils.java:logGet(43)) - raft.server.storage.dir = [/workdir/hadoop-ozone/integration-test/target/test-dir/MiniOzoneClusterImpl-252be716-c998-406a-83e5-534d363f62a9/datanode-9/data/ratis] (custom)
2019-11-13 20:20:17,043 [main] INFO  hdfs.DFSUtil (DFSUtil.java:httpServerTemplateForNNAndJN(1641)) - Starting Web-server for hddsDatanode at: http://0.0.0.0:0
2019-11-13 20:20:17,044 [main] INFO  server.AuthenticationFilter (AuthenticationFilter.java:constructSecretProvider(240)) - Unable to initialize FileSignerSecretProvider, falling back to use random secrets.
2019-11-13 20:20:17,045 [main] WARN  http.HttpRequestLog (HttpRequestLog.java:getRequestLog(97)) - Jetty request log can only be enabled using Log4j
2019-11-13 20:20:17,046 [main] INFO  http.HttpServer2 (HttpServer2.java:addGlobalFilter(975)) - Added global filter 'safety' (class=org.apache.hadoop.http.HttpServer2$QuotingInputFilter)
2019-11-13 20:20:17,046 [main] INFO  http.HttpServer2 (HttpServer2.java:addFilter(948)) - Added filter static_user_filter (class=org.apache.hadoop.http.lib.StaticUserWebFilter$StaticUserFilter) to context hddsDatanode
2019-11-13 20:20:17,046 [main] INFO  http.HttpServer2 (HttpServer2.java:addFilter(958)) - Added filter static_user_filter (class=org.apache.hadoop.http.lib.StaticUserWebFilter$StaticUserFilter) to context static
2019-11-13 20:20:17,046 [main] INFO  http.HttpServer2 (HttpServer2.java:addFilter(958)) - Added filter static_user_filter (class=org.apache.hadoop.http.lib.StaticUserWebFilter$StaticUserFilter) to context logs
2019-11-13 20:20:17,047 [main] INFO  http.HttpServer2 (HttpServer2.java:bindListener(1191)) - Jetty bound to port 45406
2019-11-13 20:20:17,047 [main] INFO  server.Server (Server.java:doStart(351)) - jetty-9.3.25.v20180904, build timestamp: 2018-09-04T21:11:46Z, git hash: 3ce520221d0240229c862b122d2b06c12a625732
2019-11-13 20:20:17,049 [main] INFO  handler.ContextHandler (ContextHandler.java:doStart(781)) - Started o.e.j.s.ServletContextHandler@58c42c8c{/logs,file:///workdir/hadoop-ozone/integration-test/target/log,AVAILABLE}
2019-11-13 20:20:17,049 [main] INFO  handler.ContextHandler (ContextHandler.java:doStart(781)) - Started o.e.j.s.ServletContextHandler@23564dd2{/static,jar:file:/home/user/.m2/repository/org/apache/hadoop/hadoop-hdds-container-service/0.5.0-SNAPSHOT/hadoop-hdds-container-service-0.5.0-SNAPSHOT.jar!/webapps/static,AVAILABLE}
2019-11-13 20:20:17,077 [main] INFO  handler.ContextHandler (ContextHandler.java:doStart(781)) - Started o.e.j.w.WebAppContext@1b17d8ab{/,file:///tmp/jetty-0.0.0.0-45406-hddsDatanode-_-any-3196254897898513255.dir/webapp/,AVAILABLE}{/hddsDatanode}
2019-11-13 20:20:17,078 [main] INFO  server.AbstractConnector (AbstractConnector.java:doStart(278)) - Started ServerConnector@7f6b7426{HTTP/1.1,[http/1.1]}{0.0.0.0:45406}
2019-11-13 20:20:17,078 [main] INFO  server.Server (Server.java:doStart(419)) - Started @235437ms
2019-11-13 20:20:17,079 [main] WARN  impl.MetricsSystemImpl (MetricsSystemImpl.java:register(276)) - Sink prometheus already exists!
2019-11-13 20:20:17,079 [main] INFO  server.BaseHttpServer (BaseHttpServer.java:updateConnectorAddress(215)) - HTTP server of HDDSDATANODE is listening at http://0.0.0.0:45406
2019-11-13 20:20:17,080 [main] INFO  ozone.MiniOzoneClusterImpl (MiniOzoneClusterImpl.java:lambda$waitForClusterToBeReady$2(171)) - Waiting for cluster to be ready. Got 0 of 10 DN Heartbeats.
2019-11-13 20:20:17,081 [org.apache.hadoop.util.JvmPauseMonitor$Monitor@125e012e] INFO  util.JvmPauseMonitor (JvmPauseMonitor.java:run(188)) - Starting JVM pause monitor
2019-11-13 20:20:17,083 [Datanode State Machine Thread - 0] INFO  datanode.InitDatanodeState (InitDatanodeState.java:persistContainerDatanodeDetails(140)) - DatanodeDetails is persisted to /workdir/hadoop-ozone/integration-test/target/test-dir/MiniOzoneClusterImpl-252be716-c998-406a-83e5-534d363f62a9/datanode-9/meta/datanode.id
2019-11-13 20:20:18,084 [main] INFO  ozone.MiniOzoneClusterImpl (MiniOzoneClusterImpl.java:lambda$waitForClusterToBeReady$2(171)) - Waiting for cluster to be ready. Got 0 of 10 DN Heartbeats.
2019-11-13 20:20:18,386 [Datanode State Machine Thread - 0] INFO  ozoneimpl.OzoneContainer (OzoneContainer.java:start(230)) - Attempting to start container services.
2019-11-13 20:20:18,386 [Datanode State Machine Thread - 0] INFO  ozoneimpl.OzoneContainer (OzoneContainer.java:startContainerScrub(194)) - Background container scanner has been disabled.
2019-11-13 20:20:18,386 [Datanode State Machine Thread - 0] INFO  ratis.XceiverServerRatis (XceiverServerRatis.java:start(421)) - Starting XceiverServerRatis 57e4e4f3-95e6-4ba3-b7c4-7652bb100830 at port 0
2019-11-13 20:20:18,393 [Datanode State Machine Thread - 0] INFO  impl.RaftServerProxy (RaftServerProxy.java:lambda$start$3(299)) - 57e4e4f3-95e6-4ba3-b7c4-7652bb100830: start RPC server
2019-11-13 20:20:18,396 [Datanode State Machine Thread - 0] INFO  server.GrpcService (GrpcService.java:startImpl(158)) - 57e4e4f3-95e6-4ba3-b7c4-7652bb100830: GrpcService started, listening on 0.0.0.0/0.0.0.0:33520
2019-11-13 20:20:18,397 [Datanode State Machine Thread - 0] INFO  ratis.XceiverServerRatis (XceiverServerRatis.java:start(431)) - XceiverServerRatis 57e4e4f3-95e6-4ba3-b7c4-7652bb100830 is started using port 33520
2019-11-13 20:20:18,397 [Datanode State Machine Thread - 0] INFO  server.XceiverServerGrpc (XceiverServerGrpc.java:start(145)) - XceiverServerGrpc 57e4e4f3-95e6-4ba3-b7c4-7652bb100830 is started using port 35701
2019-11-13 20:20:18,461 [Datanode State Machine Thread - 0] INFO  ozoneimpl.OzoneContainer (OzoneContainer.java:start(230)) - Attempting to start container services.
2019-11-13 20:20:18,461 [Datanode State Machine Thread - 0] INFO  ozoneimpl.OzoneContainer (OzoneContainer.java:startContainerScrub(194)) - Background container scanner has been disabled.
2019-11-13 20:20:18,461 [Datanode State Machine Thread - 0] INFO  ratis.XceiverServerRatis (XceiverServerRatis.java:start(421)) - Starting XceiverServerRatis 2eae8a0c-14f7-4974-be0f-a72b7694e262 at port 0
2019-11-13 20:20:18,471 [Datanode State Machine Thread - 0] INFO  impl.RaftServerProxy (RaftServerProxy.java:lambda$start$3(299)) - 2eae8a0c-14f7-4974-be0f-a72b7694e262: start RPC server
2019-11-13 20:20:18,472 [Datanode State Machine Thread - 0] INFO  server.GrpcService (GrpcService.java:startImpl(158)) - 2eae8a0c-14f7-4974-be0f-a72b7694e262: GrpcService started, listening on 0.0.0.0/0.0.0.0:33269
2019-11-13 20:20:18,472 [Datanode State Machine Thread - 0] INFO  ratis.XceiverServerRatis (XceiverServerRatis.java:start(431)) - XceiverServerRatis 2eae8a0c-14f7-4974-be0f-a72b7694e262 is started using port 33269
2019-11-13 20:20:18,473 [Datanode State Machine Thread - 0] INFO  server.XceiverServerGrpc (XceiverServerGrpc.java:start(145)) - XceiverServerGrpc 2eae8a0c-14f7-4974-be0f-a72b7694e262 is started using port 45688
2019-11-13 20:20:18,547 [Datanode State Machine Thread - 0] INFO  ozoneimpl.OzoneContainer (OzoneContainer.java:start(230)) - Attempting to start container services.
2019-11-13 20:20:18,547 [Datanode State Machine Thread - 0] INFO  ozoneimpl.OzoneContainer (OzoneContainer.java:startContainerScrub(194)) - Background container scanner has been disabled.
2019-11-13 20:20:18,547 [Datanode State Machine Thread - 0] INFO  ratis.XceiverServerRatis (XceiverServerRatis.java:start(421)) - Starting XceiverServerRatis b0735163-16b4-4eff-936d-5712c77b458f at port 0
2019-11-13 20:20:18,556 [Datanode State Machine Thread - 0] INFO  impl.RaftServerProxy (RaftServerProxy.java:lambda$start$3(299)) - b0735163-16b4-4eff-936d-5712c77b458f: start RPC server
2019-11-13 20:20:18,557 [Datanode State Machine Thread - 0] INFO  server.GrpcService (GrpcService.java:startImpl(158)) - b0735163-16b4-4eff-936d-5712c77b458f: GrpcService started, listening on 0.0.0.0/0.0.0.0:33769
2019-11-13 20:20:18,557 [Datanode State Machine Thread - 0] INFO  ratis.XceiverServerRatis (XceiverServerRatis.java:start(431)) - XceiverServerRatis b0735163-16b4-4eff-936d-5712c77b458f is started using port 33769
2019-11-13 20:20:18,557 [Datanode State Machine Thread - 0] INFO  server.XceiverServerGrpc (XceiverServerGrpc.java:start(145)) - XceiverServerGrpc b0735163-16b4-4eff-936d-5712c77b458f is started using port 41277
2019-11-13 20:20:18,637 [Datanode State Machine Thread - 0] INFO  ozoneimpl.OzoneContainer (OzoneContainer.java:start(230)) - Attempting to start container services.
2019-11-13 20:20:18,638 [Datanode State Machine Thread - 0] INFO  ozoneimpl.OzoneContainer (OzoneContainer.java:startContainerScrub(194)) - Background container scanner has been disabled.
2019-11-13 20:20:18,638 [Datanode State Machine Thread - 0] INFO  ratis.XceiverServerRatis (XceiverServerRatis.java:start(421)) - Starting XceiverServerRatis f80e2e38-60f5-4e79-8b9a-ced9a5a7a91b at port 0
2019-11-13 20:20:18,644 [Datanode State Machine Thread - 0] INFO  impl.RaftServerProxy (RaftServerProxy.java:lambda$start$3(299)) - f80e2e38-60f5-4e79-8b9a-ced9a5a7a91b: start RPC server
2019-11-13 20:20:18,644 [Datanode State Machine Thread - 0] INFO  server.GrpcService (GrpcService.java:startImpl(158)) - f80e2e38-60f5-4e79-8b9a-ced9a5a7a91b: GrpcService started, listening on 0.0.0.0/0.0.0.0:39508
2019-11-13 20:20:18,644 [Datanode State Machine Thread - 0] INFO  ratis.XceiverServerRatis (XceiverServerRatis.java:start(431)) - XceiverServerRatis f80e2e38-60f5-4e79-8b9a-ced9a5a7a91b is started using port 39508
2019-11-13 20:20:18,645 [Datanode State Machine Thread - 0] INFO  server.XceiverServerGrpc (XceiverServerGrpc.java:start(145)) - XceiverServerGrpc f80e2e38-60f5-4e79-8b9a-ced9a5a7a91b is started using port 43109
2019-11-13 20:20:18,709 [Datanode State Machine Thread - 0] INFO  ozoneimpl.OzoneContainer (OzoneContainer.java:start(230)) - Attempting to start container services.
2019-11-13 20:20:18,709 [Datanode State Machine Thread - 0] INFO  ozoneimpl.OzoneContainer (OzoneContainer.java:startContainerScrub(194)) - Background container scanner has been disabled.
2019-11-13 20:20:18,709 [Datanode State Machine Thread - 0] INFO  ratis.XceiverServerRatis (XceiverServerRatis.java:start(421)) - Starting XceiverServerRatis 7a884130-6d50-4d25-81cf-a815cb8b077e at port 0
2019-11-13 20:20:18,719 [Datanode State Machine Thread - 0] INFO  impl.RaftServerProxy (RaftServerProxy.java:lambda$start$3(299)) - 7a884130-6d50-4d25-81cf-a815cb8b077e: start RPC server
2019-11-13 20:20:18,719 [Datanode State Machine Thread - 0] INFO  server.GrpcService (GrpcService.java:startImpl(158)) - 7a884130-6d50-4d25-81cf-a815cb8b077e: GrpcService started, listening on 0.0.0.0/0.0.0.0:33820
2019-11-13 20:20:18,719 [Datanode State Machine Thread - 0] INFO  ratis.XceiverServerRatis (XceiverServerRatis.java:start(431)) - XceiverServerRatis 7a884130-6d50-4d25-81cf-a815cb8b077e is started using port 33820
2019-11-13 20:20:18,720 [Datanode State Machine Thread - 0] INFO  server.XceiverServerGrpc (XceiverServerGrpc.java:start(145)) - XceiverServerGrpc 7a884130-6d50-4d25-81cf-a815cb8b077e is started using port 33599
2019-11-13 20:20:18,795 [Datanode State Machine Thread - 0] INFO  ozoneimpl.OzoneContainer (OzoneContainer.java:start(230)) - Attempting to start container services.
2019-11-13 20:20:18,795 [Datanode State Machine Thread - 0] INFO  ozoneimpl.OzoneContainer (OzoneContainer.java:startContainerScrub(194)) - Background container scanner has been disabled.
2019-11-13 20:20:18,795 [Datanode State Machine Thread - 0] INFO  ratis.XceiverServerRatis (XceiverServerRatis.java:start(421)) - Starting XceiverServerRatis dc33d614-f8fc-4160-b742-6654ea8e560b at port 0
2019-11-13 20:20:18,804 [Datanode State Machine Thread - 0] INFO  impl.RaftServerProxy (RaftServerProxy.java:lambda$start$3(299)) - dc33d614-f8fc-4160-b742-6654ea8e560b: start RPC server
2019-11-13 20:20:18,807 [Datanode State Machine Thread - 0] INFO  server.GrpcService (GrpcService.java:startImpl(158)) - dc33d614-f8fc-4160-b742-6654ea8e560b: GrpcService started, listening on 0.0.0.0/0.0.0.0:36418
2019-11-13 20:20:18,807 [Datanode State Machine Thread - 0] INFO  ratis.XceiverServerRatis (XceiverServerRatis.java:start(431)) - XceiverServerRatis dc33d614-f8fc-4160-b742-6654ea8e560b is started using port 36418
2019-11-13 20:20:18,809 [Datanode State Machine Thread - 0] INFO  server.XceiverServerGrpc (XceiverServerGrpc.java:start(145)) - XceiverServerGrpc dc33d614-f8fc-4160-b742-6654ea8e560b is started using port 43052
2019-11-13 20:20:18,879 [Datanode State Machine Thread - 0] INFO  ozoneimpl.OzoneContainer (OzoneContainer.java:start(230)) - Attempting to start container services.
2019-11-13 20:20:18,879 [Datanode State Machine Thread - 0] INFO  ozoneimpl.OzoneContainer (OzoneContainer.java:startContainerScrub(194)) - Background container scanner has been disabled.
2019-11-13 20:20:18,879 [Datanode State Machine Thread - 0] INFO  ratis.XceiverServerRatis (XceiverServerRatis.java:start(421)) - Starting XceiverServerRatis 5d9d256b-54cf-4856-8c87-6034b73b04bd at port 0
2019-11-13 20:20:18,890 [Datanode State Machine Thread - 0] INFO  impl.RaftServerProxy (RaftServerProxy.java:lambda$start$3(299)) - 5d9d256b-54cf-4856-8c87-6034b73b04bd: start RPC server
2019-11-13 20:20:18,891 [Datanode State Machine Thread - 0] INFO  server.GrpcService (GrpcService.java:startImpl(158)) - 5d9d256b-54cf-4856-8c87-6034b73b04bd: GrpcService started, listening on 0.0.0.0/0.0.0.0:43036
2019-11-13 20:20:18,891 [Datanode State Machine Thread - 0] INFO  ratis.XceiverServerRatis (XceiverServerRatis.java:start(431)) - XceiverServerRatis 5d9d256b-54cf-4856-8c87-6034b73b04bd is started using port 43036
2019-11-13 20:20:18,905 [Datanode State Machine Thread - 0] INFO  server.XceiverServerGrpc (XceiverServerGrpc.java:start(145)) - XceiverServerGrpc 5d9d256b-54cf-4856-8c87-6034b73b04bd is started using port 39737
2019-11-13 20:20:18,963 [Datanode State Machine Thread - 0] INFO  ozoneimpl.OzoneContainer (OzoneContainer.java:start(230)) - Attempting to start container services.
2019-11-13 20:20:18,963 [Datanode State Machine Thread - 0] INFO  ozoneimpl.OzoneContainer (OzoneContainer.java:startContainerScrub(194)) - Background container scanner has been disabled.
2019-11-13 20:20:18,964 [Datanode State Machine Thread - 0] INFO  ratis.XceiverServerRatis (XceiverServerRatis.java:start(421)) - Starting XceiverServerRatis 4ccef42d-128e-4eed-9e45-8d297f7adfc0 at port 0
2019-11-13 20:20:18,973 [Datanode State Machine Thread - 0] INFO  impl.RaftServerProxy (RaftServerProxy.java:lambda$start$3(299)) - 4ccef42d-128e-4eed-9e45-8d297f7adfc0: start RPC server
2019-11-13 20:20:18,973 [Datanode State Machine Thread - 0] INFO  server.GrpcService (GrpcService.java:startImpl(158)) - 4ccef42d-128e-4eed-9e45-8d297f7adfc0: GrpcService started, listening on 0.0.0.0/0.0.0.0:42894
2019-11-13 20:20:18,974 [Datanode State Machine Thread - 0] INFO  ratis.XceiverServerRatis (XceiverServerRatis.java:start(431)) - XceiverServerRatis 4ccef42d-128e-4eed-9e45-8d297f7adfc0 is started using port 42894
2019-11-13 20:20:18,974 [Datanode State Machine Thread - 0] INFO  server.XceiverServerGrpc (XceiverServerGrpc.java:start(145)) - XceiverServerGrpc 4ccef42d-128e-4eed-9e45-8d297f7adfc0 is started using port 41082
2019-11-13 20:20:19,033 [Datanode State Machine Thread - 0] INFO  ozoneimpl.OzoneContainer (OzoneContainer.java:start(230)) - Attempting to start container services.
2019-11-13 20:20:19,033 [Datanode State Machine Thread - 0] INFO  ozoneimpl.OzoneContainer (OzoneContainer.java:startContainerScrub(194)) - Background container scanner has been disabled.
2019-11-13 20:20:19,033 [Datanode State Machine Thread - 0] INFO  ratis.XceiverServerRatis (XceiverServerRatis.java:start(421)) - Starting XceiverServerRatis 52541eb8-c0db-4941-8ea5-4f6f65566359 at port 0
2019-11-13 20:20:19,042 [Datanode State Machine Thread - 0] INFO  impl.RaftServerProxy (RaftServerProxy.java:lambda$start$3(299)) - 52541eb8-c0db-4941-8ea5-4f6f65566359: start RPC server
2019-11-13 20:20:19,043 [Datanode State Machine Thread - 0] INFO  server.GrpcService (GrpcService.java:startImpl(158)) - 52541eb8-c0db-4941-8ea5-4f6f65566359: GrpcService started, listening on 0.0.0.0/0.0.0.0:33189
2019-11-13 20:20:19,043 [Datanode State Machine Thread - 0] INFO  ratis.XceiverServerRatis (XceiverServerRatis.java:start(431)) - XceiverServerRatis 52541eb8-c0db-4941-8ea5-4f6f65566359 is started using port 33189
2019-11-13 20:20:19,044 [Datanode State Machine Thread - 0] INFO  server.XceiverServerGrpc (XceiverServerGrpc.java:start(145)) - XceiverServerGrpc 52541eb8-c0db-4941-8ea5-4f6f65566359 is started using port 43133
2019-11-13 20:20:19,085 [main] INFO  ozone.MiniOzoneClusterImpl (MiniOzoneClusterImpl.java:lambda$waitForClusterToBeReady$2(171)) - Waiting for cluster to be ready. Got 0 of 10 DN Heartbeats.
2019-11-13 20:20:19,095 [Datanode State Machine Thread - 0] INFO  ozoneimpl.OzoneContainer (OzoneContainer.java:start(230)) - Attempting to start container services.
2019-11-13 20:20:19,095 [Datanode State Machine Thread - 0] INFO  ozoneimpl.OzoneContainer (OzoneContainer.java:startContainerScrub(194)) - Background container scanner has been disabled.
2019-11-13 20:20:19,095 [Datanode State Machine Thread - 0] INFO  ratis.XceiverServerRatis (XceiverServerRatis.java:start(421)) - Starting XceiverServerRatis ad900a72-65c6-4ee1-bf89-d32e01cfc372 at port 0
2019-11-13 20:20:19,104 [Datanode State Machine Thread - 0] INFO  impl.RaftServerProxy (RaftServerProxy.java:lambda$start$3(299)) - ad900a72-65c6-4ee1-bf89-d32e01cfc372: start RPC server
2019-11-13 20:20:19,104 [Datanode State Machine Thread - 0] INFO  server.GrpcService (GrpcService.java:startImpl(158)) - ad900a72-65c6-4ee1-bf89-d32e01cfc372: GrpcService started, listening on 0.0.0.0/0.0.0.0:38759
2019-11-13 20:20:19,104 [Datanode State Machine Thread - 0] INFO  ratis.XceiverServerRatis (XceiverServerRatis.java:start(431)) - XceiverServerRatis ad900a72-65c6-4ee1-bf89-d32e01cfc372 is started using port 38759
2019-11-13 20:20:19,114 [Datanode State Machine Thread - 0] INFO  server.XceiverServerGrpc (XceiverServerGrpc.java:start(145)) - XceiverServerGrpc ad900a72-65c6-4ee1-bf89-d32e01cfc372 is started using port 38173
2019-11-13 20:20:20,085 [main] INFO  ozone.MiniOzoneClusterImpl (MiniOzoneClusterImpl.java:lambda$waitForClusterToBeReady$2(171)) - Waiting for cluster to be ready. Got 0 of 10 DN Heartbeats.
2019-11-13 20:20:20,366 [IPC Server handler 8 on 35908] INFO  net.NetworkTopology (NetworkTopologyImpl.java:add(111)) - Added a new node: /rack1/57e4e4f3-95e6-4ba3-b7c4-7652bb100830
2019-11-13 20:20:20,368 [IPC Server handler 8 on 35908] INFO  node.SCMNodeManager (SCMNodeManager.java:register(267)) - Registered Data node : 57e4e4f3-95e6-4ba3-b7c4-7652bb100830{ip: 192.168.164.208, host: pr-hdds-2375-t422d-1049308724, networkLocation: /rack1, certSerialId: null}
2019-11-13 20:20:20,369 [EventQueue-NodeRegistrationContainerReportForDataNodeSafeModeRule] INFO  safemode.SCMSafeModeManager (DataNodeSafeModeRule.java:process(71)) - SCM in safe mode. 1 DataNodes registered, 1 required.
2019-11-13 20:20:20,371 [EventQueue-NodeRegistrationContainerReportForDataNodeSafeModeRule] INFO  safemode.SCMSafeModeManager (SCMSafeModeManager.java:validateSafeModeExitRules(177)) - ScmSafeModeManager, all rules are successfully validated
2019-11-13 20:20:20,371 [EventQueue-NodeRegistrationContainerReportForDataNodeSafeModeRule] INFO  safemode.SCMSafeModeManager (SCMSafeModeManager.java:exitSafeMode(193)) - SCM exiting safe mode.
2019-11-13 20:20:20,381 [grpc-default-executor-0] INFO  impl.RaftServerProxy (RaftServerProxy.java:addNew(89)) - 57e4e4f3-95e6-4ba3-b7c4-7652bb100830: addNew group-CA2EB2FC7D2F:[57e4e4f3-95e6-4ba3-b7c4-7652bb100830:192.168.164.208:33520] returns group-CA2EB2FC7D2F:java.util.concurrent.CompletableFuture@2220e3df[Not completed]
2019-11-13 20:20:20,383 [pool-509-thread-1] INFO  impl.RaftServerImpl (RaftServerImpl.java:<init>(98)) - 57e4e4f3-95e6-4ba3-b7c4-7652bb100830: new RaftServerImpl for group-CA2EB2FC7D2F:[57e4e4f3-95e6-4ba3-b7c4-7652bb100830:192.168.164.208:33520] with ContainerStateMachine:uninitialized
2019-11-13 20:20:20,383 [pool-509-thread-1] INFO  server.RaftServerConfigKeys (ConfUtils.java:logGet(43)) - raft.server.rpc.timeout.min = 1s (custom)
2019-11-13 20:20:20,383 [pool-509-thread-1] INFO  server.RaftServerConfigKeys (ConfUtils.java:logGet(43)) - raft.server.rpc.timeout.max = 1200ms (custom)
2019-11-13 20:20:20,383 [pool-509-thread-1] INFO  server.RaftServerConfigKeys (ConfUtils.java:logGet(43)) - raft.server.rpcslowness.timeout = 120s (custom)
2019-11-13 20:20:20,383 [pool-509-thread-1] INFO  server.RaftServerConfigKeys (ConfUtils.java:logGet(43)) - raft.server.sleep.deviation.threshold = 300 (default)
2019-11-13 20:20:20,384 [pool-509-thread-1] INFO  server.RaftServerConfigKeys (ConfUtils.java:logGet(43)) - raft.server.log.appender.install.snapshot.enabled = false (custom)
2019-11-13 20:20:20,384 [pool-509-thread-1] INFO  impl.RaftServerImpl (ServerState.java:<init>(103)) - 57e4e4f3-95e6-4ba3-b7c4-7652bb100830@group-CA2EB2FC7D2F: ConfigurationManager, init=-1: [57e4e4f3-95e6-4ba3-b7c4-7652bb100830:192.168.164.208:33520], old=null, confs=<EMPTY_MAP>
2019-11-13 20:20:20,384 [pool-509-thread-1] INFO  server.RaftServerConfigKeys (ConfUtils.java:logGet(43)) - raft.server.storage.dir = [/workdir/hadoop-ozone/integration-test/target/test-dir/MiniOzoneClusterImpl-252be716-c998-406a-83e5-534d363f62a9/datanode-0/data/ratis] (custom)
2019-11-13 20:20:20,384 [pool-509-thread-1] INFO  server.RaftServerConfigKeys (ConfUtils.java:logGet(43)) - raft.server.log.corruption.policy = EXCEPTION (default)
2019-11-13 20:20:20,384 [pool-509-thread-1] INFO  storage.RaftStorageDirectory (RaftStorageDirectory.java:analyzeStorage(246)) - The storage directory /workdir/hadoop-ozone/integration-test/target/test-dir/MiniOzoneClusterImpl-252be716-c998-406a-83e5-534d363f62a9/datanode-0/data/ratis/7fcd7a55-56e0-4a25-9e72-ca2eb2fc7d2f does not exist. Creating ...
2019-11-13 20:20:20,406 [pool-509-thread-1] INFO  storage.RaftStorageDirectory (RaftStorageDirectory.java:tryLock(328)) - Lock on /workdir/hadoop-ozone/integration-test/target/test-dir/MiniOzoneClusterImpl-252be716-c998-406a-83e5-534d363f62a9/datanode-0/data/ratis/7fcd7a55-56e0-4a25-9e72-ca2eb2fc7d2f/in_use.lock acquired by nodename 4344@pr-hdds-2375-t422d-1049308724
2019-11-13 20:20:20,419 [pool-509-thread-1] INFO  storage.RaftStorage (RaftStorage.java:format(84)) - Storage directory /workdir/hadoop-ozone/integration-test/target/test-dir/MiniOzoneClusterImpl-252be716-c998-406a-83e5-534d363f62a9/datanode-0/data/ratis/7fcd7a55-56e0-4a25-9e72-ca2eb2fc7d2f has been successfully formatted.
2019-11-13 20:20:20,419 [pool-509-thread-1] INFO  ratis.ContainerStateMachine (ContainerStateMachine.java:loadSnapshot(223)) - group-CA2EB2FC7D2F: The snapshot info is null. Setting the last applied indexto:(t:0, i:~)
2019-11-13 20:20:20,419 [pool-509-thread-1] INFO  server.RaftServerConfigKeys (ConfUtils.java:logGet(43)) - raft.server.notification.no-leader.timeout = 120s (custom)
2019-11-13 20:20:20,419 [pool-509-thread-1] INFO  server.RaftServerConfigKeys (ConfUtils.java:logGet(43)) - raft.server.log.use.memory = false (default)
2019-11-13 20:20:20,419 [pool-509-thread-1] INFO  server.RaftServerConfigKeys (ConfUtils.java:logGet(43)) - raft.server.log.purge.gap = 1000000 (custom)
2019-11-13 20:20:20,420 [pool-509-thread-1] INFO  server.RaftServerConfigKeys (ConfUtils.java:logGet(43)) - raft.server.log.appender.buffer.byte-limit = 33554432 (custom)
2019-11-13 20:20:20,420 [pool-509-thread-1] INFO  server.RaftServerConfigKeys (ConfUtils.java:logGet(43)) - raft.server.log.segment.size.max = 1048576 (custom)
2019-11-13 20:20:20,420 [pool-509-thread-1] WARN  impl.MetricRegistriesImpl (MetricRegistriesImpl.java:lambda$create$1(61)) - First MetricRegistry has been created without registering reporters. You may need to call MetricRegistries.global().addReportRegistration(...) before.
2019-11-13 20:20:20,420 [pool-509-thread-1] INFO  server.RaftServerConfigKeys (ConfUtils.java:logGet(43)) - raft.server.log.segment.cache.num.max = 2 (custom)
2019-11-13 20:20:20,420 [pool-509-thread-1] INFO  segmented.SegmentedRaftLogWorker (SegmentedRaftLogWorker.java:<init>(173)) - new 57e4e4f3-95e6-4ba3-b7c4-7652bb100830@group-CA2EB2FC7D2F-SegmentedRaftLogWorker for RaftStorage:Storage Directory /workdir/hadoop-ozone/integration-test/target/test-dir/MiniOzoneClusterImpl-252be716-c998-406a-83e5-534d363f62a9/datanode-0/data/ratis/7fcd7a55-56e0-4a25-9e72-ca2eb2fc7d2f
2019-11-13 20:20:20,420 [pool-509-thread-1] INFO  server.RaftServerConfigKeys (ConfUtils.java:logGet(43)) - raft.server.log.queue.byte-limit = 2147483647 (custom)
2019-11-13 20:20:20,421 [pool-509-thread-1] INFO  server.RaftServerConfigKeys (ConfUtils.java:logGet(43)) - raft.server.log.queue.element-limit = 1024 (custom)
2019-11-13 20:20:20,421 [pool-509-thread-1] INFO  server.RaftServerConfigKeys (ConfUtils.java:logGet(43)) - raft.server.log.segment.size.max = 1048576 (custom)
2019-11-13 20:20:20,421 [pool-509-thread-1] INFO  server.RaftServerConfigKeys (ConfUtils.java:logGet(43)) - raft.server.log.preallocated.size = 16384 (custom)
2019-11-13 20:20:20,421 [pool-509-thread-1] INFO  server.RaftServerConfigKeys (ConfUtils.java:logGet(43)) - raft.server.log.write.buffer.size = 33554432 (custom)
2019-11-13 20:20:20,421 [pool-509-thread-1] INFO  server.RaftServerConfigKeys (ConfUtils.java:logGet(43)) - raft.server.log.force.sync.num = 128 (default)
2019-11-13 20:20:20,421 [pool-509-thread-1] INFO  server.RaftServerConfigKeys (ConfUtils.java:logGet(43)) - raft.server.log.statemachine.data.sync = true (default)
2019-11-13 20:20:20,421 [pool-509-thread-1] INFO  server.RaftServerConfigKeys (ConfUtils.java:logGet(43)) - raft.server.log.statemachine.data.sync.timeout = 10s (default)
2019-11-13 20:20:20,421 [pool-509-thread-1] INFO  server.RaftServerConfigKeys (ConfUtils.java:logGet(43)) - raft.server.log.statemachine.data.sync.timeout.retry = -1 (default)
2019-11-13 20:20:20,422 [pool-509-thread-1] INFO  server.RaftServerConfigKeys (ConfUtils.java:logGet(43)) - raft.server.log.statemachine.data.caching.enabled = true (custom)
2019-11-13 20:20:20,422 [pool-509-thread-1] INFO  segmented.SegmentedRaftLogWorker (SegmentedRaftLogWorker.java:lambda$new$0(128)) - 57e4e4f3-95e6-4ba3-b7c4-7652bb100830@group-CA2EB2FC7D2F-SegmentedRaftLogWorker: flushIndex: setUnconditionally 0 -> -1
2019-11-13 20:20:20,422 [pool-509-thread-1] INFO  server.RaftServerConfigKeys (ConfUtils.java:logGet(43)) - raft.server.snapshot.auto.trigger.enabled = true (custom)
2019-11-13 20:20:20,423 [pool-509-thread-1] INFO  server.RaftServerConfigKeys (ConfUtils.java:logGet(43)) - raft.server.snapshot.auto.trigger.threshold = 10000 (custom)
2019-11-13 20:20:20,423 [pool-509-thread-1] INFO  server.RaftServerConfigKeys (ConfUtils.java:logGet(43)) - raft.server.snapshot.retention.file.num = 5 (custom)
2019-11-13 20:20:20,423 [pool-509-thread-1] INFO  server.RaftServerConfigKeys (ConfUtils.java:logGet(43)) - raft.server.retrycache.expirytime = 600000ms (custom)
2019-11-13 20:20:20,423 [pool-509-thread-1] WARN  impl.MetricRegistriesImpl (MetricRegistriesImpl.java:lambda$create$1(61)) - First MetricRegistry has been created without registering reporters. You may need to call MetricRegistries.global().addReportRegistration(...) before.
2019-11-13 20:20:20,423 [pool-509-thread-1] WARN  impl.MetricRegistriesImpl (MetricRegistriesImpl.java:lambda$create$1(61)) - First MetricRegistry has been created without registering reporters. You may need to call MetricRegistries.global().addReportRegistration(...) before.
2019-11-13 20:20:20,424 [pool-509-thread-1] INFO  impl.RaftServerImpl (RaftServerImpl.java:start(184)) - 57e4e4f3-95e6-4ba3-b7c4-7652bb100830@group-CA2EB2FC7D2F: start as a follower, conf=-1: [57e4e4f3-95e6-4ba3-b7c4-7652bb100830:192.168.164.208:33520], old=null
2019-11-13 20:20:20,424 [pool-509-thread-1] INFO  impl.RaftServerImpl (RaftServerImpl.java:setRole(173)) - 57e4e4f3-95e6-4ba3-b7c4-7652bb100830@group-CA2EB2FC7D2F: changes role from      null to FOLLOWER at term 0 for startAsFollower
2019-11-13 20:20:20,424 [pool-509-thread-1] INFO  impl.RoleInfo (RoleInfo.java:updateAndGet(143)) - 57e4e4f3-95e6-4ba3-b7c4-7652bb100830: start FollowerState
2019-11-13 20:20:20,424 [pool-509-thread-1] INFO  util.JmxRegister (JmxRegister.java:tryRegister(44)) - Successfully registered JMX Bean with object name Ratis:service=RaftServer,group=group-CA2EB2FC7D2F,id=57e4e4f3-95e6-4ba3-b7c4-7652bb100830
2019-11-13 20:20:20,425 [pool-509-thread-1] WARN  impl.MetricRegistriesImpl (MetricRegistriesImpl.java:lambda$create$1(61)) - First MetricRegistry has been created without registering reporters. You may need to call MetricRegistries.global().addReportRegistration(...) before.
2019-11-13 20:20:20,428 [RatisPipelineUtilsThread] INFO  pipeline.PipelineStateManager (PipelineStateManager.java:addPipeline(55)) - Created pipeline Pipeline[ Id: 7fcd7a55-56e0-4a25-9e72-ca2eb2fc7d2f, Nodes: 57e4e4f3-95e6-4ba3-b7c4-7652bb100830{ip: 192.168.164.208, host: pr-hdds-2375-t422d-1049308724, networkLocation: /rack1, certSerialId: null}, Type:RATIS, Factor:ONE, State:ALLOCATED]
2019-11-13 20:20:20,447 [IPC Server handler 7 on 35908] INFO  net.NetworkTopology (NetworkTopologyImpl.java:add(111)) - Added a new node: /rack1/2eae8a0c-14f7-4974-be0f-a72b7694e262
2019-11-13 20:20:20,448 [IPC Server handler 7 on 35908] INFO  node.SCMNodeManager (SCMNodeManager.java:register(267)) - Registered Data node : 2eae8a0c-14f7-4974-be0f-a72b7694e262{ip: 192.168.164.208, host: pr-hdds-2375-t422d-1049308724, networkLocation: /rack1, certSerialId: null}
2019-11-13 20:20:20,453 [grpc-default-executor-0] INFO  impl.RaftServerProxy (RaftServerProxy.java:addNew(89)) - 2eae8a0c-14f7-4974-be0f-a72b7694e262: addNew group-B358BC70BC31:[2eae8a0c-14f7-4974-be0f-a72b7694e262:192.168.164.208:33269] returns group-B358BC70BC31:java.util.concurrent.CompletableFuture@4d29bb4[Not completed]
2019-11-13 20:20:20,455 [pool-519-thread-1] INFO  impl.RaftServerImpl (RaftServerImpl.java:<init>(98)) - 2eae8a0c-14f7-4974-be0f-a72b7694e262: new RaftServerImpl for group-B358BC70BC31:[2eae8a0c-14f7-4974-be0f-a72b7694e262:192.168.164.208:33269] with ContainerStateMachine:uninitialized
2019-11-13 20:20:20,455 [pool-519-thread-1] INFO  server.RaftServerConfigKeys (ConfUtils.java:logGet(43)) - raft.server.rpc.timeout.min = 1s (custom)
2019-11-13 20:20:20,455 [pool-519-thread-1] INFO  server.RaftServerConfigKeys (ConfUtils.java:logGet(43)) - raft.server.rpc.timeout.max = 1200ms (custom)
2019-11-13 20:20:20,455 [pool-519-thread-1] INFO  server.RaftServerConfigKeys (ConfUtils.java:logGet(43)) - raft.server.rpcslowness.timeout = 120s (custom)
2019-11-13 20:20:20,455 [pool-519-thread-1] INFO  server.RaftServerConfigKeys (ConfUtils.java:logGet(43)) - raft.server.sleep.deviation.threshold = 300 (default)
2019-11-13 20:20:20,455 [pool-519-thread-1] INFO  server.RaftServerConfigKeys (ConfUtils.java:logGet(43)) - raft.server.log.appender.install.snapshot.enabled = false (custom)
2019-11-13 20:20:20,456 [pool-519-thread-1] INFO  impl.RaftServerImpl (ServerState.java:<init>(103)) - 2eae8a0c-14f7-4974-be0f-a72b7694e262@group-B358BC70BC31: ConfigurationManager, init=-1: [2eae8a0c-14f7-4974-be0f-a72b7694e262:192.168.164.208:33269], old=null, confs=<EMPTY_MAP>
2019-11-13 20:20:20,456 [pool-519-thread-1] INFO  server.RaftServerConfigKeys (ConfUtils.java:logGet(43)) - raft.server.storage.dir = [/workdir/hadoop-ozone/integration-test/target/test-dir/MiniOzoneClusterImpl-252be716-c998-406a-83e5-534d363f62a9/datanode-1/data/ratis] (custom)
2019-11-13 20:20:20,456 [pool-519-thread-1] INFO  server.RaftServerConfigKeys (ConfUtils.java:logGet(43)) - raft.server.log.corruption.policy = EXCEPTION (default)
2019-11-13 20:20:20,456 [pool-519-thread-1] INFO  storage.RaftStorageDirectory (RaftStorageDirectory.java:analyzeStorage(246)) - The storage directory /workdir/hadoop-ozone/integration-test/target/test-dir/MiniOzoneClusterImpl-252be716-c998-406a-83e5-534d363f62a9/datanode-1/data/ratis/5df931fc-2bcf-45d1-a525-b358bc70bc31 does not exist. Creating ...
2019-11-13 20:20:20,469 [pool-519-thread-1] INFO  storage.RaftStorageDirectory (RaftStorageDirectory.java:tryLock(328)) - Lock on /workdir/hadoop-ozone/integration-test/target/test-dir/MiniOzoneClusterImpl-252be716-c998-406a-83e5-534d363f62a9/datanode-1/data/ratis/5df931fc-2bcf-45d1-a525-b358bc70bc31/in_use.lock acquired by nodename 4344@pr-hdds-2375-t422d-1049308724
2019-11-13 20:20:20,482 [pool-519-thread-1] INFO  storage.RaftStorage (RaftStorage.java:format(84)) - Storage directory /workdir/hadoop-ozone/integration-test/target/test-dir/MiniOzoneClusterImpl-252be716-c998-406a-83e5-534d363f62a9/datanode-1/data/ratis/5df931fc-2bcf-45d1-a525-b358bc70bc31 has been successfully formatted.
2019-11-13 20:20:20,482 [pool-519-thread-1] INFO  ratis.ContainerStateMachine (ContainerStateMachine.java:loadSnapshot(223)) - group-B358BC70BC31: The snapshot info is null. Setting the last applied indexto:(t:0, i:~)
2019-11-13 20:20:20,482 [pool-519-thread-1] INFO  server.RaftServerConfigKeys (ConfUtils.java:logGet(43)) - raft.server.notification.no-leader.timeout = 120s (custom)
2019-11-13 20:20:20,482 [pool-519-thread-1] INFO  server.RaftServerConfigKeys (ConfUtils.java:logGet(43)) - raft.server.log.use.memory = false (default)
2019-11-13 20:20:20,482 [pool-519-thread-1] INFO  server.RaftServerConfigKeys (ConfUtils.java:logGet(43)) - raft.server.log.purge.gap = 1000000 (custom)
2019-11-13 20:20:20,482 [pool-519-thread-1] INFO  server.RaftServerConfigKeys (ConfUtils.java:logGet(43)) - raft.server.log.appender.buffer.byte-limit = 33554432 (custom)
2019-11-13 20:20:20,483 [pool-519-thread-1] INFO  server.RaftServerConfigKeys (ConfUtils.java:logGet(43)) - raft.server.log.segment.size.max = 1048576 (custom)
2019-11-13 20:20:20,483 [pool-519-thread-1] WARN  impl.MetricRegistriesImpl (MetricRegistriesImpl.java:lambda$create$1(61)) - First MetricRegistry has been created without registering reporters. You may need to call MetricRegistries.global().addReportRegistration(...) before.
2019-11-13 20:20:20,483 [pool-519-thread-1] INFO  server.RaftServerConfigKeys (ConfUtils.java:logGet(43)) - raft.server.log.segment.cache.num.max = 2 (custom)
2019-11-13 20:20:20,483 [pool-519-thread-1] INFO  segmented.SegmentedRaftLogWorker (SegmentedRaftLogWorker.java:<init>(173)) - new 2eae8a0c-14f7-4974-be0f-a72b7694e262@group-B358BC70BC31-SegmentedRaftLogWorker for RaftStorage:Storage Directory /workdir/hadoop-ozone/integration-test/target/test-dir/MiniOzoneClusterImpl-252be716-c998-406a-83e5-534d363f62a9/datanode-1/data/ratis/5df931fc-2bcf-45d1-a525-b358bc70bc31
2019-11-13 20:20:20,483 [pool-519-thread-1] INFO  server.RaftServerConfigKeys (ConfUtils.java:logGet(43)) - raft.server.log.queue.byte-limit = 2147483647 (custom)
2019-11-13 20:20:20,483 [pool-519-thread-1] INFO  server.RaftServerConfigKeys (ConfUtils.java:logGet(43)) - raft.server.log.queue.element-limit = 1024 (custom)
2019-11-13 20:20:20,483 [pool-519-thread-1] INFO  server.RaftServerConfigKeys (ConfUtils.java:logGet(43)) - raft.server.log.segment.size.max = 1048576 (custom)
2019-11-13 20:20:20,483 [pool-519-thread-1] INFO  server.RaftServerConfigKeys (ConfUtils.java:logGet(43)) - raft.server.log.preallocated.size = 16384 (custom)
2019-11-13 20:20:20,484 [pool-519-thread-1] INFO  server.RaftServerConfigKeys (ConfUtils.java:logGet(43)) - raft.server.log.write.buffer.size = 33554432 (custom)
2019-11-13 20:20:20,484 [pool-519-thread-1] INFO  server.RaftServerConfigKeys (ConfUtils.java:logGet(43)) - raft.server.log.force.sync.num = 128 (default)
2019-11-13 20:20:20,484 [pool-519-thread-1] INFO  server.RaftServerConfigKeys (ConfUtils.java:logGet(43)) - raft.server.log.statemachine.data.sync = true (default)
2019-11-13 20:20:20,484 [pool-519-thread-1] INFO  server.RaftServerConfigKeys (ConfUtils.java:logGet(43)) - raft.server.log.statemachine.data.sync.timeout = 10s (default)
2019-11-13 20:20:20,484 [pool-519-thread-1] INFO  server.RaftServerConfigKeys (ConfUtils.java:logGet(43)) - raft.server.log.statemachine.data.sync.timeout.retry = -1 (default)
2019-11-13 20:20:20,484 [pool-519-thread-1] INFO  server.RaftServerConfigKeys (ConfUtils.java:logGet(43)) - raft.server.log.statemachine.data.caching.enabled = true (custom)
2019-11-13 20:20:20,485 [pool-519-thread-1] INFO  segmented.SegmentedRaftLogWorker (SegmentedRaftLogWorker.java:lambda$new$0(128)) - 2eae8a0c-14f7-4974-be0f-a72b7694e262@group-B358BC70BC31-SegmentedRaftLogWorker: flushIndex: setUnconditionally 0 -> -1
2019-11-13 20:20:20,485 [pool-519-thread-1] INFO  server.RaftServerConfigKeys (ConfUtils.java:logGet(43)) - raft.server.snapshot.auto.trigger.enabled = true (custom)
2019-11-13 20:20:20,485 [pool-519-thread-1] INFO  server.RaftServerConfigKeys (ConfUtils.java:logGet(43)) - raft.server.snapshot.auto.trigger.threshold = 10000 (custom)
2019-11-13 20:20:20,485 [pool-519-thread-1] INFO  server.RaftServerConfigKeys (ConfUtils.java:logGet(43)) - raft.server.snapshot.retention.file.num = 5 (custom)
2019-11-13 20:20:20,485 [pool-519-thread-1] INFO  server.RaftServerConfigKeys (ConfUtils.java:logGet(43)) - raft.server.retrycache.expirytime = 600000ms (custom)
2019-11-13 20:20:20,485 [pool-519-thread-1] WARN  impl.MetricRegistriesImpl (MetricRegistriesImpl.java:lambda$create$1(61)) - First MetricRegistry has been created without registering reporters. You may need to call MetricRegistries.global().addReportRegistration(...) before.
2019-11-13 20:20:20,486 [pool-519-thread-1] WARN  impl.MetricRegistriesImpl (MetricRegistriesImpl.java:lambda$create$1(61)) - First MetricRegistry has been created without registering reporters. You may need to call MetricRegistries.global().addReportRegistration(...) before.
2019-11-13 20:20:20,486 [pool-519-thread-1] INFO  impl.RaftServerImpl (RaftServerImpl.java:start(184)) - 2eae8a0c-14f7-4974-be0f-a72b7694e262@group-B358BC70BC31: start as a follower, conf=-1: [2eae8a0c-14f7-4974-be0f-a72b7694e262:192.168.164.208:33269], old=null
2019-11-13 20:20:20,486 [pool-519-thread-1] INFO  impl.RaftServerImpl (RaftServerImpl.java:setRole(173)) - 2eae8a0c-14f7-4974-be0f-a72b7694e262@group-B358BC70BC31: changes role from      null to FOLLOWER at term 0 for startAsFollower
2019-11-13 20:20:20,486 [pool-519-thread-1] INFO  impl.RoleInfo (RoleInfo.java:updateAndGet(143)) - 2eae8a0c-14f7-4974-be0f-a72b7694e262: start FollowerState
2019-11-13 20:20:20,487 [pool-519-thread-1] INFO  util.JmxRegister (JmxRegister.java:tryRegister(44)) - Successfully registered JMX Bean with object name Ratis:service=RaftServer,group=group-B358BC70BC31,id=2eae8a0c-14f7-4974-be0f-a72b7694e262
2019-11-13 20:20:20,487 [pool-519-thread-1] WARN  impl.MetricRegistriesImpl (MetricRegistriesImpl.java:lambda$create$1(61)) - First MetricRegistry has been created without registering reporters. You may need to call MetricRegistries.global().addReportRegistration(...) before.
2019-11-13 20:20:20,489 [RatisPipelineUtilsThread] INFO  pipeline.PipelineStateManager (PipelineStateManager.java:addPipeline(55)) - Created pipeline Pipeline[ Id: 5df931fc-2bcf-45d1-a525-b358bc70bc31, Nodes: 2eae8a0c-14f7-4974-be0f-a72b7694e262{ip: 192.168.164.208, host: pr-hdds-2375-t422d-1049308724, networkLocation: /rack1, certSerialId: null}, Type:RATIS, Factor:ONE, State:ALLOCATED]
2019-11-13 20:20:20,525 [IPC Server handler 5 on 35908] INFO  net.NetworkTopology (NetworkTopologyImpl.java:add(111)) - Added a new node: /rack1/b0735163-16b4-4eff-936d-5712c77b458f
2019-11-13 20:20:20,525 [IPC Server handler 5 on 35908] INFO  node.SCMNodeManager (SCMNodeManager.java:register(267)) - Registered Data node : b0735163-16b4-4eff-936d-5712c77b458f{ip: 192.168.164.208, host: pr-hdds-2375-t422d-1049308724, networkLocation: /rack1, certSerialId: null}
2019-11-13 20:20:20,531 [grpc-default-executor-0] INFO  impl.RaftServerProxy (RaftServerProxy.java:addNew(89)) - b0735163-16b4-4eff-936d-5712c77b458f: addNew group-413488953F84:[b0735163-16b4-4eff-936d-5712c77b458f:192.168.164.208:33769] returns group-413488953F84:java.util.concurrent.CompletableFuture@1edc94ac[Not completed]
2019-11-13 20:20:20,533 [pool-529-thread-1] INFO  impl.RaftServerImpl (RaftServerImpl.java:<init>(98)) - b0735163-16b4-4eff-936d-5712c77b458f: new RaftServerImpl for group-413488953F84:[b0735163-16b4-4eff-936d-5712c77b458f:192.168.164.208:33769] with ContainerStateMachine:uninitialized
2019-11-13 20:20:20,534 [pool-529-thread-1] INFO  server.RaftServerConfigKeys (ConfUtils.java:logGet(43)) - raft.server.rpc.timeout.min = 1s (custom)
2019-11-13 20:20:20,534 [pool-529-thread-1] INFO  server.RaftServerConfigKeys (ConfUtils.java:logGet(43)) - raft.server.rpc.timeout.max = 1200ms (custom)
2019-11-13 20:20:20,534 [pool-529-thread-1] INFO  server.RaftServerConfigKeys (ConfUtils.java:logGet(43)) - raft.server.rpcslowness.timeout = 120s (custom)
2019-11-13 20:20:20,534 [pool-529-thread-1] INFO  server.RaftServerConfigKeys (ConfUtils.java:logGet(43)) - raft.server.sleep.deviation.threshold = 300 (default)
2019-11-13 20:20:20,534 [pool-529-thread-1] INFO  server.RaftServerConfigKeys (ConfUtils.java:logGet(43)) - raft.server.log.appender.install.snapshot.enabled = false (custom)
2019-11-13 20:20:20,534 [pool-529-thread-1] INFO  impl.RaftServerImpl (ServerState.java:<init>(103)) - b0735163-16b4-4eff-936d-5712c77b458f@group-413488953F84: ConfigurationManager, init=-1: [b0735163-16b4-4eff-936d-5712c77b458f:192.168.164.208:33769], old=null, confs=<EMPTY_MAP>
2019-11-13 20:20:20,535 [pool-529-thread-1] INFO  server.RaftServerConfigKeys (ConfUtils.java:logGet(43)) - raft.server.storage.dir = [/workdir/hadoop-ozone/integration-test/target/test-dir/MiniOzoneClusterImpl-252be716-c998-406a-83e5-534d363f62a9/datanode-2/data/ratis] (custom)
2019-11-13 20:20:20,535 [pool-529-thread-1] INFO  server.RaftServerConfigKeys (ConfUtils.java:logGet(43)) - raft.server.log.corruption.policy = EXCEPTION (default)
2019-11-13 20:20:20,535 [pool-529-thread-1] INFO  storage.RaftStorageDirectory (RaftStorageDirectory.java:analyzeStorage(246)) - The storage directory /workdir/hadoop-ozone/integration-test/target/test-dir/MiniOzoneClusterImpl-252be716-c998-406a-83e5-534d363f62a9/datanode-2/data/ratis/abab3875-a852-4ee1-a682-413488953f84 does not exist. Creating ...
2019-11-13 20:20:20,548 [pool-529-thread-1] INFO  storage.RaftStorageDirectory (RaftStorageDirectory.java:tryLock(328)) - Lock on /workdir/hadoop-ozone/integration-test/target/test-dir/MiniOzoneClusterImpl-252be716-c998-406a-83e5-534d363f62a9/datanode-2/data/ratis/abab3875-a852-4ee1-a682-413488953f84/in_use.lock acquired by nodename 4344@pr-hdds-2375-t422d-1049308724
2019-11-13 20:20:20,560 [pool-529-thread-1] INFO  storage.RaftStorage (RaftStorage.java:format(84)) - Storage directory /workdir/hadoop-ozone/integration-test/target/test-dir/MiniOzoneClusterImpl-252be716-c998-406a-83e5-534d363f62a9/datanode-2/data/ratis/abab3875-a852-4ee1-a682-413488953f84 has been successfully formatted.
2019-11-13 20:20:20,561 [pool-529-thread-1] INFO  ratis.ContainerStateMachine (ContainerStateMachine.java:loadSnapshot(223)) - group-413488953F84: The snapshot info is null. Setting the last applied indexto:(t:0, i:~)
2019-11-13 20:20:20,561 [pool-529-thread-1] INFO  server.RaftServerConfigKeys (ConfUtils.java:logGet(43)) - raft.server.notification.no-leader.timeout = 120s (custom)
2019-11-13 20:20:20,561 [pool-529-thread-1] INFO  server.RaftServerConfigKeys (ConfUtils.java:logGet(43)) - raft.server.log.use.memory = false (default)
2019-11-13 20:20:20,561 [pool-529-thread-1] INFO  server.RaftServerConfigKeys (ConfUtils.java:logGet(43)) - raft.server.log.purge.gap = 1000000 (custom)
2019-11-13 20:20:20,561 [pool-529-thread-1] INFO  server.RaftServerConfigKeys (ConfUtils.java:logGet(43)) - raft.server.log.appender.buffer.byte-limit = 33554432 (custom)
2019-11-13 20:20:20,561 [pool-529-thread-1] INFO  server.RaftServerConfigKeys (ConfUtils.java:logGet(43)) - raft.server.log.segment.size.max = 1048576 (custom)
2019-11-13 20:20:20,562 [pool-529-thread-1] WARN  impl.MetricRegistriesImpl (MetricRegistriesImpl.java:lambda$create$1(61)) - First MetricRegistry has been created without registering reporters. You may need to call MetricRegistries.global().addReportRegistration(...) before.
2019-11-13 20:20:20,562 [pool-529-thread-1] INFO  server.RaftServerConfigKeys (ConfUtils.java:logGet(43)) - raft.server.log.segment.cache.num.max = 2 (custom)
2019-11-13 20:20:20,562 [pool-529-thread-1] INFO  segmented.SegmentedRaftLogWorker (SegmentedRaftLogWorker.java:<init>(173)) - new b0735163-16b4-4eff-936d-5712c77b458f@group-413488953F84-SegmentedRaftLogWorker for RaftStorage:Storage Directory /workdir/hadoop-ozone/integration-test/target/test-dir/MiniOzoneClusterImpl-252be716-c998-406a-83e5-534d363f62a9/datanode-2/data/ratis/abab3875-a852-4ee1-a682-413488953f84
2019-11-13 20:20:20,562 [pool-529-thread-1] INFO  server.RaftServerConfigKeys (ConfUtils.java:logGet(43)) - raft.server.log.queue.byte-limit = 2147483647 (custom)
2019-11-13 20:20:20,562 [pool-529-thread-1] INFO  server.RaftServerConfigKeys (ConfUtils.java:logGet(43)) - raft.server.log.queue.element-limit = 1024 (custom)
2019-11-13 20:20:20,562 [pool-529-thread-1] INFO  server.RaftServerConfigKeys (ConfUtils.java:logGet(43)) - raft.server.log.segment.size.max = 1048576 (custom)
2019-11-13 20:20:20,562 [pool-529-thread-1] INFO  server.RaftServerConfigKeys (ConfUtils.java:logGet(43)) - raft.server.log.preallocated.size = 16384 (custom)
2019-11-13 20:20:20,563 [pool-529-thread-1] INFO  server.RaftServerConfigKeys (ConfUtils.java:logGet(43)) - raft.server.log.write.buffer.size = 33554432 (custom)
2019-11-13 20:20:20,563 [pool-529-thread-1] INFO  server.RaftServerConfigKeys (ConfUtils.java:logGet(43)) - raft.server.log.force.sync.num = 128 (default)
2019-11-13 20:20:20,563 [pool-529-thread-1] INFO  server.RaftServerConfigKeys (ConfUtils.java:logGet(43)) - raft.server.log.statemachine.data.sync = true (default)
2019-11-13 20:20:20,563 [pool-529-thread-1] INFO  server.RaftServerConfigKeys (ConfUtils.java:logGet(43)) - raft.server.log.statemachine.data.sync.timeout = 10s (default)
2019-11-13 20:20:20,563 [pool-529-thread-1] INFO  server.RaftServerConfigKeys (ConfUtils.java:logGet(43)) - raft.server.log.statemachine.data.sync.timeout.retry = -1 (default)
2019-11-13 20:20:20,563 [pool-529-thread-1] INFO  server.RaftServerConfigKeys (ConfUtils.java:logGet(43)) - raft.server.log.statemachine.data.caching.enabled = true (custom)
2019-11-13 20:20:20,564 [pool-529-thread-1] INFO  segmented.SegmentedRaftLogWorker (SegmentedRaftLogWorker.java:lambda$new$0(128)) - b0735163-16b4-4eff-936d-5712c77b458f@group-413488953F84-SegmentedRaftLogWorker: flushIndex: setUnconditionally 0 -> -1
2019-11-13 20:20:20,564 [pool-529-thread-1] INFO  server.RaftServerConfigKeys (ConfUtils.java:logGet(43)) - raft.server.snapshot.auto.trigger.enabled = true (custom)
2019-11-13 20:20:20,564 [pool-529-thread-1] INFO  server.RaftServerConfigKeys (ConfUtils.java:logGet(43)) - raft.server.snapshot.auto.trigger.threshold = 10000 (custom)
2019-11-13 20:20:20,564 [pool-529-thread-1] INFO  server.RaftServerConfigKeys (ConfUtils.java:logGet(43)) - raft.server.snapshot.retention.file.num = 5 (custom)
2019-11-13 20:20:20,564 [pool-529-thread-1] INFO  server.RaftServerConfigKeys (ConfUtils.java:logGet(43)) - raft.server.retrycache.expirytime = 600000ms (custom)
2019-11-13 20:20:20,565 [pool-529-thread-1] WARN  impl.MetricRegistriesImpl (MetricRegistriesImpl.java:lambda$create$1(61)) - First MetricRegistry has been created without registering reporters. You may need to call MetricRegistries.global().addReportRegistration(...) before.
2019-11-13 20:20:20,565 [pool-529-thread-1] WARN  impl.MetricRegistriesImpl (MetricRegistriesImpl.java:lambda$create$1(61)) - First MetricRegistry has been created without registering reporters. You may need to call MetricRegistries.global().addReportRegistration(...) before.
2019-11-13 20:20:20,565 [pool-529-thread-1] INFO  impl.RaftServerImpl (RaftServerImpl.java:start(184)) - b0735163-16b4-4eff-936d-5712c77b458f@group-413488953F84: start as a follower, conf=-1: [b0735163-16b4-4eff-936d-5712c77b458f:192.168.164.208:33769], old=null
2019-11-13 20:20:20,565 [pool-529-thread-1] INFO  impl.RaftServerImpl (RaftServerImpl.java:setRole(173)) - b0735163-16b4-4eff-936d-5712c77b458f@group-413488953F84: changes role from      null to FOLLOWER at term 0 for startAsFollower
2019-11-13 20:20:20,565 [pool-529-thread-1] INFO  impl.RoleInfo (RoleInfo.java:updateAndGet(143)) - b0735163-16b4-4eff-936d-5712c77b458f: start FollowerState
2019-11-13 20:20:20,566 [pool-529-thread-1] INFO  util.JmxRegister (JmxRegister.java:tryRegister(44)) - Successfully registered JMX Bean with object name Ratis:service=RaftServer,group=group-413488953F84,id=b0735163-16b4-4eff-936d-5712c77b458f
2019-11-13 20:20:20,566 [pool-529-thread-1] WARN  impl.MetricRegistriesImpl (MetricRegistriesImpl.java:lambda$create$1(61)) - First MetricRegistry has been created without registering reporters. You may need to call MetricRegistries.global().addReportRegistration(...) before.
2019-11-13 20:20:20,568 [RatisPipelineUtilsThread] INFO  pipeline.PipelineStateManager (PipelineStateManager.java:addPipeline(55)) - Created pipeline Pipeline[ Id: abab3875-a852-4ee1-a682-413488953f84, Nodes: b0735163-16b4-4eff-936d-5712c77b458f{ip: 192.168.164.208, host: pr-hdds-2375-t422d-1049308724, networkLocation: /rack1, certSerialId: null}, Type:RATIS, Factor:ONE, State:ALLOCATED]
2019-11-13 20:20:20,576 [grpc-default-executor-5] INFO  impl.RaftServerProxy (RaftServerProxy.java:addNew(89)) - 2eae8a0c-14f7-4974-be0f-a72b7694e262: addNew group-26CD4F9A286B:[2eae8a0c-14f7-4974-be0f-a72b7694e262:192.168.164.208:33269, b0735163-16b4-4eff-936d-5712c77b458f:192.168.164.208:33769, 57e4e4f3-95e6-4ba3-b7c4-7652bb100830:192.168.164.208:33520] returns group-26CD4F9A286B:java.util.concurrent.CompletableFuture@4249d1cc[Not completed]
2019-11-13 20:20:20,576 [grpc-default-executor-6] INFO  impl.RaftServerProxy (RaftServerProxy.java:addNew(89)) - 57e4e4f3-95e6-4ba3-b7c4-7652bb100830: addNew group-26CD4F9A286B:[2eae8a0c-14f7-4974-be0f-a72b7694e262:192.168.164.208:33269, b0735163-16b4-4eff-936d-5712c77b458f:192.168.164.208:33769, 57e4e4f3-95e6-4ba3-b7c4-7652bb100830:192.168.164.208:33520] returns group-26CD4F9A286B:java.util.concurrent.CompletableFuture@782c372e[Not completed]
2019-11-13 20:20:20,576 [grpc-default-executor-0] INFO  impl.RaftServerProxy (RaftServerProxy.java:addNew(89)) - b0735163-16b4-4eff-936d-5712c77b458f: addNew group-26CD4F9A286B:[2eae8a0c-14f7-4974-be0f-a72b7694e262:192.168.164.208:33269, b0735163-16b4-4eff-936d-5712c77b458f:192.168.164.208:33769, 57e4e4f3-95e6-4ba3-b7c4-7652bb100830:192.168.164.208:33520] returns group-26CD4F9A286B:java.util.concurrent.CompletableFuture@62916234[Not completed]
2019-11-13 20:20:20,577 [pool-519-thread-1] INFO  impl.RaftServerImpl (RaftServerImpl.java:<init>(98)) - 2eae8a0c-14f7-4974-be0f-a72b7694e262: new RaftServerImpl for group-26CD4F9A286B:[2eae8a0c-14f7-4974-be0f-a72b7694e262:192.168.164.208:33269, b0735163-16b4-4eff-936d-5712c77b458f:192.168.164.208:33769, 57e4e4f3-95e6-4ba3-b7c4-7652bb100830:192.168.164.208:33520] with ContainerStateMachine:uninitialized
2019-11-13 20:20:20,577 [pool-519-thread-1] INFO  server.RaftServerConfigKeys (ConfUtils.java:logGet(43)) - raft.server.rpc.timeout.min = 1s (custom)
2019-11-13 20:20:20,577 [pool-519-thread-1] INFO  server.RaftServerConfigKeys (ConfUtils.java:logGet(43)) - raft.server.rpc.timeout.max = 1200ms (custom)
2019-11-13 20:20:20,577 [pool-519-thread-1] INFO  server.RaftServerConfigKeys (ConfUtils.java:logGet(43)) - raft.server.rpcslowness.timeout = 120s (custom)
2019-11-13 20:20:20,577 [pool-519-thread-1] INFO  server.RaftServerConfigKeys (ConfUtils.java:logGet(43)) - raft.server.sleep.deviation.threshold = 300 (default)
2019-11-13 20:20:20,577 [pool-519-thread-1] INFO  server.RaftServerConfigKeys (ConfUtils.java:logGet(43)) - raft.server.log.appender.install.snapshot.enabled = false (custom)
2019-11-13 20:20:20,578 [pool-529-thread-1] INFO  impl.RaftServerImpl (RaftServerImpl.java:<init>(98)) - b0735163-16b4-4eff-936d-5712c77b458f: new RaftServerImpl for group-26CD4F9A286B:[2eae8a0c-14f7-4974-be0f-a72b7694e262:192.168.164.208:33269, b0735163-16b4-4eff-936d-5712c77b458f:192.168.164.208:33769, 57e4e4f3-95e6-4ba3-b7c4-7652bb100830:192.168.164.208:33520] with ContainerStateMachine:uninitialized
2019-11-13 20:20:20,578 [pool-519-thread-1] INFO  impl.RaftServerImpl (ServerState.java:<init>(103)) - 2eae8a0c-14f7-4974-be0f-a72b7694e262@group-26CD4F9A286B: ConfigurationManager, init=-1: [2eae8a0c-14f7-4974-be0f-a72b7694e262:192.168.164.208:33269, b0735163-16b4-4eff-936d-5712c77b458f:192.168.164.208:33769, 57e4e4f3-95e6-4ba3-b7c4-7652bb100830:192.168.164.208:33520], old=null, confs=<EMPTY_MAP>
2019-11-13 20:20:20,578 [pool-529-thread-1] INFO  server.RaftServerConfigKeys (ConfUtils.java:logGet(43)) - raft.server.rpc.timeout.min = 1s (custom)
2019-11-13 20:20:20,578 [pool-519-thread-1] INFO  server.RaftServerConfigKeys (ConfUtils.java:logGet(43)) - raft.server.storage.dir = [/workdir/hadoop-ozone/integration-test/target/test-dir/MiniOzoneClusterImpl-252be716-c998-406a-83e5-534d363f62a9/datanode-1/data/ratis] (custom)
2019-11-13 20:20:20,578 [pool-529-thread-1] INFO  server.RaftServerConfigKeys (ConfUtils.java:logGet(43)) - raft.server.rpc.timeout.max = 1200ms (custom)
2019-11-13 20:20:20,578 [pool-529-thread-1] INFO  server.RaftServerConfigKeys (ConfUtils.java:logGet(43)) - raft.server.rpcslowness.timeout = 120s (custom)
2019-11-13 20:20:20,578 [pool-519-thread-1] INFO  server.RaftServerConfigKeys (ConfUtils.java:logGet(43)) - raft.server.log.corruption.policy = EXCEPTION (default)
2019-11-13 20:20:20,578 [pool-509-thread-1] INFO  impl.RaftServerImpl (RaftServerImpl.java:<init>(98)) - 57e4e4f3-95e6-4ba3-b7c4-7652bb100830: new RaftServerImpl for group-26CD4F9A286B:[2eae8a0c-14f7-4974-be0f-a72b7694e262:192.168.164.208:33269, b0735163-16b4-4eff-936d-5712c77b458f:192.168.164.208:33769, 57e4e4f3-95e6-4ba3-b7c4-7652bb100830:192.168.164.208:33520] with ContainerStateMachine:uninitialized
2019-11-13 20:20:20,578 [pool-529-thread-1] INFO  server.RaftServerConfigKeys (ConfUtils.java:logGet(43)) - raft.server.sleep.deviation.threshold = 300 (default)
2019-11-13 20:20:20,579 [pool-509-thread-1] INFO  server.RaftServerConfigKeys (ConfUtils.java:logGet(43)) - raft.server.rpc.timeout.min = 1s (custom)
2019-11-13 20:20:20,578 [pool-519-thread-1] INFO  storage.RaftStorageDirectory (RaftStorageDirectory.java:analyzeStorage(246)) - The storage directory /workdir/hadoop-ozone/integration-test/target/test-dir/MiniOzoneClusterImpl-252be716-c998-406a-83e5-534d363f62a9/datanode-1/data/ratis/08ca3fda-70fd-4f2b-a817-26cd4f9a286b does not exist. Creating ...
2019-11-13 20:20:20,579 [pool-509-thread-1] INFO  server.RaftServerConfigKeys (ConfUtils.java:logGet(43)) - raft.server.rpc.timeout.max = 1200ms (custom)
2019-11-13 20:20:20,579 [pool-529-thread-1] INFO  server.RaftServerConfigKeys (ConfUtils.java:logGet(43)) - raft.server.log.appender.install.snapshot.enabled = false (custom)
2019-11-13 20:20:20,579 [pool-509-thread-1] INFO  server.RaftServerConfigKeys (ConfUtils.java:logGet(43)) - raft.server.rpcslowness.timeout = 120s (custom)
2019-11-13 20:20:20,579 [pool-529-thread-1] INFO  impl.RaftServerImpl (ServerState.java:<init>(103)) - b0735163-16b4-4eff-936d-5712c77b458f@group-26CD4F9A286B: ConfigurationManager, init=-1: [2eae8a0c-14f7-4974-be0f-a72b7694e262:192.168.164.208:33269, b0735163-16b4-4eff-936d-5712c77b458f:192.168.164.208:33769, 57e4e4f3-95e6-4ba3-b7c4-7652bb100830:192.168.164.208:33520], old=null, confs=<EMPTY_MAP>
2019-11-13 20:20:20,579 [pool-509-thread-1] INFO  server.RaftServerConfigKeys (ConfUtils.java:logGet(43)) - raft.server.sleep.deviation.threshold = 300 (default)
2019-11-13 20:20:20,579 [pool-529-thread-1] INFO  server.RaftServerConfigKeys (ConfUtils.java:logGet(43)) - raft.server.storage.dir = [/workdir/hadoop-ozone/integration-test/target/test-dir/MiniOzoneClusterImpl-252be716-c998-406a-83e5-534d363f62a9/datanode-2/data/ratis] (custom)
2019-11-13 20:20:20,579 [pool-509-thread-1] INFO  server.RaftServerConfigKeys (ConfUtils.java:logGet(43)) - raft.server.log.appender.install.snapshot.enabled = false (custom)
2019-11-13 20:20:20,580 [pool-529-thread-1] INFO  server.RaftServerConfigKeys (ConfUtils.java:logGet(43)) - raft.server.log.corruption.policy = EXCEPTION (default)
2019-11-13 20:20:20,580 [pool-509-thread-1] INFO  impl.RaftServerImpl (ServerState.java:<init>(103)) - 57e4e4f3-95e6-4ba3-b7c4-7652bb100830@group-26CD4F9A286B: ConfigurationManager, init=-1: [2eae8a0c-14f7-4974-be0f-a72b7694e262:192.168.164.208:33269, b0735163-16b4-4eff-936d-5712c77b458f:192.168.164.208:33769, 57e4e4f3-95e6-4ba3-b7c4-7652bb100830:192.168.164.208:33520], old=null, confs=<EMPTY_MAP>
2019-11-13 20:20:20,580 [pool-529-thread-1] INFO  storage.RaftStorageDirectory (RaftStorageDirectory.java:analyzeStorage(246)) - The storage directory /workdir/hadoop-ozone/integration-test/target/test-dir/MiniOzoneClusterImpl-252be716-c998-406a-83e5-534d363f62a9/datanode-2/data/ratis/08ca3fda-70fd-4f2b-a817-26cd4f9a286b does not exist. Creating ...
2019-11-13 20:20:20,580 [pool-509-thread-1] INFO  server.RaftServerConfigKeys (ConfUtils.java:logGet(43)) - raft.server.storage.dir = [/workdir/hadoop-ozone/integration-test/target/test-dir/MiniOzoneClusterImpl-252be716-c998-406a-83e5-534d363f62a9/datanode-0/data/ratis] (custom)
2019-11-13 20:20:20,580 [pool-509-thread-1] INFO  server.RaftServerConfigKeys (ConfUtils.java:logGet(43)) - raft.server.log.corruption.policy = EXCEPTION (default)
2019-11-13 20:20:20,581 [pool-509-thread-1] INFO  storage.RaftStorageDirectory (RaftStorageDirectory.java:analyzeStorage(246)) - The storage directory /workdir/hadoop-ozone/integration-test/target/test-dir/MiniOzoneClusterImpl-252be716-c998-406a-83e5-534d363f62a9/datanode-0/data/ratis/08ca3fda-70fd-4f2b-a817-26cd4f9a286b does not exist. Creating ...
2019-11-13 20:20:20,604 [pool-529-thread-1] INFO  storage.RaftStorageDirectory (RaftStorageDirectory.java:tryLock(328)) - Lock on /workdir/hadoop-ozone/integration-test/target/test-dir/MiniOzoneClusterImpl-252be716-c998-406a-83e5-534d363f62a9/datanode-2/data/ratis/08ca3fda-70fd-4f2b-a817-26cd4f9a286b/in_use.lock acquired by nodename 4344@pr-hdds-2375-t422d-1049308724
2019-11-13 20:20:20,604 [pool-519-thread-1] INFO  storage.RaftStorageDirectory (RaftStorageDirectory.java:tryLock(328)) - Lock on /workdir/hadoop-ozone/integration-test/target/test-dir/MiniOzoneClusterImpl-252be716-c998-406a-83e5-534d363f62a9/datanode-1/data/ratis/08ca3fda-70fd-4f2b-a817-26cd4f9a286b/in_use.lock acquired by nodename 4344@pr-hdds-2375-t422d-1049308724
2019-11-13 20:20:20,604 [pool-509-thread-1] INFO  storage.RaftStorageDirectory (RaftStorageDirectory.java:tryLock(328)) - Lock on /workdir/hadoop-ozone/integration-test/target/test-dir/MiniOzoneClusterImpl-252be716-c998-406a-83e5-534d363f62a9/datanode-0/data/ratis/08ca3fda-70fd-4f2b-a817-26cd4f9a286b/in_use.lock acquired by nodename 4344@pr-hdds-2375-t422d-1049308724
2019-11-13 20:20:20,625 [IPC Server handler 10 on 35908] INFO  net.NetworkTopology (NetworkTopologyImpl.java:add(111)) - Added a new node: /rack1/f80e2e38-60f5-4e79-8b9a-ced9a5a7a91b
2019-11-13 20:20:20,626 [IPC Server handler 10 on 35908] INFO  node.SCMNodeManager (SCMNodeManager.java:register(267)) - Registered Data node : f80e2e38-60f5-4e79-8b9a-ced9a5a7a91b{ip: 192.168.164.208, host: pr-hdds-2375-t422d-1049308724, networkLocation: /rack1, certSerialId: null}
2019-11-13 20:20:20,626 [pool-519-thread-1] INFO  storage.RaftStorage (RaftStorage.java:format(84)) - Storage directory /workdir/hadoop-ozone/integration-test/target/test-dir/MiniOzoneClusterImpl-252be716-c998-406a-83e5-534d363f62a9/datanode-1/data/ratis/08ca3fda-70fd-4f2b-a817-26cd4f9a286b has been successfully formatted.
2019-11-13 20:20:20,626 [pool-529-thread-1] INFO  storage.RaftStorage (RaftStorage.java:format(84)) - Storage directory /workdir/hadoop-ozone/integration-test/target/test-dir/MiniOzoneClusterImpl-252be716-c998-406a-83e5-534d363f62a9/datanode-2/data/ratis/08ca3fda-70fd-4f2b-a817-26cd4f9a286b has been successfully formatted.
2019-11-13 20:20:20,626 [pool-509-thread-1] INFO  storage.RaftStorage (RaftStorage.java:format(84)) - Storage directory /workdir/hadoop-ozone/integration-test/target/test-dir/MiniOzoneClusterImpl-252be716-c998-406a-83e5-534d363f62a9/datanode-0/data/ratis/08ca3fda-70fd-4f2b-a817-26cd4f9a286b has been successfully formatted.
2019-11-13 20:20:20,626 [pool-529-thread-1] INFO  ratis.ContainerStateMachine (ContainerStateMachine.java:loadSnapshot(223)) - group-26CD4F9A286B: The snapshot info is null. Setting the last applied indexto:(t:0, i:~)
2019-11-13 20:20:20,627 [pool-509-thread-1] INFO  ratis.ContainerStateMachine (ContainerStateMachine.java:loadSnapshot(223)) - group-26CD4F9A286B: The snapshot info is null. Setting the last applied indexto:(t:0, i:~)
2019-11-13 20:20:20,626 [pool-519-thread-1] INFO  ratis.ContainerStateMachine (ContainerStateMachine.java:loadSnapshot(223)) - group-26CD4F9A286B: The snapshot info is null. Setting the last applied indexto:(t:0, i:~)
2019-11-13 20:20:20,627 [pool-509-thread-1] INFO  server.RaftServerConfigKeys (ConfUtils.java:logGet(43)) - raft.server.notification.no-leader.timeout = 120s (custom)
2019-11-13 20:20:20,627 [pool-529-thread-1] INFO  server.RaftServerConfigKeys (ConfUtils.java:logGet(43)) - raft.server.notification.no-leader.timeout = 120s (custom)
2019-11-13 20:20:20,627 [pool-509-thread-1] INFO  server.RaftServerConfigKeys (ConfUtils.java:logGet(43)) - raft.server.log.use.memory = false (default)
2019-11-13 20:20:20,627 [pool-519-thread-1] INFO  server.RaftServerConfigKeys (ConfUtils.java:logGet(43)) - raft.server.notification.no-leader.timeout = 120s (custom)
2019-11-13 20:20:20,627 [pool-509-thread-1] INFO  server.RaftServerConfigKeys (ConfUtils.java:logGet(43)) - raft.server.log.purge.gap = 1000000 (custom)
2019-11-13 20:20:20,627 [pool-529-thread-1] INFO  server.RaftServerConfigKeys (ConfUtils.java:logGet(43)) - raft.server.log.use.memory = false (default)
2019-11-13 20:20:20,627 [pool-509-thread-1] INFO  server.RaftServerConfigKeys (ConfUtils.java:logGet(43)) - raft.server.log.appender.buffer.byte-limit = 33554432 (custom)
2019-11-13 20:20:20,627 [pool-519-thread-1] INFO  server.RaftServerConfigKeys (ConfUtils.java:logGet(43)) - raft.server.log.use.memory = false (default)
2019-11-13 20:20:20,628 [pool-509-thread-1] INFO  server.RaftServerConfigKeys (ConfUtils.java:logGet(43)) - raft.server.log.segment.size.max = 1048576 (custom)
2019-11-13 20:20:20,628 [pool-529-thread-1] INFO  server.RaftServerConfigKeys (ConfUtils.java:logGet(43)) - raft.server.log.purge.gap = 1000000 (custom)
2019-11-13 20:20:20,628 [pool-509-thread-1] INFO  server.RaftServerConfigKeys (ConfUtils.java:logGet(43)) - raft.server.log.segment.cache.num.max = 2 (custom)
2019-11-13 20:20:20,628 [pool-519-thread-1] INFO  server.RaftServerConfigKeys (ConfUtils.java:logGet(43)) - raft.server.log.purge.gap = 1000000 (custom)
2019-11-13 20:20:20,628 [pool-509-thread-1] INFO  segmented.SegmentedRaftLogWorker (SegmentedRaftLogWorker.java:<init>(173)) - new 57e4e4f3-95e6-4ba3-b7c4-7652bb100830@group-26CD4F9A286B-SegmentedRaftLogWorker for RaftStorage:Storage Directory /workdir/hadoop-ozone/integration-test/target/test-dir/MiniOzoneClusterImpl-252be716-c998-406a-83e5-534d363f62a9/datanode-0/data/ratis/08ca3fda-70fd-4f2b-a817-26cd4f9a286b
2019-11-13 20:20:20,628 [pool-529-thread-1] INFO  server.RaftServerConfigKeys (ConfUtils.java:logGet(43)) - raft.server.log.appender.buffer.byte-limit = 33554432 (custom)
2019-11-13 20:20:20,628 [pool-509-thread-1] INFO  server.RaftServerConfigKeys (ConfUtils.java:logGet(43)) - raft.server.log.queue.byte-limit = 2147483647 (custom)
2019-11-13 20:20:20,628 [pool-519-thread-1] INFO  server.RaftServerConfigKeys (ConfUtils.java:logGet(43)) - raft.server.log.appender.buffer.byte-limit = 33554432 (custom)
2019-11-13 20:20:20,629 [pool-509-thread-1] INFO  server.RaftServerConfigKeys (ConfUtils.java:logGet(43)) - raft.server.log.queue.element-limit = 1024 (custom)
2019-11-13 20:20:20,629 [pool-529-thread-1] INFO  server.RaftServerConfigKeys (ConfUtils.java:logGet(43)) - raft.server.log.segment.size.max = 1048576 (custom)
2019-11-13 20:20:20,629 [pool-509-thread-1] INFO  server.RaftServerConfigKeys (ConfUtils.java:logGet(43)) - raft.server.log.segment.size.max = 1048576 (custom)
2019-11-13 20:20:20,629 [pool-519-thread-1] INFO  server.RaftServerConfigKeys (ConfUtils.java:logGet(43)) - raft.server.log.segment.size.max = 1048576 (custom)
2019-11-13 20:20:20,629 [pool-509-thread-1] INFO  server.RaftServerConfigKeys (ConfUtils.java:logGet(43)) - raft.server.log.preallocated.size = 16384 (custom)
2019-11-13 20:20:20,629 [pool-529-thread-1] INFO  server.RaftServerConfigKeys (ConfUtils.java:logGet(43)) - raft.server.log.segment.cache.num.max = 2 (custom)
2019-11-13 20:20:20,629 [pool-509-thread-1] INFO  server.RaftServerConfigKeys (ConfUtils.java:logGet(43)) - raft.server.log.write.buffer.size = 33554432 (custom)
2019-11-13 20:20:20,629 [pool-519-thread-1] INFO  server.RaftServerConfigKeys (ConfUtils.java:logGet(43)) - raft.server.log.segment.cache.num.max = 2 (custom)
2019-11-13 20:20:20,630 [pool-509-thread-1] INFO  server.RaftServerConfigKeys (ConfUtils.java:logGet(43)) - raft.server.log.force.sync.num = 128 (default)
2019-11-13 20:20:20,630 [pool-509-thread-1] INFO  server.RaftServerConfigKeys (ConfUtils.java:logGet(43)) - raft.server.log.statemachine.data.sync = true (default)
2019-11-13 20:20:20,629 [pool-529-thread-1] INFO  segmented.SegmentedRaftLogWorker (SegmentedRaftLogWorker.java:<init>(173)) - new b0735163-16b4-4eff-936d-5712c77b458f@group-26CD4F9A286B-SegmentedRaftLogWorker for RaftStorage:Storage Directory /workdir/hadoop-ozone/integration-test/target/test-dir/MiniOzoneClusterImpl-252be716-c998-406a-83e5-534d363f62a9/datanode-2/data/ratis/08ca3fda-70fd-4f2b-a817-26cd4f9a286b
2019-11-13 20:20:20,630 [pool-509-thread-1] INFO  server.RaftServerConfigKeys (ConfUtils.java:logGet(43)) - raft.server.log.statemachine.data.sync.timeout = 10s (default)
2019-11-13 20:20:20,630 [pool-519-thread-1] INFO  segmented.SegmentedRaftLogWorker (SegmentedRaftLogWorker.java:<init>(173)) - new 2eae8a0c-14f7-4974-be0f-a72b7694e262@group-26CD4F9A286B-SegmentedRaftLogWorker for RaftStorage:Storage Directory /workdir/hadoop-ozone/integration-test/target/test-dir/MiniOzoneClusterImpl-252be716-c998-406a-83e5-534d363f62a9/datanode-1/data/ratis/08ca3fda-70fd-4f2b-a817-26cd4f9a286b
2019-11-13 20:20:20,630 [pool-509-thread-1] INFO  server.RaftServerConfigKeys (ConfUtils.java:logGet(43)) - raft.server.log.statemachine.data.sync.timeout.retry = -1 (default)
2019-11-13 20:20:20,630 [pool-529-thread-1] INFO  server.RaftServerConfigKeys (ConfUtils.java:logGet(43)) - raft.server.log.queue.byte-limit = 2147483647 (custom)
2019-11-13 20:20:20,630 [pool-509-thread-1] INFO  server.RaftServerConfigKeys (ConfUtils.java:logGet(43)) - raft.server.log.statemachine.data.caching.enabled = true (custom)
2019-11-13 20:20:20,630 [pool-519-thread-1] INFO  server.RaftServerConfigKeys (ConfUtils.java:logGet(43)) - raft.server.log.queue.byte-limit = 2147483647 (custom)
2019-11-13 20:20:20,630 [pool-529-thread-1] INFO  server.RaftServerConfigKeys (ConfUtils.java:logGet(43)) - raft.server.log.queue.element-limit = 1024 (custom)
2019-11-13 20:20:20,631 [pool-509-thread-1] INFO  segmented.SegmentedRaftLogWorker (SegmentedRaftLogWorker.java:lambda$new$0(128)) - 57e4e4f3-95e6-4ba3-b7c4-7652bb100830@group-26CD4F9A286B-SegmentedRaftLogWorker: flushIndex: setUnconditionally 0 -> -1
2019-11-13 20:20:20,631 [pool-519-thread-1] INFO  server.RaftServerConfigKeys (ConfUtils.java:logGet(43)) - raft.server.log.queue.element-limit = 1024 (custom)
2019-11-13 20:20:20,631 [pool-529-thread-1] INFO  server.RaftServerConfigKeys (ConfUtils.java:logGet(43)) - raft.server.log.segment.size.max = 1048576 (custom)
2019-11-13 20:20:20,631 [pool-509-thread-1] INFO  server.RaftServerConfigKeys (ConfUtils.java:logGet(43)) - raft.server.snapshot.auto.trigger.enabled = true (custom)
2019-11-13 20:20:20,631 [pool-529-thread-1] INFO  server.RaftServerConfigKeys (ConfUtils.java:logGet(43)) - raft.server.log.preallocated.size = 16384 (custom)
2019-11-13 20:20:20,631 [pool-519-thread-1] INFO  server.RaftServerConfigKeys (ConfUtils.java:logGet(43)) - raft.server.log.segment.size.max = 1048576 (custom)
2019-11-13 20:20:20,631 [pool-529-thread-1] INFO  server.RaftServerConfigKeys (ConfUtils.java:logGet(43)) - raft.server.log.write.buffer.size = 33554432 (custom)
2019-11-13 20:20:20,631 [pool-509-thread-1] INFO  server.RaftServerConfigKeys (ConfUtils.java:logGet(43)) - raft.server.snapshot.auto.trigger.threshold = 10000 (custom)
2019-11-13 20:20:20,632 [pool-529-thread-1] INFO  server.RaftServerConfigKeys (ConfUtils.java:logGet(43)) - raft.server.log.force.sync.num = 128 (default)
2019-11-13 20:20:20,632 [pool-519-thread-1] INFO  server.RaftServerConfigKeys (ConfUtils.java:logGet(43)) - raft.server.log.preallocated.size = 16384 (custom)
2019-11-13 20:20:20,632 [pool-529-thread-1] INFO  server.RaftServerConfigKeys (ConfUtils.java:logGet(43)) - raft.server.log.statemachine.data.sync = true (default)
2019-11-13 20:20:20,632 [pool-509-thread-1] INFO  server.RaftServerConfigKeys (ConfUtils.java:logGet(43)) - raft.server.snapshot.retention.file.num = 5 (custom)
2019-11-13 20:20:20,632 [pool-529-thread-1] INFO  server.RaftServerConfigKeys (ConfUtils.java:logGet(43)) - raft.server.log.statemachine.data.sync.timeout = 10s (default)
2019-11-13 20:20:20,632 [pool-519-thread-1] INFO  server.RaftServerConfigKeys (ConfUtils.java:logGet(43)) - raft.server.log.write.buffer.size = 33554432 (custom)
2019-11-13 20:20:20,632 [pool-529-thread-1] INFO  server.RaftServerConfigKeys (ConfUtils.java:logGet(43)) - raft.server.log.statemachine.data.sync.timeout.retry = -1 (default)
2019-11-13 20:20:20,632 [pool-509-thread-1] INFO  server.RaftServerConfigKeys (ConfUtils.java:logGet(43)) - raft.server.retrycache.expirytime = 600000ms (custom)
2019-11-13 20:20:20,633 [pool-529-thread-1] INFO  server.RaftServerConfigKeys (ConfUtils.java:logGet(43)) - raft.server.log.statemachine.data.caching.enabled = true (custom)
2019-11-13 20:20:20,632 [pool-519-thread-1] INFO  server.RaftServerConfigKeys (ConfUtils.java:logGet(43)) - raft.server.log.force.sync.num = 128 (default)
2019-11-13 20:20:20,633 [pool-509-thread-1] WARN  impl.MetricRegistriesImpl (MetricRegistriesImpl.java:lambda$create$1(61)) - First MetricRegistry has been created without registering reporters. You may need to call MetricRegistries.global().addReportRegistration(...) before.
2019-11-13 20:20:20,633 [pool-529-thread-1] INFO  segmented.SegmentedRaftLogWorker (SegmentedRaftLogWorker.java:lambda$new$0(128)) - b0735163-16b4-4eff-936d-5712c77b458f@group-26CD4F9A286B-SegmentedRaftLogWorker: flushIndex: setUnconditionally 0 -> -1
2019-11-13 20:20:20,633 [pool-519-thread-1] INFO  server.RaftServerConfigKeys (ConfUtils.java:logGet(43)) - raft.server.log.statemachine.data.sync = true (default)
2019-11-13 20:20:20,633 [pool-509-thread-1] WARN  impl.MetricRegistriesImpl (MetricRegistriesImpl.java:lambda$create$1(61)) - First MetricRegistry has been created without registering reporters. You may need to call MetricRegistries.global().addReportRegistration(...) before.
2019-11-13 20:20:20,633 [pool-529-thread-1] INFO  server.RaftServerConfigKeys (ConfUtils.java:logGet(43)) - raft.server.snapshot.auto.trigger.enabled = true (custom)
2019-11-13 20:20:20,633 [pool-519-thread-1] INFO  server.RaftServerConfigKeys (ConfUtils.java:logGet(43)) - raft.server.log.statemachine.data.sync.timeout = 10s (default)
2019-11-13 20:20:20,634 [pool-529-thread-1] INFO  server.RaftServerConfigKeys (ConfUtils.java:logGet(43)) - raft.server.snapshot.auto.trigger.threshold = 10000 (custom)
2019-11-13 20:20:20,634 [pool-529-thread-1] INFO  server.RaftServerConfigKeys (ConfUtils.java:logGet(43)) - raft.server.snapshot.retention.file.num = 5 (custom)
2019-11-13 20:20:20,633 [pool-509-thread-1] INFO  impl.RaftServerImpl (RaftServerImpl.java:start(184)) - 57e4e4f3-95e6-4ba3-b7c4-7652bb100830@group-26CD4F9A286B: start as a follower, conf=-1: [2eae8a0c-14f7-4974-be0f-a72b7694e262:192.168.164.208:33269, b0735163-16b4-4eff-936d-5712c77b458f:192.168.164.208:33769, 57e4e4f3-95e6-4ba3-b7c4-7652bb100830:192.168.164.208:33520], old=null
2019-11-13 20:20:20,634 [pool-529-thread-1] INFO  server.RaftServerConfigKeys (ConfUtils.java:logGet(43)) - raft.server.retrycache.expirytime = 600000ms (custom)
2019-11-13 20:20:20,634 [pool-519-thread-1] INFO  server.RaftServerConfigKeys (ConfUtils.java:logGet(43)) - raft.server.log.statemachine.data.sync.timeout.retry = -1 (default)
2019-11-13 20:20:20,634 [pool-529-thread-1] WARN  impl.MetricRegistriesImpl (MetricRegistriesImpl.java:lambda$create$1(61)) - First MetricRegistry has been created without registering reporters. You may need to call MetricRegistries.global().addReportRegistration(...) before.
2019-11-13 20:20:20,634 [pool-509-thread-1] INFO  impl.RaftServerImpl (RaftServerImpl.java:setRole(173)) - 57e4e4f3-95e6-4ba3-b7c4-7652bb100830@group-26CD4F9A286B: changes role from      null to FOLLOWER at term 0 for startAsFollower
2019-11-13 20:20:20,634 [pool-529-thread-1] WARN  impl.MetricRegistriesImpl (MetricRegistriesImpl.java:lambda$create$1(61)) - First MetricRegistry has been created without registering reporters. You may need to call MetricRegistries.global().addReportRegistration(...) before.
2019-11-13 20:20:20,634 [pool-519-thread-1] INFO  server.RaftServerConfigKeys (ConfUtils.java:logGet(43)) - raft.server.log.statemachine.data.caching.enabled = true (custom)
2019-11-13 20:20:20,635 [pool-529-thread-1] INFO  impl.RaftServerImpl (RaftServerImpl.java:start(184)) - b0735163-16b4-4eff-936d-5712c77b458f@group-26CD4F9A286B: start as a follower, conf=-1: [2eae8a0c-14f7-4974-be0f-a72b7694e262:192.168.164.208:33269, b0735163-16b4-4eff-936d-5712c77b458f:192.168.164.208:33769, 57e4e4f3-95e6-4ba3-b7c4-7652bb100830:192.168.164.208:33520], old=null
2019-11-13 20:20:20,635 [pool-529-thread-1] INFO  impl.RaftServerImpl (RaftServerImpl.java:setRole(173)) - b0735163-16b4-4eff-936d-5712c77b458f@group-26CD4F9A286B: changes role from      null to FOLLOWER at term 0 for startAsFollower
2019-11-13 20:20:20,635 [pool-509-thread-1] INFO  impl.RoleInfo (RoleInfo.java:updateAndGet(143)) - 57e4e4f3-95e6-4ba3-b7c4-7652bb100830: start FollowerState
2019-11-13 20:20:20,635 [pool-529-thread-1] INFO  impl.RoleInfo (RoleInfo.java:updateAndGet(143)) - b0735163-16b4-4eff-936d-5712c77b458f: start FollowerState
2019-11-13 20:20:20,635 [pool-519-thread-1] INFO  segmented.SegmentedRaftLogWorker (SegmentedRaftLogWorker.java:lambda$new$0(128)) - 2eae8a0c-14f7-4974-be0f-a72b7694e262@group-26CD4F9A286B-SegmentedRaftLogWorker: flushIndex: setUnconditionally 0 -> -1
2019-11-13 20:20:20,635 [pool-509-thread-1] INFO  util.JmxRegister (JmxRegister.java:tryRegister(44)) - Successfully registered JMX Bean with object name Ratis:service=RaftServer,group=group-26CD4F9A286B,id=57e4e4f3-95e6-4ba3-b7c4-7652bb100830
2019-11-13 20:20:20,635 [pool-509-thread-1] WARN  impl.MetricRegistriesImpl (MetricRegistriesImpl.java:lambda$create$1(61)) - First MetricRegistry has been created without registering reporters. You may need to call MetricRegistries.global().addReportRegistration(...) before.
2019-11-13 20:20:20,636 [pool-519-thread-1] INFO  server.RaftServerConfigKeys (ConfUtils.java:logGet(43)) - raft.server.snapshot.auto.trigger.enabled = true (custom)
2019-11-13 20:20:20,636 [pool-529-thread-1] INFO  util.JmxRegister (JmxRegister.java:tryRegister(44)) - Successfully registered JMX Bean with object name Ratis:service=RaftServer,group=group-26CD4F9A286B,id=b0735163-16b4-4eff-936d-5712c77b458f
2019-11-13 20:20:20,636 [pool-519-thread-1] INFO  server.RaftServerConfigKeys (ConfUtils.java:logGet(43)) - raft.server.snapshot.auto.trigger.threshold = 10000 (custom)
2019-11-13 20:20:20,636 [pool-529-thread-1] WARN  impl.MetricRegistriesImpl (MetricRegistriesImpl.java:lambda$create$1(61)) - First MetricRegistry has been created without registering reporters. You may need to call MetricRegistries.global().addReportRegistration(...) before.
2019-11-13 20:20:20,636 [pool-519-thread-1] INFO  server.RaftServerConfigKeys (ConfUtils.java:logGet(43)) - raft.server.snapshot.retention.file.num = 5 (custom)
2019-11-13 20:20:20,636 [pool-519-thread-1] INFO  server.RaftServerConfigKeys (ConfUtils.java:logGet(43)) - raft.server.retrycache.expirytime = 600000ms (custom)
2019-11-13 20:20:20,636 [pool-519-thread-1] WARN  impl.MetricRegistriesImpl (MetricRegistriesImpl.java:lambda$create$1(61)) - First MetricRegistry has been created without registering reporters. You may need to call MetricRegistries.global().addReportRegistration(...) before.
2019-11-13 20:20:20,637 [pool-519-thread-1] WARN  impl.MetricRegistriesImpl (MetricRegistriesImpl.java:lambda$create$1(61)) - First MetricRegistry has been created without registering reporters. You may need to call MetricRegistries.global().addReportRegistration(...) before.
2019-11-13 20:20:20,637 [pool-519-thread-1] INFO  impl.RaftServerImpl (RaftServerImpl.java:start(184)) - 2eae8a0c-14f7-4974-be0f-a72b7694e262@group-26CD4F9A286B: start as a follower, conf=-1: [2eae8a0c-14f7-4974-be0f-a72b7694e262:192.168.164.208:33269, b0735163-16b4-4eff-936d-5712c77b458f:192.168.164.208:33769, 57e4e4f3-95e6-4ba3-b7c4-7652bb100830:192.168.164.208:33520], old=null
2019-11-13 20:20:20,637 [pool-519-thread-1] INFO  impl.RaftServerImpl (RaftServerImpl.java:setRole(173)) - 2eae8a0c-14f7-4974-be0f-a72b7694e262@group-26CD4F9A286B: changes role from      null to FOLLOWER at term 0 for startAsFollower
2019-11-13 20:20:20,637 [pool-519-thread-1] INFO  impl.RoleInfo (RoleInfo.java:updateAndGet(143)) - 2eae8a0c-14f7-4974-be0f-a72b7694e262: start FollowerState
2019-11-13 20:20:20,637 [pool-519-thread-1] INFO  util.JmxRegister (JmxRegister.java:tryRegister(44)) - Successfully registered JMX Bean with object name Ratis:service=RaftServer,group=group-26CD4F9A286B,id=2eae8a0c-14f7-4974-be0f-a72b7694e262
2019-11-13 20:20:20,637 [pool-519-thread-1] WARN  impl.MetricRegistriesImpl (MetricRegistriesImpl.java:lambda$create$1(61)) - First MetricRegistry has been created without registering reporters. You may need to call MetricRegistries.global().addReportRegistration(...) before.
2019-11-13 20:20:20,639 [RatisPipelineUtilsThread] INFO  pipeline.PipelineStateManager (PipelineStateManager.java:addPipeline(55)) - Created pipeline Pipeline[ Id: 08ca3fda-70fd-4f2b-a817-26cd4f9a286b, Nodes: b0735163-16b4-4eff-936d-5712c77b458f{ip: 192.168.164.208, host: pr-hdds-2375-t422d-1049308724, networkLocation: /rack1, certSerialId: null}2eae8a0c-14f7-4974-be0f-a72b7694e262{ip: 192.168.164.208, host: pr-hdds-2375-t422d-1049308724, networkLocation: /rack1, certSerialId: null}57e4e4f3-95e6-4ba3-b7c4-7652bb100830{ip: 192.168.164.208, host: pr-hdds-2375-t422d-1049308724, networkLocation: /rack1, certSerialId: null}, Type:RATIS, Factor:THREE, State:ALLOCATED]
2019-11-13 20:20:20,695 [IPC Server handler 2 on 35908] INFO  net.NetworkTopology (NetworkTopologyImpl.java:add(111)) - Added a new node: /rack1/7a884130-6d50-4d25-81cf-a815cb8b077e
2019-11-13 20:20:20,695 [IPC Server handler 2 on 35908] INFO  node.SCMNodeManager (SCMNodeManager.java:register(267)) - Registered Data node : 7a884130-6d50-4d25-81cf-a815cb8b077e{ip: 192.168.164.208, host: pr-hdds-2375-t422d-1049308724, networkLocation: /rack1, certSerialId: null}
2019-11-13 20:20:20,702 [grpc-default-executor-0] INFO  impl.RaftServerProxy (RaftServerProxy.java:addNew(89)) - 7a884130-6d50-4d25-81cf-a815cb8b077e: addNew group-D2C89ED47824:[7a884130-6d50-4d25-81cf-a815cb8b077e:192.168.164.208:33820] returns group-D2C89ED47824:java.util.concurrent.CompletableFuture@6ad335cb[Not completed]
2019-11-13 20:20:20,703 [pool-549-thread-1] INFO  impl.RaftServerImpl (RaftServerImpl.java:<init>(98)) - 7a884130-6d50-4d25-81cf-a815cb8b077e: new RaftServerImpl for group-D2C89ED47824:[7a884130-6d50-4d25-81cf-a815cb8b077e:192.168.164.208:33820] with ContainerStateMachine:uninitialized
2019-11-13 20:20:20,703 [pool-549-thread-1] INFO  server.RaftServerConfigKeys (ConfUtils.java:logGet(43)) - raft.server.rpc.timeout.min = 1s (custom)
2019-11-13 20:20:20,703 [pool-549-thread-1] INFO  server.RaftServerConfigKeys (ConfUtils.java:logGet(43)) - raft.server.rpc.timeout.max = 1200ms (custom)
2019-11-13 20:20:20,703 [pool-549-thread-1] INFO  server.RaftServerConfigKeys (ConfUtils.java:logGet(43)) - raft.server.rpcslowness.timeout = 120s (custom)
2019-11-13 20:20:20,703 [pool-549-thread-1] INFO  server.RaftServerConfigKeys (ConfUtils.java:logGet(43)) - raft.server.sleep.deviation.threshold = 300 (default)
2019-11-13 20:20:20,703 [pool-549-thread-1] INFO  server.RaftServerConfigKeys (ConfUtils.java:logGet(43)) - raft.server.log.appender.install.snapshot.enabled = false (custom)
2019-11-13 20:20:20,703 [pool-549-thread-1] INFO  impl.RaftServerImpl (ServerState.java:<init>(103)) - 7a884130-6d50-4d25-81cf-a815cb8b077e@group-D2C89ED47824: ConfigurationManager, init=-1: [7a884130-6d50-4d25-81cf-a815cb8b077e:192.168.164.208:33820], old=null, confs=<EMPTY_MAP>
2019-11-13 20:20:20,704 [pool-549-thread-1] INFO  server.RaftServerConfigKeys (ConfUtils.java:logGet(43)) - raft.server.storage.dir = [/workdir/hadoop-ozone/integration-test/target/test-dir/MiniOzoneClusterImpl-252be716-c998-406a-83e5-534d363f62a9/datanode-4/data/ratis] (custom)
2019-11-13 20:20:20,704 [pool-549-thread-1] INFO  server.RaftServerConfigKeys (ConfUtils.java:logGet(43)) - raft.server.log.corruption.policy = EXCEPTION (default)
2019-11-13 20:20:20,704 [pool-549-thread-1] INFO  storage.RaftStorageDirectory (RaftStorageDirectory.java:analyzeStorage(246)) - The storage directory /workdir/hadoop-ozone/integration-test/target/test-dir/MiniOzoneClusterImpl-252be716-c998-406a-83e5-534d363f62a9/datanode-4/data/ratis/0dc6bfed-a38b-479e-a99b-d2c89ed47824 does not exist. Creating ...
2019-11-13 20:20:20,716 [pool-549-thread-1] INFO  storage.RaftStorageDirectory (RaftStorageDirectory.java:tryLock(328)) - Lock on /workdir/hadoop-ozone/integration-test/target/test-dir/MiniOzoneClusterImpl-252be716-c998-406a-83e5-534d363f62a9/datanode-4/data/ratis/0dc6bfed-a38b-479e-a99b-d2c89ed47824/in_use.lock acquired by nodename 4344@pr-hdds-2375-t422d-1049308724
2019-11-13 20:20:20,737 [pool-549-thread-1] INFO  storage.RaftStorage (RaftStorage.java:format(84)) - Storage directory /workdir/hadoop-ozone/integration-test/target/test-dir/MiniOzoneClusterImpl-252be716-c998-406a-83e5-534d363f62a9/datanode-4/data/ratis/0dc6bfed-a38b-479e-a99b-d2c89ed47824 has been successfully formatted.
2019-11-13 20:20:20,737 [pool-549-thread-1] INFO  ratis.ContainerStateMachine (ContainerStateMachine.java:loadSnapshot(223)) - group-D2C89ED47824: The snapshot info is null. Setting the last applied indexto:(t:0, i:~)
2019-11-13 20:20:20,737 [pool-549-thread-1] INFO  server.RaftServerConfigKeys (ConfUtils.java:logGet(43)) - raft.server.notification.no-leader.timeout = 120s (custom)
2019-11-13 20:20:20,738 [pool-549-thread-1] INFO  server.RaftServerConfigKeys (ConfUtils.java:logGet(43)) - raft.server.log.use.memory = false (default)
2019-11-13 20:20:20,738 [pool-549-thread-1] INFO  server.RaftServerConfigKeys (ConfUtils.java:logGet(43)) - raft.server.log.purge.gap = 1000000 (custom)
2019-11-13 20:20:20,738 [pool-549-thread-1] INFO  server.RaftServerConfigKeys (ConfUtils.java:logGet(43)) - raft.server.log.appender.buffer.byte-limit = 33554432 (custom)
2019-11-13 20:20:20,738 [pool-549-thread-1] INFO  server.RaftServerConfigKeys (ConfUtils.java:logGet(43)) - raft.server.log.segment.size.max = 1048576 (custom)
2019-11-13 20:20:20,738 [pool-549-thread-1] WARN  impl.MetricRegistriesImpl (MetricRegistriesImpl.java:lambda$create$1(61)) - First MetricRegistry has been created without registering reporters. You may need to call MetricRegistries.global().addReportRegistration(...) before.
2019-11-13 20:20:20,738 [pool-549-thread-1] INFO  server.RaftServerConfigKeys (ConfUtils.java:logGet(43)) - raft.server.log.segment.cache.num.max = 2 (custom)
2019-11-13 20:20:20,738 [pool-549-thread-1] INFO  segmented.SegmentedRaftLogWorker (SegmentedRaftLogWorker.java:<init>(173)) - new 7a884130-6d50-4d25-81cf-a815cb8b077e@group-D2C89ED47824-SegmentedRaftLogWorker for RaftStorage:Storage Directory /workdir/hadoop-ozone/integration-test/target/test-dir/MiniOzoneClusterImpl-252be716-c998-406a-83e5-534d363f62a9/datanode-4/data/ratis/0dc6bfed-a38b-479e-a99b-d2c89ed47824
2019-11-13 20:20:20,738 [pool-549-thread-1] INFO  server.RaftServerConfigKeys (ConfUtils.java:logGet(43)) - raft.server.log.queue.byte-limit = 2147483647 (custom)
2019-11-13 20:20:20,738 [pool-549-thread-1] INFO  server.RaftServerConfigKeys (ConfUtils.java:logGet(43)) - raft.server.log.queue.element-limit = 1024 (custom)
2019-11-13 20:20:20,739 [pool-549-thread-1] INFO  server.RaftServerConfigKeys (ConfUtils.java:logGet(43)) - raft.server.log.segment.size.max = 1048576 (custom)
2019-11-13 20:20:20,739 [pool-549-thread-1] INFO  server.RaftServerConfigKeys (ConfUtils.java:logGet(43)) - raft.server.log.preallocated.size = 16384 (custom)
2019-11-13 20:20:20,739 [pool-549-thread-1] INFO  server.RaftServerConfigKeys (ConfUtils.java:logGet(43)) - raft.server.log.write.buffer.size = 33554432 (custom)
2019-11-13 20:20:20,739 [pool-549-thread-1] INFO  server.RaftServerConfigKeys (ConfUtils.java:logGet(43)) - raft.server.log.force.sync.num = 128 (default)
2019-11-13 20:20:20,739 [pool-549-thread-1] INFO  server.RaftServerConfigKeys (ConfUtils.java:logGet(43)) - raft.server.log.statemachine.data.sync = true (default)
2019-11-13 20:20:20,739 [pool-549-thread-1] INFO  server.RaftServerConfigKeys (ConfUtils.java:logGet(43)) - raft.server.log.statemachine.data.sync.timeout = 10s (default)
2019-11-13 20:20:20,739 [pool-549-thread-1] INFO  server.RaftServerConfigKeys (ConfUtils.java:logGet(43)) - raft.server.log.statemachine.data.sync.timeout.retry = -1 (default)
2019-11-13 20:20:20,739 [pool-549-thread-1] INFO  server.RaftServerConfigKeys (ConfUtils.java:logGet(43)) - raft.server.log.statemachine.data.caching.enabled = true (custom)
2019-11-13 20:20:20,740 [pool-549-thread-1] INFO  segmented.SegmentedRaftLogWorker (SegmentedRaftLogWorker.java:lambda$new$0(128)) - 7a884130-6d50-4d25-81cf-a815cb8b077e@group-D2C89ED47824-SegmentedRaftLogWorker: flushIndex: setUnconditionally 0 -> -1
2019-11-13 20:20:20,740 [pool-549-thread-1] INFO  server.RaftServerConfigKeys (ConfUtils.java:logGet(43)) - raft.server.snapshot.auto.trigger.enabled = true (custom)
2019-11-13 20:20:20,740 [pool-549-thread-1] INFO  server.RaftServerConfigKeys (ConfUtils.java:logGet(43)) - raft.server.snapshot.auto.trigger.threshold = 10000 (custom)
2019-11-13 20:20:20,740 [pool-549-thread-1] INFO  server.RaftServerConfigKeys (ConfUtils.java:logGet(43)) - raft.server.snapshot.retention.file.num = 5 (custom)
2019-11-13 20:20:20,740 [pool-549-thread-1] INFO  server.RaftServerConfigKeys (ConfUtils.java:logGet(43)) - raft.server.retrycache.expirytime = 600000ms (custom)
2019-11-13 20:20:20,740 [pool-549-thread-1] WARN  impl.MetricRegistriesImpl (MetricRegistriesImpl.java:lambda$create$1(61)) - First MetricRegistry has been created without registering reporters. You may need to call MetricRegistries.global().addReportRegistration(...) before.
2019-11-13 20:20:20,740 [pool-549-thread-1] WARN  impl.MetricRegistriesImpl (MetricRegistriesImpl.java:lambda$create$1(61)) - First MetricRegistry has been created without registering reporters. You may need to call MetricRegistries.global().addReportRegistration(...) before.
2019-11-13 20:20:20,741 [pool-549-thread-1] INFO  impl.RaftServerImpl (RaftServerImpl.java:start(184)) - 7a884130-6d50-4d25-81cf-a815cb8b077e@group-D2C89ED47824: start as a follower, conf=-1: [7a884130-6d50-4d25-81cf-a815cb8b077e:192.168.164.208:33820], old=null
2019-11-13 20:20:20,741 [pool-549-thread-1] INFO  impl.RaftServerImpl (RaftServerImpl.java:setRole(173)) - 7a884130-6d50-4d25-81cf-a815cb8b077e@group-D2C89ED47824: changes role from      null to FOLLOWER at term 0 for startAsFollower
2019-11-13 20:20:20,741 [pool-549-thread-1] INFO  impl.RoleInfo (RoleInfo.java:updateAndGet(143)) - 7a884130-6d50-4d25-81cf-a815cb8b077e: start FollowerState
2019-11-13 20:20:20,741 [pool-549-thread-1] INFO  util.JmxRegister (JmxRegister.java:tryRegister(44)) - Successfully registered JMX Bean with object name Ratis:service=RaftServer,group=group-D2C89ED47824,id=7a884130-6d50-4d25-81cf-a815cb8b077e
2019-11-13 20:20:20,741 [pool-549-thread-1] WARN  impl.MetricRegistriesImpl (MetricRegistriesImpl.java:lambda$create$1(61)) - First MetricRegistry has been created without registering reporters. You may need to call MetricRegistries.global().addReportRegistration(...) before.
2019-11-13 20:20:20,743 [RatisPipelineUtilsThread] INFO  pipeline.PipelineStateManager (PipelineStateManager.java:addPipeline(55)) - Created pipeline Pipeline[ Id: 0dc6bfed-a38b-479e-a99b-d2c89ed47824, Nodes: 7a884130-6d50-4d25-81cf-a815cb8b077e{ip: 192.168.164.208, host: pr-hdds-2375-t422d-1049308724, networkLocation: /rack1, certSerialId: null}, Type:RATIS, Factor:ONE, State:ALLOCATED]
2019-11-13 20:20:20,750 [grpc-default-executor-0] INFO  impl.RaftServerProxy (RaftServerProxy.java:addNew(89)) - f80e2e38-60f5-4e79-8b9a-ced9a5a7a91b: addNew group-1D0EC9C867F3:[f80e2e38-60f5-4e79-8b9a-ced9a5a7a91b:192.168.164.208:39508] returns group-1D0EC9C867F3:java.util.concurrent.CompletableFuture@65364aed[Not completed]
2019-11-13 20:20:20,751 [pool-539-thread-1] INFO  impl.RaftServerImpl (RaftServerImpl.java:<init>(98)) - f80e2e38-60f5-4e79-8b9a-ced9a5a7a91b: new RaftServerImpl for group-1D0EC9C867F3:[f80e2e38-60f5-4e79-8b9a-ced9a5a7a91b:192.168.164.208:39508] with ContainerStateMachine:uninitialized
2019-11-13 20:20:20,751 [pool-539-thread-1] INFO  server.RaftServerConfigKeys (ConfUtils.java:logGet(43)) - raft.server.rpc.timeout.min = 1s (custom)
2019-11-13 20:20:20,751 [pool-539-thread-1] INFO  server.RaftServerConfigKeys (ConfUtils.java:logGet(43)) - raft.server.rpc.timeout.max = 1200ms (custom)
2019-11-13 20:20:20,751 [pool-539-thread-1] INFO  server.RaftServerConfigKeys (ConfUtils.java:logGet(43)) - raft.server.rpcslowness.timeout = 120s (custom)
2019-11-13 20:20:20,751 [pool-539-thread-1] INFO  server.RaftServerConfigKeys (ConfUtils.java:logGet(43)) - raft.server.sleep.deviation.threshold = 300 (default)
2019-11-13 20:20:20,751 [pool-539-thread-1] INFO  server.RaftServerConfigKeys (ConfUtils.java:logGet(43)) - raft.server.log.appender.install.snapshot.enabled = false (custom)
2019-11-13 20:20:20,751 [pool-539-thread-1] INFO  impl.RaftServerImpl (ServerState.java:<init>(103)) - f80e2e38-60f5-4e79-8b9a-ced9a5a7a91b@group-1D0EC9C867F3: ConfigurationManager, init=-1: [f80e2e38-60f5-4e79-8b9a-ced9a5a7a91b:192.168.164.208:39508], old=null, confs=<EMPTY_MAP>
2019-11-13 20:20:20,751 [pool-539-thread-1] INFO  server.RaftServerConfigKeys (ConfUtils.java:logGet(43)) - raft.server.storage.dir = [/workdir/hadoop-ozone/integration-test/target/test-dir/MiniOzoneClusterImpl-252be716-c998-406a-83e5-534d363f62a9/datanode-3/data/ratis] (custom)
2019-11-13 20:20:20,752 [pool-539-thread-1] INFO  server.RaftServerConfigKeys (ConfUtils.java:logGet(43)) - raft.server.log.corruption.policy = EXCEPTION (default)
2019-11-13 20:20:20,752 [pool-539-thread-1] INFO  storage.RaftStorageDirectory (RaftStorageDirectory.java:analyzeStorage(246)) - The storage directory /workdir/hadoop-ozone/integration-test/target/test-dir/MiniOzoneClusterImpl-252be716-c998-406a-83e5-534d363f62a9/datanode-3/data/ratis/49d1063d-bfe7-464c-b918-1d0ec9c867f3 does not exist. Creating ...
2019-11-13 20:20:20,764 [pool-539-thread-1] INFO  storage.RaftStorageDirectory (RaftStorageDirectory.java:tryLock(328)) - Lock on /workdir/hadoop-ozone/integration-test/target/test-dir/MiniOzoneClusterImpl-252be716-c998-406a-83e5-534d363f62a9/datanode-3/data/ratis/49d1063d-bfe7-464c-b918-1d0ec9c867f3/in_use.lock acquired by nodename 4344@pr-hdds-2375-t422d-1049308724
2019-11-13 20:20:20,770 [IPC Server handler 1 on 35908] INFO  net.NetworkTopology (NetworkTopologyImpl.java:add(111)) - Added a new node: /rack1/dc33d614-f8fc-4160-b742-6654ea8e560b
2019-11-13 20:20:20,770 [IPC Server handler 1 on 35908] INFO  node.SCMNodeManager (SCMNodeManager.java:register(267)) - Registered Data node : dc33d614-f8fc-4160-b742-6654ea8e560b{ip: 192.168.164.208, host: pr-hdds-2375-t422d-1049308724, networkLocation: /rack1, certSerialId: null}
2019-11-13 20:20:20,777 [pool-539-thread-1] INFO  storage.RaftStorage (RaftStorage.java:format(84)) - Storage directory /workdir/hadoop-ozone/integration-test/target/test-dir/MiniOzoneClusterImpl-252be716-c998-406a-83e5-534d363f62a9/datanode-3/data/ratis/49d1063d-bfe7-464c-b918-1d0ec9c867f3 has been successfully formatted.
2019-11-13 20:20:20,777 [pool-539-thread-1] INFO  ratis.ContainerStateMachine (ContainerStateMachine.java:loadSnapshot(223)) - group-1D0EC9C867F3: The snapshot info is null. Setting the last applied indexto:(t:0, i:~)
2019-11-13 20:20:20,777 [pool-539-thread-1] INFO  server.RaftServerConfigKeys (ConfUtils.java:logGet(43)) - raft.server.notification.no-leader.timeout = 120s (custom)
2019-11-13 20:20:20,777 [pool-539-thread-1] INFO  server.RaftServerConfigKeys (ConfUtils.java:logGet(43)) - raft.server.log.use.memory = false (default)
2019-11-13 20:20:20,777 [pool-539-thread-1] INFO  server.RaftServerConfigKeys (ConfUtils.java:logGet(43)) - raft.server.log.purge.gap = 1000000 (custom)
2019-11-13 20:20:20,777 [pool-539-thread-1] INFO  server.RaftServerConfigKeys (ConfUtils.java:logGet(43)) - raft.server.log.appender.buffer.byte-limit = 33554432 (custom)
2019-11-13 20:20:20,778 [pool-539-thread-1] INFO  server.RaftServerConfigKeys (ConfUtils.java:logGet(43)) - raft.server.log.segment.size.max = 1048576 (custom)
2019-11-13 20:20:20,778 [pool-539-thread-1] WARN  impl.MetricRegistriesImpl (MetricRegistriesImpl.java:lambda$create$1(61)) - First MetricRegistry has been created without registering reporters. You may need to call MetricRegistries.global().addReportRegistration(...) before.
2019-11-13 20:20:20,778 [pool-539-thread-1] INFO  server.RaftServerConfigKeys (ConfUtils.java:logGet(43)) - raft.server.log.segment.cache.num.max = 2 (custom)
2019-11-13 20:20:20,778 [pool-539-thread-1] INFO  segmented.SegmentedRaftLogWorker (SegmentedRaftLogWorker.java:<init>(173)) - new f80e2e38-60f5-4e79-8b9a-ced9a5a7a91b@group-1D0EC9C867F3-SegmentedRaftLogWorker for RaftStorage:Storage Directory /workdir/hadoop-ozone/integration-test/target/test-dir/MiniOzoneClusterImpl-252be716-c998-406a-83e5-534d363f62a9/datanode-3/data/ratis/49d1063d-bfe7-464c-b918-1d0ec9c867f3
2019-11-13 20:20:20,778 [pool-539-thread-1] INFO  server.RaftServerConfigKeys (ConfUtils.java:logGet(43)) - raft.server.log.queue.byte-limit = 2147483647 (custom)
2019-11-13 20:20:20,778 [pool-539-thread-1] INFO  server.RaftServerConfigKeys (ConfUtils.java:logGet(43)) - raft.server.log.queue.element-limit = 1024 (custom)
2019-11-13 20:20:20,778 [pool-539-thread-1] INFO  server.RaftServerConfigKeys (ConfUtils.java:logGet(43)) - raft.server.log.segment.size.max = 1048576 (custom)
2019-11-13 20:20:20,778 [pool-539-thread-1] INFO  server.RaftServerConfigKeys (ConfUtils.java:logGet(43)) - raft.server.log.preallocated.size = 16384 (custom)
2019-11-13 20:20:20,778 [pool-539-thread-1] INFO  server.RaftServerConfigKeys (ConfUtils.java:logGet(43)) - raft.server.log.write.buffer.size = 33554432 (custom)
2019-11-13 20:20:20,778 [pool-539-thread-1] INFO  server.RaftServerConfigKeys (ConfUtils.java:logGet(43)) - raft.server.log.force.sync.num = 128 (default)
2019-11-13 20:20:20,778 [pool-539-thread-1] INFO  server.RaftServerConfigKeys (ConfUtils.java:logGet(43)) - raft.server.log.statemachine.data.sync = true (default)
2019-11-13 20:20:20,779 [pool-539-thread-1] INFO  server.RaftServerConfigKeys (ConfUtils.java:logGet(43)) - raft.server.log.statemachine.data.sync.timeout = 10s (default)
2019-11-13 20:20:20,779 [pool-539-thread-1] INFO  server.RaftServerConfigKeys (ConfUtils.java:logGet(43)) - raft.server.log.statemachine.data.sync.timeout.retry = -1 (default)
2019-11-13 20:20:20,779 [pool-539-thread-1] INFO  server.RaftServerConfigKeys (ConfUtils.java:logGet(43)) - raft.server.log.statemachine.data.caching.enabled = true (custom)
2019-11-13 20:20:20,779 [pool-539-thread-1] INFO  segmented.SegmentedRaftLogWorker (SegmentedRaftLogWorker.java:lambda$new$0(128)) - f80e2e38-60f5-4e79-8b9a-ced9a5a7a91b@group-1D0EC9C867F3-SegmentedRaftLogWorker: flushIndex: setUnconditionally 0 -> -1
2019-11-13 20:20:20,779 [pool-539-thread-1] INFO  server.RaftServerConfigKeys (ConfUtils.java:logGet(43)) - raft.server.snapshot.auto.trigger.enabled = true (custom)
2019-11-13 20:20:20,779 [pool-539-thread-1] INFO  server.RaftServerConfigKeys (ConfUtils.java:logGet(43)) - raft.server.snapshot.auto.trigger.threshold = 10000 (custom)
2019-11-13 20:20:20,780 [pool-539-thread-1] INFO  server.RaftServerConfigKeys (ConfUtils.java:logGet(43)) - raft.server.snapshot.retention.file.num = 5 (custom)
2019-11-13 20:20:20,780 [pool-539-thread-1] INFO  server.RaftServerConfigKeys (ConfUtils.java:logGet(43)) - raft.server.retrycache.expirytime = 600000ms (custom)
2019-11-13 20:20:20,780 [pool-539-thread-1] WARN  impl.MetricRegistriesImpl (MetricRegistriesImpl.java:lambda$create$1(61)) - First MetricRegistry has been created without registering reporters. You may need to call MetricRegistries.global().addReportRegistration(...) before.
2019-11-13 20:20:20,780 [pool-539-thread-1] WARN  impl.MetricRegistriesImpl (MetricRegistriesImpl.java:lambda$create$1(61)) - First MetricRegistry has been created without registering reporters. You may need to call MetricRegistries.global().addReportRegistration(...) before.
2019-11-13 20:20:20,780 [pool-539-thread-1] INFO  impl.RaftServerImpl (RaftServerImpl.java:start(184)) - f80e2e38-60f5-4e79-8b9a-ced9a5a7a91b@group-1D0EC9C867F3: start as a follower, conf=-1: [f80e2e38-60f5-4e79-8b9a-ced9a5a7a91b:192.168.164.208:39508], old=null
2019-11-13 20:20:20,780 [pool-539-thread-1] INFO  impl.RaftServerImpl (RaftServerImpl.java:setRole(173)) - f80e2e38-60f5-4e79-8b9a-ced9a5a7a91b@group-1D0EC9C867F3: changes role from      null to FOLLOWER at term 0 for startAsFollower
2019-11-13 20:20:20,780 [pool-539-thread-1] INFO  impl.RoleInfo (RoleInfo.java:updateAndGet(143)) - f80e2e38-60f5-4e79-8b9a-ced9a5a7a91b: start FollowerState
2019-11-13 20:20:20,781 [pool-539-thread-1] INFO  util.JmxRegister (JmxRegister.java:tryRegister(44)) - Successfully registered JMX Bean with object name Ratis:service=RaftServer,group=group-1D0EC9C867F3,id=f80e2e38-60f5-4e79-8b9a-ced9a5a7a91b
2019-11-13 20:20:20,781 [pool-539-thread-1] WARN  impl.MetricRegistriesImpl (MetricRegistriesImpl.java:lambda$create$1(61)) - First MetricRegistry has been created without registering reporters. You may need to call MetricRegistries.global().addReportRegistration(...) before.
2019-11-13 20:20:20,783 [RatisPipelineUtilsThread] INFO  pipeline.PipelineStateManager (PipelineStateManager.java:addPipeline(55)) - Created pipeline Pipeline[ Id: 49d1063d-bfe7-464c-b918-1d0ec9c867f3, Nodes: f80e2e38-60f5-4e79-8b9a-ced9a5a7a91b{ip: 192.168.164.208, host: pr-hdds-2375-t422d-1049308724, networkLocation: /rack1, certSerialId: null}, Type:RATIS, Factor:ONE, State:ALLOCATED]
2019-11-13 20:20:20,789 [grpc-default-executor-0] INFO  impl.RaftServerProxy (RaftServerProxy.java:addNew(89)) - dc33d614-f8fc-4160-b742-6654ea8e560b: addNew group-D0AFEC7FD2FE:[dc33d614-f8fc-4160-b742-6654ea8e560b:192.168.164.208:36418] returns group-D0AFEC7FD2FE:java.util.concurrent.CompletableFuture@7d5a6820[Not completed]
2019-11-13 20:20:20,790 [pool-559-thread-1] INFO  impl.RaftServerImpl (RaftServerImpl.java:<init>(98)) - dc33d614-f8fc-4160-b742-6654ea8e560b: new RaftServerImpl for group-D0AFEC7FD2FE:[dc33d614-f8fc-4160-b742-6654ea8e560b:192.168.164.208:36418] with ContainerStateMachine:uninitialized
2019-11-13 20:20:20,790 [pool-559-thread-1] INFO  server.RaftServerConfigKeys (ConfUtils.java:logGet(43)) - raft.server.rpc.timeout.min = 1s (custom)
2019-11-13 20:20:20,790 [pool-559-thread-1] INFO  server.RaftServerConfigKeys (ConfUtils.java:logGet(43)) - raft.server.rpc.timeout.max = 1200ms (custom)
2019-11-13 20:20:20,790 [pool-559-thread-1] INFO  server.RaftServerConfigKeys (ConfUtils.java:logGet(43)) - raft.server.rpcslowness.timeout = 120s (custom)
2019-11-13 20:20:20,790 [pool-559-thread-1] INFO  server.RaftServerConfigKeys (ConfUtils.java:logGet(43)) - raft.server.sleep.deviation.threshold = 300 (default)
2019-11-13 20:20:20,790 [pool-559-thread-1] INFO  server.RaftServerConfigKeys (ConfUtils.java:logGet(43)) - raft.server.log.appender.install.snapshot.enabled = false (custom)
2019-11-13 20:20:20,790 [pool-559-thread-1] INFO  impl.RaftServerImpl (ServerState.java:<init>(103)) - dc33d614-f8fc-4160-b742-6654ea8e560b@group-D0AFEC7FD2FE: ConfigurationManager, init=-1: [dc33d614-f8fc-4160-b742-6654ea8e560b:192.168.164.208:36418], old=null, confs=<EMPTY_MAP>
2019-11-13 20:20:20,790 [pool-559-thread-1] INFO  server.RaftServerConfigKeys (ConfUtils.java:logGet(43)) - raft.server.storage.dir = [/workdir/hadoop-ozone/integration-test/target/test-dir/MiniOzoneClusterImpl-252be716-c998-406a-83e5-534d363f62a9/datanode-5/data/ratis] (custom)
2019-11-13 20:20:20,790 [pool-559-thread-1] INFO  server.RaftServerConfigKeys (ConfUtils.java:logGet(43)) - raft.server.log.corruption.policy = EXCEPTION (default)
2019-11-13 20:20:20,791 [pool-559-thread-1] INFO  storage.RaftStorageDirectory (RaftStorageDirectory.java:analyzeStorage(246)) - The storage directory /workdir/hadoop-ozone/integration-test/target/test-dir/MiniOzoneClusterImpl-252be716-c998-406a-83e5-534d363f62a9/datanode-5/data/ratis/083995ba-1271-45e4-9159-d0afec7fd2fe does not exist. Creating ...
2019-11-13 20:20:20,803 [pool-559-thread-1] INFO  storage.RaftStorageDirectory (RaftStorageDirectory.java:tryLock(328)) - Lock on /workdir/hadoop-ozone/integration-test/target/test-dir/MiniOzoneClusterImpl-252be716-c998-406a-83e5-534d363f62a9/datanode-5/data/ratis/083995ba-1271-45e4-9159-d0afec7fd2fe/in_use.lock acquired by nodename 4344@pr-hdds-2375-t422d-1049308724
2019-11-13 20:20:20,816 [pool-559-thread-1] INFO  storage.RaftStorage (RaftStorage.java:format(84)) - Storage directory /workdir/hadoop-ozone/integration-test/target/test-dir/MiniOzoneClusterImpl-252be716-c998-406a-83e5-534d363f62a9/datanode-5/data/ratis/083995ba-1271-45e4-9159-d0afec7fd2fe has been successfully formatted.
2019-11-13 20:20:20,817 [pool-559-thread-1] INFO  ratis.ContainerStateMachine (ContainerStateMachine.java:loadSnapshot(223)) - group-D0AFEC7FD2FE: The snapshot info is null. Setting the last applied indexto:(t:0, i:~)
2019-11-13 20:20:20,817 [pool-559-thread-1] INFO  server.RaftServerConfigKeys (ConfUtils.java:logGet(43)) - raft.server.notification.no-leader.timeout = 120s (custom)
2019-11-13 20:20:20,817 [pool-559-thread-1] INFO  server.RaftServerConfigKeys (ConfUtils.java:logGet(43)) - raft.server.log.use.memory = false (default)
2019-11-13 20:20:20,817 [pool-559-thread-1] INFO  server.RaftServerConfigKeys (ConfUtils.java:logGet(43)) - raft.server.log.purge.gap = 1000000 (custom)
2019-11-13 20:20:20,817 [pool-559-thread-1] INFO  server.RaftServerConfigKeys (ConfUtils.java:logGet(43)) - raft.server.log.appender.buffer.byte-limit = 33554432 (custom)
2019-11-13 20:20:20,817 [pool-559-thread-1] INFO  server.RaftServerConfigKeys (ConfUtils.java:logGet(43)) - raft.server.log.segment.size.max = 1048576 (custom)
2019-11-13 20:20:20,817 [pool-559-thread-1] WARN  impl.MetricRegistriesImpl (MetricRegistriesImpl.java:lambda$create$1(61)) - First MetricRegistry has been created without registering reporters. You may need to call MetricRegistries.global().addReportRegistration(...) before.
2019-11-13 20:20:20,817 [pool-559-thread-1] INFO  server.RaftServerConfigKeys (ConfUtils.java:logGet(43)) - raft.server.log.segment.cache.num.max = 2 (custom)
2019-11-13 20:20:20,818 [pool-559-thread-1] INFO  segmented.SegmentedRaftLogWorker (SegmentedRaftLogWorker.java:<init>(173)) - new dc33d614-f8fc-4160-b742-6654ea8e560b@group-D0AFEC7FD2FE-SegmentedRaftLogWorker for RaftStorage:Storage Directory /workdir/hadoop-ozone/integration-test/target/test-dir/MiniOzoneClusterImpl-252be716-c998-406a-83e5-534d363f62a9/datanode-5/data/ratis/083995ba-1271-45e4-9159-d0afec7fd2fe
2019-11-13 20:20:20,818 [pool-559-thread-1] INFO  server.RaftServerConfigKeys (ConfUtils.java:logGet(43)) - raft.server.log.queue.byte-limit = 2147483647 (custom)
2019-11-13 20:20:20,818 [pool-559-thread-1] INFO  server.RaftServerConfigKeys (ConfUtils.java:logGet(43)) - raft.server.log.queue.element-limit = 1024 (custom)
2019-11-13 20:20:20,818 [pool-559-thread-1] INFO  server.RaftServerConfigKeys (ConfUtils.java:logGet(43)) - raft.server.log.segment.size.max = 1048576 (custom)
2019-11-13 20:20:20,818 [pool-559-thread-1] INFO  server.RaftServerConfigKeys (ConfUtils.java:logGet(43)) - raft.server.log.preallocated.size = 16384 (custom)
2019-11-13 20:20:20,818 [pool-559-thread-1] INFO  server.RaftServerConfigKeys (ConfUtils.java:logGet(43)) - raft.server.log.write.buffer.size = 33554432 (custom)
2019-11-13 20:20:20,818 [pool-559-thread-1] INFO  server.RaftServerConfigKeys (ConfUtils.java:logGet(43)) - raft.server.log.force.sync.num = 128 (default)
2019-11-13 20:20:20,818 [pool-559-thread-1] INFO  server.RaftServerConfigKeys (ConfUtils.java:logGet(43)) - raft.server.log.statemachine.data.sync = true (default)
2019-11-13 20:20:20,818 [pool-559-thread-1] INFO  server.RaftServerConfigKeys (ConfUtils.java:logGet(43)) - raft.server.log.statemachine.data.sync.timeout = 10s (default)
2019-11-13 20:20:20,818 [pool-559-thread-1] INFO  server.RaftServerConfigKeys (ConfUtils.java:logGet(43)) - raft.server.log.statemachine.data.sync.timeout.retry = -1 (default)
2019-11-13 20:20:20,819 [pool-559-thread-1] INFO  server.RaftServerConfigKeys (ConfUtils.java:logGet(43)) - raft.server.log.statemachine.data.caching.enabled = true (custom)
2019-11-13 20:20:20,819 [pool-559-thread-1] INFO  segmented.SegmentedRaftLogWorker (SegmentedRaftLogWorker.java:lambda$new$0(128)) - dc33d614-f8fc-4160-b742-6654ea8e560b@group-D0AFEC7FD2FE-SegmentedRaftLogWorker: flushIndex: setUnconditionally 0 -> -1
2019-11-13 20:20:20,819 [pool-559-thread-1] INFO  server.RaftServerConfigKeys (ConfUtils.java:logGet(43)) - raft.server.snapshot.auto.trigger.enabled = true (custom)
2019-11-13 20:20:20,819 [pool-559-thread-1] INFO  server.RaftServerConfigKeys (ConfUtils.java:logGet(43)) - raft.server.snapshot.auto.trigger.threshold = 10000 (custom)
2019-11-13 20:20:20,819 [pool-559-thread-1] INFO  server.RaftServerConfigKeys (ConfUtils.java:logGet(43)) - raft.server.snapshot.retention.file.num = 5 (custom)
2019-11-13 20:20:20,820 [pool-559-thread-1] INFO  server.RaftServerConfigKeys (ConfUtils.java:logGet(43)) - raft.server.retrycache.expirytime = 600000ms (custom)
2019-11-13 20:20:20,820 [pool-559-thread-1] WARN  impl.MetricRegistriesImpl (MetricRegistriesImpl.java:lambda$create$1(61)) - First MetricRegistry has been created without registering reporters. You may need to call MetricRegistries.global().addReportRegistration(...) before.
2019-11-13 20:20:20,820 [pool-559-thread-1] WARN  impl.MetricRegistriesImpl (MetricRegistriesImpl.java:lambda$create$1(61)) - First MetricRegistry has been created without registering reporters. You may need to call MetricRegistries.global().addReportRegistration(...) before.
2019-11-13 20:20:20,820 [pool-559-thread-1] INFO  impl.RaftServerImpl (RaftServerImpl.java:start(184)) - dc33d614-f8fc-4160-b742-6654ea8e560b@group-D0AFEC7FD2FE: start as a follower, conf=-1: [dc33d614-f8fc-4160-b742-6654ea8e560b:192.168.164.208:36418], old=null
2019-11-13 20:20:20,820 [pool-559-thread-1] INFO  impl.RaftServerImpl (RaftServerImpl.java:setRole(173)) - dc33d614-f8fc-4160-b742-6654ea8e560b@group-D0AFEC7FD2FE: changes role from      null to FOLLOWER at term 0 for startAsFollower
2019-11-13 20:20:20,820 [pool-559-thread-1] INFO  impl.RoleInfo (RoleInfo.java:updateAndGet(143)) - dc33d614-f8fc-4160-b742-6654ea8e560b: start FollowerState
2019-11-13 20:20:20,821 [pool-559-thread-1] INFO  util.JmxRegister (JmxRegister.java:tryRegister(44)) - Successfully registered JMX Bean with object name Ratis:service=RaftServer,group=group-D0AFEC7FD2FE,id=dc33d614-f8fc-4160-b742-6654ea8e560b
2019-11-13 20:20:20,821 [pool-559-thread-1] WARN  impl.MetricRegistriesImpl (MetricRegistriesImpl.java:lambda$create$1(61)) - First MetricRegistry has been created without registering reporters. You may need to call MetricRegistries.global().addReportRegistration(...) before.
2019-11-13 20:20:20,823 [RatisPipelineUtilsThread] INFO  pipeline.PipelineStateManager (PipelineStateManager.java:addPipeline(55)) - Created pipeline Pipeline[ Id: 083995ba-1271-45e4-9159-d0afec7fd2fe, Nodes: dc33d614-f8fc-4160-b742-6654ea8e560b{ip: 192.168.164.208, host: pr-hdds-2375-t422d-1049308724, networkLocation: /rack1, certSerialId: null}, Type:RATIS, Factor:ONE, State:ALLOCATED]
2019-11-13 20:20:20,835 [grpc-default-executor-0] INFO  impl.RaftServerProxy (RaftServerProxy.java:addNew(89)) - f80e2e38-60f5-4e79-8b9a-ced9a5a7a91b: addNew group-66711409C4AC:[7a884130-6d50-4d25-81cf-a815cb8b077e:192.168.164.208:33820, dc33d614-f8fc-4160-b742-6654ea8e560b:192.168.164.208:36418, f80e2e38-60f5-4e79-8b9a-ced9a5a7a91b:192.168.164.208:39508] returns group-66711409C4AC:java.util.concurrent.CompletableFuture@7e3700ca[Not completed]
2019-11-13 20:20:20,835 [grpc-default-executor-6] INFO  impl.RaftServerProxy (RaftServerProxy.java:addNew(89)) - 7a884130-6d50-4d25-81cf-a815cb8b077e: addNew group-66711409C4AC:[7a884130-6d50-4d25-81cf-a815cb8b077e:192.168.164.208:33820, dc33d614-f8fc-4160-b742-6654ea8e560b:192.168.164.208:36418, f80e2e38-60f5-4e79-8b9a-ced9a5a7a91b:192.168.164.208:39508] returns group-66711409C4AC:java.util.concurrent.CompletableFuture@62247b3c[Not completed]
2019-11-13 20:20:20,835 [grpc-default-executor-5] INFO  impl.RaftServerProxy (RaftServerProxy.java:addNew(89)) - dc33d614-f8fc-4160-b742-6654ea8e560b: addNew group-66711409C4AC:[7a884130-6d50-4d25-81cf-a815cb8b077e:192.168.164.208:33820, dc33d614-f8fc-4160-b742-6654ea8e560b:192.168.164.208:36418, f80e2e38-60f5-4e79-8b9a-ced9a5a7a91b:192.168.164.208:39508] returns group-66711409C4AC:java.util.concurrent.CompletableFuture@6ac51064[Not completed]
2019-11-13 20:20:20,836 [pool-549-thread-1] INFO  impl.RaftServerImpl (RaftServerImpl.java:<init>(98)) - 7a884130-6d50-4d25-81cf-a815cb8b077e: new RaftServerImpl for group-66711409C4AC:[7a884130-6d50-4d25-81cf-a815cb8b077e:192.168.164.208:33820, dc33d614-f8fc-4160-b742-6654ea8e560b:192.168.164.208:36418, f80e2e38-60f5-4e79-8b9a-ced9a5a7a91b:192.168.164.208:39508] with ContainerStateMachine:uninitialized
2019-11-13 20:20:20,836 [pool-549-thread-1] INFO  server.RaftServerConfigKeys (ConfUtils.java:logGet(43)) - raft.server.rpc.timeout.min = 1s (custom)
2019-11-13 20:20:20,836 [pool-549-thread-1] INFO  server.RaftServerConfigKeys (ConfUtils.java:logGet(43)) - raft.server.rpc.timeout.max = 1200ms (custom)
2019-11-13 20:20:20,836 [pool-549-thread-1] INFO  server.RaftServerConfigKeys (ConfUtils.java:logGet(43)) - raft.server.rpcslowness.timeout = 120s (custom)
2019-11-13 20:20:20,836 [pool-549-thread-1] INFO  server.RaftServerConfigKeys (ConfUtils.java:logGet(43)) - raft.server.sleep.deviation.threshold = 300 (default)
2019-11-13 20:20:20,836 [pool-549-thread-1] INFO  server.RaftServerConfigKeys (ConfUtils.java:logGet(43)) - raft.server.log.appender.install.snapshot.enabled = false (custom)
2019-11-13 20:20:20,837 [pool-559-thread-1] INFO  impl.RaftServerImpl (RaftServerImpl.java:<init>(98)) - dc33d614-f8fc-4160-b742-6654ea8e560b: new RaftServerImpl for group-66711409C4AC:[7a884130-6d50-4d25-81cf-a815cb8b077e:192.168.164.208:33820, dc33d614-f8fc-4160-b742-6654ea8e560b:192.168.164.208:36418, f80e2e38-60f5-4e79-8b9a-ced9a5a7a91b:192.168.164.208:39508] with ContainerStateMachine:uninitialized
2019-11-13 20:20:20,837 [pool-549-thread-1] INFO  impl.RaftServerImpl (ServerState.java:<init>(103)) - 7a884130-6d50-4d25-81cf-a815cb8b077e@group-66711409C4AC: ConfigurationManager, init=-1: [7a884130-6d50-4d25-81cf-a815cb8b077e:192.168.164.208:33820, dc33d614-f8fc-4160-b742-6654ea8e560b:192.168.164.208:36418, f80e2e38-60f5-4e79-8b9a-ced9a5a7a91b:192.168.164.208:39508], old=null, confs=<EMPTY_MAP>
2019-11-13 20:20:20,837 [pool-559-thread-1] INFO  server.RaftServerConfigKeys (ConfUtils.java:logGet(43)) - raft.server.rpc.timeout.min = 1s (custom)
2019-11-13 20:20:20,837 [pool-549-thread-1] INFO  server.RaftServerConfigKeys (ConfUtils.java:logGet(43)) - raft.server.storage.dir = [/workdir/hadoop-ozone/integration-test/target/test-dir/MiniOzoneClusterImpl-252be716-c998-406a-83e5-534d363f62a9/datanode-4/data/ratis] (custom)
2019-11-13 20:20:20,837 [pool-539-thread-1] INFO  impl.RaftServerImpl (RaftServerImpl.java:<init>(98)) - f80e2e38-60f5-4e79-8b9a-ced9a5a7a91b: new RaftServerImpl for group-66711409C4AC:[7a884130-6d50-4d25-81cf-a815cb8b077e:192.168.164.208:33820, dc33d614-f8fc-4160-b742-6654ea8e560b:192.168.164.208:36418, f80e2e38-60f5-4e79-8b9a-ced9a5a7a91b:192.168.164.208:39508] with ContainerStateMachine:uninitialized
2019-11-13 20:20:20,837 [pool-559-thread-1] INFO  server.RaftServerConfigKeys (ConfUtils.java:logGet(43)) - raft.server.rpc.timeout.max = 1200ms (custom)
2019-11-13 20:20:20,837 [pool-549-thread-1] INFO  server.RaftServerConfigKeys (ConfUtils.java:logGet(43)) - raft.server.log.corruption.policy = EXCEPTION (default)
2019-11-13 20:20:20,837 [pool-539-thread-1] INFO  server.RaftServerConfigKeys (ConfUtils.java:logGet(43)) - raft.server.rpc.timeout.min = 1s (custom)
2019-11-13 20:20:20,837 [pool-559-thread-1] INFO  server.RaftServerConfigKeys (ConfUtils.java:logGet(43)) - raft.server.rpcslowness.timeout = 120s (custom)
2019-11-13 20:20:20,838 [pool-549-thread-1] INFO  storage.RaftStorageDirectory (RaftStorageDirectory.java:analyzeStorage(246)) - The storage directory /workdir/hadoop-ozone/integration-test/target/test-dir/MiniOzoneClusterImpl-252be716-c998-406a-83e5-534d363f62a9/datanode-4/data/ratis/187bc42e-6361-4c31-99a1-66711409c4ac does not exist. Creating ...
2019-11-13 20:20:20,837 [pool-539-thread-1] INFO  server.RaftServerConfigKeys (ConfUtils.java:logGet(43)) - raft.server.rpc.timeout.max = 1200ms (custom)
2019-11-13 20:20:20,838 [pool-559-thread-1] INFO  server.RaftServerConfigKeys (ConfUtils.java:logGet(43)) - raft.server.sleep.deviation.threshold = 300 (default)
2019-11-13 20:20:20,838 [pool-539-thread-1] INFO  server.RaftServerConfigKeys (ConfUtils.java:logGet(43)) - raft.server.rpcslowness.timeout = 120s (custom)
2019-11-13 20:20:20,838 [pool-559-thread-1] INFO  server.RaftServerConfigKeys (ConfUtils.java:logGet(43)) - raft.server.log.appender.install.snapshot.enabled = false (custom)
2019-11-13 20:20:20,838 [pool-539-thread-1] INFO  server.RaftServerConfigKeys (ConfUtils.java:logGet(43)) - raft.server.sleep.deviation.threshold = 300 (default)
2019-11-13 20:20:20,838 [pool-559-thread-1] INFO  impl.RaftServerImpl (ServerState.java:<init>(103)) - dc33d614-f8fc-4160-b742-6654ea8e560b@group-66711409C4AC: ConfigurationManager, init=-1: [7a884130-6d50-4d25-81cf-a815cb8b077e:192.168.164.208:33820, dc33d614-f8fc-4160-b742-6654ea8e560b:192.168.164.208:36418, f80e2e38-60f5-4e79-8b9a-ced9a5a7a91b:192.168.164.208:39508], old=null, confs=<EMPTY_MAP>
2019-11-13 20:20:20,838 [pool-539-thread-1] INFO  server.RaftServerConfigKeys (ConfUtils.java:logGet(43)) - raft.server.log.appender.install.snapshot.enabled = false (custom)
2019-11-13 20:20:20,838 [pool-559-thread-1] INFO  server.RaftServerConfigKeys (ConfUtils.java:logGet(43)) - raft.server.storage.dir = [/workdir/hadoop-ozone/integration-test/target/test-dir/MiniOzoneClusterImpl-252be716-c998-406a-83e5-534d363f62a9/datanode-5/data/ratis] (custom)
2019-11-13 20:20:20,838 [pool-539-thread-1] INFO  impl.RaftServerImpl (ServerState.java:<init>(103)) - f80e2e38-60f5-4e79-8b9a-ced9a5a7a91b@group-66711409C4AC: ConfigurationManager, init=-1: [7a884130-6d50-4d25-81cf-a815cb8b077e:192.168.164.208:33820, dc33d614-f8fc-4160-b742-6654ea8e560b:192.168.164.208:36418, f80e2e38-60f5-4e79-8b9a-ced9a5a7a91b:192.168.164.208:39508], old=null, confs=<EMPTY_MAP>
2019-11-13 20:20:20,839 [pool-539-thread-1] INFO  server.RaftServerConfigKeys (ConfUtils.java:logGet(43)) - raft.server.storage.dir = [/workdir/hadoop-ozone/integration-test/target/test-dir/MiniOzoneClusterImpl-252be716-c998-406a-83e5-534d363f62a9/datanode-3/data/ratis] (custom)
2019-11-13 20:20:20,839 [pool-559-thread-1] INFO  server.RaftServerConfigKeys (ConfUtils.java:logGet(43)) - raft.server.log.corruption.policy = EXCEPTION (default)
2019-11-13 20:20:20,839 [pool-539-thread-1] INFO  server.RaftServerConfigKeys (ConfUtils.java:logGet(43)) - raft.server.log.corruption.policy = EXCEPTION (default)
2019-11-13 20:20:20,839 [pool-559-thread-1] INFO  storage.RaftStorageDirectory (RaftStorageDirectory.java:analyzeStorage(246)) - The storage directory /workdir/hadoop-ozone/integration-test/target/test-dir/MiniOzoneClusterImpl-252be716-c998-406a-83e5-534d363f62a9/datanode-5/data/ratis/187bc42e-6361-4c31-99a1-66711409c4ac does not exist. Creating ...
2019-11-13 20:20:20,839 [pool-539-thread-1] INFO  storage.RaftStorageDirectory (RaftStorageDirectory.java:analyzeStorage(246)) - The storage directory /workdir/hadoop-ozone/integration-test/target/test-dir/MiniOzoneClusterImpl-252be716-c998-406a-83e5-534d363f62a9/datanode-3/data/ratis/187bc42e-6361-4c31-99a1-66711409c4ac does not exist. Creating ...
2019-11-13 20:20:20,862 [pool-549-thread-1] INFO  storage.RaftStorageDirectory (RaftStorageDirectory.java:tryLock(328)) - Lock on /workdir/hadoop-ozone/integration-test/target/test-dir/MiniOzoneClusterImpl-252be716-c998-406a-83e5-534d363f62a9/datanode-4/data/ratis/187bc42e-6361-4c31-99a1-66711409c4ac/in_use.lock acquired by nodename 4344@pr-hdds-2375-t422d-1049308724
2019-11-13 20:20:20,862 [pool-539-thread-1] INFO  storage.RaftStorageDirectory (RaftStorageDirectory.java:tryLock(328)) - Lock on /workdir/hadoop-ozone/integration-test/target/test-dir/MiniOzoneClusterImpl-252be716-c998-406a-83e5-534d363f62a9/datanode-3/data/ratis/187bc42e-6361-4c31-99a1-66711409c4ac/in_use.lock acquired by nodename 4344@pr-hdds-2375-t422d-1049308724
2019-11-13 20:20:20,862 [pool-559-thread-1] INFO  storage.RaftStorageDirectory (RaftStorageDirectory.java:tryLock(328)) - Lock on /workdir/hadoop-ozone/integration-test/target/test-dir/MiniOzoneClusterImpl-252be716-c998-406a-83e5-534d363f62a9/datanode-5/data/ratis/187bc42e-6361-4c31-99a1-66711409c4ac/in_use.lock acquired by nodename 4344@pr-hdds-2375-t422d-1049308724
2019-11-13 20:20:20,867 [IPC Server handler 3 on 35908] INFO  net.NetworkTopology (NetworkTopologyImpl.java:add(111)) - Added a new node: /rack1/5d9d256b-54cf-4856-8c87-6034b73b04bd
2019-11-13 20:20:20,867 [IPC Server handler 3 on 35908] INFO  node.SCMNodeManager (SCMNodeManager.java:register(267)) - Registered Data node : 5d9d256b-54cf-4856-8c87-6034b73b04bd{ip: 192.168.164.208, host: pr-hdds-2375-t422d-1049308724, networkLocation: /rack1, certSerialId: null}
2019-11-13 20:20:20,888 [pool-549-thread-1] INFO  storage.RaftStorage (RaftStorage.java:format(84)) - Storage directory /workdir/hadoop-ozone/integration-test/target/test-dir/MiniOzoneClusterImpl-252be716-c998-406a-83e5-534d363f62a9/datanode-4/data/ratis/187bc42e-6361-4c31-99a1-66711409c4ac has been successfully formatted.
2019-11-13 20:20:20,888 [pool-559-thread-1] INFO  storage.RaftStorage (RaftStorage.java:format(84)) - Storage directory /workdir/hadoop-ozone/integration-test/target/test-dir/MiniOzoneClusterImpl-252be716-c998-406a-83e5-534d363f62a9/datanode-5/data/ratis/187bc42e-6361-4c31-99a1-66711409c4ac has been successfully formatted.
2019-11-13 20:20:20,888 [pool-539-thread-1] INFO  storage.RaftStorage (RaftStorage.java:format(84)) - Storage directory /workdir/hadoop-ozone/integration-test/target/test-dir/MiniOzoneClusterImpl-252be716-c998-406a-83e5-534d363f62a9/datanode-3/data/ratis/187bc42e-6361-4c31-99a1-66711409c4ac has been successfully formatted.
2019-11-13 20:20:20,888 [pool-559-thread-1] INFO  ratis.ContainerStateMachine (ContainerStateMachine.java:loadSnapshot(223)) - group-66711409C4AC: The snapshot info is null. Setting the last applied indexto:(t:0, i:~)
2019-11-13 20:20:20,888 [pool-549-thread-1] INFO  ratis.ContainerStateMachine (ContainerStateMachine.java:loadSnapshot(223)) - group-66711409C4AC: The snapshot info is null. Setting the last applied indexto:(t:0, i:~)
2019-11-13 20:20:20,888 [pool-559-thread-1] INFO  server.RaftServerConfigKeys (ConfUtils.java:logGet(43)) - raft.server.notification.no-leader.timeout = 120s (custom)
2019-11-13 20:20:20,888 [pool-539-thread-1] INFO  ratis.ContainerStateMachine (ContainerStateMachine.java:loadSnapshot(223)) - group-66711409C4AC: The snapshot info is null. Setting the last applied indexto:(t:0, i:~)
2019-11-13 20:20:20,889 [pool-559-thread-1] INFO  server.RaftServerConfigKeys (ConfUtils.java:logGet(43)) - raft.server.log.use.memory = false (default)
2019-11-13 20:20:20,889 [pool-549-thread-1] INFO  server.RaftServerConfigKeys (ConfUtils.java:logGet(43)) - raft.server.notification.no-leader.timeout = 120s (custom)
2019-11-13 20:20:20,889 [pool-559-thread-1] INFO  server.RaftServerConfigKeys (ConfUtils.java:logGet(43)) - raft.server.log.purge.gap = 1000000 (custom)
2019-11-13 20:20:20,889 [pool-539-thread-1] INFO  server.RaftServerConfigKeys (ConfUtils.java:logGet(43)) - raft.server.notification.no-leader.timeout = 120s (custom)
2019-11-13 20:20:20,889 [pool-559-thread-1] INFO  server.RaftServerConfigKeys (ConfUtils.java:logGet(43)) - raft.server.log.appender.buffer.byte-limit = 33554432 (custom)
2019-11-13 20:20:20,889 [pool-549-thread-1] INFO  server.RaftServerConfigKeys (ConfUtils.java:logGet(43)) - raft.server.log.use.memory = false (default)
2019-11-13 20:20:20,889 [pool-559-thread-1] INFO  server.RaftServerConfigKeys (ConfUtils.java:logGet(43)) - raft.server.log.segment.size.max = 1048576 (custom)
2019-11-13 20:20:20,889 [pool-539-thread-1] INFO  server.RaftServerConfigKeys (ConfUtils.java:logGet(43)) - raft.server.log.use.memory = false (default)
2019-11-13 20:20:20,890 [pool-559-thread-1] INFO  server.RaftServerConfigKeys (ConfUtils.java:logGet(43)) - raft.server.log.segment.cache.num.max = 2 (custom)
2019-11-13 20:20:20,890 [pool-549-thread-1] INFO  server.RaftServerConfigKeys (ConfUtils.java:logGet(43)) - raft.server.log.purge.gap = 1000000 (custom)
2019-11-13 20:20:20,890 [pool-559-thread-1] INFO  segmented.SegmentedRaftLogWorker (SegmentedRaftLogWorker.java:<init>(173)) - new dc33d614-f8fc-4160-b742-6654ea8e560b@group-66711409C4AC-SegmentedRaftLogWorker for RaftStorage:Storage Directory /workdir/hadoop-ozone/integration-test/target/test-dir/MiniOzoneClusterImpl-252be716-c998-406a-83e5-534d363f62a9/datanode-5/data/ratis/187bc42e-6361-4c31-99a1-66711409c4ac
2019-11-13 20:20:20,890 [pool-539-thread-1] INFO  server.RaftServerConfigKeys (ConfUtils.java:logGet(43)) - raft.server.log.purge.gap = 1000000 (custom)
2019-11-13 20:20:20,890 [pool-559-thread-1] INFO  server.RaftServerConfigKeys (ConfUtils.java:logGet(43)) - raft.server.log.queue.byte-limit = 2147483647 (custom)
2019-11-13 20:20:20,890 [pool-549-thread-1] INFO  server.RaftServerConfigKeys (ConfUtils.java:logGet(43)) - raft.server.log.appender.buffer.byte-limit = 33554432 (custom)
2019-11-13 20:20:20,890 [pool-559-thread-1] INFO  server.RaftServerConfigKeys (ConfUtils.java:logGet(43)) - raft.server.log.queue.element-limit = 1024 (custom)
2019-11-13 20:20:20,890 [pool-539-thread-1] INFO  server.RaftServerConfigKeys (ConfUtils.java:logGet(43)) - raft.server.log.appender.buffer.byte-limit = 33554432 (custom)
2019-11-13 20:20:20,891 [pool-559-thread-1] INFO  server.RaftServerConfigKeys (ConfUtils.java:logGet(43)) - raft.server.log.segment.size.max = 1048576 (custom)
2019-11-13 20:20:20,891 [pool-559-thread-1] INFO  server.RaftServerConfigKeys (ConfUtils.java:logGet(43)) - raft.server.log.preallocated.size = 16384 (custom)
2019-11-13 20:20:20,891 [pool-549-thread-1] INFO  server.RaftServerConfigKeys (ConfUtils.java:logGet(43)) - raft.server.log.segment.size.max = 1048576 (custom)
2019-11-13 20:20:20,891 [pool-559-thread-1] INFO  server.RaftServerConfigKeys (ConfUtils.java:logGet(43)) - raft.server.log.write.buffer.size = 33554432 (custom)
2019-11-13 20:20:20,891 [pool-539-thread-1] INFO  server.RaftServerConfigKeys (ConfUtils.java:logGet(43)) - raft.server.log.segment.size.max = 1048576 (custom)
2019-11-13 20:20:20,891 [pool-559-thread-1] INFO  server.RaftServerConfigKeys (ConfUtils.java:logGet(43)) - raft.server.log.force.sync.num = 128 (default)
2019-11-13 20:20:20,891 [pool-549-thread-1] INFO  server.RaftServerConfigKeys (ConfUtils.java:logGet(43)) - raft.server.log.segment.cache.num.max = 2 (custom)
2019-11-13 20:20:20,892 [pool-559-thread-1] INFO  server.RaftServerConfigKeys (ConfUtils.java:logGet(43)) - raft.server.log.statemachine.data.sync = true (default)
2019-11-13 20:20:20,892 [pool-539-thread-1] INFO  server.RaftServerConfigKeys (ConfUtils.java:logGet(43)) - raft.server.log.segment.cache.num.max = 2 (custom)
2019-11-13 20:20:20,892 [pool-559-thread-1] INFO  server.RaftServerConfigKeys (ConfUtils.java:logGet(43)) - raft.server.log.statemachine.data.sync.timeout = 10s (default)
2019-11-13 20:20:20,892 [pool-549-thread-1] INFO  segmented.SegmentedRaftLogWorker (SegmentedRaftLogWorker.java:<init>(173)) - new 7a884130-6d50-4d25-81cf-a815cb8b077e@group-66711409C4AC-SegmentedRaftLogWorker for RaftStorage:Storage Directory /workdir/hadoop-ozone/integration-test/target/test-dir/MiniOzoneClusterImpl-252be716-c998-406a-83e5-534d363f62a9/datanode-4/data/ratis/187bc42e-6361-4c31-99a1-66711409c4ac
2019-11-13 20:20:20,892 [pool-559-thread-1] INFO  server.RaftServerConfigKeys (ConfUtils.java:logGet(43)) - raft.server.log.statemachine.data.sync.timeout.retry = -1 (default)
2019-11-13 20:20:20,892 [pool-539-thread-1] INFO  segmented.SegmentedRaftLogWorker (SegmentedRaftLogWorker.java:<init>(173)) - new f80e2e38-60f5-4e79-8b9a-ced9a5a7a91b@group-66711409C4AC-SegmentedRaftLogWorker for RaftStorage:Storage Directory /workdir/hadoop-ozone/integration-test/target/test-dir/MiniOzoneClusterImpl-252be716-c998-406a-83e5-534d363f62a9/datanode-3/data/ratis/187bc42e-6361-4c31-99a1-66711409c4ac
2019-11-13 20:20:20,892 [pool-559-thread-1] INFO  server.RaftServerConfigKeys (ConfUtils.java:logGet(43)) - raft.server.log.statemachine.data.caching.enabled = true (custom)
2019-11-13 20:20:20,892 [pool-549-thread-1] INFO  server.RaftServerConfigKeys (ConfUtils.java:logGet(43)) - raft.server.log.queue.byte-limit = 2147483647 (custom)
2019-11-13 20:20:20,893 [pool-539-thread-1] INFO  server.RaftServerConfigKeys (ConfUtils.java:logGet(43)) - raft.server.log.queue.byte-limit = 2147483647 (custom)
2019-11-13 20:20:20,893 [pool-559-thread-1] INFO  segmented.SegmentedRaftLogWorker (SegmentedRaftLogWorker.java:lambda$new$0(128)) - dc33d614-f8fc-4160-b742-6654ea8e560b@group-66711409C4AC-SegmentedRaftLogWorker: flushIndex: setUnconditionally 0 -> -1
2019-11-13 20:20:20,893 [pool-549-thread-1] INFO  server.RaftServerConfigKeys (ConfUtils.java:logGet(43)) - raft.server.log.queue.element-limit = 1024 (custom)
2019-11-13 20:20:20,893 [pool-539-thread-1] INFO  server.RaftServerConfigKeys (ConfUtils.java:logGet(43)) - raft.server.log.queue.element-limit = 1024 (custom)
2019-11-13 20:20:20,893 [pool-559-thread-1] INFO  server.RaftServerConfigKeys (ConfUtils.java:logGet(43)) - raft.server.snapshot.auto.trigger.enabled = true (custom)
2019-11-13 20:20:20,893 [pool-549-thread-1] INFO  server.RaftServerConfigKeys (ConfUtils.java:logGet(43)) - raft.server.log.segment.size.max = 1048576 (custom)
2019-11-13 20:20:20,893 [pool-559-thread-1] INFO  server.RaftServerConfigKeys (ConfUtils.java:logGet(43)) - raft.server.snapshot.auto.trigger.threshold = 10000 (custom)
2019-11-13 20:20:20,893 [pool-539-thread-1] INFO  server.RaftServerConfigKeys (ConfUtils.java:logGet(43)) - raft.server.log.segment.size.max = 1048576 (custom)
2019-11-13 20:20:20,894 [pool-559-thread-1] INFO  server.RaftServerConfigKeys (ConfUtils.java:logGet(43)) - raft.server.snapshot.retention.file.num = 5 (custom)
2019-11-13 20:20:20,894 [pool-549-thread-1] INFO  server.RaftServerConfigKeys (ConfUtils.java:logGet(43)) - raft.server.log.preallocated.size = 16384 (custom)
2019-11-13 20:20:20,894 [pool-559-thread-1] INFO  server.RaftServerConfigKeys (ConfUtils.java:logGet(43)) - raft.server.retrycache.expirytime = 600000ms (custom)
2019-11-13 20:20:20,894 [pool-539-thread-1] INFO  server.RaftServerConfigKeys (ConfUtils.java:logGet(43)) - raft.server.log.preallocated.size = 16384 (custom)
2019-11-13 20:20:20,894 [pool-559-thread-1] WARN  impl.MetricRegistriesImpl (MetricRegistriesImpl.java:lambda$create$1(61)) - First MetricRegistry has been created without registering reporters. You may need to call MetricRegistries.global().addReportRegistration(...) before.
2019-11-13 20:20:20,894 [pool-549-thread-1] INFO  server.RaftServerConfigKeys (ConfUtils.java:logGet(43)) - raft.server.log.write.buffer.size = 33554432 (custom)
2019-11-13 20:20:20,894 [pool-559-thread-1] WARN  impl.MetricRegistriesImpl (MetricRegistriesImpl.java:lambda$create$1(61)) - First MetricRegistry has been created without registering reporters. You may need to call MetricRegistries.global().addReportRegistration(...) before.
2019-11-13 20:20:20,894 [pool-539-thread-1] INFO  server.RaftServerConfigKeys (ConfUtils.java:logGet(43)) - raft.server.log.write.buffer.size = 33554432 (custom)
2019-11-13 20:20:20,895 [pool-549-thread-1] INFO  server.RaftServerConfigKeys (ConfUtils.java:logGet(43)) - raft.server.log.force.sync.num = 128 (default)
2019-11-13 20:20:20,895 [pool-539-thread-1] INFO  server.RaftServerConfigKeys (ConfUtils.java:logGet(43)) - raft.server.log.force.sync.num = 128 (default)
2019-11-13 20:20:20,895 [pool-559-thread-1] INFO  impl.RaftServerImpl (RaftServerImpl.java:start(184)) - dc33d614-f8fc-4160-b742-6654ea8e560b@group-66711409C4AC: start as a follower, conf=-1: [7a884130-6d50-4d25-81cf-a815cb8b077e:192.168.164.208:33820, dc33d614-f8fc-4160-b742-6654ea8e560b:192.168.164.208:36418, f80e2e38-60f5-4e79-8b9a-ced9a5a7a91b:192.168.164.208:39508], old=null
2019-11-13 20:20:20,895 [pool-539-thread-1] INFO  server.RaftServerConfigKeys (ConfUtils.java:logGet(43)) - raft.server.log.statemachine.data.sync = true (default)
2019-11-13 20:20:20,895 [pool-539-thread-1] INFO  server.RaftServerConfigKeys (ConfUtils.java:logGet(43)) - raft.server.log.statemachine.data.sync.timeout = 10s (default)
2019-11-13 20:20:20,896 [pool-539-thread-1] INFO  server.RaftServerConfigKeys (ConfUtils.java:logGet(43)) - raft.server.log.statemachine.data.sync.timeout.retry = -1 (default)
2019-11-13 20:20:20,896 [pool-539-thread-1] INFO  server.RaftServerConfigKeys (ConfUtils.java:logGet(43)) - raft.server.log.statemachine.data.caching.enabled = true (custom)
2019-11-13 20:20:20,896 [pool-539-thread-1] INFO  segmented.SegmentedRaftLogWorker (SegmentedRaftLogWorker.java:lambda$new$0(128)) - f80e2e38-60f5-4e79-8b9a-ced9a5a7a91b@group-66711409C4AC-SegmentedRaftLogWorker: flushIndex: setUnconditionally 0 -> -1
2019-11-13 20:20:20,895 [pool-549-thread-1] INFO  server.RaftServerConfigKeys (ConfUtils.java:logGet(43)) - raft.server.log.statemachine.data.sync = true (default)
2019-11-13 20:20:20,896 [pool-539-thread-1] INFO  server.RaftServerConfigKeys (ConfUtils.java:logGet(43)) - raft.server.snapshot.auto.trigger.enabled = true (custom)
2019-11-13 20:20:20,895 [pool-559-thread-1] INFO  impl.RaftServerImpl (RaftServerImpl.java:setRole(173)) - dc33d614-f8fc-4160-b742-6654ea8e560b@group-66711409C4AC: changes role from      null to FOLLOWER at term 0 for startAsFollower
2019-11-13 20:20:20,897 [pool-539-thread-1] INFO  server.RaftServerConfigKeys (ConfUtils.java:logGet(43)) - raft.server.snapshot.auto.trigger.threshold = 10000 (custom)
2019-11-13 20:20:20,896 [pool-549-thread-1] INFO  server.RaftServerConfigKeys (ConfUtils.java:logGet(43)) - raft.server.log.statemachine.data.sync.timeout = 10s (default)
2019-11-13 20:20:20,897 [pool-539-thread-1] INFO  server.RaftServerConfigKeys (ConfUtils.java:logGet(43)) - raft.server.snapshot.retention.file.num = 5 (custom)
2019-11-13 20:20:20,897 [pool-559-thread-1] INFO  impl.RoleInfo (RoleInfo.java:updateAndGet(143)) - dc33d614-f8fc-4160-b742-6654ea8e560b: start FollowerState
2019-11-13 20:20:20,897 [pool-539-thread-1] INFO  server.RaftServerConfigKeys (ConfUtils.java:logGet(43)) - raft.server.retrycache.expirytime = 600000ms (custom)
2019-11-13 20:20:20,897 [pool-549-thread-1] INFO  server.RaftServerConfigKeys (ConfUtils.java:logGet(43)) - raft.server.log.statemachine.data.sync.timeout.retry = -1 (default)
2019-11-13 20:20:20,897 [pool-539-thread-1] WARN  impl.MetricRegistriesImpl (MetricRegistriesImpl.java:lambda$create$1(61)) - First MetricRegistry has been created without registering reporters. You may need to call MetricRegistries.global().addReportRegistration(...) before.
2019-11-13 20:20:20,897 [pool-559-thread-1] INFO  util.JmxRegister (JmxRegister.java:tryRegister(44)) - Successfully registered JMX Bean with object name Ratis:service=RaftServer,group=group-66711409C4AC,id=dc33d614-f8fc-4160-b742-6654ea8e560b
2019-11-13 20:20:20,897 [pool-549-thread-1] INFO  server.RaftServerConfigKeys (ConfUtils.java:logGet(43)) - raft.server.log.statemachine.data.caching.enabled = true (custom)
2019-11-13 20:20:20,898 [pool-559-thread-1] WARN  impl.MetricRegistriesImpl (MetricRegistriesImpl.java:lambda$create$1(61)) - First MetricRegistry has been created without registering reporters. You may need to call MetricRegistries.global().addReportRegistration(...) before.
2019-11-13 20:20:20,898 [pool-539-thread-1] WARN  impl.MetricRegistriesImpl (MetricRegistriesImpl.java:lambda$create$1(61)) - First MetricRegistry has been created without registering reporters. You may need to call MetricRegistries.global().addReportRegistration(...) before.
2019-11-13 20:20:20,898 [pool-549-thread-1] INFO  segmented.SegmentedRaftLogWorker (SegmentedRaftLogWorker.java:lambda$new$0(128)) - 7a884130-6d50-4d25-81cf-a815cb8b077e@group-66711409C4AC-SegmentedRaftLogWorker: flushIndex: setUnconditionally 0 -> -1
2019-11-13 20:20:20,898 [pool-539-thread-1] INFO  impl.RaftServerImpl (RaftServerImpl.java:start(184)) - f80e2e38-60f5-4e79-8b9a-ced9a5a7a91b@group-66711409C4AC: start as a follower, conf=-1: [7a884130-6d50-4d25-81cf-a815cb8b077e:192.168.164.208:33820, dc33d614-f8fc-4160-b742-6654ea8e560b:192.168.164.208:36418, f80e2e38-60f5-4e79-8b9a-ced9a5a7a91b:192.168.164.208:39508], old=null
2019-11-13 20:20:20,898 [pool-539-thread-1] INFO  impl.RaftServerImpl (RaftServerImpl.java:setRole(173)) - f80e2e38-60f5-4e79-8b9a-ced9a5a7a91b@group-66711409C4AC: changes role from      null to FOLLOWER at term 0 for startAsFollower
2019-11-13 20:20:20,899 [pool-549-thread-1] INFO  server.RaftServerConfigKeys (ConfUtils.java:logGet(43)) - raft.server.snapshot.auto.trigger.enabled = true (custom)
2019-11-13 20:20:20,899 [pool-539-thread-1] INFO  impl.RoleInfo (RoleInfo.java:updateAndGet(143)) - f80e2e38-60f5-4e79-8b9a-ced9a5a7a91b: start FollowerState
2019-11-13 20:20:20,899 [pool-549-thread-1] INFO  server.RaftServerConfigKeys (ConfUtils.java:logGet(43)) - raft.server.snapshot.auto.trigger.threshold = 10000 (custom)
2019-11-13 20:20:20,899 [pool-549-thread-1] INFO  server.RaftServerConfigKeys (ConfUtils.java:logGet(43)) - raft.server.snapshot.retention.file.num = 5 (custom)
2019-11-13 20:20:20,899 [pool-549-thread-1] INFO  server.RaftServerConfigKeys (ConfUtils.java:logGet(43)) - raft.server.retrycache.expirytime = 600000ms (custom)
2019-11-13 20:20:20,899 [pool-539-thread-1] INFO  util.JmxRegister (JmxRegister.java:tryRegister(44)) - Successfully registered JMX Bean with object name Ratis:service=RaftServer,group=group-66711409C4AC,id=f80e2e38-60f5-4e79-8b9a-ced9a5a7a91b
2019-11-13 20:20:20,899 [pool-549-thread-1] WARN  impl.MetricRegistriesImpl (MetricRegistriesImpl.java:lambda$create$1(61)) - First MetricRegistry has been created without registering reporters. You may need to call MetricRegistries.global().addReportRegistration(...) before.
2019-11-13 20:20:20,899 [pool-539-thread-1] WARN  impl.MetricRegistriesImpl (MetricRegistriesImpl.java:lambda$create$1(61)) - First MetricRegistry has been created without registering reporters. You may need to call MetricRegistries.global().addReportRegistration(...) before.
2019-11-13 20:20:20,899 [pool-549-thread-1] WARN  impl.MetricRegistriesImpl (MetricRegistriesImpl.java:lambda$create$1(61)) - First MetricRegistry has been created without registering reporters. You may need to call MetricRegistries.global().addReportRegistration(...) before.
2019-11-13 20:20:20,900 [pool-549-thread-1] INFO  impl.RaftServerImpl (RaftServerImpl.java:start(184)) - 7a884130-6d50-4d25-81cf-a815cb8b077e@group-66711409C4AC: start as a follower, conf=-1: [7a884130-6d50-4d25-81cf-a815cb8b077e:192.168.164.208:33820, dc33d614-f8fc-4160-b742-6654ea8e560b:192.168.164.208:36418, f80e2e38-60f5-4e79-8b9a-ced9a5a7a91b:192.168.164.208:39508], old=null
2019-11-13 20:20:20,900 [pool-549-thread-1] INFO  impl.RaftServerImpl (RaftServerImpl.java:setRole(173)) - 7a884130-6d50-4d25-81cf-a815cb8b077e@group-66711409C4AC: changes role from      null to FOLLOWER at term 0 for startAsFollower
2019-11-13 20:20:20,900 [pool-549-thread-1] INFO  impl.RoleInfo (RoleInfo.java:updateAndGet(143)) - 7a884130-6d50-4d25-81cf-a815cb8b077e: start FollowerState
2019-11-13 20:20:20,900 [pool-549-thread-1] INFO  util.JmxRegister (JmxRegister.java:tryRegister(44)) - Successfully registered JMX Bean with object name Ratis:service=RaftServer,group=group-66711409C4AC,id=7a884130-6d50-4d25-81cf-a815cb8b077e
2019-11-13 20:20:20,901 [pool-549-thread-1] WARN  impl.MetricRegistriesImpl (MetricRegistriesImpl.java:lambda$create$1(61)) - First MetricRegistry has been created without registering reporters. You may need to call MetricRegistries.global().addReportRegistration(...) before.
2019-11-13 20:20:20,903 [RatisPipelineUtilsThread] INFO  pipeline.PipelineStateManager (PipelineStateManager.java:addPipeline(55)) - Created pipeline Pipeline[ Id: 187bc42e-6361-4c31-99a1-66711409c4ac, Nodes: 7a884130-6d50-4d25-81cf-a815cb8b077e{ip: 192.168.164.208, host: pr-hdds-2375-t422d-1049308724, networkLocation: /rack1, certSerialId: null}f80e2e38-60f5-4e79-8b9a-ced9a5a7a91b{ip: 192.168.164.208, host: pr-hdds-2375-t422d-1049308724, networkLocation: /rack1, certSerialId: null}dc33d614-f8fc-4160-b742-6654ea8e560b{ip: 192.168.164.208, host: pr-hdds-2375-t422d-1049308724, networkLocation: /rack1, certSerialId: null}, Type:RATIS, Factor:THREE, State:ALLOCATED]
2019-11-13 20:20:20,951 [IPC Server handler 4 on 35908] INFO  net.NetworkTopology (NetworkTopologyImpl.java:add(111)) - Added a new node: /rack1/4ccef42d-128e-4eed-9e45-8d297f7adfc0
2019-11-13 20:20:20,951 [IPC Server handler 4 on 35908] INFO  node.SCMNodeManager (SCMNodeManager.java:register(267)) - Registered Data node : 4ccef42d-128e-4eed-9e45-8d297f7adfc0{ip: 192.168.164.208, host: pr-hdds-2375-t422d-1049308724, networkLocation: /rack1, certSerialId: null}
2019-11-13 20:20:20,957 [grpc-default-executor-5] INFO  impl.RaftServerProxy (RaftServerProxy.java:addNew(89)) - 4ccef42d-128e-4eed-9e45-8d297f7adfc0: addNew group-B9C54E1E8808:[4ccef42d-128e-4eed-9e45-8d297f7adfc0:192.168.164.208:42894] returns group-B9C54E1E8808:java.util.concurrent.CompletableFuture@61953b71[Not completed]
2019-11-13 20:20:20,959 [pool-579-thread-1] INFO  impl.RaftServerImpl (RaftServerImpl.java:<init>(98)) - 4ccef42d-128e-4eed-9e45-8d297f7adfc0: new RaftServerImpl for group-B9C54E1E8808:[4ccef42d-128e-4eed-9e45-8d297f7adfc0:192.168.164.208:42894] with ContainerStateMachine:uninitialized
2019-11-13 20:20:20,959 [pool-579-thread-1] INFO  server.RaftServerConfigKeys (ConfUtils.java:logGet(43)) - raft.server.rpc.timeout.min = 1s (custom)
2019-11-13 20:20:20,959 [pool-579-thread-1] INFO  server.RaftServerConfigKeys (ConfUtils.java:logGet(43)) - raft.server.rpc.timeout.max = 1200ms (custom)
2019-11-13 20:20:20,959 [pool-579-thread-1] INFO  server.RaftServerConfigKeys (ConfUtils.java:logGet(43)) - raft.server.rpcslowness.timeout = 120s (custom)
2019-11-13 20:20:20,959 [pool-579-thread-1] INFO  server.RaftServerConfigKeys (ConfUtils.java:logGet(43)) - raft.server.sleep.deviation.threshold = 300 (default)
2019-11-13 20:20:20,959 [pool-579-thread-1] INFO  server.RaftServerConfigKeys (ConfUtils.java:logGet(43)) - raft.server.log.appender.install.snapshot.enabled = false (custom)
2019-11-13 20:20:20,959 [pool-579-thread-1] INFO  impl.RaftServerImpl (ServerState.java:<init>(103)) - 4ccef42d-128e-4eed-9e45-8d297f7adfc0@group-B9C54E1E8808: ConfigurationManager, init=-1: [4ccef42d-128e-4eed-9e45-8d297f7adfc0:192.168.164.208:42894], old=null, confs=<EMPTY_MAP>
2019-11-13 20:20:20,959 [pool-579-thread-1] INFO  server.RaftServerConfigKeys (ConfUtils.java:logGet(43)) - raft.server.storage.dir = [/workdir/hadoop-ozone/integration-test/target/test-dir/MiniOzoneClusterImpl-252be716-c998-406a-83e5-534d363f62a9/datanode-7/data/ratis] (custom)
2019-11-13 20:20:20,960 [pool-579-thread-1] INFO  server.RaftServerConfigKeys (ConfUtils.java:logGet(43)) - raft.server.log.corruption.policy = EXCEPTION (default)
2019-11-13 20:20:20,960 [pool-579-thread-1] INFO  storage.RaftStorageDirectory (RaftStorageDirectory.java:analyzeStorage(246)) - The storage directory /workdir/hadoop-ozone/integration-test/target/test-dir/MiniOzoneClusterImpl-252be716-c998-406a-83e5-534d363f62a9/datanode-7/data/ratis/aa19db5c-ebb5-4c0c-a81b-b9c54e1e8808 does not exist. Creating ...
2019-11-13 20:20:20,971 [pool-579-thread-1] INFO  storage.RaftStorageDirectory (RaftStorageDirectory.java:tryLock(328)) - Lock on /workdir/hadoop-ozone/integration-test/target/test-dir/MiniOzoneClusterImpl-252be716-c998-406a-83e5-534d363f62a9/datanode-7/data/ratis/aa19db5c-ebb5-4c0c-a81b-b9c54e1e8808/in_use.lock acquired by nodename 4344@pr-hdds-2375-t422d-1049308724
2019-11-13 20:20:20,983 [pool-579-thread-1] INFO  storage.RaftStorage (RaftStorage.java:format(84)) - Storage directory /workdir/hadoop-ozone/integration-test/target/test-dir/MiniOzoneClusterImpl-252be716-c998-406a-83e5-534d363f62a9/datanode-7/data/ratis/aa19db5c-ebb5-4c0c-a81b-b9c54e1e8808 has been successfully formatted.
2019-11-13 20:20:20,983 [pool-579-thread-1] INFO  ratis.ContainerStateMachine (ContainerStateMachine.java:loadSnapshot(223)) - group-B9C54E1E8808: The snapshot info is null. Setting the last applied indexto:(t:0, i:~)
2019-11-13 20:20:20,983 [pool-579-thread-1] INFO  server.RaftServerConfigKeys (ConfUtils.java:logGet(43)) - raft.server.notification.no-leader.timeout = 120s (custom)
2019-11-13 20:20:20,983 [pool-579-thread-1] INFO  server.RaftServerConfigKeys (ConfUtils.java:logGet(43)) - raft.server.log.use.memory = false (default)
2019-11-13 20:20:20,983 [pool-579-thread-1] INFO  server.RaftServerConfigKeys (ConfUtils.java:logGet(43)) - raft.server.log.purge.gap = 1000000 (custom)
2019-11-13 20:20:20,983 [pool-579-thread-1] INFO  server.RaftServerConfigKeys (ConfUtils.java:logGet(43)) - raft.server.log.appender.buffer.byte-limit = 33554432 (custom)
2019-11-13 20:20:20,983 [pool-579-thread-1] INFO  server.RaftServerConfigKeys (ConfUtils.java:logGet(43)) - raft.server.log.segment.size.max = 1048576 (custom)
2019-11-13 20:20:20,983 [pool-579-thread-1] WARN  impl.MetricRegistriesImpl (MetricRegistriesImpl.java:lambda$create$1(61)) - First MetricRegistry has been created without registering reporters. You may need to call MetricRegistries.global().addReportRegistration(...) before.
2019-11-13 20:20:20,984 [pool-579-thread-1] INFO  server.RaftServerConfigKeys (ConfUtils.java:logGet(43)) - raft.server.log.segment.cache.num.max = 2 (custom)
2019-11-13 20:20:20,984 [pool-579-thread-1] INFO  segmented.SegmentedRaftLogWorker (SegmentedRaftLogWorker.java:<init>(173)) - new 4ccef42d-128e-4eed-9e45-8d297f7adfc0@group-B9C54E1E8808-SegmentedRaftLogWorker for RaftStorage:Storage Directory /workdir/hadoop-ozone/integration-test/target/test-dir/MiniOzoneClusterImpl-252be716-c998-406a-83e5-534d363f62a9/datanode-7/data/ratis/aa19db5c-ebb5-4c0c-a81b-b9c54e1e8808
2019-11-13 20:20:20,984 [pool-579-thread-1] INFO  server.RaftServerConfigKeys (ConfUtils.java:logGet(43)) - raft.server.log.queue.byte-limit = 2147483647 (custom)
2019-11-13 20:20:20,984 [pool-579-thread-1] INFO  server.RaftServerConfigKeys (ConfUtils.java:logGet(43)) - raft.server.log.queue.element-limit = 1024 (custom)
2019-11-13 20:20:20,984 [pool-579-thread-1] INFO  server.RaftServerConfigKeys (ConfUtils.java:logGet(43)) - raft.server.log.segment.size.max = 1048576 (custom)
2019-11-13 20:20:20,984 [pool-579-thread-1] INFO  server.RaftServerConfigKeys (ConfUtils.java:logGet(43)) - raft.server.log.preallocated.size = 16384 (custom)
2019-11-13 20:20:20,984 [pool-579-thread-1] INFO  server.RaftServerConfigKeys (ConfUtils.java:logGet(43)) - raft.server.log.write.buffer.size = 33554432 (custom)
2019-11-13 20:20:20,984 [pool-579-thread-1] INFO  server.RaftServerConfigKeys (ConfUtils.java:logGet(43)) - raft.server.log.force.sync.num = 128 (default)
2019-11-13 20:20:20,985 [pool-579-thread-1] INFO  server.RaftServerConfigKeys (ConfUtils.java:logGet(43)) - raft.server.log.statemachine.data.sync = true (default)
2019-11-13 20:20:20,985 [pool-579-thread-1] INFO  server.RaftServerConfigKeys (ConfUtils.java:logGet(43)) - raft.server.log.statemachine.data.sync.timeout = 10s (default)
2019-11-13 20:20:20,985 [pool-579-thread-1] INFO  server.RaftServerConfigKeys (ConfUtils.java:logGet(43)) - raft.server.log.statemachine.data.sync.timeout.retry = -1 (default)
2019-11-13 20:20:20,985 [pool-579-thread-1] INFO  server.RaftServerConfigKeys (ConfUtils.java:logGet(43)) - raft.server.log.statemachine.data.caching.enabled = true (custom)
2019-11-13 20:20:20,985 [pool-579-thread-1] INFO  segmented.SegmentedRaftLogWorker (SegmentedRaftLogWorker.java:lambda$new$0(128)) - 4ccef42d-128e-4eed-9e45-8d297f7adfc0@group-B9C54E1E8808-SegmentedRaftLogWorker: flushIndex: setUnconditionally 0 -> -1
2019-11-13 20:20:20,985 [pool-579-thread-1] INFO  server.RaftServerConfigKeys (ConfUtils.java:logGet(43)) - raft.server.snapshot.auto.trigger.enabled = true (custom)
2019-11-13 20:20:20,986 [pool-579-thread-1] INFO  server.RaftServerConfigKeys (ConfUtils.java:logGet(43)) - raft.server.snapshot.auto.trigger.threshold = 10000 (custom)
2019-11-13 20:20:20,986 [pool-579-thread-1] INFO  server.RaftServerConfigKeys (ConfUtils.java:logGet(43)) - raft.server.snapshot.retention.file.num = 5 (custom)
2019-11-13 20:20:20,986 [pool-579-thread-1] INFO  server.RaftServerConfigKeys (ConfUtils.java:logGet(43)) - raft.server.retrycache.expirytime = 600000ms (custom)
2019-11-13 20:20:20,986 [pool-579-thread-1] WARN  impl.MetricRegistriesImpl (MetricRegistriesImpl.java:lambda$create$1(61)) - First MetricRegistry has been created without registering reporters. You may need to call MetricRegistries.global().addReportRegistration(...) before.
2019-11-13 20:20:20,986 [pool-579-thread-1] WARN  impl.MetricRegistriesImpl (MetricRegistriesImpl.java:lambda$create$1(61)) - First MetricRegistry has been created without registering reporters. You may need to call MetricRegistries.global().addReportRegistration(...) before.
2019-11-13 20:20:20,986 [pool-579-thread-1] INFO  impl.RaftServerImpl (RaftServerImpl.java:start(184)) - 4ccef42d-128e-4eed-9e45-8d297f7adfc0@group-B9C54E1E8808: start as a follower, conf=-1: [4ccef42d-128e-4eed-9e45-8d297f7adfc0:192.168.164.208:42894], old=null
2019-11-13 20:20:20,986 [pool-579-thread-1] INFO  impl.RaftServerImpl (RaftServerImpl.java:setRole(173)) - 4ccef42d-128e-4eed-9e45-8d297f7adfc0@group-B9C54E1E8808: changes role from      null to FOLLOWER at term 0 for startAsFollower
2019-11-13 20:20:20,986 [pool-579-thread-1] INFO  impl.RoleInfo (RoleInfo.java:updateAndGet(143)) - 4ccef42d-128e-4eed-9e45-8d297f7adfc0: start FollowerState
2019-11-13 20:20:20,987 [pool-579-thread-1] INFO  util.JmxRegister (JmxRegister.java:tryRegister(44)) - Successfully registered JMX Bean with object name Ratis:service=RaftServer,group=group-B9C54E1E8808,id=4ccef42d-128e-4eed-9e45-8d297f7adfc0
2019-11-13 20:20:20,987 [pool-579-thread-1] WARN  impl.MetricRegistriesImpl (MetricRegistriesImpl.java:lambda$create$1(61)) - First MetricRegistry has been created without registering reporters. You may need to call MetricRegistries.global().addReportRegistration(...) before.
2019-11-13 20:20:20,989 [RatisPipelineUtilsThread] INFO  pipeline.PipelineStateManager (PipelineStateManager.java:addPipeline(55)) - Created pipeline Pipeline[ Id: aa19db5c-ebb5-4c0c-a81b-b9c54e1e8808, Nodes: 4ccef42d-128e-4eed-9e45-8d297f7adfc0{ip: 192.168.164.208, host: pr-hdds-2375-t422d-1049308724, networkLocation: /rack1, certSerialId: null}, Type:RATIS, Factor:ONE, State:ALLOCATED]
2019-11-13 20:20:20,995 [grpc-default-executor-5] INFO  impl.RaftServerProxy (RaftServerProxy.java:addNew(89)) - 5d9d256b-54cf-4856-8c87-6034b73b04bd: addNew group-8DEDC3E58C83:[5d9d256b-54cf-4856-8c87-6034b73b04bd:192.168.164.208:43036] returns group-8DEDC3E58C83:java.util.concurrent.CompletableFuture@7441c8a6[Not completed]
2019-11-13 20:20:20,996 [pool-569-thread-1] INFO  impl.RaftServerImpl (RaftServerImpl.java:<init>(98)) - 5d9d256b-54cf-4856-8c87-6034b73b04bd: new RaftServerImpl for group-8DEDC3E58C83:[5d9d256b-54cf-4856-8c87-6034b73b04bd:192.168.164.208:43036] with ContainerStateMachine:uninitialized
2019-11-13 20:20:20,996 [pool-569-thread-1] INFO  server.RaftServerConfigKeys (ConfUtils.java:logGet(43)) - raft.server.rpc.timeout.min = 1s (custom)
2019-11-13 20:20:20,996 [pool-569-thread-1] INFO  server.RaftServerConfigKeys (ConfUtils.java:logGet(43)) - raft.server.rpc.timeout.max = 1200ms (custom)
2019-11-13 20:20:20,996 [pool-569-thread-1] INFO  server.RaftServerConfigKeys (ConfUtils.java:logGet(43)) - raft.server.rpcslowness.timeout = 120s (custom)
2019-11-13 20:20:20,996 [pool-569-thread-1] INFO  server.RaftServerConfigKeys (ConfUtils.java:logGet(43)) - raft.server.sleep.deviation.threshold = 300 (default)
2019-11-13 20:20:20,996 [pool-569-thread-1] INFO  server.RaftServerConfigKeys (ConfUtils.java:logGet(43)) - raft.server.log.appender.install.snapshot.enabled = false (custom)
2019-11-13 20:20:20,996 [pool-569-thread-1] INFO  impl.RaftServerImpl (ServerState.java:<init>(103)) - 5d9d256b-54cf-4856-8c87-6034b73b04bd@group-8DEDC3E58C83: ConfigurationManager, init=-1: [5d9d256b-54cf-4856-8c87-6034b73b04bd:192.168.164.208:43036], old=null, confs=<EMPTY_MAP>
2019-11-13 20:20:20,997 [pool-569-thread-1] INFO  server.RaftServerConfigKeys (ConfUtils.java:logGet(43)) - raft.server.storage.dir = [/workdir/hadoop-ozone/integration-test/target/test-dir/MiniOzoneClusterImpl-252be716-c998-406a-83e5-534d363f62a9/datanode-6/data/ratis] (custom)
2019-11-13 20:20:20,997 [pool-569-thread-1] INFO  server.RaftServerConfigKeys (ConfUtils.java:logGet(43)) - raft.server.log.corruption.policy = EXCEPTION (default)
2019-11-13 20:20:20,997 [pool-569-thread-1] INFO  storage.RaftStorageDirectory (RaftStorageDirectory.java:analyzeStorage(246)) - The storage directory /workdir/hadoop-ozone/integration-test/target/test-dir/MiniOzoneClusterImpl-252be716-c998-406a-83e5-534d363f62a9/datanode-6/data/ratis/57c109be-1673-49fd-a918-8dedc3e58c83 does not exist. Creating ...
2019-11-13 20:20:21,015 [pool-569-thread-1] INFO  storage.RaftStorageDirectory (RaftStorageDirectory.java:tryLock(328)) - Lock on /workdir/hadoop-ozone/integration-test/target/test-dir/MiniOzoneClusterImpl-252be716-c998-406a-83e5-534d363f62a9/datanode-6/data/ratis/57c109be-1673-49fd-a918-8dedc3e58c83/in_use.lock acquired by nodename 4344@pr-hdds-2375-t422d-1049308724
2019-11-13 20:20:21,020 [IPC Server handler 6 on 35908] INFO  net.NetworkTopology (NetworkTopologyImpl.java:add(111)) - Added a new node: /rack1/52541eb8-c0db-4941-8ea5-4f6f65566359
2019-11-13 20:20:21,020 [IPC Server handler 6 on 35908] INFO  node.SCMNodeManager (SCMNodeManager.java:register(267)) - Registered Data node : 52541eb8-c0db-4941-8ea5-4f6f65566359{ip: 192.168.164.208, host: pr-hdds-2375-t422d-1049308724, networkLocation: /rack1, certSerialId: null}
2019-11-13 20:20:21,049 [pool-569-thread-1] INFO  storage.RaftStorage (RaftStorage.java:format(84)) - Storage directory /workdir/hadoop-ozone/integration-test/target/test-dir/MiniOzoneClusterImpl-252be716-c998-406a-83e5-534d363f62a9/datanode-6/data/ratis/57c109be-1673-49fd-a918-8dedc3e58c83 has been successfully formatted.
2019-11-13 20:20:21,050 [pool-569-thread-1] INFO  ratis.ContainerStateMachine (ContainerStateMachine.java:loadSnapshot(223)) - group-8DEDC3E58C83: The snapshot info is null. Setting the last applied indexto:(t:0, i:~)
2019-11-13 20:20:21,050 [pool-569-thread-1] INFO  server.RaftServerConfigKeys (ConfUtils.java:logGet(43)) - raft.server.notification.no-leader.timeout = 120s (custom)
2019-11-13 20:20:21,050 [pool-569-thread-1] INFO  server.RaftServerConfigKeys (ConfUtils.java:logGet(43)) - raft.server.log.use.memory = false (default)
2019-11-13 20:20:21,050 [pool-569-thread-1] INFO  server.RaftServerConfigKeys (ConfUtils.java:logGet(43)) - raft.server.log.purge.gap = 1000000 (custom)
2019-11-13 20:20:21,050 [pool-569-thread-1] INFO  server.RaftServerConfigKeys (ConfUtils.java:logGet(43)) - raft.server.log.appender.buffer.byte-limit = 33554432 (custom)
2019-11-13 20:20:21,051 [pool-569-thread-1] INFO  server.RaftServerConfigKeys (ConfUtils.java:logGet(43)) - raft.server.log.segment.size.max = 1048576 (custom)
2019-11-13 20:20:21,051 [pool-569-thread-1] WARN  impl.MetricRegistriesImpl (MetricRegistriesImpl.java:lambda$create$1(61)) - First MetricRegistry has been created without registering reporters. You may need to call MetricRegistries.global().addReportRegistration(...) before.
2019-11-13 20:20:21,051 [pool-569-thread-1] INFO  server.RaftServerConfigKeys (ConfUtils.java:logGet(43)) - raft.server.log.segment.cache.num.max = 2 (custom)
2019-11-13 20:20:21,051 [pool-569-thread-1] INFO  segmented.SegmentedRaftLogWorker (SegmentedRaftLogWorker.java:<init>(173)) - new 5d9d256b-54cf-4856-8c87-6034b73b04bd@group-8DEDC3E58C83-SegmentedRaftLogWorker for RaftStorage:Storage Directory /workdir/hadoop-ozone/integration-test/target/test-dir/MiniOzoneClusterImpl-252be716-c998-406a-83e5-534d363f62a9/datanode-6/data/ratis/57c109be-1673-49fd-a918-8dedc3e58c83
2019-11-13 20:20:21,051 [pool-569-thread-1] INFO  server.RaftServerConfigKeys (ConfUtils.java:logGet(43)) - raft.server.log.queue.byte-limit = 2147483647 (custom)
2019-11-13 20:20:21,051 [pool-569-thread-1] INFO  server.RaftServerConfigKeys (ConfUtils.java:logGet(43)) - raft.server.log.queue.element-limit = 1024 (custom)
2019-11-13 20:20:21,051 [pool-569-thread-1] INFO  server.RaftServerConfigKeys (ConfUtils.java:logGet(43)) - raft.server.log.segment.size.max = 1048576 (custom)
2019-11-13 20:20:21,051 [pool-569-thread-1] INFO  server.RaftServerConfigKeys (ConfUtils.java:logGet(43)) - raft.server.log.preallocated.size = 16384 (custom)
2019-11-13 20:20:21,052 [pool-569-thread-1] INFO  server.RaftServerConfigKeys (ConfUtils.java:logGet(43)) - raft.server.log.write.buffer.size = 33554432 (custom)
2019-11-13 20:20:21,052 [pool-569-thread-1] INFO  server.RaftServerConfigKeys (ConfUtils.java:logGet(43)) - raft.server.log.force.sync.num = 128 (default)
2019-11-13 20:20:21,052 [pool-569-thread-1] INFO  server.RaftServerConfigKeys (ConfUtils.java:logGet(43)) - raft.server.log.statemachine.data.sync = true (default)
2019-11-13 20:20:21,052 [pool-569-thread-1] INFO  server.RaftServerConfigKeys (ConfUtils.java:logGet(43)) - raft.server.log.statemachine.data.sync.timeout = 10s (default)
2019-11-13 20:20:21,052 [pool-569-thread-1] INFO  server.RaftServerConfigKeys (ConfUtils.java:logGet(43)) - raft.server.log.statemachine.data.sync.timeout.retry = -1 (default)
2019-11-13 20:20:21,053 [pool-569-thread-1] INFO  server.RaftServerConfigKeys (ConfUtils.java:logGet(43)) - raft.server.log.statemachine.data.caching.enabled = true (custom)
2019-11-13 20:20:21,053 [pool-569-thread-1] INFO  segmented.SegmentedRaftLogWorker (SegmentedRaftLogWorker.java:lambda$new$0(128)) - 5d9d256b-54cf-4856-8c87-6034b73b04bd@group-8DEDC3E58C83-SegmentedRaftLogWorker: flushIndex: setUnconditionally 0 -> -1
2019-11-13 20:20:21,053 [pool-569-thread-1] INFO  server.RaftServerConfigKeys (ConfUtils.java:logGet(43)) - raft.server.snapshot.auto.trigger.enabled = true (custom)
2019-11-13 20:20:21,053 [pool-569-thread-1] INFO  server.RaftServerConfigKeys (ConfUtils.java:logGet(43)) - raft.server.snapshot.auto.trigger.threshold = 10000 (custom)
2019-11-13 20:20:21,053 [pool-569-thread-1] INFO  server.RaftServerConfigKeys (ConfUtils.java:logGet(43)) - raft.server.snapshot.retention.file.num = 5 (custom)
2019-11-13 20:20:21,054 [pool-569-thread-1] INFO  server.RaftServerConfigKeys (ConfUtils.java:logGet(43)) - raft.server.retrycache.expirytime = 600000ms (custom)
2019-11-13 20:20:21,054 [pool-569-thread-1] WARN  impl.MetricRegistriesImpl (MetricRegistriesImpl.java:lambda$create$1(61)) - First MetricRegistry has been created without registering reporters. You may need to call MetricRegistries.global().addReportRegistration(...) before.
2019-11-13 20:20:21,054 [pool-569-thread-1] WARN  impl.MetricRegistriesImpl (MetricRegistriesImpl.java:lambda$create$1(61)) - First MetricRegistry has been created without registering reporters. You may need to call MetricRegistries.global().addReportRegistration(...) before.
2019-11-13 20:20:21,054 [pool-569-thread-1] INFO  impl.RaftServerImpl (RaftServerImpl.java:start(184)) - 5d9d256b-54cf-4856-8c87-6034b73b04bd@group-8DEDC3E58C83: start as a follower, conf=-1: [5d9d256b-54cf-4856-8c87-6034b73b04bd:192.168.164.208:43036], old=null
2019-11-13 20:20:21,054 [pool-569-thread-1] INFO  impl.RaftServerImpl (RaftServerImpl.java:setRole(173)) - 5d9d256b-54cf-4856-8c87-6034b73b04bd@group-8DEDC3E58C83: changes role from      null to FOLLOWER at term 0 for startAsFollower
2019-11-13 20:20:21,054 [pool-569-thread-1] INFO  impl.RoleInfo (RoleInfo.java:updateAndGet(143)) - 5d9d256b-54cf-4856-8c87-6034b73b04bd: start FollowerState
2019-11-13 20:20:21,055 [pool-569-thread-1] INFO  util.JmxRegister (JmxRegister.java:tryRegister(44)) - Successfully registered JMX Bean with object name Ratis:service=RaftServer,group=group-8DEDC3E58C83,id=5d9d256b-54cf-4856-8c87-6034b73b04bd
2019-11-13 20:20:21,055 [pool-569-thread-1] WARN  impl.MetricRegistriesImpl (MetricRegistriesImpl.java:lambda$create$1(61)) - First MetricRegistry has been created without registering reporters. You may need to call MetricRegistries.global().addReportRegistration(...) before.
2019-11-13 20:20:21,057 [RatisPipelineUtilsThread] INFO  pipeline.PipelineStateManager (PipelineStateManager.java:addPipeline(55)) - Created pipeline Pipeline[ Id: 57c109be-1673-49fd-a918-8dedc3e58c83, Nodes: 5d9d256b-54cf-4856-8c87-6034b73b04bd{ip: 192.168.164.208, host: pr-hdds-2375-t422d-1049308724, networkLocation: /rack1, certSerialId: null}, Type:RATIS, Factor:ONE, State:ALLOCATED]
2019-11-13 20:20:21,063 [grpc-default-executor-5] INFO  impl.RaftServerProxy (RaftServerProxy.java:addNew(89)) - 52541eb8-c0db-4941-8ea5-4f6f65566359: addNew group-AC4F6DDD0E54:[52541eb8-c0db-4941-8ea5-4f6f65566359:192.168.164.208:33189] returns group-AC4F6DDD0E54:java.util.concurrent.CompletableFuture@28d0b311[Not completed]
2019-11-13 20:20:21,064 [pool-589-thread-1] INFO  impl.RaftServerImpl (RaftServerImpl.java:<init>(98)) - 52541eb8-c0db-4941-8ea5-4f6f65566359: new RaftServerImpl for group-AC4F6DDD0E54:[52541eb8-c0db-4941-8ea5-4f6f65566359:192.168.164.208:33189] with ContainerStateMachine:uninitialized
2019-11-13 20:20:21,064 [pool-589-thread-1] INFO  server.RaftServerConfigKeys (ConfUtils.java:logGet(43)) - raft.server.rpc.timeout.min = 1s (custom)
2019-11-13 20:20:21,065 [pool-589-thread-1] INFO  server.RaftServerConfigKeys (ConfUtils.java:logGet(43)) - raft.server.rpc.timeout.max = 1200ms (custom)
2019-11-13 20:20:21,065 [pool-589-thread-1] INFO  server.RaftServerConfigKeys (ConfUtils.java:logGet(43)) - raft.server.rpcslowness.timeout = 120s (custom)
2019-11-13 20:20:21,065 [pool-589-thread-1] INFO  server.RaftServerConfigKeys (ConfUtils.java:logGet(43)) - raft.server.sleep.deviation.threshold = 300 (default)
2019-11-13 20:20:21,065 [pool-589-thread-1] INFO  server.RaftServerConfigKeys (ConfUtils.java:logGet(43)) - raft.server.log.appender.install.snapshot.enabled = false (custom)
2019-11-13 20:20:21,065 [pool-589-thread-1] INFO  impl.RaftServerImpl (ServerState.java:<init>(103)) - 52541eb8-c0db-4941-8ea5-4f6f65566359@group-AC4F6DDD0E54: ConfigurationManager, init=-1: [52541eb8-c0db-4941-8ea5-4f6f65566359:192.168.164.208:33189], old=null, confs=<EMPTY_MAP>
2019-11-13 20:20:21,065 [pool-589-thread-1] INFO  server.RaftServerConfigKeys (ConfUtils.java:logGet(43)) - raft.server.storage.dir = [/workdir/hadoop-ozone/integration-test/target/test-dir/MiniOzoneClusterImpl-252be716-c998-406a-83e5-534d363f62a9/datanode-8/data/ratis] (custom)
2019-11-13 20:20:21,065 [pool-589-thread-1] INFO  server.RaftServerConfigKeys (ConfUtils.java:logGet(43)) - raft.server.log.corruption.policy = EXCEPTION (default)
2019-11-13 20:20:21,066 [pool-589-thread-1] INFO  storage.RaftStorageDirectory (RaftStorageDirectory.java:analyzeStorage(246)) - The storage directory /workdir/hadoop-ozone/integration-test/target/test-dir/MiniOzoneClusterImpl-252be716-c998-406a-83e5-534d363f62a9/datanode-8/data/ratis/4b03e56f-b31c-42fc-9075-ac4f6ddd0e54 does not exist. Creating ...
2019-11-13 20:20:21,078 [pool-589-thread-1] INFO  storage.RaftStorageDirectory (RaftStorageDirectory.java:tryLock(328)) - Lock on /workdir/hadoop-ozone/integration-test/target/test-dir/MiniOzoneClusterImpl-252be716-c998-406a-83e5-534d363f62a9/datanode-8/data/ratis/4b03e56f-b31c-42fc-9075-ac4f6ddd0e54/in_use.lock acquired by nodename 4344@pr-hdds-2375-t422d-1049308724
2019-11-13 20:20:21,082 [IPC Server handler 8 on 35908] INFO  net.NetworkTopology (NetworkTopologyImpl.java:add(111)) - Added a new node: /rack1/ad900a72-65c6-4ee1-bf89-d32e01cfc372
2019-11-13 20:20:21,082 [IPC Server handler 8 on 35908] INFO  node.SCMNodeManager (SCMNodeManager.java:register(267)) - Registered Data node : ad900a72-65c6-4ee1-bf89-d32e01cfc372{ip: 192.168.164.208, host: pr-hdds-2375-t422d-1049308724, networkLocation: /rack1, certSerialId: null}
2019-11-13 20:20:21,091 [pool-589-thread-1] INFO  storage.RaftStorage (RaftStorage.java:format(84)) - Storage directory /workdir/hadoop-ozone/integration-test/target/test-dir/MiniOzoneClusterImpl-252be716-c998-406a-83e5-534d363f62a9/datanode-8/data/ratis/4b03e56f-b31c-42fc-9075-ac4f6ddd0e54 has been successfully formatted.
2019-11-13 20:20:21,091 [pool-589-thread-1] INFO  ratis.ContainerStateMachine (ContainerStateMachine.java:loadSnapshot(223)) - group-AC4F6DDD0E54: The snapshot info is null. Setting the last applied indexto:(t:0, i:~)
2019-11-13 20:20:21,091 [pool-589-thread-1] INFO  server.RaftServerConfigKeys (ConfUtils.java:logGet(43)) - raft.server.notification.no-leader.timeout = 120s (custom)
2019-11-13 20:20:21,092 [pool-589-thread-1] INFO  server.RaftServerConfigKeys (ConfUtils.java:logGet(43)) - raft.server.log.use.memory = false (default)
2019-11-13 20:20:21,092 [pool-589-thread-1] INFO  server.RaftServerConfigKeys (ConfUtils.java:logGet(43)) - raft.server.log.purge.gap = 1000000 (custom)
2019-11-13 20:20:21,092 [pool-589-thread-1] INFO  server.RaftServerConfigKeys (ConfUtils.java:logGet(43)) - raft.server.log.appender.buffer.byte-limit = 33554432 (custom)
2019-11-13 20:20:21,092 [pool-589-thread-1] INFO  server.RaftServerConfigKeys (ConfUtils.java:logGet(43)) - raft.server.log.segment.size.max = 1048576 (custom)
2019-11-13 20:20:21,092 [pool-589-thread-1] WARN  impl.MetricRegistriesImpl (MetricRegistriesImpl.java:lambda$create$1(61)) - First MetricRegistry has been created without registering reporters. You may need to call MetricRegistries.global().addReportRegistration(...) before.
2019-11-13 20:20:21,092 [pool-589-thread-1] INFO  server.RaftServerConfigKeys (ConfUtils.java:logGet(43)) - raft.server.log.segment.cache.num.max = 2 (custom)
2019-11-13 20:20:21,092 [pool-589-thread-1] INFO  segmented.SegmentedRaftLogWorker (SegmentedRaftLogWorker.java:<init>(173)) - new 52541eb8-c0db-4941-8ea5-4f6f65566359@group-AC4F6DDD0E54-SegmentedRaftLogWorker for RaftStorage:Storage Directory /workdir/hadoop-ozone/integration-test/target/test-dir/MiniOzoneClusterImpl-252be716-c998-406a-83e5-534d363f62a9/datanode-8/data/ratis/4b03e56f-b31c-42fc-9075-ac4f6ddd0e54
2019-11-13 20:20:21,092 [pool-589-thread-1] INFO  server.RaftServerConfigKeys (ConfUtils.java:logGet(43)) - raft.server.log.queue.byte-limit = 2147483647 (custom)
2019-11-13 20:20:21,092 [pool-589-thread-1] INFO  server.RaftServerConfigKeys (ConfUtils.java:logGet(43)) - raft.server.log.queue.element-limit = 1024 (custom)
2019-11-13 20:20:21,092 [pool-589-thread-1] INFO  server.RaftServerConfigKeys (ConfUtils.java:logGet(43)) - raft.server.log.segment.size.max = 1048576 (custom)
2019-11-13 20:20:21,092 [pool-589-thread-1] INFO  server.RaftServerConfigKeys (ConfUtils.java:logGet(43)) - raft.server.log.preallocated.size = 16384 (custom)
2019-11-13 20:20:21,093 [pool-589-thread-1] INFO  server.RaftServerConfigKeys (ConfUtils.java:logGet(43)) - raft.server.log.write.buffer.size = 33554432 (custom)
2019-11-13 20:20:21,093 [pool-589-thread-1] INFO  server.RaftServerConfigKeys (ConfUtils.java:logGet(43)) - raft.server.log.force.sync.num = 128 (default)
2019-11-13 20:20:21,093 [pool-589-thread-1] INFO  server.RaftServerConfigKeys (ConfUtils.java:logGet(43)) - raft.server.log.statemachine.data.sync = true (default)
2019-11-13 20:20:21,093 [pool-589-thread-1] INFO  server.RaftServerConfigKeys (ConfUtils.java:logGet(43)) - raft.server.log.statemachine.data.sync.timeout = 10s (default)
2019-11-13 20:20:21,093 [pool-589-thread-1] INFO  server.RaftServerConfigKeys (ConfUtils.java:logGet(43)) - raft.server.log.statemachine.data.sync.timeout.retry = -1 (default)
2019-11-13 20:20:21,093 [pool-589-thread-1] INFO  server.RaftServerConfigKeys (ConfUtils.java:logGet(43)) - raft.server.log.statemachine.data.caching.enabled = true (custom)
2019-11-13 20:20:21,093 [pool-589-thread-1] INFO  segmented.SegmentedRaftLogWorker (SegmentedRaftLogWorker.java:lambda$new$0(128)) - 52541eb8-c0db-4941-8ea5-4f6f65566359@group-AC4F6DDD0E54-SegmentedRaftLogWorker: flushIndex: setUnconditionally 0 -> -1
2019-11-13 20:20:21,094 [pool-589-thread-1] INFO  server.RaftServerConfigKeys (ConfUtils.java:logGet(43)) - raft.server.snapshot.auto.trigger.enabled = true (custom)
2019-11-13 20:20:21,094 [pool-589-thread-1] INFO  server.RaftServerConfigKeys (ConfUtils.java:logGet(43)) - raft.server.snapshot.auto.trigger.threshold = 10000 (custom)
2019-11-13 20:20:21,094 [pool-589-thread-1] INFO  server.RaftServerConfigKeys (ConfUtils.java:logGet(43)) - raft.server.snapshot.retention.file.num = 5 (custom)
2019-11-13 20:20:21,094 [pool-589-thread-1] INFO  server.RaftServerConfigKeys (ConfUtils.java:logGet(43)) - raft.server.retrycache.expirytime = 600000ms (custom)
2019-11-13 20:20:21,094 [pool-589-thread-1] WARN  impl.MetricRegistriesImpl (MetricRegistriesImpl.java:lambda$create$1(61)) - First MetricRegistry has been created without registering reporters. You may need to call MetricRegistries.global().addReportRegistration(...) before.
2019-11-13 20:20:21,094 [pool-589-thread-1] WARN  impl.MetricRegistriesImpl (MetricRegistriesImpl.java:lambda$create$1(61)) - First MetricRegistry has been created without registering reporters. You may need to call MetricRegistries.global().addReportRegistration(...) before.
2019-11-13 20:20:21,094 [pool-589-thread-1] INFO  impl.RaftServerImpl (RaftServerImpl.java:start(184)) - 52541eb8-c0db-4941-8ea5-4f6f65566359@group-AC4F6DDD0E54: start as a follower, conf=-1: [52541eb8-c0db-4941-8ea5-4f6f65566359:192.168.164.208:33189], old=null
2019-11-13 20:20:21,094 [pool-589-thread-1] INFO  impl.RaftServerImpl (RaftServerImpl.java:setRole(173)) - 52541eb8-c0db-4941-8ea5-4f6f65566359@group-AC4F6DDD0E54: changes role from      null to FOLLOWER at term 0 for startAsFollower
2019-11-13 20:20:21,094 [pool-589-thread-1] INFO  impl.RoleInfo (RoleInfo.java:updateAndGet(143)) - 52541eb8-c0db-4941-8ea5-4f6f65566359: start FollowerState
2019-11-13 20:20:21,095 [pool-589-thread-1] INFO  util.JmxRegister (JmxRegister.java:tryRegister(44)) - Successfully registered JMX Bean with object name Ratis:service=RaftServer,group=group-AC4F6DDD0E54,id=52541eb8-c0db-4941-8ea5-4f6f65566359
2019-11-13 20:20:21,095 [pool-589-thread-1] WARN  impl.MetricRegistriesImpl (MetricRegistriesImpl.java:lambda$create$1(61)) - First MetricRegistry has been created without registering reporters. You may need to call MetricRegistries.global().addReportRegistration(...) before.
2019-11-13 20:20:21,097 [RatisPipelineUtilsThread] INFO  pipeline.PipelineStateManager (PipelineStateManager.java:addPipeline(55)) - Created pipeline Pipeline[ Id: 4b03e56f-b31c-42fc-9075-ac4f6ddd0e54, Nodes: 52541eb8-c0db-4941-8ea5-4f6f65566359{ip: 192.168.164.208, host: pr-hdds-2375-t422d-1049308724, networkLocation: /rack1, certSerialId: null}, Type:RATIS, Factor:ONE, State:ALLOCATED]
2019-11-13 20:20:21,103 [grpc-default-executor-5] INFO  impl.RaftServerProxy (RaftServerProxy.java:addNew(89)) - ad900a72-65c6-4ee1-bf89-d32e01cfc372: addNew group-0F1D85717CE1:[ad900a72-65c6-4ee1-bf89-d32e01cfc372:192.168.164.208:38759] returns group-0F1D85717CE1:java.util.concurrent.CompletableFuture@780f0657[Not completed]
2019-11-13 20:20:21,104 [pool-599-thread-1] INFO  impl.RaftServerImpl (RaftServerImpl.java:<init>(98)) - ad900a72-65c6-4ee1-bf89-d32e01cfc372: new RaftServerImpl for group-0F1D85717CE1:[ad900a72-65c6-4ee1-bf89-d32e01cfc372:192.168.164.208:38759] with ContainerStateMachine:uninitialized
2019-11-13 20:20:21,104 [pool-599-thread-1] INFO  server.RaftServerConfigKeys (ConfUtils.java:logGet(43)) - raft.server.rpc.timeout.min = 1s (custom)
2019-11-13 20:20:21,104 [pool-599-thread-1] INFO  server.RaftServerConfigKeys (ConfUtils.java:logGet(43)) - raft.server.rpc.timeout.max = 1200ms (custom)
2019-11-13 20:20:21,104 [pool-599-thread-1] INFO  server.RaftServerConfigKeys (ConfUtils.java:logGet(43)) - raft.server.rpcslowness.timeout = 120s (custom)
2019-11-13 20:20:21,105 [pool-599-thread-1] INFO  server.RaftServerConfigKeys (ConfUtils.java:logGet(43)) - raft.server.sleep.deviation.threshold = 300 (default)
2019-11-13 20:20:21,105 [pool-599-thread-1] INFO  server.RaftServerConfigKeys (ConfUtils.java:logGet(43)) - raft.server.log.appender.install.snapshot.enabled = false (custom)
2019-11-13 20:20:21,105 [pool-599-thread-1] INFO  impl.RaftServerImpl (ServerState.java:<init>(103)) - ad900a72-65c6-4ee1-bf89-d32e01cfc372@group-0F1D85717CE1: ConfigurationManager, init=-1: [ad900a72-65c6-4ee1-bf89-d32e01cfc372:192.168.164.208:38759], old=null, confs=<EMPTY_MAP>
2019-11-13 20:20:21,105 [pool-599-thread-1] INFO  server.RaftServerConfigKeys (ConfUtils.java:logGet(43)) - raft.server.storage.dir = [/workdir/hadoop-ozone/integration-test/target/test-dir/MiniOzoneClusterImpl-252be716-c998-406a-83e5-534d363f62a9/datanode-9/data/ratis] (custom)
2019-11-13 20:20:21,105 [pool-599-thread-1] INFO  server.RaftServerConfigKeys (ConfUtils.java:logGet(43)) - raft.server.log.corruption.policy = EXCEPTION (default)
2019-11-13 20:20:21,105 [pool-599-thread-1] INFO  storage.RaftStorageDirectory (RaftStorageDirectory.java:analyzeStorage(246)) - The storage directory /workdir/hadoop-ozone/integration-test/target/test-dir/MiniOzoneClusterImpl-252be716-c998-406a-83e5-534d363f62a9/datanode-9/data/ratis/a1f41b45-7536-45e3-9fb6-0f1d85717ce1 does not exist. Creating ...
2019-11-13 20:20:21,118 [pool-599-thread-1] INFO  storage.RaftStorageDirectory (RaftStorageDirectory.java:tryLock(328)) - Lock on /workdir/hadoop-ozone/integration-test/target/test-dir/MiniOzoneClusterImpl-252be716-c998-406a-83e5-534d363f62a9/datanode-9/data/ratis/a1f41b45-7536-45e3-9fb6-0f1d85717ce1/in_use.lock acquired by nodename 4344@pr-hdds-2375-t422d-1049308724
2019-11-13 20:20:21,131 [pool-599-thread-1] INFO  storage.RaftStorage (RaftStorage.java:format(84)) - Storage directory /workdir/hadoop-ozone/integration-test/target/test-dir/MiniOzoneClusterImpl-252be716-c998-406a-83e5-534d363f62a9/datanode-9/data/ratis/a1f41b45-7536-45e3-9fb6-0f1d85717ce1 has been successfully formatted.
2019-11-13 20:20:21,131 [pool-599-thread-1] INFO  ratis.ContainerStateMachine (ContainerStateMachine.java:loadSnapshot(223)) - group-0F1D85717CE1: The snapshot info is null. Setting the last applied indexto:(t:0, i:~)
2019-11-13 20:20:21,132 [pool-599-thread-1] INFO  server.RaftServerConfigKeys (ConfUtils.java:logGet(43)) - raft.server.notification.no-leader.timeout = 120s (custom)
2019-11-13 20:20:21,132 [pool-599-thread-1] INFO  server.RaftServerConfigKeys (ConfUtils.java:logGet(43)) - raft.server.log.use.memory = false (default)
2019-11-13 20:20:21,132 [pool-599-thread-1] INFO  server.RaftServerConfigKeys (ConfUtils.java:logGet(43)) - raft.server.log.purge.gap = 1000000 (custom)
2019-11-13 20:20:21,132 [pool-599-thread-1] INFO  server.RaftServerConfigKeys (ConfUtils.java:logGet(43)) - raft.server.log.appender.buffer.byte-limit = 33554432 (custom)
2019-11-13 20:20:21,132 [pool-599-thread-1] INFO  server.RaftServerConfigKeys (ConfUtils.java:logGet(43)) - raft.server.log.segment.size.max = 1048576 (custom)
2019-11-13 20:20:21,132 [pool-599-thread-1] WARN  impl.MetricRegistriesImpl (MetricRegistriesImpl.java:lambda$create$1(61)) - First MetricRegistry has been created without registering reporters. You may need to call MetricRegistries.global().addReportRegistration(...) before.
2019-11-13 20:20:21,132 [pool-599-thread-1] INFO  server.RaftServerConfigKeys (ConfUtils.java:logGet(43)) - raft.server.log.segment.cache.num.max = 2 (custom)
2019-11-13 20:20:21,133 [pool-599-thread-1] INFO  segmented.SegmentedRaftLogWorker (SegmentedRaftLogWorker.java:<init>(173)) - new ad900a72-65c6-4ee1-bf89-d32e01cfc372@group-0F1D85717CE1-SegmentedRaftLogWorker for RaftStorage:Storage Directory /workdir/hadoop-ozone/integration-test/target/test-dir/MiniOzoneClusterImpl-252be716-c998-406a-83e5-534d363f62a9/datanode-9/data/ratis/a1f41b45-7536-45e3-9fb6-0f1d85717ce1
2019-11-13 20:20:21,133 [pool-599-thread-1] INFO  server.RaftServerConfigKeys (ConfUtils.java:logGet(43)) - raft.server.log.queue.byte-limit = 2147483647 (custom)
2019-11-13 20:20:21,133 [pool-599-thread-1] INFO  server.RaftServerConfigKeys (ConfUtils.java:logGet(43)) - raft.server.log.queue.element-limit = 1024 (custom)
2019-11-13 20:20:21,133 [pool-599-thread-1] INFO  server.RaftServerConfigKeys (ConfUtils.java:logGet(43)) - raft.server.log.segment.size.max = 1048576 (custom)
2019-11-13 20:20:21,133 [pool-599-thread-1] INFO  server.RaftServerConfigKeys (ConfUtils.java:logGet(43)) - raft.server.log.preallocated.size = 16384 (custom)
2019-11-13 20:20:21,133 [pool-599-thread-1] INFO  server.RaftServerConfigKeys (ConfUtils.java:logGet(43)) - raft.server.log.write.buffer.size = 33554432 (custom)
2019-11-13 20:20:21,133 [pool-599-thread-1] INFO  server.RaftServerConfigKeys (ConfUtils.java:logGet(43)) - raft.server.log.force.sync.num = 128 (default)
2019-11-13 20:20:21,134 [pool-599-thread-1] INFO  server.RaftServerConfigKeys (ConfUtils.java:logGet(43)) - raft.server.log.statemachine.data.sync = true (default)
2019-11-13 20:20:21,134 [pool-599-thread-1] INFO  server.RaftServerConfigKeys (ConfUtils.java:logGet(43)) - raft.server.log.statemachine.data.sync.timeout = 10s (default)
2019-11-13 20:20:21,134 [pool-599-thread-1] INFO  server.RaftServerConfigKeys (ConfUtils.java:logGet(43)) - raft.server.log.statemachine.data.sync.timeout.retry = -1 (default)
2019-11-13 20:20:21,134 [pool-599-thread-1] INFO  server.RaftServerConfigKeys (ConfUtils.java:logGet(43)) - raft.server.log.statemachine.data.caching.enabled = true (custom)
2019-11-13 20:20:21,134 [pool-599-thread-1] INFO  segmented.SegmentedRaftLogWorker (SegmentedRaftLogWorker.java:lambda$new$0(128)) - ad900a72-65c6-4ee1-bf89-d32e01cfc372@group-0F1D85717CE1-SegmentedRaftLogWorker: flushIndex: setUnconditionally 0 -> -1
2019-11-13 20:20:21,135 [pool-599-thread-1] INFO  server.RaftServerConfigKeys (ConfUtils.java:logGet(43)) - raft.server.snapshot.auto.trigger.enabled = true (custom)
2019-11-13 20:20:21,135 [pool-599-thread-1] INFO  server.RaftServerConfigKeys (ConfUtils.java:logGet(43)) - raft.server.snapshot.auto.trigger.threshold = 10000 (custom)
2019-11-13 20:20:21,135 [pool-599-thread-1] INFO  server.RaftServerConfigKeys (ConfUtils.java:logGet(43)) - raft.server.snapshot.retention.file.num = 5 (custom)
2019-11-13 20:20:21,135 [pool-599-thread-1] INFO  server.RaftServerConfigKeys (ConfUtils.java:logGet(43)) - raft.server.retrycache.expirytime = 600000ms (custom)
2019-11-13 20:20:21,135 [pool-599-thread-1] WARN  impl.MetricRegistriesImpl (MetricRegistriesImpl.java:lambda$create$1(61)) - First MetricRegistry has been created without registering reporters. You may need to call MetricRegistries.global().addReportRegistration(...) before.
2019-11-13 20:20:21,136 [pool-599-thread-1] WARN  impl.MetricRegistriesImpl (MetricRegistriesImpl.java:lambda$create$1(61)) - First MetricRegistry has been created without registering reporters. You may need to call MetricRegistries.global().addReportRegistration(...) before.
2019-11-13 20:20:21,136 [pool-599-thread-1] INFO  impl.RaftServerImpl (RaftServerImpl.java:start(184)) - ad900a72-65c6-4ee1-bf89-d32e01cfc372@group-0F1D85717CE1: start as a follower, conf=-1: [ad900a72-65c6-4ee1-bf89-d32e01cfc372:192.168.164.208:38759], old=null
2019-11-13 20:20:21,136 [pool-599-thread-1] INFO  impl.RaftServerImpl (RaftServerImpl.java:setRole(173)) - ad900a72-65c6-4ee1-bf89-d32e01cfc372@group-0F1D85717CE1: changes role from      null to FOLLOWER at term 0 for startAsFollower
2019-11-13 20:20:21,136 [pool-599-thread-1] INFO  impl.RoleInfo (RoleInfo.java:updateAndGet(143)) - ad900a72-65c6-4ee1-bf89-d32e01cfc372: start FollowerState
2019-11-13 20:20:21,137 [pool-599-thread-1] INFO  util.JmxRegister (JmxRegister.java:tryRegister(44)) - Successfully registered JMX Bean with object name Ratis:service=RaftServer,group=group-0F1D85717CE1,id=ad900a72-65c6-4ee1-bf89-d32e01cfc372
2019-11-13 20:20:21,137 [pool-599-thread-1] WARN  impl.MetricRegistriesImpl (MetricRegistriesImpl.java:lambda$create$1(61)) - First MetricRegistry has been created without registering reporters. You may need to call MetricRegistries.global().addReportRegistration(...) before.
2019-11-13 20:20:21,139 [RatisPipelineUtilsThread] INFO  pipeline.PipelineStateManager (PipelineStateManager.java:addPipeline(55)) - Created pipeline Pipeline[ Id: a1f41b45-7536-45e3-9fb6-0f1d85717ce1, Nodes: ad900a72-65c6-4ee1-bf89-d32e01cfc372{ip: 192.168.164.208, host: pr-hdds-2375-t422d-1049308724, networkLocation: /rack1, certSerialId: null}, Type:RATIS, Factor:ONE, State:ALLOCATED]
2019-11-13 20:20:21,149 [grpc-default-executor-6] INFO  impl.RaftServerProxy (RaftServerProxy.java:addNew(89)) - 5d9d256b-54cf-4856-8c87-6034b73b04bd: addNew group-53A8366392D7:[4ccef42d-128e-4eed-9e45-8d297f7adfc0:192.168.164.208:42894, 52541eb8-c0db-4941-8ea5-4f6f65566359:192.168.164.208:33189, 5d9d256b-54cf-4856-8c87-6034b73b04bd:192.168.164.208:43036] returns group-53A8366392D7:java.util.concurrent.CompletableFuture@e543a1[Not completed]
2019-11-13 20:20:21,149 [grpc-default-executor-0] INFO  impl.RaftServerProxy (RaftServerProxy.java:addNew(89)) - 4ccef42d-128e-4eed-9e45-8d297f7adfc0: addNew group-53A8366392D7:[4ccef42d-128e-4eed-9e45-8d297f7adfc0:192.168.164.208:42894, 52541eb8-c0db-4941-8ea5-4f6f65566359:192.168.164.208:33189, 5d9d256b-54cf-4856-8c87-6034b73b04bd:192.168.164.208:43036] returns group-53A8366392D7:java.util.concurrent.CompletableFuture@1d3684bc[Not completed]
2019-11-13 20:20:21,149 [grpc-default-executor-0] INFO  impl.RaftServerProxy (RaftServerProxy.java:addNew(89)) - 52541eb8-c0db-4941-8ea5-4f6f65566359: addNew group-53A8366392D7:[4ccef42d-128e-4eed-9e45-8d297f7adfc0:192.168.164.208:42894, 52541eb8-c0db-4941-8ea5-4f6f65566359:192.168.164.208:33189, 5d9d256b-54cf-4856-8c87-6034b73b04bd:192.168.164.208:43036] returns group-53A8366392D7:java.util.concurrent.CompletableFuture@5633cd5a[Not completed]
2019-11-13 20:20:21,150 [pool-579-thread-1] INFO  impl.RaftServerImpl (RaftServerImpl.java:<init>(98)) - 4ccef42d-128e-4eed-9e45-8d297f7adfc0: new RaftServerImpl for group-53A8366392D7:[4ccef42d-128e-4eed-9e45-8d297f7adfc0:192.168.164.208:42894, 52541eb8-c0db-4941-8ea5-4f6f65566359:192.168.164.208:33189, 5d9d256b-54cf-4856-8c87-6034b73b04bd:192.168.164.208:43036] with ContainerStateMachine:uninitialized
2019-11-13 20:20:21,150 [pool-579-thread-1] INFO  server.RaftServerConfigKeys (ConfUtils.java:logGet(43)) - raft.server.rpc.timeout.min = 1s (custom)
2019-11-13 20:20:21,151 [pool-579-thread-1] INFO  server.RaftServerConfigKeys (ConfUtils.java:logGet(43)) - raft.server.rpc.timeout.max = 1200ms (custom)
2019-11-13 20:20:21,151 [pool-579-thread-1] INFO  server.RaftServerConfigKeys (ConfUtils.java:logGet(43)) - raft.server.rpcslowness.timeout = 120s (custom)
2019-11-13 20:20:21,151 [pool-579-thread-1] INFO  server.RaftServerConfigKeys (ConfUtils.java:logGet(43)) - raft.server.sleep.deviation.threshold = 300 (default)
2019-11-13 20:20:21,151 [pool-579-thread-1] INFO  server.RaftServerConfigKeys (ConfUtils.java:logGet(43)) - raft.server.log.appender.install.snapshot.enabled = false (custom)
2019-11-13 20:20:21,151 [pool-579-thread-1] INFO  impl.RaftServerImpl (ServerState.java:<init>(103)) - 4ccef42d-128e-4eed-9e45-8d297f7adfc0@group-53A8366392D7: ConfigurationManager, init=-1: [4ccef42d-128e-4eed-9e45-8d297f7adfc0:192.168.164.208:42894, 52541eb8-c0db-4941-8ea5-4f6f65566359:192.168.164.208:33189, 5d9d256b-54cf-4856-8c87-6034b73b04bd:192.168.164.208:43036], old=null, confs=<EMPTY_MAP>
2019-11-13 20:20:21,151 [pool-589-thread-1] INFO  impl.RaftServerImpl (RaftServerImpl.java:<init>(98)) - 52541eb8-c0db-4941-8ea5-4f6f65566359: new RaftServerImpl for group-53A8366392D7:[4ccef42d-128e-4eed-9e45-8d297f7adfc0:192.168.164.208:42894, 52541eb8-c0db-4941-8ea5-4f6f65566359:192.168.164.208:33189, 5d9d256b-54cf-4856-8c87-6034b73b04bd:192.168.164.208:43036] with ContainerStateMachine:uninitialized
2019-11-13 20:20:21,151 [pool-579-thread-1] INFO  server.RaftServerConfigKeys (ConfUtils.java:logGet(43)) - raft.server.storage.dir = [/workdir/hadoop-ozone/integration-test/target/test-dir/MiniOzoneClusterImpl-252be716-c998-406a-83e5-534d363f62a9/datanode-7/data/ratis] (custom)
2019-11-13 20:20:21,151 [pool-589-thread-1] INFO  server.RaftServerConfigKeys (ConfUtils.java:logGet(43)) - raft.server.rpc.timeout.min = 1s (custom)
2019-11-13 20:20:21,151 [pool-589-thread-1] INFO  server.RaftServerConfigKeys (ConfUtils.java:logGet(43)) - raft.server.rpc.timeout.max = 1200ms (custom)
2019-11-13 20:20:21,151 [pool-579-thread-1] INFO  server.RaftServerConfigKeys (ConfUtils.java:logGet(43)) - raft.server.log.corruption.policy = EXCEPTION (default)
2019-11-13 20:20:21,151 [pool-589-thread-1] INFO  server.RaftServerConfigKeys (ConfUtils.java:logGet(43)) - raft.server.rpcslowness.timeout = 120s (custom)
2019-11-13 20:20:21,152 [pool-569-thread-1] INFO  impl.RaftServerImpl (RaftServerImpl.java:<init>(98)) - 5d9d256b-54cf-4856-8c87-6034b73b04bd: new RaftServerImpl for group-53A8366392D7:[4ccef42d-128e-4eed-9e45-8d297f7adfc0:192.168.164.208:42894, 52541eb8-c0db-4941-8ea5-4f6f65566359:192.168.164.208:33189, 5d9d256b-54cf-4856-8c87-6034b73b04bd:192.168.164.208:43036] with ContainerStateMachine:uninitialized
2019-11-13 20:20:21,152 [pool-589-thread-1] INFO  server.RaftServerConfigKeys (ConfUtils.java:logGet(43)) - raft.server.sleep.deviation.threshold = 300 (default)
2019-11-13 20:20:21,152 [pool-579-thread-1] INFO  storage.RaftStorageDirectory (RaftStorageDirectory.java:analyzeStorage(246)) - The storage directory /workdir/hadoop-ozone/integration-test/target/test-dir/MiniOzoneClusterImpl-252be716-c998-406a-83e5-534d363f62a9/datanode-7/data/ratis/331595c1-ba5d-49bf-9d61-53a8366392d7 does not exist. Creating ...
2019-11-13 20:20:21,152 [pool-589-thread-1] INFO  server.RaftServerConfigKeys (ConfUtils.java:logGet(43)) - raft.server.log.appender.install.snapshot.enabled = false (custom)
2019-11-13 20:20:21,152 [pool-569-thread-1] INFO  server.RaftServerConfigKeys (ConfUtils.java:logGet(43)) - raft.server.rpc.timeout.min = 1s (custom)
2019-11-13 20:20:21,152 [pool-589-thread-1] INFO  impl.RaftServerImpl (ServerState.java:<init>(103)) - 52541eb8-c0db-4941-8ea5-4f6f65566359@group-53A8366392D7: ConfigurationManager, init=-1: [4ccef42d-128e-4eed-9e45-8d297f7adfc0:192.168.164.208:42894, 52541eb8-c0db-4941-8ea5-4f6f65566359:192.168.164.208:33189, 5d9d256b-54cf-4856-8c87-6034b73b04bd:192.168.164.208:43036], old=null, confs=<EMPTY_MAP>
2019-11-13 20:20:21,152 [pool-569-thread-1] INFO  server.RaftServerConfigKeys (ConfUtils.java:logGet(43)) - raft.server.rpc.timeout.max = 1200ms (custom)
2019-11-13 20:20:21,152 [pool-589-thread-1] INFO  server.RaftServerConfigKeys (ConfUtils.java:logGet(43)) - raft.server.storage.dir = [/workdir/hadoop-ozone/integration-test/target/test-dir/MiniOzoneClusterImpl-252be716-c998-406a-83e5-534d363f62a9/datanode-8/data/ratis] (custom)
2019-11-13 20:20:21,153 [pool-569-thread-1] INFO  server.RaftServerConfigKeys (ConfUtils.java:logGet(43)) - raft.server.rpcslowness.timeout = 120s (custom)
2019-11-13 20:20:21,153 [pool-569-thread-1] INFO  server.RaftServerConfigKeys (ConfUtils.java:logGet(43)) - raft.server.sleep.deviation.threshold = 300 (default)
2019-11-13 20:20:21,153 [pool-589-thread-1] INFO  server.RaftServerConfigKeys (ConfUtils.java:logGet(43)) - raft.server.log.corruption.policy = EXCEPTION (default)
2019-11-13 20:20:21,153 [pool-569-thread-1] INFO  server.RaftServerConfigKeys (ConfUtils.java:logGet(43)) - raft.server.log.appender.install.snapshot.enabled = false (custom)
2019-11-13 20:20:21,153 [pool-589-thread-1] INFO  storage.RaftStorageDirectory (RaftStorageDirectory.java:analyzeStorage(246)) - The storage directory /workdir/hadoop-ozone/integration-test/target/test-dir/MiniOzoneClusterImpl-252be716-c998-406a-83e5-534d363f62a9/datanode-8/data/ratis/331595c1-ba5d-49bf-9d61-53a8366392d7 does not exist. Creating ...
2019-11-13 20:20:21,153 [pool-569-thread-1] INFO  impl.RaftServerImpl (ServerState.java:<init>(103)) - 5d9d256b-54cf-4856-8c87-6034b73b04bd@group-53A8366392D7: ConfigurationManager, init=-1: [4ccef42d-128e-4eed-9e45-8d297f7adfc0:192.168.164.208:42894, 52541eb8-c0db-4941-8ea5-4f6f65566359:192.168.164.208:33189, 5d9d256b-54cf-4856-8c87-6034b73b04bd:192.168.164.208:43036], old=null, confs=<EMPTY_MAP>
2019-11-13 20:20:21,153 [pool-569-thread-1] INFO  server.RaftServerConfigKeys (ConfUtils.java:logGet(43)) - raft.server.storage.dir = [/workdir/hadoop-ozone/integration-test/target/test-dir/MiniOzoneClusterImpl-252be716-c998-406a-83e5-534d363f62a9/datanode-6/data/ratis] (custom)
2019-11-13 20:20:21,154 [pool-569-thread-1] INFO  server.RaftServerConfigKeys (ConfUtils.java:logGet(43)) - raft.server.log.corruption.policy = EXCEPTION (default)
2019-11-13 20:20:21,154 [pool-569-thread-1] INFO  storage.RaftStorageDirectory (RaftStorageDirectory.java:analyzeStorage(246)) - The storage directory /workdir/hadoop-ozone/integration-test/target/test-dir/MiniOzoneClusterImpl-252be716-c998-406a-83e5-534d363f62a9/datanode-6/data/ratis/331595c1-ba5d-49bf-9d61-53a8366392d7 does not exist. Creating ...
2019-11-13 20:20:21,177 [pool-589-thread-1] INFO  storage.RaftStorageDirectory (RaftStorageDirectory.java:tryLock(328)) - Lock on /workdir/hadoop-ozone/integration-test/target/test-dir/MiniOzoneClusterImpl-252be716-c998-406a-83e5-534d363f62a9/datanode-8/data/ratis/331595c1-ba5d-49bf-9d61-53a8366392d7/in_use.lock acquired by nodename 4344@pr-hdds-2375-t422d-1049308724
2019-11-13 20:20:21,177 [pool-579-thread-1] INFO  storage.RaftStorageDirectory (RaftStorageDirectory.java:tryLock(328)) - Lock on /workdir/hadoop-ozone/integration-test/target/test-dir/MiniOzoneClusterImpl-252be716-c998-406a-83e5-534d363f62a9/datanode-7/data/ratis/331595c1-ba5d-49bf-9d61-53a8366392d7/in_use.lock acquired by nodename 4344@pr-hdds-2375-t422d-1049308724
2019-11-13 20:20:21,177 [pool-569-thread-1] INFO  storage.RaftStorageDirectory (RaftStorageDirectory.java:tryLock(328)) - Lock on /workdir/hadoop-ozone/integration-test/target/test-dir/MiniOzoneClusterImpl-252be716-c998-406a-83e5-534d363f62a9/datanode-6/data/ratis/331595c1-ba5d-49bf-9d61-53a8366392d7/in_use.lock acquired by nodename 4344@pr-hdds-2375-t422d-1049308724
2019-11-13 20:20:21,193 [pool-569-thread-1] INFO  storage.RaftStorage (RaftStorage.java:format(84)) - Storage directory /workdir/hadoop-ozone/integration-test/target/test-dir/MiniOzoneClusterImpl-252be716-c998-406a-83e5-534d363f62a9/datanode-6/data/ratis/331595c1-ba5d-49bf-9d61-53a8366392d7 has been successfully formatted.
2019-11-13 20:20:21,193 [pool-589-thread-1] INFO  storage.RaftStorage (RaftStorage.java:format(84)) - Storage directory /workdir/hadoop-ozone/integration-test/target/test-dir/MiniOzoneClusterImpl-252be716-c998-406a-83e5-534d363f62a9/datanode-8/data/ratis/331595c1-ba5d-49bf-9d61-53a8366392d7 has been successfully formatted.
2019-11-13 20:20:21,193 [pool-579-thread-1] INFO  storage.RaftStorage (RaftStorage.java:format(84)) - Storage directory /workdir/hadoop-ozone/integration-test/target/test-dir/MiniOzoneClusterImpl-252be716-c998-406a-83e5-534d363f62a9/datanode-7/data/ratis/331595c1-ba5d-49bf-9d61-53a8366392d7 has been successfully formatted.
2019-11-13 20:20:21,194 [pool-589-thread-1] INFO  ratis.ContainerStateMachine (ContainerStateMachine.java:loadSnapshot(223)) - group-53A8366392D7: The snapshot info is null. Setting the last applied indexto:(t:0, i:~)
2019-11-13 20:20:21,194 [pool-569-thread-1] INFO  ratis.ContainerStateMachine (ContainerStateMachine.java:loadSnapshot(223)) - group-53A8366392D7: The snapshot info is null. Setting the last applied indexto:(t:0, i:~)
2019-11-13 20:20:21,194 [pool-589-thread-1] INFO  server.RaftServerConfigKeys (ConfUtils.java:logGet(43)) - raft.server.notification.no-leader.timeout = 120s (custom)
2019-11-13 20:20:21,194 [pool-579-thread-1] INFO  ratis.ContainerStateMachine (ContainerStateMachine.java:loadSnapshot(223)) - group-53A8366392D7: The snapshot info is null. Setting the last applied indexto:(t:0, i:~)
2019-11-13 20:20:21,194 [pool-589-thread-1] INFO  server.RaftServerConfigKeys (ConfUtils.java:logGet(43)) - raft.server.log.use.memory = false (default)
2019-11-13 20:20:21,194 [pool-569-thread-1] INFO  server.RaftServerConfigKeys (ConfUtils.java:logGet(43)) - raft.server.notification.no-leader.timeout = 120s (custom)
2019-11-13 20:20:21,194 [pool-589-thread-1] INFO  server.RaftServerConfigKeys (ConfUtils.java:logGet(43)) - raft.server.log.purge.gap = 1000000 (custom)
2019-11-13 20:20:21,194 [pool-579-thread-1] INFO  server.RaftServerConfigKeys (ConfUtils.java:logGet(43)) - raft.server.notification.no-leader.timeout = 120s (custom)
2019-11-13 20:20:21,195 [pool-589-thread-1] INFO  server.RaftServerConfigKeys (ConfUtils.java:logGet(43)) - raft.server.log.appender.buffer.byte-limit = 33554432 (custom)
2019-11-13 20:20:21,195 [pool-569-thread-1] INFO  server.RaftServerConfigKeys (ConfUtils.java:logGet(43)) - raft.server.log.use.memory = false (default)
2019-11-13 20:20:21,195 [pool-589-thread-1] INFO  server.RaftServerConfigKeys (ConfUtils.java:logGet(43)) - raft.server.log.segment.size.max = 1048576 (custom)
2019-11-13 20:20:21,195 [pool-579-thread-1] INFO  server.RaftServerConfigKeys (ConfUtils.java:logGet(43)) - raft.server.log.use.memory = false (default)
2019-11-13 20:20:21,195 [pool-589-thread-1] INFO  server.RaftServerConfigKeys (ConfUtils.java:logGet(43)) - raft.server.log.segment.cache.num.max = 2 (custom)
2019-11-13 20:20:21,195 [pool-569-thread-1] INFO  server.RaftServerConfigKeys (ConfUtils.java:logGet(43)) - raft.server.log.purge.gap = 1000000 (custom)
2019-11-13 20:20:21,195 [pool-589-thread-1] INFO  segmented.SegmentedRaftLogWorker (SegmentedRaftLogWorker.java:<init>(173)) - new 52541eb8-c0db-4941-8ea5-4f6f65566359@group-53A8366392D7-SegmentedRaftLogWorker for RaftStorage:Storage Directory /workdir/hadoop-ozone/integration-test/target/test-dir/MiniOzoneClusterImpl-252be716-c998-406a-83e5-534d363f62a9/datanode-8/data/ratis/331595c1-ba5d-49bf-9d61-53a8366392d7
2019-11-13 20:20:21,195 [pool-579-thread-1] INFO  server.RaftServerConfigKeys (ConfUtils.java:logGet(43)) - raft.server.log.purge.gap = 1000000 (custom)
2019-11-13 20:20:21,196 [pool-589-thread-1] INFO  server.RaftServerConfigKeys (ConfUtils.java:logGet(43)) - raft.server.log.queue.byte-limit = 2147483647 (custom)
2019-11-13 20:20:21,196 [pool-569-thread-1] INFO  server.RaftServerConfigKeys (ConfUtils.java:logGet(43)) - raft.server.log.appender.buffer.byte-limit = 33554432 (custom)
2019-11-13 20:20:21,196 [pool-589-thread-1] INFO  server.RaftServerConfigKeys (ConfUtils.java:logGet(43)) - raft.server.log.queue.element-limit = 1024 (custom)
2019-11-13 20:20:21,196 [pool-579-thread-1] INFO  server.RaftServerConfigKeys (ConfUtils.java:logGet(43)) - raft.server.log.appender.buffer.byte-limit = 33554432 (custom)
2019-11-13 20:20:21,196 [pool-589-thread-1] INFO  server.RaftServerConfigKeys (ConfUtils.java:logGet(43)) - raft.server.log.segment.size.max = 1048576 (custom)
2019-11-13 20:20:21,196 [pool-569-thread-1] INFO  server.RaftServerConfigKeys (ConfUtils.java:logGet(43)) - raft.server.log.segment.size.max = 1048576 (custom)
2019-11-13 20:20:21,196 [pool-589-thread-1] INFO  server.RaftServerConfigKeys (ConfUtils.java:logGet(43)) - raft.server.log.preallocated.size = 16384 (custom)
2019-11-13 20:20:21,196 [pool-579-thread-1] INFO  server.RaftServerConfigKeys (ConfUtils.java:logGet(43)) - raft.server.log.segment.size.max = 1048576 (custom)
2019-11-13 20:20:21,197 [pool-589-thread-1] INFO  server.RaftServerConfigKeys (ConfUtils.java:logGet(43)) - raft.server.log.write.buffer.size = 33554432 (custom)
2019-11-13 20:20:21,197 [pool-589-thread-1] INFO  server.RaftServerConfigKeys (ConfUtils.java:logGet(43)) - raft.server.log.force.sync.num = 128 (default)
2019-11-13 20:20:21,197 [pool-569-thread-1] INFO  server.RaftServerConfigKeys (ConfUtils.java:logGet(43)) - raft.server.log.segment.cache.num.max = 2 (custom)
2019-11-13 20:20:21,197 [pool-589-thread-1] INFO  server.RaftServerConfigKeys (ConfUtils.java:logGet(43)) - raft.server.log.statemachine.data.sync = true (default)
2019-11-13 20:20:21,197 [pool-579-thread-1] INFO  server.RaftServerConfigKeys (ConfUtils.java:logGet(43)) - raft.server.log.segment.cache.num.max = 2 (custom)
2019-11-13 20:20:21,197 [pool-589-thread-1] INFO  server.RaftServerConfigKeys (ConfUtils.java:logGet(43)) - raft.server.log.statemachine.data.sync.timeout = 10s (default)
2019-11-13 20:20:21,197 [pool-569-thread-1] INFO  segmented.SegmentedRaftLogWorker (SegmentedRaftLogWorker.java:<init>(173)) - new 5d9d256b-54cf-4856-8c87-6034b73b04bd@group-53A8366392D7-SegmentedRaftLogWorker for RaftStorage:Storage Directory /workdir/hadoop-ozone/integration-test/target/test-dir/MiniOzoneClusterImpl-252be716-c998-406a-83e5-534d363f62a9/datanode-6/data/ratis/331595c1-ba5d-49bf-9d61-53a8366392d7
2019-11-13 20:20:21,197 [pool-589-thread-1] INFO  server.RaftServerConfigKeys (ConfUtils.java:logGet(43)) - raft.server.log.statemachine.data.sync.timeout.retry = -1 (default)
2019-11-13 20:20:21,197 [pool-579-thread-1] INFO  segmented.SegmentedRaftLogWorker (SegmentedRaftLogWorker.java:<init>(173)) - new 4ccef42d-128e-4eed-9e45-8d297f7adfc0@group-53A8366392D7-SegmentedRaftLogWorker for RaftStorage:Storage Directory /workdir/hadoop-ozone/integration-test/target/test-dir/MiniOzoneClusterImpl-252be716-c998-406a-83e5-534d363f62a9/datanode-7/data/ratis/331595c1-ba5d-49bf-9d61-53a8366392d7
2019-11-13 20:20:21,198 [pool-589-thread-1] INFO  server.RaftServerConfigKeys (ConfUtils.java:logGet(43)) - raft.server.log.statemachine.data.caching.enabled = true (custom)
2019-11-13 20:20:21,197 [pool-569-thread-1] INFO  server.RaftServerConfigKeys (ConfUtils.java:logGet(43)) - raft.server.log.queue.byte-limit = 2147483647 (custom)
2019-11-13 20:20:21,198 [pool-579-thread-1] INFO  server.RaftServerConfigKeys (ConfUtils.java:logGet(43)) - raft.server.log.queue.byte-limit = 2147483647 (custom)
2019-11-13 20:20:21,198 [pool-589-thread-1] INFO  segmented.SegmentedRaftLogWorker (SegmentedRaftLogWorker.java:lambda$new$0(128)) - 52541eb8-c0db-4941-8ea5-4f6f65566359@group-53A8366392D7-SegmentedRaftLogWorker: flushIndex: setUnconditionally 0 -> -1
2019-11-13 20:20:21,198 [pool-569-thread-1] INFO  server.RaftServerConfigKeys (ConfUtils.java:logGet(43)) - raft.server.log.queue.element-limit = 1024 (custom)
2019-11-13 20:20:21,198 [pool-579-thread-1] INFO  server.RaftServerConfigKeys (ConfUtils.java:logGet(43)) - raft.server.log.queue.element-limit = 1024 (custom)
2019-11-13 20:20:21,198 [pool-589-thread-1] INFO  server.RaftServerConfigKeys (ConfUtils.java:logGet(43)) - raft.server.snapshot.auto.trigger.enabled = true (custom)
2019-11-13 20:20:21,198 [pool-569-thread-1] INFO  server.RaftServerConfigKeys (ConfUtils.java:logGet(43)) - raft.server.log.segment.size.max = 1048576 (custom)
2019-11-13 20:20:21,198 [pool-589-thread-1] INFO  server.RaftServerConfigKeys (ConfUtils.java:logGet(43)) - raft.server.snapshot.auto.trigger.threshold = 10000 (custom)
2019-11-13 20:20:21,198 [pool-579-thread-1] INFO  server.RaftServerConfigKeys (ConfUtils.java:logGet(43)) - raft.server.log.segment.size.max = 1048576 (custom)
2019-11-13 20:20:21,199 [pool-589-thread-1] INFO  server.RaftServerConfigKeys (ConfUtils.java:logGet(43)) - raft.server.snapshot.retention.file.num = 5 (custom)
2019-11-13 20:20:21,199 [pool-569-thread-1] INFO  server.RaftServerConfigKeys (ConfUtils.java:logGet(43)) - raft.server.log.preallocated.size = 16384 (custom)
2019-11-13 20:20:21,199 [pool-589-thread-1] INFO  server.RaftServerConfigKeys (ConfUtils.java:logGet(43)) - raft.server.retrycache.expirytime = 600000ms (custom)
2019-11-13 20:20:21,199 [pool-579-thread-1] INFO  server.RaftServerConfigKeys (ConfUtils.java:logGet(43)) - raft.server.log.preallocated.size = 16384 (custom)
2019-11-13 20:20:21,199 [pool-589-thread-1] WARN  impl.MetricRegistriesImpl (MetricRegistriesImpl.java:lambda$create$1(61)) - First MetricRegistry has been created without registering reporters. You may need to call MetricRegistries.global().addReportRegistration(...) before.
2019-11-13 20:20:21,199 [pool-569-thread-1] INFO  server.RaftServerConfigKeys (ConfUtils.java:logGet(43)) - raft.server.log.write.buffer.size = 33554432 (custom)
2019-11-13 20:20:21,199 [pool-589-thread-1] WARN  impl.MetricRegistriesImpl (MetricRegistriesImpl.java:lambda$create$1(61)) - First MetricRegistry has been created without registering reporters. You may need to call MetricRegistries.global().addReportRegistration(...) before.
2019-11-13 20:20:21,199 [pool-579-thread-1] INFO  server.RaftServerConfigKeys (ConfUtils.java:logGet(43)) - raft.server.log.write.buffer.size = 33554432 (custom)
2019-11-13 20:20:21,199 [pool-569-thread-1] INFO  server.RaftServerConfigKeys (ConfUtils.java:logGet(43)) - raft.server.log.force.sync.num = 128 (default)
2019-11-13 20:20:21,199 [pool-579-thread-1] INFO  server.RaftServerConfigKeys (ConfUtils.java:logGet(43)) - raft.server.log.force.sync.num = 128 (default)
2019-11-13 20:20:21,199 [pool-589-thread-1] INFO  impl.RaftServerImpl (RaftServerImpl.java:start(184)) - 52541eb8-c0db-4941-8ea5-4f6f65566359@group-53A8366392D7: start as a follower, conf=-1: [4ccef42d-128e-4eed-9e45-8d297f7adfc0:192.168.164.208:42894, 52541eb8-c0db-4941-8ea5-4f6f65566359:192.168.164.208:33189, 5d9d256b-54cf-4856-8c87-6034b73b04bd:192.168.164.208:43036], old=null
2019-11-13 20:20:21,200 [pool-579-thread-1] INFO  server.RaftServerConfigKeys (ConfUtils.java:logGet(43)) - raft.server.log.statemachine.data.sync = true (default)
2019-11-13 20:20:21,200 [pool-569-thread-1] INFO  server.RaftServerConfigKeys (ConfUtils.java:logGet(43)) - raft.server.log.statemachine.data.sync = true (default)
2019-11-13 20:20:21,200 [pool-579-thread-1] INFO  server.RaftServerConfigKeys (ConfUtils.java:logGet(43)) - raft.server.log.statemachine.data.sync.timeout = 10s (default)
2019-11-13 20:20:21,200 [pool-589-thread-1] INFO  impl.RaftServerImpl (RaftServerImpl.java:setRole(173)) - 52541eb8-c0db-4941-8ea5-4f6f65566359@group-53A8366392D7: changes role from      null to FOLLOWER at term 0 for startAsFollower
2019-11-13 20:20:21,200 [pool-579-thread-1] INFO  server.RaftServerConfigKeys (ConfUtils.java:logGet(43)) - raft.server.log.statemachine.data.sync.timeout.retry = -1 (default)
2019-11-13 20:20:21,200 [pool-569-thread-1] INFO  server.RaftServerConfigKeys (ConfUtils.java:logGet(43)) - raft.server.log.statemachine.data.sync.timeout = 10s (default)
2019-11-13 20:20:21,200 [pool-579-thread-1] INFO  server.RaftServerConfigKeys (ConfUtils.java:logGet(43)) - raft.server.log.statemachine.data.caching.enabled = true (custom)
2019-11-13 20:20:21,200 [pool-589-thread-1] INFO  impl.RoleInfo (RoleInfo.java:updateAndGet(143)) - 52541eb8-c0db-4941-8ea5-4f6f65566359: start FollowerState
2019-11-13 20:20:21,200 [pool-569-thread-1] INFO  server.RaftServerConfigKeys (ConfUtils.java:logGet(43)) - raft.server.log.statemachine.data.sync.timeout.retry = -1 (default)
2019-11-13 20:20:21,200 [pool-579-thread-1] INFO  segmented.SegmentedRaftLogWorker (SegmentedRaftLogWorker.java:lambda$new$0(128)) - 4ccef42d-128e-4eed-9e45-8d297f7adfc0@group-53A8366392D7-SegmentedRaftLogWorker: flushIndex: setUnconditionally 0 -> -1
2019-11-13 20:20:21,201 [pool-569-thread-1] INFO  server.RaftServerConfigKeys (ConfUtils.java:logGet(43)) - raft.server.log.statemachine.data.caching.enabled = true (custom)
2019-11-13 20:20:21,201 [pool-589-thread-1] INFO  util.JmxRegister (JmxRegister.java:tryRegister(44)) - Successfully registered JMX Bean with object name Ratis:service=RaftServer,group=group-53A8366392D7,id=52541eb8-c0db-4941-8ea5-4f6f65566359
2019-11-13 20:20:21,201 [pool-569-thread-1] INFO  segmented.SegmentedRaftLogWorker (SegmentedRaftLogWorker.java:lambda$new$0(128)) - 5d9d256b-54cf-4856-8c87-6034b73b04bd@group-53A8366392D7-SegmentedRaftLogWorker: flushIndex: setUnconditionally 0 -> -1
2019-11-13 20:20:21,201 [pool-579-thread-1] INFO  server.RaftServerConfigKeys (ConfUtils.java:logGet(43)) - raft.server.snapshot.auto.trigger.enabled = true (custom)
2019-11-13 20:20:21,201 [pool-589-thread-1] WARN  impl.MetricRegistriesImpl (MetricRegistriesImpl.java:lambda$create$1(61)) - First MetricRegistry has been created without registering reporters. You may need to call MetricRegistries.global().addReportRegistration(...) before.
2019-11-13 20:20:21,201 [pool-569-thread-1] INFO  server.RaftServerConfigKeys (ConfUtils.java:logGet(43)) - raft.server.snapshot.auto.trigger.enabled = true (custom)
2019-11-13 20:20:21,201 [pool-579-thread-1] INFO  server.RaftServerConfigKeys (ConfUtils.java:logGet(43)) - raft.server.snapshot.auto.trigger.threshold = 10000 (custom)
2019-11-13 20:20:21,201 [pool-569-thread-1] INFO  server.RaftServerConfigKeys (ConfUtils.java:logGet(43)) - raft.server.snapshot.auto.trigger.threshold = 10000 (custom)
2019-11-13 20:20:21,201 [pool-579-thread-1] INFO  server.RaftServerConfigKeys (ConfUtils.java:logGet(43)) - raft.server.snapshot.retention.file.num = 5 (custom)
2019-11-13 20:20:21,202 [pool-569-thread-1] INFO  server.RaftServerConfigKeys (ConfUtils.java:logGet(43)) - raft.server.snapshot.retention.file.num = 5 (custom)
2019-11-13 20:20:21,202 [pool-579-thread-1] INFO  server.RaftServerConfigKeys (ConfUtils.java:logGet(43)) - raft.server.retrycache.expirytime = 600000ms (custom)
2019-11-13 20:20:21,202 [pool-569-thread-1] INFO  server.RaftServerConfigKeys (ConfUtils.java:logGet(43)) - raft.server.retrycache.expirytime = 600000ms (custom)
2019-11-13 20:20:21,202 [pool-579-thread-1] WARN  impl.MetricRegistriesImpl (MetricRegistriesImpl.java:lambda$create$1(61)) - First MetricRegistry has been created without registering reporters. You may need to call MetricRegistries.global().addReportRegistration(...) before.
2019-11-13 20:20:21,202 [pool-569-thread-1] WARN  impl.MetricRegistriesImpl (MetricRegistriesImpl.java:lambda$create$1(61)) - First MetricRegistry has been created without registering reporters. You may need to call MetricRegistries.global().addReportRegistration(...) before.
2019-11-13 20:20:21,202 [pool-579-thread-1] WARN  impl.MetricRegistriesImpl (MetricRegistriesImpl.java:lambda$create$1(61)) - First MetricRegistry has been created without registering reporters. You may need to call MetricRegistries.global().addReportRegistration(...) before.
2019-11-13 20:20:21,202 [pool-569-thread-1] WARN  impl.MetricRegistriesImpl (MetricRegistriesImpl.java:lambda$create$1(61)) - First MetricRegistry has been created without registering reporters. You may need to call MetricRegistries.global().addReportRegistration(...) before.
2019-11-13 20:20:21,202 [pool-579-thread-1] INFO  impl.RaftServerImpl (RaftServerImpl.java:start(184)) - 4ccef42d-128e-4eed-9e45-8d297f7adfc0@group-53A8366392D7: start as a follower, conf=-1: [4ccef42d-128e-4eed-9e45-8d297f7adfc0:192.168.164.208:42894, 52541eb8-c0db-4941-8ea5-4f6f65566359:192.168.164.208:33189, 5d9d256b-54cf-4856-8c87-6034b73b04bd:192.168.164.208:43036], old=null
2019-11-13 20:20:21,202 [pool-569-thread-1] INFO  impl.RaftServerImpl (RaftServerImpl.java:start(184)) - 5d9d256b-54cf-4856-8c87-6034b73b04bd@group-53A8366392D7: start as a follower, conf=-1: [4ccef42d-128e-4eed-9e45-8d297f7adfc0:192.168.164.208:42894, 52541eb8-c0db-4941-8ea5-4f6f65566359:192.168.164.208:33189, 5d9d256b-54cf-4856-8c87-6034b73b04bd:192.168.164.208:43036], old=null
2019-11-13 20:20:21,202 [pool-579-thread-1] INFO  impl.RaftServerImpl (RaftServerImpl.java:setRole(173)) - 4ccef42d-128e-4eed-9e45-8d297f7adfc0@group-53A8366392D7: changes role from      null to FOLLOWER at term 0 for startAsFollower
2019-11-13 20:20:21,202 [pool-569-thread-1] INFO  impl.RaftServerImpl (RaftServerImpl.java:setRole(173)) - 5d9d256b-54cf-4856-8c87-6034b73b04bd@group-53A8366392D7: changes role from      null to FOLLOWER at term 0 for startAsFollower
2019-11-13 20:20:21,203 [pool-579-thread-1] INFO  impl.RoleInfo (RoleInfo.java:updateAndGet(143)) - 4ccef42d-128e-4eed-9e45-8d297f7adfc0: start FollowerState
2019-11-13 20:20:21,203 [pool-569-thread-1] INFO  impl.RoleInfo (RoleInfo.java:updateAndGet(143)) - 5d9d256b-54cf-4856-8c87-6034b73b04bd: start FollowerState
2019-11-13 20:20:21,203 [pool-579-thread-1] INFO  util.JmxRegister (JmxRegister.java:tryRegister(44)) - Successfully registered JMX Bean with object name Ratis:service=RaftServer,group=group-53A8366392D7,id=4ccef42d-128e-4eed-9e45-8d297f7adfc0
2019-11-13 20:20:21,203 [pool-579-thread-1] WARN  impl.MetricRegistriesImpl (MetricRegistriesImpl.java:lambda$create$1(61)) - First MetricRegistry has been created without registering reporters. You may need to call MetricRegistries.global().addReportRegistration(...) before.
2019-11-13 20:20:21,203 [pool-569-thread-1] INFO  util.JmxRegister (JmxRegister.java:tryRegister(44)) - Successfully registered JMX Bean with object name Ratis:service=RaftServer,group=group-53A8366392D7,id=5d9d256b-54cf-4856-8c87-6034b73b04bd
2019-11-13 20:20:21,203 [pool-569-thread-1] WARN  impl.MetricRegistriesImpl (MetricRegistriesImpl.java:lambda$create$1(61)) - First MetricRegistry has been created without registering reporters. You may need to call MetricRegistries.global().addReportRegistration(...) before.
2019-11-13 20:20:21,205 [RatisPipelineUtilsThread] INFO  pipeline.PipelineStateManager (PipelineStateManager.java:addPipeline(55)) - Created pipeline Pipeline[ Id: 331595c1-ba5d-49bf-9d61-53a8366392d7, Nodes: 52541eb8-c0db-4941-8ea5-4f6f65566359{ip: 192.168.164.208, host: pr-hdds-2375-t422d-1049308724, networkLocation: /rack1, certSerialId: null}4ccef42d-128e-4eed-9e45-8d297f7adfc0{ip: 192.168.164.208, host: pr-hdds-2375-t422d-1049308724, networkLocation: /rack1, certSerialId: null}5d9d256b-54cf-4856-8c87-6034b73b04bd{ip: 192.168.164.208, host: pr-hdds-2375-t422d-1049308724, networkLocation: /rack1, certSerialId: null}, Type:RATIS, Factor:THREE, State:ALLOCATED]
2019-11-13 20:20:21,206 [main] INFO  ozone.MiniOzoneClusterImpl (MiniOzoneClusterImpl.java:lambda$waitForClusterToBeReady$2(163)) - Waiting for 13 number of pipelines out of 13, to report a leader.
2019-11-13 20:20:21,521 [Thread-4133] INFO  impl.FollowerState (FollowerState.java:run(111)) - 57e4e4f3-95e6-4ba3-b7c4-7652bb100830@group-CA2EB2FC7D2F-FollowerState: change to CANDIDATE, lastRpcTime:1097ms, electionTimeout:1097ms
2019-11-13 20:20:21,522 [Thread-4133] INFO  impl.RoleInfo (RoleInfo.java:shutdownFollowerState(121)) - 57e4e4f3-95e6-4ba3-b7c4-7652bb100830: shutdown FollowerState
2019-11-13 20:20:21,522 [Thread-4133] INFO  impl.RaftServerImpl (RaftServerImpl.java:setRole(173)) - 57e4e4f3-95e6-4ba3-b7c4-7652bb100830@group-CA2EB2FC7D2F: changes role from  FOLLOWER to CANDIDATE at term 0 for changeToCandidate
2019-11-13 20:20:21,522 [Thread-4133] INFO  impl.RoleInfo (RoleInfo.java:updateAndGet(143)) - 57e4e4f3-95e6-4ba3-b7c4-7652bb100830: start LeaderElection
2019-11-13 20:20:21,541 [57e4e4f3-95e6-4ba3-b7c4-7652bb100830@group-CA2EB2FC7D2F-LeaderElection187] INFO  impl.LeaderElection (LeaderElection.java:askForVotes(178)) - 57e4e4f3-95e6-4ba3-b7c4-7652bb100830@group-CA2EB2FC7D2F-LeaderElection187: begin an election at term 1 for -1: [57e4e4f3-95e6-4ba3-b7c4-7652bb100830:192.168.164.208:33520], old=null
2019-11-13 20:20:21,541 [57e4e4f3-95e6-4ba3-b7c4-7652bb100830@group-CA2EB2FC7D2F-LeaderElection187] INFO  impl.RoleInfo (RoleInfo.java:shutdownLeaderElection(134)) - 57e4e4f3-95e6-4ba3-b7c4-7652bb100830: shutdown LeaderElection
2019-11-13 20:20:21,542 [57e4e4f3-95e6-4ba3-b7c4-7652bb100830@group-CA2EB2FC7D2F-LeaderElection187] INFO  impl.RaftServerImpl (RaftServerImpl.java:setRole(173)) - 57e4e4f3-95e6-4ba3-b7c4-7652bb100830@group-CA2EB2FC7D2F: changes role from CANDIDATE to LEADER at term 1 for changeToLeader
2019-11-13 20:20:21,542 [57e4e4f3-95e6-4ba3-b7c4-7652bb100830@group-CA2EB2FC7D2F-LeaderElection187] INFO  ratis.XceiverServerRatis (XceiverServerRatis.java:handleLeaderChangedNotification(697)) - Leader change notification received for group: group-CA2EB2FC7D2F with new leaderId: 57e4e4f3-95e6-4ba3-b7c4-7652bb100830
2019-11-13 20:20:21,542 [57e4e4f3-95e6-4ba3-b7c4-7652bb100830@group-CA2EB2FC7D2F-LeaderElection187] INFO  impl.RaftServerImpl (ServerState.java:setLeader(255)) - 57e4e4f3-95e6-4ba3-b7c4-7652bb100830@group-CA2EB2FC7D2F: change Leader from null to 57e4e4f3-95e6-4ba3-b7c4-7652bb100830 at term 1 for becomeLeader, leader elected after 1122ms
2019-11-13 20:20:21,542 [57e4e4f3-95e6-4ba3-b7c4-7652bb100830@group-CA2EB2FC7D2F-LeaderElection187] INFO  server.RaftServerConfigKeys (ConfUtils.java:logGet(43)) - raft.server.staging.catchup.gap = 1000 (default)
2019-11-13 20:20:21,544 [57e4e4f3-95e6-4ba3-b7c4-7652bb100830@group-CA2EB2FC7D2F-LeaderElection187] INFO  server.RaftServerConfigKeys (ConfUtils.java:logGet(43)) - raft.server.rpc.sleep.time = 25ms (default)
2019-11-13 20:20:21,544 [57e4e4f3-95e6-4ba3-b7c4-7652bb100830@group-CA2EB2FC7D2F-LeaderElection187] INFO  server.RaftServerConfigKeys (ConfUtils.java:logGet(43)) - raft.server.write.element-limit = 4096 (default)
2019-11-13 20:20:21,545 [57e4e4f3-95e6-4ba3-b7c4-7652bb100830@group-CA2EB2FC7D2F-LeaderElection187] INFO  server.RaftServerConfigKeys (ConfUtils.java:logGet(43)) - raft.server.watch.timeout = 10s (default)
2019-11-13 20:20:21,545 [57e4e4f3-95e6-4ba3-b7c4-7652bb100830@group-CA2EB2FC7D2F-LeaderElection187] INFO  server.RaftServerConfigKeys (ConfUtils.java:logGet(43)) - raft.server.watch.timeout.denomination = 1s (default)
2019-11-13 20:20:21,545 [57e4e4f3-95e6-4ba3-b7c4-7652bb100830@group-CA2EB2FC7D2F-LeaderElection187] INFO  server.RaftServerConfigKeys (ConfUtils.java:logGet(43)) - raft.server.watch.element-limit = 65536 (default)
2019-11-13 20:20:21,545 [57e4e4f3-95e6-4ba3-b7c4-7652bb100830@group-CA2EB2FC7D2F-LeaderElection187] INFO  impl.RoleInfo (RoleInfo.java:updateAndGet(143)) - 57e4e4f3-95e6-4ba3-b7c4-7652bb100830: start LeaderState
2019-11-13 20:20:21,545 [EventQueue-PipelineReportForPipelineReportHandler] INFO  pipeline.PipelineStateManager (PipelineStateManager.java:openPipeline(134)) - Pipeline Pipeline[ Id: 7fcd7a55-56e0-4a25-9e72-ca2eb2fc7d2f, Nodes: 57e4e4f3-95e6-4ba3-b7c4-7652bb100830{ip: 192.168.164.208, host: pr-hdds-2375-t422d-1049308724, networkLocation: /rack1, certSerialId: null}, Type:RATIS, Factor:ONE, State:OPEN] moved to OPEN state
2019-11-13 20:20:21,546 [57e4e4f3-95e6-4ba3-b7c4-7652bb100830@group-CA2EB2FC7D2F-LeaderElection187] INFO  segmented.SegmentedRaftLogWorker (SegmentedRaftLogWorker.java:startLogSegment(385)) - 57e4e4f3-95e6-4ba3-b7c4-7652bb100830@group-CA2EB2FC7D2F-SegmentedRaftLogWorker: Starting segment from index:0
2019-11-13 20:20:21,546 [57e4e4f3-95e6-4ba3-b7c4-7652bb100830@group-CA2EB2FC7D2F-LeaderElection187] INFO  impl.RaftServerImpl (ServerState.java:setRaftConf(356)) - 57e4e4f3-95e6-4ba3-b7c4-7652bb100830@group-CA2EB2FC7D2F: set configuration 0: [57e4e4f3-95e6-4ba3-b7c4-7652bb100830:192.168.164.208:33520], old=null at 0
2019-11-13 20:20:21,552 [Thread-4136] INFO  impl.FollowerState (FollowerState.java:run(111)) - 2eae8a0c-14f7-4974-be0f-a72b7694e262@group-B358BC70BC31-FollowerState: change to CANDIDATE, lastRpcTime:1065ms, electionTimeout:1065ms
2019-11-13 20:20:21,552 [Thread-4136] INFO  impl.RoleInfo (RoleInfo.java:shutdownFollowerState(121)) - 2eae8a0c-14f7-4974-be0f-a72b7694e262: shutdown FollowerState
2019-11-13 20:20:21,552 [Thread-4136] INFO  impl.RaftServerImpl (RaftServerImpl.java:setRole(173)) - 2eae8a0c-14f7-4974-be0f-a72b7694e262@group-B358BC70BC31: changes role from  FOLLOWER to CANDIDATE at term 0 for changeToCandidate
2019-11-13 20:20:21,552 [Thread-4136] INFO  impl.RoleInfo (RoleInfo.java:updateAndGet(143)) - 2eae8a0c-14f7-4974-be0f-a72b7694e262: start LeaderElection
2019-11-13 20:20:21,599 [57e4e4f3-95e6-4ba3-b7c4-7652bb100830@group-CA2EB2FC7D2F-SegmentedRaftLogWorker] INFO  segmented.SegmentedRaftLogWorker (SegmentedRaftLogWorker.java:execute(576)) - 57e4e4f3-95e6-4ba3-b7c4-7652bb100830@group-CA2EB2FC7D2F-SegmentedRaftLogWorker: created new log segment /workdir/hadoop-ozone/integration-test/target/test-dir/MiniOzoneClusterImpl-252be716-c998-406a-83e5-534d363f62a9/datanode-0/data/ratis/7fcd7a55-56e0-4a25-9e72-ca2eb2fc7d2f/current/log_inprogress_0
2019-11-13 20:20:21,599 [2eae8a0c-14f7-4974-be0f-a72b7694e262@group-B358BC70BC31-LeaderElection188] INFO  impl.LeaderElection (LeaderElection.java:askForVotes(178)) - 2eae8a0c-14f7-4974-be0f-a72b7694e262@group-B358BC70BC31-LeaderElection188: begin an election at term 1 for -1: [2eae8a0c-14f7-4974-be0f-a72b7694e262:192.168.164.208:33269], old=null
2019-11-13 20:20:21,599 [2eae8a0c-14f7-4974-be0f-a72b7694e262@group-B358BC70BC31-LeaderElection188] INFO  impl.RoleInfo (RoleInfo.java:shutdownLeaderElection(134)) - 2eae8a0c-14f7-4974-be0f-a72b7694e262: shutdown LeaderElection
2019-11-13 20:20:21,599 [2eae8a0c-14f7-4974-be0f-a72b7694e262@group-B358BC70BC31-LeaderElection188] INFO  impl.RaftServerImpl (RaftServerImpl.java:setRole(173)) - 2eae8a0c-14f7-4974-be0f-a72b7694e262@group-B358BC70BC31: changes role from CANDIDATE to LEADER at term 1 for changeToLeader
2019-11-13 20:20:21,599 [2eae8a0c-14f7-4974-be0f-a72b7694e262@group-B358BC70BC31-LeaderElection188] INFO  ratis.XceiverServerRatis (XceiverServerRatis.java:handleLeaderChangedNotification(697)) - Leader change notification received for group: group-B358BC70BC31 with new leaderId: 2eae8a0c-14f7-4974-be0f-a72b7694e262
2019-11-13 20:20:21,600 [2eae8a0c-14f7-4974-be0f-a72b7694e262@group-B358BC70BC31-LeaderElection188] INFO  impl.RaftServerImpl (ServerState.java:setLeader(255)) - 2eae8a0c-14f7-4974-be0f-a72b7694e262@group-B358BC70BC31: change Leader from null to 2eae8a0c-14f7-4974-be0f-a72b7694e262 at term 1 for becomeLeader, leader elected after 1117ms
2019-11-13 20:20:21,600 [2eae8a0c-14f7-4974-be0f-a72b7694e262@group-B358BC70BC31-LeaderElection188] INFO  server.RaftServerConfigKeys (ConfUtils.java:logGet(43)) - raft.server.staging.catchup.gap = 1000 (default)
2019-11-13 20:20:21,602 [2eae8a0c-14f7-4974-be0f-a72b7694e262@group-B358BC70BC31-LeaderElection188] INFO  server.RaftServerConfigKeys (ConfUtils.java:logGet(43)) - raft.server.rpc.sleep.time = 25ms (default)
2019-11-13 20:20:21,602 [2eae8a0c-14f7-4974-be0f-a72b7694e262@group-B358BC70BC31-LeaderElection188] INFO  server.RaftServerConfigKeys (ConfUtils.java:logGet(43)) - raft.server.write.element-limit = 4096 (default)
2019-11-13 20:20:21,602 [2eae8a0c-14f7-4974-be0f-a72b7694e262@group-B358BC70BC31-LeaderElection188] INFO  server.RaftServerConfigKeys (ConfUtils.java:logGet(43)) - raft.server.watch.timeout = 10s (default)
2019-11-13 20:20:21,602 [2eae8a0c-14f7-4974-be0f-a72b7694e262@group-B358BC70BC31-LeaderElection188] INFO  server.RaftServerConfigKeys (ConfUtils.java:logGet(43)) - raft.server.watch.timeout.denomination = 1s (default)
2019-11-13 20:20:21,603 [2eae8a0c-14f7-4974-be0f-a72b7694e262@group-B358BC70BC31-LeaderElection188] INFO  server.RaftServerConfigKeys (ConfUtils.java:logGet(43)) - raft.server.watch.element-limit = 65536 (default)
2019-11-13 20:20:21,603 [EventQueue-PipelineReportForPipelineReportHandler] INFO  pipeline.PipelineStateManager (PipelineStateManager.java:openPipeline(134)) - Pipeline Pipeline[ Id: 5df931fc-2bcf-45d1-a525-b358bc70bc31, Nodes: 2eae8a0c-14f7-4974-be0f-a72b7694e262{ip: 192.168.164.208, host: pr-hdds-2375-t422d-1049308724, networkLocation: /rack1, certSerialId: null}, Type:RATIS, Factor:ONE, State:OPEN] moved to OPEN state
2019-11-13 20:20:21,603 [2eae8a0c-14f7-4974-be0f-a72b7694e262@group-B358BC70BC31-LeaderElection188] INFO  impl.RoleInfo (RoleInfo.java:updateAndGet(143)) - 2eae8a0c-14f7-4974-be0f-a72b7694e262: start LeaderState
2019-11-13 20:20:21,603 [2eae8a0c-14f7-4974-be0f-a72b7694e262@group-B358BC70BC31-LeaderElection188] INFO  segmented.SegmentedRaftLogWorker (SegmentedRaftLogWorker.java:startLogSegment(385)) - 2eae8a0c-14f7-4974-be0f-a72b7694e262@group-B358BC70BC31-SegmentedRaftLogWorker: Starting segment from index:0
2019-11-13 20:20:21,604 [2eae8a0c-14f7-4974-be0f-a72b7694e262@group-B358BC70BC31-LeaderElection188] INFO  impl.RaftServerImpl (ServerState.java:setRaftConf(356)) - 2eae8a0c-14f7-4974-be0f-a72b7694e262@group-B358BC70BC31: set configuration 0: [2eae8a0c-14f7-4974-be0f-a72b7694e262:192.168.164.208:33269], old=null at 0
2019-11-13 20:20:21,644 [Thread-4143] INFO  impl.FollowerState (FollowerState.java:run(111)) - 57e4e4f3-95e6-4ba3-b7c4-7652bb100830@group-26CD4F9A286B-FollowerState: change to CANDIDATE, lastRpcTime:1009ms, electionTimeout:1008ms
2019-11-13 20:20:21,644 [Thread-4143] INFO  impl.RoleInfo (RoleInfo.java:shutdownFollowerState(121)) - 57e4e4f3-95e6-4ba3-b7c4-7652bb100830: shutdown FollowerState
2019-11-13 20:20:21,644 [Thread-4143] INFO  impl.RaftServerImpl (RaftServerImpl.java:setRole(173)) - 57e4e4f3-95e6-4ba3-b7c4-7652bb100830@group-26CD4F9A286B: changes role from  FOLLOWER to CANDIDATE at term 0 for changeToCandidate
2019-11-13 20:20:21,644 [Thread-4143] INFO  impl.RoleInfo (RoleInfo.java:updateAndGet(143)) - 57e4e4f3-95e6-4ba3-b7c4-7652bb100830: start LeaderElection
2019-11-13 20:20:21,649 [Thread-4144] INFO  impl.FollowerState (FollowerState.java:run(111)) - b0735163-16b4-4eff-936d-5712c77b458f@group-26CD4F9A286B-FollowerState: change to CANDIDATE, lastRpcTime:1013ms, electionTimeout:1011ms
2019-11-13 20:20:21,649 [Thread-4144] INFO  impl.RoleInfo (RoleInfo.java:shutdownFollowerState(121)) - b0735163-16b4-4eff-936d-5712c77b458f: shutdown FollowerState
2019-11-13 20:20:21,649 [Thread-4144] INFO  impl.RaftServerImpl (RaftServerImpl.java:setRole(173)) - b0735163-16b4-4eff-936d-5712c77b458f@group-26CD4F9A286B: changes role from  FOLLOWER to CANDIDATE at term 0 for changeToCandidate
2019-11-13 20:20:21,649 [Thread-4144] INFO  impl.RoleInfo (RoleInfo.java:updateAndGet(143)) - b0735163-16b4-4eff-936d-5712c77b458f: start LeaderElection
2019-11-13 20:20:21,654 [2eae8a0c-14f7-4974-be0f-a72b7694e262@group-B358BC70BC31-SegmentedRaftLogWorker] INFO  segmented.SegmentedRaftLogWorker (SegmentedRaftLogWorker.java:execute(576)) - 2eae8a0c-14f7-4974-be0f-a72b7694e262@group-B358BC70BC31-SegmentedRaftLogWorker: created new log segment /workdir/hadoop-ozone/integration-test/target/test-dir/MiniOzoneClusterImpl-252be716-c998-406a-83e5-534d363f62a9/datanode-1/data/ratis/5df931fc-2bcf-45d1-a525-b358bc70bc31/current/log_inprogress_0
2019-11-13 20:20:21,681 [b0735163-16b4-4eff-936d-5712c77b458f@group-26CD4F9A286B-LeaderElection190] INFO  impl.LeaderElection (LeaderElection.java:askForVotes(178)) - b0735163-16b4-4eff-936d-5712c77b458f@group-26CD4F9A286B-LeaderElection190: begin an election at term 1 for -1: [2eae8a0c-14f7-4974-be0f-a72b7694e262:192.168.164.208:33269, b0735163-16b4-4eff-936d-5712c77b458f:192.168.164.208:33769, 57e4e4f3-95e6-4ba3-b7c4-7652bb100830:192.168.164.208:33520], old=null
2019-11-13 20:20:21,681 [57e4e4f3-95e6-4ba3-b7c4-7652bb100830@group-26CD4F9A286B-LeaderElection189] INFO  impl.LeaderElection (LeaderElection.java:askForVotes(178)) - 57e4e4f3-95e6-4ba3-b7c4-7652bb100830@group-26CD4F9A286B-LeaderElection189: begin an election at term 1 for -1: [2eae8a0c-14f7-4974-be0f-a72b7694e262:192.168.164.208:33269, b0735163-16b4-4eff-936d-5712c77b458f:192.168.164.208:33769, 57e4e4f3-95e6-4ba3-b7c4-7652bb100830:192.168.164.208:33520], old=null
2019-11-13 20:20:21,689 [grpc-default-executor-6] INFO  impl.RaftServerImpl (RaftServerImpl.java:setRole(173)) - 2eae8a0c-14f7-4974-be0f-a72b7694e262@group-26CD4F9A286B: changes role from  FOLLOWER to FOLLOWER at term 1 for recognizeCandidate:57e4e4f3-95e6-4ba3-b7c4-7652bb100830
2019-11-13 20:20:21,689 [grpc-default-executor-6] INFO  impl.RoleInfo (RoleInfo.java:shutdownFollowerState(121)) - 2eae8a0c-14f7-4974-be0f-a72b7694e262: shutdown FollowerState
2019-11-13 20:20:21,689 [grpc-default-executor-6] INFO  impl.RoleInfo (RoleInfo.java:updateAndGet(143)) - 2eae8a0c-14f7-4974-be0f-a72b7694e262: start FollowerState
2019-11-13 20:20:21,689 [Thread-4148] INFO  impl.FollowerState (FollowerState.java:run(120)) - 2eae8a0c-14f7-4974-be0f-a72b7694e262@group-26CD4F9A286B-FollowerState was interrupted: java.lang.InterruptedException: sleep interrupted
2019-11-13 20:20:21,705 [b0735163-16b4-4eff-936d-5712c77b458f@group-26CD4F9A286B-LeaderElection190] INFO  impl.LeaderElection (LeaderElection.java:logAndReturn(56)) - b0735163-16b4-4eff-936d-5712c77b458f@group-26CD4F9A286B-LeaderElection190: Election REJECTED; received 2 response(s) [b0735163-16b4-4eff-936d-5712c77b458f<-2eae8a0c-14f7-4974-be0f-a72b7694e262#0:FAIL-t1, b0735163-16b4-4eff-936d-5712c77b458f<-57e4e4f3-95e6-4ba3-b7c4-7652bb100830#0:FAIL-t1] and 0 exception(s); b0735163-16b4-4eff-936d-5712c77b458f@group-26CD4F9A286B:t1, leader=null, voted=b0735163-16b4-4eff-936d-5712c77b458f, raftlog=b0735163-16b4-4eff-936d-5712c77b458f@group-26CD4F9A286B-SegmentedRaftLog:OPENED:c-1,f-1,i0, conf=-1: [2eae8a0c-14f7-4974-be0f-a72b7694e262:192.168.164.208:33269, b0735163-16b4-4eff-936d-5712c77b458f:192.168.164.208:33769, 57e4e4f3-95e6-4ba3-b7c4-7652bb100830:192.168.164.208:33520], old=null
2019-11-13 20:20:21,706 [57e4e4f3-95e6-4ba3-b7c4-7652bb100830@group-26CD4F9A286B-LeaderElection189] INFO  impl.LeaderElection (LeaderElection.java:logAndReturn(56)) - 57e4e4f3-95e6-4ba3-b7c4-7652bb100830@group-26CD4F9A286B-LeaderElection189: Election PASSED; received 2 response(s) [57e4e4f3-95e6-4ba3-b7c4-7652bb100830<-2eae8a0c-14f7-4974-be0f-a72b7694e262#0:OK-t1, 57e4e4f3-95e6-4ba3-b7c4-7652bb100830<-b0735163-16b4-4eff-936d-5712c77b458f#0:FAIL-t1] and 0 exception(s); 57e4e4f3-95e6-4ba3-b7c4-7652bb100830@group-26CD4F9A286B:t1, leader=null, voted=57e4e4f3-95e6-4ba3-b7c4-7652bb100830, raftlog=57e4e4f3-95e6-4ba3-b7c4-7652bb100830@group-26CD4F9A286B-SegmentedRaftLog:OPENED:c-1,f-1,i0, conf=-1: [2eae8a0c-14f7-4974-be0f-a72b7694e262:192.168.164.208:33269, b0735163-16b4-4eff-936d-5712c77b458f:192.168.164.208:33769, 57e4e4f3-95e6-4ba3-b7c4-7652bb100830:192.168.164.208:33520], old=null
2019-11-13 20:20:21,706 [b0735163-16b4-4eff-936d-5712c77b458f@group-26CD4F9A286B-LeaderElection190] INFO  impl.RaftServerImpl (RaftServerImpl.java:setRole(173)) - b0735163-16b4-4eff-936d-5712c77b458f@group-26CD4F9A286B: changes role from CANDIDATE to FOLLOWER at term 1 for DISCOVERED_A_NEW_TERM
2019-11-13 20:20:21,706 [57e4e4f3-95e6-4ba3-b7c4-7652bb100830@group-26CD4F9A286B-LeaderElection189] INFO  impl.RoleInfo (RoleInfo.java:shutdownLeaderElection(134)) - 57e4e4f3-95e6-4ba3-b7c4-7652bb100830: shutdown LeaderElection
2019-11-13 20:20:21,706 [b0735163-16b4-4eff-936d-5712c77b458f@group-26CD4F9A286B-LeaderElection190] INFO  impl.RoleInfo (RoleInfo.java:shutdownLeaderElection(134)) - b0735163-16b4-4eff-936d-5712c77b458f: shutdown LeaderElection
2019-11-13 20:20:21,706 [57e4e4f3-95e6-4ba3-b7c4-7652bb100830@group-26CD4F9A286B-LeaderElection189] INFO  impl.RaftServerImpl (RaftServerImpl.java:setRole(173)) - 57e4e4f3-95e6-4ba3-b7c4-7652bb100830@group-26CD4F9A286B: changes role from CANDIDATE to LEADER at term 1 for changeToLeader
2019-11-13 20:20:21,706 [b0735163-16b4-4eff-936d-5712c77b458f@group-26CD4F9A286B-LeaderElection190] INFO  impl.RoleInfo (RoleInfo.java:updateAndGet(143)) - b0735163-16b4-4eff-936d-5712c77b458f: start FollowerState
2019-11-13 20:20:21,706 [57e4e4f3-95e6-4ba3-b7c4-7652bb100830@group-26CD4F9A286B-LeaderElection189] INFO  ratis.XceiverServerRatis (XceiverServerRatis.java:handleLeaderChangedNotification(697)) - Leader change notification received for group: group-26CD4F9A286B with new leaderId: 57e4e4f3-95e6-4ba3-b7c4-7652bb100830
2019-11-13 20:20:21,707 [57e4e4f3-95e6-4ba3-b7c4-7652bb100830@group-26CD4F9A286B-LeaderElection189] INFO  impl.RaftServerImpl (ServerState.java:setLeader(255)) - 57e4e4f3-95e6-4ba3-b7c4-7652bb100830@group-26CD4F9A286B: change Leader from null to 57e4e4f3-95e6-4ba3-b7c4-7652bb100830 at term 1 for becomeLeader, leader elected after 1079ms
2019-11-13 20:20:21,707 [57e4e4f3-95e6-4ba3-b7c4-7652bb100830@group-26CD4F9A286B-LeaderElection189] INFO  server.RaftServerConfigKeys (ConfUtils.java:logGet(43)) - raft.server.staging.catchup.gap = 1000 (default)
2019-11-13 20:20:21,707 [57e4e4f3-95e6-4ba3-b7c4-7652bb100830@group-26CD4F9A286B-LeaderElection189] INFO  server.RaftServerConfigKeys (ConfUtils.java:logGet(43)) - raft.server.rpc.sleep.time = 25ms (default)
2019-11-13 20:20:21,707 [57e4e4f3-95e6-4ba3-b7c4-7652bb100830@group-26CD4F9A286B-LeaderElection189] INFO  server.RaftServerConfigKeys (ConfUtils.java:logGet(43)) - raft.server.write.element-limit = 4096 (default)
2019-11-13 20:20:21,707 [57e4e4f3-95e6-4ba3-b7c4-7652bb100830@group-26CD4F9A286B-LeaderElection189] INFO  server.RaftServerConfigKeys (ConfUtils.java:logGet(43)) - raft.server.watch.timeout = 10s (default)
2019-11-13 20:20:21,707 [57e4e4f3-95e6-4ba3-b7c4-7652bb100830@group-26CD4F9A286B-LeaderElection189] INFO  server.RaftServerConfigKeys (ConfUtils.java:logGet(43)) - raft.server.watch.timeout.denomination = 1s (default)
2019-11-13 20:20:21,708 [57e4e4f3-95e6-4ba3-b7c4-7652bb100830@group-26CD4F9A286B-LeaderElection189] INFO  server.RaftServerConfigKeys (ConfUtils.java:logGet(43)) - raft.server.watch.element-limit = 65536 (default)
2019-11-13 20:20:21,708 [EventQueue-PipelineReportForPipelineReportHandler] INFO  pipeline.PipelineStateManager (PipelineStateManager.java:openPipeline(134)) - Pipeline Pipeline[ Id: 08ca3fda-70fd-4f2b-a817-26cd4f9a286b, Nodes: b0735163-16b4-4eff-936d-5712c77b458f{ip: 192.168.164.208, host: pr-hdds-2375-t422d-1049308724, networkLocation: /rack1, certSerialId: null}2eae8a0c-14f7-4974-be0f-a72b7694e262{ip: 192.168.164.208, host: pr-hdds-2375-t422d-1049308724, networkLocation: /rack1, certSerialId: null}57e4e4f3-95e6-4ba3-b7c4-7652bb100830{ip: 192.168.164.208, host: pr-hdds-2375-t422d-1049308724, networkLocation: /rack1, certSerialId: null}, Type:RATIS, Factor:THREE, State:OPEN] moved to OPEN state
2019-11-13 20:20:21,708 [57e4e4f3-95e6-4ba3-b7c4-7652bb100830@group-26CD4F9A286B-LeaderElection189] INFO  server.RaftServerConfigKeys (ConfUtils.java:logGet(43)) - raft.server.log.appender.snapshot.chunk.size.max = 16MB (=16777216) (default)
2019-11-13 20:20:21,708 [57e4e4f3-95e6-4ba3-b7c4-7652bb100830@group-26CD4F9A286B-LeaderElection189] INFO  server.RaftServerConfigKeys (ConfUtils.java:logGet(43)) - raft.server.log.appender.buffer.byte-limit = 33554432 (custom)
2019-11-13 20:20:21,708 [57e4e4f3-95e6-4ba3-b7c4-7652bb100830@group-26CD4F9A286B-LeaderElection189] INFO  server.RaftServerConfigKeys (ConfUtils.java:logGet(43)) - raft.server.log.appender.buffer.element-limit = 1 (custom)
2019-11-13 20:20:21,709 [57e4e4f3-95e6-4ba3-b7c4-7652bb100830@group-26CD4F9A286B-LeaderElection189] INFO  grpc.GrpcConfigKeys$Server (ConfUtils.java:logGet(43)) - raft.grpc.server.leader.outstanding.appends.max = 128 (default)
2019-11-13 20:20:21,709 [57e4e4f3-95e6-4ba3-b7c4-7652bb100830@group-26CD4F9A286B-LeaderElection189] INFO  server.RaftServerConfigKeys (ConfUtils.java:logGet(43)) - raft.server.rpc.request.timeout = 3000ms (default)
2019-11-13 20:20:21,709 [57e4e4f3-95e6-4ba3-b7c4-7652bb100830@group-26CD4F9A286B-LeaderElection189] INFO  server.RaftServerConfigKeys (ConfUtils.java:logGet(43)) - raft.server.log.appender.install.snapshot.enabled = false (custom)
2019-11-13 20:20:21,709 [57e4e4f3-95e6-4ba3-b7c4-7652bb100830@group-26CD4F9A286B-LeaderElection189] WARN  impl.MetricRegistriesImpl (MetricRegistriesImpl.java:lambda$create$1(61)) - First MetricRegistry has been created without registering reporters. You may need to call MetricRegistries.global().addReportRegistration(...) before.
2019-11-13 20:20:21,709 [57e4e4f3-95e6-4ba3-b7c4-7652bb100830@group-26CD4F9A286B-LeaderElection189] INFO  server.RaftServerConfigKeys (ConfUtils.java:logGet(43)) - raft.server.log.appender.snapshot.chunk.size.max = 16MB (=16777216) (default)
2019-11-13 20:20:21,710 [57e4e4f3-95e6-4ba3-b7c4-7652bb100830@group-26CD4F9A286B-LeaderElection189] INFO  server.RaftServerConfigKeys (ConfUtils.java:logGet(43)) - raft.server.log.appender.buffer.byte-limit = 33554432 (custom)
2019-11-13 20:20:21,710 [57e4e4f3-95e6-4ba3-b7c4-7652bb100830@group-26CD4F9A286B-LeaderElection189] INFO  server.RaftServerConfigKeys (ConfUtils.java:logGet(43)) - raft.server.log.appender.buffer.element-limit = 1 (custom)
2019-11-13 20:20:21,710 [57e4e4f3-95e6-4ba3-b7c4-7652bb100830@group-26CD4F9A286B-LeaderElection189] INFO  grpc.GrpcConfigKeys$Server (ConfUtils.java:logGet(43)) - raft.grpc.server.leader.outstanding.appends.max = 128 (default)
2019-11-13 20:20:21,710 [57e4e4f3-95e6-4ba3-b7c4-7652bb100830@group-26CD4F9A286B-LeaderElection189] INFO  server.RaftServerConfigKeys (ConfUtils.java:logGet(43)) - raft.server.rpc.request.timeout = 3000ms (default)
2019-11-13 20:20:21,710 [57e4e4f3-95e6-4ba3-b7c4-7652bb100830@group-26CD4F9A286B-LeaderElection189] INFO  server.RaftServerConfigKeys (ConfUtils.java:logGet(43)) - raft.server.log.appender.install.snapshot.enabled = false (custom)
2019-11-13 20:20:21,710 [57e4e4f3-95e6-4ba3-b7c4-7652bb100830@group-26CD4F9A286B-LeaderElection189] INFO  impl.RoleInfo (RoleInfo.java:updateAndGet(143)) - 57e4e4f3-95e6-4ba3-b7c4-7652bb100830: start LeaderState
2019-11-13 20:20:21,711 [57e4e4f3-95e6-4ba3-b7c4-7652bb100830@group-26CD4F9A286B-LeaderElection189] INFO  segmented.SegmentedRaftLogWorker (SegmentedRaftLogWorker.java:startLogSegment(385)) - 57e4e4f3-95e6-4ba3-b7c4-7652bb100830@group-26CD4F9A286B-SegmentedRaftLogWorker: Starting segment from index:0
2019-11-13 20:20:21,711 [57e4e4f3-95e6-4ba3-b7c4-7652bb100830@group-26CD4F9A286B-LeaderElection189] INFO  impl.RaftServerImpl (ServerState.java:setRaftConf(356)) - 57e4e4f3-95e6-4ba3-b7c4-7652bb100830@group-26CD4F9A286B: set configuration 0: [2eae8a0c-14f7-4974-be0f-a72b7694e262:192.168.164.208:33269, b0735163-16b4-4eff-936d-5712c77b458f:192.168.164.208:33769, 57e4e4f3-95e6-4ba3-b7c4-7652bb100830:192.168.164.208:33520], old=null at 0
2019-11-13 20:20:21,712 [grpc-default-executor-0] INFO  ratis.XceiverServerRatis (XceiverServerRatis.java:handleLeaderChangedNotification(697)) - Leader change notification received for group: group-26CD4F9A286B with new leaderId: 57e4e4f3-95e6-4ba3-b7c4-7652bb100830
2019-11-13 20:20:21,713 [grpc-default-executor-6] INFO  ratis.XceiverServerRatis (XceiverServerRatis.java:handleLeaderChangedNotification(697)) - Leader change notification received for group: group-26CD4F9A286B with new leaderId: 57e4e4f3-95e6-4ba3-b7c4-7652bb100830
2019-11-13 20:20:21,713 [grpc-default-executor-0] INFO  impl.RaftServerImpl (ServerState.java:setLeader(255)) - 2eae8a0c-14f7-4974-be0f-a72b7694e262@group-26CD4F9A286B: change Leader from null to 57e4e4f3-95e6-4ba3-b7c4-7652bb100830 at term 1 for appendEntries, leader elected after 1085ms
2019-11-13 20:20:21,713 [Thread-4139] INFO  impl.FollowerState (FollowerState.java:run(111)) - b0735163-16b4-4eff-936d-5712c77b458f@group-413488953F84-FollowerState: change to CANDIDATE, lastRpcTime:1147ms, electionTimeout:1147ms
2019-11-13 20:20:21,713 [Thread-4139] INFO  impl.RoleInfo (RoleInfo.java:shutdownFollowerState(121)) - b0735163-16b4-4eff-936d-5712c77b458f: shutdown FollowerState
2019-11-13 20:20:21,713 [grpc-default-executor-6] INFO  impl.RaftServerImpl (ServerState.java:setLeader(255)) - b0735163-16b4-4eff-936d-5712c77b458f@group-26CD4F9A286B: change Leader from null to 57e4e4f3-95e6-4ba3-b7c4-7652bb100830 at term 1 for appendEntries, leader elected after 1085ms
2019-11-13 20:20:21,713 [Thread-4139] INFO  impl.RaftServerImpl (RaftServerImpl.java:setRole(173)) - b0735163-16b4-4eff-936d-5712c77b458f@group-413488953F84: changes role from  FOLLOWER to CANDIDATE at term 0 for changeToCandidate
2019-11-13 20:20:21,714 [Thread-4139] INFO  impl.RoleInfo (RoleInfo.java:updateAndGet(143)) - b0735163-16b4-4eff-936d-5712c77b458f: start LeaderElection
2019-11-13 20:20:21,746 [grpc-default-executor-0] INFO  impl.RaftServerImpl (ServerState.java:setRaftConf(356)) - 2eae8a0c-14f7-4974-be0f-a72b7694e262@group-26CD4F9A286B: set configuration 0: [2eae8a0c-14f7-4974-be0f-a72b7694e262:192.168.164.208:33269, b0735163-16b4-4eff-936d-5712c77b458f:192.168.164.208:33769, 57e4e4f3-95e6-4ba3-b7c4-7652bb100830:192.168.164.208:33520], old=null at 0
2019-11-13 20:20:21,746 [grpc-default-executor-0] INFO  segmented.SegmentedRaftLogWorker (SegmentedRaftLogWorker.java:startLogSegment(385)) - 2eae8a0c-14f7-4974-be0f-a72b7694e262@group-26CD4F9A286B-SegmentedRaftLogWorker: Starting segment from index:0
2019-11-13 20:20:21,746 [grpc-default-executor-6] INFO  impl.RaftServerImpl (ServerState.java:setRaftConf(356)) - b0735163-16b4-4eff-936d-5712c77b458f@group-26CD4F9A286B: set configuration 0: [2eae8a0c-14f7-4974-be0f-a72b7694e262:192.168.164.208:33269, b0735163-16b4-4eff-936d-5712c77b458f:192.168.164.208:33769, 57e4e4f3-95e6-4ba3-b7c4-7652bb100830:192.168.164.208:33520], old=null at 0
2019-11-13 20:20:21,747 [grpc-default-executor-6] INFO  segmented.SegmentedRaftLogWorker (SegmentedRaftLogWorker.java:startLogSegment(385)) - b0735163-16b4-4eff-936d-5712c77b458f@group-26CD4F9A286B-SegmentedRaftLogWorker: Starting segment from index:0
2019-11-13 20:20:21,770 [57e4e4f3-95e6-4ba3-b7c4-7652bb100830@group-26CD4F9A286B-SegmentedRaftLogWorker] INFO  segmented.SegmentedRaftLogWorker (SegmentedRaftLogWorker.java:execute(576)) - 57e4e4f3-95e6-4ba3-b7c4-7652bb100830@group-26CD4F9A286B-SegmentedRaftLogWorker: created new log segment /workdir/hadoop-ozone/integration-test/target/test-dir/MiniOzoneClusterImpl-252be716-c998-406a-83e5-534d363f62a9/datanode-0/data/ratis/08ca3fda-70fd-4f2b-a817-26cd4f9a286b/current/log_inprogress_0
2019-11-13 20:20:21,770 [b0735163-16b4-4eff-936d-5712c77b458f@group-413488953F84-LeaderElection191] INFO  impl.LeaderElection (LeaderElection.java:askForVotes(178)) - b0735163-16b4-4eff-936d-5712c77b458f@group-413488953F84-LeaderElection191: begin an election at term 1 for -1: [b0735163-16b4-4eff-936d-5712c77b458f:192.168.164.208:33769], old=null
2019-11-13 20:20:21,770 [b0735163-16b4-4eff-936d-5712c77b458f@group-413488953F84-LeaderElection191] INFO  impl.RoleInfo (RoleInfo.java:shutdownLeaderElection(134)) - b0735163-16b4-4eff-936d-5712c77b458f: shutdown LeaderElection
2019-11-13 20:20:21,770 [b0735163-16b4-4eff-936d-5712c77b458f@group-413488953F84-LeaderElection191] INFO  impl.RaftServerImpl (RaftServerImpl.java:setRole(173)) - b0735163-16b4-4eff-936d-5712c77b458f@group-413488953F84: changes role from CANDIDATE to LEADER at term 1 for changeToLeader
2019-11-13 20:20:21,771 [b0735163-16b4-4eff-936d-5712c77b458f@group-413488953F84-LeaderElection191] INFO  ratis.XceiverServerRatis (XceiverServerRatis.java:handleLeaderChangedNotification(697)) - Leader change notification received for group: group-413488953F84 with new leaderId: b0735163-16b4-4eff-936d-5712c77b458f
2019-11-13 20:20:21,771 [b0735163-16b4-4eff-936d-5712c77b458f@group-413488953F84-LeaderElection191] INFO  impl.RaftServerImpl (ServerState.java:setLeader(255)) - b0735163-16b4-4eff-936d-5712c77b458f@group-413488953F84: change Leader from null to b0735163-16b4-4eff-936d-5712c77b458f at term 1 for becomeLeader, leader elected after 1209ms
2019-11-13 20:20:21,771 [b0735163-16b4-4eff-936d-5712c77b458f@group-413488953F84-LeaderElection191] INFO  server.RaftServerConfigKeys (ConfUtils.java:logGet(43)) - raft.server.staging.catchup.gap = 1000 (default)
2019-11-13 20:20:21,771 [b0735163-16b4-4eff-936d-5712c77b458f@group-413488953F84-LeaderElection191] INFO  server.RaftServerConfigKeys (ConfUtils.java:logGet(43)) - raft.server.rpc.sleep.time = 25ms (default)
2019-11-13 20:20:21,784 [Thread-4151] INFO  impl.FollowerState (FollowerState.java:run(111)) - 7a884130-6d50-4d25-81cf-a815cb8b077e@group-D2C89ED47824-FollowerState: change to CANDIDATE, lastRpcTime:1042ms, electionTimeout:1031ms
2019-11-13 20:20:21,784 [Thread-4151] INFO  impl.RoleInfo (RoleInfo.java:shutdownFollowerState(121)) - 7a884130-6d50-4d25-81cf-a815cb8b077e: shutdown FollowerState
2019-11-13 20:20:21,784 [b0735163-16b4-4eff-936d-5712c77b458f@group-413488953F84-LeaderElection191] INFO  server.RaftServerConfigKeys (ConfUtils.java:logGet(43)) - raft.server.write.element-limit = 4096 (default)
2019-11-13 20:20:21,784 [Thread-4151] INFO  impl.RaftServerImpl (RaftServerImpl.java:setRole(173)) - 7a884130-6d50-4d25-81cf-a815cb8b077e@group-D2C89ED47824: changes role from  FOLLOWER to CANDIDATE at term 0 for changeToCandidate
2019-11-13 20:20:21,784 [b0735163-16b4-4eff-936d-5712c77b458f@group-413488953F84-LeaderElection191] INFO  server.RaftServerConfigKeys (ConfUtils.java:logGet(43)) - raft.server.watch.timeout = 10s (default)
2019-11-13 20:20:21,784 [Thread-4151] INFO  impl.RoleInfo (RoleInfo.java:updateAndGet(143)) - 7a884130-6d50-4d25-81cf-a815cb8b077e: start LeaderElection
2019-11-13 20:20:21,784 [b0735163-16b4-4eff-936d-5712c77b458f@group-413488953F84-LeaderElection191] INFO  server.RaftServerConfigKeys (ConfUtils.java:logGet(43)) - raft.server.watch.timeout.denomination = 1s (default)
2019-11-13 20:20:21,785 [EventQueue-PipelineReportForPipelineReportHandler] INFO  pipeline.PipelineStateManager (PipelineStateManager.java:openPipeline(134)) - Pipeline Pipeline[ Id: abab3875-a852-4ee1-a682-413488953f84, Nodes: b0735163-16b4-4eff-936d-5712c77b458f{ip: 192.168.164.208, host: pr-hdds-2375-t422d-1049308724, networkLocation: /rack1, certSerialId: null}, Type:RATIS, Factor:ONE, State:OPEN] moved to OPEN state
2019-11-13 20:20:21,785 [b0735163-16b4-4eff-936d-5712c77b458f@group-413488953F84-LeaderElection191] INFO  server.RaftServerConfigKeys (ConfUtils.java:logGet(43)) - raft.server.watch.element-limit = 65536 (default)
2019-11-13 20:20:21,788 [b0735163-16b4-4eff-936d-5712c77b458f@group-413488953F84-LeaderElection191] INFO  impl.RoleInfo (RoleInfo.java:updateAndGet(143)) - b0735163-16b4-4eff-936d-5712c77b458f: start LeaderState
2019-11-13 20:20:21,788 [b0735163-16b4-4eff-936d-5712c77b458f@group-413488953F84-LeaderElection191] INFO  segmented.SegmentedRaftLogWorker (SegmentedRaftLogWorker.java:startLogSegment(385)) - b0735163-16b4-4eff-936d-5712c77b458f@group-413488953F84-SegmentedRaftLogWorker: Starting segment from index:0
2019-11-13 20:20:21,789 [b0735163-16b4-4eff-936d-5712c77b458f@group-413488953F84-LeaderElection191] INFO  impl.RaftServerImpl (ServerState.java:setRaftConf(356)) - b0735163-16b4-4eff-936d-5712c77b458f@group-413488953F84: set configuration 0: [b0735163-16b4-4eff-936d-5712c77b458f:192.168.164.208:33769], old=null at 0
2019-11-13 20:20:21,808 [2eae8a0c-14f7-4974-be0f-a72b7694e262@group-26CD4F9A286B-SegmentedRaftLogWorker] INFO  segmented.SegmentedRaftLogWorker (SegmentedRaftLogWorker.java:execute(576)) - 2eae8a0c-14f7-4974-be0f-a72b7694e262@group-26CD4F9A286B-SegmentedRaftLogWorker: created new log segment /workdir/hadoop-ozone/integration-test/target/test-dir/MiniOzoneClusterImpl-252be716-c998-406a-83e5-534d363f62a9/datanode-1/data/ratis/08ca3fda-70fd-4f2b-a817-26cd4f9a286b/current/log_inprogress_0
2019-11-13 20:20:21,808 [b0735163-16b4-4eff-936d-5712c77b458f@group-26CD4F9A286B-SegmentedRaftLogWorker] INFO  segmented.SegmentedRaftLogWorker (SegmentedRaftLogWorker.java:execute(576)) - b0735163-16b4-4eff-936d-5712c77b458f@group-26CD4F9A286B-SegmentedRaftLogWorker: created new log segment /workdir/hadoop-ozone/integration-test/target/test-dir/MiniOzoneClusterImpl-252be716-c998-406a-83e5-534d363f62a9/datanode-2/data/ratis/08ca3fda-70fd-4f2b-a817-26cd4f9a286b/current/log_inprogress_0
2019-11-13 20:20:21,808 [7a884130-6d50-4d25-81cf-a815cb8b077e@group-D2C89ED47824-LeaderElection192] INFO  impl.LeaderElection (LeaderElection.java:askForVotes(178)) - 7a884130-6d50-4d25-81cf-a815cb8b077e@group-D2C89ED47824-LeaderElection192: begin an election at term 1 for -1: [7a884130-6d50-4d25-81cf-a815cb8b077e:192.168.164.208:33820], old=null
2019-11-13 20:20:21,808 [7a884130-6d50-4d25-81cf-a815cb8b077e@group-D2C89ED47824-LeaderElection192] INFO  impl.RoleInfo (RoleInfo.java:shutdownLeaderElection(134)) - 7a884130-6d50-4d25-81cf-a815cb8b077e: shutdown LeaderElection
2019-11-13 20:20:21,808 [7a884130-6d50-4d25-81cf-a815cb8b077e@group-D2C89ED47824-LeaderElection192] INFO  impl.RaftServerImpl (RaftServerImpl.java:setRole(173)) - 7a884130-6d50-4d25-81cf-a815cb8b077e@group-D2C89ED47824: changes role from CANDIDATE to LEADER at term 1 for changeToLeader
2019-11-13 20:20:21,808 [7a884130-6d50-4d25-81cf-a815cb8b077e@group-D2C89ED47824-LeaderElection192] INFO  ratis.XceiverServerRatis (XceiverServerRatis.java:handleLeaderChangedNotification(697)) - Leader change notification received for group: group-D2C89ED47824 with new leaderId: 7a884130-6d50-4d25-81cf-a815cb8b077e
2019-11-13 20:20:21,809 [7a884130-6d50-4d25-81cf-a815cb8b077e@group-D2C89ED47824-LeaderElection192] INFO  impl.RaftServerImpl (ServerState.java:setLeader(255)) - 7a884130-6d50-4d25-81cf-a815cb8b077e@group-D2C89ED47824: change Leader from null to 7a884130-6d50-4d25-81cf-a815cb8b077e at term 1 for becomeLeader, leader elected after 1070ms
2019-11-13 20:20:21,809 [7a884130-6d50-4d25-81cf-a815cb8b077e@group-D2C89ED47824-LeaderElection192] INFO  server.RaftServerConfigKeys (ConfUtils.java:logGet(43)) - raft.server.staging.catchup.gap = 1000 (default)
2019-11-13 20:20:21,809 [7a884130-6d50-4d25-81cf-a815cb8b077e@group-D2C89ED47824-LeaderElection192] INFO  server.RaftServerConfigKeys (ConfUtils.java:logGet(43)) - raft.server.rpc.sleep.time = 25ms (default)
2019-11-13 20:20:21,827 [7a884130-6d50-4d25-81cf-a815cb8b077e@group-D2C89ED47824-LeaderElection192] INFO  server.RaftServerConfigKeys (ConfUtils.java:logGet(43)) - raft.server.write.element-limit = 4096 (default)
2019-11-13 20:20:21,827 [7a884130-6d50-4d25-81cf-a815cb8b077e@group-D2C89ED47824-LeaderElection192] INFO  server.RaftServerConfigKeys (ConfUtils.java:logGet(43)) - raft.server.watch.timeout = 10s (default)
2019-11-13 20:20:21,827 [7a884130-6d50-4d25-81cf-a815cb8b077e@group-D2C89ED47824-LeaderElection192] INFO  server.RaftServerConfigKeys (ConfUtils.java:logGet(43)) - raft.server.watch.timeout.denomination = 1s (default)
2019-11-13 20:20:21,827 [7a884130-6d50-4d25-81cf-a815cb8b077e@group-D2C89ED47824-LeaderElection192] INFO  server.RaftServerConfigKeys (ConfUtils.java:logGet(43)) - raft.server.watch.element-limit = 65536 (default)
2019-11-13 20:20:21,828 [7a884130-6d50-4d25-81cf-a815cb8b077e@group-D2C89ED47824-LeaderElection192] INFO  impl.RoleInfo (RoleInfo.java:updateAndGet(143)) - 7a884130-6d50-4d25-81cf-a815cb8b077e: start LeaderState
2019-11-13 20:20:21,828 [EventQueue-PipelineReportForPipelineReportHandler] INFO  pipeline.PipelineStateManager (PipelineStateManager.java:openPipeline(134)) - Pipeline Pipeline[ Id: 0dc6bfed-a38b-479e-a99b-d2c89ed47824, Nodes: 7a884130-6d50-4d25-81cf-a815cb8b077e{ip: 192.168.164.208, host: pr-hdds-2375-t422d-1049308724, networkLocation: /rack1, certSerialId: null}, Type:RATIS, Factor:ONE, State:OPEN] moved to OPEN state
2019-11-13 20:20:21,828 [7a884130-6d50-4d25-81cf-a815cb8b077e@group-D2C89ED47824-LeaderElection192] INFO  segmented.SegmentedRaftLogWorker (SegmentedRaftLogWorker.java:startLogSegment(385)) - 7a884130-6d50-4d25-81cf-a815cb8b077e@group-D2C89ED47824-SegmentedRaftLogWorker: Starting segment from index:0
2019-11-13 20:20:21,829 [7a884130-6d50-4d25-81cf-a815cb8b077e@group-D2C89ED47824-LeaderElection192] INFO  impl.RaftServerImpl (ServerState.java:setRaftConf(356)) - 7a884130-6d50-4d25-81cf-a815cb8b077e@group-D2C89ED47824: set configuration 0: [7a884130-6d50-4d25-81cf-a815cb8b077e:192.168.164.208:33820], old=null at 0
2019-11-13 20:20:21,843 [b0735163-16b4-4eff-936d-5712c77b458f@group-413488953F84-SegmentedRaftLogWorker] INFO  segmented.SegmentedRaftLogWorker (SegmentedRaftLogWorker.java:execute(576)) - b0735163-16b4-4eff-936d-5712c77b458f@group-413488953F84-SegmentedRaftLogWorker: created new log segment /workdir/hadoop-ozone/integration-test/target/test-dir/MiniOzoneClusterImpl-252be716-c998-406a-83e5-534d363f62a9/datanode-2/data/ratis/abab3875-a852-4ee1-a682-413488953f84/current/log_inprogress_0
2019-11-13 20:20:21,883 [7a884130-6d50-4d25-81cf-a815cb8b077e@group-D2C89ED47824-SegmentedRaftLogWorker] INFO  segmented.SegmentedRaftLogWorker (SegmentedRaftLogWorker.java:execute(576)) - 7a884130-6d50-4d25-81cf-a815cb8b077e@group-D2C89ED47824-SegmentedRaftLogWorker: created new log segment /workdir/hadoop-ozone/integration-test/target/test-dir/MiniOzoneClusterImpl-252be716-c998-406a-83e5-534d363f62a9/datanode-4/data/ratis/0dc6bfed-a38b-479e-a99b-d2c89ed47824/current/log_inprogress_0
2019-11-13 20:20:21,908 [Thread-4160] INFO  impl.FollowerState (FollowerState.java:run(111)) - dc33d614-f8fc-4160-b742-6654ea8e560b@group-66711409C4AC-FollowerState: change to CANDIDATE, lastRpcTime:1010ms, electionTimeout:1010ms
2019-11-13 20:20:21,908 [Thread-4160] INFO  impl.RoleInfo (RoleInfo.java:shutdownFollowerState(121)) - dc33d614-f8fc-4160-b742-6654ea8e560b: shutdown FollowerState
2019-11-13 20:20:21,908 [Thread-4160] INFO  impl.RaftServerImpl (RaftServerImpl.java:setRole(173)) - dc33d614-f8fc-4160-b742-6654ea8e560b@group-66711409C4AC: changes role from  FOLLOWER to CANDIDATE at term 0 for changeToCandidate
2019-11-13 20:20:21,908 [Thread-4160] INFO  impl.RoleInfo (RoleInfo.java:updateAndGet(143)) - dc33d614-f8fc-4160-b742-6654ea8e560b: start LeaderElection
2019-11-13 20:20:21,925 [dc33d614-f8fc-4160-b742-6654ea8e560b@group-66711409C4AC-LeaderElection193] INFO  impl.LeaderElection (LeaderElection.java:askForVotes(178)) - dc33d614-f8fc-4160-b742-6654ea8e560b@group-66711409C4AC-LeaderElection193: begin an election at term 1 for -1: [7a884130-6d50-4d25-81cf-a815cb8b077e:192.168.164.208:33820, dc33d614-f8fc-4160-b742-6654ea8e560b:192.168.164.208:36418, f80e2e38-60f5-4e79-8b9a-ced9a5a7a91b:192.168.164.208:39508], old=null
2019-11-13 20:20:21,932 [grpc-default-executor-0] INFO  impl.RaftServerImpl (RaftServerImpl.java:setRole(173)) - 7a884130-6d50-4d25-81cf-a815cb8b077e@group-66711409C4AC: changes role from  FOLLOWER to FOLLOWER at term 1 for recognizeCandidate:dc33d614-f8fc-4160-b742-6654ea8e560b
2019-11-13 20:20:21,932 [grpc-default-executor-0] INFO  impl.RoleInfo (RoleInfo.java:shutdownFollowerState(121)) - 7a884130-6d50-4d25-81cf-a815cb8b077e: shutdown FollowerState
2019-11-13 20:20:21,933 [grpc-default-executor-6] INFO  impl.RaftServerImpl (RaftServerImpl.java:setRole(173)) - f80e2e38-60f5-4e79-8b9a-ced9a5a7a91b@group-66711409C4AC: changes role from  FOLLOWER to FOLLOWER at term 1 for recognizeCandidate:dc33d614-f8fc-4160-b742-6654ea8e560b
2019-11-13 20:20:21,934 [Thread-4166] INFO  impl.FollowerState (FollowerState.java:run(120)) - 7a884130-6d50-4d25-81cf-a815cb8b077e@group-66711409C4AC-FollowerState was interrupted: java.lang.InterruptedException: sleep interrupted
2019-11-13 20:20:21,934 [grpc-default-executor-0] INFO  impl.RoleInfo (RoleInfo.java:updateAndGet(143)) - 7a884130-6d50-4d25-81cf-a815cb8b077e: start FollowerState
2019-11-13 20:20:21,934 [grpc-default-executor-6] INFO  impl.RoleInfo (RoleInfo.java:shutdownFollowerState(121)) - f80e2e38-60f5-4e79-8b9a-ced9a5a7a91b: shutdown FollowerState
2019-11-13 20:20:21,934 [grpc-default-executor-6] INFO  impl.RoleInfo (RoleInfo.java:updateAndGet(143)) - f80e2e38-60f5-4e79-8b9a-ced9a5a7a91b: start FollowerState
2019-11-13 20:20:21,934 [Thread-4163] INFO  impl.FollowerState (FollowerState.java:run(120)) - f80e2e38-60f5-4e79-8b9a-ced9a5a7a91b@group-66711409C4AC-FollowerState was interrupted: java.lang.InterruptedException: sleep interrupted
2019-11-13 20:20:21,945 [Thread-4154] INFO  impl.FollowerState (FollowerState.java:run(111)) - f80e2e38-60f5-4e79-8b9a-ced9a5a7a91b@group-1D0EC9C867F3-FollowerState: change to CANDIDATE, lastRpcTime:1164ms, electionTimeout:1164ms
2019-11-13 20:20:21,945 [Thread-4154] INFO  impl.RoleInfo (RoleInfo.java:shutdownFollowerState(121)) - f80e2e38-60f5-4e79-8b9a-ced9a5a7a91b: shutdown FollowerState
2019-11-13 20:20:21,945 [Thread-4154] INFO  impl.RaftServerImpl (RaftServerImpl.java:setRole(173)) - f80e2e38-60f5-4e79-8b9a-ced9a5a7a91b@group-1D0EC9C867F3: changes role from  FOLLOWER to CANDIDATE at term 0 for changeToCandidate
2019-11-13 20:20:21,945 [Thread-4154] INFO  impl.RoleInfo (RoleInfo.java:updateAndGet(143)) - f80e2e38-60f5-4e79-8b9a-ced9a5a7a91b: start LeaderElection
2019-11-13 20:20:21,960 [dc33d614-f8fc-4160-b742-6654ea8e560b@group-66711409C4AC-LeaderElection193] INFO  impl.LeaderElection (LeaderElection.java:logAndReturn(56)) - dc33d614-f8fc-4160-b742-6654ea8e560b@group-66711409C4AC-LeaderElection193: Election PASSED; received 1 response(s) [dc33d614-f8fc-4160-b742-6654ea8e560b<-7a884130-6d50-4d25-81cf-a815cb8b077e#0:OK-t1] and 0 exception(s); dc33d614-f8fc-4160-b742-6654ea8e560b@group-66711409C4AC:t1, leader=null, voted=dc33d614-f8fc-4160-b742-6654ea8e560b, raftlog=dc33d614-f8fc-4160-b742-6654ea8e560b@group-66711409C4AC-SegmentedRaftLog:OPENED:c-1,f-1,i0, conf=-1: [7a884130-6d50-4d25-81cf-a815cb8b077e:192.168.164.208:33820, dc33d614-f8fc-4160-b742-6654ea8e560b:192.168.164.208:36418, f80e2e38-60f5-4e79-8b9a-ced9a5a7a91b:192.168.164.208:39508], old=null
2019-11-13 20:20:21,960 [dc33d614-f8fc-4160-b742-6654ea8e560b@group-66711409C4AC-LeaderElection193] INFO  impl.RoleInfo (RoleInfo.java:shutdownLeaderElection(134)) - dc33d614-f8fc-4160-b742-6654ea8e560b: shutdown LeaderElection
2019-11-13 20:20:21,961 [dc33d614-f8fc-4160-b742-6654ea8e560b@group-66711409C4AC-LeaderElection193] INFO  impl.RaftServerImpl (RaftServerImpl.java:setRole(173)) - dc33d614-f8fc-4160-b742-6654ea8e560b@group-66711409C4AC: changes role from CANDIDATE to LEADER at term 1 for changeToLeader
2019-11-13 20:20:21,961 [dc33d614-f8fc-4160-b742-6654ea8e560b@group-66711409C4AC-LeaderElection193] INFO  ratis.XceiverServerRatis (XceiverServerRatis.java:handleLeaderChangedNotification(697)) - Leader change notification received for group: group-66711409C4AC with new leaderId: dc33d614-f8fc-4160-b742-6654ea8e560b
2019-11-13 20:20:21,961 [dc33d614-f8fc-4160-b742-6654ea8e560b@group-66711409C4AC-LeaderElection193] INFO  impl.RaftServerImpl (ServerState.java:setLeader(255)) - dc33d614-f8fc-4160-b742-6654ea8e560b@group-66711409C4AC: change Leader from null to dc33d614-f8fc-4160-b742-6654ea8e560b at term 1 for becomeLeader, leader elected after 1072ms
2019-11-13 20:20:21,961 [dc33d614-f8fc-4160-b742-6654ea8e560b@group-66711409C4AC-LeaderElection193] INFO  server.RaftServerConfigKeys (ConfUtils.java:logGet(43)) - raft.server.staging.catchup.gap = 1000 (default)
2019-11-13 20:20:21,961 [dc33d614-f8fc-4160-b742-6654ea8e560b@group-66711409C4AC-LeaderElection193] INFO  server.RaftServerConfigKeys (ConfUtils.java:logGet(43)) - raft.server.rpc.sleep.time = 25ms (default)
2019-11-13 20:20:21,964 [dc33d614-f8fc-4160-b742-6654ea8e560b@group-66711409C4AC-LeaderElection193] INFO  server.RaftServerConfigKeys (ConfUtils.java:logGet(43)) - raft.server.write.element-limit = 4096 (default)
2019-11-13 20:20:21,964 [f80e2e38-60f5-4e79-8b9a-ced9a5a7a91b@group-1D0EC9C867F3-LeaderElection194] INFO  impl.LeaderElection (LeaderElection.java:askForVotes(178)) - f80e2e38-60f5-4e79-8b9a-ced9a5a7a91b@group-1D0EC9C867F3-LeaderElection194: begin an election at term 1 for -1: [f80e2e38-60f5-4e79-8b9a-ced9a5a7a91b:192.168.164.208:39508], old=null
2019-11-13 20:20:21,964 [dc33d614-f8fc-4160-b742-6654ea8e560b@group-66711409C4AC-LeaderElection193] INFO  server.RaftServerConfigKeys (ConfUtils.java:logGet(43)) - raft.server.watch.timeout = 10s (default)
2019-11-13 20:20:21,964 [f80e2e38-60f5-4e79-8b9a-ced9a5a7a91b@group-1D0EC9C867F3-LeaderElection194] INFO  impl.RoleInfo (RoleInfo.java:shutdownLeaderElection(134)) - f80e2e38-60f5-4e79-8b9a-ced9a5a7a91b: shutdown LeaderElection
2019-11-13 20:20:21,964 [dc33d614-f8fc-4160-b742-6654ea8e560b@group-66711409C4AC-LeaderElection193] INFO  server.RaftServerConfigKeys (ConfUtils.java:logGet(43)) - raft.server.watch.timeout.denomination = 1s (default)
2019-11-13 20:20:21,964 [f80e2e38-60f5-4e79-8b9a-ced9a5a7a91b@group-1D0EC9C867F3-LeaderElection194] INFO  impl.RaftServerImpl (RaftServerImpl.java:setRole(173)) - f80e2e38-60f5-4e79-8b9a-ced9a5a7a91b@group-1D0EC9C867F3: changes role from CANDIDATE to LEADER at term 1 for changeToLeader
2019-11-13 20:20:21,964 [dc33d614-f8fc-4160-b742-6654ea8e560b@group-66711409C4AC-LeaderElection193] INFO  server.RaftServerConfigKeys (ConfUtils.java:logGet(43)) - raft.server.watch.element-limit = 65536 (default)
2019-11-13 20:20:21,964 [f80e2e38-60f5-4e79-8b9a-ced9a5a7a91b@group-1D0EC9C867F3-LeaderElection194] INFO  ratis.XceiverServerRatis (XceiverServerRatis.java:handleLeaderChangedNotification(697)) - Leader change notification received for group: group-1D0EC9C867F3 with new leaderId: f80e2e38-60f5-4e79-8b9a-ced9a5a7a91b
2019-11-13 20:20:21,964 [dc33d614-f8fc-4160-b742-6654ea8e560b@group-66711409C4AC-LeaderElection193] INFO  server.RaftServerConfigKeys (ConfUtils.java:logGet(43)) - raft.server.log.appender.snapshot.chunk.size.max = 16MB (=16777216) (default)
2019-11-13 20:20:21,964 [f80e2e38-60f5-4e79-8b9a-ced9a5a7a91b@group-1D0EC9C867F3-LeaderElection194] INFO  impl.RaftServerImpl (ServerState.java:setLeader(255)) - f80e2e38-60f5-4e79-8b9a-ced9a5a7a91b@group-1D0EC9C867F3: change Leader from null to f80e2e38-60f5-4e79-8b9a-ced9a5a7a91b at term 1 for becomeLeader, leader elected after 1186ms
2019-11-13 20:20:21,964 [dc33d614-f8fc-4160-b742-6654ea8e560b@group-66711409C4AC-LeaderElection193] INFO  server.RaftServerConfigKeys (ConfUtils.java:logGet(43)) - raft.server.log.appender.buffer.byte-limit = 33554432 (custom)
2019-11-13 20:20:21,965 [EventQueue-PipelineReportForPipelineReportHandler] INFO  pipeline.PipelineStateManager (PipelineStateManager.java:openPipeline(134)) - Pipeline Pipeline[ Id: 187bc42e-6361-4c31-99a1-66711409c4ac, Nodes: 7a884130-6d50-4d25-81cf-a815cb8b077e{ip: 192.168.164.208, host: pr-hdds-2375-t422d-1049308724, networkLocation: /rack1, certSerialId: null}f80e2e38-60f5-4e79-8b9a-ced9a5a7a91b{ip: 192.168.164.208, host: pr-hdds-2375-t422d-1049308724, networkLocation: /rack1, certSerialId: null}dc33d614-f8fc-4160-b742-6654ea8e560b{ip: 192.168.164.208, host: pr-hdds-2375-t422d-1049308724, networkLocation: /rack1, certSerialId: null}, Type:RATIS, Factor:THREE, State:OPEN] moved to OPEN state
2019-11-13 20:20:21,973 [Thread-4157] INFO  impl.FollowerState (FollowerState.java:run(111)) - dc33d614-f8fc-4160-b742-6654ea8e560b@group-D0AFEC7FD2FE-FollowerState: change to CANDIDATE, lastRpcTime:1152ms, electionTimeout:1152ms
2019-11-13 20:20:21,974 [Thread-4157] INFO  impl.RoleInfo (RoleInfo.java:shutdownFollowerState(121)) - dc33d614-f8fc-4160-b742-6654ea8e560b: shutdown FollowerState
2019-11-13 20:20:21,964 [f80e2e38-60f5-4e79-8b9a-ced9a5a7a91b@group-1D0EC9C867F3-LeaderElection194] INFO  server.RaftServerConfigKeys (ConfUtils.java:logGet(43)) - raft.server.staging.catchup.gap = 1000 (default)
2019-11-13 20:20:21,974 [EventQueue-PipelineReportForPipelineReportHandler] INFO  pipeline.PipelineStateManager (PipelineStateManager.java:openPipeline(134)) - Pipeline Pipeline[ Id: 49d1063d-bfe7-464c-b918-1d0ec9c867f3, Nodes: f80e2e38-60f5-4e79-8b9a-ced9a5a7a91b{ip: 192.168.164.208, host: pr-hdds-2375-t422d-1049308724, networkLocation: /rack1, certSerialId: null}, Type:RATIS, Factor:ONE, State:OPEN] moved to OPEN state
2019-11-13 20:20:21,974 [Thread-4157] INFO  impl.RaftServerImpl (RaftServerImpl.java:setRole(173)) - dc33d614-f8fc-4160-b742-6654ea8e560b@group-D0AFEC7FD2FE: changes role from  FOLLOWER to CANDIDATE at term 0 for changeToCandidate
2019-11-13 20:20:21,973 [dc33d614-f8fc-4160-b742-6654ea8e560b@group-66711409C4AC-LeaderElection193] INFO  server.RaftServerConfigKeys (ConfUtils.java:logGet(43)) - raft.server.log.appender.buffer.element-limit = 1 (custom)
2019-11-13 20:20:21,974 [Thread-4157] INFO  impl.RoleInfo (RoleInfo.java:updateAndGet(143)) - dc33d614-f8fc-4160-b742-6654ea8e560b: start LeaderElection
2019-11-13 20:20:21,974 [dc33d614-f8fc-4160-b742-6654ea8e560b@group-66711409C4AC-LeaderElection193] INFO  grpc.GrpcConfigKeys$Server (ConfUtils.java:logGet(43)) - raft.grpc.server.leader.outstanding.appends.max = 128 (default)
2019-11-13 20:20:21,974 [f80e2e38-60f5-4e79-8b9a-ced9a5a7a91b@group-1D0EC9C867F3-LeaderElection194] INFO  server.RaftServerConfigKeys (ConfUtils.java:logGet(43)) - raft.server.rpc.sleep.time = 25ms (default)
2019-11-13 20:20:21,974 [dc33d614-f8fc-4160-b742-6654ea8e560b@group-66711409C4AC-LeaderElection193] INFO  server.RaftServerConfigKeys (ConfUtils.java:logGet(43)) - raft.server.rpc.request.timeout = 3000ms (default)
2019-11-13 20:20:21,975 [f80e2e38-60f5-4e79-8b9a-ced9a5a7a91b@group-1D0EC9C867F3-LeaderElection194] INFO  server.RaftServerConfigKeys (ConfUtils.java:logGet(43)) - raft.server.write.element-limit = 4096 (default)
2019-11-13 20:20:21,975 [dc33d614-f8fc-4160-b742-6654ea8e560b@group-66711409C4AC-LeaderElection193] INFO  server.RaftServerConfigKeys (ConfUtils.java:logGet(43)) - raft.server.log.appender.install.snapshot.enabled = false (custom)
2019-11-13 20:20:21,978 [f80e2e38-60f5-4e79-8b9a-ced9a5a7a91b@group-1D0EC9C867F3-LeaderElection194] INFO  server.RaftServerConfigKeys (ConfUtils.java:logGet(43)) - raft.server.watch.timeout = 10s (default)
2019-11-13 20:20:21,978 [dc33d614-f8fc-4160-b742-6654ea8e560b@group-66711409C4AC-LeaderElection193] WARN  impl.MetricRegistriesImpl (MetricRegistriesImpl.java:lambda$create$1(61)) - First MetricRegistry has been created without registering reporters. You may need to call MetricRegistries.global().addReportRegistration(...) before.
2019-11-13 20:20:21,979 [f80e2e38-60f5-4e79-8b9a-ced9a5a7a91b@group-1D0EC9C867F3-LeaderElection194] INFO  server.RaftServerConfigKeys (ConfUtils.java:logGet(43)) - raft.server.watch.timeout.denomination = 1s (default)
2019-11-13 20:20:21,979 [dc33d614-f8fc-4160-b742-6654ea8e560b@group-66711409C4AC-LeaderElection193] INFO  server.RaftServerConfigKeys (ConfUtils.java:logGet(43)) - raft.server.log.appender.snapshot.chunk.size.max = 16MB (=16777216) (default)
2019-11-13 20:20:21,979 [f80e2e38-60f5-4e79-8b9a-ced9a5a7a91b@group-1D0EC9C867F3-LeaderElection194] INFO  server.RaftServerConfigKeys (ConfUtils.java:logGet(43)) - raft.server.watch.element-limit = 65536 (default)
2019-11-13 20:20:21,979 [dc33d614-f8fc-4160-b742-6654ea8e560b@group-66711409C4AC-LeaderElection193] INFO  server.RaftServerConfigKeys (ConfUtils.java:logGet(43)) - raft.server.log.appender.buffer.byte-limit = 33554432 (custom)
2019-11-13 20:20:21,979 [f80e2e38-60f5-4e79-8b9a-ced9a5a7a91b@group-1D0EC9C867F3-LeaderElection194] INFO  impl.RoleInfo (RoleInfo.java:updateAndGet(143)) - f80e2e38-60f5-4e79-8b9a-ced9a5a7a91b: start LeaderState
2019-11-13 20:20:21,979 [dc33d614-f8fc-4160-b742-6654ea8e560b@group-66711409C4AC-LeaderElection193] INFO  server.RaftServerConfigKeys (ConfUtils.java:logGet(43)) - raft.server.log.appender.buffer.element-limit = 1 (custom)
2019-11-13 20:20:21,979 [dc33d614-f8fc-4160-b742-6654ea8e560b@group-66711409C4AC-LeaderElection193] INFO  grpc.GrpcConfigKeys$Server (ConfUtils.java:logGet(43)) - raft.grpc.server.leader.outstanding.appends.max = 128 (default)
2019-11-13 20:20:21,979 [f80e2e38-60f5-4e79-8b9a-ced9a5a7a91b@group-1D0EC9C867F3-LeaderElection194] INFO  segmented.SegmentedRaftLogWorker (SegmentedRaftLogWorker.java:startLogSegment(385)) - f80e2e38-60f5-4e79-8b9a-ced9a5a7a91b@group-1D0EC9C867F3-SegmentedRaftLogWorker: Starting segment from index:0
2019-11-13 20:20:21,979 [dc33d614-f8fc-4160-b742-6654ea8e560b@group-66711409C4AC-LeaderElection193] INFO  server.RaftServerConfigKeys (ConfUtils.java:logGet(43)) - raft.server.rpc.request.timeout = 3000ms (default)
2019-11-13 20:20:21,980 [dc33d614-f8fc-4160-b742-6654ea8e560b@group-66711409C4AC-LeaderElection193] INFO  server.RaftServerConfigKeys (ConfUtils.java:logGet(43)) - raft.server.log.appender.install.snapshot.enabled = false (custom)
2019-11-13 20:20:21,980 [dc33d614-f8fc-4160-b742-6654ea8e560b@group-66711409C4AC-LeaderElection193] INFO  impl.RoleInfo (RoleInfo.java:updateAndGet(143)) - dc33d614-f8fc-4160-b742-6654ea8e560b: start LeaderState
2019-11-13 20:20:21,980 [f80e2e38-60f5-4e79-8b9a-ced9a5a7a91b@group-1D0EC9C867F3-LeaderElection194] INFO  impl.RaftServerImpl (ServerState.java:setRaftConf(356)) - f80e2e38-60f5-4e79-8b9a-ced9a5a7a91b@group-1D0EC9C867F3: set configuration 0: [f80e2e38-60f5-4e79-8b9a-ced9a5a7a91b:192.168.164.208:39508], old=null at 0
2019-11-13 20:20:21,980 [dc33d614-f8fc-4160-b742-6654ea8e560b@group-66711409C4AC-LeaderElection193] INFO  segmented.SegmentedRaftLogWorker (SegmentedRaftLogWorker.java:startLogSegment(385)) - dc33d614-f8fc-4160-b742-6654ea8e560b@group-66711409C4AC-SegmentedRaftLogWorker: Starting segment from index:0
2019-11-13 20:20:21,980 [dc33d614-f8fc-4160-b742-6654ea8e560b@group-66711409C4AC-LeaderElection193] INFO  impl.RaftServerImpl (ServerState.java:setRaftConf(356)) - dc33d614-f8fc-4160-b742-6654ea8e560b@group-66711409C4AC: set configuration 0: [7a884130-6d50-4d25-81cf-a815cb8b077e:192.168.164.208:33820, dc33d614-f8fc-4160-b742-6654ea8e560b:192.168.164.208:36418, f80e2e38-60f5-4e79-8b9a-ced9a5a7a91b:192.168.164.208:39508], old=null at 0
2019-11-13 20:20:22,023 [grpc-default-executor-6] INFO  ratis.XceiverServerRatis (XceiverServerRatis.java:handleLeaderChangedNotification(697)) - Leader change notification received for group: group-66711409C4AC with new leaderId: dc33d614-f8fc-4160-b742-6654ea8e560b
2019-11-13 20:20:22,023 [dc33d614-f8fc-4160-b742-6654ea8e560b@group-D0AFEC7FD2FE-LeaderElection195] INFO  impl.LeaderElection (LeaderElection.java:askForVotes(178)) - dc33d614-f8fc-4160-b742-6654ea8e560b@group-D0AFEC7FD2FE-LeaderElection195: begin an election at term 1 for -1: [dc33d614-f8fc-4160-b742-6654ea8e560b:192.168.164.208:36418], old=null
2019-11-13 20:20:22,023 [grpc-default-executor-6] INFO  impl.RaftServerImpl (ServerState.java:setLeader(255)) - 7a884130-6d50-4d25-81cf-a815cb8b077e@group-66711409C4AC: change Leader from null to dc33d614-f8fc-4160-b742-6654ea8e560b at term 1 for appendEntries, leader elected after 1134ms
2019-11-13 20:20:22,023 [Thread-4169] INFO  impl.FollowerState (FollowerState.java:run(111)) - 4ccef42d-128e-4eed-9e45-8d297f7adfc0@group-B9C54E1E8808-FollowerState: change to CANDIDATE, lastRpcTime:1036ms, electionTimeout:1030ms
2019-11-13 20:20:22,026 [Thread-4169] INFO  impl.RoleInfo (RoleInfo.java:shutdownFollowerState(121)) - 4ccef42d-128e-4eed-9e45-8d297f7adfc0: shutdown FollowerState
2019-11-13 20:20:22,026 [grpc-default-executor-0] INFO  ratis.XceiverServerRatis (XceiverServerRatis.java:handleLeaderChangedNotification(697)) - Leader change notification received for group: group-66711409C4AC with new leaderId: dc33d614-f8fc-4160-b742-6654ea8e560b
2019-11-13 20:20:22,023 [dc33d614-f8fc-4160-b742-6654ea8e560b@group-D0AFEC7FD2FE-LeaderElection195] INFO  impl.RoleInfo (RoleInfo.java:shutdownLeaderElection(134)) - dc33d614-f8fc-4160-b742-6654ea8e560b: shutdown LeaderElection
2019-11-13 20:20:22,026 [grpc-default-executor-0] INFO  impl.RaftServerImpl (ServerState.java:setLeader(255)) - f80e2e38-60f5-4e79-8b9a-ced9a5a7a91b@group-66711409C4AC: change Leader from null to dc33d614-f8fc-4160-b742-6654ea8e560b at term 1 for appendEntries, leader elected after 1136ms
2019-11-13 20:20:22,026 [Thread-4169] INFO  impl.RaftServerImpl (RaftServerImpl.java:setRole(173)) - 4ccef42d-128e-4eed-9e45-8d297f7adfc0@group-B9C54E1E8808: changes role from  FOLLOWER to CANDIDATE at term 0 for changeToCandidate
2019-11-13 20:20:22,027 [dc33d614-f8fc-4160-b742-6654ea8e560b@group-D0AFEC7FD2FE-LeaderElection195] INFO  impl.RaftServerImpl (RaftServerImpl.java:setRole(173)) - dc33d614-f8fc-4160-b742-6654ea8e560b@group-D0AFEC7FD2FE: changes role from CANDIDATE to LEADER at term 1 for changeToLeader
2019-11-13 20:20:22,027 [dc33d614-f8fc-4160-b742-6654ea8e560b@group-D0AFEC7FD2FE-LeaderElection195] INFO  ratis.XceiverServerRatis (XceiverServerRatis.java:handleLeaderChangedNotification(697)) - Leader change notification received for group: group-D0AFEC7FD2FE with new leaderId: dc33d614-f8fc-4160-b742-6654ea8e560b
2019-11-13 20:20:22,027 [Thread-4169] INFO  impl.RoleInfo (RoleInfo.java:updateAndGet(143)) - 4ccef42d-128e-4eed-9e45-8d297f7adfc0: start LeaderElection
2019-11-13 20:20:22,027 [dc33d614-f8fc-4160-b742-6654ea8e560b@group-D0AFEC7FD2FE-LeaderElection195] INFO  impl.RaftServerImpl (ServerState.java:setLeader(255)) - dc33d614-f8fc-4160-b742-6654ea8e560b@group-D0AFEC7FD2FE: change Leader from null to dc33d614-f8fc-4160-b742-6654ea8e560b at term 1 for becomeLeader, leader elected after 1210ms
2019-11-13 20:20:22,027 [dc33d614-f8fc-4160-b742-6654ea8e560b@group-D0AFEC7FD2FE-LeaderElection195] INFO  server.RaftServerConfigKeys (ConfUtils.java:logGet(43)) - raft.server.staging.catchup.gap = 1000 (default)
2019-11-13 20:20:22,027 [dc33d614-f8fc-4160-b742-6654ea8e560b@group-D0AFEC7FD2FE-LeaderElection195] INFO  server.RaftServerConfigKeys (ConfUtils.java:logGet(43)) - raft.server.rpc.sleep.time = 25ms (default)
2019-11-13 20:20:22,031 [dc33d614-f8fc-4160-b742-6654ea8e560b@group-D0AFEC7FD2FE-LeaderElection195] INFO  server.RaftServerConfigKeys (ConfUtils.java:logGet(43)) - raft.server.write.element-limit = 4096 (default)
2019-11-13 20:20:22,031 [dc33d614-f8fc-4160-b742-6654ea8e560b@group-D0AFEC7FD2FE-LeaderElection195] INFO  server.RaftServerConfigKeys (ConfUtils.java:logGet(43)) - raft.server.watch.timeout = 10s (default)
2019-11-13 20:20:22,031 [dc33d614-f8fc-4160-b742-6654ea8e560b@group-D0AFEC7FD2FE-LeaderElection195] INFO  server.RaftServerConfigKeys (ConfUtils.java:logGet(43)) - raft.server.watch.timeout.denomination = 1s (default)
2019-11-13 20:20:22,031 [EventQueue-PipelineReportForPipelineReportHandler] INFO  pipeline.PipelineStateManager (PipelineStateManager.java:openPipeline(134)) - Pipeline Pipeline[ Id: 083995ba-1271-45e4-9159-d0afec7fd2fe, Nodes: dc33d614-f8fc-4160-b742-6654ea8e560b{ip: 192.168.164.208, host: pr-hdds-2375-t422d-1049308724, networkLocation: /rack1, certSerialId: null}, Type:RATIS, Factor:ONE, State:OPEN] moved to OPEN state
2019-11-13 20:20:22,032 [dc33d614-f8fc-4160-b742-6654ea8e560b@group-D0AFEC7FD2FE-LeaderElection195] INFO  server.RaftServerConfigKeys (ConfUtils.java:logGet(43)) - raft.server.watch.element-limit = 65536 (default)
2019-11-13 20:20:22,032 [dc33d614-f8fc-4160-b742-6654ea8e560b@group-D0AFEC7FD2FE-LeaderElection195] INFO  impl.RoleInfo (RoleInfo.java:updateAndGet(143)) - dc33d614-f8fc-4160-b742-6654ea8e560b: start LeaderState
2019-11-13 20:20:22,032 [grpc-default-executor-0] INFO  impl.RaftServerImpl (ServerState.java:setRaftConf(356)) - 7a884130-6d50-4d25-81cf-a815cb8b077e@group-66711409C4AC: set configuration 0: [7a884130-6d50-4d25-81cf-a815cb8b077e:192.168.164.208:33820, dc33d614-f8fc-4160-b742-6654ea8e560b:192.168.164.208:36418, f80e2e38-60f5-4e79-8b9a-ced9a5a7a91b:192.168.164.208:39508], old=null at 0
2019-11-13 20:20:22,032 [dc33d614-f8fc-4160-b742-6654ea8e560b@group-D0AFEC7FD2FE-LeaderElection195] INFO  segmented.SegmentedRaftLogWorker (SegmentedRaftLogWorker.java:startLogSegment(385)) - dc33d614-f8fc-4160-b742-6654ea8e560b@group-D0AFEC7FD2FE-SegmentedRaftLogWorker: Starting segment from index:0
2019-11-13 20:20:22,032 [grpc-default-executor-0] INFO  segmented.SegmentedRaftLogWorker (SegmentedRaftLogWorker.java:startLogSegment(385)) - 7a884130-6d50-4d25-81cf-a815cb8b077e@group-66711409C4AC-SegmentedRaftLogWorker: Starting segment from index:0
2019-11-13 20:20:22,032 [grpc-default-executor-6] INFO  impl.RaftServerImpl (ServerState.java:setRaftConf(356)) - f80e2e38-60f5-4e79-8b9a-ced9a5a7a91b@group-66711409C4AC: set configuration 0: [7a884130-6d50-4d25-81cf-a815cb8b077e:192.168.164.208:33820, dc33d614-f8fc-4160-b742-6654ea8e560b:192.168.164.208:36418, f80e2e38-60f5-4e79-8b9a-ced9a5a7a91b:192.168.164.208:39508], old=null at 0
2019-11-13 20:20:22,032 [dc33d614-f8fc-4160-b742-6654ea8e560b@group-D0AFEC7FD2FE-LeaderElection195] INFO  impl.RaftServerImpl (ServerState.java:setRaftConf(356)) - dc33d614-f8fc-4160-b742-6654ea8e560b@group-D0AFEC7FD2FE: set configuration 0: [dc33d614-f8fc-4160-b742-6654ea8e560b:192.168.164.208:36418], old=null at 0
2019-11-13 20:20:22,033 [grpc-default-executor-6] INFO  segmented.SegmentedRaftLogWorker (SegmentedRaftLogWorker.java:startLogSegment(385)) - f80e2e38-60f5-4e79-8b9a-ced9a5a7a91b@group-66711409C4AC-SegmentedRaftLogWorker: Starting segment from index:0
2019-11-13 20:20:22,035 [dc33d614-f8fc-4160-b742-6654ea8e560b@group-66711409C4AC-SegmentedRaftLogWorker] INFO  segmented.SegmentedRaftLogWorker (SegmentedRaftLogWorker.java:execute(576)) - dc33d614-f8fc-4160-b742-6654ea8e560b@group-66711409C4AC-SegmentedRaftLogWorker: created new log segment /workdir/hadoop-ozone/integration-test/target/test-dir/MiniOzoneClusterImpl-252be716-c998-406a-83e5-534d363f62a9/datanode-5/data/ratis/187bc42e-6361-4c31-99a1-66711409c4ac/current/log_inprogress_0
2019-11-13 20:20:22,036 [4ccef42d-128e-4eed-9e45-8d297f7adfc0@group-B9C54E1E8808-LeaderElection196] INFO  impl.LeaderElection (LeaderElection.java:askForVotes(178)) - 4ccef42d-128e-4eed-9e45-8d297f7adfc0@group-B9C54E1E8808-LeaderElection196: begin an election at term 1 for -1: [4ccef42d-128e-4eed-9e45-8d297f7adfc0:192.168.164.208:42894], old=null
2019-11-13 20:20:22,035 [f80e2e38-60f5-4e79-8b9a-ced9a5a7a91b@group-1D0EC9C867F3-SegmentedRaftLogWorker] INFO  segmented.SegmentedRaftLogWorker (SegmentedRaftLogWorker.java:execute(576)) - f80e2e38-60f5-4e79-8b9a-ced9a5a7a91b@group-1D0EC9C867F3-SegmentedRaftLogWorker: created new log segment /workdir/hadoop-ozone/integration-test/target/test-dir/MiniOzoneClusterImpl-252be716-c998-406a-83e5-534d363f62a9/datanode-3/data/ratis/49d1063d-bfe7-464c-b918-1d0ec9c867f3/current/log_inprogress_0
2019-11-13 20:20:22,036 [4ccef42d-128e-4eed-9e45-8d297f7adfc0@group-B9C54E1E8808-LeaderElection196] INFO  impl.RoleInfo (RoleInfo.java:shutdownLeaderElection(134)) - 4ccef42d-128e-4eed-9e45-8d297f7adfc0: shutdown LeaderElection
2019-11-13 20:20:22,036 [4ccef42d-128e-4eed-9e45-8d297f7adfc0@group-B9C54E1E8808-LeaderElection196] INFO  impl.RaftServerImpl (RaftServerImpl.java:setRole(173)) - 4ccef42d-128e-4eed-9e45-8d297f7adfc0@group-B9C54E1E8808: changes role from CANDIDATE to LEADER at term 1 for changeToLeader
2019-11-13 20:20:22,036 [4ccef42d-128e-4eed-9e45-8d297f7adfc0@group-B9C54E1E8808-LeaderElection196] INFO  ratis.XceiverServerRatis (XceiverServerRatis.java:handleLeaderChangedNotification(697)) - Leader change notification received for group: group-B9C54E1E8808 with new leaderId: 4ccef42d-128e-4eed-9e45-8d297f7adfc0
2019-11-13 20:20:22,036 [4ccef42d-128e-4eed-9e45-8d297f7adfc0@group-B9C54E1E8808-LeaderElection196] INFO  impl.RaftServerImpl (ServerState.java:setLeader(255)) - 4ccef42d-128e-4eed-9e45-8d297f7adfc0@group-B9C54E1E8808: change Leader from null to 4ccef42d-128e-4eed-9e45-8d297f7adfc0 at term 1 for becomeLeader, leader elected after 1053ms
2019-11-13 20:20:22,036 [4ccef42d-128e-4eed-9e45-8d297f7adfc0@group-B9C54E1E8808-LeaderElection196] INFO  server.RaftServerConfigKeys (ConfUtils.java:logGet(43)) - raft.server.staging.catchup.gap = 1000 (default)
2019-11-13 20:20:22,036 [4ccef42d-128e-4eed-9e45-8d297f7adfc0@group-B9C54E1E8808-LeaderElection196] INFO  server.RaftServerConfigKeys (ConfUtils.java:logGet(43)) - raft.server.rpc.sleep.time = 25ms (default)
2019-11-13 20:20:22,072 [4ccef42d-128e-4eed-9e45-8d297f7adfc0@group-B9C54E1E8808-LeaderElection196] INFO  server.RaftServerConfigKeys (ConfUtils.java:logGet(43)) - raft.server.write.element-limit = 4096 (default)
2019-11-13 20:20:22,073 [4ccef42d-128e-4eed-9e45-8d297f7adfc0@group-B9C54E1E8808-LeaderElection196] INFO  server.RaftServerConfigKeys (ConfUtils.java:logGet(43)) - raft.server.watch.timeout = 10s (default)
2019-11-13 20:20:22,073 [4ccef42d-128e-4eed-9e45-8d297f7adfc0@group-B9C54E1E8808-LeaderElection196] INFO  server.RaftServerConfigKeys (ConfUtils.java:logGet(43)) - raft.server.watch.timeout.denomination = 1s (default)
2019-11-13 20:20:22,073 [4ccef42d-128e-4eed-9e45-8d297f7adfc0@group-B9C54E1E8808-LeaderElection196] INFO  server.RaftServerConfigKeys (ConfUtils.java:logGet(43)) - raft.server.watch.element-limit = 65536 (default)
2019-11-13 20:20:22,073 [4ccef42d-128e-4eed-9e45-8d297f7adfc0@group-B9C54E1E8808-LeaderElection196] INFO  impl.RoleInfo (RoleInfo.java:updateAndGet(143)) - 4ccef42d-128e-4eed-9e45-8d297f7adfc0: start LeaderState
2019-11-13 20:20:22,073 [EventQueue-PipelineReportForPipelineReportHandler] INFO  pipeline.PipelineStateManager (PipelineStateManager.java:openPipeline(134)) - Pipeline Pipeline[ Id: aa19db5c-ebb5-4c0c-a81b-b9c54e1e8808, Nodes: 4ccef42d-128e-4eed-9e45-8d297f7adfc0{ip: 192.168.164.208, host: pr-hdds-2375-t422d-1049308724, networkLocation: /rack1, certSerialId: null}, Type:RATIS, Factor:ONE, State:OPEN] moved to OPEN state
2019-11-13 20:20:22,073 [4ccef42d-128e-4eed-9e45-8d297f7adfc0@group-B9C54E1E8808-LeaderElection196] INFO  segmented.SegmentedRaftLogWorker (SegmentedRaftLogWorker.java:startLogSegment(385)) - 4ccef42d-128e-4eed-9e45-8d297f7adfc0@group-B9C54E1E8808-SegmentedRaftLogWorker: Starting segment from index:0
2019-11-13 20:20:22,074 [4ccef42d-128e-4eed-9e45-8d297f7adfc0@group-B9C54E1E8808-LeaderElection196] INFO  impl.RaftServerImpl (ServerState.java:setRaftConf(356)) - 4ccef42d-128e-4eed-9e45-8d297f7adfc0@group-B9C54E1E8808: set configuration 0: [4ccef42d-128e-4eed-9e45-8d297f7adfc0:192.168.164.208:42894], old=null at 0
2019-11-13 20:20:22,085 [f80e2e38-60f5-4e79-8b9a-ced9a5a7a91b@group-66711409C4AC-SegmentedRaftLogWorker] INFO  segmented.SegmentedRaftLogWorker (SegmentedRaftLogWorker.java:execute(576)) - f80e2e38-60f5-4e79-8b9a-ced9a5a7a91b@group-66711409C4AC-SegmentedRaftLogWorker: created new log segment /workdir/hadoop-ozone/integration-test/target/test-dir/MiniOzoneClusterImpl-252be716-c998-406a-83e5-534d363f62a9/datanode-3/data/ratis/187bc42e-6361-4c31-99a1-66711409c4ac/current/log_inprogress_0
2019-11-13 20:20:22,085 [dc33d614-f8fc-4160-b742-6654ea8e560b@group-D0AFEC7FD2FE-SegmentedRaftLogWorker] INFO  segmented.SegmentedRaftLogWorker (SegmentedRaftLogWorker.java:execute(576)) - dc33d614-f8fc-4160-b742-6654ea8e560b@group-D0AFEC7FD2FE-SegmentedRaftLogWorker: created new log segment /workdir/hadoop-ozone/integration-test/target/test-dir/MiniOzoneClusterImpl-252be716-c998-406a-83e5-534d363f62a9/datanode-5/data/ratis/083995ba-1271-45e4-9159-d0afec7fd2fe/current/log_inprogress_0
2019-11-13 20:20:22,085 [7a884130-6d50-4d25-81cf-a815cb8b077e@group-66711409C4AC-SegmentedRaftLogWorker] INFO  segmented.SegmentedRaftLogWorker (SegmentedRaftLogWorker.java:execute(576)) - 7a884130-6d50-4d25-81cf-a815cb8b077e@group-66711409C4AC-SegmentedRaftLogWorker: created new log segment /workdir/hadoop-ozone/integration-test/target/test-dir/MiniOzoneClusterImpl-252be716-c998-406a-83e5-534d363f62a9/datanode-4/data/ratis/187bc42e-6361-4c31-99a1-66711409c4ac/current/log_inprogress_0
2019-11-13 20:20:22,121 [4ccef42d-128e-4eed-9e45-8d297f7adfc0@group-B9C54E1E8808-SegmentedRaftLogWorker] INFO  segmented.SegmentedRaftLogWorker (SegmentedRaftLogWorker.java:execute(576)) - 4ccef42d-128e-4eed-9e45-8d297f7adfc0@group-B9C54E1E8808-SegmentedRaftLogWorker: created new log segment /workdir/hadoop-ozone/integration-test/target/test-dir/MiniOzoneClusterImpl-252be716-c998-406a-83e5-534d363f62a9/datanode-7/data/ratis/aa19db5c-ebb5-4c0c-a81b-b9c54e1e8808/current/log_inprogress_0
2019-11-13 20:20:22,145 [Thread-4172] INFO  impl.FollowerState (FollowerState.java:run(111)) - 5d9d256b-54cf-4856-8c87-6034b73b04bd@group-8DEDC3E58C83-FollowerState: change to CANDIDATE, lastRpcTime:1090ms, electionTimeout:1090ms
2019-11-13 20:20:22,145 [Thread-4172] INFO  impl.RoleInfo (RoleInfo.java:shutdownFollowerState(121)) - 5d9d256b-54cf-4856-8c87-6034b73b04bd: shutdown FollowerState
2019-11-13 20:20:22,145 [Thread-4172] INFO  impl.RaftServerImpl (RaftServerImpl.java:setRole(173)) - 5d9d256b-54cf-4856-8c87-6034b73b04bd@group-8DEDC3E58C83: changes role from  FOLLOWER to CANDIDATE at term 0 for changeToCandidate
2019-11-13 20:20:22,145 [Thread-4172] INFO  impl.RoleInfo (RoleInfo.java:updateAndGet(143)) - 5d9d256b-54cf-4856-8c87-6034b73b04bd: start LeaderElection
2019-11-13 20:20:22,165 [5d9d256b-54cf-4856-8c87-6034b73b04bd@group-8DEDC3E58C83-LeaderElection197] INFO  impl.LeaderElection (LeaderElection.java:askForVotes(178)) - 5d9d256b-54cf-4856-8c87-6034b73b04bd@group-8DEDC3E58C83-LeaderElection197: begin an election at term 1 for -1: [5d9d256b-54cf-4856-8c87-6034b73b04bd:192.168.164.208:43036], old=null
2019-11-13 20:20:22,165 [5d9d256b-54cf-4856-8c87-6034b73b04bd@group-8DEDC3E58C83-LeaderElection197] INFO  impl.RoleInfo (RoleInfo.java:shutdownLeaderElection(134)) - 5d9d256b-54cf-4856-8c87-6034b73b04bd: shutdown LeaderElection
2019-11-13 20:20:22,165 [5d9d256b-54cf-4856-8c87-6034b73b04bd@group-8DEDC3E58C83-LeaderElection197] INFO  impl.RaftServerImpl (RaftServerImpl.java:setRole(173)) - 5d9d256b-54cf-4856-8c87-6034b73b04bd@group-8DEDC3E58C83: changes role from CANDIDATE to LEADER at term 1 for changeToLeader
2019-11-13 20:20:22,165 [5d9d256b-54cf-4856-8c87-6034b73b04bd@group-8DEDC3E58C83-LeaderElection197] INFO  ratis.XceiverServerRatis (XceiverServerRatis.java:handleLeaderChangedNotification(697)) - Leader change notification received for group: group-8DEDC3E58C83 with new leaderId: 5d9d256b-54cf-4856-8c87-6034b73b04bd
2019-11-13 20:20:22,165 [5d9d256b-54cf-4856-8c87-6034b73b04bd@group-8DEDC3E58C83-LeaderElection197] INFO  impl.RaftServerImpl (ServerState.java:setLeader(255)) - 5d9d256b-54cf-4856-8c87-6034b73b04bd@group-8DEDC3E58C83: change Leader from null to 5d9d256b-54cf-4856-8c87-6034b73b04bd at term 1 for becomeLeader, leader elected after 1115ms
2019-11-13 20:20:22,166 [5d9d256b-54cf-4856-8c87-6034b73b04bd@group-8DEDC3E58C83-LeaderElection197] INFO  server.RaftServerConfigKeys (ConfUtils.java:logGet(43)) - raft.server.staging.catchup.gap = 1000 (default)
2019-11-13 20:20:22,168 [5d9d256b-54cf-4856-8c87-6034b73b04bd@group-8DEDC3E58C83-LeaderElection197] INFO  server.RaftServerConfigKeys (ConfUtils.java:logGet(43)) - raft.server.rpc.sleep.time = 25ms (default)
2019-11-13 20:20:22,168 [5d9d256b-54cf-4856-8c87-6034b73b04bd@group-8DEDC3E58C83-LeaderElection197] INFO  server.RaftServerConfigKeys (ConfUtils.java:logGet(43)) - raft.server.write.element-limit = 4096 (default)
2019-11-13 20:20:22,168 [5d9d256b-54cf-4856-8c87-6034b73b04bd@group-8DEDC3E58C83-LeaderElection197] INFO  server.RaftServerConfigKeys (ConfUtils.java:logGet(43)) - raft.server.watch.timeout = 10s (default)
2019-11-13 20:20:22,169 [5d9d256b-54cf-4856-8c87-6034b73b04bd@group-8DEDC3E58C83-LeaderElection197] INFO  server.RaftServerConfigKeys (ConfUtils.java:logGet(43)) - raft.server.watch.timeout.denomination = 1s (default)
2019-11-13 20:20:22,169 [5d9d256b-54cf-4856-8c87-6034b73b04bd@group-8DEDC3E58C83-LeaderElection197] INFO  server.RaftServerConfigKeys (ConfUtils.java:logGet(43)) - raft.server.watch.element-limit = 65536 (default)
2019-11-13 20:20:22,169 [EventQueue-PipelineReportForPipelineReportHandler] INFO  pipeline.PipelineStateManager (PipelineStateManager.java:openPipeline(134)) - Pipeline Pipeline[ Id: 57c109be-1673-49fd-a918-8dedc3e58c83, Nodes: 5d9d256b-54cf-4856-8c87-6034b73b04bd{ip: 192.168.164.208, host: pr-hdds-2375-t422d-1049308724, networkLocation: /rack1, certSerialId: null}, Type:RATIS, Factor:ONE, State:OPEN] moved to OPEN state
2019-11-13 20:20:22,169 [5d9d256b-54cf-4856-8c87-6034b73b04bd@group-8DEDC3E58C83-LeaderElection197] INFO  impl.RoleInfo (RoleInfo.java:updateAndGet(143)) - 5d9d256b-54cf-4856-8c87-6034b73b04bd: start LeaderState
2019-11-13 20:20:22,169 [5d9d256b-54cf-4856-8c87-6034b73b04bd@group-8DEDC3E58C83-LeaderElection197] INFO  segmented.SegmentedRaftLogWorker (SegmentedRaftLogWorker.java:startLogSegment(385)) - 5d9d256b-54cf-4856-8c87-6034b73b04bd@group-8DEDC3E58C83-SegmentedRaftLogWorker: Starting segment from index:0
2019-11-13 20:20:22,170 [5d9d256b-54cf-4856-8c87-6034b73b04bd@group-8DEDC3E58C83-LeaderElection197] INFO  impl.RaftServerImpl (ServerState.java:setRaftConf(356)) - 5d9d256b-54cf-4856-8c87-6034b73b04bd@group-8DEDC3E58C83: set configuration 0: [5d9d256b-54cf-4856-8c87-6034b73b04bd:192.168.164.208:43036], old=null at 0
2019-11-13 20:20:22,190 [Thread-4175] INFO  impl.FollowerState (FollowerState.java:run(111)) - 52541eb8-c0db-4941-8ea5-4f6f65566359@group-AC4F6DDD0E54-FollowerState: change to CANDIDATE, lastRpcTime:1095ms, electionTimeout:1095ms
2019-11-13 20:20:22,190 [Thread-4175] INFO  impl.RoleInfo (RoleInfo.java:shutdownFollowerState(121)) - 52541eb8-c0db-4941-8ea5-4f6f65566359: shutdown FollowerState
2019-11-13 20:20:22,190 [Thread-4175] INFO  impl.RaftServerImpl (RaftServerImpl.java:setRole(173)) - 52541eb8-c0db-4941-8ea5-4f6f65566359@group-AC4F6DDD0E54: changes role from  FOLLOWER to CANDIDATE at term 0 for changeToCandidate
2019-11-13 20:20:22,190 [Thread-4175] INFO  impl.RoleInfo (RoleInfo.java:updateAndGet(143)) - 52541eb8-c0db-4941-8ea5-4f6f65566359: start LeaderElection
2019-11-13 20:20:22,206 [main] INFO  ozone.MiniOzoneClusterImpl (MiniOzoneClusterImpl.java:lambda$waitForClusterToBeReady$2(163)) - Waiting for 3 number of pipelines out of 13, to report a leader.
2019-11-13 20:20:22,213 [5d9d256b-54cf-4856-8c87-6034b73b04bd@group-8DEDC3E58C83-SegmentedRaftLogWorker] INFO  segmented.SegmentedRaftLogWorker (SegmentedRaftLogWorker.java:execute(576)) - 5d9d256b-54cf-4856-8c87-6034b73b04bd@group-8DEDC3E58C83-SegmentedRaftLogWorker: created new log segment /workdir/hadoop-ozone/integration-test/target/test-dir/MiniOzoneClusterImpl-252be716-c998-406a-83e5-534d363f62a9/datanode-6/data/ratis/57c109be-1673-49fd-a918-8dedc3e58c83/current/log_inprogress_0
2019-11-13 20:20:22,213 [52541eb8-c0db-4941-8ea5-4f6f65566359@group-AC4F6DDD0E54-LeaderElection198] INFO  impl.LeaderElection (LeaderElection.java:askForVotes(178)) - 52541eb8-c0db-4941-8ea5-4f6f65566359@group-AC4F6DDD0E54-LeaderElection198: begin an election at term 1 for -1: [52541eb8-c0db-4941-8ea5-4f6f65566359:192.168.164.208:33189], old=null
2019-11-13 20:20:22,213 [52541eb8-c0db-4941-8ea5-4f6f65566359@group-AC4F6DDD0E54-LeaderElection198] INFO  impl.RoleInfo (RoleInfo.java:shutdownLeaderElection(134)) - 52541eb8-c0db-4941-8ea5-4f6f65566359: shutdown LeaderElection
2019-11-13 20:20:22,213 [52541eb8-c0db-4941-8ea5-4f6f65566359@group-AC4F6DDD0E54-LeaderElection198] INFO  impl.RaftServerImpl (RaftServerImpl.java:setRole(173)) - 52541eb8-c0db-4941-8ea5-4f6f65566359@group-AC4F6DDD0E54: changes role from CANDIDATE to LEADER at term 1 for changeToLeader
2019-11-13 20:20:22,214 [52541eb8-c0db-4941-8ea5-4f6f65566359@group-AC4F6DDD0E54-LeaderElection198] INFO  ratis.XceiverServerRatis (XceiverServerRatis.java:handleLeaderChangedNotification(697)) - Leader change notification received for group: group-AC4F6DDD0E54 with new leaderId: 52541eb8-c0db-4941-8ea5-4f6f65566359
2019-11-13 20:20:22,214 [52541eb8-c0db-4941-8ea5-4f6f65566359@group-AC4F6DDD0E54-LeaderElection198] INFO  impl.RaftServerImpl (ServerState.java:setLeader(255)) - 52541eb8-c0db-4941-8ea5-4f6f65566359@group-AC4F6DDD0E54: change Leader from null to 52541eb8-c0db-4941-8ea5-4f6f65566359 at term 1 for becomeLeader, leader elected after 1122ms
2019-11-13 20:20:22,214 [52541eb8-c0db-4941-8ea5-4f6f65566359@group-AC4F6DDD0E54-LeaderElection198] INFO  server.RaftServerConfigKeys (ConfUtils.java:logGet(43)) - raft.server.staging.catchup.gap = 1000 (default)
2019-11-13 20:20:22,216 [52541eb8-c0db-4941-8ea5-4f6f65566359@group-AC4F6DDD0E54-LeaderElection198] INFO  server.RaftServerConfigKeys (ConfUtils.java:logGet(43)) - raft.server.rpc.sleep.time = 25ms (default)
2019-11-13 20:20:22,217 [52541eb8-c0db-4941-8ea5-4f6f65566359@group-AC4F6DDD0E54-LeaderElection198] INFO  server.RaftServerConfigKeys (ConfUtils.java:logGet(43)) - raft.server.write.element-limit = 4096 (default)
2019-11-13 20:20:22,217 [52541eb8-c0db-4941-8ea5-4f6f65566359@group-AC4F6DDD0E54-LeaderElection198] INFO  server.RaftServerConfigKeys (ConfUtils.java:logGet(43)) - raft.server.watch.timeout = 10s (default)
2019-11-13 20:20:22,217 [52541eb8-c0db-4941-8ea5-4f6f65566359@group-AC4F6DDD0E54-LeaderElection198] INFO  server.RaftServerConfigKeys (ConfUtils.java:logGet(43)) - raft.server.watch.timeout.denomination = 1s (default)
2019-11-13 20:20:22,217 [EventQueue-PipelineReportForPipelineReportHandler] INFO  pipeline.PipelineStateManager (PipelineStateManager.java:openPipeline(134)) - Pipeline Pipeline[ Id: 4b03e56f-b31c-42fc-9075-ac4f6ddd0e54, Nodes: 52541eb8-c0db-4941-8ea5-4f6f65566359{ip: 192.168.164.208, host: pr-hdds-2375-t422d-1049308724, networkLocation: /rack1, certSerialId: null}, Type:RATIS, Factor:ONE, State:OPEN] moved to OPEN state
2019-11-13 20:20:22,217 [52541eb8-c0db-4941-8ea5-4f6f65566359@group-AC4F6DDD0E54-LeaderElection198] INFO  server.RaftServerConfigKeys (ConfUtils.java:logGet(43)) - raft.server.watch.element-limit = 65536 (default)
2019-11-13 20:20:22,217 [52541eb8-c0db-4941-8ea5-4f6f65566359@group-AC4F6DDD0E54-LeaderElection198] INFO  impl.RoleInfo (RoleInfo.java:updateAndGet(143)) - 52541eb8-c0db-4941-8ea5-4f6f65566359: start LeaderState
2019-11-13 20:20:22,218 [52541eb8-c0db-4941-8ea5-4f6f65566359@group-AC4F6DDD0E54-LeaderElection198] INFO  segmented.SegmentedRaftLogWorker (SegmentedRaftLogWorker.java:startLogSegment(385)) - 52541eb8-c0db-4941-8ea5-4f6f65566359@group-AC4F6DDD0E54-SegmentedRaftLogWorker: Starting segment from index:0
2019-11-13 20:20:22,218 [52541eb8-c0db-4941-8ea5-4f6f65566359@group-AC4F6DDD0E54-LeaderElection198] INFO  impl.RaftServerImpl (ServerState.java:setRaftConf(356)) - 52541eb8-c0db-4941-8ea5-4f6f65566359@group-AC4F6DDD0E54: set configuration 0: [52541eb8-c0db-4941-8ea5-4f6f65566359:192.168.164.208:33189], old=null at 0
2019-11-13 20:20:22,259 [Thread-4186] INFO  impl.FollowerState (FollowerState.java:run(111)) - 5d9d256b-54cf-4856-8c87-6034b73b04bd@group-53A8366392D7-FollowerState: change to CANDIDATE, lastRpcTime:1056ms, electionTimeout:1056ms
2019-11-13 20:20:22,259 [Thread-4186] INFO  impl.RoleInfo (RoleInfo.java:shutdownFollowerState(121)) - 5d9d256b-54cf-4856-8c87-6034b73b04bd: shutdown FollowerState
2019-11-13 20:20:22,259 [Thread-4186] INFO  impl.RaftServerImpl (RaftServerImpl.java:setRole(173)) - 5d9d256b-54cf-4856-8c87-6034b73b04bd@group-53A8366392D7: changes role from  FOLLOWER to CANDIDATE at term 0 for changeToCandidate
2019-11-13 20:20:22,260 [Thread-4186] INFO  impl.RoleInfo (RoleInfo.java:updateAndGet(143)) - 5d9d256b-54cf-4856-8c87-6034b73b04bd: start LeaderElection
2019-11-13 20:20:22,265 [52541eb8-c0db-4941-8ea5-4f6f65566359@group-AC4F6DDD0E54-SegmentedRaftLogWorker] INFO  segmented.SegmentedRaftLogWorker (SegmentedRaftLogWorker.java:execute(576)) - 52541eb8-c0db-4941-8ea5-4f6f65566359@group-AC4F6DDD0E54-SegmentedRaftLogWorker: created new log segment /workdir/hadoop-ozone/integration-test/target/test-dir/MiniOzoneClusterImpl-252be716-c998-406a-83e5-534d363f62a9/datanode-8/data/ratis/4b03e56f-b31c-42fc-9075-ac4f6ddd0e54/current/log_inprogress_0
2019-11-13 20:20:22,268 [5d9d256b-54cf-4856-8c87-6034b73b04bd@group-53A8366392D7-LeaderElection199] INFO  impl.LeaderElection (LeaderElection.java:askForVotes(178)) - 5d9d256b-54cf-4856-8c87-6034b73b04bd@group-53A8366392D7-LeaderElection199: begin an election at term 1 for -1: [4ccef42d-128e-4eed-9e45-8d297f7adfc0:192.168.164.208:42894, 52541eb8-c0db-4941-8ea5-4f6f65566359:192.168.164.208:33189, 5d9d256b-54cf-4856-8c87-6034b73b04bd:192.168.164.208:43036], old=null
2019-11-13 20:20:22,272 [Thread-4178] INFO  impl.FollowerState (FollowerState.java:run(111)) - ad900a72-65c6-4ee1-bf89-d32e01cfc372@group-0F1D85717CE1-FollowerState: change to CANDIDATE, lastRpcTime:1135ms, electionTimeout:1133ms
2019-11-13 20:20:22,272 [Thread-4178] INFO  impl.RoleInfo (RoleInfo.java:shutdownFollowerState(121)) - ad900a72-65c6-4ee1-bf89-d32e01cfc372: shutdown FollowerState
2019-11-13 20:20:22,272 [Thread-4178] INFO  impl.RaftServerImpl (RaftServerImpl.java:setRole(173)) - ad900a72-65c6-4ee1-bf89-d32e01cfc372@group-0F1D85717CE1: changes role from  FOLLOWER to CANDIDATE at term 0 for changeToCandidate
2019-11-13 20:20:22,272 [Thread-4178] INFO  impl.RoleInfo (RoleInfo.java:updateAndGet(143)) - ad900a72-65c6-4ee1-bf89-d32e01cfc372: start LeaderElection
2019-11-13 20:20:22,289 [grpc-default-executor-6] INFO  impl.RaftServerImpl (RaftServerImpl.java:setRole(173)) - 4ccef42d-128e-4eed-9e45-8d297f7adfc0@group-53A8366392D7: changes role from  FOLLOWER to FOLLOWER at term 1 for recognizeCandidate:5d9d256b-54cf-4856-8c87-6034b73b04bd
2019-11-13 20:20:22,289 [grpc-default-executor-0] INFO  impl.RaftServerImpl (RaftServerImpl.java:setRole(173)) - 52541eb8-c0db-4941-8ea5-4f6f65566359@group-53A8366392D7: changes role from  FOLLOWER to FOLLOWER at term 1 for recognizeCandidate:5d9d256b-54cf-4856-8c87-6034b73b04bd
2019-11-13 20:20:22,290 [grpc-default-executor-0] INFO  impl.RoleInfo (RoleInfo.java:shutdownFollowerState(121)) - 52541eb8-c0db-4941-8ea5-4f6f65566359: shutdown FollowerState
2019-11-13 20:20:22,290 [ad900a72-65c6-4ee1-bf89-d32e01cfc372@group-0F1D85717CE1-LeaderElection200] INFO  impl.LeaderElection (LeaderElection.java:askForVotes(178)) - ad900a72-65c6-4ee1-bf89-d32e01cfc372@group-0F1D85717CE1-LeaderElection200: begin an election at term 1 for -1: [ad900a72-65c6-4ee1-bf89-d32e01cfc372:192.168.164.208:38759], old=null
2019-11-13 20:20:22,290 [grpc-default-executor-6] INFO  impl.RoleInfo (RoleInfo.java:shutdownFollowerState(121)) - 4ccef42d-128e-4eed-9e45-8d297f7adfc0: shutdown FollowerState
2019-11-13 20:20:22,290 [ad900a72-65c6-4ee1-bf89-d32e01cfc372@group-0F1D85717CE1-LeaderElection200] INFO  impl.RoleInfo (RoleInfo.java:shutdownLeaderElection(134)) - ad900a72-65c6-4ee1-bf89-d32e01cfc372: shutdown LeaderElection
2019-11-13 20:20:22,290 [Thread-4181] INFO  impl.FollowerState (FollowerState.java:run(120)) - 52541eb8-c0db-4941-8ea5-4f6f65566359@group-53A8366392D7-FollowerState was interrupted: java.lang.InterruptedException: sleep interrupted
2019-11-13 20:20:22,290 [grpc-default-executor-0] INFO  impl.RoleInfo (RoleInfo.java:updateAndGet(143)) - 52541eb8-c0db-4941-8ea5-4f6f65566359: start FollowerState
2019-11-13 20:20:22,290 [ad900a72-65c6-4ee1-bf89-d32e01cfc372@group-0F1D85717CE1-LeaderElection200] INFO  impl.RaftServerImpl (RaftServerImpl.java:setRole(173)) - ad900a72-65c6-4ee1-bf89-d32e01cfc372@group-0F1D85717CE1: changes role from CANDIDATE to LEADER at term 1 for changeToLeader
2019-11-13 20:20:22,290 [grpc-default-executor-6] INFO  impl.RoleInfo (RoleInfo.java:updateAndGet(143)) - 4ccef42d-128e-4eed-9e45-8d297f7adfc0: start FollowerState
2019-11-13 20:20:22,290 [Thread-4185] INFO  impl.FollowerState (FollowerState.java:run(120)) - 4ccef42d-128e-4eed-9e45-8d297f7adfc0@group-53A8366392D7-FollowerState was interrupted: java.lang.InterruptedException: sleep interrupted
2019-11-13 20:20:22,291 [ad900a72-65c6-4ee1-bf89-d32e01cfc372@group-0F1D85717CE1-LeaderElection200] INFO  ratis.XceiverServerRatis (XceiverServerRatis.java:handleLeaderChangedNotification(697)) - Leader change notification received for group: group-0F1D85717CE1 with new leaderId: ad900a72-65c6-4ee1-bf89-d32e01cfc372
2019-11-13 20:20:22,291 [ad900a72-65c6-4ee1-bf89-d32e01cfc372@group-0F1D85717CE1-LeaderElection200] INFO  impl.RaftServerImpl (ServerState.java:setLeader(255)) - ad900a72-65c6-4ee1-bf89-d32e01cfc372@group-0F1D85717CE1: change Leader from null to ad900a72-65c6-4ee1-bf89-d32e01cfc372 at term 1 for becomeLeader, leader elected after 1159ms
2019-11-13 20:20:22,292 [ad900a72-65c6-4ee1-bf89-d32e01cfc372@group-0F1D85717CE1-LeaderElection200] INFO  server.RaftServerConfigKeys (ConfUtils.java:logGet(43)) - raft.server.staging.catchup.gap = 1000 (default)
2019-11-13 20:20:22,294 [ad900a72-65c6-4ee1-bf89-d32e01cfc372@group-0F1D85717CE1-LeaderElection200] INFO  server.RaftServerConfigKeys (ConfUtils.java:logGet(43)) - raft.server.rpc.sleep.time = 25ms (default)
2019-11-13 20:20:22,294 [ad900a72-65c6-4ee1-bf89-d32e01cfc372@group-0F1D85717CE1-LeaderElection200] INFO  server.RaftServerConfigKeys (ConfUtils.java:logGet(43)) - raft.server.write.element-limit = 4096 (default)
2019-11-13 20:20:22,294 [ad900a72-65c6-4ee1-bf89-d32e01cfc372@group-0F1D85717CE1-LeaderElection200] INFO  server.RaftServerConfigKeys (ConfUtils.java:logGet(43)) - raft.server.watch.timeout = 10s (default)
2019-11-13 20:20:22,294 [ad900a72-65c6-4ee1-bf89-d32e01cfc372@group-0F1D85717CE1-LeaderElection200] INFO  server.RaftServerConfigKeys (ConfUtils.java:logGet(43)) - raft.server.watch.timeout.denomination = 1s (default)
2019-11-13 20:20:22,295 [ad900a72-65c6-4ee1-bf89-d32e01cfc372@group-0F1D85717CE1-LeaderElection200] INFO  server.RaftServerConfigKeys (ConfUtils.java:logGet(43)) - raft.server.watch.element-limit = 65536 (default)
2019-11-13 20:20:22,295 [ad900a72-65c6-4ee1-bf89-d32e01cfc372@group-0F1D85717CE1-LeaderElection200] INFO  impl.RoleInfo (RoleInfo.java:updateAndGet(143)) - ad900a72-65c6-4ee1-bf89-d32e01cfc372: start LeaderState
2019-11-13 20:20:22,295 [ad900a72-65c6-4ee1-bf89-d32e01cfc372@group-0F1D85717CE1-LeaderElection200] INFO  segmented.SegmentedRaftLogWorker (SegmentedRaftLogWorker.java:startLogSegment(385)) - ad900a72-65c6-4ee1-bf89-d32e01cfc372@group-0F1D85717CE1-SegmentedRaftLogWorker: Starting segment from index:0
2019-11-13 20:20:22,295 [EventQueue-PipelineReportForPipelineReportHandler] INFO  pipeline.PipelineStateManager (PipelineStateManager.java:openPipeline(134)) - Pipeline Pipeline[ Id: a1f41b45-7536-45e3-9fb6-0f1d85717ce1, Nodes: ad900a72-65c6-4ee1-bf89-d32e01cfc372{ip: 192.168.164.208, host: pr-hdds-2375-t422d-1049308724, networkLocation: /rack1, certSerialId: null}, Type:RATIS, Factor:ONE, State:OPEN] moved to OPEN state
2019-11-13 20:20:22,295 [ad900a72-65c6-4ee1-bf89-d32e01cfc372@group-0F1D85717CE1-LeaderElection200] INFO  impl.RaftServerImpl (ServerState.java:setRaftConf(356)) - ad900a72-65c6-4ee1-bf89-d32e01cfc372@group-0F1D85717CE1: set configuration 0: [ad900a72-65c6-4ee1-bf89-d32e01cfc372:192.168.164.208:38759], old=null at 0
2019-11-13 20:20:22,313 [5d9d256b-54cf-4856-8c87-6034b73b04bd@group-53A8366392D7-LeaderElection199] INFO  impl.LeaderElection (LeaderElection.java:logAndReturn(56)) - 5d9d256b-54cf-4856-8c87-6034b73b04bd@group-53A8366392D7-LeaderElection199: Election PASSED; received 1 response(s) [5d9d256b-54cf-4856-8c87-6034b73b04bd<-52541eb8-c0db-4941-8ea5-4f6f65566359#0:OK-t1] and 0 exception(s); 5d9d256b-54cf-4856-8c87-6034b73b04bd@group-53A8366392D7:t1, leader=null, voted=5d9d256b-54cf-4856-8c87-6034b73b04bd, raftlog=5d9d256b-54cf-4856-8c87-6034b73b04bd@group-53A8366392D7-SegmentedRaftLog:OPENED:c-1,f-1,i0, conf=-1: [4ccef42d-128e-4eed-9e45-8d297f7adfc0:192.168.164.208:42894, 52541eb8-c0db-4941-8ea5-4f6f65566359:192.168.164.208:33189, 5d9d256b-54cf-4856-8c87-6034b73b04bd:192.168.164.208:43036], old=null
2019-11-13 20:20:22,313 [5d9d256b-54cf-4856-8c87-6034b73b04bd@group-53A8366392D7-LeaderElection199] INFO  impl.RoleInfo (RoleInfo.java:shutdownLeaderElection(134)) - 5d9d256b-54cf-4856-8c87-6034b73b04bd: shutdown LeaderElection
2019-11-13 20:20:22,313 [5d9d256b-54cf-4856-8c87-6034b73b04bd@group-53A8366392D7-LeaderElection199] INFO  impl.RaftServerImpl (RaftServerImpl.java:setRole(173)) - 5d9d256b-54cf-4856-8c87-6034b73b04bd@group-53A8366392D7: changes role from CANDIDATE to LEADER at term 1 for changeToLeader
2019-11-13 20:20:22,313 [5d9d256b-54cf-4856-8c87-6034b73b04bd@group-53A8366392D7-LeaderElection199] INFO  ratis.XceiverServerRatis (XceiverServerRatis.java:handleLeaderChangedNotification(697)) - Leader change notification received for group: group-53A8366392D7 with new leaderId: 5d9d256b-54cf-4856-8c87-6034b73b04bd
2019-11-13 20:20:22,313 [5d9d256b-54cf-4856-8c87-6034b73b04bd@group-53A8366392D7-LeaderElection199] INFO  impl.RaftServerImpl (ServerState.java:setLeader(255)) - 5d9d256b-54cf-4856-8c87-6034b73b04bd@group-53A8366392D7: change Leader from null to 5d9d256b-54cf-4856-8c87-6034b73b04bd at term 1 for becomeLeader, leader elected after 1119ms
2019-11-13 20:20:22,313 [5d9d256b-54cf-4856-8c87-6034b73b04bd@group-53A8366392D7-LeaderElection199] INFO  server.RaftServerConfigKeys (ConfUtils.java:logGet(43)) - raft.server.staging.catchup.gap = 1000 (default)
2019-11-13 20:20:22,314 [5d9d256b-54cf-4856-8c87-6034b73b04bd@group-53A8366392D7-LeaderElection199] INFO  server.RaftServerConfigKeys (ConfUtils.java:logGet(43)) - raft.server.rpc.sleep.time = 25ms (default)
2019-11-13 20:20:22,314 [5d9d256b-54cf-4856-8c87-6034b73b04bd@group-53A8366392D7-LeaderElection199] INFO  server.RaftServerConfigKeys (ConfUtils.java:logGet(43)) - raft.server.write.element-limit = 4096 (default)
2019-11-13 20:20:22,314 [5d9d256b-54cf-4856-8c87-6034b73b04bd@group-53A8366392D7-LeaderElection199] INFO  server.RaftServerConfigKeys (ConfUtils.java:logGet(43)) - raft.server.watch.timeout = 10s (default)
2019-11-13 20:20:22,314 [5d9d256b-54cf-4856-8c87-6034b73b04bd@group-53A8366392D7-LeaderElection199] INFO  server.RaftServerConfigKeys (ConfUtils.java:logGet(43)) - raft.server.watch.timeout.denomination = 1s (default)
2019-11-13 20:20:22,314 [5d9d256b-54cf-4856-8c87-6034b73b04bd@group-53A8366392D7-LeaderElection199] INFO  server.RaftServerConfigKeys (ConfUtils.java:logGet(43)) - raft.server.watch.element-limit = 65536 (default)
2019-11-13 20:20:22,314 [EventQueue-PipelineReportForPipelineReportHandler] INFO  pipeline.PipelineStateManager (PipelineStateManager.java:openPipeline(134)) - Pipeline Pipeline[ Id: 331595c1-ba5d-49bf-9d61-53a8366392d7, Nodes: 52541eb8-c0db-4941-8ea5-4f6f65566359{ip: 192.168.164.208, host: pr-hdds-2375-t422d-1049308724, networkLocation: /rack1, certSerialId: null}4ccef42d-128e-4eed-9e45-8d297f7adfc0{ip: 192.168.164.208, host: pr-hdds-2375-t422d-1049308724, networkLocation: /rack1, certSerialId: null}5d9d256b-54cf-4856-8c87-6034b73b04bd{ip: 192.168.164.208, host: pr-hdds-2375-t422d-1049308724, networkLocation: /rack1, certSerialId: null}, Type:RATIS, Factor:THREE, State:OPEN] moved to OPEN state
2019-11-13 20:20:22,315 [5d9d256b-54cf-4856-8c87-6034b73b04bd@group-53A8366392D7-LeaderElection199] INFO  server.RaftServerConfigKeys (ConfUtils.java:logGet(43)) - raft.server.log.appender.snapshot.chunk.size.max = 16MB (=16777216) (default)
2019-11-13 20:20:22,315 [5d9d256b-54cf-4856-8c87-6034b73b04bd@group-53A8366392D7-LeaderElection199] INFO  server.RaftServerConfigKeys (ConfUtils.java:logGet(43)) - raft.server.log.appender.buffer.byte-limit = 33554432 (custom)
2019-11-13 20:20:22,315 [5d9d256b-54cf-4856-8c87-6034b73b04bd@group-53A8366392D7-LeaderElection199] INFO  server.RaftServerConfigKeys (ConfUtils.java:logGet(43)) - raft.server.log.appender.buffer.element-limit = 1 (custom)
2019-11-13 20:20:22,315 [5d9d256b-54cf-4856-8c87-6034b73b04bd@group-53A8366392D7-LeaderElection199] INFO  grpc.GrpcConfigKeys$Server (ConfUtils.java:logGet(43)) - raft.grpc.server.leader.outstanding.appends.max = 128 (default)
2019-11-13 20:20:22,315 [5d9d256b-54cf-4856-8c87-6034b73b04bd@group-53A8366392D7-LeaderElection199] INFO  server.RaftServerConfigKeys (ConfUtils.java:logGet(43)) - raft.server.rpc.request.timeout = 3000ms (default)
2019-11-13 20:20:22,316 [5d9d256b-54cf-4856-8c87-6034b73b04bd@group-53A8366392D7-LeaderElection199] INFO  server.RaftServerConfigKeys (ConfUtils.java:logGet(43)) - raft.server.log.appender.install.snapshot.enabled = false (custom)
2019-11-13 20:20:22,316 [5d9d256b-54cf-4856-8c87-6034b73b04bd@group-53A8366392D7-LeaderElection199] WARN  impl.MetricRegistriesImpl (MetricRegistriesImpl.java:lambda$create$1(61)) - First MetricRegistry has been created without registering reporters. You may need to call MetricRegistries.global().addReportRegistration(...) before.
2019-11-13 20:20:22,316 [5d9d256b-54cf-4856-8c87-6034b73b04bd@group-53A8366392D7-LeaderElection199] INFO  server.RaftServerConfigKeys (ConfUtils.java:logGet(43)) - raft.server.log.appender.snapshot.chunk.size.max = 16MB (=16777216) (default)
2019-11-13 20:20:22,316 [5d9d256b-54cf-4856-8c87-6034b73b04bd@group-53A8366392D7-LeaderElection199] INFO  server.RaftServerConfigKeys (ConfUtils.java:logGet(43)) - raft.server.log.appender.buffer.byte-limit = 33554432 (custom)
2019-11-13 20:20:22,316 [5d9d256b-54cf-4856-8c87-6034b73b04bd@group-53A8366392D7-LeaderElection199] INFO  server.RaftServerConfigKeys (ConfUtils.java:logGet(43)) - raft.server.log.appender.buffer.element-limit = 1 (custom)
2019-11-13 20:20:22,317 [5d9d256b-54cf-4856-8c87-6034b73b04bd@group-53A8366392D7-LeaderElection199] INFO  grpc.GrpcConfigKeys$Server (ConfUtils.java:logGet(43)) - raft.grpc.server.leader.outstanding.appends.max = 128 (default)
2019-11-13 20:20:22,317 [5d9d256b-54cf-4856-8c87-6034b73b04bd@group-53A8366392D7-LeaderElection199] INFO  server.RaftServerConfigKeys (ConfUtils.java:logGet(43)) - raft.server.rpc.request.timeout = 3000ms (default)
2019-11-13 20:20:22,317 [5d9d256b-54cf-4856-8c87-6034b73b04bd@group-53A8366392D7-LeaderElection199] INFO  server.RaftServerConfigKeys (ConfUtils.java:logGet(43)) - raft.server.log.appender.install.snapshot.enabled = false (custom)
2019-11-13 20:20:22,317 [5d9d256b-54cf-4856-8c87-6034b73b04bd@group-53A8366392D7-LeaderElection199] INFO  impl.RoleInfo (RoleInfo.java:updateAndGet(143)) - 5d9d256b-54cf-4856-8c87-6034b73b04bd: start LeaderState
2019-11-13 20:20:22,317 [5d9d256b-54cf-4856-8c87-6034b73b04bd@group-53A8366392D7-LeaderElection199] INFO  segmented.SegmentedRaftLogWorker (SegmentedRaftLogWorker.java:startLogSegment(385)) - 5d9d256b-54cf-4856-8c87-6034b73b04bd@group-53A8366392D7-SegmentedRaftLogWorker: Starting segment from index:0
2019-11-13 20:20:22,318 [5d9d256b-54cf-4856-8c87-6034b73b04bd@group-53A8366392D7-LeaderElection199] INFO  impl.RaftServerImpl (ServerState.java:setRaftConf(356)) - 5d9d256b-54cf-4856-8c87-6034b73b04bd@group-53A8366392D7: set configuration 0: [4ccef42d-128e-4eed-9e45-8d297f7adfc0:192.168.164.208:42894, 52541eb8-c0db-4941-8ea5-4f6f65566359:192.168.164.208:33189, 5d9d256b-54cf-4856-8c87-6034b73b04bd:192.168.164.208:43036], old=null at 0
2019-11-13 20:20:22,319 [grpc-default-executor-6] INFO  ratis.XceiverServerRatis (XceiverServerRatis.java:handleLeaderChangedNotification(697)) - Leader change notification received for group: group-53A8366392D7 with new leaderId: 5d9d256b-54cf-4856-8c87-6034b73b04bd
2019-11-13 20:20:22,319 [grpc-default-executor-6] INFO  impl.RaftServerImpl (ServerState.java:setLeader(255)) - 4ccef42d-128e-4eed-9e45-8d297f7adfc0@group-53A8366392D7: change Leader from null to 5d9d256b-54cf-4856-8c87-6034b73b04bd at term 1 for appendEntries, leader elected after 1124ms
2019-11-13 20:20:22,319 [grpc-default-executor-0] INFO  ratis.XceiverServerRatis (XceiverServerRatis.java:handleLeaderChangedNotification(697)) - Leader change notification received for group: group-53A8366392D7 with new leaderId: 5d9d256b-54cf-4856-8c87-6034b73b04bd
2019-11-13 20:20:22,320 [grpc-default-executor-0] INFO  impl.RaftServerImpl (ServerState.java:setLeader(255)) - 52541eb8-c0db-4941-8ea5-4f6f65566359@group-53A8366392D7: change Leader from null to 5d9d256b-54cf-4856-8c87-6034b73b04bd at term 1 for appendEntries, leader elected after 1125ms
2019-11-13 20:20:22,365 [grpc-default-executor-6] INFO  impl.RaftServerImpl (ServerState.java:setRaftConf(356)) - 52541eb8-c0db-4941-8ea5-4f6f65566359@group-53A8366392D7: set configuration 0: [4ccef42d-128e-4eed-9e45-8d297f7adfc0:192.168.164.208:42894, 52541eb8-c0db-4941-8ea5-4f6f65566359:192.168.164.208:33189, 5d9d256b-54cf-4856-8c87-6034b73b04bd:192.168.164.208:43036], old=null at 0
2019-11-13 20:20:22,365 [grpc-default-executor-0] INFO  impl.RaftServerImpl (ServerState.java:setRaftConf(356)) - 4ccef42d-128e-4eed-9e45-8d297f7adfc0@group-53A8366392D7: set configuration 0: [4ccef42d-128e-4eed-9e45-8d297f7adfc0:192.168.164.208:42894, 52541eb8-c0db-4941-8ea5-4f6f65566359:192.168.164.208:33189, 5d9d256b-54cf-4856-8c87-6034b73b04bd:192.168.164.208:43036], old=null at 0
2019-11-13 20:20:22,365 [grpc-default-executor-6] INFO  segmented.SegmentedRaftLogWorker (SegmentedRaftLogWorker.java:startLogSegment(385)) - 52541eb8-c0db-4941-8ea5-4f6f65566359@group-53A8366392D7-SegmentedRaftLogWorker: Starting segment from index:0
2019-11-13 20:20:22,366 [grpc-default-executor-0] INFO  segmented.SegmentedRaftLogWorker (SegmentedRaftLogWorker.java:startLogSegment(385)) - 4ccef42d-128e-4eed-9e45-8d297f7adfc0@group-53A8366392D7-SegmentedRaftLogWorker: Starting segment from index:0
2019-11-13 20:20:22,372 [ad900a72-65c6-4ee1-bf89-d32e01cfc372@group-0F1D85717CE1-SegmentedRaftLogWorker] INFO  segmented.SegmentedRaftLogWorker (SegmentedRaftLogWorker.java:execute(576)) - ad900a72-65c6-4ee1-bf89-d32e01cfc372@group-0F1D85717CE1-SegmentedRaftLogWorker: created new log segment /workdir/hadoop-ozone/integration-test/target/test-dir/MiniOzoneClusterImpl-252be716-c998-406a-83e5-534d363f62a9/datanode-9/data/ratis/a1f41b45-7536-45e3-9fb6-0f1d85717ce1/current/log_inprogress_0
2019-11-13 20:20:22,372 [5d9d256b-54cf-4856-8c87-6034b73b04bd@group-53A8366392D7-SegmentedRaftLogWorker] INFO  segmented.SegmentedRaftLogWorker (SegmentedRaftLogWorker.java:execute(576)) - 5d9d256b-54cf-4856-8c87-6034b73b04bd@group-53A8366392D7-SegmentedRaftLogWorker: created new log segment /workdir/hadoop-ozone/integration-test/target/test-dir/MiniOzoneClusterImpl-252be716-c998-406a-83e5-534d363f62a9/datanode-6/data/ratis/331595c1-ba5d-49bf-9d61-53a8366392d7/current/log_inprogress_0
2019-11-13 20:20:22,415 [4ccef42d-128e-4eed-9e45-8d297f7adfc0@group-53A8366392D7-SegmentedRaftLogWorker] INFO  segmented.SegmentedRaftLogWorker (SegmentedRaftLogWorker.java:execute(576)) - 4ccef42d-128e-4eed-9e45-8d297f7adfc0@group-53A8366392D7-SegmentedRaftLogWorker: created new log segment /workdir/hadoop-ozone/integration-test/target/test-dir/MiniOzoneClusterImpl-252be716-c998-406a-83e5-534d363f62a9/datanode-7/data/ratis/331595c1-ba5d-49bf-9d61-53a8366392d7/current/log_inprogress_0
2019-11-13 20:20:22,415 [52541eb8-c0db-4941-8ea5-4f6f65566359@group-53A8366392D7-SegmentedRaftLogWorker] INFO  segmented.SegmentedRaftLogWorker (SegmentedRaftLogWorker.java:execute(576)) - 52541eb8-c0db-4941-8ea5-4f6f65566359@group-53A8366392D7-SegmentedRaftLogWorker: created new log segment /workdir/hadoop-ozone/integration-test/target/test-dir/MiniOzoneClusterImpl-252be716-c998-406a-83e5-534d363f62a9/datanode-8/data/ratis/331595c1-ba5d-49bf-9d61-53a8366392d7/current/log_inprogress_0
2019-11-13 20:20:23,210 [main] INFO  ozone.MiniOzoneClusterImpl (MiniOzoneClusterImpl.java:lambda$waitForClusterToBeReady$2(171)) - Cluster is ready. Got 10 of 10 DN Heartbeats.
2019-11-13 20:20:23,244 [main] INFO  rpc.RpcClient (RpcClient.java:createVolume(292)) - Creating Volume: datanodefailurehandlingtest, with jenkins1000 as owner.
2019-11-13 20:20:23,246 [IPC Server handler 1 on 37038] INFO  volume.OMVolumeCreateRequest (OMVolumeCreateRequest.java:validateAndUpdateCache(193)) - created volume:datanodefailurehandlingtest for user:jenkins1000
2019-11-13 20:20:23,294 [main] INFO  rpc.RpcClient (RpcClient.java:createBucket(431)) - Creating Bucket: datanodefailurehandlingtest/datanodefailurehandlingtest, with Versioning false and Storage Type set to DISK and Encryption set to false 
2019-11-13 20:20:23,376 [Thread-4131] INFO  container.ReplicationManager (ReplicationManager.java:start(162)) - Starting Replication Monitor Thread.
2019-11-13 20:20:23,377 [Thread-4131] INFO  pipeline.SCMPipelineManager (SCMPipelineManager.java:finalizeAndDestroyPipeline(315)) - destroying pipeline:Pipeline[ Id: 083995ba-1271-45e4-9159-d0afec7fd2fe, Nodes: dc33d614-f8fc-4160-b742-6654ea8e560b{ip: 192.168.164.208, host: pr-hdds-2375-t422d-1049308724, networkLocation: /rack1, certSerialId: null}, Type:RATIS, Factor:ONE, State:OPEN]
2019-11-13 20:20:23,378 [ReplicationMonitor] INFO  container.ReplicationManager (ReplicationManager.java:run(225)) - Replication Monitor Thread took 0 milliseconds for processing 1 containers.
2019-11-13 20:20:23,378 [Thread-4131] INFO  pipeline.PipelineStateManager (PipelineStateManager.java:finalizePipeline(121)) - Pipeline Pipeline[ Id: 083995ba-1271-45e4-9159-d0afec7fd2fe, Nodes: dc33d614-f8fc-4160-b742-6654ea8e560b{ip: 192.168.164.208, host: pr-hdds-2375-t422d-1049308724, networkLocation: /rack1, certSerialId: null}, Type:RATIS, Factor:ONE, State:CLOSED] moved to CLOSED state
2019-11-13 20:20:23,381 [grpc-default-executor-5] INFO  impl.RaftServerProxy (RaftServerProxy.java:remove(95)) - dc33d614-f8fc-4160-b742-6654ea8e560b: remove    LEADER dc33d614-f8fc-4160-b742-6654ea8e560b@group-D0AFEC7FD2FE:t1, leader=dc33d614-f8fc-4160-b742-6654ea8e560b, voted=dc33d614-f8fc-4160-b742-6654ea8e560b, raftlog=dc33d614-f8fc-4160-b742-6654ea8e560b@group-D0AFEC7FD2FE-SegmentedRaftLog:OPENED:c0,f0,i0, conf=0: [dc33d614-f8fc-4160-b742-6654ea8e560b:192.168.164.208:36418], old=null RUNNING
2019-11-13 20:20:23,382 [grpc-default-executor-5] INFO  impl.RaftServerImpl (RaftServerImpl.java:lambda$shutdown$3(250)) - dc33d614-f8fc-4160-b742-6654ea8e560b@group-D0AFEC7FD2FE: shutdown
2019-11-13 20:20:23,382 [grpc-default-executor-5] INFO  util.JmxRegister (JmxRegister.java:unregister(73)) - Successfully un-registered JMX Bean with object name Ratis:service=RaftServer,group=group-D0AFEC7FD2FE,id=dc33d614-f8fc-4160-b742-6654ea8e560b
2019-11-13 20:20:23,383 [grpc-default-executor-5] INFO  impl.RoleInfo (RoleInfo.java:shutdownLeaderState(104)) - dc33d614-f8fc-4160-b742-6654ea8e560b: shutdown LeaderState
2019-11-13 20:20:23,383 [grpc-default-executor-5] INFO  impl.PendingRequests (PendingRequests.java:sendNotLeaderResponses(206)) - dc33d614-f8fc-4160-b742-6654ea8e560b@group-D0AFEC7FD2FE-PendingRequests: sendNotLeaderResponses
2019-11-13 20:20:23,384 [grpc-default-executor-5] INFO  impl.StateMachineUpdater (StateMachineUpdater.java:stopAndJoin(136)) - dc33d614-f8fc-4160-b742-6654ea8e560b@group-D0AFEC7FD2FE-StateMachineUpdater: set stopIndex = 0
2019-11-13 20:20:23,386 [grpc-default-executor-5] INFO  impl.RaftServerImpl (ServerState.java:close(387)) - dc33d614-f8fc-4160-b742-6654ea8e560b@group-D0AFEC7FD2FE: closes. applyIndex: 0
2019-11-13 20:20:23,387 [dc33d614-f8fc-4160-b742-6654ea8e560b@group-D0AFEC7FD2FE-SegmentedRaftLogWorker] INFO  segmented.SegmentedRaftLogWorker (SegmentedRaftLogWorker.java:run(316)) - dc33d614-f8fc-4160-b742-6654ea8e560b@group-D0AFEC7FD2FE-SegmentedRaftLogWorker was interrupted, exiting. There are 0 tasks remaining in the queue.
2019-11-13 20:20:23,387 [grpc-default-executor-5] INFO  segmented.SegmentedRaftLogWorker (SegmentedRaftLogWorker.java:close(224)) - dc33d614-f8fc-4160-b742-6654ea8e560b@group-D0AFEC7FD2FE-SegmentedRaftLogWorker close()
2019-11-13 20:20:23,391 [Thread-4131] INFO  pipeline.PipelineStateManager (PipelineStateManager.java:removePipeline(106)) - Pipeline Pipeline[ Id: 083995ba-1271-45e4-9159-d0afec7fd2fe, Nodes: dc33d614-f8fc-4160-b742-6654ea8e560b{ip: 192.168.164.208, host: pr-hdds-2375-t422d-1049308724, networkLocation: /rack1, certSerialId: null}, Type:RATIS, Factor:ONE, State:CLOSED] removed from db
2019-11-13 20:20:23,392 [Thread-4131] INFO  pipeline.SCMPipelineManager (SCMPipelineManager.java:finalizeAndDestroyPipeline(315)) - destroying pipeline:Pipeline[ Id: 5df931fc-2bcf-45d1-a525-b358bc70bc31, Nodes: 2eae8a0c-14f7-4974-be0f-a72b7694e262{ip: 192.168.164.208, host: pr-hdds-2375-t422d-1049308724, networkLocation: /rack1, certSerialId: null}, Type:RATIS, Factor:ONE, State:OPEN]
2019-11-13 20:20:23,396 [grpc-default-executor-0] INFO  impl.RaftServerProxy (RaftServerProxy.java:addNew(89)) - dc33d614-f8fc-4160-b742-6654ea8e560b: addNew group-BD46578B047D:[dc33d614-f8fc-4160-b742-6654ea8e560b:192.168.164.208:36418] returns group-BD46578B047D:java.util.concurrent.CompletableFuture@2c79f3c2[Not completed]
2019-11-13 20:20:23,397 [pool-559-thread-1] INFO  impl.RaftServerImpl (RaftServerImpl.java:<init>(98)) - dc33d614-f8fc-4160-b742-6654ea8e560b: new RaftServerImpl for group-BD46578B047D:[dc33d614-f8fc-4160-b742-6654ea8e560b:192.168.164.208:36418] with ContainerStateMachine:uninitialized
2019-11-13 20:20:23,397 [pool-559-thread-1] INFO  server.RaftServerConfigKeys (ConfUtils.java:logGet(43)) - raft.server.rpc.timeout.min = 1s (custom)
2019-11-13 20:20:23,397 [pool-559-thread-1] INFO  server.RaftServerConfigKeys (ConfUtils.java:logGet(43)) - raft.server.rpc.timeout.max = 1200ms (custom)
2019-11-13 20:20:23,397 [pool-559-thread-1] INFO  server.RaftServerConfigKeys (ConfUtils.java:logGet(43)) - raft.server.rpcslowness.timeout = 120s (custom)
2019-11-13 20:20:23,398 [pool-559-thread-1] INFO  server.RaftServerConfigKeys (ConfUtils.java:logGet(43)) - raft.server.sleep.deviation.threshold = 300 (default)
2019-11-13 20:20:23,398 [pool-559-thread-1] INFO  server.RaftServerConfigKeys (ConfUtils.java:logGet(43)) - raft.server.log.appender.install.snapshot.enabled = false (custom)
2019-11-13 20:20:23,398 [pool-559-thread-1] INFO  impl.RaftServerImpl (ServerState.java:<init>(103)) - dc33d614-f8fc-4160-b742-6654ea8e560b@group-BD46578B047D: ConfigurationManager, init=-1: [dc33d614-f8fc-4160-b742-6654ea8e560b:192.168.164.208:36418], old=null, confs=<EMPTY_MAP>
2019-11-13 20:20:23,398 [pool-559-thread-1] INFO  server.RaftServerConfigKeys (ConfUtils.java:logGet(43)) - raft.server.storage.dir = [/workdir/hadoop-ozone/integration-test/target/test-dir/MiniOzoneClusterImpl-252be716-c998-406a-83e5-534d363f62a9/datanode-5/data/ratis] (custom)
2019-11-13 20:20:23,398 [pool-559-thread-1] INFO  server.RaftServerConfigKeys (ConfUtils.java:logGet(43)) - raft.server.log.corruption.policy = EXCEPTION (default)
2019-11-13 20:20:23,398 [pool-559-thread-1] INFO  storage.RaftStorageDirectory (RaftStorageDirectory.java:analyzeStorage(246)) - The storage directory /workdir/hadoop-ozone/integration-test/target/test-dir/MiniOzoneClusterImpl-252be716-c998-406a-83e5-534d363f62a9/datanode-5/data/ratis/24d26032-7ae8-4670-a142-bd46578b047d does not exist. Creating ...
2019-11-13 20:20:23,412 [pool-559-thread-1] INFO  storage.RaftStorageDirectory (RaftStorageDirectory.java:tryLock(328)) - Lock on /workdir/hadoop-ozone/integration-test/target/test-dir/MiniOzoneClusterImpl-252be716-c998-406a-83e5-534d363f62a9/datanode-5/data/ratis/24d26032-7ae8-4670-a142-bd46578b047d/in_use.lock acquired by nodename 4344@pr-hdds-2375-t422d-1049308724
2019-11-13 20:20:23,426 [pool-559-thread-1] INFO  storage.RaftStorage (RaftStorage.java:format(84)) - Storage directory /workdir/hadoop-ozone/integration-test/target/test-dir/MiniOzoneClusterImpl-252be716-c998-406a-83e5-534d363f62a9/datanode-5/data/ratis/24d26032-7ae8-4670-a142-bd46578b047d has been successfully formatted.
2019-11-13 20:20:23,427 [pool-559-thread-1] INFO  ratis.ContainerStateMachine (ContainerStateMachine.java:loadSnapshot(223)) - group-BD46578B047D: The snapshot info is null. Setting the last applied indexto:(t:0, i:~)
2019-11-13 20:20:23,427 [pool-559-thread-1] INFO  server.RaftServerConfigKeys (ConfUtils.java:logGet(43)) - raft.server.notification.no-leader.timeout = 120s (custom)
2019-11-13 20:20:23,427 [pool-559-thread-1] INFO  server.RaftServerConfigKeys (ConfUtils.java:logGet(43)) - raft.server.log.use.memory = false (default)
2019-11-13 20:20:23,428 [pool-559-thread-1] INFO  server.RaftServerConfigKeys (ConfUtils.java:logGet(43)) - raft.server.log.purge.gap = 1000000 (custom)
2019-11-13 20:20:23,428 [pool-559-thread-1] INFO  server.RaftServerConfigKeys (ConfUtils.java:logGet(43)) - raft.server.log.appender.buffer.byte-limit = 33554432 (custom)
2019-11-13 20:20:23,428 [pool-559-thread-1] INFO  server.RaftServerConfigKeys (ConfUtils.java:logGet(43)) - raft.server.log.segment.size.max = 1048576 (custom)
2019-11-13 20:20:23,428 [pool-559-thread-1] INFO  server.RaftServerConfigKeys (ConfUtils.java:logGet(43)) - raft.server.log.segment.cache.num.max = 2 (custom)
2019-11-13 20:20:23,428 [pool-559-thread-1] INFO  segmented.SegmentedRaftLogWorker (SegmentedRaftLogWorker.java:<init>(173)) - new dc33d614-f8fc-4160-b742-6654ea8e560b@group-BD46578B047D-SegmentedRaftLogWorker for RaftStorage:Storage Directory /workdir/hadoop-ozone/integration-test/target/test-dir/MiniOzoneClusterImpl-252be716-c998-406a-83e5-534d363f62a9/datanode-5/data/ratis/24d26032-7ae8-4670-a142-bd46578b047d
2019-11-13 20:20:23,429 [pool-559-thread-1] INFO  server.RaftServerConfigKeys (ConfUtils.java:logGet(43)) - raft.server.log.queue.byte-limit = 2147483647 (custom)
2019-11-13 20:20:23,429 [pool-559-thread-1] INFO  server.RaftServerConfigKeys (ConfUtils.java:logGet(43)) - raft.server.log.queue.element-limit = 1024 (custom)
2019-11-13 20:20:23,429 [pool-559-thread-1] INFO  server.RaftServerConfigKeys (ConfUtils.java:logGet(43)) - raft.server.log.segment.size.max = 1048576 (custom)
2019-11-13 20:20:23,429 [pool-559-thread-1] INFO  server.RaftServerConfigKeys (ConfUtils.java:logGet(43)) - raft.server.log.preallocated.size = 16384 (custom)
2019-11-13 20:20:23,429 [pool-559-thread-1] INFO  server.RaftServerConfigKeys (ConfUtils.java:logGet(43)) - raft.server.log.write.buffer.size = 33554432 (custom)
2019-11-13 20:20:23,429 [pool-559-thread-1] INFO  server.RaftServerConfigKeys (ConfUtils.java:logGet(43)) - raft.server.log.force.sync.num = 128 (default)
2019-11-13 20:20:23,430 [pool-559-thread-1] INFO  server.RaftServerConfigKeys (ConfUtils.java:logGet(43)) - raft.server.log.statemachine.data.sync = true (default)
2019-11-13 20:20:23,430 [pool-559-thread-1] INFO  server.RaftServerConfigKeys (ConfUtils.java:logGet(43)) - raft.server.log.statemachine.data.sync.timeout = 10s (default)
2019-11-13 20:20:23,430 [pool-559-thread-1] INFO  server.RaftServerConfigKeys (ConfUtils.java:logGet(43)) - raft.server.log.statemachine.data.sync.timeout.retry = -1 (default)
2019-11-13 20:20:23,430 [pool-559-thread-1] INFO  server.RaftServerConfigKeys (ConfUtils.java:logGet(43)) - raft.server.log.statemachine.data.caching.enabled = true (custom)
2019-11-13 20:20:23,440 [pool-559-thread-1] INFO  segmented.SegmentedRaftLogWorker (SegmentedRaftLogWorker.java:lambda$new$0(128)) - dc33d614-f8fc-4160-b742-6654ea8e560b@group-BD46578B047D-SegmentedRaftLogWorker: flushIndex: setUnconditionally 0 -> -1
2019-11-13 20:20:23,441 [pool-559-thread-1] INFO  server.RaftServerConfigKeys (ConfUtils.java:logGet(43)) - raft.server.snapshot.auto.trigger.enabled = true (custom)
2019-11-13 20:20:23,441 [pool-559-thread-1] INFO  server.RaftServerConfigKeys (ConfUtils.java:logGet(43)) - raft.server.snapshot.auto.trigger.threshold = 10000 (custom)
2019-11-13 20:20:23,441 [pool-559-thread-1] INFO  server.RaftServerConfigKeys (ConfUtils.java:logGet(43)) - raft.server.snapshot.retention.file.num = 5 (custom)
2019-11-13 20:20:23,441 [pool-559-thread-1] INFO  server.RaftServerConfigKeys (ConfUtils.java:logGet(43)) - raft.server.retrycache.expirytime = 600000ms (custom)
2019-11-13 20:20:23,441 [pool-559-thread-1] WARN  impl.MetricRegistriesImpl (MetricRegistriesImpl.java:lambda$create$1(61)) - First MetricRegistry has been created without registering reporters. You may need to call MetricRegistries.global().addReportRegistration(...) before.
2019-11-13 20:20:23,442 [pool-559-thread-1] WARN  impl.MetricRegistriesImpl (MetricRegistriesImpl.java:lambda$create$1(61)) - First MetricRegistry has been created without registering reporters. You may need to call MetricRegistries.global().addReportRegistration(...) before.
2019-11-13 20:20:23,442 [pool-559-thread-1] INFO  impl.RaftServerImpl (RaftServerImpl.java:start(184)) - dc33d614-f8fc-4160-b742-6654ea8e560b@group-BD46578B047D: start as a follower, conf=-1: [dc33d614-f8fc-4160-b742-6654ea8e560b:192.168.164.208:36418], old=null
2019-11-13 20:20:23,442 [pool-559-thread-1] INFO  impl.RaftServerImpl (RaftServerImpl.java:setRole(173)) - dc33d614-f8fc-4160-b742-6654ea8e560b@group-BD46578B047D: changes role from      null to FOLLOWER at term 0 for startAsFollower
2019-11-13 20:20:23,442 [pool-559-thread-1] INFO  impl.RoleInfo (RoleInfo.java:updateAndGet(143)) - dc33d614-f8fc-4160-b742-6654ea8e560b: start FollowerState
2019-11-13 20:20:23,456 [pool-559-thread-1] INFO  util.JmxRegister (JmxRegister.java:tryRegister(44)) - Successfully registered JMX Bean with object name Ratis:service=RaftServer,group=group-BD46578B047D,id=dc33d614-f8fc-4160-b742-6654ea8e560b
2019-11-13 20:20:23,456 [pool-559-thread-1] WARN  impl.MetricRegistriesImpl (MetricRegistriesImpl.java:lambda$create$1(61)) - First MetricRegistry has been created without registering reporters. You may need to call MetricRegistries.global().addReportRegistration(...) before.
2019-11-13 20:20:23,468 [RatisPipelineUtilsThread] INFO  pipeline.PipelineStateManager (PipelineStateManager.java:addPipeline(55)) - Created pipeline Pipeline[ Id: 24d26032-7ae8-4670-a142-bd46578b047d, Nodes: dc33d614-f8fc-4160-b742-6654ea8e560b{ip: 192.168.164.208, host: pr-hdds-2375-t422d-1049308724, networkLocation: /rack1, certSerialId: null}, Type:RATIS, Factor:ONE, State:ALLOCATED]
2019-11-13 20:20:23,469 [Thread-4131] INFO  pipeline.PipelineStateManager (PipelineStateManager.java:finalizePipeline(121)) - Pipeline Pipeline[ Id: 5df931fc-2bcf-45d1-a525-b358bc70bc31, Nodes: 2eae8a0c-14f7-4974-be0f-a72b7694e262{ip: 192.168.164.208, host: pr-hdds-2375-t422d-1049308724, networkLocation: /rack1, certSerialId: null}, Type:RATIS, Factor:ONE, State:CLOSED] moved to CLOSED state
2019-11-13 20:20:23,473 [grpc-default-executor-6] INFO  impl.RaftServerProxy (RaftServerProxy.java:remove(95)) - 2eae8a0c-14f7-4974-be0f-a72b7694e262: remove    LEADER 2eae8a0c-14f7-4974-be0f-a72b7694e262@group-B358BC70BC31:t1, leader=2eae8a0c-14f7-4974-be0f-a72b7694e262, voted=2eae8a0c-14f7-4974-be0f-a72b7694e262, raftlog=2eae8a0c-14f7-4974-be0f-a72b7694e262@group-B358BC70BC31-SegmentedRaftLog:OPENED:c0,f0,i0, conf=0: [2eae8a0c-14f7-4974-be0f-a72b7694e262:192.168.164.208:33269], old=null RUNNING
2019-11-13 20:20:23,473 [grpc-default-executor-6] INFO  impl.RaftServerImpl (RaftServerImpl.java:lambda$shutdown$3(250)) - 2eae8a0c-14f7-4974-be0f-a72b7694e262@group-B358BC70BC31: shutdown
2019-11-13 20:20:23,473 [grpc-default-executor-6] INFO  util.JmxRegister (JmxRegister.java:unregister(73)) - Successfully un-registered JMX Bean with object name Ratis:service=RaftServer,group=group-B358BC70BC31,id=2eae8a0c-14f7-4974-be0f-a72b7694e262
2019-11-13 20:20:23,474 [grpc-default-executor-6] INFO  impl.RoleInfo (RoleInfo.java:shutdownLeaderState(104)) - 2eae8a0c-14f7-4974-be0f-a72b7694e262: shutdown LeaderState
2019-11-13 20:20:23,474 [grpc-default-executor-6] INFO  impl.PendingRequests (PendingRequests.java:sendNotLeaderResponses(206)) - 2eae8a0c-14f7-4974-be0f-a72b7694e262@group-B358BC70BC31-PendingRequests: sendNotLeaderResponses
2019-11-13 20:20:23,474 [grpc-default-executor-6] INFO  impl.StateMachineUpdater (StateMachineUpdater.java:stopAndJoin(136)) - 2eae8a0c-14f7-4974-be0f-a72b7694e262@group-B358BC70BC31-StateMachineUpdater: set stopIndex = 0
2019-11-13 20:20:23,474 [grpc-default-executor-6] INFO  impl.RaftServerImpl (ServerState.java:close(387)) - 2eae8a0c-14f7-4974-be0f-a72b7694e262@group-B358BC70BC31: closes. applyIndex: 0
2019-11-13 20:20:23,475 [2eae8a0c-14f7-4974-be0f-a72b7694e262@group-B358BC70BC31-SegmentedRaftLogWorker] INFO  segmented.SegmentedRaftLogWorker (SegmentedRaftLogWorker.java:run(316)) - 2eae8a0c-14f7-4974-be0f-a72b7694e262@group-B358BC70BC31-SegmentedRaftLogWorker was interrupted, exiting. There are 0 tasks remaining in the queue.
2019-11-13 20:20:23,475 [grpc-default-executor-6] INFO  segmented.SegmentedRaftLogWorker (SegmentedRaftLogWorker.java:close(224)) - 2eae8a0c-14f7-4974-be0f-a72b7694e262@group-B358BC70BC31-SegmentedRaftLogWorker close()
2019-11-13 20:20:23,480 [Thread-4131] INFO  pipeline.PipelineStateManager (PipelineStateManager.java:removePipeline(106)) - Pipeline Pipeline[ Id: 5df931fc-2bcf-45d1-a525-b358bc70bc31, Nodes: 2eae8a0c-14f7-4974-be0f-a72b7694e262{ip: 192.168.164.208, host: pr-hdds-2375-t422d-1049308724, networkLocation: /rack1, certSerialId: null}, Type:RATIS, Factor:ONE, State:CLOSED] removed from db
2019-11-13 20:20:23,480 [Thread-4131] INFO  pipeline.SCMPipelineManager (SCMPipelineManager.java:finalizeAndDestroyPipeline(315)) - destroying pipeline:Pipeline[ Id: abab3875-a852-4ee1-a682-413488953f84, Nodes: b0735163-16b4-4eff-936d-5712c77b458f{ip: 192.168.164.208, host: pr-hdds-2375-t422d-1049308724, networkLocation: /rack1, certSerialId: null}, Type:RATIS, Factor:ONE, State:OPEN]
2019-11-13 20:20:23,482 [grpc-default-executor-6] INFO  impl.RaftServerProxy (RaftServerProxy.java:addNew(89)) - 2eae8a0c-14f7-4974-be0f-a72b7694e262: addNew group-9E9C1A8714A0:[2eae8a0c-14f7-4974-be0f-a72b7694e262:192.168.164.208:33269] returns group-9E9C1A8714A0:java.util.concurrent.CompletableFuture@73881064[Not completed]
2019-11-13 20:20:23,483 [pool-519-thread-1] INFO  impl.RaftServerImpl (RaftServerImpl.java:<init>(98)) - 2eae8a0c-14f7-4974-be0f-a72b7694e262: new RaftServerImpl for group-9E9C1A8714A0:[2eae8a0c-14f7-4974-be0f-a72b7694e262:192.168.164.208:33269] with ContainerStateMachine:uninitialized
2019-11-13 20:20:23,483 [pool-519-thread-1] INFO  server.RaftServerConfigKeys (ConfUtils.java:logGet(43)) - raft.server.rpc.timeout.min = 1s (custom)
2019-11-13 20:20:23,483 [pool-519-thread-1] INFO  server.RaftServerConfigKeys (ConfUtils.java:logGet(43)) - raft.server.rpc.timeout.max = 1200ms (custom)
2019-11-13 20:20:23,484 [pool-519-thread-1] INFO  server.RaftServerConfigKeys (ConfUtils.java:logGet(43)) - raft.server.rpcslowness.timeout = 120s (custom)
2019-11-13 20:20:23,484 [pool-519-thread-1] INFO  server.RaftServerConfigKeys (ConfUtils.java:logGet(43)) - raft.server.sleep.deviation.threshold = 300 (default)
2019-11-13 20:20:23,484 [pool-519-thread-1] INFO  server.RaftServerConfigKeys (ConfUtils.java:logGet(43)) - raft.server.log.appender.install.snapshot.enabled = false (custom)
2019-11-13 20:20:23,484 [pool-519-thread-1] INFO  impl.RaftServerImpl (ServerState.java:<init>(103)) - 2eae8a0c-14f7-4974-be0f-a72b7694e262@group-9E9C1A8714A0: ConfigurationManager, init=-1: [2eae8a0c-14f7-4974-be0f-a72b7694e262:192.168.164.208:33269], old=null, confs=<EMPTY_MAP>
2019-11-13 20:20:23,484 [pool-519-thread-1] INFO  server.RaftServerConfigKeys (ConfUtils.java:logGet(43)) - raft.server.storage.dir = [/workdir/hadoop-ozone/integration-test/target/test-dir/MiniOzoneClusterImpl-252be716-c998-406a-83e5-534d363f62a9/datanode-1/data/ratis] (custom)
2019-11-13 20:20:23,484 [pool-519-thread-1] INFO  server.RaftServerConfigKeys (ConfUtils.java:logGet(43)) - raft.server.log.corruption.policy = EXCEPTION (default)
2019-11-13 20:20:23,484 [pool-519-thread-1] INFO  storage.RaftStorageDirectory (RaftStorageDirectory.java:analyzeStorage(246)) - The storage directory /workdir/hadoop-ozone/integration-test/target/test-dir/MiniOzoneClusterImpl-252be716-c998-406a-83e5-534d363f62a9/datanode-1/data/ratis/768ac956-7548-4e46-bc9f-9e9c1a8714a0 does not exist. Creating ...
2019-11-13 20:20:23,499 [pool-519-thread-1] INFO  storage.RaftStorageDirectory (RaftStorageDirectory.java:tryLock(328)) - Lock on /workdir/hadoop-ozone/integration-test/target/test-dir/MiniOzoneClusterImpl-252be716-c998-406a-83e5-534d363f62a9/datanode-1/data/ratis/768ac956-7548-4e46-bc9f-9e9c1a8714a0/in_use.lock acquired by nodename 4344@pr-hdds-2375-t422d-1049308724
2019-11-13 20:20:23,513 [pool-519-thread-1] INFO  storage.RaftStorage (RaftStorage.java:format(84)) - Storage directory /workdir/hadoop-ozone/integration-test/target/test-dir/MiniOzoneClusterImpl-252be716-c998-406a-83e5-534d363f62a9/datanode-1/data/ratis/768ac956-7548-4e46-bc9f-9e9c1a8714a0 has been successfully formatted.
2019-11-13 20:20:23,513 [pool-519-thread-1] INFO  ratis.ContainerStateMachine (ContainerStateMachine.java:loadSnapshot(223)) - group-9E9C1A8714A0: The snapshot info is null. Setting the last applied indexto:(t:0, i:~)
2019-11-13 20:20:23,513 [pool-519-thread-1] INFO  server.RaftServerConfigKeys (ConfUtils.java:logGet(43)) - raft.server.notification.no-leader.timeout = 120s (custom)
2019-11-13 20:20:23,513 [pool-519-thread-1] INFO  server.RaftServerConfigKeys (ConfUtils.java:logGet(43)) - raft.server.log.use.memory = false (default)
2019-11-13 20:20:23,513 [pool-519-thread-1] INFO  server.RaftServerConfigKeys (ConfUtils.java:logGet(43)) - raft.server.log.purge.gap = 1000000 (custom)
2019-11-13 20:20:23,513 [pool-519-thread-1] INFO  server.RaftServerConfigKeys (ConfUtils.java:logGet(43)) - raft.server.log.appender.buffer.byte-limit = 33554432 (custom)
2019-11-13 20:20:23,514 [pool-519-thread-1] INFO  server.RaftServerConfigKeys (ConfUtils.java:logGet(43)) - raft.server.log.segment.size.max = 1048576 (custom)
2019-11-13 20:20:23,514 [pool-519-thread-1] INFO  server.RaftServerConfigKeys (ConfUtils.java:logGet(43)) - raft.server.log.segment.cache.num.max = 2 (custom)
2019-11-13 20:20:23,514 [pool-519-thread-1] INFO  segmented.SegmentedRaftLogWorker (SegmentedRaftLogWorker.java:<init>(173)) - new 2eae8a0c-14f7-4974-be0f-a72b7694e262@group-9E9C1A8714A0-SegmentedRaftLogWorker for RaftStorage:Storage Directory /workdir/hadoop-ozone/integration-test/target/test-dir/MiniOzoneClusterImpl-252be716-c998-406a-83e5-534d363f62a9/datanode-1/data/ratis/768ac956-7548-4e46-bc9f-9e9c1a8714a0
2019-11-13 20:20:23,514 [pool-519-thread-1] INFO  server.RaftServerConfigKeys (ConfUtils.java:logGet(43)) - raft.server.log.queue.byte-limit = 2147483647 (custom)
2019-11-13 20:20:23,514 [pool-519-thread-1] INFO  server.RaftServerConfigKeys (ConfUtils.java:logGet(43)) - raft.server.log.queue.element-limit = 1024 (custom)
2019-11-13 20:20:23,514 [pool-519-thread-1] INFO  server.RaftServerConfigKeys (ConfUtils.java:logGet(43)) - raft.server.log.segment.size.max = 1048576 (custom)
2019-11-13 20:20:23,514 [pool-519-thread-1] INFO  server.RaftServerConfigKeys (ConfUtils.java:logGet(43)) - raft.server.log.preallocated.size = 16384 (custom)
2019-11-13 20:20:23,514 [pool-519-thread-1] INFO  server.RaftServerConfigKeys (ConfUtils.java:logGet(43)) - raft.server.log.write.buffer.size = 33554432 (custom)
2019-11-13 20:20:23,514 [pool-519-thread-1] INFO  server.RaftServerConfigKeys (ConfUtils.java:logGet(43)) - raft.server.log.force.sync.num = 128 (default)
2019-11-13 20:20:23,514 [pool-519-thread-1] INFO  server.RaftServerConfigKeys (ConfUtils.java:logGet(43)) - raft.server.log.statemachine.data.sync = true (default)
2019-11-13 20:20:23,514 [pool-519-thread-1] INFO  server.RaftServerConfigKeys (ConfUtils.java:logGet(43)) - raft.server.log.statemachine.data.sync.timeout = 10s (default)
2019-11-13 20:20:23,514 [pool-519-thread-1] INFO  server.RaftServerConfigKeys (ConfUtils.java:logGet(43)) - raft.server.log.statemachine.data.sync.timeout.retry = -1 (default)
2019-11-13 20:20:23,515 [pool-519-thread-1] INFO  server.RaftServerConfigKeys (ConfUtils.java:logGet(43)) - raft.server.log.statemachine.data.caching.enabled = true (custom)
2019-11-13 20:20:23,518 [pool-519-thread-1] INFO  segmented.SegmentedRaftLogWorker (SegmentedRaftLogWorker.java:lambda$new$0(128)) - 2eae8a0c-14f7-4974-be0f-a72b7694e262@group-9E9C1A8714A0-SegmentedRaftLogWorker: flushIndex: setUnconditionally 0 -> -1
2019-11-13 20:20:23,519 [pool-519-thread-1] INFO  server.RaftServerConfigKeys (ConfUtils.java:logGet(43)) - raft.server.snapshot.auto.trigger.enabled = true (custom)
2019-11-13 20:20:23,519 [pool-519-thread-1] INFO  server.RaftServerConfigKeys (ConfUtils.java:logGet(43)) - raft.server.snapshot.auto.trigger.threshold = 10000 (custom)
2019-11-13 20:20:23,519 [pool-519-thread-1] INFO  server.RaftServerConfigKeys (ConfUtils.java:logGet(43)) - raft.server.snapshot.retention.file.num = 5 (custom)
2019-11-13 20:20:23,519 [pool-519-thread-1] INFO  server.RaftServerConfigKeys (ConfUtils.java:logGet(43)) - raft.server.retrycache.expirytime = 600000ms (custom)
2019-11-13 20:20:23,519 [pool-519-thread-1] WARN  impl.MetricRegistriesImpl (MetricRegistriesImpl.java:lambda$create$1(61)) - First MetricRegistry has been created without registering reporters. You may need to call MetricRegistries.global().addReportRegistration(...) before.
2019-11-13 20:20:23,519 [pool-519-thread-1] WARN  impl.MetricRegistriesImpl (MetricRegistriesImpl.java:lambda$create$1(61)) - First MetricRegistry has been created without registering reporters. You may need to call MetricRegistries.global().addReportRegistration(...) before.
2019-11-13 20:20:23,520 [pool-519-thread-1] INFO  impl.RaftServerImpl (RaftServerImpl.java:start(184)) - 2eae8a0c-14f7-4974-be0f-a72b7694e262@group-9E9C1A8714A0: start as a follower, conf=-1: [2eae8a0c-14f7-4974-be0f-a72b7694e262:192.168.164.208:33269], old=null
2019-11-13 20:20:23,520 [pool-519-thread-1] INFO  impl.RaftServerImpl (RaftServerImpl.java:setRole(173)) - 2eae8a0c-14f7-4974-be0f-a72b7694e262@group-9E9C1A8714A0: changes role from      null to FOLLOWER at term 0 for startAsFollower
2019-11-13 20:20:23,520 [pool-519-thread-1] INFO  impl.RoleInfo (RoleInfo.java:updateAndGet(143)) - 2eae8a0c-14f7-4974-be0f-a72b7694e262: start FollowerState
2019-11-13 20:20:23,520 [pool-519-thread-1] INFO  util.JmxRegister (JmxRegister.java:tryRegister(44)) - Successfully registered JMX Bean with object name Ratis:service=RaftServer,group=group-9E9C1A8714A0,id=2eae8a0c-14f7-4974-be0f-a72b7694e262
2019-11-13 20:20:23,520 [pool-519-thread-1] WARN  impl.MetricRegistriesImpl (MetricRegistriesImpl.java:lambda$create$1(61)) - First MetricRegistry has been created without registering reporters. You may need to call MetricRegistries.global().addReportRegistration(...) before.
2019-11-13 20:20:23,523 [RatisPipelineUtilsThread] INFO  pipeline.PipelineStateManager (PipelineStateManager.java:addPipeline(55)) - Created pipeline Pipeline[ Id: 768ac956-7548-4e46-bc9f-9e9c1a8714a0, Nodes: 2eae8a0c-14f7-4974-be0f-a72b7694e262{ip: 192.168.164.208, host: pr-hdds-2375-t422d-1049308724, networkLocation: /rack1, certSerialId: null}, Type:RATIS, Factor:ONE, State:ALLOCATED]
2019-11-13 20:20:23,523 [Thread-4131] INFO  pipeline.PipelineStateManager (PipelineStateManager.java:finalizePipeline(121)) - Pipeline Pipeline[ Id: abab3875-a852-4ee1-a682-413488953f84, Nodes: b0735163-16b4-4eff-936d-5712c77b458f{ip: 192.168.164.208, host: pr-hdds-2375-t422d-1049308724, networkLocation: /rack1, certSerialId: null}, Type:RATIS, Factor:ONE, State:CLOSED] moved to CLOSED state
2019-11-13 20:20:23,526 [grpc-default-executor-6] INFO  impl.RaftServerProxy (RaftServerProxy.java:remove(95)) - b0735163-16b4-4eff-936d-5712c77b458f: remove    LEADER b0735163-16b4-4eff-936d-5712c77b458f@group-413488953F84:t1, leader=b0735163-16b4-4eff-936d-5712c77b458f, voted=b0735163-16b4-4eff-936d-5712c77b458f, raftlog=b0735163-16b4-4eff-936d-5712c77b458f@group-413488953F84-SegmentedRaftLog:OPENED:c0,f0,i0, conf=0: [b0735163-16b4-4eff-936d-5712c77b458f:192.168.164.208:33769], old=null RUNNING
2019-11-13 20:20:23,526 [grpc-default-executor-6] INFO  impl.RaftServerImpl (RaftServerImpl.java:lambda$shutdown$3(250)) - b0735163-16b4-4eff-936d-5712c77b458f@group-413488953F84: shutdown
2019-11-13 20:20:23,526 [grpc-default-executor-6] INFO  util.JmxRegister (JmxRegister.java:unregister(73)) - Successfully un-registered JMX Bean with object name Ratis:service=RaftServer,group=group-413488953F84,id=b0735163-16b4-4eff-936d-5712c77b458f
2019-11-13 20:20:23,526 [grpc-default-executor-6] INFO  impl.RoleInfo (RoleInfo.java:shutdownLeaderState(104)) - b0735163-16b4-4eff-936d-5712c77b458f: shutdown LeaderState
2019-11-13 20:20:23,526 [grpc-default-executor-6] INFO  impl.PendingRequests (PendingRequests.java:sendNotLeaderResponses(206)) - b0735163-16b4-4eff-936d-5712c77b458f@group-413488953F84-PendingRequests: sendNotLeaderResponses
2019-11-13 20:20:23,527 [grpc-default-executor-6] INFO  impl.StateMachineUpdater (StateMachineUpdater.java:stopAndJoin(136)) - b0735163-16b4-4eff-936d-5712c77b458f@group-413488953F84-StateMachineUpdater: set stopIndex = 0
2019-11-13 20:20:23,527 [grpc-default-executor-6] INFO  impl.RaftServerImpl (ServerState.java:close(387)) - b0735163-16b4-4eff-936d-5712c77b458f@group-413488953F84: closes. applyIndex: 0
2019-11-13 20:20:23,527 [b0735163-16b4-4eff-936d-5712c77b458f@group-413488953F84-SegmentedRaftLogWorker] INFO  segmented.SegmentedRaftLogWorker (SegmentedRaftLogWorker.java:run(316)) - b0735163-16b4-4eff-936d-5712c77b458f@group-413488953F84-SegmentedRaftLogWorker was interrupted, exiting. There are 0 tasks remaining in the queue.
2019-11-13 20:20:23,528 [grpc-default-executor-6] INFO  segmented.SegmentedRaftLogWorker (SegmentedRaftLogWorker.java:close(224)) - b0735163-16b4-4eff-936d-5712c77b458f@group-413488953F84-SegmentedRaftLogWorker close()
2019-11-13 20:20:23,543 [Thread-4131] INFO  pipeline.PipelineStateManager (PipelineStateManager.java:removePipeline(106)) - Pipeline Pipeline[ Id: abab3875-a852-4ee1-a682-413488953f84, Nodes: b0735163-16b4-4eff-936d-5712c77b458f{ip: 192.168.164.208, host: pr-hdds-2375-t422d-1049308724, networkLocation: /rack1, certSerialId: null}, Type:RATIS, Factor:ONE, State:CLOSED] removed from db
2019-11-13 20:20:23,544 [Thread-4131] INFO  pipeline.SCMPipelineManager (SCMPipelineManager.java:finalizeAndDestroyPipeline(315)) - destroying pipeline:Pipeline[ Id: 49d1063d-bfe7-464c-b918-1d0ec9c867f3, Nodes: f80e2e38-60f5-4e79-8b9a-ced9a5a7a91b{ip: 192.168.164.208, host: pr-hdds-2375-t422d-1049308724, networkLocation: /rack1, certSerialId: null}, Type:RATIS, Factor:ONE, State:OPEN]
2019-11-13 20:20:23,546 [grpc-default-executor-6] INFO  impl.RaftServerProxy (RaftServerProxy.java:addNew(89)) - b0735163-16b4-4eff-936d-5712c77b458f: addNew group-5A0384424C39:[b0735163-16b4-4eff-936d-5712c77b458f:192.168.164.208:33769] returns group-5A0384424C39:java.util.concurrent.CompletableFuture@1e13be52[Not completed]
2019-11-13 20:20:23,547 [pool-529-thread-1] INFO  impl.RaftServerImpl (RaftServerImpl.java:<init>(98)) - b0735163-16b4-4eff-936d-5712c77b458f: new RaftServerImpl for group-5A0384424C39:[b0735163-16b4-4eff-936d-5712c77b458f:192.168.164.208:33769] with ContainerStateMachine:uninitialized
2019-11-13 20:20:23,548 [pool-529-thread-1] INFO  server.RaftServerConfigKeys (ConfUtils.java:logGet(43)) - raft.server.rpc.timeout.min = 1s (custom)
2019-11-13 20:20:23,548 [pool-529-thread-1] INFO  server.RaftServerConfigKeys (ConfUtils.java:logGet(43)) - raft.server.rpc.timeout.max = 1200ms (custom)
2019-11-13 20:20:23,548 [pool-529-thread-1] INFO  server.RaftServerConfigKeys (ConfUtils.java:logGet(43)) - raft.server.rpcslowness.timeout = 120s (custom)
2019-11-13 20:20:23,548 [pool-529-thread-1] INFO  server.RaftServerConfigKeys (ConfUtils.java:logGet(43)) - raft.server.sleep.deviation.threshold = 300 (default)
2019-11-13 20:20:23,548 [pool-529-thread-1] INFO  server.RaftServerConfigKeys (ConfUtils.java:logGet(43)) - raft.server.log.appender.install.snapshot.enabled = false (custom)
2019-11-13 20:20:23,548 [pool-529-thread-1] INFO  impl.RaftServerImpl (ServerState.java:<init>(103)) - b0735163-16b4-4eff-936d-5712c77b458f@group-5A0384424C39: ConfigurationManager, init=-1: [b0735163-16b4-4eff-936d-5712c77b458f:192.168.164.208:33769], old=null, confs=<EMPTY_MAP>
2019-11-13 20:20:23,549 [pool-529-thread-1] INFO  server.RaftServerConfigKeys (ConfUtils.java:logGet(43)) - raft.server.storage.dir = [/workdir/hadoop-ozone/integration-test/target/test-dir/MiniOzoneClusterImpl-252be716-c998-406a-83e5-534d363f62a9/datanode-2/data/ratis] (custom)
2019-11-13 20:20:23,549 [pool-529-thread-1] INFO  server.RaftServerConfigKeys (ConfUtils.java:logGet(43)) - raft.server.log.corruption.policy = EXCEPTION (default)
2019-11-13 20:20:23,549 [pool-529-thread-1] INFO  storage.RaftStorageDirectory (RaftStorageDirectory.java:analyzeStorage(246)) - The storage directory /workdir/hadoop-ozone/integration-test/target/test-dir/MiniOzoneClusterImpl-252be716-c998-406a-83e5-534d363f62a9/datanode-2/data/ratis/106bc081-73bc-4cfa-8263-5a0384424c39 does not exist. Creating ...
2019-11-13 20:20:23,560 [pool-529-thread-1] INFO  storage.RaftStorageDirectory (RaftStorageDirectory.java:tryLock(328)) - Lock on /workdir/hadoop-ozone/integration-test/target/test-dir/MiniOzoneClusterImpl-252be716-c998-406a-83e5-534d363f62a9/datanode-2/data/ratis/106bc081-73bc-4cfa-8263-5a0384424c39/in_use.lock acquired by nodename 4344@pr-hdds-2375-t422d-1049308724
2019-11-13 20:20:23,573 [pool-529-thread-1] INFO  storage.RaftStorage (RaftStorage.java:format(84)) - Storage directory /workdir/hadoop-ozone/integration-test/target/test-dir/MiniOzoneClusterImpl-252be716-c998-406a-83e5-534d363f62a9/datanode-2/data/ratis/106bc081-73bc-4cfa-8263-5a0384424c39 has been successfully formatted.
2019-11-13 20:20:23,573 [pool-529-thread-1] INFO  ratis.ContainerStateMachine (ContainerStateMachine.java:loadSnapshot(223)) - group-5A0384424C39: The snapshot info is null. Setting the last applied indexto:(t:0, i:~)
2019-11-13 20:20:23,573 [pool-529-thread-1] INFO  server.RaftServerConfigKeys (ConfUtils.java:logGet(43)) - raft.server.notification.no-leader.timeout = 120s (custom)
2019-11-13 20:20:23,573 [pool-529-thread-1] INFO  server.RaftServerConfigKeys (ConfUtils.java:logGet(43)) - raft.server.log.use.memory = false (default)
2019-11-13 20:20:23,573 [pool-529-thread-1] INFO  server.RaftServerConfigKeys (ConfUtils.java:logGet(43)) - raft.server.log.purge.gap = 1000000 (custom)
2019-11-13 20:20:23,573 [pool-529-thread-1] INFO  server.RaftServerConfigKeys (ConfUtils.java:logGet(43)) - raft.server.log.appender.buffer.byte-limit = 33554432 (custom)
2019-11-13 20:20:23,573 [pool-529-thread-1] INFO  server.RaftServerConfigKeys (ConfUtils.java:logGet(43)) - raft.server.log.segment.size.max = 1048576 (custom)
2019-11-13 20:20:23,574 [pool-529-thread-1] INFO  server.RaftServerConfigKeys (ConfUtils.java:logGet(43)) - raft.server.log.segment.cache.num.max = 2 (custom)
2019-11-13 20:20:23,574 [pool-529-thread-1] INFO  segmented.SegmentedRaftLogWorker (SegmentedRaftLogWorker.java:<init>(173)) - new b0735163-16b4-4eff-936d-5712c77b458f@group-5A0384424C39-SegmentedRaftLogWorker for RaftStorage:Storage Directory /workdir/hadoop-ozone/integration-test/target/test-dir/MiniOzoneClusterImpl-252be716-c998-406a-83e5-534d363f62a9/datanode-2/data/ratis/106bc081-73bc-4cfa-8263-5a0384424c39
2019-11-13 20:20:23,574 [pool-529-thread-1] INFO  server.RaftServerConfigKeys (ConfUtils.java:logGet(43)) - raft.server.log.queue.byte-limit = 2147483647 (custom)
2019-11-13 20:20:23,574 [pool-529-thread-1] INFO  server.RaftServerConfigKeys (ConfUtils.java:logGet(43)) - raft.server.log.queue.element-limit = 1024 (custom)
2019-11-13 20:20:23,574 [pool-529-thread-1] INFO  server.RaftServerConfigKeys (ConfUtils.java:logGet(43)) - raft.server.log.segment.size.max = 1048576 (custom)
2019-11-13 20:20:23,574 [pool-529-thread-1] INFO  server.RaftServerConfigKeys (ConfUtils.java:logGet(43)) - raft.server.log.preallocated.size = 16384 (custom)
2019-11-13 20:20:23,574 [pool-529-thread-1] INFO  server.RaftServerConfigKeys (ConfUtils.java:logGet(43)) - raft.server.log.write.buffer.size = 33554432 (custom)
2019-11-13 20:20:23,574 [pool-529-thread-1] INFO  server.RaftServerConfigKeys (ConfUtils.java:logGet(43)) - raft.server.log.force.sync.num = 128 (default)
2019-11-13 20:20:23,574 [pool-529-thread-1] INFO  server.RaftServerConfigKeys (ConfUtils.java:logGet(43)) - raft.server.log.statemachine.data.sync = true (default)
2019-11-13 20:20:23,574 [pool-529-thread-1] INFO  server.RaftServerConfigKeys (ConfUtils.java:logGet(43)) - raft.server.log.statemachine.data.sync.timeout = 10s (default)
2019-11-13 20:20:23,574 [pool-529-thread-1] INFO  server.RaftServerConfigKeys (ConfUtils.java:logGet(43)) - raft.server.log.statemachine.data.sync.timeout.retry = -1 (default)
2019-11-13 20:20:23,577 [pool-529-thread-1] INFO  server.RaftServerConfigKeys (ConfUtils.java:logGet(43)) - raft.server.log.statemachine.data.caching.enabled = true (custom)
2019-11-13 20:20:23,577 [pool-529-thread-1] INFO  segmented.SegmentedRaftLogWorker (SegmentedRaftLogWorker.java:lambda$new$0(128)) - b0735163-16b4-4eff-936d-5712c77b458f@group-5A0384424C39-SegmentedRaftLogWorker: flushIndex: setUnconditionally 0 -> -1
2019-11-13 20:20:23,577 [pool-529-thread-1] INFO  server.RaftServerConfigKeys (ConfUtils.java:logGet(43)) - raft.server.snapshot.auto.trigger.enabled = true (custom)
2019-11-13 20:20:23,578 [pool-529-thread-1] INFO  server.RaftServerConfigKeys (ConfUtils.java:logGet(43)) - raft.server.snapshot.auto.trigger.threshold = 10000 (custom)
2019-11-13 20:20:23,578 [pool-529-thread-1] INFO  server.RaftServerConfigKeys (ConfUtils.java:logGet(43)) - raft.server.snapshot.retention.file.num = 5 (custom)
2019-11-13 20:20:23,578 [pool-529-thread-1] INFO  server.RaftServerConfigKeys (ConfUtils.java:logGet(43)) - raft.server.retrycache.expirytime = 600000ms (custom)
2019-11-13 20:20:23,578 [pool-529-thread-1] WARN  impl.MetricRegistriesImpl (MetricRegistriesImpl.java:lambda$create$1(61)) - First MetricRegistry has been created without registering reporters. You may need to call MetricRegistries.global().addReportRegistration(...) before.
2019-11-13 20:20:23,578 [pool-529-thread-1] WARN  impl.MetricRegistriesImpl (MetricRegistriesImpl.java:lambda$create$1(61)) - First MetricRegistry has been created without registering reporters. You may need to call MetricRegistries.global().addReportRegistration(...) before.
2019-11-13 20:20:23,578 [pool-529-thread-1] INFO  impl.RaftServerImpl (RaftServerImpl.java:start(184)) - b0735163-16b4-4eff-936d-5712c77b458f@group-5A0384424C39: start as a follower, conf=-1: [b0735163-16b4-4eff-936d-5712c77b458f:192.168.164.208:33769], old=null
2019-11-13 20:20:23,578 [pool-529-thread-1] INFO  impl.RaftServerImpl (RaftServerImpl.java:setRole(173)) - b0735163-16b4-4eff-936d-5712c77b458f@group-5A0384424C39: changes role from      null to FOLLOWER at term 0 for startAsFollower
2019-11-13 20:20:23,578 [pool-529-thread-1] INFO  impl.RoleInfo (RoleInfo.java:updateAndGet(143)) - b0735163-16b4-4eff-936d-5712c77b458f: start FollowerState
2019-11-13 20:20:23,579 [pool-529-thread-1] INFO  util.JmxRegister (JmxRegister.java:tryRegister(44)) - Successfully registered JMX Bean with object name Ratis:service=RaftServer,group=group-5A0384424C39,id=b0735163-16b4-4eff-936d-5712c77b458f
2019-11-13 20:20:23,579 [pool-529-thread-1] WARN  impl.MetricRegistriesImpl (MetricRegistriesImpl.java:lambda$create$1(61)) - First MetricRegistry has been created without registering reporters. You may need to call MetricRegistries.global().addReportRegistration(...) before.
2019-11-13 20:20:23,581 [RatisPipelineUtilsThread] INFO  pipeline.PipelineStateManager (PipelineStateManager.java:addPipeline(55)) - Created pipeline Pipeline[ Id: 106bc081-73bc-4cfa-8263-5a0384424c39, Nodes: b0735163-16b4-4eff-936d-5712c77b458f{ip: 192.168.164.208, host: pr-hdds-2375-t422d-1049308724, networkLocation: /rack1, certSerialId: null}, Type:RATIS, Factor:ONE, State:ALLOCATED]
2019-11-13 20:20:23,581 [Thread-4131] INFO  pipeline.PipelineStateManager (PipelineStateManager.java:finalizePipeline(121)) - Pipeline Pipeline[ Id: 49d1063d-bfe7-464c-b918-1d0ec9c867f3, Nodes: f80e2e38-60f5-4e79-8b9a-ced9a5a7a91b{ip: 192.168.164.208, host: pr-hdds-2375-t422d-1049308724, networkLocation: /rack1, certSerialId: null}, Type:RATIS, Factor:ONE, State:CLOSED] moved to CLOSED state
2019-11-13 20:20:23,583 [grpc-default-executor-6] INFO  impl.RaftServerProxy (RaftServerProxy.java:remove(95)) - f80e2e38-60f5-4e79-8b9a-ced9a5a7a91b: remove    LEADER f80e2e38-60f5-4e79-8b9a-ced9a5a7a91b@group-1D0EC9C867F3:t1, leader=f80e2e38-60f5-4e79-8b9a-ced9a5a7a91b, voted=f80e2e38-60f5-4e79-8b9a-ced9a5a7a91b, raftlog=f80e2e38-60f5-4e79-8b9a-ced9a5a7a91b@group-1D0EC9C867F3-SegmentedRaftLog:OPENED:c0,f0,i0, conf=0: [f80e2e38-60f5-4e79-8b9a-ced9a5a7a91b:192.168.164.208:39508], old=null RUNNING
2019-11-13 20:20:23,583 [grpc-default-executor-6] INFO  impl.RaftServerImpl (RaftServerImpl.java:lambda$shutdown$3(250)) - f80e2e38-60f5-4e79-8b9a-ced9a5a7a91b@group-1D0EC9C867F3: shutdown
2019-11-13 20:20:23,583 [grpc-default-executor-6] INFO  util.JmxRegister (JmxRegister.java:unregister(73)) - Successfully un-registered JMX Bean with object name Ratis:service=RaftServer,group=group-1D0EC9C867F3,id=f80e2e38-60f5-4e79-8b9a-ced9a5a7a91b
2019-11-13 20:20:23,584 [grpc-default-executor-6] INFO  impl.RoleInfo (RoleInfo.java:shutdownLeaderState(104)) - f80e2e38-60f5-4e79-8b9a-ced9a5a7a91b: shutdown LeaderState
2019-11-13 20:20:23,584 [grpc-default-executor-6] INFO  impl.PendingRequests (PendingRequests.java:sendNotLeaderResponses(206)) - f80e2e38-60f5-4e79-8b9a-ced9a5a7a91b@group-1D0EC9C867F3-PendingRequests: sendNotLeaderResponses
2019-11-13 20:20:23,584 [grpc-default-executor-6] INFO  impl.StateMachineUpdater (StateMachineUpdater.java:stopAndJoin(136)) - f80e2e38-60f5-4e79-8b9a-ced9a5a7a91b@group-1D0EC9C867F3-StateMachineUpdater: set stopIndex = 0
2019-11-13 20:20:23,584 [grpc-default-executor-6] INFO  impl.RaftServerImpl (ServerState.java:close(387)) - f80e2e38-60f5-4e79-8b9a-ced9a5a7a91b@group-1D0EC9C867F3: closes. applyIndex: 0
2019-11-13 20:20:23,584 [f80e2e38-60f5-4e79-8b9a-ced9a5a7a91b@group-1D0EC9C867F3-SegmentedRaftLogWorker] INFO  segmented.SegmentedRaftLogWorker (SegmentedRaftLogWorker.java:run(316)) - f80e2e38-60f5-4e79-8b9a-ced9a5a7a91b@group-1D0EC9C867F3-SegmentedRaftLogWorker was interrupted, exiting. There are 0 tasks remaining in the queue.
2019-11-13 20:20:23,584 [grpc-default-executor-6] INFO  segmented.SegmentedRaftLogWorker (SegmentedRaftLogWorker.java:close(224)) - f80e2e38-60f5-4e79-8b9a-ced9a5a7a91b@group-1D0EC9C867F3-SegmentedRaftLogWorker close()
2019-11-13 20:20:23,591 [Thread-4131] INFO  pipeline.PipelineStateManager (PipelineStateManager.java:removePipeline(106)) - Pipeline Pipeline[ Id: 49d1063d-bfe7-464c-b918-1d0ec9c867f3, Nodes: f80e2e38-60f5-4e79-8b9a-ced9a5a7a91b{ip: 192.168.164.208, host: pr-hdds-2375-t422d-1049308724, networkLocation: /rack1, certSerialId: null}, Type:RATIS, Factor:ONE, State:CLOSED] removed from db
2019-11-13 20:20:23,591 [Thread-4131] INFO  pipeline.SCMPipelineManager (SCMPipelineManager.java:finalizeAndDestroyPipeline(315)) - destroying pipeline:Pipeline[ Id: 331595c1-ba5d-49bf-9d61-53a8366392d7, Nodes: 52541eb8-c0db-4941-8ea5-4f6f65566359{ip: 192.168.164.208, host: pr-hdds-2375-t422d-1049308724, networkLocation: /rack1, certSerialId: null}4ccef42d-128e-4eed-9e45-8d297f7adfc0{ip: 192.168.164.208, host: pr-hdds-2375-t422d-1049308724, networkLocation: /rack1, certSerialId: null}5d9d256b-54cf-4856-8c87-6034b73b04bd{ip: 192.168.164.208, host: pr-hdds-2375-t422d-1049308724, networkLocation: /rack1, certSerialId: null}, Type:RATIS, Factor:THREE, State:OPEN]
2019-11-13 20:20:23,593 [grpc-default-executor-6] INFO  impl.RaftServerProxy (RaftServerProxy.java:addNew(89)) - f80e2e38-60f5-4e79-8b9a-ced9a5a7a91b: addNew group-D70E8CD789D7:[f80e2e38-60f5-4e79-8b9a-ced9a5a7a91b:192.168.164.208:39508] returns group-D70E8CD789D7:java.util.concurrent.CompletableFuture@269a930b[Not completed]
2019-11-13 20:20:23,594 [pool-539-thread-1] INFO  impl.RaftServerImpl (RaftServerImpl.java:<init>(98)) - f80e2e38-60f5-4e79-8b9a-ced9a5a7a91b: new RaftServerImpl for group-D70E8CD789D7:[f80e2e38-60f5-4e79-8b9a-ced9a5a7a91b:192.168.164.208:39508] with ContainerStateMachine:uninitialized
2019-11-13 20:20:23,594 [pool-539-thread-1] INFO  server.RaftServerConfigKeys (ConfUtils.java:logGet(43)) - raft.server.rpc.timeout.min = 1s (custom)
2019-11-13 20:20:23,594 [pool-539-thread-1] INFO  server.RaftServerConfigKeys (ConfUtils.java:logGet(43)) - raft.server.rpc.timeout.max = 1200ms (custom)
2019-11-13 20:20:23,594 [pool-539-thread-1] INFO  server.RaftServerConfigKeys (ConfUtils.java:logGet(43)) - raft.server.rpcslowness.timeout = 120s (custom)
2019-11-13 20:20:23,594 [pool-539-thread-1] INFO  server.RaftServerConfigKeys (ConfUtils.java:logGet(43)) - raft.server.sleep.deviation.threshold = 300 (default)
2019-11-13 20:20:23,594 [pool-539-thread-1] INFO  server.RaftServerConfigKeys (ConfUtils.java:logGet(43)) - raft.server.log.appender.install.snapshot.enabled = false (custom)
2019-11-13 20:20:23,594 [pool-539-thread-1] INFO  impl.RaftServerImpl (ServerState.java:<init>(103)) - f80e2e38-60f5-4e79-8b9a-ced9a5a7a91b@group-D70E8CD789D7: ConfigurationManager, init=-1: [f80e2e38-60f5-4e79-8b9a-ced9a5a7a91b:192.168.164.208:39508], old=null, confs=<EMPTY_MAP>
2019-11-13 20:20:23,594 [pool-539-thread-1] INFO  server.RaftServerConfigKeys (ConfUtils.java:logGet(43)) - raft.server.storage.dir = [/workdir/hadoop-ozone/integration-test/target/test-dir/MiniOzoneClusterImpl-252be716-c998-406a-83e5-534d363f62a9/datanode-3/data/ratis] (custom)
2019-11-13 20:20:23,594 [pool-539-thread-1] INFO  server.RaftServerConfigKeys (ConfUtils.java:logGet(43)) - raft.server.log.corruption.policy = EXCEPTION (default)
2019-11-13 20:20:23,595 [pool-539-thread-1] INFO  storage.RaftStorageDirectory (RaftStorageDirectory.java:analyzeStorage(246)) - The storage directory /workdir/hadoop-ozone/integration-test/target/test-dir/MiniOzoneClusterImpl-252be716-c998-406a-83e5-534d363f62a9/datanode-3/data/ratis/26a064ed-727b-49ff-9162-d70e8cd789d7 does not exist. Creating ...
2019-11-13 20:20:23,618 [pool-539-thread-1] INFO  storage.RaftStorageDirectory (RaftStorageDirectory.java:tryLock(328)) - Lock on /workdir/hadoop-ozone/integration-test/target/test-dir/MiniOzoneClusterImpl-252be716-c998-406a-83e5-534d363f62a9/datanode-3/data/ratis/26a064ed-727b-49ff-9162-d70e8cd789d7/in_use.lock acquired by nodename 4344@pr-hdds-2375-t422d-1049308724
2019-11-13 20:20:23,640 [pool-539-thread-1] INFO  storage.RaftStorage (RaftStorage.java:format(84)) - Storage directory /workdir/hadoop-ozone/integration-test/target/test-dir/MiniOzoneClusterImpl-252be716-c998-406a-83e5-534d363f62a9/datanode-3/data/ratis/26a064ed-727b-49ff-9162-d70e8cd789d7 has been successfully formatted.
2019-11-13 20:20:23,640 [pool-539-thread-1] INFO  ratis.ContainerStateMachine (ContainerStateMachine.java:loadSnapshot(223)) - group-D70E8CD789D7: The snapshot info is null. Setting the last applied indexto:(t:0, i:~)
2019-11-13 20:20:23,640 [pool-539-thread-1] INFO  server.RaftServerConfigKeys (ConfUtils.java:logGet(43)) - raft.server.notification.no-leader.timeout = 120s (custom)
2019-11-13 20:20:23,640 [pool-539-thread-1] INFO  server.RaftServerConfigKeys (ConfUtils.java:logGet(43)) - raft.server.log.use.memory = false (default)
2019-11-13 20:20:23,640 [pool-539-thread-1] INFO  server.RaftServerConfigKeys (ConfUtils.java:logGet(43)) - raft.server.log.purge.gap = 1000000 (custom)
2019-11-13 20:20:23,641 [pool-539-thread-1] INFO  server.RaftServerConfigKeys (ConfUtils.java:logGet(43)) - raft.server.log.appender.buffer.byte-limit = 33554432 (custom)
2019-11-13 20:20:23,641 [pool-539-thread-1] INFO  server.RaftServerConfigKeys (ConfUtils.java:logGet(43)) - raft.server.log.segment.size.max = 1048576 (custom)
2019-11-13 20:20:23,641 [pool-539-thread-1] INFO  server.RaftServerConfigKeys (ConfUtils.java:logGet(43)) - raft.server.log.segment.cache.num.max = 2 (custom)
2019-11-13 20:20:23,641 [pool-539-thread-1] INFO  segmented.SegmentedRaftLogWorker (SegmentedRaftLogWorker.java:<init>(173)) - new f80e2e38-60f5-4e79-8b9a-ced9a5a7a91b@group-D70E8CD789D7-SegmentedRaftLogWorker for RaftStorage:Storage Directory /workdir/hadoop-ozone/integration-test/target/test-dir/MiniOzoneClusterImpl-252be716-c998-406a-83e5-534d363f62a9/datanode-3/data/ratis/26a064ed-727b-49ff-9162-d70e8cd789d7
2019-11-13 20:20:23,641 [pool-539-thread-1] INFO  server.RaftServerConfigKeys (ConfUtils.java:logGet(43)) - raft.server.log.queue.byte-limit = 2147483647 (custom)
2019-11-13 20:20:23,641 [pool-539-thread-1] INFO  server.RaftServerConfigKeys (ConfUtils.java:logGet(43)) - raft.server.log.queue.element-limit = 1024 (custom)
2019-11-13 20:20:23,641 [pool-539-thread-1] INFO  server.RaftServerConfigKeys (ConfUtils.java:logGet(43)) - raft.server.log.segment.size.max = 1048576 (custom)
2019-11-13 20:20:23,641 [pool-539-thread-1] INFO  server.RaftServerConfigKeys (ConfUtils.java:logGet(43)) - raft.server.log.preallocated.size = 16384 (custom)
2019-11-13 20:20:23,642 [pool-539-thread-1] INFO  server.RaftServerConfigKeys (ConfUtils.java:logGet(43)) - raft.server.log.write.buffer.size = 33554432 (custom)
2019-11-13 20:20:23,642 [pool-539-thread-1] INFO  server.RaftServerConfigKeys (ConfUtils.java:logGet(43)) - raft.server.log.force.sync.num = 128 (default)
2019-11-13 20:20:23,642 [pool-539-thread-1] INFO  server.RaftServerConfigKeys (ConfUtils.java:logGet(43)) - raft.server.log.statemachine.data.sync = true (default)
2019-11-13 20:20:23,642 [pool-539-thread-1] INFO  server.RaftServerConfigKeys (ConfUtils.java:logGet(43)) - raft.server.log.statemachine.data.sync.timeout = 10s (default)
2019-11-13 20:20:23,642 [pool-539-thread-1] INFO  server.RaftServerConfigKeys (ConfUtils.java:logGet(43)) - raft.server.log.statemachine.data.sync.timeout.retry = -1 (default)
2019-11-13 20:20:23,642 [pool-539-thread-1] INFO  server.RaftServerConfigKeys (ConfUtils.java:logGet(43)) - raft.server.log.statemachine.data.caching.enabled = true (custom)
2019-11-13 20:20:23,643 [pool-539-thread-1] INFO  segmented.SegmentedRaftLogWorker (SegmentedRaftLogWorker.java:lambda$new$0(128)) - f80e2e38-60f5-4e79-8b9a-ced9a5a7a91b@group-D70E8CD789D7-SegmentedRaftLogWorker: flushIndex: setUnconditionally 0 -> -1
2019-11-13 20:20:23,643 [pool-539-thread-1] INFO  server.RaftServerConfigKeys (ConfUtils.java:logGet(43)) - raft.server.snapshot.auto.trigger.enabled = true (custom)
2019-11-13 20:20:23,643 [pool-539-thread-1] INFO  server.RaftServerConfigKeys (ConfUtils.java:logGet(43)) - raft.server.snapshot.auto.trigger.threshold = 10000 (custom)
2019-11-13 20:20:23,643 [pool-539-thread-1] INFO  server.RaftServerConfigKeys (ConfUtils.java:logGet(43)) - raft.server.snapshot.retention.file.num = 5 (custom)
2019-11-13 20:20:23,643 [pool-539-thread-1] INFO  server.RaftServerConfigKeys (ConfUtils.java:logGet(43)) - raft.server.retrycache.expirytime = 600000ms (custom)
2019-11-13 20:20:23,643 [pool-539-thread-1] WARN  impl.MetricRegistriesImpl (MetricRegistriesImpl.java:lambda$create$1(61)) - First MetricRegistry has been created without registering reporters. You may need to call MetricRegistries.global().addReportRegistration(...) before.
2019-11-13 20:20:23,644 [pool-539-thread-1] WARN  impl.MetricRegistriesImpl (MetricRegistriesImpl.java:lambda$create$1(61)) - First MetricRegistry has been created without registering reporters. You may need to call MetricRegistries.global().addReportRegistration(...) before.
2019-11-13 20:20:23,644 [pool-539-thread-1] INFO  impl.RaftServerImpl (RaftServerImpl.java:start(184)) - f80e2e38-60f5-4e79-8b9a-ced9a5a7a91b@group-D70E8CD789D7: start as a follower, conf=-1: [f80e2e38-60f5-4e79-8b9a-ced9a5a7a91b:192.168.164.208:39508], old=null
2019-11-13 20:20:23,644 [pool-539-thread-1] INFO  impl.RaftServerImpl (RaftServerImpl.java:setRole(173)) - f80e2e38-60f5-4e79-8b9a-ced9a5a7a91b@group-D70E8CD789D7: changes role from      null to FOLLOWER at term 0 for startAsFollower
2019-11-13 20:20:23,644 [pool-539-thread-1] INFO  impl.RoleInfo (RoleInfo.java:updateAndGet(143)) - f80e2e38-60f5-4e79-8b9a-ced9a5a7a91b: start FollowerState
2019-11-13 20:20:23,645 [pool-539-thread-1] INFO  util.JmxRegister (JmxRegister.java:tryRegister(44)) - Successfully registered JMX Bean with object name Ratis:service=RaftServer,group=group-D70E8CD789D7,id=f80e2e38-60f5-4e79-8b9a-ced9a5a7a91b
2019-11-13 20:20:23,645 [pool-539-thread-1] WARN  impl.MetricRegistriesImpl (MetricRegistriesImpl.java:lambda$create$1(61)) - First MetricRegistry has been created without registering reporters. You may need to call MetricRegistries.global().addReportRegistration(...) before.
2019-11-13 20:20:23,647 [RatisPipelineUtilsThread] INFO  pipeline.PipelineStateManager (PipelineStateManager.java:addPipeline(55)) - Created pipeline Pipeline[ Id: 26a064ed-727b-49ff-9162-d70e8cd789d7, Nodes: f80e2e38-60f5-4e79-8b9a-ced9a5a7a91b{ip: 192.168.164.208, host: pr-hdds-2375-t422d-1049308724, networkLocation: /rack1, certSerialId: null}, Type:RATIS, Factor:ONE, State:ALLOCATED]
2019-11-13 20:20:23,647 [Thread-4131] INFO  pipeline.PipelineStateManager (PipelineStateManager.java:finalizePipeline(121)) - Pipeline Pipeline[ Id: 331595c1-ba5d-49bf-9d61-53a8366392d7, Nodes: 52541eb8-c0db-4941-8ea5-4f6f65566359{ip: 192.168.164.208, host: pr-hdds-2375-t422d-1049308724, networkLocation: /rack1, certSerialId: null}4ccef42d-128e-4eed-9e45-8d297f7adfc0{ip: 192.168.164.208, host: pr-hdds-2375-t422d-1049308724, networkLocation: /rack1, certSerialId: null}5d9d256b-54cf-4856-8c87-6034b73b04bd{ip: 192.168.164.208, host: pr-hdds-2375-t422d-1049308724, networkLocation: /rack1, certSerialId: null}, Type:RATIS, Factor:THREE, State:CLOSED] moved to CLOSED state
2019-11-13 20:20:23,648 [EventQueue-CloseContainerForCloseContainerEventHandler] INFO  container.CloseContainerEventHandler (CloseContainerEventHandler.java:onMessage(61)) - Close container Event triggered for container : #1
2019-11-13 20:20:23,650 [grpc-default-executor-6] INFO  impl.RaftServerProxy (RaftServerProxy.java:remove(95)) - 52541eb8-c0db-4941-8ea5-4f6f65566359: remove  FOLLOWER 52541eb8-c0db-4941-8ea5-4f6f65566359@group-53A8366392D7:t1, leader=5d9d256b-54cf-4856-8c87-6034b73b04bd, voted=5d9d256b-54cf-4856-8c87-6034b73b04bd, raftlog=52541eb8-c0db-4941-8ea5-4f6f65566359@group-53A8366392D7-SegmentedRaftLog:OPENED:c2,f4,i4, conf=0: [4ccef42d-128e-4eed-9e45-8d297f7adfc0:192.168.164.208:42894, 52541eb8-c0db-4941-8ea5-4f6f65566359:192.168.164.208:33189, 5d9d256b-54cf-4856-8c87-6034b73b04bd:192.168.164.208:43036], old=null RUNNING
2019-11-13 20:20:23,650 [grpc-default-executor-6] INFO  impl.RaftServerImpl (RaftServerImpl.java:lambda$shutdown$3(250)) - 52541eb8-c0db-4941-8ea5-4f6f65566359@group-53A8366392D7: shutdown
2019-11-13 20:20:23,650 [grpc-default-executor-6] INFO  util.JmxRegister (JmxRegister.java:unregister(73)) - Successfully un-registered JMX Bean with object name Ratis:service=RaftServer,group=group-53A8366392D7,id=52541eb8-c0db-4941-8ea5-4f6f65566359
2019-11-13 20:20:23,650 [grpc-default-executor-6] INFO  impl.RoleInfo (RoleInfo.java:shutdownFollowerState(121)) - 52541eb8-c0db-4941-8ea5-4f6f65566359: shutdown FollowerState
2019-11-13 20:20:23,650 [grpc-default-executor-6] INFO  impl.StateMachineUpdater (StateMachineUpdater.java:stopAndJoin(136)) - 52541eb8-c0db-4941-8ea5-4f6f65566359@group-53A8366392D7-StateMachineUpdater: set stopIndex = 2
2019-11-13 20:20:23,650 [Thread-4239] INFO  impl.FollowerState (FollowerState.java:run(120)) - 52541eb8-c0db-4941-8ea5-4f6f65566359@group-53A8366392D7-FollowerState was interrupted: java.lang.InterruptedException: sleep interrupted
2019-11-13 20:20:23,650 [52541eb8-c0db-4941-8ea5-4f6f65566359@group-53A8366392D7-StateMachineUpdater] INFO  ratis.ContainerStateMachine (ContainerStateMachine.java:takeSnapshot(285)) - group-53A8366392D7: Taking a snapshot at:(t:1, i:1) file /workdir/hadoop-ozone/integration-test/target/test-dir/MiniOzoneClusterImpl-252be716-c998-406a-83e5-534d363f62a9/datanode-8/data/ratis/331595c1-ba5d-49bf-9d61-53a8366392d7/sm/snapshot.1_1
2019-11-13 20:20:23,657 [52541eb8-c0db-4941-8ea5-4f6f65566359@group-53A8366392D7-StateMachineUpdater] INFO  ratis.ContainerStateMachine (ContainerStateMachine.java:takeSnapshot(296)) - group-53A8366392D7: Finished taking a snapshot at:(t:1, i:1) file:/workdir/hadoop-ozone/integration-test/target/test-dir/MiniOzoneClusterImpl-252be716-c998-406a-83e5-534d363f62a9/datanode-8/data/ratis/331595c1-ba5d-49bf-9d61-53a8366392d7/sm/snapshot.1_1 time:6
2019-11-13 20:20:23,657 [52541eb8-c0db-4941-8ea5-4f6f65566359@group-53A8366392D7-StateMachineUpdater] INFO  impl.StateMachineUpdater (StateMachineUpdater.java:takeSnapshot(269)) - 52541eb8-c0db-4941-8ea5-4f6f65566359@group-53A8366392D7-StateMachineUpdater: Took a snapshot at index 1
2019-11-13 20:20:23,657 [52541eb8-c0db-4941-8ea5-4f6f65566359@group-53A8366392D7-StateMachineUpdater] INFO  impl.StateMachineUpdater (StateMachineUpdater.java:lambda$new$0(84)) - 52541eb8-c0db-4941-8ea5-4f6f65566359@group-53A8366392D7-StateMachineUpdater: snapshotIndex: updateIncreasingly -1 -> 1
2019-11-13 20:20:23,658 [52541eb8-c0db-4941-8ea5-4f6f65566359@group-53A8366392D7-StateMachineUpdater] INFO  ratis.ContainerStateMachine (ContainerStateMachine.java:takeSnapshot(285)) - group-53A8366392D7: Taking a snapshot at:(t:1, i:1) file /workdir/hadoop-ozone/integration-test/target/test-dir/MiniOzoneClusterImpl-252be716-c998-406a-83e5-534d363f62a9/datanode-8/data/ratis/331595c1-ba5d-49bf-9d61-53a8366392d7/sm/snapshot.1_1
2019-11-13 20:20:23,661 [52541eb8-c0db-4941-8ea5-4f6f65566359@group-53A8366392D7-StateMachineUpdater] INFO  ratis.ContainerStateMachine (ContainerStateMachine.java:takeSnapshot(296)) - group-53A8366392D7: Finished taking a snapshot at:(t:1, i:1) file:/workdir/hadoop-ozone/integration-test/target/test-dir/MiniOzoneClusterImpl-252be716-c998-406a-83e5-534d363f62a9/datanode-8/data/ratis/331595c1-ba5d-49bf-9d61-53a8366392d7/sm/snapshot.1_1 time:4
2019-11-13 20:20:23,662 [52541eb8-c0db-4941-8ea5-4f6f65566359@group-53A8366392D7-StateMachineUpdater] INFO  impl.StateMachineUpdater (StateMachineUpdater.java:takeSnapshot(269)) - 52541eb8-c0db-4941-8ea5-4f6f65566359@group-53A8366392D7-StateMachineUpdater: Took a snapshot at index 1
2019-11-13 20:20:23,662 [52541eb8-c0db-4941-8ea5-4f6f65566359@group-53A8366392D7-StateMachineUpdater] INFO  impl.StateMachineUpdater (StateMachineUpdater.java:lambda$new$0(84)) - 52541eb8-c0db-4941-8ea5-4f6f65566359@group-53A8366392D7-StateMachineUpdater: snapshotIndex: updateIncreasingly 1 -> 1
2019-11-13 20:20:23,662 [grpc-default-executor-6] INFO  impl.RaftServerImpl (ServerState.java:close(387)) - 52541eb8-c0db-4941-8ea5-4f6f65566359@group-53A8366392D7: closes. applyIndex: 2
2019-11-13 20:20:23,662 [52541eb8-c0db-4941-8ea5-4f6f65566359@group-53A8366392D7-SegmentedRaftLogWorker] INFO  segmented.SegmentedRaftLogWorker (SegmentedRaftLogWorker.java:run(316)) - 52541eb8-c0db-4941-8ea5-4f6f65566359@group-53A8366392D7-SegmentedRaftLogWorker was interrupted, exiting. There are 0 tasks remaining in the queue.
2019-11-13 20:20:23,662 [grpc-default-executor-6] INFO  segmented.SegmentedRaftLogWorker (SegmentedRaftLogWorker.java:close(224)) - 52541eb8-c0db-4941-8ea5-4f6f65566359@group-53A8366392D7-SegmentedRaftLogWorker close()
2019-11-13 20:20:23,679 [Datanode State Machine Thread - 0] INFO  statemachine.DatanodeStateMachine (DatanodeStateMachine.java:lambda$startDaemon$0(350)) - Ozone container server started.
2019-11-13 20:20:23,690 [grpc-default-executor-6] INFO  interfaces.Container (KeyValueContainer.java:flushAndSyncDB(400)) - Container 1 is synced with bcsId 2.
2019-11-13 20:20:23,692 [grpc-default-executor-6] INFO  interfaces.Container (KeyValueContainer.java:flushAndSyncDB(400)) - Container 1 is synced with bcsId 2.
2019-11-13 20:20:23,701 [grpc-default-executor-6] INFO  impl.RaftServerProxy (RaftServerProxy.java:remove(95)) - 4ccef42d-128e-4eed-9e45-8d297f7adfc0: remove  FOLLOWER 4ccef42d-128e-4eed-9e45-8d297f7adfc0@group-53A8366392D7:t1, leader=5d9d256b-54cf-4856-8c87-6034b73b04bd, voted=5d9d256b-54cf-4856-8c87-6034b73b04bd, raftlog=4ccef42d-128e-4eed-9e45-8d297f7adfc0@group-53A8366392D7-SegmentedRaftLog:OPENED:c2,f4,i4, conf=0: [4ccef42d-128e-4eed-9e45-8d297f7adfc0:192.168.164.208:42894, 52541eb8-c0db-4941-8ea5-4f6f65566359:192.168.164.208:33189, 5d9d256b-54cf-4856-8c87-6034b73b04bd:192.168.164.208:43036], old=null RUNNING
2019-11-13 20:20:23,701 [grpc-default-executor-6] INFO  impl.RaftServerImpl (RaftServerImpl.java:lambda$shutdown$3(250)) - 4ccef42d-128e-4eed-9e45-8d297f7adfc0@group-53A8366392D7: shutdown
2019-11-13 20:20:23,701 [grpc-default-executor-6] INFO  util.JmxRegister (JmxRegister.java:unregister(73)) - Successfully un-registered JMX Bean with object name Ratis:service=RaftServer,group=group-53A8366392D7,id=4ccef42d-128e-4eed-9e45-8d297f7adfc0
2019-11-13 20:20:23,701 [grpc-default-executor-6] INFO  impl.RoleInfo (RoleInfo.java:shutdownFollowerState(121)) - 4ccef42d-128e-4eed-9e45-8d297f7adfc0: shutdown FollowerState
2019-11-13 20:20:23,701 [grpc-default-executor-6] INFO  impl.StateMachineUpdater (StateMachineUpdater.java:stopAndJoin(136)) - 4ccef42d-128e-4eed-9e45-8d297f7adfc0@group-53A8366392D7-StateMachineUpdater: set stopIndex = 2
2019-11-13 20:20:23,701 [Thread-4240] INFO  impl.FollowerState (FollowerState.java:run(120)) - 4ccef42d-128e-4eed-9e45-8d297f7adfc0@group-53A8366392D7-FollowerState was interrupted: java.lang.InterruptedException: sleep interrupted
2019-11-13 20:20:23,701 [4ccef42d-128e-4eed-9e45-8d297f7adfc0@group-53A8366392D7-StateMachineUpdater] INFO  ratis.ContainerStateMachine (ContainerStateMachine.java:takeSnapshot(285)) - group-53A8366392D7: Taking a snapshot at:(t:1, i:2) file /workdir/hadoop-ozone/integration-test/target/test-dir/MiniOzoneClusterImpl-252be716-c998-406a-83e5-534d363f62a9/datanode-7/data/ratis/331595c1-ba5d-49bf-9d61-53a8366392d7/sm/snapshot.1_2
2019-11-13 20:20:23,733 [4ccef42d-128e-4eed-9e45-8d297f7adfc0@group-53A8366392D7-StateMachineUpdater] INFO  ratis.ContainerStateMachine (ContainerStateMachine.java:takeSnapshot(296)) - group-53A8366392D7: Finished taking a snapshot at:(t:1, i:2) file:/workdir/hadoop-ozone/integration-test/target/test-dir/MiniOzoneClusterImpl-252be716-c998-406a-83e5-534d363f62a9/datanode-7/data/ratis/331595c1-ba5d-49bf-9d61-53a8366392d7/sm/snapshot.1_2 time:31
2019-11-13 20:20:23,733 [4ccef42d-128e-4eed-9e45-8d297f7adfc0@group-53A8366392D7-StateMachineUpdater] INFO  impl.StateMachineUpdater (StateMachineUpdater.java:takeSnapshot(269)) - 4ccef42d-128e-4eed-9e45-8d297f7adfc0@group-53A8366392D7-StateMachineUpdater: Took a snapshot at index 2
2019-11-13 20:20:23,733 [4ccef42d-128e-4eed-9e45-8d297f7adfc0@group-53A8366392D7-StateMachineUpdater] INFO  impl.StateMachineUpdater (StateMachineUpdater.java:lambda$new$0(84)) - 4ccef42d-128e-4eed-9e45-8d297f7adfc0@group-53A8366392D7-StateMachineUpdater: snapshotIndex: updateIncreasingly -1 -> 2
2019-11-13 20:20:23,733 [grpc-default-executor-6] INFO  impl.RaftServerImpl (ServerState.java:close(387)) - 4ccef42d-128e-4eed-9e45-8d297f7adfc0@group-53A8366392D7: closes. applyIndex: 2
2019-11-13 20:20:23,734 [4ccef42d-128e-4eed-9e45-8d297f7adfc0@group-53A8366392D7-SegmentedRaftLogWorker] INFO  segmented.SegmentedRaftLogWorker (SegmentedRaftLogWorker.java:run(316)) - 4ccef42d-128e-4eed-9e45-8d297f7adfc0@group-53A8366392D7-SegmentedRaftLogWorker was interrupted, exiting. There are 0 tasks remaining in the queue.
2019-11-13 20:20:23,734 [grpc-default-executor-6] INFO  segmented.SegmentedRaftLogWorker (SegmentedRaftLogWorker.java:close(224)) - 4ccef42d-128e-4eed-9e45-8d297f7adfc0@group-53A8366392D7-SegmentedRaftLogWorker close()
2019-11-13 20:20:23,762 [grpc-default-executor-6] INFO  interfaces.Container (KeyValueContainer.java:flushAndSyncDB(400)) - Container 1 is synced with bcsId 2.
2019-11-13 20:20:23,763 [grpc-default-executor-6] INFO  interfaces.Container (KeyValueContainer.java:flushAndSyncDB(400)) - Container 1 is synced with bcsId 2.
2019-11-13 20:20:23,777 [EventQueue-IncrementalContainerReportForIncrementalContainerReportHandler] INFO  container.IncrementalContainerReportHandler (AbstractContainerReportHandler.java:updateContainerState(171)) - Moving container #1 to QUASI_CLOSED state, datanode 4ccef42d-128e-4eed-9e45-8d297f7adfc0{ip: 192.168.164.208, host: pr-hdds-2375-t422d-1049308724, networkLocation: /rack1, certSerialId: null} reported QUASI_CLOSED replica.
2019-11-13 20:20:23,780 [grpc-default-executor-6] INFO  impl.RaftServerProxy (RaftServerProxy.java:remove(95)) - 5d9d256b-54cf-4856-8c87-6034b73b04bd: remove    LEADER 5d9d256b-54cf-4856-8c87-6034b73b04bd@group-53A8366392D7:t1, leader=5d9d256b-54cf-4856-8c87-6034b73b04bd, voted=5d9d256b-54cf-4856-8c87-6034b73b04bd, raftlog=5d9d256b-54cf-4856-8c87-6034b73b04bd@group-53A8366392D7-SegmentedRaftLog:OPENED:c4,f4,i4, conf=0: [4ccef42d-128e-4eed-9e45-8d297f7adfc0:192.168.164.208:42894, 52541eb8-c0db-4941-8ea5-4f6f65566359:192.168.164.208:33189, 5d9d256b-54cf-4856-8c87-6034b73b04bd:192.168.164.208:43036], old=null RUNNING
2019-11-13 20:20:23,781 [grpc-default-executor-6] INFO  impl.RaftServerImpl (RaftServerImpl.java:lambda$shutdown$3(250)) - 5d9d256b-54cf-4856-8c87-6034b73b04bd@group-53A8366392D7: shutdown
2019-11-13 20:20:23,781 [grpc-default-executor-6] INFO  util.JmxRegister (JmxRegister.java:unregister(73)) - Successfully un-registered JMX Bean with object name Ratis:service=RaftServer,group=group-53A8366392D7,id=5d9d256b-54cf-4856-8c87-6034b73b04bd
2019-11-13 20:20:23,781 [grpc-default-executor-6] INFO  impl.RoleInfo (RoleInfo.java:shutdownLeaderState(104)) - 5d9d256b-54cf-4856-8c87-6034b73b04bd: shutdown LeaderState
2019-11-13 20:20:23,786 [grpc-default-executor-6] INFO  impl.PendingRequests (PendingRequests.java:sendNotLeaderResponses(206)) - 5d9d256b-54cf-4856-8c87-6034b73b04bd@group-53A8366392D7-PendingRequests: sendNotLeaderResponses
2019-11-13 20:20:23,786 [org.apache.ratis.server.impl.LogAppender$AppenderDaemon$$Lambda$415/455279792@2dc686d8] WARN  server.GrpcLogAppender (GrpcLogAppender.java:mayWait(151)) - 5d9d256b-54cf-4856-8c87-6034b73b04bd@group-53A8366392D7->4ccef42d-128e-4eed-9e45-8d297f7adfc0-GrpcLogAppender: Wait interrupted by java.lang.InterruptedException
2019-11-13 20:20:23,786 [org.apache.ratis.server.impl.LogAppender$AppenderDaemon$$Lambda$415/455279792@68c41d04] WARN  server.GrpcLogAppender (GrpcLogAppender.java:mayWait(151)) - 5d9d256b-54cf-4856-8c87-6034b73b04bd@group-53A8366392D7->52541eb8-c0db-4941-8ea5-4f6f65566359-GrpcLogAppender: Wait interrupted by java.lang.InterruptedException
2019-11-13 20:20:23,793 [grpc-default-executor-6] INFO  impl.StateMachineUpdater (StateMachineUpdater.java:stopAndJoin(136)) - 5d9d256b-54cf-4856-8c87-6034b73b04bd@group-53A8366392D7-StateMachineUpdater: set stopIndex = 4
2019-11-13 20:20:23,793 [5d9d256b-54cf-4856-8c87-6034b73b04bd@group-53A8366392D7-StateMachineUpdater] INFO  ratis.ContainerStateMachine (ContainerStateMachine.java:takeSnapshot(285)) - group-53A8366392D7: Taking a snapshot at:(t:1, i:4) file /workdir/hadoop-ozone/integration-test/target/test-dir/MiniOzoneClusterImpl-252be716-c998-406a-83e5-534d363f62a9/datanode-6/data/ratis/331595c1-ba5d-49bf-9d61-53a8366392d7/sm/snapshot.1_4
2019-11-13 20:20:23,793 [grpc-default-executor-3] INFO  server.GrpcServerProtocolService (GrpcServerProtocolService.java:onCompleted(113)) - 52541eb8-c0db-4941-8ea5-4f6f65566359: Completed APPEND_ENTRIES, lastRequest: 5d9d256b-54cf-4856-8c87-6034b73b04bd->52541eb8-c0db-4941-8ea5-4f6f65566359#6-t1, previous=(t:1, i:3), leaderCommit=2, initializing? false, entries: size=1, first=(t:1, i:4), METADATAENTRY(c2)
2019-11-13 20:20:23,793 [grpc-default-executor-5] INFO  server.GrpcServerProtocolService (GrpcServerProtocolService.java:onCompleted(113)) - 4ccef42d-128e-4eed-9e45-8d297f7adfc0: Completed APPEND_ENTRIES, lastRequest: 5d9d256b-54cf-4856-8c87-6034b73b04bd->4ccef42d-128e-4eed-9e45-8d297f7adfc0#6-t1, previous=(t:1, i:3), leaderCommit=2, initializing? false, entries: size=1, first=(t:1, i:4), METADATAENTRY(c2)
2019-11-13 20:20:23,794 [grpc-default-executor-5] INFO  server.GrpcLogAppender (GrpcLogAppender.java:onCompleted(308)) - 5d9d256b-54cf-4856-8c87-6034b73b04bd@group-53A8366392D7->52541eb8-c0db-4941-8ea5-4f6f65566359-AppendLogResponseHandler: follower responses appendEntries COMPLETED
2019-11-13 20:20:23,794 [grpc-default-executor-0] INFO  server.GrpcLogAppender (GrpcLogAppender.java:onCompleted(308)) - 5d9d256b-54cf-4856-8c87-6034b73b04bd@group-53A8366392D7->4ccef42d-128e-4eed-9e45-8d297f7adfc0-AppendLogResponseHandler: follower responses appendEntries COMPLETED
2019-11-13 20:20:23,794 [grpc-default-executor-0] INFO  impl.FollowerInfo (FollowerInfo.java:lambda$new$0(51)) - 5d9d256b-54cf-4856-8c87-6034b73b04bd@group-53A8366392D7->4ccef42d-128e-4eed-9e45-8d297f7adfc0: nextIndex: updateUnconditionally 5 -> 4
2019-11-13 20:20:23,794 [grpc-default-executor-5] INFO  impl.FollowerInfo (FollowerInfo.java:lambda$new$0(51)) - 5d9d256b-54cf-4856-8c87-6034b73b04bd@group-53A8366392D7->52541eb8-c0db-4941-8ea5-4f6f65566359: nextIndex: updateUnconditionally 5 -> 4
2019-11-13 20:20:23,807 [5d9d256b-54cf-4856-8c87-6034b73b04bd@group-53A8366392D7-StateMachineUpdater] INFO  ratis.ContainerStateMachine (ContainerStateMachine.java:takeSnapshot(296)) - group-53A8366392D7: Finished taking a snapshot at:(t:1, i:4) file:/workdir/hadoop-ozone/integration-test/target/test-dir/MiniOzoneClusterImpl-252be716-c998-406a-83e5-534d363f62a9/datanode-6/data/ratis/331595c1-ba5d-49bf-9d61-53a8366392d7/sm/snapshot.1_4 time:15
2019-11-13 20:20:23,808 [5d9d256b-54cf-4856-8c87-6034b73b04bd@group-53A8366392D7-StateMachineUpdater] INFO  impl.StateMachineUpdater (StateMachineUpdater.java:takeSnapshot(269)) - 5d9d256b-54cf-4856-8c87-6034b73b04bd@group-53A8366392D7-StateMachineUpdater: Took a snapshot at index 4
2019-11-13 20:20:24,186 [5d9d256b-54cf-4856-8c87-6034b73b04bd@group-53A8366392D7-StateMachineUpdater] INFO  impl.StateMachineUpdater (StateMachineUpdater.java:lambda$new$0(84)) - 5d9d256b-54cf-4856-8c87-6034b73b04bd@group-53A8366392D7-StateMachineUpdater: snapshotIndex: updateIncreasingly -1 -> 4
2019-11-13 20:20:24,193 [Thread-4200] WARN  util.JavaUtils (JavaUtils.java:sleep(246)) - Unexpected long sleep: sleep(1011ms) actually took 1380ms which is over the threshold 300ms
2019-11-13 20:20:24,210 [grpc-default-executor-6] INFO  impl.RaftServerImpl (ServerState.java:close(387)) - 5d9d256b-54cf-4856-8c87-6034b73b04bd@group-53A8366392D7: closes. applyIndex: 4
2019-11-13 20:20:24,239 [5d9d256b-54cf-4856-8c87-6034b73b04bd@group-53A8366392D7-SegmentedRaftLogWorker] INFO  segmented.SegmentedRaftLogWorker (SegmentedRaftLogWorker.java:run(316)) - 5d9d256b-54cf-4856-8c87-6034b73b04bd@group-53A8366392D7-SegmentedRaftLogWorker was interrupted, exiting. There are 0 tasks remaining in the queue.
2019-11-13 20:20:24,251 [grpc-default-executor-6] INFO  segmented.SegmentedRaftLogWorker (SegmentedRaftLogWorker.java:close(224)) - 5d9d256b-54cf-4856-8c87-6034b73b04bd@group-53A8366392D7-SegmentedRaftLogWorker close()
2019-11-13 20:20:24,433 [grpc-default-executor-6] INFO  interfaces.Container (KeyValueContainer.java:flushAndSyncDB(400)) - Container 1 is synced with bcsId 2.
2019-11-13 20:20:24,433 [grpc-default-executor-6] INFO  interfaces.Container (KeyValueContainer.java:flushAndSyncDB(400)) - Container 1 is synced with bcsId 2.
2019-11-13 20:20:24,449 [Thread-4131] INFO  pipeline.PipelineStateManager (PipelineStateManager.java:removePipeline(106)) - Pipeline Pipeline[ Id: 331595c1-ba5d-49bf-9d61-53a8366392d7, Nodes: 52541eb8-c0db-4941-8ea5-4f6f65566359{ip: 192.168.164.208, host: pr-hdds-2375-t422d-1049308724, networkLocation: /rack1, certSerialId: null}4ccef42d-128e-4eed-9e45-8d297f7adfc0{ip: 192.168.164.208, host: pr-hdds-2375-t422d-1049308724, networkLocation: /rack1, certSerialId: null}5d9d256b-54cf-4856-8c87-6034b73b04bd{ip: 192.168.164.208, host: pr-hdds-2375-t422d-1049308724, networkLocation: /rack1, certSerialId: null}, Type:RATIS, Factor:THREE, State:CLOSED] removed from db
2019-11-13 20:20:24,449 [Thread-4131] INFO  pipeline.SCMPipelineManager (SCMPipelineManager.java:finalizeAndDestroyPipeline(315)) - destroying pipeline:Pipeline[ Id: 08ca3fda-70fd-4f2b-a817-26cd4f9a286b, Nodes: b0735163-16b4-4eff-936d-5712c77b458f{ip: 192.168.164.208, host: pr-hdds-2375-t422d-1049308724, networkLocation: /rack1, certSerialId: null}2eae8a0c-14f7-4974-be0f-a72b7694e262{ip: 192.168.164.208, host: pr-hdds-2375-t422d-1049308724, networkLocation: /rack1, certSerialId: null}57e4e4f3-95e6-4ba3-b7c4-7652bb100830{ip: 192.168.164.208, host: pr-hdds-2375-t422d-1049308724, networkLocation: /rack1, certSerialId: null}, Type:RATIS, Factor:THREE, State:OPEN]
2019-11-13 20:20:24,453 [grpc-default-executor-7] INFO  impl.RaftServerProxy (RaftServerProxy.java:addNew(89)) - 52541eb8-c0db-4941-8ea5-4f6f65566359: addNew group-D0755ABA686A:[4ccef42d-128e-4eed-9e45-8d297f7adfc0:192.168.164.208:42894, 52541eb8-c0db-4941-8ea5-4f6f65566359:192.168.164.208:33189, 5d9d256b-54cf-4856-8c87-6034b73b04bd:192.168.164.208:43036] returns group-D0755ABA686A:java.util.concurrent.CompletableFuture@461a96bd[Not completed]
2019-11-13 20:20:24,453 [grpc-default-executor-6] INFO  impl.RaftServerProxy (RaftServerProxy.java:addNew(89)) - 5d9d256b-54cf-4856-8c87-6034b73b04bd: addNew group-D0755ABA686A:[4ccef42d-128e-4eed-9e45-8d297f7adfc0:192.168.164.208:42894, 52541eb8-c0db-4941-8ea5-4f6f65566359:192.168.164.208:33189, 5d9d256b-54cf-4856-8c87-6034b73b04bd:192.168.164.208:43036] returns group-D0755ABA686A:java.util.concurrent.CompletableFuture@3fe6aa0e[Not completed]
2019-11-13 20:20:24,453 [grpc-default-executor-3] INFO  impl.RaftServerProxy (RaftServerProxy.java:addNew(89)) - 4ccef42d-128e-4eed-9e45-8d297f7adfc0: addNew group-D0755ABA686A:[4ccef42d-128e-4eed-9e45-8d297f7adfc0:192.168.164.208:42894, 52541eb8-c0db-4941-8ea5-4f6f65566359:192.168.164.208:33189, 5d9d256b-54cf-4856-8c87-6034b73b04bd:192.168.164.208:43036] returns group-D0755ABA686A:java.util.concurrent.CompletableFuture@20fa302f[Not completed]
2019-11-13 20:20:24,454 [pool-579-thread-1] INFO  impl.RaftServerImpl (RaftServerImpl.java:<init>(98)) - 4ccef42d-128e-4eed-9e45-8d297f7adfc0: new RaftServerImpl for group-D0755ABA686A:[4ccef42d-128e-4eed-9e45-8d297f7adfc0:192.168.164.208:42894, 52541eb8-c0db-4941-8ea5-4f6f65566359:192.168.164.208:33189, 5d9d256b-54cf-4856-8c87-6034b73b04bd:192.168.164.208:43036] with ContainerStateMachine:uninitialized
2019-11-13 20:20:24,454 [pool-579-thread-1] INFO  server.RaftServerConfigKeys (ConfUtils.java:logGet(43)) - raft.server.rpc.timeout.min = 1s (custom)
2019-11-13 20:20:24,454 [pool-579-thread-1] INFO  server.RaftServerConfigKeys (ConfUtils.java:logGet(43)) - raft.server.rpc.timeout.max = 1200ms (custom)
2019-11-13 20:20:24,454 [pool-579-thread-1] INFO  server.RaftServerConfigKeys (ConfUtils.java:logGet(43)) - raft.server.rpcslowness.timeout = 120s (custom)
2019-11-13 20:20:24,454 [pool-579-thread-1] INFO  server.RaftServerConfigKeys (ConfUtils.java:logGet(43)) - raft.server.sleep.deviation.threshold = 300 (default)
2019-11-13 20:20:24,454 [pool-589-thread-1] INFO  impl.RaftServerImpl (RaftServerImpl.java:<init>(98)) - 52541eb8-c0db-4941-8ea5-4f6f65566359: new RaftServerImpl for group-D0755ABA686A:[4ccef42d-128e-4eed-9e45-8d297f7adfc0:192.168.164.208:42894, 52541eb8-c0db-4941-8ea5-4f6f65566359:192.168.164.208:33189, 5d9d256b-54cf-4856-8c87-6034b73b04bd:192.168.164.208:43036] with ContainerStateMachine:uninitialized
2019-11-13 20:20:24,455 [pool-579-thread-1] INFO  server.RaftServerConfigKeys (ConfUtils.java:logGet(43)) - raft.server.log.appender.install.snapshot.enabled = false (custom)
2019-11-13 20:20:24,455 [pool-589-thread-1] INFO  server.RaftServerConfigKeys (ConfUtils.java:logGet(43)) - raft.server.rpc.timeout.min = 1s (custom)
2019-11-13 20:20:24,455 [pool-579-thread-1] INFO  impl.RaftServerImpl (ServerState.java:<init>(103)) - 4ccef42d-128e-4eed-9e45-8d297f7adfc0@group-D0755ABA686A: ConfigurationManager, init=-1: [4ccef42d-128e-4eed-9e45-8d297f7adfc0:192.168.164.208:42894, 52541eb8-c0db-4941-8ea5-4f6f65566359:192.168.164.208:33189, 5d9d256b-54cf-4856-8c87-6034b73b04bd:192.168.164.208:43036], old=null, confs=<EMPTY_MAP>
2019-11-13 20:20:24,455 [pool-589-thread-1] INFO  server.RaftServerConfigKeys (ConfUtils.java:logGet(43)) - raft.server.rpc.timeout.max = 1200ms (custom)
2019-11-13 20:20:24,455 [pool-579-thread-1] INFO  server.RaftServerConfigKeys (ConfUtils.java:logGet(43)) - raft.server.storage.dir = [/workdir/hadoop-ozone/integration-test/target/test-dir/MiniOzoneClusterImpl-252be716-c998-406a-83e5-534d363f62a9/datanode-7/data/ratis] (custom)
2019-11-13 20:20:24,455 [pool-589-thread-1] INFO  server.RaftServerConfigKeys (ConfUtils.java:logGet(43)) - raft.server.rpcslowness.timeout = 120s (custom)
2019-11-13 20:20:24,455 [pool-569-thread-1] INFO  impl.RaftServerImpl (RaftServerImpl.java:<init>(98)) - 5d9d256b-54cf-4856-8c87-6034b73b04bd: new RaftServerImpl for group-D0755ABA686A:[4ccef42d-128e-4eed-9e45-8d297f7adfc0:192.168.164.208:42894, 52541eb8-c0db-4941-8ea5-4f6f65566359:192.168.164.208:33189, 5d9d256b-54cf-4856-8c87-6034b73b04bd:192.168.164.208:43036] with ContainerStateMachine:uninitialized
2019-11-13 20:20:24,455 [pool-579-thread-1] INFO  server.RaftServerConfigKeys (ConfUtils.java:logGet(43)) - raft.server.log.corruption.policy = EXCEPTION (default)
2019-11-13 20:20:24,455 [pool-589-thread-1] INFO  server.RaftServerConfigKeys (ConfUtils.java:logGet(43)) - raft.server.sleep.deviation.threshold = 300 (default)
2019-11-13 20:20:24,455 [pool-569-thread-1] INFO  server.RaftServerConfigKeys (ConfUtils.java:logGet(43)) - raft.server.rpc.timeout.min = 1s (custom)
2019-11-13 20:20:24,455 [pool-589-thread-1] INFO  server.RaftServerConfigKeys (ConfUtils.java:logGet(43)) - raft.server.log.appender.install.snapshot.enabled = false (custom)
2019-11-13 20:20:24,455 [pool-579-thread-1] INFO  storage.RaftStorageDirectory (RaftStorageDirectory.java:analyzeStorage(246)) - The storage directory /workdir/hadoop-ozone/integration-test/target/test-dir/MiniOzoneClusterImpl-252be716-c998-406a-83e5-534d363f62a9/datanode-7/data/ratis/51b36c80-d228-40fb-a0cf-d0755aba686a does not exist. Creating ...
2019-11-13 20:20:24,456 [pool-589-thread-1] INFO  impl.RaftServerImpl (ServerState.java:<init>(103)) - 52541eb8-c0db-4941-8ea5-4f6f65566359@group-D0755ABA686A: ConfigurationManager, init=-1: [4ccef42d-128e-4eed-9e45-8d297f7adfc0:192.168.164.208:42894, 52541eb8-c0db-4941-8ea5-4f6f65566359:192.168.164.208:33189, 5d9d256b-54cf-4856-8c87-6034b73b04bd:192.168.164.208:43036], old=null, confs=<EMPTY_MAP>
2019-11-13 20:20:24,455 [pool-569-thread-1] INFO  server.RaftServerConfigKeys (ConfUtils.java:logGet(43)) - raft.server.rpc.timeout.max = 1200ms (custom)
2019-11-13 20:20:24,456 [pool-589-thread-1] INFO  server.RaftServerConfigKeys (ConfUtils.java:logGet(43)) - raft.server.storage.dir = [/workdir/hadoop-ozone/integration-test/target/test-dir/MiniOzoneClusterImpl-252be716-c998-406a-83e5-534d363f62a9/datanode-8/data/ratis] (custom)
2019-11-13 20:20:24,456 [pool-569-thread-1] INFO  server.RaftServerConfigKeys (ConfUtils.java:logGet(43)) - raft.server.rpcslowness.timeout = 120s (custom)
2019-11-13 20:20:24,456 [pool-569-thread-1] INFO  server.RaftServerConfigKeys (ConfUtils.java:logGet(43)) - raft.server.sleep.deviation.threshold = 300 (default)
2019-11-13 20:20:24,456 [pool-589-thread-1] INFO  server.RaftServerConfigKeys (ConfUtils.java:logGet(43)) - raft.server.log.corruption.policy = EXCEPTION (default)
2019-11-13 20:20:24,456 [pool-569-thread-1] INFO  server.RaftServerConfigKeys (ConfUtils.java:logGet(43)) - raft.server.log.appender.install.snapshot.enabled = false (custom)
2019-11-13 20:20:24,456 [pool-569-thread-1] INFO  impl.RaftServerImpl (ServerState.java:<init>(103)) - 5d9d256b-54cf-4856-8c87-6034b73b04bd@group-D0755ABA686A: ConfigurationManager, init=-1: [4ccef42d-128e-4eed-9e45-8d297f7adfc0:192.168.164.208:42894, 52541eb8-c0db-4941-8ea5-4f6f65566359:192.168.164.208:33189, 5d9d256b-54cf-4856-8c87-6034b73b04bd:192.168.164.208:43036], old=null, confs=<EMPTY_MAP>
2019-11-13 20:20:24,456 [pool-589-thread-1] INFO  storage.RaftStorageDirectory (RaftStorageDirectory.java:analyzeStorage(246)) - The storage directory /workdir/hadoop-ozone/integration-test/target/test-dir/MiniOzoneClusterImpl-252be716-c998-406a-83e5-534d363f62a9/datanode-8/data/ratis/51b36c80-d228-40fb-a0cf-d0755aba686a does not exist. Creating ...
2019-11-13 20:20:24,456 [pool-569-thread-1] INFO  server.RaftServerConfigKeys (ConfUtils.java:logGet(43)) - raft.server.storage.dir = [/workdir/hadoop-ozone/integration-test/target/test-dir/MiniOzoneClusterImpl-252be716-c998-406a-83e5-534d363f62a9/datanode-6/data/ratis] (custom)
2019-11-13 20:20:24,457 [pool-569-thread-1] INFO  server.RaftServerConfigKeys (ConfUtils.java:logGet(43)) - raft.server.log.corruption.policy = EXCEPTION (default)
2019-11-13 20:20:24,457 [pool-569-thread-1] INFO  storage.RaftStorageDirectory (RaftStorageDirectory.java:analyzeStorage(246)) - The storage directory /workdir/hadoop-ozone/integration-test/target/test-dir/MiniOzoneClusterImpl-252be716-c998-406a-83e5-534d363f62a9/datanode-6/data/ratis/51b36c80-d228-40fb-a0cf-d0755aba686a does not exist. Creating ...
2019-11-13 20:20:24,461 [Thread-4270] INFO  impl.FollowerState (FollowerState.java:run(111)) - dc33d614-f8fc-4160-b742-6654ea8e560b@group-BD46578B047D-FollowerState: change to CANDIDATE, lastRpcTime:1019ms, electionTimeout:1005ms
2019-11-13 20:20:24,462 [Thread-4270] INFO  impl.RoleInfo (RoleInfo.java:shutdownFollowerState(121)) - dc33d614-f8fc-4160-b742-6654ea8e560b: shutdown FollowerState
2019-11-13 20:20:24,462 [Thread-4270] INFO  impl.RaftServerImpl (RaftServerImpl.java:setRole(173)) - dc33d614-f8fc-4160-b742-6654ea8e560b@group-BD46578B047D: changes role from  FOLLOWER to CANDIDATE at term 0 for changeToCandidate
2019-11-13 20:20:24,462 [Thread-4270] INFO  impl.RoleInfo (RoleInfo.java:updateAndGet(143)) - dc33d614-f8fc-4160-b742-6654ea8e560b: start LeaderElection
2019-11-13 20:20:24,472 [pool-569-thread-1] INFO  storage.RaftStorageDirectory (RaftStorageDirectory.java:tryLock(328)) - Lock on /workdir/hadoop-ozone/integration-test/target/test-dir/MiniOzoneClusterImpl-252be716-c998-406a-83e5-534d363f62a9/datanode-6/data/ratis/51b36c80-d228-40fb-a0cf-d0755aba686a/in_use.lock acquired by nodename 4344@pr-hdds-2375-t422d-1049308724
2019-11-13 20:20:24,472 [pool-589-thread-1] INFO  storage.RaftStorageDirectory (RaftStorageDirectory.java:tryLock(328)) - Lock on /workdir/hadoop-ozone/integration-test/target/test-dir/MiniOzoneClusterImpl-252be716-c998-406a-83e5-534d363f62a9/datanode-8/data/ratis/51b36c80-d228-40fb-a0cf-d0755aba686a/in_use.lock acquired by nodename 4344@pr-hdds-2375-t422d-1049308724
2019-11-13 20:20:24,472 [pool-579-thread-1] INFO  storage.RaftStorageDirectory (RaftStorageDirectory.java:tryLock(328)) - Lock on /workdir/hadoop-ozone/integration-test/target/test-dir/MiniOzoneClusterImpl-252be716-c998-406a-83e5-534d363f62a9/datanode-7/data/ratis/51b36c80-d228-40fb-a0cf-d0755aba686a/in_use.lock acquired by nodename 4344@pr-hdds-2375-t422d-1049308724
2019-11-13 20:20:24,490 [pool-569-thread-1] INFO  storage.RaftStorage (RaftStorage.java:format(84)) - Storage directory /workdir/hadoop-ozone/integration-test/target/test-dir/MiniOzoneClusterImpl-252be716-c998-406a-83e5-534d363f62a9/datanode-6/data/ratis/51b36c80-d228-40fb-a0cf-d0755aba686a has been successfully formatted.
2019-11-13 20:20:24,490 [pool-589-thread-1] INFO  storage.RaftStorage (RaftStorage.java:format(84)) - Storage directory /workdir/hadoop-ozone/integration-test/target/test-dir/MiniOzoneClusterImpl-252be716-c998-406a-83e5-534d363f62a9/datanode-8/data/ratis/51b36c80-d228-40fb-a0cf-d0755aba686a has been successfully formatted.
2019-11-13 20:20:24,490 [pool-579-thread-1] INFO  storage.RaftStorage (RaftStorage.java:format(84)) - Storage directory /workdir/hadoop-ozone/integration-test/target/test-dir/MiniOzoneClusterImpl-252be716-c998-406a-83e5-534d363f62a9/datanode-7/data/ratis/51b36c80-d228-40fb-a0cf-d0755aba686a has been successfully formatted.
2019-11-13 20:20:24,490 [pool-569-thread-1] INFO  ratis.ContainerStateMachine (ContainerStateMachine.java:loadSnapshot(223)) - group-D0755ABA686A: The snapshot info is null. Setting the last applied indexto:(t:0, i:~)
2019-11-13 20:20:24,490 [dc33d614-f8fc-4160-b742-6654ea8e560b@group-BD46578B047D-LeaderElection201] INFO  impl.LeaderElection (LeaderElection.java:askForVotes(178)) - dc33d614-f8fc-4160-b742-6654ea8e560b@group-BD46578B047D-LeaderElection201: begin an election at term 1 for -1: [dc33d614-f8fc-4160-b742-6654ea8e560b:192.168.164.208:36418], old=null
2019-11-13 20:20:24,491 [pool-569-thread-1] INFO  server.RaftServerConfigKeys (ConfUtils.java:logGet(43)) - raft.server.notification.no-leader.timeout = 120s (custom)
2019-11-13 20:20:24,490 [pool-589-thread-1] INFO  ratis.ContainerStateMachine (ContainerStateMachine.java:loadSnapshot(223)) - group-D0755ABA686A: The snapshot info is null. Setting the last applied indexto:(t:0, i:~)
2019-11-13 20:20:24,491 [pool-569-thread-1] INFO  server.RaftServerConfigKeys (ConfUtils.java:logGet(43)) - raft.server.log.use.memory = false (default)
2019-11-13 20:20:24,491 [dc33d614-f8fc-4160-b742-6654ea8e560b@group-BD46578B047D-LeaderElection201] INFO  impl.RoleInfo (RoleInfo.java:shutdownLeaderElection(134)) - dc33d614-f8fc-4160-b742-6654ea8e560b: shutdown LeaderElection
2019-11-13 20:20:24,493 [dc33d614-f8fc-4160-b742-6654ea8e560b@group-BD46578B047D-LeaderElection201] INFO  impl.RaftServerImpl (RaftServerImpl.java:setRole(173)) - dc33d614-f8fc-4160-b742-6654ea8e560b@group-BD46578B047D: changes role from CANDIDATE to LEADER at term 1 for changeToLeader
2019-11-13 20:20:24,491 [pool-579-thread-1] INFO  ratis.ContainerStateMachine (ContainerStateMachine.java:loadSnapshot(223)) - group-D0755ABA686A: The snapshot info is null. Setting the last applied indexto:(t:0, i:~)
2019-11-13 20:20:24,493 [dc33d614-f8fc-4160-b742-6654ea8e560b@group-BD46578B047D-LeaderElection201] INFO  ratis.XceiverServerRatis (XceiverServerRatis.java:handleLeaderChangedNotification(697)) - Leader change notification received for group: group-BD46578B047D with new leaderId: dc33d614-f8fc-4160-b742-6654ea8e560b
2019-11-13 20:20:24,493 [pool-569-thread-1] INFO  server.RaftServerConfigKeys (ConfUtils.java:logGet(43)) - raft.server.log.purge.gap = 1000000 (custom)
2019-11-13 20:20:24,493 [pool-589-thread-1] INFO  server.RaftServerConfigKeys (ConfUtils.java:logGet(43)) - raft.server.notification.no-leader.timeout = 120s (custom)
2019-11-13 20:20:24,494 [pool-569-thread-1] INFO  server.RaftServerConfigKeys (ConfUtils.java:logGet(43)) - raft.server.log.appender.buffer.byte-limit = 33554432 (custom)
2019-11-13 20:20:24,493 [dc33d614-f8fc-4160-b742-6654ea8e560b@group-BD46578B047D-LeaderElection201] INFO  impl.RaftServerImpl (ServerState.java:setLeader(255)) - dc33d614-f8fc-4160-b742-6654ea8e560b@group-BD46578B047D: change Leader from null to dc33d614-f8fc-4160-b742-6654ea8e560b at term 1 for becomeLeader, leader elected after 1065ms
2019-11-13 20:20:24,493 [pool-579-thread-1] INFO  server.RaftServerConfigKeys (ConfUtils.java:logGet(43)) - raft.server.notification.no-leader.timeout = 120s (custom)
2019-11-13 20:20:24,494 [dc33d614-f8fc-4160-b742-6654ea8e560b@group-BD46578B047D-LeaderElection201] INFO  server.RaftServerConfigKeys (ConfUtils.java:logGet(43)) - raft.server.staging.catchup.gap = 1000 (default)
2019-11-13 20:20:24,494 [pool-569-thread-1] INFO  server.RaftServerConfigKeys (ConfUtils.java:logGet(43)) - raft.server.log.segment.size.max = 1048576 (custom)
2019-11-13 20:20:24,494 [pool-589-thread-1] INFO  server.RaftServerConfigKeys (ConfUtils.java:logGet(43)) - raft.server.log.use.memory = false (default)
2019-11-13 20:20:24,494 [pool-569-thread-1] INFO  server.RaftServerConfigKeys (ConfUtils.java:logGet(43)) - raft.server.log.segment.cache.num.max = 2 (custom)
2019-11-13 20:20:24,494 [dc33d614-f8fc-4160-b742-6654ea8e560b@group-BD46578B047D-LeaderElection201] INFO  server.RaftServerConfigKeys (ConfUtils.java:logGet(43)) - raft.server.rpc.sleep.time = 25ms (default)
2019-11-13 20:20:24,494 [pool-579-thread-1] INFO  server.RaftServerConfigKeys (ConfUtils.java:logGet(43)) - raft.server.log.use.memory = false (default)
2019-11-13 20:20:24,494 [pool-569-thread-1] INFO  segmented.SegmentedRaftLogWorker (SegmentedRaftLogWorker.java:<init>(173)) - new 5d9d256b-54cf-4856-8c87-6034b73b04bd@group-D0755ABA686A-SegmentedRaftLogWorker for RaftStorage:Storage Directory /workdir/hadoop-ozone/integration-test/target/test-dir/MiniOzoneClusterImpl-252be716-c998-406a-83e5-534d363f62a9/datanode-6/data/ratis/51b36c80-d228-40fb-a0cf-d0755aba686a
2019-11-13 20:20:24,494 [pool-589-thread-1] INFO  server.RaftServerConfigKeys (ConfUtils.java:logGet(43)) - raft.server.log.purge.gap = 1000000 (custom)
2019-11-13 20:20:24,495 [pool-569-thread-1] INFO  server.RaftServerConfigKeys (ConfUtils.java:logGet(43)) - raft.server.log.queue.byte-limit = 2147483647 (custom)
2019-11-13 20:20:24,495 [pool-569-thread-1] INFO  server.RaftServerConfigKeys (ConfUtils.java:logGet(43)) - raft.server.log.queue.element-limit = 1024 (custom)
2019-11-13 20:20:24,494 [dc33d614-f8fc-4160-b742-6654ea8e560b@group-BD46578B047D-LeaderElection201] INFO  server.RaftServerConfigKeys (ConfUtils.java:logGet(43)) - raft.server.write.element-limit = 4096 (default)
2019-11-13 20:20:24,494 [pool-579-thread-1] INFO  server.RaftServerConfigKeys (ConfUtils.java:logGet(43)) - raft.server.log.purge.gap = 1000000 (custom)
2019-11-13 20:20:24,495 [dc33d614-f8fc-4160-b742-6654ea8e560b@group-BD46578B047D-LeaderElection201] INFO  server.RaftServerConfigKeys (ConfUtils.java:logGet(43)) - raft.server.watch.timeout = 10s (default)
2019-11-13 20:20:24,495 [pool-569-thread-1] INFO  server.RaftServerConfigKeys (ConfUtils.java:logGet(43)) - raft.server.log.segment.size.max = 1048576 (custom)
2019-11-13 20:20:24,495 [pool-589-thread-1] INFO  server.RaftServerConfigKeys (ConfUtils.java:logGet(43)) - raft.server.log.appender.buffer.byte-limit = 33554432 (custom)
2019-11-13 20:20:24,495 [pool-569-thread-1] INFO  server.RaftServerConfigKeys (ConfUtils.java:logGet(43)) - raft.server.log.preallocated.size = 16384 (custom)
2019-11-13 20:20:24,495 [dc33d614-f8fc-4160-b742-6654ea8e560b@group-BD46578B047D-LeaderElection201] INFO  server.RaftServerConfigKeys (ConfUtils.java:logGet(43)) - raft.server.watch.timeout.denomination = 1s (default)
2019-11-13 20:20:24,495 [pool-579-thread-1] INFO  server.RaftServerConfigKeys (ConfUtils.java:logGet(43)) - raft.server.log.appender.buffer.byte-limit = 33554432 (custom)
2019-11-13 20:20:24,496 [dc33d614-f8fc-4160-b742-6654ea8e560b@group-BD46578B047D-LeaderElection201] INFO  server.RaftServerConfigKeys (ConfUtils.java:logGet(43)) - raft.server.watch.element-limit = 65536 (default)
2019-11-13 20:20:24,495 [pool-569-thread-1] INFO  server.RaftServerConfigKeys (ConfUtils.java:logGet(43)) - raft.server.log.write.buffer.size = 33554432 (custom)
2019-11-13 20:20:24,495 [pool-589-thread-1] INFO  server.RaftServerConfigKeys (ConfUtils.java:logGet(43)) - raft.server.log.segment.size.max = 1048576 (custom)
2019-11-13 20:20:24,496 [pool-569-thread-1] INFO  server.RaftServerConfigKeys (ConfUtils.java:logGet(43)) - raft.server.log.force.sync.num = 128 (default)
2019-11-13 20:20:24,496 [dc33d614-f8fc-4160-b742-6654ea8e560b@group-BD46578B047D-LeaderElection201] INFO  impl.RoleInfo (RoleInfo.java:updateAndGet(143)) - dc33d614-f8fc-4160-b742-6654ea8e560b: start LeaderState
2019-11-13 20:20:24,496 [pool-579-thread-1] INFO  server.RaftServerConfigKeys (ConfUtils.java:logGet(43)) - raft.server.log.segment.size.max = 1048576 (custom)
2019-11-13 20:20:24,496 [pool-569-thread-1] INFO  server.RaftServerConfigKeys (ConfUtils.java:logGet(43)) - raft.server.log.statemachine.data.sync = true (default)
2019-11-13 20:20:24,496 [pool-589-thread-1] INFO  server.RaftServerConfigKeys (ConfUtils.java:logGet(43)) - raft.server.log.segment.cache.num.max = 2 (custom)
2019-11-13 20:20:24,496 [pool-569-thread-1] INFO  server.RaftServerConfigKeys (ConfUtils.java:logGet(43)) - raft.server.log.statemachine.data.sync.timeout = 10s (default)
2019-11-13 20:20:24,496 [dc33d614-f8fc-4160-b742-6654ea8e560b@group-BD46578B047D-LeaderElection201] INFO  segmented.SegmentedRaftLogWorker (SegmentedRaftLogWorker.java:startLogSegment(385)) - dc33d614-f8fc-4160-b742-6654ea8e560b@group-BD46578B047D-SegmentedRaftLogWorker: Starting segment from index:0
2019-11-13 20:20:24,496 [pool-579-thread-1] INFO  server.RaftServerConfigKeys (ConfUtils.java:logGet(43)) - raft.server.log.segment.cache.num.max = 2 (custom)
2019-11-13 20:20:24,496 [pool-569-thread-1] INFO  server.RaftServerConfigKeys (ConfUtils.java:logGet(43)) - raft.server.log.statemachine.data.sync.timeout.retry = -1 (default)
2019-11-13 20:20:24,496 [pool-589-thread-1] INFO  segmented.SegmentedRaftLogWorker (SegmentedRaftLogWorker.java:<init>(173)) - new 52541eb8-c0db-4941-8ea5-4f6f65566359@group-D0755ABA686A-SegmentedRaftLogWorker for RaftStorage:Storage Directory /workdir/hadoop-ozone/integration-test/target/test-dir/MiniOzoneClusterImpl-252be716-c998-406a-83e5-534d363f62a9/datanode-8/data/ratis/51b36c80-d228-40fb-a0cf-d0755aba686a
2019-11-13 20:20:24,497 [dc33d614-f8fc-4160-b742-6654ea8e560b@group-BD46578B047D-LeaderElection201] INFO  impl.RaftServerImpl (ServerState.java:setRaftConf(356)) - dc33d614-f8fc-4160-b742-6654ea8e560b@group-BD46578B047D: set configuration 0: [dc33d614-f8fc-4160-b742-6654ea8e560b:192.168.164.208:36418], old=null at 0
2019-11-13 20:20:24,497 [pool-569-thread-1] INFO  server.RaftServerConfigKeys (ConfUtils.java:logGet(43)) - raft.server.log.statemachine.data.caching.enabled = true (custom)
2019-11-13 20:20:24,497 [pool-579-thread-1] INFO  segmented.SegmentedRaftLogWorker (SegmentedRaftLogWorker.java:<init>(173)) - new 4ccef42d-128e-4eed-9e45-8d297f7adfc0@group-D0755ABA686A-SegmentedRaftLogWorker for RaftStorage:Storage Directory /workdir/hadoop-ozone/integration-test/target/test-dir/MiniOzoneClusterImpl-252be716-c998-406a-83e5-534d363f62a9/datanode-7/data/ratis/51b36c80-d228-40fb-a0cf-d0755aba686a
2019-11-13 20:20:24,497 [pool-589-thread-1] INFO  server.RaftServerConfigKeys (ConfUtils.java:logGet(43)) - raft.server.log.queue.byte-limit = 2147483647 (custom)
2019-11-13 20:20:24,499 [pool-569-thread-1] INFO  segmented.SegmentedRaftLogWorker (SegmentedRaftLogWorker.java:lambda$new$0(128)) - 5d9d256b-54cf-4856-8c87-6034b73b04bd@group-D0755ABA686A-SegmentedRaftLogWorker: flushIndex: setUnconditionally 0 -> -1
2019-11-13 20:20:24,499 [pool-579-thread-1] INFO  server.RaftServerConfigKeys (ConfUtils.java:logGet(43)) - raft.server.log.queue.byte-limit = 2147483647 (custom)
2019-11-13 20:20:24,499 [pool-589-thread-1] INFO  server.RaftServerConfigKeys (ConfUtils.java:logGet(43)) - raft.server.log.queue.element-limit = 1024 (custom)
2019-11-13 20:20:24,499 [pool-569-thread-1] INFO  server.RaftServerConfigKeys (ConfUtils.java:logGet(43)) - raft.server.snapshot.auto.trigger.enabled = true (custom)
2019-11-13 20:20:24,499 [pool-579-thread-1] INFO  server.RaftServerConfigKeys (ConfUtils.java:logGet(43)) - raft.server.log.queue.element-limit = 1024 (custom)
2019-11-13 20:20:24,499 [pool-569-thread-1] INFO  server.RaftServerConfigKeys (ConfUtils.java:logGet(43)) - raft.server.snapshot.auto.trigger.threshold = 10000 (custom)
2019-11-13 20:20:24,499 [pool-589-thread-1] INFO  server.RaftServerConfigKeys (ConfUtils.java:logGet(43)) - raft.server.log.segment.size.max = 1048576 (custom)
2019-11-13 20:20:24,499 [pool-569-thread-1] INFO  server.RaftServerConfigKeys (ConfUtils.java:logGet(43)) - raft.server.snapshot.retention.file.num = 5 (custom)
2019-11-13 20:20:24,499 [pool-579-thread-1] INFO  server.RaftServerConfigKeys (ConfUtils.java:logGet(43)) - raft.server.log.segment.size.max = 1048576 (custom)
2019-11-13 20:20:24,500 [pool-569-thread-1] INFO  server.RaftServerConfigKeys (ConfUtils.java:logGet(43)) - raft.server.retrycache.expirytime = 600000ms (custom)
2019-11-13 20:20:24,499 [pool-589-thread-1] INFO  server.RaftServerConfigKeys (ConfUtils.java:logGet(43)) - raft.server.log.preallocated.size = 16384 (custom)
2019-11-13 20:20:24,500 [pool-569-thread-1] WARN  impl.MetricRegistriesImpl (MetricRegistriesImpl.java:lambda$create$1(61)) - First MetricRegistry has been created without registering reporters. You may need to call MetricRegistries.global().addReportRegistration(...) before.
2019-11-13 20:20:24,500 [pool-579-thread-1] INFO  server.RaftServerConfigKeys (ConfUtils.java:logGet(43)) - raft.server.log.preallocated.size = 16384 (custom)
2019-11-13 20:20:24,500 [pool-569-thread-1] WARN  impl.MetricRegistriesImpl (MetricRegistriesImpl.java:lambda$create$1(61)) - First MetricRegistry has been created without registering reporters. You may need to call MetricRegistries.global().addReportRegistration(...) before.
2019-11-13 20:20:24,500 [pool-589-thread-1] INFO  server.RaftServerConfigKeys (ConfUtils.java:logGet(43)) - raft.server.log.write.buffer.size = 33554432 (custom)
2019-11-13 20:20:24,500 [pool-569-thread-1] INFO  impl.RaftServerImpl (RaftServerImpl.java:start(184)) - 5d9d256b-54cf-4856-8c87-6034b73b04bd@group-D0755ABA686A: start as a follower, conf=-1: [4ccef42d-128e-4eed-9e45-8d297f7adfc0:192.168.164.208:42894, 52541eb8-c0db-4941-8ea5-4f6f65566359:192.168.164.208:33189, 5d9d256b-54cf-4856-8c87-6034b73b04bd:192.168.164.208:43036], old=null
2019-11-13 20:20:24,500 [pool-579-thread-1] INFO  server.RaftServerConfigKeys (ConfUtils.java:logGet(43)) - raft.server.log.write.buffer.size = 33554432 (custom)
2019-11-13 20:20:24,500 [pool-569-thread-1] INFO  impl.RaftServerImpl (RaftServerImpl.java:setRole(173)) - 5d9d256b-54cf-4856-8c87-6034b73b04bd@group-D0755ABA686A: changes role from      null to FOLLOWER at term 0 for startAsFollower
2019-11-13 20:20:24,500 [pool-589-thread-1] INFO  server.RaftServerConfigKeys (ConfUtils.java:logGet(43)) - raft.server.log.force.sync.num = 128 (default)
2019-11-13 20:20:24,501 [pool-569-thread-1] INFO  impl.RoleInfo (RoleInfo.java:updateAndGet(143)) - 5d9d256b-54cf-4856-8c87-6034b73b04bd: start FollowerState
2019-11-13 20:20:24,500 [pool-579-thread-1] INFO  server.RaftServerConfigKeys (ConfUtils.java:logGet(43)) - raft.server.log.force.sync.num = 128 (default)
2019-11-13 20:20:24,501 [pool-579-thread-1] INFO  server.RaftServerConfigKeys (ConfUtils.java:logGet(43)) - raft.server.log.statemachine.data.sync = true (default)
2019-11-13 20:20:24,501 [pool-579-thread-1] INFO  server.RaftServerConfigKeys (ConfUtils.java:logGet(43)) - raft.server.log.statemachine.data.sync.timeout = 10s (default)
2019-11-13 20:20:24,501 [pool-579-thread-1] INFO  server.RaftServerConfigKeys (ConfUtils.java:logGet(43)) - raft.server.log.statemachine.data.sync.timeout.retry = -1 (default)
2019-11-13 20:20:24,501 [pool-589-thread-1] INFO  server.RaftServerConfigKeys (ConfUtils.java:logGet(43)) - raft.server.log.statemachine.data.sync = true (default)
2019-11-13 20:20:24,502 [pool-579-thread-1] INFO  server.RaftServerConfigKeys (ConfUtils.java:logGet(43)) - raft.server.log.statemachine.data.caching.enabled = true (custom)
2019-11-13 20:20:24,502 [pool-569-thread-1] INFO  util.JmxRegister (JmxRegister.java:tryRegister(44)) - Successfully registered JMX Bean with object name Ratis:service=RaftServer,group=group-D0755ABA686A,id=5d9d256b-54cf-4856-8c87-6034b73b04bd
2019-11-13 20:20:24,502 [pool-589-thread-1] INFO  server.RaftServerConfigKeys (ConfUtils.java:logGet(43)) - raft.server.log.statemachine.data.sync.timeout = 10s (default)
2019-11-13 20:20:24,502 [pool-579-thread-1] INFO  segmented.SegmentedRaftLogWorker (SegmentedRaftLogWorker.java:lambda$new$0(128)) - 4ccef42d-128e-4eed-9e45-8d297f7adfc0@group-D0755ABA686A-SegmentedRaftLogWorker: flushIndex: setUnconditionally 0 -> -1
2019-11-13 20:20:24,502 [pool-569-thread-1] WARN  impl.MetricRegistriesImpl (MetricRegistriesImpl.java:lambda$create$1(61)) - First MetricRegistry has been created without registering reporters. You may need to call MetricRegistries.global().addReportRegistration(...) before.
2019-11-13 20:20:24,502 [pool-589-thread-1] INFO  server.RaftServerConfigKeys (ConfUtils.java:logGet(43)) - raft.server.log.statemachine.data.sync.timeout.retry = -1 (default)
2019-11-13 20:20:24,502 [pool-579-thread-1] INFO  server.RaftServerConfigKeys (ConfUtils.java:logGet(43)) - raft.server.snapshot.auto.trigger.enabled = true (custom)
2019-11-13 20:20:24,502 [pool-589-thread-1] INFO  server.RaftServerConfigKeys (ConfUtils.java:logGet(43)) - raft.server.log.statemachine.data.caching.enabled = true (custom)
2019-11-13 20:20:24,502 [pool-579-thread-1] INFO  server.RaftServerConfigKeys (ConfUtils.java:logGet(43)) - raft.server.snapshot.auto.trigger.threshold = 10000 (custom)
2019-11-13 20:20:24,503 [pool-579-thread-1] INFO  server.RaftServerConfigKeys (ConfUtils.java:logGet(43)) - raft.server.snapshot.retention.file.num = 5 (custom)
2019-11-13 20:20:24,503 [pool-589-thread-1] INFO  segmented.SegmentedRaftLogWorker (SegmentedRaftLogWorker.java:lambda$new$0(128)) - 52541eb8-c0db-4941-8ea5-4f6f65566359@group-D0755ABA686A-SegmentedRaftLogWorker: flushIndex: setUnconditionally 0 -> -1
2019-11-13 20:20:24,503 [pool-579-thread-1] INFO  server.RaftServerConfigKeys (ConfUtils.java:logGet(43)) - raft.server.retrycache.expirytime = 600000ms (custom)
2019-11-13 20:20:24,503 [pool-579-thread-1] WARN  impl.MetricRegistriesImpl (MetricRegistriesImpl.java:lambda$create$1(61)) - First MetricRegistry has been created without registering reporters. You may need to call MetricRegistries.global().addReportRegistration(...) before.
2019-11-13 20:20:24,503 [pool-589-thread-1] INFO  server.RaftServerConfigKeys (ConfUtils.java:logGet(43)) - raft.server.snapshot.auto.trigger.enabled = true (custom)
2019-11-13 20:20:24,503 [pool-579-thread-1] WARN  impl.MetricRegistriesImpl (MetricRegistriesImpl.java:lambda$create$1(61)) - First MetricRegistry has been created without registering reporters. You may need to call MetricRegistries.global().addReportRegistration(...) before.
2019-11-13 20:20:24,503 [pool-589-thread-1] INFO  server.RaftServerConfigKeys (ConfUtils.java:logGet(43)) - raft.server.snapshot.auto.trigger.threshold = 10000 (custom)
2019-11-13 20:20:24,503 [pool-579-thread-1] INFO  impl.RaftServerImpl (RaftServerImpl.java:start(184)) - 4ccef42d-128e-4eed-9e45-8d297f7adfc0@group-D0755ABA686A: start as a follower, conf=-1: [4ccef42d-128e-4eed-9e45-8d297f7adfc0:192.168.164.208:42894, 52541eb8-c0db-4941-8ea5-4f6f65566359:192.168.164.208:33189, 5d9d256b-54cf-4856-8c87-6034b73b04bd:192.168.164.208:43036], old=null
2019-11-13 20:20:24,503 [pool-589-thread-1] INFO  server.RaftServerConfigKeys (ConfUtils.java:logGet(43)) - raft.server.snapshot.retention.file.num = 5 (custom)
2019-11-13 20:20:24,503 [pool-579-thread-1] INFO  impl.RaftServerImpl (RaftServerImpl.java:setRole(173)) - 4ccef42d-128e-4eed-9e45-8d297f7adfc0@group-D0755ABA686A: changes role from      null to FOLLOWER at term 0 for startAsFollower
2019-11-13 20:20:24,503 [pool-589-thread-1] INFO  server.RaftServerConfigKeys (ConfUtils.java:logGet(43)) - raft.server.retrycache.expirytime = 600000ms (custom)
2019-11-13 20:20:24,504 [pool-579-thread-1] INFO  impl.RoleInfo (RoleInfo.java:updateAndGet(143)) - 4ccef42d-128e-4eed-9e45-8d297f7adfc0: start FollowerState
2019-11-13 20:20:24,504 [pool-589-thread-1] WARN  impl.MetricRegistriesImpl (MetricRegistriesImpl.java:lambda$create$1(61)) - First MetricRegistry has been created without registering reporters. You may need to call MetricRegistries.global().addReportRegistration(...) before.
2019-11-13 20:20:24,504 [pool-589-thread-1] WARN  impl.MetricRegistriesImpl (MetricRegistriesImpl.java:lambda$create$1(61)) - First MetricRegistry has been created without registering reporters. You may need to call MetricRegistries.global().addReportRegistration(...) before.
2019-11-13 20:20:24,504 [pool-579-thread-1] INFO  util.JmxRegister (JmxRegister.java:tryRegister(44)) - Successfully registered JMX Bean with object name Ratis:service=RaftServer,group=group-D0755ABA686A,id=4ccef42d-128e-4eed-9e45-8d297f7adfc0
2019-11-13 20:20:24,504 [pool-589-thread-1] INFO  impl.RaftServerImpl (RaftServerImpl.java:start(184)) - 52541eb8-c0db-4941-8ea5-4f6f65566359@group-D0755ABA686A: start as a follower, conf=-1: [4ccef42d-128e-4eed-9e45-8d297f7adfc0:192.168.164.208:42894, 52541eb8-c0db-4941-8ea5-4f6f65566359:192.168.164.208:33189, 5d9d256b-54cf-4856-8c87-6034b73b04bd:192.168.164.208:43036], old=null
2019-11-13 20:20:24,504 [pool-579-thread-1] WARN  impl.MetricRegistriesImpl (MetricRegistriesImpl.java:lambda$create$1(61)) - First MetricRegistry has been created without registering reporters. You may need to call MetricRegistries.global().addReportRegistration(...) before.
2019-11-13 20:20:24,504 [pool-589-thread-1] INFO  impl.RaftServerImpl (RaftServerImpl.java:setRole(173)) - 52541eb8-c0db-4941-8ea5-4f6f65566359@group-D0755ABA686A: changes role from      null to FOLLOWER at term 0 for startAsFollower
2019-11-13 20:20:24,504 [pool-589-thread-1] INFO  impl.RoleInfo (RoleInfo.java:updateAndGet(143)) - 52541eb8-c0db-4941-8ea5-4f6f65566359: start FollowerState
2019-11-13 20:20:24,505 [pool-589-thread-1] INFO  util.JmxRegister (JmxRegister.java:tryRegister(44)) - Successfully registered JMX Bean with object name Ratis:service=RaftServer,group=group-D0755ABA686A,id=52541eb8-c0db-4941-8ea5-4f6f65566359
2019-11-13 20:20:24,505 [pool-589-thread-1] WARN  impl.MetricRegistriesImpl (MetricRegistriesImpl.java:lambda$create$1(61)) - First MetricRegistry has been created without registering reporters. You may need to call MetricRegistries.global().addReportRegistration(...) before.
2019-11-13 20:20:24,507 [RatisPipelineUtilsThread] INFO  pipeline.PipelineStateManager (PipelineStateManager.java:addPipeline(55)) - Created pipeline Pipeline[ Id: 51b36c80-d228-40fb-a0cf-d0755aba686a, Nodes: 52541eb8-c0db-4941-8ea5-4f6f65566359{ip: 192.168.164.208, host: pr-hdds-2375-t422d-1049308724, networkLocation: /rack1, certSerialId: null}4ccef42d-128e-4eed-9e45-8d297f7adfc0{ip: 192.168.164.208, host: pr-hdds-2375-t422d-1049308724, networkLocation: /rack1, certSerialId: null}5d9d256b-54cf-4856-8c87-6034b73b04bd{ip: 192.168.164.208, host: pr-hdds-2375-t422d-1049308724, networkLocation: /rack1, certSerialId: null}, Type:RATIS, Factor:THREE, State:ALLOCATED]
2019-11-13 20:20:24,507 [Thread-4131] INFO  pipeline.PipelineStateManager (PipelineStateManager.java:finalizePipeline(121)) - Pipeline Pipeline[ Id: 08ca3fda-70fd-4f2b-a817-26cd4f9a286b, Nodes: b0735163-16b4-4eff-936d-5712c77b458f{ip: 192.168.164.208, host: pr-hdds-2375-t422d-1049308724, networkLocation: /rack1, certSerialId: null}2eae8a0c-14f7-4974-be0f-a72b7694e262{ip: 192.168.164.208, host: pr-hdds-2375-t422d-1049308724, networkLocation: /rack1, certSerialId: null}57e4e4f3-95e6-4ba3-b7c4-7652bb100830{ip: 192.168.164.208, host: pr-hdds-2375-t422d-1049308724, networkLocation: /rack1, certSerialId: null}, Type:RATIS, Factor:THREE, State:CLOSED] moved to CLOSED state
2019-11-13 20:20:24,508 [EventQueue-PipelineReportForPipelineReportHandler] INFO  pipeline.PipelineStateManager (PipelineStateManager.java:openPipeline(134)) - Pipeline Pipeline[ Id: 24d26032-7ae8-4670-a142-bd46578b047d, Nodes: dc33d614-f8fc-4160-b742-6654ea8e560b{ip: 192.168.164.208, host: pr-hdds-2375-t422d-1049308724, networkLocation: /rack1, certSerialId: null}, Type:RATIS, Factor:ONE, State:OPEN] moved to OPEN state
2019-11-13 20:20:24,511 [grpc-default-executor-3] INFO  impl.RaftServerProxy (RaftServerProxy.java:remove(95)) - b0735163-16b4-4eff-936d-5712c77b458f: remove  FOLLOWER b0735163-16b4-4eff-936d-5712c77b458f@group-26CD4F9A286B:t1, leader=57e4e4f3-95e6-4ba3-b7c4-7652bb100830, voted=b0735163-16b4-4eff-936d-5712c77b458f, raftlog=b0735163-16b4-4eff-936d-5712c77b458f@group-26CD4F9A286B-SegmentedRaftLog:OPENED:c0,f0,i0, conf=0: [2eae8a0c-14f7-4974-be0f-a72b7694e262:192.168.164.208:33269, b0735163-16b4-4eff-936d-5712c77b458f:192.168.164.208:33769, 57e4e4f3-95e6-4ba3-b7c4-7652bb100830:192.168.164.208:33520], old=null RUNNING
2019-11-13 20:20:24,511 [grpc-default-executor-3] INFO  impl.RaftServerImpl (RaftServerImpl.java:lambda$shutdown$3(250)) - b0735163-16b4-4eff-936d-5712c77b458f@group-26CD4F9A286B: shutdown
2019-11-13 20:20:24,511 [grpc-default-executor-3] INFO  util.JmxRegister (JmxRegister.java:unregister(73)) - Successfully un-registered JMX Bean with object name Ratis:service=RaftServer,group=group-26CD4F9A286B,id=b0735163-16b4-4eff-936d-5712c77b458f
2019-11-13 20:20:24,511 [grpc-default-executor-3] INFO  impl.RoleInfo (RoleInfo.java:shutdownFollowerState(121)) - b0735163-16b4-4eff-936d-5712c77b458f: shutdown FollowerState
2019-11-13 20:20:24,511 [grpc-default-executor-3] INFO  impl.StateMachineUpdater (StateMachineUpdater.java:stopAndJoin(136)) - b0735163-16b4-4eff-936d-5712c77b458f@group-26CD4F9A286B-StateMachineUpdater: set stopIndex = 0
2019-11-13 20:20:24,511 [Thread-4200] INFO  impl.FollowerState (FollowerState.java:run(120)) - b0735163-16b4-4eff-936d-5712c77b458f@group-26CD4F9A286B-FollowerState was interrupted: java.lang.InterruptedException: sleep interrupted
2019-11-13 20:20:24,511 [grpc-default-executor-3] INFO  impl.RaftServerImpl (ServerState.java:close(387)) - b0735163-16b4-4eff-936d-5712c77b458f@group-26CD4F9A286B: closes. applyIndex: 0
2019-11-13 20:20:24,512 [b0735163-16b4-4eff-936d-5712c77b458f@group-26CD4F9A286B-SegmentedRaftLogWorker] INFO  segmented.SegmentedRaftLogWorker (SegmentedRaftLogWorker.java:run(316)) - b0735163-16b4-4eff-936d-5712c77b458f@group-26CD4F9A286B-SegmentedRaftLogWorker was interrupted, exiting. There are 0 tasks remaining in the queue.
2019-11-13 20:20:24,512 [grpc-default-executor-3] INFO  segmented.SegmentedRaftLogWorker (SegmentedRaftLogWorker.java:close(224)) - b0735163-16b4-4eff-936d-5712c77b458f@group-26CD4F9A286B-SegmentedRaftLogWorker close()
2019-11-13 20:20:24,540 [grpc-default-executor-3] INFO  impl.RaftServerProxy (RaftServerProxy.java:remove(95)) - 2eae8a0c-14f7-4974-be0f-a72b7694e262: remove  FOLLOWER 2eae8a0c-14f7-4974-be0f-a72b7694e262@group-26CD4F9A286B:t1, leader=57e4e4f3-95e6-4ba3-b7c4-7652bb100830, voted=57e4e4f3-95e6-4ba3-b7c4-7652bb100830, raftlog=2eae8a0c-14f7-4974-be0f-a72b7694e262@group-26CD4F9A286B-SegmentedRaftLog:OPENED:c0,f0,i0, conf=0: [2eae8a0c-14f7-4974-be0f-a72b7694e262:192.168.164.208:33269, b0735163-16b4-4eff-936d-5712c77b458f:192.168.164.208:33769, 57e4e4f3-95e6-4ba3-b7c4-7652bb100830:192.168.164.208:33520], old=null RUNNING
2019-11-13 20:20:24,540 [grpc-default-executor-3] INFO  impl.RaftServerImpl (RaftServerImpl.java:lambda$shutdown$3(250)) - 2eae8a0c-14f7-4974-be0f-a72b7694e262@group-26CD4F9A286B: shutdown
2019-11-13 20:20:24,540 [grpc-default-executor-3] INFO  util.JmxRegister (JmxRegister.java:unregister(73)) - Successfully un-registered JMX Bean with object name Ratis:service=RaftServer,group=group-26CD4F9A286B,id=2eae8a0c-14f7-4974-be0f-a72b7694e262
2019-11-13 20:20:24,540 [grpc-default-executor-3] INFO  impl.RoleInfo (RoleInfo.java:shutdownFollowerState(121)) - 2eae8a0c-14f7-4974-be0f-a72b7694e262: shutdown FollowerState
2019-11-13 20:20:24,540 [grpc-default-executor-3] INFO  impl.StateMachineUpdater (StateMachineUpdater.java:stopAndJoin(136)) - 2eae8a0c-14f7-4974-be0f-a72b7694e262@group-26CD4F9A286B-StateMachineUpdater: set stopIndex = 0
2019-11-13 20:20:24,540 [Thread-4199] INFO  impl.FollowerState (FollowerState.java:run(120)) - 2eae8a0c-14f7-4974-be0f-a72b7694e262@group-26CD4F9A286B-FollowerState was interrupted: java.lang.InterruptedException: sleep interrupted
2019-11-13 20:20:24,541 [grpc-default-executor-3] INFO  impl.RaftServerImpl (ServerState.java:close(387)) - 2eae8a0c-14f7-4974-be0f-a72b7694e262@group-26CD4F9A286B: closes. applyIndex: 0
2019-11-13 20:20:24,541 [2eae8a0c-14f7-4974-be0f-a72b7694e262@group-26CD4F9A286B-SegmentedRaftLogWorker] INFO  segmented.SegmentedRaftLogWorker (SegmentedRaftLogWorker.java:run(316)) - 2eae8a0c-14f7-4974-be0f-a72b7694e262@group-26CD4F9A286B-SegmentedRaftLogWorker was interrupted, exiting. There are 0 tasks remaining in the queue.
2019-11-13 20:20:24,541 [grpc-default-executor-3] INFO  segmented.SegmentedRaftLogWorker (SegmentedRaftLogWorker.java:close(224)) - 2eae8a0c-14f7-4974-be0f-a72b7694e262@group-26CD4F9A286B-SegmentedRaftLogWorker close()
2019-11-13 20:20:24,543 [Thread-4286] INFO  impl.FollowerState (FollowerState.java:run(111)) - 2eae8a0c-14f7-4974-be0f-a72b7694e262@group-9E9C1A8714A0-FollowerState: change to CANDIDATE, lastRpcTime:1023ms, electionTimeout:1023ms
2019-11-13 20:20:24,543 [Thread-4286] INFO  impl.RoleInfo (RoleInfo.java:shutdownFollowerState(121)) - 2eae8a0c-14f7-4974-be0f-a72b7694e262: shutdown FollowerState
2019-11-13 20:20:24,544 [Thread-4286] INFO  impl.RaftServerImpl (RaftServerImpl.java:setRole(173)) - 2eae8a0c-14f7-4974-be0f-a72b7694e262@group-9E9C1A8714A0: changes role from  FOLLOWER to CANDIDATE at term 0 for changeToCandidate
2019-11-13 20:20:24,544 [Thread-4286] INFO  impl.RoleInfo (RoleInfo.java:updateAndGet(143)) - 2eae8a0c-14f7-4974-be0f-a72b7694e262: start LeaderElection
2019-11-13 20:20:24,549 [grpc-default-executor-3] INFO  impl.RaftServerProxy (RaftServerProxy.java:remove(95)) - 57e4e4f3-95e6-4ba3-b7c4-7652bb100830: remove    LEADER 57e4e4f3-95e6-4ba3-b7c4-7652bb100830@group-26CD4F9A286B:t1, leader=57e4e4f3-95e6-4ba3-b7c4-7652bb100830, voted=57e4e4f3-95e6-4ba3-b7c4-7652bb100830, raftlog=57e4e4f3-95e6-4ba3-b7c4-7652bb100830@group-26CD4F9A286B-SegmentedRaftLog:OPENED:c0,f0,i0, conf=0: [2eae8a0c-14f7-4974-be0f-a72b7694e262:192.168.164.208:33269, b0735163-16b4-4eff-936d-5712c77b458f:192.168.164.208:33769, 57e4e4f3-95e6-4ba3-b7c4-7652bb100830:192.168.164.208:33520], old=null RUNNING
2019-11-13 20:20:24,549 [grpc-default-executor-3] INFO  impl.RaftServerImpl (RaftServerImpl.java:lambda$shutdown$3(250)) - 57e4e4f3-95e6-4ba3-b7c4-7652bb100830@group-26CD4F9A286B: shutdown
2019-11-13 20:20:24,549 [grpc-default-executor-3] INFO  util.JmxRegister (JmxRegister.java:unregister(73)) - Successfully un-registered JMX Bean with object name Ratis:service=RaftServer,group=group-26CD4F9A286B,id=57e4e4f3-95e6-4ba3-b7c4-7652bb100830
2019-11-13 20:20:24,549 [grpc-default-executor-3] INFO  impl.RoleInfo (RoleInfo.java:shutdownLeaderState(104)) - 57e4e4f3-95e6-4ba3-b7c4-7652bb100830: shutdown LeaderState
2019-11-13 20:20:24,552 [grpc-default-executor-3] INFO  impl.PendingRequests (PendingRequests.java:sendNotLeaderResponses(206)) - 57e4e4f3-95e6-4ba3-b7c4-7652bb100830@group-26CD4F9A286B-PendingRequests: sendNotLeaderResponses
2019-11-13 20:20:24,552 [org.apache.ratis.server.impl.LogAppender$AppenderDaemon$$Lambda$415/455279792@1a15a53f] WARN  server.GrpcLogAppender (GrpcLogAppender.java:mayWait(151)) - 57e4e4f3-95e6-4ba3-b7c4-7652bb100830@group-26CD4F9A286B->b0735163-16b4-4eff-936d-5712c77b458f-GrpcLogAppender: Wait interrupted by java.lang.InterruptedException
2019-11-13 20:20:24,552 [org.apache.ratis.server.impl.LogAppender$AppenderDaemon$$Lambda$415/455279792@5f1730b9] WARN  server.GrpcLogAppender (GrpcLogAppender.java:mayWait(151)) - 57e4e4f3-95e6-4ba3-b7c4-7652bb100830@group-26CD4F9A286B->2eae8a0c-14f7-4974-be0f-a72b7694e262-GrpcLogAppender: Wait interrupted by java.lang.InterruptedException
2019-11-13 20:20:24,552 [grpc-default-executor-3] INFO  impl.StateMachineUpdater (StateMachineUpdater.java:stopAndJoin(136)) - 57e4e4f3-95e6-4ba3-b7c4-7652bb100830@group-26CD4F9A286B-StateMachineUpdater: set stopIndex = 0
2019-11-13 20:20:24,553 [grpc-default-executor-6] INFO  server.GrpcServerProtocolService (GrpcServerProtocolService.java:onCompleted(113)) - b0735163-16b4-4eff-936d-5712c77b458f: Completed APPEND_ENTRIES, lastRequest: 57e4e4f3-95e6-4ba3-b7c4-7652bb100830->b0735163-16b4-4eff-936d-5712c77b458f#5-t1, previous=(t:1, i:0), leaderCommit=0, initializing? false, entries: <empty>
2019-11-13 20:20:24,553 [grpc-default-executor-7] INFO  server.GrpcServerProtocolService (GrpcServerProtocolService.java:onCompleted(113)) - 2eae8a0c-14f7-4974-be0f-a72b7694e262: Completed APPEND_ENTRIES, lastRequest: 57e4e4f3-95e6-4ba3-b7c4-7652bb100830->2eae8a0c-14f7-4974-be0f-a72b7694e262#5-t1, previous=(t:1, i:0), leaderCommit=0, initializing? false, entries: <empty>
2019-11-13 20:20:24,553 [grpc-default-executor-3] INFO  impl.RaftServerImpl (ServerState.java:close(387)) - 57e4e4f3-95e6-4ba3-b7c4-7652bb100830@group-26CD4F9A286B: closes. applyIndex: 0
2019-11-13 20:20:24,553 [grpc-default-executor-7] INFO  server.GrpcLogAppender (GrpcLogAppender.java:onCompleted(308)) - 57e4e4f3-95e6-4ba3-b7c4-7652bb100830@group-26CD4F9A286B->b0735163-16b4-4eff-936d-5712c77b458f-AppendLogResponseHandler: follower responses appendEntries COMPLETED
2019-11-13 20:20:24,553 [57e4e4f3-95e6-4ba3-b7c4-7652bb100830@group-26CD4F9A286B-SegmentedRaftLogWorker] INFO  segmented.SegmentedRaftLogWorker (SegmentedRaftLogWorker.java:run(316)) - 57e4e4f3-95e6-4ba3-b7c4-7652bb100830@group-26CD4F9A286B-SegmentedRaftLogWorker was interrupted, exiting. There are 0 tasks remaining in the queue.
2019-11-13 20:20:24,553 [grpc-default-executor-6] INFO  server.GrpcLogAppender (GrpcLogAppender.java:onCompleted(308)) - 57e4e4f3-95e6-4ba3-b7c4-7652bb100830@group-26CD4F9A286B->2eae8a0c-14f7-4974-be0f-a72b7694e262-AppendLogResponseHandler: follower responses appendEntries COMPLETED
2019-11-13 20:20:24,553 [grpc-default-executor-3] INFO  segmented.SegmentedRaftLogWorker (SegmentedRaftLogWorker.java:close(224)) - 57e4e4f3-95e6-4ba3-b7c4-7652bb100830@group-26CD4F9A286B-SegmentedRaftLogWorker close()
2019-11-13 20:20:24,554 [grpc-default-executor-7] INFO  impl.FollowerInfo (FollowerInfo.java:lambda$new$0(51)) - 57e4e4f3-95e6-4ba3-b7c4-7652bb100830@group-26CD4F9A286B->b0735163-16b4-4eff-936d-5712c77b458f: nextIndex: updateUnconditionally 1 -> 0
2019-11-13 20:20:24,562 [dc33d614-f8fc-4160-b742-6654ea8e560b@group-BD46578B047D-SegmentedRaftLogWorker] INFO  segmented.SegmentedRaftLogWorker (SegmentedRaftLogWorker.java:execute(576)) - dc33d614-f8fc-4160-b742-6654ea8e560b@group-BD46578B047D-SegmentedRaftLogWorker: created new log segment /workdir/hadoop-ozone/integration-test/target/test-dir/MiniOzoneClusterImpl-252be716-c998-406a-83e5-534d363f62a9/datanode-5/data/ratis/24d26032-7ae8-4670-a142-bd46578b047d/current/log_inprogress_0
2019-11-13 20:20:24,562 [grpc-default-executor-6] INFO  impl.FollowerInfo (FollowerInfo.java:lambda$new$0(51)) - 57e4e4f3-95e6-4ba3-b7c4-7652bb100830@group-26CD4F9A286B->2eae8a0c-14f7-4974-be0f-a72b7694e262: nextIndex: updateUnconditionally 1 -> 0
2019-11-13 20:20:24,563 [2eae8a0c-14f7-4974-be0f-a72b7694e262@group-9E9C1A8714A0-LeaderElection202] INFO  impl.LeaderElection (LeaderElection.java:askForVotes(178)) - 2eae8a0c-14f7-4974-be0f-a72b7694e262@group-9E9C1A8714A0-LeaderElection202: begin an election at term 1 for -1: [2eae8a0c-14f7-4974-be0f-a72b7694e262:192.168.164.208:33269], old=null
2019-11-13 20:20:24,563 [2eae8a0c-14f7-4974-be0f-a72b7694e262@group-9E9C1A8714A0-LeaderElection202] INFO  impl.RoleInfo (RoleInfo.java:shutdownLeaderElection(134)) - 2eae8a0c-14f7-4974-be0f-a72b7694e262: shutdown LeaderElection
2019-11-13 20:20:24,563 [2eae8a0c-14f7-4974-be0f-a72b7694e262@group-9E9C1A8714A0-LeaderElection202] INFO  impl.RaftServerImpl (RaftServerImpl.java:setRole(173)) - 2eae8a0c-14f7-4974-be0f-a72b7694e262@group-9E9C1A8714A0: changes role from CANDIDATE to LEADER at term 1 for changeToLeader
2019-11-13 20:20:24,563 [2eae8a0c-14f7-4974-be0f-a72b7694e262@group-9E9C1A8714A0-LeaderElection202] INFO  ratis.XceiverServerRatis (XceiverServerRatis.java:handleLeaderChangedNotification(697)) - Leader change notification received for group: group-9E9C1A8714A0 with new leaderId: 2eae8a0c-14f7-4974-be0f-a72b7694e262
2019-11-13 20:20:24,563 [2eae8a0c-14f7-4974-be0f-a72b7694e262@group-9E9C1A8714A0-LeaderElection202] INFO  impl.RaftServerImpl (ServerState.java:setLeader(255)) - 2eae8a0c-14f7-4974-be0f-a72b7694e262@group-9E9C1A8714A0: change Leader from null to 2eae8a0c-14f7-4974-be0f-a72b7694e262 at term 1 for becomeLeader, leader elected after 1049ms
2019-11-13 20:20:24,563 [2eae8a0c-14f7-4974-be0f-a72b7694e262@group-9E9C1A8714A0-LeaderElection202] INFO  server.RaftServerConfigKeys (ConfUtils.java:logGet(43)) - raft.server.staging.catchup.gap = 1000 (default)
2019-11-13 20:20:24,563 [2eae8a0c-14f7-4974-be0f-a72b7694e262@group-9E9C1A8714A0-LeaderElection202] INFO  server.RaftServerConfigKeys (ConfUtils.java:logGet(43)) - raft.server.rpc.sleep.time = 25ms (default)
2019-11-13 20:20:24,564 [Thread-4131] INFO  pipeline.PipelineStateManager (PipelineStateManager.java:removePipeline(106)) - Pipeline Pipeline[ Id: 08ca3fda-70fd-4f2b-a817-26cd4f9a286b, Nodes: b0735163-16b4-4eff-936d-5712c77b458f{ip: 192.168.164.208, host: pr-hdds-2375-t422d-1049308724, networkLocation: /rack1, certSerialId: null}2eae8a0c-14f7-4974-be0f-a72b7694e262{ip: 192.168.164.208, host: pr-hdds-2375-t422d-1049308724, networkLocation: /rack1, certSerialId: null}57e4e4f3-95e6-4ba3-b7c4-7652bb100830{ip: 192.168.164.208, host: pr-hdds-2375-t422d-1049308724, networkLocation: /rack1, certSerialId: null}, Type:RATIS, Factor:THREE, State:CLOSED] removed from db
2019-11-13 20:20:24,564 [2eae8a0c-14f7-4974-be0f-a72b7694e262@group-9E9C1A8714A0-LeaderElection202] INFO  server.RaftServerConfigKeys (ConfUtils.java:logGet(43)) - raft.server.write.element-limit = 4096 (default)
2019-11-13 20:20:24,564 [Thread-4131] INFO  pipeline.SCMPipelineManager (SCMPipelineManager.java:finalizeAndDestroyPipeline(315)) - destroying pipeline:Pipeline[ Id: aa19db5c-ebb5-4c0c-a81b-b9c54e1e8808, Nodes: 4ccef42d-128e-4eed-9e45-8d297f7adfc0{ip: 192.168.164.208, host: pr-hdds-2375-t422d-1049308724, networkLocation: /rack1, certSerialId: null}, Type:RATIS, Factor:ONE, State:OPEN]
2019-11-13 20:20:24,564 [2eae8a0c-14f7-4974-be0f-a72b7694e262@group-9E9C1A8714A0-LeaderElection202] INFO  server.RaftServerConfigKeys (ConfUtils.java:logGet(43)) - raft.server.watch.timeout = 10s (default)
2019-11-13 20:20:24,564 [2eae8a0c-14f7-4974-be0f-a72b7694e262@group-9E9C1A8714A0-LeaderElection202] INFO  server.RaftServerConfigKeys (ConfUtils.java:logGet(43)) - raft.server.watch.timeout.denomination = 1s (default)
2019-11-13 20:20:24,564 [2eae8a0c-14f7-4974-be0f-a72b7694e262@group-9E9C1A8714A0-LeaderElection202] INFO  server.RaftServerConfigKeys (ConfUtils.java:logGet(43)) - raft.server.watch.element-limit = 65536 (default)
2019-11-13 20:20:24,564 [2eae8a0c-14f7-4974-be0f-a72b7694e262@group-9E9C1A8714A0-LeaderElection202] INFO  impl.RoleInfo (RoleInfo.java:updateAndGet(143)) - 2eae8a0c-14f7-4974-be0f-a72b7694e262: start LeaderState
2019-11-13 20:20:24,565 [2eae8a0c-14f7-4974-be0f-a72b7694e262@group-9E9C1A8714A0-LeaderElection202] INFO  segmented.SegmentedRaftLogWorker (SegmentedRaftLogWorker.java:startLogSegment(385)) - 2eae8a0c-14f7-4974-be0f-a72b7694e262@group-9E9C1A8714A0-SegmentedRaftLogWorker: Starting segment from index:0
2019-11-13 20:20:24,565 [2eae8a0c-14f7-4974-be0f-a72b7694e262@group-9E9C1A8714A0-LeaderElection202] INFO  impl.RaftServerImpl (ServerState.java:setRaftConf(356)) - 2eae8a0c-14f7-4974-be0f-a72b7694e262@group-9E9C1A8714A0: set configuration 0: [2eae8a0c-14f7-4974-be0f-a72b7694e262:192.168.164.208:33269], old=null at 0
2019-11-13 20:20:24,569 [grpc-default-executor-6] INFO  impl.RaftServerProxy (RaftServerProxy.java:addNew(89)) - 57e4e4f3-95e6-4ba3-b7c4-7652bb100830: addNew group-3CC11B5AB53E:[2eae8a0c-14f7-4974-be0f-a72b7694e262:192.168.164.208:33269, b0735163-16b4-4eff-936d-5712c77b458f:192.168.164.208:33769, 57e4e4f3-95e6-4ba3-b7c4-7652bb100830:192.168.164.208:33520] returns group-3CC11B5AB53E:java.util.concurrent.CompletableFuture@107aa35d[Not completed]
2019-11-13 20:20:24,569 [grpc-default-executor-3] INFO  impl.RaftServerProxy (RaftServerProxy.java:addNew(89)) - 2eae8a0c-14f7-4974-be0f-a72b7694e262: addNew group-3CC11B5AB53E:[2eae8a0c-14f7-4974-be0f-a72b7694e262:192.168.164.208:33269, b0735163-16b4-4eff-936d-5712c77b458f:192.168.164.208:33769, 57e4e4f3-95e6-4ba3-b7c4-7652bb100830:192.168.164.208:33520] returns group-3CC11B5AB53E:java.util.concurrent.CompletableFuture@7d230016[Not completed]
2019-11-13 20:20:24,569 [grpc-default-executor-6] INFO  impl.RaftServerProxy (RaftServerProxy.java:addNew(89)) - b0735163-16b4-4eff-936d-5712c77b458f: addNew group-3CC11B5AB53E:[2eae8a0c-14f7-4974-be0f-a72b7694e262:192.168.164.208:33269, b0735163-16b4-4eff-936d-5712c77b458f:192.168.164.208:33769, 57e4e4f3-95e6-4ba3-b7c4-7652bb100830:192.168.164.208:33520] returns group-3CC11B5AB53E:java.util.concurrent.CompletableFuture@608deda4[Not completed]
2019-11-13 20:20:24,570 [pool-509-thread-1] INFO  impl.RaftServerImpl (RaftServerImpl.java:<init>(98)) - 57e4e4f3-95e6-4ba3-b7c4-7652bb100830: new RaftServerImpl for group-3CC11B5AB53E:[2eae8a0c-14f7-4974-be0f-a72b7694e262:192.168.164.208:33269, b0735163-16b4-4eff-936d-5712c77b458f:192.168.164.208:33769, 57e4e4f3-95e6-4ba3-b7c4-7652bb100830:192.168.164.208:33520] with ContainerStateMachine:uninitialized
2019-11-13 20:20:24,570 [pool-509-thread-1] INFO  server.RaftServerConfigKeys (ConfUtils.java:logGet(43)) - raft.server.rpc.timeout.min = 1s (custom)
2019-11-13 20:20:24,570 [pool-509-thread-1] INFO  server.RaftServerConfigKeys (ConfUtils.java:logGet(43)) - raft.server.rpc.timeout.max = 1200ms (custom)
2019-11-13 20:20:24,570 [pool-509-thread-1] INFO  server.RaftServerConfigKeys (ConfUtils.java:logGet(43)) - raft.server.rpcslowness.timeout = 120s (custom)
2019-11-13 20:20:24,570 [pool-519-thread-1] INFO  impl.RaftServerImpl (RaftServerImpl.java:<init>(98)) - 2eae8a0c-14f7-4974-be0f-a72b7694e262: new RaftServerImpl for group-3CC11B5AB53E:[2eae8a0c-14f7-4974-be0f-a72b7694e262:192.168.164.208:33269, b0735163-16b4-4eff-936d-5712c77b458f:192.168.164.208:33769, 57e4e4f3-95e6-4ba3-b7c4-7652bb100830:192.168.164.208:33520] with ContainerStateMachine:uninitialized
2019-11-13 20:20:24,570 [pool-509-thread-1] INFO  server.RaftServerConfigKeys (ConfUtils.java:logGet(43)) - raft.server.sleep.deviation.threshold = 300 (default)
2019-11-13 20:20:24,571 [pool-519-thread-1] INFO  server.RaftServerConfigKeys (ConfUtils.java:logGet(43)) - raft.server.rpc.timeout.min = 1s (custom)
2019-11-13 20:20:24,571 [pool-509-thread-1] INFO  server.RaftServerConfigKeys (ConfUtils.java:logGet(43)) - raft.server.log.appender.install.snapshot.enabled = false (custom)
2019-11-13 20:20:24,571 [pool-519-thread-1] INFO  server.RaftServerConfigKeys (ConfUtils.java:logGet(43)) - raft.server.rpc.timeout.max = 1200ms (custom)
2019-11-13 20:20:24,571 [pool-509-thread-1] INFO  impl.RaftServerImpl (ServerState.java:<init>(103)) - 57e4e4f3-95e6-4ba3-b7c4-7652bb100830@group-3CC11B5AB53E: ConfigurationManager, init=-1: [2eae8a0c-14f7-4974-be0f-a72b7694e262:192.168.164.208:33269, b0735163-16b4-4eff-936d-5712c77b458f:192.168.164.208:33769, 57e4e4f3-95e6-4ba3-b7c4-7652bb100830:192.168.164.208:33520], old=null, confs=<EMPTY_MAP>
2019-11-13 20:20:24,571 [pool-529-thread-1] INFO  impl.RaftServerImpl (RaftServerImpl.java:<init>(98)) - b0735163-16b4-4eff-936d-5712c77b458f: new RaftServerImpl for group-3CC11B5AB53E:[2eae8a0c-14f7-4974-be0f-a72b7694e262:192.168.164.208:33269, b0735163-16b4-4eff-936d-5712c77b458f:192.168.164.208:33769, 57e4e4f3-95e6-4ba3-b7c4-7652bb100830:192.168.164.208:33520] with ContainerStateMachine:uninitialized
2019-11-13 20:20:24,571 [pool-509-thread-1] INFO  server.RaftServerConfigKeys (ConfUtils.java:logGet(43)) - raft.server.storage.dir = [/workdir/hadoop-ozone/integration-test/target/test-dir/MiniOzoneClusterImpl-252be716-c998-406a-83e5-534d363f62a9/datanode-0/data/ratis] (custom)
2019-11-13 20:20:24,571 [pool-519-thread-1] INFO  server.RaftServerConfigKeys (ConfUtils.java:logGet(43)) - raft.server.rpcslowness.timeout = 120s (custom)
2019-11-13 20:20:24,571 [pool-529-thread-1] INFO  server.RaftServerConfigKeys (ConfUtils.java:logGet(43)) - raft.server.rpc.timeout.min = 1s (custom)
2019-11-13 20:20:24,571 [pool-509-thread-1] INFO  server.RaftServerConfigKeys (ConfUtils.java:logGet(43)) - raft.server.log.corruption.policy = EXCEPTION (default)
2019-11-13 20:20:24,571 [pool-519-thread-1] INFO  server.RaftServerConfigKeys (ConfUtils.java:logGet(43)) - raft.server.sleep.deviation.threshold = 300 (default)
2019-11-13 20:20:24,571 [pool-519-thread-1] INFO  server.RaftServerConfigKeys (ConfUtils.java:logGet(43)) - raft.server.log.appender.install.snapshot.enabled = false (custom)
2019-11-13 20:20:24,571 [pool-529-thread-1] INFO  server.RaftServerConfigKeys (ConfUtils.java:logGet(43)) - raft.server.rpc.timeout.max = 1200ms (custom)
2019-11-13 20:20:24,571 [pool-519-thread-1] INFO  impl.RaftServerImpl (ServerState.java:<init>(103)) - 2eae8a0c-14f7-4974-be0f-a72b7694e262@group-3CC11B5AB53E: ConfigurationManager, init=-1: [2eae8a0c-14f7-4974-be0f-a72b7694e262:192.168.164.208:33269, b0735163-16b4-4eff-936d-5712c77b458f:192.168.164.208:33769, 57e4e4f3-95e6-4ba3-b7c4-7652bb100830:192.168.164.208:33520], old=null, confs=<EMPTY_MAP>
2019-11-13 20:20:24,571 [pool-509-thread-1] INFO  storage.RaftStorageDirectory (RaftStorageDirectory.java:analyzeStorage(246)) - The storage directory /workdir/hadoop-ozone/integration-test/target/test-dir/MiniOzoneClusterImpl-252be716-c998-406a-83e5-534d363f62a9/datanode-0/data/ratis/81adcf28-4a82-4d96-8bae-3cc11b5ab53e does not exist. Creating ...
2019-11-13 20:20:24,572 [pool-519-thread-1] INFO  server.RaftServerConfigKeys (ConfUtils.java:logGet(43)) - raft.server.storage.dir = [/workdir/hadoop-ozone/integration-test/target/test-dir/MiniOzoneClusterImpl-252be716-c998-406a-83e5-534d363f62a9/datanode-1/data/ratis] (custom)
2019-11-13 20:20:24,572 [pool-529-thread-1] INFO  server.RaftServerConfigKeys (ConfUtils.java:logGet(43)) - raft.server.rpcslowness.timeout = 120s (custom)
2019-11-13 20:20:24,572 [pool-529-thread-1] INFO  server.RaftServerConfigKeys (ConfUtils.java:logGet(43)) - raft.server.sleep.deviation.threshold = 300 (default)
2019-11-13 20:20:24,572 [pool-519-thread-1] INFO  server.RaftServerConfigKeys (ConfUtils.java:logGet(43)) - raft.server.log.corruption.policy = EXCEPTION (default)
2019-11-13 20:20:24,572 [pool-529-thread-1] INFO  server.RaftServerConfigKeys (ConfUtils.java:logGet(43)) - raft.server.log.appender.install.snapshot.enabled = false (custom)
2019-11-13 20:20:24,572 [pool-519-thread-1] INFO  storage.RaftStorageDirectory (RaftStorageDirectory.java:analyzeStorage(246)) - The storage directory /workdir/hadoop-ozone/integration-test/target/test-dir/MiniOzoneClusterImpl-252be716-c998-406a-83e5-534d363f62a9/datanode-1/data/ratis/81adcf28-4a82-4d96-8bae-3cc11b5ab53e does not exist. Creating ...
2019-11-13 20:20:24,572 [pool-529-thread-1] INFO  impl.RaftServerImpl (ServerState.java:<init>(103)) - b0735163-16b4-4eff-936d-5712c77b458f@group-3CC11B5AB53E: ConfigurationManager, init=-1: [2eae8a0c-14f7-4974-be0f-a72b7694e262:192.168.164.208:33269, b0735163-16b4-4eff-936d-5712c77b458f:192.168.164.208:33769, 57e4e4f3-95e6-4ba3-b7c4-7652bb100830:192.168.164.208:33520], old=null, confs=<EMPTY_MAP>
2019-11-13 20:20:24,572 [pool-529-thread-1] INFO  server.RaftServerConfigKeys (ConfUtils.java:logGet(43)) - raft.server.storage.dir = [/workdir/hadoop-ozone/integration-test/target/test-dir/MiniOzoneClusterImpl-252be716-c998-406a-83e5-534d363f62a9/datanode-2/data/ratis] (custom)
2019-11-13 20:20:24,572 [pool-529-thread-1] INFO  server.RaftServerConfigKeys (ConfUtils.java:logGet(43)) - raft.server.log.corruption.policy = EXCEPTION (default)
2019-11-13 20:20:24,572 [pool-529-thread-1] INFO  storage.RaftStorageDirectory (RaftStorageDirectory.java:analyzeStorage(246)) - The storage directory /workdir/hadoop-ozone/integration-test/target/test-dir/MiniOzoneClusterImpl-252be716-c998-406a-83e5-534d363f62a9/datanode-2/data/ratis/81adcf28-4a82-4d96-8bae-3cc11b5ab53e does not exist. Creating ...
2019-11-13 20:20:24,585 [pool-529-thread-1] INFO  storage.RaftStorageDirectory (RaftStorageDirectory.java:tryLock(328)) - Lock on /workdir/hadoop-ozone/integration-test/target/test-dir/MiniOzoneClusterImpl-252be716-c998-406a-83e5-534d363f62a9/datanode-2/data/ratis/81adcf28-4a82-4d96-8bae-3cc11b5ab53e/in_use.lock acquired by nodename 4344@pr-hdds-2375-t422d-1049308724
2019-11-13 20:20:24,585 [pool-509-thread-1] INFO  storage.RaftStorageDirectory (RaftStorageDirectory.java:tryLock(328)) - Lock on /workdir/hadoop-ozone/integration-test/target/test-dir/MiniOzoneClusterImpl-252be716-c998-406a-83e5-534d363f62a9/datanode-0/data/ratis/81adcf28-4a82-4d96-8bae-3cc11b5ab53e/in_use.lock acquired by nodename 4344@pr-hdds-2375-t422d-1049308724
2019-11-13 20:20:24,585 [pool-519-thread-1] INFO  storage.RaftStorageDirectory (RaftStorageDirectory.java:tryLock(328)) - Lock on /workdir/hadoop-ozone/integration-test/target/test-dir/MiniOzoneClusterImpl-252be716-c998-406a-83e5-534d363f62a9/datanode-1/data/ratis/81adcf28-4a82-4d96-8bae-3cc11b5ab53e/in_use.lock acquired by nodename 4344@pr-hdds-2375-t422d-1049308724
2019-11-13 20:20:24,596 [2eae8a0c-14f7-4974-be0f-a72b7694e262@group-9E9C1A8714A0-SegmentedRaftLogWorker] INFO  segmented.SegmentedRaftLogWorker (SegmentedRaftLogWorker.java:execute(576)) - 2eae8a0c-14f7-4974-be0f-a72b7694e262@group-9E9C1A8714A0-SegmentedRaftLogWorker: created new log segment /workdir/hadoop-ozone/integration-test/target/test-dir/MiniOzoneClusterImpl-252be716-c998-406a-83e5-534d363f62a9/datanode-1/data/ratis/768ac956-7548-4e46-bc9f-9e9c1a8714a0/current/log_inprogress_0
2019-11-13 20:20:24,596 [pool-509-thread-1] INFO  storage.RaftStorage (RaftStorage.java:format(84)) - Storage directory /workdir/hadoop-ozone/integration-test/target/test-dir/MiniOzoneClusterImpl-252be716-c998-406a-83e5-534d363f62a9/datanode-0/data/ratis/81adcf28-4a82-4d96-8bae-3cc11b5ab53e has been successfully formatted.
2019-11-13 20:20:24,596 [pool-529-thread-1] INFO  storage.RaftStorage (RaftStorage.java:format(84)) - Storage directory /workdir/hadoop-ozone/integration-test/target/test-dir/MiniOzoneClusterImpl-252be716-c998-406a-83e5-534d363f62a9/datanode-2/data/ratis/81adcf28-4a82-4d96-8bae-3cc11b5ab53e has been successfully formatted.
2019-11-13 20:20:24,596 [pool-519-thread-1] INFO  storage.RaftStorage (RaftStorage.java:format(84)) - Storage directory /workdir/hadoop-ozone/integration-test/target/test-dir/MiniOzoneClusterImpl-252be716-c998-406a-83e5-534d363f62a9/datanode-1/data/ratis/81adcf28-4a82-4d96-8bae-3cc11b5ab53e has been successfully formatted.
2019-11-13 20:20:24,596 [pool-509-thread-1] INFO  ratis.ContainerStateMachine (ContainerStateMachine.java:loadSnapshot(223)) - group-3CC11B5AB53E: The snapshot info is null. Setting the last applied indexto:(t:0, i:~)
2019-11-13 20:20:24,596 [pool-519-thread-1] INFO  ratis.ContainerStateMachine (ContainerStateMachine.java:loadSnapshot(223)) - group-3CC11B5AB53E: The snapshot info is null. Setting the last applied indexto:(t:0, i:~)
2019-11-13 20:20:24,596 [pool-509-thread-1] INFO  server.RaftServerConfigKeys (ConfUtils.java:logGet(43)) - raft.server.notification.no-leader.timeout = 120s (custom)
2019-11-13 20:20:24,596 [pool-529-thread-1] INFO  ratis.ContainerStateMachine (ContainerStateMachine.java:loadSnapshot(223)) - group-3CC11B5AB53E: The snapshot info is null. Setting the last applied indexto:(t:0, i:~)
2019-11-13 20:20:24,596 [pool-509-thread-1] INFO  server.RaftServerConfigKeys (ConfUtils.java:logGet(43)) - raft.server.log.use.memory = false (default)
2019-11-13 20:20:24,596 [pool-519-thread-1] INFO  server.RaftServerConfigKeys (ConfUtils.java:logGet(43)) - raft.server.notification.no-leader.timeout = 120s (custom)
2019-11-13 20:20:24,597 [pool-509-thread-1] INFO  server.RaftServerConfigKeys (ConfUtils.java:logGet(43)) - raft.server.log.purge.gap = 1000000 (custom)
2019-11-13 20:20:24,597 [pool-529-thread-1] INFO  server.RaftServerConfigKeys (ConfUtils.java:logGet(43)) - raft.server.notification.no-leader.timeout = 120s (custom)
2019-11-13 20:20:24,597 [pool-509-thread-1] INFO  server.RaftServerConfigKeys (ConfUtils.java:logGet(43)) - raft.server.log.appender.buffer.byte-limit = 33554432 (custom)
2019-11-13 20:20:24,597 [pool-519-thread-1] INFO  server.RaftServerConfigKeys (ConfUtils.java:logGet(43)) - raft.server.log.use.memory = false (default)
2019-11-13 20:20:24,597 [pool-509-thread-1] INFO  server.RaftServerConfigKeys (ConfUtils.java:logGet(43)) - raft.server.log.segment.size.max = 1048576 (custom)
2019-11-13 20:20:24,597 [pool-529-thread-1] INFO  server.RaftServerConfigKeys (ConfUtils.java:logGet(43)) - raft.server.log.use.memory = false (default)
2019-11-13 20:20:24,597 [pool-509-thread-1] INFO  server.RaftServerConfigKeys (ConfUtils.java:logGet(43)) - raft.server.log.segment.cache.num.max = 2 (custom)
2019-11-13 20:20:24,597 [pool-519-thread-1] INFO  server.RaftServerConfigKeys (ConfUtils.java:logGet(43)) - raft.server.log.purge.gap = 1000000 (custom)
2019-11-13 20:20:24,597 [pool-509-thread-1] INFO  segmented.SegmentedRaftLogWorker (SegmentedRaftLogWorker.java:<init>(173)) - new 57e4e4f3-95e6-4ba3-b7c4-7652bb100830@group-3CC11B5AB53E-SegmentedRaftLogWorker for RaftStorage:Storage Directory /workdir/hadoop-ozone/integration-test/target/test-dir/MiniOzoneClusterImpl-252be716-c998-406a-83e5-534d363f62a9/datanode-0/data/ratis/81adcf28-4a82-4d96-8bae-3cc11b5ab53e
2019-11-13 20:20:24,597 [pool-529-thread-1] INFO  server.RaftServerConfigKeys (ConfUtils.java:logGet(43)) - raft.server.log.purge.gap = 1000000 (custom)
2019-11-13 20:20:24,598 [pool-509-thread-1] INFO  server.RaftServerConfigKeys (ConfUtils.java:logGet(43)) - raft.server.log.queue.byte-limit = 2147483647 (custom)
2019-11-13 20:20:24,597 [pool-519-thread-1] INFO  server.RaftServerConfigKeys (ConfUtils.java:logGet(43)) - raft.server.log.appender.buffer.byte-limit = 33554432 (custom)
2019-11-13 20:20:24,598 [pool-509-thread-1] INFO  server.RaftServerConfigKeys (ConfUtils.java:logGet(43)) - raft.server.log.queue.element-limit = 1024 (custom)
2019-11-13 20:20:24,598 [pool-529-thread-1] INFO  server.RaftServerConfigKeys (ConfUtils.java:logGet(43)) - raft.server.log.appender.buffer.byte-limit = 33554432 (custom)
2019-11-13 20:20:24,598 [pool-509-thread-1] INFO  server.RaftServerConfigKeys (ConfUtils.java:logGet(43)) - raft.server.log.segment.size.max = 1048576 (custom)
2019-11-13 20:20:24,598 [pool-519-thread-1] INFO  server.RaftServerConfigKeys (ConfUtils.java:logGet(43)) - raft.server.log.segment.size.max = 1048576 (custom)
2019-11-13 20:20:24,598 [pool-509-thread-1] INFO  server.RaftServerConfigKeys (ConfUtils.java:logGet(43)) - raft.server.log.preallocated.size = 16384 (custom)
2019-11-13 20:20:24,598 [pool-529-thread-1] INFO  server.RaftServerConfigKeys (ConfUtils.java:logGet(43)) - raft.server.log.segment.size.max = 1048576 (custom)
2019-11-13 20:20:24,598 [pool-509-thread-1] INFO  server.RaftServerConfigKeys (ConfUtils.java:logGet(43)) - raft.server.log.write.buffer.size = 33554432 (custom)
2019-11-13 20:20:24,598 [pool-519-thread-1] INFO  server.RaftServerConfigKeys (ConfUtils.java:logGet(43)) - raft.server.log.segment.cache.num.max = 2 (custom)
2019-11-13 20:20:24,598 [pool-509-thread-1] INFO  server.RaftServerConfigKeys (ConfUtils.java:logGet(43)) - raft.server.log.force.sync.num = 128 (default)
2019-11-13 20:20:24,598 [pool-529-thread-1] INFO  server.RaftServerConfigKeys (ConfUtils.java:logGet(43)) - raft.server.log.segment.cache.num.max = 2 (custom)
2019-11-13 20:20:24,598 [pool-509-thread-1] INFO  server.RaftServerConfigKeys (ConfUtils.java:logGet(43)) - raft.server.log.statemachine.data.sync = true (default)
2019-11-13 20:20:24,598 [pool-519-thread-1] INFO  segmented.SegmentedRaftLogWorker (SegmentedRaftLogWorker.java:<init>(173)) - new 2eae8a0c-14f7-4974-be0f-a72b7694e262@group-3CC11B5AB53E-SegmentedRaftLogWorker for RaftStorage:Storage Directory /workdir/hadoop-ozone/integration-test/target/test-dir/MiniOzoneClusterImpl-252be716-c998-406a-83e5-534d363f62a9/datanode-1/data/ratis/81adcf28-4a82-4d96-8bae-3cc11b5ab53e
2019-11-13 20:20:24,599 [pool-509-thread-1] INFO  server.RaftServerConfigKeys (ConfUtils.java:logGet(43)) - raft.server.log.statemachine.data.sync.timeout = 10s (default)
2019-11-13 20:20:24,599 [pool-529-thread-1] INFO  segmented.SegmentedRaftLogWorker (SegmentedRaftLogWorker.java:<init>(173)) - new b0735163-16b4-4eff-936d-5712c77b458f@group-3CC11B5AB53E-SegmentedRaftLogWorker for RaftStorage:Storage Directory /workdir/hadoop-ozone/integration-test/target/test-dir/MiniOzoneClusterImpl-252be716-c998-406a-83e5-534d363f62a9/datanode-2/data/ratis/81adcf28-4a82-4d96-8bae-3cc11b5ab53e
2019-11-13 20:20:24,599 [pool-509-thread-1] INFO  server.RaftServerConfigKeys (ConfUtils.java:logGet(43)) - raft.server.log.statemachine.data.sync.timeout.retry = -1 (default)
2019-11-13 20:20:24,599 [pool-519-thread-1] INFO  server.RaftServerConfigKeys (ConfUtils.java:logGet(43)) - raft.server.log.queue.byte-limit = 2147483647 (custom)
2019-11-13 20:20:24,599 [pool-509-thread-1] INFO  server.RaftServerConfigKeys (ConfUtils.java:logGet(43)) - raft.server.log.statemachine.data.caching.enabled = true (custom)
2019-11-13 20:20:24,599 [pool-529-thread-1] INFO  server.RaftServerConfigKeys (ConfUtils.java:logGet(43)) - raft.server.log.queue.byte-limit = 2147483647 (custom)
2019-11-13 20:20:24,599 [pool-519-thread-1] INFO  server.RaftServerConfigKeys (ConfUtils.java:logGet(43)) - raft.server.log.queue.element-limit = 1024 (custom)
2019-11-13 20:20:24,599 [pool-509-thread-1] INFO  segmented.SegmentedRaftLogWorker (SegmentedRaftLogWorker.java:lambda$new$0(128)) - 57e4e4f3-95e6-4ba3-b7c4-7652bb100830@group-3CC11B5AB53E-SegmentedRaftLogWorker: flushIndex: setUnconditionally 0 -> -1
2019-11-13 20:20:24,599 [pool-529-thread-1] INFO  server.RaftServerConfigKeys (ConfUtils.java:logGet(43)) - raft.server.log.queue.element-limit = 1024 (custom)
2019-11-13 20:20:24,599 [pool-519-thread-1] INFO  server.RaftServerConfigKeys (ConfUtils.java:logGet(43)) - raft.server.log.segment.size.max = 1048576 (custom)
2019-11-13 20:20:24,599 [pool-509-thread-1] INFO  server.RaftServerConfigKeys (ConfUtils.java:logGet(43)) - raft.server.snapshot.auto.trigger.enabled = true (custom)
2019-11-13 20:20:24,599 [pool-529-thread-1] INFO  server.RaftServerConfigKeys (ConfUtils.java:logGet(43)) - raft.server.log.segment.size.max = 1048576 (custom)
2019-11-13 20:20:24,600 [pool-509-thread-1] INFO  server.RaftServerConfigKeys (ConfUtils.java:logGet(43)) - raft.server.snapshot.auto.trigger.threshold = 10000 (custom)
2019-11-13 20:20:24,600 [pool-519-thread-1] INFO  server.RaftServerConfigKeys (ConfUtils.java:logGet(43)) - raft.server.log.preallocated.size = 16384 (custom)
2019-11-13 20:20:24,600 [pool-509-thread-1] INFO  server.RaftServerConfigKeys (ConfUtils.java:logGet(43)) - raft.server.snapshot.retention.file.num = 5 (custom)
2019-11-13 20:20:24,600 [pool-529-thread-1] INFO  server.RaftServerConfigKeys (ConfUtils.java:logGet(43)) - raft.server.log.preallocated.size = 16384 (custom)
2019-11-13 20:20:24,600 [pool-509-thread-1] INFO  server.RaftServerConfigKeys (ConfUtils.java:logGet(43)) - raft.server.retrycache.expirytime = 600000ms (custom)
2019-11-13 20:20:24,600 [pool-519-thread-1] INFO  server.RaftServerConfigKeys (ConfUtils.java:logGet(43)) - raft.server.log.write.buffer.size = 33554432 (custom)
2019-11-13 20:20:24,600 [pool-509-thread-1] WARN  impl.MetricRegistriesImpl (MetricRegistriesImpl.java:lambda$create$1(61)) - First MetricRegistry has been created without registering reporters. You may need to call MetricRegistries.global().addReportRegistration(...) before.
2019-11-13 20:20:24,600 [pool-529-thread-1] INFO  server.RaftServerConfigKeys (ConfUtils.java:logGet(43)) - raft.server.log.write.buffer.size = 33554432 (custom)
2019-11-13 20:20:24,600 [pool-509-thread-1] WARN  impl.MetricRegistriesImpl (MetricRegistriesImpl.java:lambda$create$1(61)) - First MetricRegistry has been created without registering reporters. You may need to call MetricRegistries.global().addReportRegistration(...) before.
2019-11-13 20:20:24,600 [pool-519-thread-1] INFO  server.RaftServerConfigKeys (ConfUtils.java:logGet(43)) - raft.server.log.force.sync.num = 128 (default)
2019-11-13 20:20:24,601 [pool-509-thread-1] INFO  impl.RaftServerImpl (RaftServerImpl.java:start(184)) - 57e4e4f3-95e6-4ba3-b7c4-7652bb100830@group-3CC11B5AB53E: start as a follower, conf=-1: [2eae8a0c-14f7-4974-be0f-a72b7694e262:192.168.164.208:33269, b0735163-16b4-4eff-936d-5712c77b458f:192.168.164.208:33769, 57e4e4f3-95e6-4ba3-b7c4-7652bb100830:192.168.164.208:33520], old=null
2019-11-13 20:20:24,600 [pool-529-thread-1] INFO  server.RaftServerConfigKeys (ConfUtils.java:logGet(43)) - raft.server.log.force.sync.num = 128 (default)
2019-11-13 20:20:24,601 [pool-509-thread-1] INFO  impl.RaftServerImpl (RaftServerImpl.java:setRole(173)) - 57e4e4f3-95e6-4ba3-b7c4-7652bb100830@group-3CC11B5AB53E: changes role from      null to FOLLOWER at term 0 for startAsFollower
2019-11-13 20:20:24,601 [pool-519-thread-1] INFO  server.RaftServerConfigKeys (ConfUtils.java:logGet(43)) - raft.server.log.statemachine.data.sync = true (default)
2019-11-13 20:20:24,601 [pool-509-thread-1] INFO  impl.RoleInfo (RoleInfo.java:updateAndGet(143)) - 57e4e4f3-95e6-4ba3-b7c4-7652bb100830: start FollowerState
2019-11-13 20:20:24,601 [pool-529-thread-1] INFO  server.RaftServerConfigKeys (ConfUtils.java:logGet(43)) - raft.server.log.statemachine.data.sync = true (default)
2019-11-13 20:20:24,601 [pool-519-thread-1] INFO  server.RaftServerConfigKeys (ConfUtils.java:logGet(43)) - raft.server.log.statemachine.data.sync.timeout = 10s (default)
2019-11-13 20:20:24,601 [pool-529-thread-1] INFO  server.RaftServerConfigKeys (ConfUtils.java:logGet(43)) - raft.server.log.statemachine.data.sync.timeout = 10s (default)
2019-11-13 20:20:24,601 [pool-509-thread-1] INFO  util.JmxRegister (JmxRegister.java:tryRegister(44)) - Successfully registered JMX Bean with object name Ratis:service=RaftServer,group=group-3CC11B5AB53E,id=57e4e4f3-95e6-4ba3-b7c4-7652bb100830
2019-11-13 20:20:24,601 [pool-519-thread-1] INFO  server.RaftServerConfigKeys (ConfUtils.java:logGet(43)) - raft.server.log.statemachine.data.sync.timeout.retry = -1 (default)
2019-11-13 20:20:24,601 [pool-509-thread-1] WARN  impl.MetricRegistriesImpl (MetricRegistriesImpl.java:lambda$create$1(61)) - First MetricRegistry has been created without registering reporters. You may need to call MetricRegistries.global().addReportRegistration(...) before.
2019-11-13 20:20:24,601 [pool-529-thread-1] INFO  server.RaftServerConfigKeys (ConfUtils.java:logGet(43)) - raft.server.log.statemachine.data.sync.timeout.retry = -1 (default)
2019-11-13 20:20:24,602 [pool-519-thread-1] INFO  server.RaftServerConfigKeys (ConfUtils.java:logGet(43)) - raft.server.log.statemachine.data.caching.enabled = true (custom)
2019-11-13 20:20:24,602 [pool-529-thread-1] INFO  server.RaftServerConfigKeys (ConfUtils.java:logGet(43)) - raft.server.log.statemachine.data.caching.enabled = true (custom)
2019-11-13 20:20:24,602 [pool-519-thread-1] INFO  segmented.SegmentedRaftLogWorker (SegmentedRaftLogWorker.java:lambda$new$0(128)) - 2eae8a0c-14f7-4974-be0f-a72b7694e262@group-3CC11B5AB53E-SegmentedRaftLogWorker: flushIndex: setUnconditionally 0 -> -1
2019-11-13 20:20:24,602 [pool-529-thread-1] INFO  segmented.SegmentedRaftLogWorker (SegmentedRaftLogWorker.java:lambda$new$0(128)) - b0735163-16b4-4eff-936d-5712c77b458f@group-3CC11B5AB53E-SegmentedRaftLogWorker: flushIndex: setUnconditionally 0 -> -1
2019-11-13 20:20:24,602 [pool-519-thread-1] INFO  server.RaftServerConfigKeys (ConfUtils.java:logGet(43)) - raft.server.snapshot.auto.trigger.enabled = true (custom)
2019-11-13 20:20:24,602 [pool-519-thread-1] INFO  server.RaftServerConfigKeys (ConfUtils.java:logGet(43)) - raft.server.snapshot.auto.trigger.threshold = 10000 (custom)
2019-11-13 20:20:24,602 [pool-529-thread-1] INFO  server.RaftServerConfigKeys (ConfUtils.java:logGet(43)) - raft.server.snapshot.auto.trigger.enabled = true (custom)
2019-11-13 20:20:24,602 [pool-519-thread-1] INFO  server.RaftServerConfigKeys (ConfUtils.java:logGet(43)) - raft.server.snapshot.retention.file.num = 5 (custom)
2019-11-13 20:20:24,602 [pool-529-thread-1] INFO  server.RaftServerConfigKeys (ConfUtils.java:logGet(43)) - raft.server.snapshot.auto.trigger.threshold = 10000 (custom)
2019-11-13 20:20:24,602 [pool-519-thread-1] INFO  server.RaftServerConfigKeys (ConfUtils.java:logGet(43)) - raft.server.retrycache.expirytime = 600000ms (custom)
2019-11-13 20:20:24,602 [pool-529-thread-1] INFO  server.RaftServerConfigKeys (ConfUtils.java:logGet(43)) - raft.server.snapshot.retention.file.num = 5 (custom)
2019-11-13 20:20:24,603 [pool-519-thread-1] WARN  impl.MetricRegistriesImpl (MetricRegistriesImpl.java:lambda$create$1(61)) - First MetricRegistry has been created without registering reporters. You may need to call MetricRegistries.global().addReportRegistration(...) before.
2019-11-13 20:20:24,603 [pool-529-thread-1] INFO  server.RaftServerConfigKeys (ConfUtils.java:logGet(43)) - raft.server.retrycache.expirytime = 600000ms (custom)
2019-11-13 20:20:24,603 [pool-519-thread-1] WARN  impl.MetricRegistriesImpl (MetricRegistriesImpl.java:lambda$create$1(61)) - First MetricRegistry has been created without registering reporters. You may need to call MetricRegistries.global().addReportRegistration(...) before.
2019-11-13 20:20:24,603 [pool-529-thread-1] WARN  impl.MetricRegistriesImpl (MetricRegistriesImpl.java:lambda$create$1(61)) - First MetricRegistry has been created without registering reporters. You may need to call MetricRegistries.global().addReportRegistration(...) before.
2019-11-13 20:20:24,603 [pool-519-thread-1] INFO  impl.RaftServerImpl (RaftServerImpl.java:start(184)) - 2eae8a0c-14f7-4974-be0f-a72b7694e262@group-3CC11B5AB53E: start as a follower, conf=-1: [2eae8a0c-14f7-4974-be0f-a72b7694e262:192.168.164.208:33269, b0735163-16b4-4eff-936d-5712c77b458f:192.168.164.208:33769, 57e4e4f3-95e6-4ba3-b7c4-7652bb100830:192.168.164.208:33520], old=null
2019-11-13 20:20:24,603 [pool-529-thread-1] WARN  impl.MetricRegistriesImpl (MetricRegistriesImpl.java:lambda$create$1(61)) - First MetricRegistry has been created without registering reporters. You may need to call MetricRegistries.global().addReportRegistration(...) before.
2019-11-13 20:20:24,603 [pool-519-thread-1] INFO  impl.RaftServerImpl (RaftServerImpl.java:setRole(173)) - 2eae8a0c-14f7-4974-be0f-a72b7694e262@group-3CC11B5AB53E: changes role from      null to FOLLOWER at term 0 for startAsFollower
2019-11-13 20:20:24,603 [pool-529-thread-1] INFO  impl.RaftServerImpl (RaftServerImpl.java:start(184)) - b0735163-16b4-4eff-936d-5712c77b458f@group-3CC11B5AB53E: start as a follower, conf=-1: [2eae8a0c-14f7-4974-be0f-a72b7694e262:192.168.164.208:33269, b0735163-16b4-4eff-936d-5712c77b458f:192.168.164.208:33769, 57e4e4f3-95e6-4ba3-b7c4-7652bb100830:192.168.164.208:33520], old=null
2019-11-13 20:20:24,603 [pool-519-thread-1] INFO  impl.RoleInfo (RoleInfo.java:updateAndGet(143)) - 2eae8a0c-14f7-4974-be0f-a72b7694e262: start FollowerState
2019-11-13 20:20:24,603 [pool-529-thread-1] INFO  impl.RaftServerImpl (RaftServerImpl.java:setRole(173)) - b0735163-16b4-4eff-936d-5712c77b458f@group-3CC11B5AB53E: changes role from      null to FOLLOWER at term 0 for startAsFollower
2019-11-13 20:20:24,603 [pool-529-thread-1] INFO  impl.RoleInfo (RoleInfo.java:updateAndGet(143)) - b0735163-16b4-4eff-936d-5712c77b458f: start FollowerState
2019-11-13 20:20:24,604 [pool-519-thread-1] INFO  util.JmxRegister (JmxRegister.java:tryRegister(44)) - Successfully registered JMX Bean with object name Ratis:service=RaftServer,group=group-3CC11B5AB53E,id=2eae8a0c-14f7-4974-be0f-a72b7694e262
2019-11-13 20:20:24,604 [pool-519-thread-1] WARN  impl.MetricRegistriesImpl (MetricRegistriesImpl.java:lambda$create$1(61)) - First MetricRegistry has been created without registering reporters. You may need to call MetricRegistries.global().addReportRegistration(...) before.
2019-11-13 20:20:24,604 [pool-529-thread-1] INFO  util.JmxRegister (JmxRegister.java:tryRegister(44)) - Successfully registered JMX Bean with object name Ratis:service=RaftServer,group=group-3CC11B5AB53E,id=b0735163-16b4-4eff-936d-5712c77b458f
2019-11-13 20:20:24,604 [pool-529-thread-1] WARN  impl.MetricRegistriesImpl (MetricRegistriesImpl.java:lambda$create$1(61)) - First MetricRegistry has been created without registering reporters. You may need to call MetricRegistries.global().addReportRegistration(...) before.
2019-11-13 20:20:24,605 [RatisPipelineUtilsThread] INFO  pipeline.PipelineStateManager (PipelineStateManager.java:addPipeline(55)) - Created pipeline Pipeline[ Id: 81adcf28-4a82-4d96-8bae-3cc11b5ab53e, Nodes: b0735163-16b4-4eff-936d-5712c77b458f{ip: 192.168.164.208, host: pr-hdds-2375-t422d-1049308724, networkLocation: /rack1, certSerialId: null}2eae8a0c-14f7-4974-be0f-a72b7694e262{ip: 192.168.164.208, host: pr-hdds-2375-t422d-1049308724, networkLocation: /rack1, certSerialId: null}57e4e4f3-95e6-4ba3-b7c4-7652bb100830{ip: 192.168.164.208, host: pr-hdds-2375-t422d-1049308724, networkLocation: /rack1, certSerialId: null}, Type:RATIS, Factor:THREE, State:ALLOCATED]
2019-11-13 20:20:24,605 [Thread-4131] INFO  pipeline.PipelineStateManager (PipelineStateManager.java:finalizePipeline(121)) - Pipeline Pipeline[ Id: aa19db5c-ebb5-4c0c-a81b-b9c54e1e8808, Nodes: 4ccef42d-128e-4eed-9e45-8d297f7adfc0{ip: 192.168.164.208, host: pr-hdds-2375-t422d-1049308724, networkLocation: /rack1, certSerialId: null}, Type:RATIS, Factor:ONE, State:CLOSED] moved to CLOSED state
2019-11-13 20:20:24,606 [EventQueue-PipelineReportForPipelineReportHandler] INFO  pipeline.PipelineStateManager (PipelineStateManager.java:openPipeline(134)) - Pipeline Pipeline[ Id: 768ac956-7548-4e46-bc9f-9e9c1a8714a0, Nodes: 2eae8a0c-14f7-4974-be0f-a72b7694e262{ip: 192.168.164.208, host: pr-hdds-2375-t422d-1049308724, networkLocation: /rack1, certSerialId: null}, Type:RATIS, Factor:ONE, State:OPEN] moved to OPEN state
2019-11-13 20:20:24,607 [grpc-default-executor-6] INFO  impl.RaftServerProxy (RaftServerProxy.java:remove(95)) - 4ccef42d-128e-4eed-9e45-8d297f7adfc0: remove    LEADER 4ccef42d-128e-4eed-9e45-8d297f7adfc0@group-B9C54E1E8808:t1, leader=4ccef42d-128e-4eed-9e45-8d297f7adfc0, voted=4ccef42d-128e-4eed-9e45-8d297f7adfc0, raftlog=4ccef42d-128e-4eed-9e45-8d297f7adfc0@group-B9C54E1E8808-SegmentedRaftLog:OPENED:c0,f0,i0, conf=0: [4ccef42d-128e-4eed-9e45-8d297f7adfc0:192.168.164.208:42894], old=null RUNNING
2019-11-13 20:20:24,608 [grpc-default-executor-6] INFO  impl.RaftServerImpl (RaftServerImpl.java:lambda$shutdown$3(250)) - 4ccef42d-128e-4eed-9e45-8d297f7adfc0@group-B9C54E1E8808: shutdown
2019-11-13 20:20:24,608 [grpc-default-executor-6] INFO  util.JmxRegister (JmxRegister.java:unregister(73)) - Successfully un-registered JMX Bean with object name Ratis:service=RaftServer,group=group-B9C54E1E8808,id=4ccef42d-128e-4eed-9e45-8d297f7adfc0
2019-11-13 20:20:24,608 [grpc-default-executor-6] INFO  impl.RoleInfo (RoleInfo.java:shutdownLeaderState(104)) - 4ccef42d-128e-4eed-9e45-8d297f7adfc0: shutdown LeaderState
2019-11-13 20:20:24,608 [grpc-default-executor-6] INFO  impl.PendingRequests (PendingRequests.java:sendNotLeaderResponses(206)) - 4ccef42d-128e-4eed-9e45-8d297f7adfc0@group-B9C54E1E8808-PendingRequests: sendNotLeaderResponses
2019-11-13 20:20:24,608 [grpc-default-executor-6] INFO  impl.StateMachineUpdater (StateMachineUpdater.java:stopAndJoin(136)) - 4ccef42d-128e-4eed-9e45-8d297f7adfc0@group-B9C54E1E8808-StateMachineUpdater: set stopIndex = 0
2019-11-13 20:20:24,608 [grpc-default-executor-6] INFO  impl.RaftServerImpl (ServerState.java:close(387)) - 4ccef42d-128e-4eed-9e45-8d297f7adfc0@group-B9C54E1E8808: closes. applyIndex: 0
2019-11-13 20:20:24,609 [4ccef42d-128e-4eed-9e45-8d297f7adfc0@group-B9C54E1E8808-SegmentedRaftLogWorker] INFO  segmented.SegmentedRaftLogWorker (SegmentedRaftLogWorker.java:run(316)) - 4ccef42d-128e-4eed-9e45-8d297f7adfc0@group-B9C54E1E8808-SegmentedRaftLogWorker was interrupted, exiting. There are 0 tasks remaining in the queue.
2019-11-13 20:20:24,609 [grpc-default-executor-6] INFO  segmented.SegmentedRaftLogWorker (SegmentedRaftLogWorker.java:close(224)) - 4ccef42d-128e-4eed-9e45-8d297f7adfc0@group-B9C54E1E8808-SegmentedRaftLogWorker close()
2019-11-13 20:20:24,610 [Thread-4131] INFO  pipeline.PipelineStateManager (PipelineStateManager.java:removePipeline(106)) - Pipeline Pipeline[ Id: aa19db5c-ebb5-4c0c-a81b-b9c54e1e8808, Nodes: 4ccef42d-128e-4eed-9e45-8d297f7adfc0{ip: 192.168.164.208, host: pr-hdds-2375-t422d-1049308724, networkLocation: /rack1, certSerialId: null}, Type:RATIS, Factor:ONE, State:CLOSED] removed from db
2019-11-13 20:20:24,610 [Thread-4131] INFO  pipeline.SCMPipelineManager (SCMPipelineManager.java:finalizeAndDestroyPipeline(315)) - destroying pipeline:Pipeline[ Id: 0dc6bfed-a38b-479e-a99b-d2c89ed47824, Nodes: 7a884130-6d50-4d25-81cf-a815cb8b077e{ip: 192.168.164.208, host: pr-hdds-2375-t422d-1049308724, networkLocation: /rack1, certSerialId: null}, Type:RATIS, Factor:ONE, State:OPEN]
2019-11-13 20:20:24,623 [grpc-default-executor-6] INFO  impl.RaftServerProxy (RaftServerProxy.java:addNew(89)) - 4ccef42d-128e-4eed-9e45-8d297f7adfc0: addNew group-D4B35F2ACB63:[4ccef42d-128e-4eed-9e45-8d297f7adfc0:192.168.164.208:42894] returns group-D4B35F2ACB63:java.util.concurrent.CompletableFuture@6e4f34ef[Not completed]
2019-11-13 20:20:24,623 [pool-579-thread-1] INFO  impl.RaftServerImpl (RaftServerImpl.java:<init>(98)) - 4ccef42d-128e-4eed-9e45-8d297f7adfc0: new RaftServerImpl for group-D4B35F2ACB63:[4ccef42d-128e-4eed-9e45-8d297f7adfc0:192.168.164.208:42894] with ContainerStateMachine:uninitialized
2019-11-13 20:20:24,623 [pool-579-thread-1] INFO  server.RaftServerConfigKeys (ConfUtils.java:logGet(43)) - raft.server.rpc.timeout.min = 1s (custom)
2019-11-13 20:20:24,624 [pool-579-thread-1] INFO  server.RaftServerConfigKeys (ConfUtils.java:logGet(43)) - raft.server.rpc.timeout.max = 1200ms (custom)
2019-11-13 20:20:24,624 [pool-579-thread-1] INFO  server.RaftServerConfigKeys (ConfUtils.java:logGet(43)) - raft.server.rpcslowness.timeout = 120s (custom)
2019-11-13 20:20:24,624 [pool-579-thread-1] INFO  server.RaftServerConfigKeys (ConfUtils.java:logGet(43)) - raft.server.sleep.deviation.threshold = 300 (default)
2019-11-13 20:20:24,624 [pool-579-thread-1] INFO  server.RaftServerConfigKeys (ConfUtils.java:logGet(43)) - raft.server.log.appender.install.snapshot.enabled = false (custom)
2019-11-13 20:20:24,624 [pool-579-thread-1] INFO  impl.RaftServerImpl (ServerState.java:<init>(103)) - 4ccef42d-128e-4eed-9e45-8d297f7adfc0@group-D4B35F2ACB63: ConfigurationManager, init=-1: [4ccef42d-128e-4eed-9e45-8d297f7adfc0:192.168.164.208:42894], old=null, confs=<EMPTY_MAP>
2019-11-13 20:20:24,624 [pool-579-thread-1] INFO  server.RaftServerConfigKeys (ConfUtils.java:logGet(43)) - raft.server.storage.dir = [/workdir/hadoop-ozone/integration-test/target/test-dir/MiniOzoneClusterImpl-252be716-c998-406a-83e5-534d363f62a9/datanode-7/data/ratis] (custom)
2019-11-13 20:20:24,624 [pool-579-thread-1] INFO  server.RaftServerConfigKeys (ConfUtils.java:logGet(43)) - raft.server.log.corruption.policy = EXCEPTION (default)
2019-11-13 20:20:24,624 [pool-579-thread-1] INFO  storage.RaftStorageDirectory (RaftStorageDirectory.java:analyzeStorage(246)) - The storage directory /workdir/hadoop-ozone/integration-test/target/test-dir/MiniOzoneClusterImpl-252be716-c998-406a-83e5-534d363f62a9/datanode-7/data/ratis/5ba01f7f-b876-4425-bd73-d4b35f2acb63 does not exist. Creating ...
2019-11-13 20:20:24,647 [pool-579-thread-1] INFO  storage.RaftStorageDirectory (RaftStorageDirectory.java:tryLock(328)) - Lock on /workdir/hadoop-ozone/integration-test/target/test-dir/MiniOzoneClusterImpl-252be716-c998-406a-83e5-534d363f62a9/datanode-7/data/ratis/5ba01f7f-b876-4425-bd73-d4b35f2acb63/in_use.lock acquired by nodename 4344@pr-hdds-2375-t422d-1049308724
2019-11-13 20:20:24,661 [pool-579-thread-1] INFO  storage.RaftStorage (RaftStorage.java:format(84)) - Storage directory /workdir/hadoop-ozone/integration-test/target/test-dir/MiniOzoneClusterImpl-252be716-c998-406a-83e5-534d363f62a9/datanode-7/data/ratis/5ba01f7f-b876-4425-bd73-d4b35f2acb63 has been successfully formatted.
2019-11-13 20:20:24,662 [pool-579-thread-1] INFO  ratis.ContainerStateMachine (ContainerStateMachine.java:loadSnapshot(223)) - group-D4B35F2ACB63: The snapshot info is null. Setting the last applied indexto:(t:0, i:~)
2019-11-13 20:20:24,662 [pool-579-thread-1] INFO  server.RaftServerConfigKeys (ConfUtils.java:logGet(43)) - raft.server.notification.no-leader.timeout = 120s (custom)
2019-11-13 20:20:24,662 [pool-579-thread-1] INFO  server.RaftServerConfigKeys (ConfUtils.java:logGet(43)) - raft.server.log.use.memory = false (default)
2019-11-13 20:20:24,662 [pool-579-thread-1] INFO  server.RaftServerConfigKeys (ConfUtils.java:logGet(43)) - raft.server.log.purge.gap = 1000000 (custom)
2019-11-13 20:20:24,662 [pool-579-thread-1] INFO  server.RaftServerConfigKeys (ConfUtils.java:logGet(43)) - raft.server.log.appender.buffer.byte-limit = 33554432 (custom)
2019-11-13 20:20:24,662 [pool-579-thread-1] INFO  server.RaftServerConfigKeys (ConfUtils.java:logGet(43)) - raft.server.log.segment.size.max = 1048576 (custom)
2019-11-13 20:20:24,662 [pool-579-thread-1] INFO  server.RaftServerConfigKeys (ConfUtils.java:logGet(43)) - raft.server.log.segment.cache.num.max = 2 (custom)
2019-11-13 20:20:24,662 [pool-579-thread-1] INFO  segmented.SegmentedRaftLogWorker (SegmentedRaftLogWorker.java:<init>(173)) - new 4ccef42d-128e-4eed-9e45-8d297f7adfc0@group-D4B35F2ACB63-SegmentedRaftLogWorker for RaftStorage:Storage Directory /workdir/hadoop-ozone/integration-test/target/test-dir/MiniOzoneClusterImpl-252be716-c998-406a-83e5-534d363f62a9/datanode-7/data/ratis/5ba01f7f-b876-4425-bd73-d4b35f2acb63
2019-11-13 20:20:24,662 [pool-579-thread-1] INFO  server.RaftServerConfigKeys (ConfUtils.java:logGet(43)) - raft.server.log.queue.byte-limit = 2147483647 (custom)
2019-11-13 20:20:24,662 [pool-579-thread-1] INFO  server.RaftServerConfigKeys (ConfUtils.java:logGet(43)) - raft.server.log.queue.element-limit = 1024 (custom)
2019-11-13 20:20:24,662 [pool-579-thread-1] INFO  server.RaftServerConfigKeys (ConfUtils.java:logGet(43)) - raft.server.log.segment.size.max = 1048576 (custom)
2019-11-13 20:20:24,662 [pool-579-thread-1] INFO  server.RaftServerConfigKeys (ConfUtils.java:logGet(43)) - raft.server.log.preallocated.size = 16384 (custom)
2019-11-13 20:20:24,663 [pool-579-thread-1] INFO  server.RaftServerConfigKeys (ConfUtils.java:logGet(43)) - raft.server.log.write.buffer.size = 33554432 (custom)
2019-11-13 20:20:24,663 [pool-579-thread-1] INFO  server.RaftServerConfigKeys (ConfUtils.java:logGet(43)) - raft.server.log.force.sync.num = 128 (default)
2019-11-13 20:20:24,663 [pool-579-thread-1] INFO  server.RaftServerConfigKeys (ConfUtils.java:logGet(43)) - raft.server.log.statemachine.data.sync = true (default)
2019-11-13 20:20:24,663 [pool-579-thread-1] INFO  server.RaftServerConfigKeys (ConfUtils.java:logGet(43)) - raft.server.log.statemachine.data.sync.timeout = 10s (default)
2019-11-13 20:20:24,663 [pool-579-thread-1] INFO  server.RaftServerConfigKeys (ConfUtils.java:logGet(43)) - raft.server.log.statemachine.data.sync.timeout.retry = -1 (default)
2019-11-13 20:20:24,663 [pool-579-thread-1] INFO  server.RaftServerConfigKeys (ConfUtils.java:logGet(43)) - raft.server.log.statemachine.data.caching.enabled = true (custom)
2019-11-13 20:20:24,663 [pool-579-thread-1] INFO  segmented.SegmentedRaftLogWorker (SegmentedRaftLogWorker.java:lambda$new$0(128)) - 4ccef42d-128e-4eed-9e45-8d297f7adfc0@group-D4B35F2ACB63-SegmentedRaftLogWorker: flushIndex: setUnconditionally 0 -> -1
2019-11-13 20:20:24,663 [pool-579-thread-1] INFO  server.RaftServerConfigKeys (ConfUtils.java:logGet(43)) - raft.server.snapshot.auto.trigger.enabled = true (custom)
2019-11-13 20:20:24,663 [pool-579-thread-1] INFO  server.RaftServerConfigKeys (ConfUtils.java:logGet(43)) - raft.server.snapshot.auto.trigger.threshold = 10000 (custom)
2019-11-13 20:20:24,663 [pool-579-thread-1] INFO  server.RaftServerConfigKeys (ConfUtils.java:logGet(43)) - raft.server.snapshot.retention.file.num = 5 (custom)
2019-11-13 20:20:24,663 [pool-579-thread-1] INFO  server.RaftServerConfigKeys (ConfUtils.java:logGet(43)) - raft.server.retrycache.expirytime = 600000ms (custom)
2019-11-13 20:20:24,664 [pool-579-thread-1] WARN  impl.MetricRegistriesImpl (MetricRegistriesImpl.java:lambda$create$1(61)) - First MetricRegistry has been created without registering reporters. You may need to call MetricRegistries.global().addReportRegistration(...) before.
2019-11-13 20:20:24,664 [pool-579-thread-1] WARN  impl.MetricRegistriesImpl (MetricRegistriesImpl.java:lambda$create$1(61)) - First MetricRegistry has been created without registering reporters. You may need to call MetricRegistries.global().addReportRegistration(...) before.
2019-11-13 20:20:24,664 [pool-579-thread-1] INFO  impl.RaftServerImpl (RaftServerImpl.java:start(184)) - 4ccef42d-128e-4eed-9e45-8d297f7adfc0@group-D4B35F2ACB63: start as a follower, conf=-1: [4ccef42d-128e-4eed-9e45-8d297f7adfc0:192.168.164.208:42894], old=null
2019-11-13 20:20:24,664 [pool-579-thread-1] INFO  impl.RaftServerImpl (RaftServerImpl.java:setRole(173)) - 4ccef42d-128e-4eed-9e45-8d297f7adfc0@group-D4B35F2ACB63: changes role from      null to FOLLOWER at term 0 for startAsFollower
2019-11-13 20:20:24,664 [pool-579-thread-1] INFO  impl.RoleInfo (RoleInfo.java:updateAndGet(143)) - 4ccef42d-128e-4eed-9e45-8d297f7adfc0: start FollowerState
2019-11-13 20:20:24,664 [pool-579-thread-1] INFO  util.JmxRegister (JmxRegister.java:tryRegister(44)) - Successfully registered JMX Bean with object name Ratis:service=RaftServer,group=group-D4B35F2ACB63,id=4ccef42d-128e-4eed-9e45-8d297f7adfc0
2019-11-13 20:20:24,664 [pool-579-thread-1] WARN  impl.MetricRegistriesImpl (MetricRegistriesImpl.java:lambda$create$1(61)) - First MetricRegistry has been created without registering reporters. You may need to call MetricRegistries.global().addReportRegistration(...) before.
2019-11-13 20:20:24,666 [RatisPipelineUtilsThread] INFO  pipeline.PipelineStateManager (PipelineStateManager.java:addPipeline(55)) - Created pipeline Pipeline[ Id: 5ba01f7f-b876-4425-bd73-d4b35f2acb63, Nodes: 4ccef42d-128e-4eed-9e45-8d297f7adfc0{ip: 192.168.164.208, host: pr-hdds-2375-t422d-1049308724, networkLocation: /rack1, certSerialId: null}, Type:RATIS, Factor:ONE, State:ALLOCATED]
2019-11-13 20:20:24,666 [Thread-4131] INFO  pipeline.PipelineStateManager (PipelineStateManager.java:finalizePipeline(121)) - Pipeline Pipeline[ Id: 0dc6bfed-a38b-479e-a99b-d2c89ed47824, Nodes: 7a884130-6d50-4d25-81cf-a815cb8b077e{ip: 192.168.164.208, host: pr-hdds-2375-t422d-1049308724, networkLocation: /rack1, certSerialId: null}, Type:RATIS, Factor:ONE, State:CLOSED] moved to CLOSED state
2019-11-13 20:20:24,669 [grpc-default-executor-6] INFO  impl.RaftServerProxy (RaftServerProxy.java:remove(95)) - 7a884130-6d50-4d25-81cf-a815cb8b077e: remove    LEADER 7a884130-6d50-4d25-81cf-a815cb8b077e@group-D2C89ED47824:t1, leader=7a884130-6d50-4d25-81cf-a815cb8b077e, voted=7a884130-6d50-4d25-81cf-a815cb8b077e, raftlog=7a884130-6d50-4d25-81cf-a815cb8b077e@group-D2C89ED47824-SegmentedRaftLog:OPENED:c0,f0,i0, conf=0: [7a884130-6d50-4d25-81cf-a815cb8b077e:192.168.164.208:33820], old=null RUNNING
2019-11-13 20:20:24,669 [grpc-default-executor-6] INFO  impl.RaftServerImpl (RaftServerImpl.java:lambda$shutdown$3(250)) - 7a884130-6d50-4d25-81cf-a815cb8b077e@group-D2C89ED47824: shutdown
2019-11-13 20:20:24,669 [grpc-default-executor-6] INFO  util.JmxRegister (JmxRegister.java:unregister(73)) - Successfully un-registered JMX Bean with object name Ratis:service=RaftServer,group=group-D2C89ED47824,id=7a884130-6d50-4d25-81cf-a815cb8b077e
2019-11-13 20:20:24,669 [grpc-default-executor-6] INFO  impl.RoleInfo (RoleInfo.java:shutdownLeaderState(104)) - 7a884130-6d50-4d25-81cf-a815cb8b077e: shutdown LeaderState
2019-11-13 20:20:24,669 [grpc-default-executor-6] INFO  impl.PendingRequests (PendingRequests.java:sendNotLeaderResponses(206)) - 7a884130-6d50-4d25-81cf-a815cb8b077e@group-D2C89ED47824-PendingRequests: sendNotLeaderResponses
2019-11-13 20:20:24,669 [grpc-default-executor-6] INFO  impl.StateMachineUpdater (StateMachineUpdater.java:stopAndJoin(136)) - 7a884130-6d50-4d25-81cf-a815cb8b077e@group-D2C89ED47824-StateMachineUpdater: set stopIndex = 0
2019-11-13 20:20:24,669 [grpc-default-executor-6] INFO  impl.RaftServerImpl (ServerState.java:close(387)) - 7a884130-6d50-4d25-81cf-a815cb8b077e@group-D2C89ED47824: closes. applyIndex: 0
2019-11-13 20:20:24,670 [7a884130-6d50-4d25-81cf-a815cb8b077e@group-D2C89ED47824-SegmentedRaftLogWorker] INFO  segmented.SegmentedRaftLogWorker (SegmentedRaftLogWorker.java:run(316)) - 7a884130-6d50-4d25-81cf-a815cb8b077e@group-D2C89ED47824-SegmentedRaftLogWorker was interrupted, exiting. There are 0 tasks remaining in the queue.
2019-11-13 20:20:24,670 [grpc-default-executor-6] INFO  segmented.SegmentedRaftLogWorker (SegmentedRaftLogWorker.java:close(224)) - 7a884130-6d50-4d25-81cf-a815cb8b077e@group-D2C89ED47824-SegmentedRaftLogWorker close()
2019-11-13 20:20:24,671 [Thread-4131] INFO  pipeline.PipelineStateManager (PipelineStateManager.java:removePipeline(106)) - Pipeline Pipeline[ Id: 0dc6bfed-a38b-479e-a99b-d2c89ed47824, Nodes: 7a884130-6d50-4d25-81cf-a815cb8b077e{ip: 192.168.164.208, host: pr-hdds-2375-t422d-1049308724, networkLocation: /rack1, certSerialId: null}, Type:RATIS, Factor:ONE, State:CLOSED] removed from db
2019-11-13 20:20:24,671 [Thread-4131] INFO  pipeline.SCMPipelineManager (SCMPipelineManager.java:finalizeAndDestroyPipeline(315)) - destroying pipeline:Pipeline[ Id: 4b03e56f-b31c-42fc-9075-ac4f6ddd0e54, Nodes: 52541eb8-c0db-4941-8ea5-4f6f65566359{ip: 192.168.164.208, host: pr-hdds-2375-t422d-1049308724, networkLocation: /rack1, certSerialId: null}, Type:RATIS, Factor:ONE, State:OPEN]
2019-11-13 20:20:24,673 [grpc-default-executor-6] INFO  impl.RaftServerProxy (RaftServerProxy.java:addNew(89)) - 7a884130-6d50-4d25-81cf-a815cb8b077e: addNew group-D2A2854C45C9:[7a884130-6d50-4d25-81cf-a815cb8b077e:192.168.164.208:33820] returns group-D2A2854C45C9:java.util.concurrent.CompletableFuture@7cd953c2[Not completed]
2019-11-13 20:20:24,674 [pool-549-thread-1] INFO  impl.RaftServerImpl (RaftServerImpl.java:<init>(98)) - 7a884130-6d50-4d25-81cf-a815cb8b077e: new RaftServerImpl for group-D2A2854C45C9:[7a884130-6d50-4d25-81cf-a815cb8b077e:192.168.164.208:33820] with ContainerStateMachine:uninitialized
2019-11-13 20:20:24,674 [pool-549-thread-1] INFO  server.RaftServerConfigKeys (ConfUtils.java:logGet(43)) - raft.server.rpc.timeout.min = 1s (custom)
2019-11-13 20:20:24,674 [pool-549-thread-1] INFO  server.RaftServerConfigKeys (ConfUtils.java:logGet(43)) - raft.server.rpc.timeout.max = 1200ms (custom)
2019-11-13 20:20:24,674 [pool-549-thread-1] INFO  server.RaftServerConfigKeys (ConfUtils.java:logGet(43)) - raft.server.rpcslowness.timeout = 120s (custom)
2019-11-13 20:20:24,674 [pool-549-thread-1] INFO  server.RaftServerConfigKeys (ConfUtils.java:logGet(43)) - raft.server.sleep.deviation.threshold = 300 (default)
2019-11-13 20:20:24,674 [pool-549-thread-1] INFO  server.RaftServerConfigKeys (ConfUtils.java:logGet(43)) - raft.server.log.appender.install.snapshot.enabled = false (custom)
2019-11-13 20:20:24,674 [pool-549-thread-1] INFO  impl.RaftServerImpl (ServerState.java:<init>(103)) - 7a884130-6d50-4d25-81cf-a815cb8b077e@group-D2A2854C45C9: ConfigurationManager, init=-1: [7a884130-6d50-4d25-81cf-a815cb8b077e:192.168.164.208:33820], old=null, confs=<EMPTY_MAP>
2019-11-13 20:20:24,674 [pool-549-thread-1] INFO  server.RaftServerConfigKeys (ConfUtils.java:logGet(43)) - raft.server.storage.dir = [/workdir/hadoop-ozone/integration-test/target/test-dir/MiniOzoneClusterImpl-252be716-c998-406a-83e5-534d363f62a9/datanode-4/data/ratis] (custom)
2019-11-13 20:20:24,675 [pool-549-thread-1] INFO  server.RaftServerConfigKeys (ConfUtils.java:logGet(43)) - raft.server.log.corruption.policy = EXCEPTION (default)
2019-11-13 20:20:24,675 [pool-549-thread-1] INFO  storage.RaftStorageDirectory (RaftStorageDirectory.java:analyzeStorage(246)) - The storage directory /workdir/hadoop-ozone/integration-test/target/test-dir/MiniOzoneClusterImpl-252be716-c998-406a-83e5-534d363f62a9/datanode-4/data/ratis/9fd3fac6-2c1b-484a-be03-d2a2854c45c9 does not exist. Creating ...
2019-11-13 20:20:24,687 [Thread-4300] INFO  impl.FollowerState (FollowerState.java:run(111)) - f80e2e38-60f5-4e79-8b9a-ced9a5a7a91b@group-D70E8CD789D7-FollowerState: change to CANDIDATE, lastRpcTime:1042ms, electionTimeout:1042ms
2019-11-13 20:20:24,687 [Thread-4300] INFO  impl.RoleInfo (RoleInfo.java:shutdownFollowerState(121)) - f80e2e38-60f5-4e79-8b9a-ced9a5a7a91b: shutdown FollowerState
2019-11-13 20:20:24,687 [Thread-4300] INFO  impl.RaftServerImpl (RaftServerImpl.java:setRole(173)) - f80e2e38-60f5-4e79-8b9a-ced9a5a7a91b@group-D70E8CD789D7: changes role from  FOLLOWER to CANDIDATE at term 0 for changeToCandidate
2019-11-13 20:20:24,687 [Thread-4300] INFO  impl.RoleInfo (RoleInfo.java:updateAndGet(143)) - f80e2e38-60f5-4e79-8b9a-ced9a5a7a91b: start LeaderElection
2019-11-13 20:20:24,691 [pool-549-thread-1] INFO  storage.RaftStorageDirectory (RaftStorageDirectory.java:tryLock(328)) - Lock on /workdir/hadoop-ozone/integration-test/target/test-dir/MiniOzoneClusterImpl-252be716-c998-406a-83e5-534d363f62a9/datanode-4/data/ratis/9fd3fac6-2c1b-484a-be03-d2a2854c45c9/in_use.lock acquired by nodename 4344@pr-hdds-2375-t422d-1049308724
2019-11-13 20:20:24,704 [pool-549-thread-1] INFO  storage.RaftStorage (RaftStorage.java:format(84)) - Storage directory /workdir/hadoop-ozone/integration-test/target/test-dir/MiniOzoneClusterImpl-252be716-c998-406a-83e5-534d363f62a9/datanode-4/data/ratis/9fd3fac6-2c1b-484a-be03-d2a2854c45c9 has been successfully formatted.
2019-11-13 20:20:24,704 [f80e2e38-60f5-4e79-8b9a-ced9a5a7a91b@group-D70E8CD789D7-LeaderElection203] INFO  impl.LeaderElection (LeaderElection.java:askForVotes(178)) - f80e2e38-60f5-4e79-8b9a-ced9a5a7a91b@group-D70E8CD789D7-LeaderElection203: begin an election at term 1 for -1: [f80e2e38-60f5-4e79-8b9a-ced9a5a7a91b:192.168.164.208:39508], old=null
2019-11-13 20:20:24,704 [pool-549-thread-1] INFO  ratis.ContainerStateMachine (ContainerStateMachine.java:loadSnapshot(223)) - group-D2A2854C45C9: The snapshot info is null. Setting the last applied indexto:(t:0, i:~)
2019-11-13 20:20:24,704 [f80e2e38-60f5-4e79-8b9a-ced9a5a7a91b@group-D70E8CD789D7-LeaderElection203] INFO  impl.RoleInfo (RoleInfo.java:shutdownLeaderElection(134)) - f80e2e38-60f5-4e79-8b9a-ced9a5a7a91b: shutdown LeaderElection
2019-11-13 20:20:24,704 [pool-549-thread-1] INFO  server.RaftServerConfigKeys (ConfUtils.java:logGet(43)) - raft.server.notification.no-leader.timeout = 120s (custom)
2019-11-13 20:20:24,705 [f80e2e38-60f5-4e79-8b9a-ced9a5a7a91b@group-D70E8CD789D7-LeaderElection203] INFO  impl.RaftServerImpl (RaftServerImpl.java:setRole(173)) - f80e2e38-60f5-4e79-8b9a-ced9a5a7a91b@group-D70E8CD789D7: changes role from CANDIDATE to LEADER at term 1 for changeToLeader
2019-11-13 20:20:24,705 [pool-549-thread-1] INFO  server.RaftServerConfigKeys (ConfUtils.java:logGet(43)) - raft.server.log.use.memory = false (default)
2019-11-13 20:20:24,705 [f80e2e38-60f5-4e79-8b9a-ced9a5a7a91b@group-D70E8CD789D7-LeaderElection203] INFO  ratis.XceiverServerRatis (XceiverServerRatis.java:handleLeaderChangedNotification(697)) - Leader change notification received for group: group-D70E8CD789D7 with new leaderId: f80e2e38-60f5-4e79-8b9a-ced9a5a7a91b
2019-11-13 20:20:24,705 [pool-549-thread-1] INFO  server.RaftServerConfigKeys (ConfUtils.java:logGet(43)) - raft.server.log.purge.gap = 1000000 (custom)
2019-11-13 20:20:24,705 [pool-549-thread-1] INFO  server.RaftServerConfigKeys (ConfUtils.java:logGet(43)) - raft.server.log.appender.buffer.byte-limit = 33554432 (custom)
2019-11-13 20:20:24,706 [f80e2e38-60f5-4e79-8b9a-ced9a5a7a91b@group-D70E8CD789D7-LeaderElection203] INFO  impl.RaftServerImpl (ServerState.java:setLeader(255)) - f80e2e38-60f5-4e79-8b9a-ced9a5a7a91b@group-D70E8CD789D7: change Leader from null to f80e2e38-60f5-4e79-8b9a-ced9a5a7a91b at term 1 for becomeLeader, leader elected after 1064ms
2019-11-13 20:20:24,706 [pool-549-thread-1] INFO  server.RaftServerConfigKeys (ConfUtils.java:logGet(43)) - raft.server.log.segment.size.max = 1048576 (custom)
2019-11-13 20:20:24,706 [f80e2e38-60f5-4e79-8b9a-ced9a5a7a91b@group-D70E8CD789D7-LeaderElection203] INFO  server.RaftServerConfigKeys (ConfUtils.java:logGet(43)) - raft.server.staging.catchup.gap = 1000 (default)
2019-11-13 20:20:24,707 [pool-549-thread-1] INFO  server.RaftServerConfigKeys (ConfUtils.java:logGet(43)) - raft.server.log.segment.cache.num.max = 2 (custom)
2019-11-13 20:20:24,707 [f80e2e38-60f5-4e79-8b9a-ced9a5a7a91b@group-D70E8CD789D7-LeaderElection203] INFO  server.RaftServerConfigKeys (ConfUtils.java:logGet(43)) - raft.server.rpc.sleep.time = 25ms (default)
2019-11-13 20:20:24,707 [pool-549-thread-1] INFO  segmented.SegmentedRaftLogWorker (SegmentedRaftLogWorker.java:<init>(173)) - new 7a884130-6d50-4d25-81cf-a815cb8b077e@group-D2A2854C45C9-SegmentedRaftLogWorker for RaftStorage:Storage Directory /workdir/hadoop-ozone/integration-test/target/test-dir/MiniOzoneClusterImpl-252be716-c998-406a-83e5-534d363f62a9/datanode-4/data/ratis/9fd3fac6-2c1b-484a-be03-d2a2854c45c9
2019-11-13 20:20:24,707 [pool-549-thread-1] INFO  server.RaftServerConfigKeys (ConfUtils.java:logGet(43)) - raft.server.log.queue.byte-limit = 2147483647 (custom)
2019-11-13 20:20:24,707 [f80e2e38-60f5-4e79-8b9a-ced9a5a7a91b@group-D70E8CD789D7-LeaderElection203] INFO  server.RaftServerConfigKeys (ConfUtils.java:logGet(43)) - raft.server.write.element-limit = 4096 (default)
2019-11-13 20:20:24,707 [pool-549-thread-1] INFO  server.RaftServerConfigKeys (ConfUtils.java:logGet(43)) - raft.server.log.queue.element-limit = 1024 (custom)
2019-11-13 20:20:24,707 [f80e2e38-60f5-4e79-8b9a-ced9a5a7a91b@group-D70E8CD789D7-LeaderElection203] INFO  server.RaftServerConfigKeys (ConfUtils.java:logGet(43)) - raft.server.watch.timeout = 10s (default)
2019-11-13 20:20:24,707 [pool-549-thread-1] INFO  server.RaftServerConfigKeys (ConfUtils.java:logGet(43)) - raft.server.log.segment.size.max = 1048576 (custom)
2019-11-13 20:20:24,707 [pool-549-thread-1] INFO  server.RaftServerConfigKeys (ConfUtils.java:logGet(43)) - raft.server.log.preallocated.size = 16384 (custom)
2019-11-13 20:20:24,707 [pool-549-thread-1] INFO  server.RaftServerConfigKeys (ConfUtils.java:logGet(43)) - raft.server.log.write.buffer.size = 33554432 (custom)
2019-11-13 20:20:24,707 [f80e2e38-60f5-4e79-8b9a-ced9a5a7a91b@group-D70E8CD789D7-LeaderElection203] INFO  server.RaftServerConfigKeys (ConfUtils.java:logGet(43)) - raft.server.watch.timeout.denomination = 1s (default)
2019-11-13 20:20:24,707 [pool-549-thread-1] INFO  server.RaftServerConfigKeys (ConfUtils.java:logGet(43)) - raft.server.log.force.sync.num = 128 (default)
2019-11-13 20:20:24,707 [f80e2e38-60f5-4e79-8b9a-ced9a5a7a91b@group-D70E8CD789D7-LeaderElection203] INFO  server.RaftServerConfigKeys (ConfUtils.java:logGet(43)) - raft.server.watch.element-limit = 65536 (default)
2019-11-13 20:20:24,708 [pool-549-thread-1] INFO  server.RaftServerConfigKeys (ConfUtils.java:logGet(43)) - raft.server.log.statemachine.data.sync = true (default)
2019-11-13 20:20:24,708 [pool-549-thread-1] INFO  server.RaftServerConfigKeys (ConfUtils.java:logGet(43)) - raft.server.log.statemachine.data.sync.timeout = 10s (default)
2019-11-13 20:20:24,708 [f80e2e38-60f5-4e79-8b9a-ced9a5a7a91b@group-D70E8CD789D7-LeaderElection203] INFO  impl.RoleInfo (RoleInfo.java:updateAndGet(143)) - f80e2e38-60f5-4e79-8b9a-ced9a5a7a91b: start LeaderState
2019-11-13 20:20:24,708 [pool-549-thread-1] INFO  server.RaftServerConfigKeys (ConfUtils.java:logGet(43)) - raft.server.log.statemachine.data.sync.timeout.retry = -1 (default)
2019-11-13 20:20:24,708 [pool-549-thread-1] INFO  server.RaftServerConfigKeys (ConfUtils.java:logGet(43)) - raft.server.log.statemachine.data.caching.enabled = true (custom)
2019-11-13 20:20:24,708 [f80e2e38-60f5-4e79-8b9a-ced9a5a7a91b@group-D70E8CD789D7-LeaderElection203] INFO  segmented.SegmentedRaftLogWorker (SegmentedRaftLogWorker.java:startLogSegment(385)) - f80e2e38-60f5-4e79-8b9a-ced9a5a7a91b@group-D70E8CD789D7-SegmentedRaftLogWorker: Starting segment from index:0
2019-11-13 20:20:24,708 [pool-549-thread-1] INFO  segmented.SegmentedRaftLogWorker (SegmentedRaftLogWorker.java:lambda$new$0(128)) - 7a884130-6d50-4d25-81cf-a815cb8b077e@group-D2A2854C45C9-SegmentedRaftLogWorker: flushIndex: setUnconditionally 0 -> -1
2019-11-13 20:20:24,708 [pool-549-thread-1] INFO  server.RaftServerConfigKeys (ConfUtils.java:logGet(43)) - raft.server.snapshot.auto.trigger.enabled = true (custom)
2019-11-13 20:20:24,708 [pool-549-thread-1] INFO  server.RaftServerConfigKeys (ConfUtils.java:logGet(43)) - raft.server.snapshot.auto.trigger.threshold = 10000 (custom)
2019-11-13 20:20:24,708 [f80e2e38-60f5-4e79-8b9a-ced9a5a7a91b@group-D70E8CD789D7-LeaderElection203] INFO  impl.RaftServerImpl (ServerState.java:setRaftConf(356)) - f80e2e38-60f5-4e79-8b9a-ced9a5a7a91b@group-D70E8CD789D7: set configuration 0: [f80e2e38-60f5-4e79-8b9a-ced9a5a7a91b:192.168.164.208:39508], old=null at 0
2019-11-13 20:20:24,708 [pool-549-thread-1] INFO  server.RaftServerConfigKeys (ConfUtils.java:logGet(43)) - raft.server.snapshot.retention.file.num = 5 (custom)
2019-11-13 20:20:24,709 [pool-549-thread-1] INFO  server.RaftServerConfigKeys (ConfUtils.java:logGet(43)) - raft.server.retrycache.expirytime = 600000ms (custom)
2019-11-13 20:20:24,709 [pool-549-thread-1] WARN  impl.MetricRegistriesImpl (MetricRegistriesImpl.java:lambda$create$1(61)) - First MetricRegistry has been created without registering reporters. You may need to call MetricRegistries.global().addReportRegistration(...) before.
2019-11-13 20:20:24,709 [pool-549-thread-1] WARN  impl.MetricRegistriesImpl (MetricRegistriesImpl.java:lambda$create$1(61)) - First MetricRegistry has been created without registering reporters. You may need to call MetricRegistries.global().addReportRegistration(...) before.
2019-11-13 20:20:24,709 [pool-549-thread-1] INFO  impl.RaftServerImpl (RaftServerImpl.java:start(184)) - 7a884130-6d50-4d25-81cf-a815cb8b077e@group-D2A2854C45C9: start as a follower, conf=-1: [7a884130-6d50-4d25-81cf-a815cb8b077e:192.168.164.208:33820], old=null
2019-11-13 20:20:24,709 [pool-549-thread-1] INFO  impl.RaftServerImpl (RaftServerImpl.java:setRole(173)) - 7a884130-6d50-4d25-81cf-a815cb8b077e@group-D2A2854C45C9: changes role from      null to FOLLOWER at term 0 for startAsFollower
2019-11-13 20:20:24,709 [pool-549-thread-1] INFO  impl.RoleInfo (RoleInfo.java:updateAndGet(143)) - 7a884130-6d50-4d25-81cf-a815cb8b077e: start FollowerState
2019-11-13 20:20:24,709 [pool-549-thread-1] INFO  util.JmxRegister (JmxRegister.java:tryRegister(44)) - Successfully registered JMX Bean with object name Ratis:service=RaftServer,group=group-D2A2854C45C9,id=7a884130-6d50-4d25-81cf-a815cb8b077e
2019-11-13 20:20:24,709 [pool-549-thread-1] WARN  impl.MetricRegistriesImpl (MetricRegistriesImpl.java:lambda$create$1(61)) - First MetricRegistry has been created without registering reporters. You may need to call MetricRegistries.global().addReportRegistration(...) before.
2019-11-13 20:20:24,711 [Thread-4293] INFO  impl.FollowerState (FollowerState.java:run(111)) - b0735163-16b4-4eff-936d-5712c77b458f@group-5A0384424C39-FollowerState: change to CANDIDATE, lastRpcTime:1132ms, electionTimeout:1132ms
2019-11-13 20:20:24,711 [Thread-4293] INFO  impl.RoleInfo (RoleInfo.java:shutdownFollowerState(121)) - b0735163-16b4-4eff-936d-5712c77b458f: shutdown FollowerState
2019-11-13 20:20:24,711 [Thread-4293] INFO  impl.RaftServerImpl (RaftServerImpl.java:setRole(173)) - b0735163-16b4-4eff-936d-5712c77b458f@group-5A0384424C39: changes role from  FOLLOWER to CANDIDATE at term 0 for changeToCandidate
2019-11-13 20:20:24,711 [RatisPipelineUtilsThread] INFO  pipeline.PipelineStateManager (PipelineStateManager.java:addPipeline(55)) - Created pipeline Pipeline[ Id: 9fd3fac6-2c1b-484a-be03-d2a2854c45c9, Nodes: 7a884130-6d50-4d25-81cf-a815cb8b077e{ip: 192.168.164.208, host: pr-hdds-2375-t422d-1049308724, networkLocation: /rack1, certSerialId: null}, Type:RATIS, Factor:ONE, State:ALLOCATED]
2019-11-13 20:20:24,711 [Thread-4293] INFO  impl.RoleInfo (RoleInfo.java:updateAndGet(143)) - b0735163-16b4-4eff-936d-5712c77b458f: start LeaderElection
2019-11-13 20:20:24,735 [Thread-4131] INFO  pipeline.PipelineStateManager (PipelineStateManager.java:finalizePipeline(121)) - Pipeline Pipeline[ Id: 4b03e56f-b31c-42fc-9075-ac4f6ddd0e54, Nodes: 52541eb8-c0db-4941-8ea5-4f6f65566359{ip: 192.168.164.208, host: pr-hdds-2375-t422d-1049308724, networkLocation: /rack1, certSerialId: null}, Type:RATIS, Factor:ONE, State:CLOSED] moved to CLOSED state
2019-11-13 20:20:24,736 [EventQueue-PipelineReportForPipelineReportHandler] INFO  pipeline.PipelineStateManager (PipelineStateManager.java:openPipeline(134)) - Pipeline Pipeline[ Id: 26a064ed-727b-49ff-9162-d70e8cd789d7, Nodes: f80e2e38-60f5-4e79-8b9a-ced9a5a7a91b{ip: 192.168.164.208, host: pr-hdds-2375-t422d-1049308724, networkLocation: /rack1, certSerialId: null}, Type:RATIS, Factor:ONE, State:OPEN] moved to OPEN state
2019-11-13 20:20:24,738 [grpc-default-executor-6] INFO  impl.RaftServerProxy (RaftServerProxy.java:remove(95)) - 52541eb8-c0db-4941-8ea5-4f6f65566359: remove    LEADER 52541eb8-c0db-4941-8ea5-4f6f65566359@group-AC4F6DDD0E54:t1, leader=52541eb8-c0db-4941-8ea5-4f6f65566359, voted=52541eb8-c0db-4941-8ea5-4f6f65566359, raftlog=52541eb8-c0db-4941-8ea5-4f6f65566359@group-AC4F6DDD0E54-SegmentedRaftLog:OPENED:c0,f0,i0, conf=0: [52541eb8-c0db-4941-8ea5-4f6f65566359:192.168.164.208:33189], old=null RUNNING
2019-11-13 20:20:24,738 [grpc-default-executor-6] INFO  impl.RaftServerImpl (RaftServerImpl.java:lambda$shutdown$3(250)) - 52541eb8-c0db-4941-8ea5-4f6f65566359@group-AC4F6DDD0E54: shutdown
2019-11-13 20:20:24,738 [grpc-default-executor-6] INFO  util.JmxRegister (JmxRegister.java:unregister(73)) - Successfully un-registered JMX Bean with object name Ratis:service=RaftServer,group=group-AC4F6DDD0E54,id=52541eb8-c0db-4941-8ea5-4f6f65566359
2019-11-13 20:20:24,738 [grpc-default-executor-6] INFO  impl.RoleInfo (RoleInfo.java:shutdownLeaderState(104)) - 52541eb8-c0db-4941-8ea5-4f6f65566359: shutdown LeaderState
2019-11-13 20:20:24,738 [grpc-default-executor-6] INFO  impl.PendingRequests (PendingRequests.java:sendNotLeaderResponses(206)) - 52541eb8-c0db-4941-8ea5-4f6f65566359@group-AC4F6DDD0E54-PendingRequests: sendNotLeaderResponses
2019-11-13 20:20:24,738 [grpc-default-executor-6] INFO  impl.StateMachineUpdater (StateMachineUpdater.java:stopAndJoin(136)) - 52541eb8-c0db-4941-8ea5-4f6f65566359@group-AC4F6DDD0E54-StateMachineUpdater: set stopIndex = 0
2019-11-13 20:20:24,738 [grpc-default-executor-6] INFO  impl.RaftServerImpl (ServerState.java:close(387)) - 52541eb8-c0db-4941-8ea5-4f6f65566359@group-AC4F6DDD0E54: closes. applyIndex: 0
2019-11-13 20:20:24,739 [52541eb8-c0db-4941-8ea5-4f6f65566359@group-AC4F6DDD0E54-SegmentedRaftLogWorker] INFO  segmented.SegmentedRaftLogWorker (SegmentedRaftLogWorker.java:run(316)) - 52541eb8-c0db-4941-8ea5-4f6f65566359@group-AC4F6DDD0E54-SegmentedRaftLogWorker was interrupted, exiting. There are 0 tasks remaining in the queue.
2019-11-13 20:20:24,739 [grpc-default-executor-6] INFO  segmented.SegmentedRaftLogWorker (SegmentedRaftLogWorker.java:close(224)) - 52541eb8-c0db-4941-8ea5-4f6f65566359@group-AC4F6DDD0E54-SegmentedRaftLogWorker close()
2019-11-13 20:20:24,740 [Thread-4131] INFO  pipeline.PipelineStateManager (PipelineStateManager.java:removePipeline(106)) - Pipeline Pipeline[ Id: 4b03e56f-b31c-42fc-9075-ac4f6ddd0e54, Nodes: 52541eb8-c0db-4941-8ea5-4f6f65566359{ip: 192.168.164.208, host: pr-hdds-2375-t422d-1049308724, networkLocation: /rack1, certSerialId: null}, Type:RATIS, Factor:ONE, State:CLOSED] removed from db
2019-11-13 20:20:24,741 [Thread-4131] INFO  pipeline.SCMPipelineManager (SCMPipelineManager.java:finalizeAndDestroyPipeline(315)) - destroying pipeline:Pipeline[ Id: a1f41b45-7536-45e3-9fb6-0f1d85717ce1, Nodes: ad900a72-65c6-4ee1-bf89-d32e01cfc372{ip: 192.168.164.208, host: pr-hdds-2375-t422d-1049308724, networkLocation: /rack1, certSerialId: null}, Type:RATIS, Factor:ONE, State:OPEN]
2019-11-13 20:20:24,742 [grpc-default-executor-6] INFO  impl.RaftServerProxy (RaftServerProxy.java:addNew(89)) - 52541eb8-c0db-4941-8ea5-4f6f65566359: addNew group-E9DABB08897E:[52541eb8-c0db-4941-8ea5-4f6f65566359:192.168.164.208:33189] returns group-E9DABB08897E:java.util.concurrent.CompletableFuture@6b048555[Not completed]
2019-11-13 20:20:24,743 [pool-589-thread-1] INFO  impl.RaftServerImpl (RaftServerImpl.java:<init>(98)) - 52541eb8-c0db-4941-8ea5-4f6f65566359: new RaftServerImpl for group-E9DABB08897E:[52541eb8-c0db-4941-8ea5-4f6f65566359:192.168.164.208:33189] with ContainerStateMachine:uninitialized
2019-11-13 20:20:24,744 [pool-589-thread-1] INFO  server.RaftServerConfigKeys (ConfUtils.java:logGet(43)) - raft.server.rpc.timeout.min = 1s (custom)
2019-11-13 20:20:24,744 [pool-589-thread-1] INFO  server.RaftServerConfigKeys (ConfUtils.java:logGet(43)) - raft.server.rpc.timeout.max = 1200ms (custom)
2019-11-13 20:20:24,744 [pool-589-thread-1] INFO  server.RaftServerConfigKeys (ConfUtils.java:logGet(43)) - raft.server.rpcslowness.timeout = 120s (custom)
2019-11-13 20:20:24,744 [pool-589-thread-1] INFO  server.RaftServerConfigKeys (ConfUtils.java:logGet(43)) - raft.server.sleep.deviation.threshold = 300 (default)
2019-11-13 20:20:24,744 [pool-589-thread-1] INFO  server.RaftServerConfigKeys (ConfUtils.java:logGet(43)) - raft.server.log.appender.install.snapshot.enabled = false (custom)
2019-11-13 20:20:24,744 [pool-589-thread-1] INFO  impl.RaftServerImpl (ServerState.java:<init>(103)) - 52541eb8-c0db-4941-8ea5-4f6f65566359@group-E9DABB08897E: ConfigurationManager, init=-1: [52541eb8-c0db-4941-8ea5-4f6f65566359:192.168.164.208:33189], old=null, confs=<EMPTY_MAP>
2019-11-13 20:20:24,744 [pool-589-thread-1] INFO  server.RaftServerConfigKeys (ConfUtils.java:logGet(43)) - raft.server.storage.dir = [/workdir/hadoop-ozone/integration-test/target/test-dir/MiniOzoneClusterImpl-252be716-c998-406a-83e5-534d363f62a9/datanode-8/data/ratis] (custom)
2019-11-13 20:20:24,744 [pool-589-thread-1] INFO  server.RaftServerConfigKeys (ConfUtils.java:logGet(43)) - raft.server.log.corruption.policy = EXCEPTION (default)
2019-11-13 20:20:24,744 [pool-589-thread-1] INFO  storage.RaftStorageDirectory (RaftStorageDirectory.java:analyzeStorage(246)) - The storage directory /workdir/hadoop-ozone/integration-test/target/test-dir/MiniOzoneClusterImpl-252be716-c998-406a-83e5-534d363f62a9/datanode-8/data/ratis/9590399d-119a-46a2-ab59-e9dabb08897e does not exist. Creating ...
2019-11-13 20:20:24,748 [pool-589-thread-1] INFO  storage.RaftStorageDirectory (RaftStorageDirectory.java:tryLock(328)) - Lock on /workdir/hadoop-ozone/integration-test/target/test-dir/MiniOzoneClusterImpl-252be716-c998-406a-83e5-534d363f62a9/datanode-8/data/ratis/9590399d-119a-46a2-ab59-e9dabb08897e/in_use.lock acquired by nodename 4344@pr-hdds-2375-t422d-1049308724
2019-11-13 20:20:24,748 [f80e2e38-60f5-4e79-8b9a-ced9a5a7a91b@group-D70E8CD789D7-SegmentedRaftLogWorker] INFO  segmented.SegmentedRaftLogWorker (SegmentedRaftLogWorker.java:execute(576)) - f80e2e38-60f5-4e79-8b9a-ced9a5a7a91b@group-D70E8CD789D7-SegmentedRaftLogWorker: created new log segment /workdir/hadoop-ozone/integration-test/target/test-dir/MiniOzoneClusterImpl-252be716-c998-406a-83e5-534d363f62a9/datanode-3/data/ratis/26a064ed-727b-49ff-9162-d70e8cd789d7/current/log_inprogress_0
2019-11-13 20:20:24,748 [b0735163-16b4-4eff-936d-5712c77b458f@group-5A0384424C39-LeaderElection204] INFO  impl.LeaderElection (LeaderElection.java:askForVotes(178)) - b0735163-16b4-4eff-936d-5712c77b458f@group-5A0384424C39-LeaderElection204: begin an election at term 1 for -1: [b0735163-16b4-4eff-936d-5712c77b458f:192.168.164.208:33769], old=null
2019-11-13 20:20:24,748 [b0735163-16b4-4eff-936d-5712c77b458f@group-5A0384424C39-LeaderElection204] INFO  impl.RoleInfo (RoleInfo.java:shutdownLeaderElection(134)) - b0735163-16b4-4eff-936d-5712c77b458f: shutdown LeaderElection
2019-11-13 20:20:24,748 [b0735163-16b4-4eff-936d-5712c77b458f@group-5A0384424C39-LeaderElection204] INFO  impl.RaftServerImpl (RaftServerImpl.java:setRole(173)) - b0735163-16b4-4eff-936d-5712c77b458f@group-5A0384424C39: changes role from CANDIDATE to LEADER at term 1 for changeToLeader
2019-11-13 20:20:24,748 [b0735163-16b4-4eff-936d-5712c77b458f@group-5A0384424C39-LeaderElection204] INFO  ratis.XceiverServerRatis (XceiverServerRatis.java:handleLeaderChangedNotification(697)) - Leader change notification received for group: group-5A0384424C39 with new leaderId: b0735163-16b4-4eff-936d-5712c77b458f
2019-11-13 20:20:24,748 [b0735163-16b4-4eff-936d-5712c77b458f@group-5A0384424C39-LeaderElection204] INFO  impl.RaftServerImpl (ServerState.java:setLeader(255)) - b0735163-16b4-4eff-936d-5712c77b458f@group-5A0384424C39: change Leader from null to b0735163-16b4-4eff-936d-5712c77b458f at term 1 for becomeLeader, leader elected after 1175ms
2019-11-13 20:20:24,749 [b0735163-16b4-4eff-936d-5712c77b458f@group-5A0384424C39-LeaderElection204] INFO  server.RaftServerConfigKeys (ConfUtils.java:logGet(43)) - raft.server.staging.catchup.gap = 1000 (default)
2019-11-13 20:20:24,749 [b0735163-16b4-4eff-936d-5712c77b458f@group-5A0384424C39-LeaderElection204] INFO  server.RaftServerConfigKeys (ConfUtils.java:logGet(43)) - raft.server.rpc.sleep.time = 25ms (default)
2019-11-13 20:20:24,749 [b0735163-16b4-4eff-936d-5712c77b458f@group-5A0384424C39-LeaderElection204] INFO  server.RaftServerConfigKeys (ConfUtils.java:logGet(43)) - raft.server.write.element-limit = 4096 (default)
2019-11-13 20:20:24,749 [b0735163-16b4-4eff-936d-5712c77b458f@group-5A0384424C39-LeaderElection204] INFO  server.RaftServerConfigKeys (ConfUtils.java:logGet(43)) - raft.server.watch.timeout = 10s (default)
2019-11-13 20:20:24,749 [b0735163-16b4-4eff-936d-5712c77b458f@group-5A0384424C39-LeaderElection204] INFO  server.RaftServerConfigKeys (ConfUtils.java:logGet(43)) - raft.server.watch.timeout.denomination = 1s (default)
2019-11-13 20:20:24,749 [b0735163-16b4-4eff-936d-5712c77b458f@group-5A0384424C39-LeaderElection204] INFO  server.RaftServerConfigKeys (ConfUtils.java:logGet(43)) - raft.server.watch.element-limit = 65536 (default)
2019-11-13 20:20:24,749 [b0735163-16b4-4eff-936d-5712c77b458f@group-5A0384424C39-LeaderElection204] INFO  impl.RoleInfo (RoleInfo.java:updateAndGet(143)) - b0735163-16b4-4eff-936d-5712c77b458f: start LeaderState
2019-11-13 20:20:24,749 [b0735163-16b4-4eff-936d-5712c77b458f@group-5A0384424C39-LeaderElection204] INFO  segmented.SegmentedRaftLogWorker (SegmentedRaftLogWorker.java:startLogSegment(385)) - b0735163-16b4-4eff-936d-5712c77b458f@group-5A0384424C39-SegmentedRaftLogWorker: Starting segment from index:0
2019-11-13 20:20:24,750 [b0735163-16b4-4eff-936d-5712c77b458f@group-5A0384424C39-LeaderElection204] INFO  impl.RaftServerImpl (ServerState.java:setRaftConf(356)) - b0735163-16b4-4eff-936d-5712c77b458f@group-5A0384424C39: set configuration 0: [b0735163-16b4-4eff-936d-5712c77b458f:192.168.164.208:33769], old=null at 0
2019-11-13 20:20:24,751 [pool-589-thread-1] INFO  storage.RaftStorage (RaftStorage.java:format(84)) - Storage directory /workdir/hadoop-ozone/integration-test/target/test-dir/MiniOzoneClusterImpl-252be716-c998-406a-83e5-534d363f62a9/datanode-8/data/ratis/9590399d-119a-46a2-ab59-e9dabb08897e has been successfully formatted.
2019-11-13 20:20:24,751 [pool-589-thread-1] INFO  ratis.ContainerStateMachine (ContainerStateMachine.java:loadSnapshot(223)) - group-E9DABB08897E: The snapshot info is null. Setting the last applied indexto:(t:0, i:~)
2019-11-13 20:20:24,751 [pool-589-thread-1] INFO  server.RaftServerConfigKeys (ConfUtils.java:logGet(43)) - raft.server.notification.no-leader.timeout = 120s (custom)
2019-11-13 20:20:24,751 [pool-589-thread-1] INFO  server.RaftServerConfigKeys (ConfUtils.java:logGet(43)) - raft.server.log.use.memory = false (default)
2019-11-13 20:20:24,752 [pool-589-thread-1] INFO  server.RaftServerConfigKeys (ConfUtils.java:logGet(43)) - raft.server.log.purge.gap = 1000000 (custom)
2019-11-13 20:20:24,752 [pool-589-thread-1] INFO  server.RaftServerConfigKeys (ConfUtils.java:logGet(43)) - raft.server.log.appender.buffer.byte-limit = 33554432 (custom)
2019-11-13 20:20:24,752 [pool-589-thread-1] INFO  server.RaftServerConfigKeys (ConfUtils.java:logGet(43)) - raft.server.log.segment.size.max = 1048576 (custom)
2019-11-13 20:20:24,752 [pool-589-thread-1] INFO  server.RaftServerConfigKeys (ConfUtils.java:logGet(43)) - raft.server.log.segment.cache.num.max = 2 (custom)
2019-11-13 20:20:24,752 [pool-589-thread-1] INFO  segmented.SegmentedRaftLogWorker (SegmentedRaftLogWorker.java:<init>(173)) - new 52541eb8-c0db-4941-8ea5-4f6f65566359@group-E9DABB08897E-SegmentedRaftLogWorker for RaftStorage:Storage Directory /workdir/hadoop-ozone/integration-test/target/test-dir/MiniOzoneClusterImpl-252be716-c998-406a-83e5-534d363f62a9/datanode-8/data/ratis/9590399d-119a-46a2-ab59-e9dabb08897e
2019-11-13 20:20:24,752 [pool-589-thread-1] INFO  server.RaftServerConfigKeys (ConfUtils.java:logGet(43)) - raft.server.log.queue.byte-limit = 2147483647 (custom)
2019-11-13 20:20:24,752 [pool-589-thread-1] INFO  server.RaftServerConfigKeys (ConfUtils.java:logGet(43)) - raft.server.log.queue.element-limit = 1024 (custom)
2019-11-13 20:20:24,752 [pool-589-thread-1] INFO  server.RaftServerConfigKeys (ConfUtils.java:logGet(43)) - raft.server.log.segment.size.max = 1048576 (custom)
2019-11-13 20:20:24,752 [pool-589-thread-1] INFO  server.RaftServerConfigKeys (ConfUtils.java:logGet(43)) - raft.server.log.preallocated.size = 16384 (custom)
2019-11-13 20:20:24,752 [pool-589-thread-1] INFO  server.RaftServerConfigKeys (ConfUtils.java:logGet(43)) - raft.server.log.write.buffer.size = 33554432 (custom)
2019-11-13 20:20:24,752 [pool-589-thread-1] INFO  server.RaftServerConfigKeys (ConfUtils.java:logGet(43)) - raft.server.log.force.sync.num = 128 (default)
2019-11-13 20:20:24,752 [pool-589-thread-1] INFO  server.RaftServerConfigKeys (ConfUtils.java:logGet(43)) - raft.server.log.statemachine.data.sync = true (default)
2019-11-13 20:20:24,752 [pool-589-thread-1] INFO  server.RaftServerConfigKeys (ConfUtils.java:logGet(43)) - raft.server.log.statemachine.data.sync.timeout = 10s (default)
2019-11-13 20:20:24,753 [pool-589-thread-1] INFO  server.RaftServerConfigKeys (ConfUtils.java:logGet(43)) - raft.server.log.statemachine.data.sync.timeout.retry = -1 (default)
2019-11-13 20:20:24,753 [pool-589-thread-1] INFO  server.RaftServerConfigKeys (ConfUtils.java:logGet(43)) - raft.server.log.statemachine.data.caching.enabled = true (custom)
2019-11-13 20:20:24,753 [pool-589-thread-1] INFO  segmented.SegmentedRaftLogWorker (SegmentedRaftLogWorker.java:lambda$new$0(128)) - 52541eb8-c0db-4941-8ea5-4f6f65566359@group-E9DABB08897E-SegmentedRaftLogWorker: flushIndex: setUnconditionally 0 -> -1
2019-11-13 20:20:24,753 [pool-589-thread-1] INFO  server.RaftServerConfigKeys (ConfUtils.java:logGet(43)) - raft.server.snapshot.auto.trigger.enabled = true (custom)
2019-11-13 20:20:24,753 [pool-589-thread-1] INFO  server.RaftServerConfigKeys (ConfUtils.java:logGet(43)) - raft.server.snapshot.auto.trigger.threshold = 10000 (custom)
2019-11-13 20:20:24,753 [pool-589-thread-1] INFO  server.RaftServerConfigKeys (ConfUtils.java:logGet(43)) - raft.server.snapshot.retention.file.num = 5 (custom)
2019-11-13 20:20:24,753 [pool-589-thread-1] INFO  server.RaftServerConfigKeys (ConfUtils.java:logGet(43)) - raft.server.retrycache.expirytime = 600000ms (custom)
2019-11-13 20:20:24,753 [pool-589-thread-1] WARN  impl.MetricRegistriesImpl (MetricRegistriesImpl.java:lambda$create$1(61)) - First MetricRegistry has been created without registering reporters. You may need to call MetricRegistries.global().addReportRegistration(...) before.
2019-11-13 20:20:24,754 [pool-589-thread-1] WARN  impl.MetricRegistriesImpl (MetricRegistriesImpl.java:lambda$create$1(61)) - First MetricRegistry has been created without registering reporters. You may need to call MetricRegistries.global().addReportRegistration(...) before.
2019-11-13 20:20:24,754 [pool-589-thread-1] INFO  impl.RaftServerImpl (RaftServerImpl.java:start(184)) - 52541eb8-c0db-4941-8ea5-4f6f65566359@group-E9DABB08897E: start as a follower, conf=-1: [52541eb8-c0db-4941-8ea5-4f6f65566359:192.168.164.208:33189], old=null
2019-11-13 20:20:24,754 [pool-589-thread-1] INFO  impl.RaftServerImpl (RaftServerImpl.java:setRole(173)) - 52541eb8-c0db-4941-8ea5-4f6f65566359@group-E9DABB08897E: changes role from      null to FOLLOWER at term 0 for startAsFollower
2019-11-13 20:20:24,754 [pool-589-thread-1] INFO  impl.RoleInfo (RoleInfo.java:updateAndGet(143)) - 52541eb8-c0db-4941-8ea5-4f6f65566359: start FollowerState
2019-11-13 20:20:24,754 [pool-589-thread-1] INFO  util.JmxRegister (JmxRegister.java:tryRegister(44)) - Successfully registered JMX Bean with object name Ratis:service=RaftServer,group=group-E9DABB08897E,id=52541eb8-c0db-4941-8ea5-4f6f65566359
2019-11-13 20:20:24,754 [pool-589-thread-1] WARN  impl.MetricRegistriesImpl (MetricRegistriesImpl.java:lambda$create$1(61)) - First MetricRegistry has been created without registering reporters. You may need to call MetricRegistries.global().addReportRegistration(...) before.
2019-11-13 20:20:24,756 [RatisPipelineUtilsThread] INFO  pipeline.PipelineStateManager (PipelineStateManager.java:addPipeline(55)) - Created pipeline Pipeline[ Id: 9590399d-119a-46a2-ab59-e9dabb08897e, Nodes: 52541eb8-c0db-4941-8ea5-4f6f65566359{ip: 192.168.164.208, host: pr-hdds-2375-t422d-1049308724, networkLocation: /rack1, certSerialId: null}, Type:RATIS, Factor:ONE, State:ALLOCATED]
2019-11-13 20:20:24,756 [Thread-4131] INFO  pipeline.PipelineStateManager (PipelineStateManager.java:finalizePipeline(121)) - Pipeline Pipeline[ Id: a1f41b45-7536-45e3-9fb6-0f1d85717ce1, Nodes: ad900a72-65c6-4ee1-bf89-d32e01cfc372{ip: 192.168.164.208, host: pr-hdds-2375-t422d-1049308724, networkLocation: /rack1, certSerialId: null}, Type:RATIS, Factor:ONE, State:CLOSED] moved to CLOSED state
2019-11-13 20:20:24,756 [EventQueue-PipelineReportForPipelineReportHandler] INFO  pipeline.PipelineStateManager (PipelineStateManager.java:openPipeline(134)) - Pipeline Pipeline[ Id: 106bc081-73bc-4cfa-8263-5a0384424c39, Nodes: b0735163-16b4-4eff-936d-5712c77b458f{ip: 192.168.164.208, host: pr-hdds-2375-t422d-1049308724, networkLocation: /rack1, certSerialId: null}, Type:RATIS, Factor:ONE, State:OPEN] moved to OPEN state
2019-11-13 20:20:24,758 [grpc-default-executor-6] INFO  impl.RaftServerProxy (RaftServerProxy.java:remove(95)) - ad900a72-65c6-4ee1-bf89-d32e01cfc372: remove    LEADER ad900a72-65c6-4ee1-bf89-d32e01cfc372@group-0F1D85717CE1:t1, leader=ad900a72-65c6-4ee1-bf89-d32e01cfc372, voted=ad900a72-65c6-4ee1-bf89-d32e01cfc372, raftlog=ad900a72-65c6-4ee1-bf89-d32e01cfc372@group-0F1D85717CE1-SegmentedRaftLog:OPENED:c0,f0,i0, conf=0: [ad900a72-65c6-4ee1-bf89-d32e01cfc372:192.168.164.208:38759], old=null RUNNING
2019-11-13 20:20:24,758 [grpc-default-executor-6] INFO  impl.RaftServerImpl (RaftServerImpl.java:lambda$shutdown$3(250)) - ad900a72-65c6-4ee1-bf89-d32e01cfc372@group-0F1D85717CE1: shutdown
2019-11-13 20:20:24,758 [grpc-default-executor-6] INFO  util.JmxRegister (JmxRegister.java:unregister(73)) - Successfully un-registered JMX Bean with object name Ratis:service=RaftServer,group=group-0F1D85717CE1,id=ad900a72-65c6-4ee1-bf89-d32e01cfc372
2019-11-13 20:20:24,758 [grpc-default-executor-6] INFO  impl.RoleInfo (RoleInfo.java:shutdownLeaderState(104)) - ad900a72-65c6-4ee1-bf89-d32e01cfc372: shutdown LeaderState
2019-11-13 20:20:24,758 [grpc-default-executor-6] INFO  impl.PendingRequests (PendingRequests.java:sendNotLeaderResponses(206)) - ad900a72-65c6-4ee1-bf89-d32e01cfc372@group-0F1D85717CE1-PendingRequests: sendNotLeaderResponses
2019-11-13 20:20:24,759 [grpc-default-executor-6] INFO  impl.StateMachineUpdater (StateMachineUpdater.java:stopAndJoin(136)) - ad900a72-65c6-4ee1-bf89-d32e01cfc372@group-0F1D85717CE1-StateMachineUpdater: set stopIndex = 0
2019-11-13 20:20:24,759 [grpc-default-executor-6] INFO  impl.RaftServerImpl (ServerState.java:close(387)) - ad900a72-65c6-4ee1-bf89-d32e01cfc372@group-0F1D85717CE1: closes. applyIndex: 0
2019-11-13 20:20:24,759 [ad900a72-65c6-4ee1-bf89-d32e01cfc372@group-0F1D85717CE1-SegmentedRaftLogWorker] INFO  segmented.SegmentedRaftLogWorker (SegmentedRaftLogWorker.java:run(316)) - ad900a72-65c6-4ee1-bf89-d32e01cfc372@group-0F1D85717CE1-SegmentedRaftLogWorker was interrupted, exiting. There are 0 tasks remaining in the queue.
2019-11-13 20:20:24,759 [grpc-default-executor-6] INFO  segmented.SegmentedRaftLogWorker (SegmentedRaftLogWorker.java:close(224)) - ad900a72-65c6-4ee1-bf89-d32e01cfc372@group-0F1D85717CE1-SegmentedRaftLogWorker close()
2019-11-13 20:20:24,761 [Thread-4131] INFO  pipeline.PipelineStateManager (PipelineStateManager.java:removePipeline(106)) - Pipeline Pipeline[ Id: a1f41b45-7536-45e3-9fb6-0f1d85717ce1, Nodes: ad900a72-65c6-4ee1-bf89-d32e01cfc372{ip: 192.168.164.208, host: pr-hdds-2375-t422d-1049308724, networkLocation: /rack1, certSerialId: null}, Type:RATIS, Factor:ONE, State:CLOSED] removed from db
2019-11-13 20:20:24,763 [grpc-default-executor-6] INFO  impl.RaftServerProxy (RaftServerProxy.java:addNew(89)) - ad900a72-65c6-4ee1-bf89-d32e01cfc372: addNew group-F6EAD140F79B:[ad900a72-65c6-4ee1-bf89-d32e01cfc372:192.168.164.208:38759] returns group-F6EAD140F79B:java.util.concurrent.CompletableFuture@2372b5af[Not completed]
2019-11-13 20:20:24,764 [pool-599-thread-1] INFO  impl.RaftServerImpl (RaftServerImpl.java:<init>(98)) - ad900a72-65c6-4ee1-bf89-d32e01cfc372: new RaftServerImpl for group-F6EAD140F79B:[ad900a72-65c6-4ee1-bf89-d32e01cfc372:192.168.164.208:38759] with ContainerStateMachine:uninitialized
2019-11-13 20:20:24,764 [pool-599-thread-1] INFO  server.RaftServerConfigKeys (ConfUtils.java:logGet(43)) - raft.server.rpc.timeout.min = 1s (custom)
2019-11-13 20:20:24,764 [pool-599-thread-1] INFO  server.RaftServerConfigKeys (ConfUtils.java:logGet(43)) - raft.server.rpc.timeout.max = 1200ms (custom)
2019-11-13 20:20:24,764 [pool-599-thread-1] INFO  server.RaftServerConfigKeys (ConfUtils.java:logGet(43)) - raft.server.rpcslowness.timeout = 120s (custom)
2019-11-13 20:20:24,764 [pool-599-thread-1] INFO  server.RaftServerConfigKeys (ConfUtils.java:logGet(43)) - raft.server.sleep.deviation.threshold = 300 (default)
2019-11-13 20:20:24,764 [pool-599-thread-1] INFO  server.RaftServerConfigKeys (ConfUtils.java:logGet(43)) - raft.server.log.appender.install.snapshot.enabled = false (custom)
2019-11-13 20:20:24,764 [pool-599-thread-1] INFO  impl.RaftServerImpl (ServerState.java:<init>(103)) - ad900a72-65c6-4ee1-bf89-d32e01cfc372@group-F6EAD140F79B: ConfigurationManager, init=-1: [ad900a72-65c6-4ee1-bf89-d32e01cfc372:192.168.164.208:38759], old=null, confs=<EMPTY_MAP>
2019-11-13 20:20:24,764 [pool-599-thread-1] INFO  server.RaftServerConfigKeys (ConfUtils.java:logGet(43)) - raft.server.storage.dir = [/workdir/hadoop-ozone/integration-test/target/test-dir/MiniOzoneClusterImpl-252be716-c998-406a-83e5-534d363f62a9/datanode-9/data/ratis] (custom)
2019-11-13 20:20:24,765 [pool-599-thread-1] INFO  server.RaftServerConfigKeys (ConfUtils.java:logGet(43)) - raft.server.log.corruption.policy = EXCEPTION (default)
2019-11-13 20:20:24,765 [pool-599-thread-1] INFO  storage.RaftStorageDirectory (RaftStorageDirectory.java:analyzeStorage(246)) - The storage directory /workdir/hadoop-ozone/integration-test/target/test-dir/MiniOzoneClusterImpl-252be716-c998-406a-83e5-534d363f62a9/datanode-9/data/ratis/7daaedd4-6e55-401d-a57e-f6ead140f79b does not exist. Creating ...
2019-11-13 20:20:24,777 [pool-599-thread-1] INFO  storage.RaftStorageDirectory (RaftStorageDirectory.java:tryLock(328)) - Lock on /workdir/hadoop-ozone/integration-test/target/test-dir/MiniOzoneClusterImpl-252be716-c998-406a-83e5-534d363f62a9/datanode-9/data/ratis/7daaedd4-6e55-401d-a57e-f6ead140f79b/in_use.lock acquired by nodename 4344@pr-hdds-2375-t422d-1049308724
2019-11-13 20:20:24,790 [pool-599-thread-1] INFO  storage.RaftStorage (RaftStorage.java:format(84)) - Storage directory /workdir/hadoop-ozone/integration-test/target/test-dir/MiniOzoneClusterImpl-252be716-c998-406a-83e5-534d363f62a9/datanode-9/data/ratis/7daaedd4-6e55-401d-a57e-f6ead140f79b has been successfully formatted.
2019-11-13 20:20:24,790 [b0735163-16b4-4eff-936d-5712c77b458f@group-5A0384424C39-SegmentedRaftLogWorker] INFO  segmented.SegmentedRaftLogWorker (SegmentedRaftLogWorker.java:execute(576)) - b0735163-16b4-4eff-936d-5712c77b458f@group-5A0384424C39-SegmentedRaftLogWorker: created new log segment /workdir/hadoop-ozone/integration-test/target/test-dir/MiniOzoneClusterImpl-252be716-c998-406a-83e5-534d363f62a9/datanode-2/data/ratis/106bc081-73bc-4cfa-8263-5a0384424c39/current/log_inprogress_0
2019-11-13 20:20:24,790 [pool-599-thread-1] INFO  ratis.ContainerStateMachine (ContainerStateMachine.java:loadSnapshot(223)) - group-F6EAD140F79B: The snapshot info is null. Setting the last applied indexto:(t:0, i:~)
2019-11-13 20:20:24,791 [pool-599-thread-1] INFO  server.RaftServerConfigKeys (ConfUtils.java:logGet(43)) - raft.server.notification.no-leader.timeout = 120s (custom)
2019-11-13 20:20:24,791 [pool-599-thread-1] INFO  server.RaftServerConfigKeys (ConfUtils.java:logGet(43)) - raft.server.log.use.memory = false (default)
2019-11-13 20:20:24,791 [pool-599-thread-1] INFO  server.RaftServerConfigKeys (ConfUtils.java:logGet(43)) - raft.server.log.purge.gap = 1000000 (custom)
2019-11-13 20:20:24,791 [pool-599-thread-1] INFO  server.RaftServerConfigKeys (ConfUtils.java:logGet(43)) - raft.server.log.appender.buffer.byte-limit = 33554432 (custom)
2019-11-13 20:20:24,791 [pool-599-thread-1] INFO  server.RaftServerConfigKeys (ConfUtils.java:logGet(43)) - raft.server.log.segment.size.max = 1048576 (custom)
2019-11-13 20:20:24,791 [pool-599-thread-1] INFO  server.RaftServerConfigKeys (ConfUtils.java:logGet(43)) - raft.server.log.segment.cache.num.max = 2 (custom)
2019-11-13 20:20:24,791 [pool-599-thread-1] INFO  segmented.SegmentedRaftLogWorker (SegmentedRaftLogWorker.java:<init>(173)) - new ad900a72-65c6-4ee1-bf89-d32e01cfc372@group-F6EAD140F79B-SegmentedRaftLogWorker for RaftStorage:Storage Directory /workdir/hadoop-ozone/integration-test/target/test-dir/MiniOzoneClusterImpl-252be716-c998-406a-83e5-534d363f62a9/datanode-9/data/ratis/7daaedd4-6e55-401d-a57e-f6ead140f79b
2019-11-13 20:20:24,791 [pool-599-thread-1] INFO  server.RaftServerConfigKeys (ConfUtils.java:logGet(43)) - raft.server.log.queue.byte-limit = 2147483647 (custom)
2019-11-13 20:20:24,791 [pool-599-thread-1] INFO  server.RaftServerConfigKeys (ConfUtils.java:logGet(43)) - raft.server.log.queue.element-limit = 1024 (custom)
2019-11-13 20:20:24,791 [pool-599-thread-1] INFO  server.RaftServerConfigKeys (ConfUtils.java:logGet(43)) - raft.server.log.segment.size.max = 1048576 (custom)
2019-11-13 20:20:24,791 [pool-599-thread-1] INFO  server.RaftServerConfigKeys (ConfUtils.java:logGet(43)) - raft.server.log.preallocated.size = 16384 (custom)
2019-11-13 20:20:24,791 [pool-599-thread-1] INFO  server.RaftServerConfigKeys (ConfUtils.java:logGet(43)) - raft.server.log.write.buffer.size = 33554432 (custom)
2019-11-13 20:20:24,791 [pool-599-thread-1] INFO  server.RaftServerConfigKeys (ConfUtils.java:logGet(43)) - raft.server.log.force.sync.num = 128 (default)
2019-11-13 20:20:24,791 [pool-599-thread-1] INFO  server.RaftServerConfigKeys (ConfUtils.java:logGet(43)) - raft.server.log.statemachine.data.sync = true (default)
2019-11-13 20:20:24,792 [pool-599-thread-1] INFO  server.RaftServerConfigKeys (ConfUtils.java:logGet(43)) - raft.server.log.statemachine.data.sync.timeout = 10s (default)
2019-11-13 20:20:24,792 [pool-599-thread-1] INFO  server.RaftServerConfigKeys (ConfUtils.java:logGet(43)) - raft.server.log.statemachine.data.sync.timeout.retry = -1 (default)
2019-11-13 20:20:24,792 [pool-599-thread-1] INFO  server.RaftServerConfigKeys (ConfUtils.java:logGet(43)) - raft.server.log.statemachine.data.caching.enabled = true (custom)
2019-11-13 20:20:24,792 [pool-599-thread-1] INFO  segmented.SegmentedRaftLogWorker (SegmentedRaftLogWorker.java:lambda$new$0(128)) - ad900a72-65c6-4ee1-bf89-d32e01cfc372@group-F6EAD140F79B-SegmentedRaftLogWorker: flushIndex: setUnconditionally 0 -> -1
2019-11-13 20:20:24,792 [pool-599-thread-1] INFO  server.RaftServerConfigKeys (ConfUtils.java:logGet(43)) - raft.server.snapshot.auto.trigger.enabled = true (custom)
2019-11-13 20:20:24,792 [pool-599-thread-1] INFO  server.RaftServerConfigKeys (ConfUtils.java:logGet(43)) - raft.server.snapshot.auto.trigger.threshold = 10000 (custom)
2019-11-13 20:20:24,792 [pool-599-thread-1] INFO  server.RaftServerConfigKeys (ConfUtils.java:logGet(43)) - raft.server.snapshot.retention.file.num = 5 (custom)
2019-11-13 20:20:24,792 [pool-599-thread-1] INFO  server.RaftServerConfigKeys (ConfUtils.java:logGet(43)) - raft.server.retrycache.expirytime = 600000ms (custom)
2019-11-13 20:20:24,792 [pool-599-thread-1] WARN  impl.MetricRegistriesImpl (MetricRegistriesImpl.java:lambda$create$1(61)) - First MetricRegistry has been created without registering reporters. You may need to call MetricRegistries.global().addReportRegistration(...) before.
2019-11-13 20:20:24,792 [pool-599-thread-1] WARN  impl.MetricRegistriesImpl (MetricRegistriesImpl.java:lambda$create$1(61)) - First MetricRegistry has been created without registering reporters. You may need to call MetricRegistries.global().addReportRegistration(...) before.
2019-11-13 20:20:24,793 [pool-599-thread-1] INFO  impl.RaftServerImpl (RaftServerImpl.java:start(184)) - ad900a72-65c6-4ee1-bf89-d32e01cfc372@group-F6EAD140F79B: start as a follower, conf=-1: [ad900a72-65c6-4ee1-bf89-d32e01cfc372:192.168.164.208:38759], old=null
2019-11-13 20:20:24,793 [pool-599-thread-1] INFO  impl.RaftServerImpl (RaftServerImpl.java:setRole(173)) - ad900a72-65c6-4ee1-bf89-d32e01cfc372@group-F6EAD140F79B: changes role from      null to FOLLOWER at term 0 for startAsFollower
2019-11-13 20:20:24,793 [pool-599-thread-1] INFO  impl.RoleInfo (RoleInfo.java:updateAndGet(143)) - ad900a72-65c6-4ee1-bf89-d32e01cfc372: start FollowerState
2019-11-13 20:20:24,793 [pool-599-thread-1] INFO  util.JmxRegister (JmxRegister.java:tryRegister(44)) - Successfully registered JMX Bean with object name Ratis:service=RaftServer,group=group-F6EAD140F79B,id=ad900a72-65c6-4ee1-bf89-d32e01cfc372
2019-11-13 20:20:24,793 [pool-599-thread-1] WARN  impl.MetricRegistriesImpl (MetricRegistriesImpl.java:lambda$create$1(61)) - First MetricRegistry has been created without registering reporters. You may need to call MetricRegistries.global().addReportRegistration(...) before.
2019-11-13 20:20:24,795 [RatisPipelineUtilsThread] INFO  pipeline.PipelineStateManager (PipelineStateManager.java:addPipeline(55)) - Created pipeline Pipeline[ Id: 7daaedd4-6e55-401d-a57e-f6ead140f79b, Nodes: ad900a72-65c6-4ee1-bf89-d32e01cfc372{ip: 192.168.164.208, host: pr-hdds-2375-t422d-1049308724, networkLocation: /rack1, certSerialId: null}, Type:RATIS, Factor:ONE, State:ALLOCATED]
2019-11-13 20:20:25,591 [Thread-4319] INFO  impl.FollowerState (FollowerState.java:run(111)) - 4ccef42d-128e-4eed-9e45-8d297f7adfc0@group-D0755ABA686A-FollowerState: change to CANDIDATE, lastRpcTime:1087ms, electionTimeout:1087ms
2019-11-13 20:20:25,591 [Thread-4319] INFO  impl.RoleInfo (RoleInfo.java:shutdownFollowerState(121)) - 4ccef42d-128e-4eed-9e45-8d297f7adfc0: shutdown FollowerState
2019-11-13 20:20:25,591 [Thread-4319] INFO  impl.RaftServerImpl (RaftServerImpl.java:setRole(173)) - 4ccef42d-128e-4eed-9e45-8d297f7adfc0@group-D0755ABA686A: changes role from  FOLLOWER to CANDIDATE at term 0 for changeToCandidate
2019-11-13 20:20:25,591 [Thread-4319] INFO  impl.RoleInfo (RoleInfo.java:updateAndGet(143)) - 4ccef42d-128e-4eed-9e45-8d297f7adfc0: start LeaderElection
2019-11-13 20:20:25,608 [4ccef42d-128e-4eed-9e45-8d297f7adfc0@group-D0755ABA686A-LeaderElection205] INFO  impl.LeaderElection (LeaderElection.java:askForVotes(178)) - 4ccef42d-128e-4eed-9e45-8d297f7adfc0@group-D0755ABA686A-LeaderElection205: begin an election at term 1 for -1: [4ccef42d-128e-4eed-9e45-8d297f7adfc0:192.168.164.208:42894, 52541eb8-c0db-4941-8ea5-4f6f65566359:192.168.164.208:33189, 5d9d256b-54cf-4856-8c87-6034b73b04bd:192.168.164.208:43036], old=null
2019-11-13 20:20:25,613 [grpc-default-executor-3] INFO  impl.RaftServerImpl (RaftServerImpl.java:setRole(173)) - 52541eb8-c0db-4941-8ea5-4f6f65566359@group-D0755ABA686A: changes role from  FOLLOWER to FOLLOWER at term 1 for recognizeCandidate:4ccef42d-128e-4eed-9e45-8d297f7adfc0
2019-11-13 20:20:25,613 [grpc-default-executor-3] INFO  impl.RoleInfo (RoleInfo.java:shutdownFollowerState(121)) - 52541eb8-c0db-4941-8ea5-4f6f65566359: shutdown FollowerState
2019-11-13 20:20:25,613 [grpc-default-executor-3] INFO  impl.RoleInfo (RoleInfo.java:updateAndGet(143)) - 52541eb8-c0db-4941-8ea5-4f6f65566359: start FollowerState
2019-11-13 20:20:25,616 [grpc-default-executor-6] INFO  impl.RaftServerImpl (RaftServerImpl.java:setRole(173)) - 5d9d256b-54cf-4856-8c87-6034b73b04bd@group-D0755ABA686A: changes role from  FOLLOWER to FOLLOWER at term 1 for recognizeCandidate:4ccef42d-128e-4eed-9e45-8d297f7adfc0
2019-11-13 20:20:25,616 [grpc-default-executor-6] INFO  impl.RoleInfo (RoleInfo.java:shutdownFollowerState(121)) - 5d9d256b-54cf-4856-8c87-6034b73b04bd: shutdown FollowerState
2019-11-13 20:20:25,613 [Thread-4320] INFO  impl.FollowerState (FollowerState.java:run(120)) - 52541eb8-c0db-4941-8ea5-4f6f65566359@group-D0755ABA686A-FollowerState was interrupted: java.lang.InterruptedException: sleep interrupted
2019-11-13 20:20:25,616 [grpc-default-executor-6] INFO  impl.RoleInfo (RoleInfo.java:updateAndGet(143)) - 5d9d256b-54cf-4856-8c87-6034b73b04bd: start FollowerState
2019-11-13 20:20:25,616 [Thread-4315] INFO  impl.FollowerState (FollowerState.java:run(120)) - 5d9d256b-54cf-4856-8c87-6034b73b04bd@group-D0755ABA686A-FollowerState was interrupted: java.lang.InterruptedException: sleep interrupted
2019-11-13 20:20:25,626 [Thread-4329] INFO  impl.FollowerState (FollowerState.java:run(111)) - 57e4e4f3-95e6-4ba3-b7c4-7652bb100830@group-3CC11B5AB53E-FollowerState: change to CANDIDATE, lastRpcTime:1025ms, electionTimeout:1025ms
2019-11-13 20:20:25,626 [Thread-4329] INFO  impl.RoleInfo (RoleInfo.java:shutdownFollowerState(121)) - 57e4e4f3-95e6-4ba3-b7c4-7652bb100830: shutdown FollowerState
2019-11-13 20:20:25,626 [Thread-4329] INFO  impl.RaftServerImpl (RaftServerImpl.java:setRole(173)) - 57e4e4f3-95e6-4ba3-b7c4-7652bb100830@group-3CC11B5AB53E: changes role from  FOLLOWER to CANDIDATE at term 0 for changeToCandidate
2019-11-13 20:20:25,627 [Thread-4329] INFO  impl.RoleInfo (RoleInfo.java:updateAndGet(143)) - 57e4e4f3-95e6-4ba3-b7c4-7652bb100830: start LeaderElection
2019-11-13 20:20:25,632 [4ccef42d-128e-4eed-9e45-8d297f7adfc0@group-D0755ABA686A-LeaderElection205] INFO  impl.LeaderElection (LeaderElection.java:logAndReturn(56)) - 4ccef42d-128e-4eed-9e45-8d297f7adfc0@group-D0755ABA686A-LeaderElection205: Election PASSED; received 1 response(s) [4ccef42d-128e-4eed-9e45-8d297f7adfc0<-52541eb8-c0db-4941-8ea5-4f6f65566359#0:OK-t1] and 0 exception(s); 4ccef42d-128e-4eed-9e45-8d297f7adfc0@group-D0755ABA686A:t1, leader=null, voted=4ccef42d-128e-4eed-9e45-8d297f7adfc0, raftlog=4ccef42d-128e-4eed-9e45-8d297f7adfc0@group-D0755ABA686A-SegmentedRaftLog:OPENED:c-1,f-1,i0, conf=-1: [4ccef42d-128e-4eed-9e45-8d297f7adfc0:192.168.164.208:42894, 52541eb8-c0db-4941-8ea5-4f6f65566359:192.168.164.208:33189, 5d9d256b-54cf-4856-8c87-6034b73b04bd:192.168.164.208:43036], old=null
2019-11-13 20:20:25,632 [4ccef42d-128e-4eed-9e45-8d297f7adfc0@group-D0755ABA686A-LeaderElection205] INFO  impl.RoleInfo (RoleInfo.java:shutdownLeaderElection(134)) - 4ccef42d-128e-4eed-9e45-8d297f7adfc0: shutdown LeaderElection
2019-11-13 20:20:25,632 [4ccef42d-128e-4eed-9e45-8d297f7adfc0@group-D0755ABA686A-LeaderElection205] INFO  impl.RaftServerImpl (RaftServerImpl.java:setRole(173)) - 4ccef42d-128e-4eed-9e45-8d297f7adfc0@group-D0755ABA686A: changes role from CANDIDATE to LEADER at term 1 for changeToLeader
2019-11-13 20:20:25,633 [4ccef42d-128e-4eed-9e45-8d297f7adfc0@group-D0755ABA686A-LeaderElection205] INFO  ratis.XceiverServerRatis (XceiverServerRatis.java:handleLeaderChangedNotification(697)) - Leader change notification received for group: group-D0755ABA686A with new leaderId: 4ccef42d-128e-4eed-9e45-8d297f7adfc0
2019-11-13 20:20:25,633 [4ccef42d-128e-4eed-9e45-8d297f7adfc0@group-D0755ABA686A-LeaderElection205] INFO  impl.RaftServerImpl (ServerState.java:setLeader(255)) - 4ccef42d-128e-4eed-9e45-8d297f7adfc0@group-D0755ABA686A: change Leader from null to 4ccef42d-128e-4eed-9e45-8d297f7adfc0 at term 1 for becomeLeader, leader elected after 1139ms
2019-11-13 20:20:25,633 [4ccef42d-128e-4eed-9e45-8d297f7adfc0@group-D0755ABA686A-LeaderElection205] INFO  server.RaftServerConfigKeys (ConfUtils.java:logGet(43)) - raft.server.staging.catchup.gap = 1000 (default)
2019-11-13 20:20:25,633 [4ccef42d-128e-4eed-9e45-8d297f7adfc0@group-D0755ABA686A-LeaderElection205] INFO  server.RaftServerConfigKeys (ConfUtils.java:logGet(43)) - raft.server.rpc.sleep.time = 25ms (default)
2019-11-13 20:20:25,633 [4ccef42d-128e-4eed-9e45-8d297f7adfc0@group-D0755ABA686A-LeaderElection205] INFO  server.RaftServerConfigKeys (ConfUtils.java:logGet(43)) - raft.server.write.element-limit = 4096 (default)
2019-11-13 20:20:25,633 [4ccef42d-128e-4eed-9e45-8d297f7adfc0@group-D0755ABA686A-LeaderElection205] INFO  server.RaftServerConfigKeys (ConfUtils.java:logGet(43)) - raft.server.watch.timeout = 10s (default)
2019-11-13 20:20:25,633 [4ccef42d-128e-4eed-9e45-8d297f7adfc0@group-D0755ABA686A-LeaderElection205] INFO  server.RaftServerConfigKeys (ConfUtils.java:logGet(43)) - raft.server.watch.timeout.denomination = 1s (default)
2019-11-13 20:20:25,633 [4ccef42d-128e-4eed-9e45-8d297f7adfc0@group-D0755ABA686A-LeaderElection205] INFO  server.RaftServerConfigKeys (ConfUtils.java:logGet(43)) - raft.server.watch.element-limit = 65536 (default)
2019-11-13 20:20:25,633 [EventQueue-PipelineReportForPipelineReportHandler] INFO  pipeline.PipelineStateManager (PipelineStateManager.java:openPipeline(134)) - Pipeline Pipeline[ Id: 51b36c80-d228-40fb-a0cf-d0755aba686a, Nodes: 52541eb8-c0db-4941-8ea5-4f6f65566359{ip: 192.168.164.208, host: pr-hdds-2375-t422d-1049308724, networkLocation: /rack1, certSerialId: null}4ccef42d-128e-4eed-9e45-8d297f7adfc0{ip: 192.168.164.208, host: pr-hdds-2375-t422d-1049308724, networkLocation: /rack1, certSerialId: null}5d9d256b-54cf-4856-8c87-6034b73b04bd{ip: 192.168.164.208, host: pr-hdds-2375-t422d-1049308724, networkLocation: /rack1, certSerialId: null}, Type:RATIS, Factor:THREE, State:OPEN] moved to OPEN state
2019-11-13 20:20:25,634 [4ccef42d-128e-4eed-9e45-8d297f7adfc0@group-D0755ABA686A-LeaderElection205] INFO  server.RaftServerConfigKeys (ConfUtils.java:logGet(43)) - raft.server.log.appender.snapshot.chunk.size.max = 16MB (=16777216) (default)
2019-11-13 20:20:25,634 [4ccef42d-128e-4eed-9e45-8d297f7adfc0@group-D0755ABA686A-LeaderElection205] INFO  server.RaftServerConfigKeys (ConfUtils.java:logGet(43)) - raft.server.log.appender.buffer.byte-limit = 33554432 (custom)
2019-11-13 20:20:25,634 [4ccef42d-128e-4eed-9e45-8d297f7adfc0@group-D0755ABA686A-LeaderElection205] INFO  server.RaftServerConfigKeys (ConfUtils.java:logGet(43)) - raft.server.log.appender.buffer.element-limit = 1 (custom)
2019-11-13 20:20:25,634 [4ccef42d-128e-4eed-9e45-8d297f7adfc0@group-D0755ABA686A-LeaderElection205] INFO  grpc.GrpcConfigKeys$Server (ConfUtils.java:logGet(43)) - raft.grpc.server.leader.outstanding.appends.max = 128 (default)
2019-11-13 20:20:25,634 [4ccef42d-128e-4eed-9e45-8d297f7adfc0@group-D0755ABA686A-LeaderElection205] INFO  server.RaftServerConfigKeys (ConfUtils.java:logGet(43)) - raft.server.rpc.request.timeout = 3000ms (default)
2019-11-13 20:20:25,634 [4ccef42d-128e-4eed-9e45-8d297f7adfc0@group-D0755ABA686A-LeaderElection205] INFO  server.RaftServerConfigKeys (ConfUtils.java:logGet(43)) - raft.server.log.appender.install.snapshot.enabled = false (custom)
2019-11-13 20:20:25,635 [4ccef42d-128e-4eed-9e45-8d297f7adfc0@group-D0755ABA686A-LeaderElection205] WARN  impl.MetricRegistriesImpl (MetricRegistriesImpl.java:lambda$create$1(61)) - First MetricRegistry has been created without registering reporters. You may need to call MetricRegistries.global().addReportRegistration(...) before.
2019-11-13 20:20:25,635 [4ccef42d-128e-4eed-9e45-8d297f7adfc0@group-D0755ABA686A-LeaderElection205] INFO  server.RaftServerConfigKeys (ConfUtils.java:logGet(43)) - raft.server.log.appender.snapshot.chunk.size.max = 16MB (=16777216) (default)
2019-11-13 20:20:25,635 [4ccef42d-128e-4eed-9e45-8d297f7adfc0@group-D0755ABA686A-LeaderElection205] INFO  server.RaftServerConfigKeys (ConfUtils.java:logGet(43)) - raft.server.log.appender.buffer.byte-limit = 33554432 (custom)
2019-11-13 20:20:25,635 [4ccef42d-128e-4eed-9e45-8d297f7adfc0@group-D0755ABA686A-LeaderElection205] INFO  server.RaftServerConfigKeys (ConfUtils.java:logGet(43)) - raft.server.log.appender.buffer.element-limit = 1 (custom)
2019-11-13 20:20:25,635 [4ccef42d-128e-4eed-9e45-8d297f7adfc0@group-D0755ABA686A-LeaderElection205] INFO  grpc.GrpcConfigKeys$Server (ConfUtils.java:logGet(43)) - raft.grpc.server.leader.outstanding.appends.max = 128 (default)
2019-11-13 20:20:25,635 [4ccef42d-128e-4eed-9e45-8d297f7adfc0@group-D0755ABA686A-LeaderElection205] INFO  server.RaftServerConfigKeys (ConfUtils.java:logGet(43)) - raft.server.rpc.request.timeout = 3000ms (default)
2019-11-13 20:20:25,636 [4ccef42d-128e-4eed-9e45-8d297f7adfc0@group-D0755ABA686A-LeaderElection205] INFO  server.RaftServerConfigKeys (ConfUtils.java:logGet(43)) - raft.server.log.appender.install.snapshot.enabled = false (custom)
2019-11-13 20:20:25,636 [4ccef42d-128e-4eed-9e45-8d297f7adfc0@group-D0755ABA686A-LeaderElection205] INFO  impl.RoleInfo (RoleInfo.java:updateAndGet(143)) - 4ccef42d-128e-4eed-9e45-8d297f7adfc0: start LeaderState
2019-11-13 20:20:25,636 [4ccef42d-128e-4eed-9e45-8d297f7adfc0@group-D0755ABA686A-LeaderElection205] INFO  segmented.SegmentedRaftLogWorker (SegmentedRaftLogWorker.java:startLogSegment(385)) - 4ccef42d-128e-4eed-9e45-8d297f7adfc0@group-D0755ABA686A-SegmentedRaftLogWorker: Starting segment from index:0
2019-11-13 20:20:25,636 [4ccef42d-128e-4eed-9e45-8d297f7adfc0@group-D0755ABA686A-LeaderElection205] INFO  impl.RaftServerImpl (ServerState.java:setRaftConf(356)) - 4ccef42d-128e-4eed-9e45-8d297f7adfc0@group-D0755ABA686A: set configuration 0: [4ccef42d-128e-4eed-9e45-8d297f7adfc0:192.168.164.208:42894, 52541eb8-c0db-4941-8ea5-4f6f65566359:192.168.164.208:33189, 5d9d256b-54cf-4856-8c87-6034b73b04bd:192.168.164.208:43036], old=null at 0
2019-11-13 20:20:25,637 [grpc-default-executor-6] INFO  ratis.XceiverServerRatis (XceiverServerRatis.java:handleLeaderChangedNotification(697)) - Leader change notification received for group: group-D0755ABA686A with new leaderId: 4ccef42d-128e-4eed-9e45-8d297f7adfc0
2019-11-13 20:20:25,637 [grpc-default-executor-6] INFO  impl.RaftServerImpl (ServerState.java:setLeader(255)) - 5d9d256b-54cf-4856-8c87-6034b73b04bd@group-D0755ABA686A: change Leader from null to 4ccef42d-128e-4eed-9e45-8d297f7adfc0 at term 1 for appendEntries, leader elected after 1146ms
2019-11-13 20:20:25,637 [grpc-default-executor-3] INFO  ratis.XceiverServerRatis (XceiverServerRatis.java:handleLeaderChangedNotification(697)) - Leader change notification received for group: group-D0755ABA686A with new leaderId: 4ccef42d-128e-4eed-9e45-8d297f7adfc0
2019-11-13 20:20:25,638 [grpc-default-executor-3] INFO  impl.RaftServerImpl (ServerState.java:setLeader(255)) - 52541eb8-c0db-4941-8ea5-4f6f65566359@group-D0755ABA686A: change Leader from null to 4ccef42d-128e-4eed-9e45-8d297f7adfc0 at term 1 for appendEntries, leader elected after 1144ms
2019-11-13 20:20:25,659 [57e4e4f3-95e6-4ba3-b7c4-7652bb100830@group-3CC11B5AB53E-LeaderElection206] INFO  impl.LeaderElection (LeaderElection.java:askForVotes(178)) - 57e4e4f3-95e6-4ba3-b7c4-7652bb100830@group-3CC11B5AB53E-LeaderElection206: begin an election at term 1 for -1: [2eae8a0c-14f7-4974-be0f-a72b7694e262:192.168.164.208:33269, b0735163-16b4-4eff-936d-5712c77b458f:192.168.164.208:33769, 57e4e4f3-95e6-4ba3-b7c4-7652bb100830:192.168.164.208:33520], old=null
2019-11-13 20:20:25,659 [Thread-4334] INFO  impl.FollowerState (FollowerState.java:run(111)) - b0735163-16b4-4eff-936d-5712c77b458f@group-3CC11B5AB53E-FollowerState: change to CANDIDATE, lastRpcTime:1055ms, electionTimeout:1053ms
2019-11-13 20:20:25,660 [Thread-4334] INFO  impl.RoleInfo (RoleInfo.java:shutdownFollowerState(121)) - b0735163-16b4-4eff-936d-5712c77b458f: shutdown FollowerState
2019-11-13 20:20:25,662 [Thread-4334] INFO  impl.RaftServerImpl (RaftServerImpl.java:setRole(173)) - b0735163-16b4-4eff-936d-5712c77b458f@group-3CC11B5AB53E: changes role from  FOLLOWER to CANDIDATE at term 0 for changeToCandidate
2019-11-13 20:20:25,662 [Thread-4334] INFO  impl.RoleInfo (RoleInfo.java:updateAndGet(143)) - b0735163-16b4-4eff-936d-5712c77b458f: start LeaderElection
2019-11-13 20:20:25,663 [Thread-4333] INFO  impl.FollowerState (FollowerState.java:run(111)) - 2eae8a0c-14f7-4974-be0f-a72b7694e262@group-3CC11B5AB53E-FollowerState: change to CANDIDATE, lastRpcTime:1059ms, electionTimeout:1059ms
2019-11-13 20:20:25,663 [Thread-4333] INFO  impl.RoleInfo (RoleInfo.java:shutdownFollowerState(121)) - 2eae8a0c-14f7-4974-be0f-a72b7694e262: shutdown FollowerState
2019-11-13 20:20:25,667 [Thread-4333] INFO  impl.RaftServerImpl (RaftServerImpl.java:setRole(173)) - 2eae8a0c-14f7-4974-be0f-a72b7694e262@group-3CC11B5AB53E: changes role from  FOLLOWER to CANDIDATE at term 0 for changeToCandidate
2019-11-13 20:20:25,667 [grpc-default-executor-7] INFO  impl.RaftServerImpl (ServerState.java:setRaftConf(356)) - 5d9d256b-54cf-4856-8c87-6034b73b04bd@group-D0755ABA686A: set configuration 0: [4ccef42d-128e-4eed-9e45-8d297f7adfc0:192.168.164.208:42894, 52541eb8-c0db-4941-8ea5-4f6f65566359:192.168.164.208:33189, 5d9d256b-54cf-4856-8c87-6034b73b04bd:192.168.164.208:43036], old=null at 0
2019-11-13 20:20:25,667 [Thread-4333] INFO  impl.RoleInfo (RoleInfo.java:updateAndGet(143)) - 2eae8a0c-14f7-4974-be0f-a72b7694e262: start LeaderElection
2019-11-13 20:20:25,667 [grpc-default-executor-7] INFO  segmented.SegmentedRaftLogWorker (SegmentedRaftLogWorker.java:startLogSegment(385)) - 5d9d256b-54cf-4856-8c87-6034b73b04bd@group-D0755ABA686A-SegmentedRaftLogWorker: Starting segment from index:0
2019-11-13 20:20:25,667 [grpc-default-executor-0] INFO  impl.RaftServerImpl (ServerState.java:setRaftConf(356)) - 52541eb8-c0db-4941-8ea5-4f6f65566359@group-D0755ABA686A: set configuration 0: [4ccef42d-128e-4eed-9e45-8d297f7adfc0:192.168.164.208:42894, 52541eb8-c0db-4941-8ea5-4f6f65566359:192.168.164.208:33189, 5d9d256b-54cf-4856-8c87-6034b73b04bd:192.168.164.208:43036], old=null at 0
2019-11-13 20:20:25,668 [grpc-default-executor-0] INFO  segmented.SegmentedRaftLogWorker (SegmentedRaftLogWorker.java:startLogSegment(385)) - 52541eb8-c0db-4941-8ea5-4f6f65566359@group-D0755ABA686A-SegmentedRaftLogWorker: Starting segment from index:0
2019-11-13 20:20:25,672 [4ccef42d-128e-4eed-9e45-8d297f7adfc0@group-D0755ABA686A-SegmentedRaftLogWorker] INFO  segmented.SegmentedRaftLogWorker (SegmentedRaftLogWorker.java:execute(576)) - 4ccef42d-128e-4eed-9e45-8d297f7adfc0@group-D0755ABA686A-SegmentedRaftLogWorker: created new log segment /workdir/hadoop-ozone/integration-test/target/test-dir/MiniOzoneClusterImpl-252be716-c998-406a-83e5-534d363f62a9/datanode-7/data/ratis/51b36c80-d228-40fb-a0cf-d0755aba686a/current/log_inprogress_0
2019-11-13 20:20:25,672 [b0735163-16b4-4eff-936d-5712c77b458f@group-3CC11B5AB53E-LeaderElection207] INFO  impl.LeaderElection (LeaderElection.java:askForVotes(178)) - b0735163-16b4-4eff-936d-5712c77b458f@group-3CC11B5AB53E-LeaderElection207: begin an election at term 1 for -1: [2eae8a0c-14f7-4974-be0f-a72b7694e262:192.168.164.208:33269, b0735163-16b4-4eff-936d-5712c77b458f:192.168.164.208:33769, 57e4e4f3-95e6-4ba3-b7c4-7652bb100830:192.168.164.208:33520], old=null
2019-11-13 20:20:25,686 [2eae8a0c-14f7-4974-be0f-a72b7694e262@group-3CC11B5AB53E-LeaderElection208] INFO  impl.LeaderElection (LeaderElection.java:askForVotes(178)) - 2eae8a0c-14f7-4974-be0f-a72b7694e262@group-3CC11B5AB53E-LeaderElection208: begin an election at term 1 for -1: [2eae8a0c-14f7-4974-be0f-a72b7694e262:192.168.164.208:33269, b0735163-16b4-4eff-936d-5712c77b458f:192.168.164.208:33769, 57e4e4f3-95e6-4ba3-b7c4-7652bb100830:192.168.164.208:33520], old=null
2019-11-13 20:20:25,687 [b0735163-16b4-4eff-936d-5712c77b458f@group-3CC11B5AB53E-LeaderElection207] INFO  impl.LeaderElection (LeaderElection.java:logAndReturn(56)) - b0735163-16b4-4eff-936d-5712c77b458f@group-3CC11B5AB53E-LeaderElection207: Election REJECTED; received 2 response(s) [b0735163-16b4-4eff-936d-5712c77b458f<-2eae8a0c-14f7-4974-be0f-a72b7694e262#0:FAIL-t1, b0735163-16b4-4eff-936d-5712c77b458f<-57e4e4f3-95e6-4ba3-b7c4-7652bb100830#0:FAIL-t1] and 0 exception(s); b0735163-16b4-4eff-936d-5712c77b458f@group-3CC11B5AB53E:t1, leader=null, voted=b0735163-16b4-4eff-936d-5712c77b458f, raftlog=b0735163-16b4-4eff-936d-5712c77b458f@group-3CC11B5AB53E-SegmentedRaftLog:OPENED:c-1,f-1,i0, conf=-1: [2eae8a0c-14f7-4974-be0f-a72b7694e262:192.168.164.208:33269, b0735163-16b4-4eff-936d-5712c77b458f:192.168.164.208:33769, 57e4e4f3-95e6-4ba3-b7c4-7652bb100830:192.168.164.208:33520], old=null
2019-11-13 20:20:25,687 [57e4e4f3-95e6-4ba3-b7c4-7652bb100830@group-3CC11B5AB53E-LeaderElection206] INFO  impl.LeaderElection (LeaderElection.java:logAndReturn(56)) - 57e4e4f3-95e6-4ba3-b7c4-7652bb100830@group-3CC11B5AB53E-LeaderElection206: Election REJECTED; received 2 response(s) [57e4e4f3-95e6-4ba3-b7c4-7652bb100830<-2eae8a0c-14f7-4974-be0f-a72b7694e262#0:FAIL-t1, 57e4e4f3-95e6-4ba3-b7c4-7652bb100830<-b0735163-16b4-4eff-936d-5712c77b458f#0:FAIL-t1] and 0 exception(s); 57e4e4f3-95e6-4ba3-b7c4-7652bb100830@group-3CC11B5AB53E:t1, leader=null, voted=57e4e4f3-95e6-4ba3-b7c4-7652bb100830, raftlog=57e4e4f3-95e6-4ba3-b7c4-7652bb100830@group-3CC11B5AB53E-SegmentedRaftLog:OPENED:c-1,f-1,i0, conf=-1: [2eae8a0c-14f7-4974-be0f-a72b7694e262:192.168.164.208:33269, b0735163-16b4-4eff-936d-5712c77b458f:192.168.164.208:33769, 57e4e4f3-95e6-4ba3-b7c4-7652bb100830:192.168.164.208:33520], old=null
2019-11-13 20:20:25,687 [b0735163-16b4-4eff-936d-5712c77b458f@group-3CC11B5AB53E-LeaderElection207] INFO  impl.RaftServerImpl (RaftServerImpl.java:setRole(173)) - b0735163-16b4-4eff-936d-5712c77b458f@group-3CC11B5AB53E: changes role from CANDIDATE to FOLLOWER at term 1 for DISCOVERED_A_NEW_TERM
2019-11-13 20:20:25,687 [57e4e4f3-95e6-4ba3-b7c4-7652bb100830@group-3CC11B5AB53E-LeaderElection206] INFO  impl.RaftServerImpl (RaftServerImpl.java:setRole(173)) - 57e4e4f3-95e6-4ba3-b7c4-7652bb100830@group-3CC11B5AB53E: changes role from CANDIDATE to FOLLOWER at term 1 for DISCOVERED_A_NEW_TERM
2019-11-13 20:20:25,687 [57e4e4f3-95e6-4ba3-b7c4-7652bb100830@group-3CC11B5AB53E-LeaderElection206] INFO  impl.RoleInfo (RoleInfo.java:shutdownLeaderElection(134)) - 57e4e4f3-95e6-4ba3-b7c4-7652bb100830: shutdown LeaderElection
2019-11-13 20:20:25,687 [b0735163-16b4-4eff-936d-5712c77b458f@group-3CC11B5AB53E-LeaderElection207] INFO  impl.RoleInfo (RoleInfo.java:shutdownLeaderElection(134)) - b0735163-16b4-4eff-936d-5712c77b458f: shutdown LeaderElection
2019-11-13 20:20:25,687 [57e4e4f3-95e6-4ba3-b7c4-7652bb100830@group-3CC11B5AB53E-LeaderElection206] INFO  impl.RoleInfo (RoleInfo.java:updateAndGet(143)) - 57e4e4f3-95e6-4ba3-b7c4-7652bb100830: start FollowerState
2019-11-13 20:20:25,687 [b0735163-16b4-4eff-936d-5712c77b458f@group-3CC11B5AB53E-LeaderElection207] INFO  impl.RoleInfo (RoleInfo.java:updateAndGet(143)) - b0735163-16b4-4eff-936d-5712c77b458f: start FollowerState
2019-11-13 20:20:25,711 [Thread-4339] INFO  impl.FollowerState (FollowerState.java:run(111)) - 4ccef42d-128e-4eed-9e45-8d297f7adfc0@group-D4B35F2ACB63-FollowerState: change to CANDIDATE, lastRpcTime:1046ms, electionTimeout:1043ms
2019-11-13 20:20:25,711 [Thread-4339] INFO  impl.RoleInfo (RoleInfo.java:shutdownFollowerState(121)) - 4ccef42d-128e-4eed-9e45-8d297f7adfc0: shutdown FollowerState
2019-11-13 20:20:25,711 [Thread-4339] INFO  impl.RaftServerImpl (RaftServerImpl.java:setRole(173)) - 4ccef42d-128e-4eed-9e45-8d297f7adfc0@group-D4B35F2ACB63: changes role from  FOLLOWER to CANDIDATE at term 0 for changeToCandidate
2019-11-13 20:20:25,711 [Thread-4339] INFO  impl.RoleInfo (RoleInfo.java:updateAndGet(143)) - 4ccef42d-128e-4eed-9e45-8d297f7adfc0: start LeaderElection
2019-11-13 20:20:25,716 [2eae8a0c-14f7-4974-be0f-a72b7694e262@group-3CC11B5AB53E-LeaderElection208] INFO  impl.LeaderElection (LeaderElection.java:logAndReturn(56)) - 2eae8a0c-14f7-4974-be0f-a72b7694e262@group-3CC11B5AB53E-LeaderElection208: Election REJECTED; received 2 response(s) [2eae8a0c-14f7-4974-be0f-a72b7694e262<-b0735163-16b4-4eff-936d-5712c77b458f#0:FAIL-t1, 2eae8a0c-14f7-4974-be0f-a72b7694e262<-57e4e4f3-95e6-4ba3-b7c4-7652bb100830#0:FAIL-t1] and 0 exception(s); 2eae8a0c-14f7-4974-be0f-a72b7694e262@group-3CC11B5AB53E:t1, leader=null, voted=2eae8a0c-14f7-4974-be0f-a72b7694e262, raftlog=2eae8a0c-14f7-4974-be0f-a72b7694e262@group-3CC11B5AB53E-SegmentedRaftLog:OPENED:c-1,f-1,i0, conf=-1: [2eae8a0c-14f7-4974-be0f-a72b7694e262:192.168.164.208:33269, b0735163-16b4-4eff-936d-5712c77b458f:192.168.164.208:33769, 57e4e4f3-95e6-4ba3-b7c4-7652bb100830:192.168.164.208:33520], old=null
2019-11-13 20:20:25,716 [2eae8a0c-14f7-4974-be0f-a72b7694e262@group-3CC11B5AB53E-LeaderElection208] INFO  impl.RaftServerImpl (RaftServerImpl.java:setRole(173)) - 2eae8a0c-14f7-4974-be0f-a72b7694e262@group-3CC11B5AB53E: changes role from CANDIDATE to FOLLOWER at term 1 for DISCOVERED_A_NEW_TERM
2019-11-13 20:20:25,716 [2eae8a0c-14f7-4974-be0f-a72b7694e262@group-3CC11B5AB53E-LeaderElection208] INFO  impl.RoleInfo (RoleInfo.java:shutdownLeaderElection(134)) - 2eae8a0c-14f7-4974-be0f-a72b7694e262: shutdown LeaderElection
2019-11-13 20:20:25,716 [2eae8a0c-14f7-4974-be0f-a72b7694e262@group-3CC11B5AB53E-LeaderElection208] INFO  impl.RoleInfo (RoleInfo.java:updateAndGet(143)) - 2eae8a0c-14f7-4974-be0f-a72b7694e262: start FollowerState
2019-11-13 20:20:25,773 [5d9d256b-54cf-4856-8c87-6034b73b04bd@group-D0755ABA686A-SegmentedRaftLogWorker] INFO  segmented.SegmentedRaftLogWorker (SegmentedRaftLogWorker.java:execute(576)) - 5d9d256b-54cf-4856-8c87-6034b73b04bd@group-D0755ABA686A-SegmentedRaftLogWorker: created new log segment /workdir/hadoop-ozone/integration-test/target/test-dir/MiniOzoneClusterImpl-252be716-c998-406a-83e5-534d363f62a9/datanode-6/data/ratis/51b36c80-d228-40fb-a0cf-d0755aba686a/current/log_inprogress_0
2019-11-13 20:20:25,773 [52541eb8-c0db-4941-8ea5-4f6f65566359@group-D0755ABA686A-SegmentedRaftLogWorker] INFO  segmented.SegmentedRaftLogWorker (SegmentedRaftLogWorker.java:execute(576)) - 52541eb8-c0db-4941-8ea5-4f6f65566359@group-D0755ABA686A-SegmentedRaftLogWorker: created new log segment /workdir/hadoop-ozone/integration-test/target/test-dir/MiniOzoneClusterImpl-252be716-c998-406a-83e5-534d363f62a9/datanode-8/data/ratis/51b36c80-d228-40fb-a0cf-d0755aba686a/current/log_inprogress_0
2019-11-13 20:20:25,773 [4ccef42d-128e-4eed-9e45-8d297f7adfc0@group-D4B35F2ACB63-LeaderElection209] INFO  impl.LeaderElection (LeaderElection.java:askForVotes(178)) - 4ccef42d-128e-4eed-9e45-8d297f7adfc0@group-D4B35F2ACB63-LeaderElection209: begin an election at term 1 for -1: [4ccef42d-128e-4eed-9e45-8d297f7adfc0:192.168.164.208:42894], old=null
2019-11-13 20:20:25,773 [4ccef42d-128e-4eed-9e45-8d297f7adfc0@group-D4B35F2ACB63-LeaderElection209] INFO  impl.RoleInfo (RoleInfo.java:shutdownLeaderElection(134)) - 4ccef42d-128e-4eed-9e45-8d297f7adfc0: shutdown LeaderElection
2019-11-13 20:20:25,773 [4ccef42d-128e-4eed-9e45-8d297f7adfc0@group-D4B35F2ACB63-LeaderElection209] INFO  impl.RaftServerImpl (RaftServerImpl.java:setRole(173)) - 4ccef42d-128e-4eed-9e45-8d297f7adfc0@group-D4B35F2ACB63: changes role from CANDIDATE to LEADER at term 1 for changeToLeader
2019-11-13 20:20:25,773 [4ccef42d-128e-4eed-9e45-8d297f7adfc0@group-D4B35F2ACB63-LeaderElection209] INFO  ratis.XceiverServerRatis (XceiverServerRatis.java:handleLeaderChangedNotification(697)) - Leader change notification received for group: group-D4B35F2ACB63 with new leaderId: 4ccef42d-128e-4eed-9e45-8d297f7adfc0
2019-11-13 20:20:25,773 [4ccef42d-128e-4eed-9e45-8d297f7adfc0@group-D4B35F2ACB63-LeaderElection209] INFO  impl.RaftServerImpl (ServerState.java:setLeader(255)) - 4ccef42d-128e-4eed-9e45-8d297f7adfc0@group-D4B35F2ACB63: change Leader from null to 4ccef42d-128e-4eed-9e45-8d297f7adfc0 at term 1 for becomeLeader, leader elected after 1111ms
2019-11-13 20:20:25,773 [4ccef42d-128e-4eed-9e45-8d297f7adfc0@group-D4B35F2ACB63-LeaderElection209] INFO  server.RaftServerConfigKeys (ConfUtils.java:logGet(43)) - raft.server.staging.catchup.gap = 1000 (default)
2019-11-13 20:20:25,774 [4ccef42d-128e-4eed-9e45-8d297f7adfc0@group-D4B35F2ACB63-LeaderElection209] INFO  server.RaftServerConfigKeys (ConfUtils.java:logGet(43)) - raft.server.rpc.sleep.time = 25ms (default)
2019-11-13 20:20:25,774 [4ccef42d-128e-4eed-9e45-8d297f7adfc0@group-D4B35F2ACB63-LeaderElection209] INFO  server.RaftServerConfigKeys (ConfUtils.java:logGet(43)) - raft.server.write.element-limit = 4096 (default)
2019-11-13 20:20:25,774 [4ccef42d-128e-4eed-9e45-8d297f7adfc0@group-D4B35F2ACB63-LeaderElection209] INFO  server.RaftServerConfigKeys (ConfUtils.java:logGet(43)) - raft.server.watch.timeout = 10s (default)
2019-11-13 20:20:25,774 [4ccef42d-128e-4eed-9e45-8d297f7adfc0@group-D4B35F2ACB63-LeaderElection209] INFO  server.RaftServerConfigKeys (ConfUtils.java:logGet(43)) - raft.server.watch.timeout.denomination = 1s (default)
2019-11-13 20:20:25,774 [4ccef42d-128e-4eed-9e45-8d297f7adfc0@group-D4B35F2ACB63-LeaderElection209] INFO  server.RaftServerConfigKeys (ConfUtils.java:logGet(43)) - raft.server.watch.element-limit = 65536 (default)
2019-11-13 20:20:25,774 [EventQueue-PipelineReportForPipelineReportHandler] INFO  pipeline.PipelineStateManager (PipelineStateManager.java:openPipeline(134)) - Pipeline Pipeline[ Id: 5ba01f7f-b876-4425-bd73-d4b35f2acb63, Nodes: 4ccef42d-128e-4eed-9e45-8d297f7adfc0{ip: 192.168.164.208, host: pr-hdds-2375-t422d-1049308724, networkLocation: /rack1, certSerialId: null}, Type:RATIS, Factor:ONE, State:OPEN] moved to OPEN state
2019-11-13 20:20:25,774 [4ccef42d-128e-4eed-9e45-8d297f7adfc0@group-D4B35F2ACB63-LeaderElection209] INFO  impl.RoleInfo (RoleInfo.java:updateAndGet(143)) - 4ccef42d-128e-4eed-9e45-8d297f7adfc0: start LeaderState
2019-11-13 20:20:25,775 [4ccef42d-128e-4eed-9e45-8d297f7adfc0@group-D4B35F2ACB63-LeaderElection209] INFO  segmented.SegmentedRaftLogWorker (SegmentedRaftLogWorker.java:startLogSegment(385)) - 4ccef42d-128e-4eed-9e45-8d297f7adfc0@group-D4B35F2ACB63-SegmentedRaftLogWorker: Starting segment from index:0
2019-11-13 20:20:25,775 [4ccef42d-128e-4eed-9e45-8d297f7adfc0@group-D4B35F2ACB63-LeaderElection209] INFO  impl.RaftServerImpl (ServerState.java:setRaftConf(356)) - 4ccef42d-128e-4eed-9e45-8d297f7adfc0@group-D4B35F2ACB63: set configuration 0: [4ccef42d-128e-4eed-9e45-8d297f7adfc0:192.168.164.208:42894], old=null at 0
2019-11-13 20:20:25,830 [4ccef42d-128e-4eed-9e45-8d297f7adfc0@group-D4B35F2ACB63-SegmentedRaftLogWorker] INFO  segmented.SegmentedRaftLogWorker (SegmentedRaftLogWorker.java:execute(576)) - 4ccef42d-128e-4eed-9e45-8d297f7adfc0@group-D4B35F2ACB63-SegmentedRaftLogWorker: created new log segment /workdir/hadoop-ozone/integration-test/target/test-dir/MiniOzoneClusterImpl-252be716-c998-406a-83e5-534d363f62a9/datanode-7/data/ratis/5ba01f7f-b876-4425-bd73-d4b35f2acb63/current/log_inprogress_0
2019-11-13 20:20:25,850 [Thread-4345] INFO  impl.FollowerState (FollowerState.java:run(111)) - 7a884130-6d50-4d25-81cf-a815cb8b077e@group-D2A2854C45C9-FollowerState: change to CANDIDATE, lastRpcTime:1141ms, electionTimeout:1141ms
2019-11-13 20:20:25,850 [Thread-4345] INFO  impl.RoleInfo (RoleInfo.java:shutdownFollowerState(121)) - 7a884130-6d50-4d25-81cf-a815cb8b077e: shutdown FollowerState
2019-11-13 20:20:25,851 [Thread-4345] INFO  impl.RaftServerImpl (RaftServerImpl.java:setRole(173)) - 7a884130-6d50-4d25-81cf-a815cb8b077e@group-D2A2854C45C9: changes role from  FOLLOWER to CANDIDATE at term 0 for changeToCandidate
2019-11-13 20:20:25,851 [Thread-4345] INFO  impl.RoleInfo (RoleInfo.java:updateAndGet(143)) - 7a884130-6d50-4d25-81cf-a815cb8b077e: start LeaderElection
2019-11-13 20:20:25,854 [Thread-4351] INFO  impl.FollowerState (FollowerState.java:run(111)) - 52541eb8-c0db-4941-8ea5-4f6f65566359@group-E9DABB08897E-FollowerState: change to CANDIDATE, lastRpcTime:1100ms, electionTimeout:1100ms
2019-11-13 20:20:25,856 [Thread-4351] INFO  impl.RoleInfo (RoleInfo.java:shutdownFollowerState(121)) - 52541eb8-c0db-4941-8ea5-4f6f65566359: shutdown FollowerState
2019-11-13 20:20:25,856 [Thread-4351] INFO  impl.RaftServerImpl (RaftServerImpl.java:setRole(173)) - 52541eb8-c0db-4941-8ea5-4f6f65566359@group-E9DABB08897E: changes role from  FOLLOWER to CANDIDATE at term 0 for changeToCandidate
2019-11-13 20:20:25,857 [Thread-4351] INFO  impl.RoleInfo (RoleInfo.java:updateAndGet(143)) - 52541eb8-c0db-4941-8ea5-4f6f65566359: start LeaderElection
2019-11-13 20:20:25,870 [7a884130-6d50-4d25-81cf-a815cb8b077e@group-D2A2854C45C9-LeaderElection210] INFO  impl.LeaderElection (LeaderElection.java:askForVotes(178)) - 7a884130-6d50-4d25-81cf-a815cb8b077e@group-D2A2854C45C9-LeaderElection210: begin an election at term 1 for -1: [7a884130-6d50-4d25-81cf-a815cb8b077e:192.168.164.208:33820], old=null
2019-11-13 20:20:25,870 [52541eb8-c0db-4941-8ea5-4f6f65566359@group-E9DABB08897E-LeaderElection211] INFO  impl.LeaderElection (LeaderElection.java:askForVotes(178)) - 52541eb8-c0db-4941-8ea5-4f6f65566359@group-E9DABB08897E-LeaderElection211: begin an election at term 1 for -1: [52541eb8-c0db-4941-8ea5-4f6f65566359:192.168.164.208:33189], old=null
2019-11-13 20:20:25,870 [7a884130-6d50-4d25-81cf-a815cb8b077e@group-D2A2854C45C9-LeaderElection210] INFO  impl.RoleInfo (RoleInfo.java:shutdownLeaderElection(134)) - 7a884130-6d50-4d25-81cf-a815cb8b077e: shutdown LeaderElection
2019-11-13 20:20:25,870 [52541eb8-c0db-4941-8ea5-4f6f65566359@group-E9DABB08897E-LeaderElection211] INFO  impl.RoleInfo (RoleInfo.java:shutdownLeaderElection(134)) - 52541eb8-c0db-4941-8ea5-4f6f65566359: shutdown LeaderElection
2019-11-13 20:20:25,870 [7a884130-6d50-4d25-81cf-a815cb8b077e@group-D2A2854C45C9-LeaderElection210] INFO  impl.RaftServerImpl (RaftServerImpl.java:setRole(173)) - 7a884130-6d50-4d25-81cf-a815cb8b077e@group-D2A2854C45C9: changes role from CANDIDATE to LEADER at term 1 for changeToLeader
2019-11-13 20:20:25,870 [52541eb8-c0db-4941-8ea5-4f6f65566359@group-E9DABB08897E-LeaderElection211] INFO  impl.RaftServerImpl (RaftServerImpl.java:setRole(173)) - 52541eb8-c0db-4941-8ea5-4f6f65566359@group-E9DABB08897E: changes role from CANDIDATE to LEADER at term 1 for changeToLeader
2019-11-13 20:20:25,870 [7a884130-6d50-4d25-81cf-a815cb8b077e@group-D2A2854C45C9-LeaderElection210] INFO  ratis.XceiverServerRatis (XceiverServerRatis.java:handleLeaderChangedNotification(697)) - Leader change notification received for group: group-D2A2854C45C9 with new leaderId: 7a884130-6d50-4d25-81cf-a815cb8b077e
2019-11-13 20:20:25,870 [52541eb8-c0db-4941-8ea5-4f6f65566359@group-E9DABB08897E-LeaderElection211] INFO  ratis.XceiverServerRatis (XceiverServerRatis.java:handleLeaderChangedNotification(697)) - Leader change notification received for group: group-E9DABB08897E with new leaderId: 52541eb8-c0db-4941-8ea5-4f6f65566359
2019-11-13 20:20:25,871 [7a884130-6d50-4d25-81cf-a815cb8b077e@group-D2A2854C45C9-LeaderElection210] INFO  impl.RaftServerImpl (ServerState.java:setLeader(255)) - 7a884130-6d50-4d25-81cf-a815cb8b077e@group-D2A2854C45C9: change Leader from null to 7a884130-6d50-4d25-81cf-a815cb8b077e at term 1 for becomeLeader, leader elected after 1165ms
2019-11-13 20:20:25,871 [52541eb8-c0db-4941-8ea5-4f6f65566359@group-E9DABB08897E-LeaderElection211] INFO  impl.RaftServerImpl (ServerState.java:setLeader(255)) - 52541eb8-c0db-4941-8ea5-4f6f65566359@group-E9DABB08897E: change Leader from null to 52541eb8-c0db-4941-8ea5-4f6f65566359 at term 1 for becomeLeader, leader elected after 1119ms
2019-11-13 20:20:25,871 [7a884130-6d50-4d25-81cf-a815cb8b077e@group-D2A2854C45C9-LeaderElection210] INFO  server.RaftServerConfigKeys (ConfUtils.java:logGet(43)) - raft.server.staging.catchup.gap = 1000 (default)
2019-11-13 20:20:25,871 [52541eb8-c0db-4941-8ea5-4f6f65566359@group-E9DABB08897E-LeaderElection211] INFO  server.RaftServerConfigKeys (ConfUtils.java:logGet(43)) - raft.server.staging.catchup.gap = 1000 (default)
2019-11-13 20:20:25,871 [7a884130-6d50-4d25-81cf-a815cb8b077e@group-D2A2854C45C9-LeaderElection210] INFO  server.RaftServerConfigKeys (ConfUtils.java:logGet(43)) - raft.server.rpc.sleep.time = 25ms (default)
2019-11-13 20:20:25,871 [52541eb8-c0db-4941-8ea5-4f6f65566359@group-E9DABB08897E-LeaderElection211] INFO  server.RaftServerConfigKeys (ConfUtils.java:logGet(43)) - raft.server.rpc.sleep.time = 25ms (default)
2019-11-13 20:20:25,871 [7a884130-6d50-4d25-81cf-a815cb8b077e@group-D2A2854C45C9-LeaderElection210] INFO  server.RaftServerConfigKeys (ConfUtils.java:logGet(43)) - raft.server.write.element-limit = 4096 (default)
2019-11-13 20:20:25,871 [52541eb8-c0db-4941-8ea5-4f6f65566359@group-E9DABB08897E-LeaderElection211] INFO  server.RaftServerConfigKeys (ConfUtils.java:logGet(43)) - raft.server.write.element-limit = 4096 (default)
2019-11-13 20:20:25,871 [7a884130-6d50-4d25-81cf-a815cb8b077e@group-D2A2854C45C9-LeaderElection210] INFO  server.RaftServerConfigKeys (ConfUtils.java:logGet(43)) - raft.server.watch.timeout = 10s (default)
2019-11-13 20:20:25,872 [52541eb8-c0db-4941-8ea5-4f6f65566359@group-E9DABB08897E-LeaderElection211] INFO  server.RaftServerConfigKeys (ConfUtils.java:logGet(43)) - raft.server.watch.timeout = 10s (default)
2019-11-13 20:20:25,872 [EventQueue-PipelineReportForPipelineReportHandler] INFO  pipeline.PipelineStateManager (PipelineStateManager.java:openPipeline(134)) - Pipeline Pipeline[ Id: 9fd3fac6-2c1b-484a-be03-d2a2854c45c9, Nodes: 7a884130-6d50-4d25-81cf-a815cb8b077e{ip: 192.168.164.208, host: pr-hdds-2375-t422d-1049308724, networkLocation: /rack1, certSerialId: null}, Type:RATIS, Factor:ONE, State:OPEN] moved to OPEN state
2019-11-13 20:20:25,872 [52541eb8-c0db-4941-8ea5-4f6f65566359@group-E9DABB08897E-LeaderElection211] INFO  server.RaftServerConfigKeys (ConfUtils.java:logGet(43)) - raft.server.watch.timeout.denomination = 1s (default)
2019-11-13 20:20:25,872 [7a884130-6d50-4d25-81cf-a815cb8b077e@group-D2A2854C45C9-LeaderElection210] INFO  server.RaftServerConfigKeys (ConfUtils.java:logGet(43)) - raft.server.watch.timeout.denomination = 1s (default)
2019-11-13 20:20:25,872 [52541eb8-c0db-4941-8ea5-4f6f65566359@group-E9DABB08897E-LeaderElection211] INFO  server.RaftServerConfigKeys (ConfUtils.java:logGet(43)) - raft.server.watch.element-limit = 65536 (default)
2019-11-13 20:20:25,872 [7a884130-6d50-4d25-81cf-a815cb8b077e@group-D2A2854C45C9-LeaderElection210] INFO  server.RaftServerConfigKeys (ConfUtils.java:logGet(43)) - raft.server.watch.element-limit = 65536 (default)
2019-11-13 20:20:25,872 [52541eb8-c0db-4941-8ea5-4f6f65566359@group-E9DABB08897E-LeaderElection211] INFO  impl.RoleInfo (RoleInfo.java:updateAndGet(143)) - 52541eb8-c0db-4941-8ea5-4f6f65566359: start LeaderState
2019-11-13 20:20:25,872 [7a884130-6d50-4d25-81cf-a815cb8b077e@group-D2A2854C45C9-LeaderElection210] INFO  impl.RoleInfo (RoleInfo.java:updateAndGet(143)) - 7a884130-6d50-4d25-81cf-a815cb8b077e: start LeaderState
2019-11-13 20:20:25,872 [52541eb8-c0db-4941-8ea5-4f6f65566359@group-E9DABB08897E-LeaderElection211] INFO  segmented.SegmentedRaftLogWorker (SegmentedRaftLogWorker.java:startLogSegment(385)) - 52541eb8-c0db-4941-8ea5-4f6f65566359@group-E9DABB08897E-SegmentedRaftLogWorker: Starting segment from index:0
2019-11-13 20:20:25,872 [7a884130-6d50-4d25-81cf-a815cb8b077e@group-D2A2854C45C9-LeaderElection210] INFO  segmented.SegmentedRaftLogWorker (SegmentedRaftLogWorker.java:startLogSegment(385)) - 7a884130-6d50-4d25-81cf-a815cb8b077e@group-D2A2854C45C9-SegmentedRaftLogWorker: Starting segment from index:0
2019-11-13 20:20:25,873 [52541eb8-c0db-4941-8ea5-4f6f65566359@group-E9DABB08897E-LeaderElection211] INFO  impl.RaftServerImpl (ServerState.java:setRaftConf(356)) - 52541eb8-c0db-4941-8ea5-4f6f65566359@group-E9DABB08897E: set configuration 0: [52541eb8-c0db-4941-8ea5-4f6f65566359:192.168.164.208:33189], old=null at 0
2019-11-13 20:20:25,873 [7a884130-6d50-4d25-81cf-a815cb8b077e@group-D2A2854C45C9-LeaderElection210] INFO  impl.RaftServerImpl (ServerState.java:setRaftConf(356)) - 7a884130-6d50-4d25-81cf-a815cb8b077e@group-D2A2854C45C9: set configuration 0: [7a884130-6d50-4d25-81cf-a815cb8b077e:192.168.164.208:33820], old=null at 0
2019-11-13 20:20:25,904 [Thread-4355] INFO  impl.FollowerState (FollowerState.java:run(111)) - ad900a72-65c6-4ee1-bf89-d32e01cfc372@group-F6EAD140F79B-FollowerState: change to CANDIDATE, lastRpcTime:1111ms, electionTimeout:1111ms
2019-11-13 20:20:25,904 [Thread-4355] INFO  impl.RoleInfo (RoleInfo.java:shutdownFollowerState(121)) - ad900a72-65c6-4ee1-bf89-d32e01cfc372: shutdown FollowerState
2019-11-13 20:20:25,904 [Thread-4355] INFO  impl.RaftServerImpl (RaftServerImpl.java:setRole(173)) - ad900a72-65c6-4ee1-bf89-d32e01cfc372@group-F6EAD140F79B: changes role from  FOLLOWER to CANDIDATE at term 0 for changeToCandidate
2019-11-13 20:20:25,904 [Thread-4355] INFO  impl.RoleInfo (RoleInfo.java:updateAndGet(143)) - ad900a72-65c6-4ee1-bf89-d32e01cfc372: start LeaderElection
2019-11-13 20:20:25,917 [52541eb8-c0db-4941-8ea5-4f6f65566359@group-E9DABB08897E-SegmentedRaftLogWorker] INFO  segmented.SegmentedRaftLogWorker (SegmentedRaftLogWorker.java:execute(576)) - 52541eb8-c0db-4941-8ea5-4f6f65566359@group-E9DABB08897E-SegmentedRaftLogWorker: created new log segment /workdir/hadoop-ozone/integration-test/target/test-dir/MiniOzoneClusterImpl-252be716-c998-406a-83e5-534d363f62a9/datanode-8/data/ratis/9590399d-119a-46a2-ab59-e9dabb08897e/current/log_inprogress_0
2019-11-13 20:20:25,917 [ad900a72-65c6-4ee1-bf89-d32e01cfc372@group-F6EAD140F79B-LeaderElection212] INFO  impl.LeaderElection (LeaderElection.java:askForVotes(178)) - ad900a72-65c6-4ee1-bf89-d32e01cfc372@group-F6EAD140F79B-LeaderElection212: begin an election at term 1 for -1: [ad900a72-65c6-4ee1-bf89-d32e01cfc372:192.168.164.208:38759], old=null
2019-11-13 20:20:25,917 [7a884130-6d50-4d25-81cf-a815cb8b077e@group-D2A2854C45C9-SegmentedRaftLogWorker] INFO  segmented.SegmentedRaftLogWorker (SegmentedRaftLogWorker.java:execute(576)) - 7a884130-6d50-4d25-81cf-a815cb8b077e@group-D2A2854C45C9-SegmentedRaftLogWorker: created new log segment /workdir/hadoop-ozone/integration-test/target/test-dir/MiniOzoneClusterImpl-252be716-c998-406a-83e5-534d363f62a9/datanode-4/data/ratis/9fd3fac6-2c1b-484a-be03-d2a2854c45c9/current/log_inprogress_0
2019-11-13 20:20:25,917 [ad900a72-65c6-4ee1-bf89-d32e01cfc372@group-F6EAD140F79B-LeaderElection212] INFO  impl.RoleInfo (RoleInfo.java:shutdownLeaderElection(134)) - ad900a72-65c6-4ee1-bf89-d32e01cfc372: shutdown LeaderElection
2019-11-13 20:20:25,917 [ad900a72-65c6-4ee1-bf89-d32e01cfc372@group-F6EAD140F79B-LeaderElection212] INFO  impl.RaftServerImpl (RaftServerImpl.java:setRole(173)) - ad900a72-65c6-4ee1-bf89-d32e01cfc372@group-F6EAD140F79B: changes role from CANDIDATE to LEADER at term 1 for changeToLeader
2019-11-13 20:20:25,917 [ad900a72-65c6-4ee1-bf89-d32e01cfc372@group-F6EAD140F79B-LeaderElection212] INFO  ratis.XceiverServerRatis (XceiverServerRatis.java:handleLeaderChangedNotification(697)) - Leader change notification received for group: group-F6EAD140F79B with new leaderId: ad900a72-65c6-4ee1-bf89-d32e01cfc372
2019-11-13 20:20:25,917 [ad900a72-65c6-4ee1-bf89-d32e01cfc372@group-F6EAD140F79B-LeaderElection212] INFO  impl.RaftServerImpl (ServerState.java:setLeader(255)) - ad900a72-65c6-4ee1-bf89-d32e01cfc372@group-F6EAD140F79B: change Leader from null to ad900a72-65c6-4ee1-bf89-d32e01cfc372 at term 1 for becomeLeader, leader elected after 1126ms
2019-11-13 20:20:25,917 [ad900a72-65c6-4ee1-bf89-d32e01cfc372@group-F6EAD140F79B-LeaderElection212] INFO  server.RaftServerConfigKeys (ConfUtils.java:logGet(43)) - raft.server.staging.catchup.gap = 1000 (default)
2019-11-13 20:20:25,917 [ad900a72-65c6-4ee1-bf89-d32e01cfc372@group-F6EAD140F79B-LeaderElection212] INFO  server.RaftServerConfigKeys (ConfUtils.java:logGet(43)) - raft.server.rpc.sleep.time = 25ms (default)
2019-11-13 20:20:25,917 [ad900a72-65c6-4ee1-bf89-d32e01cfc372@group-F6EAD140F79B-LeaderElection212] INFO  server.RaftServerConfigKeys (ConfUtils.java:logGet(43)) - raft.server.write.element-limit = 4096 (default)
2019-11-13 20:20:25,918 [ad900a72-65c6-4ee1-bf89-d32e01cfc372@group-F6EAD140F79B-LeaderElection212] INFO  server.RaftServerConfigKeys (ConfUtils.java:logGet(43)) - raft.server.watch.timeout = 10s (default)
2019-11-13 20:20:25,918 [ad900a72-65c6-4ee1-bf89-d32e01cfc372@group-F6EAD140F79B-LeaderElection212] INFO  server.RaftServerConfigKeys (ConfUtils.java:logGet(43)) - raft.server.watch.timeout.denomination = 1s (default)
2019-11-13 20:20:25,918 [ad900a72-65c6-4ee1-bf89-d32e01cfc372@group-F6EAD140F79B-LeaderElection212] INFO  server.RaftServerConfigKeys (ConfUtils.java:logGet(43)) - raft.server.watch.element-limit = 65536 (default)
2019-11-13 20:20:25,918 [ad900a72-65c6-4ee1-bf89-d32e01cfc372@group-F6EAD140F79B-LeaderElection212] INFO  impl.RoleInfo (RoleInfo.java:updateAndGet(143)) - ad900a72-65c6-4ee1-bf89-d32e01cfc372: start LeaderState
2019-11-13 20:20:25,918 [ad900a72-65c6-4ee1-bf89-d32e01cfc372@group-F6EAD140F79B-LeaderElection212] INFO  segmented.SegmentedRaftLogWorker (SegmentedRaftLogWorker.java:startLogSegment(385)) - ad900a72-65c6-4ee1-bf89-d32e01cfc372@group-F6EAD140F79B-SegmentedRaftLogWorker: Starting segment from index:0
2019-11-13 20:20:25,918 [EventQueue-PipelineReportForPipelineReportHandler] INFO  pipeline.PipelineStateManager (PipelineStateManager.java:openPipeline(134)) - Pipeline Pipeline[ Id: 7daaedd4-6e55-401d-a57e-f6ead140f79b, Nodes: ad900a72-65c6-4ee1-bf89-d32e01cfc372{ip: 192.168.164.208, host: pr-hdds-2375-t422d-1049308724, networkLocation: /rack1, certSerialId: null}, Type:RATIS, Factor:ONE, State:OPEN] moved to OPEN state
2019-11-13 20:20:25,918 [ad900a72-65c6-4ee1-bf89-d32e01cfc372@group-F6EAD140F79B-LeaderElection212] INFO  impl.RaftServerImpl (ServerState.java:setRaftConf(356)) - ad900a72-65c6-4ee1-bf89-d32e01cfc372@group-F6EAD140F79B: set configuration 0: [ad900a72-65c6-4ee1-bf89-d32e01cfc372:192.168.164.208:38759], old=null at 0
2019-11-13 20:20:25,961 [ad900a72-65c6-4ee1-bf89-d32e01cfc372@group-F6EAD140F79B-SegmentedRaftLogWorker] INFO  segmented.SegmentedRaftLogWorker (SegmentedRaftLogWorker.java:execute(576)) - ad900a72-65c6-4ee1-bf89-d32e01cfc372@group-F6EAD140F79B-SegmentedRaftLogWorker: created new log segment /workdir/hadoop-ozone/integration-test/target/test-dir/MiniOzoneClusterImpl-252be716-c998-406a-83e5-534d363f62a9/datanode-9/data/ratis/7daaedd4-6e55-401d-a57e-f6ead140f79b/current/log_inprogress_0
2019-11-13 20:20:26,735 [Thread-4381] INFO  impl.FollowerState (FollowerState.java:run(111)) - 57e4e4f3-95e6-4ba3-b7c4-7652bb100830@group-3CC11B5AB53E-FollowerState: change to CANDIDATE, lastRpcTime:1047ms, electionTimeout:1047ms
2019-11-13 20:20:26,735 [Thread-4381] INFO  impl.RoleInfo (RoleInfo.java:shutdownFollowerState(121)) - 57e4e4f3-95e6-4ba3-b7c4-7652bb100830: shutdown FollowerState
2019-11-13 20:20:26,735 [Thread-4381] INFO  impl.RaftServerImpl (RaftServerImpl.java:setRole(173)) - 57e4e4f3-95e6-4ba3-b7c4-7652bb100830@group-3CC11B5AB53E: changes role from  FOLLOWER to CANDIDATE at term 1 for changeToCandidate
2019-11-13 20:20:26,735 [Thread-4381] INFO  impl.RoleInfo (RoleInfo.java:updateAndGet(143)) - 57e4e4f3-95e6-4ba3-b7c4-7652bb100830: start LeaderElection
2019-11-13 20:20:26,747 [Thread-4382] INFO  impl.FollowerState (FollowerState.java:run(111)) - b0735163-16b4-4eff-936d-5712c77b458f@group-3CC11B5AB53E-FollowerState: change to CANDIDATE, lastRpcTime:1059ms, electionTimeout:1032ms
2019-11-13 20:20:26,747 [Thread-4382] INFO  impl.RoleInfo (RoleInfo.java:shutdownFollowerState(121)) - b0735163-16b4-4eff-936d-5712c77b458f: shutdown FollowerState
2019-11-13 20:20:26,747 [Thread-4382] INFO  impl.RaftServerImpl (RaftServerImpl.java:setRole(173)) - b0735163-16b4-4eff-936d-5712c77b458f@group-3CC11B5AB53E: changes role from  FOLLOWER to CANDIDATE at term 1 for changeToCandidate
2019-11-13 20:20:26,747 [Thread-4382] INFO  impl.RoleInfo (RoleInfo.java:updateAndGet(143)) - b0735163-16b4-4eff-936d-5712c77b458f: start LeaderElection
2019-11-13 20:20:26,750 [57e4e4f3-95e6-4ba3-b7c4-7652bb100830@group-3CC11B5AB53E-LeaderElection213] INFO  impl.LeaderElection (LeaderElection.java:askForVotes(178)) - 57e4e4f3-95e6-4ba3-b7c4-7652bb100830@group-3CC11B5AB53E-LeaderElection213: begin an election at term 2 for -1: [2eae8a0c-14f7-4974-be0f-a72b7694e262:192.168.164.208:33269, b0735163-16b4-4eff-936d-5712c77b458f:192.168.164.208:33769, 57e4e4f3-95e6-4ba3-b7c4-7652bb100830:192.168.164.208:33520], old=null
2019-11-13 20:20:26,751 [b0735163-16b4-4eff-936d-5712c77b458f@group-3CC11B5AB53E-LeaderElection214] INFO  impl.LeaderElection (LeaderElection.java:askForVotes(178)) - b0735163-16b4-4eff-936d-5712c77b458f@group-3CC11B5AB53E-LeaderElection214: begin an election at term 2 for -1: [2eae8a0c-14f7-4974-be0f-a72b7694e262:192.168.164.208:33269, b0735163-16b4-4eff-936d-5712c77b458f:192.168.164.208:33769, 57e4e4f3-95e6-4ba3-b7c4-7652bb100830:192.168.164.208:33520], old=null
2019-11-13 20:20:26,752 [grpc-default-executor-7] INFO  impl.RaftServerImpl (RaftServerImpl.java:setRole(173)) - 2eae8a0c-14f7-4974-be0f-a72b7694e262@group-3CC11B5AB53E: changes role from  FOLLOWER to FOLLOWER at term 2 for recognizeCandidate:57e4e4f3-95e6-4ba3-b7c4-7652bb100830
2019-11-13 20:20:26,752 [grpc-default-executor-7] INFO  impl.RoleInfo (RoleInfo.java:shutdownFollowerState(121)) - 2eae8a0c-14f7-4974-be0f-a72b7694e262: shutdown FollowerState
2019-11-13 20:20:26,752 [grpc-default-executor-7] INFO  impl.RoleInfo (RoleInfo.java:updateAndGet(143)) - 2eae8a0c-14f7-4974-be0f-a72b7694e262: start FollowerState
2019-11-13 20:20:26,752 [Thread-4384] INFO  impl.FollowerState (FollowerState.java:run(120)) - 2eae8a0c-14f7-4974-be0f-a72b7694e262@group-3CC11B5AB53E-FollowerState was interrupted: java.lang.InterruptedException: sleep interrupted
2019-11-13 20:20:26,766 [57e4e4f3-95e6-4ba3-b7c4-7652bb100830@group-3CC11B5AB53E-LeaderElection213] INFO  impl.LeaderElection (LeaderElection.java:logAndReturn(56)) - 57e4e4f3-95e6-4ba3-b7c4-7652bb100830@group-3CC11B5AB53E-LeaderElection213: Election PASSED; received 2 response(s) [57e4e4f3-95e6-4ba3-b7c4-7652bb100830<-2eae8a0c-14f7-4974-be0f-a72b7694e262#0:OK-t2, 57e4e4f3-95e6-4ba3-b7c4-7652bb100830<-b0735163-16b4-4eff-936d-5712c77b458f#0:FAIL-t2] and 0 exception(s); 57e4e4f3-95e6-4ba3-b7c4-7652bb100830@group-3CC11B5AB53E:t2, leader=null, voted=57e4e4f3-95e6-4ba3-b7c4-7652bb100830, raftlog=57e4e4f3-95e6-4ba3-b7c4-7652bb100830@group-3CC11B5AB53E-SegmentedRaftLog:OPENED:c-1,f-1,i0, conf=-1: [2eae8a0c-14f7-4974-be0f-a72b7694e262:192.168.164.208:33269, b0735163-16b4-4eff-936d-5712c77b458f:192.168.164.208:33769, 57e4e4f3-95e6-4ba3-b7c4-7652bb100830:192.168.164.208:33520], old=null
2019-11-13 20:20:26,766 [b0735163-16b4-4eff-936d-5712c77b458f@group-3CC11B5AB53E-LeaderElection214] INFO  impl.LeaderElection (LeaderElection.java:logAndReturn(56)) - b0735163-16b4-4eff-936d-5712c77b458f@group-3CC11B5AB53E-LeaderElection214: Election REJECTED; received 2 response(s) [b0735163-16b4-4eff-936d-5712c77b458f<-2eae8a0c-14f7-4974-be0f-a72b7694e262#0:FAIL-t2, b0735163-16b4-4eff-936d-5712c77b458f<-57e4e4f3-95e6-4ba3-b7c4-7652bb100830#0:FAIL-t2] and 0 exception(s); b0735163-16b4-4eff-936d-5712c77b458f@group-3CC11B5AB53E:t2, leader=null, voted=b0735163-16b4-4eff-936d-5712c77b458f, raftlog=b0735163-16b4-4eff-936d-5712c77b458f@group-3CC11B5AB53E-SegmentedRaftLog:OPENED:c-1,f-1,i0, conf=-1: [2eae8a0c-14f7-4974-be0f-a72b7694e262:192.168.164.208:33269, b0735163-16b4-4eff-936d-5712c77b458f:192.168.164.208:33769, 57e4e4f3-95e6-4ba3-b7c4-7652bb100830:192.168.164.208:33520], old=null
2019-11-13 20:20:26,766 [57e4e4f3-95e6-4ba3-b7c4-7652bb100830@group-3CC11B5AB53E-LeaderElection213] INFO  impl.RoleInfo (RoleInfo.java:shutdownLeaderElection(134)) - 57e4e4f3-95e6-4ba3-b7c4-7652bb100830: shutdown LeaderElection
2019-11-13 20:20:26,767 [b0735163-16b4-4eff-936d-5712c77b458f@group-3CC11B5AB53E-LeaderElection214] INFO  impl.RaftServerImpl (RaftServerImpl.java:setRole(173)) - b0735163-16b4-4eff-936d-5712c77b458f@group-3CC11B5AB53E: changes role from CANDIDATE to FOLLOWER at term 2 for DISCOVERED_A_NEW_TERM
2019-11-13 20:20:26,767 [b0735163-16b4-4eff-936d-5712c77b458f@group-3CC11B5AB53E-LeaderElection214] INFO  impl.RoleInfo (RoleInfo.java:shutdownLeaderElection(134)) - b0735163-16b4-4eff-936d-5712c77b458f: shutdown LeaderElection
2019-11-13 20:20:26,767 [57e4e4f3-95e6-4ba3-b7c4-7652bb100830@group-3CC11B5AB53E-LeaderElection213] INFO  impl.RaftServerImpl (RaftServerImpl.java:setRole(173)) - 57e4e4f3-95e6-4ba3-b7c4-7652bb100830@group-3CC11B5AB53E: changes role from CANDIDATE to LEADER at term 2 for changeToLeader
2019-11-13 20:20:26,767 [b0735163-16b4-4eff-936d-5712c77b458f@group-3CC11B5AB53E-LeaderElection214] INFO  impl.RoleInfo (RoleInfo.java:updateAndGet(143)) - b0735163-16b4-4eff-936d-5712c77b458f: start FollowerState
2019-11-13 20:20:26,767 [57e4e4f3-95e6-4ba3-b7c4-7652bb100830@group-3CC11B5AB53E-LeaderElection213] INFO  ratis.XceiverServerRatis (XceiverServerRatis.java:handleLeaderChangedNotification(697)) - Leader change notification received for group: group-3CC11B5AB53E with new leaderId: 57e4e4f3-95e6-4ba3-b7c4-7652bb100830
2019-11-13 20:20:26,767 [57e4e4f3-95e6-4ba3-b7c4-7652bb100830@group-3CC11B5AB53E-LeaderElection213] INFO  impl.RaftServerImpl (ServerState.java:setLeader(255)) - 57e4e4f3-95e6-4ba3-b7c4-7652bb100830@group-3CC11B5AB53E: change Leader from null to 57e4e4f3-95e6-4ba3-b7c4-7652bb100830 at term 2 for becomeLeader, leader elected after 2170ms
2019-11-13 20:20:26,767 [57e4e4f3-95e6-4ba3-b7c4-7652bb100830@group-3CC11B5AB53E-LeaderElection213] INFO  server.RaftServerConfigKeys (ConfUtils.java:logGet(43)) - raft.server.staging.catchup.gap = 1000 (default)
2019-11-13 20:20:26,767 [57e4e4f3-95e6-4ba3-b7c4-7652bb100830@group-3CC11B5AB53E-LeaderElection213] INFO  server.RaftServerConfigKeys (ConfUtils.java:logGet(43)) - raft.server.rpc.sleep.time = 25ms (default)
2019-11-13 20:20:26,768 [57e4e4f3-95e6-4ba3-b7c4-7652bb100830@group-3CC11B5AB53E-LeaderElection213] INFO  server.RaftServerConfigKeys (ConfUtils.java:logGet(43)) - raft.server.write.element-limit = 4096 (default)
2019-11-13 20:20:26,768 [57e4e4f3-95e6-4ba3-b7c4-7652bb100830@group-3CC11B5AB53E-LeaderElection213] INFO  server.RaftServerConfigKeys (ConfUtils.java:logGet(43)) - raft.server.watch.timeout = 10s (default)
2019-11-13 20:20:26,768 [57e4e4f3-95e6-4ba3-b7c4-7652bb100830@group-3CC11B5AB53E-LeaderElection213] INFO  server.RaftServerConfigKeys (ConfUtils.java:logGet(43)) - raft.server.watch.timeout.denomination = 1s (default)
2019-11-13 20:20:26,768 [EventQueue-PipelineReportForPipelineReportHandler] INFO  pipeline.PipelineStateManager (PipelineStateManager.java:openPipeline(134)) - Pipeline Pipeline[ Id: 81adcf28-4a82-4d96-8bae-3cc11b5ab53e, Nodes: b0735163-16b4-4eff-936d-5712c77b458f{ip: 192.168.164.208, host: pr-hdds-2375-t422d-1049308724, networkLocation: /rack1, certSerialId: null}2eae8a0c-14f7-4974-be0f-a72b7694e262{ip: 192.168.164.208, host: pr-hdds-2375-t422d-1049308724, networkLocation: /rack1, certSerialId: null}57e4e4f3-95e6-4ba3-b7c4-7652bb100830{ip: 192.168.164.208, host: pr-hdds-2375-t422d-1049308724, networkLocation: /rack1, certSerialId: null}, Type:RATIS, Factor:THREE, State:OPEN] moved to OPEN state
2019-11-13 20:20:26,768 [57e4e4f3-95e6-4ba3-b7c4-7652bb100830@group-3CC11B5AB53E-LeaderElection213] INFO  server.RaftServerConfigKeys (ConfUtils.java:logGet(43)) - raft.server.watch.element-limit = 65536 (default)
2019-11-13 20:20:26,768 [57e4e4f3-95e6-4ba3-b7c4-7652bb100830@group-3CC11B5AB53E-LeaderElection213] INFO  server.RaftServerConfigKeys (ConfUtils.java:logGet(43)) - raft.server.log.appender.snapshot.chunk.size.max = 16MB (=16777216) (default)
2019-11-13 20:20:26,769 [57e4e4f3-95e6-4ba3-b7c4-7652bb100830@group-3CC11B5AB53E-LeaderElection213] INFO  server.RaftServerConfigKeys (ConfUtils.java:logGet(43)) - raft.server.log.appender.buffer.byte-limit = 33554432 (custom)
2019-11-13 20:20:26,769 [57e4e4f3-95e6-4ba3-b7c4-7652bb100830@group-3CC11B5AB53E-LeaderElection213] INFO  server.RaftServerConfigKeys (ConfUtils.java:logGet(43)) - raft.server.log.appender.buffer.element-limit = 1 (custom)
2019-11-13 20:20:26,769 [57e4e4f3-95e6-4ba3-b7c4-7652bb100830@group-3CC11B5AB53E-LeaderElection213] INFO  grpc.GrpcConfigKeys$Server (ConfUtils.java:logGet(43)) - raft.grpc.server.leader.outstanding.appends.max = 128 (default)
2019-11-13 20:20:26,769 [57e4e4f3-95e6-4ba3-b7c4-7652bb100830@group-3CC11B5AB53E-LeaderElection213] INFO  server.RaftServerConfigKeys (ConfUtils.java:logGet(43)) - raft.server.rpc.request.timeout = 3000ms (default)
2019-11-13 20:20:26,769 [57e4e4f3-95e6-4ba3-b7c4-7652bb100830@group-3CC11B5AB53E-LeaderElection213] INFO  server.RaftServerConfigKeys (ConfUtils.java:logGet(43)) - raft.server.log.appender.install.snapshot.enabled = false (custom)
2019-11-13 20:20:26,769 [57e4e4f3-95e6-4ba3-b7c4-7652bb100830@group-3CC11B5AB53E-LeaderElection213] WARN  impl.MetricRegistriesImpl (MetricRegistriesImpl.java:lambda$create$1(61)) - First MetricRegistry has been created without registering reporters. You may need to call MetricRegistries.global().addReportRegistration(...) before.
2019-11-13 20:20:26,770 [57e4e4f3-95e6-4ba3-b7c4-7652bb100830@group-3CC11B5AB53E-LeaderElection213] INFO  server.RaftServerConfigKeys (ConfUtils.java:logGet(43)) - raft.server.log.appender.snapshot.chunk.size.max = 16MB (=16777216) (default)
2019-11-13 20:20:26,770 [57e4e4f3-95e6-4ba3-b7c4-7652bb100830@group-3CC11B5AB53E-LeaderElection213] INFO  server.RaftServerConfigKeys (ConfUtils.java:logGet(43)) - raft.server.log.appender.buffer.byte-limit = 33554432 (custom)
2019-11-13 20:20:26,770 [57e4e4f3-95e6-4ba3-b7c4-7652bb100830@group-3CC11B5AB53E-LeaderElection213] INFO  server.RaftServerConfigKeys (ConfUtils.java:logGet(43)) - raft.server.log.appender.buffer.element-limit = 1 (custom)
2019-11-13 20:20:26,770 [57e4e4f3-95e6-4ba3-b7c4-7652bb100830@group-3CC11B5AB53E-LeaderElection213] INFO  grpc.GrpcConfigKeys$Server (ConfUtils.java:logGet(43)) - raft.grpc.server.leader.outstanding.appends.max = 128 (default)
2019-11-13 20:20:26,770 [57e4e4f3-95e6-4ba3-b7c4-7652bb100830@group-3CC11B5AB53E-LeaderElection213] INFO  server.RaftServerConfigKeys (ConfUtils.java:logGet(43)) - raft.server.rpc.request.timeout = 3000ms (default)
2019-11-13 20:20:26,770 [57e4e4f3-95e6-4ba3-b7c4-7652bb100830@group-3CC11B5AB53E-LeaderElection213] INFO  server.RaftServerConfigKeys (ConfUtils.java:logGet(43)) - raft.server.log.appender.install.snapshot.enabled = false (custom)
2019-11-13 20:20:26,771 [57e4e4f3-95e6-4ba3-b7c4-7652bb100830@group-3CC11B5AB53E-LeaderElection213] INFO  impl.RoleInfo (RoleInfo.java:updateAndGet(143)) - 57e4e4f3-95e6-4ba3-b7c4-7652bb100830: start LeaderState
2019-11-13 20:20:26,771 [57e4e4f3-95e6-4ba3-b7c4-7652bb100830@group-3CC11B5AB53E-LeaderElection213] INFO  segmented.SegmentedRaftLogWorker (SegmentedRaftLogWorker.java:startLogSegment(385)) - 57e4e4f3-95e6-4ba3-b7c4-7652bb100830@group-3CC11B5AB53E-SegmentedRaftLogWorker: Starting segment from index:0
2019-11-13 20:20:26,771 [57e4e4f3-95e6-4ba3-b7c4-7652bb100830@group-3CC11B5AB53E-LeaderElection213] INFO  impl.RaftServerImpl (ServerState.java:setRaftConf(356)) - 57e4e4f3-95e6-4ba3-b7c4-7652bb100830@group-3CC11B5AB53E: set configuration 0: [2eae8a0c-14f7-4974-be0f-a72b7694e262:192.168.164.208:33269, b0735163-16b4-4eff-936d-5712c77b458f:192.168.164.208:33769, 57e4e4f3-95e6-4ba3-b7c4-7652bb100830:192.168.164.208:33520], old=null at 0
2019-11-13 20:20:26,772 [grpc-default-executor-0] INFO  ratis.XceiverServerRatis (XceiverServerRatis.java:handleLeaderChangedNotification(697)) - Leader change notification received for group: group-3CC11B5AB53E with new leaderId: 57e4e4f3-95e6-4ba3-b7c4-7652bb100830
2019-11-13 20:20:26,773 [grpc-default-executor-0] INFO  impl.RaftServerImpl (ServerState.java:setLeader(255)) - 2eae8a0c-14f7-4974-be0f-a72b7694e262@group-3CC11B5AB53E: change Leader from null to 57e4e4f3-95e6-4ba3-b7c4-7652bb100830 at term 2 for appendEntries, leader elected after 2175ms
2019-11-13 20:20:26,773 [grpc-default-executor-7] INFO  ratis.XceiverServerRatis (XceiverServerRatis.java:handleLeaderChangedNotification(697)) - Leader change notification received for group: group-3CC11B5AB53E with new leaderId: 57e4e4f3-95e6-4ba3-b7c4-7652bb100830
2019-11-13 20:20:26,773 [grpc-default-executor-7] INFO  impl.RaftServerImpl (ServerState.java:setLeader(255)) - b0735163-16b4-4eff-936d-5712c77b458f@group-3CC11B5AB53E: change Leader from null to 57e4e4f3-95e6-4ba3-b7c4-7652bb100830 at term 2 for appendEntries, leader elected after 2176ms
2019-11-13 20:20:26,774 [grpc-default-executor-7] INFO  impl.RaftServerImpl (ServerState.java:setRaftConf(356)) - 2eae8a0c-14f7-4974-be0f-a72b7694e262@group-3CC11B5AB53E: set configuration 0: [2eae8a0c-14f7-4974-be0f-a72b7694e262:192.168.164.208:33269, b0735163-16b4-4eff-936d-5712c77b458f:192.168.164.208:33769, 57e4e4f3-95e6-4ba3-b7c4-7652bb100830:192.168.164.208:33520], old=null at 0
2019-11-13 20:20:26,774 [grpc-default-executor-0] INFO  impl.RaftServerImpl (ServerState.java:setRaftConf(356)) - b0735163-16b4-4eff-936d-5712c77b458f@group-3CC11B5AB53E: set configuration 0: [2eae8a0c-14f7-4974-be0f-a72b7694e262:192.168.164.208:33269, b0735163-16b4-4eff-936d-5712c77b458f:192.168.164.208:33769, 57e4e4f3-95e6-4ba3-b7c4-7652bb100830:192.168.164.208:33520], old=null at 0
2019-11-13 20:20:26,774 [grpc-default-executor-7] INFO  segmented.SegmentedRaftLogWorker (SegmentedRaftLogWorker.java:startLogSegment(385)) - 2eae8a0c-14f7-4974-be0f-a72b7694e262@group-3CC11B5AB53E-SegmentedRaftLogWorker: Starting segment from index:0
2019-11-13 20:20:26,775 [grpc-default-executor-0] INFO  segmented.SegmentedRaftLogWorker (SegmentedRaftLogWorker.java:startLogSegment(385)) - b0735163-16b4-4eff-936d-5712c77b458f@group-3CC11B5AB53E-SegmentedRaftLogWorker: Starting segment from index:0
2019-11-13 20:20:26,829 [b0735163-16b4-4eff-936d-5712c77b458f@group-3CC11B5AB53E-SegmentedRaftLogWorker] INFO  segmented.SegmentedRaftLogWorker (SegmentedRaftLogWorker.java:execute(576)) - b0735163-16b4-4eff-936d-5712c77b458f@group-3CC11B5AB53E-SegmentedRaftLogWorker: created new log segment /workdir/hadoop-ozone/integration-test/target/test-dir/MiniOzoneClusterImpl-252be716-c998-406a-83e5-534d363f62a9/datanode-2/data/ratis/81adcf28-4a82-4d96-8bae-3cc11b5ab53e/current/log_inprogress_0
2019-11-13 20:20:26,829 [2eae8a0c-14f7-4974-be0f-a72b7694e262@group-3CC11B5AB53E-SegmentedRaftLogWorker] INFO  segmented.SegmentedRaftLogWorker (SegmentedRaftLogWorker.java:execute(576)) - 2eae8a0c-14f7-4974-be0f-a72b7694e262@group-3CC11B5AB53E-SegmentedRaftLogWorker: created new log segment /workdir/hadoop-ozone/integration-test/target/test-dir/MiniOzoneClusterImpl-252be716-c998-406a-83e5-534d363f62a9/datanode-1/data/ratis/81adcf28-4a82-4d96-8bae-3cc11b5ab53e/current/log_inprogress_0
2019-11-13 20:20:26,829 [57e4e4f3-95e6-4ba3-b7c4-7652bb100830@group-3CC11B5AB53E-SegmentedRaftLogWorker] INFO  segmented.SegmentedRaftLogWorker (SegmentedRaftLogWorker.java:execute(576)) - 57e4e4f3-95e6-4ba3-b7c4-7652bb100830@group-3CC11B5AB53E-SegmentedRaftLogWorker: created new log segment /workdir/hadoop-ozone/integration-test/target/test-dir/MiniOzoneClusterImpl-252be716-c998-406a-83e5-534d363f62a9/datanode-0/data/ratis/81adcf28-4a82-4d96-8bae-3cc11b5ab53e/current/log_inprogress_0
2019-11-13 20:20:28,582 [main] INFO  ozoneimpl.OzoneContainer (OzoneContainer.java:stop(244)) - Attempting to stop container services.
2019-11-13 20:20:28,583 [main] INFO  impl.RaftServerProxy (RaftServerProxy.java:lambda$close$4(314)) - 52541eb8-c0db-4941-8ea5-4f6f65566359: close
2019-11-13 20:20:28,583 [main] INFO  impl.RaftServerImpl (RaftServerImpl.java:lambda$shutdown$3(250)) - 52541eb8-c0db-4941-8ea5-4f6f65566359@group-E9DABB08897E: shutdown
2019-11-13 20:20:28,583 [ForkJoinPool.commonPool-worker-0] INFO  impl.RaftServerImpl (RaftServerImpl.java:lambda$shutdown$3(250)) - 52541eb8-c0db-4941-8ea5-4f6f65566359@group-D0755ABA686A: shutdown
2019-11-13 20:20:28,584 [main] INFO  util.JmxRegister (JmxRegister.java:unregister(73)) - Successfully un-registered JMX Bean with object name Ratis:service=RaftServer,group=group-E9DABB08897E,id=52541eb8-c0db-4941-8ea5-4f6f65566359
2019-11-13 20:20:28,584 [ForkJoinPool.commonPool-worker-0] INFO  util.JmxRegister (JmxRegister.java:unregister(73)) - Successfully un-registered JMX Bean with object name Ratis:service=RaftServer,group=group-D0755ABA686A,id=52541eb8-c0db-4941-8ea5-4f6f65566359
2019-11-13 20:20:28,584 [main] INFO  impl.RoleInfo (RoleInfo.java:shutdownLeaderState(104)) - 52541eb8-c0db-4941-8ea5-4f6f65566359: shutdown LeaderState
2019-11-13 20:20:28,584 [ForkJoinPool.commonPool-worker-0] INFO  impl.RoleInfo (RoleInfo.java:shutdownFollowerState(121)) - 52541eb8-c0db-4941-8ea5-4f6f65566359: shutdown FollowerState
2019-11-13 20:20:28,584 [main] INFO  impl.PendingRequests (PendingRequests.java:sendNotLeaderResponses(206)) - 52541eb8-c0db-4941-8ea5-4f6f65566359@group-E9DABB08897E-PendingRequests: sendNotLeaderResponses
2019-11-13 20:20:28,585 [Thread-4365] INFO  impl.FollowerState (FollowerState.java:run(120)) - 52541eb8-c0db-4941-8ea5-4f6f65566359@group-D0755ABA686A-FollowerState was interrupted: java.lang.InterruptedException: sleep interrupted
2019-11-13 20:20:28,585 [main] INFO  impl.StateMachineUpdater (StateMachineUpdater.java:stopAndJoin(136)) - 52541eb8-c0db-4941-8ea5-4f6f65566359@group-E9DABB08897E-StateMachineUpdater: set stopIndex = 0
2019-11-13 20:20:28,584 [ForkJoinPool.commonPool-worker-0] INFO  impl.StateMachineUpdater (StateMachineUpdater.java:stopAndJoin(136)) - 52541eb8-c0db-4941-8ea5-4f6f65566359@group-D0755ABA686A-StateMachineUpdater: set stopIndex = 0
2019-11-13 20:20:28,585 [main] INFO  impl.RaftServerImpl (ServerState.java:close(387)) - 52541eb8-c0db-4941-8ea5-4f6f65566359@group-E9DABB08897E: closes. applyIndex: 0
2019-11-13 20:20:28,585 [ForkJoinPool.commonPool-worker-0] INFO  impl.RaftServerImpl (ServerState.java:close(387)) - 52541eb8-c0db-4941-8ea5-4f6f65566359@group-D0755ABA686A: closes. applyIndex: 0
2019-11-13 20:20:28,586 [52541eb8-c0db-4941-8ea5-4f6f65566359@group-E9DABB08897E-SegmentedRaftLogWorker] INFO  segmented.SegmentedRaftLogWorker (SegmentedRaftLogWorker.java:run(316)) - 52541eb8-c0db-4941-8ea5-4f6f65566359@group-E9DABB08897E-SegmentedRaftLogWorker was interrupted, exiting. There are 0 tasks remaining in the queue.
2019-11-13 20:20:28,586 [52541eb8-c0db-4941-8ea5-4f6f65566359@group-D0755ABA686A-SegmentedRaftLogWorker] INFO  segmented.SegmentedRaftLogWorker (SegmentedRaftLogWorker.java:run(316)) - 52541eb8-c0db-4941-8ea5-4f6f65566359@group-D0755ABA686A-SegmentedRaftLogWorker was interrupted, exiting. There are 0 tasks remaining in the queue.
2019-11-13 20:20:28,586 [main] INFO  segmented.SegmentedRaftLogWorker (SegmentedRaftLogWorker.java:close(224)) - 52541eb8-c0db-4941-8ea5-4f6f65566359@group-E9DABB08897E-SegmentedRaftLogWorker close()
2019-11-13 20:20:28,586 [ForkJoinPool.commonPool-worker-0] INFO  segmented.SegmentedRaftLogWorker (SegmentedRaftLogWorker.java:close(224)) - 52541eb8-c0db-4941-8ea5-4f6f65566359@group-D0755ABA686A-SegmentedRaftLogWorker close()
2019-11-13 20:20:28,592 [main] INFO  server.GrpcService (GrpcService.java:closeImpl(164)) - 52541eb8-c0db-4941-8ea5-4f6f65566359: shutdown server with port 33189 now
2019-11-13 20:20:28,593 [grpc-default-executor-7] WARN  server.GrpcServerProtocolService (LogUtils.java:warn(134)) - 52541eb8-c0db-4941-8ea5-4f6f65566359: installSnapshot onError, lastRequest: 4ccef42d-128e-4eed-9e45-8d297f7adfc0->52541eb8-c0db-4941-8ea5-4f6f65566359#6-t1, previous=(t:1, i:0), leaderCommit=0, initializing? false, entries: <empty>: org.apache.ratis.thirdparty.io.grpc.StatusRuntimeException: CANCELLED: cancelled before receiving half close
2019-11-13 20:20:28,593 [main] INFO  server.GrpcService (GrpcService.java:closeImpl(172)) - 52541eb8-c0db-4941-8ea5-4f6f65566359: shutdown server with port 33189 successfully
2019-11-13 20:20:28,593 [grpc-default-executor-3] WARN  server.GrpcLogAppender (LogUtils.java:warn(134)) - 4ccef42d-128e-4eed-9e45-8d297f7adfc0@group-D0755ABA686A->52541eb8-c0db-4941-8ea5-4f6f65566359-AppendLogResponseHandler: Failed appendEntries: org.apache.ratis.thirdparty.io.grpc.StatusRuntimeException: CANCELLED: HTTP/2 error code: CANCEL
Received Rst Stream
2019-11-13 20:20:28,594 [grpc-default-executor-3] INFO  impl.FollowerInfo (FollowerInfo.java:lambda$new$0(51)) - 4ccef42d-128e-4eed-9e45-8d297f7adfc0@group-D0755ABA686A->52541eb8-c0db-4941-8ea5-4f6f65566359: nextIndex: updateUnconditionally 1 -> 0
2019-11-13 20:20:28,598 [refreshUsed-/workdir/hadoop-ozone/integration-test/target/test-dir/MiniOzoneClusterImpl-252be716-c998-406a-83e5-534d363f62a9/datanode-8/data/containers] WARN  fs.CachingGetSpaceUsed (CachingGetSpaceUsed.java:run(183)) - Thread Interrupted waiting to refresh disk information: sleep interrupted
2019-11-13 20:20:28,613 [main] INFO  utils.BackgroundService (BackgroundService.java:shutdown(151)) - Shutting down service BlockDeletingService
2019-11-13 20:20:28,619 [main] INFO  statemachine.DatanodeStateMachine (DatanodeStateMachine.java:stopDaemon(395)) - Ozone container server stopped.
2019-11-13 20:20:28,620 [main] INFO  handler.ContextHandler (ContextHandler.java:doStop(910)) - Stopped o.e.j.w.WebAppContext@7ab63838{/,null,UNAVAILABLE}{/hddsDatanode}
2019-11-13 20:20:28,621 [main] INFO  server.AbstractConnector (AbstractConnector.java:doStop(318)) - Stopped ServerConnector@4e974b9e{HTTP/1.1,[http/1.1]}{0.0.0.0:0}
2019-11-13 20:20:28,621 [main] INFO  handler.ContextHandler (ContextHandler.java:doStop(910)) - Stopped o.e.j.s.ServletContextHandler@6c5ca0b6{/static,jar:file:/home/user/.m2/repository/org/apache/hadoop/hadoop-hdds-container-service/0.5.0-SNAPSHOT/hadoop-hdds-container-service-0.5.0-SNAPSHOT.jar!/webapps/static,UNAVAILABLE}
2019-11-13 20:20:28,621 [main] INFO  handler.ContextHandler (ContextHandler.java:doStop(910)) - Stopped o.e.j.s.ServletContextHandler@49cc9b2a{/logs,file:///workdir/hadoop-ozone/integration-test/target/log,UNAVAILABLE}
2019-11-13 20:20:28,783 [grpc-default-executor-0] WARN  server.GrpcLogAppender (LogUtils.java:warn(134)) - 4ccef42d-128e-4eed-9e45-8d297f7adfc0@group-D0755ABA686A->52541eb8-c0db-4941-8ea5-4f6f65566359-AppendLogResponseHandler: Failed appendEntries: org.apache.ratis.thirdparty.io.grpc.StatusRuntimeException: UNAVAILABLE: io exception
2019-11-13 20:20:28,784 [grpc-default-executor-0] INFO  impl.FollowerInfo (FollowerInfo.java:lambda$new$0(51)) - 4ccef42d-128e-4eed-9e45-8d297f7adfc0@group-D0755ABA686A->52541eb8-c0db-4941-8ea5-4f6f65566359: nextIndex: updateUnconditionally 0 -> 0
2019-11-13 20:20:29,283 [grpc-default-executor-3] WARN  server.GrpcLogAppender (LogUtils.java:warn(134)) - 4ccef42d-128e-4eed-9e45-8d297f7adfc0@group-D0755ABA686A->52541eb8-c0db-4941-8ea5-4f6f65566359-AppendLogResponseHandler: Failed appendEntries: org.apache.ratis.thirdparty.io.grpc.StatusRuntimeException: UNAVAILABLE: io exception
2019-11-13 20:20:29,284 [grpc-default-executor-3] INFO  impl.FollowerInfo (FollowerInfo.java:lambda$new$0(51)) - 4ccef42d-128e-4eed-9e45-8d297f7adfc0@group-D0755ABA686A->52541eb8-c0db-4941-8ea5-4f6f65566359: nextIndex: updateUnconditionally 0 -> 0
2019-11-13 20:20:29,784 [grpc-default-executor-7] WARN  server.GrpcLogAppender (LogUtils.java:warn(134)) - 4ccef42d-128e-4eed-9e45-8d297f7adfc0@group-D0755ABA686A->52541eb8-c0db-4941-8ea5-4f6f65566359-AppendLogResponseHandler: Failed appendEntries: org.apache.ratis.thirdparty.io.grpc.StatusRuntimeException: UNAVAILABLE: io exception
2019-11-13 20:20:29,784 [grpc-default-executor-7] INFO  impl.FollowerInfo (FollowerInfo.java:lambda$new$0(51)) - 4ccef42d-128e-4eed-9e45-8d297f7adfc0@group-D0755ABA686A->52541eb8-c0db-4941-8ea5-4f6f65566359: nextIndex: updateUnconditionally 0 -> 0
2019-11-13 20:20:30,284 [grpc-default-executor-0] WARN  server.GrpcLogAppender (LogUtils.java:warn(134)) - 4ccef42d-128e-4eed-9e45-8d297f7adfc0@group-D0755ABA686A->52541eb8-c0db-4941-8ea5-4f6f65566359-AppendLogResponseHandler: Failed appendEntries: org.apache.ratis.thirdparty.io.grpc.StatusRuntimeException: UNAVAILABLE: io exception
2019-11-13 20:20:30,285 [grpc-default-executor-0] INFO  impl.FollowerInfo (FollowerInfo.java:lambda$new$0(51)) - 4ccef42d-128e-4eed-9e45-8d297f7adfc0@group-D0755ABA686A->52541eb8-c0db-4941-8ea5-4f6f65566359: nextIndex: updateUnconditionally 0 -> 0
2019-11-13 20:20:30,657 [main] WARN  io.KeyOutputStream (KeyOutputStream.java:handleException(274)) - Encountered exception java.io.IOException: Unexpected Storage Container Exception: java.util.concurrent.CompletionException: java.util.concurrent.CompletionException: org.apache.ratis.protocol.GroupMismatchException: 4ccef42d-128e-4eed-9e45-8d297f7adfc0: group-53A8366392D7 not found. on the pipeline Pipeline[ Id: 331595c1-ba5d-49bf-9d61-53a8366392d7, Nodes: 52541eb8-c0db-4941-8ea5-4f6f65566359{ip: 192.168.164.208, host: pr-hdds-2375-t422d-1049308724, networkLocation: /rack1, certSerialId: null}4ccef42d-128e-4eed-9e45-8d297f7adfc0{ip: 192.168.164.208, host: pr-hdds-2375-t422d-1049308724, networkLocation: /rack1, certSerialId: null}5d9d256b-54cf-4856-8c87-6034b73b04bd{ip: 192.168.164.208, host: pr-hdds-2375-t422d-1049308724, networkLocation: /rack1, certSerialId: null}, Type:RATIS, Factor:THREE, State:OPEN]. The last committed block length is 1048576, uncommitted data length is 2097152 retry count 0
2019-11-13 20:20:30,658 [main] INFO  io.BlockOutputStreamEntryPool (BlockOutputStreamEntryPool.java:allocateNewBlock(257)) - Allocating block with ExcludeList {datanodes = [], containerIds = [], pipelineIds = [PipelineID=331595c1-ba5d-49bf-9d61-53a8366392d7]}
2019-11-13 20:20:30,787 [grpc-default-executor-7] WARN  server.GrpcLogAppender (LogUtils.java:warn(134)) - 4ccef42d-128e-4eed-9e45-8d297f7adfc0@group-D0755ABA686A->52541eb8-c0db-4941-8ea5-4f6f65566359-AppendLogResponseHandler: Failed appendEntries: org.apache.ratis.thirdparty.io.grpc.StatusRuntimeException: UNAVAILABLE: io exception
2019-11-13 20:20:30,788 [grpc-default-executor-7] INFO  impl.FollowerInfo (FollowerInfo.java:lambda$new$0(51)) - 4ccef42d-128e-4eed-9e45-8d297f7adfc0@group-D0755ABA686A->52541eb8-c0db-4941-8ea5-4f6f65566359: nextIndex: updateUnconditionally 0 -> 0
2019-11-13 20:20:30,932 [main] INFO  ozone.MiniOzoneClusterImpl (MiniOzoneClusterImpl.java:shutdown(352)) - Shutting down the Mini Ozone Cluster
2019-11-13 20:20:30,933 [main] INFO  ozone.MiniOzoneClusterImpl (MiniOzoneClusterImpl.java:stop(368)) - Stopping the Mini Ozone Cluster
2019-11-13 20:20:30,933 [main] INFO  ozone.MiniOzoneClusterImpl (MiniOzoneClusterImpl.java:stopOM(438)) - Stopping the OzoneManager
2019-11-13 20:20:30,933 [main] INFO  ipc.Server (Server.java:stop(3082)) - Stopping server on 37038
2019-11-13 20:20:30,942 [IPC Server listener on 37038] INFO  ipc.Server (Server.java:run(1185)) - Stopping IPC Server listener on 37038
2019-11-13 20:20:30,942 [main] INFO  ratis.OzoneManagerDoubleBuffer (OzoneManagerDoubleBuffer.java:stop(261)) - Stopping OMDoubleBuffer flush thread
2019-11-13 20:20:30,942 [IPC Server Responder] INFO  ipc.Server (Server.java:run(1319)) - Stopping IPC Server Responder
2019-11-13 20:20:30,944 [OMDoubleBufferFlushThread] INFO  ratis.OzoneManagerDoubleBuffer (OzoneManagerDoubleBuffer.java:flushTransactions(199)) - OMDoubleBuffer flush thread OMDoubleBufferFlushThread is interrupted and will exit. OMDoubleBufferFlushThread
2019-11-13 20:20:30,956 [main] INFO  utils.BackgroundService (BackgroundService.java:shutdown(151)) - Shutting down service KeyDeletingService
2019-11-13 20:20:30,958 [main] INFO  handler.ContextHandler (ContextHandler.java:doStop(910)) - Stopped o.e.j.w.WebAppContext@7bd38fed{/,null,UNAVAILABLE}{/ozoneManager}
2019-11-13 20:20:30,959 [main] INFO  server.AbstractConnector (AbstractConnector.java:doStop(318)) - Stopped ServerConnector@377dfb8d{HTTP/1.1,[http/1.1]}{0.0.0.0:0}
2019-11-13 20:20:30,960 [main] INFO  handler.ContextHandler (ContextHandler.java:doStop(910)) - Stopped o.e.j.s.ServletContextHandler@5e3db14{/static,file:///workdir/hadoop-ozone/integration-test/target/test-classes/webapps/static,UNAVAILABLE}
2019-11-13 20:20:30,960 [main] INFO  handler.ContextHandler (ContextHandler.java:doStop(910)) - Stopped o.e.j.s.ServletContextHandler@7eb27768{/logs,file:///workdir/hadoop-ozone/integration-test/target/log,UNAVAILABLE}
2019-11-13 20:20:30,963 [main] INFO  ozone.MiniOzoneClusterImpl (MiniOzoneClusterImpl.java:stopDatanodes(415)) - Stopping the HddsDatanodes
2019-11-13 20:20:31,286 [grpc-default-executor-0] WARN  server.GrpcLogAppender (LogUtils.java:warn(134)) - 4ccef42d-128e-4eed-9e45-8d297f7adfc0@group-D0755ABA686A->52541eb8-c0db-4941-8ea5-4f6f65566359-AppendLogResponseHandler: Failed appendEntries: org.apache.ratis.thirdparty.io.grpc.StatusRuntimeException: UNAVAILABLE: io exception
2019-11-13 20:20:31,286 [grpc-default-executor-0] INFO  impl.FollowerInfo (FollowerInfo.java:lambda$new$0(51)) - 4ccef42d-128e-4eed-9e45-8d297f7adfc0@group-D0755ABA686A->52541eb8-c0db-4941-8ea5-4f6f65566359: nextIndex: updateUnconditionally 0 -> 0
2019-11-13 20:20:31,494 [Datanode State Machine Thread - 0] INFO  statemachine.DatanodeStateMachine (DatanodeStateMachine.java:lambda$startDaemon$0(350)) - Ozone container server started.
2019-11-13 20:20:31,787 [grpc-default-executor-3] WARN  server.GrpcLogAppender (LogUtils.java:warn(134)) - 4ccef42d-128e-4eed-9e45-8d297f7adfc0@group-D0755ABA686A->52541eb8-c0db-4941-8ea5-4f6f65566359-AppendLogResponseHandler: Failed appendEntries: org.apache.ratis.thirdparty.io.grpc.StatusRuntimeException: UNAVAILABLE: io exception
2019-11-13 20:20:31,787 [grpc-default-executor-3] INFO  impl.FollowerInfo (FollowerInfo.java:lambda$new$0(51)) - 4ccef42d-128e-4eed-9e45-8d297f7adfc0@group-D0755ABA686A->52541eb8-c0db-4941-8ea5-4f6f65566359: nextIndex: updateUnconditionally 0 -> 0
2019-11-13 20:20:31,804 [Datanode State Machine Thread - 0] INFO  statemachine.DatanodeStateMachine (DatanodeStateMachine.java:lambda$startDaemon$0(350)) - Ozone container server started.
2019-11-13 20:20:32,287 [grpc-default-executor-7] WARN  server.GrpcLogAppender (LogUtils.java:warn(134)) - 4ccef42d-128e-4eed-9e45-8d297f7adfc0@group-D0755ABA686A->52541eb8-c0db-4941-8ea5-4f6f65566359-AppendLogResponseHandler: Failed appendEntries: org.apache.ratis.thirdparty.io.grpc.StatusRuntimeException: UNAVAILABLE: io exception
2019-11-13 20:20:32,287 [grpc-default-executor-7] INFO  impl.FollowerInfo (FollowerInfo.java:lambda$new$0(51)) - 4ccef42d-128e-4eed-9e45-8d297f7adfc0@group-D0755ABA686A->52541eb8-c0db-4941-8ea5-4f6f65566359: nextIndex: updateUnconditionally 0 -> 0
2019-11-13 20:20:32,787 [grpc-default-executor-0] WARN  server.GrpcLogAppender (LogUtils.java:warn(134)) - 4ccef42d-128e-4eed-9e45-8d297f7adfc0@group-D0755ABA686A->52541eb8-c0db-4941-8ea5-4f6f65566359-AppendLogResponseHandler: Failed appendEntries: org.apache.ratis.thirdparty.io.grpc.StatusRuntimeException: UNAVAILABLE: io exception
2019-11-13 20:20:32,788 [grpc-default-executor-0] INFO  impl.FollowerInfo (FollowerInfo.java:lambda$new$0(51)) - 4ccef42d-128e-4eed-9e45-8d297f7adfc0@group-D0755ABA686A->52541eb8-c0db-4941-8ea5-4f6f65566359: nextIndex: updateUnconditionally 0 -> 0
2019-11-13 20:20:33,288 [grpc-default-executor-3] WARN  server.GrpcLogAppender (LogUtils.java:warn(134)) - 4ccef42d-128e-4eed-9e45-8d297f7adfc0@group-D0755ABA686A->52541eb8-c0db-4941-8ea5-4f6f65566359-AppendLogResponseHandler: Failed appendEntries: org.apache.ratis.thirdparty.io.grpc.StatusRuntimeException: UNAVAILABLE: io exception
2019-11-13 20:20:33,288 [grpc-default-executor-3] INFO  impl.FollowerInfo (FollowerInfo.java:lambda$new$0(51)) - 4ccef42d-128e-4eed-9e45-8d297f7adfc0@group-D0755ABA686A->52541eb8-c0db-4941-8ea5-4f6f65566359: nextIndex: updateUnconditionally 0 -> 0
2019-11-13 20:20:33,789 [grpc-default-executor-7] WARN  server.GrpcLogAppender (LogUtils.java:warn(134)) - 4ccef42d-128e-4eed-9e45-8d297f7adfc0@group-D0755ABA686A->52541eb8-c0db-4941-8ea5-4f6f65566359-AppendLogResponseHandler: Failed appendEntries: org.apache.ratis.thirdparty.io.grpc.StatusRuntimeException: UNAVAILABLE: io exception
2019-11-13 20:20:33,789 [grpc-default-executor-7] INFO  impl.FollowerInfo (FollowerInfo.java:lambda$new$0(51)) - 4ccef42d-128e-4eed-9e45-8d297f7adfc0@group-D0755ABA686A->52541eb8-c0db-4941-8ea5-4f6f65566359: nextIndex: updateUnconditionally 0 -> 0
2019-11-13 20:20:34,289 [grpc-default-executor-7] WARN  server.GrpcLogAppender (LogUtils.java:warn(134)) - 4ccef42d-128e-4eed-9e45-8d297f7adfc0@group-D0755ABA686A->52541eb8-c0db-4941-8ea5-4f6f65566359-AppendLogResponseHandler: Failed appendEntries: org.apache.ratis.thirdparty.io.grpc.StatusRuntimeException: UNAVAILABLE: io exception
2019-11-13 20:20:34,289 [grpc-default-executor-7] INFO  impl.FollowerInfo (FollowerInfo.java:lambda$new$0(51)) - 4ccef42d-128e-4eed-9e45-8d297f7adfc0@group-D0755ABA686A->52541eb8-c0db-4941-8ea5-4f6f65566359: nextIndex: updateUnconditionally 0 -> 0
2019-11-13 20:20:34,790 [grpc-default-executor-0] WARN  server.GrpcLogAppender (LogUtils.java:warn(134)) - 4ccef42d-128e-4eed-9e45-8d297f7adfc0@group-D0755ABA686A->52541eb8-c0db-4941-8ea5-4f6f65566359-AppendLogResponseHandler: Failed appendEntries: org.apache.ratis.thirdparty.io.grpc.StatusRuntimeException: UNAVAILABLE: io exception
2019-11-13 20:20:34,790 [grpc-default-executor-0] INFO  impl.FollowerInfo (FollowerInfo.java:lambda$new$0(51)) - 4ccef42d-128e-4eed-9e45-8d297f7adfc0@group-D0755ABA686A->52541eb8-c0db-4941-8ea5-4f6f65566359: nextIndex: updateUnconditionally 0 -> 0
2019-11-13 20:20:35,290 [grpc-default-executor-7] WARN  server.GrpcLogAppender (LogUtils.java:warn(134)) - 4ccef42d-128e-4eed-9e45-8d297f7adfc0@group-D0755ABA686A->52541eb8-c0db-4941-8ea5-4f6f65566359-AppendLogResponseHandler: Failed appendEntries: org.apache.ratis.thirdparty.io.grpc.StatusRuntimeException: UNAVAILABLE: io exception
2019-11-13 20:20:35,290 [grpc-default-executor-7] INFO  impl.FollowerInfo (FollowerInfo.java:lambda$new$0(51)) - 4ccef42d-128e-4eed-9e45-8d297f7adfc0@group-D0755ABA686A->52541eb8-c0db-4941-8ea5-4f6f65566359: nextIndex: updateUnconditionally 0 -> 0
2019-11-13 20:20:35,790 [grpc-default-executor-3] WARN  server.GrpcLogAppender (LogUtils.java:warn(134)) - 4ccef42d-128e-4eed-9e45-8d297f7adfc0@group-D0755ABA686A->52541eb8-c0db-4941-8ea5-4f6f65566359-AppendLogResponseHandler: Failed appendEntries: org.apache.ratis.thirdparty.io.grpc.StatusRuntimeException: UNAVAILABLE: io exception
2019-11-13 20:20:35,791 [grpc-default-executor-3] INFO  impl.FollowerInfo (FollowerInfo.java:lambda$new$0(51)) - 4ccef42d-128e-4eed-9e45-8d297f7adfc0@group-D0755ABA686A->52541eb8-c0db-4941-8ea5-4f6f65566359: nextIndex: updateUnconditionally 0 -> 0
2019-11-13 20:20:35,964 [ForkJoinPool.commonPool-worker-1] INFO  ozoneimpl.OzoneContainer (OzoneContainer.java:stop(244)) - Attempting to stop container services.
2019-11-13 20:20:35,964 [main] INFO  ozoneimpl.OzoneContainer (OzoneContainer.java:stop(244)) - Attempting to stop container services.
2019-11-13 20:20:35,965 [ForkJoinPool.commonPool-worker-1] INFO  impl.RaftServerProxy (RaftServerProxy.java:lambda$close$4(314)) - b0735163-16b4-4eff-936d-5712c77b458f: close
2019-11-13 20:20:35,965 [main] INFO  impl.RaftServerProxy (RaftServerProxy.java:lambda$close$4(314)) - dc33d614-f8fc-4160-b742-6654ea8e560b: close
2019-11-13 20:20:35,965 [ForkJoinPool.commonPool-worker-1] INFO  impl.RaftServerImpl (RaftServerImpl.java:lambda$shutdown$3(250)) - b0735163-16b4-4eff-936d-5712c77b458f@group-5A0384424C39: shutdown
2019-11-13 20:20:35,966 [main] INFO  impl.RaftServerImpl (RaftServerImpl.java:lambda$shutdown$3(250)) - dc33d614-f8fc-4160-b742-6654ea8e560b@group-66711409C4AC: shutdown
2019-11-13 20:20:35,966 [ForkJoinPool.commonPool-worker-1] INFO  util.JmxRegister (JmxRegister.java:unregister(73)) - Successfully un-registered JMX Bean with object name Ratis:service=RaftServer,group=group-5A0384424C39,id=b0735163-16b4-4eff-936d-5712c77b458f
2019-11-13 20:20:35,966 [main] INFO  util.JmxRegister (JmxRegister.java:unregister(73)) - Successfully un-registered JMX Bean with object name Ratis:service=RaftServer,group=group-66711409C4AC,id=dc33d614-f8fc-4160-b742-6654ea8e560b
2019-11-13 20:20:35,966 [ForkJoinPool.commonPool-worker-1] INFO  impl.RoleInfo (RoleInfo.java:shutdownLeaderState(104)) - b0735163-16b4-4eff-936d-5712c77b458f: shutdown LeaderState
2019-11-13 20:20:35,966 [main] INFO  impl.RoleInfo (RoleInfo.java:shutdownLeaderState(104)) - dc33d614-f8fc-4160-b742-6654ea8e560b: shutdown LeaderState
2019-11-13 20:20:35,967 [ForkJoinPool.commonPool-worker-1] INFO  impl.PendingRequests (PendingRequests.java:sendNotLeaderResponses(206)) - b0735163-16b4-4eff-936d-5712c77b458f@group-5A0384424C39-PendingRequests: sendNotLeaderResponses
2019-11-13 20:20:35,971 [main] INFO  impl.PendingRequests (PendingRequests.java:sendNotLeaderResponses(206)) - dc33d614-f8fc-4160-b742-6654ea8e560b@group-66711409C4AC-PendingRequests: sendNotLeaderResponses
2019-11-13 20:20:35,972 [ForkJoinPool.commonPool-worker-1] INFO  impl.StateMachineUpdater (StateMachineUpdater.java:stopAndJoin(136)) - b0735163-16b4-4eff-936d-5712c77b458f@group-5A0384424C39-StateMachineUpdater: set stopIndex = 0
2019-11-13 20:20:35,972 [ForkJoinPool.commonPool-worker-1] INFO  impl.RaftServerImpl (ServerState.java:close(387)) - b0735163-16b4-4eff-936d-5712c77b458f@group-5A0384424C39: closes. applyIndex: 0
2019-11-13 20:20:35,971 [org.apache.ratis.server.impl.LogAppender$AppenderDaemon$$Lambda$415/455279792@4f69b812] WARN  server.GrpcLogAppender (GrpcLogAppender.java:mayWait(151)) - dc33d614-f8fc-4160-b742-6654ea8e560b@group-66711409C4AC->7a884130-6d50-4d25-81cf-a815cb8b077e-GrpcLogAppender: Wait interrupted by java.lang.InterruptedException
2019-11-13 20:20:35,972 [b0735163-16b4-4eff-936d-5712c77b458f@group-5A0384424C39-SegmentedRaftLogWorker] INFO  segmented.SegmentedRaftLogWorker (SegmentedRaftLogWorker.java:run(316)) - b0735163-16b4-4eff-936d-5712c77b458f@group-5A0384424C39-SegmentedRaftLogWorker was interrupted, exiting. There are 0 tasks remaining in the queue.
2019-11-13 20:20:35,971 [org.apache.ratis.server.impl.LogAppender$AppenderDaemon$$Lambda$415/455279792@a6b3f9b] WARN  server.GrpcLogAppender (GrpcLogAppender.java:mayWait(151)) - dc33d614-f8fc-4160-b742-6654ea8e560b@group-66711409C4AC->f80e2e38-60f5-4e79-8b9a-ced9a5a7a91b-GrpcLogAppender: Wait interrupted by java.lang.InterruptedException
2019-11-13 20:20:35,972 [main] INFO  impl.StateMachineUpdater (StateMachineUpdater.java:stopAndJoin(136)) - dc33d614-f8fc-4160-b742-6654ea8e560b@group-66711409C4AC-StateMachineUpdater: set stopIndex = 0
2019-11-13 20:20:35,973 [grpc-default-executor-3] INFO  server.GrpcServerProtocolService (GrpcServerProtocolService.java:onCompleted(113)) - f80e2e38-60f5-4e79-8b9a-ced9a5a7a91b: Completed APPEND_ENTRIES, lastRequest: dc33d614-f8fc-4160-b742-6654ea8e560b->f80e2e38-60f5-4e79-8b9a-ced9a5a7a91b#28-t1, previous=(t:1, i:0), leaderCommit=0, initializing? false, entries: <empty>
2019-11-13 20:20:35,973 [grpc-default-executor-0] INFO  server.GrpcServerProtocolService (GrpcServerProtocolService.java:onCompleted(113)) - 7a884130-6d50-4d25-81cf-a815cb8b077e: Completed APPEND_ENTRIES, lastRequest: dc33d614-f8fc-4160-b742-6654ea8e560b->7a884130-6d50-4d25-81cf-a815cb8b077e#28-t1, previous=(t:1, i:0), leaderCommit=0, initializing? false, entries: <empty>
2019-11-13 20:20:35,973 [ForkJoinPool.commonPool-worker-1] INFO  segmented.SegmentedRaftLogWorker (SegmentedRaftLogWorker.java:close(224)) - b0735163-16b4-4eff-936d-5712c77b458f@group-5A0384424C39-SegmentedRaftLogWorker close()
2019-11-13 20:20:35,973 [main] INFO  impl.RaftServerImpl (ServerState.java:close(387)) - dc33d614-f8fc-4160-b742-6654ea8e560b@group-66711409C4AC: closes. applyIndex: 0
2019-11-13 20:20:35,974 [grpc-default-executor-3] INFO  server.GrpcLogAppender (GrpcLogAppender.java:onCompleted(308)) - dc33d614-f8fc-4160-b742-6654ea8e560b@group-66711409C4AC->f80e2e38-60f5-4e79-8b9a-ced9a5a7a91b-AppendLogResponseHandler: follower responses appendEntries COMPLETED
2019-11-13 20:20:35,974 [grpc-default-executor-0] INFO  server.GrpcLogAppender (GrpcLogAppender.java:onCompleted(308)) - dc33d614-f8fc-4160-b742-6654ea8e560b@group-66711409C4AC->7a884130-6d50-4d25-81cf-a815cb8b077e-AppendLogResponseHandler: follower responses appendEntries COMPLETED
2019-11-13 20:20:35,973 [ForkJoinPool.commonPool-worker-1] INFO  impl.RaftServerImpl (RaftServerImpl.java:lambda$shutdown$3(250)) - b0735163-16b4-4eff-936d-5712c77b458f@group-3CC11B5AB53E: shutdown
2019-11-13 20:20:35,974 [dc33d614-f8fc-4160-b742-6654ea8e560b@group-66711409C4AC-SegmentedRaftLogWorker] INFO  segmented.SegmentedRaftLogWorker (SegmentedRaftLogWorker.java:run(316)) - dc33d614-f8fc-4160-b742-6654ea8e560b@group-66711409C4AC-SegmentedRaftLogWorker was interrupted, exiting. There are 0 tasks remaining in the queue.
2019-11-13 20:20:35,974 [grpc-default-executor-0] INFO  impl.FollowerInfo (FollowerInfo.java:lambda$new$0(51)) - dc33d614-f8fc-4160-b742-6654ea8e560b@group-66711409C4AC->7a884130-6d50-4d25-81cf-a815cb8b077e: nextIndex: updateUnconditionally 1 -> 0
2019-11-13 20:20:35,975 [grpc-default-executor-3] INFO  impl.FollowerInfo (FollowerInfo.java:lambda$new$0(51)) - dc33d614-f8fc-4160-b742-6654ea8e560b@group-66711409C4AC->f80e2e38-60f5-4e79-8b9a-ced9a5a7a91b: nextIndex: updateUnconditionally 1 -> 0
2019-11-13 20:20:35,974 [ForkJoinPool.commonPool-worker-1] INFO  util.JmxRegister (JmxRegister.java:unregister(73)) - Successfully un-registered JMX Bean with object name Ratis:service=RaftServer,group=group-3CC11B5AB53E,id=b0735163-16b4-4eff-936d-5712c77b458f
2019-11-13 20:20:35,975 [ForkJoinPool.commonPool-worker-1] INFO  impl.RoleInfo (RoleInfo.java:shutdownFollowerState(121)) - b0735163-16b4-4eff-936d-5712c77b458f: shutdown FollowerState
2019-11-13 20:20:35,975 [ForkJoinPool.commonPool-worker-1] INFO  impl.StateMachineUpdater (StateMachineUpdater.java:stopAndJoin(136)) - b0735163-16b4-4eff-936d-5712c77b458f@group-3CC11B5AB53E-StateMachineUpdater: set stopIndex = 6
2019-11-13 20:20:35,975 [Thread-4407] INFO  impl.FollowerState (FollowerState.java:run(120)) - b0735163-16b4-4eff-936d-5712c77b458f@group-3CC11B5AB53E-FollowerState was interrupted: java.lang.InterruptedException: sleep interrupted
2019-11-13 20:20:35,975 [b0735163-16b4-4eff-936d-5712c77b458f@group-3CC11B5AB53E-StateMachineUpdater] INFO  ratis.ContainerStateMachine (ContainerStateMachine.java:takeSnapshot(285)) - group-3CC11B5AB53E: Taking a snapshot at:(t:2, i:4) file /workdir/hadoop-ozone/integration-test/target/test-dir/MiniOzoneClusterImpl-252be716-c998-406a-83e5-534d363f62a9/datanode-2/data/ratis/81adcf28-4a82-4d96-8bae-3cc11b5ab53e/sm/snapshot.2_4
2019-11-13 20:20:35,985 [main] INFO  segmented.SegmentedRaftLogWorker (SegmentedRaftLogWorker.java:close(224)) - dc33d614-f8fc-4160-b742-6654ea8e560b@group-66711409C4AC-SegmentedRaftLogWorker close()
2019-11-13 20:20:35,985 [main] INFO  impl.RaftServerImpl (RaftServerImpl.java:lambda$shutdown$3(250)) - dc33d614-f8fc-4160-b742-6654ea8e560b@group-BD46578B047D: shutdown
2019-11-13 20:20:35,986 [main] INFO  util.JmxRegister (JmxRegister.java:unregister(73)) - Successfully un-registered JMX Bean with object name Ratis:service=RaftServer,group=group-BD46578B047D,id=dc33d614-f8fc-4160-b742-6654ea8e560b
2019-11-13 20:20:35,986 [main] INFO  impl.RoleInfo (RoleInfo.java:shutdownLeaderState(104)) - dc33d614-f8fc-4160-b742-6654ea8e560b: shutdown LeaderState
2019-11-13 20:20:35,986 [main] INFO  impl.PendingRequests (PendingRequests.java:sendNotLeaderResponses(206)) - dc33d614-f8fc-4160-b742-6654ea8e560b@group-BD46578B047D-PendingRequests: sendNotLeaderResponses
2019-11-13 20:20:35,987 [main] INFO  impl.StateMachineUpdater (StateMachineUpdater.java:stopAndJoin(136)) - dc33d614-f8fc-4160-b742-6654ea8e560b@group-BD46578B047D-StateMachineUpdater: set stopIndex = 0
2019-11-13 20:20:35,987 [main] INFO  impl.RaftServerImpl (ServerState.java:close(387)) - dc33d614-f8fc-4160-b742-6654ea8e560b@group-BD46578B047D: closes. applyIndex: 0
2019-11-13 20:20:35,987 [dc33d614-f8fc-4160-b742-6654ea8e560b@group-BD46578B047D-SegmentedRaftLogWorker] INFO  segmented.SegmentedRaftLogWorker (SegmentedRaftLogWorker.java:run(316)) - dc33d614-f8fc-4160-b742-6654ea8e560b@group-BD46578B047D-SegmentedRaftLogWorker was interrupted, exiting. There are 0 tasks remaining in the queue.
2019-11-13 20:20:35,988 [main] INFO  segmented.SegmentedRaftLogWorker (SegmentedRaftLogWorker.java:close(224)) - dc33d614-f8fc-4160-b742-6654ea8e560b@group-BD46578B047D-SegmentedRaftLogWorker close()
2019-11-13 20:20:35,988 [b0735163-16b4-4eff-936d-5712c77b458f@group-3CC11B5AB53E-StateMachineUpdater] INFO  ratis.ContainerStateMachine (ContainerStateMachine.java:takeSnapshot(296)) - group-3CC11B5AB53E: Finished taking a snapshot at:(t:2, i:4) file:/workdir/hadoop-ozone/integration-test/target/test-dir/MiniOzoneClusterImpl-252be716-c998-406a-83e5-534d363f62a9/datanode-2/data/ratis/81adcf28-4a82-4d96-8bae-3cc11b5ab53e/sm/snapshot.2_4 time:13
2019-11-13 20:20:35,988 [main] INFO  server.GrpcService (GrpcService.java:closeImpl(164)) - dc33d614-f8fc-4160-b742-6654ea8e560b: shutdown server with port 36418 now
2019-11-13 20:20:35,988 [b0735163-16b4-4eff-936d-5712c77b458f@group-3CC11B5AB53E-StateMachineUpdater] INFO  impl.StateMachineUpdater (StateMachineUpdater.java:takeSnapshot(269)) - b0735163-16b4-4eff-936d-5712c77b458f@group-3CC11B5AB53E-StateMachineUpdater: Took a snapshot at index 4
2019-11-13 20:20:35,988 [b0735163-16b4-4eff-936d-5712c77b458f@group-3CC11B5AB53E-StateMachineUpdater] INFO  impl.StateMachineUpdater (StateMachineUpdater.java:lambda$new$0(84)) - b0735163-16b4-4eff-936d-5712c77b458f@group-3CC11B5AB53E-StateMachineUpdater: snapshotIndex: updateIncreasingly -1 -> 4
2019-11-13 20:20:35,988 [main] INFO  server.GrpcService (GrpcService.java:closeImpl(172)) - dc33d614-f8fc-4160-b742-6654ea8e560b: shutdown server with port 36418 successfully
2019-11-13 20:20:35,989 [b0735163-16b4-4eff-936d-5712c77b458f@group-3CC11B5AB53E-StateMachineUpdater] INFO  ratis.ContainerStateMachine (ContainerStateMachine.java:takeSnapshot(285)) - group-3CC11B5AB53E: Taking a snapshot at:(t:2, i:4) file /workdir/hadoop-ozone/integration-test/target/test-dir/MiniOzoneClusterImpl-252be716-c998-406a-83e5-534d363f62a9/datanode-2/data/ratis/81adcf28-4a82-4d96-8bae-3cc11b5ab53e/sm/snapshot.2_4
2019-11-13 20:20:35,993 [refreshUsed-/workdir/hadoop-ozone/integration-test/target/test-dir/MiniOzoneClusterImpl-252be716-c998-406a-83e5-534d363f62a9/datanode-5/data/containers] WARN  fs.CachingGetSpaceUsed (CachingGetSpaceUsed.java:run(183)) - Thread Interrupted waiting to refresh disk information: sleep interrupted
2019-11-13 20:20:36,002 [b0735163-16b4-4eff-936d-5712c77b458f@group-3CC11B5AB53E-StateMachineUpdater] INFO  ratis.ContainerStateMachine (ContainerStateMachine.java:takeSnapshot(296)) - group-3CC11B5AB53E: Finished taking a snapshot at:(t:2, i:4) file:/workdir/hadoop-ozone/integration-test/target/test-dir/MiniOzoneClusterImpl-252be716-c998-406a-83e5-534d363f62a9/datanode-2/data/ratis/81adcf28-4a82-4d96-8bae-3cc11b5ab53e/sm/snapshot.2_4 time:13
2019-11-13 20:20:36,002 [b0735163-16b4-4eff-936d-5712c77b458f@group-3CC11B5AB53E-StateMachineUpdater] INFO  impl.StateMachineUpdater (StateMachineUpdater.java:takeSnapshot(269)) - b0735163-16b4-4eff-936d-5712c77b458f@group-3CC11B5AB53E-StateMachineUpdater: Took a snapshot at index 4
2019-11-13 20:20:36,002 [b0735163-16b4-4eff-936d-5712c77b458f@group-3CC11B5AB53E-StateMachineUpdater] INFO  impl.StateMachineUpdater (StateMachineUpdater.java:lambda$new$0(84)) - b0735163-16b4-4eff-936d-5712c77b458f@group-3CC11B5AB53E-StateMachineUpdater: snapshotIndex: updateIncreasingly 4 -> 4
2019-11-13 20:20:36,003 [ForkJoinPool.commonPool-worker-1] INFO  impl.RaftServerImpl (ServerState.java:close(387)) - b0735163-16b4-4eff-936d-5712c77b458f@group-3CC11B5AB53E: closes. applyIndex: 6
2019-11-13 20:20:36,003 [b0735163-16b4-4eff-936d-5712c77b458f@group-3CC11B5AB53E-SegmentedRaftLogWorker] INFO  segmented.SegmentedRaftLogWorker (SegmentedRaftLogWorker.java:run(316)) - b0735163-16b4-4eff-936d-5712c77b458f@group-3CC11B5AB53E-SegmentedRaftLogWorker was interrupted, exiting. There are 0 tasks remaining in the queue.
2019-11-13 20:20:36,003 [ForkJoinPool.commonPool-worker-1] INFO  segmented.SegmentedRaftLogWorker (SegmentedRaftLogWorker.java:close(224)) - b0735163-16b4-4eff-936d-5712c77b458f@group-3CC11B5AB53E-SegmentedRaftLogWorker close()
2019-11-13 20:20:36,005 [ForkJoinPool.commonPool-worker-1] INFO  server.GrpcService (GrpcService.java:closeImpl(164)) - b0735163-16b4-4eff-936d-5712c77b458f: shutdown server with port 33769 now
2019-11-13 20:20:36,005 [grpc-default-executor-0] WARN  server.GrpcServerProtocolService (LogUtils.java:warn(134)) - b0735163-16b4-4eff-936d-5712c77b458f: installSnapshot onError, lastRequest: 57e4e4f3-95e6-4ba3-b7c4-7652bb100830->b0735163-16b4-4eff-936d-5712c77b458f#24-t2, previous=(t:2, i:6), leaderCommit=6, initializing? false, entries: <empty>: org.apache.ratis.thirdparty.io.grpc.StatusRuntimeException: CANCELLED: cancelled before receiving half close
2019-11-13 20:20:36,006 [ForkJoinPool.commonPool-worker-1] INFO  server.GrpcService (GrpcService.java:closeImpl(172)) - b0735163-16b4-4eff-936d-5712c77b458f: shutdown server with port 33769 successfully
2019-11-13 20:20:36,006 [grpc-default-executor-3] WARN  server.GrpcLogAppender (LogUtils.java:warn(134)) - 57e4e4f3-95e6-4ba3-b7c4-7652bb100830@group-3CC11B5AB53E->b0735163-16b4-4eff-936d-5712c77b458f-AppendLogResponseHandler: Failed appendEntries: org.apache.ratis.thirdparty.io.grpc.StatusRuntimeException: CANCELLED: HTTP/2 error code: CANCEL
Received Rst Stream
2019-11-13 20:20:36,006 [grpc-default-executor-3] INFO  impl.FollowerInfo (FollowerInfo.java:lambda$new$0(51)) - 57e4e4f3-95e6-4ba3-b7c4-7652bb100830@group-3CC11B5AB53E->b0735163-16b4-4eff-936d-5712c77b458f: nextIndex: updateUnconditionally 7 -> 6
2019-11-13 20:20:36,007 [refreshUsed-/workdir/hadoop-ozone/integration-test/target/test-dir/MiniOzoneClusterImpl-252be716-c998-406a-83e5-534d363f62a9/datanode-2/data/containers] WARN  fs.CachingGetSpaceUsed (CachingGetSpaceUsed.java:run(183)) - Thread Interrupted waiting to refresh disk information: sleep interrupted
2019-11-13 20:20:36,013 [main] INFO  utils.BackgroundService (BackgroundService.java:shutdown(151)) - Shutting down service BlockDeletingService
2019-11-13 20:20:36,034 [main] INFO  statemachine.DatanodeStateMachine (DatanodeStateMachine.java:stopDaemon(395)) - Ozone container server stopped.
2019-11-13 20:20:36,035 [main] INFO  handler.ContextHandler (ContextHandler.java:doStop(910)) - Stopped o.e.j.w.WebAppContext@26275b46{/,null,UNAVAILABLE}{/hddsDatanode}
2019-11-13 20:20:36,036 [main] INFO  server.AbstractConnector (AbstractConnector.java:doStop(318)) - Stopped ServerConnector@3e9beef2{HTTP/1.1,[http/1.1]}{0.0.0.0:0}
2019-11-13 20:20:36,036 [main] INFO  handler.ContextHandler (ContextHandler.java:doStop(910)) - Stopped o.e.j.s.ServletContextHandler@5f0f70c7{/static,jar:file:/home/user/.m2/repository/org/apache/hadoop/hadoop-hdds-container-service/0.5.0-SNAPSHOT/hadoop-hdds-container-service-0.5.0-SNAPSHOT.jar!/webapps/static,UNAVAILABLE}
2019-11-13 20:20:36,037 [main] INFO  handler.ContextHandler (ContextHandler.java:doStop(910)) - Stopped o.e.j.s.ServletContextHandler@682618e5{/logs,file:///workdir/hadoop-ozone/integration-test/target/log,UNAVAILABLE}
2019-11-13 20:20:36,039 [ForkJoinPool.commonPool-worker-1] INFO  utils.BackgroundService (BackgroundService.java:shutdown(151)) - Shutting down service BlockDeletingService
2019-11-13 20:20:36,041 [ForkJoinPool.commonPool-worker-1] INFO  statemachine.DatanodeStateMachine (DatanodeStateMachine.java:stopDaemon(395)) - Ozone container server stopped.
2019-11-13 20:20:36,047 [ForkJoinPool.commonPool-worker-1] INFO  handler.ContextHandler (ContextHandler.java:doStop(910)) - Stopped o.e.j.w.WebAppContext@7f0d8eff{/,null,UNAVAILABLE}{/hddsDatanode}
2019-11-13 20:20:36,047 [ForkJoinPool.commonPool-worker-1] INFO  server.AbstractConnector (AbstractConnector.java:doStop(318)) - Stopped ServerConnector@149aa7b2{HTTP/1.1,[http/1.1]}{0.0.0.0:0}
2019-11-13 20:20:36,048 [ForkJoinPool.commonPool-worker-1] INFO  handler.ContextHandler (ContextHandler.java:doStop(910)) - Stopped o.e.j.s.ServletContextHandler@ad3f70a{/static,jar:file:/home/user/.m2/repository/org/apache/hadoop/hadoop-hdds-container-service/0.5.0-SNAPSHOT/hadoop-hdds-container-service-0.5.0-SNAPSHOT.jar!/webapps/static,UNAVAILABLE}
2019-11-13 20:20:36,050 [ForkJoinPool.commonPool-worker-1] INFO  handler.ContextHandler (ContextHandler.java:doStop(910)) - Stopped o.e.j.s.ServletContextHandler@1693ff90{/logs,file:///workdir/hadoop-ozone/integration-test/target/log,UNAVAILABLE}
2019-11-13 20:20:36,291 [grpc-default-executor-7] WARN  server.GrpcLogAppender (LogUtils.java:warn(134)) - 4ccef42d-128e-4eed-9e45-8d297f7adfc0@group-D0755ABA686A->52541eb8-c0db-4941-8ea5-4f6f65566359-AppendLogResponseHandler: Failed appendEntries: org.apache.ratis.thirdparty.io.grpc.StatusRuntimeException: UNAVAILABLE: io exception
2019-11-13 20:20:36,291 [grpc-default-executor-7] INFO  impl.FollowerInfo (FollowerInfo.java:lambda$new$0(51)) - 4ccef42d-128e-4eed-9e45-8d297f7adfc0@group-D0755ABA686A->52541eb8-c0db-4941-8ea5-4f6f65566359: nextIndex: updateUnconditionally 0 -> 0
2019-11-13 20:20:36,345 [grpc-default-executor-0] WARN  server.GrpcLogAppender (LogUtils.java:warn(134)) - 57e4e4f3-95e6-4ba3-b7c4-7652bb100830@group-3CC11B5AB53E->b0735163-16b4-4eff-936d-5712c77b458f-AppendLogResponseHandler: Failed appendEntries: org.apache.ratis.thirdparty.io.grpc.StatusRuntimeException: UNAVAILABLE: io exception
2019-11-13 20:20:36,345 [grpc-default-executor-0] INFO  impl.FollowerInfo (FollowerInfo.java:lambda$new$0(51)) - 57e4e4f3-95e6-4ba3-b7c4-7652bb100830@group-3CC11B5AB53E->b0735163-16b4-4eff-936d-5712c77b458f: nextIndex: updateUnconditionally 6 -> 5
2019-11-13 20:20:36,448 [Datanode State Machine Thread - 0] INFO  statemachine.DatanodeStateMachine (DatanodeStateMachine.java:lambda$startDaemon$0(350)) - Ozone container server started.
2019-11-13 20:20:36,712 [Datanode State Machine Thread - 0] INFO  statemachine.DatanodeStateMachine (DatanodeStateMachine.java:lambda$startDaemon$0(350)) - Ozone container server started.
2019-11-13 20:20:36,791 [grpc-default-executor-0] WARN  server.GrpcLogAppender (LogUtils.java:warn(134)) - 4ccef42d-128e-4eed-9e45-8d297f7adfc0@group-D0755ABA686A->52541eb8-c0db-4941-8ea5-4f6f65566359-AppendLogResponseHandler: Failed appendEntries: org.apache.ratis.thirdparty.io.grpc.StatusRuntimeException: UNAVAILABLE: io exception
2019-11-13 20:20:36,791 [grpc-default-executor-0] INFO  impl.FollowerInfo (FollowerInfo.java:lambda$new$0(51)) - 4ccef42d-128e-4eed-9e45-8d297f7adfc0@group-D0755ABA686A->52541eb8-c0db-4941-8ea5-4f6f65566359: nextIndex: updateUnconditionally 0 -> 0
2019-11-13 20:20:36,845 [grpc-default-executor-7] WARN  server.GrpcLogAppender (LogUtils.java:warn(134)) - 57e4e4f3-95e6-4ba3-b7c4-7652bb100830@group-3CC11B5AB53E->b0735163-16b4-4eff-936d-5712c77b458f-AppendLogResponseHandler: Failed appendEntries: org.apache.ratis.thirdparty.io.grpc.StatusRuntimeException: UNAVAILABLE: io exception
2019-11-13 20:20:36,846 [grpc-default-executor-7] INFO  impl.FollowerInfo (FollowerInfo.java:lambda$new$0(51)) - 57e4e4f3-95e6-4ba3-b7c4-7652bb100830@group-3CC11B5AB53E->b0735163-16b4-4eff-936d-5712c77b458f: nextIndex: updateUnconditionally 5 -> 4
2019-11-13 20:20:37,291 [grpc-default-executor-0] WARN  server.GrpcLogAppender (LogUtils.java:warn(134)) - 4ccef42d-128e-4eed-9e45-8d297f7adfc0@group-D0755ABA686A->52541eb8-c0db-4941-8ea5-4f6f65566359-AppendLogResponseHandler: Failed appendEntries: org.apache.ratis.thirdparty.io.grpc.StatusRuntimeException: UNAVAILABLE: io exception
2019-11-13 20:20:37,291 [grpc-default-executor-0] INFO  impl.FollowerInfo (FollowerInfo.java:lambda$new$0(51)) - 4ccef42d-128e-4eed-9e45-8d297f7adfc0@group-D0755ABA686A->52541eb8-c0db-4941-8ea5-4f6f65566359: nextIndex: updateUnconditionally 0 -> 0
2019-11-13 20:20:37,346 [grpc-default-executor-0] WARN  server.GrpcLogAppender (LogUtils.java:warn(134)) - 57e4e4f3-95e6-4ba3-b7c4-7652bb100830@group-3CC11B5AB53E->b0735163-16b4-4eff-936d-5712c77b458f-AppendLogResponseHandler: Failed appendEntries: org.apache.ratis.thirdparty.io.grpc.StatusRuntimeException: UNAVAILABLE: io exception
2019-11-13 20:20:37,346 [grpc-default-executor-0] INFO  impl.FollowerInfo (FollowerInfo.java:lambda$new$0(51)) - 57e4e4f3-95e6-4ba3-b7c4-7652bb100830@group-3CC11B5AB53E->b0735163-16b4-4eff-936d-5712c77b458f: nextIndex: updateUnconditionally 4 -> 3
2019-11-13 20:20:37,364 [Thread-4217] INFO  impl.FollowerState (FollowerState.java:run(111)) - f80e2e38-60f5-4e79-8b9a-ced9a5a7a91b@group-66711409C4AC-FollowerState: change to CANDIDATE, lastRpcTime:1428ms, electionTimeout:1086ms
2019-11-13 20:20:37,364 [Thread-4217] INFO  impl.RoleInfo (RoleInfo.java:shutdownFollowerState(121)) - f80e2e38-60f5-4e79-8b9a-ced9a5a7a91b: shutdown FollowerState
2019-11-13 20:20:37,365 [Thread-4217] INFO  impl.RaftServerImpl (RaftServerImpl.java:setRole(173)) - f80e2e38-60f5-4e79-8b9a-ced9a5a7a91b@group-66711409C4AC: changes role from  FOLLOWER to CANDIDATE at term 1 for changeToCandidate
2019-11-13 20:20:37,365 [Thread-4217] INFO  impl.RoleInfo (RoleInfo.java:updateAndGet(143)) - f80e2e38-60f5-4e79-8b9a-ced9a5a7a91b: start LeaderElection
2019-11-13 20:20:37,365 [f80e2e38-60f5-4e79-8b9a-ced9a5a7a91b@group-66711409C4AC-LeaderElection215] INFO  impl.RaftServerImpl (ServerState.java:setLeader(255)) - f80e2e38-60f5-4e79-8b9a-ced9a5a7a91b@group-66711409C4AC: change Leader from dc33d614-f8fc-4160-b742-6654ea8e560b to null at term 1 for initElection
2019-11-13 20:20:37,379 [f80e2e38-60f5-4e79-8b9a-ced9a5a7a91b@group-66711409C4AC-LeaderElection215] INFO  impl.LeaderElection (LeaderElection.java:askForVotes(178)) - f80e2e38-60f5-4e79-8b9a-ced9a5a7a91b@group-66711409C4AC-LeaderElection215: begin an election at term 2 for 0: [7a884130-6d50-4d25-81cf-a815cb8b077e:192.168.164.208:33820, dc33d614-f8fc-4160-b742-6654ea8e560b:192.168.164.208:36418, f80e2e38-60f5-4e79-8b9a-ced9a5a7a91b:192.168.164.208:39508], old=null
2019-11-13 20:20:37,381 [f80e2e38-60f5-4e79-8b9a-ced9a5a7a91b@group-66711409C4AC-LeaderElection215] INFO  impl.LeaderElection (LogUtils.java:infoOrTrace(149)) - f80e2e38-60f5-4e79-8b9a-ced9a5a7a91b@group-66711409C4AC-LeaderElection215 got exception when requesting votes: {}
java.util.concurrent.ExecutionException: org.apache.ratis.thirdparty.io.grpc.StatusRuntimeException: UNAVAILABLE: io exception
	at java.util.concurrent.FutureTask.report(FutureTask.java:122)
	at java.util.concurrent.FutureTask.get(FutureTask.java:192)
	at org.apache.ratis.server.impl.LeaderElection.waitForResults(LeaderElection.java:259)
	at org.apache.ratis.server.impl.LeaderElection.askForVotes(LeaderElection.java:197)
	at org.apache.ratis.server.impl.LeaderElection.run(LeaderElection.java:133)
	at java.lang.Thread.run(Thread.java:748)
Caused by: org.apache.ratis.thirdparty.io.grpc.StatusRuntimeException: UNAVAILABLE: io exception
	at org.apache.ratis.thirdparty.io.grpc.stub.ClientCalls.toStatusRuntimeException(ClientCalls.java:233)
	at org.apache.ratis.thirdparty.io.grpc.stub.ClientCalls.getUnchecked(ClientCalls.java:214)
	at org.apache.ratis.thirdparty.io.grpc.stub.ClientCalls.blockingUnaryCall(ClientCalls.java:139)
	at org.apache.ratis.proto.grpc.RaftServerProtocolServiceGrpc$RaftServerProtocolServiceBlockingStub.requestVote(RaftServerProtocolServiceGrpc.java:265)
	at org.apache.ratis.grpc.server.GrpcServerProtocolClient.requestVote(GrpcServerProtocolClient.java:99)
	at org.apache.ratis.grpc.server.GrpcService.requestVote(GrpcService.java:204)
	at org.apache.ratis.server.impl.LeaderElection.lambda$submitRequests$1(LeaderElection.java:234)
	at java.util.concurrent.FutureTask.run(FutureTask.java:266)
	at java.util.concurrent.Executors$RunnableAdapter.call(Executors.java:511)
	at java.util.concurrent.FutureTask.run(FutureTask.java:266)
	at java.util.concurrent.ThreadPoolExecutor.runWorker(ThreadPoolExecutor.java:1149)
	at java.util.concurrent.ThreadPoolExecutor$Worker.run(ThreadPoolExecutor.java:624)
	... 1 more
Caused by: org.apache.ratis.thirdparty.io.netty.channel.AbstractChannel$AnnotatedConnectException: Connection refused: /192.168.164.208:36418
	at sun.nio.ch.SocketChannelImpl.checkConnect(Native Method)
	at sun.nio.ch.SocketChannelImpl.finishConnect(SocketChannelImpl.java:717)
	at org.apache.ratis.thirdparty.io.netty.channel.socket.nio.NioSocketChannel.doFinishConnect(NioSocketChannel.java:327)
	at org.apache.ratis.thirdparty.io.netty.channel.nio.AbstractNioChannel$AbstractNioUnsafe.finishConnect(AbstractNioChannel.java:340)
	at org.apache.ratis.thirdparty.io.netty.channel.nio.NioEventLoop.processSelectedKey(NioEventLoop.java:632)
	at org.apache.ratis.thirdparty.io.netty.channel.nio.NioEventLoop.processSelectedKeysOptimized(NioEventLoop.java:579)
	at org.apache.ratis.thirdparty.io.netty.channel.nio.NioEventLoop.processSelectedKeys(NioEventLoop.java:496)
	at org.apache.ratis.thirdparty.io.netty.channel.nio.NioEventLoop.run(NioEventLoop.java:458)
	at org.apache.ratis.thirdparty.io.netty.util.concurrent.SingleThreadEventExecutor$5.run(SingleThreadEventExecutor.java:897)
	at org.apache.ratis.thirdparty.io.netty.util.concurrent.FastThreadLocalRunnable.run(FastThreadLocalRunnable.java:30)
	... 1 more
Caused by: java.net.ConnectException: Connection refused
	... 11 more
2019-11-13 20:20:37,383 [grpc-default-executor-0] INFO  impl.RaftServerImpl (ServerState.java:setLeader(255)) - 7a884130-6d50-4d25-81cf-a815cb8b077e@group-66711409C4AC: change Leader from dc33d614-f8fc-4160-b742-6654ea8e560b to null at term 2 for updateCurrentTerm
2019-11-13 20:20:37,383 [grpc-default-executor-0] INFO  impl.RaftServerImpl (RaftServerImpl.java:setRole(173)) - 7a884130-6d50-4d25-81cf-a815cb8b077e@group-66711409C4AC: changes role from  FOLLOWER to FOLLOWER at term 2 for recognizeCandidate:f80e2e38-60f5-4e79-8b9a-ced9a5a7a91b
2019-11-13 20:20:37,383 [grpc-default-executor-0] INFO  impl.RoleInfo (RoleInfo.java:shutdownFollowerState(121)) - 7a884130-6d50-4d25-81cf-a815cb8b077e: shutdown FollowerState
2019-11-13 20:20:37,383 [grpc-default-executor-0] INFO  impl.RoleInfo (RoleInfo.java:updateAndGet(143)) - 7a884130-6d50-4d25-81cf-a815cb8b077e: start FollowerState
2019-11-13 20:20:37,383 [Thread-4216] INFO  impl.FollowerState (FollowerState.java:run(120)) - 7a884130-6d50-4d25-81cf-a815cb8b077e@group-66711409C4AC-FollowerState was interrupted: java.lang.InterruptedException: sleep interrupted
2019-11-13 20:20:37,396 [f80e2e38-60f5-4e79-8b9a-ced9a5a7a91b@group-66711409C4AC-LeaderElection215] INFO  impl.LeaderElection (LeaderElection.java:logAndReturn(56)) - f80e2e38-60f5-4e79-8b9a-ced9a5a7a91b@group-66711409C4AC-LeaderElection215: Election PASSED; received 1 response(s) [f80e2e38-60f5-4e79-8b9a-ced9a5a7a91b<-7a884130-6d50-4d25-81cf-a815cb8b077e#0:OK-t2] and 1 exception(s); f80e2e38-60f5-4e79-8b9a-ced9a5a7a91b@group-66711409C4AC:t2, leader=null, voted=f80e2e38-60f5-4e79-8b9a-ced9a5a7a91b, raftlog=f80e2e38-60f5-4e79-8b9a-ced9a5a7a91b@group-66711409C4AC-SegmentedRaftLog:OPENED:c0,f0,i0, conf=0: [7a884130-6d50-4d25-81cf-a815cb8b077e:192.168.164.208:33820, dc33d614-f8fc-4160-b742-6654ea8e560b:192.168.164.208:36418, f80e2e38-60f5-4e79-8b9a-ced9a5a7a91b:192.168.164.208:39508], old=null
2019-11-13 20:20:37,396 [f80e2e38-60f5-4e79-8b9a-ced9a5a7a91b@group-66711409C4AC-LeaderElection215] INFO  impl.LeaderElection (LogUtils.java:infoOrTrace(149)) -   Exception 0: {}
java.util.concurrent.ExecutionException: org.apache.ratis.thirdparty.io.grpc.StatusRuntimeException: UNAVAILABLE: io exception
	at java.util.concurrent.FutureTask.report(FutureTask.java:122)
	at java.util.concurrent.FutureTask.get(FutureTask.java:192)
	at org.apache.ratis.server.impl.LeaderElection.waitForResults(LeaderElection.java:259)
	at org.apache.ratis.server.impl.LeaderElection.askForVotes(LeaderElection.java:197)
	at org.apache.ratis.server.impl.LeaderElection.run(LeaderElection.java:133)
	at java.lang.Thread.run(Thread.java:748)
Caused by: org.apache.ratis.thirdparty.io.grpc.StatusRuntimeException: UNAVAILABLE: io exception
	at org.apache.ratis.thirdparty.io.grpc.stub.ClientCalls.toStatusRuntimeException(ClientCalls.java:233)
	at org.apache.ratis.thirdparty.io.grpc.stub.ClientCalls.getUnchecked(ClientCalls.java:214)
	at org.apache.ratis.thirdparty.io.grpc.stub.ClientCalls.blockingUnaryCall(ClientCalls.java:139)
	at org.apache.ratis.proto.grpc.RaftServerProtocolServiceGrpc$RaftServerProtocolServiceBlockingStub.requestVote(RaftServerProtocolServiceGrpc.java:265)
	at org.apache.ratis.grpc.server.GrpcServerProtocolClient.requestVote(GrpcServerProtocolClient.java:99)
	at org.apache.ratis.grpc.server.GrpcService.requestVote(GrpcService.java:204)
	at org.apache.ratis.server.impl.LeaderElection.lambda$submitRequests$1(LeaderElection.java:234)
	at java.util.concurrent.FutureTask.run(FutureTask.java:266)
	at java.util.concurrent.Executors$RunnableAdapter.call(Executors.java:511)
	at java.util.concurrent.FutureTask.run(FutureTask.java:266)
	at java.util.concurrent.ThreadPoolExecutor.runWorker(ThreadPoolExecutor.java:1149)
	at java.util.concurrent.ThreadPoolExecutor$Worker.run(ThreadPoolExecutor.java:624)
	... 1 more
Caused by: org.apache.ratis.thirdparty.io.netty.channel.AbstractChannel$AnnotatedConnectException: Connection refused: /192.168.164.208:36418
	at sun.nio.ch.SocketChannelImpl.checkConnect(Native Method)
	at sun.nio.ch.SocketChannelImpl.finishConnect(SocketChannelImpl.java:717)
	at org.apache.ratis.thirdparty.io.netty.channel.socket.nio.NioSocketChannel.doFinishConnect(NioSocketChannel.java:327)
	at org.apache.ratis.thirdparty.io.netty.channel.nio.AbstractNioChannel$AbstractNioUnsafe.finishConnect(AbstractNioChannel.java:340)
	at org.apache.ratis.thirdparty.io.netty.channel.nio.NioEventLoop.processSelectedKey(NioEventLoop.java:632)
	at org.apache.ratis.thirdparty.io.netty.channel.nio.NioEventLoop.processSelectedKeysOptimized(NioEventLoop.java:579)
	at org.apache.ratis.thirdparty.io.netty.channel.nio.NioEventLoop.processSelectedKeys(NioEventLoop.java:496)
	at org.apache.ratis.thirdparty.io.netty.channel.nio.NioEventLoop.run(NioEventLoop.java:458)
	at org.apache.ratis.thirdparty.io.netty.util.concurrent.SingleThreadEventExecutor$5.run(SingleThreadEventExecutor.java:897)
	at org.apache.ratis.thirdparty.io.netty.util.concurrent.FastThreadLocalRunnable.run(FastThreadLocalRunnable.java:30)
	... 1 more
Caused by: java.net.ConnectException: Connection refused
	... 11 more
2019-11-13 20:20:37,397 [f80e2e38-60f5-4e79-8b9a-ced9a5a7a91b@group-66711409C4AC-LeaderElection215] INFO  impl.RoleInfo (RoleInfo.java:shutdownLeaderElection(134)) - f80e2e38-60f5-4e79-8b9a-ced9a5a7a91b: shutdown LeaderElection
2019-11-13 20:20:37,397 [f80e2e38-60f5-4e79-8b9a-ced9a5a7a91b@group-66711409C4AC-LeaderElection215] INFO  impl.RaftServerImpl (RaftServerImpl.java:setRole(173)) - f80e2e38-60f5-4e79-8b9a-ced9a5a7a91b@group-66711409C4AC: changes role from CANDIDATE to LEADER at term 2 for changeToLeader
2019-11-13 20:20:37,397 [f80e2e38-60f5-4e79-8b9a-ced9a5a7a91b@group-66711409C4AC-LeaderElection215] INFO  ratis.XceiverServerRatis (XceiverServerRatis.java:handleLeaderChangedNotification(697)) - Leader change notification received for group: group-66711409C4AC with new leaderId: f80e2e38-60f5-4e79-8b9a-ced9a5a7a91b
2019-11-13 20:20:37,397 [f80e2e38-60f5-4e79-8b9a-ced9a5a7a91b@group-66711409C4AC-LeaderElection215] INFO  impl.RaftServerImpl (ServerState.java:setLeader(255)) - f80e2e38-60f5-4e79-8b9a-ced9a5a7a91b@group-66711409C4AC: change Leader from null to f80e2e38-60f5-4e79-8b9a-ced9a5a7a91b at term 2 for becomeLeader, leader elected after 31ms
2019-11-13 20:20:37,397 [f80e2e38-60f5-4e79-8b9a-ced9a5a7a91b@group-66711409C4AC-LeaderElection215] INFO  server.RaftServerConfigKeys (ConfUtils.java:logGet(43)) - raft.server.staging.catchup.gap = 1000 (default)
2019-11-13 20:20:37,397 [f80e2e38-60f5-4e79-8b9a-ced9a5a7a91b@group-66711409C4AC-LeaderElection215] INFO  server.RaftServerConfigKeys (ConfUtils.java:logGet(43)) - raft.server.rpc.sleep.time = 25ms (default)
2019-11-13 20:20:37,397 [f80e2e38-60f5-4e79-8b9a-ced9a5a7a91b@group-66711409C4AC-LeaderElection215] INFO  server.RaftServerConfigKeys (ConfUtils.java:logGet(43)) - raft.server.write.element-limit = 4096 (default)
2019-11-13 20:20:37,398 [f80e2e38-60f5-4e79-8b9a-ced9a5a7a91b@group-66711409C4AC-LeaderElection215] INFO  server.RaftServerConfigKeys (ConfUtils.java:logGet(43)) - raft.server.watch.timeout = 10s (default)
2019-11-13 20:20:37,398 [f80e2e38-60f5-4e79-8b9a-ced9a5a7a91b@group-66711409C4AC-LeaderElection215] INFO  server.RaftServerConfigKeys (ConfUtils.java:logGet(43)) - raft.server.watch.timeout.denomination = 1s (default)
2019-11-13 20:20:37,398 [f80e2e38-60f5-4e79-8b9a-ced9a5a7a91b@group-66711409C4AC-LeaderElection215] INFO  server.RaftServerConfigKeys (ConfUtils.java:logGet(43)) - raft.server.watch.element-limit = 65536 (default)
2019-11-13 20:20:37,398 [f80e2e38-60f5-4e79-8b9a-ced9a5a7a91b@group-66711409C4AC-LeaderElection215] INFO  server.RaftServerConfigKeys (ConfUtils.java:logGet(43)) - raft.server.log.appender.snapshot.chunk.size.max = 16MB (=16777216) (default)
2019-11-13 20:20:37,398 [f80e2e38-60f5-4e79-8b9a-ced9a5a7a91b@group-66711409C4AC-LeaderElection215] INFO  server.RaftServerConfigKeys (ConfUtils.java:logGet(43)) - raft.server.log.appender.buffer.byte-limit = 33554432 (custom)
2019-11-13 20:20:37,399 [f80e2e38-60f5-4e79-8b9a-ced9a5a7a91b@group-66711409C4AC-LeaderElection215] INFO  server.RaftServerConfigKeys (ConfUtils.java:logGet(43)) - raft.server.log.appender.buffer.element-limit = 1 (custom)
2019-11-13 20:20:37,399 [f80e2e38-60f5-4e79-8b9a-ced9a5a7a91b@group-66711409C4AC-LeaderElection215] INFO  grpc.GrpcConfigKeys$Server (ConfUtils.java:logGet(43)) - raft.grpc.server.leader.outstanding.appends.max = 128 (default)
2019-11-13 20:20:37,399 [f80e2e38-60f5-4e79-8b9a-ced9a5a7a91b@group-66711409C4AC-LeaderElection215] INFO  server.RaftServerConfigKeys (ConfUtils.java:logGet(43)) - raft.server.rpc.request.timeout = 3000ms (default)
2019-11-13 20:20:37,399 [f80e2e38-60f5-4e79-8b9a-ced9a5a7a91b@group-66711409C4AC-LeaderElection215] INFO  server.RaftServerConfigKeys (ConfUtils.java:logGet(43)) - raft.server.log.appender.install.snapshot.enabled = false (custom)
2019-11-13 20:20:37,399 [f80e2e38-60f5-4e79-8b9a-ced9a5a7a91b@group-66711409C4AC-LeaderElection215] WARN  impl.MetricRegistriesImpl (MetricRegistriesImpl.java:lambda$create$1(61)) - First MetricRegistry has been created without registering reporters. You may need to call MetricRegistries.global().addReportRegistration(...) before.
2019-11-13 20:20:37,399 [f80e2e38-60f5-4e79-8b9a-ced9a5a7a91b@group-66711409C4AC-LeaderElection215] INFO  server.RaftServerConfigKeys (ConfUtils.java:logGet(43)) - raft.server.log.appender.snapshot.chunk.size.max = 16MB (=16777216) (default)
2019-11-13 20:20:37,400 [f80e2e38-60f5-4e79-8b9a-ced9a5a7a91b@group-66711409C4AC-LeaderElection215] INFO  server.RaftServerConfigKeys (ConfUtils.java:logGet(43)) - raft.server.log.appender.buffer.byte-limit = 33554432 (custom)
2019-11-13 20:20:37,400 [f80e2e38-60f5-4e79-8b9a-ced9a5a7a91b@group-66711409C4AC-LeaderElection215] INFO  server.RaftServerConfigKeys (ConfUtils.java:logGet(43)) - raft.server.log.appender.buffer.element-limit = 1 (custom)
2019-11-13 20:20:37,400 [f80e2e38-60f5-4e79-8b9a-ced9a5a7a91b@group-66711409C4AC-LeaderElection215] INFO  grpc.GrpcConfigKeys$Server (ConfUtils.java:logGet(43)) - raft.grpc.server.leader.outstanding.appends.max = 128 (default)
2019-11-13 20:20:37,400 [f80e2e38-60f5-4e79-8b9a-ced9a5a7a91b@group-66711409C4AC-LeaderElection215] INFO  server.RaftServerConfigKeys (ConfUtils.java:logGet(43)) - raft.server.rpc.request.timeout = 3000ms (default)
2019-11-13 20:20:37,400 [f80e2e38-60f5-4e79-8b9a-ced9a5a7a91b@group-66711409C4AC-LeaderElection215] INFO  server.RaftServerConfigKeys (ConfUtils.java:logGet(43)) - raft.server.log.appender.install.snapshot.enabled = false (custom)
2019-11-13 20:20:37,400 [f80e2e38-60f5-4e79-8b9a-ced9a5a7a91b@group-66711409C4AC-LeaderElection215] INFO  impl.RoleInfo (RoleInfo.java:updateAndGet(143)) - f80e2e38-60f5-4e79-8b9a-ced9a5a7a91b: start LeaderState
2019-11-13 20:20:37,401 [f80e2e38-60f5-4e79-8b9a-ced9a5a7a91b@group-66711409C4AC-LeaderElection215] INFO  segmented.SegmentedRaftLogWorker (SegmentedRaftLogWorker.java:rollLogSegment(390)) - f80e2e38-60f5-4e79-8b9a-ced9a5a7a91b@group-66711409C4AC-SegmentedRaftLogWorker: Rolling segment log-0_0 to index:0
2019-11-13 20:20:37,401 [f80e2e38-60f5-4e79-8b9a-ced9a5a7a91b@group-66711409C4AC-LeaderElection215] INFO  impl.RaftServerImpl (ServerState.java:setRaftConf(356)) - f80e2e38-60f5-4e79-8b9a-ced9a5a7a91b@group-66711409C4AC: set configuration 1: [7a884130-6d50-4d25-81cf-a815cb8b077e:192.168.164.208:33820, dc33d614-f8fc-4160-b742-6654ea8e560b:192.168.164.208:36418, f80e2e38-60f5-4e79-8b9a-ced9a5a7a91b:192.168.164.208:39508], old=null at 1
2019-11-13 20:20:37,402 [grpc-default-executor-0] WARN  server.GrpcLogAppender (LogUtils.java:warn(134)) - f80e2e38-60f5-4e79-8b9a-ced9a5a7a91b@group-66711409C4AC->dc33d614-f8fc-4160-b742-6654ea8e560b-AppendLogResponseHandler: Failed appendEntries: org.apache.ratis.thirdparty.io.grpc.StatusRuntimeException: UNAVAILABLE: io exception
2019-11-13 20:20:37,401 [f80e2e38-60f5-4e79-8b9a-ced9a5a7a91b@group-66711409C4AC-SegmentedRaftLogWorker] INFO  segmented.SegmentedRaftLogWorker (SegmentedRaftLogWorker.java:execute(533)) - f80e2e38-60f5-4e79-8b9a-ced9a5a7a91b@group-66711409C4AC-SegmentedRaftLogWorker: Rolled log segment from /workdir/hadoop-ozone/integration-test/target/test-dir/MiniOzoneClusterImpl-252be716-c998-406a-83e5-534d363f62a9/datanode-3/data/ratis/187bc42e-6361-4c31-99a1-66711409c4ac/current/log_inprogress_0 to /workdir/hadoop-ozone/integration-test/target/test-dir/MiniOzoneClusterImpl-252be716-c998-406a-83e5-534d363f62a9/datanode-3/data/ratis/187bc42e-6361-4c31-99a1-66711409c4ac/current/log_0-0
2019-11-13 20:20:37,402 [grpc-default-executor-0] INFO  impl.FollowerInfo (FollowerInfo.java:lambda$new$0(51)) - f80e2e38-60f5-4e79-8b9a-ced9a5a7a91b@group-66711409C4AC->dc33d614-f8fc-4160-b742-6654ea8e560b: nextIndex: updateUnconditionally 1 -> 0
2019-11-13 20:20:37,402 [grpc-default-executor-0] INFO  ratis.XceiverServerRatis (XceiverServerRatis.java:handleLeaderChangedNotification(697)) - Leader change notification received for group: group-66711409C4AC with new leaderId: f80e2e38-60f5-4e79-8b9a-ced9a5a7a91b
2019-11-13 20:20:37,403 [grpc-default-executor-0] INFO  impl.RaftServerImpl (ServerState.java:setLeader(255)) - 7a884130-6d50-4d25-81cf-a815cb8b077e@group-66711409C4AC: change Leader from null to f80e2e38-60f5-4e79-8b9a-ced9a5a7a91b at term 2 for appendEntries, leader elected after 19ms
2019-11-13 20:20:37,404 [grpc-default-executor-0] INFO  impl.RaftServerImpl (ServerState.java:setRaftConf(356)) - 7a884130-6d50-4d25-81cf-a815cb8b077e@group-66711409C4AC: set configuration 1: [7a884130-6d50-4d25-81cf-a815cb8b077e:192.168.164.208:33820, dc33d614-f8fc-4160-b742-6654ea8e560b:192.168.164.208:36418, f80e2e38-60f5-4e79-8b9a-ced9a5a7a91b:192.168.164.208:39508], old=null at 1
2019-11-13 20:20:37,404 [grpc-default-executor-0] INFO  segmented.SegmentedRaftLogWorker (SegmentedRaftLogWorker.java:rollLogSegment(390)) - 7a884130-6d50-4d25-81cf-a815cb8b077e@group-66711409C4AC-SegmentedRaftLogWorker: Rolling segment log-0_0 to index:0
2019-11-13 20:20:37,405 [7a884130-6d50-4d25-81cf-a815cb8b077e@group-66711409C4AC-SegmentedRaftLogWorker] INFO  segmented.SegmentedRaftLogWorker (SegmentedRaftLogWorker.java:execute(533)) - 7a884130-6d50-4d25-81cf-a815cb8b077e@group-66711409C4AC-SegmentedRaftLogWorker: Rolled log segment from /workdir/hadoop-ozone/integration-test/target/test-dir/MiniOzoneClusterImpl-252be716-c998-406a-83e5-534d363f62a9/datanode-4/data/ratis/187bc42e-6361-4c31-99a1-66711409c4ac/current/log_inprogress_0 to /workdir/hadoop-ozone/integration-test/target/test-dir/MiniOzoneClusterImpl-252be716-c998-406a-83e5-534d363f62a9/datanode-4/data/ratis/187bc42e-6361-4c31-99a1-66711409c4ac/current/log_0-0
2019-11-13 20:20:37,451 [f80e2e38-60f5-4e79-8b9a-ced9a5a7a91b@group-66711409C4AC-SegmentedRaftLogWorker] INFO  segmented.SegmentedRaftLogWorker (SegmentedRaftLogWorker.java:execute(576)) - f80e2e38-60f5-4e79-8b9a-ced9a5a7a91b@group-66711409C4AC-SegmentedRaftLogWorker: created new log segment /workdir/hadoop-ozone/integration-test/target/test-dir/MiniOzoneClusterImpl-252be716-c998-406a-83e5-534d363f62a9/datanode-3/data/ratis/187bc42e-6361-4c31-99a1-66711409c4ac/current/log_inprogress_1
2019-11-13 20:20:37,453 [7a884130-6d50-4d25-81cf-a815cb8b077e@group-66711409C4AC-SegmentedRaftLogWorker] INFO  segmented.SegmentedRaftLogWorker (SegmentedRaftLogWorker.java:execute(576)) - 7a884130-6d50-4d25-81cf-a815cb8b077e@group-66711409C4AC-SegmentedRaftLogWorker: created new log segment /workdir/hadoop-ozone/integration-test/target/test-dir/MiniOzoneClusterImpl-252be716-c998-406a-83e5-534d363f62a9/datanode-4/data/ratis/187bc42e-6361-4c31-99a1-66711409c4ac/current/log_inprogress_1
2019-11-13 20:20:37,457 [grpc-default-executor-7] WARN  server.GrpcLogAppender (LogUtils.java:warn(134)) - f80e2e38-60f5-4e79-8b9a-ced9a5a7a91b@group-66711409C4AC->dc33d614-f8fc-4160-b742-6654ea8e560b-AppendLogResponseHandler: Failed appendEntries: org.apache.ratis.thirdparty.io.grpc.StatusRuntimeException: UNAVAILABLE: io exception
2019-11-13 20:20:37,457 [grpc-default-executor-7] INFO  impl.FollowerInfo (FollowerInfo.java:lambda$new$0(51)) - f80e2e38-60f5-4e79-8b9a-ced9a5a7a91b@group-66711409C4AC->dc33d614-f8fc-4160-b742-6654ea8e560b: nextIndex: updateUnconditionally 1 -> 0
2019-11-13 20:20:37,469 [grpc-default-executor-0] WARN  server.GrpcLogAppender (LogUtils.java:warn(134)) - f80e2e38-60f5-4e79-8b9a-ced9a5a7a91b@group-66711409C4AC->dc33d614-f8fc-4160-b742-6654ea8e560b-AppendLogResponseHandler: Failed appendEntries: org.apache.ratis.thirdparty.io.grpc.StatusRuntimeException: UNAVAILABLE: io exception
2019-11-13 20:20:37,469 [grpc-default-executor-0] INFO  impl.FollowerInfo (FollowerInfo.java:lambda$new$0(51)) - f80e2e38-60f5-4e79-8b9a-ced9a5a7a91b@group-66711409C4AC->dc33d614-f8fc-4160-b742-6654ea8e560b: nextIndex: updateUnconditionally 1 -> 0
2019-11-13 20:20:37,792 [grpc-default-executor-7] WARN  server.GrpcLogAppender (LogUtils.java:warn(134)) - 4ccef42d-128e-4eed-9e45-8d297f7adfc0@group-D0755ABA686A->52541eb8-c0db-4941-8ea5-4f6f65566359-AppendLogResponseHandler: Failed appendEntries: org.apache.ratis.thirdparty.io.grpc.StatusRuntimeException: UNAVAILABLE: io exception
2019-11-13 20:20:37,793 [grpc-default-executor-7] INFO  impl.FollowerInfo (FollowerInfo.java:lambda$new$0(51)) - 4ccef42d-128e-4eed-9e45-8d297f7adfc0@group-D0755ABA686A->52541eb8-c0db-4941-8ea5-4f6f65566359: nextIndex: updateUnconditionally 0 -> 0
2019-11-13 20:20:37,846 [grpc-default-executor-3] WARN  server.GrpcLogAppender (LogUtils.java:warn(134)) - 57e4e4f3-95e6-4ba3-b7c4-7652bb100830@group-3CC11B5AB53E->b0735163-16b4-4eff-936d-5712c77b458f-AppendLogResponseHandler: Failed appendEntries: org.apache.ratis.thirdparty.io.grpc.StatusRuntimeException: UNAVAILABLE: io exception
2019-11-13 20:20:37,846 [grpc-default-executor-3] INFO  impl.FollowerInfo (FollowerInfo.java:lambda$new$0(51)) - 57e4e4f3-95e6-4ba3-b7c4-7652bb100830@group-3CC11B5AB53E->b0735163-16b4-4eff-936d-5712c77b458f: nextIndex: updateUnconditionally 3 -> 2
2019-11-13 20:20:37,970 [grpc-default-executor-7] WARN  server.GrpcLogAppender (LogUtils.java:warn(134)) - f80e2e38-60f5-4e79-8b9a-ced9a5a7a91b@group-66711409C4AC->dc33d614-f8fc-4160-b742-6654ea8e560b-AppendLogResponseHandler: Failed appendEntries: org.apache.ratis.thirdparty.io.grpc.StatusRuntimeException: UNAVAILABLE: io exception
2019-11-13 20:20:37,970 [grpc-default-executor-7] INFO  impl.FollowerInfo (FollowerInfo.java:lambda$new$0(51)) - f80e2e38-60f5-4e79-8b9a-ced9a5a7a91b@group-66711409C4AC->dc33d614-f8fc-4160-b742-6654ea8e560b: nextIndex: updateUnconditionally 0 -> 0
2019-11-13 20:20:38,293 [grpc-default-executor-0] WARN  server.GrpcLogAppender (LogUtils.java:warn(134)) - 4ccef42d-128e-4eed-9e45-8d297f7adfc0@group-D0755ABA686A->52541eb8-c0db-4941-8ea5-4f6f65566359-AppendLogResponseHandler: Failed appendEntries: org.apache.ratis.thirdparty.io.grpc.StatusRuntimeException: UNAVAILABLE: io exception
2019-11-13 20:20:38,293 [grpc-default-executor-0] INFO  impl.FollowerInfo (FollowerInfo.java:lambda$new$0(51)) - 4ccef42d-128e-4eed-9e45-8d297f7adfc0@group-D0755ABA686A->52541eb8-c0db-4941-8ea5-4f6f65566359: nextIndex: updateUnconditionally 0 -> 0
2019-11-13 20:20:38,346 [grpc-default-executor-7] WARN  server.GrpcLogAppender (LogUtils.java:warn(134)) - 57e4e4f3-95e6-4ba3-b7c4-7652bb100830@group-3CC11B5AB53E->b0735163-16b4-4eff-936d-5712c77b458f-AppendLogResponseHandler: Failed appendEntries: org.apache.ratis.thirdparty.io.grpc.StatusRuntimeException: UNAVAILABLE: io exception
2019-11-13 20:20:38,347 [grpc-default-executor-7] INFO  impl.FollowerInfo (FollowerInfo.java:lambda$new$0(51)) - 57e4e4f3-95e6-4ba3-b7c4-7652bb100830@group-3CC11B5AB53E->b0735163-16b4-4eff-936d-5712c77b458f: nextIndex: updateUnconditionally 2 -> 1
2019-11-13 20:20:38,470 [grpc-default-executor-3] WARN  server.GrpcLogAppender (LogUtils.java:warn(134)) - f80e2e38-60f5-4e79-8b9a-ced9a5a7a91b@group-66711409C4AC->dc33d614-f8fc-4160-b742-6654ea8e560b-AppendLogResponseHandler: Failed appendEntries: org.apache.ratis.thirdparty.io.grpc.StatusRuntimeException: UNAVAILABLE: io exception
2019-11-13 20:20:38,471 [grpc-default-executor-3] INFO  impl.FollowerInfo (FollowerInfo.java:lambda$new$0(51)) - f80e2e38-60f5-4e79-8b9a-ced9a5a7a91b@group-66711409C4AC->dc33d614-f8fc-4160-b742-6654ea8e560b: nextIndex: updateUnconditionally 0 -> 0
2019-11-13 20:20:38,793 [grpc-default-executor-0] WARN  server.GrpcLogAppender (LogUtils.java:warn(134)) - 4ccef42d-128e-4eed-9e45-8d297f7adfc0@group-D0755ABA686A->52541eb8-c0db-4941-8ea5-4f6f65566359-AppendLogResponseHandler: Failed appendEntries: org.apache.ratis.thirdparty.io.grpc.StatusRuntimeException: UNAVAILABLE: io exception
2019-11-13 20:20:38,793 [grpc-default-executor-0] INFO  impl.FollowerInfo (FollowerInfo.java:lambda$new$0(51)) - 4ccef42d-128e-4eed-9e45-8d297f7adfc0@group-D0755ABA686A->52541eb8-c0db-4941-8ea5-4f6f65566359: nextIndex: updateUnconditionally 0 -> 0
2019-11-13 20:20:38,847 [grpc-default-executor-0] WARN  server.GrpcLogAppender (LogUtils.java:warn(134)) - 57e4e4f3-95e6-4ba3-b7c4-7652bb100830@group-3CC11B5AB53E->b0735163-16b4-4eff-936d-5712c77b458f-AppendLogResponseHandler: Failed appendEntries: org.apache.ratis.thirdparty.io.grpc.StatusRuntimeException: UNAVAILABLE: io exception
2019-11-13 20:20:38,847 [grpc-default-executor-0] INFO  impl.FollowerInfo (FollowerInfo.java:lambda$new$0(51)) - 57e4e4f3-95e6-4ba3-b7c4-7652bb100830@group-3CC11B5AB53E->b0735163-16b4-4eff-936d-5712c77b458f: nextIndex: updateUnconditionally 1 -> 0
2019-11-13 20:20:38,971 [grpc-default-executor-3] WARN  server.GrpcLogAppender (LogUtils.java:warn(134)) - f80e2e38-60f5-4e79-8b9a-ced9a5a7a91b@group-66711409C4AC->dc33d614-f8fc-4160-b742-6654ea8e560b-AppendLogResponseHandler: Failed appendEntries: org.apache.ratis.thirdparty.io.grpc.StatusRuntimeException: UNAVAILABLE: io exception
2019-11-13 20:20:38,972 [grpc-default-executor-3] INFO  impl.FollowerInfo (FollowerInfo.java:lambda$new$0(51)) - f80e2e38-60f5-4e79-8b9a-ced9a5a7a91b@group-66711409C4AC->dc33d614-f8fc-4160-b742-6654ea8e560b: nextIndex: updateUnconditionally 0 -> 0
2019-11-13 20:20:39,294 [grpc-default-executor-3] WARN  server.GrpcLogAppender (LogUtils.java:warn(134)) - 4ccef42d-128e-4eed-9e45-8d297f7adfc0@group-D0755ABA686A->52541eb8-c0db-4941-8ea5-4f6f65566359-AppendLogResponseHandler: Failed appendEntries: org.apache.ratis.thirdparty.io.grpc.StatusRuntimeException: UNAVAILABLE: io exception
2019-11-13 20:20:39,294 [grpc-default-executor-3] INFO  impl.FollowerInfo (FollowerInfo.java:lambda$new$0(51)) - 4ccef42d-128e-4eed-9e45-8d297f7adfc0@group-D0755ABA686A->52541eb8-c0db-4941-8ea5-4f6f65566359: nextIndex: updateUnconditionally 0 -> 0
2019-11-13 20:20:39,347 [grpc-default-executor-7] WARN  server.GrpcLogAppender (LogUtils.java:warn(134)) - 57e4e4f3-95e6-4ba3-b7c4-7652bb100830@group-3CC11B5AB53E->b0735163-16b4-4eff-936d-5712c77b458f-AppendLogResponseHandler: Failed appendEntries: org.apache.ratis.thirdparty.io.grpc.StatusRuntimeException: UNAVAILABLE: io exception
2019-11-13 20:20:39,347 [grpc-default-executor-7] INFO  impl.FollowerInfo (FollowerInfo.java:lambda$new$0(51)) - 57e4e4f3-95e6-4ba3-b7c4-7652bb100830@group-3CC11B5AB53E->b0735163-16b4-4eff-936d-5712c77b458f: nextIndex: updateUnconditionally 0 -> 0
2019-11-13 20:20:39,472 [grpc-default-executor-3] WARN  server.GrpcLogAppender (LogUtils.java:warn(134)) - f80e2e38-60f5-4e79-8b9a-ced9a5a7a91b@group-66711409C4AC->dc33d614-f8fc-4160-b742-6654ea8e560b-AppendLogResponseHandler: Failed appendEntries: org.apache.ratis.thirdparty.io.grpc.StatusRuntimeException: UNAVAILABLE: io exception
2019-11-13 20:20:39,472 [grpc-default-executor-3] INFO  impl.FollowerInfo (FollowerInfo.java:lambda$new$0(51)) - f80e2e38-60f5-4e79-8b9a-ced9a5a7a91b@group-66711409C4AC->dc33d614-f8fc-4160-b742-6654ea8e560b: nextIndex: updateUnconditionally 0 -> 0
2019-11-13 20:20:39,795 [grpc-default-executor-0] WARN  server.GrpcLogAppender (LogUtils.java:warn(134)) - 4ccef42d-128e-4eed-9e45-8d297f7adfc0@group-D0755ABA686A->52541eb8-c0db-4941-8ea5-4f6f65566359-AppendLogResponseHandler: Failed appendEntries: org.apache.ratis.thirdparty.io.grpc.StatusRuntimeException: UNAVAILABLE: io exception
2019-11-13 20:20:39,795 [grpc-default-executor-0] INFO  impl.FollowerInfo (FollowerInfo.java:lambda$new$0(51)) - 4ccef42d-128e-4eed-9e45-8d297f7adfc0@group-D0755ABA686A->52541eb8-c0db-4941-8ea5-4f6f65566359: nextIndex: updateUnconditionally 0 -> 0
2019-11-13 20:20:39,849 [grpc-default-executor-0] WARN  server.GrpcLogAppender (LogUtils.java:warn(134)) - 57e4e4f3-95e6-4ba3-b7c4-7652bb100830@group-3CC11B5AB53E->b0735163-16b4-4eff-936d-5712c77b458f-AppendLogResponseHandler: Failed appendEntries: org.apache.ratis.thirdparty.io.grpc.StatusRuntimeException: UNAVAILABLE: io exception
2019-11-13 20:20:39,850 [grpc-default-executor-0] INFO  impl.FollowerInfo (FollowerInfo.java:lambda$new$0(51)) - 57e4e4f3-95e6-4ba3-b7c4-7652bb100830@group-3CC11B5AB53E->b0735163-16b4-4eff-936d-5712c77b458f: nextIndex: updateUnconditionally 0 -> 0
2019-11-13 20:20:39,975 [grpc-default-executor-0] WARN  server.GrpcLogAppender (LogUtils.java:warn(134)) - f80e2e38-60f5-4e79-8b9a-ced9a5a7a91b@group-66711409C4AC->dc33d614-f8fc-4160-b742-6654ea8e560b-AppendLogResponseHandler: Failed appendEntries: org.apache.ratis.thirdparty.io.grpc.StatusRuntimeException: UNAVAILABLE: io exception
2019-11-13 20:20:39,976 [grpc-default-executor-0] INFO  impl.FollowerInfo (FollowerInfo.java:lambda$new$0(51)) - f80e2e38-60f5-4e79-8b9a-ced9a5a7a91b@group-66711409C4AC->dc33d614-f8fc-4160-b742-6654ea8e560b: nextIndex: updateUnconditionally 0 -> 0
2019-11-13 20:20:40,296 [grpc-default-executor-7] WARN  server.GrpcLogAppender (LogUtils.java:warn(134)) - 4ccef42d-128e-4eed-9e45-8d297f7adfc0@group-D0755ABA686A->52541eb8-c0db-4941-8ea5-4f6f65566359-AppendLogResponseHandler: Failed appendEntries: org.apache.ratis.thirdparty.io.grpc.StatusRuntimeException: UNAVAILABLE: io exception
2019-11-13 20:20:40,296 [grpc-default-executor-7] INFO  impl.FollowerInfo (FollowerInfo.java:lambda$new$0(51)) - 4ccef42d-128e-4eed-9e45-8d297f7adfc0@group-D0755ABA686A->52541eb8-c0db-4941-8ea5-4f6f65566359: nextIndex: updateUnconditionally 0 -> 0
2019-11-13 20:20:40,349 [grpc-default-executor-0] WARN  server.GrpcLogAppender (LogUtils.java:warn(134)) - 57e4e4f3-95e6-4ba3-b7c4-7652bb100830@group-3CC11B5AB53E->b0735163-16b4-4eff-936d-5712c77b458f-AppendLogResponseHandler: Failed appendEntries: org.apache.ratis.thirdparty.io.grpc.StatusRuntimeException: UNAVAILABLE: io exception
2019-11-13 20:20:40,349 [grpc-default-executor-0] INFO  impl.FollowerInfo (FollowerInfo.java:lambda$new$0(51)) - 57e4e4f3-95e6-4ba3-b7c4-7652bb100830@group-3CC11B5AB53E->b0735163-16b4-4eff-936d-5712c77b458f: nextIndex: updateUnconditionally 0 -> 0
2019-11-13 20:20:40,474 [grpc-default-executor-7] WARN  server.GrpcLogAppender (LogUtils.java:warn(134)) - f80e2e38-60f5-4e79-8b9a-ced9a5a7a91b@group-66711409C4AC->dc33d614-f8fc-4160-b742-6654ea8e560b-AppendLogResponseHandler: Failed appendEntries: org.apache.ratis.thirdparty.io.grpc.StatusRuntimeException: UNAVAILABLE: io exception
2019-11-13 20:20:40,474 [grpc-default-executor-7] INFO  impl.FollowerInfo (FollowerInfo.java:lambda$new$0(51)) - f80e2e38-60f5-4e79-8b9a-ced9a5a7a91b@group-66711409C4AC->dc33d614-f8fc-4160-b742-6654ea8e560b: nextIndex: updateUnconditionally 0 -> 0
2019-11-13 20:20:40,796 [grpc-default-executor-0] WARN  server.GrpcLogAppender (LogUtils.java:warn(134)) - 4ccef42d-128e-4eed-9e45-8d297f7adfc0@group-D0755ABA686A->52541eb8-c0db-4941-8ea5-4f6f65566359-AppendLogResponseHandler: Failed appendEntries: org.apache.ratis.thirdparty.io.grpc.StatusRuntimeException: UNAVAILABLE: io exception
2019-11-13 20:20:40,796 [grpc-default-executor-0] INFO  impl.FollowerInfo (FollowerInfo.java:lambda$new$0(51)) - 4ccef42d-128e-4eed-9e45-8d297f7adfc0@group-D0755ABA686A->52541eb8-c0db-4941-8ea5-4f6f65566359: nextIndex: updateUnconditionally 0 -> 0
2019-11-13 20:20:40,849 [grpc-default-executor-3] WARN  server.GrpcLogAppender (LogUtils.java:warn(134)) - 57e4e4f3-95e6-4ba3-b7c4-7652bb100830@group-3CC11B5AB53E->b0735163-16b4-4eff-936d-5712c77b458f-AppendLogResponseHandler: Failed appendEntries: org.apache.ratis.thirdparty.io.grpc.StatusRuntimeException: UNAVAILABLE: io exception
2019-11-13 20:20:40,850 [grpc-default-executor-3] INFO  impl.FollowerInfo (FollowerInfo.java:lambda$new$0(51)) - 57e4e4f3-95e6-4ba3-b7c4-7652bb100830@group-3CC11B5AB53E->b0735163-16b4-4eff-936d-5712c77b458f: nextIndex: updateUnconditionally 0 -> 0
2019-11-13 20:20:40,974 [grpc-default-executor-7] WARN  server.GrpcLogAppender (LogUtils.java:warn(134)) - f80e2e38-60f5-4e79-8b9a-ced9a5a7a91b@group-66711409C4AC->dc33d614-f8fc-4160-b742-6654ea8e560b-AppendLogResponseHandler: Failed appendEntries: org.apache.ratis.thirdparty.io.grpc.StatusRuntimeException: UNAVAILABLE: io exception
2019-11-13 20:20:40,975 [grpc-default-executor-7] INFO  impl.FollowerInfo (FollowerInfo.java:lambda$new$0(51)) - f80e2e38-60f5-4e79-8b9a-ced9a5a7a91b@group-66711409C4AC->dc33d614-f8fc-4160-b742-6654ea8e560b: nextIndex: updateUnconditionally 0 -> 0
2019-11-13 20:20:41,039 [main] INFO  ozoneimpl.OzoneContainer (OzoneContainer.java:stop(244)) - Attempting to stop container services.
2019-11-13 20:20:41,041 [main] INFO  impl.RaftServerProxy (RaftServerProxy.java:lambda$close$4(314)) - 5d9d256b-54cf-4856-8c87-6034b73b04bd: close
2019-11-13 20:20:41,041 [main] INFO  impl.RaftServerImpl (RaftServerImpl.java:lambda$shutdown$3(250)) - 5d9d256b-54cf-4856-8c87-6034b73b04bd@group-8DEDC3E58C83: shutdown
2019-11-13 20:20:41,042 [main] INFO  util.JmxRegister (JmxRegister.java:unregister(73)) - Successfully un-registered JMX Bean with object name Ratis:service=RaftServer,group=group-8DEDC3E58C83,id=5d9d256b-54cf-4856-8c87-6034b73b04bd
2019-11-13 20:20:41,042 [main] INFO  impl.RoleInfo (RoleInfo.java:shutdownLeaderState(104)) - 5d9d256b-54cf-4856-8c87-6034b73b04bd: shutdown LeaderState
2019-11-13 20:20:41,042 [main] INFO  impl.PendingRequests (PendingRequests.java:sendNotLeaderResponses(206)) - 5d9d256b-54cf-4856-8c87-6034b73b04bd@group-8DEDC3E58C83-PendingRequests: sendNotLeaderResponses
2019-11-13 20:20:41,043 [main] INFO  impl.StateMachineUpdater (StateMachineUpdater.java:stopAndJoin(136)) - 5d9d256b-54cf-4856-8c87-6034b73b04bd@group-8DEDC3E58C83-StateMachineUpdater: set stopIndex = 0
2019-11-13 20:20:41,043 [main] INFO  impl.RaftServerImpl (ServerState.java:close(387)) - 5d9d256b-54cf-4856-8c87-6034b73b04bd@group-8DEDC3E58C83: closes. applyIndex: 0
2019-11-13 20:20:41,044 [5d9d256b-54cf-4856-8c87-6034b73b04bd@group-8DEDC3E58C83-SegmentedRaftLogWorker] INFO  segmented.SegmentedRaftLogWorker (SegmentedRaftLogWorker.java:run(316)) - 5d9d256b-54cf-4856-8c87-6034b73b04bd@group-8DEDC3E58C83-SegmentedRaftLogWorker was interrupted, exiting. There are 0 tasks remaining in the queue.
2019-11-13 20:20:41,044 [main] INFO  segmented.SegmentedRaftLogWorker (SegmentedRaftLogWorker.java:close(224)) - 5d9d256b-54cf-4856-8c87-6034b73b04bd@group-8DEDC3E58C83-SegmentedRaftLogWorker close()
2019-11-13 20:20:41,045 [main] INFO  impl.RaftServerImpl (RaftServerImpl.java:lambda$shutdown$3(250)) - 5d9d256b-54cf-4856-8c87-6034b73b04bd@group-D0755ABA686A: shutdown
2019-11-13 20:20:41,045 [main] INFO  util.JmxRegister (JmxRegister.java:unregister(73)) - Successfully un-registered JMX Bean with object name Ratis:service=RaftServer,group=group-D0755ABA686A,id=5d9d256b-54cf-4856-8c87-6034b73b04bd
2019-11-13 20:20:41,045 [main] INFO  impl.RoleInfo (RoleInfo.java:shutdownFollowerState(121)) - 5d9d256b-54cf-4856-8c87-6034b73b04bd: shutdown FollowerState
2019-11-13 20:20:41,046 [main] INFO  impl.StateMachineUpdater (StateMachineUpdater.java:stopAndJoin(136)) - 5d9d256b-54cf-4856-8c87-6034b73b04bd@group-D0755ABA686A-StateMachineUpdater: set stopIndex = 0
2019-11-13 20:20:41,046 [Thread-4366] INFO  impl.FollowerState (FollowerState.java:run(120)) - 5d9d256b-54cf-4856-8c87-6034b73b04bd@group-D0755ABA686A-FollowerState was interrupted: java.lang.InterruptedException: sleep interrupted
2019-11-13 20:20:41,046 [main] INFO  impl.RaftServerImpl (ServerState.java:close(387)) - 5d9d256b-54cf-4856-8c87-6034b73b04bd@group-D0755ABA686A: closes. applyIndex: 0
2019-11-13 20:20:41,046 [5d9d256b-54cf-4856-8c87-6034b73b04bd@group-D0755ABA686A-SegmentedRaftLogWorker] INFO  segmented.SegmentedRaftLogWorker (SegmentedRaftLogWorker.java:run(316)) - 5d9d256b-54cf-4856-8c87-6034b73b04bd@group-D0755ABA686A-SegmentedRaftLogWorker was interrupted, exiting. There are 0 tasks remaining in the queue.
2019-11-13 20:20:41,047 [main] INFO  segmented.SegmentedRaftLogWorker (SegmentedRaftLogWorker.java:close(224)) - 5d9d256b-54cf-4856-8c87-6034b73b04bd@group-D0755ABA686A-SegmentedRaftLogWorker close()
2019-11-13 20:20:41,047 [main] INFO  server.GrpcService (GrpcService.java:closeImpl(164)) - 5d9d256b-54cf-4856-8c87-6034b73b04bd: shutdown server with port 43036 now
2019-11-13 20:20:41,049 [grpc-default-executor-3] WARN  server.GrpcServerProtocolService (LogUtils.java:warn(134)) - 5d9d256b-54cf-4856-8c87-6034b73b04bd: installSnapshot onError, lastRequest: 4ccef42d-128e-4eed-9e45-8d297f7adfc0->5d9d256b-54cf-4856-8c87-6034b73b04bd#31-t1, previous=(t:1, i:0), leaderCommit=0, initializing? false, entries: <empty>: org.apache.ratis.thirdparty.io.grpc.StatusRuntimeException: CANCELLED: cancelled before receiving half close
2019-11-13 20:20:41,049 [main] INFO  server.GrpcService (GrpcService.java:closeImpl(172)) - 5d9d256b-54cf-4856-8c87-6034b73b04bd: shutdown server with port 43036 successfully
2019-11-13 20:20:41,049 [grpc-default-executor-7] WARN  server.GrpcLogAppender (LogUtils.java:warn(134)) - 4ccef42d-128e-4eed-9e45-8d297f7adfc0@group-D0755ABA686A->5d9d256b-54cf-4856-8c87-6034b73b04bd-AppendLogResponseHandler: Failed appendEntries: org.apache.ratis.thirdparty.io.grpc.StatusRuntimeException: CANCELLED: HTTP/2 error code: CANCEL
Received Rst Stream
2019-11-13 20:20:41,049 [grpc-default-executor-7] INFO  impl.FollowerInfo (FollowerInfo.java:lambda$new$0(51)) - 4ccef42d-128e-4eed-9e45-8d297f7adfc0@group-D0755ABA686A->5d9d256b-54cf-4856-8c87-6034b73b04bd: nextIndex: updateUnconditionally 1 -> 0
2019-11-13 20:20:41,053 [refreshUsed-/workdir/hadoop-ozone/integration-test/target/test-dir/MiniOzoneClusterImpl-252be716-c998-406a-83e5-534d363f62a9/datanode-6/data/containers] WARN  fs.CachingGetSpaceUsed (CachingGetSpaceUsed.java:run(183)) - Thread Interrupted waiting to refresh disk information: sleep interrupted
2019-11-13 20:20:41,053 [ForkJoinPool.commonPool-worker-1] INFO  ozoneimpl.OzoneContainer (OzoneContainer.java:stop(244)) - Attempting to stop container services.
2019-11-13 20:20:41,054 [ForkJoinPool.commonPool-worker-1] INFO  impl.RaftServerProxy (RaftServerProxy.java:lambda$close$4(314)) - f80e2e38-60f5-4e79-8b9a-ced9a5a7a91b: close
2019-11-13 20:20:41,054 [ForkJoinPool.commonPool-worker-1] INFO  impl.RaftServerImpl (RaftServerImpl.java:lambda$shutdown$3(250)) - f80e2e38-60f5-4e79-8b9a-ced9a5a7a91b@group-66711409C4AC: shutdown
2019-11-13 20:20:41,055 [ForkJoinPool.commonPool-worker-1] INFO  util.JmxRegister (JmxRegister.java:unregister(73)) - Successfully un-registered JMX Bean with object name Ratis:service=RaftServer,group=group-66711409C4AC,id=f80e2e38-60f5-4e79-8b9a-ced9a5a7a91b
2019-11-13 20:20:41,055 [ForkJoinPool.commonPool-worker-1] INFO  impl.RoleInfo (RoleInfo.java:shutdownLeaderState(104)) - f80e2e38-60f5-4e79-8b9a-ced9a5a7a91b: shutdown LeaderState
2019-11-13 20:20:41,065 [ForkJoinPool.commonPool-worker-1] INFO  impl.PendingRequests (PendingRequests.java:sendNotLeaderResponses(206)) - f80e2e38-60f5-4e79-8b9a-ced9a5a7a91b@group-66711409C4AC-PendingRequests: sendNotLeaderResponses
2019-11-13 20:20:41,065 [org.apache.ratis.server.impl.LogAppender$AppenderDaemon$$Lambda$415/455279792@679e8555] WARN  server.GrpcLogAppender (GrpcLogAppender.java:mayWait(151)) - f80e2e38-60f5-4e79-8b9a-ced9a5a7a91b@group-66711409C4AC->7a884130-6d50-4d25-81cf-a815cb8b077e-GrpcLogAppender: Wait interrupted by java.lang.InterruptedException
2019-11-13 20:20:41,066 [ForkJoinPool.commonPool-worker-1] INFO  impl.StateMachineUpdater (StateMachineUpdater.java:stopAndJoin(136)) - f80e2e38-60f5-4e79-8b9a-ced9a5a7a91b@group-66711409C4AC-StateMachineUpdater: set stopIndex = 2
2019-11-13 20:20:41,065 [org.apache.ratis.server.impl.LogAppender$AppenderDaemon$$Lambda$415/455279792@3f2be3cd] WARN  server.GrpcLogAppender (GrpcLogAppender.java:mayWait(151)) - f80e2e38-60f5-4e79-8b9a-ced9a5a7a91b@group-66711409C4AC->dc33d614-f8fc-4160-b742-6654ea8e560b-GrpcLogAppender: Wait interrupted by java.lang.InterruptedException
2019-11-13 20:20:41,067 [ForkJoinPool.commonPool-worker-1] INFO  impl.RaftServerImpl (ServerState.java:close(387)) - f80e2e38-60f5-4e79-8b9a-ced9a5a7a91b@group-66711409C4AC: closes. applyIndex: 2
2019-11-13 20:20:41,067 [grpc-default-executor-3] INFO  server.GrpcServerProtocolService (GrpcServerProtocolService.java:onCompleted(113)) - 7a884130-6d50-4d25-81cf-a815cb8b077e: Completed APPEND_ENTRIES, lastRequest: f80e2e38-60f5-4e79-8b9a-ced9a5a7a91b->7a884130-6d50-4d25-81cf-a815cb8b077e#9-t2, previous=(t:2, i:2), leaderCommit=2, initializing? false, entries: <empty>
2019-11-13 20:20:41,067 [f80e2e38-60f5-4e79-8b9a-ced9a5a7a91b@group-66711409C4AC-SegmentedRaftLogWorker] INFO  segmented.SegmentedRaftLogWorker (SegmentedRaftLogWorker.java:run(316)) - f80e2e38-60f5-4e79-8b9a-ced9a5a7a91b@group-66711409C4AC-SegmentedRaftLogWorker was interrupted, exiting. There are 0 tasks remaining in the queue.
2019-11-13 20:20:41,068 [ForkJoinPool.commonPool-worker-1] INFO  segmented.SegmentedRaftLogWorker (SegmentedRaftLogWorker.java:close(224)) - f80e2e38-60f5-4e79-8b9a-ced9a5a7a91b@group-66711409C4AC-SegmentedRaftLogWorker close()
2019-11-13 20:20:41,068 [ForkJoinPool.commonPool-worker-1] INFO  impl.RaftServerImpl (RaftServerImpl.java:lambda$shutdown$3(250)) - f80e2e38-60f5-4e79-8b9a-ced9a5a7a91b@group-D70E8CD789D7: shutdown
2019-11-13 20:20:41,068 [ForkJoinPool.commonPool-worker-1] INFO  util.JmxRegister (JmxRegister.java:unregister(73)) - Successfully un-registered JMX Bean with object name Ratis:service=RaftServer,group=group-D70E8CD789D7,id=f80e2e38-60f5-4e79-8b9a-ced9a5a7a91b
2019-11-13 20:20:41,068 [grpc-default-executor-3] INFO  server.GrpcLogAppender (GrpcLogAppender.java:onCompleted(308)) - f80e2e38-60f5-4e79-8b9a-ced9a5a7a91b@group-66711409C4AC->7a884130-6d50-4d25-81cf-a815cb8b077e-AppendLogResponseHandler: follower responses appendEntries COMPLETED
2019-11-13 20:20:41,070 [ForkJoinPool.commonPool-worker-1] INFO  impl.RoleInfo (RoleInfo.java:shutdownLeaderState(104)) - f80e2e38-60f5-4e79-8b9a-ced9a5a7a91b: shutdown LeaderState
2019-11-13 20:20:41,070 [ForkJoinPool.commonPool-worker-1] INFO  impl.PendingRequests (PendingRequests.java:sendNotLeaderResponses(206)) - f80e2e38-60f5-4e79-8b9a-ced9a5a7a91b@group-D70E8CD789D7-PendingRequests: sendNotLeaderResponses
2019-11-13 20:20:41,070 [grpc-default-executor-3] INFO  impl.FollowerInfo (FollowerInfo.java:lambda$new$0(51)) - f80e2e38-60f5-4e79-8b9a-ced9a5a7a91b@group-66711409C4AC->7a884130-6d50-4d25-81cf-a815cb8b077e: nextIndex: updateUnconditionally 3 -> 2
2019-11-13 20:20:41,070 [ForkJoinPool.commonPool-worker-1] INFO  impl.StateMachineUpdater (StateMachineUpdater.java:stopAndJoin(136)) - f80e2e38-60f5-4e79-8b9a-ced9a5a7a91b@group-D70E8CD789D7-StateMachineUpdater: set stopIndex = 0
2019-11-13 20:20:41,071 [ForkJoinPool.commonPool-worker-1] INFO  impl.RaftServerImpl (ServerState.java:close(387)) - f80e2e38-60f5-4e79-8b9a-ced9a5a7a91b@group-D70E8CD789D7: closes. applyIndex: 0
2019-11-13 20:20:41,071 [f80e2e38-60f5-4e79-8b9a-ced9a5a7a91b@group-D70E8CD789D7-SegmentedRaftLogWorker] INFO  segmented.SegmentedRaftLogWorker (SegmentedRaftLogWorker.java:run(316)) - f80e2e38-60f5-4e79-8b9a-ced9a5a7a91b@group-D70E8CD789D7-SegmentedRaftLogWorker was interrupted, exiting. There are 0 tasks remaining in the queue.
2019-11-13 20:20:41,071 [ForkJoinPool.commonPool-worker-1] INFO  segmented.SegmentedRaftLogWorker (SegmentedRaftLogWorker.java:close(224)) - f80e2e38-60f5-4e79-8b9a-ced9a5a7a91b@group-D70E8CD789D7-SegmentedRaftLogWorker close()
2019-11-13 20:20:41,072 [ForkJoinPool.commonPool-worker-1] INFO  server.GrpcService (GrpcService.java:closeImpl(164)) - f80e2e38-60f5-4e79-8b9a-ced9a5a7a91b: shutdown server with port 39508 now
2019-11-13 20:20:41,072 [ForkJoinPool.commonPool-worker-1] INFO  server.GrpcService (GrpcService.java:closeImpl(172)) - f80e2e38-60f5-4e79-8b9a-ced9a5a7a91b: shutdown server with port 39508 successfully
2019-11-13 20:20:41,074 [refreshUsed-/workdir/hadoop-ozone/integration-test/target/test-dir/MiniOzoneClusterImpl-252be716-c998-406a-83e5-534d363f62a9/datanode-3/data/containers] WARN  fs.CachingGetSpaceUsed (CachingGetSpaceUsed.java:run(183)) - Thread Interrupted waiting to refresh disk information: sleep interrupted
2019-11-13 20:20:41,088 [ForkJoinPool.commonPool-worker-1] INFO  utils.BackgroundService (BackgroundService.java:shutdown(151)) - Shutting down service BlockDeletingService
2019-11-13 20:20:41,088 [main] INFO  utils.BackgroundService (BackgroundService.java:shutdown(151)) - Shutting down service BlockDeletingService
2019-11-13 20:20:41,090 [ForkJoinPool.commonPool-worker-1] INFO  statemachine.DatanodeStateMachine (DatanodeStateMachine.java:stopDaemon(395)) - Ozone container server stopped.
2019-11-13 20:20:41,093 [main] INFO  statemachine.DatanodeStateMachine (DatanodeStateMachine.java:stopDaemon(395)) - Ozone container server stopped.
2019-11-13 20:20:41,099 [ForkJoinPool.commonPool-worker-1] INFO  handler.ContextHandler (ContextHandler.java:doStop(910)) - Stopped o.e.j.w.WebAppContext@4d81e83a{/,null,UNAVAILABLE}{/hddsDatanode}
2019-11-13 20:20:41,099 [main] INFO  handler.ContextHandler (ContextHandler.java:doStop(910)) - Stopped o.e.j.w.WebAppContext@20a3e10c{/,null,UNAVAILABLE}{/hddsDatanode}
2019-11-13 20:20:41,100 [ForkJoinPool.commonPool-worker-1] INFO  server.AbstractConnector (AbstractConnector.java:doStop(318)) - Stopped ServerConnector@53a301f3{HTTP/1.1,[http/1.1]}{0.0.0.0:0}
2019-11-13 20:20:41,100 [main] INFO  server.AbstractConnector (AbstractConnector.java:doStop(318)) - Stopped ServerConnector@426c0486{HTTP/1.1,[http/1.1]}{0.0.0.0:0}
2019-11-13 20:20:41,102 [ForkJoinPool.commonPool-worker-1] INFO  handler.ContextHandler (ContextHandler.java:doStop(910)) - Stopped o.e.j.s.ServletContextHandler@72af90e8{/static,jar:file:/home/user/.m2/repository/org/apache/hadoop/hadoop-hdds-container-service/0.5.0-SNAPSHOT/hadoop-hdds-container-service-0.5.0-SNAPSHOT.jar!/webapps/static,UNAVAILABLE}
2019-11-13 20:20:41,102 [main] INFO  handler.ContextHandler (ContextHandler.java:doStop(910)) - Stopped o.e.j.s.ServletContextHandler@4975dda1{/static,jar:file:/home/user/.m2/repository/org/apache/hadoop/hadoop-hdds-container-service/0.5.0-SNAPSHOT/hadoop-hdds-container-service-0.5.0-SNAPSHOT.jar!/webapps/static,UNAVAILABLE}
2019-11-13 20:20:41,104 [ForkJoinPool.commonPool-worker-1] INFO  handler.ContextHandler (ContextHandler.java:doStop(910)) - Stopped o.e.j.s.ServletContextHandler@76e4212{/logs,file:///workdir/hadoop-ozone/integration-test/target/log,UNAVAILABLE}
2019-11-13 20:20:41,104 [main] INFO  handler.ContextHandler (ContextHandler.java:doStop(910)) - Stopped o.e.j.s.ServletContextHandler@427308f8{/logs,file:///workdir/hadoop-ozone/integration-test/target/log,UNAVAILABLE}
2019-11-13 20:20:41,297 [grpc-default-executor-0] WARN  server.GrpcLogAppender (LogUtils.java:warn(134)) - 4ccef42d-128e-4eed-9e45-8d297f7adfc0@group-D0755ABA686A->52541eb8-c0db-4941-8ea5-4f6f65566359-AppendLogResponseHandler: Failed appendEntries: org.apache.ratis.thirdparty.io.grpc.StatusRuntimeException: UNAVAILABLE: io exception
2019-11-13 20:20:41,297 [grpc-default-executor-0] INFO  impl.FollowerInfo (FollowerInfo.java:lambda$new$0(51)) - 4ccef42d-128e-4eed-9e45-8d297f7adfc0@group-D0755ABA686A->52541eb8-c0db-4941-8ea5-4f6f65566359: nextIndex: updateUnconditionally 0 -> 0
2019-11-13 20:20:41,325 [grpc-default-executor-0] WARN  server.GrpcLogAppender (LogUtils.java:warn(134)) - 4ccef42d-128e-4eed-9e45-8d297f7adfc0@group-D0755ABA686A->5d9d256b-54cf-4856-8c87-6034b73b04bd-AppendLogResponseHandler: Failed appendEntries: org.apache.ratis.thirdparty.io.grpc.StatusRuntimeException: UNAVAILABLE: io exception
2019-11-13 20:20:41,325 [grpc-default-executor-0] INFO  impl.FollowerInfo (FollowerInfo.java:lambda$new$0(51)) - 4ccef42d-128e-4eed-9e45-8d297f7adfc0@group-D0755ABA686A->5d9d256b-54cf-4856-8c87-6034b73b04bd: nextIndex: updateUnconditionally 0 -> 0
2019-11-13 20:20:41,349 [grpc-default-executor-7] WARN  server.GrpcLogAppender (LogUtils.java:warn(134)) - 57e4e4f3-95e6-4ba3-b7c4-7652bb100830@group-3CC11B5AB53E->b0735163-16b4-4eff-936d-5712c77b458f-AppendLogResponseHandler: Failed appendEntries: org.apache.ratis.thirdparty.io.grpc.StatusRuntimeException: UNAVAILABLE: io exception
2019-11-13 20:20:41,350 [grpc-default-executor-7] INFO  impl.FollowerInfo (FollowerInfo.java:lambda$new$0(51)) - 57e4e4f3-95e6-4ba3-b7c4-7652bb100830@group-3CC11B5AB53E->b0735163-16b4-4eff-936d-5712c77b458f: nextIndex: updateUnconditionally 0 -> 0
2019-11-13 20:20:41,797 [grpc-default-executor-7] WARN  server.GrpcLogAppender (LogUtils.java:warn(134)) - 4ccef42d-128e-4eed-9e45-8d297f7adfc0@group-D0755ABA686A->52541eb8-c0db-4941-8ea5-4f6f65566359-AppendLogResponseHandler: Failed appendEntries: org.apache.ratis.thirdparty.io.grpc.StatusRuntimeException: UNAVAILABLE: io exception
2019-11-13 20:20:41,797 [grpc-default-executor-7] INFO  impl.FollowerInfo (FollowerInfo.java:lambda$new$0(51)) - 4ccef42d-128e-4eed-9e45-8d297f7adfc0@group-D0755ABA686A->52541eb8-c0db-4941-8ea5-4f6f65566359: nextIndex: updateUnconditionally 0 -> 0
2019-11-13 20:20:41,826 [grpc-default-executor-7] WARN  server.GrpcLogAppender (LogUtils.java:warn(134)) - 4ccef42d-128e-4eed-9e45-8d297f7adfc0@group-D0755ABA686A->5d9d256b-54cf-4856-8c87-6034b73b04bd-AppendLogResponseHandler: Failed appendEntries: org.apache.ratis.thirdparty.io.grpc.StatusRuntimeException: UNAVAILABLE: io exception
2019-11-13 20:20:41,826 [grpc-default-executor-7] INFO  impl.FollowerInfo (FollowerInfo.java:lambda$new$0(51)) - 4ccef42d-128e-4eed-9e45-8d297f7adfc0@group-D0755ABA686A->5d9d256b-54cf-4856-8c87-6034b73b04bd: nextIndex: updateUnconditionally 0 -> 0
2019-11-13 20:20:41,850 [grpc-default-executor-7] WARN  server.GrpcLogAppender (LogUtils.java:warn(134)) - 57e4e4f3-95e6-4ba3-b7c4-7652bb100830@group-3CC11B5AB53E->b0735163-16b4-4eff-936d-5712c77b458f-AppendLogResponseHandler: Failed appendEntries: org.apache.ratis.thirdparty.io.grpc.StatusRuntimeException: UNAVAILABLE: io exception
2019-11-13 20:20:41,850 [grpc-default-executor-7] INFO  impl.FollowerInfo (FollowerInfo.java:lambda$new$0(51)) - 57e4e4f3-95e6-4ba3-b7c4-7652bb100830@group-3CC11B5AB53E->b0735163-16b4-4eff-936d-5712c77b458f: nextIndex: updateUnconditionally 0 -> 0
2019-11-13 20:20:41,871 [Datanode State Machine Thread - 0] INFO  statemachine.DatanodeStateMachine (DatanodeStateMachine.java:lambda$startDaemon$0(350)) - Ozone container server started.
2019-11-13 20:20:41,923 [Datanode State Machine Thread - 0] INFO  statemachine.DatanodeStateMachine (DatanodeStateMachine.java:lambda$startDaemon$0(350)) - Ozone container server started.
2019-11-13 20:20:42,297 [grpc-default-executor-7] WARN  server.GrpcLogAppender (LogUtils.java:warn(134)) - 4ccef42d-128e-4eed-9e45-8d297f7adfc0@group-D0755ABA686A->52541eb8-c0db-4941-8ea5-4f6f65566359-AppendLogResponseHandler: Failed appendEntries: org.apache.ratis.thirdparty.io.grpc.StatusRuntimeException: UNAVAILABLE: io exception
2019-11-13 20:20:42,297 [grpc-default-executor-7] INFO  impl.FollowerInfo (FollowerInfo.java:lambda$new$0(51)) - 4ccef42d-128e-4eed-9e45-8d297f7adfc0@group-D0755ABA686A->52541eb8-c0db-4941-8ea5-4f6f65566359: nextIndex: updateUnconditionally 0 -> 0
2019-11-13 20:20:42,326 [grpc-default-executor-7] WARN  server.GrpcLogAppender (LogUtils.java:warn(134)) - 4ccef42d-128e-4eed-9e45-8d297f7adfc0@group-D0755ABA686A->5d9d256b-54cf-4856-8c87-6034b73b04bd-AppendLogResponseHandler: Failed appendEntries: org.apache.ratis.thirdparty.io.grpc.StatusRuntimeException: UNAVAILABLE: io exception
2019-11-13 20:20:42,326 [grpc-default-executor-7] INFO  impl.FollowerInfo (FollowerInfo.java:lambda$new$0(51)) - 4ccef42d-128e-4eed-9e45-8d297f7adfc0@group-D0755ABA686A->5d9d256b-54cf-4856-8c87-6034b73b04bd: nextIndex: updateUnconditionally 0 -> 0
2019-11-13 20:20:42,351 [grpc-default-executor-7] WARN  server.GrpcLogAppender (LogUtils.java:warn(134)) - 57e4e4f3-95e6-4ba3-b7c4-7652bb100830@group-3CC11B5AB53E->b0735163-16b4-4eff-936d-5712c77b458f-AppendLogResponseHandler: Failed appendEntries: org.apache.ratis.thirdparty.io.grpc.StatusRuntimeException: UNAVAILABLE: io exception
2019-11-13 20:20:42,351 [grpc-default-executor-7] INFO  impl.FollowerInfo (FollowerInfo.java:lambda$new$0(51)) - 57e4e4f3-95e6-4ba3-b7c4-7652bb100830@group-3CC11B5AB53E->b0735163-16b4-4eff-936d-5712c77b458f: nextIndex: updateUnconditionally 0 -> 0
2019-11-13 20:20:42,798 [grpc-default-executor-7] WARN  server.GrpcLogAppender (LogUtils.java:warn(134)) - 4ccef42d-128e-4eed-9e45-8d297f7adfc0@group-D0755ABA686A->52541eb8-c0db-4941-8ea5-4f6f65566359-AppendLogResponseHandler: Failed appendEntries: org.apache.ratis.thirdparty.io.grpc.StatusRuntimeException: UNAVAILABLE: io exception
2019-11-13 20:20:42,798 [grpc-default-executor-7] INFO  impl.FollowerInfo (FollowerInfo.java:lambda$new$0(51)) - 4ccef42d-128e-4eed-9e45-8d297f7adfc0@group-D0755ABA686A->52541eb8-c0db-4941-8ea5-4f6f65566359: nextIndex: updateUnconditionally 0 -> 0
2019-11-13 20:20:42,826 [grpc-default-executor-3] WARN  server.GrpcLogAppender (LogUtils.java:warn(134)) - 4ccef42d-128e-4eed-9e45-8d297f7adfc0@group-D0755ABA686A->5d9d256b-54cf-4856-8c87-6034b73b04bd-AppendLogResponseHandler: Failed appendEntries: org.apache.ratis.thirdparty.io.grpc.StatusRuntimeException: UNAVAILABLE: io exception
2019-11-13 20:20:42,827 [grpc-default-executor-3] INFO  impl.FollowerInfo (FollowerInfo.java:lambda$new$0(51)) - 4ccef42d-128e-4eed-9e45-8d297f7adfc0@group-D0755ABA686A->5d9d256b-54cf-4856-8c87-6034b73b04bd: nextIndex: updateUnconditionally 0 -> 0
2019-11-13 20:20:42,851 [grpc-default-executor-3] WARN  server.GrpcLogAppender (LogUtils.java:warn(134)) - 57e4e4f3-95e6-4ba3-b7c4-7652bb100830@group-3CC11B5AB53E->b0735163-16b4-4eff-936d-5712c77b458f-AppendLogResponseHandler: Failed appendEntries: org.apache.ratis.thirdparty.io.grpc.StatusRuntimeException: UNAVAILABLE: io exception
2019-11-13 20:20:42,851 [grpc-default-executor-3] INFO  impl.FollowerInfo (FollowerInfo.java:lambda$new$0(51)) - 57e4e4f3-95e6-4ba3-b7c4-7652bb100830@group-3CC11B5AB53E->b0735163-16b4-4eff-936d-5712c77b458f: nextIndex: updateUnconditionally 0 -> 0
2019-11-13 20:20:42,953 [Thread-4543] INFO  impl.FollowerState (FollowerState.java:run(111)) - 7a884130-6d50-4d25-81cf-a815cb8b077e@group-66711409C4AC-FollowerState: change to CANDIDATE, lastRpcTime:1967ms, electionTimeout:1069ms
2019-11-13 20:20:42,953 [Thread-4543] INFO  impl.RoleInfo (RoleInfo.java:shutdownFollowerState(121)) - 7a884130-6d50-4d25-81cf-a815cb8b077e: shutdown FollowerState
2019-11-13 20:20:42,953 [Thread-4543] INFO  impl.RaftServerImpl (RaftServerImpl.java:setRole(173)) - 7a884130-6d50-4d25-81cf-a815cb8b077e@group-66711409C4AC: changes role from  FOLLOWER to CANDIDATE at term 2 for changeToCandidate
2019-11-13 20:20:42,954 [Thread-4543] INFO  impl.RoleInfo (RoleInfo.java:updateAndGet(143)) - 7a884130-6d50-4d25-81cf-a815cb8b077e: start LeaderElection
2019-11-13 20:20:42,954 [7a884130-6d50-4d25-81cf-a815cb8b077e@group-66711409C4AC-LeaderElection216] INFO  impl.RaftServerImpl (ServerState.java:setLeader(255)) - 7a884130-6d50-4d25-81cf-a815cb8b077e@group-66711409C4AC: change Leader from f80e2e38-60f5-4e79-8b9a-ced9a5a7a91b to null at term 2 for initElection
2019-11-13 20:20:42,969 [7a884130-6d50-4d25-81cf-a815cb8b077e@group-66711409C4AC-LeaderElection216] INFO  impl.LeaderElection (LeaderElection.java:askForVotes(178)) - 7a884130-6d50-4d25-81cf-a815cb8b077e@group-66711409C4AC-LeaderElection216: begin an election at term 3 for 1: [7a884130-6d50-4d25-81cf-a815cb8b077e:192.168.164.208:33820, dc33d614-f8fc-4160-b742-6654ea8e560b:192.168.164.208:36418, f80e2e38-60f5-4e79-8b9a-ced9a5a7a91b:192.168.164.208:39508], old=null
2019-11-13 20:20:42,972 [7a884130-6d50-4d25-81cf-a815cb8b077e@group-66711409C4AC-LeaderElection216] INFO  impl.LeaderElection (LogUtils.java:infoOrTrace(149)) - 7a884130-6d50-4d25-81cf-a815cb8b077e@group-66711409C4AC-LeaderElection216 got exception when requesting votes: {}
java.util.concurrent.ExecutionException: org.apache.ratis.thirdparty.io.grpc.StatusRuntimeException: UNAVAILABLE: io exception
	at java.util.concurrent.FutureTask.report(FutureTask.java:122)
	at java.util.concurrent.FutureTask.get(FutureTask.java:192)
	at org.apache.ratis.server.impl.LeaderElection.waitForResults(LeaderElection.java:259)
	at org.apache.ratis.server.impl.LeaderElection.askForVotes(LeaderElection.java:197)
	at org.apache.ratis.server.impl.LeaderElection.run(LeaderElection.java:133)
	at java.lang.Thread.run(Thread.java:748)
Caused by: org.apache.ratis.thirdparty.io.grpc.StatusRuntimeException: UNAVAILABLE: io exception
	at org.apache.ratis.thirdparty.io.grpc.stub.ClientCalls.toStatusRuntimeException(ClientCalls.java:233)
	at org.apache.ratis.thirdparty.io.grpc.stub.ClientCalls.getUnchecked(ClientCalls.java:214)
	at org.apache.ratis.thirdparty.io.grpc.stub.ClientCalls.blockingUnaryCall(ClientCalls.java:139)
	at org.apache.ratis.proto.grpc.RaftServerProtocolServiceGrpc$RaftServerProtocolServiceBlockingStub.requestVote(RaftServerProtocolServiceGrpc.java:265)
	at org.apache.ratis.grpc.server.GrpcServerProtocolClient.requestVote(GrpcServerProtocolClient.java:99)
	at org.apache.ratis.grpc.server.GrpcService.requestVote(GrpcService.java:204)
	at org.apache.ratis.server.impl.LeaderElection.lambda$submitRequests$1(LeaderElection.java:234)
	at java.util.concurrent.FutureTask.run(FutureTask.java:266)
	at java.util.concurrent.Executors$RunnableAdapter.call(Executors.java:511)
	at java.util.concurrent.FutureTask.run(FutureTask.java:266)
	at java.util.concurrent.ThreadPoolExecutor.runWorker(ThreadPoolExecutor.java:1149)
	at java.util.concurrent.ThreadPoolExecutor$Worker.run(ThreadPoolExecutor.java:624)
	... 1 more
Caused by: org.apache.ratis.thirdparty.io.netty.channel.AbstractChannel$AnnotatedConnectException: Connection refused: /192.168.164.208:36418
	at sun.nio.ch.SocketChannelImpl.checkConnect(Native Method)
	at sun.nio.ch.SocketChannelImpl.finishConnect(SocketChannelImpl.java:717)
	at org.apache.ratis.thirdparty.io.netty.channel.socket.nio.NioSocketChannel.doFinishConnect(NioSocketChannel.java:327)
	at org.apache.ratis.thirdparty.io.netty.channel.nio.AbstractNioChannel$AbstractNioUnsafe.finishConnect(AbstractNioChannel.java:340)
	at org.apache.ratis.thirdparty.io.netty.channel.nio.NioEventLoop.processSelectedKey(NioEventLoop.java:632)
	at org.apache.ratis.thirdparty.io.netty.channel.nio.NioEventLoop.processSelectedKeysOptimized(NioEventLoop.java:579)
	at org.apache.ratis.thirdparty.io.netty.channel.nio.NioEventLoop.processSelectedKeys(NioEventLoop.java:496)
	at org.apache.ratis.thirdparty.io.netty.channel.nio.NioEventLoop.run(NioEventLoop.java:458)
	at org.apache.ratis.thirdparty.io.netty.util.concurrent.SingleThreadEventExecutor$5.run(SingleThreadEventExecutor.java:897)
	at org.apache.ratis.thirdparty.io.netty.util.concurrent.FastThreadLocalRunnable.run(FastThreadLocalRunnable.java:30)
	... 1 more
Caused by: java.net.ConnectException: Connection refused
	... 11 more
2019-11-13 20:20:42,972 [7a884130-6d50-4d25-81cf-a815cb8b077e@group-66711409C4AC-LeaderElection216] INFO  impl.LeaderElection (LogUtils.java:infoOrTrace(149)) - 7a884130-6d50-4d25-81cf-a815cb8b077e@group-66711409C4AC-LeaderElection216 got exception when requesting votes: {}
java.util.concurrent.ExecutionException: org.apache.ratis.thirdparty.io.grpc.StatusRuntimeException: UNAVAILABLE: io exception
	at java.util.concurrent.FutureTask.report(FutureTask.java:122)
	at java.util.concurrent.FutureTask.get(FutureTask.java:192)
	at org.apache.ratis.server.impl.LeaderElection.waitForResults(LeaderElection.java:259)
	at org.apache.ratis.server.impl.LeaderElection.askForVotes(LeaderElection.java:197)
	at org.apache.ratis.server.impl.LeaderElection.run(LeaderElection.java:133)
	at java.lang.Thread.run(Thread.java:748)
Caused by: org.apache.ratis.thirdparty.io.grpc.StatusRuntimeException: UNAVAILABLE: io exception
	at org.apache.ratis.thirdparty.io.grpc.stub.ClientCalls.toStatusRuntimeException(ClientCalls.java:233)
	at org.apache.ratis.thirdparty.io.grpc.stub.ClientCalls.getUnchecked(ClientCalls.java:214)
	at org.apache.ratis.thirdparty.io.grpc.stub.ClientCalls.blockingUnaryCall(ClientCalls.java:139)
	at org.apache.ratis.proto.grpc.RaftServerProtocolServiceGrpc$RaftServerProtocolServiceBlockingStub.requestVote(RaftServerProtocolServiceGrpc.java:265)
	at org.apache.ratis.grpc.server.GrpcServerProtocolClient.requestVote(GrpcServerProtocolClient.java:99)
	at org.apache.ratis.grpc.server.GrpcService.requestVote(GrpcService.java:204)
	at org.apache.ratis.server.impl.LeaderElection.lambda$submitRequests$1(LeaderElection.java:234)
	at java.util.concurrent.FutureTask.run(FutureTask.java:266)
	at java.util.concurrent.Executors$RunnableAdapter.call(Executors.java:511)
	at java.util.concurrent.FutureTask.run(FutureTask.java:266)
	at java.util.concurrent.ThreadPoolExecutor.runWorker(ThreadPoolExecutor.java:1149)
	at java.util.concurrent.ThreadPoolExecutor$Worker.run(ThreadPoolExecutor.java:624)
	... 1 more
Caused by: org.apache.ratis.thirdparty.io.netty.channel.AbstractChannel$AnnotatedConnectException: Connection refused: /192.168.164.208:39508
	at sun.nio.ch.SocketChannelImpl.checkConnect(Native Method)
	at sun.nio.ch.SocketChannelImpl.finishConnect(SocketChannelImpl.java:717)
	at org.apache.ratis.thirdparty.io.netty.channel.socket.nio.NioSocketChannel.doFinishConnect(NioSocketChannel.java:327)
	at org.apache.ratis.thirdparty.io.netty.channel.nio.AbstractNioChannel$AbstractNioUnsafe.finishConnect(AbstractNioChannel.java:340)
	at org.apache.ratis.thirdparty.io.netty.channel.nio.NioEventLoop.processSelectedKey(NioEventLoop.java:632)
	at org.apache.ratis.thirdparty.io.netty.channel.nio.NioEventLoop.processSelectedKeysOptimized(NioEventLoop.java:579)
	at org.apache.ratis.thirdparty.io.netty.channel.nio.NioEventLoop.processSelectedKeys(NioEventLoop.java:496)
	at org.apache.ratis.thirdparty.io.netty.channel.nio.NioEventLoop.run(NioEventLoop.java:458)
	at org.apache.ratis.thirdparty.io.netty.util.concurrent.SingleThreadEventExecutor$5.run(SingleThreadEventExecutor.java:897)
	at org.apache.ratis.thirdparty.io.netty.util.concurrent.FastThreadLocalRunnable.run(FastThreadLocalRunnable.java:30)
	... 1 more
Caused by: java.net.ConnectException: Connection refused
	... 11 more
2019-11-13 20:20:42,973 [7a884130-6d50-4d25-81cf-a815cb8b077e@group-66711409C4AC-LeaderElection216] INFO  impl.LeaderElection (LeaderElection.java:logAndReturn(56)) - 7a884130-6d50-4d25-81cf-a815cb8b077e@group-66711409C4AC-LeaderElection216: Election REJECTED; received 0 response(s) [] and 2 exception(s); 7a884130-6d50-4d25-81cf-a815cb8b077e@group-66711409C4AC:t3, leader=null, voted=7a884130-6d50-4d25-81cf-a815cb8b077e, raftlog=7a884130-6d50-4d25-81cf-a815cb8b077e@group-66711409C4AC-SegmentedRaftLog:OPENED:c2,f2,i2, conf=1: [7a884130-6d50-4d25-81cf-a815cb8b077e:192.168.164.208:33820, dc33d614-f8fc-4160-b742-6654ea8e560b:192.168.164.208:36418, f80e2e38-60f5-4e79-8b9a-ced9a5a7a91b:192.168.164.208:39508], old=null
2019-11-13 20:20:42,973 [7a884130-6d50-4d25-81cf-a815cb8b077e@group-66711409C4AC-LeaderElection216] INFO  impl.LeaderElection (LogUtils.java:infoOrTrace(149)) -   Exception 0: {}
java.util.concurrent.ExecutionException: org.apache.ratis.thirdparty.io.grpc.StatusRuntimeException: UNAVAILABLE: io exception
	at java.util.concurrent.FutureTask.report(FutureTask.java:122)
	at java.util.concurrent.FutureTask.get(FutureTask.java:192)
	at org.apache.ratis.server.impl.LeaderElection.waitForResults(LeaderElection.java:259)
	at org.apache.ratis.server.impl.LeaderElection.askForVotes(LeaderElection.java:197)
	at org.apache.ratis.server.impl.LeaderElection.run(LeaderElection.java:133)
	at java.lang.Thread.run(Thread.java:748)
Caused by: org.apache.ratis.thirdparty.io.grpc.StatusRuntimeException: UNAVAILABLE: io exception
	at org.apache.ratis.thirdparty.io.grpc.stub.ClientCalls.toStatusRuntimeException(ClientCalls.java:233)
	at org.apache.ratis.thirdparty.io.grpc.stub.ClientCalls.getUnchecked(ClientCalls.java:214)
	at org.apache.ratis.thirdparty.io.grpc.stub.ClientCalls.blockingUnaryCall(ClientCalls.java:139)
	at org.apache.ratis.proto.grpc.RaftServerProtocolServiceGrpc$RaftServerProtocolServiceBlockingStub.requestVote(RaftServerProtocolServiceGrpc.java:265)
	at org.apache.ratis.grpc.server.GrpcServerProtocolClient.requestVote(GrpcServerProtocolClient.java:99)
	at org.apache.ratis.grpc.server.GrpcService.requestVote(GrpcService.java:204)
	at org.apache.ratis.server.impl.LeaderElection.lambda$submitRequests$1(LeaderElection.java:234)
	at java.util.concurrent.FutureTask.run(FutureTask.java:266)
	at java.util.concurrent.Executors$RunnableAdapter.call(Executors.java:511)
	at java.util.concurrent.FutureTask.run(FutureTask.java:266)
	at java.util.concurrent.ThreadPoolExecutor.runWorker(ThreadPoolExecutor.java:1149)
	at java.util.concurrent.ThreadPoolExecutor$Worker.run(ThreadPoolExecutor.java:624)
	... 1 more
Caused by: org.apache.ratis.thirdparty.io.netty.channel.AbstractChannel$AnnotatedConnectException: Connection refused: /192.168.164.208:36418
	at sun.nio.ch.SocketChannelImpl.checkConnect(Native Method)
	at sun.nio.ch.SocketChannelImpl.finishConnect(SocketChannelImpl.java:717)
	at org.apache.ratis.thirdparty.io.netty.channel.socket.nio.NioSocketChannel.doFinishConnect(NioSocketChannel.java:327)
	at org.apache.ratis.thirdparty.io.netty.channel.nio.AbstractNioChannel$AbstractNioUnsafe.finishConnect(AbstractNioChannel.java:340)
	at org.apache.ratis.thirdparty.io.netty.channel.nio.NioEventLoop.processSelectedKey(NioEventLoop.java:632)
	at org.apache.ratis.thirdparty.io.netty.channel.nio.NioEventLoop.processSelectedKeysOptimized(NioEventLoop.java:579)
	at org.apache.ratis.thirdparty.io.netty.channel.nio.NioEventLoop.processSelectedKeys(NioEventLoop.java:496)
	at org.apache.ratis.thirdparty.io.netty.channel.nio.NioEventLoop.run(NioEventLoop.java:458)
	at org.apache.ratis.thirdparty.io.netty.util.concurrent.SingleThreadEventExecutor$5.run(SingleThreadEventExecutor.java:897)
	at org.apache.ratis.thirdparty.io.netty.util.concurrent.FastThreadLocalRunnable.run(FastThreadLocalRunnable.java:30)
	... 1 more
Caused by: java.net.ConnectException: Connection refused
	... 11 more
2019-11-13 20:20:42,973 [7a884130-6d50-4d25-81cf-a815cb8b077e@group-66711409C4AC-LeaderElection216] INFO  impl.LeaderElection (LogUtils.java:infoOrTrace(149)) -   Exception 1: {}
java.util.concurrent.ExecutionException: org.apache.ratis.thirdparty.io.grpc.StatusRuntimeException: UNAVAILABLE: io exception
	at java.util.concurrent.FutureTask.report(FutureTask.java:122)
	at java.util.concurrent.FutureTask.get(FutureTask.java:192)
	at org.apache.ratis.server.impl.LeaderElection.waitForResults(LeaderElection.java:259)
	at org.apache.ratis.server.impl.LeaderElection.askForVotes(LeaderElection.java:197)
	at org.apache.ratis.server.impl.LeaderElection.run(LeaderElection.java:133)
	at java.lang.Thread.run(Thread.java:748)
Caused by: org.apache.ratis.thirdparty.io.grpc.StatusRuntimeException: UNAVAILABLE: io exception
	at org.apache.ratis.thirdparty.io.grpc.stub.ClientCalls.toStatusRuntimeException(ClientCalls.java:233)
	at org.apache.ratis.thirdparty.io.grpc.stub.ClientCalls.getUnchecked(ClientCalls.java:214)
	at org.apache.ratis.thirdparty.io.grpc.stub.ClientCalls.blockingUnaryCall(ClientCalls.java:139)
	at org.apache.ratis.proto.grpc.RaftServerProtocolServiceGrpc$RaftServerProtocolServiceBlockingStub.requestVote(RaftServerProtocolServiceGrpc.java:265)
	at org.apache.ratis.grpc.server.GrpcServerProtocolClient.requestVote(GrpcServerProtocolClient.java:99)
	at org.apache.ratis.grpc.server.GrpcService.requestVote(GrpcService.java:204)
	at org.apache.ratis.server.impl.LeaderElection.lambda$submitRequests$1(LeaderElection.java:234)
	at java.util.concurrent.FutureTask.run(FutureTask.java:266)
	at java.util.concurrent.Executors$RunnableAdapter.call(Executors.java:511)
	at java.util.concurrent.FutureTask.run(FutureTask.java:266)
	at java.util.concurrent.ThreadPoolExecutor.runWorker(ThreadPoolExecutor.java:1149)
	at java.util.concurrent.ThreadPoolExecutor$Worker.run(ThreadPoolExecutor.java:624)
	... 1 more
Caused by: org.apache.ratis.thirdparty.io.netty.channel.AbstractChannel$AnnotatedConnectException: Connection refused: /192.168.164.208:39508
	at sun.nio.ch.SocketChannelImpl.checkConnect(Native Method)
	at sun.nio.ch.SocketChannelImpl.finishConnect(SocketChannelImpl.java:717)
	at org.apache.ratis.thirdparty.io.netty.channel.socket.nio.NioSocketChannel.doFinishConnect(NioSocketChannel.java:327)
	at org.apache.ratis.thirdparty.io.netty.channel.nio.AbstractNioChannel$AbstractNioUnsafe.finishConnect(AbstractNioChannel.java:340)
	at org.apache.ratis.thirdparty.io.netty.channel.nio.NioEventLoop.processSelectedKey(NioEventLoop.java:632)
	at org.apache.ratis.thirdparty.io.netty.channel.nio.NioEventLoop.processSelectedKeysOptimized(NioEventLoop.java:579)
	at org.apache.ratis.thirdparty.io.netty.channel.nio.NioEventLoop.processSelectedKeys(NioEventLoop.java:496)
	at org.apache.ratis.thirdparty.io.netty.channel.nio.NioEventLoop.run(NioEventLoop.java:458)
	at org.apache.ratis.thirdparty.io.netty.util.concurrent.SingleThreadEventExecutor$5.run(SingleThreadEventExecutor.java:897)
	at org.apache.ratis.thirdparty.io.netty.util.concurrent.FastThreadLocalRunnable.run(FastThreadLocalRunnable.java:30)
	... 1 more
Caused by: java.net.ConnectException: Connection refused
	... 11 more
2019-11-13 20:20:42,974 [7a884130-6d50-4d25-81cf-a815cb8b077e@group-66711409C4AC-LeaderElection216] INFO  impl.RaftServerImpl (RaftServerImpl.java:setRole(173)) - 7a884130-6d50-4d25-81cf-a815cb8b077e@group-66711409C4AC: changes role from CANDIDATE to FOLLOWER at term 3 for DISCOVERED_A_NEW_TERM
2019-11-13 20:20:42,974 [7a884130-6d50-4d25-81cf-a815cb8b077e@group-66711409C4AC-LeaderElection216] INFO  impl.RoleInfo (RoleInfo.java:shutdownLeaderElection(134)) - 7a884130-6d50-4d25-81cf-a815cb8b077e: shutdown LeaderElection
2019-11-13 20:20:42,974 [7a884130-6d50-4d25-81cf-a815cb8b077e@group-66711409C4AC-LeaderElection216] INFO  impl.RoleInfo (RoleInfo.java:updateAndGet(143)) - 7a884130-6d50-4d25-81cf-a815cb8b077e: start FollowerState
2019-11-13 20:20:43,300 [grpc-default-executor-7] WARN  server.GrpcLogAppender (LogUtils.java:warn(134)) - 4ccef42d-128e-4eed-9e45-8d297f7adfc0@group-D0755ABA686A->52541eb8-c0db-4941-8ea5-4f6f65566359-AppendLogResponseHandler: Failed appendEntries: org.apache.ratis.thirdparty.io.grpc.StatusRuntimeException: UNAVAILABLE: io exception
2019-11-13 20:20:43,300 [grpc-default-executor-7] INFO  impl.FollowerInfo (FollowerInfo.java:lambda$new$0(51)) - 4ccef42d-128e-4eed-9e45-8d297f7adfc0@group-D0755ABA686A->52541eb8-c0db-4941-8ea5-4f6f65566359: nextIndex: updateUnconditionally 0 -> 0
2019-11-13 20:20:43,327 [grpc-default-executor-0] WARN  server.GrpcLogAppender (LogUtils.java:warn(134)) - 4ccef42d-128e-4eed-9e45-8d297f7adfc0@group-D0755ABA686A->5d9d256b-54cf-4856-8c87-6034b73b04bd-AppendLogResponseHandler: Failed appendEntries: org.apache.ratis.thirdparty.io.grpc.StatusRuntimeException: UNAVAILABLE: io exception
2019-11-13 20:20:43,327 [grpc-default-executor-0] INFO  impl.FollowerInfo (FollowerInfo.java:lambda$new$0(51)) - 4ccef42d-128e-4eed-9e45-8d297f7adfc0@group-D0755ABA686A->5d9d256b-54cf-4856-8c87-6034b73b04bd: nextIndex: updateUnconditionally 0 -> 0
2019-11-13 20:20:43,351 [grpc-default-executor-3] WARN  server.GrpcLogAppender (LogUtils.java:warn(134)) - 57e4e4f3-95e6-4ba3-b7c4-7652bb100830@group-3CC11B5AB53E->b0735163-16b4-4eff-936d-5712c77b458f-AppendLogResponseHandler: Failed appendEntries: org.apache.ratis.thirdparty.io.grpc.StatusRuntimeException: UNAVAILABLE: io exception
2019-11-13 20:20:43,351 [grpc-default-executor-3] INFO  impl.FollowerInfo (FollowerInfo.java:lambda$new$0(51)) - 57e4e4f3-95e6-4ba3-b7c4-7652bb100830@group-3CC11B5AB53E->b0735163-16b4-4eff-936d-5712c77b458f: nextIndex: updateUnconditionally 0 -> 0
2019-11-13 20:20:43,804 [grpc-default-executor-3] WARN  server.GrpcLogAppender (LogUtils.java:warn(134)) - 4ccef42d-128e-4eed-9e45-8d297f7adfc0@group-D0755ABA686A->52541eb8-c0db-4941-8ea5-4f6f65566359-AppendLogResponseHandler: Failed appendEntries: org.apache.ratis.thirdparty.io.grpc.StatusRuntimeException: UNAVAILABLE: io exception
2019-11-13 20:20:43,805 [grpc-default-executor-3] INFO  impl.FollowerInfo (FollowerInfo.java:lambda$new$0(51)) - 4ccef42d-128e-4eed-9e45-8d297f7adfc0@group-D0755ABA686A->52541eb8-c0db-4941-8ea5-4f6f65566359: nextIndex: updateUnconditionally 0 -> 0
2019-11-13 20:20:43,828 [grpc-default-executor-0] WARN  server.GrpcLogAppender (LogUtils.java:warn(134)) - 4ccef42d-128e-4eed-9e45-8d297f7adfc0@group-D0755ABA686A->5d9d256b-54cf-4856-8c87-6034b73b04bd-AppendLogResponseHandler: Failed appendEntries: org.apache.ratis.thirdparty.io.grpc.StatusRuntimeException: UNAVAILABLE: io exception
2019-11-13 20:20:43,828 [grpc-default-executor-0] INFO  impl.FollowerInfo (FollowerInfo.java:lambda$new$0(51)) - 4ccef42d-128e-4eed-9e45-8d297f7adfc0@group-D0755ABA686A->5d9d256b-54cf-4856-8c87-6034b73b04bd: nextIndex: updateUnconditionally 0 -> 0
2019-11-13 20:20:43,852 [grpc-default-executor-3] WARN  server.GrpcLogAppender (LogUtils.java:warn(134)) - 57e4e4f3-95e6-4ba3-b7c4-7652bb100830@group-3CC11B5AB53E->b0735163-16b4-4eff-936d-5712c77b458f-AppendLogResponseHandler: Failed appendEntries: org.apache.ratis.thirdparty.io.grpc.StatusRuntimeException: UNAVAILABLE: io exception
2019-11-13 20:20:43,852 [grpc-default-executor-3] INFO  impl.FollowerInfo (FollowerInfo.java:lambda$new$0(51)) - 57e4e4f3-95e6-4ba3-b7c4-7652bb100830@group-3CC11B5AB53E->b0735163-16b4-4eff-936d-5712c77b458f: nextIndex: updateUnconditionally 0 -> 0
2019-11-13 20:20:44,126 [Thread-4578] INFO  impl.FollowerState (FollowerState.java:run(111)) - 7a884130-6d50-4d25-81cf-a815cb8b077e@group-66711409C4AC-FollowerState: change to CANDIDATE, lastRpcTime:1151ms, electionTimeout:1151ms
2019-11-13 20:20:44,126 [Thread-4578] INFO  impl.RoleInfo (RoleInfo.java:shutdownFollowerState(121)) - 7a884130-6d50-4d25-81cf-a815cb8b077e: shutdown FollowerState
2019-11-13 20:20:44,126 [Thread-4578] INFO  impl.RaftServerImpl (RaftServerImpl.java:setRole(173)) - 7a884130-6d50-4d25-81cf-a815cb8b077e@group-66711409C4AC: changes role from  FOLLOWER to CANDIDATE at term 3 for changeToCandidate
2019-11-13 20:20:44,127 [Thread-4578] INFO  impl.RoleInfo (RoleInfo.java:updateAndGet(143)) - 7a884130-6d50-4d25-81cf-a815cb8b077e: start LeaderElection
2019-11-13 20:20:44,142 [7a884130-6d50-4d25-81cf-a815cb8b077e@group-66711409C4AC-LeaderElection217] INFO  impl.LeaderElection (LeaderElection.java:askForVotes(178)) - 7a884130-6d50-4d25-81cf-a815cb8b077e@group-66711409C4AC-LeaderElection217: begin an election at term 4 for 1: [7a884130-6d50-4d25-81cf-a815cb8b077e:192.168.164.208:33820, dc33d614-f8fc-4160-b742-6654ea8e560b:192.168.164.208:36418, f80e2e38-60f5-4e79-8b9a-ced9a5a7a91b:192.168.164.208:39508], old=null
2019-11-13 20:20:44,143 [7a884130-6d50-4d25-81cf-a815cb8b077e@group-66711409C4AC-LeaderElection217] INFO  impl.LeaderElection (LogUtils.java:infoOrTrace(149)) - 7a884130-6d50-4d25-81cf-a815cb8b077e@group-66711409C4AC-LeaderElection217 got exception when requesting votes: {}
java.util.concurrent.ExecutionException: org.apache.ratis.thirdparty.io.grpc.StatusRuntimeException: UNAVAILABLE: io exception
	at java.util.concurrent.FutureTask.report(FutureTask.java:122)
	at java.util.concurrent.FutureTask.get(FutureTask.java:192)
	at org.apache.ratis.server.impl.LeaderElection.waitForResults(LeaderElection.java:259)
	at org.apache.ratis.server.impl.LeaderElection.askForVotes(LeaderElection.java:197)
	at org.apache.ratis.server.impl.LeaderElection.run(LeaderElection.java:133)
	at java.lang.Thread.run(Thread.java:748)
Caused by: org.apache.ratis.thirdparty.io.grpc.StatusRuntimeException: UNAVAILABLE: io exception
	at org.apache.ratis.thirdparty.io.grpc.stub.ClientCalls.toStatusRuntimeException(ClientCalls.java:233)
	at org.apache.ratis.thirdparty.io.grpc.stub.ClientCalls.getUnchecked(ClientCalls.java:214)
	at org.apache.ratis.thirdparty.io.grpc.stub.ClientCalls.blockingUnaryCall(ClientCalls.java:139)
	at org.apache.ratis.proto.grpc.RaftServerProtocolServiceGrpc$RaftServerProtocolServiceBlockingStub.requestVote(RaftServerProtocolServiceGrpc.java:265)
	at org.apache.ratis.grpc.server.GrpcServerProtocolClient.requestVote(GrpcServerProtocolClient.java:99)
	at org.apache.ratis.grpc.server.GrpcService.requestVote(GrpcService.java:204)
	at org.apache.ratis.server.impl.LeaderElection.lambda$submitRequests$1(LeaderElection.java:234)
	at java.util.concurrent.FutureTask.run(FutureTask.java:266)
	at java.util.concurrent.Executors$RunnableAdapter.call(Executors.java:511)
	at java.util.concurrent.FutureTask.run(FutureTask.java:266)
	at java.util.concurrent.ThreadPoolExecutor.runWorker(ThreadPoolExecutor.java:1149)
	at java.util.concurrent.ThreadPoolExecutor$Worker.run(ThreadPoolExecutor.java:624)
	... 1 more
Caused by: org.apache.ratis.thirdparty.io.netty.channel.AbstractChannel$AnnotatedConnectException: Connection refused: /192.168.164.208:36418
	at sun.nio.ch.SocketChannelImpl.checkConnect(Native Method)
	at sun.nio.ch.SocketChannelImpl.finishConnect(SocketChannelImpl.java:717)
	at org.apache.ratis.thirdparty.io.netty.channel.socket.nio.NioSocketChannel.doFinishConnect(NioSocketChannel.java:327)
	at org.apache.ratis.thirdparty.io.netty.channel.nio.AbstractNioChannel$AbstractNioUnsafe.finishConnect(AbstractNioChannel.java:340)
	at org.apache.ratis.thirdparty.io.netty.channel.nio.NioEventLoop.processSelectedKey(NioEventLoop.java:632)
	at org.apache.ratis.thirdparty.io.netty.channel.nio.NioEventLoop.processSelectedKeysOptimized(NioEventLoop.java:579)
	at org.apache.ratis.thirdparty.io.netty.channel.nio.NioEventLoop.processSelectedKeys(NioEventLoop.java:496)
	at org.apache.ratis.thirdparty.io.netty.channel.nio.NioEventLoop.run(NioEventLoop.java:458)
	at org.apache.ratis.thirdparty.io.netty.util.concurrent.SingleThreadEventExecutor$5.run(SingleThreadEventExecutor.java:897)
	at org.apache.ratis.thirdparty.io.netty.util.concurrent.FastThreadLocalRunnable.run(FastThreadLocalRunnable.java:30)
	... 1 more
Caused by: java.net.ConnectException: Connection refused
	... 11 more
2019-11-13 20:20:44,144 [7a884130-6d50-4d25-81cf-a815cb8b077e@group-66711409C4AC-LeaderElection217] INFO  impl.LeaderElection (LogUtils.java:infoOrTrace(149)) - 7a884130-6d50-4d25-81cf-a815cb8b077e@group-66711409C4AC-LeaderElection217 got exception when requesting votes: {}
java.util.concurrent.ExecutionException: org.apache.ratis.thirdparty.io.grpc.StatusRuntimeException: UNAVAILABLE: io exception
	at java.util.concurrent.FutureTask.report(FutureTask.java:122)
	at java.util.concurrent.FutureTask.get(FutureTask.java:192)
	at org.apache.ratis.server.impl.LeaderElection.waitForResults(LeaderElection.java:259)
	at org.apache.ratis.server.impl.LeaderElection.askForVotes(LeaderElection.java:197)
	at org.apache.ratis.server.impl.LeaderElection.run(LeaderElection.java:133)
	at java.lang.Thread.run(Thread.java:748)
Caused by: org.apache.ratis.thirdparty.io.grpc.StatusRuntimeException: UNAVAILABLE: io exception
	at org.apache.ratis.thirdparty.io.grpc.stub.ClientCalls.toStatusRuntimeException(ClientCalls.java:233)
	at org.apache.ratis.thirdparty.io.grpc.stub.ClientCalls.getUnchecked(ClientCalls.java:214)
	at org.apache.ratis.thirdparty.io.grpc.stub.ClientCalls.blockingUnaryCall(ClientCalls.java:139)
	at org.apache.ratis.proto.grpc.RaftServerProtocolServiceGrpc$RaftServerProtocolServiceBlockingStub.requestVote(RaftServerProtocolServiceGrpc.java:265)
	at org.apache.ratis.grpc.server.GrpcServerProtocolClient.requestVote(GrpcServerProtocolClient.java:99)
	at org.apache.ratis.grpc.server.GrpcService.requestVote(GrpcService.java:204)
	at org.apache.ratis.server.impl.LeaderElection.lambda$submitRequests$1(LeaderElection.java:234)
	at java.util.concurrent.FutureTask.run(FutureTask.java:266)
	at java.util.concurrent.Executors$RunnableAdapter.call(Executors.java:511)
	at java.util.concurrent.FutureTask.run(FutureTask.java:266)
	at java.util.concurrent.ThreadPoolExecutor.runWorker(ThreadPoolExecutor.java:1149)
	at java.util.concurrent.ThreadPoolExecutor$Worker.run(ThreadPoolExecutor.java:624)
	... 1 more
Caused by: org.apache.ratis.thirdparty.io.netty.channel.AbstractChannel$AnnotatedConnectException: Connection refused: /192.168.164.208:39508
	at sun.nio.ch.SocketChannelImpl.checkConnect(Native Method)
	at sun.nio.ch.SocketChannelImpl.finishConnect(SocketChannelImpl.java:717)
	at org.apache.ratis.thirdparty.io.netty.channel.socket.nio.NioSocketChannel.doFinishConnect(NioSocketChannel.java:327)
	at org.apache.ratis.thirdparty.io.netty.channel.nio.AbstractNioChannel$AbstractNioUnsafe.finishConnect(AbstractNioChannel.java:340)
	at org.apache.ratis.thirdparty.io.netty.channel.nio.NioEventLoop.processSelectedKey(NioEventLoop.java:632)
	at org.apache.ratis.thirdparty.io.netty.channel.nio.NioEventLoop.processSelectedKeysOptimized(NioEventLoop.java:579)
	at org.apache.ratis.thirdparty.io.netty.channel.nio.NioEventLoop.processSelectedKeys(NioEventLoop.java:496)
	at org.apache.ratis.thirdparty.io.netty.channel.nio.NioEventLoop.run(NioEventLoop.java:458)
	at org.apache.ratis.thirdparty.io.netty.util.concurrent.SingleThreadEventExecutor$5.run(SingleThreadEventExecutor.java:897)
	at org.apache.ratis.thirdparty.io.netty.util.concurrent.FastThreadLocalRunnable.run(FastThreadLocalRunnable.java:30)
	... 1 more
Caused by: java.net.ConnectException: Connection refused
	... 11 more
2019-11-13 20:20:44,145 [7a884130-6d50-4d25-81cf-a815cb8b077e@group-66711409C4AC-LeaderElection217] INFO  impl.LeaderElection (LeaderElection.java:logAndReturn(56)) - 7a884130-6d50-4d25-81cf-a815cb8b077e@group-66711409C4AC-LeaderElection217: Election REJECTED; received 0 response(s) [] and 2 exception(s); 7a884130-6d50-4d25-81cf-a815cb8b077e@group-66711409C4AC:t4, leader=null, voted=7a884130-6d50-4d25-81cf-a815cb8b077e, raftlog=7a884130-6d50-4d25-81cf-a815cb8b077e@group-66711409C4AC-SegmentedRaftLog:OPENED:c2,f2,i2, conf=1: [7a884130-6d50-4d25-81cf-a815cb8b077e:192.168.164.208:33820, dc33d614-f8fc-4160-b742-6654ea8e560b:192.168.164.208:36418, f80e2e38-60f5-4e79-8b9a-ced9a5a7a91b:192.168.164.208:39508], old=null
2019-11-13 20:20:44,145 [7a884130-6d50-4d25-81cf-a815cb8b077e@group-66711409C4AC-LeaderElection217] INFO  impl.LeaderElection (LogUtils.java:infoOrTrace(149)) -   Exception 0: {}
java.util.concurrent.ExecutionException: org.apache.ratis.thirdparty.io.grpc.StatusRuntimeException: UNAVAILABLE: io exception
	at java.util.concurrent.FutureTask.report(FutureTask.java:122)
	at java.util.concurrent.FutureTask.get(FutureTask.java:192)
	at org.apache.ratis.server.impl.LeaderElection.waitForResults(LeaderElection.java:259)
	at org.apache.ratis.server.impl.LeaderElection.askForVotes(LeaderElection.java:197)
	at org.apache.ratis.server.impl.LeaderElection.run(LeaderElection.java:133)
	at java.lang.Thread.run(Thread.java:748)
Caused by: org.apache.ratis.thirdparty.io.grpc.StatusRuntimeException: UNAVAILABLE: io exception
	at org.apache.ratis.thirdparty.io.grpc.stub.ClientCalls.toStatusRuntimeException(ClientCalls.java:233)
	at org.apache.ratis.thirdparty.io.grpc.stub.ClientCalls.getUnchecked(ClientCalls.java:214)
	at org.apache.ratis.thirdparty.io.grpc.stub.ClientCalls.blockingUnaryCall(ClientCalls.java:139)
	at org.apache.ratis.proto.grpc.RaftServerProtocolServiceGrpc$RaftServerProtocolServiceBlockingStub.requestVote(RaftServerProtocolServiceGrpc.java:265)
	at org.apache.ratis.grpc.server.GrpcServerProtocolClient.requestVote(GrpcServerProtocolClient.java:99)
	at org.apache.ratis.grpc.server.GrpcService.requestVote(GrpcService.java:204)
	at org.apache.ratis.server.impl.LeaderElection.lambda$submitRequests$1(LeaderElection.java:234)
	at java.util.concurrent.FutureTask.run(FutureTask.java:266)
	at java.util.concurrent.Executors$RunnableAdapter.call(Executors.java:511)
	at java.util.concurrent.FutureTask.run(FutureTask.java:266)
	at java.util.concurrent.ThreadPoolExecutor.runWorker(ThreadPoolExecutor.java:1149)
	at java.util.concurrent.ThreadPoolExecutor$Worker.run(ThreadPoolExecutor.java:624)
	... 1 more
Caused by: org.apache.ratis.thirdparty.io.netty.channel.AbstractChannel$AnnotatedConnectException: Connection refused: /192.168.164.208:36418
	at sun.nio.ch.SocketChannelImpl.checkConnect(Native Method)
	at sun.nio.ch.SocketChannelImpl.finishConnect(SocketChannelImpl.java:717)
	at org.apache.ratis.thirdparty.io.netty.channel.socket.nio.NioSocketChannel.doFinishConnect(NioSocketChannel.java:327)
	at org.apache.ratis.thirdparty.io.netty.channel.nio.AbstractNioChannel$AbstractNioUnsafe.finishConnect(AbstractNioChannel.java:340)
	at org.apache.ratis.thirdparty.io.netty.channel.nio.NioEventLoop.processSelectedKey(NioEventLoop.java:632)
	at org.apache.ratis.thirdparty.io.netty.channel.nio.NioEventLoop.processSelectedKeysOptimized(NioEventLoop.java:579)
	at org.apache.ratis.thirdparty.io.netty.channel.nio.NioEventLoop.processSelectedKeys(NioEventLoop.java:496)
	at org.apache.ratis.thirdparty.io.netty.channel.nio.NioEventLoop.run(NioEventLoop.java:458)
	at org.apache.ratis.thirdparty.io.netty.util.concurrent.SingleThreadEventExecutor$5.run(SingleThreadEventExecutor.java:897)
	at org.apache.ratis.thirdparty.io.netty.util.concurrent.FastThreadLocalRunnable.run(FastThreadLocalRunnable.java:30)
	... 1 more
Caused by: java.net.ConnectException: Connection refused
	... 11 more
2019-11-13 20:20:44,145 [7a884130-6d50-4d25-81cf-a815cb8b077e@group-66711409C4AC-LeaderElection217] INFO  impl.LeaderElection (LogUtils.java:infoOrTrace(149)) -   Exception 1: {}
java.util.concurrent.ExecutionException: org.apache.ratis.thirdparty.io.grpc.StatusRuntimeException: UNAVAILABLE: io exception
	at java.util.concurrent.FutureTask.report(FutureTask.java:122)
	at java.util.concurrent.FutureTask.get(FutureTask.java:192)
	at org.apache.ratis.server.impl.LeaderElection.waitForResults(LeaderElection.java:259)
	at org.apache.ratis.server.impl.LeaderElection.askForVotes(LeaderElection.java:197)
	at org.apache.ratis.server.impl.LeaderElection.run(LeaderElection.java:133)
	at java.lang.Thread.run(Thread.java:748)
Caused by: org.apache.ratis.thirdparty.io.grpc.StatusRuntimeException: UNAVAILABLE: io exception
	at org.apache.ratis.thirdparty.io.grpc.stub.ClientCalls.toStatusRuntimeException(ClientCalls.java:233)
	at org.apache.ratis.thirdparty.io.grpc.stub.ClientCalls.getUnchecked(ClientCalls.java:214)
	at org.apache.ratis.thirdparty.io.grpc.stub.ClientCalls.blockingUnaryCall(ClientCalls.java:139)
	at org.apache.ratis.proto.grpc.RaftServerProtocolServiceGrpc$RaftServerProtocolServiceBlockingStub.requestVote(RaftServerProtocolServiceGrpc.java:265)
	at org.apache.ratis.grpc.server.GrpcServerProtocolClient.requestVote(GrpcServerProtocolClient.java:99)
	at org.apache.ratis.grpc.server.GrpcService.requestVote(GrpcService.java:204)
	at org.apache.ratis.server.impl.LeaderElection.lambda$submitRequests$1(LeaderElection.java:234)
	at java.util.concurrent.FutureTask.run(FutureTask.java:266)
	at java.util.concurrent.Executors$RunnableAdapter.call(Executors.java:511)
	at java.util.concurrent.FutureTask.run(FutureTask.java:266)
	at java.util.concurrent.ThreadPoolExecutor.runWorker(ThreadPoolExecutor.java:1149)
	at java.util.concurrent.ThreadPoolExecutor$Worker.run(ThreadPoolExecutor.java:624)
	... 1 more
Caused by: org.apache.ratis.thirdparty.io.netty.channel.AbstractChannel$AnnotatedConnectException: Connection refused: /192.168.164.208:39508
	at sun.nio.ch.SocketChannelImpl.checkConnect(Native Method)
	at sun.nio.ch.SocketChannelImpl.finishConnect(SocketChannelImpl.java:717)
	at org.apache.ratis.thirdparty.io.netty.channel.socket.nio.NioSocketChannel.doFinishConnect(NioSocketChannel.java:327)
	at org.apache.ratis.thirdparty.io.netty.channel.nio.AbstractNioChannel$AbstractNioUnsafe.finishConnect(AbstractNioChannel.java:340)
	at org.apache.ratis.thirdparty.io.netty.channel.nio.NioEventLoop.processSelectedKey(NioEventLoop.java:632)
	at org.apache.ratis.thirdparty.io.netty.channel.nio.NioEventLoop.processSelectedKeysOptimized(NioEventLoop.java:579)
	at org.apache.ratis.thirdparty.io.netty.channel.nio.NioEventLoop.processSelectedKeys(NioEventLoop.java:496)
	at org.apache.ratis.thirdparty.io.netty.channel.nio.NioEventLoop.run(NioEventLoop.java:458)
	at org.apache.ratis.thirdparty.io.netty.util.concurrent.SingleThreadEventExecutor$5.run(SingleThreadEventExecutor.java:897)
	at org.apache.ratis.thirdparty.io.netty.util.concurrent.FastThreadLocalRunnable.run(FastThreadLocalRunnable.java:30)
	... 1 more
Caused by: java.net.ConnectException: Connection refused
	... 11 more
2019-11-13 20:20:44,145 [7a884130-6d50-4d25-81cf-a815cb8b077e@group-66711409C4AC-LeaderElection217] INFO  impl.RaftServerImpl (RaftServerImpl.java:setRole(173)) - 7a884130-6d50-4d25-81cf-a815cb8b077e@group-66711409C4AC: changes role from CANDIDATE to FOLLOWER at term 4 for DISCOVERED_A_NEW_TERM
2019-11-13 20:20:44,146 [7a884130-6d50-4d25-81cf-a815cb8b077e@group-66711409C4AC-LeaderElection217] INFO  impl.RoleInfo (RoleInfo.java:shutdownLeaderElection(134)) - 7a884130-6d50-4d25-81cf-a815cb8b077e: shutdown LeaderElection
2019-11-13 20:20:44,146 [7a884130-6d50-4d25-81cf-a815cb8b077e@group-66711409C4AC-LeaderElection217] INFO  impl.RoleInfo (RoleInfo.java:updateAndGet(143)) - 7a884130-6d50-4d25-81cf-a815cb8b077e: start FollowerState
2019-11-13 20:20:44,302 [grpc-default-executor-3] WARN  server.GrpcLogAppender (LogUtils.java:warn(134)) - 4ccef42d-128e-4eed-9e45-8d297f7adfc0@group-D0755ABA686A->52541eb8-c0db-4941-8ea5-4f6f65566359-AppendLogResponseHandler: Failed appendEntries: org.apache.ratis.thirdparty.io.grpc.StatusRuntimeException: UNAVAILABLE: io exception
2019-11-13 20:20:44,302 [grpc-default-executor-3] INFO  impl.FollowerInfo (FollowerInfo.java:lambda$new$0(51)) - 4ccef42d-128e-4eed-9e45-8d297f7adfc0@group-D0755ABA686A->52541eb8-c0db-4941-8ea5-4f6f65566359: nextIndex: updateUnconditionally 0 -> 0
2019-11-13 20:20:44,328 [grpc-default-executor-7] WARN  server.GrpcLogAppender (LogUtils.java:warn(134)) - 4ccef42d-128e-4eed-9e45-8d297f7adfc0@group-D0755ABA686A->5d9d256b-54cf-4856-8c87-6034b73b04bd-AppendLogResponseHandler: Failed appendEntries: org.apache.ratis.thirdparty.io.grpc.StatusRuntimeException: UNAVAILABLE: io exception
2019-11-13 20:20:44,328 [grpc-default-executor-7] INFO  impl.FollowerInfo (FollowerInfo.java:lambda$new$0(51)) - 4ccef42d-128e-4eed-9e45-8d297f7adfc0@group-D0755ABA686A->5d9d256b-54cf-4856-8c87-6034b73b04bd: nextIndex: updateUnconditionally 0 -> 0
2019-11-13 20:20:44,352 [grpc-default-executor-0] WARN  server.GrpcLogAppender (LogUtils.java:warn(134)) - 57e4e4f3-95e6-4ba3-b7c4-7652bb100830@group-3CC11B5AB53E->b0735163-16b4-4eff-936d-5712c77b458f-AppendLogResponseHandler: Failed appendEntries: org.apache.ratis.thirdparty.io.grpc.StatusRuntimeException: UNAVAILABLE: io exception
2019-11-13 20:20:44,352 [grpc-default-executor-0] INFO  impl.FollowerInfo (FollowerInfo.java:lambda$new$0(51)) - 57e4e4f3-95e6-4ba3-b7c4-7652bb100830@group-3CC11B5AB53E->b0735163-16b4-4eff-936d-5712c77b458f: nextIndex: updateUnconditionally 0 -> 0
2019-11-13 20:20:44,802 [grpc-default-executor-0] WARN  server.GrpcLogAppender (LogUtils.java:warn(134)) - 4ccef42d-128e-4eed-9e45-8d297f7adfc0@group-D0755ABA686A->52541eb8-c0db-4941-8ea5-4f6f65566359-AppendLogResponseHandler: Failed appendEntries: org.apache.ratis.thirdparty.io.grpc.StatusRuntimeException: UNAVAILABLE: io exception
2019-11-13 20:20:44,803 [grpc-default-executor-0] INFO  impl.FollowerInfo (FollowerInfo.java:lambda$new$0(51)) - 4ccef42d-128e-4eed-9e45-8d297f7adfc0@group-D0755ABA686A->52541eb8-c0db-4941-8ea5-4f6f65566359: nextIndex: updateUnconditionally 0 -> 0
2019-11-13 20:20:44,829 [grpc-default-executor-3] WARN  server.GrpcLogAppender (LogUtils.java:warn(134)) - 4ccef42d-128e-4eed-9e45-8d297f7adfc0@group-D0755ABA686A->5d9d256b-54cf-4856-8c87-6034b73b04bd-AppendLogResponseHandler: Failed appendEntries: org.apache.ratis.thirdparty.io.grpc.StatusRuntimeException: UNAVAILABLE: io exception
2019-11-13 20:20:44,829 [grpc-default-executor-3] INFO  impl.FollowerInfo (FollowerInfo.java:lambda$new$0(51)) - 4ccef42d-128e-4eed-9e45-8d297f7adfc0@group-D0755ABA686A->5d9d256b-54cf-4856-8c87-6034b73b04bd: nextIndex: updateUnconditionally 0 -> 0
2019-11-13 20:20:44,852 [grpc-default-executor-7] WARN  server.GrpcLogAppender (LogUtils.java:warn(134)) - 57e4e4f3-95e6-4ba3-b7c4-7652bb100830@group-3CC11B5AB53E->b0735163-16b4-4eff-936d-5712c77b458f-AppendLogResponseHandler: Failed appendEntries: org.apache.ratis.thirdparty.io.grpc.StatusRuntimeException: UNAVAILABLE: io exception
2019-11-13 20:20:44,853 [grpc-default-executor-7] INFO  impl.FollowerInfo (FollowerInfo.java:lambda$new$0(51)) - 57e4e4f3-95e6-4ba3-b7c4-7652bb100830@group-3CC11B5AB53E->b0735163-16b4-4eff-936d-5712c77b458f: nextIndex: updateUnconditionally 0 -> 0
2019-11-13 20:20:45,179 [Thread-4584] INFO  impl.FollowerState (FollowerState.java:run(111)) - 7a884130-6d50-4d25-81cf-a815cb8b077e@group-66711409C4AC-FollowerState: change to CANDIDATE, lastRpcTime:1033ms, electionTimeout:1033ms
2019-11-13 20:20:45,179 [Thread-4584] INFO  impl.RoleInfo (RoleInfo.java:shutdownFollowerState(121)) - 7a884130-6d50-4d25-81cf-a815cb8b077e: shutdown FollowerState
2019-11-13 20:20:45,180 [Thread-4584] INFO  impl.RaftServerImpl (RaftServerImpl.java:setRole(173)) - 7a884130-6d50-4d25-81cf-a815cb8b077e@group-66711409C4AC: changes role from  FOLLOWER to CANDIDATE at term 4 for changeToCandidate
2019-11-13 20:20:45,180 [Thread-4584] INFO  impl.RoleInfo (RoleInfo.java:updateAndGet(143)) - 7a884130-6d50-4d25-81cf-a815cb8b077e: start LeaderElection
2019-11-13 20:20:45,193 [7a884130-6d50-4d25-81cf-a815cb8b077e@group-66711409C4AC-LeaderElection218] INFO  impl.LeaderElection (LeaderElection.java:askForVotes(178)) - 7a884130-6d50-4d25-81cf-a815cb8b077e@group-66711409C4AC-LeaderElection218: begin an election at term 5 for 1: [7a884130-6d50-4d25-81cf-a815cb8b077e:192.168.164.208:33820, dc33d614-f8fc-4160-b742-6654ea8e560b:192.168.164.208:36418, f80e2e38-60f5-4e79-8b9a-ced9a5a7a91b:192.168.164.208:39508], old=null
2019-11-13 20:20:45,194 [7a884130-6d50-4d25-81cf-a815cb8b077e@group-66711409C4AC-LeaderElection218] INFO  impl.LeaderElection (LogUtils.java:infoOrTrace(149)) - 7a884130-6d50-4d25-81cf-a815cb8b077e@group-66711409C4AC-LeaderElection218 got exception when requesting votes: {}
java.util.concurrent.ExecutionException: org.apache.ratis.thirdparty.io.grpc.StatusRuntimeException: UNAVAILABLE: io exception
	at java.util.concurrent.FutureTask.report(FutureTask.java:122)
	at java.util.concurrent.FutureTask.get(FutureTask.java:192)
	at org.apache.ratis.server.impl.LeaderElection.waitForResults(LeaderElection.java:259)
	at org.apache.ratis.server.impl.LeaderElection.askForVotes(LeaderElection.java:197)
	at org.apache.ratis.server.impl.LeaderElection.run(LeaderElection.java:133)
	at java.lang.Thread.run(Thread.java:748)
Caused by: org.apache.ratis.thirdparty.io.grpc.StatusRuntimeException: UNAVAILABLE: io exception
	at org.apache.ratis.thirdparty.io.grpc.stub.ClientCalls.toStatusRuntimeException(ClientCalls.java:233)
	at org.apache.ratis.thirdparty.io.grpc.stub.ClientCalls.getUnchecked(ClientCalls.java:214)
	at org.apache.ratis.thirdparty.io.grpc.stub.ClientCalls.blockingUnaryCall(ClientCalls.java:139)
	at org.apache.ratis.proto.grpc.RaftServerProtocolServiceGrpc$RaftServerProtocolServiceBlockingStub.requestVote(RaftServerProtocolServiceGrpc.java:265)
	at org.apache.ratis.grpc.server.GrpcServerProtocolClient.requestVote(GrpcServerProtocolClient.java:99)
	at org.apache.ratis.grpc.server.GrpcService.requestVote(GrpcService.java:204)
	at org.apache.ratis.server.impl.LeaderElection.lambda$submitRequests$1(LeaderElection.java:234)
	at java.util.concurrent.FutureTask.run(FutureTask.java:266)
	at java.util.concurrent.Executors$RunnableAdapter.call(Executors.java:511)
	at java.util.concurrent.FutureTask.run(FutureTask.java:266)
	at java.util.concurrent.ThreadPoolExecutor.runWorker(ThreadPoolExecutor.java:1149)
	at java.util.concurrent.ThreadPoolExecutor$Worker.run(ThreadPoolExecutor.java:624)
	... 1 more
Caused by: org.apache.ratis.thirdparty.io.netty.channel.AbstractChannel$AnnotatedConnectException: Connection refused: /192.168.164.208:36418
	at sun.nio.ch.SocketChannelImpl.checkConnect(Native Method)
	at sun.nio.ch.SocketChannelImpl.finishConnect(SocketChannelImpl.java:717)
	at org.apache.ratis.thirdparty.io.netty.channel.socket.nio.NioSocketChannel.doFinishConnect(NioSocketChannel.java:327)
	at org.apache.ratis.thirdparty.io.netty.channel.nio.AbstractNioChannel$AbstractNioUnsafe.finishConnect(AbstractNioChannel.java:340)
	at org.apache.ratis.thirdparty.io.netty.channel.nio.NioEventLoop.processSelectedKey(NioEventLoop.java:632)
	at org.apache.ratis.thirdparty.io.netty.channel.nio.NioEventLoop.processSelectedKeysOptimized(NioEventLoop.java:579)
	at org.apache.ratis.thirdparty.io.netty.channel.nio.NioEventLoop.processSelectedKeys(NioEventLoop.java:496)
	at org.apache.ratis.thirdparty.io.netty.channel.nio.NioEventLoop.run(NioEventLoop.java:458)
	at org.apache.ratis.thirdparty.io.netty.util.concurrent.SingleThreadEventExecutor$5.run(SingleThreadEventExecutor.java:897)
	at org.apache.ratis.thirdparty.io.netty.util.concurrent.FastThreadLocalRunnable.run(FastThreadLocalRunnable.java:30)
	... 1 more
Caused by: java.net.ConnectException: Connection refused
	... 11 more
2019-11-13 20:20:45,195 [7a884130-6d50-4d25-81cf-a815cb8b077e@group-66711409C4AC-LeaderElection218] INFO  impl.LeaderElection (LogUtils.java:infoOrTrace(149)) - 7a884130-6d50-4d25-81cf-a815cb8b077e@group-66711409C4AC-LeaderElection218 got exception when requesting votes: {}
java.util.concurrent.ExecutionException: org.apache.ratis.thirdparty.io.grpc.StatusRuntimeException: UNAVAILABLE: io exception
	at java.util.concurrent.FutureTask.report(FutureTask.java:122)
	at java.util.concurrent.FutureTask.get(FutureTask.java:192)
	at org.apache.ratis.server.impl.LeaderElection.waitForResults(LeaderElection.java:259)
	at org.apache.ratis.server.impl.LeaderElection.askForVotes(LeaderElection.java:197)
	at org.apache.ratis.server.impl.LeaderElection.run(LeaderElection.java:133)
	at java.lang.Thread.run(Thread.java:748)
Caused by: org.apache.ratis.thirdparty.io.grpc.StatusRuntimeException: UNAVAILABLE: io exception
	at org.apache.ratis.thirdparty.io.grpc.stub.ClientCalls.toStatusRuntimeException(ClientCalls.java:233)
	at org.apache.ratis.thirdparty.io.grpc.stub.ClientCalls.getUnchecked(ClientCalls.java:214)
	at org.apache.ratis.thirdparty.io.grpc.stub.ClientCalls.blockingUnaryCall(ClientCalls.java:139)
	at org.apache.ratis.proto.grpc.RaftServerProtocolServiceGrpc$RaftServerProtocolServiceBlockingStub.requestVote(RaftServerProtocolServiceGrpc.java:265)
	at org.apache.ratis.grpc.server.GrpcServerProtocolClient.requestVote(GrpcServerProtocolClient.java:99)
	at org.apache.ratis.grpc.server.GrpcService.requestVote(GrpcService.java:204)
	at org.apache.ratis.server.impl.LeaderElection.lambda$submitRequests$1(LeaderElection.java:234)
	at java.util.concurrent.FutureTask.run(FutureTask.java:266)
	at java.util.concurrent.Executors$RunnableAdapter.call(Executors.java:511)
	at java.util.concurrent.FutureTask.run(FutureTask.java:266)
	at java.util.concurrent.ThreadPoolExecutor.runWorker(ThreadPoolExecutor.java:1149)
	at java.util.concurrent.ThreadPoolExecutor$Worker.run(ThreadPoolExecutor.java:624)
	... 1 more
Caused by: org.apache.ratis.thirdparty.io.netty.channel.AbstractChannel$AnnotatedConnectException: Connection refused: /192.168.164.208:39508
	at sun.nio.ch.SocketChannelImpl.checkConnect(Native Method)
	at sun.nio.ch.SocketChannelImpl.finishConnect(SocketChannelImpl.java:717)
	at org.apache.ratis.thirdparty.io.netty.channel.socket.nio.NioSocketChannel.doFinishConnect(NioSocketChannel.java:327)
	at org.apache.ratis.thirdparty.io.netty.channel.nio.AbstractNioChannel$AbstractNioUnsafe.finishConnect(AbstractNioChannel.java:340)
	at org.apache.ratis.thirdparty.io.netty.channel.nio.NioEventLoop.processSelectedKey(NioEventLoop.java:632)
	at org.apache.ratis.thirdparty.io.netty.channel.nio.NioEventLoop.processSelectedKeysOptimized(NioEventLoop.java:579)
	at org.apache.ratis.thirdparty.io.netty.channel.nio.NioEventLoop.processSelectedKeys(NioEventLoop.java:496)
	at org.apache.ratis.thirdparty.io.netty.channel.nio.NioEventLoop.run(NioEventLoop.java:458)
	at org.apache.ratis.thirdparty.io.netty.util.concurrent.SingleThreadEventExecutor$5.run(SingleThreadEventExecutor.java:897)
	at org.apache.ratis.thirdparty.io.netty.util.concurrent.FastThreadLocalRunnable.run(FastThreadLocalRunnable.java:30)
	... 1 more
Caused by: java.net.ConnectException: Connection refused
	... 11 more
2019-11-13 20:20:45,195 [7a884130-6d50-4d25-81cf-a815cb8b077e@group-66711409C4AC-LeaderElection218] INFO  impl.LeaderElection (LeaderElection.java:logAndReturn(56)) - 7a884130-6d50-4d25-81cf-a815cb8b077e@group-66711409C4AC-LeaderElection218: Election REJECTED; received 0 response(s) [] and 2 exception(s); 7a884130-6d50-4d25-81cf-a815cb8b077e@group-66711409C4AC:t5, leader=null, voted=7a884130-6d50-4d25-81cf-a815cb8b077e, raftlog=7a884130-6d50-4d25-81cf-a815cb8b077e@group-66711409C4AC-SegmentedRaftLog:OPENED:c2,f2,i2, conf=1: [7a884130-6d50-4d25-81cf-a815cb8b077e:192.168.164.208:33820, dc33d614-f8fc-4160-b742-6654ea8e560b:192.168.164.208:36418, f80e2e38-60f5-4e79-8b9a-ced9a5a7a91b:192.168.164.208:39508], old=null
2019-11-13 20:20:45,195 [7a884130-6d50-4d25-81cf-a815cb8b077e@group-66711409C4AC-LeaderElection218] INFO  impl.LeaderElection (LogUtils.java:infoOrTrace(149)) -   Exception 0: {}
java.util.concurrent.ExecutionException: org.apache.ratis.thirdparty.io.grpc.StatusRuntimeException: UNAVAILABLE: io exception
	at java.util.concurrent.FutureTask.report(FutureTask.java:122)
	at java.util.concurrent.FutureTask.get(FutureTask.java:192)
	at org.apache.ratis.server.impl.LeaderElection.waitForResults(LeaderElection.java:259)
	at org.apache.ratis.server.impl.LeaderElection.askForVotes(LeaderElection.java:197)
	at org.apache.ratis.server.impl.LeaderElection.run(LeaderElection.java:133)
	at java.lang.Thread.run(Thread.java:748)
Caused by: org.apache.ratis.thirdparty.io.grpc.StatusRuntimeException: UNAVAILABLE: io exception
	at org.apache.ratis.thirdparty.io.grpc.stub.ClientCalls.toStatusRuntimeException(ClientCalls.java:233)
	at org.apache.ratis.thirdparty.io.grpc.stub.ClientCalls.getUnchecked(ClientCalls.java:214)
	at org.apache.ratis.thirdparty.io.grpc.stub.ClientCalls.blockingUnaryCall(ClientCalls.java:139)
	at org.apache.ratis.proto.grpc.RaftServerProtocolServiceGrpc$RaftServerProtocolServiceBlockingStub.requestVote(RaftServerProtocolServiceGrpc.java:265)
	at org.apache.ratis.grpc.server.GrpcServerProtocolClient.requestVote(GrpcServerProtocolClient.java:99)
	at org.apache.ratis.grpc.server.GrpcService.requestVote(GrpcService.java:204)
	at org.apache.ratis.server.impl.LeaderElection.lambda$submitRequests$1(LeaderElection.java:234)
	at java.util.concurrent.FutureTask.run(FutureTask.java:266)
	at java.util.concurrent.Executors$RunnableAdapter.call(Executors.java:511)
	at java.util.concurrent.FutureTask.run(FutureTask.java:266)
	at java.util.concurrent.ThreadPoolExecutor.runWorker(ThreadPoolExecutor.java:1149)
	at java.util.concurrent.ThreadPoolExecutor$Worker.run(ThreadPoolExecutor.java:624)
	... 1 more
Caused by: org.apache.ratis.thirdparty.io.netty.channel.AbstractChannel$AnnotatedConnectException: Connection refused: /192.168.164.208:36418
	at sun.nio.ch.SocketChannelImpl.checkConnect(Native Method)
	at sun.nio.ch.SocketChannelImpl.finishConnect(SocketChannelImpl.java:717)
	at org.apache.ratis.thirdparty.io.netty.channel.socket.nio.NioSocketChannel.doFinishConnect(NioSocketChannel.java:327)
	at org.apache.ratis.thirdparty.io.netty.channel.nio.AbstractNioChannel$AbstractNioUnsafe.finishConnect(AbstractNioChannel.java:340)
	at org.apache.ratis.thirdparty.io.netty.channel.nio.NioEventLoop.processSelectedKey(NioEventLoop.java:632)
	at org.apache.ratis.thirdparty.io.netty.channel.nio.NioEventLoop.processSelectedKeysOptimized(NioEventLoop.java:579)
	at org.apache.ratis.thirdparty.io.netty.channel.nio.NioEventLoop.processSelectedKeys(NioEventLoop.java:496)
	at org.apache.ratis.thirdparty.io.netty.channel.nio.NioEventLoop.run(NioEventLoop.java:458)
	at org.apache.ratis.thirdparty.io.netty.util.concurrent.SingleThreadEventExecutor$5.run(SingleThreadEventExecutor.java:897)
	at org.apache.ratis.thirdparty.io.netty.util.concurrent.FastThreadLocalRunnable.run(FastThreadLocalRunnable.java:30)
	... 1 more
Caused by: java.net.ConnectException: Connection refused
	... 11 more
2019-11-13 20:20:45,195 [7a884130-6d50-4d25-81cf-a815cb8b077e@group-66711409C4AC-LeaderElection218] INFO  impl.LeaderElection (LogUtils.java:infoOrTrace(149)) -   Exception 1: {}
java.util.concurrent.ExecutionException: org.apache.ratis.thirdparty.io.grpc.StatusRuntimeException: UNAVAILABLE: io exception
	at java.util.concurrent.FutureTask.report(FutureTask.java:122)
	at java.util.concurrent.FutureTask.get(FutureTask.java:192)
	at org.apache.ratis.server.impl.LeaderElection.waitForResults(LeaderElection.java:259)
	at org.apache.ratis.server.impl.LeaderElection.askForVotes(LeaderElection.java:197)
	at org.apache.ratis.server.impl.LeaderElection.run(LeaderElection.java:133)
	at java.lang.Thread.run(Thread.java:748)
Caused by: org.apache.ratis.thirdparty.io.grpc.StatusRuntimeException: UNAVAILABLE: io exception
	at org.apache.ratis.thirdparty.io.grpc.stub.ClientCalls.toStatusRuntimeException(ClientCalls.java:233)
	at org.apache.ratis.thirdparty.io.grpc.stub.ClientCalls.getUnchecked(ClientCalls.java:214)
	at org.apache.ratis.thirdparty.io.grpc.stub.ClientCalls.blockingUnaryCall(ClientCalls.java:139)
	at org.apache.ratis.proto.grpc.RaftServerProtocolServiceGrpc$RaftServerProtocolServiceBlockingStub.requestVote(RaftServerProtocolServiceGrpc.java:265)
	at org.apache.ratis.grpc.server.GrpcServerProtocolClient.requestVote(GrpcServerProtocolClient.java:99)
	at org.apache.ratis.grpc.server.GrpcService.requestVote(GrpcService.java:204)
	at org.apache.ratis.server.impl.LeaderElection.lambda$submitRequests$1(LeaderElection.java:234)
	at java.util.concurrent.FutureTask.run(FutureTask.java:266)
	at java.util.concurrent.Executors$RunnableAdapter.call(Executors.java:511)
	at java.util.concurrent.FutureTask.run(FutureTask.java:266)
	at java.util.concurrent.ThreadPoolExecutor.runWorker(ThreadPoolExecutor.java:1149)
	at java.util.concurrent.ThreadPoolExecutor$Worker.run(ThreadPoolExecutor.java:624)
	... 1 more
Caused by: org.apache.ratis.thirdparty.io.netty.channel.AbstractChannel$AnnotatedConnectException: Connection refused: /192.168.164.208:39508
	at sun.nio.ch.SocketChannelImpl.checkConnect(Native Method)
	at sun.nio.ch.SocketChannelImpl.finishConnect(SocketChannelImpl.java:717)
	at org.apache.ratis.thirdparty.io.netty.channel.socket.nio.NioSocketChannel.doFinishConnect(NioSocketChannel.java:327)
	at org.apache.ratis.thirdparty.io.netty.channel.nio.AbstractNioChannel$AbstractNioUnsafe.finishConnect(AbstractNioChannel.java:340)
	at org.apache.ratis.thirdparty.io.netty.channel.nio.NioEventLoop.processSelectedKey(NioEventLoop.java:632)
	at org.apache.ratis.thirdparty.io.netty.channel.nio.NioEventLoop.processSelectedKeysOptimized(NioEventLoop.java:579)
	at org.apache.ratis.thirdparty.io.netty.channel.nio.NioEventLoop.processSelectedKeys(NioEventLoop.java:496)
	at org.apache.ratis.thirdparty.io.netty.channel.nio.NioEventLoop.run(NioEventLoop.java:458)
	at org.apache.ratis.thirdparty.io.netty.util.concurrent.SingleThreadEventExecutor$5.run(SingleThreadEventExecutor.java:897)
	at org.apache.ratis.thirdparty.io.netty.util.concurrent.FastThreadLocalRunnable.run(FastThreadLocalRunnable.java:30)
	... 1 more
Caused by: java.net.ConnectException: Connection refused
	... 11 more
2019-11-13 20:20:45,196 [7a884130-6d50-4d25-81cf-a815cb8b077e@group-66711409C4AC-LeaderElection218] INFO  impl.RaftServerImpl (RaftServerImpl.java:setRole(173)) - 7a884130-6d50-4d25-81cf-a815cb8b077e@group-66711409C4AC: changes role from CANDIDATE to FOLLOWER at term 5 for DISCOVERED_A_NEW_TERM
2019-11-13 20:20:45,196 [7a884130-6d50-4d25-81cf-a815cb8b077e@group-66711409C4AC-LeaderElection218] INFO  impl.RoleInfo (RoleInfo.java:shutdownLeaderElection(134)) - 7a884130-6d50-4d25-81cf-a815cb8b077e: shutdown LeaderElection
2019-11-13 20:20:45,196 [7a884130-6d50-4d25-81cf-a815cb8b077e@group-66711409C4AC-LeaderElection218] INFO  impl.RoleInfo (RoleInfo.java:updateAndGet(143)) - 7a884130-6d50-4d25-81cf-a815cb8b077e: start FollowerState
2019-11-13 20:20:45,303 [grpc-default-executor-0] WARN  server.GrpcLogAppender (LogUtils.java:warn(134)) - 4ccef42d-128e-4eed-9e45-8d297f7adfc0@group-D0755ABA686A->52541eb8-c0db-4941-8ea5-4f6f65566359-AppendLogResponseHandler: Failed appendEntries: org.apache.ratis.thirdparty.io.grpc.StatusRuntimeException: UNAVAILABLE: io exception
2019-11-13 20:20:45,303 [grpc-default-executor-0] INFO  impl.FollowerInfo (FollowerInfo.java:lambda$new$0(51)) - 4ccef42d-128e-4eed-9e45-8d297f7adfc0@group-D0755ABA686A->52541eb8-c0db-4941-8ea5-4f6f65566359: nextIndex: updateUnconditionally 0 -> 0
2019-11-13 20:20:45,329 [grpc-default-executor-7] WARN  server.GrpcLogAppender (LogUtils.java:warn(134)) - 4ccef42d-128e-4eed-9e45-8d297f7adfc0@group-D0755ABA686A->5d9d256b-54cf-4856-8c87-6034b73b04bd-AppendLogResponseHandler: Failed appendEntries: org.apache.ratis.thirdparty.io.grpc.StatusRuntimeException: UNAVAILABLE: io exception
2019-11-13 20:20:45,329 [grpc-default-executor-7] INFO  impl.FollowerInfo (FollowerInfo.java:lambda$new$0(51)) - 4ccef42d-128e-4eed-9e45-8d297f7adfc0@group-D0755ABA686A->5d9d256b-54cf-4856-8c87-6034b73b04bd: nextIndex: updateUnconditionally 0 -> 0
2019-11-13 20:20:45,353 [grpc-default-executor-3] WARN  server.GrpcLogAppender (LogUtils.java:warn(134)) - 57e4e4f3-95e6-4ba3-b7c4-7652bb100830@group-3CC11B5AB53E->b0735163-16b4-4eff-936d-5712c77b458f-AppendLogResponseHandler: Failed appendEntries: org.apache.ratis.thirdparty.io.grpc.StatusRuntimeException: UNAVAILABLE: io exception
2019-11-13 20:20:45,353 [grpc-default-executor-3] INFO  impl.FollowerInfo (FollowerInfo.java:lambda$new$0(51)) - 57e4e4f3-95e6-4ba3-b7c4-7652bb100830@group-3CC11B5AB53E->b0735163-16b4-4eff-936d-5712c77b458f: nextIndex: updateUnconditionally 0 -> 0
2019-11-13 20:20:45,803 [grpc-default-executor-7] WARN  server.GrpcLogAppender (LogUtils.java:warn(134)) - 4ccef42d-128e-4eed-9e45-8d297f7adfc0@group-D0755ABA686A->52541eb8-c0db-4941-8ea5-4f6f65566359-AppendLogResponseHandler: Failed appendEntries: org.apache.ratis.thirdparty.io.grpc.StatusRuntimeException: UNAVAILABLE: io exception
2019-11-13 20:20:45,803 [grpc-default-executor-7] INFO  impl.FollowerInfo (FollowerInfo.java:lambda$new$0(51)) - 4ccef42d-128e-4eed-9e45-8d297f7adfc0@group-D0755ABA686A->52541eb8-c0db-4941-8ea5-4f6f65566359: nextIndex: updateUnconditionally 0 -> 0
2019-11-13 20:20:45,830 [grpc-default-executor-0] WARN  server.GrpcLogAppender (LogUtils.java:warn(134)) - 4ccef42d-128e-4eed-9e45-8d297f7adfc0@group-D0755ABA686A->5d9d256b-54cf-4856-8c87-6034b73b04bd-AppendLogResponseHandler: Failed appendEntries: org.apache.ratis.thirdparty.io.grpc.StatusRuntimeException: UNAVAILABLE: io exception
2019-11-13 20:20:45,830 [grpc-default-executor-0] INFO  impl.FollowerInfo (FollowerInfo.java:lambda$new$0(51)) - 4ccef42d-128e-4eed-9e45-8d297f7adfc0@group-D0755ABA686A->5d9d256b-54cf-4856-8c87-6034b73b04bd: nextIndex: updateUnconditionally 0 -> 0
2019-11-13 20:20:45,853 [grpc-default-executor-3] WARN  server.GrpcLogAppender (LogUtils.java:warn(134)) - 57e4e4f3-95e6-4ba3-b7c4-7652bb100830@group-3CC11B5AB53E->b0735163-16b4-4eff-936d-5712c77b458f-AppendLogResponseHandler: Failed appendEntries: org.apache.ratis.thirdparty.io.grpc.StatusRuntimeException: UNAVAILABLE: io exception
2019-11-13 20:20:45,853 [grpc-default-executor-3] INFO  impl.FollowerInfo (FollowerInfo.java:lambda$new$0(51)) - 57e4e4f3-95e6-4ba3-b7c4-7652bb100830@group-3CC11B5AB53E->b0735163-16b4-4eff-936d-5712c77b458f: nextIndex: updateUnconditionally 0 -> 0
2019-11-13 20:20:46,107 [main] INFO  ozoneimpl.OzoneContainer (OzoneContainer.java:stop(244)) - Attempting to stop container services.
2019-11-13 20:20:46,107 [ForkJoinPool.commonPool-worker-1] INFO  ozoneimpl.OzoneContainer (OzoneContainer.java:stop(244)) - Attempting to stop container services.
2019-11-13 20:20:46,110 [main] INFO  impl.RaftServerProxy (RaftServerProxy.java:lambda$close$4(314)) - ad900a72-65c6-4ee1-bf89-d32e01cfc372: close
2019-11-13 20:20:46,110 [ForkJoinPool.commonPool-worker-1] INFO  impl.RaftServerProxy (RaftServerProxy.java:lambda$close$4(314)) - 7a884130-6d50-4d25-81cf-a815cb8b077e: close
2019-11-13 20:20:46,110 [ForkJoinPool.commonPool-worker-1] INFO  impl.RaftServerImpl (RaftServerImpl.java:lambda$shutdown$3(250)) - 7a884130-6d50-4d25-81cf-a815cb8b077e@group-66711409C4AC: shutdown
2019-11-13 20:20:46,110 [main] INFO  impl.RaftServerImpl (RaftServerImpl.java:lambda$shutdown$3(250)) - ad900a72-65c6-4ee1-bf89-d32e01cfc372@group-F6EAD140F79B: shutdown
2019-11-13 20:20:46,111 [ForkJoinPool.commonPool-worker-1] INFO  util.JmxRegister (JmxRegister.java:unregister(73)) - Successfully un-registered JMX Bean with object name Ratis:service=RaftServer,group=group-66711409C4AC,id=7a884130-6d50-4d25-81cf-a815cb8b077e
2019-11-13 20:20:46,111 [main] INFO  util.JmxRegister (JmxRegister.java:unregister(73)) - Successfully un-registered JMX Bean with object name Ratis:service=RaftServer,group=group-F6EAD140F79B,id=ad900a72-65c6-4ee1-bf89-d32e01cfc372
2019-11-13 20:20:46,111 [ForkJoinPool.commonPool-worker-1] INFO  impl.RoleInfo (RoleInfo.java:shutdownFollowerState(121)) - 7a884130-6d50-4d25-81cf-a815cb8b077e: shutdown FollowerState
2019-11-13 20:20:46,111 [main] INFO  impl.RoleInfo (RoleInfo.java:shutdownLeaderState(104)) - ad900a72-65c6-4ee1-bf89-d32e01cfc372: shutdown LeaderState
2019-11-13 20:20:46,112 [Thread-4590] INFO  impl.FollowerState (FollowerState.java:run(120)) - 7a884130-6d50-4d25-81cf-a815cb8b077e@group-66711409C4AC-FollowerState was interrupted: java.lang.InterruptedException: sleep interrupted
2019-11-13 20:20:46,111 [ForkJoinPool.commonPool-worker-1] INFO  impl.StateMachineUpdater (StateMachineUpdater.java:stopAndJoin(136)) - 7a884130-6d50-4d25-81cf-a815cb8b077e@group-66711409C4AC-StateMachineUpdater: set stopIndex = 2
2019-11-13 20:20:46,112 [main] INFO  impl.PendingRequests (PendingRequests.java:sendNotLeaderResponses(206)) - ad900a72-65c6-4ee1-bf89-d32e01cfc372@group-F6EAD140F79B-PendingRequests: sendNotLeaderResponses
2019-11-13 20:20:46,113 [ForkJoinPool.commonPool-worker-1] INFO  impl.RaftServerImpl (ServerState.java:close(387)) - 7a884130-6d50-4d25-81cf-a815cb8b077e@group-66711409C4AC: closes. applyIndex: 2
2019-11-13 20:20:46,113 [main] INFO  impl.StateMachineUpdater (StateMachineUpdater.java:stopAndJoin(136)) - ad900a72-65c6-4ee1-bf89-d32e01cfc372@group-F6EAD140F79B-StateMachineUpdater: set stopIndex = 0
2019-11-13 20:20:46,113 [7a884130-6d50-4d25-81cf-a815cb8b077e@group-66711409C4AC-SegmentedRaftLogWorker] INFO  segmented.SegmentedRaftLogWorker (SegmentedRaftLogWorker.java:run(316)) - 7a884130-6d50-4d25-81cf-a815cb8b077e@group-66711409C4AC-SegmentedRaftLogWorker was interrupted, exiting. There are 0 tasks remaining in the queue.
2019-11-13 20:20:46,113 [main] INFO  impl.RaftServerImpl (ServerState.java:close(387)) - ad900a72-65c6-4ee1-bf89-d32e01cfc372@group-F6EAD140F79B: closes. applyIndex: 0
2019-11-13 20:20:46,113 [ForkJoinPool.commonPool-worker-1] INFO  segmented.SegmentedRaftLogWorker (SegmentedRaftLogWorker.java:close(224)) - 7a884130-6d50-4d25-81cf-a815cb8b077e@group-66711409C4AC-SegmentedRaftLogWorker close()
2019-11-13 20:20:46,114 [ad900a72-65c6-4ee1-bf89-d32e01cfc372@group-F6EAD140F79B-SegmentedRaftLogWorker] INFO  segmented.SegmentedRaftLogWorker (SegmentedRaftLogWorker.java:run(316)) - ad900a72-65c6-4ee1-bf89-d32e01cfc372@group-F6EAD140F79B-SegmentedRaftLogWorker was interrupted, exiting. There are 0 tasks remaining in the queue.
2019-11-13 20:20:46,114 [ForkJoinPool.commonPool-worker-1] INFO  impl.RaftServerImpl (RaftServerImpl.java:lambda$shutdown$3(250)) - 7a884130-6d50-4d25-81cf-a815cb8b077e@group-D2A2854C45C9: shutdown
2019-11-13 20:20:46,114 [main] INFO  segmented.SegmentedRaftLogWorker (SegmentedRaftLogWorker.java:close(224)) - ad900a72-65c6-4ee1-bf89-d32e01cfc372@group-F6EAD140F79B-SegmentedRaftLogWorker close()
2019-11-13 20:20:46,114 [ForkJoinPool.commonPool-worker-1] INFO  util.JmxRegister (JmxRegister.java:unregister(73)) - Successfully un-registered JMX Bean with object name Ratis:service=RaftServer,group=group-D2A2854C45C9,id=7a884130-6d50-4d25-81cf-a815cb8b077e
2019-11-13 20:20:46,121 [ForkJoinPool.commonPool-worker-1] INFO  impl.RoleInfo (RoleInfo.java:shutdownLeaderState(104)) - 7a884130-6d50-4d25-81cf-a815cb8b077e: shutdown LeaderState
2019-11-13 20:20:46,121 [main] INFO  server.GrpcService (GrpcService.java:closeImpl(164)) - ad900a72-65c6-4ee1-bf89-d32e01cfc372: shutdown server with port 38759 now
2019-11-13 20:20:46,121 [ForkJoinPool.commonPool-worker-1] INFO  impl.PendingRequests (PendingRequests.java:sendNotLeaderResponses(206)) - 7a884130-6d50-4d25-81cf-a815cb8b077e@group-D2A2854C45C9-PendingRequests: sendNotLeaderResponses
2019-11-13 20:20:46,122 [ForkJoinPool.commonPool-worker-1] INFO  impl.StateMachineUpdater (StateMachineUpdater.java:stopAndJoin(136)) - 7a884130-6d50-4d25-81cf-a815cb8b077e@group-D2A2854C45C9-StateMachineUpdater: set stopIndex = 0
2019-11-13 20:20:46,123 [main] INFO  server.GrpcService (GrpcService.java:closeImpl(172)) - ad900a72-65c6-4ee1-bf89-d32e01cfc372: shutdown server with port 38759 successfully
2019-11-13 20:20:46,123 [ForkJoinPool.commonPool-worker-1] INFO  impl.RaftServerImpl (ServerState.java:close(387)) - 7a884130-6d50-4d25-81cf-a815cb8b077e@group-D2A2854C45C9: closes. applyIndex: 0
2019-11-13 20:20:46,124 [7a884130-6d50-4d25-81cf-a815cb8b077e@group-D2A2854C45C9-SegmentedRaftLogWorker] INFO  segmented.SegmentedRaftLogWorker (SegmentedRaftLogWorker.java:run(316)) - 7a884130-6d50-4d25-81cf-a815cb8b077e@group-D2A2854C45C9-SegmentedRaftLogWorker was interrupted, exiting. There are 0 tasks remaining in the queue.
2019-11-13 20:20:46,124 [ForkJoinPool.commonPool-worker-1] INFO  segmented.SegmentedRaftLogWorker (SegmentedRaftLogWorker.java:close(224)) - 7a884130-6d50-4d25-81cf-a815cb8b077e@group-D2A2854C45C9-SegmentedRaftLogWorker close()
2019-11-13 20:20:46,126 [ForkJoinPool.commonPool-worker-1] INFO  server.GrpcService (GrpcService.java:closeImpl(164)) - 7a884130-6d50-4d25-81cf-a815cb8b077e: shutdown server with port 33820 now
2019-11-13 20:20:46,127 [ForkJoinPool.commonPool-worker-1] INFO  server.GrpcService (GrpcService.java:closeImpl(172)) - 7a884130-6d50-4d25-81cf-a815cb8b077e: shutdown server with port 33820 successfully
2019-11-13 20:20:46,134 [refreshUsed-/workdir/hadoop-ozone/integration-test/target/test-dir/MiniOzoneClusterImpl-252be716-c998-406a-83e5-534d363f62a9/datanode-9/data/containers] WARN  fs.CachingGetSpaceUsed (CachingGetSpaceUsed.java:run(183)) - Thread Interrupted waiting to refresh disk information: sleep interrupted
2019-11-13 20:20:46,135 [refreshUsed-/workdir/hadoop-ozone/integration-test/target/test-dir/MiniOzoneClusterImpl-252be716-c998-406a-83e5-534d363f62a9/datanode-4/data/containers] WARN  fs.CachingGetSpaceUsed (CachingGetSpaceUsed.java:run(183)) - Thread Interrupted waiting to refresh disk information: sleep interrupted
2019-11-13 20:20:46,155 [ForkJoinPool.commonPool-worker-1] INFO  utils.BackgroundService (BackgroundService.java:shutdown(151)) - Shutting down service BlockDeletingService
2019-11-13 20:20:46,155 [main] INFO  utils.BackgroundService (BackgroundService.java:shutdown(151)) - Shutting down service BlockDeletingService
2019-11-13 20:20:46,158 [ForkJoinPool.commonPool-worker-1] INFO  statemachine.DatanodeStateMachine (DatanodeStateMachine.java:stopDaemon(395)) - Ozone container server stopped.
2019-11-13 20:20:46,158 [main] INFO  statemachine.DatanodeStateMachine (DatanodeStateMachine.java:stopDaemon(395)) - Ozone container server stopped.
2019-11-13 20:20:46,175 [ForkJoinPool.commonPool-worker-1] INFO  handler.ContextHandler (ContextHandler.java:doStop(910)) - Stopped o.e.j.w.WebAppContext@73e4bb60{/,null,UNAVAILABLE}{/hddsDatanode}
2019-11-13 20:20:46,175 [main] INFO  handler.ContextHandler (ContextHandler.java:doStop(910)) - Stopped o.e.j.w.WebAppContext@1b17d8ab{/,null,UNAVAILABLE}{/hddsDatanode}
2019-11-13 20:20:46,176 [ForkJoinPool.commonPool-worker-1] INFO  server.AbstractConnector (AbstractConnector.java:doStop(318)) - Stopped ServerConnector@9a9aa68{HTTP/1.1,[http/1.1]}{0.0.0.0:0}
2019-11-13 20:20:46,177 [main] INFO  server.AbstractConnector (AbstractConnector.java:doStop(318)) - Stopped ServerConnector@7f6b7426{HTTP/1.1,[http/1.1]}{0.0.0.0:0}
2019-11-13 20:20:46,177 [ForkJoinPool.commonPool-worker-1] INFO  handler.ContextHandler (ContextHandler.java:doStop(910)) - Stopped o.e.j.s.ServletContextHandler@70fede7d{/static,jar:file:/home/user/.m2/repository/org/apache/hadoop/hadoop-hdds-container-service/0.5.0-SNAPSHOT/hadoop-hdds-container-service-0.5.0-SNAPSHOT.jar!/webapps/static,UNAVAILABLE}
2019-11-13 20:20:46,177 [main] INFO  handler.ContextHandler (ContextHandler.java:doStop(910)) - Stopped o.e.j.s.ServletContextHandler@23564dd2{/static,jar:file:/home/user/.m2/repository/org/apache/hadoop/hadoop-hdds-container-service/0.5.0-SNAPSHOT/hadoop-hdds-container-service-0.5.0-SNAPSHOT.jar!/webapps/static,UNAVAILABLE}
2019-11-13 20:20:46,178 [ForkJoinPool.commonPool-worker-1] INFO  handler.ContextHandler (ContextHandler.java:doStop(910)) - Stopped o.e.j.s.ServletContextHandler@682e445e{/logs,file:///workdir/hadoop-ozone/integration-test/target/log,UNAVAILABLE}
2019-11-13 20:20:46,179 [main] INFO  handler.ContextHandler (ContextHandler.java:doStop(910)) - Stopped o.e.j.s.ServletContextHandler@58c42c8c{/logs,file:///workdir/hadoop-ozone/integration-test/target/log,UNAVAILABLE}
2019-11-13 20:20:46,304 [grpc-default-executor-0] WARN  server.GrpcLogAppender (LogUtils.java:warn(134)) - 4ccef42d-128e-4eed-9e45-8d297f7adfc0@group-D0755ABA686A->52541eb8-c0db-4941-8ea5-4f6f65566359-AppendLogResponseHandler: Failed appendEntries: org.apache.ratis.thirdparty.io.grpc.StatusRuntimeException: UNAVAILABLE: io exception
2019-11-13 20:20:46,304 [grpc-default-executor-0] INFO  impl.FollowerInfo (FollowerInfo.java:lambda$new$0(51)) - 4ccef42d-128e-4eed-9e45-8d297f7adfc0@group-D0755ABA686A->52541eb8-c0db-4941-8ea5-4f6f65566359: nextIndex: updateUnconditionally 0 -> 0
2019-11-13 20:20:46,330 [grpc-default-executor-7] WARN  server.GrpcLogAppender (LogUtils.java:warn(134)) - 4ccef42d-128e-4eed-9e45-8d297f7adfc0@group-D0755ABA686A->5d9d256b-54cf-4856-8c87-6034b73b04bd-AppendLogResponseHandler: Failed appendEntries: org.apache.ratis.thirdparty.io.grpc.StatusRuntimeException: UNAVAILABLE: io exception
2019-11-13 20:20:46,330 [grpc-default-executor-7] INFO  impl.FollowerInfo (FollowerInfo.java:lambda$new$0(51)) - 4ccef42d-128e-4eed-9e45-8d297f7adfc0@group-D0755ABA686A->5d9d256b-54cf-4856-8c87-6034b73b04bd: nextIndex: updateUnconditionally 0 -> 0
2019-11-13 20:20:46,353 [grpc-default-executor-3] WARN  server.GrpcLogAppender (LogUtils.java:warn(134)) - 57e4e4f3-95e6-4ba3-b7c4-7652bb100830@group-3CC11B5AB53E->b0735163-16b4-4eff-936d-5712c77b458f-AppendLogResponseHandler: Failed appendEntries: org.apache.ratis.thirdparty.io.grpc.StatusRuntimeException: UNAVAILABLE: io exception
2019-11-13 20:20:46,353 [grpc-default-executor-3] INFO  impl.FollowerInfo (FollowerInfo.java:lambda$new$0(51)) - 57e4e4f3-95e6-4ba3-b7c4-7652bb100830@group-3CC11B5AB53E->b0735163-16b4-4eff-936d-5712c77b458f: nextIndex: updateUnconditionally 0 -> 0
2019-11-13 20:20:46,777 [Datanode State Machine Thread - 0] INFO  statemachine.DatanodeStateMachine (DatanodeStateMachine.java:lambda$startDaemon$0(350)) - Ozone container server started.
2019-11-13 20:20:46,804 [grpc-default-executor-0] WARN  server.GrpcLogAppender (LogUtils.java:warn(134)) - 4ccef42d-128e-4eed-9e45-8d297f7adfc0@group-D0755ABA686A->52541eb8-c0db-4941-8ea5-4f6f65566359-AppendLogResponseHandler: Failed appendEntries: org.apache.ratis.thirdparty.io.grpc.StatusRuntimeException: UNAVAILABLE: io exception
2019-11-13 20:20:46,805 [grpc-default-executor-0] INFO  impl.FollowerInfo (FollowerInfo.java:lambda$new$0(51)) - 4ccef42d-128e-4eed-9e45-8d297f7adfc0@group-D0755ABA686A->52541eb8-c0db-4941-8ea5-4f6f65566359: nextIndex: updateUnconditionally 0 -> 0
2019-11-13 20:20:46,805 [Datanode State Machine Thread - 0] INFO  statemachine.DatanodeStateMachine (DatanodeStateMachine.java:lambda$startDaemon$0(350)) - Ozone container server started.
2019-11-13 20:20:46,830 [grpc-default-executor-7] WARN  server.GrpcLogAppender (LogUtils.java:warn(134)) - 4ccef42d-128e-4eed-9e45-8d297f7adfc0@group-D0755ABA686A->5d9d256b-54cf-4856-8c87-6034b73b04bd-AppendLogResponseHandler: Failed appendEntries: org.apache.ratis.thirdparty.io.grpc.StatusRuntimeException: UNAVAILABLE: io exception
2019-11-13 20:20:46,830 [grpc-default-executor-7] INFO  impl.FollowerInfo (FollowerInfo.java:lambda$new$0(51)) - 4ccef42d-128e-4eed-9e45-8d297f7adfc0@group-D0755ABA686A->5d9d256b-54cf-4856-8c87-6034b73b04bd: nextIndex: updateUnconditionally 0 -> 0
2019-11-13 20:20:46,854 [grpc-default-executor-3] WARN  server.GrpcLogAppender (LogUtils.java:warn(134)) - 57e4e4f3-95e6-4ba3-b7c4-7652bb100830@group-3CC11B5AB53E->b0735163-16b4-4eff-936d-5712c77b458f-AppendLogResponseHandler: Failed appendEntries: org.apache.ratis.thirdparty.io.grpc.StatusRuntimeException: UNAVAILABLE: io exception
2019-11-13 20:20:46,854 [grpc-default-executor-3] INFO  impl.FollowerInfo (FollowerInfo.java:lambda$new$0(51)) - 57e4e4f3-95e6-4ba3-b7c4-7652bb100830@group-3CC11B5AB53E->b0735163-16b4-4eff-936d-5712c77b458f: nextIndex: updateUnconditionally 0 -> 0
2019-11-13 20:20:47,304 [grpc-default-executor-0] WARN  server.GrpcLogAppender (LogUtils.java:warn(134)) - 4ccef42d-128e-4eed-9e45-8d297f7adfc0@group-D0755ABA686A->52541eb8-c0db-4941-8ea5-4f6f65566359-AppendLogResponseHandler: Failed appendEntries: org.apache.ratis.thirdparty.io.grpc.StatusRuntimeException: UNAVAILABLE: io exception
2019-11-13 20:20:47,305 [grpc-default-executor-0] INFO  impl.FollowerInfo (FollowerInfo.java:lambda$new$0(51)) - 4ccef42d-128e-4eed-9e45-8d297f7adfc0@group-D0755ABA686A->52541eb8-c0db-4941-8ea5-4f6f65566359: nextIndex: updateUnconditionally 0 -> 0
2019-11-13 20:20:47,330 [grpc-default-executor-3] WARN  server.GrpcLogAppender (LogUtils.java:warn(134)) - 4ccef42d-128e-4eed-9e45-8d297f7adfc0@group-D0755ABA686A->5d9d256b-54cf-4856-8c87-6034b73b04bd-AppendLogResponseHandler: Failed appendEntries: org.apache.ratis.thirdparty.io.grpc.StatusRuntimeException: UNAVAILABLE: io exception
2019-11-13 20:20:47,330 [grpc-default-executor-3] INFO  impl.FollowerInfo (FollowerInfo.java:lambda$new$0(51)) - 4ccef42d-128e-4eed-9e45-8d297f7adfc0@group-D0755ABA686A->5d9d256b-54cf-4856-8c87-6034b73b04bd: nextIndex: updateUnconditionally 0 -> 0
2019-11-13 20:20:47,354 [grpc-default-executor-7] WARN  server.GrpcLogAppender (LogUtils.java:warn(134)) - 57e4e4f3-95e6-4ba3-b7c4-7652bb100830@group-3CC11B5AB53E->b0735163-16b4-4eff-936d-5712c77b458f-AppendLogResponseHandler: Failed appendEntries: org.apache.ratis.thirdparty.io.grpc.StatusRuntimeException: UNAVAILABLE: io exception
2019-11-13 20:20:47,354 [grpc-default-executor-7] INFO  impl.FollowerInfo (FollowerInfo.java:lambda$new$0(51)) - 57e4e4f3-95e6-4ba3-b7c4-7652bb100830@group-3CC11B5AB53E->b0735163-16b4-4eff-936d-5712c77b458f: nextIndex: updateUnconditionally 0 -> 0
2019-11-13 20:20:47,805 [grpc-default-executor-0] WARN  server.GrpcLogAppender (LogUtils.java:warn(134)) - 4ccef42d-128e-4eed-9e45-8d297f7adfc0@group-D0755ABA686A->52541eb8-c0db-4941-8ea5-4f6f65566359-AppendLogResponseHandler: Failed appendEntries: org.apache.ratis.thirdparty.io.grpc.StatusRuntimeException: UNAVAILABLE: io exception
2019-11-13 20:20:47,805 [grpc-default-executor-0] INFO  impl.FollowerInfo (FollowerInfo.java:lambda$new$0(51)) - 4ccef42d-128e-4eed-9e45-8d297f7adfc0@group-D0755ABA686A->52541eb8-c0db-4941-8ea5-4f6f65566359: nextIndex: updateUnconditionally 0 -> 0
2019-11-13 20:20:47,831 [grpc-default-executor-3] WARN  server.GrpcLogAppender (LogUtils.java:warn(134)) - 4ccef42d-128e-4eed-9e45-8d297f7adfc0@group-D0755ABA686A->5d9d256b-54cf-4856-8c87-6034b73b04bd-AppendLogResponseHandler: Failed appendEntries: org.apache.ratis.thirdparty.io.grpc.StatusRuntimeException: UNAVAILABLE: io exception
2019-11-13 20:20:47,831 [grpc-default-executor-3] INFO  impl.FollowerInfo (FollowerInfo.java:lambda$new$0(51)) - 4ccef42d-128e-4eed-9e45-8d297f7adfc0@group-D0755ABA686A->5d9d256b-54cf-4856-8c87-6034b73b04bd: nextIndex: updateUnconditionally 0 -> 0
2019-11-13 20:20:47,854 [grpc-default-executor-7] WARN  server.GrpcLogAppender (LogUtils.java:warn(134)) - 57e4e4f3-95e6-4ba3-b7c4-7652bb100830@group-3CC11B5AB53E->b0735163-16b4-4eff-936d-5712c77b458f-AppendLogResponseHandler: Failed appendEntries: org.apache.ratis.thirdparty.io.grpc.StatusRuntimeException: UNAVAILABLE: io exception
2019-11-13 20:20:47,855 [grpc-default-executor-7] INFO  impl.FollowerInfo (FollowerInfo.java:lambda$new$0(51)) - 57e4e4f3-95e6-4ba3-b7c4-7652bb100830@group-3CC11B5AB53E->b0735163-16b4-4eff-936d-5712c77b458f: nextIndex: updateUnconditionally 0 -> 0
2019-11-13 20:20:48,305 [grpc-default-executor-7] WARN  server.GrpcLogAppender (LogUtils.java:warn(134)) - 4ccef42d-128e-4eed-9e45-8d297f7adfc0@group-D0755ABA686A->52541eb8-c0db-4941-8ea5-4f6f65566359-AppendLogResponseHandler: Failed appendEntries: org.apache.ratis.thirdparty.io.grpc.StatusRuntimeException: UNAVAILABLE: io exception
2019-11-13 20:20:48,306 [grpc-default-executor-7] INFO  impl.FollowerInfo (FollowerInfo.java:lambda$new$0(51)) - 4ccef42d-128e-4eed-9e45-8d297f7adfc0@group-D0755ABA686A->52541eb8-c0db-4941-8ea5-4f6f65566359: nextIndex: updateUnconditionally 0 -> 0
2019-11-13 20:20:48,331 [grpc-default-executor-7] WARN  server.GrpcLogAppender (LogUtils.java:warn(134)) - 4ccef42d-128e-4eed-9e45-8d297f7adfc0@group-D0755ABA686A->5d9d256b-54cf-4856-8c87-6034b73b04bd-AppendLogResponseHandler: Failed appendEntries: org.apache.ratis.thirdparty.io.grpc.StatusRuntimeException: UNAVAILABLE: io exception
2019-11-13 20:20:48,332 [grpc-default-executor-7] INFO  impl.FollowerInfo (FollowerInfo.java:lambda$new$0(51)) - 4ccef42d-128e-4eed-9e45-8d297f7adfc0@group-D0755ABA686A->5d9d256b-54cf-4856-8c87-6034b73b04bd: nextIndex: updateUnconditionally 0 -> 0
2019-11-13 20:20:48,355 [grpc-default-executor-7] WARN  server.GrpcLogAppender (LogUtils.java:warn(134)) - 57e4e4f3-95e6-4ba3-b7c4-7652bb100830@group-3CC11B5AB53E->b0735163-16b4-4eff-936d-5712c77b458f-AppendLogResponseHandler: Failed appendEntries: org.apache.ratis.thirdparty.io.grpc.StatusRuntimeException: UNAVAILABLE: io exception
2019-11-13 20:20:48,355 [grpc-default-executor-7] INFO  impl.FollowerInfo (FollowerInfo.java:lambda$new$0(51)) - 57e4e4f3-95e6-4ba3-b7c4-7652bb100830@group-3CC11B5AB53E->b0735163-16b4-4eff-936d-5712c77b458f: nextIndex: updateUnconditionally 0 -> 0
2019-11-13 20:20:48,806 [grpc-default-executor-3] WARN  server.GrpcLogAppender (LogUtils.java:warn(134)) - 4ccef42d-128e-4eed-9e45-8d297f7adfc0@group-D0755ABA686A->52541eb8-c0db-4941-8ea5-4f6f65566359-AppendLogResponseHandler: Failed appendEntries: org.apache.ratis.thirdparty.io.grpc.StatusRuntimeException: UNAVAILABLE: io exception
2019-11-13 20:20:48,806 [grpc-default-executor-3] INFO  impl.FollowerInfo (FollowerInfo.java:lambda$new$0(51)) - 4ccef42d-128e-4eed-9e45-8d297f7adfc0@group-D0755ABA686A->52541eb8-c0db-4941-8ea5-4f6f65566359: nextIndex: updateUnconditionally 0 -> 0
2019-11-13 20:20:48,831 [grpc-default-executor-3] WARN  server.GrpcLogAppender (LogUtils.java:warn(134)) - 4ccef42d-128e-4eed-9e45-8d297f7adfc0@group-D0755ABA686A->5d9d256b-54cf-4856-8c87-6034b73b04bd-AppendLogResponseHandler: Failed appendEntries: org.apache.ratis.thirdparty.io.grpc.StatusRuntimeException: UNAVAILABLE: io exception
2019-11-13 20:20:48,832 [grpc-default-executor-3] INFO  impl.FollowerInfo (FollowerInfo.java:lambda$new$0(51)) - 4ccef42d-128e-4eed-9e45-8d297f7adfc0@group-D0755ABA686A->5d9d256b-54cf-4856-8c87-6034b73b04bd: nextIndex: updateUnconditionally 0 -> 0
2019-11-13 20:20:48,855 [grpc-default-executor-3] WARN  server.GrpcLogAppender (LogUtils.java:warn(134)) - 57e4e4f3-95e6-4ba3-b7c4-7652bb100830@group-3CC11B5AB53E->b0735163-16b4-4eff-936d-5712c77b458f-AppendLogResponseHandler: Failed appendEntries: org.apache.ratis.thirdparty.io.grpc.StatusRuntimeException: UNAVAILABLE: io exception
2019-11-13 20:20:48,855 [grpc-default-executor-3] INFO  impl.FollowerInfo (FollowerInfo.java:lambda$new$0(51)) - 57e4e4f3-95e6-4ba3-b7c4-7652bb100830@group-3CC11B5AB53E->b0735163-16b4-4eff-936d-5712c77b458f: nextIndex: updateUnconditionally 0 -> 0
2019-11-13 20:20:49,307 [grpc-default-executor-3] WARN  server.GrpcLogAppender (LogUtils.java:warn(134)) - 4ccef42d-128e-4eed-9e45-8d297f7adfc0@group-D0755ABA686A->52541eb8-c0db-4941-8ea5-4f6f65566359-AppendLogResponseHandler: Failed appendEntries: org.apache.ratis.thirdparty.io.grpc.StatusRuntimeException: UNAVAILABLE: io exception
2019-11-13 20:20:49,307 [grpc-default-executor-3] INFO  impl.FollowerInfo (FollowerInfo.java:lambda$new$0(51)) - 4ccef42d-128e-4eed-9e45-8d297f7adfc0@group-D0755ABA686A->52541eb8-c0db-4941-8ea5-4f6f65566359: nextIndex: updateUnconditionally 0 -> 0
2019-11-13 20:20:49,332 [grpc-default-executor-0] WARN  server.GrpcLogAppender (LogUtils.java:warn(134)) - 4ccef42d-128e-4eed-9e45-8d297f7adfc0@group-D0755ABA686A->5d9d256b-54cf-4856-8c87-6034b73b04bd-AppendLogResponseHandler: Failed appendEntries: org.apache.ratis.thirdparty.io.grpc.StatusRuntimeException: UNAVAILABLE: io exception
2019-11-13 20:20:49,332 [grpc-default-executor-0] INFO  impl.FollowerInfo (FollowerInfo.java:lambda$new$0(51)) - 4ccef42d-128e-4eed-9e45-8d297f7adfc0@group-D0755ABA686A->5d9d256b-54cf-4856-8c87-6034b73b04bd: nextIndex: updateUnconditionally 0 -> 0
2019-11-13 20:20:49,356 [grpc-default-executor-0] WARN  server.GrpcLogAppender (LogUtils.java:warn(134)) - 57e4e4f3-95e6-4ba3-b7c4-7652bb100830@group-3CC11B5AB53E->b0735163-16b4-4eff-936d-5712c77b458f-AppendLogResponseHandler: Failed appendEntries: org.apache.ratis.thirdparty.io.grpc.StatusRuntimeException: UNAVAILABLE: io exception
2019-11-13 20:20:49,356 [grpc-default-executor-0] INFO  impl.FollowerInfo (FollowerInfo.java:lambda$new$0(51)) - 57e4e4f3-95e6-4ba3-b7c4-7652bb100830@group-3CC11B5AB53E->b0735163-16b4-4eff-936d-5712c77b458f: nextIndex: updateUnconditionally 0 -> 0
2019-11-13 20:20:49,809 [grpc-default-executor-0] WARN  server.GrpcLogAppender (LogUtils.java:warn(134)) - 4ccef42d-128e-4eed-9e45-8d297f7adfc0@group-D0755ABA686A->52541eb8-c0db-4941-8ea5-4f6f65566359-AppendLogResponseHandler: Failed appendEntries: org.apache.ratis.thirdparty.io.grpc.StatusRuntimeException: UNAVAILABLE: io exception
2019-11-13 20:20:49,809 [grpc-default-executor-0] INFO  impl.FollowerInfo (FollowerInfo.java:lambda$new$0(51)) - 4ccef42d-128e-4eed-9e45-8d297f7adfc0@group-D0755ABA686A->52541eb8-c0db-4941-8ea5-4f6f65566359: nextIndex: updateUnconditionally 0 -> 0
2019-11-13 20:20:49,832 [grpc-default-executor-3] WARN  server.GrpcLogAppender (LogUtils.java:warn(134)) - 4ccef42d-128e-4eed-9e45-8d297f7adfc0@group-D0755ABA686A->5d9d256b-54cf-4856-8c87-6034b73b04bd-AppendLogResponseHandler: Failed appendEntries: org.apache.ratis.thirdparty.io.grpc.StatusRuntimeException: UNAVAILABLE: io exception
2019-11-13 20:20:49,833 [grpc-default-executor-3] INFO  impl.FollowerInfo (FollowerInfo.java:lambda$new$0(51)) - 4ccef42d-128e-4eed-9e45-8d297f7adfc0@group-D0755ABA686A->5d9d256b-54cf-4856-8c87-6034b73b04bd: nextIndex: updateUnconditionally 0 -> 0
2019-11-13 20:20:49,856 [grpc-default-executor-7] WARN  server.GrpcLogAppender (LogUtils.java:warn(134)) - 57e4e4f3-95e6-4ba3-b7c4-7652bb100830@group-3CC11B5AB53E->b0735163-16b4-4eff-936d-5712c77b458f-AppendLogResponseHandler: Failed appendEntries: org.apache.ratis.thirdparty.io.grpc.StatusRuntimeException: UNAVAILABLE: io exception
2019-11-13 20:20:49,856 [grpc-default-executor-7] INFO  impl.FollowerInfo (FollowerInfo.java:lambda$new$0(51)) - 57e4e4f3-95e6-4ba3-b7c4-7652bb100830@group-3CC11B5AB53E->b0735163-16b4-4eff-936d-5712c77b458f: nextIndex: updateUnconditionally 0 -> 0
2019-11-13 20:20:50,312 [grpc-default-executor-7] WARN  server.GrpcLogAppender (LogUtils.java:warn(134)) - 4ccef42d-128e-4eed-9e45-8d297f7adfc0@group-D0755ABA686A->52541eb8-c0db-4941-8ea5-4f6f65566359-AppendLogResponseHandler: Failed appendEntries: org.apache.ratis.thirdparty.io.grpc.StatusRuntimeException: UNAVAILABLE: io exception
2019-11-13 20:20:50,313 [grpc-default-executor-7] INFO  impl.FollowerInfo (FollowerInfo.java:lambda$new$0(51)) - 4ccef42d-128e-4eed-9e45-8d297f7adfc0@group-D0755ABA686A->52541eb8-c0db-4941-8ea5-4f6f65566359: nextIndex: updateUnconditionally 0 -> 0
2019-11-13 20:20:50,332 [grpc-default-executor-0] WARN  server.GrpcLogAppender (LogUtils.java:warn(134)) - 4ccef42d-128e-4eed-9e45-8d297f7adfc0@group-D0755ABA686A->5d9d256b-54cf-4856-8c87-6034b73b04bd-AppendLogResponseHandler: Failed appendEntries: org.apache.ratis.thirdparty.io.grpc.StatusRuntimeException: UNAVAILABLE: io exception
2019-11-13 20:20:50,333 [grpc-default-executor-0] INFO  impl.FollowerInfo (FollowerInfo.java:lambda$new$0(51)) - 4ccef42d-128e-4eed-9e45-8d297f7adfc0@group-D0755ABA686A->5d9d256b-54cf-4856-8c87-6034b73b04bd: nextIndex: updateUnconditionally 0 -> 0
2019-11-13 20:20:50,356 [grpc-default-executor-3] WARN  server.GrpcLogAppender (LogUtils.java:warn(134)) - 57e4e4f3-95e6-4ba3-b7c4-7652bb100830@group-3CC11B5AB53E->b0735163-16b4-4eff-936d-5712c77b458f-AppendLogResponseHandler: Failed appendEntries: org.apache.ratis.thirdparty.io.grpc.StatusRuntimeException: UNAVAILABLE: io exception
2019-11-13 20:20:50,357 [grpc-default-executor-3] INFO  impl.FollowerInfo (FollowerInfo.java:lambda$new$0(51)) - 57e4e4f3-95e6-4ba3-b7c4-7652bb100830@group-3CC11B5AB53E->b0735163-16b4-4eff-936d-5712c77b458f: nextIndex: updateUnconditionally 0 -> 0
2019-11-13 20:20:50,812 [grpc-default-executor-7] WARN  server.GrpcLogAppender (LogUtils.java:warn(134)) - 4ccef42d-128e-4eed-9e45-8d297f7adfc0@group-D0755ABA686A->52541eb8-c0db-4941-8ea5-4f6f65566359-AppendLogResponseHandler: Failed appendEntries: org.apache.ratis.thirdparty.io.grpc.StatusRuntimeException: UNAVAILABLE: io exception
2019-11-13 20:20:50,812 [grpc-default-executor-7] INFO  impl.FollowerInfo (FollowerInfo.java:lambda$new$0(51)) - 4ccef42d-128e-4eed-9e45-8d297f7adfc0@group-D0755ABA686A->52541eb8-c0db-4941-8ea5-4f6f65566359: nextIndex: updateUnconditionally 0 -> 0
2019-11-13 20:20:50,833 [grpc-default-executor-3] WARN  server.GrpcLogAppender (LogUtils.java:warn(134)) - 4ccef42d-128e-4eed-9e45-8d297f7adfc0@group-D0755ABA686A->5d9d256b-54cf-4856-8c87-6034b73b04bd-AppendLogResponseHandler: Failed appendEntries: org.apache.ratis.thirdparty.io.grpc.StatusRuntimeException: UNAVAILABLE: io exception
2019-11-13 20:20:50,833 [grpc-default-executor-3] INFO  impl.FollowerInfo (FollowerInfo.java:lambda$new$0(51)) - 4ccef42d-128e-4eed-9e45-8d297f7adfc0@group-D0755ABA686A->5d9d256b-54cf-4856-8c87-6034b73b04bd: nextIndex: updateUnconditionally 0 -> 0
2019-11-13 20:20:50,857 [grpc-default-executor-0] WARN  server.GrpcLogAppender (LogUtils.java:warn(134)) - 57e4e4f3-95e6-4ba3-b7c4-7652bb100830@group-3CC11B5AB53E->b0735163-16b4-4eff-936d-5712c77b458f-AppendLogResponseHandler: Failed appendEntries: org.apache.ratis.thirdparty.io.grpc.StatusRuntimeException: UNAVAILABLE: io exception
2019-11-13 20:20:50,857 [grpc-default-executor-0] INFO  impl.FollowerInfo (FollowerInfo.java:lambda$new$0(51)) - 57e4e4f3-95e6-4ba3-b7c4-7652bb100830@group-3CC11B5AB53E->b0735163-16b4-4eff-936d-5712c77b458f: nextIndex: updateUnconditionally 0 -> 0
2019-11-13 20:20:51,182 [main] INFO  ozoneimpl.OzoneContainer (OzoneContainer.java:stop(244)) - Attempting to stop container services.
2019-11-13 20:20:51,182 [ForkJoinPool.commonPool-worker-1] INFO  ozoneimpl.OzoneContainer (OzoneContainer.java:stop(244)) - Attempting to stop container services.
2019-11-13 20:20:51,183 [main] INFO  impl.RaftServerProxy (RaftServerProxy.java:lambda$close$4(314)) - 4ccef42d-128e-4eed-9e45-8d297f7adfc0: close
2019-11-13 20:20:51,183 [ForkJoinPool.commonPool-worker-1] INFO  impl.RaftServerProxy (RaftServerProxy.java:lambda$close$4(314)) - 57e4e4f3-95e6-4ba3-b7c4-7652bb100830: close
2019-11-13 20:20:51,184 [main] INFO  impl.RaftServerImpl (RaftServerImpl.java:lambda$shutdown$3(250)) - 4ccef42d-128e-4eed-9e45-8d297f7adfc0@group-D4B35F2ACB63: shutdown
2019-11-13 20:20:51,184 [ForkJoinPool.commonPool-worker-1] INFO  impl.RaftServerImpl (RaftServerImpl.java:lambda$shutdown$3(250)) - 57e4e4f3-95e6-4ba3-b7c4-7652bb100830@group-CA2EB2FC7D2F: shutdown
2019-11-13 20:20:51,184 [main] INFO  util.JmxRegister (JmxRegister.java:unregister(73)) - Successfully un-registered JMX Bean with object name Ratis:service=RaftServer,group=group-D4B35F2ACB63,id=4ccef42d-128e-4eed-9e45-8d297f7adfc0
2019-11-13 20:20:51,184 [ForkJoinPool.commonPool-worker-1] INFO  util.JmxRegister (JmxRegister.java:unregister(73)) - Successfully un-registered JMX Bean with object name Ratis:service=RaftServer,group=group-CA2EB2FC7D2F,id=57e4e4f3-95e6-4ba3-b7c4-7652bb100830
2019-11-13 20:20:51,185 [main] INFO  impl.RoleInfo (RoleInfo.java:shutdownLeaderState(104)) - 4ccef42d-128e-4eed-9e45-8d297f7adfc0: shutdown LeaderState
2019-11-13 20:20:51,185 [ForkJoinPool.commonPool-worker-1] INFO  impl.RoleInfo (RoleInfo.java:shutdownLeaderState(104)) - 57e4e4f3-95e6-4ba3-b7c4-7652bb100830: shutdown LeaderState
2019-11-13 20:20:51,185 [main] INFO  impl.PendingRequests (PendingRequests.java:sendNotLeaderResponses(206)) - 4ccef42d-128e-4eed-9e45-8d297f7adfc0@group-D4B35F2ACB63-PendingRequests: sendNotLeaderResponses
2019-11-13 20:20:51,185 [ForkJoinPool.commonPool-worker-1] INFO  impl.PendingRequests (PendingRequests.java:sendNotLeaderResponses(206)) - 57e4e4f3-95e6-4ba3-b7c4-7652bb100830@group-CA2EB2FC7D2F-PendingRequests: sendNotLeaderResponses
2019-11-13 20:20:51,186 [ForkJoinPool.commonPool-worker-1] INFO  impl.StateMachineUpdater (StateMachineUpdater.java:stopAndJoin(136)) - 57e4e4f3-95e6-4ba3-b7c4-7652bb100830@group-CA2EB2FC7D2F-StateMachineUpdater: set stopIndex = 0
2019-11-13 20:20:51,186 [main] INFO  impl.StateMachineUpdater (StateMachineUpdater.java:stopAndJoin(136)) - 4ccef42d-128e-4eed-9e45-8d297f7adfc0@group-D4B35F2ACB63-StateMachineUpdater: set stopIndex = 0
2019-11-13 20:20:51,187 [ForkJoinPool.commonPool-worker-1] INFO  impl.RaftServerImpl (ServerState.java:close(387)) - 57e4e4f3-95e6-4ba3-b7c4-7652bb100830@group-CA2EB2FC7D2F: closes. applyIndex: 0
2019-11-13 20:20:51,187 [main] INFO  impl.RaftServerImpl (ServerState.java:close(387)) - 4ccef42d-128e-4eed-9e45-8d297f7adfc0@group-D4B35F2ACB63: closes. applyIndex: 0
2019-11-13 20:20:51,187 [57e4e4f3-95e6-4ba3-b7c4-7652bb100830@group-CA2EB2FC7D2F-SegmentedRaftLogWorker] INFO  segmented.SegmentedRaftLogWorker (SegmentedRaftLogWorker.java:run(316)) - 57e4e4f3-95e6-4ba3-b7c4-7652bb100830@group-CA2EB2FC7D2F-SegmentedRaftLogWorker was interrupted, exiting. There are 0 tasks remaining in the queue.
2019-11-13 20:20:51,188 [4ccef42d-128e-4eed-9e45-8d297f7adfc0@group-D4B35F2ACB63-SegmentedRaftLogWorker] INFO  segmented.SegmentedRaftLogWorker (SegmentedRaftLogWorker.java:run(316)) - 4ccef42d-128e-4eed-9e45-8d297f7adfc0@group-D4B35F2ACB63-SegmentedRaftLogWorker was interrupted, exiting. There are 0 tasks remaining in the queue.
2019-11-13 20:20:51,188 [ForkJoinPool.commonPool-worker-1] INFO  segmented.SegmentedRaftLogWorker (SegmentedRaftLogWorker.java:close(224)) - 57e4e4f3-95e6-4ba3-b7c4-7652bb100830@group-CA2EB2FC7D2F-SegmentedRaftLogWorker close()
2019-11-13 20:20:51,188 [main] INFO  segmented.SegmentedRaftLogWorker (SegmentedRaftLogWorker.java:close(224)) - 4ccef42d-128e-4eed-9e45-8d297f7adfc0@group-D4B35F2ACB63-SegmentedRaftLogWorker close()
2019-11-13 20:20:51,188 [ForkJoinPool.commonPool-worker-1] INFO  impl.RaftServerImpl (RaftServerImpl.java:lambda$shutdown$3(250)) - 57e4e4f3-95e6-4ba3-b7c4-7652bb100830@group-3CC11B5AB53E: shutdown
2019-11-13 20:20:51,191 [main] INFO  impl.RaftServerImpl (RaftServerImpl.java:lambda$shutdown$3(250)) - 4ccef42d-128e-4eed-9e45-8d297f7adfc0@group-D0755ABA686A: shutdown
2019-11-13 20:20:51,191 [ForkJoinPool.commonPool-worker-1] INFO  util.JmxRegister (JmxRegister.java:unregister(73)) - Successfully un-registered JMX Bean with object name Ratis:service=RaftServer,group=group-3CC11B5AB53E,id=57e4e4f3-95e6-4ba3-b7c4-7652bb100830
2019-11-13 20:20:51,192 [main] INFO  util.JmxRegister (JmxRegister.java:unregister(73)) - Successfully un-registered JMX Bean with object name Ratis:service=RaftServer,group=group-D0755ABA686A,id=4ccef42d-128e-4eed-9e45-8d297f7adfc0
2019-11-13 20:20:51,192 [ForkJoinPool.commonPool-worker-1] INFO  impl.RoleInfo (RoleInfo.java:shutdownLeaderState(104)) - 57e4e4f3-95e6-4ba3-b7c4-7652bb100830: shutdown LeaderState
2019-11-13 20:20:51,192 [main] INFO  impl.RoleInfo (RoleInfo.java:shutdownLeaderState(104)) - 4ccef42d-128e-4eed-9e45-8d297f7adfc0: shutdown LeaderState
2019-11-13 20:20:51,195 [org.apache.ratis.server.impl.LogAppender$AppenderDaemon$$Lambda$415/455279792@45b034ff] WARN  server.GrpcLogAppender (GrpcLogAppender.java:mayWait(151)) - 57e4e4f3-95e6-4ba3-b7c4-7652bb100830@group-3CC11B5AB53E->2eae8a0c-14f7-4974-be0f-a72b7694e262-GrpcLogAppender: Wait interrupted by java.lang.InterruptedException
2019-11-13 20:20:51,197 [org.apache.ratis.server.impl.LogAppender$AppenderDaemon$$Lambda$415/455279792@3ab1a97e] WARN  server.GrpcLogAppender (GrpcLogAppender.java:mayWait(151)) - 4ccef42d-128e-4eed-9e45-8d297f7adfc0@group-D0755ABA686A->5d9d256b-54cf-4856-8c87-6034b73b04bd-GrpcLogAppender: Wait interrupted by java.lang.InterruptedException
2019-11-13 20:20:51,195 [org.apache.ratis.server.impl.LogAppender$AppenderDaemon$$Lambda$415/455279792@b2b22d] WARN  server.GrpcLogAppender (GrpcLogAppender.java:mayWait(151)) - 57e4e4f3-95e6-4ba3-b7c4-7652bb100830@group-3CC11B5AB53E->b0735163-16b4-4eff-936d-5712c77b458f-GrpcLogAppender: Wait interrupted by java.lang.InterruptedException
2019-11-13 20:20:51,195 [ForkJoinPool.commonPool-worker-1] INFO  impl.PendingRequests (PendingRequests.java:sendNotLeaderResponses(206)) - 57e4e4f3-95e6-4ba3-b7c4-7652bb100830@group-3CC11B5AB53E-PendingRequests: sendNotLeaderResponses
2019-11-13 20:20:51,197 [org.apache.ratis.server.impl.LogAppender$AppenderDaemon$$Lambda$415/455279792@7fb338ec] WARN  server.GrpcLogAppender (GrpcLogAppender.java:mayWait(151)) - 4ccef42d-128e-4eed-9e45-8d297f7adfc0@group-D0755ABA686A->52541eb8-c0db-4941-8ea5-4f6f65566359-GrpcLogAppender: Wait interrupted by java.lang.InterruptedException
2019-11-13 20:20:51,197 [main] INFO  impl.PendingRequests (PendingRequests.java:sendNotLeaderResponses(206)) - 4ccef42d-128e-4eed-9e45-8d297f7adfc0@group-D0755ABA686A-PendingRequests: sendNotLeaderResponses
2019-11-13 20:20:51,201 [grpc-default-executor-0] INFO  server.GrpcServerProtocolService (GrpcServerProtocolService.java:onCompleted(113)) - 2eae8a0c-14f7-4974-be0f-a72b7694e262: Completed APPEND_ENTRIES, lastRequest: 57e4e4f3-95e6-4ba3-b7c4-7652bb100830->2eae8a0c-14f7-4974-be0f-a72b7694e262#54-t2, previous=(t:2, i:6), leaderCommit=6, initializing? false, entries: <empty>
2019-11-13 20:20:51,201 [ForkJoinPool.commonPool-worker-1] INFO  impl.StateMachineUpdater (StateMachineUpdater.java:stopAndJoin(136)) - 57e4e4f3-95e6-4ba3-b7c4-7652bb100830@group-3CC11B5AB53E-StateMachineUpdater: set stopIndex = 6
2019-11-13 20:20:51,201 [main] INFO  impl.StateMachineUpdater (StateMachineUpdater.java:stopAndJoin(136)) - 4ccef42d-128e-4eed-9e45-8d297f7adfc0@group-D0755ABA686A-StateMachineUpdater: set stopIndex = 0
2019-11-13 20:20:51,201 [grpc-default-executor-0] INFO  server.GrpcLogAppender (GrpcLogAppender.java:onCompleted(308)) - 57e4e4f3-95e6-4ba3-b7c4-7652bb100830@group-3CC11B5AB53E->2eae8a0c-14f7-4974-be0f-a72b7694e262-AppendLogResponseHandler: follower responses appendEntries COMPLETED
2019-11-13 20:20:51,201 [57e4e4f3-95e6-4ba3-b7c4-7652bb100830@group-3CC11B5AB53E-StateMachineUpdater] INFO  ratis.ContainerStateMachine (ContainerStateMachine.java:takeSnapshot(285)) - group-3CC11B5AB53E: Taking a snapshot at:(t:2, i:6) file /workdir/hadoop-ozone/integration-test/target/test-dir/MiniOzoneClusterImpl-252be716-c998-406a-83e5-534d363f62a9/datanode-0/data/ratis/81adcf28-4a82-4d96-8bae-3cc11b5ab53e/sm/snapshot.2_6
2019-11-13 20:20:51,201 [main] INFO  impl.RaftServerImpl (ServerState.java:close(387)) - 4ccef42d-128e-4eed-9e45-8d297f7adfc0@group-D0755ABA686A: closes. applyIndex: 0
2019-11-13 20:20:51,202 [4ccef42d-128e-4eed-9e45-8d297f7adfc0@group-D0755ABA686A-SegmentedRaftLogWorker] INFO  segmented.SegmentedRaftLogWorker (SegmentedRaftLogWorker.java:run(316)) - 4ccef42d-128e-4eed-9e45-8d297f7adfc0@group-D0755ABA686A-SegmentedRaftLogWorker was interrupted, exiting. There are 0 tasks remaining in the queue.
2019-11-13 20:20:51,202 [grpc-default-executor-0] INFO  impl.FollowerInfo (FollowerInfo.java:lambda$new$0(51)) - 57e4e4f3-95e6-4ba3-b7c4-7652bb100830@group-3CC11B5AB53E->2eae8a0c-14f7-4974-be0f-a72b7694e262: nextIndex: updateUnconditionally 7 -> 6
2019-11-13 20:20:51,202 [main] INFO  segmented.SegmentedRaftLogWorker (SegmentedRaftLogWorker.java:close(224)) - 4ccef42d-128e-4eed-9e45-8d297f7adfc0@group-D0755ABA686A-SegmentedRaftLogWorker close()
2019-11-13 20:20:51,203 [main] INFO  server.GrpcService (GrpcService.java:closeImpl(164)) - 4ccef42d-128e-4eed-9e45-8d297f7adfc0: shutdown server with port 42894 now
2019-11-13 20:20:51,204 [main] INFO  server.GrpcService (GrpcService.java:closeImpl(172)) - 4ccef42d-128e-4eed-9e45-8d297f7adfc0: shutdown server with port 42894 successfully
2019-11-13 20:20:51,213 [refreshUsed-/workdir/hadoop-ozone/integration-test/target/test-dir/MiniOzoneClusterImpl-252be716-c998-406a-83e5-534d363f62a9/datanode-7/data/containers] WARN  fs.CachingGetSpaceUsed (CachingGetSpaceUsed.java:run(183)) - Thread Interrupted waiting to refresh disk information: sleep interrupted
2019-11-13 20:20:51,215 [57e4e4f3-95e6-4ba3-b7c4-7652bb100830@group-3CC11B5AB53E-StateMachineUpdater] INFO  ratis.ContainerStateMachine (ContainerStateMachine.java:takeSnapshot(296)) - group-3CC11B5AB53E: Finished taking a snapshot at:(t:2, i:6) file:/workdir/hadoop-ozone/integration-test/target/test-dir/MiniOzoneClusterImpl-252be716-c998-406a-83e5-534d363f62a9/datanode-0/data/ratis/81adcf28-4a82-4d96-8bae-3cc11b5ab53e/sm/snapshot.2_6 time:14
2019-11-13 20:20:51,216 [57e4e4f3-95e6-4ba3-b7c4-7652bb100830@group-3CC11B5AB53E-StateMachineUpdater] INFO  impl.StateMachineUpdater (StateMachineUpdater.java:takeSnapshot(269)) - 57e4e4f3-95e6-4ba3-b7c4-7652bb100830@group-3CC11B5AB53E-StateMachineUpdater: Took a snapshot at index 6
2019-11-13 20:20:51,216 [57e4e4f3-95e6-4ba3-b7c4-7652bb100830@group-3CC11B5AB53E-StateMachineUpdater] INFO  impl.StateMachineUpdater (StateMachineUpdater.java:lambda$new$0(84)) - 57e4e4f3-95e6-4ba3-b7c4-7652bb100830@group-3CC11B5AB53E-StateMachineUpdater: snapshotIndex: updateIncreasingly -1 -> 6
2019-11-13 20:20:51,216 [ForkJoinPool.commonPool-worker-1] INFO  impl.RaftServerImpl (ServerState.java:close(387)) - 57e4e4f3-95e6-4ba3-b7c4-7652bb100830@group-3CC11B5AB53E: closes. applyIndex: 6
2019-11-13 20:20:51,217 [57e4e4f3-95e6-4ba3-b7c4-7652bb100830@group-3CC11B5AB53E-SegmentedRaftLogWorker] INFO  segmented.SegmentedRaftLogWorker (SegmentedRaftLogWorker.java:run(316)) - 57e4e4f3-95e6-4ba3-b7c4-7652bb100830@group-3CC11B5AB53E-SegmentedRaftLogWorker was interrupted, exiting. There are 0 tasks remaining in the queue.
2019-11-13 20:20:51,217 [ForkJoinPool.commonPool-worker-1] INFO  segmented.SegmentedRaftLogWorker (SegmentedRaftLogWorker.java:close(224)) - 57e4e4f3-95e6-4ba3-b7c4-7652bb100830@group-3CC11B5AB53E-SegmentedRaftLogWorker close()
2019-11-13 20:20:51,221 [ForkJoinPool.commonPool-worker-1] INFO  server.GrpcService (GrpcService.java:closeImpl(164)) - 57e4e4f3-95e6-4ba3-b7c4-7652bb100830: shutdown server with port 33520 now
2019-11-13 20:20:51,222 [ForkJoinPool.commonPool-worker-1] INFO  server.GrpcService (GrpcService.java:closeImpl(172)) - 57e4e4f3-95e6-4ba3-b7c4-7652bb100830: shutdown server with port 33520 successfully
2019-11-13 20:20:51,224 [refreshUsed-/workdir/hadoop-ozone/integration-test/target/test-dir/MiniOzoneClusterImpl-252be716-c998-406a-83e5-534d363f62a9/datanode-0/data/containers] WARN  fs.CachingGetSpaceUsed (CachingGetSpaceUsed.java:run(183)) - Thread Interrupted waiting to refresh disk information: sleep interrupted
2019-11-13 20:20:51,240 [main] INFO  utils.BackgroundService (BackgroundService.java:shutdown(151)) - Shutting down service BlockDeletingService
2019-11-13 20:20:51,240 [ForkJoinPool.commonPool-worker-1] INFO  utils.BackgroundService (BackgroundService.java:shutdown(151)) - Shutting down service BlockDeletingService
2019-11-13 20:20:51,242 [main] INFO  statemachine.DatanodeStateMachine (DatanodeStateMachine.java:stopDaemon(395)) - Ozone container server stopped.
2019-11-13 20:20:51,242 [ForkJoinPool.commonPool-worker-1] INFO  statemachine.DatanodeStateMachine (DatanodeStateMachine.java:stopDaemon(395)) - Ozone container server stopped.
2019-11-13 20:20:51,245 [ForkJoinPool.commonPool-worker-1] INFO  handler.ContextHandler (ContextHandler.java:doStop(910)) - Stopped o.e.j.w.WebAppContext@13192275{/,null,UNAVAILABLE}{/hddsDatanode}
2019-11-13 20:20:51,245 [main] INFO  handler.ContextHandler (ContextHandler.java:doStop(910)) - Stopped o.e.j.w.WebAppContext@54326e9{/,null,UNAVAILABLE}{/hddsDatanode}
2019-11-13 20:20:51,246 [ForkJoinPool.commonPool-worker-1] INFO  server.AbstractConnector (AbstractConnector.java:doStop(318)) - Stopped ServerConnector@79195c22{HTTP/1.1,[http/1.1]}{0.0.0.0:0}
2019-11-13 20:20:51,246 [main] INFO  server.AbstractConnector (AbstractConnector.java:doStop(318)) - Stopped ServerConnector@20216016{HTTP/1.1,[http/1.1]}{0.0.0.0:0}
2019-11-13 20:20:51,247 [ForkJoinPool.commonPool-worker-1] INFO  handler.ContextHandler (ContextHandler.java:doStop(910)) - Stopped o.e.j.s.ServletContextHandler@2c8b8de0{/static,jar:file:/home/user/.m2/repository/org/apache/hadoop/hadoop-hdds-container-service/0.5.0-SNAPSHOT/hadoop-hdds-container-service-0.5.0-SNAPSHOT.jar!/webapps/static,UNAVAILABLE}
2019-11-13 20:20:51,247 [main] INFO  handler.ContextHandler (ContextHandler.java:doStop(910)) - Stopped o.e.j.s.ServletContextHandler@14457a95{/static,jar:file:/home/user/.m2/repository/org/apache/hadoop/hadoop-hdds-container-service/0.5.0-SNAPSHOT/hadoop-hdds-container-service-0.5.0-SNAPSHOT.jar!/webapps/static,UNAVAILABLE}
2019-11-13 20:20:51,248 [ForkJoinPool.commonPool-worker-1] INFO  handler.ContextHandler (ContextHandler.java:doStop(910)) - Stopped o.e.j.s.ServletContextHandler@6238d5e0{/logs,file:///workdir/hadoop-ozone/integration-test/target/log,UNAVAILABLE}
2019-11-13 20:20:51,249 [main] INFO  handler.ContextHandler (ContextHandler.java:doStop(910)) - Stopped o.e.j.s.ServletContextHandler@5ac044ef{/logs,file:///workdir/hadoop-ozone/integration-test/target/log,UNAVAILABLE}
2019-11-13 20:20:51,806 [Datanode State Machine Thread - 0] INFO  statemachine.DatanodeStateMachine (DatanodeStateMachine.java:lambda$startDaemon$0(350)) - Ozone container server started.
2019-11-13 20:20:52,100 [Thread-4406] INFO  impl.FollowerState (FollowerState.java:run(111)) - 2eae8a0c-14f7-4974-be0f-a72b7694e262@group-3CC11B5AB53E-FollowerState: change to CANDIDATE, lastRpcTime:1197ms, electionTimeout:1184ms
2019-11-13 20:20:52,101 [Thread-4406] INFO  impl.RoleInfo (RoleInfo.java:shutdownFollowerState(121)) - 2eae8a0c-14f7-4974-be0f-a72b7694e262: shutdown FollowerState
2019-11-13 20:20:52,101 [Thread-4406] INFO  impl.RaftServerImpl (RaftServerImpl.java:setRole(173)) - 2eae8a0c-14f7-4974-be0f-a72b7694e262@group-3CC11B5AB53E: changes role from  FOLLOWER to CANDIDATE at term 2 for changeToCandidate
2019-11-13 20:20:52,101 [Thread-4406] INFO  impl.RoleInfo (RoleInfo.java:updateAndGet(143)) - 2eae8a0c-14f7-4974-be0f-a72b7694e262: start LeaderElection
2019-11-13 20:20:52,102 [2eae8a0c-14f7-4974-be0f-a72b7694e262@group-3CC11B5AB53E-LeaderElection219] INFO  impl.RaftServerImpl (ServerState.java:setLeader(255)) - 2eae8a0c-14f7-4974-be0f-a72b7694e262@group-3CC11B5AB53E: change Leader from 57e4e4f3-95e6-4ba3-b7c4-7652bb100830 to null at term 2 for initElection
2019-11-13 20:20:52,116 [2eae8a0c-14f7-4974-be0f-a72b7694e262@group-3CC11B5AB53E-LeaderElection219] INFO  impl.LeaderElection (LeaderElection.java:askForVotes(178)) - 2eae8a0c-14f7-4974-be0f-a72b7694e262@group-3CC11B5AB53E-LeaderElection219: begin an election at term 3 for 0: [2eae8a0c-14f7-4974-be0f-a72b7694e262:192.168.164.208:33269, b0735163-16b4-4eff-936d-5712c77b458f:192.168.164.208:33769, 57e4e4f3-95e6-4ba3-b7c4-7652bb100830:192.168.164.208:33520], old=null
2019-11-13 20:20:52,120 [2eae8a0c-14f7-4974-be0f-a72b7694e262@group-3CC11B5AB53E-LeaderElection219] INFO  impl.LeaderElection (LogUtils.java:infoOrTrace(149)) - 2eae8a0c-14f7-4974-be0f-a72b7694e262@group-3CC11B5AB53E-LeaderElection219 got exception when requesting votes: {}
java.util.concurrent.ExecutionException: org.apache.ratis.thirdparty.io.grpc.StatusRuntimeException: UNAVAILABLE: io exception
	at java.util.concurrent.FutureTask.report(FutureTask.java:122)
	at java.util.concurrent.FutureTask.get(FutureTask.java:192)
	at org.apache.ratis.server.impl.LeaderElection.waitForResults(LeaderElection.java:259)
	at org.apache.ratis.server.impl.LeaderElection.askForVotes(LeaderElection.java:197)
	at org.apache.ratis.server.impl.LeaderElection.run(LeaderElection.java:133)
	at java.lang.Thread.run(Thread.java:748)
Caused by: org.apache.ratis.thirdparty.io.grpc.StatusRuntimeException: UNAVAILABLE: io exception
	at org.apache.ratis.thirdparty.io.grpc.stub.ClientCalls.toStatusRuntimeException(ClientCalls.java:233)
	at org.apache.ratis.thirdparty.io.grpc.stub.ClientCalls.getUnchecked(ClientCalls.java:214)
	at org.apache.ratis.thirdparty.io.grpc.stub.ClientCalls.blockingUnaryCall(ClientCalls.java:139)
	at org.apache.ratis.proto.grpc.RaftServerProtocolServiceGrpc$RaftServerProtocolServiceBlockingStub.requestVote(RaftServerProtocolServiceGrpc.java:265)
	at org.apache.ratis.grpc.server.GrpcServerProtocolClient.requestVote(GrpcServerProtocolClient.java:99)
	at org.apache.ratis.grpc.server.GrpcService.requestVote(GrpcService.java:204)
	at org.apache.ratis.server.impl.LeaderElection.lambda$submitRequests$1(LeaderElection.java:234)
	at java.util.concurrent.FutureTask.run(FutureTask.java:266)
	at java.util.concurrent.Executors$RunnableAdapter.call(Executors.java:511)
	at java.util.concurrent.FutureTask.run(FutureTask.java:266)
	at java.util.concurrent.ThreadPoolExecutor.runWorker(ThreadPoolExecutor.java:1149)
	at java.util.concurrent.ThreadPoolExecutor$Worker.run(ThreadPoolExecutor.java:624)
	... 1 more
Caused by: org.apache.ratis.thirdparty.io.netty.channel.AbstractChannel$AnnotatedConnectException: Connection refused: /192.168.164.208:33769
	at sun.nio.ch.SocketChannelImpl.checkConnect(Native Method)
	at sun.nio.ch.SocketChannelImpl.finishConnect(SocketChannelImpl.java:717)
	at org.apache.ratis.thirdparty.io.netty.channel.socket.nio.NioSocketChannel.doFinishConnect(NioSocketChannel.java:327)
	at org.apache.ratis.thirdparty.io.netty.channel.nio.AbstractNioChannel$AbstractNioUnsafe.finishConnect(AbstractNioChannel.java:340)
	at org.apache.ratis.thirdparty.io.netty.channel.nio.NioEventLoop.processSelectedKey(NioEventLoop.java:632)
	at org.apache.ratis.thirdparty.io.netty.channel.nio.NioEventLoop.processSelectedKeysOptimized(NioEventLoop.java:579)
	at org.apache.ratis.thirdparty.io.netty.channel.nio.NioEventLoop.processSelectedKeys(NioEventLoop.java:496)
	at org.apache.ratis.thirdparty.io.netty.channel.nio.NioEventLoop.run(NioEventLoop.java:458)
	at org.apache.ratis.thirdparty.io.netty.util.concurrent.SingleThreadEventExecutor$5.run(SingleThreadEventExecutor.java:897)
	at org.apache.ratis.thirdparty.io.netty.util.concurrent.FastThreadLocalRunnable.run(FastThreadLocalRunnable.java:30)
	... 1 more
Caused by: java.net.ConnectException: Connection refused
	... 11 more
2019-11-13 20:20:52,120 [2eae8a0c-14f7-4974-be0f-a72b7694e262@group-3CC11B5AB53E-LeaderElection219] INFO  impl.LeaderElection (LogUtils.java:infoOrTrace(149)) - 2eae8a0c-14f7-4974-be0f-a72b7694e262@group-3CC11B5AB53E-LeaderElection219 got exception when requesting votes: {}
java.util.concurrent.ExecutionException: org.apache.ratis.thirdparty.io.grpc.StatusRuntimeException: UNAVAILABLE: io exception
	at java.util.concurrent.FutureTask.report(FutureTask.java:122)
	at java.util.concurrent.FutureTask.get(FutureTask.java:192)
	at org.apache.ratis.server.impl.LeaderElection.waitForResults(LeaderElection.java:259)
	at org.apache.ratis.server.impl.LeaderElection.askForVotes(LeaderElection.java:197)
	at org.apache.ratis.server.impl.LeaderElection.run(LeaderElection.java:133)
	at java.lang.Thread.run(Thread.java:748)
Caused by: org.apache.ratis.thirdparty.io.grpc.StatusRuntimeException: UNAVAILABLE: io exception
	at org.apache.ratis.thirdparty.io.grpc.stub.ClientCalls.toStatusRuntimeException(ClientCalls.java:233)
	at org.apache.ratis.thirdparty.io.grpc.stub.ClientCalls.getUnchecked(ClientCalls.java:214)
	at org.apache.ratis.thirdparty.io.grpc.stub.ClientCalls.blockingUnaryCall(ClientCalls.java:139)
	at org.apache.ratis.proto.grpc.RaftServerProtocolServiceGrpc$RaftServerProtocolServiceBlockingStub.requestVote(RaftServerProtocolServiceGrpc.java:265)
	at org.apache.ratis.grpc.server.GrpcServerProtocolClient.requestVote(GrpcServerProtocolClient.java:99)
	at org.apache.ratis.grpc.server.GrpcService.requestVote(GrpcService.java:204)
	at org.apache.ratis.server.impl.LeaderElection.lambda$submitRequests$1(LeaderElection.java:234)
	at java.util.concurrent.FutureTask.run(FutureTask.java:266)
	at java.util.concurrent.Executors$RunnableAdapter.call(Executors.java:511)
	at java.util.concurrent.FutureTask.run(FutureTask.java:266)
	at java.util.concurrent.ThreadPoolExecutor.runWorker(ThreadPoolExecutor.java:1149)
	at java.util.concurrent.ThreadPoolExecutor$Worker.run(ThreadPoolExecutor.java:624)
	... 1 more
Caused by: org.apache.ratis.thirdparty.io.netty.channel.AbstractChannel$AnnotatedConnectException: Connection refused: /192.168.164.208:33520
	at sun.nio.ch.SocketChannelImpl.checkConnect(Native Method)
	at sun.nio.ch.SocketChannelImpl.finishConnect(SocketChannelImpl.java:717)
	at org.apache.ratis.thirdparty.io.netty.channel.socket.nio.NioSocketChannel.doFinishConnect(NioSocketChannel.java:327)
	at org.apache.ratis.thirdparty.io.netty.channel.nio.AbstractNioChannel$AbstractNioUnsafe.finishConnect(AbstractNioChannel.java:340)
	at org.apache.ratis.thirdparty.io.netty.channel.nio.NioEventLoop.processSelectedKey(NioEventLoop.java:632)
	at org.apache.ratis.thirdparty.io.netty.channel.nio.NioEventLoop.processSelectedKeysOptimized(NioEventLoop.java:579)
	at org.apache.ratis.thirdparty.io.netty.channel.nio.NioEventLoop.processSelectedKeys(NioEventLoop.java:496)
	at org.apache.ratis.thirdparty.io.netty.channel.nio.NioEventLoop.run(NioEventLoop.java:458)
	at org.apache.ratis.thirdparty.io.netty.util.concurrent.SingleThreadEventExecutor$5.run(SingleThreadEventExecutor.java:897)
	at org.apache.ratis.thirdparty.io.netty.util.concurrent.FastThreadLocalRunnable.run(FastThreadLocalRunnable.java:30)
	... 1 more
Caused by: java.net.ConnectException: Connection refused
	... 11 more
2019-11-13 20:20:52,121 [2eae8a0c-14f7-4974-be0f-a72b7694e262@group-3CC11B5AB53E-LeaderElection219] INFO  impl.LeaderElection (LeaderElection.java:logAndReturn(56)) - 2eae8a0c-14f7-4974-be0f-a72b7694e262@group-3CC11B5AB53E-LeaderElection219: Election REJECTED; received 0 response(s) [] and 2 exception(s); 2eae8a0c-14f7-4974-be0f-a72b7694e262@group-3CC11B5AB53E:t3, leader=null, voted=2eae8a0c-14f7-4974-be0f-a72b7694e262, raftlog=2eae8a0c-14f7-4974-be0f-a72b7694e262@group-3CC11B5AB53E-SegmentedRaftLog:OPENED:c6,f6,i6, conf=0: [2eae8a0c-14f7-4974-be0f-a72b7694e262:192.168.164.208:33269, b0735163-16b4-4eff-936d-5712c77b458f:192.168.164.208:33769, 57e4e4f3-95e6-4ba3-b7c4-7652bb100830:192.168.164.208:33520], old=null
2019-11-13 20:20:52,121 [2eae8a0c-14f7-4974-be0f-a72b7694e262@group-3CC11B5AB53E-LeaderElection219] INFO  impl.LeaderElection (LogUtils.java:infoOrTrace(149)) -   Exception 0: {}
java.util.concurrent.ExecutionException: org.apache.ratis.thirdparty.io.grpc.StatusRuntimeException: UNAVAILABLE: io exception
	at java.util.concurrent.FutureTask.report(FutureTask.java:122)
	at java.util.concurrent.FutureTask.get(FutureTask.java:192)
	at org.apache.ratis.server.impl.LeaderElection.waitForResults(LeaderElection.java:259)
	at org.apache.ratis.server.impl.LeaderElection.askForVotes(LeaderElection.java:197)
	at org.apache.ratis.server.impl.LeaderElection.run(LeaderElection.java:133)
	at java.lang.Thread.run(Thread.java:748)
Caused by: org.apache.ratis.thirdparty.io.grpc.StatusRuntimeException: UNAVAILABLE: io exception
	at org.apache.ratis.thirdparty.io.grpc.stub.ClientCalls.toStatusRuntimeException(ClientCalls.java:233)
	at org.apache.ratis.thirdparty.io.grpc.stub.ClientCalls.getUnchecked(ClientCalls.java:214)
	at org.apache.ratis.thirdparty.io.grpc.stub.ClientCalls.blockingUnaryCall(ClientCalls.java:139)
	at org.apache.ratis.proto.grpc.RaftServerProtocolServiceGrpc$RaftServerProtocolServiceBlockingStub.requestVote(RaftServerProtocolServiceGrpc.java:265)
	at org.apache.ratis.grpc.server.GrpcServerProtocolClient.requestVote(GrpcServerProtocolClient.java:99)
	at org.apache.ratis.grpc.server.GrpcService.requestVote(GrpcService.java:204)
	at org.apache.ratis.server.impl.LeaderElection.lambda$submitRequests$1(LeaderElection.java:234)
	at java.util.concurrent.FutureTask.run(FutureTask.java:266)
	at java.util.concurrent.Executors$RunnableAdapter.call(Executors.java:511)
	at java.util.concurrent.FutureTask.run(FutureTask.java:266)
	at java.util.concurrent.ThreadPoolExecutor.runWorker(ThreadPoolExecutor.java:1149)
	at java.util.concurrent.ThreadPoolExecutor$Worker.run(ThreadPoolExecutor.java:624)
	... 1 more
Caused by: org.apache.ratis.thirdparty.io.netty.channel.AbstractChannel$AnnotatedConnectException: Connection refused: /192.168.164.208:33769
	at sun.nio.ch.SocketChannelImpl.checkConnect(Native Method)
	at sun.nio.ch.SocketChannelImpl.finishConnect(SocketChannelImpl.java:717)
	at org.apache.ratis.thirdparty.io.netty.channel.socket.nio.NioSocketChannel.doFinishConnect(NioSocketChannel.java:327)
	at org.apache.ratis.thirdparty.io.netty.channel.nio.AbstractNioChannel$AbstractNioUnsafe.finishConnect(AbstractNioChannel.java:340)
	at org.apache.ratis.thirdparty.io.netty.channel.nio.NioEventLoop.processSelectedKey(NioEventLoop.java:632)
	at org.apache.ratis.thirdparty.io.netty.channel.nio.NioEventLoop.processSelectedKeysOptimized(NioEventLoop.java:579)
	at org.apache.ratis.thirdparty.io.netty.channel.nio.NioEventLoop.processSelectedKeys(NioEventLoop.java:496)
	at org.apache.ratis.thirdparty.io.netty.channel.nio.NioEventLoop.run(NioEventLoop.java:458)
	at org.apache.ratis.thirdparty.io.netty.util.concurrent.SingleThreadEventExecutor$5.run(SingleThreadEventExecutor.java:897)
	at org.apache.ratis.thirdparty.io.netty.util.concurrent.FastThreadLocalRunnable.run(FastThreadLocalRunnable.java:30)
	... 1 more
Caused by: java.net.ConnectException: Connection refused
	... 11 more
2019-11-13 20:20:52,121 [2eae8a0c-14f7-4974-be0f-a72b7694e262@group-3CC11B5AB53E-LeaderElection219] INFO  impl.LeaderElection (LogUtils.java:infoOrTrace(149)) -   Exception 1: {}
java.util.concurrent.ExecutionException: org.apache.ratis.thirdparty.io.grpc.StatusRuntimeException: UNAVAILABLE: io exception
	at java.util.concurrent.FutureTask.report(FutureTask.java:122)
	at java.util.concurrent.FutureTask.get(FutureTask.java:192)
	at org.apache.ratis.server.impl.LeaderElection.waitForResults(LeaderElection.java:259)
	at org.apache.ratis.server.impl.LeaderElection.askForVotes(LeaderElection.java:197)
	at org.apache.ratis.server.impl.LeaderElection.run(LeaderElection.java:133)
	at java.lang.Thread.run(Thread.java:748)
Caused by: org.apache.ratis.thirdparty.io.grpc.StatusRuntimeException: UNAVAILABLE: io exception
	at org.apache.ratis.thirdparty.io.grpc.stub.ClientCalls.toStatusRuntimeException(ClientCalls.java:233)
	at org.apache.ratis.thirdparty.io.grpc.stub.ClientCalls.getUnchecked(ClientCalls.java:214)
	at org.apache.ratis.thirdparty.io.grpc.stub.ClientCalls.blockingUnaryCall(ClientCalls.java:139)
	at org.apache.ratis.proto.grpc.RaftServerProtocolServiceGrpc$RaftServerProtocolServiceBlockingStub.requestVote(RaftServerProtocolServiceGrpc.java:265)
	at org.apache.ratis.grpc.server.GrpcServerProtocolClient.requestVote(GrpcServerProtocolClient.java:99)
	at org.apache.ratis.grpc.server.GrpcService.requestVote(GrpcService.java:204)
	at org.apache.ratis.server.impl.LeaderElection.lambda$submitRequests$1(LeaderElection.java:234)
	at java.util.concurrent.FutureTask.run(FutureTask.java:266)
	at java.util.concurrent.Executors$RunnableAdapter.call(Executors.java:511)
	at java.util.concurrent.FutureTask.run(FutureTask.java:266)
	at java.util.concurrent.ThreadPoolExecutor.runWorker(ThreadPoolExecutor.java:1149)
	at java.util.concurrent.ThreadPoolExecutor$Worker.run(ThreadPoolExecutor.java:624)
	... 1 more
Caused by: org.apache.ratis.thirdparty.io.netty.channel.AbstractChannel$AnnotatedConnectException: Connection refused: /192.168.164.208:33520
	at sun.nio.ch.SocketChannelImpl.checkConnect(Native Method)
	at sun.nio.ch.SocketChannelImpl.finishConnect(SocketChannelImpl.java:717)
	at org.apache.ratis.thirdparty.io.netty.channel.socket.nio.NioSocketChannel.doFinishConnect(NioSocketChannel.java:327)
	at org.apache.ratis.thirdparty.io.netty.channel.nio.AbstractNioChannel$AbstractNioUnsafe.finishConnect(AbstractNioChannel.java:340)
	at org.apache.ratis.thirdparty.io.netty.channel.nio.NioEventLoop.processSelectedKey(NioEventLoop.java:632)
	at org.apache.ratis.thirdparty.io.netty.channel.nio.NioEventLoop.processSelectedKeysOptimized(NioEventLoop.java:579)
	at org.apache.ratis.thirdparty.io.netty.channel.nio.NioEventLoop.processSelectedKeys(NioEventLoop.java:496)
	at org.apache.ratis.thirdparty.io.netty.channel.nio.NioEventLoop.run(NioEventLoop.java:458)
	at org.apache.ratis.thirdparty.io.netty.util.concurrent.SingleThreadEventExecutor$5.run(SingleThreadEventExecutor.java:897)
	at org.apache.ratis.thirdparty.io.netty.util.concurrent.FastThreadLocalRunnable.run(FastThreadLocalRunnable.java:30)
	... 1 more
Caused by: java.net.ConnectException: Connection refused
	... 11 more
2019-11-13 20:20:52,122 [2eae8a0c-14f7-4974-be0f-a72b7694e262@group-3CC11B5AB53E-LeaderElection219] INFO  impl.RaftServerImpl (RaftServerImpl.java:setRole(173)) - 2eae8a0c-14f7-4974-be0f-a72b7694e262@group-3CC11B5AB53E: changes role from CANDIDATE to FOLLOWER at term 3 for DISCOVERED_A_NEW_TERM
2019-11-13 20:20:52,122 [2eae8a0c-14f7-4974-be0f-a72b7694e262@group-3CC11B5AB53E-LeaderElection219] INFO  impl.RoleInfo (RoleInfo.java:shutdownLeaderElection(134)) - 2eae8a0c-14f7-4974-be0f-a72b7694e262: shutdown LeaderElection
2019-11-13 20:20:52,122 [2eae8a0c-14f7-4974-be0f-a72b7694e262@group-3CC11B5AB53E-LeaderElection219] INFO  impl.RoleInfo (RoleInfo.java:updateAndGet(143)) - 2eae8a0c-14f7-4974-be0f-a72b7694e262: start FollowerState
2019-11-13 20:20:53,197 [Thread-4606] INFO  impl.FollowerState (FollowerState.java:run(111)) - 2eae8a0c-14f7-4974-be0f-a72b7694e262@group-3CC11B5AB53E-FollowerState: change to CANDIDATE, lastRpcTime:1074ms, electionTimeout:1074ms
2019-11-13 20:20:53,197 [Thread-4606] INFO  impl.RoleInfo (RoleInfo.java:shutdownFollowerState(121)) - 2eae8a0c-14f7-4974-be0f-a72b7694e262: shutdown FollowerState
2019-11-13 20:20:53,197 [Thread-4606] INFO  impl.RaftServerImpl (RaftServerImpl.java:setRole(173)) - 2eae8a0c-14f7-4974-be0f-a72b7694e262@group-3CC11B5AB53E: changes role from  FOLLOWER to CANDIDATE at term 3 for changeToCandidate
2019-11-13 20:20:53,197 [Thread-4606] INFO  impl.RoleInfo (RoleInfo.java:updateAndGet(143)) - 2eae8a0c-14f7-4974-be0f-a72b7694e262: start LeaderElection
2019-11-13 20:20:53,211 [2eae8a0c-14f7-4974-be0f-a72b7694e262@group-3CC11B5AB53E-LeaderElection220] INFO  impl.LeaderElection (LeaderElection.java:askForVotes(178)) - 2eae8a0c-14f7-4974-be0f-a72b7694e262@group-3CC11B5AB53E-LeaderElection220: begin an election at term 4 for 0: [2eae8a0c-14f7-4974-be0f-a72b7694e262:192.168.164.208:33269, b0735163-16b4-4eff-936d-5712c77b458f:192.168.164.208:33769, 57e4e4f3-95e6-4ba3-b7c4-7652bb100830:192.168.164.208:33520], old=null
2019-11-13 20:20:53,212 [2eae8a0c-14f7-4974-be0f-a72b7694e262@group-3CC11B5AB53E-LeaderElection220] INFO  impl.LeaderElection (LogUtils.java:infoOrTrace(149)) - 2eae8a0c-14f7-4974-be0f-a72b7694e262@group-3CC11B5AB53E-LeaderElection220 got exception when requesting votes: {}
java.util.concurrent.ExecutionException: org.apache.ratis.thirdparty.io.grpc.StatusRuntimeException: UNAVAILABLE: io exception
	at java.util.concurrent.FutureTask.report(FutureTask.java:122)
	at java.util.concurrent.FutureTask.get(FutureTask.java:192)
	at org.apache.ratis.server.impl.LeaderElection.waitForResults(LeaderElection.java:259)
	at org.apache.ratis.server.impl.LeaderElection.askForVotes(LeaderElection.java:197)
	at org.apache.ratis.server.impl.LeaderElection.run(LeaderElection.java:133)
	at java.lang.Thread.run(Thread.java:748)
Caused by: org.apache.ratis.thirdparty.io.grpc.StatusRuntimeException: UNAVAILABLE: io exception
	at org.apache.ratis.thirdparty.io.grpc.stub.ClientCalls.toStatusRuntimeException(ClientCalls.java:233)
	at org.apache.ratis.thirdparty.io.grpc.stub.ClientCalls.getUnchecked(ClientCalls.java:214)
	at org.apache.ratis.thirdparty.io.grpc.stub.ClientCalls.blockingUnaryCall(ClientCalls.java:139)
	at org.apache.ratis.proto.grpc.RaftServerProtocolServiceGrpc$RaftServerProtocolServiceBlockingStub.requestVote(RaftServerProtocolServiceGrpc.java:265)
	at org.apache.ratis.grpc.server.GrpcServerProtocolClient.requestVote(GrpcServerProtocolClient.java:99)
	at org.apache.ratis.grpc.server.GrpcService.requestVote(GrpcService.java:204)
	at org.apache.ratis.server.impl.LeaderElection.lambda$submitRequests$1(LeaderElection.java:234)
	at java.util.concurrent.FutureTask.run(FutureTask.java:266)
	at java.util.concurrent.Executors$RunnableAdapter.call(Executors.java:511)
	at java.util.concurrent.FutureTask.run(FutureTask.java:266)
	at java.util.concurrent.ThreadPoolExecutor.runWorker(ThreadPoolExecutor.java:1149)
	at java.util.concurrent.ThreadPoolExecutor$Worker.run(ThreadPoolExecutor.java:624)
	... 1 more
Caused by: org.apache.ratis.thirdparty.io.netty.channel.AbstractChannel$AnnotatedConnectException: Connection refused: /192.168.164.208:33769
	at sun.nio.ch.SocketChannelImpl.checkConnect(Native Method)
	at sun.nio.ch.SocketChannelImpl.finishConnect(SocketChannelImpl.java:717)
	at org.apache.ratis.thirdparty.io.netty.channel.socket.nio.NioSocketChannel.doFinishConnect(NioSocketChannel.java:327)
	at org.apache.ratis.thirdparty.io.netty.channel.nio.AbstractNioChannel$AbstractNioUnsafe.finishConnect(AbstractNioChannel.java:340)
	at org.apache.ratis.thirdparty.io.netty.channel.nio.NioEventLoop.processSelectedKey(NioEventLoop.java:632)
	at org.apache.ratis.thirdparty.io.netty.channel.nio.NioEventLoop.processSelectedKeysOptimized(NioEventLoop.java:579)
	at org.apache.ratis.thirdparty.io.netty.channel.nio.NioEventLoop.processSelectedKeys(NioEventLoop.java:496)
	at org.apache.ratis.thirdparty.io.netty.channel.nio.NioEventLoop.run(NioEventLoop.java:458)
	at org.apache.ratis.thirdparty.io.netty.util.concurrent.SingleThreadEventExecutor$5.run(SingleThreadEventExecutor.java:897)
	at org.apache.ratis.thirdparty.io.netty.util.concurrent.FastThreadLocalRunnable.run(FastThreadLocalRunnable.java:30)
	... 1 more
Caused by: java.net.ConnectException: Connection refused
	... 11 more
2019-11-13 20:20:53,213 [2eae8a0c-14f7-4974-be0f-a72b7694e262@group-3CC11B5AB53E-LeaderElection220] INFO  impl.LeaderElection (LogUtils.java:infoOrTrace(149)) - 2eae8a0c-14f7-4974-be0f-a72b7694e262@group-3CC11B5AB53E-LeaderElection220 got exception when requesting votes: {}
java.util.concurrent.ExecutionException: org.apache.ratis.thirdparty.io.grpc.StatusRuntimeException: UNAVAILABLE: io exception
	at java.util.concurrent.FutureTask.report(FutureTask.java:122)
	at java.util.concurrent.FutureTask.get(FutureTask.java:192)
	at org.apache.ratis.server.impl.LeaderElection.waitForResults(LeaderElection.java:259)
	at org.apache.ratis.server.impl.LeaderElection.askForVotes(LeaderElection.java:197)
	at org.apache.ratis.server.impl.LeaderElection.run(LeaderElection.java:133)
	at java.lang.Thread.run(Thread.java:748)
Caused by: org.apache.ratis.thirdparty.io.grpc.StatusRuntimeException: UNAVAILABLE: io exception
	at org.apache.ratis.thirdparty.io.grpc.stub.ClientCalls.toStatusRuntimeException(ClientCalls.java:233)
	at org.apache.ratis.thirdparty.io.grpc.stub.ClientCalls.getUnchecked(ClientCalls.java:214)
	at org.apache.ratis.thirdparty.io.grpc.stub.ClientCalls.blockingUnaryCall(ClientCalls.java:139)
	at org.apache.ratis.proto.grpc.RaftServerProtocolServiceGrpc$RaftServerProtocolServiceBlockingStub.requestVote(RaftServerProtocolServiceGrpc.java:265)
	at org.apache.ratis.grpc.server.GrpcServerProtocolClient.requestVote(GrpcServerProtocolClient.java:99)
	at org.apache.ratis.grpc.server.GrpcService.requestVote(GrpcService.java:204)
	at org.apache.ratis.server.impl.LeaderElection.lambda$submitRequests$1(LeaderElection.java:234)
	at java.util.concurrent.FutureTask.run(FutureTask.java:266)
	at java.util.concurrent.Executors$RunnableAdapter.call(Executors.java:511)
	at java.util.concurrent.FutureTask.run(FutureTask.java:266)
	at java.util.concurrent.ThreadPoolExecutor.runWorker(ThreadPoolExecutor.java:1149)
	at java.util.concurrent.ThreadPoolExecutor$Worker.run(ThreadPoolExecutor.java:624)
	... 1 more
Caused by: org.apache.ratis.thirdparty.io.netty.channel.AbstractChannel$AnnotatedConnectException: Connection refused: /192.168.164.208:33520
	at sun.nio.ch.SocketChannelImpl.checkConnect(Native Method)
	at sun.nio.ch.SocketChannelImpl.finishConnect(SocketChannelImpl.java:717)
	at org.apache.ratis.thirdparty.io.netty.channel.socket.nio.NioSocketChannel.doFinishConnect(NioSocketChannel.java:327)
	at org.apache.ratis.thirdparty.io.netty.channel.nio.AbstractNioChannel$AbstractNioUnsafe.finishConnect(AbstractNioChannel.java:340)
	at org.apache.ratis.thirdparty.io.netty.channel.nio.NioEventLoop.processSelectedKey(NioEventLoop.java:632)
	at org.apache.ratis.thirdparty.io.netty.channel.nio.NioEventLoop.processSelectedKeysOptimized(NioEventLoop.java:579)
	at org.apache.ratis.thirdparty.io.netty.channel.nio.NioEventLoop.processSelectedKeys(NioEventLoop.java:496)
	at org.apache.ratis.thirdparty.io.netty.channel.nio.NioEventLoop.run(NioEventLoop.java:458)
	at org.apache.ratis.thirdparty.io.netty.util.concurrent.SingleThreadEventExecutor$5.run(SingleThreadEventExecutor.java:897)
	at org.apache.ratis.thirdparty.io.netty.util.concurrent.FastThreadLocalRunnable.run(FastThreadLocalRunnable.java:30)
	... 1 more
Caused by: java.net.ConnectException: Connection refused
	... 11 more
2019-11-13 20:20:53,213 [2eae8a0c-14f7-4974-be0f-a72b7694e262@group-3CC11B5AB53E-LeaderElection220] INFO  impl.LeaderElection (LeaderElection.java:logAndReturn(56)) - 2eae8a0c-14f7-4974-be0f-a72b7694e262@group-3CC11B5AB53E-LeaderElection220: Election REJECTED; received 0 response(s) [] and 2 exception(s); 2eae8a0c-14f7-4974-be0f-a72b7694e262@group-3CC11B5AB53E:t4, leader=null, voted=2eae8a0c-14f7-4974-be0f-a72b7694e262, raftlog=2eae8a0c-14f7-4974-be0f-a72b7694e262@group-3CC11B5AB53E-SegmentedRaftLog:OPENED:c6,f6,i6, conf=0: [2eae8a0c-14f7-4974-be0f-a72b7694e262:192.168.164.208:33269, b0735163-16b4-4eff-936d-5712c77b458f:192.168.164.208:33769, 57e4e4f3-95e6-4ba3-b7c4-7652bb100830:192.168.164.208:33520], old=null
2019-11-13 20:20:53,213 [2eae8a0c-14f7-4974-be0f-a72b7694e262@group-3CC11B5AB53E-LeaderElection220] INFO  impl.LeaderElection (LogUtils.java:infoOrTrace(149)) -   Exception 0: {}
java.util.concurrent.ExecutionException: org.apache.ratis.thirdparty.io.grpc.StatusRuntimeException: UNAVAILABLE: io exception
	at java.util.concurrent.FutureTask.report(FutureTask.java:122)
	at java.util.concurrent.FutureTask.get(FutureTask.java:192)
	at org.apache.ratis.server.impl.LeaderElection.waitForResults(LeaderElection.java:259)
	at org.apache.ratis.server.impl.LeaderElection.askForVotes(LeaderElection.java:197)
	at org.apache.ratis.server.impl.LeaderElection.run(LeaderElection.java:133)
	at java.lang.Thread.run(Thread.java:748)
Caused by: org.apache.ratis.thirdparty.io.grpc.StatusRuntimeException: UNAVAILABLE: io exception
	at org.apache.ratis.thirdparty.io.grpc.stub.ClientCalls.toStatusRuntimeException(ClientCalls.java:233)
	at org.apache.ratis.thirdparty.io.grpc.stub.ClientCalls.getUnchecked(ClientCalls.java:214)
	at org.apache.ratis.thirdparty.io.grpc.stub.ClientCalls.blockingUnaryCall(ClientCalls.java:139)
	at org.apache.ratis.proto.grpc.RaftServerProtocolServiceGrpc$RaftServerProtocolServiceBlockingStub.requestVote(RaftServerProtocolServiceGrpc.java:265)
	at org.apache.ratis.grpc.server.GrpcServerProtocolClient.requestVote(GrpcServerProtocolClient.java:99)
	at org.apache.ratis.grpc.server.GrpcService.requestVote(GrpcService.java:204)
	at org.apache.ratis.server.impl.LeaderElection.lambda$submitRequests$1(LeaderElection.java:234)
	at java.util.concurrent.FutureTask.run(FutureTask.java:266)
	at java.util.concurrent.Executors$RunnableAdapter.call(Executors.java:511)
	at java.util.concurrent.FutureTask.run(FutureTask.java:266)
	at java.util.concurrent.ThreadPoolExecutor.runWorker(ThreadPoolExecutor.java:1149)
	at java.util.concurrent.ThreadPoolExecutor$Worker.run(ThreadPoolExecutor.java:624)
	... 1 more
Caused by: org.apache.ratis.thirdparty.io.netty.channel.AbstractChannel$AnnotatedConnectException: Connection refused: /192.168.164.208:33769
	at sun.nio.ch.SocketChannelImpl.checkConnect(Native Method)
	at sun.nio.ch.SocketChannelImpl.finishConnect(SocketChannelImpl.java:717)
	at org.apache.ratis.thirdparty.io.netty.channel.socket.nio.NioSocketChannel.doFinishConnect(NioSocketChannel.java:327)
	at org.apache.ratis.thirdparty.io.netty.channel.nio.AbstractNioChannel$AbstractNioUnsafe.finishConnect(AbstractNioChannel.java:340)
	at org.apache.ratis.thirdparty.io.netty.channel.nio.NioEventLoop.processSelectedKey(NioEventLoop.java:632)
	at org.apache.ratis.thirdparty.io.netty.channel.nio.NioEventLoop.processSelectedKeysOptimized(NioEventLoop.java:579)
	at org.apache.ratis.thirdparty.io.netty.channel.nio.NioEventLoop.processSelectedKeys(NioEventLoop.java:496)
	at org.apache.ratis.thirdparty.io.netty.channel.nio.NioEventLoop.run(NioEventLoop.java:458)
	at org.apache.ratis.thirdparty.io.netty.util.concurrent.SingleThreadEventExecutor$5.run(SingleThreadEventExecutor.java:897)
	at org.apache.ratis.thirdparty.io.netty.util.concurrent.FastThreadLocalRunnable.run(FastThreadLocalRunnable.java:30)
	... 1 more
Caused by: java.net.ConnectException: Connection refused
	... 11 more
2019-11-13 20:20:53,213 [2eae8a0c-14f7-4974-be0f-a72b7694e262@group-3CC11B5AB53E-LeaderElection220] INFO  impl.LeaderElection (LogUtils.java:infoOrTrace(149)) -   Exception 1: {}
java.util.concurrent.ExecutionException: org.apache.ratis.thirdparty.io.grpc.StatusRuntimeException: UNAVAILABLE: io exception
	at java.util.concurrent.FutureTask.report(FutureTask.java:122)
	at java.util.concurrent.FutureTask.get(FutureTask.java:192)
	at org.apache.ratis.server.impl.LeaderElection.waitForResults(LeaderElection.java:259)
	at org.apache.ratis.server.impl.LeaderElection.askForVotes(LeaderElection.java:197)
	at org.apache.ratis.server.impl.LeaderElection.run(LeaderElection.java:133)
	at java.lang.Thread.run(Thread.java:748)
Caused by: org.apache.ratis.thirdparty.io.grpc.StatusRuntimeException: UNAVAILABLE: io exception
	at org.apache.ratis.thirdparty.io.grpc.stub.ClientCalls.toStatusRuntimeException(ClientCalls.java:233)
	at org.apache.ratis.thirdparty.io.grpc.stub.ClientCalls.getUnchecked(ClientCalls.java:214)
	at org.apache.ratis.thirdparty.io.grpc.stub.ClientCalls.blockingUnaryCall(ClientCalls.java:139)
	at org.apache.ratis.proto.grpc.RaftServerProtocolServiceGrpc$RaftServerProtocolServiceBlockingStub.requestVote(RaftServerProtocolServiceGrpc.java:265)
	at org.apache.ratis.grpc.server.GrpcServerProtocolClient.requestVote(GrpcServerProtocolClient.java:99)
	at org.apache.ratis.grpc.server.GrpcService.requestVote(GrpcService.java:204)
	at org.apache.ratis.server.impl.LeaderElection.lambda$submitRequests$1(LeaderElection.java:234)
	at java.util.concurrent.FutureTask.run(FutureTask.java:266)
	at java.util.concurrent.Executors$RunnableAdapter.call(Executors.java:511)
	at java.util.concurrent.FutureTask.run(FutureTask.java:266)
	at java.util.concurrent.ThreadPoolExecutor.runWorker(ThreadPoolExecutor.java:1149)
	at java.util.concurrent.ThreadPoolExecutor$Worker.run(ThreadPoolExecutor.java:624)
	... 1 more
Caused by: org.apache.ratis.thirdparty.io.netty.channel.AbstractChannel$AnnotatedConnectException: Connection refused: /192.168.164.208:33520
	at sun.nio.ch.SocketChannelImpl.checkConnect(Native Method)
	at sun.nio.ch.SocketChannelImpl.finishConnect(SocketChannelImpl.java:717)
	at org.apache.ratis.thirdparty.io.netty.channel.socket.nio.NioSocketChannel.doFinishConnect(NioSocketChannel.java:327)
	at org.apache.ratis.thirdparty.io.netty.channel.nio.AbstractNioChannel$AbstractNioUnsafe.finishConnect(AbstractNioChannel.java:340)
	at org.apache.ratis.thirdparty.io.netty.channel.nio.NioEventLoop.processSelectedKey(NioEventLoop.java:632)
	at org.apache.ratis.thirdparty.io.netty.channel.nio.NioEventLoop.processSelectedKeysOptimized(NioEventLoop.java:579)
	at org.apache.ratis.thirdparty.io.netty.channel.nio.NioEventLoop.processSelectedKeys(NioEventLoop.java:496)
	at org.apache.ratis.thirdparty.io.netty.channel.nio.NioEventLoop.run(NioEventLoop.java:458)
	at org.apache.ratis.thirdparty.io.netty.util.concurrent.SingleThreadEventExecutor$5.run(SingleThreadEventExecutor.java:897)
	at org.apache.ratis.thirdparty.io.netty.util.concurrent.FastThreadLocalRunnable.run(FastThreadLocalRunnable.java:30)
	... 1 more
Caused by: java.net.ConnectException: Connection refused
	... 11 more
2019-11-13 20:20:53,214 [2eae8a0c-14f7-4974-be0f-a72b7694e262@group-3CC11B5AB53E-LeaderElection220] INFO  impl.RaftServerImpl (RaftServerImpl.java:setRole(173)) - 2eae8a0c-14f7-4974-be0f-a72b7694e262@group-3CC11B5AB53E: changes role from CANDIDATE to FOLLOWER at term 4 for DISCOVERED_A_NEW_TERM
2019-11-13 20:20:53,214 [2eae8a0c-14f7-4974-be0f-a72b7694e262@group-3CC11B5AB53E-LeaderElection220] INFO  impl.RoleInfo (RoleInfo.java:shutdownLeaderElection(134)) - 2eae8a0c-14f7-4974-be0f-a72b7694e262: shutdown LeaderElection
2019-11-13 20:20:53,214 [2eae8a0c-14f7-4974-be0f-a72b7694e262@group-3CC11B5AB53E-LeaderElection220] INFO  impl.RoleInfo (RoleInfo.java:updateAndGet(143)) - 2eae8a0c-14f7-4974-be0f-a72b7694e262: start FollowerState
2019-11-13 20:20:54,287 [Thread-4610] INFO  impl.FollowerState (FollowerState.java:run(111)) - 2eae8a0c-14f7-4974-be0f-a72b7694e262@group-3CC11B5AB53E-FollowerState: change to CANDIDATE, lastRpcTime:1072ms, electionTimeout:1072ms
2019-11-13 20:20:54,288 [Thread-4610] INFO  impl.RoleInfo (RoleInfo.java:shutdownFollowerState(121)) - 2eae8a0c-14f7-4974-be0f-a72b7694e262: shutdown FollowerState
2019-11-13 20:20:54,288 [Thread-4610] INFO  impl.RaftServerImpl (RaftServerImpl.java:setRole(173)) - 2eae8a0c-14f7-4974-be0f-a72b7694e262@group-3CC11B5AB53E: changes role from  FOLLOWER to CANDIDATE at term 4 for changeToCandidate
2019-11-13 20:20:54,289 [Thread-4610] INFO  impl.RoleInfo (RoleInfo.java:updateAndGet(143)) - 2eae8a0c-14f7-4974-be0f-a72b7694e262: start LeaderElection
2019-11-13 20:20:54,304 [2eae8a0c-14f7-4974-be0f-a72b7694e262@group-3CC11B5AB53E-LeaderElection221] INFO  impl.LeaderElection (LeaderElection.java:askForVotes(178)) - 2eae8a0c-14f7-4974-be0f-a72b7694e262@group-3CC11B5AB53E-LeaderElection221: begin an election at term 5 for 0: [2eae8a0c-14f7-4974-be0f-a72b7694e262:192.168.164.208:33269, b0735163-16b4-4eff-936d-5712c77b458f:192.168.164.208:33769, 57e4e4f3-95e6-4ba3-b7c4-7652bb100830:192.168.164.208:33520], old=null
2019-11-13 20:20:54,307 [2eae8a0c-14f7-4974-be0f-a72b7694e262@group-3CC11B5AB53E-LeaderElection221] INFO  impl.LeaderElection (LogUtils.java:infoOrTrace(149)) - 2eae8a0c-14f7-4974-be0f-a72b7694e262@group-3CC11B5AB53E-LeaderElection221 got exception when requesting votes: {}
java.util.concurrent.ExecutionException: org.apache.ratis.thirdparty.io.grpc.StatusRuntimeException: UNAVAILABLE: io exception
	at java.util.concurrent.FutureTask.report(FutureTask.java:122)
	at java.util.concurrent.FutureTask.get(FutureTask.java:192)
	at org.apache.ratis.server.impl.LeaderElection.waitForResults(LeaderElection.java:259)
	at org.apache.ratis.server.impl.LeaderElection.askForVotes(LeaderElection.java:197)
	at org.apache.ratis.server.impl.LeaderElection.run(LeaderElection.java:133)
	at java.lang.Thread.run(Thread.java:748)
Caused by: org.apache.ratis.thirdparty.io.grpc.StatusRuntimeException: UNAVAILABLE: io exception
	at org.apache.ratis.thirdparty.io.grpc.stub.ClientCalls.toStatusRuntimeException(ClientCalls.java:233)
	at org.apache.ratis.thirdparty.io.grpc.stub.ClientCalls.getUnchecked(ClientCalls.java:214)
	at org.apache.ratis.thirdparty.io.grpc.stub.ClientCalls.blockingUnaryCall(ClientCalls.java:139)
	at org.apache.ratis.proto.grpc.RaftServerProtocolServiceGrpc$RaftServerProtocolServiceBlockingStub.requestVote(RaftServerProtocolServiceGrpc.java:265)
	at org.apache.ratis.grpc.server.GrpcServerProtocolClient.requestVote(GrpcServerProtocolClient.java:99)
	at org.apache.ratis.grpc.server.GrpcService.requestVote(GrpcService.java:204)
	at org.apache.ratis.server.impl.LeaderElection.lambda$submitRequests$1(LeaderElection.java:234)
	at java.util.concurrent.FutureTask.run(FutureTask.java:266)
	at java.util.concurrent.Executors$RunnableAdapter.call(Executors.java:511)
	at java.util.concurrent.FutureTask.run(FutureTask.java:266)
	at java.util.concurrent.ThreadPoolExecutor.runWorker(ThreadPoolExecutor.java:1149)
	at java.util.concurrent.ThreadPoolExecutor$Worker.run(ThreadPoolExecutor.java:624)
	... 1 more
Caused by: org.apache.ratis.thirdparty.io.netty.channel.AbstractChannel$AnnotatedConnectException: Connection refused: /192.168.164.208:33769
	at sun.nio.ch.SocketChannelImpl.checkConnect(Native Method)
	at sun.nio.ch.SocketChannelImpl.finishConnect(SocketChannelImpl.java:717)
	at org.apache.ratis.thirdparty.io.netty.channel.socket.nio.NioSocketChannel.doFinishConnect(NioSocketChannel.java:327)
	at org.apache.ratis.thirdparty.io.netty.channel.nio.AbstractNioChannel$AbstractNioUnsafe.finishConnect(AbstractNioChannel.java:340)
	at org.apache.ratis.thirdparty.io.netty.channel.nio.NioEventLoop.processSelectedKey(NioEventLoop.java:632)
	at org.apache.ratis.thirdparty.io.netty.channel.nio.NioEventLoop.processSelectedKeysOptimized(NioEventLoop.java:579)
	at org.apache.ratis.thirdparty.io.netty.channel.nio.NioEventLoop.processSelectedKeys(NioEventLoop.java:496)
	at org.apache.ratis.thirdparty.io.netty.channel.nio.NioEventLoop.run(NioEventLoop.java:458)
	at org.apache.ratis.thirdparty.io.netty.util.concurrent.SingleThreadEventExecutor$5.run(SingleThreadEventExecutor.java:897)
	at org.apache.ratis.thirdparty.io.netty.util.concurrent.FastThreadLocalRunnable.run(FastThreadLocalRunnable.java:30)
	... 1 more
Caused by: java.net.ConnectException: Connection refused
	... 11 more
2019-11-13 20:20:54,308 [2eae8a0c-14f7-4974-be0f-a72b7694e262@group-3CC11B5AB53E-LeaderElection221] INFO  impl.LeaderElection (LogUtils.java:infoOrTrace(149)) - 2eae8a0c-14f7-4974-be0f-a72b7694e262@group-3CC11B5AB53E-LeaderElection221 got exception when requesting votes: {}
java.util.concurrent.ExecutionException: org.apache.ratis.thirdparty.io.grpc.StatusRuntimeException: UNAVAILABLE: io exception
	at java.util.concurrent.FutureTask.report(FutureTask.java:122)
	at java.util.concurrent.FutureTask.get(FutureTask.java:192)
	at org.apache.ratis.server.impl.LeaderElection.waitForResults(LeaderElection.java:259)
	at org.apache.ratis.server.impl.LeaderElection.askForVotes(LeaderElection.java:197)
	at org.apache.ratis.server.impl.LeaderElection.run(LeaderElection.java:133)
	at java.lang.Thread.run(Thread.java:748)
Caused by: org.apache.ratis.thirdparty.io.grpc.StatusRuntimeException: UNAVAILABLE: io exception
	at org.apache.ratis.thirdparty.io.grpc.stub.ClientCalls.toStatusRuntimeException(ClientCalls.java:233)
	at org.apache.ratis.thirdparty.io.grpc.stub.ClientCalls.getUnchecked(ClientCalls.java:214)
	at org.apache.ratis.thirdparty.io.grpc.stub.ClientCalls.blockingUnaryCall(ClientCalls.java:139)
	at org.apache.ratis.proto.grpc.RaftServerProtocolServiceGrpc$RaftServerProtocolServiceBlockingStub.requestVote(RaftServerProtocolServiceGrpc.java:265)
	at org.apache.ratis.grpc.server.GrpcServerProtocolClient.requestVote(GrpcServerProtocolClient.java:99)
	at org.apache.ratis.grpc.server.GrpcService.requestVote(GrpcService.java:204)
	at org.apache.ratis.server.impl.LeaderElection.lambda$submitRequests$1(LeaderElection.java:234)
	at java.util.concurrent.FutureTask.run(FutureTask.java:266)
	at java.util.concurrent.Executors$RunnableAdapter.call(Executors.java:511)
	at java.util.concurrent.FutureTask.run(FutureTask.java:266)
	at java.util.concurrent.ThreadPoolExecutor.runWorker(ThreadPoolExecutor.java:1149)
	at java.util.concurrent.ThreadPoolExecutor$Worker.run(ThreadPoolExecutor.java:624)
	... 1 more
Caused by: org.apache.ratis.thirdparty.io.netty.channel.AbstractChannel$AnnotatedConnectException: Connection refused: /192.168.164.208:33520
	at sun.nio.ch.SocketChannelImpl.checkConnect(Native Method)
	at sun.nio.ch.SocketChannelImpl.finishConnect(SocketChannelImpl.java:717)
	at org.apache.ratis.thirdparty.io.netty.channel.socket.nio.NioSocketChannel.doFinishConnect(NioSocketChannel.java:327)
	at org.apache.ratis.thirdparty.io.netty.channel.nio.AbstractNioChannel$AbstractNioUnsafe.finishConnect(AbstractNioChannel.java:340)
	at org.apache.ratis.thirdparty.io.netty.channel.nio.NioEventLoop.processSelectedKey(NioEventLoop.java:632)
	at org.apache.ratis.thirdparty.io.netty.channel.nio.NioEventLoop.processSelectedKeysOptimized(NioEventLoop.java:579)
	at org.apache.ratis.thirdparty.io.netty.channel.nio.NioEventLoop.processSelectedKeys(NioEventLoop.java:496)
	at org.apache.ratis.thirdparty.io.netty.channel.nio.NioEventLoop.run(NioEventLoop.java:458)
	at org.apache.ratis.thirdparty.io.netty.util.concurrent.SingleThreadEventExecutor$5.run(SingleThreadEventExecutor.java:897)
	at org.apache.ratis.thirdparty.io.netty.util.concurrent.FastThreadLocalRunnable.run(FastThreadLocalRunnable.java:30)
	... 1 more
Caused by: java.net.ConnectException: Connection refused
	... 11 more
2019-11-13 20:20:54,309 [2eae8a0c-14f7-4974-be0f-a72b7694e262@group-3CC11B5AB53E-LeaderElection221] INFO  impl.LeaderElection (LeaderElection.java:logAndReturn(56)) - 2eae8a0c-14f7-4974-be0f-a72b7694e262@group-3CC11B5AB53E-LeaderElection221: Election REJECTED; received 0 response(s) [] and 2 exception(s); 2eae8a0c-14f7-4974-be0f-a72b7694e262@group-3CC11B5AB53E:t5, leader=null, voted=2eae8a0c-14f7-4974-be0f-a72b7694e262, raftlog=2eae8a0c-14f7-4974-be0f-a72b7694e262@group-3CC11B5AB53E-SegmentedRaftLog:OPENED:c6,f6,i6, conf=0: [2eae8a0c-14f7-4974-be0f-a72b7694e262:192.168.164.208:33269, b0735163-16b4-4eff-936d-5712c77b458f:192.168.164.208:33769, 57e4e4f3-95e6-4ba3-b7c4-7652bb100830:192.168.164.208:33520], old=null
2019-11-13 20:20:54,309 [2eae8a0c-14f7-4974-be0f-a72b7694e262@group-3CC11B5AB53E-LeaderElection221] INFO  impl.LeaderElection (LogUtils.java:infoOrTrace(149)) -   Exception 0: {}
java.util.concurrent.ExecutionException: org.apache.ratis.thirdparty.io.grpc.StatusRuntimeException: UNAVAILABLE: io exception
	at java.util.concurrent.FutureTask.report(FutureTask.java:122)
	at java.util.concurrent.FutureTask.get(FutureTask.java:192)
	at org.apache.ratis.server.impl.LeaderElection.waitForResults(LeaderElection.java:259)
	at org.apache.ratis.server.impl.LeaderElection.askForVotes(LeaderElection.java:197)
	at org.apache.ratis.server.impl.LeaderElection.run(LeaderElection.java:133)
	at java.lang.Thread.run(Thread.java:748)
Caused by: org.apache.ratis.thirdparty.io.grpc.StatusRuntimeException: UNAVAILABLE: io exception
	at org.apache.ratis.thirdparty.io.grpc.stub.ClientCalls.toStatusRuntimeException(ClientCalls.java:233)
	at org.apache.ratis.thirdparty.io.grpc.stub.ClientCalls.getUnchecked(ClientCalls.java:214)
	at org.apache.ratis.thirdparty.io.grpc.stub.ClientCalls.blockingUnaryCall(ClientCalls.java:139)
	at org.apache.ratis.proto.grpc.RaftServerProtocolServiceGrpc$RaftServerProtocolServiceBlockingStub.requestVote(RaftServerProtocolServiceGrpc.java:265)
	at org.apache.ratis.grpc.server.GrpcServerProtocolClient.requestVote(GrpcServerProtocolClient.java:99)
	at org.apache.ratis.grpc.server.GrpcService.requestVote(GrpcService.java:204)
	at org.apache.ratis.server.impl.LeaderElection.lambda$submitRequests$1(LeaderElection.java:234)
	at java.util.concurrent.FutureTask.run(FutureTask.java:266)
	at java.util.concurrent.Executors$RunnableAdapter.call(Executors.java:511)
	at java.util.concurrent.FutureTask.run(FutureTask.java:266)
	at java.util.concurrent.ThreadPoolExecutor.runWorker(ThreadPoolExecutor.java:1149)
	at java.util.concurrent.ThreadPoolExecutor$Worker.run(ThreadPoolExecutor.java:624)
	... 1 more
Caused by: org.apache.ratis.thirdparty.io.netty.channel.AbstractChannel$AnnotatedConnectException: Connection refused: /192.168.164.208:33769
	at sun.nio.ch.SocketChannelImpl.checkConnect(Native Method)
	at sun.nio.ch.SocketChannelImpl.finishConnect(SocketChannelImpl.java:717)
	at org.apache.ratis.thirdparty.io.netty.channel.socket.nio.NioSocketChannel.doFinishConnect(NioSocketChannel.java:327)
	at org.apache.ratis.thirdparty.io.netty.channel.nio.AbstractNioChannel$AbstractNioUnsafe.finishConnect(AbstractNioChannel.java:340)
	at org.apache.ratis.thirdparty.io.netty.channel.nio.NioEventLoop.processSelectedKey(NioEventLoop.java:632)
	at org.apache.ratis.thirdparty.io.netty.channel.nio.NioEventLoop.processSelectedKeysOptimized(NioEventLoop.java:579)
	at org.apache.ratis.thirdparty.io.netty.channel.nio.NioEventLoop.processSelectedKeys(NioEventLoop.java:496)
	at org.apache.ratis.thirdparty.io.netty.channel.nio.NioEventLoop.run(NioEventLoop.java:458)
	at org.apache.ratis.thirdparty.io.netty.util.concurrent.SingleThreadEventExecutor$5.run(SingleThreadEventExecutor.java:897)
	at org.apache.ratis.thirdparty.io.netty.util.concurrent.FastThreadLocalRunnable.run(FastThreadLocalRunnable.java:30)
	... 1 more
Caused by: java.net.ConnectException: Connection refused
	... 11 more
2019-11-13 20:20:54,309 [2eae8a0c-14f7-4974-be0f-a72b7694e262@group-3CC11B5AB53E-LeaderElection221] INFO  impl.LeaderElection (LogUtils.java:infoOrTrace(149)) -   Exception 1: {}
java.util.concurrent.ExecutionException: org.apache.ratis.thirdparty.io.grpc.StatusRuntimeException: UNAVAILABLE: io exception
	at java.util.concurrent.FutureTask.report(FutureTask.java:122)
	at java.util.concurrent.FutureTask.get(FutureTask.java:192)
	at org.apache.ratis.server.impl.LeaderElection.waitForResults(LeaderElection.java:259)
	at org.apache.ratis.server.impl.LeaderElection.askForVotes(LeaderElection.java:197)
	at org.apache.ratis.server.impl.LeaderElection.run(LeaderElection.java:133)
	at java.lang.Thread.run(Thread.java:748)
Caused by: org.apache.ratis.thirdparty.io.grpc.StatusRuntimeException: UNAVAILABLE: io exception
	at org.apache.ratis.thirdparty.io.grpc.stub.ClientCalls.toStatusRuntimeException(ClientCalls.java:233)
	at org.apache.ratis.thirdparty.io.grpc.stub.ClientCalls.getUnchecked(ClientCalls.java:214)
	at org.apache.ratis.thirdparty.io.grpc.stub.ClientCalls.blockingUnaryCall(ClientCalls.java:139)
	at org.apache.ratis.proto.grpc.RaftServerProtocolServiceGrpc$RaftServerProtocolServiceBlockingStub.requestVote(RaftServerProtocolServiceGrpc.java:265)
	at org.apache.ratis.grpc.server.GrpcServerProtocolClient.requestVote(GrpcServerProtocolClient.java:99)
	at org.apache.ratis.grpc.server.GrpcService.requestVote(GrpcService.java:204)
	at org.apache.ratis.server.impl.LeaderElection.lambda$submitRequests$1(LeaderElection.java:234)
	at java.util.concurrent.FutureTask.run(FutureTask.java:266)
	at java.util.concurrent.Executors$RunnableAdapter.call(Executors.java:511)
	at java.util.concurrent.FutureTask.run(FutureTask.java:266)
	at java.util.concurrent.ThreadPoolExecutor.runWorker(ThreadPoolExecutor.java:1149)
	at java.util.concurrent.ThreadPoolExecutor$Worker.run(ThreadPoolExecutor.java:624)
	... 1 more
Caused by: org.apache.ratis.thirdparty.io.netty.channel.AbstractChannel$AnnotatedConnectException: Connection refused: /192.168.164.208:33520
	at sun.nio.ch.SocketChannelImpl.checkConnect(Native Method)
	at sun.nio.ch.SocketChannelImpl.finishConnect(SocketChannelImpl.java:717)
	at org.apache.ratis.thirdparty.io.netty.channel.socket.nio.NioSocketChannel.doFinishConnect(NioSocketChannel.java:327)
	at org.apache.ratis.thirdparty.io.netty.channel.nio.AbstractNioChannel$AbstractNioUnsafe.finishConnect(AbstractNioChannel.java:340)
	at org.apache.ratis.thirdparty.io.netty.channel.nio.NioEventLoop.processSelectedKey(NioEventLoop.java:632)
	at org.apache.ratis.thirdparty.io.netty.channel.nio.NioEventLoop.processSelectedKeysOptimized(NioEventLoop.java:579)
	at org.apache.ratis.thirdparty.io.netty.channel.nio.NioEventLoop.processSelectedKeys(NioEventLoop.java:496)
	at org.apache.ratis.thirdparty.io.netty.channel.nio.NioEventLoop.run(NioEventLoop.java:458)
	at org.apache.ratis.thirdparty.io.netty.util.concurrent.SingleThreadEventExecutor$5.run(SingleThreadEventExecutor.java:897)
	at org.apache.ratis.thirdparty.io.netty.util.concurrent.FastThreadLocalRunnable.run(FastThreadLocalRunnable.java:30)
	... 1 more
Caused by: java.net.ConnectException: Connection refused
	... 11 more
2019-11-13 20:20:54,310 [2eae8a0c-14f7-4974-be0f-a72b7694e262@group-3CC11B5AB53E-LeaderElection221] INFO  impl.RaftServerImpl (RaftServerImpl.java:setRole(173)) - 2eae8a0c-14f7-4974-be0f-a72b7694e262@group-3CC11B5AB53E: changes role from CANDIDATE to FOLLOWER at term 5 for DISCOVERED_A_NEW_TERM
2019-11-13 20:20:54,310 [2eae8a0c-14f7-4974-be0f-a72b7694e262@group-3CC11B5AB53E-LeaderElection221] INFO  impl.RoleInfo (RoleInfo.java:shutdownLeaderElection(134)) - 2eae8a0c-14f7-4974-be0f-a72b7694e262: shutdown LeaderElection
2019-11-13 20:20:54,310 [2eae8a0c-14f7-4974-be0f-a72b7694e262@group-3CC11B5AB53E-LeaderElection221] INFO  impl.RoleInfo (RoleInfo.java:updateAndGet(143)) - 2eae8a0c-14f7-4974-be0f-a72b7694e262: start FollowerState
2019-11-13 20:20:55,331 [Thread-4614] INFO  impl.FollowerState (FollowerState.java:run(111)) - 2eae8a0c-14f7-4974-be0f-a72b7694e262@group-3CC11B5AB53E-FollowerState: change to CANDIDATE, lastRpcTime:1020ms, electionTimeout:1020ms
2019-11-13 20:20:55,331 [Thread-4614] INFO  impl.RoleInfo (RoleInfo.java:shutdownFollowerState(121)) - 2eae8a0c-14f7-4974-be0f-a72b7694e262: shutdown FollowerState
2019-11-13 20:20:55,331 [Thread-4614] INFO  impl.RaftServerImpl (RaftServerImpl.java:setRole(173)) - 2eae8a0c-14f7-4974-be0f-a72b7694e262@group-3CC11B5AB53E: changes role from  FOLLOWER to CANDIDATE at term 5 for changeToCandidate
2019-11-13 20:20:55,331 [Thread-4614] INFO  impl.RoleInfo (RoleInfo.java:updateAndGet(143)) - 2eae8a0c-14f7-4974-be0f-a72b7694e262: start LeaderElection
2019-11-13 20:20:55,353 [2eae8a0c-14f7-4974-be0f-a72b7694e262@group-3CC11B5AB53E-LeaderElection222] INFO  impl.LeaderElection (LeaderElection.java:askForVotes(178)) - 2eae8a0c-14f7-4974-be0f-a72b7694e262@group-3CC11B5AB53E-LeaderElection222: begin an election at term 6 for 0: [2eae8a0c-14f7-4974-be0f-a72b7694e262:192.168.164.208:33269, b0735163-16b4-4eff-936d-5712c77b458f:192.168.164.208:33769, 57e4e4f3-95e6-4ba3-b7c4-7652bb100830:192.168.164.208:33520], old=null
2019-11-13 20:20:55,355 [2eae8a0c-14f7-4974-be0f-a72b7694e262@group-3CC11B5AB53E-LeaderElection222] INFO  impl.LeaderElection (LogUtils.java:infoOrTrace(149)) - 2eae8a0c-14f7-4974-be0f-a72b7694e262@group-3CC11B5AB53E-LeaderElection222 got exception when requesting votes: {}
java.util.concurrent.ExecutionException: org.apache.ratis.thirdparty.io.grpc.StatusRuntimeException: UNAVAILABLE: io exception
	at java.util.concurrent.FutureTask.report(FutureTask.java:122)
	at java.util.concurrent.FutureTask.get(FutureTask.java:192)
	at org.apache.ratis.server.impl.LeaderElection.waitForResults(LeaderElection.java:259)
	at org.apache.ratis.server.impl.LeaderElection.askForVotes(LeaderElection.java:197)
	at org.apache.ratis.server.impl.LeaderElection.run(LeaderElection.java:133)
	at java.lang.Thread.run(Thread.java:748)
Caused by: org.apache.ratis.thirdparty.io.grpc.StatusRuntimeException: UNAVAILABLE: io exception
	at org.apache.ratis.thirdparty.io.grpc.stub.ClientCalls.toStatusRuntimeException(ClientCalls.java:233)
	at org.apache.ratis.thirdparty.io.grpc.stub.ClientCalls.getUnchecked(ClientCalls.java:214)
	at org.apache.ratis.thirdparty.io.grpc.stub.ClientCalls.blockingUnaryCall(ClientCalls.java:139)
	at org.apache.ratis.proto.grpc.RaftServerProtocolServiceGrpc$RaftServerProtocolServiceBlockingStub.requestVote(RaftServerProtocolServiceGrpc.java:265)
	at org.apache.ratis.grpc.server.GrpcServerProtocolClient.requestVote(GrpcServerProtocolClient.java:99)
	at org.apache.ratis.grpc.server.GrpcService.requestVote(GrpcService.java:204)
	at org.apache.ratis.server.impl.LeaderElection.lambda$submitRequests$1(LeaderElection.java:234)
	at java.util.concurrent.FutureTask.run(FutureTask.java:266)
	at java.util.concurrent.Executors$RunnableAdapter.call(Executors.java:511)
	at java.util.concurrent.FutureTask.run(FutureTask.java:266)
	at java.util.concurrent.ThreadPoolExecutor.runWorker(ThreadPoolExecutor.java:1149)
	at java.util.concurrent.ThreadPoolExecutor$Worker.run(ThreadPoolExecutor.java:624)
	... 1 more
Caused by: org.apache.ratis.thirdparty.io.netty.channel.AbstractChannel$AnnotatedConnectException: Connection refused: /192.168.164.208:33769
	at sun.nio.ch.SocketChannelImpl.checkConnect(Native Method)
	at sun.nio.ch.SocketChannelImpl.finishConnect(SocketChannelImpl.java:717)
	at org.apache.ratis.thirdparty.io.netty.channel.socket.nio.NioSocketChannel.doFinishConnect(NioSocketChannel.java:327)
	at org.apache.ratis.thirdparty.io.netty.channel.nio.AbstractNioChannel$AbstractNioUnsafe.finishConnect(AbstractNioChannel.java:340)
	at org.apache.ratis.thirdparty.io.netty.channel.nio.NioEventLoop.processSelectedKey(NioEventLoop.java:632)
	at org.apache.ratis.thirdparty.io.netty.channel.nio.NioEventLoop.processSelectedKeysOptimized(NioEventLoop.java:579)
	at org.apache.ratis.thirdparty.io.netty.channel.nio.NioEventLoop.processSelectedKeys(NioEventLoop.java:496)
	at org.apache.ratis.thirdparty.io.netty.channel.nio.NioEventLoop.run(NioEventLoop.java:458)
	at org.apache.ratis.thirdparty.io.netty.util.concurrent.SingleThreadEventExecutor$5.run(SingleThreadEventExecutor.java:897)
	at org.apache.ratis.thirdparty.io.netty.util.concurrent.FastThreadLocalRunnable.run(FastThreadLocalRunnable.java:30)
	... 1 more
Caused by: java.net.ConnectException: Connection refused
	... 11 more
2019-11-13 20:20:55,355 [2eae8a0c-14f7-4974-be0f-a72b7694e262@group-3CC11B5AB53E-LeaderElection222] INFO  impl.LeaderElection (LogUtils.java:infoOrTrace(149)) - 2eae8a0c-14f7-4974-be0f-a72b7694e262@group-3CC11B5AB53E-LeaderElection222 got exception when requesting votes: {}
java.util.concurrent.ExecutionException: org.apache.ratis.thirdparty.io.grpc.StatusRuntimeException: UNAVAILABLE: io exception
	at java.util.concurrent.FutureTask.report(FutureTask.java:122)
	at java.util.concurrent.FutureTask.get(FutureTask.java:192)
	at org.apache.ratis.server.impl.LeaderElection.waitForResults(LeaderElection.java:259)
	at org.apache.ratis.server.impl.LeaderElection.askForVotes(LeaderElection.java:197)
	at org.apache.ratis.server.impl.LeaderElection.run(LeaderElection.java:133)
	at java.lang.Thread.run(Thread.java:748)
Caused by: org.apache.ratis.thirdparty.io.grpc.StatusRuntimeException: UNAVAILABLE: io exception
	at org.apache.ratis.thirdparty.io.grpc.stub.ClientCalls.toStatusRuntimeException(ClientCalls.java:233)
	at org.apache.ratis.thirdparty.io.grpc.stub.ClientCalls.getUnchecked(ClientCalls.java:214)
	at org.apache.ratis.thirdparty.io.grpc.stub.ClientCalls.blockingUnaryCall(ClientCalls.java:139)
	at org.apache.ratis.proto.grpc.RaftServerProtocolServiceGrpc$RaftServerProtocolServiceBlockingStub.requestVote(RaftServerProtocolServiceGrpc.java:265)
	at org.apache.ratis.grpc.server.GrpcServerProtocolClient.requestVote(GrpcServerProtocolClient.java:99)
	at org.apache.ratis.grpc.server.GrpcService.requestVote(GrpcService.java:204)
	at org.apache.ratis.server.impl.LeaderElection.lambda$submitRequests$1(LeaderElection.java:234)
	at java.util.concurrent.FutureTask.run(FutureTask.java:266)
	at java.util.concurrent.Executors$RunnableAdapter.call(Executors.java:511)
	at java.util.concurrent.FutureTask.run(FutureTask.java:266)
	at java.util.concurrent.ThreadPoolExecutor.runWorker(ThreadPoolExecutor.java:1149)
	at java.util.concurrent.ThreadPoolExecutor$Worker.run(ThreadPoolExecutor.java:624)
	... 1 more
Caused by: org.apache.ratis.thirdparty.io.netty.channel.AbstractChannel$AnnotatedConnectException: Connection refused: /192.168.164.208:33520
	at sun.nio.ch.SocketChannelImpl.checkConnect(Native Method)
	at sun.nio.ch.SocketChannelImpl.finishConnect(SocketChannelImpl.java:717)
	at org.apache.ratis.thirdparty.io.netty.channel.socket.nio.NioSocketChannel.doFinishConnect(NioSocketChannel.java:327)
	at org.apache.ratis.thirdparty.io.netty.channel.nio.AbstractNioChannel$AbstractNioUnsafe.finishConnect(AbstractNioChannel.java:340)
	at org.apache.ratis.thirdparty.io.netty.channel.nio.NioEventLoop.processSelectedKey(NioEventLoop.java:632)
	at org.apache.ratis.thirdparty.io.netty.channel.nio.NioEventLoop.processSelectedKeysOptimized(NioEventLoop.java:579)
	at org.apache.ratis.thirdparty.io.netty.channel.nio.NioEventLoop.processSelectedKeys(NioEventLoop.java:496)
	at org.apache.ratis.thirdparty.io.netty.channel.nio.NioEventLoop.run(NioEventLoop.java:458)
	at org.apache.ratis.thirdparty.io.netty.util.concurrent.SingleThreadEventExecutor$5.run(SingleThreadEventExecutor.java:897)
	at org.apache.ratis.thirdparty.io.netty.util.concurrent.FastThreadLocalRunnable.run(FastThreadLocalRunnable.java:30)
	... 1 more
Caused by: java.net.ConnectException: Connection refused
	... 11 more
2019-11-13 20:20:55,356 [2eae8a0c-14f7-4974-be0f-a72b7694e262@group-3CC11B5AB53E-LeaderElection222] INFO  impl.LeaderElection (LeaderElection.java:logAndReturn(56)) - 2eae8a0c-14f7-4974-be0f-a72b7694e262@group-3CC11B5AB53E-LeaderElection222: Election REJECTED; received 0 response(s) [] and 2 exception(s); 2eae8a0c-14f7-4974-be0f-a72b7694e262@group-3CC11B5AB53E:t6, leader=null, voted=2eae8a0c-14f7-4974-be0f-a72b7694e262, raftlog=2eae8a0c-14f7-4974-be0f-a72b7694e262@group-3CC11B5AB53E-SegmentedRaftLog:OPENED:c6,f6,i6, conf=0: [2eae8a0c-14f7-4974-be0f-a72b7694e262:192.168.164.208:33269, b0735163-16b4-4eff-936d-5712c77b458f:192.168.164.208:33769, 57e4e4f3-95e6-4ba3-b7c4-7652bb100830:192.168.164.208:33520], old=null
2019-11-13 20:20:55,356 [2eae8a0c-14f7-4974-be0f-a72b7694e262@group-3CC11B5AB53E-LeaderElection222] INFO  impl.LeaderElection (LogUtils.java:infoOrTrace(149)) -   Exception 0: {}
java.util.concurrent.ExecutionException: org.apache.ratis.thirdparty.io.grpc.StatusRuntimeException: UNAVAILABLE: io exception
	at java.util.concurrent.FutureTask.report(FutureTask.java:122)
	at java.util.concurrent.FutureTask.get(FutureTask.java:192)
	at org.apache.ratis.server.impl.LeaderElection.waitForResults(LeaderElection.java:259)
	at org.apache.ratis.server.impl.LeaderElection.askForVotes(LeaderElection.java:197)
	at org.apache.ratis.server.impl.LeaderElection.run(LeaderElection.java:133)
	at java.lang.Thread.run(Thread.java:748)
Caused by: org.apache.ratis.thirdparty.io.grpc.StatusRuntimeException: UNAVAILABLE: io exception
	at org.apache.ratis.thirdparty.io.grpc.stub.ClientCalls.toStatusRuntimeException(ClientCalls.java:233)
	at org.apache.ratis.thirdparty.io.grpc.stub.ClientCalls.getUnchecked(ClientCalls.java:214)
	at org.apache.ratis.thirdparty.io.grpc.stub.ClientCalls.blockingUnaryCall(ClientCalls.java:139)
	at org.apache.ratis.proto.grpc.RaftServerProtocolServiceGrpc$RaftServerProtocolServiceBlockingStub.requestVote(RaftServerProtocolServiceGrpc.java:265)
	at org.apache.ratis.grpc.server.GrpcServerProtocolClient.requestVote(GrpcServerProtocolClient.java:99)
	at org.apache.ratis.grpc.server.GrpcService.requestVote(GrpcService.java:204)
	at org.apache.ratis.server.impl.LeaderElection.lambda$submitRequests$1(LeaderElection.java:234)
	at java.util.concurrent.FutureTask.run(FutureTask.java:266)
	at java.util.concurrent.Executors$RunnableAdapter.call(Executors.java:511)
	at java.util.concurrent.FutureTask.run(FutureTask.java:266)
	at java.util.concurrent.ThreadPoolExecutor.runWorker(ThreadPoolExecutor.java:1149)
	at java.util.concurrent.ThreadPoolExecutor$Worker.run(ThreadPoolExecutor.java:624)
	... 1 more
Caused by: org.apache.ratis.thirdparty.io.netty.channel.AbstractChannel$AnnotatedConnectException: Connection refused: /192.168.164.208:33769
	at sun.nio.ch.SocketChannelImpl.checkConnect(Native Method)
	at sun.nio.ch.SocketChannelImpl.finishConnect(SocketChannelImpl.java:717)
	at org.apache.ratis.thirdparty.io.netty.channel.socket.nio.NioSocketChannel.doFinishConnect(NioSocketChannel.java:327)
	at org.apache.ratis.thirdparty.io.netty.channel.nio.AbstractNioChannel$AbstractNioUnsafe.finishConnect(AbstractNioChannel.java:340)
	at org.apache.ratis.thirdparty.io.netty.channel.nio.NioEventLoop.processSelectedKey(NioEventLoop.java:632)
	at org.apache.ratis.thirdparty.io.netty.channel.nio.NioEventLoop.processSelectedKeysOptimized(NioEventLoop.java:579)
	at org.apache.ratis.thirdparty.io.netty.channel.nio.NioEventLoop.processSelectedKeys(NioEventLoop.java:496)
	at org.apache.ratis.thirdparty.io.netty.channel.nio.NioEventLoop.run(NioEventLoop.java:458)
	at org.apache.ratis.thirdparty.io.netty.util.concurrent.SingleThreadEventExecutor$5.run(SingleThreadEventExecutor.java:897)
	at org.apache.ratis.thirdparty.io.netty.util.concurrent.FastThreadLocalRunnable.run(FastThreadLocalRunnable.java:30)
	... 1 more
Caused by: java.net.ConnectException: Connection refused
	... 11 more
2019-11-13 20:20:55,356 [2eae8a0c-14f7-4974-be0f-a72b7694e262@group-3CC11B5AB53E-LeaderElection222] INFO  impl.LeaderElection (LogUtils.java:infoOrTrace(149)) -   Exception 1: {}
java.util.concurrent.ExecutionException: org.apache.ratis.thirdparty.io.grpc.StatusRuntimeException: UNAVAILABLE: io exception
	at java.util.concurrent.FutureTask.report(FutureTask.java:122)
	at java.util.concurrent.FutureTask.get(FutureTask.java:192)
	at org.apache.ratis.server.impl.LeaderElection.waitForResults(LeaderElection.java:259)
	at org.apache.ratis.server.impl.LeaderElection.askForVotes(LeaderElection.java:197)
	at org.apache.ratis.server.impl.LeaderElection.run(LeaderElection.java:133)
	at java.lang.Thread.run(Thread.java:748)
Caused by: org.apache.ratis.thirdparty.io.grpc.StatusRuntimeException: UNAVAILABLE: io exception
	at org.apache.ratis.thirdparty.io.grpc.stub.ClientCalls.toStatusRuntimeException(ClientCalls.java:233)
	at org.apache.ratis.thirdparty.io.grpc.stub.ClientCalls.getUnchecked(ClientCalls.java:214)
	at org.apache.ratis.thirdparty.io.grpc.stub.ClientCalls.blockingUnaryCall(ClientCalls.java:139)
	at org.apache.ratis.proto.grpc.RaftServerProtocolServiceGrpc$RaftServerProtocolServiceBlockingStub.requestVote(RaftServerProtocolServiceGrpc.java:265)
	at org.apache.ratis.grpc.server.GrpcServerProtocolClient.requestVote(GrpcServerProtocolClient.java:99)
	at org.apache.ratis.grpc.server.GrpcService.requestVote(GrpcService.java:204)
	at org.apache.ratis.server.impl.LeaderElection.lambda$submitRequests$1(LeaderElection.java:234)
	at java.util.concurrent.FutureTask.run(FutureTask.java:266)
	at java.util.concurrent.Executors$RunnableAdapter.call(Executors.java:511)
	at java.util.concurrent.FutureTask.run(FutureTask.java:266)
	at java.util.concurrent.ThreadPoolExecutor.runWorker(ThreadPoolExecutor.java:1149)
	at java.util.concurrent.ThreadPoolExecutor$Worker.run(ThreadPoolExecutor.java:624)
	... 1 more
Caused by: org.apache.ratis.thirdparty.io.netty.channel.AbstractChannel$AnnotatedConnectException: Connection refused: /192.168.164.208:33520
	at sun.nio.ch.SocketChannelImpl.checkConnect(Native Method)
	at sun.nio.ch.SocketChannelImpl.finishConnect(SocketChannelImpl.java:717)
	at org.apache.ratis.thirdparty.io.netty.channel.socket.nio.NioSocketChannel.doFinishConnect(NioSocketChannel.java:327)
	at org.apache.ratis.thirdparty.io.netty.channel.nio.AbstractNioChannel$AbstractNioUnsafe.finishConnect(AbstractNioChannel.java:340)
	at org.apache.ratis.thirdparty.io.netty.channel.nio.NioEventLoop.processSelectedKey(NioEventLoop.java:632)
	at org.apache.ratis.thirdparty.io.netty.channel.nio.NioEventLoop.processSelectedKeysOptimized(NioEventLoop.java:579)
	at org.apache.ratis.thirdparty.io.netty.channel.nio.NioEventLoop.processSelectedKeys(NioEventLoop.java:496)
	at org.apache.ratis.thirdparty.io.netty.channel.nio.NioEventLoop.run(NioEventLoop.java:458)
	at org.apache.ratis.thirdparty.io.netty.util.concurrent.SingleThreadEventExecutor$5.run(SingleThreadEventExecutor.java:897)
	at org.apache.ratis.thirdparty.io.netty.util.concurrent.FastThreadLocalRunnable.run(FastThreadLocalRunnable.java:30)
	... 1 more
Caused by: java.net.ConnectException: Connection refused
	... 11 more
2019-11-13 20:20:55,356 [2eae8a0c-14f7-4974-be0f-a72b7694e262@group-3CC11B5AB53E-LeaderElection222] INFO  impl.RaftServerImpl (RaftServerImpl.java:setRole(173)) - 2eae8a0c-14f7-4974-be0f-a72b7694e262@group-3CC11B5AB53E: changes role from CANDIDATE to FOLLOWER at term 6 for DISCOVERED_A_NEW_TERM
2019-11-13 20:20:55,356 [2eae8a0c-14f7-4974-be0f-a72b7694e262@group-3CC11B5AB53E-LeaderElection222] INFO  impl.RoleInfo (RoleInfo.java:shutdownLeaderElection(134)) - 2eae8a0c-14f7-4974-be0f-a72b7694e262: shutdown LeaderElection
2019-11-13 20:20:55,357 [2eae8a0c-14f7-4974-be0f-a72b7694e262@group-3CC11B5AB53E-LeaderElection222] INFO  impl.RoleInfo (RoleInfo.java:updateAndGet(143)) - 2eae8a0c-14f7-4974-be0f-a72b7694e262: start FollowerState
2019-11-13 20:20:56,251 [ForkJoinPool.commonPool-worker-1] INFO  ozoneimpl.OzoneContainer (OzoneContainer.java:stop(244)) - Attempting to stop container services.
2019-11-13 20:20:56,251 [ForkJoinPool.commonPool-worker-1] INFO  impl.RaftServerProxy (RaftServerProxy.java:lambda$close$4(314)) - 2eae8a0c-14f7-4974-be0f-a72b7694e262: close
2019-11-13 20:20:56,252 [ForkJoinPool.commonPool-worker-1] INFO  impl.RaftServerImpl (RaftServerImpl.java:lambda$shutdown$3(250)) - 2eae8a0c-14f7-4974-be0f-a72b7694e262@group-9E9C1A8714A0: shutdown
2019-11-13 20:20:56,252 [ForkJoinPool.commonPool-worker-1] INFO  util.JmxRegister (JmxRegister.java:unregister(73)) - Successfully un-registered JMX Bean with object name Ratis:service=RaftServer,group=group-9E9C1A8714A0,id=2eae8a0c-14f7-4974-be0f-a72b7694e262
2019-11-13 20:20:56,252 [ForkJoinPool.commonPool-worker-1] INFO  impl.RoleInfo (RoleInfo.java:shutdownLeaderState(104)) - 2eae8a0c-14f7-4974-be0f-a72b7694e262: shutdown LeaderState
2019-11-13 20:20:56,252 [ForkJoinPool.commonPool-worker-1] INFO  impl.PendingRequests (PendingRequests.java:sendNotLeaderResponses(206)) - 2eae8a0c-14f7-4974-be0f-a72b7694e262@group-9E9C1A8714A0-PendingRequests: sendNotLeaderResponses
2019-11-13 20:20:56,252 [ForkJoinPool.commonPool-worker-1] INFO  impl.StateMachineUpdater (StateMachineUpdater.java:stopAndJoin(136)) - 2eae8a0c-14f7-4974-be0f-a72b7694e262@group-9E9C1A8714A0-StateMachineUpdater: set stopIndex = 0
2019-11-13 20:20:56,253 [ForkJoinPool.commonPool-worker-1] INFO  impl.RaftServerImpl (ServerState.java:close(387)) - 2eae8a0c-14f7-4974-be0f-a72b7694e262@group-9E9C1A8714A0: closes. applyIndex: 0
2019-11-13 20:20:56,253 [2eae8a0c-14f7-4974-be0f-a72b7694e262@group-9E9C1A8714A0-SegmentedRaftLogWorker] INFO  segmented.SegmentedRaftLogWorker (SegmentedRaftLogWorker.java:run(316)) - 2eae8a0c-14f7-4974-be0f-a72b7694e262@group-9E9C1A8714A0-SegmentedRaftLogWorker was interrupted, exiting. There are 0 tasks remaining in the queue.
2019-11-13 20:20:56,254 [ForkJoinPool.commonPool-worker-1] INFO  segmented.SegmentedRaftLogWorker (SegmentedRaftLogWorker.java:close(224)) - 2eae8a0c-14f7-4974-be0f-a72b7694e262@group-9E9C1A8714A0-SegmentedRaftLogWorker close()
2019-11-13 20:20:56,254 [ForkJoinPool.commonPool-worker-1] INFO  impl.RaftServerImpl (RaftServerImpl.java:lambda$shutdown$3(250)) - 2eae8a0c-14f7-4974-be0f-a72b7694e262@group-3CC11B5AB53E: shutdown
2019-11-13 20:20:56,254 [ForkJoinPool.commonPool-worker-1] INFO  util.JmxRegister (JmxRegister.java:unregister(73)) - Successfully un-registered JMX Bean with object name Ratis:service=RaftServer,group=group-3CC11B5AB53E,id=2eae8a0c-14f7-4974-be0f-a72b7694e262
2019-11-13 20:20:56,254 [ForkJoinPool.commonPool-worker-1] INFO  impl.RoleInfo (RoleInfo.java:shutdownFollowerState(121)) - 2eae8a0c-14f7-4974-be0f-a72b7694e262: shutdown FollowerState
2019-11-13 20:20:56,254 [ForkJoinPool.commonPool-worker-1] INFO  impl.StateMachineUpdater (StateMachineUpdater.java:stopAndJoin(136)) - 2eae8a0c-14f7-4974-be0f-a72b7694e262@group-3CC11B5AB53E-StateMachineUpdater: set stopIndex = 6
2019-11-13 20:20:56,254 [2eae8a0c-14f7-4974-be0f-a72b7694e262@group-3CC11B5AB53E-StateMachineUpdater] INFO  ratis.ContainerStateMachine (ContainerStateMachine.java:takeSnapshot(285)) - group-3CC11B5AB53E: Taking a snapshot at:(t:2, i:4) file /workdir/hadoop-ozone/integration-test/target/test-dir/MiniOzoneClusterImpl-252be716-c998-406a-83e5-534d363f62a9/datanode-1/data/ratis/81adcf28-4a82-4d96-8bae-3cc11b5ab53e/sm/snapshot.2_4
2019-11-13 20:20:56,254 [Thread-4618] INFO  impl.FollowerState (FollowerState.java:run(120)) - 2eae8a0c-14f7-4974-be0f-a72b7694e262@group-3CC11B5AB53E-FollowerState was interrupted: java.lang.InterruptedException: sleep interrupted
2019-11-13 20:20:56,268 [2eae8a0c-14f7-4974-be0f-a72b7694e262@group-3CC11B5AB53E-StateMachineUpdater] INFO  ratis.ContainerStateMachine (ContainerStateMachine.java:takeSnapshot(296)) - group-3CC11B5AB53E: Finished taking a snapshot at:(t:2, i:4) file:/workdir/hadoop-ozone/integration-test/target/test-dir/MiniOzoneClusterImpl-252be716-c998-406a-83e5-534d363f62a9/datanode-1/data/ratis/81adcf28-4a82-4d96-8bae-3cc11b5ab53e/sm/snapshot.2_4 time:13
2019-11-13 20:20:56,269 [2eae8a0c-14f7-4974-be0f-a72b7694e262@group-3CC11B5AB53E-StateMachineUpdater] INFO  impl.StateMachineUpdater (StateMachineUpdater.java:takeSnapshot(269)) - 2eae8a0c-14f7-4974-be0f-a72b7694e262@group-3CC11B5AB53E-StateMachineUpdater: Took a snapshot at index 4
2019-11-13 20:20:56,269 [2eae8a0c-14f7-4974-be0f-a72b7694e262@group-3CC11B5AB53E-StateMachineUpdater] INFO  impl.StateMachineUpdater (StateMachineUpdater.java:lambda$new$0(84)) - 2eae8a0c-14f7-4974-be0f-a72b7694e262@group-3CC11B5AB53E-StateMachineUpdater: snapshotIndex: updateIncreasingly -1 -> 4
2019-11-13 20:20:56,269 [2eae8a0c-14f7-4974-be0f-a72b7694e262@group-3CC11B5AB53E-StateMachineUpdater] INFO  ratis.ContainerStateMachine (ContainerStateMachine.java:takeSnapshot(285)) - group-3CC11B5AB53E: Taking a snapshot at:(t:2, i:4) file /workdir/hadoop-ozone/integration-test/target/test-dir/MiniOzoneClusterImpl-252be716-c998-406a-83e5-534d363f62a9/datanode-1/data/ratis/81adcf28-4a82-4d96-8bae-3cc11b5ab53e/sm/snapshot.2_4
2019-11-13 20:20:56,281 [2eae8a0c-14f7-4974-be0f-a72b7694e262@group-3CC11B5AB53E-StateMachineUpdater] INFO  ratis.ContainerStateMachine (ContainerStateMachine.java:takeSnapshot(296)) - group-3CC11B5AB53E: Finished taking a snapshot at:(t:2, i:4) file:/workdir/hadoop-ozone/integration-test/target/test-dir/MiniOzoneClusterImpl-252be716-c998-406a-83e5-534d363f62a9/datanode-1/data/ratis/81adcf28-4a82-4d96-8bae-3cc11b5ab53e/sm/snapshot.2_4 time:12
2019-11-13 20:20:56,281 [2eae8a0c-14f7-4974-be0f-a72b7694e262@group-3CC11B5AB53E-StateMachineUpdater] INFO  impl.StateMachineUpdater (StateMachineUpdater.java:takeSnapshot(269)) - 2eae8a0c-14f7-4974-be0f-a72b7694e262@group-3CC11B5AB53E-StateMachineUpdater: Took a snapshot at index 4
2019-11-13 20:20:56,281 [2eae8a0c-14f7-4974-be0f-a72b7694e262@group-3CC11B5AB53E-StateMachineUpdater] INFO  impl.StateMachineUpdater (StateMachineUpdater.java:lambda$new$0(84)) - 2eae8a0c-14f7-4974-be0f-a72b7694e262@group-3CC11B5AB53E-StateMachineUpdater: snapshotIndex: updateIncreasingly 4 -> 4
2019-11-13 20:20:56,281 [ForkJoinPool.commonPool-worker-1] INFO  impl.RaftServerImpl (ServerState.java:close(387)) - 2eae8a0c-14f7-4974-be0f-a72b7694e262@group-3CC11B5AB53E: closes. applyIndex: 6
2019-11-13 20:20:56,282 [2eae8a0c-14f7-4974-be0f-a72b7694e262@group-3CC11B5AB53E-SegmentedRaftLogWorker] INFO  segmented.SegmentedRaftLogWorker (SegmentedRaftLogWorker.java:run(316)) - 2eae8a0c-14f7-4974-be0f-a72b7694e262@group-3CC11B5AB53E-SegmentedRaftLogWorker was interrupted, exiting. There are 0 tasks remaining in the queue.
2019-11-13 20:20:56,282 [ForkJoinPool.commonPool-worker-1] INFO  segmented.SegmentedRaftLogWorker (SegmentedRaftLogWorker.java:close(224)) - 2eae8a0c-14f7-4974-be0f-a72b7694e262@group-3CC11B5AB53E-SegmentedRaftLogWorker close()
2019-11-13 20:20:56,283 [ForkJoinPool.commonPool-worker-1] INFO  server.GrpcService (GrpcService.java:closeImpl(164)) - 2eae8a0c-14f7-4974-be0f-a72b7694e262: shutdown server with port 33269 now
2019-11-13 20:20:56,284 [ForkJoinPool.commonPool-worker-1] INFO  server.GrpcService (GrpcService.java:closeImpl(172)) - 2eae8a0c-14f7-4974-be0f-a72b7694e262: shutdown server with port 33269 successfully
2019-11-13 20:20:56,286 [refreshUsed-/workdir/hadoop-ozone/integration-test/target/test-dir/MiniOzoneClusterImpl-252be716-c998-406a-83e5-534d363f62a9/datanode-1/data/containers] WARN  fs.CachingGetSpaceUsed (CachingGetSpaceUsed.java:run(183)) - Thread Interrupted waiting to refresh disk information: sleep interrupted
2019-11-13 20:20:56,302 [ForkJoinPool.commonPool-worker-1] INFO  utils.BackgroundService (BackgroundService.java:shutdown(151)) - Shutting down service BlockDeletingService
2019-11-13 20:20:56,303 [ForkJoinPool.commonPool-worker-1] INFO  statemachine.DatanodeStateMachine (DatanodeStateMachine.java:stopDaemon(395)) - Ozone container server stopped.
2019-11-13 20:20:56,305 [ForkJoinPool.commonPool-worker-1] INFO  handler.ContextHandler (ContextHandler.java:doStop(910)) - Stopped o.e.j.w.WebAppContext@4409cae6{/,null,UNAVAILABLE}{/hddsDatanode}
2019-11-13 20:20:56,306 [ForkJoinPool.commonPool-worker-1] INFO  server.AbstractConnector (AbstractConnector.java:doStop(318)) - Stopped ServerConnector@14e750c5{HTTP/1.1,[http/1.1]}{0.0.0.0:0}
2019-11-13 20:20:56,307 [ForkJoinPool.commonPool-worker-1] INFO  handler.ContextHandler (ContextHandler.java:doStop(910)) - Stopped o.e.j.s.ServletContextHandler@463045fb{/static,jar:file:/home/user/.m2/repository/org/apache/hadoop/hadoop-hdds-container-service/0.5.0-SNAPSHOT/hadoop-hdds-container-service-0.5.0-SNAPSHOT.jar!/webapps/static,UNAVAILABLE}
2019-11-13 20:20:56,308 [ForkJoinPool.commonPool-worker-1] INFO  handler.ContextHandler (ContextHandler.java:doStop(910)) - Stopped o.e.j.s.ServletContextHandler@7be94cd6{/logs,file:///workdir/hadoop-ozone/integration-test/target/log,UNAVAILABLE}
2019-11-13 20:20:56,309 [main] INFO  ozone.MiniOzoneClusterImpl (MiniOzoneClusterImpl.java:stopSCM(430)) - Stopping the StorageContainerManager
2019-11-13 20:20:56,309 [main] INFO  server.StorageContainerManager (StorageContainerManager.java:stop(802)) - Stopping Replication Manager Service.
2019-11-13 20:20:56,310 [main] INFO  container.ReplicationManager (ReplicationManager.java:stop(203)) - Stopping Replication Monitor Thread.
2019-11-13 20:20:56,310 [main] INFO  server.StorageContainerManager (StorageContainerManager.java:stop(809)) - Stopping Lease Manager of the command watchers
2019-11-13 20:20:56,310 [main] INFO  server.StorageContainerManager (StorageContainerManager.java:stop(816)) - Stopping datanode service RPC server
2019-11-13 20:20:56,310 [main] INFO  server.SCMDatanodeProtocolServer (SCMDatanodeProtocolServer.java:stop(346)) - Stopping the RPC server for DataNodes
2019-11-13 20:20:56,310 [main] INFO  ipc.Server (Server.java:stop(3082)) - Stopping server on 35908
2019-11-13 20:20:56,312 [IPC Server listener on 35908] INFO  ipc.Server (Server.java:run(1185)) - Stopping IPC Server listener on 35908
2019-11-13 20:20:56,313 [IPC Server Responder] INFO  ipc.Server (Server.java:run(1319)) - Stopping IPC Server Responder
2019-11-13 20:20:56,352 [SCM Heartbeat Processing Thread - 0] WARN  node.NodeStateManager (NodeStateManager.java:scheduleNextHealthCheck(646)) - Current Thread is interrupted, shutting down HB processing thread for Node Manager.
2019-11-13 20:20:56,353 [main] INFO  server.StorageContainerManager (StorageContainerManager.java:stop(824)) - Stopping block service RPC server
2019-11-13 20:20:56,353 [main] INFO  server.SCMBlockProtocolServer (SCMBlockProtocolServer.java:stop(155)) - Stopping the RPC server for Block Protocol
2019-11-13 20:20:56,353 [main] INFO  ipc.Server (Server.java:stop(3082)) - Stopping server on 38070
2019-11-13 20:20:56,357 [IPC Server listener on 38070] INFO  ipc.Server (Server.java:run(1185)) - Stopping IPC Server listener on 38070
2019-11-13 20:20:56,357 [main] INFO  server.StorageContainerManager (StorageContainerManager.java:stop(831)) - Stopping the StorageContainerLocationProtocol RPC server
2019-11-13 20:20:56,357 [IPC Server Responder] INFO  ipc.Server (Server.java:run(1319)) - Stopping IPC Server Responder
2019-11-13 20:20:56,357 [main] INFO  server.SCMClientProtocolServer (SCMClientProtocolServer.java:stop(168)) - Stopping the RPC server for Client Protocol
2019-11-13 20:20:56,358 [main] INFO  ipc.Server (Server.java:stop(3082)) - Stopping server on 42165
2019-11-13 20:20:56,360 [IPC Server listener on 42165] INFO  ipc.Server (Server.java:run(1185)) - Stopping IPC Server listener on 42165
2019-11-13 20:20:56,360 [main] INFO  server.StorageContainerManager (StorageContainerManager.java:stop(838)) - Stopping Storage Container Manager HTTP server.
2019-11-13 20:20:56,360 [IPC Server Responder] INFO  ipc.Server (Server.java:run(1319)) - Stopping IPC Server Responder
2019-11-13 20:20:56,361 [main] INFO  handler.ContextHandler (ContextHandler.java:doStop(910)) - Stopped o.e.j.w.WebAppContext@236c098{/,null,UNAVAILABLE}{/scm}
2019-11-13 20:20:56,362 [main] INFO  server.AbstractConnector (AbstractConnector.java:doStop(318)) - Stopped ServerConnector@68e2d03e{HTTP/1.1,[http/1.1]}{0.0.0.0:0}
2019-11-13 20:20:56,362 [main] INFO  handler.ContextHandler (ContextHandler.java:doStop(910)) - Stopped o.e.j.s.ServletContextHandler@3bbf1c0d{/static,file:///workdir/hadoop-ozone/integration-test/target/test-classes/webapps/static,UNAVAILABLE}
2019-11-13 20:20:56,363 [main] INFO  handler.ContextHandler (ContextHandler.java:doStop(910)) - Stopped o.e.j.s.ServletContextHandler@5bfc79cb{/logs,file:///workdir/hadoop-ozone/integration-test/target/log,UNAVAILABLE}
2019-11-13 20:20:56,364 [main] INFO  server.StorageContainerManager (StorageContainerManager.java:stop(849)) - Stopping Block Manager Service.
2019-11-13 20:20:56,364 [main] INFO  utils.BackgroundService (BackgroundService.java:shutdown(151)) - Shutting down service SCMBlockDeletingService
2019-11-13 20:20:56,364 [main] INFO  utils.BackgroundService (BackgroundService.java:shutdown(151)) - Shutting down service SCMBlockDeletingService
2019-11-13 20:20:56,365 [main] INFO  server.StorageContainerManager (StorageContainerManager.java:stop(871)) - Stopping SCM Event Queue.
2019-11-13 20:20:56,371 [main] INFO  impl.MetricsSystemImpl (MetricsSystemImpl.java:stop(210)) - Stopping HddsDatanode metrics system...
2019-11-13 20:20:56,387 [main] INFO  impl.MetricsSystemImpl (MetricsSystemImpl.java:stop(216)) - HddsDatanode metrics system stopped.
]]></system-out>
    <system-err><![CDATA[Nov 13, 2019 8:20:28 PM org.apache.ratis.thirdparty.io.grpc.internal.SerializingExecutor run
SEVERE: Exception while executing runnable org.apache.ratis.thirdparty.io.grpc.internal.ServerImpl$JumpToApplicationThreadServerStreamListener$1Closed@2483abb2
org.apache.ratis.thirdparty.io.grpc.StatusRuntimeException: CANCELLED: call already cancelled
	at org.apache.ratis.thirdparty.io.grpc.Status.asRuntimeException(Status.java:517)
	at org.apache.ratis.thirdparty.io.grpc.stub.ServerCalls$ServerCallStreamObserverImpl.onCompleted(ServerCalls.java:356)
	at org.apache.ratis.grpc.server.GrpcServerProtocolService$ServerRequestStreamObserver.onError(GrpcServerProtocolService.java:121)
	at org.apache.ratis.thirdparty.io.grpc.stub.ServerCalls$StreamingServerCallHandler$StreamingServerCallListener.onCancel(ServerCalls.java:269)
	at org.apache.ratis.thirdparty.io.grpc.internal.ServerCallImpl$ServerStreamListenerImpl.closed(ServerCallImpl.java:293)
	at org.apache.ratis.thirdparty.io.grpc.internal.ServerImpl$JumpToApplicationThreadServerStreamListener$1Closed.runInContext(ServerImpl.java:741)
	at org.apache.ratis.thirdparty.io.grpc.internal.ContextRunnable.run(ContextRunnable.java:37)
	at org.apache.ratis.thirdparty.io.grpc.internal.SerializingExecutor.run(SerializingExecutor.java:123)
	at java.util.concurrent.ThreadPoolExecutor.runWorker(ThreadPoolExecutor.java:1149)
	at java.util.concurrent.ThreadPoolExecutor$Worker.run(ThreadPoolExecutor.java:624)
	at java.lang.Thread.run(Thread.java:748)

Nov 13, 2019 8:20:36 PM org.apache.ratis.thirdparty.io.grpc.internal.SerializingExecutor run
SEVERE: Exception while executing runnable org.apache.ratis.thirdparty.io.grpc.internal.ServerImpl$JumpToApplicationThreadServerStreamListener$1Closed@38c04f7c
org.apache.ratis.thirdparty.io.grpc.StatusRuntimeException: CANCELLED: call already cancelled
	at org.apache.ratis.thirdparty.io.grpc.Status.asRuntimeException(Status.java:517)
	at org.apache.ratis.thirdparty.io.grpc.stub.ServerCalls$ServerCallStreamObserverImpl.onCompleted(ServerCalls.java:356)
	at org.apache.ratis.grpc.server.GrpcServerProtocolService$ServerRequestStreamObserver.onError(GrpcServerProtocolService.java:121)
	at org.apache.ratis.thirdparty.io.grpc.stub.ServerCalls$StreamingServerCallHandler$StreamingServerCallListener.onCancel(ServerCalls.java:269)
	at org.apache.ratis.thirdparty.io.grpc.internal.ServerCallImpl$ServerStreamListenerImpl.closed(ServerCallImpl.java:293)
	at org.apache.ratis.thirdparty.io.grpc.internal.ServerImpl$JumpToApplicationThreadServerStreamListener$1Closed.runInContext(ServerImpl.java:741)
	at org.apache.ratis.thirdparty.io.grpc.internal.ContextRunnable.run(ContextRunnable.java:37)
	at org.apache.ratis.thirdparty.io.grpc.internal.SerializingExecutor.run(SerializingExecutor.java:123)
	at java.util.concurrent.ThreadPoolExecutor.runWorker(ThreadPoolExecutor.java:1149)
	at java.util.concurrent.ThreadPoolExecutor$Worker.run(ThreadPoolExecutor.java:624)
	at java.lang.Thread.run(Thread.java:748)

Nov 13, 2019 8:20:41 PM org.apache.ratis.thirdparty.io.grpc.internal.SerializingExecutor run
SEVERE: Exception while executing runnable org.apache.ratis.thirdparty.io.grpc.internal.ServerImpl$JumpToApplicationThreadServerStreamListener$1Closed@7a3edbd9
org.apache.ratis.thirdparty.io.grpc.StatusRuntimeException: CANCELLED: call already cancelled
	at org.apache.ratis.thirdparty.io.grpc.Status.asRuntimeException(Status.java:517)
	at org.apache.ratis.thirdparty.io.grpc.stub.ServerCalls$ServerCallStreamObserverImpl.onCompleted(ServerCalls.java:356)
	at org.apache.ratis.grpc.server.GrpcServerProtocolService$ServerRequestStreamObserver.onError(GrpcServerProtocolService.java:121)
	at org.apache.ratis.thirdparty.io.grpc.stub.ServerCalls$StreamingServerCallHandler$StreamingServerCallListener.onCancel(ServerCalls.java:269)
	at org.apache.ratis.thirdparty.io.grpc.internal.ServerCallImpl$ServerStreamListenerImpl.closed(ServerCallImpl.java:293)
	at org.apache.ratis.thirdparty.io.grpc.internal.ServerImpl$JumpToApplicationThreadServerStreamListener$1Closed.runInContext(ServerImpl.java:741)
	at org.apache.ratis.thirdparty.io.grpc.internal.ContextRunnable.run(ContextRunnable.java:37)
	at org.apache.ratis.thirdparty.io.grpc.internal.SerializingExecutor.run(SerializingExecutor.java:123)
	at java.util.concurrent.ThreadPoolExecutor.runWorker(ThreadPoolExecutor.java:1149)
	at java.util.concurrent.ThreadPoolExecutor$Worker.run(ThreadPoolExecutor.java:624)
	at java.lang.Thread.run(Thread.java:748)

]]></system-err>
  </testcase>
</testsuite>