<?xml version="1.0" encoding="UTF-8"?>
<testsuite xmlns:xsi="http://www.w3.org/2001/XMLSchema-instance" xsi:noNamespaceSchemaLocation="https://maven.apache.org/surefire/maven-surefire-plugin/xsd/surefire-test-report.xsd" name="org.apache.hadoop.ozone.client.rpc.TestDeleteWithSlowFollower" time="141.128" tests="1" errors="0" skipped="0" failures="1">
  <properties>
    <property name="awt.toolkit" value="sun.awt.X11.XToolkit"/>
    <property name="file.encoding.pkg" value="sun.io"/>
    <property name="java.specification.version" value="1.8"/>
    <property name="sun.cpu.isalist" value=""/>
    <property name="sun.jnu.encoding" value="ANSI_X3.4-1968"/>
    <property name="java.class.path" value="/workdir/hadoop-ozone/integration-test/target/test-classes:/workdir/hadoop-ozone/integration-test/target/classes:/home/user/.m2/repository/org/apache/hadoop/hadoop-ozone-common/0.5.0-SNAPSHOT/hadoop-ozone-common-0.5.0-SNAPSHOT.jar:/home/user/.m2/repository/org/apache/commons/commons-compress/1.4.1/commons-compress-1.4.1.jar:/home/user/.m2/repository/org/tukaani/xz/1.0/xz-1.0.jar:/home/user/.m2/repository/org/apache/hadoop/hadoop-common/3.2.0/hadoop-common-3.2.0.jar:/home/user/.m2/repository/org/apache/hadoop/hadoop-hdfs/3.2.0/hadoop-hdfs-3.2.0.jar:/home/user/.m2/repository/org/apache/hadoop/hadoop-hdfs-client/3.2.0/hadoop-hdfs-client-3.2.0.jar:/home/user/.m2/repository/com/fasterxml/jackson/core/jackson-annotations/2.9.9/jackson-annotations-2.9.9.jar:/home/user/.m2/repository/org/apache/hadoop/hadoop-hdds-common/0.5.0-SNAPSHOT/hadoop-hdds-common-0.5.0-SNAPSHOT.jar:/home/user/.m2/repository/javax/annotation/javax.annotation-api/1.2/javax.annotation-api-1.2.jar:/home/user/.m2/repository/org/apache/ratis/ratis-server/0.5.0-ced7dbf-SNAPSHOT/ratis-server-0.5.0-ced7dbf-SNAPSHOT.jar:/home/user/.m2/repository/org/apache/ratis/ratis-thirdparty-misc/0.2.0/ratis-thirdparty-misc-0.2.0.jar:/home/user/.m2/repository/org/apache/ratis/ratis-proto/0.5.0-ced7dbf-SNAPSHOT/ratis-proto-0.5.0-ced7dbf-SNAPSHOT.jar:/home/user/.m2/repository/org/apache/ratis/ratis-common/0.5.0-ced7dbf-SNAPSHOT/ratis-common-0.5.0-ced7dbf-SNAPSHOT.jar:/home/user/.m2/repository/org/apache/ratis/ratis-client/0.5.0-ced7dbf-SNAPSHOT/ratis-client-0.5.0-ced7dbf-SNAPSHOT.jar:/home/user/.m2/repository/org/apache/ratis/ratis-metrics/0.5.0-ced7dbf-SNAPSHOT/ratis-metrics-0.5.0-ced7dbf-SNAPSHOT.jar:/home/user/.m2/repository/org/apache/ratis/ratis-netty/0.5.0-ced7dbf-SNAPSHOT/ratis-netty-0.5.0-ced7dbf-SNAPSHOT.jar:/home/user/.m2/repository/org/apache/ratis/ratis-grpc/0.5.0-ced7dbf-SNAPSHOT/ratis-grpc-0.5.0-ced7dbf-SNAPSHOT.jar:/home/user/.m2/repository/org/rocksdb/rocksdbjni/6.0.1/rocksdbjni-6.0.1.jar:/home/user/.m2/repository/org/apache/logging/log4j/log4j-api/2.11.0/log4j-api-2.11.0.jar:/home/user/.m2/repository/org/apache/logging/log4j/log4j-core/2.11.0/log4j-core-2.11.0.jar:/home/user/.m2/repository/com/lmax/disruptor/3.4.2/disruptor-3.4.2.jar:/home/user/.m2/repository/org/apache/commons/commons-pool2/2.6.0/commons-pool2-2.6.0.jar:/home/user/.m2/repository/org/bouncycastle/bcpkix-jdk15on/1.60/bcpkix-jdk15on-1.60.jar:/home/user/.m2/repository/commons-validator/commons-validator/1.6/commons-validator-1.6.jar:/home/user/.m2/repository/commons-digester/commons-digester/1.8.1/commons-digester-1.8.1.jar:/home/user/.m2/repository/io/jaegertracing/jaeger-client/0.34.0/jaeger-client-0.34.0.jar:/home/user/.m2/repository/io/jaegertracing/jaeger-thrift/0.34.0/jaeger-thrift-0.34.0.jar:/home/user/.m2/repository/org/apache/thrift/libthrift/0.12.0/libthrift-0.12.0.jar:/home/user/.m2/repository/com/squareup/okhttp3/okhttp/3.9.0/okhttp-3.9.0.jar:/home/user/.m2/repository/com/squareup/okio/okio/1.13.0/okio-1.13.0.jar:/home/user/.m2/repository/io/jaegertracing/jaeger-core/0.34.0/jaeger-core-0.34.0.jar:/home/user/.m2/repository/io/jaegertracing/jaeger-tracerresolver/0.34.0/jaeger-tracerresolver-0.34.0.jar:/home/user/.m2/repository/io/opentracing/contrib/opentracing-tracerresolver/0.1.5/opentracing-tracerresolver-0.1.5.jar:/home/user/.m2/repository/io/opentracing/opentracing-util/0.31.0/opentracing-util-0.31.0.jar:/home/user/.m2/repository/io/opentracing/opentracing-api/0.31.0/opentracing-api-0.31.0.jar:/home/user/.m2/repository/io/opentracing/opentracing-noop/0.31.0/opentracing-noop-0.31.0.jar:/home/user/.m2/repository/org/apache/hadoop/hadoop-hdds-server-framework/0.5.0-SNAPSHOT/hadoop-hdds-server-framework-0.5.0-SNAPSHOT.jar:/home/user/.m2/repository/org/apache/hadoop/hadoop-hdds-container-service/0.5.0-SNAPSHOT/hadoop-hdds-container-service-0.5.0-SNAPSHOT.jar:/home/user/.m2/repository/org/apache/hadoop/hadoop-hdds-client/0.5.0-SNAPSHOT/hadoop-hdds-client-0.5.0-SNAPSHOT.jar:/home/user/.m2/repository/org/apache/hadoop/hadoop-hdds-tools/0.5.0-SNAPSHOT/hadoop-hdds-tools-0.5.0-SNAPSHOT.jar:/home/user/.m2/repository/org/apache/hadoop/hadoop-hdds-server-scm/0.5.0-SNAPSHOT/hadoop-hdds-server-scm-0.5.0-SNAPSHOT.jar:/home/user/.m2/repository/org/apache/hadoop/hadoop-hdds-docs/0.5.0-SNAPSHOT/hadoop-hdds-docs-0.5.0-SNAPSHOT.jar:/home/user/.m2/repository/io/dropwizard/metrics/metrics-core/3.2.4/metrics-core-3.2.4.jar:/home/user/.m2/repository/org/hamcrest/hamcrest-all/1.3/hamcrest-all-1.3.jar:/home/user/.m2/repository/org/bouncycastle/bcprov-jdk15on/1.60/bcprov-jdk15on-1.60.jar:/home/user/.m2/repository/info/picocli/picocli/3.9.6/picocli-3.9.6.jar:/home/user/.m2/repository/com/google/protobuf/protobuf-java/2.5.0/protobuf-java-2.5.0.jar:/home/user/.m2/repository/com/google/guava/guava/11.0.2/guava-11.0.2.jar:/home/user/.m2/repository/org/apache/hadoop/hadoop-ozone-ozone-manager/0.5.0-SNAPSHOT/hadoop-ozone-ozone-manager-0.5.0-SNAPSHOT.jar:/home/user/.m2/repository/org/apache/hadoop/hadoop-minikdc/3.2.0/hadoop-minikdc-3.2.0.jar:/home/user/.m2/repository/commons-io/commons-io/2.5/commons-io-2.5.jar:/home/user/.m2/repository/org/apache/kerby/kerb-simplekdc/1.0.1/kerb-simplekdc-1.0.1.jar:/home/user/.m2/repository/org/apache/kerby/kerb-client/1.0.1/kerb-client-1.0.1.jar:/home/user/.m2/repository/org/apache/kerby/kerby-config/1.0.1/kerby-config-1.0.1.jar:/home/user/.m2/repository/org/apache/kerby/kerb-core/1.0.1/kerb-core-1.0.1.jar:/home/user/.m2/repository/org/apache/kerby/kerby-pkix/1.0.1/kerby-pkix-1.0.1.jar:/home/user/.m2/repository/org/apache/kerby/kerby-asn1/1.0.1/kerby-asn1-1.0.1.jar:/home/user/.m2/repository/org/apache/kerby/kerby-util/1.0.1/kerby-util-1.0.1.jar:/home/user/.m2/repository/org/apache/kerby/kerb-common/1.0.1/kerb-common-1.0.1.jar:/home/user/.m2/repository/org/apache/kerby/kerb-crypto/1.0.1/kerb-crypto-1.0.1.jar:/home/user/.m2/repository/org/apache/kerby/kerb-util/1.0.1/kerb-util-1.0.1.jar:/home/user/.m2/repository/org/apache/kerby/token-provider/1.0.1/token-provider-1.0.1.jar:/home/user/.m2/repository/org/apache/kerby/kerb-admin/1.0.1/kerb-admin-1.0.1.jar:/home/user/.m2/repository/org/apache/kerby/kerb-server/1.0.1/kerb-server-1.0.1.jar:/home/user/.m2/repository/org/apache/kerby/kerb-identity/1.0.1/kerb-identity-1.0.1.jar:/home/user/.m2/repository/org/apache/kerby/kerby-xdr/1.0.1/kerby-xdr-1.0.1.jar:/home/user/.m2/repository/org/slf4j/slf4j-log4j12/1.7.25/slf4j-log4j12-1.7.25.jar:/home/user/.m2/repository/org/apache/hadoop/hadoop-ozone-s3gateway/0.5.0-SNAPSHOT/hadoop-ozone-s3gateway-0.5.0-SNAPSHOT.jar:/home/user/.m2/repository/org/jboss/weld/servlet/weld-servlet/2.4.7.Final/weld-servlet-2.4.7.Final.jar:/home/user/.m2/repository/org/glassfish/jersey/containers/jersey-container-servlet-core/2.27/jersey-container-servlet-core-2.27.jar:/home/user/.m2/repository/org/glassfish/hk2/external/javax.inject/2.5.0-b42/javax.inject-2.5.0-b42.jar:/home/user/.m2/repository/org/glassfish/jersey/core/jersey-common/2.27/jersey-common-2.27.jar:/home/user/.m2/repository/org/glassfish/hk2/osgi-resource-locator/1.0.1/osgi-resource-locator-1.0.1.jar:/home/user/.m2/repository/javax/ws/rs/javax.ws.rs-api/2.1/javax.ws.rs-api-2.1.jar:/home/user/.m2/repository/org/glassfish/jersey/ext/cdi/jersey-cdi1x/2.27/jersey-cdi1x-2.27.jar:/home/user/.m2/repository/org/glassfish/jersey/inject/jersey-hk2/2.27/jersey-hk2-2.27.jar:/home/user/.m2/repository/org/glassfish/hk2/hk2-locator/2.5.0-b42/hk2-locator-2.5.0-b42.jar:/home/user/.m2/repository/org/javassist/javassist/3.22.0-CR2/javassist-3.22.0-CR2.jar:/home/user/.m2/repository/org/glassfish/hk2/hk2-api/2.5.0/hk2-api-2.5.0.jar:/home/user/.m2/repository/org/glassfish/hk2/external/jakarta.inject/2.5.0/jakarta.inject-2.5.0.jar:/home/user/.m2/repository/org/glassfish/hk2/hk2-utils/2.5.0/hk2-utils-2.5.0.jar:/home/user/.m2/repository/jakarta/annotation/jakarta.annotation-api/1.3.4/jakarta.annotation-api-1.3.4.jar:/home/user/.m2/repository/org/glassfish/hk2/external/aopalliance-repackaged/2.5.0/aopalliance-repackaged-2.5.0.jar:/home/user/.m2/repository/com/fasterxml/jackson/dataformat/jackson-dataformat-xml/2.9.0/jackson-dataformat-xml-2.9.0.jar:/home/user/.m2/repository/com/fasterxml/jackson/core/jackson-core/2.9.9/jackson-core-2.9.9.jar:/home/user/.m2/repository/com/fasterxml/jackson/module/jackson-module-jaxb-annotations/2.9.9/jackson-module-jaxb-annotations-2.9.9.jar:/home/user/.m2/repository/javax/enterprise/cdi-api/1.2/cdi-api-1.2.jar:/home/user/.m2/repository/javax/el/javax.el-api/3.0.0/javax.el-api-3.0.0.jar:/home/user/.m2/repository/javax/interceptor/javax.interceptor-api/1.2/javax.interceptor-api-1.2.jar:/home/user/.m2/repository/javax/inject/javax.inject/1/javax.inject-1.jar:/home/user/.m2/repository/com/sun/xml/bind/jaxb-impl/2.3.0.1/jaxb-impl-2.3.0.1.jar:/home/user/.m2/repository/com/sun/xml/bind/jaxb-core/2.3.0.1/jaxb-core-2.3.0.1.jar:/home/user/.m2/repository/javax/xml/bind/jaxb-api/2.3.0/jaxb-api-2.3.0.jar:/home/user/.m2/repository/javax/activation/activation/1.1.1/activation-1.1.1.jar:/home/user/.m2/repository/org/apache/hadoop/hadoop-ozone-csi/0.5.0-SNAPSHOT/hadoop-ozone-csi-0.5.0-SNAPSHOT.jar:/home/user/.m2/repository/com/google/protobuf/protobuf-java-util/3.5.1/protobuf-java-util-3.5.1.jar:/home/user/.m2/repository/org/apache/hadoop/hadoop-hdds-config/0.5.0-SNAPSHOT/hadoop-hdds-config-0.5.0-SNAPSHOT.jar:/home/user/.m2/repository/io/grpc/grpc-netty/1.17.1/grpc-netty-1.17.1.jar:/home/user/.m2/repository/io/grpc/grpc-core/1.17.1/grpc-core-1.17.1.jar:/home/user/.m2/repository/io/grpc/grpc-context/1.17.1/grpc-context-1.17.1.jar:/home/user/.m2/repository/com/google/errorprone/error_prone_annotations/2.2.0/error_prone_annotations-2.2.0.jar:/home/user/.m2/repository/org/codehaus/mojo/animal-sniffer-annotations/1.17/animal-sniffer-annotations-1.17.jar:/home/user/.m2/repository/io/opencensus/opencensus-api/0.17.0/opencensus-api-0.17.0.jar:/home/user/.m2/repository/io/opencensus/opencensus-contrib-grpc-metrics/0.17.0/opencensus-contrib-grpc-metrics-0.17.0.jar:/home/user/.m2/repository/io/netty/netty-codec-http2/4.1.30.Final/netty-codec-http2-4.1.30.Final.jar:/home/user/.m2/repository/io/netty/netty-codec-http/4.1.30.Final/netty-codec-http-4.1.30.Final.jar:/home/user/.m2/repository/io/netty/netty-codec/4.1.30.Final/netty-codec-4.1.30.Final.jar:/home/user/.m2/repository/io/netty/netty-handler/4.1.30.Final/netty-handler-4.1.30.Final.jar:/home/user/.m2/repository/io/netty/netty-handler-proxy/4.1.30.Final/netty-handler-proxy-4.1.30.Final.jar:/home/user/.m2/repository/io/netty/netty-codec-socks/4.1.30.Final/netty-codec-socks-4.1.30.Final.jar:/home/user/.m2/repository/io/netty/netty-transport-native-epoll/4.1.30.Final/netty-transport-native-epoll-4.1.30.Final.jar:/home/user/.m2/repository/io/netty/netty-common/4.1.30.Final/netty-common-4.1.30.Final.jar:/home/user/.m2/repository/io/netty/netty-buffer/4.1.30.Final/netty-buffer-4.1.30.Final.jar:/home/user/.m2/repository/io/netty/netty-transport/4.1.30.Final/netty-transport-4.1.30.Final.jar:/home/user/.m2/repository/io/netty/netty-resolver/4.1.30.Final/netty-resolver-4.1.30.Final.jar:/home/user/.m2/repository/io/netty/netty-transport-native-unix-common/4.1.30.Final/netty-transport-native-unix-common-4.1.30.Final.jar:/home/user/.m2/repository/io/grpc/grpc-protobuf/1.17.1/grpc-protobuf-1.17.1.jar:/home/user/.m2/repository/com/google/api/grpc/proto-google-common-protos/1.0.0/proto-google-common-protos-1.0.0.jar:/home/user/.m2/repository/io/grpc/grpc-protobuf-lite/1.17.1/grpc-protobuf-lite-1.17.1.jar:/home/user/.m2/repository/io/grpc/grpc-stub/1.17.1/grpc-stub-1.17.1.jar:/home/user/.m2/repository/org/apache/hadoop/hadoop-ozone-recon/0.5.0-SNAPSHOT/hadoop-ozone-recon-0.5.0-SNAPSHOT.jar:/home/user/.m2/repository/org/apache/hadoop/hadoop-ozone-reconcodegen/0.5.0-SNAPSHOT/hadoop-ozone-reconcodegen-0.5.0-SNAPSHOT.jar:/home/user/.m2/repository/com/google/inject/extensions/guice-multibindings/4.0/guice-multibindings-4.0.jar:/home/user/.m2/repository/com/google/inject/guice/4.0/guice-4.0.jar:/home/user/.m2/repository/aopalliance/aopalliance/1.0/aopalliance-1.0.jar:/home/user/.m2/repository/com/google/inject/extensions/guice-servlet/4.0/guice-servlet-4.0.jar:/home/user/.m2/repository/org/glassfish/jersey/containers/jersey-container-servlet/2.27/jersey-container-servlet-2.27.jar:/home/user/.m2/repository/org/glassfish/hk2/guice-bridge/2.5.0/guice-bridge-2.5.0.jar:/home/user/.m2/repository/org/glassfish/jersey/core/jersey-server/2.27/jersey-server-2.27.jar:/home/user/.m2/repository/org/glassfish/jersey/core/jersey-client/2.27/jersey-client-2.27.jar:/home/user/.m2/repository/org/glassfish/jersey/media/jersey-media-jaxb/2.27/jersey-media-jaxb-2.27.jar:/home/user/.m2/repository/javax/validation/validation-api/1.1.0.Final/validation-api-1.1.0.Final.jar:/home/user/.m2/repository/org/glassfish/jersey/media/jersey-media-json-jackson/2.27/jersey-media-json-jackson-2.27.jar:/home/user/.m2/repository/org/glassfish/jersey/ext/jersey-entity-filtering/2.27/jersey-entity-filtering-2.27.jar:/home/user/.m2/repository/com/google/inject/extensions/guice-assistedinject/4.0/guice-assistedinject-4.0.jar:/home/user/.m2/repository/org/jooq/jooq/3.11.10/jooq-3.11.10.jar:/home/user/.m2/repository/org/jooq/jooq-meta/3.11.10/jooq-meta-3.11.10.jar:/home/user/.m2/repository/org/jooq/jooq-codegen/3.11.10/jooq-codegen-3.11.10.jar:/home/user/.m2/repository/com/jolbox/bonecp/0.8.0.RELEASE/bonecp-0.8.0.RELEASE.jar:/home/user/.m2/repository/org/xerial/sqlite-jdbc/3.25.2/sqlite-jdbc-3.25.2.jar:/home/user/.m2/repository/org/springframework/spring-jdbc/5.1.3.RELEASE/spring-jdbc-5.1.3.RELEASE.jar:/home/user/.m2/repository/org/springframework/spring-beans/5.1.3.RELEASE/spring-beans-5.1.3.RELEASE.jar:/home/user/.m2/repository/org/springframework/spring-core/5.1.3.RELEASE/spring-core-5.1.3.RELEASE.jar:/home/user/.m2/repository/org/springframework/spring-jcl/5.1.3.RELEASE/spring-jcl-5.1.3.RELEASE.jar:/home/user/.m2/repository/org/springframework/spring-tx/5.1.3.RELEASE/spring-tx-5.1.3.RELEASE.jar:/home/user/.m2/repository/org/apache/hadoop/hadoop-ozone-client/0.5.0-SNAPSHOT/hadoop-ozone-client-0.5.0-SNAPSHOT.jar:/home/user/.m2/repository/commons-lang/commons-lang/2.6/commons-lang-2.6.jar:/home/user/.m2/repository/org/apache/hadoop/hadoop-ozone-ozone-manager/0.5.0-SNAPSHOT/hadoop-ozone-ozone-manager-0.5.0-SNAPSHOT-tests.jar:/home/user/.m2/repository/junit/junit/4.11/junit-4.11.jar:/home/user/.m2/repository/org/hamcrest/hamcrest-core/1.3/hamcrest-core-1.3.jar:/home/user/.m2/repository/org/openjdk/jmh/jmh-core/1.19/jmh-core-1.19.jar:/home/user/.m2/repository/net/sf/jopt-simple/jopt-simple/4.6/jopt-simple-4.6.jar:/home/user/.m2/repository/org/apache/commons/commons-math3/3.1.1/commons-math3-3.1.1.jar:/home/user/.m2/repository/org/openjdk/jmh/jmh-generator-annprocess/1.19/jmh-generator-annprocess-1.19.jar:/home/user/.m2/repository/org/mockito/mockito-all/1.8.5/mockito-all-1.8.5.jar:/home/user/.m2/repository/org/apache/hadoop/hadoop-kms/3.2.0/hadoop-kms-3.2.0.jar:/home/user/.m2/repository/org/apache/hadoop/hadoop-auth/3.2.0/hadoop-auth-3.2.0.jar:/home/user/.m2/repository/com/nimbusds/nimbus-jose-jwt/4.41.1/nimbus-jose-jwt-4.41.1.jar:/home/user/.m2/repository/com/github/stephenc/jcip/jcip-annotations/1.0-1/jcip-annotations-1.0-1.jar:/home/user/.m2/repository/net/minidev/json-smart/2.3/json-smart-2.3.jar:/home/user/.m2/repository/net/minidev/accessors-smart/1.2/accessors-smart-1.2.jar:/home/user/.m2/repository/org/ow2/asm/asm/5.0.4/asm-5.0.4.jar:/home/user/.m2/repository/org/apache/curator/curator-framework/2.12.0/curator-framework-2.12.0.jar:/home/user/.m2/repository/com/sun/jersey/jersey-core/1.19/jersey-core-1.19.jar:/home/user/.m2/repository/javax/ws/rs/jsr311-api/1.1.1/jsr311-api-1.1.1.jar:/home/user/.m2/repository/com/sun/jersey/jersey-server/1.19/jersey-server-1.19.jar:/home/user/.m2/repository/javax/servlet/javax.servlet-api/3.1.0/javax.servlet-api-3.1.0.jar:/home/user/.m2/repository/org/eclipse/jetty/jetty-server/9.3.25.v20180904/jetty-server-9.3.25.v20180904.jar:/home/user/.m2/repository/org/eclipse/jetty/jetty-http/9.3.25.v20180904/jetty-http-9.3.25.v20180904.jar:/home/user/.m2/repository/org/eclipse/jetty/jetty-io/9.3.25.v20180904/jetty-io-9.3.25.v20180904.jar:/home/user/.m2/repository/org/eclipse/jetty/jetty-webapp/9.3.25.v20180904/jetty-webapp-9.3.25.v20180904.jar:/home/user/.m2/repository/org/eclipse/jetty/jetty-xml/9.3.25.v20180904/jetty-xml-9.3.25.v20180904.jar:/home/user/.m2/repository/log4j/log4j/1.2.17/log4j-1.2.17.jar:/home/user/.m2/repository/org/slf4j/slf4j-api/1.7.25/slf4j-api-1.7.25.jar:/home/user/.m2/repository/org/slf4j/jul-to-slf4j/1.7.25/jul-to-slf4j-1.7.25.jar:/home/user/.m2/repository/org/eclipse/jetty/jetty-util/9.3.25.v20180904/jetty-util-9.3.25.v20180904.jar:/home/user/.m2/repository/com/fasterxml/jackson/core/jackson-databind/2.9.9/jackson-databind-2.9.9.jar:/home/user/.m2/repository/org/apache/hadoop/hadoop-kms/3.2.0/hadoop-kms-3.2.0-tests.jar:/home/user/.m2/repository/org/apache/hadoop/hadoop-hdds-server-scm/0.5.0-SNAPSHOT/hadoop-hdds-server-scm-0.5.0-SNAPSHOT-tests.jar:/home/user/.m2/repository/org/apache/hadoop/hadoop-hdds-container-service/0.5.0-SNAPSHOT/hadoop-hdds-container-service-0.5.0-SNAPSHOT-tests.jar:/home/user/.m2/repository/org/yaml/snakeyaml/1.16/snakeyaml-1.16.jar:/home/user/.m2/repository/org/apache/hadoop/hadoop-common/3.2.0/hadoop-common-3.2.0-tests.jar:/home/user/.m2/repository/org/apache/hadoop/hadoop-annotations/3.2.0/hadoop-annotations-3.2.0.jar:/usr/lib/jvm/java-1.8.0-openjdk-1.8.0.222.b10-1.el7_7.x86_64/jre/../lib/tools.jar:/home/user/.m2/repository/commons-cli/commons-cli/1.2/commons-cli-1.2.jar:/home/user/.m2/repository/org/apache/httpcomponents/httpclient/4.5.2/httpclient-4.5.2.jar:/home/user/.m2/repository/org/apache/httpcomponents/httpcore/4.4.4/httpcore-4.4.4.jar:/home/user/.m2/repository/commons-codec/commons-codec/1.11/commons-codec-1.11.jar:/home/user/.m2/repository/commons-net/commons-net/3.6/commons-net-3.6.jar:/home/user/.m2/repository/commons-collections/commons-collections/3.2.2/commons-collections-3.2.2.jar:/home/user/.m2/repository/org/eclipse/jetty/jetty-servlet/9.3.25.v20180904/jetty-servlet-9.3.25.v20180904.jar:/home/user/.m2/repository/org/eclipse/jetty/jetty-security/9.3.25.v20180904/jetty-security-9.3.25.v20180904.jar:/home/user/.m2/repository/javax/servlet/jsp/jsp-api/2.1/jsp-api-2.1.jar:/home/user/.m2/repository/com/sun/jersey/jersey-servlet/1.19/jersey-servlet-1.19.jar:/home/user/.m2/repository/com/sun/jersey/jersey-json/1.19/jersey-json-1.19.jar:/home/user/.m2/repository/org/codehaus/jettison/jettison/1.1/jettison-1.1.jar:/home/user/.m2/repository/org/codehaus/jackson/jackson-core-asl/1.9.13/jackson-core-asl-1.9.13.jar:/home/user/.m2/repository/org/codehaus/jackson/jackson-mapper-asl/1.9.13/jackson-mapper-asl-1.9.13.jar:/home/user/.m2/repository/org/codehaus/jackson/jackson-jaxrs/1.9.13/jackson-jaxrs-1.9.13.jar:/home/user/.m2/repository/org/codehaus/jackson/jackson-xc/1.9.13/jackson-xc-1.9.13.jar:/home/user/.m2/repository/commons-logging/commons-logging/1.1.3/commons-logging-1.1.3.jar:/home/user/.m2/repository/commons-beanutils/commons-beanutils/1.9.4/commons-beanutils-1.9.4.jar:/home/user/.m2/repository/org/apache/commons/commons-configuration2/2.1.1/commons-configuration2-2.1.1.jar:/home/user/.m2/repository/org/apache/commons/commons-lang3/3.7/commons-lang3-3.7.jar:/home/user/.m2/repository/org/apache/commons/commons-text/1.4/commons-text-1.4.jar:/home/user/.m2/repository/org/apache/avro/avro/1.7.7/avro-1.7.7.jar:/home/user/.m2/repository/com/thoughtworks/paranamer/paranamer/2.3/paranamer-2.3.jar:/home/user/.m2/repository/org/xerial/snappy/snappy-java/1.0.5/snappy-java-1.0.5.jar:/home/user/.m2/repository/com/google/re2j/re2j/1.1/re2j-1.1.jar:/home/user/.m2/repository/com/google/code/gson/gson/2.2.4/gson-2.2.4.jar:/home/user/.m2/repository/com/jcraft/jsch/0.1.54/jsch-0.1.54.jar:/home/user/.m2/repository/org/apache/curator/curator-client/2.12.0/curator-client-2.12.0.jar:/home/user/.m2/repository/org/apache/curator/curator-recipes/2.12.0/curator-recipes-2.12.0.jar:/home/user/.m2/repository/com/google/code/findbugs/jsr305/3.0.0/jsr305-3.0.0.jar:/home/user/.m2/repository/org/apache/htrace/htrace-core4/4.1.0-incubating/htrace-core4-4.1.0-incubating.jar:/home/user/.m2/repository/org/apache/zookeeper/zookeeper/3.4.13/zookeeper-3.4.13.jar:/home/user/.m2/repository/jline/jline/0.9.94/jline-0.9.94.jar:/home/user/.m2/repository/org/apache/yetus/audience-annotations/0.5.0/audience-annotations-0.5.0.jar:/home/user/.m2/repository/org/codehaus/woodstox/stax2-api/3.1.4/stax2-api-3.1.4.jar:/home/user/.m2/repository/com/fasterxml/woodstox/woodstox-core/5.0.3/woodstox-core-5.0.3.jar:/home/user/.m2/repository/dnsjava/dnsjava/2.1.7/dnsjava-2.1.7.jar:/home/user/.m2/repository/org/apache/hadoop/hadoop-hdfs/3.2.0/hadoop-hdfs-3.2.0-tests.jar:/home/user/.m2/repository/org/eclipse/jetty/jetty-util-ajax/9.3.25.v20180904/jetty-util-ajax-9.3.25.v20180904.jar:/home/user/.m2/repository/commons-daemon/commons-daemon/1.0.13/commons-daemon-1.0.13.jar:/home/user/.m2/repository/io/netty/netty/3.10.5.Final/netty-3.10.5.Final.jar:/home/user/.m2/repository/io/netty/netty-all/4.0.52.Final/netty-all-4.0.52.Final.jar:/home/user/.m2/repository/org/fusesource/leveldbjni/leveldbjni-all/1.8/leveldbjni-all-1.8.jar:"/>
    <property name="java.vm.vendor" value="Oracle Corporation"/>
    <property name="sun.arch.data.model" value="64"/>
    <property name="test.build.dir" value="/workdir/hadoop-ozone/integration-test/target/test-dir"/>
    <property name="test.cache.data" value=""/>
    <property name="java.vendor.url" value="http://java.oracle.com/"/>
    <property name="user.timezone" value=""/>
    <property name="java.vm.specification.version" value="1.8"/>
    <property name="os.name" value="Linux"/>
    <property name="test.build.data" value="/workdir/hadoop-ozone/integration-test/target/test-dir"/>
    <property name="user.country" value="US"/>
    <property name="sun.java.launcher" value="SUN_STANDARD"/>
    <property name="sun.boot.library.path" value="/usr/lib/jvm/java-1.8.0-openjdk-1.8.0.222.b10-1.el7_7.x86_64/jre/lib/amd64"/>
    <property name="sun.java.command" value="/workdir/hadoop-ozone/integration-test/target/surefire/surefirebooter7526517237430040017.jar /workdir/hadoop-ozone/integration-test/target/surefire 2019-10-25T04-44-36_451-jvmRun1 surefire6834659883513713786tmp surefire_308159658759718762586tmp"/>
    <property name="surefire.test.class.path" value="/workdir/hadoop-ozone/integration-test/target/test-classes:/workdir/hadoop-ozone/integration-test/target/classes:/home/user/.m2/repository/org/apache/hadoop/hadoop-ozone-common/0.5.0-SNAPSHOT/hadoop-ozone-common-0.5.0-SNAPSHOT.jar:/home/user/.m2/repository/org/apache/commons/commons-compress/1.4.1/commons-compress-1.4.1.jar:/home/user/.m2/repository/org/tukaani/xz/1.0/xz-1.0.jar:/home/user/.m2/repository/org/apache/hadoop/hadoop-common/3.2.0/hadoop-common-3.2.0.jar:/home/user/.m2/repository/org/apache/hadoop/hadoop-hdfs/3.2.0/hadoop-hdfs-3.2.0.jar:/home/user/.m2/repository/org/apache/hadoop/hadoop-hdfs-client/3.2.0/hadoop-hdfs-client-3.2.0.jar:/home/user/.m2/repository/com/fasterxml/jackson/core/jackson-annotations/2.9.9/jackson-annotations-2.9.9.jar:/home/user/.m2/repository/org/apache/hadoop/hadoop-hdds-common/0.5.0-SNAPSHOT/hadoop-hdds-common-0.5.0-SNAPSHOT.jar:/home/user/.m2/repository/javax/annotation/javax.annotation-api/1.2/javax.annotation-api-1.2.jar:/home/user/.m2/repository/org/apache/ratis/ratis-server/0.5.0-ced7dbf-SNAPSHOT/ratis-server-0.5.0-ced7dbf-SNAPSHOT.jar:/home/user/.m2/repository/org/apache/ratis/ratis-thirdparty-misc/0.2.0/ratis-thirdparty-misc-0.2.0.jar:/home/user/.m2/repository/org/apache/ratis/ratis-proto/0.5.0-ced7dbf-SNAPSHOT/ratis-proto-0.5.0-ced7dbf-SNAPSHOT.jar:/home/user/.m2/repository/org/apache/ratis/ratis-common/0.5.0-ced7dbf-SNAPSHOT/ratis-common-0.5.0-ced7dbf-SNAPSHOT.jar:/home/user/.m2/repository/org/apache/ratis/ratis-client/0.5.0-ced7dbf-SNAPSHOT/ratis-client-0.5.0-ced7dbf-SNAPSHOT.jar:/home/user/.m2/repository/org/apache/ratis/ratis-metrics/0.5.0-ced7dbf-SNAPSHOT/ratis-metrics-0.5.0-ced7dbf-SNAPSHOT.jar:/home/user/.m2/repository/org/apache/ratis/ratis-netty/0.5.0-ced7dbf-SNAPSHOT/ratis-netty-0.5.0-ced7dbf-SNAPSHOT.jar:/home/user/.m2/repository/org/apache/ratis/ratis-grpc/0.5.0-ced7dbf-SNAPSHOT/ratis-grpc-0.5.0-ced7dbf-SNAPSHOT.jar:/home/user/.m2/repository/org/rocksdb/rocksdbjni/6.0.1/rocksdbjni-6.0.1.jar:/home/user/.m2/repository/org/apache/logging/log4j/log4j-api/2.11.0/log4j-api-2.11.0.jar:/home/user/.m2/repository/org/apache/logging/log4j/log4j-core/2.11.0/log4j-core-2.11.0.jar:/home/user/.m2/repository/com/lmax/disruptor/3.4.2/disruptor-3.4.2.jar:/home/user/.m2/repository/org/apache/commons/commons-pool2/2.6.0/commons-pool2-2.6.0.jar:/home/user/.m2/repository/org/bouncycastle/bcpkix-jdk15on/1.60/bcpkix-jdk15on-1.60.jar:/home/user/.m2/repository/commons-validator/commons-validator/1.6/commons-validator-1.6.jar:/home/user/.m2/repository/commons-digester/commons-digester/1.8.1/commons-digester-1.8.1.jar:/home/user/.m2/repository/io/jaegertracing/jaeger-client/0.34.0/jaeger-client-0.34.0.jar:/home/user/.m2/repository/io/jaegertracing/jaeger-thrift/0.34.0/jaeger-thrift-0.34.0.jar:/home/user/.m2/repository/org/apache/thrift/libthrift/0.12.0/libthrift-0.12.0.jar:/home/user/.m2/repository/com/squareup/okhttp3/okhttp/3.9.0/okhttp-3.9.0.jar:/home/user/.m2/repository/com/squareup/okio/okio/1.13.0/okio-1.13.0.jar:/home/user/.m2/repository/io/jaegertracing/jaeger-core/0.34.0/jaeger-core-0.34.0.jar:/home/user/.m2/repository/io/jaegertracing/jaeger-tracerresolver/0.34.0/jaeger-tracerresolver-0.34.0.jar:/home/user/.m2/repository/io/opentracing/contrib/opentracing-tracerresolver/0.1.5/opentracing-tracerresolver-0.1.5.jar:/home/user/.m2/repository/io/opentracing/opentracing-util/0.31.0/opentracing-util-0.31.0.jar:/home/user/.m2/repository/io/opentracing/opentracing-api/0.31.0/opentracing-api-0.31.0.jar:/home/user/.m2/repository/io/opentracing/opentracing-noop/0.31.0/opentracing-noop-0.31.0.jar:/home/user/.m2/repository/org/apache/hadoop/hadoop-hdds-server-framework/0.5.0-SNAPSHOT/hadoop-hdds-server-framework-0.5.0-SNAPSHOT.jar:/home/user/.m2/repository/org/apache/hadoop/hadoop-hdds-container-service/0.5.0-SNAPSHOT/hadoop-hdds-container-service-0.5.0-SNAPSHOT.jar:/home/user/.m2/repository/org/apache/hadoop/hadoop-hdds-client/0.5.0-SNAPSHOT/hadoop-hdds-client-0.5.0-SNAPSHOT.jar:/home/user/.m2/repository/org/apache/hadoop/hadoop-hdds-tools/0.5.0-SNAPSHOT/hadoop-hdds-tools-0.5.0-SNAPSHOT.jar:/home/user/.m2/repository/org/apache/hadoop/hadoop-hdds-server-scm/0.5.0-SNAPSHOT/hadoop-hdds-server-scm-0.5.0-SNAPSHOT.jar:/home/user/.m2/repository/org/apache/hadoop/hadoop-hdds-docs/0.5.0-SNAPSHOT/hadoop-hdds-docs-0.5.0-SNAPSHOT.jar:/home/user/.m2/repository/io/dropwizard/metrics/metrics-core/3.2.4/metrics-core-3.2.4.jar:/home/user/.m2/repository/org/hamcrest/hamcrest-all/1.3/hamcrest-all-1.3.jar:/home/user/.m2/repository/org/bouncycastle/bcprov-jdk15on/1.60/bcprov-jdk15on-1.60.jar:/home/user/.m2/repository/info/picocli/picocli/3.9.6/picocli-3.9.6.jar:/home/user/.m2/repository/com/google/protobuf/protobuf-java/2.5.0/protobuf-java-2.5.0.jar:/home/user/.m2/repository/com/google/guava/guava/11.0.2/guava-11.0.2.jar:/home/user/.m2/repository/org/apache/hadoop/hadoop-ozone-ozone-manager/0.5.0-SNAPSHOT/hadoop-ozone-ozone-manager-0.5.0-SNAPSHOT.jar:/home/user/.m2/repository/org/apache/hadoop/hadoop-minikdc/3.2.0/hadoop-minikdc-3.2.0.jar:/home/user/.m2/repository/commons-io/commons-io/2.5/commons-io-2.5.jar:/home/user/.m2/repository/org/apache/kerby/kerb-simplekdc/1.0.1/kerb-simplekdc-1.0.1.jar:/home/user/.m2/repository/org/apache/kerby/kerb-client/1.0.1/kerb-client-1.0.1.jar:/home/user/.m2/repository/org/apache/kerby/kerby-config/1.0.1/kerby-config-1.0.1.jar:/home/user/.m2/repository/org/apache/kerby/kerb-core/1.0.1/kerb-core-1.0.1.jar:/home/user/.m2/repository/org/apache/kerby/kerby-pkix/1.0.1/kerby-pkix-1.0.1.jar:/home/user/.m2/repository/org/apache/kerby/kerby-asn1/1.0.1/kerby-asn1-1.0.1.jar:/home/user/.m2/repository/org/apache/kerby/kerby-util/1.0.1/kerby-util-1.0.1.jar:/home/user/.m2/repository/org/apache/kerby/kerb-common/1.0.1/kerb-common-1.0.1.jar:/home/user/.m2/repository/org/apache/kerby/kerb-crypto/1.0.1/kerb-crypto-1.0.1.jar:/home/user/.m2/repository/org/apache/kerby/kerb-util/1.0.1/kerb-util-1.0.1.jar:/home/user/.m2/repository/org/apache/kerby/token-provider/1.0.1/token-provider-1.0.1.jar:/home/user/.m2/repository/org/apache/kerby/kerb-admin/1.0.1/kerb-admin-1.0.1.jar:/home/user/.m2/repository/org/apache/kerby/kerb-server/1.0.1/kerb-server-1.0.1.jar:/home/user/.m2/repository/org/apache/kerby/kerb-identity/1.0.1/kerb-identity-1.0.1.jar:/home/user/.m2/repository/org/apache/kerby/kerby-xdr/1.0.1/kerby-xdr-1.0.1.jar:/home/user/.m2/repository/org/slf4j/slf4j-log4j12/1.7.25/slf4j-log4j12-1.7.25.jar:/home/user/.m2/repository/org/apache/hadoop/hadoop-ozone-s3gateway/0.5.0-SNAPSHOT/hadoop-ozone-s3gateway-0.5.0-SNAPSHOT.jar:/home/user/.m2/repository/org/jboss/weld/servlet/weld-servlet/2.4.7.Final/weld-servlet-2.4.7.Final.jar:/home/user/.m2/repository/org/glassfish/jersey/containers/jersey-container-servlet-core/2.27/jersey-container-servlet-core-2.27.jar:/home/user/.m2/repository/org/glassfish/hk2/external/javax.inject/2.5.0-b42/javax.inject-2.5.0-b42.jar:/home/user/.m2/repository/org/glassfish/jersey/core/jersey-common/2.27/jersey-common-2.27.jar:/home/user/.m2/repository/org/glassfish/hk2/osgi-resource-locator/1.0.1/osgi-resource-locator-1.0.1.jar:/home/user/.m2/repository/javax/ws/rs/javax.ws.rs-api/2.1/javax.ws.rs-api-2.1.jar:/home/user/.m2/repository/org/glassfish/jersey/ext/cdi/jersey-cdi1x/2.27/jersey-cdi1x-2.27.jar:/home/user/.m2/repository/org/glassfish/jersey/inject/jersey-hk2/2.27/jersey-hk2-2.27.jar:/home/user/.m2/repository/org/glassfish/hk2/hk2-locator/2.5.0-b42/hk2-locator-2.5.0-b42.jar:/home/user/.m2/repository/org/javassist/javassist/3.22.0-CR2/javassist-3.22.0-CR2.jar:/home/user/.m2/repository/org/glassfish/hk2/hk2-api/2.5.0/hk2-api-2.5.0.jar:/home/user/.m2/repository/org/glassfish/hk2/external/jakarta.inject/2.5.0/jakarta.inject-2.5.0.jar:/home/user/.m2/repository/org/glassfish/hk2/hk2-utils/2.5.0/hk2-utils-2.5.0.jar:/home/user/.m2/repository/jakarta/annotation/jakarta.annotation-api/1.3.4/jakarta.annotation-api-1.3.4.jar:/home/user/.m2/repository/org/glassfish/hk2/external/aopalliance-repackaged/2.5.0/aopalliance-repackaged-2.5.0.jar:/home/user/.m2/repository/com/fasterxml/jackson/dataformat/jackson-dataformat-xml/2.9.0/jackson-dataformat-xml-2.9.0.jar:/home/user/.m2/repository/com/fasterxml/jackson/core/jackson-core/2.9.9/jackson-core-2.9.9.jar:/home/user/.m2/repository/com/fasterxml/jackson/module/jackson-module-jaxb-annotations/2.9.9/jackson-module-jaxb-annotations-2.9.9.jar:/home/user/.m2/repository/javax/enterprise/cdi-api/1.2/cdi-api-1.2.jar:/home/user/.m2/repository/javax/el/javax.el-api/3.0.0/javax.el-api-3.0.0.jar:/home/user/.m2/repository/javax/interceptor/javax.interceptor-api/1.2/javax.interceptor-api-1.2.jar:/home/user/.m2/repository/javax/inject/javax.inject/1/javax.inject-1.jar:/home/user/.m2/repository/com/sun/xml/bind/jaxb-impl/2.3.0.1/jaxb-impl-2.3.0.1.jar:/home/user/.m2/repository/com/sun/xml/bind/jaxb-core/2.3.0.1/jaxb-core-2.3.0.1.jar:/home/user/.m2/repository/javax/xml/bind/jaxb-api/2.3.0/jaxb-api-2.3.0.jar:/home/user/.m2/repository/javax/activation/activation/1.1.1/activation-1.1.1.jar:/home/user/.m2/repository/org/apache/hadoop/hadoop-ozone-csi/0.5.0-SNAPSHOT/hadoop-ozone-csi-0.5.0-SNAPSHOT.jar:/home/user/.m2/repository/com/google/protobuf/protobuf-java-util/3.5.1/protobuf-java-util-3.5.1.jar:/home/user/.m2/repository/org/apache/hadoop/hadoop-hdds-config/0.5.0-SNAPSHOT/hadoop-hdds-config-0.5.0-SNAPSHOT.jar:/home/user/.m2/repository/io/grpc/grpc-netty/1.17.1/grpc-netty-1.17.1.jar:/home/user/.m2/repository/io/grpc/grpc-core/1.17.1/grpc-core-1.17.1.jar:/home/user/.m2/repository/io/grpc/grpc-context/1.17.1/grpc-context-1.17.1.jar:/home/user/.m2/repository/com/google/errorprone/error_prone_annotations/2.2.0/error_prone_annotations-2.2.0.jar:/home/user/.m2/repository/org/codehaus/mojo/animal-sniffer-annotations/1.17/animal-sniffer-annotations-1.17.jar:/home/user/.m2/repository/io/opencensus/opencensus-api/0.17.0/opencensus-api-0.17.0.jar:/home/user/.m2/repository/io/opencensus/opencensus-contrib-grpc-metrics/0.17.0/opencensus-contrib-grpc-metrics-0.17.0.jar:/home/user/.m2/repository/io/netty/netty-codec-http2/4.1.30.Final/netty-codec-http2-4.1.30.Final.jar:/home/user/.m2/repository/io/netty/netty-codec-http/4.1.30.Final/netty-codec-http-4.1.30.Final.jar:/home/user/.m2/repository/io/netty/netty-codec/4.1.30.Final/netty-codec-4.1.30.Final.jar:/home/user/.m2/repository/io/netty/netty-handler/4.1.30.Final/netty-handler-4.1.30.Final.jar:/home/user/.m2/repository/io/netty/netty-handler-proxy/4.1.30.Final/netty-handler-proxy-4.1.30.Final.jar:/home/user/.m2/repository/io/netty/netty-codec-socks/4.1.30.Final/netty-codec-socks-4.1.30.Final.jar:/home/user/.m2/repository/io/netty/netty-transport-native-epoll/4.1.30.Final/netty-transport-native-epoll-4.1.30.Final.jar:/home/user/.m2/repository/io/netty/netty-common/4.1.30.Final/netty-common-4.1.30.Final.jar:/home/user/.m2/repository/io/netty/netty-buffer/4.1.30.Final/netty-buffer-4.1.30.Final.jar:/home/user/.m2/repository/io/netty/netty-transport/4.1.30.Final/netty-transport-4.1.30.Final.jar:/home/user/.m2/repository/io/netty/netty-resolver/4.1.30.Final/netty-resolver-4.1.30.Final.jar:/home/user/.m2/repository/io/netty/netty-transport-native-unix-common/4.1.30.Final/netty-transport-native-unix-common-4.1.30.Final.jar:/home/user/.m2/repository/io/grpc/grpc-protobuf/1.17.1/grpc-protobuf-1.17.1.jar:/home/user/.m2/repository/com/google/api/grpc/proto-google-common-protos/1.0.0/proto-google-common-protos-1.0.0.jar:/home/user/.m2/repository/io/grpc/grpc-protobuf-lite/1.17.1/grpc-protobuf-lite-1.17.1.jar:/home/user/.m2/repository/io/grpc/grpc-stub/1.17.1/grpc-stub-1.17.1.jar:/home/user/.m2/repository/org/apache/hadoop/hadoop-ozone-recon/0.5.0-SNAPSHOT/hadoop-ozone-recon-0.5.0-SNAPSHOT.jar:/home/user/.m2/repository/org/apache/hadoop/hadoop-ozone-reconcodegen/0.5.0-SNAPSHOT/hadoop-ozone-reconcodegen-0.5.0-SNAPSHOT.jar:/home/user/.m2/repository/com/google/inject/extensions/guice-multibindings/4.0/guice-multibindings-4.0.jar:/home/user/.m2/repository/com/google/inject/guice/4.0/guice-4.0.jar:/home/user/.m2/repository/aopalliance/aopalliance/1.0/aopalliance-1.0.jar:/home/user/.m2/repository/com/google/inject/extensions/guice-servlet/4.0/guice-servlet-4.0.jar:/home/user/.m2/repository/org/glassfish/jersey/containers/jersey-container-servlet/2.27/jersey-container-servlet-2.27.jar:/home/user/.m2/repository/org/glassfish/hk2/guice-bridge/2.5.0/guice-bridge-2.5.0.jar:/home/user/.m2/repository/org/glassfish/jersey/core/jersey-server/2.27/jersey-server-2.27.jar:/home/user/.m2/repository/org/glassfish/jersey/core/jersey-client/2.27/jersey-client-2.27.jar:/home/user/.m2/repository/org/glassfish/jersey/media/jersey-media-jaxb/2.27/jersey-media-jaxb-2.27.jar:/home/user/.m2/repository/javax/validation/validation-api/1.1.0.Final/validation-api-1.1.0.Final.jar:/home/user/.m2/repository/org/glassfish/jersey/media/jersey-media-json-jackson/2.27/jersey-media-json-jackson-2.27.jar:/home/user/.m2/repository/org/glassfish/jersey/ext/jersey-entity-filtering/2.27/jersey-entity-filtering-2.27.jar:/home/user/.m2/repository/com/google/inject/extensions/guice-assistedinject/4.0/guice-assistedinject-4.0.jar:/home/user/.m2/repository/org/jooq/jooq/3.11.10/jooq-3.11.10.jar:/home/user/.m2/repository/org/jooq/jooq-meta/3.11.10/jooq-meta-3.11.10.jar:/home/user/.m2/repository/org/jooq/jooq-codegen/3.11.10/jooq-codegen-3.11.10.jar:/home/user/.m2/repository/com/jolbox/bonecp/0.8.0.RELEASE/bonecp-0.8.0.RELEASE.jar:/home/user/.m2/repository/org/xerial/sqlite-jdbc/3.25.2/sqlite-jdbc-3.25.2.jar:/home/user/.m2/repository/org/springframework/spring-jdbc/5.1.3.RELEASE/spring-jdbc-5.1.3.RELEASE.jar:/home/user/.m2/repository/org/springframework/spring-beans/5.1.3.RELEASE/spring-beans-5.1.3.RELEASE.jar:/home/user/.m2/repository/org/springframework/spring-core/5.1.3.RELEASE/spring-core-5.1.3.RELEASE.jar:/home/user/.m2/repository/org/springframework/spring-jcl/5.1.3.RELEASE/spring-jcl-5.1.3.RELEASE.jar:/home/user/.m2/repository/org/springframework/spring-tx/5.1.3.RELEASE/spring-tx-5.1.3.RELEASE.jar:/home/user/.m2/repository/org/apache/hadoop/hadoop-ozone-client/0.5.0-SNAPSHOT/hadoop-ozone-client-0.5.0-SNAPSHOT.jar:/home/user/.m2/repository/commons-lang/commons-lang/2.6/commons-lang-2.6.jar:/home/user/.m2/repository/org/apache/hadoop/hadoop-ozone-ozone-manager/0.5.0-SNAPSHOT/hadoop-ozone-ozone-manager-0.5.0-SNAPSHOT-tests.jar:/home/user/.m2/repository/junit/junit/4.11/junit-4.11.jar:/home/user/.m2/repository/org/hamcrest/hamcrest-core/1.3/hamcrest-core-1.3.jar:/home/user/.m2/repository/org/openjdk/jmh/jmh-core/1.19/jmh-core-1.19.jar:/home/user/.m2/repository/net/sf/jopt-simple/jopt-simple/4.6/jopt-simple-4.6.jar:/home/user/.m2/repository/org/apache/commons/commons-math3/3.1.1/commons-math3-3.1.1.jar:/home/user/.m2/repository/org/openjdk/jmh/jmh-generator-annprocess/1.19/jmh-generator-annprocess-1.19.jar:/home/user/.m2/repository/org/mockito/mockito-all/1.8.5/mockito-all-1.8.5.jar:/home/user/.m2/repository/org/apache/hadoop/hadoop-kms/3.2.0/hadoop-kms-3.2.0.jar:/home/user/.m2/repository/org/apache/hadoop/hadoop-auth/3.2.0/hadoop-auth-3.2.0.jar:/home/user/.m2/repository/com/nimbusds/nimbus-jose-jwt/4.41.1/nimbus-jose-jwt-4.41.1.jar:/home/user/.m2/repository/com/github/stephenc/jcip/jcip-annotations/1.0-1/jcip-annotations-1.0-1.jar:/home/user/.m2/repository/net/minidev/json-smart/2.3/json-smart-2.3.jar:/home/user/.m2/repository/net/minidev/accessors-smart/1.2/accessors-smart-1.2.jar:/home/user/.m2/repository/org/ow2/asm/asm/5.0.4/asm-5.0.4.jar:/home/user/.m2/repository/org/apache/curator/curator-framework/2.12.0/curator-framework-2.12.0.jar:/home/user/.m2/repository/com/sun/jersey/jersey-core/1.19/jersey-core-1.19.jar:/home/user/.m2/repository/javax/ws/rs/jsr311-api/1.1.1/jsr311-api-1.1.1.jar:/home/user/.m2/repository/com/sun/jersey/jersey-server/1.19/jersey-server-1.19.jar:/home/user/.m2/repository/javax/servlet/javax.servlet-api/3.1.0/javax.servlet-api-3.1.0.jar:/home/user/.m2/repository/org/eclipse/jetty/jetty-server/9.3.25.v20180904/jetty-server-9.3.25.v20180904.jar:/home/user/.m2/repository/org/eclipse/jetty/jetty-http/9.3.25.v20180904/jetty-http-9.3.25.v20180904.jar:/home/user/.m2/repository/org/eclipse/jetty/jetty-io/9.3.25.v20180904/jetty-io-9.3.25.v20180904.jar:/home/user/.m2/repository/org/eclipse/jetty/jetty-webapp/9.3.25.v20180904/jetty-webapp-9.3.25.v20180904.jar:/home/user/.m2/repository/org/eclipse/jetty/jetty-xml/9.3.25.v20180904/jetty-xml-9.3.25.v20180904.jar:/home/user/.m2/repository/log4j/log4j/1.2.17/log4j-1.2.17.jar:/home/user/.m2/repository/org/slf4j/slf4j-api/1.7.25/slf4j-api-1.7.25.jar:/home/user/.m2/repository/org/slf4j/jul-to-slf4j/1.7.25/jul-to-slf4j-1.7.25.jar:/home/user/.m2/repository/org/eclipse/jetty/jetty-util/9.3.25.v20180904/jetty-util-9.3.25.v20180904.jar:/home/user/.m2/repository/com/fasterxml/jackson/core/jackson-databind/2.9.9/jackson-databind-2.9.9.jar:/home/user/.m2/repository/org/apache/hadoop/hadoop-kms/3.2.0/hadoop-kms-3.2.0-tests.jar:/home/user/.m2/repository/org/apache/hadoop/hadoop-hdds-server-scm/0.5.0-SNAPSHOT/hadoop-hdds-server-scm-0.5.0-SNAPSHOT-tests.jar:/home/user/.m2/repository/org/apache/hadoop/hadoop-hdds-container-service/0.5.0-SNAPSHOT/hadoop-hdds-container-service-0.5.0-SNAPSHOT-tests.jar:/home/user/.m2/repository/org/yaml/snakeyaml/1.16/snakeyaml-1.16.jar:/home/user/.m2/repository/org/apache/hadoop/hadoop-common/3.2.0/hadoop-common-3.2.0-tests.jar:/home/user/.m2/repository/org/apache/hadoop/hadoop-annotations/3.2.0/hadoop-annotations-3.2.0.jar:/usr/lib/jvm/java-1.8.0-openjdk-1.8.0.222.b10-1.el7_7.x86_64/jre/../lib/tools.jar:/home/user/.m2/repository/commons-cli/commons-cli/1.2/commons-cli-1.2.jar:/home/user/.m2/repository/org/apache/httpcomponents/httpclient/4.5.2/httpclient-4.5.2.jar:/home/user/.m2/repository/org/apache/httpcomponents/httpcore/4.4.4/httpcore-4.4.4.jar:/home/user/.m2/repository/commons-codec/commons-codec/1.11/commons-codec-1.11.jar:/home/user/.m2/repository/commons-net/commons-net/3.6/commons-net-3.6.jar:/home/user/.m2/repository/commons-collections/commons-collections/3.2.2/commons-collections-3.2.2.jar:/home/user/.m2/repository/org/eclipse/jetty/jetty-servlet/9.3.25.v20180904/jetty-servlet-9.3.25.v20180904.jar:/home/user/.m2/repository/org/eclipse/jetty/jetty-security/9.3.25.v20180904/jetty-security-9.3.25.v20180904.jar:/home/user/.m2/repository/javax/servlet/jsp/jsp-api/2.1/jsp-api-2.1.jar:/home/user/.m2/repository/com/sun/jersey/jersey-servlet/1.19/jersey-servlet-1.19.jar:/home/user/.m2/repository/com/sun/jersey/jersey-json/1.19/jersey-json-1.19.jar:/home/user/.m2/repository/org/codehaus/jettison/jettison/1.1/jettison-1.1.jar:/home/user/.m2/repository/org/codehaus/jackson/jackson-core-asl/1.9.13/jackson-core-asl-1.9.13.jar:/home/user/.m2/repository/org/codehaus/jackson/jackson-mapper-asl/1.9.13/jackson-mapper-asl-1.9.13.jar:/home/user/.m2/repository/org/codehaus/jackson/jackson-jaxrs/1.9.13/jackson-jaxrs-1.9.13.jar:/home/user/.m2/repository/org/codehaus/jackson/jackson-xc/1.9.13/jackson-xc-1.9.13.jar:/home/user/.m2/repository/commons-logging/commons-logging/1.1.3/commons-logging-1.1.3.jar:/home/user/.m2/repository/commons-beanutils/commons-beanutils/1.9.4/commons-beanutils-1.9.4.jar:/home/user/.m2/repository/org/apache/commons/commons-configuration2/2.1.1/commons-configuration2-2.1.1.jar:/home/user/.m2/repository/org/apache/commons/commons-lang3/3.7/commons-lang3-3.7.jar:/home/user/.m2/repository/org/apache/commons/commons-text/1.4/commons-text-1.4.jar:/home/user/.m2/repository/org/apache/avro/avro/1.7.7/avro-1.7.7.jar:/home/user/.m2/repository/com/thoughtworks/paranamer/paranamer/2.3/paranamer-2.3.jar:/home/user/.m2/repository/org/xerial/snappy/snappy-java/1.0.5/snappy-java-1.0.5.jar:/home/user/.m2/repository/com/google/re2j/re2j/1.1/re2j-1.1.jar:/home/user/.m2/repository/com/google/code/gson/gson/2.2.4/gson-2.2.4.jar:/home/user/.m2/repository/com/jcraft/jsch/0.1.54/jsch-0.1.54.jar:/home/user/.m2/repository/org/apache/curator/curator-client/2.12.0/curator-client-2.12.0.jar:/home/user/.m2/repository/org/apache/curator/curator-recipes/2.12.0/curator-recipes-2.12.0.jar:/home/user/.m2/repository/com/google/code/findbugs/jsr305/3.0.0/jsr305-3.0.0.jar:/home/user/.m2/repository/org/apache/htrace/htrace-core4/4.1.0-incubating/htrace-core4-4.1.0-incubating.jar:/home/user/.m2/repository/org/apache/zookeeper/zookeeper/3.4.13/zookeeper-3.4.13.jar:/home/user/.m2/repository/jline/jline/0.9.94/jline-0.9.94.jar:/home/user/.m2/repository/org/apache/yetus/audience-annotations/0.5.0/audience-annotations-0.5.0.jar:/home/user/.m2/repository/org/codehaus/woodstox/stax2-api/3.1.4/stax2-api-3.1.4.jar:/home/user/.m2/repository/com/fasterxml/woodstox/woodstox-core/5.0.3/woodstox-core-5.0.3.jar:/home/user/.m2/repository/dnsjava/dnsjava/2.1.7/dnsjava-2.1.7.jar:/home/user/.m2/repository/org/apache/hadoop/hadoop-hdfs/3.2.0/hadoop-hdfs-3.2.0-tests.jar:/home/user/.m2/repository/org/eclipse/jetty/jetty-util-ajax/9.3.25.v20180904/jetty-util-ajax-9.3.25.v20180904.jar:/home/user/.m2/repository/commons-daemon/commons-daemon/1.0.13/commons-daemon-1.0.13.jar:/home/user/.m2/repository/io/netty/netty/3.10.5.Final/netty-3.10.5.Final.jar:/home/user/.m2/repository/io/netty/netty-all/4.0.52.Final/netty-all-4.0.52.Final.jar:/home/user/.m2/repository/org/fusesource/leveldbjni/leveldbjni-all/1.8/leveldbjni-all-1.8.jar:"/>
    <property name="sun.cpu.endian" value="little"/>
    <property name="user.home" value="/home/user"/>
    <property name="user.language" value="en"/>
    <property name="java.specification.vendor" value="Oracle Corporation"/>
    <property name="java.home" value="/usr/lib/jvm/java-1.8.0-openjdk-1.8.0.222.b10-1.el7_7.x86_64/jre"/>
    <property name="surefire.excludesFile" value="/tools/ozone-bad-unit-tests"/>
    <property name="java.security.krb5.conf" value="/workdir/hadoop-ozone/integration-test/target/test-classes/krb5.conf"/>
    <property name="basedir" value="/workdir/hadoop-ozone/integration-test"/>
    <property name="file.separator" value="/"/>
    <property name="line.separator" value="&#10;"/>
    <property name="java.vm.specification.vendor" value="Oracle Corporation"/>
    <property name="java.specification.name" value="Java Platform API Specification"/>
    <property name="java.awt.graphicsenv" value="sun.awt.X11GraphicsEnvironment"/>
    <property name="surefire.real.class.path" value="/workdir/hadoop-ozone/integration-test/target/surefire/surefirebooter7526517237430040017.jar"/>
    <property name="hadoop.log.dir" value="/workdir/hadoop-ozone/integration-test/target/log"/>
    <property name="sun.boot.class.path" value="/usr/lib/jvm/java-1.8.0-openjdk-1.8.0.222.b10-1.el7_7.x86_64/jre/lib/resources.jar:/usr/lib/jvm/java-1.8.0-openjdk-1.8.0.222.b10-1.el7_7.x86_64/jre/lib/rt.jar:/usr/lib/jvm/java-1.8.0-openjdk-1.8.0.222.b10-1.el7_7.x86_64/jre/lib/sunrsasign.jar:/usr/lib/jvm/java-1.8.0-openjdk-1.8.0.222.b10-1.el7_7.x86_64/jre/lib/jsse.jar:/usr/lib/jvm/java-1.8.0-openjdk-1.8.0.222.b10-1.el7_7.x86_64/jre/lib/jce.jar:/usr/lib/jvm/java-1.8.0-openjdk-1.8.0.222.b10-1.el7_7.x86_64/jre/lib/charsets.jar:/usr/lib/jvm/java-1.8.0-openjdk-1.8.0.222.b10-1.el7_7.x86_64/jre/lib/jfr.jar:/usr/lib/jvm/java-1.8.0-openjdk-1.8.0.222.b10-1.el7_7.x86_64/jre/classes"/>
    <property name="sun.management.compiler" value="HotSpot 64-Bit Tiered Compilers"/>
    <property name="java.runtime.version" value="1.8.0_222-b10"/>
    <property name="java.net.preferIPv4Stack" value="true"/>
    <property name="user.name" value="jenkins1000"/>
    <property name="path.separator" value=":"/>
    <property name="java.security.egd" value="file:///dev/urandom"/>
    <property name="os.version" value="3.10.0-957.12.2.el7.x86_64"/>
    <property name="java.endorsed.dirs" value="/usr/lib/jvm/java-1.8.0-openjdk-1.8.0.222.b10-1.el7_7.x86_64/jre/lib/endorsed"/>
    <property name="java.runtime.name" value="OpenJDK Runtime Environment"/>
    <property name="file.encoding" value="ANSI_X3.4-1968"/>
    <property name="java.vm.name" value="OpenJDK 64-Bit Server VM"/>
    <property name="test.build.webapps" value=""/>
    <property name="localRepository" value="/home/user/.m2/repository"/>
    <property name="java.vendor.url.bug" value="http://bugreport.sun.com/bugreport/"/>
    <property name="java.io.tmpdir" value="/tmp"/>
    <property name="require.test.libhadoop" value=""/>
    <property name="java.version" value="1.8.0_222"/>
    <property name="user.dir" value="/workdir/hadoop-ozone/integration-test"/>
    <property name="os.arch" value="amd64"/>
    <property name="java.vm.specification.name" value="Java Virtual Machine Specification"/>
    <property name="test.build.classes" value="/workdir/hadoop-ozone/integration-test/target/test-classes"/>
    <property name="java.awt.printerjob" value="sun.print.PSPrinterJob"/>
    <property name="sun.os.patch.level" value="unknown"/>
    <property name="hadoop.tmp.dir" value="/workdir/hadoop-ozone/integration-test/target/tmp"/>
    <property name="java.library.path" value="/usr/lib:/workdir/hadoop-ozone/integration-test/target/native/target/usr/local/lib:/workdir/hadoop-ozone/integration-test/../../hadoop-common-project/hadoop-common/target/native/target/usr/local/lib:/usr/java/packages/lib/amd64:/usr/lib64:/lib64:/lib:/usr/lib"/>
    <property name="java.vm.info" value="mixed mode"/>
    <property name="java.vendor" value="Oracle Corporation"/>
    <property name="java.vm.version" value="25.222-b10"/>
    <property name="java.ext.dirs" value="/usr/lib/jvm/java-1.8.0-openjdk-1.8.0.222.b10-1.el7_7.x86_64/jre/lib/ext:/usr/java/packages/lib/ext"/>
    <property name="sun.io.unicode.encoding" value="UnicodeLittle"/>
    <property name="java.class.version" value="52.0"/>
  </properties>
  <testcase name="testDeleteKeyWithSlowFollower" classname="org.apache.hadoop.ozone.client.rpc.TestDeleteWithSlowFollower" time="112.183">
    <failure type="java.lang.AssertionError">java.lang.AssertionError
	at org.junit.Assert.fail(Assert.java:86)
	at org.junit.Assert.assertTrue(Assert.java:41)
	at org.junit.Assert.assertTrue(Assert.java:52)
	at org.apache.hadoop.ozone.client.rpc.TestDeleteWithSlowFollower.testDeleteKeyWithSlowFollower(TestDeleteWithSlowFollower.java:265)
	at sun.reflect.NativeMethodAccessorImpl.invoke0(Native Method)
	at sun.reflect.NativeMethodAccessorImpl.invoke(NativeMethodAccessorImpl.java:62)
	at sun.reflect.DelegatingMethodAccessorImpl.invoke(DelegatingMethodAccessorImpl.java:43)
	at java.lang.reflect.Method.invoke(Method.java:498)
	at org.junit.runners.model.FrameworkMethod$1.runReflectiveCall(FrameworkMethod.java:47)
	at org.junit.internal.runners.model.ReflectiveCallable.run(ReflectiveCallable.java:12)
	at org.junit.runners.model.FrameworkMethod.invokeExplosively(FrameworkMethod.java:44)
	at org.junit.internal.runners.statements.InvokeMethod.evaluate(InvokeMethod.java:17)
	at org.junit.runners.ParentRunner.runLeaf(ParentRunner.java:271)
	at org.junit.runners.BlockJUnit4ClassRunner.runChild(BlockJUnit4ClassRunner.java:70)
	at org.junit.runners.BlockJUnit4ClassRunner.runChild(BlockJUnit4ClassRunner.java:50)
	at org.junit.runners.ParentRunner$3.run(ParentRunner.java:238)
	at org.junit.runners.ParentRunner$1.schedule(ParentRunner.java:63)
	at org.junit.runners.ParentRunner.runChildren(ParentRunner.java:236)
	at org.junit.runners.ParentRunner.access$000(ParentRunner.java:53)
	at org.junit.runners.ParentRunner$2.evaluate(ParentRunner.java:229)
	at org.junit.internal.runners.statements.RunBefores.evaluate(RunBefores.java:26)
	at org.junit.internal.runners.statements.RunAfters.evaluate(RunAfters.java:27)
	at org.junit.runners.ParentRunner.run(ParentRunner.java:309)
	at org.apache.maven.surefire.junit4.JUnit4Provider.execute(JUnit4Provider.java:365)
	at org.apache.maven.surefire.junit4.JUnit4Provider.executeWithRerun(JUnit4Provider.java:273)
	at org.apache.maven.surefire.junit4.JUnit4Provider.executeTestSet(JUnit4Provider.java:238)
	at org.apache.maven.surefire.junit4.JUnit4Provider.invoke(JUnit4Provider.java:159)
	at org.apache.maven.surefire.booter.ForkedBooter.invokeProviderInSameClassLoader(ForkedBooter.java:384)
	at org.apache.maven.surefire.booter.ForkedBooter.runSuitesInProcess(ForkedBooter.java:345)
	at org.apache.maven.surefire.booter.ForkedBooter.execute(ForkedBooter.java:126)
	at org.apache.maven.surefire.booter.ForkedBooter.main(ForkedBooter.java:418)
</failure>
    <system-out><![CDATA[2019-10-25 05:10:47,179 [main] WARN  server.ServerUtils (ServerUtils.java:getScmDbDir(145)) - ozone.scm.db.dirs is not configured. We recommend adding this setting. Falling back to ozone.metadata.dirs instead.
2019-10-25 05:10:47,283 [main] WARN  server.ServerUtils (ServerUtils.java:getScmDbDir(145)) - ozone.scm.db.dirs is not configured. We recommend adding this setting. Falling back to ozone.metadata.dirs instead.
2019-10-25 05:10:47,286 [main] WARN  server.ServerUtils (ServerUtils.java:getScmDbDir(145)) - ozone.scm.db.dirs is not configured. We recommend adding this setting. Falling back to ozone.metadata.dirs instead.
2019-10-25 05:10:47,306 [main] INFO  util.log (Log.java:initialized(192)) - Logging initialized @800ms
2019-10-25 05:10:47,380 [main] INFO  db.DBStoreBuilder (DBStoreBuilder.java:addTable(127)) - using custom profile for table: deletedBlocks
2019-10-25 05:10:47,381 [main] INFO  db.DBStoreBuilder (DBStoreBuilder.java:processTables(183)) - Using default column profile:DBProfile.DISK for Table:deletedBlocks
2019-10-25 05:10:47,381 [main] INFO  db.DBStoreBuilder (DBStoreBuilder.java:addTable(127)) - using custom profile for table: validCerts
2019-10-25 05:10:47,381 [main] INFO  db.DBStoreBuilder (DBStoreBuilder.java:processTables(183)) - Using default column profile:DBProfile.DISK for Table:validCerts
2019-10-25 05:10:47,381 [main] INFO  db.DBStoreBuilder (DBStoreBuilder.java:addTable(127)) - using custom profile for table: revokedCerts
2019-10-25 05:10:47,381 [main] INFO  db.DBStoreBuilder (DBStoreBuilder.java:processTables(183)) - Using default column profile:DBProfile.DISK for Table:revokedCerts
2019-10-25 05:10:47,390 [main] INFO  db.DBStoreBuilder (DBStoreBuilder.java:addTable(127)) - using custom profile for table: default
2019-10-25 05:10:47,391 [main] INFO  db.DBStoreBuilder (DBStoreBuilder.java:processTables(189)) - Using default column profile:DBProfile.DISK for Table:default
2019-10-25 05:10:47,392 [main] INFO  db.DBStoreBuilder (DBStoreBuilder.java:getDbProfile(220)) - Using default options. DBProfile.DISK
2019-10-25 05:10:47,617 [main] INFO  net.NodeSchemaLoader (NodeSchemaLoader.java:loadSchemaFromFile(125)) - Loading file from sun.misc.CompoundEnumeration@78691363
2019-10-25 05:10:47,618 [main] INFO  net.NodeSchemaLoader (NodeSchemaLoader.java:loadSchema(171)) - Loading network topology layer schema file
2019-10-25 05:10:47,694 [main] WARN  server.ServerUtils (ServerUtils.java:sanitizeUserArgs(70)) - ozone.scm.stale.node.interval value = 1000000 is larger than max = 100000 based on the key value of ozone.scm.heartbeat.thread.interval, reset to the max value 100000.
2019-10-25 05:10:47,697 [main] WARN  server.ServerUtils (ServerUtils.java:sanitizeUserArgs(70)) - ozone.scm.stale.node.interval value = 1000000 is larger than max = 100000 based on the key value of ozone.scm.heartbeat.thread.interval, reset to the max value 100000.
2019-10-25 05:10:47,700 [main] INFO  node.SCMNodeManager (SCMNodeManager.java:<init>(116)) - Entering startup safe mode.
2019-10-25 05:10:47,774 [main] INFO  algorithms.ContainerPlacementPolicyFactory (ContainerPlacementPolicyFactory.java:getPolicy(57)) - Create container placement policy of type org.apache.hadoop.hdds.scm.container.placement.algorithms.SCMContainerPlacementRandom
2019-10-25 05:10:47,787 [main] WARN  server.ServerUtils (ServerUtils.java:getScmDbDir(145)) - ozone.scm.db.dirs is not configured. We recommend adding this setting. Falling back to ozone.metadata.dirs instead.
2019-10-25 05:10:47,857 [main] INFO  pipeline.SCMPipelineManager (SCMPipelineManager.java:initializePipelineState(133)) - No pipeline exists in current db
2019-10-25 05:10:47,859 [main] WARN  server.ServerUtils (ServerUtils.java:getScmDbDir(145)) - ozone.scm.db.dirs is not configured. We recommend adding this setting. Falling back to ozone.metadata.dirs instead.
2019-10-25 05:10:47,991 [main] WARN  events.EventQueue (EventQueue.java:fireEvent(183)) - No event handler registered for event TypedEvent{payloadType=SafeModeStatus, name='SafeModeStatus'}
2019-10-25 05:10:48,333 [main] INFO  ipc.CallQueueManager (CallQueueManager.java:<init>(84)) - Using callQueue: class java.util.concurrent.LinkedBlockingQueue, queueCapacity: 2000, scheduler: class org.apache.hadoop.ipc.DefaultRpcScheduler, ipcBackoff: false.
2019-10-25 05:10:48,468 [Socket Reader #1 for port 38726] INFO  ipc.Server (Server.java:run(1074)) - Starting Socket Reader #1 for port 38726
2019-10-25 05:10:48,507 [main] INFO  ipc.CallQueueManager (CallQueueManager.java:<init>(84)) - Using callQueue: class java.util.concurrent.LinkedBlockingQueue, queueCapacity: 2000, scheduler: class org.apache.hadoop.ipc.DefaultRpcScheduler, ipcBackoff: false.
2019-10-25 05:10:48,509 [Socket Reader #1 for port 39467] INFO  ipc.Server (Server.java:run(1074)) - Starting Socket Reader #1 for port 39467
2019-10-25 05:10:48,519 [main] INFO  ipc.CallQueueManager (CallQueueManager.java:<init>(84)) - Using callQueue: class java.util.concurrent.LinkedBlockingQueue, queueCapacity: 2000, scheduler: class org.apache.hadoop.ipc.DefaultRpcScheduler, ipcBackoff: false.
2019-10-25 05:10:48,520 [Socket Reader #1 for port 44760] INFO  ipc.Server (Server.java:run(1074)) - Starting Socket Reader #1 for port 44760
2019-10-25 05:10:48,548 [main] INFO  hdfs.DFSUtil (DFSUtil.java:httpServerTemplateForNNAndJN(1641)) - Starting Web-server for scm at: http://0.0.0.0:0
2019-10-25 05:10:48,708 [main] INFO  server.AuthenticationFilter (AuthenticationFilter.java:constructSecretProvider(240)) - Unable to initialize FileSignerSecretProvider, falling back to use random secrets.
2019-10-25 05:10:48,715 [main] WARN  http.HttpRequestLog (HttpRequestLog.java:getRequestLog(97)) - Jetty request log can only be enabled using Log4j
2019-10-25 05:10:48,723 [main] INFO  http.HttpServer2 (HttpServer2.java:addGlobalFilter(975)) - Added global filter 'safety' (class=org.apache.hadoop.http.HttpServer2$QuotingInputFilter)
2019-10-25 05:10:48,728 [main] INFO  http.HttpServer2 (HttpServer2.java:addFilter(948)) - Added filter static_user_filter (class=org.apache.hadoop.http.lib.StaticUserWebFilter$StaticUserFilter) to context scm
2019-10-25 05:10:48,728 [main] INFO  http.HttpServer2 (HttpServer2.java:addFilter(958)) - Added filter static_user_filter (class=org.apache.hadoop.http.lib.StaticUserWebFilter$StaticUserFilter) to context static
2019-10-25 05:10:48,729 [main] INFO  http.HttpServer2 (HttpServer2.java:addFilter(958)) - Added filter static_user_filter (class=org.apache.hadoop.http.lib.StaticUserWebFilter$StaticUserFilter) to context logs
2019-10-25 05:10:48,778 [main] INFO  server.StorageContainerManager (StorageContainerManager.java:start(772)) - StorageContainerLocationProtocol RPC server is listening at /0.0.0.0:44760
2019-10-25 05:10:48,855 [main] WARN  impl.MetricsConfig (MetricsConfig.java:loadFirst(134)) - Cannot locate configuration: tried hadoop-metrics2-storagecontainermanager.properties,hadoop-metrics2.properties
2019-10-25 05:10:48,870 [main] INFO  impl.MetricsSystemImpl (MetricsSystemImpl.java:startTimer(374)) - Scheduled Metric snapshot period at 10 second(s).
2019-10-25 05:10:48,870 [main] INFO  impl.MetricsSystemImpl (MetricsSystemImpl.java:start(191)) - StorageContainerManager metrics system started
2019-10-25 05:10:49,115 [main] INFO  server.SCMClientProtocolServer (SCMClientProtocolServer.java:start(159)) - RPC server for Client  is listening at /0.0.0.0:44760
2019-10-25 05:10:49,115 [IPC Server Responder] INFO  ipc.Server (Server.java:run(1314)) - IPC Server Responder: starting
2019-10-25 05:10:49,116 [IPC Server listener on 44760] INFO  ipc.Server (Server.java:run(1153)) - IPC Server listener on 44760: starting
2019-10-25 05:10:49,120 [main] INFO  server.StorageContainerManager (StorageContainerManager.java:start(782)) - ScmBlockLocationProtocol RPC server is listening at /0.0.0.0:39467
2019-10-25 05:10:49,121 [main] INFO  server.SCMBlockProtocolServer (SCMBlockProtocolServer.java:start(146)) - RPC server for Block Protocol is listening at /0.0.0.0:39467
2019-10-25 05:10:49,122 [IPC Server Responder] INFO  ipc.Server (Server.java:run(1314)) - IPC Server Responder: starting
2019-10-25 05:10:49,122 [IPC Server listener on 39467] INFO  ipc.Server (Server.java:run(1153)) - IPC Server listener on 39467: starting
2019-10-25 05:10:49,125 [main] INFO  server.StorageContainerManager (StorageContainerManager.java:start(786)) - ScmDatanodeProtocl RPC server is listening at /0.0.0.0:38726
2019-10-25 05:10:49,126 [main] INFO  server.SCMDatanodeProtocolServer (SCMDatanodeProtocolServer.java:start(169)) - RPC server for DataNodes is listening at /0.0.0.0:38726
2019-10-25 05:10:49,127 [IPC Server Responder] INFO  ipc.Server (Server.java:run(1314)) - IPC Server Responder: starting
2019-10-25 05:10:49,127 [IPC Server listener on 38726] INFO  ipc.Server (Server.java:run(1153)) - IPC Server listener on 38726: starting
2019-10-25 05:10:49,132 [main] INFO  http.HttpServer2 (HttpServer2.java:bindListener(1191)) - Jetty bound to port 41967
2019-10-25 05:10:49,135 [main] INFO  server.Server (Server.java:doStart(351)) - jetty-9.3.25.v20180904, build timestamp: 2018-09-04T21:11:46Z, git hash: 3ce520221d0240229c862b122d2b06c12a625732
2019-10-25 05:10:49,186 [main] INFO  handler.ContextHandler (ContextHandler.java:doStart(781)) - Started o.e.j.s.ServletContextHandler@2f48b3d2{/logs,file:///workdir/hadoop-ozone/integration-test/target/log,AVAILABLE}
2019-10-25 05:10:49,187 [main] INFO  handler.ContextHandler (ContextHandler.java:doStart(781)) - Started o.e.j.s.ServletContextHandler@753432a2{/static,file:///workdir/hadoop-ozone/integration-test/target/test-classes/webapps/static,AVAILABLE}
2019-10-25 05:10:49,226 [main] INFO  handler.ContextHandler (ContextHandler.java:doStart(781)) - Started o.e.j.w.WebAppContext@23a9ba52{/,file:///workdir/hadoop-ozone/integration-test/target/test-classes/webapps/scm/,AVAILABLE}{/scm}
2019-10-25 05:10:49,233 [main] INFO  server.AbstractConnector (AbstractConnector.java:doStart(278)) - Started ServerConnector@7927bd9f{HTTP/1.1,[http/1.1]}{0.0.0.0:41967}
2019-10-25 05:10:49,233 [main] INFO  server.Server (Server.java:doStart(419)) - Started @2727ms
2019-10-25 05:10:49,235 [main] INFO  impl.MetricsSinkAdapter (MetricsSinkAdapter.java:start(204)) - Sink prometheus started
2019-10-25 05:10:49,235 [main] INFO  impl.MetricsSystemImpl (MetricsSystemImpl.java:registerSink(301)) - Registered sink prometheus
2019-10-25 05:10:49,237 [main] INFO  server.BaseHttpServer (BaseHttpServer.java:updateConnectorAddress(215)) - HTTP server of SCM is listening at http://0.0.0.0:41967
2019-10-25 05:10:49,243 [org.apache.hadoop.util.JvmPauseMonitor$Monitor@3d3f761a] INFO  util.JvmPauseMonitor (JvmPauseMonitor.java:run(188)) - Starting JVM pause monitor
2019-10-25 05:10:49,246 [main] WARN  server.ServerUtils (ServerUtils.java:getDBPath(222)) - ozone.om.db.dirs is not configured. We recommend adding this setting. Falling back to ozone.metadata.dirs instead.
2019-10-25 05:10:49,346 [main] INFO  ha.OMHANodeDetails (OMHANodeDetails.java:loadOMHAConfig(190)) - Configuration either no ozone.om.address set. Falling back to the default OM address /127.0.0.1:0
2019-10-25 05:10:49,347 [main] INFO  ha.OMHANodeDetails (OMHANodeDetails.java:getOMNodeDetails(220)) - OM Service ID is not set. Setting it to the default ID: omServiceIdDefault
2019-10-25 05:10:49,348 [main] WARN  server.ServerUtils (ServerUtils.java:getDBPath(222)) - ozone.om.db.dirs is not configured. We recommend adding this setting. Falling back to ozone.metadata.dirs instead.
2019-10-25 05:10:49,349 [main] WARN  server.ServerUtils (ServerUtils.java:getDBPath(222)) - ozone.om.db.dirs is not configured. We recommend adding this setting. Falling back to ozone.metadata.dirs instead.
2019-10-25 05:10:49,964 [main] WARN  server.ServerUtils (ServerUtils.java:getDBPath(222)) - ozone.om.db.dirs is not configured. We recommend adding this setting. Falling back to ozone.metadata.dirs instead.
2019-10-25 05:10:49,972 [main] INFO  db.DBStoreBuilder (DBStoreBuilder.java:addTable(127)) - using custom profile for table: userTable
2019-10-25 05:10:49,973 [main] INFO  db.DBStoreBuilder (DBStoreBuilder.java:processTables(183)) - Using default column profile:DBProfile.DISK for Table:userTable
2019-10-25 05:10:49,973 [main] INFO  db.DBStoreBuilder (DBStoreBuilder.java:addTable(127)) - using custom profile for table: volumeTable
2019-10-25 05:10:49,973 [main] INFO  db.DBStoreBuilder (DBStoreBuilder.java:processTables(183)) - Using default column profile:DBProfile.DISK for Table:volumeTable
2019-10-25 05:10:49,973 [main] INFO  db.DBStoreBuilder (DBStoreBuilder.java:addTable(127)) - using custom profile for table: bucketTable
2019-10-25 05:10:49,973 [main] INFO  db.DBStoreBuilder (DBStoreBuilder.java:processTables(183)) - Using default column profile:DBProfile.DISK for Table:bucketTable
2019-10-25 05:10:49,974 [main] INFO  db.DBStoreBuilder (DBStoreBuilder.java:addTable(127)) - using custom profile for table: keyTable
2019-10-25 05:10:49,974 [main] INFO  db.DBStoreBuilder (DBStoreBuilder.java:processTables(183)) - Using default column profile:DBProfile.DISK for Table:keyTable
2019-10-25 05:10:49,974 [main] INFO  db.DBStoreBuilder (DBStoreBuilder.java:addTable(127)) - using custom profile for table: deletedTable
2019-10-25 05:10:49,974 [main] INFO  db.DBStoreBuilder (DBStoreBuilder.java:processTables(183)) - Using default column profile:DBProfile.DISK for Table:deletedTable
2019-10-25 05:10:49,975 [main] INFO  db.DBStoreBuilder (DBStoreBuilder.java:addTable(127)) - using custom profile for table: openKeyTable
2019-10-25 05:10:49,975 [main] INFO  db.DBStoreBuilder (DBStoreBuilder.java:processTables(183)) - Using default column profile:DBProfile.DISK for Table:openKeyTable
2019-10-25 05:10:49,975 [main] INFO  db.DBStoreBuilder (DBStoreBuilder.java:addTable(127)) - using custom profile for table: s3Table
2019-10-25 05:10:49,975 [main] INFO  db.DBStoreBuilder (DBStoreBuilder.java:processTables(183)) - Using default column profile:DBProfile.DISK for Table:s3Table
2019-10-25 05:10:49,976 [main] INFO  db.DBStoreBuilder (DBStoreBuilder.java:addTable(127)) - using custom profile for table: multipartInfoTable
2019-10-25 05:10:49,976 [main] INFO  db.DBStoreBuilder (DBStoreBuilder.java:processTables(183)) - Using default column profile:DBProfile.DISK for Table:multipartInfoTable
2019-10-25 05:10:49,976 [main] INFO  db.DBStoreBuilder (DBStoreBuilder.java:addTable(127)) - using custom profile for table: dTokenTable
2019-10-25 05:10:49,976 [main] INFO  db.DBStoreBuilder (DBStoreBuilder.java:processTables(183)) - Using default column profile:DBProfile.DISK for Table:dTokenTable
2019-10-25 05:10:49,977 [main] INFO  db.DBStoreBuilder (DBStoreBuilder.java:addTable(127)) - using custom profile for table: s3SecretTable
2019-10-25 05:10:49,977 [main] INFO  db.DBStoreBuilder (DBStoreBuilder.java:processTables(183)) - Using default column profile:DBProfile.DISK for Table:s3SecretTable
2019-10-25 05:10:49,977 [main] INFO  db.DBStoreBuilder (DBStoreBuilder.java:addTable(127)) - using custom profile for table: prefixTable
2019-10-25 05:10:49,977 [main] INFO  db.DBStoreBuilder (DBStoreBuilder.java:processTables(183)) - Using default column profile:DBProfile.DISK for Table:prefixTable
2019-10-25 05:10:49,977 [main] INFO  db.DBStoreBuilder (DBStoreBuilder.java:addTable(127)) - using custom profile for table: default
2019-10-25 05:10:49,978 [main] INFO  db.DBStoreBuilder (DBStoreBuilder.java:processTables(189)) - Using default column profile:DBProfile.DISK for Table:default
2019-10-25 05:10:49,978 [main] INFO  db.DBStoreBuilder (DBStoreBuilder.java:getDbProfile(220)) - Using default options. DBProfile.DISK
2019-10-25 05:10:50,350 [main] INFO  ipc.CallQueueManager (CallQueueManager.java:<init>(84)) - Using callQueue: class java.util.concurrent.LinkedBlockingQueue, queueCapacity: 2000, scheduler: class org.apache.hadoop.ipc.DefaultRpcScheduler, ipcBackoff: false.
2019-10-25 05:10:50,352 [Socket Reader #1 for port 33595] INFO  ipc.Server (Server.java:run(1074)) - Starting Socket Reader #1 for port 33595
2019-10-25 05:10:50,374 [main] INFO  om.OzoneManager (OzoneManager.java:start(1074)) - OzoneManager RPC server is listening at localhost/127.0.0.1:33595
2019-10-25 05:10:50,374 [main] INFO  impl.MetricsSystemImpl (MetricsSystemImpl.java:init(158)) - OzoneManager metrics system started (again)
2019-10-25 05:10:50,382 [IPC Server Responder] INFO  ipc.Server (Server.java:run(1314)) - IPC Server Responder: starting
2019-10-25 05:10:50,382 [IPC Server listener on 33595] INFO  ipc.Server (Server.java:run(1153)) - IPC Server listener on 33595: starting
2019-10-25 05:10:50,387 [main] INFO  hdfs.DFSUtil (DFSUtil.java:httpServerTemplateForNNAndJN(1641)) - Starting Web-server for ozoneManager at: http://0.0.0.0:0
2019-10-25 05:10:50,390 [main] INFO  server.AuthenticationFilter (AuthenticationFilter.java:constructSecretProvider(240)) - Unable to initialize FileSignerSecretProvider, falling back to use random secrets.
2019-10-25 05:10:50,391 [main] WARN  http.HttpRequestLog (HttpRequestLog.java:getRequestLog(97)) - Jetty request log can only be enabled using Log4j
2019-10-25 05:10:50,394 [main] INFO  http.HttpServer2 (HttpServer2.java:addGlobalFilter(975)) - Added global filter 'safety' (class=org.apache.hadoop.http.HttpServer2$QuotingInputFilter)
2019-10-25 05:10:50,396 [main] INFO  http.HttpServer2 (HttpServer2.java:addFilter(948)) - Added filter static_user_filter (class=org.apache.hadoop.http.lib.StaticUserWebFilter$StaticUserFilter) to context ozoneManager
2019-10-25 05:10:50,396 [main] INFO  http.HttpServer2 (HttpServer2.java:addFilter(958)) - Added filter static_user_filter (class=org.apache.hadoop.http.lib.StaticUserWebFilter$StaticUserFilter) to context logs
2019-10-25 05:10:50,396 [main] INFO  http.HttpServer2 (HttpServer2.java:addFilter(958)) - Added filter static_user_filter (class=org.apache.hadoop.http.lib.StaticUserWebFilter$StaticUserFilter) to context static
2019-10-25 05:10:50,399 [main] INFO  http.HttpServer2 (HttpServer2.java:bindListener(1191)) - Jetty bound to port 46301
2019-10-25 05:10:50,400 [main] INFO  server.Server (Server.java:doStart(351)) - jetty-9.3.25.v20180904, build timestamp: 2018-09-04T21:11:46Z, git hash: 3ce520221d0240229c862b122d2b06c12a625732
2019-10-25 05:10:50,402 [main] INFO  handler.ContextHandler (ContextHandler.java:doStart(781)) - Started o.e.j.s.ServletContextHandler@40ab8a8{/logs,file:///workdir/hadoop-ozone/integration-test/target/log,AVAILABLE}
2019-10-25 05:10:50,403 [main] INFO  handler.ContextHandler (ContextHandler.java:doStart(781)) - Started o.e.j.s.ServletContextHandler@65cc8228{/static,file:///workdir/hadoop-ozone/integration-test/target/test-classes/webapps/static,AVAILABLE}
2019-10-25 05:10:50,411 [main] INFO  handler.ContextHandler (ContextHandler.java:doStart(781)) - Started o.e.j.w.WebAppContext@5d235104{/,file:///workdir/hadoop-ozone/integration-test/target/test-classes/webapps/ozoneManager/,AVAILABLE}{/ozoneManager}
2019-10-25 05:10:50,412 [main] INFO  server.AbstractConnector (AbstractConnector.java:doStart(278)) - Started ServerConnector@4e8e8621{HTTP/1.1,[http/1.1]}{0.0.0.0:46301}
2019-10-25 05:10:50,412 [main] INFO  server.Server (Server.java:doStart(419)) - Started @3906ms
2019-10-25 05:10:50,412 [main] WARN  impl.MetricsSystemImpl (MetricsSystemImpl.java:register(276)) - Sink prometheus already exists!
2019-10-25 05:10:50,413 [main] INFO  server.BaseHttpServer (BaseHttpServer.java:updateConnectorAddress(215)) - HTTP server of OZONEMANAGER is listening at http://0.0.0.0:46301
2019-10-25 05:10:50,691 [main] INFO  impl.MetricsSystemImpl (MetricsSystemImpl.java:init(158)) - HddsDatanode metrics system started (again)
2019-10-25 05:10:50,734 [main] INFO  ozone.HddsDatanodeService (HddsDatanodeService.java:start(184)) - HddsDatanodeService host:pr-hdds-1868-bb2j8-1277741604 ip:192.168.157.246
2019-10-25 05:10:50,772 [main] INFO  volume.HddsVolume (HddsVolume.java:<init>(176)) - Creating Volume: /workdir/hadoop-ozone/integration-test/target/test-dir/MiniOzoneClusterImpl-03c1ce70-80a7-4992-b672-f5473244ce42/datanode-0/data/containers/hdds of  storage type : DISK and capacity : 1482555576320
2019-10-25 05:10:50,775 [main] INFO  volume.VolumeSet (VolumeSet.java:initializeVolumeSet(170)) - Added Volume : /workdir/hadoop-ozone/integration-test/target/test-dir/MiniOzoneClusterImpl-03c1ce70-80a7-4992-b672-f5473244ce42/datanode-0/data/containers/hdds to VolumeSet
2019-10-25 05:10:50,779 [main] INFO  volume.ThrottledAsyncChecker (ThrottledAsyncChecker.java:schedule(141)) - Scheduling a check for /workdir/hadoop-ozone/integration-test/target/test-dir/MiniOzoneClusterImpl-03c1ce70-80a7-4992-b672-f5473244ce42/datanode-0/data/containers/hdds
2019-10-25 05:10:50,800 [main] INFO  volume.HddsVolumeChecker (HddsVolumeChecker.java:checkAllVolumes(204)) - Scheduled health check for volume /workdir/hadoop-ozone/integration-test/target/test-dir/MiniOzoneClusterImpl-03c1ce70-80a7-4992-b672-f5473244ce42/datanode-0/data/containers/hdds
2019-10-25 05:10:50,910 [main] INFO  impl.RaftServerProxy (ConfUtils.java:logGet(43)) - raft.rpc.type = GRPC (default)
2019-10-25 05:10:50,973 [main] INFO  grpc.GrpcFactory (GrpcFactory.java:checkPooledByteBufAllocatorUseCacheForAllThreads(45)) - PERFORMANCE WARNING: useCacheForAllThreads is true that may cause Netty to create a lot garbage objects and, as a result, trigger GC.
	It is recommended to disable useCacheForAllThreads by setting -Dorg.apache.ratis.thirdparty.io.netty.allocator.useCacheForAllThreads=false in command line.
2019-10-25 05:10:50,977 [main] INFO  grpc.GrpcConfigKeys$Server (ConfUtils.java:logGet(43)) - raft.grpc.server.port = 0 (default)
2019-10-25 05:10:50,978 [main] INFO  server.GrpcService (ConfUtils.java:logGet(43)) - raft.grpc.message.size.max = 33570816 (custom)
2019-10-25 05:10:50,980 [main] INFO  server.RaftServerConfigKeys (ConfUtils.java:logGet(43)) - raft.server.log.appender.buffer.byte-limit = 33554432 (custom)
2019-10-25 05:10:50,981 [main] INFO  server.GrpcService (ConfUtils.java:logGet(43)) - raft.grpc.flow.control.window = 1MB (=1048576) (default)
2019-10-25 05:10:50,981 [main] INFO  server.RaftServerConfigKeys (ConfUtils.java:logGet(43)) - raft.server.rpc.request.timeout = 3000ms (default)
2019-10-25 05:10:51,126 [main] INFO  server.RaftServerConfigKeys (ConfUtils.java:logGet(43)) - raft.server.storage.dir = [/workdir/hadoop-ozone/integration-test/target/test-dir/MiniOzoneClusterImpl-03c1ce70-80a7-4992-b672-f5473244ce42/datanode-0/data/ratis] (custom)
2019-10-25 05:10:51,177 [main] INFO  hdfs.DFSUtil (DFSUtil.java:httpServerTemplateForNNAndJN(1641)) - Starting Web-server for hddsDatanode at: http://0.0.0.0:0
2019-10-25 05:10:51,179 [main] INFO  server.AuthenticationFilter (AuthenticationFilter.java:constructSecretProvider(240)) - Unable to initialize FileSignerSecretProvider, falling back to use random secrets.
2019-10-25 05:10:51,180 [main] WARN  http.HttpRequestLog (HttpRequestLog.java:getRequestLog(97)) - Jetty request log can only be enabled using Log4j
2019-10-25 05:10:51,183 [main] INFO  http.HttpServer2 (HttpServer2.java:addGlobalFilter(975)) - Added global filter 'safety' (class=org.apache.hadoop.http.HttpServer2$QuotingInputFilter)
2019-10-25 05:10:51,184 [main] INFO  http.HttpServer2 (HttpServer2.java:addFilter(948)) - Added filter static_user_filter (class=org.apache.hadoop.http.lib.StaticUserWebFilter$StaticUserFilter) to context hddsDatanode
2019-10-25 05:10:51,184 [main] INFO  http.HttpServer2 (HttpServer2.java:addFilter(958)) - Added filter static_user_filter (class=org.apache.hadoop.http.lib.StaticUserWebFilter$StaticUserFilter) to context logs
2019-10-25 05:10:51,184 [main] INFO  http.HttpServer2 (HttpServer2.java:addFilter(958)) - Added filter static_user_filter (class=org.apache.hadoop.http.lib.StaticUserWebFilter$StaticUserFilter) to context static
2019-10-25 05:10:51,186 [main] INFO  http.HttpServer2 (HttpServer2.java:bindListener(1191)) - Jetty bound to port 39204
2019-10-25 05:10:51,186 [main] INFO  server.Server (Server.java:doStart(351)) - jetty-9.3.25.v20180904, build timestamp: 2018-09-04T21:11:46Z, git hash: 3ce520221d0240229c862b122d2b06c12a625732
2019-10-25 05:10:51,190 [main] INFO  handler.ContextHandler (ContextHandler.java:doStart(781)) - Started o.e.j.s.ServletContextHandler@6c008c24{/logs,file:///workdir/hadoop-ozone/integration-test/target/log,AVAILABLE}
2019-10-25 05:10:51,191 [main] INFO  handler.ContextHandler (ContextHandler.java:doStart(781)) - Started o.e.j.s.ServletContextHandler@21079a12{/static,jar:file:/home/user/.m2/repository/org/apache/hadoop/hadoop-hdds-container-service/0.5.0-SNAPSHOT/hadoop-hdds-container-service-0.5.0-SNAPSHOT.jar!/webapps/static,AVAILABLE}
2019-10-25 05:10:51,257 [main] INFO  handler.ContextHandler (ContextHandler.java:doStart(781)) - Started o.e.j.w.WebAppContext@673919a7{/,file:///tmp/jetty-0.0.0.0-39204-hddsDatanode-_-any-8928743466202871711.dir/webapp/,AVAILABLE}{/hddsDatanode}
2019-10-25 05:10:51,258 [main] INFO  server.AbstractConnector (AbstractConnector.java:doStart(278)) - Started ServerConnector@25d93198{HTTP/1.1,[http/1.1]}{0.0.0.0:39204}
2019-10-25 05:10:51,258 [main] INFO  server.Server (Server.java:doStart(419)) - Started @4752ms
2019-10-25 05:10:51,259 [main] WARN  impl.MetricsSystemImpl (MetricsSystemImpl.java:register(276)) - Sink prometheus already exists!
2019-10-25 05:10:51,260 [main] INFO  server.BaseHttpServer (BaseHttpServer.java:updateConnectorAddress(215)) - HTTP server of HDDSDATANODE is listening at http://0.0.0.0:39204
2019-10-25 05:10:51,262 [main] INFO  impl.MetricsSystemImpl (MetricsSystemImpl.java:init(158)) - HddsDatanode metrics system started (again)
2019-10-25 05:10:51,265 [main] INFO  ozone.HddsDatanodeService (HddsDatanodeService.java:start(184)) - HddsDatanodeService host:pr-hdds-1868-bb2j8-1277741604 ip:192.168.157.246
2019-10-25 05:10:51,267 [org.apache.hadoop.util.JvmPauseMonitor$Monitor@597ce8d2] INFO  util.JvmPauseMonitor (JvmPauseMonitor.java:run(188)) - Starting JVM pause monitor
2019-10-25 05:10:51,275 [main] INFO  volume.HddsVolume (HddsVolume.java:<init>(176)) - Creating Volume: /workdir/hadoop-ozone/integration-test/target/test-dir/MiniOzoneClusterImpl-03c1ce70-80a7-4992-b672-f5473244ce42/datanode-1/data/containers/hdds of  storage type : DISK and capacity : 1482555576320
2019-10-25 05:10:51,276 [main] INFO  volume.VolumeSet (VolumeSet.java:initializeVolumeSet(170)) - Added Volume : /workdir/hadoop-ozone/integration-test/target/test-dir/MiniOzoneClusterImpl-03c1ce70-80a7-4992-b672-f5473244ce42/datanode-1/data/containers/hdds to VolumeSet
2019-10-25 05:10:51,276 [main] INFO  volume.ThrottledAsyncChecker (ThrottledAsyncChecker.java:schedule(141)) - Scheduling a check for /workdir/hadoop-ozone/integration-test/target/test-dir/MiniOzoneClusterImpl-03c1ce70-80a7-4992-b672-f5473244ce42/datanode-1/data/containers/hdds
2019-10-25 05:10:51,277 [main] INFO  volume.HddsVolumeChecker (HddsVolumeChecker.java:checkAllVolumes(204)) - Scheduled health check for volume /workdir/hadoop-ozone/integration-test/target/test-dir/MiniOzoneClusterImpl-03c1ce70-80a7-4992-b672-f5473244ce42/datanode-1/data/containers/hdds
2019-10-25 05:10:51,299 [main] INFO  impl.RaftServerProxy (ConfUtils.java:logGet(43)) - raft.rpc.type = GRPC (default)
2019-10-25 05:10:51,299 [main] INFO  grpc.GrpcFactory (GrpcFactory.java:checkPooledByteBufAllocatorUseCacheForAllThreads(45)) - PERFORMANCE WARNING: useCacheForAllThreads is true that may cause Netty to create a lot garbage objects and, as a result, trigger GC.
	It is recommended to disable useCacheForAllThreads by setting -Dorg.apache.ratis.thirdparty.io.netty.allocator.useCacheForAllThreads=false in command line.
2019-10-25 05:10:51,300 [main] INFO  grpc.GrpcConfigKeys$Server (ConfUtils.java:logGet(43)) - raft.grpc.server.port = 0 (default)
2019-10-25 05:10:51,300 [main] INFO  server.GrpcService (ConfUtils.java:logGet(43)) - raft.grpc.message.size.max = 33570816 (custom)
2019-10-25 05:10:51,300 [main] INFO  server.RaftServerConfigKeys (ConfUtils.java:logGet(43)) - raft.server.log.appender.buffer.byte-limit = 33554432 (custom)
2019-10-25 05:10:51,301 [main] INFO  server.GrpcService (ConfUtils.java:logGet(43)) - raft.grpc.flow.control.window = 1MB (=1048576) (default)
2019-10-25 05:10:51,301 [main] INFO  server.RaftServerConfigKeys (ConfUtils.java:logGet(43)) - raft.server.rpc.request.timeout = 3000ms (default)
2019-10-25 05:10:51,302 [main] INFO  server.RaftServerConfigKeys (ConfUtils.java:logGet(43)) - raft.server.storage.dir = [/workdir/hadoop-ozone/integration-test/target/test-dir/MiniOzoneClusterImpl-03c1ce70-80a7-4992-b672-f5473244ce42/datanode-1/data/ratis] (custom)
2019-10-25 05:10:51,304 [main] INFO  hdfs.DFSUtil (DFSUtil.java:httpServerTemplateForNNAndJN(1641)) - Starting Web-server for hddsDatanode at: http://0.0.0.0:0
2019-10-25 05:10:51,307 [main] INFO  server.AuthenticationFilter (AuthenticationFilter.java:constructSecretProvider(240)) - Unable to initialize FileSignerSecretProvider, falling back to use random secrets.
2019-10-25 05:10:51,307 [main] WARN  http.HttpRequestLog (HttpRequestLog.java:getRequestLog(97)) - Jetty request log can only be enabled using Log4j
2019-10-25 05:10:51,310 [main] INFO  http.HttpServer2 (HttpServer2.java:addGlobalFilter(975)) - Added global filter 'safety' (class=org.apache.hadoop.http.HttpServer2$QuotingInputFilter)
2019-10-25 05:10:51,311 [main] INFO  http.HttpServer2 (HttpServer2.java:addFilter(948)) - Added filter static_user_filter (class=org.apache.hadoop.http.lib.StaticUserWebFilter$StaticUserFilter) to context hddsDatanode
2019-10-25 05:10:51,312 [main] INFO  http.HttpServer2 (HttpServer2.java:addFilter(958)) - Added filter static_user_filter (class=org.apache.hadoop.http.lib.StaticUserWebFilter$StaticUserFilter) to context logs
2019-10-25 05:10:51,312 [main] INFO  http.HttpServer2 (HttpServer2.java:addFilter(958)) - Added filter static_user_filter (class=org.apache.hadoop.http.lib.StaticUserWebFilter$StaticUserFilter) to context static
2019-10-25 05:10:51,313 [main] INFO  http.HttpServer2 (HttpServer2.java:bindListener(1191)) - Jetty bound to port 44549
2019-10-25 05:10:51,313 [main] INFO  server.Server (Server.java:doStart(351)) - jetty-9.3.25.v20180904, build timestamp: 2018-09-04T21:11:46Z, git hash: 3ce520221d0240229c862b122d2b06c12a625732
2019-10-25 05:10:51,316 [main] INFO  handler.ContextHandler (ContextHandler.java:doStart(781)) - Started o.e.j.s.ServletContextHandler@38bb9d7a{/logs,file:///workdir/hadoop-ozone/integration-test/target/log,AVAILABLE}
2019-10-25 05:10:51,317 [main] INFO  handler.ContextHandler (ContextHandler.java:doStart(781)) - Started o.e.j.s.ServletContextHandler@78d6447a{/static,jar:file:/home/user/.m2/repository/org/apache/hadoop/hadoop-hdds-container-service/0.5.0-SNAPSHOT/hadoop-hdds-container-service-0.5.0-SNAPSHOT.jar!/webapps/static,AVAILABLE}
2019-10-25 05:10:51,365 [main] INFO  handler.ContextHandler (ContextHandler.java:doStart(781)) - Started o.e.j.w.WebAppContext@2f37f1f9{/,file:///tmp/jetty-0.0.0.0-44549-hddsDatanode-_-any-7042370160076669376.dir/webapp/,AVAILABLE}{/hddsDatanode}
2019-10-25 05:10:51,365 [main] INFO  server.AbstractConnector (AbstractConnector.java:doStart(278)) - Started ServerConnector@3374b5bc{HTTP/1.1,[http/1.1]}{0.0.0.0:44549}
2019-10-25 05:10:51,367 [main] INFO  server.Server (Server.java:doStart(419)) - Started @4861ms
2019-10-25 05:10:51,368 [main] WARN  impl.MetricsSystemImpl (MetricsSystemImpl.java:register(276)) - Sink prometheus already exists!
2019-10-25 05:10:51,369 [main] INFO  server.BaseHttpServer (BaseHttpServer.java:updateConnectorAddress(215)) - HTTP server of HDDSDATANODE is listening at http://0.0.0.0:44549
2019-10-25 05:10:51,370 [main] INFO  impl.MetricsSystemImpl (MetricsSystemImpl.java:init(158)) - HddsDatanode metrics system started (again)
2019-10-25 05:10:51,373 [org.apache.hadoop.util.JvmPauseMonitor$Monitor@7af9f67] INFO  util.JvmPauseMonitor (JvmPauseMonitor.java:run(188)) - Starting JVM pause monitor
2019-10-25 05:10:51,373 [main] INFO  ozone.HddsDatanodeService (HddsDatanodeService.java:start(184)) - HddsDatanodeService host:pr-hdds-1868-bb2j8-1277741604 ip:192.168.157.246
2019-10-25 05:10:51,383 [main] INFO  volume.HddsVolume (HddsVolume.java:<init>(176)) - Creating Volume: /workdir/hadoop-ozone/integration-test/target/test-dir/MiniOzoneClusterImpl-03c1ce70-80a7-4992-b672-f5473244ce42/datanode-2/data/containers/hdds of  storage type : DISK and capacity : 1482555576320
2019-10-25 05:10:51,384 [main] INFO  volume.VolumeSet (VolumeSet.java:initializeVolumeSet(170)) - Added Volume : /workdir/hadoop-ozone/integration-test/target/test-dir/MiniOzoneClusterImpl-03c1ce70-80a7-4992-b672-f5473244ce42/datanode-2/data/containers/hdds to VolumeSet
2019-10-25 05:10:51,384 [main] INFO  volume.ThrottledAsyncChecker (ThrottledAsyncChecker.java:schedule(141)) - Scheduling a check for /workdir/hadoop-ozone/integration-test/target/test-dir/MiniOzoneClusterImpl-03c1ce70-80a7-4992-b672-f5473244ce42/datanode-2/data/containers/hdds
2019-10-25 05:10:51,385 [main] INFO  volume.HddsVolumeChecker (HddsVolumeChecker.java:checkAllVolumes(204)) - Scheduled health check for volume /workdir/hadoop-ozone/integration-test/target/test-dir/MiniOzoneClusterImpl-03c1ce70-80a7-4992-b672-f5473244ce42/datanode-2/data/containers/hdds
2019-10-25 05:10:51,389 [Datanode State Machine Thread - 0] INFO  datanode.InitDatanodeState (InitDatanodeState.java:persistContainerDatanodeDetails(140)) - DatanodeDetails is persisted to /workdir/hadoop-ozone/integration-test/target/test-dir/MiniOzoneClusterImpl-03c1ce70-80a7-4992-b672-f5473244ce42/datanode-0/meta/datanode.id
2019-10-25 05:10:51,393 [Datanode State Machine Thread - 0] INFO  datanode.InitDatanodeState (InitDatanodeState.java:persistContainerDatanodeDetails(140)) - DatanodeDetails is persisted to /workdir/hadoop-ozone/integration-test/target/test-dir/MiniOzoneClusterImpl-03c1ce70-80a7-4992-b672-f5473244ce42/datanode-1/meta/datanode.id
2019-10-25 05:10:51,403 [main] INFO  impl.RaftServerProxy (ConfUtils.java:logGet(43)) - raft.rpc.type = GRPC (default)
2019-10-25 05:10:51,403 [main] INFO  grpc.GrpcFactory (GrpcFactory.java:checkPooledByteBufAllocatorUseCacheForAllThreads(45)) - PERFORMANCE WARNING: useCacheForAllThreads is true that may cause Netty to create a lot garbage objects and, as a result, trigger GC.
	It is recommended to disable useCacheForAllThreads by setting -Dorg.apache.ratis.thirdparty.io.netty.allocator.useCacheForAllThreads=false in command line.
2019-10-25 05:10:51,404 [main] INFO  grpc.GrpcConfigKeys$Server (ConfUtils.java:logGet(43)) - raft.grpc.server.port = 0 (default)
2019-10-25 05:10:51,404 [main] INFO  server.GrpcService (ConfUtils.java:logGet(43)) - raft.grpc.message.size.max = 33570816 (custom)
2019-10-25 05:10:51,404 [main] INFO  server.RaftServerConfigKeys (ConfUtils.java:logGet(43)) - raft.server.log.appender.buffer.byte-limit = 33554432 (custom)
2019-10-25 05:10:51,404 [main] INFO  server.GrpcService (ConfUtils.java:logGet(43)) - raft.grpc.flow.control.window = 1MB (=1048576) (default)
2019-10-25 05:10:51,405 [main] INFO  server.RaftServerConfigKeys (ConfUtils.java:logGet(43)) - raft.server.rpc.request.timeout = 3000ms (default)
2019-10-25 05:10:51,406 [main] INFO  server.RaftServerConfigKeys (ConfUtils.java:logGet(43)) - raft.server.storage.dir = [/workdir/hadoop-ozone/integration-test/target/test-dir/MiniOzoneClusterImpl-03c1ce70-80a7-4992-b672-f5473244ce42/datanode-2/data/ratis] (custom)
2019-10-25 05:10:51,408 [main] INFO  hdfs.DFSUtil (DFSUtil.java:httpServerTemplateForNNAndJN(1641)) - Starting Web-server for hddsDatanode at: http://0.0.0.0:0
2019-10-25 05:10:51,410 [main] INFO  server.AuthenticationFilter (AuthenticationFilter.java:constructSecretProvider(240)) - Unable to initialize FileSignerSecretProvider, falling back to use random secrets.
2019-10-25 05:10:51,410 [main] WARN  http.HttpRequestLog (HttpRequestLog.java:getRequestLog(97)) - Jetty request log can only be enabled using Log4j
2019-10-25 05:10:51,412 [main] INFO  http.HttpServer2 (HttpServer2.java:addGlobalFilter(975)) - Added global filter 'safety' (class=org.apache.hadoop.http.HttpServer2$QuotingInputFilter)
2019-10-25 05:10:51,412 [main] INFO  http.HttpServer2 (HttpServer2.java:addFilter(948)) - Added filter static_user_filter (class=org.apache.hadoop.http.lib.StaticUserWebFilter$StaticUserFilter) to context hddsDatanode
2019-10-25 05:10:51,413 [main] INFO  http.HttpServer2 (HttpServer2.java:addFilter(958)) - Added filter static_user_filter (class=org.apache.hadoop.http.lib.StaticUserWebFilter$StaticUserFilter) to context static
2019-10-25 05:10:51,413 [main] INFO  http.HttpServer2 (HttpServer2.java:addFilter(958)) - Added filter static_user_filter (class=org.apache.hadoop.http.lib.StaticUserWebFilter$StaticUserFilter) to context logs
2019-10-25 05:10:51,414 [main] INFO  http.HttpServer2 (HttpServer2.java:bindListener(1191)) - Jetty bound to port 43304
2019-10-25 05:10:51,414 [main] INFO  server.Server (Server.java:doStart(351)) - jetty-9.3.25.v20180904, build timestamp: 2018-09-04T21:11:46Z, git hash: 3ce520221d0240229c862b122d2b06c12a625732
2019-10-25 05:10:51,419 [main] INFO  handler.ContextHandler (ContextHandler.java:doStart(781)) - Started o.e.j.s.ServletContextHandler@e5cbff2{/logs,file:///workdir/hadoop-ozone/integration-test/target/log,AVAILABLE}
2019-10-25 05:10:51,420 [main] INFO  handler.ContextHandler (ContextHandler.java:doStart(781)) - Started o.e.j.s.ServletContextHandler@4fc3c165{/static,jar:file:/home/user/.m2/repository/org/apache/hadoop/hadoop-hdds-container-service/0.5.0-SNAPSHOT/hadoop-hdds-container-service-0.5.0-SNAPSHOT.jar!/webapps/static,AVAILABLE}
2019-10-25 05:10:51,450 [main] INFO  handler.ContextHandler (ContextHandler.java:doStart(781)) - Started o.e.j.w.WebAppContext@70228253{/,file:///tmp/jetty-0.0.0.0-43304-hddsDatanode-_-any-3598136046996675457.dir/webapp/,AVAILABLE}{/hddsDatanode}
2019-10-25 05:10:51,450 [main] INFO  server.AbstractConnector (AbstractConnector.java:doStart(278)) - Started ServerConnector@63c12e52{HTTP/1.1,[http/1.1]}{0.0.0.0:43304}
2019-10-25 05:10:51,451 [main] INFO  server.Server (Server.java:doStart(419)) - Started @4945ms
2019-10-25 05:10:51,451 [main] WARN  impl.MetricsSystemImpl (MetricsSystemImpl.java:register(276)) - Sink prometheus already exists!
2019-10-25 05:10:51,455 [main] INFO  server.BaseHttpServer (BaseHttpServer.java:updateConnectorAddress(215)) - HTTP server of HDDSDATANODE is listening at http://0.0.0.0:43304
2019-10-25 05:10:51,457 [main] INFO  ozone.MiniOzoneClusterImpl (MiniOzoneClusterImpl.java:lambda$waitForClusterToBeReady$2(171)) - Waiting for cluster to be ready. Got 0 of 3 DN Heartbeats.
2019-10-25 05:10:51,458 [org.apache.hadoop.util.JvmPauseMonitor$Monitor@4be4b4d3] INFO  util.JvmPauseMonitor (JvmPauseMonitor.java:run(188)) - Starting JVM pause monitor
2019-10-25 05:10:51,462 [Datanode State Machine Thread - 0] INFO  datanode.InitDatanodeState (InitDatanodeState.java:persistContainerDatanodeDetails(140)) - DatanodeDetails is persisted to /workdir/hadoop-ozone/integration-test/target/test-dir/MiniOzoneClusterImpl-03c1ce70-80a7-4992-b672-f5473244ce42/datanode-2/meta/datanode.id
2019-10-25 05:10:52,457 [main] INFO  ozone.MiniOzoneClusterImpl (MiniOzoneClusterImpl.java:lambda$waitForClusterToBeReady$2(171)) - Waiting for cluster to be ready. Got 0 of 3 DN Heartbeats.
2019-10-25 05:10:53,361 [Datanode State Machine Thread - 0] INFO  ozoneimpl.OzoneContainer (OzoneContainer.java:start(213)) - Attempting to start container services.
2019-10-25 05:10:53,364 [Datanode State Machine Thread - 0] INFO  ozoneimpl.OzoneContainer (OzoneContainer.java:startContainerScrub(177)) - Background container scanner has been disabled.
2019-10-25 05:10:53,365 [Datanode State Machine Thread - 0] INFO  ratis.XceiverServerRatis (XceiverServerRatis.java:start(425)) - Starting XceiverServerRatis 154b23c8-147d-4903-89d2-8045c7557393 at port 0
2019-10-25 05:10:53,392 [Datanode State Machine Thread - 0] INFO  ozoneimpl.OzoneContainer (OzoneContainer.java:start(213)) - Attempting to start container services.
2019-10-25 05:10:53,399 [Datanode State Machine Thread - 0] INFO  ozoneimpl.OzoneContainer (OzoneContainer.java:startContainerScrub(177)) - Background container scanner has been disabled.
2019-10-25 05:10:53,399 [Datanode State Machine Thread - 0] INFO  ratis.XceiverServerRatis (XceiverServerRatis.java:start(425)) - Starting XceiverServerRatis 632d1f61-1fb0-4a9b-a27f-4f3ee937db0d at port 0
2019-10-25 05:10:53,403 [Datanode State Machine Thread - 0] INFO  impl.RaftServerProxy (RaftServerProxy.java:lambda$start$3(299)) - 154b23c8-147d-4903-89d2-8045c7557393: start RPC server
2019-10-25 05:10:53,415 [Datanode State Machine Thread - 0] INFO  impl.RaftServerProxy (RaftServerProxy.java:lambda$start$3(299)) - 632d1f61-1fb0-4a9b-a27f-4f3ee937db0d: start RPC server
2019-10-25 05:10:53,458 [main] INFO  ozone.MiniOzoneClusterImpl (MiniOzoneClusterImpl.java:lambda$waitForClusterToBeReady$2(171)) - Waiting for cluster to be ready. Got 0 of 3 DN Heartbeats.
2019-10-25 05:10:53,477 [Datanode State Machine Thread - 0] INFO  ozoneimpl.OzoneContainer (OzoneContainer.java:start(213)) - Attempting to start container services.
2019-10-25 05:10:53,479 [Datanode State Machine Thread - 0] INFO  ozoneimpl.OzoneContainer (OzoneContainer.java:startContainerScrub(177)) - Background container scanner has been disabled.
2019-10-25 05:10:53,480 [Datanode State Machine Thread - 0] INFO  ratis.XceiverServerRatis (XceiverServerRatis.java:start(425)) - Starting XceiverServerRatis 792578c8-58d9-41cb-99fd-534993a904b7 at port 0
2019-10-25 05:10:53,492 [Datanode State Machine Thread - 0] INFO  impl.RaftServerProxy (RaftServerProxy.java:lambda$start$3(299)) - 792578c8-58d9-41cb-99fd-534993a904b7: start RPC server
2019-10-25 05:10:53,561 [Datanode State Machine Thread - 0] INFO  server.GrpcService (GrpcService.java:startImpl(158)) - 792578c8-58d9-41cb-99fd-534993a904b7: GrpcService started, listening on 0.0.0.0/0.0.0.0:34810
2019-10-25 05:10:53,561 [Datanode State Machine Thread - 0] INFO  server.GrpcService (GrpcService.java:startImpl(158)) - 632d1f61-1fb0-4a9b-a27f-4f3ee937db0d: GrpcService started, listening on 0.0.0.0/0.0.0.0:46686
2019-10-25 05:10:53,561 [Datanode State Machine Thread - 0] INFO  server.GrpcService (GrpcService.java:startImpl(158)) - 154b23c8-147d-4903-89d2-8045c7557393: GrpcService started, listening on 0.0.0.0/0.0.0.0:33226
2019-10-25 05:10:53,562 [Datanode State Machine Thread - 0] INFO  ratis.XceiverServerRatis (XceiverServerRatis.java:start(435)) - XceiverServerRatis 632d1f61-1fb0-4a9b-a27f-4f3ee937db0d is started using port 46686
2019-10-25 05:10:53,562 [Datanode State Machine Thread - 0] INFO  ratis.XceiverServerRatis (XceiverServerRatis.java:start(435)) - XceiverServerRatis 792578c8-58d9-41cb-99fd-534993a904b7 is started using port 34810
2019-10-25 05:10:53,562 [Datanode State Machine Thread - 0] INFO  ratis.XceiverServerRatis (XceiverServerRatis.java:start(435)) - XceiverServerRatis 154b23c8-147d-4903-89d2-8045c7557393 is started using port 33226
2019-10-25 05:10:53,568 [Datanode State Machine Thread - 0] INFO  server.XceiverServerGrpc (XceiverServerGrpc.java:start(149)) - XceiverServerGrpc 792578c8-58d9-41cb-99fd-534993a904b7 is started using port 38449
2019-10-25 05:10:53,568 [Datanode State Machine Thread - 0] INFO  server.XceiverServerGrpc (XceiverServerGrpc.java:start(149)) - XceiverServerGrpc 154b23c8-147d-4903-89d2-8045c7557393 is started using port 36645
2019-10-25 05:10:53,569 [Datanode State Machine Thread - 0] INFO  server.XceiverServerGrpc (XceiverServerGrpc.java:start(149)) - XceiverServerGrpc 632d1f61-1fb0-4a9b-a27f-4f3ee937db0d is started using port 34796
2019-10-25 05:10:54,458 [main] INFO  ozone.MiniOzoneClusterImpl (MiniOzoneClusterImpl.java:lambda$waitForClusterToBeReady$2(171)) - Waiting for cluster to be ready. Got 0 of 3 DN Heartbeats.
2019-10-25 05:10:55,305 [IPC Server handler 0 on 38726] INFO  net.NetworkTopology (NetworkTopologyImpl.java:add(111)) - Added a new node: /default-rack/154b23c8-147d-4903-89d2-8045c7557393
2019-10-25 05:10:55,306 [IPC Server handler 0 on 38726] INFO  node.SCMNodeManager (SCMNodeManager.java:register(268)) - Registered Data node : 154b23c8-147d-4903-89d2-8045c7557393{ip: 192.168.157.246, host: pr-hdds-1868-bb2j8-1277741604, networkLocation: /default-rack, certSerialId: null}
2019-10-25 05:10:55,309 [EventQueue-NodeRegistrationContainerReportForDataNodeSafeModeRule] INFO  safemode.SCMSafeModeManager (DataNodeSafeModeRule.java:process(71)) - SCM in safe mode. 1 DataNodes registered, 1 required.
2019-10-25 05:10:55,310 [EventQueue-NodeRegistrationContainerReportForDataNodeSafeModeRule] INFO  safemode.SCMSafeModeManager (SCMSafeModeManager.java:validateSafeModeExitRules(177)) - ScmSafeModeManager, all rules are successfully validated
2019-10-25 05:10:55,310 [EventQueue-NodeRegistrationContainerReportForDataNodeSafeModeRule] INFO  safemode.SCMSafeModeManager (SCMSafeModeManager.java:exitSafeMode(193)) - SCM exiting safe mode.
2019-10-25 05:10:55,375 [IPC Server handler 2 on 38726] INFO  net.NetworkTopology (NetworkTopologyImpl.java:add(111)) - Added a new node: /default-rack/632d1f61-1fb0-4a9b-a27f-4f3ee937db0d
2019-10-25 05:10:55,376 [IPC Server handler 2 on 38726] INFO  node.SCMNodeManager (SCMNodeManager.java:register(268)) - Registered Data node : 632d1f61-1fb0-4a9b-a27f-4f3ee937db0d{ip: 192.168.157.246, host: pr-hdds-1868-bb2j8-1277741604, networkLocation: /default-rack, certSerialId: null}
2019-10-25 05:10:55,462 [IPC Server handler 1 on 38726] INFO  net.NetworkTopology (NetworkTopologyImpl.java:add(111)) - Added a new node: /default-rack/792578c8-58d9-41cb-99fd-534993a904b7
2019-10-25 05:10:55,463 [IPC Server handler 1 on 38726] INFO  node.SCMNodeManager (SCMNodeManager.java:register(268)) - Registered Data node : 792578c8-58d9-41cb-99fd-534993a904b7{ip: 192.168.157.246, host: pr-hdds-1868-bb2j8-1277741604, networkLocation: /default-rack, certSerialId: null}
2019-10-25 05:10:55,773 [grpc-default-executor-0] INFO  impl.RaftServerProxy (RaftServerProxy.java:addNew(89)) - 154b23c8-147d-4903-89d2-8045c7557393: addNew group-4434287A85E7:[154b23c8-147d-4903-89d2-8045c7557393:192.168.157.246:33226] returns group-4434287A85E7:java.util.concurrent.CompletableFuture@3edf8dfa[Not completed]
2019-10-25 05:10:55,786 [pool-27-thread-1] INFO  impl.RaftServerImpl (RaftServerImpl.java:<init>(98)) - 154b23c8-147d-4903-89d2-8045c7557393: new RaftServerImpl for group-4434287A85E7:[154b23c8-147d-4903-89d2-8045c7557393:192.168.157.246:33226] with ContainerStateMachine:uninitialized
2019-10-25 05:10:55,789 [pool-27-thread-1] INFO  server.RaftServerConfigKeys (ConfUtils.java:logGet(43)) - raft.server.rpc.timeout.min = 5s (custom)
2019-10-25 05:10:55,790 [pool-27-thread-1] INFO  server.RaftServerConfigKeys (ConfUtils.java:logGet(43)) - raft.server.rpc.timeout.max = 5200ms (custom)
2019-10-25 05:10:55,790 [pool-27-thread-1] INFO  server.RaftServerConfigKeys (ConfUtils.java:logGet(43)) - raft.server.rpcslowness.timeout = 1000s (custom)
2019-10-25 05:10:55,791 [pool-27-thread-1] INFO  server.RaftServerConfigKeys (ConfUtils.java:logGet(43)) - raft.server.sleep.deviation.threshold = 300 (default)
2019-10-25 05:10:55,792 [pool-27-thread-1] INFO  server.RaftServerConfigKeys (ConfUtils.java:logGet(43)) - raft.server.log.appender.install.snapshot.enabled = false (custom)
2019-10-25 05:10:55,801 [pool-27-thread-1] INFO  impl.RaftServerImpl (ServerState.java:<init>(103)) - 154b23c8-147d-4903-89d2-8045c7557393@group-4434287A85E7: ConfigurationManager, init=-1: [154b23c8-147d-4903-89d2-8045c7557393:192.168.157.246:33226], old=null, confs=<EMPTY_MAP>
2019-10-25 05:10:55,801 [pool-27-thread-1] INFO  server.RaftServerConfigKeys (ConfUtils.java:logGet(43)) - raft.server.storage.dir = [/workdir/hadoop-ozone/integration-test/target/test-dir/MiniOzoneClusterImpl-03c1ce70-80a7-4992-b672-f5473244ce42/datanode-0/data/ratis] (custom)
2019-10-25 05:10:55,808 [pool-27-thread-1] INFO  server.RaftServerConfigKeys (ConfUtils.java:logGet(43)) - raft.server.log.corruption.policy = EXCEPTION (default)
2019-10-25 05:10:55,810 [pool-27-thread-1] INFO  storage.RaftStorageDirectory (RaftStorageDirectory.java:analyzeStorage(246)) - The storage directory /workdir/hadoop-ozone/integration-test/target/test-dir/MiniOzoneClusterImpl-03c1ce70-80a7-4992-b672-f5473244ce42/datanode-0/data/ratis/b6a1e5d2-5db9-4204-8528-4434287a85e7 does not exist. Creating ...
2019-10-25 05:10:55,827 [pool-27-thread-1] INFO  storage.RaftStorageDirectory (RaftStorageDirectory.java:tryLock(328)) - Lock on /workdir/hadoop-ozone/integration-test/target/test-dir/MiniOzoneClusterImpl-03c1ce70-80a7-4992-b672-f5473244ce42/datanode-0/data/ratis/b6a1e5d2-5db9-4204-8528-4434287a85e7/in_use.lock acquired by nodename 3948@pr-hdds-1868-bb2j8-1277741604
2019-10-25 05:10:55,842 [pool-27-thread-1] INFO  storage.RaftStorage (RaftStorage.java:format(84)) - Storage directory /workdir/hadoop-ozone/integration-test/target/test-dir/MiniOzoneClusterImpl-03c1ce70-80a7-4992-b672-f5473244ce42/datanode-0/data/ratis/b6a1e5d2-5db9-4204-8528-4434287a85e7 has been successfully formatted.
2019-10-25 05:10:55,845 [pool-27-thread-1] INFO  ratis.ContainerStateMachine (ContainerStateMachine.java:loadSnapshot(233)) - group-4434287A85E7: The snapshot info is null. Setting the last applied indexto:(t:0, i:~)
2019-10-25 05:10:55,845 [pool-27-thread-1] INFO  server.RaftServerConfigKeys (ConfUtils.java:logGet(43)) - raft.server.notification.no-leader.timeout = 1000s (custom)
2019-10-25 05:10:55,848 [pool-27-thread-1] INFO  server.RaftServerConfigKeys (ConfUtils.java:logGet(43)) - raft.server.log.use.memory = false (default)
2019-10-25 05:10:55,853 [pool-27-thread-1] INFO  server.RaftServerConfigKeys (ConfUtils.java:logGet(43)) - raft.server.log.purge.gap = 1000000 (custom)
2019-10-25 05:10:55,853 [pool-27-thread-1] INFO  server.RaftServerConfigKeys (ConfUtils.java:logGet(43)) - raft.server.log.appender.buffer.byte-limit = 33554432 (custom)
2019-10-25 05:10:55,856 [pool-27-thread-1] INFO  server.RaftServerConfigKeys (ConfUtils.java:logGet(43)) - raft.server.log.segment.size.max = 1048576 (custom)
2019-10-25 05:10:55,861 [pool-27-thread-1] INFO  metrics.MetricRegistries (MetricRegistriesLoader.java:load(64)) - Loaded MetricRegistries class org.apache.ratis.metrics.impl.MetricRegistriesImpl
2019-10-25 05:10:55,865 [pool-27-thread-1] WARN  impl.MetricRegistriesImpl (MetricRegistriesImpl.java:lambda$create$1(61)) - First MetricRegistry has been created without registering reporters. You may need to call MetricRegistries.global().addReportRegistration(...) before.
2019-10-25 05:10:55,870 [pool-27-thread-1] INFO  server.RaftServerConfigKeys (ConfUtils.java:logGet(43)) - raft.server.log.segment.cache.num.max = 2 (custom)
2019-10-25 05:10:55,875 [pool-27-thread-1] INFO  segmented.SegmentedRaftLogWorker (SegmentedRaftLogWorker.java:<init>(173)) - new 154b23c8-147d-4903-89d2-8045c7557393@group-4434287A85E7-SegmentedRaftLogWorker for RaftStorage:Storage Directory /workdir/hadoop-ozone/integration-test/target/test-dir/MiniOzoneClusterImpl-03c1ce70-80a7-4992-b672-f5473244ce42/datanode-0/data/ratis/b6a1e5d2-5db9-4204-8528-4434287a85e7
2019-10-25 05:10:55,876 [pool-27-thread-1] INFO  server.RaftServerConfigKeys (ConfUtils.java:logGet(43)) - raft.server.log.queue.byte-limit = 2147483647 (custom)
2019-10-25 05:10:55,876 [pool-27-thread-1] INFO  server.RaftServerConfigKeys (ConfUtils.java:logGet(43)) - raft.server.log.queue.element-limit = 1024 (custom)
2019-10-25 05:10:55,878 [pool-27-thread-1] INFO  server.RaftServerConfigKeys (ConfUtils.java:logGet(43)) - raft.server.log.segment.size.max = 1048576 (custom)
2019-10-25 05:10:55,878 [pool-27-thread-1] INFO  server.RaftServerConfigKeys (ConfUtils.java:logGet(43)) - raft.server.log.preallocated.size = 16384 (custom)
2019-10-25 05:10:55,879 [pool-27-thread-1] INFO  server.RaftServerConfigKeys (ConfUtils.java:logGet(43)) - raft.server.log.write.buffer.size = 33554432 (custom)
2019-10-25 05:10:55,879 [pool-27-thread-1] INFO  server.RaftServerConfigKeys (ConfUtils.java:logGet(43)) - raft.server.log.force.sync.num = 128 (default)
2019-10-25 05:10:55,880 [pool-27-thread-1] INFO  server.RaftServerConfigKeys (ConfUtils.java:logGet(43)) - raft.server.log.statemachine.data.sync = true (default)
2019-10-25 05:10:55,880 [pool-27-thread-1] INFO  server.RaftServerConfigKeys (ConfUtils.java:logGet(43)) - raft.server.log.statemachine.data.sync.timeout = 10s (default)
2019-10-25 05:10:55,881 [pool-27-thread-1] INFO  server.RaftServerConfigKeys (ConfUtils.java:logGet(43)) - raft.server.log.statemachine.data.sync.timeout.retry = -1 (default)
2019-10-25 05:10:55,891 [pool-27-thread-1] INFO  server.RaftServerConfigKeys (ConfUtils.java:logGet(43)) - raft.server.log.statemachine.data.caching.enabled = true (custom)
2019-10-25 05:10:55,895 [pool-27-thread-1] INFO  segmented.SegmentedRaftLogWorker (SegmentedRaftLogWorker.java:lambda$new$0(128)) - 154b23c8-147d-4903-89d2-8045c7557393@group-4434287A85E7-SegmentedRaftLogWorker: flushIndex: setUnconditionally 0 -> -1
2019-10-25 05:10:55,899 [pool-27-thread-1] INFO  server.RaftServerConfigKeys (ConfUtils.java:logGet(43)) - raft.server.snapshot.auto.trigger.enabled = true (custom)
2019-10-25 05:10:55,900 [pool-27-thread-1] INFO  server.RaftServerConfigKeys (ConfUtils.java:logGet(43)) - raft.server.snapshot.auto.trigger.threshold = 10000 (custom)
2019-10-25 05:10:55,900 [pool-27-thread-1] INFO  server.RaftServerConfigKeys (ConfUtils.java:logGet(43)) - raft.server.snapshot.retention.file.num = 5 (custom)
2019-10-25 05:10:55,901 [pool-27-thread-1] INFO  server.RaftServerConfigKeys (ConfUtils.java:logGet(43)) - raft.server.retrycache.expirytime = 600000ms (custom)
2019-10-25 05:10:55,920 [pool-27-thread-1] WARN  impl.MetricRegistriesImpl (MetricRegistriesImpl.java:lambda$create$1(61)) - First MetricRegistry has been created without registering reporters. You may need to call MetricRegistries.global().addReportRegistration(...) before.
2019-10-25 05:10:55,922 [pool-27-thread-1] WARN  impl.MetricRegistriesImpl (MetricRegistriesImpl.java:lambda$create$1(61)) - First MetricRegistry has been created without registering reporters. You may need to call MetricRegistries.global().addReportRegistration(...) before.
2019-10-25 05:10:55,923 [pool-27-thread-1] INFO  impl.RaftServerImpl (RaftServerImpl.java:start(184)) - 154b23c8-147d-4903-89d2-8045c7557393@group-4434287A85E7: start as a follower, conf=-1: [154b23c8-147d-4903-89d2-8045c7557393:192.168.157.246:33226], old=null
2019-10-25 05:10:55,924 [pool-27-thread-1] INFO  impl.RaftServerImpl (RaftServerImpl.java:setRole(173)) - 154b23c8-147d-4903-89d2-8045c7557393@group-4434287A85E7: changes role from      null to FOLLOWER at term 0 for startAsFollower
2019-10-25 05:10:55,925 [pool-27-thread-1] INFO  impl.RoleInfo (RoleInfo.java:updateAndGet(143)) - 154b23c8-147d-4903-89d2-8045c7557393: start FollowerState
2019-10-25 05:10:55,927 [pool-27-thread-1] INFO  util.JmxRegister (JmxRegister.java:tryRegister(44)) - Successfully registered JMX Bean with object name Ratis:service=RaftServer,group=group-4434287A85E7,id=154b23c8-147d-4903-89d2-8045c7557393
2019-10-25 05:10:55,928 [pool-27-thread-1] WARN  impl.MetricRegistriesImpl (MetricRegistriesImpl.java:lambda$create$1(61)) - First MetricRegistry has been created without registering reporters. You may need to call MetricRegistries.global().addReportRegistration(...) before.
2019-10-25 05:10:55,987 [RatisPipelineUtilsThread] INFO  pipeline.PipelineStateManager (PipelineStateManager.java:addPipeline(55)) - Created pipeline Pipeline[ Id: b6a1e5d2-5db9-4204-8528-4434287a85e7, Nodes: 154b23c8-147d-4903-89d2-8045c7557393{ip: 192.168.157.246, host: pr-hdds-1868-bb2j8-1277741604, networkLocation: /default-rack, certSerialId: null}, Type:RATIS, Factor:ONE, State:ALLOCATED]
2019-10-25 05:10:56,009 [grpc-default-executor-0] INFO  impl.RaftServerProxy (RaftServerProxy.java:addNew(89)) - 792578c8-58d9-41cb-99fd-534993a904b7: addNew group-716C12365AF0:[792578c8-58d9-41cb-99fd-534993a904b7:192.168.157.246:34810] returns group-716C12365AF0:java.util.concurrent.CompletableFuture@4353eceb[Not completed]
2019-10-25 05:10:56,033 [pool-47-thread-1] INFO  impl.RaftServerImpl (RaftServerImpl.java:<init>(98)) - 792578c8-58d9-41cb-99fd-534993a904b7: new RaftServerImpl for group-716C12365AF0:[792578c8-58d9-41cb-99fd-534993a904b7:192.168.157.246:34810] with ContainerStateMachine:uninitialized
2019-10-25 05:10:56,034 [pool-47-thread-1] INFO  server.RaftServerConfigKeys (ConfUtils.java:logGet(43)) - raft.server.rpc.timeout.min = 5s (custom)
2019-10-25 05:10:56,034 [pool-47-thread-1] INFO  server.RaftServerConfigKeys (ConfUtils.java:logGet(43)) - raft.server.rpc.timeout.max = 5200ms (custom)
2019-10-25 05:10:56,035 [pool-47-thread-1] INFO  server.RaftServerConfigKeys (ConfUtils.java:logGet(43)) - raft.server.rpcslowness.timeout = 1000s (custom)
2019-10-25 05:10:56,035 [pool-47-thread-1] INFO  server.RaftServerConfigKeys (ConfUtils.java:logGet(43)) - raft.server.sleep.deviation.threshold = 300 (default)
2019-10-25 05:10:56,035 [pool-47-thread-1] INFO  server.RaftServerConfigKeys (ConfUtils.java:logGet(43)) - raft.server.log.appender.install.snapshot.enabled = false (custom)
2019-10-25 05:10:56,035 [pool-47-thread-1] INFO  impl.RaftServerImpl (ServerState.java:<init>(103)) - 792578c8-58d9-41cb-99fd-534993a904b7@group-716C12365AF0: ConfigurationManager, init=-1: [792578c8-58d9-41cb-99fd-534993a904b7:192.168.157.246:34810], old=null, confs=<EMPTY_MAP>
2019-10-25 05:10:56,036 [pool-47-thread-1] INFO  server.RaftServerConfigKeys (ConfUtils.java:logGet(43)) - raft.server.storage.dir = [/workdir/hadoop-ozone/integration-test/target/test-dir/MiniOzoneClusterImpl-03c1ce70-80a7-4992-b672-f5473244ce42/datanode-2/data/ratis] (custom)
2019-10-25 05:10:56,036 [pool-47-thread-1] INFO  server.RaftServerConfigKeys (ConfUtils.java:logGet(43)) - raft.server.log.corruption.policy = EXCEPTION (default)
2019-10-25 05:10:56,036 [pool-47-thread-1] INFO  storage.RaftStorageDirectory (RaftStorageDirectory.java:analyzeStorage(246)) - The storage directory /workdir/hadoop-ozone/integration-test/target/test-dir/MiniOzoneClusterImpl-03c1ce70-80a7-4992-b672-f5473244ce42/datanode-2/data/ratis/dc9bb07d-5efc-4b5f-8380-716c12365af0 does not exist. Creating ...
2019-10-25 05:10:56,051 [pool-47-thread-1] INFO  storage.RaftStorageDirectory (RaftStorageDirectory.java:tryLock(328)) - Lock on /workdir/hadoop-ozone/integration-test/target/test-dir/MiniOzoneClusterImpl-03c1ce70-80a7-4992-b672-f5473244ce42/datanode-2/data/ratis/dc9bb07d-5efc-4b5f-8380-716c12365af0/in_use.lock acquired by nodename 3948@pr-hdds-1868-bb2j8-1277741604
2019-10-25 05:10:56,064 [pool-47-thread-1] INFO  storage.RaftStorage (RaftStorage.java:format(84)) - Storage directory /workdir/hadoop-ozone/integration-test/target/test-dir/MiniOzoneClusterImpl-03c1ce70-80a7-4992-b672-f5473244ce42/datanode-2/data/ratis/dc9bb07d-5efc-4b5f-8380-716c12365af0 has been successfully formatted.
2019-10-25 05:10:56,065 [pool-47-thread-1] INFO  ratis.ContainerStateMachine (ContainerStateMachine.java:loadSnapshot(233)) - group-716C12365AF0: The snapshot info is null. Setting the last applied indexto:(t:0, i:~)
2019-10-25 05:10:56,066 [pool-47-thread-1] INFO  server.RaftServerConfigKeys (ConfUtils.java:logGet(43)) - raft.server.notification.no-leader.timeout = 1000s (custom)
2019-10-25 05:10:56,066 [pool-47-thread-1] INFO  server.RaftServerConfigKeys (ConfUtils.java:logGet(43)) - raft.server.log.use.memory = false (default)
2019-10-25 05:10:56,066 [pool-47-thread-1] INFO  server.RaftServerConfigKeys (ConfUtils.java:logGet(43)) - raft.server.log.purge.gap = 1000000 (custom)
2019-10-25 05:10:56,066 [pool-47-thread-1] INFO  server.RaftServerConfigKeys (ConfUtils.java:logGet(43)) - raft.server.log.appender.buffer.byte-limit = 33554432 (custom)
2019-10-25 05:10:56,067 [pool-47-thread-1] INFO  server.RaftServerConfigKeys (ConfUtils.java:logGet(43)) - raft.server.log.segment.size.max = 1048576 (custom)
2019-10-25 05:10:56,067 [pool-47-thread-1] WARN  impl.MetricRegistriesImpl (MetricRegistriesImpl.java:lambda$create$1(61)) - First MetricRegistry has been created without registering reporters. You may need to call MetricRegistries.global().addReportRegistration(...) before.
2019-10-25 05:10:56,068 [pool-47-thread-1] INFO  server.RaftServerConfigKeys (ConfUtils.java:logGet(43)) - raft.server.log.segment.cache.num.max = 2 (custom)
2019-10-25 05:10:56,068 [pool-47-thread-1] INFO  segmented.SegmentedRaftLogWorker (SegmentedRaftLogWorker.java:<init>(173)) - new 792578c8-58d9-41cb-99fd-534993a904b7@group-716C12365AF0-SegmentedRaftLogWorker for RaftStorage:Storage Directory /workdir/hadoop-ozone/integration-test/target/test-dir/MiniOzoneClusterImpl-03c1ce70-80a7-4992-b672-f5473244ce42/datanode-2/data/ratis/dc9bb07d-5efc-4b5f-8380-716c12365af0
2019-10-25 05:10:56,068 [pool-47-thread-1] INFO  server.RaftServerConfigKeys (ConfUtils.java:logGet(43)) - raft.server.log.queue.byte-limit = 2147483647 (custom)
2019-10-25 05:10:56,069 [pool-47-thread-1] INFO  server.RaftServerConfigKeys (ConfUtils.java:logGet(43)) - raft.server.log.queue.element-limit = 1024 (custom)
2019-10-25 05:10:56,069 [pool-47-thread-1] INFO  server.RaftServerConfigKeys (ConfUtils.java:logGet(43)) - raft.server.log.segment.size.max = 1048576 (custom)
2019-10-25 05:10:56,069 [pool-47-thread-1] INFO  server.RaftServerConfigKeys (ConfUtils.java:logGet(43)) - raft.server.log.preallocated.size = 16384 (custom)
2019-10-25 05:10:56,069 [pool-47-thread-1] INFO  server.RaftServerConfigKeys (ConfUtils.java:logGet(43)) - raft.server.log.write.buffer.size = 33554432 (custom)
2019-10-25 05:10:56,069 [pool-47-thread-1] INFO  server.RaftServerConfigKeys (ConfUtils.java:logGet(43)) - raft.server.log.force.sync.num = 128 (default)
2019-10-25 05:10:56,070 [pool-47-thread-1] INFO  server.RaftServerConfigKeys (ConfUtils.java:logGet(43)) - raft.server.log.statemachine.data.sync = true (default)
2019-10-25 05:10:56,070 [pool-47-thread-1] INFO  server.RaftServerConfigKeys (ConfUtils.java:logGet(43)) - raft.server.log.statemachine.data.sync.timeout = 10s (default)
2019-10-25 05:10:56,070 [pool-47-thread-1] INFO  server.RaftServerConfigKeys (ConfUtils.java:logGet(43)) - raft.server.log.statemachine.data.sync.timeout.retry = -1 (default)
2019-10-25 05:10:56,070 [pool-47-thread-1] INFO  server.RaftServerConfigKeys (ConfUtils.java:logGet(43)) - raft.server.log.statemachine.data.caching.enabled = true (custom)
2019-10-25 05:10:56,071 [pool-47-thread-1] INFO  segmented.SegmentedRaftLogWorker (SegmentedRaftLogWorker.java:lambda$new$0(128)) - 792578c8-58d9-41cb-99fd-534993a904b7@group-716C12365AF0-SegmentedRaftLogWorker: flushIndex: setUnconditionally 0 -> -1
2019-10-25 05:10:56,071 [pool-47-thread-1] INFO  server.RaftServerConfigKeys (ConfUtils.java:logGet(43)) - raft.server.snapshot.auto.trigger.enabled = true (custom)
2019-10-25 05:10:56,071 [pool-47-thread-1] INFO  server.RaftServerConfigKeys (ConfUtils.java:logGet(43)) - raft.server.snapshot.auto.trigger.threshold = 10000 (custom)
2019-10-25 05:10:56,072 [pool-47-thread-1] INFO  server.RaftServerConfigKeys (ConfUtils.java:logGet(43)) - raft.server.snapshot.retention.file.num = 5 (custom)
2019-10-25 05:10:56,072 [pool-47-thread-1] INFO  server.RaftServerConfigKeys (ConfUtils.java:logGet(43)) - raft.server.retrycache.expirytime = 600000ms (custom)
2019-10-25 05:10:56,072 [pool-47-thread-1] WARN  impl.MetricRegistriesImpl (MetricRegistriesImpl.java:lambda$create$1(61)) - First MetricRegistry has been created without registering reporters. You may need to call MetricRegistries.global().addReportRegistration(...) before.
2019-10-25 05:10:56,072 [pool-47-thread-1] WARN  impl.MetricRegistriesImpl (MetricRegistriesImpl.java:lambda$create$1(61)) - First MetricRegistry has been created without registering reporters. You may need to call MetricRegistries.global().addReportRegistration(...) before.
2019-10-25 05:10:56,073 [pool-47-thread-1] INFO  impl.RaftServerImpl (RaftServerImpl.java:start(184)) - 792578c8-58d9-41cb-99fd-534993a904b7@group-716C12365AF0: start as a follower, conf=-1: [792578c8-58d9-41cb-99fd-534993a904b7:192.168.157.246:34810], old=null
2019-10-25 05:10:56,073 [pool-47-thread-1] INFO  impl.RaftServerImpl (RaftServerImpl.java:setRole(173)) - 792578c8-58d9-41cb-99fd-534993a904b7@group-716C12365AF0: changes role from      null to FOLLOWER at term 0 for startAsFollower
2019-10-25 05:10:56,073 [pool-47-thread-1] INFO  impl.RoleInfo (RoleInfo.java:updateAndGet(143)) - 792578c8-58d9-41cb-99fd-534993a904b7: start FollowerState
2019-10-25 05:10:56,074 [pool-47-thread-1] INFO  util.JmxRegister (JmxRegister.java:tryRegister(44)) - Successfully registered JMX Bean with object name Ratis:service=RaftServer,group=group-716C12365AF0,id=792578c8-58d9-41cb-99fd-534993a904b7
2019-10-25 05:10:56,075 [pool-47-thread-1] WARN  impl.MetricRegistriesImpl (MetricRegistriesImpl.java:lambda$create$1(61)) - First MetricRegistry has been created without registering reporters. You may need to call MetricRegistries.global().addReportRegistration(...) before.
2019-10-25 05:10:56,088 [RatisPipelineUtilsThread] INFO  pipeline.PipelineStateManager (PipelineStateManager.java:addPipeline(55)) - Created pipeline Pipeline[ Id: dc9bb07d-5efc-4b5f-8380-716c12365af0, Nodes: 792578c8-58d9-41cb-99fd-534993a904b7{ip: 192.168.157.246, host: pr-hdds-1868-bb2j8-1277741604, networkLocation: /default-rack, certSerialId: null}, Type:RATIS, Factor:ONE, State:ALLOCATED]
2019-10-25 05:10:56,106 [grpc-default-executor-0] INFO  impl.RaftServerProxy (RaftServerProxy.java:addNew(89)) - 632d1f61-1fb0-4a9b-a27f-4f3ee937db0d: addNew group-E4E7D0F569A6:[632d1f61-1fb0-4a9b-a27f-4f3ee937db0d:192.168.157.246:46686] returns group-E4E7D0F569A6:java.util.concurrent.CompletableFuture@5f1df32a[Not completed]
2019-10-25 05:10:56,122 [pool-37-thread-1] INFO  impl.RaftServerImpl (RaftServerImpl.java:<init>(98)) - 632d1f61-1fb0-4a9b-a27f-4f3ee937db0d: new RaftServerImpl for group-E4E7D0F569A6:[632d1f61-1fb0-4a9b-a27f-4f3ee937db0d:192.168.157.246:46686] with ContainerStateMachine:uninitialized
2019-10-25 05:10:56,124 [pool-37-thread-1] INFO  server.RaftServerConfigKeys (ConfUtils.java:logGet(43)) - raft.server.rpc.timeout.min = 5s (custom)
2019-10-25 05:10:56,124 [pool-37-thread-1] INFO  server.RaftServerConfigKeys (ConfUtils.java:logGet(43)) - raft.server.rpc.timeout.max = 5200ms (custom)
2019-10-25 05:10:56,124 [pool-37-thread-1] INFO  server.RaftServerConfigKeys (ConfUtils.java:logGet(43)) - raft.server.rpcslowness.timeout = 1000s (custom)
2019-10-25 05:10:56,124 [pool-37-thread-1] INFO  server.RaftServerConfigKeys (ConfUtils.java:logGet(43)) - raft.server.sleep.deviation.threshold = 300 (default)
2019-10-25 05:10:56,125 [pool-37-thread-1] INFO  server.RaftServerConfigKeys (ConfUtils.java:logGet(43)) - raft.server.log.appender.install.snapshot.enabled = false (custom)
2019-10-25 05:10:56,125 [pool-37-thread-1] INFO  impl.RaftServerImpl (ServerState.java:<init>(103)) - 632d1f61-1fb0-4a9b-a27f-4f3ee937db0d@group-E4E7D0F569A6: ConfigurationManager, init=-1: [632d1f61-1fb0-4a9b-a27f-4f3ee937db0d:192.168.157.246:46686], old=null, confs=<EMPTY_MAP>
2019-10-25 05:10:56,125 [pool-37-thread-1] INFO  server.RaftServerConfigKeys (ConfUtils.java:logGet(43)) - raft.server.storage.dir = [/workdir/hadoop-ozone/integration-test/target/test-dir/MiniOzoneClusterImpl-03c1ce70-80a7-4992-b672-f5473244ce42/datanode-1/data/ratis] (custom)
2019-10-25 05:10:56,126 [pool-37-thread-1] INFO  server.RaftServerConfigKeys (ConfUtils.java:logGet(43)) - raft.server.log.corruption.policy = EXCEPTION (default)
2019-10-25 05:10:56,126 [pool-37-thread-1] INFO  storage.RaftStorageDirectory (RaftStorageDirectory.java:analyzeStorage(246)) - The storage directory /workdir/hadoop-ozone/integration-test/target/test-dir/MiniOzoneClusterImpl-03c1ce70-80a7-4992-b672-f5473244ce42/datanode-1/data/ratis/0746f104-840b-438a-860a-e4e7d0f569a6 does not exist. Creating ...
2019-10-25 05:10:56,139 [pool-37-thread-1] INFO  storage.RaftStorageDirectory (RaftStorageDirectory.java:tryLock(328)) - Lock on /workdir/hadoop-ozone/integration-test/target/test-dir/MiniOzoneClusterImpl-03c1ce70-80a7-4992-b672-f5473244ce42/datanode-1/data/ratis/0746f104-840b-438a-860a-e4e7d0f569a6/in_use.lock acquired by nodename 3948@pr-hdds-1868-bb2j8-1277741604
2019-10-25 05:10:56,153 [pool-37-thread-1] INFO  storage.RaftStorage (RaftStorage.java:format(84)) - Storage directory /workdir/hadoop-ozone/integration-test/target/test-dir/MiniOzoneClusterImpl-03c1ce70-80a7-4992-b672-f5473244ce42/datanode-1/data/ratis/0746f104-840b-438a-860a-e4e7d0f569a6 has been successfully formatted.
2019-10-25 05:10:56,154 [pool-37-thread-1] INFO  ratis.ContainerStateMachine (ContainerStateMachine.java:loadSnapshot(233)) - group-E4E7D0F569A6: The snapshot info is null. Setting the last applied indexto:(t:0, i:~)
2019-10-25 05:10:56,154 [pool-37-thread-1] INFO  server.RaftServerConfigKeys (ConfUtils.java:logGet(43)) - raft.server.notification.no-leader.timeout = 1000s (custom)
2019-10-25 05:10:56,154 [pool-37-thread-1] INFO  server.RaftServerConfigKeys (ConfUtils.java:logGet(43)) - raft.server.log.use.memory = false (default)
2019-10-25 05:10:56,154 [pool-37-thread-1] INFO  server.RaftServerConfigKeys (ConfUtils.java:logGet(43)) - raft.server.log.purge.gap = 1000000 (custom)
2019-10-25 05:10:56,154 [pool-37-thread-1] INFO  server.RaftServerConfigKeys (ConfUtils.java:logGet(43)) - raft.server.log.appender.buffer.byte-limit = 33554432 (custom)
2019-10-25 05:10:56,155 [pool-37-thread-1] INFO  server.RaftServerConfigKeys (ConfUtils.java:logGet(43)) - raft.server.log.segment.size.max = 1048576 (custom)
2019-10-25 05:10:56,155 [pool-37-thread-1] WARN  impl.MetricRegistriesImpl (MetricRegistriesImpl.java:lambda$create$1(61)) - First MetricRegistry has been created without registering reporters. You may need to call MetricRegistries.global().addReportRegistration(...) before.
2019-10-25 05:10:56,155 [pool-37-thread-1] INFO  server.RaftServerConfigKeys (ConfUtils.java:logGet(43)) - raft.server.log.segment.cache.num.max = 2 (custom)
2019-10-25 05:10:56,155 [pool-37-thread-1] INFO  segmented.SegmentedRaftLogWorker (SegmentedRaftLogWorker.java:<init>(173)) - new 632d1f61-1fb0-4a9b-a27f-4f3ee937db0d@group-E4E7D0F569A6-SegmentedRaftLogWorker for RaftStorage:Storage Directory /workdir/hadoop-ozone/integration-test/target/test-dir/MiniOzoneClusterImpl-03c1ce70-80a7-4992-b672-f5473244ce42/datanode-1/data/ratis/0746f104-840b-438a-860a-e4e7d0f569a6
2019-10-25 05:10:56,155 [pool-37-thread-1] INFO  server.RaftServerConfigKeys (ConfUtils.java:logGet(43)) - raft.server.log.queue.byte-limit = 2147483647 (custom)
2019-10-25 05:10:56,156 [pool-37-thread-1] INFO  server.RaftServerConfigKeys (ConfUtils.java:logGet(43)) - raft.server.log.queue.element-limit = 1024 (custom)
2019-10-25 05:10:56,156 [pool-37-thread-1] INFO  server.RaftServerConfigKeys (ConfUtils.java:logGet(43)) - raft.server.log.segment.size.max = 1048576 (custom)
2019-10-25 05:10:56,156 [pool-37-thread-1] INFO  server.RaftServerConfigKeys (ConfUtils.java:logGet(43)) - raft.server.log.preallocated.size = 16384 (custom)
2019-10-25 05:10:56,156 [pool-37-thread-1] INFO  server.RaftServerConfigKeys (ConfUtils.java:logGet(43)) - raft.server.log.write.buffer.size = 33554432 (custom)
2019-10-25 05:10:56,156 [pool-37-thread-1] INFO  server.RaftServerConfigKeys (ConfUtils.java:logGet(43)) - raft.server.log.force.sync.num = 128 (default)
2019-10-25 05:10:56,157 [pool-37-thread-1] INFO  server.RaftServerConfigKeys (ConfUtils.java:logGet(43)) - raft.server.log.statemachine.data.sync = true (default)
2019-10-25 05:10:56,157 [pool-37-thread-1] INFO  server.RaftServerConfigKeys (ConfUtils.java:logGet(43)) - raft.server.log.statemachine.data.sync.timeout = 10s (default)
2019-10-25 05:10:56,157 [pool-37-thread-1] INFO  server.RaftServerConfigKeys (ConfUtils.java:logGet(43)) - raft.server.log.statemachine.data.sync.timeout.retry = -1 (default)
2019-10-25 05:10:56,158 [pool-37-thread-1] INFO  server.RaftServerConfigKeys (ConfUtils.java:logGet(43)) - raft.server.log.statemachine.data.caching.enabled = true (custom)
2019-10-25 05:10:56,158 [pool-37-thread-1] INFO  segmented.SegmentedRaftLogWorker (SegmentedRaftLogWorker.java:lambda$new$0(128)) - 632d1f61-1fb0-4a9b-a27f-4f3ee937db0d@group-E4E7D0F569A6-SegmentedRaftLogWorker: flushIndex: setUnconditionally 0 -> -1
2019-10-25 05:10:56,159 [pool-37-thread-1] INFO  server.RaftServerConfigKeys (ConfUtils.java:logGet(43)) - raft.server.snapshot.auto.trigger.enabled = true (custom)
2019-10-25 05:10:56,159 [pool-37-thread-1] INFO  server.RaftServerConfigKeys (ConfUtils.java:logGet(43)) - raft.server.snapshot.auto.trigger.threshold = 10000 (custom)
2019-10-25 05:10:56,159 [pool-37-thread-1] INFO  server.RaftServerConfigKeys (ConfUtils.java:logGet(43)) - raft.server.snapshot.retention.file.num = 5 (custom)
2019-10-25 05:10:56,159 [pool-37-thread-1] INFO  server.RaftServerConfigKeys (ConfUtils.java:logGet(43)) - raft.server.retrycache.expirytime = 600000ms (custom)
2019-10-25 05:10:56,160 [pool-37-thread-1] WARN  impl.MetricRegistriesImpl (MetricRegistriesImpl.java:lambda$create$1(61)) - First MetricRegistry has been created without registering reporters. You may need to call MetricRegistries.global().addReportRegistration(...) before.
2019-10-25 05:10:56,160 [pool-37-thread-1] WARN  impl.MetricRegistriesImpl (MetricRegistriesImpl.java:lambda$create$1(61)) - First MetricRegistry has been created without registering reporters. You may need to call MetricRegistries.global().addReportRegistration(...) before.
2019-10-25 05:10:56,160 [pool-37-thread-1] INFO  impl.RaftServerImpl (RaftServerImpl.java:start(184)) - 632d1f61-1fb0-4a9b-a27f-4f3ee937db0d@group-E4E7D0F569A6: start as a follower, conf=-1: [632d1f61-1fb0-4a9b-a27f-4f3ee937db0d:192.168.157.246:46686], old=null
2019-10-25 05:10:56,161 [pool-37-thread-1] INFO  impl.RaftServerImpl (RaftServerImpl.java:setRole(173)) - 632d1f61-1fb0-4a9b-a27f-4f3ee937db0d@group-E4E7D0F569A6: changes role from      null to FOLLOWER at term 0 for startAsFollower
2019-10-25 05:10:56,161 [pool-37-thread-1] INFO  impl.RoleInfo (RoleInfo.java:updateAndGet(143)) - 632d1f61-1fb0-4a9b-a27f-4f3ee937db0d: start FollowerState
2019-10-25 05:10:56,162 [pool-37-thread-1] INFO  util.JmxRegister (JmxRegister.java:tryRegister(44)) - Successfully registered JMX Bean with object name Ratis:service=RaftServer,group=group-E4E7D0F569A6,id=632d1f61-1fb0-4a9b-a27f-4f3ee937db0d
2019-10-25 05:10:56,162 [pool-37-thread-1] WARN  impl.MetricRegistriesImpl (MetricRegistriesImpl.java:lambda$create$1(61)) - First MetricRegistry has been created without registering reporters. You may need to call MetricRegistries.global().addReportRegistration(...) before.
2019-10-25 05:10:56,173 [RatisPipelineUtilsThread] INFO  pipeline.PipelineStateManager (PipelineStateManager.java:addPipeline(55)) - Created pipeline Pipeline[ Id: 0746f104-840b-438a-860a-e4e7d0f569a6, Nodes: 632d1f61-1fb0-4a9b-a27f-4f3ee937db0d{ip: 192.168.157.246, host: pr-hdds-1868-bb2j8-1277741604, networkLocation: /default-rack, certSerialId: null}, Type:RATIS, Factor:ONE, State:ALLOCATED]
2019-10-25 05:10:56,205 [grpc-default-executor-1] INFO  impl.RaftServerProxy (RaftServerProxy.java:addNew(89)) - 792578c8-58d9-41cb-99fd-534993a904b7: addNew group-95AF61456894:[632d1f61-1fb0-4a9b-a27f-4f3ee937db0d:192.168.157.246:46686, 792578c8-58d9-41cb-99fd-534993a904b7:192.168.157.246:34810, 154b23c8-147d-4903-89d2-8045c7557393:192.168.157.246:33226] returns group-95AF61456894:java.util.concurrent.CompletableFuture@391bc15c[Not completed]
2019-10-25 05:10:56,209 [pool-47-thread-1] INFO  impl.RaftServerImpl (RaftServerImpl.java:<init>(98)) - 792578c8-58d9-41cb-99fd-534993a904b7: new RaftServerImpl for group-95AF61456894:[632d1f61-1fb0-4a9b-a27f-4f3ee937db0d:192.168.157.246:46686, 792578c8-58d9-41cb-99fd-534993a904b7:192.168.157.246:34810, 154b23c8-147d-4903-89d2-8045c7557393:192.168.157.246:33226] with ContainerStateMachine:uninitialized
2019-10-25 05:10:56,209 [pool-47-thread-1] INFO  server.RaftServerConfigKeys (ConfUtils.java:logGet(43)) - raft.server.rpc.timeout.min = 5s (custom)
2019-10-25 05:10:56,209 [pool-47-thread-1] INFO  server.RaftServerConfigKeys (ConfUtils.java:logGet(43)) - raft.server.rpc.timeout.max = 5200ms (custom)
2019-10-25 05:10:56,209 [pool-47-thread-1] INFO  server.RaftServerConfigKeys (ConfUtils.java:logGet(43)) - raft.server.rpcslowness.timeout = 1000s (custom)
2019-10-25 05:10:56,210 [grpc-default-executor-1] INFO  impl.RaftServerProxy (RaftServerProxy.java:addNew(89)) - 154b23c8-147d-4903-89d2-8045c7557393: addNew group-95AF61456894:[632d1f61-1fb0-4a9b-a27f-4f3ee937db0d:192.168.157.246:46686, 792578c8-58d9-41cb-99fd-534993a904b7:192.168.157.246:34810, 154b23c8-147d-4903-89d2-8045c7557393:192.168.157.246:33226] returns group-95AF61456894:java.util.concurrent.CompletableFuture@7826cb67[Not completed]
2019-10-25 05:10:56,210 [pool-47-thread-1] INFO  server.RaftServerConfigKeys (ConfUtils.java:logGet(43)) - raft.server.sleep.deviation.threshold = 300 (default)
2019-10-25 05:10:56,211 [pool-47-thread-1] INFO  server.RaftServerConfigKeys (ConfUtils.java:logGet(43)) - raft.server.log.appender.install.snapshot.enabled = false (custom)
2019-10-25 05:10:56,211 [pool-47-thread-1] INFO  impl.RaftServerImpl (ServerState.java:<init>(103)) - 792578c8-58d9-41cb-99fd-534993a904b7@group-95AF61456894: ConfigurationManager, init=-1: [632d1f61-1fb0-4a9b-a27f-4f3ee937db0d:192.168.157.246:46686, 792578c8-58d9-41cb-99fd-534993a904b7:192.168.157.246:34810, 154b23c8-147d-4903-89d2-8045c7557393:192.168.157.246:33226], old=null, confs=<EMPTY_MAP>
2019-10-25 05:10:56,211 [pool-47-thread-1] INFO  server.RaftServerConfigKeys (ConfUtils.java:logGet(43)) - raft.server.storage.dir = [/workdir/hadoop-ozone/integration-test/target/test-dir/MiniOzoneClusterImpl-03c1ce70-80a7-4992-b672-f5473244ce42/datanode-2/data/ratis] (custom)
2019-10-25 05:10:56,211 [grpc-default-executor-2] INFO  impl.RaftServerProxy (RaftServerProxy.java:addNew(89)) - 632d1f61-1fb0-4a9b-a27f-4f3ee937db0d: addNew group-95AF61456894:[632d1f61-1fb0-4a9b-a27f-4f3ee937db0d:192.168.157.246:46686, 792578c8-58d9-41cb-99fd-534993a904b7:192.168.157.246:34810, 154b23c8-147d-4903-89d2-8045c7557393:192.168.157.246:33226] returns group-95AF61456894:java.util.concurrent.CompletableFuture@761c325[Not completed]
2019-10-25 05:10:56,212 [pool-47-thread-1] INFO  server.RaftServerConfigKeys (ConfUtils.java:logGet(43)) - raft.server.log.corruption.policy = EXCEPTION (default)
2019-10-25 05:10:56,212 [pool-47-thread-1] INFO  storage.RaftStorageDirectory (RaftStorageDirectory.java:analyzeStorage(246)) - The storage directory /workdir/hadoop-ozone/integration-test/target/test-dir/MiniOzoneClusterImpl-03c1ce70-80a7-4992-b672-f5473244ce42/datanode-2/data/ratis/fefb258c-c507-4f06-9d58-95af61456894 does not exist. Creating ...
2019-10-25 05:10:56,213 [pool-27-thread-1] INFO  impl.RaftServerImpl (RaftServerImpl.java:<init>(98)) - 154b23c8-147d-4903-89d2-8045c7557393: new RaftServerImpl for group-95AF61456894:[632d1f61-1fb0-4a9b-a27f-4f3ee937db0d:192.168.157.246:46686, 792578c8-58d9-41cb-99fd-534993a904b7:192.168.157.246:34810, 154b23c8-147d-4903-89d2-8045c7557393:192.168.157.246:33226] with ContainerStateMachine:uninitialized
2019-10-25 05:10:56,213 [pool-27-thread-1] INFO  server.RaftServerConfigKeys (ConfUtils.java:logGet(43)) - raft.server.rpc.timeout.min = 5s (custom)
2019-10-25 05:10:56,213 [pool-27-thread-1] INFO  server.RaftServerConfigKeys (ConfUtils.java:logGet(43)) - raft.server.rpc.timeout.max = 5200ms (custom)
2019-10-25 05:10:56,214 [pool-27-thread-1] INFO  server.RaftServerConfigKeys (ConfUtils.java:logGet(43)) - raft.server.rpcslowness.timeout = 1000s (custom)
2019-10-25 05:10:56,214 [pool-27-thread-1] INFO  server.RaftServerConfigKeys (ConfUtils.java:logGet(43)) - raft.server.sleep.deviation.threshold = 300 (default)
2019-10-25 05:10:56,214 [pool-37-thread-1] INFO  impl.RaftServerImpl (RaftServerImpl.java:<init>(98)) - 632d1f61-1fb0-4a9b-a27f-4f3ee937db0d: new RaftServerImpl for group-95AF61456894:[632d1f61-1fb0-4a9b-a27f-4f3ee937db0d:192.168.157.246:46686, 792578c8-58d9-41cb-99fd-534993a904b7:192.168.157.246:34810, 154b23c8-147d-4903-89d2-8045c7557393:192.168.157.246:33226] with ContainerStateMachine:uninitialized
2019-10-25 05:10:56,214 [pool-27-thread-1] INFO  server.RaftServerConfigKeys (ConfUtils.java:logGet(43)) - raft.server.log.appender.install.snapshot.enabled = false (custom)
2019-10-25 05:10:56,214 [pool-37-thread-1] INFO  server.RaftServerConfigKeys (ConfUtils.java:logGet(43)) - raft.server.rpc.timeout.min = 5s (custom)
2019-10-25 05:10:56,214 [pool-27-thread-1] INFO  impl.RaftServerImpl (ServerState.java:<init>(103)) - 154b23c8-147d-4903-89d2-8045c7557393@group-95AF61456894: ConfigurationManager, init=-1: [632d1f61-1fb0-4a9b-a27f-4f3ee937db0d:192.168.157.246:46686, 792578c8-58d9-41cb-99fd-534993a904b7:192.168.157.246:34810, 154b23c8-147d-4903-89d2-8045c7557393:192.168.157.246:33226], old=null, confs=<EMPTY_MAP>
2019-10-25 05:10:56,214 [pool-37-thread-1] INFO  server.RaftServerConfigKeys (ConfUtils.java:logGet(43)) - raft.server.rpc.timeout.max = 5200ms (custom)
2019-10-25 05:10:56,215 [pool-27-thread-1] INFO  server.RaftServerConfigKeys (ConfUtils.java:logGet(43)) - raft.server.storage.dir = [/workdir/hadoop-ozone/integration-test/target/test-dir/MiniOzoneClusterImpl-03c1ce70-80a7-4992-b672-f5473244ce42/datanode-0/data/ratis] (custom)
2019-10-25 05:10:56,215 [pool-37-thread-1] INFO  server.RaftServerConfigKeys (ConfUtils.java:logGet(43)) - raft.server.rpcslowness.timeout = 1000s (custom)
2019-10-25 05:10:56,215 [pool-37-thread-1] INFO  server.RaftServerConfigKeys (ConfUtils.java:logGet(43)) - raft.server.sleep.deviation.threshold = 300 (default)
2019-10-25 05:10:56,215 [pool-27-thread-1] INFO  server.RaftServerConfigKeys (ConfUtils.java:logGet(43)) - raft.server.log.corruption.policy = EXCEPTION (default)
2019-10-25 05:10:56,215 [pool-37-thread-1] INFO  server.RaftServerConfigKeys (ConfUtils.java:logGet(43)) - raft.server.log.appender.install.snapshot.enabled = false (custom)
2019-10-25 05:10:56,215 [pool-27-thread-1] INFO  storage.RaftStorageDirectory (RaftStorageDirectory.java:analyzeStorage(246)) - The storage directory /workdir/hadoop-ozone/integration-test/target/test-dir/MiniOzoneClusterImpl-03c1ce70-80a7-4992-b672-f5473244ce42/datanode-0/data/ratis/fefb258c-c507-4f06-9d58-95af61456894 does not exist. Creating ...
2019-10-25 05:10:56,216 [pool-37-thread-1] INFO  impl.RaftServerImpl (ServerState.java:<init>(103)) - 632d1f61-1fb0-4a9b-a27f-4f3ee937db0d@group-95AF61456894: ConfigurationManager, init=-1: [632d1f61-1fb0-4a9b-a27f-4f3ee937db0d:192.168.157.246:46686, 792578c8-58d9-41cb-99fd-534993a904b7:192.168.157.246:34810, 154b23c8-147d-4903-89d2-8045c7557393:192.168.157.246:33226], old=null, confs=<EMPTY_MAP>
2019-10-25 05:10:56,216 [pool-37-thread-1] INFO  server.RaftServerConfigKeys (ConfUtils.java:logGet(43)) - raft.server.storage.dir = [/workdir/hadoop-ozone/integration-test/target/test-dir/MiniOzoneClusterImpl-03c1ce70-80a7-4992-b672-f5473244ce42/datanode-1/data/ratis] (custom)
2019-10-25 05:10:56,216 [pool-37-thread-1] INFO  server.RaftServerConfigKeys (ConfUtils.java:logGet(43)) - raft.server.log.corruption.policy = EXCEPTION (default)
2019-10-25 05:10:56,217 [pool-37-thread-1] INFO  storage.RaftStorageDirectory (RaftStorageDirectory.java:analyzeStorage(246)) - The storage directory /workdir/hadoop-ozone/integration-test/target/test-dir/MiniOzoneClusterImpl-03c1ce70-80a7-4992-b672-f5473244ce42/datanode-1/data/ratis/fefb258c-c507-4f06-9d58-95af61456894 does not exist. Creating ...
2019-10-25 05:10:56,225 [pool-37-thread-1] INFO  storage.RaftStorageDirectory (RaftStorageDirectory.java:tryLock(328)) - Lock on /workdir/hadoop-ozone/integration-test/target/test-dir/MiniOzoneClusterImpl-03c1ce70-80a7-4992-b672-f5473244ce42/datanode-1/data/ratis/fefb258c-c507-4f06-9d58-95af61456894/in_use.lock acquired by nodename 3948@pr-hdds-1868-bb2j8-1277741604
2019-10-25 05:10:56,225 [pool-27-thread-1] INFO  storage.RaftStorageDirectory (RaftStorageDirectory.java:tryLock(328)) - Lock on /workdir/hadoop-ozone/integration-test/target/test-dir/MiniOzoneClusterImpl-03c1ce70-80a7-4992-b672-f5473244ce42/datanode-0/data/ratis/fefb258c-c507-4f06-9d58-95af61456894/in_use.lock acquired by nodename 3948@pr-hdds-1868-bb2j8-1277741604
2019-10-25 05:10:56,225 [pool-47-thread-1] INFO  storage.RaftStorageDirectory (RaftStorageDirectory.java:tryLock(328)) - Lock on /workdir/hadoop-ozone/integration-test/target/test-dir/MiniOzoneClusterImpl-03c1ce70-80a7-4992-b672-f5473244ce42/datanode-2/data/ratis/fefb258c-c507-4f06-9d58-95af61456894/in_use.lock acquired by nodename 3948@pr-hdds-1868-bb2j8-1277741604
2019-10-25 05:10:56,240 [pool-47-thread-1] INFO  storage.RaftStorage (RaftStorage.java:format(84)) - Storage directory /workdir/hadoop-ozone/integration-test/target/test-dir/MiniOzoneClusterImpl-03c1ce70-80a7-4992-b672-f5473244ce42/datanode-2/data/ratis/fefb258c-c507-4f06-9d58-95af61456894 has been successfully formatted.
2019-10-25 05:10:56,240 [pool-27-thread-1] INFO  storage.RaftStorage (RaftStorage.java:format(84)) - Storage directory /workdir/hadoop-ozone/integration-test/target/test-dir/MiniOzoneClusterImpl-03c1ce70-80a7-4992-b672-f5473244ce42/datanode-0/data/ratis/fefb258c-c507-4f06-9d58-95af61456894 has been successfully formatted.
2019-10-25 05:10:56,240 [pool-37-thread-1] INFO  storage.RaftStorage (RaftStorage.java:format(84)) - Storage directory /workdir/hadoop-ozone/integration-test/target/test-dir/MiniOzoneClusterImpl-03c1ce70-80a7-4992-b672-f5473244ce42/datanode-1/data/ratis/fefb258c-c507-4f06-9d58-95af61456894 has been successfully formatted.
2019-10-25 05:10:56,241 [pool-47-thread-1] INFO  ratis.ContainerStateMachine (ContainerStateMachine.java:loadSnapshot(233)) - group-95AF61456894: The snapshot info is null. Setting the last applied indexto:(t:0, i:~)
2019-10-25 05:10:56,241 [pool-27-thread-1] INFO  ratis.ContainerStateMachine (ContainerStateMachine.java:loadSnapshot(233)) - group-95AF61456894: The snapshot info is null. Setting the last applied indexto:(t:0, i:~)
2019-10-25 05:10:56,241 [pool-47-thread-1] INFO  server.RaftServerConfigKeys (ConfUtils.java:logGet(43)) - raft.server.notification.no-leader.timeout = 1000s (custom)
2019-10-25 05:10:56,241 [pool-37-thread-1] INFO  ratis.ContainerStateMachine (ContainerStateMachine.java:loadSnapshot(233)) - group-95AF61456894: The snapshot info is null. Setting the last applied indexto:(t:0, i:~)
2019-10-25 05:10:56,241 [pool-47-thread-1] INFO  server.RaftServerConfigKeys (ConfUtils.java:logGet(43)) - raft.server.log.use.memory = false (default)
2019-10-25 05:10:56,241 [pool-27-thread-1] INFO  server.RaftServerConfigKeys (ConfUtils.java:logGet(43)) - raft.server.notification.no-leader.timeout = 1000s (custom)
2019-10-25 05:10:56,242 [pool-47-thread-1] INFO  server.RaftServerConfigKeys (ConfUtils.java:logGet(43)) - raft.server.log.purge.gap = 1000000 (custom)
2019-10-25 05:10:56,242 [pool-37-thread-1] INFO  server.RaftServerConfigKeys (ConfUtils.java:logGet(43)) - raft.server.notification.no-leader.timeout = 1000s (custom)
2019-10-25 05:10:56,242 [pool-47-thread-1] INFO  server.RaftServerConfigKeys (ConfUtils.java:logGet(43)) - raft.server.log.appender.buffer.byte-limit = 33554432 (custom)
2019-10-25 05:10:56,242 [pool-27-thread-1] INFO  server.RaftServerConfigKeys (ConfUtils.java:logGet(43)) - raft.server.log.use.memory = false (default)
2019-10-25 05:10:56,243 [pool-47-thread-1] INFO  server.RaftServerConfigKeys (ConfUtils.java:logGet(43)) - raft.server.log.segment.size.max = 1048576 (custom)
2019-10-25 05:10:56,242 [pool-37-thread-1] INFO  server.RaftServerConfigKeys (ConfUtils.java:logGet(43)) - raft.server.log.use.memory = false (default)
2019-10-25 05:10:56,243 [pool-47-thread-1] INFO  server.RaftServerConfigKeys (ConfUtils.java:logGet(43)) - raft.server.log.segment.cache.num.max = 2 (custom)
2019-10-25 05:10:56,243 [pool-27-thread-1] INFO  server.RaftServerConfigKeys (ConfUtils.java:logGet(43)) - raft.server.log.purge.gap = 1000000 (custom)
2019-10-25 05:10:56,243 [pool-47-thread-1] INFO  segmented.SegmentedRaftLogWorker (SegmentedRaftLogWorker.java:<init>(173)) - new 792578c8-58d9-41cb-99fd-534993a904b7@group-95AF61456894-SegmentedRaftLogWorker for RaftStorage:Storage Directory /workdir/hadoop-ozone/integration-test/target/test-dir/MiniOzoneClusterImpl-03c1ce70-80a7-4992-b672-f5473244ce42/datanode-2/data/ratis/fefb258c-c507-4f06-9d58-95af61456894
2019-10-25 05:10:56,243 [pool-37-thread-1] INFO  server.RaftServerConfigKeys (ConfUtils.java:logGet(43)) - raft.server.log.purge.gap = 1000000 (custom)
2019-10-25 05:10:56,244 [pool-47-thread-1] INFO  server.RaftServerConfigKeys (ConfUtils.java:logGet(43)) - raft.server.log.queue.byte-limit = 2147483647 (custom)
2019-10-25 05:10:56,243 [pool-27-thread-1] INFO  server.RaftServerConfigKeys (ConfUtils.java:logGet(43)) - raft.server.log.appender.buffer.byte-limit = 33554432 (custom)
2019-10-25 05:10:56,244 [pool-47-thread-1] INFO  server.RaftServerConfigKeys (ConfUtils.java:logGet(43)) - raft.server.log.queue.element-limit = 1024 (custom)
2019-10-25 05:10:56,244 [pool-37-thread-1] INFO  server.RaftServerConfigKeys (ConfUtils.java:logGet(43)) - raft.server.log.appender.buffer.byte-limit = 33554432 (custom)
2019-10-25 05:10:56,244 [pool-47-thread-1] INFO  server.RaftServerConfigKeys (ConfUtils.java:logGet(43)) - raft.server.log.segment.size.max = 1048576 (custom)
2019-10-25 05:10:56,244 [pool-27-thread-1] INFO  server.RaftServerConfigKeys (ConfUtils.java:logGet(43)) - raft.server.log.segment.size.max = 1048576 (custom)
2019-10-25 05:10:56,245 [pool-47-thread-1] INFO  server.RaftServerConfigKeys (ConfUtils.java:logGet(43)) - raft.server.log.preallocated.size = 16384 (custom)
2019-10-25 05:10:56,245 [pool-37-thread-1] INFO  server.RaftServerConfigKeys (ConfUtils.java:logGet(43)) - raft.server.log.segment.size.max = 1048576 (custom)
2019-10-25 05:10:56,245 [pool-47-thread-1] INFO  server.RaftServerConfigKeys (ConfUtils.java:logGet(43)) - raft.server.log.write.buffer.size = 33554432 (custom)
2019-10-25 05:10:56,245 [pool-27-thread-1] INFO  server.RaftServerConfigKeys (ConfUtils.java:logGet(43)) - raft.server.log.segment.cache.num.max = 2 (custom)
2019-10-25 05:10:56,245 [pool-47-thread-1] INFO  server.RaftServerConfigKeys (ConfUtils.java:logGet(43)) - raft.server.log.force.sync.num = 128 (default)
2019-10-25 05:10:56,245 [pool-37-thread-1] INFO  server.RaftServerConfigKeys (ConfUtils.java:logGet(43)) - raft.server.log.segment.cache.num.max = 2 (custom)
2019-10-25 05:10:56,246 [pool-47-thread-1] INFO  server.RaftServerConfigKeys (ConfUtils.java:logGet(43)) - raft.server.log.statemachine.data.sync = true (default)
2019-10-25 05:10:56,246 [pool-27-thread-1] INFO  segmented.SegmentedRaftLogWorker (SegmentedRaftLogWorker.java:<init>(173)) - new 154b23c8-147d-4903-89d2-8045c7557393@group-95AF61456894-SegmentedRaftLogWorker for RaftStorage:Storage Directory /workdir/hadoop-ozone/integration-test/target/test-dir/MiniOzoneClusterImpl-03c1ce70-80a7-4992-b672-f5473244ce42/datanode-0/data/ratis/fefb258c-c507-4f06-9d58-95af61456894
2019-10-25 05:10:56,246 [pool-47-thread-1] INFO  server.RaftServerConfigKeys (ConfUtils.java:logGet(43)) - raft.server.log.statemachine.data.sync.timeout = 10s (default)
2019-10-25 05:10:56,246 [pool-37-thread-1] INFO  segmented.SegmentedRaftLogWorker (SegmentedRaftLogWorker.java:<init>(173)) - new 632d1f61-1fb0-4a9b-a27f-4f3ee937db0d@group-95AF61456894-SegmentedRaftLogWorker for RaftStorage:Storage Directory /workdir/hadoop-ozone/integration-test/target/test-dir/MiniOzoneClusterImpl-03c1ce70-80a7-4992-b672-f5473244ce42/datanode-1/data/ratis/fefb258c-c507-4f06-9d58-95af61456894
2019-10-25 05:10:56,247 [pool-47-thread-1] INFO  server.RaftServerConfigKeys (ConfUtils.java:logGet(43)) - raft.server.log.statemachine.data.sync.timeout.retry = -1 (default)
2019-10-25 05:10:56,246 [pool-27-thread-1] INFO  server.RaftServerConfigKeys (ConfUtils.java:logGet(43)) - raft.server.log.queue.byte-limit = 2147483647 (custom)
2019-10-25 05:10:56,247 [pool-47-thread-1] INFO  server.RaftServerConfigKeys (ConfUtils.java:logGet(43)) - raft.server.log.statemachine.data.caching.enabled = true (custom)
2019-10-25 05:10:56,247 [pool-37-thread-1] INFO  server.RaftServerConfigKeys (ConfUtils.java:logGet(43)) - raft.server.log.queue.byte-limit = 2147483647 (custom)
2019-10-25 05:10:56,247 [pool-27-thread-1] INFO  server.RaftServerConfigKeys (ConfUtils.java:logGet(43)) - raft.server.log.queue.element-limit = 1024 (custom)
2019-10-25 05:10:56,248 [pool-47-thread-1] INFO  segmented.SegmentedRaftLogWorker (SegmentedRaftLogWorker.java:lambda$new$0(128)) - 792578c8-58d9-41cb-99fd-534993a904b7@group-95AF61456894-SegmentedRaftLogWorker: flushIndex: setUnconditionally 0 -> -1
2019-10-25 05:10:56,247 [pool-37-thread-1] INFO  server.RaftServerConfigKeys (ConfUtils.java:logGet(43)) - raft.server.log.queue.element-limit = 1024 (custom)
2019-10-25 05:10:56,248 [pool-27-thread-1] INFO  server.RaftServerConfigKeys (ConfUtils.java:logGet(43)) - raft.server.log.segment.size.max = 1048576 (custom)
2019-10-25 05:10:56,248 [pool-47-thread-1] INFO  server.RaftServerConfigKeys (ConfUtils.java:logGet(43)) - raft.server.snapshot.auto.trigger.enabled = true (custom)
2019-10-25 05:10:56,248 [pool-37-thread-1] INFO  server.RaftServerConfigKeys (ConfUtils.java:logGet(43)) - raft.server.log.segment.size.max = 1048576 (custom)
2019-10-25 05:10:56,248 [pool-47-thread-1] INFO  server.RaftServerConfigKeys (ConfUtils.java:logGet(43)) - raft.server.snapshot.auto.trigger.threshold = 10000 (custom)
2019-10-25 05:10:56,248 [pool-27-thread-1] INFO  server.RaftServerConfigKeys (ConfUtils.java:logGet(43)) - raft.server.log.preallocated.size = 16384 (custom)
2019-10-25 05:10:56,249 [pool-47-thread-1] INFO  server.RaftServerConfigKeys (ConfUtils.java:logGet(43)) - raft.server.snapshot.retention.file.num = 5 (custom)
2019-10-25 05:10:56,249 [pool-37-thread-1] INFO  server.RaftServerConfigKeys (ConfUtils.java:logGet(43)) - raft.server.log.preallocated.size = 16384 (custom)
2019-10-25 05:10:56,249 [pool-27-thread-1] INFO  server.RaftServerConfigKeys (ConfUtils.java:logGet(43)) - raft.server.log.write.buffer.size = 33554432 (custom)
2019-10-25 05:10:56,250 [pool-37-thread-1] INFO  server.RaftServerConfigKeys (ConfUtils.java:logGet(43)) - raft.server.log.write.buffer.size = 33554432 (custom)
2019-10-25 05:10:56,250 [pool-47-thread-1] INFO  server.RaftServerConfigKeys (ConfUtils.java:logGet(43)) - raft.server.retrycache.expirytime = 600000ms (custom)
2019-10-25 05:10:56,250 [pool-37-thread-1] INFO  server.RaftServerConfigKeys (ConfUtils.java:logGet(43)) - raft.server.log.force.sync.num = 128 (default)
2019-10-25 05:10:56,251 [pool-47-thread-1] WARN  impl.MetricRegistriesImpl (MetricRegistriesImpl.java:lambda$create$1(61)) - First MetricRegistry has been created without registering reporters. You may need to call MetricRegistries.global().addReportRegistration(...) before.
2019-10-25 05:10:56,250 [pool-27-thread-1] INFO  server.RaftServerConfigKeys (ConfUtils.java:logGet(43)) - raft.server.log.force.sync.num = 128 (default)
2019-10-25 05:10:56,251 [pool-47-thread-1] WARN  impl.MetricRegistriesImpl (MetricRegistriesImpl.java:lambda$create$1(61)) - First MetricRegistry has been created without registering reporters. You may need to call MetricRegistries.global().addReportRegistration(...) before.
2019-10-25 05:10:56,251 [pool-37-thread-1] INFO  server.RaftServerConfigKeys (ConfUtils.java:logGet(43)) - raft.server.log.statemachine.data.sync = true (default)
2019-10-25 05:10:56,251 [pool-27-thread-1] INFO  server.RaftServerConfigKeys (ConfUtils.java:logGet(43)) - raft.server.log.statemachine.data.sync = true (default)
2019-10-25 05:10:56,251 [pool-47-thread-1] INFO  impl.RaftServerImpl (RaftServerImpl.java:start(184)) - 792578c8-58d9-41cb-99fd-534993a904b7@group-95AF61456894: start as a follower, conf=-1: [632d1f61-1fb0-4a9b-a27f-4f3ee937db0d:192.168.157.246:46686, 792578c8-58d9-41cb-99fd-534993a904b7:192.168.157.246:34810, 154b23c8-147d-4903-89d2-8045c7557393:192.168.157.246:33226], old=null
2019-10-25 05:10:56,251 [pool-37-thread-1] INFO  server.RaftServerConfigKeys (ConfUtils.java:logGet(43)) - raft.server.log.statemachine.data.sync.timeout = 10s (default)
2019-10-25 05:10:56,252 [pool-47-thread-1] INFO  impl.RaftServerImpl (RaftServerImpl.java:setRole(173)) - 792578c8-58d9-41cb-99fd-534993a904b7@group-95AF61456894: changes role from      null to FOLLOWER at term 0 for startAsFollower
2019-10-25 05:10:56,252 [pool-27-thread-1] INFO  server.RaftServerConfigKeys (ConfUtils.java:logGet(43)) - raft.server.log.statemachine.data.sync.timeout = 10s (default)
2019-10-25 05:10:56,252 [pool-37-thread-1] INFO  server.RaftServerConfigKeys (ConfUtils.java:logGet(43)) - raft.server.log.statemachine.data.sync.timeout.retry = -1 (default)
2019-10-25 05:10:56,252 [pool-27-thread-1] INFO  server.RaftServerConfigKeys (ConfUtils.java:logGet(43)) - raft.server.log.statemachine.data.sync.timeout.retry = -1 (default)
2019-10-25 05:10:56,252 [pool-47-thread-1] INFO  impl.RoleInfo (RoleInfo.java:updateAndGet(143)) - 792578c8-58d9-41cb-99fd-534993a904b7: start FollowerState
2019-10-25 05:10:56,253 [pool-27-thread-1] INFO  server.RaftServerConfigKeys (ConfUtils.java:logGet(43)) - raft.server.log.statemachine.data.caching.enabled = true (custom)
2019-10-25 05:10:56,253 [pool-37-thread-1] INFO  server.RaftServerConfigKeys (ConfUtils.java:logGet(43)) - raft.server.log.statemachine.data.caching.enabled = true (custom)
2019-10-25 05:10:56,253 [pool-27-thread-1] INFO  segmented.SegmentedRaftLogWorker (SegmentedRaftLogWorker.java:lambda$new$0(128)) - 154b23c8-147d-4903-89d2-8045c7557393@group-95AF61456894-SegmentedRaftLogWorker: flushIndex: setUnconditionally 0 -> -1
2019-10-25 05:10:56,254 [pool-47-thread-1] INFO  util.JmxRegister (JmxRegister.java:tryRegister(44)) - Successfully registered JMX Bean with object name Ratis:service=RaftServer,group=group-95AF61456894,id=792578c8-58d9-41cb-99fd-534993a904b7
2019-10-25 05:10:56,253 [pool-37-thread-1] INFO  segmented.SegmentedRaftLogWorker (SegmentedRaftLogWorker.java:lambda$new$0(128)) - 632d1f61-1fb0-4a9b-a27f-4f3ee937db0d@group-95AF61456894-SegmentedRaftLogWorker: flushIndex: setUnconditionally 0 -> -1
2019-10-25 05:10:56,254 [pool-47-thread-1] WARN  impl.MetricRegistriesImpl (MetricRegistriesImpl.java:lambda$create$1(61)) - First MetricRegistry has been created without registering reporters. You may need to call MetricRegistries.global().addReportRegistration(...) before.
2019-10-25 05:10:56,254 [pool-27-thread-1] INFO  server.RaftServerConfigKeys (ConfUtils.java:logGet(43)) - raft.server.snapshot.auto.trigger.enabled = true (custom)
2019-10-25 05:10:56,254 [pool-37-thread-1] INFO  server.RaftServerConfigKeys (ConfUtils.java:logGet(43)) - raft.server.snapshot.auto.trigger.enabled = true (custom)
2019-10-25 05:10:56,254 [pool-27-thread-1] INFO  server.RaftServerConfigKeys (ConfUtils.java:logGet(43)) - raft.server.snapshot.auto.trigger.threshold = 10000 (custom)
2019-10-25 05:10:56,255 [pool-37-thread-1] INFO  server.RaftServerConfigKeys (ConfUtils.java:logGet(43)) - raft.server.snapshot.auto.trigger.threshold = 10000 (custom)
2019-10-25 05:10:56,255 [pool-27-thread-1] INFO  server.RaftServerConfigKeys (ConfUtils.java:logGet(43)) - raft.server.snapshot.retention.file.num = 5 (custom)
2019-10-25 05:10:56,255 [pool-37-thread-1] INFO  server.RaftServerConfigKeys (ConfUtils.java:logGet(43)) - raft.server.snapshot.retention.file.num = 5 (custom)
2019-10-25 05:10:56,255 [pool-27-thread-1] INFO  server.RaftServerConfigKeys (ConfUtils.java:logGet(43)) - raft.server.retrycache.expirytime = 600000ms (custom)
2019-10-25 05:10:56,255 [pool-37-thread-1] INFO  server.RaftServerConfigKeys (ConfUtils.java:logGet(43)) - raft.server.retrycache.expirytime = 600000ms (custom)
2019-10-25 05:10:56,256 [pool-27-thread-1] WARN  impl.MetricRegistriesImpl (MetricRegistriesImpl.java:lambda$create$1(61)) - First MetricRegistry has been created without registering reporters. You may need to call MetricRegistries.global().addReportRegistration(...) before.
2019-10-25 05:10:56,258 [pool-37-thread-1] WARN  impl.MetricRegistriesImpl (MetricRegistriesImpl.java:lambda$create$1(61)) - First MetricRegistry has been created without registering reporters. You may need to call MetricRegistries.global().addReportRegistration(...) before.
2019-10-25 05:10:56,258 [pool-27-thread-1] WARN  impl.MetricRegistriesImpl (MetricRegistriesImpl.java:lambda$create$1(61)) - First MetricRegistry has been created without registering reporters. You may need to call MetricRegistries.global().addReportRegistration(...) before.
2019-10-25 05:10:56,258 [pool-37-thread-1] WARN  impl.MetricRegistriesImpl (MetricRegistriesImpl.java:lambda$create$1(61)) - First MetricRegistry has been created without registering reporters. You may need to call MetricRegistries.global().addReportRegistration(...) before.
2019-10-25 05:10:56,260 [pool-27-thread-1] INFO  impl.RaftServerImpl (RaftServerImpl.java:start(184)) - 154b23c8-147d-4903-89d2-8045c7557393@group-95AF61456894: start as a follower, conf=-1: [632d1f61-1fb0-4a9b-a27f-4f3ee937db0d:192.168.157.246:46686, 792578c8-58d9-41cb-99fd-534993a904b7:192.168.157.246:34810, 154b23c8-147d-4903-89d2-8045c7557393:192.168.157.246:33226], old=null
2019-10-25 05:10:56,260 [pool-37-thread-1] INFO  impl.RaftServerImpl (RaftServerImpl.java:start(184)) - 632d1f61-1fb0-4a9b-a27f-4f3ee937db0d@group-95AF61456894: start as a follower, conf=-1: [632d1f61-1fb0-4a9b-a27f-4f3ee937db0d:192.168.157.246:46686, 792578c8-58d9-41cb-99fd-534993a904b7:192.168.157.246:34810, 154b23c8-147d-4903-89d2-8045c7557393:192.168.157.246:33226], old=null
2019-10-25 05:10:56,261 [pool-27-thread-1] INFO  impl.RaftServerImpl (RaftServerImpl.java:setRole(173)) - 154b23c8-147d-4903-89d2-8045c7557393@group-95AF61456894: changes role from      null to FOLLOWER at term 0 for startAsFollower
2019-10-25 05:10:56,261 [pool-37-thread-1] INFO  impl.RaftServerImpl (RaftServerImpl.java:setRole(173)) - 632d1f61-1fb0-4a9b-a27f-4f3ee937db0d@group-95AF61456894: changes role from      null to FOLLOWER at term 0 for startAsFollower
2019-10-25 05:10:56,261 [pool-27-thread-1] INFO  impl.RoleInfo (RoleInfo.java:updateAndGet(143)) - 154b23c8-147d-4903-89d2-8045c7557393: start FollowerState
2019-10-25 05:10:56,262 [pool-37-thread-1] INFO  impl.RoleInfo (RoleInfo.java:updateAndGet(143)) - 632d1f61-1fb0-4a9b-a27f-4f3ee937db0d: start FollowerState
2019-10-25 05:10:56,262 [pool-27-thread-1] INFO  util.JmxRegister (JmxRegister.java:tryRegister(44)) - Successfully registered JMX Bean with object name Ratis:service=RaftServer,group=group-95AF61456894,id=154b23c8-147d-4903-89d2-8045c7557393
2019-10-25 05:10:56,262 [pool-27-thread-1] WARN  impl.MetricRegistriesImpl (MetricRegistriesImpl.java:lambda$create$1(61)) - First MetricRegistry has been created without registering reporters. You may need to call MetricRegistries.global().addReportRegistration(...) before.
2019-10-25 05:10:56,262 [pool-37-thread-1] INFO  util.JmxRegister (JmxRegister.java:tryRegister(44)) - Successfully registered JMX Bean with object name Ratis:service=RaftServer,group=group-95AF61456894,id=632d1f61-1fb0-4a9b-a27f-4f3ee937db0d
2019-10-25 05:10:56,262 [pool-37-thread-1] WARN  impl.MetricRegistriesImpl (MetricRegistriesImpl.java:lambda$create$1(61)) - First MetricRegistry has been created without registering reporters. You may need to call MetricRegistries.global().addReportRegistration(...) before.
2019-10-25 05:10:56,283 [RatisPipelineUtilsThread] INFO  pipeline.PipelineStateManager (PipelineStateManager.java:addPipeline(55)) - Created pipeline Pipeline[ Id: fefb258c-c507-4f06-9d58-95af61456894, Nodes: 792578c8-58d9-41cb-99fd-534993a904b7{ip: 192.168.157.246, host: pr-hdds-1868-bb2j8-1277741604, networkLocation: /default-rack, certSerialId: null}154b23c8-147d-4903-89d2-8045c7557393{ip: 192.168.157.246, host: pr-hdds-1868-bb2j8-1277741604, networkLocation: /default-rack, certSerialId: null}632d1f61-1fb0-4a9b-a27f-4f3ee937db0d{ip: 192.168.157.246, host: pr-hdds-1868-bb2j8-1277741604, networkLocation: /default-rack, certSerialId: null}, Type:RATIS, Factor:THREE, State:ALLOCATED]
2019-10-25 05:10:56,286 [main] INFO  ozone.MiniOzoneClusterImpl (MiniOzoneClusterImpl.java:lambda$waitForClusterToBeReady$2(163)) - Waiting for 4 number of pipelines out of 4, to report a leader.
2019-10-25 05:10:57,286 [main] INFO  ozone.MiniOzoneClusterImpl (MiniOzoneClusterImpl.java:lambda$waitForClusterToBeReady$2(163)) - Waiting for 4 number of pipelines out of 4, to report a leader.
2019-10-25 05:10:58,287 [main] INFO  ozone.MiniOzoneClusterImpl (MiniOzoneClusterImpl.java:lambda$waitForClusterToBeReady$2(163)) - Waiting for 4 number of pipelines out of 4, to report a leader.
2019-10-25 05:10:58,319 [Thread-181] INFO  container.ReplicationManager (ReplicationManager.java:start(162)) - Starting Replication Monitor Thread.
2019-10-25 05:10:58,323 [Thread-181] INFO  pipeline.SCMPipelineManager (SCMPipelineManager.java:finalizeAndDestroyPipeline(316)) - destroying pipeline:Pipeline[ Id: fefb258c-c507-4f06-9d58-95af61456894, Nodes: 792578c8-58d9-41cb-99fd-534993a904b7{ip: 192.168.157.246, host: pr-hdds-1868-bb2j8-1277741604, networkLocation: /default-rack, certSerialId: null}154b23c8-147d-4903-89d2-8045c7557393{ip: 192.168.157.246, host: pr-hdds-1868-bb2j8-1277741604, networkLocation: /default-rack, certSerialId: null}632d1f61-1fb0-4a9b-a27f-4f3ee937db0d{ip: 192.168.157.246, host: pr-hdds-1868-bb2j8-1277741604, networkLocation: /default-rack, certSerialId: null}, Type:RATIS, Factor:THREE, State:ALLOCATED]
2019-10-25 05:10:58,324 [ReplicationMonitor] INFO  container.ReplicationManager (ReplicationManager.java:run(225)) - Replication Monitor Thread took 1 milliseconds for processing 0 containers.
2019-10-25 05:10:58,324 [Thread-181] INFO  pipeline.PipelineStateManager (PipelineStateManager.java:finalizePipeline(121)) - Pipeline Pipeline[ Id: fefb258c-c507-4f06-9d58-95af61456894, Nodes: 792578c8-58d9-41cb-99fd-534993a904b7{ip: 192.168.157.246, host: pr-hdds-1868-bb2j8-1277741604, networkLocation: /default-rack, certSerialId: null}154b23c8-147d-4903-89d2-8045c7557393{ip: 192.168.157.246, host: pr-hdds-1868-bb2j8-1277741604, networkLocation: /default-rack, certSerialId: null}632d1f61-1fb0-4a9b-a27f-4f3ee937db0d{ip: 192.168.157.246, host: pr-hdds-1868-bb2j8-1277741604, networkLocation: /default-rack, certSerialId: null}, Type:RATIS, Factor:THREE, State:CLOSED] moved to CLOSED state
2019-10-25 05:10:58,358 [grpc-default-executor-2] INFO  impl.RaftServerProxy (RaftServerProxy.java:remove(95)) - 792578c8-58d9-41cb-99fd-534993a904b7: remove  FOLLOWER 792578c8-58d9-41cb-99fd-534993a904b7@group-95AF61456894:t0, leader=null, voted=null, raftlog=792578c8-58d9-41cb-99fd-534993a904b7@group-95AF61456894-SegmentedRaftLog:OPENED:c-1,f-1,i0, conf=-1: [632d1f61-1fb0-4a9b-a27f-4f3ee937db0d:192.168.157.246:46686, 792578c8-58d9-41cb-99fd-534993a904b7:192.168.157.246:34810, 154b23c8-147d-4903-89d2-8045c7557393:192.168.157.246:33226], old=null RUNNING
2019-10-25 05:10:58,363 [grpc-default-executor-2] INFO  impl.RaftServerImpl (RaftServerImpl.java:lambda$shutdown$3(250)) - 792578c8-58d9-41cb-99fd-534993a904b7@group-95AF61456894: shutdown
2019-10-25 05:10:58,363 [grpc-default-executor-2] INFO  util.JmxRegister (JmxRegister.java:unregister(73)) - Successfully un-registered JMX Bean with object name Ratis:service=RaftServer,group=group-95AF61456894,id=792578c8-58d9-41cb-99fd-534993a904b7
2019-10-25 05:10:58,363 [grpc-default-executor-2] INFO  impl.RoleInfo (RoleInfo.java:shutdownFollowerState(121)) - 792578c8-58d9-41cb-99fd-534993a904b7: shutdown FollowerState
2019-10-25 05:10:58,364 [grpc-default-executor-2] INFO  impl.StateMachineUpdater (StateMachineUpdater.java:stopAndJoin(136)) - 792578c8-58d9-41cb-99fd-534993a904b7@group-95AF61456894-StateMachineUpdater: set stopIndex = -1
2019-10-25 05:10:58,364 [Thread-195] INFO  impl.FollowerState (FollowerState.java:run(120)) - 792578c8-58d9-41cb-99fd-534993a904b7@group-95AF61456894-FollowerState was interrupted: java.lang.InterruptedException: sleep interrupted
2019-10-25 05:10:58,367 [grpc-default-executor-2] INFO  impl.RaftServerImpl (ServerState.java:close(387)) - 792578c8-58d9-41cb-99fd-534993a904b7@group-95AF61456894: closes. applyIndex: -1
2019-10-25 05:10:58,374 [792578c8-58d9-41cb-99fd-534993a904b7@group-95AF61456894-SegmentedRaftLogWorker] INFO  segmented.SegmentedRaftLogWorker (SegmentedRaftLogWorker.java:run(316)) - 792578c8-58d9-41cb-99fd-534993a904b7@group-95AF61456894-SegmentedRaftLogWorker was interrupted, exiting. There are 0 tasks remaining in the queue.
2019-10-25 05:10:58,376 [grpc-default-executor-2] INFO  segmented.SegmentedRaftLogWorker (SegmentedRaftLogWorker.java:close(224)) - 792578c8-58d9-41cb-99fd-534993a904b7@group-95AF61456894-SegmentedRaftLogWorker close()
2019-10-25 05:10:58,409 [grpc-default-executor-2] INFO  impl.RaftServerProxy (RaftServerProxy.java:remove(95)) - 154b23c8-147d-4903-89d2-8045c7557393: remove  FOLLOWER 154b23c8-147d-4903-89d2-8045c7557393@group-95AF61456894:t0, leader=null, voted=null, raftlog=154b23c8-147d-4903-89d2-8045c7557393@group-95AF61456894-SegmentedRaftLog:OPENED:c-1,f-1,i0, conf=-1: [632d1f61-1fb0-4a9b-a27f-4f3ee937db0d:192.168.157.246:46686, 792578c8-58d9-41cb-99fd-534993a904b7:192.168.157.246:34810, 154b23c8-147d-4903-89d2-8045c7557393:192.168.157.246:33226], old=null RUNNING
2019-10-25 05:10:58,409 [grpc-default-executor-2] INFO  impl.RaftServerImpl (RaftServerImpl.java:lambda$shutdown$3(250)) - 154b23c8-147d-4903-89d2-8045c7557393@group-95AF61456894: shutdown
2019-10-25 05:10:58,410 [grpc-default-executor-2] INFO  util.JmxRegister (JmxRegister.java:unregister(73)) - Successfully un-registered JMX Bean with object name Ratis:service=RaftServer,group=group-95AF61456894,id=154b23c8-147d-4903-89d2-8045c7557393
2019-10-25 05:10:58,410 [grpc-default-executor-2] INFO  impl.RoleInfo (RoleInfo.java:shutdownFollowerState(121)) - 154b23c8-147d-4903-89d2-8045c7557393: shutdown FollowerState
2019-10-25 05:10:58,410 [grpc-default-executor-2] INFO  impl.StateMachineUpdater (StateMachineUpdater.java:stopAndJoin(136)) - 154b23c8-147d-4903-89d2-8045c7557393@group-95AF61456894-StateMachineUpdater: set stopIndex = -1
2019-10-25 05:10:58,410 [Thread-199] INFO  impl.FollowerState (FollowerState.java:run(120)) - 154b23c8-147d-4903-89d2-8045c7557393@group-95AF61456894-FollowerState was interrupted: java.lang.InterruptedException: sleep interrupted
2019-10-25 05:10:58,412 [grpc-default-executor-2] INFO  impl.RaftServerImpl (ServerState.java:close(387)) - 154b23c8-147d-4903-89d2-8045c7557393@group-95AF61456894: closes. applyIndex: -1
2019-10-25 05:10:58,413 [154b23c8-147d-4903-89d2-8045c7557393@group-95AF61456894-SegmentedRaftLogWorker] INFO  segmented.SegmentedRaftLogWorker (SegmentedRaftLogWorker.java:run(316)) - 154b23c8-147d-4903-89d2-8045c7557393@group-95AF61456894-SegmentedRaftLogWorker was interrupted, exiting. There are 0 tasks remaining in the queue.
2019-10-25 05:10:58,414 [grpc-default-executor-2] INFO  segmented.SegmentedRaftLogWorker (SegmentedRaftLogWorker.java:close(224)) - 154b23c8-147d-4903-89d2-8045c7557393@group-95AF61456894-SegmentedRaftLogWorker close()
2019-10-25 05:10:58,436 [grpc-default-executor-2] INFO  impl.RaftServerProxy (RaftServerProxy.java:remove(95)) - 632d1f61-1fb0-4a9b-a27f-4f3ee937db0d: remove  FOLLOWER 632d1f61-1fb0-4a9b-a27f-4f3ee937db0d@group-95AF61456894:t0, leader=null, voted=null, raftlog=632d1f61-1fb0-4a9b-a27f-4f3ee937db0d@group-95AF61456894-SegmentedRaftLog:OPENED:c-1,f-1,i0, conf=-1: [632d1f61-1fb0-4a9b-a27f-4f3ee937db0d:192.168.157.246:46686, 792578c8-58d9-41cb-99fd-534993a904b7:192.168.157.246:34810, 154b23c8-147d-4903-89d2-8045c7557393:192.168.157.246:33226], old=null RUNNING
2019-10-25 05:10:58,436 [grpc-default-executor-2] INFO  impl.RaftServerImpl (RaftServerImpl.java:lambda$shutdown$3(250)) - 632d1f61-1fb0-4a9b-a27f-4f3ee937db0d@group-95AF61456894: shutdown
2019-10-25 05:10:58,436 [grpc-default-executor-2] INFO  util.JmxRegister (JmxRegister.java:unregister(73)) - Successfully un-registered JMX Bean with object name Ratis:service=RaftServer,group=group-95AF61456894,id=632d1f61-1fb0-4a9b-a27f-4f3ee937db0d
2019-10-25 05:10:58,437 [grpc-default-executor-2] INFO  impl.RoleInfo (RoleInfo.java:shutdownFollowerState(121)) - 632d1f61-1fb0-4a9b-a27f-4f3ee937db0d: shutdown FollowerState
2019-10-25 05:10:58,437 [grpc-default-executor-2] INFO  impl.StateMachineUpdater (StateMachineUpdater.java:stopAndJoin(136)) - 632d1f61-1fb0-4a9b-a27f-4f3ee937db0d@group-95AF61456894-StateMachineUpdater: set stopIndex = -1
2019-10-25 05:10:58,437 [Thread-200] INFO  impl.FollowerState (FollowerState.java:run(120)) - 632d1f61-1fb0-4a9b-a27f-4f3ee937db0d@group-95AF61456894-FollowerState was interrupted: java.lang.InterruptedException: sleep interrupted
2019-10-25 05:10:58,438 [grpc-default-executor-2] INFO  impl.RaftServerImpl (ServerState.java:close(387)) - 632d1f61-1fb0-4a9b-a27f-4f3ee937db0d@group-95AF61456894: closes. applyIndex: -1
2019-10-25 05:10:58,440 [632d1f61-1fb0-4a9b-a27f-4f3ee937db0d@group-95AF61456894-SegmentedRaftLogWorker] INFO  segmented.SegmentedRaftLogWorker (SegmentedRaftLogWorker.java:run(316)) - 632d1f61-1fb0-4a9b-a27f-4f3ee937db0d@group-95AF61456894-SegmentedRaftLogWorker was interrupted, exiting. There are 0 tasks remaining in the queue.
2019-10-25 05:10:58,440 [grpc-default-executor-2] INFO  segmented.SegmentedRaftLogWorker (SegmentedRaftLogWorker.java:close(224)) - 632d1f61-1fb0-4a9b-a27f-4f3ee937db0d@group-95AF61456894-SegmentedRaftLogWorker close()
2019-10-25 05:10:58,454 [Thread-181] INFO  pipeline.PipelineStateManager (PipelineStateManager.java:removePipeline(106)) - Pipeline Pipeline[ Id: fefb258c-c507-4f06-9d58-95af61456894, Nodes: 792578c8-58d9-41cb-99fd-534993a904b7{ip: 192.168.157.246, host: pr-hdds-1868-bb2j8-1277741604, networkLocation: /default-rack, certSerialId: null}154b23c8-147d-4903-89d2-8045c7557393{ip: 192.168.157.246, host: pr-hdds-1868-bb2j8-1277741604, networkLocation: /default-rack, certSerialId: null}632d1f61-1fb0-4a9b-a27f-4f3ee937db0d{ip: 192.168.157.246, host: pr-hdds-1868-bb2j8-1277741604, networkLocation: /default-rack, certSerialId: null}, Type:RATIS, Factor:THREE, State:CLOSED] removed from db
2019-10-25 05:10:58,455 [Thread-181] INFO  pipeline.SCMPipelineManager (SCMPipelineManager.java:finalizeAndDestroyPipeline(316)) - destroying pipeline:Pipeline[ Id: 0746f104-840b-438a-860a-e4e7d0f569a6, Nodes: 632d1f61-1fb0-4a9b-a27f-4f3ee937db0d{ip: 192.168.157.246, host: pr-hdds-1868-bb2j8-1277741604, networkLocation: /default-rack, certSerialId: null}, Type:RATIS, Factor:ONE, State:ALLOCATED]
2019-10-25 05:10:58,482 [grpc-default-executor-0] INFO  impl.RaftServerProxy (RaftServerProxy.java:addNew(89)) - 154b23c8-147d-4903-89d2-8045c7557393: addNew group-97C719019643:[632d1f61-1fb0-4a9b-a27f-4f3ee937db0d:192.168.157.246:46686, 792578c8-58d9-41cb-99fd-534993a904b7:192.168.157.246:34810, 154b23c8-147d-4903-89d2-8045c7557393:192.168.157.246:33226] returns group-97C719019643:java.util.concurrent.CompletableFuture@7e3d2ee6[Not completed]
2019-10-25 05:10:58,483 [grpc-default-executor-2] INFO  impl.RaftServerProxy (RaftServerProxy.java:addNew(89)) - 792578c8-58d9-41cb-99fd-534993a904b7: addNew group-97C719019643:[632d1f61-1fb0-4a9b-a27f-4f3ee937db0d:192.168.157.246:46686, 792578c8-58d9-41cb-99fd-534993a904b7:192.168.157.246:34810, 154b23c8-147d-4903-89d2-8045c7557393:192.168.157.246:33226] returns group-97C719019643:java.util.concurrent.CompletableFuture@4f29d48b[Not completed]
2019-10-25 05:10:58,483 [grpc-default-executor-1] INFO  impl.RaftServerProxy (RaftServerProxy.java:addNew(89)) - 632d1f61-1fb0-4a9b-a27f-4f3ee937db0d: addNew group-97C719019643:[632d1f61-1fb0-4a9b-a27f-4f3ee937db0d:192.168.157.246:46686, 792578c8-58d9-41cb-99fd-534993a904b7:192.168.157.246:34810, 154b23c8-147d-4903-89d2-8045c7557393:192.168.157.246:33226] returns group-97C719019643:java.util.concurrent.CompletableFuture@49947294[Not completed]
2019-10-25 05:10:58,486 [pool-27-thread-1] INFO  impl.RaftServerImpl (RaftServerImpl.java:<init>(98)) - 154b23c8-147d-4903-89d2-8045c7557393: new RaftServerImpl for group-97C719019643:[632d1f61-1fb0-4a9b-a27f-4f3ee937db0d:192.168.157.246:46686, 792578c8-58d9-41cb-99fd-534993a904b7:192.168.157.246:34810, 154b23c8-147d-4903-89d2-8045c7557393:192.168.157.246:33226] with ContainerStateMachine:uninitialized
2019-10-25 05:10:58,486 [pool-27-thread-1] INFO  server.RaftServerConfigKeys (ConfUtils.java:logGet(43)) - raft.server.rpc.timeout.min = 5s (custom)
2019-10-25 05:10:58,486 [pool-27-thread-1] INFO  server.RaftServerConfigKeys (ConfUtils.java:logGet(43)) - raft.server.rpc.timeout.max = 5200ms (custom)
2019-10-25 05:10:58,486 [pool-27-thread-1] INFO  server.RaftServerConfigKeys (ConfUtils.java:logGet(43)) - raft.server.rpcslowness.timeout = 1000s (custom)
2019-10-25 05:10:58,486 [pool-27-thread-1] INFO  server.RaftServerConfigKeys (ConfUtils.java:logGet(43)) - raft.server.sleep.deviation.threshold = 300 (default)
2019-10-25 05:10:58,487 [pool-27-thread-1] INFO  server.RaftServerConfigKeys (ConfUtils.java:logGet(43)) - raft.server.log.appender.install.snapshot.enabled = false (custom)
2019-10-25 05:10:58,487 [pool-37-thread-1] INFO  impl.RaftServerImpl (RaftServerImpl.java:<init>(98)) - 632d1f61-1fb0-4a9b-a27f-4f3ee937db0d: new RaftServerImpl for group-97C719019643:[632d1f61-1fb0-4a9b-a27f-4f3ee937db0d:192.168.157.246:46686, 792578c8-58d9-41cb-99fd-534993a904b7:192.168.157.246:34810, 154b23c8-147d-4903-89d2-8045c7557393:192.168.157.246:33226] with ContainerStateMachine:uninitialized
2019-10-25 05:10:58,487 [pool-27-thread-1] INFO  impl.RaftServerImpl (ServerState.java:<init>(103)) - 154b23c8-147d-4903-89d2-8045c7557393@group-97C719019643: ConfigurationManager, init=-1: [632d1f61-1fb0-4a9b-a27f-4f3ee937db0d:192.168.157.246:46686, 792578c8-58d9-41cb-99fd-534993a904b7:192.168.157.246:34810, 154b23c8-147d-4903-89d2-8045c7557393:192.168.157.246:33226], old=null, confs=<EMPTY_MAP>
2019-10-25 05:10:58,487 [pool-37-thread-1] INFO  server.RaftServerConfigKeys (ConfUtils.java:logGet(43)) - raft.server.rpc.timeout.min = 5s (custom)
2019-10-25 05:10:58,487 [pool-37-thread-1] INFO  server.RaftServerConfigKeys (ConfUtils.java:logGet(43)) - raft.server.rpc.timeout.max = 5200ms (custom)
2019-10-25 05:10:58,487 [pool-27-thread-1] INFO  server.RaftServerConfigKeys (ConfUtils.java:logGet(43)) - raft.server.storage.dir = [/workdir/hadoop-ozone/integration-test/target/test-dir/MiniOzoneClusterImpl-03c1ce70-80a7-4992-b672-f5473244ce42/datanode-0/data/ratis] (custom)
2019-10-25 05:10:58,487 [pool-37-thread-1] INFO  server.RaftServerConfigKeys (ConfUtils.java:logGet(43)) - raft.server.rpcslowness.timeout = 1000s (custom)
2019-10-25 05:10:58,488 [pool-37-thread-1] INFO  server.RaftServerConfigKeys (ConfUtils.java:logGet(43)) - raft.server.sleep.deviation.threshold = 300 (default)
2019-10-25 05:10:58,488 [pool-27-thread-1] INFO  server.RaftServerConfigKeys (ConfUtils.java:logGet(43)) - raft.server.log.corruption.policy = EXCEPTION (default)
2019-10-25 05:10:58,488 [pool-37-thread-1] INFO  server.RaftServerConfigKeys (ConfUtils.java:logGet(43)) - raft.server.log.appender.install.snapshot.enabled = false (custom)
2019-10-25 05:10:58,488 [pool-47-thread-1] INFO  impl.RaftServerImpl (RaftServerImpl.java:<init>(98)) - 792578c8-58d9-41cb-99fd-534993a904b7: new RaftServerImpl for group-97C719019643:[632d1f61-1fb0-4a9b-a27f-4f3ee937db0d:192.168.157.246:46686, 792578c8-58d9-41cb-99fd-534993a904b7:192.168.157.246:34810, 154b23c8-147d-4903-89d2-8045c7557393:192.168.157.246:33226] with ContainerStateMachine:uninitialized
2019-10-25 05:10:58,488 [pool-37-thread-1] INFO  impl.RaftServerImpl (ServerState.java:<init>(103)) - 632d1f61-1fb0-4a9b-a27f-4f3ee937db0d@group-97C719019643: ConfigurationManager, init=-1: [632d1f61-1fb0-4a9b-a27f-4f3ee937db0d:192.168.157.246:46686, 792578c8-58d9-41cb-99fd-534993a904b7:192.168.157.246:34810, 154b23c8-147d-4903-89d2-8045c7557393:192.168.157.246:33226], old=null, confs=<EMPTY_MAP>
2019-10-25 05:10:58,488 [pool-27-thread-1] INFO  storage.RaftStorageDirectory (RaftStorageDirectory.java:analyzeStorage(246)) - The storage directory /workdir/hadoop-ozone/integration-test/target/test-dir/MiniOzoneClusterImpl-03c1ce70-80a7-4992-b672-f5473244ce42/datanode-0/data/ratis/51c31d15-6363-40f4-9154-97c719019643 does not exist. Creating ...
2019-10-25 05:10:58,488 [pool-37-thread-1] INFO  server.RaftServerConfigKeys (ConfUtils.java:logGet(43)) - raft.server.storage.dir = [/workdir/hadoop-ozone/integration-test/target/test-dir/MiniOzoneClusterImpl-03c1ce70-80a7-4992-b672-f5473244ce42/datanode-1/data/ratis] (custom)
2019-10-25 05:10:58,488 [pool-47-thread-1] INFO  server.RaftServerConfigKeys (ConfUtils.java:logGet(43)) - raft.server.rpc.timeout.min = 5s (custom)
2019-10-25 05:10:58,489 [pool-47-thread-1] INFO  server.RaftServerConfigKeys (ConfUtils.java:logGet(43)) - raft.server.rpc.timeout.max = 5200ms (custom)
2019-10-25 05:10:58,489 [pool-37-thread-1] INFO  server.RaftServerConfigKeys (ConfUtils.java:logGet(43)) - raft.server.log.corruption.policy = EXCEPTION (default)
2019-10-25 05:10:58,489 [pool-47-thread-1] INFO  server.RaftServerConfigKeys (ConfUtils.java:logGet(43)) - raft.server.rpcslowness.timeout = 1000s (custom)
2019-10-25 05:10:58,489 [pool-37-thread-1] INFO  storage.RaftStorageDirectory (RaftStorageDirectory.java:analyzeStorage(246)) - The storage directory /workdir/hadoop-ozone/integration-test/target/test-dir/MiniOzoneClusterImpl-03c1ce70-80a7-4992-b672-f5473244ce42/datanode-1/data/ratis/51c31d15-6363-40f4-9154-97c719019643 does not exist. Creating ...
2019-10-25 05:10:58,489 [pool-47-thread-1] INFO  server.RaftServerConfigKeys (ConfUtils.java:logGet(43)) - raft.server.sleep.deviation.threshold = 300 (default)
2019-10-25 05:10:58,489 [pool-47-thread-1] INFO  server.RaftServerConfigKeys (ConfUtils.java:logGet(43)) - raft.server.log.appender.install.snapshot.enabled = false (custom)
2019-10-25 05:10:58,490 [pool-47-thread-1] INFO  impl.RaftServerImpl (ServerState.java:<init>(103)) - 792578c8-58d9-41cb-99fd-534993a904b7@group-97C719019643: ConfigurationManager, init=-1: [632d1f61-1fb0-4a9b-a27f-4f3ee937db0d:192.168.157.246:46686, 792578c8-58d9-41cb-99fd-534993a904b7:192.168.157.246:34810, 154b23c8-147d-4903-89d2-8045c7557393:192.168.157.246:33226], old=null, confs=<EMPTY_MAP>
2019-10-25 05:10:58,490 [pool-47-thread-1] INFO  server.RaftServerConfigKeys (ConfUtils.java:logGet(43)) - raft.server.storage.dir = [/workdir/hadoop-ozone/integration-test/target/test-dir/MiniOzoneClusterImpl-03c1ce70-80a7-4992-b672-f5473244ce42/datanode-2/data/ratis] (custom)
2019-10-25 05:10:58,490 [pool-47-thread-1] INFO  server.RaftServerConfigKeys (ConfUtils.java:logGet(43)) - raft.server.log.corruption.policy = EXCEPTION (default)
2019-10-25 05:10:58,491 [pool-47-thread-1] INFO  storage.RaftStorageDirectory (RaftStorageDirectory.java:analyzeStorage(246)) - The storage directory /workdir/hadoop-ozone/integration-test/target/test-dir/MiniOzoneClusterImpl-03c1ce70-80a7-4992-b672-f5473244ce42/datanode-2/data/ratis/51c31d15-6363-40f4-9154-97c719019643 does not exist. Creating ...
2019-10-25 05:10:58,503 [pool-37-thread-1] INFO  storage.RaftStorageDirectory (RaftStorageDirectory.java:tryLock(328)) - Lock on /workdir/hadoop-ozone/integration-test/target/test-dir/MiniOzoneClusterImpl-03c1ce70-80a7-4992-b672-f5473244ce42/datanode-1/data/ratis/51c31d15-6363-40f4-9154-97c719019643/in_use.lock acquired by nodename 3948@pr-hdds-1868-bb2j8-1277741604
2019-10-25 05:10:58,503 [pool-27-thread-1] INFO  storage.RaftStorageDirectory (RaftStorageDirectory.java:tryLock(328)) - Lock on /workdir/hadoop-ozone/integration-test/target/test-dir/MiniOzoneClusterImpl-03c1ce70-80a7-4992-b672-f5473244ce42/datanode-0/data/ratis/51c31d15-6363-40f4-9154-97c719019643/in_use.lock acquired by nodename 3948@pr-hdds-1868-bb2j8-1277741604
2019-10-25 05:10:58,503 [pool-47-thread-1] INFO  storage.RaftStorageDirectory (RaftStorageDirectory.java:tryLock(328)) - Lock on /workdir/hadoop-ozone/integration-test/target/test-dir/MiniOzoneClusterImpl-03c1ce70-80a7-4992-b672-f5473244ce42/datanode-2/data/ratis/51c31d15-6363-40f4-9154-97c719019643/in_use.lock acquired by nodename 3948@pr-hdds-1868-bb2j8-1277741604
2019-10-25 05:10:58,517 [pool-47-thread-1] INFO  storage.RaftStorage (RaftStorage.java:format(84)) - Storage directory /workdir/hadoop-ozone/integration-test/target/test-dir/MiniOzoneClusterImpl-03c1ce70-80a7-4992-b672-f5473244ce42/datanode-2/data/ratis/51c31d15-6363-40f4-9154-97c719019643 has been successfully formatted.
2019-10-25 05:10:58,517 [pool-37-thread-1] INFO  storage.RaftStorage (RaftStorage.java:format(84)) - Storage directory /workdir/hadoop-ozone/integration-test/target/test-dir/MiniOzoneClusterImpl-03c1ce70-80a7-4992-b672-f5473244ce42/datanode-1/data/ratis/51c31d15-6363-40f4-9154-97c719019643 has been successfully formatted.
2019-10-25 05:10:58,517 [pool-27-thread-1] INFO  storage.RaftStorage (RaftStorage.java:format(84)) - Storage directory /workdir/hadoop-ozone/integration-test/target/test-dir/MiniOzoneClusterImpl-03c1ce70-80a7-4992-b672-f5473244ce42/datanode-0/data/ratis/51c31d15-6363-40f4-9154-97c719019643 has been successfully formatted.
2019-10-25 05:10:58,517 [pool-37-thread-1] INFO  ratis.ContainerStateMachine (ContainerStateMachine.java:loadSnapshot(233)) - group-97C719019643: The snapshot info is null. Setting the last applied indexto:(t:0, i:~)
2019-10-25 05:10:58,517 [pool-47-thread-1] INFO  ratis.ContainerStateMachine (ContainerStateMachine.java:loadSnapshot(233)) - group-97C719019643: The snapshot info is null. Setting the last applied indexto:(t:0, i:~)
2019-10-25 05:10:58,518 [pool-37-thread-1] INFO  server.RaftServerConfigKeys (ConfUtils.java:logGet(43)) - raft.server.notification.no-leader.timeout = 1000s (custom)
2019-10-25 05:10:58,518 [pool-27-thread-1] INFO  ratis.ContainerStateMachine (ContainerStateMachine.java:loadSnapshot(233)) - group-97C719019643: The snapshot info is null. Setting the last applied indexto:(t:0, i:~)
2019-10-25 05:10:58,518 [pool-37-thread-1] INFO  server.RaftServerConfigKeys (ConfUtils.java:logGet(43)) - raft.server.log.use.memory = false (default)
2019-10-25 05:10:58,518 [pool-47-thread-1] INFO  server.RaftServerConfigKeys (ConfUtils.java:logGet(43)) - raft.server.notification.no-leader.timeout = 1000s (custom)
2019-10-25 05:10:58,518 [pool-37-thread-1] INFO  server.RaftServerConfigKeys (ConfUtils.java:logGet(43)) - raft.server.log.purge.gap = 1000000 (custom)
2019-10-25 05:10:58,518 [pool-27-thread-1] INFO  server.RaftServerConfigKeys (ConfUtils.java:logGet(43)) - raft.server.notification.no-leader.timeout = 1000s (custom)
2019-10-25 05:10:58,519 [pool-37-thread-1] INFO  server.RaftServerConfigKeys (ConfUtils.java:logGet(43)) - raft.server.log.appender.buffer.byte-limit = 33554432 (custom)
2019-10-25 05:10:58,518 [pool-47-thread-1] INFO  server.RaftServerConfigKeys (ConfUtils.java:logGet(43)) - raft.server.log.use.memory = false (default)
2019-10-25 05:10:58,519 [pool-37-thread-1] INFO  server.RaftServerConfigKeys (ConfUtils.java:logGet(43)) - raft.server.log.segment.size.max = 1048576 (custom)
2019-10-25 05:10:58,519 [pool-27-thread-1] INFO  server.RaftServerConfigKeys (ConfUtils.java:logGet(43)) - raft.server.log.use.memory = false (default)
2019-10-25 05:10:58,519 [pool-37-thread-1] INFO  server.RaftServerConfigKeys (ConfUtils.java:logGet(43)) - raft.server.log.segment.cache.num.max = 2 (custom)
2019-10-25 05:10:58,519 [pool-47-thread-1] INFO  server.RaftServerConfigKeys (ConfUtils.java:logGet(43)) - raft.server.log.purge.gap = 1000000 (custom)
2019-10-25 05:10:58,520 [pool-37-thread-1] INFO  segmented.SegmentedRaftLogWorker (SegmentedRaftLogWorker.java:<init>(173)) - new 632d1f61-1fb0-4a9b-a27f-4f3ee937db0d@group-97C719019643-SegmentedRaftLogWorker for RaftStorage:Storage Directory /workdir/hadoop-ozone/integration-test/target/test-dir/MiniOzoneClusterImpl-03c1ce70-80a7-4992-b672-f5473244ce42/datanode-1/data/ratis/51c31d15-6363-40f4-9154-97c719019643
2019-10-25 05:10:58,519 [pool-27-thread-1] INFO  server.RaftServerConfigKeys (ConfUtils.java:logGet(43)) - raft.server.log.purge.gap = 1000000 (custom)
2019-10-25 05:10:58,520 [pool-37-thread-1] INFO  server.RaftServerConfigKeys (ConfUtils.java:logGet(43)) - raft.server.log.queue.byte-limit = 2147483647 (custom)
2019-10-25 05:10:58,520 [pool-47-thread-1] INFO  server.RaftServerConfigKeys (ConfUtils.java:logGet(43)) - raft.server.log.appender.buffer.byte-limit = 33554432 (custom)
2019-10-25 05:10:58,520 [pool-37-thread-1] INFO  server.RaftServerConfigKeys (ConfUtils.java:logGet(43)) - raft.server.log.queue.element-limit = 1024 (custom)
2019-10-25 05:10:58,520 [pool-27-thread-1] INFO  server.RaftServerConfigKeys (ConfUtils.java:logGet(43)) - raft.server.log.appender.buffer.byte-limit = 33554432 (custom)
2019-10-25 05:10:58,520 [pool-37-thread-1] INFO  server.RaftServerConfigKeys (ConfUtils.java:logGet(43)) - raft.server.log.segment.size.max = 1048576 (custom)
2019-10-25 05:10:58,520 [pool-47-thread-1] INFO  server.RaftServerConfigKeys (ConfUtils.java:logGet(43)) - raft.server.log.segment.size.max = 1048576 (custom)
2019-10-25 05:10:58,521 [pool-37-thread-1] INFO  server.RaftServerConfigKeys (ConfUtils.java:logGet(43)) - raft.server.log.preallocated.size = 16384 (custom)
2019-10-25 05:10:58,521 [pool-27-thread-1] INFO  server.RaftServerConfigKeys (ConfUtils.java:logGet(43)) - raft.server.log.segment.size.max = 1048576 (custom)
2019-10-25 05:10:58,521 [pool-37-thread-1] INFO  server.RaftServerConfigKeys (ConfUtils.java:logGet(43)) - raft.server.log.write.buffer.size = 33554432 (custom)
2019-10-25 05:10:58,521 [pool-27-thread-1] INFO  server.RaftServerConfigKeys (ConfUtils.java:logGet(43)) - raft.server.log.segment.cache.num.max = 2 (custom)
2019-10-25 05:10:58,521 [pool-47-thread-1] INFO  server.RaftServerConfigKeys (ConfUtils.java:logGet(43)) - raft.server.log.segment.cache.num.max = 2 (custom)
2019-10-25 05:10:58,521 [pool-27-thread-1] INFO  segmented.SegmentedRaftLogWorker (SegmentedRaftLogWorker.java:<init>(173)) - new 154b23c8-147d-4903-89d2-8045c7557393@group-97C719019643-SegmentedRaftLogWorker for RaftStorage:Storage Directory /workdir/hadoop-ozone/integration-test/target/test-dir/MiniOzoneClusterImpl-03c1ce70-80a7-4992-b672-f5473244ce42/datanode-0/data/ratis/51c31d15-6363-40f4-9154-97c719019643
2019-10-25 05:10:58,521 [pool-37-thread-1] INFO  server.RaftServerConfigKeys (ConfUtils.java:logGet(43)) - raft.server.log.force.sync.num = 128 (default)
2019-10-25 05:10:58,522 [pool-27-thread-1] INFO  server.RaftServerConfigKeys (ConfUtils.java:logGet(43)) - raft.server.log.queue.byte-limit = 2147483647 (custom)
2019-10-25 05:10:58,522 [pool-47-thread-1] INFO  segmented.SegmentedRaftLogWorker (SegmentedRaftLogWorker.java:<init>(173)) - new 792578c8-58d9-41cb-99fd-534993a904b7@group-97C719019643-SegmentedRaftLogWorker for RaftStorage:Storage Directory /workdir/hadoop-ozone/integration-test/target/test-dir/MiniOzoneClusterImpl-03c1ce70-80a7-4992-b672-f5473244ce42/datanode-2/data/ratis/51c31d15-6363-40f4-9154-97c719019643
2019-10-25 05:10:58,522 [pool-27-thread-1] INFO  server.RaftServerConfigKeys (ConfUtils.java:logGet(43)) - raft.server.log.queue.element-limit = 1024 (custom)
2019-10-25 05:10:58,522 [pool-37-thread-1] INFO  server.RaftServerConfigKeys (ConfUtils.java:logGet(43)) - raft.server.log.statemachine.data.sync = true (default)
2019-10-25 05:10:58,522 [pool-27-thread-1] INFO  server.RaftServerConfigKeys (ConfUtils.java:logGet(43)) - raft.server.log.segment.size.max = 1048576 (custom)
2019-10-25 05:10:58,522 [pool-47-thread-1] INFO  server.RaftServerConfigKeys (ConfUtils.java:logGet(43)) - raft.server.log.queue.byte-limit = 2147483647 (custom)
2019-10-25 05:10:58,523 [pool-27-thread-1] INFO  server.RaftServerConfigKeys (ConfUtils.java:logGet(43)) - raft.server.log.preallocated.size = 16384 (custom)
2019-10-25 05:10:58,523 [pool-37-thread-1] INFO  server.RaftServerConfigKeys (ConfUtils.java:logGet(43)) - raft.server.log.statemachine.data.sync.timeout = 10s (default)
2019-10-25 05:10:58,523 [pool-27-thread-1] INFO  server.RaftServerConfigKeys (ConfUtils.java:logGet(43)) - raft.server.log.write.buffer.size = 33554432 (custom)
2019-10-25 05:10:58,523 [pool-47-thread-1] INFO  server.RaftServerConfigKeys (ConfUtils.java:logGet(43)) - raft.server.log.queue.element-limit = 1024 (custom)
2019-10-25 05:10:58,523 [pool-27-thread-1] INFO  server.RaftServerConfigKeys (ConfUtils.java:logGet(43)) - raft.server.log.force.sync.num = 128 (default)
2019-10-25 05:10:58,523 [pool-37-thread-1] INFO  server.RaftServerConfigKeys (ConfUtils.java:logGet(43)) - raft.server.log.statemachine.data.sync.timeout.retry = -1 (default)
2019-10-25 05:10:58,524 [pool-27-thread-1] INFO  server.RaftServerConfigKeys (ConfUtils.java:logGet(43)) - raft.server.log.statemachine.data.sync = true (default)
2019-10-25 05:10:58,523 [pool-47-thread-1] INFO  server.RaftServerConfigKeys (ConfUtils.java:logGet(43)) - raft.server.log.segment.size.max = 1048576 (custom)
2019-10-25 05:10:58,524 [pool-37-thread-1] INFO  server.RaftServerConfigKeys (ConfUtils.java:logGet(43)) - raft.server.log.statemachine.data.caching.enabled = true (custom)
2019-10-25 05:10:58,524 [pool-27-thread-1] INFO  server.RaftServerConfigKeys (ConfUtils.java:logGet(43)) - raft.server.log.statemachine.data.sync.timeout = 10s (default)
2019-10-25 05:10:58,524 [pool-47-thread-1] INFO  server.RaftServerConfigKeys (ConfUtils.java:logGet(43)) - raft.server.log.preallocated.size = 16384 (custom)
2019-10-25 05:10:58,524 [pool-37-thread-1] INFO  segmented.SegmentedRaftLogWorker (SegmentedRaftLogWorker.java:lambda$new$0(128)) - 632d1f61-1fb0-4a9b-a27f-4f3ee937db0d@group-97C719019643-SegmentedRaftLogWorker: flushIndex: setUnconditionally 0 -> -1
2019-10-25 05:10:58,524 [pool-27-thread-1] INFO  server.RaftServerConfigKeys (ConfUtils.java:logGet(43)) - raft.server.log.statemachine.data.sync.timeout.retry = -1 (default)
2019-10-25 05:10:58,525 [pool-47-thread-1] INFO  server.RaftServerConfigKeys (ConfUtils.java:logGet(43)) - raft.server.log.write.buffer.size = 33554432 (custom)
2019-10-25 05:10:58,525 [pool-37-thread-1] INFO  server.RaftServerConfigKeys (ConfUtils.java:logGet(43)) - raft.server.snapshot.auto.trigger.enabled = true (custom)
2019-10-25 05:10:58,525 [pool-47-thread-1] INFO  server.RaftServerConfigKeys (ConfUtils.java:logGet(43)) - raft.server.log.force.sync.num = 128 (default)
2019-10-25 05:10:58,525 [pool-27-thread-1] INFO  server.RaftServerConfigKeys (ConfUtils.java:logGet(43)) - raft.server.log.statemachine.data.caching.enabled = true (custom)
2019-10-25 05:10:58,525 [pool-47-thread-1] INFO  server.RaftServerConfigKeys (ConfUtils.java:logGet(43)) - raft.server.log.statemachine.data.sync = true (default)
2019-10-25 05:10:58,525 [pool-37-thread-1] INFO  server.RaftServerConfigKeys (ConfUtils.java:logGet(43)) - raft.server.snapshot.auto.trigger.threshold = 10000 (custom)
2019-10-25 05:10:58,526 [pool-47-thread-1] INFO  server.RaftServerConfigKeys (ConfUtils.java:logGet(43)) - raft.server.log.statemachine.data.sync.timeout = 10s (default)
2019-10-25 05:10:58,526 [pool-27-thread-1] INFO  segmented.SegmentedRaftLogWorker (SegmentedRaftLogWorker.java:lambda$new$0(128)) - 154b23c8-147d-4903-89d2-8045c7557393@group-97C719019643-SegmentedRaftLogWorker: flushIndex: setUnconditionally 0 -> -1
2019-10-25 05:10:58,526 [pool-47-thread-1] INFO  server.RaftServerConfigKeys (ConfUtils.java:logGet(43)) - raft.server.log.statemachine.data.sync.timeout.retry = -1 (default)
2019-10-25 05:10:58,526 [pool-37-thread-1] INFO  server.RaftServerConfigKeys (ConfUtils.java:logGet(43)) - raft.server.snapshot.retention.file.num = 5 (custom)
2019-10-25 05:10:58,526 [pool-47-thread-1] INFO  server.RaftServerConfigKeys (ConfUtils.java:logGet(43)) - raft.server.log.statemachine.data.caching.enabled = true (custom)
2019-10-25 05:10:58,527 [pool-37-thread-1] INFO  server.RaftServerConfigKeys (ConfUtils.java:logGet(43)) - raft.server.retrycache.expirytime = 600000ms (custom)
2019-10-25 05:10:58,526 [pool-27-thread-1] INFO  server.RaftServerConfigKeys (ConfUtils.java:logGet(43)) - raft.server.snapshot.auto.trigger.enabled = true (custom)
2019-10-25 05:10:58,527 [pool-37-thread-1] WARN  impl.MetricRegistriesImpl (MetricRegistriesImpl.java:lambda$create$1(61)) - First MetricRegistry has been created without registering reporters. You may need to call MetricRegistries.global().addReportRegistration(...) before.
2019-10-25 05:10:58,527 [pool-47-thread-1] INFO  segmented.SegmentedRaftLogWorker (SegmentedRaftLogWorker.java:lambda$new$0(128)) - 792578c8-58d9-41cb-99fd-534993a904b7@group-97C719019643-SegmentedRaftLogWorker: flushIndex: setUnconditionally 0 -> -1
2019-10-25 05:10:58,527 [pool-37-thread-1] WARN  impl.MetricRegistriesImpl (MetricRegistriesImpl.java:lambda$create$1(61)) - First MetricRegistry has been created without registering reporters. You may need to call MetricRegistries.global().addReportRegistration(...) before.
2019-10-25 05:10:58,527 [pool-27-thread-1] INFO  server.RaftServerConfigKeys (ConfUtils.java:logGet(43)) - raft.server.snapshot.auto.trigger.threshold = 10000 (custom)
2019-10-25 05:10:58,528 [pool-47-thread-1] INFO  server.RaftServerConfigKeys (ConfUtils.java:logGet(43)) - raft.server.snapshot.auto.trigger.enabled = true (custom)
2019-10-25 05:10:58,528 [pool-27-thread-1] INFO  server.RaftServerConfigKeys (ConfUtils.java:logGet(43)) - raft.server.snapshot.retention.file.num = 5 (custom)
2019-10-25 05:10:58,528 [pool-37-thread-1] INFO  impl.RaftServerImpl (RaftServerImpl.java:start(184)) - 632d1f61-1fb0-4a9b-a27f-4f3ee937db0d@group-97C719019643: start as a follower, conf=-1: [632d1f61-1fb0-4a9b-a27f-4f3ee937db0d:192.168.157.246:46686, 792578c8-58d9-41cb-99fd-534993a904b7:192.168.157.246:34810, 154b23c8-147d-4903-89d2-8045c7557393:192.168.157.246:33226], old=null
2019-10-25 05:10:58,528 [pool-27-thread-1] INFO  server.RaftServerConfigKeys (ConfUtils.java:logGet(43)) - raft.server.retrycache.expirytime = 600000ms (custom)
2019-10-25 05:10:58,528 [pool-47-thread-1] INFO  server.RaftServerConfigKeys (ConfUtils.java:logGet(43)) - raft.server.snapshot.auto.trigger.threshold = 10000 (custom)
2019-10-25 05:10:58,528 [pool-27-thread-1] WARN  impl.MetricRegistriesImpl (MetricRegistriesImpl.java:lambda$create$1(61)) - First MetricRegistry has been created without registering reporters. You may need to call MetricRegistries.global().addReportRegistration(...) before.
2019-10-25 05:10:58,528 [pool-37-thread-1] INFO  impl.RaftServerImpl (RaftServerImpl.java:setRole(173)) - 632d1f61-1fb0-4a9b-a27f-4f3ee937db0d@group-97C719019643: changes role from      null to FOLLOWER at term 0 for startAsFollower
2019-10-25 05:10:58,529 [pool-27-thread-1] WARN  impl.MetricRegistriesImpl (MetricRegistriesImpl.java:lambda$create$1(61)) - First MetricRegistry has been created without registering reporters. You may need to call MetricRegistries.global().addReportRegistration(...) before.
2019-10-25 05:10:58,529 [pool-47-thread-1] INFO  server.RaftServerConfigKeys (ConfUtils.java:logGet(43)) - raft.server.snapshot.retention.file.num = 5 (custom)
2019-10-25 05:10:58,529 [pool-37-thread-1] INFO  impl.RoleInfo (RoleInfo.java:updateAndGet(143)) - 632d1f61-1fb0-4a9b-a27f-4f3ee937db0d: start FollowerState
2019-10-25 05:10:58,529 [pool-27-thread-1] INFO  impl.RaftServerImpl (RaftServerImpl.java:start(184)) - 154b23c8-147d-4903-89d2-8045c7557393@group-97C719019643: start as a follower, conf=-1: [632d1f61-1fb0-4a9b-a27f-4f3ee937db0d:192.168.157.246:46686, 792578c8-58d9-41cb-99fd-534993a904b7:192.168.157.246:34810, 154b23c8-147d-4903-89d2-8045c7557393:192.168.157.246:33226], old=null
2019-10-25 05:10:58,529 [pool-47-thread-1] INFO  server.RaftServerConfigKeys (ConfUtils.java:logGet(43)) - raft.server.retrycache.expirytime = 600000ms (custom)
2019-10-25 05:10:58,530 [pool-27-thread-1] INFO  impl.RaftServerImpl (RaftServerImpl.java:setRole(173)) - 154b23c8-147d-4903-89d2-8045c7557393@group-97C719019643: changes role from      null to FOLLOWER at term 0 for startAsFollower
2019-10-25 05:10:58,530 [pool-47-thread-1] WARN  impl.MetricRegistriesImpl (MetricRegistriesImpl.java:lambda$create$1(61)) - First MetricRegistry has been created without registering reporters. You may need to call MetricRegistries.global().addReportRegistration(...) before.
2019-10-25 05:10:58,530 [pool-27-thread-1] INFO  impl.RoleInfo (RoleInfo.java:updateAndGet(143)) - 154b23c8-147d-4903-89d2-8045c7557393: start FollowerState
2019-10-25 05:10:58,530 [pool-37-thread-1] INFO  util.JmxRegister (JmxRegister.java:tryRegister(44)) - Successfully registered JMX Bean with object name Ratis:service=RaftServer,group=group-97C719019643,id=632d1f61-1fb0-4a9b-a27f-4f3ee937db0d
2019-10-25 05:10:58,530 [pool-47-thread-1] WARN  impl.MetricRegistriesImpl (MetricRegistriesImpl.java:lambda$create$1(61)) - First MetricRegistry has been created without registering reporters. You may need to call MetricRegistries.global().addReportRegistration(...) before.
2019-10-25 05:10:58,530 [pool-37-thread-1] WARN  impl.MetricRegistriesImpl (MetricRegistriesImpl.java:lambda$create$1(61)) - First MetricRegistry has been created without registering reporters. You may need to call MetricRegistries.global().addReportRegistration(...) before.
2019-10-25 05:10:58,531 [pool-47-thread-1] INFO  impl.RaftServerImpl (RaftServerImpl.java:start(184)) - 792578c8-58d9-41cb-99fd-534993a904b7@group-97C719019643: start as a follower, conf=-1: [632d1f61-1fb0-4a9b-a27f-4f3ee937db0d:192.168.157.246:46686, 792578c8-58d9-41cb-99fd-534993a904b7:192.168.157.246:34810, 154b23c8-147d-4903-89d2-8045c7557393:192.168.157.246:33226], old=null
2019-10-25 05:10:58,530 [pool-27-thread-1] INFO  util.JmxRegister (JmxRegister.java:tryRegister(44)) - Successfully registered JMX Bean with object name Ratis:service=RaftServer,group=group-97C719019643,id=154b23c8-147d-4903-89d2-8045c7557393
2019-10-25 05:10:58,531 [pool-47-thread-1] INFO  impl.RaftServerImpl (RaftServerImpl.java:setRole(173)) - 792578c8-58d9-41cb-99fd-534993a904b7@group-97C719019643: changes role from      null to FOLLOWER at term 0 for startAsFollower
2019-10-25 05:10:58,531 [pool-27-thread-1] WARN  impl.MetricRegistriesImpl (MetricRegistriesImpl.java:lambda$create$1(61)) - First MetricRegistry has been created without registering reporters. You may need to call MetricRegistries.global().addReportRegistration(...) before.
2019-10-25 05:10:58,531 [pool-47-thread-1] INFO  impl.RoleInfo (RoleInfo.java:updateAndGet(143)) - 792578c8-58d9-41cb-99fd-534993a904b7: start FollowerState
2019-10-25 05:10:58,532 [pool-47-thread-1] INFO  util.JmxRegister (JmxRegister.java:tryRegister(44)) - Successfully registered JMX Bean with object name Ratis:service=RaftServer,group=group-97C719019643,id=792578c8-58d9-41cb-99fd-534993a904b7
2019-10-25 05:10:58,532 [pool-47-thread-1] WARN  impl.MetricRegistriesImpl (MetricRegistriesImpl.java:lambda$create$1(61)) - First MetricRegistry has been created without registering reporters. You may need to call MetricRegistries.global().addReportRegistration(...) before.
2019-10-25 05:10:58,551 [RatisPipelineUtilsThread] INFO  pipeline.PipelineStateManager (PipelineStateManager.java:addPipeline(55)) - Created pipeline Pipeline[ Id: 51c31d15-6363-40f4-9154-97c719019643, Nodes: 792578c8-58d9-41cb-99fd-534993a904b7{ip: 192.168.157.246, host: pr-hdds-1868-bb2j8-1277741604, networkLocation: /default-rack, certSerialId: null}154b23c8-147d-4903-89d2-8045c7557393{ip: 192.168.157.246, host: pr-hdds-1868-bb2j8-1277741604, networkLocation: /default-rack, certSerialId: null}632d1f61-1fb0-4a9b-a27f-4f3ee937db0d{ip: 192.168.157.246, host: pr-hdds-1868-bb2j8-1277741604, networkLocation: /default-rack, certSerialId: null}, Type:RATIS, Factor:THREE, State:ALLOCATED]
2019-10-25 05:10:58,552 [Thread-181] INFO  pipeline.PipelineStateManager (PipelineStateManager.java:finalizePipeline(121)) - Pipeline Pipeline[ Id: 0746f104-840b-438a-860a-e4e7d0f569a6, Nodes: 632d1f61-1fb0-4a9b-a27f-4f3ee937db0d{ip: 192.168.157.246, host: pr-hdds-1868-bb2j8-1277741604, networkLocation: /default-rack, certSerialId: null}, Type:RATIS, Factor:ONE, State:CLOSED] moved to CLOSED state
2019-10-25 05:10:58,565 [grpc-default-executor-1] INFO  impl.RaftServerProxy (RaftServerProxy.java:remove(95)) - 632d1f61-1fb0-4a9b-a27f-4f3ee937db0d: remove  FOLLOWER 632d1f61-1fb0-4a9b-a27f-4f3ee937db0d@group-E4E7D0F569A6:t0, leader=null, voted=null, raftlog=632d1f61-1fb0-4a9b-a27f-4f3ee937db0d@group-E4E7D0F569A6-SegmentedRaftLog:OPENED:c-1,f-1,i0, conf=-1: [632d1f61-1fb0-4a9b-a27f-4f3ee937db0d:192.168.157.246:46686], old=null RUNNING
2019-10-25 05:10:58,567 [grpc-default-executor-1] INFO  impl.RaftServerImpl (RaftServerImpl.java:lambda$shutdown$3(250)) - 632d1f61-1fb0-4a9b-a27f-4f3ee937db0d@group-E4E7D0F569A6: shutdown
2019-10-25 05:10:58,567 [grpc-default-executor-1] INFO  util.JmxRegister (JmxRegister.java:unregister(73)) - Successfully un-registered JMX Bean with object name Ratis:service=RaftServer,group=group-E4E7D0F569A6,id=632d1f61-1fb0-4a9b-a27f-4f3ee937db0d
2019-10-25 05:10:58,567 [grpc-default-executor-1] INFO  impl.RoleInfo (RoleInfo.java:shutdownFollowerState(121)) - 632d1f61-1fb0-4a9b-a27f-4f3ee937db0d: shutdown FollowerState
2019-10-25 05:10:58,567 [grpc-default-executor-1] INFO  impl.StateMachineUpdater (StateMachineUpdater.java:stopAndJoin(136)) - 632d1f61-1fb0-4a9b-a27f-4f3ee937db0d@group-E4E7D0F569A6-StateMachineUpdater: set stopIndex = -1
2019-10-25 05:10:58,568 [Thread-192] INFO  impl.FollowerState (FollowerState.java:run(120)) - 632d1f61-1fb0-4a9b-a27f-4f3ee937db0d@group-E4E7D0F569A6-FollowerState was interrupted: java.lang.InterruptedException: sleep interrupted
2019-10-25 05:10:58,570 [grpc-default-executor-1] INFO  impl.RaftServerImpl (ServerState.java:close(387)) - 632d1f61-1fb0-4a9b-a27f-4f3ee937db0d@group-E4E7D0F569A6: closes. applyIndex: -1
2019-10-25 05:10:58,571 [632d1f61-1fb0-4a9b-a27f-4f3ee937db0d@group-E4E7D0F569A6-SegmentedRaftLogWorker] INFO  segmented.SegmentedRaftLogWorker (SegmentedRaftLogWorker.java:run(316)) - 632d1f61-1fb0-4a9b-a27f-4f3ee937db0d@group-E4E7D0F569A6-SegmentedRaftLogWorker was interrupted, exiting. There are 0 tasks remaining in the queue.
2019-10-25 05:10:58,571 [grpc-default-executor-1] INFO  segmented.SegmentedRaftLogWorker (SegmentedRaftLogWorker.java:close(224)) - 632d1f61-1fb0-4a9b-a27f-4f3ee937db0d@group-E4E7D0F569A6-SegmentedRaftLogWorker close()
2019-10-25 05:10:58,581 [Thread-181] INFO  pipeline.PipelineStateManager (PipelineStateManager.java:removePipeline(106)) - Pipeline Pipeline[ Id: 0746f104-840b-438a-860a-e4e7d0f569a6, Nodes: 632d1f61-1fb0-4a9b-a27f-4f3ee937db0d{ip: 192.168.157.246, host: pr-hdds-1868-bb2j8-1277741604, networkLocation: /default-rack, certSerialId: null}, Type:RATIS, Factor:ONE, State:CLOSED] removed from db
2019-10-25 05:10:58,582 [Thread-181] INFO  pipeline.SCMPipelineManager (SCMPipelineManager.java:finalizeAndDestroyPipeline(316)) - destroying pipeline:Pipeline[ Id: b6a1e5d2-5db9-4204-8528-4434287a85e7, Nodes: 154b23c8-147d-4903-89d2-8045c7557393{ip: 192.168.157.246, host: pr-hdds-1868-bb2j8-1277741604, networkLocation: /default-rack, certSerialId: null}, Type:RATIS, Factor:ONE, State:ALLOCATED]
2019-10-25 05:10:58,593 [grpc-default-executor-1] INFO  impl.RaftServerProxy (RaftServerProxy.java:addNew(89)) - 632d1f61-1fb0-4a9b-a27f-4f3ee937db0d: addNew group-E1777AD31C3D:[632d1f61-1fb0-4a9b-a27f-4f3ee937db0d:192.168.157.246:46686] returns group-E1777AD31C3D:java.util.concurrent.CompletableFuture@24ee03f3[Not completed]
2019-10-25 05:10:58,595 [pool-37-thread-1] INFO  impl.RaftServerImpl (RaftServerImpl.java:<init>(98)) - 632d1f61-1fb0-4a9b-a27f-4f3ee937db0d: new RaftServerImpl for group-E1777AD31C3D:[632d1f61-1fb0-4a9b-a27f-4f3ee937db0d:192.168.157.246:46686] with ContainerStateMachine:uninitialized
2019-10-25 05:10:58,595 [pool-37-thread-1] INFO  server.RaftServerConfigKeys (ConfUtils.java:logGet(43)) - raft.server.rpc.timeout.min = 5s (custom)
2019-10-25 05:10:58,595 [pool-37-thread-1] INFO  server.RaftServerConfigKeys (ConfUtils.java:logGet(43)) - raft.server.rpc.timeout.max = 5200ms (custom)
2019-10-25 05:10:58,596 [pool-37-thread-1] INFO  server.RaftServerConfigKeys (ConfUtils.java:logGet(43)) - raft.server.rpcslowness.timeout = 1000s (custom)
2019-10-25 05:10:58,596 [pool-37-thread-1] INFO  server.RaftServerConfigKeys (ConfUtils.java:logGet(43)) - raft.server.sleep.deviation.threshold = 300 (default)
2019-10-25 05:10:58,596 [pool-37-thread-1] INFO  server.RaftServerConfigKeys (ConfUtils.java:logGet(43)) - raft.server.log.appender.install.snapshot.enabled = false (custom)
2019-10-25 05:10:58,596 [pool-37-thread-1] INFO  impl.RaftServerImpl (ServerState.java:<init>(103)) - 632d1f61-1fb0-4a9b-a27f-4f3ee937db0d@group-E1777AD31C3D: ConfigurationManager, init=-1: [632d1f61-1fb0-4a9b-a27f-4f3ee937db0d:192.168.157.246:46686], old=null, confs=<EMPTY_MAP>
2019-10-25 05:10:58,596 [pool-37-thread-1] INFO  server.RaftServerConfigKeys (ConfUtils.java:logGet(43)) - raft.server.storage.dir = [/workdir/hadoop-ozone/integration-test/target/test-dir/MiniOzoneClusterImpl-03c1ce70-80a7-4992-b672-f5473244ce42/datanode-1/data/ratis] (custom)
2019-10-25 05:10:58,597 [pool-37-thread-1] INFO  server.RaftServerConfigKeys (ConfUtils.java:logGet(43)) - raft.server.log.corruption.policy = EXCEPTION (default)
2019-10-25 05:10:58,597 [pool-37-thread-1] INFO  storage.RaftStorageDirectory (RaftStorageDirectory.java:analyzeStorage(246)) - The storage directory /workdir/hadoop-ozone/integration-test/target/test-dir/MiniOzoneClusterImpl-03c1ce70-80a7-4992-b672-f5473244ce42/datanode-1/data/ratis/426e9ffc-d9d2-4905-9b05-e1777ad31c3d does not exist. Creating ...
2019-10-25 05:10:58,610 [pool-37-thread-1] INFO  storage.RaftStorageDirectory (RaftStorageDirectory.java:tryLock(328)) - Lock on /workdir/hadoop-ozone/integration-test/target/test-dir/MiniOzoneClusterImpl-03c1ce70-80a7-4992-b672-f5473244ce42/datanode-1/data/ratis/426e9ffc-d9d2-4905-9b05-e1777ad31c3d/in_use.lock acquired by nodename 3948@pr-hdds-1868-bb2j8-1277741604
2019-10-25 05:10:58,623 [pool-37-thread-1] INFO  storage.RaftStorage (RaftStorage.java:format(84)) - Storage directory /workdir/hadoop-ozone/integration-test/target/test-dir/MiniOzoneClusterImpl-03c1ce70-80a7-4992-b672-f5473244ce42/datanode-1/data/ratis/426e9ffc-d9d2-4905-9b05-e1777ad31c3d has been successfully formatted.
2019-10-25 05:10:58,624 [pool-37-thread-1] INFO  ratis.ContainerStateMachine (ContainerStateMachine.java:loadSnapshot(233)) - group-E1777AD31C3D: The snapshot info is null. Setting the last applied indexto:(t:0, i:~)
2019-10-25 05:10:58,624 [pool-37-thread-1] INFO  server.RaftServerConfigKeys (ConfUtils.java:logGet(43)) - raft.server.notification.no-leader.timeout = 1000s (custom)
2019-10-25 05:10:58,624 [pool-37-thread-1] INFO  server.RaftServerConfigKeys (ConfUtils.java:logGet(43)) - raft.server.log.use.memory = false (default)
2019-10-25 05:10:58,624 [pool-37-thread-1] INFO  server.RaftServerConfigKeys (ConfUtils.java:logGet(43)) - raft.server.log.purge.gap = 1000000 (custom)
2019-10-25 05:10:58,625 [pool-37-thread-1] INFO  server.RaftServerConfigKeys (ConfUtils.java:logGet(43)) - raft.server.log.appender.buffer.byte-limit = 33554432 (custom)
2019-10-25 05:10:58,625 [pool-37-thread-1] INFO  server.RaftServerConfigKeys (ConfUtils.java:logGet(43)) - raft.server.log.segment.size.max = 1048576 (custom)
2019-10-25 05:10:58,625 [pool-37-thread-1] INFO  server.RaftServerConfigKeys (ConfUtils.java:logGet(43)) - raft.server.log.segment.cache.num.max = 2 (custom)
2019-10-25 05:10:58,625 [pool-37-thread-1] INFO  segmented.SegmentedRaftLogWorker (SegmentedRaftLogWorker.java:<init>(173)) - new 632d1f61-1fb0-4a9b-a27f-4f3ee937db0d@group-E1777AD31C3D-SegmentedRaftLogWorker for RaftStorage:Storage Directory /workdir/hadoop-ozone/integration-test/target/test-dir/MiniOzoneClusterImpl-03c1ce70-80a7-4992-b672-f5473244ce42/datanode-1/data/ratis/426e9ffc-d9d2-4905-9b05-e1777ad31c3d
2019-10-25 05:10:58,625 [pool-37-thread-1] INFO  server.RaftServerConfigKeys (ConfUtils.java:logGet(43)) - raft.server.log.queue.byte-limit = 2147483647 (custom)
2019-10-25 05:10:58,625 [pool-37-thread-1] INFO  server.RaftServerConfigKeys (ConfUtils.java:logGet(43)) - raft.server.log.queue.element-limit = 1024 (custom)
2019-10-25 05:10:58,626 [pool-37-thread-1] INFO  server.RaftServerConfigKeys (ConfUtils.java:logGet(43)) - raft.server.log.segment.size.max = 1048576 (custom)
2019-10-25 05:10:58,626 [pool-37-thread-1] INFO  server.RaftServerConfigKeys (ConfUtils.java:logGet(43)) - raft.server.log.preallocated.size = 16384 (custom)
2019-10-25 05:10:58,626 [pool-37-thread-1] INFO  server.RaftServerConfigKeys (ConfUtils.java:logGet(43)) - raft.server.log.write.buffer.size = 33554432 (custom)
2019-10-25 05:10:58,626 [pool-37-thread-1] INFO  server.RaftServerConfigKeys (ConfUtils.java:logGet(43)) - raft.server.log.force.sync.num = 128 (default)
2019-10-25 05:10:58,626 [pool-37-thread-1] INFO  server.RaftServerConfigKeys (ConfUtils.java:logGet(43)) - raft.server.log.statemachine.data.sync = true (default)
2019-10-25 05:10:58,626 [pool-37-thread-1] INFO  server.RaftServerConfigKeys (ConfUtils.java:logGet(43)) - raft.server.log.statemachine.data.sync.timeout = 10s (default)
2019-10-25 05:10:58,626 [pool-37-thread-1] INFO  server.RaftServerConfigKeys (ConfUtils.java:logGet(43)) - raft.server.log.statemachine.data.sync.timeout.retry = -1 (default)
2019-10-25 05:10:58,627 [pool-37-thread-1] INFO  server.RaftServerConfigKeys (ConfUtils.java:logGet(43)) - raft.server.log.statemachine.data.caching.enabled = true (custom)
2019-10-25 05:10:58,627 [pool-37-thread-1] INFO  segmented.SegmentedRaftLogWorker (SegmentedRaftLogWorker.java:lambda$new$0(128)) - 632d1f61-1fb0-4a9b-a27f-4f3ee937db0d@group-E1777AD31C3D-SegmentedRaftLogWorker: flushIndex: setUnconditionally 0 -> -1
2019-10-25 05:10:58,628 [pool-37-thread-1] INFO  server.RaftServerConfigKeys (ConfUtils.java:logGet(43)) - raft.server.snapshot.auto.trigger.enabled = true (custom)
2019-10-25 05:10:58,628 [pool-37-thread-1] INFO  server.RaftServerConfigKeys (ConfUtils.java:logGet(43)) - raft.server.snapshot.auto.trigger.threshold = 10000 (custom)
2019-10-25 05:10:58,628 [pool-37-thread-1] INFO  server.RaftServerConfigKeys (ConfUtils.java:logGet(43)) - raft.server.snapshot.retention.file.num = 5 (custom)
2019-10-25 05:10:58,628 [pool-37-thread-1] INFO  server.RaftServerConfigKeys (ConfUtils.java:logGet(43)) - raft.server.retrycache.expirytime = 600000ms (custom)
2019-10-25 05:10:58,628 [pool-37-thread-1] WARN  impl.MetricRegistriesImpl (MetricRegistriesImpl.java:lambda$create$1(61)) - First MetricRegistry has been created without registering reporters. You may need to call MetricRegistries.global().addReportRegistration(...) before.
2019-10-25 05:10:58,629 [pool-37-thread-1] WARN  impl.MetricRegistriesImpl (MetricRegistriesImpl.java:lambda$create$1(61)) - First MetricRegistry has been created without registering reporters. You may need to call MetricRegistries.global().addReportRegistration(...) before.
2019-10-25 05:10:58,629 [pool-37-thread-1] INFO  impl.RaftServerImpl (RaftServerImpl.java:start(184)) - 632d1f61-1fb0-4a9b-a27f-4f3ee937db0d@group-E1777AD31C3D: start as a follower, conf=-1: [632d1f61-1fb0-4a9b-a27f-4f3ee937db0d:192.168.157.246:46686], old=null
2019-10-25 05:10:58,629 [pool-37-thread-1] INFO  impl.RaftServerImpl (RaftServerImpl.java:setRole(173)) - 632d1f61-1fb0-4a9b-a27f-4f3ee937db0d@group-E1777AD31C3D: changes role from      null to FOLLOWER at term 0 for startAsFollower
2019-10-25 05:10:58,629 [pool-37-thread-1] INFO  impl.RoleInfo (RoleInfo.java:updateAndGet(143)) - 632d1f61-1fb0-4a9b-a27f-4f3ee937db0d: start FollowerState
2019-10-25 05:10:58,630 [pool-37-thread-1] INFO  util.JmxRegister (JmxRegister.java:tryRegister(44)) - Successfully registered JMX Bean with object name Ratis:service=RaftServer,group=group-E1777AD31C3D,id=632d1f61-1fb0-4a9b-a27f-4f3ee937db0d
2019-10-25 05:10:58,630 [pool-37-thread-1] WARN  impl.MetricRegistriesImpl (MetricRegistriesImpl.java:lambda$create$1(61)) - First MetricRegistry has been created without registering reporters. You may need to call MetricRegistries.global().addReportRegistration(...) before.
2019-10-25 05:10:58,639 [RatisPipelineUtilsThread] INFO  pipeline.PipelineStateManager (PipelineStateManager.java:addPipeline(55)) - Created pipeline Pipeline[ Id: 426e9ffc-d9d2-4905-9b05-e1777ad31c3d, Nodes: 632d1f61-1fb0-4a9b-a27f-4f3ee937db0d{ip: 192.168.157.246, host: pr-hdds-1868-bb2j8-1277741604, networkLocation: /default-rack, certSerialId: null}, Type:RATIS, Factor:ONE, State:ALLOCATED]
2019-10-25 05:10:58,641 [Thread-181] INFO  pipeline.PipelineStateManager (PipelineStateManager.java:finalizePipeline(121)) - Pipeline Pipeline[ Id: b6a1e5d2-5db9-4204-8528-4434287a85e7, Nodes: 154b23c8-147d-4903-89d2-8045c7557393{ip: 192.168.157.246, host: pr-hdds-1868-bb2j8-1277741604, networkLocation: /default-rack, certSerialId: null}, Type:RATIS, Factor:ONE, State:CLOSED] moved to CLOSED state
2019-10-25 05:10:58,652 [grpc-default-executor-1] INFO  impl.RaftServerProxy (RaftServerProxy.java:remove(95)) - 154b23c8-147d-4903-89d2-8045c7557393: remove  FOLLOWER 154b23c8-147d-4903-89d2-8045c7557393@group-4434287A85E7:t0, leader=null, voted=null, raftlog=154b23c8-147d-4903-89d2-8045c7557393@group-4434287A85E7-SegmentedRaftLog:OPENED:c-1,f-1,i0, conf=-1: [154b23c8-147d-4903-89d2-8045c7557393:192.168.157.246:33226], old=null RUNNING
2019-10-25 05:10:58,653 [grpc-default-executor-1] INFO  impl.RaftServerImpl (RaftServerImpl.java:lambda$shutdown$3(250)) - 154b23c8-147d-4903-89d2-8045c7557393@group-4434287A85E7: shutdown
2019-10-25 05:10:58,653 [grpc-default-executor-1] INFO  util.JmxRegister (JmxRegister.java:unregister(73)) - Successfully un-registered JMX Bean with object name Ratis:service=RaftServer,group=group-4434287A85E7,id=154b23c8-147d-4903-89d2-8045c7557393
2019-10-25 05:10:58,653 [grpc-default-executor-1] INFO  impl.RoleInfo (RoleInfo.java:shutdownFollowerState(121)) - 154b23c8-147d-4903-89d2-8045c7557393: shutdown FollowerState
2019-10-25 05:10:58,653 [grpc-default-executor-1] INFO  impl.StateMachineUpdater (StateMachineUpdater.java:stopAndJoin(136)) - 154b23c8-147d-4903-89d2-8045c7557393@group-4434287A85E7-StateMachineUpdater: set stopIndex = -1
2019-10-25 05:10:58,653 [Thread-186] INFO  impl.FollowerState (FollowerState.java:run(120)) - 154b23c8-147d-4903-89d2-8045c7557393@group-4434287A85E7-FollowerState was interrupted: java.lang.InterruptedException: sleep interrupted
2019-10-25 05:10:58,655 [grpc-default-executor-1] INFO  impl.RaftServerImpl (ServerState.java:close(387)) - 154b23c8-147d-4903-89d2-8045c7557393@group-4434287A85E7: closes. applyIndex: -1
2019-10-25 05:10:58,656 [154b23c8-147d-4903-89d2-8045c7557393@group-4434287A85E7-SegmentedRaftLogWorker] INFO  segmented.SegmentedRaftLogWorker (SegmentedRaftLogWorker.java:run(316)) - 154b23c8-147d-4903-89d2-8045c7557393@group-4434287A85E7-SegmentedRaftLogWorker was interrupted, exiting. There are 0 tasks remaining in the queue.
2019-10-25 05:10:58,656 [grpc-default-executor-1] INFO  segmented.SegmentedRaftLogWorker (SegmentedRaftLogWorker.java:close(224)) - 154b23c8-147d-4903-89d2-8045c7557393@group-4434287A85E7-SegmentedRaftLogWorker close()
2019-10-25 05:10:58,663 [Thread-181] INFO  pipeline.PipelineStateManager (PipelineStateManager.java:removePipeline(106)) - Pipeline Pipeline[ Id: b6a1e5d2-5db9-4204-8528-4434287a85e7, Nodes: 154b23c8-147d-4903-89d2-8045c7557393{ip: 192.168.157.246, host: pr-hdds-1868-bb2j8-1277741604, networkLocation: /default-rack, certSerialId: null}, Type:RATIS, Factor:ONE, State:CLOSED] removed from db
2019-10-25 05:10:58,664 [Thread-181] INFO  pipeline.SCMPipelineManager (SCMPipelineManager.java:finalizeAndDestroyPipeline(316)) - destroying pipeline:Pipeline[ Id: dc9bb07d-5efc-4b5f-8380-716c12365af0, Nodes: 792578c8-58d9-41cb-99fd-534993a904b7{ip: 192.168.157.246, host: pr-hdds-1868-bb2j8-1277741604, networkLocation: /default-rack, certSerialId: null}, Type:RATIS, Factor:ONE, State:ALLOCATED]
2019-10-25 05:10:58,677 [grpc-default-executor-1] INFO  impl.RaftServerProxy (RaftServerProxy.java:addNew(89)) - 154b23c8-147d-4903-89d2-8045c7557393: addNew group-2FC7DFFC7C10:[154b23c8-147d-4903-89d2-8045c7557393:192.168.157.246:33226] returns group-2FC7DFFC7C10:java.util.concurrent.CompletableFuture@20a710d1[Not completed]
2019-10-25 05:10:58,679 [pool-27-thread-1] INFO  impl.RaftServerImpl (RaftServerImpl.java:<init>(98)) - 154b23c8-147d-4903-89d2-8045c7557393: new RaftServerImpl for group-2FC7DFFC7C10:[154b23c8-147d-4903-89d2-8045c7557393:192.168.157.246:33226] with ContainerStateMachine:uninitialized
2019-10-25 05:10:58,680 [pool-27-thread-1] INFO  server.RaftServerConfigKeys (ConfUtils.java:logGet(43)) - raft.server.rpc.timeout.min = 5s (custom)
2019-10-25 05:10:58,680 [pool-27-thread-1] INFO  server.RaftServerConfigKeys (ConfUtils.java:logGet(43)) - raft.server.rpc.timeout.max = 5200ms (custom)
2019-10-25 05:10:58,680 [pool-27-thread-1] INFO  server.RaftServerConfigKeys (ConfUtils.java:logGet(43)) - raft.server.rpcslowness.timeout = 1000s (custom)
2019-10-25 05:10:58,680 [pool-27-thread-1] INFO  server.RaftServerConfigKeys (ConfUtils.java:logGet(43)) - raft.server.sleep.deviation.threshold = 300 (default)
2019-10-25 05:10:58,680 [pool-27-thread-1] INFO  server.RaftServerConfigKeys (ConfUtils.java:logGet(43)) - raft.server.log.appender.install.snapshot.enabled = false (custom)
2019-10-25 05:10:58,680 [pool-27-thread-1] INFO  impl.RaftServerImpl (ServerState.java:<init>(103)) - 154b23c8-147d-4903-89d2-8045c7557393@group-2FC7DFFC7C10: ConfigurationManager, init=-1: [154b23c8-147d-4903-89d2-8045c7557393:192.168.157.246:33226], old=null, confs=<EMPTY_MAP>
2019-10-25 05:10:58,681 [pool-27-thread-1] INFO  server.RaftServerConfigKeys (ConfUtils.java:logGet(43)) - raft.server.storage.dir = [/workdir/hadoop-ozone/integration-test/target/test-dir/MiniOzoneClusterImpl-03c1ce70-80a7-4992-b672-f5473244ce42/datanode-0/data/ratis] (custom)
2019-10-25 05:10:58,681 [pool-27-thread-1] INFO  server.RaftServerConfigKeys (ConfUtils.java:logGet(43)) - raft.server.log.corruption.policy = EXCEPTION (default)
2019-10-25 05:10:58,681 [pool-27-thread-1] INFO  storage.RaftStorageDirectory (RaftStorageDirectory.java:analyzeStorage(246)) - The storage directory /workdir/hadoop-ozone/integration-test/target/test-dir/MiniOzoneClusterImpl-03c1ce70-80a7-4992-b672-f5473244ce42/datanode-0/data/ratis/7e334e06-4ef7-46b6-93f3-2fc7dffc7c10 does not exist. Creating ...
2019-10-25 05:10:58,695 [pool-27-thread-1] INFO  storage.RaftStorageDirectory (RaftStorageDirectory.java:tryLock(328)) - Lock on /workdir/hadoop-ozone/integration-test/target/test-dir/MiniOzoneClusterImpl-03c1ce70-80a7-4992-b672-f5473244ce42/datanode-0/data/ratis/7e334e06-4ef7-46b6-93f3-2fc7dffc7c10/in_use.lock acquired by nodename 3948@pr-hdds-1868-bb2j8-1277741604
2019-10-25 05:10:58,709 [pool-27-thread-1] INFO  storage.RaftStorage (RaftStorage.java:format(84)) - Storage directory /workdir/hadoop-ozone/integration-test/target/test-dir/MiniOzoneClusterImpl-03c1ce70-80a7-4992-b672-f5473244ce42/datanode-0/data/ratis/7e334e06-4ef7-46b6-93f3-2fc7dffc7c10 has been successfully formatted.
2019-10-25 05:10:58,709 [pool-27-thread-1] INFO  ratis.ContainerStateMachine (ContainerStateMachine.java:loadSnapshot(233)) - group-2FC7DFFC7C10: The snapshot info is null. Setting the last applied indexto:(t:0, i:~)
2019-10-25 05:10:58,709 [pool-27-thread-1] INFO  server.RaftServerConfigKeys (ConfUtils.java:logGet(43)) - raft.server.notification.no-leader.timeout = 1000s (custom)
2019-10-25 05:10:58,709 [pool-27-thread-1] INFO  server.RaftServerConfigKeys (ConfUtils.java:logGet(43)) - raft.server.log.use.memory = false (default)
2019-10-25 05:10:58,709 [pool-27-thread-1] INFO  server.RaftServerConfigKeys (ConfUtils.java:logGet(43)) - raft.server.log.purge.gap = 1000000 (custom)
2019-10-25 05:10:58,710 [pool-27-thread-1] INFO  server.RaftServerConfigKeys (ConfUtils.java:logGet(43)) - raft.server.log.appender.buffer.byte-limit = 33554432 (custom)
2019-10-25 05:10:58,710 [pool-27-thread-1] INFO  server.RaftServerConfigKeys (ConfUtils.java:logGet(43)) - raft.server.log.segment.size.max = 1048576 (custom)
2019-10-25 05:10:58,710 [pool-27-thread-1] INFO  server.RaftServerConfigKeys (ConfUtils.java:logGet(43)) - raft.server.log.segment.cache.num.max = 2 (custom)
2019-10-25 05:10:58,710 [pool-27-thread-1] INFO  segmented.SegmentedRaftLogWorker (SegmentedRaftLogWorker.java:<init>(173)) - new 154b23c8-147d-4903-89d2-8045c7557393@group-2FC7DFFC7C10-SegmentedRaftLogWorker for RaftStorage:Storage Directory /workdir/hadoop-ozone/integration-test/target/test-dir/MiniOzoneClusterImpl-03c1ce70-80a7-4992-b672-f5473244ce42/datanode-0/data/ratis/7e334e06-4ef7-46b6-93f3-2fc7dffc7c10
2019-10-25 05:10:58,710 [pool-27-thread-1] INFO  server.RaftServerConfigKeys (ConfUtils.java:logGet(43)) - raft.server.log.queue.byte-limit = 2147483647 (custom)
2019-10-25 05:10:58,711 [pool-27-thread-1] INFO  server.RaftServerConfigKeys (ConfUtils.java:logGet(43)) - raft.server.log.queue.element-limit = 1024 (custom)
2019-10-25 05:10:58,711 [pool-27-thread-1] INFO  server.RaftServerConfigKeys (ConfUtils.java:logGet(43)) - raft.server.log.segment.size.max = 1048576 (custom)
2019-10-25 05:10:58,711 [pool-27-thread-1] INFO  server.RaftServerConfigKeys (ConfUtils.java:logGet(43)) - raft.server.log.preallocated.size = 16384 (custom)
2019-10-25 05:10:58,711 [pool-27-thread-1] INFO  server.RaftServerConfigKeys (ConfUtils.java:logGet(43)) - raft.server.log.write.buffer.size = 33554432 (custom)
2019-10-25 05:10:58,711 [pool-27-thread-1] INFO  server.RaftServerConfigKeys (ConfUtils.java:logGet(43)) - raft.server.log.force.sync.num = 128 (default)
2019-10-25 05:10:58,711 [pool-27-thread-1] INFO  server.RaftServerConfigKeys (ConfUtils.java:logGet(43)) - raft.server.log.statemachine.data.sync = true (default)
2019-10-25 05:10:58,712 [pool-27-thread-1] INFO  server.RaftServerConfigKeys (ConfUtils.java:logGet(43)) - raft.server.log.statemachine.data.sync.timeout = 10s (default)
2019-10-25 05:10:58,712 [pool-27-thread-1] INFO  server.RaftServerConfigKeys (ConfUtils.java:logGet(43)) - raft.server.log.statemachine.data.sync.timeout.retry = -1 (default)
2019-10-25 05:10:58,712 [pool-27-thread-1] INFO  server.RaftServerConfigKeys (ConfUtils.java:logGet(43)) - raft.server.log.statemachine.data.caching.enabled = true (custom)
2019-10-25 05:10:58,713 [pool-27-thread-1] INFO  segmented.SegmentedRaftLogWorker (SegmentedRaftLogWorker.java:lambda$new$0(128)) - 154b23c8-147d-4903-89d2-8045c7557393@group-2FC7DFFC7C10-SegmentedRaftLogWorker: flushIndex: setUnconditionally 0 -> -1
2019-10-25 05:10:58,713 [pool-27-thread-1] INFO  server.RaftServerConfigKeys (ConfUtils.java:logGet(43)) - raft.server.snapshot.auto.trigger.enabled = true (custom)
2019-10-25 05:10:58,713 [pool-27-thread-1] INFO  server.RaftServerConfigKeys (ConfUtils.java:logGet(43)) - raft.server.snapshot.auto.trigger.threshold = 10000 (custom)
2019-10-25 05:10:58,713 [pool-27-thread-1] INFO  server.RaftServerConfigKeys (ConfUtils.java:logGet(43)) - raft.server.snapshot.retention.file.num = 5 (custom)
2019-10-25 05:10:58,714 [pool-27-thread-1] INFO  server.RaftServerConfigKeys (ConfUtils.java:logGet(43)) - raft.server.retrycache.expirytime = 600000ms (custom)
2019-10-25 05:10:58,714 [pool-27-thread-1] WARN  impl.MetricRegistriesImpl (MetricRegistriesImpl.java:lambda$create$1(61)) - First MetricRegistry has been created without registering reporters. You may need to call MetricRegistries.global().addReportRegistration(...) before.
2019-10-25 05:10:58,714 [pool-27-thread-1] WARN  impl.MetricRegistriesImpl (MetricRegistriesImpl.java:lambda$create$1(61)) - First MetricRegistry has been created without registering reporters. You may need to call MetricRegistries.global().addReportRegistration(...) before.
2019-10-25 05:10:58,714 [pool-27-thread-1] INFO  impl.RaftServerImpl (RaftServerImpl.java:start(184)) - 154b23c8-147d-4903-89d2-8045c7557393@group-2FC7DFFC7C10: start as a follower, conf=-1: [154b23c8-147d-4903-89d2-8045c7557393:192.168.157.246:33226], old=null
2019-10-25 05:10:58,715 [pool-27-thread-1] INFO  impl.RaftServerImpl (RaftServerImpl.java:setRole(173)) - 154b23c8-147d-4903-89d2-8045c7557393@group-2FC7DFFC7C10: changes role from      null to FOLLOWER at term 0 for startAsFollower
2019-10-25 05:10:58,715 [pool-27-thread-1] INFO  impl.RoleInfo (RoleInfo.java:updateAndGet(143)) - 154b23c8-147d-4903-89d2-8045c7557393: start FollowerState
2019-10-25 05:10:58,715 [pool-27-thread-1] INFO  util.JmxRegister (JmxRegister.java:tryRegister(44)) - Successfully registered JMX Bean with object name Ratis:service=RaftServer,group=group-2FC7DFFC7C10,id=154b23c8-147d-4903-89d2-8045c7557393
2019-10-25 05:10:58,715 [pool-27-thread-1] WARN  impl.MetricRegistriesImpl (MetricRegistriesImpl.java:lambda$create$1(61)) - First MetricRegistry has been created without registering reporters. You may need to call MetricRegistries.global().addReportRegistration(...) before.
2019-10-25 05:10:58,721 [RatisPipelineUtilsThread] INFO  pipeline.PipelineStateManager (PipelineStateManager.java:addPipeline(55)) - Created pipeline Pipeline[ Id: 7e334e06-4ef7-46b6-93f3-2fc7dffc7c10, Nodes: 154b23c8-147d-4903-89d2-8045c7557393{ip: 192.168.157.246, host: pr-hdds-1868-bb2j8-1277741604, networkLocation: /default-rack, certSerialId: null}, Type:RATIS, Factor:ONE, State:ALLOCATED]
2019-10-25 05:10:58,722 [Thread-181] INFO  pipeline.PipelineStateManager (PipelineStateManager.java:finalizePipeline(121)) - Pipeline Pipeline[ Id: dc9bb07d-5efc-4b5f-8380-716c12365af0, Nodes: 792578c8-58d9-41cb-99fd-534993a904b7{ip: 192.168.157.246, host: pr-hdds-1868-bb2j8-1277741604, networkLocation: /default-rack, certSerialId: null}, Type:RATIS, Factor:ONE, State:CLOSED] moved to CLOSED state
2019-10-25 05:10:58,736 [grpc-default-executor-1] INFO  impl.RaftServerProxy (RaftServerProxy.java:remove(95)) - 792578c8-58d9-41cb-99fd-534993a904b7: remove  FOLLOWER 792578c8-58d9-41cb-99fd-534993a904b7@group-716C12365AF0:t0, leader=null, voted=null, raftlog=792578c8-58d9-41cb-99fd-534993a904b7@group-716C12365AF0-SegmentedRaftLog:OPENED:c-1,f-1,i0, conf=-1: [792578c8-58d9-41cb-99fd-534993a904b7:192.168.157.246:34810], old=null RUNNING
2019-10-25 05:10:58,736 [grpc-default-executor-1] INFO  impl.RaftServerImpl (RaftServerImpl.java:lambda$shutdown$3(250)) - 792578c8-58d9-41cb-99fd-534993a904b7@group-716C12365AF0: shutdown
2019-10-25 05:10:58,737 [grpc-default-executor-1] INFO  util.JmxRegister (JmxRegister.java:unregister(73)) - Successfully un-registered JMX Bean with object name Ratis:service=RaftServer,group=group-716C12365AF0,id=792578c8-58d9-41cb-99fd-534993a904b7
2019-10-25 05:10:58,737 [grpc-default-executor-1] INFO  impl.RoleInfo (RoleInfo.java:shutdownFollowerState(121)) - 792578c8-58d9-41cb-99fd-534993a904b7: shutdown FollowerState
2019-10-25 05:10:58,737 [grpc-default-executor-1] INFO  impl.StateMachineUpdater (StateMachineUpdater.java:stopAndJoin(136)) - 792578c8-58d9-41cb-99fd-534993a904b7@group-716C12365AF0-StateMachineUpdater: set stopIndex = -1
2019-10-25 05:10:58,737 [Thread-189] INFO  impl.FollowerState (FollowerState.java:run(120)) - 792578c8-58d9-41cb-99fd-534993a904b7@group-716C12365AF0-FollowerState was interrupted: java.lang.InterruptedException: sleep interrupted
2019-10-25 05:10:58,738 [grpc-default-executor-1] INFO  impl.RaftServerImpl (ServerState.java:close(387)) - 792578c8-58d9-41cb-99fd-534993a904b7@group-716C12365AF0: closes. applyIndex: -1
2019-10-25 05:10:58,739 [792578c8-58d9-41cb-99fd-534993a904b7@group-716C12365AF0-SegmentedRaftLogWorker] INFO  segmented.SegmentedRaftLogWorker (SegmentedRaftLogWorker.java:run(316)) - 792578c8-58d9-41cb-99fd-534993a904b7@group-716C12365AF0-SegmentedRaftLogWorker was interrupted, exiting. There are 0 tasks remaining in the queue.
2019-10-25 05:10:58,739 [grpc-default-executor-1] INFO  segmented.SegmentedRaftLogWorker (SegmentedRaftLogWorker.java:close(224)) - 792578c8-58d9-41cb-99fd-534993a904b7@group-716C12365AF0-SegmentedRaftLogWorker close()
2019-10-25 05:10:58,746 [Thread-181] INFO  pipeline.PipelineStateManager (PipelineStateManager.java:removePipeline(106)) - Pipeline Pipeline[ Id: dc9bb07d-5efc-4b5f-8380-716c12365af0, Nodes: 792578c8-58d9-41cb-99fd-534993a904b7{ip: 192.168.157.246, host: pr-hdds-1868-bb2j8-1277741604, networkLocation: /default-rack, certSerialId: null}, Type:RATIS, Factor:ONE, State:CLOSED] removed from db
2019-10-25 05:10:58,757 [grpc-default-executor-1] INFO  impl.RaftServerProxy (RaftServerProxy.java:addNew(89)) - 792578c8-58d9-41cb-99fd-534993a904b7: addNew group-3AE6A8DEA28A:[792578c8-58d9-41cb-99fd-534993a904b7:192.168.157.246:34810] returns group-3AE6A8DEA28A:java.util.concurrent.CompletableFuture@665e93a6[Not completed]
2019-10-25 05:10:58,759 [pool-47-thread-1] INFO  impl.RaftServerImpl (RaftServerImpl.java:<init>(98)) - 792578c8-58d9-41cb-99fd-534993a904b7: new RaftServerImpl for group-3AE6A8DEA28A:[792578c8-58d9-41cb-99fd-534993a904b7:192.168.157.246:34810] with ContainerStateMachine:uninitialized
2019-10-25 05:10:58,759 [pool-47-thread-1] INFO  server.RaftServerConfigKeys (ConfUtils.java:logGet(43)) - raft.server.rpc.timeout.min = 5s (custom)
2019-10-25 05:10:58,759 [pool-47-thread-1] INFO  server.RaftServerConfigKeys (ConfUtils.java:logGet(43)) - raft.server.rpc.timeout.max = 5200ms (custom)
2019-10-25 05:10:58,759 [pool-47-thread-1] INFO  server.RaftServerConfigKeys (ConfUtils.java:logGet(43)) - raft.server.rpcslowness.timeout = 1000s (custom)
2019-10-25 05:10:58,760 [pool-47-thread-1] INFO  server.RaftServerConfigKeys (ConfUtils.java:logGet(43)) - raft.server.sleep.deviation.threshold = 300 (default)
2019-10-25 05:10:58,760 [pool-47-thread-1] INFO  server.RaftServerConfigKeys (ConfUtils.java:logGet(43)) - raft.server.log.appender.install.snapshot.enabled = false (custom)
2019-10-25 05:10:58,760 [pool-47-thread-1] INFO  impl.RaftServerImpl (ServerState.java:<init>(103)) - 792578c8-58d9-41cb-99fd-534993a904b7@group-3AE6A8DEA28A: ConfigurationManager, init=-1: [792578c8-58d9-41cb-99fd-534993a904b7:192.168.157.246:34810], old=null, confs=<EMPTY_MAP>
2019-10-25 05:10:58,760 [pool-47-thread-1] INFO  server.RaftServerConfigKeys (ConfUtils.java:logGet(43)) - raft.server.storage.dir = [/workdir/hadoop-ozone/integration-test/target/test-dir/MiniOzoneClusterImpl-03c1ce70-80a7-4992-b672-f5473244ce42/datanode-2/data/ratis] (custom)
2019-10-25 05:10:58,761 [pool-47-thread-1] INFO  server.RaftServerConfigKeys (ConfUtils.java:logGet(43)) - raft.server.log.corruption.policy = EXCEPTION (default)
2019-10-25 05:10:58,761 [pool-47-thread-1] INFO  storage.RaftStorageDirectory (RaftStorageDirectory.java:analyzeStorage(246)) - The storage directory /workdir/hadoop-ozone/integration-test/target/test-dir/MiniOzoneClusterImpl-03c1ce70-80a7-4992-b672-f5473244ce42/datanode-2/data/ratis/bc4222f0-c4e4-4d8a-874a-3ae6a8dea28a does not exist. Creating ...
2019-10-25 05:10:58,789 [pool-47-thread-1] INFO  storage.RaftStorageDirectory (RaftStorageDirectory.java:tryLock(328)) - Lock on /workdir/hadoop-ozone/integration-test/target/test-dir/MiniOzoneClusterImpl-03c1ce70-80a7-4992-b672-f5473244ce42/datanode-2/data/ratis/bc4222f0-c4e4-4d8a-874a-3ae6a8dea28a/in_use.lock acquired by nodename 3948@pr-hdds-1868-bb2j8-1277741604
2019-10-25 05:10:58,803 [pool-47-thread-1] INFO  storage.RaftStorage (RaftStorage.java:format(84)) - Storage directory /workdir/hadoop-ozone/integration-test/target/test-dir/MiniOzoneClusterImpl-03c1ce70-80a7-4992-b672-f5473244ce42/datanode-2/data/ratis/bc4222f0-c4e4-4d8a-874a-3ae6a8dea28a has been successfully formatted.
2019-10-25 05:10:58,803 [pool-47-thread-1] INFO  ratis.ContainerStateMachine (ContainerStateMachine.java:loadSnapshot(233)) - group-3AE6A8DEA28A: The snapshot info is null. Setting the last applied indexto:(t:0, i:~)
2019-10-25 05:10:58,804 [pool-47-thread-1] INFO  server.RaftServerConfigKeys (ConfUtils.java:logGet(43)) - raft.server.notification.no-leader.timeout = 1000s (custom)
2019-10-25 05:10:58,804 [pool-47-thread-1] INFO  server.RaftServerConfigKeys (ConfUtils.java:logGet(43)) - raft.server.log.use.memory = false (default)
2019-10-25 05:10:58,804 [pool-47-thread-1] INFO  server.RaftServerConfigKeys (ConfUtils.java:logGet(43)) - raft.server.log.purge.gap = 1000000 (custom)
2019-10-25 05:10:58,804 [pool-47-thread-1] INFO  server.RaftServerConfigKeys (ConfUtils.java:logGet(43)) - raft.server.log.appender.buffer.byte-limit = 33554432 (custom)
2019-10-25 05:10:58,804 [pool-47-thread-1] INFO  server.RaftServerConfigKeys (ConfUtils.java:logGet(43)) - raft.server.log.segment.size.max = 1048576 (custom)
2019-10-25 05:10:58,804 [pool-47-thread-1] INFO  server.RaftServerConfigKeys (ConfUtils.java:logGet(43)) - raft.server.log.segment.cache.num.max = 2 (custom)
2019-10-25 05:10:58,805 [pool-47-thread-1] INFO  segmented.SegmentedRaftLogWorker (SegmentedRaftLogWorker.java:<init>(173)) - new 792578c8-58d9-41cb-99fd-534993a904b7@group-3AE6A8DEA28A-SegmentedRaftLogWorker for RaftStorage:Storage Directory /workdir/hadoop-ozone/integration-test/target/test-dir/MiniOzoneClusterImpl-03c1ce70-80a7-4992-b672-f5473244ce42/datanode-2/data/ratis/bc4222f0-c4e4-4d8a-874a-3ae6a8dea28a
2019-10-25 05:10:58,805 [pool-47-thread-1] INFO  server.RaftServerConfigKeys (ConfUtils.java:logGet(43)) - raft.server.log.queue.byte-limit = 2147483647 (custom)
2019-10-25 05:10:58,805 [pool-47-thread-1] INFO  server.RaftServerConfigKeys (ConfUtils.java:logGet(43)) - raft.server.log.queue.element-limit = 1024 (custom)
2019-10-25 05:10:58,805 [pool-47-thread-1] INFO  server.RaftServerConfigKeys (ConfUtils.java:logGet(43)) - raft.server.log.segment.size.max = 1048576 (custom)
2019-10-25 05:10:58,805 [pool-47-thread-1] INFO  server.RaftServerConfigKeys (ConfUtils.java:logGet(43)) - raft.server.log.preallocated.size = 16384 (custom)
2019-10-25 05:10:58,805 [pool-47-thread-1] INFO  server.RaftServerConfigKeys (ConfUtils.java:logGet(43)) - raft.server.log.write.buffer.size = 33554432 (custom)
2019-10-25 05:10:58,806 [pool-47-thread-1] INFO  server.RaftServerConfigKeys (ConfUtils.java:logGet(43)) - raft.server.log.force.sync.num = 128 (default)
2019-10-25 05:10:58,806 [pool-47-thread-1] INFO  server.RaftServerConfigKeys (ConfUtils.java:logGet(43)) - raft.server.log.statemachine.data.sync = true (default)
2019-10-25 05:10:58,806 [pool-47-thread-1] INFO  server.RaftServerConfigKeys (ConfUtils.java:logGet(43)) - raft.server.log.statemachine.data.sync.timeout = 10s (default)
2019-10-25 05:10:58,806 [pool-47-thread-1] INFO  server.RaftServerConfigKeys (ConfUtils.java:logGet(43)) - raft.server.log.statemachine.data.sync.timeout.retry = -1 (default)
2019-10-25 05:10:58,806 [pool-47-thread-1] INFO  server.RaftServerConfigKeys (ConfUtils.java:logGet(43)) - raft.server.log.statemachine.data.caching.enabled = true (custom)
2019-10-25 05:10:58,807 [pool-47-thread-1] INFO  segmented.SegmentedRaftLogWorker (SegmentedRaftLogWorker.java:lambda$new$0(128)) - 792578c8-58d9-41cb-99fd-534993a904b7@group-3AE6A8DEA28A-SegmentedRaftLogWorker: flushIndex: setUnconditionally 0 -> -1
2019-10-25 05:10:58,807 [pool-47-thread-1] INFO  server.RaftServerConfigKeys (ConfUtils.java:logGet(43)) - raft.server.snapshot.auto.trigger.enabled = true (custom)
2019-10-25 05:10:58,807 [pool-47-thread-1] INFO  server.RaftServerConfigKeys (ConfUtils.java:logGet(43)) - raft.server.snapshot.auto.trigger.threshold = 10000 (custom)
2019-10-25 05:10:58,807 [pool-47-thread-1] INFO  server.RaftServerConfigKeys (ConfUtils.java:logGet(43)) - raft.server.snapshot.retention.file.num = 5 (custom)
2019-10-25 05:10:58,808 [pool-47-thread-1] INFO  server.RaftServerConfigKeys (ConfUtils.java:logGet(43)) - raft.server.retrycache.expirytime = 600000ms (custom)
2019-10-25 05:10:58,808 [pool-47-thread-1] WARN  impl.MetricRegistriesImpl (MetricRegistriesImpl.java:lambda$create$1(61)) - First MetricRegistry has been created without registering reporters. You may need to call MetricRegistries.global().addReportRegistration(...) before.
2019-10-25 05:10:58,808 [pool-47-thread-1] WARN  impl.MetricRegistriesImpl (MetricRegistriesImpl.java:lambda$create$1(61)) - First MetricRegistry has been created without registering reporters. You may need to call MetricRegistries.global().addReportRegistration(...) before.
2019-10-25 05:10:58,808 [pool-47-thread-1] INFO  impl.RaftServerImpl (RaftServerImpl.java:start(184)) - 792578c8-58d9-41cb-99fd-534993a904b7@group-3AE6A8DEA28A: start as a follower, conf=-1: [792578c8-58d9-41cb-99fd-534993a904b7:192.168.157.246:34810], old=null
2019-10-25 05:10:58,809 [pool-47-thread-1] INFO  impl.RaftServerImpl (RaftServerImpl.java:setRole(173)) - 792578c8-58d9-41cb-99fd-534993a904b7@group-3AE6A8DEA28A: changes role from      null to FOLLOWER at term 0 for startAsFollower
2019-10-25 05:10:58,809 [pool-47-thread-1] INFO  impl.RoleInfo (RoleInfo.java:updateAndGet(143)) - 792578c8-58d9-41cb-99fd-534993a904b7: start FollowerState
2019-10-25 05:10:58,809 [pool-47-thread-1] INFO  util.JmxRegister (JmxRegister.java:tryRegister(44)) - Successfully registered JMX Bean with object name Ratis:service=RaftServer,group=group-3AE6A8DEA28A,id=792578c8-58d9-41cb-99fd-534993a904b7
2019-10-25 05:10:58,810 [pool-47-thread-1] WARN  impl.MetricRegistriesImpl (MetricRegistriesImpl.java:lambda$create$1(61)) - First MetricRegistry has been created without registering reporters. You may need to call MetricRegistries.global().addReportRegistration(...) before.
2019-10-25 05:10:58,815 [RatisPipelineUtilsThread] INFO  pipeline.PipelineStateManager (PipelineStateManager.java:addPipeline(55)) - Created pipeline Pipeline[ Id: bc4222f0-c4e4-4d8a-874a-3ae6a8dea28a, Nodes: 792578c8-58d9-41cb-99fd-534993a904b7{ip: 192.168.157.246, host: pr-hdds-1868-bb2j8-1277741604, networkLocation: /default-rack, certSerialId: null}, Type:RATIS, Factor:ONE, State:ALLOCATED]
2019-10-25 05:10:59,288 [main] INFO  ozone.MiniOzoneClusterImpl (MiniOzoneClusterImpl.java:lambda$waitForClusterToBeReady$2(163)) - Waiting for 4 number of pipelines out of 4, to report a leader.
2019-10-25 05:11:00,289 [main] INFO  ozone.MiniOzoneClusterImpl (MiniOzoneClusterImpl.java:lambda$waitForClusterToBeReady$2(163)) - Waiting for 4 number of pipelines out of 4, to report a leader.
2019-10-25 05:11:01,290 [main] INFO  ozone.MiniOzoneClusterImpl (MiniOzoneClusterImpl.java:lambda$waitForClusterToBeReady$2(163)) - Waiting for 4 number of pipelines out of 4, to report a leader.
2019-10-25 05:11:02,290 [main] INFO  ozone.MiniOzoneClusterImpl (MiniOzoneClusterImpl.java:lambda$waitForClusterToBeReady$2(163)) - Waiting for 4 number of pipelines out of 4, to report a leader.
2019-10-25 05:11:03,291 [main] INFO  ozone.MiniOzoneClusterImpl (MiniOzoneClusterImpl.java:lambda$waitForClusterToBeReady$2(163)) - Waiting for 4 number of pipelines out of 4, to report a leader.
2019-10-25 05:11:03,536 [Thread-215] INFO  impl.FollowerState (FollowerState.java:run(111)) - 632d1f61-1fb0-4a9b-a27f-4f3ee937db0d@group-97C719019643-FollowerState: change to CANDIDATE, lastRpcTime:5006ms, electionTimeout:5006ms
2019-10-25 05:11:03,538 [Thread-215] INFO  impl.RoleInfo (RoleInfo.java:shutdownFollowerState(121)) - 632d1f61-1fb0-4a9b-a27f-4f3ee937db0d: shutdown FollowerState
2019-10-25 05:11:03,539 [Thread-215] INFO  impl.RaftServerImpl (RaftServerImpl.java:setRole(173)) - 632d1f61-1fb0-4a9b-a27f-4f3ee937db0d@group-97C719019643: changes role from  FOLLOWER to CANDIDATE at term 0 for changeToCandidate
2019-10-25 05:11:03,544 [Thread-215] INFO  impl.RoleInfo (RoleInfo.java:updateAndGet(143)) - 632d1f61-1fb0-4a9b-a27f-4f3ee937db0d: start LeaderElection
2019-10-25 05:11:03,569 [Thread-219] INFO  impl.FollowerState (FollowerState.java:run(111)) - 792578c8-58d9-41cb-99fd-534993a904b7@group-97C719019643-FollowerState: change to CANDIDATE, lastRpcTime:5037ms, electionTimeout:5037ms
2019-10-25 05:11:03,569 [632d1f61-1fb0-4a9b-a27f-4f3ee937db0d@group-97C719019643-LeaderElection1] INFO  impl.LeaderElection (LeaderElection.java:askForVotes(178)) - 632d1f61-1fb0-4a9b-a27f-4f3ee937db0d@group-97C719019643-LeaderElection1: begin an election at term 1 for -1: [632d1f61-1fb0-4a9b-a27f-4f3ee937db0d:192.168.157.246:46686, 792578c8-58d9-41cb-99fd-534993a904b7:192.168.157.246:34810, 154b23c8-147d-4903-89d2-8045c7557393:192.168.157.246:33226], old=null
2019-10-25 05:11:03,569 [Thread-219] INFO  impl.RoleInfo (RoleInfo.java:shutdownFollowerState(121)) - 792578c8-58d9-41cb-99fd-534993a904b7: shutdown FollowerState
2019-10-25 05:11:03,569 [Thread-219] INFO  impl.RaftServerImpl (RaftServerImpl.java:setRole(173)) - 792578c8-58d9-41cb-99fd-534993a904b7@group-97C719019643: changes role from  FOLLOWER to CANDIDATE at term 0 for changeToCandidate
2019-10-25 05:11:03,570 [Thread-219] INFO  impl.RoleInfo (RoleInfo.java:updateAndGet(143)) - 792578c8-58d9-41cb-99fd-534993a904b7: start LeaderElection
2019-10-25 05:11:03,589 [792578c8-58d9-41cb-99fd-534993a904b7@group-97C719019643-LeaderElection2] INFO  impl.LeaderElection (LeaderElection.java:askForVotes(178)) - 792578c8-58d9-41cb-99fd-534993a904b7@group-97C719019643-LeaderElection2: begin an election at term 1 for -1: [632d1f61-1fb0-4a9b-a27f-4f3ee937db0d:192.168.157.246:46686, 792578c8-58d9-41cb-99fd-534993a904b7:192.168.157.246:34810, 154b23c8-147d-4903-89d2-8045c7557393:192.168.157.246:33226], old=null
2019-10-25 05:11:03,608 [grpc-default-executor-2] INFO  impl.RaftServerImpl (RaftServerImpl.java:setRole(173)) - 154b23c8-147d-4903-89d2-8045c7557393@group-97C719019643: changes role from  FOLLOWER to FOLLOWER at term 1 for recognizeCandidate:792578c8-58d9-41cb-99fd-534993a904b7
2019-10-25 05:11:03,608 [grpc-default-executor-2] INFO  impl.RoleInfo (RoleInfo.java:shutdownFollowerState(121)) - 154b23c8-147d-4903-89d2-8045c7557393: shutdown FollowerState
2019-10-25 05:11:03,608 [Thread-217] INFO  impl.FollowerState (FollowerState.java:run(120)) - 154b23c8-147d-4903-89d2-8045c7557393@group-97C719019643-FollowerState was interrupted: java.lang.InterruptedException: sleep interrupted
2019-10-25 05:11:03,609 [grpc-default-executor-2] INFO  impl.RoleInfo (RoleInfo.java:updateAndGet(143)) - 154b23c8-147d-4903-89d2-8045c7557393: start FollowerState
2019-10-25 05:11:03,634 [632d1f61-1fb0-4a9b-a27f-4f3ee937db0d@group-97C719019643-LeaderElection1] INFO  impl.LeaderElection (LeaderElection.java:logAndReturn(56)) - 632d1f61-1fb0-4a9b-a27f-4f3ee937db0d@group-97C719019643-LeaderElection1: Election REJECTED; received 2 response(s) [632d1f61-1fb0-4a9b-a27f-4f3ee937db0d<-792578c8-58d9-41cb-99fd-534993a904b7#0:FAIL-t1, 632d1f61-1fb0-4a9b-a27f-4f3ee937db0d<-154b23c8-147d-4903-89d2-8045c7557393#0:FAIL-t1] and 0 exception(s); 632d1f61-1fb0-4a9b-a27f-4f3ee937db0d@group-97C719019643:t1, leader=null, voted=632d1f61-1fb0-4a9b-a27f-4f3ee937db0d, raftlog=632d1f61-1fb0-4a9b-a27f-4f3ee937db0d@group-97C719019643-SegmentedRaftLog:OPENED:c-1,f-1,i0, conf=-1: [632d1f61-1fb0-4a9b-a27f-4f3ee937db0d:192.168.157.246:46686, 792578c8-58d9-41cb-99fd-534993a904b7:192.168.157.246:34810, 154b23c8-147d-4903-89d2-8045c7557393:192.168.157.246:33226], old=null
2019-10-25 05:11:03,634 [792578c8-58d9-41cb-99fd-534993a904b7@group-97C719019643-LeaderElection2] INFO  impl.LeaderElection (LeaderElection.java:logAndReturn(56)) - 792578c8-58d9-41cb-99fd-534993a904b7@group-97C719019643-LeaderElection2: Election PASSED; received 2 response(s) [792578c8-58d9-41cb-99fd-534993a904b7<-632d1f61-1fb0-4a9b-a27f-4f3ee937db0d#0:FAIL-t1, 792578c8-58d9-41cb-99fd-534993a904b7<-154b23c8-147d-4903-89d2-8045c7557393#0:OK-t1] and 0 exception(s); 792578c8-58d9-41cb-99fd-534993a904b7@group-97C719019643:t1, leader=null, voted=792578c8-58d9-41cb-99fd-534993a904b7, raftlog=792578c8-58d9-41cb-99fd-534993a904b7@group-97C719019643-SegmentedRaftLog:OPENED:c-1,f-1,i0, conf=-1: [632d1f61-1fb0-4a9b-a27f-4f3ee937db0d:192.168.157.246:46686, 792578c8-58d9-41cb-99fd-534993a904b7:192.168.157.246:34810, 154b23c8-147d-4903-89d2-8045c7557393:192.168.157.246:33226], old=null
2019-10-25 05:11:03,637 [632d1f61-1fb0-4a9b-a27f-4f3ee937db0d@group-97C719019643-LeaderElection1] INFO  impl.RaftServerImpl (RaftServerImpl.java:setRole(173)) - 632d1f61-1fb0-4a9b-a27f-4f3ee937db0d@group-97C719019643: changes role from CANDIDATE to FOLLOWER at term 1 for DISCOVERED_A_NEW_TERM
2019-10-25 05:11:03,637 [792578c8-58d9-41cb-99fd-534993a904b7@group-97C719019643-LeaderElection2] INFO  impl.RoleInfo (RoleInfo.java:shutdownLeaderElection(134)) - 792578c8-58d9-41cb-99fd-534993a904b7: shutdown LeaderElection
2019-10-25 05:11:03,638 [632d1f61-1fb0-4a9b-a27f-4f3ee937db0d@group-97C719019643-LeaderElection1] INFO  impl.RoleInfo (RoleInfo.java:shutdownLeaderElection(134)) - 632d1f61-1fb0-4a9b-a27f-4f3ee937db0d: shutdown LeaderElection
2019-10-25 05:11:03,639 [792578c8-58d9-41cb-99fd-534993a904b7@group-97C719019643-LeaderElection2] INFO  impl.RaftServerImpl (RaftServerImpl.java:setRole(173)) - 792578c8-58d9-41cb-99fd-534993a904b7@group-97C719019643: changes role from CANDIDATE to LEADER at term 1 for changeToLeader
2019-10-25 05:11:03,640 [792578c8-58d9-41cb-99fd-534993a904b7@group-97C719019643-LeaderElection2] INFO  ratis.XceiverServerRatis (XceiverServerRatis.java:handleLeaderChangedNotification(702)) - Leader change notification received for group: group-97C719019643 with new leaderId: 792578c8-58d9-41cb-99fd-534993a904b7
2019-10-25 05:11:03,640 [632d1f61-1fb0-4a9b-a27f-4f3ee937db0d@group-97C719019643-LeaderElection1] INFO  impl.RoleInfo (RoleInfo.java:updateAndGet(143)) - 632d1f61-1fb0-4a9b-a27f-4f3ee937db0d: start FollowerState
2019-10-25 05:11:03,644 [792578c8-58d9-41cb-99fd-534993a904b7@group-97C719019643-LeaderElection2] INFO  impl.RaftServerImpl (ServerState.java:setLeader(255)) - 792578c8-58d9-41cb-99fd-534993a904b7@group-97C719019643: change Leader from null to 792578c8-58d9-41cb-99fd-534993a904b7 at term 1 for becomeLeader, leader elected after 5121ms
2019-10-25 05:11:03,647 [EventQueue-PipelineReportForPipelineReportHandler] INFO  pipeline.PipelineReportHandler (PipelineReportHandler.java:processPipelineReport(104)) - Pipeline PipelineID=51c31d15-6363-40f4-9154-97c719019643 reported by 792578c8-58d9-41cb-99fd-534993a904b7{ip: 192.168.157.246, host: pr-hdds-1868-bb2j8-1277741604, networkLocation: /default-rack, certSerialId: null} isLeader?: true
2019-10-25 05:11:03,647 [EventQueue-PipelineReportForPipelineReportHandler] INFO  pipeline.PipelineStateManager (PipelineStateManager.java:openPipeline(134)) - Pipeline Pipeline[ Id: 51c31d15-6363-40f4-9154-97c719019643, Nodes: 792578c8-58d9-41cb-99fd-534993a904b7{ip: 192.168.157.246, host: pr-hdds-1868-bb2j8-1277741604, networkLocation: /default-rack, certSerialId: null}154b23c8-147d-4903-89d2-8045c7557393{ip: 192.168.157.246, host: pr-hdds-1868-bb2j8-1277741604, networkLocation: /default-rack, certSerialId: null}632d1f61-1fb0-4a9b-a27f-4f3ee937db0d{ip: 192.168.157.246, host: pr-hdds-1868-bb2j8-1277741604, networkLocation: /default-rack, certSerialId: null}, Type:RATIS, Factor:THREE, State:OPEN] moved to OPEN state
2019-10-25 05:11:03,647 [EventQueue-PipelineReportForPipelineReportHandler] INFO  pipeline.PipelineReportHandler (PipelineReportHandler.java:processPipelineReport(104)) - Pipeline PipelineID=bc4222f0-c4e4-4d8a-874a-3ae6a8dea28a reported by 792578c8-58d9-41cb-99fd-534993a904b7{ip: 192.168.157.246, host: pr-hdds-1868-bb2j8-1277741604, networkLocation: /default-rack, certSerialId: null} isLeader?: false
2019-10-25 05:11:03,650 [792578c8-58d9-41cb-99fd-534993a904b7@group-97C719019643-LeaderElection2] INFO  server.RaftServerConfigKeys (ConfUtils.java:logGet(43)) - raft.server.staging.catchup.gap = 1000 (default)
2019-10-25 05:11:03,650 [792578c8-58d9-41cb-99fd-534993a904b7@group-97C719019643-LeaderElection2] INFO  server.RaftServerConfigKeys (ConfUtils.java:logGet(43)) - raft.server.rpc.sleep.time = 25ms (default)
2019-10-25 05:11:03,655 [792578c8-58d9-41cb-99fd-534993a904b7@group-97C719019643-LeaderElection2] INFO  server.RaftServerConfigKeys (ConfUtils.java:logGet(43)) - raft.server.write.element-limit = 4096 (default)
2019-10-25 05:11:03,658 [792578c8-58d9-41cb-99fd-534993a904b7@group-97C719019643-LeaderElection2] INFO  server.RaftServerConfigKeys (ConfUtils.java:logGet(43)) - raft.server.watch.timeout = 10s (default)
2019-10-25 05:11:03,659 [792578c8-58d9-41cb-99fd-534993a904b7@group-97C719019643-LeaderElection2] INFO  server.RaftServerConfigKeys (ConfUtils.java:logGet(43)) - raft.server.watch.timeout.denomination = 1s (default)
2019-10-25 05:11:03,660 [792578c8-58d9-41cb-99fd-534993a904b7@group-97C719019643-LeaderElection2] INFO  server.RaftServerConfigKeys (ConfUtils.java:logGet(43)) - raft.server.watch.element-limit = 65536 (default)
2019-10-25 05:11:03,670 [792578c8-58d9-41cb-99fd-534993a904b7@group-97C719019643-LeaderElection2] INFO  server.RaftServerConfigKeys (ConfUtils.java:logGet(43)) - raft.server.log.appender.snapshot.chunk.size.max = 16MB (=16777216) (default)
2019-10-25 05:11:03,670 [792578c8-58d9-41cb-99fd-534993a904b7@group-97C719019643-LeaderElection2] INFO  server.RaftServerConfigKeys (ConfUtils.java:logGet(43)) - raft.server.log.appender.buffer.byte-limit = 33554432 (custom)
2019-10-25 05:11:03,671 [792578c8-58d9-41cb-99fd-534993a904b7@group-97C719019643-LeaderElection2] INFO  server.RaftServerConfigKeys (ConfUtils.java:logGet(43)) - raft.server.log.appender.buffer.element-limit = 1 (custom)
2019-10-25 05:11:03,674 [792578c8-58d9-41cb-99fd-534993a904b7@group-97C719019643-LeaderElection2] INFO  grpc.GrpcConfigKeys$Server (ConfUtils.java:logGet(43)) - raft.grpc.server.leader.outstanding.appends.max = 128 (default)
2019-10-25 05:11:03,677 [792578c8-58d9-41cb-99fd-534993a904b7@group-97C719019643-LeaderElection2] INFO  server.RaftServerConfigKeys (ConfUtils.java:logGet(43)) - raft.server.rpc.request.timeout = 3000ms (default)
2019-10-25 05:11:03,678 [792578c8-58d9-41cb-99fd-534993a904b7@group-97C719019643-LeaderElection2] INFO  server.RaftServerConfigKeys (ConfUtils.java:logGet(43)) - raft.server.log.appender.install.snapshot.enabled = false (custom)
2019-10-25 05:11:03,679 [792578c8-58d9-41cb-99fd-534993a904b7@group-97C719019643-LeaderElection2] WARN  impl.MetricRegistriesImpl (MetricRegistriesImpl.java:lambda$create$1(61)) - First MetricRegistry has been created without registering reporters. You may need to call MetricRegistries.global().addReportRegistration(...) before.
2019-10-25 05:11:03,680 [792578c8-58d9-41cb-99fd-534993a904b7@group-97C719019643-LeaderElection2] INFO  server.RaftServerConfigKeys (ConfUtils.java:logGet(43)) - raft.server.log.appender.snapshot.chunk.size.max = 16MB (=16777216) (default)
2019-10-25 05:11:03,680 [792578c8-58d9-41cb-99fd-534993a904b7@group-97C719019643-LeaderElection2] INFO  server.RaftServerConfigKeys (ConfUtils.java:logGet(43)) - raft.server.log.appender.buffer.byte-limit = 33554432 (custom)
2019-10-25 05:11:03,680 [792578c8-58d9-41cb-99fd-534993a904b7@group-97C719019643-LeaderElection2] INFO  server.RaftServerConfigKeys (ConfUtils.java:logGet(43)) - raft.server.log.appender.buffer.element-limit = 1 (custom)
2019-10-25 05:11:03,681 [792578c8-58d9-41cb-99fd-534993a904b7@group-97C719019643-LeaderElection2] INFO  grpc.GrpcConfigKeys$Server (ConfUtils.java:logGet(43)) - raft.grpc.server.leader.outstanding.appends.max = 128 (default)
2019-10-25 05:11:03,681 [792578c8-58d9-41cb-99fd-534993a904b7@group-97C719019643-LeaderElection2] INFO  server.RaftServerConfigKeys (ConfUtils.java:logGet(43)) - raft.server.rpc.request.timeout = 3000ms (default)
2019-10-25 05:11:03,681 [792578c8-58d9-41cb-99fd-534993a904b7@group-97C719019643-LeaderElection2] INFO  server.RaftServerConfigKeys (ConfUtils.java:logGet(43)) - raft.server.log.appender.install.snapshot.enabled = false (custom)
2019-10-25 05:11:03,685 [792578c8-58d9-41cb-99fd-534993a904b7@group-97C719019643-LeaderElection2] INFO  impl.RoleInfo (RoleInfo.java:updateAndGet(143)) - 792578c8-58d9-41cb-99fd-534993a904b7: start LeaderState
2019-10-25 05:11:03,692 [Thread-227] INFO  impl.FollowerState (FollowerState.java:run(111)) - 632d1f61-1fb0-4a9b-a27f-4f3ee937db0d@group-E1777AD31C3D-FollowerState: change to CANDIDATE, lastRpcTime:5062ms, electionTimeout:5062ms
2019-10-25 05:11:03,692 [Thread-227] INFO  impl.RoleInfo (RoleInfo.java:shutdownFollowerState(121)) - 632d1f61-1fb0-4a9b-a27f-4f3ee937db0d: shutdown FollowerState
2019-10-25 05:11:03,692 [Thread-227] INFO  impl.RaftServerImpl (RaftServerImpl.java:setRole(173)) - 632d1f61-1fb0-4a9b-a27f-4f3ee937db0d@group-E1777AD31C3D: changes role from  FOLLOWER to CANDIDATE at term 0 for changeToCandidate
2019-10-25 05:11:03,692 [Thread-227] INFO  impl.RoleInfo (RoleInfo.java:updateAndGet(143)) - 632d1f61-1fb0-4a9b-a27f-4f3ee937db0d: start LeaderElection
2019-10-25 05:11:03,704 [792578c8-58d9-41cb-99fd-534993a904b7@group-97C719019643-LeaderElection2] INFO  segmented.SegmentedRaftLogWorker (SegmentedRaftLogWorker.java:startLogSegment(385)) - 792578c8-58d9-41cb-99fd-534993a904b7@group-97C719019643-SegmentedRaftLogWorker: Starting segment from index:0
2019-10-25 05:11:03,708 [632d1f61-1fb0-4a9b-a27f-4f3ee937db0d@group-E1777AD31C3D-LeaderElection3] INFO  impl.LeaderElection (LeaderElection.java:askForVotes(178)) - 632d1f61-1fb0-4a9b-a27f-4f3ee937db0d@group-E1777AD31C3D-LeaderElection3: begin an election at term 1 for -1: [632d1f61-1fb0-4a9b-a27f-4f3ee937db0d:192.168.157.246:46686], old=null
2019-10-25 05:11:03,708 [632d1f61-1fb0-4a9b-a27f-4f3ee937db0d@group-E1777AD31C3D-LeaderElection3] INFO  impl.RoleInfo (RoleInfo.java:shutdownLeaderElection(134)) - 632d1f61-1fb0-4a9b-a27f-4f3ee937db0d: shutdown LeaderElection
2019-10-25 05:11:03,709 [632d1f61-1fb0-4a9b-a27f-4f3ee937db0d@group-E1777AD31C3D-LeaderElection3] INFO  impl.RaftServerImpl (RaftServerImpl.java:setRole(173)) - 632d1f61-1fb0-4a9b-a27f-4f3ee937db0d@group-E1777AD31C3D: changes role from CANDIDATE to LEADER at term 1 for changeToLeader
2019-10-25 05:11:03,709 [632d1f61-1fb0-4a9b-a27f-4f3ee937db0d@group-E1777AD31C3D-LeaderElection3] INFO  ratis.XceiverServerRatis (XceiverServerRatis.java:handleLeaderChangedNotification(702)) - Leader change notification received for group: group-E1777AD31C3D with new leaderId: 632d1f61-1fb0-4a9b-a27f-4f3ee937db0d
2019-10-25 05:11:03,709 [632d1f61-1fb0-4a9b-a27f-4f3ee937db0d@group-E1777AD31C3D-LeaderElection3] INFO  impl.RaftServerImpl (ServerState.java:setLeader(255)) - 632d1f61-1fb0-4a9b-a27f-4f3ee937db0d@group-E1777AD31C3D: change Leader from null to 632d1f61-1fb0-4a9b-a27f-4f3ee937db0d at term 1 for becomeLeader, leader elected after 5084ms
2019-10-25 05:11:03,709 [632d1f61-1fb0-4a9b-a27f-4f3ee937db0d@group-E1777AD31C3D-LeaderElection3] INFO  server.RaftServerConfigKeys (ConfUtils.java:logGet(43)) - raft.server.staging.catchup.gap = 1000 (default)
2019-10-25 05:11:03,709 [632d1f61-1fb0-4a9b-a27f-4f3ee937db0d@group-E1777AD31C3D-LeaderElection3] INFO  server.RaftServerConfigKeys (ConfUtils.java:logGet(43)) - raft.server.rpc.sleep.time = 25ms (default)
2019-10-25 05:11:03,710 [632d1f61-1fb0-4a9b-a27f-4f3ee937db0d@group-E1777AD31C3D-LeaderElection3] INFO  server.RaftServerConfigKeys (ConfUtils.java:logGet(43)) - raft.server.write.element-limit = 4096 (default)
2019-10-25 05:11:03,710 [632d1f61-1fb0-4a9b-a27f-4f3ee937db0d@group-E1777AD31C3D-LeaderElection3] INFO  server.RaftServerConfigKeys (ConfUtils.java:logGet(43)) - raft.server.watch.timeout = 10s (default)
2019-10-25 05:11:03,710 [632d1f61-1fb0-4a9b-a27f-4f3ee937db0d@group-E1777AD31C3D-LeaderElection3] INFO  server.RaftServerConfigKeys (ConfUtils.java:logGet(43)) - raft.server.watch.timeout.denomination = 1s (default)
2019-10-25 05:11:03,710 [632d1f61-1fb0-4a9b-a27f-4f3ee937db0d@group-E1777AD31C3D-LeaderElection3] INFO  server.RaftServerConfigKeys (ConfUtils.java:logGet(43)) - raft.server.watch.element-limit = 65536 (default)
2019-10-25 05:11:03,710 [632d1f61-1fb0-4a9b-a27f-4f3ee937db0d@group-E1777AD31C3D-LeaderElection3] INFO  impl.RoleInfo (RoleInfo.java:updateAndGet(143)) - 632d1f61-1fb0-4a9b-a27f-4f3ee937db0d: start LeaderState
2019-10-25 05:11:03,710 [EventQueue-PipelineReportForPipelineReportHandler] INFO  pipeline.PipelineReportHandler (PipelineReportHandler.java:processPipelineReport(104)) - Pipeline PipelineID=426e9ffc-d9d2-4905-9b05-e1777ad31c3d reported by 632d1f61-1fb0-4a9b-a27f-4f3ee937db0d{ip: 192.168.157.246, host: pr-hdds-1868-bb2j8-1277741604, networkLocation: /default-rack, certSerialId: null} isLeader?: true
2019-10-25 05:11:03,711 [632d1f61-1fb0-4a9b-a27f-4f3ee937db0d@group-E1777AD31C3D-LeaderElection3] INFO  segmented.SegmentedRaftLogWorker (SegmentedRaftLogWorker.java:startLogSegment(385)) - 632d1f61-1fb0-4a9b-a27f-4f3ee937db0d@group-E1777AD31C3D-SegmentedRaftLogWorker: Starting segment from index:0
2019-10-25 05:11:03,711 [EventQueue-PipelineReportForPipelineReportHandler] INFO  pipeline.PipelineStateManager (PipelineStateManager.java:openPipeline(134)) - Pipeline Pipeline[ Id: 426e9ffc-d9d2-4905-9b05-e1777ad31c3d, Nodes: 632d1f61-1fb0-4a9b-a27f-4f3ee937db0d{ip: 192.168.157.246, host: pr-hdds-1868-bb2j8-1277741604, networkLocation: /default-rack, certSerialId: null}, Type:RATIS, Factor:ONE, State:OPEN] moved to OPEN state
2019-10-25 05:11:03,716 [632d1f61-1fb0-4a9b-a27f-4f3ee937db0d@group-E1777AD31C3D-LeaderElection3] INFO  impl.RaftServerImpl (ServerState.java:setRaftConf(356)) - 632d1f61-1fb0-4a9b-a27f-4f3ee937db0d@group-E1777AD31C3D: set configuration 0: [632d1f61-1fb0-4a9b-a27f-4f3ee937db0d:192.168.157.246:46686], old=null at 0
2019-10-25 05:11:03,718 [792578c8-58d9-41cb-99fd-534993a904b7@group-97C719019643-LeaderElection2] INFO  impl.RaftServerImpl (ServerState.java:setRaftConf(356)) - 792578c8-58d9-41cb-99fd-534993a904b7@group-97C719019643: set configuration 0: [632d1f61-1fb0-4a9b-a27f-4f3ee937db0d:192.168.157.246:46686, 792578c8-58d9-41cb-99fd-534993a904b7:192.168.157.246:34810, 154b23c8-147d-4903-89d2-8045c7557393:192.168.157.246:33226], old=null at 0
2019-10-25 05:11:03,744 [Thread-231] INFO  impl.FollowerState (FollowerState.java:run(111)) - 154b23c8-147d-4903-89d2-8045c7557393@group-2FC7DFFC7C10-FollowerState: change to CANDIDATE, lastRpcTime:5029ms, electionTimeout:5028ms
2019-10-25 05:11:03,744 [Thread-231] INFO  impl.RoleInfo (RoleInfo.java:shutdownFollowerState(121)) - 154b23c8-147d-4903-89d2-8045c7557393: shutdown FollowerState
2019-10-25 05:11:03,744 [Thread-231] INFO  impl.RaftServerImpl (RaftServerImpl.java:setRole(173)) - 154b23c8-147d-4903-89d2-8045c7557393@group-2FC7DFFC7C10: changes role from  FOLLOWER to CANDIDATE at term 0 for changeToCandidate
2019-10-25 05:11:03,744 [grpc-default-executor-2] INFO  ratis.XceiverServerRatis (XceiverServerRatis.java:handleLeaderChangedNotification(702)) - Leader change notification received for group: group-97C719019643 with new leaderId: 792578c8-58d9-41cb-99fd-534993a904b7
2019-10-25 05:11:03,744 [Thread-231] INFO  impl.RoleInfo (RoleInfo.java:updateAndGet(143)) - 154b23c8-147d-4903-89d2-8045c7557393: start LeaderElection
2019-10-25 05:11:03,744 [grpc-default-executor-0] INFO  ratis.XceiverServerRatis (XceiverServerRatis.java:handleLeaderChangedNotification(702)) - Leader change notification received for group: group-97C719019643 with new leaderId: 792578c8-58d9-41cb-99fd-534993a904b7
2019-10-25 05:11:03,745 [grpc-default-executor-2] INFO  impl.RaftServerImpl (ServerState.java:setLeader(255)) - 154b23c8-147d-4903-89d2-8045c7557393@group-97C719019643: change Leader from null to 792578c8-58d9-41cb-99fd-534993a904b7 at term 1 for appendEntries, leader elected after 5226ms
2019-10-25 05:11:03,745 [grpc-default-executor-0] INFO  impl.RaftServerImpl (ServerState.java:setLeader(255)) - 632d1f61-1fb0-4a9b-a27f-4f3ee937db0d@group-97C719019643: change Leader from null to 792578c8-58d9-41cb-99fd-534993a904b7 at term 1 for appendEntries, leader elected after 5226ms
2019-10-25 05:11:03,762 [154b23c8-147d-4903-89d2-8045c7557393@group-2FC7DFFC7C10-LeaderElection4] INFO  impl.LeaderElection (LeaderElection.java:askForVotes(178)) - 154b23c8-147d-4903-89d2-8045c7557393@group-2FC7DFFC7C10-LeaderElection4: begin an election at term 1 for -1: [154b23c8-147d-4903-89d2-8045c7557393:192.168.157.246:33226], old=null
2019-10-25 05:11:03,762 [154b23c8-147d-4903-89d2-8045c7557393@group-2FC7DFFC7C10-LeaderElection4] INFO  impl.RoleInfo (RoleInfo.java:shutdownLeaderElection(134)) - 154b23c8-147d-4903-89d2-8045c7557393: shutdown LeaderElection
2019-10-25 05:11:03,762 [154b23c8-147d-4903-89d2-8045c7557393@group-2FC7DFFC7C10-LeaderElection4] INFO  impl.RaftServerImpl (RaftServerImpl.java:setRole(173)) - 154b23c8-147d-4903-89d2-8045c7557393@group-2FC7DFFC7C10: changes role from CANDIDATE to LEADER at term 1 for changeToLeader
2019-10-25 05:11:03,762 [154b23c8-147d-4903-89d2-8045c7557393@group-2FC7DFFC7C10-LeaderElection4] INFO  ratis.XceiverServerRatis (XceiverServerRatis.java:handleLeaderChangedNotification(702)) - Leader change notification received for group: group-2FC7DFFC7C10 with new leaderId: 154b23c8-147d-4903-89d2-8045c7557393
2019-10-25 05:11:03,763 [154b23c8-147d-4903-89d2-8045c7557393@group-2FC7DFFC7C10-LeaderElection4] INFO  impl.RaftServerImpl (ServerState.java:setLeader(255)) - 154b23c8-147d-4903-89d2-8045c7557393@group-2FC7DFFC7C10: change Leader from null to 154b23c8-147d-4903-89d2-8045c7557393 at term 1 for becomeLeader, leader elected after 5053ms
2019-10-25 05:11:03,763 [154b23c8-147d-4903-89d2-8045c7557393@group-2FC7DFFC7C10-LeaderElection4] INFO  server.RaftServerConfigKeys (ConfUtils.java:logGet(43)) - raft.server.staging.catchup.gap = 1000 (default)
2019-10-25 05:11:03,763 [154b23c8-147d-4903-89d2-8045c7557393@group-2FC7DFFC7C10-LeaderElection4] INFO  server.RaftServerConfigKeys (ConfUtils.java:logGet(43)) - raft.server.rpc.sleep.time = 25ms (default)
2019-10-25 05:11:03,763 [154b23c8-147d-4903-89d2-8045c7557393@group-2FC7DFFC7C10-LeaderElection4] INFO  server.RaftServerConfigKeys (ConfUtils.java:logGet(43)) - raft.server.write.element-limit = 4096 (default)
2019-10-25 05:11:03,763 [154b23c8-147d-4903-89d2-8045c7557393@group-2FC7DFFC7C10-LeaderElection4] INFO  server.RaftServerConfigKeys (ConfUtils.java:logGet(43)) - raft.server.watch.timeout = 10s (default)
2019-10-25 05:11:03,764 [154b23c8-147d-4903-89d2-8045c7557393@group-2FC7DFFC7C10-LeaderElection4] INFO  server.RaftServerConfigKeys (ConfUtils.java:logGet(43)) - raft.server.watch.timeout.denomination = 1s (default)
2019-10-25 05:11:03,764 [154b23c8-147d-4903-89d2-8045c7557393@group-2FC7DFFC7C10-LeaderElection4] INFO  server.RaftServerConfigKeys (ConfUtils.java:logGet(43)) - raft.server.watch.element-limit = 65536 (default)
2019-10-25 05:11:03,764 [154b23c8-147d-4903-89d2-8045c7557393@group-2FC7DFFC7C10-LeaderElection4] INFO  impl.RoleInfo (RoleInfo.java:updateAndGet(143)) - 154b23c8-147d-4903-89d2-8045c7557393: start LeaderState
2019-10-25 05:11:03,764 [EventQueue-PipelineReportForPipelineReportHandler] INFO  pipeline.PipelineReportHandler (PipelineReportHandler.java:processPipelineReport(104)) - Pipeline PipelineID=7e334e06-4ef7-46b6-93f3-2fc7dffc7c10 reported by 154b23c8-147d-4903-89d2-8045c7557393{ip: 192.168.157.246, host: pr-hdds-1868-bb2j8-1277741604, networkLocation: /default-rack, certSerialId: null} isLeader?: true
2019-10-25 05:11:03,764 [154b23c8-147d-4903-89d2-8045c7557393@group-2FC7DFFC7C10-LeaderElection4] INFO  segmented.SegmentedRaftLogWorker (SegmentedRaftLogWorker.java:startLogSegment(385)) - 154b23c8-147d-4903-89d2-8045c7557393@group-2FC7DFFC7C10-SegmentedRaftLogWorker: Starting segment from index:0
2019-10-25 05:11:03,764 [EventQueue-PipelineReportForPipelineReportHandler] INFO  pipeline.PipelineStateManager (PipelineStateManager.java:openPipeline(134)) - Pipeline Pipeline[ Id: 7e334e06-4ef7-46b6-93f3-2fc7dffc7c10, Nodes: 154b23c8-147d-4903-89d2-8045c7557393{ip: 192.168.157.246, host: pr-hdds-1868-bb2j8-1277741604, networkLocation: /default-rack, certSerialId: null}, Type:RATIS, Factor:ONE, State:OPEN] moved to OPEN state
2019-10-25 05:11:03,765 [154b23c8-147d-4903-89d2-8045c7557393@group-2FC7DFFC7C10-LeaderElection4] INFO  impl.RaftServerImpl (ServerState.java:setRaftConf(356)) - 154b23c8-147d-4903-89d2-8045c7557393@group-2FC7DFFC7C10: set configuration 0: [154b23c8-147d-4903-89d2-8045c7557393:192.168.157.246:33226], old=null at 0
2019-10-25 05:11:03,781 [grpc-default-executor-0] INFO  impl.RaftServerImpl (ServerState.java:setRaftConf(356)) - 154b23c8-147d-4903-89d2-8045c7557393@group-97C719019643: set configuration 0: [632d1f61-1fb0-4a9b-a27f-4f3ee937db0d:192.168.157.246:46686, 792578c8-58d9-41cb-99fd-534993a904b7:192.168.157.246:34810, 154b23c8-147d-4903-89d2-8045c7557393:192.168.157.246:33226], old=null at 0
2019-10-25 05:11:03,782 [grpc-default-executor-2] INFO  impl.RaftServerImpl (ServerState.java:setRaftConf(356)) - 632d1f61-1fb0-4a9b-a27f-4f3ee937db0d@group-97C719019643: set configuration 0: [632d1f61-1fb0-4a9b-a27f-4f3ee937db0d:192.168.157.246:46686, 792578c8-58d9-41cb-99fd-534993a904b7:192.168.157.246:34810, 154b23c8-147d-4903-89d2-8045c7557393:192.168.157.246:33226], old=null at 0
2019-10-25 05:11:03,782 [grpc-default-executor-0] INFO  segmented.SegmentedRaftLogWorker (SegmentedRaftLogWorker.java:startLogSegment(385)) - 154b23c8-147d-4903-89d2-8045c7557393@group-97C719019643-SegmentedRaftLogWorker: Starting segment from index:0
2019-10-25 05:11:03,782 [grpc-default-executor-2] INFO  segmented.SegmentedRaftLogWorker (SegmentedRaftLogWorker.java:startLogSegment(385)) - 632d1f61-1fb0-4a9b-a27f-4f3ee937db0d@group-97C719019643-SegmentedRaftLogWorker: Starting segment from index:0
2019-10-25 05:11:03,898 [632d1f61-1fb0-4a9b-a27f-4f3ee937db0d@group-E1777AD31C3D-SegmentedRaftLogWorker] INFO  segmented.SegmentedRaftLogWorker (SegmentedRaftLogWorker.java:execute(576)) - 632d1f61-1fb0-4a9b-a27f-4f3ee937db0d@group-E1777AD31C3D-SegmentedRaftLogWorker: created new log segment /workdir/hadoop-ozone/integration-test/target/test-dir/MiniOzoneClusterImpl-03c1ce70-80a7-4992-b672-f5473244ce42/datanode-1/data/ratis/426e9ffc-d9d2-4905-9b05-e1777ad31c3d/current/log_inprogress_0
2019-10-25 05:11:03,898 [154b23c8-147d-4903-89d2-8045c7557393@group-97C719019643-SegmentedRaftLogWorker] INFO  segmented.SegmentedRaftLogWorker (SegmentedRaftLogWorker.java:execute(576)) - 154b23c8-147d-4903-89d2-8045c7557393@group-97C719019643-SegmentedRaftLogWorker: created new log segment /workdir/hadoop-ozone/integration-test/target/test-dir/MiniOzoneClusterImpl-03c1ce70-80a7-4992-b672-f5473244ce42/datanode-0/data/ratis/51c31d15-6363-40f4-9154-97c719019643/current/log_inprogress_0
2019-10-25 05:11:03,898 [154b23c8-147d-4903-89d2-8045c7557393@group-2FC7DFFC7C10-SegmentedRaftLogWorker] INFO  segmented.SegmentedRaftLogWorker (SegmentedRaftLogWorker.java:execute(576)) - 154b23c8-147d-4903-89d2-8045c7557393@group-2FC7DFFC7C10-SegmentedRaftLogWorker: created new log segment /workdir/hadoop-ozone/integration-test/target/test-dir/MiniOzoneClusterImpl-03c1ce70-80a7-4992-b672-f5473244ce42/datanode-0/data/ratis/7e334e06-4ef7-46b6-93f3-2fc7dffc7c10/current/log_inprogress_0
2019-10-25 05:11:03,898 [792578c8-58d9-41cb-99fd-534993a904b7@group-97C719019643-SegmentedRaftLogWorker] INFO  segmented.SegmentedRaftLogWorker (SegmentedRaftLogWorker.java:execute(576)) - 792578c8-58d9-41cb-99fd-534993a904b7@group-97C719019643-SegmentedRaftLogWorker: created new log segment /workdir/hadoop-ozone/integration-test/target/test-dir/MiniOzoneClusterImpl-03c1ce70-80a7-4992-b672-f5473244ce42/datanode-2/data/ratis/51c31d15-6363-40f4-9154-97c719019643/current/log_inprogress_0
2019-10-25 05:11:03,898 [632d1f61-1fb0-4a9b-a27f-4f3ee937db0d@group-97C719019643-SegmentedRaftLogWorker] INFO  segmented.SegmentedRaftLogWorker (SegmentedRaftLogWorker.java:execute(576)) - 632d1f61-1fb0-4a9b-a27f-4f3ee937db0d@group-97C719019643-SegmentedRaftLogWorker: created new log segment /workdir/hadoop-ozone/integration-test/target/test-dir/MiniOzoneClusterImpl-03c1ce70-80a7-4992-b672-f5473244ce42/datanode-1/data/ratis/51c31d15-6363-40f4-9154-97c719019643/current/log_inprogress_0
2019-10-25 05:11:03,920 [Thread-235] INFO  impl.FollowerState (FollowerState.java:run(111)) - 792578c8-58d9-41cb-99fd-534993a904b7@group-3AE6A8DEA28A-FollowerState: change to CANDIDATE, lastRpcTime:5111ms, electionTimeout:5111ms
2019-10-25 05:11:03,920 [Thread-235] INFO  impl.RoleInfo (RoleInfo.java:shutdownFollowerState(121)) - 792578c8-58d9-41cb-99fd-534993a904b7: shutdown FollowerState
2019-10-25 05:11:03,921 [Thread-235] INFO  impl.RaftServerImpl (RaftServerImpl.java:setRole(173)) - 792578c8-58d9-41cb-99fd-534993a904b7@group-3AE6A8DEA28A: changes role from  FOLLOWER to CANDIDATE at term 0 for changeToCandidate
2019-10-25 05:11:03,921 [Thread-235] INFO  impl.RoleInfo (RoleInfo.java:updateAndGet(143)) - 792578c8-58d9-41cb-99fd-534993a904b7: start LeaderElection
2019-10-25 05:11:03,936 [792578c8-58d9-41cb-99fd-534993a904b7@group-3AE6A8DEA28A-LeaderElection5] INFO  impl.LeaderElection (LeaderElection.java:askForVotes(178)) - 792578c8-58d9-41cb-99fd-534993a904b7@group-3AE6A8DEA28A-LeaderElection5: begin an election at term 1 for -1: [792578c8-58d9-41cb-99fd-534993a904b7:192.168.157.246:34810], old=null
2019-10-25 05:11:03,936 [792578c8-58d9-41cb-99fd-534993a904b7@group-3AE6A8DEA28A-LeaderElection5] INFO  impl.RoleInfo (RoleInfo.java:shutdownLeaderElection(134)) - 792578c8-58d9-41cb-99fd-534993a904b7: shutdown LeaderElection
2019-10-25 05:11:03,936 [792578c8-58d9-41cb-99fd-534993a904b7@group-3AE6A8DEA28A-LeaderElection5] INFO  impl.RaftServerImpl (RaftServerImpl.java:setRole(173)) - 792578c8-58d9-41cb-99fd-534993a904b7@group-3AE6A8DEA28A: changes role from CANDIDATE to LEADER at term 1 for changeToLeader
2019-10-25 05:11:03,937 [792578c8-58d9-41cb-99fd-534993a904b7@group-3AE6A8DEA28A-LeaderElection5] INFO  ratis.XceiverServerRatis (XceiverServerRatis.java:handleLeaderChangedNotification(702)) - Leader change notification received for group: group-3AE6A8DEA28A with new leaderId: 792578c8-58d9-41cb-99fd-534993a904b7
2019-10-25 05:11:03,937 [792578c8-58d9-41cb-99fd-534993a904b7@group-3AE6A8DEA28A-LeaderElection5] INFO  impl.RaftServerImpl (ServerState.java:setLeader(255)) - 792578c8-58d9-41cb-99fd-534993a904b7@group-3AE6A8DEA28A: change Leader from null to 792578c8-58d9-41cb-99fd-534993a904b7 at term 1 for becomeLeader, leader elected after 5133ms
2019-10-25 05:11:03,937 [792578c8-58d9-41cb-99fd-534993a904b7@group-3AE6A8DEA28A-LeaderElection5] INFO  server.RaftServerConfigKeys (ConfUtils.java:logGet(43)) - raft.server.staging.catchup.gap = 1000 (default)
2019-10-25 05:11:03,937 [792578c8-58d9-41cb-99fd-534993a904b7@group-3AE6A8DEA28A-LeaderElection5] INFO  server.RaftServerConfigKeys (ConfUtils.java:logGet(43)) - raft.server.rpc.sleep.time = 25ms (default)
2019-10-25 05:11:03,937 [792578c8-58d9-41cb-99fd-534993a904b7@group-3AE6A8DEA28A-LeaderElection5] INFO  server.RaftServerConfigKeys (ConfUtils.java:logGet(43)) - raft.server.write.element-limit = 4096 (default)
2019-10-25 05:11:03,938 [792578c8-58d9-41cb-99fd-534993a904b7@group-3AE6A8DEA28A-LeaderElection5] INFO  server.RaftServerConfigKeys (ConfUtils.java:logGet(43)) - raft.server.watch.timeout = 10s (default)
2019-10-25 05:11:03,938 [792578c8-58d9-41cb-99fd-534993a904b7@group-3AE6A8DEA28A-LeaderElection5] INFO  server.RaftServerConfigKeys (ConfUtils.java:logGet(43)) - raft.server.watch.timeout.denomination = 1s (default)
2019-10-25 05:11:03,938 [792578c8-58d9-41cb-99fd-534993a904b7@group-3AE6A8DEA28A-LeaderElection5] INFO  server.RaftServerConfigKeys (ConfUtils.java:logGet(43)) - raft.server.watch.element-limit = 65536 (default)
2019-10-25 05:11:03,938 [792578c8-58d9-41cb-99fd-534993a904b7@group-3AE6A8DEA28A-LeaderElection5] INFO  impl.RoleInfo (RoleInfo.java:updateAndGet(143)) - 792578c8-58d9-41cb-99fd-534993a904b7: start LeaderState
2019-10-25 05:11:03,938 [792578c8-58d9-41cb-99fd-534993a904b7@group-3AE6A8DEA28A-LeaderElection5] INFO  segmented.SegmentedRaftLogWorker (SegmentedRaftLogWorker.java:startLogSegment(385)) - 792578c8-58d9-41cb-99fd-534993a904b7@group-3AE6A8DEA28A-SegmentedRaftLogWorker: Starting segment from index:0
2019-10-25 05:11:03,938 [EventQueue-PipelineReportForPipelineReportHandler] INFO  pipeline.PipelineReportHandler (PipelineReportHandler.java:processPipelineReport(104)) - Pipeline PipelineID=bc4222f0-c4e4-4d8a-874a-3ae6a8dea28a reported by 792578c8-58d9-41cb-99fd-534993a904b7{ip: 192.168.157.246, host: pr-hdds-1868-bb2j8-1277741604, networkLocation: /default-rack, certSerialId: null} isLeader?: true
2019-10-25 05:11:03,939 [792578c8-58d9-41cb-99fd-534993a904b7@group-3AE6A8DEA28A-LeaderElection5] INFO  impl.RaftServerImpl (ServerState.java:setRaftConf(356)) - 792578c8-58d9-41cb-99fd-534993a904b7@group-3AE6A8DEA28A: set configuration 0: [792578c8-58d9-41cb-99fd-534993a904b7:192.168.157.246:34810], old=null at 0
2019-10-25 05:11:03,939 [EventQueue-PipelineReportForPipelineReportHandler] INFO  pipeline.PipelineStateManager (PipelineStateManager.java:openPipeline(134)) - Pipeline Pipeline[ Id: bc4222f0-c4e4-4d8a-874a-3ae6a8dea28a, Nodes: 792578c8-58d9-41cb-99fd-534993a904b7{ip: 192.168.157.246, host: pr-hdds-1868-bb2j8-1277741604, networkLocation: /default-rack, certSerialId: null}, Type:RATIS, Factor:ONE, State:OPEN] moved to OPEN state
2019-10-25 05:11:03,977 [792578c8-58d9-41cb-99fd-534993a904b7@group-3AE6A8DEA28A-SegmentedRaftLogWorker] INFO  segmented.SegmentedRaftLogWorker (SegmentedRaftLogWorker.java:execute(576)) - 792578c8-58d9-41cb-99fd-534993a904b7@group-3AE6A8DEA28A-SegmentedRaftLogWorker: created new log segment /workdir/hadoop-ozone/integration-test/target/test-dir/MiniOzoneClusterImpl-03c1ce70-80a7-4992-b672-f5473244ce42/datanode-2/data/ratis/bc4222f0-c4e4-4d8a-874a-3ae6a8dea28a/current/log_inprogress_0
2019-10-25 05:11:04,292 [main] INFO  ozone.MiniOzoneClusterImpl (MiniOzoneClusterImpl.java:lambda$waitForClusterToBeReady$2(171)) - Cluster is ready. Got 3 of 3 DN Heartbeats.
2019-10-25 05:11:05,129 [main] INFO  rpc.RpcClient (RpcClient.java:createVolume(272)) - Creating Volume: testcontainerstatemachinefailures, with jenkins1000 as owner.
2019-10-25 05:11:05,230 [IPC Server handler 5 on 33595] INFO  volume.OMVolumeCreateRequest (OMVolumeCreateRequest.java:validateAndUpdateCache(193)) - created volume:testcontainerstatemachinefailures for user:jenkins1000
2019-10-25 05:11:05,272 [main] INFO  rpc.RpcClient (RpcClient.java:createBucket(411)) - Creating Bucket: testcontainerstatemachinefailures/testcontainerstatemachinefailures, with Versioning false and Storage Type set to DISK and Encryption set to false 
2019-10-25 05:11:05,340 [IPC Server handler 0 on 39467] INFO  server.SCMBlockProtocolServer (SCMBlockProtocolServer.java:allocateBlock(179)) - Allocating 1 blocks of size 4194304, with ExcludeList {datanodes = [], containerIds = [], pipelineIds = []}
2019-10-25 05:11:05,436 [main] INFO  impl.MetricsSystemImpl (MetricsSystemImpl.java:init(158)) - XceiverClientMetrics metrics system started (again)
2019-10-25 05:11:05,899 [Datanode State Machine Thread - 0] INFO  statemachine.DatanodeStateMachine (DatanodeStateMachine.java:lambda$startDaemon$0(350)) - Ozone container server started.
2019-10-25 05:11:10,858 [main] INFO  ozoneimpl.OzoneContainer (OzoneContainer.java:stop(227)) - Attempting to stop container services.
2019-10-25 05:11:10,859 [main] INFO  impl.RaftServerProxy (RaftServerProxy.java:lambda$close$4(314)) - 632d1f61-1fb0-4a9b-a27f-4f3ee937db0d: close
2019-10-25 05:11:10,861 [main] INFO  impl.RaftServerImpl (RaftServerImpl.java:lambda$shutdown$3(250)) - 632d1f61-1fb0-4a9b-a27f-4f3ee937db0d@group-97C719019643: shutdown
2019-10-25 05:11:10,861 [ForkJoinPool.commonPool-worker-0] INFO  impl.RaftServerImpl (RaftServerImpl.java:lambda$shutdown$3(250)) - 632d1f61-1fb0-4a9b-a27f-4f3ee937db0d@group-E1777AD31C3D: shutdown
2019-10-25 05:11:10,861 [main] INFO  util.JmxRegister (JmxRegister.java:unregister(73)) - Successfully un-registered JMX Bean with object name Ratis:service=RaftServer,group=group-97C719019643,id=632d1f61-1fb0-4a9b-a27f-4f3ee937db0d
2019-10-25 05:11:10,862 [ForkJoinPool.commonPool-worker-0] INFO  util.JmxRegister (JmxRegister.java:unregister(73)) - Successfully un-registered JMX Bean with object name Ratis:service=RaftServer,group=group-E1777AD31C3D,id=632d1f61-1fb0-4a9b-a27f-4f3ee937db0d
2019-10-25 05:11:10,862 [main] INFO  impl.RoleInfo (RoleInfo.java:shutdownFollowerState(121)) - 632d1f61-1fb0-4a9b-a27f-4f3ee937db0d: shutdown FollowerState
2019-10-25 05:11:10,862 [ForkJoinPool.commonPool-worker-0] INFO  impl.RoleInfo (RoleInfo.java:shutdownLeaderState(104)) - 632d1f61-1fb0-4a9b-a27f-4f3ee937db0d: shutdown LeaderState
2019-10-25 05:11:10,863 [Thread-253] INFO  impl.FollowerState (FollowerState.java:run(120)) - 632d1f61-1fb0-4a9b-a27f-4f3ee937db0d@group-97C719019643-FollowerState was interrupted: java.lang.InterruptedException: sleep interrupted
2019-10-25 05:11:10,863 [main] INFO  impl.StateMachineUpdater (StateMachineUpdater.java:stopAndJoin(136)) - 632d1f61-1fb0-4a9b-a27f-4f3ee937db0d@group-97C719019643-StateMachineUpdater: set stopIndex = 4
2019-10-25 05:11:10,863 [632d1f61-1fb0-4a9b-a27f-4f3ee937db0d@group-97C719019643-StateMachineUpdater] INFO  ratis.ContainerStateMachine (ContainerStateMachine.java:takeSnapshot(296)) - group-97C719019643: Taking a snapshot at:(t:1, i:3) file /workdir/hadoop-ozone/integration-test/target/test-dir/MiniOzoneClusterImpl-03c1ce70-80a7-4992-b672-f5473244ce42/datanode-1/data/ratis/51c31d15-6363-40f4-9154-97c719019643/sm/snapshot.1_3
2019-10-25 05:11:10,865 [ForkJoinPool.commonPool-worker-0] INFO  impl.PendingRequests (PendingRequests.java:sendNotLeaderResponses(206)) - 632d1f61-1fb0-4a9b-a27f-4f3ee937db0d@group-E1777AD31C3D-PendingRequests: sendNotLeaderResponses
2019-10-25 05:11:10,868 [ForkJoinPool.commonPool-worker-0] INFO  impl.StateMachineUpdater (StateMachineUpdater.java:stopAndJoin(136)) - 632d1f61-1fb0-4a9b-a27f-4f3ee937db0d@group-E1777AD31C3D-StateMachineUpdater: set stopIndex = 0
2019-10-25 05:11:10,869 [ForkJoinPool.commonPool-worker-0] INFO  impl.RaftServerImpl (ServerState.java:close(387)) - 632d1f61-1fb0-4a9b-a27f-4f3ee937db0d@group-E1777AD31C3D: closes. applyIndex: 0
2019-10-25 05:11:10,870 [632d1f61-1fb0-4a9b-a27f-4f3ee937db0d@group-E1777AD31C3D-SegmentedRaftLogWorker] INFO  segmented.SegmentedRaftLogWorker (SegmentedRaftLogWorker.java:run(316)) - 632d1f61-1fb0-4a9b-a27f-4f3ee937db0d@group-E1777AD31C3D-SegmentedRaftLogWorker was interrupted, exiting. There are 0 tasks remaining in the queue.
2019-10-25 05:11:10,871 [ForkJoinPool.commonPool-worker-0] INFO  segmented.SegmentedRaftLogWorker (SegmentedRaftLogWorker.java:close(224)) - 632d1f61-1fb0-4a9b-a27f-4f3ee937db0d@group-E1777AD31C3D-SegmentedRaftLogWorker close()
2019-10-25 05:11:10,952 [632d1f61-1fb0-4a9b-a27f-4f3ee937db0d@group-97C719019643-StateMachineUpdater] INFO  ratis.ContainerStateMachine (ContainerStateMachine.java:takeSnapshot(307)) - group-97C719019643: Finished taking a snapshot at:(t:1, i:3) file:/workdir/hadoop-ozone/integration-test/target/test-dir/MiniOzoneClusterImpl-03c1ce70-80a7-4992-b672-f5473244ce42/datanode-1/data/ratis/51c31d15-6363-40f4-9154-97c719019643/sm/snapshot.1_3 time:90
2019-10-25 05:11:10,954 [632d1f61-1fb0-4a9b-a27f-4f3ee937db0d@group-97C719019643-StateMachineUpdater] INFO  impl.StateMachineUpdater (StateMachineUpdater.java:takeSnapshot(269)) - 632d1f61-1fb0-4a9b-a27f-4f3ee937db0d@group-97C719019643-StateMachineUpdater: Took a snapshot at index 3
2019-10-25 05:11:10,954 [632d1f61-1fb0-4a9b-a27f-4f3ee937db0d@group-97C719019643-StateMachineUpdater] INFO  impl.StateMachineUpdater (StateMachineUpdater.java:lambda$new$0(84)) - 632d1f61-1fb0-4a9b-a27f-4f3ee937db0d@group-97C719019643-StateMachineUpdater: snapshotIndex: updateIncreasingly -1 -> 3
2019-10-25 05:11:10,957 [632d1f61-1fb0-4a9b-a27f-4f3ee937db0d@group-97C719019643-StateMachineUpdater] INFO  ratis.ContainerStateMachine (ContainerStateMachine.java:takeSnapshot(296)) - group-97C719019643: Taking a snapshot at:(t:1, i:3) file /workdir/hadoop-ozone/integration-test/target/test-dir/MiniOzoneClusterImpl-03c1ce70-80a7-4992-b672-f5473244ce42/datanode-1/data/ratis/51c31d15-6363-40f4-9154-97c719019643/sm/snapshot.1_3
2019-10-25 05:11:10,964 [632d1f61-1fb0-4a9b-a27f-4f3ee937db0d@group-97C719019643-StateMachineUpdater] INFO  ratis.ContainerStateMachine (ContainerStateMachine.java:takeSnapshot(307)) - group-97C719019643: Finished taking a snapshot at:(t:1, i:3) file:/workdir/hadoop-ozone/integration-test/target/test-dir/MiniOzoneClusterImpl-03c1ce70-80a7-4992-b672-f5473244ce42/datanode-1/data/ratis/51c31d15-6363-40f4-9154-97c719019643/sm/snapshot.1_3 time:6
2019-10-25 05:11:10,964 [632d1f61-1fb0-4a9b-a27f-4f3ee937db0d@group-97C719019643-StateMachineUpdater] INFO  impl.StateMachineUpdater (StateMachineUpdater.java:takeSnapshot(269)) - 632d1f61-1fb0-4a9b-a27f-4f3ee937db0d@group-97C719019643-StateMachineUpdater: Took a snapshot at index 3
2019-10-25 05:11:10,964 [632d1f61-1fb0-4a9b-a27f-4f3ee937db0d@group-97C719019643-StateMachineUpdater] INFO  impl.StateMachineUpdater (StateMachineUpdater.java:lambda$new$0(84)) - 632d1f61-1fb0-4a9b-a27f-4f3ee937db0d@group-97C719019643-StateMachineUpdater: snapshotIndex: updateIncreasingly 3 -> 3
2019-10-25 05:11:10,964 [main] INFO  impl.RaftServerImpl (ServerState.java:close(387)) - 632d1f61-1fb0-4a9b-a27f-4f3ee937db0d@group-97C719019643: closes. applyIndex: 4
2019-10-25 05:11:10,965 [632d1f61-1fb0-4a9b-a27f-4f3ee937db0d@group-97C719019643-SegmentedRaftLogWorker] INFO  segmented.SegmentedRaftLogWorker (SegmentedRaftLogWorker.java:run(316)) - 632d1f61-1fb0-4a9b-a27f-4f3ee937db0d@group-97C719019643-SegmentedRaftLogWorker was interrupted, exiting. There are 0 tasks remaining in the queue.
2019-10-25 05:11:10,967 [main] INFO  segmented.SegmentedRaftLogWorker (SegmentedRaftLogWorker.java:close(224)) - 632d1f61-1fb0-4a9b-a27f-4f3ee937db0d@group-97C719019643-SegmentedRaftLogWorker close()
2019-10-25 05:11:10,969 [main] INFO  server.GrpcService (GrpcService.java:closeImpl(164)) - 632d1f61-1fb0-4a9b-a27f-4f3ee937db0d: shutdown server with port 46686 now
2019-10-25 05:11:10,975 [main] INFO  server.GrpcService (GrpcService.java:closeImpl(172)) - 632d1f61-1fb0-4a9b-a27f-4f3ee937db0d: shutdown server with port 46686 successfully
2019-10-25 05:11:10,976 [grpc-default-executor-2] WARN  server.GrpcServerProtocolService (LogUtils.java:warn(134)) - 632d1f61-1fb0-4a9b-a27f-4f3ee937db0d: installSnapshot onError, lastRequest: 792578c8-58d9-41cb-99fd-534993a904b7->632d1f61-1fb0-4a9b-a27f-4f3ee937db0d#7-t1, previous=(t:1, i:4), leaderCommit=4, initializing? false, entries: <empty>: org.apache.ratis.thirdparty.io.grpc.StatusRuntimeException: CANCELLED: cancelled before receiving half close
2019-10-25 05:11:10,979 [refreshUsed-/workdir/hadoop-ozone/integration-test/target/test-dir/MiniOzoneClusterImpl-03c1ce70-80a7-4992-b672-f5473244ce42/datanode-1/data/containers] WARN  fs.CachingGetSpaceUsed (CachingGetSpaceUsed.java:run(183)) - Thread Interrupted waiting to refresh disk information: sleep interrupted
2019-10-25 05:11:10,980 [grpc-default-executor-0] WARN  server.GrpcLogAppender (LogUtils.java:warn(134)) - 792578c8-58d9-41cb-99fd-534993a904b7@group-97C719019643->632d1f61-1fb0-4a9b-a27f-4f3ee937db0d-AppendLogResponseHandler: Failed appendEntries: org.apache.ratis.thirdparty.io.grpc.StatusRuntimeException: CANCELLED: HTTP/2 error code: CANCEL
Received Rst Stream
2019-10-25 05:11:10,994 [main] INFO  utils.BackgroundService (BackgroundService.java:shutdown(151)) - Shutting down service BlockDeletingService
2019-10-25 05:11:10,997 [main] INFO  statemachine.DatanodeStateMachine (DatanodeStateMachine.java:stopDaemon(395)) - Ozone container server stopped.
2019-10-25 05:11:11,001 [main] INFO  handler.ContextHandler (ContextHandler.java:doStop(910)) - Stopped o.e.j.w.WebAppContext@2f37f1f9{/,null,UNAVAILABLE}{/hddsDatanode}
2019-10-25 05:11:11,006 [main] INFO  server.AbstractConnector (AbstractConnector.java:doStop(318)) - Stopped ServerConnector@3374b5bc{HTTP/1.1,[http/1.1]}{0.0.0.0:0}
2019-10-25 05:11:11,006 [main] INFO  handler.ContextHandler (ContextHandler.java:doStop(910)) - Stopped o.e.j.s.ServletContextHandler@78d6447a{/static,jar:file:/home/user/.m2/repository/org/apache/hadoop/hadoop-hdds-container-service/0.5.0-SNAPSHOT/hadoop-hdds-container-service-0.5.0-SNAPSHOT.jar!/webapps/static,UNAVAILABLE}
2019-10-25 05:11:11,007 [main] INFO  handler.ContextHandler (ContextHandler.java:doStop(910)) - Stopped o.e.j.s.ServletContextHandler@38bb9d7a{/logs,file:///workdir/hadoop-ozone/integration-test/target/log,UNAVAILABLE}
2019-10-25 05:11:14,014 [java.util.concurrent.ThreadPoolExecutor$Worker@488e248e[State = -1, empty queue]] WARN  server.GrpcLogAppender (GrpcLogAppender.java:timeoutAppendRequest(209)) - 792578c8-58d9-41cb-99fd-534993a904b7@group-97C719019643->632d1f61-1fb0-4a9b-a27f-4f3ee937db0d-GrpcLogAppender: appendEntries Timeout, request=792578c8-58d9-41cb-99fd-534993a904b7->632d1f61-1fb0-4a9b-a27f-4f3ee937db0d#8-t1, previous=(t:1, i:4), leaderCommit=4, initializing? false, entries: size=1, first=(t:1, i:5), STATEMACHINELOGENTRY, client-E384FFB178A4, cid=20
2019-10-25 05:11:14,016 [java.util.concurrent.ThreadPoolExecutor$Worker@488e248e[State = -1, empty queue]] WARN  server.GrpcLogAppender (GrpcLogAppender.java:timeoutAppendRequest(209)) - 792578c8-58d9-41cb-99fd-534993a904b7@group-97C719019643->632d1f61-1fb0-4a9b-a27f-4f3ee937db0d-GrpcLogAppender: appendEntries Timeout, request=792578c8-58d9-41cb-99fd-534993a904b7->632d1f61-1fb0-4a9b-a27f-4f3ee937db0d#9-t1, previous=(t:1, i:5), leaderCommit=4, initializing? false, entries: size=1, first=(t:1, i:6), STATEMACHINELOGENTRY, client-E384FFB178A4, cid=21
2019-10-25 05:11:14,032 [java.util.concurrent.ThreadPoolExecutor$Worker@488e248e[State = -1, empty queue]] WARN  server.GrpcLogAppender (GrpcLogAppender.java:timeoutAppendRequest(209)) - 792578c8-58d9-41cb-99fd-534993a904b7@group-97C719019643->632d1f61-1fb0-4a9b-a27f-4f3ee937db0d-GrpcLogAppender: appendEntries Timeout, request=792578c8-58d9-41cb-99fd-534993a904b7->632d1f61-1fb0-4a9b-a27f-4f3ee937db0d#10-t1, previous=(t:1, i:6), leaderCommit=6, initializing? false, entries: size=1, first=(t:1, i:7), METADATAENTRY(c5)
2019-10-25 05:11:14,032 [java.util.concurrent.ThreadPoolExecutor$Worker@488e248e[State = -1, empty queue]] WARN  server.GrpcLogAppender (GrpcLogAppender.java:timeoutAppendRequest(209)) - 792578c8-58d9-41cb-99fd-534993a904b7@group-97C719019643->632d1f61-1fb0-4a9b-a27f-4f3ee937db0d-GrpcLogAppender: appendEntries Timeout, request=792578c8-58d9-41cb-99fd-534993a904b7->632d1f61-1fb0-4a9b-a27f-4f3ee937db0d#11-t1, previous=(t:1, i:7), leaderCommit=6, initializing? false, entries: size=1, first=(t:1, i:8), METADATAENTRY(c6)
2019-10-25 05:11:16,534 [java.util.concurrent.ThreadPoolExecutor$Worker@488e248e[State = -1, empty queue]] WARN  server.GrpcLogAppender (GrpcLogAppender.java:timeoutAppendRequest(209)) - 792578c8-58d9-41cb-99fd-534993a904b7@group-97C719019643->632d1f61-1fb0-4a9b-a27f-4f3ee937db0d-GrpcLogAppender: appendEntries Timeout, request=792578c8-58d9-41cb-99fd-534993a904b7->632d1f61-1fb0-4a9b-a27f-4f3ee937db0d#12-t1, previous=(t:1, i:8), leaderCommit=8, initializing? false, entries: <empty>
2019-10-25 05:11:19,038 [java.util.concurrent.ThreadPoolExecutor$Worker@488e248e[State = -1, empty queue]] WARN  server.GrpcLogAppender (GrpcLogAppender.java:timeoutAppendRequest(209)) - 792578c8-58d9-41cb-99fd-534993a904b7@group-97C719019643->632d1f61-1fb0-4a9b-a27f-4f3ee937db0d-GrpcLogAppender: appendEntries Timeout, request=792578c8-58d9-41cb-99fd-534993a904b7->632d1f61-1fb0-4a9b-a27f-4f3ee937db0d#13-t1, previous=(t:1, i:8), leaderCommit=8, initializing? false, entries: <empty>
2019-10-25 05:11:21,539 [java.util.concurrent.ThreadPoolExecutor$Worker@488e248e[State = -1, empty queue]] WARN  server.GrpcLogAppender (GrpcLogAppender.java:timeoutAppendRequest(209)) - 792578c8-58d9-41cb-99fd-534993a904b7@group-97C719019643->632d1f61-1fb0-4a9b-a27f-4f3ee937db0d-GrpcLogAppender: appendEntries Timeout, request=792578c8-58d9-41cb-99fd-534993a904b7->632d1f61-1fb0-4a9b-a27f-4f3ee937db0d#14-t1, previous=(t:1, i:8), leaderCommit=8, initializing? false, entries: <empty>
2019-10-25 05:11:21,590 [Thread-308] INFO  client.GrpcClientProtocolService (GrpcClientProtocolService.java:lambda$processClientRequest$0(279)) - Failed RaftClientRequest:client-E384FFB178A4->792578c8-58d9-41cb-99fd-534993a904b7@group-97C719019643, cid=22, seq=0, Watch-ALL_COMMITTED(6), Message:<EMPTY>, reply=RaftClientReply:client-E384FFB178A4->792578c8-58d9-41cb-99fd-534993a904b7@group-97C719019643, cid=22, FAILED org.apache.ratis.protocol.NotReplicatedException: Request with call Id 22 and log index 6 is not yet replicated to ALL_COMMITTED, logIndex=6, commits[792578c8-58d9-41cb-99fd-534993a904b7:c8, 632d1f61-1fb0-4a9b-a27f-4f3ee937db0d:c4, 154b23c8-147d-4903-89d2-8045c7557393:c8]
2019-10-25 05:11:24,039 [java.util.concurrent.ThreadPoolExecutor$Worker@488e248e[State = -1, empty queue]] WARN  server.GrpcLogAppender (GrpcLogAppender.java:timeoutAppendRequest(209)) - 792578c8-58d9-41cb-99fd-534993a904b7@group-97C719019643->632d1f61-1fb0-4a9b-a27f-4f3ee937db0d-GrpcLogAppender: appendEntries Timeout, request=792578c8-58d9-41cb-99fd-534993a904b7->632d1f61-1fb0-4a9b-a27f-4f3ee937db0d#15-t1, previous=(t:1, i:8), leaderCommit=8, initializing? false, entries: <empty>
2019-10-25 05:11:26,540 [java.util.concurrent.ThreadPoolExecutor$Worker@488e248e[State = -1, empty queue]] WARN  server.GrpcLogAppender (GrpcLogAppender.java:timeoutAppendRequest(209)) - 792578c8-58d9-41cb-99fd-534993a904b7@group-97C719019643->632d1f61-1fb0-4a9b-a27f-4f3ee937db0d-GrpcLogAppender: appendEntries Timeout, request=792578c8-58d9-41cb-99fd-534993a904b7->632d1f61-1fb0-4a9b-a27f-4f3ee937db0d#16-t1, previous=(t:1, i:8), leaderCommit=8, initializing? false, entries: <empty>
2019-10-25 05:11:29,041 [java.util.concurrent.ThreadPoolExecutor$Worker@488e248e[State = -1, empty queue]] WARN  server.GrpcLogAppender (GrpcLogAppender.java:timeoutAppendRequest(209)) - 792578c8-58d9-41cb-99fd-534993a904b7@group-97C719019643->632d1f61-1fb0-4a9b-a27f-4f3ee937db0d-GrpcLogAppender: appendEntries Timeout, request=792578c8-58d9-41cb-99fd-534993a904b7->632d1f61-1fb0-4a9b-a27f-4f3ee937db0d#17-t1, previous=(t:1, i:8), leaderCommit=8, initializing? false, entries: <empty>
2019-10-25 05:11:30,097 [Thread-314] INFO  client.GrpcClientProtocolService (GrpcClientProtocolService.java:lambda$processClientRequest$0(279)) - Failed RaftClientRequest:client-E384FFB178A4->154b23c8-147d-4903-89d2-8045c7557393@group-97C719019643, cid=22, seq=0, Watch-ALL_COMMITTED(6), Message:<EMPTY>, reply=RaftClientReply:client-E384FFB178A4->154b23c8-147d-4903-89d2-8045c7557393@group-97C719019643, cid=22, FAILED org.apache.ratis.protocol.NotLeaderException: Server 154b23c8-147d-4903-89d2-8045c7557393@group-97C719019643 is not the leader 792578c8-58d9-41cb-99fd-534993a904b7:192.168.157.246:34810, logIndex=0, commits[154b23c8-147d-4903-89d2-8045c7557393:c8, 632d1f61-1fb0-4a9b-a27f-4f3ee937db0d:c4, 792578c8-58d9-41cb-99fd-534993a904b7:c8]
2019-10-25 05:11:31,545 [java.util.concurrent.ThreadPoolExecutor$Worker@488e248e[State = -1, empty queue]] WARN  server.GrpcLogAppender (GrpcLogAppender.java:timeoutAppendRequest(209)) - 792578c8-58d9-41cb-99fd-534993a904b7@group-97C719019643->632d1f61-1fb0-4a9b-a27f-4f3ee937db0d-GrpcLogAppender: appendEntries Timeout, request=792578c8-58d9-41cb-99fd-534993a904b7->632d1f61-1fb0-4a9b-a27f-4f3ee937db0d#18-t1, previous=(t:1, i:8), leaderCommit=8, initializing? false, entries: <empty>
2019-10-25 05:11:31,586 [Thread-318] INFO  client.GrpcClientProtocolService (GrpcClientProtocolService.java:lambda$processClientRequest$0(279)) - Failed RaftClientRequest:client-E384FFB178A4->792578c8-58d9-41cb-99fd-534993a904b7@group-97C719019643, cid=22, seq=0, Watch-ALL_COMMITTED(6), Message:<EMPTY>, reply=RaftClientReply:client-E384FFB178A4->792578c8-58d9-41cb-99fd-534993a904b7@group-97C719019643, cid=22, FAILED org.apache.ratis.protocol.NotReplicatedException: Request with call Id 22 and log index 6 is not yet replicated to ALL_COMMITTED, logIndex=6, commits[792578c8-58d9-41cb-99fd-534993a904b7:c8, 632d1f61-1fb0-4a9b-a27f-4f3ee937db0d:c4, 154b23c8-147d-4903-89d2-8045c7557393:c8]
2019-10-25 05:11:34,047 [java.util.concurrent.ThreadPoolExecutor$Worker@488e248e[State = -1, empty queue]] WARN  server.GrpcLogAppender (GrpcLogAppender.java:timeoutAppendRequest(209)) - 792578c8-58d9-41cb-99fd-534993a904b7@group-97C719019643->632d1f61-1fb0-4a9b-a27f-4f3ee937db0d-GrpcLogAppender: appendEntries Timeout, request=792578c8-58d9-41cb-99fd-534993a904b7->632d1f61-1fb0-4a9b-a27f-4f3ee937db0d#19-t1, previous=(t:1, i:8), leaderCommit=8, initializing? false, entries: <empty>
2019-10-25 05:11:36,549 [java.util.concurrent.ThreadPoolExecutor$Worker@488e248e[State = -1, empty queue]] WARN  server.GrpcLogAppender (GrpcLogAppender.java:timeoutAppendRequest(209)) - 792578c8-58d9-41cb-99fd-534993a904b7@group-97C719019643->632d1f61-1fb0-4a9b-a27f-4f3ee937db0d-GrpcLogAppender: appendEntries Timeout, request=792578c8-58d9-41cb-99fd-534993a904b7->632d1f61-1fb0-4a9b-a27f-4f3ee937db0d#20-t1, previous=(t:1, i:8), leaderCommit=8, initializing? false, entries: <empty>
2019-10-25 05:11:39,052 [java.util.concurrent.ThreadPoolExecutor$Worker@488e248e[State = -1, empty queue]] WARN  server.GrpcLogAppender (GrpcLogAppender.java:timeoutAppendRequest(209)) - 792578c8-58d9-41cb-99fd-534993a904b7@group-97C719019643->632d1f61-1fb0-4a9b-a27f-4f3ee937db0d-GrpcLogAppender: appendEntries Timeout, request=792578c8-58d9-41cb-99fd-534993a904b7->632d1f61-1fb0-4a9b-a27f-4f3ee937db0d#21-t1, previous=(t:1, i:8), leaderCommit=8, initializing? false, entries: <empty>
2019-10-25 05:11:39,138 [Thread-324] INFO  client.GrpcClientProtocolService (GrpcClientProtocolService.java:lambda$processClientRequest$0(279)) - Failed RaftClientRequest:client-E384FFB178A4->154b23c8-147d-4903-89d2-8045c7557393@group-97C719019643, cid=22, seq=0, Watch-ALL_COMMITTED(6), Message:<EMPTY>, reply=RaftClientReply:client-E384FFB178A4->154b23c8-147d-4903-89d2-8045c7557393@group-97C719019643, cid=22, FAILED org.apache.ratis.protocol.NotLeaderException: Server 154b23c8-147d-4903-89d2-8045c7557393@group-97C719019643 is not the leader 792578c8-58d9-41cb-99fd-534993a904b7:192.168.157.246:34810, logIndex=0, commits[154b23c8-147d-4903-89d2-8045c7557393:c8, 632d1f61-1fb0-4a9b-a27f-4f3ee937db0d:c4, 792578c8-58d9-41cb-99fd-534993a904b7:c8]
2019-10-25 05:11:40,585 [Thread-327] INFO  client.GrpcClientProtocolService (GrpcClientProtocolService.java:lambda$processClientRequest$0(279)) - Failed RaftClientRequest:client-E384FFB178A4->792578c8-58d9-41cb-99fd-534993a904b7@group-97C719019643, cid=22, seq=0, Watch-ALL_COMMITTED(6), Message:<EMPTY>, reply=RaftClientReply:client-E384FFB178A4->792578c8-58d9-41cb-99fd-534993a904b7@group-97C719019643, cid=22, FAILED org.apache.ratis.protocol.NotReplicatedException: Request with call Id 22 and log index 6 is not yet replicated to ALL_COMMITTED, logIndex=6, commits[792578c8-58d9-41cb-99fd-534993a904b7:c8, 632d1f61-1fb0-4a9b-a27f-4f3ee937db0d:c4, 154b23c8-147d-4903-89d2-8045c7557393:c8]
2019-10-25 05:11:41,045 [main] WARN  scm.XceiverClientRatis (XceiverClientRatis.java:watchForCommit(277)) - 3 way commit failed on pipeline Pipeline[ Id: 51c31d15-6363-40f4-9154-97c719019643, Nodes: 792578c8-58d9-41cb-99fd-534993a904b7{ip: 192.168.157.246, host: pr-hdds-1868-bb2j8-1277741604, networkLocation: /default-rack, certSerialId: null}154b23c8-147d-4903-89d2-8045c7557393{ip: 192.168.157.246, host: pr-hdds-1868-bb2j8-1277741604, networkLocation: /default-rack, certSerialId: null}632d1f61-1fb0-4a9b-a27f-4f3ee937db0d{ip: 192.168.157.246, host: pr-hdds-1868-bb2j8-1277741604, networkLocation: /default-rack, certSerialId: null}, Type:RATIS, Factor:THREE, State:OPEN]
java.util.concurrent.TimeoutException
	at java.util.concurrent.CompletableFuture.timedGet(CompletableFuture.java:1771)
	at java.util.concurrent.CompletableFuture.get(CompletableFuture.java:1915)
	at org.apache.hadoop.hdds.scm.XceiverClientRatis.watchForCommit(XceiverClientRatis.java:274)
	at org.apache.hadoop.hdds.scm.storage.CommitWatcher.watchForCommit(CommitWatcher.java:198)
	at org.apache.hadoop.hdds.scm.storage.CommitWatcher.watchOnLastIndex(CommitWatcher.java:161)
	at org.apache.hadoop.hdds.scm.storage.BlockOutputStream.watchForCommit(BlockOutputStream.java:346)
	at org.apache.hadoop.hdds.scm.storage.BlockOutputStream.handleFlush(BlockOutputStream.java:482)
	at org.apache.hadoop.hdds.scm.storage.BlockOutputStream.close(BlockOutputStream.java:496)
	at org.apache.hadoop.ozone.client.io.BlockOutputStreamEntry.close(BlockOutputStreamEntry.java:143)
	at org.apache.hadoop.ozone.client.io.KeyOutputStream.handleFlushOrClose(KeyOutputStream.java:435)
	at org.apache.hadoop.ozone.client.io.KeyOutputStream.close(KeyOutputStream.java:473)
	at org.apache.hadoop.ozone.client.io.OzoneOutputStream.close(OzoneOutputStream.java:60)
	at org.apache.hadoop.ozone.client.rpc.TestDeleteWithSlowFollower.testDeleteKeyWithSlowFollower(TestDeleteWithSlowFollower.java:193)
	at sun.reflect.NativeMethodAccessorImpl.invoke0(Native Method)
	at sun.reflect.NativeMethodAccessorImpl.invoke(NativeMethodAccessorImpl.java:62)
	at sun.reflect.DelegatingMethodAccessorImpl.invoke(DelegatingMethodAccessorImpl.java:43)
	at java.lang.reflect.Method.invoke(Method.java:498)
	at org.junit.runners.model.FrameworkMethod$1.runReflectiveCall(FrameworkMethod.java:47)
	at org.junit.internal.runners.model.ReflectiveCallable.run(ReflectiveCallable.java:12)
	at org.junit.runners.model.FrameworkMethod.invokeExplosively(FrameworkMethod.java:44)
	at org.junit.internal.runners.statements.InvokeMethod.evaluate(InvokeMethod.java:17)
	at org.junit.runners.ParentRunner.runLeaf(ParentRunner.java:271)
	at org.junit.runners.BlockJUnit4ClassRunner.runChild(BlockJUnit4ClassRunner.java:70)
	at org.junit.runners.BlockJUnit4ClassRunner.runChild(BlockJUnit4ClassRunner.java:50)
	at org.junit.runners.ParentRunner$3.run(ParentRunner.java:238)
	at org.junit.runners.ParentRunner$1.schedule(ParentRunner.java:63)
	at org.junit.runners.ParentRunner.runChildren(ParentRunner.java:236)
	at org.junit.runners.ParentRunner.access$000(ParentRunner.java:53)
	at org.junit.runners.ParentRunner$2.evaluate(ParentRunner.java:229)
	at org.junit.internal.runners.statements.RunBefores.evaluate(RunBefores.java:26)
	at org.junit.internal.runners.statements.RunAfters.evaluate(RunAfters.java:27)
	at org.junit.runners.ParentRunner.run(ParentRunner.java:309)
	at org.apache.maven.surefire.junit4.JUnit4Provider.execute(JUnit4Provider.java:365)
	at org.apache.maven.surefire.junit4.JUnit4Provider.executeWithRerun(JUnit4Provider.java:273)
	at org.apache.maven.surefire.junit4.JUnit4Provider.executeTestSet(JUnit4Provider.java:238)
	at org.apache.maven.surefire.junit4.JUnit4Provider.invoke(JUnit4Provider.java:159)
	at org.apache.maven.surefire.booter.ForkedBooter.invokeProviderInSameClassLoader(ForkedBooter.java:384)
	at org.apache.maven.surefire.booter.ForkedBooter.runSuitesInProcess(ForkedBooter.java:345)
	at org.apache.maven.surefire.booter.ForkedBooter.execute(ForkedBooter.java:126)
	at org.apache.maven.surefire.booter.ForkedBooter.main(ForkedBooter.java:418)
2019-10-25 05:11:41,062 [main] INFO  scm.XceiverClientRatis (XceiverClientRatis.java:lambda$watchForCommit$5(295)) - Could not commit index 6 on pipeline Pipeline[ Id: 51c31d15-6363-40f4-9154-97c719019643, Nodes: 792578c8-58d9-41cb-99fd-534993a904b7{ip: 192.168.157.246, host: pr-hdds-1868-bb2j8-1277741604, networkLocation: /default-rack, certSerialId: null}154b23c8-147d-4903-89d2-8045c7557393{ip: 192.168.157.246, host: pr-hdds-1868-bb2j8-1277741604, networkLocation: /default-rack, certSerialId: null}632d1f61-1fb0-4a9b-a27f-4f3ee937db0d{ip: 192.168.157.246, host: pr-hdds-1868-bb2j8-1277741604, networkLocation: /default-rack, certSerialId: null}, Type:RATIS, Factor:THREE, State:OPEN] to all the nodes. Server 632d1f61-1fb0-4a9b-a27f-4f3ee937db0d has failed. Committed by majority.
2019-10-25 05:11:41,063 [main] WARN  storage.BlockOutputStream (BlockOutputStream.java:watchForCommit(352)) - Failed to commit BlockId conID: 1 locID: 103021298670239744 bcsId: 6 on Pipeline[ Id: 51c31d15-6363-40f4-9154-97c719019643, Nodes: 792578c8-58d9-41cb-99fd-534993a904b7{ip: 192.168.157.246, host: pr-hdds-1868-bb2j8-1277741604, networkLocation: /default-rack, certSerialId: null}154b23c8-147d-4903-89d2-8045c7557393{ip: 192.168.157.246, host: pr-hdds-1868-bb2j8-1277741604, networkLocation: /default-rack, certSerialId: null}632d1f61-1fb0-4a9b-a27f-4f3ee937db0d{ip: 192.168.157.246, host: pr-hdds-1868-bb2j8-1277741604, networkLocation: /default-rack, certSerialId: null}, Type:RATIS, Factor:THREE, State:OPEN]. Failed nodes: [632d1f61-1fb0-4a9b-a27f-4f3ee937db0d{ip: null, host: null, networkLocation: /default-rack, certSerialId: null}]
2019-10-25 05:11:41,182 [EventQueue-IncrementalContainerReportForIncrementalContainerReportHandler] WARN  container.IncrementalContainerReportHandler (AbstractContainerReportHandler.java:updateContainerState(145)) - Container #1 is in OPEN state, but the datanode 792578c8-58d9-41cb-99fd-534993a904b7{ip: 192.168.157.246, host: pr-hdds-1868-bb2j8-1277741604, networkLocation: /default-rack, certSerialId: null} reports an CLOSING replica.
2019-10-25 05:11:41,192 [RatisApplyTransactionExecutor 1] INFO  interfaces.Container (KeyValueContainer.java:flushAndSyncDB(386)) - Container 1 is synced with bcsId 6.
2019-10-25 05:11:41,193 [RatisApplyTransactionExecutor 1] INFO  interfaces.Container (KeyValueContainer.java:flushAndSyncDB(386)) - Container 1 is synced with bcsId 6.
2019-10-25 05:11:41,207 [RatisApplyTransactionExecutor 1] INFO  interfaces.Container (KeyValueContainer.java:close(335)) - Container 1 is closed with bcsId 6.
2019-10-25 05:11:41,211 [EventQueue-IncrementalContainerReportForIncrementalContainerReportHandler] WARN  container.IncrementalContainerReportHandler (AbstractContainerReportHandler.java:updateContainerState(145)) - Container #1 is in OPEN state, but the datanode 154b23c8-147d-4903-89d2-8045c7557393{ip: 192.168.157.246, host: pr-hdds-1868-bb2j8-1277741604, networkLocation: /default-rack, certSerialId: null} reports an CLOSING replica.
2019-10-25 05:11:41,211 [EventQueue-IncrementalContainerReportForIncrementalContainerReportHandler] WARN  container.IncrementalContainerReportHandler (AbstractContainerReportHandler.java:updateContainerState(145)) - Container #1 is in OPEN state, but the datanode 792578c8-58d9-41cb-99fd-534993a904b7{ip: 192.168.157.246, host: pr-hdds-1868-bb2j8-1277741604, networkLocation: /default-rack, certSerialId: null} reports an CLOSED replica.
2019-10-25 05:11:41,218 [RatisApplyTransactionExecutor 1] INFO  interfaces.Container (KeyValueContainer.java:flushAndSyncDB(386)) - Container 1 is synced with bcsId 6.
2019-10-25 05:11:41,219 [RatisApplyTransactionExecutor 1] INFO  interfaces.Container (KeyValueContainer.java:flushAndSyncDB(386)) - Container 1 is synced with bcsId 6.
2019-10-25 05:11:41,234 [RatisApplyTransactionExecutor 1] INFO  interfaces.Container (KeyValueContainer.java:close(335)) - Container 1 is closed with bcsId 6.
2019-10-25 05:11:41,235 [EventQueue-IncrementalContainerReportForIncrementalContainerReportHandler] WARN  container.IncrementalContainerReportHandler (AbstractContainerReportHandler.java:updateContainerState(145)) - Container #1 is in OPEN state, but the datanode 154b23c8-147d-4903-89d2-8045c7557393{ip: 192.168.157.246, host: pr-hdds-1868-bb2j8-1277741604, networkLocation: /default-rack, certSerialId: null} reports an CLOSED replica.
2019-10-25 05:11:41,308 [EventQueue-ContainerReportForContainerReportHandler] WARN  container.ContainerReportHandler (AbstractContainerReportHandler.java:updateContainerState(145)) - Container #1 is in OPEN state, but the datanode 792578c8-58d9-41cb-99fd-534993a904b7{ip: 192.168.157.246, host: pr-hdds-1868-bb2j8-1277741604, networkLocation: /default-rack, certSerialId: null} reports an CLOSED replica.
2019-10-25 05:11:41,427 [IPC Server handler 4 on 39467] INFO  server.SCMBlockProtocolServer (SCMBlockProtocolServer.java:deleteKeyBlocks(214)) - SCM is informed by OM to delete 1 blocks
2019-10-25 05:11:41,427 [IPC Server handler 4 on 39467] INFO  block.BlockManagerImpl (BlockManagerImpl.java:deleteBlocks(285)) - Deleting blocks conID: 1 locID: 103021298670239744 bcsId: 0
2019-10-25 05:11:41,435 [EventQueue-ContainerReportForContainerReportHandler] WARN  container.ContainerReportHandler (AbstractContainerReportHandler.java:updateContainerState(145)) - Container #1 is in OPEN state, but the datanode 154b23c8-147d-4903-89d2-8045c7557393{ip: 192.168.157.246, host: pr-hdds-1868-bb2j8-1277741604, networkLocation: /default-rack, certSerialId: null} reports an CLOSED replica.
2019-10-25 05:11:41,509 [EventQueue-ContainerReportForContainerReportHandler] WARN  container.ContainerReportHandler (AbstractContainerReportHandler.java:updateContainerState(145)) - Container #1 is in OPEN state, but the datanode 792578c8-58d9-41cb-99fd-534993a904b7{ip: 192.168.157.246, host: pr-hdds-1868-bb2j8-1277741604, networkLocation: /default-rack, certSerialId: null} reports an CLOSED replica.
2019-10-25 05:11:41,556 [java.util.concurrent.ThreadPoolExecutor$Worker@488e248e[State = -1, empty queue]] WARN  server.GrpcLogAppender (GrpcLogAppender.java:timeoutAppendRequest(209)) - 792578c8-58d9-41cb-99fd-534993a904b7@group-97C719019643->632d1f61-1fb0-4a9b-a27f-4f3ee937db0d-GrpcLogAppender: appendEntries Timeout, request=792578c8-58d9-41cb-99fd-534993a904b7->632d1f61-1fb0-4a9b-a27f-4f3ee937db0d#22-t1, previous=(t:1, i:8), leaderCommit=8, initializing? false, entries: <empty>
2019-10-25 05:11:41,610 [BlockDeletingService#2] WARN  background.BlockDeletingService (BlockDeletingService.java:isDeletionAllowed(187)) - Close Container log Index 6 is not replicated across allthe servers in the pipeline 51c31d15-6363-40f4-9154-97c719019643 as the min replicated index is 4. Deletion is not allowed in this container yet.
2019-10-25 05:11:41,610 [BlockDeletingService#2] WARN  background.BlockDeletingService (BlockDeletingService.java:isDeletionAllowed(187)) - Close Container log Index 6 is not replicated across allthe servers in the pipeline 51c31d15-6363-40f4-9154-97c719019643 as the min replicated index is 4. Deletion is not allowed in this container yet.
2019-10-25 05:11:41,635 [EventQueue-ContainerReportForContainerReportHandler] WARN  container.ContainerReportHandler (AbstractContainerReportHandler.java:updateContainerState(145)) - Container #1 is in OPEN state, but the datanode 154b23c8-147d-4903-89d2-8045c7557393{ip: 192.168.157.246, host: pr-hdds-1868-bb2j8-1277741604, networkLocation: /default-rack, certSerialId: null} reports an CLOSED replica.
2019-10-25 05:11:41,808 [EventQueue-ContainerReportForContainerReportHandler] WARN  container.ContainerReportHandler (AbstractContainerReportHandler.java:updateContainerState(145)) - Container #1 is in OPEN state, but the datanode 792578c8-58d9-41cb-99fd-534993a904b7{ip: 192.168.157.246, host: pr-hdds-1868-bb2j8-1277741604, networkLocation: /default-rack, certSerialId: null} reports an CLOSED replica.
2019-10-25 05:11:42,035 [EventQueue-ContainerReportForContainerReportHandler] WARN  container.ContainerReportHandler (AbstractContainerReportHandler.java:updateContainerState(145)) - Container #1 is in OPEN state, but the datanode 154b23c8-147d-4903-89d2-8045c7557393{ip: 192.168.157.246, host: pr-hdds-1868-bb2j8-1277741604, networkLocation: /default-rack, certSerialId: null} reports an CLOSED replica.
2019-10-25 05:11:42,209 [EventQueue-ContainerReportForContainerReportHandler] WARN  container.ContainerReportHandler (AbstractContainerReportHandler.java:updateContainerState(145)) - Container #1 is in OPEN state, but the datanode 792578c8-58d9-41cb-99fd-534993a904b7{ip: 192.168.157.246, host: pr-hdds-1868-bb2j8-1277741604, networkLocation: /default-rack, certSerialId: null} reports an CLOSED replica.
2019-10-25 05:11:42,236 [EventQueue-ContainerReportForContainerReportHandler] WARN  container.ContainerReportHandler (AbstractContainerReportHandler.java:updateContainerState(145)) - Container #1 is in OPEN state, but the datanode 154b23c8-147d-4903-89d2-8045c7557393{ip: 192.168.157.246, host: pr-hdds-1868-bb2j8-1277741604, networkLocation: /default-rack, certSerialId: null} reports an CLOSED replica.
2019-10-25 05:11:42,409 [EventQueue-ContainerReportForContainerReportHandler] WARN  container.ContainerReportHandler (AbstractContainerReportHandler.java:updateContainerState(145)) - Container #1 is in OPEN state, but the datanode 792578c8-58d9-41cb-99fd-534993a904b7{ip: 192.168.157.246, host: pr-hdds-1868-bb2j8-1277741604, networkLocation: /default-rack, certSerialId: null} reports an CLOSED replica.
2019-10-25 05:11:42,535 [EventQueue-ContainerReportForContainerReportHandler] WARN  container.ContainerReportHandler (AbstractContainerReportHandler.java:updateContainerState(145)) - Container #1 is in OPEN state, but the datanode 154b23c8-147d-4903-89d2-8045c7557393{ip: 192.168.157.246, host: pr-hdds-1868-bb2j8-1277741604, networkLocation: /default-rack, certSerialId: null} reports an CLOSED replica.
2019-10-25 05:11:42,613 [BlockDeletingService#2] WARN  background.BlockDeletingService (BlockDeletingService.java:isDeletionAllowed(187)) - Close Container log Index 6 is not replicated across allthe servers in the pipeline 51c31d15-6363-40f4-9154-97c719019643 as the min replicated index is 4. Deletion is not allowed in this container yet.
2019-10-25 05:11:42,613 [BlockDeletingService#2] WARN  background.BlockDeletingService (BlockDeletingService.java:isDeletionAllowed(187)) - Close Container log Index 6 is not replicated across allthe servers in the pipeline 51c31d15-6363-40f4-9154-97c719019643 as the min replicated index is 4. Deletion is not allowed in this container yet.
2019-10-25 05:11:42,709 [EventQueue-ContainerReportForContainerReportHandler] WARN  container.ContainerReportHandler (AbstractContainerReportHandler.java:updateContainerState(145)) - Container #1 is in OPEN state, but the datanode 792578c8-58d9-41cb-99fd-534993a904b7{ip: 192.168.157.246, host: pr-hdds-1868-bb2j8-1277741604, networkLocation: /default-rack, certSerialId: null} reports an CLOSED replica.
2019-10-25 05:11:42,836 [EventQueue-ContainerReportForContainerReportHandler] WARN  container.ContainerReportHandler (AbstractContainerReportHandler.java:updateContainerState(145)) - Container #1 is in OPEN state, but the datanode 154b23c8-147d-4903-89d2-8045c7557393{ip: 192.168.157.246, host: pr-hdds-1868-bb2j8-1277741604, networkLocation: /default-rack, certSerialId: null} reports an CLOSED replica.
2019-10-25 05:11:43,009 [EventQueue-ContainerReportForContainerReportHandler] WARN  container.ContainerReportHandler (AbstractContainerReportHandler.java:updateContainerState(145)) - Container #1 is in OPEN state, but the datanode 792578c8-58d9-41cb-99fd-534993a904b7{ip: 192.168.157.246, host: pr-hdds-1868-bb2j8-1277741604, networkLocation: /default-rack, certSerialId: null} reports an CLOSED replica.
2019-10-25 05:11:43,035 [EventQueue-ContainerReportForContainerReportHandler] WARN  container.ContainerReportHandler (AbstractContainerReportHandler.java:updateContainerState(145)) - Container #1 is in OPEN state, but the datanode 154b23c8-147d-4903-89d2-8045c7557393{ip: 192.168.157.246, host: pr-hdds-1868-bb2j8-1277741604, networkLocation: /default-rack, certSerialId: null} reports an CLOSED replica.
2019-10-25 05:11:43,210 [EventQueue-ContainerReportForContainerReportHandler] WARN  container.ContainerReportHandler (AbstractContainerReportHandler.java:updateContainerState(145)) - Container #1 is in OPEN state, but the datanode 792578c8-58d9-41cb-99fd-534993a904b7{ip: 192.168.157.246, host: pr-hdds-1868-bb2j8-1277741604, networkLocation: /default-rack, certSerialId: null} reports an CLOSED replica.
2019-10-25 05:11:43,235 [EventQueue-ContainerReportForContainerReportHandler] WARN  container.ContainerReportHandler (AbstractContainerReportHandler.java:updateContainerState(145)) - Container #1 is in OPEN state, but the datanode 154b23c8-147d-4903-89d2-8045c7557393{ip: 192.168.157.246, host: pr-hdds-1868-bb2j8-1277741604, networkLocation: /default-rack, certSerialId: null} reports an CLOSED replica.
2019-10-25 05:11:43,409 [EventQueue-ContainerReportForContainerReportHandler] WARN  container.ContainerReportHandler (AbstractContainerReportHandler.java:updateContainerState(145)) - Container #1 is in OPEN state, but the datanode 792578c8-58d9-41cb-99fd-534993a904b7{ip: 192.168.157.246, host: pr-hdds-1868-bb2j8-1277741604, networkLocation: /default-rack, certSerialId: null} reports an CLOSED replica.
2019-10-25 05:11:43,536 [EventQueue-ContainerReportForContainerReportHandler] WARN  container.ContainerReportHandler (AbstractContainerReportHandler.java:updateContainerState(145)) - Container #1 is in OPEN state, but the datanode 154b23c8-147d-4903-89d2-8045c7557393{ip: 192.168.157.246, host: pr-hdds-1868-bb2j8-1277741604, networkLocation: /default-rack, certSerialId: null} reports an CLOSED replica.
2019-10-25 05:11:43,614 [BlockDeletingService#2] WARN  background.BlockDeletingService (BlockDeletingService.java:isDeletionAllowed(187)) - Close Container log Index 6 is not replicated across allthe servers in the pipeline 51c31d15-6363-40f4-9154-97c719019643 as the min replicated index is 4. Deletion is not allowed in this container yet.
2019-10-25 05:11:43,615 [BlockDeletingService#2] WARN  background.BlockDeletingService (BlockDeletingService.java:isDeletionAllowed(187)) - Close Container log Index 6 is not replicated across allthe servers in the pipeline 51c31d15-6363-40f4-9154-97c719019643 as the min replicated index is 4. Deletion is not allowed in this container yet.
2019-10-25 05:11:43,710 [EventQueue-ContainerReportForContainerReportHandler] WARN  container.ContainerReportHandler (AbstractContainerReportHandler.java:updateContainerState(145)) - Container #1 is in OPEN state, but the datanode 792578c8-58d9-41cb-99fd-534993a904b7{ip: 192.168.157.246, host: pr-hdds-1868-bb2j8-1277741604, networkLocation: /default-rack, certSerialId: null} reports an CLOSED replica.
2019-10-25 05:11:43,836 [EventQueue-ContainerReportForContainerReportHandler] WARN  container.ContainerReportHandler (AbstractContainerReportHandler.java:updateContainerState(145)) - Container #1 is in OPEN state, but the datanode 154b23c8-147d-4903-89d2-8045c7557393{ip: 192.168.157.246, host: pr-hdds-1868-bb2j8-1277741604, networkLocation: /default-rack, certSerialId: null} reports an CLOSED replica.
2019-10-25 05:11:44,057 [java.util.concurrent.ThreadPoolExecutor$Worker@488e248e[State = -1, empty queue]] WARN  server.GrpcLogAppender (GrpcLogAppender.java:timeoutAppendRequest(209)) - 792578c8-58d9-41cb-99fd-534993a904b7@group-97C719019643->632d1f61-1fb0-4a9b-a27f-4f3ee937db0d-GrpcLogAppender: appendEntries Timeout, request=792578c8-58d9-41cb-99fd-534993a904b7->632d1f61-1fb0-4a9b-a27f-4f3ee937db0d#23-t1, previous=(t:1, i:8), leaderCommit=8, initializing? false, entries: <empty>
2019-10-25 05:11:44,112 [EventQueue-ContainerReportForContainerReportHandler] WARN  container.ContainerReportHandler (AbstractContainerReportHandler.java:updateContainerState(145)) - Container #1 is in OPEN state, but the datanode 792578c8-58d9-41cb-99fd-534993a904b7{ip: 192.168.157.246, host: pr-hdds-1868-bb2j8-1277741604, networkLocation: /default-rack, certSerialId: null} reports an CLOSED replica.
2019-10-25 05:11:44,155 [java.util.concurrent.ThreadPoolExecutor$Worker@488e248e[State = -1, empty queue]] WARN  server.GrpcLogAppender (GrpcLogAppender.java:timeoutAppendRequest(209)) - 792578c8-58d9-41cb-99fd-534993a904b7@group-97C719019643->632d1f61-1fb0-4a9b-a27f-4f3ee937db0d-GrpcLogAppender: appendEntries Timeout, request=792578c8-58d9-41cb-99fd-534993a904b7->632d1f61-1fb0-4a9b-a27f-4f3ee937db0d#24-t1, previous=(t:1, i:8), leaderCommit=8, initializing? false, entries: size=1, first=(t:1, i:9), STATEMACHINELOGENTRY, client-6E3D100EB894, cid=24
2019-10-25 05:11:44,168 [java.util.concurrent.ThreadPoolExecutor$Worker@488e248e[State = -1, empty queue]] WARN  server.GrpcLogAppender (GrpcLogAppender.java:timeoutAppendRequest(209)) - 792578c8-58d9-41cb-99fd-534993a904b7@group-97C719019643->632d1f61-1fb0-4a9b-a27f-4f3ee937db0d-GrpcLogAppender: appendEntries Timeout, request=792578c8-58d9-41cb-99fd-534993a904b7->632d1f61-1fb0-4a9b-a27f-4f3ee937db0d#25-t1, previous=(t:1, i:9), leaderCommit=9, initializing? false, entries: size=1, first=(t:1, i:10), METADATAENTRY(c9)
2019-10-25 05:11:44,236 [EventQueue-ContainerReportForContainerReportHandler] WARN  container.ContainerReportHandler (AbstractContainerReportHandler.java:updateContainerState(145)) - Container #1 is in OPEN state, but the datanode 154b23c8-147d-4903-89d2-8045c7557393{ip: 192.168.157.246, host: pr-hdds-1868-bb2j8-1277741604, networkLocation: /default-rack, certSerialId: null} reports an CLOSED replica.
2019-10-25 05:11:44,311 [EventQueue-ContainerReportForContainerReportHandler] WARN  container.ContainerReportHandler (AbstractContainerReportHandler.java:updateContainerState(145)) - Container #1 is in OPEN state, but the datanode 792578c8-58d9-41cb-99fd-534993a904b7{ip: 192.168.157.246, host: pr-hdds-1868-bb2j8-1277741604, networkLocation: /default-rack, certSerialId: null} reports an CLOSED replica.
2019-10-25 05:11:44,512 [EventQueue-ContainerReportForContainerReportHandler] WARN  container.ContainerReportHandler (AbstractContainerReportHandler.java:updateContainerState(145)) - Container #1 is in OPEN state, but the datanode 792578c8-58d9-41cb-99fd-534993a904b7{ip: 192.168.157.246, host: pr-hdds-1868-bb2j8-1277741604, networkLocation: /default-rack, certSerialId: null} reports an CLOSED replica.
2019-10-25 05:11:44,536 [EventQueue-ContainerReportForContainerReportHandler] WARN  container.ContainerReportHandler (AbstractContainerReportHandler.java:updateContainerState(145)) - Container #1 is in OPEN state, but the datanode 154b23c8-147d-4903-89d2-8045c7557393{ip: 192.168.157.246, host: pr-hdds-1868-bb2j8-1277741604, networkLocation: /default-rack, certSerialId: null} reports an CLOSED replica.
2019-10-25 05:11:44,618 [BlockDeletingService#2] WARN  background.BlockDeletingService (BlockDeletingService.java:isDeletionAllowed(187)) - Close Container log Index 6 is not replicated across allthe servers in the pipeline 51c31d15-6363-40f4-9154-97c719019643 as the min replicated index is 4. Deletion is not allowed in this container yet.
2019-10-25 05:11:44,618 [BlockDeletingService#2] WARN  background.BlockDeletingService (BlockDeletingService.java:isDeletionAllowed(187)) - Close Container log Index 6 is not replicated across allthe servers in the pipeline 51c31d15-6363-40f4-9154-97c719019643 as the min replicated index is 4. Deletion is not allowed in this container yet.
2019-10-25 05:11:44,737 [EventQueue-ContainerReportForContainerReportHandler] WARN  container.ContainerReportHandler (AbstractContainerReportHandler.java:updateContainerState(145)) - Container #1 is in OPEN state, but the datanode 154b23c8-147d-4903-89d2-8045c7557393{ip: 192.168.157.246, host: pr-hdds-1868-bb2j8-1277741604, networkLocation: /default-rack, certSerialId: null} reports an CLOSED replica.
2019-10-25 05:11:44,812 [EventQueue-ContainerReportForContainerReportHandler] WARN  container.ContainerReportHandler (AbstractContainerReportHandler.java:updateContainerState(145)) - Container #1 is in OPEN state, but the datanode 792578c8-58d9-41cb-99fd-534993a904b7{ip: 192.168.157.246, host: pr-hdds-1868-bb2j8-1277741604, networkLocation: /default-rack, certSerialId: null} reports an CLOSED replica.
2019-10-25 05:11:45,039 [EventQueue-ContainerReportForContainerReportHandler] WARN  container.ContainerReportHandler (AbstractContainerReportHandler.java:updateContainerState(145)) - Container #1 is in OPEN state, but the datanode 154b23c8-147d-4903-89d2-8045c7557393{ip: 192.168.157.246, host: pr-hdds-1868-bb2j8-1277741604, networkLocation: /default-rack, certSerialId: null} reports an CLOSED replica.
2019-10-25 05:11:45,112 [EventQueue-ContainerReportForContainerReportHandler] WARN  container.ContainerReportHandler (AbstractContainerReportHandler.java:updateContainerState(145)) - Container #1 is in OPEN state, but the datanode 792578c8-58d9-41cb-99fd-534993a904b7{ip: 192.168.157.246, host: pr-hdds-1868-bb2j8-1277741604, networkLocation: /default-rack, certSerialId: null} reports an CLOSED replica.
2019-10-25 05:11:45,311 [EventQueue-ContainerReportForContainerReportHandler] WARN  container.ContainerReportHandler (AbstractContainerReportHandler.java:updateContainerState(145)) - Container #1 is in OPEN state, but the datanode 792578c8-58d9-41cb-99fd-534993a904b7{ip: 192.168.157.246, host: pr-hdds-1868-bb2j8-1277741604, networkLocation: /default-rack, certSerialId: null} reports an CLOSED replica.
2019-10-25 05:11:45,341 [EventQueue-ContainerReportForContainerReportHandler] WARN  container.ContainerReportHandler (AbstractContainerReportHandler.java:updateContainerState(145)) - Container #1 is in OPEN state, but the datanode 154b23c8-147d-4903-89d2-8045c7557393{ip: 192.168.157.246, host: pr-hdds-1868-bb2j8-1277741604, networkLocation: /default-rack, certSerialId: null} reports an CLOSED replica.
2019-10-25 05:11:45,625 [BlockDeletingService#2] WARN  background.BlockDeletingService (BlockDeletingService.java:isDeletionAllowed(187)) - Close Container log Index 6 is not replicated across allthe servers in the pipeline 51c31d15-6363-40f4-9154-97c719019643 as the min replicated index is 4. Deletion is not allowed in this container yet.
2019-10-25 05:11:45,625 [BlockDeletingService#2] WARN  background.BlockDeletingService (BlockDeletingService.java:isDeletionAllowed(187)) - Close Container log Index 6 is not replicated across allthe servers in the pipeline 51c31d15-6363-40f4-9154-97c719019643 as the min replicated index is 4. Deletion is not allowed in this container yet.
2019-10-25 05:11:45,642 [EventQueue-ContainerReportForContainerReportHandler] WARN  container.ContainerReportHandler (AbstractContainerReportHandler.java:updateContainerState(145)) - Container #1 is in OPEN state, but the datanode 154b23c8-147d-4903-89d2-8045c7557393{ip: 192.168.157.246, host: pr-hdds-1868-bb2j8-1277741604, networkLocation: /default-rack, certSerialId: null} reports an CLOSED replica.
2019-10-25 05:11:45,711 [EventQueue-ContainerReportForContainerReportHandler] WARN  container.ContainerReportHandler (AbstractContainerReportHandler.java:updateContainerState(145)) - Container #1 is in OPEN state, but the datanode 792578c8-58d9-41cb-99fd-534993a904b7{ip: 192.168.157.246, host: pr-hdds-1868-bb2j8-1277741604, networkLocation: /default-rack, certSerialId: null} reports an CLOSED replica.
2019-10-25 05:11:46,043 [EventQueue-ContainerReportForContainerReportHandler] WARN  container.ContainerReportHandler (AbstractContainerReportHandler.java:updateContainerState(145)) - Container #1 is in OPEN state, but the datanode 154b23c8-147d-4903-89d2-8045c7557393{ip: 192.168.157.246, host: pr-hdds-1868-bb2j8-1277741604, networkLocation: /default-rack, certSerialId: null} reports an CLOSED replica.
2019-10-25 05:11:46,111 [EventQueue-ContainerReportForContainerReportHandler] WARN  container.ContainerReportHandler (AbstractContainerReportHandler.java:updateContainerState(145)) - Container #1 is in OPEN state, but the datanode 792578c8-58d9-41cb-99fd-534993a904b7{ip: 192.168.157.246, host: pr-hdds-1868-bb2j8-1277741604, networkLocation: /default-rack, certSerialId: null} reports an CLOSED replica.
2019-10-25 05:11:46,243 [EventQueue-ContainerReportForContainerReportHandler] WARN  container.ContainerReportHandler (AbstractContainerReportHandler.java:updateContainerState(145)) - Container #1 is in OPEN state, but the datanode 154b23c8-147d-4903-89d2-8045c7557393{ip: 192.168.157.246, host: pr-hdds-1868-bb2j8-1277741604, networkLocation: /default-rack, certSerialId: null} reports an CLOSED replica.
2019-10-25 05:11:46,412 [EventQueue-ContainerReportForContainerReportHandler] WARN  container.ContainerReportHandler (AbstractContainerReportHandler.java:updateContainerState(145)) - Container #1 is in OPEN state, but the datanode 792578c8-58d9-41cb-99fd-534993a904b7{ip: 192.168.157.246, host: pr-hdds-1868-bb2j8-1277741604, networkLocation: /default-rack, certSerialId: null} reports an CLOSED replica.
2019-10-25 05:11:46,628 [BlockDeletingService#2] WARN  background.BlockDeletingService (BlockDeletingService.java:isDeletionAllowed(187)) - Close Container log Index 6 is not replicated across allthe servers in the pipeline 51c31d15-6363-40f4-9154-97c719019643 as the min replicated index is 4. Deletion is not allowed in this container yet.
2019-10-25 05:11:46,628 [BlockDeletingService#2] WARN  background.BlockDeletingService (BlockDeletingService.java:isDeletionAllowed(187)) - Close Container log Index 6 is not replicated across allthe servers in the pipeline 51c31d15-6363-40f4-9154-97c719019643 as the min replicated index is 4. Deletion is not allowed in this container yet.
2019-10-25 05:11:46,645 [EventQueue-ContainerReportForContainerReportHandler] WARN  container.ContainerReportHandler (AbstractContainerReportHandler.java:updateContainerState(145)) - Container #1 is in OPEN state, but the datanode 154b23c8-147d-4903-89d2-8045c7557393{ip: 192.168.157.246, host: pr-hdds-1868-bb2j8-1277741604, networkLocation: /default-rack, certSerialId: null} reports an CLOSED replica.
2019-10-25 05:11:46,670 [java.util.concurrent.ThreadPoolExecutor$Worker@488e248e[State = -1, empty queue]] WARN  server.GrpcLogAppender (GrpcLogAppender.java:timeoutAppendRequest(209)) - 792578c8-58d9-41cb-99fd-534993a904b7@group-97C719019643->632d1f61-1fb0-4a9b-a27f-4f3ee937db0d-GrpcLogAppender: appendEntries Timeout, request=792578c8-58d9-41cb-99fd-534993a904b7->632d1f61-1fb0-4a9b-a27f-4f3ee937db0d#26-t1, previous=(t:1, i:10), leaderCommit=10, initializing? false, entries: <empty>
2019-10-25 05:11:46,713 [EventQueue-ContainerReportForContainerReportHandler] WARN  container.ContainerReportHandler (AbstractContainerReportHandler.java:updateContainerState(145)) - Container #1 is in OPEN state, but the datanode 792578c8-58d9-41cb-99fd-534993a904b7{ip: 192.168.157.246, host: pr-hdds-1868-bb2j8-1277741604, networkLocation: /default-rack, certSerialId: null} reports an CLOSED replica.
2019-10-25 05:11:46,946 [EventQueue-ContainerReportForContainerReportHandler] WARN  container.ContainerReportHandler (AbstractContainerReportHandler.java:updateContainerState(145)) - Container #1 is in OPEN state, but the datanode 154b23c8-147d-4903-89d2-8045c7557393{ip: 192.168.157.246, host: pr-hdds-1868-bb2j8-1277741604, networkLocation: /default-rack, certSerialId: null} reports an CLOSED replica.
2019-10-25 05:11:47,014 [EventQueue-ContainerReportForContainerReportHandler] WARN  container.ContainerReportHandler (AbstractContainerReportHandler.java:updateContainerState(145)) - Container #1 is in OPEN state, but the datanode 792578c8-58d9-41cb-99fd-534993a904b7{ip: 192.168.157.246, host: pr-hdds-1868-bb2j8-1277741604, networkLocation: /default-rack, certSerialId: null} reports an CLOSED replica.
2019-10-25 05:11:47,145 [EventQueue-ContainerReportForContainerReportHandler] WARN  container.ContainerReportHandler (AbstractContainerReportHandler.java:updateContainerState(145)) - Container #1 is in OPEN state, but the datanode 154b23c8-147d-4903-89d2-8045c7557393{ip: 192.168.157.246, host: pr-hdds-1868-bb2j8-1277741604, networkLocation: /default-rack, certSerialId: null} reports an CLOSED replica.
2019-10-25 05:11:47,314 [EventQueue-ContainerReportForContainerReportHandler] WARN  container.ContainerReportHandler (AbstractContainerReportHandler.java:updateContainerState(145)) - Container #1 is in OPEN state, but the datanode 792578c8-58d9-41cb-99fd-534993a904b7{ip: 192.168.157.246, host: pr-hdds-1868-bb2j8-1277741604, networkLocation: /default-rack, certSerialId: null} reports an CLOSED replica.
2019-10-25 05:11:47,445 [EventQueue-ContainerReportForContainerReportHandler] WARN  container.ContainerReportHandler (AbstractContainerReportHandler.java:updateContainerState(145)) - Container #1 is in OPEN state, but the datanode 154b23c8-147d-4903-89d2-8045c7557393{ip: 192.168.157.246, host: pr-hdds-1868-bb2j8-1277741604, networkLocation: /default-rack, certSerialId: null} reports an CLOSED replica.
2019-10-25 05:11:47,614 [EventQueue-ContainerReportForContainerReportHandler] WARN  container.ContainerReportHandler (AbstractContainerReportHandler.java:updateContainerState(145)) - Container #1 is in OPEN state, but the datanode 792578c8-58d9-41cb-99fd-534993a904b7{ip: 192.168.157.246, host: pr-hdds-1868-bb2j8-1277741604, networkLocation: /default-rack, certSerialId: null} reports an CLOSED replica.
2019-10-25 05:11:47,630 [BlockDeletingService#2] WARN  background.BlockDeletingService (BlockDeletingService.java:isDeletionAllowed(187)) - Close Container log Index 6 is not replicated across allthe servers in the pipeline 51c31d15-6363-40f4-9154-97c719019643 as the min replicated index is 4. Deletion is not allowed in this container yet.
2019-10-25 05:11:47,630 [BlockDeletingService#2] WARN  background.BlockDeletingService (BlockDeletingService.java:isDeletionAllowed(187)) - Close Container log Index 6 is not replicated across allthe servers in the pipeline 51c31d15-6363-40f4-9154-97c719019643 as the min replicated index is 4. Deletion is not allowed in this container yet.
2019-10-25 05:11:47,746 [EventQueue-ContainerReportForContainerReportHandler] WARN  container.ContainerReportHandler (AbstractContainerReportHandler.java:updateContainerState(145)) - Container #1 is in OPEN state, but the datanode 154b23c8-147d-4903-89d2-8045c7557393{ip: 192.168.157.246, host: pr-hdds-1868-bb2j8-1277741604, networkLocation: /default-rack, certSerialId: null} reports an CLOSED replica.
2019-10-25 05:11:47,946 [EventQueue-ContainerReportForContainerReportHandler] WARN  container.ContainerReportHandler (AbstractContainerReportHandler.java:updateContainerState(145)) - Container #1 is in OPEN state, but the datanode 154b23c8-147d-4903-89d2-8045c7557393{ip: 192.168.157.246, host: pr-hdds-1868-bb2j8-1277741604, networkLocation: /default-rack, certSerialId: null} reports an CLOSED replica.
2019-10-25 05:11:48,015 [EventQueue-ContainerReportForContainerReportHandler] WARN  container.ContainerReportHandler (AbstractContainerReportHandler.java:updateContainerState(145)) - Container #1 is in OPEN state, but the datanode 792578c8-58d9-41cb-99fd-534993a904b7{ip: 192.168.157.246, host: pr-hdds-1868-bb2j8-1277741604, networkLocation: /default-rack, certSerialId: null} reports an CLOSED replica.
2019-10-25 05:11:48,146 [EventQueue-ContainerReportForContainerReportHandler] WARN  container.ContainerReportHandler (AbstractContainerReportHandler.java:updateContainerState(145)) - Container #1 is in OPEN state, but the datanode 154b23c8-147d-4903-89d2-8045c7557393{ip: 192.168.157.246, host: pr-hdds-1868-bb2j8-1277741604, networkLocation: /default-rack, certSerialId: null} reports an CLOSED replica.
2019-10-25 05:11:48,314 [EventQueue-ContainerReportForContainerReportHandler] WARN  container.ContainerReportHandler (AbstractContainerReportHandler.java:updateContainerState(145)) - Container #1 is in OPEN state, but the datanode 792578c8-58d9-41cb-99fd-534993a904b7{ip: 192.168.157.246, host: pr-hdds-1868-bb2j8-1277741604, networkLocation: /default-rack, certSerialId: null} reports an CLOSED replica.
2019-10-25 05:11:48,346 [EventQueue-ContainerReportForContainerReportHandler] WARN  container.ContainerReportHandler (AbstractContainerReportHandler.java:updateContainerState(145)) - Container #1 is in OPEN state, but the datanode 154b23c8-147d-4903-89d2-8045c7557393{ip: 192.168.157.246, host: pr-hdds-1868-bb2j8-1277741604, networkLocation: /default-rack, certSerialId: null} reports an CLOSED replica.
2019-10-25 05:11:48,546 [EventQueue-ContainerReportForContainerReportHandler] WARN  container.ContainerReportHandler (AbstractContainerReportHandler.java:updateContainerState(145)) - Container #1 is in OPEN state, but the datanode 154b23c8-147d-4903-89d2-8045c7557393{ip: 192.168.157.246, host: pr-hdds-1868-bb2j8-1277741604, networkLocation: /default-rack, certSerialId: null} reports an CLOSED replica.
2019-10-25 05:11:48,632 [BlockDeletingService#2] WARN  background.BlockDeletingService (BlockDeletingService.java:isDeletionAllowed(187)) - Close Container log Index 6 is not replicated across allthe servers in the pipeline 51c31d15-6363-40f4-9154-97c719019643 as the min replicated index is 4. Deletion is not allowed in this container yet.
2019-10-25 05:11:48,632 [BlockDeletingService#2] WARN  background.BlockDeletingService (BlockDeletingService.java:isDeletionAllowed(187)) - Close Container log Index 6 is not replicated across allthe servers in the pipeline 51c31d15-6363-40f4-9154-97c719019643 as the min replicated index is 4. Deletion is not allowed in this container yet.
2019-10-25 05:11:48,715 [EventQueue-ContainerReportForContainerReportHandler] WARN  container.ContainerReportHandler (AbstractContainerReportHandler.java:updateContainerState(145)) - Container #1 is in OPEN state, but the datanode 792578c8-58d9-41cb-99fd-534993a904b7{ip: 192.168.157.246, host: pr-hdds-1868-bb2j8-1277741604, networkLocation: /default-rack, certSerialId: null} reports an CLOSED replica.
2019-10-25 05:11:48,947 [EventQueue-ContainerReportForContainerReportHandler] WARN  container.ContainerReportHandler (AbstractContainerReportHandler.java:updateContainerState(145)) - Container #1 is in OPEN state, but the datanode 154b23c8-147d-4903-89d2-8045c7557393{ip: 192.168.157.246, host: pr-hdds-1868-bb2j8-1277741604, networkLocation: /default-rack, certSerialId: null} reports an CLOSED replica.
2019-10-25 05:11:49,115 [EventQueue-ContainerReportForContainerReportHandler] WARN  container.ContainerReportHandler (AbstractContainerReportHandler.java:updateContainerState(145)) - Container #1 is in OPEN state, but the datanode 792578c8-58d9-41cb-99fd-534993a904b7{ip: 192.168.157.246, host: pr-hdds-1868-bb2j8-1277741604, networkLocation: /default-rack, certSerialId: null} reports an CLOSED replica.
2019-10-25 05:11:49,148 [EventQueue-ContainerReportForContainerReportHandler] WARN  container.ContainerReportHandler (AbstractContainerReportHandler.java:updateContainerState(145)) - Container #1 is in OPEN state, but the datanode 154b23c8-147d-4903-89d2-8045c7557393{ip: 192.168.157.246, host: pr-hdds-1868-bb2j8-1277741604, networkLocation: /default-rack, certSerialId: null} reports an CLOSED replica.
2019-10-25 05:11:49,172 [java.util.concurrent.ThreadPoolExecutor$Worker@488e248e[State = -1, empty queue]] WARN  server.GrpcLogAppender (GrpcLogAppender.java:timeoutAppendRequest(209)) - 792578c8-58d9-41cb-99fd-534993a904b7@group-97C719019643->632d1f61-1fb0-4a9b-a27f-4f3ee937db0d-GrpcLogAppender: appendEntries Timeout, request=792578c8-58d9-41cb-99fd-534993a904b7->632d1f61-1fb0-4a9b-a27f-4f3ee937db0d#27-t1, previous=(t:1, i:10), leaderCommit=10, initializing? false, entries: <empty>
2019-10-25 05:11:49,316 [EventQueue-ContainerReportForContainerReportHandler] WARN  container.ContainerReportHandler (AbstractContainerReportHandler.java:updateContainerState(145)) - Container #1 is in OPEN state, but the datanode 792578c8-58d9-41cb-99fd-534993a904b7{ip: 192.168.157.246, host: pr-hdds-1868-bb2j8-1277741604, networkLocation: /default-rack, certSerialId: null} reports an CLOSED replica.
2019-10-25 05:11:49,516 [EventQueue-ContainerReportForContainerReportHandler] WARN  container.ContainerReportHandler (AbstractContainerReportHandler.java:updateContainerState(145)) - Container #1 is in OPEN state, but the datanode 792578c8-58d9-41cb-99fd-534993a904b7{ip: 192.168.157.246, host: pr-hdds-1868-bb2j8-1277741604, networkLocation: /default-rack, certSerialId: null} reports an CLOSED replica.
2019-10-25 05:11:49,547 [EventQueue-ContainerReportForContainerReportHandler] WARN  container.ContainerReportHandler (AbstractContainerReportHandler.java:updateContainerState(145)) - Container #1 is in OPEN state, but the datanode 154b23c8-147d-4903-89d2-8045c7557393{ip: 192.168.157.246, host: pr-hdds-1868-bb2j8-1277741604, networkLocation: /default-rack, certSerialId: null} reports an CLOSED replica.
2019-10-25 05:11:49,584 [Thread-360] INFO  client.GrpcClientProtocolService (GrpcClientProtocolService.java:lambda$processClientRequest$0(279)) - Failed RaftClientRequest:client-E384FFB178A4->792578c8-58d9-41cb-99fd-534993a904b7@group-97C719019643, cid=22, seq=0, Watch-ALL_COMMITTED(6), Message:<EMPTY>, reply=RaftClientReply:client-E384FFB178A4->792578c8-58d9-41cb-99fd-534993a904b7@group-97C719019643, cid=22, FAILED org.apache.ratis.protocol.NotReplicatedException: Request with call Id 22 and log index 6 is not yet replicated to ALL_COMMITTED, logIndex=6, commits[792578c8-58d9-41cb-99fd-534993a904b7:c10, 632d1f61-1fb0-4a9b-a27f-4f3ee937db0d:c4, 154b23c8-147d-4903-89d2-8045c7557393:c10]
2019-10-25 05:11:49,633 [BlockDeletingService#2] WARN  background.BlockDeletingService (BlockDeletingService.java:isDeletionAllowed(187)) - Close Container log Index 6 is not replicated across allthe servers in the pipeline 51c31d15-6363-40f4-9154-97c719019643 as the min replicated index is 4. Deletion is not allowed in this container yet.
2019-10-25 05:11:49,634 [BlockDeletingService#2] WARN  background.BlockDeletingService (BlockDeletingService.java:isDeletionAllowed(187)) - Close Container log Index 6 is not replicated across allthe servers in the pipeline 51c31d15-6363-40f4-9154-97c719019643 as the min replicated index is 4. Deletion is not allowed in this container yet.
2019-10-25 05:11:49,716 [EventQueue-ContainerReportForContainerReportHandler] WARN  container.ContainerReportHandler (AbstractContainerReportHandler.java:updateContainerState(145)) - Container #1 is in OPEN state, but the datanode 792578c8-58d9-41cb-99fd-534993a904b7{ip: 192.168.157.246, host: pr-hdds-1868-bb2j8-1277741604, networkLocation: /default-rack, certSerialId: null} reports an CLOSED replica.
2019-10-25 05:11:49,847 [EventQueue-ContainerReportForContainerReportHandler] WARN  container.ContainerReportHandler (AbstractContainerReportHandler.java:updateContainerState(145)) - Container #1 is in OPEN state, but the datanode 154b23c8-147d-4903-89d2-8045c7557393{ip: 192.168.157.246, host: pr-hdds-1868-bb2j8-1277741604, networkLocation: /default-rack, certSerialId: null} reports an CLOSED replica.
2019-10-25 05:11:50,117 [EventQueue-ContainerReportForContainerReportHandler] WARN  container.ContainerReportHandler (AbstractContainerReportHandler.java:updateContainerState(145)) - Container #1 is in OPEN state, but the datanode 792578c8-58d9-41cb-99fd-534993a904b7{ip: 192.168.157.246, host: pr-hdds-1868-bb2j8-1277741604, networkLocation: /default-rack, certSerialId: null} reports an CLOSED replica.
2019-10-25 05:11:50,147 [EventQueue-ContainerReportForContainerReportHandler] WARN  container.ContainerReportHandler (AbstractContainerReportHandler.java:updateContainerState(145)) - Container #1 is in OPEN state, but the datanode 154b23c8-147d-4903-89d2-8045c7557393{ip: 192.168.157.246, host: pr-hdds-1868-bb2j8-1277741604, networkLocation: /default-rack, certSerialId: null} reports an CLOSED replica.
2019-10-25 05:11:50,317 [EventQueue-ContainerReportForContainerReportHandler] WARN  container.ContainerReportHandler (AbstractContainerReportHandler.java:updateContainerState(145)) - Container #1 is in OPEN state, but the datanode 792578c8-58d9-41cb-99fd-534993a904b7{ip: 192.168.157.246, host: pr-hdds-1868-bb2j8-1277741604, networkLocation: /default-rack, certSerialId: null} reports an CLOSED replica.
2019-10-25 05:11:50,349 [EventQueue-ContainerReportForContainerReportHandler] WARN  container.ContainerReportHandler (AbstractContainerReportHandler.java:updateContainerState(145)) - Container #1 is in OPEN state, but the datanode 154b23c8-147d-4903-89d2-8045c7557393{ip: 192.168.157.246, host: pr-hdds-1868-bb2j8-1277741604, networkLocation: /default-rack, certSerialId: null} reports an CLOSED replica.
2019-10-25 05:11:50,616 [EventQueue-ContainerReportForContainerReportHandler] WARN  container.ContainerReportHandler (AbstractContainerReportHandler.java:updateContainerState(145)) - Container #1 is in OPEN state, but the datanode 792578c8-58d9-41cb-99fd-534993a904b7{ip: 192.168.157.246, host: pr-hdds-1868-bb2j8-1277741604, networkLocation: /default-rack, certSerialId: null} reports an CLOSED replica.
2019-10-25 05:11:50,635 [BlockDeletingService#2] WARN  background.BlockDeletingService (BlockDeletingService.java:isDeletionAllowed(187)) - Close Container log Index 6 is not replicated across allthe servers in the pipeline 51c31d15-6363-40f4-9154-97c719019643 as the min replicated index is 4. Deletion is not allowed in this container yet.
2019-10-25 05:11:50,639 [BlockDeletingService#2] WARN  background.BlockDeletingService (BlockDeletingService.java:isDeletionAllowed(187)) - Close Container log Index 6 is not replicated across allthe servers in the pipeline 51c31d15-6363-40f4-9154-97c719019643 as the min replicated index is 4. Deletion is not allowed in this container yet.
2019-10-25 05:11:50,750 [EventQueue-ContainerReportForContainerReportHandler] WARN  container.ContainerReportHandler (AbstractContainerReportHandler.java:updateContainerState(145)) - Container #1 is in OPEN state, but the datanode 154b23c8-147d-4903-89d2-8045c7557393{ip: 192.168.157.246, host: pr-hdds-1868-bb2j8-1277741604, networkLocation: /default-rack, certSerialId: null} reports an CLOSED replica.
2019-10-25 05:11:50,816 [EventQueue-ContainerReportForContainerReportHandler] WARN  container.ContainerReportHandler (AbstractContainerReportHandler.java:updateContainerState(145)) - Container #1 is in OPEN state, but the datanode 792578c8-58d9-41cb-99fd-534993a904b7{ip: 192.168.157.246, host: pr-hdds-1868-bb2j8-1277741604, networkLocation: /default-rack, certSerialId: null} reports an CLOSED replica.
2019-10-25 05:11:51,050 [EventQueue-ContainerReportForContainerReportHandler] WARN  container.ContainerReportHandler (AbstractContainerReportHandler.java:updateContainerState(145)) - Container #1 is in OPEN state, but the datanode 154b23c8-147d-4903-89d2-8045c7557393{ip: 192.168.157.246, host: pr-hdds-1868-bb2j8-1277741604, networkLocation: /default-rack, certSerialId: null} reports an CLOSED replica.
2019-10-25 05:11:51,218 [EventQueue-ContainerReportForContainerReportHandler] WARN  container.ContainerReportHandler (AbstractContainerReportHandler.java:updateContainerState(145)) - Container #1 is in OPEN state, but the datanode 792578c8-58d9-41cb-99fd-534993a904b7{ip: 192.168.157.246, host: pr-hdds-1868-bb2j8-1277741604, networkLocation: /default-rack, certSerialId: null} reports an CLOSED replica.
2019-10-25 05:11:51,418 [EventQueue-ContainerReportForContainerReportHandler] WARN  container.ContainerReportHandler (AbstractContainerReportHandler.java:updateContainerState(145)) - Container #1 is in OPEN state, but the datanode 792578c8-58d9-41cb-99fd-534993a904b7{ip: 192.168.157.246, host: pr-hdds-1868-bb2j8-1277741604, networkLocation: /default-rack, certSerialId: null} reports an CLOSED replica.
2019-10-25 05:11:51,451 [EventQueue-ContainerReportForContainerReportHandler] WARN  container.ContainerReportHandler (AbstractContainerReportHandler.java:updateContainerState(145)) - Container #1 is in OPEN state, but the datanode 154b23c8-147d-4903-89d2-8045c7557393{ip: 192.168.157.246, host: pr-hdds-1868-bb2j8-1277741604, networkLocation: /default-rack, certSerialId: null} reports an CLOSED replica.
2019-10-25 05:11:51,636 [BlockDeletingService#2] WARN  background.BlockDeletingService (BlockDeletingService.java:isDeletionAllowed(187)) - Close Container log Index 6 is not replicated across allthe servers in the pipeline 51c31d15-6363-40f4-9154-97c719019643 as the min replicated index is 4. Deletion is not allowed in this container yet.
2019-10-25 05:11:51,640 [BlockDeletingService#2] WARN  background.BlockDeletingService (BlockDeletingService.java:isDeletionAllowed(187)) - Close Container log Index 6 is not replicated across allthe servers in the pipeline 51c31d15-6363-40f4-9154-97c719019643 as the min replicated index is 4. Deletion is not allowed in this container yet.
2019-10-25 05:11:51,652 [EventQueue-ContainerReportForContainerReportHandler] WARN  container.ContainerReportHandler (AbstractContainerReportHandler.java:updateContainerState(145)) - Container #1 is in OPEN state, but the datanode 154b23c8-147d-4903-89d2-8045c7557393{ip: 192.168.157.246, host: pr-hdds-1868-bb2j8-1277741604, networkLocation: /default-rack, certSerialId: null} reports an CLOSED replica.
2019-10-25 05:11:51,673 [java.util.concurrent.ThreadPoolExecutor$Worker@488e248e[State = -1, empty queue]] WARN  server.GrpcLogAppender (GrpcLogAppender.java:timeoutAppendRequest(209)) - 792578c8-58d9-41cb-99fd-534993a904b7@group-97C719019643->632d1f61-1fb0-4a9b-a27f-4f3ee937db0d-GrpcLogAppender: appendEntries Timeout, request=792578c8-58d9-41cb-99fd-534993a904b7->632d1f61-1fb0-4a9b-a27f-4f3ee937db0d#28-t1, previous=(t:1, i:10), leaderCommit=10, initializing? false, entries: <empty>
2019-10-25 05:11:51,718 [EventQueue-ContainerReportForContainerReportHandler] WARN  container.ContainerReportHandler (AbstractContainerReportHandler.java:updateContainerState(145)) - Container #1 is in OPEN state, but the datanode 792578c8-58d9-41cb-99fd-534993a904b7{ip: 192.168.157.246, host: pr-hdds-1868-bb2j8-1277741604, networkLocation: /default-rack, certSerialId: null} reports an CLOSED replica.
2019-10-25 05:11:51,952 [EventQueue-ContainerReportForContainerReportHandler] WARN  container.ContainerReportHandler (AbstractContainerReportHandler.java:updateContainerState(145)) - Container #1 is in OPEN state, but the datanode 154b23c8-147d-4903-89d2-8045c7557393{ip: 192.168.157.246, host: pr-hdds-1868-bb2j8-1277741604, networkLocation: /default-rack, certSerialId: null} reports an CLOSED replica.
2019-10-25 05:11:52,018 [EventQueue-ContainerReportForContainerReportHandler] WARN  container.ContainerReportHandler (AbstractContainerReportHandler.java:updateContainerState(145)) - Container #1 is in OPEN state, but the datanode 792578c8-58d9-41cb-99fd-534993a904b7{ip: 192.168.157.246, host: pr-hdds-1868-bb2j8-1277741604, networkLocation: /default-rack, certSerialId: null} reports an CLOSED replica.
2019-10-25 05:11:52,153 [EventQueue-ContainerReportForContainerReportHandler] WARN  container.ContainerReportHandler (AbstractContainerReportHandler.java:updateContainerState(145)) - Container #1 is in OPEN state, but the datanode 154b23c8-147d-4903-89d2-8045c7557393{ip: 192.168.157.246, host: pr-hdds-1868-bb2j8-1277741604, networkLocation: /default-rack, certSerialId: null} reports an CLOSED replica.
2019-10-25 05:11:52,319 [EventQueue-ContainerReportForContainerReportHandler] WARN  container.ContainerReportHandler (AbstractContainerReportHandler.java:updateContainerState(145)) - Container #1 is in OPEN state, but the datanode 792578c8-58d9-41cb-99fd-534993a904b7{ip: 192.168.157.246, host: pr-hdds-1868-bb2j8-1277741604, networkLocation: /default-rack, certSerialId: null} reports an CLOSED replica.
2019-10-25 05:11:52,452 [EventQueue-ContainerReportForContainerReportHandler] WARN  container.ContainerReportHandler (AbstractContainerReportHandler.java:updateContainerState(145)) - Container #1 is in OPEN state, but the datanode 154b23c8-147d-4903-89d2-8045c7557393{ip: 192.168.157.246, host: pr-hdds-1868-bb2j8-1277741604, networkLocation: /default-rack, certSerialId: null} reports an CLOSED replica.
2019-10-25 05:11:52,619 [EventQueue-ContainerReportForContainerReportHandler] WARN  container.ContainerReportHandler (AbstractContainerReportHandler.java:updateContainerState(145)) - Container #1 is in OPEN state, but the datanode 792578c8-58d9-41cb-99fd-534993a904b7{ip: 192.168.157.246, host: pr-hdds-1868-bb2j8-1277741604, networkLocation: /default-rack, certSerialId: null} reports an CLOSED replica.
2019-10-25 05:11:52,637 [BlockDeletingService#2] WARN  background.BlockDeletingService (BlockDeletingService.java:isDeletionAllowed(187)) - Close Container log Index 6 is not replicated across allthe servers in the pipeline 51c31d15-6363-40f4-9154-97c719019643 as the min replicated index is 4. Deletion is not allowed in this container yet.
2019-10-25 05:11:52,642 [BlockDeletingService#2] WARN  background.BlockDeletingService (BlockDeletingService.java:isDeletionAllowed(187)) - Close Container log Index 6 is not replicated across allthe servers in the pipeline 51c31d15-6363-40f4-9154-97c719019643 as the min replicated index is 4. Deletion is not allowed in this container yet.
2019-10-25 05:11:52,752 [EventQueue-ContainerReportForContainerReportHandler] WARN  container.ContainerReportHandler (AbstractContainerReportHandler.java:updateContainerState(145)) - Container #1 is in OPEN state, but the datanode 154b23c8-147d-4903-89d2-8045c7557393{ip: 192.168.157.246, host: pr-hdds-1868-bb2j8-1277741604, networkLocation: /default-rack, certSerialId: null} reports an CLOSED replica.
2019-10-25 05:11:52,919 [EventQueue-ContainerReportForContainerReportHandler] WARN  container.ContainerReportHandler (AbstractContainerReportHandler.java:updateContainerState(145)) - Container #1 is in OPEN state, but the datanode 792578c8-58d9-41cb-99fd-534993a904b7{ip: 192.168.157.246, host: pr-hdds-1868-bb2j8-1277741604, networkLocation: /default-rack, certSerialId: null} reports an CLOSED replica.
2019-10-25 05:11:53,053 [EventQueue-ContainerReportForContainerReportHandler] WARN  container.ContainerReportHandler (AbstractContainerReportHandler.java:updateContainerState(145)) - Container #1 is in OPEN state, but the datanode 154b23c8-147d-4903-89d2-8045c7557393{ip: 192.168.157.246, host: pr-hdds-1868-bb2j8-1277741604, networkLocation: /default-rack, certSerialId: null} reports an CLOSED replica.
2019-10-25 05:11:53,320 [EventQueue-ContainerReportForContainerReportHandler] WARN  container.ContainerReportHandler (AbstractContainerReportHandler.java:updateContainerState(145)) - Container #1 is in OPEN state, but the datanode 792578c8-58d9-41cb-99fd-534993a904b7{ip: 192.168.157.246, host: pr-hdds-1868-bb2j8-1277741604, networkLocation: /default-rack, certSerialId: null} reports an CLOSED replica.
2019-10-25 05:11:53,352 [EventQueue-ContainerReportForContainerReportHandler] WARN  container.ContainerReportHandler (AbstractContainerReportHandler.java:updateContainerState(145)) - Container #1 is in OPEN state, but the datanode 154b23c8-147d-4903-89d2-8045c7557393{ip: 192.168.157.246, host: pr-hdds-1868-bb2j8-1277741604, networkLocation: /default-rack, certSerialId: null} reports an CLOSED replica.
2019-10-25 05:11:53,639 [BlockDeletingService#2] WARN  background.BlockDeletingService (BlockDeletingService.java:isDeletionAllowed(187)) - Close Container log Index 6 is not replicated across allthe servers in the pipeline 51c31d15-6363-40f4-9154-97c719019643 as the min replicated index is 4. Deletion is not allowed in this container yet.
2019-10-25 05:11:53,643 [BlockDeletingService#2] WARN  background.BlockDeletingService (BlockDeletingService.java:isDeletionAllowed(187)) - Close Container log Index 6 is not replicated across allthe servers in the pipeline 51c31d15-6363-40f4-9154-97c719019643 as the min replicated index is 4. Deletion is not allowed in this container yet.
2019-10-25 05:11:53,652 [EventQueue-ContainerReportForContainerReportHandler] WARN  container.ContainerReportHandler (AbstractContainerReportHandler.java:updateContainerState(145)) - Container #1 is in OPEN state, but the datanode 154b23c8-147d-4903-89d2-8045c7557393{ip: 192.168.157.246, host: pr-hdds-1868-bb2j8-1277741604, networkLocation: /default-rack, certSerialId: null} reports an CLOSED replica.
2019-10-25 05:11:53,721 [EventQueue-ContainerReportForContainerReportHandler] WARN  container.ContainerReportHandler (AbstractContainerReportHandler.java:updateContainerState(145)) - Container #1 is in OPEN state, but the datanode 792578c8-58d9-41cb-99fd-534993a904b7{ip: 192.168.157.246, host: pr-hdds-1868-bb2j8-1277741604, networkLocation: /default-rack, certSerialId: null} reports an CLOSED replica.
2019-10-25 05:11:53,852 [EventQueue-ContainerReportForContainerReportHandler] WARN  container.ContainerReportHandler (AbstractContainerReportHandler.java:updateContainerState(145)) - Container #1 is in OPEN state, but the datanode 154b23c8-147d-4903-89d2-8045c7557393{ip: 192.168.157.246, host: pr-hdds-1868-bb2j8-1277741604, networkLocation: /default-rack, certSerialId: null} reports an CLOSED replica.
2019-10-25 05:11:54,125 [EventQueue-ContainerReportForContainerReportHandler] WARN  container.ContainerReportHandler (AbstractContainerReportHandler.java:updateContainerState(145)) - Container #1 is in OPEN state, but the datanode 792578c8-58d9-41cb-99fd-534993a904b7{ip: 192.168.157.246, host: pr-hdds-1868-bb2j8-1277741604, networkLocation: /default-rack, certSerialId: null} reports an CLOSED replica.
2019-10-25 05:11:54,153 [EventQueue-ContainerReportForContainerReportHandler] WARN  container.ContainerReportHandler (AbstractContainerReportHandler.java:updateContainerState(145)) - Container #1 is in OPEN state, but the datanode 154b23c8-147d-4903-89d2-8045c7557393{ip: 192.168.157.246, host: pr-hdds-1868-bb2j8-1277741604, networkLocation: /default-rack, certSerialId: null} reports an CLOSED replica.
2019-10-25 05:11:54,177 [java.util.concurrent.ThreadPoolExecutor$Worker@488e248e[State = -1, empty queue]] WARN  server.GrpcLogAppender (GrpcLogAppender.java:timeoutAppendRequest(209)) - 792578c8-58d9-41cb-99fd-534993a904b7@group-97C719019643->632d1f61-1fb0-4a9b-a27f-4f3ee937db0d-GrpcLogAppender: appendEntries Timeout, request=792578c8-58d9-41cb-99fd-534993a904b7->632d1f61-1fb0-4a9b-a27f-4f3ee937db0d#29-t1, previous=(t:1, i:10), leaderCommit=10, initializing? false, entries: <empty>
2019-10-25 05:11:54,423 [EventQueue-ContainerReportForContainerReportHandler] WARN  container.ContainerReportHandler (AbstractContainerReportHandler.java:updateContainerState(145)) - Container #1 is in OPEN state, but the datanode 792578c8-58d9-41cb-99fd-534993a904b7{ip: 192.168.157.246, host: pr-hdds-1868-bb2j8-1277741604, networkLocation: /default-rack, certSerialId: null} reports an CLOSED replica.
2019-10-25 05:11:54,553 [EventQueue-ContainerReportForContainerReportHandler] WARN  container.ContainerReportHandler (AbstractContainerReportHandler.java:updateContainerState(145)) - Container #1 is in OPEN state, but the datanode 154b23c8-147d-4903-89d2-8045c7557393{ip: 192.168.157.246, host: pr-hdds-1868-bb2j8-1277741604, networkLocation: /default-rack, certSerialId: null} reports an CLOSED replica.
2019-10-25 05:11:54,643 [BlockDeletingService#2] WARN  background.BlockDeletingService (BlockDeletingService.java:isDeletionAllowed(187)) - Close Container log Index 6 is not replicated across allthe servers in the pipeline 51c31d15-6363-40f4-9154-97c719019643 as the min replicated index is 4. Deletion is not allowed in this container yet.
2019-10-25 05:11:54,644 [BlockDeletingService#2] WARN  background.BlockDeletingService (BlockDeletingService.java:isDeletionAllowed(187)) - Close Container log Index 6 is not replicated across allthe servers in the pipeline 51c31d15-6363-40f4-9154-97c719019643 as the min replicated index is 4. Deletion is not allowed in this container yet.
2019-10-25 05:11:54,723 [EventQueue-ContainerReportForContainerReportHandler] WARN  container.ContainerReportHandler (AbstractContainerReportHandler.java:updateContainerState(145)) - Container #1 is in OPEN state, but the datanode 792578c8-58d9-41cb-99fd-534993a904b7{ip: 192.168.157.246, host: pr-hdds-1868-bb2j8-1277741604, networkLocation: /default-rack, certSerialId: null} reports an CLOSED replica.
2019-10-25 05:11:54,954 [EventQueue-ContainerReportForContainerReportHandler] WARN  container.ContainerReportHandler (AbstractContainerReportHandler.java:updateContainerState(145)) - Container #1 is in OPEN state, but the datanode 154b23c8-147d-4903-89d2-8045c7557393{ip: 192.168.157.246, host: pr-hdds-1868-bb2j8-1277741604, networkLocation: /default-rack, certSerialId: null} reports an CLOSED replica.
2019-10-25 05:11:55,122 [EventQueue-ContainerReportForContainerReportHandler] WARN  container.ContainerReportHandler (AbstractContainerReportHandler.java:updateContainerState(145)) - Container #1 is in OPEN state, but the datanode 792578c8-58d9-41cb-99fd-534993a904b7{ip: 192.168.157.246, host: pr-hdds-1868-bb2j8-1277741604, networkLocation: /default-rack, certSerialId: null} reports an CLOSED replica.
2019-10-25 05:11:55,154 [EventQueue-ContainerReportForContainerReportHandler] WARN  container.ContainerReportHandler (AbstractContainerReportHandler.java:updateContainerState(145)) - Container #1 is in OPEN state, but the datanode 154b23c8-147d-4903-89d2-8045c7557393{ip: 192.168.157.246, host: pr-hdds-1868-bb2j8-1277741604, networkLocation: /default-rack, certSerialId: null} reports an CLOSED replica.
2019-10-25 05:11:55,523 [EventQueue-ContainerReportForContainerReportHandler] WARN  container.ContainerReportHandler (AbstractContainerReportHandler.java:updateContainerState(145)) - Container #1 is in OPEN state, but the datanode 792578c8-58d9-41cb-99fd-534993a904b7{ip: 192.168.157.246, host: pr-hdds-1868-bb2j8-1277741604, networkLocation: /default-rack, certSerialId: null} reports an CLOSED replica.
2019-10-25 05:11:55,554 [EventQueue-ContainerReportForContainerReportHandler] WARN  container.ContainerReportHandler (AbstractContainerReportHandler.java:updateContainerState(145)) - Container #1 is in OPEN state, but the datanode 154b23c8-147d-4903-89d2-8045c7557393{ip: 192.168.157.246, host: pr-hdds-1868-bb2j8-1277741604, networkLocation: /default-rack, certSerialId: null} reports an CLOSED replica.
2019-10-25 05:11:55,647 [BlockDeletingService#2] WARN  background.BlockDeletingService (BlockDeletingService.java:isDeletionAllowed(187)) - Close Container log Index 6 is not replicated across allthe servers in the pipeline 51c31d15-6363-40f4-9154-97c719019643 as the min replicated index is 4. Deletion is not allowed in this container yet.
2019-10-25 05:11:55,647 [BlockDeletingService#2] WARN  background.BlockDeletingService (BlockDeletingService.java:isDeletionAllowed(187)) - Close Container log Index 6 is not replicated across allthe servers in the pipeline 51c31d15-6363-40f4-9154-97c719019643 as the min replicated index is 4. Deletion is not allowed in this container yet.
2019-10-25 05:11:55,855 [EventQueue-ContainerReportForContainerReportHandler] WARN  container.ContainerReportHandler (AbstractContainerReportHandler.java:updateContainerState(145)) - Container #1 is in OPEN state, but the datanode 154b23c8-147d-4903-89d2-8045c7557393{ip: 192.168.157.246, host: pr-hdds-1868-bb2j8-1277741604, networkLocation: /default-rack, certSerialId: null} reports an CLOSED replica.
2019-10-25 05:11:55,924 [EventQueue-ContainerReportForContainerReportHandler] WARN  container.ContainerReportHandler (AbstractContainerReportHandler.java:updateContainerState(145)) - Container #1 is in OPEN state, but the datanode 792578c8-58d9-41cb-99fd-534993a904b7{ip: 192.168.157.246, host: pr-hdds-1868-bb2j8-1277741604, networkLocation: /default-rack, certSerialId: null} reports an CLOSED replica.
2019-10-25 05:11:56,125 [EventQueue-ContainerReportForContainerReportHandler] WARN  container.ContainerReportHandler (AbstractContainerReportHandler.java:updateContainerState(145)) - Container #1 is in OPEN state, but the datanode 792578c8-58d9-41cb-99fd-534993a904b7{ip: 192.168.157.246, host: pr-hdds-1868-bb2j8-1277741604, networkLocation: /default-rack, certSerialId: null} reports an CLOSED replica.
2019-10-25 05:11:56,254 [EventQueue-ContainerReportForContainerReportHandler] WARN  container.ContainerReportHandler (AbstractContainerReportHandler.java:updateContainerState(145)) - Container #1 is in OPEN state, but the datanode 154b23c8-147d-4903-89d2-8045c7557393{ip: 192.168.157.246, host: pr-hdds-1868-bb2j8-1277741604, networkLocation: /default-rack, certSerialId: null} reports an CLOSED replica.
2019-10-25 05:11:56,527 [EventQueue-ContainerReportForContainerReportHandler] WARN  container.ContainerReportHandler (AbstractContainerReportHandler.java:updateContainerState(145)) - Container #1 is in OPEN state, but the datanode 792578c8-58d9-41cb-99fd-534993a904b7{ip: 192.168.157.246, host: pr-hdds-1868-bb2j8-1277741604, networkLocation: /default-rack, certSerialId: null} reports an CLOSED replica.
2019-10-25 05:11:56,554 [EventQueue-ContainerReportForContainerReportHandler] WARN  container.ContainerReportHandler (AbstractContainerReportHandler.java:updateContainerState(145)) - Container #1 is in OPEN state, but the datanode 154b23c8-147d-4903-89d2-8045c7557393{ip: 192.168.157.246, host: pr-hdds-1868-bb2j8-1277741604, networkLocation: /default-rack, certSerialId: null} reports an CLOSED replica.
2019-10-25 05:11:56,649 [BlockDeletingService#2] WARN  background.BlockDeletingService (BlockDeletingService.java:isDeletionAllowed(187)) - Close Container log Index 6 is not replicated across allthe servers in the pipeline 51c31d15-6363-40f4-9154-97c719019643 as the min replicated index is 4. Deletion is not allowed in this container yet.
2019-10-25 05:11:56,649 [BlockDeletingService#2] WARN  background.BlockDeletingService (BlockDeletingService.java:isDeletionAllowed(187)) - Close Container log Index 6 is not replicated across allthe servers in the pipeline 51c31d15-6363-40f4-9154-97c719019643 as the min replicated index is 4. Deletion is not allowed in this container yet.
2019-10-25 05:11:56,675 [java.util.concurrent.ThreadPoolExecutor$Worker@488e248e[State = -1, empty queue]] WARN  server.GrpcLogAppender (GrpcLogAppender.java:timeoutAppendRequest(209)) - 792578c8-58d9-41cb-99fd-534993a904b7@group-97C719019643->632d1f61-1fb0-4a9b-a27f-4f3ee937db0d-GrpcLogAppender: appendEntries Timeout, request=792578c8-58d9-41cb-99fd-534993a904b7->632d1f61-1fb0-4a9b-a27f-4f3ee937db0d#30-t1, previous=(t:1, i:10), leaderCommit=10, initializing? false, entries: <empty>
2019-10-25 05:11:56,827 [EventQueue-ContainerReportForContainerReportHandler] WARN  container.ContainerReportHandler (AbstractContainerReportHandler.java:updateContainerState(145)) - Container #1 is in OPEN state, but the datanode 792578c8-58d9-41cb-99fd-534993a904b7{ip: 192.168.157.246, host: pr-hdds-1868-bb2j8-1277741604, networkLocation: /default-rack, certSerialId: null} reports an CLOSED replica.
2019-10-25 05:11:56,954 [EventQueue-ContainerReportForContainerReportHandler] WARN  container.ContainerReportHandler (AbstractContainerReportHandler.java:updateContainerState(145)) - Container #1 is in OPEN state, but the datanode 154b23c8-147d-4903-89d2-8045c7557393{ip: 192.168.157.246, host: pr-hdds-1868-bb2j8-1277741604, networkLocation: /default-rack, certSerialId: null} reports an CLOSED replica.
2019-10-25 05:11:57,127 [EventQueue-ContainerReportForContainerReportHandler] WARN  container.ContainerReportHandler (AbstractContainerReportHandler.java:updateContainerState(145)) - Container #1 is in OPEN state, but the datanode 792578c8-58d9-41cb-99fd-534993a904b7{ip: 192.168.157.246, host: pr-hdds-1868-bb2j8-1277741604, networkLocation: /default-rack, certSerialId: null} reports an CLOSED replica.
2019-10-25 05:11:57,254 [EventQueue-ContainerReportForContainerReportHandler] WARN  container.ContainerReportHandler (AbstractContainerReportHandler.java:updateContainerState(145)) - Container #1 is in OPEN state, but the datanode 154b23c8-147d-4903-89d2-8045c7557393{ip: 192.168.157.246, host: pr-hdds-1868-bb2j8-1277741604, networkLocation: /default-rack, certSerialId: null} reports an CLOSED replica.
2019-10-25 05:11:57,427 [EventQueue-ContainerReportForContainerReportHandler] WARN  container.ContainerReportHandler (AbstractContainerReportHandler.java:updateContainerState(145)) - Container #1 is in OPEN state, but the datanode 792578c8-58d9-41cb-99fd-534993a904b7{ip: 192.168.157.246, host: pr-hdds-1868-bb2j8-1277741604, networkLocation: /default-rack, certSerialId: null} reports an CLOSED replica.
2019-10-25 05:11:57,555 [EventQueue-ContainerReportForContainerReportHandler] WARN  container.ContainerReportHandler (AbstractContainerReportHandler.java:updateContainerState(145)) - Container #1 is in OPEN state, but the datanode 154b23c8-147d-4903-89d2-8045c7557393{ip: 192.168.157.246, host: pr-hdds-1868-bb2j8-1277741604, networkLocation: /default-rack, certSerialId: null} reports an CLOSED replica.
2019-10-25 05:11:57,650 [BlockDeletingService#2] WARN  background.BlockDeletingService (BlockDeletingService.java:isDeletionAllowed(187)) - Close Container log Index 6 is not replicated across allthe servers in the pipeline 51c31d15-6363-40f4-9154-97c719019643 as the min replicated index is 4. Deletion is not allowed in this container yet.
2019-10-25 05:11:57,650 [BlockDeletingService#2] WARN  background.BlockDeletingService (BlockDeletingService.java:isDeletionAllowed(187)) - Close Container log Index 6 is not replicated across allthe servers in the pipeline 51c31d15-6363-40f4-9154-97c719019643 as the min replicated index is 4. Deletion is not allowed in this container yet.
2019-10-25 05:11:57,727 [EventQueue-ContainerReportForContainerReportHandler] WARN  container.ContainerReportHandler (AbstractContainerReportHandler.java:updateContainerState(145)) - Container #1 is in OPEN state, but the datanode 792578c8-58d9-41cb-99fd-534993a904b7{ip: 192.168.157.246, host: pr-hdds-1868-bb2j8-1277741604, networkLocation: /default-rack, certSerialId: null} reports an CLOSED replica.
2019-10-25 05:11:57,854 [EventQueue-ContainerReportForContainerReportHandler] WARN  container.ContainerReportHandler (AbstractContainerReportHandler.java:updateContainerState(145)) - Container #1 is in OPEN state, but the datanode 154b23c8-147d-4903-89d2-8045c7557393{ip: 192.168.157.246, host: pr-hdds-1868-bb2j8-1277741604, networkLocation: /default-rack, certSerialId: null} reports an CLOSED replica.
2019-10-25 05:11:58,027 [EventQueue-ContainerReportForContainerReportHandler] WARN  container.ContainerReportHandler (AbstractContainerReportHandler.java:updateContainerState(145)) - Container #1 is in OPEN state, but the datanode 792578c8-58d9-41cb-99fd-534993a904b7{ip: 192.168.157.246, host: pr-hdds-1868-bb2j8-1277741604, networkLocation: /default-rack, certSerialId: null} reports an CLOSED replica.
2019-10-25 05:11:58,154 [EventQueue-ContainerReportForContainerReportHandler] WARN  container.ContainerReportHandler (AbstractContainerReportHandler.java:updateContainerState(145)) - Container #1 is in OPEN state, but the datanode 154b23c8-147d-4903-89d2-8045c7557393{ip: 192.168.157.246, host: pr-hdds-1868-bb2j8-1277741604, networkLocation: /default-rack, certSerialId: null} reports an CLOSED replica.
2019-10-25 05:11:58,228 [EventQueue-ContainerReportForContainerReportHandler] WARN  container.ContainerReportHandler (AbstractContainerReportHandler.java:updateContainerState(145)) - Container #1 is in OPEN state, but the datanode 792578c8-58d9-41cb-99fd-534993a904b7{ip: 192.168.157.246, host: pr-hdds-1868-bb2j8-1277741604, networkLocation: /default-rack, certSerialId: null} reports an CLOSED replica.
2019-10-25 05:11:58,355 [EventQueue-ContainerReportForContainerReportHandler] WARN  container.ContainerReportHandler (AbstractContainerReportHandler.java:updateContainerState(145)) - Container #1 is in OPEN state, but the datanode 154b23c8-147d-4903-89d2-8045c7557393{ip: 192.168.157.246, host: pr-hdds-1868-bb2j8-1277741604, networkLocation: /default-rack, certSerialId: null} reports an CLOSED replica.
2019-10-25 05:11:58,630 [EventQueue-ContainerReportForContainerReportHandler] WARN  container.ContainerReportHandler (AbstractContainerReportHandler.java:updateContainerState(145)) - Container #1 is in OPEN state, but the datanode 792578c8-58d9-41cb-99fd-534993a904b7{ip: 192.168.157.246, host: pr-hdds-1868-bb2j8-1277741604, networkLocation: /default-rack, certSerialId: null} reports an CLOSED replica.
2019-10-25 05:11:58,652 [BlockDeletingService#2] WARN  background.BlockDeletingService (BlockDeletingService.java:isDeletionAllowed(187)) - Close Container log Index 6 is not replicated across allthe servers in the pipeline 51c31d15-6363-40f4-9154-97c719019643 as the min replicated index is 4. Deletion is not allowed in this container yet.
2019-10-25 05:11:58,652 [BlockDeletingService#2] WARN  background.BlockDeletingService (BlockDeletingService.java:isDeletionAllowed(187)) - Close Container log Index 6 is not replicated across allthe servers in the pipeline 51c31d15-6363-40f4-9154-97c719019643 as the min replicated index is 4. Deletion is not allowed in this container yet.
2019-10-25 05:11:58,655 [EventQueue-ContainerReportForContainerReportHandler] WARN  container.ContainerReportHandler (AbstractContainerReportHandler.java:updateContainerState(145)) - Container #1 is in OPEN state, but the datanode 154b23c8-147d-4903-89d2-8045c7557393{ip: 192.168.157.246, host: pr-hdds-1868-bb2j8-1277741604, networkLocation: /default-rack, certSerialId: null} reports an CLOSED replica.
2019-10-25 05:11:58,830 [EventQueue-ContainerReportForContainerReportHandler] WARN  container.ContainerReportHandler (AbstractContainerReportHandler.java:updateContainerState(145)) - Container #1 is in OPEN state, but the datanode 792578c8-58d9-41cb-99fd-534993a904b7{ip: 192.168.157.246, host: pr-hdds-1868-bb2j8-1277741604, networkLocation: /default-rack, certSerialId: null} reports an CLOSED replica.
2019-10-25 05:11:59,055 [EventQueue-ContainerReportForContainerReportHandler] WARN  container.ContainerReportHandler (AbstractContainerReportHandler.java:updateContainerState(145)) - Container #1 is in OPEN state, but the datanode 154b23c8-147d-4903-89d2-8045c7557393{ip: 192.168.157.246, host: pr-hdds-1868-bb2j8-1277741604, networkLocation: /default-rack, certSerialId: null} reports an CLOSED replica.
2019-10-25 05:11:59,177 [java.util.concurrent.ThreadPoolExecutor$Worker@488e248e[State = -1, empty queue]] WARN  server.GrpcLogAppender (GrpcLogAppender.java:timeoutAppendRequest(209)) - 792578c8-58d9-41cb-99fd-534993a904b7@group-97C719019643->632d1f61-1fb0-4a9b-a27f-4f3ee937db0d-GrpcLogAppender: appendEntries Timeout, request=792578c8-58d9-41cb-99fd-534993a904b7->632d1f61-1fb0-4a9b-a27f-4f3ee937db0d#31-t1, previous=(t:1, i:10), leaderCommit=10, initializing? false, entries: <empty>
2019-10-25 05:11:59,197 [Thread-390] INFO  client.GrpcClientProtocolService (GrpcClientProtocolService.java:lambda$processClientRequest$0(279)) - Failed RaftClientRequest:client-E384FFB178A4->154b23c8-147d-4903-89d2-8045c7557393@group-97C719019643, cid=22, seq=0, Watch-ALL_COMMITTED(6), Message:<EMPTY>, reply=RaftClientReply:client-E384FFB178A4->154b23c8-147d-4903-89d2-8045c7557393@group-97C719019643, cid=22, FAILED org.apache.ratis.protocol.NotLeaderException: Server 154b23c8-147d-4903-89d2-8045c7557393@group-97C719019643 is not the leader 792578c8-58d9-41cb-99fd-534993a904b7:192.168.157.246:34810, logIndex=0, commits[154b23c8-147d-4903-89d2-8045c7557393:c10, 632d1f61-1fb0-4a9b-a27f-4f3ee937db0d:c4, 792578c8-58d9-41cb-99fd-534993a904b7:c10]
2019-10-25 05:11:59,230 [EventQueue-ContainerReportForContainerReportHandler] WARN  container.ContainerReportHandler (AbstractContainerReportHandler.java:updateContainerState(145)) - Container #1 is in OPEN state, but the datanode 792578c8-58d9-41cb-99fd-534993a904b7{ip: 192.168.157.246, host: pr-hdds-1868-bb2j8-1277741604, networkLocation: /default-rack, certSerialId: null} reports an CLOSED replica.
2019-10-25 05:11:59,355 [EventQueue-ContainerReportForContainerReportHandler] WARN  container.ContainerReportHandler (AbstractContainerReportHandler.java:updateContainerState(145)) - Container #1 is in OPEN state, but the datanode 154b23c8-147d-4903-89d2-8045c7557393{ip: 192.168.157.246, host: pr-hdds-1868-bb2j8-1277741604, networkLocation: /default-rack, certSerialId: null} reports an CLOSED replica.
2019-10-25 05:11:59,531 [EventQueue-ContainerReportForContainerReportHandler] WARN  container.ContainerReportHandler (AbstractContainerReportHandler.java:updateContainerState(145)) - Container #1 is in OPEN state, but the datanode 792578c8-58d9-41cb-99fd-534993a904b7{ip: 192.168.157.246, host: pr-hdds-1868-bb2j8-1277741604, networkLocation: /default-rack, certSerialId: null} reports an CLOSED replica.
2019-10-25 05:11:59,584 [Thread-393] INFO  client.GrpcClientProtocolService (GrpcClientProtocolService.java:lambda$processClientRequest$0(279)) - Failed RaftClientRequest:client-E384FFB178A4->792578c8-58d9-41cb-99fd-534993a904b7@group-97C719019643, cid=22, seq=0, Watch-ALL_COMMITTED(6), Message:<EMPTY>, reply=RaftClientReply:client-E384FFB178A4->792578c8-58d9-41cb-99fd-534993a904b7@group-97C719019643, cid=22, FAILED org.apache.ratis.protocol.NotReplicatedException: Request with call Id 22 and log index 6 is not yet replicated to ALL_COMMITTED, logIndex=6, commits[792578c8-58d9-41cb-99fd-534993a904b7:c10, 632d1f61-1fb0-4a9b-a27f-4f3ee937db0d:c4, 154b23c8-147d-4903-89d2-8045c7557393:c10]
2019-10-25 05:11:59,653 [BlockDeletingService#2] WARN  background.BlockDeletingService (BlockDeletingService.java:isDeletionAllowed(187)) - Close Container log Index 6 is not replicated across allthe servers in the pipeline 51c31d15-6363-40f4-9154-97c719019643 as the min replicated index is 4. Deletion is not allowed in this container yet.
2019-10-25 05:11:59,653 [BlockDeletingService#2] WARN  background.BlockDeletingService (BlockDeletingService.java:isDeletionAllowed(187)) - Close Container log Index 6 is not replicated across allthe servers in the pipeline 51c31d15-6363-40f4-9154-97c719019643 as the min replicated index is 4. Deletion is not allowed in this container yet.
2019-10-25 05:11:59,755 [EventQueue-ContainerReportForContainerReportHandler] WARN  container.ContainerReportHandler (AbstractContainerReportHandler.java:updateContainerState(145)) - Container #1 is in OPEN state, but the datanode 154b23c8-147d-4903-89d2-8045c7557393{ip: 192.168.157.246, host: pr-hdds-1868-bb2j8-1277741604, networkLocation: /default-rack, certSerialId: null} reports an CLOSED replica.
2019-10-25 05:11:59,934 [EventQueue-ContainerReportForContainerReportHandler] WARN  container.ContainerReportHandler (AbstractContainerReportHandler.java:updateContainerState(145)) - Container #1 is in OPEN state, but the datanode 792578c8-58d9-41cb-99fd-534993a904b7{ip: 192.168.157.246, host: pr-hdds-1868-bb2j8-1277741604, networkLocation: /default-rack, certSerialId: null} reports an CLOSED replica.
2019-10-25 05:12:00,056 [EventQueue-ContainerReportForContainerReportHandler] WARN  container.ContainerReportHandler (AbstractContainerReportHandler.java:updateContainerState(145)) - Container #1 is in OPEN state, but the datanode 154b23c8-147d-4903-89d2-8045c7557393{ip: 192.168.157.246, host: pr-hdds-1868-bb2j8-1277741604, networkLocation: /default-rack, certSerialId: null} reports an CLOSED replica.
2019-10-25 05:12:00,235 [EventQueue-ContainerReportForContainerReportHandler] WARN  container.ContainerReportHandler (AbstractContainerReportHandler.java:updateContainerState(145)) - Container #1 is in OPEN state, but the datanode 792578c8-58d9-41cb-99fd-534993a904b7{ip: 192.168.157.246, host: pr-hdds-1868-bb2j8-1277741604, networkLocation: /default-rack, certSerialId: null} reports an CLOSED replica.
2019-10-25 05:12:00,455 [EventQueue-ContainerReportForContainerReportHandler] WARN  container.ContainerReportHandler (AbstractContainerReportHandler.java:updateContainerState(145)) - Container #1 is in OPEN state, but the datanode 154b23c8-147d-4903-89d2-8045c7557393{ip: 192.168.157.246, host: pr-hdds-1868-bb2j8-1277741604, networkLocation: /default-rack, certSerialId: null} reports an CLOSED replica.
2019-10-25 05:12:00,534 [EventQueue-ContainerReportForContainerReportHandler] WARN  container.ContainerReportHandler (AbstractContainerReportHandler.java:updateContainerState(145)) - Container #1 is in OPEN state, but the datanode 792578c8-58d9-41cb-99fd-534993a904b7{ip: 192.168.157.246, host: pr-hdds-1868-bb2j8-1277741604, networkLocation: /default-rack, certSerialId: null} reports an CLOSED replica.
2019-10-25 05:12:00,655 [BlockDeletingService#2] WARN  background.BlockDeletingService (BlockDeletingService.java:isDeletionAllowed(187)) - Close Container log Index 6 is not replicated across allthe servers in the pipeline 51c31d15-6363-40f4-9154-97c719019643 as the min replicated index is 4. Deletion is not allowed in this container yet.
2019-10-25 05:12:00,656 [BlockDeletingService#2] WARN  background.BlockDeletingService (BlockDeletingService.java:isDeletionAllowed(187)) - Close Container log Index 6 is not replicated across allthe servers in the pipeline 51c31d15-6363-40f4-9154-97c719019643 as the min replicated index is 4. Deletion is not allowed in this container yet.
2019-10-25 05:12:00,756 [EventQueue-ContainerReportForContainerReportHandler] WARN  container.ContainerReportHandler (AbstractContainerReportHandler.java:updateContainerState(145)) - Container #1 is in OPEN state, but the datanode 154b23c8-147d-4903-89d2-8045c7557393{ip: 192.168.157.246, host: pr-hdds-1868-bb2j8-1277741604, networkLocation: /default-rack, certSerialId: null} reports an CLOSED replica.
2019-10-25 05:12:00,834 [EventQueue-ContainerReportForContainerReportHandler] WARN  container.ContainerReportHandler (AbstractContainerReportHandler.java:updateContainerState(145)) - Container #1 is in OPEN state, but the datanode 792578c8-58d9-41cb-99fd-534993a904b7{ip: 192.168.157.246, host: pr-hdds-1868-bb2j8-1277741604, networkLocation: /default-rack, certSerialId: null} reports an CLOSED replica.
2019-10-25 05:12:01,056 [EventQueue-ContainerReportForContainerReportHandler] WARN  container.ContainerReportHandler (AbstractContainerReportHandler.java:updateContainerState(145)) - Container #1 is in OPEN state, but the datanode 154b23c8-147d-4903-89d2-8045c7557393{ip: 192.168.157.246, host: pr-hdds-1868-bb2j8-1277741604, networkLocation: /default-rack, certSerialId: null} reports an CLOSED replica.
2019-10-25 05:12:01,235 [EventQueue-ContainerReportForContainerReportHandler] WARN  container.ContainerReportHandler (AbstractContainerReportHandler.java:updateContainerState(145)) - Container #1 is in OPEN state, but the datanode 792578c8-58d9-41cb-99fd-534993a904b7{ip: 192.168.157.246, host: pr-hdds-1868-bb2j8-1277741604, networkLocation: /default-rack, certSerialId: null} reports an CLOSED replica.
2019-10-25 05:12:01,257 [EventQueue-ContainerReportForContainerReportHandler] WARN  container.ContainerReportHandler (AbstractContainerReportHandler.java:updateContainerState(145)) - Container #1 is in OPEN state, but the datanode 154b23c8-147d-4903-89d2-8045c7557393{ip: 192.168.157.246, host: pr-hdds-1868-bb2j8-1277741604, networkLocation: /default-rack, certSerialId: null} reports an CLOSED replica.
2019-10-25 05:12:01,435 [EventQueue-ContainerReportForContainerReportHandler] WARN  container.ContainerReportHandler (AbstractContainerReportHandler.java:updateContainerState(145)) - Container #1 is in OPEN state, but the datanode 792578c8-58d9-41cb-99fd-534993a904b7{ip: 192.168.157.246, host: pr-hdds-1868-bb2j8-1277741604, networkLocation: /default-rack, certSerialId: null} reports an CLOSED replica.
2019-10-25 05:12:01,657 [BlockDeletingService#2] WARN  background.BlockDeletingService (BlockDeletingService.java:isDeletionAllowed(187)) - Close Container log Index 6 is not replicated across allthe servers in the pipeline 51c31d15-6363-40f4-9154-97c719019643 as the min replicated index is 4. Deletion is not allowed in this container yet.
2019-10-25 05:12:01,657 [BlockDeletingService#2] WARN  background.BlockDeletingService (BlockDeletingService.java:isDeletionAllowed(187)) - Close Container log Index 6 is not replicated across allthe servers in the pipeline 51c31d15-6363-40f4-9154-97c719019643 as the min replicated index is 4. Deletion is not allowed in this container yet.
2019-10-25 05:12:01,659 [EventQueue-ContainerReportForContainerReportHandler] WARN  container.ContainerReportHandler (AbstractContainerReportHandler.java:updateContainerState(145)) - Container #1 is in OPEN state, but the datanode 154b23c8-147d-4903-89d2-8045c7557393{ip: 192.168.157.246, host: pr-hdds-1868-bb2j8-1277741604, networkLocation: /default-rack, certSerialId: null} reports an CLOSED replica.
2019-10-25 05:12:01,678 [java.util.concurrent.ThreadPoolExecutor$Worker@488e248e[State = -1, empty queue]] WARN  server.GrpcLogAppender (GrpcLogAppender.java:timeoutAppendRequest(209)) - 792578c8-58d9-41cb-99fd-534993a904b7@group-97C719019643->632d1f61-1fb0-4a9b-a27f-4f3ee937db0d-GrpcLogAppender: appendEntries Timeout, request=792578c8-58d9-41cb-99fd-534993a904b7->632d1f61-1fb0-4a9b-a27f-4f3ee937db0d#32-t1, previous=(t:1, i:10), leaderCommit=10, initializing? false, entries: <empty>
2019-10-25 05:12:01,735 [EventQueue-ContainerReportForContainerReportHandler] WARN  container.ContainerReportHandler (AbstractContainerReportHandler.java:updateContainerState(145)) - Container #1 is in OPEN state, but the datanode 792578c8-58d9-41cb-99fd-534993a904b7{ip: 192.168.157.246, host: pr-hdds-1868-bb2j8-1277741604, networkLocation: /default-rack, certSerialId: null} reports an CLOSED replica.
2019-10-25 05:12:01,935 [EventQueue-ContainerReportForContainerReportHandler] WARN  container.ContainerReportHandler (AbstractContainerReportHandler.java:updateContainerState(145)) - Container #1 is in OPEN state, but the datanode 792578c8-58d9-41cb-99fd-534993a904b7{ip: 192.168.157.246, host: pr-hdds-1868-bb2j8-1277741604, networkLocation: /default-rack, certSerialId: null} reports an CLOSED replica.
2019-10-25 05:12:01,960 [EventQueue-ContainerReportForContainerReportHandler] WARN  container.ContainerReportHandler (AbstractContainerReportHandler.java:updateContainerState(145)) - Container #1 is in OPEN state, but the datanode 154b23c8-147d-4903-89d2-8045c7557393{ip: 192.168.157.246, host: pr-hdds-1868-bb2j8-1277741604, networkLocation: /default-rack, certSerialId: null} reports an CLOSED replica.
2019-10-25 05:12:02,260 [EventQueue-ContainerReportForContainerReportHandler] WARN  container.ContainerReportHandler (AbstractContainerReportHandler.java:updateContainerState(145)) - Container #1 is in OPEN state, but the datanode 154b23c8-147d-4903-89d2-8045c7557393{ip: 192.168.157.246, host: pr-hdds-1868-bb2j8-1277741604, networkLocation: /default-rack, certSerialId: null} reports an CLOSED replica.
2019-10-25 05:12:02,335 [EventQueue-ContainerReportForContainerReportHandler] WARN  container.ContainerReportHandler (AbstractContainerReportHandler.java:updateContainerState(145)) - Container #1 is in OPEN state, but the datanode 792578c8-58d9-41cb-99fd-534993a904b7{ip: 192.168.157.246, host: pr-hdds-1868-bb2j8-1277741604, networkLocation: /default-rack, certSerialId: null} reports an CLOSED replica.
2019-10-25 05:12:02,536 [EventQueue-ContainerReportForContainerReportHandler] WARN  container.ContainerReportHandler (AbstractContainerReportHandler.java:updateContainerState(145)) - Container #1 is in OPEN state, but the datanode 792578c8-58d9-41cb-99fd-534993a904b7{ip: 192.168.157.246, host: pr-hdds-1868-bb2j8-1277741604, networkLocation: /default-rack, certSerialId: null} reports an CLOSED replica.
2019-10-25 05:12:02,560 [EventQueue-ContainerReportForContainerReportHandler] WARN  container.ContainerReportHandler (AbstractContainerReportHandler.java:updateContainerState(145)) - Container #1 is in OPEN state, but the datanode 154b23c8-147d-4903-89d2-8045c7557393{ip: 192.168.157.246, host: pr-hdds-1868-bb2j8-1277741604, networkLocation: /default-rack, certSerialId: null} reports an CLOSED replica.
2019-10-25 05:12:02,658 [BlockDeletingService#2] WARN  background.BlockDeletingService (BlockDeletingService.java:isDeletionAllowed(187)) - Close Container log Index 6 is not replicated across allthe servers in the pipeline 51c31d15-6363-40f4-9154-97c719019643 as the min replicated index is 4. Deletion is not allowed in this container yet.
2019-10-25 05:12:02,658 [BlockDeletingService#2] WARN  background.BlockDeletingService (BlockDeletingService.java:isDeletionAllowed(187)) - Close Container log Index 6 is not replicated across allthe servers in the pipeline 51c31d15-6363-40f4-9154-97c719019643 as the min replicated index is 4. Deletion is not allowed in this container yet.
2019-10-25 05:12:02,760 [EventQueue-ContainerReportForContainerReportHandler] WARN  container.ContainerReportHandler (AbstractContainerReportHandler.java:updateContainerState(145)) - Container #1 is in OPEN state, but the datanode 154b23c8-147d-4903-89d2-8045c7557393{ip: 192.168.157.246, host: pr-hdds-1868-bb2j8-1277741604, networkLocation: /default-rack, certSerialId: null} reports an CLOSED replica.
2019-10-25 05:12:02,936 [EventQueue-ContainerReportForContainerReportHandler] WARN  container.ContainerReportHandler (AbstractContainerReportHandler.java:updateContainerState(145)) - Container #1 is in OPEN state, but the datanode 792578c8-58d9-41cb-99fd-534993a904b7{ip: 192.168.157.246, host: pr-hdds-1868-bb2j8-1277741604, networkLocation: /default-rack, certSerialId: null} reports an CLOSED replica.
2019-10-25 05:12:03,160 [EventQueue-ContainerReportForContainerReportHandler] WARN  container.ContainerReportHandler (AbstractContainerReportHandler.java:updateContainerState(145)) - Container #1 is in OPEN state, but the datanode 154b23c8-147d-4903-89d2-8045c7557393{ip: 192.168.157.246, host: pr-hdds-1868-bb2j8-1277741604, networkLocation: /default-rack, certSerialId: null} reports an CLOSED replica.
2019-10-25 05:12:03,237 [EventQueue-ContainerReportForContainerReportHandler] WARN  container.ContainerReportHandler (AbstractContainerReportHandler.java:updateContainerState(145)) - Container #1 is in OPEN state, but the datanode 792578c8-58d9-41cb-99fd-534993a904b7{ip: 192.168.157.246, host: pr-hdds-1868-bb2j8-1277741604, networkLocation: /default-rack, certSerialId: null} reports an CLOSED replica.
2019-10-25 05:12:03,360 [EventQueue-ContainerReportForContainerReportHandler] WARN  container.ContainerReportHandler (AbstractContainerReportHandler.java:updateContainerState(145)) - Container #1 is in OPEN state, but the datanode 154b23c8-147d-4903-89d2-8045c7557393{ip: 192.168.157.246, host: pr-hdds-1868-bb2j8-1277741604, networkLocation: /default-rack, certSerialId: null} reports an CLOSED replica.
2019-10-25 05:12:03,636 [EventQueue-ContainerReportForContainerReportHandler] WARN  container.ContainerReportHandler (AbstractContainerReportHandler.java:updateContainerState(145)) - Container #1 is in OPEN state, but the datanode 792578c8-58d9-41cb-99fd-534993a904b7{ip: 192.168.157.246, host: pr-hdds-1868-bb2j8-1277741604, networkLocation: /default-rack, certSerialId: null} reports an CLOSED replica.
2019-10-25 05:12:03,660 [BlockDeletingService#2] WARN  background.BlockDeletingService (BlockDeletingService.java:isDeletionAllowed(187)) - Close Container log Index 6 is not replicated across allthe servers in the pipeline 51c31d15-6363-40f4-9154-97c719019643 as the min replicated index is 4. Deletion is not allowed in this container yet.
2019-10-25 05:12:03,660 [BlockDeletingService#2] WARN  background.BlockDeletingService (BlockDeletingService.java:isDeletionAllowed(187)) - Close Container log Index 6 is not replicated across allthe servers in the pipeline 51c31d15-6363-40f4-9154-97c719019643 as the min replicated index is 4. Deletion is not allowed in this container yet.
2019-10-25 05:12:03,661 [EventQueue-ContainerReportForContainerReportHandler] WARN  container.ContainerReportHandler (AbstractContainerReportHandler.java:updateContainerState(145)) - Container #1 is in OPEN state, but the datanode 154b23c8-147d-4903-89d2-8045c7557393{ip: 192.168.157.246, host: pr-hdds-1868-bb2j8-1277741604, networkLocation: /default-rack, certSerialId: null} reports an CLOSED replica.
2019-10-25 05:12:03,861 [EventQueue-ContainerReportForContainerReportHandler] WARN  container.ContainerReportHandler (AbstractContainerReportHandler.java:updateContainerState(145)) - Container #1 is in OPEN state, but the datanode 154b23c8-147d-4903-89d2-8045c7557393{ip: 192.168.157.246, host: pr-hdds-1868-bb2j8-1277741604, networkLocation: /default-rack, certSerialId: null} reports an CLOSED replica.
2019-10-25 05:12:03,936 [EventQueue-ContainerReportForContainerReportHandler] WARN  container.ContainerReportHandler (AbstractContainerReportHandler.java:updateContainerState(145)) - Container #1 is in OPEN state, but the datanode 792578c8-58d9-41cb-99fd-534993a904b7{ip: 192.168.157.246, host: pr-hdds-1868-bb2j8-1277741604, networkLocation: /default-rack, certSerialId: null} reports an CLOSED replica.
2019-10-25 05:12:04,179 [java.util.concurrent.ThreadPoolExecutor$Worker@488e248e[State = -1, empty queue]] WARN  server.GrpcLogAppender (GrpcLogAppender.java:timeoutAppendRequest(209)) - 792578c8-58d9-41cb-99fd-534993a904b7@group-97C719019643->632d1f61-1fb0-4a9b-a27f-4f3ee937db0d-GrpcLogAppender: appendEntries Timeout, request=792578c8-58d9-41cb-99fd-534993a904b7->632d1f61-1fb0-4a9b-a27f-4f3ee937db0d#33-t1, previous=(t:1, i:10), leaderCommit=10, initializing? false, entries: <empty>
2019-10-25 05:12:04,261 [EventQueue-ContainerReportForContainerReportHandler] WARN  container.ContainerReportHandler (AbstractContainerReportHandler.java:updateContainerState(145)) - Container #1 is in OPEN state, but the datanode 154b23c8-147d-4903-89d2-8045c7557393{ip: 192.168.157.246, host: pr-hdds-1868-bb2j8-1277741604, networkLocation: /default-rack, certSerialId: null} reports an CLOSED replica.
2019-10-25 05:12:04,336 [EventQueue-ContainerReportForContainerReportHandler] WARN  container.ContainerReportHandler (AbstractContainerReportHandler.java:updateContainerState(145)) - Container #1 is in OPEN state, but the datanode 792578c8-58d9-41cb-99fd-534993a904b7{ip: 192.168.157.246, host: pr-hdds-1868-bb2j8-1277741604, networkLocation: /default-rack, certSerialId: null} reports an CLOSED replica.
2019-10-25 05:12:04,562 [EventQueue-ContainerReportForContainerReportHandler] WARN  container.ContainerReportHandler (AbstractContainerReportHandler.java:updateContainerState(145)) - Container #1 is in OPEN state, but the datanode 154b23c8-147d-4903-89d2-8045c7557393{ip: 192.168.157.246, host: pr-hdds-1868-bb2j8-1277741604, networkLocation: /default-rack, certSerialId: null} reports an CLOSED replica.
2019-10-25 05:12:04,636 [EventQueue-ContainerReportForContainerReportHandler] WARN  container.ContainerReportHandler (AbstractContainerReportHandler.java:updateContainerState(145)) - Container #1 is in OPEN state, but the datanode 792578c8-58d9-41cb-99fd-534993a904b7{ip: 192.168.157.246, host: pr-hdds-1868-bb2j8-1277741604, networkLocation: /default-rack, certSerialId: null} reports an CLOSED replica.
2019-10-25 05:12:04,662 [BlockDeletingService#2] WARN  background.BlockDeletingService (BlockDeletingService.java:isDeletionAllowed(187)) - Close Container log Index 6 is not replicated across allthe servers in the pipeline 51c31d15-6363-40f4-9154-97c719019643 as the min replicated index is 4. Deletion is not allowed in this container yet.
2019-10-25 05:12:04,662 [BlockDeletingService#2] WARN  background.BlockDeletingService (BlockDeletingService.java:isDeletionAllowed(187)) - Close Container log Index 6 is not replicated across allthe servers in the pipeline 51c31d15-6363-40f4-9154-97c719019643 as the min replicated index is 4. Deletion is not allowed in this container yet.
2019-10-25 05:12:04,837 [EventQueue-ContainerReportForContainerReportHandler] WARN  container.ContainerReportHandler (AbstractContainerReportHandler.java:updateContainerState(145)) - Container #1 is in OPEN state, but the datanode 792578c8-58d9-41cb-99fd-534993a904b7{ip: 192.168.157.246, host: pr-hdds-1868-bb2j8-1277741604, networkLocation: /default-rack, certSerialId: null} reports an CLOSED replica.
2019-10-25 05:12:04,963 [EventQueue-ContainerReportForContainerReportHandler] WARN  container.ContainerReportHandler (AbstractContainerReportHandler.java:updateContainerState(145)) - Container #1 is in OPEN state, but the datanode 154b23c8-147d-4903-89d2-8045c7557393{ip: 192.168.157.246, host: pr-hdds-1868-bb2j8-1277741604, networkLocation: /default-rack, certSerialId: null} reports an CLOSED replica.
2019-10-25 05:12:05,136 [EventQueue-ContainerReportForContainerReportHandler] WARN  container.ContainerReportHandler (AbstractContainerReportHandler.java:updateContainerState(145)) - Container #1 is in OPEN state, but the datanode 792578c8-58d9-41cb-99fd-534993a904b7{ip: 192.168.157.246, host: pr-hdds-1868-bb2j8-1277741604, networkLocation: /default-rack, certSerialId: null} reports an CLOSED replica.
2019-10-25 05:12:05,263 [EventQueue-ContainerReportForContainerReportHandler] WARN  container.ContainerReportHandler (AbstractContainerReportHandler.java:updateContainerState(145)) - Container #1 is in OPEN state, but the datanode 154b23c8-147d-4903-89d2-8045c7557393{ip: 192.168.157.246, host: pr-hdds-1868-bb2j8-1277741604, networkLocation: /default-rack, certSerialId: null} reports an CLOSED replica.
2019-10-25 05:12:05,463 [EventQueue-ContainerReportForContainerReportHandler] WARN  container.ContainerReportHandler (AbstractContainerReportHandler.java:updateContainerState(145)) - Container #1 is in OPEN state, but the datanode 154b23c8-147d-4903-89d2-8045c7557393{ip: 192.168.157.246, host: pr-hdds-1868-bb2j8-1277741604, networkLocation: /default-rack, certSerialId: null} reports an CLOSED replica.
2019-10-25 05:12:05,537 [EventQueue-ContainerReportForContainerReportHandler] WARN  container.ContainerReportHandler (AbstractContainerReportHandler.java:updateContainerState(145)) - Container #1 is in OPEN state, but the datanode 792578c8-58d9-41cb-99fd-534993a904b7{ip: 192.168.157.246, host: pr-hdds-1868-bb2j8-1277741604, networkLocation: /default-rack, certSerialId: null} reports an CLOSED replica.
2019-10-25 05:12:05,663 [BlockDeletingService#2] WARN  background.BlockDeletingService (BlockDeletingService.java:isDeletionAllowed(187)) - Close Container log Index 6 is not replicated across allthe servers in the pipeline 51c31d15-6363-40f4-9154-97c719019643 as the min replicated index is 4. Deletion is not allowed in this container yet.
2019-10-25 05:12:05,663 [BlockDeletingService#2] WARN  background.BlockDeletingService (BlockDeletingService.java:isDeletionAllowed(187)) - Close Container log Index 6 is not replicated across allthe servers in the pipeline 51c31d15-6363-40f4-9154-97c719019643 as the min replicated index is 4. Deletion is not allowed in this container yet.
2019-10-25 05:12:05,738 [EventQueue-ContainerReportForContainerReportHandler] WARN  container.ContainerReportHandler (AbstractContainerReportHandler.java:updateContainerState(145)) - Container #1 is in OPEN state, but the datanode 792578c8-58d9-41cb-99fd-534993a904b7{ip: 192.168.157.246, host: pr-hdds-1868-bb2j8-1277741604, networkLocation: /default-rack, certSerialId: null} reports an CLOSED replica.
2019-10-25 05:12:05,864 [EventQueue-ContainerReportForContainerReportHandler] WARN  container.ContainerReportHandler (AbstractContainerReportHandler.java:updateContainerState(145)) - Container #1 is in OPEN state, but the datanode 154b23c8-147d-4903-89d2-8045c7557393{ip: 192.168.157.246, host: pr-hdds-1868-bb2j8-1277741604, networkLocation: /default-rack, certSerialId: null} reports an CLOSED replica.
2019-10-25 05:12:05,937 [EventQueue-ContainerReportForContainerReportHandler] WARN  container.ContainerReportHandler (AbstractContainerReportHandler.java:updateContainerState(145)) - Container #1 is in OPEN state, but the datanode 792578c8-58d9-41cb-99fd-534993a904b7{ip: 192.168.157.246, host: pr-hdds-1868-bb2j8-1277741604, networkLocation: /default-rack, certSerialId: null} reports an CLOSED replica.
2019-10-25 05:12:06,064 [EventQueue-ContainerReportForContainerReportHandler] WARN  container.ContainerReportHandler (AbstractContainerReportHandler.java:updateContainerState(145)) - Container #1 is in OPEN state, but the datanode 154b23c8-147d-4903-89d2-8045c7557393{ip: 192.168.157.246, host: pr-hdds-1868-bb2j8-1277741604, networkLocation: /default-rack, certSerialId: null} reports an CLOSED replica.
2019-10-25 05:12:06,237 [EventQueue-ContainerReportForContainerReportHandler] WARN  container.ContainerReportHandler (AbstractContainerReportHandler.java:updateContainerState(145)) - Container #1 is in OPEN state, but the datanode 792578c8-58d9-41cb-99fd-534993a904b7{ip: 192.168.157.246, host: pr-hdds-1868-bb2j8-1277741604, networkLocation: /default-rack, certSerialId: null} reports an CLOSED replica.
2019-10-25 05:12:06,465 [EventQueue-ContainerReportForContainerReportHandler] WARN  container.ContainerReportHandler (AbstractContainerReportHandler.java:updateContainerState(145)) - Container #1 is in OPEN state, but the datanode 154b23c8-147d-4903-89d2-8045c7557393{ip: 192.168.157.246, host: pr-hdds-1868-bb2j8-1277741604, networkLocation: /default-rack, certSerialId: null} reports an CLOSED replica.
2019-10-25 05:12:06,538 [EventQueue-ContainerReportForContainerReportHandler] WARN  container.ContainerReportHandler (AbstractContainerReportHandler.java:updateContainerState(145)) - Container #1 is in OPEN state, but the datanode 792578c8-58d9-41cb-99fd-534993a904b7{ip: 192.168.157.246, host: pr-hdds-1868-bb2j8-1277741604, networkLocation: /default-rack, certSerialId: null} reports an CLOSED replica.
2019-10-25 05:12:06,666 [BlockDeletingService#2] WARN  background.BlockDeletingService (BlockDeletingService.java:isDeletionAllowed(187)) - Close Container log Index 6 is not replicated across allthe servers in the pipeline 51c31d15-6363-40f4-9154-97c719019643 as the min replicated index is 4. Deletion is not allowed in this container yet.
2019-10-25 05:12:06,666 [BlockDeletingService#2] WARN  background.BlockDeletingService (BlockDeletingService.java:isDeletionAllowed(187)) - Close Container log Index 6 is not replicated across allthe servers in the pipeline 51c31d15-6363-40f4-9154-97c719019643 as the min replicated index is 4. Deletion is not allowed in this container yet.
2019-10-25 05:12:06,680 [java.util.concurrent.ThreadPoolExecutor$Worker@488e248e[State = -1, empty queue]] WARN  server.GrpcLogAppender (GrpcLogAppender.java:timeoutAppendRequest(209)) - 792578c8-58d9-41cb-99fd-534993a904b7@group-97C719019643->632d1f61-1fb0-4a9b-a27f-4f3ee937db0d-GrpcLogAppender: appendEntries Timeout, request=792578c8-58d9-41cb-99fd-534993a904b7->632d1f61-1fb0-4a9b-a27f-4f3ee937db0d#34-t1, previous=(t:1, i:10), leaderCommit=10, initializing? false, entries: <empty>
2019-10-25 05:12:06,766 [EventQueue-ContainerReportForContainerReportHandler] WARN  container.ContainerReportHandler (AbstractContainerReportHandler.java:updateContainerState(145)) - Container #1 is in OPEN state, but the datanode 154b23c8-147d-4903-89d2-8045c7557393{ip: 192.168.157.246, host: pr-hdds-1868-bb2j8-1277741604, networkLocation: /default-rack, certSerialId: null} reports an CLOSED replica.
2019-10-25 05:12:06,938 [EventQueue-ContainerReportForContainerReportHandler] WARN  container.ContainerReportHandler (AbstractContainerReportHandler.java:updateContainerState(145)) - Container #1 is in OPEN state, but the datanode 792578c8-58d9-41cb-99fd-534993a904b7{ip: 192.168.157.246, host: pr-hdds-1868-bb2j8-1277741604, networkLocation: /default-rack, certSerialId: null} reports an CLOSED replica.
2019-10-25 05:12:07,066 [EventQueue-ContainerReportForContainerReportHandler] WARN  container.ContainerReportHandler (AbstractContainerReportHandler.java:updateContainerState(145)) - Container #1 is in OPEN state, but the datanode 154b23c8-147d-4903-89d2-8045c7557393{ip: 192.168.157.246, host: pr-hdds-1868-bb2j8-1277741604, networkLocation: /default-rack, certSerialId: null} reports an CLOSED replica.
2019-10-25 05:12:07,239 [EventQueue-ContainerReportForContainerReportHandler] WARN  container.ContainerReportHandler (AbstractContainerReportHandler.java:updateContainerState(145)) - Container #1 is in OPEN state, but the datanode 792578c8-58d9-41cb-99fd-534993a904b7{ip: 192.168.157.246, host: pr-hdds-1868-bb2j8-1277741604, networkLocation: /default-rack, certSerialId: null} reports an CLOSED replica.
2019-10-25 05:12:07,267 [EventQueue-ContainerReportForContainerReportHandler] WARN  container.ContainerReportHandler (AbstractContainerReportHandler.java:updateContainerState(145)) - Container #1 is in OPEN state, but the datanode 154b23c8-147d-4903-89d2-8045c7557393{ip: 192.168.157.246, host: pr-hdds-1868-bb2j8-1277741604, networkLocation: /default-rack, certSerialId: null} reports an CLOSED replica.
2019-10-25 05:12:07,539 [EventQueue-ContainerReportForContainerReportHandler] WARN  container.ContainerReportHandler (AbstractContainerReportHandler.java:updateContainerState(145)) - Container #1 is in OPEN state, but the datanode 792578c8-58d9-41cb-99fd-534993a904b7{ip: 192.168.157.246, host: pr-hdds-1868-bb2j8-1277741604, networkLocation: /default-rack, certSerialId: null} reports an CLOSED replica.
2019-10-25 05:12:07,567 [EventQueue-ContainerReportForContainerReportHandler] WARN  container.ContainerReportHandler (AbstractContainerReportHandler.java:updateContainerState(145)) - Container #1 is in OPEN state, but the datanode 154b23c8-147d-4903-89d2-8045c7557393{ip: 192.168.157.246, host: pr-hdds-1868-bb2j8-1277741604, networkLocation: /default-rack, certSerialId: null} reports an CLOSED replica.
2019-10-25 05:12:07,669 [BlockDeletingService#2] WARN  background.BlockDeletingService (BlockDeletingService.java:isDeletionAllowed(187)) - Close Container log Index 6 is not replicated across allthe servers in the pipeline 51c31d15-6363-40f4-9154-97c719019643 as the min replicated index is 4. Deletion is not allowed in this container yet.
2019-10-25 05:12:07,669 [BlockDeletingService#2] WARN  background.BlockDeletingService (BlockDeletingService.java:isDeletionAllowed(187)) - Close Container log Index 6 is not replicated across allthe servers in the pipeline 51c31d15-6363-40f4-9154-97c719019643 as the min replicated index is 4. Deletion is not allowed in this container yet.
2019-10-25 05:12:07,738 [EventQueue-ContainerReportForContainerReportHandler] WARN  container.ContainerReportHandler (AbstractContainerReportHandler.java:updateContainerState(145)) - Container #1 is in OPEN state, but the datanode 792578c8-58d9-41cb-99fd-534993a904b7{ip: 192.168.157.246, host: pr-hdds-1868-bb2j8-1277741604, networkLocation: /default-rack, certSerialId: null} reports an CLOSED replica.
2019-10-25 05:12:07,767 [EventQueue-ContainerReportForContainerReportHandler] WARN  container.ContainerReportHandler (AbstractContainerReportHandler.java:updateContainerState(145)) - Container #1 is in OPEN state, but the datanode 154b23c8-147d-4903-89d2-8045c7557393{ip: 192.168.157.246, host: pr-hdds-1868-bb2j8-1277741604, networkLocation: /default-rack, certSerialId: null} reports an CLOSED replica.
2019-10-25 05:12:07,938 [EventQueue-ContainerReportForContainerReportHandler] WARN  container.ContainerReportHandler (AbstractContainerReportHandler.java:updateContainerState(145)) - Container #1 is in OPEN state, but the datanode 792578c8-58d9-41cb-99fd-534993a904b7{ip: 192.168.157.246, host: pr-hdds-1868-bb2j8-1277741604, networkLocation: /default-rack, certSerialId: null} reports an CLOSED replica.
2019-10-25 05:12:07,967 [EventQueue-ContainerReportForContainerReportHandler] WARN  container.ContainerReportHandler (AbstractContainerReportHandler.java:updateContainerState(145)) - Container #1 is in OPEN state, but the datanode 154b23c8-147d-4903-89d2-8045c7557393{ip: 192.168.157.246, host: pr-hdds-1868-bb2j8-1277741604, networkLocation: /default-rack, certSerialId: null} reports an CLOSED replica.
2019-10-25 05:12:08,267 [EventQueue-ContainerReportForContainerReportHandler] WARN  container.ContainerReportHandler (AbstractContainerReportHandler.java:updateContainerState(145)) - Container #1 is in OPEN state, but the datanode 154b23c8-147d-4903-89d2-8045c7557393{ip: 192.168.157.246, host: pr-hdds-1868-bb2j8-1277741604, networkLocation: /default-rack, certSerialId: null} reports an CLOSED replica.
2019-10-25 05:12:08,338 [EventQueue-ContainerReportForContainerReportHandler] WARN  container.ContainerReportHandler (AbstractContainerReportHandler.java:updateContainerState(145)) - Container #1 is in OPEN state, but the datanode 792578c8-58d9-41cb-99fd-534993a904b7{ip: 192.168.157.246, host: pr-hdds-1868-bb2j8-1277741604, networkLocation: /default-rack, certSerialId: null} reports an CLOSED replica.
2019-10-25 05:12:08,568 [EventQueue-ContainerReportForContainerReportHandler] WARN  container.ContainerReportHandler (AbstractContainerReportHandler.java:updateContainerState(145)) - Container #1 is in OPEN state, but the datanode 154b23c8-147d-4903-89d2-8045c7557393{ip: 192.168.157.246, host: pr-hdds-1868-bb2j8-1277741604, networkLocation: /default-rack, certSerialId: null} reports an CLOSED replica.
2019-10-25 05:12:08,639 [EventQueue-ContainerReportForContainerReportHandler] WARN  container.ContainerReportHandler (AbstractContainerReportHandler.java:updateContainerState(145)) - Container #1 is in OPEN state, but the datanode 792578c8-58d9-41cb-99fd-534993a904b7{ip: 192.168.157.246, host: pr-hdds-1868-bb2j8-1277741604, networkLocation: /default-rack, certSerialId: null} reports an CLOSED replica.
2019-10-25 05:12:08,671 [BlockDeletingService#2] WARN  background.BlockDeletingService (BlockDeletingService.java:isDeletionAllowed(187)) - Close Container log Index 6 is not replicated across allthe servers in the pipeline 51c31d15-6363-40f4-9154-97c719019643 as the min replicated index is 4. Deletion is not allowed in this container yet.
2019-10-25 05:12:08,671 [BlockDeletingService#2] WARN  background.BlockDeletingService (BlockDeletingService.java:isDeletionAllowed(187)) - Close Container log Index 6 is not replicated across allthe servers in the pipeline 51c31d15-6363-40f4-9154-97c719019643 as the min replicated index is 4. Deletion is not allowed in this container yet.
2019-10-25 05:12:08,868 [EventQueue-ContainerReportForContainerReportHandler] WARN  container.ContainerReportHandler (AbstractContainerReportHandler.java:updateContainerState(145)) - Container #1 is in OPEN state, but the datanode 154b23c8-147d-4903-89d2-8045c7557393{ip: 192.168.157.246, host: pr-hdds-1868-bb2j8-1277741604, networkLocation: /default-rack, certSerialId: null} reports an CLOSED replica.
2019-10-25 05:12:08,939 [EventQueue-ContainerReportForContainerReportHandler] WARN  container.ContainerReportHandler (AbstractContainerReportHandler.java:updateContainerState(145)) - Container #1 is in OPEN state, but the datanode 792578c8-58d9-41cb-99fd-534993a904b7{ip: 192.168.157.246, host: pr-hdds-1868-bb2j8-1277741604, networkLocation: /default-rack, certSerialId: null} reports an CLOSED replica.
2019-10-25 05:12:09,068 [EventQueue-ContainerReportForContainerReportHandler] WARN  container.ContainerReportHandler (AbstractContainerReportHandler.java:updateContainerState(145)) - Container #1 is in OPEN state, but the datanode 154b23c8-147d-4903-89d2-8045c7557393{ip: 192.168.157.246, host: pr-hdds-1868-bb2j8-1277741604, networkLocation: /default-rack, certSerialId: null} reports an CLOSED replica.
2019-10-25 05:12:09,180 [java.util.concurrent.ThreadPoolExecutor$Worker@488e248e[State = -1, empty queue]] WARN  server.GrpcLogAppender (GrpcLogAppender.java:timeoutAppendRequest(209)) - 792578c8-58d9-41cb-99fd-534993a904b7@group-97C719019643->632d1f61-1fb0-4a9b-a27f-4f3ee937db0d-GrpcLogAppender: appendEntries Timeout, request=792578c8-58d9-41cb-99fd-534993a904b7->632d1f61-1fb0-4a9b-a27f-4f3ee937db0d#35-t1, previous=(t:1, i:10), leaderCommit=10, initializing? false, entries: <empty>
2019-10-25 05:12:09,268 [EventQueue-ContainerReportForContainerReportHandler] WARN  container.ContainerReportHandler (AbstractContainerReportHandler.java:updateContainerState(145)) - Container #1 is in OPEN state, but the datanode 154b23c8-147d-4903-89d2-8045c7557393{ip: 192.168.157.246, host: pr-hdds-1868-bb2j8-1277741604, networkLocation: /default-rack, certSerialId: null} reports an CLOSED replica.
2019-10-25 05:12:09,341 [EventQueue-ContainerReportForContainerReportHandler] WARN  container.ContainerReportHandler (AbstractContainerReportHandler.java:updateContainerState(145)) - Container #1 is in OPEN state, but the datanode 792578c8-58d9-41cb-99fd-534993a904b7{ip: 192.168.157.246, host: pr-hdds-1868-bb2j8-1277741604, networkLocation: /default-rack, certSerialId: null} reports an CLOSED replica.
2019-10-25 05:12:09,542 [EventQueue-ContainerReportForContainerReportHandler] WARN  container.ContainerReportHandler (AbstractContainerReportHandler.java:updateContainerState(145)) - Container #1 is in OPEN state, but the datanode 792578c8-58d9-41cb-99fd-534993a904b7{ip: 192.168.157.246, host: pr-hdds-1868-bb2j8-1277741604, networkLocation: /default-rack, certSerialId: null} reports an CLOSED replica.
2019-10-25 05:12:09,568 [EventQueue-ContainerReportForContainerReportHandler] WARN  container.ContainerReportHandler (AbstractContainerReportHandler.java:updateContainerState(145)) - Container #1 is in OPEN state, but the datanode 154b23c8-147d-4903-89d2-8045c7557393{ip: 192.168.157.246, host: pr-hdds-1868-bb2j8-1277741604, networkLocation: /default-rack, certSerialId: null} reports an CLOSED replica.
2019-10-25 05:12:09,584 [Thread-422] INFO  client.GrpcClientProtocolService (GrpcClientProtocolService.java:lambda$processClientRequest$0(279)) - Failed RaftClientRequest:client-E384FFB178A4->792578c8-58d9-41cb-99fd-534993a904b7@group-97C719019643, cid=22, seq=0, Watch-ALL_COMMITTED(6), Message:<EMPTY>, reply=RaftClientReply:client-E384FFB178A4->792578c8-58d9-41cb-99fd-534993a904b7@group-97C719019643, cid=22, FAILED org.apache.ratis.protocol.NotReplicatedException: Request with call Id 22 and log index 6 is not yet replicated to ALL_COMMITTED, logIndex=6, commits[792578c8-58d9-41cb-99fd-534993a904b7:c10, 632d1f61-1fb0-4a9b-a27f-4f3ee937db0d:c4, 154b23c8-147d-4903-89d2-8045c7557393:c10]
2019-10-25 05:12:09,673 [BlockDeletingService#2] WARN  background.BlockDeletingService (BlockDeletingService.java:isDeletionAllowed(187)) - Close Container log Index 6 is not replicated across allthe servers in the pipeline 51c31d15-6363-40f4-9154-97c719019643 as the min replicated index is 4. Deletion is not allowed in this container yet.
2019-10-25 05:12:09,673 [BlockDeletingService#2] WARN  background.BlockDeletingService (BlockDeletingService.java:isDeletionAllowed(187)) - Close Container log Index 6 is not replicated across allthe servers in the pipeline 51c31d15-6363-40f4-9154-97c719019643 as the min replicated index is 4. Deletion is not allowed in this container yet.
2019-10-25 05:12:09,843 [EventQueue-ContainerReportForContainerReportHandler] WARN  container.ContainerReportHandler (AbstractContainerReportHandler.java:updateContainerState(145)) - Container #1 is in OPEN state, but the datanode 792578c8-58d9-41cb-99fd-534993a904b7{ip: 192.168.157.246, host: pr-hdds-1868-bb2j8-1277741604, networkLocation: /default-rack, certSerialId: null} reports an CLOSED replica.
2019-10-25 05:12:09,869 [EventQueue-ContainerReportForContainerReportHandler] WARN  container.ContainerReportHandler (AbstractContainerReportHandler.java:updateContainerState(145)) - Container #1 is in OPEN state, but the datanode 154b23c8-147d-4903-89d2-8045c7557393{ip: 192.168.157.246, host: pr-hdds-1868-bb2j8-1277741604, networkLocation: /default-rack, certSerialId: null} reports an CLOSED replica.
2019-10-25 05:12:10,068 [EventQueue-ContainerReportForContainerReportHandler] WARN  container.ContainerReportHandler (AbstractContainerReportHandler.java:updateContainerState(145)) - Container #1 is in OPEN state, but the datanode 154b23c8-147d-4903-89d2-8045c7557393{ip: 192.168.157.246, host: pr-hdds-1868-bb2j8-1277741604, networkLocation: /default-rack, certSerialId: null} reports an CLOSED replica.
2019-10-25 05:12:10,144 [EventQueue-ContainerReportForContainerReportHandler] WARN  container.ContainerReportHandler (AbstractContainerReportHandler.java:updateContainerState(145)) - Container #1 is in OPEN state, but the datanode 792578c8-58d9-41cb-99fd-534993a904b7{ip: 192.168.157.246, host: pr-hdds-1868-bb2j8-1277741604, networkLocation: /default-rack, certSerialId: null} reports an CLOSED replica.
2019-10-25 05:12:10,369 [EventQueue-ContainerReportForContainerReportHandler] WARN  container.ContainerReportHandler (AbstractContainerReportHandler.java:updateContainerState(145)) - Container #1 is in OPEN state, but the datanode 154b23c8-147d-4903-89d2-8045c7557393{ip: 192.168.157.246, host: pr-hdds-1868-bb2j8-1277741604, networkLocation: /default-rack, certSerialId: null} reports an CLOSED replica.
2019-10-25 05:12:10,444 [EventQueue-ContainerReportForContainerReportHandler] WARN  container.ContainerReportHandler (AbstractContainerReportHandler.java:updateContainerState(145)) - Container #1 is in OPEN state, but the datanode 792578c8-58d9-41cb-99fd-534993a904b7{ip: 192.168.157.246, host: pr-hdds-1868-bb2j8-1277741604, networkLocation: /default-rack, certSerialId: null} reports an CLOSED replica.
2019-10-25 05:12:10,645 [EventQueue-ContainerReportForContainerReportHandler] WARN  container.ContainerReportHandler (AbstractContainerReportHandler.java:updateContainerState(145)) - Container #1 is in OPEN state, but the datanode 792578c8-58d9-41cb-99fd-534993a904b7{ip: 192.168.157.246, host: pr-hdds-1868-bb2j8-1277741604, networkLocation: /default-rack, certSerialId: null} reports an CLOSED replica.
2019-10-25 05:12:10,669 [EventQueue-ContainerReportForContainerReportHandler] WARN  container.ContainerReportHandler (AbstractContainerReportHandler.java:updateContainerState(145)) - Container #1 is in OPEN state, but the datanode 154b23c8-147d-4903-89d2-8045c7557393{ip: 192.168.157.246, host: pr-hdds-1868-bb2j8-1277741604, networkLocation: /default-rack, certSerialId: null} reports an CLOSED replica.
2019-10-25 05:12:10,676 [BlockDeletingService#2] WARN  background.BlockDeletingService (BlockDeletingService.java:isDeletionAllowed(187)) - Close Container log Index 6 is not replicated across allthe servers in the pipeline 51c31d15-6363-40f4-9154-97c719019643 as the min replicated index is 4. Deletion is not allowed in this container yet.
2019-10-25 05:12:10,677 [BlockDeletingService#2] WARN  background.BlockDeletingService (BlockDeletingService.java:isDeletionAllowed(187)) - Close Container log Index 6 is not replicated across allthe servers in the pipeline 51c31d15-6363-40f4-9154-97c719019643 as the min replicated index is 4. Deletion is not allowed in this container yet.
2019-10-25 05:12:10,845 [EventQueue-ContainerReportForContainerReportHandler] WARN  container.ContainerReportHandler (AbstractContainerReportHandler.java:updateContainerState(145)) - Container #1 is in OPEN state, but the datanode 792578c8-58d9-41cb-99fd-534993a904b7{ip: 192.168.157.246, host: pr-hdds-1868-bb2j8-1277741604, networkLocation: /default-rack, certSerialId: null} reports an CLOSED replica.
2019-10-25 05:12:10,869 [EventQueue-ContainerReportForContainerReportHandler] WARN  container.ContainerReportHandler (AbstractContainerReportHandler.java:updateContainerState(145)) - Container #1 is in OPEN state, but the datanode 154b23c8-147d-4903-89d2-8045c7557393{ip: 192.168.157.246, host: pr-hdds-1868-bb2j8-1277741604, networkLocation: /default-rack, certSerialId: null} reports an CLOSED replica.
2019-10-25 05:12:11,145 [EventQueue-ContainerReportForContainerReportHandler] WARN  container.ContainerReportHandler (AbstractContainerReportHandler.java:updateContainerState(145)) - Container #1 is in OPEN state, but the datanode 792578c8-58d9-41cb-99fd-534993a904b7{ip: 192.168.157.246, host: pr-hdds-1868-bb2j8-1277741604, networkLocation: /default-rack, certSerialId: null} reports an CLOSED replica.
2019-10-25 05:12:11,169 [EventQueue-ContainerReportForContainerReportHandler] WARN  container.ContainerReportHandler (AbstractContainerReportHandler.java:updateContainerState(145)) - Container #1 is in OPEN state, but the datanode 154b23c8-147d-4903-89d2-8045c7557393{ip: 192.168.157.246, host: pr-hdds-1868-bb2j8-1277741604, networkLocation: /default-rack, certSerialId: null} reports an CLOSED replica.
2019-10-25 05:12:11,344 [EventQueue-ContainerReportForContainerReportHandler] WARN  container.ContainerReportHandler (AbstractContainerReportHandler.java:updateContainerState(145)) - Container #1 is in OPEN state, but the datanode 792578c8-58d9-41cb-99fd-534993a904b7{ip: 192.168.157.246, host: pr-hdds-1868-bb2j8-1277741604, networkLocation: /default-rack, certSerialId: null} reports an CLOSED replica.
2019-10-25 05:12:11,370 [EventQueue-ContainerReportForContainerReportHandler] WARN  container.ContainerReportHandler (AbstractContainerReportHandler.java:updateContainerState(145)) - Container #1 is in OPEN state, but the datanode 154b23c8-147d-4903-89d2-8045c7557393{ip: 192.168.157.246, host: pr-hdds-1868-bb2j8-1277741604, networkLocation: /default-rack, certSerialId: null} reports an CLOSED replica.
2019-10-25 05:12:11,544 [EventQueue-ContainerReportForContainerReportHandler] WARN  container.ContainerReportHandler (AbstractContainerReportHandler.java:updateContainerState(145)) - Container #1 is in OPEN state, but the datanode 792578c8-58d9-41cb-99fd-534993a904b7{ip: 192.168.157.246, host: pr-hdds-1868-bb2j8-1277741604, networkLocation: /default-rack, certSerialId: null} reports an CLOSED replica.
2019-10-25 05:12:11,681 [BlockDeletingService#2] WARN  background.BlockDeletingService (BlockDeletingService.java:isDeletionAllowed(187)) - Close Container log Index 6 is not replicated across allthe servers in the pipeline 51c31d15-6363-40f4-9154-97c719019643 as the min replicated index is 4. Deletion is not allowed in this container yet.
2019-10-25 05:12:11,681 [BlockDeletingService#2] WARN  background.BlockDeletingService (BlockDeletingService.java:isDeletionAllowed(187)) - Close Container log Index 6 is not replicated across allthe servers in the pipeline 51c31d15-6363-40f4-9154-97c719019643 as the min replicated index is 4. Deletion is not allowed in this container yet.
2019-10-25 05:12:11,682 [java.util.concurrent.ThreadPoolExecutor$Worker@488e248e[State = -1, empty queue]] WARN  server.GrpcLogAppender (GrpcLogAppender.java:timeoutAppendRequest(209)) - 792578c8-58d9-41cb-99fd-534993a904b7@group-97C719019643->632d1f61-1fb0-4a9b-a27f-4f3ee937db0d-GrpcLogAppender: appendEntries Timeout, request=792578c8-58d9-41cb-99fd-534993a904b7->632d1f61-1fb0-4a9b-a27f-4f3ee937db0d#36-t1, previous=(t:1, i:10), leaderCommit=10, initializing? false, entries: <empty>
2019-10-25 05:12:11,744 [EventQueue-ContainerReportForContainerReportHandler] WARN  container.ContainerReportHandler (AbstractContainerReportHandler.java:updateContainerState(145)) - Container #1 is in OPEN state, but the datanode 792578c8-58d9-41cb-99fd-534993a904b7{ip: 192.168.157.246, host: pr-hdds-1868-bb2j8-1277741604, networkLocation: /default-rack, certSerialId: null} reports an CLOSED replica.
2019-10-25 05:12:11,774 [EventQueue-ContainerReportForContainerReportHandler] WARN  container.ContainerReportHandler (AbstractContainerReportHandler.java:updateContainerState(145)) - Container #1 is in OPEN state, but the datanode 154b23c8-147d-4903-89d2-8045c7557393{ip: 192.168.157.246, host: pr-hdds-1868-bb2j8-1277741604, networkLocation: /default-rack, certSerialId: null} reports an CLOSED replica.
2019-10-25 05:12:12,046 [EventQueue-ContainerReportForContainerReportHandler] WARN  container.ContainerReportHandler (AbstractContainerReportHandler.java:updateContainerState(145)) - Container #1 is in OPEN state, but the datanode 792578c8-58d9-41cb-99fd-534993a904b7{ip: 192.168.157.246, host: pr-hdds-1868-bb2j8-1277741604, networkLocation: /default-rack, certSerialId: null} reports an CLOSED replica.
2019-10-25 05:12:12,176 [EventQueue-ContainerReportForContainerReportHandler] WARN  container.ContainerReportHandler (AbstractContainerReportHandler.java:updateContainerState(145)) - Container #1 is in OPEN state, but the datanode 154b23c8-147d-4903-89d2-8045c7557393{ip: 192.168.157.246, host: pr-hdds-1868-bb2j8-1277741604, networkLocation: /default-rack, certSerialId: null} reports an CLOSED replica.
2019-10-25 05:12:12,347 [EventQueue-ContainerReportForContainerReportHandler] WARN  container.ContainerReportHandler (AbstractContainerReportHandler.java:updateContainerState(145)) - Container #1 is in OPEN state, but the datanode 792578c8-58d9-41cb-99fd-534993a904b7{ip: 192.168.157.246, host: pr-hdds-1868-bb2j8-1277741604, networkLocation: /default-rack, certSerialId: null} reports an CLOSED replica.
2019-10-25 05:12:12,377 [EventQueue-ContainerReportForContainerReportHandler] WARN  container.ContainerReportHandler (AbstractContainerReportHandler.java:updateContainerState(145)) - Container #1 is in OPEN state, but the datanode 154b23c8-147d-4903-89d2-8045c7557393{ip: 192.168.157.246, host: pr-hdds-1868-bb2j8-1277741604, networkLocation: /default-rack, certSerialId: null} reports an CLOSED replica.
2019-10-25 05:12:12,648 [EventQueue-ContainerReportForContainerReportHandler] WARN  container.ContainerReportHandler (AbstractContainerReportHandler.java:updateContainerState(145)) - Container #1 is in OPEN state, but the datanode 792578c8-58d9-41cb-99fd-534993a904b7{ip: 192.168.157.246, host: pr-hdds-1868-bb2j8-1277741604, networkLocation: /default-rack, certSerialId: null} reports an CLOSED replica.
2019-10-25 05:12:12,683 [BlockDeletingService#2] WARN  background.BlockDeletingService (BlockDeletingService.java:isDeletionAllowed(187)) - Close Container log Index 6 is not replicated across allthe servers in the pipeline 51c31d15-6363-40f4-9154-97c719019643 as the min replicated index is 4. Deletion is not allowed in this container yet.
2019-10-25 05:12:12,683 [BlockDeletingService#2] WARN  background.BlockDeletingService (BlockDeletingService.java:isDeletionAllowed(187)) - Close Container log Index 6 is not replicated across allthe servers in the pipeline 51c31d15-6363-40f4-9154-97c719019643 as the min replicated index is 4. Deletion is not allowed in this container yet.
2019-10-25 05:12:12,777 [EventQueue-ContainerReportForContainerReportHandler] WARN  container.ContainerReportHandler (AbstractContainerReportHandler.java:updateContainerState(145)) - Container #1 is in OPEN state, but the datanode 154b23c8-147d-4903-89d2-8045c7557393{ip: 192.168.157.246, host: pr-hdds-1868-bb2j8-1277741604, networkLocation: /default-rack, certSerialId: null} reports an CLOSED replica.
2019-10-25 05:12:12,948 [EventQueue-ContainerReportForContainerReportHandler] WARN  container.ContainerReportHandler (AbstractContainerReportHandler.java:updateContainerState(145)) - Container #1 is in OPEN state, but the datanode 792578c8-58d9-41cb-99fd-534993a904b7{ip: 192.168.157.246, host: pr-hdds-1868-bb2j8-1277741604, networkLocation: /default-rack, certSerialId: null} reports an CLOSED replica.
2019-10-25 05:12:13,077 [EventQueue-ContainerReportForContainerReportHandler] WARN  container.ContainerReportHandler (AbstractContainerReportHandler.java:updateContainerState(145)) - Container #1 is in OPEN state, but the datanode 154b23c8-147d-4903-89d2-8045c7557393{ip: 192.168.157.246, host: pr-hdds-1868-bb2j8-1277741604, networkLocation: /default-rack, certSerialId: null} reports an CLOSED replica.
2019-10-25 05:12:13,249 [EventQueue-ContainerReportForContainerReportHandler] WARN  container.ContainerReportHandler (AbstractContainerReportHandler.java:updateContainerState(145)) - Container #1 is in OPEN state, but the datanode 792578c8-58d9-41cb-99fd-534993a904b7{ip: 192.168.157.246, host: pr-hdds-1868-bb2j8-1277741604, networkLocation: /default-rack, certSerialId: null} reports an CLOSED replica.
2019-10-25 05:12:13,377 [EventQueue-ContainerReportForContainerReportHandler] WARN  container.ContainerReportHandler (AbstractContainerReportHandler.java:updateContainerState(145)) - Container #1 is in OPEN state, but the datanode 154b23c8-147d-4903-89d2-8045c7557393{ip: 192.168.157.246, host: pr-hdds-1868-bb2j8-1277741604, networkLocation: /default-rack, certSerialId: null} reports an CLOSED replica.
2019-10-25 05:12:13,449 [EventQueue-ContainerReportForContainerReportHandler] WARN  container.ContainerReportHandler (AbstractContainerReportHandler.java:updateContainerState(145)) - Container #1 is in OPEN state, but the datanode 792578c8-58d9-41cb-99fd-534993a904b7{ip: 192.168.157.246, host: pr-hdds-1868-bb2j8-1277741604, networkLocation: /default-rack, certSerialId: null} reports an CLOSED replica.
2019-10-25 05:12:13,577 [EventQueue-ContainerReportForContainerReportHandler] WARN  container.ContainerReportHandler (AbstractContainerReportHandler.java:updateContainerState(145)) - Container #1 is in OPEN state, but the datanode 154b23c8-147d-4903-89d2-8045c7557393{ip: 192.168.157.246, host: pr-hdds-1868-bb2j8-1277741604, networkLocation: /default-rack, certSerialId: null} reports an CLOSED replica.
2019-10-25 05:12:13,649 [EventQueue-ContainerReportForContainerReportHandler] WARN  container.ContainerReportHandler (AbstractContainerReportHandler.java:updateContainerState(145)) - Container #1 is in OPEN state, but the datanode 792578c8-58d9-41cb-99fd-534993a904b7{ip: 192.168.157.246, host: pr-hdds-1868-bb2j8-1277741604, networkLocation: /default-rack, certSerialId: null} reports an CLOSED replica.
2019-10-25 05:12:13,685 [BlockDeletingService#2] WARN  background.BlockDeletingService (BlockDeletingService.java:isDeletionAllowed(187)) - Close Container log Index 6 is not replicated across allthe servers in the pipeline 51c31d15-6363-40f4-9154-97c719019643 as the min replicated index is 4. Deletion is not allowed in this container yet.
2019-10-25 05:12:13,685 [BlockDeletingService#2] WARN  background.BlockDeletingService (BlockDeletingService.java:isDeletionAllowed(187)) - Close Container log Index 6 is not replicated across allthe servers in the pipeline 51c31d15-6363-40f4-9154-97c719019643 as the min replicated index is 4. Deletion is not allowed in this container yet.
2019-10-25 05:12:13,950 [EventQueue-ContainerReportForContainerReportHandler] WARN  container.ContainerReportHandler (AbstractContainerReportHandler.java:updateContainerState(145)) - Container #1 is in OPEN state, but the datanode 792578c8-58d9-41cb-99fd-534993a904b7{ip: 192.168.157.246, host: pr-hdds-1868-bb2j8-1277741604, networkLocation: /default-rack, certSerialId: null} reports an CLOSED replica.
2019-10-25 05:12:13,977 [EventQueue-ContainerReportForContainerReportHandler] WARN  container.ContainerReportHandler (AbstractContainerReportHandler.java:updateContainerState(145)) - Container #1 is in OPEN state, but the datanode 154b23c8-147d-4903-89d2-8045c7557393{ip: 192.168.157.246, host: pr-hdds-1868-bb2j8-1277741604, networkLocation: /default-rack, certSerialId: null} reports an CLOSED replica.
2019-10-25 05:12:14,177 [EventQueue-ContainerReportForContainerReportHandler] WARN  container.ContainerReportHandler (AbstractContainerReportHandler.java:updateContainerState(145)) - Container #1 is in OPEN state, but the datanode 154b23c8-147d-4903-89d2-8045c7557393{ip: 192.168.157.246, host: pr-hdds-1868-bb2j8-1277741604, networkLocation: /default-rack, certSerialId: null} reports an CLOSED replica.
2019-10-25 05:12:14,184 [java.util.concurrent.ThreadPoolExecutor$Worker@488e248e[State = -1, empty queue]] WARN  server.GrpcLogAppender (GrpcLogAppender.java:timeoutAppendRequest(209)) - 792578c8-58d9-41cb-99fd-534993a904b7@group-97C719019643->632d1f61-1fb0-4a9b-a27f-4f3ee937db0d-GrpcLogAppender: appendEntries Timeout, request=792578c8-58d9-41cb-99fd-534993a904b7->632d1f61-1fb0-4a9b-a27f-4f3ee937db0d#37-t1, previous=(t:1, i:10), leaderCommit=10, initializing? false, entries: <empty>
2019-10-25 05:12:14,255 [EventQueue-ContainerReportForContainerReportHandler] WARN  container.ContainerReportHandler (AbstractContainerReportHandler.java:updateContainerState(145)) - Container #1 is in OPEN state, but the datanode 792578c8-58d9-41cb-99fd-534993a904b7{ip: 192.168.157.246, host: pr-hdds-1868-bb2j8-1277741604, networkLocation: /default-rack, certSerialId: null} reports an CLOSED replica.
2019-10-25 05:12:14,553 [EventQueue-ContainerReportForContainerReportHandler] WARN  container.ContainerReportHandler (AbstractContainerReportHandler.java:updateContainerState(145)) - Container #1 is in OPEN state, but the datanode 792578c8-58d9-41cb-99fd-534993a904b7{ip: 192.168.157.246, host: pr-hdds-1868-bb2j8-1277741604, networkLocation: /default-rack, certSerialId: null} reports an CLOSED replica.
2019-10-25 05:12:14,578 [EventQueue-ContainerReportForContainerReportHandler] WARN  container.ContainerReportHandler (AbstractContainerReportHandler.java:updateContainerState(145)) - Container #1 is in OPEN state, but the datanode 154b23c8-147d-4903-89d2-8045c7557393{ip: 192.168.157.246, host: pr-hdds-1868-bb2j8-1277741604, networkLocation: /default-rack, certSerialId: null} reports an CLOSED replica.
2019-10-25 05:12:14,688 [BlockDeletingService#2] WARN  background.BlockDeletingService (BlockDeletingService.java:isDeletionAllowed(187)) - Close Container log Index 6 is not replicated across allthe servers in the pipeline 51c31d15-6363-40f4-9154-97c719019643 as the min replicated index is 4. Deletion is not allowed in this container yet.
2019-10-25 05:12:14,688 [BlockDeletingService#2] WARN  background.BlockDeletingService (BlockDeletingService.java:isDeletionAllowed(187)) - Close Container log Index 6 is not replicated across allthe servers in the pipeline 51c31d15-6363-40f4-9154-97c719019643 as the min replicated index is 4. Deletion is not allowed in this container yet.
2019-10-25 05:12:14,852 [EventQueue-ContainerReportForContainerReportHandler] WARN  container.ContainerReportHandler (AbstractContainerReportHandler.java:updateContainerState(145)) - Container #1 is in OPEN state, but the datanode 792578c8-58d9-41cb-99fd-534993a904b7{ip: 192.168.157.246, host: pr-hdds-1868-bb2j8-1277741604, networkLocation: /default-rack, certSerialId: null} reports an CLOSED replica.
2019-10-25 05:12:14,980 [EventQueue-ContainerReportForContainerReportHandler] WARN  container.ContainerReportHandler (AbstractContainerReportHandler.java:updateContainerState(145)) - Container #1 is in OPEN state, but the datanode 154b23c8-147d-4903-89d2-8045c7557393{ip: 192.168.157.246, host: pr-hdds-1868-bb2j8-1277741604, networkLocation: /default-rack, certSerialId: null} reports an CLOSED replica.
2019-10-25 05:12:15,053 [EventQueue-ContainerReportForContainerReportHandler] WARN  container.ContainerReportHandler (AbstractContainerReportHandler.java:updateContainerState(145)) - Container #1 is in OPEN state, but the datanode 792578c8-58d9-41cb-99fd-534993a904b7{ip: 192.168.157.246, host: pr-hdds-1868-bb2j8-1277741604, networkLocation: /default-rack, certSerialId: null} reports an CLOSED replica.
2019-10-25 05:12:15,280 [EventQueue-ContainerReportForContainerReportHandler] WARN  container.ContainerReportHandler (AbstractContainerReportHandler.java:updateContainerState(145)) - Container #1 is in OPEN state, but the datanode 154b23c8-147d-4903-89d2-8045c7557393{ip: 192.168.157.246, host: pr-hdds-1868-bb2j8-1277741604, networkLocation: /default-rack, certSerialId: null} reports an CLOSED replica.
2019-10-25 05:12:15,452 [EventQueue-ContainerReportForContainerReportHandler] WARN  container.ContainerReportHandler (AbstractContainerReportHandler.java:updateContainerState(145)) - Container #1 is in OPEN state, but the datanode 792578c8-58d9-41cb-99fd-534993a904b7{ip: 192.168.157.246, host: pr-hdds-1868-bb2j8-1277741604, networkLocation: /default-rack, certSerialId: null} reports an CLOSED replica.
2019-10-25 05:12:15,581 [EventQueue-ContainerReportForContainerReportHandler] WARN  container.ContainerReportHandler (AbstractContainerReportHandler.java:updateContainerState(145)) - Container #1 is in OPEN state, but the datanode 154b23c8-147d-4903-89d2-8045c7557393{ip: 192.168.157.246, host: pr-hdds-1868-bb2j8-1277741604, networkLocation: /default-rack, certSerialId: null} reports an CLOSED replica.
2019-10-25 05:12:15,690 [BlockDeletingService#2] WARN  background.BlockDeletingService (BlockDeletingService.java:isDeletionAllowed(187)) - Close Container log Index 6 is not replicated across allthe servers in the pipeline 51c31d15-6363-40f4-9154-97c719019643 as the min replicated index is 4. Deletion is not allowed in this container yet.
2019-10-25 05:12:15,690 [BlockDeletingService#2] WARN  background.BlockDeletingService (BlockDeletingService.java:isDeletionAllowed(187)) - Close Container log Index 6 is not replicated across allthe servers in the pipeline 51c31d15-6363-40f4-9154-97c719019643 as the min replicated index is 4. Deletion is not allowed in this container yet.
2019-10-25 05:12:15,753 [EventQueue-ContainerReportForContainerReportHandler] WARN  container.ContainerReportHandler (AbstractContainerReportHandler.java:updateContainerState(145)) - Container #1 is in OPEN state, but the datanode 792578c8-58d9-41cb-99fd-534993a904b7{ip: 192.168.157.246, host: pr-hdds-1868-bb2j8-1277741604, networkLocation: /default-rack, certSerialId: null} reports an CLOSED replica.
2019-10-25 05:12:15,981 [EventQueue-ContainerReportForContainerReportHandler] WARN  container.ContainerReportHandler (AbstractContainerReportHandler.java:updateContainerState(145)) - Container #1 is in OPEN state, but the datanode 154b23c8-147d-4903-89d2-8045c7557393{ip: 192.168.157.246, host: pr-hdds-1868-bb2j8-1277741604, networkLocation: /default-rack, certSerialId: null} reports an CLOSED replica.
2019-10-25 05:12:16,155 [EventQueue-ContainerReportForContainerReportHandler] WARN  container.ContainerReportHandler (AbstractContainerReportHandler.java:updateContainerState(145)) - Container #1 is in OPEN state, but the datanode 792578c8-58d9-41cb-99fd-534993a904b7{ip: 192.168.157.246, host: pr-hdds-1868-bb2j8-1277741604, networkLocation: /default-rack, certSerialId: null} reports an CLOSED replica.
2019-10-25 05:12:16,282 [EventQueue-ContainerReportForContainerReportHandler] WARN  container.ContainerReportHandler (AbstractContainerReportHandler.java:updateContainerState(145)) - Container #1 is in OPEN state, but the datanode 154b23c8-147d-4903-89d2-8045c7557393{ip: 192.168.157.246, host: pr-hdds-1868-bb2j8-1277741604, networkLocation: /default-rack, certSerialId: null} reports an CLOSED replica.
2019-10-25 05:12:16,355 [EventQueue-ContainerReportForContainerReportHandler] WARN  container.ContainerReportHandler (AbstractContainerReportHandler.java:updateContainerState(145)) - Container #1 is in OPEN state, but the datanode 792578c8-58d9-41cb-99fd-534993a904b7{ip: 192.168.157.246, host: pr-hdds-1868-bb2j8-1277741604, networkLocation: /default-rack, certSerialId: null} reports an CLOSED replica.
2019-10-25 05:12:16,483 [EventQueue-ContainerReportForContainerReportHandler] WARN  container.ContainerReportHandler (AbstractContainerReportHandler.java:updateContainerState(145)) - Container #1 is in OPEN state, but the datanode 154b23c8-147d-4903-89d2-8045c7557393{ip: 192.168.157.246, host: pr-hdds-1868-bb2j8-1277741604, networkLocation: /default-rack, certSerialId: null} reports an CLOSED replica.
2019-10-25 05:12:16,655 [EventQueue-ContainerReportForContainerReportHandler] WARN  container.ContainerReportHandler (AbstractContainerReportHandler.java:updateContainerState(145)) - Container #1 is in OPEN state, but the datanode 792578c8-58d9-41cb-99fd-534993a904b7{ip: 192.168.157.246, host: pr-hdds-1868-bb2j8-1277741604, networkLocation: /default-rack, certSerialId: null} reports an CLOSED replica.
2019-10-25 05:12:16,686 [java.util.concurrent.ThreadPoolExecutor$Worker@488e248e[State = -1, empty queue]] WARN  server.GrpcLogAppender (GrpcLogAppender.java:timeoutAppendRequest(209)) - 792578c8-58d9-41cb-99fd-534993a904b7@group-97C719019643->632d1f61-1fb0-4a9b-a27f-4f3ee937db0d-GrpcLogAppender: appendEntries Timeout, request=792578c8-58d9-41cb-99fd-534993a904b7->632d1f61-1fb0-4a9b-a27f-4f3ee937db0d#38-t1, previous=(t:1, i:10), leaderCommit=10, initializing? false, entries: <empty>
2019-10-25 05:12:16,693 [BlockDeletingService#2] WARN  background.BlockDeletingService (BlockDeletingService.java:isDeletionAllowed(187)) - Close Container log Index 6 is not replicated across allthe servers in the pipeline 51c31d15-6363-40f4-9154-97c719019643 as the min replicated index is 4. Deletion is not allowed in this container yet.
2019-10-25 05:12:16,693 [BlockDeletingService#2] WARN  background.BlockDeletingService (BlockDeletingService.java:isDeletionAllowed(187)) - Close Container log Index 6 is not replicated across allthe servers in the pipeline 51c31d15-6363-40f4-9154-97c719019643 as the min replicated index is 4. Deletion is not allowed in this container yet.
2019-10-25 05:12:16,782 [EventQueue-ContainerReportForContainerReportHandler] WARN  container.ContainerReportHandler (AbstractContainerReportHandler.java:updateContainerState(145)) - Container #1 is in OPEN state, but the datanode 154b23c8-147d-4903-89d2-8045c7557393{ip: 192.168.157.246, host: pr-hdds-1868-bb2j8-1277741604, networkLocation: /default-rack, certSerialId: null} reports an CLOSED replica.
2019-10-25 05:12:16,855 [EventQueue-ContainerReportForContainerReportHandler] WARN  container.ContainerReportHandler (AbstractContainerReportHandler.java:updateContainerState(145)) - Container #1 is in OPEN state, but the datanode 792578c8-58d9-41cb-99fd-534993a904b7{ip: 192.168.157.246, host: pr-hdds-1868-bb2j8-1277741604, networkLocation: /default-rack, certSerialId: null} reports an CLOSED replica.
2019-10-25 05:12:17,083 [EventQueue-ContainerReportForContainerReportHandler] WARN  container.ContainerReportHandler (AbstractContainerReportHandler.java:updateContainerState(145)) - Container #1 is in OPEN state, but the datanode 154b23c8-147d-4903-89d2-8045c7557393{ip: 192.168.157.246, host: pr-hdds-1868-bb2j8-1277741604, networkLocation: /default-rack, certSerialId: null} reports an CLOSED replica.
2019-10-25 05:12:17,155 [EventQueue-ContainerReportForContainerReportHandler] WARN  container.ContainerReportHandler (AbstractContainerReportHandler.java:updateContainerState(145)) - Container #1 is in OPEN state, but the datanode 792578c8-58d9-41cb-99fd-534993a904b7{ip: 192.168.157.246, host: pr-hdds-1868-bb2j8-1277741604, networkLocation: /default-rack, certSerialId: null} reports an CLOSED replica.
2019-10-25 05:12:17,382 [EventQueue-ContainerReportForContainerReportHandler] WARN  container.ContainerReportHandler (AbstractContainerReportHandler.java:updateContainerState(145)) - Container #1 is in OPEN state, but the datanode 154b23c8-147d-4903-89d2-8045c7557393{ip: 192.168.157.246, host: pr-hdds-1868-bb2j8-1277741604, networkLocation: /default-rack, certSerialId: null} reports an CLOSED replica.
2019-10-25 05:12:17,556 [EventQueue-ContainerReportForContainerReportHandler] WARN  container.ContainerReportHandler (AbstractContainerReportHandler.java:updateContainerState(145)) - Container #1 is in OPEN state, but the datanode 792578c8-58d9-41cb-99fd-534993a904b7{ip: 192.168.157.246, host: pr-hdds-1868-bb2j8-1277741604, networkLocation: /default-rack, certSerialId: null} reports an CLOSED replica.
2019-10-25 05:12:17,682 [EventQueue-ContainerReportForContainerReportHandler] WARN  container.ContainerReportHandler (AbstractContainerReportHandler.java:updateContainerState(145)) - Container #1 is in OPEN state, but the datanode 154b23c8-147d-4903-89d2-8045c7557393{ip: 192.168.157.246, host: pr-hdds-1868-bb2j8-1277741604, networkLocation: /default-rack, certSerialId: null} reports an CLOSED replica.
2019-10-25 05:12:17,695 [BlockDeletingService#2] WARN  background.BlockDeletingService (BlockDeletingService.java:isDeletionAllowed(187)) - Close Container log Index 6 is not replicated across allthe servers in the pipeline 51c31d15-6363-40f4-9154-97c719019643 as the min replicated index is 4. Deletion is not allowed in this container yet.
2019-10-25 05:12:17,695 [BlockDeletingService#2] WARN  background.BlockDeletingService (BlockDeletingService.java:isDeletionAllowed(187)) - Close Container log Index 6 is not replicated across allthe servers in the pipeline 51c31d15-6363-40f4-9154-97c719019643 as the min replicated index is 4. Deletion is not allowed in this container yet.
2019-10-25 05:12:17,755 [EventQueue-ContainerReportForContainerReportHandler] WARN  container.ContainerReportHandler (AbstractContainerReportHandler.java:updateContainerState(145)) - Container #1 is in OPEN state, but the datanode 792578c8-58d9-41cb-99fd-534993a904b7{ip: 192.168.157.246, host: pr-hdds-1868-bb2j8-1277741604, networkLocation: /default-rack, certSerialId: null} reports an CLOSED replica.
2019-10-25 05:12:17,983 [EventQueue-ContainerReportForContainerReportHandler] WARN  container.ContainerReportHandler (AbstractContainerReportHandler.java:updateContainerState(145)) - Container #1 is in OPEN state, but the datanode 154b23c8-147d-4903-89d2-8045c7557393{ip: 192.168.157.246, host: pr-hdds-1868-bb2j8-1277741604, networkLocation: /default-rack, certSerialId: null} reports an CLOSED replica.
2019-10-25 05:12:18,055 [EventQueue-ContainerReportForContainerReportHandler] WARN  container.ContainerReportHandler (AbstractContainerReportHandler.java:updateContainerState(145)) - Container #1 is in OPEN state, but the datanode 792578c8-58d9-41cb-99fd-534993a904b7{ip: 192.168.157.246, host: pr-hdds-1868-bb2j8-1277741604, networkLocation: /default-rack, certSerialId: null} reports an CLOSED replica.
2019-10-25 05:12:18,285 [EventQueue-ContainerReportForContainerReportHandler] WARN  container.ContainerReportHandler (AbstractContainerReportHandler.java:updateContainerState(145)) - Container #1 is in OPEN state, but the datanode 154b23c8-147d-4903-89d2-8045c7557393{ip: 192.168.157.246, host: pr-hdds-1868-bb2j8-1277741604, networkLocation: /default-rack, certSerialId: null} reports an CLOSED replica.
2019-10-25 05:12:18,356 [EventQueue-ContainerReportForContainerReportHandler] WARN  container.ContainerReportHandler (AbstractContainerReportHandler.java:updateContainerState(145)) - Container #1 is in OPEN state, but the datanode 792578c8-58d9-41cb-99fd-534993a904b7{ip: 192.168.157.246, host: pr-hdds-1868-bb2j8-1277741604, networkLocation: /default-rack, certSerialId: null} reports an CLOSED replica.
2019-10-25 05:12:18,586 [EventQueue-ContainerReportForContainerReportHandler] WARN  container.ContainerReportHandler (AbstractContainerReportHandler.java:updateContainerState(145)) - Container #1 is in OPEN state, but the datanode 154b23c8-147d-4903-89d2-8045c7557393{ip: 192.168.157.246, host: pr-hdds-1868-bb2j8-1277741604, networkLocation: /default-rack, certSerialId: null} reports an CLOSED replica.
2019-10-25 05:12:18,657 [EventQueue-ContainerReportForContainerReportHandler] WARN  container.ContainerReportHandler (AbstractContainerReportHandler.java:updateContainerState(145)) - Container #1 is in OPEN state, but the datanode 792578c8-58d9-41cb-99fd-534993a904b7{ip: 192.168.157.246, host: pr-hdds-1868-bb2j8-1277741604, networkLocation: /default-rack, certSerialId: null} reports an CLOSED replica.
2019-10-25 05:12:18,697 [BlockDeletingService#2] WARN  background.BlockDeletingService (BlockDeletingService.java:isDeletionAllowed(187)) - Close Container log Index 6 is not replicated across allthe servers in the pipeline 51c31d15-6363-40f4-9154-97c719019643 as the min replicated index is 4. Deletion is not allowed in this container yet.
2019-10-25 05:12:18,697 [BlockDeletingService#2] WARN  background.BlockDeletingService (BlockDeletingService.java:isDeletionAllowed(187)) - Close Container log Index 6 is not replicated across allthe servers in the pipeline 51c31d15-6363-40f4-9154-97c719019643 as the min replicated index is 4. Deletion is not allowed in this container yet.
2019-10-25 05:12:18,886 [EventQueue-ContainerReportForContainerReportHandler] WARN  container.ContainerReportHandler (AbstractContainerReportHandler.java:updateContainerState(145)) - Container #1 is in OPEN state, but the datanode 154b23c8-147d-4903-89d2-8045c7557393{ip: 192.168.157.246, host: pr-hdds-1868-bb2j8-1277741604, networkLocation: /default-rack, certSerialId: null} reports an CLOSED replica.
2019-10-25 05:12:19,059 [EventQueue-ContainerReportForContainerReportHandler] WARN  container.ContainerReportHandler (AbstractContainerReportHandler.java:updateContainerState(145)) - Container #1 is in OPEN state, but the datanode 792578c8-58d9-41cb-99fd-534993a904b7{ip: 192.168.157.246, host: pr-hdds-1868-bb2j8-1277741604, networkLocation: /default-rack, certSerialId: null} reports an CLOSED replica.
2019-10-25 05:12:19,086 [EventQueue-ContainerReportForContainerReportHandler] WARN  container.ContainerReportHandler (AbstractContainerReportHandler.java:updateContainerState(145)) - Container #1 is in OPEN state, but the datanode 154b23c8-147d-4903-89d2-8045c7557393{ip: 192.168.157.246, host: pr-hdds-1868-bb2j8-1277741604, networkLocation: /default-rack, certSerialId: null} reports an CLOSED replica.
2019-10-25 05:12:19,188 [java.util.concurrent.ThreadPoolExecutor$Worker@488e248e[State = -1, empty queue]] WARN  server.GrpcLogAppender (GrpcLogAppender.java:timeoutAppendRequest(209)) - 792578c8-58d9-41cb-99fd-534993a904b7@group-97C719019643->632d1f61-1fb0-4a9b-a27f-4f3ee937db0d-GrpcLogAppender: appendEntries Timeout, request=792578c8-58d9-41cb-99fd-534993a904b7->632d1f61-1fb0-4a9b-a27f-4f3ee937db0d#39-t1, previous=(t:1, i:10), leaderCommit=10, initializing? false, entries: <empty>
2019-10-25 05:12:19,386 [EventQueue-ContainerReportForContainerReportHandler] WARN  container.ContainerReportHandler (AbstractContainerReportHandler.java:updateContainerState(145)) - Container #1 is in OPEN state, but the datanode 154b23c8-147d-4903-89d2-8045c7557393{ip: 192.168.157.246, host: pr-hdds-1868-bb2j8-1277741604, networkLocation: /default-rack, certSerialId: null} reports an CLOSED replica.
2019-10-25 05:12:19,460 [EventQueue-ContainerReportForContainerReportHandler] WARN  container.ContainerReportHandler (AbstractContainerReportHandler.java:updateContainerState(145)) - Container #1 is in OPEN state, but the datanode 792578c8-58d9-41cb-99fd-534993a904b7{ip: 192.168.157.246, host: pr-hdds-1868-bb2j8-1277741604, networkLocation: /default-rack, certSerialId: null} reports an CLOSED replica.
2019-10-25 05:12:19,584 [Thread-451] INFO  client.GrpcClientProtocolService (GrpcClientProtocolService.java:lambda$processClientRequest$0(279)) - Failed RaftClientRequest:client-E384FFB178A4->792578c8-58d9-41cb-99fd-534993a904b7@group-97C719019643, cid=22, seq=0, Watch-ALL_COMMITTED(6), Message:<EMPTY>, reply=RaftClientReply:client-E384FFB178A4->792578c8-58d9-41cb-99fd-534993a904b7@group-97C719019643, cid=22, FAILED org.apache.ratis.protocol.NotReplicatedException: Request with call Id 22 and log index 6 is not yet replicated to ALL_COMMITTED, logIndex=6, commits[792578c8-58d9-41cb-99fd-534993a904b7:c10, 632d1f61-1fb0-4a9b-a27f-4f3ee937db0d:c4, 154b23c8-147d-4903-89d2-8045c7557393:c10]
2019-10-25 05:12:19,686 [EventQueue-ContainerReportForContainerReportHandler] WARN  container.ContainerReportHandler (AbstractContainerReportHandler.java:updateContainerState(145)) - Container #1 is in OPEN state, but the datanode 154b23c8-147d-4903-89d2-8045c7557393{ip: 192.168.157.246, host: pr-hdds-1868-bb2j8-1277741604, networkLocation: /default-rack, certSerialId: null} reports an CLOSED replica.
2019-10-25 05:12:19,699 [BlockDeletingService#2] WARN  background.BlockDeletingService (BlockDeletingService.java:isDeletionAllowed(187)) - Close Container log Index 6 is not replicated across allthe servers in the pipeline 51c31d15-6363-40f4-9154-97c719019643 as the min replicated index is 4. Deletion is not allowed in this container yet.
2019-10-25 05:12:19,700 [BlockDeletingService#2] WARN  background.BlockDeletingService (BlockDeletingService.java:isDeletionAllowed(187)) - Close Container log Index 6 is not replicated across allthe servers in the pipeline 51c31d15-6363-40f4-9154-97c719019643 as the min replicated index is 4. Deletion is not allowed in this container yet.
2019-10-25 05:12:19,760 [EventQueue-ContainerReportForContainerReportHandler] WARN  container.ContainerReportHandler (AbstractContainerReportHandler.java:updateContainerState(145)) - Container #1 is in OPEN state, but the datanode 792578c8-58d9-41cb-99fd-534993a904b7{ip: 192.168.157.246, host: pr-hdds-1868-bb2j8-1277741604, networkLocation: /default-rack, certSerialId: null} reports an CLOSED replica.
2019-10-25 05:12:19,887 [EventQueue-ContainerReportForContainerReportHandler] WARN  container.ContainerReportHandler (AbstractContainerReportHandler.java:updateContainerState(145)) - Container #1 is in OPEN state, but the datanode 154b23c8-147d-4903-89d2-8045c7557393{ip: 192.168.157.246, host: pr-hdds-1868-bb2j8-1277741604, networkLocation: /default-rack, certSerialId: null} reports an CLOSED replica.
2019-10-25 05:12:20,060 [EventQueue-ContainerReportForContainerReportHandler] WARN  container.ContainerReportHandler (AbstractContainerReportHandler.java:updateContainerState(145)) - Container #1 is in OPEN state, but the datanode 792578c8-58d9-41cb-99fd-534993a904b7{ip: 192.168.157.246, host: pr-hdds-1868-bb2j8-1277741604, networkLocation: /default-rack, certSerialId: null} reports an CLOSED replica.
2019-10-25 05:12:20,286 [EventQueue-ContainerReportForContainerReportHandler] WARN  container.ContainerReportHandler (AbstractContainerReportHandler.java:updateContainerState(145)) - Container #1 is in OPEN state, but the datanode 154b23c8-147d-4903-89d2-8045c7557393{ip: 192.168.157.246, host: pr-hdds-1868-bb2j8-1277741604, networkLocation: /default-rack, certSerialId: null} reports an CLOSED replica.
2019-10-25 05:12:20,360 [EventQueue-ContainerReportForContainerReportHandler] WARN  container.ContainerReportHandler (AbstractContainerReportHandler.java:updateContainerState(145)) - Container #1 is in OPEN state, but the datanode 792578c8-58d9-41cb-99fd-534993a904b7{ip: 192.168.157.246, host: pr-hdds-1868-bb2j8-1277741604, networkLocation: /default-rack, certSerialId: null} reports an CLOSED replica.
2019-10-25 05:12:20,561 [EventQueue-ContainerReportForContainerReportHandler] WARN  container.ContainerReportHandler (AbstractContainerReportHandler.java:updateContainerState(145)) - Container #1 is in OPEN state, but the datanode 792578c8-58d9-41cb-99fd-534993a904b7{ip: 192.168.157.246, host: pr-hdds-1868-bb2j8-1277741604, networkLocation: /default-rack, certSerialId: null} reports an CLOSED replica.
2019-10-25 05:12:20,586 [EventQueue-ContainerReportForContainerReportHandler] WARN  container.ContainerReportHandler (AbstractContainerReportHandler.java:updateContainerState(145)) - Container #1 is in OPEN state, but the datanode 154b23c8-147d-4903-89d2-8045c7557393{ip: 192.168.157.246, host: pr-hdds-1868-bb2j8-1277741604, networkLocation: /default-rack, certSerialId: null} reports an CLOSED replica.
2019-10-25 05:12:20,702 [BlockDeletingService#2] WARN  background.BlockDeletingService (BlockDeletingService.java:isDeletionAllowed(187)) - Close Container log Index 6 is not replicated across allthe servers in the pipeline 51c31d15-6363-40f4-9154-97c719019643 as the min replicated index is 4. Deletion is not allowed in this container yet.
2019-10-25 05:12:20,702 [BlockDeletingService#2] WARN  background.BlockDeletingService (BlockDeletingService.java:isDeletionAllowed(187)) - Close Container log Index 6 is not replicated across allthe servers in the pipeline 51c31d15-6363-40f4-9154-97c719019643 as the min replicated index is 4. Deletion is not allowed in this container yet.
2019-10-25 05:12:20,860 [EventQueue-ContainerReportForContainerReportHandler] WARN  container.ContainerReportHandler (AbstractContainerReportHandler.java:updateContainerState(145)) - Container #1 is in OPEN state, but the datanode 792578c8-58d9-41cb-99fd-534993a904b7{ip: 192.168.157.246, host: pr-hdds-1868-bb2j8-1277741604, networkLocation: /default-rack, certSerialId: null} reports an CLOSED replica.
2019-10-25 05:12:20,887 [EventQueue-ContainerReportForContainerReportHandler] WARN  container.ContainerReportHandler (AbstractContainerReportHandler.java:updateContainerState(145)) - Container #1 is in OPEN state, but the datanode 154b23c8-147d-4903-89d2-8045c7557393{ip: 192.168.157.246, host: pr-hdds-1868-bb2j8-1277741604, networkLocation: /default-rack, certSerialId: null} reports an CLOSED replica.
2019-10-25 05:12:21,160 [EventQueue-ContainerReportForContainerReportHandler] WARN  container.ContainerReportHandler (AbstractContainerReportHandler.java:updateContainerState(145)) - Container #1 is in OPEN state, but the datanode 792578c8-58d9-41cb-99fd-534993a904b7{ip: 192.168.157.246, host: pr-hdds-1868-bb2j8-1277741604, networkLocation: /default-rack, certSerialId: null} reports an CLOSED replica.
2019-10-25 05:12:21,188 [EventQueue-ContainerReportForContainerReportHandler] WARN  container.ContainerReportHandler (AbstractContainerReportHandler.java:updateContainerState(145)) - Container #1 is in OPEN state, but the datanode 154b23c8-147d-4903-89d2-8045c7557393{ip: 192.168.157.246, host: pr-hdds-1868-bb2j8-1277741604, networkLocation: /default-rack, certSerialId: null} reports an CLOSED replica.
2019-10-25 05:12:21,461 [EventQueue-ContainerReportForContainerReportHandler] WARN  container.ContainerReportHandler (AbstractContainerReportHandler.java:updateContainerState(145)) - Container #1 is in OPEN state, but the datanode 792578c8-58d9-41cb-99fd-534993a904b7{ip: 192.168.157.246, host: pr-hdds-1868-bb2j8-1277741604, networkLocation: /default-rack, certSerialId: null} reports an CLOSED replica.
2019-10-25 05:12:21,489 [EventQueue-ContainerReportForContainerReportHandler] WARN  container.ContainerReportHandler (AbstractContainerReportHandler.java:updateContainerState(145)) - Container #1 is in OPEN state, but the datanode 154b23c8-147d-4903-89d2-8045c7557393{ip: 192.168.157.246, host: pr-hdds-1868-bb2j8-1277741604, networkLocation: /default-rack, certSerialId: null} reports an CLOSED replica.
2019-10-25 05:12:21,689 [java.util.concurrent.ThreadPoolExecutor$Worker@488e248e[State = -1, empty queue]] WARN  server.GrpcLogAppender (GrpcLogAppender.java:timeoutAppendRequest(209)) - 792578c8-58d9-41cb-99fd-534993a904b7@group-97C719019643->632d1f61-1fb0-4a9b-a27f-4f3ee937db0d-GrpcLogAppender: appendEntries Timeout, request=792578c8-58d9-41cb-99fd-534993a904b7->632d1f61-1fb0-4a9b-a27f-4f3ee937db0d#40-t1, previous=(t:1, i:10), leaderCommit=10, initializing? false, entries: <empty>
2019-10-25 05:12:21,705 [BlockDeletingService#2] WARN  background.BlockDeletingService (BlockDeletingService.java:isDeletionAllowed(187)) - Close Container log Index 6 is not replicated across allthe servers in the pipeline 51c31d15-6363-40f4-9154-97c719019643 as the min replicated index is 4. Deletion is not allowed in this container yet.
2019-10-25 05:12:21,705 [BlockDeletingService#2] WARN  background.BlockDeletingService (BlockDeletingService.java:isDeletionAllowed(187)) - Close Container log Index 6 is not replicated across allthe servers in the pipeline 51c31d15-6363-40f4-9154-97c719019643 as the min replicated index is 4. Deletion is not allowed in this container yet.
2019-10-25 05:12:21,789 [EventQueue-ContainerReportForContainerReportHandler] WARN  container.ContainerReportHandler (AbstractContainerReportHandler.java:updateContainerState(145)) - Container #1 is in OPEN state, but the datanode 154b23c8-147d-4903-89d2-8045c7557393{ip: 192.168.157.246, host: pr-hdds-1868-bb2j8-1277741604, networkLocation: /default-rack, certSerialId: null} reports an CLOSED replica.
2019-10-25 05:12:21,861 [EventQueue-ContainerReportForContainerReportHandler] WARN  container.ContainerReportHandler (AbstractContainerReportHandler.java:updateContainerState(145)) - Container #1 is in OPEN state, but the datanode 792578c8-58d9-41cb-99fd-534993a904b7{ip: 192.168.157.246, host: pr-hdds-1868-bb2j8-1277741604, networkLocation: /default-rack, certSerialId: null} reports an CLOSED replica.
2019-10-25 05:12:22,089 [EventQueue-ContainerReportForContainerReportHandler] WARN  container.ContainerReportHandler (AbstractContainerReportHandler.java:updateContainerState(145)) - Container #1 is in OPEN state, but the datanode 154b23c8-147d-4903-89d2-8045c7557393{ip: 192.168.157.246, host: pr-hdds-1868-bb2j8-1277741604, networkLocation: /default-rack, certSerialId: null} reports an CLOSED replica.
2019-10-25 05:12:22,162 [EventQueue-ContainerReportForContainerReportHandler] WARN  container.ContainerReportHandler (AbstractContainerReportHandler.java:updateContainerState(145)) - Container #1 is in OPEN state, but the datanode 792578c8-58d9-41cb-99fd-534993a904b7{ip: 192.168.157.246, host: pr-hdds-1868-bb2j8-1277741604, networkLocation: /default-rack, certSerialId: null} reports an CLOSED replica.
2019-10-25 05:12:22,290 [EventQueue-ContainerReportForContainerReportHandler] WARN  container.ContainerReportHandler (AbstractContainerReportHandler.java:updateContainerState(145)) - Container #1 is in OPEN state, but the datanode 154b23c8-147d-4903-89d2-8045c7557393{ip: 192.168.157.246, host: pr-hdds-1868-bb2j8-1277741604, networkLocation: /default-rack, certSerialId: null} reports an CLOSED replica.
2019-10-25 05:12:22,461 [EventQueue-ContainerReportForContainerReportHandler] WARN  container.ContainerReportHandler (AbstractContainerReportHandler.java:updateContainerState(145)) - Container #1 is in OPEN state, but the datanode 792578c8-58d9-41cb-99fd-534993a904b7{ip: 192.168.157.246, host: pr-hdds-1868-bb2j8-1277741604, networkLocation: /default-rack, certSerialId: null} reports an CLOSED replica.
2019-10-25 05:12:22,690 [EventQueue-ContainerReportForContainerReportHandler] WARN  container.ContainerReportHandler (AbstractContainerReportHandler.java:updateContainerState(145)) - Container #1 is in OPEN state, but the datanode 154b23c8-147d-4903-89d2-8045c7557393{ip: 192.168.157.246, host: pr-hdds-1868-bb2j8-1277741604, networkLocation: /default-rack, certSerialId: null} reports an CLOSED replica.
2019-10-25 05:12:22,706 [BlockDeletingService#2] WARN  background.BlockDeletingService (BlockDeletingService.java:isDeletionAllowed(187)) - Close Container log Index 6 is not replicated across allthe servers in the pipeline 51c31d15-6363-40f4-9154-97c719019643 as the min replicated index is 4. Deletion is not allowed in this container yet.
2019-10-25 05:12:22,707 [BlockDeletingService#2] WARN  background.BlockDeletingService (BlockDeletingService.java:isDeletionAllowed(187)) - Close Container log Index 6 is not replicated across allthe servers in the pipeline 51c31d15-6363-40f4-9154-97c719019643 as the min replicated index is 4. Deletion is not allowed in this container yet.
2019-10-25 05:12:22,862 [EventQueue-ContainerReportForContainerReportHandler] WARN  container.ContainerReportHandler (AbstractContainerReportHandler.java:updateContainerState(145)) - Container #1 is in OPEN state, but the datanode 792578c8-58d9-41cb-99fd-534993a904b7{ip: 192.168.157.246, host: pr-hdds-1868-bb2j8-1277741604, networkLocation: /default-rack, certSerialId: null} reports an CLOSED replica.
2019-10-25 05:12:23,091 [EventQueue-ContainerReportForContainerReportHandler] WARN  container.ContainerReportHandler (AbstractContainerReportHandler.java:updateContainerState(145)) - Container #1 is in OPEN state, but the datanode 154b23c8-147d-4903-89d2-8045c7557393{ip: 192.168.157.246, host: pr-hdds-1868-bb2j8-1277741604, networkLocation: /default-rack, certSerialId: null} reports an CLOSED replica.
2019-10-25 05:12:23,162 [EventQueue-ContainerReportForContainerReportHandler] WARN  container.ContainerReportHandler (AbstractContainerReportHandler.java:updateContainerState(145)) - Container #1 is in OPEN state, but the datanode 792578c8-58d9-41cb-99fd-534993a904b7{ip: 192.168.157.246, host: pr-hdds-1868-bb2j8-1277741604, networkLocation: /default-rack, certSerialId: null} reports an CLOSED replica.
2019-10-25 05:12:23,290 [EventQueue-ContainerReportForContainerReportHandler] WARN  container.ContainerReportHandler (AbstractContainerReportHandler.java:updateContainerState(145)) - Container #1 is in OPEN state, but the datanode 154b23c8-147d-4903-89d2-8045c7557393{ip: 192.168.157.246, host: pr-hdds-1868-bb2j8-1277741604, networkLocation: /default-rack, certSerialId: null} reports an CLOSED replica.
2019-10-25 05:12:23,463 [EventQueue-ContainerReportForContainerReportHandler] WARN  container.ContainerReportHandler (AbstractContainerReportHandler.java:updateContainerState(145)) - Container #1 is in OPEN state, but the datanode 792578c8-58d9-41cb-99fd-534993a904b7{ip: 192.168.157.246, host: pr-hdds-1868-bb2j8-1277741604, networkLocation: /default-rack, certSerialId: null} reports an CLOSED replica.
2019-10-25 05:12:23,591 [EventQueue-ContainerReportForContainerReportHandler] WARN  container.ContainerReportHandler (AbstractContainerReportHandler.java:updateContainerState(145)) - Container #1 is in OPEN state, but the datanode 154b23c8-147d-4903-89d2-8045c7557393{ip: 192.168.157.246, host: pr-hdds-1868-bb2j8-1277741604, networkLocation: /default-rack, certSerialId: null} reports an CLOSED replica.
2019-10-25 05:12:23,708 [BlockDeletingService#2] WARN  background.BlockDeletingService (BlockDeletingService.java:isDeletionAllowed(187)) - Close Container log Index 6 is not replicated across allthe servers in the pipeline 51c31d15-6363-40f4-9154-97c719019643 as the min replicated index is 4. Deletion is not allowed in this container yet.
2019-10-25 05:12:23,708 [BlockDeletingService#2] WARN  background.BlockDeletingService (BlockDeletingService.java:isDeletionAllowed(187)) - Close Container log Index 6 is not replicated across allthe servers in the pipeline 51c31d15-6363-40f4-9154-97c719019643 as the min replicated index is 4. Deletion is not allowed in this container yet.
2019-10-25 05:12:23,764 [EventQueue-ContainerReportForContainerReportHandler] WARN  container.ContainerReportHandler (AbstractContainerReportHandler.java:updateContainerState(145)) - Container #1 is in OPEN state, but the datanode 792578c8-58d9-41cb-99fd-534993a904b7{ip: 192.168.157.246, host: pr-hdds-1868-bb2j8-1277741604, networkLocation: /default-rack, certSerialId: null} reports an CLOSED replica.
2019-10-25 05:12:23,890 [EventQueue-ContainerReportForContainerReportHandler] WARN  container.ContainerReportHandler (AbstractContainerReportHandler.java:updateContainerState(145)) - Container #1 is in OPEN state, but the datanode 154b23c8-147d-4903-89d2-8045c7557393{ip: 192.168.157.246, host: pr-hdds-1868-bb2j8-1277741604, networkLocation: /default-rack, certSerialId: null} reports an CLOSED replica.
2019-10-25 05:12:24,064 [EventQueue-ContainerReportForContainerReportHandler] WARN  container.ContainerReportHandler (AbstractContainerReportHandler.java:updateContainerState(145)) - Container #1 is in OPEN state, but the datanode 792578c8-58d9-41cb-99fd-534993a904b7{ip: 192.168.157.246, host: pr-hdds-1868-bb2j8-1277741604, networkLocation: /default-rack, certSerialId: null} reports an CLOSED replica.
2019-10-25 05:12:24,090 [EventQueue-ContainerReportForContainerReportHandler] WARN  container.ContainerReportHandler (AbstractContainerReportHandler.java:updateContainerState(145)) - Container #1 is in OPEN state, but the datanode 154b23c8-147d-4903-89d2-8045c7557393{ip: 192.168.157.246, host: pr-hdds-1868-bb2j8-1277741604, networkLocation: /default-rack, certSerialId: null} reports an CLOSED replica.
2019-10-25 05:12:24,190 [java.util.concurrent.ThreadPoolExecutor$Worker@488e248e[State = -1, empty queue]] WARN  server.GrpcLogAppender (GrpcLogAppender.java:timeoutAppendRequest(209)) - 792578c8-58d9-41cb-99fd-534993a904b7@group-97C719019643->632d1f61-1fb0-4a9b-a27f-4f3ee937db0d-GrpcLogAppender: appendEntries Timeout, request=792578c8-58d9-41cb-99fd-534993a904b7->632d1f61-1fb0-4a9b-a27f-4f3ee937db0d#41-t1, previous=(t:1, i:10), leaderCommit=10, initializing? false, entries: <empty>
2019-10-25 05:12:24,265 [EventQueue-ContainerReportForContainerReportHandler] WARN  container.ContainerReportHandler (AbstractContainerReportHandler.java:updateContainerState(145)) - Container #1 is in OPEN state, but the datanode 792578c8-58d9-41cb-99fd-534993a904b7{ip: 192.168.157.246, host: pr-hdds-1868-bb2j8-1277741604, networkLocation: /default-rack, certSerialId: null} reports an CLOSED replica.
2019-10-25 05:12:24,390 [EventQueue-ContainerReportForContainerReportHandler] WARN  container.ContainerReportHandler (AbstractContainerReportHandler.java:updateContainerState(145)) - Container #1 is in OPEN state, but the datanode 154b23c8-147d-4903-89d2-8045c7557393{ip: 192.168.157.246, host: pr-hdds-1868-bb2j8-1277741604, networkLocation: /default-rack, certSerialId: null} reports an CLOSED replica.
2019-10-25 05:12:24,665 [EventQueue-ContainerReportForContainerReportHandler] WARN  container.ContainerReportHandler (AbstractContainerReportHandler.java:updateContainerState(145)) - Container #1 is in OPEN state, but the datanode 792578c8-58d9-41cb-99fd-534993a904b7{ip: 192.168.157.246, host: pr-hdds-1868-bb2j8-1277741604, networkLocation: /default-rack, certSerialId: null} reports an CLOSED replica.
2019-10-25 05:12:24,710 [BlockDeletingService#2] WARN  background.BlockDeletingService (BlockDeletingService.java:isDeletionAllowed(187)) - Close Container log Index 6 is not replicated across allthe servers in the pipeline 51c31d15-6363-40f4-9154-97c719019643 as the min replicated index is 4. Deletion is not allowed in this container yet.
2019-10-25 05:12:24,710 [BlockDeletingService#2] WARN  background.BlockDeletingService (BlockDeletingService.java:isDeletionAllowed(187)) - Close Container log Index 6 is not replicated across allthe servers in the pipeline 51c31d15-6363-40f4-9154-97c719019643 as the min replicated index is 4. Deletion is not allowed in this container yet.
2019-10-25 05:12:24,790 [EventQueue-ContainerReportForContainerReportHandler] WARN  container.ContainerReportHandler (AbstractContainerReportHandler.java:updateContainerState(145)) - Container #1 is in OPEN state, but the datanode 154b23c8-147d-4903-89d2-8045c7557393{ip: 192.168.157.246, host: pr-hdds-1868-bb2j8-1277741604, networkLocation: /default-rack, certSerialId: null} reports an CLOSED replica.
2019-10-25 05:12:24,966 [EventQueue-ContainerReportForContainerReportHandler] WARN  container.ContainerReportHandler (AbstractContainerReportHandler.java:updateContainerState(145)) - Container #1 is in OPEN state, but the datanode 792578c8-58d9-41cb-99fd-534993a904b7{ip: 192.168.157.246, host: pr-hdds-1868-bb2j8-1277741604, networkLocation: /default-rack, certSerialId: null} reports an CLOSED replica.
2019-10-25 05:12:24,990 [EventQueue-ContainerReportForContainerReportHandler] WARN  container.ContainerReportHandler (AbstractContainerReportHandler.java:updateContainerState(145)) - Container #1 is in OPEN state, but the datanode 154b23c8-147d-4903-89d2-8045c7557393{ip: 192.168.157.246, host: pr-hdds-1868-bb2j8-1277741604, networkLocation: /default-rack, certSerialId: null} reports an CLOSED replica.
2019-10-25 05:12:25,166 [EventQueue-ContainerReportForContainerReportHandler] WARN  container.ContainerReportHandler (AbstractContainerReportHandler.java:updateContainerState(145)) - Container #1 is in OPEN state, but the datanode 792578c8-58d9-41cb-99fd-534993a904b7{ip: 192.168.157.246, host: pr-hdds-1868-bb2j8-1277741604, networkLocation: /default-rack, certSerialId: null} reports an CLOSED replica.
2019-10-25 05:12:25,290 [EventQueue-ContainerReportForContainerReportHandler] WARN  container.ContainerReportHandler (AbstractContainerReportHandler.java:updateContainerState(145)) - Container #1 is in OPEN state, but the datanode 154b23c8-147d-4903-89d2-8045c7557393{ip: 192.168.157.246, host: pr-hdds-1868-bb2j8-1277741604, networkLocation: /default-rack, certSerialId: null} reports an CLOSED replica.
2019-10-25 05:12:25,467 [EventQueue-ContainerReportForContainerReportHandler] WARN  container.ContainerReportHandler (AbstractContainerReportHandler.java:updateContainerState(145)) - Container #1 is in OPEN state, but the datanode 792578c8-58d9-41cb-99fd-534993a904b7{ip: 192.168.157.246, host: pr-hdds-1868-bb2j8-1277741604, networkLocation: /default-rack, certSerialId: null} reports an CLOSED replica.
2019-10-25 05:12:25,591 [EventQueue-ContainerReportForContainerReportHandler] WARN  container.ContainerReportHandler (AbstractContainerReportHandler.java:updateContainerState(145)) - Container #1 is in OPEN state, but the datanode 154b23c8-147d-4903-89d2-8045c7557393{ip: 192.168.157.246, host: pr-hdds-1868-bb2j8-1277741604, networkLocation: /default-rack, certSerialId: null} reports an CLOSED replica.
2019-10-25 05:12:25,711 [BlockDeletingService#2] WARN  background.BlockDeletingService (BlockDeletingService.java:isDeletionAllowed(187)) - Close Container log Index 6 is not replicated across allthe servers in the pipeline 51c31d15-6363-40f4-9154-97c719019643 as the min replicated index is 4. Deletion is not allowed in this container yet.
2019-10-25 05:12:25,711 [BlockDeletingService#2] WARN  background.BlockDeletingService (BlockDeletingService.java:isDeletionAllowed(187)) - Close Container log Index 6 is not replicated across allthe servers in the pipeline 51c31d15-6363-40f4-9154-97c719019643 as the min replicated index is 4. Deletion is not allowed in this container yet.
2019-10-25 05:12:25,867 [EventQueue-ContainerReportForContainerReportHandler] WARN  container.ContainerReportHandler (AbstractContainerReportHandler.java:updateContainerState(145)) - Container #1 is in OPEN state, but the datanode 792578c8-58d9-41cb-99fd-534993a904b7{ip: 192.168.157.246, host: pr-hdds-1868-bb2j8-1277741604, networkLocation: /default-rack, certSerialId: null} reports an CLOSED replica.
2019-10-25 05:12:25,891 [EventQueue-ContainerReportForContainerReportHandler] WARN  container.ContainerReportHandler (AbstractContainerReportHandler.java:updateContainerState(145)) - Container #1 is in OPEN state, but the datanode 154b23c8-147d-4903-89d2-8045c7557393{ip: 192.168.157.246, host: pr-hdds-1868-bb2j8-1277741604, networkLocation: /default-rack, certSerialId: null} reports an CLOSED replica.
2019-10-25 05:12:26,168 [EventQueue-ContainerReportForContainerReportHandler] WARN  container.ContainerReportHandler (AbstractContainerReportHandler.java:updateContainerState(145)) - Container #1 is in OPEN state, but the datanode 792578c8-58d9-41cb-99fd-534993a904b7{ip: 192.168.157.246, host: pr-hdds-1868-bb2j8-1277741604, networkLocation: /default-rack, certSerialId: null} reports an CLOSED replica.
2019-10-25 05:12:26,191 [EventQueue-ContainerReportForContainerReportHandler] WARN  container.ContainerReportHandler (AbstractContainerReportHandler.java:updateContainerState(145)) - Container #1 is in OPEN state, but the datanode 154b23c8-147d-4903-89d2-8045c7557393{ip: 192.168.157.246, host: pr-hdds-1868-bb2j8-1277741604, networkLocation: /default-rack, certSerialId: null} reports an CLOSED replica.
2019-10-25 05:12:26,468 [EventQueue-ContainerReportForContainerReportHandler] WARN  container.ContainerReportHandler (AbstractContainerReportHandler.java:updateContainerState(145)) - Container #1 is in OPEN state, but the datanode 792578c8-58d9-41cb-99fd-534993a904b7{ip: 192.168.157.246, host: pr-hdds-1868-bb2j8-1277741604, networkLocation: /default-rack, certSerialId: null} reports an CLOSED replica.
2019-10-25 05:12:26,491 [EventQueue-ContainerReportForContainerReportHandler] WARN  container.ContainerReportHandler (AbstractContainerReportHandler.java:updateContainerState(145)) - Container #1 is in OPEN state, but the datanode 154b23c8-147d-4903-89d2-8045c7557393{ip: 192.168.157.246, host: pr-hdds-1868-bb2j8-1277741604, networkLocation: /default-rack, certSerialId: null} reports an CLOSED replica.
2019-10-25 05:12:26,691 [EventQueue-ContainerReportForContainerReportHandler] WARN  container.ContainerReportHandler (AbstractContainerReportHandler.java:updateContainerState(145)) - Container #1 is in OPEN state, but the datanode 154b23c8-147d-4903-89d2-8045c7557393{ip: 192.168.157.246, host: pr-hdds-1868-bb2j8-1277741604, networkLocation: /default-rack, certSerialId: null} reports an CLOSED replica.
2019-10-25 05:12:26,691 [java.util.concurrent.ThreadPoolExecutor$Worker@488e248e[State = -1, empty queue]] WARN  server.GrpcLogAppender (GrpcLogAppender.java:timeoutAppendRequest(209)) - 792578c8-58d9-41cb-99fd-534993a904b7@group-97C719019643->632d1f61-1fb0-4a9b-a27f-4f3ee937db0d-GrpcLogAppender: appendEntries Timeout, request=792578c8-58d9-41cb-99fd-534993a904b7->632d1f61-1fb0-4a9b-a27f-4f3ee937db0d#42-t1, previous=(t:1, i:10), leaderCommit=10, initializing? false, entries: <empty>
2019-10-25 05:12:26,713 [BlockDeletingService#2] WARN  background.BlockDeletingService (BlockDeletingService.java:isDeletionAllowed(187)) - Close Container log Index 6 is not replicated across allthe servers in the pipeline 51c31d15-6363-40f4-9154-97c719019643 as the min replicated index is 4. Deletion is not allowed in this container yet.
2019-10-25 05:12:26,713 [BlockDeletingService#2] WARN  background.BlockDeletingService (BlockDeletingService.java:isDeletionAllowed(187)) - Close Container log Index 6 is not replicated across allthe servers in the pipeline 51c31d15-6363-40f4-9154-97c719019643 as the min replicated index is 4. Deletion is not allowed in this container yet.
2019-10-25 05:12:26,869 [EventQueue-ContainerReportForContainerReportHandler] WARN  container.ContainerReportHandler (AbstractContainerReportHandler.java:updateContainerState(145)) - Container #1 is in OPEN state, but the datanode 792578c8-58d9-41cb-99fd-534993a904b7{ip: 192.168.157.246, host: pr-hdds-1868-bb2j8-1277741604, networkLocation: /default-rack, certSerialId: null} reports an CLOSED replica.
2019-10-25 05:12:26,992 [EventQueue-ContainerReportForContainerReportHandler] WARN  container.ContainerReportHandler (AbstractContainerReportHandler.java:updateContainerState(145)) - Container #1 is in OPEN state, but the datanode 154b23c8-147d-4903-89d2-8045c7557393{ip: 192.168.157.246, host: pr-hdds-1868-bb2j8-1277741604, networkLocation: /default-rack, certSerialId: null} reports an CLOSED replica.
2019-10-25 05:12:27,169 [EventQueue-ContainerReportForContainerReportHandler] WARN  container.ContainerReportHandler (AbstractContainerReportHandler.java:updateContainerState(145)) - Container #1 is in OPEN state, but the datanode 792578c8-58d9-41cb-99fd-534993a904b7{ip: 192.168.157.246, host: pr-hdds-1868-bb2j8-1277741604, networkLocation: /default-rack, certSerialId: null} reports an CLOSED replica.
2019-10-25 05:12:27,393 [EventQueue-ContainerReportForContainerReportHandler] WARN  container.ContainerReportHandler (AbstractContainerReportHandler.java:updateContainerState(145)) - Container #1 is in OPEN state, but the datanode 154b23c8-147d-4903-89d2-8045c7557393{ip: 192.168.157.246, host: pr-hdds-1868-bb2j8-1277741604, networkLocation: /default-rack, certSerialId: null} reports an CLOSED replica.
2019-10-25 05:12:27,570 [EventQueue-ContainerReportForContainerReportHandler] WARN  container.ContainerReportHandler (AbstractContainerReportHandler.java:updateContainerState(145)) - Container #1 is in OPEN state, but the datanode 792578c8-58d9-41cb-99fd-534993a904b7{ip: 192.168.157.246, host: pr-hdds-1868-bb2j8-1277741604, networkLocation: /default-rack, certSerialId: null} reports an CLOSED replica.
2019-10-25 05:12:27,695 [EventQueue-ContainerReportForContainerReportHandler] WARN  container.ContainerReportHandler (AbstractContainerReportHandler.java:updateContainerState(145)) - Container #1 is in OPEN state, but the datanode 154b23c8-147d-4903-89d2-8045c7557393{ip: 192.168.157.246, host: pr-hdds-1868-bb2j8-1277741604, networkLocation: /default-rack, certSerialId: null} reports an CLOSED replica.
2019-10-25 05:12:27,716 [BlockDeletingService#2] WARN  background.BlockDeletingService (BlockDeletingService.java:isDeletionAllowed(187)) - Close Container log Index 6 is not replicated across allthe servers in the pipeline 51c31d15-6363-40f4-9154-97c719019643 as the min replicated index is 4. Deletion is not allowed in this container yet.
2019-10-25 05:12:27,716 [BlockDeletingService#2] WARN  background.BlockDeletingService (BlockDeletingService.java:isDeletionAllowed(187)) - Close Container log Index 6 is not replicated across allthe servers in the pipeline 51c31d15-6363-40f4-9154-97c719019643 as the min replicated index is 4. Deletion is not allowed in this container yet.
2019-10-25 05:12:27,769 [EventQueue-ContainerReportForContainerReportHandler] WARN  container.ContainerReportHandler (AbstractContainerReportHandler.java:updateContainerState(145)) - Container #1 is in OPEN state, but the datanode 792578c8-58d9-41cb-99fd-534993a904b7{ip: 192.168.157.246, host: pr-hdds-1868-bb2j8-1277741604, networkLocation: /default-rack, certSerialId: null} reports an CLOSED replica.
2019-10-25 05:12:28,070 [EventQueue-ContainerReportForContainerReportHandler] WARN  container.ContainerReportHandler (AbstractContainerReportHandler.java:updateContainerState(145)) - Container #1 is in OPEN state, but the datanode 792578c8-58d9-41cb-99fd-534993a904b7{ip: 192.168.157.246, host: pr-hdds-1868-bb2j8-1277741604, networkLocation: /default-rack, certSerialId: null} reports an CLOSED replica.
2019-10-25 05:12:28,096 [EventQueue-ContainerReportForContainerReportHandler] WARN  container.ContainerReportHandler (AbstractContainerReportHandler.java:updateContainerState(145)) - Container #1 is in OPEN state, but the datanode 154b23c8-147d-4903-89d2-8045c7557393{ip: 192.168.157.246, host: pr-hdds-1868-bb2j8-1277741604, networkLocation: /default-rack, certSerialId: null} reports an CLOSED replica.
2019-10-25 05:12:28,297 [EventQueue-ContainerReportForContainerReportHandler] WARN  container.ContainerReportHandler (AbstractContainerReportHandler.java:updateContainerState(145)) - Container #1 is in OPEN state, but the datanode 154b23c8-147d-4903-89d2-8045c7557393{ip: 192.168.157.246, host: pr-hdds-1868-bb2j8-1277741604, networkLocation: /default-rack, certSerialId: null} reports an CLOSED replica.
2019-10-25 05:12:28,370 [EventQueue-ContainerReportForContainerReportHandler] WARN  container.ContainerReportHandler (AbstractContainerReportHandler.java:updateContainerState(145)) - Container #1 is in OPEN state, but the datanode 792578c8-58d9-41cb-99fd-534993a904b7{ip: 192.168.157.246, host: pr-hdds-1868-bb2j8-1277741604, networkLocation: /default-rack, certSerialId: null} reports an CLOSED replica.
2019-10-25 05:12:28,670 [EventQueue-ContainerReportForContainerReportHandler] WARN  container.ContainerReportHandler (AbstractContainerReportHandler.java:updateContainerState(145)) - Container #1 is in OPEN state, but the datanode 792578c8-58d9-41cb-99fd-534993a904b7{ip: 192.168.157.246, host: pr-hdds-1868-bb2j8-1277741604, networkLocation: /default-rack, certSerialId: null} reports an CLOSED replica.
2019-10-25 05:12:28,698 [EventQueue-ContainerReportForContainerReportHandler] WARN  container.ContainerReportHandler (AbstractContainerReportHandler.java:updateContainerState(145)) - Container #1 is in OPEN state, but the datanode 154b23c8-147d-4903-89d2-8045c7557393{ip: 192.168.157.246, host: pr-hdds-1868-bb2j8-1277741604, networkLocation: /default-rack, certSerialId: null} reports an CLOSED replica.
2019-10-25 05:12:28,718 [BlockDeletingService#2] WARN  background.BlockDeletingService (BlockDeletingService.java:isDeletionAllowed(187)) - Close Container log Index 6 is not replicated across allthe servers in the pipeline 51c31d15-6363-40f4-9154-97c719019643 as the min replicated index is 4. Deletion is not allowed in this container yet.
2019-10-25 05:12:28,718 [BlockDeletingService#2] WARN  background.BlockDeletingService (BlockDeletingService.java:isDeletionAllowed(187)) - Close Container log Index 6 is not replicated across allthe servers in the pipeline 51c31d15-6363-40f4-9154-97c719019643 as the min replicated index is 4. Deletion is not allowed in this container yet.
2019-10-25 05:12:28,969 [EventQueue-ContainerReportForContainerReportHandler] WARN  container.ContainerReportHandler (AbstractContainerReportHandler.java:updateContainerState(145)) - Container #1 is in OPEN state, but the datanode 792578c8-58d9-41cb-99fd-534993a904b7{ip: 192.168.157.246, host: pr-hdds-1868-bb2j8-1277741604, networkLocation: /default-rack, certSerialId: null} reports an CLOSED replica.
2019-10-25 05:12:28,998 [EventQueue-ContainerReportForContainerReportHandler] WARN  container.ContainerReportHandler (AbstractContainerReportHandler.java:updateContainerState(145)) - Container #1 is in OPEN state, but the datanode 154b23c8-147d-4903-89d2-8045c7557393{ip: 192.168.157.246, host: pr-hdds-1868-bb2j8-1277741604, networkLocation: /default-rack, certSerialId: null} reports an CLOSED replica.
2019-10-25 05:12:29,170 [EventQueue-ContainerReportForContainerReportHandler] WARN  container.ContainerReportHandler (AbstractContainerReportHandler.java:updateContainerState(145)) - Container #1 is in OPEN state, but the datanode 792578c8-58d9-41cb-99fd-534993a904b7{ip: 192.168.157.246, host: pr-hdds-1868-bb2j8-1277741604, networkLocation: /default-rack, certSerialId: null} reports an CLOSED replica.
2019-10-25 05:12:29,192 [java.util.concurrent.ThreadPoolExecutor$Worker@488e248e[State = -1, empty queue]] WARN  server.GrpcLogAppender (GrpcLogAppender.java:timeoutAppendRequest(209)) - 792578c8-58d9-41cb-99fd-534993a904b7@group-97C719019643->632d1f61-1fb0-4a9b-a27f-4f3ee937db0d-GrpcLogAppender: appendEntries Timeout, request=792578c8-58d9-41cb-99fd-534993a904b7->632d1f61-1fb0-4a9b-a27f-4f3ee937db0d#43-t1, previous=(t:1, i:10), leaderCommit=10, initializing? false, entries: <empty>
2019-10-25 05:12:29,297 [EventQueue-ContainerReportForContainerReportHandler] WARN  container.ContainerReportHandler (AbstractContainerReportHandler.java:updateContainerState(145)) - Container #1 is in OPEN state, but the datanode 154b23c8-147d-4903-89d2-8045c7557393{ip: 192.168.157.246, host: pr-hdds-1868-bb2j8-1277741604, networkLocation: /default-rack, certSerialId: null} reports an CLOSED replica.
2019-10-25 05:12:29,303 [Thread-480] INFO  client.GrpcClientProtocolService (GrpcClientProtocolService.java:lambda$processClientRequest$0(279)) - Failed RaftClientRequest:client-E384FFB178A4->154b23c8-147d-4903-89d2-8045c7557393@group-97C719019643, cid=22, seq=0, Watch-ALL_COMMITTED(6), Message:<EMPTY>, reply=RaftClientReply:client-E384FFB178A4->154b23c8-147d-4903-89d2-8045c7557393@group-97C719019643, cid=22, FAILED org.apache.ratis.protocol.NotLeaderException: Server 154b23c8-147d-4903-89d2-8045c7557393@group-97C719019643 is not the leader 792578c8-58d9-41cb-99fd-534993a904b7:192.168.157.246:34810, logIndex=0, commits[154b23c8-147d-4903-89d2-8045c7557393:c10, 632d1f61-1fb0-4a9b-a27f-4f3ee937db0d:c4, 792578c8-58d9-41cb-99fd-534993a904b7:c10]
2019-10-25 05:12:29,469 [EventQueue-ContainerReportForContainerReportHandler] WARN  container.ContainerReportHandler (AbstractContainerReportHandler.java:updateContainerState(145)) - Container #1 is in OPEN state, but the datanode 792578c8-58d9-41cb-99fd-534993a904b7{ip: 192.168.157.246, host: pr-hdds-1868-bb2j8-1277741604, networkLocation: /default-rack, certSerialId: null} reports an CLOSED replica.
2019-10-25 05:12:29,497 [EventQueue-ContainerReportForContainerReportHandler] WARN  container.ContainerReportHandler (AbstractContainerReportHandler.java:updateContainerState(145)) - Container #1 is in OPEN state, but the datanode 154b23c8-147d-4903-89d2-8045c7557393{ip: 192.168.157.246, host: pr-hdds-1868-bb2j8-1277741604, networkLocation: /default-rack, certSerialId: null} reports an CLOSED replica.
2019-10-25 05:12:29,584 [Thread-483] INFO  client.GrpcClientProtocolService (GrpcClientProtocolService.java:lambda$processClientRequest$0(279)) - Failed RaftClientRequest:client-E384FFB178A4->792578c8-58d9-41cb-99fd-534993a904b7@group-97C719019643, cid=22, seq=0, Watch-ALL_COMMITTED(6), Message:<EMPTY>, reply=RaftClientReply:client-E384FFB178A4->792578c8-58d9-41cb-99fd-534993a904b7@group-97C719019643, cid=22, FAILED org.apache.ratis.protocol.NotReplicatedException: Request with call Id 22 and log index 6 is not yet replicated to ALL_COMMITTED, logIndex=6, commits[792578c8-58d9-41cb-99fd-534993a904b7:c10, 632d1f61-1fb0-4a9b-a27f-4f3ee937db0d:c4, 154b23c8-147d-4903-89d2-8045c7557393:c10]
2019-10-25 05:12:29,720 [BlockDeletingService#2] WARN  background.BlockDeletingService (BlockDeletingService.java:isDeletionAllowed(187)) - Close Container log Index 6 is not replicated across allthe servers in the pipeline 51c31d15-6363-40f4-9154-97c719019643 as the min replicated index is 4. Deletion is not allowed in this container yet.
2019-10-25 05:12:29,720 [BlockDeletingService#2] WARN  background.BlockDeletingService (BlockDeletingService.java:isDeletionAllowed(187)) - Close Container log Index 6 is not replicated across allthe servers in the pipeline 51c31d15-6363-40f4-9154-97c719019643 as the min replicated index is 4. Deletion is not allowed in this container yet.
2019-10-25 05:12:29,770 [EventQueue-ContainerReportForContainerReportHandler] WARN  container.ContainerReportHandler (AbstractContainerReportHandler.java:updateContainerState(145)) - Container #1 is in OPEN state, but the datanode 792578c8-58d9-41cb-99fd-534993a904b7{ip: 192.168.157.246, host: pr-hdds-1868-bb2j8-1277741604, networkLocation: /default-rack, certSerialId: null} reports an CLOSED replica.
2019-10-25 05:12:29,798 [EventQueue-ContainerReportForContainerReportHandler] WARN  container.ContainerReportHandler (AbstractContainerReportHandler.java:updateContainerState(145)) - Container #1 is in OPEN state, but the datanode 154b23c8-147d-4903-89d2-8045c7557393{ip: 192.168.157.246, host: pr-hdds-1868-bb2j8-1277741604, networkLocation: /default-rack, certSerialId: null} reports an CLOSED replica.
2019-10-25 05:12:29,970 [EventQueue-ContainerReportForContainerReportHandler] WARN  container.ContainerReportHandler (AbstractContainerReportHandler.java:updateContainerState(145)) - Container #1 is in OPEN state, but the datanode 792578c8-58d9-41cb-99fd-534993a904b7{ip: 192.168.157.246, host: pr-hdds-1868-bb2j8-1277741604, networkLocation: /default-rack, certSerialId: null} reports an CLOSED replica.
2019-10-25 05:12:30,098 [EventQueue-ContainerReportForContainerReportHandler] WARN  container.ContainerReportHandler (AbstractContainerReportHandler.java:updateContainerState(145)) - Container #1 is in OPEN state, but the datanode 154b23c8-147d-4903-89d2-8045c7557393{ip: 192.168.157.246, host: pr-hdds-1868-bb2j8-1277741604, networkLocation: /default-rack, certSerialId: null} reports an CLOSED replica.
2019-10-25 05:12:30,271 [EventQueue-ContainerReportForContainerReportHandler] WARN  container.ContainerReportHandler (AbstractContainerReportHandler.java:updateContainerState(145)) - Container #1 is in OPEN state, but the datanode 792578c8-58d9-41cb-99fd-534993a904b7{ip: 192.168.157.246, host: pr-hdds-1868-bb2j8-1277741604, networkLocation: /default-rack, certSerialId: null} reports an CLOSED replica.
2019-10-25 05:12:30,398 [EventQueue-ContainerReportForContainerReportHandler] WARN  container.ContainerReportHandler (AbstractContainerReportHandler.java:updateContainerState(145)) - Container #1 is in OPEN state, but the datanode 154b23c8-147d-4903-89d2-8045c7557393{ip: 192.168.157.246, host: pr-hdds-1868-bb2j8-1277741604, networkLocation: /default-rack, certSerialId: null} reports an CLOSED replica.
2019-10-25 05:12:30,572 [EventQueue-ContainerReportForContainerReportHandler] WARN  container.ContainerReportHandler (AbstractContainerReportHandler.java:updateContainerState(145)) - Container #1 is in OPEN state, but the datanode 792578c8-58d9-41cb-99fd-534993a904b7{ip: 192.168.157.246, host: pr-hdds-1868-bb2j8-1277741604, networkLocation: /default-rack, certSerialId: null} reports an CLOSED replica.
2019-10-25 05:12:30,699 [EventQueue-ContainerReportForContainerReportHandler] WARN  container.ContainerReportHandler (AbstractContainerReportHandler.java:updateContainerState(145)) - Container #1 is in OPEN state, but the datanode 154b23c8-147d-4903-89d2-8045c7557393{ip: 192.168.157.246, host: pr-hdds-1868-bb2j8-1277741604, networkLocation: /default-rack, certSerialId: null} reports an CLOSED replica.
2019-10-25 05:12:30,722 [BlockDeletingService#2] WARN  background.BlockDeletingService (BlockDeletingService.java:isDeletionAllowed(187)) - Close Container log Index 6 is not replicated across allthe servers in the pipeline 51c31d15-6363-40f4-9154-97c719019643 as the min replicated index is 4. Deletion is not allowed in this container yet.
2019-10-25 05:12:30,723 [BlockDeletingService#2] WARN  background.BlockDeletingService (BlockDeletingService.java:isDeletionAllowed(187)) - Close Container log Index 6 is not replicated across allthe servers in the pipeline 51c31d15-6363-40f4-9154-97c719019643 as the min replicated index is 4. Deletion is not allowed in this container yet.
2019-10-25 05:12:30,771 [EventQueue-ContainerReportForContainerReportHandler] WARN  container.ContainerReportHandler (AbstractContainerReportHandler.java:updateContainerState(145)) - Container #1 is in OPEN state, but the datanode 792578c8-58d9-41cb-99fd-534993a904b7{ip: 192.168.157.246, host: pr-hdds-1868-bb2j8-1277741604, networkLocation: /default-rack, certSerialId: null} reports an CLOSED replica.
2019-10-25 05:12:30,999 [EventQueue-ContainerReportForContainerReportHandler] WARN  container.ContainerReportHandler (AbstractContainerReportHandler.java:updateContainerState(145)) - Container #1 is in OPEN state, but the datanode 154b23c8-147d-4903-89d2-8045c7557393{ip: 192.168.157.246, host: pr-hdds-1868-bb2j8-1277741604, networkLocation: /default-rack, certSerialId: null} reports an CLOSED replica.
2019-10-25 05:12:31,072 [EventQueue-ContainerReportForContainerReportHandler] WARN  container.ContainerReportHandler (AbstractContainerReportHandler.java:updateContainerState(145)) - Container #1 is in OPEN state, but the datanode 792578c8-58d9-41cb-99fd-534993a904b7{ip: 192.168.157.246, host: pr-hdds-1868-bb2j8-1277741604, networkLocation: /default-rack, certSerialId: null} reports an CLOSED replica.
2019-10-25 05:12:31,299 [EventQueue-ContainerReportForContainerReportHandler] WARN  container.ContainerReportHandler (AbstractContainerReportHandler.java:updateContainerState(145)) - Container #1 is in OPEN state, but the datanode 154b23c8-147d-4903-89d2-8045c7557393{ip: 192.168.157.246, host: pr-hdds-1868-bb2j8-1277741604, networkLocation: /default-rack, certSerialId: null} reports an CLOSED replica.
2019-10-25 05:12:31,372 [EventQueue-ContainerReportForContainerReportHandler] WARN  container.ContainerReportHandler (AbstractContainerReportHandler.java:updateContainerState(145)) - Container #1 is in OPEN state, but the datanode 792578c8-58d9-41cb-99fd-534993a904b7{ip: 192.168.157.246, host: pr-hdds-1868-bb2j8-1277741604, networkLocation: /default-rack, certSerialId: null} reports an CLOSED replica.
2019-10-25 05:12:31,499 [EventQueue-ContainerReportForContainerReportHandler] WARN  container.ContainerReportHandler (AbstractContainerReportHandler.java:updateContainerState(145)) - Container #1 is in OPEN state, but the datanode 154b23c8-147d-4903-89d2-8045c7557393{ip: 192.168.157.246, host: pr-hdds-1868-bb2j8-1277741604, networkLocation: /default-rack, certSerialId: null} reports an CLOSED replica.
2019-10-25 05:12:31,572 [EventQueue-ContainerReportForContainerReportHandler] WARN  container.ContainerReportHandler (AbstractContainerReportHandler.java:updateContainerState(145)) - Container #1 is in OPEN state, but the datanode 792578c8-58d9-41cb-99fd-534993a904b7{ip: 192.168.157.246, host: pr-hdds-1868-bb2j8-1277741604, networkLocation: /default-rack, certSerialId: null} reports an CLOSED replica.
2019-10-25 05:12:31,694 [java.util.concurrent.ThreadPoolExecutor$Worker@488e248e[State = -1, empty queue]] WARN  server.GrpcLogAppender (GrpcLogAppender.java:timeoutAppendRequest(209)) - 792578c8-58d9-41cb-99fd-534993a904b7@group-97C719019643->632d1f61-1fb0-4a9b-a27f-4f3ee937db0d-GrpcLogAppender: appendEntries Timeout, request=792578c8-58d9-41cb-99fd-534993a904b7->632d1f61-1fb0-4a9b-a27f-4f3ee937db0d#44-t1, previous=(t:1, i:10), leaderCommit=10, initializing? false, entries: <empty>
2019-10-25 05:12:31,699 [EventQueue-ContainerReportForContainerReportHandler] WARN  container.ContainerReportHandler (AbstractContainerReportHandler.java:updateContainerState(145)) - Container #1 is in OPEN state, but the datanode 154b23c8-147d-4903-89d2-8045c7557393{ip: 192.168.157.246, host: pr-hdds-1868-bb2j8-1277741604, networkLocation: /default-rack, certSerialId: null} reports an CLOSED replica.
2019-10-25 05:12:31,724 [BlockDeletingService#2] WARN  background.BlockDeletingService (BlockDeletingService.java:isDeletionAllowed(187)) - Close Container log Index 6 is not replicated across allthe servers in the pipeline 51c31d15-6363-40f4-9154-97c719019643 as the min replicated index is 4. Deletion is not allowed in this container yet.
2019-10-25 05:12:31,724 [BlockDeletingService#2] WARN  background.BlockDeletingService (BlockDeletingService.java:isDeletionAllowed(187)) - Close Container log Index 6 is not replicated across allthe servers in the pipeline 51c31d15-6363-40f4-9154-97c719019643 as the min replicated index is 4. Deletion is not allowed in this container yet.
2019-10-25 05:12:31,972 [EventQueue-ContainerReportForContainerReportHandler] WARN  container.ContainerReportHandler (AbstractContainerReportHandler.java:updateContainerState(145)) - Container #1 is in OPEN state, but the datanode 792578c8-58d9-41cb-99fd-534993a904b7{ip: 192.168.157.246, host: pr-hdds-1868-bb2j8-1277741604, networkLocation: /default-rack, certSerialId: null} reports an CLOSED replica.
2019-10-25 05:12:32,101 [EventQueue-ContainerReportForContainerReportHandler] WARN  container.ContainerReportHandler (AbstractContainerReportHandler.java:updateContainerState(145)) - Container #1 is in OPEN state, but the datanode 154b23c8-147d-4903-89d2-8045c7557393{ip: 192.168.157.246, host: pr-hdds-1868-bb2j8-1277741604, networkLocation: /default-rack, certSerialId: null} reports an CLOSED replica.
2019-10-25 05:12:32,272 [EventQueue-ContainerReportForContainerReportHandler] WARN  container.ContainerReportHandler (AbstractContainerReportHandler.java:updateContainerState(145)) - Container #1 is in OPEN state, but the datanode 792578c8-58d9-41cb-99fd-534993a904b7{ip: 192.168.157.246, host: pr-hdds-1868-bb2j8-1277741604, networkLocation: /default-rack, certSerialId: null} reports an CLOSED replica.
2019-10-25 05:12:32,402 [EventQueue-ContainerReportForContainerReportHandler] WARN  container.ContainerReportHandler (AbstractContainerReportHandler.java:updateContainerState(145)) - Container #1 is in OPEN state, but the datanode 154b23c8-147d-4903-89d2-8045c7557393{ip: 192.168.157.246, host: pr-hdds-1868-bb2j8-1277741604, networkLocation: /default-rack, certSerialId: null} reports an CLOSED replica.
2019-10-25 05:12:32,473 [EventQueue-ContainerReportForContainerReportHandler] WARN  container.ContainerReportHandler (AbstractContainerReportHandler.java:updateContainerState(145)) - Container #1 is in OPEN state, but the datanode 792578c8-58d9-41cb-99fd-534993a904b7{ip: 192.168.157.246, host: pr-hdds-1868-bb2j8-1277741604, networkLocation: /default-rack, certSerialId: null} reports an CLOSED replica.
2019-10-25 05:12:32,603 [EventQueue-ContainerReportForContainerReportHandler] WARN  container.ContainerReportHandler (AbstractContainerReportHandler.java:updateContainerState(145)) - Container #1 is in OPEN state, but the datanode 154b23c8-147d-4903-89d2-8045c7557393{ip: 192.168.157.246, host: pr-hdds-1868-bb2j8-1277741604, networkLocation: /default-rack, certSerialId: null} reports an CLOSED replica.
2019-10-25 05:12:32,726 [BlockDeletingService#2] WARN  background.BlockDeletingService (BlockDeletingService.java:isDeletionAllowed(187)) - Close Container log Index 6 is not replicated across allthe servers in the pipeline 51c31d15-6363-40f4-9154-97c719019643 as the min replicated index is 4. Deletion is not allowed in this container yet.
2019-10-25 05:12:32,726 [BlockDeletingService#2] WARN  background.BlockDeletingService (BlockDeletingService.java:isDeletionAllowed(187)) - Close Container log Index 6 is not replicated across allthe servers in the pipeline 51c31d15-6363-40f4-9154-97c719019643 as the min replicated index is 4. Deletion is not allowed in this container yet.
2019-10-25 05:12:32,773 [EventQueue-ContainerReportForContainerReportHandler] WARN  container.ContainerReportHandler (AbstractContainerReportHandler.java:updateContainerState(145)) - Container #1 is in OPEN state, but the datanode 792578c8-58d9-41cb-99fd-534993a904b7{ip: 192.168.157.246, host: pr-hdds-1868-bb2j8-1277741604, networkLocation: /default-rack, certSerialId: null} reports an CLOSED replica.
2019-10-25 05:12:33,003 [EventQueue-ContainerReportForContainerReportHandler] WARN  container.ContainerReportHandler (AbstractContainerReportHandler.java:updateContainerState(145)) - Container #1 is in OPEN state, but the datanode 154b23c8-147d-4903-89d2-8045c7557393{ip: 192.168.157.246, host: pr-hdds-1868-bb2j8-1277741604, networkLocation: /default-rack, certSerialId: null} reports an CLOSED replica.
2019-10-25 05:12:33,174 [EventQueue-ContainerReportForContainerReportHandler] WARN  container.ContainerReportHandler (AbstractContainerReportHandler.java:updateContainerState(145)) - Container #1 is in OPEN state, but the datanode 792578c8-58d9-41cb-99fd-534993a904b7{ip: 192.168.157.246, host: pr-hdds-1868-bb2j8-1277741604, networkLocation: /default-rack, certSerialId: null} reports an CLOSED replica.
2019-10-25 05:12:33,303 [EventQueue-ContainerReportForContainerReportHandler] WARN  container.ContainerReportHandler (AbstractContainerReportHandler.java:updateContainerState(145)) - Container #1 is in OPEN state, but the datanode 154b23c8-147d-4903-89d2-8045c7557393{ip: 192.168.157.246, host: pr-hdds-1868-bb2j8-1277741604, networkLocation: /default-rack, certSerialId: null} reports an CLOSED replica.
2019-10-25 05:12:33,474 [EventQueue-ContainerReportForContainerReportHandler] WARN  container.ContainerReportHandler (AbstractContainerReportHandler.java:updateContainerState(145)) - Container #1 is in OPEN state, but the datanode 792578c8-58d9-41cb-99fd-534993a904b7{ip: 192.168.157.246, host: pr-hdds-1868-bb2j8-1277741604, networkLocation: /default-rack, certSerialId: null} reports an CLOSED replica.
2019-10-25 05:12:33,503 [EventQueue-ContainerReportForContainerReportHandler] WARN  container.ContainerReportHandler (AbstractContainerReportHandler.java:updateContainerState(145)) - Container #1 is in OPEN state, but the datanode 154b23c8-147d-4903-89d2-8045c7557393{ip: 192.168.157.246, host: pr-hdds-1868-bb2j8-1277741604, networkLocation: /default-rack, certSerialId: null} reports an CLOSED replica.
2019-10-25 05:12:33,727 [BlockDeletingService#2] WARN  background.BlockDeletingService (BlockDeletingService.java:isDeletionAllowed(187)) - Close Container log Index 6 is not replicated across allthe servers in the pipeline 51c31d15-6363-40f4-9154-97c719019643 as the min replicated index is 4. Deletion is not allowed in this container yet.
2019-10-25 05:12:33,727 [BlockDeletingService#2] WARN  background.BlockDeletingService (BlockDeletingService.java:isDeletionAllowed(187)) - Close Container log Index 6 is not replicated across allthe servers in the pipeline 51c31d15-6363-40f4-9154-97c719019643 as the min replicated index is 4. Deletion is not allowed in this container yet.
2019-10-25 05:12:33,803 [EventQueue-ContainerReportForContainerReportHandler] WARN  container.ContainerReportHandler (AbstractContainerReportHandler.java:updateContainerState(145)) - Container #1 is in OPEN state, but the datanode 154b23c8-147d-4903-89d2-8045c7557393{ip: 192.168.157.246, host: pr-hdds-1868-bb2j8-1277741604, networkLocation: /default-rack, certSerialId: null} reports an CLOSED replica.
2019-10-25 05:12:33,875 [EventQueue-ContainerReportForContainerReportHandler] WARN  container.ContainerReportHandler (AbstractContainerReportHandler.java:updateContainerState(145)) - Container #1 is in OPEN state, but the datanode 792578c8-58d9-41cb-99fd-534993a904b7{ip: 192.168.157.246, host: pr-hdds-1868-bb2j8-1277741604, networkLocation: /default-rack, certSerialId: null} reports an CLOSED replica.
2019-10-25 05:12:34,003 [EventQueue-ContainerReportForContainerReportHandler] WARN  container.ContainerReportHandler (AbstractContainerReportHandler.java:updateContainerState(145)) - Container #1 is in OPEN state, but the datanode 154b23c8-147d-4903-89d2-8045c7557393{ip: 192.168.157.246, host: pr-hdds-1868-bb2j8-1277741604, networkLocation: /default-rack, certSerialId: null} reports an CLOSED replica.
2019-10-25 05:12:34,195 [java.util.concurrent.ThreadPoolExecutor$Worker@488e248e[State = -1, empty queue]] WARN  server.GrpcLogAppender (GrpcLogAppender.java:timeoutAppendRequest(209)) - 792578c8-58d9-41cb-99fd-534993a904b7@group-97C719019643->632d1f61-1fb0-4a9b-a27f-4f3ee937db0d-GrpcLogAppender: appendEntries Timeout, request=792578c8-58d9-41cb-99fd-534993a904b7->632d1f61-1fb0-4a9b-a27f-4f3ee937db0d#45-t1, previous=(t:1, i:10), leaderCommit=10, initializing? false, entries: <empty>
2019-10-25 05:12:34,274 [EventQueue-ContainerReportForContainerReportHandler] WARN  container.ContainerReportHandler (AbstractContainerReportHandler.java:updateContainerState(145)) - Container #1 is in OPEN state, but the datanode 792578c8-58d9-41cb-99fd-534993a904b7{ip: 192.168.157.246, host: pr-hdds-1868-bb2j8-1277741604, networkLocation: /default-rack, certSerialId: null} reports an CLOSED replica.
2019-10-25 05:12:34,303 [EventQueue-ContainerReportForContainerReportHandler] WARN  container.ContainerReportHandler (AbstractContainerReportHandler.java:updateContainerState(145)) - Container #1 is in OPEN state, but the datanode 154b23c8-147d-4903-89d2-8045c7557393{ip: 192.168.157.246, host: pr-hdds-1868-bb2j8-1277741604, networkLocation: /default-rack, certSerialId: null} reports an CLOSED replica.
2019-10-25 05:12:34,475 [EventQueue-ContainerReportForContainerReportHandler] WARN  container.ContainerReportHandler (AbstractContainerReportHandler.java:updateContainerState(145)) - Container #1 is in OPEN state, but the datanode 792578c8-58d9-41cb-99fd-534993a904b7{ip: 192.168.157.246, host: pr-hdds-1868-bb2j8-1277741604, networkLocation: /default-rack, certSerialId: null} reports an CLOSED replica.
2019-10-25 05:12:34,675 [EventQueue-ContainerReportForContainerReportHandler] WARN  container.ContainerReportHandler (AbstractContainerReportHandler.java:updateContainerState(145)) - Container #1 is in OPEN state, but the datanode 792578c8-58d9-41cb-99fd-534993a904b7{ip: 192.168.157.246, host: pr-hdds-1868-bb2j8-1277741604, networkLocation: /default-rack, certSerialId: null} reports an CLOSED replica.
2019-10-25 05:12:34,704 [EventQueue-ContainerReportForContainerReportHandler] WARN  container.ContainerReportHandler (AbstractContainerReportHandler.java:updateContainerState(145)) - Container #1 is in OPEN state, but the datanode 154b23c8-147d-4903-89d2-8045c7557393{ip: 192.168.157.246, host: pr-hdds-1868-bb2j8-1277741604, networkLocation: /default-rack, certSerialId: null} reports an CLOSED replica.
2019-10-25 05:12:34,729 [BlockDeletingService#2] WARN  background.BlockDeletingService (BlockDeletingService.java:isDeletionAllowed(187)) - Close Container log Index 6 is not replicated across allthe servers in the pipeline 51c31d15-6363-40f4-9154-97c719019643 as the min replicated index is 4. Deletion is not allowed in this container yet.
2019-10-25 05:12:34,729 [BlockDeletingService#2] WARN  background.BlockDeletingService (BlockDeletingService.java:isDeletionAllowed(187)) - Close Container log Index 6 is not replicated across allthe servers in the pipeline 51c31d15-6363-40f4-9154-97c719019643 as the min replicated index is 4. Deletion is not allowed in this container yet.
2019-10-25 05:12:34,976 [EventQueue-ContainerReportForContainerReportHandler] WARN  container.ContainerReportHandler (AbstractContainerReportHandler.java:updateContainerState(145)) - Container #1 is in OPEN state, but the datanode 792578c8-58d9-41cb-99fd-534993a904b7{ip: 192.168.157.246, host: pr-hdds-1868-bb2j8-1277741604, networkLocation: /default-rack, certSerialId: null} reports an CLOSED replica.
2019-10-25 05:12:35,005 [EventQueue-ContainerReportForContainerReportHandler] WARN  container.ContainerReportHandler (AbstractContainerReportHandler.java:updateContainerState(145)) - Container #1 is in OPEN state, but the datanode 154b23c8-147d-4903-89d2-8045c7557393{ip: 192.168.157.246, host: pr-hdds-1868-bb2j8-1277741604, networkLocation: /default-rack, certSerialId: null} reports an CLOSED replica.
2019-10-25 05:12:35,276 [EventQueue-ContainerReportForContainerReportHandler] WARN  container.ContainerReportHandler (AbstractContainerReportHandler.java:updateContainerState(145)) - Container #1 is in OPEN state, but the datanode 792578c8-58d9-41cb-99fd-534993a904b7{ip: 192.168.157.246, host: pr-hdds-1868-bb2j8-1277741604, networkLocation: /default-rack, certSerialId: null} reports an CLOSED replica.
2019-10-25 05:12:35,305 [EventQueue-ContainerReportForContainerReportHandler] WARN  container.ContainerReportHandler (AbstractContainerReportHandler.java:updateContainerState(145)) - Container #1 is in OPEN state, but the datanode 154b23c8-147d-4903-89d2-8045c7557393{ip: 192.168.157.246, host: pr-hdds-1868-bb2j8-1277741604, networkLocation: /default-rack, certSerialId: null} reports an CLOSED replica.
2019-10-25 05:12:35,476 [EventQueue-ContainerReportForContainerReportHandler] WARN  container.ContainerReportHandler (AbstractContainerReportHandler.java:updateContainerState(145)) - Container #1 is in OPEN state, but the datanode 792578c8-58d9-41cb-99fd-534993a904b7{ip: 192.168.157.246, host: pr-hdds-1868-bb2j8-1277741604, networkLocation: /default-rack, certSerialId: null} reports an CLOSED replica.
2019-10-25 05:12:35,506 [EventQueue-ContainerReportForContainerReportHandler] WARN  container.ContainerReportHandler (AbstractContainerReportHandler.java:updateContainerState(145)) - Container #1 is in OPEN state, but the datanode 154b23c8-147d-4903-89d2-8045c7557393{ip: 192.168.157.246, host: pr-hdds-1868-bb2j8-1277741604, networkLocation: /default-rack, certSerialId: null} reports an CLOSED replica.
2019-10-25 05:12:35,677 [EventQueue-ContainerReportForContainerReportHandler] WARN  container.ContainerReportHandler (AbstractContainerReportHandler.java:updateContainerState(145)) - Container #1 is in OPEN state, but the datanode 792578c8-58d9-41cb-99fd-534993a904b7{ip: 192.168.157.246, host: pr-hdds-1868-bb2j8-1277741604, networkLocation: /default-rack, certSerialId: null} reports an CLOSED replica.
2019-10-25 05:12:35,730 [BlockDeletingService#2] WARN  background.BlockDeletingService (BlockDeletingService.java:isDeletionAllowed(187)) - Close Container log Index 6 is not replicated across allthe servers in the pipeline 51c31d15-6363-40f4-9154-97c719019643 as the min replicated index is 4. Deletion is not allowed in this container yet.
2019-10-25 05:12:35,730 [BlockDeletingService#2] WARN  background.BlockDeletingService (BlockDeletingService.java:isDeletionAllowed(187)) - Close Container log Index 6 is not replicated across allthe servers in the pipeline 51c31d15-6363-40f4-9154-97c719019643 as the min replicated index is 4. Deletion is not allowed in this container yet.
2019-10-25 05:12:35,805 [EventQueue-ContainerReportForContainerReportHandler] WARN  container.ContainerReportHandler (AbstractContainerReportHandler.java:updateContainerState(145)) - Container #1 is in OPEN state, but the datanode 154b23c8-147d-4903-89d2-8045c7557393{ip: 192.168.157.246, host: pr-hdds-1868-bb2j8-1277741604, networkLocation: /default-rack, certSerialId: null} reports an CLOSED replica.
2019-10-25 05:12:35,977 [EventQueue-ContainerReportForContainerReportHandler] WARN  container.ContainerReportHandler (AbstractContainerReportHandler.java:updateContainerState(145)) - Container #1 is in OPEN state, but the datanode 792578c8-58d9-41cb-99fd-534993a904b7{ip: 192.168.157.246, host: pr-hdds-1868-bb2j8-1277741604, networkLocation: /default-rack, certSerialId: null} reports an CLOSED replica.
2019-10-25 05:12:36,005 [EventQueue-ContainerReportForContainerReportHandler] WARN  container.ContainerReportHandler (AbstractContainerReportHandler.java:updateContainerState(145)) - Container #1 is in OPEN state, but the datanode 154b23c8-147d-4903-89d2-8045c7557393{ip: 192.168.157.246, host: pr-hdds-1868-bb2j8-1277741604, networkLocation: /default-rack, certSerialId: null} reports an CLOSED replica.
2019-10-25 05:12:36,205 [EventQueue-ContainerReportForContainerReportHandler] WARN  container.ContainerReportHandler (AbstractContainerReportHandler.java:updateContainerState(145)) - Container #1 is in OPEN state, but the datanode 154b23c8-147d-4903-89d2-8045c7557393{ip: 192.168.157.246, host: pr-hdds-1868-bb2j8-1277741604, networkLocation: /default-rack, certSerialId: null} reports an CLOSED replica.
2019-10-25 05:12:36,277 [EventQueue-ContainerReportForContainerReportHandler] WARN  container.ContainerReportHandler (AbstractContainerReportHandler.java:updateContainerState(145)) - Container #1 is in OPEN state, but the datanode 792578c8-58d9-41cb-99fd-534993a904b7{ip: 192.168.157.246, host: pr-hdds-1868-bb2j8-1277741604, networkLocation: /default-rack, certSerialId: null} reports an CLOSED replica.
2019-10-25 05:12:36,506 [EventQueue-ContainerReportForContainerReportHandler] WARN  container.ContainerReportHandler (AbstractContainerReportHandler.java:updateContainerState(145)) - Container #1 is in OPEN state, but the datanode 154b23c8-147d-4903-89d2-8045c7557393{ip: 192.168.157.246, host: pr-hdds-1868-bb2j8-1277741604, networkLocation: /default-rack, certSerialId: null} reports an CLOSED replica.
2019-10-25 05:12:36,677 [EventQueue-ContainerReportForContainerReportHandler] WARN  container.ContainerReportHandler (AbstractContainerReportHandler.java:updateContainerState(145)) - Container #1 is in OPEN state, but the datanode 792578c8-58d9-41cb-99fd-534993a904b7{ip: 192.168.157.246, host: pr-hdds-1868-bb2j8-1277741604, networkLocation: /default-rack, certSerialId: null} reports an CLOSED replica.
2019-10-25 05:12:36,695 [java.util.concurrent.ThreadPoolExecutor$Worker@488e248e[State = -1, empty queue]] WARN  server.GrpcLogAppender (GrpcLogAppender.java:timeoutAppendRequest(209)) - 792578c8-58d9-41cb-99fd-534993a904b7@group-97C719019643->632d1f61-1fb0-4a9b-a27f-4f3ee937db0d-GrpcLogAppender: appendEntries Timeout, request=792578c8-58d9-41cb-99fd-534993a904b7->632d1f61-1fb0-4a9b-a27f-4f3ee937db0d#46-t1, previous=(t:1, i:10), leaderCommit=10, initializing? false, entries: <empty>
2019-10-25 05:12:36,707 [EventQueue-ContainerReportForContainerReportHandler] WARN  container.ContainerReportHandler (AbstractContainerReportHandler.java:updateContainerState(145)) - Container #1 is in OPEN state, but the datanode 154b23c8-147d-4903-89d2-8045c7557393{ip: 192.168.157.246, host: pr-hdds-1868-bb2j8-1277741604, networkLocation: /default-rack, certSerialId: null} reports an CLOSED replica.
2019-10-25 05:12:36,732 [BlockDeletingService#2] WARN  background.BlockDeletingService (BlockDeletingService.java:isDeletionAllowed(187)) - Close Container log Index 6 is not replicated across allthe servers in the pipeline 51c31d15-6363-40f4-9154-97c719019643 as the min replicated index is 4. Deletion is not allowed in this container yet.
2019-10-25 05:12:36,732 [BlockDeletingService#2] WARN  background.BlockDeletingService (BlockDeletingService.java:isDeletionAllowed(187)) - Close Container log Index 6 is not replicated across allthe servers in the pipeline 51c31d15-6363-40f4-9154-97c719019643 as the min replicated index is 4. Deletion is not allowed in this container yet.
2019-10-25 05:12:36,977 [EventQueue-ContainerReportForContainerReportHandler] WARN  container.ContainerReportHandler (AbstractContainerReportHandler.java:updateContainerState(145)) - Container #1 is in OPEN state, but the datanode 792578c8-58d9-41cb-99fd-534993a904b7{ip: 192.168.157.246, host: pr-hdds-1868-bb2j8-1277741604, networkLocation: /default-rack, certSerialId: null} reports an CLOSED replica.
2019-10-25 05:12:37,107 [EventQueue-ContainerReportForContainerReportHandler] WARN  container.ContainerReportHandler (AbstractContainerReportHandler.java:updateContainerState(145)) - Container #1 is in OPEN state, but the datanode 154b23c8-147d-4903-89d2-8045c7557393{ip: 192.168.157.246, host: pr-hdds-1868-bb2j8-1277741604, networkLocation: /default-rack, certSerialId: null} reports an CLOSED replica.
2019-10-25 05:12:37,178 [EventQueue-ContainerReportForContainerReportHandler] WARN  container.ContainerReportHandler (AbstractContainerReportHandler.java:updateContainerState(145)) - Container #1 is in OPEN state, but the datanode 792578c8-58d9-41cb-99fd-534993a904b7{ip: 192.168.157.246, host: pr-hdds-1868-bb2j8-1277741604, networkLocation: /default-rack, certSerialId: null} reports an CLOSED replica.
2019-10-25 05:12:37,408 [EventQueue-ContainerReportForContainerReportHandler] WARN  container.ContainerReportHandler (AbstractContainerReportHandler.java:updateContainerState(145)) - Container #1 is in OPEN state, but the datanode 154b23c8-147d-4903-89d2-8045c7557393{ip: 192.168.157.246, host: pr-hdds-1868-bb2j8-1277741604, networkLocation: /default-rack, certSerialId: null} reports an CLOSED replica.
2019-10-25 05:12:37,477 [EventQueue-ContainerReportForContainerReportHandler] WARN  container.ContainerReportHandler (AbstractContainerReportHandler.java:updateContainerState(145)) - Container #1 is in OPEN state, but the datanode 792578c8-58d9-41cb-99fd-534993a904b7{ip: 192.168.157.246, host: pr-hdds-1868-bb2j8-1277741604, networkLocation: /default-rack, certSerialId: null} reports an CLOSED replica.
2019-10-25 05:12:37,608 [EventQueue-ContainerReportForContainerReportHandler] WARN  container.ContainerReportHandler (AbstractContainerReportHandler.java:updateContainerState(145)) - Container #1 is in OPEN state, but the datanode 154b23c8-147d-4903-89d2-8045c7557393{ip: 192.168.157.246, host: pr-hdds-1868-bb2j8-1277741604, networkLocation: /default-rack, certSerialId: null} reports an CLOSED replica.
2019-10-25 05:12:37,677 [EventQueue-ContainerReportForContainerReportHandler] WARN  container.ContainerReportHandler (AbstractContainerReportHandler.java:updateContainerState(145)) - Container #1 is in OPEN state, but the datanode 792578c8-58d9-41cb-99fd-534993a904b7{ip: 192.168.157.246, host: pr-hdds-1868-bb2j8-1277741604, networkLocation: /default-rack, certSerialId: null} reports an CLOSED replica.
2019-10-25 05:12:37,733 [BlockDeletingService#2] WARN  background.BlockDeletingService (BlockDeletingService.java:isDeletionAllowed(187)) - Close Container log Index 6 is not replicated across allthe servers in the pipeline 51c31d15-6363-40f4-9154-97c719019643 as the min replicated index is 4. Deletion is not allowed in this container yet.
2019-10-25 05:12:37,733 [BlockDeletingService#2] WARN  background.BlockDeletingService (BlockDeletingService.java:isDeletionAllowed(187)) - Close Container log Index 6 is not replicated across allthe servers in the pipeline 51c31d15-6363-40f4-9154-97c719019643 as the min replicated index is 4. Deletion is not allowed in this container yet.
2019-10-25 05:12:37,808 [EventQueue-ContainerReportForContainerReportHandler] WARN  container.ContainerReportHandler (AbstractContainerReportHandler.java:updateContainerState(145)) - Container #1 is in OPEN state, but the datanode 154b23c8-147d-4903-89d2-8045c7557393{ip: 192.168.157.246, host: pr-hdds-1868-bb2j8-1277741604, networkLocation: /default-rack, certSerialId: null} reports an CLOSED replica.
2019-10-25 05:12:37,878 [EventQueue-ContainerReportForContainerReportHandler] WARN  container.ContainerReportHandler (AbstractContainerReportHandler.java:updateContainerState(145)) - Container #1 is in OPEN state, but the datanode 792578c8-58d9-41cb-99fd-534993a904b7{ip: 192.168.157.246, host: pr-hdds-1868-bb2j8-1277741604, networkLocation: /default-rack, certSerialId: null} reports an CLOSED replica.
2019-10-25 05:12:38,108 [EventQueue-ContainerReportForContainerReportHandler] WARN  container.ContainerReportHandler (AbstractContainerReportHandler.java:updateContainerState(145)) - Container #1 is in OPEN state, but the datanode 154b23c8-147d-4903-89d2-8045c7557393{ip: 192.168.157.246, host: pr-hdds-1868-bb2j8-1277741604, networkLocation: /default-rack, certSerialId: null} reports an CLOSED replica.
2019-10-25 05:12:38,279 [EventQueue-ContainerReportForContainerReportHandler] WARN  container.ContainerReportHandler (AbstractContainerReportHandler.java:updateContainerState(145)) - Container #1 is in OPEN state, but the datanode 792578c8-58d9-41cb-99fd-534993a904b7{ip: 192.168.157.246, host: pr-hdds-1868-bb2j8-1277741604, networkLocation: /default-rack, certSerialId: null} reports an CLOSED replica.
2019-10-25 05:12:38,330 [Thread-507] INFO  client.GrpcClientProtocolService (GrpcClientProtocolService.java:lambda$processClientRequest$0(279)) - Failed RaftClientRequest:client-E384FFB178A4->154b23c8-147d-4903-89d2-8045c7557393@group-97C719019643, cid=22, seq=0, Watch-ALL_COMMITTED(6), Message:<EMPTY>, reply=RaftClientReply:client-E384FFB178A4->154b23c8-147d-4903-89d2-8045c7557393@group-97C719019643, cid=22, FAILED org.apache.ratis.protocol.NotLeaderException: Server 154b23c8-147d-4903-89d2-8045c7557393@group-97C719019643 is not the leader 792578c8-58d9-41cb-99fd-534993a904b7:192.168.157.246:34810, logIndex=0, commits[154b23c8-147d-4903-89d2-8045c7557393:c10, 632d1f61-1fb0-4a9b-a27f-4f3ee937db0d:c4, 792578c8-58d9-41cb-99fd-534993a904b7:c10]
2019-10-25 05:12:38,509 [EventQueue-ContainerReportForContainerReportHandler] WARN  container.ContainerReportHandler (AbstractContainerReportHandler.java:updateContainerState(145)) - Container #1 is in OPEN state, but the datanode 154b23c8-147d-4903-89d2-8045c7557393{ip: 192.168.157.246, host: pr-hdds-1868-bb2j8-1277741604, networkLocation: /default-rack, certSerialId: null} reports an CLOSED replica.
2019-10-25 05:12:38,579 [EventQueue-ContainerReportForContainerReportHandler] WARN  container.ContainerReportHandler (AbstractContainerReportHandler.java:updateContainerState(145)) - Container #1 is in OPEN state, but the datanode 792578c8-58d9-41cb-99fd-534993a904b7{ip: 192.168.157.246, host: pr-hdds-1868-bb2j8-1277741604, networkLocation: /default-rack, certSerialId: null} reports an CLOSED replica.
2019-10-25 05:12:38,710 [EventQueue-ContainerReportForContainerReportHandler] WARN  container.ContainerReportHandler (AbstractContainerReportHandler.java:updateContainerState(145)) - Container #1 is in OPEN state, but the datanode 154b23c8-147d-4903-89d2-8045c7557393{ip: 192.168.157.246, host: pr-hdds-1868-bb2j8-1277741604, networkLocation: /default-rack, certSerialId: null} reports an CLOSED replica.
2019-10-25 05:12:38,735 [BlockDeletingService#2] WARN  background.BlockDeletingService (BlockDeletingService.java:isDeletionAllowed(187)) - Close Container log Index 6 is not replicated across allthe servers in the pipeline 51c31d15-6363-40f4-9154-97c719019643 as the min replicated index is 4. Deletion is not allowed in this container yet.
2019-10-25 05:12:38,735 [BlockDeletingService#2] WARN  background.BlockDeletingService (BlockDeletingService.java:isDeletionAllowed(187)) - Close Container log Index 6 is not replicated across allthe servers in the pipeline 51c31d15-6363-40f4-9154-97c719019643 as the min replicated index is 4. Deletion is not allowed in this container yet.
2019-10-25 05:12:38,910 [EventQueue-ContainerReportForContainerReportHandler] WARN  container.ContainerReportHandler (AbstractContainerReportHandler.java:updateContainerState(145)) - Container #1 is in OPEN state, but the datanode 154b23c8-147d-4903-89d2-8045c7557393{ip: 192.168.157.246, host: pr-hdds-1868-bb2j8-1277741604, networkLocation: /default-rack, certSerialId: null} reports an CLOSED replica.
2019-10-25 05:12:38,978 [EventQueue-ContainerReportForContainerReportHandler] WARN  container.ContainerReportHandler (AbstractContainerReportHandler.java:updateContainerState(145)) - Container #1 is in OPEN state, but the datanode 792578c8-58d9-41cb-99fd-534993a904b7{ip: 192.168.157.246, host: pr-hdds-1868-bb2j8-1277741604, networkLocation: /default-rack, certSerialId: null} reports an CLOSED replica.
2019-10-25 05:12:39,179 [EventQueue-ContainerReportForContainerReportHandler] WARN  container.ContainerReportHandler (AbstractContainerReportHandler.java:updateContainerState(145)) - Container #1 is in OPEN state, but the datanode 792578c8-58d9-41cb-99fd-534993a904b7{ip: 192.168.157.246, host: pr-hdds-1868-bb2j8-1277741604, networkLocation: /default-rack, certSerialId: null} reports an CLOSED replica.
2019-10-25 05:12:39,196 [java.util.concurrent.ThreadPoolExecutor$Worker@488e248e[State = -1, empty queue]] WARN  server.GrpcLogAppender (GrpcLogAppender.java:timeoutAppendRequest(209)) - 792578c8-58d9-41cb-99fd-534993a904b7@group-97C719019643->632d1f61-1fb0-4a9b-a27f-4f3ee937db0d-GrpcLogAppender: appendEntries Timeout, request=792578c8-58d9-41cb-99fd-534993a904b7->632d1f61-1fb0-4a9b-a27f-4f3ee937db0d#47-t1, previous=(t:1, i:10), leaderCommit=10, initializing? false, entries: <empty>
2019-10-25 05:12:39,310 [EventQueue-ContainerReportForContainerReportHandler] WARN  container.ContainerReportHandler (AbstractContainerReportHandler.java:updateContainerState(145)) - Container #1 is in OPEN state, but the datanode 154b23c8-147d-4903-89d2-8045c7557393{ip: 192.168.157.246, host: pr-hdds-1868-bb2j8-1277741604, networkLocation: /default-rack, certSerialId: null} reports an CLOSED replica.
2019-10-25 05:12:39,510 [EventQueue-ContainerReportForContainerReportHandler] WARN  container.ContainerReportHandler (AbstractContainerReportHandler.java:updateContainerState(145)) - Container #1 is in OPEN state, but the datanode 154b23c8-147d-4903-89d2-8045c7557393{ip: 192.168.157.246, host: pr-hdds-1868-bb2j8-1277741604, networkLocation: /default-rack, certSerialId: null} reports an CLOSED replica.
2019-10-25 05:12:39,579 [EventQueue-ContainerReportForContainerReportHandler] WARN  container.ContainerReportHandler (AbstractContainerReportHandler.java:updateContainerState(145)) - Container #1 is in OPEN state, but the datanode 792578c8-58d9-41cb-99fd-534993a904b7{ip: 192.168.157.246, host: pr-hdds-1868-bb2j8-1277741604, networkLocation: /default-rack, certSerialId: null} reports an CLOSED replica.
2019-10-25 05:12:39,584 [Thread-513] INFO  client.GrpcClientProtocolService (GrpcClientProtocolService.java:lambda$processClientRequest$0(279)) - Failed RaftClientRequest:client-E384FFB178A4->792578c8-58d9-41cb-99fd-534993a904b7@group-97C719019643, cid=22, seq=0, Watch-ALL_COMMITTED(6), Message:<EMPTY>, reply=RaftClientReply:client-E384FFB178A4->792578c8-58d9-41cb-99fd-534993a904b7@group-97C719019643, cid=22, FAILED org.apache.ratis.protocol.NotReplicatedException: Request with call Id 22 and log index 6 is not yet replicated to ALL_COMMITTED, logIndex=6, commits[792578c8-58d9-41cb-99fd-534993a904b7:c10, 632d1f61-1fb0-4a9b-a27f-4f3ee937db0d:c4, 154b23c8-147d-4903-89d2-8045c7557393:c10]
2019-10-25 05:12:39,737 [BlockDeletingService#2] WARN  background.BlockDeletingService (BlockDeletingService.java:isDeletionAllowed(187)) - Close Container log Index 6 is not replicated across allthe servers in the pipeline 51c31d15-6363-40f4-9154-97c719019643 as the min replicated index is 4. Deletion is not allowed in this container yet.
2019-10-25 05:12:39,737 [BlockDeletingService#2] WARN  background.BlockDeletingService (BlockDeletingService.java:isDeletionAllowed(187)) - Close Container log Index 6 is not replicated across allthe servers in the pipeline 51c31d15-6363-40f4-9154-97c719019643 as the min replicated index is 4. Deletion is not allowed in this container yet.
2019-10-25 05:12:39,810 [EventQueue-ContainerReportForContainerReportHandler] WARN  container.ContainerReportHandler (AbstractContainerReportHandler.java:updateContainerState(145)) - Container #1 is in OPEN state, but the datanode 154b23c8-147d-4903-89d2-8045c7557393{ip: 192.168.157.246, host: pr-hdds-1868-bb2j8-1277741604, networkLocation: /default-rack, certSerialId: null} reports an CLOSED replica.
2019-10-25 05:12:39,980 [EventQueue-ContainerReportForContainerReportHandler] WARN  container.ContainerReportHandler (AbstractContainerReportHandler.java:updateContainerState(145)) - Container #1 is in OPEN state, but the datanode 792578c8-58d9-41cb-99fd-534993a904b7{ip: 192.168.157.246, host: pr-hdds-1868-bb2j8-1277741604, networkLocation: /default-rack, certSerialId: null} reports an CLOSED replica.
2019-10-25 05:12:40,179 [EventQueue-ContainerReportForContainerReportHandler] WARN  container.ContainerReportHandler (AbstractContainerReportHandler.java:updateContainerState(145)) - Container #1 is in OPEN state, but the datanode 792578c8-58d9-41cb-99fd-534993a904b7{ip: 192.168.157.246, host: pr-hdds-1868-bb2j8-1277741604, networkLocation: /default-rack, certSerialId: null} reports an CLOSED replica.
2019-10-25 05:12:40,211 [EventQueue-ContainerReportForContainerReportHandler] WARN  container.ContainerReportHandler (AbstractContainerReportHandler.java:updateContainerState(145)) - Container #1 is in OPEN state, but the datanode 154b23c8-147d-4903-89d2-8045c7557393{ip: 192.168.157.246, host: pr-hdds-1868-bb2j8-1277741604, networkLocation: /default-rack, certSerialId: null} reports an CLOSED replica.
2019-10-25 05:12:40,411 [EventQueue-ContainerReportForContainerReportHandler] WARN  container.ContainerReportHandler (AbstractContainerReportHandler.java:updateContainerState(145)) - Container #1 is in OPEN state, but the datanode 154b23c8-147d-4903-89d2-8045c7557393{ip: 192.168.157.246, host: pr-hdds-1868-bb2j8-1277741604, networkLocation: /default-rack, certSerialId: null} reports an CLOSED replica.
2019-10-25 05:12:40,579 [EventQueue-ContainerReportForContainerReportHandler] WARN  container.ContainerReportHandler (AbstractContainerReportHandler.java:updateContainerState(145)) - Container #1 is in OPEN state, but the datanode 792578c8-58d9-41cb-99fd-534993a904b7{ip: 192.168.157.246, host: pr-hdds-1868-bb2j8-1277741604, networkLocation: /default-rack, certSerialId: null} reports an CLOSED replica.
2019-10-25 05:12:40,713 [EventQueue-ContainerReportForContainerReportHandler] WARN  container.ContainerReportHandler (AbstractContainerReportHandler.java:updateContainerState(145)) - Container #1 is in OPEN state, but the datanode 154b23c8-147d-4903-89d2-8045c7557393{ip: 192.168.157.246, host: pr-hdds-1868-bb2j8-1277741604, networkLocation: /default-rack, certSerialId: null} reports an CLOSED replica.
2019-10-25 05:12:40,739 [BlockDeletingService#2] WARN  background.BlockDeletingService (BlockDeletingService.java:isDeletionAllowed(187)) - Close Container log Index 6 is not replicated across allthe servers in the pipeline 51c31d15-6363-40f4-9154-97c719019643 as the min replicated index is 4. Deletion is not allowed in this container yet.
2019-10-25 05:12:40,740 [BlockDeletingService#2] WARN  background.BlockDeletingService (BlockDeletingService.java:isDeletionAllowed(187)) - Close Container log Index 6 is not replicated across allthe servers in the pipeline 51c31d15-6363-40f4-9154-97c719019643 as the min replicated index is 4. Deletion is not allowed in this container yet.
2019-10-25 05:12:40,780 [EventQueue-ContainerReportForContainerReportHandler] WARN  container.ContainerReportHandler (AbstractContainerReportHandler.java:updateContainerState(145)) - Container #1 is in OPEN state, but the datanode 792578c8-58d9-41cb-99fd-534993a904b7{ip: 192.168.157.246, host: pr-hdds-1868-bb2j8-1277741604, networkLocation: /default-rack, certSerialId: null} reports an CLOSED replica.
2019-10-25 05:12:40,980 [EventQueue-ContainerReportForContainerReportHandler] WARN  container.ContainerReportHandler (AbstractContainerReportHandler.java:updateContainerState(145)) - Container #1 is in OPEN state, but the datanode 792578c8-58d9-41cb-99fd-534993a904b7{ip: 192.168.157.246, host: pr-hdds-1868-bb2j8-1277741604, networkLocation: /default-rack, certSerialId: null} reports an CLOSED replica.
2019-10-25 05:12:41,013 [EventQueue-ContainerReportForContainerReportHandler] WARN  container.ContainerReportHandler (AbstractContainerReportHandler.java:updateContainerState(145)) - Container #1 is in OPEN state, but the datanode 154b23c8-147d-4903-89d2-8045c7557393{ip: 192.168.157.246, host: pr-hdds-1868-bb2j8-1277741604, networkLocation: /default-rack, certSerialId: null} reports an CLOSED replica.
2019-10-25 05:12:41,280 [EventQueue-ContainerReportForContainerReportHandler] WARN  container.ContainerReportHandler (AbstractContainerReportHandler.java:updateContainerState(145)) - Container #1 is in OPEN state, but the datanode 792578c8-58d9-41cb-99fd-534993a904b7{ip: 192.168.157.246, host: pr-hdds-1868-bb2j8-1277741604, networkLocation: /default-rack, certSerialId: null} reports an CLOSED replica.
2019-10-25 05:12:41,313 [EventQueue-ContainerReportForContainerReportHandler] WARN  container.ContainerReportHandler (AbstractContainerReportHandler.java:updateContainerState(145)) - Container #1 is in OPEN state, but the datanode 154b23c8-147d-4903-89d2-8045c7557393{ip: 192.168.157.246, host: pr-hdds-1868-bb2j8-1277741604, networkLocation: /default-rack, certSerialId: null} reports an CLOSED replica.
2019-10-25 05:12:41,613 [EventQueue-ContainerReportForContainerReportHandler] WARN  container.ContainerReportHandler (AbstractContainerReportHandler.java:updateContainerState(145)) - Container #1 is in OPEN state, but the datanode 154b23c8-147d-4903-89d2-8045c7557393{ip: 192.168.157.246, host: pr-hdds-1868-bb2j8-1277741604, networkLocation: /default-rack, certSerialId: null} reports an CLOSED replica.
2019-10-25 05:12:41,681 [EventQueue-ContainerReportForContainerReportHandler] WARN  container.ContainerReportHandler (AbstractContainerReportHandler.java:updateContainerState(145)) - Container #1 is in OPEN state, but the datanode 792578c8-58d9-41cb-99fd-534993a904b7{ip: 192.168.157.246, host: pr-hdds-1868-bb2j8-1277741604, networkLocation: /default-rack, certSerialId: null} reports an CLOSED replica.
2019-10-25 05:12:41,697 [java.util.concurrent.ThreadPoolExecutor$Worker@488e248e[State = -1, empty queue]] WARN  server.GrpcLogAppender (GrpcLogAppender.java:timeoutAppendRequest(209)) - 792578c8-58d9-41cb-99fd-534993a904b7@group-97C719019643->632d1f61-1fb0-4a9b-a27f-4f3ee937db0d-GrpcLogAppender: appendEntries Timeout, request=792578c8-58d9-41cb-99fd-534993a904b7->632d1f61-1fb0-4a9b-a27f-4f3ee937db0d#48-t1, previous=(t:1, i:10), leaderCommit=10, initializing? false, entries: <empty>
2019-10-25 05:12:41,741 [BlockDeletingService#2] WARN  background.BlockDeletingService (BlockDeletingService.java:isDeletionAllowed(187)) - Close Container log Index 6 is not replicated across allthe servers in the pipeline 51c31d15-6363-40f4-9154-97c719019643 as the min replicated index is 4. Deletion is not allowed in this container yet.
2019-10-25 05:12:41,741 [BlockDeletingService#2] WARN  background.BlockDeletingService (BlockDeletingService.java:isDeletionAllowed(187)) - Close Container log Index 6 is not replicated across allthe servers in the pipeline 51c31d15-6363-40f4-9154-97c719019643 as the min replicated index is 4. Deletion is not allowed in this container yet.
2019-10-25 05:12:41,915 [EventQueue-ContainerReportForContainerReportHandler] WARN  container.ContainerReportHandler (AbstractContainerReportHandler.java:updateContainerState(145)) - Container #1 is in OPEN state, but the datanode 154b23c8-147d-4903-89d2-8045c7557393{ip: 192.168.157.246, host: pr-hdds-1868-bb2j8-1277741604, networkLocation: /default-rack, certSerialId: null} reports an CLOSED replica.
2019-10-25 05:12:41,981 [EventQueue-ContainerReportForContainerReportHandler] WARN  container.ContainerReportHandler (AbstractContainerReportHandler.java:updateContainerState(145)) - Container #1 is in OPEN state, but the datanode 792578c8-58d9-41cb-99fd-534993a904b7{ip: 192.168.157.246, host: pr-hdds-1868-bb2j8-1277741604, networkLocation: /default-rack, certSerialId: null} reports an CLOSED replica.
2019-10-25 05:12:42,115 [EventQueue-ContainerReportForContainerReportHandler] WARN  container.ContainerReportHandler (AbstractContainerReportHandler.java:updateContainerState(145)) - Container #1 is in OPEN state, but the datanode 154b23c8-147d-4903-89d2-8045c7557393{ip: 192.168.157.246, host: pr-hdds-1868-bb2j8-1277741604, networkLocation: /default-rack, certSerialId: null} reports an CLOSED replica.
2019-10-25 05:12:42,283 [EventQueue-ContainerReportForContainerReportHandler] WARN  container.ContainerReportHandler (AbstractContainerReportHandler.java:updateContainerState(145)) - Container #1 is in OPEN state, but the datanode 792578c8-58d9-41cb-99fd-534993a904b7{ip: 192.168.157.246, host: pr-hdds-1868-bb2j8-1277741604, networkLocation: /default-rack, certSerialId: null} reports an CLOSED replica.
2019-10-25 05:12:42,414 [EventQueue-ContainerReportForContainerReportHandler] WARN  container.ContainerReportHandler (AbstractContainerReportHandler.java:updateContainerState(145)) - Container #1 is in OPEN state, but the datanode 154b23c8-147d-4903-89d2-8045c7557393{ip: 192.168.157.246, host: pr-hdds-1868-bb2j8-1277741604, networkLocation: /default-rack, certSerialId: null} reports an CLOSED replica.
2019-10-25 05:12:42,584 [EventQueue-ContainerReportForContainerReportHandler] WARN  container.ContainerReportHandler (AbstractContainerReportHandler.java:updateContainerState(145)) - Container #1 is in OPEN state, but the datanode 792578c8-58d9-41cb-99fd-534993a904b7{ip: 192.168.157.246, host: pr-hdds-1868-bb2j8-1277741604, networkLocation: /default-rack, certSerialId: null} reports an CLOSED replica.
2019-10-25 05:12:42,615 [EventQueue-ContainerReportForContainerReportHandler] WARN  container.ContainerReportHandler (AbstractContainerReportHandler.java:updateContainerState(145)) - Container #1 is in OPEN state, but the datanode 154b23c8-147d-4903-89d2-8045c7557393{ip: 192.168.157.246, host: pr-hdds-1868-bb2j8-1277741604, networkLocation: /default-rack, certSerialId: null} reports an CLOSED replica.
2019-10-25 05:12:42,742 [BlockDeletingService#2] WARN  background.BlockDeletingService (BlockDeletingService.java:isDeletionAllowed(187)) - Close Container log Index 6 is not replicated across allthe servers in the pipeline 51c31d15-6363-40f4-9154-97c719019643 as the min replicated index is 4. Deletion is not allowed in this container yet.
2019-10-25 05:12:42,742 [BlockDeletingService#2] WARN  background.BlockDeletingService (BlockDeletingService.java:isDeletionAllowed(187)) - Close Container log Index 6 is not replicated across allthe servers in the pipeline 51c31d15-6363-40f4-9154-97c719019643 as the min replicated index is 4. Deletion is not allowed in this container yet.
2019-10-25 05:12:42,984 [EventQueue-ContainerReportForContainerReportHandler] WARN  container.ContainerReportHandler (AbstractContainerReportHandler.java:updateContainerState(145)) - Container #1 is in OPEN state, but the datanode 792578c8-58d9-41cb-99fd-534993a904b7{ip: 192.168.157.246, host: pr-hdds-1868-bb2j8-1277741604, networkLocation: /default-rack, certSerialId: null} reports an CLOSED replica.
2019-10-25 05:12:43,014 [EventQueue-ContainerReportForContainerReportHandler] WARN  container.ContainerReportHandler (AbstractContainerReportHandler.java:updateContainerState(145)) - Container #1 is in OPEN state, but the datanode 154b23c8-147d-4903-89d2-8045c7557393{ip: 192.168.157.246, host: pr-hdds-1868-bb2j8-1277741604, networkLocation: /default-rack, certSerialId: null} reports an CLOSED replica.
2019-10-25 05:12:43,385 [EventQueue-ContainerReportForContainerReportHandler] WARN  container.ContainerReportHandler (AbstractContainerReportHandler.java:updateContainerState(145)) - Container #1 is in OPEN state, but the datanode 792578c8-58d9-41cb-99fd-534993a904b7{ip: 192.168.157.246, host: pr-hdds-1868-bb2j8-1277741604, networkLocation: /default-rack, certSerialId: null} reports an CLOSED replica.
2019-10-25 05:12:43,414 [EventQueue-ContainerReportForContainerReportHandler] WARN  container.ContainerReportHandler (AbstractContainerReportHandler.java:updateContainerState(145)) - Container #1 is in OPEN state, but the datanode 154b23c8-147d-4903-89d2-8045c7557393{ip: 192.168.157.246, host: pr-hdds-1868-bb2j8-1277741604, networkLocation: /default-rack, certSerialId: null} reports an CLOSED replica.
2019-10-25 05:12:43,586 [EventQueue-ContainerReportForContainerReportHandler] WARN  container.ContainerReportHandler (AbstractContainerReportHandler.java:updateContainerState(145)) - Container #1 is in OPEN state, but the datanode 792578c8-58d9-41cb-99fd-534993a904b7{ip: 192.168.157.246, host: pr-hdds-1868-bb2j8-1277741604, networkLocation: /default-rack, certSerialId: null} reports an CLOSED replica.
2019-10-25 05:12:43,744 [BlockDeletingService#2] WARN  background.BlockDeletingService (BlockDeletingService.java:isDeletionAllowed(187)) - Close Container log Index 6 is not replicated across allthe servers in the pipeline 51c31d15-6363-40f4-9154-97c719019643 as the min replicated index is 4. Deletion is not allowed in this container yet.
2019-10-25 05:12:43,744 [BlockDeletingService#2] WARN  background.BlockDeletingService (BlockDeletingService.java:isDeletionAllowed(187)) - Close Container log Index 6 is not replicated across allthe servers in the pipeline 51c31d15-6363-40f4-9154-97c719019643 as the min replicated index is 4. Deletion is not allowed in this container yet.
2019-10-25 05:12:43,815 [EventQueue-ContainerReportForContainerReportHandler] WARN  container.ContainerReportHandler (AbstractContainerReportHandler.java:updateContainerState(145)) - Container #1 is in OPEN state, but the datanode 154b23c8-147d-4903-89d2-8045c7557393{ip: 192.168.157.246, host: pr-hdds-1868-bb2j8-1277741604, networkLocation: /default-rack, certSerialId: null} reports an CLOSED replica.
2019-10-25 05:12:43,885 [EventQueue-ContainerReportForContainerReportHandler] WARN  container.ContainerReportHandler (AbstractContainerReportHandler.java:updateContainerState(145)) - Container #1 is in OPEN state, but the datanode 792578c8-58d9-41cb-99fd-534993a904b7{ip: 192.168.157.246, host: pr-hdds-1868-bb2j8-1277741604, networkLocation: /default-rack, certSerialId: null} reports an CLOSED replica.
2019-10-25 05:12:44,115 [EventQueue-ContainerReportForContainerReportHandler] WARN  container.ContainerReportHandler (AbstractContainerReportHandler.java:updateContainerState(145)) - Container #1 is in OPEN state, but the datanode 154b23c8-147d-4903-89d2-8045c7557393{ip: 192.168.157.246, host: pr-hdds-1868-bb2j8-1277741604, networkLocation: /default-rack, certSerialId: null} reports an CLOSED replica.
2019-10-25 05:12:44,185 [EventQueue-ContainerReportForContainerReportHandler] WARN  container.ContainerReportHandler (AbstractContainerReportHandler.java:updateContainerState(145)) - Container #1 is in OPEN state, but the datanode 792578c8-58d9-41cb-99fd-534993a904b7{ip: 192.168.157.246, host: pr-hdds-1868-bb2j8-1277741604, networkLocation: /default-rack, certSerialId: null} reports an CLOSED replica.
2019-10-25 05:12:44,197 [java.util.concurrent.ThreadPoolExecutor$Worker@488e248e[State = -1, empty queue]] WARN  server.GrpcLogAppender (GrpcLogAppender.java:timeoutAppendRequest(209)) - 792578c8-58d9-41cb-99fd-534993a904b7@group-97C719019643->632d1f61-1fb0-4a9b-a27f-4f3ee937db0d-GrpcLogAppender: appendEntries Timeout, request=792578c8-58d9-41cb-99fd-534993a904b7->632d1f61-1fb0-4a9b-a27f-4f3ee937db0d#49-t1, previous=(t:1, i:10), leaderCommit=10, initializing? false, entries: <empty>
2019-10-25 05:12:44,315 [EventQueue-ContainerReportForContainerReportHandler] WARN  container.ContainerReportHandler (AbstractContainerReportHandler.java:updateContainerState(145)) - Container #1 is in OPEN state, but the datanode 154b23c8-147d-4903-89d2-8045c7557393{ip: 192.168.157.246, host: pr-hdds-1868-bb2j8-1277741604, networkLocation: /default-rack, certSerialId: null} reports an CLOSED replica.
2019-10-25 05:12:44,486 [EventQueue-ContainerReportForContainerReportHandler] WARN  container.ContainerReportHandler (AbstractContainerReportHandler.java:updateContainerState(145)) - Container #1 is in OPEN state, but the datanode 792578c8-58d9-41cb-99fd-534993a904b7{ip: 192.168.157.246, host: pr-hdds-1868-bb2j8-1277741604, networkLocation: /default-rack, certSerialId: null} reports an CLOSED replica.
2019-10-25 05:12:44,715 [EventQueue-ContainerReportForContainerReportHandler] WARN  container.ContainerReportHandler (AbstractContainerReportHandler.java:updateContainerState(145)) - Container #1 is in OPEN state, but the datanode 154b23c8-147d-4903-89d2-8045c7557393{ip: 192.168.157.246, host: pr-hdds-1868-bb2j8-1277741604, networkLocation: /default-rack, certSerialId: null} reports an CLOSED replica.
2019-10-25 05:12:44,746 [BlockDeletingService#2] WARN  background.BlockDeletingService (BlockDeletingService.java:isDeletionAllowed(187)) - Close Container log Index 6 is not replicated across allthe servers in the pipeline 51c31d15-6363-40f4-9154-97c719019643 as the min replicated index is 4. Deletion is not allowed in this container yet.
2019-10-25 05:12:44,746 [BlockDeletingService#2] WARN  background.BlockDeletingService (BlockDeletingService.java:isDeletionAllowed(187)) - Close Container log Index 6 is not replicated across allthe servers in the pipeline 51c31d15-6363-40f4-9154-97c719019643 as the min replicated index is 4. Deletion is not allowed in this container yet.
2019-10-25 05:12:44,887 [EventQueue-ContainerReportForContainerReportHandler] WARN  container.ContainerReportHandler (AbstractContainerReportHandler.java:updateContainerState(145)) - Container #1 is in OPEN state, but the datanode 792578c8-58d9-41cb-99fd-534993a904b7{ip: 192.168.157.246, host: pr-hdds-1868-bb2j8-1277741604, networkLocation: /default-rack, certSerialId: null} reports an CLOSED replica.
2019-10-25 05:12:45,015 [EventQueue-ContainerReportForContainerReportHandler] WARN  container.ContainerReportHandler (AbstractContainerReportHandler.java:updateContainerState(145)) - Container #1 is in OPEN state, but the datanode 154b23c8-147d-4903-89d2-8045c7557393{ip: 192.168.157.246, host: pr-hdds-1868-bb2j8-1277741604, networkLocation: /default-rack, certSerialId: null} reports an CLOSED replica.
2019-10-25 05:12:45,186 [EventQueue-ContainerReportForContainerReportHandler] WARN  container.ContainerReportHandler (AbstractContainerReportHandler.java:updateContainerState(145)) - Container #1 is in OPEN state, but the datanode 792578c8-58d9-41cb-99fd-534993a904b7{ip: 192.168.157.246, host: pr-hdds-1868-bb2j8-1277741604, networkLocation: /default-rack, certSerialId: null} reports an CLOSED replica.
2019-10-25 05:12:45,317 [EventQueue-ContainerReportForContainerReportHandler] WARN  container.ContainerReportHandler (AbstractContainerReportHandler.java:updateContainerState(145)) - Container #1 is in OPEN state, but the datanode 154b23c8-147d-4903-89d2-8045c7557393{ip: 192.168.157.246, host: pr-hdds-1868-bb2j8-1277741604, networkLocation: /default-rack, certSerialId: null} reports an CLOSED replica.
2019-10-25 05:12:45,587 [EventQueue-ContainerReportForContainerReportHandler] WARN  container.ContainerReportHandler (AbstractContainerReportHandler.java:updateContainerState(145)) - Container #1 is in OPEN state, but the datanode 792578c8-58d9-41cb-99fd-534993a904b7{ip: 192.168.157.246, host: pr-hdds-1868-bb2j8-1277741604, networkLocation: /default-rack, certSerialId: null} reports an CLOSED replica.
2019-10-25 05:12:45,717 [EventQueue-ContainerReportForContainerReportHandler] WARN  container.ContainerReportHandler (AbstractContainerReportHandler.java:updateContainerState(145)) - Container #1 is in OPEN state, but the datanode 154b23c8-147d-4903-89d2-8045c7557393{ip: 192.168.157.246, host: pr-hdds-1868-bb2j8-1277741604, networkLocation: /default-rack, certSerialId: null} reports an CLOSED replica.
2019-10-25 05:12:45,751 [BlockDeletingService#2] WARN  background.BlockDeletingService (BlockDeletingService.java:isDeletionAllowed(187)) - Close Container log Index 6 is not replicated across allthe servers in the pipeline 51c31d15-6363-40f4-9154-97c719019643 as the min replicated index is 4. Deletion is not allowed in this container yet.
2019-10-25 05:12:45,751 [BlockDeletingService#2] WARN  background.BlockDeletingService (BlockDeletingService.java:isDeletionAllowed(187)) - Close Container log Index 6 is not replicated across allthe servers in the pipeline 51c31d15-6363-40f4-9154-97c719019643 as the min replicated index is 4. Deletion is not allowed in this container yet.
2019-10-25 05:12:45,894 [EventQueue-StaleNodeForStaleNodeHandler] INFO  node.StaleNodeHandler (StaleNodeHandler.java:onMessage(58)) - Datanode 632d1f61-1fb0-4a9b-a27f-4f3ee937db0d{ip: 192.168.157.246, host: pr-hdds-1868-bb2j8-1277741604, networkLocation: /default-rack, certSerialId: null} moved to stale state. Finalizing its pipelines [PipelineID=51c31d15-6363-40f4-9154-97c719019643, PipelineID=426e9ffc-d9d2-4905-9b05-e1777ad31c3d]
2019-10-25 05:12:45,895 [EventQueue-StaleNodeForStaleNodeHandler] INFO  pipeline.SCMPipelineManager (SCMPipelineManager.java:finalizeAndDestroyPipeline(316)) - destroying pipeline:Pipeline[ Id: 51c31d15-6363-40f4-9154-97c719019643, Nodes: 792578c8-58d9-41cb-99fd-534993a904b7{ip: 192.168.157.246, host: pr-hdds-1868-bb2j8-1277741604, networkLocation: /default-rack, certSerialId: null}154b23c8-147d-4903-89d2-8045c7557393{ip: 192.168.157.246, host: pr-hdds-1868-bb2j8-1277741604, networkLocation: /default-rack, certSerialId: null}632d1f61-1fb0-4a9b-a27f-4f3ee937db0d{ip: 192.168.157.246, host: pr-hdds-1868-bb2j8-1277741604, networkLocation: /default-rack, certSerialId: null}, Type:RATIS, Factor:THREE, State:OPEN]
2019-10-25 05:12:45,895 [EventQueue-StaleNodeForStaleNodeHandler] INFO  pipeline.PipelineStateManager (PipelineStateManager.java:finalizePipeline(121)) - Pipeline Pipeline[ Id: 51c31d15-6363-40f4-9154-97c719019643, Nodes: 792578c8-58d9-41cb-99fd-534993a904b7{ip: 192.168.157.246, host: pr-hdds-1868-bb2j8-1277741604, networkLocation: /default-rack, certSerialId: null}154b23c8-147d-4903-89d2-8045c7557393{ip: 192.168.157.246, host: pr-hdds-1868-bb2j8-1277741604, networkLocation: /default-rack, certSerialId: null}632d1f61-1fb0-4a9b-a27f-4f3ee937db0d{ip: 192.168.157.246, host: pr-hdds-1868-bb2j8-1277741604, networkLocation: /default-rack, certSerialId: null}, Type:RATIS, Factor:THREE, State:CLOSED] moved to CLOSED state
2019-10-25 05:12:45,896 [EventQueue-CloseContainerForCloseContainerEventHandler] INFO  container.CloseContainerEventHandler (CloseContainerEventHandler.java:onMessage(61)) - Close container Event triggered for container : #1
2019-10-25 05:12:45,903 [EventQueue-StaleNodeForStaleNodeHandler] INFO  pipeline.SCMPipelineManager (SCMPipelineManager.java:finalizeAndDestroyPipeline(316)) - destroying pipeline:Pipeline[ Id: 426e9ffc-d9d2-4905-9b05-e1777ad31c3d, Nodes: 632d1f61-1fb0-4a9b-a27f-4f3ee937db0d{ip: 192.168.157.246, host: pr-hdds-1868-bb2j8-1277741604, networkLocation: /default-rack, certSerialId: null}, Type:RATIS, Factor:ONE, State:OPEN]
2019-10-25 05:12:45,906 [EventQueue-StaleNodeForStaleNodeHandler] INFO  pipeline.PipelineStateManager (PipelineStateManager.java:finalizePipeline(121)) - Pipeline Pipeline[ Id: 426e9ffc-d9d2-4905-9b05-e1777ad31c3d, Nodes: 632d1f61-1fb0-4a9b-a27f-4f3ee937db0d{ip: 192.168.157.246, host: pr-hdds-1868-bb2j8-1277741604, networkLocation: /default-rack, certSerialId: null}, Type:RATIS, Factor:ONE, State:CLOSED] moved to CLOSED state
2019-10-25 05:12:45,986 [EventQueue-ContainerReportForContainerReportHandler] INFO  container.ContainerReportHandler (AbstractContainerReportHandler.java:updateContainerState(178)) - Moving container #1 to CLOSED state, datanode 792578c8-58d9-41cb-99fd-534993a904b7{ip: 192.168.157.246, host: pr-hdds-1868-bb2j8-1277741604, networkLocation: /default-rack, certSerialId: null} reported CLOSED replica.
2019-10-25 05:12:46,338 [SCMBlockDeletingService#1] INFO  block.SCMBlockDeletingService (SCMBlockDeletingService.java:call(184)) - Totally added 3 delete blocks command for 3 datanodes, task elapsed time: 8ms
2019-10-25 05:12:46,588 [EventQueue-PendingDeleteStatusForPendingDeleteHandler] INFO  block.SCMBlockDeletingService (SCMBlockDeletingService.java:handlePendingDeletes(115)) - Block deletion txnID mismatch in datanode 792578c8-58d9-41cb-99fd-534993a904b7 for containerID 1. Datanode delete txnID: 0, SCM txnID: 1
2019-10-25 05:12:46,618 [EventQueue-PendingDeleteStatusForPendingDeleteHandler] INFO  block.SCMBlockDeletingService (SCMBlockDeletingService.java:handlePendingDeletes(115)) - Block deletion txnID mismatch in datanode 154b23c8-147d-4903-89d2-8045c7557393 for containerID 1. Datanode delete txnID: 0, SCM txnID: 1
2019-10-25 05:12:46,698 [java.util.concurrent.ThreadPoolExecutor$Worker@488e248e[State = -1, empty queue]] WARN  server.GrpcLogAppender (GrpcLogAppender.java:timeoutAppendRequest(209)) - 792578c8-58d9-41cb-99fd-534993a904b7@group-97C719019643->632d1f61-1fb0-4a9b-a27f-4f3ee937db0d-GrpcLogAppender: appendEntries Timeout, request=792578c8-58d9-41cb-99fd-534993a904b7->632d1f61-1fb0-4a9b-a27f-4f3ee937db0d#50-t1, previous=(t:1, i:10), leaderCommit=10, initializing? false, entries: <empty>
2019-10-25 05:12:46,754 [BlockDeletingService#2] WARN  background.BlockDeletingService (BlockDeletingService.java:isDeletionAllowed(187)) - Close Container log Index 6 is not replicated across allthe servers in the pipeline 51c31d15-6363-40f4-9154-97c719019643 as the min replicated index is 4. Deletion is not allowed in this container yet.
2019-10-25 05:12:46,754 [BlockDeletingService#2] WARN  background.BlockDeletingService (BlockDeletingService.java:isDeletionAllowed(187)) - Close Container log Index 6 is not replicated across allthe servers in the pipeline 51c31d15-6363-40f4-9154-97c719019643 as the min replicated index is 4. Deletion is not allowed in this container yet.
2019-10-25 05:12:46,822 [Command processor thread] INFO  commandhandler.DeleteBlocksCommandHandler (DeleteBlocksCommandHandler.java:handle(106)) - Start to delete container blocks, TXIDs=[1(0)], numOfContainers=1, numOfBlocks=1
2019-10-25 05:12:46,988 [EventQueue-PendingDeleteStatusForPendingDeleteHandler] INFO  block.SCMBlockDeletingService (SCMBlockDeletingService.java:handlePendingDeletes(115)) - Block deletion txnID mismatch in datanode 792578c8-58d9-41cb-99fd-534993a904b7 for containerID 1. Datanode delete txnID: 0, SCM txnID: 1
2019-10-25 05:12:47,086 [Command processor thread] INFO  commandhandler.DeleteBlocksCommandHandler (DeleteBlocksCommandHandler.java:handle(106)) - Start to delete container blocks, TXIDs=[1(0)], numOfContainers=1, numOfBlocks=1
2019-10-25 05:12:47,263 [main] INFO  impl.MetricsSystemImpl (MetricsSystemImpl.java:init(158)) - HddsDatanode metrics system started (again)
2019-10-25 05:12:47,312 [main] INFO  ozone.HddsDatanodeService (HddsDatanodeService.java:start(184)) - HddsDatanodeService host:pr-hdds-1868-bb2j8-1277741604 ip:192.168.157.246
2019-10-25 05:12:47,317 [main] INFO  volume.VolumeUsage (VolumeUsage.java:loadScmUsed(144)) - Cached ScmUsed found for /workdir/hadoop-ozone/integration-test/target/test-dir/MiniOzoneClusterImpl-03c1ce70-80a7-4992-b672-f5473244ce42/datanode-1/data/containers : 4096 
2019-10-25 05:12:47,318 [main] INFO  volume.HddsVolume (HddsVolume.java:<init>(176)) - Creating Volume: /workdir/hadoop-ozone/integration-test/target/test-dir/MiniOzoneClusterImpl-03c1ce70-80a7-4992-b672-f5473244ce42/datanode-1/data/containers/hdds of  storage type : DISK and capacity : 1482555576320
2019-10-25 05:12:47,319 [main] INFO  volume.VolumeSet (VolumeSet.java:initializeVolumeSet(170)) - Added Volume : /workdir/hadoop-ozone/integration-test/target/test-dir/MiniOzoneClusterImpl-03c1ce70-80a7-4992-b672-f5473244ce42/datanode-1/data/containers/hdds to VolumeSet
2019-10-25 05:12:47,319 [main] INFO  volume.ThrottledAsyncChecker (ThrottledAsyncChecker.java:schedule(141)) - Scheduling a check for /workdir/hadoop-ozone/integration-test/target/test-dir/MiniOzoneClusterImpl-03c1ce70-80a7-4992-b672-f5473244ce42/datanode-1/data/containers/hdds
2019-10-25 05:12:47,320 [main] INFO  volume.HddsVolumeChecker (HddsVolumeChecker.java:checkAllVolumes(204)) - Scheduled health check for volume /workdir/hadoop-ozone/integration-test/target/test-dir/MiniOzoneClusterImpl-03c1ce70-80a7-4992-b672-f5473244ce42/datanode-1/data/containers/hdds
2019-10-25 05:12:47,339 [SCMBlockDeletingService#1] INFO  block.SCMBlockDeletingService (SCMBlockDeletingService.java:call(184)) - Totally added 1 delete blocks command for 1 datanodes, task elapsed time: 1ms
2019-10-25 05:12:47,341 [pool-7-thread-1] INFO  commands.RetriableDatanodeEventWatcher (RetriableDatanodeEventWatcher.java:onTimeout(47)) - RetriableDatanodeCommand type=deleteBlocksCommand with id=1571980366338 timed out. Retrying.
2019-10-25 05:12:47,380 [main] INFO  impl.RaftServerProxy (ConfUtils.java:logGet(43)) - raft.rpc.type = GRPC (default)
2019-10-25 05:12:47,381 [main] INFO  grpc.GrpcFactory (GrpcFactory.java:checkPooledByteBufAllocatorUseCacheForAllThreads(45)) - PERFORMANCE WARNING: useCacheForAllThreads is true that may cause Netty to create a lot garbage objects and, as a result, trigger GC.
	It is recommended to disable useCacheForAllThreads by setting -Dorg.apache.ratis.thirdparty.io.netty.allocator.useCacheForAllThreads=false in command line.
2019-10-25 05:12:47,381 [main] INFO  grpc.GrpcConfigKeys$Server (ConfUtils.java:logGet(43)) - raft.grpc.server.port = 46686 (custom)
2019-10-25 05:12:47,382 [main] INFO  server.GrpcService (ConfUtils.java:logGet(43)) - raft.grpc.message.size.max = 33570816 (custom)
2019-10-25 05:12:47,383 [main] INFO  server.RaftServerConfigKeys (ConfUtils.java:logGet(43)) - raft.server.log.appender.buffer.byte-limit = 33554432 (custom)
2019-10-25 05:12:47,383 [main] INFO  server.GrpcService (ConfUtils.java:logGet(43)) - raft.grpc.flow.control.window = 1MB (=1048576) (default)
2019-10-25 05:12:47,383 [main] INFO  server.RaftServerConfigKeys (ConfUtils.java:logGet(43)) - raft.server.rpc.request.timeout = 3000ms (default)
2019-10-25 05:12:47,384 [main] INFO  server.RaftServerConfigKeys (ConfUtils.java:logGet(43)) - raft.server.storage.dir = [/workdir/hadoop-ozone/integration-test/target/test-dir/MiniOzoneClusterImpl-03c1ce70-80a7-4992-b672-f5473244ce42/datanode-1/data/ratis] (custom)
2019-10-25 05:12:47,384 [main] INFO  impl.RaftServerProxy (RaftServerProxy.java:lambda$null$0(191)) - 632d1f61-1fb0-4a9b-a27f-4f3ee937db0d: found a subdirectory /workdir/hadoop-ozone/integration-test/target/test-dir/MiniOzoneClusterImpl-03c1ce70-80a7-4992-b672-f5473244ce42/datanode-1/data/ratis/426e9ffc-d9d2-4905-9b05-e1777ad31c3d
2019-10-25 05:12:47,386 [main] INFO  impl.RaftServerProxy (RaftServerProxy.java:addNew(89)) - 632d1f61-1fb0-4a9b-a27f-4f3ee937db0d: addNew group-E1777AD31C3D:[] returns group-E1777AD31C3D:java.util.concurrent.CompletableFuture@6e4599c0[Not completed]
2019-10-25 05:12:47,386 [main] INFO  impl.RaftServerProxy (RaftServerProxy.java:lambda$null$0(191)) - 632d1f61-1fb0-4a9b-a27f-4f3ee937db0d: found a subdirectory /workdir/hadoop-ozone/integration-test/target/test-dir/MiniOzoneClusterImpl-03c1ce70-80a7-4992-b672-f5473244ce42/datanode-1/data/ratis/51c31d15-6363-40f4-9154-97c719019643
2019-10-25 05:12:47,386 [main] INFO  impl.RaftServerProxy (RaftServerProxy.java:addNew(89)) - 632d1f61-1fb0-4a9b-a27f-4f3ee937db0d: addNew group-97C719019643:[] returns group-97C719019643:java.util.concurrent.CompletableFuture@7dffda8b[Not completed]
2019-10-25 05:12:47,389 [main] INFO  hdfs.DFSUtil (DFSUtil.java:httpServerTemplateForNNAndJN(1641)) - Starting Web-server for hddsDatanode at: http://0.0.0.0:44549
2019-10-25 05:12:47,390 [pool-59-thread-1] INFO  impl.RaftServerImpl (RaftServerImpl.java:<init>(98)) - 632d1f61-1fb0-4a9b-a27f-4f3ee937db0d: new RaftServerImpl for group-E1777AD31C3D:[] with ContainerStateMachine:uninitialized
2019-10-25 05:12:47,391 [pool-59-thread-1] INFO  server.RaftServerConfigKeys (ConfUtils.java:logGet(43)) - raft.server.rpc.timeout.min = 5s (custom)
2019-10-25 05:12:47,391 [pool-59-thread-1] INFO  server.RaftServerConfigKeys (ConfUtils.java:logGet(43)) - raft.server.rpc.timeout.max = 5200ms (custom)
2019-10-25 05:12:47,391 [pool-59-thread-1] INFO  server.RaftServerConfigKeys (ConfUtils.java:logGet(43)) - raft.server.rpcslowness.timeout = 1000s (custom)
2019-10-25 05:12:47,391 [pool-59-thread-1] INFO  server.RaftServerConfigKeys (ConfUtils.java:logGet(43)) - raft.server.sleep.deviation.threshold = 300 (default)
2019-10-25 05:12:47,392 [pool-59-thread-1] INFO  server.RaftServerConfigKeys (ConfUtils.java:logGet(43)) - raft.server.log.appender.install.snapshot.enabled = false (custom)
2019-10-25 05:12:47,392 [pool-59-thread-1] INFO  impl.RaftServerImpl (ServerState.java:<init>(103)) - 632d1f61-1fb0-4a9b-a27f-4f3ee937db0d@group-E1777AD31C3D: ConfigurationManager, init=-1: [], old=null, confs=<EMPTY_MAP>
2019-10-25 05:12:47,392 [pool-59-thread-1] INFO  server.RaftServerConfigKeys (ConfUtils.java:logGet(43)) - raft.server.storage.dir = [/workdir/hadoop-ozone/integration-test/target/test-dir/MiniOzoneClusterImpl-03c1ce70-80a7-4992-b672-f5473244ce42/datanode-1/data/ratis] (custom)
2019-10-25 05:12:47,393 [pool-59-thread-1] INFO  server.RaftServerConfigKeys (ConfUtils.java:logGet(43)) - raft.server.log.corruption.policy = EXCEPTION (default)
2019-10-25 05:12:47,394 [main] INFO  server.AuthenticationFilter (AuthenticationFilter.java:constructSecretProvider(240)) - Unable to initialize FileSignerSecretProvider, falling back to use random secrets.
2019-10-25 05:12:47,395 [main] WARN  http.HttpRequestLog (HttpRequestLog.java:getRequestLog(97)) - Jetty request log can only be enabled using Log4j
2019-10-25 05:12:47,398 [main] INFO  http.HttpServer2 (HttpServer2.java:addGlobalFilter(975)) - Added global filter 'safety' (class=org.apache.hadoop.http.HttpServer2$QuotingInputFilter)
2019-10-25 05:12:47,399 [main] INFO  http.HttpServer2 (HttpServer2.java:addFilter(948)) - Added filter static_user_filter (class=org.apache.hadoop.http.lib.StaticUserWebFilter$StaticUserFilter) to context hddsDatanode
2019-10-25 05:12:47,399 [main] INFO  http.HttpServer2 (HttpServer2.java:addFilter(958)) - Added filter static_user_filter (class=org.apache.hadoop.http.lib.StaticUserWebFilter$StaticUserFilter) to context logs
2019-10-25 05:12:47,400 [main] INFO  http.HttpServer2 (HttpServer2.java:addFilter(958)) - Added filter static_user_filter (class=org.apache.hadoop.http.lib.StaticUserWebFilter$StaticUserFilter) to context static
2019-10-25 05:12:47,401 [main] INFO  http.HttpServer2 (HttpServer2.java:bindListener(1191)) - Jetty bound to port 44549
2019-10-25 05:12:47,401 [main] INFO  server.Server (Server.java:doStart(351)) - jetty-9.3.25.v20180904, build timestamp: 2018-09-04T21:11:46Z, git hash: 3ce520221d0240229c862b122d2b06c12a625732
2019-10-25 05:12:47,404 [main] INFO  handler.ContextHandler (ContextHandler.java:doStart(781)) - Started o.e.j.s.ServletContextHandler@69f0b0f4{/logs,file:///workdir/hadoop-ozone/integration-test/target/log,AVAILABLE}
2019-10-25 05:12:47,405 [main] INFO  handler.ContextHandler (ContextHandler.java:doStart(781)) - Started o.e.j.s.ServletContextHandler@2f7efd0b{/static,jar:file:/home/user/.m2/repository/org/apache/hadoop/hadoop-hdds-container-service/0.5.0-SNAPSHOT/hadoop-hdds-container-service-0.5.0-SNAPSHOT.jar!/webapps/static,AVAILABLE}
2019-10-25 05:12:47,421 [pool-59-thread-1] INFO  storage.RaftStorageDirectory (RaftStorageDirectory.java:tryLock(328)) - Lock on /workdir/hadoop-ozone/integration-test/target/test-dir/MiniOzoneClusterImpl-03c1ce70-80a7-4992-b672-f5473244ce42/datanode-1/data/ratis/426e9ffc-d9d2-4905-9b05-e1777ad31c3d/in_use.lock acquired by nodename 3948@pr-hdds-1868-bb2j8-1277741604
2019-10-25 05:12:47,423 [pool-59-thread-1] INFO  ratis.ContainerStateMachine (ContainerStateMachine.java:loadSnapshot(233)) - group-E1777AD31C3D: The snapshot info is null. Setting the last applied indexto:(t:0, i:~)
2019-10-25 05:12:47,423 [pool-59-thread-1] INFO  server.RaftServerConfigKeys (ConfUtils.java:logGet(43)) - raft.server.notification.no-leader.timeout = 1000s (custom)
2019-10-25 05:12:47,423 [pool-59-thread-1] INFO  server.RaftServerConfigKeys (ConfUtils.java:logGet(43)) - raft.server.log.use.memory = false (default)
2019-10-25 05:12:47,423 [pool-59-thread-1] INFO  server.RaftServerConfigKeys (ConfUtils.java:logGet(43)) - raft.server.log.purge.gap = 1000000 (custom)
2019-10-25 05:12:47,424 [pool-59-thread-1] INFO  server.RaftServerConfigKeys (ConfUtils.java:logGet(43)) - raft.server.log.appender.buffer.byte-limit = 33554432 (custom)
2019-10-25 05:12:47,424 [pool-59-thread-1] INFO  server.RaftServerConfigKeys (ConfUtils.java:logGet(43)) - raft.server.log.segment.size.max = 1048576 (custom)
2019-10-25 05:12:47,424 [pool-59-thread-1] INFO  server.RaftServerConfigKeys (ConfUtils.java:logGet(43)) - raft.server.log.segment.cache.num.max = 2 (custom)
2019-10-25 05:12:47,424 [pool-59-thread-1] INFO  segmented.SegmentedRaftLogWorker (SegmentedRaftLogWorker.java:<init>(173)) - new 632d1f61-1fb0-4a9b-a27f-4f3ee937db0d@group-E1777AD31C3D-SegmentedRaftLogWorker for RaftStorage:Storage Directory /workdir/hadoop-ozone/integration-test/target/test-dir/MiniOzoneClusterImpl-03c1ce70-80a7-4992-b672-f5473244ce42/datanode-1/data/ratis/426e9ffc-d9d2-4905-9b05-e1777ad31c3d
2019-10-25 05:12:47,424 [pool-59-thread-1] INFO  server.RaftServerConfigKeys (ConfUtils.java:logGet(43)) - raft.server.log.queue.byte-limit = 2147483647 (custom)
2019-10-25 05:12:47,424 [pool-59-thread-1] INFO  server.RaftServerConfigKeys (ConfUtils.java:logGet(43)) - raft.server.log.queue.element-limit = 1024 (custom)
2019-10-25 05:12:47,425 [pool-59-thread-1] INFO  server.RaftServerConfigKeys (ConfUtils.java:logGet(43)) - raft.server.log.segment.size.max = 1048576 (custom)
2019-10-25 05:12:47,425 [pool-59-thread-1] INFO  server.RaftServerConfigKeys (ConfUtils.java:logGet(43)) - raft.server.log.preallocated.size = 16384 (custom)
2019-10-25 05:12:47,425 [pool-59-thread-1] INFO  server.RaftServerConfigKeys (ConfUtils.java:logGet(43)) - raft.server.log.write.buffer.size = 33554432 (custom)
2019-10-25 05:12:47,425 [pool-59-thread-1] INFO  server.RaftServerConfigKeys (ConfUtils.java:logGet(43)) - raft.server.log.force.sync.num = 128 (default)
2019-10-25 05:12:47,425 [pool-59-thread-1] INFO  server.RaftServerConfigKeys (ConfUtils.java:logGet(43)) - raft.server.log.statemachine.data.sync = true (default)
2019-10-25 05:12:47,425 [pool-59-thread-1] INFO  server.RaftServerConfigKeys (ConfUtils.java:logGet(43)) - raft.server.log.statemachine.data.sync.timeout = 10s (default)
2019-10-25 05:12:47,425 [pool-59-thread-1] INFO  server.RaftServerConfigKeys (ConfUtils.java:logGet(43)) - raft.server.log.statemachine.data.sync.timeout.retry = -1 (default)
2019-10-25 05:12:47,426 [pool-59-thread-1] INFO  server.RaftServerConfigKeys (ConfUtils.java:logGet(43)) - raft.server.log.statemachine.data.caching.enabled = true (custom)
2019-10-25 05:12:47,434 [pool-59-thread-1] INFO  impl.RaftServerImpl (ServerState.java:setRaftConf(356)) - 632d1f61-1fb0-4a9b-a27f-4f3ee937db0d@group-E1777AD31C3D: set configuration 0: [632d1f61-1fb0-4a9b-a27f-4f3ee937db0d:192.168.157.246:46686], old=null at 0
2019-10-25 05:12:47,435 [pool-59-thread-1] INFO  segmented.LogSegment (LogSegment.java:loadSegment(140)) - Successfully read 1 entries from segment file /workdir/hadoop-ozone/integration-test/target/test-dir/MiniOzoneClusterImpl-03c1ce70-80a7-4992-b672-f5473244ce42/datanode-1/data/ratis/426e9ffc-d9d2-4905-9b05-e1777ad31c3d/current/log_inprogress_0
2019-10-25 05:12:47,435 [pool-59-thread-1] INFO  segmented.SegmentedRaftLogWorker (SegmentedRaftLogWorker.java:lambda$new$0(128)) - 632d1f61-1fb0-4a9b-a27f-4f3ee937db0d@group-E1777AD31C3D-SegmentedRaftLogWorker: flushIndex: setUnconditionally 0 -> 0
2019-10-25 05:12:47,447 [main] INFO  handler.ContextHandler (ContextHandler.java:doStart(781)) - Started o.e.j.w.WebAppContext@1d408060{/,file:///tmp/jetty-0.0.0.0-44549-hddsDatanode-_-any-7707568705986825446.dir/webapp/,AVAILABLE}{/hddsDatanode}
2019-10-25 05:12:47,448 [main] INFO  server.AbstractConnector (AbstractConnector.java:doStart(278)) - Started ServerConnector@68a78f3c{HTTP/1.1,[http/1.1]}{0.0.0.0:44549}
2019-10-25 05:12:47,469 [main] INFO  server.Server (Server.java:doStart(419)) - Started @120962ms
2019-10-25 05:12:47,469 [pool-59-thread-1] INFO  server.RaftServerConfigKeys (ConfUtils.java:logGet(43)) - raft.server.snapshot.auto.trigger.enabled = true (custom)
2019-10-25 05:12:47,469 [main] WARN  impl.MetricsSystemImpl (MetricsSystemImpl.java:register(276)) - Sink prometheus already exists!
2019-10-25 05:12:47,469 [pool-59-thread-1] INFO  server.RaftServerConfigKeys (ConfUtils.java:logGet(43)) - raft.server.snapshot.auto.trigger.threshold = 10000 (custom)
2019-10-25 05:12:47,469 [pool-59-thread-1] INFO  server.RaftServerConfigKeys (ConfUtils.java:logGet(43)) - raft.server.snapshot.retention.file.num = 5 (custom)
2019-10-25 05:12:47,470 [pool-59-thread-1] INFO  server.RaftServerConfigKeys (ConfUtils.java:logGet(43)) - raft.server.retrycache.expirytime = 600000ms (custom)
2019-10-25 05:12:47,470 [main] INFO  server.BaseHttpServer (BaseHttpServer.java:updateConnectorAddress(215)) - HTTP server of HDDSDATANODE is listening at http://0.0.0.0:44549
2019-10-25 05:12:47,472 [pool-59-thread-1] INFO  impl.RaftServerImpl (RaftServerImpl.java:<init>(98)) - 632d1f61-1fb0-4a9b-a27f-4f3ee937db0d: new RaftServerImpl for group-97C719019643:[] with ContainerStateMachine:uninitialized
2019-10-25 05:12:47,472 [pool-59-thread-1] INFO  server.RaftServerConfigKeys (ConfUtils.java:logGet(43)) - raft.server.rpc.timeout.min = 5s (custom)
2019-10-25 05:12:47,472 [pool-59-thread-1] INFO  server.RaftServerConfigKeys (ConfUtils.java:logGet(43)) - raft.server.rpc.timeout.max = 5200ms (custom)
2019-10-25 05:12:47,472 [org.apache.hadoop.util.JvmPauseMonitor$Monitor@6f88bdbc] INFO  util.JvmPauseMonitor (JvmPauseMonitor.java:run(188)) - Starting JVM pause monitor
2019-10-25 05:12:47,472 [pool-59-thread-1] INFO  server.RaftServerConfigKeys (ConfUtils.java:logGet(43)) - raft.server.rpcslowness.timeout = 1000s (custom)
2019-10-25 05:12:47,472 [pool-59-thread-1] INFO  server.RaftServerConfigKeys (ConfUtils.java:logGet(43)) - raft.server.sleep.deviation.threshold = 300 (default)
2019-10-25 05:12:47,472 [pool-59-thread-1] INFO  server.RaftServerConfigKeys (ConfUtils.java:logGet(43)) - raft.server.log.appender.install.snapshot.enabled = false (custom)
2019-10-25 05:12:47,473 [pool-59-thread-1] INFO  impl.RaftServerImpl (ServerState.java:<init>(103)) - 632d1f61-1fb0-4a9b-a27f-4f3ee937db0d@group-97C719019643: ConfigurationManager, init=-1: [], old=null, confs=<EMPTY_MAP>
2019-10-25 05:12:47,473 [pool-59-thread-1] INFO  server.RaftServerConfigKeys (ConfUtils.java:logGet(43)) - raft.server.storage.dir = [/workdir/hadoop-ozone/integration-test/target/test-dir/MiniOzoneClusterImpl-03c1ce70-80a7-4992-b672-f5473244ce42/datanode-1/data/ratis] (custom)
2019-10-25 05:12:47,473 [pool-59-thread-1] INFO  server.RaftServerConfigKeys (ConfUtils.java:logGet(43)) - raft.server.log.corruption.policy = EXCEPTION (default)
2019-10-25 05:12:47,486 [pool-59-thread-1] INFO  storage.RaftStorageDirectory (RaftStorageDirectory.java:tryLock(328)) - Lock on /workdir/hadoop-ozone/integration-test/target/test-dir/MiniOzoneClusterImpl-03c1ce70-80a7-4992-b672-f5473244ce42/datanode-1/data/ratis/51c31d15-6363-40f4-9154-97c719019643/in_use.lock acquired by nodename 3948@pr-hdds-1868-bb2j8-1277741604
2019-10-25 05:12:47,488 [pool-59-thread-1] INFO  ratis.ContainerStateMachine (ContainerStateMachine.java:loadSnapshot(242)) - group-97C719019643: Setting the last applied index to (t:1, i:3)
2019-10-25 05:12:47,494 [pool-59-thread-1] INFO  impl.RaftServerImpl (ServerState.java:setRaftConf(356)) - 632d1f61-1fb0-4a9b-a27f-4f3ee937db0d@group-97C719019643: set configuration 0: [632d1f61-1fb0-4a9b-a27f-4f3ee937db0d:192.168.157.246:46686, 792578c8-58d9-41cb-99fd-534993a904b7:192.168.157.246:34810, 154b23c8-147d-4903-89d2-8045c7557393:192.168.157.246:33226], old=null at 0
2019-10-25 05:12:47,494 [pool-59-thread-1] INFO  server.RaftServerConfigKeys (ConfUtils.java:logGet(43)) - raft.server.notification.no-leader.timeout = 1000s (custom)
2019-10-25 05:12:47,494 [pool-59-thread-1] INFO  server.RaftServerConfigKeys (ConfUtils.java:logGet(43)) - raft.server.log.use.memory = false (default)
2019-10-25 05:12:47,495 [pool-59-thread-1] INFO  server.RaftServerConfigKeys (ConfUtils.java:logGet(43)) - raft.server.log.purge.gap = 1000000 (custom)
2019-10-25 05:12:47,495 [pool-59-thread-1] INFO  server.RaftServerConfigKeys (ConfUtils.java:logGet(43)) - raft.server.log.appender.buffer.byte-limit = 33554432 (custom)
2019-10-25 05:12:47,495 [pool-59-thread-1] INFO  server.RaftServerConfigKeys (ConfUtils.java:logGet(43)) - raft.server.log.segment.size.max = 1048576 (custom)
2019-10-25 05:12:47,495 [pool-59-thread-1] INFO  server.RaftServerConfigKeys (ConfUtils.java:logGet(43)) - raft.server.log.segment.cache.num.max = 2 (custom)
2019-10-25 05:12:47,495 [pool-59-thread-1] INFO  segmented.SegmentedRaftLogWorker (SegmentedRaftLogWorker.java:<init>(173)) - new 632d1f61-1fb0-4a9b-a27f-4f3ee937db0d@group-97C719019643-SegmentedRaftLogWorker for RaftStorage:Storage Directory /workdir/hadoop-ozone/integration-test/target/test-dir/MiniOzoneClusterImpl-03c1ce70-80a7-4992-b672-f5473244ce42/datanode-1/data/ratis/51c31d15-6363-40f4-9154-97c719019643
2019-10-25 05:12:47,495 [pool-59-thread-1] INFO  server.RaftServerConfigKeys (ConfUtils.java:logGet(43)) - raft.server.log.queue.byte-limit = 2147483647 (custom)
2019-10-25 05:12:47,495 [pool-59-thread-1] INFO  server.RaftServerConfigKeys (ConfUtils.java:logGet(43)) - raft.server.log.queue.element-limit = 1024 (custom)
2019-10-25 05:12:47,495 [pool-59-thread-1] INFO  server.RaftServerConfigKeys (ConfUtils.java:logGet(43)) - raft.server.log.segment.size.max = 1048576 (custom)
2019-10-25 05:12:47,496 [pool-59-thread-1] INFO  server.RaftServerConfigKeys (ConfUtils.java:logGet(43)) - raft.server.log.preallocated.size = 16384 (custom)
2019-10-25 05:12:47,496 [pool-59-thread-1] INFO  server.RaftServerConfigKeys (ConfUtils.java:logGet(43)) - raft.server.log.write.buffer.size = 33554432 (custom)
2019-10-25 05:12:47,496 [pool-59-thread-1] INFO  server.RaftServerConfigKeys (ConfUtils.java:logGet(43)) - raft.server.log.force.sync.num = 128 (default)
2019-10-25 05:12:47,496 [pool-59-thread-1] INFO  server.RaftServerConfigKeys (ConfUtils.java:logGet(43)) - raft.server.log.statemachine.data.sync = true (default)
2019-10-25 05:12:47,496 [pool-59-thread-1] INFO  server.RaftServerConfigKeys (ConfUtils.java:logGet(43)) - raft.server.log.statemachine.data.sync.timeout = 10s (default)
2019-10-25 05:12:47,496 [pool-59-thread-1] INFO  server.RaftServerConfigKeys (ConfUtils.java:logGet(43)) - raft.server.log.statemachine.data.sync.timeout.retry = -1 (default)
2019-10-25 05:12:47,496 [pool-59-thread-1] INFO  server.RaftServerConfigKeys (ConfUtils.java:logGet(43)) - raft.server.log.statemachine.data.caching.enabled = true (custom)
2019-10-25 05:12:47,497 [pool-59-thread-1] INFO  impl.RaftServerImpl (ServerState.java:setRaftConf(356)) - 632d1f61-1fb0-4a9b-a27f-4f3ee937db0d@group-97C719019643: set configuration 0: [632d1f61-1fb0-4a9b-a27f-4f3ee937db0d:192.168.157.246:46686, 792578c8-58d9-41cb-99fd-534993a904b7:192.168.157.246:34810, 154b23c8-147d-4903-89d2-8045c7557393:192.168.157.246:33226], old=null at 0
2019-10-25 05:12:47,498 [pool-59-thread-1] INFO  segmented.LogSegment (LogSegment.java:loadSegment(140)) - Successfully read 5 entries from segment file /workdir/hadoop-ozone/integration-test/target/test-dir/MiniOzoneClusterImpl-03c1ce70-80a7-4992-b672-f5473244ce42/datanode-1/data/ratis/51c31d15-6363-40f4-9154-97c719019643/current/log_inprogress_0
2019-10-25 05:12:47,498 [pool-59-thread-1] INFO  segmented.SegmentedRaftLogWorker (SegmentedRaftLogWorker.java:lambda$new$0(128)) - 632d1f61-1fb0-4a9b-a27f-4f3ee937db0d@group-97C719019643-SegmentedRaftLogWorker: flushIndex: setUnconditionally 0 -> 4
2019-10-25 05:12:47,528 [pool-59-thread-1] INFO  raftlog.RaftLog (RaftLog.java:lambda$new$0(61)) - 632d1f61-1fb0-4a9b-a27f-4f3ee937db0d@group-97C719019643-SegmentedRaftLog: commitIndex: updateToMax old=3, new=3, updated? false
2019-10-25 05:12:47,529 [pool-59-thread-1] INFO  server.RaftServerConfigKeys (ConfUtils.java:logGet(43)) - raft.server.snapshot.auto.trigger.enabled = true (custom)
2019-10-25 05:12:47,529 [pool-59-thread-1] INFO  server.RaftServerConfigKeys (ConfUtils.java:logGet(43)) - raft.server.snapshot.auto.trigger.threshold = 10000 (custom)
2019-10-25 05:12:47,529 [pool-59-thread-1] INFO  server.RaftServerConfigKeys (ConfUtils.java:logGet(43)) - raft.server.snapshot.retention.file.num = 5 (custom)
2019-10-25 05:12:47,529 [pool-59-thread-1] INFO  server.RaftServerConfigKeys (ConfUtils.java:logGet(43)) - raft.server.retrycache.expirytime = 600000ms (custom)
2019-10-25 05:12:47,755 [BlockDeletingService#2] WARN  background.BlockDeletingService (BlockDeletingService.java:isDeletionAllowed(187)) - Close Container log Index 6 is not replicated across allthe servers in the pipeline 51c31d15-6363-40f4-9154-97c719019643 as the min replicated index is 4. Deletion is not allowed in this container yet.
2019-10-25 05:12:47,755 [BlockDeletingService#2] WARN  background.BlockDeletingService (BlockDeletingService.java:isDeletionAllowed(187)) - Close Container log Index 6 is not replicated across allthe servers in the pipeline 51c31d15-6363-40f4-9154-97c719019643 as the min replicated index is 4. Deletion is not allowed in this container yet.
2019-10-25 05:12:48,340 [pool-7-thread-1] INFO  commands.RetriableDatanodeEventWatcher (RetriableDatanodeEventWatcher.java:onTimeout(47)) - RetriableDatanodeCommand type=deleteBlocksCommand with id=1571980366339 timed out. Retrying.
2019-10-25 05:12:48,341 [SCMBlockDeletingService#1] INFO  block.SCMBlockDeletingService (SCMBlockDeletingService.java:call(184)) - Totally added 1 delete blocks command for 1 datanodes, task elapsed time: 0ms
2019-10-25 05:12:48,342 [pool-7-thread-1] INFO  commands.RetriableDatanodeEventWatcher (RetriableDatanodeEventWatcher.java:onTimeout(47)) - RetriableDatanodeCommand type=deleteBlocksCommand with id=1571980366338 timed out. Retrying.
2019-10-25 05:12:48,366 [Thread-562] INFO  client.GrpcClientProtocolService (GrpcClientProtocolService.java:lambda$processClientRequest$0(279)) - Failed RaftClientRequest:client-E384FFB178A4->154b23c8-147d-4903-89d2-8045c7557393@group-97C719019643, cid=22, seq=0, Watch-ALL_COMMITTED(6), Message:<EMPTY>, reply=RaftClientReply:client-E384FFB178A4->154b23c8-147d-4903-89d2-8045c7557393@group-97C719019643, cid=22, FAILED org.apache.ratis.protocol.NotLeaderException: Server 154b23c8-147d-4903-89d2-8045c7557393@group-97C719019643 is not the leader 792578c8-58d9-41cb-99fd-534993a904b7:192.168.157.246:34810, logIndex=0, commits[154b23c8-147d-4903-89d2-8045c7557393:c10, 632d1f61-1fb0-4a9b-a27f-4f3ee937db0d:c4, 792578c8-58d9-41cb-99fd-534993a904b7:c10]
2019-10-25 05:12:48,584 [Thread-565] INFO  client.GrpcClientProtocolService (GrpcClientProtocolService.java:lambda$processClientRequest$0(279)) - Failed RaftClientRequest:client-E384FFB178A4->792578c8-58d9-41cb-99fd-534993a904b7@group-97C719019643, cid=22, seq=0, Watch-ALL_COMMITTED(6), Message:<EMPTY>, reply=RaftClientReply:client-E384FFB178A4->792578c8-58d9-41cb-99fd-534993a904b7@group-97C719019643, cid=22, FAILED org.apache.ratis.protocol.NotReplicatedException: Request with call Id 22 and log index 6 is not yet replicated to ALL_COMMITTED, logIndex=6, commits[792578c8-58d9-41cb-99fd-534993a904b7:c10, 632d1f61-1fb0-4a9b-a27f-4f3ee937db0d:c4, 154b23c8-147d-4903-89d2-8045c7557393:c10]
2019-10-25 05:12:48,757 [BlockDeletingService#2] WARN  background.BlockDeletingService (BlockDeletingService.java:isDeletionAllowed(187)) - Close Container log Index 6 is not replicated across allthe servers in the pipeline 51c31d15-6363-40f4-9154-97c719019643 as the min replicated index is 4. Deletion is not allowed in this container yet.
2019-10-25 05:12:48,758 [BlockDeletingService#2] WARN  background.BlockDeletingService (BlockDeletingService.java:isDeletionAllowed(187)) - Close Container log Index 6 is not replicated across allthe servers in the pipeline 51c31d15-6363-40f4-9154-97c719019643 as the min replicated index is 4. Deletion is not allowed in this container yet.
2019-10-25 05:12:49,200 [java.util.concurrent.ThreadPoolExecutor$Worker@488e248e[State = -1, empty queue]] WARN  server.GrpcLogAppender (GrpcLogAppender.java:timeoutAppendRequest(209)) - 792578c8-58d9-41cb-99fd-534993a904b7@group-97C719019643->632d1f61-1fb0-4a9b-a27f-4f3ee937db0d-GrpcLogAppender: appendEntries Timeout, request=792578c8-58d9-41cb-99fd-534993a904b7->632d1f61-1fb0-4a9b-a27f-4f3ee937db0d#51-t1, previous=(t:1, i:10), leaderCommit=10, initializing? false, entries: <empty>
2019-10-25 05:12:49,341 [pool-7-thread-1] INFO  commands.RetriableDatanodeEventWatcher (RetriableDatanodeEventWatcher.java:onTimeout(47)) - RetriableDatanodeCommand type=deleteBlocksCommand with id=1571980366338 timed out. Retrying.
2019-10-25 05:12:49,342 [pool-7-thread-2] INFO  commands.RetriableDatanodeEventWatcher (RetriableDatanodeEventWatcher.java:onTimeout(47)) - RetriableDatanodeCommand type=deleteBlocksCommand with id=1571980366339 timed out. Retrying.
2019-10-25 05:12:49,342 [pool-7-thread-3] INFO  commands.RetriableDatanodeEventWatcher (RetriableDatanodeEventWatcher.java:onTimeout(47)) - RetriableDatanodeCommand type=deleteBlocksCommand with id=1571980366340 timed out. Retrying.
2019-10-25 05:12:49,342 [SCMBlockDeletingService#1] INFO  block.SCMBlockDeletingService (SCMBlockDeletingService.java:call(184)) - Totally added 1 delete blocks command for 1 datanodes, task elapsed time: 1ms
2019-10-25 05:12:49,474 [Datanode State Machine Thread - 0] INFO  ozoneimpl.OzoneContainer (OzoneContainer.java:start(213)) - Attempting to start container services.
2019-10-25 05:12:49,474 [Datanode State Machine Thread - 0] INFO  ozoneimpl.OzoneContainer (OzoneContainer.java:startContainerScrub(177)) - Background container scanner has been disabled.
2019-10-25 05:12:49,474 [Datanode State Machine Thread - 0] INFO  ratis.XceiverServerRatis (XceiverServerRatis.java:start(425)) - Starting XceiverServerRatis 632d1f61-1fb0-4a9b-a27f-4f3ee937db0d at port 46686
2019-10-25 05:12:49,488 [Datanode State Machine Thread - 0] INFO  impl.RaftServerImpl (RaftServerImpl.java:start(184)) - 632d1f61-1fb0-4a9b-a27f-4f3ee937db0d@group-E1777AD31C3D: start as a follower, conf=0: [632d1f61-1fb0-4a9b-a27f-4f3ee937db0d:192.168.157.246:46686], old=null
2019-10-25 05:12:49,489 [ForkJoinPool.commonPool-worker-0] INFO  impl.RaftServerImpl (RaftServerImpl.java:start(184)) - 632d1f61-1fb0-4a9b-a27f-4f3ee937db0d@group-97C719019643: start as a follower, conf=0: [632d1f61-1fb0-4a9b-a27f-4f3ee937db0d:192.168.157.246:46686, 792578c8-58d9-41cb-99fd-534993a904b7:192.168.157.246:34810, 154b23c8-147d-4903-89d2-8045c7557393:192.168.157.246:33226], old=null
2019-10-25 05:12:49,489 [Datanode State Machine Thread - 0] INFO  impl.RaftServerImpl (RaftServerImpl.java:setRole(173)) - 632d1f61-1fb0-4a9b-a27f-4f3ee937db0d@group-E1777AD31C3D: changes role from      null to FOLLOWER at term 1 for startAsFollower
2019-10-25 05:12:49,489 [ForkJoinPool.commonPool-worker-0] INFO  impl.RaftServerImpl (RaftServerImpl.java:setRole(173)) - 632d1f61-1fb0-4a9b-a27f-4f3ee937db0d@group-97C719019643: changes role from      null to FOLLOWER at term 1 for startAsFollower
2019-10-25 05:12:49,489 [Datanode State Machine Thread - 0] INFO  impl.RoleInfo (RoleInfo.java:updateAndGet(143)) - 632d1f61-1fb0-4a9b-a27f-4f3ee937db0d: start FollowerState
2019-10-25 05:12:49,489 [ForkJoinPool.commonPool-worker-0] INFO  impl.RoleInfo (RoleInfo.java:updateAndGet(143)) - 632d1f61-1fb0-4a9b-a27f-4f3ee937db0d: start FollowerState
2019-10-25 05:12:49,490 [Datanode State Machine Thread - 0] INFO  util.JmxRegister (JmxRegister.java:tryRegister(44)) - Successfully registered JMX Bean with object name Ratis:service=RaftServer,group=group-E1777AD31C3D,id=632d1f61-1fb0-4a9b-a27f-4f3ee937db0d
2019-10-25 05:12:49,490 [ForkJoinPool.commonPool-worker-0] INFO  util.JmxRegister (JmxRegister.java:tryRegister(44)) - Successfully registered JMX Bean with object name Ratis:service=RaftServer,group=group-97C719019643,id=632d1f61-1fb0-4a9b-a27f-4f3ee937db0d
2019-10-25 05:12:49,492 [Datanode State Machine Thread - 0] INFO  impl.RaftServerProxy (RaftServerProxy.java:lambda$start$3(299)) - 632d1f61-1fb0-4a9b-a27f-4f3ee937db0d: start RPC server
2019-10-25 05:12:49,493 [Datanode State Machine Thread - 0] INFO  server.GrpcService (GrpcService.java:startImpl(158)) - 632d1f61-1fb0-4a9b-a27f-4f3ee937db0d: GrpcService started, listening on 0.0.0.0/0.0.0.0:46686
2019-10-25 05:12:49,760 [BlockDeletingService#2] WARN  background.BlockDeletingService (BlockDeletingService.java:isDeletionAllowed(187)) - Close Container log Index 6 is not replicated across allthe servers in the pipeline 51c31d15-6363-40f4-9154-97c719019643 as the min replicated index is 4. Deletion is not allowed in this container yet.
2019-10-25 05:12:49,760 [BlockDeletingService#2] WARN  background.BlockDeletingService (BlockDeletingService.java:isDeletionAllowed(187)) - Close Container log Index 6 is not replicated across allthe servers in the pipeline 51c31d15-6363-40f4-9154-97c719019643 as the min replicated index is 4. Deletion is not allowed in this container yet.
2019-10-25 05:12:50,342 [pool-7-thread-3] INFO  commands.RetriableDatanodeEventWatcher (RetriableDatanodeEventWatcher.java:onTimeout(47)) - RetriableDatanodeCommand type=deleteBlocksCommand with id=1571980366338 timed out. Retrying.
2019-10-25 05:12:50,342 [pool-7-thread-1] INFO  commands.RetriableDatanodeEventWatcher (RetriableDatanodeEventWatcher.java:onTimeout(47)) - RetriableDatanodeCommand type=deleteBlocksCommand with id=1571980366341 timed out. Retrying.
2019-10-25 05:12:50,343 [pool-7-thread-2] INFO  commands.RetriableDatanodeEventWatcher (RetriableDatanodeEventWatcher.java:onTimeout(47)) - RetriableDatanodeCommand type=deleteBlocksCommand with id=1571980366339 timed out. Retrying.
2019-10-25 05:12:50,343 [pool-7-thread-1] INFO  commands.RetriableDatanodeEventWatcher (RetriableDatanodeEventWatcher.java:onTimeout(47)) - RetriableDatanodeCommand type=deleteBlocksCommand with id=1571980366340 timed out. Retrying.
2019-10-25 05:12:50,343 [SCMBlockDeletingService#1] INFO  block.SCMBlockDeletingService (SCMBlockDeletingService.java:call(184)) - Totally added 1 delete blocks command for 1 datanodes, task elapsed time: 1ms
2019-10-25 05:12:50,763 [BlockDeletingService#2] WARN  background.BlockDeletingService (BlockDeletingService.java:isDeletionAllowed(187)) - Close Container log Index 6 is not replicated across allthe servers in the pipeline 51c31d15-6363-40f4-9154-97c719019643 as the min replicated index is 4. Deletion is not allowed in this container yet.
2019-10-25 05:12:50,763 [BlockDeletingService#2] WARN  background.BlockDeletingService (BlockDeletingService.java:isDeletionAllowed(187)) - Close Container log Index 6 is not replicated across allthe servers in the pipeline 51c31d15-6363-40f4-9154-97c719019643 as the min replicated index is 4. Deletion is not allowed in this container yet.
2019-10-25 05:12:51,344 [pool-7-thread-2] INFO  commands.RetriableDatanodeEventWatcher (RetriableDatanodeEventWatcher.java:onTimeout(47)) - RetriableDatanodeCommand type=deleteBlocksCommand with id=1571980366339 timed out. Retrying.
2019-10-25 05:12:51,344 [pool-7-thread-4] INFO  commands.RetriableDatanodeEventWatcher (RetriableDatanodeEventWatcher.java:onTimeout(47)) - RetriableDatanodeCommand type=deleteBlocksCommand with id=1571980366340 timed out. Retrying.
2019-10-25 05:12:51,344 [pool-7-thread-3] INFO  commands.RetriableDatanodeEventWatcher (RetriableDatanodeEventWatcher.java:onTimeout(47)) - RetriableDatanodeCommand type=deleteBlocksCommand with id=1571980366342 timed out. Retrying.
2019-10-25 05:12:51,345 [pool-7-thread-1] INFO  commands.RetriableDatanodeEventWatcher (RetriableDatanodeEventWatcher.java:onTimeout(47)) - RetriableDatanodeCommand type=deleteBlocksCommand with id=1571980366338 timed out. Retrying.
2019-10-25 05:12:51,345 [pool-7-thread-5] INFO  commands.RetriableDatanodeEventWatcher (RetriableDatanodeEventWatcher.java:onTimeout(47)) - RetriableDatanodeCommand type=deleteBlocksCommand with id=1571980366341 timed out. Retrying.
2019-10-25 05:12:51,345 [SCMBlockDeletingService#1] INFO  block.SCMBlockDeletingService (SCMBlockDeletingService.java:call(184)) - Totally added 1 delete blocks command for 1 datanodes, task elapsed time: 2ms
2019-10-25 05:12:51,476 [EventQueue-PendingDeleteStatusForPendingDeleteHandler] INFO  block.SCMBlockDeletingService (SCMBlockDeletingService.java:handlePendingDeletes(115)) - Block deletion txnID mismatch in datanode 632d1f61-1fb0-4a9b-a27f-4f3ee937db0d for containerID 1. Datanode delete txnID: 0, SCM txnID: 1
2019-10-25 05:12:51,701 [java.util.concurrent.ThreadPoolExecutor$Worker@488e248e[State = -1, empty queue]] WARN  server.GrpcLogAppender (GrpcLogAppender.java:timeoutAppendRequest(209)) - 792578c8-58d9-41cb-99fd-534993a904b7@group-97C719019643->632d1f61-1fb0-4a9b-a27f-4f3ee937db0d-GrpcLogAppender: appendEntries Timeout, request=792578c8-58d9-41cb-99fd-534993a904b7->632d1f61-1fb0-4a9b-a27f-4f3ee937db0d#52-t1, previous=(t:1, i:10), leaderCommit=10, initializing? false, entries: <empty>
2019-10-25 05:12:51,765 [BlockDeletingService#2] WARN  background.BlockDeletingService (BlockDeletingService.java:isDeletionAllowed(187)) - Close Container log Index 6 is not replicated across allthe servers in the pipeline 51c31d15-6363-40f4-9154-97c719019643 as the min replicated index is 4. Deletion is not allowed in this container yet.
2019-10-25 05:12:51,765 [BlockDeletingService#2] WARN  background.BlockDeletingService (BlockDeletingService.java:isDeletionAllowed(187)) - Close Container log Index 6 is not replicated across allthe servers in the pipeline 51c31d15-6363-40f4-9154-97c719019643 as the min replicated index is 4. Deletion is not allowed in this container yet.
2019-10-25 05:12:52,345 [pool-7-thread-5] INFO  commands.RetriableDatanodeEventWatcher (RetriableDatanodeEventWatcher.java:onTimeout(47)) - RetriableDatanodeCommand type=deleteBlocksCommand with id=1571980366339 timed out. Retrying.
2019-10-25 05:12:52,345 [pool-7-thread-1] INFO  commands.RetriableDatanodeEventWatcher (RetriableDatanodeEventWatcher.java:onTimeout(47)) - RetriableDatanodeCommand type=deleteBlocksCommand with id=1571980366340 timed out. Retrying.
2019-10-25 05:12:52,345 [pool-7-thread-2] INFO  commands.RetriableDatanodeEventWatcher (RetriableDatanodeEventWatcher.java:onTimeout(47)) - RetriableDatanodeCommand type=deleteBlocksCommand with id=1571980366341 timed out. Retrying.
2019-10-25 05:12:52,346 [pool-7-thread-4] INFO  commands.RetriableDatanodeEventWatcher (RetriableDatanodeEventWatcher.java:onTimeout(47)) - RetriableDatanodeCommand type=deleteBlocksCommand with id=1571980366343 timed out. Retrying.
2019-10-25 05:12:52,346 [pool-7-thread-3] INFO  commands.RetriableDatanodeEventWatcher (RetriableDatanodeEventWatcher.java:onTimeout(47)) - RetriableDatanodeCommand type=deleteBlocksCommand with id=1571980366342 timed out. Retrying.
2019-10-25 05:12:52,346 [pool-7-thread-5] INFO  commands.RetriableDatanodeEventWatcher (RetriableDatanodeEventWatcher.java:onTimeout(47)) - RetriableDatanodeCommand type=deleteBlocksCommand with id=1571980366338 timed out. Retrying.
2019-10-25 05:12:52,346 [SCMBlockDeletingService#1] INFO  block.SCMBlockDeletingService (SCMBlockDeletingService.java:call(184)) - Totally added 1 delete blocks command for 1 datanodes, task elapsed time: 1ms
2019-10-25 05:12:52,767 [BlockDeletingService#2] WARN  background.BlockDeletingService (BlockDeletingService.java:isDeletionAllowed(187)) - Close Container log Index 6 is not replicated across allthe servers in the pipeline 51c31d15-6363-40f4-9154-97c719019643 as the min replicated index is 4. Deletion is not allowed in this container yet.
2019-10-25 05:12:52,767 [BlockDeletingService#2] WARN  background.BlockDeletingService (BlockDeletingService.java:isDeletionAllowed(187)) - Close Container log Index 6 is not replicated across allthe servers in the pipeline 51c31d15-6363-40f4-9154-97c719019643 as the min replicated index is 4. Deletion is not allowed in this container yet.
2019-10-25 05:12:53,345 [pool-7-thread-5] INFO  commands.RetriableDatanodeEventWatcher (RetriableDatanodeEventWatcher.java:onTimeout(47)) - RetriableDatanodeCommand type=deleteBlocksCommand with id=1571980366338 timed out. Retrying.
2019-10-25 05:12:53,346 [pool-7-thread-6] INFO  commands.RetriableDatanodeEventWatcher (RetriableDatanodeEventWatcher.java:onTimeout(47)) - RetriableDatanodeCommand type=deleteBlocksCommand with id=1571980366341 timed out. Retrying.
2019-10-25 05:12:53,346 [pool-7-thread-4] INFO  commands.RetriableDatanodeEventWatcher (RetriableDatanodeEventWatcher.java:onTimeout(47)) - RetriableDatanodeCommand type=deleteBlocksCommand with id=1571980366342 timed out. Retrying.
2019-10-25 05:12:53,346 [pool-7-thread-2] INFO  commands.RetriableDatanodeEventWatcher (RetriableDatanodeEventWatcher.java:onTimeout(47)) - RetriableDatanodeCommand type=deleteBlocksCommand with id=1571980366343 timed out. Retrying.
2019-10-25 05:12:53,347 [pool-7-thread-1] INFO  commands.RetriableDatanodeEventWatcher (RetriableDatanodeEventWatcher.java:onTimeout(47)) - RetriableDatanodeCommand type=deleteBlocksCommand with id=1571980366340 timed out. Retrying.
2019-10-25 05:12:53,347 [pool-7-thread-3] INFO  commands.RetriableDatanodeEventWatcher (RetriableDatanodeEventWatcher.java:onTimeout(47)) - RetriableDatanodeCommand type=deleteBlocksCommand with id=1571980366339 timed out. Retrying.
2019-10-25 05:12:53,347 [pool-7-thread-6] INFO  commands.RetriableDatanodeEventWatcher (RetriableDatanodeEventWatcher.java:onTimeout(47)) - RetriableDatanodeCommand type=deleteBlocksCommand with id=1571980366344 timed out. Retrying.
2019-10-25 05:12:53,347 [SCMBlockDeletingService#1] INFO  block.SCMBlockDeletingService (SCMBlockDeletingService.java:call(184)) - Totally added 1 delete blocks command for 1 datanodes, task elapsed time: 1ms
2019-10-25 05:12:53,473 [EventQueue-PendingDeleteStatusForPendingDeleteHandler] INFO  block.SCMBlockDeletingService (SCMBlockDeletingService.java:handlePendingDeletes(115)) - Block deletion txnID mismatch in datanode 632d1f61-1fb0-4a9b-a27f-4f3ee937db0d for containerID 1. Datanode delete txnID: 0, SCM txnID: 1
2019-10-25 05:12:53,517 [grpc-default-executor-1] INFO  impl.RaftServerProxy (RaftServerProxy.java:addNew(89)) - 632d1f61-1fb0-4a9b-a27f-4f3ee937db0d: addNew group-7BC786DAB9A2:[632d1f61-1fb0-4a9b-a27f-4f3ee937db0d:192.168.157.246:46686] returns group-7BC786DAB9A2:java.util.concurrent.CompletableFuture@77e12368[Not completed]
2019-10-25 05:12:53,520 [pool-59-thread-1] INFO  impl.RaftServerImpl (RaftServerImpl.java:<init>(98)) - 632d1f61-1fb0-4a9b-a27f-4f3ee937db0d: new RaftServerImpl for group-7BC786DAB9A2:[632d1f61-1fb0-4a9b-a27f-4f3ee937db0d:192.168.157.246:46686] with ContainerStateMachine:uninitialized
2019-10-25 05:12:53,520 [pool-59-thread-1] INFO  server.RaftServerConfigKeys (ConfUtils.java:logGet(43)) - raft.server.rpc.timeout.min = 5s (custom)
2019-10-25 05:12:53,520 [pool-59-thread-1] INFO  server.RaftServerConfigKeys (ConfUtils.java:logGet(43)) - raft.server.rpc.timeout.max = 5200ms (custom)
2019-10-25 05:12:53,520 [pool-59-thread-1] INFO  server.RaftServerConfigKeys (ConfUtils.java:logGet(43)) - raft.server.rpcslowness.timeout = 1000s (custom)
2019-10-25 05:12:53,520 [pool-59-thread-1] INFO  server.RaftServerConfigKeys (ConfUtils.java:logGet(43)) - raft.server.sleep.deviation.threshold = 300 (default)
2019-10-25 05:12:53,520 [pool-59-thread-1] INFO  server.RaftServerConfigKeys (ConfUtils.java:logGet(43)) - raft.server.log.appender.install.snapshot.enabled = false (custom)
2019-10-25 05:12:53,521 [pool-59-thread-1] INFO  impl.RaftServerImpl (ServerState.java:<init>(103)) - 632d1f61-1fb0-4a9b-a27f-4f3ee937db0d@group-7BC786DAB9A2: ConfigurationManager, init=-1: [632d1f61-1fb0-4a9b-a27f-4f3ee937db0d:192.168.157.246:46686], old=null, confs=<EMPTY_MAP>
2019-10-25 05:12:53,521 [pool-59-thread-1] INFO  server.RaftServerConfigKeys (ConfUtils.java:logGet(43)) - raft.server.storage.dir = [/workdir/hadoop-ozone/integration-test/target/test-dir/MiniOzoneClusterImpl-03c1ce70-80a7-4992-b672-f5473244ce42/datanode-1/data/ratis] (custom)
2019-10-25 05:12:53,521 [pool-59-thread-1] INFO  server.RaftServerConfigKeys (ConfUtils.java:logGet(43)) - raft.server.log.corruption.policy = EXCEPTION (default)
2019-10-25 05:12:53,521 [pool-59-thread-1] INFO  storage.RaftStorageDirectory (RaftStorageDirectory.java:analyzeStorage(246)) - The storage directory /workdir/hadoop-ozone/integration-test/target/test-dir/MiniOzoneClusterImpl-03c1ce70-80a7-4992-b672-f5473244ce42/datanode-1/data/ratis/b36ab472-de99-4805-8503-7bc786dab9a2 does not exist. Creating ...
2019-10-25 05:12:53,536 [pool-59-thread-1] INFO  storage.RaftStorageDirectory (RaftStorageDirectory.java:tryLock(328)) - Lock on /workdir/hadoop-ozone/integration-test/target/test-dir/MiniOzoneClusterImpl-03c1ce70-80a7-4992-b672-f5473244ce42/datanode-1/data/ratis/b36ab472-de99-4805-8503-7bc786dab9a2/in_use.lock acquired by nodename 3948@pr-hdds-1868-bb2j8-1277741604
2019-10-25 05:12:53,549 [pool-59-thread-1] INFO  storage.RaftStorage (RaftStorage.java:format(84)) - Storage directory /workdir/hadoop-ozone/integration-test/target/test-dir/MiniOzoneClusterImpl-03c1ce70-80a7-4992-b672-f5473244ce42/datanode-1/data/ratis/b36ab472-de99-4805-8503-7bc786dab9a2 has been successfully formatted.
2019-10-25 05:12:53,549 [pool-59-thread-1] INFO  ratis.ContainerStateMachine (ContainerStateMachine.java:loadSnapshot(233)) - group-7BC786DAB9A2: The snapshot info is null. Setting the last applied indexto:(t:0, i:~)
2019-10-25 05:12:53,549 [pool-59-thread-1] INFO  server.RaftServerConfigKeys (ConfUtils.java:logGet(43)) - raft.server.notification.no-leader.timeout = 1000s (custom)
2019-10-25 05:12:53,549 [pool-59-thread-1] INFO  server.RaftServerConfigKeys (ConfUtils.java:logGet(43)) - raft.server.log.use.memory = false (default)
2019-10-25 05:12:53,550 [pool-59-thread-1] INFO  server.RaftServerConfigKeys (ConfUtils.java:logGet(43)) - raft.server.log.purge.gap = 1000000 (custom)
2019-10-25 05:12:53,550 [pool-59-thread-1] INFO  server.RaftServerConfigKeys (ConfUtils.java:logGet(43)) - raft.server.log.appender.buffer.byte-limit = 33554432 (custom)
2019-10-25 05:12:53,550 [pool-59-thread-1] INFO  server.RaftServerConfigKeys (ConfUtils.java:logGet(43)) - raft.server.log.segment.size.max = 1048576 (custom)
2019-10-25 05:12:53,550 [pool-59-thread-1] INFO  server.RaftServerConfigKeys (ConfUtils.java:logGet(43)) - raft.server.log.segment.cache.num.max = 2 (custom)
2019-10-25 05:12:53,550 [pool-59-thread-1] INFO  segmented.SegmentedRaftLogWorker (SegmentedRaftLogWorker.java:<init>(173)) - new 632d1f61-1fb0-4a9b-a27f-4f3ee937db0d@group-7BC786DAB9A2-SegmentedRaftLogWorker for RaftStorage:Storage Directory /workdir/hadoop-ozone/integration-test/target/test-dir/MiniOzoneClusterImpl-03c1ce70-80a7-4992-b672-f5473244ce42/datanode-1/data/ratis/b36ab472-de99-4805-8503-7bc786dab9a2
2019-10-25 05:12:53,550 [pool-59-thread-1] INFO  server.RaftServerConfigKeys (ConfUtils.java:logGet(43)) - raft.server.log.queue.byte-limit = 2147483647 (custom)
2019-10-25 05:12:53,551 [pool-59-thread-1] INFO  server.RaftServerConfigKeys (ConfUtils.java:logGet(43)) - raft.server.log.queue.element-limit = 1024 (custom)
2019-10-25 05:12:53,551 [pool-59-thread-1] INFO  server.RaftServerConfigKeys (ConfUtils.java:logGet(43)) - raft.server.log.segment.size.max = 1048576 (custom)
2019-10-25 05:12:53,551 [pool-59-thread-1] INFO  server.RaftServerConfigKeys (ConfUtils.java:logGet(43)) - raft.server.log.preallocated.size = 16384 (custom)
2019-10-25 05:12:53,551 [pool-59-thread-1] INFO  server.RaftServerConfigKeys (ConfUtils.java:logGet(43)) - raft.server.log.write.buffer.size = 33554432 (custom)
2019-10-25 05:12:53,551 [pool-59-thread-1] INFO  server.RaftServerConfigKeys (ConfUtils.java:logGet(43)) - raft.server.log.force.sync.num = 128 (default)
2019-10-25 05:12:53,551 [pool-59-thread-1] INFO  server.RaftServerConfigKeys (ConfUtils.java:logGet(43)) - raft.server.log.statemachine.data.sync = true (default)
2019-10-25 05:12:53,551 [pool-59-thread-1] INFO  server.RaftServerConfigKeys (ConfUtils.java:logGet(43)) - raft.server.log.statemachine.data.sync.timeout = 10s (default)
2019-10-25 05:12:53,552 [pool-59-thread-1] INFO  server.RaftServerConfigKeys (ConfUtils.java:logGet(43)) - raft.server.log.statemachine.data.sync.timeout.retry = -1 (default)
2019-10-25 05:12:53,552 [pool-59-thread-1] INFO  server.RaftServerConfigKeys (ConfUtils.java:logGet(43)) - raft.server.log.statemachine.data.caching.enabled = true (custom)
2019-10-25 05:12:53,552 [pool-59-thread-1] INFO  segmented.SegmentedRaftLogWorker (SegmentedRaftLogWorker.java:lambda$new$0(128)) - 632d1f61-1fb0-4a9b-a27f-4f3ee937db0d@group-7BC786DAB9A2-SegmentedRaftLogWorker: flushIndex: setUnconditionally 0 -> -1
2019-10-25 05:12:53,553 [pool-59-thread-1] INFO  server.RaftServerConfigKeys (ConfUtils.java:logGet(43)) - raft.server.snapshot.auto.trigger.enabled = true (custom)
2019-10-25 05:12:53,553 [pool-59-thread-1] INFO  server.RaftServerConfigKeys (ConfUtils.java:logGet(43)) - raft.server.snapshot.auto.trigger.threshold = 10000 (custom)
2019-10-25 05:12:53,553 [pool-59-thread-1] INFO  server.RaftServerConfigKeys (ConfUtils.java:logGet(43)) - raft.server.snapshot.retention.file.num = 5 (custom)
2019-10-25 05:12:53,553 [pool-59-thread-1] INFO  server.RaftServerConfigKeys (ConfUtils.java:logGet(43)) - raft.server.retrycache.expirytime = 600000ms (custom)
2019-10-25 05:12:53,553 [pool-59-thread-1] WARN  impl.MetricRegistriesImpl (MetricRegistriesImpl.java:lambda$create$1(61)) - First MetricRegistry has been created without registering reporters. You may need to call MetricRegistries.global().addReportRegistration(...) before.
2019-10-25 05:12:53,554 [pool-59-thread-1] WARN  impl.MetricRegistriesImpl (MetricRegistriesImpl.java:lambda$create$1(61)) - First MetricRegistry has been created without registering reporters. You may need to call MetricRegistries.global().addReportRegistration(...) before.
2019-10-25 05:12:53,554 [pool-59-thread-1] INFO  impl.RaftServerImpl (RaftServerImpl.java:start(184)) - 632d1f61-1fb0-4a9b-a27f-4f3ee937db0d@group-7BC786DAB9A2: start as a follower, conf=-1: [632d1f61-1fb0-4a9b-a27f-4f3ee937db0d:192.168.157.246:46686], old=null
2019-10-25 05:12:53,554 [pool-59-thread-1] INFO  impl.RaftServerImpl (RaftServerImpl.java:setRole(173)) - 632d1f61-1fb0-4a9b-a27f-4f3ee937db0d@group-7BC786DAB9A2: changes role from      null to FOLLOWER at term 0 for startAsFollower
2019-10-25 05:12:53,554 [pool-59-thread-1] INFO  impl.RoleInfo (RoleInfo.java:updateAndGet(143)) - 632d1f61-1fb0-4a9b-a27f-4f3ee937db0d: start FollowerState
2019-10-25 05:12:53,555 [pool-59-thread-1] INFO  util.JmxRegister (JmxRegister.java:tryRegister(44)) - Successfully registered JMX Bean with object name Ratis:service=RaftServer,group=group-7BC786DAB9A2,id=632d1f61-1fb0-4a9b-a27f-4f3ee937db0d
2019-10-25 05:12:53,555 [pool-59-thread-1] WARN  impl.MetricRegistriesImpl (MetricRegistriesImpl.java:lambda$create$1(61)) - First MetricRegistry has been created without registering reporters. You may need to call MetricRegistries.global().addReportRegistration(...) before.
2019-10-25 05:12:53,562 [RatisPipelineUtilsThread] INFO  pipeline.PipelineStateManager (PipelineStateManager.java:addPipeline(55)) - Created pipeline Pipeline[ Id: b36ab472-de99-4805-8503-7bc786dab9a2, Nodes: 632d1f61-1fb0-4a9b-a27f-4f3ee937db0d{ip: 192.168.157.246, host: pr-hdds-1868-bb2j8-1277741604, networkLocation: /default-rack, certSerialId: null}, Type:RATIS, Factor:ONE, State:ALLOCATED]
2019-10-25 05:12:53,582 [grpc-default-executor-1] INFO  impl.RaftServerProxy (RaftServerProxy.java:addNew(89)) - 154b23c8-147d-4903-89d2-8045c7557393: addNew group-612E7A159A4C:[632d1f61-1fb0-4a9b-a27f-4f3ee937db0d:192.168.157.246:46686, 792578c8-58d9-41cb-99fd-534993a904b7:192.168.157.246:34810, 154b23c8-147d-4903-89d2-8045c7557393:192.168.157.246:33226] returns group-612E7A159A4C:java.util.concurrent.CompletableFuture@142d2a77[Not completed]
2019-10-25 05:12:53,582 [grpc-default-executor-0] INFO  impl.RaftServerProxy (RaftServerProxy.java:addNew(89)) - 792578c8-58d9-41cb-99fd-534993a904b7: addNew group-612E7A159A4C:[632d1f61-1fb0-4a9b-a27f-4f3ee937db0d:192.168.157.246:46686, 792578c8-58d9-41cb-99fd-534993a904b7:192.168.157.246:34810, 154b23c8-147d-4903-89d2-8045c7557393:192.168.157.246:33226] returns group-612E7A159A4C:java.util.concurrent.CompletableFuture@10afe932[Not completed]
2019-10-25 05:12:53,582 [grpc-default-executor-2] INFO  impl.RaftServerProxy (RaftServerProxy.java:addNew(89)) - 632d1f61-1fb0-4a9b-a27f-4f3ee937db0d: addNew group-612E7A159A4C:[632d1f61-1fb0-4a9b-a27f-4f3ee937db0d:192.168.157.246:46686, 792578c8-58d9-41cb-99fd-534993a904b7:192.168.157.246:34810, 154b23c8-147d-4903-89d2-8045c7557393:192.168.157.246:33226] returns group-612E7A159A4C:java.util.concurrent.CompletableFuture@94ad994[Not completed]
2019-10-25 05:12:53,585 [pool-59-thread-1] INFO  impl.RaftServerImpl (RaftServerImpl.java:<init>(98)) - 632d1f61-1fb0-4a9b-a27f-4f3ee937db0d: new RaftServerImpl for group-612E7A159A4C:[632d1f61-1fb0-4a9b-a27f-4f3ee937db0d:192.168.157.246:46686, 792578c8-58d9-41cb-99fd-534993a904b7:192.168.157.246:34810, 154b23c8-147d-4903-89d2-8045c7557393:192.168.157.246:33226] with ContainerStateMachine:uninitialized
2019-10-25 05:12:53,586 [pool-59-thread-1] INFO  server.RaftServerConfigKeys (ConfUtils.java:logGet(43)) - raft.server.rpc.timeout.min = 5s (custom)
2019-10-25 05:12:53,586 [pool-59-thread-1] INFO  server.RaftServerConfigKeys (ConfUtils.java:logGet(43)) - raft.server.rpc.timeout.max = 5200ms (custom)
2019-10-25 05:12:53,586 [pool-59-thread-1] INFO  server.RaftServerConfigKeys (ConfUtils.java:logGet(43)) - raft.server.rpcslowness.timeout = 1000s (custom)
2019-10-25 05:12:53,586 [pool-59-thread-1] INFO  server.RaftServerConfigKeys (ConfUtils.java:logGet(43)) - raft.server.sleep.deviation.threshold = 300 (default)
2019-10-25 05:12:53,586 [pool-59-thread-1] INFO  server.RaftServerConfigKeys (ConfUtils.java:logGet(43)) - raft.server.log.appender.install.snapshot.enabled = false (custom)
2019-10-25 05:12:53,587 [pool-47-thread-1] INFO  impl.RaftServerImpl (RaftServerImpl.java:<init>(98)) - 792578c8-58d9-41cb-99fd-534993a904b7: new RaftServerImpl for group-612E7A159A4C:[632d1f61-1fb0-4a9b-a27f-4f3ee937db0d:192.168.157.246:46686, 792578c8-58d9-41cb-99fd-534993a904b7:192.168.157.246:34810, 154b23c8-147d-4903-89d2-8045c7557393:192.168.157.246:33226] with ContainerStateMachine:uninitialized
2019-10-25 05:12:53,587 [pool-59-thread-1] INFO  impl.RaftServerImpl (ServerState.java:<init>(103)) - 632d1f61-1fb0-4a9b-a27f-4f3ee937db0d@group-612E7A159A4C: ConfigurationManager, init=-1: [632d1f61-1fb0-4a9b-a27f-4f3ee937db0d:192.168.157.246:46686, 792578c8-58d9-41cb-99fd-534993a904b7:192.168.157.246:34810, 154b23c8-147d-4903-89d2-8045c7557393:192.168.157.246:33226], old=null, confs=<EMPTY_MAP>
2019-10-25 05:12:53,587 [pool-47-thread-1] INFO  server.RaftServerConfigKeys (ConfUtils.java:logGet(43)) - raft.server.rpc.timeout.min = 5s (custom)
2019-10-25 05:12:53,587 [pool-59-thread-1] INFO  server.RaftServerConfigKeys (ConfUtils.java:logGet(43)) - raft.server.storage.dir = [/workdir/hadoop-ozone/integration-test/target/test-dir/MiniOzoneClusterImpl-03c1ce70-80a7-4992-b672-f5473244ce42/datanode-1/data/ratis] (custom)
2019-10-25 05:12:53,587 [pool-47-thread-1] INFO  server.RaftServerConfigKeys (ConfUtils.java:logGet(43)) - raft.server.rpc.timeout.max = 5200ms (custom)
2019-10-25 05:12:53,587 [pool-47-thread-1] INFO  server.RaftServerConfigKeys (ConfUtils.java:logGet(43)) - raft.server.rpcslowness.timeout = 1000s (custom)
2019-10-25 05:12:53,587 [pool-59-thread-1] INFO  server.RaftServerConfigKeys (ConfUtils.java:logGet(43)) - raft.server.log.corruption.policy = EXCEPTION (default)
2019-10-25 05:12:53,588 [pool-47-thread-1] INFO  server.RaftServerConfigKeys (ConfUtils.java:logGet(43)) - raft.server.sleep.deviation.threshold = 300 (default)
2019-10-25 05:12:53,588 [pool-59-thread-1] INFO  storage.RaftStorageDirectory (RaftStorageDirectory.java:analyzeStorage(246)) - The storage directory /workdir/hadoop-ozone/integration-test/target/test-dir/MiniOzoneClusterImpl-03c1ce70-80a7-4992-b672-f5473244ce42/datanode-1/data/ratis/1722bdbb-8af6-428f-be07-612e7a159a4c does not exist. Creating ...
2019-10-25 05:12:53,588 [pool-47-thread-1] INFO  server.RaftServerConfigKeys (ConfUtils.java:logGet(43)) - raft.server.log.appender.install.snapshot.enabled = false (custom)
2019-10-25 05:12:53,588 [pool-27-thread-1] INFO  impl.RaftServerImpl (RaftServerImpl.java:<init>(98)) - 154b23c8-147d-4903-89d2-8045c7557393: new RaftServerImpl for group-612E7A159A4C:[632d1f61-1fb0-4a9b-a27f-4f3ee937db0d:192.168.157.246:46686, 792578c8-58d9-41cb-99fd-534993a904b7:192.168.157.246:34810, 154b23c8-147d-4903-89d2-8045c7557393:192.168.157.246:33226] with ContainerStateMachine:uninitialized
2019-10-25 05:12:53,588 [pool-47-thread-1] INFO  impl.RaftServerImpl (ServerState.java:<init>(103)) - 792578c8-58d9-41cb-99fd-534993a904b7@group-612E7A159A4C: ConfigurationManager, init=-1: [632d1f61-1fb0-4a9b-a27f-4f3ee937db0d:192.168.157.246:46686, 792578c8-58d9-41cb-99fd-534993a904b7:192.168.157.246:34810, 154b23c8-147d-4903-89d2-8045c7557393:192.168.157.246:33226], old=null, confs=<EMPTY_MAP>
2019-10-25 05:12:53,588 [pool-27-thread-1] INFO  server.RaftServerConfigKeys (ConfUtils.java:logGet(43)) - raft.server.rpc.timeout.min = 5s (custom)
2019-10-25 05:12:53,588 [pool-47-thread-1] INFO  server.RaftServerConfigKeys (ConfUtils.java:logGet(43)) - raft.server.storage.dir = [/workdir/hadoop-ozone/integration-test/target/test-dir/MiniOzoneClusterImpl-03c1ce70-80a7-4992-b672-f5473244ce42/datanode-2/data/ratis] (custom)
2019-10-25 05:12:53,589 [pool-27-thread-1] INFO  server.RaftServerConfigKeys (ConfUtils.java:logGet(43)) - raft.server.rpc.timeout.max = 5200ms (custom)
2019-10-25 05:12:53,589 [pool-47-thread-1] INFO  server.RaftServerConfigKeys (ConfUtils.java:logGet(43)) - raft.server.log.corruption.policy = EXCEPTION (default)
2019-10-25 05:12:53,589 [pool-27-thread-1] INFO  server.RaftServerConfigKeys (ConfUtils.java:logGet(43)) - raft.server.rpcslowness.timeout = 1000s (custom)
2019-10-25 05:12:53,589 [pool-47-thread-1] INFO  storage.RaftStorageDirectory (RaftStorageDirectory.java:analyzeStorage(246)) - The storage directory /workdir/hadoop-ozone/integration-test/target/test-dir/MiniOzoneClusterImpl-03c1ce70-80a7-4992-b672-f5473244ce42/datanode-2/data/ratis/1722bdbb-8af6-428f-be07-612e7a159a4c does not exist. Creating ...
2019-10-25 05:12:53,589 [pool-27-thread-1] INFO  server.RaftServerConfigKeys (ConfUtils.java:logGet(43)) - raft.server.sleep.deviation.threshold = 300 (default)
2019-10-25 05:12:53,590 [pool-27-thread-1] INFO  server.RaftServerConfigKeys (ConfUtils.java:logGet(43)) - raft.server.log.appender.install.snapshot.enabled = false (custom)
2019-10-25 05:12:53,590 [pool-27-thread-1] INFO  impl.RaftServerImpl (ServerState.java:<init>(103)) - 154b23c8-147d-4903-89d2-8045c7557393@group-612E7A159A4C: ConfigurationManager, init=-1: [632d1f61-1fb0-4a9b-a27f-4f3ee937db0d:192.168.157.246:46686, 792578c8-58d9-41cb-99fd-534993a904b7:192.168.157.246:34810, 154b23c8-147d-4903-89d2-8045c7557393:192.168.157.246:33226], old=null, confs=<EMPTY_MAP>
2019-10-25 05:12:53,590 [pool-27-thread-1] INFO  server.RaftServerConfigKeys (ConfUtils.java:logGet(43)) - raft.server.storage.dir = [/workdir/hadoop-ozone/integration-test/target/test-dir/MiniOzoneClusterImpl-03c1ce70-80a7-4992-b672-f5473244ce42/datanode-0/data/ratis] (custom)
2019-10-25 05:12:53,591 [pool-27-thread-1] INFO  server.RaftServerConfigKeys (ConfUtils.java:logGet(43)) - raft.server.log.corruption.policy = EXCEPTION (default)
2019-10-25 05:12:53,591 [pool-27-thread-1] INFO  storage.RaftStorageDirectory (RaftStorageDirectory.java:analyzeStorage(246)) - The storage directory /workdir/hadoop-ozone/integration-test/target/test-dir/MiniOzoneClusterImpl-03c1ce70-80a7-4992-b672-f5473244ce42/datanode-0/data/ratis/1722bdbb-8af6-428f-be07-612e7a159a4c does not exist. Creating ...
2019-10-25 05:12:53,602 [pool-59-thread-1] INFO  storage.RaftStorageDirectory (RaftStorageDirectory.java:tryLock(328)) - Lock on /workdir/hadoop-ozone/integration-test/target/test-dir/MiniOzoneClusterImpl-03c1ce70-80a7-4992-b672-f5473244ce42/datanode-1/data/ratis/1722bdbb-8af6-428f-be07-612e7a159a4c/in_use.lock acquired by nodename 3948@pr-hdds-1868-bb2j8-1277741604
2019-10-25 05:12:53,602 [pool-27-thread-1] INFO  storage.RaftStorageDirectory (RaftStorageDirectory.java:tryLock(328)) - Lock on /workdir/hadoop-ozone/integration-test/target/test-dir/MiniOzoneClusterImpl-03c1ce70-80a7-4992-b672-f5473244ce42/datanode-0/data/ratis/1722bdbb-8af6-428f-be07-612e7a159a4c/in_use.lock acquired by nodename 3948@pr-hdds-1868-bb2j8-1277741604
2019-10-25 05:12:53,602 [pool-47-thread-1] INFO  storage.RaftStorageDirectory (RaftStorageDirectory.java:tryLock(328)) - Lock on /workdir/hadoop-ozone/integration-test/target/test-dir/MiniOzoneClusterImpl-03c1ce70-80a7-4992-b672-f5473244ce42/datanode-2/data/ratis/1722bdbb-8af6-428f-be07-612e7a159a4c/in_use.lock acquired by nodename 3948@pr-hdds-1868-bb2j8-1277741604
2019-10-25 05:12:53,615 [pool-27-thread-1] INFO  storage.RaftStorage (RaftStorage.java:format(84)) - Storage directory /workdir/hadoop-ozone/integration-test/target/test-dir/MiniOzoneClusterImpl-03c1ce70-80a7-4992-b672-f5473244ce42/datanode-0/data/ratis/1722bdbb-8af6-428f-be07-612e7a159a4c has been successfully formatted.
2019-10-25 05:12:53,615 [pool-59-thread-1] INFO  storage.RaftStorage (RaftStorage.java:format(84)) - Storage directory /workdir/hadoop-ozone/integration-test/target/test-dir/MiniOzoneClusterImpl-03c1ce70-80a7-4992-b672-f5473244ce42/datanode-1/data/ratis/1722bdbb-8af6-428f-be07-612e7a159a4c has been successfully formatted.
2019-10-25 05:12:53,615 [pool-47-thread-1] INFO  storage.RaftStorage (RaftStorage.java:format(84)) - Storage directory /workdir/hadoop-ozone/integration-test/target/test-dir/MiniOzoneClusterImpl-03c1ce70-80a7-4992-b672-f5473244ce42/datanode-2/data/ratis/1722bdbb-8af6-428f-be07-612e7a159a4c has been successfully formatted.
2019-10-25 05:12:53,616 [pool-27-thread-1] INFO  ratis.ContainerStateMachine (ContainerStateMachine.java:loadSnapshot(233)) - group-612E7A159A4C: The snapshot info is null. Setting the last applied indexto:(t:0, i:~)
2019-10-25 05:12:53,616 [pool-47-thread-1] INFO  ratis.ContainerStateMachine (ContainerStateMachine.java:loadSnapshot(233)) - group-612E7A159A4C: The snapshot info is null. Setting the last applied indexto:(t:0, i:~)
2019-10-25 05:12:53,616 [pool-59-thread-1] INFO  ratis.ContainerStateMachine (ContainerStateMachine.java:loadSnapshot(233)) - group-612E7A159A4C: The snapshot info is null. Setting the last applied indexto:(t:0, i:~)
2019-10-25 05:12:53,616 [pool-47-thread-1] INFO  server.RaftServerConfigKeys (ConfUtils.java:logGet(43)) - raft.server.notification.no-leader.timeout = 1000s (custom)
2019-10-25 05:12:53,616 [pool-27-thread-1] INFO  server.RaftServerConfigKeys (ConfUtils.java:logGet(43)) - raft.server.notification.no-leader.timeout = 1000s (custom)
2019-10-25 05:12:53,616 [pool-47-thread-1] INFO  server.RaftServerConfigKeys (ConfUtils.java:logGet(43)) - raft.server.log.use.memory = false (default)
2019-10-25 05:12:53,616 [pool-59-thread-1] INFO  server.RaftServerConfigKeys (ConfUtils.java:logGet(43)) - raft.server.notification.no-leader.timeout = 1000s (custom)
2019-10-25 05:12:53,616 [pool-47-thread-1] INFO  server.RaftServerConfigKeys (ConfUtils.java:logGet(43)) - raft.server.log.purge.gap = 1000000 (custom)
2019-10-25 05:12:53,616 [pool-27-thread-1] INFO  server.RaftServerConfigKeys (ConfUtils.java:logGet(43)) - raft.server.log.use.memory = false (default)
2019-10-25 05:12:53,617 [pool-47-thread-1] INFO  server.RaftServerConfigKeys (ConfUtils.java:logGet(43)) - raft.server.log.appender.buffer.byte-limit = 33554432 (custom)
2019-10-25 05:12:53,617 [pool-59-thread-1] INFO  server.RaftServerConfigKeys (ConfUtils.java:logGet(43)) - raft.server.log.use.memory = false (default)
2019-10-25 05:12:53,617 [pool-47-thread-1] INFO  server.RaftServerConfigKeys (ConfUtils.java:logGet(43)) - raft.server.log.segment.size.max = 1048576 (custom)
2019-10-25 05:12:53,617 [pool-27-thread-1] INFO  server.RaftServerConfigKeys (ConfUtils.java:logGet(43)) - raft.server.log.purge.gap = 1000000 (custom)
2019-10-25 05:12:53,617 [pool-47-thread-1] INFO  server.RaftServerConfigKeys (ConfUtils.java:logGet(43)) - raft.server.log.segment.cache.num.max = 2 (custom)
2019-10-25 05:12:53,617 [pool-59-thread-1] INFO  server.RaftServerConfigKeys (ConfUtils.java:logGet(43)) - raft.server.log.purge.gap = 1000000 (custom)
2019-10-25 05:12:53,617 [pool-47-thread-1] INFO  segmented.SegmentedRaftLogWorker (SegmentedRaftLogWorker.java:<init>(173)) - new 792578c8-58d9-41cb-99fd-534993a904b7@group-612E7A159A4C-SegmentedRaftLogWorker for RaftStorage:Storage Directory /workdir/hadoop-ozone/integration-test/target/test-dir/MiniOzoneClusterImpl-03c1ce70-80a7-4992-b672-f5473244ce42/datanode-2/data/ratis/1722bdbb-8af6-428f-be07-612e7a159a4c
2019-10-25 05:12:53,617 [pool-27-thread-1] INFO  server.RaftServerConfigKeys (ConfUtils.java:logGet(43)) - raft.server.log.appender.buffer.byte-limit = 33554432 (custom)
2019-10-25 05:12:53,617 [pool-47-thread-1] INFO  server.RaftServerConfigKeys (ConfUtils.java:logGet(43)) - raft.server.log.queue.byte-limit = 2147483647 (custom)
2019-10-25 05:12:53,617 [pool-59-thread-1] INFO  server.RaftServerConfigKeys (ConfUtils.java:logGet(43)) - raft.server.log.appender.buffer.byte-limit = 33554432 (custom)
2019-10-25 05:12:53,618 [pool-47-thread-1] INFO  server.RaftServerConfigKeys (ConfUtils.java:logGet(43)) - raft.server.log.queue.element-limit = 1024 (custom)
2019-10-25 05:12:53,618 [pool-27-thread-1] INFO  server.RaftServerConfigKeys (ConfUtils.java:logGet(43)) - raft.server.log.segment.size.max = 1048576 (custom)
2019-10-25 05:12:53,618 [pool-47-thread-1] INFO  server.RaftServerConfigKeys (ConfUtils.java:logGet(43)) - raft.server.log.segment.size.max = 1048576 (custom)
2019-10-25 05:12:53,618 [pool-59-thread-1] INFO  server.RaftServerConfigKeys (ConfUtils.java:logGet(43)) - raft.server.log.segment.size.max = 1048576 (custom)
2019-10-25 05:12:53,618 [pool-47-thread-1] INFO  server.RaftServerConfigKeys (ConfUtils.java:logGet(43)) - raft.server.log.preallocated.size = 16384 (custom)
2019-10-25 05:12:53,618 [pool-27-thread-1] INFO  server.RaftServerConfigKeys (ConfUtils.java:logGet(43)) - raft.server.log.segment.cache.num.max = 2 (custom)
2019-10-25 05:12:53,618 [pool-47-thread-1] INFO  server.RaftServerConfigKeys (ConfUtils.java:logGet(43)) - raft.server.log.write.buffer.size = 33554432 (custom)
2019-10-25 05:12:53,618 [pool-59-thread-1] INFO  server.RaftServerConfigKeys (ConfUtils.java:logGet(43)) - raft.server.log.segment.cache.num.max = 2 (custom)
2019-10-25 05:12:53,618 [pool-47-thread-1] INFO  server.RaftServerConfigKeys (ConfUtils.java:logGet(43)) - raft.server.log.force.sync.num = 128 (default)
2019-10-25 05:12:53,618 [pool-27-thread-1] INFO  segmented.SegmentedRaftLogWorker (SegmentedRaftLogWorker.java:<init>(173)) - new 154b23c8-147d-4903-89d2-8045c7557393@group-612E7A159A4C-SegmentedRaftLogWorker for RaftStorage:Storage Directory /workdir/hadoop-ozone/integration-test/target/test-dir/MiniOzoneClusterImpl-03c1ce70-80a7-4992-b672-f5473244ce42/datanode-0/data/ratis/1722bdbb-8af6-428f-be07-612e7a159a4c
2019-10-25 05:12:53,619 [pool-47-thread-1] INFO  server.RaftServerConfigKeys (ConfUtils.java:logGet(43)) - raft.server.log.statemachine.data.sync = true (default)
2019-10-25 05:12:53,619 [pool-59-thread-1] INFO  segmented.SegmentedRaftLogWorker (SegmentedRaftLogWorker.java:<init>(173)) - new 632d1f61-1fb0-4a9b-a27f-4f3ee937db0d@group-612E7A159A4C-SegmentedRaftLogWorker for RaftStorage:Storage Directory /workdir/hadoop-ozone/integration-test/target/test-dir/MiniOzoneClusterImpl-03c1ce70-80a7-4992-b672-f5473244ce42/datanode-1/data/ratis/1722bdbb-8af6-428f-be07-612e7a159a4c
2019-10-25 05:12:53,619 [pool-47-thread-1] INFO  server.RaftServerConfigKeys (ConfUtils.java:logGet(43)) - raft.server.log.statemachine.data.sync.timeout = 10s (default)
2019-10-25 05:12:53,619 [pool-27-thread-1] INFO  server.RaftServerConfigKeys (ConfUtils.java:logGet(43)) - raft.server.log.queue.byte-limit = 2147483647 (custom)
2019-10-25 05:12:53,619 [pool-47-thread-1] INFO  server.RaftServerConfigKeys (ConfUtils.java:logGet(43)) - raft.server.log.statemachine.data.sync.timeout.retry = -1 (default)
2019-10-25 05:12:53,619 [pool-59-thread-1] INFO  server.RaftServerConfigKeys (ConfUtils.java:logGet(43)) - raft.server.log.queue.byte-limit = 2147483647 (custom)
2019-10-25 05:12:53,619 [pool-27-thread-1] INFO  server.RaftServerConfigKeys (ConfUtils.java:logGet(43)) - raft.server.log.queue.element-limit = 1024 (custom)
2019-10-25 05:12:53,619 [pool-47-thread-1] INFO  server.RaftServerConfigKeys (ConfUtils.java:logGet(43)) - raft.server.log.statemachine.data.caching.enabled = true (custom)
2019-10-25 05:12:53,619 [pool-59-thread-1] INFO  server.RaftServerConfigKeys (ConfUtils.java:logGet(43)) - raft.server.log.queue.element-limit = 1024 (custom)
2019-10-25 05:12:53,619 [pool-27-thread-1] INFO  server.RaftServerConfigKeys (ConfUtils.java:logGet(43)) - raft.server.log.segment.size.max = 1048576 (custom)
2019-10-25 05:12:53,620 [pool-47-thread-1] INFO  segmented.SegmentedRaftLogWorker (SegmentedRaftLogWorker.java:lambda$new$0(128)) - 792578c8-58d9-41cb-99fd-534993a904b7@group-612E7A159A4C-SegmentedRaftLogWorker: flushIndex: setUnconditionally 0 -> -1
2019-10-25 05:12:53,620 [pool-59-thread-1] INFO  server.RaftServerConfigKeys (ConfUtils.java:logGet(43)) - raft.server.log.segment.size.max = 1048576 (custom)
2019-10-25 05:12:53,620 [pool-27-thread-1] INFO  server.RaftServerConfigKeys (ConfUtils.java:logGet(43)) - raft.server.log.preallocated.size = 16384 (custom)
2019-10-25 05:12:53,620 [pool-47-thread-1] INFO  server.RaftServerConfigKeys (ConfUtils.java:logGet(43)) - raft.server.snapshot.auto.trigger.enabled = true (custom)
2019-10-25 05:12:53,620 [pool-59-thread-1] INFO  server.RaftServerConfigKeys (ConfUtils.java:logGet(43)) - raft.server.log.preallocated.size = 16384 (custom)
2019-10-25 05:12:53,620 [pool-47-thread-1] INFO  server.RaftServerConfigKeys (ConfUtils.java:logGet(43)) - raft.server.snapshot.auto.trigger.threshold = 10000 (custom)
2019-10-25 05:12:53,620 [pool-27-thread-1] INFO  server.RaftServerConfigKeys (ConfUtils.java:logGet(43)) - raft.server.log.write.buffer.size = 33554432 (custom)
2019-10-25 05:12:53,620 [pool-47-thread-1] INFO  server.RaftServerConfigKeys (ConfUtils.java:logGet(43)) - raft.server.snapshot.retention.file.num = 5 (custom)
2019-10-25 05:12:53,620 [pool-59-thread-1] INFO  server.RaftServerConfigKeys (ConfUtils.java:logGet(43)) - raft.server.log.write.buffer.size = 33554432 (custom)
2019-10-25 05:12:53,621 [pool-47-thread-1] INFO  server.RaftServerConfigKeys (ConfUtils.java:logGet(43)) - raft.server.retrycache.expirytime = 600000ms (custom)
2019-10-25 05:12:53,620 [pool-27-thread-1] INFO  server.RaftServerConfigKeys (ConfUtils.java:logGet(43)) - raft.server.log.force.sync.num = 128 (default)
2019-10-25 05:12:53,621 [pool-47-thread-1] WARN  impl.MetricRegistriesImpl (MetricRegistriesImpl.java:lambda$create$1(61)) - First MetricRegistry has been created without registering reporters. You may need to call MetricRegistries.global().addReportRegistration(...) before.
2019-10-25 05:12:53,621 [pool-59-thread-1] INFO  server.RaftServerConfigKeys (ConfUtils.java:logGet(43)) - raft.server.log.force.sync.num = 128 (default)
2019-10-25 05:12:53,621 [pool-47-thread-1] WARN  impl.MetricRegistriesImpl (MetricRegistriesImpl.java:lambda$create$1(61)) - First MetricRegistry has been created without registering reporters. You may need to call MetricRegistries.global().addReportRegistration(...) before.
2019-10-25 05:12:53,621 [pool-27-thread-1] INFO  server.RaftServerConfigKeys (ConfUtils.java:logGet(43)) - raft.server.log.statemachine.data.sync = true (default)
2019-10-25 05:12:53,621 [pool-59-thread-1] INFO  server.RaftServerConfigKeys (ConfUtils.java:logGet(43)) - raft.server.log.statemachine.data.sync = true (default)
2019-10-25 05:12:53,621 [pool-47-thread-1] INFO  impl.RaftServerImpl (RaftServerImpl.java:start(184)) - 792578c8-58d9-41cb-99fd-534993a904b7@group-612E7A159A4C: start as a follower, conf=-1: [632d1f61-1fb0-4a9b-a27f-4f3ee937db0d:192.168.157.246:46686, 792578c8-58d9-41cb-99fd-534993a904b7:192.168.157.246:34810, 154b23c8-147d-4903-89d2-8045c7557393:192.168.157.246:33226], old=null
2019-10-25 05:12:53,621 [pool-27-thread-1] INFO  server.RaftServerConfigKeys (ConfUtils.java:logGet(43)) - raft.server.log.statemachine.data.sync.timeout = 10s (default)
2019-10-25 05:12:53,622 [pool-47-thread-1] INFO  impl.RaftServerImpl (RaftServerImpl.java:setRole(173)) - 792578c8-58d9-41cb-99fd-534993a904b7@group-612E7A159A4C: changes role from      null to FOLLOWER at term 0 for startAsFollower
2019-10-25 05:12:53,621 [pool-59-thread-1] INFO  server.RaftServerConfigKeys (ConfUtils.java:logGet(43)) - raft.server.log.statemachine.data.sync.timeout = 10s (default)
2019-10-25 05:12:53,622 [pool-47-thread-1] INFO  impl.RoleInfo (RoleInfo.java:updateAndGet(143)) - 792578c8-58d9-41cb-99fd-534993a904b7: start FollowerState
2019-10-25 05:12:53,622 [pool-27-thread-1] INFO  server.RaftServerConfigKeys (ConfUtils.java:logGet(43)) - raft.server.log.statemachine.data.sync.timeout.retry = -1 (default)
2019-10-25 05:12:53,622 [pool-59-thread-1] INFO  server.RaftServerConfigKeys (ConfUtils.java:logGet(43)) - raft.server.log.statemachine.data.sync.timeout.retry = -1 (default)
2019-10-25 05:12:53,622 [pool-27-thread-1] INFO  server.RaftServerConfigKeys (ConfUtils.java:logGet(43)) - raft.server.log.statemachine.data.caching.enabled = true (custom)
2019-10-25 05:12:53,622 [pool-47-thread-1] INFO  util.JmxRegister (JmxRegister.java:tryRegister(44)) - Successfully registered JMX Bean with object name Ratis:service=RaftServer,group=group-612E7A159A4C,id=792578c8-58d9-41cb-99fd-534993a904b7
2019-10-25 05:12:53,622 [pool-59-thread-1] INFO  server.RaftServerConfigKeys (ConfUtils.java:logGet(43)) - raft.server.log.statemachine.data.caching.enabled = true (custom)
2019-10-25 05:12:53,622 [pool-27-thread-1] INFO  segmented.SegmentedRaftLogWorker (SegmentedRaftLogWorker.java:lambda$new$0(128)) - 154b23c8-147d-4903-89d2-8045c7557393@group-612E7A159A4C-SegmentedRaftLogWorker: flushIndex: setUnconditionally 0 -> -1
2019-10-25 05:12:53,622 [pool-47-thread-1] WARN  impl.MetricRegistriesImpl (MetricRegistriesImpl.java:lambda$create$1(61)) - First MetricRegistry has been created without registering reporters. You may need to call MetricRegistries.global().addReportRegistration(...) before.
2019-10-25 05:12:53,623 [pool-59-thread-1] INFO  segmented.SegmentedRaftLogWorker (SegmentedRaftLogWorker.java:lambda$new$0(128)) - 632d1f61-1fb0-4a9b-a27f-4f3ee937db0d@group-612E7A159A4C-SegmentedRaftLogWorker: flushIndex: setUnconditionally 0 -> -1
2019-10-25 05:12:53,623 [pool-27-thread-1] INFO  server.RaftServerConfigKeys (ConfUtils.java:logGet(43)) - raft.server.snapshot.auto.trigger.enabled = true (custom)
2019-10-25 05:12:53,623 [pool-27-thread-1] INFO  server.RaftServerConfigKeys (ConfUtils.java:logGet(43)) - raft.server.snapshot.auto.trigger.threshold = 10000 (custom)
2019-10-25 05:12:53,623 [pool-59-thread-1] INFO  server.RaftServerConfigKeys (ConfUtils.java:logGet(43)) - raft.server.snapshot.auto.trigger.enabled = true (custom)
2019-10-25 05:12:53,623 [pool-27-thread-1] INFO  server.RaftServerConfigKeys (ConfUtils.java:logGet(43)) - raft.server.snapshot.retention.file.num = 5 (custom)
2019-10-25 05:12:53,623 [pool-59-thread-1] INFO  server.RaftServerConfigKeys (ConfUtils.java:logGet(43)) - raft.server.snapshot.auto.trigger.threshold = 10000 (custom)
2019-10-25 05:12:53,623 [pool-27-thread-1] INFO  server.RaftServerConfigKeys (ConfUtils.java:logGet(43)) - raft.server.retrycache.expirytime = 600000ms (custom)
2019-10-25 05:12:53,624 [pool-59-thread-1] INFO  server.RaftServerConfigKeys (ConfUtils.java:logGet(43)) - raft.server.snapshot.retention.file.num = 5 (custom)
2019-10-25 05:12:53,624 [pool-27-thread-1] WARN  impl.MetricRegistriesImpl (MetricRegistriesImpl.java:lambda$create$1(61)) - First MetricRegistry has been created without registering reporters. You may need to call MetricRegistries.global().addReportRegistration(...) before.
2019-10-25 05:12:53,624 [pool-59-thread-1] INFO  server.RaftServerConfigKeys (ConfUtils.java:logGet(43)) - raft.server.retrycache.expirytime = 600000ms (custom)
2019-10-25 05:12:53,624 [pool-27-thread-1] WARN  impl.MetricRegistriesImpl (MetricRegistriesImpl.java:lambda$create$1(61)) - First MetricRegistry has been created without registering reporters. You may need to call MetricRegistries.global().addReportRegistration(...) before.
2019-10-25 05:12:53,625 [pool-59-thread-1] WARN  impl.MetricRegistriesImpl (MetricRegistriesImpl.java:lambda$create$1(61)) - First MetricRegistry has been created without registering reporters. You may need to call MetricRegistries.global().addReportRegistration(...) before.
2019-10-25 05:12:53,626 [pool-59-thread-1] WARN  impl.MetricRegistriesImpl (MetricRegistriesImpl.java:lambda$create$1(61)) - First MetricRegistry has been created without registering reporters. You may need to call MetricRegistries.global().addReportRegistration(...) before.
2019-10-25 05:12:53,626 [pool-27-thread-1] INFO  impl.RaftServerImpl (RaftServerImpl.java:start(184)) - 154b23c8-147d-4903-89d2-8045c7557393@group-612E7A159A4C: start as a follower, conf=-1: [632d1f61-1fb0-4a9b-a27f-4f3ee937db0d:192.168.157.246:46686, 792578c8-58d9-41cb-99fd-534993a904b7:192.168.157.246:34810, 154b23c8-147d-4903-89d2-8045c7557393:192.168.157.246:33226], old=null
2019-10-25 05:12:53,626 [pool-59-thread-1] INFO  impl.RaftServerImpl (RaftServerImpl.java:start(184)) - 632d1f61-1fb0-4a9b-a27f-4f3ee937db0d@group-612E7A159A4C: start as a follower, conf=-1: [632d1f61-1fb0-4a9b-a27f-4f3ee937db0d:192.168.157.246:46686, 792578c8-58d9-41cb-99fd-534993a904b7:192.168.157.246:34810, 154b23c8-147d-4903-89d2-8045c7557393:192.168.157.246:33226], old=null
2019-10-25 05:12:53,626 [pool-27-thread-1] INFO  impl.RaftServerImpl (RaftServerImpl.java:setRole(173)) - 154b23c8-147d-4903-89d2-8045c7557393@group-612E7A159A4C: changes role from      null to FOLLOWER at term 0 for startAsFollower
2019-10-25 05:12:53,626 [pool-59-thread-1] INFO  impl.RaftServerImpl (RaftServerImpl.java:setRole(173)) - 632d1f61-1fb0-4a9b-a27f-4f3ee937db0d@group-612E7A159A4C: changes role from      null to FOLLOWER at term 0 for startAsFollower
2019-10-25 05:12:53,626 [pool-27-thread-1] INFO  impl.RoleInfo (RoleInfo.java:updateAndGet(143)) - 154b23c8-147d-4903-89d2-8045c7557393: start FollowerState
2019-10-25 05:12:53,626 [pool-59-thread-1] INFO  impl.RoleInfo (RoleInfo.java:updateAndGet(143)) - 632d1f61-1fb0-4a9b-a27f-4f3ee937db0d: start FollowerState
2019-10-25 05:12:53,627 [pool-27-thread-1] INFO  util.JmxRegister (JmxRegister.java:tryRegister(44)) - Successfully registered JMX Bean with object name Ratis:service=RaftServer,group=group-612E7A159A4C,id=154b23c8-147d-4903-89d2-8045c7557393
2019-10-25 05:12:53,627 [pool-27-thread-1] WARN  impl.MetricRegistriesImpl (MetricRegistriesImpl.java:lambda$create$1(61)) - First MetricRegistry has been created without registering reporters. You may need to call MetricRegistries.global().addReportRegistration(...) before.
2019-10-25 05:12:53,628 [pool-59-thread-1] INFO  util.JmxRegister (JmxRegister.java:tryRegister(44)) - Successfully registered JMX Bean with object name Ratis:service=RaftServer,group=group-612E7A159A4C,id=632d1f61-1fb0-4a9b-a27f-4f3ee937db0d
2019-10-25 05:12:53,628 [pool-59-thread-1] WARN  impl.MetricRegistriesImpl (MetricRegistriesImpl.java:lambda$create$1(61)) - First MetricRegistry has been created without registering reporters. You may need to call MetricRegistries.global().addReportRegistration(...) before.
2019-10-25 05:12:53,637 [RatisPipelineUtilsThread] INFO  pipeline.PipelineStateManager (PipelineStateManager.java:addPipeline(55)) - Created pipeline Pipeline[ Id: 1722bdbb-8af6-428f-be07-612e7a159a4c, Nodes: 792578c8-58d9-41cb-99fd-534993a904b7{ip: 192.168.157.246, host: pr-hdds-1868-bb2j8-1277741604, networkLocation: /default-rack, certSerialId: null}154b23c8-147d-4903-89d2-8045c7557393{ip: 192.168.157.246, host: pr-hdds-1868-bb2j8-1277741604, networkLocation: /default-rack, certSerialId: null}632d1f61-1fb0-4a9b-a27f-4f3ee937db0d{ip: 192.168.157.246, host: pr-hdds-1868-bb2j8-1277741604, networkLocation: /default-rack, certSerialId: null}, Type:RATIS, Factor:THREE, State:ALLOCATED]
2019-10-25 05:12:53,673 [EventQueue-PendingDeleteStatusForPendingDeleteHandler] INFO  block.SCMBlockDeletingService (SCMBlockDeletingService.java:handlePendingDeletes(115)) - Block deletion txnID mismatch in datanode 632d1f61-1fb0-4a9b-a27f-4f3ee937db0d for containerID 1. Datanode delete txnID: 0, SCM txnID: 1
2019-10-25 05:12:53,768 [BlockDeletingService#2] WARN  background.BlockDeletingService (BlockDeletingService.java:isDeletionAllowed(187)) - Close Container log Index 6 is not replicated across allthe servers in the pipeline 51c31d15-6363-40f4-9154-97c719019643 as the min replicated index is 4. Deletion is not allowed in this container yet.
2019-10-25 05:12:53,768 [BlockDeletingService#2] WARN  background.BlockDeletingService (BlockDeletingService.java:isDeletionAllowed(187)) - Close Container log Index 6 is not replicated across allthe servers in the pipeline 51c31d15-6363-40f4-9154-97c719019643 as the min replicated index is 4. Deletion is not allowed in this container yet.
2019-10-25 05:12:53,874 [EventQueue-PendingDeleteStatusForPendingDeleteHandler] INFO  block.SCMBlockDeletingService (SCMBlockDeletingService.java:handlePendingDeletes(115)) - Block deletion txnID mismatch in datanode 632d1f61-1fb0-4a9b-a27f-4f3ee937db0d for containerID 1. Datanode delete txnID: 0, SCM txnID: 1
2019-10-25 05:12:54,202 [java.util.concurrent.ThreadPoolExecutor$Worker@488e248e[State = -1, empty queue]] WARN  server.GrpcLogAppender (GrpcLogAppender.java:timeoutAppendRequest(209)) - 792578c8-58d9-41cb-99fd-534993a904b7@group-97C719019643->632d1f61-1fb0-4a9b-a27f-4f3ee937db0d-GrpcLogAppender: appendEntries Timeout, request=792578c8-58d9-41cb-99fd-534993a904b7->632d1f61-1fb0-4a9b-a27f-4f3ee937db0d#53-t1, previous=(t:1, i:10), leaderCommit=10, initializing? false, entries: <empty>
2019-10-25 05:12:54,274 [EventQueue-PendingDeleteStatusForPendingDeleteHandler] INFO  block.SCMBlockDeletingService (SCMBlockDeletingService.java:handlePendingDeletes(115)) - Block deletion txnID mismatch in datanode 632d1f61-1fb0-4a9b-a27f-4f3ee937db0d for containerID 1. Datanode delete txnID: 0, SCM txnID: 1
2019-10-25 05:12:54,347 [pool-7-thread-3] INFO  commands.RetriableDatanodeEventWatcher (RetriableDatanodeEventWatcher.java:onTimeout(47)) - RetriableDatanodeCommand type=deleteBlocksCommand with id=1571980366342 timed out. Retrying.
2019-10-25 05:12:54,347 [pool-7-thread-2] INFO  commands.RetriableDatanodeEventWatcher (RetriableDatanodeEventWatcher.java:onTimeout(47)) - RetriableDatanodeCommand type=deleteBlocksCommand with id=1571980366340 timed out. Retrying.
2019-10-25 05:12:54,347 [pool-7-thread-4] INFO  commands.RetriableDatanodeEventWatcher (RetriableDatanodeEventWatcher.java:onTimeout(47)) - RetriableDatanodeCommand type=deleteBlocksCommand with id=1571980366341 timed out. Retrying.
2019-10-25 05:12:54,348 [pool-7-thread-6] INFO  commands.RetriableDatanodeEventWatcher (RetriableDatanodeEventWatcher.java:onTimeout(47)) - RetriableDatanodeCommand type=deleteBlocksCommand with id=1571980366338 timed out. Retrying.
2019-10-25 05:12:54,348 [pool-7-thread-2] INFO  commands.RetriableDatanodeEventWatcher (RetriableDatanodeEventWatcher.java:onTimeout(47)) - RetriableDatanodeCommand type=deleteBlocksCommand with id=1571980366345 timed out. Retrying.
2019-10-25 05:12:54,348 [pool-7-thread-1] INFO  commands.RetriableDatanodeEventWatcher (RetriableDatanodeEventWatcher.java:onTimeout(47)) - RetriableDatanodeCommand type=deleteBlocksCommand with id=1571980366343 timed out. Retrying.
2019-10-25 05:12:54,348 [pool-7-thread-3] INFO  commands.RetriableDatanodeEventWatcher (RetriableDatanodeEventWatcher.java:onTimeout(47)) - RetriableDatanodeCommand type=deleteBlocksCommand with id=1571980366339 timed out. Retrying.
2019-10-25 05:12:54,348 [pool-7-thread-4] INFO  commands.RetriableDatanodeEventWatcher (RetriableDatanodeEventWatcher.java:onTimeout(47)) - RetriableDatanodeCommand type=deleteBlocksCommand with id=1571980366344 timed out. Retrying.
2019-10-25 05:12:54,348 [SCMBlockDeletingService#1] INFO  block.SCMBlockDeletingService (SCMBlockDeletingService.java:call(184)) - Totally added 1 delete blocks command for 1 datanodes, task elapsed time: 1ms
2019-10-25 05:12:54,474 [EventQueue-PendingDeleteStatusForPendingDeleteHandler] INFO  block.SCMBlockDeletingService (SCMBlockDeletingService.java:handlePendingDeletes(115)) - Block deletion txnID mismatch in datanode 632d1f61-1fb0-4a9b-a27f-4f3ee937db0d for containerID 1. Datanode delete txnID: 0, SCM txnID: 1
2019-10-25 05:12:54,512 [Command processor thread] INFO  commandhandler.DeleteBlocksCommandHandler (DeleteBlocksCommandHandler.java:handle(106)) - Start to delete container blocks, TXIDs=[1(0)], numOfContainers=1, numOfBlocks=1
2019-10-25 05:12:54,513 [Command processor thread] INFO  commandhandler.DeleteBlocksCommandHandler (DeleteBlocksCommandHandler.java:handle(106)) - Start to delete container blocks, TXIDs=[1(2)], numOfContainers=1, numOfBlocks=1
2019-10-25 05:12:54,513 [Command processor thread] INFO  commandhandler.DeleteBlocksCommandHandler (DeleteBlocksCommandHandler.java:handle(106)) - Start to delete container blocks, TXIDs=[1(0)], numOfContainers=1, numOfBlocks=1
2019-10-25 05:12:54,514 [Command processor thread] INFO  commandhandler.DeleteBlocksCommandHandler (DeleteBlocksCommandHandler.java:handle(106)) - Start to delete container blocks, TXIDs=[1(2)], numOfContainers=1, numOfBlocks=1
2019-10-25 05:12:54,514 [Command processor thread] INFO  commandhandler.DeleteBlocksCommandHandler (DeleteBlocksCommandHandler.java:handle(106)) - Start to delete container blocks, TXIDs=[1(2)], numOfContainers=1, numOfBlocks=1
2019-10-25 05:12:54,514 [Command processor thread] INFO  commandhandler.DeleteBlocksCommandHandler (DeleteBlocksCommandHandler.java:handle(106)) - Start to delete container blocks, TXIDs=[1(0)], numOfContainers=1, numOfBlocks=1
2019-10-25 05:12:54,514 [Command processor thread] INFO  commandhandler.DeleteBlocksCommandHandler (DeleteBlocksCommandHandler.java:handle(106)) - Start to delete container blocks, TXIDs=[1(0)], numOfContainers=1, numOfBlocks=1
2019-10-25 05:12:54,514 [Command processor thread] INFO  commandhandler.DeleteBlocksCommandHandler (DeleteBlocksCommandHandler.java:handle(106)) - Start to delete container blocks, TXIDs=[1(2)], numOfContainers=1, numOfBlocks=1
2019-10-25 05:12:54,515 [Command processor thread] INFO  commandhandler.DeleteBlocksCommandHandler (DeleteBlocksCommandHandler.java:handle(106)) - Start to delete container blocks, TXIDs=[1(2)], numOfContainers=1, numOfBlocks=1
2019-10-25 05:12:54,515 [Command processor thread] INFO  commandhandler.DeleteBlocksCommandHandler (DeleteBlocksCommandHandler.java:handle(106)) - Start to delete container blocks, TXIDs=[1(2)], numOfContainers=1, numOfBlocks=1
2019-10-25 05:12:54,515 [Command processor thread] INFO  commandhandler.DeleteBlocksCommandHandler (DeleteBlocksCommandHandler.java:handle(106)) - Start to delete container blocks, TXIDs=[1(0)], numOfContainers=1, numOfBlocks=1
2019-10-25 05:12:54,515 [Command processor thread] INFO  commandhandler.DeleteBlocksCommandHandler (DeleteBlocksCommandHandler.java:handle(106)) - Start to delete container blocks, TXIDs=[1(2)], numOfContainers=1, numOfBlocks=1
2019-10-25 05:12:54,516 [Command processor thread] INFO  commandhandler.DeleteBlocksCommandHandler (DeleteBlocksCommandHandler.java:handle(106)) - Start to delete container blocks, TXIDs=[1(2)], numOfContainers=1, numOfBlocks=1
2019-10-25 05:12:54,516 [Command processor thread] INFO  commandhandler.DeleteBlocksCommandHandler (DeleteBlocksCommandHandler.java:handle(106)) - Start to delete container blocks, TXIDs=[1(2)], numOfContainers=1, numOfBlocks=1
2019-10-25 05:12:54,516 [Command processor thread] INFO  commandhandler.DeleteBlocksCommandHandler (DeleteBlocksCommandHandler.java:handle(106)) - Start to delete container blocks, TXIDs=[1(2)], numOfContainers=1, numOfBlocks=1
2019-10-25 05:12:54,516 [Command processor thread] INFO  commandhandler.DeleteBlocksCommandHandler (DeleteBlocksCommandHandler.java:handle(106)) - Start to delete container blocks, TXIDs=[1(2)], numOfContainers=1, numOfBlocks=1
2019-10-25 05:12:54,516 [Command processor thread] INFO  commandhandler.DeleteBlocksCommandHandler (DeleteBlocksCommandHandler.java:handle(106)) - Start to delete container blocks, TXIDs=[1(2)], numOfContainers=1, numOfBlocks=1
2019-10-25 05:12:54,517 [Command processor thread] INFO  commandhandler.DeleteBlocksCommandHandler (DeleteBlocksCommandHandler.java:handle(106)) - Start to delete container blocks, TXIDs=[1(2)], numOfContainers=1, numOfBlocks=1
2019-10-25 05:12:54,517 [Command processor thread] INFO  commandhandler.DeleteBlocksCommandHandler (DeleteBlocksCommandHandler.java:handle(106)) - Start to delete container blocks, TXIDs=[1(2)], numOfContainers=1, numOfBlocks=1
2019-10-25 05:12:54,517 [Command processor thread] INFO  commandhandler.DeleteBlocksCommandHandler (DeleteBlocksCommandHandler.java:handle(106)) - Start to delete container blocks, TXIDs=[1(0)], numOfContainers=1, numOfBlocks=1
2019-10-25 05:12:54,517 [Command processor thread] INFO  commandhandler.DeleteBlocksCommandHandler (DeleteBlocksCommandHandler.java:handle(106)) - Start to delete container blocks, TXIDs=[1(2)], numOfContainers=1, numOfBlocks=1
2019-10-25 05:12:54,517 [Command processor thread] INFO  commandhandler.DeleteBlocksCommandHandler (DeleteBlocksCommandHandler.java:handle(106)) - Start to delete container blocks, TXIDs=[1(2)], numOfContainers=1, numOfBlocks=1
2019-10-25 05:12:54,518 [Command processor thread] INFO  commandhandler.DeleteBlocksCommandHandler (DeleteBlocksCommandHandler.java:handle(106)) - Start to delete container blocks, TXIDs=[1(2)], numOfContainers=1, numOfBlocks=1
2019-10-25 05:12:54,518 [Command processor thread] INFO  commandhandler.DeleteBlocksCommandHandler (DeleteBlocksCommandHandler.java:handle(106)) - Start to delete container blocks, TXIDs=[1(2)], numOfContainers=1, numOfBlocks=1
2019-10-25 05:12:54,518 [Command processor thread] INFO  commandhandler.DeleteBlocksCommandHandler (DeleteBlocksCommandHandler.java:handle(106)) - Start to delete container blocks, TXIDs=[1(2)], numOfContainers=1, numOfBlocks=1
2019-10-25 05:12:54,518 [Command processor thread] INFO  commandhandler.DeleteBlocksCommandHandler (DeleteBlocksCommandHandler.java:handle(106)) - Start to delete container blocks, TXIDs=[1(2)], numOfContainers=1, numOfBlocks=1
2019-10-25 05:12:54,519 [Command processor thread] INFO  commandhandler.DeleteBlocksCommandHandler (DeleteBlocksCommandHandler.java:handle(106)) - Start to delete container blocks, TXIDs=[1(0)], numOfContainers=1, numOfBlocks=1
2019-10-25 05:12:54,519 [Command processor thread] INFO  commandhandler.DeleteBlocksCommandHandler (DeleteBlocksCommandHandler.java:handle(106)) - Start to delete container blocks, TXIDs=[1(2)], numOfContainers=1, numOfBlocks=1
2019-10-25 05:12:54,519 [Command processor thread] INFO  commandhandler.DeleteBlocksCommandHandler (DeleteBlocksCommandHandler.java:handle(106)) - Start to delete container blocks, TXIDs=[1(0)], numOfContainers=1, numOfBlocks=1
2019-10-25 05:12:54,519 [Command processor thread] INFO  commandhandler.DeleteBlocksCommandHandler (DeleteBlocksCommandHandler.java:handle(106)) - Start to delete container blocks, TXIDs=[1(2)], numOfContainers=1, numOfBlocks=1
2019-10-25 05:12:54,520 [Command processor thread] INFO  commandhandler.DeleteBlocksCommandHandler (DeleteBlocksCommandHandler.java:handle(106)) - Start to delete container blocks, TXIDs=[1(2)], numOfContainers=1, numOfBlocks=1
2019-10-25 05:12:54,520 [Command processor thread] INFO  commandhandler.DeleteBlocksCommandHandler (DeleteBlocksCommandHandler.java:handle(106)) - Start to delete container blocks, TXIDs=[1(2)], numOfContainers=1, numOfBlocks=1
2019-10-25 05:12:54,520 [Command processor thread] INFO  commandhandler.DeleteBlocksCommandHandler (DeleteBlocksCommandHandler.java:handle(106)) - Start to delete container blocks, TXIDs=[1(2)], numOfContainers=1, numOfBlocks=1
2019-10-25 05:12:54,520 [Command processor thread] INFO  commandhandler.DeleteBlocksCommandHandler (DeleteBlocksCommandHandler.java:handle(106)) - Start to delete container blocks, TXIDs=[1(2)], numOfContainers=1, numOfBlocks=1
2019-10-25 05:12:54,520 [Command processor thread] INFO  commandhandler.DeleteBlocksCommandHandler (DeleteBlocksCommandHandler.java:handle(106)) - Start to delete container blocks, TXIDs=[1(2)], numOfContainers=1, numOfBlocks=1
2019-10-25 05:12:54,521 [Command processor thread] INFO  commandhandler.DeleteBlocksCommandHandler (DeleteBlocksCommandHandler.java:handle(106)) - Start to delete container blocks, TXIDs=[1(2)], numOfContainers=1, numOfBlocks=1
2019-10-25 05:12:54,521 [Command processor thread] INFO  commandhandler.DeleteBlocksCommandHandler (DeleteBlocksCommandHandler.java:handle(106)) - Start to delete container blocks, TXIDs=[1(2)], numOfContainers=1, numOfBlocks=1
2019-10-25 05:12:54,521 [Command processor thread] INFO  commandhandler.DeleteBlocksCommandHandler (DeleteBlocksCommandHandler.java:handle(106)) - Start to delete container blocks, TXIDs=[1(2)], numOfContainers=1, numOfBlocks=1
2019-10-25 05:12:54,521 [Command processor thread] INFO  commandhandler.DeleteBlocksCommandHandler (DeleteBlocksCommandHandler.java:handle(106)) - Start to delete container blocks, TXIDs=[1(2)], numOfContainers=1, numOfBlocks=1
2019-10-25 05:12:54,521 [Command processor thread] INFO  commandhandler.DeleteBlocksCommandHandler (DeleteBlocksCommandHandler.java:handle(106)) - Start to delete container blocks, TXIDs=[1(0)], numOfContainers=1, numOfBlocks=1
2019-10-25 05:12:54,522 [Command processor thread] INFO  commandhandler.DeleteBlocksCommandHandler (DeleteBlocksCommandHandler.java:handle(106)) - Start to delete container blocks, TXIDs=[1(2)], numOfContainers=1, numOfBlocks=1
2019-10-25 05:12:54,522 [Command processor thread] INFO  commandhandler.DeleteBlocksCommandHandler (DeleteBlocksCommandHandler.java:handle(106)) - Start to delete container blocks, TXIDs=[1(38)], numOfContainers=1, numOfBlocks=1
2019-10-25 05:12:54,522 [Command processor thread] INFO  commandhandler.DeleteBlocksCommandHandler (DeleteBlocksCommandHandler.java:handle(106)) - Start to delete container blocks, TXIDs=[1(2)], numOfContainers=1, numOfBlocks=1
2019-10-25 05:12:54,522 [Command processor thread] INFO  commandhandler.DeleteBlocksCommandHandler (DeleteBlocksCommandHandler.java:handle(106)) - Start to delete container blocks, TXIDs=[1(2)], numOfContainers=1, numOfBlocks=1
2019-10-25 05:12:54,522 [Command processor thread] INFO  commandhandler.DeleteBlocksCommandHandler (DeleteBlocksCommandHandler.java:handle(106)) - Start to delete container blocks, TXIDs=[1(2)], numOfContainers=1, numOfBlocks=1
2019-10-25 05:12:54,524 [Thread-570] INFO  impl.FollowerState (FollowerState.java:run(111)) - 632d1f61-1fb0-4a9b-a27f-4f3ee937db0d@group-97C719019643-FollowerState: change to CANDIDATE, lastRpcTime:5034ms, electionTimeout:5034ms
2019-10-25 05:12:54,524 [Thread-570] INFO  impl.RoleInfo (RoleInfo.java:shutdownFollowerState(121)) - 632d1f61-1fb0-4a9b-a27f-4f3ee937db0d: shutdown FollowerState
2019-10-25 05:12:54,524 [Thread-570] INFO  impl.RaftServerImpl (RaftServerImpl.java:setRole(173)) - 632d1f61-1fb0-4a9b-a27f-4f3ee937db0d@group-97C719019643: changes role from  FOLLOWER to CANDIDATE at term 1 for changeToCandidate
2019-10-25 05:12:54,524 [Thread-570] INFO  impl.RoleInfo (RoleInfo.java:updateAndGet(143)) - 632d1f61-1fb0-4a9b-a27f-4f3ee937db0d: start LeaderElection
2019-10-25 05:12:54,541 [632d1f61-1fb0-4a9b-a27f-4f3ee937db0d@group-97C719019643-LeaderElection6] INFO  impl.LeaderElection (LeaderElection.java:askForVotes(178)) - 632d1f61-1fb0-4a9b-a27f-4f3ee937db0d@group-97C719019643-LeaderElection6: begin an election at term 2 for 0: [632d1f61-1fb0-4a9b-a27f-4f3ee937db0d:192.168.157.246:46686, 792578c8-58d9-41cb-99fd-534993a904b7:192.168.157.246:34810, 154b23c8-147d-4903-89d2-8045c7557393:192.168.157.246:33226], old=null
2019-10-25 05:12:54,551 [grpc-default-executor-0] INFO  impl.RaftServerImpl (ServerState.java:setLeader(255)) - 792578c8-58d9-41cb-99fd-534993a904b7@group-97C719019643: change Leader from 792578c8-58d9-41cb-99fd-534993a904b7 to null at term 2 for updateCurrentTerm
2019-10-25 05:12:54,551 [grpc-default-executor-2] INFO  impl.RaftServerImpl (ServerState.java:setLeader(255)) - 154b23c8-147d-4903-89d2-8045c7557393@group-97C719019643: change Leader from 792578c8-58d9-41cb-99fd-534993a904b7 to null at term 2 for updateCurrentTerm
2019-10-25 05:12:54,551 [grpc-default-executor-0] INFO  impl.RaftServerImpl (RaftServerImpl.java:setRole(173)) - 792578c8-58d9-41cb-99fd-534993a904b7@group-97C719019643: changes role from    LEADER to FOLLOWER at term 2 for recognizeCandidate:632d1f61-1fb0-4a9b-a27f-4f3ee937db0d
2019-10-25 05:12:54,551 [grpc-default-executor-2] INFO  impl.RaftServerImpl (RaftServerImpl.java:setRole(173)) - 154b23c8-147d-4903-89d2-8045c7557393@group-97C719019643: changes role from  FOLLOWER to FOLLOWER at term 2 for recognizeCandidate:632d1f61-1fb0-4a9b-a27f-4f3ee937db0d
2019-10-25 05:12:54,551 [grpc-default-executor-0] INFO  impl.RoleInfo (RoleInfo.java:shutdownLeaderState(104)) - 792578c8-58d9-41cb-99fd-534993a904b7: shutdown LeaderState
2019-10-25 05:12:54,551 [grpc-default-executor-2] INFO  impl.RoleInfo (RoleInfo.java:shutdownFollowerState(121)) - 154b23c8-147d-4903-89d2-8045c7557393: shutdown FollowerState
2019-10-25 05:12:54,553 [org.apache.ratis.server.impl.LogAppender$AppenderDaemon$$Lambda$375/648767816@626b78b0] WARN  server.GrpcLogAppender (GrpcLogAppender.java:mayWait(149)) - 792578c8-58d9-41cb-99fd-534993a904b7@group-97C719019643->154b23c8-147d-4903-89d2-8045c7557393-GrpcLogAppender: Wait interrupted by java.lang.InterruptedException
2019-10-25 05:12:54,554 [Thread-252] INFO  impl.FollowerState (FollowerState.java:run(120)) - 154b23c8-147d-4903-89d2-8045c7557393@group-97C719019643-FollowerState was interrupted: java.lang.InterruptedException: sleep interrupted
2019-10-25 05:12:54,554 [org.apache.ratis.server.impl.LogAppender$AppenderDaemon$$Lambda$375/648767816@7607860a] WARN  server.GrpcLogAppender (GrpcLogAppender.java:mayWait(149)) - 792578c8-58d9-41cb-99fd-534993a904b7@group-97C719019643->632d1f61-1fb0-4a9b-a27f-4f3ee937db0d-GrpcLogAppender: Wait interrupted by java.lang.InterruptedException
2019-10-25 05:12:54,553 [grpc-default-executor-0] INFO  impl.PendingRequests (PendingRequests.java:sendNotLeaderResponses(206)) - 792578c8-58d9-41cb-99fd-534993a904b7@group-97C719019643-PendingRequests: sendNotLeaderResponses
2019-10-25 05:12:54,554 [grpc-default-executor-2] INFO  impl.RoleInfo (RoleInfo.java:updateAndGet(143)) - 154b23c8-147d-4903-89d2-8045c7557393: start FollowerState
2019-10-25 05:12:54,559 [grpc-default-executor-0] INFO  impl.RoleInfo (RoleInfo.java:updateAndGet(143)) - 792578c8-58d9-41cb-99fd-534993a904b7: start FollowerState
2019-10-25 05:12:54,559 [Thread-608] INFO  client.GrpcClientProtocolService (GrpcClientProtocolService.java:lambda$processClientRequest$0(279)) - Failed RaftClientRequest:client-E384FFB178A4->792578c8-58d9-41cb-99fd-534993a904b7@group-97C719019643, cid=22, seq=0, Watch-ALL_COMMITTED(6), Message:<EMPTY>, reply=RaftClientReply:client-E384FFB178A4->792578c8-58d9-41cb-99fd-534993a904b7@group-97C719019643, cid=22, FAILED org.apache.ratis.protocol.NotLeaderException: Server 792578c8-58d9-41cb-99fd-534993a904b7@group-97C719019643 is not the leader, logIndex=0, commits[792578c8-58d9-41cb-99fd-534993a904b7:c10, 632d1f61-1fb0-4a9b-a27f-4f3ee937db0d:c4, 154b23c8-147d-4903-89d2-8045c7557393:c10]
2019-10-25 05:12:54,559 [grpc-default-executor-1] INFO  server.GrpcServerProtocolService (GrpcServerProtocolService.java:onCompleted(113)) - 154b23c8-147d-4903-89d2-8045c7557393: Completed APPEND_ENTRIES, lastRequest: 792578c8-58d9-41cb-99fd-534993a904b7->154b23c8-147d-4903-89d2-8045c7557393#54-t1, previous=(t:1, i:10), leaderCommit=10, initializing? false, entries: <empty>
2019-10-25 05:12:54,566 [grpc-default-executor-1] INFO  server.GrpcLogAppender (GrpcLogAppender.java:onCompleted(308)) - 792578c8-58d9-41cb-99fd-534993a904b7@group-97C719019643->154b23c8-147d-4903-89d2-8045c7557393-AppendLogResponseHandler: follower responses appendEntries COMPLETED
2019-10-25 05:12:54,568 [grpc-default-executor-1] INFO  impl.FollowerInfo (FollowerInfo.java:lambda$new$0(51)) - 792578c8-58d9-41cb-99fd-534993a904b7@group-97C719019643->154b23c8-147d-4903-89d2-8045c7557393: nextIndex: updateUnconditionally 11 -> 10
2019-10-25 05:12:54,575 [632d1f61-1fb0-4a9b-a27f-4f3ee937db0d@group-97C719019643-LeaderElection6] INFO  impl.LeaderElection (LeaderElection.java:logAndReturn(56)) - 632d1f61-1fb0-4a9b-a27f-4f3ee937db0d@group-97C719019643-LeaderElection6: Election REJECTED; received 2 response(s) [632d1f61-1fb0-4a9b-a27f-4f3ee937db0d<-792578c8-58d9-41cb-99fd-534993a904b7#0:FAIL-t2, 632d1f61-1fb0-4a9b-a27f-4f3ee937db0d<-154b23c8-147d-4903-89d2-8045c7557393#0:FAIL-t2] and 0 exception(s); 632d1f61-1fb0-4a9b-a27f-4f3ee937db0d@group-97C719019643:t2, leader=null, voted=632d1f61-1fb0-4a9b-a27f-4f3ee937db0d, raftlog=632d1f61-1fb0-4a9b-a27f-4f3ee937db0d@group-97C719019643-SegmentedRaftLog:OPENED:c3,f4,i4, conf=0: [632d1f61-1fb0-4a9b-a27f-4f3ee937db0d:192.168.157.246:46686, 792578c8-58d9-41cb-99fd-534993a904b7:192.168.157.246:34810, 154b23c8-147d-4903-89d2-8045c7557393:192.168.157.246:33226], old=null
2019-10-25 05:12:54,576 [632d1f61-1fb0-4a9b-a27f-4f3ee937db0d@group-97C719019643-LeaderElection6] INFO  impl.RaftServerImpl (RaftServerImpl.java:setRole(173)) - 632d1f61-1fb0-4a9b-a27f-4f3ee937db0d@group-97C719019643: changes role from CANDIDATE to FOLLOWER at term 2 for DISCOVERED_A_NEW_TERM
2019-10-25 05:12:54,580 [632d1f61-1fb0-4a9b-a27f-4f3ee937db0d@group-97C719019643-LeaderElection6] INFO  impl.RoleInfo (RoleInfo.java:shutdownLeaderElection(134)) - 632d1f61-1fb0-4a9b-a27f-4f3ee937db0d: shutdown LeaderElection
2019-10-25 05:12:54,580 [632d1f61-1fb0-4a9b-a27f-4f3ee937db0d@group-97C719019643-LeaderElection6] INFO  impl.RoleInfo (RoleInfo.java:updateAndGet(143)) - 632d1f61-1fb0-4a9b-a27f-4f3ee937db0d: start FollowerState
2019-10-25 05:12:54,581 [Thread-569] INFO  impl.FollowerState (FollowerState.java:run(111)) - 632d1f61-1fb0-4a9b-a27f-4f3ee937db0d@group-E1777AD31C3D-FollowerState: change to CANDIDATE, lastRpcTime:5091ms, electionTimeout:5091ms
2019-10-25 05:12:54,582 [Thread-569] INFO  impl.RoleInfo (RoleInfo.java:shutdownFollowerState(121)) - 632d1f61-1fb0-4a9b-a27f-4f3ee937db0d: shutdown FollowerState
2019-10-25 05:12:54,582 [Thread-569] INFO  impl.RaftServerImpl (RaftServerImpl.java:setRole(173)) - 632d1f61-1fb0-4a9b-a27f-4f3ee937db0d@group-E1777AD31C3D: changes role from  FOLLOWER to CANDIDATE at term 1 for changeToCandidate
2019-10-25 05:12:54,582 [Thread-569] INFO  impl.RoleInfo (RoleInfo.java:updateAndGet(143)) - 632d1f61-1fb0-4a9b-a27f-4f3ee937db0d: start LeaderElection
2019-10-25 05:12:54,597 [632d1f61-1fb0-4a9b-a27f-4f3ee937db0d@group-E1777AD31C3D-LeaderElection7] INFO  impl.LeaderElection (LeaderElection.java:askForVotes(178)) - 632d1f61-1fb0-4a9b-a27f-4f3ee937db0d@group-E1777AD31C3D-LeaderElection7: begin an election at term 2 for 0: [632d1f61-1fb0-4a9b-a27f-4f3ee937db0d:192.168.157.246:46686], old=null
2019-10-25 05:12:54,597 [632d1f61-1fb0-4a9b-a27f-4f3ee937db0d@group-E1777AD31C3D-LeaderElection7] INFO  impl.RoleInfo (RoleInfo.java:shutdownLeaderElection(134)) - 632d1f61-1fb0-4a9b-a27f-4f3ee937db0d: shutdown LeaderElection
2019-10-25 05:12:54,597 [632d1f61-1fb0-4a9b-a27f-4f3ee937db0d@group-E1777AD31C3D-LeaderElection7] INFO  impl.RaftServerImpl (RaftServerImpl.java:setRole(173)) - 632d1f61-1fb0-4a9b-a27f-4f3ee937db0d@group-E1777AD31C3D: changes role from CANDIDATE to LEADER at term 2 for changeToLeader
2019-10-25 05:12:54,598 [632d1f61-1fb0-4a9b-a27f-4f3ee937db0d@group-E1777AD31C3D-LeaderElection7] INFO  ratis.XceiverServerRatis (XceiverServerRatis.java:handleLeaderChangedNotification(702)) - Leader change notification received for group: group-E1777AD31C3D with new leaderId: 632d1f61-1fb0-4a9b-a27f-4f3ee937db0d
2019-10-25 05:12:54,598 [632d1f61-1fb0-4a9b-a27f-4f3ee937db0d@group-E1777AD31C3D-LeaderElection7] INFO  impl.RaftServerImpl (ServerState.java:setLeader(255)) - 632d1f61-1fb0-4a9b-a27f-4f3ee937db0d@group-E1777AD31C3D: change Leader from null to 632d1f61-1fb0-4a9b-a27f-4f3ee937db0d at term 2 for becomeLeader, leader elected after 7174ms
2019-10-25 05:12:54,598 [632d1f61-1fb0-4a9b-a27f-4f3ee937db0d@group-E1777AD31C3D-LeaderElection7] INFO  server.RaftServerConfigKeys (ConfUtils.java:logGet(43)) - raft.server.staging.catchup.gap = 1000 (default)
2019-10-25 05:12:54,598 [632d1f61-1fb0-4a9b-a27f-4f3ee937db0d@group-E1777AD31C3D-LeaderElection7] INFO  server.RaftServerConfigKeys (ConfUtils.java:logGet(43)) - raft.server.rpc.sleep.time = 25ms (default)
2019-10-25 05:12:54,598 [632d1f61-1fb0-4a9b-a27f-4f3ee937db0d@group-E1777AD31C3D-LeaderElection7] INFO  server.RaftServerConfigKeys (ConfUtils.java:logGet(43)) - raft.server.write.element-limit = 4096 (default)
2019-10-25 05:12:54,598 [632d1f61-1fb0-4a9b-a27f-4f3ee937db0d@group-E1777AD31C3D-LeaderElection7] INFO  server.RaftServerConfigKeys (ConfUtils.java:logGet(43)) - raft.server.watch.timeout = 10s (default)
2019-10-25 05:12:54,599 [632d1f61-1fb0-4a9b-a27f-4f3ee937db0d@group-E1777AD31C3D-LeaderElection7] INFO  server.RaftServerConfigKeys (ConfUtils.java:logGet(43)) - raft.server.watch.timeout.denomination = 1s (default)
2019-10-25 05:12:54,599 [632d1f61-1fb0-4a9b-a27f-4f3ee937db0d@group-E1777AD31C3D-LeaderElection7] INFO  server.RaftServerConfigKeys (ConfUtils.java:logGet(43)) - raft.server.watch.element-limit = 65536 (default)
2019-10-25 05:12:54,599 [EventQueue-PipelineReportForPipelineReportHandler] INFO  pipeline.PipelineReportHandler (PipelineReportHandler.java:processPipelineReport(104)) - Pipeline PipelineID=1722bdbb-8af6-428f-be07-612e7a159a4c reported by 632d1f61-1fb0-4a9b-a27f-4f3ee937db0d{ip: 192.168.157.246, host: pr-hdds-1868-bb2j8-1277741604, networkLocation: /default-rack, certSerialId: null} isLeader?: false
2019-10-25 05:12:54,599 [632d1f61-1fb0-4a9b-a27f-4f3ee937db0d@group-E1777AD31C3D-LeaderElection7] INFO  impl.RoleInfo (RoleInfo.java:updateAndGet(143)) - 632d1f61-1fb0-4a9b-a27f-4f3ee937db0d: start LeaderState
2019-10-25 05:12:54,599 [EventQueue-PipelineReportForPipelineReportHandler] INFO  pipeline.PipelineReportHandler (PipelineReportHandler.java:processPipelineReport(104)) - Pipeline PipelineID=b36ab472-de99-4805-8503-7bc786dab9a2 reported by 632d1f61-1fb0-4a9b-a27f-4f3ee937db0d{ip: 192.168.157.246, host: pr-hdds-1868-bb2j8-1277741604, networkLocation: /default-rack, certSerialId: null} isLeader?: false
2019-10-25 05:12:54,600 [632d1f61-1fb0-4a9b-a27f-4f3ee937db0d@group-E1777AD31C3D-LeaderElection7] INFO  segmented.SegmentedRaftLogWorker (SegmentedRaftLogWorker.java:rollLogSegment(390)) - 632d1f61-1fb0-4a9b-a27f-4f3ee937db0d@group-E1777AD31C3D-SegmentedRaftLogWorker: Rolling segment log-0_0 to index:0
2019-10-25 05:12:54,603 [632d1f61-1fb0-4a9b-a27f-4f3ee937db0d@group-E1777AD31C3D-LeaderElection7] INFO  impl.RaftServerImpl (ServerState.java:setRaftConf(356)) - 632d1f61-1fb0-4a9b-a27f-4f3ee937db0d@group-E1777AD31C3D: set configuration 1: [632d1f61-1fb0-4a9b-a27f-4f3ee937db0d:192.168.157.246:46686], old=null at 1
2019-10-25 05:12:54,604 [632d1f61-1fb0-4a9b-a27f-4f3ee937db0d@group-E1777AD31C3D-SegmentedRaftLogWorker] INFO  segmented.SegmentedRaftLogWorker (SegmentedRaftLogWorker.java:execute(533)) - 632d1f61-1fb0-4a9b-a27f-4f3ee937db0d@group-E1777AD31C3D-SegmentedRaftLogWorker: Rolled log segment from /workdir/hadoop-ozone/integration-test/target/test-dir/MiniOzoneClusterImpl-03c1ce70-80a7-4992-b672-f5473244ce42/datanode-1/data/ratis/426e9ffc-d9d2-4905-9b05-e1777ad31c3d/current/log_inprogress_0 to /workdir/hadoop-ozone/integration-test/target/test-dir/MiniOzoneClusterImpl-03c1ce70-80a7-4992-b672-f5473244ce42/datanode-1/data/ratis/426e9ffc-d9d2-4905-9b05-e1777ad31c3d/current/log_0-0
2019-10-25 05:12:54,643 [632d1f61-1fb0-4a9b-a27f-4f3ee937db0d@group-E1777AD31C3D-SegmentedRaftLogWorker] INFO  segmented.SegmentedRaftLogWorker (SegmentedRaftLogWorker.java:execute(576)) - 632d1f61-1fb0-4a9b-a27f-4f3ee937db0d@group-E1777AD31C3D-SegmentedRaftLogWorker: created new log segment /workdir/hadoop-ozone/integration-test/target/test-dir/MiniOzoneClusterImpl-03c1ce70-80a7-4992-b672-f5473244ce42/datanode-1/data/ratis/426e9ffc-d9d2-4905-9b05-e1777ad31c3d/current/log_inprogress_1
2019-10-25 05:12:54,700 [EventQueue-DeleteBlockStatusForDeletedBlockLogImpl] WARN  block.DeletedBlockLogImpl (DeletedBlockLogImpl.java:commitTransactions(205)) - Transaction txId=1 commit by dnId=632d1f61-1fb0-4a9b-a27f-4f3ee937db0d for containerID=#1 failed. Corresponding entry not found.
2019-10-25 05:12:54,702 [EventQueue-DeleteBlockStatusForDeletedBlockLogImpl] WARN  block.DeletedBlockLogImpl (DeletedBlockLogImpl.java:commitTransactions(205)) - Transaction txId=1 commit by dnId=632d1f61-1fb0-4a9b-a27f-4f3ee937db0d for containerID=#1 failed. Corresponding entry not found.
2019-10-25 05:12:54,702 [EventQueue-DeleteBlockStatusForDeletedBlockLogImpl] WARN  block.DeletedBlockLogImpl (DeletedBlockLogImpl.java:commitTransactions(205)) - Transaction txId=1 commit by dnId=632d1f61-1fb0-4a9b-a27f-4f3ee937db0d for containerID=#1 failed. Corresponding entry not found.
2019-10-25 05:12:54,702 [EventQueue-DeleteBlockStatusForDeletedBlockLogImpl] WARN  block.DeletedBlockLogImpl (DeletedBlockLogImpl.java:commitTransactions(205)) - Transaction txId=1 commit by dnId=632d1f61-1fb0-4a9b-a27f-4f3ee937db0d for containerID=#1 failed. Corresponding entry not found.
2019-10-25 05:12:54,703 [EventQueue-DeleteBlockStatusForDeletedBlockLogImpl] WARN  block.DeletedBlockLogImpl (DeletedBlockLogImpl.java:commitTransactions(205)) - Transaction txId=1 commit by dnId=632d1f61-1fb0-4a9b-a27f-4f3ee937db0d for containerID=#1 failed. Corresponding entry not found.
2019-10-25 05:12:54,703 [EventQueue-DeleteBlockStatusForDeletedBlockLogImpl] WARN  block.DeletedBlockLogImpl (DeletedBlockLogImpl.java:commitTransactions(205)) - Transaction txId=1 commit by dnId=632d1f61-1fb0-4a9b-a27f-4f3ee937db0d for containerID=#1 failed. Corresponding entry not found.
2019-10-25 05:12:54,703 [EventQueue-DeleteBlockStatusForDeletedBlockLogImpl] WARN  block.DeletedBlockLogImpl (DeletedBlockLogImpl.java:commitTransactions(205)) - Transaction txId=1 commit by dnId=632d1f61-1fb0-4a9b-a27f-4f3ee937db0d for containerID=#1 failed. Corresponding entry not found.
2019-10-25 05:12:54,703 [EventQueue-DeleteBlockStatusForDeletedBlockLogImpl] WARN  block.DeletedBlockLogImpl (DeletedBlockLogImpl.java:commitTransactions(205)) - Transaction txId=1 commit by dnId=632d1f61-1fb0-4a9b-a27f-4f3ee937db0d for containerID=#1 failed. Corresponding entry not found.
2019-10-25 05:12:54,771 [BlockDeletingService#2] WARN  background.BlockDeletingService (BlockDeletingService.java:isDeletionAllowed(187)) - Close Container log Index 6 is not replicated across allthe servers in the pipeline 51c31d15-6363-40f4-9154-97c719019643 as the min replicated index is 4. Deletion is not allowed in this container yet.
2019-10-25 05:12:54,772 [BlockDeletingService#2] WARN  background.BlockDeletingService (BlockDeletingService.java:isDeletionAllowed(187)) - Close Container log Index 6 is not replicated across allthe servers in the pipeline 51c31d15-6363-40f4-9154-97c719019643 as the min replicated index is 4. Deletion is not allowed in this container yet.
2019-10-25 05:12:55,574 [Thread-617] INFO  client.GrpcClientProtocolService (GrpcClientProtocolService.java:lambda$processClientRequest$0(279)) - Failed RaftClientRequest:client-E384FFB178A4->154b23c8-147d-4903-89d2-8045c7557393@group-97C719019643, cid=22, seq=0, Watch-ALL_COMMITTED(6), Message:<EMPTY>, reply=RaftClientReply:client-E384FFB178A4->154b23c8-147d-4903-89d2-8045c7557393@group-97C719019643, cid=22, FAILED org.apache.ratis.protocol.NotLeaderException: Server 154b23c8-147d-4903-89d2-8045c7557393@group-97C719019643 is not the leader, logIndex=0, commits[154b23c8-147d-4903-89d2-8045c7557393:c10, 632d1f61-1fb0-4a9b-a27f-4f3ee937db0d:c4, 792578c8-58d9-41cb-99fd-534993a904b7:c10]
2019-10-25 05:12:55,773 [BlockDeletingService#2] WARN  background.BlockDeletingService (BlockDeletingService.java:isDeletionAllowed(187)) - Close Container log Index 6 is not replicated across allthe servers in the pipeline 51c31d15-6363-40f4-9154-97c719019643 as the min replicated index is 4. Deletion is not allowed in this container yet.
2019-10-25 05:12:55,773 [BlockDeletingService#2] WARN  background.BlockDeletingService (BlockDeletingService.java:isDeletionAllowed(187)) - Close Container log Index 6 is not replicated across allthe servers in the pipeline 51c31d15-6363-40f4-9154-97c719019643 as the min replicated index is 4. Deletion is not allowed in this container yet.
2019-10-25 05:12:56,589 [Thread-623] INFO  client.GrpcClientProtocolService (GrpcClientProtocolService.java:lambda$processClientRequest$0(279)) - Failed RaftClientRequest:client-E384FFB178A4->632d1f61-1fb0-4a9b-a27f-4f3ee937db0d@group-97C719019643, cid=22, seq=0, Watch-ALL_COMMITTED(6), Message:<EMPTY>, reply=RaftClientReply:client-E384FFB178A4->632d1f61-1fb0-4a9b-a27f-4f3ee937db0d@group-97C719019643, cid=22, FAILED org.apache.ratis.protocol.NotLeaderException: Server 632d1f61-1fb0-4a9b-a27f-4f3ee937db0d@group-97C719019643 is not the leader, logIndex=0, commits[632d1f61-1fb0-4a9b-a27f-4f3ee937db0d:c3]
2019-10-25 05:12:56,703 [java.util.concurrent.ThreadPoolExecutor$Worker@488e248e[State = -1, empty queue]] WARN  server.GrpcLogAppender (GrpcLogAppender.java:timeoutAppendRequest(209)) - 792578c8-58d9-41cb-99fd-534993a904b7@group-97C719019643->632d1f61-1fb0-4a9b-a27f-4f3ee937db0d-GrpcLogAppender: appendEntries Timeout, request=792578c8-58d9-41cb-99fd-534993a904b7->632d1f61-1fb0-4a9b-a27f-4f3ee937db0d#54-t1, previous=(t:1, i:10), leaderCommit=10, initializing? false, entries: <empty>
2019-10-25 05:12:56,774 [BlockDeletingService#2] WARN  background.BlockDeletingService (BlockDeletingService.java:isDeletionAllowed(187)) - Close Container log Index 6 is not replicated across allthe servers in the pipeline 51c31d15-6363-40f4-9154-97c719019643 as the min replicated index is 4. Deletion is not allowed in this container yet.
2019-10-25 05:12:56,776 [BlockDeletingService#2] WARN  background.BlockDeletingService (BlockDeletingService.java:isDeletionAllowed(187)) - Close Container log Index 6 is not replicated across allthe servers in the pipeline 51c31d15-6363-40f4-9154-97c719019643 as the min replicated index is 4. Deletion is not allowed in this container yet.
]]></system-out>
    <system-err><![CDATA[ERROR StatusLogger No Log4j 2 configuration file found. Using default configuration (logging only errors to the console), or user programmatically provided configurations. Set system property 'log4j2.debug' to show Log4j 2 internal initialization logging. See https://logging.apache.org/log4j/2.x/manual/configuration.html for instructions on how to configure Log4j 2
Oct 25, 2019 5:11:10 AM org.apache.ratis.thirdparty.io.grpc.internal.SerializingExecutor run
SEVERE: Exception while executing runnable org.apache.ratis.thirdparty.io.grpc.internal.ServerImpl$JumpToApplicationThreadServerStreamListener$1Closed@3dda24ff
org.apache.ratis.thirdparty.io.grpc.StatusRuntimeException: CANCELLED: call already cancelled
	at org.apache.ratis.thirdparty.io.grpc.Status.asRuntimeException(Status.java:517)
	at org.apache.ratis.thirdparty.io.grpc.stub.ServerCalls$ServerCallStreamObserverImpl.onCompleted(ServerCalls.java:356)
	at org.apache.ratis.grpc.server.GrpcServerProtocolService$ServerRequestStreamObserver.onError(GrpcServerProtocolService.java:121)
	at org.apache.ratis.thirdparty.io.grpc.stub.ServerCalls$StreamingServerCallHandler$StreamingServerCallListener.onCancel(ServerCalls.java:269)
	at org.apache.ratis.thirdparty.io.grpc.internal.ServerCallImpl$ServerStreamListenerImpl.closed(ServerCallImpl.java:293)
	at org.apache.ratis.thirdparty.io.grpc.internal.ServerImpl$JumpToApplicationThreadServerStreamListener$1Closed.runInContext(ServerImpl.java:741)
	at org.apache.ratis.thirdparty.io.grpc.internal.ContextRunnable.run(ContextRunnable.java:37)
	at org.apache.ratis.thirdparty.io.grpc.internal.SerializingExecutor.run(SerializingExecutor.java:123)
	at java.util.concurrent.ThreadPoolExecutor.runWorker(ThreadPoolExecutor.java:1149)
	at java.util.concurrent.ThreadPoolExecutor$Worker.run(ThreadPoolExecutor.java:624)
	at java.lang.Thread.run(Thread.java:748)

Oct 25, 2019 5:11:10 AM org.apache.ratis.thirdparty.io.grpc.internal.SerializingExecutor run
SEVERE: Exception while executing runnable org.apache.ratis.thirdparty.io.grpc.internal.ClientCallImpl$ClientStreamListenerImpl$1StreamClosed@307f43f3
java.lang.NullPointerException
	at org.apache.ratis.grpc.server.GrpcLogAppender$AppendLogResponseHandler.onError(GrpcLogAppender.java:303)
	at org.apache.ratis.thirdparty.io.grpc.stub.ClientCalls$StreamObserverToCallListenerAdapter.onClose(ClientCalls.java:434)
	at org.apache.ratis.thirdparty.io.grpc.PartialForwardingClientCallListener.onClose(PartialForwardingClientCallListener.java:39)
	at org.apache.ratis.thirdparty.io.grpc.ForwardingClientCallListener.onClose(ForwardingClientCallListener.java:23)
	at org.apache.ratis.thirdparty.io.grpc.ForwardingClientCallListener$SimpleForwardingClientCallListener.onClose(ForwardingClientCallListener.java:40)
	at org.apache.ratis.thirdparty.io.grpc.internal.CensusStatsModule$StatsClientInterceptor$1$1.onClose(CensusStatsModule.java:678)
	at org.apache.ratis.thirdparty.io.grpc.PartialForwardingClientCallListener.onClose(PartialForwardingClientCallListener.java:39)
	at org.apache.ratis.thirdparty.io.grpc.ForwardingClientCallListener.onClose(ForwardingClientCallListener.java:23)
	at org.apache.ratis.thirdparty.io.grpc.ForwardingClientCallListener$SimpleForwardingClientCallListener.onClose(ForwardingClientCallListener.java:40)
	at org.apache.ratis.thirdparty.io.grpc.internal.CensusTracingModule$TracingClientInterceptor$1$1.onClose(CensusTracingModule.java:397)
	at org.apache.ratis.thirdparty.io.grpc.internal.ClientCallImpl.closeObserver(ClientCallImpl.java:459)
	at org.apache.ratis.thirdparty.io.grpc.internal.ClientCallImpl.access$300(ClientCallImpl.java:63)
	at org.apache.ratis.thirdparty.io.grpc.internal.ClientCallImpl$ClientStreamListenerImpl.close(ClientCallImpl.java:546)
	at org.apache.ratis.thirdparty.io.grpc.internal.ClientCallImpl$ClientStreamListenerImpl.access$600(ClientCallImpl.java:467)
	at org.apache.ratis.thirdparty.io.grpc.internal.ClientCallImpl$ClientStreamListenerImpl$1StreamClosed.runInContext(ClientCallImpl.java:584)
	at org.apache.ratis.thirdparty.io.grpc.internal.ContextRunnable.run(ContextRunnable.java:37)
	at org.apache.ratis.thirdparty.io.grpc.internal.SerializingExecutor.run(SerializingExecutor.java:123)
	at java.util.concurrent.ThreadPoolExecutor.runWorker(ThreadPoolExecutor.java:1149)
	at java.util.concurrent.ThreadPoolExecutor$Worker.run(ThreadPoolExecutor.java:624)
	at java.lang.Thread.run(Thread.java:748)

]]></system-err>
  </testcase>
</testsuite>