<?xml version="1.0" encoding="UTF-8"?>
<testsuite xmlns:xsi="http://www.w3.org/2001/XMLSchema-instance" xsi:noNamespaceSchemaLocation="https://maven.apache.org/surefire/maven-surefire-plugin/xsd/surefire-test-report.xsd" name="org.apache.hadoop.hdds.scm.pipeline.TestNodeFailure" time="99.084" tests="1" errors="1" skipped="0" failures="0">
  <properties>
    <property name="awt.toolkit" value="sun.awt.X11.XToolkit"/>
    <property name="file.encoding.pkg" value="sun.io"/>
    <property name="java.specification.version" value="1.8"/>
    <property name="sun.cpu.isalist" value=""/>
    <property name="sun.jnu.encoding" value="ANSI_X3.4-1968"/>
    <property name="java.class.path" value="/workdir/hadoop-ozone/integration-test/target/test-classes:/workdir/hadoop-ozone/integration-test/target/classes:/home/user/.m2/repository/org/apache/hadoop/hadoop-ozone-common/0.5.0-SNAPSHOT/hadoop-ozone-common-0.5.0-SNAPSHOT.jar:/home/user/.m2/repository/org/apache/commons/commons-compress/1.4.1/commons-compress-1.4.1.jar:/home/user/.m2/repository/org/tukaani/xz/1.0/xz-1.0.jar:/home/user/.m2/repository/org/apache/hadoop/hadoop-common/3.2.0/hadoop-common-3.2.0.jar:/home/user/.m2/repository/org/apache/hadoop/hadoop-hdfs/3.2.0/hadoop-hdfs-3.2.0.jar:/home/user/.m2/repository/org/apache/hadoop/hadoop-hdfs-client/3.2.0/hadoop-hdfs-client-3.2.0.jar:/home/user/.m2/repository/com/fasterxml/jackson/core/jackson-annotations/2.9.9/jackson-annotations-2.9.9.jar:/home/user/.m2/repository/org/apache/hadoop/hadoop-hdds-common/0.5.0-SNAPSHOT/hadoop-hdds-common-0.5.0-SNAPSHOT.jar:/home/user/.m2/repository/javax/annotation/javax.annotation-api/1.2/javax.annotation-api-1.2.jar:/home/user/.m2/repository/org/apache/ratis/ratis-server/0.5.0-d6d58d0-SNAPSHOT/ratis-server-0.5.0-d6d58d0-SNAPSHOT.jar:/home/user/.m2/repository/org/apache/ratis/ratis-thirdparty-misc/0.2.0/ratis-thirdparty-misc-0.2.0.jar:/home/user/.m2/repository/org/apache/ratis/ratis-proto/0.5.0-d6d58d0-SNAPSHOT/ratis-proto-0.5.0-d6d58d0-SNAPSHOT.jar:/home/user/.m2/repository/org/apache/ratis/ratis-common/0.5.0-d6d58d0-SNAPSHOT/ratis-common-0.5.0-d6d58d0-SNAPSHOT.jar:/home/user/.m2/repository/org/apache/ratis/ratis-client/0.5.0-d6d58d0-SNAPSHOT/ratis-client-0.5.0-d6d58d0-SNAPSHOT.jar:/home/user/.m2/repository/org/apache/ratis/ratis-metrics/0.5.0-d6d58d0-SNAPSHOT/ratis-metrics-0.5.0-d6d58d0-SNAPSHOT.jar:/home/user/.m2/repository/org/apache/ratis/ratis-netty/0.5.0-d6d58d0-SNAPSHOT/ratis-netty-0.5.0-d6d58d0-SNAPSHOT.jar:/home/user/.m2/repository/org/apache/ratis/ratis-grpc/0.5.0-d6d58d0-SNAPSHOT/ratis-grpc-0.5.0-d6d58d0-SNAPSHOT.jar:/home/user/.m2/repository/org/rocksdb/rocksdbjni/6.0.1/rocksdbjni-6.0.1.jar:/home/user/.m2/repository/org/apache/logging/log4j/log4j-api/2.11.0/log4j-api-2.11.0.jar:/home/user/.m2/repository/org/apache/logging/log4j/log4j-core/2.11.0/log4j-core-2.11.0.jar:/home/user/.m2/repository/com/lmax/disruptor/3.4.2/disruptor-3.4.2.jar:/home/user/.m2/repository/org/apache/commons/commons-pool2/2.6.0/commons-pool2-2.6.0.jar:/home/user/.m2/repository/org/bouncycastle/bcpkix-jdk15on/1.60/bcpkix-jdk15on-1.60.jar:/home/user/.m2/repository/commons-validator/commons-validator/1.6/commons-validator-1.6.jar:/home/user/.m2/repository/commons-digester/commons-digester/1.8.1/commons-digester-1.8.1.jar:/home/user/.m2/repository/io/jaegertracing/jaeger-client/0.34.0/jaeger-client-0.34.0.jar:/home/user/.m2/repository/io/jaegertracing/jaeger-thrift/0.34.0/jaeger-thrift-0.34.0.jar:/home/user/.m2/repository/org/apache/thrift/libthrift/0.12.0/libthrift-0.12.0.jar:/home/user/.m2/repository/com/squareup/okhttp3/okhttp/3.9.0/okhttp-3.9.0.jar:/home/user/.m2/repository/com/squareup/okio/okio/1.13.0/okio-1.13.0.jar:/home/user/.m2/repository/io/jaegertracing/jaeger-core/0.34.0/jaeger-core-0.34.0.jar:/home/user/.m2/repository/io/jaegertracing/jaeger-tracerresolver/0.34.0/jaeger-tracerresolver-0.34.0.jar:/home/user/.m2/repository/io/opentracing/contrib/opentracing-tracerresolver/0.1.5/opentracing-tracerresolver-0.1.5.jar:/home/user/.m2/repository/io/opentracing/opentracing-util/0.31.0/opentracing-util-0.31.0.jar:/home/user/.m2/repository/io/opentracing/opentracing-api/0.31.0/opentracing-api-0.31.0.jar:/home/user/.m2/repository/io/opentracing/opentracing-noop/0.31.0/opentracing-noop-0.31.0.jar:/home/user/.m2/repository/org/apache/hadoop/hadoop-hdds-server-framework/0.5.0-SNAPSHOT/hadoop-hdds-server-framework-0.5.0-SNAPSHOT.jar:/home/user/.m2/repository/org/apache/hadoop/hadoop-hdds-container-service/0.5.0-SNAPSHOT/hadoop-hdds-container-service-0.5.0-SNAPSHOT.jar:/home/user/.m2/repository/org/apache/hadoop/hadoop-hdds-client/0.5.0-SNAPSHOT/hadoop-hdds-client-0.5.0-SNAPSHOT.jar:/home/user/.m2/repository/org/apache/hadoop/hadoop-hdds-tools/0.5.0-SNAPSHOT/hadoop-hdds-tools-0.5.0-SNAPSHOT.jar:/home/user/.m2/repository/org/apache/hadoop/hadoop-hdds-server-scm/0.5.0-SNAPSHOT/hadoop-hdds-server-scm-0.5.0-SNAPSHOT.jar:/home/user/.m2/repository/org/apache/hadoop/hadoop-hdds-docs/0.5.0-SNAPSHOT/hadoop-hdds-docs-0.5.0-SNAPSHOT.jar:/home/user/.m2/repository/io/dropwizard/metrics/metrics-core/3.2.4/metrics-core-3.2.4.jar:/home/user/.m2/repository/org/hamcrest/hamcrest-all/1.3/hamcrest-all-1.3.jar:/home/user/.m2/repository/org/bouncycastle/bcprov-jdk15on/1.60/bcprov-jdk15on-1.60.jar:/home/user/.m2/repository/info/picocli/picocli/3.9.6/picocli-3.9.6.jar:/home/user/.m2/repository/com/google/protobuf/protobuf-java/2.5.0/protobuf-java-2.5.0.jar:/home/user/.m2/repository/com/google/guava/guava/11.0.2/guava-11.0.2.jar:/home/user/.m2/repository/org/apache/hadoop/hadoop-ozone-ozone-manager/0.5.0-SNAPSHOT/hadoop-ozone-ozone-manager-0.5.0-SNAPSHOT.jar:/home/user/.m2/repository/org/apache/hadoop/hadoop-minikdc/3.2.0/hadoop-minikdc-3.2.0.jar:/home/user/.m2/repository/commons-io/commons-io/2.5/commons-io-2.5.jar:/home/user/.m2/repository/org/apache/kerby/kerb-simplekdc/1.0.1/kerb-simplekdc-1.0.1.jar:/home/user/.m2/repository/org/apache/kerby/kerb-client/1.0.1/kerb-client-1.0.1.jar:/home/user/.m2/repository/org/apache/kerby/kerby-config/1.0.1/kerby-config-1.0.1.jar:/home/user/.m2/repository/org/apache/kerby/kerb-core/1.0.1/kerb-core-1.0.1.jar:/home/user/.m2/repository/org/apache/kerby/kerby-pkix/1.0.1/kerby-pkix-1.0.1.jar:/home/user/.m2/repository/org/apache/kerby/kerby-asn1/1.0.1/kerby-asn1-1.0.1.jar:/home/user/.m2/repository/org/apache/kerby/kerby-util/1.0.1/kerby-util-1.0.1.jar:/home/user/.m2/repository/org/apache/kerby/kerb-common/1.0.1/kerb-common-1.0.1.jar:/home/user/.m2/repository/org/apache/kerby/kerb-crypto/1.0.1/kerb-crypto-1.0.1.jar:/home/user/.m2/repository/org/apache/kerby/kerb-util/1.0.1/kerb-util-1.0.1.jar:/home/user/.m2/repository/org/apache/kerby/token-provider/1.0.1/token-provider-1.0.1.jar:/home/user/.m2/repository/org/apache/kerby/kerb-admin/1.0.1/kerb-admin-1.0.1.jar:/home/user/.m2/repository/org/apache/kerby/kerb-server/1.0.1/kerb-server-1.0.1.jar:/home/user/.m2/repository/org/apache/kerby/kerb-identity/1.0.1/kerb-identity-1.0.1.jar:/home/user/.m2/repository/org/apache/kerby/kerby-xdr/1.0.1/kerby-xdr-1.0.1.jar:/home/user/.m2/repository/org/slf4j/slf4j-log4j12/1.7.25/slf4j-log4j12-1.7.25.jar:/home/user/.m2/repository/org/apache/hadoop/hadoop-ozone-s3gateway/0.5.0-SNAPSHOT/hadoop-ozone-s3gateway-0.5.0-SNAPSHOT.jar:/home/user/.m2/repository/org/jboss/weld/servlet/weld-servlet/2.4.7.Final/weld-servlet-2.4.7.Final.jar:/home/user/.m2/repository/org/glassfish/jersey/containers/jersey-container-servlet-core/2.27/jersey-container-servlet-core-2.27.jar:/home/user/.m2/repository/org/glassfish/hk2/external/javax.inject/2.5.0-b42/javax.inject-2.5.0-b42.jar:/home/user/.m2/repository/org/glassfish/jersey/core/jersey-common/2.27/jersey-common-2.27.jar:/home/user/.m2/repository/org/glassfish/hk2/osgi-resource-locator/1.0.1/osgi-resource-locator-1.0.1.jar:/home/user/.m2/repository/javax/ws/rs/javax.ws.rs-api/2.1/javax.ws.rs-api-2.1.jar:/home/user/.m2/repository/org/glassfish/jersey/ext/cdi/jersey-cdi1x/2.27/jersey-cdi1x-2.27.jar:/home/user/.m2/repository/org/glassfish/jersey/inject/jersey-hk2/2.27/jersey-hk2-2.27.jar:/home/user/.m2/repository/org/glassfish/hk2/hk2-locator/2.5.0-b42/hk2-locator-2.5.0-b42.jar:/home/user/.m2/repository/org/javassist/javassist/3.22.0-CR2/javassist-3.22.0-CR2.jar:/home/user/.m2/repository/org/glassfish/hk2/hk2-api/2.5.0/hk2-api-2.5.0.jar:/home/user/.m2/repository/org/glassfish/hk2/external/jakarta.inject/2.5.0/jakarta.inject-2.5.0.jar:/home/user/.m2/repository/org/glassfish/hk2/hk2-utils/2.5.0/hk2-utils-2.5.0.jar:/home/user/.m2/repository/jakarta/annotation/jakarta.annotation-api/1.3.4/jakarta.annotation-api-1.3.4.jar:/home/user/.m2/repository/org/glassfish/hk2/external/aopalliance-repackaged/2.5.0/aopalliance-repackaged-2.5.0.jar:/home/user/.m2/repository/com/fasterxml/jackson/dataformat/jackson-dataformat-xml/2.9.0/jackson-dataformat-xml-2.9.0.jar:/home/user/.m2/repository/com/fasterxml/jackson/core/jackson-core/2.9.9/jackson-core-2.9.9.jar:/home/user/.m2/repository/com/fasterxml/jackson/module/jackson-module-jaxb-annotations/2.9.9/jackson-module-jaxb-annotations-2.9.9.jar:/home/user/.m2/repository/javax/enterprise/cdi-api/1.2/cdi-api-1.2.jar:/home/user/.m2/repository/javax/el/javax.el-api/3.0.0/javax.el-api-3.0.0.jar:/home/user/.m2/repository/javax/interceptor/javax.interceptor-api/1.2/javax.interceptor-api-1.2.jar:/home/user/.m2/repository/javax/inject/javax.inject/1/javax.inject-1.jar:/home/user/.m2/repository/com/sun/xml/bind/jaxb-impl/2.3.0.1/jaxb-impl-2.3.0.1.jar:/home/user/.m2/repository/com/sun/xml/bind/jaxb-core/2.3.0.1/jaxb-core-2.3.0.1.jar:/home/user/.m2/repository/javax/xml/bind/jaxb-api/2.3.0/jaxb-api-2.3.0.jar:/home/user/.m2/repository/javax/activation/activation/1.1.1/activation-1.1.1.jar:/home/user/.m2/repository/org/apache/hadoop/hadoop-ozone-csi/0.5.0-SNAPSHOT/hadoop-ozone-csi-0.5.0-SNAPSHOT.jar:/home/user/.m2/repository/com/google/protobuf/protobuf-java-util/3.5.1/protobuf-java-util-3.5.1.jar:/home/user/.m2/repository/org/apache/hadoop/hadoop-hdds-config/0.5.0-SNAPSHOT/hadoop-hdds-config-0.5.0-SNAPSHOT.jar:/home/user/.m2/repository/io/grpc/grpc-netty/1.17.1/grpc-netty-1.17.1.jar:/home/user/.m2/repository/io/grpc/grpc-core/1.17.1/grpc-core-1.17.1.jar:/home/user/.m2/repository/io/grpc/grpc-context/1.17.1/grpc-context-1.17.1.jar:/home/user/.m2/repository/com/google/errorprone/error_prone_annotations/2.2.0/error_prone_annotations-2.2.0.jar:/home/user/.m2/repository/org/codehaus/mojo/animal-sniffer-annotations/1.17/animal-sniffer-annotations-1.17.jar:/home/user/.m2/repository/io/opencensus/opencensus-api/0.17.0/opencensus-api-0.17.0.jar:/home/user/.m2/repository/io/opencensus/opencensus-contrib-grpc-metrics/0.17.0/opencensus-contrib-grpc-metrics-0.17.0.jar:/home/user/.m2/repository/io/netty/netty-codec-http2/4.1.30.Final/netty-codec-http2-4.1.30.Final.jar:/home/user/.m2/repository/io/netty/netty-codec-http/4.1.30.Final/netty-codec-http-4.1.30.Final.jar:/home/user/.m2/repository/io/netty/netty-codec/4.1.30.Final/netty-codec-4.1.30.Final.jar:/home/user/.m2/repository/io/netty/netty-handler/4.1.30.Final/netty-handler-4.1.30.Final.jar:/home/user/.m2/repository/io/netty/netty-handler-proxy/4.1.30.Final/netty-handler-proxy-4.1.30.Final.jar:/home/user/.m2/repository/io/netty/netty-codec-socks/4.1.30.Final/netty-codec-socks-4.1.30.Final.jar:/home/user/.m2/repository/io/netty/netty-transport-native-epoll/4.1.30.Final/netty-transport-native-epoll-4.1.30.Final.jar:/home/user/.m2/repository/io/netty/netty-common/4.1.30.Final/netty-common-4.1.30.Final.jar:/home/user/.m2/repository/io/netty/netty-buffer/4.1.30.Final/netty-buffer-4.1.30.Final.jar:/home/user/.m2/repository/io/netty/netty-transport/4.1.30.Final/netty-transport-4.1.30.Final.jar:/home/user/.m2/repository/io/netty/netty-resolver/4.1.30.Final/netty-resolver-4.1.30.Final.jar:/home/user/.m2/repository/io/netty/netty-transport-native-unix-common/4.1.30.Final/netty-transport-native-unix-common-4.1.30.Final.jar:/home/user/.m2/repository/io/grpc/grpc-protobuf/1.17.1/grpc-protobuf-1.17.1.jar:/home/user/.m2/repository/com/google/api/grpc/proto-google-common-protos/1.0.0/proto-google-common-protos-1.0.0.jar:/home/user/.m2/repository/io/grpc/grpc-protobuf-lite/1.17.1/grpc-protobuf-lite-1.17.1.jar:/home/user/.m2/repository/io/grpc/grpc-stub/1.17.1/grpc-stub-1.17.1.jar:/home/user/.m2/repository/org/apache/hadoop/hadoop-ozone-recon/0.5.0-SNAPSHOT/hadoop-ozone-recon-0.5.0-SNAPSHOT.jar:/home/user/.m2/repository/org/apache/hadoop/hadoop-ozone-reconcodegen/0.5.0-SNAPSHOT/hadoop-ozone-reconcodegen-0.5.0-SNAPSHOT.jar:/home/user/.m2/repository/com/google/inject/extensions/guice-multibindings/4.0/guice-multibindings-4.0.jar:/home/user/.m2/repository/com/google/inject/guice/4.0/guice-4.0.jar:/home/user/.m2/repository/aopalliance/aopalliance/1.0/aopalliance-1.0.jar:/home/user/.m2/repository/com/google/inject/extensions/guice-servlet/4.0/guice-servlet-4.0.jar:/home/user/.m2/repository/org/glassfish/jersey/containers/jersey-container-servlet/2.27/jersey-container-servlet-2.27.jar:/home/user/.m2/repository/org/glassfish/hk2/guice-bridge/2.5.0/guice-bridge-2.5.0.jar:/home/user/.m2/repository/org/glassfish/jersey/core/jersey-server/2.27/jersey-server-2.27.jar:/home/user/.m2/repository/org/glassfish/jersey/core/jersey-client/2.27/jersey-client-2.27.jar:/home/user/.m2/repository/org/glassfish/jersey/media/jersey-media-jaxb/2.27/jersey-media-jaxb-2.27.jar:/home/user/.m2/repository/javax/validation/validation-api/1.1.0.Final/validation-api-1.1.0.Final.jar:/home/user/.m2/repository/org/glassfish/jersey/media/jersey-media-json-jackson/2.27/jersey-media-json-jackson-2.27.jar:/home/user/.m2/repository/org/glassfish/jersey/ext/jersey-entity-filtering/2.27/jersey-entity-filtering-2.27.jar:/home/user/.m2/repository/com/google/inject/extensions/guice-assistedinject/4.0/guice-assistedinject-4.0.jar:/home/user/.m2/repository/org/jooq/jooq/3.11.10/jooq-3.11.10.jar:/home/user/.m2/repository/org/jooq/jooq-meta/3.11.10/jooq-meta-3.11.10.jar:/home/user/.m2/repository/org/jooq/jooq-codegen/3.11.10/jooq-codegen-3.11.10.jar:/home/user/.m2/repository/com/jolbox/bonecp/0.8.0.RELEASE/bonecp-0.8.0.RELEASE.jar:/home/user/.m2/repository/org/xerial/sqlite-jdbc/3.25.2/sqlite-jdbc-3.25.2.jar:/home/user/.m2/repository/org/springframework/spring-jdbc/5.1.3.RELEASE/spring-jdbc-5.1.3.RELEASE.jar:/home/user/.m2/repository/org/springframework/spring-beans/5.1.3.RELEASE/spring-beans-5.1.3.RELEASE.jar:/home/user/.m2/repository/org/springframework/spring-core/5.1.3.RELEASE/spring-core-5.1.3.RELEASE.jar:/home/user/.m2/repository/org/springframework/spring-jcl/5.1.3.RELEASE/spring-jcl-5.1.3.RELEASE.jar:/home/user/.m2/repository/org/springframework/spring-tx/5.1.3.RELEASE/spring-tx-5.1.3.RELEASE.jar:/home/user/.m2/repository/org/apache/hadoop/hadoop-ozone-client/0.5.0-SNAPSHOT/hadoop-ozone-client-0.5.0-SNAPSHOT.jar:/home/user/.m2/repository/commons-lang/commons-lang/2.6/commons-lang-2.6.jar:/home/user/.m2/repository/org/apache/hadoop/hadoop-ozone-ozone-manager/0.5.0-SNAPSHOT/hadoop-ozone-ozone-manager-0.5.0-SNAPSHOT-tests.jar:/home/user/.m2/repository/junit/junit/4.11/junit-4.11.jar:/home/user/.m2/repository/org/hamcrest/hamcrest-core/1.3/hamcrest-core-1.3.jar:/home/user/.m2/repository/org/openjdk/jmh/jmh-core/1.19/jmh-core-1.19.jar:/home/user/.m2/repository/net/sf/jopt-simple/jopt-simple/4.6/jopt-simple-4.6.jar:/home/user/.m2/repository/org/apache/commons/commons-math3/3.1.1/commons-math3-3.1.1.jar:/home/user/.m2/repository/org/openjdk/jmh/jmh-generator-annprocess/1.19/jmh-generator-annprocess-1.19.jar:/home/user/.m2/repository/org/mockito/mockito-all/1.8.5/mockito-all-1.8.5.jar:/home/user/.m2/repository/org/apache/hadoop/hadoop-kms/3.2.0/hadoop-kms-3.2.0.jar:/home/user/.m2/repository/org/apache/hadoop/hadoop-auth/3.2.0/hadoop-auth-3.2.0.jar:/home/user/.m2/repository/com/nimbusds/nimbus-jose-jwt/4.41.1/nimbus-jose-jwt-4.41.1.jar:/home/user/.m2/repository/com/github/stephenc/jcip/jcip-annotations/1.0-1/jcip-annotations-1.0-1.jar:/home/user/.m2/repository/net/minidev/json-smart/2.3/json-smart-2.3.jar:/home/user/.m2/repository/net/minidev/accessors-smart/1.2/accessors-smart-1.2.jar:/home/user/.m2/repository/org/ow2/asm/asm/5.0.4/asm-5.0.4.jar:/home/user/.m2/repository/org/apache/curator/curator-framework/2.12.0/curator-framework-2.12.0.jar:/home/user/.m2/repository/com/sun/jersey/jersey-core/1.19/jersey-core-1.19.jar:/home/user/.m2/repository/javax/ws/rs/jsr311-api/1.1.1/jsr311-api-1.1.1.jar:/home/user/.m2/repository/com/sun/jersey/jersey-server/1.19/jersey-server-1.19.jar:/home/user/.m2/repository/javax/servlet/javax.servlet-api/3.1.0/javax.servlet-api-3.1.0.jar:/home/user/.m2/repository/org/eclipse/jetty/jetty-server/9.3.25.v20180904/jetty-server-9.3.25.v20180904.jar:/home/user/.m2/repository/org/eclipse/jetty/jetty-http/9.3.25.v20180904/jetty-http-9.3.25.v20180904.jar:/home/user/.m2/repository/org/eclipse/jetty/jetty-io/9.3.25.v20180904/jetty-io-9.3.25.v20180904.jar:/home/user/.m2/repository/org/eclipse/jetty/jetty-webapp/9.3.25.v20180904/jetty-webapp-9.3.25.v20180904.jar:/home/user/.m2/repository/org/eclipse/jetty/jetty-xml/9.3.25.v20180904/jetty-xml-9.3.25.v20180904.jar:/home/user/.m2/repository/log4j/log4j/1.2.17/log4j-1.2.17.jar:/home/user/.m2/repository/org/slf4j/slf4j-api/1.7.25/slf4j-api-1.7.25.jar:/home/user/.m2/repository/org/slf4j/jul-to-slf4j/1.7.25/jul-to-slf4j-1.7.25.jar:/home/user/.m2/repository/org/eclipse/jetty/jetty-util/9.3.25.v20180904/jetty-util-9.3.25.v20180904.jar:/home/user/.m2/repository/com/fasterxml/jackson/core/jackson-databind/2.9.9/jackson-databind-2.9.9.jar:/home/user/.m2/repository/org/apache/hadoop/hadoop-kms/3.2.0/hadoop-kms-3.2.0-tests.jar:/home/user/.m2/repository/org/apache/hadoop/hadoop-hdds-server-scm/0.5.0-SNAPSHOT/hadoop-hdds-server-scm-0.5.0-SNAPSHOT-tests.jar:/home/user/.m2/repository/org/apache/hadoop/hadoop-hdds-container-service/0.5.0-SNAPSHOT/hadoop-hdds-container-service-0.5.0-SNAPSHOT-tests.jar:/home/user/.m2/repository/org/yaml/snakeyaml/1.16/snakeyaml-1.16.jar:/home/user/.m2/repository/org/apache/hadoop/hadoop-common/3.2.0/hadoop-common-3.2.0-tests.jar:/home/user/.m2/repository/org/apache/hadoop/hadoop-annotations/3.2.0/hadoop-annotations-3.2.0.jar:/usr/lib/jvm/java-1.8.0-openjdk-1.8.0.222.b10-1.el7_7.x86_64/jre/../lib/tools.jar:/home/user/.m2/repository/commons-cli/commons-cli/1.2/commons-cli-1.2.jar:/home/user/.m2/repository/org/apache/httpcomponents/httpclient/4.5.2/httpclient-4.5.2.jar:/home/user/.m2/repository/org/apache/httpcomponents/httpcore/4.4.4/httpcore-4.4.4.jar:/home/user/.m2/repository/commons-codec/commons-codec/1.11/commons-codec-1.11.jar:/home/user/.m2/repository/commons-net/commons-net/3.6/commons-net-3.6.jar:/home/user/.m2/repository/commons-collections/commons-collections/3.2.2/commons-collections-3.2.2.jar:/home/user/.m2/repository/org/eclipse/jetty/jetty-servlet/9.3.25.v20180904/jetty-servlet-9.3.25.v20180904.jar:/home/user/.m2/repository/org/eclipse/jetty/jetty-security/9.3.25.v20180904/jetty-security-9.3.25.v20180904.jar:/home/user/.m2/repository/javax/servlet/jsp/jsp-api/2.1/jsp-api-2.1.jar:/home/user/.m2/repository/com/sun/jersey/jersey-servlet/1.19/jersey-servlet-1.19.jar:/home/user/.m2/repository/com/sun/jersey/jersey-json/1.19/jersey-json-1.19.jar:/home/user/.m2/repository/org/codehaus/jettison/jettison/1.1/jettison-1.1.jar:/home/user/.m2/repository/org/codehaus/jackson/jackson-core-asl/1.9.13/jackson-core-asl-1.9.13.jar:/home/user/.m2/repository/org/codehaus/jackson/jackson-mapper-asl/1.9.13/jackson-mapper-asl-1.9.13.jar:/home/user/.m2/repository/org/codehaus/jackson/jackson-jaxrs/1.9.13/jackson-jaxrs-1.9.13.jar:/home/user/.m2/repository/org/codehaus/jackson/jackson-xc/1.9.13/jackson-xc-1.9.13.jar:/home/user/.m2/repository/commons-logging/commons-logging/1.1.3/commons-logging-1.1.3.jar:/home/user/.m2/repository/commons-beanutils/commons-beanutils/1.9.4/commons-beanutils-1.9.4.jar:/home/user/.m2/repository/org/apache/commons/commons-configuration2/2.1.1/commons-configuration2-2.1.1.jar:/home/user/.m2/repository/org/apache/commons/commons-lang3/3.7/commons-lang3-3.7.jar:/home/user/.m2/repository/org/apache/commons/commons-text/1.4/commons-text-1.4.jar:/home/user/.m2/repository/org/apache/avro/avro/1.7.7/avro-1.7.7.jar:/home/user/.m2/repository/com/thoughtworks/paranamer/paranamer/2.3/paranamer-2.3.jar:/home/user/.m2/repository/org/xerial/snappy/snappy-java/1.0.5/snappy-java-1.0.5.jar:/home/user/.m2/repository/com/google/re2j/re2j/1.1/re2j-1.1.jar:/home/user/.m2/repository/com/google/code/gson/gson/2.2.4/gson-2.2.4.jar:/home/user/.m2/repository/com/jcraft/jsch/0.1.54/jsch-0.1.54.jar:/home/user/.m2/repository/org/apache/curator/curator-client/2.12.0/curator-client-2.12.0.jar:/home/user/.m2/repository/org/apache/curator/curator-recipes/2.12.0/curator-recipes-2.12.0.jar:/home/user/.m2/repository/com/google/code/findbugs/jsr305/3.0.0/jsr305-3.0.0.jar:/home/user/.m2/repository/org/apache/htrace/htrace-core4/4.1.0-incubating/htrace-core4-4.1.0-incubating.jar:/home/user/.m2/repository/org/apache/zookeeper/zookeeper/3.4.13/zookeeper-3.4.13.jar:/home/user/.m2/repository/jline/jline/0.9.94/jline-0.9.94.jar:/home/user/.m2/repository/org/apache/yetus/audience-annotations/0.5.0/audience-annotations-0.5.0.jar:/home/user/.m2/repository/org/codehaus/woodstox/stax2-api/3.1.4/stax2-api-3.1.4.jar:/home/user/.m2/repository/com/fasterxml/woodstox/woodstox-core/5.0.3/woodstox-core-5.0.3.jar:/home/user/.m2/repository/dnsjava/dnsjava/2.1.7/dnsjava-2.1.7.jar:/home/user/.m2/repository/org/apache/hadoop/hadoop-hdfs/3.2.0/hadoop-hdfs-3.2.0-tests.jar:/home/user/.m2/repository/org/eclipse/jetty/jetty-util-ajax/9.3.25.v20180904/jetty-util-ajax-9.3.25.v20180904.jar:/home/user/.m2/repository/commons-daemon/commons-daemon/1.0.13/commons-daemon-1.0.13.jar:/home/user/.m2/repository/io/netty/netty/3.10.5.Final/netty-3.10.5.Final.jar:/home/user/.m2/repository/io/netty/netty-all/4.0.52.Final/netty-all-4.0.52.Final.jar:/home/user/.m2/repository/org/fusesource/leveldbjni/leveldbjni-all/1.8/leveldbjni-all-1.8.jar:"/>
    <property name="java.vm.vendor" value="Oracle Corporation"/>
    <property name="sun.arch.data.model" value="64"/>
    <property name="test.build.dir" value="/workdir/hadoop-ozone/integration-test/target/test-dir"/>
    <property name="test.cache.data" value=""/>
    <property name="java.vendor.url" value="http://java.oracle.com/"/>
    <property name="user.timezone" value=""/>
    <property name="java.vm.specification.version" value="1.8"/>
    <property name="os.name" value="Linux"/>
    <property name="test.build.data" value="/workdir/hadoop-ozone/integration-test/target/test-dir"/>
    <property name="user.country" value="US"/>
    <property name="sun.java.launcher" value="SUN_STANDARD"/>
    <property name="sun.boot.library.path" value="/usr/lib/jvm/java-1.8.0-openjdk-1.8.0.222.b10-1.el7_7.x86_64/jre/lib/amd64"/>
    <property name="sun.java.command" value="/workdir/hadoop-ozone/integration-test/target/surefire/surefirebooter5313655686436371879.jar /workdir/hadoop-ozone/integration-test/target/surefire 2019-11-18T02-48-11_595-jvmRun1 surefire495981667111111792tmp surefire_744103421618090268323tmp"/>
    <property name="surefire.test.class.path" value="/workdir/hadoop-ozone/integration-test/target/test-classes:/workdir/hadoop-ozone/integration-test/target/classes:/home/user/.m2/repository/org/apache/hadoop/hadoop-ozone-common/0.5.0-SNAPSHOT/hadoop-ozone-common-0.5.0-SNAPSHOT.jar:/home/user/.m2/repository/org/apache/commons/commons-compress/1.4.1/commons-compress-1.4.1.jar:/home/user/.m2/repository/org/tukaani/xz/1.0/xz-1.0.jar:/home/user/.m2/repository/org/apache/hadoop/hadoop-common/3.2.0/hadoop-common-3.2.0.jar:/home/user/.m2/repository/org/apache/hadoop/hadoop-hdfs/3.2.0/hadoop-hdfs-3.2.0.jar:/home/user/.m2/repository/org/apache/hadoop/hadoop-hdfs-client/3.2.0/hadoop-hdfs-client-3.2.0.jar:/home/user/.m2/repository/com/fasterxml/jackson/core/jackson-annotations/2.9.9/jackson-annotations-2.9.9.jar:/home/user/.m2/repository/org/apache/hadoop/hadoop-hdds-common/0.5.0-SNAPSHOT/hadoop-hdds-common-0.5.0-SNAPSHOT.jar:/home/user/.m2/repository/javax/annotation/javax.annotation-api/1.2/javax.annotation-api-1.2.jar:/home/user/.m2/repository/org/apache/ratis/ratis-server/0.5.0-d6d58d0-SNAPSHOT/ratis-server-0.5.0-d6d58d0-SNAPSHOT.jar:/home/user/.m2/repository/org/apache/ratis/ratis-thirdparty-misc/0.2.0/ratis-thirdparty-misc-0.2.0.jar:/home/user/.m2/repository/org/apache/ratis/ratis-proto/0.5.0-d6d58d0-SNAPSHOT/ratis-proto-0.5.0-d6d58d0-SNAPSHOT.jar:/home/user/.m2/repository/org/apache/ratis/ratis-common/0.5.0-d6d58d0-SNAPSHOT/ratis-common-0.5.0-d6d58d0-SNAPSHOT.jar:/home/user/.m2/repository/org/apache/ratis/ratis-client/0.5.0-d6d58d0-SNAPSHOT/ratis-client-0.5.0-d6d58d0-SNAPSHOT.jar:/home/user/.m2/repository/org/apache/ratis/ratis-metrics/0.5.0-d6d58d0-SNAPSHOT/ratis-metrics-0.5.0-d6d58d0-SNAPSHOT.jar:/home/user/.m2/repository/org/apache/ratis/ratis-netty/0.5.0-d6d58d0-SNAPSHOT/ratis-netty-0.5.0-d6d58d0-SNAPSHOT.jar:/home/user/.m2/repository/org/apache/ratis/ratis-grpc/0.5.0-d6d58d0-SNAPSHOT/ratis-grpc-0.5.0-d6d58d0-SNAPSHOT.jar:/home/user/.m2/repository/org/rocksdb/rocksdbjni/6.0.1/rocksdbjni-6.0.1.jar:/home/user/.m2/repository/org/apache/logging/log4j/log4j-api/2.11.0/log4j-api-2.11.0.jar:/home/user/.m2/repository/org/apache/logging/log4j/log4j-core/2.11.0/log4j-core-2.11.0.jar:/home/user/.m2/repository/com/lmax/disruptor/3.4.2/disruptor-3.4.2.jar:/home/user/.m2/repository/org/apache/commons/commons-pool2/2.6.0/commons-pool2-2.6.0.jar:/home/user/.m2/repository/org/bouncycastle/bcpkix-jdk15on/1.60/bcpkix-jdk15on-1.60.jar:/home/user/.m2/repository/commons-validator/commons-validator/1.6/commons-validator-1.6.jar:/home/user/.m2/repository/commons-digester/commons-digester/1.8.1/commons-digester-1.8.1.jar:/home/user/.m2/repository/io/jaegertracing/jaeger-client/0.34.0/jaeger-client-0.34.0.jar:/home/user/.m2/repository/io/jaegertracing/jaeger-thrift/0.34.0/jaeger-thrift-0.34.0.jar:/home/user/.m2/repository/org/apache/thrift/libthrift/0.12.0/libthrift-0.12.0.jar:/home/user/.m2/repository/com/squareup/okhttp3/okhttp/3.9.0/okhttp-3.9.0.jar:/home/user/.m2/repository/com/squareup/okio/okio/1.13.0/okio-1.13.0.jar:/home/user/.m2/repository/io/jaegertracing/jaeger-core/0.34.0/jaeger-core-0.34.0.jar:/home/user/.m2/repository/io/jaegertracing/jaeger-tracerresolver/0.34.0/jaeger-tracerresolver-0.34.0.jar:/home/user/.m2/repository/io/opentracing/contrib/opentracing-tracerresolver/0.1.5/opentracing-tracerresolver-0.1.5.jar:/home/user/.m2/repository/io/opentracing/opentracing-util/0.31.0/opentracing-util-0.31.0.jar:/home/user/.m2/repository/io/opentracing/opentracing-api/0.31.0/opentracing-api-0.31.0.jar:/home/user/.m2/repository/io/opentracing/opentracing-noop/0.31.0/opentracing-noop-0.31.0.jar:/home/user/.m2/repository/org/apache/hadoop/hadoop-hdds-server-framework/0.5.0-SNAPSHOT/hadoop-hdds-server-framework-0.5.0-SNAPSHOT.jar:/home/user/.m2/repository/org/apache/hadoop/hadoop-hdds-container-service/0.5.0-SNAPSHOT/hadoop-hdds-container-service-0.5.0-SNAPSHOT.jar:/home/user/.m2/repository/org/apache/hadoop/hadoop-hdds-client/0.5.0-SNAPSHOT/hadoop-hdds-client-0.5.0-SNAPSHOT.jar:/home/user/.m2/repository/org/apache/hadoop/hadoop-hdds-tools/0.5.0-SNAPSHOT/hadoop-hdds-tools-0.5.0-SNAPSHOT.jar:/home/user/.m2/repository/org/apache/hadoop/hadoop-hdds-server-scm/0.5.0-SNAPSHOT/hadoop-hdds-server-scm-0.5.0-SNAPSHOT.jar:/home/user/.m2/repository/org/apache/hadoop/hadoop-hdds-docs/0.5.0-SNAPSHOT/hadoop-hdds-docs-0.5.0-SNAPSHOT.jar:/home/user/.m2/repository/io/dropwizard/metrics/metrics-core/3.2.4/metrics-core-3.2.4.jar:/home/user/.m2/repository/org/hamcrest/hamcrest-all/1.3/hamcrest-all-1.3.jar:/home/user/.m2/repository/org/bouncycastle/bcprov-jdk15on/1.60/bcprov-jdk15on-1.60.jar:/home/user/.m2/repository/info/picocli/picocli/3.9.6/picocli-3.9.6.jar:/home/user/.m2/repository/com/google/protobuf/protobuf-java/2.5.0/protobuf-java-2.5.0.jar:/home/user/.m2/repository/com/google/guava/guava/11.0.2/guava-11.0.2.jar:/home/user/.m2/repository/org/apache/hadoop/hadoop-ozone-ozone-manager/0.5.0-SNAPSHOT/hadoop-ozone-ozone-manager-0.5.0-SNAPSHOT.jar:/home/user/.m2/repository/org/apache/hadoop/hadoop-minikdc/3.2.0/hadoop-minikdc-3.2.0.jar:/home/user/.m2/repository/commons-io/commons-io/2.5/commons-io-2.5.jar:/home/user/.m2/repository/org/apache/kerby/kerb-simplekdc/1.0.1/kerb-simplekdc-1.0.1.jar:/home/user/.m2/repository/org/apache/kerby/kerb-client/1.0.1/kerb-client-1.0.1.jar:/home/user/.m2/repository/org/apache/kerby/kerby-config/1.0.1/kerby-config-1.0.1.jar:/home/user/.m2/repository/org/apache/kerby/kerb-core/1.0.1/kerb-core-1.0.1.jar:/home/user/.m2/repository/org/apache/kerby/kerby-pkix/1.0.1/kerby-pkix-1.0.1.jar:/home/user/.m2/repository/org/apache/kerby/kerby-asn1/1.0.1/kerby-asn1-1.0.1.jar:/home/user/.m2/repository/org/apache/kerby/kerby-util/1.0.1/kerby-util-1.0.1.jar:/home/user/.m2/repository/org/apache/kerby/kerb-common/1.0.1/kerb-common-1.0.1.jar:/home/user/.m2/repository/org/apache/kerby/kerb-crypto/1.0.1/kerb-crypto-1.0.1.jar:/home/user/.m2/repository/org/apache/kerby/kerb-util/1.0.1/kerb-util-1.0.1.jar:/home/user/.m2/repository/org/apache/kerby/token-provider/1.0.1/token-provider-1.0.1.jar:/home/user/.m2/repository/org/apache/kerby/kerb-admin/1.0.1/kerb-admin-1.0.1.jar:/home/user/.m2/repository/org/apache/kerby/kerb-server/1.0.1/kerb-server-1.0.1.jar:/home/user/.m2/repository/org/apache/kerby/kerb-identity/1.0.1/kerb-identity-1.0.1.jar:/home/user/.m2/repository/org/apache/kerby/kerby-xdr/1.0.1/kerby-xdr-1.0.1.jar:/home/user/.m2/repository/org/slf4j/slf4j-log4j12/1.7.25/slf4j-log4j12-1.7.25.jar:/home/user/.m2/repository/org/apache/hadoop/hadoop-ozone-s3gateway/0.5.0-SNAPSHOT/hadoop-ozone-s3gateway-0.5.0-SNAPSHOT.jar:/home/user/.m2/repository/org/jboss/weld/servlet/weld-servlet/2.4.7.Final/weld-servlet-2.4.7.Final.jar:/home/user/.m2/repository/org/glassfish/jersey/containers/jersey-container-servlet-core/2.27/jersey-container-servlet-core-2.27.jar:/home/user/.m2/repository/org/glassfish/hk2/external/javax.inject/2.5.0-b42/javax.inject-2.5.0-b42.jar:/home/user/.m2/repository/org/glassfish/jersey/core/jersey-common/2.27/jersey-common-2.27.jar:/home/user/.m2/repository/org/glassfish/hk2/osgi-resource-locator/1.0.1/osgi-resource-locator-1.0.1.jar:/home/user/.m2/repository/javax/ws/rs/javax.ws.rs-api/2.1/javax.ws.rs-api-2.1.jar:/home/user/.m2/repository/org/glassfish/jersey/ext/cdi/jersey-cdi1x/2.27/jersey-cdi1x-2.27.jar:/home/user/.m2/repository/org/glassfish/jersey/inject/jersey-hk2/2.27/jersey-hk2-2.27.jar:/home/user/.m2/repository/org/glassfish/hk2/hk2-locator/2.5.0-b42/hk2-locator-2.5.0-b42.jar:/home/user/.m2/repository/org/javassist/javassist/3.22.0-CR2/javassist-3.22.0-CR2.jar:/home/user/.m2/repository/org/glassfish/hk2/hk2-api/2.5.0/hk2-api-2.5.0.jar:/home/user/.m2/repository/org/glassfish/hk2/external/jakarta.inject/2.5.0/jakarta.inject-2.5.0.jar:/home/user/.m2/repository/org/glassfish/hk2/hk2-utils/2.5.0/hk2-utils-2.5.0.jar:/home/user/.m2/repository/jakarta/annotation/jakarta.annotation-api/1.3.4/jakarta.annotation-api-1.3.4.jar:/home/user/.m2/repository/org/glassfish/hk2/external/aopalliance-repackaged/2.5.0/aopalliance-repackaged-2.5.0.jar:/home/user/.m2/repository/com/fasterxml/jackson/dataformat/jackson-dataformat-xml/2.9.0/jackson-dataformat-xml-2.9.0.jar:/home/user/.m2/repository/com/fasterxml/jackson/core/jackson-core/2.9.9/jackson-core-2.9.9.jar:/home/user/.m2/repository/com/fasterxml/jackson/module/jackson-module-jaxb-annotations/2.9.9/jackson-module-jaxb-annotations-2.9.9.jar:/home/user/.m2/repository/javax/enterprise/cdi-api/1.2/cdi-api-1.2.jar:/home/user/.m2/repository/javax/el/javax.el-api/3.0.0/javax.el-api-3.0.0.jar:/home/user/.m2/repository/javax/interceptor/javax.interceptor-api/1.2/javax.interceptor-api-1.2.jar:/home/user/.m2/repository/javax/inject/javax.inject/1/javax.inject-1.jar:/home/user/.m2/repository/com/sun/xml/bind/jaxb-impl/2.3.0.1/jaxb-impl-2.3.0.1.jar:/home/user/.m2/repository/com/sun/xml/bind/jaxb-core/2.3.0.1/jaxb-core-2.3.0.1.jar:/home/user/.m2/repository/javax/xml/bind/jaxb-api/2.3.0/jaxb-api-2.3.0.jar:/home/user/.m2/repository/javax/activation/activation/1.1.1/activation-1.1.1.jar:/home/user/.m2/repository/org/apache/hadoop/hadoop-ozone-csi/0.5.0-SNAPSHOT/hadoop-ozone-csi-0.5.0-SNAPSHOT.jar:/home/user/.m2/repository/com/google/protobuf/protobuf-java-util/3.5.1/protobuf-java-util-3.5.1.jar:/home/user/.m2/repository/org/apache/hadoop/hadoop-hdds-config/0.5.0-SNAPSHOT/hadoop-hdds-config-0.5.0-SNAPSHOT.jar:/home/user/.m2/repository/io/grpc/grpc-netty/1.17.1/grpc-netty-1.17.1.jar:/home/user/.m2/repository/io/grpc/grpc-core/1.17.1/grpc-core-1.17.1.jar:/home/user/.m2/repository/io/grpc/grpc-context/1.17.1/grpc-context-1.17.1.jar:/home/user/.m2/repository/com/google/errorprone/error_prone_annotations/2.2.0/error_prone_annotations-2.2.0.jar:/home/user/.m2/repository/org/codehaus/mojo/animal-sniffer-annotations/1.17/animal-sniffer-annotations-1.17.jar:/home/user/.m2/repository/io/opencensus/opencensus-api/0.17.0/opencensus-api-0.17.0.jar:/home/user/.m2/repository/io/opencensus/opencensus-contrib-grpc-metrics/0.17.0/opencensus-contrib-grpc-metrics-0.17.0.jar:/home/user/.m2/repository/io/netty/netty-codec-http2/4.1.30.Final/netty-codec-http2-4.1.30.Final.jar:/home/user/.m2/repository/io/netty/netty-codec-http/4.1.30.Final/netty-codec-http-4.1.30.Final.jar:/home/user/.m2/repository/io/netty/netty-codec/4.1.30.Final/netty-codec-4.1.30.Final.jar:/home/user/.m2/repository/io/netty/netty-handler/4.1.30.Final/netty-handler-4.1.30.Final.jar:/home/user/.m2/repository/io/netty/netty-handler-proxy/4.1.30.Final/netty-handler-proxy-4.1.30.Final.jar:/home/user/.m2/repository/io/netty/netty-codec-socks/4.1.30.Final/netty-codec-socks-4.1.30.Final.jar:/home/user/.m2/repository/io/netty/netty-transport-native-epoll/4.1.30.Final/netty-transport-native-epoll-4.1.30.Final.jar:/home/user/.m2/repository/io/netty/netty-common/4.1.30.Final/netty-common-4.1.30.Final.jar:/home/user/.m2/repository/io/netty/netty-buffer/4.1.30.Final/netty-buffer-4.1.30.Final.jar:/home/user/.m2/repository/io/netty/netty-transport/4.1.30.Final/netty-transport-4.1.30.Final.jar:/home/user/.m2/repository/io/netty/netty-resolver/4.1.30.Final/netty-resolver-4.1.30.Final.jar:/home/user/.m2/repository/io/netty/netty-transport-native-unix-common/4.1.30.Final/netty-transport-native-unix-common-4.1.30.Final.jar:/home/user/.m2/repository/io/grpc/grpc-protobuf/1.17.1/grpc-protobuf-1.17.1.jar:/home/user/.m2/repository/com/google/api/grpc/proto-google-common-protos/1.0.0/proto-google-common-protos-1.0.0.jar:/home/user/.m2/repository/io/grpc/grpc-protobuf-lite/1.17.1/grpc-protobuf-lite-1.17.1.jar:/home/user/.m2/repository/io/grpc/grpc-stub/1.17.1/grpc-stub-1.17.1.jar:/home/user/.m2/repository/org/apache/hadoop/hadoop-ozone-recon/0.5.0-SNAPSHOT/hadoop-ozone-recon-0.5.0-SNAPSHOT.jar:/home/user/.m2/repository/org/apache/hadoop/hadoop-ozone-reconcodegen/0.5.0-SNAPSHOT/hadoop-ozone-reconcodegen-0.5.0-SNAPSHOT.jar:/home/user/.m2/repository/com/google/inject/extensions/guice-multibindings/4.0/guice-multibindings-4.0.jar:/home/user/.m2/repository/com/google/inject/guice/4.0/guice-4.0.jar:/home/user/.m2/repository/aopalliance/aopalliance/1.0/aopalliance-1.0.jar:/home/user/.m2/repository/com/google/inject/extensions/guice-servlet/4.0/guice-servlet-4.0.jar:/home/user/.m2/repository/org/glassfish/jersey/containers/jersey-container-servlet/2.27/jersey-container-servlet-2.27.jar:/home/user/.m2/repository/org/glassfish/hk2/guice-bridge/2.5.0/guice-bridge-2.5.0.jar:/home/user/.m2/repository/org/glassfish/jersey/core/jersey-server/2.27/jersey-server-2.27.jar:/home/user/.m2/repository/org/glassfish/jersey/core/jersey-client/2.27/jersey-client-2.27.jar:/home/user/.m2/repository/org/glassfish/jersey/media/jersey-media-jaxb/2.27/jersey-media-jaxb-2.27.jar:/home/user/.m2/repository/javax/validation/validation-api/1.1.0.Final/validation-api-1.1.0.Final.jar:/home/user/.m2/repository/org/glassfish/jersey/media/jersey-media-json-jackson/2.27/jersey-media-json-jackson-2.27.jar:/home/user/.m2/repository/org/glassfish/jersey/ext/jersey-entity-filtering/2.27/jersey-entity-filtering-2.27.jar:/home/user/.m2/repository/com/google/inject/extensions/guice-assistedinject/4.0/guice-assistedinject-4.0.jar:/home/user/.m2/repository/org/jooq/jooq/3.11.10/jooq-3.11.10.jar:/home/user/.m2/repository/org/jooq/jooq-meta/3.11.10/jooq-meta-3.11.10.jar:/home/user/.m2/repository/org/jooq/jooq-codegen/3.11.10/jooq-codegen-3.11.10.jar:/home/user/.m2/repository/com/jolbox/bonecp/0.8.0.RELEASE/bonecp-0.8.0.RELEASE.jar:/home/user/.m2/repository/org/xerial/sqlite-jdbc/3.25.2/sqlite-jdbc-3.25.2.jar:/home/user/.m2/repository/org/springframework/spring-jdbc/5.1.3.RELEASE/spring-jdbc-5.1.3.RELEASE.jar:/home/user/.m2/repository/org/springframework/spring-beans/5.1.3.RELEASE/spring-beans-5.1.3.RELEASE.jar:/home/user/.m2/repository/org/springframework/spring-core/5.1.3.RELEASE/spring-core-5.1.3.RELEASE.jar:/home/user/.m2/repository/org/springframework/spring-jcl/5.1.3.RELEASE/spring-jcl-5.1.3.RELEASE.jar:/home/user/.m2/repository/org/springframework/spring-tx/5.1.3.RELEASE/spring-tx-5.1.3.RELEASE.jar:/home/user/.m2/repository/org/apache/hadoop/hadoop-ozone-client/0.5.0-SNAPSHOT/hadoop-ozone-client-0.5.0-SNAPSHOT.jar:/home/user/.m2/repository/commons-lang/commons-lang/2.6/commons-lang-2.6.jar:/home/user/.m2/repository/org/apache/hadoop/hadoop-ozone-ozone-manager/0.5.0-SNAPSHOT/hadoop-ozone-ozone-manager-0.5.0-SNAPSHOT-tests.jar:/home/user/.m2/repository/junit/junit/4.11/junit-4.11.jar:/home/user/.m2/repository/org/hamcrest/hamcrest-core/1.3/hamcrest-core-1.3.jar:/home/user/.m2/repository/org/openjdk/jmh/jmh-core/1.19/jmh-core-1.19.jar:/home/user/.m2/repository/net/sf/jopt-simple/jopt-simple/4.6/jopt-simple-4.6.jar:/home/user/.m2/repository/org/apache/commons/commons-math3/3.1.1/commons-math3-3.1.1.jar:/home/user/.m2/repository/org/openjdk/jmh/jmh-generator-annprocess/1.19/jmh-generator-annprocess-1.19.jar:/home/user/.m2/repository/org/mockito/mockito-all/1.8.5/mockito-all-1.8.5.jar:/home/user/.m2/repository/org/apache/hadoop/hadoop-kms/3.2.0/hadoop-kms-3.2.0.jar:/home/user/.m2/repository/org/apache/hadoop/hadoop-auth/3.2.0/hadoop-auth-3.2.0.jar:/home/user/.m2/repository/com/nimbusds/nimbus-jose-jwt/4.41.1/nimbus-jose-jwt-4.41.1.jar:/home/user/.m2/repository/com/github/stephenc/jcip/jcip-annotations/1.0-1/jcip-annotations-1.0-1.jar:/home/user/.m2/repository/net/minidev/json-smart/2.3/json-smart-2.3.jar:/home/user/.m2/repository/net/minidev/accessors-smart/1.2/accessors-smart-1.2.jar:/home/user/.m2/repository/org/ow2/asm/asm/5.0.4/asm-5.0.4.jar:/home/user/.m2/repository/org/apache/curator/curator-framework/2.12.0/curator-framework-2.12.0.jar:/home/user/.m2/repository/com/sun/jersey/jersey-core/1.19/jersey-core-1.19.jar:/home/user/.m2/repository/javax/ws/rs/jsr311-api/1.1.1/jsr311-api-1.1.1.jar:/home/user/.m2/repository/com/sun/jersey/jersey-server/1.19/jersey-server-1.19.jar:/home/user/.m2/repository/javax/servlet/javax.servlet-api/3.1.0/javax.servlet-api-3.1.0.jar:/home/user/.m2/repository/org/eclipse/jetty/jetty-server/9.3.25.v20180904/jetty-server-9.3.25.v20180904.jar:/home/user/.m2/repository/org/eclipse/jetty/jetty-http/9.3.25.v20180904/jetty-http-9.3.25.v20180904.jar:/home/user/.m2/repository/org/eclipse/jetty/jetty-io/9.3.25.v20180904/jetty-io-9.3.25.v20180904.jar:/home/user/.m2/repository/org/eclipse/jetty/jetty-webapp/9.3.25.v20180904/jetty-webapp-9.3.25.v20180904.jar:/home/user/.m2/repository/org/eclipse/jetty/jetty-xml/9.3.25.v20180904/jetty-xml-9.3.25.v20180904.jar:/home/user/.m2/repository/log4j/log4j/1.2.17/log4j-1.2.17.jar:/home/user/.m2/repository/org/slf4j/slf4j-api/1.7.25/slf4j-api-1.7.25.jar:/home/user/.m2/repository/org/slf4j/jul-to-slf4j/1.7.25/jul-to-slf4j-1.7.25.jar:/home/user/.m2/repository/org/eclipse/jetty/jetty-util/9.3.25.v20180904/jetty-util-9.3.25.v20180904.jar:/home/user/.m2/repository/com/fasterxml/jackson/core/jackson-databind/2.9.9/jackson-databind-2.9.9.jar:/home/user/.m2/repository/org/apache/hadoop/hadoop-kms/3.2.0/hadoop-kms-3.2.0-tests.jar:/home/user/.m2/repository/org/apache/hadoop/hadoop-hdds-server-scm/0.5.0-SNAPSHOT/hadoop-hdds-server-scm-0.5.0-SNAPSHOT-tests.jar:/home/user/.m2/repository/org/apache/hadoop/hadoop-hdds-container-service/0.5.0-SNAPSHOT/hadoop-hdds-container-service-0.5.0-SNAPSHOT-tests.jar:/home/user/.m2/repository/org/yaml/snakeyaml/1.16/snakeyaml-1.16.jar:/home/user/.m2/repository/org/apache/hadoop/hadoop-common/3.2.0/hadoop-common-3.2.0-tests.jar:/home/user/.m2/repository/org/apache/hadoop/hadoop-annotations/3.2.0/hadoop-annotations-3.2.0.jar:/usr/lib/jvm/java-1.8.0-openjdk-1.8.0.222.b10-1.el7_7.x86_64/jre/../lib/tools.jar:/home/user/.m2/repository/commons-cli/commons-cli/1.2/commons-cli-1.2.jar:/home/user/.m2/repository/org/apache/httpcomponents/httpclient/4.5.2/httpclient-4.5.2.jar:/home/user/.m2/repository/org/apache/httpcomponents/httpcore/4.4.4/httpcore-4.4.4.jar:/home/user/.m2/repository/commons-codec/commons-codec/1.11/commons-codec-1.11.jar:/home/user/.m2/repository/commons-net/commons-net/3.6/commons-net-3.6.jar:/home/user/.m2/repository/commons-collections/commons-collections/3.2.2/commons-collections-3.2.2.jar:/home/user/.m2/repository/org/eclipse/jetty/jetty-servlet/9.3.25.v20180904/jetty-servlet-9.3.25.v20180904.jar:/home/user/.m2/repository/org/eclipse/jetty/jetty-security/9.3.25.v20180904/jetty-security-9.3.25.v20180904.jar:/home/user/.m2/repository/javax/servlet/jsp/jsp-api/2.1/jsp-api-2.1.jar:/home/user/.m2/repository/com/sun/jersey/jersey-servlet/1.19/jersey-servlet-1.19.jar:/home/user/.m2/repository/com/sun/jersey/jersey-json/1.19/jersey-json-1.19.jar:/home/user/.m2/repository/org/codehaus/jettison/jettison/1.1/jettison-1.1.jar:/home/user/.m2/repository/org/codehaus/jackson/jackson-core-asl/1.9.13/jackson-core-asl-1.9.13.jar:/home/user/.m2/repository/org/codehaus/jackson/jackson-mapper-asl/1.9.13/jackson-mapper-asl-1.9.13.jar:/home/user/.m2/repository/org/codehaus/jackson/jackson-jaxrs/1.9.13/jackson-jaxrs-1.9.13.jar:/home/user/.m2/repository/org/codehaus/jackson/jackson-xc/1.9.13/jackson-xc-1.9.13.jar:/home/user/.m2/repository/commons-logging/commons-logging/1.1.3/commons-logging-1.1.3.jar:/home/user/.m2/repository/commons-beanutils/commons-beanutils/1.9.4/commons-beanutils-1.9.4.jar:/home/user/.m2/repository/org/apache/commons/commons-configuration2/2.1.1/commons-configuration2-2.1.1.jar:/home/user/.m2/repository/org/apache/commons/commons-lang3/3.7/commons-lang3-3.7.jar:/home/user/.m2/repository/org/apache/commons/commons-text/1.4/commons-text-1.4.jar:/home/user/.m2/repository/org/apache/avro/avro/1.7.7/avro-1.7.7.jar:/home/user/.m2/repository/com/thoughtworks/paranamer/paranamer/2.3/paranamer-2.3.jar:/home/user/.m2/repository/org/xerial/snappy/snappy-java/1.0.5/snappy-java-1.0.5.jar:/home/user/.m2/repository/com/google/re2j/re2j/1.1/re2j-1.1.jar:/home/user/.m2/repository/com/google/code/gson/gson/2.2.4/gson-2.2.4.jar:/home/user/.m2/repository/com/jcraft/jsch/0.1.54/jsch-0.1.54.jar:/home/user/.m2/repository/org/apache/curator/curator-client/2.12.0/curator-client-2.12.0.jar:/home/user/.m2/repository/org/apache/curator/curator-recipes/2.12.0/curator-recipes-2.12.0.jar:/home/user/.m2/repository/com/google/code/findbugs/jsr305/3.0.0/jsr305-3.0.0.jar:/home/user/.m2/repository/org/apache/htrace/htrace-core4/4.1.0-incubating/htrace-core4-4.1.0-incubating.jar:/home/user/.m2/repository/org/apache/zookeeper/zookeeper/3.4.13/zookeeper-3.4.13.jar:/home/user/.m2/repository/jline/jline/0.9.94/jline-0.9.94.jar:/home/user/.m2/repository/org/apache/yetus/audience-annotations/0.5.0/audience-annotations-0.5.0.jar:/home/user/.m2/repository/org/codehaus/woodstox/stax2-api/3.1.4/stax2-api-3.1.4.jar:/home/user/.m2/repository/com/fasterxml/woodstox/woodstox-core/5.0.3/woodstox-core-5.0.3.jar:/home/user/.m2/repository/dnsjava/dnsjava/2.1.7/dnsjava-2.1.7.jar:/home/user/.m2/repository/org/apache/hadoop/hadoop-hdfs/3.2.0/hadoop-hdfs-3.2.0-tests.jar:/home/user/.m2/repository/org/eclipse/jetty/jetty-util-ajax/9.3.25.v20180904/jetty-util-ajax-9.3.25.v20180904.jar:/home/user/.m2/repository/commons-daemon/commons-daemon/1.0.13/commons-daemon-1.0.13.jar:/home/user/.m2/repository/io/netty/netty/3.10.5.Final/netty-3.10.5.Final.jar:/home/user/.m2/repository/io/netty/netty-all/4.0.52.Final/netty-all-4.0.52.Final.jar:/home/user/.m2/repository/org/fusesource/leveldbjni/leveldbjni-all/1.8/leveldbjni-all-1.8.jar:"/>
    <property name="sun.cpu.endian" value="little"/>
    <property name="user.home" value="/home/user"/>
    <property name="user.language" value="en"/>
    <property name="java.specification.vendor" value="Oracle Corporation"/>
    <property name="java.home" value="/usr/lib/jvm/java-1.8.0-openjdk-1.8.0.222.b10-1.el7_7.x86_64/jre"/>
    <property name="surefire.excludesFile" value="/tools/ozone-bad-unit-tests"/>
    <property name="java.security.krb5.conf" value="/workdir/hadoop-ozone/integration-test/target/test-classes/krb5.conf"/>
    <property name="basedir" value="/workdir/hadoop-ozone/integration-test"/>
    <property name="file.separator" value="/"/>
    <property name="line.separator" value="&#10;"/>
    <property name="java.vm.specification.vendor" value="Oracle Corporation"/>
    <property name="java.specification.name" value="Java Platform API Specification"/>
    <property name="java.awt.graphicsenv" value="sun.awt.X11GraphicsEnvironment"/>
    <property name="surefire.real.class.path" value="/workdir/hadoop-ozone/integration-test/target/surefire/surefirebooter5313655686436371879.jar"/>
    <property name="hadoop.log.dir" value="/workdir/hadoop-ozone/integration-test/target/log"/>
    <property name="sun.boot.class.path" value="/usr/lib/jvm/java-1.8.0-openjdk-1.8.0.222.b10-1.el7_7.x86_64/jre/lib/resources.jar:/usr/lib/jvm/java-1.8.0-openjdk-1.8.0.222.b10-1.el7_7.x86_64/jre/lib/rt.jar:/usr/lib/jvm/java-1.8.0-openjdk-1.8.0.222.b10-1.el7_7.x86_64/jre/lib/sunrsasign.jar:/usr/lib/jvm/java-1.8.0-openjdk-1.8.0.222.b10-1.el7_7.x86_64/jre/lib/jsse.jar:/usr/lib/jvm/java-1.8.0-openjdk-1.8.0.222.b10-1.el7_7.x86_64/jre/lib/jce.jar:/usr/lib/jvm/java-1.8.0-openjdk-1.8.0.222.b10-1.el7_7.x86_64/jre/lib/charsets.jar:/usr/lib/jvm/java-1.8.0-openjdk-1.8.0.222.b10-1.el7_7.x86_64/jre/lib/jfr.jar:/usr/lib/jvm/java-1.8.0-openjdk-1.8.0.222.b10-1.el7_7.x86_64/jre/classes"/>
    <property name="sun.management.compiler" value="HotSpot 64-Bit Tiered Compilers"/>
    <property name="java.runtime.version" value="1.8.0_222-b10"/>
    <property name="java.net.preferIPv4Stack" value="true"/>
    <property name="user.name" value="jenkins1000"/>
    <property name="path.separator" value=":"/>
    <property name="java.security.egd" value="file:///dev/urandom"/>
    <property name="os.version" value="3.10.0-957.12.2.el7.x86_64"/>
    <property name="java.endorsed.dirs" value="/usr/lib/jvm/java-1.8.0-openjdk-1.8.0.222.b10-1.el7_7.x86_64/jre/lib/endorsed"/>
    <property name="java.runtime.name" value="OpenJDK Runtime Environment"/>
    <property name="file.encoding" value="ANSI_X3.4-1968"/>
    <property name="java.vm.name" value="OpenJDK 64-Bit Server VM"/>
    <property name="test.build.webapps" value=""/>
    <property name="localRepository" value="/home/user/.m2/repository"/>
    <property name="java.vendor.url.bug" value="http://bugreport.sun.com/bugreport/"/>
    <property name="java.io.tmpdir" value="/tmp"/>
    <property name="require.test.libhadoop" value=""/>
    <property name="java.version" value="1.8.0_222"/>
    <property name="user.dir" value="/workdir/hadoop-ozone/integration-test"/>
    <property name="os.arch" value="amd64"/>
    <property name="java.vm.specification.name" value="Java Virtual Machine Specification"/>
    <property name="test.build.classes" value="/workdir/hadoop-ozone/integration-test/target/test-classes"/>
    <property name="java.awt.printerjob" value="sun.print.PSPrinterJob"/>
    <property name="sun.os.patch.level" value="unknown"/>
    <property name="hadoop.tmp.dir" value="/workdir/hadoop-ozone/integration-test/target/tmp"/>
    <property name="java.library.path" value="/usr/lib:/workdir/hadoop-ozone/integration-test/target/native/target/usr/local/lib:/workdir/hadoop-ozone/integration-test/../../hadoop-common-project/hadoop-common/target/native/target/usr/local/lib:/usr/java/packages/lib/amd64:/usr/lib64:/lib64:/lib:/usr/lib"/>
    <property name="java.vm.info" value="mixed mode"/>
    <property name="java.vendor" value="Oracle Corporation"/>
    <property name="java.vm.version" value="25.222-b10"/>
    <property name="java.ext.dirs" value="/usr/lib/jvm/java-1.8.0-openjdk-1.8.0.222.b10-1.el7_7.x86_64/jre/lib/ext:/usr/java/packages/lib/ext"/>
    <property name="sun.io.unicode.encoding" value="UnicodeLittle"/>
    <property name="java.class.version" value="52.0"/>
  </properties>
  <testcase name="org.apache.hadoop.hdds.scm.pipeline.TestNodeFailure" classname="org.apache.hadoop.hdds.scm.pipeline.TestNodeFailure" time="99.084">
    <error message="Could not allocate container. Cannot get any matching pipeline for Type:RATIS, Factor:THREE, State:PipelineState.OPEN" type="java.io.IOException">java.io.IOException: Could not allocate container. Cannot get any matching pipeline for Type:RATIS, Factor:THREE, State:PipelineState.OPEN
	at org.apache.hadoop.hdds.scm.container.ContainerStateManager.allocateContainer(ContainerStateManager.java:261)
	at org.apache.hadoop.hdds.scm.container.SCMContainerManager.allocateContainer(SCMContainerManager.java:255)
	at org.apache.hadoop.hdds.scm.pipeline.TestNodeFailure.init(TestNodeFailure.java:79)
	at sun.reflect.NativeMethodAccessorImpl.invoke0(Native Method)
	at sun.reflect.NativeMethodAccessorImpl.invoke(NativeMethodAccessorImpl.java:62)
	at sun.reflect.DelegatingMethodAccessorImpl.invoke(DelegatingMethodAccessorImpl.java:43)
	at java.lang.reflect.Method.invoke(Method.java:498)
	at org.junit.runners.model.FrameworkMethod$1.runReflectiveCall(FrameworkMethod.java:47)
	at org.junit.internal.runners.model.ReflectiveCallable.run(ReflectiveCallable.java:12)
	at org.junit.runners.model.FrameworkMethod.invokeExplosively(FrameworkMethod.java:44)
	at org.junit.internal.runners.statements.RunBefores.evaluate(RunBefores.java:24)
	at org.junit.internal.runners.statements.RunAfters.evaluate(RunAfters.java:27)
	at org.junit.runners.ParentRunner.run(ParentRunner.java:309)
	at org.apache.maven.surefire.junit4.JUnit4Provider.execute(JUnit4Provider.java:365)
	at org.apache.maven.surefire.junit4.JUnit4Provider.executeWithRerun(JUnit4Provider.java:273)
	at org.apache.maven.surefire.junit4.JUnit4Provider.executeTestSet(JUnit4Provider.java:238)
	at org.apache.maven.surefire.junit4.JUnit4Provider.invoke(JUnit4Provider.java:159)
	at org.apache.maven.surefire.booter.ForkedBooter.invokeProviderInSameClassLoader(ForkedBooter.java:384)
	at org.apache.maven.surefire.booter.ForkedBooter.runSuitesInProcess(ForkedBooter.java:345)
	at org.apache.maven.surefire.booter.ForkedBooter.execute(ForkedBooter.java:126)
	at org.apache.maven.surefire.booter.ForkedBooter.main(ForkedBooter.java:418)
</error>
    <system-out><![CDATA[2019-11-18 04:03:10,938 [main] WARN  server.ServerUtils (ServerUtils.java:getScmDbDir(145)) - ozone.scm.db.dirs is not configured. We recommend adding this setting. Falling back to ozone.metadata.dirs instead.
2019-11-18 04:03:11,081 [main] WARN  server.ServerUtils (ServerUtils.java:getScmDbDir(145)) - ozone.scm.db.dirs is not configured. We recommend adding this setting. Falling back to ozone.metadata.dirs instead.
2019-11-18 04:03:11,084 [main] WARN  server.ServerUtils (ServerUtils.java:getScmDbDir(145)) - ozone.scm.db.dirs is not configured. We recommend adding this setting. Falling back to ozone.metadata.dirs instead.
2019-11-18 04:03:11,113 [main] INFO  util.log (Log.java:initialized(192)) - Logging initialized @874ms
2019-11-18 04:03:11,208 [main] INFO  db.DBStoreBuilder (DBStoreBuilder.java:addTable(127)) - using custom profile for table: deletedBlocks
2019-11-18 04:03:11,209 [main] INFO  db.DBStoreBuilder (DBStoreBuilder.java:processTables(183)) - Using default column profile:DBProfile.DISK for Table:deletedBlocks
2019-11-18 04:03:11,209 [main] INFO  db.DBStoreBuilder (DBStoreBuilder.java:addTable(127)) - using custom profile for table: validCerts
2019-11-18 04:03:11,209 [main] INFO  db.DBStoreBuilder (DBStoreBuilder.java:processTables(183)) - Using default column profile:DBProfile.DISK for Table:validCerts
2019-11-18 04:03:11,210 [main] INFO  db.DBStoreBuilder (DBStoreBuilder.java:addTable(127)) - using custom profile for table: revokedCerts
2019-11-18 04:03:11,210 [main] INFO  db.DBStoreBuilder (DBStoreBuilder.java:processTables(183)) - Using default column profile:DBProfile.DISK for Table:revokedCerts
2019-11-18 04:03:11,221 [main] INFO  db.DBStoreBuilder (DBStoreBuilder.java:addTable(127)) - using custom profile for table: default
2019-11-18 04:03:11,221 [main] INFO  db.DBStoreBuilder (DBStoreBuilder.java:processTables(189)) - Using default column profile:DBProfile.DISK for Table:default
2019-11-18 04:03:11,222 [main] INFO  db.DBStoreBuilder (DBStoreBuilder.java:getDbProfile(220)) - Using default options. DBProfile.DISK
2019-11-18 04:03:11,488 [main] INFO  net.NodeSchemaLoader (NodeSchemaLoader.java:loadSchemaFromFile(125)) - Loading file from sun.misc.CompoundEnumeration@73a1e9a9
2019-11-18 04:03:11,489 [main] INFO  net.NodeSchemaLoader (NodeSchemaLoader.java:loadSchema(171)) - Loading network topology layer schema file
2019-11-18 04:03:11,558 [main] INFO  node.SCMNodeManager (SCMNodeManager.java:<init>(116)) - Entering startup safe mode.
2019-11-18 04:03:11,641 [main] INFO  algorithms.ContainerPlacementPolicyFactory (ContainerPlacementPolicyFactory.java:getPolicy(57)) - Create container placement policy of type org.apache.hadoop.hdds.scm.container.placement.algorithms.SCMContainerPlacementRandom
2019-11-18 04:03:11,655 [main] WARN  server.ServerUtils (ServerUtils.java:getScmDbDir(145)) - ozone.scm.db.dirs is not configured. We recommend adding this setting. Falling back to ozone.metadata.dirs instead.
2019-11-18 04:03:11,715 [main] INFO  pipeline.SCMPipelineManager (SCMPipelineManager.java:initializePipelineState(136)) - No pipeline exists in current db
2019-11-18 04:03:11,718 [main] WARN  server.ServerUtils (ServerUtils.java:getScmDbDir(145)) - ozone.scm.db.dirs is not configured. We recommend adding this setting. Falling back to ozone.metadata.dirs instead.
2019-11-18 04:03:11,823 [main] INFO  safemode.HealthyPipelineSafeModeRule (HealthyPipelineSafeModeRule.java:<init>(92)) -  Total pipeline count is 0, healthy pipeline threshold count is 1
2019-11-18 04:03:11,827 [main] INFO  safemode.OneReplicaPipelineSafeModeRule (OneReplicaPipelineSafeModeRule.java:<init>(79)) - Total pipeline count is 0, pipeline's with at least one datanode reported threshold count is 0
2019-11-18 04:03:11,827 [main] WARN  events.EventQueue (EventQueue.java:fireEvent(183)) - No event handler registered for event TypedEvent{payloadType=SafeModeStatus, name='SafeModeStatus'}
2019-11-18 04:03:12,157 [main] INFO  ipc.CallQueueManager (CallQueueManager.java:<init>(84)) - Using callQueue: class java.util.concurrent.LinkedBlockingQueue, queueCapacity: 2000, scheduler: class org.apache.hadoop.ipc.DefaultRpcScheduler, ipcBackoff: false.
2019-11-18 04:03:12,267 [Socket Reader #1 for port 45535] INFO  ipc.Server (Server.java:run(1074)) - Starting Socket Reader #1 for port 45535
2019-11-18 04:03:12,295 [main] INFO  ipc.CallQueueManager (CallQueueManager.java:<init>(84)) - Using callQueue: class java.util.concurrent.LinkedBlockingQueue, queueCapacity: 2000, scheduler: class org.apache.hadoop.ipc.DefaultRpcScheduler, ipcBackoff: false.
2019-11-18 04:03:12,296 [Socket Reader #1 for port 45671] INFO  ipc.Server (Server.java:run(1074)) - Starting Socket Reader #1 for port 45671
2019-11-18 04:03:12,303 [main] INFO  ipc.CallQueueManager (CallQueueManager.java:<init>(84)) - Using callQueue: class java.util.concurrent.LinkedBlockingQueue, queueCapacity: 2000, scheduler: class org.apache.hadoop.ipc.DefaultRpcScheduler, ipcBackoff: false.
2019-11-18 04:03:12,304 [Socket Reader #1 for port 34732] INFO  ipc.Server (Server.java:run(1074)) - Starting Socket Reader #1 for port 34732
2019-11-18 04:03:12,325 [main] INFO  hdfs.DFSUtil (DFSUtil.java:httpServerTemplateForNNAndJN(1641)) - Starting Web-server for scm at: http://0.0.0.0:0
2019-11-18 04:03:12,511 [main] INFO  server.AuthenticationFilter (AuthenticationFilter.java:constructSecretProvider(240)) - Unable to initialize FileSignerSecretProvider, falling back to use random secrets.
2019-11-18 04:03:12,521 [main] WARN  http.HttpRequestLog (HttpRequestLog.java:getRequestLog(97)) - Jetty request log can only be enabled using Log4j
2019-11-18 04:03:12,530 [main] INFO  http.HttpServer2 (HttpServer2.java:addGlobalFilter(975)) - Added global filter 'safety' (class=org.apache.hadoop.http.HttpServer2$QuotingInputFilter)
2019-11-18 04:03:12,534 [main] INFO  http.HttpServer2 (HttpServer2.java:addFilter(948)) - Added filter static_user_filter (class=org.apache.hadoop.http.lib.StaticUserWebFilter$StaticUserFilter) to context scm
2019-11-18 04:03:12,534 [main] INFO  http.HttpServer2 (HttpServer2.java:addFilter(958)) - Added filter static_user_filter (class=org.apache.hadoop.http.lib.StaticUserWebFilter$StaticUserFilter) to context logs
2019-11-18 04:03:12,534 [main] INFO  http.HttpServer2 (HttpServer2.java:addFilter(958)) - Added filter static_user_filter (class=org.apache.hadoop.http.lib.StaticUserWebFilter$StaticUserFilter) to context static
2019-11-18 04:03:12,567 [main] INFO  server.StorageContainerManager (StorageContainerManager.java:start(765)) - StorageContainerLocationProtocol RPC server is listening at /0.0.0.0:34732
2019-11-18 04:03:12,625 [main] WARN  impl.MetricsConfig (MetricsConfig.java:loadFirst(134)) - Cannot locate configuration: tried hadoop-metrics2-storagecontainermanager.properties,hadoop-metrics2.properties
2019-11-18 04:03:12,643 [main] INFO  impl.MetricsSystemImpl (MetricsSystemImpl.java:startTimer(374)) - Scheduled Metric snapshot period at 10 second(s).
2019-11-18 04:03:12,643 [main] INFO  impl.MetricsSystemImpl (MetricsSystemImpl.java:start(191)) - StorageContainerManager metrics system started
2019-11-18 04:03:12,892 [main] INFO  server.SCMClientProtocolServer (SCMClientProtocolServer.java:start(160)) - RPC server for Client  is listening at /0.0.0.0:34732
2019-11-18 04:03:12,893 [IPC Server Responder] INFO  ipc.Server (Server.java:run(1314)) - IPC Server Responder: starting
2019-11-18 04:03:12,893 [IPC Server listener on 34732] INFO  ipc.Server (Server.java:run(1153)) - IPC Server listener on 34732: starting
2019-11-18 04:03:12,896 [main] INFO  server.StorageContainerManager (StorageContainerManager.java:start(775)) - ScmBlockLocationProtocol RPC server is listening at /0.0.0.0:45671
2019-11-18 04:03:12,897 [main] INFO  server.SCMBlockProtocolServer (SCMBlockProtocolServer.java:start(146)) - RPC server for Block Protocol is listening at /0.0.0.0:45671
2019-11-18 04:03:12,897 [IPC Server Responder] INFO  ipc.Server (Server.java:run(1314)) - IPC Server Responder: starting
2019-11-18 04:03:12,897 [IPC Server listener on 45671] INFO  ipc.Server (Server.java:run(1153)) - IPC Server listener on 45671: starting
2019-11-18 04:03:12,899 [main] INFO  server.StorageContainerManager (StorageContainerManager.java:start(779)) - ScmDatanodeProtocl RPC server is listening at /0.0.0.0:45535
2019-11-18 04:03:12,899 [main] INFO  server.SCMDatanodeProtocolServer (SCMDatanodeProtocolServer.java:start(177)) - RPC server for DataNodes is listening at /0.0.0.0:45535
2019-11-18 04:03:12,900 [IPC Server Responder] INFO  ipc.Server (Server.java:run(1314)) - IPC Server Responder: starting
2019-11-18 04:03:12,900 [IPC Server listener on 45535] INFO  ipc.Server (Server.java:run(1153)) - IPC Server listener on 45535: starting
2019-11-18 04:03:12,904 [main] INFO  http.HttpServer2 (HttpServer2.java:bindListener(1191)) - Jetty bound to port 36072
2019-11-18 04:03:12,906 [main] INFO  server.Server (Server.java:doStart(351)) - jetty-9.3.25.v20180904, build timestamp: 2018-09-04T21:11:46Z, git hash: 3ce520221d0240229c862b122d2b06c12a625732
2019-11-18 04:03:12,942 [main] INFO  handler.ContextHandler (ContextHandler.java:doStart(781)) - Started o.e.j.s.ServletContextHandler@6b53bcc2{/logs,file:///workdir/hadoop-ozone/integration-test/target/log,AVAILABLE}
2019-11-18 04:03:12,943 [main] INFO  handler.ContextHandler (ContextHandler.java:doStart(781)) - Started o.e.j.s.ServletContextHandler@a43ce46{/static,file:///workdir/hadoop-ozone/integration-test/target/test-classes/webapps/static,AVAILABLE}
2019-11-18 04:03:12,974 [main] INFO  handler.ContextHandler (ContextHandler.java:doStart(781)) - Started o.e.j.w.WebAppContext@56102e1c{/,file:///workdir/hadoop-ozone/integration-test/target/test-classes/webapps/scm/,AVAILABLE}{/scm}
2019-11-18 04:03:12,979 [main] INFO  server.AbstractConnector (AbstractConnector.java:doStart(278)) - Started ServerConnector@466cf502{HTTP/1.1,[http/1.1]}{0.0.0.0:36072}
2019-11-18 04:03:12,979 [main] INFO  server.Server (Server.java:doStart(419)) - Started @2740ms
2019-11-18 04:03:12,981 [main] INFO  impl.MetricsSinkAdapter (MetricsSinkAdapter.java:start(204)) - Sink prometheus started
2019-11-18 04:03:12,981 [main] INFO  impl.MetricsSystemImpl (MetricsSystemImpl.java:registerSink(301)) - Registered sink prometheus
2019-11-18 04:03:12,983 [main] INFO  server.BaseHttpServer (BaseHttpServer.java:updateConnectorAddress(215)) - HTTP server of SCM is listening at http://0.0.0.0:36072
2019-11-18 04:03:12,989 [org.apache.hadoop.util.JvmPauseMonitor$Monitor@70925b45] INFO  util.JvmPauseMonitor (JvmPauseMonitor.java:run(188)) - Starting JVM pause monitor
2019-11-18 04:03:12,993 [main] WARN  server.ServerUtils (ServerUtils.java:getDBPath(222)) - ozone.om.db.dirs is not configured. We recommend adding this setting. Falling back to ozone.metadata.dirs instead.
2019-11-18 04:03:13,102 [main] INFO  ha.OMHANodeDetails (OMHANodeDetails.java:loadOMHAConfig(190)) - Configuration either no ozone.om.address set. Falling back to the default OM address /127.0.0.1:0
2019-11-18 04:03:13,103 [main] INFO  ha.OMHANodeDetails (OMHANodeDetails.java:getOMNodeDetails(220)) - OM Service ID is not set. Setting it to the default ID: omServiceIdDefault
2019-11-18 04:03:13,104 [main] WARN  server.ServerUtils (ServerUtils.java:getDBPath(222)) - ozone.om.db.dirs is not configured. We recommend adding this setting. Falling back to ozone.metadata.dirs instead.
2019-11-18 04:03:13,105 [main] WARN  server.ServerUtils (ServerUtils.java:getDBPath(222)) - ozone.om.db.dirs is not configured. We recommend adding this setting. Falling back to ozone.metadata.dirs instead.
2019-11-18 04:03:13,760 [main] WARN  server.ServerUtils (ServerUtils.java:getDBPath(222)) - ozone.om.db.dirs is not configured. We recommend adding this setting. Falling back to ozone.metadata.dirs instead.
2019-11-18 04:03:13,768 [main] INFO  db.DBStoreBuilder (DBStoreBuilder.java:addTable(127)) - using custom profile for table: userTable
2019-11-18 04:03:13,768 [main] INFO  db.DBStoreBuilder (DBStoreBuilder.java:processTables(183)) - Using default column profile:DBProfile.DISK for Table:userTable
2019-11-18 04:03:13,769 [main] INFO  db.DBStoreBuilder (DBStoreBuilder.java:addTable(127)) - using custom profile for table: volumeTable
2019-11-18 04:03:13,769 [main] INFO  db.DBStoreBuilder (DBStoreBuilder.java:processTables(183)) - Using default column profile:DBProfile.DISK for Table:volumeTable
2019-11-18 04:03:13,769 [main] INFO  db.DBStoreBuilder (DBStoreBuilder.java:addTable(127)) - using custom profile for table: bucketTable
2019-11-18 04:03:13,769 [main] INFO  db.DBStoreBuilder (DBStoreBuilder.java:processTables(183)) - Using default column profile:DBProfile.DISK for Table:bucketTable
2019-11-18 04:03:13,770 [main] INFO  db.DBStoreBuilder (DBStoreBuilder.java:addTable(127)) - using custom profile for table: keyTable
2019-11-18 04:03:13,770 [main] INFO  db.DBStoreBuilder (DBStoreBuilder.java:processTables(183)) - Using default column profile:DBProfile.DISK for Table:keyTable
2019-11-18 04:03:13,770 [main] INFO  db.DBStoreBuilder (DBStoreBuilder.java:addTable(127)) - using custom profile for table: deletedTable
2019-11-18 04:03:13,770 [main] INFO  db.DBStoreBuilder (DBStoreBuilder.java:processTables(183)) - Using default column profile:DBProfile.DISK for Table:deletedTable
2019-11-18 04:03:13,771 [main] INFO  db.DBStoreBuilder (DBStoreBuilder.java:addTable(127)) - using custom profile for table: openKeyTable
2019-11-18 04:03:13,771 [main] INFO  db.DBStoreBuilder (DBStoreBuilder.java:processTables(183)) - Using default column profile:DBProfile.DISK for Table:openKeyTable
2019-11-18 04:03:13,771 [main] INFO  db.DBStoreBuilder (DBStoreBuilder.java:addTable(127)) - using custom profile for table: s3Table
2019-11-18 04:03:13,771 [main] INFO  db.DBStoreBuilder (DBStoreBuilder.java:processTables(183)) - Using default column profile:DBProfile.DISK for Table:s3Table
2019-11-18 04:03:13,772 [main] INFO  db.DBStoreBuilder (DBStoreBuilder.java:addTable(127)) - using custom profile for table: multipartInfoTable
2019-11-18 04:03:13,772 [main] INFO  db.DBStoreBuilder (DBStoreBuilder.java:processTables(183)) - Using default column profile:DBProfile.DISK for Table:multipartInfoTable
2019-11-18 04:03:13,772 [main] INFO  db.DBStoreBuilder (DBStoreBuilder.java:addTable(127)) - using custom profile for table: dTokenTable
2019-11-18 04:03:13,772 [main] INFO  db.DBStoreBuilder (DBStoreBuilder.java:processTables(183)) - Using default column profile:DBProfile.DISK for Table:dTokenTable
2019-11-18 04:03:13,772 [main] INFO  db.DBStoreBuilder (DBStoreBuilder.java:addTable(127)) - using custom profile for table: s3SecretTable
2019-11-18 04:03:13,773 [main] INFO  db.DBStoreBuilder (DBStoreBuilder.java:processTables(183)) - Using default column profile:DBProfile.DISK for Table:s3SecretTable
2019-11-18 04:03:13,773 [main] INFO  db.DBStoreBuilder (DBStoreBuilder.java:addTable(127)) - using custom profile for table: prefixTable
2019-11-18 04:03:13,773 [main] INFO  db.DBStoreBuilder (DBStoreBuilder.java:processTables(183)) - Using default column profile:DBProfile.DISK for Table:prefixTable
2019-11-18 04:03:13,773 [main] INFO  db.DBStoreBuilder (DBStoreBuilder.java:addTable(127)) - using custom profile for table: default
2019-11-18 04:03:13,774 [main] INFO  db.DBStoreBuilder (DBStoreBuilder.java:processTables(189)) - Using default column profile:DBProfile.DISK for Table:default
2019-11-18 04:03:13,774 [main] INFO  db.DBStoreBuilder (DBStoreBuilder.java:getDbProfile(220)) - Using default options. DBProfile.DISK
2019-11-18 04:03:14,086 [main] INFO  ipc.CallQueueManager (CallQueueManager.java:<init>(84)) - Using callQueue: class java.util.concurrent.LinkedBlockingQueue, queueCapacity: 2000, scheduler: class org.apache.hadoop.ipc.DefaultRpcScheduler, ipcBackoff: false.
2019-11-18 04:03:14,087 [Socket Reader #1 for port 45866] INFO  ipc.Server (Server.java:run(1074)) - Starting Socket Reader #1 for port 45866
2019-11-18 04:03:14,106 [main] INFO  om.OzoneManager (OzoneManager.java:start(1077)) - OzoneManager RPC server is listening at localhost/127.0.0.1:45866
2019-11-18 04:03:14,106 [main] INFO  impl.MetricsSystemImpl (MetricsSystemImpl.java:init(158)) - OzoneManager metrics system started (again)
2019-11-18 04:03:14,113 [IPC Server Responder] INFO  ipc.Server (Server.java:run(1314)) - IPC Server Responder: starting
2019-11-18 04:03:14,113 [IPC Server listener on 45866] INFO  ipc.Server (Server.java:run(1153)) - IPC Server listener on 45866: starting
2019-11-18 04:03:14,118 [main] INFO  hdfs.DFSUtil (DFSUtil.java:httpServerTemplateForNNAndJN(1641)) - Starting Web-server for ozoneManager at: http://0.0.0.0:0
2019-11-18 04:03:14,121 [main] INFO  server.AuthenticationFilter (AuthenticationFilter.java:constructSecretProvider(240)) - Unable to initialize FileSignerSecretProvider, falling back to use random secrets.
2019-11-18 04:03:14,121 [main] WARN  http.HttpRequestLog (HttpRequestLog.java:getRequestLog(97)) - Jetty request log can only be enabled using Log4j
2019-11-18 04:03:14,125 [main] INFO  http.HttpServer2 (HttpServer2.java:addGlobalFilter(975)) - Added global filter 'safety' (class=org.apache.hadoop.http.HttpServer2$QuotingInputFilter)
2019-11-18 04:03:14,126 [main] INFO  http.HttpServer2 (HttpServer2.java:addFilter(948)) - Added filter static_user_filter (class=org.apache.hadoop.http.lib.StaticUserWebFilter$StaticUserFilter) to context ozoneManager
2019-11-18 04:03:14,126 [main] INFO  http.HttpServer2 (HttpServer2.java:addFilter(958)) - Added filter static_user_filter (class=org.apache.hadoop.http.lib.StaticUserWebFilter$StaticUserFilter) to context logs
2019-11-18 04:03:14,126 [main] INFO  http.HttpServer2 (HttpServer2.java:addFilter(958)) - Added filter static_user_filter (class=org.apache.hadoop.http.lib.StaticUserWebFilter$StaticUserFilter) to context static
2019-11-18 04:03:14,129 [main] INFO  http.HttpServer2 (HttpServer2.java:bindListener(1191)) - Jetty bound to port 43594
2019-11-18 04:03:14,130 [main] INFO  server.Server (Server.java:doStart(351)) - jetty-9.3.25.v20180904, build timestamp: 2018-09-04T21:11:46Z, git hash: 3ce520221d0240229c862b122d2b06c12a625732
2019-11-18 04:03:14,132 [main] INFO  handler.ContextHandler (ContextHandler.java:doStart(781)) - Started o.e.j.s.ServletContextHandler@6ff37443{/logs,file:///workdir/hadoop-ozone/integration-test/target/log,AVAILABLE}
2019-11-18 04:03:14,132 [main] INFO  handler.ContextHandler (ContextHandler.java:doStart(781)) - Started o.e.j.s.ServletContextHandler@53093491{/static,file:///workdir/hadoop-ozone/integration-test/target/test-classes/webapps/static,AVAILABLE}
2019-11-18 04:03:14,139 [main] INFO  handler.ContextHandler (ContextHandler.java:doStart(781)) - Started o.e.j.w.WebAppContext@4e8e8621{/,file:///workdir/hadoop-ozone/integration-test/target/test-classes/webapps/ozoneManager/,AVAILABLE}{/ozoneManager}
2019-11-18 04:03:14,139 [main] INFO  server.AbstractConnector (AbstractConnector.java:doStart(278)) - Started ServerConnector@c446b14{HTTP/1.1,[http/1.1]}{0.0.0.0:43594}
2019-11-18 04:03:14,139 [main] INFO  server.Server (Server.java:doStart(419)) - Started @3900ms
2019-11-18 04:03:14,140 [main] WARN  impl.MetricsSystemImpl (MetricsSystemImpl.java:register(276)) - Sink prometheus already exists!
2019-11-18 04:03:14,141 [main] INFO  server.BaseHttpServer (BaseHttpServer.java:updateConnectorAddress(215)) - HTTP server of OZONEMANAGER is listening at http://0.0.0.0:43594
2019-11-18 04:03:14,404 [main] INFO  impl.MetricsSystemImpl (MetricsSystemImpl.java:init(158)) - HddsDatanode metrics system started (again)
2019-11-18 04:03:14,448 [main] INFO  ozone.HddsDatanodeService (HddsDatanodeService.java:start(186)) - HddsDatanodeService host:pr-hdds-2386-sqzzd-3930412762 ip:192.168.69.70
2019-11-18 04:03:14,479 [main] INFO  volume.HddsVolume (HddsVolume.java:<init>(176)) - Creating Volume: /workdir/hadoop-ozone/integration-test/target/test-dir/MiniOzoneClusterImpl-1c214b3a-49ad-4877-b4c4-a160cd444fc4/datanode-0/data/containers/hdds of  storage type : DISK and capacity : 1482555576320
2019-11-18 04:03:14,481 [main] INFO  volume.VolumeSet (VolumeSet.java:initializeVolumeSet(170)) - Added Volume : /workdir/hadoop-ozone/integration-test/target/test-dir/MiniOzoneClusterImpl-1c214b3a-49ad-4877-b4c4-a160cd444fc4/datanode-0/data/containers/hdds to VolumeSet
2019-11-18 04:03:14,484 [main] INFO  volume.ThrottledAsyncChecker (ThrottledAsyncChecker.java:schedule(141)) - Scheduling a check for /workdir/hadoop-ozone/integration-test/target/test-dir/MiniOzoneClusterImpl-1c214b3a-49ad-4877-b4c4-a160cd444fc4/datanode-0/data/containers/hdds
2019-11-18 04:03:14,498 [main] INFO  volume.HddsVolumeChecker (HddsVolumeChecker.java:checkAllVolumes(204)) - Scheduled health check for volume /workdir/hadoop-ozone/integration-test/target/test-dir/MiniOzoneClusterImpl-1c214b3a-49ad-4877-b4c4-a160cd444fc4/datanode-0/data/containers/hdds
2019-11-18 04:03:14,620 [main] INFO  impl.RaftServerProxy (ConfUtils.java:logGet(43)) - raft.rpc.type = GRPC (default)
2019-11-18 04:03:14,681 [main] INFO  grpc.GrpcFactory (GrpcFactory.java:checkPooledByteBufAllocatorUseCacheForAllThreads(45)) - PERFORMANCE WARNING: useCacheForAllThreads is true that may cause Netty to create a lot garbage objects and, as a result, trigger GC.
	It is recommended to disable useCacheForAllThreads by setting -Dorg.apache.ratis.thirdparty.io.netty.allocator.useCacheForAllThreads=false in command line.
2019-11-18 04:03:14,685 [main] INFO  grpc.GrpcConfigKeys$Server (ConfUtils.java:logGet(43)) - raft.grpc.server.port = 0 (default)
2019-11-18 04:03:14,687 [main] INFO  server.GrpcService (ConfUtils.java:logGet(43)) - raft.grpc.message.size.max = 33570816 (custom)
2019-11-18 04:03:14,688 [main] INFO  server.RaftServerConfigKeys (ConfUtils.java:logGet(43)) - raft.server.log.appender.buffer.byte-limit = 33554432 (custom)
2019-11-18 04:03:14,689 [main] INFO  server.GrpcService (ConfUtils.java:logGet(43)) - raft.grpc.flow.control.window = 1MB (=1048576) (default)
2019-11-18 04:03:14,689 [main] INFO  server.RaftServerConfigKeys (ConfUtils.java:logGet(43)) - raft.server.rpc.request.timeout = 3000ms (default)
2019-11-18 04:03:14,864 [main] INFO  server.RaftServerConfigKeys (ConfUtils.java:logGet(43)) - raft.server.storage.dir = [/workdir/hadoop-ozone/integration-test/target/test-dir/MiniOzoneClusterImpl-1c214b3a-49ad-4877-b4c4-a160cd444fc4/datanode-0/data/ratis] (custom)
2019-11-18 04:03:14,916 [main] INFO  hdfs.DFSUtil (DFSUtil.java:httpServerTemplateForNNAndJN(1641)) - Starting Web-server for hddsDatanode at: http://0.0.0.0:0
2019-11-18 04:03:14,918 [main] INFO  server.AuthenticationFilter (AuthenticationFilter.java:constructSecretProvider(240)) - Unable to initialize FileSignerSecretProvider, falling back to use random secrets.
2019-11-18 04:03:14,919 [main] WARN  http.HttpRequestLog (HttpRequestLog.java:getRequestLog(97)) - Jetty request log can only be enabled using Log4j
2019-11-18 04:03:14,921 [main] INFO  http.HttpServer2 (HttpServer2.java:addGlobalFilter(975)) - Added global filter 'safety' (class=org.apache.hadoop.http.HttpServer2$QuotingInputFilter)
2019-11-18 04:03:14,923 [main] INFO  http.HttpServer2 (HttpServer2.java:addFilter(948)) - Added filter static_user_filter (class=org.apache.hadoop.http.lib.StaticUserWebFilter$StaticUserFilter) to context hddsDatanode
2019-11-18 04:03:14,923 [main] INFO  http.HttpServer2 (HttpServer2.java:addFilter(958)) - Added filter static_user_filter (class=org.apache.hadoop.http.lib.StaticUserWebFilter$StaticUserFilter) to context static
2019-11-18 04:03:14,923 [main] INFO  http.HttpServer2 (HttpServer2.java:addFilter(958)) - Added filter static_user_filter (class=org.apache.hadoop.http.lib.StaticUserWebFilter$StaticUserFilter) to context logs
2019-11-18 04:03:14,925 [main] INFO  http.HttpServer2 (HttpServer2.java:bindListener(1191)) - Jetty bound to port 43864
2019-11-18 04:03:14,925 [main] INFO  server.Server (Server.java:doStart(351)) - jetty-9.3.25.v20180904, build timestamp: 2018-09-04T21:11:46Z, git hash: 3ce520221d0240229c862b122d2b06c12a625732
2019-11-18 04:03:14,928 [main] INFO  handler.ContextHandler (ContextHandler.java:doStart(781)) - Started o.e.j.s.ServletContextHandler@288ca5f0{/logs,file:///workdir/hadoop-ozone/integration-test/target/log,AVAILABLE}
2019-11-18 04:03:14,929 [main] INFO  handler.ContextHandler (ContextHandler.java:doStart(781)) - Started o.e.j.s.ServletContextHandler@44bd4b0a{/static,jar:file:/home/user/.m2/repository/org/apache/hadoop/hadoop-hdds-container-service/0.5.0-SNAPSHOT/hadoop-hdds-container-service-0.5.0-SNAPSHOT.jar!/webapps/static,AVAILABLE}
2019-11-18 04:03:14,984 [main] INFO  handler.ContextHandler (ContextHandler.java:doStart(781)) - Started o.e.j.w.WebAppContext@4110765e{/,file:///tmp/jetty-0.0.0.0-43864-hddsDatanode-_-any-8664465234874781366.dir/webapp/,AVAILABLE}{/hddsDatanode}
2019-11-18 04:03:14,986 [main] INFO  server.AbstractConnector (AbstractConnector.java:doStart(278)) - Started ServerConnector@1ba359bd{HTTP/1.1,[http/1.1]}{0.0.0.0:43864}
2019-11-18 04:03:14,987 [main] INFO  server.Server (Server.java:doStart(419)) - Started @4747ms
2019-11-18 04:03:14,987 [main] WARN  impl.MetricsSystemImpl (MetricsSystemImpl.java:register(276)) - Sink prometheus already exists!
2019-11-18 04:03:14,988 [main] INFO  server.BaseHttpServer (BaseHttpServer.java:updateConnectorAddress(215)) - HTTP server of HDDSDATANODE is listening at http://0.0.0.0:43864
2019-11-18 04:03:14,990 [main] INFO  impl.MetricsSystemImpl (MetricsSystemImpl.java:init(158)) - HddsDatanode metrics system started (again)
2019-11-18 04:03:14,993 [main] INFO  ozone.HddsDatanodeService (HddsDatanodeService.java:start(186)) - HddsDatanodeService host:pr-hdds-2386-sqzzd-3930412762 ip:192.168.69.70
2019-11-18 04:03:14,995 [org.apache.hadoop.util.JvmPauseMonitor$Monitor@824aac8] INFO  util.JvmPauseMonitor (JvmPauseMonitor.java:run(188)) - Starting JVM pause monitor
2019-11-18 04:03:15,003 [main] INFO  volume.HddsVolume (HddsVolume.java:<init>(176)) - Creating Volume: /workdir/hadoop-ozone/integration-test/target/test-dir/MiniOzoneClusterImpl-1c214b3a-49ad-4877-b4c4-a160cd444fc4/datanode-1/data/containers/hdds of  storage type : DISK and capacity : 1482555576320
2019-11-18 04:03:15,003 [main] INFO  volume.VolumeSet (VolumeSet.java:initializeVolumeSet(170)) - Added Volume : /workdir/hadoop-ozone/integration-test/target/test-dir/MiniOzoneClusterImpl-1c214b3a-49ad-4877-b4c4-a160cd444fc4/datanode-1/data/containers/hdds to VolumeSet
2019-11-18 04:03:15,003 [main] INFO  volume.ThrottledAsyncChecker (ThrottledAsyncChecker.java:schedule(141)) - Scheduling a check for /workdir/hadoop-ozone/integration-test/target/test-dir/MiniOzoneClusterImpl-1c214b3a-49ad-4877-b4c4-a160cd444fc4/datanode-1/data/containers/hdds
2019-11-18 04:03:15,004 [main] INFO  volume.HddsVolumeChecker (HddsVolumeChecker.java:checkAllVolumes(204)) - Scheduled health check for volume /workdir/hadoop-ozone/integration-test/target/test-dir/MiniOzoneClusterImpl-1c214b3a-49ad-4877-b4c4-a160cd444fc4/datanode-1/data/containers/hdds
2019-11-18 04:03:15,025 [main] INFO  impl.RaftServerProxy (ConfUtils.java:logGet(43)) - raft.rpc.type = GRPC (default)
2019-11-18 04:03:15,025 [main] INFO  grpc.GrpcFactory (GrpcFactory.java:checkPooledByteBufAllocatorUseCacheForAllThreads(45)) - PERFORMANCE WARNING: useCacheForAllThreads is true that may cause Netty to create a lot garbage objects and, as a result, trigger GC.
	It is recommended to disable useCacheForAllThreads by setting -Dorg.apache.ratis.thirdparty.io.netty.allocator.useCacheForAllThreads=false in command line.
2019-11-18 04:03:15,025 [main] INFO  grpc.GrpcConfigKeys$Server (ConfUtils.java:logGet(43)) - raft.grpc.server.port = 0 (default)
2019-11-18 04:03:15,026 [main] INFO  server.GrpcService (ConfUtils.java:logGet(43)) - raft.grpc.message.size.max = 33570816 (custom)
2019-11-18 04:03:15,026 [main] INFO  server.RaftServerConfigKeys (ConfUtils.java:logGet(43)) - raft.server.log.appender.buffer.byte-limit = 33554432 (custom)
2019-11-18 04:03:15,027 [main] INFO  server.GrpcService (ConfUtils.java:logGet(43)) - raft.grpc.flow.control.window = 1MB (=1048576) (default)
2019-11-18 04:03:15,027 [main] INFO  server.RaftServerConfigKeys (ConfUtils.java:logGet(43)) - raft.server.rpc.request.timeout = 3000ms (default)
2019-11-18 04:03:15,028 [main] INFO  server.RaftServerConfigKeys (ConfUtils.java:logGet(43)) - raft.server.storage.dir = [/workdir/hadoop-ozone/integration-test/target/test-dir/MiniOzoneClusterImpl-1c214b3a-49ad-4877-b4c4-a160cd444fc4/datanode-1/data/ratis] (custom)
2019-11-18 04:03:15,030 [main] INFO  hdfs.DFSUtil (DFSUtil.java:httpServerTemplateForNNAndJN(1641)) - Starting Web-server for hddsDatanode at: http://0.0.0.0:0
2019-11-18 04:03:15,031 [main] INFO  server.AuthenticationFilter (AuthenticationFilter.java:constructSecretProvider(240)) - Unable to initialize FileSignerSecretProvider, falling back to use random secrets.
2019-11-18 04:03:15,032 [main] WARN  http.HttpRequestLog (HttpRequestLog.java:getRequestLog(97)) - Jetty request log can only be enabled using Log4j
2019-11-18 04:03:15,034 [main] INFO  http.HttpServer2 (HttpServer2.java:addGlobalFilter(975)) - Added global filter 'safety' (class=org.apache.hadoop.http.HttpServer2$QuotingInputFilter)
2019-11-18 04:03:15,035 [main] INFO  http.HttpServer2 (HttpServer2.java:addFilter(948)) - Added filter static_user_filter (class=org.apache.hadoop.http.lib.StaticUserWebFilter$StaticUserFilter) to context hddsDatanode
2019-11-18 04:03:15,035 [main] INFO  http.HttpServer2 (HttpServer2.java:addFilter(958)) - Added filter static_user_filter (class=org.apache.hadoop.http.lib.StaticUserWebFilter$StaticUserFilter) to context static
2019-11-18 04:03:15,036 [main] INFO  http.HttpServer2 (HttpServer2.java:addFilter(958)) - Added filter static_user_filter (class=org.apache.hadoop.http.lib.StaticUserWebFilter$StaticUserFilter) to context logs
2019-11-18 04:03:15,037 [main] INFO  http.HttpServer2 (HttpServer2.java:bindListener(1191)) - Jetty bound to port 38502
2019-11-18 04:03:15,037 [main] INFO  server.Server (Server.java:doStart(351)) - jetty-9.3.25.v20180904, build timestamp: 2018-09-04T21:11:46Z, git hash: 3ce520221d0240229c862b122d2b06c12a625732
2019-11-18 04:03:15,039 [main] INFO  handler.ContextHandler (ContextHandler.java:doStart(781)) - Started o.e.j.s.ServletContextHandler@2a3194c6{/logs,file:///workdir/hadoop-ozone/integration-test/target/log,AVAILABLE}
2019-11-18 04:03:15,040 [main] INFO  handler.ContextHandler (ContextHandler.java:doStart(781)) - Started o.e.j.s.ServletContextHandler@30364216{/static,jar:file:/home/user/.m2/repository/org/apache/hadoop/hadoop-hdds-container-service/0.5.0-SNAPSHOT/hadoop-hdds-container-service-0.5.0-SNAPSHOT.jar!/webapps/static,AVAILABLE}
2019-11-18 04:03:15,084 [main] INFO  handler.ContextHandler (ContextHandler.java:doStart(781)) - Started o.e.j.w.WebAppContext@4beaf6bd{/,file:///tmp/jetty-0.0.0.0-38502-hddsDatanode-_-any-4269685876314873403.dir/webapp/,AVAILABLE}{/hddsDatanode}
2019-11-18 04:03:15,086 [main] INFO  server.AbstractConnector (AbstractConnector.java:doStart(278)) - Started ServerConnector@6b2e46af{HTTP/1.1,[http/1.1]}{0.0.0.0:38502}
2019-11-18 04:03:15,087 [main] INFO  server.Server (Server.java:doStart(419)) - Started @4848ms
2019-11-18 04:03:15,087 [main] WARN  impl.MetricsSystemImpl (MetricsSystemImpl.java:register(276)) - Sink prometheus already exists!
2019-11-18 04:03:15,088 [main] INFO  server.BaseHttpServer (BaseHttpServer.java:updateConnectorAddress(215)) - HTTP server of HDDSDATANODE is listening at http://0.0.0.0:38502
2019-11-18 04:03:15,089 [main] INFO  impl.MetricsSystemImpl (MetricsSystemImpl.java:init(158)) - HddsDatanode metrics system started (again)
2019-11-18 04:03:15,092 [org.apache.hadoop.util.JvmPauseMonitor$Monitor@5b663444] INFO  util.JvmPauseMonitor (JvmPauseMonitor.java:run(188)) - Starting JVM pause monitor
2019-11-18 04:03:15,093 [main] INFO  ozone.HddsDatanodeService (HddsDatanodeService.java:start(186)) - HddsDatanodeService host:pr-hdds-2386-sqzzd-3930412762 ip:192.168.69.70
2019-11-18 04:03:15,102 [main] INFO  volume.HddsVolume (HddsVolume.java:<init>(176)) - Creating Volume: /workdir/hadoop-ozone/integration-test/target/test-dir/MiniOzoneClusterImpl-1c214b3a-49ad-4877-b4c4-a160cd444fc4/datanode-2/data/containers/hdds of  storage type : DISK and capacity : 1482555576320
2019-11-18 04:03:15,102 [main] INFO  volume.VolumeSet (VolumeSet.java:initializeVolumeSet(170)) - Added Volume : /workdir/hadoop-ozone/integration-test/target/test-dir/MiniOzoneClusterImpl-1c214b3a-49ad-4877-b4c4-a160cd444fc4/datanode-2/data/containers/hdds to VolumeSet
2019-11-18 04:03:15,102 [main] INFO  volume.ThrottledAsyncChecker (ThrottledAsyncChecker.java:schedule(141)) - Scheduling a check for /workdir/hadoop-ozone/integration-test/target/test-dir/MiniOzoneClusterImpl-1c214b3a-49ad-4877-b4c4-a160cd444fc4/datanode-2/data/containers/hdds
2019-11-18 04:03:15,103 [main] INFO  volume.HddsVolumeChecker (HddsVolumeChecker.java:checkAllVolumes(204)) - Scheduled health check for volume /workdir/hadoop-ozone/integration-test/target/test-dir/MiniOzoneClusterImpl-1c214b3a-49ad-4877-b4c4-a160cd444fc4/datanode-2/data/containers/hdds
2019-11-18 04:03:15,107 [Datanode State Machine Thread - 0] INFO  datanode.InitDatanodeState (InitDatanodeState.java:persistContainerDatanodeDetails(140)) - DatanodeDetails is persisted to /workdir/hadoop-ozone/integration-test/target/test-dir/MiniOzoneClusterImpl-1c214b3a-49ad-4877-b4c4-a160cd444fc4/datanode-0/meta/datanode.id
2019-11-18 04:03:15,110 [Datanode State Machine Thread - 0] INFO  datanode.InitDatanodeState (InitDatanodeState.java:persistContainerDatanodeDetails(140)) - DatanodeDetails is persisted to /workdir/hadoop-ozone/integration-test/target/test-dir/MiniOzoneClusterImpl-1c214b3a-49ad-4877-b4c4-a160cd444fc4/datanode-1/meta/datanode.id
2019-11-18 04:03:15,126 [main] INFO  impl.RaftServerProxy (ConfUtils.java:logGet(43)) - raft.rpc.type = GRPC (default)
2019-11-18 04:03:15,127 [main] INFO  grpc.GrpcFactory (GrpcFactory.java:checkPooledByteBufAllocatorUseCacheForAllThreads(45)) - PERFORMANCE WARNING: useCacheForAllThreads is true that may cause Netty to create a lot garbage objects and, as a result, trigger GC.
	It is recommended to disable useCacheForAllThreads by setting -Dorg.apache.ratis.thirdparty.io.netty.allocator.useCacheForAllThreads=false in command line.
2019-11-18 04:03:15,127 [main] INFO  grpc.GrpcConfigKeys$Server (ConfUtils.java:logGet(43)) - raft.grpc.server.port = 0 (default)
2019-11-18 04:03:15,127 [main] INFO  server.GrpcService (ConfUtils.java:logGet(43)) - raft.grpc.message.size.max = 33570816 (custom)
2019-11-18 04:03:15,128 [main] INFO  server.RaftServerConfigKeys (ConfUtils.java:logGet(43)) - raft.server.log.appender.buffer.byte-limit = 33554432 (custom)
2019-11-18 04:03:15,128 [main] INFO  server.GrpcService (ConfUtils.java:logGet(43)) - raft.grpc.flow.control.window = 1MB (=1048576) (default)
2019-11-18 04:03:15,128 [main] INFO  server.RaftServerConfigKeys (ConfUtils.java:logGet(43)) - raft.server.rpc.request.timeout = 3000ms (default)
2019-11-18 04:03:15,129 [main] INFO  server.RaftServerConfigKeys (ConfUtils.java:logGet(43)) - raft.server.storage.dir = [/workdir/hadoop-ozone/integration-test/target/test-dir/MiniOzoneClusterImpl-1c214b3a-49ad-4877-b4c4-a160cd444fc4/datanode-2/data/ratis] (custom)
2019-11-18 04:03:15,132 [main] INFO  hdfs.DFSUtil (DFSUtil.java:httpServerTemplateForNNAndJN(1641)) - Starting Web-server for hddsDatanode at: http://0.0.0.0:0
2019-11-18 04:03:15,134 [main] INFO  server.AuthenticationFilter (AuthenticationFilter.java:constructSecretProvider(240)) - Unable to initialize FileSignerSecretProvider, falling back to use random secrets.
2019-11-18 04:03:15,135 [main] WARN  http.HttpRequestLog (HttpRequestLog.java:getRequestLog(97)) - Jetty request log can only be enabled using Log4j
2019-11-18 04:03:15,138 [main] INFO  http.HttpServer2 (HttpServer2.java:addGlobalFilter(975)) - Added global filter 'safety' (class=org.apache.hadoop.http.HttpServer2$QuotingInputFilter)
2019-11-18 04:03:15,139 [main] INFO  http.HttpServer2 (HttpServer2.java:addFilter(948)) - Added filter static_user_filter (class=org.apache.hadoop.http.lib.StaticUserWebFilter$StaticUserFilter) to context hddsDatanode
2019-11-18 04:03:15,139 [main] INFO  http.HttpServer2 (HttpServer2.java:addFilter(958)) - Added filter static_user_filter (class=org.apache.hadoop.http.lib.StaticUserWebFilter$StaticUserFilter) to context logs
2019-11-18 04:03:15,139 [main] INFO  http.HttpServer2 (HttpServer2.java:addFilter(958)) - Added filter static_user_filter (class=org.apache.hadoop.http.lib.StaticUserWebFilter$StaticUserFilter) to context static
2019-11-18 04:03:15,140 [main] INFO  http.HttpServer2 (HttpServer2.java:bindListener(1191)) - Jetty bound to port 39783
2019-11-18 04:03:15,140 [main] INFO  server.Server (Server.java:doStart(351)) - jetty-9.3.25.v20180904, build timestamp: 2018-09-04T21:11:46Z, git hash: 3ce520221d0240229c862b122d2b06c12a625732
2019-11-18 04:03:15,144 [main] INFO  handler.ContextHandler (ContextHandler.java:doStart(781)) - Started o.e.j.s.ServletContextHandler@66273da0{/logs,file:///workdir/hadoop-ozone/integration-test/target/log,AVAILABLE}
2019-11-18 04:03:15,145 [main] INFO  handler.ContextHandler (ContextHandler.java:doStart(781)) - Started o.e.j.s.ServletContextHandler@1229a2b7{/static,jar:file:/home/user/.m2/repository/org/apache/hadoop/hadoop-hdds-container-service/0.5.0-SNAPSHOT/hadoop-hdds-container-service-0.5.0-SNAPSHOT.jar!/webapps/static,AVAILABLE}
2019-11-18 04:03:15,194 [main] INFO  handler.ContextHandler (ContextHandler.java:doStart(781)) - Started o.e.j.w.WebAppContext@227a47{/,file:///tmp/jetty-0.0.0.0-39783-hddsDatanode-_-any-6727867104523091704.dir/webapp/,AVAILABLE}{/hddsDatanode}
2019-11-18 04:03:15,196 [main] INFO  server.AbstractConnector (AbstractConnector.java:doStart(278)) - Started ServerConnector@9596ce8{HTTP/1.1,[http/1.1]}{0.0.0.0:39783}
2019-11-18 04:03:15,198 [main] INFO  server.Server (Server.java:doStart(419)) - Started @4959ms
2019-11-18 04:03:15,198 [main] WARN  impl.MetricsSystemImpl (MetricsSystemImpl.java:register(276)) - Sink prometheus already exists!
2019-11-18 04:03:15,200 [main] INFO  server.BaseHttpServer (BaseHttpServer.java:updateConnectorAddress(215)) - HTTP server of HDDSDATANODE is listening at http://0.0.0.0:39783
2019-11-18 04:03:15,200 [main] INFO  impl.MetricsSystemImpl (MetricsSystemImpl.java:init(158)) - HddsDatanode metrics system started (again)
2019-11-18 04:03:15,204 [org.apache.hadoop.util.JvmPauseMonitor$Monitor@3ae75b6e] INFO  util.JvmPauseMonitor (JvmPauseMonitor.java:run(188)) - Starting JVM pause monitor
2019-11-18 04:03:15,205 [main] INFO  ozone.HddsDatanodeService (HddsDatanodeService.java:start(186)) - HddsDatanodeService host:pr-hdds-2386-sqzzd-3930412762 ip:192.168.69.70
2019-11-18 04:03:15,207 [Datanode State Machine Thread - 0] INFO  datanode.InitDatanodeState (InitDatanodeState.java:persistContainerDatanodeDetails(140)) - DatanodeDetails is persisted to /workdir/hadoop-ozone/integration-test/target/test-dir/MiniOzoneClusterImpl-1c214b3a-49ad-4877-b4c4-a160cd444fc4/datanode-2/meta/datanode.id
2019-11-18 04:03:15,214 [main] INFO  volume.HddsVolume (HddsVolume.java:<init>(176)) - Creating Volume: /workdir/hadoop-ozone/integration-test/target/test-dir/MiniOzoneClusterImpl-1c214b3a-49ad-4877-b4c4-a160cd444fc4/datanode-3/data/containers/hdds of  storage type : DISK and capacity : 1482555576320
2019-11-18 04:03:15,215 [main] INFO  volume.VolumeSet (VolumeSet.java:initializeVolumeSet(170)) - Added Volume : /workdir/hadoop-ozone/integration-test/target/test-dir/MiniOzoneClusterImpl-1c214b3a-49ad-4877-b4c4-a160cd444fc4/datanode-3/data/containers/hdds to VolumeSet
2019-11-18 04:03:15,215 [main] INFO  volume.ThrottledAsyncChecker (ThrottledAsyncChecker.java:schedule(141)) - Scheduling a check for /workdir/hadoop-ozone/integration-test/target/test-dir/MiniOzoneClusterImpl-1c214b3a-49ad-4877-b4c4-a160cd444fc4/datanode-3/data/containers/hdds
2019-11-18 04:03:15,216 [main] INFO  volume.HddsVolumeChecker (HddsVolumeChecker.java:checkAllVolumes(204)) - Scheduled health check for volume /workdir/hadoop-ozone/integration-test/target/test-dir/MiniOzoneClusterImpl-1c214b3a-49ad-4877-b4c4-a160cd444fc4/datanode-3/data/containers/hdds
2019-11-18 04:03:15,232 [main] INFO  impl.RaftServerProxy (ConfUtils.java:logGet(43)) - raft.rpc.type = GRPC (default)
2019-11-18 04:03:15,232 [main] INFO  grpc.GrpcFactory (GrpcFactory.java:checkPooledByteBufAllocatorUseCacheForAllThreads(45)) - PERFORMANCE WARNING: useCacheForAllThreads is true that may cause Netty to create a lot garbage objects and, as a result, trigger GC.
	It is recommended to disable useCacheForAllThreads by setting -Dorg.apache.ratis.thirdparty.io.netty.allocator.useCacheForAllThreads=false in command line.
2019-11-18 04:03:15,233 [main] INFO  grpc.GrpcConfigKeys$Server (ConfUtils.java:logGet(43)) - raft.grpc.server.port = 0 (default)
2019-11-18 04:03:15,233 [main] INFO  server.GrpcService (ConfUtils.java:logGet(43)) - raft.grpc.message.size.max = 33570816 (custom)
2019-11-18 04:03:15,233 [main] INFO  server.RaftServerConfigKeys (ConfUtils.java:logGet(43)) - raft.server.log.appender.buffer.byte-limit = 33554432 (custom)
2019-11-18 04:03:15,233 [main] INFO  server.GrpcService (ConfUtils.java:logGet(43)) - raft.grpc.flow.control.window = 1MB (=1048576) (default)
2019-11-18 04:03:15,233 [main] INFO  server.RaftServerConfigKeys (ConfUtils.java:logGet(43)) - raft.server.rpc.request.timeout = 3000ms (default)
2019-11-18 04:03:15,234 [main] INFO  server.RaftServerConfigKeys (ConfUtils.java:logGet(43)) - raft.server.storage.dir = [/workdir/hadoop-ozone/integration-test/target/test-dir/MiniOzoneClusterImpl-1c214b3a-49ad-4877-b4c4-a160cd444fc4/datanode-3/data/ratis] (custom)
2019-11-18 04:03:15,236 [main] INFO  hdfs.DFSUtil (DFSUtil.java:httpServerTemplateForNNAndJN(1641)) - Starting Web-server for hddsDatanode at: http://0.0.0.0:0
2019-11-18 04:03:15,238 [main] INFO  server.AuthenticationFilter (AuthenticationFilter.java:constructSecretProvider(240)) - Unable to initialize FileSignerSecretProvider, falling back to use random secrets.
2019-11-18 04:03:15,239 [main] WARN  http.HttpRequestLog (HttpRequestLog.java:getRequestLog(97)) - Jetty request log can only be enabled using Log4j
2019-11-18 04:03:15,241 [main] INFO  http.HttpServer2 (HttpServer2.java:addGlobalFilter(975)) - Added global filter 'safety' (class=org.apache.hadoop.http.HttpServer2$QuotingInputFilter)
2019-11-18 04:03:15,242 [main] INFO  http.HttpServer2 (HttpServer2.java:addFilter(948)) - Added filter static_user_filter (class=org.apache.hadoop.http.lib.StaticUserWebFilter$StaticUserFilter) to context hddsDatanode
2019-11-18 04:03:15,242 [main] INFO  http.HttpServer2 (HttpServer2.java:addFilter(958)) - Added filter static_user_filter (class=org.apache.hadoop.http.lib.StaticUserWebFilter$StaticUserFilter) to context static
2019-11-18 04:03:15,242 [main] INFO  http.HttpServer2 (HttpServer2.java:addFilter(958)) - Added filter static_user_filter (class=org.apache.hadoop.http.lib.StaticUserWebFilter$StaticUserFilter) to context logs
2019-11-18 04:03:15,243 [main] INFO  http.HttpServer2 (HttpServer2.java:bindListener(1191)) - Jetty bound to port 34889
2019-11-18 04:03:15,244 [main] INFO  server.Server (Server.java:doStart(351)) - jetty-9.3.25.v20180904, build timestamp: 2018-09-04T21:11:46Z, git hash: 3ce520221d0240229c862b122d2b06c12a625732
2019-11-18 04:03:15,246 [main] INFO  handler.ContextHandler (ContextHandler.java:doStart(781)) - Started o.e.j.s.ServletContextHandler@117525fe{/logs,file:///workdir/hadoop-ozone/integration-test/target/log,AVAILABLE}
2019-11-18 04:03:15,247 [main] INFO  handler.ContextHandler (ContextHandler.java:doStart(781)) - Started o.e.j.s.ServletContextHandler@5bc28f40{/static,jar:file:/home/user/.m2/repository/org/apache/hadoop/hadoop-hdds-container-service/0.5.0-SNAPSHOT/hadoop-hdds-container-service-0.5.0-SNAPSHOT.jar!/webapps/static,AVAILABLE}
2019-11-18 04:03:15,287 [main] INFO  handler.ContextHandler (ContextHandler.java:doStart(781)) - Started o.e.j.w.WebAppContext@59dc36d4{/,file:///tmp/jetty-0.0.0.0-34889-hddsDatanode-_-any-6121733432709876103.dir/webapp/,AVAILABLE}{/hddsDatanode}
2019-11-18 04:03:15,288 [main] INFO  server.AbstractConnector (AbstractConnector.java:doStart(278)) - Started ServerConnector@12fcc71f{HTTP/1.1,[http/1.1]}{0.0.0.0:34889}
2019-11-18 04:03:15,289 [main] INFO  server.Server (Server.java:doStart(419)) - Started @5050ms
2019-11-18 04:03:15,290 [main] WARN  impl.MetricsSystemImpl (MetricsSystemImpl.java:register(276)) - Sink prometheus already exists!
2019-11-18 04:03:15,291 [main] INFO  server.BaseHttpServer (BaseHttpServer.java:updateConnectorAddress(215)) - HTTP server of HDDSDATANODE is listening at http://0.0.0.0:34889
2019-11-18 04:03:15,292 [main] INFO  impl.MetricsSystemImpl (MetricsSystemImpl.java:init(158)) - HddsDatanode metrics system started (again)
2019-11-18 04:03:15,295 [org.apache.hadoop.util.JvmPauseMonitor$Monitor@62ee5479] INFO  util.JvmPauseMonitor (JvmPauseMonitor.java:run(188)) - Starting JVM pause monitor
2019-11-18 04:03:15,295 [main] INFO  ozone.HddsDatanodeService (HddsDatanodeService.java:start(186)) - HddsDatanodeService host:pr-hdds-2386-sqzzd-3930412762 ip:192.168.69.70
2019-11-18 04:03:15,298 [Datanode State Machine Thread - 0] INFO  datanode.InitDatanodeState (InitDatanodeState.java:persistContainerDatanodeDetails(140)) - DatanodeDetails is persisted to /workdir/hadoop-ozone/integration-test/target/test-dir/MiniOzoneClusterImpl-1c214b3a-49ad-4877-b4c4-a160cd444fc4/datanode-3/meta/datanode.id
2019-11-18 04:03:15,303 [main] INFO  volume.HddsVolume (HddsVolume.java:<init>(176)) - Creating Volume: /workdir/hadoop-ozone/integration-test/target/test-dir/MiniOzoneClusterImpl-1c214b3a-49ad-4877-b4c4-a160cd444fc4/datanode-4/data/containers/hdds of  storage type : DISK and capacity : 1482555576320
2019-11-18 04:03:15,303 [main] INFO  volume.VolumeSet (VolumeSet.java:initializeVolumeSet(170)) - Added Volume : /workdir/hadoop-ozone/integration-test/target/test-dir/MiniOzoneClusterImpl-1c214b3a-49ad-4877-b4c4-a160cd444fc4/datanode-4/data/containers/hdds to VolumeSet
2019-11-18 04:03:15,303 [main] INFO  volume.ThrottledAsyncChecker (ThrottledAsyncChecker.java:schedule(141)) - Scheduling a check for /workdir/hadoop-ozone/integration-test/target/test-dir/MiniOzoneClusterImpl-1c214b3a-49ad-4877-b4c4-a160cd444fc4/datanode-4/data/containers/hdds
2019-11-18 04:03:15,304 [main] INFO  volume.HddsVolumeChecker (HddsVolumeChecker.java:checkAllVolumes(204)) - Scheduled health check for volume /workdir/hadoop-ozone/integration-test/target/test-dir/MiniOzoneClusterImpl-1c214b3a-49ad-4877-b4c4-a160cd444fc4/datanode-4/data/containers/hdds
2019-11-18 04:03:15,318 [main] INFO  impl.RaftServerProxy (ConfUtils.java:logGet(43)) - raft.rpc.type = GRPC (default)
2019-11-18 04:03:15,318 [main] INFO  grpc.GrpcFactory (GrpcFactory.java:checkPooledByteBufAllocatorUseCacheForAllThreads(45)) - PERFORMANCE WARNING: useCacheForAllThreads is true that may cause Netty to create a lot garbage objects and, as a result, trigger GC.
	It is recommended to disable useCacheForAllThreads by setting -Dorg.apache.ratis.thirdparty.io.netty.allocator.useCacheForAllThreads=false in command line.
2019-11-18 04:03:15,318 [main] INFO  grpc.GrpcConfigKeys$Server (ConfUtils.java:logGet(43)) - raft.grpc.server.port = 0 (default)
2019-11-18 04:03:15,318 [main] INFO  server.GrpcService (ConfUtils.java:logGet(43)) - raft.grpc.message.size.max = 33570816 (custom)
2019-11-18 04:03:15,318 [main] INFO  server.RaftServerConfigKeys (ConfUtils.java:logGet(43)) - raft.server.log.appender.buffer.byte-limit = 33554432 (custom)
2019-11-18 04:03:15,319 [main] INFO  server.GrpcService (ConfUtils.java:logGet(43)) - raft.grpc.flow.control.window = 1MB (=1048576) (default)
2019-11-18 04:03:15,319 [main] INFO  server.RaftServerConfigKeys (ConfUtils.java:logGet(43)) - raft.server.rpc.request.timeout = 3000ms (default)
2019-11-18 04:03:15,320 [main] INFO  server.RaftServerConfigKeys (ConfUtils.java:logGet(43)) - raft.server.storage.dir = [/workdir/hadoop-ozone/integration-test/target/test-dir/MiniOzoneClusterImpl-1c214b3a-49ad-4877-b4c4-a160cd444fc4/datanode-4/data/ratis] (custom)
2019-11-18 04:03:15,321 [main] INFO  hdfs.DFSUtil (DFSUtil.java:httpServerTemplateForNNAndJN(1641)) - Starting Web-server for hddsDatanode at: http://0.0.0.0:0
2019-11-18 04:03:15,323 [main] INFO  server.AuthenticationFilter (AuthenticationFilter.java:constructSecretProvider(240)) - Unable to initialize FileSignerSecretProvider, falling back to use random secrets.
2019-11-18 04:03:15,324 [main] WARN  http.HttpRequestLog (HttpRequestLog.java:getRequestLog(97)) - Jetty request log can only be enabled using Log4j
2019-11-18 04:03:15,326 [main] INFO  http.HttpServer2 (HttpServer2.java:addGlobalFilter(975)) - Added global filter 'safety' (class=org.apache.hadoop.http.HttpServer2$QuotingInputFilter)
2019-11-18 04:03:15,327 [main] INFO  http.HttpServer2 (HttpServer2.java:addFilter(948)) - Added filter static_user_filter (class=org.apache.hadoop.http.lib.StaticUserWebFilter$StaticUserFilter) to context hddsDatanode
2019-11-18 04:03:15,327 [main] INFO  http.HttpServer2 (HttpServer2.java:addFilter(958)) - Added filter static_user_filter (class=org.apache.hadoop.http.lib.StaticUserWebFilter$StaticUserFilter) to context logs
2019-11-18 04:03:15,327 [main] INFO  http.HttpServer2 (HttpServer2.java:addFilter(958)) - Added filter static_user_filter (class=org.apache.hadoop.http.lib.StaticUserWebFilter$StaticUserFilter) to context static
2019-11-18 04:03:15,328 [main] INFO  http.HttpServer2 (HttpServer2.java:bindListener(1191)) - Jetty bound to port 41710
2019-11-18 04:03:15,329 [main] INFO  server.Server (Server.java:doStart(351)) - jetty-9.3.25.v20180904, build timestamp: 2018-09-04T21:11:46Z, git hash: 3ce520221d0240229c862b122d2b06c12a625732
2019-11-18 04:03:15,333 [main] INFO  handler.ContextHandler (ContextHandler.java:doStart(781)) - Started o.e.j.s.ServletContextHandler@467b684d{/logs,file:///workdir/hadoop-ozone/integration-test/target/log,AVAILABLE}
2019-11-18 04:03:15,333 [main] INFO  handler.ContextHandler (ContextHandler.java:doStart(781)) - Started o.e.j.s.ServletContextHandler@6cc86152{/static,jar:file:/home/user/.m2/repository/org/apache/hadoop/hadoop-hdds-container-service/0.5.0-SNAPSHOT/hadoop-hdds-container-service-0.5.0-SNAPSHOT.jar!/webapps/static,AVAILABLE}
2019-11-18 04:03:15,379 [main] INFO  handler.ContextHandler (ContextHandler.java:doStart(781)) - Started o.e.j.w.WebAppContext@121bb45b{/,file:///tmp/jetty-0.0.0.0-41710-hddsDatanode-_-any-843351009065249318.dir/webapp/,AVAILABLE}{/hddsDatanode}
2019-11-18 04:03:15,380 [main] INFO  server.AbstractConnector (AbstractConnector.java:doStart(278)) - Started ServerConnector@4faa298{HTTP/1.1,[http/1.1]}{0.0.0.0:41710}
2019-11-18 04:03:15,381 [main] INFO  server.Server (Server.java:doStart(419)) - Started @5142ms
2019-11-18 04:03:15,381 [main] WARN  impl.MetricsSystemImpl (MetricsSystemImpl.java:register(276)) - Sink prometheus already exists!
2019-11-18 04:03:15,383 [main] INFO  server.BaseHttpServer (BaseHttpServer.java:updateConnectorAddress(215)) - HTTP server of HDDSDATANODE is listening at http://0.0.0.0:41710
2019-11-18 04:03:15,383 [main] INFO  impl.MetricsSystemImpl (MetricsSystemImpl.java:init(158)) - HddsDatanode metrics system started (again)
2019-11-18 04:03:15,387 [org.apache.hadoop.util.JvmPauseMonitor$Monitor@2e23da9e] INFO  util.JvmPauseMonitor (JvmPauseMonitor.java:run(188)) - Starting JVM pause monitor
2019-11-18 04:03:15,387 [main] INFO  ozone.HddsDatanodeService (HddsDatanodeService.java:start(186)) - HddsDatanodeService host:pr-hdds-2386-sqzzd-3930412762 ip:192.168.69.70
2019-11-18 04:03:15,390 [Datanode State Machine Thread - 0] INFO  datanode.InitDatanodeState (InitDatanodeState.java:persistContainerDatanodeDetails(140)) - DatanodeDetails is persisted to /workdir/hadoop-ozone/integration-test/target/test-dir/MiniOzoneClusterImpl-1c214b3a-49ad-4877-b4c4-a160cd444fc4/datanode-4/meta/datanode.id
2019-11-18 04:03:15,397 [main] INFO  volume.HddsVolume (HddsVolume.java:<init>(176)) - Creating Volume: /workdir/hadoop-ozone/integration-test/target/test-dir/MiniOzoneClusterImpl-1c214b3a-49ad-4877-b4c4-a160cd444fc4/datanode-5/data/containers/hdds of  storage type : DISK and capacity : 1482555576320
2019-11-18 04:03:15,397 [main] INFO  volume.VolumeSet (VolumeSet.java:initializeVolumeSet(170)) - Added Volume : /workdir/hadoop-ozone/integration-test/target/test-dir/MiniOzoneClusterImpl-1c214b3a-49ad-4877-b4c4-a160cd444fc4/datanode-5/data/containers/hdds to VolumeSet
2019-11-18 04:03:15,398 [main] INFO  volume.ThrottledAsyncChecker (ThrottledAsyncChecker.java:schedule(141)) - Scheduling a check for /workdir/hadoop-ozone/integration-test/target/test-dir/MiniOzoneClusterImpl-1c214b3a-49ad-4877-b4c4-a160cd444fc4/datanode-5/data/containers/hdds
2019-11-18 04:03:15,398 [main] INFO  volume.HddsVolumeChecker (HddsVolumeChecker.java:checkAllVolumes(204)) - Scheduled health check for volume /workdir/hadoop-ozone/integration-test/target/test-dir/MiniOzoneClusterImpl-1c214b3a-49ad-4877-b4c4-a160cd444fc4/datanode-5/data/containers/hdds
2019-11-18 04:03:15,415 [main] INFO  impl.RaftServerProxy (ConfUtils.java:logGet(43)) - raft.rpc.type = GRPC (default)
2019-11-18 04:03:15,415 [main] INFO  grpc.GrpcFactory (GrpcFactory.java:checkPooledByteBufAllocatorUseCacheForAllThreads(45)) - PERFORMANCE WARNING: useCacheForAllThreads is true that may cause Netty to create a lot garbage objects and, as a result, trigger GC.
	It is recommended to disable useCacheForAllThreads by setting -Dorg.apache.ratis.thirdparty.io.netty.allocator.useCacheForAllThreads=false in command line.
2019-11-18 04:03:15,416 [main] INFO  grpc.GrpcConfigKeys$Server (ConfUtils.java:logGet(43)) - raft.grpc.server.port = 0 (default)
2019-11-18 04:03:15,416 [main] INFO  server.GrpcService (ConfUtils.java:logGet(43)) - raft.grpc.message.size.max = 33570816 (custom)
2019-11-18 04:03:15,416 [main] INFO  server.RaftServerConfigKeys (ConfUtils.java:logGet(43)) - raft.server.log.appender.buffer.byte-limit = 33554432 (custom)
2019-11-18 04:03:15,416 [main] INFO  server.GrpcService (ConfUtils.java:logGet(43)) - raft.grpc.flow.control.window = 1MB (=1048576) (default)
2019-11-18 04:03:15,417 [main] INFO  server.RaftServerConfigKeys (ConfUtils.java:logGet(43)) - raft.server.rpc.request.timeout = 3000ms (default)
2019-11-18 04:03:15,417 [main] INFO  server.RaftServerConfigKeys (ConfUtils.java:logGet(43)) - raft.server.storage.dir = [/workdir/hadoop-ozone/integration-test/target/test-dir/MiniOzoneClusterImpl-1c214b3a-49ad-4877-b4c4-a160cd444fc4/datanode-5/data/ratis] (custom)
2019-11-18 04:03:15,420 [main] INFO  hdfs.DFSUtil (DFSUtil.java:httpServerTemplateForNNAndJN(1641)) - Starting Web-server for hddsDatanode at: http://0.0.0.0:0
2019-11-18 04:03:15,421 [main] INFO  server.AuthenticationFilter (AuthenticationFilter.java:constructSecretProvider(240)) - Unable to initialize FileSignerSecretProvider, falling back to use random secrets.
2019-11-18 04:03:15,422 [main] WARN  http.HttpRequestLog (HttpRequestLog.java:getRequestLog(97)) - Jetty request log can only be enabled using Log4j
2019-11-18 04:03:15,423 [main] INFO  http.HttpServer2 (HttpServer2.java:addGlobalFilter(975)) - Added global filter 'safety' (class=org.apache.hadoop.http.HttpServer2$QuotingInputFilter)
2019-11-18 04:03:15,424 [main] INFO  http.HttpServer2 (HttpServer2.java:addFilter(948)) - Added filter static_user_filter (class=org.apache.hadoop.http.lib.StaticUserWebFilter$StaticUserFilter) to context hddsDatanode
2019-11-18 04:03:15,424 [main] INFO  http.HttpServer2 (HttpServer2.java:addFilter(958)) - Added filter static_user_filter (class=org.apache.hadoop.http.lib.StaticUserWebFilter$StaticUserFilter) to context static
2019-11-18 04:03:15,425 [main] INFO  http.HttpServer2 (HttpServer2.java:addFilter(958)) - Added filter static_user_filter (class=org.apache.hadoop.http.lib.StaticUserWebFilter$StaticUserFilter) to context logs
2019-11-18 04:03:15,426 [main] INFO  http.HttpServer2 (HttpServer2.java:bindListener(1191)) - Jetty bound to port 36888
2019-11-18 04:03:15,426 [main] INFO  server.Server (Server.java:doStart(351)) - jetty-9.3.25.v20180904, build timestamp: 2018-09-04T21:11:46Z, git hash: 3ce520221d0240229c862b122d2b06c12a625732
2019-11-18 04:03:15,428 [main] INFO  handler.ContextHandler (ContextHandler.java:doStart(781)) - Started o.e.j.s.ServletContextHandler@36c2b646{/logs,file:///workdir/hadoop-ozone/integration-test/target/log,AVAILABLE}
2019-11-18 04:03:15,428 [main] INFO  handler.ContextHandler (ContextHandler.java:doStart(781)) - Started o.e.j.s.ServletContextHandler@6b1dc20f{/static,jar:file:/home/user/.m2/repository/org/apache/hadoop/hadoop-hdds-container-service/0.5.0-SNAPSHOT/hadoop-hdds-container-service-0.5.0-SNAPSHOT.jar!/webapps/static,AVAILABLE}
2019-11-18 04:03:15,470 [main] INFO  handler.ContextHandler (ContextHandler.java:doStart(781)) - Started o.e.j.w.WebAppContext@7640a5b1{/,file:///tmp/jetty-0.0.0.0-36888-hddsDatanode-_-any-1653257611350083273.dir/webapp/,AVAILABLE}{/hddsDatanode}
2019-11-18 04:03:15,472 [main] INFO  server.AbstractConnector (AbstractConnector.java:doStart(278)) - Started ServerConnector@642f9a77{HTTP/1.1,[http/1.1]}{0.0.0.0:36888}
2019-11-18 04:03:15,473 [main] INFO  server.Server (Server.java:doStart(419)) - Started @5234ms
2019-11-18 04:03:15,473 [main] WARN  impl.MetricsSystemImpl (MetricsSystemImpl.java:register(276)) - Sink prometheus already exists!
2019-11-18 04:03:15,475 [main] INFO  server.BaseHttpServer (BaseHttpServer.java:updateConnectorAddress(215)) - HTTP server of HDDSDATANODE is listening at http://0.0.0.0:36888
2019-11-18 04:03:15,477 [main] INFO  ozone.MiniOzoneClusterImpl (MiniOzoneClusterImpl.java:lambda$waitForClusterToBeReady$0(150)) - Waiting for nodes to be ready. Got 0 of 6 DN Heartbeats.
2019-11-18 04:03:15,477 [main] INFO  ozone.MiniOzoneClusterImpl (MiniOzoneClusterImpl.java:lambda$waitForClusterToBeReady$0(153)) - Waiting for cluster to exit safe mode
2019-11-18 04:03:15,478 [org.apache.hadoop.util.JvmPauseMonitor$Monitor@694a0a2c] INFO  util.JvmPauseMonitor (JvmPauseMonitor.java:run(188)) - Starting JVM pause monitor
2019-11-18 04:03:15,480 [Datanode State Machine Thread - 0] INFO  datanode.InitDatanodeState (InitDatanodeState.java:persistContainerDatanodeDetails(140)) - DatanodeDetails is persisted to /workdir/hadoop-ozone/integration-test/target/test-dir/MiniOzoneClusterImpl-1c214b3a-49ad-4877-b4c4-a160cd444fc4/datanode-5/meta/datanode.id
2019-11-18 04:03:16,478 [main] INFO  ozone.MiniOzoneClusterImpl (MiniOzoneClusterImpl.java:lambda$waitForClusterToBeReady$0(150)) - Waiting for nodes to be ready. Got 0 of 6 DN Heartbeats.
2019-11-18 04:03:16,478 [main] INFO  ozone.MiniOzoneClusterImpl (MiniOzoneClusterImpl.java:lambda$waitForClusterToBeReady$0(153)) - Waiting for cluster to exit safe mode
2019-11-18 04:03:17,331 [Datanode State Machine Thread - 0] INFO  ozoneimpl.OzoneContainer (OzoneContainer.java:start(230)) - Attempting to start container services.
2019-11-18 04:03:17,332 [Datanode State Machine Thread - 0] INFO  ozoneimpl.OzoneContainer (OzoneContainer.java:start(230)) - Attempting to start container services.
2019-11-18 04:03:17,333 [Datanode State Machine Thread - 0] INFO  ozoneimpl.OzoneContainer (OzoneContainer.java:start(230)) - Attempting to start container services.
2019-11-18 04:03:17,333 [Datanode State Machine Thread - 0] INFO  ozoneimpl.OzoneContainer (OzoneContainer.java:start(230)) - Attempting to start container services.
2019-11-18 04:03:17,338 [Datanode State Machine Thread - 0] INFO  ozoneimpl.OzoneContainer (OzoneContainer.java:startContainerScrub(194)) - Background container scanner has been disabled.
2019-11-18 04:03:17,338 [Datanode State Machine Thread - 0] INFO  ozoneimpl.OzoneContainer (OzoneContainer.java:startContainerScrub(194)) - Background container scanner has been disabled.
2019-11-18 04:03:17,338 [Datanode State Machine Thread - 0] INFO  ozoneimpl.OzoneContainer (OzoneContainer.java:startContainerScrub(194)) - Background container scanner has been disabled.
2019-11-18 04:03:17,338 [Datanode State Machine Thread - 0] INFO  ratis.XceiverServerRatis (XceiverServerRatis.java:start(422)) - Starting XceiverServerRatis b123ecd9-da94-41d9-8a96-a25e891cf121 at port 0
2019-11-18 04:03:17,338 [Datanode State Machine Thread - 0] INFO  ratis.XceiverServerRatis (XceiverServerRatis.java:start(422)) - Starting XceiverServerRatis c1ab1948-bd06-494c-87a2-454d3d798b2a at port 0
2019-11-18 04:03:17,338 [Datanode State Machine Thread - 0] INFO  ozoneimpl.OzoneContainer (OzoneContainer.java:startContainerScrub(194)) - Background container scanner has been disabled.
2019-11-18 04:03:17,340 [Datanode State Machine Thread - 0] INFO  ratis.XceiverServerRatis (XceiverServerRatis.java:start(422)) - Starting XceiverServerRatis 7b4427c1-b0d7-4726-b5d2-64b1e42b78f8 at port 0
2019-11-18 04:03:17,339 [Datanode State Machine Thread - 0] INFO  ratis.XceiverServerRatis (XceiverServerRatis.java:start(422)) - Starting XceiverServerRatis 3e1e5366-7a40-4813-bf9e-d655d75c6ea3 at port 0
2019-11-18 04:03:17,384 [Datanode State Machine Thread - 0] INFO  impl.RaftServerProxy (RaftServerProxy.java:lambda$start$3(299)) - b123ecd9-da94-41d9-8a96-a25e891cf121: start RPC server
2019-11-18 04:03:17,384 [Datanode State Machine Thread - 0] INFO  impl.RaftServerProxy (RaftServerProxy.java:lambda$start$3(299)) - 7b4427c1-b0d7-4726-b5d2-64b1e42b78f8: start RPC server
2019-11-18 04:03:17,384 [Datanode State Machine Thread - 0] INFO  impl.RaftServerProxy (RaftServerProxy.java:lambda$start$3(299)) - c1ab1948-bd06-494c-87a2-454d3d798b2a: start RPC server
2019-11-18 04:03:17,384 [Datanode State Machine Thread - 0] INFO  impl.RaftServerProxy (RaftServerProxy.java:lambda$start$3(299)) - 3e1e5366-7a40-4813-bf9e-d655d75c6ea3: start RPC server
2019-11-18 04:03:17,411 [Datanode State Machine Thread - 0] INFO  ozoneimpl.OzoneContainer (OzoneContainer.java:start(230)) - Attempting to start container services.
2019-11-18 04:03:17,415 [Datanode State Machine Thread - 0] INFO  ozoneimpl.OzoneContainer (OzoneContainer.java:startContainerScrub(194)) - Background container scanner has been disabled.
2019-11-18 04:03:17,415 [Datanode State Machine Thread - 0] INFO  ratis.XceiverServerRatis (XceiverServerRatis.java:start(422)) - Starting XceiverServerRatis 8a75d567-d87d-444b-bd42-22fe60317c43 at port 0
2019-11-18 04:03:17,424 [Datanode State Machine Thread - 0] INFO  impl.RaftServerProxy (RaftServerProxy.java:lambda$start$3(299)) - 8a75d567-d87d-444b-bd42-22fe60317c43: start RPC server
2019-11-18 04:03:17,479 [main] INFO  ozone.MiniOzoneClusterImpl (MiniOzoneClusterImpl.java:lambda$waitForClusterToBeReady$0(150)) - Waiting for nodes to be ready. Got 0 of 6 DN Heartbeats.
2019-11-18 04:03:17,479 [main] INFO  ozone.MiniOzoneClusterImpl (MiniOzoneClusterImpl.java:lambda$waitForClusterToBeReady$0(153)) - Waiting for cluster to exit safe mode
2019-11-18 04:03:17,498 [Datanode State Machine Thread - 0] INFO  ozoneimpl.OzoneContainer (OzoneContainer.java:start(230)) - Attempting to start container services.
2019-11-18 04:03:17,499 [Datanode State Machine Thread - 0] INFO  ozoneimpl.OzoneContainer (OzoneContainer.java:startContainerScrub(194)) - Background container scanner has been disabled.
2019-11-18 04:03:17,499 [Datanode State Machine Thread - 0] INFO  ratis.XceiverServerRatis (XceiverServerRatis.java:start(422)) - Starting XceiverServerRatis d5e7d411-50f4-47f9-b29f-7896844347c8 at port 0
2019-11-18 04:03:17,508 [Datanode State Machine Thread - 0] INFO  impl.RaftServerProxy (RaftServerProxy.java:lambda$start$3(299)) - d5e7d411-50f4-47f9-b29f-7896844347c8: start RPC server
2019-11-18 04:03:17,534 [Datanode State Machine Thread - 0] INFO  server.GrpcService (GrpcService.java:startImpl(158)) - c1ab1948-bd06-494c-87a2-454d3d798b2a: GrpcService started, listening on 0.0.0.0/0.0.0.0:35897
2019-11-18 04:03:17,534 [Datanode State Machine Thread - 0] INFO  server.GrpcService (GrpcService.java:startImpl(158)) - 3e1e5366-7a40-4813-bf9e-d655d75c6ea3: GrpcService started, listening on 0.0.0.0/0.0.0.0:40711
2019-11-18 04:03:17,535 [Datanode State Machine Thread - 0] INFO  ratis.XceiverServerRatis (XceiverServerRatis.java:start(432)) - XceiverServerRatis c1ab1948-bd06-494c-87a2-454d3d798b2a is started using port 35897
2019-11-18 04:03:17,534 [Datanode State Machine Thread - 0] INFO  server.GrpcService (GrpcService.java:startImpl(158)) - b123ecd9-da94-41d9-8a96-a25e891cf121: GrpcService started, listening on 0.0.0.0/0.0.0.0:39520
2019-11-18 04:03:17,534 [Datanode State Machine Thread - 0] INFO  server.GrpcService (GrpcService.java:startImpl(158)) - 8a75d567-d87d-444b-bd42-22fe60317c43: GrpcService started, listening on 0.0.0.0/0.0.0.0:37667
2019-11-18 04:03:17,534 [Datanode State Machine Thread - 0] INFO  server.GrpcService (GrpcService.java:startImpl(158)) - d5e7d411-50f4-47f9-b29f-7896844347c8: GrpcService started, listening on 0.0.0.0/0.0.0.0:34768
2019-11-18 04:03:17,534 [Datanode State Machine Thread - 0] INFO  server.GrpcService (GrpcService.java:startImpl(158)) - 7b4427c1-b0d7-4726-b5d2-64b1e42b78f8: GrpcService started, listening on 0.0.0.0/0.0.0.0:45450
2019-11-18 04:03:17,536 [Datanode State Machine Thread - 0] INFO  ratis.XceiverServerRatis (XceiverServerRatis.java:start(432)) - XceiverServerRatis d5e7d411-50f4-47f9-b29f-7896844347c8 is started using port 34768
2019-11-18 04:03:17,535 [Datanode State Machine Thread - 0] INFO  ratis.XceiverServerRatis (XceiverServerRatis.java:start(432)) - XceiverServerRatis 8a75d567-d87d-444b-bd42-22fe60317c43 is started using port 37667
2019-11-18 04:03:17,535 [Datanode State Machine Thread - 0] INFO  ratis.XceiverServerRatis (XceiverServerRatis.java:start(432)) - XceiverServerRatis b123ecd9-da94-41d9-8a96-a25e891cf121 is started using port 39520
2019-11-18 04:03:17,535 [Datanode State Machine Thread - 0] INFO  ratis.XceiverServerRatis (XceiverServerRatis.java:start(432)) - XceiverServerRatis 3e1e5366-7a40-4813-bf9e-d655d75c6ea3 is started using port 40711
2019-11-18 04:03:17,536 [Datanode State Machine Thread - 0] INFO  ratis.XceiverServerRatis (XceiverServerRatis.java:start(432)) - XceiverServerRatis 7b4427c1-b0d7-4726-b5d2-64b1e42b78f8 is started using port 45450
2019-11-18 04:03:17,541 [Datanode State Machine Thread - 0] INFO  server.XceiverServerGrpc (XceiverServerGrpc.java:start(145)) - XceiverServerGrpc c1ab1948-bd06-494c-87a2-454d3d798b2a is started using port 46098
2019-11-18 04:03:17,542 [Datanode State Machine Thread - 0] INFO  server.XceiverServerGrpc (XceiverServerGrpc.java:start(145)) - XceiverServerGrpc 8a75d567-d87d-444b-bd42-22fe60317c43 is started using port 40627
2019-11-18 04:03:17,545 [Datanode State Machine Thread - 0] INFO  server.XceiverServerGrpc (XceiverServerGrpc.java:start(145)) - XceiverServerGrpc d5e7d411-50f4-47f9-b29f-7896844347c8 is started using port 42503
2019-11-18 04:03:17,546 [Datanode State Machine Thread - 0] INFO  server.XceiverServerGrpc (XceiverServerGrpc.java:start(145)) - XceiverServerGrpc b123ecd9-da94-41d9-8a96-a25e891cf121 is started using port 34205
2019-11-18 04:03:17,546 [Datanode State Machine Thread - 0] INFO  server.XceiverServerGrpc (XceiverServerGrpc.java:start(145)) - XceiverServerGrpc 3e1e5366-7a40-4813-bf9e-d655d75c6ea3 is started using port 44764
2019-11-18 04:03:17,546 [Datanode State Machine Thread - 0] INFO  server.XceiverServerGrpc (XceiverServerGrpc.java:start(145)) - XceiverServerGrpc 7b4427c1-b0d7-4726-b5d2-64b1e42b78f8 is started using port 37924
2019-11-18 04:03:18,479 [main] INFO  ozone.MiniOzoneClusterImpl (MiniOzoneClusterImpl.java:lambda$waitForClusterToBeReady$0(150)) - Waiting for nodes to be ready. Got 0 of 6 DN Heartbeats.
2019-11-18 04:03:18,480 [main] INFO  ozone.MiniOzoneClusterImpl (MiniOzoneClusterImpl.java:lambda$waitForClusterToBeReady$0(153)) - Waiting for cluster to exit safe mode
2019-11-18 04:03:19,034 [IPC Server handler 0 on 45535] INFO  net.NetworkTopology (NetworkTopologyImpl.java:add(111)) - Added a new node: /default-rack/c1ab1948-bd06-494c-87a2-454d3d798b2a
2019-11-18 04:03:19,034 [IPC Server handler 0 on 45535] INFO  node.SCMNodeManager (SCMNodeManager.java:register(267)) - Registered Data node : c1ab1948-bd06-494c-87a2-454d3d798b2a{ip: 192.168.69.70, host: pr-hdds-2386-sqzzd-3930412762, networkLocation: /default-rack, certSerialId: null}
2019-11-18 04:03:19,036 [EventQueue-NodeRegistrationContainerReportForContainerSafeModeRule] INFO  safemode.SCMSafeModeManager (SCMSafeModeManager.java:validateSafeModeExitRules(176)) - ContainerSafeModeRule rule is successfully validated
2019-11-18 04:03:19,037 [EventQueue-NodeRegistrationContainerReportForDataNodeSafeModeRule] INFO  safemode.SCMSafeModeManager (DataNodeSafeModeRule.java:process(71)) - SCM in safe mode. 1 DataNodes registered, 1 required.
2019-11-18 04:03:19,037 [EventQueue-NodeRegistrationContainerReportForDataNodeSafeModeRule] INFO  safemode.SCMSafeModeManager (SCMSafeModeManager.java:validateSafeModeExitRules(176)) - DataNodeSafeModeRule rule is successfully validated
2019-11-18 04:03:19,041 [RatisPipelineUtilsThread] INFO  pipeline.RatisPipelineProvider (RatisPipelineProvider.java:lambda$create$4(163)) - Send pipeline:PipelineID=63b24fc7-0b5d-4e44-96a7-24d9acdf2f1c create command to datanode c1ab1948-bd06-494c-87a2-454d3d798b2a
2019-11-18 04:03:19,053 [RatisPipelineUtilsThread] INFO  pipeline.PipelineStateManager (PipelineStateManager.java:addPipeline(55)) - Created pipeline Pipeline[ Id: 63b24fc7-0b5d-4e44-96a7-24d9acdf2f1c, Nodes: c1ab1948-bd06-494c-87a2-454d3d798b2a{ip: 192.168.69.70, host: pr-hdds-2386-sqzzd-3930412762, networkLocation: /default-rack, certSerialId: null}, Type:RATIS, Factor:ONE, State:ALLOCATED]
2019-11-18 04:03:19,096 [IPC Server handler 1 on 45535] INFO  net.NetworkTopology (NetworkTopologyImpl.java:add(111)) - Added a new node: /default-rack/3e1e5366-7a40-4813-bf9e-d655d75c6ea3
2019-11-18 04:03:19,096 [IPC Server handler 1 on 45535] INFO  node.SCMNodeManager (SCMNodeManager.java:register(267)) - Registered Data node : 3e1e5366-7a40-4813-bf9e-d655d75c6ea3{ip: 192.168.69.70, host: pr-hdds-2386-sqzzd-3930412762, networkLocation: /default-rack, certSerialId: null}
2019-11-18 04:03:19,097 [EventQueue-NodeRegistrationContainerReportForDataNodeSafeModeRule] INFO  safemode.SCMSafeModeManager (SCMSafeModeManager.java:validateSafeModeExitRules(176)) - DataNodeSafeModeRule rule is successfully validated
2019-11-18 04:03:19,097 [EventQueue-NodeRegistrationContainerReportForContainerSafeModeRule] INFO  safemode.SCMSafeModeManager (SCMSafeModeManager.java:validateSafeModeExitRules(176)) - ContainerSafeModeRule rule is successfully validated
2019-11-18 04:03:19,098 [RatisPipelineUtilsThread] INFO  pipeline.RatisPipelineProvider (RatisPipelineProvider.java:lambda$create$4(163)) - Send pipeline:PipelineID=acfeb93b-0eae-43c0-a0ee-3ea9f489a597 create command to datanode 3e1e5366-7a40-4813-bf9e-d655d75c6ea3
2019-11-18 04:03:19,099 [RatisPipelineUtilsThread] INFO  pipeline.PipelineStateManager (PipelineStateManager.java:addPipeline(55)) - Created pipeline Pipeline[ Id: acfeb93b-0eae-43c0-a0ee-3ea9f489a597, Nodes: 3e1e5366-7a40-4813-bf9e-d655d75c6ea3{ip: 192.168.69.70, host: pr-hdds-2386-sqzzd-3930412762, networkLocation: /default-rack, certSerialId: null}, Type:RATIS, Factor:ONE, State:ALLOCATED]
2019-11-18 04:03:19,208 [IPC Server handler 2 on 45535] INFO  net.NetworkTopology (NetworkTopologyImpl.java:add(111)) - Added a new node: /default-rack/7b4427c1-b0d7-4726-b5d2-64b1e42b78f8
2019-11-18 04:03:19,208 [IPC Server handler 2 on 45535] INFO  node.SCMNodeManager (SCMNodeManager.java:register(267)) - Registered Data node : 7b4427c1-b0d7-4726-b5d2-64b1e42b78f8{ip: 192.168.69.70, host: pr-hdds-2386-sqzzd-3930412762, networkLocation: /default-rack, certSerialId: null}
2019-11-18 04:03:19,209 [RatisPipelineUtilsThread] INFO  pipeline.RatisPipelineProvider (RatisPipelineProvider.java:lambda$create$4(163)) - Send pipeline:PipelineID=1d550e55-74fd-4165-b387-5d4031214bb5 create command to datanode 7b4427c1-b0d7-4726-b5d2-64b1e42b78f8
2019-11-18 04:03:19,209 [EventQueue-NodeRegistrationContainerReportForDataNodeSafeModeRule] INFO  safemode.SCMSafeModeManager (SCMSafeModeManager.java:validateSafeModeExitRules(176)) - DataNodeSafeModeRule rule is successfully validated
2019-11-18 04:03:19,209 [EventQueue-NodeRegistrationContainerReportForContainerSafeModeRule] INFO  safemode.SCMSafeModeManager (SCMSafeModeManager.java:validateSafeModeExitRules(176)) - ContainerSafeModeRule rule is successfully validated
2019-11-18 04:03:19,210 [RatisPipelineUtilsThread] INFO  pipeline.PipelineStateManager (PipelineStateManager.java:addPipeline(55)) - Created pipeline Pipeline[ Id: 1d550e55-74fd-4165-b387-5d4031214bb5, Nodes: 7b4427c1-b0d7-4726-b5d2-64b1e42b78f8{ip: 192.168.69.70, host: pr-hdds-2386-sqzzd-3930412762, networkLocation: /default-rack, certSerialId: null}, Type:RATIS, Factor:ONE, State:ALLOCATED]
2019-11-18 04:03:19,211 [RatisPipelineUtilsThread] INFO  pipeline.RatisPipelineProvider (RatisPipelineProvider.java:lambda$create$4(163)) - Send pipeline:PipelineID=36dc783b-6e58-4416-920c-c20dcc66496c create command to datanode 7b4427c1-b0d7-4726-b5d2-64b1e42b78f8
2019-11-18 04:03:19,212 [RatisPipelineUtilsThread] INFO  pipeline.RatisPipelineProvider (RatisPipelineProvider.java:lambda$create$4(163)) - Send pipeline:PipelineID=36dc783b-6e58-4416-920c-c20dcc66496c create command to datanode c1ab1948-bd06-494c-87a2-454d3d798b2a
2019-11-18 04:03:19,212 [RatisPipelineUtilsThread] INFO  pipeline.RatisPipelineProvider (RatisPipelineProvider.java:lambda$create$4(163)) - Send pipeline:PipelineID=36dc783b-6e58-4416-920c-c20dcc66496c create command to datanode 3e1e5366-7a40-4813-bf9e-d655d75c6ea3
2019-11-18 04:03:19,213 [RatisPipelineUtilsThread] INFO  pipeline.PipelineStateManager (PipelineStateManager.java:addPipeline(55)) - Created pipeline Pipeline[ Id: 36dc783b-6e58-4416-920c-c20dcc66496c, Nodes: 7b4427c1-b0d7-4726-b5d2-64b1e42b78f8{ip: 192.168.69.70, host: pr-hdds-2386-sqzzd-3930412762, networkLocation: /default-rack, certSerialId: null}c1ab1948-bd06-494c-87a2-454d3d798b2a{ip: 192.168.69.70, host: pr-hdds-2386-sqzzd-3930412762, networkLocation: /default-rack, certSerialId: null}3e1e5366-7a40-4813-bf9e-d655d75c6ea3{ip: 192.168.69.70, host: pr-hdds-2386-sqzzd-3930412762, networkLocation: /default-rack, certSerialId: null}, Type:RATIS, Factor:THREE, State:ALLOCATED]
2019-11-18 04:03:19,297 [IPC Server handler 3 on 45535] INFO  net.NetworkTopology (NetworkTopologyImpl.java:add(111)) - Added a new node: /default-rack/b123ecd9-da94-41d9-8a96-a25e891cf121
2019-11-18 04:03:19,298 [IPC Server handler 3 on 45535] INFO  node.SCMNodeManager (SCMNodeManager.java:register(267)) - Registered Data node : b123ecd9-da94-41d9-8a96-a25e891cf121{ip: 192.168.69.70, host: pr-hdds-2386-sqzzd-3930412762, networkLocation: /default-rack, certSerialId: null}
2019-11-18 04:03:19,298 [EventQueue-NodeRegistrationContainerReportForContainerSafeModeRule] INFO  safemode.SCMSafeModeManager (SCMSafeModeManager.java:validateSafeModeExitRules(176)) - ContainerSafeModeRule rule is successfully validated
2019-11-18 04:03:19,299 [EventQueue-NodeRegistrationContainerReportForDataNodeSafeModeRule] INFO  safemode.SCMSafeModeManager (SCMSafeModeManager.java:validateSafeModeExitRules(176)) - DataNodeSafeModeRule rule is successfully validated
2019-11-18 04:03:19,299 [RatisPipelineUtilsThread] INFO  pipeline.RatisPipelineProvider (RatisPipelineProvider.java:lambda$create$4(163)) - Send pipeline:PipelineID=8f766589-66d5-4acf-af20-c1b985b648d2 create command to datanode b123ecd9-da94-41d9-8a96-a25e891cf121
2019-11-18 04:03:19,300 [RatisPipelineUtilsThread] INFO  pipeline.PipelineStateManager (PipelineStateManager.java:addPipeline(55)) - Created pipeline Pipeline[ Id: 8f766589-66d5-4acf-af20-c1b985b648d2, Nodes: b123ecd9-da94-41d9-8a96-a25e891cf121{ip: 192.168.69.70, host: pr-hdds-2386-sqzzd-3930412762, networkLocation: /default-rack, certSerialId: null}, Type:RATIS, Factor:ONE, State:ALLOCATED]
2019-11-18 04:03:19,394 [IPC Server handler 4 on 45535] INFO  net.NetworkTopology (NetworkTopologyImpl.java:add(111)) - Added a new node: /default-rack/8a75d567-d87d-444b-bd42-22fe60317c43
2019-11-18 04:03:19,394 [IPC Server handler 4 on 45535] INFO  node.SCMNodeManager (SCMNodeManager.java:register(267)) - Registered Data node : 8a75d567-d87d-444b-bd42-22fe60317c43{ip: 192.168.69.70, host: pr-hdds-2386-sqzzd-3930412762, networkLocation: /default-rack, certSerialId: null}
2019-11-18 04:03:19,394 [RatisPipelineUtilsThread] INFO  pipeline.RatisPipelineProvider (RatisPipelineProvider.java:lambda$create$4(163)) - Send pipeline:PipelineID=0eb9a05e-5a2d-4e7c-8e7e-d38b73652fd8 create command to datanode 8a75d567-d87d-444b-bd42-22fe60317c43
2019-11-18 04:03:19,394 [EventQueue-NodeRegistrationContainerReportForDataNodeSafeModeRule] INFO  safemode.SCMSafeModeManager (SCMSafeModeManager.java:validateSafeModeExitRules(176)) - DataNodeSafeModeRule rule is successfully validated
2019-11-18 04:03:19,395 [EventQueue-NodeRegistrationContainerReportForContainerSafeModeRule] INFO  safemode.SCMSafeModeManager (SCMSafeModeManager.java:validateSafeModeExitRules(176)) - ContainerSafeModeRule rule is successfully validated
2019-11-18 04:03:19,395 [RatisPipelineUtilsThread] INFO  pipeline.PipelineStateManager (PipelineStateManager.java:addPipeline(55)) - Created pipeline Pipeline[ Id: 0eb9a05e-5a2d-4e7c-8e7e-d38b73652fd8, Nodes: 8a75d567-d87d-444b-bd42-22fe60317c43{ip: 192.168.69.70, host: pr-hdds-2386-sqzzd-3930412762, networkLocation: /default-rack, certSerialId: null}, Type:RATIS, Factor:ONE, State:ALLOCATED]
2019-11-18 04:03:19,482 [main] INFO  ozone.MiniOzoneClusterImpl (MiniOzoneClusterImpl.java:lambda$waitForClusterToBeReady$0(150)) - Waiting for nodes to be ready. Got 5 of 6 DN Heartbeats.
2019-11-18 04:03:19,482 [main] INFO  ozone.MiniOzoneClusterImpl (MiniOzoneClusterImpl.java:lambda$waitForClusterToBeReady$0(153)) - Waiting for cluster to exit safe mode
2019-11-18 04:03:19,483 [IPC Server handler 6 on 45535] INFO  net.NetworkTopology (NetworkTopologyImpl.java:add(111)) - Added a new node: /default-rack/d5e7d411-50f4-47f9-b29f-7896844347c8
2019-11-18 04:03:19,483 [IPC Server handler 6 on 45535] INFO  node.SCMNodeManager (SCMNodeManager.java:register(267)) - Registered Data node : d5e7d411-50f4-47f9-b29f-7896844347c8{ip: 192.168.69.70, host: pr-hdds-2386-sqzzd-3930412762, networkLocation: /default-rack, certSerialId: null}
2019-11-18 04:03:19,483 [EventQueue-NodeRegistrationContainerReportForContainerSafeModeRule] INFO  safemode.SCMSafeModeManager (SCMSafeModeManager.java:validateSafeModeExitRules(176)) - ContainerSafeModeRule rule is successfully validated
2019-11-18 04:03:19,483 [EventQueue-NodeRegistrationContainerReportForDataNodeSafeModeRule] INFO  safemode.SCMSafeModeManager (SCMSafeModeManager.java:validateSafeModeExitRules(176)) - DataNodeSafeModeRule rule is successfully validated
2019-11-18 04:03:19,483 [RatisPipelineUtilsThread] INFO  pipeline.RatisPipelineProvider (RatisPipelineProvider.java:lambda$create$4(163)) - Send pipeline:PipelineID=ea952dbf-88c6-4fa4-8186-9f7c958a7443 create command to datanode d5e7d411-50f4-47f9-b29f-7896844347c8
2019-11-18 04:03:19,484 [RatisPipelineUtilsThread] INFO  pipeline.PipelineStateManager (PipelineStateManager.java:addPipeline(55)) - Created pipeline Pipeline[ Id: ea952dbf-88c6-4fa4-8186-9f7c958a7443, Nodes: d5e7d411-50f4-47f9-b29f-7896844347c8{ip: 192.168.69.70, host: pr-hdds-2386-sqzzd-3930412762, networkLocation: /default-rack, certSerialId: null}, Type:RATIS, Factor:ONE, State:ALLOCATED]
2019-11-18 04:03:19,486 [RatisPipelineUtilsThread] INFO  pipeline.RatisPipelineProvider (RatisPipelineProvider.java:lambda$create$4(163)) - Send pipeline:PipelineID=2d2fe9e4-643b-4b89-841f-3ec874524c2e create command to datanode b123ecd9-da94-41d9-8a96-a25e891cf121
2019-11-18 04:03:19,486 [RatisPipelineUtilsThread] INFO  pipeline.RatisPipelineProvider (RatisPipelineProvider.java:lambda$create$4(163)) - Send pipeline:PipelineID=2d2fe9e4-643b-4b89-841f-3ec874524c2e create command to datanode d5e7d411-50f4-47f9-b29f-7896844347c8
2019-11-18 04:03:19,486 [RatisPipelineUtilsThread] INFO  pipeline.RatisPipelineProvider (RatisPipelineProvider.java:lambda$create$4(163)) - Send pipeline:PipelineID=2d2fe9e4-643b-4b89-841f-3ec874524c2e create command to datanode 8a75d567-d87d-444b-bd42-22fe60317c43
2019-11-18 04:03:19,487 [RatisPipelineUtilsThread] INFO  pipeline.PipelineStateManager (PipelineStateManager.java:addPipeline(55)) - Created pipeline Pipeline[ Id: 2d2fe9e4-643b-4b89-841f-3ec874524c2e, Nodes: b123ecd9-da94-41d9-8a96-a25e891cf121{ip: 192.168.69.70, host: pr-hdds-2386-sqzzd-3930412762, networkLocation: /default-rack, certSerialId: null}d5e7d411-50f4-47f9-b29f-7896844347c8{ip: 192.168.69.70, host: pr-hdds-2386-sqzzd-3930412762, networkLocation: /default-rack, certSerialId: null}8a75d567-d87d-444b-bd42-22fe60317c43{ip: 192.168.69.70, host: pr-hdds-2386-sqzzd-3930412762, networkLocation: /default-rack, certSerialId: null}, Type:RATIS, Factor:THREE, State:ALLOCATED]
2019-11-18 04:03:20,482 [main] INFO  ozone.MiniOzoneClusterImpl (MiniOzoneClusterImpl.java:lambda$waitForClusterToBeReady$0(150)) - Nodes are ready. Got 6 of 6 DN Heartbeats.
2019-11-18 04:03:20,483 [main] INFO  ozone.MiniOzoneClusterImpl (MiniOzoneClusterImpl.java:lambda$waitForClusterToBeReady$0(153)) - Waiting for cluster to exit safe mode
2019-11-18 04:03:21,483 [main] INFO  ozone.MiniOzoneClusterImpl (MiniOzoneClusterImpl.java:lambda$waitForClusterToBeReady$0(150)) - Nodes are ready. Got 6 of 6 DN Heartbeats.
2019-11-18 04:03:21,484 [main] INFO  ozone.MiniOzoneClusterImpl (MiniOzoneClusterImpl.java:lambda$waitForClusterToBeReady$0(153)) - Waiting for cluster to exit safe mode
2019-11-18 04:03:22,023 [Command processor thread] INFO  impl.RaftServerProxy (RaftServerProxy.java:addNew(89)) - c1ab1948-bd06-494c-87a2-454d3d798b2a: addNew group-24D9ACDF2F1C:[c1ab1948-bd06-494c-87a2-454d3d798b2a:192.168.69.70:35897] returns group-24D9ACDF2F1C:java.util.concurrent.CompletableFuture@1a999e11[Not completed]
2019-11-18 04:03:22,045 [pool-27-thread-1] INFO  impl.RaftServerImpl (RaftServerImpl.java:<init>(98)) - c1ab1948-bd06-494c-87a2-454d3d798b2a: new RaftServerImpl for group-24D9ACDF2F1C:[c1ab1948-bd06-494c-87a2-454d3d798b2a:192.168.69.70:35897] with ContainerStateMachine:uninitialized
2019-11-18 04:03:22,047 [pool-27-thread-1] INFO  server.RaftServerConfigKeys (ConfUtils.java:logGet(43)) - raft.server.rpc.timeout.min = 5s (custom)
2019-11-18 04:03:22,048 [pool-27-thread-1] INFO  server.RaftServerConfigKeys (ConfUtils.java:logGet(43)) - raft.server.rpc.timeout.max = 5200ms (custom)
2019-11-18 04:03:22,048 [pool-27-thread-1] INFO  server.RaftServerConfigKeys (ConfUtils.java:logGet(43)) - raft.server.rpcslowness.timeout = 10s (custom)
2019-11-18 04:03:22,049 [pool-27-thread-1] INFO  server.RaftServerConfigKeys (ConfUtils.java:logGet(43)) - raft.server.sleep.deviation.threshold = 300 (default)
2019-11-18 04:03:22,050 [pool-27-thread-1] INFO  server.RaftServerConfigKeys (ConfUtils.java:logGet(43)) - raft.server.log.appender.install.snapshot.enabled = false (custom)
2019-11-18 04:03:22,058 [pool-27-thread-1] INFO  impl.RaftServerImpl (ServerState.java:<init>(103)) - c1ab1948-bd06-494c-87a2-454d3d798b2a@group-24D9ACDF2F1C: ConfigurationManager, init=-1: [c1ab1948-bd06-494c-87a2-454d3d798b2a:192.168.69.70:35897], old=null, confs=<EMPTY_MAP>
2019-11-18 04:03:22,059 [pool-27-thread-1] INFO  server.RaftServerConfigKeys (ConfUtils.java:logGet(43)) - raft.server.storage.dir = [/workdir/hadoop-ozone/integration-test/target/test-dir/MiniOzoneClusterImpl-1c214b3a-49ad-4877-b4c4-a160cd444fc4/datanode-0/data/ratis] (custom)
2019-11-18 04:03:22,065 [pool-27-thread-1] INFO  server.RaftServerConfigKeys (ConfUtils.java:logGet(43)) - raft.server.log.corruption.policy = EXCEPTION (default)
2019-11-18 04:03:22,067 [pool-27-thread-1] INFO  storage.RaftStorageDirectory (RaftStorageDirectory.java:analyzeStorage(246)) - The storage directory /workdir/hadoop-ozone/integration-test/target/test-dir/MiniOzoneClusterImpl-1c214b3a-49ad-4877-b4c4-a160cd444fc4/datanode-0/data/ratis/63b24fc7-0b5d-4e44-96a7-24d9acdf2f1c does not exist. Creating ...
2019-11-18 04:03:22,094 [Command processor thread] INFO  impl.RaftServerProxy (RaftServerProxy.java:addNew(89)) - 3e1e5366-7a40-4813-bf9e-d655d75c6ea3: addNew group-3EA9F489A597:[3e1e5366-7a40-4813-bf9e-d655d75c6ea3:192.168.69.70:40711] returns group-3EA9F489A597:java.util.concurrent.CompletableFuture@27614285[Not completed]
2019-11-18 04:03:22,132 [pool-37-thread-1] INFO  impl.RaftServerImpl (RaftServerImpl.java:<init>(98)) - 3e1e5366-7a40-4813-bf9e-d655d75c6ea3: new RaftServerImpl for group-3EA9F489A597:[3e1e5366-7a40-4813-bf9e-d655d75c6ea3:192.168.69.70:40711] with ContainerStateMachine:uninitialized
2019-11-18 04:03:22,133 [pool-37-thread-1] INFO  server.RaftServerConfigKeys (ConfUtils.java:logGet(43)) - raft.server.rpc.timeout.min = 5s (custom)
2019-11-18 04:03:22,133 [pool-37-thread-1] INFO  server.RaftServerConfigKeys (ConfUtils.java:logGet(43)) - raft.server.rpc.timeout.max = 5200ms (custom)
2019-11-18 04:03:22,133 [pool-37-thread-1] INFO  server.RaftServerConfigKeys (ConfUtils.java:logGet(43)) - raft.server.rpcslowness.timeout = 10s (custom)
2019-11-18 04:03:22,133 [pool-37-thread-1] INFO  server.RaftServerConfigKeys (ConfUtils.java:logGet(43)) - raft.server.sleep.deviation.threshold = 300 (default)
2019-11-18 04:03:22,133 [pool-37-thread-1] INFO  server.RaftServerConfigKeys (ConfUtils.java:logGet(43)) - raft.server.log.appender.install.snapshot.enabled = false (custom)
2019-11-18 04:03:22,134 [pool-37-thread-1] INFO  impl.RaftServerImpl (ServerState.java:<init>(103)) - 3e1e5366-7a40-4813-bf9e-d655d75c6ea3@group-3EA9F489A597: ConfigurationManager, init=-1: [3e1e5366-7a40-4813-bf9e-d655d75c6ea3:192.168.69.70:40711], old=null, confs=<EMPTY_MAP>
2019-11-18 04:03:22,134 [pool-37-thread-1] INFO  server.RaftServerConfigKeys (ConfUtils.java:logGet(43)) - raft.server.storage.dir = [/workdir/hadoop-ozone/integration-test/target/test-dir/MiniOzoneClusterImpl-1c214b3a-49ad-4877-b4c4-a160cd444fc4/datanode-1/data/ratis] (custom)
2019-11-18 04:03:22,134 [pool-37-thread-1] INFO  server.RaftServerConfigKeys (ConfUtils.java:logGet(43)) - raft.server.log.corruption.policy = EXCEPTION (default)
2019-11-18 04:03:22,135 [pool-37-thread-1] INFO  storage.RaftStorageDirectory (RaftStorageDirectory.java:analyzeStorage(246)) - The storage directory /workdir/hadoop-ozone/integration-test/target/test-dir/MiniOzoneClusterImpl-1c214b3a-49ad-4877-b4c4-a160cd444fc4/datanode-1/data/ratis/acfeb93b-0eae-43c0-a0ee-3ea9f489a597 does not exist. Creating ...
2019-11-18 04:03:22,205 [Command processor thread] INFO  impl.RaftServerProxy (RaftServerProxy.java:addNew(89)) - 7b4427c1-b0d7-4726-b5d2-64b1e42b78f8: addNew group-5D4031214BB5:[7b4427c1-b0d7-4726-b5d2-64b1e42b78f8:192.168.69.70:45450] returns group-5D4031214BB5:java.util.concurrent.CompletableFuture@761e0acf[Not completed]
2019-11-18 04:03:22,227 [pool-47-thread-1] INFO  impl.RaftServerImpl (RaftServerImpl.java:<init>(98)) - 7b4427c1-b0d7-4726-b5d2-64b1e42b78f8: new RaftServerImpl for group-5D4031214BB5:[7b4427c1-b0d7-4726-b5d2-64b1e42b78f8:192.168.69.70:45450] with ContainerStateMachine:uninitialized
2019-11-18 04:03:22,228 [pool-47-thread-1] INFO  server.RaftServerConfigKeys (ConfUtils.java:logGet(43)) - raft.server.rpc.timeout.min = 5s (custom)
2019-11-18 04:03:22,228 [pool-47-thread-1] INFO  server.RaftServerConfigKeys (ConfUtils.java:logGet(43)) - raft.server.rpc.timeout.max = 5200ms (custom)
2019-11-18 04:03:22,228 [pool-47-thread-1] INFO  server.RaftServerConfigKeys (ConfUtils.java:logGet(43)) - raft.server.rpcslowness.timeout = 10s (custom)
2019-11-18 04:03:22,228 [pool-47-thread-1] INFO  server.RaftServerConfigKeys (ConfUtils.java:logGet(43)) - raft.server.sleep.deviation.threshold = 300 (default)
2019-11-18 04:03:22,228 [pool-47-thread-1] INFO  server.RaftServerConfigKeys (ConfUtils.java:logGet(43)) - raft.server.log.appender.install.snapshot.enabled = false (custom)
2019-11-18 04:03:22,228 [pool-47-thread-1] INFO  impl.RaftServerImpl (ServerState.java:<init>(103)) - 7b4427c1-b0d7-4726-b5d2-64b1e42b78f8@group-5D4031214BB5: ConfigurationManager, init=-1: [7b4427c1-b0d7-4726-b5d2-64b1e42b78f8:192.168.69.70:45450], old=null, confs=<EMPTY_MAP>
2019-11-18 04:03:22,229 [pool-47-thread-1] INFO  server.RaftServerConfigKeys (ConfUtils.java:logGet(43)) - raft.server.storage.dir = [/workdir/hadoop-ozone/integration-test/target/test-dir/MiniOzoneClusterImpl-1c214b3a-49ad-4877-b4c4-a160cd444fc4/datanode-2/data/ratis] (custom)
2019-11-18 04:03:22,229 [pool-47-thread-1] INFO  server.RaftServerConfigKeys (ConfUtils.java:logGet(43)) - raft.server.log.corruption.policy = EXCEPTION (default)
2019-11-18 04:03:22,229 [pool-47-thread-1] INFO  storage.RaftStorageDirectory (RaftStorageDirectory.java:analyzeStorage(246)) - The storage directory /workdir/hadoop-ozone/integration-test/target/test-dir/MiniOzoneClusterImpl-1c214b3a-49ad-4877-b4c4-a160cd444fc4/datanode-2/data/ratis/1d550e55-74fd-4165-b387-5d4031214bb5 does not exist. Creating ...
2019-11-18 04:03:22,296 [Command processor thread] INFO  impl.RaftServerProxy (RaftServerProxy.java:addNew(89)) - b123ecd9-da94-41d9-8a96-a25e891cf121: addNew group-C1B985B648D2:[b123ecd9-da94-41d9-8a96-a25e891cf121:192.168.69.70:39520] returns group-C1B985B648D2:java.util.concurrent.CompletableFuture@33b9286e[Not completed]
2019-11-18 04:03:22,300 [pool-57-thread-1] INFO  impl.RaftServerImpl (RaftServerImpl.java:<init>(98)) - b123ecd9-da94-41d9-8a96-a25e891cf121: new RaftServerImpl for group-C1B985B648D2:[b123ecd9-da94-41d9-8a96-a25e891cf121:192.168.69.70:39520] with ContainerStateMachine:uninitialized
2019-11-18 04:03:22,300 [pool-57-thread-1] INFO  server.RaftServerConfigKeys (ConfUtils.java:logGet(43)) - raft.server.rpc.timeout.min = 5s (custom)
2019-11-18 04:03:22,300 [pool-57-thread-1] INFO  server.RaftServerConfigKeys (ConfUtils.java:logGet(43)) - raft.server.rpc.timeout.max = 5200ms (custom)
2019-11-18 04:03:22,300 [pool-57-thread-1] INFO  server.RaftServerConfigKeys (ConfUtils.java:logGet(43)) - raft.server.rpcslowness.timeout = 10s (custom)
2019-11-18 04:03:22,301 [pool-57-thread-1] INFO  server.RaftServerConfigKeys (ConfUtils.java:logGet(43)) - raft.server.sleep.deviation.threshold = 300 (default)
2019-11-18 04:03:22,301 [pool-57-thread-1] INFO  server.RaftServerConfigKeys (ConfUtils.java:logGet(43)) - raft.server.log.appender.install.snapshot.enabled = false (custom)
2019-11-18 04:03:22,301 [pool-57-thread-1] INFO  impl.RaftServerImpl (ServerState.java:<init>(103)) - b123ecd9-da94-41d9-8a96-a25e891cf121@group-C1B985B648D2: ConfigurationManager, init=-1: [b123ecd9-da94-41d9-8a96-a25e891cf121:192.168.69.70:39520], old=null, confs=<EMPTY_MAP>
2019-11-18 04:03:22,301 [pool-57-thread-1] INFO  server.RaftServerConfigKeys (ConfUtils.java:logGet(43)) - raft.server.storage.dir = [/workdir/hadoop-ozone/integration-test/target/test-dir/MiniOzoneClusterImpl-1c214b3a-49ad-4877-b4c4-a160cd444fc4/datanode-3/data/ratis] (custom)
2019-11-18 04:03:22,302 [pool-57-thread-1] INFO  server.RaftServerConfigKeys (ConfUtils.java:logGet(43)) - raft.server.log.corruption.policy = EXCEPTION (default)
2019-11-18 04:03:22,302 [pool-57-thread-1] INFO  storage.RaftStorageDirectory (RaftStorageDirectory.java:analyzeStorage(246)) - The storage directory /workdir/hadoop-ozone/integration-test/target/test-dir/MiniOzoneClusterImpl-1c214b3a-49ad-4877-b4c4-a160cd444fc4/datanode-3/data/ratis/8f766589-66d5-4acf-af20-c1b985b648d2 does not exist. Creating ...
2019-11-18 04:03:22,350 [pool-27-thread-1] INFO  storage.RaftStorageDirectory (RaftStorageDirectory.java:tryLock(328)) - Lock on /workdir/hadoop-ozone/integration-test/target/test-dir/MiniOzoneClusterImpl-1c214b3a-49ad-4877-b4c4-a160cd444fc4/datanode-0/data/ratis/63b24fc7-0b5d-4e44-96a7-24d9acdf2f1c/in_use.lock acquired by nodename 22071@pr-hdds-2386-sqzzd-3930412762
2019-11-18 04:03:22,363 [pool-47-thread-1] INFO  storage.RaftStorageDirectory (RaftStorageDirectory.java:tryLock(328)) - Lock on /workdir/hadoop-ozone/integration-test/target/test-dir/MiniOzoneClusterImpl-1c214b3a-49ad-4877-b4c4-a160cd444fc4/datanode-2/data/ratis/1d550e55-74fd-4165-b387-5d4031214bb5/in_use.lock acquired by nodename 22071@pr-hdds-2386-sqzzd-3930412762
2019-11-18 04:03:22,363 [pool-37-thread-1] INFO  storage.RaftStorageDirectory (RaftStorageDirectory.java:tryLock(328)) - Lock on /workdir/hadoop-ozone/integration-test/target/test-dir/MiniOzoneClusterImpl-1c214b3a-49ad-4877-b4c4-a160cd444fc4/datanode-1/data/ratis/acfeb93b-0eae-43c0-a0ee-3ea9f489a597/in_use.lock acquired by nodename 22071@pr-hdds-2386-sqzzd-3930412762
2019-11-18 04:03:22,363 [pool-57-thread-1] INFO  storage.RaftStorageDirectory (RaftStorageDirectory.java:tryLock(328)) - Lock on /workdir/hadoop-ozone/integration-test/target/test-dir/MiniOzoneClusterImpl-1c214b3a-49ad-4877-b4c4-a160cd444fc4/datanode-3/data/ratis/8f766589-66d5-4acf-af20-c1b985b648d2/in_use.lock acquired by nodename 22071@pr-hdds-2386-sqzzd-3930412762
2019-11-18 04:03:22,380 [pool-47-thread-1] INFO  storage.RaftStorage (RaftStorage.java:format(84)) - Storage directory /workdir/hadoop-ozone/integration-test/target/test-dir/MiniOzoneClusterImpl-1c214b3a-49ad-4877-b4c4-a160cd444fc4/datanode-2/data/ratis/1d550e55-74fd-4165-b387-5d4031214bb5 has been successfully formatted.
2019-11-18 04:03:22,380 [pool-57-thread-1] INFO  storage.RaftStorage (RaftStorage.java:format(84)) - Storage directory /workdir/hadoop-ozone/integration-test/target/test-dir/MiniOzoneClusterImpl-1c214b3a-49ad-4877-b4c4-a160cd444fc4/datanode-3/data/ratis/8f766589-66d5-4acf-af20-c1b985b648d2 has been successfully formatted.
2019-11-18 04:03:22,380 [pool-27-thread-1] INFO  storage.RaftStorage (RaftStorage.java:format(84)) - Storage directory /workdir/hadoop-ozone/integration-test/target/test-dir/MiniOzoneClusterImpl-1c214b3a-49ad-4877-b4c4-a160cd444fc4/datanode-0/data/ratis/63b24fc7-0b5d-4e44-96a7-24d9acdf2f1c has been successfully formatted.
2019-11-18 04:03:22,380 [pool-37-thread-1] INFO  storage.RaftStorage (RaftStorage.java:format(84)) - Storage directory /workdir/hadoop-ozone/integration-test/target/test-dir/MiniOzoneClusterImpl-1c214b3a-49ad-4877-b4c4-a160cd444fc4/datanode-1/data/ratis/acfeb93b-0eae-43c0-a0ee-3ea9f489a597 has been successfully formatted.
2019-11-18 04:03:22,388 [pool-47-thread-1] INFO  ratis.ContainerStateMachine (ContainerStateMachine.java:loadSnapshot(223)) - group-5D4031214BB5: The snapshot info is null. Setting the last applied indexto:(t:0, i:~)
2019-11-18 04:03:22,388 [pool-27-thread-1] INFO  ratis.ContainerStateMachine (ContainerStateMachine.java:loadSnapshot(223)) - group-24D9ACDF2F1C: The snapshot info is null. Setting the last applied indexto:(t:0, i:~)
2019-11-18 04:03:22,392 [pool-47-thread-1] INFO  server.RaftServerConfigKeys (ConfUtils.java:logGet(43)) - raft.server.notification.no-leader.timeout = 10s (custom)
2019-11-18 04:03:22,392 [pool-27-thread-1] INFO  server.RaftServerConfigKeys (ConfUtils.java:logGet(43)) - raft.server.notification.no-leader.timeout = 10s (custom)
2019-11-18 04:03:22,388 [pool-37-thread-1] INFO  ratis.ContainerStateMachine (ContainerStateMachine.java:loadSnapshot(223)) - group-3EA9F489A597: The snapshot info is null. Setting the last applied indexto:(t:0, i:~)
2019-11-18 04:03:22,395 [Command processor thread] INFO  impl.RaftServerProxy (RaftServerProxy.java:addNew(89)) - 8a75d567-d87d-444b-bd42-22fe60317c43: addNew group-D38B73652FD8:[8a75d567-d87d-444b-bd42-22fe60317c43:192.168.69.70:37667] returns group-D38B73652FD8:java.util.concurrent.CompletableFuture@70fb73c6[Not completed]
2019-11-18 04:03:22,388 [pool-57-thread-1] INFO  ratis.ContainerStateMachine (ContainerStateMachine.java:loadSnapshot(223)) - group-C1B985B648D2: The snapshot info is null. Setting the last applied indexto:(t:0, i:~)
2019-11-18 04:03:22,395 [pool-37-thread-1] INFO  server.RaftServerConfigKeys (ConfUtils.java:logGet(43)) - raft.server.notification.no-leader.timeout = 10s (custom)
2019-11-18 04:03:22,395 [pool-57-thread-1] INFO  server.RaftServerConfigKeys (ConfUtils.java:logGet(43)) - raft.server.notification.no-leader.timeout = 10s (custom)
2019-11-18 04:03:22,398 [pool-27-thread-1] INFO  server.RaftServerConfigKeys (ConfUtils.java:logGet(43)) - raft.server.log.use.memory = false (default)
2019-11-18 04:03:22,399 [pool-37-thread-1] INFO  server.RaftServerConfigKeys (ConfUtils.java:logGet(43)) - raft.server.log.use.memory = false (default)
2019-11-18 04:03:22,398 [pool-47-thread-1] INFO  server.RaftServerConfigKeys (ConfUtils.java:logGet(43)) - raft.server.log.use.memory = false (default)
2019-11-18 04:03:22,399 [pool-67-thread-1] INFO  impl.RaftServerImpl (RaftServerImpl.java:<init>(98)) - 8a75d567-d87d-444b-bd42-22fe60317c43: new RaftServerImpl for group-D38B73652FD8:[8a75d567-d87d-444b-bd42-22fe60317c43:192.168.69.70:37667] with ContainerStateMachine:uninitialized
2019-11-18 04:03:22,399 [pool-57-thread-1] INFO  server.RaftServerConfigKeys (ConfUtils.java:logGet(43)) - raft.server.log.use.memory = false (default)
2019-11-18 04:03:22,399 [pool-67-thread-1] INFO  server.RaftServerConfigKeys (ConfUtils.java:logGet(43)) - raft.server.rpc.timeout.min = 5s (custom)
2019-11-18 04:03:22,400 [pool-67-thread-1] INFO  server.RaftServerConfigKeys (ConfUtils.java:logGet(43)) - raft.server.rpc.timeout.max = 5200ms (custom)
2019-11-18 04:03:22,400 [pool-67-thread-1] INFO  server.RaftServerConfigKeys (ConfUtils.java:logGet(43)) - raft.server.rpcslowness.timeout = 10s (custom)
2019-11-18 04:03:22,400 [pool-67-thread-1] INFO  server.RaftServerConfigKeys (ConfUtils.java:logGet(43)) - raft.server.sleep.deviation.threshold = 300 (default)
2019-11-18 04:03:22,400 [pool-67-thread-1] INFO  server.RaftServerConfigKeys (ConfUtils.java:logGet(43)) - raft.server.log.appender.install.snapshot.enabled = false (custom)
2019-11-18 04:03:22,400 [pool-67-thread-1] INFO  impl.RaftServerImpl (ServerState.java:<init>(103)) - 8a75d567-d87d-444b-bd42-22fe60317c43@group-D38B73652FD8: ConfigurationManager, init=-1: [8a75d567-d87d-444b-bd42-22fe60317c43:192.168.69.70:37667], old=null, confs=<EMPTY_MAP>
2019-11-18 04:03:22,401 [pool-67-thread-1] INFO  server.RaftServerConfigKeys (ConfUtils.java:logGet(43)) - raft.server.storage.dir = [/workdir/hadoop-ozone/integration-test/target/test-dir/MiniOzoneClusterImpl-1c214b3a-49ad-4877-b4c4-a160cd444fc4/datanode-4/data/ratis] (custom)
2019-11-18 04:03:22,401 [pool-67-thread-1] INFO  server.RaftServerConfigKeys (ConfUtils.java:logGet(43)) - raft.server.log.corruption.policy = EXCEPTION (default)
2019-11-18 04:03:22,401 [pool-67-thread-1] INFO  storage.RaftStorageDirectory (RaftStorageDirectory.java:analyzeStorage(246)) - The storage directory /workdir/hadoop-ozone/integration-test/target/test-dir/MiniOzoneClusterImpl-1c214b3a-49ad-4877-b4c4-a160cd444fc4/datanode-4/data/ratis/0eb9a05e-5a2d-4e7c-8e7e-d38b73652fd8 does not exist. Creating ...
2019-11-18 04:03:22,405 [pool-47-thread-1] INFO  server.RaftServerConfigKeys (ConfUtils.java:logGet(43)) - raft.server.log.purge.gap = 1000000 (custom)
2019-11-18 04:03:22,405 [pool-57-thread-1] INFO  server.RaftServerConfigKeys (ConfUtils.java:logGet(43)) - raft.server.log.purge.gap = 1000000 (custom)
2019-11-18 04:03:22,405 [pool-37-thread-1] INFO  server.RaftServerConfigKeys (ConfUtils.java:logGet(43)) - raft.server.log.purge.gap = 1000000 (custom)
2019-11-18 04:03:22,405 [pool-47-thread-1] INFO  server.RaftServerConfigKeys (ConfUtils.java:logGet(43)) - raft.server.log.appender.buffer.byte-limit = 33554432 (custom)
2019-11-18 04:03:22,405 [pool-27-thread-1] INFO  server.RaftServerConfigKeys (ConfUtils.java:logGet(43)) - raft.server.log.purge.gap = 1000000 (custom)
2019-11-18 04:03:22,406 [pool-37-thread-1] INFO  server.RaftServerConfigKeys (ConfUtils.java:logGet(43)) - raft.server.log.appender.buffer.byte-limit = 33554432 (custom)
2019-11-18 04:03:22,406 [pool-57-thread-1] INFO  server.RaftServerConfigKeys (ConfUtils.java:logGet(43)) - raft.server.log.appender.buffer.byte-limit = 33554432 (custom)
2019-11-18 04:03:22,406 [pool-27-thread-1] INFO  server.RaftServerConfigKeys (ConfUtils.java:logGet(43)) - raft.server.log.appender.buffer.byte-limit = 33554432 (custom)
2019-11-18 04:03:22,408 [pool-57-thread-1] INFO  server.RaftServerConfigKeys (ConfUtils.java:logGet(43)) - raft.server.log.segment.size.max = 1048576 (custom)
2019-11-18 04:03:22,408 [pool-37-thread-1] INFO  server.RaftServerConfigKeys (ConfUtils.java:logGet(43)) - raft.server.log.segment.size.max = 1048576 (custom)
2019-11-18 04:03:22,408 [pool-27-thread-1] INFO  server.RaftServerConfigKeys (ConfUtils.java:logGet(43)) - raft.server.log.segment.size.max = 1048576 (custom)
2019-11-18 04:03:22,408 [pool-47-thread-1] INFO  server.RaftServerConfigKeys (ConfUtils.java:logGet(43)) - raft.server.log.segment.size.max = 1048576 (custom)
2019-11-18 04:03:22,414 [pool-27-thread-1] INFO  metrics.MetricRegistries (MetricRegistriesLoader.java:load(64)) - Loaded MetricRegistries class org.apache.ratis.metrics.impl.MetricRegistriesImpl
2019-11-18 04:03:22,417 [pool-67-thread-1] INFO  storage.RaftStorageDirectory (RaftStorageDirectory.java:tryLock(328)) - Lock on /workdir/hadoop-ozone/integration-test/target/test-dir/MiniOzoneClusterImpl-1c214b3a-49ad-4877-b4c4-a160cd444fc4/datanode-4/data/ratis/0eb9a05e-5a2d-4e7c-8e7e-d38b73652fd8/in_use.lock acquired by nodename 22071@pr-hdds-2386-sqzzd-3930412762
2019-11-18 04:03:22,419 [pool-47-thread-1] WARN  impl.MetricRegistriesImpl (MetricRegistriesImpl.java:lambda$create$1(61)) - First MetricRegistry has been created without registering reporters. You may need to call MetricRegistries.global().addReportRegistration(...) before.
2019-11-18 04:03:22,419 [pool-57-thread-1] WARN  impl.MetricRegistriesImpl (MetricRegistriesImpl.java:lambda$create$1(61)) - First MetricRegistry has been created without registering reporters. You may need to call MetricRegistries.global().addReportRegistration(...) before.
2019-11-18 04:03:22,419 [pool-27-thread-1] WARN  impl.MetricRegistriesImpl (MetricRegistriesImpl.java:lambda$create$1(61)) - First MetricRegistry has been created without registering reporters. You may need to call MetricRegistries.global().addReportRegistration(...) before.
2019-11-18 04:03:22,422 [pool-37-thread-1] WARN  impl.MetricRegistriesImpl (MetricRegistriesImpl.java:lambda$create$1(61)) - First MetricRegistry has been created without registering reporters. You may need to call MetricRegistries.global().addReportRegistration(...) before.
2019-11-18 04:03:22,427 [pool-47-thread-1] INFO  server.RaftServerConfigKeys (ConfUtils.java:logGet(43)) - raft.server.log.segment.cache.num.max = 2 (custom)
2019-11-18 04:03:22,428 [pool-27-thread-1] INFO  server.RaftServerConfigKeys (ConfUtils.java:logGet(43)) - raft.server.log.segment.cache.num.max = 2 (custom)
2019-11-18 04:03:22,427 [pool-37-thread-1] INFO  server.RaftServerConfigKeys (ConfUtils.java:logGet(43)) - raft.server.log.segment.cache.num.max = 2 (custom)
2019-11-18 04:03:22,428 [pool-57-thread-1] INFO  server.RaftServerConfigKeys (ConfUtils.java:logGet(43)) - raft.server.log.segment.cache.num.max = 2 (custom)
2019-11-18 04:03:22,434 [pool-47-thread-1] INFO  segmented.SegmentedRaftLogWorker (SegmentedRaftLogWorker.java:<init>(173)) - new 7b4427c1-b0d7-4726-b5d2-64b1e42b78f8@group-5D4031214BB5-SegmentedRaftLogWorker for RaftStorage:Storage Directory /workdir/hadoop-ozone/integration-test/target/test-dir/MiniOzoneClusterImpl-1c214b3a-49ad-4877-b4c4-a160cd444fc4/datanode-2/data/ratis/1d550e55-74fd-4165-b387-5d4031214bb5
2019-11-18 04:03:22,434 [pool-57-thread-1] INFO  segmented.SegmentedRaftLogWorker (SegmentedRaftLogWorker.java:<init>(173)) - new b123ecd9-da94-41d9-8a96-a25e891cf121@group-C1B985B648D2-SegmentedRaftLogWorker for RaftStorage:Storage Directory /workdir/hadoop-ozone/integration-test/target/test-dir/MiniOzoneClusterImpl-1c214b3a-49ad-4877-b4c4-a160cd444fc4/datanode-3/data/ratis/8f766589-66d5-4acf-af20-c1b985b648d2
2019-11-18 04:03:22,434 [pool-37-thread-1] INFO  segmented.SegmentedRaftLogWorker (SegmentedRaftLogWorker.java:<init>(173)) - new 3e1e5366-7a40-4813-bf9e-d655d75c6ea3@group-3EA9F489A597-SegmentedRaftLogWorker for RaftStorage:Storage Directory /workdir/hadoop-ozone/integration-test/target/test-dir/MiniOzoneClusterImpl-1c214b3a-49ad-4877-b4c4-a160cd444fc4/datanode-1/data/ratis/acfeb93b-0eae-43c0-a0ee-3ea9f489a597
2019-11-18 04:03:22,434 [pool-27-thread-1] INFO  segmented.SegmentedRaftLogWorker (SegmentedRaftLogWorker.java:<init>(173)) - new c1ab1948-bd06-494c-87a2-454d3d798b2a@group-24D9ACDF2F1C-SegmentedRaftLogWorker for RaftStorage:Storage Directory /workdir/hadoop-ozone/integration-test/target/test-dir/MiniOzoneClusterImpl-1c214b3a-49ad-4877-b4c4-a160cd444fc4/datanode-0/data/ratis/63b24fc7-0b5d-4e44-96a7-24d9acdf2f1c
2019-11-18 04:03:22,436 [pool-47-thread-1] INFO  server.RaftServerConfigKeys (ConfUtils.java:logGet(43)) - raft.server.log.queue.byte-limit = 2147483647 (custom)
2019-11-18 04:03:22,437 [pool-27-thread-1] INFO  server.RaftServerConfigKeys (ConfUtils.java:logGet(43)) - raft.server.log.queue.byte-limit = 2147483647 (custom)
2019-11-18 04:03:22,436 [pool-67-thread-1] INFO  storage.RaftStorage (RaftStorage.java:format(84)) - Storage directory /workdir/hadoop-ozone/integration-test/target/test-dir/MiniOzoneClusterImpl-1c214b3a-49ad-4877-b4c4-a160cd444fc4/datanode-4/data/ratis/0eb9a05e-5a2d-4e7c-8e7e-d38b73652fd8 has been successfully formatted.
2019-11-18 04:03:22,437 [pool-27-thread-1] INFO  server.RaftServerConfigKeys (ConfUtils.java:logGet(43)) - raft.server.log.queue.element-limit = 1024 (custom)
2019-11-18 04:03:22,437 [pool-47-thread-1] INFO  server.RaftServerConfigKeys (ConfUtils.java:logGet(43)) - raft.server.log.queue.element-limit = 1024 (custom)
2019-11-18 04:03:22,437 [pool-37-thread-1] INFO  server.RaftServerConfigKeys (ConfUtils.java:logGet(43)) - raft.server.log.queue.byte-limit = 2147483647 (custom)
2019-11-18 04:03:22,437 [pool-57-thread-1] INFO  server.RaftServerConfigKeys (ConfUtils.java:logGet(43)) - raft.server.log.queue.byte-limit = 2147483647 (custom)
2019-11-18 04:03:22,438 [pool-37-thread-1] INFO  server.RaftServerConfigKeys (ConfUtils.java:logGet(43)) - raft.server.log.queue.element-limit = 1024 (custom)
2019-11-18 04:03:22,438 [pool-57-thread-1] INFO  server.RaftServerConfigKeys (ConfUtils.java:logGet(43)) - raft.server.log.queue.element-limit = 1024 (custom)
2019-11-18 04:03:22,438 [pool-67-thread-1] INFO  ratis.ContainerStateMachine (ContainerStateMachine.java:loadSnapshot(223)) - group-D38B73652FD8: The snapshot info is null. Setting the last applied indexto:(t:0, i:~)
2019-11-18 04:03:22,439 [pool-67-thread-1] INFO  server.RaftServerConfigKeys (ConfUtils.java:logGet(43)) - raft.server.notification.no-leader.timeout = 10s (custom)
2019-11-18 04:03:22,439 [pool-67-thread-1] INFO  server.RaftServerConfigKeys (ConfUtils.java:logGet(43)) - raft.server.log.use.memory = false (default)
2019-11-18 04:03:22,439 [pool-47-thread-1] INFO  server.RaftServerConfigKeys (ConfUtils.java:logGet(43)) - raft.server.log.segment.size.max = 1048576 (custom)
2019-11-18 04:03:22,439 [pool-57-thread-1] INFO  server.RaftServerConfigKeys (ConfUtils.java:logGet(43)) - raft.server.log.segment.size.max = 1048576 (custom)
2019-11-18 04:03:22,439 [pool-27-thread-1] INFO  server.RaftServerConfigKeys (ConfUtils.java:logGet(43)) - raft.server.log.segment.size.max = 1048576 (custom)
2019-11-18 04:03:22,439 [pool-37-thread-1] INFO  server.RaftServerConfigKeys (ConfUtils.java:logGet(43)) - raft.server.log.segment.size.max = 1048576 (custom)
2019-11-18 04:03:22,439 [pool-67-thread-1] INFO  server.RaftServerConfigKeys (ConfUtils.java:logGet(43)) - raft.server.log.purge.gap = 1000000 (custom)
2019-11-18 04:03:22,440 [pool-57-thread-1] INFO  server.RaftServerConfigKeys (ConfUtils.java:logGet(43)) - raft.server.log.preallocated.size = 16384 (custom)
2019-11-18 04:03:22,440 [pool-37-thread-1] INFO  server.RaftServerConfigKeys (ConfUtils.java:logGet(43)) - raft.server.log.preallocated.size = 16384 (custom)
2019-11-18 04:03:22,440 [pool-27-thread-1] INFO  server.RaftServerConfigKeys (ConfUtils.java:logGet(43)) - raft.server.log.preallocated.size = 16384 (custom)
2019-11-18 04:03:22,440 [pool-47-thread-1] INFO  server.RaftServerConfigKeys (ConfUtils.java:logGet(43)) - raft.server.log.preallocated.size = 16384 (custom)
2019-11-18 04:03:22,441 [pool-57-thread-1] INFO  server.RaftServerConfigKeys (ConfUtils.java:logGet(43)) - raft.server.log.write.buffer.size = 33554432 (custom)
2019-11-18 04:03:22,441 [pool-37-thread-1] INFO  server.RaftServerConfigKeys (ConfUtils.java:logGet(43)) - raft.server.log.write.buffer.size = 33554432 (custom)
2019-11-18 04:03:22,441 [pool-27-thread-1] INFO  server.RaftServerConfigKeys (ConfUtils.java:logGet(43)) - raft.server.log.write.buffer.size = 33554432 (custom)
2019-11-18 04:03:22,440 [pool-67-thread-1] INFO  server.RaftServerConfigKeys (ConfUtils.java:logGet(43)) - raft.server.log.appender.buffer.byte-limit = 33554432 (custom)
2019-11-18 04:03:22,441 [pool-47-thread-1] INFO  server.RaftServerConfigKeys (ConfUtils.java:logGet(43)) - raft.server.log.write.buffer.size = 33554432 (custom)
2019-11-18 04:03:22,442 [pool-37-thread-1] INFO  server.RaftServerConfigKeys (ConfUtils.java:logGet(43)) - raft.server.log.force.sync.num = 128 (default)
2019-11-18 04:03:22,441 [pool-57-thread-1] INFO  server.RaftServerConfigKeys (ConfUtils.java:logGet(43)) - raft.server.log.force.sync.num = 128 (default)
2019-11-18 04:03:22,441 [pool-67-thread-1] INFO  server.RaftServerConfigKeys (ConfUtils.java:logGet(43)) - raft.server.log.segment.size.max = 1048576 (custom)
2019-11-18 04:03:22,442 [pool-27-thread-1] INFO  server.RaftServerConfigKeys (ConfUtils.java:logGet(43)) - raft.server.log.force.sync.num = 128 (default)
2019-11-18 04:03:22,442 [pool-67-thread-1] WARN  impl.MetricRegistriesImpl (MetricRegistriesImpl.java:lambda$create$1(61)) - First MetricRegistry has been created without registering reporters. You may need to call MetricRegistries.global().addReportRegistration(...) before.
2019-11-18 04:03:22,442 [pool-47-thread-1] INFO  server.RaftServerConfigKeys (ConfUtils.java:logGet(43)) - raft.server.log.force.sync.num = 128 (default)
2019-11-18 04:03:22,443 [pool-67-thread-1] INFO  server.RaftServerConfigKeys (ConfUtils.java:logGet(43)) - raft.server.log.segment.cache.num.max = 2 (custom)
2019-11-18 04:03:22,443 [pool-67-thread-1] INFO  segmented.SegmentedRaftLogWorker (SegmentedRaftLogWorker.java:<init>(173)) - new 8a75d567-d87d-444b-bd42-22fe60317c43@group-D38B73652FD8-SegmentedRaftLogWorker for RaftStorage:Storage Directory /workdir/hadoop-ozone/integration-test/target/test-dir/MiniOzoneClusterImpl-1c214b3a-49ad-4877-b4c4-a160cd444fc4/datanode-4/data/ratis/0eb9a05e-5a2d-4e7c-8e7e-d38b73652fd8
2019-11-18 04:03:22,443 [pool-67-thread-1] INFO  server.RaftServerConfigKeys (ConfUtils.java:logGet(43)) - raft.server.log.queue.byte-limit = 2147483647 (custom)
2019-11-18 04:03:22,443 [pool-67-thread-1] INFO  server.RaftServerConfigKeys (ConfUtils.java:logGet(43)) - raft.server.log.queue.element-limit = 1024 (custom)
2019-11-18 04:03:22,443 [pool-67-thread-1] INFO  server.RaftServerConfigKeys (ConfUtils.java:logGet(43)) - raft.server.log.segment.size.max = 1048576 (custom)
2019-11-18 04:03:22,443 [pool-67-thread-1] INFO  server.RaftServerConfigKeys (ConfUtils.java:logGet(43)) - raft.server.log.preallocated.size = 16384 (custom)
2019-11-18 04:03:22,444 [pool-67-thread-1] INFO  server.RaftServerConfigKeys (ConfUtils.java:logGet(43)) - raft.server.log.write.buffer.size = 33554432 (custom)
2019-11-18 04:03:22,444 [pool-67-thread-1] INFO  server.RaftServerConfigKeys (ConfUtils.java:logGet(43)) - raft.server.log.force.sync.num = 128 (default)
2019-11-18 04:03:22,444 [pool-47-thread-1] INFO  server.RaftServerConfigKeys (ConfUtils.java:logGet(43)) - raft.server.log.statemachine.data.sync = true (default)
2019-11-18 04:03:22,444 [pool-47-thread-1] INFO  server.RaftServerConfigKeys (ConfUtils.java:logGet(43)) - raft.server.log.statemachine.data.sync.timeout = 10s (default)
2019-11-18 04:03:22,444 [pool-57-thread-1] INFO  server.RaftServerConfigKeys (ConfUtils.java:logGet(43)) - raft.server.log.statemachine.data.sync = true (default)
2019-11-18 04:03:22,444 [pool-67-thread-1] INFO  server.RaftServerConfigKeys (ConfUtils.java:logGet(43)) - raft.server.log.statemachine.data.sync = true (default)
2019-11-18 04:03:22,445 [pool-47-thread-1] INFO  server.RaftServerConfigKeys (ConfUtils.java:logGet(43)) - raft.server.log.statemachine.data.sync.timeout.retry = -1 (default)
2019-11-18 04:03:22,444 [pool-27-thread-1] INFO  server.RaftServerConfigKeys (ConfUtils.java:logGet(43)) - raft.server.log.statemachine.data.sync = true (default)
2019-11-18 04:03:22,444 [pool-37-thread-1] INFO  server.RaftServerConfigKeys (ConfUtils.java:logGet(43)) - raft.server.log.statemachine.data.sync = true (default)
2019-11-18 04:03:22,445 [pool-27-thread-1] INFO  server.RaftServerConfigKeys (ConfUtils.java:logGet(43)) - raft.server.log.statemachine.data.sync.timeout = 10s (default)
2019-11-18 04:03:22,445 [pool-67-thread-1] INFO  server.RaftServerConfigKeys (ConfUtils.java:logGet(43)) - raft.server.log.statemachine.data.sync.timeout = 10s (default)
2019-11-18 04:03:22,445 [pool-57-thread-1] INFO  server.RaftServerConfigKeys (ConfUtils.java:logGet(43)) - raft.server.log.statemachine.data.sync.timeout = 10s (default)
2019-11-18 04:03:22,445 [pool-67-thread-1] INFO  server.RaftServerConfigKeys (ConfUtils.java:logGet(43)) - raft.server.log.statemachine.data.sync.timeout.retry = -1 (default)
2019-11-18 04:03:22,445 [pool-27-thread-1] INFO  server.RaftServerConfigKeys (ConfUtils.java:logGet(43)) - raft.server.log.statemachine.data.sync.timeout.retry = -1 (default)
2019-11-18 04:03:22,445 [pool-37-thread-1] INFO  server.RaftServerConfigKeys (ConfUtils.java:logGet(43)) - raft.server.log.statemachine.data.sync.timeout = 10s (default)
2019-11-18 04:03:22,446 [pool-57-thread-1] INFO  server.RaftServerConfigKeys (ConfUtils.java:logGet(43)) - raft.server.log.statemachine.data.sync.timeout.retry = -1 (default)
2019-11-18 04:03:22,446 [pool-37-thread-1] INFO  server.RaftServerConfigKeys (ConfUtils.java:logGet(43)) - raft.server.log.statemachine.data.sync.timeout.retry = -1 (default)
2019-11-18 04:03:22,454 [pool-47-thread-1] INFO  server.RaftServerConfigKeys (ConfUtils.java:logGet(43)) - raft.server.log.statemachine.data.caching.enabled = true (custom)
2019-11-18 04:03:22,454 [pool-37-thread-1] INFO  server.RaftServerConfigKeys (ConfUtils.java:logGet(43)) - raft.server.log.statemachine.data.caching.enabled = true (custom)
2019-11-18 04:03:22,454 [pool-57-thread-1] INFO  server.RaftServerConfigKeys (ConfUtils.java:logGet(43)) - raft.server.log.statemachine.data.caching.enabled = true (custom)
2019-11-18 04:03:22,454 [pool-67-thread-1] INFO  server.RaftServerConfigKeys (ConfUtils.java:logGet(43)) - raft.server.log.statemachine.data.caching.enabled = true (custom)
2019-11-18 04:03:22,454 [pool-27-thread-1] INFO  server.RaftServerConfigKeys (ConfUtils.java:logGet(43)) - raft.server.log.statemachine.data.caching.enabled = true (custom)
2019-11-18 04:03:22,461 [pool-47-thread-1] INFO  segmented.SegmentedRaftLogWorker (SegmentedRaftLogWorker.java:lambda$new$0(128)) - 7b4427c1-b0d7-4726-b5d2-64b1e42b78f8@group-5D4031214BB5-SegmentedRaftLogWorker: flushIndex: setUnconditionally 0 -> -1
2019-11-18 04:03:22,461 [pool-67-thread-1] INFO  segmented.SegmentedRaftLogWorker (SegmentedRaftLogWorker.java:lambda$new$0(128)) - 8a75d567-d87d-444b-bd42-22fe60317c43@group-D38B73652FD8-SegmentedRaftLogWorker: flushIndex: setUnconditionally 0 -> -1
2019-11-18 04:03:22,461 [pool-27-thread-1] INFO  segmented.SegmentedRaftLogWorker (SegmentedRaftLogWorker.java:lambda$new$0(128)) - c1ab1948-bd06-494c-87a2-454d3d798b2a@group-24D9ACDF2F1C-SegmentedRaftLogWorker: flushIndex: setUnconditionally 0 -> -1
2019-11-18 04:03:22,461 [pool-57-thread-1] INFO  segmented.SegmentedRaftLogWorker (SegmentedRaftLogWorker.java:lambda$new$0(128)) - b123ecd9-da94-41d9-8a96-a25e891cf121@group-C1B985B648D2-SegmentedRaftLogWorker: flushIndex: setUnconditionally 0 -> -1
2019-11-18 04:03:22,461 [pool-37-thread-1] INFO  segmented.SegmentedRaftLogWorker (SegmentedRaftLogWorker.java:lambda$new$0(128)) - 3e1e5366-7a40-4813-bf9e-d655d75c6ea3@group-3EA9F489A597-SegmentedRaftLogWorker: flushIndex: setUnconditionally 0 -> -1
2019-11-18 04:03:22,465 [pool-47-thread-1] INFO  server.RaftServerConfigKeys (ConfUtils.java:logGet(43)) - raft.server.snapshot.auto.trigger.enabled = true (custom)
2019-11-18 04:03:22,465 [pool-67-thread-1] INFO  server.RaftServerConfigKeys (ConfUtils.java:logGet(43)) - raft.server.snapshot.auto.trigger.enabled = true (custom)
2019-11-18 04:03:22,465 [pool-37-thread-1] INFO  server.RaftServerConfigKeys (ConfUtils.java:logGet(43)) - raft.server.snapshot.auto.trigger.enabled = true (custom)
2019-11-18 04:03:22,465 [pool-57-thread-1] INFO  server.RaftServerConfigKeys (ConfUtils.java:logGet(43)) - raft.server.snapshot.auto.trigger.enabled = true (custom)
2019-11-18 04:03:22,465 [pool-27-thread-1] INFO  server.RaftServerConfigKeys (ConfUtils.java:logGet(43)) - raft.server.snapshot.auto.trigger.enabled = true (custom)
2019-11-18 04:03:22,467 [pool-47-thread-1] INFO  server.RaftServerConfigKeys (ConfUtils.java:logGet(43)) - raft.server.snapshot.auto.trigger.threshold = 10000 (custom)
2019-11-18 04:03:22,467 [pool-67-thread-1] INFO  server.RaftServerConfigKeys (ConfUtils.java:logGet(43)) - raft.server.snapshot.auto.trigger.threshold = 10000 (custom)
2019-11-18 04:03:22,467 [pool-57-thread-1] INFO  server.RaftServerConfigKeys (ConfUtils.java:logGet(43)) - raft.server.snapshot.auto.trigger.threshold = 10000 (custom)
2019-11-18 04:03:22,467 [pool-37-thread-1] INFO  server.RaftServerConfigKeys (ConfUtils.java:logGet(43)) - raft.server.snapshot.auto.trigger.threshold = 10000 (custom)
2019-11-18 04:03:22,467 [pool-57-thread-1] INFO  server.RaftServerConfigKeys (ConfUtils.java:logGet(43)) - raft.server.snapshot.retention.file.num = 5 (custom)
2019-11-18 04:03:22,467 [pool-47-thread-1] INFO  server.RaftServerConfigKeys (ConfUtils.java:logGet(43)) - raft.server.snapshot.retention.file.num = 5 (custom)
2019-11-18 04:03:22,467 [pool-27-thread-1] INFO  server.RaftServerConfigKeys (ConfUtils.java:logGet(43)) - raft.server.snapshot.auto.trigger.threshold = 10000 (custom)
2019-11-18 04:03:22,467 [pool-67-thread-1] INFO  server.RaftServerConfigKeys (ConfUtils.java:logGet(43)) - raft.server.snapshot.retention.file.num = 5 (custom)
2019-11-18 04:03:22,467 [pool-37-thread-1] INFO  server.RaftServerConfigKeys (ConfUtils.java:logGet(43)) - raft.server.snapshot.retention.file.num = 5 (custom)
2019-11-18 04:03:22,468 [pool-27-thread-1] INFO  server.RaftServerConfigKeys (ConfUtils.java:logGet(43)) - raft.server.snapshot.retention.file.num = 5 (custom)
2019-11-18 04:03:22,468 [pool-47-thread-1] INFO  server.RaftServerConfigKeys (ConfUtils.java:logGet(43)) - raft.server.retrycache.expirytime = 600000ms (custom)
2019-11-18 04:03:22,468 [pool-27-thread-1] INFO  server.RaftServerConfigKeys (ConfUtils.java:logGet(43)) - raft.server.retrycache.expirytime = 600000ms (custom)
2019-11-18 04:03:22,468 [pool-57-thread-1] INFO  server.RaftServerConfigKeys (ConfUtils.java:logGet(43)) - raft.server.retrycache.expirytime = 600000ms (custom)
2019-11-18 04:03:22,468 [pool-67-thread-1] INFO  server.RaftServerConfigKeys (ConfUtils.java:logGet(43)) - raft.server.retrycache.expirytime = 600000ms (custom)
2019-11-18 04:03:22,468 [pool-37-thread-1] INFO  server.RaftServerConfigKeys (ConfUtils.java:logGet(43)) - raft.server.retrycache.expirytime = 600000ms (custom)
2019-11-18 04:03:22,480 [Command processor thread] INFO  impl.RaftServerProxy (RaftServerProxy.java:addNew(89)) - d5e7d411-50f4-47f9-b29f-7896844347c8: addNew group-9F7C958A7443:[d5e7d411-50f4-47f9-b29f-7896844347c8:192.168.69.70:34768] returns group-9F7C958A7443:java.util.concurrent.CompletableFuture@1a5d4e34[Not completed]
2019-11-18 04:03:22,487 [main] INFO  ozone.MiniOzoneClusterImpl (MiniOzoneClusterImpl.java:lambda$waitForClusterToBeReady$0(150)) - Nodes are ready. Got 6 of 6 DN Heartbeats.
2019-11-18 04:03:22,487 [main] INFO  ozone.MiniOzoneClusterImpl (MiniOzoneClusterImpl.java:lambda$waitForClusterToBeReady$0(153)) - Waiting for cluster to exit safe mode
2019-11-18 04:03:22,487 [pool-77-thread-1] INFO  impl.RaftServerImpl (RaftServerImpl.java:<init>(98)) - d5e7d411-50f4-47f9-b29f-7896844347c8: new RaftServerImpl for group-9F7C958A7443:[d5e7d411-50f4-47f9-b29f-7896844347c8:192.168.69.70:34768] with ContainerStateMachine:uninitialized
2019-11-18 04:03:22,488 [pool-77-thread-1] INFO  server.RaftServerConfigKeys (ConfUtils.java:logGet(43)) - raft.server.rpc.timeout.min = 5s (custom)
2019-11-18 04:03:22,488 [pool-77-thread-1] INFO  server.RaftServerConfigKeys (ConfUtils.java:logGet(43)) - raft.server.rpc.timeout.max = 5200ms (custom)
2019-11-18 04:03:22,488 [pool-77-thread-1] INFO  server.RaftServerConfigKeys (ConfUtils.java:logGet(43)) - raft.server.rpcslowness.timeout = 10s (custom)
2019-11-18 04:03:22,488 [pool-77-thread-1] INFO  server.RaftServerConfigKeys (ConfUtils.java:logGet(43)) - raft.server.sleep.deviation.threshold = 300 (default)
2019-11-18 04:03:22,489 [pool-47-thread-1] WARN  impl.MetricRegistriesImpl (MetricRegistriesImpl.java:lambda$create$1(61)) - First MetricRegistry has been created without registering reporters. You may need to call MetricRegistries.global().addReportRegistration(...) before.
2019-11-18 04:03:22,489 [pool-57-thread-1] WARN  impl.MetricRegistriesImpl (MetricRegistriesImpl.java:lambda$create$1(61)) - First MetricRegistry has been created without registering reporters. You may need to call MetricRegistries.global().addReportRegistration(...) before.
2019-11-18 04:03:22,489 [pool-37-thread-1] WARN  impl.MetricRegistriesImpl (MetricRegistriesImpl.java:lambda$create$1(61)) - First MetricRegistry has been created without registering reporters. You may need to call MetricRegistries.global().addReportRegistration(...) before.
2019-11-18 04:03:22,489 [pool-77-thread-1] INFO  server.RaftServerConfigKeys (ConfUtils.java:logGet(43)) - raft.server.log.appender.install.snapshot.enabled = false (custom)
2019-11-18 04:03:22,489 [pool-67-thread-1] WARN  impl.MetricRegistriesImpl (MetricRegistriesImpl.java:lambda$create$1(61)) - First MetricRegistry has been created without registering reporters. You may need to call MetricRegistries.global().addReportRegistration(...) before.
2019-11-18 04:03:22,489 [pool-27-thread-1] WARN  impl.MetricRegistriesImpl (MetricRegistriesImpl.java:lambda$create$1(61)) - First MetricRegistry has been created without registering reporters. You may need to call MetricRegistries.global().addReportRegistration(...) before.
2019-11-18 04:03:22,489 [pool-77-thread-1] INFO  impl.RaftServerImpl (ServerState.java:<init>(103)) - d5e7d411-50f4-47f9-b29f-7896844347c8@group-9F7C958A7443: ConfigurationManager, init=-1: [d5e7d411-50f4-47f9-b29f-7896844347c8:192.168.69.70:34768], old=null, confs=<EMPTY_MAP>
2019-11-18 04:03:22,490 [pool-77-thread-1] INFO  server.RaftServerConfigKeys (ConfUtils.java:logGet(43)) - raft.server.storage.dir = [/workdir/hadoop-ozone/integration-test/target/test-dir/MiniOzoneClusterImpl-1c214b3a-49ad-4877-b4c4-a160cd444fc4/datanode-5/data/ratis] (custom)
2019-11-18 04:03:22,490 [pool-77-thread-1] INFO  server.RaftServerConfigKeys (ConfUtils.java:logGet(43)) - raft.server.log.corruption.policy = EXCEPTION (default)
2019-11-18 04:03:22,490 [pool-47-thread-1] WARN  impl.MetricRegistriesImpl (MetricRegistriesImpl.java:lambda$create$1(61)) - First MetricRegistry has been created without registering reporters. You may need to call MetricRegistries.global().addReportRegistration(...) before.
2019-11-18 04:03:22,491 [pool-77-thread-1] INFO  storage.RaftStorageDirectory (RaftStorageDirectory.java:analyzeStorage(246)) - The storage directory /workdir/hadoop-ozone/integration-test/target/test-dir/MiniOzoneClusterImpl-1c214b3a-49ad-4877-b4c4-a160cd444fc4/datanode-5/data/ratis/ea952dbf-88c6-4fa4-8186-9f7c958a7443 does not exist. Creating ...
2019-11-18 04:03:22,490 [pool-37-thread-1] WARN  impl.MetricRegistriesImpl (MetricRegistriesImpl.java:lambda$create$1(61)) - First MetricRegistry has been created without registering reporters. You may need to call MetricRegistries.global().addReportRegistration(...) before.
2019-11-18 04:03:22,490 [pool-27-thread-1] WARN  impl.MetricRegistriesImpl (MetricRegistriesImpl.java:lambda$create$1(61)) - First MetricRegistry has been created without registering reporters. You may need to call MetricRegistries.global().addReportRegistration(...) before.
2019-11-18 04:03:22,490 [pool-67-thread-1] WARN  impl.MetricRegistriesImpl (MetricRegistriesImpl.java:lambda$create$1(61)) - First MetricRegistry has been created without registering reporters. You may need to call MetricRegistries.global().addReportRegistration(...) before.
2019-11-18 04:03:22,491 [pool-57-thread-1] WARN  impl.MetricRegistriesImpl (MetricRegistriesImpl.java:lambda$create$1(61)) - First MetricRegistry has been created without registering reporters. You may need to call MetricRegistries.global().addReportRegistration(...) before.
2019-11-18 04:03:22,492 [pool-47-thread-1] INFO  impl.RaftServerImpl (RaftServerImpl.java:start(184)) - 7b4427c1-b0d7-4726-b5d2-64b1e42b78f8@group-5D4031214BB5: start as a follower, conf=-1: [7b4427c1-b0d7-4726-b5d2-64b1e42b78f8:192.168.69.70:45450], old=null
2019-11-18 04:03:22,492 [pool-67-thread-1] INFO  impl.RaftServerImpl (RaftServerImpl.java:start(184)) - 8a75d567-d87d-444b-bd42-22fe60317c43@group-D38B73652FD8: start as a follower, conf=-1: [8a75d567-d87d-444b-bd42-22fe60317c43:192.168.69.70:37667], old=null
2019-11-18 04:03:22,492 [pool-37-thread-1] INFO  impl.RaftServerImpl (RaftServerImpl.java:start(184)) - 3e1e5366-7a40-4813-bf9e-d655d75c6ea3@group-3EA9F489A597: start as a follower, conf=-1: [3e1e5366-7a40-4813-bf9e-d655d75c6ea3:192.168.69.70:40711], old=null
2019-11-18 04:03:22,492 [pool-27-thread-1] INFO  impl.RaftServerImpl (RaftServerImpl.java:start(184)) - c1ab1948-bd06-494c-87a2-454d3d798b2a@group-24D9ACDF2F1C: start as a follower, conf=-1: [c1ab1948-bd06-494c-87a2-454d3d798b2a:192.168.69.70:35897], old=null
2019-11-18 04:03:22,492 [pool-57-thread-1] INFO  impl.RaftServerImpl (RaftServerImpl.java:start(184)) - b123ecd9-da94-41d9-8a96-a25e891cf121@group-C1B985B648D2: start as a follower, conf=-1: [b123ecd9-da94-41d9-8a96-a25e891cf121:192.168.69.70:39520], old=null
2019-11-18 04:03:22,493 [pool-47-thread-1] INFO  impl.RaftServerImpl (RaftServerImpl.java:setRole(173)) - 7b4427c1-b0d7-4726-b5d2-64b1e42b78f8@group-5D4031214BB5: changes role from      null to FOLLOWER at term 0 for startAsFollower
2019-11-18 04:03:22,493 [pool-57-thread-1] INFO  impl.RaftServerImpl (RaftServerImpl.java:setRole(173)) - b123ecd9-da94-41d9-8a96-a25e891cf121@group-C1B985B648D2: changes role from      null to FOLLOWER at term 0 for startAsFollower
2019-11-18 04:03:22,493 [pool-37-thread-1] INFO  impl.RaftServerImpl (RaftServerImpl.java:setRole(173)) - 3e1e5366-7a40-4813-bf9e-d655d75c6ea3@group-3EA9F489A597: changes role from      null to FOLLOWER at term 0 for startAsFollower
2019-11-18 04:03:22,493 [pool-67-thread-1] INFO  impl.RaftServerImpl (RaftServerImpl.java:setRole(173)) - 8a75d567-d87d-444b-bd42-22fe60317c43@group-D38B73652FD8: changes role from      null to FOLLOWER at term 0 for startAsFollower
2019-11-18 04:03:22,493 [pool-27-thread-1] INFO  impl.RaftServerImpl (RaftServerImpl.java:setRole(173)) - c1ab1948-bd06-494c-87a2-454d3d798b2a@group-24D9ACDF2F1C: changes role from      null to FOLLOWER at term 0 for startAsFollower
2019-11-18 04:03:22,494 [pool-47-thread-1] INFO  impl.RoleInfo (RoleInfo.java:updateAndGet(143)) - 7b4427c1-b0d7-4726-b5d2-64b1e42b78f8: start FollowerState
2019-11-18 04:03:22,494 [pool-37-thread-1] INFO  impl.RoleInfo (RoleInfo.java:updateAndGet(143)) - 3e1e5366-7a40-4813-bf9e-d655d75c6ea3: start FollowerState
2019-11-18 04:03:22,495 [pool-27-thread-1] INFO  impl.RoleInfo (RoleInfo.java:updateAndGet(143)) - c1ab1948-bd06-494c-87a2-454d3d798b2a: start FollowerState
2019-11-18 04:03:22,494 [pool-67-thread-1] INFO  impl.RoleInfo (RoleInfo.java:updateAndGet(143)) - 8a75d567-d87d-444b-bd42-22fe60317c43: start FollowerState
2019-11-18 04:03:22,495 [pool-57-thread-1] INFO  impl.RoleInfo (RoleInfo.java:updateAndGet(143)) - b123ecd9-da94-41d9-8a96-a25e891cf121: start FollowerState
2019-11-18 04:03:22,497 [pool-47-thread-1] INFO  util.JmxRegister (JmxRegister.java:tryRegister(44)) - Successfully registered JMX Bean with object name Ratis:service=RaftServer,group=group-5D4031214BB5,id=7b4427c1-b0d7-4726-b5d2-64b1e42b78f8
2019-11-18 04:03:22,497 [pool-27-thread-1] INFO  util.JmxRegister (JmxRegister.java:tryRegister(44)) - Successfully registered JMX Bean with object name Ratis:service=RaftServer,group=group-24D9ACDF2F1C,id=c1ab1948-bd06-494c-87a2-454d3d798b2a
2019-11-18 04:03:22,498 [pool-67-thread-1] INFO  util.JmxRegister (JmxRegister.java:tryRegister(44)) - Successfully registered JMX Bean with object name Ratis:service=RaftServer,group=group-D38B73652FD8,id=8a75d567-d87d-444b-bd42-22fe60317c43
2019-11-18 04:03:22,498 [pool-57-thread-1] INFO  util.JmxRegister (JmxRegister.java:tryRegister(44)) - Successfully registered JMX Bean with object name Ratis:service=RaftServer,group=group-C1B985B648D2,id=b123ecd9-da94-41d9-8a96-a25e891cf121
2019-11-18 04:03:22,498 [pool-37-thread-1] INFO  util.JmxRegister (JmxRegister.java:tryRegister(44)) - Successfully registered JMX Bean with object name Ratis:service=RaftServer,group=group-3EA9F489A597,id=3e1e5366-7a40-4813-bf9e-d655d75c6ea3
2019-11-18 04:03:22,499 [pool-47-thread-1] WARN  impl.MetricRegistriesImpl (MetricRegistriesImpl.java:lambda$create$1(61)) - First MetricRegistry has been created without registering reporters. You may need to call MetricRegistries.global().addReportRegistration(...) before.
2019-11-18 04:03:22,499 [pool-37-thread-1] WARN  impl.MetricRegistriesImpl (MetricRegistriesImpl.java:lambda$create$1(61)) - First MetricRegistry has been created without registering reporters. You may need to call MetricRegistries.global().addReportRegistration(...) before.
2019-11-18 04:03:22,499 [pool-67-thread-1] WARN  impl.MetricRegistriesImpl (MetricRegistriesImpl.java:lambda$create$1(61)) - First MetricRegistry has been created without registering reporters. You may need to call MetricRegistries.global().addReportRegistration(...) before.
2019-11-18 04:03:22,499 [pool-27-thread-1] WARN  impl.MetricRegistriesImpl (MetricRegistriesImpl.java:lambda$create$1(61)) - First MetricRegistry has been created without registering reporters. You may need to call MetricRegistries.global().addReportRegistration(...) before.
2019-11-18 04:03:22,499 [pool-57-thread-1] WARN  impl.MetricRegistriesImpl (MetricRegistriesImpl.java:lambda$create$1(61)) - First MetricRegistry has been created without registering reporters. You may need to call MetricRegistries.global().addReportRegistration(...) before.
2019-11-18 04:03:22,512 [Command processor thread] INFO  commandhandler.CreatePipelineCommandHandler (CreatePipelineCommandHandler.java:handle(86)) - Create Pipeline RATIS ONE #id: "8f766589-66d5-4acf-af20-c1b985b648d2"
 command succeed on datanode b123ecd9-da94-41d9-8a96-a25e891cf121.
2019-11-18 04:03:22,512 [Command processor thread] INFO  commandhandler.CreatePipelineCommandHandler (CreatePipelineCommandHandler.java:handle(86)) - Create Pipeline RATIS ONE #id: "1d550e55-74fd-4165-b387-5d4031214bb5"
 command succeed on datanode 7b4427c1-b0d7-4726-b5d2-64b1e42b78f8.
2019-11-18 04:03:22,512 [Command processor thread] INFO  commandhandler.CreatePipelineCommandHandler (CreatePipelineCommandHandler.java:handle(86)) - Create Pipeline RATIS ONE #id: "0eb9a05e-5a2d-4e7c-8e7e-d38b73652fd8"
 command succeed on datanode 8a75d567-d87d-444b-bd42-22fe60317c43.
2019-11-18 04:03:22,513 [Command processor thread] INFO  commandhandler.CreatePipelineCommandHandler (CreatePipelineCommandHandler.java:handle(86)) - Create Pipeline RATIS ONE #id: "63b24fc7-0b5d-4e44-96a7-24d9acdf2f1c"
 command succeed on datanode c1ab1948-bd06-494c-87a2-454d3d798b2a.
2019-11-18 04:03:22,513 [Command processor thread] INFO  commandhandler.CreatePipelineCommandHandler (CreatePipelineCommandHandler.java:handle(86)) - Create Pipeline RATIS ONE #id: "acfeb93b-0eae-43c0-a0ee-3ea9f489a597"
 command succeed on datanode 3e1e5366-7a40-4813-bf9e-d655d75c6ea3.
2019-11-18 04:03:22,517 [Command processor thread] INFO  impl.RaftServerProxy (RaftServerProxy.java:addNew(89)) - b123ecd9-da94-41d9-8a96-a25e891cf121: addNew group-3EC874524C2E:[8a75d567-d87d-444b-bd42-22fe60317c43:192.168.69.70:37667, b123ecd9-da94-41d9-8a96-a25e891cf121:192.168.69.70:39520, d5e7d411-50f4-47f9-b29f-7896844347c8:192.168.69.70:34768] returns group-3EC874524C2E:java.util.concurrent.CompletableFuture@41eed9f8[Not completed]
2019-11-18 04:03:22,517 [Command processor thread] INFO  impl.RaftServerProxy (RaftServerProxy.java:addNew(89)) - c1ab1948-bd06-494c-87a2-454d3d798b2a: addNew group-C20DCC66496C:[3e1e5366-7a40-4813-bf9e-d655d75c6ea3:192.168.69.70:40711, c1ab1948-bd06-494c-87a2-454d3d798b2a:192.168.69.70:35897, 7b4427c1-b0d7-4726-b5d2-64b1e42b78f8:192.168.69.70:45450] returns group-C20DCC66496C:java.util.concurrent.CompletableFuture@41934bcc[Not completed]
2019-11-18 04:03:22,517 [Command processor thread] INFO  impl.RaftServerProxy (RaftServerProxy.java:addNew(89)) - 3e1e5366-7a40-4813-bf9e-d655d75c6ea3: addNew group-C20DCC66496C:[3e1e5366-7a40-4813-bf9e-d655d75c6ea3:192.168.69.70:40711, c1ab1948-bd06-494c-87a2-454d3d798b2a:192.168.69.70:35897, 7b4427c1-b0d7-4726-b5d2-64b1e42b78f8:192.168.69.70:45450] returns group-C20DCC66496C:java.util.concurrent.CompletableFuture@7a288d05[Not completed]
2019-11-18 04:03:22,517 [Command processor thread] INFO  impl.RaftServerProxy (RaftServerProxy.java:addNew(89)) - 8a75d567-d87d-444b-bd42-22fe60317c43: addNew group-3EC874524C2E:[8a75d567-d87d-444b-bd42-22fe60317c43:192.168.69.70:37667, b123ecd9-da94-41d9-8a96-a25e891cf121:192.168.69.70:39520, d5e7d411-50f4-47f9-b29f-7896844347c8:192.168.69.70:34768] returns group-3EC874524C2E:java.util.concurrent.CompletableFuture@74c4f901[Not completed]
2019-11-18 04:03:22,517 [Command processor thread] INFO  impl.RaftServerProxy (RaftServerProxy.java:addNew(89)) - 7b4427c1-b0d7-4726-b5d2-64b1e42b78f8: addNew group-C20DCC66496C:[3e1e5366-7a40-4813-bf9e-d655d75c6ea3:192.168.69.70:40711, c1ab1948-bd06-494c-87a2-454d3d798b2a:192.168.69.70:35897, 7b4427c1-b0d7-4726-b5d2-64b1e42b78f8:192.168.69.70:45450] returns group-C20DCC66496C:java.util.concurrent.CompletableFuture@722190d4[Not completed]
2019-11-18 04:03:22,521 [pool-57-thread-1] INFO  impl.RaftServerImpl (RaftServerImpl.java:<init>(98)) - b123ecd9-da94-41d9-8a96-a25e891cf121: new RaftServerImpl for group-3EC874524C2E:[8a75d567-d87d-444b-bd42-22fe60317c43:192.168.69.70:37667, b123ecd9-da94-41d9-8a96-a25e891cf121:192.168.69.70:39520, d5e7d411-50f4-47f9-b29f-7896844347c8:192.168.69.70:34768] with ContainerStateMachine:uninitialized
2019-11-18 04:03:22,521 [pool-57-thread-1] INFO  server.RaftServerConfigKeys (ConfUtils.java:logGet(43)) - raft.server.rpc.timeout.min = 5s (custom)
2019-11-18 04:03:22,521 [pool-57-thread-1] INFO  server.RaftServerConfigKeys (ConfUtils.java:logGet(43)) - raft.server.rpc.timeout.max = 5200ms (custom)
2019-11-18 04:03:22,521 [pool-57-thread-1] INFO  server.RaftServerConfigKeys (ConfUtils.java:logGet(43)) - raft.server.rpcslowness.timeout = 10s (custom)
2019-11-18 04:03:22,522 [pool-57-thread-1] INFO  server.RaftServerConfigKeys (ConfUtils.java:logGet(43)) - raft.server.sleep.deviation.threshold = 300 (default)
2019-11-18 04:03:22,522 [pool-57-thread-1] INFO  server.RaftServerConfigKeys (ConfUtils.java:logGet(43)) - raft.server.log.appender.install.snapshot.enabled = false (custom)
2019-11-18 04:03:22,522 [pool-57-thread-1] INFO  impl.RaftServerImpl (ServerState.java:<init>(103)) - b123ecd9-da94-41d9-8a96-a25e891cf121@group-3EC874524C2E: ConfigurationManager, init=-1: [8a75d567-d87d-444b-bd42-22fe60317c43:192.168.69.70:37667, b123ecd9-da94-41d9-8a96-a25e891cf121:192.168.69.70:39520, d5e7d411-50f4-47f9-b29f-7896844347c8:192.168.69.70:34768], old=null, confs=<EMPTY_MAP>
2019-11-18 04:03:22,522 [pool-27-thread-1] INFO  impl.RaftServerImpl (RaftServerImpl.java:<init>(98)) - c1ab1948-bd06-494c-87a2-454d3d798b2a: new RaftServerImpl for group-C20DCC66496C:[3e1e5366-7a40-4813-bf9e-d655d75c6ea3:192.168.69.70:40711, c1ab1948-bd06-494c-87a2-454d3d798b2a:192.168.69.70:35897, 7b4427c1-b0d7-4726-b5d2-64b1e42b78f8:192.168.69.70:45450] with ContainerStateMachine:uninitialized
2019-11-18 04:03:22,522 [pool-57-thread-1] INFO  server.RaftServerConfigKeys (ConfUtils.java:logGet(43)) - raft.server.storage.dir = [/workdir/hadoop-ozone/integration-test/target/test-dir/MiniOzoneClusterImpl-1c214b3a-49ad-4877-b4c4-a160cd444fc4/datanode-3/data/ratis] (custom)
2019-11-18 04:03:22,522 [pool-27-thread-1] INFO  server.RaftServerConfigKeys (ConfUtils.java:logGet(43)) - raft.server.rpc.timeout.min = 5s (custom)
2019-11-18 04:03:22,522 [pool-27-thread-1] INFO  server.RaftServerConfigKeys (ConfUtils.java:logGet(43)) - raft.server.rpc.timeout.max = 5200ms (custom)
2019-11-18 04:03:22,523 [pool-57-thread-1] INFO  server.RaftServerConfigKeys (ConfUtils.java:logGet(43)) - raft.server.log.corruption.policy = EXCEPTION (default)
2019-11-18 04:03:22,523 [pool-27-thread-1] INFO  server.RaftServerConfigKeys (ConfUtils.java:logGet(43)) - raft.server.rpcslowness.timeout = 10s (custom)
2019-11-18 04:03:22,523 [pool-47-thread-1] INFO  impl.RaftServerImpl (RaftServerImpl.java:<init>(98)) - 7b4427c1-b0d7-4726-b5d2-64b1e42b78f8: new RaftServerImpl for group-C20DCC66496C:[3e1e5366-7a40-4813-bf9e-d655d75c6ea3:192.168.69.70:40711, c1ab1948-bd06-494c-87a2-454d3d798b2a:192.168.69.70:35897, 7b4427c1-b0d7-4726-b5d2-64b1e42b78f8:192.168.69.70:45450] with ContainerStateMachine:uninitialized
2019-11-18 04:03:22,523 [pool-27-thread-1] INFO  server.RaftServerConfigKeys (ConfUtils.java:logGet(43)) - raft.server.sleep.deviation.threshold = 300 (default)
2019-11-18 04:03:22,523 [pool-57-thread-1] INFO  storage.RaftStorageDirectory (RaftStorageDirectory.java:analyzeStorage(246)) - The storage directory /workdir/hadoop-ozone/integration-test/target/test-dir/MiniOzoneClusterImpl-1c214b3a-49ad-4877-b4c4-a160cd444fc4/datanode-3/data/ratis/2d2fe9e4-643b-4b89-841f-3ec874524c2e does not exist. Creating ...
2019-11-18 04:03:22,523 [pool-27-thread-1] INFO  server.RaftServerConfigKeys (ConfUtils.java:logGet(43)) - raft.server.log.appender.install.snapshot.enabled = false (custom)
2019-11-18 04:03:22,523 [pool-27-thread-1] INFO  impl.RaftServerImpl (ServerState.java:<init>(103)) - c1ab1948-bd06-494c-87a2-454d3d798b2a@group-C20DCC66496C: ConfigurationManager, init=-1: [3e1e5366-7a40-4813-bf9e-d655d75c6ea3:192.168.69.70:40711, c1ab1948-bd06-494c-87a2-454d3d798b2a:192.168.69.70:35897, 7b4427c1-b0d7-4726-b5d2-64b1e42b78f8:192.168.69.70:45450], old=null, confs=<EMPTY_MAP>
2019-11-18 04:03:22,523 [pool-27-thread-1] INFO  server.RaftServerConfigKeys (ConfUtils.java:logGet(43)) - raft.server.storage.dir = [/workdir/hadoop-ozone/integration-test/target/test-dir/MiniOzoneClusterImpl-1c214b3a-49ad-4877-b4c4-a160cd444fc4/datanode-0/data/ratis] (custom)
2019-11-18 04:03:22,524 [pool-27-thread-1] INFO  server.RaftServerConfigKeys (ConfUtils.java:logGet(43)) - raft.server.log.corruption.policy = EXCEPTION (default)
2019-11-18 04:03:22,524 [pool-67-thread-1] INFO  impl.RaftServerImpl (RaftServerImpl.java:<init>(98)) - 8a75d567-d87d-444b-bd42-22fe60317c43: new RaftServerImpl for group-3EC874524C2E:[8a75d567-d87d-444b-bd42-22fe60317c43:192.168.69.70:37667, b123ecd9-da94-41d9-8a96-a25e891cf121:192.168.69.70:39520, d5e7d411-50f4-47f9-b29f-7896844347c8:192.168.69.70:34768] with ContainerStateMachine:uninitialized
2019-11-18 04:03:22,524 [pool-67-thread-1] INFO  server.RaftServerConfigKeys (ConfUtils.java:logGet(43)) - raft.server.rpc.timeout.min = 5s (custom)
2019-11-18 04:03:22,523 [pool-47-thread-1] INFO  server.RaftServerConfigKeys (ConfUtils.java:logGet(43)) - raft.server.rpc.timeout.min = 5s (custom)
2019-11-18 04:03:22,524 [pool-67-thread-1] INFO  server.RaftServerConfigKeys (ConfUtils.java:logGet(43)) - raft.server.rpc.timeout.max = 5200ms (custom)
2019-11-18 04:03:22,524 [pool-27-thread-1] INFO  storage.RaftStorageDirectory (RaftStorageDirectory.java:analyzeStorage(246)) - The storage directory /workdir/hadoop-ozone/integration-test/target/test-dir/MiniOzoneClusterImpl-1c214b3a-49ad-4877-b4c4-a160cd444fc4/datanode-0/data/ratis/36dc783b-6e58-4416-920c-c20dcc66496c does not exist. Creating ...
2019-11-18 04:03:22,523 [pool-37-thread-1] INFO  impl.RaftServerImpl (RaftServerImpl.java:<init>(98)) - 3e1e5366-7a40-4813-bf9e-d655d75c6ea3: new RaftServerImpl for group-C20DCC66496C:[3e1e5366-7a40-4813-bf9e-d655d75c6ea3:192.168.69.70:40711, c1ab1948-bd06-494c-87a2-454d3d798b2a:192.168.69.70:35897, 7b4427c1-b0d7-4726-b5d2-64b1e42b78f8:192.168.69.70:45450] with ContainerStateMachine:uninitialized
2019-11-18 04:03:22,524 [pool-67-thread-1] INFO  server.RaftServerConfigKeys (ConfUtils.java:logGet(43)) - raft.server.rpcslowness.timeout = 10s (custom)
2019-11-18 04:03:22,525 [pool-67-thread-1] INFO  server.RaftServerConfigKeys (ConfUtils.java:logGet(43)) - raft.server.sleep.deviation.threshold = 300 (default)
2019-11-18 04:03:22,524 [pool-47-thread-1] INFO  server.RaftServerConfigKeys (ConfUtils.java:logGet(43)) - raft.server.rpc.timeout.max = 5200ms (custom)
2019-11-18 04:03:22,525 [pool-67-thread-1] INFO  server.RaftServerConfigKeys (ConfUtils.java:logGet(43)) - raft.server.log.appender.install.snapshot.enabled = false (custom)
2019-11-18 04:03:22,525 [pool-47-thread-1] INFO  server.RaftServerConfigKeys (ConfUtils.java:logGet(43)) - raft.server.rpcslowness.timeout = 10s (custom)
2019-11-18 04:03:22,525 [pool-37-thread-1] INFO  server.RaftServerConfigKeys (ConfUtils.java:logGet(43)) - raft.server.rpc.timeout.min = 5s (custom)
2019-11-18 04:03:22,525 [pool-47-thread-1] INFO  server.RaftServerConfigKeys (ConfUtils.java:logGet(43)) - raft.server.sleep.deviation.threshold = 300 (default)
2019-11-18 04:03:22,525 [pool-67-thread-1] INFO  impl.RaftServerImpl (ServerState.java:<init>(103)) - 8a75d567-d87d-444b-bd42-22fe60317c43@group-3EC874524C2E: ConfigurationManager, init=-1: [8a75d567-d87d-444b-bd42-22fe60317c43:192.168.69.70:37667, b123ecd9-da94-41d9-8a96-a25e891cf121:192.168.69.70:39520, d5e7d411-50f4-47f9-b29f-7896844347c8:192.168.69.70:34768], old=null, confs=<EMPTY_MAP>
2019-11-18 04:03:22,526 [pool-47-thread-1] INFO  server.RaftServerConfigKeys (ConfUtils.java:logGet(43)) - raft.server.log.appender.install.snapshot.enabled = false (custom)
2019-11-18 04:03:22,525 [pool-37-thread-1] INFO  server.RaftServerConfigKeys (ConfUtils.java:logGet(43)) - raft.server.rpc.timeout.max = 5200ms (custom)
2019-11-18 04:03:22,526 [pool-47-thread-1] INFO  impl.RaftServerImpl (ServerState.java:<init>(103)) - 7b4427c1-b0d7-4726-b5d2-64b1e42b78f8@group-C20DCC66496C: ConfigurationManager, init=-1: [3e1e5366-7a40-4813-bf9e-d655d75c6ea3:192.168.69.70:40711, c1ab1948-bd06-494c-87a2-454d3d798b2a:192.168.69.70:35897, 7b4427c1-b0d7-4726-b5d2-64b1e42b78f8:192.168.69.70:45450], old=null, confs=<EMPTY_MAP>
2019-11-18 04:03:22,526 [pool-67-thread-1] INFO  server.RaftServerConfigKeys (ConfUtils.java:logGet(43)) - raft.server.storage.dir = [/workdir/hadoop-ozone/integration-test/target/test-dir/MiniOzoneClusterImpl-1c214b3a-49ad-4877-b4c4-a160cd444fc4/datanode-4/data/ratis] (custom)
2019-11-18 04:03:22,526 [pool-37-thread-1] INFO  server.RaftServerConfigKeys (ConfUtils.java:logGet(43)) - raft.server.rpcslowness.timeout = 10s (custom)
2019-11-18 04:03:22,526 [pool-47-thread-1] INFO  server.RaftServerConfigKeys (ConfUtils.java:logGet(43)) - raft.server.storage.dir = [/workdir/hadoop-ozone/integration-test/target/test-dir/MiniOzoneClusterImpl-1c214b3a-49ad-4877-b4c4-a160cd444fc4/datanode-2/data/ratis] (custom)
2019-11-18 04:03:22,526 [pool-67-thread-1] INFO  server.RaftServerConfigKeys (ConfUtils.java:logGet(43)) - raft.server.log.corruption.policy = EXCEPTION (default)
2019-11-18 04:03:22,526 [pool-37-thread-1] INFO  server.RaftServerConfigKeys (ConfUtils.java:logGet(43)) - raft.server.sleep.deviation.threshold = 300 (default)
2019-11-18 04:03:22,527 [pool-67-thread-1] INFO  storage.RaftStorageDirectory (RaftStorageDirectory.java:analyzeStorage(246)) - The storage directory /workdir/hadoop-ozone/integration-test/target/test-dir/MiniOzoneClusterImpl-1c214b3a-49ad-4877-b4c4-a160cd444fc4/datanode-4/data/ratis/2d2fe9e4-643b-4b89-841f-3ec874524c2e does not exist. Creating ...
2019-11-18 04:03:22,527 [pool-47-thread-1] INFO  server.RaftServerConfigKeys (ConfUtils.java:logGet(43)) - raft.server.log.corruption.policy = EXCEPTION (default)
2019-11-18 04:03:22,527 [pool-37-thread-1] INFO  server.RaftServerConfigKeys (ConfUtils.java:logGet(43)) - raft.server.log.appender.install.snapshot.enabled = false (custom)
2019-11-18 04:03:22,528 [pool-37-thread-1] INFO  impl.RaftServerImpl (ServerState.java:<init>(103)) - 3e1e5366-7a40-4813-bf9e-d655d75c6ea3@group-C20DCC66496C: ConfigurationManager, init=-1: [3e1e5366-7a40-4813-bf9e-d655d75c6ea3:192.168.69.70:40711, c1ab1948-bd06-494c-87a2-454d3d798b2a:192.168.69.70:35897, 7b4427c1-b0d7-4726-b5d2-64b1e42b78f8:192.168.69.70:45450], old=null, confs=<EMPTY_MAP>
2019-11-18 04:03:22,530 [pool-47-thread-1] INFO  storage.RaftStorageDirectory (RaftStorageDirectory.java:analyzeStorage(246)) - The storage directory /workdir/hadoop-ozone/integration-test/target/test-dir/MiniOzoneClusterImpl-1c214b3a-49ad-4877-b4c4-a160cd444fc4/datanode-2/data/ratis/36dc783b-6e58-4416-920c-c20dcc66496c does not exist. Creating ...
2019-11-18 04:03:22,532 [pool-37-thread-1] INFO  server.RaftServerConfigKeys (ConfUtils.java:logGet(43)) - raft.server.storage.dir = [/workdir/hadoop-ozone/integration-test/target/test-dir/MiniOzoneClusterImpl-1c214b3a-49ad-4877-b4c4-a160cd444fc4/datanode-1/data/ratis] (custom)
2019-11-18 04:03:22,533 [pool-37-thread-1] INFO  server.RaftServerConfigKeys (ConfUtils.java:logGet(43)) - raft.server.log.corruption.policy = EXCEPTION (default)
2019-11-18 04:03:22,533 [pool-37-thread-1] INFO  storage.RaftStorageDirectory (RaftStorageDirectory.java:analyzeStorage(246)) - The storage directory /workdir/hadoop-ozone/integration-test/target/test-dir/MiniOzoneClusterImpl-1c214b3a-49ad-4877-b4c4-a160cd444fc4/datanode-1/data/ratis/36dc783b-6e58-4416-920c-c20dcc66496c does not exist. Creating ...
2019-11-18 04:03:22,534 [EventQueue-PipelineReportForPipelineReportHandler] INFO  pipeline.PipelineReportHandler (PipelineReportHandler.java:processPipelineReport(113)) - Pipeline ONE PipelineID=acfeb93b-0eae-43c0-a0ee-3ea9f489a597 reported by 3e1e5366-7a40-4813-bf9e-d655d75c6ea3{ip: 192.168.69.70, host: pr-hdds-2386-sqzzd-3930412762, networkLocation: /default-rack, certSerialId: null}
2019-11-18 04:03:22,534 [EventQueue-PipelineReportForPipelineReportHandler] INFO  pipeline.PipelineStateManager (PipelineStateManager.java:openPipeline(132)) - Pipeline Pipeline[ Id: acfeb93b-0eae-43c0-a0ee-3ea9f489a597, Nodes: 3e1e5366-7a40-4813-bf9e-d655d75c6ea3{ip: 192.168.69.70, host: pr-hdds-2386-sqzzd-3930412762, networkLocation: /default-rack, certSerialId: null}, Type:RATIS, Factor:ONE, State:ALLOCATED] moved to OPEN state
2019-11-18 04:03:22,537 [EventQueue-OpenPipelineForOneReplicaPipelineSafeModeRule] INFO  safemode.SCMSafeModeManager (SCMSafeModeManager.java:validateSafeModeExitRules(176)) - AtleastOneDatanodeReportedRule rule is successfully validated
2019-11-18 04:03:22,537 [EventQueue-PipelineReportForPipelineReportHandler] INFO  pipeline.PipelineReportHandler (PipelineReportHandler.java:processPipelineReport(113)) - Pipeline ONE PipelineID=1d550e55-74fd-4165-b387-5d4031214bb5 reported by 7b4427c1-b0d7-4726-b5d2-64b1e42b78f8{ip: 192.168.69.70, host: pr-hdds-2386-sqzzd-3930412762, networkLocation: /default-rack, certSerialId: null}
2019-11-18 04:03:22,537 [EventQueue-OpenPipelineForHealthyPipelineSafeModeRule] INFO  safemode.SCMSafeModeManager (HealthyPipelineSafeModeRule.java:process(132)) - SCM in safe mode. Healthy pipelines reported count is 0, required healthy pipeline reported count is 1
2019-11-18 04:03:22,538 [EventQueue-PipelineReportForPipelineReportHandler] INFO  pipeline.PipelineStateManager (PipelineStateManager.java:openPipeline(132)) - Pipeline Pipeline[ Id: 1d550e55-74fd-4165-b387-5d4031214bb5, Nodes: 7b4427c1-b0d7-4726-b5d2-64b1e42b78f8{ip: 192.168.69.70, host: pr-hdds-2386-sqzzd-3930412762, networkLocation: /default-rack, certSerialId: null}, Type:RATIS, Factor:ONE, State:ALLOCATED] moved to OPEN state
2019-11-18 04:03:22,538 [EventQueue-OpenPipelineForHealthyPipelineSafeModeRule] INFO  safemode.SCMSafeModeManager (HealthyPipelineSafeModeRule.java:process(132)) - SCM in safe mode. Healthy pipelines reported count is 0, required healthy pipeline reported count is 1
2019-11-18 04:03:22,538 [EventQueue-PipelineReportForPipelineReportHandler] INFO  pipeline.PipelineReportHandler (PipelineReportHandler.java:processPipelineReport(113)) - Pipeline ONE PipelineID=63b24fc7-0b5d-4e44-96a7-24d9acdf2f1c reported by c1ab1948-bd06-494c-87a2-454d3d798b2a{ip: 192.168.69.70, host: pr-hdds-2386-sqzzd-3930412762, networkLocation: /default-rack, certSerialId: null}
2019-11-18 04:03:22,538 [EventQueue-OpenPipelineForOneReplicaPipelineSafeModeRule] INFO  safemode.SCMSafeModeManager (SCMSafeModeManager.java:validateSafeModeExitRules(176)) - AtleastOneDatanodeReportedRule rule is successfully validated
2019-11-18 04:03:22,538 [pool-77-thread-1] INFO  storage.RaftStorageDirectory (RaftStorageDirectory.java:tryLock(328)) - Lock on /workdir/hadoop-ozone/integration-test/target/test-dir/MiniOzoneClusterImpl-1c214b3a-49ad-4877-b4c4-a160cd444fc4/datanode-5/data/ratis/ea952dbf-88c6-4fa4-8186-9f7c958a7443/in_use.lock acquired by nodename 22071@pr-hdds-2386-sqzzd-3930412762
2019-11-18 04:03:22,538 [EventQueue-PipelineReportForPipelineReportHandler] INFO  pipeline.PipelineStateManager (PipelineStateManager.java:openPipeline(132)) - Pipeline Pipeline[ Id: 63b24fc7-0b5d-4e44-96a7-24d9acdf2f1c, Nodes: c1ab1948-bd06-494c-87a2-454d3d798b2a{ip: 192.168.69.70, host: pr-hdds-2386-sqzzd-3930412762, networkLocation: /default-rack, certSerialId: null}, Type:RATIS, Factor:ONE, State:ALLOCATED] moved to OPEN state
2019-11-18 04:03:22,539 [EventQueue-OpenPipelineForOneReplicaPipelineSafeModeRule] INFO  safemode.SCMSafeModeManager (SCMSafeModeManager.java:validateSafeModeExitRules(176)) - AtleastOneDatanodeReportedRule rule is successfully validated
2019-11-18 04:03:22,539 [EventQueue-PipelineReportForPipelineReportHandler] INFO  pipeline.PipelineReportHandler (PipelineReportHandler.java:processPipelineReport(113)) - Pipeline ONE PipelineID=8f766589-66d5-4acf-af20-c1b985b648d2 reported by b123ecd9-da94-41d9-8a96-a25e891cf121{ip: 192.168.69.70, host: pr-hdds-2386-sqzzd-3930412762, networkLocation: /default-rack, certSerialId: null}
2019-11-18 04:03:22,539 [EventQueue-OpenPipelineForHealthyPipelineSafeModeRule] INFO  safemode.SCMSafeModeManager (HealthyPipelineSafeModeRule.java:process(132)) - SCM in safe mode. Healthy pipelines reported count is 0, required healthy pipeline reported count is 1
2019-11-18 04:03:22,539 [EventQueue-PipelineReportForPipelineReportHandler] INFO  pipeline.PipelineStateManager (PipelineStateManager.java:openPipeline(132)) - Pipeline Pipeline[ Id: 8f766589-66d5-4acf-af20-c1b985b648d2, Nodes: b123ecd9-da94-41d9-8a96-a25e891cf121{ip: 192.168.69.70, host: pr-hdds-2386-sqzzd-3930412762, networkLocation: /default-rack, certSerialId: null}, Type:RATIS, Factor:ONE, State:ALLOCATED] moved to OPEN state
2019-11-18 04:03:22,539 [EventQueue-OpenPipelineForHealthyPipelineSafeModeRule] INFO  safemode.SCMSafeModeManager (HealthyPipelineSafeModeRule.java:process(132)) - SCM in safe mode. Healthy pipelines reported count is 0, required healthy pipeline reported count is 1
2019-11-18 04:03:22,539 [EventQueue-PipelineReportForPipelineReportHandler] INFO  pipeline.PipelineReportHandler (PipelineReportHandler.java:processPipelineReport(113)) - Pipeline ONE PipelineID=0eb9a05e-5a2d-4e7c-8e7e-d38b73652fd8 reported by 8a75d567-d87d-444b-bd42-22fe60317c43{ip: 192.168.69.70, host: pr-hdds-2386-sqzzd-3930412762, networkLocation: /default-rack, certSerialId: null}
2019-11-18 04:03:22,539 [EventQueue-OpenPipelineForOneReplicaPipelineSafeModeRule] INFO  safemode.SCMSafeModeManager (SCMSafeModeManager.java:validateSafeModeExitRules(176)) - AtleastOneDatanodeReportedRule rule is successfully validated
2019-11-18 04:03:22,539 [EventQueue-PipelineReportForPipelineReportHandler] INFO  pipeline.PipelineStateManager (PipelineStateManager.java:openPipeline(132)) - Pipeline Pipeline[ Id: 0eb9a05e-5a2d-4e7c-8e7e-d38b73652fd8, Nodes: 8a75d567-d87d-444b-bd42-22fe60317c43{ip: 192.168.69.70, host: pr-hdds-2386-sqzzd-3930412762, networkLocation: /default-rack, certSerialId: null}, Type:RATIS, Factor:ONE, State:ALLOCATED] moved to OPEN state
2019-11-18 04:03:22,540 [EventQueue-OpenPipelineForOneReplicaPipelineSafeModeRule] INFO  safemode.SCMSafeModeManager (SCMSafeModeManager.java:validateSafeModeExitRules(176)) - AtleastOneDatanodeReportedRule rule is successfully validated
2019-11-18 04:03:22,540 [EventQueue-OpenPipelineForHealthyPipelineSafeModeRule] INFO  safemode.SCMSafeModeManager (HealthyPipelineSafeModeRule.java:process(132)) - SCM in safe mode. Healthy pipelines reported count is 0, required healthy pipeline reported count is 1
2019-11-18 04:03:22,553 [pool-57-thread-1] INFO  storage.RaftStorageDirectory (RaftStorageDirectory.java:tryLock(328)) - Lock on /workdir/hadoop-ozone/integration-test/target/test-dir/MiniOzoneClusterImpl-1c214b3a-49ad-4877-b4c4-a160cd444fc4/datanode-3/data/ratis/2d2fe9e4-643b-4b89-841f-3ec874524c2e/in_use.lock acquired by nodename 22071@pr-hdds-2386-sqzzd-3930412762
2019-11-18 04:03:22,553 [pool-37-thread-1] INFO  storage.RaftStorageDirectory (RaftStorageDirectory.java:tryLock(328)) - Lock on /workdir/hadoop-ozone/integration-test/target/test-dir/MiniOzoneClusterImpl-1c214b3a-49ad-4877-b4c4-a160cd444fc4/datanode-1/data/ratis/36dc783b-6e58-4416-920c-c20dcc66496c/in_use.lock acquired by nodename 22071@pr-hdds-2386-sqzzd-3930412762
2019-11-18 04:03:22,553 [pool-47-thread-1] INFO  storage.RaftStorageDirectory (RaftStorageDirectory.java:tryLock(328)) - Lock on /workdir/hadoop-ozone/integration-test/target/test-dir/MiniOzoneClusterImpl-1c214b3a-49ad-4877-b4c4-a160cd444fc4/datanode-2/data/ratis/36dc783b-6e58-4416-920c-c20dcc66496c/in_use.lock acquired by nodename 22071@pr-hdds-2386-sqzzd-3930412762
2019-11-18 04:03:22,553 [pool-27-thread-1] INFO  storage.RaftStorageDirectory (RaftStorageDirectory.java:tryLock(328)) - Lock on /workdir/hadoop-ozone/integration-test/target/test-dir/MiniOzoneClusterImpl-1c214b3a-49ad-4877-b4c4-a160cd444fc4/datanode-0/data/ratis/36dc783b-6e58-4416-920c-c20dcc66496c/in_use.lock acquired by nodename 22071@pr-hdds-2386-sqzzd-3930412762
2019-11-18 04:03:22,553 [pool-67-thread-1] INFO  storage.RaftStorageDirectory (RaftStorageDirectory.java:tryLock(328)) - Lock on /workdir/hadoop-ozone/integration-test/target/test-dir/MiniOzoneClusterImpl-1c214b3a-49ad-4877-b4c4-a160cd444fc4/datanode-4/data/ratis/2d2fe9e4-643b-4b89-841f-3ec874524c2e/in_use.lock acquired by nodename 22071@pr-hdds-2386-sqzzd-3930412762
2019-11-18 04:03:22,569 [pool-77-thread-1] INFO  storage.RaftStorage (RaftStorage.java:format(84)) - Storage directory /workdir/hadoop-ozone/integration-test/target/test-dir/MiniOzoneClusterImpl-1c214b3a-49ad-4877-b4c4-a160cd444fc4/datanode-5/data/ratis/ea952dbf-88c6-4fa4-8186-9f7c958a7443 has been successfully formatted.
2019-11-18 04:03:22,569 [pool-77-thread-1] INFO  ratis.ContainerStateMachine (ContainerStateMachine.java:loadSnapshot(223)) - group-9F7C958A7443: The snapshot info is null. Setting the last applied indexto:(t:0, i:~)
2019-11-18 04:03:22,569 [pool-77-thread-1] INFO  server.RaftServerConfigKeys (ConfUtils.java:logGet(43)) - raft.server.notification.no-leader.timeout = 10s (custom)
2019-11-18 04:03:22,570 [pool-77-thread-1] INFO  server.RaftServerConfigKeys (ConfUtils.java:logGet(43)) - raft.server.log.use.memory = false (default)
2019-11-18 04:03:22,570 [pool-77-thread-1] INFO  server.RaftServerConfigKeys (ConfUtils.java:logGet(43)) - raft.server.log.purge.gap = 1000000 (custom)
2019-11-18 04:03:22,570 [pool-47-thread-1] INFO  storage.RaftStorage (RaftStorage.java:format(84)) - Storage directory /workdir/hadoop-ozone/integration-test/target/test-dir/MiniOzoneClusterImpl-1c214b3a-49ad-4877-b4c4-a160cd444fc4/datanode-2/data/ratis/36dc783b-6e58-4416-920c-c20dcc66496c has been successfully formatted.
2019-11-18 04:03:22,570 [pool-57-thread-1] INFO  storage.RaftStorage (RaftStorage.java:format(84)) - Storage directory /workdir/hadoop-ozone/integration-test/target/test-dir/MiniOzoneClusterImpl-1c214b3a-49ad-4877-b4c4-a160cd444fc4/datanode-3/data/ratis/2d2fe9e4-643b-4b89-841f-3ec874524c2e has been successfully formatted.
2019-11-18 04:03:22,570 [pool-47-thread-1] INFO  ratis.ContainerStateMachine (ContainerStateMachine.java:loadSnapshot(223)) - group-C20DCC66496C: The snapshot info is null. Setting the last applied indexto:(t:0, i:~)
2019-11-18 04:03:22,570 [pool-37-thread-1] INFO  storage.RaftStorage (RaftStorage.java:format(84)) - Storage directory /workdir/hadoop-ozone/integration-test/target/test-dir/MiniOzoneClusterImpl-1c214b3a-49ad-4877-b4c4-a160cd444fc4/datanode-1/data/ratis/36dc783b-6e58-4416-920c-c20dcc66496c has been successfully formatted.
2019-11-18 04:03:22,570 [pool-77-thread-1] INFO  server.RaftServerConfigKeys (ConfUtils.java:logGet(43)) - raft.server.log.appender.buffer.byte-limit = 33554432 (custom)
2019-11-18 04:03:22,570 [pool-27-thread-1] INFO  storage.RaftStorage (RaftStorage.java:format(84)) - Storage directory /workdir/hadoop-ozone/integration-test/target/test-dir/MiniOzoneClusterImpl-1c214b3a-49ad-4877-b4c4-a160cd444fc4/datanode-0/data/ratis/36dc783b-6e58-4416-920c-c20dcc66496c has been successfully formatted.
2019-11-18 04:03:22,570 [pool-67-thread-1] INFO  storage.RaftStorage (RaftStorage.java:format(84)) - Storage directory /workdir/hadoop-ozone/integration-test/target/test-dir/MiniOzoneClusterImpl-1c214b3a-49ad-4877-b4c4-a160cd444fc4/datanode-4/data/ratis/2d2fe9e4-643b-4b89-841f-3ec874524c2e has been successfully formatted.
2019-11-18 04:03:22,571 [pool-77-thread-1] INFO  server.RaftServerConfigKeys (ConfUtils.java:logGet(43)) - raft.server.log.segment.size.max = 1048576 (custom)
2019-11-18 04:03:22,570 [pool-37-thread-1] INFO  ratis.ContainerStateMachine (ContainerStateMachine.java:loadSnapshot(223)) - group-C20DCC66496C: The snapshot info is null. Setting the last applied indexto:(t:0, i:~)
2019-11-18 04:03:22,570 [pool-57-thread-1] INFO  ratis.ContainerStateMachine (ContainerStateMachine.java:loadSnapshot(223)) - group-3EC874524C2E: The snapshot info is null. Setting the last applied indexto:(t:0, i:~)
2019-11-18 04:03:22,570 [pool-47-thread-1] INFO  server.RaftServerConfigKeys (ConfUtils.java:logGet(43)) - raft.server.notification.no-leader.timeout = 10s (custom)
2019-11-18 04:03:22,571 [pool-57-thread-1] INFO  server.RaftServerConfigKeys (ConfUtils.java:logGet(43)) - raft.server.notification.no-leader.timeout = 10s (custom)
2019-11-18 04:03:22,571 [pool-37-thread-1] INFO  server.RaftServerConfigKeys (ConfUtils.java:logGet(43)) - raft.server.notification.no-leader.timeout = 10s (custom)
2019-11-18 04:03:22,571 [pool-77-thread-1] WARN  impl.MetricRegistriesImpl (MetricRegistriesImpl.java:lambda$create$1(61)) - First MetricRegistry has been created without registering reporters. You may need to call MetricRegistries.global().addReportRegistration(...) before.
2019-11-18 04:03:22,571 [pool-67-thread-1] INFO  ratis.ContainerStateMachine (ContainerStateMachine.java:loadSnapshot(223)) - group-3EC874524C2E: The snapshot info is null. Setting the last applied indexto:(t:0, i:~)
2019-11-18 04:03:22,571 [pool-27-thread-1] INFO  ratis.ContainerStateMachine (ContainerStateMachine.java:loadSnapshot(223)) - group-C20DCC66496C: The snapshot info is null. Setting the last applied indexto:(t:0, i:~)
2019-11-18 04:03:22,572 [pool-67-thread-1] INFO  server.RaftServerConfigKeys (ConfUtils.java:logGet(43)) - raft.server.notification.no-leader.timeout = 10s (custom)
2019-11-18 04:03:22,572 [pool-77-thread-1] INFO  server.RaftServerConfigKeys (ConfUtils.java:logGet(43)) - raft.server.log.segment.cache.num.max = 2 (custom)
2019-11-18 04:03:22,571 [pool-37-thread-1] INFO  server.RaftServerConfigKeys (ConfUtils.java:logGet(43)) - raft.server.log.use.memory = false (default)
2019-11-18 04:03:22,571 [pool-57-thread-1] INFO  server.RaftServerConfigKeys (ConfUtils.java:logGet(43)) - raft.server.log.use.memory = false (default)
2019-11-18 04:03:22,571 [pool-47-thread-1] INFO  server.RaftServerConfigKeys (ConfUtils.java:logGet(43)) - raft.server.log.use.memory = false (default)
2019-11-18 04:03:22,572 [pool-57-thread-1] INFO  server.RaftServerConfigKeys (ConfUtils.java:logGet(43)) - raft.server.log.purge.gap = 1000000 (custom)
2019-11-18 04:03:22,572 [pool-47-thread-1] INFO  server.RaftServerConfigKeys (ConfUtils.java:logGet(43)) - raft.server.log.purge.gap = 1000000 (custom)
2019-11-18 04:03:22,572 [pool-37-thread-1] INFO  server.RaftServerConfigKeys (ConfUtils.java:logGet(43)) - raft.server.log.purge.gap = 1000000 (custom)
2019-11-18 04:03:22,572 [pool-77-thread-1] INFO  segmented.SegmentedRaftLogWorker (SegmentedRaftLogWorker.java:<init>(173)) - new d5e7d411-50f4-47f9-b29f-7896844347c8@group-9F7C958A7443-SegmentedRaftLogWorker for RaftStorage:Storage Directory /workdir/hadoop-ozone/integration-test/target/test-dir/MiniOzoneClusterImpl-1c214b3a-49ad-4877-b4c4-a160cd444fc4/datanode-5/data/ratis/ea952dbf-88c6-4fa4-8186-9f7c958a7443
2019-11-18 04:03:22,572 [pool-67-thread-1] INFO  server.RaftServerConfigKeys (ConfUtils.java:logGet(43)) - raft.server.log.use.memory = false (default)
2019-11-18 04:03:22,572 [pool-27-thread-1] INFO  server.RaftServerConfigKeys (ConfUtils.java:logGet(43)) - raft.server.notification.no-leader.timeout = 10s (custom)
2019-11-18 04:03:22,573 [pool-67-thread-1] INFO  server.RaftServerConfigKeys (ConfUtils.java:logGet(43)) - raft.server.log.purge.gap = 1000000 (custom)
2019-11-18 04:03:22,573 [pool-77-thread-1] INFO  server.RaftServerConfigKeys (ConfUtils.java:logGet(43)) - raft.server.log.queue.byte-limit = 2147483647 (custom)
2019-11-18 04:03:22,573 [pool-37-thread-1] INFO  server.RaftServerConfigKeys (ConfUtils.java:logGet(43)) - raft.server.log.appender.buffer.byte-limit = 33554432 (custom)
2019-11-18 04:03:22,573 [pool-47-thread-1] INFO  server.RaftServerConfigKeys (ConfUtils.java:logGet(43)) - raft.server.log.appender.buffer.byte-limit = 33554432 (custom)
2019-11-18 04:03:22,572 [pool-57-thread-1] INFO  server.RaftServerConfigKeys (ConfUtils.java:logGet(43)) - raft.server.log.appender.buffer.byte-limit = 33554432 (custom)
2019-11-18 04:03:22,574 [pool-47-thread-1] INFO  server.RaftServerConfigKeys (ConfUtils.java:logGet(43)) - raft.server.log.segment.size.max = 1048576 (custom)
2019-11-18 04:03:22,573 [pool-37-thread-1] INFO  server.RaftServerConfigKeys (ConfUtils.java:logGet(43)) - raft.server.log.segment.size.max = 1048576 (custom)
2019-11-18 04:03:22,573 [pool-77-thread-1] INFO  server.RaftServerConfigKeys (ConfUtils.java:logGet(43)) - raft.server.log.queue.element-limit = 1024 (custom)
2019-11-18 04:03:22,573 [pool-67-thread-1] INFO  server.RaftServerConfigKeys (ConfUtils.java:logGet(43)) - raft.server.log.appender.buffer.byte-limit = 33554432 (custom)
2019-11-18 04:03:22,573 [pool-27-thread-1] INFO  server.RaftServerConfigKeys (ConfUtils.java:logGet(43)) - raft.server.log.use.memory = false (default)
2019-11-18 04:03:22,574 [pool-67-thread-1] INFO  server.RaftServerConfigKeys (ConfUtils.java:logGet(43)) - raft.server.log.segment.size.max = 1048576 (custom)
2019-11-18 04:03:22,574 [pool-77-thread-1] INFO  server.RaftServerConfigKeys (ConfUtils.java:logGet(43)) - raft.server.log.segment.size.max = 1048576 (custom)
2019-11-18 04:03:22,574 [pool-37-thread-1] INFO  server.RaftServerConfigKeys (ConfUtils.java:logGet(43)) - raft.server.log.segment.cache.num.max = 2 (custom)
2019-11-18 04:03:22,574 [pool-47-thread-1] INFO  server.RaftServerConfigKeys (ConfUtils.java:logGet(43)) - raft.server.log.segment.cache.num.max = 2 (custom)
2019-11-18 04:03:22,574 [pool-57-thread-1] INFO  server.RaftServerConfigKeys (ConfUtils.java:logGet(43)) - raft.server.log.segment.size.max = 1048576 (custom)
2019-11-18 04:03:22,575 [pool-47-thread-1] INFO  segmented.SegmentedRaftLogWorker (SegmentedRaftLogWorker.java:<init>(173)) - new 7b4427c1-b0d7-4726-b5d2-64b1e42b78f8@group-C20DCC66496C-SegmentedRaftLogWorker for RaftStorage:Storage Directory /workdir/hadoop-ozone/integration-test/target/test-dir/MiniOzoneClusterImpl-1c214b3a-49ad-4877-b4c4-a160cd444fc4/datanode-2/data/ratis/36dc783b-6e58-4416-920c-c20dcc66496c
2019-11-18 04:03:22,575 [pool-37-thread-1] INFO  segmented.SegmentedRaftLogWorker (SegmentedRaftLogWorker.java:<init>(173)) - new 3e1e5366-7a40-4813-bf9e-d655d75c6ea3@group-C20DCC66496C-SegmentedRaftLogWorker for RaftStorage:Storage Directory /workdir/hadoop-ozone/integration-test/target/test-dir/MiniOzoneClusterImpl-1c214b3a-49ad-4877-b4c4-a160cd444fc4/datanode-1/data/ratis/36dc783b-6e58-4416-920c-c20dcc66496c
2019-11-18 04:03:22,574 [pool-77-thread-1] INFO  server.RaftServerConfigKeys (ConfUtils.java:logGet(43)) - raft.server.log.preallocated.size = 16384 (custom)
2019-11-18 04:03:22,574 [pool-67-thread-1] INFO  server.RaftServerConfigKeys (ConfUtils.java:logGet(43)) - raft.server.log.segment.cache.num.max = 2 (custom)
2019-11-18 04:03:22,574 [pool-27-thread-1] INFO  server.RaftServerConfigKeys (ConfUtils.java:logGet(43)) - raft.server.log.purge.gap = 1000000 (custom)
2019-11-18 04:03:22,575 [pool-67-thread-1] INFO  segmented.SegmentedRaftLogWorker (SegmentedRaftLogWorker.java:<init>(173)) - new 8a75d567-d87d-444b-bd42-22fe60317c43@group-3EC874524C2E-SegmentedRaftLogWorker for RaftStorage:Storage Directory /workdir/hadoop-ozone/integration-test/target/test-dir/MiniOzoneClusterImpl-1c214b3a-49ad-4877-b4c4-a160cd444fc4/datanode-4/data/ratis/2d2fe9e4-643b-4b89-841f-3ec874524c2e
2019-11-18 04:03:22,575 [pool-77-thread-1] INFO  server.RaftServerConfigKeys (ConfUtils.java:logGet(43)) - raft.server.log.write.buffer.size = 33554432 (custom)
2019-11-18 04:03:22,575 [pool-37-thread-1] INFO  server.RaftServerConfigKeys (ConfUtils.java:logGet(43)) - raft.server.log.queue.byte-limit = 2147483647 (custom)
2019-11-18 04:03:22,575 [pool-47-thread-1] INFO  server.RaftServerConfigKeys (ConfUtils.java:logGet(43)) - raft.server.log.queue.byte-limit = 2147483647 (custom)
2019-11-18 04:03:22,575 [pool-57-thread-1] INFO  server.RaftServerConfigKeys (ConfUtils.java:logGet(43)) - raft.server.log.segment.cache.num.max = 2 (custom)
2019-11-18 04:03:22,576 [pool-47-thread-1] INFO  server.RaftServerConfigKeys (ConfUtils.java:logGet(43)) - raft.server.log.queue.element-limit = 1024 (custom)
2019-11-18 04:03:22,576 [pool-37-thread-1] INFO  server.RaftServerConfigKeys (ConfUtils.java:logGet(43)) - raft.server.log.queue.element-limit = 1024 (custom)
2019-11-18 04:03:22,576 [pool-77-thread-1] INFO  server.RaftServerConfigKeys (ConfUtils.java:logGet(43)) - raft.server.log.force.sync.num = 128 (default)
2019-11-18 04:03:22,576 [pool-67-thread-1] INFO  server.RaftServerConfigKeys (ConfUtils.java:logGet(43)) - raft.server.log.queue.byte-limit = 2147483647 (custom)
2019-11-18 04:03:22,575 [pool-27-thread-1] INFO  server.RaftServerConfigKeys (ConfUtils.java:logGet(43)) - raft.server.log.appender.buffer.byte-limit = 33554432 (custom)
2019-11-18 04:03:22,577 [pool-67-thread-1] INFO  server.RaftServerConfigKeys (ConfUtils.java:logGet(43)) - raft.server.log.queue.element-limit = 1024 (custom)
2019-11-18 04:03:22,576 [pool-77-thread-1] INFO  server.RaftServerConfigKeys (ConfUtils.java:logGet(43)) - raft.server.log.statemachine.data.sync = true (default)
2019-11-18 04:03:22,576 [pool-37-thread-1] INFO  server.RaftServerConfigKeys (ConfUtils.java:logGet(43)) - raft.server.log.segment.size.max = 1048576 (custom)
2019-11-18 04:03:22,576 [pool-47-thread-1] INFO  server.RaftServerConfigKeys (ConfUtils.java:logGet(43)) - raft.server.log.segment.size.max = 1048576 (custom)
2019-11-18 04:03:22,576 [pool-57-thread-1] INFO  segmented.SegmentedRaftLogWorker (SegmentedRaftLogWorker.java:<init>(173)) - new b123ecd9-da94-41d9-8a96-a25e891cf121@group-3EC874524C2E-SegmentedRaftLogWorker for RaftStorage:Storage Directory /workdir/hadoop-ozone/integration-test/target/test-dir/MiniOzoneClusterImpl-1c214b3a-49ad-4877-b4c4-a160cd444fc4/datanode-3/data/ratis/2d2fe9e4-643b-4b89-841f-3ec874524c2e
2019-11-18 04:03:22,577 [pool-47-thread-1] INFO  server.RaftServerConfigKeys (ConfUtils.java:logGet(43)) - raft.server.log.preallocated.size = 16384 (custom)
2019-11-18 04:03:22,577 [pool-37-thread-1] INFO  server.RaftServerConfigKeys (ConfUtils.java:logGet(43)) - raft.server.log.preallocated.size = 16384 (custom)
2019-11-18 04:03:22,577 [pool-77-thread-1] INFO  server.RaftServerConfigKeys (ConfUtils.java:logGet(43)) - raft.server.log.statemachine.data.sync.timeout = 10s (default)
2019-11-18 04:03:22,577 [pool-67-thread-1] INFO  server.RaftServerConfigKeys (ConfUtils.java:logGet(43)) - raft.server.log.segment.size.max = 1048576 (custom)
2019-11-18 04:03:22,577 [pool-27-thread-1] INFO  server.RaftServerConfigKeys (ConfUtils.java:logGet(43)) - raft.server.log.segment.size.max = 1048576 (custom)
2019-11-18 04:03:22,578 [pool-67-thread-1] INFO  server.RaftServerConfigKeys (ConfUtils.java:logGet(43)) - raft.server.log.preallocated.size = 16384 (custom)
2019-11-18 04:03:22,578 [pool-77-thread-1] INFO  server.RaftServerConfigKeys (ConfUtils.java:logGet(43)) - raft.server.log.statemachine.data.sync.timeout.retry = -1 (default)
2019-11-18 04:03:22,577 [pool-37-thread-1] INFO  server.RaftServerConfigKeys (ConfUtils.java:logGet(43)) - raft.server.log.write.buffer.size = 33554432 (custom)
2019-11-18 04:03:22,577 [pool-47-thread-1] INFO  server.RaftServerConfigKeys (ConfUtils.java:logGet(43)) - raft.server.log.write.buffer.size = 33554432 (custom)
2019-11-18 04:03:22,577 [pool-57-thread-1] INFO  server.RaftServerConfigKeys (ConfUtils.java:logGet(43)) - raft.server.log.queue.byte-limit = 2147483647 (custom)
2019-11-18 04:03:22,578 [pool-77-thread-1] INFO  server.RaftServerConfigKeys (ConfUtils.java:logGet(43)) - raft.server.log.statemachine.data.caching.enabled = true (custom)
2019-11-18 04:03:22,578 [pool-47-thread-1] INFO  server.RaftServerConfigKeys (ConfUtils.java:logGet(43)) - raft.server.log.force.sync.num = 128 (default)
2019-11-18 04:03:22,578 [pool-37-thread-1] INFO  server.RaftServerConfigKeys (ConfUtils.java:logGet(43)) - raft.server.log.force.sync.num = 128 (default)
2019-11-18 04:03:22,578 [pool-67-thread-1] INFO  server.RaftServerConfigKeys (ConfUtils.java:logGet(43)) - raft.server.log.write.buffer.size = 33554432 (custom)
2019-11-18 04:03:22,578 [pool-27-thread-1] INFO  server.RaftServerConfigKeys (ConfUtils.java:logGet(43)) - raft.server.log.segment.cache.num.max = 2 (custom)
2019-11-18 04:03:22,579 [pool-67-thread-1] INFO  server.RaftServerConfigKeys (ConfUtils.java:logGet(43)) - raft.server.log.force.sync.num = 128 (default)
2019-11-18 04:03:22,579 [pool-77-thread-1] INFO  segmented.SegmentedRaftLogWorker (SegmentedRaftLogWorker.java:lambda$new$0(128)) - d5e7d411-50f4-47f9-b29f-7896844347c8@group-9F7C958A7443-SegmentedRaftLogWorker: flushIndex: setUnconditionally 0 -> -1
2019-11-18 04:03:22,579 [pool-37-thread-1] INFO  server.RaftServerConfigKeys (ConfUtils.java:logGet(43)) - raft.server.log.statemachine.data.sync = true (default)
2019-11-18 04:03:22,579 [pool-47-thread-1] INFO  server.RaftServerConfigKeys (ConfUtils.java:logGet(43)) - raft.server.log.statemachine.data.sync = true (default)
2019-11-18 04:03:22,580 [pool-77-thread-1] INFO  server.RaftServerConfigKeys (ConfUtils.java:logGet(43)) - raft.server.snapshot.auto.trigger.enabled = true (custom)
2019-11-18 04:03:22,578 [pool-57-thread-1] INFO  server.RaftServerConfigKeys (ConfUtils.java:logGet(43)) - raft.server.log.queue.element-limit = 1024 (custom)
2019-11-18 04:03:22,580 [pool-77-thread-1] INFO  server.RaftServerConfigKeys (ConfUtils.java:logGet(43)) - raft.server.snapshot.auto.trigger.threshold = 10000 (custom)
2019-11-18 04:03:22,580 [pool-47-thread-1] INFO  server.RaftServerConfigKeys (ConfUtils.java:logGet(43)) - raft.server.log.statemachine.data.sync.timeout = 10s (default)
2019-11-18 04:03:22,580 [pool-37-thread-1] INFO  server.RaftServerConfigKeys (ConfUtils.java:logGet(43)) - raft.server.log.statemachine.data.sync.timeout = 10s (default)
2019-11-18 04:03:22,579 [pool-67-thread-1] INFO  server.RaftServerConfigKeys (ConfUtils.java:logGet(43)) - raft.server.log.statemachine.data.sync = true (default)
2019-11-18 04:03:22,579 [pool-27-thread-1] INFO  segmented.SegmentedRaftLogWorker (SegmentedRaftLogWorker.java:<init>(173)) - new c1ab1948-bd06-494c-87a2-454d3d798b2a@group-C20DCC66496C-SegmentedRaftLogWorker for RaftStorage:Storage Directory /workdir/hadoop-ozone/integration-test/target/test-dir/MiniOzoneClusterImpl-1c214b3a-49ad-4877-b4c4-a160cd444fc4/datanode-0/data/ratis/36dc783b-6e58-4416-920c-c20dcc66496c
2019-11-18 04:03:22,580 [pool-67-thread-1] INFO  server.RaftServerConfigKeys (ConfUtils.java:logGet(43)) - raft.server.log.statemachine.data.sync.timeout = 10s (default)
2019-11-18 04:03:22,580 [pool-37-thread-1] INFO  server.RaftServerConfigKeys (ConfUtils.java:logGet(43)) - raft.server.log.statemachine.data.sync.timeout.retry = -1 (default)
2019-11-18 04:03:22,580 [pool-47-thread-1] INFO  server.RaftServerConfigKeys (ConfUtils.java:logGet(43)) - raft.server.log.statemachine.data.sync.timeout.retry = -1 (default)
2019-11-18 04:03:22,580 [pool-77-thread-1] INFO  server.RaftServerConfigKeys (ConfUtils.java:logGet(43)) - raft.server.snapshot.retention.file.num = 5 (custom)
2019-11-18 04:03:22,580 [pool-57-thread-1] INFO  server.RaftServerConfigKeys (ConfUtils.java:logGet(43)) - raft.server.log.segment.size.max = 1048576 (custom)
2019-11-18 04:03:22,581 [pool-77-thread-1] INFO  server.RaftServerConfigKeys (ConfUtils.java:logGet(43)) - raft.server.retrycache.expirytime = 600000ms (custom)
2019-11-18 04:03:22,581 [pool-47-thread-1] INFO  server.RaftServerConfigKeys (ConfUtils.java:logGet(43)) - raft.server.log.statemachine.data.caching.enabled = true (custom)
2019-11-18 04:03:22,581 [pool-37-thread-1] INFO  server.RaftServerConfigKeys (ConfUtils.java:logGet(43)) - raft.server.log.statemachine.data.caching.enabled = true (custom)
2019-11-18 04:03:22,581 [pool-67-thread-1] INFO  server.RaftServerConfigKeys (ConfUtils.java:logGet(43)) - raft.server.log.statemachine.data.sync.timeout.retry = -1 (default)
2019-11-18 04:03:22,581 [pool-37-thread-1] INFO  segmented.SegmentedRaftLogWorker (SegmentedRaftLogWorker.java:lambda$new$0(128)) - 3e1e5366-7a40-4813-bf9e-d655d75c6ea3@group-C20DCC66496C-SegmentedRaftLogWorker: flushIndex: setUnconditionally 0 -> -1
2019-11-18 04:03:22,581 [pool-27-thread-1] INFO  server.RaftServerConfigKeys (ConfUtils.java:logGet(43)) - raft.server.log.queue.byte-limit = 2147483647 (custom)
2019-11-18 04:03:22,582 [pool-67-thread-1] INFO  server.RaftServerConfigKeys (ConfUtils.java:logGet(43)) - raft.server.log.statemachine.data.caching.enabled = true (custom)
2019-11-18 04:03:22,581 [pool-47-thread-1] INFO  segmented.SegmentedRaftLogWorker (SegmentedRaftLogWorker.java:lambda$new$0(128)) - 7b4427c1-b0d7-4726-b5d2-64b1e42b78f8@group-C20DCC66496C-SegmentedRaftLogWorker: flushIndex: setUnconditionally 0 -> -1
2019-11-18 04:03:22,581 [pool-77-thread-1] WARN  impl.MetricRegistriesImpl (MetricRegistriesImpl.java:lambda$create$1(61)) - First MetricRegistry has been created without registering reporters. You may need to call MetricRegistries.global().addReportRegistration(...) before.
2019-11-18 04:03:22,581 [pool-57-thread-1] INFO  server.RaftServerConfigKeys (ConfUtils.java:logGet(43)) - raft.server.log.preallocated.size = 16384 (custom)
2019-11-18 04:03:22,582 [pool-47-thread-1] INFO  server.RaftServerConfigKeys (ConfUtils.java:logGet(43)) - raft.server.snapshot.auto.trigger.enabled = true (custom)
2019-11-18 04:03:22,582 [pool-77-thread-1] WARN  impl.MetricRegistriesImpl (MetricRegistriesImpl.java:lambda$create$1(61)) - First MetricRegistry has been created without registering reporters. You may need to call MetricRegistries.global().addReportRegistration(...) before.
2019-11-18 04:03:22,582 [pool-67-thread-1] INFO  segmented.SegmentedRaftLogWorker (SegmentedRaftLogWorker.java:lambda$new$0(128)) - 8a75d567-d87d-444b-bd42-22fe60317c43@group-3EC874524C2E-SegmentedRaftLogWorker: flushIndex: setUnconditionally 0 -> -1
2019-11-18 04:03:22,582 [pool-37-thread-1] INFO  server.RaftServerConfigKeys (ConfUtils.java:logGet(43)) - raft.server.snapshot.auto.trigger.enabled = true (custom)
2019-11-18 04:03:22,582 [pool-27-thread-1] INFO  server.RaftServerConfigKeys (ConfUtils.java:logGet(43)) - raft.server.log.queue.element-limit = 1024 (custom)
2019-11-18 04:03:22,583 [pool-37-thread-1] INFO  server.RaftServerConfigKeys (ConfUtils.java:logGet(43)) - raft.server.snapshot.auto.trigger.threshold = 10000 (custom)
2019-11-18 04:03:22,583 [pool-67-thread-1] INFO  server.RaftServerConfigKeys (ConfUtils.java:logGet(43)) - raft.server.snapshot.auto.trigger.enabled = true (custom)
2019-11-18 04:03:22,582 [pool-77-thread-1] INFO  impl.RaftServerImpl (RaftServerImpl.java:start(184)) - d5e7d411-50f4-47f9-b29f-7896844347c8@group-9F7C958A7443: start as a follower, conf=-1: [d5e7d411-50f4-47f9-b29f-7896844347c8:192.168.69.70:34768], old=null
2019-11-18 04:03:22,582 [pool-47-thread-1] INFO  server.RaftServerConfigKeys (ConfUtils.java:logGet(43)) - raft.server.snapshot.auto.trigger.threshold = 10000 (custom)
2019-11-18 04:03:22,582 [pool-57-thread-1] INFO  server.RaftServerConfigKeys (ConfUtils.java:logGet(43)) - raft.server.log.write.buffer.size = 33554432 (custom)
2019-11-18 04:03:22,583 [pool-47-thread-1] INFO  server.RaftServerConfigKeys (ConfUtils.java:logGet(43)) - raft.server.snapshot.retention.file.num = 5 (custom)
2019-11-18 04:03:22,583 [pool-77-thread-1] INFO  impl.RaftServerImpl (RaftServerImpl.java:setRole(173)) - d5e7d411-50f4-47f9-b29f-7896844347c8@group-9F7C958A7443: changes role from      null to FOLLOWER at term 0 for startAsFollower
2019-11-18 04:03:22,583 [pool-67-thread-1] INFO  server.RaftServerConfigKeys (ConfUtils.java:logGet(43)) - raft.server.snapshot.auto.trigger.threshold = 10000 (custom)
2019-11-18 04:03:22,583 [pool-67-thread-1] INFO  server.RaftServerConfigKeys (ConfUtils.java:logGet(43)) - raft.server.snapshot.retention.file.num = 5 (custom)
2019-11-18 04:03:22,583 [pool-37-thread-1] INFO  server.RaftServerConfigKeys (ConfUtils.java:logGet(43)) - raft.server.snapshot.retention.file.num = 5 (custom)
2019-11-18 04:03:22,583 [pool-27-thread-1] INFO  server.RaftServerConfigKeys (ConfUtils.java:logGet(43)) - raft.server.log.segment.size.max = 1048576 (custom)
2019-11-18 04:03:22,584 [pool-67-thread-1] INFO  server.RaftServerConfigKeys (ConfUtils.java:logGet(43)) - raft.server.retrycache.expirytime = 600000ms (custom)
2019-11-18 04:03:22,583 [pool-77-thread-1] INFO  impl.RoleInfo (RoleInfo.java:updateAndGet(143)) - d5e7d411-50f4-47f9-b29f-7896844347c8: start FollowerState
2019-11-18 04:03:22,583 [pool-47-thread-1] INFO  server.RaftServerConfigKeys (ConfUtils.java:logGet(43)) - raft.server.retrycache.expirytime = 600000ms (custom)
2019-11-18 04:03:22,583 [pool-57-thread-1] INFO  server.RaftServerConfigKeys (ConfUtils.java:logGet(43)) - raft.server.log.force.sync.num = 128 (default)
2019-11-18 04:03:22,584 [pool-47-thread-1] WARN  impl.MetricRegistriesImpl (MetricRegistriesImpl.java:lambda$create$1(61)) - First MetricRegistry has been created without registering reporters. You may need to call MetricRegistries.global().addReportRegistration(...) before.
2019-11-18 04:03:22,584 [pool-67-thread-1] WARN  impl.MetricRegistriesImpl (MetricRegistriesImpl.java:lambda$create$1(61)) - First MetricRegistry has been created without registering reporters. You may need to call MetricRegistries.global().addReportRegistration(...) before.
2019-11-18 04:03:22,584 [pool-37-thread-1] INFO  server.RaftServerConfigKeys (ConfUtils.java:logGet(43)) - raft.server.retrycache.expirytime = 600000ms (custom)
2019-11-18 04:03:22,584 [pool-27-thread-1] INFO  server.RaftServerConfigKeys (ConfUtils.java:logGet(43)) - raft.server.log.preallocated.size = 16384 (custom)
2019-11-18 04:03:22,586 [pool-37-thread-1] WARN  impl.MetricRegistriesImpl (MetricRegistriesImpl.java:lambda$create$1(61)) - First MetricRegistry has been created without registering reporters. You may need to call MetricRegistries.global().addReportRegistration(...) before.
2019-11-18 04:03:22,586 [pool-47-thread-1] WARN  impl.MetricRegistriesImpl (MetricRegistriesImpl.java:lambda$create$1(61)) - First MetricRegistry has been created without registering reporters. You may need to call MetricRegistries.global().addReportRegistration(...) before.
2019-11-18 04:03:22,586 [pool-67-thread-1] WARN  impl.MetricRegistriesImpl (MetricRegistriesImpl.java:lambda$create$1(61)) - First MetricRegistry has been created without registering reporters. You may need to call MetricRegistries.global().addReportRegistration(...) before.
2019-11-18 04:03:22,584 [pool-77-thread-1] INFO  util.JmxRegister (JmxRegister.java:tryRegister(44)) - Successfully registered JMX Bean with object name Ratis:service=RaftServer,group=group-9F7C958A7443,id=d5e7d411-50f4-47f9-b29f-7896844347c8
2019-11-18 04:03:22,586 [pool-67-thread-1] INFO  impl.RaftServerImpl (RaftServerImpl.java:start(184)) - 8a75d567-d87d-444b-bd42-22fe60317c43@group-3EC874524C2E: start as a follower, conf=-1: [8a75d567-d87d-444b-bd42-22fe60317c43:192.168.69.70:37667, b123ecd9-da94-41d9-8a96-a25e891cf121:192.168.69.70:39520, d5e7d411-50f4-47f9-b29f-7896844347c8:192.168.69.70:34768], old=null
2019-11-18 04:03:22,584 [pool-57-thread-1] INFO  server.RaftServerConfigKeys (ConfUtils.java:logGet(43)) - raft.server.log.statemachine.data.sync = true (default)
2019-11-18 04:03:22,587 [pool-67-thread-1] INFO  impl.RaftServerImpl (RaftServerImpl.java:setRole(173)) - 8a75d567-d87d-444b-bd42-22fe60317c43@group-3EC874524C2E: changes role from      null to FOLLOWER at term 0 for startAsFollower
2019-11-18 04:03:22,586 [pool-77-thread-1] WARN  impl.MetricRegistriesImpl (MetricRegistriesImpl.java:lambda$create$1(61)) - First MetricRegistry has been created without registering reporters. You may need to call MetricRegistries.global().addReportRegistration(...) before.
2019-11-18 04:03:22,586 [pool-47-thread-1] INFO  impl.RaftServerImpl (RaftServerImpl.java:start(184)) - 7b4427c1-b0d7-4726-b5d2-64b1e42b78f8@group-C20DCC66496C: start as a follower, conf=-1: [3e1e5366-7a40-4813-bf9e-d655d75c6ea3:192.168.69.70:40711, c1ab1948-bd06-494c-87a2-454d3d798b2a:192.168.69.70:35897, 7b4427c1-b0d7-4726-b5d2-64b1e42b78f8:192.168.69.70:45450], old=null
2019-11-18 04:03:22,586 [pool-37-thread-1] WARN  impl.MetricRegistriesImpl (MetricRegistriesImpl.java:lambda$create$1(61)) - First MetricRegistry has been created without registering reporters. You may need to call MetricRegistries.global().addReportRegistration(...) before.
2019-11-18 04:03:22,586 [pool-27-thread-1] INFO  server.RaftServerConfigKeys (ConfUtils.java:logGet(43)) - raft.server.log.write.buffer.size = 33554432 (custom)
2019-11-18 04:03:22,587 [pool-37-thread-1] INFO  impl.RaftServerImpl (RaftServerImpl.java:start(184)) - 3e1e5366-7a40-4813-bf9e-d655d75c6ea3@group-C20DCC66496C: start as a follower, conf=-1: [3e1e5366-7a40-4813-bf9e-d655d75c6ea3:192.168.69.70:40711, c1ab1948-bd06-494c-87a2-454d3d798b2a:192.168.69.70:35897, 7b4427c1-b0d7-4726-b5d2-64b1e42b78f8:192.168.69.70:45450], old=null
2019-11-18 04:03:22,587 [pool-47-thread-1] INFO  impl.RaftServerImpl (RaftServerImpl.java:setRole(173)) - 7b4427c1-b0d7-4726-b5d2-64b1e42b78f8@group-C20DCC66496C: changes role from      null to FOLLOWER at term 0 for startAsFollower
2019-11-18 04:03:22,587 [pool-67-thread-1] INFO  impl.RoleInfo (RoleInfo.java:updateAndGet(143)) - 8a75d567-d87d-444b-bd42-22fe60317c43: start FollowerState
2019-11-18 04:03:22,587 [pool-57-thread-1] INFO  server.RaftServerConfigKeys (ConfUtils.java:logGet(43)) - raft.server.log.statemachine.data.sync.timeout = 10s (default)
2019-11-18 04:03:22,587 [pool-47-thread-1] INFO  impl.RoleInfo (RoleInfo.java:updateAndGet(143)) - 7b4427c1-b0d7-4726-b5d2-64b1e42b78f8: start FollowerState
2019-11-18 04:03:22,587 [pool-37-thread-1] INFO  impl.RaftServerImpl (RaftServerImpl.java:setRole(173)) - 3e1e5366-7a40-4813-bf9e-d655d75c6ea3@group-C20DCC66496C: changes role from      null to FOLLOWER at term 0 for startAsFollower
2019-11-18 04:03:22,587 [Command processor thread] INFO  commandhandler.CreatePipelineCommandHandler (CreatePipelineCommandHandler.java:handle(86)) - Create Pipeline RATIS ONE #id: "ea952dbf-88c6-4fa4-8186-9f7c958a7443"
 command succeed on datanode d5e7d411-50f4-47f9-b29f-7896844347c8.
2019-11-18 04:03:22,587 [pool-27-thread-1] INFO  server.RaftServerConfigKeys (ConfUtils.java:logGet(43)) - raft.server.log.force.sync.num = 128 (default)
2019-11-18 04:03:22,589 [pool-47-thread-1] INFO  util.JmxRegister (JmxRegister.java:tryRegister(44)) - Successfully registered JMX Bean with object name Ratis:service=RaftServer,group=group-C20DCC66496C,id=7b4427c1-b0d7-4726-b5d2-64b1e42b78f8
2019-11-18 04:03:22,588 [pool-37-thread-1] INFO  impl.RoleInfo (RoleInfo.java:updateAndGet(143)) - 3e1e5366-7a40-4813-bf9e-d655d75c6ea3: start FollowerState
2019-11-18 04:03:22,588 [pool-67-thread-1] INFO  util.JmxRegister (JmxRegister.java:tryRegister(44)) - Successfully registered JMX Bean with object name Ratis:service=RaftServer,group=group-3EC874524C2E,id=8a75d567-d87d-444b-bd42-22fe60317c43
2019-11-18 04:03:22,588 [pool-57-thread-1] INFO  server.RaftServerConfigKeys (ConfUtils.java:logGet(43)) - raft.server.log.statemachine.data.sync.timeout.retry = -1 (default)
2019-11-18 04:03:22,590 [pool-37-thread-1] INFO  util.JmxRegister (JmxRegister.java:tryRegister(44)) - Successfully registered JMX Bean with object name Ratis:service=RaftServer,group=group-C20DCC66496C,id=3e1e5366-7a40-4813-bf9e-d655d75c6ea3
2019-11-18 04:03:22,591 [pool-37-thread-1] WARN  impl.MetricRegistriesImpl (MetricRegistriesImpl.java:lambda$create$1(61)) - First MetricRegistry has been created without registering reporters. You may need to call MetricRegistries.global().addReportRegistration(...) before.
2019-11-18 04:03:22,590 [Command processor thread] INFO  impl.RaftServerProxy (RaftServerProxy.java:addNew(89)) - d5e7d411-50f4-47f9-b29f-7896844347c8: addNew group-3EC874524C2E:[8a75d567-d87d-444b-bd42-22fe60317c43:192.168.69.70:37667, b123ecd9-da94-41d9-8a96-a25e891cf121:192.168.69.70:39520, d5e7d411-50f4-47f9-b29f-7896844347c8:192.168.69.70:34768] returns group-3EC874524C2E:java.util.concurrent.CompletableFuture@1e62c9a7[Not completed]
2019-11-18 04:03:22,589 [pool-67-thread-1] WARN  impl.MetricRegistriesImpl (MetricRegistriesImpl.java:lambda$create$1(61)) - First MetricRegistry has been created without registering reporters. You may need to call MetricRegistries.global().addReportRegistration(...) before.
2019-11-18 04:03:22,589 [pool-47-thread-1] WARN  impl.MetricRegistriesImpl (MetricRegistriesImpl.java:lambda$create$1(61)) - First MetricRegistry has been created without registering reporters. You may need to call MetricRegistries.global().addReportRegistration(...) before.
2019-11-18 04:03:22,589 [pool-27-thread-1] INFO  server.RaftServerConfigKeys (ConfUtils.java:logGet(43)) - raft.server.log.statemachine.data.sync = true (default)
2019-11-18 04:03:22,591 [EventQueue-PipelineReportForPipelineReportHandler] INFO  pipeline.PipelineReportHandler (PipelineReportHandler.java:processPipelineReport(113)) - Pipeline ONE PipelineID=ea952dbf-88c6-4fa4-8186-9f7c958a7443 reported by d5e7d411-50f4-47f9-b29f-7896844347c8{ip: 192.168.69.70, host: pr-hdds-2386-sqzzd-3930412762, networkLocation: /default-rack, certSerialId: null}
2019-11-18 04:03:22,591 [Command processor thread] INFO  commandhandler.CreatePipelineCommandHandler (CreatePipelineCommandHandler.java:handle(86)) - Create Pipeline RATIS THREE #id: "36dc783b-6e58-4416-920c-c20dcc66496c"
 command succeed on datanode 3e1e5366-7a40-4813-bf9e-d655d75c6ea3.
2019-11-18 04:03:22,592 [pool-77-thread-1] INFO  impl.RaftServerImpl (RaftServerImpl.java:<init>(98)) - d5e7d411-50f4-47f9-b29f-7896844347c8: new RaftServerImpl for group-3EC874524C2E:[8a75d567-d87d-444b-bd42-22fe60317c43:192.168.69.70:37667, b123ecd9-da94-41d9-8a96-a25e891cf121:192.168.69.70:39520, d5e7d411-50f4-47f9-b29f-7896844347c8:192.168.69.70:34768] with ContainerStateMachine:uninitialized
2019-11-18 04:03:22,591 [pool-57-thread-1] INFO  server.RaftServerConfigKeys (ConfUtils.java:logGet(43)) - raft.server.log.statemachine.data.caching.enabled = true (custom)
2019-11-18 04:03:22,592 [pool-77-thread-1] INFO  server.RaftServerConfigKeys (ConfUtils.java:logGet(43)) - raft.server.rpc.timeout.min = 5s (custom)
2019-11-18 04:03:22,592 [Command processor thread] INFO  commandhandler.CreatePipelineCommandHandler (CreatePipelineCommandHandler.java:handle(86)) - Create Pipeline RATIS THREE #id: "36dc783b-6e58-4416-920c-c20dcc66496c"
 command succeed on datanode 7b4427c1-b0d7-4726-b5d2-64b1e42b78f8.
2019-11-18 04:03:22,592 [EventQueue-PipelineReportForPipelineReportHandler] INFO  pipeline.PipelineStateManager (PipelineStateManager.java:openPipeline(132)) - Pipeline Pipeline[ Id: ea952dbf-88c6-4fa4-8186-9f7c958a7443, Nodes: d5e7d411-50f4-47f9-b29f-7896844347c8{ip: 192.168.69.70, host: pr-hdds-2386-sqzzd-3930412762, networkLocation: /default-rack, certSerialId: null}, Type:RATIS, Factor:ONE, State:ALLOCATED] moved to OPEN state
2019-11-18 04:03:22,592 [Command processor thread] INFO  commandhandler.CreatePipelineCommandHandler (CreatePipelineCommandHandler.java:handle(86)) - Create Pipeline RATIS THREE #id: "2d2fe9e4-643b-4b89-841f-3ec874524c2e"
 command succeed on datanode 8a75d567-d87d-444b-bd42-22fe60317c43.
2019-11-18 04:03:22,592 [pool-27-thread-1] INFO  server.RaftServerConfigKeys (ConfUtils.java:logGet(43)) - raft.server.log.statemachine.data.sync.timeout = 10s (default)
2019-11-18 04:03:22,593 [EventQueue-OpenPipelineForOneReplicaPipelineSafeModeRule] INFO  safemode.SCMSafeModeManager (SCMSafeModeManager.java:validateSafeModeExitRules(176)) - AtleastOneDatanodeReportedRule rule is successfully validated
2019-11-18 04:03:22,593 [EventQueue-OpenPipelineForHealthyPipelineSafeModeRule] INFO  safemode.SCMSafeModeManager (HealthyPipelineSafeModeRule.java:process(132)) - SCM in safe mode. Healthy pipelines reported count is 0, required healthy pipeline reported count is 1
2019-11-18 04:03:22,592 [pool-57-thread-1] INFO  segmented.SegmentedRaftLogWorker (SegmentedRaftLogWorker.java:lambda$new$0(128)) - b123ecd9-da94-41d9-8a96-a25e891cf121@group-3EC874524C2E-SegmentedRaftLogWorker: flushIndex: setUnconditionally 0 -> -1
2019-11-18 04:03:22,592 [pool-77-thread-1] INFO  server.RaftServerConfigKeys (ConfUtils.java:logGet(43)) - raft.server.rpc.timeout.max = 5200ms (custom)
2019-11-18 04:03:22,593 [pool-27-thread-1] INFO  server.RaftServerConfigKeys (ConfUtils.java:logGet(43)) - raft.server.log.statemachine.data.sync.timeout.retry = -1 (default)
2019-11-18 04:03:22,595 [pool-77-thread-1] INFO  server.RaftServerConfigKeys (ConfUtils.java:logGet(43)) - raft.server.rpcslowness.timeout = 10s (custom)
2019-11-18 04:03:22,595 [pool-27-thread-1] INFO  server.RaftServerConfigKeys (ConfUtils.java:logGet(43)) - raft.server.log.statemachine.data.caching.enabled = true (custom)
2019-11-18 04:03:22,595 [EventQueue-PipelineReportForPipelineReportHandler] INFO  pipeline.PipelineReportHandler (PipelineReportHandler.java:processPipelineReport(113)) - Pipeline THREE PipelineID=36dc783b-6e58-4416-920c-c20dcc66496c reported by 3e1e5366-7a40-4813-bf9e-d655d75c6ea3{ip: 192.168.69.70, host: pr-hdds-2386-sqzzd-3930412762, networkLocation: /default-rack, certSerialId: null}
2019-11-18 04:03:22,596 [pool-57-thread-1] INFO  server.RaftServerConfigKeys (ConfUtils.java:logGet(43)) - raft.server.snapshot.auto.trigger.enabled = true (custom)
2019-11-18 04:03:22,596 [pool-27-thread-1] INFO  segmented.SegmentedRaftLogWorker (SegmentedRaftLogWorker.java:lambda$new$0(128)) - c1ab1948-bd06-494c-87a2-454d3d798b2a@group-C20DCC66496C-SegmentedRaftLogWorker: flushIndex: setUnconditionally 0 -> -1
2019-11-18 04:03:22,596 [pool-77-thread-1] INFO  server.RaftServerConfigKeys (ConfUtils.java:logGet(43)) - raft.server.sleep.deviation.threshold = 300 (default)
2019-11-18 04:03:22,596 [EventQueue-PipelineReportForPipelineReportHandler] INFO  pipeline.PipelineReportHandler (PipelineReportHandler.java:processPipelineReport(113)) - Pipeline THREE PipelineID=2d2fe9e4-643b-4b89-841f-3ec874524c2e reported by 8a75d567-d87d-444b-bd42-22fe60317c43{ip: 192.168.69.70, host: pr-hdds-2386-sqzzd-3930412762, networkLocation: /default-rack, certSerialId: null}
2019-11-18 04:03:22,596 [pool-57-thread-1] INFO  server.RaftServerConfigKeys (ConfUtils.java:logGet(43)) - raft.server.snapshot.auto.trigger.threshold = 10000 (custom)
2019-11-18 04:03:22,596 [EventQueue-PipelineReportForPipelineReportHandler] INFO  pipeline.PipelineReportHandler (PipelineReportHandler.java:processPipelineReport(113)) - Pipeline THREE PipelineID=36dc783b-6e58-4416-920c-c20dcc66496c reported by 7b4427c1-b0d7-4726-b5d2-64b1e42b78f8{ip: 192.168.69.70, host: pr-hdds-2386-sqzzd-3930412762, networkLocation: /default-rack, certSerialId: null}
2019-11-18 04:03:22,596 [pool-27-thread-1] INFO  server.RaftServerConfigKeys (ConfUtils.java:logGet(43)) - raft.server.snapshot.auto.trigger.enabled = true (custom)
2019-11-18 04:03:22,596 [pool-77-thread-1] INFO  server.RaftServerConfigKeys (ConfUtils.java:logGet(43)) - raft.server.log.appender.install.snapshot.enabled = false (custom)
2019-11-18 04:03:22,597 [pool-27-thread-1] INFO  server.RaftServerConfigKeys (ConfUtils.java:logGet(43)) - raft.server.snapshot.auto.trigger.threshold = 10000 (custom)
2019-11-18 04:03:22,596 [pool-57-thread-1] INFO  server.RaftServerConfigKeys (ConfUtils.java:logGet(43)) - raft.server.snapshot.retention.file.num = 5 (custom)
2019-11-18 04:03:22,597 [pool-27-thread-1] INFO  server.RaftServerConfigKeys (ConfUtils.java:logGet(43)) - raft.server.snapshot.retention.file.num = 5 (custom)
2019-11-18 04:03:22,597 [pool-77-thread-1] INFO  impl.RaftServerImpl (ServerState.java:<init>(103)) - d5e7d411-50f4-47f9-b29f-7896844347c8@group-3EC874524C2E: ConfigurationManager, init=-1: [8a75d567-d87d-444b-bd42-22fe60317c43:192.168.69.70:37667, b123ecd9-da94-41d9-8a96-a25e891cf121:192.168.69.70:39520, d5e7d411-50f4-47f9-b29f-7896844347c8:192.168.69.70:34768], old=null, confs=<EMPTY_MAP>
2019-11-18 04:03:22,597 [pool-27-thread-1] INFO  server.RaftServerConfigKeys (ConfUtils.java:logGet(43)) - raft.server.retrycache.expirytime = 600000ms (custom)
2019-11-18 04:03:22,597 [pool-57-thread-1] INFO  server.RaftServerConfigKeys (ConfUtils.java:logGet(43)) - raft.server.retrycache.expirytime = 600000ms (custom)
2019-11-18 04:03:22,597 [pool-27-thread-1] WARN  impl.MetricRegistriesImpl (MetricRegistriesImpl.java:lambda$create$1(61)) - First MetricRegistry has been created without registering reporters. You may need to call MetricRegistries.global().addReportRegistration(...) before.
2019-11-18 04:03:22,597 [pool-77-thread-1] INFO  server.RaftServerConfigKeys (ConfUtils.java:logGet(43)) - raft.server.storage.dir = [/workdir/hadoop-ozone/integration-test/target/test-dir/MiniOzoneClusterImpl-1c214b3a-49ad-4877-b4c4-a160cd444fc4/datanode-5/data/ratis] (custom)
2019-11-18 04:03:22,597 [pool-27-thread-1] WARN  impl.MetricRegistriesImpl (MetricRegistriesImpl.java:lambda$create$1(61)) - First MetricRegistry has been created without registering reporters. You may need to call MetricRegistries.global().addReportRegistration(...) before.
2019-11-18 04:03:22,597 [pool-57-thread-1] WARN  impl.MetricRegistriesImpl (MetricRegistriesImpl.java:lambda$create$1(61)) - First MetricRegistry has been created without registering reporters. You may need to call MetricRegistries.global().addReportRegistration(...) before.
2019-11-18 04:03:22,598 [pool-27-thread-1] INFO  impl.RaftServerImpl (RaftServerImpl.java:start(184)) - c1ab1948-bd06-494c-87a2-454d3d798b2a@group-C20DCC66496C: start as a follower, conf=-1: [3e1e5366-7a40-4813-bf9e-d655d75c6ea3:192.168.69.70:40711, c1ab1948-bd06-494c-87a2-454d3d798b2a:192.168.69.70:35897, 7b4427c1-b0d7-4726-b5d2-64b1e42b78f8:192.168.69.70:45450], old=null
2019-11-18 04:03:22,598 [pool-77-thread-1] INFO  server.RaftServerConfigKeys (ConfUtils.java:logGet(43)) - raft.server.log.corruption.policy = EXCEPTION (default)
2019-11-18 04:03:22,598 [pool-27-thread-1] INFO  impl.RaftServerImpl (RaftServerImpl.java:setRole(173)) - c1ab1948-bd06-494c-87a2-454d3d798b2a@group-C20DCC66496C: changes role from      null to FOLLOWER at term 0 for startAsFollower
2019-11-18 04:03:22,598 [pool-57-thread-1] WARN  impl.MetricRegistriesImpl (MetricRegistriesImpl.java:lambda$create$1(61)) - First MetricRegistry has been created without registering reporters. You may need to call MetricRegistries.global().addReportRegistration(...) before.
2019-11-18 04:03:22,598 [pool-27-thread-1] INFO  impl.RoleInfo (RoleInfo.java:updateAndGet(143)) - c1ab1948-bd06-494c-87a2-454d3d798b2a: start FollowerState
2019-11-18 04:03:22,598 [pool-77-thread-1] INFO  storage.RaftStorageDirectory (RaftStorageDirectory.java:analyzeStorage(246)) - The storage directory /workdir/hadoop-ozone/integration-test/target/test-dir/MiniOzoneClusterImpl-1c214b3a-49ad-4877-b4c4-a160cd444fc4/datanode-5/data/ratis/2d2fe9e4-643b-4b89-841f-3ec874524c2e does not exist. Creating ...
2019-11-18 04:03:22,598 [pool-57-thread-1] INFO  impl.RaftServerImpl (RaftServerImpl.java:start(184)) - b123ecd9-da94-41d9-8a96-a25e891cf121@group-3EC874524C2E: start as a follower, conf=-1: [8a75d567-d87d-444b-bd42-22fe60317c43:192.168.69.70:37667, b123ecd9-da94-41d9-8a96-a25e891cf121:192.168.69.70:39520, d5e7d411-50f4-47f9-b29f-7896844347c8:192.168.69.70:34768], old=null
2019-11-18 04:03:22,598 [pool-57-thread-1] INFO  impl.RaftServerImpl (RaftServerImpl.java:setRole(173)) - b123ecd9-da94-41d9-8a96-a25e891cf121@group-3EC874524C2E: changes role from      null to FOLLOWER at term 0 for startAsFollower
2019-11-18 04:03:22,598 [pool-27-thread-1] INFO  util.JmxRegister (JmxRegister.java:tryRegister(44)) - Successfully registered JMX Bean with object name Ratis:service=RaftServer,group=group-C20DCC66496C,id=c1ab1948-bd06-494c-87a2-454d3d798b2a
2019-11-18 04:03:22,598 [pool-57-thread-1] INFO  impl.RoleInfo (RoleInfo.java:updateAndGet(143)) - b123ecd9-da94-41d9-8a96-a25e891cf121: start FollowerState
2019-11-18 04:03:22,598 [pool-27-thread-1] WARN  impl.MetricRegistriesImpl (MetricRegistriesImpl.java:lambda$create$1(61)) - First MetricRegistry has been created without registering reporters. You may need to call MetricRegistries.global().addReportRegistration(...) before.
2019-11-18 04:03:22,599 [pool-57-thread-1] INFO  util.JmxRegister (JmxRegister.java:tryRegister(44)) - Successfully registered JMX Bean with object name Ratis:service=RaftServer,group=group-3EC874524C2E,id=b123ecd9-da94-41d9-8a96-a25e891cf121
2019-11-18 04:03:22,599 [pool-57-thread-1] WARN  impl.MetricRegistriesImpl (MetricRegistriesImpl.java:lambda$create$1(61)) - First MetricRegistry has been created without registering reporters. You may need to call MetricRegistries.global().addReportRegistration(...) before.
2019-11-18 04:03:22,599 [Command processor thread] INFO  commandhandler.CreatePipelineCommandHandler (CreatePipelineCommandHandler.java:handle(86)) - Create Pipeline RATIS THREE #id: "36dc783b-6e58-4416-920c-c20dcc66496c"
 command succeed on datanode c1ab1948-bd06-494c-87a2-454d3d798b2a.
2019-11-18 04:03:22,599 [Command processor thread] INFO  commandhandler.CreatePipelineCommandHandler (CreatePipelineCommandHandler.java:handle(86)) - Create Pipeline RATIS THREE #id: "2d2fe9e4-643b-4b89-841f-3ec874524c2e"
 command succeed on datanode b123ecd9-da94-41d9-8a96-a25e891cf121.
2019-11-18 04:03:22,602 [EventQueue-PipelineReportForPipelineReportHandler] INFO  pipeline.PipelineReportHandler (PipelineReportHandler.java:processPipelineReport(113)) - Pipeline THREE PipelineID=36dc783b-6e58-4416-920c-c20dcc66496c reported by c1ab1948-bd06-494c-87a2-454d3d798b2a{ip: 192.168.69.70, host: pr-hdds-2386-sqzzd-3930412762, networkLocation: /default-rack, certSerialId: null}
2019-11-18 04:03:22,602 [EventQueue-PipelineReportForPipelineReportHandler] INFO  pipeline.PipelineReportHandler (PipelineReportHandler.java:processPipelineReport(113)) - Pipeline THREE PipelineID=2d2fe9e4-643b-4b89-841f-3ec874524c2e reported by b123ecd9-da94-41d9-8a96-a25e891cf121{ip: 192.168.69.70, host: pr-hdds-2386-sqzzd-3930412762, networkLocation: /default-rack, certSerialId: null}
2019-11-18 04:03:22,613 [pool-77-thread-1] INFO  storage.RaftStorageDirectory (RaftStorageDirectory.java:tryLock(328)) - Lock on /workdir/hadoop-ozone/integration-test/target/test-dir/MiniOzoneClusterImpl-1c214b3a-49ad-4877-b4c4-a160cd444fc4/datanode-5/data/ratis/2d2fe9e4-643b-4b89-841f-3ec874524c2e/in_use.lock acquired by nodename 22071@pr-hdds-2386-sqzzd-3930412762
2019-11-18 04:03:22,626 [pool-77-thread-1] INFO  storage.RaftStorage (RaftStorage.java:format(84)) - Storage directory /workdir/hadoop-ozone/integration-test/target/test-dir/MiniOzoneClusterImpl-1c214b3a-49ad-4877-b4c4-a160cd444fc4/datanode-5/data/ratis/2d2fe9e4-643b-4b89-841f-3ec874524c2e has been successfully formatted.
2019-11-18 04:03:22,626 [pool-77-thread-1] INFO  ratis.ContainerStateMachine (ContainerStateMachine.java:loadSnapshot(223)) - group-3EC874524C2E: The snapshot info is null. Setting the last applied indexto:(t:0, i:~)
2019-11-18 04:03:22,626 [pool-77-thread-1] INFO  server.RaftServerConfigKeys (ConfUtils.java:logGet(43)) - raft.server.notification.no-leader.timeout = 10s (custom)
2019-11-18 04:03:22,626 [pool-77-thread-1] INFO  server.RaftServerConfigKeys (ConfUtils.java:logGet(43)) - raft.server.log.use.memory = false (default)
2019-11-18 04:03:22,626 [pool-77-thread-1] INFO  server.RaftServerConfigKeys (ConfUtils.java:logGet(43)) - raft.server.log.purge.gap = 1000000 (custom)
2019-11-18 04:03:22,626 [pool-77-thread-1] INFO  server.RaftServerConfigKeys (ConfUtils.java:logGet(43)) - raft.server.log.appender.buffer.byte-limit = 33554432 (custom)
2019-11-18 04:03:22,627 [pool-77-thread-1] INFO  server.RaftServerConfigKeys (ConfUtils.java:logGet(43)) - raft.server.log.segment.size.max = 1048576 (custom)
2019-11-18 04:03:22,627 [pool-77-thread-1] INFO  server.RaftServerConfigKeys (ConfUtils.java:logGet(43)) - raft.server.log.segment.cache.num.max = 2 (custom)
2019-11-18 04:03:22,627 [pool-77-thread-1] INFO  segmented.SegmentedRaftLogWorker (SegmentedRaftLogWorker.java:<init>(173)) - new d5e7d411-50f4-47f9-b29f-7896844347c8@group-3EC874524C2E-SegmentedRaftLogWorker for RaftStorage:Storage Directory /workdir/hadoop-ozone/integration-test/target/test-dir/MiniOzoneClusterImpl-1c214b3a-49ad-4877-b4c4-a160cd444fc4/datanode-5/data/ratis/2d2fe9e4-643b-4b89-841f-3ec874524c2e
2019-11-18 04:03:22,627 [pool-77-thread-1] INFO  server.RaftServerConfigKeys (ConfUtils.java:logGet(43)) - raft.server.log.queue.byte-limit = 2147483647 (custom)
2019-11-18 04:03:22,627 [pool-77-thread-1] INFO  server.RaftServerConfigKeys (ConfUtils.java:logGet(43)) - raft.server.log.queue.element-limit = 1024 (custom)
2019-11-18 04:03:22,627 [pool-77-thread-1] INFO  server.RaftServerConfigKeys (ConfUtils.java:logGet(43)) - raft.server.log.segment.size.max = 1048576 (custom)
2019-11-18 04:03:22,627 [pool-77-thread-1] INFO  server.RaftServerConfigKeys (ConfUtils.java:logGet(43)) - raft.server.log.preallocated.size = 16384 (custom)
2019-11-18 04:03:22,627 [pool-77-thread-1] INFO  server.RaftServerConfigKeys (ConfUtils.java:logGet(43)) - raft.server.log.write.buffer.size = 33554432 (custom)
2019-11-18 04:03:22,627 [pool-77-thread-1] INFO  server.RaftServerConfigKeys (ConfUtils.java:logGet(43)) - raft.server.log.force.sync.num = 128 (default)
2019-11-18 04:03:22,627 [pool-77-thread-1] INFO  server.RaftServerConfigKeys (ConfUtils.java:logGet(43)) - raft.server.log.statemachine.data.sync = true (default)
2019-11-18 04:03:22,627 [pool-77-thread-1] INFO  server.RaftServerConfigKeys (ConfUtils.java:logGet(43)) - raft.server.log.statemachine.data.sync.timeout = 10s (default)
2019-11-18 04:03:22,627 [pool-77-thread-1] INFO  server.RaftServerConfigKeys (ConfUtils.java:logGet(43)) - raft.server.log.statemachine.data.sync.timeout.retry = -1 (default)
2019-11-18 04:03:22,628 [pool-77-thread-1] INFO  server.RaftServerConfigKeys (ConfUtils.java:logGet(43)) - raft.server.log.statemachine.data.caching.enabled = true (custom)
2019-11-18 04:03:22,628 [pool-77-thread-1] INFO  segmented.SegmentedRaftLogWorker (SegmentedRaftLogWorker.java:lambda$new$0(128)) - d5e7d411-50f4-47f9-b29f-7896844347c8@group-3EC874524C2E-SegmentedRaftLogWorker: flushIndex: setUnconditionally 0 -> -1
2019-11-18 04:03:22,628 [pool-77-thread-1] INFO  server.RaftServerConfigKeys (ConfUtils.java:logGet(43)) - raft.server.snapshot.auto.trigger.enabled = true (custom)
2019-11-18 04:03:22,628 [pool-77-thread-1] INFO  server.RaftServerConfigKeys (ConfUtils.java:logGet(43)) - raft.server.snapshot.auto.trigger.threshold = 10000 (custom)
2019-11-18 04:03:22,628 [pool-77-thread-1] INFO  server.RaftServerConfigKeys (ConfUtils.java:logGet(43)) - raft.server.snapshot.retention.file.num = 5 (custom)
2019-11-18 04:03:22,628 [pool-77-thread-1] INFO  server.RaftServerConfigKeys (ConfUtils.java:logGet(43)) - raft.server.retrycache.expirytime = 600000ms (custom)
2019-11-18 04:03:22,628 [pool-77-thread-1] WARN  impl.MetricRegistriesImpl (MetricRegistriesImpl.java:lambda$create$1(61)) - First MetricRegistry has been created without registering reporters. You may need to call MetricRegistries.global().addReportRegistration(...) before.
2019-11-18 04:03:22,629 [pool-77-thread-1] WARN  impl.MetricRegistriesImpl (MetricRegistriesImpl.java:lambda$create$1(61)) - First MetricRegistry has been created without registering reporters. You may need to call MetricRegistries.global().addReportRegistration(...) before.
2019-11-18 04:03:22,629 [pool-77-thread-1] INFO  impl.RaftServerImpl (RaftServerImpl.java:start(184)) - d5e7d411-50f4-47f9-b29f-7896844347c8@group-3EC874524C2E: start as a follower, conf=-1: [8a75d567-d87d-444b-bd42-22fe60317c43:192.168.69.70:37667, b123ecd9-da94-41d9-8a96-a25e891cf121:192.168.69.70:39520, d5e7d411-50f4-47f9-b29f-7896844347c8:192.168.69.70:34768], old=null
2019-11-18 04:03:22,629 [pool-77-thread-1] INFO  impl.RaftServerImpl (RaftServerImpl.java:setRole(173)) - d5e7d411-50f4-47f9-b29f-7896844347c8@group-3EC874524C2E: changes role from      null to FOLLOWER at term 0 for startAsFollower
2019-11-18 04:03:22,629 [pool-77-thread-1] INFO  impl.RoleInfo (RoleInfo.java:updateAndGet(143)) - d5e7d411-50f4-47f9-b29f-7896844347c8: start FollowerState
2019-11-18 04:03:22,629 [pool-77-thread-1] INFO  util.JmxRegister (JmxRegister.java:tryRegister(44)) - Successfully registered JMX Bean with object name Ratis:service=RaftServer,group=group-3EC874524C2E,id=d5e7d411-50f4-47f9-b29f-7896844347c8
2019-11-18 04:03:22,629 [pool-77-thread-1] WARN  impl.MetricRegistriesImpl (MetricRegistriesImpl.java:lambda$create$1(61)) - First MetricRegistry has been created without registering reporters. You may need to call MetricRegistries.global().addReportRegistration(...) before.
2019-11-18 04:03:22,630 [Command processor thread] INFO  commandhandler.CreatePipelineCommandHandler (CreatePipelineCommandHandler.java:handle(86)) - Create Pipeline RATIS THREE #id: "2d2fe9e4-643b-4b89-841f-3ec874524c2e"
 command succeed on datanode d5e7d411-50f4-47f9-b29f-7896844347c8.
2019-11-18 04:03:22,632 [EventQueue-PipelineReportForPipelineReportHandler] INFO  pipeline.PipelineReportHandler (PipelineReportHandler.java:processPipelineReport(113)) - Pipeline THREE PipelineID=2d2fe9e4-643b-4b89-841f-3ec874524c2e reported by d5e7d411-50f4-47f9-b29f-7896844347c8{ip: 192.168.69.70, host: pr-hdds-2386-sqzzd-3930412762, networkLocation: /default-rack, certSerialId: null}
2019-11-18 04:03:23,488 [main] INFO  ozone.MiniOzoneClusterImpl (MiniOzoneClusterImpl.java:lambda$waitForClusterToBeReady$0(150)) - Nodes are ready. Got 6 of 6 DN Heartbeats.
2019-11-18 04:03:23,489 [main] INFO  ozone.MiniOzoneClusterImpl (MiniOzoneClusterImpl.java:lambda$waitForClusterToBeReady$0(153)) - Waiting for cluster to exit safe mode
2019-11-18 04:03:24,489 [main] INFO  ozone.MiniOzoneClusterImpl (MiniOzoneClusterImpl.java:lambda$waitForClusterToBeReady$0(150)) - Nodes are ready. Got 6 of 6 DN Heartbeats.
2019-11-18 04:03:24,489 [main] INFO  ozone.MiniOzoneClusterImpl (MiniOzoneClusterImpl.java:lambda$waitForClusterToBeReady$0(153)) - Waiting for cluster to exit safe mode
2019-11-18 04:03:25,490 [main] INFO  ozone.MiniOzoneClusterImpl (MiniOzoneClusterImpl.java:lambda$waitForClusterToBeReady$0(150)) - Nodes are ready. Got 6 of 6 DN Heartbeats.
2019-11-18 04:03:25,490 [main] INFO  ozone.MiniOzoneClusterImpl (MiniOzoneClusterImpl.java:lambda$waitForClusterToBeReady$0(153)) - Waiting for cluster to exit safe mode
2019-11-18 04:03:26,490 [main] INFO  ozone.MiniOzoneClusterImpl (MiniOzoneClusterImpl.java:lambda$waitForClusterToBeReady$0(150)) - Nodes are ready. Got 6 of 6 DN Heartbeats.
2019-11-18 04:03:26,491 [main] INFO  ozone.MiniOzoneClusterImpl (MiniOzoneClusterImpl.java:lambda$waitForClusterToBeReady$0(153)) - Waiting for cluster to exit safe mode
2019-11-18 04:03:27,491 [main] INFO  ozone.MiniOzoneClusterImpl (MiniOzoneClusterImpl.java:lambda$waitForClusterToBeReady$0(150)) - Nodes are ready. Got 6 of 6 DN Heartbeats.
2019-11-18 04:03:27,491 [main] INFO  ozone.MiniOzoneClusterImpl (MiniOzoneClusterImpl.java:lambda$waitForClusterToBeReady$0(153)) - Waiting for cluster to exit safe mode
2019-11-18 04:03:27,543 [Thread-229] INFO  impl.FollowerState (FollowerState.java:run(111)) - 8a75d567-d87d-444b-bd42-22fe60317c43@group-D38B73652FD8-FollowerState: change to CANDIDATE, lastRpcTime:5049ms, electionTimeout:5047ms
2019-11-18 04:03:27,546 [Thread-229] INFO  impl.RoleInfo (RoleInfo.java:shutdownFollowerState(121)) - 8a75d567-d87d-444b-bd42-22fe60317c43: shutdown FollowerState
2019-11-18 04:03:27,546 [Thread-229] INFO  impl.RaftServerImpl (RaftServerImpl.java:setRole(173)) - 8a75d567-d87d-444b-bd42-22fe60317c43@group-D38B73652FD8: changes role from  FOLLOWER to CANDIDATE at term 0 for changeToCandidate
2019-11-18 04:03:27,550 [Thread-229] INFO  impl.RoleInfo (RoleInfo.java:updateAndGet(143)) - 8a75d567-d87d-444b-bd42-22fe60317c43: start LeaderElection
2019-11-18 04:03:27,563 [Thread-230] INFO  impl.FollowerState (FollowerState.java:run(111)) - 3e1e5366-7a40-4813-bf9e-d655d75c6ea3@group-3EA9F489A597-FollowerState: change to CANDIDATE, lastRpcTime:5069ms, electionTimeout:5067ms
2019-11-18 04:03:27,564 [Thread-230] INFO  impl.RoleInfo (RoleInfo.java:shutdownFollowerState(121)) - 3e1e5366-7a40-4813-bf9e-d655d75c6ea3: shutdown FollowerState
2019-11-18 04:03:27,564 [Thread-230] INFO  impl.RaftServerImpl (RaftServerImpl.java:setRole(173)) - 3e1e5366-7a40-4813-bf9e-d655d75c6ea3@group-3EA9F489A597: changes role from  FOLLOWER to CANDIDATE at term 0 for changeToCandidate
2019-11-18 04:03:27,564 [Thread-230] INFO  impl.RoleInfo (RoleInfo.java:updateAndGet(143)) - 3e1e5366-7a40-4813-bf9e-d655d75c6ea3: start LeaderElection
2019-11-18 04:03:27,566 [Thread-231] INFO  impl.FollowerState (FollowerState.java:run(111)) - c1ab1948-bd06-494c-87a2-454d3d798b2a@group-24D9ACDF2F1C-FollowerState: change to CANDIDATE, lastRpcTime:5072ms, electionTimeout:5070ms
2019-11-18 04:03:27,568 [Thread-231] INFO  impl.RoleInfo (RoleInfo.java:shutdownFollowerState(121)) - c1ab1948-bd06-494c-87a2-454d3d798b2a: shutdown FollowerState
2019-11-18 04:03:27,568 [Thread-231] INFO  impl.RaftServerImpl (RaftServerImpl.java:setRole(173)) - c1ab1948-bd06-494c-87a2-454d3d798b2a@group-24D9ACDF2F1C: changes role from  FOLLOWER to CANDIDATE at term 0 for changeToCandidate
2019-11-18 04:03:27,568 [Thread-231] INFO  impl.RoleInfo (RoleInfo.java:updateAndGet(143)) - c1ab1948-bd06-494c-87a2-454d3d798b2a: start LeaderElection
2019-11-18 04:03:27,577 [Thread-228] INFO  impl.FollowerState (FollowerState.java:run(111)) - 7b4427c1-b0d7-4726-b5d2-64b1e42b78f8@group-5D4031214BB5-FollowerState: change to CANDIDATE, lastRpcTime:5082ms, electionTimeout:5081ms
2019-11-18 04:03:27,577 [Thread-228] INFO  impl.RoleInfo (RoleInfo.java:shutdownFollowerState(121)) - 7b4427c1-b0d7-4726-b5d2-64b1e42b78f8: shutdown FollowerState
2019-11-18 04:03:27,577 [Thread-228] INFO  impl.RaftServerImpl (RaftServerImpl.java:setRole(173)) - 7b4427c1-b0d7-4726-b5d2-64b1e42b78f8@group-5D4031214BB5: changes role from  FOLLOWER to CANDIDATE at term 0 for changeToCandidate
2019-11-18 04:03:27,577 [Thread-228] INFO  impl.RoleInfo (RoleInfo.java:updateAndGet(143)) - 7b4427c1-b0d7-4726-b5d2-64b1e42b78f8: start LeaderElection
2019-11-18 04:03:27,635 [Thread-248] INFO  impl.FollowerState (FollowerState.java:run(111)) - d5e7d411-50f4-47f9-b29f-7896844347c8@group-3EC874524C2E-FollowerState: change to CANDIDATE, lastRpcTime:5006ms, electionTimeout:5006ms
2019-11-18 04:03:27,636 [Thread-248] INFO  impl.RoleInfo (RoleInfo.java:shutdownFollowerState(121)) - d5e7d411-50f4-47f9-b29f-7896844347c8: shutdown FollowerState
2019-11-18 04:03:27,636 [Thread-248] INFO  impl.RaftServerImpl (RaftServerImpl.java:setRole(173)) - d5e7d411-50f4-47f9-b29f-7896844347c8@group-3EC874524C2E: changes role from  FOLLOWER to CANDIDATE at term 0 for changeToCandidate
2019-11-18 04:03:27,636 [Thread-248] INFO  impl.RoleInfo (RoleInfo.java:updateAndGet(143)) - d5e7d411-50f4-47f9-b29f-7896844347c8: start LeaderElection
2019-11-18 04:03:27,662 [Thread-241] INFO  impl.FollowerState (FollowerState.java:run(111)) - 7b4427c1-b0d7-4726-b5d2-64b1e42b78f8@group-C20DCC66496C-FollowerState: change to CANDIDATE, lastRpcTime:5074ms, electionTimeout:5074ms
2019-11-18 04:03:27,662 [Thread-241] INFO  impl.RoleInfo (RoleInfo.java:shutdownFollowerState(121)) - 7b4427c1-b0d7-4726-b5d2-64b1e42b78f8: shutdown FollowerState
2019-11-18 04:03:27,663 [Thread-241] INFO  impl.RaftServerImpl (RaftServerImpl.java:setRole(173)) - 7b4427c1-b0d7-4726-b5d2-64b1e42b78f8@group-C20DCC66496C: changes role from  FOLLOWER to CANDIDATE at term 0 for changeToCandidate
2019-11-18 04:03:27,663 [Thread-241] INFO  impl.RoleInfo (RoleInfo.java:updateAndGet(143)) - 7b4427c1-b0d7-4726-b5d2-64b1e42b78f8: start LeaderElection
2019-11-18 04:03:27,690 [Thread-237] INFO  impl.FollowerState (FollowerState.java:run(111)) - d5e7d411-50f4-47f9-b29f-7896844347c8@group-9F7C958A7443-FollowerState: change to CANDIDATE, lastRpcTime:5107ms, electionTimeout:5106ms
2019-11-18 04:03:27,691 [Thread-237] INFO  impl.RoleInfo (RoleInfo.java:shutdownFollowerState(121)) - d5e7d411-50f4-47f9-b29f-7896844347c8: shutdown FollowerState
2019-11-18 04:03:27,691 [Thread-237] INFO  impl.RaftServerImpl (RaftServerImpl.java:setRole(173)) - d5e7d411-50f4-47f9-b29f-7896844347c8@group-9F7C958A7443: changes role from  FOLLOWER to CANDIDATE at term 0 for changeToCandidate
2019-11-18 04:03:27,691 [Thread-237] INFO  impl.RoleInfo (RoleInfo.java:updateAndGet(143)) - d5e7d411-50f4-47f9-b29f-7896844347c8: start LeaderElection
2019-11-18 04:03:27,694 [Thread-232] INFO  impl.FollowerState (FollowerState.java:run(111)) - b123ecd9-da94-41d9-8a96-a25e891cf121@group-C1B985B648D2-FollowerState: change to CANDIDATE, lastRpcTime:5199ms, electionTimeout:5197ms
2019-11-18 04:03:27,694 [Thread-232] INFO  impl.RoleInfo (RoleInfo.java:shutdownFollowerState(121)) - b123ecd9-da94-41d9-8a96-a25e891cf121: shutdown FollowerState
2019-11-18 04:03:27,694 [Thread-232] INFO  impl.RaftServerImpl (RaftServerImpl.java:setRole(173)) - b123ecd9-da94-41d9-8a96-a25e891cf121@group-C1B985B648D2: changes role from  FOLLOWER to CANDIDATE at term 0 for changeToCandidate
2019-11-18 04:03:27,694 [Thread-232] INFO  impl.RoleInfo (RoleInfo.java:updateAndGet(143)) - b123ecd9-da94-41d9-8a96-a25e891cf121: start LeaderElection
2019-11-18 04:03:27,699 [Thread-245] INFO  impl.FollowerState (FollowerState.java:run(111)) - c1ab1948-bd06-494c-87a2-454d3d798b2a@group-C20DCC66496C-FollowerState: change to CANDIDATE, lastRpcTime:5101ms, electionTimeout:5101ms
2019-11-18 04:03:27,700 [Thread-245] INFO  impl.RoleInfo (RoleInfo.java:shutdownFollowerState(121)) - c1ab1948-bd06-494c-87a2-454d3d798b2a: shutdown FollowerState
2019-11-18 04:03:27,700 [Thread-245] INFO  impl.RaftServerImpl (RaftServerImpl.java:setRole(173)) - c1ab1948-bd06-494c-87a2-454d3d798b2a@group-C20DCC66496C: changes role from  FOLLOWER to CANDIDATE at term 0 for changeToCandidate
2019-11-18 04:03:27,700 [Thread-245] INFO  impl.RoleInfo (RoleInfo.java:updateAndGet(143)) - c1ab1948-bd06-494c-87a2-454d3d798b2a: start LeaderElection
2019-11-18 04:03:27,749 [Thread-240] INFO  impl.FollowerState (FollowerState.java:run(111)) - 8a75d567-d87d-444b-bd42-22fe60317c43@group-3EC874524C2E-FollowerState: change to CANDIDATE, lastRpcTime:5162ms, electionTimeout:5161ms
2019-11-18 04:03:27,749 [Thread-240] INFO  impl.RoleInfo (RoleInfo.java:shutdownFollowerState(121)) - 8a75d567-d87d-444b-bd42-22fe60317c43: shutdown FollowerState
2019-11-18 04:03:27,749 [Thread-240] INFO  impl.RaftServerImpl (RaftServerImpl.java:setRole(173)) - 8a75d567-d87d-444b-bd42-22fe60317c43@group-3EC874524C2E: changes role from  FOLLOWER to CANDIDATE at term 0 for changeToCandidate
2019-11-18 04:03:27,749 [Thread-240] INFO  impl.RoleInfo (RoleInfo.java:updateAndGet(143)) - 8a75d567-d87d-444b-bd42-22fe60317c43: start LeaderElection
2019-11-18 04:03:27,757 [c1ab1948-bd06-494c-87a2-454d3d798b2a@group-24D9ACDF2F1C-LeaderElection3] INFO  impl.LeaderElection (LeaderElection.java:askForVotes(178)) - c1ab1948-bd06-494c-87a2-454d3d798b2a@group-24D9ACDF2F1C-LeaderElection3: begin an election at term 1 for -1: [c1ab1948-bd06-494c-87a2-454d3d798b2a:192.168.69.70:35897], old=null
2019-11-18 04:03:27,758 [c1ab1948-bd06-494c-87a2-454d3d798b2a@group-C20DCC66496C-LeaderElection9] INFO  impl.LeaderElection (LeaderElection.java:askForVotes(178)) - c1ab1948-bd06-494c-87a2-454d3d798b2a@group-C20DCC66496C-LeaderElection9: begin an election at term 1 for -1: [3e1e5366-7a40-4813-bf9e-d655d75c6ea3:192.168.69.70:40711, c1ab1948-bd06-494c-87a2-454d3d798b2a:192.168.69.70:35897, 7b4427c1-b0d7-4726-b5d2-64b1e42b78f8:192.168.69.70:45450], old=null
2019-11-18 04:03:27,758 [d5e7d411-50f4-47f9-b29f-7896844347c8@group-9F7C958A7443-LeaderElection7] INFO  impl.LeaderElection (LeaderElection.java:askForVotes(178)) - d5e7d411-50f4-47f9-b29f-7896844347c8@group-9F7C958A7443-LeaderElection7: begin an election at term 1 for -1: [d5e7d411-50f4-47f9-b29f-7896844347c8:192.168.69.70:34768], old=null
2019-11-18 04:03:27,758 [7b4427c1-b0d7-4726-b5d2-64b1e42b78f8@group-C20DCC66496C-LeaderElection6] INFO  impl.LeaderElection (LeaderElection.java:askForVotes(178)) - 7b4427c1-b0d7-4726-b5d2-64b1e42b78f8@group-C20DCC66496C-LeaderElection6: begin an election at term 1 for -1: [3e1e5366-7a40-4813-bf9e-d655d75c6ea3:192.168.69.70:40711, c1ab1948-bd06-494c-87a2-454d3d798b2a:192.168.69.70:35897, 7b4427c1-b0d7-4726-b5d2-64b1e42b78f8:192.168.69.70:45450], old=null
2019-11-18 04:03:27,758 [b123ecd9-da94-41d9-8a96-a25e891cf121@group-C1B985B648D2-LeaderElection8] INFO  impl.LeaderElection (LeaderElection.java:askForVotes(178)) - b123ecd9-da94-41d9-8a96-a25e891cf121@group-C1B985B648D2-LeaderElection8: begin an election at term 1 for -1: [b123ecd9-da94-41d9-8a96-a25e891cf121:192.168.69.70:39520], old=null
2019-11-18 04:03:27,758 [d5e7d411-50f4-47f9-b29f-7896844347c8@group-3EC874524C2E-LeaderElection5] INFO  impl.LeaderElection (LeaderElection.java:askForVotes(178)) - d5e7d411-50f4-47f9-b29f-7896844347c8@group-3EC874524C2E-LeaderElection5: begin an election at term 1 for -1: [8a75d567-d87d-444b-bd42-22fe60317c43:192.168.69.70:37667, b123ecd9-da94-41d9-8a96-a25e891cf121:192.168.69.70:39520, d5e7d411-50f4-47f9-b29f-7896844347c8:192.168.69.70:34768], old=null
2019-11-18 04:03:27,758 [7b4427c1-b0d7-4726-b5d2-64b1e42b78f8@group-5D4031214BB5-LeaderElection4] INFO  impl.LeaderElection (LeaderElection.java:askForVotes(178)) - 7b4427c1-b0d7-4726-b5d2-64b1e42b78f8@group-5D4031214BB5-LeaderElection4: begin an election at term 1 for -1: [7b4427c1-b0d7-4726-b5d2-64b1e42b78f8:192.168.69.70:45450], old=null
2019-11-18 04:03:27,757 [8a75d567-d87d-444b-bd42-22fe60317c43@group-D38B73652FD8-LeaderElection1] INFO  impl.LeaderElection (LeaderElection.java:askForVotes(178)) - 8a75d567-d87d-444b-bd42-22fe60317c43@group-D38B73652FD8-LeaderElection1: begin an election at term 1 for -1: [8a75d567-d87d-444b-bd42-22fe60317c43:192.168.69.70:37667], old=null
2019-11-18 04:03:27,757 [3e1e5366-7a40-4813-bf9e-d655d75c6ea3@group-3EA9F489A597-LeaderElection2] INFO  impl.LeaderElection (LeaderElection.java:askForVotes(178)) - 3e1e5366-7a40-4813-bf9e-d655d75c6ea3@group-3EA9F489A597-LeaderElection2: begin an election at term 1 for -1: [3e1e5366-7a40-4813-bf9e-d655d75c6ea3:192.168.69.70:40711], old=null
2019-11-18 04:03:27,762 [3e1e5366-7a40-4813-bf9e-d655d75c6ea3@group-3EA9F489A597-LeaderElection2] INFO  impl.RoleInfo (RoleInfo.java:shutdownLeaderElection(134)) - 3e1e5366-7a40-4813-bf9e-d655d75c6ea3: shutdown LeaderElection
2019-11-18 04:03:27,762 [7b4427c1-b0d7-4726-b5d2-64b1e42b78f8@group-5D4031214BB5-LeaderElection4] INFO  impl.RoleInfo (RoleInfo.java:shutdownLeaderElection(134)) - 7b4427c1-b0d7-4726-b5d2-64b1e42b78f8: shutdown LeaderElection
2019-11-18 04:03:27,762 [b123ecd9-da94-41d9-8a96-a25e891cf121@group-C1B985B648D2-LeaderElection8] INFO  impl.RoleInfo (RoleInfo.java:shutdownLeaderElection(134)) - b123ecd9-da94-41d9-8a96-a25e891cf121: shutdown LeaderElection
2019-11-18 04:03:27,762 [c1ab1948-bd06-494c-87a2-454d3d798b2a@group-24D9ACDF2F1C-LeaderElection3] INFO  impl.RoleInfo (RoleInfo.java:shutdownLeaderElection(134)) - c1ab1948-bd06-494c-87a2-454d3d798b2a: shutdown LeaderElection
2019-11-18 04:03:27,762 [8a75d567-d87d-444b-bd42-22fe60317c43@group-D38B73652FD8-LeaderElection1] INFO  impl.RoleInfo (RoleInfo.java:shutdownLeaderElection(134)) - 8a75d567-d87d-444b-bd42-22fe60317c43: shutdown LeaderElection
2019-11-18 04:03:27,762 [d5e7d411-50f4-47f9-b29f-7896844347c8@group-9F7C958A7443-LeaderElection7] INFO  impl.RoleInfo (RoleInfo.java:shutdownLeaderElection(134)) - d5e7d411-50f4-47f9-b29f-7896844347c8: shutdown LeaderElection
2019-11-18 04:03:27,763 [3e1e5366-7a40-4813-bf9e-d655d75c6ea3@group-3EA9F489A597-LeaderElection2] INFO  impl.RaftServerImpl (RaftServerImpl.java:setRole(173)) - 3e1e5366-7a40-4813-bf9e-d655d75c6ea3@group-3EA9F489A597: changes role from CANDIDATE to LEADER at term 1 for changeToLeader
2019-11-18 04:03:27,763 [c1ab1948-bd06-494c-87a2-454d3d798b2a@group-24D9ACDF2F1C-LeaderElection3] INFO  impl.RaftServerImpl (RaftServerImpl.java:setRole(173)) - c1ab1948-bd06-494c-87a2-454d3d798b2a@group-24D9ACDF2F1C: changes role from CANDIDATE to LEADER at term 1 for changeToLeader
2019-11-18 04:03:27,763 [b123ecd9-da94-41d9-8a96-a25e891cf121@group-C1B985B648D2-LeaderElection8] INFO  impl.RaftServerImpl (RaftServerImpl.java:setRole(173)) - b123ecd9-da94-41d9-8a96-a25e891cf121@group-C1B985B648D2: changes role from CANDIDATE to LEADER at term 1 for changeToLeader
2019-11-18 04:03:27,763 [d5e7d411-50f4-47f9-b29f-7896844347c8@group-9F7C958A7443-LeaderElection7] INFO  impl.RaftServerImpl (RaftServerImpl.java:setRole(173)) - d5e7d411-50f4-47f9-b29f-7896844347c8@group-9F7C958A7443: changes role from CANDIDATE to LEADER at term 1 for changeToLeader
2019-11-18 04:03:27,763 [7b4427c1-b0d7-4726-b5d2-64b1e42b78f8@group-5D4031214BB5-LeaderElection4] INFO  impl.RaftServerImpl (RaftServerImpl.java:setRole(173)) - 7b4427c1-b0d7-4726-b5d2-64b1e42b78f8@group-5D4031214BB5: changes role from CANDIDATE to LEADER at term 1 for changeToLeader
2019-11-18 04:03:27,764 [d5e7d411-50f4-47f9-b29f-7896844347c8@group-9F7C958A7443-LeaderElection7] INFO  ratis.XceiverServerRatis (XceiverServerRatis.java:handleLeaderChangedNotification(733)) - Leader change notification received for group: group-9F7C958A7443 with new leaderId: d5e7d411-50f4-47f9-b29f-7896844347c8
2019-11-18 04:03:27,764 [b123ecd9-da94-41d9-8a96-a25e891cf121@group-C1B985B648D2-LeaderElection8] INFO  ratis.XceiverServerRatis (XceiverServerRatis.java:handleLeaderChangedNotification(733)) - Leader change notification received for group: group-C1B985B648D2 with new leaderId: b123ecd9-da94-41d9-8a96-a25e891cf121
2019-11-18 04:03:27,763 [c1ab1948-bd06-494c-87a2-454d3d798b2a@group-24D9ACDF2F1C-LeaderElection3] INFO  ratis.XceiverServerRatis (XceiverServerRatis.java:handleLeaderChangedNotification(733)) - Leader change notification received for group: group-24D9ACDF2F1C with new leaderId: c1ab1948-bd06-494c-87a2-454d3d798b2a
2019-11-18 04:03:27,763 [3e1e5366-7a40-4813-bf9e-d655d75c6ea3@group-3EA9F489A597-LeaderElection2] INFO  ratis.XceiverServerRatis (XceiverServerRatis.java:handleLeaderChangedNotification(733)) - Leader change notification received for group: group-3EA9F489A597 with new leaderId: 3e1e5366-7a40-4813-bf9e-d655d75c6ea3
2019-11-18 04:03:27,763 [8a75d567-d87d-444b-bd42-22fe60317c43@group-D38B73652FD8-LeaderElection1] INFO  impl.RaftServerImpl (RaftServerImpl.java:setRole(173)) - 8a75d567-d87d-444b-bd42-22fe60317c43@group-D38B73652FD8: changes role from CANDIDATE to LEADER at term 1 for changeToLeader
2019-11-18 04:03:27,765 [3e1e5366-7a40-4813-bf9e-d655d75c6ea3@group-3EA9F489A597-LeaderElection2] INFO  impl.RaftServerImpl (ServerState.java:setLeader(255)) - 3e1e5366-7a40-4813-bf9e-d655d75c6ea3@group-3EA9F489A597: change Leader from null to 3e1e5366-7a40-4813-bf9e-d655d75c6ea3 at term 1 for becomeLeader, leader elected after 5368ms
2019-11-18 04:03:27,764 [c1ab1948-bd06-494c-87a2-454d3d798b2a@group-24D9ACDF2F1C-LeaderElection3] INFO  impl.RaftServerImpl (ServerState.java:setLeader(255)) - c1ab1948-bd06-494c-87a2-454d3d798b2a@group-24D9ACDF2F1C: change Leader from null to c1ab1948-bd06-494c-87a2-454d3d798b2a at term 1 for becomeLeader, leader elected after 5371ms
2019-11-18 04:03:27,764 [b123ecd9-da94-41d9-8a96-a25e891cf121@group-C1B985B648D2-LeaderElection8] INFO  impl.RaftServerImpl (ServerState.java:setLeader(255)) - b123ecd9-da94-41d9-8a96-a25e891cf121@group-C1B985B648D2: change Leader from null to b123ecd9-da94-41d9-8a96-a25e891cf121 at term 1 for becomeLeader, leader elected after 5368ms
2019-11-18 04:03:27,764 [d5e7d411-50f4-47f9-b29f-7896844347c8@group-9F7C958A7443-LeaderElection7] INFO  impl.RaftServerImpl (ServerState.java:setLeader(255)) - d5e7d411-50f4-47f9-b29f-7896844347c8@group-9F7C958A7443: change Leader from null to d5e7d411-50f4-47f9-b29f-7896844347c8 at term 1 for becomeLeader, leader elected after 5194ms
2019-11-18 04:03:27,764 [7b4427c1-b0d7-4726-b5d2-64b1e42b78f8@group-5D4031214BB5-LeaderElection4] INFO  ratis.XceiverServerRatis (XceiverServerRatis.java:handleLeaderChangedNotification(733)) - Leader change notification received for group: group-5D4031214BB5 with new leaderId: 7b4427c1-b0d7-4726-b5d2-64b1e42b78f8
2019-11-18 04:03:27,765 [8a75d567-d87d-444b-bd42-22fe60317c43@group-D38B73652FD8-LeaderElection1] INFO  ratis.XceiverServerRatis (XceiverServerRatis.java:handleLeaderChangedNotification(733)) - Leader change notification received for group: group-D38B73652FD8 with new leaderId: 8a75d567-d87d-444b-bd42-22fe60317c43
2019-11-18 04:03:27,765 [7b4427c1-b0d7-4726-b5d2-64b1e42b78f8@group-5D4031214BB5-LeaderElection4] INFO  impl.RaftServerImpl (ServerState.java:setLeader(255)) - 7b4427c1-b0d7-4726-b5d2-64b1e42b78f8@group-5D4031214BB5: change Leader from null to 7b4427c1-b0d7-4726-b5d2-64b1e42b78f8 at term 1 for becomeLeader, leader elected after 5371ms
2019-11-18 04:03:27,766 [EventQueue-PipelineReportForPipelineReportHandler] INFO  pipeline.PipelineReportHandler (PipelineReportHandler.java:processPipelineReport(113)) - Pipeline THREE PipelineID=2d2fe9e4-643b-4b89-841f-3ec874524c2e reported by d5e7d411-50f4-47f9-b29f-7896844347c8{ip: 192.168.69.70, host: pr-hdds-2386-sqzzd-3930412762, networkLocation: /default-rack, certSerialId: null}
2019-11-18 04:03:27,766 [8a75d567-d87d-444b-bd42-22fe60317c43@group-D38B73652FD8-LeaderElection1] INFO  impl.RaftServerImpl (ServerState.java:setLeader(255)) - 8a75d567-d87d-444b-bd42-22fe60317c43@group-D38B73652FD8: change Leader from null to 8a75d567-d87d-444b-bd42-22fe60317c43 at term 1 for becomeLeader, leader elected after 5325ms
2019-11-18 04:03:27,766 [EventQueue-PipelineReportForPipelineReportHandler] INFO  pipeline.PipelineReportHandler (PipelineReportHandler.java:processPipelineReport(113)) - Pipeline THREE PipelineID=2d2fe9e4-643b-4b89-841f-3ec874524c2e reported by b123ecd9-da94-41d9-8a96-a25e891cf121{ip: 192.168.69.70, host: pr-hdds-2386-sqzzd-3930412762, networkLocation: /default-rack, certSerialId: null}
2019-11-18 04:03:27,766 [EventQueue-PipelineReportForPipelineReportHandler] INFO  pipeline.PipelineReportHandler (PipelineReportHandler.java:processPipelineReport(113)) - Pipeline THREE PipelineID=36dc783b-6e58-4416-920c-c20dcc66496c reported by c1ab1948-bd06-494c-87a2-454d3d798b2a{ip: 192.168.69.70, host: pr-hdds-2386-sqzzd-3930412762, networkLocation: /default-rack, certSerialId: null}
2019-11-18 04:03:27,767 [EventQueue-PipelineReportForPipelineReportHandler] INFO  pipeline.PipelineReportHandler (PipelineReportHandler.java:processPipelineReport(113)) - Pipeline THREE PipelineID=36dc783b-6e58-4416-920c-c20dcc66496c reported by 3e1e5366-7a40-4813-bf9e-d655d75c6ea3{ip: 192.168.69.70, host: pr-hdds-2386-sqzzd-3930412762, networkLocation: /default-rack, certSerialId: null}
2019-11-18 04:03:27,767 [EventQueue-PipelineReportForPipelineReportHandler] INFO  pipeline.PipelineReportHandler (PipelineReportHandler.java:processPipelineReport(113)) - Pipeline THREE PipelineID=2d2fe9e4-643b-4b89-841f-3ec874524c2e reported by 8a75d567-d87d-444b-bd42-22fe60317c43{ip: 192.168.69.70, host: pr-hdds-2386-sqzzd-3930412762, networkLocation: /default-rack, certSerialId: null}
2019-11-18 04:03:27,767 [EventQueue-PipelineReportForPipelineReportHandler] INFO  pipeline.PipelineReportHandler (PipelineReportHandler.java:processPipelineReport(113)) - Pipeline THREE PipelineID=36dc783b-6e58-4416-920c-c20dcc66496c reported by 7b4427c1-b0d7-4726-b5d2-64b1e42b78f8{ip: 192.168.69.70, host: pr-hdds-2386-sqzzd-3930412762, networkLocation: /default-rack, certSerialId: null}
2019-11-18 04:03:27,773 [8a75d567-d87d-444b-bd42-22fe60317c43@group-3EC874524C2E-LeaderElection10] INFO  impl.LeaderElection (LeaderElection.java:askForVotes(178)) - 8a75d567-d87d-444b-bd42-22fe60317c43@group-3EC874524C2E-LeaderElection10: begin an election at term 1 for -1: [8a75d567-d87d-444b-bd42-22fe60317c43:192.168.69.70:37667, b123ecd9-da94-41d9-8a96-a25e891cf121:192.168.69.70:39520, d5e7d411-50f4-47f9-b29f-7896844347c8:192.168.69.70:34768], old=null
2019-11-18 04:03:27,774 [c1ab1948-bd06-494c-87a2-454d3d798b2a@group-24D9ACDF2F1C-LeaderElection3] INFO  server.RaftServerConfigKeys (ConfUtils.java:logGet(43)) - raft.server.staging.catchup.gap = 1000 (default)
2019-11-18 04:03:27,776 [d5e7d411-50f4-47f9-b29f-7896844347c8@group-9F7C958A7443-LeaderElection7] INFO  server.RaftServerConfigKeys (ConfUtils.java:logGet(43)) - raft.server.staging.catchup.gap = 1000 (default)
2019-11-18 04:03:27,776 [7b4427c1-b0d7-4726-b5d2-64b1e42b78f8@group-5D4031214BB5-LeaderElection4] INFO  server.RaftServerConfigKeys (ConfUtils.java:logGet(43)) - raft.server.staging.catchup.gap = 1000 (default)
2019-11-18 04:03:27,776 [3e1e5366-7a40-4813-bf9e-d655d75c6ea3@group-3EA9F489A597-LeaderElection2] INFO  server.RaftServerConfigKeys (ConfUtils.java:logGet(43)) - raft.server.staging.catchup.gap = 1000 (default)
2019-11-18 04:03:27,774 [b123ecd9-da94-41d9-8a96-a25e891cf121@group-C1B985B648D2-LeaderElection8] INFO  server.RaftServerConfigKeys (ConfUtils.java:logGet(43)) - raft.server.staging.catchup.gap = 1000 (default)
2019-11-18 04:03:27,774 [8a75d567-d87d-444b-bd42-22fe60317c43@group-D38B73652FD8-LeaderElection1] INFO  server.RaftServerConfigKeys (ConfUtils.java:logGet(43)) - raft.server.staging.catchup.gap = 1000 (default)
2019-11-18 04:03:27,777 [b123ecd9-da94-41d9-8a96-a25e891cf121@group-C1B985B648D2-LeaderElection8] INFO  server.RaftServerConfigKeys (ConfUtils.java:logGet(43)) - raft.server.rpc.sleep.time = 25ms (default)
2019-11-18 04:03:27,776 [3e1e5366-7a40-4813-bf9e-d655d75c6ea3@group-3EA9F489A597-LeaderElection2] INFO  server.RaftServerConfigKeys (ConfUtils.java:logGet(43)) - raft.server.rpc.sleep.time = 25ms (default)
2019-11-18 04:03:27,776 [7b4427c1-b0d7-4726-b5d2-64b1e42b78f8@group-5D4031214BB5-LeaderElection4] INFO  server.RaftServerConfigKeys (ConfUtils.java:logGet(43)) - raft.server.rpc.sleep.time = 25ms (default)
2019-11-18 04:03:27,776 [d5e7d411-50f4-47f9-b29f-7896844347c8@group-9F7C958A7443-LeaderElection7] INFO  server.RaftServerConfigKeys (ConfUtils.java:logGet(43)) - raft.server.rpc.sleep.time = 25ms (default)
2019-11-18 04:03:27,776 [c1ab1948-bd06-494c-87a2-454d3d798b2a@group-24D9ACDF2F1C-LeaderElection3] INFO  server.RaftServerConfigKeys (ConfUtils.java:logGet(43)) - raft.server.rpc.sleep.time = 25ms (default)
2019-11-18 04:03:27,777 [8a75d567-d87d-444b-bd42-22fe60317c43@group-D38B73652FD8-LeaderElection1] INFO  server.RaftServerConfigKeys (ConfUtils.java:logGet(43)) - raft.server.rpc.sleep.time = 25ms (default)
2019-11-18 04:03:27,781 [Thread-242] INFO  impl.FollowerState (FollowerState.java:run(111)) - 3e1e5366-7a40-4813-bf9e-d655d75c6ea3@group-C20DCC66496C-FollowerState: change to CANDIDATE, lastRpcTime:5192ms, electionTimeout:5190ms
2019-11-18 04:03:27,781 [Thread-242] INFO  impl.RoleInfo (RoleInfo.java:shutdownFollowerState(121)) - 3e1e5366-7a40-4813-bf9e-d655d75c6ea3: shutdown FollowerState
2019-11-18 04:03:27,781 [Thread-242] INFO  impl.RaftServerImpl (RaftServerImpl.java:setRole(173)) - 3e1e5366-7a40-4813-bf9e-d655d75c6ea3@group-C20DCC66496C: changes role from  FOLLOWER to CANDIDATE at term 0 for changeToCandidate
2019-11-18 04:03:27,781 [Thread-242] INFO  impl.RoleInfo (RoleInfo.java:updateAndGet(143)) - 3e1e5366-7a40-4813-bf9e-d655d75c6ea3: start LeaderElection
2019-11-18 04:03:27,785 [d5e7d411-50f4-47f9-b29f-7896844347c8@group-9F7C958A7443-LeaderElection7] INFO  server.RaftServerConfigKeys (ConfUtils.java:logGet(43)) - raft.server.write.element-limit = 4096 (default)
2019-11-18 04:03:27,785 [3e1e5366-7a40-4813-bf9e-d655d75c6ea3@group-3EA9F489A597-LeaderElection2] INFO  server.RaftServerConfigKeys (ConfUtils.java:logGet(43)) - raft.server.write.element-limit = 4096 (default)
2019-11-18 04:03:27,785 [b123ecd9-da94-41d9-8a96-a25e891cf121@group-C1B985B648D2-LeaderElection8] INFO  server.RaftServerConfigKeys (ConfUtils.java:logGet(43)) - raft.server.write.element-limit = 4096 (default)
2019-11-18 04:03:27,785 [8a75d567-d87d-444b-bd42-22fe60317c43@group-D38B73652FD8-LeaderElection1] INFO  server.RaftServerConfigKeys (ConfUtils.java:logGet(43)) - raft.server.write.element-limit = 4096 (default)
2019-11-18 04:03:27,785 [7b4427c1-b0d7-4726-b5d2-64b1e42b78f8@group-5D4031214BB5-LeaderElection4] INFO  server.RaftServerConfigKeys (ConfUtils.java:logGet(43)) - raft.server.write.element-limit = 4096 (default)
2019-11-18 04:03:27,785 [c1ab1948-bd06-494c-87a2-454d3d798b2a@group-24D9ACDF2F1C-LeaderElection3] INFO  server.RaftServerConfigKeys (ConfUtils.java:logGet(43)) - raft.server.write.element-limit = 4096 (default)
2019-11-18 04:03:27,788 [Thread-246] INFO  impl.FollowerState (FollowerState.java:run(111)) - b123ecd9-da94-41d9-8a96-a25e891cf121@group-3EC874524C2E-FollowerState: change to CANDIDATE, lastRpcTime:5189ms, electionTimeout:5189ms
2019-11-18 04:03:27,788 [Thread-246] INFO  impl.RoleInfo (RoleInfo.java:shutdownFollowerState(121)) - b123ecd9-da94-41d9-8a96-a25e891cf121: shutdown FollowerState
2019-11-18 04:03:27,788 [Thread-246] INFO  impl.RaftServerImpl (RaftServerImpl.java:setRole(173)) - b123ecd9-da94-41d9-8a96-a25e891cf121@group-3EC874524C2E: changes role from  FOLLOWER to CANDIDATE at term 0 for changeToCandidate
2019-11-18 04:03:27,788 [Thread-246] INFO  impl.RoleInfo (RoleInfo.java:updateAndGet(143)) - b123ecd9-da94-41d9-8a96-a25e891cf121: start LeaderElection
2019-11-18 04:03:27,797 [b123ecd9-da94-41d9-8a96-a25e891cf121@group-C1B985B648D2-LeaderElection8] INFO  server.RaftServerConfigKeys (ConfUtils.java:logGet(43)) - raft.server.watch.timeout = 10s (default)
2019-11-18 04:03:27,797 [3e1e5366-7a40-4813-bf9e-d655d75c6ea3@group-3EA9F489A597-LeaderElection2] INFO  server.RaftServerConfigKeys (ConfUtils.java:logGet(43)) - raft.server.watch.timeout = 10s (default)
2019-11-18 04:03:27,797 [b123ecd9-da94-41d9-8a96-a25e891cf121@group-C1B985B648D2-LeaderElection8] INFO  server.RaftServerConfigKeys (ConfUtils.java:logGet(43)) - raft.server.watch.timeout.denomination = 1s (default)
2019-11-18 04:03:27,797 [7b4427c1-b0d7-4726-b5d2-64b1e42b78f8@group-5D4031214BB5-LeaderElection4] INFO  server.RaftServerConfigKeys (ConfUtils.java:logGet(43)) - raft.server.watch.timeout = 10s (default)
2019-11-18 04:03:27,797 [d5e7d411-50f4-47f9-b29f-7896844347c8@group-9F7C958A7443-LeaderElection7] INFO  server.RaftServerConfigKeys (ConfUtils.java:logGet(43)) - raft.server.watch.timeout = 10s (default)
2019-11-18 04:03:27,797 [c1ab1948-bd06-494c-87a2-454d3d798b2a@group-24D9ACDF2F1C-LeaderElection3] INFO  server.RaftServerConfigKeys (ConfUtils.java:logGet(43)) - raft.server.watch.timeout = 10s (default)
2019-11-18 04:03:27,797 [8a75d567-d87d-444b-bd42-22fe60317c43@group-D38B73652FD8-LeaderElection1] INFO  server.RaftServerConfigKeys (ConfUtils.java:logGet(43)) - raft.server.watch.timeout = 10s (default)
2019-11-18 04:03:27,798 [c1ab1948-bd06-494c-87a2-454d3d798b2a@group-24D9ACDF2F1C-LeaderElection3] INFO  server.RaftServerConfigKeys (ConfUtils.java:logGet(43)) - raft.server.watch.timeout.denomination = 1s (default)
2019-11-18 04:03:27,797 [d5e7d411-50f4-47f9-b29f-7896844347c8@group-9F7C958A7443-LeaderElection7] INFO  server.RaftServerConfigKeys (ConfUtils.java:logGet(43)) - raft.server.watch.timeout.denomination = 1s (default)
2019-11-18 04:03:27,797 [7b4427c1-b0d7-4726-b5d2-64b1e42b78f8@group-5D4031214BB5-LeaderElection4] INFO  server.RaftServerConfigKeys (ConfUtils.java:logGet(43)) - raft.server.watch.timeout.denomination = 1s (default)
2019-11-18 04:03:27,797 [3e1e5366-7a40-4813-bf9e-d655d75c6ea3@group-3EA9F489A597-LeaderElection2] INFO  server.RaftServerConfigKeys (ConfUtils.java:logGet(43)) - raft.server.watch.timeout.denomination = 1s (default)
2019-11-18 04:03:27,798 [7b4427c1-b0d7-4726-b5d2-64b1e42b78f8@group-5D4031214BB5-LeaderElection4] INFO  server.RaftServerConfigKeys (ConfUtils.java:logGet(43)) - raft.server.watch.element-limit = 65536 (default)
2019-11-18 04:03:27,798 [d5e7d411-50f4-47f9-b29f-7896844347c8@group-9F7C958A7443-LeaderElection7] INFO  server.RaftServerConfigKeys (ConfUtils.java:logGet(43)) - raft.server.watch.element-limit = 65536 (default)
2019-11-18 04:03:27,798 [b123ecd9-da94-41d9-8a96-a25e891cf121@group-C1B985B648D2-LeaderElection8] INFO  server.RaftServerConfigKeys (ConfUtils.java:logGet(43)) - raft.server.watch.element-limit = 65536 (default)
2019-11-18 04:03:27,798 [8a75d567-d87d-444b-bd42-22fe60317c43@group-D38B73652FD8-LeaderElection1] INFO  server.RaftServerConfigKeys (ConfUtils.java:logGet(43)) - raft.server.watch.timeout.denomination = 1s (default)
2019-11-18 04:03:27,798 [3e1e5366-7a40-4813-bf9e-d655d75c6ea3@group-3EA9F489A597-LeaderElection2] INFO  server.RaftServerConfigKeys (ConfUtils.java:logGet(43)) - raft.server.watch.element-limit = 65536 (default)
2019-11-18 04:03:27,798 [c1ab1948-bd06-494c-87a2-454d3d798b2a@group-24D9ACDF2F1C-LeaderElection3] INFO  server.RaftServerConfigKeys (ConfUtils.java:logGet(43)) - raft.server.watch.element-limit = 65536 (default)
2019-11-18 04:03:27,799 [8a75d567-d87d-444b-bd42-22fe60317c43@group-D38B73652FD8-LeaderElection1] INFO  server.RaftServerConfigKeys (ConfUtils.java:logGet(43)) - raft.server.watch.element-limit = 65536 (default)
2019-11-18 04:03:27,807 [b123ecd9-da94-41d9-8a96-a25e891cf121@group-3EC874524C2E-LeaderElection12] INFO  impl.LeaderElection (LeaderElection.java:askForVotes(178)) - b123ecd9-da94-41d9-8a96-a25e891cf121@group-3EC874524C2E-LeaderElection12: begin an election at term 1 for -1: [8a75d567-d87d-444b-bd42-22fe60317c43:192.168.69.70:37667, b123ecd9-da94-41d9-8a96-a25e891cf121:192.168.69.70:39520, d5e7d411-50f4-47f9-b29f-7896844347c8:192.168.69.70:34768], old=null
2019-11-18 04:03:27,807 [3e1e5366-7a40-4813-bf9e-d655d75c6ea3@group-C20DCC66496C-LeaderElection11] INFO  impl.LeaderElection (LeaderElection.java:askForVotes(178)) - 3e1e5366-7a40-4813-bf9e-d655d75c6ea3@group-C20DCC66496C-LeaderElection11: begin an election at term 1 for -1: [3e1e5366-7a40-4813-bf9e-d655d75c6ea3:192.168.69.70:40711, c1ab1948-bd06-494c-87a2-454d3d798b2a:192.168.69.70:35897, 7b4427c1-b0d7-4726-b5d2-64b1e42b78f8:192.168.69.70:45450], old=null
2019-11-18 04:03:27,811 [b123ecd9-da94-41d9-8a96-a25e891cf121@group-C1B985B648D2-LeaderElection8] INFO  impl.RoleInfo (RoleInfo.java:updateAndGet(143)) - b123ecd9-da94-41d9-8a96-a25e891cf121: start LeaderState
2019-11-18 04:03:27,811 [c1ab1948-bd06-494c-87a2-454d3d798b2a@group-24D9ACDF2F1C-LeaderElection3] INFO  impl.RoleInfo (RoleInfo.java:updateAndGet(143)) - c1ab1948-bd06-494c-87a2-454d3d798b2a: start LeaderState
2019-11-18 04:03:27,811 [8a75d567-d87d-444b-bd42-22fe60317c43@group-D38B73652FD8-LeaderElection1] INFO  impl.RoleInfo (RoleInfo.java:updateAndGet(143)) - 8a75d567-d87d-444b-bd42-22fe60317c43: start LeaderState
2019-11-18 04:03:27,811 [3e1e5366-7a40-4813-bf9e-d655d75c6ea3@group-3EA9F489A597-LeaderElection2] INFO  impl.RoleInfo (RoleInfo.java:updateAndGet(143)) - 3e1e5366-7a40-4813-bf9e-d655d75c6ea3: start LeaderState
2019-11-18 04:03:27,811 [d5e7d411-50f4-47f9-b29f-7896844347c8@group-9F7C958A7443-LeaderElection7] INFO  impl.RoleInfo (RoleInfo.java:updateAndGet(143)) - d5e7d411-50f4-47f9-b29f-7896844347c8: start LeaderState
2019-11-18 04:03:27,811 [7b4427c1-b0d7-4726-b5d2-64b1e42b78f8@group-5D4031214BB5-LeaderElection4] INFO  impl.RoleInfo (RoleInfo.java:updateAndGet(143)) - 7b4427c1-b0d7-4726-b5d2-64b1e42b78f8: start LeaderState
2019-11-18 04:03:27,832 [7b4427c1-b0d7-4726-b5d2-64b1e42b78f8@group-5D4031214BB5-LeaderElection4] INFO  segmented.SegmentedRaftLogWorker (SegmentedRaftLogWorker.java:startLogSegment(385)) - 7b4427c1-b0d7-4726-b5d2-64b1e42b78f8@group-5D4031214BB5-SegmentedRaftLogWorker: Starting segment from index:0
2019-11-18 04:03:27,832 [3e1e5366-7a40-4813-bf9e-d655d75c6ea3@group-3EA9F489A597-LeaderElection2] INFO  segmented.SegmentedRaftLogWorker (SegmentedRaftLogWorker.java:startLogSegment(385)) - 3e1e5366-7a40-4813-bf9e-d655d75c6ea3@group-3EA9F489A597-SegmentedRaftLogWorker: Starting segment from index:0
2019-11-18 04:03:27,832 [8a75d567-d87d-444b-bd42-22fe60317c43@group-D38B73652FD8-LeaderElection1] INFO  segmented.SegmentedRaftLogWorker (SegmentedRaftLogWorker.java:startLogSegment(385)) - 8a75d567-d87d-444b-bd42-22fe60317c43@group-D38B73652FD8-SegmentedRaftLogWorker: Starting segment from index:0
2019-11-18 04:03:27,832 [b123ecd9-da94-41d9-8a96-a25e891cf121@group-C1B985B648D2-LeaderElection8] INFO  segmented.SegmentedRaftLogWorker (SegmentedRaftLogWorker.java:startLogSegment(385)) - b123ecd9-da94-41d9-8a96-a25e891cf121@group-C1B985B648D2-SegmentedRaftLogWorker: Starting segment from index:0
2019-11-18 04:03:27,832 [d5e7d411-50f4-47f9-b29f-7896844347c8@group-9F7C958A7443-LeaderElection7] INFO  segmented.SegmentedRaftLogWorker (SegmentedRaftLogWorker.java:startLogSegment(385)) - d5e7d411-50f4-47f9-b29f-7896844347c8@group-9F7C958A7443-SegmentedRaftLogWorker: Starting segment from index:0
2019-11-18 04:03:27,832 [c1ab1948-bd06-494c-87a2-454d3d798b2a@group-24D9ACDF2F1C-LeaderElection3] INFO  segmented.SegmentedRaftLogWorker (SegmentedRaftLogWorker.java:startLogSegment(385)) - c1ab1948-bd06-494c-87a2-454d3d798b2a@group-24D9ACDF2F1C-SegmentedRaftLogWorker: Starting segment from index:0
2019-11-18 04:03:27,853 [7b4427c1-b0d7-4726-b5d2-64b1e42b78f8@group-5D4031214BB5-LeaderElection4] INFO  impl.RaftServerImpl (ServerState.java:setRaftConf(356)) - 7b4427c1-b0d7-4726-b5d2-64b1e42b78f8@group-5D4031214BB5: set configuration 0: [7b4427c1-b0d7-4726-b5d2-64b1e42b78f8:192.168.69.70:45450], old=null at 0
2019-11-18 04:03:27,853 [b123ecd9-da94-41d9-8a96-a25e891cf121@group-C1B985B648D2-LeaderElection8] INFO  impl.RaftServerImpl (ServerState.java:setRaftConf(356)) - b123ecd9-da94-41d9-8a96-a25e891cf121@group-C1B985B648D2: set configuration 0: [b123ecd9-da94-41d9-8a96-a25e891cf121:192.168.69.70:39520], old=null at 0
2019-11-18 04:03:27,853 [d5e7d411-50f4-47f9-b29f-7896844347c8@group-9F7C958A7443-LeaderElection7] INFO  impl.RaftServerImpl (ServerState.java:setRaftConf(356)) - d5e7d411-50f4-47f9-b29f-7896844347c8@group-9F7C958A7443: set configuration 0: [d5e7d411-50f4-47f9-b29f-7896844347c8:192.168.69.70:34768], old=null at 0
2019-11-18 04:03:27,853 [3e1e5366-7a40-4813-bf9e-d655d75c6ea3@group-3EA9F489A597-LeaderElection2] INFO  impl.RaftServerImpl (ServerState.java:setRaftConf(356)) - 3e1e5366-7a40-4813-bf9e-d655d75c6ea3@group-3EA9F489A597: set configuration 0: [3e1e5366-7a40-4813-bf9e-d655d75c6ea3:192.168.69.70:40711], old=null at 0
2019-11-18 04:03:27,853 [c1ab1948-bd06-494c-87a2-454d3d798b2a@group-24D9ACDF2F1C-LeaderElection3] INFO  impl.RaftServerImpl (ServerState.java:setRaftConf(356)) - c1ab1948-bd06-494c-87a2-454d3d798b2a@group-24D9ACDF2F1C: set configuration 0: [c1ab1948-bd06-494c-87a2-454d3d798b2a:192.168.69.70:35897], old=null at 0
2019-11-18 04:03:27,853 [8a75d567-d87d-444b-bd42-22fe60317c43@group-D38B73652FD8-LeaderElection1] INFO  impl.RaftServerImpl (ServerState.java:setRaftConf(356)) - 8a75d567-d87d-444b-bd42-22fe60317c43@group-D38B73652FD8: set configuration 0: [8a75d567-d87d-444b-bd42-22fe60317c43:192.168.69.70:37667], old=null at 0
2019-11-18 04:03:28,052 [3e1e5366-7a40-4813-bf9e-d655d75c6ea3@group-3EA9F489A597-SegmentedRaftLogWorker] INFO  segmented.SegmentedRaftLogWorker (SegmentedRaftLogWorker.java:execute(576)) - 3e1e5366-7a40-4813-bf9e-d655d75c6ea3@group-3EA9F489A597-SegmentedRaftLogWorker: created new log segment /workdir/hadoop-ozone/integration-test/target/test-dir/MiniOzoneClusterImpl-1c214b3a-49ad-4877-b4c4-a160cd444fc4/datanode-1/data/ratis/acfeb93b-0eae-43c0-a0ee-3ea9f489a597/current/log_inprogress_0
2019-11-18 04:03:28,052 [8a75d567-d87d-444b-bd42-22fe60317c43@group-D38B73652FD8-SegmentedRaftLogWorker] INFO  segmented.SegmentedRaftLogWorker (SegmentedRaftLogWorker.java:execute(576)) - 8a75d567-d87d-444b-bd42-22fe60317c43@group-D38B73652FD8-SegmentedRaftLogWorker: created new log segment /workdir/hadoop-ozone/integration-test/target/test-dir/MiniOzoneClusterImpl-1c214b3a-49ad-4877-b4c4-a160cd444fc4/datanode-4/data/ratis/0eb9a05e-5a2d-4e7c-8e7e-d38b73652fd8/current/log_inprogress_0
2019-11-18 04:03:28,052 [d5e7d411-50f4-47f9-b29f-7896844347c8@group-9F7C958A7443-SegmentedRaftLogWorker] INFO  segmented.SegmentedRaftLogWorker (SegmentedRaftLogWorker.java:execute(576)) - d5e7d411-50f4-47f9-b29f-7896844347c8@group-9F7C958A7443-SegmentedRaftLogWorker: created new log segment /workdir/hadoop-ozone/integration-test/target/test-dir/MiniOzoneClusterImpl-1c214b3a-49ad-4877-b4c4-a160cd444fc4/datanode-5/data/ratis/ea952dbf-88c6-4fa4-8186-9f7c958a7443/current/log_inprogress_0
2019-11-18 04:03:28,052 [c1ab1948-bd06-494c-87a2-454d3d798b2a@group-24D9ACDF2F1C-SegmentedRaftLogWorker] INFO  segmented.SegmentedRaftLogWorker (SegmentedRaftLogWorker.java:execute(576)) - c1ab1948-bd06-494c-87a2-454d3d798b2a@group-24D9ACDF2F1C-SegmentedRaftLogWorker: created new log segment /workdir/hadoop-ozone/integration-test/target/test-dir/MiniOzoneClusterImpl-1c214b3a-49ad-4877-b4c4-a160cd444fc4/datanode-0/data/ratis/63b24fc7-0b5d-4e44-96a7-24d9acdf2f1c/current/log_inprogress_0
2019-11-18 04:03:28,052 [7b4427c1-b0d7-4726-b5d2-64b1e42b78f8@group-5D4031214BB5-SegmentedRaftLogWorker] INFO  segmented.SegmentedRaftLogWorker (SegmentedRaftLogWorker.java:execute(576)) - 7b4427c1-b0d7-4726-b5d2-64b1e42b78f8@group-5D4031214BB5-SegmentedRaftLogWorker: created new log segment /workdir/hadoop-ozone/integration-test/target/test-dir/MiniOzoneClusterImpl-1c214b3a-49ad-4877-b4c4-a160cd444fc4/datanode-2/data/ratis/1d550e55-74fd-4165-b387-5d4031214bb5/current/log_inprogress_0
2019-11-18 04:03:28,052 [b123ecd9-da94-41d9-8a96-a25e891cf121@group-C1B985B648D2-SegmentedRaftLogWorker] INFO  segmented.SegmentedRaftLogWorker (SegmentedRaftLogWorker.java:execute(576)) - b123ecd9-da94-41d9-8a96-a25e891cf121@group-C1B985B648D2-SegmentedRaftLogWorker: created new log segment /workdir/hadoop-ozone/integration-test/target/test-dir/MiniOzoneClusterImpl-1c214b3a-49ad-4877-b4c4-a160cd444fc4/datanode-3/data/ratis/8f766589-66d5-4acf-af20-c1b985b648d2/current/log_inprogress_0
2019-11-18 04:03:28,278 [d5e7d411-50f4-47f9-b29f-7896844347c8@group-3EC874524C2E-LeaderElection5] INFO  impl.LeaderElection (LeaderElection.java:logAndReturn(56)) - d5e7d411-50f4-47f9-b29f-7896844347c8@group-3EC874524C2E-LeaderElection5: Election REJECTED; received 2 response(s) [d5e7d411-50f4-47f9-b29f-7896844347c8<-8a75d567-d87d-444b-bd42-22fe60317c43#0:FAIL-t1, d5e7d411-50f4-47f9-b29f-7896844347c8<-b123ecd9-da94-41d9-8a96-a25e891cf121#0:FAIL-t1] and 0 exception(s); d5e7d411-50f4-47f9-b29f-7896844347c8@group-3EC874524C2E:t1, leader=null, voted=d5e7d411-50f4-47f9-b29f-7896844347c8, raftlog=d5e7d411-50f4-47f9-b29f-7896844347c8@group-3EC874524C2E-SegmentedRaftLog:OPENED:c-1,f-1,i0, conf=-1: [8a75d567-d87d-444b-bd42-22fe60317c43:192.168.69.70:37667, b123ecd9-da94-41d9-8a96-a25e891cf121:192.168.69.70:39520, d5e7d411-50f4-47f9-b29f-7896844347c8:192.168.69.70:34768], old=null
2019-11-18 04:03:28,278 [b123ecd9-da94-41d9-8a96-a25e891cf121@group-3EC874524C2E-LeaderElection12] INFO  impl.LeaderElection (LeaderElection.java:logAndReturn(56)) - b123ecd9-da94-41d9-8a96-a25e891cf121@group-3EC874524C2E-LeaderElection12: Election REJECTED; received 2 response(s) [b123ecd9-da94-41d9-8a96-a25e891cf121<-8a75d567-d87d-444b-bd42-22fe60317c43#0:FAIL-t1, b123ecd9-da94-41d9-8a96-a25e891cf121<-d5e7d411-50f4-47f9-b29f-7896844347c8#0:FAIL-t1] and 0 exception(s); b123ecd9-da94-41d9-8a96-a25e891cf121@group-3EC874524C2E:t1, leader=null, voted=b123ecd9-da94-41d9-8a96-a25e891cf121, raftlog=b123ecd9-da94-41d9-8a96-a25e891cf121@group-3EC874524C2E-SegmentedRaftLog:OPENED:c-1,f-1,i0, conf=-1: [8a75d567-d87d-444b-bd42-22fe60317c43:192.168.69.70:37667, b123ecd9-da94-41d9-8a96-a25e891cf121:192.168.69.70:39520, d5e7d411-50f4-47f9-b29f-7896844347c8:192.168.69.70:34768], old=null
2019-11-18 04:03:28,278 [7b4427c1-b0d7-4726-b5d2-64b1e42b78f8@group-C20DCC66496C-LeaderElection6] INFO  impl.LeaderElection (LeaderElection.java:logAndReturn(56)) - 7b4427c1-b0d7-4726-b5d2-64b1e42b78f8@group-C20DCC66496C-LeaderElection6: Election REJECTED; received 2 response(s) [7b4427c1-b0d7-4726-b5d2-64b1e42b78f8<-3e1e5366-7a40-4813-bf9e-d655d75c6ea3#0:FAIL-t1, 7b4427c1-b0d7-4726-b5d2-64b1e42b78f8<-c1ab1948-bd06-494c-87a2-454d3d798b2a#0:FAIL-t1] and 0 exception(s); 7b4427c1-b0d7-4726-b5d2-64b1e42b78f8@group-C20DCC66496C:t1, leader=null, voted=7b4427c1-b0d7-4726-b5d2-64b1e42b78f8, raftlog=7b4427c1-b0d7-4726-b5d2-64b1e42b78f8@group-C20DCC66496C-SegmentedRaftLog:OPENED:c-1,f-1,i0, conf=-1: [3e1e5366-7a40-4813-bf9e-d655d75c6ea3:192.168.69.70:40711, c1ab1948-bd06-494c-87a2-454d3d798b2a:192.168.69.70:35897, 7b4427c1-b0d7-4726-b5d2-64b1e42b78f8:192.168.69.70:45450], old=null
2019-11-18 04:03:28,278 [c1ab1948-bd06-494c-87a2-454d3d798b2a@group-C20DCC66496C-LeaderElection9] INFO  impl.LeaderElection (LeaderElection.java:logAndReturn(56)) - c1ab1948-bd06-494c-87a2-454d3d798b2a@group-C20DCC66496C-LeaderElection9: Election REJECTED; received 2 response(s) [c1ab1948-bd06-494c-87a2-454d3d798b2a<-3e1e5366-7a40-4813-bf9e-d655d75c6ea3#0:FAIL-t1, c1ab1948-bd06-494c-87a2-454d3d798b2a<-7b4427c1-b0d7-4726-b5d2-64b1e42b78f8#0:FAIL-t1] and 0 exception(s); c1ab1948-bd06-494c-87a2-454d3d798b2a@group-C20DCC66496C:t1, leader=null, voted=c1ab1948-bd06-494c-87a2-454d3d798b2a, raftlog=c1ab1948-bd06-494c-87a2-454d3d798b2a@group-C20DCC66496C-SegmentedRaftLog:OPENED:c-1,f-1,i0, conf=-1: [3e1e5366-7a40-4813-bf9e-d655d75c6ea3:192.168.69.70:40711, c1ab1948-bd06-494c-87a2-454d3d798b2a:192.168.69.70:35897, 7b4427c1-b0d7-4726-b5d2-64b1e42b78f8:192.168.69.70:45450], old=null
2019-11-18 04:03:28,278 [8a75d567-d87d-444b-bd42-22fe60317c43@group-3EC874524C2E-LeaderElection10] INFO  impl.LeaderElection (LeaderElection.java:logAndReturn(56)) - 8a75d567-d87d-444b-bd42-22fe60317c43@group-3EC874524C2E-LeaderElection10: Election REJECTED; received 2 response(s) [8a75d567-d87d-444b-bd42-22fe60317c43<-b123ecd9-da94-41d9-8a96-a25e891cf121#0:FAIL-t1, 8a75d567-d87d-444b-bd42-22fe60317c43<-d5e7d411-50f4-47f9-b29f-7896844347c8#0:FAIL-t1] and 0 exception(s); 8a75d567-d87d-444b-bd42-22fe60317c43@group-3EC874524C2E:t1, leader=null, voted=8a75d567-d87d-444b-bd42-22fe60317c43, raftlog=8a75d567-d87d-444b-bd42-22fe60317c43@group-3EC874524C2E-SegmentedRaftLog:OPENED:c-1,f-1,i0, conf=-1: [8a75d567-d87d-444b-bd42-22fe60317c43:192.168.69.70:37667, b123ecd9-da94-41d9-8a96-a25e891cf121:192.168.69.70:39520, d5e7d411-50f4-47f9-b29f-7896844347c8:192.168.69.70:34768], old=null
2019-11-18 04:03:28,285 [c1ab1948-bd06-494c-87a2-454d3d798b2a@group-C20DCC66496C-LeaderElection9] INFO  impl.RaftServerImpl (RaftServerImpl.java:setRole(173)) - c1ab1948-bd06-494c-87a2-454d3d798b2a@group-C20DCC66496C: changes role from CANDIDATE to FOLLOWER at term 1 for DISCOVERED_A_NEW_TERM
2019-11-18 04:03:28,287 [c1ab1948-bd06-494c-87a2-454d3d798b2a@group-C20DCC66496C-LeaderElection9] INFO  impl.RoleInfo (RoleInfo.java:shutdownLeaderElection(134)) - c1ab1948-bd06-494c-87a2-454d3d798b2a: shutdown LeaderElection
2019-11-18 04:03:28,282 [7b4427c1-b0d7-4726-b5d2-64b1e42b78f8@group-C20DCC66496C-LeaderElection6] INFO  impl.RaftServerImpl (RaftServerImpl.java:setRole(173)) - 7b4427c1-b0d7-4726-b5d2-64b1e42b78f8@group-C20DCC66496C: changes role from CANDIDATE to FOLLOWER at term 1 for DISCOVERED_A_NEW_TERM
2019-11-18 04:03:28,281 [b123ecd9-da94-41d9-8a96-a25e891cf121@group-3EC874524C2E-LeaderElection12] INFO  impl.RaftServerImpl (RaftServerImpl.java:setRole(173)) - b123ecd9-da94-41d9-8a96-a25e891cf121@group-3EC874524C2E: changes role from CANDIDATE to FOLLOWER at term 1 for DISCOVERED_A_NEW_TERM
2019-11-18 04:03:28,281 [d5e7d411-50f4-47f9-b29f-7896844347c8@group-3EC874524C2E-LeaderElection5] INFO  impl.RaftServerImpl (RaftServerImpl.java:setRole(173)) - d5e7d411-50f4-47f9-b29f-7896844347c8@group-3EC874524C2E: changes role from CANDIDATE to FOLLOWER at term 1 for DISCOVERED_A_NEW_TERM
2019-11-18 04:03:28,288 [d5e7d411-50f4-47f9-b29f-7896844347c8@group-3EC874524C2E-LeaderElection5] INFO  impl.RoleInfo (RoleInfo.java:shutdownLeaderElection(134)) - d5e7d411-50f4-47f9-b29f-7896844347c8: shutdown LeaderElection
2019-11-18 04:03:28,278 [3e1e5366-7a40-4813-bf9e-d655d75c6ea3@group-C20DCC66496C-LeaderElection11] INFO  impl.LeaderElection (LeaderElection.java:logAndReturn(56)) - 3e1e5366-7a40-4813-bf9e-d655d75c6ea3@group-C20DCC66496C-LeaderElection11: Election REJECTED; received 2 response(s) [3e1e5366-7a40-4813-bf9e-d655d75c6ea3<-c1ab1948-bd06-494c-87a2-454d3d798b2a#0:FAIL-t1, 3e1e5366-7a40-4813-bf9e-d655d75c6ea3<-7b4427c1-b0d7-4726-b5d2-64b1e42b78f8#0:FAIL-t1] and 0 exception(s); 3e1e5366-7a40-4813-bf9e-d655d75c6ea3@group-C20DCC66496C:t1, leader=null, voted=3e1e5366-7a40-4813-bf9e-d655d75c6ea3, raftlog=3e1e5366-7a40-4813-bf9e-d655d75c6ea3@group-C20DCC66496C-SegmentedRaftLog:OPENED:c-1,f-1,i0, conf=-1: [3e1e5366-7a40-4813-bf9e-d655d75c6ea3:192.168.69.70:40711, c1ab1948-bd06-494c-87a2-454d3d798b2a:192.168.69.70:35897, 7b4427c1-b0d7-4726-b5d2-64b1e42b78f8:192.168.69.70:45450], old=null
2019-11-18 04:03:28,288 [d5e7d411-50f4-47f9-b29f-7896844347c8@group-3EC874524C2E-LeaderElection5] INFO  impl.RoleInfo (RoleInfo.java:updateAndGet(143)) - d5e7d411-50f4-47f9-b29f-7896844347c8: start FollowerState
2019-11-18 04:03:28,288 [b123ecd9-da94-41d9-8a96-a25e891cf121@group-3EC874524C2E-LeaderElection12] INFO  impl.RoleInfo (RoleInfo.java:shutdownLeaderElection(134)) - b123ecd9-da94-41d9-8a96-a25e891cf121: shutdown LeaderElection
2019-11-18 04:03:28,288 [7b4427c1-b0d7-4726-b5d2-64b1e42b78f8@group-C20DCC66496C-LeaderElection6] INFO  impl.RoleInfo (RoleInfo.java:shutdownLeaderElection(134)) - 7b4427c1-b0d7-4726-b5d2-64b1e42b78f8: shutdown LeaderElection
2019-11-18 04:03:28,290 [b123ecd9-da94-41d9-8a96-a25e891cf121@group-3EC874524C2E-LeaderElection12] INFO  impl.RoleInfo (RoleInfo.java:updateAndGet(143)) - b123ecd9-da94-41d9-8a96-a25e891cf121: start FollowerState
2019-11-18 04:03:28,291 [7b4427c1-b0d7-4726-b5d2-64b1e42b78f8@group-C20DCC66496C-LeaderElection6] INFO  impl.RoleInfo (RoleInfo.java:updateAndGet(143)) - 7b4427c1-b0d7-4726-b5d2-64b1e42b78f8: start FollowerState
2019-11-18 04:03:28,288 [c1ab1948-bd06-494c-87a2-454d3d798b2a@group-C20DCC66496C-LeaderElection9] INFO  impl.RoleInfo (RoleInfo.java:updateAndGet(143)) - c1ab1948-bd06-494c-87a2-454d3d798b2a: start FollowerState
2019-11-18 04:03:28,286 [8a75d567-d87d-444b-bd42-22fe60317c43@group-3EC874524C2E-LeaderElection10] INFO  impl.RaftServerImpl (RaftServerImpl.java:setRole(173)) - 8a75d567-d87d-444b-bd42-22fe60317c43@group-3EC874524C2E: changes role from CANDIDATE to FOLLOWER at term 1 for DISCOVERED_A_NEW_TERM
2019-11-18 04:03:28,294 [8a75d567-d87d-444b-bd42-22fe60317c43@group-3EC874524C2E-LeaderElection10] INFO  impl.RoleInfo (RoleInfo.java:shutdownLeaderElection(134)) - 8a75d567-d87d-444b-bd42-22fe60317c43: shutdown LeaderElection
2019-11-18 04:03:28,289 [3e1e5366-7a40-4813-bf9e-d655d75c6ea3@group-C20DCC66496C-LeaderElection11] INFO  impl.RaftServerImpl (RaftServerImpl.java:setRole(173)) - 3e1e5366-7a40-4813-bf9e-d655d75c6ea3@group-C20DCC66496C: changes role from CANDIDATE to FOLLOWER at term 1 for DISCOVERED_A_NEW_TERM
2019-11-18 04:03:28,294 [8a75d567-d87d-444b-bd42-22fe60317c43@group-3EC874524C2E-LeaderElection10] INFO  impl.RoleInfo (RoleInfo.java:updateAndGet(143)) - 8a75d567-d87d-444b-bd42-22fe60317c43: start FollowerState
2019-11-18 04:03:28,294 [3e1e5366-7a40-4813-bf9e-d655d75c6ea3@group-C20DCC66496C-LeaderElection11] INFO  impl.RoleInfo (RoleInfo.java:shutdownLeaderElection(134)) - 3e1e5366-7a40-4813-bf9e-d655d75c6ea3: shutdown LeaderElection
2019-11-18 04:03:28,295 [3e1e5366-7a40-4813-bf9e-d655d75c6ea3@group-C20DCC66496C-LeaderElection11] INFO  impl.RoleInfo (RoleInfo.java:updateAndGet(143)) - 3e1e5366-7a40-4813-bf9e-d655d75c6ea3: start FollowerState
2019-11-18 04:03:28,492 [main] INFO  ozone.MiniOzoneClusterImpl (MiniOzoneClusterImpl.java:lambda$waitForClusterToBeReady$0(150)) - Nodes are ready. Got 6 of 6 DN Heartbeats.
2019-11-18 04:03:28,492 [main] INFO  ozone.MiniOzoneClusterImpl (MiniOzoneClusterImpl.java:lambda$waitForClusterToBeReady$0(153)) - Waiting for cluster to exit safe mode
2019-11-18 04:03:29,492 [main] INFO  ozone.MiniOzoneClusterImpl (MiniOzoneClusterImpl.java:lambda$waitForClusterToBeReady$0(150)) - Nodes are ready. Got 6 of 6 DN Heartbeats.
2019-11-18 04:03:29,492 [main] INFO  ozone.MiniOzoneClusterImpl (MiniOzoneClusterImpl.java:lambda$waitForClusterToBeReady$0(153)) - Waiting for cluster to exit safe mode
2019-11-18 04:03:30,493 [main] INFO  ozone.MiniOzoneClusterImpl (MiniOzoneClusterImpl.java:lambda$waitForClusterToBeReady$0(150)) - Nodes are ready. Got 6 of 6 DN Heartbeats.
2019-11-18 04:03:30,493 [main] INFO  ozone.MiniOzoneClusterImpl (MiniOzoneClusterImpl.java:lambda$waitForClusterToBeReady$0(153)) - Waiting for cluster to exit safe mode
2019-11-18 04:03:31,493 [main] INFO  ozone.MiniOzoneClusterImpl (MiniOzoneClusterImpl.java:lambda$waitForClusterToBeReady$0(150)) - Nodes are ready. Got 6 of 6 DN Heartbeats.
2019-11-18 04:03:31,494 [main] INFO  ozone.MiniOzoneClusterImpl (MiniOzoneClusterImpl.java:lambda$waitForClusterToBeReady$0(153)) - Waiting for cluster to exit safe mode
2019-11-18 04:03:32,494 [main] INFO  ozone.MiniOzoneClusterImpl (MiniOzoneClusterImpl.java:lambda$waitForClusterToBeReady$0(150)) - Nodes are ready. Got 6 of 6 DN Heartbeats.
2019-11-18 04:03:32,495 [main] INFO  ozone.MiniOzoneClusterImpl (MiniOzoneClusterImpl.java:lambda$waitForClusterToBeReady$0(153)) - Waiting for cluster to exit safe mode
2019-11-18 04:03:33,292 [Thread-280] INFO  impl.FollowerState (FollowerState.java:run(111)) - d5e7d411-50f4-47f9-b29f-7896844347c8@group-3EC874524C2E-FollowerState: change to CANDIDATE, lastRpcTime:5003ms, electionTimeout:5002ms
2019-11-18 04:03:33,293 [Thread-280] INFO  impl.RoleInfo (RoleInfo.java:shutdownFollowerState(121)) - d5e7d411-50f4-47f9-b29f-7896844347c8: shutdown FollowerState
2019-11-18 04:03:33,293 [Thread-280] INFO  impl.RaftServerImpl (RaftServerImpl.java:setRole(173)) - d5e7d411-50f4-47f9-b29f-7896844347c8@group-3EC874524C2E: changes role from  FOLLOWER to CANDIDATE at term 1 for changeToCandidate
2019-11-18 04:03:33,319 [Thread-280] ERROR ratis.XceiverServerRatis (XceiverServerRatis.java:triggerPipelineClose(585)) - pipeline Action CLOSE  on pipeline PipelineID=2d2fe9e4-643b-4b89-841f-3ec874524c2e.Reason : d5e7d411-50f4-47f9-b29f-7896844347c8 is in candidate state for 10680ms
2019-11-18 04:03:33,319 [Thread-280] INFO  impl.RoleInfo (RoleInfo.java:updateAndGet(143)) - d5e7d411-50f4-47f9-b29f-7896844347c8: start LeaderElection
2019-11-18 04:03:33,344 [d5e7d411-50f4-47f9-b29f-7896844347c8@group-3EC874524C2E-LeaderElection13] INFO  impl.LeaderElection (LeaderElection.java:askForVotes(178)) - d5e7d411-50f4-47f9-b29f-7896844347c8@group-3EC874524C2E-LeaderElection13: begin an election at term 2 for -1: [8a75d567-d87d-444b-bd42-22fe60317c43:192.168.69.70:37667, b123ecd9-da94-41d9-8a96-a25e891cf121:192.168.69.70:39520, d5e7d411-50f4-47f9-b29f-7896844347c8:192.168.69.70:34768], old=null
2019-11-18 04:03:33,352 [grpc-default-executor-7] INFO  impl.RaftServerImpl (RaftServerImpl.java:setRole(173)) - 8a75d567-d87d-444b-bd42-22fe60317c43@group-3EC874524C2E: changes role from  FOLLOWER to FOLLOWER at term 2 for recognizeCandidate:d5e7d411-50f4-47f9-b29f-7896844347c8
2019-11-18 04:03:33,352 [grpc-default-executor-7] INFO  impl.RoleInfo (RoleInfo.java:shutdownFollowerState(121)) - 8a75d567-d87d-444b-bd42-22fe60317c43: shutdown FollowerState
2019-11-18 04:03:33,352 [grpc-default-executor-1] INFO  impl.RaftServerImpl (RaftServerImpl.java:setRole(173)) - b123ecd9-da94-41d9-8a96-a25e891cf121@group-3EC874524C2E: changes role from  FOLLOWER to FOLLOWER at term 2 for recognizeCandidate:d5e7d411-50f4-47f9-b29f-7896844347c8
2019-11-18 04:03:33,352 [grpc-default-executor-7] INFO  impl.RoleInfo (RoleInfo.java:updateAndGet(143)) - 8a75d567-d87d-444b-bd42-22fe60317c43: start FollowerState
2019-11-18 04:03:33,352 [Thread-283] INFO  impl.FollowerState (FollowerState.java:run(120)) - 8a75d567-d87d-444b-bd42-22fe60317c43@group-3EC874524C2E-FollowerState was interrupted: java.lang.InterruptedException: sleep interrupted
2019-11-18 04:03:33,352 [grpc-default-executor-1] INFO  impl.RoleInfo (RoleInfo.java:shutdownFollowerState(121)) - b123ecd9-da94-41d9-8a96-a25e891cf121: shutdown FollowerState
2019-11-18 04:03:33,354 [Thread-281] INFO  impl.FollowerState (FollowerState.java:run(120)) - b123ecd9-da94-41d9-8a96-a25e891cf121@group-3EC874524C2E-FollowerState was interrupted: java.lang.InterruptedException: sleep interrupted
2019-11-18 04:03:33,354 [grpc-default-executor-1] INFO  impl.RoleInfo (RoleInfo.java:updateAndGet(143)) - b123ecd9-da94-41d9-8a96-a25e891cf121: start FollowerState
2019-11-18 04:03:33,366 [d5e7d411-50f4-47f9-b29f-7896844347c8@group-3EC874524C2E-LeaderElection13] INFO  impl.LeaderElection (LeaderElection.java:logAndReturn(56)) - d5e7d411-50f4-47f9-b29f-7896844347c8@group-3EC874524C2E-LeaderElection13: Election PASSED; received 1 response(s) [d5e7d411-50f4-47f9-b29f-7896844347c8<-8a75d567-d87d-444b-bd42-22fe60317c43#0:OK-t2] and 0 exception(s); d5e7d411-50f4-47f9-b29f-7896844347c8@group-3EC874524C2E:t2, leader=null, voted=d5e7d411-50f4-47f9-b29f-7896844347c8, raftlog=d5e7d411-50f4-47f9-b29f-7896844347c8@group-3EC874524C2E-SegmentedRaftLog:OPENED:c-1,f-1,i0, conf=-1: [8a75d567-d87d-444b-bd42-22fe60317c43:192.168.69.70:37667, b123ecd9-da94-41d9-8a96-a25e891cf121:192.168.69.70:39520, d5e7d411-50f4-47f9-b29f-7896844347c8:192.168.69.70:34768], old=null
2019-11-18 04:03:33,369 [d5e7d411-50f4-47f9-b29f-7896844347c8@group-3EC874524C2E-LeaderElection13] INFO  impl.RoleInfo (RoleInfo.java:shutdownLeaderElection(134)) - d5e7d411-50f4-47f9-b29f-7896844347c8: shutdown LeaderElection
2019-11-18 04:03:33,369 [d5e7d411-50f4-47f9-b29f-7896844347c8@group-3EC874524C2E-LeaderElection13] INFO  impl.RaftServerImpl (RaftServerImpl.java:setRole(173)) - d5e7d411-50f4-47f9-b29f-7896844347c8@group-3EC874524C2E: changes role from CANDIDATE to LEADER at term 2 for changeToLeader
2019-11-18 04:03:33,371 [d5e7d411-50f4-47f9-b29f-7896844347c8@group-3EC874524C2E-LeaderElection13] INFO  ratis.XceiverServerRatis (XceiverServerRatis.java:handleLeaderChangedNotification(733)) - Leader change notification received for group: group-3EC874524C2E with new leaderId: d5e7d411-50f4-47f9-b29f-7896844347c8
2019-11-18 04:03:33,372 [d5e7d411-50f4-47f9-b29f-7896844347c8@group-3EC874524C2E-LeaderElection13] INFO  impl.RaftServerImpl (ServerState.java:setLeader(255)) - d5e7d411-50f4-47f9-b29f-7896844347c8@group-3EC874524C2E: change Leader from null to d5e7d411-50f4-47f9-b29f-7896844347c8 at term 2 for becomeLeader, leader elected after 10745ms
2019-11-18 04:03:33,372 [d5e7d411-50f4-47f9-b29f-7896844347c8@group-3EC874524C2E-LeaderElection13] INFO  server.RaftServerConfigKeys (ConfUtils.java:logGet(43)) - raft.server.staging.catchup.gap = 1000 (default)
2019-11-18 04:03:33,372 [d5e7d411-50f4-47f9-b29f-7896844347c8@group-3EC874524C2E-LeaderElection13] INFO  server.RaftServerConfigKeys (ConfUtils.java:logGet(43)) - raft.server.rpc.sleep.time = 25ms (default)
2019-11-18 04:03:33,372 [d5e7d411-50f4-47f9-b29f-7896844347c8@group-3EC874524C2E-LeaderElection13] INFO  server.RaftServerConfigKeys (ConfUtils.java:logGet(43)) - raft.server.write.element-limit = 4096 (default)
2019-11-18 04:03:33,372 [d5e7d411-50f4-47f9-b29f-7896844347c8@group-3EC874524C2E-LeaderElection13] INFO  server.RaftServerConfigKeys (ConfUtils.java:logGet(43)) - raft.server.watch.timeout = 10s (default)
2019-11-18 04:03:33,372 [d5e7d411-50f4-47f9-b29f-7896844347c8@group-3EC874524C2E-LeaderElection13] INFO  server.RaftServerConfigKeys (ConfUtils.java:logGet(43)) - raft.server.watch.timeout.denomination = 1s (default)
2019-11-18 04:03:33,373 [d5e7d411-50f4-47f9-b29f-7896844347c8@group-3EC874524C2E-LeaderElection13] INFO  server.RaftServerConfigKeys (ConfUtils.java:logGet(43)) - raft.server.watch.element-limit = 65536 (default)
2019-11-18 04:03:33,377 [EventQueue-PipelineReportForPipelineReportHandler] INFO  pipeline.PipelineReportHandler (PipelineReportHandler.java:processPipelineReport(113)) - Pipeline THREE PipelineID=2d2fe9e4-643b-4b89-841f-3ec874524c2e reported by d5e7d411-50f4-47f9-b29f-7896844347c8{ip: 192.168.69.70, host: pr-hdds-2386-sqzzd-3930412762, networkLocation: /default-rack, certSerialId: null}
2019-11-18 04:03:33,378 [EventQueue-PipelineReportForPipelineReportHandler] INFO  pipeline.PipelineStateManager (PipelineStateManager.java:openPipeline(132)) - Pipeline Pipeline[ Id: 2d2fe9e4-643b-4b89-841f-3ec874524c2e, Nodes: b123ecd9-da94-41d9-8a96-a25e891cf121{ip: 192.168.69.70, host: pr-hdds-2386-sqzzd-3930412762, networkLocation: /default-rack, certSerialId: null}d5e7d411-50f4-47f9-b29f-7896844347c8{ip: 192.168.69.70, host: pr-hdds-2386-sqzzd-3930412762, networkLocation: /default-rack, certSerialId: null}8a75d567-d87d-444b-bd42-22fe60317c43{ip: 192.168.69.70, host: pr-hdds-2386-sqzzd-3930412762, networkLocation: /default-rack, certSerialId: null}, Type:RATIS, Factor:THREE, State:ALLOCATED] moved to OPEN state
2019-11-18 04:03:33,378 [d5e7d411-50f4-47f9-b29f-7896844347c8@group-3EC874524C2E-LeaderElection13] INFO  server.RaftServerConfigKeys (ConfUtils.java:logGet(43)) - raft.server.log.appender.snapshot.chunk.size.max = 16MB (=16777216) (default)
2019-11-18 04:03:33,379 [EventQueue-OpenPipelineForOneReplicaPipelineSafeModeRule] INFO  safemode.SCMSafeModeManager (SCMSafeModeManager.java:validateSafeModeExitRules(176)) - AtleastOneDatanodeReportedRule rule is successfully validated
2019-11-18 04:03:33,380 [d5e7d411-50f4-47f9-b29f-7896844347c8@group-3EC874524C2E-LeaderElection13] INFO  server.RaftServerConfigKeys (ConfUtils.java:logGet(43)) - raft.server.log.appender.buffer.byte-limit = 33554432 (custom)
2019-11-18 04:03:33,380 [Thread-282] INFO  impl.FollowerState (FollowerState.java:run(111)) - 7b4427c1-b0d7-4726-b5d2-64b1e42b78f8@group-C20DCC66496C-FollowerState: change to CANDIDATE, lastRpcTime:5089ms, electionTimeout:5086ms
2019-11-18 04:03:33,380 [EventQueue-PipelineActionsForPipelineActionHandler] ERROR pipeline.PipelineActionHandler (PipelineActionHandler.java:onMessage(60)) - Received pipeline action CLOSE for Pipeline[ Id: 2d2fe9e4-643b-4b89-841f-3ec874524c2e, Nodes: b123ecd9-da94-41d9-8a96-a25e891cf121{ip: 192.168.69.70, host: pr-hdds-2386-sqzzd-3930412762, networkLocation: /default-rack, certSerialId: null}d5e7d411-50f4-47f9-b29f-7896844347c8{ip: 192.168.69.70, host: pr-hdds-2386-sqzzd-3930412762, networkLocation: /default-rack, certSerialId: null}8a75d567-d87d-444b-bd42-22fe60317c43{ip: 192.168.69.70, host: pr-hdds-2386-sqzzd-3930412762, networkLocation: /default-rack, certSerialId: null}, Type:RATIS, Factor:THREE, State:OPEN] from datanode d5e7d411-50f4-47f9-b29f-7896844347c8{ip: 192.168.69.70, host: pr-hdds-2386-sqzzd-3930412762, networkLocation: /default-rack, certSerialId: null}. Reason : d5e7d411-50f4-47f9-b29f-7896844347c8 is in candidate state for 10680ms
2019-11-18 04:03:33,380 [EventQueue-OpenPipelineForHealthyPipelineSafeModeRule] INFO  safemode.SCMSafeModeManager (HealthyPipelineSafeModeRule.java:process(132)) - SCM in safe mode. Healthy pipelines reported count is 1, required healthy pipeline reported count is 1
2019-11-18 04:03:33,381 [d5e7d411-50f4-47f9-b29f-7896844347c8@group-3EC874524C2E-LeaderElection13] INFO  server.RaftServerConfigKeys (ConfUtils.java:logGet(43)) - raft.server.log.appender.buffer.element-limit = 1 (custom)
2019-11-18 04:03:33,381 [EventQueue-PipelineActionsForPipelineActionHandler] INFO  pipeline.SCMPipelineManager (SCMPipelineManager.java:finalizeAndDestroyPipeline(333)) - destroying pipeline:Pipeline[ Id: 2d2fe9e4-643b-4b89-841f-3ec874524c2e, Nodes: b123ecd9-da94-41d9-8a96-a25e891cf121{ip: 192.168.69.70, host: pr-hdds-2386-sqzzd-3930412762, networkLocation: /default-rack, certSerialId: null}d5e7d411-50f4-47f9-b29f-7896844347c8{ip: 192.168.69.70, host: pr-hdds-2386-sqzzd-3930412762, networkLocation: /default-rack, certSerialId: null}8a75d567-d87d-444b-bd42-22fe60317c43{ip: 192.168.69.70, host: pr-hdds-2386-sqzzd-3930412762, networkLocation: /default-rack, certSerialId: null}, Type:RATIS, Factor:THREE, State:OPEN]
2019-11-18 04:03:33,380 [Thread-282] INFO  impl.RoleInfo (RoleInfo.java:shutdownFollowerState(121)) - 7b4427c1-b0d7-4726-b5d2-64b1e42b78f8: shutdown FollowerState
2019-11-18 04:03:33,381 [EventQueue-OpenPipelineForHealthyPipelineSafeModeRule] INFO  safemode.SCMSafeModeManager (SCMSafeModeManager.java:validateSafeModeExitRules(176)) - HealthyPipelineSafeModeRule rule is successfully validated
2019-11-18 04:03:33,384 [EventQueue-OpenPipelineForHealthyPipelineSafeModeRule] INFO  safemode.SCMSafeModeManager (SCMSafeModeManager.java:validateSafeModeExitRules(185)) - ScmSafeModeManager, all rules are successfully validated
2019-11-18 04:03:33,382 [EventQueue-PipelineActionsForPipelineActionHandler] INFO  pipeline.PipelineStateManager (PipelineStateManager.java:finalizePipeline(121)) - Pipeline Pipeline[ Id: 2d2fe9e4-643b-4b89-841f-3ec874524c2e, Nodes: b123ecd9-da94-41d9-8a96-a25e891cf121{ip: 192.168.69.70, host: pr-hdds-2386-sqzzd-3930412762, networkLocation: /default-rack, certSerialId: null}d5e7d411-50f4-47f9-b29f-7896844347c8{ip: 192.168.69.70, host: pr-hdds-2386-sqzzd-3930412762, networkLocation: /default-rack, certSerialId: null}8a75d567-d87d-444b-bd42-22fe60317c43{ip: 192.168.69.70, host: pr-hdds-2386-sqzzd-3930412762, networkLocation: /default-rack, certSerialId: null}, Type:RATIS, Factor:THREE, State:CLOSED] moved to CLOSED state
2019-11-18 04:03:33,382 [Thread-282] INFO  impl.RaftServerImpl (RaftServerImpl.java:setRole(173)) - 7b4427c1-b0d7-4726-b5d2-64b1e42b78f8@group-C20DCC66496C: changes role from  FOLLOWER to CANDIDATE at term 1 for changeToCandidate
2019-11-18 04:03:33,384 [EventQueue-OpenPipelineForHealthyPipelineSafeModeRule] INFO  safemode.SCMSafeModeManager (SCMSafeModeManager.java:exitSafeMode(201)) - SCM exiting safe mode.
2019-11-18 04:03:33,387 [Thread-282] ERROR ratis.XceiverServerRatis (XceiverServerRatis.java:triggerPipelineClose(585)) - pipeline Action CLOSE  on pipeline PipelineID=36dc783b-6e58-4416-920c-c20dcc66496c.Reason : 7b4427c1-b0d7-4726-b5d2-64b1e42b78f8 is in candidate state for 10814ms
2019-11-18 04:03:33,387 [Thread-282] INFO  impl.RoleInfo (RoleInfo.java:updateAndGet(143)) - 7b4427c1-b0d7-4726-b5d2-64b1e42b78f8: start LeaderElection
2019-11-18 04:03:33,392 [d5e7d411-50f4-47f9-b29f-7896844347c8@group-3EC874524C2E-LeaderElection13] INFO  grpc.GrpcConfigKeys$Server (ConfUtils.java:logGet(43)) - raft.grpc.server.leader.outstanding.appends.max = 128 (default)
2019-11-18 04:03:33,392 [d5e7d411-50f4-47f9-b29f-7896844347c8@group-3EC874524C2E-LeaderElection13] INFO  server.RaftServerConfigKeys (ConfUtils.java:logGet(43)) - raft.server.rpc.request.timeout = 3000ms (default)
2019-11-18 04:03:33,392 [d5e7d411-50f4-47f9-b29f-7896844347c8@group-3EC874524C2E-LeaderElection13] INFO  server.RaftServerConfigKeys (ConfUtils.java:logGet(43)) - raft.server.log.appender.install.snapshot.enabled = false (custom)
2019-11-18 04:03:33,394 [d5e7d411-50f4-47f9-b29f-7896844347c8@group-3EC874524C2E-LeaderElection13] WARN  impl.MetricRegistriesImpl (MetricRegistriesImpl.java:lambda$create$1(61)) - First MetricRegistry has been created without registering reporters. You may need to call MetricRegistries.global().addReportRegistration(...) before.
2019-11-18 04:03:33,395 [d5e7d411-50f4-47f9-b29f-7896844347c8@group-3EC874524C2E-LeaderElection13] INFO  server.RaftServerConfigKeys (ConfUtils.java:logGet(43)) - raft.server.log.appender.snapshot.chunk.size.max = 16MB (=16777216) (default)
2019-11-18 04:03:33,395 [d5e7d411-50f4-47f9-b29f-7896844347c8@group-3EC874524C2E-LeaderElection13] INFO  server.RaftServerConfigKeys (ConfUtils.java:logGet(43)) - raft.server.log.appender.buffer.byte-limit = 33554432 (custom)
2019-11-18 04:03:33,395 [d5e7d411-50f4-47f9-b29f-7896844347c8@group-3EC874524C2E-LeaderElection13] INFO  server.RaftServerConfigKeys (ConfUtils.java:logGet(43)) - raft.server.log.appender.buffer.element-limit = 1 (custom)
2019-11-18 04:03:33,395 [d5e7d411-50f4-47f9-b29f-7896844347c8@group-3EC874524C2E-LeaderElection13] INFO  grpc.GrpcConfigKeys$Server (ConfUtils.java:logGet(43)) - raft.grpc.server.leader.outstanding.appends.max = 128 (default)
2019-11-18 04:03:33,395 [7b4427c1-b0d7-4726-b5d2-64b1e42b78f8@group-C20DCC66496C-LeaderElection14] INFO  impl.LeaderElection (LeaderElection.java:askForVotes(178)) - 7b4427c1-b0d7-4726-b5d2-64b1e42b78f8@group-C20DCC66496C-LeaderElection14: begin an election at term 2 for -1: [3e1e5366-7a40-4813-bf9e-d655d75c6ea3:192.168.69.70:40711, c1ab1948-bd06-494c-87a2-454d3d798b2a:192.168.69.70:35897, 7b4427c1-b0d7-4726-b5d2-64b1e42b78f8:192.168.69.70:45450], old=null
2019-11-18 04:03:33,395 [d5e7d411-50f4-47f9-b29f-7896844347c8@group-3EC874524C2E-LeaderElection13] INFO  server.RaftServerConfigKeys (ConfUtils.java:logGet(43)) - raft.server.rpc.request.timeout = 3000ms (default)
2019-11-18 04:03:33,396 [d5e7d411-50f4-47f9-b29f-7896844347c8@group-3EC874524C2E-LeaderElection13] INFO  server.RaftServerConfigKeys (ConfUtils.java:logGet(43)) - raft.server.log.appender.install.snapshot.enabled = false (custom)
2019-11-18 04:03:33,399 [d5e7d411-50f4-47f9-b29f-7896844347c8@group-3EC874524C2E-LeaderElection13] INFO  impl.RoleInfo (RoleInfo.java:updateAndGet(143)) - d5e7d411-50f4-47f9-b29f-7896844347c8: start LeaderState
2019-11-18 04:03:33,399 [d5e7d411-50f4-47f9-b29f-7896844347c8@group-3EC874524C2E-LeaderElection13] INFO  segmented.SegmentedRaftLogWorker (SegmentedRaftLogWorker.java:startLogSegment(385)) - d5e7d411-50f4-47f9-b29f-7896844347c8@group-3EC874524C2E-SegmentedRaftLogWorker: Starting segment from index:0
2019-11-18 04:03:33,402 [d5e7d411-50f4-47f9-b29f-7896844347c8@group-3EC874524C2E-LeaderElection13] INFO  impl.RaftServerImpl (ServerState.java:setRaftConf(356)) - d5e7d411-50f4-47f9-b29f-7896844347c8@group-3EC874524C2E: set configuration 0: [8a75d567-d87d-444b-bd42-22fe60317c43:192.168.69.70:37667, b123ecd9-da94-41d9-8a96-a25e891cf121:192.168.69.70:39520, d5e7d411-50f4-47f9-b29f-7896844347c8:192.168.69.70:34768], old=null at 0
2019-11-18 04:03:33,402 [grpc-default-executor-7] INFO  impl.RaftServerImpl (RaftServerImpl.java:setRole(173)) - c1ab1948-bd06-494c-87a2-454d3d798b2a@group-C20DCC66496C: changes role from  FOLLOWER to FOLLOWER at term 2 for recognizeCandidate:7b4427c1-b0d7-4726-b5d2-64b1e42b78f8
2019-11-18 04:03:33,434 [grpc-default-executor-7] INFO  impl.RoleInfo (RoleInfo.java:shutdownFollowerState(121)) - c1ab1948-bd06-494c-87a2-454d3d798b2a: shutdown FollowerState
2019-11-18 04:03:33,434 [grpc-default-executor-7] INFO  impl.RoleInfo (RoleInfo.java:updateAndGet(143)) - c1ab1948-bd06-494c-87a2-454d3d798b2a: start FollowerState
2019-11-18 04:03:33,436 [grpc-default-executor-1] INFO  impl.RaftServerImpl (RaftServerImpl.java:setRole(173)) - 3e1e5366-7a40-4813-bf9e-d655d75c6ea3@group-C20DCC66496C: changes role from  FOLLOWER to FOLLOWER at term 2 for recognizeCandidate:7b4427c1-b0d7-4726-b5d2-64b1e42b78f8
2019-11-18 04:03:33,437 [grpc-default-executor-1] INFO  impl.RoleInfo (RoleInfo.java:shutdownFollowerState(121)) - 3e1e5366-7a40-4813-bf9e-d655d75c6ea3: shutdown FollowerState
2019-11-18 04:03:33,439 [Thread-284] INFO  impl.FollowerState (FollowerState.java:run(120)) - 3e1e5366-7a40-4813-bf9e-d655d75c6ea3@group-C20DCC66496C-FollowerState was interrupted: java.lang.InterruptedException: sleep interrupted
2019-11-18 04:03:33,439 [grpc-default-executor-1] INFO  impl.RoleInfo (RoleInfo.java:updateAndGet(143)) - 3e1e5366-7a40-4813-bf9e-d655d75c6ea3: start FollowerState
2019-11-18 04:03:33,446 [d5e7d411-50f4-47f9-b29f-7896844347c8@group-3EC874524C2E-SegmentedRaftLogWorker] INFO  segmented.SegmentedRaftLogWorker (SegmentedRaftLogWorker.java:execute(576)) - d5e7d411-50f4-47f9-b29f-7896844347c8@group-3EC874524C2E-SegmentedRaftLogWorker: created new log segment /workdir/hadoop-ozone/integration-test/target/test-dir/MiniOzoneClusterImpl-1c214b3a-49ad-4877-b4c4-a160cd444fc4/datanode-5/data/ratis/2d2fe9e4-643b-4b89-841f-3ec874524c2e/current/log_inprogress_0
2019-11-18 04:03:33,453 [7b4427c1-b0d7-4726-b5d2-64b1e42b78f8@group-C20DCC66496C-LeaderElection14] INFO  impl.LeaderElection (LeaderElection.java:logAndReturn(56)) - 7b4427c1-b0d7-4726-b5d2-64b1e42b78f8@group-C20DCC66496C-LeaderElection14: Election PASSED; received 1 response(s) [7b4427c1-b0d7-4726-b5d2-64b1e42b78f8<-c1ab1948-bd06-494c-87a2-454d3d798b2a#0:OK-t2] and 0 exception(s); 7b4427c1-b0d7-4726-b5d2-64b1e42b78f8@group-C20DCC66496C:t2, leader=null, voted=7b4427c1-b0d7-4726-b5d2-64b1e42b78f8, raftlog=7b4427c1-b0d7-4726-b5d2-64b1e42b78f8@group-C20DCC66496C-SegmentedRaftLog:OPENED:c-1,f-1,i0, conf=-1: [3e1e5366-7a40-4813-bf9e-d655d75c6ea3:192.168.69.70:40711, c1ab1948-bd06-494c-87a2-454d3d798b2a:192.168.69.70:35897, 7b4427c1-b0d7-4726-b5d2-64b1e42b78f8:192.168.69.70:45450], old=null
2019-11-18 04:03:33,454 [7b4427c1-b0d7-4726-b5d2-64b1e42b78f8@group-C20DCC66496C-LeaderElection14] INFO  impl.RoleInfo (RoleInfo.java:shutdownLeaderElection(134)) - 7b4427c1-b0d7-4726-b5d2-64b1e42b78f8: shutdown LeaderElection
2019-11-18 04:03:33,455 [7b4427c1-b0d7-4726-b5d2-64b1e42b78f8@group-C20DCC66496C-LeaderElection14] INFO  impl.RaftServerImpl (RaftServerImpl.java:setRole(173)) - 7b4427c1-b0d7-4726-b5d2-64b1e42b78f8@group-C20DCC66496C: changes role from CANDIDATE to LEADER at term 2 for changeToLeader
2019-11-18 04:03:33,455 [7b4427c1-b0d7-4726-b5d2-64b1e42b78f8@group-C20DCC66496C-LeaderElection14] INFO  ratis.XceiverServerRatis (XceiverServerRatis.java:handleLeaderChangedNotification(733)) - Leader change notification received for group: group-C20DCC66496C with new leaderId: 7b4427c1-b0d7-4726-b5d2-64b1e42b78f8
2019-11-18 04:03:33,456 [7b4427c1-b0d7-4726-b5d2-64b1e42b78f8@group-C20DCC66496C-LeaderElection14] INFO  impl.RaftServerImpl (ServerState.java:setLeader(255)) - 7b4427c1-b0d7-4726-b5d2-64b1e42b78f8@group-C20DCC66496C: change Leader from null to 7b4427c1-b0d7-4726-b5d2-64b1e42b78f8 at term 2 for becomeLeader, leader elected after 10884ms
2019-11-18 04:03:33,457 [7b4427c1-b0d7-4726-b5d2-64b1e42b78f8@group-C20DCC66496C-LeaderElection14] INFO  server.RaftServerConfigKeys (ConfUtils.java:logGet(43)) - raft.server.staging.catchup.gap = 1000 (default)
2019-11-18 04:03:33,457 [7b4427c1-b0d7-4726-b5d2-64b1e42b78f8@group-C20DCC66496C-LeaderElection14] INFO  server.RaftServerConfigKeys (ConfUtils.java:logGet(43)) - raft.server.rpc.sleep.time = 25ms (default)
2019-11-18 04:03:33,457 [7b4427c1-b0d7-4726-b5d2-64b1e42b78f8@group-C20DCC66496C-LeaderElection14] INFO  server.RaftServerConfigKeys (ConfUtils.java:logGet(43)) - raft.server.write.element-limit = 4096 (default)
2019-11-18 04:03:33,458 [7b4427c1-b0d7-4726-b5d2-64b1e42b78f8@group-C20DCC66496C-LeaderElection14] INFO  server.RaftServerConfigKeys (ConfUtils.java:logGet(43)) - raft.server.watch.timeout = 10s (default)
2019-11-18 04:03:33,458 [7b4427c1-b0d7-4726-b5d2-64b1e42b78f8@group-C20DCC66496C-LeaderElection14] INFO  server.RaftServerConfigKeys (ConfUtils.java:logGet(43)) - raft.server.watch.timeout.denomination = 1s (default)
2019-11-18 04:03:33,461 [7b4427c1-b0d7-4726-b5d2-64b1e42b78f8@group-C20DCC66496C-LeaderElection14] INFO  server.RaftServerConfigKeys (ConfUtils.java:logGet(43)) - raft.server.watch.element-limit = 65536 (default)
2019-11-18 04:03:33,461 [7b4427c1-b0d7-4726-b5d2-64b1e42b78f8@group-C20DCC66496C-LeaderElection14] INFO  server.RaftServerConfigKeys (ConfUtils.java:logGet(43)) - raft.server.log.appender.snapshot.chunk.size.max = 16MB (=16777216) (default)
2019-11-18 04:03:33,461 [7b4427c1-b0d7-4726-b5d2-64b1e42b78f8@group-C20DCC66496C-LeaderElection14] INFO  server.RaftServerConfigKeys (ConfUtils.java:logGet(43)) - raft.server.log.appender.buffer.byte-limit = 33554432 (custom)
2019-11-18 04:03:33,461 [EventQueue-PipelineReportForPipelineReportHandler] INFO  pipeline.PipelineReportHandler (PipelineReportHandler.java:processPipelineReport(113)) - Pipeline THREE PipelineID=36dc783b-6e58-4416-920c-c20dcc66496c reported by 7b4427c1-b0d7-4726-b5d2-64b1e42b78f8{ip: 192.168.69.70, host: pr-hdds-2386-sqzzd-3930412762, networkLocation: /default-rack, certSerialId: null}
2019-11-18 04:03:33,463 [7b4427c1-b0d7-4726-b5d2-64b1e42b78f8@group-C20DCC66496C-LeaderElection14] INFO  server.RaftServerConfigKeys (ConfUtils.java:logGet(43)) - raft.server.log.appender.buffer.element-limit = 1 (custom)
2019-11-18 04:03:33,462 [EventQueue-PipelineActionsForPipelineActionHandler] ERROR pipeline.PipelineActionHandler (PipelineActionHandler.java:onMessage(60)) - Received pipeline action CLOSE for Pipeline[ Id: 36dc783b-6e58-4416-920c-c20dcc66496c, Nodes: 7b4427c1-b0d7-4726-b5d2-64b1e42b78f8{ip: 192.168.69.70, host: pr-hdds-2386-sqzzd-3930412762, networkLocation: /default-rack, certSerialId: null}c1ab1948-bd06-494c-87a2-454d3d798b2a{ip: 192.168.69.70, host: pr-hdds-2386-sqzzd-3930412762, networkLocation: /default-rack, certSerialId: null}3e1e5366-7a40-4813-bf9e-d655d75c6ea3{ip: 192.168.69.70, host: pr-hdds-2386-sqzzd-3930412762, networkLocation: /default-rack, certSerialId: null}, Type:RATIS, Factor:THREE, State:ALLOCATED] from datanode 7b4427c1-b0d7-4726-b5d2-64b1e42b78f8{ip: 192.168.69.70, host: pr-hdds-2386-sqzzd-3930412762, networkLocation: /default-rack, certSerialId: null}. Reason : 7b4427c1-b0d7-4726-b5d2-64b1e42b78f8 is in candidate state for 10814ms
2019-11-18 04:03:33,464 [7b4427c1-b0d7-4726-b5d2-64b1e42b78f8@group-C20DCC66496C-LeaderElection14] INFO  grpc.GrpcConfigKeys$Server (ConfUtils.java:logGet(43)) - raft.grpc.server.leader.outstanding.appends.max = 128 (default)
2019-11-18 04:03:33,464 [EventQueue-PipelineReportForPipelineReportHandler] INFO  pipeline.PipelineStateManager (PipelineStateManager.java:openPipeline(132)) - Pipeline Pipeline[ Id: 36dc783b-6e58-4416-920c-c20dcc66496c, Nodes: 7b4427c1-b0d7-4726-b5d2-64b1e42b78f8{ip: 192.168.69.70, host: pr-hdds-2386-sqzzd-3930412762, networkLocation: /default-rack, certSerialId: null}c1ab1948-bd06-494c-87a2-454d3d798b2a{ip: 192.168.69.70, host: pr-hdds-2386-sqzzd-3930412762, networkLocation: /default-rack, certSerialId: null}3e1e5366-7a40-4813-bf9e-d655d75c6ea3{ip: 192.168.69.70, host: pr-hdds-2386-sqzzd-3930412762, networkLocation: /default-rack, certSerialId: null}, Type:RATIS, Factor:THREE, State:ALLOCATED] moved to OPEN state
2019-11-18 04:03:33,466 [7b4427c1-b0d7-4726-b5d2-64b1e42b78f8@group-C20DCC66496C-LeaderElection14] INFO  server.RaftServerConfigKeys (ConfUtils.java:logGet(43)) - raft.server.rpc.request.timeout = 3000ms (default)
2019-11-18 04:03:33,466 [EventQueue-PipelineActionsForPipelineActionHandler] INFO  pipeline.SCMPipelineManager (SCMPipelineManager.java:finalizeAndDestroyPipeline(333)) - destroying pipeline:Pipeline[ Id: 36dc783b-6e58-4416-920c-c20dcc66496c, Nodes: 7b4427c1-b0d7-4726-b5d2-64b1e42b78f8{ip: 192.168.69.70, host: pr-hdds-2386-sqzzd-3930412762, networkLocation: /default-rack, certSerialId: null}c1ab1948-bd06-494c-87a2-454d3d798b2a{ip: 192.168.69.70, host: pr-hdds-2386-sqzzd-3930412762, networkLocation: /default-rack, certSerialId: null}3e1e5366-7a40-4813-bf9e-d655d75c6ea3{ip: 192.168.69.70, host: pr-hdds-2386-sqzzd-3930412762, networkLocation: /default-rack, certSerialId: null}, Type:RATIS, Factor:THREE, State:ALLOCATED]
2019-11-18 04:03:33,467 [7b4427c1-b0d7-4726-b5d2-64b1e42b78f8@group-C20DCC66496C-LeaderElection14] INFO  server.RaftServerConfigKeys (ConfUtils.java:logGet(43)) - raft.server.log.appender.install.snapshot.enabled = false (custom)
2019-11-18 04:03:33,468 [EventQueue-PipelineActionsForPipelineActionHandler] INFO  pipeline.PipelineStateManager (PipelineStateManager.java:finalizePipeline(121)) - Pipeline Pipeline[ Id: 36dc783b-6e58-4416-920c-c20dcc66496c, Nodes: 7b4427c1-b0d7-4726-b5d2-64b1e42b78f8{ip: 192.168.69.70, host: pr-hdds-2386-sqzzd-3930412762, networkLocation: /default-rack, certSerialId: null}c1ab1948-bd06-494c-87a2-454d3d798b2a{ip: 192.168.69.70, host: pr-hdds-2386-sqzzd-3930412762, networkLocation: /default-rack, certSerialId: null}3e1e5366-7a40-4813-bf9e-d655d75c6ea3{ip: 192.168.69.70, host: pr-hdds-2386-sqzzd-3930412762, networkLocation: /default-rack, certSerialId: null}, Type:RATIS, Factor:THREE, State:CLOSED] moved to CLOSED state
2019-11-18 04:03:33,470 [7b4427c1-b0d7-4726-b5d2-64b1e42b78f8@group-C20DCC66496C-LeaderElection14] WARN  impl.MetricRegistriesImpl (MetricRegistriesImpl.java:lambda$create$1(61)) - First MetricRegistry has been created without registering reporters. You may need to call MetricRegistries.global().addReportRegistration(...) before.
2019-11-18 04:03:33,470 [7b4427c1-b0d7-4726-b5d2-64b1e42b78f8@group-C20DCC66496C-LeaderElection14] INFO  server.RaftServerConfigKeys (ConfUtils.java:logGet(43)) - raft.server.log.appender.snapshot.chunk.size.max = 16MB (=16777216) (default)
2019-11-18 04:03:33,470 [7b4427c1-b0d7-4726-b5d2-64b1e42b78f8@group-C20DCC66496C-LeaderElection14] INFO  server.RaftServerConfigKeys (ConfUtils.java:logGet(43)) - raft.server.log.appender.buffer.byte-limit = 33554432 (custom)
2019-11-18 04:03:33,470 [7b4427c1-b0d7-4726-b5d2-64b1e42b78f8@group-C20DCC66496C-LeaderElection14] INFO  server.RaftServerConfigKeys (ConfUtils.java:logGet(43)) - raft.server.log.appender.buffer.element-limit = 1 (custom)
2019-11-18 04:03:33,470 [7b4427c1-b0d7-4726-b5d2-64b1e42b78f8@group-C20DCC66496C-LeaderElection14] INFO  grpc.GrpcConfigKeys$Server (ConfUtils.java:logGet(43)) - raft.grpc.server.leader.outstanding.appends.max = 128 (default)
2019-11-18 04:03:33,471 [7b4427c1-b0d7-4726-b5d2-64b1e42b78f8@group-C20DCC66496C-LeaderElection14] INFO  server.RaftServerConfigKeys (ConfUtils.java:logGet(43)) - raft.server.rpc.request.timeout = 3000ms (default)
2019-11-18 04:03:33,471 [7b4427c1-b0d7-4726-b5d2-64b1e42b78f8@group-C20DCC66496C-LeaderElection14] INFO  server.RaftServerConfigKeys (ConfUtils.java:logGet(43)) - raft.server.log.appender.install.snapshot.enabled = false (custom)
2019-11-18 04:03:33,471 [7b4427c1-b0d7-4726-b5d2-64b1e42b78f8@group-C20DCC66496C-LeaderElection14] INFO  impl.RoleInfo (RoleInfo.java:updateAndGet(143)) - 7b4427c1-b0d7-4726-b5d2-64b1e42b78f8: start LeaderState
2019-11-18 04:03:33,471 [7b4427c1-b0d7-4726-b5d2-64b1e42b78f8@group-C20DCC66496C-LeaderElection14] INFO  segmented.SegmentedRaftLogWorker (SegmentedRaftLogWorker.java:startLogSegment(385)) - 7b4427c1-b0d7-4726-b5d2-64b1e42b78f8@group-C20DCC66496C-SegmentedRaftLogWorker: Starting segment from index:0
2019-11-18 04:03:33,472 [7b4427c1-b0d7-4726-b5d2-64b1e42b78f8@group-C20DCC66496C-LeaderElection14] INFO  impl.RaftServerImpl (ServerState.java:setRaftConf(356)) - 7b4427c1-b0d7-4726-b5d2-64b1e42b78f8@group-C20DCC66496C: set configuration 0: [3e1e5366-7a40-4813-bf9e-d655d75c6ea3:192.168.69.70:40711, c1ab1948-bd06-494c-87a2-454d3d798b2a:192.168.69.70:35897, 7b4427c1-b0d7-4726-b5d2-64b1e42b78f8:192.168.69.70:45450], old=null at 0
2019-11-18 04:03:33,502 [main] INFO  ozone.MiniOzoneClusterImpl (MiniOzoneClusterImpl.java:lambda$waitForClusterToBeReady$0(150)) - Nodes are ready. Got 6 of 6 DN Heartbeats.
2019-11-18 04:03:33,503 [main] INFO  ozone.MiniOzoneClusterImpl (MiniOzoneClusterImpl.java:lambda$waitForClusterToBeReady$0(153)) - Cluster exits safe mode
2019-11-18 04:03:33,505 [main] INFO  pipeline.RatisPipelineProvider (RatisPipelineProvider.java:lambda$create$4(163)) - Send pipeline:PipelineID=6a8be068-2d9b-4ac4-a6fa-75ecb29daca1 create command to datanode b123ecd9-da94-41d9-8a96-a25e891cf121
2019-11-18 04:03:33,505 [main] INFO  pipeline.RatisPipelineProvider (RatisPipelineProvider.java:lambda$create$4(163)) - Send pipeline:PipelineID=6a8be068-2d9b-4ac4-a6fa-75ecb29daca1 create command to datanode 7b4427c1-b0d7-4726-b5d2-64b1e42b78f8
2019-11-18 04:03:33,505 [main] INFO  pipeline.RatisPipelineProvider (RatisPipelineProvider.java:lambda$create$4(163)) - Send pipeline:PipelineID=6a8be068-2d9b-4ac4-a6fa-75ecb29daca1 create command to datanode c1ab1948-bd06-494c-87a2-454d3d798b2a
2019-11-18 04:03:33,506 [7b4427c1-b0d7-4726-b5d2-64b1e42b78f8@group-C20DCC66496C-SegmentedRaftLogWorker] INFO  segmented.SegmentedRaftLogWorker (SegmentedRaftLogWorker.java:execute(576)) - 7b4427c1-b0d7-4726-b5d2-64b1e42b78f8@group-C20DCC66496C-SegmentedRaftLogWorker: created new log segment /workdir/hadoop-ozone/integration-test/target/test-dir/MiniOzoneClusterImpl-1c214b3a-49ad-4877-b4c4-a160cd444fc4/datanode-2/data/ratis/36dc783b-6e58-4416-920c-c20dcc66496c/current/log_inprogress_0
2019-11-18 04:03:33,506 [main] INFO  pipeline.PipelineStateManager (PipelineStateManager.java:addPipeline(55)) - Created pipeline Pipeline[ Id: 6a8be068-2d9b-4ac4-a6fa-75ecb29daca1, Nodes: b123ecd9-da94-41d9-8a96-a25e891cf121{ip: 192.168.69.70, host: pr-hdds-2386-sqzzd-3930412762, networkLocation: /default-rack, certSerialId: null}7b4427c1-b0d7-4726-b5d2-64b1e42b78f8{ip: 192.168.69.70, host: pr-hdds-2386-sqzzd-3930412762, networkLocation: /default-rack, certSerialId: null}c1ab1948-bd06-494c-87a2-454d3d798b2a{ip: 192.168.69.70, host: pr-hdds-2386-sqzzd-3930412762, networkLocation: /default-rack, certSerialId: null}, Type:RATIS, Factor:THREE, State:ALLOCATED]
2019-11-18 04:03:33,513 [grpc-default-executor-7] INFO  ratis.XceiverServerRatis (XceiverServerRatis.java:handleLeaderChangedNotification(733)) - Leader change notification received for group: group-3EC874524C2E with new leaderId: d5e7d411-50f4-47f9-b29f-7896844347c8
2019-11-18 04:03:33,513 [grpc-default-executor-11] INFO  ratis.XceiverServerRatis (XceiverServerRatis.java:handleLeaderChangedNotification(733)) - Leader change notification received for group: group-C20DCC66496C with new leaderId: 7b4427c1-b0d7-4726-b5d2-64b1e42b78f8
2019-11-18 04:03:33,515 [grpc-default-executor-11] INFO  impl.RaftServerImpl (ServerState.java:setLeader(255)) - c1ab1948-bd06-494c-87a2-454d3d798b2a@group-C20DCC66496C: change Leader from null to 7b4427c1-b0d7-4726-b5d2-64b1e42b78f8 at term 2 for appendEntries, leader elected after 10941ms
2019-11-18 04:03:33,513 [grpc-default-executor-1] INFO  ratis.XceiverServerRatis (XceiverServerRatis.java:handleLeaderChangedNotification(733)) - Leader change notification received for group: group-3EC874524C2E with new leaderId: d5e7d411-50f4-47f9-b29f-7896844347c8
2019-11-18 04:03:33,515 [grpc-default-executor-1] INFO  impl.RaftServerImpl (ServerState.java:setLeader(255)) - 8a75d567-d87d-444b-bd42-22fe60317c43@group-3EC874524C2E: change Leader from null to d5e7d411-50f4-47f9-b29f-7896844347c8 at term 2 for appendEntries, leader elected after 10941ms
2019-11-18 04:03:33,513 [grpc-default-executor-10] INFO  ratis.XceiverServerRatis (XceiverServerRatis.java:handleLeaderChangedNotification(733)) - Leader change notification received for group: group-C20DCC66496C with new leaderId: 7b4427c1-b0d7-4726-b5d2-64b1e42b78f8
2019-11-18 04:03:33,516 [grpc-default-executor-10] INFO  impl.RaftServerImpl (ServerState.java:setLeader(255)) - 3e1e5366-7a40-4813-bf9e-d655d75c6ea3@group-C20DCC66496C: change Leader from null to 7b4427c1-b0d7-4726-b5d2-64b1e42b78f8 at term 2 for appendEntries, leader elected after 10942ms
2019-11-18 04:03:33,514 [grpc-default-executor-7] INFO  impl.RaftServerImpl (ServerState.java:setLeader(255)) - b123ecd9-da94-41d9-8a96-a25e891cf121@group-3EC874524C2E: change Leader from null to d5e7d411-50f4-47f9-b29f-7896844347c8 at term 2 for appendEntries, leader elected after 10942ms
2019-11-18 04:03:33,545 [grpc-default-executor-7] INFO  impl.RaftServerImpl (ServerState.java:setRaftConf(356)) - b123ecd9-da94-41d9-8a96-a25e891cf121@group-3EC874524C2E: set configuration 0: [8a75d567-d87d-444b-bd42-22fe60317c43:192.168.69.70:37667, b123ecd9-da94-41d9-8a96-a25e891cf121:192.168.69.70:39520, d5e7d411-50f4-47f9-b29f-7896844347c8:192.168.69.70:34768], old=null at 0
2019-11-18 04:03:33,545 [grpc-default-executor-1] INFO  impl.RaftServerImpl (ServerState.java:setRaftConf(356)) - 8a75d567-d87d-444b-bd42-22fe60317c43@group-3EC874524C2E: set configuration 0: [8a75d567-d87d-444b-bd42-22fe60317c43:192.168.69.70:37667, b123ecd9-da94-41d9-8a96-a25e891cf121:192.168.69.70:39520, d5e7d411-50f4-47f9-b29f-7896844347c8:192.168.69.70:34768], old=null at 0
2019-11-18 04:03:33,545 [grpc-default-executor-11] INFO  impl.RaftServerImpl (ServerState.java:setRaftConf(356)) - c1ab1948-bd06-494c-87a2-454d3d798b2a@group-C20DCC66496C: set configuration 0: [3e1e5366-7a40-4813-bf9e-d655d75c6ea3:192.168.69.70:40711, c1ab1948-bd06-494c-87a2-454d3d798b2a:192.168.69.70:35897, 7b4427c1-b0d7-4726-b5d2-64b1e42b78f8:192.168.69.70:45450], old=null at 0
2019-11-18 04:03:33,545 [grpc-default-executor-10] INFO  impl.RaftServerImpl (ServerState.java:setRaftConf(356)) - 3e1e5366-7a40-4813-bf9e-d655d75c6ea3@group-C20DCC66496C: set configuration 0: [3e1e5366-7a40-4813-bf9e-d655d75c6ea3:192.168.69.70:40711, c1ab1948-bd06-494c-87a2-454d3d798b2a:192.168.69.70:35897, 7b4427c1-b0d7-4726-b5d2-64b1e42b78f8:192.168.69.70:45450], old=null at 0
2019-11-18 04:03:33,545 [grpc-default-executor-11] INFO  segmented.SegmentedRaftLogWorker (SegmentedRaftLogWorker.java:startLogSegment(385)) - c1ab1948-bd06-494c-87a2-454d3d798b2a@group-C20DCC66496C-SegmentedRaftLogWorker: Starting segment from index:0
2019-11-18 04:03:33,545 [grpc-default-executor-1] INFO  segmented.SegmentedRaftLogWorker (SegmentedRaftLogWorker.java:startLogSegment(385)) - 8a75d567-d87d-444b-bd42-22fe60317c43@group-3EC874524C2E-SegmentedRaftLogWorker: Starting segment from index:0
2019-11-18 04:03:33,545 [grpc-default-executor-7] INFO  segmented.SegmentedRaftLogWorker (SegmentedRaftLogWorker.java:startLogSegment(385)) - b123ecd9-da94-41d9-8a96-a25e891cf121@group-3EC874524C2E-SegmentedRaftLogWorker: Starting segment from index:0
2019-11-18 04:03:33,546 [grpc-default-executor-10] INFO  segmented.SegmentedRaftLogWorker (SegmentedRaftLogWorker.java:startLogSegment(385)) - 3e1e5366-7a40-4813-bf9e-d655d75c6ea3@group-C20DCC66496C-SegmentedRaftLogWorker: Starting segment from index:0
2019-11-18 04:03:33,588 [b123ecd9-da94-41d9-8a96-a25e891cf121@group-3EC874524C2E-SegmentedRaftLogWorker] INFO  segmented.SegmentedRaftLogWorker (SegmentedRaftLogWorker.java:execute(576)) - b123ecd9-da94-41d9-8a96-a25e891cf121@group-3EC874524C2E-SegmentedRaftLogWorker: created new log segment /workdir/hadoop-ozone/integration-test/target/test-dir/MiniOzoneClusterImpl-1c214b3a-49ad-4877-b4c4-a160cd444fc4/datanode-3/data/ratis/2d2fe9e4-643b-4b89-841f-3ec874524c2e/current/log_inprogress_0
2019-11-18 04:03:33,588 [8a75d567-d87d-444b-bd42-22fe60317c43@group-3EC874524C2E-SegmentedRaftLogWorker] INFO  segmented.SegmentedRaftLogWorker (SegmentedRaftLogWorker.java:execute(576)) - 8a75d567-d87d-444b-bd42-22fe60317c43@group-3EC874524C2E-SegmentedRaftLogWorker: created new log segment /workdir/hadoop-ozone/integration-test/target/test-dir/MiniOzoneClusterImpl-1c214b3a-49ad-4877-b4c4-a160cd444fc4/datanode-4/data/ratis/2d2fe9e4-643b-4b89-841f-3ec874524c2e/current/log_inprogress_0
2019-11-18 04:03:33,591 [3e1e5366-7a40-4813-bf9e-d655d75c6ea3@group-C20DCC66496C-SegmentedRaftLogWorker] INFO  segmented.SegmentedRaftLogWorker (SegmentedRaftLogWorker.java:execute(576)) - 3e1e5366-7a40-4813-bf9e-d655d75c6ea3@group-C20DCC66496C-SegmentedRaftLogWorker: created new log segment /workdir/hadoop-ozone/integration-test/target/test-dir/MiniOzoneClusterImpl-1c214b3a-49ad-4877-b4c4-a160cd444fc4/datanode-1/data/ratis/36dc783b-6e58-4416-920c-c20dcc66496c/current/log_inprogress_0
2019-11-18 04:03:33,591 [c1ab1948-bd06-494c-87a2-454d3d798b2a@group-C20DCC66496C-SegmentedRaftLogWorker] INFO  segmented.SegmentedRaftLogWorker (SegmentedRaftLogWorker.java:execute(576)) - c1ab1948-bd06-494c-87a2-454d3d798b2a@group-C20DCC66496C-SegmentedRaftLogWorker: created new log segment /workdir/hadoop-ozone/integration-test/target/test-dir/MiniOzoneClusterImpl-1c214b3a-49ad-4877-b4c4-a160cd444fc4/datanode-0/data/ratis/36dc783b-6e58-4416-920c-c20dcc66496c/current/log_inprogress_0
2019-11-18 04:03:34,765 [Command processor thread] INFO  impl.RaftServerProxy (RaftServerProxy.java:addNew(89)) - b123ecd9-da94-41d9-8a96-a25e891cf121: addNew group-75ECB29DACA1:[c1ab1948-bd06-494c-87a2-454d3d798b2a:192.168.69.70:35897, 7b4427c1-b0d7-4726-b5d2-64b1e42b78f8:192.168.69.70:45450, b123ecd9-da94-41d9-8a96-a25e891cf121:192.168.69.70:39520] returns group-75ECB29DACA1:java.util.concurrent.CompletableFuture@12abdd1a[Not completed]
2019-11-18 04:03:34,766 [Command processor thread] INFO  impl.RaftServerProxy (RaftServerProxy.java:addNew(89)) - c1ab1948-bd06-494c-87a2-454d3d798b2a: addNew group-75ECB29DACA1:[c1ab1948-bd06-494c-87a2-454d3d798b2a:192.168.69.70:35897, 7b4427c1-b0d7-4726-b5d2-64b1e42b78f8:192.168.69.70:45450, b123ecd9-da94-41d9-8a96-a25e891cf121:192.168.69.70:39520] returns group-75ECB29DACA1:java.util.concurrent.CompletableFuture@4fa8ff66[Not completed]
2019-11-18 04:03:34,767 [Command processor thread] INFO  impl.RaftServerProxy (RaftServerProxy.java:addNew(89)) - 7b4427c1-b0d7-4726-b5d2-64b1e42b78f8: addNew group-75ECB29DACA1:[c1ab1948-bd06-494c-87a2-454d3d798b2a:192.168.69.70:35897, 7b4427c1-b0d7-4726-b5d2-64b1e42b78f8:192.168.69.70:45450, b123ecd9-da94-41d9-8a96-a25e891cf121:192.168.69.70:39520] returns group-75ECB29DACA1:java.util.concurrent.CompletableFuture@372300f4[Not completed]
2019-11-18 04:03:34,771 [pool-57-thread-1] INFO  impl.RaftServerImpl (RaftServerImpl.java:<init>(98)) - b123ecd9-da94-41d9-8a96-a25e891cf121: new RaftServerImpl for group-75ECB29DACA1:[c1ab1948-bd06-494c-87a2-454d3d798b2a:192.168.69.70:35897, 7b4427c1-b0d7-4726-b5d2-64b1e42b78f8:192.168.69.70:45450, b123ecd9-da94-41d9-8a96-a25e891cf121:192.168.69.70:39520] with ContainerStateMachine:uninitialized
2019-11-18 04:03:34,771 [pool-57-thread-1] INFO  server.RaftServerConfigKeys (ConfUtils.java:logGet(43)) - raft.server.rpc.timeout.min = 5s (custom)
2019-11-18 04:03:34,771 [pool-57-thread-1] INFO  server.RaftServerConfigKeys (ConfUtils.java:logGet(43)) - raft.server.rpc.timeout.max = 5200ms (custom)
2019-11-18 04:03:34,772 [pool-57-thread-1] INFO  server.RaftServerConfigKeys (ConfUtils.java:logGet(43)) - raft.server.rpcslowness.timeout = 10s (custom)
2019-11-18 04:03:34,772 [pool-57-thread-1] INFO  server.RaftServerConfigKeys (ConfUtils.java:logGet(43)) - raft.server.sleep.deviation.threshold = 300 (default)
2019-11-18 04:03:34,772 [pool-57-thread-1] INFO  server.RaftServerConfigKeys (ConfUtils.java:logGet(43)) - raft.server.log.appender.install.snapshot.enabled = false (custom)
2019-11-18 04:03:34,772 [pool-57-thread-1] INFO  impl.RaftServerImpl (ServerState.java:<init>(103)) - b123ecd9-da94-41d9-8a96-a25e891cf121@group-75ECB29DACA1: ConfigurationManager, init=-1: [c1ab1948-bd06-494c-87a2-454d3d798b2a:192.168.69.70:35897, 7b4427c1-b0d7-4726-b5d2-64b1e42b78f8:192.168.69.70:45450, b123ecd9-da94-41d9-8a96-a25e891cf121:192.168.69.70:39520], old=null, confs=<EMPTY_MAP>
2019-11-18 04:03:34,772 [pool-47-thread-1] INFO  impl.RaftServerImpl (RaftServerImpl.java:<init>(98)) - 7b4427c1-b0d7-4726-b5d2-64b1e42b78f8: new RaftServerImpl for group-75ECB29DACA1:[c1ab1948-bd06-494c-87a2-454d3d798b2a:192.168.69.70:35897, 7b4427c1-b0d7-4726-b5d2-64b1e42b78f8:192.168.69.70:45450, b123ecd9-da94-41d9-8a96-a25e891cf121:192.168.69.70:39520] with ContainerStateMachine:uninitialized
2019-11-18 04:03:34,773 [pool-57-thread-1] INFO  server.RaftServerConfigKeys (ConfUtils.java:logGet(43)) - raft.server.storage.dir = [/workdir/hadoop-ozone/integration-test/target/test-dir/MiniOzoneClusterImpl-1c214b3a-49ad-4877-b4c4-a160cd444fc4/datanode-3/data/ratis] (custom)
2019-11-18 04:03:34,773 [pool-47-thread-1] INFO  server.RaftServerConfigKeys (ConfUtils.java:logGet(43)) - raft.server.rpc.timeout.min = 5s (custom)
2019-11-18 04:03:34,773 [pool-47-thread-1] INFO  server.RaftServerConfigKeys (ConfUtils.java:logGet(43)) - raft.server.rpc.timeout.max = 5200ms (custom)
2019-11-18 04:03:34,773 [pool-57-thread-1] INFO  server.RaftServerConfigKeys (ConfUtils.java:logGet(43)) - raft.server.log.corruption.policy = EXCEPTION (default)
2019-11-18 04:03:34,773 [pool-47-thread-1] INFO  server.RaftServerConfigKeys (ConfUtils.java:logGet(43)) - raft.server.rpcslowness.timeout = 10s (custom)
2019-11-18 04:03:34,773 [pool-27-thread-1] INFO  impl.RaftServerImpl (RaftServerImpl.java:<init>(98)) - c1ab1948-bd06-494c-87a2-454d3d798b2a: new RaftServerImpl for group-75ECB29DACA1:[c1ab1948-bd06-494c-87a2-454d3d798b2a:192.168.69.70:35897, 7b4427c1-b0d7-4726-b5d2-64b1e42b78f8:192.168.69.70:45450, b123ecd9-da94-41d9-8a96-a25e891cf121:192.168.69.70:39520] with ContainerStateMachine:uninitialized
2019-11-18 04:03:34,774 [pool-47-thread-1] INFO  server.RaftServerConfigKeys (ConfUtils.java:logGet(43)) - raft.server.sleep.deviation.threshold = 300 (default)
2019-11-18 04:03:34,774 [pool-57-thread-1] INFO  storage.RaftStorageDirectory (RaftStorageDirectory.java:analyzeStorage(246)) - The storage directory /workdir/hadoop-ozone/integration-test/target/test-dir/MiniOzoneClusterImpl-1c214b3a-49ad-4877-b4c4-a160cd444fc4/datanode-3/data/ratis/6a8be068-2d9b-4ac4-a6fa-75ecb29daca1 does not exist. Creating ...
2019-11-18 04:03:34,774 [pool-47-thread-1] INFO  server.RaftServerConfigKeys (ConfUtils.java:logGet(43)) - raft.server.log.appender.install.snapshot.enabled = false (custom)
2019-11-18 04:03:34,774 [pool-27-thread-1] INFO  server.RaftServerConfigKeys (ConfUtils.java:logGet(43)) - raft.server.rpc.timeout.min = 5s (custom)
2019-11-18 04:03:34,774 [pool-47-thread-1] INFO  impl.RaftServerImpl (ServerState.java:<init>(103)) - 7b4427c1-b0d7-4726-b5d2-64b1e42b78f8@group-75ECB29DACA1: ConfigurationManager, init=-1: [c1ab1948-bd06-494c-87a2-454d3d798b2a:192.168.69.70:35897, 7b4427c1-b0d7-4726-b5d2-64b1e42b78f8:192.168.69.70:45450, b123ecd9-da94-41d9-8a96-a25e891cf121:192.168.69.70:39520], old=null, confs=<EMPTY_MAP>
2019-11-18 04:03:34,774 [pool-27-thread-1] INFO  server.RaftServerConfigKeys (ConfUtils.java:logGet(43)) - raft.server.rpc.timeout.max = 5200ms (custom)
2019-11-18 04:03:34,775 [pool-47-thread-1] INFO  server.RaftServerConfigKeys (ConfUtils.java:logGet(43)) - raft.server.storage.dir = [/workdir/hadoop-ozone/integration-test/target/test-dir/MiniOzoneClusterImpl-1c214b3a-49ad-4877-b4c4-a160cd444fc4/datanode-2/data/ratis] (custom)
2019-11-18 04:03:34,775 [pool-27-thread-1] INFO  server.RaftServerConfigKeys (ConfUtils.java:logGet(43)) - raft.server.rpcslowness.timeout = 10s (custom)
2019-11-18 04:03:34,775 [pool-27-thread-1] INFO  server.RaftServerConfigKeys (ConfUtils.java:logGet(43)) - raft.server.sleep.deviation.threshold = 300 (default)
2019-11-18 04:03:34,775 [pool-47-thread-1] INFO  server.RaftServerConfigKeys (ConfUtils.java:logGet(43)) - raft.server.log.corruption.policy = EXCEPTION (default)
2019-11-18 04:03:34,775 [pool-27-thread-1] INFO  server.RaftServerConfigKeys (ConfUtils.java:logGet(43)) - raft.server.log.appender.install.snapshot.enabled = false (custom)
2019-11-18 04:03:34,775 [pool-47-thread-1] INFO  storage.RaftStorageDirectory (RaftStorageDirectory.java:analyzeStorage(246)) - The storage directory /workdir/hadoop-ozone/integration-test/target/test-dir/MiniOzoneClusterImpl-1c214b3a-49ad-4877-b4c4-a160cd444fc4/datanode-2/data/ratis/6a8be068-2d9b-4ac4-a6fa-75ecb29daca1 does not exist. Creating ...
2019-11-18 04:03:34,775 [pool-27-thread-1] INFO  impl.RaftServerImpl (ServerState.java:<init>(103)) - c1ab1948-bd06-494c-87a2-454d3d798b2a@group-75ECB29DACA1: ConfigurationManager, init=-1: [c1ab1948-bd06-494c-87a2-454d3d798b2a:192.168.69.70:35897, 7b4427c1-b0d7-4726-b5d2-64b1e42b78f8:192.168.69.70:45450, b123ecd9-da94-41d9-8a96-a25e891cf121:192.168.69.70:39520], old=null, confs=<EMPTY_MAP>
2019-11-18 04:03:34,776 [pool-27-thread-1] INFO  server.RaftServerConfigKeys (ConfUtils.java:logGet(43)) - raft.server.storage.dir = [/workdir/hadoop-ozone/integration-test/target/test-dir/MiniOzoneClusterImpl-1c214b3a-49ad-4877-b4c4-a160cd444fc4/datanode-0/data/ratis] (custom)
2019-11-18 04:03:34,776 [pool-27-thread-1] INFO  server.RaftServerConfigKeys (ConfUtils.java:logGet(43)) - raft.server.log.corruption.policy = EXCEPTION (default)
2019-11-18 04:03:34,776 [pool-27-thread-1] INFO  storage.RaftStorageDirectory (RaftStorageDirectory.java:analyzeStorage(246)) - The storage directory /workdir/hadoop-ozone/integration-test/target/test-dir/MiniOzoneClusterImpl-1c214b3a-49ad-4877-b4c4-a160cd444fc4/datanode-0/data/ratis/6a8be068-2d9b-4ac4-a6fa-75ecb29daca1 does not exist. Creating ...
2019-11-18 04:03:34,800 [pool-47-thread-1] INFO  storage.RaftStorageDirectory (RaftStorageDirectory.java:tryLock(328)) - Lock on /workdir/hadoop-ozone/integration-test/target/test-dir/MiniOzoneClusterImpl-1c214b3a-49ad-4877-b4c4-a160cd444fc4/datanode-2/data/ratis/6a8be068-2d9b-4ac4-a6fa-75ecb29daca1/in_use.lock acquired by nodename 22071@pr-hdds-2386-sqzzd-3930412762
2019-11-18 04:03:34,800 [pool-27-thread-1] INFO  storage.RaftStorageDirectory (RaftStorageDirectory.java:tryLock(328)) - Lock on /workdir/hadoop-ozone/integration-test/target/test-dir/MiniOzoneClusterImpl-1c214b3a-49ad-4877-b4c4-a160cd444fc4/datanode-0/data/ratis/6a8be068-2d9b-4ac4-a6fa-75ecb29daca1/in_use.lock acquired by nodename 22071@pr-hdds-2386-sqzzd-3930412762
2019-11-18 04:03:34,800 [pool-57-thread-1] INFO  storage.RaftStorageDirectory (RaftStorageDirectory.java:tryLock(328)) - Lock on /workdir/hadoop-ozone/integration-test/target/test-dir/MiniOzoneClusterImpl-1c214b3a-49ad-4877-b4c4-a160cd444fc4/datanode-3/data/ratis/6a8be068-2d9b-4ac4-a6fa-75ecb29daca1/in_use.lock acquired by nodename 22071@pr-hdds-2386-sqzzd-3930412762
2019-11-18 04:03:34,814 [pool-47-thread-1] INFO  storage.RaftStorage (RaftStorage.java:format(84)) - Storage directory /workdir/hadoop-ozone/integration-test/target/test-dir/MiniOzoneClusterImpl-1c214b3a-49ad-4877-b4c4-a160cd444fc4/datanode-2/data/ratis/6a8be068-2d9b-4ac4-a6fa-75ecb29daca1 has been successfully formatted.
2019-11-18 04:03:34,814 [pool-57-thread-1] INFO  storage.RaftStorage (RaftStorage.java:format(84)) - Storage directory /workdir/hadoop-ozone/integration-test/target/test-dir/MiniOzoneClusterImpl-1c214b3a-49ad-4877-b4c4-a160cd444fc4/datanode-3/data/ratis/6a8be068-2d9b-4ac4-a6fa-75ecb29daca1 has been successfully formatted.
2019-11-18 04:03:34,814 [pool-27-thread-1] INFO  storage.RaftStorage (RaftStorage.java:format(84)) - Storage directory /workdir/hadoop-ozone/integration-test/target/test-dir/MiniOzoneClusterImpl-1c214b3a-49ad-4877-b4c4-a160cd444fc4/datanode-0/data/ratis/6a8be068-2d9b-4ac4-a6fa-75ecb29daca1 has been successfully formatted.
2019-11-18 04:03:34,814 [pool-47-thread-1] INFO  ratis.ContainerStateMachine (ContainerStateMachine.java:loadSnapshot(223)) - group-75ECB29DACA1: The snapshot info is null. Setting the last applied indexto:(t:0, i:~)
2019-11-18 04:03:34,814 [pool-57-thread-1] INFO  ratis.ContainerStateMachine (ContainerStateMachine.java:loadSnapshot(223)) - group-75ECB29DACA1: The snapshot info is null. Setting the last applied indexto:(t:0, i:~)
2019-11-18 04:03:34,814 [pool-47-thread-1] INFO  server.RaftServerConfigKeys (ConfUtils.java:logGet(43)) - raft.server.notification.no-leader.timeout = 10s (custom)
2019-11-18 04:03:34,814 [pool-27-thread-1] INFO  ratis.ContainerStateMachine (ContainerStateMachine.java:loadSnapshot(223)) - group-75ECB29DACA1: The snapshot info is null. Setting the last applied indexto:(t:0, i:~)
2019-11-18 04:03:34,815 [pool-47-thread-1] INFO  server.RaftServerConfigKeys (ConfUtils.java:logGet(43)) - raft.server.log.use.memory = false (default)
2019-11-18 04:03:34,815 [pool-57-thread-1] INFO  server.RaftServerConfigKeys (ConfUtils.java:logGet(43)) - raft.server.notification.no-leader.timeout = 10s (custom)
2019-11-18 04:03:34,815 [pool-47-thread-1] INFO  server.RaftServerConfigKeys (ConfUtils.java:logGet(43)) - raft.server.log.purge.gap = 1000000 (custom)
2019-11-18 04:03:34,815 [pool-27-thread-1] INFO  server.RaftServerConfigKeys (ConfUtils.java:logGet(43)) - raft.server.notification.no-leader.timeout = 10s (custom)
2019-11-18 04:03:34,815 [pool-47-thread-1] INFO  server.RaftServerConfigKeys (ConfUtils.java:logGet(43)) - raft.server.log.appender.buffer.byte-limit = 33554432 (custom)
2019-11-18 04:03:34,815 [pool-57-thread-1] INFO  server.RaftServerConfigKeys (ConfUtils.java:logGet(43)) - raft.server.log.use.memory = false (default)
2019-11-18 04:03:34,816 [pool-47-thread-1] INFO  server.RaftServerConfigKeys (ConfUtils.java:logGet(43)) - raft.server.log.segment.size.max = 1048576 (custom)
2019-11-18 04:03:34,815 [pool-27-thread-1] INFO  server.RaftServerConfigKeys (ConfUtils.java:logGet(43)) - raft.server.log.use.memory = false (default)
2019-11-18 04:03:34,816 [pool-47-thread-1] INFO  server.RaftServerConfigKeys (ConfUtils.java:logGet(43)) - raft.server.log.segment.cache.num.max = 2 (custom)
2019-11-18 04:03:34,816 [pool-57-thread-1] INFO  server.RaftServerConfigKeys (ConfUtils.java:logGet(43)) - raft.server.log.purge.gap = 1000000 (custom)
2019-11-18 04:03:34,816 [pool-47-thread-1] INFO  segmented.SegmentedRaftLogWorker (SegmentedRaftLogWorker.java:<init>(173)) - new 7b4427c1-b0d7-4726-b5d2-64b1e42b78f8@group-75ECB29DACA1-SegmentedRaftLogWorker for RaftStorage:Storage Directory /workdir/hadoop-ozone/integration-test/target/test-dir/MiniOzoneClusterImpl-1c214b3a-49ad-4877-b4c4-a160cd444fc4/datanode-2/data/ratis/6a8be068-2d9b-4ac4-a6fa-75ecb29daca1
2019-11-18 04:03:34,816 [pool-27-thread-1] INFO  server.RaftServerConfigKeys (ConfUtils.java:logGet(43)) - raft.server.log.purge.gap = 1000000 (custom)
2019-11-18 04:03:34,817 [pool-47-thread-1] INFO  server.RaftServerConfigKeys (ConfUtils.java:logGet(43)) - raft.server.log.queue.byte-limit = 2147483647 (custom)
2019-11-18 04:03:34,816 [pool-57-thread-1] INFO  server.RaftServerConfigKeys (ConfUtils.java:logGet(43)) - raft.server.log.appender.buffer.byte-limit = 33554432 (custom)
2019-11-18 04:03:34,817 [pool-47-thread-1] INFO  server.RaftServerConfigKeys (ConfUtils.java:logGet(43)) - raft.server.log.queue.element-limit = 1024 (custom)
2019-11-18 04:03:34,817 [pool-27-thread-1] INFO  server.RaftServerConfigKeys (ConfUtils.java:logGet(43)) - raft.server.log.appender.buffer.byte-limit = 33554432 (custom)
2019-11-18 04:03:34,817 [pool-47-thread-1] INFO  server.RaftServerConfigKeys (ConfUtils.java:logGet(43)) - raft.server.log.segment.size.max = 1048576 (custom)
2019-11-18 04:03:34,817 [pool-57-thread-1] INFO  server.RaftServerConfigKeys (ConfUtils.java:logGet(43)) - raft.server.log.segment.size.max = 1048576 (custom)
2019-11-18 04:03:34,818 [pool-47-thread-1] INFO  server.RaftServerConfigKeys (ConfUtils.java:logGet(43)) - raft.server.log.preallocated.size = 16384 (custom)
2019-11-18 04:03:34,818 [pool-27-thread-1] INFO  server.RaftServerConfigKeys (ConfUtils.java:logGet(43)) - raft.server.log.segment.size.max = 1048576 (custom)
2019-11-18 04:03:34,818 [pool-47-thread-1] INFO  server.RaftServerConfigKeys (ConfUtils.java:logGet(43)) - raft.server.log.write.buffer.size = 33554432 (custom)
2019-11-18 04:03:34,818 [pool-57-thread-1] INFO  server.RaftServerConfigKeys (ConfUtils.java:logGet(43)) - raft.server.log.segment.cache.num.max = 2 (custom)
2019-11-18 04:03:34,818 [pool-47-thread-1] INFO  server.RaftServerConfigKeys (ConfUtils.java:logGet(43)) - raft.server.log.force.sync.num = 128 (default)
2019-11-18 04:03:34,818 [pool-27-thread-1] INFO  server.RaftServerConfigKeys (ConfUtils.java:logGet(43)) - raft.server.log.segment.cache.num.max = 2 (custom)
2019-11-18 04:03:34,819 [pool-47-thread-1] INFO  server.RaftServerConfigKeys (ConfUtils.java:logGet(43)) - raft.server.log.statemachine.data.sync = true (default)
2019-11-18 04:03:34,818 [pool-57-thread-1] INFO  segmented.SegmentedRaftLogWorker (SegmentedRaftLogWorker.java:<init>(173)) - new b123ecd9-da94-41d9-8a96-a25e891cf121@group-75ECB29DACA1-SegmentedRaftLogWorker for RaftStorage:Storage Directory /workdir/hadoop-ozone/integration-test/target/test-dir/MiniOzoneClusterImpl-1c214b3a-49ad-4877-b4c4-a160cd444fc4/datanode-3/data/ratis/6a8be068-2d9b-4ac4-a6fa-75ecb29daca1
2019-11-18 04:03:34,819 [pool-47-thread-1] INFO  server.RaftServerConfigKeys (ConfUtils.java:logGet(43)) - raft.server.log.statemachine.data.sync.timeout = 10s (default)
2019-11-18 04:03:34,819 [pool-27-thread-1] INFO  segmented.SegmentedRaftLogWorker (SegmentedRaftLogWorker.java:<init>(173)) - new c1ab1948-bd06-494c-87a2-454d3d798b2a@group-75ECB29DACA1-SegmentedRaftLogWorker for RaftStorage:Storage Directory /workdir/hadoop-ozone/integration-test/target/test-dir/MiniOzoneClusterImpl-1c214b3a-49ad-4877-b4c4-a160cd444fc4/datanode-0/data/ratis/6a8be068-2d9b-4ac4-a6fa-75ecb29daca1
2019-11-18 04:03:34,819 [pool-47-thread-1] INFO  server.RaftServerConfigKeys (ConfUtils.java:logGet(43)) - raft.server.log.statemachine.data.sync.timeout.retry = -1 (default)
2019-11-18 04:03:34,819 [pool-57-thread-1] INFO  server.RaftServerConfigKeys (ConfUtils.java:logGet(43)) - raft.server.log.queue.byte-limit = 2147483647 (custom)
2019-11-18 04:03:34,820 [pool-27-thread-1] INFO  server.RaftServerConfigKeys (ConfUtils.java:logGet(43)) - raft.server.log.queue.byte-limit = 2147483647 (custom)
2019-11-18 04:03:34,820 [pool-57-thread-1] INFO  server.RaftServerConfigKeys (ConfUtils.java:logGet(43)) - raft.server.log.queue.element-limit = 1024 (custom)
2019-11-18 04:03:34,820 [pool-47-thread-1] INFO  server.RaftServerConfigKeys (ConfUtils.java:logGet(43)) - raft.server.log.statemachine.data.caching.enabled = true (custom)
2019-11-18 04:03:34,820 [pool-57-thread-1] INFO  server.RaftServerConfigKeys (ConfUtils.java:logGet(43)) - raft.server.log.segment.size.max = 1048576 (custom)
2019-11-18 04:03:34,820 [pool-27-thread-1] INFO  server.RaftServerConfigKeys (ConfUtils.java:logGet(43)) - raft.server.log.queue.element-limit = 1024 (custom)
2019-11-18 04:03:34,820 [pool-57-thread-1] INFO  server.RaftServerConfigKeys (ConfUtils.java:logGet(43)) - raft.server.log.preallocated.size = 16384 (custom)
2019-11-18 04:03:34,821 [pool-47-thread-1] INFO  segmented.SegmentedRaftLogWorker (SegmentedRaftLogWorker.java:lambda$new$0(128)) - 7b4427c1-b0d7-4726-b5d2-64b1e42b78f8@group-75ECB29DACA1-SegmentedRaftLogWorker: flushIndex: setUnconditionally 0 -> -1
2019-11-18 04:03:34,821 [pool-27-thread-1] INFO  server.RaftServerConfigKeys (ConfUtils.java:logGet(43)) - raft.server.log.segment.size.max = 1048576 (custom)
2019-11-18 04:03:34,821 [pool-57-thread-1] INFO  server.RaftServerConfigKeys (ConfUtils.java:logGet(43)) - raft.server.log.write.buffer.size = 33554432 (custom)
2019-11-18 04:03:34,821 [pool-47-thread-1] INFO  server.RaftServerConfigKeys (ConfUtils.java:logGet(43)) - raft.server.snapshot.auto.trigger.enabled = true (custom)
2019-11-18 04:03:34,821 [pool-27-thread-1] INFO  server.RaftServerConfigKeys (ConfUtils.java:logGet(43)) - raft.server.log.preallocated.size = 16384 (custom)
2019-11-18 04:03:34,821 [pool-47-thread-1] INFO  server.RaftServerConfigKeys (ConfUtils.java:logGet(43)) - raft.server.snapshot.auto.trigger.threshold = 10000 (custom)
2019-11-18 04:03:34,821 [pool-57-thread-1] INFO  server.RaftServerConfigKeys (ConfUtils.java:logGet(43)) - raft.server.log.force.sync.num = 128 (default)
2019-11-18 04:03:34,822 [pool-47-thread-1] INFO  server.RaftServerConfigKeys (ConfUtils.java:logGet(43)) - raft.server.snapshot.retention.file.num = 5 (custom)
2019-11-18 04:03:34,822 [pool-27-thread-1] INFO  server.RaftServerConfigKeys (ConfUtils.java:logGet(43)) - raft.server.log.write.buffer.size = 33554432 (custom)
2019-11-18 04:03:34,822 [pool-47-thread-1] INFO  server.RaftServerConfigKeys (ConfUtils.java:logGet(43)) - raft.server.retrycache.expirytime = 600000ms (custom)
2019-11-18 04:03:34,822 [pool-57-thread-1] INFO  server.RaftServerConfigKeys (ConfUtils.java:logGet(43)) - raft.server.log.statemachine.data.sync = true (default)
2019-11-18 04:03:34,822 [pool-47-thread-1] WARN  impl.MetricRegistriesImpl (MetricRegistriesImpl.java:lambda$create$1(61)) - First MetricRegistry has been created without registering reporters. You may need to call MetricRegistries.global().addReportRegistration(...) before.
2019-11-18 04:03:34,822 [pool-27-thread-1] INFO  server.RaftServerConfigKeys (ConfUtils.java:logGet(43)) - raft.server.log.force.sync.num = 128 (default)
2019-11-18 04:03:34,823 [pool-47-thread-1] WARN  impl.MetricRegistriesImpl (MetricRegistriesImpl.java:lambda$create$1(61)) - First MetricRegistry has been created without registering reporters. You may need to call MetricRegistries.global().addReportRegistration(...) before.
2019-11-18 04:03:34,823 [pool-57-thread-1] INFO  server.RaftServerConfigKeys (ConfUtils.java:logGet(43)) - raft.server.log.statemachine.data.sync.timeout = 10s (default)
2019-11-18 04:03:34,823 [pool-27-thread-1] INFO  server.RaftServerConfigKeys (ConfUtils.java:logGet(43)) - raft.server.log.statemachine.data.sync = true (default)
2019-11-18 04:03:34,823 [pool-47-thread-1] INFO  impl.RaftServerImpl (RaftServerImpl.java:start(184)) - 7b4427c1-b0d7-4726-b5d2-64b1e42b78f8@group-75ECB29DACA1: start as a follower, conf=-1: [c1ab1948-bd06-494c-87a2-454d3d798b2a:192.168.69.70:35897, 7b4427c1-b0d7-4726-b5d2-64b1e42b78f8:192.168.69.70:45450, b123ecd9-da94-41d9-8a96-a25e891cf121:192.168.69.70:39520], old=null
2019-11-18 04:03:34,823 [pool-57-thread-1] INFO  server.RaftServerConfigKeys (ConfUtils.java:logGet(43)) - raft.server.log.statemachine.data.sync.timeout.retry = -1 (default)
2019-11-18 04:03:34,824 [pool-47-thread-1] INFO  impl.RaftServerImpl (RaftServerImpl.java:setRole(173)) - 7b4427c1-b0d7-4726-b5d2-64b1e42b78f8@group-75ECB29DACA1: changes role from      null to FOLLOWER at term 0 for startAsFollower
2019-11-18 04:03:34,823 [pool-27-thread-1] INFO  server.RaftServerConfigKeys (ConfUtils.java:logGet(43)) - raft.server.log.statemachine.data.sync.timeout = 10s (default)
2019-11-18 04:03:34,824 [pool-47-thread-1] INFO  impl.RoleInfo (RoleInfo.java:updateAndGet(143)) - 7b4427c1-b0d7-4726-b5d2-64b1e42b78f8: start FollowerState
2019-11-18 04:03:34,824 [pool-57-thread-1] INFO  server.RaftServerConfigKeys (ConfUtils.java:logGet(43)) - raft.server.log.statemachine.data.caching.enabled = true (custom)
2019-11-18 04:03:34,824 [pool-27-thread-1] INFO  server.RaftServerConfigKeys (ConfUtils.java:logGet(43)) - raft.server.log.statemachine.data.sync.timeout.retry = -1 (default)
2019-11-18 04:03:34,825 [pool-27-thread-1] INFO  server.RaftServerConfigKeys (ConfUtils.java:logGet(43)) - raft.server.log.statemachine.data.caching.enabled = true (custom)
2019-11-18 04:03:34,825 [pool-57-thread-1] INFO  segmented.SegmentedRaftLogWorker (SegmentedRaftLogWorker.java:lambda$new$0(128)) - b123ecd9-da94-41d9-8a96-a25e891cf121@group-75ECB29DACA1-SegmentedRaftLogWorker: flushIndex: setUnconditionally 0 -> -1
2019-11-18 04:03:34,825 [pool-47-thread-1] INFO  util.JmxRegister (JmxRegister.java:tryRegister(44)) - Successfully registered JMX Bean with object name Ratis:service=RaftServer,group=group-75ECB29DACA1,id=7b4427c1-b0d7-4726-b5d2-64b1e42b78f8
2019-11-18 04:03:34,825 [pool-27-thread-1] INFO  segmented.SegmentedRaftLogWorker (SegmentedRaftLogWorker.java:lambda$new$0(128)) - c1ab1948-bd06-494c-87a2-454d3d798b2a@group-75ECB29DACA1-SegmentedRaftLogWorker: flushIndex: setUnconditionally 0 -> -1
2019-11-18 04:03:34,825 [pool-47-thread-1] WARN  impl.MetricRegistriesImpl (MetricRegistriesImpl.java:lambda$create$1(61)) - First MetricRegistry has been created without registering reporters. You may need to call MetricRegistries.global().addReportRegistration(...) before.
2019-11-18 04:03:34,825 [pool-57-thread-1] INFO  server.RaftServerConfigKeys (ConfUtils.java:logGet(43)) - raft.server.snapshot.auto.trigger.enabled = true (custom)
2019-11-18 04:03:34,825 [pool-27-thread-1] INFO  server.RaftServerConfigKeys (ConfUtils.java:logGet(43)) - raft.server.snapshot.auto.trigger.enabled = true (custom)
2019-11-18 04:03:34,826 [pool-57-thread-1] INFO  server.RaftServerConfigKeys (ConfUtils.java:logGet(43)) - raft.server.snapshot.auto.trigger.threshold = 10000 (custom)
2019-11-18 04:03:34,826 [pool-27-thread-1] INFO  server.RaftServerConfigKeys (ConfUtils.java:logGet(43)) - raft.server.snapshot.auto.trigger.threshold = 10000 (custom)
2019-11-18 04:03:34,826 [Command processor thread] INFO  commandhandler.CreatePipelineCommandHandler (CreatePipelineCommandHandler.java:handle(86)) - Create Pipeline RATIS THREE #id: "6a8be068-2d9b-4ac4-a6fa-75ecb29daca1"
 command succeed on datanode 7b4427c1-b0d7-4726-b5d2-64b1e42b78f8.
2019-11-18 04:03:34,826 [pool-57-thread-1] INFO  server.RaftServerConfigKeys (ConfUtils.java:logGet(43)) - raft.server.snapshot.retention.file.num = 5 (custom)
2019-11-18 04:03:34,826 [pool-27-thread-1] INFO  server.RaftServerConfigKeys (ConfUtils.java:logGet(43)) - raft.server.snapshot.retention.file.num = 5 (custom)
2019-11-18 04:03:34,826 [pool-57-thread-1] INFO  server.RaftServerConfigKeys (ConfUtils.java:logGet(43)) - raft.server.retrycache.expirytime = 600000ms (custom)
2019-11-18 04:03:34,826 [pool-27-thread-1] INFO  server.RaftServerConfigKeys (ConfUtils.java:logGet(43)) - raft.server.retrycache.expirytime = 600000ms (custom)
2019-11-18 04:03:34,826 [pool-57-thread-1] WARN  impl.MetricRegistriesImpl (MetricRegistriesImpl.java:lambda$create$1(61)) - First MetricRegistry has been created without registering reporters. You may need to call MetricRegistries.global().addReportRegistration(...) before.
2019-11-18 04:03:34,827 [pool-27-thread-1] WARN  impl.MetricRegistriesImpl (MetricRegistriesImpl.java:lambda$create$1(61)) - First MetricRegistry has been created without registering reporters. You may need to call MetricRegistries.global().addReportRegistration(...) before.
2019-11-18 04:03:34,830 [pool-27-thread-1] WARN  impl.MetricRegistriesImpl (MetricRegistriesImpl.java:lambda$create$1(61)) - First MetricRegistry has been created without registering reporters. You may need to call MetricRegistries.global().addReportRegistration(...) before.
2019-11-18 04:03:34,830 [pool-57-thread-1] WARN  impl.MetricRegistriesImpl (MetricRegistriesImpl.java:lambda$create$1(61)) - First MetricRegistry has been created without registering reporters. You may need to call MetricRegistries.global().addReportRegistration(...) before.
2019-11-18 04:03:34,830 [pool-27-thread-1] INFO  impl.RaftServerImpl (RaftServerImpl.java:start(184)) - c1ab1948-bd06-494c-87a2-454d3d798b2a@group-75ECB29DACA1: start as a follower, conf=-1: [c1ab1948-bd06-494c-87a2-454d3d798b2a:192.168.69.70:35897, 7b4427c1-b0d7-4726-b5d2-64b1e42b78f8:192.168.69.70:45450, b123ecd9-da94-41d9-8a96-a25e891cf121:192.168.69.70:39520], old=null
2019-11-18 04:03:34,830 [pool-27-thread-1] INFO  impl.RaftServerImpl (RaftServerImpl.java:setRole(173)) - c1ab1948-bd06-494c-87a2-454d3d798b2a@group-75ECB29DACA1: changes role from      null to FOLLOWER at term 0 for startAsFollower
2019-11-18 04:03:34,830 [pool-57-thread-1] INFO  impl.RaftServerImpl (RaftServerImpl.java:start(184)) - b123ecd9-da94-41d9-8a96-a25e891cf121@group-75ECB29DACA1: start as a follower, conf=-1: [c1ab1948-bd06-494c-87a2-454d3d798b2a:192.168.69.70:35897, 7b4427c1-b0d7-4726-b5d2-64b1e42b78f8:192.168.69.70:45450, b123ecd9-da94-41d9-8a96-a25e891cf121:192.168.69.70:39520], old=null
2019-11-18 04:03:34,830 [pool-27-thread-1] INFO  impl.RoleInfo (RoleInfo.java:updateAndGet(143)) - c1ab1948-bd06-494c-87a2-454d3d798b2a: start FollowerState
2019-11-18 04:03:34,831 [pool-57-thread-1] INFO  impl.RaftServerImpl (RaftServerImpl.java:setRole(173)) - b123ecd9-da94-41d9-8a96-a25e891cf121@group-75ECB29DACA1: changes role from      null to FOLLOWER at term 0 for startAsFollower
2019-11-18 04:03:34,831 [EventQueue-PipelineReportForPipelineReportHandler] INFO  pipeline.PipelineReportHandler (PipelineReportHandler.java:processPipelineReport(113)) - Pipeline THREE PipelineID=6a8be068-2d9b-4ac4-a6fa-75ecb29daca1 reported by 7b4427c1-b0d7-4726-b5d2-64b1e42b78f8{ip: 192.168.69.70, host: pr-hdds-2386-sqzzd-3930412762, networkLocation: /default-rack, certSerialId: null}
2019-11-18 04:03:34,831 [pool-27-thread-1] INFO  util.JmxRegister (JmxRegister.java:tryRegister(44)) - Successfully registered JMX Bean with object name Ratis:service=RaftServer,group=group-75ECB29DACA1,id=c1ab1948-bd06-494c-87a2-454d3d798b2a
2019-11-18 04:03:34,831 [pool-57-thread-1] INFO  impl.RoleInfo (RoleInfo.java:updateAndGet(143)) - b123ecd9-da94-41d9-8a96-a25e891cf121: start FollowerState
2019-11-18 04:03:34,831 [pool-27-thread-1] WARN  impl.MetricRegistriesImpl (MetricRegistriesImpl.java:lambda$create$1(61)) - First MetricRegistry has been created without registering reporters. You may need to call MetricRegistries.global().addReportRegistration(...) before.
2019-11-18 04:03:34,832 [pool-57-thread-1] INFO  util.JmxRegister (JmxRegister.java:tryRegister(44)) - Successfully registered JMX Bean with object name Ratis:service=RaftServer,group=group-75ECB29DACA1,id=b123ecd9-da94-41d9-8a96-a25e891cf121
2019-11-18 04:03:34,832 [Command processor thread] INFO  commandhandler.CreatePipelineCommandHandler (CreatePipelineCommandHandler.java:handle(86)) - Create Pipeline RATIS THREE #id: "6a8be068-2d9b-4ac4-a6fa-75ecb29daca1"
 command succeed on datanode c1ab1948-bd06-494c-87a2-454d3d798b2a.
2019-11-18 04:03:34,832 [pool-57-thread-1] WARN  impl.MetricRegistriesImpl (MetricRegistriesImpl.java:lambda$create$1(61)) - First MetricRegistry has been created without registering reporters. You may need to call MetricRegistries.global().addReportRegistration(...) before.
2019-11-18 04:03:34,833 [Command processor thread] INFO  commandhandler.CreatePipelineCommandHandler (CreatePipelineCommandHandler.java:handle(86)) - Create Pipeline RATIS THREE #id: "6a8be068-2d9b-4ac4-a6fa-75ecb29daca1"
 command succeed on datanode b123ecd9-da94-41d9-8a96-a25e891cf121.
2019-11-18 04:03:34,834 [EventQueue-PipelineReportForPipelineReportHandler] INFO  pipeline.PipelineReportHandler (PipelineReportHandler.java:processPipelineReport(113)) - Pipeline THREE PipelineID=6a8be068-2d9b-4ac4-a6fa-75ecb29daca1 reported by c1ab1948-bd06-494c-87a2-454d3d798b2a{ip: 192.168.69.70, host: pr-hdds-2386-sqzzd-3930412762, networkLocation: /default-rack, certSerialId: null}
2019-11-18 04:03:34,834 [EventQueue-PipelineReportForPipelineReportHandler] INFO  pipeline.PipelineReportHandler (PipelineReportHandler.java:processPipelineReport(113)) - Pipeline THREE PipelineID=6a8be068-2d9b-4ac4-a6fa-75ecb29daca1 reported by b123ecd9-da94-41d9-8a96-a25e891cf121{ip: 192.168.69.70, host: pr-hdds-2386-sqzzd-3930412762, networkLocation: /default-rack, certSerialId: null}
2019-11-18 04:03:36,396 [Thread-294] INFO  container.ReplicationManager (ReplicationManager.java:start(162)) - Starting Replication Monitor Thread.
2019-11-18 04:03:39,866 [Thread-318] INFO  impl.FollowerState (FollowerState.java:run(111)) - b123ecd9-da94-41d9-8a96-a25e891cf121@group-75ECB29DACA1-FollowerState: change to CANDIDATE, lastRpcTime:5035ms, electionTimeout:5034ms
2019-11-18 04:03:39,866 [Thread-318] INFO  impl.RoleInfo (RoleInfo.java:shutdownFollowerState(121)) - b123ecd9-da94-41d9-8a96-a25e891cf121: shutdown FollowerState
2019-11-18 04:03:39,866 [Thread-318] INFO  impl.RaftServerImpl (RaftServerImpl.java:setRole(173)) - b123ecd9-da94-41d9-8a96-a25e891cf121@group-75ECB29DACA1: changes role from  FOLLOWER to CANDIDATE at term 0 for changeToCandidate
2019-11-18 04:03:39,867 [Thread-318] INFO  impl.RoleInfo (RoleInfo.java:updateAndGet(143)) - b123ecd9-da94-41d9-8a96-a25e891cf121: start LeaderElection
2019-11-18 04:03:39,886 [b123ecd9-da94-41d9-8a96-a25e891cf121@group-75ECB29DACA1-LeaderElection15] INFO  impl.LeaderElection (LeaderElection.java:askForVotes(178)) - b123ecd9-da94-41d9-8a96-a25e891cf121@group-75ECB29DACA1-LeaderElection15: begin an election at term 1 for -1: [c1ab1948-bd06-494c-87a2-454d3d798b2a:192.168.69.70:35897, 7b4427c1-b0d7-4726-b5d2-64b1e42b78f8:192.168.69.70:45450, b123ecd9-da94-41d9-8a96-a25e891cf121:192.168.69.70:39520], old=null
2019-11-18 04:03:39,891 [Thread-317] INFO  impl.FollowerState (FollowerState.java:run(111)) - c1ab1948-bd06-494c-87a2-454d3d798b2a@group-75ECB29DACA1-FollowerState: change to CANDIDATE, lastRpcTime:5060ms, electionTimeout:5059ms
2019-11-18 04:03:39,891 [Thread-317] INFO  impl.RoleInfo (RoleInfo.java:shutdownFollowerState(121)) - c1ab1948-bd06-494c-87a2-454d3d798b2a: shutdown FollowerState
2019-11-18 04:03:39,891 [Thread-317] INFO  impl.RaftServerImpl (RaftServerImpl.java:setRole(173)) - c1ab1948-bd06-494c-87a2-454d3d798b2a@group-75ECB29DACA1: changes role from  FOLLOWER to CANDIDATE at term 0 for changeToCandidate
2019-11-18 04:03:39,891 [Thread-317] INFO  impl.RoleInfo (RoleInfo.java:updateAndGet(143)) - c1ab1948-bd06-494c-87a2-454d3d798b2a: start LeaderElection
2019-11-18 04:03:39,900 [Thread-314] INFO  impl.FollowerState (FollowerState.java:run(111)) - 7b4427c1-b0d7-4726-b5d2-64b1e42b78f8@group-75ECB29DACA1-FollowerState: change to CANDIDATE, lastRpcTime:5075ms, electionTimeout:5075ms
2019-11-18 04:03:39,903 [Thread-314] INFO  impl.RoleInfo (RoleInfo.java:shutdownFollowerState(121)) - 7b4427c1-b0d7-4726-b5d2-64b1e42b78f8: shutdown FollowerState
2019-11-18 04:03:39,903 [Thread-314] INFO  impl.RaftServerImpl (RaftServerImpl.java:setRole(173)) - 7b4427c1-b0d7-4726-b5d2-64b1e42b78f8@group-75ECB29DACA1: changes role from  FOLLOWER to CANDIDATE at term 0 for changeToCandidate
2019-11-18 04:03:39,904 [Thread-314] INFO  impl.RoleInfo (RoleInfo.java:updateAndGet(143)) - 7b4427c1-b0d7-4726-b5d2-64b1e42b78f8: start LeaderElection
2019-11-18 04:03:39,916 [c1ab1948-bd06-494c-87a2-454d3d798b2a@group-75ECB29DACA1-LeaderElection16] INFO  impl.LeaderElection (LeaderElection.java:askForVotes(178)) - c1ab1948-bd06-494c-87a2-454d3d798b2a@group-75ECB29DACA1-LeaderElection16: begin an election at term 1 for -1: [c1ab1948-bd06-494c-87a2-454d3d798b2a:192.168.69.70:35897, 7b4427c1-b0d7-4726-b5d2-64b1e42b78f8:192.168.69.70:45450, b123ecd9-da94-41d9-8a96-a25e891cf121:192.168.69.70:39520], old=null
2019-11-18 04:03:39,916 [7b4427c1-b0d7-4726-b5d2-64b1e42b78f8@group-75ECB29DACA1-LeaderElection17] INFO  impl.LeaderElection (LeaderElection.java:askForVotes(178)) - 7b4427c1-b0d7-4726-b5d2-64b1e42b78f8@group-75ECB29DACA1-LeaderElection17: begin an election at term 1 for -1: [c1ab1948-bd06-494c-87a2-454d3d798b2a:192.168.69.70:35897, 7b4427c1-b0d7-4726-b5d2-64b1e42b78f8:192.168.69.70:45450, b123ecd9-da94-41d9-8a96-a25e891cf121:192.168.69.70:39520], old=null
2019-11-18 04:03:39,926 [b123ecd9-da94-41d9-8a96-a25e891cf121@group-75ECB29DACA1-LeaderElection15] INFO  impl.LeaderElection (LeaderElection.java:logAndReturn(56)) - b123ecd9-da94-41d9-8a96-a25e891cf121@group-75ECB29DACA1-LeaderElection15: Election REJECTED; received 2 response(s) [b123ecd9-da94-41d9-8a96-a25e891cf121<-c1ab1948-bd06-494c-87a2-454d3d798b2a#0:FAIL-t1, b123ecd9-da94-41d9-8a96-a25e891cf121<-7b4427c1-b0d7-4726-b5d2-64b1e42b78f8#0:FAIL-t1] and 0 exception(s); b123ecd9-da94-41d9-8a96-a25e891cf121@group-75ECB29DACA1:t1, leader=null, voted=b123ecd9-da94-41d9-8a96-a25e891cf121, raftlog=b123ecd9-da94-41d9-8a96-a25e891cf121@group-75ECB29DACA1-SegmentedRaftLog:OPENED:c-1,f-1,i0, conf=-1: [c1ab1948-bd06-494c-87a2-454d3d798b2a:192.168.69.70:35897, 7b4427c1-b0d7-4726-b5d2-64b1e42b78f8:192.168.69.70:45450, b123ecd9-da94-41d9-8a96-a25e891cf121:192.168.69.70:39520], old=null
2019-11-18 04:03:39,928 [b123ecd9-da94-41d9-8a96-a25e891cf121@group-75ECB29DACA1-LeaderElection15] INFO  impl.RaftServerImpl (RaftServerImpl.java:setRole(173)) - b123ecd9-da94-41d9-8a96-a25e891cf121@group-75ECB29DACA1: changes role from CANDIDATE to FOLLOWER at term 1 for DISCOVERED_A_NEW_TERM
2019-11-18 04:03:39,929 [b123ecd9-da94-41d9-8a96-a25e891cf121@group-75ECB29DACA1-LeaderElection15] INFO  impl.RoleInfo (RoleInfo.java:shutdownLeaderElection(134)) - b123ecd9-da94-41d9-8a96-a25e891cf121: shutdown LeaderElection
2019-11-18 04:03:39,929 [b123ecd9-da94-41d9-8a96-a25e891cf121@group-75ECB29DACA1-LeaderElection15] INFO  impl.RoleInfo (RoleInfo.java:updateAndGet(143)) - b123ecd9-da94-41d9-8a96-a25e891cf121: start FollowerState
2019-11-18 04:03:39,959 [c1ab1948-bd06-494c-87a2-454d3d798b2a@group-75ECB29DACA1-LeaderElection16] INFO  impl.LeaderElection (LeaderElection.java:logAndReturn(56)) - c1ab1948-bd06-494c-87a2-454d3d798b2a@group-75ECB29DACA1-LeaderElection16: Election REJECTED; received 2 response(s) [c1ab1948-bd06-494c-87a2-454d3d798b2a<-7b4427c1-b0d7-4726-b5d2-64b1e42b78f8#0:FAIL-t1, c1ab1948-bd06-494c-87a2-454d3d798b2a<-b123ecd9-da94-41d9-8a96-a25e891cf121#0:FAIL-t1] and 0 exception(s); c1ab1948-bd06-494c-87a2-454d3d798b2a@group-75ECB29DACA1:t1, leader=null, voted=c1ab1948-bd06-494c-87a2-454d3d798b2a, raftlog=c1ab1948-bd06-494c-87a2-454d3d798b2a@group-75ECB29DACA1-SegmentedRaftLog:OPENED:c-1,f-1,i0, conf=-1: [c1ab1948-bd06-494c-87a2-454d3d798b2a:192.168.69.70:35897, 7b4427c1-b0d7-4726-b5d2-64b1e42b78f8:192.168.69.70:45450, b123ecd9-da94-41d9-8a96-a25e891cf121:192.168.69.70:39520], old=null
2019-11-18 04:03:39,962 [c1ab1948-bd06-494c-87a2-454d3d798b2a@group-75ECB29DACA1-LeaderElection16] INFO  impl.RaftServerImpl (RaftServerImpl.java:setRole(173)) - c1ab1948-bd06-494c-87a2-454d3d798b2a@group-75ECB29DACA1: changes role from CANDIDATE to FOLLOWER at term 1 for DISCOVERED_A_NEW_TERM
2019-11-18 04:03:39,962 [7b4427c1-b0d7-4726-b5d2-64b1e42b78f8@group-75ECB29DACA1-LeaderElection17] INFO  impl.LeaderElection (LeaderElection.java:logAndReturn(56)) - 7b4427c1-b0d7-4726-b5d2-64b1e42b78f8@group-75ECB29DACA1-LeaderElection17: Election REJECTED; received 2 response(s) [7b4427c1-b0d7-4726-b5d2-64b1e42b78f8<-c1ab1948-bd06-494c-87a2-454d3d798b2a#0:FAIL-t1, 7b4427c1-b0d7-4726-b5d2-64b1e42b78f8<-b123ecd9-da94-41d9-8a96-a25e891cf121#0:FAIL-t1] and 0 exception(s); 7b4427c1-b0d7-4726-b5d2-64b1e42b78f8@group-75ECB29DACA1:t1, leader=null, voted=7b4427c1-b0d7-4726-b5d2-64b1e42b78f8, raftlog=7b4427c1-b0d7-4726-b5d2-64b1e42b78f8@group-75ECB29DACA1-SegmentedRaftLog:OPENED:c-1,f-1,i0, conf=-1: [c1ab1948-bd06-494c-87a2-454d3d798b2a:192.168.69.70:35897, 7b4427c1-b0d7-4726-b5d2-64b1e42b78f8:192.168.69.70:45450, b123ecd9-da94-41d9-8a96-a25e891cf121:192.168.69.70:39520], old=null
2019-11-18 04:03:39,964 [c1ab1948-bd06-494c-87a2-454d3d798b2a@group-75ECB29DACA1-LeaderElection16] INFO  impl.RoleInfo (RoleInfo.java:shutdownLeaderElection(134)) - c1ab1948-bd06-494c-87a2-454d3d798b2a: shutdown LeaderElection
2019-11-18 04:03:39,964 [7b4427c1-b0d7-4726-b5d2-64b1e42b78f8@group-75ECB29DACA1-LeaderElection17] INFO  impl.RaftServerImpl (RaftServerImpl.java:setRole(173)) - 7b4427c1-b0d7-4726-b5d2-64b1e42b78f8@group-75ECB29DACA1: changes role from CANDIDATE to FOLLOWER at term 1 for DISCOVERED_A_NEW_TERM
2019-11-18 04:03:39,966 [c1ab1948-bd06-494c-87a2-454d3d798b2a@group-75ECB29DACA1-LeaderElection16] INFO  impl.RoleInfo (RoleInfo.java:updateAndGet(143)) - c1ab1948-bd06-494c-87a2-454d3d798b2a: start FollowerState
2019-11-18 04:03:39,966 [7b4427c1-b0d7-4726-b5d2-64b1e42b78f8@group-75ECB29DACA1-LeaderElection17] INFO  impl.RoleInfo (RoleInfo.java:shutdownLeaderElection(134)) - 7b4427c1-b0d7-4726-b5d2-64b1e42b78f8: shutdown LeaderElection
2019-11-18 04:03:39,968 [7b4427c1-b0d7-4726-b5d2-64b1e42b78f8@group-75ECB29DACA1-LeaderElection17] INFO  impl.RoleInfo (RoleInfo.java:updateAndGet(143)) - 7b4427c1-b0d7-4726-b5d2-64b1e42b78f8: start FollowerState
2019-11-18 04:03:44,947 [Thread-337] INFO  impl.FollowerState (FollowerState.java:run(111)) - b123ecd9-da94-41d9-8a96-a25e891cf121@group-75ECB29DACA1-FollowerState: change to CANDIDATE, lastRpcTime:5017ms, electionTimeout:5016ms
2019-11-18 04:03:44,947 [Thread-337] INFO  impl.RoleInfo (RoleInfo.java:shutdownFollowerState(121)) - b123ecd9-da94-41d9-8a96-a25e891cf121: shutdown FollowerState
2019-11-18 04:03:44,947 [Thread-337] INFO  impl.RaftServerImpl (RaftServerImpl.java:setRole(173)) - b123ecd9-da94-41d9-8a96-a25e891cf121@group-75ECB29DACA1: changes role from  FOLLOWER to CANDIDATE at term 1 for changeToCandidate
2019-11-18 04:03:44,950 [Thread-337] ERROR ratis.XceiverServerRatis (XceiverServerRatis.java:triggerPipelineClose(585)) - pipeline Action CLOSE  on pipeline PipelineID=6a8be068-2d9b-4ac4-a6fa-75ecb29daca1.Reason : b123ecd9-da94-41d9-8a96-a25e891cf121 is in candidate state for 10133ms
2019-11-18 04:03:44,950 [Thread-337] INFO  impl.RoleInfo (RoleInfo.java:updateAndGet(143)) - b123ecd9-da94-41d9-8a96-a25e891cf121: start LeaderElection
2019-11-18 04:03:44,965 [b123ecd9-da94-41d9-8a96-a25e891cf121@group-75ECB29DACA1-LeaderElection18] INFO  impl.LeaderElection (LeaderElection.java:askForVotes(178)) - b123ecd9-da94-41d9-8a96-a25e891cf121@group-75ECB29DACA1-LeaderElection18: begin an election at term 2 for -1: [c1ab1948-bd06-494c-87a2-454d3d798b2a:192.168.69.70:35897, 7b4427c1-b0d7-4726-b5d2-64b1e42b78f8:192.168.69.70:45450, b123ecd9-da94-41d9-8a96-a25e891cf121:192.168.69.70:39520], old=null
2019-11-18 04:03:44,971 [grpc-default-executor-7] INFO  impl.RaftServerImpl (RaftServerImpl.java:setRole(173)) - c1ab1948-bd06-494c-87a2-454d3d798b2a@group-75ECB29DACA1: changes role from  FOLLOWER to FOLLOWER at term 2 for recognizeCandidate:b123ecd9-da94-41d9-8a96-a25e891cf121
2019-11-18 04:03:44,971 [grpc-default-executor-1] INFO  impl.RaftServerImpl (RaftServerImpl.java:setRole(173)) - 7b4427c1-b0d7-4726-b5d2-64b1e42b78f8@group-75ECB29DACA1: changes role from  FOLLOWER to FOLLOWER at term 2 for recognizeCandidate:b123ecd9-da94-41d9-8a96-a25e891cf121
2019-11-18 04:03:44,971 [grpc-default-executor-7] INFO  impl.RoleInfo (RoleInfo.java:shutdownFollowerState(121)) - c1ab1948-bd06-494c-87a2-454d3d798b2a: shutdown FollowerState
2019-11-18 04:03:44,972 [grpc-default-executor-1] INFO  impl.RoleInfo (RoleInfo.java:shutdownFollowerState(121)) - 7b4427c1-b0d7-4726-b5d2-64b1e42b78f8: shutdown FollowerState
2019-11-18 04:03:44,972 [Thread-338] INFO  impl.FollowerState (FollowerState.java:run(120)) - c1ab1948-bd06-494c-87a2-454d3d798b2a@group-75ECB29DACA1-FollowerState was interrupted: java.lang.InterruptedException: sleep interrupted
2019-11-18 04:03:44,972 [Thread-339] INFO  impl.FollowerState (FollowerState.java:run(120)) - 7b4427c1-b0d7-4726-b5d2-64b1e42b78f8@group-75ECB29DACA1-FollowerState was interrupted: java.lang.InterruptedException: sleep interrupted
2019-11-18 04:03:44,972 [grpc-default-executor-7] INFO  impl.RoleInfo (RoleInfo.java:updateAndGet(143)) - c1ab1948-bd06-494c-87a2-454d3d798b2a: start FollowerState
2019-11-18 04:03:44,972 [grpc-default-executor-1] INFO  impl.RoleInfo (RoleInfo.java:updateAndGet(143)) - 7b4427c1-b0d7-4726-b5d2-64b1e42b78f8: start FollowerState
2019-11-18 04:03:44,991 [b123ecd9-da94-41d9-8a96-a25e891cf121@group-75ECB29DACA1-LeaderElection18] INFO  impl.LeaderElection (LeaderElection.java:logAndReturn(56)) - b123ecd9-da94-41d9-8a96-a25e891cf121@group-75ECB29DACA1-LeaderElection18: Election PASSED; received 1 response(s) [b123ecd9-da94-41d9-8a96-a25e891cf121<-7b4427c1-b0d7-4726-b5d2-64b1e42b78f8#0:OK-t2] and 0 exception(s); b123ecd9-da94-41d9-8a96-a25e891cf121@group-75ECB29DACA1:t2, leader=null, voted=b123ecd9-da94-41d9-8a96-a25e891cf121, raftlog=b123ecd9-da94-41d9-8a96-a25e891cf121@group-75ECB29DACA1-SegmentedRaftLog:OPENED:c-1,f-1,i0, conf=-1: [c1ab1948-bd06-494c-87a2-454d3d798b2a:192.168.69.70:35897, 7b4427c1-b0d7-4726-b5d2-64b1e42b78f8:192.168.69.70:45450, b123ecd9-da94-41d9-8a96-a25e891cf121:192.168.69.70:39520], old=null
2019-11-18 04:03:44,991 [b123ecd9-da94-41d9-8a96-a25e891cf121@group-75ECB29DACA1-LeaderElection18] INFO  impl.RoleInfo (RoleInfo.java:shutdownLeaderElection(134)) - b123ecd9-da94-41d9-8a96-a25e891cf121: shutdown LeaderElection
2019-11-18 04:03:44,993 [b123ecd9-da94-41d9-8a96-a25e891cf121@group-75ECB29DACA1-LeaderElection18] INFO  impl.RaftServerImpl (RaftServerImpl.java:setRole(173)) - b123ecd9-da94-41d9-8a96-a25e891cf121@group-75ECB29DACA1: changes role from CANDIDATE to LEADER at term 2 for changeToLeader
2019-11-18 04:03:44,993 [b123ecd9-da94-41d9-8a96-a25e891cf121@group-75ECB29DACA1-LeaderElection18] INFO  ratis.XceiverServerRatis (XceiverServerRatis.java:handleLeaderChangedNotification(733)) - Leader change notification received for group: group-75ECB29DACA1 with new leaderId: b123ecd9-da94-41d9-8a96-a25e891cf121
2019-11-18 04:03:44,993 [b123ecd9-da94-41d9-8a96-a25e891cf121@group-75ECB29DACA1-LeaderElection18] INFO  impl.RaftServerImpl (ServerState.java:setLeader(255)) - b123ecd9-da94-41d9-8a96-a25e891cf121@group-75ECB29DACA1: change Leader from null to b123ecd9-da94-41d9-8a96-a25e891cf121 at term 2 for becomeLeader, leader elected after 10178ms
2019-11-18 04:03:44,994 [b123ecd9-da94-41d9-8a96-a25e891cf121@group-75ECB29DACA1-LeaderElection18] INFO  server.RaftServerConfigKeys (ConfUtils.java:logGet(43)) - raft.server.staging.catchup.gap = 1000 (default)
2019-11-18 04:03:44,994 [b123ecd9-da94-41d9-8a96-a25e891cf121@group-75ECB29DACA1-LeaderElection18] INFO  server.RaftServerConfigKeys (ConfUtils.java:logGet(43)) - raft.server.rpc.sleep.time = 25ms (default)
2019-11-18 04:03:44,994 [b123ecd9-da94-41d9-8a96-a25e891cf121@group-75ECB29DACA1-LeaderElection18] INFO  server.RaftServerConfigKeys (ConfUtils.java:logGet(43)) - raft.server.write.element-limit = 4096 (default)
2019-11-18 04:03:44,994 [b123ecd9-da94-41d9-8a96-a25e891cf121@group-75ECB29DACA1-LeaderElection18] INFO  server.RaftServerConfigKeys (ConfUtils.java:logGet(43)) - raft.server.watch.timeout = 10s (default)
2019-11-18 04:03:44,994 [b123ecd9-da94-41d9-8a96-a25e891cf121@group-75ECB29DACA1-LeaderElection18] INFO  server.RaftServerConfigKeys (ConfUtils.java:logGet(43)) - raft.server.watch.timeout.denomination = 1s (default)
2019-11-18 04:03:44,994 [b123ecd9-da94-41d9-8a96-a25e891cf121@group-75ECB29DACA1-LeaderElection18] INFO  server.RaftServerConfigKeys (ConfUtils.java:logGet(43)) - raft.server.watch.element-limit = 65536 (default)
2019-11-18 04:03:44,995 [b123ecd9-da94-41d9-8a96-a25e891cf121@group-75ECB29DACA1-LeaderElection18] INFO  server.RaftServerConfigKeys (ConfUtils.java:logGet(43)) - raft.server.log.appender.snapshot.chunk.size.max = 16MB (=16777216) (default)
2019-11-18 04:03:44,995 [EventQueue-PipelineActionsForPipelineActionHandler] ERROR pipeline.PipelineActionHandler (PipelineActionHandler.java:onMessage(60)) - Received pipeline action CLOSE for Pipeline[ Id: 6a8be068-2d9b-4ac4-a6fa-75ecb29daca1, Nodes: b123ecd9-da94-41d9-8a96-a25e891cf121{ip: 192.168.69.70, host: pr-hdds-2386-sqzzd-3930412762, networkLocation: /default-rack, certSerialId: null}7b4427c1-b0d7-4726-b5d2-64b1e42b78f8{ip: 192.168.69.70, host: pr-hdds-2386-sqzzd-3930412762, networkLocation: /default-rack, certSerialId: null}c1ab1948-bd06-494c-87a2-454d3d798b2a{ip: 192.168.69.70, host: pr-hdds-2386-sqzzd-3930412762, networkLocation: /default-rack, certSerialId: null}, Type:RATIS, Factor:THREE, State:ALLOCATED] from datanode b123ecd9-da94-41d9-8a96-a25e891cf121{ip: 192.168.69.70, host: pr-hdds-2386-sqzzd-3930412762, networkLocation: /default-rack, certSerialId: null}. Reason : b123ecd9-da94-41d9-8a96-a25e891cf121 is in candidate state for 10133ms
2019-11-18 04:03:44,995 [b123ecd9-da94-41d9-8a96-a25e891cf121@group-75ECB29DACA1-LeaderElection18] INFO  server.RaftServerConfigKeys (ConfUtils.java:logGet(43)) - raft.server.log.appender.buffer.byte-limit = 33554432 (custom)
2019-11-18 04:03:44,995 [EventQueue-PipelineReportForPipelineReportHandler] INFO  pipeline.PipelineReportHandler (PipelineReportHandler.java:processPipelineReport(113)) - Pipeline THREE PipelineID=6a8be068-2d9b-4ac4-a6fa-75ecb29daca1 reported by b123ecd9-da94-41d9-8a96-a25e891cf121{ip: 192.168.69.70, host: pr-hdds-2386-sqzzd-3930412762, networkLocation: /default-rack, certSerialId: null}
2019-11-18 04:03:44,997 [b123ecd9-da94-41d9-8a96-a25e891cf121@group-75ECB29DACA1-LeaderElection18] INFO  server.RaftServerConfigKeys (ConfUtils.java:logGet(43)) - raft.server.log.appender.buffer.element-limit = 1 (custom)
2019-11-18 04:03:44,996 [EventQueue-PipelineActionsForPipelineActionHandler] INFO  pipeline.SCMPipelineManager (SCMPipelineManager.java:finalizeAndDestroyPipeline(333)) - destroying pipeline:Pipeline[ Id: 6a8be068-2d9b-4ac4-a6fa-75ecb29daca1, Nodes: b123ecd9-da94-41d9-8a96-a25e891cf121{ip: 192.168.69.70, host: pr-hdds-2386-sqzzd-3930412762, networkLocation: /default-rack, certSerialId: null}7b4427c1-b0d7-4726-b5d2-64b1e42b78f8{ip: 192.168.69.70, host: pr-hdds-2386-sqzzd-3930412762, networkLocation: /default-rack, certSerialId: null}c1ab1948-bd06-494c-87a2-454d3d798b2a{ip: 192.168.69.70, host: pr-hdds-2386-sqzzd-3930412762, networkLocation: /default-rack, certSerialId: null}, Type:RATIS, Factor:THREE, State:ALLOCATED]
2019-11-18 04:03:44,998 [EventQueue-PipelineReportForPipelineReportHandler] INFO  pipeline.PipelineStateManager (PipelineStateManager.java:openPipeline(132)) - Pipeline Pipeline[ Id: 6a8be068-2d9b-4ac4-a6fa-75ecb29daca1, Nodes: b123ecd9-da94-41d9-8a96-a25e891cf121{ip: 192.168.69.70, host: pr-hdds-2386-sqzzd-3930412762, networkLocation: /default-rack, certSerialId: null}7b4427c1-b0d7-4726-b5d2-64b1e42b78f8{ip: 192.168.69.70, host: pr-hdds-2386-sqzzd-3930412762, networkLocation: /default-rack, certSerialId: null}c1ab1948-bd06-494c-87a2-454d3d798b2a{ip: 192.168.69.70, host: pr-hdds-2386-sqzzd-3930412762, networkLocation: /default-rack, certSerialId: null}, Type:RATIS, Factor:THREE, State:ALLOCATED] moved to OPEN state
2019-11-18 04:03:44,999 [b123ecd9-da94-41d9-8a96-a25e891cf121@group-75ECB29DACA1-LeaderElection18] INFO  grpc.GrpcConfigKeys$Server (ConfUtils.java:logGet(43)) - raft.grpc.server.leader.outstanding.appends.max = 128 (default)
2019-11-18 04:03:45,000 [b123ecd9-da94-41d9-8a96-a25e891cf121@group-75ECB29DACA1-LeaderElection18] INFO  server.RaftServerConfigKeys (ConfUtils.java:logGet(43)) - raft.server.rpc.request.timeout = 3000ms (default)
2019-11-18 04:03:45,000 [EventQueue-PipelineActionsForPipelineActionHandler] INFO  pipeline.PipelineStateManager (PipelineStateManager.java:finalizePipeline(121)) - Pipeline Pipeline[ Id: 6a8be068-2d9b-4ac4-a6fa-75ecb29daca1, Nodes: b123ecd9-da94-41d9-8a96-a25e891cf121{ip: 192.168.69.70, host: pr-hdds-2386-sqzzd-3930412762, networkLocation: /default-rack, certSerialId: null}7b4427c1-b0d7-4726-b5d2-64b1e42b78f8{ip: 192.168.69.70, host: pr-hdds-2386-sqzzd-3930412762, networkLocation: /default-rack, certSerialId: null}c1ab1948-bd06-494c-87a2-454d3d798b2a{ip: 192.168.69.70, host: pr-hdds-2386-sqzzd-3930412762, networkLocation: /default-rack, certSerialId: null}, Type:RATIS, Factor:THREE, State:CLOSED] moved to CLOSED state
2019-11-18 04:03:45,002 [b123ecd9-da94-41d9-8a96-a25e891cf121@group-75ECB29DACA1-LeaderElection18] INFO  server.RaftServerConfigKeys (ConfUtils.java:logGet(43)) - raft.server.log.appender.install.snapshot.enabled = false (custom)
2019-11-18 04:03:45,002 [b123ecd9-da94-41d9-8a96-a25e891cf121@group-75ECB29DACA1-LeaderElection18] WARN  impl.MetricRegistriesImpl (MetricRegistriesImpl.java:lambda$create$1(61)) - First MetricRegistry has been created without registering reporters. You may need to call MetricRegistries.global().addReportRegistration(...) before.
2019-11-18 04:03:45,002 [b123ecd9-da94-41d9-8a96-a25e891cf121@group-75ECB29DACA1-LeaderElection18] INFO  server.RaftServerConfigKeys (ConfUtils.java:logGet(43)) - raft.server.log.appender.snapshot.chunk.size.max = 16MB (=16777216) (default)
2019-11-18 04:03:45,003 [b123ecd9-da94-41d9-8a96-a25e891cf121@group-75ECB29DACA1-LeaderElection18] INFO  server.RaftServerConfigKeys (ConfUtils.java:logGet(43)) - raft.server.log.appender.buffer.byte-limit = 33554432 (custom)
2019-11-18 04:03:45,003 [b123ecd9-da94-41d9-8a96-a25e891cf121@group-75ECB29DACA1-LeaderElection18] INFO  server.RaftServerConfigKeys (ConfUtils.java:logGet(43)) - raft.server.log.appender.buffer.element-limit = 1 (custom)
2019-11-18 04:03:45,003 [b123ecd9-da94-41d9-8a96-a25e891cf121@group-75ECB29DACA1-LeaderElection18] INFO  grpc.GrpcConfigKeys$Server (ConfUtils.java:logGet(43)) - raft.grpc.server.leader.outstanding.appends.max = 128 (default)
2019-11-18 04:03:45,003 [b123ecd9-da94-41d9-8a96-a25e891cf121@group-75ECB29DACA1-LeaderElection18] INFO  server.RaftServerConfigKeys (ConfUtils.java:logGet(43)) - raft.server.rpc.request.timeout = 3000ms (default)
2019-11-18 04:03:45,003 [b123ecd9-da94-41d9-8a96-a25e891cf121@group-75ECB29DACA1-LeaderElection18] INFO  server.RaftServerConfigKeys (ConfUtils.java:logGet(43)) - raft.server.log.appender.install.snapshot.enabled = false (custom)
2019-11-18 04:03:45,004 [b123ecd9-da94-41d9-8a96-a25e891cf121@group-75ECB29DACA1-LeaderElection18] INFO  impl.RoleInfo (RoleInfo.java:updateAndGet(143)) - b123ecd9-da94-41d9-8a96-a25e891cf121: start LeaderState
2019-11-18 04:03:45,004 [b123ecd9-da94-41d9-8a96-a25e891cf121@group-75ECB29DACA1-LeaderElection18] INFO  segmented.SegmentedRaftLogWorker (SegmentedRaftLogWorker.java:startLogSegment(385)) - b123ecd9-da94-41d9-8a96-a25e891cf121@group-75ECB29DACA1-SegmentedRaftLogWorker: Starting segment from index:0
2019-11-18 04:03:45,005 [b123ecd9-da94-41d9-8a96-a25e891cf121@group-75ECB29DACA1-LeaderElection18] INFO  impl.RaftServerImpl (ServerState.java:setRaftConf(356)) - b123ecd9-da94-41d9-8a96-a25e891cf121@group-75ECB29DACA1: set configuration 0: [c1ab1948-bd06-494c-87a2-454d3d798b2a:192.168.69.70:35897, 7b4427c1-b0d7-4726-b5d2-64b1e42b78f8:192.168.69.70:45450, b123ecd9-da94-41d9-8a96-a25e891cf121:192.168.69.70:39520], old=null at 0
2019-11-18 04:03:45,043 [grpc-default-executor-7] INFO  ratis.XceiverServerRatis (XceiverServerRatis.java:handleLeaderChangedNotification(733)) - Leader change notification received for group: group-75ECB29DACA1 with new leaderId: b123ecd9-da94-41d9-8a96-a25e891cf121
2019-11-18 04:03:45,045 [grpc-default-executor-7] INFO  impl.RaftServerImpl (ServerState.java:setLeader(255)) - 7b4427c1-b0d7-4726-b5d2-64b1e42b78f8@group-75ECB29DACA1: change Leader from null to b123ecd9-da94-41d9-8a96-a25e891cf121 at term 2 for appendEntries, leader elected after 10228ms
2019-11-18 04:03:45,043 [grpc-default-executor-1] INFO  ratis.XceiverServerRatis (XceiverServerRatis.java:handleLeaderChangedNotification(733)) - Leader change notification received for group: group-75ECB29DACA1 with new leaderId: b123ecd9-da94-41d9-8a96-a25e891cf121
2019-11-18 04:03:45,045 [grpc-default-executor-1] INFO  impl.RaftServerImpl (ServerState.java:setLeader(255)) - c1ab1948-bd06-494c-87a2-454d3d798b2a@group-75ECB29DACA1: change Leader from null to b123ecd9-da94-41d9-8a96-a25e891cf121 at term 2 for appendEntries, leader elected after 10228ms
2019-11-18 04:03:45,050 [grpc-default-executor-7] INFO  impl.RaftServerImpl (ServerState.java:setRaftConf(356)) - 7b4427c1-b0d7-4726-b5d2-64b1e42b78f8@group-75ECB29DACA1: set configuration 0: [c1ab1948-bd06-494c-87a2-454d3d798b2a:192.168.69.70:35897, 7b4427c1-b0d7-4726-b5d2-64b1e42b78f8:192.168.69.70:45450, b123ecd9-da94-41d9-8a96-a25e891cf121:192.168.69.70:39520], old=null at 0
2019-11-18 04:03:45,050 [grpc-default-executor-1] INFO  impl.RaftServerImpl (ServerState.java:setRaftConf(356)) - c1ab1948-bd06-494c-87a2-454d3d798b2a@group-75ECB29DACA1: set configuration 0: [c1ab1948-bd06-494c-87a2-454d3d798b2a:192.168.69.70:35897, 7b4427c1-b0d7-4726-b5d2-64b1e42b78f8:192.168.69.70:45450, b123ecd9-da94-41d9-8a96-a25e891cf121:192.168.69.70:39520], old=null at 0
2019-11-18 04:03:45,050 [grpc-default-executor-7] INFO  segmented.SegmentedRaftLogWorker (SegmentedRaftLogWorker.java:startLogSegment(385)) - 7b4427c1-b0d7-4726-b5d2-64b1e42b78f8@group-75ECB29DACA1-SegmentedRaftLogWorker: Starting segment from index:0
2019-11-18 04:03:45,050 [grpc-default-executor-1] INFO  segmented.SegmentedRaftLogWorker (SegmentedRaftLogWorker.java:startLogSegment(385)) - c1ab1948-bd06-494c-87a2-454d3d798b2a@group-75ECB29DACA1-SegmentedRaftLogWorker: Starting segment from index:0
2019-11-18 04:03:45,052 [b123ecd9-da94-41d9-8a96-a25e891cf121@group-75ECB29DACA1-SegmentedRaftLogWorker] INFO  segmented.SegmentedRaftLogWorker (SegmentedRaftLogWorker.java:execute(576)) - b123ecd9-da94-41d9-8a96-a25e891cf121@group-75ECB29DACA1-SegmentedRaftLogWorker: created new log segment /workdir/hadoop-ozone/integration-test/target/test-dir/MiniOzoneClusterImpl-1c214b3a-49ad-4877-b4c4-a160cd444fc4/datanode-3/data/ratis/6a8be068-2d9b-4ac4-a6fa-75ecb29daca1/current/log_inprogress_0
2019-11-18 04:03:45,093 [7b4427c1-b0d7-4726-b5d2-64b1e42b78f8@group-75ECB29DACA1-SegmentedRaftLogWorker] INFO  segmented.SegmentedRaftLogWorker (SegmentedRaftLogWorker.java:execute(576)) - 7b4427c1-b0d7-4726-b5d2-64b1e42b78f8@group-75ECB29DACA1-SegmentedRaftLogWorker: created new log segment /workdir/hadoop-ozone/integration-test/target/test-dir/MiniOzoneClusterImpl-1c214b3a-49ad-4877-b4c4-a160cd444fc4/datanode-2/data/ratis/6a8be068-2d9b-4ac4-a6fa-75ecb29daca1/current/log_inprogress_0
2019-11-18 04:03:45,093 [c1ab1948-bd06-494c-87a2-454d3d798b2a@group-75ECB29DACA1-SegmentedRaftLogWorker] INFO  segmented.SegmentedRaftLogWorker (SegmentedRaftLogWorker.java:execute(576)) - c1ab1948-bd06-494c-87a2-454d3d798b2a@group-75ECB29DACA1-SegmentedRaftLogWorker: created new log segment /workdir/hadoop-ozone/integration-test/target/test-dir/MiniOzoneClusterImpl-1c214b3a-49ad-4877-b4c4-a160cd444fc4/datanode-0/data/ratis/6a8be068-2d9b-4ac4-a6fa-75ecb29daca1/current/log_inprogress_0
2019-11-18 04:04:33,537 [main] INFO  ozone.MiniOzoneClusterImpl (MiniOzoneClusterImpl.java:shutdown(334)) - Shutting down the Mini Ozone Cluster
2019-11-18 04:04:33,539 [main] INFO  ozone.MiniOzoneClusterImpl (MiniOzoneClusterImpl.java:stop(350)) - Stopping the Mini Ozone Cluster
2019-11-18 04:04:33,539 [main] INFO  ozone.MiniOzoneClusterImpl (MiniOzoneClusterImpl.java:stopOM(420)) - Stopping the OzoneManager
2019-11-18 04:04:33,539 [ReplicationMonitor] INFO  container.ReplicationManager (ReplicationManager.java:run(225)) - Replication Monitor Thread took 57141 milliseconds for processing 0 containers.
2019-11-18 04:04:33,539 [main] INFO  ipc.Server (Server.java:stop(3082)) - Stopping server on 45866
2019-11-18 04:04:33,541 [IPC Server listener on 45866] INFO  ipc.Server (Server.java:run(1185)) - Stopping IPC Server listener on 45866
2019-11-18 04:04:33,541 [main] INFO  ratis.OzoneManagerDoubleBuffer (OzoneManagerDoubleBuffer.java:stop(261)) - Stopping OMDoubleBuffer flush thread
2019-11-18 04:04:33,541 [IPC Server Responder] INFO  ipc.Server (Server.java:run(1319)) - Stopping IPC Server Responder
2019-11-18 04:04:33,542 [OMDoubleBufferFlushThread] INFO  ratis.OzoneManagerDoubleBuffer (OzoneManagerDoubleBuffer.java:flushTransactions(199)) - OMDoubleBuffer flush thread OMDoubleBufferFlushThread is interrupted and will exit. OMDoubleBufferFlushThread
2019-11-18 04:04:33,543 [main] INFO  utils.BackgroundService (BackgroundService.java:shutdown(151)) - Shutting down service KeyDeletingService
2019-11-18 04:04:33,551 [main] INFO  handler.ContextHandler (ContextHandler.java:doStop(910)) - Stopped o.e.j.w.WebAppContext@4e8e8621{/,null,UNAVAILABLE}{/ozoneManager}
2019-11-18 04:04:33,559 [main] INFO  server.AbstractConnector (AbstractConnector.java:doStop(318)) - Stopped ServerConnector@c446b14{HTTP/1.1,[http/1.1]}{0.0.0.0:0}
2019-11-18 04:04:33,560 [main] INFO  handler.ContextHandler (ContextHandler.java:doStop(910)) - Stopped o.e.j.s.ServletContextHandler@53093491{/static,file:///workdir/hadoop-ozone/integration-test/target/test-classes/webapps/static,UNAVAILABLE}
2019-11-18 04:04:33,560 [main] INFO  handler.ContextHandler (ContextHandler.java:doStop(910)) - Stopped o.e.j.s.ServletContextHandler@6ff37443{/logs,file:///workdir/hadoop-ozone/integration-test/target/log,UNAVAILABLE}
2019-11-18 04:04:33,566 [main] INFO  ozone.MiniOzoneClusterImpl (MiniOzoneClusterImpl.java:stopDatanodes(397)) - Stopping the HddsDatanodes
2019-11-18 04:04:34,128 [Datanode State Machine Thread - 0] INFO  statemachine.DatanodeStateMachine (DatanodeStateMachine.java:lambda$startDaemon$0(361)) - Ozone container server started.
2019-11-18 04:04:34,130 [Datanode State Machine Thread - 0] INFO  statemachine.DatanodeStateMachine (DatanodeStateMachine.java:lambda$startDaemon$0(361)) - Ozone container server started.
2019-11-18 04:04:38,573 [ForkJoinPool.commonPool-worker-1] INFO  ozoneimpl.OzoneContainer (OzoneContainer.java:stop(244)) - Attempting to stop container services.
2019-11-18 04:04:38,573 [main] INFO  ozoneimpl.OzoneContainer (OzoneContainer.java:stop(244)) - Attempting to stop container services.
2019-11-18 04:04:38,576 [main] INFO  impl.RaftServerProxy (RaftServerProxy.java:lambda$close$4(314)) - b123ecd9-da94-41d9-8a96-a25e891cf121: close
2019-11-18 04:04:38,576 [ForkJoinPool.commonPool-worker-1] INFO  impl.RaftServerProxy (RaftServerProxy.java:lambda$close$4(314)) - 3e1e5366-7a40-4813-bf9e-d655d75c6ea3: close
2019-11-18 04:04:38,579 [main] INFO  impl.RaftServerImpl (RaftServerImpl.java:lambda$shutdown$3(250)) - b123ecd9-da94-41d9-8a96-a25e891cf121@group-3EC874524C2E: shutdown
2019-11-18 04:04:38,579 [ForkJoinPool.commonPool-worker-1] INFO  impl.RaftServerImpl (RaftServerImpl.java:lambda$shutdown$3(250)) - 3e1e5366-7a40-4813-bf9e-d655d75c6ea3@group-3EA9F489A597: shutdown
2019-11-18 04:04:38,580 [main] INFO  util.JmxRegister (JmxRegister.java:unregister(73)) - Successfully un-registered JMX Bean with object name Ratis:service=RaftServer,group=group-3EC874524C2E,id=b123ecd9-da94-41d9-8a96-a25e891cf121
2019-11-18 04:04:38,580 [ForkJoinPool.commonPool-worker-1] INFO  util.JmxRegister (JmxRegister.java:unregister(73)) - Successfully un-registered JMX Bean with object name Ratis:service=RaftServer,group=group-3EA9F489A597,id=3e1e5366-7a40-4813-bf9e-d655d75c6ea3
2019-11-18 04:04:38,580 [main] INFO  impl.RoleInfo (RoleInfo.java:shutdownFollowerState(121)) - b123ecd9-da94-41d9-8a96-a25e891cf121: shutdown FollowerState
2019-11-18 04:04:38,580 [ForkJoinPool.commonPool-worker-1] INFO  impl.RoleInfo (RoleInfo.java:shutdownLeaderState(104)) - 3e1e5366-7a40-4813-bf9e-d655d75c6ea3: shutdown LeaderState
2019-11-18 04:04:38,580 [main] INFO  impl.StateMachineUpdater (StateMachineUpdater.java:stopAndJoin(136)) - b123ecd9-da94-41d9-8a96-a25e891cf121@group-3EC874524C2E-StateMachineUpdater: set stopIndex = 0
2019-11-18 04:04:38,581 [Thread-289] INFO  impl.FollowerState (FollowerState.java:run(120)) - b123ecd9-da94-41d9-8a96-a25e891cf121@group-3EC874524C2E-FollowerState was interrupted: java.lang.InterruptedException: sleep interrupted
2019-11-18 04:04:38,582 [ForkJoinPool.commonPool-worker-1] INFO  impl.PendingRequests (PendingRequests.java:sendNotLeaderResponses(206)) - 3e1e5366-7a40-4813-bf9e-d655d75c6ea3@group-3EA9F489A597-PendingRequests: sendNotLeaderResponses
2019-11-18 04:04:38,582 [main] INFO  impl.RaftServerImpl (ServerState.java:close(387)) - b123ecd9-da94-41d9-8a96-a25e891cf121@group-3EC874524C2E: closes. applyIndex: 0
2019-11-18 04:04:38,584 [ForkJoinPool.commonPool-worker-1] INFO  impl.StateMachineUpdater (StateMachineUpdater.java:stopAndJoin(136)) - 3e1e5366-7a40-4813-bf9e-d655d75c6ea3@group-3EA9F489A597-StateMachineUpdater: set stopIndex = 0
2019-11-18 04:04:38,586 [b123ecd9-da94-41d9-8a96-a25e891cf121@group-3EC874524C2E-SegmentedRaftLogWorker] INFO  segmented.SegmentedRaftLogWorker (SegmentedRaftLogWorker.java:run(316)) - b123ecd9-da94-41d9-8a96-a25e891cf121@group-3EC874524C2E-SegmentedRaftLogWorker was interrupted, exiting. There are 0 tasks remaining in the queue.
2019-11-18 04:04:38,586 [ForkJoinPool.commonPool-worker-1] INFO  impl.RaftServerImpl (ServerState.java:close(387)) - 3e1e5366-7a40-4813-bf9e-d655d75c6ea3@group-3EA9F489A597: closes. applyIndex: 0
2019-11-18 04:04:38,588 [3e1e5366-7a40-4813-bf9e-d655d75c6ea3@group-3EA9F489A597-SegmentedRaftLogWorker] INFO  segmented.SegmentedRaftLogWorker (SegmentedRaftLogWorker.java:run(316)) - 3e1e5366-7a40-4813-bf9e-d655d75c6ea3@group-3EA9F489A597-SegmentedRaftLogWorker was interrupted, exiting. There are 0 tasks remaining in the queue.
2019-11-18 04:04:38,606 [main] INFO  segmented.SegmentedRaftLogWorker (SegmentedRaftLogWorker.java:close(224)) - b123ecd9-da94-41d9-8a96-a25e891cf121@group-3EC874524C2E-SegmentedRaftLogWorker close()
2019-11-18 04:04:38,607 [ForkJoinPool.commonPool-worker-1] INFO  segmented.SegmentedRaftLogWorker (SegmentedRaftLogWorker.java:close(224)) - 3e1e5366-7a40-4813-bf9e-d655d75c6ea3@group-3EA9F489A597-SegmentedRaftLogWorker close()
2019-11-18 04:04:38,609 [main] INFO  impl.RaftServerImpl (RaftServerImpl.java:lambda$shutdown$3(250)) - b123ecd9-da94-41d9-8a96-a25e891cf121@group-75ECB29DACA1: shutdown
2019-11-18 04:04:38,612 [ForkJoinPool.commonPool-worker-1] INFO  impl.RaftServerImpl (RaftServerImpl.java:lambda$shutdown$3(250)) - 3e1e5366-7a40-4813-bf9e-d655d75c6ea3@group-C20DCC66496C: shutdown
2019-11-18 04:04:38,612 [main] INFO  util.JmxRegister (JmxRegister.java:unregister(73)) - Successfully un-registered JMX Bean with object name Ratis:service=RaftServer,group=group-75ECB29DACA1,id=b123ecd9-da94-41d9-8a96-a25e891cf121
2019-11-18 04:04:38,612 [ForkJoinPool.commonPool-worker-1] INFO  util.JmxRegister (JmxRegister.java:unregister(73)) - Successfully un-registered JMX Bean with object name Ratis:service=RaftServer,group=group-C20DCC66496C,id=3e1e5366-7a40-4813-bf9e-d655d75c6ea3
2019-11-18 04:04:38,612 [main] INFO  impl.RoleInfo (RoleInfo.java:shutdownLeaderState(104)) - b123ecd9-da94-41d9-8a96-a25e891cf121: shutdown LeaderState
2019-11-18 04:04:38,613 [ForkJoinPool.commonPool-worker-1] INFO  impl.RoleInfo (RoleInfo.java:shutdownFollowerState(121)) - 3e1e5366-7a40-4813-bf9e-d655d75c6ea3: shutdown FollowerState
2019-11-18 04:04:38,615 [main] INFO  impl.PendingRequests (PendingRequests.java:sendNotLeaderResponses(206)) - b123ecd9-da94-41d9-8a96-a25e891cf121@group-75ECB29DACA1-PendingRequests: sendNotLeaderResponses
2019-11-18 04:04:38,616 [Thread-300] INFO  impl.FollowerState (FollowerState.java:run(120)) - 3e1e5366-7a40-4813-bf9e-d655d75c6ea3@group-C20DCC66496C-FollowerState was interrupted: java.lang.InterruptedException: sleep interrupted
2019-11-18 04:04:38,616 [org.apache.ratis.server.impl.LogAppender$AppenderDaemon$$Lambda$899/924981316@4e8dfd23] WARN  server.GrpcLogAppender (GrpcLogAppender.java:mayWait(151)) - b123ecd9-da94-41d9-8a96-a25e891cf121@group-75ECB29DACA1->7b4427c1-b0d7-4726-b5d2-64b1e42b78f8-GrpcLogAppender: Wait interrupted by java.lang.InterruptedException
2019-11-18 04:04:38,616 [ForkJoinPool.commonPool-worker-1] INFO  impl.StateMachineUpdater (StateMachineUpdater.java:stopAndJoin(136)) - 3e1e5366-7a40-4813-bf9e-d655d75c6ea3@group-C20DCC66496C-StateMachineUpdater: set stopIndex = 0
2019-11-18 04:04:38,616 [org.apache.ratis.server.impl.LogAppender$AppenderDaemon$$Lambda$899/924981316@b8f7236] WARN  server.GrpcLogAppender (GrpcLogAppender.java:mayWait(151)) - b123ecd9-da94-41d9-8a96-a25e891cf121@group-75ECB29DACA1->c1ab1948-bd06-494c-87a2-454d3d798b2a-GrpcLogAppender: Wait interrupted by java.lang.InterruptedException
2019-11-18 04:04:38,620 [ForkJoinPool.commonPool-worker-1] INFO  impl.RaftServerImpl (ServerState.java:close(387)) - 3e1e5366-7a40-4813-bf9e-d655d75c6ea3@group-C20DCC66496C: closes. applyIndex: 0
2019-11-18 04:04:38,618 [main] INFO  impl.StateMachineUpdater (StateMachineUpdater.java:stopAndJoin(136)) - b123ecd9-da94-41d9-8a96-a25e891cf121@group-75ECB29DACA1-StateMachineUpdater: set stopIndex = 0
2019-11-18 04:04:38,622 [main] INFO  impl.RaftServerImpl (ServerState.java:close(387)) - b123ecd9-da94-41d9-8a96-a25e891cf121@group-75ECB29DACA1: closes. applyIndex: 0
2019-11-18 04:04:38,623 [3e1e5366-7a40-4813-bf9e-d655d75c6ea3@group-C20DCC66496C-SegmentedRaftLogWorker] INFO  segmented.SegmentedRaftLogWorker (SegmentedRaftLogWorker.java:run(316)) - 3e1e5366-7a40-4813-bf9e-d655d75c6ea3@group-C20DCC66496C-SegmentedRaftLogWorker was interrupted, exiting. There are 0 tasks remaining in the queue.
2019-11-18 04:04:38,623 [b123ecd9-da94-41d9-8a96-a25e891cf121@group-75ECB29DACA1-SegmentedRaftLogWorker] INFO  segmented.SegmentedRaftLogWorker (SegmentedRaftLogWorker.java:run(316)) - b123ecd9-da94-41d9-8a96-a25e891cf121@group-75ECB29DACA1-SegmentedRaftLogWorker was interrupted, exiting. There are 0 tasks remaining in the queue.
2019-11-18 04:04:38,625 [ForkJoinPool.commonPool-worker-1] INFO  segmented.SegmentedRaftLogWorker (SegmentedRaftLogWorker.java:close(224)) - 3e1e5366-7a40-4813-bf9e-d655d75c6ea3@group-C20DCC66496C-SegmentedRaftLogWorker close()
2019-11-18 04:04:38,626 [main] INFO  segmented.SegmentedRaftLogWorker (SegmentedRaftLogWorker.java:close(224)) - b123ecd9-da94-41d9-8a96-a25e891cf121@group-75ECB29DACA1-SegmentedRaftLogWorker close()
2019-11-18 04:04:38,631 [main] INFO  impl.RaftServerImpl (RaftServerImpl.java:lambda$shutdown$3(250)) - b123ecd9-da94-41d9-8a96-a25e891cf121@group-C1B985B648D2: shutdown
2019-11-18 04:04:38,631 [main] INFO  util.JmxRegister (JmxRegister.java:unregister(73)) - Successfully un-registered JMX Bean with object name Ratis:service=RaftServer,group=group-C1B985B648D2,id=b123ecd9-da94-41d9-8a96-a25e891cf121
2019-11-18 04:04:38,631 [ForkJoinPool.commonPool-worker-1] INFO  server.GrpcService (GrpcService.java:closeImpl(164)) - 3e1e5366-7a40-4813-bf9e-d655d75c6ea3: shutdown server with port 40711 now
2019-11-18 04:04:38,632 [main] INFO  impl.RoleInfo (RoleInfo.java:shutdownLeaderState(104)) - b123ecd9-da94-41d9-8a96-a25e891cf121: shutdown LeaderState
2019-11-18 04:04:38,632 [main] INFO  impl.PendingRequests (PendingRequests.java:sendNotLeaderResponses(206)) - b123ecd9-da94-41d9-8a96-a25e891cf121@group-C1B985B648D2-PendingRequests: sendNotLeaderResponses
2019-11-18 04:04:38,632 [main] INFO  impl.StateMachineUpdater (StateMachineUpdater.java:stopAndJoin(136)) - b123ecd9-da94-41d9-8a96-a25e891cf121@group-C1B985B648D2-StateMachineUpdater: set stopIndex = 0
2019-11-18 04:04:38,632 [grpc-default-executor-11] INFO  server.GrpcServerProtocolService (GrpcServerProtocolService.java:onCompleted(113)) - c1ab1948-bd06-494c-87a2-454d3d798b2a: Completed APPEND_ENTRIES, lastRequest: b123ecd9-da94-41d9-8a96-a25e891cf121->c1ab1948-bd06-494c-87a2-454d3d798b2a#22-t2, previous=(t:2, i:0), leaderCommit=0, initializing? false, entries: <empty>
2019-11-18 04:04:38,632 [grpc-default-executor-7] INFO  server.GrpcServerProtocolService (GrpcServerProtocolService.java:onCompleted(113)) - 7b4427c1-b0d7-4726-b5d2-64b1e42b78f8: Completed APPEND_ENTRIES, lastRequest: b123ecd9-da94-41d9-8a96-a25e891cf121->7b4427c1-b0d7-4726-b5d2-64b1e42b78f8#22-t2, previous=(t:2, i:0), leaderCommit=0, initializing? false, entries: <empty>
2019-11-18 04:04:38,634 [main] INFO  impl.RaftServerImpl (ServerState.java:close(387)) - b123ecd9-da94-41d9-8a96-a25e891cf121@group-C1B985B648D2: closes. applyIndex: 0
2019-11-18 04:04:38,634 [b123ecd9-da94-41d9-8a96-a25e891cf121@group-C1B985B648D2-SegmentedRaftLogWorker] INFO  segmented.SegmentedRaftLogWorker (SegmentedRaftLogWorker.java:run(316)) - b123ecd9-da94-41d9-8a96-a25e891cf121@group-C1B985B648D2-SegmentedRaftLogWorker was interrupted, exiting. There are 0 tasks remaining in the queue.
2019-11-18 04:04:38,636 [main] INFO  segmented.SegmentedRaftLogWorker (SegmentedRaftLogWorker.java:close(224)) - b123ecd9-da94-41d9-8a96-a25e891cf121@group-C1B985B648D2-SegmentedRaftLogWorker close()
2019-11-18 04:04:38,638 [main] INFO  server.GrpcService (GrpcService.java:closeImpl(164)) - b123ecd9-da94-41d9-8a96-a25e891cf121: shutdown server with port 39520 now
2019-11-18 04:04:38,640 [grpc-default-executor-11] INFO  server.GrpcLogAppender (GrpcLogAppender.java:onCompleted(308)) - b123ecd9-da94-41d9-8a96-a25e891cf121@group-75ECB29DACA1->c1ab1948-bd06-494c-87a2-454d3d798b2a-AppendLogResponseHandler: follower responses appendEntries COMPLETED
2019-11-18 04:04:38,640 [grpc-default-executor-7] INFO  server.GrpcLogAppender (GrpcLogAppender.java:onCompleted(308)) - b123ecd9-da94-41d9-8a96-a25e891cf121@group-75ECB29DACA1->7b4427c1-b0d7-4726-b5d2-64b1e42b78f8-AppendLogResponseHandler: follower responses appendEntries COMPLETED
2019-11-18 04:04:38,645 [grpc-default-executor-7] INFO  impl.FollowerInfo (FollowerInfo.java:lambda$new$0(51)) - b123ecd9-da94-41d9-8a96-a25e891cf121@group-75ECB29DACA1->7b4427c1-b0d7-4726-b5d2-64b1e42b78f8: nextIndex: updateUnconditionally 1 -> 0
2019-11-18 04:04:38,653 [grpc-default-executor-10] WARN  server.GrpcServerProtocolService (LogUtils.java:warn(134)) - 3e1e5366-7a40-4813-bf9e-d655d75c6ea3: installSnapshot onError, lastRequest: 7b4427c1-b0d7-4726-b5d2-64b1e42b78f8->3e1e5366-7a40-4813-bf9e-d655d75c6ea3#26-t2, previous=(t:2, i:0), leaderCommit=0, initializing? false, entries: <empty>: org.apache.ratis.thirdparty.io.grpc.StatusRuntimeException: CANCELLED: cancelled before receiving half close
2019-11-18 04:04:38,653 [grpc-default-executor-13] WARN  server.GrpcServerProtocolService (LogUtils.java:warn(134)) - b123ecd9-da94-41d9-8a96-a25e891cf121: installSnapshot onError, lastRequest: d5e7d411-50f4-47f9-b29f-7896844347c8->b123ecd9-da94-41d9-8a96-a25e891cf121#26-t2, previous=(t:2, i:0), leaderCommit=0, initializing? false, entries: <empty>: org.apache.ratis.thirdparty.io.grpc.StatusRuntimeException: CANCELLED: cancelled before receiving half close
2019-11-18 04:04:38,654 [main] INFO  server.GrpcService (GrpcService.java:closeImpl(172)) - b123ecd9-da94-41d9-8a96-a25e891cf121: shutdown server with port 39520 successfully
2019-11-18 04:04:38,656 [grpc-default-executor-12] WARN  server.GrpcLogAppender (LogUtils.java:warn(134)) - 7b4427c1-b0d7-4726-b5d2-64b1e42b78f8@group-C20DCC66496C->3e1e5366-7a40-4813-bf9e-d655d75c6ea3-AppendLogResponseHandler: Failed appendEntries: org.apache.ratis.thirdparty.io.grpc.StatusRuntimeException: CANCELLED: HTTP/2 error code: CANCEL
Received Rst Stream
2019-11-18 04:04:38,659 [grpc-default-executor-12] INFO  impl.FollowerInfo (FollowerInfo.java:lambda$new$0(51)) - 7b4427c1-b0d7-4726-b5d2-64b1e42b78f8@group-C20DCC66496C->3e1e5366-7a40-4813-bf9e-d655d75c6ea3: nextIndex: updateUnconditionally 1 -> 0
2019-11-18 04:04:38,661 [grpc-default-executor-11] INFO  impl.FollowerInfo (FollowerInfo.java:lambda$new$0(51)) - b123ecd9-da94-41d9-8a96-a25e891cf121@group-75ECB29DACA1->c1ab1948-bd06-494c-87a2-454d3d798b2a: nextIndex: updateUnconditionally 1 -> 0
2019-11-18 04:04:38,661 [grpc-default-executor-11] WARN  server.GrpcLogAppender (LogUtils.java:warn(134)) - d5e7d411-50f4-47f9-b29f-7896844347c8@group-3EC874524C2E->b123ecd9-da94-41d9-8a96-a25e891cf121-AppendLogResponseHandler: Failed appendEntries: org.apache.ratis.thirdparty.io.grpc.StatusRuntimeException: CANCELLED: HTTP/2 error code: CANCEL
Received Rst Stream
2019-11-18 04:04:38,661 [ForkJoinPool.commonPool-worker-1] INFO  server.GrpcService (GrpcService.java:closeImpl(172)) - 3e1e5366-7a40-4813-bf9e-d655d75c6ea3: shutdown server with port 40711 successfully
2019-11-18 04:04:38,663 [grpc-default-executor-11] INFO  impl.FollowerInfo (FollowerInfo.java:lambda$new$0(51)) - d5e7d411-50f4-47f9-b29f-7896844347c8@group-3EC874524C2E->b123ecd9-da94-41d9-8a96-a25e891cf121: nextIndex: updateUnconditionally 1 -> 0
2019-11-18 04:04:38,667 [refreshUsed-/workdir/hadoop-ozone/integration-test/target/test-dir/MiniOzoneClusterImpl-1c214b3a-49ad-4877-b4c4-a160cd444fc4/datanode-1/data/containers] WARN  fs.CachingGetSpaceUsed (CachingGetSpaceUsed.java:run(183)) - Thread Interrupted waiting to refresh disk information: sleep interrupted
2019-11-18 04:04:38,675 [refreshUsed-/workdir/hadoop-ozone/integration-test/target/test-dir/MiniOzoneClusterImpl-1c214b3a-49ad-4877-b4c4-a160cd444fc4/datanode-3/data/containers] WARN  fs.CachingGetSpaceUsed (CachingGetSpaceUsed.java:run(183)) - Thread Interrupted waiting to refresh disk information: sleep interrupted
2019-11-18 04:04:38,701 [ForkJoinPool.commonPool-worker-1] INFO  utils.BackgroundService (BackgroundService.java:shutdown(151)) - Shutting down service BlockDeletingService
2019-11-18 04:04:38,705 [ForkJoinPool.commonPool-worker-1] INFO  statemachine.DatanodeStateMachine (DatanodeStateMachine.java:stopDaemon(406)) - Ozone container server stopped.
2019-11-18 04:04:38,707 [main] INFO  utils.BackgroundService (BackgroundService.java:shutdown(151)) - Shutting down service BlockDeletingService
2019-11-18 04:04:38,710 [main] INFO  statemachine.DatanodeStateMachine (DatanodeStateMachine.java:stopDaemon(406)) - Ozone container server stopped.
2019-11-18 04:04:38,710 [ForkJoinPool.commonPool-worker-1] INFO  handler.ContextHandler (ContextHandler.java:doStop(910)) - Stopped o.e.j.w.WebAppContext@4beaf6bd{/,null,UNAVAILABLE}{/hddsDatanode}
2019-11-18 04:04:38,711 [main] INFO  handler.ContextHandler (ContextHandler.java:doStop(910)) - Stopped o.e.j.w.WebAppContext@59dc36d4{/,null,UNAVAILABLE}{/hddsDatanode}
2019-11-18 04:04:38,712 [ForkJoinPool.commonPool-worker-1] INFO  server.AbstractConnector (AbstractConnector.java:doStop(318)) - Stopped ServerConnector@6b2e46af{HTTP/1.1,[http/1.1]}{0.0.0.0:0}
2019-11-18 04:04:38,713 [ForkJoinPool.commonPool-worker-1] INFO  handler.ContextHandler (ContextHandler.java:doStop(910)) - Stopped o.e.j.s.ServletContextHandler@30364216{/static,jar:file:/home/user/.m2/repository/org/apache/hadoop/hadoop-hdds-container-service/0.5.0-SNAPSHOT/hadoop-hdds-container-service-0.5.0-SNAPSHOT.jar!/webapps/static,UNAVAILABLE}
2019-11-18 04:04:38,713 [main] INFO  server.AbstractConnector (AbstractConnector.java:doStop(318)) - Stopped ServerConnector@12fcc71f{HTTP/1.1,[http/1.1]}{0.0.0.0:0}
2019-11-18 04:04:38,713 [ForkJoinPool.commonPool-worker-1] INFO  handler.ContextHandler (ContextHandler.java:doStop(910)) - Stopped o.e.j.s.ServletContextHandler@2a3194c6{/logs,file:///workdir/hadoop-ozone/integration-test/target/log,UNAVAILABLE}
2019-11-18 04:04:38,714 [main] INFO  handler.ContextHandler (ContextHandler.java:doStop(910)) - Stopped o.e.j.s.ServletContextHandler@5bc28f40{/static,jar:file:/home/user/.m2/repository/org/apache/hadoop/hadoop-hdds-container-service/0.5.0-SNAPSHOT/hadoop-hdds-container-service-0.5.0-SNAPSHOT.jar!/webapps/static,UNAVAILABLE}
2019-11-18 04:04:38,715 [main] INFO  handler.ContextHandler (ContextHandler.java:doStop(910)) - Stopped o.e.j.s.ServletContextHandler@117525fe{/logs,file:///workdir/hadoop-ozone/integration-test/target/log,UNAVAILABLE}
2019-11-18 04:04:38,842 [grpc-default-executor-11] WARN  server.GrpcLogAppender (LogUtils.java:warn(134)) - 7b4427c1-b0d7-4726-b5d2-64b1e42b78f8@group-C20DCC66496C->3e1e5366-7a40-4813-bf9e-d655d75c6ea3-AppendLogResponseHandler: Failed appendEntries: org.apache.ratis.thirdparty.io.grpc.StatusRuntimeException: UNAVAILABLE: io exception
2019-11-18 04:04:38,842 [grpc-default-executor-1] WARN  server.GrpcLogAppender (LogUtils.java:warn(134)) - d5e7d411-50f4-47f9-b29f-7896844347c8@group-3EC874524C2E->b123ecd9-da94-41d9-8a96-a25e891cf121-AppendLogResponseHandler: Failed appendEntries: org.apache.ratis.thirdparty.io.grpc.StatusRuntimeException: UNAVAILABLE: io exception
2019-11-18 04:04:38,845 [grpc-default-executor-11] INFO  impl.FollowerInfo (FollowerInfo.java:lambda$new$0(51)) - 7b4427c1-b0d7-4726-b5d2-64b1e42b78f8@group-C20DCC66496C->3e1e5366-7a40-4813-bf9e-d655d75c6ea3: nextIndex: updateUnconditionally 0 -> 0
2019-11-18 04:04:38,845 [grpc-default-executor-1] INFO  impl.FollowerInfo (FollowerInfo.java:lambda$new$0(51)) - d5e7d411-50f4-47f9-b29f-7896844347c8@group-3EC874524C2E->b123ecd9-da94-41d9-8a96-a25e891cf121: nextIndex: updateUnconditionally 0 -> 0
2019-11-18 04:04:39,131 [Datanode State Machine Thread - 0] INFO  statemachine.DatanodeStateMachine (DatanodeStateMachine.java:lambda$startDaemon$0(361)) - Ozone container server started.
2019-11-18 04:04:39,376 [Datanode State Machine Thread - 0] INFO  statemachine.DatanodeStateMachine (DatanodeStateMachine.java:lambda$startDaemon$0(361)) - Ozone container server started.
2019-11-18 04:04:39,393 [RatisPipelineUtilsThread] INFO  pipeline.RatisPipelineProvider (RatisPipelineProvider.java:lambda$close$5(207)) - Send pipeline:PipelineID=2d2fe9e4-643b-4b89-841f-3ec874524c2e close command to datanode b123ecd9-da94-41d9-8a96-a25e891cf121
2019-11-18 04:04:39,393 [RatisPipelineUtilsThread] INFO  pipeline.RatisPipelineProvider (RatisPipelineProvider.java:lambda$close$5(207)) - Send pipeline:PipelineID=2d2fe9e4-643b-4b89-841f-3ec874524c2e close command to datanode d5e7d411-50f4-47f9-b29f-7896844347c8
2019-11-18 04:04:39,393 [RatisPipelineUtilsThread] INFO  pipeline.RatisPipelineProvider (RatisPipelineProvider.java:lambda$close$5(207)) - Send pipeline:PipelineID=2d2fe9e4-643b-4b89-841f-3ec874524c2e close command to datanode 8a75d567-d87d-444b-bd42-22fe60317c43
2019-11-18 04:04:39,394 [RatisPipelineUtilsThread] INFO  pipeline.PipelineStateManager (PipelineStateManager.java:removePipeline(106)) - Pipeline Pipeline[ Id: 2d2fe9e4-643b-4b89-841f-3ec874524c2e, Nodes: b123ecd9-da94-41d9-8a96-a25e891cf121{ip: 192.168.69.70, host: pr-hdds-2386-sqzzd-3930412762, networkLocation: /default-rack, certSerialId: null}d5e7d411-50f4-47f9-b29f-7896844347c8{ip: 192.168.69.70, host: pr-hdds-2386-sqzzd-3930412762, networkLocation: /default-rack, certSerialId: null}8a75d567-d87d-444b-bd42-22fe60317c43{ip: 192.168.69.70, host: pr-hdds-2386-sqzzd-3930412762, networkLocation: /default-rack, certSerialId: null}, Type:RATIS, Factor:THREE, State:CLOSED] removed from db
2019-11-18 04:04:39,396 [RatisPipelineUtilsThread] INFO  pipeline.RatisPipelineProvider (RatisPipelineProvider.java:lambda$create$4(163)) - Send pipeline:PipelineID=b1ba7914-070c-4dea-97f2-97958710c56b create command to datanode b123ecd9-da94-41d9-8a96-a25e891cf121
2019-11-18 04:04:39,396 [RatisPipelineUtilsThread] INFO  pipeline.RatisPipelineProvider (RatisPipelineProvider.java:lambda$create$4(163)) - Send pipeline:PipelineID=b1ba7914-070c-4dea-97f2-97958710c56b create command to datanode 7b4427c1-b0d7-4726-b5d2-64b1e42b78f8
2019-11-18 04:04:39,396 [RatisPipelineUtilsThread] INFO  pipeline.RatisPipelineProvider (RatisPipelineProvider.java:lambda$create$4(163)) - Send pipeline:PipelineID=b1ba7914-070c-4dea-97f2-97958710c56b create command to datanode c1ab1948-bd06-494c-87a2-454d3d798b2a
2019-11-18 04:04:39,397 [RatisPipelineUtilsThread] INFO  pipeline.PipelineStateManager (PipelineStateManager.java:addPipeline(55)) - Created pipeline Pipeline[ Id: b1ba7914-070c-4dea-97f2-97958710c56b, Nodes: b123ecd9-da94-41d9-8a96-a25e891cf121{ip: 192.168.69.70, host: pr-hdds-2386-sqzzd-3930412762, networkLocation: /default-rack, certSerialId: null}7b4427c1-b0d7-4726-b5d2-64b1e42b78f8{ip: 192.168.69.70, host: pr-hdds-2386-sqzzd-3930412762, networkLocation: /default-rack, certSerialId: null}c1ab1948-bd06-494c-87a2-454d3d798b2a{ip: 192.168.69.70, host: pr-hdds-2386-sqzzd-3930412762, networkLocation: /default-rack, certSerialId: null}, Type:RATIS, Factor:THREE, State:ALLOCATED]
2019-11-18 04:04:39,397 [RatisPipelineUtilsThread] INFO  pipeline.RatisPipelineProvider (RatisPipelineProvider.java:lambda$create$4(163)) - Send pipeline:PipelineID=a38e5e55-ecc0-4246-95ee-a620ce3a2e5b create command to datanode d5e7d411-50f4-47f9-b29f-7896844347c8
2019-11-18 04:04:39,397 [RatisPipelineUtilsThread] INFO  pipeline.RatisPipelineProvider (RatisPipelineProvider.java:lambda$create$4(163)) - Send pipeline:PipelineID=a38e5e55-ecc0-4246-95ee-a620ce3a2e5b create command to datanode 8a75d567-d87d-444b-bd42-22fe60317c43
2019-11-18 04:04:39,397 [RatisPipelineUtilsThread] INFO  pipeline.RatisPipelineProvider (RatisPipelineProvider.java:lambda$create$4(163)) - Send pipeline:PipelineID=a38e5e55-ecc0-4246-95ee-a620ce3a2e5b create command to datanode 3e1e5366-7a40-4813-bf9e-d655d75c6ea3
2019-11-18 04:04:39,398 [RatisPipelineUtilsThread] INFO  pipeline.PipelineStateManager (PipelineStateManager.java:addPipeline(55)) - Created pipeline Pipeline[ Id: a38e5e55-ecc0-4246-95ee-a620ce3a2e5b, Nodes: d5e7d411-50f4-47f9-b29f-7896844347c8{ip: 192.168.69.70, host: pr-hdds-2386-sqzzd-3930412762, networkLocation: /default-rack, certSerialId: null}8a75d567-d87d-444b-bd42-22fe60317c43{ip: 192.168.69.70, host: pr-hdds-2386-sqzzd-3930412762, networkLocation: /default-rack, certSerialId: null}3e1e5366-7a40-4813-bf9e-d655d75c6ea3{ip: 192.168.69.70, host: pr-hdds-2386-sqzzd-3930412762, networkLocation: /default-rack, certSerialId: null}, Type:RATIS, Factor:THREE, State:ALLOCATED]
2019-11-18 04:04:39,470 [RatisPipelineUtilsThread] INFO  pipeline.RatisPipelineProvider (RatisPipelineProvider.java:lambda$close$5(207)) - Send pipeline:PipelineID=36dc783b-6e58-4416-920c-c20dcc66496c close command to datanode 7b4427c1-b0d7-4726-b5d2-64b1e42b78f8
2019-11-18 04:04:39,470 [RatisPipelineUtilsThread] INFO  pipeline.RatisPipelineProvider (RatisPipelineProvider.java:lambda$close$5(207)) - Send pipeline:PipelineID=36dc783b-6e58-4416-920c-c20dcc66496c close command to datanode c1ab1948-bd06-494c-87a2-454d3d798b2a
2019-11-18 04:04:39,470 [RatisPipelineUtilsThread] INFO  pipeline.RatisPipelineProvider (RatisPipelineProvider.java:lambda$close$5(207)) - Send pipeline:PipelineID=36dc783b-6e58-4416-920c-c20dcc66496c close command to datanode 3e1e5366-7a40-4813-bf9e-d655d75c6ea3
2019-11-18 04:04:39,470 [RatisPipelineUtilsThread] INFO  pipeline.PipelineStateManager (PipelineStateManager.java:removePipeline(106)) - Pipeline Pipeline[ Id: 36dc783b-6e58-4416-920c-c20dcc66496c, Nodes: 7b4427c1-b0d7-4726-b5d2-64b1e42b78f8{ip: 192.168.69.70, host: pr-hdds-2386-sqzzd-3930412762, networkLocation: /default-rack, certSerialId: null}c1ab1948-bd06-494c-87a2-454d3d798b2a{ip: 192.168.69.70, host: pr-hdds-2386-sqzzd-3930412762, networkLocation: /default-rack, certSerialId: null}3e1e5366-7a40-4813-bf9e-d655d75c6ea3{ip: 192.168.69.70, host: pr-hdds-2386-sqzzd-3930412762, networkLocation: /default-rack, certSerialId: null}, Type:RATIS, Factor:THREE, State:CLOSED] removed from db
2019-11-18 04:04:41,342 [grpc-default-executor-11] WARN  server.GrpcLogAppender (LogUtils.java:warn(134)) - d5e7d411-50f4-47f9-b29f-7896844347c8@group-3EC874524C2E->b123ecd9-da94-41d9-8a96-a25e891cf121-AppendLogResponseHandler: Failed appendEntries: org.apache.ratis.thirdparty.io.grpc.StatusRuntimeException: UNAVAILABLE: io exception
2019-11-18 04:04:41,343 [grpc-default-executor-12] WARN  server.GrpcLogAppender (LogUtils.java:warn(134)) - 7b4427c1-b0d7-4726-b5d2-64b1e42b78f8@group-C20DCC66496C->3e1e5366-7a40-4813-bf9e-d655d75c6ea3-AppendLogResponseHandler: Failed appendEntries: org.apache.ratis.thirdparty.io.grpc.StatusRuntimeException: UNAVAILABLE: io exception
2019-11-18 04:04:41,344 [grpc-default-executor-11] INFO  impl.FollowerInfo (FollowerInfo.java:lambda$new$0(51)) - d5e7d411-50f4-47f9-b29f-7896844347c8@group-3EC874524C2E->b123ecd9-da94-41d9-8a96-a25e891cf121: nextIndex: updateUnconditionally 0 -> 0
2019-11-18 04:04:41,345 [grpc-default-executor-12] INFO  impl.FollowerInfo (FollowerInfo.java:lambda$new$0(51)) - 7b4427c1-b0d7-4726-b5d2-64b1e42b78f8@group-C20DCC66496C->3e1e5366-7a40-4813-bf9e-d655d75c6ea3: nextIndex: updateUnconditionally 0 -> 0
2019-11-18 04:04:42,132 [Command processor thread] INFO  impl.RaftServerProxy (RaftServerProxy.java:addNew(89)) - c1ab1948-bd06-494c-87a2-454d3d798b2a: addNew group-97958710C56B:[c1ab1948-bd06-494c-87a2-454d3d798b2a:192.168.69.70:35897, 7b4427c1-b0d7-4726-b5d2-64b1e42b78f8:192.168.69.70:45450, b123ecd9-da94-41d9-8a96-a25e891cf121:192.168.69.70:39520] returns group-97958710C56B:java.util.concurrent.CompletableFuture@5cc3e5ce[Not completed]
2019-11-18 04:04:42,132 [Command processor thread] INFO  impl.RaftServerProxy (RaftServerProxy.java:remove(95)) - 8a75d567-d87d-444b-bd42-22fe60317c43: remove  FOLLOWER 8a75d567-d87d-444b-bd42-22fe60317c43@group-3EC874524C2E:t2, leader=d5e7d411-50f4-47f9-b29f-7896844347c8, voted=d5e7d411-50f4-47f9-b29f-7896844347c8, raftlog=8a75d567-d87d-444b-bd42-22fe60317c43@group-3EC874524C2E-SegmentedRaftLog:OPENED:c0,f0,i0, conf=0: [8a75d567-d87d-444b-bd42-22fe60317c43:192.168.69.70:37667, b123ecd9-da94-41d9-8a96-a25e891cf121:192.168.69.70:39520, d5e7d411-50f4-47f9-b29f-7896844347c8:192.168.69.70:34768], old=null RUNNING
2019-11-18 04:04:42,134 [Command processor thread] INFO  impl.RaftServerImpl (RaftServerImpl.java:lambda$shutdown$3(250)) - 8a75d567-d87d-444b-bd42-22fe60317c43@group-3EC874524C2E: shutdown
2019-11-18 04:04:42,135 [Command processor thread] INFO  util.JmxRegister (JmxRegister.java:unregister(73)) - Successfully un-registered JMX Bean with object name Ratis:service=RaftServer,group=group-3EC874524C2E,id=8a75d567-d87d-444b-bd42-22fe60317c43
2019-11-18 04:04:42,135 [Command processor thread] INFO  impl.RoleInfo (RoleInfo.java:shutdownFollowerState(121)) - 8a75d567-d87d-444b-bd42-22fe60317c43: shutdown FollowerState
2019-11-18 04:04:42,135 [Command processor thread] INFO  impl.StateMachineUpdater (StateMachineUpdater.java:stopAndJoin(136)) - 8a75d567-d87d-444b-bd42-22fe60317c43@group-3EC874524C2E-StateMachineUpdater: set stopIndex = 0
2019-11-18 04:04:42,135 [Thread-288] INFO  impl.FollowerState (FollowerState.java:run(120)) - 8a75d567-d87d-444b-bd42-22fe60317c43@group-3EC874524C2E-FollowerState was interrupted: java.lang.InterruptedException: sleep interrupted
2019-11-18 04:04:42,139 [Command processor thread] INFO  impl.RaftServerImpl (ServerState.java:close(387)) - 8a75d567-d87d-444b-bd42-22fe60317c43@group-3EC874524C2E: closes. applyIndex: 0
2019-11-18 04:04:42,139 [pool-27-thread-1] INFO  impl.RaftServerImpl (RaftServerImpl.java:<init>(98)) - c1ab1948-bd06-494c-87a2-454d3d798b2a: new RaftServerImpl for group-97958710C56B:[c1ab1948-bd06-494c-87a2-454d3d798b2a:192.168.69.70:35897, 7b4427c1-b0d7-4726-b5d2-64b1e42b78f8:192.168.69.70:45450, b123ecd9-da94-41d9-8a96-a25e891cf121:192.168.69.70:39520] with ContainerStateMachine:uninitialized
2019-11-18 04:04:42,139 [8a75d567-d87d-444b-bd42-22fe60317c43@group-3EC874524C2E-SegmentedRaftLogWorker] INFO  segmented.SegmentedRaftLogWorker (SegmentedRaftLogWorker.java:run(316)) - 8a75d567-d87d-444b-bd42-22fe60317c43@group-3EC874524C2E-SegmentedRaftLogWorker was interrupted, exiting. There are 0 tasks remaining in the queue.
2019-11-18 04:04:42,140 [pool-27-thread-1] INFO  server.RaftServerConfigKeys (ConfUtils.java:logGet(43)) - raft.server.rpc.timeout.min = 5s (custom)
2019-11-18 04:04:42,141 [pool-27-thread-1] INFO  server.RaftServerConfigKeys (ConfUtils.java:logGet(43)) - raft.server.rpc.timeout.max = 5200ms (custom)
2019-11-18 04:04:42,141 [Command processor thread] INFO  segmented.SegmentedRaftLogWorker (SegmentedRaftLogWorker.java:close(224)) - 8a75d567-d87d-444b-bd42-22fe60317c43@group-3EC874524C2E-SegmentedRaftLogWorker close()
2019-11-18 04:04:42,141 [pool-27-thread-1] INFO  server.RaftServerConfigKeys (ConfUtils.java:logGet(43)) - raft.server.rpcslowness.timeout = 10s (custom)
2019-11-18 04:04:42,143 [pool-27-thread-1] INFO  server.RaftServerConfigKeys (ConfUtils.java:logGet(43)) - raft.server.sleep.deviation.threshold = 300 (default)
2019-11-18 04:04:42,143 [pool-27-thread-1] INFO  server.RaftServerConfigKeys (ConfUtils.java:logGet(43)) - raft.server.log.appender.install.snapshot.enabled = false (custom)
2019-11-18 04:04:42,143 [pool-27-thread-1] INFO  impl.RaftServerImpl (ServerState.java:<init>(103)) - c1ab1948-bd06-494c-87a2-454d3d798b2a@group-97958710C56B: ConfigurationManager, init=-1: [c1ab1948-bd06-494c-87a2-454d3d798b2a:192.168.69.70:35897, 7b4427c1-b0d7-4726-b5d2-64b1e42b78f8:192.168.69.70:45450, b123ecd9-da94-41d9-8a96-a25e891cf121:192.168.69.70:39520], old=null, confs=<EMPTY_MAP>
2019-11-18 04:04:42,143 [pool-27-thread-1] INFO  server.RaftServerConfigKeys (ConfUtils.java:logGet(43)) - raft.server.storage.dir = [/workdir/hadoop-ozone/integration-test/target/test-dir/MiniOzoneClusterImpl-1c214b3a-49ad-4877-b4c4-a160cd444fc4/datanode-0/data/ratis] (custom)
2019-11-18 04:04:42,144 [pool-27-thread-1] INFO  server.RaftServerConfigKeys (ConfUtils.java:logGet(43)) - raft.server.log.corruption.policy = EXCEPTION (default)
2019-11-18 04:04:42,144 [pool-27-thread-1] INFO  storage.RaftStorageDirectory (RaftStorageDirectory.java:analyzeStorage(246)) - The storage directory /workdir/hadoop-ozone/integration-test/target/test-dir/MiniOzoneClusterImpl-1c214b3a-49ad-4877-b4c4-a160cd444fc4/datanode-0/data/ratis/b1ba7914-070c-4dea-97f2-97958710c56b does not exist. Creating ...
2019-11-18 04:04:42,149 [Command processor thread] INFO  commandhandler.ClosePipelineCommandHandler (ClosePipelineCommandHandler.java:handle(78)) - Close Pipeline #id: "2d2fe9e4-643b-4b89-841f-3ec874524c2e"
 command on datanode #8a75d567-d87d-444b-bd42-22fe60317c43.
2019-11-18 04:04:42,149 [Command processor thread] INFO  impl.RaftServerProxy (RaftServerProxy.java:addNew(89)) - 8a75d567-d87d-444b-bd42-22fe60317c43: addNew group-A620CE3A2E5B:[3e1e5366-7a40-4813-bf9e-d655d75c6ea3:192.168.69.70:40711, 8a75d567-d87d-444b-bd42-22fe60317c43:192.168.69.70:37667, d5e7d411-50f4-47f9-b29f-7896844347c8:192.168.69.70:34768] returns group-A620CE3A2E5B:java.util.concurrent.CompletableFuture@48e6e85a[Not completed]
2019-11-18 04:04:42,152 [pool-67-thread-1] INFO  impl.RaftServerImpl (RaftServerImpl.java:<init>(98)) - 8a75d567-d87d-444b-bd42-22fe60317c43: new RaftServerImpl for group-A620CE3A2E5B:[3e1e5366-7a40-4813-bf9e-d655d75c6ea3:192.168.69.70:40711, 8a75d567-d87d-444b-bd42-22fe60317c43:192.168.69.70:37667, d5e7d411-50f4-47f9-b29f-7896844347c8:192.168.69.70:34768] with ContainerStateMachine:uninitialized
2019-11-18 04:04:42,152 [pool-67-thread-1] INFO  server.RaftServerConfigKeys (ConfUtils.java:logGet(43)) - raft.server.rpc.timeout.min = 5s (custom)
2019-11-18 04:04:42,152 [pool-67-thread-1] INFO  server.RaftServerConfigKeys (ConfUtils.java:logGet(43)) - raft.server.rpc.timeout.max = 5200ms (custom)
2019-11-18 04:04:42,152 [pool-67-thread-1] INFO  server.RaftServerConfigKeys (ConfUtils.java:logGet(43)) - raft.server.rpcslowness.timeout = 10s (custom)
2019-11-18 04:04:42,152 [pool-67-thread-1] INFO  server.RaftServerConfigKeys (ConfUtils.java:logGet(43)) - raft.server.sleep.deviation.threshold = 300 (default)
2019-11-18 04:04:42,152 [pool-67-thread-1] INFO  server.RaftServerConfigKeys (ConfUtils.java:logGet(43)) - raft.server.log.appender.install.snapshot.enabled = false (custom)
2019-11-18 04:04:42,152 [pool-67-thread-1] INFO  impl.RaftServerImpl (ServerState.java:<init>(103)) - 8a75d567-d87d-444b-bd42-22fe60317c43@group-A620CE3A2E5B: ConfigurationManager, init=-1: [3e1e5366-7a40-4813-bf9e-d655d75c6ea3:192.168.69.70:40711, 8a75d567-d87d-444b-bd42-22fe60317c43:192.168.69.70:37667, d5e7d411-50f4-47f9-b29f-7896844347c8:192.168.69.70:34768], old=null, confs=<EMPTY_MAP>
2019-11-18 04:04:42,153 [pool-67-thread-1] INFO  server.RaftServerConfigKeys (ConfUtils.java:logGet(43)) - raft.server.storage.dir = [/workdir/hadoop-ozone/integration-test/target/test-dir/MiniOzoneClusterImpl-1c214b3a-49ad-4877-b4c4-a160cd444fc4/datanode-4/data/ratis] (custom)
2019-11-18 04:04:42,153 [pool-67-thread-1] INFO  server.RaftServerConfigKeys (ConfUtils.java:logGet(43)) - raft.server.log.corruption.policy = EXCEPTION (default)
2019-11-18 04:04:42,153 [pool-67-thread-1] INFO  storage.RaftStorageDirectory (RaftStorageDirectory.java:analyzeStorage(246)) - The storage directory /workdir/hadoop-ozone/integration-test/target/test-dir/MiniOzoneClusterImpl-1c214b3a-49ad-4877-b4c4-a160cd444fc4/datanode-4/data/ratis/a38e5e55-ecc0-4246-95ee-a620ce3a2e5b does not exist. Creating ...
2019-11-18 04:04:42,189 [pool-67-thread-1] INFO  storage.RaftStorageDirectory (RaftStorageDirectory.java:tryLock(328)) - Lock on /workdir/hadoop-ozone/integration-test/target/test-dir/MiniOzoneClusterImpl-1c214b3a-49ad-4877-b4c4-a160cd444fc4/datanode-4/data/ratis/a38e5e55-ecc0-4246-95ee-a620ce3a2e5b/in_use.lock acquired by nodename 22071@pr-hdds-2386-sqzzd-3930412762
2019-11-18 04:04:42,189 [pool-27-thread-1] INFO  storage.RaftStorageDirectory (RaftStorageDirectory.java:tryLock(328)) - Lock on /workdir/hadoop-ozone/integration-test/target/test-dir/MiniOzoneClusterImpl-1c214b3a-49ad-4877-b4c4-a160cd444fc4/datanode-0/data/ratis/b1ba7914-070c-4dea-97f2-97958710c56b/in_use.lock acquired by nodename 22071@pr-hdds-2386-sqzzd-3930412762
2019-11-18 04:04:42,208 [pool-27-thread-1] INFO  storage.RaftStorage (RaftStorage.java:format(84)) - Storage directory /workdir/hadoop-ozone/integration-test/target/test-dir/MiniOzoneClusterImpl-1c214b3a-49ad-4877-b4c4-a160cd444fc4/datanode-0/data/ratis/b1ba7914-070c-4dea-97f2-97958710c56b has been successfully formatted.
2019-11-18 04:04:42,208 [pool-67-thread-1] INFO  storage.RaftStorage (RaftStorage.java:format(84)) - Storage directory /workdir/hadoop-ozone/integration-test/target/test-dir/MiniOzoneClusterImpl-1c214b3a-49ad-4877-b4c4-a160cd444fc4/datanode-4/data/ratis/a38e5e55-ecc0-4246-95ee-a620ce3a2e5b has been successfully formatted.
2019-11-18 04:04:42,210 [pool-67-thread-1] INFO  ratis.ContainerStateMachine (ContainerStateMachine.java:loadSnapshot(223)) - group-A620CE3A2E5B: The snapshot info is null. Setting the last applied indexto:(t:0, i:~)
2019-11-18 04:04:42,210 [pool-27-thread-1] INFO  ratis.ContainerStateMachine (ContainerStateMachine.java:loadSnapshot(223)) - group-97958710C56B: The snapshot info is null. Setting the last applied indexto:(t:0, i:~)
2019-11-18 04:04:42,211 [pool-67-thread-1] INFO  server.RaftServerConfigKeys (ConfUtils.java:logGet(43)) - raft.server.notification.no-leader.timeout = 10s (custom)
2019-11-18 04:04:42,211 [pool-27-thread-1] INFO  server.RaftServerConfigKeys (ConfUtils.java:logGet(43)) - raft.server.notification.no-leader.timeout = 10s (custom)
2019-11-18 04:04:42,211 [pool-67-thread-1] INFO  server.RaftServerConfigKeys (ConfUtils.java:logGet(43)) - raft.server.log.use.memory = false (default)
2019-11-18 04:04:42,211 [pool-27-thread-1] INFO  server.RaftServerConfigKeys (ConfUtils.java:logGet(43)) - raft.server.log.use.memory = false (default)
2019-11-18 04:04:42,212 [pool-67-thread-1] INFO  server.RaftServerConfigKeys (ConfUtils.java:logGet(43)) - raft.server.log.purge.gap = 1000000 (custom)
2019-11-18 04:04:42,212 [pool-27-thread-1] INFO  server.RaftServerConfigKeys (ConfUtils.java:logGet(43)) - raft.server.log.purge.gap = 1000000 (custom)
2019-11-18 04:04:42,212 [pool-67-thread-1] INFO  server.RaftServerConfigKeys (ConfUtils.java:logGet(43)) - raft.server.log.appender.buffer.byte-limit = 33554432 (custom)
2019-11-18 04:04:42,212 [pool-27-thread-1] INFO  server.RaftServerConfigKeys (ConfUtils.java:logGet(43)) - raft.server.log.appender.buffer.byte-limit = 33554432 (custom)
2019-11-18 04:04:42,212 [pool-67-thread-1] INFO  server.RaftServerConfigKeys (ConfUtils.java:logGet(43)) - raft.server.log.segment.size.max = 1048576 (custom)
2019-11-18 04:04:42,212 [pool-27-thread-1] INFO  server.RaftServerConfigKeys (ConfUtils.java:logGet(43)) - raft.server.log.segment.size.max = 1048576 (custom)
2019-11-18 04:04:42,212 [pool-67-thread-1] INFO  server.RaftServerConfigKeys (ConfUtils.java:logGet(43)) - raft.server.log.segment.cache.num.max = 2 (custom)
2019-11-18 04:04:42,212 [pool-27-thread-1] INFO  server.RaftServerConfigKeys (ConfUtils.java:logGet(43)) - raft.server.log.segment.cache.num.max = 2 (custom)
2019-11-18 04:04:42,213 [pool-67-thread-1] INFO  segmented.SegmentedRaftLogWorker (SegmentedRaftLogWorker.java:<init>(173)) - new 8a75d567-d87d-444b-bd42-22fe60317c43@group-A620CE3A2E5B-SegmentedRaftLogWorker for RaftStorage:Storage Directory /workdir/hadoop-ozone/integration-test/target/test-dir/MiniOzoneClusterImpl-1c214b3a-49ad-4877-b4c4-a160cd444fc4/datanode-4/data/ratis/a38e5e55-ecc0-4246-95ee-a620ce3a2e5b
2019-11-18 04:04:42,213 [pool-27-thread-1] INFO  segmented.SegmentedRaftLogWorker (SegmentedRaftLogWorker.java:<init>(173)) - new c1ab1948-bd06-494c-87a2-454d3d798b2a@group-97958710C56B-SegmentedRaftLogWorker for RaftStorage:Storage Directory /workdir/hadoop-ozone/integration-test/target/test-dir/MiniOzoneClusterImpl-1c214b3a-49ad-4877-b4c4-a160cd444fc4/datanode-0/data/ratis/b1ba7914-070c-4dea-97f2-97958710c56b
2019-11-18 04:04:42,213 [pool-67-thread-1] INFO  server.RaftServerConfigKeys (ConfUtils.java:logGet(43)) - raft.server.log.queue.byte-limit = 2147483647 (custom)
2019-11-18 04:04:42,213 [pool-27-thread-1] INFO  server.RaftServerConfigKeys (ConfUtils.java:logGet(43)) - raft.server.log.queue.byte-limit = 2147483647 (custom)
2019-11-18 04:04:42,213 [pool-67-thread-1] INFO  server.RaftServerConfigKeys (ConfUtils.java:logGet(43)) - raft.server.log.queue.element-limit = 1024 (custom)
2019-11-18 04:04:42,213 [pool-27-thread-1] INFO  server.RaftServerConfigKeys (ConfUtils.java:logGet(43)) - raft.server.log.queue.element-limit = 1024 (custom)
2019-11-18 04:04:42,213 [pool-67-thread-1] INFO  server.RaftServerConfigKeys (ConfUtils.java:logGet(43)) - raft.server.log.segment.size.max = 1048576 (custom)
2019-11-18 04:04:42,213 [pool-27-thread-1] INFO  server.RaftServerConfigKeys (ConfUtils.java:logGet(43)) - raft.server.log.segment.size.max = 1048576 (custom)
2019-11-18 04:04:42,214 [pool-67-thread-1] INFO  server.RaftServerConfigKeys (ConfUtils.java:logGet(43)) - raft.server.log.preallocated.size = 16384 (custom)
2019-11-18 04:04:42,214 [pool-27-thread-1] INFO  server.RaftServerConfigKeys (ConfUtils.java:logGet(43)) - raft.server.log.preallocated.size = 16384 (custom)
2019-11-18 04:04:42,214 [pool-67-thread-1] INFO  server.RaftServerConfigKeys (ConfUtils.java:logGet(43)) - raft.server.log.write.buffer.size = 33554432 (custom)
2019-11-18 04:04:42,214 [pool-27-thread-1] INFO  server.RaftServerConfigKeys (ConfUtils.java:logGet(43)) - raft.server.log.write.buffer.size = 33554432 (custom)
2019-11-18 04:04:42,214 [pool-67-thread-1] INFO  server.RaftServerConfigKeys (ConfUtils.java:logGet(43)) - raft.server.log.force.sync.num = 128 (default)
2019-11-18 04:04:42,214 [pool-27-thread-1] INFO  server.RaftServerConfigKeys (ConfUtils.java:logGet(43)) - raft.server.log.force.sync.num = 128 (default)
2019-11-18 04:04:42,214 [pool-67-thread-1] INFO  server.RaftServerConfigKeys (ConfUtils.java:logGet(43)) - raft.server.log.statemachine.data.sync = true (default)
2019-11-18 04:04:42,214 [pool-27-thread-1] INFO  server.RaftServerConfigKeys (ConfUtils.java:logGet(43)) - raft.server.log.statemachine.data.sync = true (default)
2019-11-18 04:04:42,215 [pool-67-thread-1] INFO  server.RaftServerConfigKeys (ConfUtils.java:logGet(43)) - raft.server.log.statemachine.data.sync.timeout = 10s (default)
2019-11-18 04:04:42,215 [pool-27-thread-1] INFO  server.RaftServerConfigKeys (ConfUtils.java:logGet(43)) - raft.server.log.statemachine.data.sync.timeout = 10s (default)
2019-11-18 04:04:42,215 [pool-67-thread-1] INFO  server.RaftServerConfigKeys (ConfUtils.java:logGet(43)) - raft.server.log.statemachine.data.sync.timeout.retry = -1 (default)
2019-11-18 04:04:42,215 [pool-27-thread-1] INFO  server.RaftServerConfigKeys (ConfUtils.java:logGet(43)) - raft.server.log.statemachine.data.sync.timeout.retry = -1 (default)
2019-11-18 04:04:42,215 [pool-67-thread-1] INFO  server.RaftServerConfigKeys (ConfUtils.java:logGet(43)) - raft.server.log.statemachine.data.caching.enabled = true (custom)
2019-11-18 04:04:42,215 [pool-27-thread-1] INFO  server.RaftServerConfigKeys (ConfUtils.java:logGet(43)) - raft.server.log.statemachine.data.caching.enabled = true (custom)
2019-11-18 04:04:42,216 [pool-67-thread-1] INFO  segmented.SegmentedRaftLogWorker (SegmentedRaftLogWorker.java:lambda$new$0(128)) - 8a75d567-d87d-444b-bd42-22fe60317c43@group-A620CE3A2E5B-SegmentedRaftLogWorker: flushIndex: setUnconditionally 0 -> -1
2019-11-18 04:04:42,216 [pool-27-thread-1] INFO  segmented.SegmentedRaftLogWorker (SegmentedRaftLogWorker.java:lambda$new$0(128)) - c1ab1948-bd06-494c-87a2-454d3d798b2a@group-97958710C56B-SegmentedRaftLogWorker: flushIndex: setUnconditionally 0 -> -1
2019-11-18 04:04:42,216 [pool-67-thread-1] INFO  server.RaftServerConfigKeys (ConfUtils.java:logGet(43)) - raft.server.snapshot.auto.trigger.enabled = true (custom)
2019-11-18 04:04:42,217 [pool-27-thread-1] INFO  server.RaftServerConfigKeys (ConfUtils.java:logGet(43)) - raft.server.snapshot.auto.trigger.enabled = true (custom)
2019-11-18 04:04:42,217 [pool-67-thread-1] INFO  server.RaftServerConfigKeys (ConfUtils.java:logGet(43)) - raft.server.snapshot.auto.trigger.threshold = 10000 (custom)
2019-11-18 04:04:42,217 [pool-27-thread-1] INFO  server.RaftServerConfigKeys (ConfUtils.java:logGet(43)) - raft.server.snapshot.auto.trigger.threshold = 10000 (custom)
2019-11-18 04:04:42,217 [pool-67-thread-1] INFO  server.RaftServerConfigKeys (ConfUtils.java:logGet(43)) - raft.server.snapshot.retention.file.num = 5 (custom)
2019-11-18 04:04:42,217 [pool-27-thread-1] INFO  server.RaftServerConfigKeys (ConfUtils.java:logGet(43)) - raft.server.snapshot.retention.file.num = 5 (custom)
2019-11-18 04:04:42,217 [pool-67-thread-1] INFO  server.RaftServerConfigKeys (ConfUtils.java:logGet(43)) - raft.server.retrycache.expirytime = 600000ms (custom)
2019-11-18 04:04:42,217 [pool-27-thread-1] INFO  server.RaftServerConfigKeys (ConfUtils.java:logGet(43)) - raft.server.retrycache.expirytime = 600000ms (custom)
2019-11-18 04:04:42,218 [pool-67-thread-1] WARN  impl.MetricRegistriesImpl (MetricRegistriesImpl.java:lambda$create$1(61)) - First MetricRegistry has been created without registering reporters. You may need to call MetricRegistries.global().addReportRegistration(...) before.
2019-11-18 04:04:42,218 [pool-27-thread-1] WARN  impl.MetricRegistriesImpl (MetricRegistriesImpl.java:lambda$create$1(61)) - First MetricRegistry has been created without registering reporters. You may need to call MetricRegistries.global().addReportRegistration(...) before.
2019-11-18 04:04:42,218 [pool-67-thread-1] WARN  impl.MetricRegistriesImpl (MetricRegistriesImpl.java:lambda$create$1(61)) - First MetricRegistry has been created without registering reporters. You may need to call MetricRegistries.global().addReportRegistration(...) before.
2019-11-18 04:04:42,218 [pool-27-thread-1] WARN  impl.MetricRegistriesImpl (MetricRegistriesImpl.java:lambda$create$1(61)) - First MetricRegistry has been created without registering reporters. You may need to call MetricRegistries.global().addReportRegistration(...) before.
2019-11-18 04:04:42,219 [pool-27-thread-1] INFO  impl.RaftServerImpl (RaftServerImpl.java:start(184)) - c1ab1948-bd06-494c-87a2-454d3d798b2a@group-97958710C56B: start as a follower, conf=-1: [c1ab1948-bd06-494c-87a2-454d3d798b2a:192.168.69.70:35897, 7b4427c1-b0d7-4726-b5d2-64b1e42b78f8:192.168.69.70:45450, b123ecd9-da94-41d9-8a96-a25e891cf121:192.168.69.70:39520], old=null
2019-11-18 04:04:42,219 [pool-67-thread-1] INFO  impl.RaftServerImpl (RaftServerImpl.java:start(184)) - 8a75d567-d87d-444b-bd42-22fe60317c43@group-A620CE3A2E5B: start as a follower, conf=-1: [3e1e5366-7a40-4813-bf9e-d655d75c6ea3:192.168.69.70:40711, 8a75d567-d87d-444b-bd42-22fe60317c43:192.168.69.70:37667, d5e7d411-50f4-47f9-b29f-7896844347c8:192.168.69.70:34768], old=null
2019-11-18 04:04:42,219 [pool-27-thread-1] INFO  impl.RaftServerImpl (RaftServerImpl.java:setRole(173)) - c1ab1948-bd06-494c-87a2-454d3d798b2a@group-97958710C56B: changes role from      null to FOLLOWER at term 0 for startAsFollower
2019-11-18 04:04:42,219 [pool-67-thread-1] INFO  impl.RaftServerImpl (RaftServerImpl.java:setRole(173)) - 8a75d567-d87d-444b-bd42-22fe60317c43@group-A620CE3A2E5B: changes role from      null to FOLLOWER at term 0 for startAsFollower
2019-11-18 04:04:42,219 [pool-27-thread-1] INFO  impl.RoleInfo (RoleInfo.java:updateAndGet(143)) - c1ab1948-bd06-494c-87a2-454d3d798b2a: start FollowerState
2019-11-18 04:04:42,219 [pool-67-thread-1] INFO  impl.RoleInfo (RoleInfo.java:updateAndGet(143)) - 8a75d567-d87d-444b-bd42-22fe60317c43: start FollowerState
2019-11-18 04:04:42,220 [pool-67-thread-1] INFO  util.JmxRegister (JmxRegister.java:tryRegister(44)) - Successfully registered JMX Bean with object name Ratis:service=RaftServer,group=group-A620CE3A2E5B,id=8a75d567-d87d-444b-bd42-22fe60317c43
2019-11-18 04:04:42,220 [pool-27-thread-1] INFO  util.JmxRegister (JmxRegister.java:tryRegister(44)) - Successfully registered JMX Bean with object name Ratis:service=RaftServer,group=group-97958710C56B,id=c1ab1948-bd06-494c-87a2-454d3d798b2a
2019-11-18 04:04:42,220 [pool-67-thread-1] WARN  impl.MetricRegistriesImpl (MetricRegistriesImpl.java:lambda$create$1(61)) - First MetricRegistry has been created without registering reporters. You may need to call MetricRegistries.global().addReportRegistration(...) before.
2019-11-18 04:04:42,221 [pool-27-thread-1] WARN  impl.MetricRegistriesImpl (MetricRegistriesImpl.java:lambda$create$1(61)) - First MetricRegistry has been created without registering reporters. You may need to call MetricRegistries.global().addReportRegistration(...) before.
2019-11-18 04:04:42,222 [Command processor thread] INFO  commandhandler.CreatePipelineCommandHandler (CreatePipelineCommandHandler.java:handle(86)) - Create Pipeline RATIS THREE #id: "a38e5e55-ecc0-4246-95ee-a620ce3a2e5b"
 command succeed on datanode 8a75d567-d87d-444b-bd42-22fe60317c43.
2019-11-18 04:04:42,222 [Command processor thread] INFO  commandhandler.CreatePipelineCommandHandler (CreatePipelineCommandHandler.java:handle(86)) - Create Pipeline RATIS THREE #id: "b1ba7914-070c-4dea-97f2-97958710c56b"
 command succeed on datanode c1ab1948-bd06-494c-87a2-454d3d798b2a.
2019-11-18 04:04:42,223 [Command processor thread] INFO  impl.RaftServerProxy (RaftServerProxy.java:remove(95)) - c1ab1948-bd06-494c-87a2-454d3d798b2a: remove  FOLLOWER c1ab1948-bd06-494c-87a2-454d3d798b2a@group-C20DCC66496C:t2, leader=7b4427c1-b0d7-4726-b5d2-64b1e42b78f8, voted=7b4427c1-b0d7-4726-b5d2-64b1e42b78f8, raftlog=c1ab1948-bd06-494c-87a2-454d3d798b2a@group-C20DCC66496C-SegmentedRaftLog:OPENED:c0,f0,i0, conf=0: [3e1e5366-7a40-4813-bf9e-d655d75c6ea3:192.168.69.70:40711, c1ab1948-bd06-494c-87a2-454d3d798b2a:192.168.69.70:35897, 7b4427c1-b0d7-4726-b5d2-64b1e42b78f8:192.168.69.70:45450], old=null RUNNING
2019-11-18 04:04:42,223 [Command processor thread] INFO  impl.RaftServerImpl (RaftServerImpl.java:lambda$shutdown$3(250)) - c1ab1948-bd06-494c-87a2-454d3d798b2a@group-C20DCC66496C: shutdown
2019-11-18 04:04:42,223 [Command processor thread] INFO  util.JmxRegister (JmxRegister.java:unregister(73)) - Successfully un-registered JMX Bean with object name Ratis:service=RaftServer,group=group-C20DCC66496C,id=c1ab1948-bd06-494c-87a2-454d3d798b2a
2019-11-18 04:04:42,223 [Command processor thread] INFO  impl.RoleInfo (RoleInfo.java:shutdownFollowerState(121)) - c1ab1948-bd06-494c-87a2-454d3d798b2a: shutdown FollowerState
2019-11-18 04:04:42,224 [Command processor thread] INFO  impl.StateMachineUpdater (StateMachineUpdater.java:stopAndJoin(136)) - c1ab1948-bd06-494c-87a2-454d3d798b2a@group-C20DCC66496C-StateMachineUpdater: set stopIndex = 0
2019-11-18 04:04:42,224 [Thread-299] INFO  impl.FollowerState (FollowerState.java:run(120)) - c1ab1948-bd06-494c-87a2-454d3d798b2a@group-C20DCC66496C-FollowerState was interrupted: java.lang.InterruptedException: sleep interrupted
2019-11-18 04:04:42,229 [Command processor thread] INFO  impl.RaftServerImpl (ServerState.java:close(387)) - c1ab1948-bd06-494c-87a2-454d3d798b2a@group-C20DCC66496C: closes. applyIndex: 0
2019-11-18 04:04:42,229 [c1ab1948-bd06-494c-87a2-454d3d798b2a@group-C20DCC66496C-SegmentedRaftLogWorker] INFO  segmented.SegmentedRaftLogWorker (SegmentedRaftLogWorker.java:run(316)) - c1ab1948-bd06-494c-87a2-454d3d798b2a@group-C20DCC66496C-SegmentedRaftLogWorker was interrupted, exiting. There are 0 tasks remaining in the queue.
2019-11-18 04:04:42,231 [Command processor thread] INFO  segmented.SegmentedRaftLogWorker (SegmentedRaftLogWorker.java:close(224)) - c1ab1948-bd06-494c-87a2-454d3d798b2a@group-C20DCC66496C-SegmentedRaftLogWorker close()
2019-11-18 04:04:42,234 [EventQueue-PipelineReportForPipelineReportHandler] INFO  pipeline.PipelineReportHandler (PipelineReportHandler.java:processPipelineReport(113)) - Pipeline THREE PipelineID=b1ba7914-070c-4dea-97f2-97958710c56b reported by c1ab1948-bd06-494c-87a2-454d3d798b2a{ip: 192.168.69.70, host: pr-hdds-2386-sqzzd-3930412762, networkLocation: /default-rack, certSerialId: null}
2019-11-18 04:04:42,234 [EventQueue-PipelineReportForPipelineReportHandler] INFO  pipeline.PipelineReportHandler (PipelineReportHandler.java:processPipelineReport(113)) - Pipeline THREE PipelineID=a38e5e55-ecc0-4246-95ee-a620ce3a2e5b reported by 8a75d567-d87d-444b-bd42-22fe60317c43{ip: 192.168.69.70, host: pr-hdds-2386-sqzzd-3930412762, networkLocation: /default-rack, certSerialId: null}
2019-11-18 04:04:42,235 [Command processor thread] INFO  commandhandler.ClosePipelineCommandHandler (ClosePipelineCommandHandler.java:handle(78)) - Close Pipeline #id: "36dc783b-6e58-4416-920c-c20dcc66496c"
 command on datanode #c1ab1948-bd06-494c-87a2-454d3d798b2a.
2019-11-18 04:04:43,716 [ForkJoinPool.commonPool-worker-1] INFO  ozoneimpl.OzoneContainer (OzoneContainer.java:stop(244)) - Attempting to stop container services.
2019-11-18 04:04:43,717 [main] INFO  ozoneimpl.OzoneContainer (OzoneContainer.java:stop(244)) - Attempting to stop container services.
2019-11-18 04:04:43,717 [ForkJoinPool.commonPool-worker-1] INFO  impl.RaftServerProxy (RaftServerProxy.java:lambda$close$4(314)) - 7b4427c1-b0d7-4726-b5d2-64b1e42b78f8: close
2019-11-18 04:04:43,718 [main] INFO  impl.RaftServerProxy (RaftServerProxy.java:lambda$close$4(314)) - d5e7d411-50f4-47f9-b29f-7896844347c8: close
2019-11-18 04:04:43,718 [ForkJoinPool.commonPool-worker-1] INFO  impl.RaftServerImpl (RaftServerImpl.java:lambda$shutdown$3(250)) - 7b4427c1-b0d7-4726-b5d2-64b1e42b78f8@group-C20DCC66496C: shutdown
2019-11-18 04:04:43,718 [main] INFO  impl.RaftServerImpl (RaftServerImpl.java:lambda$shutdown$3(250)) - d5e7d411-50f4-47f9-b29f-7896844347c8@group-3EC874524C2E: shutdown
2019-11-18 04:04:43,719 [ForkJoinPool.commonPool-worker-1] INFO  util.JmxRegister (JmxRegister.java:unregister(73)) - Successfully un-registered JMX Bean with object name Ratis:service=RaftServer,group=group-C20DCC66496C,id=7b4427c1-b0d7-4726-b5d2-64b1e42b78f8
2019-11-18 04:04:43,719 [main] INFO  util.JmxRegister (JmxRegister.java:unregister(73)) - Successfully un-registered JMX Bean with object name Ratis:service=RaftServer,group=group-3EC874524C2E,id=d5e7d411-50f4-47f9-b29f-7896844347c8
2019-11-18 04:04:43,719 [ForkJoinPool.commonPool-worker-1] INFO  impl.RoleInfo (RoleInfo.java:shutdownLeaderState(104)) - 7b4427c1-b0d7-4726-b5d2-64b1e42b78f8: shutdown LeaderState
2019-11-18 04:04:43,720 [main] INFO  impl.RoleInfo (RoleInfo.java:shutdownLeaderState(104)) - d5e7d411-50f4-47f9-b29f-7896844347c8: shutdown LeaderState
2019-11-18 04:04:43,722 [org.apache.ratis.server.impl.LogAppender$AppenderDaemon$$Lambda$899/924981316@261536ad] WARN  server.GrpcLogAppender (GrpcLogAppender.java:mayWait(151)) - 7b4427c1-b0d7-4726-b5d2-64b1e42b78f8@group-C20DCC66496C->c1ab1948-bd06-494c-87a2-454d3d798b2a-GrpcLogAppender: Wait interrupted by java.lang.InterruptedException
2019-11-18 04:04:43,722 [org.apache.ratis.server.impl.LogAppender$AppenderDaemon$$Lambda$899/924981316@6317b4ab] WARN  server.GrpcLogAppender (GrpcLogAppender.java:mayWait(151)) - 7b4427c1-b0d7-4726-b5d2-64b1e42b78f8@group-C20DCC66496C->3e1e5366-7a40-4813-bf9e-d655d75c6ea3-GrpcLogAppender: Wait interrupted by java.lang.InterruptedException
2019-11-18 04:04:43,722 [ForkJoinPool.commonPool-worker-1] INFO  impl.PendingRequests (PendingRequests.java:sendNotLeaderResponses(206)) - 7b4427c1-b0d7-4726-b5d2-64b1e42b78f8@group-C20DCC66496C-PendingRequests: sendNotLeaderResponses
2019-11-18 04:04:43,724 [org.apache.ratis.server.impl.LogAppender$AppenderDaemon$$Lambda$899/924981316@1763bc05] WARN  server.GrpcLogAppender (GrpcLogAppender.java:mayWait(151)) - d5e7d411-50f4-47f9-b29f-7896844347c8@group-3EC874524C2E->b123ecd9-da94-41d9-8a96-a25e891cf121-GrpcLogAppender: Wait interrupted by java.lang.InterruptedException
2019-11-18 04:04:43,724 [org.apache.ratis.server.impl.LogAppender$AppenderDaemon$$Lambda$899/924981316@61ab72f2] WARN  server.GrpcLogAppender (GrpcLogAppender.java:mayWait(151)) - d5e7d411-50f4-47f9-b29f-7896844347c8@group-3EC874524C2E->8a75d567-d87d-444b-bd42-22fe60317c43-GrpcLogAppender: Wait interrupted by java.lang.InterruptedException
2019-11-18 04:04:43,724 [main] INFO  impl.PendingRequests (PendingRequests.java:sendNotLeaderResponses(206)) - d5e7d411-50f4-47f9-b29f-7896844347c8@group-3EC874524C2E-PendingRequests: sendNotLeaderResponses
2019-11-18 04:04:43,728 [ForkJoinPool.commonPool-worker-1] INFO  impl.StateMachineUpdater (StateMachineUpdater.java:stopAndJoin(136)) - 7b4427c1-b0d7-4726-b5d2-64b1e42b78f8@group-C20DCC66496C-StateMachineUpdater: set stopIndex = 0
2019-11-18 04:04:43,730 [main] INFO  impl.StateMachineUpdater (StateMachineUpdater.java:stopAndJoin(136)) - d5e7d411-50f4-47f9-b29f-7896844347c8@group-3EC874524C2E-StateMachineUpdater: set stopIndex = 0
2019-11-18 04:04:43,731 [grpc-default-executor-11] INFO  server.GrpcServerProtocolService (GrpcServerProtocolService.java:onCompleted(113)) - 8a75d567-d87d-444b-bd42-22fe60317c43: Completed APPEND_ENTRIES, lastRequest: d5e7d411-50f4-47f9-b29f-7896844347c8->8a75d567-d87d-444b-bd42-22fe60317c43#28-t2, previous=(t:2, i:0), leaderCommit=0, initializing? false, entries: <empty>
2019-11-18 04:04:43,731 [grpc-default-executor-12] INFO  server.GrpcServerProtocolService (GrpcServerProtocolService.java:onCompleted(113)) - c1ab1948-bd06-494c-87a2-454d3d798b2a: Completed APPEND_ENTRIES, lastRequest: 7b4427c1-b0d7-4726-b5d2-64b1e42b78f8->c1ab1948-bd06-494c-87a2-454d3d798b2a#28-t2, previous=(t:2, i:0), leaderCommit=0, initializing? false, entries: <empty>
2019-11-18 04:04:43,730 [ForkJoinPool.commonPool-worker-1] INFO  impl.RaftServerImpl (ServerState.java:close(387)) - 7b4427c1-b0d7-4726-b5d2-64b1e42b78f8@group-C20DCC66496C: closes. applyIndex: 0
2019-11-18 04:04:43,731 [main] INFO  impl.RaftServerImpl (ServerState.java:close(387)) - d5e7d411-50f4-47f9-b29f-7896844347c8@group-3EC874524C2E: closes. applyIndex: 0
2019-11-18 04:04:43,732 [7b4427c1-b0d7-4726-b5d2-64b1e42b78f8@group-C20DCC66496C-SegmentedRaftLogWorker] INFO  segmented.SegmentedRaftLogWorker (SegmentedRaftLogWorker.java:run(316)) - 7b4427c1-b0d7-4726-b5d2-64b1e42b78f8@group-C20DCC66496C-SegmentedRaftLogWorker was interrupted, exiting. There are 0 tasks remaining in the queue.
2019-11-18 04:04:43,734 [d5e7d411-50f4-47f9-b29f-7896844347c8@group-3EC874524C2E-SegmentedRaftLogWorker] INFO  segmented.SegmentedRaftLogWorker (SegmentedRaftLogWorker.java:run(316)) - d5e7d411-50f4-47f9-b29f-7896844347c8@group-3EC874524C2E-SegmentedRaftLogWorker was interrupted, exiting. There are 0 tasks remaining in the queue.
2019-11-18 04:04:43,734 [grpc-default-executor-12] INFO  server.GrpcLogAppender (GrpcLogAppender.java:onCompleted(308)) - d5e7d411-50f4-47f9-b29f-7896844347c8@group-3EC874524C2E->8a75d567-d87d-444b-bd42-22fe60317c43-AppendLogResponseHandler: follower responses appendEntries COMPLETED
2019-11-18 04:04:43,735 [main] INFO  segmented.SegmentedRaftLogWorker (SegmentedRaftLogWorker.java:close(224)) - d5e7d411-50f4-47f9-b29f-7896844347c8@group-3EC874524C2E-SegmentedRaftLogWorker close()
2019-11-18 04:04:43,734 [ForkJoinPool.commonPool-worker-1] INFO  segmented.SegmentedRaftLogWorker (SegmentedRaftLogWorker.java:close(224)) - 7b4427c1-b0d7-4726-b5d2-64b1e42b78f8@group-C20DCC66496C-SegmentedRaftLogWorker close()
2019-11-18 04:04:43,734 [grpc-default-executor-11] INFO  server.GrpcLogAppender (GrpcLogAppender.java:onCompleted(308)) - 7b4427c1-b0d7-4726-b5d2-64b1e42b78f8@group-C20DCC66496C->c1ab1948-bd06-494c-87a2-454d3d798b2a-AppendLogResponseHandler: follower responses appendEntries COMPLETED
2019-11-18 04:04:43,740 [ForkJoinPool.commonPool-worker-1] INFO  impl.RaftServerImpl (RaftServerImpl.java:lambda$shutdown$3(250)) - 7b4427c1-b0d7-4726-b5d2-64b1e42b78f8@group-75ECB29DACA1: shutdown
2019-11-18 04:04:43,738 [main] INFO  impl.RaftServerImpl (RaftServerImpl.java:lambda$shutdown$3(250)) - d5e7d411-50f4-47f9-b29f-7896844347c8@group-9F7C958A7443: shutdown
2019-11-18 04:04:43,742 [ForkJoinPool.commonPool-worker-1] INFO  util.JmxRegister (JmxRegister.java:unregister(73)) - Successfully un-registered JMX Bean with object name Ratis:service=RaftServer,group=group-75ECB29DACA1,id=7b4427c1-b0d7-4726-b5d2-64b1e42b78f8
2019-11-18 04:04:43,742 [grpc-default-executor-12] INFO  impl.FollowerInfo (FollowerInfo.java:lambda$new$0(51)) - d5e7d411-50f4-47f9-b29f-7896844347c8@group-3EC874524C2E->8a75d567-d87d-444b-bd42-22fe60317c43: nextIndex: updateUnconditionally 1 -> 0
2019-11-18 04:04:43,743 [ForkJoinPool.commonPool-worker-1] INFO  impl.RoleInfo (RoleInfo.java:shutdownFollowerState(121)) - 7b4427c1-b0d7-4726-b5d2-64b1e42b78f8: shutdown FollowerState
2019-11-18 04:04:43,743 [main] INFO  util.JmxRegister (JmxRegister.java:unregister(73)) - Successfully un-registered JMX Bean with object name Ratis:service=RaftServer,group=group-9F7C958A7443,id=d5e7d411-50f4-47f9-b29f-7896844347c8
2019-11-18 04:04:43,744 [main] INFO  impl.RoleInfo (RoleInfo.java:shutdownLeaderState(104)) - d5e7d411-50f4-47f9-b29f-7896844347c8: shutdown LeaderState
2019-11-18 04:04:43,743 [grpc-default-executor-11] INFO  impl.FollowerInfo (FollowerInfo.java:lambda$new$0(51)) - 7b4427c1-b0d7-4726-b5d2-64b1e42b78f8@group-C20DCC66496C->c1ab1948-bd06-494c-87a2-454d3d798b2a: nextIndex: updateUnconditionally 1 -> 0
2019-11-18 04:04:43,745 [main] INFO  impl.PendingRequests (PendingRequests.java:sendNotLeaderResponses(206)) - d5e7d411-50f4-47f9-b29f-7896844347c8@group-9F7C958A7443-PendingRequests: sendNotLeaderResponses
2019-11-18 04:04:43,744 [Thread-352] INFO  impl.FollowerState (FollowerState.java:run(120)) - 7b4427c1-b0d7-4726-b5d2-64b1e42b78f8@group-75ECB29DACA1-FollowerState was interrupted: java.lang.InterruptedException: sleep interrupted
2019-11-18 04:04:43,743 [ForkJoinPool.commonPool-worker-1] INFO  impl.StateMachineUpdater (StateMachineUpdater.java:stopAndJoin(136)) - 7b4427c1-b0d7-4726-b5d2-64b1e42b78f8@group-75ECB29DACA1-StateMachineUpdater: set stopIndex = 0
2019-11-18 04:04:43,746 [main] INFO  impl.StateMachineUpdater (StateMachineUpdater.java:stopAndJoin(136)) - d5e7d411-50f4-47f9-b29f-7896844347c8@group-9F7C958A7443-StateMachineUpdater: set stopIndex = 0
2019-11-18 04:04:43,747 [ForkJoinPool.commonPool-worker-1] INFO  impl.RaftServerImpl (ServerState.java:close(387)) - 7b4427c1-b0d7-4726-b5d2-64b1e42b78f8@group-75ECB29DACA1: closes. applyIndex: 0
2019-11-18 04:04:43,747 [main] INFO  impl.RaftServerImpl (ServerState.java:close(387)) - d5e7d411-50f4-47f9-b29f-7896844347c8@group-9F7C958A7443: closes. applyIndex: 0
2019-11-18 04:04:43,748 [7b4427c1-b0d7-4726-b5d2-64b1e42b78f8@group-75ECB29DACA1-SegmentedRaftLogWorker] INFO  segmented.SegmentedRaftLogWorker (SegmentedRaftLogWorker.java:run(316)) - 7b4427c1-b0d7-4726-b5d2-64b1e42b78f8@group-75ECB29DACA1-SegmentedRaftLogWorker was interrupted, exiting. There are 0 tasks remaining in the queue.
2019-11-18 04:04:43,749 [ForkJoinPool.commonPool-worker-1] INFO  segmented.SegmentedRaftLogWorker (SegmentedRaftLogWorker.java:close(224)) - 7b4427c1-b0d7-4726-b5d2-64b1e42b78f8@group-75ECB29DACA1-SegmentedRaftLogWorker close()
2019-11-18 04:04:43,749 [d5e7d411-50f4-47f9-b29f-7896844347c8@group-9F7C958A7443-SegmentedRaftLogWorker] INFO  segmented.SegmentedRaftLogWorker (SegmentedRaftLogWorker.java:run(316)) - d5e7d411-50f4-47f9-b29f-7896844347c8@group-9F7C958A7443-SegmentedRaftLogWorker was interrupted, exiting. There are 0 tasks remaining in the queue.
2019-11-18 04:04:43,754 [ForkJoinPool.commonPool-worker-1] INFO  impl.RaftServerImpl (RaftServerImpl.java:lambda$shutdown$3(250)) - 7b4427c1-b0d7-4726-b5d2-64b1e42b78f8@group-5D4031214BB5: shutdown
2019-11-18 04:04:43,755 [main] INFO  segmented.SegmentedRaftLogWorker (SegmentedRaftLogWorker.java:close(224)) - d5e7d411-50f4-47f9-b29f-7896844347c8@group-9F7C958A7443-SegmentedRaftLogWorker close()
2019-11-18 04:04:43,755 [ForkJoinPool.commonPool-worker-1] INFO  util.JmxRegister (JmxRegister.java:unregister(73)) - Successfully un-registered JMX Bean with object name Ratis:service=RaftServer,group=group-5D4031214BB5,id=7b4427c1-b0d7-4726-b5d2-64b1e42b78f8
2019-11-18 04:04:43,756 [main] INFO  server.GrpcService (GrpcService.java:closeImpl(164)) - d5e7d411-50f4-47f9-b29f-7896844347c8: shutdown server with port 34768 now
2019-11-18 04:04:43,756 [ForkJoinPool.commonPool-worker-1] INFO  impl.RoleInfo (RoleInfo.java:shutdownLeaderState(104)) - 7b4427c1-b0d7-4726-b5d2-64b1e42b78f8: shutdown LeaderState
2019-11-18 04:04:43,758 [ForkJoinPool.commonPool-worker-1] INFO  impl.PendingRequests (PendingRequests.java:sendNotLeaderResponses(206)) - 7b4427c1-b0d7-4726-b5d2-64b1e42b78f8@group-5D4031214BB5-PendingRequests: sendNotLeaderResponses
2019-11-18 04:04:43,758 [ForkJoinPool.commonPool-worker-1] INFO  impl.StateMachineUpdater (StateMachineUpdater.java:stopAndJoin(136)) - 7b4427c1-b0d7-4726-b5d2-64b1e42b78f8@group-5D4031214BB5-StateMachineUpdater: set stopIndex = 0
2019-11-18 04:04:43,759 [main] INFO  server.GrpcService (GrpcService.java:closeImpl(172)) - d5e7d411-50f4-47f9-b29f-7896844347c8: shutdown server with port 34768 successfully
2019-11-18 04:04:43,759 [ForkJoinPool.commonPool-worker-1] INFO  impl.RaftServerImpl (ServerState.java:close(387)) - 7b4427c1-b0d7-4726-b5d2-64b1e42b78f8@group-5D4031214BB5: closes. applyIndex: 0
2019-11-18 04:04:43,760 [7b4427c1-b0d7-4726-b5d2-64b1e42b78f8@group-5D4031214BB5-SegmentedRaftLogWorker] INFO  segmented.SegmentedRaftLogWorker (SegmentedRaftLogWorker.java:run(316)) - 7b4427c1-b0d7-4726-b5d2-64b1e42b78f8@group-5D4031214BB5-SegmentedRaftLogWorker was interrupted, exiting. There are 0 tasks remaining in the queue.
2019-11-18 04:04:43,760 [ForkJoinPool.commonPool-worker-1] INFO  segmented.SegmentedRaftLogWorker (SegmentedRaftLogWorker.java:close(224)) - 7b4427c1-b0d7-4726-b5d2-64b1e42b78f8@group-5D4031214BB5-SegmentedRaftLogWorker close()
2019-11-18 04:04:43,761 [ForkJoinPool.commonPool-worker-1] INFO  server.GrpcService (GrpcService.java:closeImpl(164)) - 7b4427c1-b0d7-4726-b5d2-64b1e42b78f8: shutdown server with port 45450 now
2019-11-18 04:04:43,763 [ForkJoinPool.commonPool-worker-1] INFO  server.GrpcService (GrpcService.java:closeImpl(172)) - 7b4427c1-b0d7-4726-b5d2-64b1e42b78f8: shutdown server with port 45450 successfully
2019-11-18 04:04:43,770 [refreshUsed-/workdir/hadoop-ozone/integration-test/target/test-dir/MiniOzoneClusterImpl-1c214b3a-49ad-4877-b4c4-a160cd444fc4/datanode-5/data/containers] WARN  fs.CachingGetSpaceUsed (CachingGetSpaceUsed.java:run(183)) - Thread Interrupted waiting to refresh disk information: sleep interrupted
2019-11-18 04:04:43,781 [refreshUsed-/workdir/hadoop-ozone/integration-test/target/test-dir/MiniOzoneClusterImpl-1c214b3a-49ad-4877-b4c4-a160cd444fc4/datanode-2/data/containers] WARN  fs.CachingGetSpaceUsed (CachingGetSpaceUsed.java:run(183)) - Thread Interrupted waiting to refresh disk information: sleep interrupted
2019-11-18 04:04:43,792 [main] INFO  utils.BackgroundService (BackgroundService.java:shutdown(151)) - Shutting down service BlockDeletingService
2019-11-18 04:04:43,795 [main] INFO  statemachine.DatanodeStateMachine (DatanodeStateMachine.java:stopDaemon(406)) - Ozone container server stopped.
2019-11-18 04:04:43,797 [main] INFO  handler.ContextHandler (ContextHandler.java:doStop(910)) - Stopped o.e.j.w.WebAppContext@7640a5b1{/,null,UNAVAILABLE}{/hddsDatanode}
2019-11-18 04:04:43,798 [main] INFO  server.AbstractConnector (AbstractConnector.java:doStop(318)) - Stopped ServerConnector@642f9a77{HTTP/1.1,[http/1.1]}{0.0.0.0:0}
2019-11-18 04:04:43,798 [main] INFO  handler.ContextHandler (ContextHandler.java:doStop(910)) - Stopped o.e.j.s.ServletContextHandler@6b1dc20f{/static,jar:file:/home/user/.m2/repository/org/apache/hadoop/hadoop-hdds-container-service/0.5.0-SNAPSHOT/hadoop-hdds-container-service-0.5.0-SNAPSHOT.jar!/webapps/static,UNAVAILABLE}
2019-11-18 04:04:43,799 [main] INFO  handler.ContextHandler (ContextHandler.java:doStop(910)) - Stopped o.e.j.s.ServletContextHandler@36c2b646{/logs,file:///workdir/hadoop-ozone/integration-test/target/log,UNAVAILABLE}
2019-11-18 04:04:43,800 [ForkJoinPool.commonPool-worker-1] INFO  utils.BackgroundService (BackgroundService.java:shutdown(151)) - Shutting down service BlockDeletingService
2019-11-18 04:04:43,803 [ForkJoinPool.commonPool-worker-1] INFO  statemachine.DatanodeStateMachine (DatanodeStateMachine.java:stopDaemon(406)) - Ozone container server stopped.
2019-11-18 04:04:43,806 [ForkJoinPool.commonPool-worker-1] INFO  handler.ContextHandler (ContextHandler.java:doStop(910)) - Stopped o.e.j.w.WebAppContext@227a47{/,null,UNAVAILABLE}{/hddsDatanode}
2019-11-18 04:04:43,807 [ForkJoinPool.commonPool-worker-1] INFO  server.AbstractConnector (AbstractConnector.java:doStop(318)) - Stopped ServerConnector@9596ce8{HTTP/1.1,[http/1.1]}{0.0.0.0:0}
2019-11-18 04:04:43,808 [ForkJoinPool.commonPool-worker-1] INFO  handler.ContextHandler (ContextHandler.java:doStop(910)) - Stopped o.e.j.s.ServletContextHandler@1229a2b7{/static,jar:file:/home/user/.m2/repository/org/apache/hadoop/hadoop-hdds-container-service/0.5.0-SNAPSHOT/hadoop-hdds-container-service-0.5.0-SNAPSHOT.jar!/webapps/static,UNAVAILABLE}
2019-11-18 04:04:43,809 [ForkJoinPool.commonPool-worker-1] INFO  handler.ContextHandler (ContextHandler.java:doStop(910)) - Stopped o.e.j.s.ServletContextHandler@66273da0{/logs,file:///workdir/hadoop-ozone/integration-test/target/log,UNAVAILABLE}
2019-11-18 04:04:44,222 [Datanode State Machine Thread - 0] INFO  statemachine.DatanodeStateMachine (DatanodeStateMachine.java:lambda$startDaemon$0(361)) - Ozone container server started.
2019-11-18 04:04:44,223 [Datanode State Machine Thread - 0] INFO  statemachine.DatanodeStateMachine (DatanodeStateMachine.java:lambda$startDaemon$0(361)) - Ozone container server started.
2019-11-18 04:04:46,066 [Thread-351] INFO  impl.FollowerState (FollowerState.java:run(111)) - c1ab1948-bd06-494c-87a2-454d3d798b2a@group-75ECB29DACA1-FollowerState: change to CANDIDATE, lastRpcTime:8311ms, electionTimeout:5060ms
2019-11-18 04:04:46,067 [Thread-351] INFO  impl.RoleInfo (RoleInfo.java:shutdownFollowerState(121)) - c1ab1948-bd06-494c-87a2-454d3d798b2a: shutdown FollowerState
2019-11-18 04:04:46,067 [Thread-351] INFO  impl.RaftServerImpl (RaftServerImpl.java:setRole(173)) - c1ab1948-bd06-494c-87a2-454d3d798b2a@group-75ECB29DACA1: changes role from  FOLLOWER to CANDIDATE at term 2 for changeToCandidate
2019-11-18 04:04:46,067 [Thread-351] INFO  impl.RoleInfo (RoleInfo.java:updateAndGet(143)) - c1ab1948-bd06-494c-87a2-454d3d798b2a: start LeaderElection
2019-11-18 04:04:46,069 [c1ab1948-bd06-494c-87a2-454d3d798b2a@group-75ECB29DACA1-LeaderElection19] INFO  impl.RaftServerImpl (ServerState.java:setLeader(255)) - c1ab1948-bd06-494c-87a2-454d3d798b2a@group-75ECB29DACA1: change Leader from b123ecd9-da94-41d9-8a96-a25e891cf121 to null at term 2 for initElection
2019-11-18 04:04:46,096 [c1ab1948-bd06-494c-87a2-454d3d798b2a@group-75ECB29DACA1-LeaderElection19] INFO  impl.LeaderElection (LeaderElection.java:askForVotes(178)) - c1ab1948-bd06-494c-87a2-454d3d798b2a@group-75ECB29DACA1-LeaderElection19: begin an election at term 3 for 0: [c1ab1948-bd06-494c-87a2-454d3d798b2a:192.168.69.70:35897, 7b4427c1-b0d7-4726-b5d2-64b1e42b78f8:192.168.69.70:45450, b123ecd9-da94-41d9-8a96-a25e891cf121:192.168.69.70:39520], old=null
2019-11-18 04:04:46,105 [c1ab1948-bd06-494c-87a2-454d3d798b2a@group-75ECB29DACA1-LeaderElection19] INFO  impl.LeaderElection (LogUtils.java:infoOrTrace(149)) - c1ab1948-bd06-494c-87a2-454d3d798b2a@group-75ECB29DACA1-LeaderElection19 got exception when requesting votes: {}
java.util.concurrent.ExecutionException: org.apache.ratis.thirdparty.io.grpc.StatusRuntimeException: UNAVAILABLE: io exception
	at java.util.concurrent.FutureTask.report(FutureTask.java:122)
	at java.util.concurrent.FutureTask.get(FutureTask.java:192)
	at org.apache.ratis.server.impl.LeaderElection.waitForResults(LeaderElection.java:259)
	at org.apache.ratis.server.impl.LeaderElection.askForVotes(LeaderElection.java:197)
	at org.apache.ratis.server.impl.LeaderElection.run(LeaderElection.java:133)
	at java.lang.Thread.run(Thread.java:748)
Caused by: org.apache.ratis.thirdparty.io.grpc.StatusRuntimeException: UNAVAILABLE: io exception
	at org.apache.ratis.thirdparty.io.grpc.stub.ClientCalls.toStatusRuntimeException(ClientCalls.java:233)
	at org.apache.ratis.thirdparty.io.grpc.stub.ClientCalls.getUnchecked(ClientCalls.java:214)
	at org.apache.ratis.thirdparty.io.grpc.stub.ClientCalls.blockingUnaryCall(ClientCalls.java:139)
	at org.apache.ratis.proto.grpc.RaftServerProtocolServiceGrpc$RaftServerProtocolServiceBlockingStub.requestVote(RaftServerProtocolServiceGrpc.java:265)
	at org.apache.ratis.grpc.server.GrpcServerProtocolClient.requestVote(GrpcServerProtocolClient.java:99)
	at org.apache.ratis.grpc.server.GrpcService.requestVote(GrpcService.java:204)
	at org.apache.ratis.server.impl.LeaderElection.lambda$submitRequests$1(LeaderElection.java:234)
	at java.util.concurrent.FutureTask.run(FutureTask.java:266)
	at java.util.concurrent.Executors$RunnableAdapter.call(Executors.java:511)
	at java.util.concurrent.FutureTask.run(FutureTask.java:266)
	at java.util.concurrent.ThreadPoolExecutor.runWorker(ThreadPoolExecutor.java:1149)
	at java.util.concurrent.ThreadPoolExecutor$Worker.run(ThreadPoolExecutor.java:624)
	... 1 more
Caused by: org.apache.ratis.thirdparty.io.netty.channel.AbstractChannel$AnnotatedConnectException: Connection refused: /192.168.69.70:45450
	at sun.nio.ch.SocketChannelImpl.checkConnect(Native Method)
	at sun.nio.ch.SocketChannelImpl.finishConnect(SocketChannelImpl.java:717)
	at org.apache.ratis.thirdparty.io.netty.channel.socket.nio.NioSocketChannel.doFinishConnect(NioSocketChannel.java:327)
	at org.apache.ratis.thirdparty.io.netty.channel.nio.AbstractNioChannel$AbstractNioUnsafe.finishConnect(AbstractNioChannel.java:340)
	at org.apache.ratis.thirdparty.io.netty.channel.nio.NioEventLoop.processSelectedKey(NioEventLoop.java:632)
	at org.apache.ratis.thirdparty.io.netty.channel.nio.NioEventLoop.processSelectedKeysOptimized(NioEventLoop.java:579)
	at org.apache.ratis.thirdparty.io.netty.channel.nio.NioEventLoop.processSelectedKeys(NioEventLoop.java:496)
	at org.apache.ratis.thirdparty.io.netty.channel.nio.NioEventLoop.run(NioEventLoop.java:458)
	at org.apache.ratis.thirdparty.io.netty.util.concurrent.SingleThreadEventExecutor$5.run(SingleThreadEventExecutor.java:897)
	at org.apache.ratis.thirdparty.io.netty.util.concurrent.FastThreadLocalRunnable.run(FastThreadLocalRunnable.java:30)
	... 1 more
Caused by: java.net.ConnectException: Connection refused
	... 11 more
2019-11-18 04:04:46,109 [c1ab1948-bd06-494c-87a2-454d3d798b2a@group-75ECB29DACA1-LeaderElection19] INFO  impl.LeaderElection (LogUtils.java:infoOrTrace(149)) - c1ab1948-bd06-494c-87a2-454d3d798b2a@group-75ECB29DACA1-LeaderElection19 got exception when requesting votes: {}
java.util.concurrent.ExecutionException: org.apache.ratis.thirdparty.io.grpc.StatusRuntimeException: UNAVAILABLE: io exception
	at java.util.concurrent.FutureTask.report(FutureTask.java:122)
	at java.util.concurrent.FutureTask.get(FutureTask.java:192)
	at org.apache.ratis.server.impl.LeaderElection.waitForResults(LeaderElection.java:259)
	at org.apache.ratis.server.impl.LeaderElection.askForVotes(LeaderElection.java:197)
	at org.apache.ratis.server.impl.LeaderElection.run(LeaderElection.java:133)
	at java.lang.Thread.run(Thread.java:748)
Caused by: org.apache.ratis.thirdparty.io.grpc.StatusRuntimeException: UNAVAILABLE: io exception
	at org.apache.ratis.thirdparty.io.grpc.stub.ClientCalls.toStatusRuntimeException(ClientCalls.java:233)
	at org.apache.ratis.thirdparty.io.grpc.stub.ClientCalls.getUnchecked(ClientCalls.java:214)
	at org.apache.ratis.thirdparty.io.grpc.stub.ClientCalls.blockingUnaryCall(ClientCalls.java:139)
	at org.apache.ratis.proto.grpc.RaftServerProtocolServiceGrpc$RaftServerProtocolServiceBlockingStub.requestVote(RaftServerProtocolServiceGrpc.java:265)
	at org.apache.ratis.grpc.server.GrpcServerProtocolClient.requestVote(GrpcServerProtocolClient.java:99)
	at org.apache.ratis.grpc.server.GrpcService.requestVote(GrpcService.java:204)
	at org.apache.ratis.server.impl.LeaderElection.lambda$submitRequests$1(LeaderElection.java:234)
	at java.util.concurrent.FutureTask.run(FutureTask.java:266)
	at java.util.concurrent.Executors$RunnableAdapter.call(Executors.java:511)
	at java.util.concurrent.FutureTask.run(FutureTask.java:266)
	at java.util.concurrent.ThreadPoolExecutor.runWorker(ThreadPoolExecutor.java:1149)
	at java.util.concurrent.ThreadPoolExecutor$Worker.run(ThreadPoolExecutor.java:624)
	... 1 more
Caused by: org.apache.ratis.thirdparty.io.netty.channel.AbstractChannel$AnnotatedConnectException: Connection refused: /192.168.69.70:39520
	at sun.nio.ch.SocketChannelImpl.checkConnect(Native Method)
	at sun.nio.ch.SocketChannelImpl.finishConnect(SocketChannelImpl.java:717)
	at org.apache.ratis.thirdparty.io.netty.channel.socket.nio.NioSocketChannel.doFinishConnect(NioSocketChannel.java:327)
	at org.apache.ratis.thirdparty.io.netty.channel.nio.AbstractNioChannel$AbstractNioUnsafe.finishConnect(AbstractNioChannel.java:340)
	at org.apache.ratis.thirdparty.io.netty.channel.nio.NioEventLoop.processSelectedKey(NioEventLoop.java:632)
	at org.apache.ratis.thirdparty.io.netty.channel.nio.NioEventLoop.processSelectedKeysOptimized(NioEventLoop.java:579)
	at org.apache.ratis.thirdparty.io.netty.channel.nio.NioEventLoop.processSelectedKeys(NioEventLoop.java:496)
	at org.apache.ratis.thirdparty.io.netty.channel.nio.NioEventLoop.run(NioEventLoop.java:458)
	at org.apache.ratis.thirdparty.io.netty.util.concurrent.SingleThreadEventExecutor$5.run(SingleThreadEventExecutor.java:897)
	at org.apache.ratis.thirdparty.io.netty.util.concurrent.FastThreadLocalRunnable.run(FastThreadLocalRunnable.java:30)
	... 1 more
Caused by: java.net.ConnectException: Connection refused
	... 11 more
2019-11-18 04:04:46,111 [c1ab1948-bd06-494c-87a2-454d3d798b2a@group-75ECB29DACA1-LeaderElection19] INFO  impl.LeaderElection (LeaderElection.java:logAndReturn(56)) - c1ab1948-bd06-494c-87a2-454d3d798b2a@group-75ECB29DACA1-LeaderElection19: Election REJECTED; received 0 response(s) [] and 2 exception(s); c1ab1948-bd06-494c-87a2-454d3d798b2a@group-75ECB29DACA1:t3, leader=null, voted=c1ab1948-bd06-494c-87a2-454d3d798b2a, raftlog=c1ab1948-bd06-494c-87a2-454d3d798b2a@group-75ECB29DACA1-SegmentedRaftLog:OPENED:c0,f0,i0, conf=0: [c1ab1948-bd06-494c-87a2-454d3d798b2a:192.168.69.70:35897, 7b4427c1-b0d7-4726-b5d2-64b1e42b78f8:192.168.69.70:45450, b123ecd9-da94-41d9-8a96-a25e891cf121:192.168.69.70:39520], old=null
2019-11-18 04:04:46,112 [c1ab1948-bd06-494c-87a2-454d3d798b2a@group-75ECB29DACA1-LeaderElection19] INFO  impl.LeaderElection (LogUtils.java:infoOrTrace(149)) -   Exception 0: {}
java.util.concurrent.ExecutionException: org.apache.ratis.thirdparty.io.grpc.StatusRuntimeException: UNAVAILABLE: io exception
	at java.util.concurrent.FutureTask.report(FutureTask.java:122)
	at java.util.concurrent.FutureTask.get(FutureTask.java:192)
	at org.apache.ratis.server.impl.LeaderElection.waitForResults(LeaderElection.java:259)
	at org.apache.ratis.server.impl.LeaderElection.askForVotes(LeaderElection.java:197)
	at org.apache.ratis.server.impl.LeaderElection.run(LeaderElection.java:133)
	at java.lang.Thread.run(Thread.java:748)
Caused by: org.apache.ratis.thirdparty.io.grpc.StatusRuntimeException: UNAVAILABLE: io exception
	at org.apache.ratis.thirdparty.io.grpc.stub.ClientCalls.toStatusRuntimeException(ClientCalls.java:233)
	at org.apache.ratis.thirdparty.io.grpc.stub.ClientCalls.getUnchecked(ClientCalls.java:214)
	at org.apache.ratis.thirdparty.io.grpc.stub.ClientCalls.blockingUnaryCall(ClientCalls.java:139)
	at org.apache.ratis.proto.grpc.RaftServerProtocolServiceGrpc$RaftServerProtocolServiceBlockingStub.requestVote(RaftServerProtocolServiceGrpc.java:265)
	at org.apache.ratis.grpc.server.GrpcServerProtocolClient.requestVote(GrpcServerProtocolClient.java:99)
	at org.apache.ratis.grpc.server.GrpcService.requestVote(GrpcService.java:204)
	at org.apache.ratis.server.impl.LeaderElection.lambda$submitRequests$1(LeaderElection.java:234)
	at java.util.concurrent.FutureTask.run(FutureTask.java:266)
	at java.util.concurrent.Executors$RunnableAdapter.call(Executors.java:511)
	at java.util.concurrent.FutureTask.run(FutureTask.java:266)
	at java.util.concurrent.ThreadPoolExecutor.runWorker(ThreadPoolExecutor.java:1149)
	at java.util.concurrent.ThreadPoolExecutor$Worker.run(ThreadPoolExecutor.java:624)
	... 1 more
Caused by: org.apache.ratis.thirdparty.io.netty.channel.AbstractChannel$AnnotatedConnectException: Connection refused: /192.168.69.70:45450
	at sun.nio.ch.SocketChannelImpl.checkConnect(Native Method)
	at sun.nio.ch.SocketChannelImpl.finishConnect(SocketChannelImpl.java:717)
	at org.apache.ratis.thirdparty.io.netty.channel.socket.nio.NioSocketChannel.doFinishConnect(NioSocketChannel.java:327)
	at org.apache.ratis.thirdparty.io.netty.channel.nio.AbstractNioChannel$AbstractNioUnsafe.finishConnect(AbstractNioChannel.java:340)
	at org.apache.ratis.thirdparty.io.netty.channel.nio.NioEventLoop.processSelectedKey(NioEventLoop.java:632)
	at org.apache.ratis.thirdparty.io.netty.channel.nio.NioEventLoop.processSelectedKeysOptimized(NioEventLoop.java:579)
	at org.apache.ratis.thirdparty.io.netty.channel.nio.NioEventLoop.processSelectedKeys(NioEventLoop.java:496)
	at org.apache.ratis.thirdparty.io.netty.channel.nio.NioEventLoop.run(NioEventLoop.java:458)
	at org.apache.ratis.thirdparty.io.netty.util.concurrent.SingleThreadEventExecutor$5.run(SingleThreadEventExecutor.java:897)
	at org.apache.ratis.thirdparty.io.netty.util.concurrent.FastThreadLocalRunnable.run(FastThreadLocalRunnable.java:30)
	... 1 more
Caused by: java.net.ConnectException: Connection refused
	... 11 more
2019-11-18 04:04:46,112 [c1ab1948-bd06-494c-87a2-454d3d798b2a@group-75ECB29DACA1-LeaderElection19] INFO  impl.LeaderElection (LogUtils.java:infoOrTrace(149)) -   Exception 1: {}
java.util.concurrent.ExecutionException: org.apache.ratis.thirdparty.io.grpc.StatusRuntimeException: UNAVAILABLE: io exception
	at java.util.concurrent.FutureTask.report(FutureTask.java:122)
	at java.util.concurrent.FutureTask.get(FutureTask.java:192)
	at org.apache.ratis.server.impl.LeaderElection.waitForResults(LeaderElection.java:259)
	at org.apache.ratis.server.impl.LeaderElection.askForVotes(LeaderElection.java:197)
	at org.apache.ratis.server.impl.LeaderElection.run(LeaderElection.java:133)
	at java.lang.Thread.run(Thread.java:748)
Caused by: org.apache.ratis.thirdparty.io.grpc.StatusRuntimeException: UNAVAILABLE: io exception
	at org.apache.ratis.thirdparty.io.grpc.stub.ClientCalls.toStatusRuntimeException(ClientCalls.java:233)
	at org.apache.ratis.thirdparty.io.grpc.stub.ClientCalls.getUnchecked(ClientCalls.java:214)
	at org.apache.ratis.thirdparty.io.grpc.stub.ClientCalls.blockingUnaryCall(ClientCalls.java:139)
	at org.apache.ratis.proto.grpc.RaftServerProtocolServiceGrpc$RaftServerProtocolServiceBlockingStub.requestVote(RaftServerProtocolServiceGrpc.java:265)
	at org.apache.ratis.grpc.server.GrpcServerProtocolClient.requestVote(GrpcServerProtocolClient.java:99)
	at org.apache.ratis.grpc.server.GrpcService.requestVote(GrpcService.java:204)
	at org.apache.ratis.server.impl.LeaderElection.lambda$submitRequests$1(LeaderElection.java:234)
	at java.util.concurrent.FutureTask.run(FutureTask.java:266)
	at java.util.concurrent.Executors$RunnableAdapter.call(Executors.java:511)
	at java.util.concurrent.FutureTask.run(FutureTask.java:266)
	at java.util.concurrent.ThreadPoolExecutor.runWorker(ThreadPoolExecutor.java:1149)
	at java.util.concurrent.ThreadPoolExecutor$Worker.run(ThreadPoolExecutor.java:624)
	... 1 more
Caused by: org.apache.ratis.thirdparty.io.netty.channel.AbstractChannel$AnnotatedConnectException: Connection refused: /192.168.69.70:39520
	at sun.nio.ch.SocketChannelImpl.checkConnect(Native Method)
	at sun.nio.ch.SocketChannelImpl.finishConnect(SocketChannelImpl.java:717)
	at org.apache.ratis.thirdparty.io.netty.channel.socket.nio.NioSocketChannel.doFinishConnect(NioSocketChannel.java:327)
	at org.apache.ratis.thirdparty.io.netty.channel.nio.AbstractNioChannel$AbstractNioUnsafe.finishConnect(AbstractNioChannel.java:340)
	at org.apache.ratis.thirdparty.io.netty.channel.nio.NioEventLoop.processSelectedKey(NioEventLoop.java:632)
	at org.apache.ratis.thirdparty.io.netty.channel.nio.NioEventLoop.processSelectedKeysOptimized(NioEventLoop.java:579)
	at org.apache.ratis.thirdparty.io.netty.channel.nio.NioEventLoop.processSelectedKeys(NioEventLoop.java:496)
	at org.apache.ratis.thirdparty.io.netty.channel.nio.NioEventLoop.run(NioEventLoop.java:458)
	at org.apache.ratis.thirdparty.io.netty.util.concurrent.SingleThreadEventExecutor$5.run(SingleThreadEventExecutor.java:897)
	at org.apache.ratis.thirdparty.io.netty.util.concurrent.FastThreadLocalRunnable.run(FastThreadLocalRunnable.java:30)
	... 1 more
Caused by: java.net.ConnectException: Connection refused
	... 11 more
2019-11-18 04:04:46,113 [c1ab1948-bd06-494c-87a2-454d3d798b2a@group-75ECB29DACA1-LeaderElection19] INFO  impl.RaftServerImpl (RaftServerImpl.java:setRole(173)) - c1ab1948-bd06-494c-87a2-454d3d798b2a@group-75ECB29DACA1: changes role from CANDIDATE to FOLLOWER at term 3 for DISCOVERED_A_NEW_TERM
2019-11-18 04:04:46,114 [c1ab1948-bd06-494c-87a2-454d3d798b2a@group-75ECB29DACA1-LeaderElection19] INFO  impl.RoleInfo (RoleInfo.java:shutdownLeaderElection(134)) - c1ab1948-bd06-494c-87a2-454d3d798b2a: shutdown LeaderElection
2019-11-18 04:04:46,114 [c1ab1948-bd06-494c-87a2-454d3d798b2a@group-75ECB29DACA1-LeaderElection19] INFO  impl.RoleInfo (RoleInfo.java:updateAndGet(143)) - c1ab1948-bd06-494c-87a2-454d3d798b2a: start FollowerState
2019-11-18 04:04:47,307 [Thread-500] INFO  impl.FollowerState (FollowerState.java:run(111)) - 8a75d567-d87d-444b-bd42-22fe60317c43@group-A620CE3A2E5B-FollowerState: change to CANDIDATE, lastRpcTime:5087ms, electionTimeout:5087ms
2019-11-18 04:04:47,308 [Thread-500] INFO  impl.RoleInfo (RoleInfo.java:shutdownFollowerState(121)) - 8a75d567-d87d-444b-bd42-22fe60317c43: shutdown FollowerState
2019-11-18 04:04:47,309 [Thread-500] INFO  impl.RaftServerImpl (RaftServerImpl.java:setRole(173)) - 8a75d567-d87d-444b-bd42-22fe60317c43@group-A620CE3A2E5B: changes role from  FOLLOWER to CANDIDATE at term 0 for changeToCandidate
2019-11-18 04:04:47,309 [Thread-500] INFO  impl.RoleInfo (RoleInfo.java:updateAndGet(143)) - 8a75d567-d87d-444b-bd42-22fe60317c43: start LeaderElection
2019-11-18 04:04:47,335 [8a75d567-d87d-444b-bd42-22fe60317c43@group-A620CE3A2E5B-LeaderElection20] INFO  impl.LeaderElection (LeaderElection.java:askForVotes(178)) - 8a75d567-d87d-444b-bd42-22fe60317c43@group-A620CE3A2E5B-LeaderElection20: begin an election at term 1 for -1: [3e1e5366-7a40-4813-bf9e-d655d75c6ea3:192.168.69.70:40711, 8a75d567-d87d-444b-bd42-22fe60317c43:192.168.69.70:37667, d5e7d411-50f4-47f9-b29f-7896844347c8:192.168.69.70:34768], old=null
2019-11-18 04:04:47,340 [8a75d567-d87d-444b-bd42-22fe60317c43@group-A620CE3A2E5B-LeaderElection20] INFO  impl.LeaderElection (LogUtils.java:infoOrTrace(149)) - 8a75d567-d87d-444b-bd42-22fe60317c43@group-A620CE3A2E5B-LeaderElection20 got exception when requesting votes: {}
java.util.concurrent.ExecutionException: org.apache.ratis.thirdparty.io.grpc.StatusRuntimeException: UNAVAILABLE: io exception
	at java.util.concurrent.FutureTask.report(FutureTask.java:122)
	at java.util.concurrent.FutureTask.get(FutureTask.java:192)
	at org.apache.ratis.server.impl.LeaderElection.waitForResults(LeaderElection.java:259)
	at org.apache.ratis.server.impl.LeaderElection.askForVotes(LeaderElection.java:197)
	at org.apache.ratis.server.impl.LeaderElection.run(LeaderElection.java:133)
	at java.lang.Thread.run(Thread.java:748)
Caused by: org.apache.ratis.thirdparty.io.grpc.StatusRuntimeException: UNAVAILABLE: io exception
	at org.apache.ratis.thirdparty.io.grpc.stub.ClientCalls.toStatusRuntimeException(ClientCalls.java:233)
	at org.apache.ratis.thirdparty.io.grpc.stub.ClientCalls.getUnchecked(ClientCalls.java:214)
	at org.apache.ratis.thirdparty.io.grpc.stub.ClientCalls.blockingUnaryCall(ClientCalls.java:139)
	at org.apache.ratis.proto.grpc.RaftServerProtocolServiceGrpc$RaftServerProtocolServiceBlockingStub.requestVote(RaftServerProtocolServiceGrpc.java:265)
	at org.apache.ratis.grpc.server.GrpcServerProtocolClient.requestVote(GrpcServerProtocolClient.java:99)
	at org.apache.ratis.grpc.server.GrpcService.requestVote(GrpcService.java:204)
	at org.apache.ratis.server.impl.LeaderElection.lambda$submitRequests$1(LeaderElection.java:234)
	at java.util.concurrent.FutureTask.run(FutureTask.java:266)
	at java.util.concurrent.Executors$RunnableAdapter.call(Executors.java:511)
	at java.util.concurrent.FutureTask.run(FutureTask.java:266)
	at java.util.concurrent.ThreadPoolExecutor.runWorker(ThreadPoolExecutor.java:1149)
	at java.util.concurrent.ThreadPoolExecutor$Worker.run(ThreadPoolExecutor.java:624)
	... 1 more
Caused by: org.apache.ratis.thirdparty.io.netty.channel.AbstractChannel$AnnotatedConnectException: Connection refused: /192.168.69.70:34768
	at sun.nio.ch.SocketChannelImpl.checkConnect(Native Method)
	at sun.nio.ch.SocketChannelImpl.finishConnect(SocketChannelImpl.java:717)
	at org.apache.ratis.thirdparty.io.netty.channel.socket.nio.NioSocketChannel.doFinishConnect(NioSocketChannel.java:327)
	at org.apache.ratis.thirdparty.io.netty.channel.nio.AbstractNioChannel$AbstractNioUnsafe.finishConnect(AbstractNioChannel.java:340)
	at org.apache.ratis.thirdparty.io.netty.channel.nio.NioEventLoop.processSelectedKey(NioEventLoop.java:632)
	at org.apache.ratis.thirdparty.io.netty.channel.nio.NioEventLoop.processSelectedKeysOptimized(NioEventLoop.java:579)
	at org.apache.ratis.thirdparty.io.netty.channel.nio.NioEventLoop.processSelectedKeys(NioEventLoop.java:496)
	at org.apache.ratis.thirdparty.io.netty.channel.nio.NioEventLoop.run(NioEventLoop.java:458)
	at org.apache.ratis.thirdparty.io.netty.util.concurrent.SingleThreadEventExecutor$5.run(SingleThreadEventExecutor.java:897)
	at org.apache.ratis.thirdparty.io.netty.util.concurrent.FastThreadLocalRunnable.run(FastThreadLocalRunnable.java:30)
	... 1 more
Caused by: java.net.ConnectException: Connection refused
	... 11 more
2019-11-18 04:04:47,342 [8a75d567-d87d-444b-bd42-22fe60317c43@group-A620CE3A2E5B-LeaderElection20] INFO  impl.LeaderElection (LogUtils.java:infoOrTrace(149)) - 8a75d567-d87d-444b-bd42-22fe60317c43@group-A620CE3A2E5B-LeaderElection20 got exception when requesting votes: {}
java.util.concurrent.ExecutionException: org.apache.ratis.thirdparty.io.grpc.StatusRuntimeException: UNAVAILABLE: io exception
	at java.util.concurrent.FutureTask.report(FutureTask.java:122)
	at java.util.concurrent.FutureTask.get(FutureTask.java:192)
	at org.apache.ratis.server.impl.LeaderElection.waitForResults(LeaderElection.java:259)
	at org.apache.ratis.server.impl.LeaderElection.askForVotes(LeaderElection.java:197)
	at org.apache.ratis.server.impl.LeaderElection.run(LeaderElection.java:133)
	at java.lang.Thread.run(Thread.java:748)
Caused by: org.apache.ratis.thirdparty.io.grpc.StatusRuntimeException: UNAVAILABLE: io exception
	at org.apache.ratis.thirdparty.io.grpc.stub.ClientCalls.toStatusRuntimeException(ClientCalls.java:233)
	at org.apache.ratis.thirdparty.io.grpc.stub.ClientCalls.getUnchecked(ClientCalls.java:214)
	at org.apache.ratis.thirdparty.io.grpc.stub.ClientCalls.blockingUnaryCall(ClientCalls.java:139)
	at org.apache.ratis.proto.grpc.RaftServerProtocolServiceGrpc$RaftServerProtocolServiceBlockingStub.requestVote(RaftServerProtocolServiceGrpc.java:265)
	at org.apache.ratis.grpc.server.GrpcServerProtocolClient.requestVote(GrpcServerProtocolClient.java:99)
	at org.apache.ratis.grpc.server.GrpcService.requestVote(GrpcService.java:204)
	at org.apache.ratis.server.impl.LeaderElection.lambda$submitRequests$1(LeaderElection.java:234)
	at java.util.concurrent.FutureTask.run(FutureTask.java:266)
	at java.util.concurrent.Executors$RunnableAdapter.call(Executors.java:511)
	at java.util.concurrent.FutureTask.run(FutureTask.java:266)
	at java.util.concurrent.ThreadPoolExecutor.runWorker(ThreadPoolExecutor.java:1149)
	at java.util.concurrent.ThreadPoolExecutor$Worker.run(ThreadPoolExecutor.java:624)
	... 1 more
Caused by: org.apache.ratis.thirdparty.io.netty.channel.AbstractChannel$AnnotatedConnectException: Connection refused: /192.168.69.70:40711
	at sun.nio.ch.SocketChannelImpl.checkConnect(Native Method)
	at sun.nio.ch.SocketChannelImpl.finishConnect(SocketChannelImpl.java:717)
	at org.apache.ratis.thirdparty.io.netty.channel.socket.nio.NioSocketChannel.doFinishConnect(NioSocketChannel.java:327)
	at org.apache.ratis.thirdparty.io.netty.channel.nio.AbstractNioChannel$AbstractNioUnsafe.finishConnect(AbstractNioChannel.java:340)
	at org.apache.ratis.thirdparty.io.netty.channel.nio.NioEventLoop.processSelectedKey(NioEventLoop.java:632)
	at org.apache.ratis.thirdparty.io.netty.channel.nio.NioEventLoop.processSelectedKeysOptimized(NioEventLoop.java:579)
	at org.apache.ratis.thirdparty.io.netty.channel.nio.NioEventLoop.processSelectedKeys(NioEventLoop.java:496)
	at org.apache.ratis.thirdparty.io.netty.channel.nio.NioEventLoop.run(NioEventLoop.java:458)
	at org.apache.ratis.thirdparty.io.netty.util.concurrent.SingleThreadEventExecutor$5.run(SingleThreadEventExecutor.java:897)
	at org.apache.ratis.thirdparty.io.netty.util.concurrent.FastThreadLocalRunnable.run(FastThreadLocalRunnable.java:30)
	... 1 more
Caused by: java.net.ConnectException: Connection refused
	... 11 more
2019-11-18 04:04:47,344 [8a75d567-d87d-444b-bd42-22fe60317c43@group-A620CE3A2E5B-LeaderElection20] INFO  impl.LeaderElection (LeaderElection.java:logAndReturn(56)) - 8a75d567-d87d-444b-bd42-22fe60317c43@group-A620CE3A2E5B-LeaderElection20: Election REJECTED; received 0 response(s) [] and 2 exception(s); 8a75d567-d87d-444b-bd42-22fe60317c43@group-A620CE3A2E5B:t1, leader=null, voted=8a75d567-d87d-444b-bd42-22fe60317c43, raftlog=8a75d567-d87d-444b-bd42-22fe60317c43@group-A620CE3A2E5B-SegmentedRaftLog:OPENED:c-1,f-1,i0, conf=-1: [3e1e5366-7a40-4813-bf9e-d655d75c6ea3:192.168.69.70:40711, 8a75d567-d87d-444b-bd42-22fe60317c43:192.168.69.70:37667, d5e7d411-50f4-47f9-b29f-7896844347c8:192.168.69.70:34768], old=null
2019-11-18 04:04:47,344 [8a75d567-d87d-444b-bd42-22fe60317c43@group-A620CE3A2E5B-LeaderElection20] INFO  impl.LeaderElection (LogUtils.java:infoOrTrace(149)) -   Exception 0: {}
java.util.concurrent.ExecutionException: org.apache.ratis.thirdparty.io.grpc.StatusRuntimeException: UNAVAILABLE: io exception
	at java.util.concurrent.FutureTask.report(FutureTask.java:122)
	at java.util.concurrent.FutureTask.get(FutureTask.java:192)
	at org.apache.ratis.server.impl.LeaderElection.waitForResults(LeaderElection.java:259)
	at org.apache.ratis.server.impl.LeaderElection.askForVotes(LeaderElection.java:197)
	at org.apache.ratis.server.impl.LeaderElection.run(LeaderElection.java:133)
	at java.lang.Thread.run(Thread.java:748)
Caused by: org.apache.ratis.thirdparty.io.grpc.StatusRuntimeException: UNAVAILABLE: io exception
	at org.apache.ratis.thirdparty.io.grpc.stub.ClientCalls.toStatusRuntimeException(ClientCalls.java:233)
	at org.apache.ratis.thirdparty.io.grpc.stub.ClientCalls.getUnchecked(ClientCalls.java:214)
	at org.apache.ratis.thirdparty.io.grpc.stub.ClientCalls.blockingUnaryCall(ClientCalls.java:139)
	at org.apache.ratis.proto.grpc.RaftServerProtocolServiceGrpc$RaftServerProtocolServiceBlockingStub.requestVote(RaftServerProtocolServiceGrpc.java:265)
	at org.apache.ratis.grpc.server.GrpcServerProtocolClient.requestVote(GrpcServerProtocolClient.java:99)
	at org.apache.ratis.grpc.server.GrpcService.requestVote(GrpcService.java:204)
	at org.apache.ratis.server.impl.LeaderElection.lambda$submitRequests$1(LeaderElection.java:234)
	at java.util.concurrent.FutureTask.run(FutureTask.java:266)
	at java.util.concurrent.Executors$RunnableAdapter.call(Executors.java:511)
	at java.util.concurrent.FutureTask.run(FutureTask.java:266)
	at java.util.concurrent.ThreadPoolExecutor.runWorker(ThreadPoolExecutor.java:1149)
	at java.util.concurrent.ThreadPoolExecutor$Worker.run(ThreadPoolExecutor.java:624)
	... 1 more
Caused by: org.apache.ratis.thirdparty.io.netty.channel.AbstractChannel$AnnotatedConnectException: Connection refused: /192.168.69.70:34768
	at sun.nio.ch.SocketChannelImpl.checkConnect(Native Method)
	at sun.nio.ch.SocketChannelImpl.finishConnect(SocketChannelImpl.java:717)
	at org.apache.ratis.thirdparty.io.netty.channel.socket.nio.NioSocketChannel.doFinishConnect(NioSocketChannel.java:327)
	at org.apache.ratis.thirdparty.io.netty.channel.nio.AbstractNioChannel$AbstractNioUnsafe.finishConnect(AbstractNioChannel.java:340)
	at org.apache.ratis.thirdparty.io.netty.channel.nio.NioEventLoop.processSelectedKey(NioEventLoop.java:632)
	at org.apache.ratis.thirdparty.io.netty.channel.nio.NioEventLoop.processSelectedKeysOptimized(NioEventLoop.java:579)
	at org.apache.ratis.thirdparty.io.netty.channel.nio.NioEventLoop.processSelectedKeys(NioEventLoop.java:496)
	at org.apache.ratis.thirdparty.io.netty.channel.nio.NioEventLoop.run(NioEventLoop.java:458)
	at org.apache.ratis.thirdparty.io.netty.util.concurrent.SingleThreadEventExecutor$5.run(SingleThreadEventExecutor.java:897)
	at org.apache.ratis.thirdparty.io.netty.util.concurrent.FastThreadLocalRunnable.run(FastThreadLocalRunnable.java:30)
	... 1 more
Caused by: java.net.ConnectException: Connection refused
	... 11 more
2019-11-18 04:04:47,345 [8a75d567-d87d-444b-bd42-22fe60317c43@group-A620CE3A2E5B-LeaderElection20] INFO  impl.LeaderElection (LogUtils.java:infoOrTrace(149)) -   Exception 1: {}
java.util.concurrent.ExecutionException: org.apache.ratis.thirdparty.io.grpc.StatusRuntimeException: UNAVAILABLE: io exception
	at java.util.concurrent.FutureTask.report(FutureTask.java:122)
	at java.util.concurrent.FutureTask.get(FutureTask.java:192)
	at org.apache.ratis.server.impl.LeaderElection.waitForResults(LeaderElection.java:259)
	at org.apache.ratis.server.impl.LeaderElection.askForVotes(LeaderElection.java:197)
	at org.apache.ratis.server.impl.LeaderElection.run(LeaderElection.java:133)
	at java.lang.Thread.run(Thread.java:748)
Caused by: org.apache.ratis.thirdparty.io.grpc.StatusRuntimeException: UNAVAILABLE: io exception
	at org.apache.ratis.thirdparty.io.grpc.stub.ClientCalls.toStatusRuntimeException(ClientCalls.java:233)
	at org.apache.ratis.thirdparty.io.grpc.stub.ClientCalls.getUnchecked(ClientCalls.java:214)
	at org.apache.ratis.thirdparty.io.grpc.stub.ClientCalls.blockingUnaryCall(ClientCalls.java:139)
	at org.apache.ratis.proto.grpc.RaftServerProtocolServiceGrpc$RaftServerProtocolServiceBlockingStub.requestVote(RaftServerProtocolServiceGrpc.java:265)
	at org.apache.ratis.grpc.server.GrpcServerProtocolClient.requestVote(GrpcServerProtocolClient.java:99)
	at org.apache.ratis.grpc.server.GrpcService.requestVote(GrpcService.java:204)
	at org.apache.ratis.server.impl.LeaderElection.lambda$submitRequests$1(LeaderElection.java:234)
	at java.util.concurrent.FutureTask.run(FutureTask.java:266)
	at java.util.concurrent.Executors$RunnableAdapter.call(Executors.java:511)
	at java.util.concurrent.FutureTask.run(FutureTask.java:266)
	at java.util.concurrent.ThreadPoolExecutor.runWorker(ThreadPoolExecutor.java:1149)
	at java.util.concurrent.ThreadPoolExecutor$Worker.run(ThreadPoolExecutor.java:624)
	... 1 more
Caused by: org.apache.ratis.thirdparty.io.netty.channel.AbstractChannel$AnnotatedConnectException: Connection refused: /192.168.69.70:40711
	at sun.nio.ch.SocketChannelImpl.checkConnect(Native Method)
	at sun.nio.ch.SocketChannelImpl.finishConnect(SocketChannelImpl.java:717)
	at org.apache.ratis.thirdparty.io.netty.channel.socket.nio.NioSocketChannel.doFinishConnect(NioSocketChannel.java:327)
	at org.apache.ratis.thirdparty.io.netty.channel.nio.AbstractNioChannel$AbstractNioUnsafe.finishConnect(AbstractNioChannel.java:340)
	at org.apache.ratis.thirdparty.io.netty.channel.nio.NioEventLoop.processSelectedKey(NioEventLoop.java:632)
	at org.apache.ratis.thirdparty.io.netty.channel.nio.NioEventLoop.processSelectedKeysOptimized(NioEventLoop.java:579)
	at org.apache.ratis.thirdparty.io.netty.channel.nio.NioEventLoop.processSelectedKeys(NioEventLoop.java:496)
	at org.apache.ratis.thirdparty.io.netty.channel.nio.NioEventLoop.run(NioEventLoop.java:458)
	at org.apache.ratis.thirdparty.io.netty.util.concurrent.SingleThreadEventExecutor$5.run(SingleThreadEventExecutor.java:897)
	at org.apache.ratis.thirdparty.io.netty.util.concurrent.FastThreadLocalRunnable.run(FastThreadLocalRunnable.java:30)
	... 1 more
Caused by: java.net.ConnectException: Connection refused
	... 11 more
2019-11-18 04:04:47,345 [8a75d567-d87d-444b-bd42-22fe60317c43@group-A620CE3A2E5B-LeaderElection20] INFO  impl.RaftServerImpl (RaftServerImpl.java:setRole(173)) - 8a75d567-d87d-444b-bd42-22fe60317c43@group-A620CE3A2E5B: changes role from CANDIDATE to FOLLOWER at term 1 for DISCOVERED_A_NEW_TERM
2019-11-18 04:04:47,347 [8a75d567-d87d-444b-bd42-22fe60317c43@group-A620CE3A2E5B-LeaderElection20] INFO  impl.RoleInfo (RoleInfo.java:shutdownLeaderElection(134)) - 8a75d567-d87d-444b-bd42-22fe60317c43: shutdown LeaderElection
2019-11-18 04:04:47,347 [8a75d567-d87d-444b-bd42-22fe60317c43@group-A620CE3A2E5B-LeaderElection20] INFO  impl.RoleInfo (RoleInfo.java:updateAndGet(143)) - 8a75d567-d87d-444b-bd42-22fe60317c43: start FollowerState
2019-11-18 04:04:47,368 [Thread-499] INFO  impl.FollowerState (FollowerState.java:run(111)) - c1ab1948-bd06-494c-87a2-454d3d798b2a@group-97958710C56B-FollowerState: change to CANDIDATE, lastRpcTime:5148ms, electionTimeout:5148ms
2019-11-18 04:04:47,369 [Thread-499] INFO  impl.RoleInfo (RoleInfo.java:shutdownFollowerState(121)) - c1ab1948-bd06-494c-87a2-454d3d798b2a: shutdown FollowerState
2019-11-18 04:04:47,369 [Thread-499] INFO  impl.RaftServerImpl (RaftServerImpl.java:setRole(173)) - c1ab1948-bd06-494c-87a2-454d3d798b2a@group-97958710C56B: changes role from  FOLLOWER to CANDIDATE at term 0 for changeToCandidate
2019-11-18 04:04:47,369 [Thread-499] INFO  impl.RoleInfo (RoleInfo.java:updateAndGet(143)) - c1ab1948-bd06-494c-87a2-454d3d798b2a: start LeaderElection
2019-11-18 04:04:47,397 [c1ab1948-bd06-494c-87a2-454d3d798b2a@group-97958710C56B-LeaderElection21] INFO  impl.LeaderElection (LeaderElection.java:askForVotes(178)) - c1ab1948-bd06-494c-87a2-454d3d798b2a@group-97958710C56B-LeaderElection21: begin an election at term 1 for -1: [c1ab1948-bd06-494c-87a2-454d3d798b2a:192.168.69.70:35897, 7b4427c1-b0d7-4726-b5d2-64b1e42b78f8:192.168.69.70:45450, b123ecd9-da94-41d9-8a96-a25e891cf121:192.168.69.70:39520], old=null
2019-11-18 04:04:47,399 [c1ab1948-bd06-494c-87a2-454d3d798b2a@group-97958710C56B-LeaderElection21] INFO  impl.LeaderElection (LogUtils.java:infoOrTrace(149)) - c1ab1948-bd06-494c-87a2-454d3d798b2a@group-97958710C56B-LeaderElection21 got exception when requesting votes: {}
java.util.concurrent.ExecutionException: org.apache.ratis.thirdparty.io.grpc.StatusRuntimeException: UNAVAILABLE: io exception
	at java.util.concurrent.FutureTask.report(FutureTask.java:122)
	at java.util.concurrent.FutureTask.get(FutureTask.java:192)
	at org.apache.ratis.server.impl.LeaderElection.waitForResults(LeaderElection.java:259)
	at org.apache.ratis.server.impl.LeaderElection.askForVotes(LeaderElection.java:197)
	at org.apache.ratis.server.impl.LeaderElection.run(LeaderElection.java:133)
	at java.lang.Thread.run(Thread.java:748)
Caused by: org.apache.ratis.thirdparty.io.grpc.StatusRuntimeException: UNAVAILABLE: io exception
	at org.apache.ratis.thirdparty.io.grpc.stub.ClientCalls.toStatusRuntimeException(ClientCalls.java:233)
	at org.apache.ratis.thirdparty.io.grpc.stub.ClientCalls.getUnchecked(ClientCalls.java:214)
	at org.apache.ratis.thirdparty.io.grpc.stub.ClientCalls.blockingUnaryCall(ClientCalls.java:139)
	at org.apache.ratis.proto.grpc.RaftServerProtocolServiceGrpc$RaftServerProtocolServiceBlockingStub.requestVote(RaftServerProtocolServiceGrpc.java:265)
	at org.apache.ratis.grpc.server.GrpcServerProtocolClient.requestVote(GrpcServerProtocolClient.java:99)
	at org.apache.ratis.grpc.server.GrpcService.requestVote(GrpcService.java:204)
	at org.apache.ratis.server.impl.LeaderElection.lambda$submitRequests$1(LeaderElection.java:234)
	at java.util.concurrent.FutureTask.run(FutureTask.java:266)
	at java.util.concurrent.Executors$RunnableAdapter.call(Executors.java:511)
	at java.util.concurrent.FutureTask.run(FutureTask.java:266)
	at java.util.concurrent.ThreadPoolExecutor.runWorker(ThreadPoolExecutor.java:1149)
	at java.util.concurrent.ThreadPoolExecutor$Worker.run(ThreadPoolExecutor.java:624)
	... 1 more
Caused by: org.apache.ratis.thirdparty.io.netty.channel.AbstractChannel$AnnotatedConnectException: Connection refused: /192.168.69.70:45450
	at sun.nio.ch.SocketChannelImpl.checkConnect(Native Method)
	at sun.nio.ch.SocketChannelImpl.finishConnect(SocketChannelImpl.java:717)
	at org.apache.ratis.thirdparty.io.netty.channel.socket.nio.NioSocketChannel.doFinishConnect(NioSocketChannel.java:327)
	at org.apache.ratis.thirdparty.io.netty.channel.nio.AbstractNioChannel$AbstractNioUnsafe.finishConnect(AbstractNioChannel.java:340)
	at org.apache.ratis.thirdparty.io.netty.channel.nio.NioEventLoop.processSelectedKey(NioEventLoop.java:632)
	at org.apache.ratis.thirdparty.io.netty.channel.nio.NioEventLoop.processSelectedKeysOptimized(NioEventLoop.java:579)
	at org.apache.ratis.thirdparty.io.netty.channel.nio.NioEventLoop.processSelectedKeys(NioEventLoop.java:496)
	at org.apache.ratis.thirdparty.io.netty.channel.nio.NioEventLoop.run(NioEventLoop.java:458)
	at org.apache.ratis.thirdparty.io.netty.util.concurrent.SingleThreadEventExecutor$5.run(SingleThreadEventExecutor.java:897)
	at org.apache.ratis.thirdparty.io.netty.util.concurrent.FastThreadLocalRunnable.run(FastThreadLocalRunnable.java:30)
	... 1 more
Caused by: java.net.ConnectException: Connection refused
	... 11 more
2019-11-18 04:04:47,400 [c1ab1948-bd06-494c-87a2-454d3d798b2a@group-97958710C56B-LeaderElection21] INFO  impl.LeaderElection (LogUtils.java:infoOrTrace(149)) - c1ab1948-bd06-494c-87a2-454d3d798b2a@group-97958710C56B-LeaderElection21 got exception when requesting votes: {}
java.util.concurrent.ExecutionException: org.apache.ratis.thirdparty.io.grpc.StatusRuntimeException: UNAVAILABLE: io exception
	at java.util.concurrent.FutureTask.report(FutureTask.java:122)
	at java.util.concurrent.FutureTask.get(FutureTask.java:192)
	at org.apache.ratis.server.impl.LeaderElection.waitForResults(LeaderElection.java:259)
	at org.apache.ratis.server.impl.LeaderElection.askForVotes(LeaderElection.java:197)
	at org.apache.ratis.server.impl.LeaderElection.run(LeaderElection.java:133)
	at java.lang.Thread.run(Thread.java:748)
Caused by: org.apache.ratis.thirdparty.io.grpc.StatusRuntimeException: UNAVAILABLE: io exception
	at org.apache.ratis.thirdparty.io.grpc.stub.ClientCalls.toStatusRuntimeException(ClientCalls.java:233)
	at org.apache.ratis.thirdparty.io.grpc.stub.ClientCalls.getUnchecked(ClientCalls.java:214)
	at org.apache.ratis.thirdparty.io.grpc.stub.ClientCalls.blockingUnaryCall(ClientCalls.java:139)
	at org.apache.ratis.proto.grpc.RaftServerProtocolServiceGrpc$RaftServerProtocolServiceBlockingStub.requestVote(RaftServerProtocolServiceGrpc.java:265)
	at org.apache.ratis.grpc.server.GrpcServerProtocolClient.requestVote(GrpcServerProtocolClient.java:99)
	at org.apache.ratis.grpc.server.GrpcService.requestVote(GrpcService.java:204)
	at org.apache.ratis.server.impl.LeaderElection.lambda$submitRequests$1(LeaderElection.java:234)
	at java.util.concurrent.FutureTask.run(FutureTask.java:266)
	at java.util.concurrent.Executors$RunnableAdapter.call(Executors.java:511)
	at java.util.concurrent.FutureTask.run(FutureTask.java:266)
	at java.util.concurrent.ThreadPoolExecutor.runWorker(ThreadPoolExecutor.java:1149)
	at java.util.concurrent.ThreadPoolExecutor$Worker.run(ThreadPoolExecutor.java:624)
	... 1 more
Caused by: org.apache.ratis.thirdparty.io.netty.channel.AbstractChannel$AnnotatedConnectException: Connection refused: /192.168.69.70:39520
	at sun.nio.ch.SocketChannelImpl.checkConnect(Native Method)
	at sun.nio.ch.SocketChannelImpl.finishConnect(SocketChannelImpl.java:717)
	at org.apache.ratis.thirdparty.io.netty.channel.socket.nio.NioSocketChannel.doFinishConnect(NioSocketChannel.java:327)
	at org.apache.ratis.thirdparty.io.netty.channel.nio.AbstractNioChannel$AbstractNioUnsafe.finishConnect(AbstractNioChannel.java:340)
	at org.apache.ratis.thirdparty.io.netty.channel.nio.NioEventLoop.processSelectedKey(NioEventLoop.java:632)
	at org.apache.ratis.thirdparty.io.netty.channel.nio.NioEventLoop.processSelectedKeysOptimized(NioEventLoop.java:579)
	at org.apache.ratis.thirdparty.io.netty.channel.nio.NioEventLoop.processSelectedKeys(NioEventLoop.java:496)
	at org.apache.ratis.thirdparty.io.netty.channel.nio.NioEventLoop.run(NioEventLoop.java:458)
	at org.apache.ratis.thirdparty.io.netty.util.concurrent.SingleThreadEventExecutor$5.run(SingleThreadEventExecutor.java:897)
	at org.apache.ratis.thirdparty.io.netty.util.concurrent.FastThreadLocalRunnable.run(FastThreadLocalRunnable.java:30)
	... 1 more
Caused by: java.net.ConnectException: Connection refused
	... 11 more
2019-11-18 04:04:47,403 [c1ab1948-bd06-494c-87a2-454d3d798b2a@group-97958710C56B-LeaderElection21] INFO  impl.LeaderElection (LeaderElection.java:logAndReturn(56)) - c1ab1948-bd06-494c-87a2-454d3d798b2a@group-97958710C56B-LeaderElection21: Election REJECTED; received 0 response(s) [] and 2 exception(s); c1ab1948-bd06-494c-87a2-454d3d798b2a@group-97958710C56B:t1, leader=null, voted=c1ab1948-bd06-494c-87a2-454d3d798b2a, raftlog=c1ab1948-bd06-494c-87a2-454d3d798b2a@group-97958710C56B-SegmentedRaftLog:OPENED:c-1,f-1,i0, conf=-1: [c1ab1948-bd06-494c-87a2-454d3d798b2a:192.168.69.70:35897, 7b4427c1-b0d7-4726-b5d2-64b1e42b78f8:192.168.69.70:45450, b123ecd9-da94-41d9-8a96-a25e891cf121:192.168.69.70:39520], old=null
2019-11-18 04:04:47,403 [c1ab1948-bd06-494c-87a2-454d3d798b2a@group-97958710C56B-LeaderElection21] INFO  impl.LeaderElection (LogUtils.java:infoOrTrace(149)) -   Exception 0: {}
java.util.concurrent.ExecutionException: org.apache.ratis.thirdparty.io.grpc.StatusRuntimeException: UNAVAILABLE: io exception
	at java.util.concurrent.FutureTask.report(FutureTask.java:122)
	at java.util.concurrent.FutureTask.get(FutureTask.java:192)
	at org.apache.ratis.server.impl.LeaderElection.waitForResults(LeaderElection.java:259)
	at org.apache.ratis.server.impl.LeaderElection.askForVotes(LeaderElection.java:197)
	at org.apache.ratis.server.impl.LeaderElection.run(LeaderElection.java:133)
	at java.lang.Thread.run(Thread.java:748)
Caused by: org.apache.ratis.thirdparty.io.grpc.StatusRuntimeException: UNAVAILABLE: io exception
	at org.apache.ratis.thirdparty.io.grpc.stub.ClientCalls.toStatusRuntimeException(ClientCalls.java:233)
	at org.apache.ratis.thirdparty.io.grpc.stub.ClientCalls.getUnchecked(ClientCalls.java:214)
	at org.apache.ratis.thirdparty.io.grpc.stub.ClientCalls.blockingUnaryCall(ClientCalls.java:139)
	at org.apache.ratis.proto.grpc.RaftServerProtocolServiceGrpc$RaftServerProtocolServiceBlockingStub.requestVote(RaftServerProtocolServiceGrpc.java:265)
	at org.apache.ratis.grpc.server.GrpcServerProtocolClient.requestVote(GrpcServerProtocolClient.java:99)
	at org.apache.ratis.grpc.server.GrpcService.requestVote(GrpcService.java:204)
	at org.apache.ratis.server.impl.LeaderElection.lambda$submitRequests$1(LeaderElection.java:234)
	at java.util.concurrent.FutureTask.run(FutureTask.java:266)
	at java.util.concurrent.Executors$RunnableAdapter.call(Executors.java:511)
	at java.util.concurrent.FutureTask.run(FutureTask.java:266)
	at java.util.concurrent.ThreadPoolExecutor.runWorker(ThreadPoolExecutor.java:1149)
	at java.util.concurrent.ThreadPoolExecutor$Worker.run(ThreadPoolExecutor.java:624)
	... 1 more
Caused by: org.apache.ratis.thirdparty.io.netty.channel.AbstractChannel$AnnotatedConnectException: Connection refused: /192.168.69.70:45450
	at sun.nio.ch.SocketChannelImpl.checkConnect(Native Method)
	at sun.nio.ch.SocketChannelImpl.finishConnect(SocketChannelImpl.java:717)
	at org.apache.ratis.thirdparty.io.netty.channel.socket.nio.NioSocketChannel.doFinishConnect(NioSocketChannel.java:327)
	at org.apache.ratis.thirdparty.io.netty.channel.nio.AbstractNioChannel$AbstractNioUnsafe.finishConnect(AbstractNioChannel.java:340)
	at org.apache.ratis.thirdparty.io.netty.channel.nio.NioEventLoop.processSelectedKey(NioEventLoop.java:632)
	at org.apache.ratis.thirdparty.io.netty.channel.nio.NioEventLoop.processSelectedKeysOptimized(NioEventLoop.java:579)
	at org.apache.ratis.thirdparty.io.netty.channel.nio.NioEventLoop.processSelectedKeys(NioEventLoop.java:496)
	at org.apache.ratis.thirdparty.io.netty.channel.nio.NioEventLoop.run(NioEventLoop.java:458)
	at org.apache.ratis.thirdparty.io.netty.util.concurrent.SingleThreadEventExecutor$5.run(SingleThreadEventExecutor.java:897)
	at org.apache.ratis.thirdparty.io.netty.util.concurrent.FastThreadLocalRunnable.run(FastThreadLocalRunnable.java:30)
	... 1 more
Caused by: java.net.ConnectException: Connection refused
	... 11 more
2019-11-18 04:04:47,404 [c1ab1948-bd06-494c-87a2-454d3d798b2a@group-97958710C56B-LeaderElection21] INFO  impl.LeaderElection (LogUtils.java:infoOrTrace(149)) -   Exception 1: {}
java.util.concurrent.ExecutionException: org.apache.ratis.thirdparty.io.grpc.StatusRuntimeException: UNAVAILABLE: io exception
	at java.util.concurrent.FutureTask.report(FutureTask.java:122)
	at java.util.concurrent.FutureTask.get(FutureTask.java:192)
	at org.apache.ratis.server.impl.LeaderElection.waitForResults(LeaderElection.java:259)
	at org.apache.ratis.server.impl.LeaderElection.askForVotes(LeaderElection.java:197)
	at org.apache.ratis.server.impl.LeaderElection.run(LeaderElection.java:133)
	at java.lang.Thread.run(Thread.java:748)
Caused by: org.apache.ratis.thirdparty.io.grpc.StatusRuntimeException: UNAVAILABLE: io exception
	at org.apache.ratis.thirdparty.io.grpc.stub.ClientCalls.toStatusRuntimeException(ClientCalls.java:233)
	at org.apache.ratis.thirdparty.io.grpc.stub.ClientCalls.getUnchecked(ClientCalls.java:214)
	at org.apache.ratis.thirdparty.io.grpc.stub.ClientCalls.blockingUnaryCall(ClientCalls.java:139)
	at org.apache.ratis.proto.grpc.RaftServerProtocolServiceGrpc$RaftServerProtocolServiceBlockingStub.requestVote(RaftServerProtocolServiceGrpc.java:265)
	at org.apache.ratis.grpc.server.GrpcServerProtocolClient.requestVote(GrpcServerProtocolClient.java:99)
	at org.apache.ratis.grpc.server.GrpcService.requestVote(GrpcService.java:204)
	at org.apache.ratis.server.impl.LeaderElection.lambda$submitRequests$1(LeaderElection.java:234)
	at java.util.concurrent.FutureTask.run(FutureTask.java:266)
	at java.util.concurrent.Executors$RunnableAdapter.call(Executors.java:511)
	at java.util.concurrent.FutureTask.run(FutureTask.java:266)
	at java.util.concurrent.ThreadPoolExecutor.runWorker(ThreadPoolExecutor.java:1149)
	at java.util.concurrent.ThreadPoolExecutor$Worker.run(ThreadPoolExecutor.java:624)
	... 1 more
Caused by: org.apache.ratis.thirdparty.io.netty.channel.AbstractChannel$AnnotatedConnectException: Connection refused: /192.168.69.70:39520
	at sun.nio.ch.SocketChannelImpl.checkConnect(Native Method)
	at sun.nio.ch.SocketChannelImpl.finishConnect(SocketChannelImpl.java:717)
	at org.apache.ratis.thirdparty.io.netty.channel.socket.nio.NioSocketChannel.doFinishConnect(NioSocketChannel.java:327)
	at org.apache.ratis.thirdparty.io.netty.channel.nio.AbstractNioChannel$AbstractNioUnsafe.finishConnect(AbstractNioChannel.java:340)
	at org.apache.ratis.thirdparty.io.netty.channel.nio.NioEventLoop.processSelectedKey(NioEventLoop.java:632)
	at org.apache.ratis.thirdparty.io.netty.channel.nio.NioEventLoop.processSelectedKeysOptimized(NioEventLoop.java:579)
	at org.apache.ratis.thirdparty.io.netty.channel.nio.NioEventLoop.processSelectedKeys(NioEventLoop.java:496)
	at org.apache.ratis.thirdparty.io.netty.channel.nio.NioEventLoop.run(NioEventLoop.java:458)
	at org.apache.ratis.thirdparty.io.netty.util.concurrent.SingleThreadEventExecutor$5.run(SingleThreadEventExecutor.java:897)
	at org.apache.ratis.thirdparty.io.netty.util.concurrent.FastThreadLocalRunnable.run(FastThreadLocalRunnable.java:30)
	... 1 more
Caused by: java.net.ConnectException: Connection refused
	... 11 more
2019-11-18 04:04:47,405 [c1ab1948-bd06-494c-87a2-454d3d798b2a@group-97958710C56B-LeaderElection21] INFO  impl.RaftServerImpl (RaftServerImpl.java:setRole(173)) - c1ab1948-bd06-494c-87a2-454d3d798b2a@group-97958710C56B: changes role from CANDIDATE to FOLLOWER at term 1 for DISCOVERED_A_NEW_TERM
2019-11-18 04:04:47,406 [c1ab1948-bd06-494c-87a2-454d3d798b2a@group-97958710C56B-LeaderElection21] INFO  impl.RoleInfo (RoleInfo.java:shutdownLeaderElection(134)) - c1ab1948-bd06-494c-87a2-454d3d798b2a: shutdown LeaderElection
2019-11-18 04:04:47,406 [c1ab1948-bd06-494c-87a2-454d3d798b2a@group-97958710C56B-LeaderElection21] INFO  impl.RoleInfo (RoleInfo.java:updateAndGet(143)) - c1ab1948-bd06-494c-87a2-454d3d798b2a: start FollowerState
2019-11-18 04:04:48,801 [main] INFO  ozoneimpl.OzoneContainer (OzoneContainer.java:stop(244)) - Attempting to stop container services.
2019-11-18 04:04:48,803 [main] INFO  impl.RaftServerProxy (RaftServerProxy.java:lambda$close$4(314)) - 8a75d567-d87d-444b-bd42-22fe60317c43: close
2019-11-18 04:04:48,804 [main] INFO  impl.RaftServerImpl (RaftServerImpl.java:lambda$shutdown$3(250)) - 8a75d567-d87d-444b-bd42-22fe60317c43@group-A620CE3A2E5B: shutdown
2019-11-18 04:04:48,804 [main] INFO  util.JmxRegister (JmxRegister.java:unregister(73)) - Successfully un-registered JMX Bean with object name Ratis:service=RaftServer,group=group-A620CE3A2E5B,id=8a75d567-d87d-444b-bd42-22fe60317c43
2019-11-18 04:04:48,805 [main] INFO  impl.RoleInfo (RoleInfo.java:shutdownFollowerState(121)) - 8a75d567-d87d-444b-bd42-22fe60317c43: shutdown FollowerState
2019-11-18 04:04:48,805 [Thread-508] INFO  impl.FollowerState (FollowerState.java:run(120)) - 8a75d567-d87d-444b-bd42-22fe60317c43@group-A620CE3A2E5B-FollowerState was interrupted: java.lang.InterruptedException: sleep interrupted
2019-11-18 04:04:48,805 [main] INFO  impl.StateMachineUpdater (StateMachineUpdater.java:stopAndJoin(136)) - 8a75d567-d87d-444b-bd42-22fe60317c43@group-A620CE3A2E5B-StateMachineUpdater: set stopIndex = -1
2019-11-18 04:04:48,807 [main] INFO  impl.RaftServerImpl (ServerState.java:close(387)) - 8a75d567-d87d-444b-bd42-22fe60317c43@group-A620CE3A2E5B: closes. applyIndex: -1
2019-11-18 04:04:48,807 [8a75d567-d87d-444b-bd42-22fe60317c43@group-A620CE3A2E5B-SegmentedRaftLogWorker] INFO  segmented.SegmentedRaftLogWorker (SegmentedRaftLogWorker.java:run(316)) - 8a75d567-d87d-444b-bd42-22fe60317c43@group-A620CE3A2E5B-SegmentedRaftLogWorker was interrupted, exiting. There are 0 tasks remaining in the queue.
2019-11-18 04:04:48,808 [main] INFO  segmented.SegmentedRaftLogWorker (SegmentedRaftLogWorker.java:close(224)) - 8a75d567-d87d-444b-bd42-22fe60317c43@group-A620CE3A2E5B-SegmentedRaftLogWorker close()
2019-11-18 04:04:48,809 [main] INFO  impl.RaftServerImpl (RaftServerImpl.java:lambda$shutdown$3(250)) - 8a75d567-d87d-444b-bd42-22fe60317c43@group-D38B73652FD8: shutdown
2019-11-18 04:04:48,809 [main] INFO  util.JmxRegister (JmxRegister.java:unregister(73)) - Successfully un-registered JMX Bean with object name Ratis:service=RaftServer,group=group-D38B73652FD8,id=8a75d567-d87d-444b-bd42-22fe60317c43
2019-11-18 04:04:48,810 [main] INFO  impl.RoleInfo (RoleInfo.java:shutdownLeaderState(104)) - 8a75d567-d87d-444b-bd42-22fe60317c43: shutdown LeaderState
2019-11-18 04:04:48,810 [main] INFO  impl.PendingRequests (PendingRequests.java:sendNotLeaderResponses(206)) - 8a75d567-d87d-444b-bd42-22fe60317c43@group-D38B73652FD8-PendingRequests: sendNotLeaderResponses
2019-11-18 04:04:48,811 [main] INFO  impl.StateMachineUpdater (StateMachineUpdater.java:stopAndJoin(136)) - 8a75d567-d87d-444b-bd42-22fe60317c43@group-D38B73652FD8-StateMachineUpdater: set stopIndex = 0
2019-11-18 04:04:48,811 [ForkJoinPool.commonPool-worker-1] INFO  ozoneimpl.OzoneContainer (OzoneContainer.java:stop(244)) - Attempting to stop container services.
2019-11-18 04:04:48,811 [main] INFO  impl.RaftServerImpl (ServerState.java:close(387)) - 8a75d567-d87d-444b-bd42-22fe60317c43@group-D38B73652FD8: closes. applyIndex: 0
2019-11-18 04:04:48,812 [ForkJoinPool.commonPool-worker-1] INFO  impl.RaftServerProxy (RaftServerProxy.java:lambda$close$4(314)) - c1ab1948-bd06-494c-87a2-454d3d798b2a: close
2019-11-18 04:04:48,812 [8a75d567-d87d-444b-bd42-22fe60317c43@group-D38B73652FD8-SegmentedRaftLogWorker] INFO  segmented.SegmentedRaftLogWorker (SegmentedRaftLogWorker.java:run(316)) - 8a75d567-d87d-444b-bd42-22fe60317c43@group-D38B73652FD8-SegmentedRaftLogWorker was interrupted, exiting. There are 0 tasks remaining in the queue.
2019-11-18 04:04:48,812 [ForkJoinPool.commonPool-worker-1] INFO  impl.RaftServerImpl (RaftServerImpl.java:lambda$shutdown$3(250)) - c1ab1948-bd06-494c-87a2-454d3d798b2a@group-24D9ACDF2F1C: shutdown
2019-11-18 04:04:48,812 [main] INFO  segmented.SegmentedRaftLogWorker (SegmentedRaftLogWorker.java:close(224)) - 8a75d567-d87d-444b-bd42-22fe60317c43@group-D38B73652FD8-SegmentedRaftLogWorker close()
2019-11-18 04:04:48,812 [ForkJoinPool.commonPool-worker-1] INFO  util.JmxRegister (JmxRegister.java:unregister(73)) - Successfully un-registered JMX Bean with object name Ratis:service=RaftServer,group=group-24D9ACDF2F1C,id=c1ab1948-bd06-494c-87a2-454d3d798b2a
2019-11-18 04:04:48,814 [main] INFO  server.GrpcService (GrpcService.java:closeImpl(164)) - 8a75d567-d87d-444b-bd42-22fe60317c43: shutdown server with port 37667 now
2019-11-18 04:04:48,814 [ForkJoinPool.commonPool-worker-1] INFO  impl.RoleInfo (RoleInfo.java:shutdownLeaderState(104)) - c1ab1948-bd06-494c-87a2-454d3d798b2a: shutdown LeaderState
2019-11-18 04:04:48,816 [ForkJoinPool.commonPool-worker-1] INFO  impl.PendingRequests (PendingRequests.java:sendNotLeaderResponses(206)) - c1ab1948-bd06-494c-87a2-454d3d798b2a@group-24D9ACDF2F1C-PendingRequests: sendNotLeaderResponses
2019-11-18 04:04:48,817 [ForkJoinPool.commonPool-worker-1] INFO  impl.StateMachineUpdater (StateMachineUpdater.java:stopAndJoin(136)) - c1ab1948-bd06-494c-87a2-454d3d798b2a@group-24D9ACDF2F1C-StateMachineUpdater: set stopIndex = 0
2019-11-18 04:04:48,817 [main] INFO  server.GrpcService (GrpcService.java:closeImpl(172)) - 8a75d567-d87d-444b-bd42-22fe60317c43: shutdown server with port 37667 successfully
2019-11-18 04:04:48,818 [ForkJoinPool.commonPool-worker-1] INFO  impl.RaftServerImpl (ServerState.java:close(387)) - c1ab1948-bd06-494c-87a2-454d3d798b2a@group-24D9ACDF2F1C: closes. applyIndex: 0
2019-11-18 04:04:48,818 [c1ab1948-bd06-494c-87a2-454d3d798b2a@group-24D9ACDF2F1C-SegmentedRaftLogWorker] INFO  segmented.SegmentedRaftLogWorker (SegmentedRaftLogWorker.java:run(316)) - c1ab1948-bd06-494c-87a2-454d3d798b2a@group-24D9ACDF2F1C-SegmentedRaftLogWorker was interrupted, exiting. There are 0 tasks remaining in the queue.
2019-11-18 04:04:48,819 [ForkJoinPool.commonPool-worker-1] INFO  segmented.SegmentedRaftLogWorker (SegmentedRaftLogWorker.java:close(224)) - c1ab1948-bd06-494c-87a2-454d3d798b2a@group-24D9ACDF2F1C-SegmentedRaftLogWorker close()
2019-11-18 04:04:48,820 [ForkJoinPool.commonPool-worker-1] INFO  impl.RaftServerImpl (RaftServerImpl.java:lambda$shutdown$3(250)) - c1ab1948-bd06-494c-87a2-454d3d798b2a@group-97958710C56B: shutdown
2019-11-18 04:04:48,820 [ForkJoinPool.commonPool-worker-1] INFO  util.JmxRegister (JmxRegister.java:unregister(73)) - Successfully un-registered JMX Bean with object name Ratis:service=RaftServer,group=group-97958710C56B,id=c1ab1948-bd06-494c-87a2-454d3d798b2a
2019-11-18 04:04:48,821 [ForkJoinPool.commonPool-worker-1] INFO  impl.RoleInfo (RoleInfo.java:shutdownFollowerState(121)) - c1ab1948-bd06-494c-87a2-454d3d798b2a: shutdown FollowerState
2019-11-18 04:04:48,821 [ForkJoinPool.commonPool-worker-1] INFO  impl.StateMachineUpdater (StateMachineUpdater.java:stopAndJoin(136)) - c1ab1948-bd06-494c-87a2-454d3d798b2a@group-97958710C56B-StateMachineUpdater: set stopIndex = -1
2019-11-18 04:04:48,821 [Thread-512] INFO  impl.FollowerState (FollowerState.java:run(120)) - c1ab1948-bd06-494c-87a2-454d3d798b2a@group-97958710C56B-FollowerState was interrupted: java.lang.InterruptedException: sleep interrupted
2019-11-18 04:04:48,821 [ForkJoinPool.commonPool-worker-1] INFO  impl.RaftServerImpl (ServerState.java:close(387)) - c1ab1948-bd06-494c-87a2-454d3d798b2a@group-97958710C56B: closes. applyIndex: -1
2019-11-18 04:04:48,823 [c1ab1948-bd06-494c-87a2-454d3d798b2a@group-97958710C56B-SegmentedRaftLogWorker] INFO  segmented.SegmentedRaftLogWorker (SegmentedRaftLogWorker.java:run(316)) - c1ab1948-bd06-494c-87a2-454d3d798b2a@group-97958710C56B-SegmentedRaftLogWorker was interrupted, exiting. There are 0 tasks remaining in the queue.
2019-11-18 04:04:48,823 [ForkJoinPool.commonPool-worker-1] INFO  segmented.SegmentedRaftLogWorker (SegmentedRaftLogWorker.java:close(224)) - c1ab1948-bd06-494c-87a2-454d3d798b2a@group-97958710C56B-SegmentedRaftLogWorker close()
2019-11-18 04:04:48,824 [ForkJoinPool.commonPool-worker-1] INFO  impl.RaftServerImpl (RaftServerImpl.java:lambda$shutdown$3(250)) - c1ab1948-bd06-494c-87a2-454d3d798b2a@group-75ECB29DACA1: shutdown
2019-11-18 04:04:48,824 [ForkJoinPool.commonPool-worker-1] INFO  util.JmxRegister (JmxRegister.java:unregister(73)) - Successfully un-registered JMX Bean with object name Ratis:service=RaftServer,group=group-75ECB29DACA1,id=c1ab1948-bd06-494c-87a2-454d3d798b2a
2019-11-18 04:04:48,824 [ForkJoinPool.commonPool-worker-1] INFO  impl.RoleInfo (RoleInfo.java:shutdownFollowerState(121)) - c1ab1948-bd06-494c-87a2-454d3d798b2a: shutdown FollowerState
2019-11-18 04:04:48,824 [ForkJoinPool.commonPool-worker-1] INFO  impl.StateMachineUpdater (StateMachineUpdater.java:stopAndJoin(136)) - c1ab1948-bd06-494c-87a2-454d3d798b2a@group-75ECB29DACA1-StateMachineUpdater: set stopIndex = 0
2019-11-18 04:04:48,824 [Thread-504] INFO  impl.FollowerState (FollowerState.java:run(120)) - c1ab1948-bd06-494c-87a2-454d3d798b2a@group-75ECB29DACA1-FollowerState was interrupted: java.lang.InterruptedException: sleep interrupted
2019-11-18 04:04:48,827 [ForkJoinPool.commonPool-worker-1] INFO  impl.RaftServerImpl (ServerState.java:close(387)) - c1ab1948-bd06-494c-87a2-454d3d798b2a@group-75ECB29DACA1: closes. applyIndex: 0
2019-11-18 04:04:48,827 [c1ab1948-bd06-494c-87a2-454d3d798b2a@group-75ECB29DACA1-SegmentedRaftLogWorker] INFO  segmented.SegmentedRaftLogWorker (SegmentedRaftLogWorker.java:run(316)) - c1ab1948-bd06-494c-87a2-454d3d798b2a@group-75ECB29DACA1-SegmentedRaftLogWorker was interrupted, exiting. There are 0 tasks remaining in the queue.
2019-11-18 04:04:48,827 [ForkJoinPool.commonPool-worker-1] INFO  segmented.SegmentedRaftLogWorker (SegmentedRaftLogWorker.java:close(224)) - c1ab1948-bd06-494c-87a2-454d3d798b2a@group-75ECB29DACA1-SegmentedRaftLogWorker close()
2019-11-18 04:04:48,829 [ForkJoinPool.commonPool-worker-1] INFO  server.GrpcService (GrpcService.java:closeImpl(164)) - c1ab1948-bd06-494c-87a2-454d3d798b2a: shutdown server with port 35897 now
2019-11-18 04:04:48,836 [refreshUsed-/workdir/hadoop-ozone/integration-test/target/test-dir/MiniOzoneClusterImpl-1c214b3a-49ad-4877-b4c4-a160cd444fc4/datanode-4/data/containers] WARN  fs.CachingGetSpaceUsed (CachingGetSpaceUsed.java:run(183)) - Thread Interrupted waiting to refresh disk information: sleep interrupted
2019-11-18 04:04:48,836 [ForkJoinPool.commonPool-worker-1] INFO  server.GrpcService (GrpcService.java:closeImpl(172)) - c1ab1948-bd06-494c-87a2-454d3d798b2a: shutdown server with port 35897 successfully
2019-11-18 04:04:48,847 [refreshUsed-/workdir/hadoop-ozone/integration-test/target/test-dir/MiniOzoneClusterImpl-1c214b3a-49ad-4877-b4c4-a160cd444fc4/datanode-0/data/containers] WARN  fs.CachingGetSpaceUsed (CachingGetSpaceUsed.java:run(183)) - Thread Interrupted waiting to refresh disk information: sleep interrupted
2019-11-18 04:04:48,859 [main] INFO  utils.BackgroundService (BackgroundService.java:shutdown(151)) - Shutting down service BlockDeletingService
2019-11-18 04:04:48,862 [main] INFO  statemachine.DatanodeStateMachine (DatanodeStateMachine.java:stopDaemon(406)) - Ozone container server stopped.
2019-11-18 04:04:48,863 [main] INFO  handler.ContextHandler (ContextHandler.java:doStop(910)) - Stopped o.e.j.w.WebAppContext@121bb45b{/,null,UNAVAILABLE}{/hddsDatanode}
2019-11-18 04:04:48,864 [main] INFO  server.AbstractConnector (AbstractConnector.java:doStop(318)) - Stopped ServerConnector@4faa298{HTTP/1.1,[http/1.1]}{0.0.0.0:0}
2019-11-18 04:04:48,865 [main] INFO  handler.ContextHandler (ContextHandler.java:doStop(910)) - Stopped o.e.j.s.ServletContextHandler@6cc86152{/static,jar:file:/home/user/.m2/repository/org/apache/hadoop/hadoop-hdds-container-service/0.5.0-SNAPSHOT/hadoop-hdds-container-service-0.5.0-SNAPSHOT.jar!/webapps/static,UNAVAILABLE}
2019-11-18 04:04:48,866 [main] INFO  handler.ContextHandler (ContextHandler.java:doStop(910)) - Stopped o.e.j.s.ServletContextHandler@467b684d{/logs,file:///workdir/hadoop-ozone/integration-test/target/log,UNAVAILABLE}
2019-11-18 04:04:48,868 [ForkJoinPool.commonPool-worker-1] INFO  utils.BackgroundService (BackgroundService.java:shutdown(151)) - Shutting down service BlockDeletingService
2019-11-18 04:04:48,870 [ForkJoinPool.commonPool-worker-1] INFO  statemachine.DatanodeStateMachine (DatanodeStateMachine.java:stopDaemon(406)) - Ozone container server stopped.
2019-11-18 04:04:48,872 [ForkJoinPool.commonPool-worker-1] INFO  handler.ContextHandler (ContextHandler.java:doStop(910)) - Stopped o.e.j.w.WebAppContext@4110765e{/,null,UNAVAILABLE}{/hddsDatanode}
2019-11-18 04:04:48,873 [ForkJoinPool.commonPool-worker-1] INFO  server.AbstractConnector (AbstractConnector.java:doStop(318)) - Stopped ServerConnector@1ba359bd{HTTP/1.1,[http/1.1]}{0.0.0.0:0}
2019-11-18 04:04:48,873 [ForkJoinPool.commonPool-worker-1] INFO  handler.ContextHandler (ContextHandler.java:doStop(910)) - Stopped o.e.j.s.ServletContextHandler@44bd4b0a{/static,jar:file:/home/user/.m2/repository/org/apache/hadoop/hadoop-hdds-container-service/0.5.0-SNAPSHOT/hadoop-hdds-container-service-0.5.0-SNAPSHOT.jar!/webapps/static,UNAVAILABLE}
2019-11-18 04:04:48,874 [ForkJoinPool.commonPool-worker-1] INFO  handler.ContextHandler (ContextHandler.java:doStop(910)) - Stopped o.e.j.s.ServletContextHandler@288ca5f0{/logs,file:///workdir/hadoop-ozone/integration-test/target/log,UNAVAILABLE}
2019-11-18 04:04:48,875 [main] INFO  ozone.MiniOzoneClusterImpl (MiniOzoneClusterImpl.java:stopSCM(412)) - Stopping the StorageContainerManager
2019-11-18 04:04:48,875 [main] INFO  server.StorageContainerManager (StorageContainerManager.java:stop(803)) - Stopping Replication Manager Service.
2019-11-18 04:04:48,875 [main] INFO  container.ReplicationManager (ReplicationManager.java:stop(203)) - Stopping Replication Monitor Thread.
2019-11-18 04:04:48,875 [main] INFO  server.StorageContainerManager (StorageContainerManager.java:stop(810)) - Stopping Lease Manager of the command watchers
2019-11-18 04:04:48,875 [main] INFO  server.StorageContainerManager (StorageContainerManager.java:stop(817)) - Stopping datanode service RPC server
2019-11-18 04:04:48,876 [main] INFO  server.SCMDatanodeProtocolServer (SCMDatanodeProtocolServer.java:stop(366)) - Stopping the RPC server for DataNodes
2019-11-18 04:04:48,876 [main] INFO  ipc.Server (Server.java:stop(3082)) - Stopping server on 45535
2019-11-18 04:04:48,876 [IPC Server listener on 45535] INFO  ipc.Server (Server.java:run(1185)) - Stopping IPC Server listener on 45535
2019-11-18 04:04:48,877 [IPC Server Responder] INFO  ipc.Server (Server.java:run(1319)) - Stopping IPC Server Responder
2019-11-18 04:04:49,589 [SCM Heartbeat Processing Thread - 0] WARN  node.NodeStateManager (NodeStateManager.java:scheduleNextHealthCheck(646)) - Current Thread is interrupted, shutting down HB processing thread for Node Manager.
2019-11-18 04:04:49,589 [main] INFO  server.StorageContainerManager (StorageContainerManager.java:stop(825)) - Stopping block service RPC server
2019-11-18 04:04:49,589 [main] INFO  server.SCMBlockProtocolServer (SCMBlockProtocolServer.java:stop(155)) - Stopping the RPC server for Block Protocol
2019-11-18 04:04:49,590 [main] INFO  ipc.Server (Server.java:stop(3082)) - Stopping server on 45671
2019-11-18 04:04:49,591 [IPC Server listener on 45671] INFO  ipc.Server (Server.java:run(1185)) - Stopping IPC Server listener on 45671
2019-11-18 04:04:49,591 [main] INFO  server.StorageContainerManager (StorageContainerManager.java:stop(832)) - Stopping the StorageContainerLocationProtocol RPC server
2019-11-18 04:04:49,592 [IPC Server Responder] INFO  ipc.Server (Server.java:run(1319)) - Stopping IPC Server Responder
2019-11-18 04:04:49,592 [main] INFO  server.SCMClientProtocolServer (SCMClientProtocolServer.java:stop(169)) - Stopping the RPC server for Client Protocol
2019-11-18 04:04:49,592 [main] INFO  ipc.Server (Server.java:stop(3082)) - Stopping server on 34732
2019-11-18 04:04:49,594 [main] INFO  server.StorageContainerManager (StorageContainerManager.java:stop(839)) - Stopping Storage Container Manager HTTP server.
2019-11-18 04:04:49,594 [IPC Server listener on 34732] INFO  ipc.Server (Server.java:run(1185)) - Stopping IPC Server listener on 34732
2019-11-18 04:04:49,594 [IPC Server Responder] INFO  ipc.Server (Server.java:run(1319)) - Stopping IPC Server Responder
2019-11-18 04:04:49,595 [main] INFO  handler.ContextHandler (ContextHandler.java:doStop(910)) - Stopped o.e.j.w.WebAppContext@56102e1c{/,null,UNAVAILABLE}{/scm}
2019-11-18 04:04:49,596 [main] INFO  server.AbstractConnector (AbstractConnector.java:doStop(318)) - Stopped ServerConnector@466cf502{HTTP/1.1,[http/1.1]}{0.0.0.0:0}
2019-11-18 04:04:49,596 [main] INFO  handler.ContextHandler (ContextHandler.java:doStop(910)) - Stopped o.e.j.s.ServletContextHandler@a43ce46{/static,file:///workdir/hadoop-ozone/integration-test/target/test-classes/webapps/static,UNAVAILABLE}
2019-11-18 04:04:49,597 [main] INFO  handler.ContextHandler (ContextHandler.java:doStop(910)) - Stopped o.e.j.s.ServletContextHandler@6b53bcc2{/logs,file:///workdir/hadoop-ozone/integration-test/target/log,UNAVAILABLE}
2019-11-18 04:04:49,598 [main] INFO  server.StorageContainerManager (StorageContainerManager.java:stop(850)) - Stopping Block Manager Service.
2019-11-18 04:04:49,598 [main] INFO  utils.BackgroundService (BackgroundService.java:shutdown(151)) - Shutting down service SCMBlockDeletingService
2019-11-18 04:04:49,599 [main] INFO  utils.BackgroundService (BackgroundService.java:shutdown(151)) - Shutting down service SCMBlockDeletingService
2019-11-18 04:04:49,599 [main] INFO  server.StorageContainerManager (StorageContainerManager.java:stop(872)) - Stopping SCM Event Queue.
2019-11-18 04:04:49,607 [main] INFO  impl.MetricsSystemImpl (MetricsSystemImpl.java:stop(210)) - Stopping HddsDatanode metrics system...
2019-11-18 04:04:49,614 [prometheus] INFO  impl.MetricsSinkAdapter (MetricsSinkAdapter.java:publishMetricsFromQueue(141)) - prometheus thread interrupted.
2019-11-18 04:04:49,614 [main] INFO  impl.MetricsSystemImpl (MetricsSystemImpl.java:stop(216)) - HddsDatanode metrics system stopped.
]]></system-out>
    <system-err><![CDATA[ERROR StatusLogger No Log4j 2 configuration file found. Using default configuration (logging only errors to the console), or user programmatically provided configurations. Set system property 'log4j2.debug' to show Log4j 2 internal initialization logging. See https://logging.apache.org/log4j/2.x/manual/configuration.html for instructions on how to configure Log4j 2
Nov 18, 2019 4:04:38 AM org.apache.ratis.thirdparty.io.grpc.internal.SerializingExecutor run
SEVERE: Exception while executing runnable org.apache.ratis.thirdparty.io.grpc.internal.ServerImpl$JumpToApplicationThreadServerStreamListener$1Closed@1720f92
org.apache.ratis.thirdparty.io.grpc.StatusRuntimeException: CANCELLED: call already cancelled
	at org.apache.ratis.thirdparty.io.grpc.Status.asRuntimeException(Status.java:517)
	at org.apache.ratis.thirdparty.io.grpc.stub.ServerCalls$ServerCallStreamObserverImpl.onCompleted(ServerCalls.java:356)
	at org.apache.ratis.grpc.server.GrpcServerProtocolService$ServerRequestStreamObserver.onError(GrpcServerProtocolService.java:121)
	at org.apache.ratis.thirdparty.io.grpc.stub.ServerCalls$StreamingServerCallHandler$StreamingServerCallListener.onCancel(ServerCalls.java:269)
	at org.apache.ratis.thirdparty.io.grpc.internal.ServerCallImpl$ServerStreamListenerImpl.closed(ServerCallImpl.java:293)
	at org.apache.ratis.thirdparty.io.grpc.internal.ServerImpl$JumpToApplicationThreadServerStreamListener$1Closed.runInContext(ServerImpl.java:741)
	at org.apache.ratis.thirdparty.io.grpc.internal.ContextRunnable.run(ContextRunnable.java:37)
	at org.apache.ratis.thirdparty.io.grpc.internal.SerializingExecutor.run(SerializingExecutor.java:123)
	at java.util.concurrent.ThreadPoolExecutor.runWorker(ThreadPoolExecutor.java:1149)
	at java.util.concurrent.ThreadPoolExecutor$Worker.run(ThreadPoolExecutor.java:624)
	at java.lang.Thread.run(Thread.java:748)

Nov 18, 2019 4:04:38 AM org.apache.ratis.thirdparty.io.grpc.internal.SerializingExecutor run
SEVERE: Exception while executing runnable org.apache.ratis.thirdparty.io.grpc.internal.ServerImpl$JumpToApplicationThreadServerStreamListener$1Closed@d75a2c1
org.apache.ratis.thirdparty.io.grpc.StatusRuntimeException: CANCELLED: call already cancelled
	at org.apache.ratis.thirdparty.io.grpc.Status.asRuntimeException(Status.java:517)
	at org.apache.ratis.thirdparty.io.grpc.stub.ServerCalls$ServerCallStreamObserverImpl.onCompleted(ServerCalls.java:356)
	at org.apache.ratis.grpc.server.GrpcServerProtocolService$ServerRequestStreamObserver.onError(GrpcServerProtocolService.java:121)
	at org.apache.ratis.thirdparty.io.grpc.stub.ServerCalls$StreamingServerCallHandler$StreamingServerCallListener.onCancel(ServerCalls.java:269)
	at org.apache.ratis.thirdparty.io.grpc.internal.ServerCallImpl$ServerStreamListenerImpl.closed(ServerCallImpl.java:293)
	at org.apache.ratis.thirdparty.io.grpc.internal.ServerImpl$JumpToApplicationThreadServerStreamListener$1Closed.runInContext(ServerImpl.java:741)
	at org.apache.ratis.thirdparty.io.grpc.internal.ContextRunnable.run(ContextRunnable.java:37)
	at org.apache.ratis.thirdparty.io.grpc.internal.SerializingExecutor.run(SerializingExecutor.java:123)
	at java.util.concurrent.ThreadPoolExecutor.runWorker(ThreadPoolExecutor.java:1149)
	at java.util.concurrent.ThreadPoolExecutor$Worker.run(ThreadPoolExecutor.java:624)
	at java.lang.Thread.run(Thread.java:748)

]]></system-err>
  </testcase>
</testsuite>