<?xml version="1.0" encoding="UTF-8"?>
<testsuite xmlns:xsi="http://www.w3.org/2001/XMLSchema-instance" xsi:noNamespaceSchemaLocation="https://maven.apache.org/surefire/maven-surefire-plugin/xsd/surefire-test-report.xsd" name="org.apache.hadoop.ozone.TestMiniOzoneCluster" time="97.42" tests="4" errors="1" skipped="0" failures="0">
  <properties>
    <property name="awt.toolkit" value="sun.awt.X11.XToolkit"/>
    <property name="file.encoding.pkg" value="sun.io"/>
    <property name="java.specification.version" value="1.8"/>
    <property name="sun.cpu.isalist" value=""/>
    <property name="sun.jnu.encoding" value="ANSI_X3.4-1968"/>
    <property name="java.class.path" value="/workdir/hadoop-ozone/integration-test/target/test-classes:/workdir/hadoop-ozone/integration-test/target/classes:/home/user/.m2/repository/org/apache/hadoop/hadoop-ozone-common/0.5.0-SNAPSHOT/hadoop-ozone-common-0.5.0-SNAPSHOT.jar:/home/user/.m2/repository/org/apache/commons/commons-compress/1.4.1/commons-compress-1.4.1.jar:/home/user/.m2/repository/org/tukaani/xz/1.0/xz-1.0.jar:/home/user/.m2/repository/org/apache/hadoop/hadoop-common/3.2.0/hadoop-common-3.2.0.jar:/home/user/.m2/repository/org/apache/hadoop/hadoop-hdfs/3.2.0/hadoop-hdfs-3.2.0.jar:/home/user/.m2/repository/org/apache/hadoop/hadoop-hdfs-client/3.2.0/hadoop-hdfs-client-3.2.0.jar:/home/user/.m2/repository/com/fasterxml/jackson/core/jackson-annotations/2.9.9/jackson-annotations-2.9.9.jar:/home/user/.m2/repository/org/apache/hadoop/hadoop-hdds-common/0.5.0-SNAPSHOT/hadoop-hdds-common-0.5.0-SNAPSHOT.jar:/home/user/.m2/repository/javax/annotation/javax.annotation-api/1.2/javax.annotation-api-1.2.jar:/home/user/.m2/repository/org/apache/ratis/ratis-server/0.5.0-d6d58d0-SNAPSHOT/ratis-server-0.5.0-d6d58d0-SNAPSHOT.jar:/home/user/.m2/repository/org/apache/ratis/ratis-thirdparty-misc/0.2.0/ratis-thirdparty-misc-0.2.0.jar:/home/user/.m2/repository/org/apache/ratis/ratis-proto/0.5.0-d6d58d0-SNAPSHOT/ratis-proto-0.5.0-d6d58d0-SNAPSHOT.jar:/home/user/.m2/repository/org/apache/ratis/ratis-common/0.5.0-d6d58d0-SNAPSHOT/ratis-common-0.5.0-d6d58d0-SNAPSHOT.jar:/home/user/.m2/repository/org/apache/ratis/ratis-client/0.5.0-d6d58d0-SNAPSHOT/ratis-client-0.5.0-d6d58d0-SNAPSHOT.jar:/home/user/.m2/repository/org/apache/ratis/ratis-metrics/0.5.0-d6d58d0-SNAPSHOT/ratis-metrics-0.5.0-d6d58d0-SNAPSHOT.jar:/home/user/.m2/repository/org/apache/ratis/ratis-netty/0.5.0-d6d58d0-SNAPSHOT/ratis-netty-0.5.0-d6d58d0-SNAPSHOT.jar:/home/user/.m2/repository/org/apache/ratis/ratis-grpc/0.5.0-d6d58d0-SNAPSHOT/ratis-grpc-0.5.0-d6d58d0-SNAPSHOT.jar:/home/user/.m2/repository/org/rocksdb/rocksdbjni/6.0.1/rocksdbjni-6.0.1.jar:/home/user/.m2/repository/org/apache/logging/log4j/log4j-api/2.11.0/log4j-api-2.11.0.jar:/home/user/.m2/repository/org/apache/logging/log4j/log4j-core/2.11.0/log4j-core-2.11.0.jar:/home/user/.m2/repository/com/lmax/disruptor/3.4.2/disruptor-3.4.2.jar:/home/user/.m2/repository/org/apache/commons/commons-pool2/2.6.0/commons-pool2-2.6.0.jar:/home/user/.m2/repository/org/bouncycastle/bcpkix-jdk15on/1.60/bcpkix-jdk15on-1.60.jar:/home/user/.m2/repository/commons-validator/commons-validator/1.6/commons-validator-1.6.jar:/home/user/.m2/repository/commons-digester/commons-digester/1.8.1/commons-digester-1.8.1.jar:/home/user/.m2/repository/io/jaegertracing/jaeger-client/0.34.0/jaeger-client-0.34.0.jar:/home/user/.m2/repository/io/jaegertracing/jaeger-thrift/0.34.0/jaeger-thrift-0.34.0.jar:/home/user/.m2/repository/org/apache/thrift/libthrift/0.12.0/libthrift-0.12.0.jar:/home/user/.m2/repository/com/squareup/okhttp3/okhttp/3.9.0/okhttp-3.9.0.jar:/home/user/.m2/repository/com/squareup/okio/okio/1.13.0/okio-1.13.0.jar:/home/user/.m2/repository/io/jaegertracing/jaeger-core/0.34.0/jaeger-core-0.34.0.jar:/home/user/.m2/repository/io/jaegertracing/jaeger-tracerresolver/0.34.0/jaeger-tracerresolver-0.34.0.jar:/home/user/.m2/repository/io/opentracing/contrib/opentracing-tracerresolver/0.1.5/opentracing-tracerresolver-0.1.5.jar:/home/user/.m2/repository/io/opentracing/opentracing-util/0.31.0/opentracing-util-0.31.0.jar:/home/user/.m2/repository/io/opentracing/opentracing-api/0.31.0/opentracing-api-0.31.0.jar:/home/user/.m2/repository/io/opentracing/opentracing-noop/0.31.0/opentracing-noop-0.31.0.jar:/home/user/.m2/repository/org/apache/hadoop/hadoop-hdds-server-framework/0.5.0-SNAPSHOT/hadoop-hdds-server-framework-0.5.0-SNAPSHOT.jar:/home/user/.m2/repository/org/apache/hadoop/hadoop-hdds-container-service/0.5.0-SNAPSHOT/hadoop-hdds-container-service-0.5.0-SNAPSHOT.jar:/home/user/.m2/repository/org/apache/hadoop/hadoop-hdds-client/0.5.0-SNAPSHOT/hadoop-hdds-client-0.5.0-SNAPSHOT.jar:/home/user/.m2/repository/org/apache/hadoop/hadoop-hdds-tools/0.5.0-SNAPSHOT/hadoop-hdds-tools-0.5.0-SNAPSHOT.jar:/home/user/.m2/repository/org/apache/hadoop/hadoop-hdds-server-scm/0.5.0-SNAPSHOT/hadoop-hdds-server-scm-0.5.0-SNAPSHOT.jar:/home/user/.m2/repository/org/apache/hadoop/hadoop-hdds-docs/0.5.0-SNAPSHOT/hadoop-hdds-docs-0.5.0-SNAPSHOT.jar:/home/user/.m2/repository/io/dropwizard/metrics/metrics-core/3.2.4/metrics-core-3.2.4.jar:/home/user/.m2/repository/org/hamcrest/hamcrest-all/1.3/hamcrest-all-1.3.jar:/home/user/.m2/repository/org/bouncycastle/bcprov-jdk15on/1.60/bcprov-jdk15on-1.60.jar:/home/user/.m2/repository/info/picocli/picocli/3.9.6/picocli-3.9.6.jar:/home/user/.m2/repository/com/google/protobuf/protobuf-java/2.5.0/protobuf-java-2.5.0.jar:/home/user/.m2/repository/com/google/guava/guava/11.0.2/guava-11.0.2.jar:/home/user/.m2/repository/org/apache/hadoop/hadoop-ozone-ozone-manager/0.5.0-SNAPSHOT/hadoop-ozone-ozone-manager-0.5.0-SNAPSHOT.jar:/home/user/.m2/repository/org/apache/hadoop/hadoop-minikdc/3.2.0/hadoop-minikdc-3.2.0.jar:/home/user/.m2/repository/commons-io/commons-io/2.5/commons-io-2.5.jar:/home/user/.m2/repository/org/apache/kerby/kerb-simplekdc/1.0.1/kerb-simplekdc-1.0.1.jar:/home/user/.m2/repository/org/apache/kerby/kerb-client/1.0.1/kerb-client-1.0.1.jar:/home/user/.m2/repository/org/apache/kerby/kerby-config/1.0.1/kerby-config-1.0.1.jar:/home/user/.m2/repository/org/apache/kerby/kerb-core/1.0.1/kerb-core-1.0.1.jar:/home/user/.m2/repository/org/apache/kerby/kerby-pkix/1.0.1/kerby-pkix-1.0.1.jar:/home/user/.m2/repository/org/apache/kerby/kerby-asn1/1.0.1/kerby-asn1-1.0.1.jar:/home/user/.m2/repository/org/apache/kerby/kerby-util/1.0.1/kerby-util-1.0.1.jar:/home/user/.m2/repository/org/apache/kerby/kerb-common/1.0.1/kerb-common-1.0.1.jar:/home/user/.m2/repository/org/apache/kerby/kerb-crypto/1.0.1/kerb-crypto-1.0.1.jar:/home/user/.m2/repository/org/apache/kerby/kerb-util/1.0.1/kerb-util-1.0.1.jar:/home/user/.m2/repository/org/apache/kerby/token-provider/1.0.1/token-provider-1.0.1.jar:/home/user/.m2/repository/org/apache/kerby/kerb-admin/1.0.1/kerb-admin-1.0.1.jar:/home/user/.m2/repository/org/apache/kerby/kerb-server/1.0.1/kerb-server-1.0.1.jar:/home/user/.m2/repository/org/apache/kerby/kerb-identity/1.0.1/kerb-identity-1.0.1.jar:/home/user/.m2/repository/org/apache/kerby/kerby-xdr/1.0.1/kerby-xdr-1.0.1.jar:/home/user/.m2/repository/org/slf4j/slf4j-log4j12/1.7.25/slf4j-log4j12-1.7.25.jar:/home/user/.m2/repository/org/apache/hadoop/hadoop-ozone-s3gateway/0.5.0-SNAPSHOT/hadoop-ozone-s3gateway-0.5.0-SNAPSHOT.jar:/home/user/.m2/repository/org/jboss/weld/servlet/weld-servlet/2.4.7.Final/weld-servlet-2.4.7.Final.jar:/home/user/.m2/repository/org/glassfish/jersey/containers/jersey-container-servlet-core/2.27/jersey-container-servlet-core-2.27.jar:/home/user/.m2/repository/org/glassfish/hk2/external/javax.inject/2.5.0-b42/javax.inject-2.5.0-b42.jar:/home/user/.m2/repository/org/glassfish/jersey/core/jersey-common/2.27/jersey-common-2.27.jar:/home/user/.m2/repository/org/glassfish/hk2/osgi-resource-locator/1.0.1/osgi-resource-locator-1.0.1.jar:/home/user/.m2/repository/javax/ws/rs/javax.ws.rs-api/2.1/javax.ws.rs-api-2.1.jar:/home/user/.m2/repository/org/glassfish/jersey/ext/cdi/jersey-cdi1x/2.27/jersey-cdi1x-2.27.jar:/home/user/.m2/repository/org/glassfish/jersey/inject/jersey-hk2/2.27/jersey-hk2-2.27.jar:/home/user/.m2/repository/org/glassfish/hk2/hk2-locator/2.5.0-b42/hk2-locator-2.5.0-b42.jar:/home/user/.m2/repository/org/javassist/javassist/3.22.0-CR2/javassist-3.22.0-CR2.jar:/home/user/.m2/repository/org/glassfish/hk2/hk2-api/2.5.0/hk2-api-2.5.0.jar:/home/user/.m2/repository/org/glassfish/hk2/external/jakarta.inject/2.5.0/jakarta.inject-2.5.0.jar:/home/user/.m2/repository/org/glassfish/hk2/hk2-utils/2.5.0/hk2-utils-2.5.0.jar:/home/user/.m2/repository/jakarta/annotation/jakarta.annotation-api/1.3.4/jakarta.annotation-api-1.3.4.jar:/home/user/.m2/repository/org/glassfish/hk2/external/aopalliance-repackaged/2.5.0/aopalliance-repackaged-2.5.0.jar:/home/user/.m2/repository/com/fasterxml/jackson/dataformat/jackson-dataformat-xml/2.9.0/jackson-dataformat-xml-2.9.0.jar:/home/user/.m2/repository/com/fasterxml/jackson/core/jackson-core/2.9.9/jackson-core-2.9.9.jar:/home/user/.m2/repository/com/fasterxml/jackson/module/jackson-module-jaxb-annotations/2.9.9/jackson-module-jaxb-annotations-2.9.9.jar:/home/user/.m2/repository/javax/enterprise/cdi-api/1.2/cdi-api-1.2.jar:/home/user/.m2/repository/javax/el/javax.el-api/3.0.0/javax.el-api-3.0.0.jar:/home/user/.m2/repository/javax/interceptor/javax.interceptor-api/1.2/javax.interceptor-api-1.2.jar:/home/user/.m2/repository/javax/inject/javax.inject/1/javax.inject-1.jar:/home/user/.m2/repository/com/sun/xml/bind/jaxb-impl/2.3.0.1/jaxb-impl-2.3.0.1.jar:/home/user/.m2/repository/com/sun/xml/bind/jaxb-core/2.3.0.1/jaxb-core-2.3.0.1.jar:/home/user/.m2/repository/javax/xml/bind/jaxb-api/2.3.0/jaxb-api-2.3.0.jar:/home/user/.m2/repository/javax/activation/activation/1.1.1/activation-1.1.1.jar:/home/user/.m2/repository/org/apache/hadoop/hadoop-ozone-csi/0.5.0-SNAPSHOT/hadoop-ozone-csi-0.5.0-SNAPSHOT.jar:/home/user/.m2/repository/com/google/protobuf/protobuf-java-util/3.5.1/protobuf-java-util-3.5.1.jar:/home/user/.m2/repository/org/apache/hadoop/hadoop-hdds-config/0.5.0-SNAPSHOT/hadoop-hdds-config-0.5.0-SNAPSHOT.jar:/home/user/.m2/repository/io/grpc/grpc-netty/1.17.1/grpc-netty-1.17.1.jar:/home/user/.m2/repository/io/grpc/grpc-core/1.17.1/grpc-core-1.17.1.jar:/home/user/.m2/repository/io/grpc/grpc-context/1.17.1/grpc-context-1.17.1.jar:/home/user/.m2/repository/com/google/errorprone/error_prone_annotations/2.2.0/error_prone_annotations-2.2.0.jar:/home/user/.m2/repository/org/codehaus/mojo/animal-sniffer-annotations/1.17/animal-sniffer-annotations-1.17.jar:/home/user/.m2/repository/io/opencensus/opencensus-api/0.17.0/opencensus-api-0.17.0.jar:/home/user/.m2/repository/io/opencensus/opencensus-contrib-grpc-metrics/0.17.0/opencensus-contrib-grpc-metrics-0.17.0.jar:/home/user/.m2/repository/io/netty/netty-codec-http2/4.1.30.Final/netty-codec-http2-4.1.30.Final.jar:/home/user/.m2/repository/io/netty/netty-codec-http/4.1.30.Final/netty-codec-http-4.1.30.Final.jar:/home/user/.m2/repository/io/netty/netty-codec/4.1.30.Final/netty-codec-4.1.30.Final.jar:/home/user/.m2/repository/io/netty/netty-handler/4.1.30.Final/netty-handler-4.1.30.Final.jar:/home/user/.m2/repository/io/netty/netty-handler-proxy/4.1.30.Final/netty-handler-proxy-4.1.30.Final.jar:/home/user/.m2/repository/io/netty/netty-codec-socks/4.1.30.Final/netty-codec-socks-4.1.30.Final.jar:/home/user/.m2/repository/io/netty/netty-transport-native-epoll/4.1.30.Final/netty-transport-native-epoll-4.1.30.Final.jar:/home/user/.m2/repository/io/netty/netty-common/4.1.30.Final/netty-common-4.1.30.Final.jar:/home/user/.m2/repository/io/netty/netty-buffer/4.1.30.Final/netty-buffer-4.1.30.Final.jar:/home/user/.m2/repository/io/netty/netty-transport/4.1.30.Final/netty-transport-4.1.30.Final.jar:/home/user/.m2/repository/io/netty/netty-resolver/4.1.30.Final/netty-resolver-4.1.30.Final.jar:/home/user/.m2/repository/io/netty/netty-transport-native-unix-common/4.1.30.Final/netty-transport-native-unix-common-4.1.30.Final.jar:/home/user/.m2/repository/io/grpc/grpc-protobuf/1.17.1/grpc-protobuf-1.17.1.jar:/home/user/.m2/repository/com/google/api/grpc/proto-google-common-protos/1.0.0/proto-google-common-protos-1.0.0.jar:/home/user/.m2/repository/io/grpc/grpc-protobuf-lite/1.17.1/grpc-protobuf-lite-1.17.1.jar:/home/user/.m2/repository/io/grpc/grpc-stub/1.17.1/grpc-stub-1.17.1.jar:/home/user/.m2/repository/org/apache/hadoop/hadoop-ozone-recon/0.5.0-SNAPSHOT/hadoop-ozone-recon-0.5.0-SNAPSHOT.jar:/home/user/.m2/repository/org/apache/hadoop/hadoop-ozone-reconcodegen/0.5.0-SNAPSHOT/hadoop-ozone-reconcodegen-0.5.0-SNAPSHOT.jar:/home/user/.m2/repository/com/google/inject/extensions/guice-multibindings/4.0/guice-multibindings-4.0.jar:/home/user/.m2/repository/com/google/inject/guice/4.0/guice-4.0.jar:/home/user/.m2/repository/aopalliance/aopalliance/1.0/aopalliance-1.0.jar:/home/user/.m2/repository/com/google/inject/extensions/guice-servlet/4.0/guice-servlet-4.0.jar:/home/user/.m2/repository/org/glassfish/jersey/containers/jersey-container-servlet/2.27/jersey-container-servlet-2.27.jar:/home/user/.m2/repository/org/glassfish/hk2/guice-bridge/2.5.0/guice-bridge-2.5.0.jar:/home/user/.m2/repository/org/glassfish/jersey/core/jersey-server/2.27/jersey-server-2.27.jar:/home/user/.m2/repository/org/glassfish/jersey/core/jersey-client/2.27/jersey-client-2.27.jar:/home/user/.m2/repository/org/glassfish/jersey/media/jersey-media-jaxb/2.27/jersey-media-jaxb-2.27.jar:/home/user/.m2/repository/javax/validation/validation-api/1.1.0.Final/validation-api-1.1.0.Final.jar:/home/user/.m2/repository/org/glassfish/jersey/media/jersey-media-json-jackson/2.27/jersey-media-json-jackson-2.27.jar:/home/user/.m2/repository/org/glassfish/jersey/ext/jersey-entity-filtering/2.27/jersey-entity-filtering-2.27.jar:/home/user/.m2/repository/com/google/inject/extensions/guice-assistedinject/4.0/guice-assistedinject-4.0.jar:/home/user/.m2/repository/org/jooq/jooq/3.11.10/jooq-3.11.10.jar:/home/user/.m2/repository/org/jooq/jooq-meta/3.11.10/jooq-meta-3.11.10.jar:/home/user/.m2/repository/org/jooq/jooq-codegen/3.11.10/jooq-codegen-3.11.10.jar:/home/user/.m2/repository/com/jolbox/bonecp/0.8.0.RELEASE/bonecp-0.8.0.RELEASE.jar:/home/user/.m2/repository/org/xerial/sqlite-jdbc/3.25.2/sqlite-jdbc-3.25.2.jar:/home/user/.m2/repository/org/springframework/spring-jdbc/5.1.3.RELEASE/spring-jdbc-5.1.3.RELEASE.jar:/home/user/.m2/repository/org/springframework/spring-beans/5.1.3.RELEASE/spring-beans-5.1.3.RELEASE.jar:/home/user/.m2/repository/org/springframework/spring-core/5.1.3.RELEASE/spring-core-5.1.3.RELEASE.jar:/home/user/.m2/repository/org/springframework/spring-jcl/5.1.3.RELEASE/spring-jcl-5.1.3.RELEASE.jar:/home/user/.m2/repository/org/springframework/spring-tx/5.1.3.RELEASE/spring-tx-5.1.3.RELEASE.jar:/home/user/.m2/repository/org/apache/hadoop/hadoop-ozone-client/0.5.0-SNAPSHOT/hadoop-ozone-client-0.5.0-SNAPSHOT.jar:/home/user/.m2/repository/commons-lang/commons-lang/2.6/commons-lang-2.6.jar:/home/user/.m2/repository/org/apache/hadoop/hadoop-ozone-ozone-manager/0.5.0-SNAPSHOT/hadoop-ozone-ozone-manager-0.5.0-SNAPSHOT-tests.jar:/home/user/.m2/repository/junit/junit/4.11/junit-4.11.jar:/home/user/.m2/repository/org/hamcrest/hamcrest-core/1.3/hamcrest-core-1.3.jar:/home/user/.m2/repository/org/openjdk/jmh/jmh-core/1.19/jmh-core-1.19.jar:/home/user/.m2/repository/net/sf/jopt-simple/jopt-simple/4.6/jopt-simple-4.6.jar:/home/user/.m2/repository/org/apache/commons/commons-math3/3.1.1/commons-math3-3.1.1.jar:/home/user/.m2/repository/org/openjdk/jmh/jmh-generator-annprocess/1.19/jmh-generator-annprocess-1.19.jar:/home/user/.m2/repository/org/mockito/mockito-all/1.8.5/mockito-all-1.8.5.jar:/home/user/.m2/repository/org/apache/hadoop/hadoop-kms/3.2.0/hadoop-kms-3.2.0.jar:/home/user/.m2/repository/org/apache/hadoop/hadoop-auth/3.2.0/hadoop-auth-3.2.0.jar:/home/user/.m2/repository/com/nimbusds/nimbus-jose-jwt/4.41.1/nimbus-jose-jwt-4.41.1.jar:/home/user/.m2/repository/com/github/stephenc/jcip/jcip-annotations/1.0-1/jcip-annotations-1.0-1.jar:/home/user/.m2/repository/net/minidev/json-smart/2.3/json-smart-2.3.jar:/home/user/.m2/repository/net/minidev/accessors-smart/1.2/accessors-smart-1.2.jar:/home/user/.m2/repository/org/ow2/asm/asm/5.0.4/asm-5.0.4.jar:/home/user/.m2/repository/org/apache/curator/curator-framework/2.12.0/curator-framework-2.12.0.jar:/home/user/.m2/repository/com/sun/jersey/jersey-core/1.19/jersey-core-1.19.jar:/home/user/.m2/repository/javax/ws/rs/jsr311-api/1.1.1/jsr311-api-1.1.1.jar:/home/user/.m2/repository/com/sun/jersey/jersey-server/1.19/jersey-server-1.19.jar:/home/user/.m2/repository/javax/servlet/javax.servlet-api/3.1.0/javax.servlet-api-3.1.0.jar:/home/user/.m2/repository/org/eclipse/jetty/jetty-server/9.3.25.v20180904/jetty-server-9.3.25.v20180904.jar:/home/user/.m2/repository/org/eclipse/jetty/jetty-http/9.3.25.v20180904/jetty-http-9.3.25.v20180904.jar:/home/user/.m2/repository/org/eclipse/jetty/jetty-io/9.3.25.v20180904/jetty-io-9.3.25.v20180904.jar:/home/user/.m2/repository/org/eclipse/jetty/jetty-webapp/9.3.25.v20180904/jetty-webapp-9.3.25.v20180904.jar:/home/user/.m2/repository/org/eclipse/jetty/jetty-xml/9.3.25.v20180904/jetty-xml-9.3.25.v20180904.jar:/home/user/.m2/repository/log4j/log4j/1.2.17/log4j-1.2.17.jar:/home/user/.m2/repository/org/slf4j/slf4j-api/1.7.25/slf4j-api-1.7.25.jar:/home/user/.m2/repository/org/slf4j/jul-to-slf4j/1.7.25/jul-to-slf4j-1.7.25.jar:/home/user/.m2/repository/org/eclipse/jetty/jetty-util/9.3.25.v20180904/jetty-util-9.3.25.v20180904.jar:/home/user/.m2/repository/com/fasterxml/jackson/core/jackson-databind/2.9.9/jackson-databind-2.9.9.jar:/home/user/.m2/repository/org/apache/hadoop/hadoop-kms/3.2.0/hadoop-kms-3.2.0-tests.jar:/home/user/.m2/repository/org/apache/hadoop/hadoop-hdds-server-scm/0.5.0-SNAPSHOT/hadoop-hdds-server-scm-0.5.0-SNAPSHOT-tests.jar:/home/user/.m2/repository/org/apache/hadoop/hadoop-hdds-container-service/0.5.0-SNAPSHOT/hadoop-hdds-container-service-0.5.0-SNAPSHOT-tests.jar:/home/user/.m2/repository/org/yaml/snakeyaml/1.16/snakeyaml-1.16.jar:/home/user/.m2/repository/org/apache/hadoop/hadoop-common/3.2.0/hadoop-common-3.2.0-tests.jar:/home/user/.m2/repository/org/apache/hadoop/hadoop-annotations/3.2.0/hadoop-annotations-3.2.0.jar:/usr/lib/jvm/java-1.8.0-openjdk-1.8.0.222.b10-1.el7_7.x86_64/jre/../lib/tools.jar:/home/user/.m2/repository/commons-cli/commons-cli/1.2/commons-cli-1.2.jar:/home/user/.m2/repository/org/apache/httpcomponents/httpclient/4.5.2/httpclient-4.5.2.jar:/home/user/.m2/repository/org/apache/httpcomponents/httpcore/4.4.4/httpcore-4.4.4.jar:/home/user/.m2/repository/commons-codec/commons-codec/1.11/commons-codec-1.11.jar:/home/user/.m2/repository/commons-net/commons-net/3.6/commons-net-3.6.jar:/home/user/.m2/repository/commons-collections/commons-collections/3.2.2/commons-collections-3.2.2.jar:/home/user/.m2/repository/org/eclipse/jetty/jetty-servlet/9.3.25.v20180904/jetty-servlet-9.3.25.v20180904.jar:/home/user/.m2/repository/org/eclipse/jetty/jetty-security/9.3.25.v20180904/jetty-security-9.3.25.v20180904.jar:/home/user/.m2/repository/javax/servlet/jsp/jsp-api/2.1/jsp-api-2.1.jar:/home/user/.m2/repository/com/sun/jersey/jersey-servlet/1.19/jersey-servlet-1.19.jar:/home/user/.m2/repository/com/sun/jersey/jersey-json/1.19/jersey-json-1.19.jar:/home/user/.m2/repository/org/codehaus/jettison/jettison/1.1/jettison-1.1.jar:/home/user/.m2/repository/org/codehaus/jackson/jackson-core-asl/1.9.13/jackson-core-asl-1.9.13.jar:/home/user/.m2/repository/org/codehaus/jackson/jackson-mapper-asl/1.9.13/jackson-mapper-asl-1.9.13.jar:/home/user/.m2/repository/org/codehaus/jackson/jackson-jaxrs/1.9.13/jackson-jaxrs-1.9.13.jar:/home/user/.m2/repository/org/codehaus/jackson/jackson-xc/1.9.13/jackson-xc-1.9.13.jar:/home/user/.m2/repository/commons-logging/commons-logging/1.1.3/commons-logging-1.1.3.jar:/home/user/.m2/repository/commons-beanutils/commons-beanutils/1.9.4/commons-beanutils-1.9.4.jar:/home/user/.m2/repository/org/apache/commons/commons-configuration2/2.1.1/commons-configuration2-2.1.1.jar:/home/user/.m2/repository/org/apache/commons/commons-lang3/3.7/commons-lang3-3.7.jar:/home/user/.m2/repository/org/apache/commons/commons-text/1.4/commons-text-1.4.jar:/home/user/.m2/repository/org/apache/avro/avro/1.7.7/avro-1.7.7.jar:/home/user/.m2/repository/com/thoughtworks/paranamer/paranamer/2.3/paranamer-2.3.jar:/home/user/.m2/repository/org/xerial/snappy/snappy-java/1.0.5/snappy-java-1.0.5.jar:/home/user/.m2/repository/com/google/re2j/re2j/1.1/re2j-1.1.jar:/home/user/.m2/repository/com/google/code/gson/gson/2.2.4/gson-2.2.4.jar:/home/user/.m2/repository/com/jcraft/jsch/0.1.54/jsch-0.1.54.jar:/home/user/.m2/repository/org/apache/curator/curator-client/2.12.0/curator-client-2.12.0.jar:/home/user/.m2/repository/org/apache/curator/curator-recipes/2.12.0/curator-recipes-2.12.0.jar:/home/user/.m2/repository/com/google/code/findbugs/jsr305/3.0.0/jsr305-3.0.0.jar:/home/user/.m2/repository/org/apache/htrace/htrace-core4/4.1.0-incubating/htrace-core4-4.1.0-incubating.jar:/home/user/.m2/repository/org/apache/zookeeper/zookeeper/3.4.13/zookeeper-3.4.13.jar:/home/user/.m2/repository/jline/jline/0.9.94/jline-0.9.94.jar:/home/user/.m2/repository/org/apache/yetus/audience-annotations/0.5.0/audience-annotations-0.5.0.jar:/home/user/.m2/repository/org/codehaus/woodstox/stax2-api/3.1.4/stax2-api-3.1.4.jar:/home/user/.m2/repository/com/fasterxml/woodstox/woodstox-core/5.0.3/woodstox-core-5.0.3.jar:/home/user/.m2/repository/dnsjava/dnsjava/2.1.7/dnsjava-2.1.7.jar:/home/user/.m2/repository/org/apache/hadoop/hadoop-hdfs/3.2.0/hadoop-hdfs-3.2.0-tests.jar:/home/user/.m2/repository/org/eclipse/jetty/jetty-util-ajax/9.3.25.v20180904/jetty-util-ajax-9.3.25.v20180904.jar:/home/user/.m2/repository/commons-daemon/commons-daemon/1.0.13/commons-daemon-1.0.13.jar:/home/user/.m2/repository/io/netty/netty/3.10.5.Final/netty-3.10.5.Final.jar:/home/user/.m2/repository/io/netty/netty-all/4.0.52.Final/netty-all-4.0.52.Final.jar:/home/user/.m2/repository/org/fusesource/leveldbjni/leveldbjni-all/1.8/leveldbjni-all-1.8.jar:"/>
    <property name="java.vm.vendor" value="Oracle Corporation"/>
    <property name="sun.arch.data.model" value="64"/>
    <property name="test.build.dir" value="/workdir/hadoop-ozone/integration-test/target/test-dir"/>
    <property name="test.cache.data" value=""/>
    <property name="java.vendor.url" value="http://java.oracle.com/"/>
    <property name="user.timezone" value=""/>
    <property name="java.vm.specification.version" value="1.8"/>
    <property name="os.name" value="Linux"/>
    <property name="test.build.data" value="/workdir/hadoop-ozone/integration-test/target/test-dir"/>
    <property name="user.country" value="US"/>
    <property name="sun.java.launcher" value="SUN_STANDARD"/>
    <property name="sun.boot.library.path" value="/usr/lib/jvm/java-1.8.0-openjdk-1.8.0.222.b10-1.el7_7.x86_64/jre/lib/amd64"/>
    <property name="sun.java.command" value="/workdir/hadoop-ozone/integration-test/target/surefire/surefirebooter6972930297987702620.jar /workdir/hadoop-ozone/integration-test/target/surefire 2019-11-15T10-57-15_999-jvmRun1 surefire2705002110731211841tmp surefire_27150155624988746074tmp"/>
    <property name="surefire.test.class.path" value="/workdir/hadoop-ozone/integration-test/target/test-classes:/workdir/hadoop-ozone/integration-test/target/classes:/home/user/.m2/repository/org/apache/hadoop/hadoop-ozone-common/0.5.0-SNAPSHOT/hadoop-ozone-common-0.5.0-SNAPSHOT.jar:/home/user/.m2/repository/org/apache/commons/commons-compress/1.4.1/commons-compress-1.4.1.jar:/home/user/.m2/repository/org/tukaani/xz/1.0/xz-1.0.jar:/home/user/.m2/repository/org/apache/hadoop/hadoop-common/3.2.0/hadoop-common-3.2.0.jar:/home/user/.m2/repository/org/apache/hadoop/hadoop-hdfs/3.2.0/hadoop-hdfs-3.2.0.jar:/home/user/.m2/repository/org/apache/hadoop/hadoop-hdfs-client/3.2.0/hadoop-hdfs-client-3.2.0.jar:/home/user/.m2/repository/com/fasterxml/jackson/core/jackson-annotations/2.9.9/jackson-annotations-2.9.9.jar:/home/user/.m2/repository/org/apache/hadoop/hadoop-hdds-common/0.5.0-SNAPSHOT/hadoop-hdds-common-0.5.0-SNAPSHOT.jar:/home/user/.m2/repository/javax/annotation/javax.annotation-api/1.2/javax.annotation-api-1.2.jar:/home/user/.m2/repository/org/apache/ratis/ratis-server/0.5.0-d6d58d0-SNAPSHOT/ratis-server-0.5.0-d6d58d0-SNAPSHOT.jar:/home/user/.m2/repository/org/apache/ratis/ratis-thirdparty-misc/0.2.0/ratis-thirdparty-misc-0.2.0.jar:/home/user/.m2/repository/org/apache/ratis/ratis-proto/0.5.0-d6d58d0-SNAPSHOT/ratis-proto-0.5.0-d6d58d0-SNAPSHOT.jar:/home/user/.m2/repository/org/apache/ratis/ratis-common/0.5.0-d6d58d0-SNAPSHOT/ratis-common-0.5.0-d6d58d0-SNAPSHOT.jar:/home/user/.m2/repository/org/apache/ratis/ratis-client/0.5.0-d6d58d0-SNAPSHOT/ratis-client-0.5.0-d6d58d0-SNAPSHOT.jar:/home/user/.m2/repository/org/apache/ratis/ratis-metrics/0.5.0-d6d58d0-SNAPSHOT/ratis-metrics-0.5.0-d6d58d0-SNAPSHOT.jar:/home/user/.m2/repository/org/apache/ratis/ratis-netty/0.5.0-d6d58d0-SNAPSHOT/ratis-netty-0.5.0-d6d58d0-SNAPSHOT.jar:/home/user/.m2/repository/org/apache/ratis/ratis-grpc/0.5.0-d6d58d0-SNAPSHOT/ratis-grpc-0.5.0-d6d58d0-SNAPSHOT.jar:/home/user/.m2/repository/org/rocksdb/rocksdbjni/6.0.1/rocksdbjni-6.0.1.jar:/home/user/.m2/repository/org/apache/logging/log4j/log4j-api/2.11.0/log4j-api-2.11.0.jar:/home/user/.m2/repository/org/apache/logging/log4j/log4j-core/2.11.0/log4j-core-2.11.0.jar:/home/user/.m2/repository/com/lmax/disruptor/3.4.2/disruptor-3.4.2.jar:/home/user/.m2/repository/org/apache/commons/commons-pool2/2.6.0/commons-pool2-2.6.0.jar:/home/user/.m2/repository/org/bouncycastle/bcpkix-jdk15on/1.60/bcpkix-jdk15on-1.60.jar:/home/user/.m2/repository/commons-validator/commons-validator/1.6/commons-validator-1.6.jar:/home/user/.m2/repository/commons-digester/commons-digester/1.8.1/commons-digester-1.8.1.jar:/home/user/.m2/repository/io/jaegertracing/jaeger-client/0.34.0/jaeger-client-0.34.0.jar:/home/user/.m2/repository/io/jaegertracing/jaeger-thrift/0.34.0/jaeger-thrift-0.34.0.jar:/home/user/.m2/repository/org/apache/thrift/libthrift/0.12.0/libthrift-0.12.0.jar:/home/user/.m2/repository/com/squareup/okhttp3/okhttp/3.9.0/okhttp-3.9.0.jar:/home/user/.m2/repository/com/squareup/okio/okio/1.13.0/okio-1.13.0.jar:/home/user/.m2/repository/io/jaegertracing/jaeger-core/0.34.0/jaeger-core-0.34.0.jar:/home/user/.m2/repository/io/jaegertracing/jaeger-tracerresolver/0.34.0/jaeger-tracerresolver-0.34.0.jar:/home/user/.m2/repository/io/opentracing/contrib/opentracing-tracerresolver/0.1.5/opentracing-tracerresolver-0.1.5.jar:/home/user/.m2/repository/io/opentracing/opentracing-util/0.31.0/opentracing-util-0.31.0.jar:/home/user/.m2/repository/io/opentracing/opentracing-api/0.31.0/opentracing-api-0.31.0.jar:/home/user/.m2/repository/io/opentracing/opentracing-noop/0.31.0/opentracing-noop-0.31.0.jar:/home/user/.m2/repository/org/apache/hadoop/hadoop-hdds-server-framework/0.5.0-SNAPSHOT/hadoop-hdds-server-framework-0.5.0-SNAPSHOT.jar:/home/user/.m2/repository/org/apache/hadoop/hadoop-hdds-container-service/0.5.0-SNAPSHOT/hadoop-hdds-container-service-0.5.0-SNAPSHOT.jar:/home/user/.m2/repository/org/apache/hadoop/hadoop-hdds-client/0.5.0-SNAPSHOT/hadoop-hdds-client-0.5.0-SNAPSHOT.jar:/home/user/.m2/repository/org/apache/hadoop/hadoop-hdds-tools/0.5.0-SNAPSHOT/hadoop-hdds-tools-0.5.0-SNAPSHOT.jar:/home/user/.m2/repository/org/apache/hadoop/hadoop-hdds-server-scm/0.5.0-SNAPSHOT/hadoop-hdds-server-scm-0.5.0-SNAPSHOT.jar:/home/user/.m2/repository/org/apache/hadoop/hadoop-hdds-docs/0.5.0-SNAPSHOT/hadoop-hdds-docs-0.5.0-SNAPSHOT.jar:/home/user/.m2/repository/io/dropwizard/metrics/metrics-core/3.2.4/metrics-core-3.2.4.jar:/home/user/.m2/repository/org/hamcrest/hamcrest-all/1.3/hamcrest-all-1.3.jar:/home/user/.m2/repository/org/bouncycastle/bcprov-jdk15on/1.60/bcprov-jdk15on-1.60.jar:/home/user/.m2/repository/info/picocli/picocli/3.9.6/picocli-3.9.6.jar:/home/user/.m2/repository/com/google/protobuf/protobuf-java/2.5.0/protobuf-java-2.5.0.jar:/home/user/.m2/repository/com/google/guava/guava/11.0.2/guava-11.0.2.jar:/home/user/.m2/repository/org/apache/hadoop/hadoop-ozone-ozone-manager/0.5.0-SNAPSHOT/hadoop-ozone-ozone-manager-0.5.0-SNAPSHOT.jar:/home/user/.m2/repository/org/apache/hadoop/hadoop-minikdc/3.2.0/hadoop-minikdc-3.2.0.jar:/home/user/.m2/repository/commons-io/commons-io/2.5/commons-io-2.5.jar:/home/user/.m2/repository/org/apache/kerby/kerb-simplekdc/1.0.1/kerb-simplekdc-1.0.1.jar:/home/user/.m2/repository/org/apache/kerby/kerb-client/1.0.1/kerb-client-1.0.1.jar:/home/user/.m2/repository/org/apache/kerby/kerby-config/1.0.1/kerby-config-1.0.1.jar:/home/user/.m2/repository/org/apache/kerby/kerb-core/1.0.1/kerb-core-1.0.1.jar:/home/user/.m2/repository/org/apache/kerby/kerby-pkix/1.0.1/kerby-pkix-1.0.1.jar:/home/user/.m2/repository/org/apache/kerby/kerby-asn1/1.0.1/kerby-asn1-1.0.1.jar:/home/user/.m2/repository/org/apache/kerby/kerby-util/1.0.1/kerby-util-1.0.1.jar:/home/user/.m2/repository/org/apache/kerby/kerb-common/1.0.1/kerb-common-1.0.1.jar:/home/user/.m2/repository/org/apache/kerby/kerb-crypto/1.0.1/kerb-crypto-1.0.1.jar:/home/user/.m2/repository/org/apache/kerby/kerb-util/1.0.1/kerb-util-1.0.1.jar:/home/user/.m2/repository/org/apache/kerby/token-provider/1.0.1/token-provider-1.0.1.jar:/home/user/.m2/repository/org/apache/kerby/kerb-admin/1.0.1/kerb-admin-1.0.1.jar:/home/user/.m2/repository/org/apache/kerby/kerb-server/1.0.1/kerb-server-1.0.1.jar:/home/user/.m2/repository/org/apache/kerby/kerb-identity/1.0.1/kerb-identity-1.0.1.jar:/home/user/.m2/repository/org/apache/kerby/kerby-xdr/1.0.1/kerby-xdr-1.0.1.jar:/home/user/.m2/repository/org/slf4j/slf4j-log4j12/1.7.25/slf4j-log4j12-1.7.25.jar:/home/user/.m2/repository/org/apache/hadoop/hadoop-ozone-s3gateway/0.5.0-SNAPSHOT/hadoop-ozone-s3gateway-0.5.0-SNAPSHOT.jar:/home/user/.m2/repository/org/jboss/weld/servlet/weld-servlet/2.4.7.Final/weld-servlet-2.4.7.Final.jar:/home/user/.m2/repository/org/glassfish/jersey/containers/jersey-container-servlet-core/2.27/jersey-container-servlet-core-2.27.jar:/home/user/.m2/repository/org/glassfish/hk2/external/javax.inject/2.5.0-b42/javax.inject-2.5.0-b42.jar:/home/user/.m2/repository/org/glassfish/jersey/core/jersey-common/2.27/jersey-common-2.27.jar:/home/user/.m2/repository/org/glassfish/hk2/osgi-resource-locator/1.0.1/osgi-resource-locator-1.0.1.jar:/home/user/.m2/repository/javax/ws/rs/javax.ws.rs-api/2.1/javax.ws.rs-api-2.1.jar:/home/user/.m2/repository/org/glassfish/jersey/ext/cdi/jersey-cdi1x/2.27/jersey-cdi1x-2.27.jar:/home/user/.m2/repository/org/glassfish/jersey/inject/jersey-hk2/2.27/jersey-hk2-2.27.jar:/home/user/.m2/repository/org/glassfish/hk2/hk2-locator/2.5.0-b42/hk2-locator-2.5.0-b42.jar:/home/user/.m2/repository/org/javassist/javassist/3.22.0-CR2/javassist-3.22.0-CR2.jar:/home/user/.m2/repository/org/glassfish/hk2/hk2-api/2.5.0/hk2-api-2.5.0.jar:/home/user/.m2/repository/org/glassfish/hk2/external/jakarta.inject/2.5.0/jakarta.inject-2.5.0.jar:/home/user/.m2/repository/org/glassfish/hk2/hk2-utils/2.5.0/hk2-utils-2.5.0.jar:/home/user/.m2/repository/jakarta/annotation/jakarta.annotation-api/1.3.4/jakarta.annotation-api-1.3.4.jar:/home/user/.m2/repository/org/glassfish/hk2/external/aopalliance-repackaged/2.5.0/aopalliance-repackaged-2.5.0.jar:/home/user/.m2/repository/com/fasterxml/jackson/dataformat/jackson-dataformat-xml/2.9.0/jackson-dataformat-xml-2.9.0.jar:/home/user/.m2/repository/com/fasterxml/jackson/core/jackson-core/2.9.9/jackson-core-2.9.9.jar:/home/user/.m2/repository/com/fasterxml/jackson/module/jackson-module-jaxb-annotations/2.9.9/jackson-module-jaxb-annotations-2.9.9.jar:/home/user/.m2/repository/javax/enterprise/cdi-api/1.2/cdi-api-1.2.jar:/home/user/.m2/repository/javax/el/javax.el-api/3.0.0/javax.el-api-3.0.0.jar:/home/user/.m2/repository/javax/interceptor/javax.interceptor-api/1.2/javax.interceptor-api-1.2.jar:/home/user/.m2/repository/javax/inject/javax.inject/1/javax.inject-1.jar:/home/user/.m2/repository/com/sun/xml/bind/jaxb-impl/2.3.0.1/jaxb-impl-2.3.0.1.jar:/home/user/.m2/repository/com/sun/xml/bind/jaxb-core/2.3.0.1/jaxb-core-2.3.0.1.jar:/home/user/.m2/repository/javax/xml/bind/jaxb-api/2.3.0/jaxb-api-2.3.0.jar:/home/user/.m2/repository/javax/activation/activation/1.1.1/activation-1.1.1.jar:/home/user/.m2/repository/org/apache/hadoop/hadoop-ozone-csi/0.5.0-SNAPSHOT/hadoop-ozone-csi-0.5.0-SNAPSHOT.jar:/home/user/.m2/repository/com/google/protobuf/protobuf-java-util/3.5.1/protobuf-java-util-3.5.1.jar:/home/user/.m2/repository/org/apache/hadoop/hadoop-hdds-config/0.5.0-SNAPSHOT/hadoop-hdds-config-0.5.0-SNAPSHOT.jar:/home/user/.m2/repository/io/grpc/grpc-netty/1.17.1/grpc-netty-1.17.1.jar:/home/user/.m2/repository/io/grpc/grpc-core/1.17.1/grpc-core-1.17.1.jar:/home/user/.m2/repository/io/grpc/grpc-context/1.17.1/grpc-context-1.17.1.jar:/home/user/.m2/repository/com/google/errorprone/error_prone_annotations/2.2.0/error_prone_annotations-2.2.0.jar:/home/user/.m2/repository/org/codehaus/mojo/animal-sniffer-annotations/1.17/animal-sniffer-annotations-1.17.jar:/home/user/.m2/repository/io/opencensus/opencensus-api/0.17.0/opencensus-api-0.17.0.jar:/home/user/.m2/repository/io/opencensus/opencensus-contrib-grpc-metrics/0.17.0/opencensus-contrib-grpc-metrics-0.17.0.jar:/home/user/.m2/repository/io/netty/netty-codec-http2/4.1.30.Final/netty-codec-http2-4.1.30.Final.jar:/home/user/.m2/repository/io/netty/netty-codec-http/4.1.30.Final/netty-codec-http-4.1.30.Final.jar:/home/user/.m2/repository/io/netty/netty-codec/4.1.30.Final/netty-codec-4.1.30.Final.jar:/home/user/.m2/repository/io/netty/netty-handler/4.1.30.Final/netty-handler-4.1.30.Final.jar:/home/user/.m2/repository/io/netty/netty-handler-proxy/4.1.30.Final/netty-handler-proxy-4.1.30.Final.jar:/home/user/.m2/repository/io/netty/netty-codec-socks/4.1.30.Final/netty-codec-socks-4.1.30.Final.jar:/home/user/.m2/repository/io/netty/netty-transport-native-epoll/4.1.30.Final/netty-transport-native-epoll-4.1.30.Final.jar:/home/user/.m2/repository/io/netty/netty-common/4.1.30.Final/netty-common-4.1.30.Final.jar:/home/user/.m2/repository/io/netty/netty-buffer/4.1.30.Final/netty-buffer-4.1.30.Final.jar:/home/user/.m2/repository/io/netty/netty-transport/4.1.30.Final/netty-transport-4.1.30.Final.jar:/home/user/.m2/repository/io/netty/netty-resolver/4.1.30.Final/netty-resolver-4.1.30.Final.jar:/home/user/.m2/repository/io/netty/netty-transport-native-unix-common/4.1.30.Final/netty-transport-native-unix-common-4.1.30.Final.jar:/home/user/.m2/repository/io/grpc/grpc-protobuf/1.17.1/grpc-protobuf-1.17.1.jar:/home/user/.m2/repository/com/google/api/grpc/proto-google-common-protos/1.0.0/proto-google-common-protos-1.0.0.jar:/home/user/.m2/repository/io/grpc/grpc-protobuf-lite/1.17.1/grpc-protobuf-lite-1.17.1.jar:/home/user/.m2/repository/io/grpc/grpc-stub/1.17.1/grpc-stub-1.17.1.jar:/home/user/.m2/repository/org/apache/hadoop/hadoop-ozone-recon/0.5.0-SNAPSHOT/hadoop-ozone-recon-0.5.0-SNAPSHOT.jar:/home/user/.m2/repository/org/apache/hadoop/hadoop-ozone-reconcodegen/0.5.0-SNAPSHOT/hadoop-ozone-reconcodegen-0.5.0-SNAPSHOT.jar:/home/user/.m2/repository/com/google/inject/extensions/guice-multibindings/4.0/guice-multibindings-4.0.jar:/home/user/.m2/repository/com/google/inject/guice/4.0/guice-4.0.jar:/home/user/.m2/repository/aopalliance/aopalliance/1.0/aopalliance-1.0.jar:/home/user/.m2/repository/com/google/inject/extensions/guice-servlet/4.0/guice-servlet-4.0.jar:/home/user/.m2/repository/org/glassfish/jersey/containers/jersey-container-servlet/2.27/jersey-container-servlet-2.27.jar:/home/user/.m2/repository/org/glassfish/hk2/guice-bridge/2.5.0/guice-bridge-2.5.0.jar:/home/user/.m2/repository/org/glassfish/jersey/core/jersey-server/2.27/jersey-server-2.27.jar:/home/user/.m2/repository/org/glassfish/jersey/core/jersey-client/2.27/jersey-client-2.27.jar:/home/user/.m2/repository/org/glassfish/jersey/media/jersey-media-jaxb/2.27/jersey-media-jaxb-2.27.jar:/home/user/.m2/repository/javax/validation/validation-api/1.1.0.Final/validation-api-1.1.0.Final.jar:/home/user/.m2/repository/org/glassfish/jersey/media/jersey-media-json-jackson/2.27/jersey-media-json-jackson-2.27.jar:/home/user/.m2/repository/org/glassfish/jersey/ext/jersey-entity-filtering/2.27/jersey-entity-filtering-2.27.jar:/home/user/.m2/repository/com/google/inject/extensions/guice-assistedinject/4.0/guice-assistedinject-4.0.jar:/home/user/.m2/repository/org/jooq/jooq/3.11.10/jooq-3.11.10.jar:/home/user/.m2/repository/org/jooq/jooq-meta/3.11.10/jooq-meta-3.11.10.jar:/home/user/.m2/repository/org/jooq/jooq-codegen/3.11.10/jooq-codegen-3.11.10.jar:/home/user/.m2/repository/com/jolbox/bonecp/0.8.0.RELEASE/bonecp-0.8.0.RELEASE.jar:/home/user/.m2/repository/org/xerial/sqlite-jdbc/3.25.2/sqlite-jdbc-3.25.2.jar:/home/user/.m2/repository/org/springframework/spring-jdbc/5.1.3.RELEASE/spring-jdbc-5.1.3.RELEASE.jar:/home/user/.m2/repository/org/springframework/spring-beans/5.1.3.RELEASE/spring-beans-5.1.3.RELEASE.jar:/home/user/.m2/repository/org/springframework/spring-core/5.1.3.RELEASE/spring-core-5.1.3.RELEASE.jar:/home/user/.m2/repository/org/springframework/spring-jcl/5.1.3.RELEASE/spring-jcl-5.1.3.RELEASE.jar:/home/user/.m2/repository/org/springframework/spring-tx/5.1.3.RELEASE/spring-tx-5.1.3.RELEASE.jar:/home/user/.m2/repository/org/apache/hadoop/hadoop-ozone-client/0.5.0-SNAPSHOT/hadoop-ozone-client-0.5.0-SNAPSHOT.jar:/home/user/.m2/repository/commons-lang/commons-lang/2.6/commons-lang-2.6.jar:/home/user/.m2/repository/org/apache/hadoop/hadoop-ozone-ozone-manager/0.5.0-SNAPSHOT/hadoop-ozone-ozone-manager-0.5.0-SNAPSHOT-tests.jar:/home/user/.m2/repository/junit/junit/4.11/junit-4.11.jar:/home/user/.m2/repository/org/hamcrest/hamcrest-core/1.3/hamcrest-core-1.3.jar:/home/user/.m2/repository/org/openjdk/jmh/jmh-core/1.19/jmh-core-1.19.jar:/home/user/.m2/repository/net/sf/jopt-simple/jopt-simple/4.6/jopt-simple-4.6.jar:/home/user/.m2/repository/org/apache/commons/commons-math3/3.1.1/commons-math3-3.1.1.jar:/home/user/.m2/repository/org/openjdk/jmh/jmh-generator-annprocess/1.19/jmh-generator-annprocess-1.19.jar:/home/user/.m2/repository/org/mockito/mockito-all/1.8.5/mockito-all-1.8.5.jar:/home/user/.m2/repository/org/apache/hadoop/hadoop-kms/3.2.0/hadoop-kms-3.2.0.jar:/home/user/.m2/repository/org/apache/hadoop/hadoop-auth/3.2.0/hadoop-auth-3.2.0.jar:/home/user/.m2/repository/com/nimbusds/nimbus-jose-jwt/4.41.1/nimbus-jose-jwt-4.41.1.jar:/home/user/.m2/repository/com/github/stephenc/jcip/jcip-annotations/1.0-1/jcip-annotations-1.0-1.jar:/home/user/.m2/repository/net/minidev/json-smart/2.3/json-smart-2.3.jar:/home/user/.m2/repository/net/minidev/accessors-smart/1.2/accessors-smart-1.2.jar:/home/user/.m2/repository/org/ow2/asm/asm/5.0.4/asm-5.0.4.jar:/home/user/.m2/repository/org/apache/curator/curator-framework/2.12.0/curator-framework-2.12.0.jar:/home/user/.m2/repository/com/sun/jersey/jersey-core/1.19/jersey-core-1.19.jar:/home/user/.m2/repository/javax/ws/rs/jsr311-api/1.1.1/jsr311-api-1.1.1.jar:/home/user/.m2/repository/com/sun/jersey/jersey-server/1.19/jersey-server-1.19.jar:/home/user/.m2/repository/javax/servlet/javax.servlet-api/3.1.0/javax.servlet-api-3.1.0.jar:/home/user/.m2/repository/org/eclipse/jetty/jetty-server/9.3.25.v20180904/jetty-server-9.3.25.v20180904.jar:/home/user/.m2/repository/org/eclipse/jetty/jetty-http/9.3.25.v20180904/jetty-http-9.3.25.v20180904.jar:/home/user/.m2/repository/org/eclipse/jetty/jetty-io/9.3.25.v20180904/jetty-io-9.3.25.v20180904.jar:/home/user/.m2/repository/org/eclipse/jetty/jetty-webapp/9.3.25.v20180904/jetty-webapp-9.3.25.v20180904.jar:/home/user/.m2/repository/org/eclipse/jetty/jetty-xml/9.3.25.v20180904/jetty-xml-9.3.25.v20180904.jar:/home/user/.m2/repository/log4j/log4j/1.2.17/log4j-1.2.17.jar:/home/user/.m2/repository/org/slf4j/slf4j-api/1.7.25/slf4j-api-1.7.25.jar:/home/user/.m2/repository/org/slf4j/jul-to-slf4j/1.7.25/jul-to-slf4j-1.7.25.jar:/home/user/.m2/repository/org/eclipse/jetty/jetty-util/9.3.25.v20180904/jetty-util-9.3.25.v20180904.jar:/home/user/.m2/repository/com/fasterxml/jackson/core/jackson-databind/2.9.9/jackson-databind-2.9.9.jar:/home/user/.m2/repository/org/apache/hadoop/hadoop-kms/3.2.0/hadoop-kms-3.2.0-tests.jar:/home/user/.m2/repository/org/apache/hadoop/hadoop-hdds-server-scm/0.5.0-SNAPSHOT/hadoop-hdds-server-scm-0.5.0-SNAPSHOT-tests.jar:/home/user/.m2/repository/org/apache/hadoop/hadoop-hdds-container-service/0.5.0-SNAPSHOT/hadoop-hdds-container-service-0.5.0-SNAPSHOT-tests.jar:/home/user/.m2/repository/org/yaml/snakeyaml/1.16/snakeyaml-1.16.jar:/home/user/.m2/repository/org/apache/hadoop/hadoop-common/3.2.0/hadoop-common-3.2.0-tests.jar:/home/user/.m2/repository/org/apache/hadoop/hadoop-annotations/3.2.0/hadoop-annotations-3.2.0.jar:/usr/lib/jvm/java-1.8.0-openjdk-1.8.0.222.b10-1.el7_7.x86_64/jre/../lib/tools.jar:/home/user/.m2/repository/commons-cli/commons-cli/1.2/commons-cli-1.2.jar:/home/user/.m2/repository/org/apache/httpcomponents/httpclient/4.5.2/httpclient-4.5.2.jar:/home/user/.m2/repository/org/apache/httpcomponents/httpcore/4.4.4/httpcore-4.4.4.jar:/home/user/.m2/repository/commons-codec/commons-codec/1.11/commons-codec-1.11.jar:/home/user/.m2/repository/commons-net/commons-net/3.6/commons-net-3.6.jar:/home/user/.m2/repository/commons-collections/commons-collections/3.2.2/commons-collections-3.2.2.jar:/home/user/.m2/repository/org/eclipse/jetty/jetty-servlet/9.3.25.v20180904/jetty-servlet-9.3.25.v20180904.jar:/home/user/.m2/repository/org/eclipse/jetty/jetty-security/9.3.25.v20180904/jetty-security-9.3.25.v20180904.jar:/home/user/.m2/repository/javax/servlet/jsp/jsp-api/2.1/jsp-api-2.1.jar:/home/user/.m2/repository/com/sun/jersey/jersey-servlet/1.19/jersey-servlet-1.19.jar:/home/user/.m2/repository/com/sun/jersey/jersey-json/1.19/jersey-json-1.19.jar:/home/user/.m2/repository/org/codehaus/jettison/jettison/1.1/jettison-1.1.jar:/home/user/.m2/repository/org/codehaus/jackson/jackson-core-asl/1.9.13/jackson-core-asl-1.9.13.jar:/home/user/.m2/repository/org/codehaus/jackson/jackson-mapper-asl/1.9.13/jackson-mapper-asl-1.9.13.jar:/home/user/.m2/repository/org/codehaus/jackson/jackson-jaxrs/1.9.13/jackson-jaxrs-1.9.13.jar:/home/user/.m2/repository/org/codehaus/jackson/jackson-xc/1.9.13/jackson-xc-1.9.13.jar:/home/user/.m2/repository/commons-logging/commons-logging/1.1.3/commons-logging-1.1.3.jar:/home/user/.m2/repository/commons-beanutils/commons-beanutils/1.9.4/commons-beanutils-1.9.4.jar:/home/user/.m2/repository/org/apache/commons/commons-configuration2/2.1.1/commons-configuration2-2.1.1.jar:/home/user/.m2/repository/org/apache/commons/commons-lang3/3.7/commons-lang3-3.7.jar:/home/user/.m2/repository/org/apache/commons/commons-text/1.4/commons-text-1.4.jar:/home/user/.m2/repository/org/apache/avro/avro/1.7.7/avro-1.7.7.jar:/home/user/.m2/repository/com/thoughtworks/paranamer/paranamer/2.3/paranamer-2.3.jar:/home/user/.m2/repository/org/xerial/snappy/snappy-java/1.0.5/snappy-java-1.0.5.jar:/home/user/.m2/repository/com/google/re2j/re2j/1.1/re2j-1.1.jar:/home/user/.m2/repository/com/google/code/gson/gson/2.2.4/gson-2.2.4.jar:/home/user/.m2/repository/com/jcraft/jsch/0.1.54/jsch-0.1.54.jar:/home/user/.m2/repository/org/apache/curator/curator-client/2.12.0/curator-client-2.12.0.jar:/home/user/.m2/repository/org/apache/curator/curator-recipes/2.12.0/curator-recipes-2.12.0.jar:/home/user/.m2/repository/com/google/code/findbugs/jsr305/3.0.0/jsr305-3.0.0.jar:/home/user/.m2/repository/org/apache/htrace/htrace-core4/4.1.0-incubating/htrace-core4-4.1.0-incubating.jar:/home/user/.m2/repository/org/apache/zookeeper/zookeeper/3.4.13/zookeeper-3.4.13.jar:/home/user/.m2/repository/jline/jline/0.9.94/jline-0.9.94.jar:/home/user/.m2/repository/org/apache/yetus/audience-annotations/0.5.0/audience-annotations-0.5.0.jar:/home/user/.m2/repository/org/codehaus/woodstox/stax2-api/3.1.4/stax2-api-3.1.4.jar:/home/user/.m2/repository/com/fasterxml/woodstox/woodstox-core/5.0.3/woodstox-core-5.0.3.jar:/home/user/.m2/repository/dnsjava/dnsjava/2.1.7/dnsjava-2.1.7.jar:/home/user/.m2/repository/org/apache/hadoop/hadoop-hdfs/3.2.0/hadoop-hdfs-3.2.0-tests.jar:/home/user/.m2/repository/org/eclipse/jetty/jetty-util-ajax/9.3.25.v20180904/jetty-util-ajax-9.3.25.v20180904.jar:/home/user/.m2/repository/commons-daemon/commons-daemon/1.0.13/commons-daemon-1.0.13.jar:/home/user/.m2/repository/io/netty/netty/3.10.5.Final/netty-3.10.5.Final.jar:/home/user/.m2/repository/io/netty/netty-all/4.0.52.Final/netty-all-4.0.52.Final.jar:/home/user/.m2/repository/org/fusesource/leveldbjni/leveldbjni-all/1.8/leveldbjni-all-1.8.jar:"/>
    <property name="sun.cpu.endian" value="little"/>
    <property name="user.home" value="/home/user"/>
    <property name="user.language" value="en"/>
    <property name="java.specification.vendor" value="Oracle Corporation"/>
    <property name="java.home" value="/usr/lib/jvm/java-1.8.0-openjdk-1.8.0.222.b10-1.el7_7.x86_64/jre"/>
    <property name="surefire.excludesFile" value="/tools/ozone-bad-unit-tests"/>
    <property name="java.security.krb5.conf" value="/workdir/hadoop-ozone/integration-test/target/test-classes/krb5.conf"/>
    <property name="basedir" value="/workdir/hadoop-ozone/integration-test"/>
    <property name="file.separator" value="/"/>
    <property name="line.separator" value="&#10;"/>
    <property name="java.vm.specification.vendor" value="Oracle Corporation"/>
    <property name="java.specification.name" value="Java Platform API Specification"/>
    <property name="java.awt.graphicsenv" value="sun.awt.X11GraphicsEnvironment"/>
    <property name="surefire.real.class.path" value="/workdir/hadoop-ozone/integration-test/target/surefire/surefirebooter6972930297987702620.jar"/>
    <property name="hadoop.log.dir" value="/workdir/hadoop-ozone/integration-test/target/log"/>
    <property name="sun.boot.class.path" value="/usr/lib/jvm/java-1.8.0-openjdk-1.8.0.222.b10-1.el7_7.x86_64/jre/lib/resources.jar:/usr/lib/jvm/java-1.8.0-openjdk-1.8.0.222.b10-1.el7_7.x86_64/jre/lib/rt.jar:/usr/lib/jvm/java-1.8.0-openjdk-1.8.0.222.b10-1.el7_7.x86_64/jre/lib/sunrsasign.jar:/usr/lib/jvm/java-1.8.0-openjdk-1.8.0.222.b10-1.el7_7.x86_64/jre/lib/jsse.jar:/usr/lib/jvm/java-1.8.0-openjdk-1.8.0.222.b10-1.el7_7.x86_64/jre/lib/jce.jar:/usr/lib/jvm/java-1.8.0-openjdk-1.8.0.222.b10-1.el7_7.x86_64/jre/lib/charsets.jar:/usr/lib/jvm/java-1.8.0-openjdk-1.8.0.222.b10-1.el7_7.x86_64/jre/lib/jfr.jar:/usr/lib/jvm/java-1.8.0-openjdk-1.8.0.222.b10-1.el7_7.x86_64/jre/classes"/>
    <property name="sun.management.compiler" value="HotSpot 64-Bit Tiered Compilers"/>
    <property name="java.runtime.version" value="1.8.0_222-b10"/>
    <property name="java.net.preferIPv4Stack" value="true"/>
    <property name="user.name" value="jenkins1000"/>
    <property name="path.separator" value=":"/>
    <property name="java.security.egd" value="file:///dev/urandom"/>
    <property name="os.version" value="3.10.0-957.12.2.el7.x86_64"/>
    <property name="java.endorsed.dirs" value="/usr/lib/jvm/java-1.8.0-openjdk-1.8.0.222.b10-1.el7_7.x86_64/jre/lib/endorsed"/>
    <property name="java.runtime.name" value="OpenJDK Runtime Environment"/>
    <property name="file.encoding" value="ANSI_X3.4-1968"/>
    <property name="java.vm.name" value="OpenJDK 64-Bit Server VM"/>
    <property name="test.build.webapps" value=""/>
    <property name="localRepository" value="/home/user/.m2/repository"/>
    <property name="java.vendor.url.bug" value="http://bugreport.sun.com/bugreport/"/>
    <property name="java.io.tmpdir" value="/tmp"/>
    <property name="require.test.libhadoop" value=""/>
    <property name="java.version" value="1.8.0_222"/>
    <property name="user.dir" value="/workdir/hadoop-ozone/integration-test"/>
    <property name="os.arch" value="amd64"/>
    <property name="java.vm.specification.name" value="Java Virtual Machine Specification"/>
    <property name="test.build.classes" value="/workdir/hadoop-ozone/integration-test/target/test-classes"/>
    <property name="java.awt.printerjob" value="sun.print.PSPrinterJob"/>
    <property name="sun.os.patch.level" value="unknown"/>
    <property name="hadoop.tmp.dir" value="/workdir/hadoop-ozone/integration-test/target/tmp"/>
    <property name="java.library.path" value="/usr/lib:/workdir/hadoop-ozone/integration-test/target/native/target/usr/local/lib:/workdir/hadoop-ozone/integration-test/../../hadoop-common-project/hadoop-common/target/native/target/usr/local/lib:/usr/java/packages/lib/amd64:/usr/lib64:/lib64:/lib:/usr/lib"/>
    <property name="java.vm.info" value="mixed mode"/>
    <property name="java.vendor" value="Oracle Corporation"/>
    <property name="java.vm.version" value="25.222-b10"/>
    <property name="java.ext.dirs" value="/usr/lib/jvm/java-1.8.0-openjdk-1.8.0.222.b10-1.el7_7.x86_64/jre/lib/ext:/usr/java/packages/lib/ext"/>
    <property name="sun.io.unicode.encoding" value="UnicodeLittle"/>
    <property name="java.class.version" value="52.0"/>
  </properties>
  <testcase name="testStartMultipleDatanodes" classname="org.apache.hadoop.ozone.TestMiniOzoneCluster" time="40.284">
    <error message="test timed out after 30000 milliseconds" type="java.lang.Exception">java.lang.Exception: test timed out after 30000 milliseconds
	at java.lang.Thread.sleep(Native Method)
	at org.apache.hadoop.test.GenericTestUtils.waitFor(GenericTestUtils.java:382)
	at org.apache.hadoop.ozone.MiniOzoneClusterImpl.waitForClusterToBeReady(MiniOzoneClusterImpl.java:145)
	at org.apache.hadoop.ozone.TestMiniOzoneCluster.testStartMultipleDatanodes(TestMiniOzoneCluster.java:104)
	at sun.reflect.NativeMethodAccessorImpl.invoke0(Native Method)
	at sun.reflect.NativeMethodAccessorImpl.invoke(NativeMethodAccessorImpl.java:62)
	at sun.reflect.DelegatingMethodAccessorImpl.invoke(DelegatingMethodAccessorImpl.java:43)
	at java.lang.reflect.Method.invoke(Method.java:498)
	at org.junit.runners.model.FrameworkMethod$1.runReflectiveCall(FrameworkMethod.java:47)
	at org.junit.internal.runners.model.ReflectiveCallable.run(ReflectiveCallable.java:12)
	at org.junit.runners.model.FrameworkMethod.invokeExplosively(FrameworkMethod.java:44)
	at org.junit.internal.runners.statements.InvokeMethod.evaluate(InvokeMethod.java:17)
	at org.junit.internal.runners.statements.FailOnTimeout$StatementThread.run(FailOnTimeout.java:74)
</error>
    <system-out><![CDATA[2019-11-15 10:59:16,117 [Thread-0] WARN  server.ServerUtils (ServerUtils.java:getScmDbDir(145)) - ozone.scm.db.dirs is not configured. We recommend adding this setting. Falling back to ozone.metadata.dirs instead.
2019-11-15 10:59:22,715 [Thread-0] WARN  server.ServerUtils (ServerUtils.java:getScmDbDir(145)) - ozone.scm.db.dirs is not configured. We recommend adding this setting. Falling back to ozone.metadata.dirs instead.
2019-11-15 10:59:22,719 [Thread-0] WARN  server.ServerUtils (ServerUtils.java:getScmDbDir(145)) - ozone.scm.db.dirs is not configured. We recommend adding this setting. Falling back to ozone.metadata.dirs instead.
2019-11-15 10:59:22,748 [Thread-0] INFO  util.log (Log.java:initialized(192)) - Logging initialized @7462ms
2019-11-15 10:59:22,893 [Thread-0] INFO  db.DBStoreBuilder (DBStoreBuilder.java:addTable(127)) - using custom profile for table: deletedBlocks
2019-11-15 10:59:22,894 [Thread-0] INFO  db.DBStoreBuilder (DBStoreBuilder.java:processTables(183)) - Using default column profile:DBProfile.DISK for Table:deletedBlocks
2019-11-15 10:59:22,894 [Thread-0] INFO  db.DBStoreBuilder (DBStoreBuilder.java:addTable(127)) - using custom profile for table: validCerts
2019-11-15 10:59:22,895 [Thread-0] INFO  db.DBStoreBuilder (DBStoreBuilder.java:processTables(183)) - Using default column profile:DBProfile.DISK for Table:validCerts
2019-11-15 10:59:22,895 [Thread-0] INFO  db.DBStoreBuilder (DBStoreBuilder.java:addTable(127)) - using custom profile for table: revokedCerts
2019-11-15 10:59:22,895 [Thread-0] INFO  db.DBStoreBuilder (DBStoreBuilder.java:processTables(183)) - Using default column profile:DBProfile.DISK for Table:revokedCerts
2019-11-15 10:59:22,910 [Thread-0] INFO  db.DBStoreBuilder (DBStoreBuilder.java:addTable(127)) - using custom profile for table: default
2019-11-15 10:59:22,911 [Thread-0] INFO  db.DBStoreBuilder (DBStoreBuilder.java:processTables(189)) - Using default column profile:DBProfile.DISK for Table:default
2019-11-15 10:59:22,913 [Thread-0] INFO  db.DBStoreBuilder (DBStoreBuilder.java:getDbProfile(220)) - Using default options. DBProfile.DISK
2019-11-15 10:59:23,767 [Thread-0] INFO  net.NodeSchemaLoader (NodeSchemaLoader.java:loadSchemaFromFile(125)) - Loading file from sun.misc.CompoundEnumeration@3b9991f7
2019-11-15 10:59:23,768 [Thread-0] INFO  net.NodeSchemaLoader (NodeSchemaLoader.java:loadSchema(171)) - Loading network topology layer schema file
2019-11-15 10:59:23,826 [Thread-0] WARN  server.ServerUtils (ServerUtils.java:sanitizeUserArgs(70)) - ozone.scm.stale.node.interval value = 300000 is larger than max = 100000 based on the key value of ozone.scm.heartbeat.thread.interval, reset to the max value 100000.
2019-11-15 10:59:23,827 [Thread-0] WARN  server.ServerUtils (ServerUtils.java:sanitizeUserArgs(70)) - ozone.scm.stale.node.interval value = 300000 is larger than max = 100000 based on the key value of ozone.scm.heartbeat.thread.interval, reset to the max value 100000.
2019-11-15 10:59:23,830 [Thread-0] INFO  node.SCMNodeManager (SCMNodeManager.java:<init>(116)) - Entering startup safe mode.
2019-11-15 10:59:23,891 [Thread-0] INFO  algorithms.ContainerPlacementPolicyFactory (ContainerPlacementPolicyFactory.java:getPolicy(57)) - Create container placement policy of type org.apache.hadoop.hdds.scm.container.placement.algorithms.SCMContainerPlacementRandom
2019-11-15 10:59:23,904 [Thread-0] WARN  server.ServerUtils (ServerUtils.java:getScmDbDir(145)) - ozone.scm.db.dirs is not configured. We recommend adding this setting. Falling back to ozone.metadata.dirs instead.
2019-11-15 10:59:23,953 [Thread-0] INFO  pipeline.SCMPipelineManager (SCMPipelineManager.java:initializePipelineState(136)) - No pipeline exists in current db
2019-11-15 10:59:23,955 [Thread-0] WARN  server.ServerUtils (ServerUtils.java:getScmDbDir(145)) - ozone.scm.db.dirs is not configured. We recommend adding this setting. Falling back to ozone.metadata.dirs instead.
2019-11-15 10:59:24,051 [Thread-0] INFO  safemode.HealthyPipelineSafeModeRule (HealthyPipelineSafeModeRule.java:<init>(92)) -  Total pipeline count is 0, healthy pipeline threshold count is 1
2019-11-15 10:59:24,055 [Thread-0] INFO  safemode.OneReplicaPipelineSafeModeRule (OneReplicaPipelineSafeModeRule.java:<init>(79)) - Total pipeline count is 0, pipeline's with at least one datanode reported threshold count is 0
2019-11-15 10:59:24,055 [Thread-0] WARN  events.EventQueue (EventQueue.java:fireEvent(183)) - No event handler registered for event TypedEvent{payloadType=SafeModeStatus, name='SafeModeStatus'}
2019-11-15 10:59:24,424 [Thread-0] INFO  ipc.CallQueueManager (CallQueueManager.java:<init>(84)) - Using callQueue: class java.util.concurrent.LinkedBlockingQueue, queueCapacity: 2000, scheduler: class org.apache.hadoop.ipc.DefaultRpcScheduler, ipcBackoff: false.
2019-11-15 10:59:24,551 [Socket Reader #1 for port 35457] INFO  ipc.Server (Server.java:run(1074)) - Starting Socket Reader #1 for port 35457
2019-11-15 10:59:24,576 [Thread-0] INFO  ipc.CallQueueManager (CallQueueManager.java:<init>(84)) - Using callQueue: class java.util.concurrent.LinkedBlockingQueue, queueCapacity: 2000, scheduler: class org.apache.hadoop.ipc.DefaultRpcScheduler, ipcBackoff: false.
2019-11-15 10:59:24,577 [Socket Reader #1 for port 42738] INFO  ipc.Server (Server.java:run(1074)) - Starting Socket Reader #1 for port 42738
2019-11-15 10:59:24,584 [Thread-0] INFO  ipc.CallQueueManager (CallQueueManager.java:<init>(84)) - Using callQueue: class java.util.concurrent.LinkedBlockingQueue, queueCapacity: 2000, scheduler: class org.apache.hadoop.ipc.DefaultRpcScheduler, ipcBackoff: false.
2019-11-15 10:59:24,585 [Socket Reader #1 for port 40326] INFO  ipc.Server (Server.java:run(1074)) - Starting Socket Reader #1 for port 40326
2019-11-15 10:59:24,606 [Thread-0] INFO  hdfs.DFSUtil (DFSUtil.java:httpServerTemplateForNNAndJN(1641)) - Starting Web-server for scm at: http://0.0.0.0:0
2019-11-15 10:59:24,755 [Thread-0] INFO  server.AuthenticationFilter (AuthenticationFilter.java:constructSecretProvider(240)) - Unable to initialize FileSignerSecretProvider, falling back to use random secrets.
2019-11-15 10:59:24,763 [Thread-0] WARN  http.HttpRequestLog (HttpRequestLog.java:getRequestLog(97)) - Jetty request log can only be enabled using Log4j
2019-11-15 10:59:24,770 [Thread-0] INFO  http.HttpServer2 (HttpServer2.java:addGlobalFilter(975)) - Added global filter 'safety' (class=org.apache.hadoop.http.HttpServer2$QuotingInputFilter)
2019-11-15 10:59:24,773 [Thread-0] INFO  http.HttpServer2 (HttpServer2.java:addFilter(948)) - Added filter static_user_filter (class=org.apache.hadoop.http.lib.StaticUserWebFilter$StaticUserFilter) to context scm
2019-11-15 10:59:24,773 [Thread-0] INFO  http.HttpServer2 (HttpServer2.java:addFilter(958)) - Added filter static_user_filter (class=org.apache.hadoop.http.lib.StaticUserWebFilter$StaticUserFilter) to context logs
2019-11-15 10:59:24,773 [Thread-0] INFO  http.HttpServer2 (HttpServer2.java:addFilter(958)) - Added filter static_user_filter (class=org.apache.hadoop.http.lib.StaticUserWebFilter$StaticUserFilter) to context static
2019-11-15 10:59:24,804 [Thread-0] INFO  server.StorageContainerManager (StorageContainerManager.java:start(765)) - StorageContainerLocationProtocol RPC server is listening at /0.0.0.0:40326
2019-11-15 10:59:24,860 [Thread-0] WARN  impl.MetricsConfig (MetricsConfig.java:loadFirst(134)) - Cannot locate configuration: tried hadoop-metrics2-storagecontainermanager.properties,hadoop-metrics2.properties
2019-11-15 10:59:24,871 [Thread-0] INFO  impl.MetricsSystemImpl (MetricsSystemImpl.java:startTimer(374)) - Scheduled Metric snapshot period at 10 second(s).
2019-11-15 10:59:24,871 [Thread-0] INFO  impl.MetricsSystemImpl (MetricsSystemImpl.java:start(191)) - StorageContainerManager metrics system started
2019-11-15 10:59:25,150 [Thread-0] INFO  server.SCMClientProtocolServer (SCMClientProtocolServer.java:start(160)) - RPC server for Client  is listening at /0.0.0.0:40326
2019-11-15 10:59:25,151 [IPC Server Responder] INFO  ipc.Server (Server.java:run(1314)) - IPC Server Responder: starting
2019-11-15 10:59:25,151 [IPC Server listener on 40326] INFO  ipc.Server (Server.java:run(1153)) - IPC Server listener on 40326: starting
2019-11-15 10:59:25,155 [Thread-0] INFO  server.StorageContainerManager (StorageContainerManager.java:start(775)) - ScmBlockLocationProtocol RPC server is listening at /0.0.0.0:42738
2019-11-15 10:59:25,155 [Thread-0] INFO  server.SCMBlockProtocolServer (SCMBlockProtocolServer.java:start(146)) - RPC server for Block Protocol is listening at /0.0.0.0:42738
2019-11-15 10:59:25,156 [IPC Server Responder] INFO  ipc.Server (Server.java:run(1314)) - IPC Server Responder: starting
2019-11-15 10:59:25,156 [IPC Server listener on 42738] INFO  ipc.Server (Server.java:run(1153)) - IPC Server listener on 42738: starting
2019-11-15 10:59:25,158 [Thread-0] INFO  server.StorageContainerManager (StorageContainerManager.java:start(779)) - ScmDatanodeProtocl RPC server is listening at /0.0.0.0:35457
2019-11-15 10:59:25,159 [Thread-0] INFO  server.SCMDatanodeProtocolServer (SCMDatanodeProtocolServer.java:start(177)) - RPC server for DataNodes is listening at /0.0.0.0:35457
2019-11-15 10:59:25,159 [IPC Server Responder] INFO  ipc.Server (Server.java:run(1314)) - IPC Server Responder: starting
2019-11-15 10:59:25,159 [IPC Server listener on 35457] INFO  ipc.Server (Server.java:run(1153)) - IPC Server listener on 35457: starting
2019-11-15 10:59:25,163 [Thread-0] INFO  http.HttpServer2 (HttpServer2.java:bindListener(1191)) - Jetty bound to port 42609
2019-11-15 10:59:25,165 [Thread-0] INFO  server.Server (Server.java:doStart(351)) - jetty-9.3.25.v20180904, build timestamp: 2018-09-04T21:11:46Z, git hash: 3ce520221d0240229c862b122d2b06c12a625732
2019-11-15 10:59:25,203 [Thread-0] INFO  handler.ContextHandler (ContextHandler.java:doStart(781)) - Started o.e.j.s.ServletContextHandler@62d60976{/logs,file:///workdir/hadoop-ozone/integration-test/target/log,AVAILABLE}
2019-11-15 10:59:25,203 [Thread-0] INFO  handler.ContextHandler (ContextHandler.java:doStart(781)) - Started o.e.j.s.ServletContextHandler@d71714f{/static,file:///workdir/hadoop-ozone/integration-test/target/test-classes/webapps/static,AVAILABLE}
2019-11-15 10:59:25,237 [Thread-0] INFO  handler.ContextHandler (ContextHandler.java:doStart(781)) - Started o.e.j.w.WebAppContext@64b4f5c2{/,file:///workdir/hadoop-ozone/integration-test/target/test-classes/webapps/scm/,AVAILABLE}{/scm}
2019-11-15 10:59:25,243 [Thread-0] INFO  server.AbstractConnector (AbstractConnector.java:doStart(278)) - Started ServerConnector@4f7b8b88{HTTP/1.1,[http/1.1]}{0.0.0.0:42609}
2019-11-15 10:59:25,243 [Thread-0] INFO  server.Server (Server.java:doStart(419)) - Started @9957ms
2019-11-15 10:59:25,246 [Thread-0] INFO  impl.MetricsSinkAdapter (MetricsSinkAdapter.java:start(204)) - Sink prometheus started
2019-11-15 10:59:25,246 [Thread-0] INFO  impl.MetricsSystemImpl (MetricsSystemImpl.java:registerSink(301)) - Registered sink prometheus
2019-11-15 10:59:25,248 [Thread-0] INFO  server.BaseHttpServer (BaseHttpServer.java:updateConnectorAddress(215)) - HTTP server of SCM is listening at http://0.0.0.0:42609
2019-11-15 10:59:25,259 [org.apache.hadoop.util.JvmPauseMonitor$Monitor@22a4d63e] INFO  util.JvmPauseMonitor (JvmPauseMonitor.java:run(188)) - Starting JVM pause monitor
2019-11-15 10:59:25,264 [Thread-0] WARN  server.ServerUtils (ServerUtils.java:getDBPath(222)) - ozone.om.db.dirs is not configured. We recommend adding this setting. Falling back to ozone.metadata.dirs instead.
2019-11-15 10:59:25,383 [Thread-0] INFO  ha.OMHANodeDetails (OMHANodeDetails.java:loadOMHAConfig(190)) - Configuration either no ozone.om.address set. Falling back to the default OM address /127.0.0.1:0
2019-11-15 10:59:25,384 [Thread-0] INFO  ha.OMHANodeDetails (OMHANodeDetails.java:getOMNodeDetails(220)) - OM Service ID is not set. Setting it to the default ID: omServiceIdDefault
2019-11-15 10:59:25,388 [Thread-0] WARN  server.ServerUtils (ServerUtils.java:getDBPath(222)) - ozone.om.db.dirs is not configured. We recommend adding this setting. Falling back to ozone.metadata.dirs instead.
2019-11-15 10:59:25,390 [Thread-0] WARN  server.ServerUtils (ServerUtils.java:getDBPath(222)) - ozone.om.db.dirs is not configured. We recommend adding this setting. Falling back to ozone.metadata.dirs instead.
2019-11-15 10:59:26,041 [Thread-0] WARN  server.ServerUtils (ServerUtils.java:getDBPath(222)) - ozone.om.db.dirs is not configured. We recommend adding this setting. Falling back to ozone.metadata.dirs instead.
2019-11-15 10:59:26,049 [Thread-0] INFO  db.DBStoreBuilder (DBStoreBuilder.java:addTable(127)) - using custom profile for table: userTable
2019-11-15 10:59:26,049 [Thread-0] INFO  db.DBStoreBuilder (DBStoreBuilder.java:processTables(183)) - Using default column profile:DBProfile.DISK for Table:userTable
2019-11-15 10:59:26,049 [Thread-0] INFO  db.DBStoreBuilder (DBStoreBuilder.java:addTable(127)) - using custom profile for table: volumeTable
2019-11-15 10:59:26,050 [Thread-0] INFO  db.DBStoreBuilder (DBStoreBuilder.java:processTables(183)) - Using default column profile:DBProfile.DISK for Table:volumeTable
2019-11-15 10:59:26,050 [Thread-0] INFO  db.DBStoreBuilder (DBStoreBuilder.java:addTable(127)) - using custom profile for table: bucketTable
2019-11-15 10:59:26,050 [Thread-0] INFO  db.DBStoreBuilder (DBStoreBuilder.java:processTables(183)) - Using default column profile:DBProfile.DISK for Table:bucketTable
2019-11-15 10:59:26,050 [Thread-0] INFO  db.DBStoreBuilder (DBStoreBuilder.java:addTable(127)) - using custom profile for table: keyTable
2019-11-15 10:59:26,050 [Thread-0] INFO  db.DBStoreBuilder (DBStoreBuilder.java:processTables(183)) - Using default column profile:DBProfile.DISK for Table:keyTable
2019-11-15 10:59:26,051 [Thread-0] INFO  db.DBStoreBuilder (DBStoreBuilder.java:addTable(127)) - using custom profile for table: deletedTable
2019-11-15 10:59:26,051 [Thread-0] INFO  db.DBStoreBuilder (DBStoreBuilder.java:processTables(183)) - Using default column profile:DBProfile.DISK for Table:deletedTable
2019-11-15 10:59:26,051 [Thread-0] INFO  db.DBStoreBuilder (DBStoreBuilder.java:addTable(127)) - using custom profile for table: openKeyTable
2019-11-15 10:59:26,051 [Thread-0] INFO  db.DBStoreBuilder (DBStoreBuilder.java:processTables(183)) - Using default column profile:DBProfile.DISK for Table:openKeyTable
2019-11-15 10:59:26,052 [Thread-0] INFO  db.DBStoreBuilder (DBStoreBuilder.java:addTable(127)) - using custom profile for table: s3Table
2019-11-15 10:59:26,052 [Thread-0] INFO  db.DBStoreBuilder (DBStoreBuilder.java:processTables(183)) - Using default column profile:DBProfile.DISK for Table:s3Table
2019-11-15 10:59:26,052 [Thread-0] INFO  db.DBStoreBuilder (DBStoreBuilder.java:addTable(127)) - using custom profile for table: multipartInfoTable
2019-11-15 10:59:26,052 [Thread-0] INFO  db.DBStoreBuilder (DBStoreBuilder.java:processTables(183)) - Using default column profile:DBProfile.DISK for Table:multipartInfoTable
2019-11-15 10:59:26,052 [Thread-0] INFO  db.DBStoreBuilder (DBStoreBuilder.java:addTable(127)) - using custom profile for table: dTokenTable
2019-11-15 10:59:26,052 [Thread-0] INFO  db.DBStoreBuilder (DBStoreBuilder.java:processTables(183)) - Using default column profile:DBProfile.DISK for Table:dTokenTable
2019-11-15 10:59:26,053 [Thread-0] INFO  db.DBStoreBuilder (DBStoreBuilder.java:addTable(127)) - using custom profile for table: s3SecretTable
2019-11-15 10:59:26,053 [Thread-0] INFO  db.DBStoreBuilder (DBStoreBuilder.java:processTables(183)) - Using default column profile:DBProfile.DISK for Table:s3SecretTable
2019-11-15 10:59:26,053 [Thread-0] INFO  db.DBStoreBuilder (DBStoreBuilder.java:addTable(127)) - using custom profile for table: prefixTable
2019-11-15 10:59:26,053 [Thread-0] INFO  db.DBStoreBuilder (DBStoreBuilder.java:processTables(183)) - Using default column profile:DBProfile.DISK for Table:prefixTable
2019-11-15 10:59:26,054 [Thread-0] INFO  db.DBStoreBuilder (DBStoreBuilder.java:addTable(127)) - using custom profile for table: default
2019-11-15 10:59:26,054 [Thread-0] INFO  db.DBStoreBuilder (DBStoreBuilder.java:processTables(189)) - Using default column profile:DBProfile.DISK for Table:default
2019-11-15 10:59:26,054 [Thread-0] INFO  db.DBStoreBuilder (DBStoreBuilder.java:getDbProfile(220)) - Using default options. DBProfile.DISK
2019-11-15 10:59:26,457 [Thread-0] INFO  ipc.CallQueueManager (CallQueueManager.java:<init>(84)) - Using callQueue: class java.util.concurrent.LinkedBlockingQueue, queueCapacity: 2000, scheduler: class org.apache.hadoop.ipc.DefaultRpcScheduler, ipcBackoff: false.
2019-11-15 10:59:26,458 [Socket Reader #1 for port 39491] INFO  ipc.Server (Server.java:run(1074)) - Starting Socket Reader #1 for port 39491
2019-11-15 10:59:26,478 [Thread-0] INFO  om.OzoneManager (OzoneManager.java:start(1077)) - OzoneManager RPC server is listening at localhost/127.0.0.1:39491
2019-11-15 10:59:26,478 [Thread-0] INFO  impl.MetricsSystemImpl (MetricsSystemImpl.java:init(158)) - OzoneManager metrics system started (again)
2019-11-15 10:59:26,489 [IPC Server Responder] INFO  ipc.Server (Server.java:run(1314)) - IPC Server Responder: starting
2019-11-15 10:59:26,489 [IPC Server listener on 39491] INFO  ipc.Server (Server.java:run(1153)) - IPC Server listener on 39491: starting
2019-11-15 10:59:26,497 [Thread-0] INFO  hdfs.DFSUtil (DFSUtil.java:httpServerTemplateForNNAndJN(1641)) - Starting Web-server for ozoneManager at: http://0.0.0.0:0
2019-11-15 10:59:26,499 [Thread-0] INFO  server.AuthenticationFilter (AuthenticationFilter.java:constructSecretProvider(240)) - Unable to initialize FileSignerSecretProvider, falling back to use random secrets.
2019-11-15 10:59:26,500 [Thread-0] WARN  http.HttpRequestLog (HttpRequestLog.java:getRequestLog(97)) - Jetty request log can only be enabled using Log4j
2019-11-15 10:59:26,502 [Thread-0] INFO  http.HttpServer2 (HttpServer2.java:addGlobalFilter(975)) - Added global filter 'safety' (class=org.apache.hadoop.http.HttpServer2$QuotingInputFilter)
2019-11-15 10:59:26,503 [Thread-0] INFO  http.HttpServer2 (HttpServer2.java:addFilter(948)) - Added filter static_user_filter (class=org.apache.hadoop.http.lib.StaticUserWebFilter$StaticUserFilter) to context ozoneManager
2019-11-15 10:59:26,503 [Thread-0] INFO  http.HttpServer2 (HttpServer2.java:addFilter(958)) - Added filter static_user_filter (class=org.apache.hadoop.http.lib.StaticUserWebFilter$StaticUserFilter) to context static
2019-11-15 10:59:26,503 [Thread-0] INFO  http.HttpServer2 (HttpServer2.java:addFilter(958)) - Added filter static_user_filter (class=org.apache.hadoop.http.lib.StaticUserWebFilter$StaticUserFilter) to context logs
2019-11-15 10:59:26,505 [Thread-0] INFO  http.HttpServer2 (HttpServer2.java:bindListener(1191)) - Jetty bound to port 35218
2019-11-15 10:59:26,505 [Thread-0] INFO  server.Server (Server.java:doStart(351)) - jetty-9.3.25.v20180904, build timestamp: 2018-09-04T21:11:46Z, git hash: 3ce520221d0240229c862b122d2b06c12a625732
2019-11-15 10:59:26,507 [Thread-0] INFO  handler.ContextHandler (ContextHandler.java:doStart(781)) - Started o.e.j.s.ServletContextHandler@18fce6a{/logs,file:///workdir/hadoop-ozone/integration-test/target/log,AVAILABLE}
2019-11-15 10:59:26,508 [Thread-0] INFO  handler.ContextHandler (ContextHandler.java:doStart(781)) - Started o.e.j.s.ServletContextHandler@74e25782{/static,file:///workdir/hadoop-ozone/integration-test/target/test-classes/webapps/static,AVAILABLE}
2019-11-15 10:59:26,513 [Thread-0] INFO  handler.ContextHandler (ContextHandler.java:doStart(781)) - Started o.e.j.w.WebAppContext@751841a7{/,file:///workdir/hadoop-ozone/integration-test/target/test-classes/webapps/ozoneManager/,AVAILABLE}{/ozoneManager}
2019-11-15 10:59:26,514 [Thread-0] INFO  server.AbstractConnector (AbstractConnector.java:doStart(278)) - Started ServerConnector@67cda436{HTTP/1.1,[http/1.1]}{0.0.0.0:35218}
2019-11-15 10:59:26,514 [Thread-0] INFO  server.Server (Server.java:doStart(419)) - Started @11228ms
2019-11-15 10:59:26,514 [Thread-0] WARN  impl.MetricsSystemImpl (MetricsSystemImpl.java:register(276)) - Sink prometheus already exists!
2019-11-15 10:59:26,515 [Thread-0] INFO  server.BaseHttpServer (BaseHttpServer.java:updateConnectorAddress(215)) - HTTP server of OZONEMANAGER is listening at http://0.0.0.0:35218
2019-11-15 10:59:26,792 [Thread-0] INFO  impl.MetricsSystemImpl (MetricsSystemImpl.java:init(158)) - HddsDatanode metrics system started (again)
2019-11-15 10:59:26,841 [Thread-0] INFO  ozone.HddsDatanodeService (HddsDatanodeService.java:start(186)) - HddsDatanodeService host:pr-hdds-2503-7zl9w-2300970352 ip:192.168.34.39
2019-11-15 10:59:26,875 [Thread-0] INFO  volume.HddsVolume (HddsVolume.java:<init>(176)) - Creating Volume: /workdir/hadoop-ozone/integration-test/target/test-dir/MiniOzoneClusterImpl-2a7ac7bd-41e3-4e09-82c7-5cf4290691f9/datanode-0/data/containers/hdds of  storage type : DISK and capacity : 1482555576320
2019-11-15 10:59:26,877 [Thread-0] INFO  volume.VolumeSet (VolumeSet.java:initializeVolumeSet(170)) - Added Volume : /workdir/hadoop-ozone/integration-test/target/test-dir/MiniOzoneClusterImpl-2a7ac7bd-41e3-4e09-82c7-5cf4290691f9/datanode-0/data/containers/hdds to VolumeSet
2019-11-15 10:59:26,880 [Thread-0] INFO  volume.ThrottledAsyncChecker (ThrottledAsyncChecker.java:schedule(141)) - Scheduling a check for /workdir/hadoop-ozone/integration-test/target/test-dir/MiniOzoneClusterImpl-2a7ac7bd-41e3-4e09-82c7-5cf4290691f9/datanode-0/data/containers/hdds
2019-11-15 10:59:26,899 [Thread-0] INFO  volume.HddsVolumeChecker (HddsVolumeChecker.java:checkAllVolumes(204)) - Scheduled health check for volume /workdir/hadoop-ozone/integration-test/target/test-dir/MiniOzoneClusterImpl-2a7ac7bd-41e3-4e09-82c7-5cf4290691f9/datanode-0/data/containers/hdds
2019-11-15 10:59:27,015 [Thread-0] INFO  impl.RaftServerProxy (ConfUtils.java:logGet(43)) - raft.rpc.type = GRPC (default)
2019-11-15 10:59:27,076 [Thread-0] INFO  grpc.GrpcFactory (GrpcFactory.java:checkPooledByteBufAllocatorUseCacheForAllThreads(45)) - PERFORMANCE WARNING: useCacheForAllThreads is true that may cause Netty to create a lot garbage objects and, as a result, trigger GC.
	It is recommended to disable useCacheForAllThreads by setting -Dorg.apache.ratis.thirdparty.io.netty.allocator.useCacheForAllThreads=false in command line.
2019-11-15 10:59:27,081 [Thread-0] INFO  grpc.GrpcConfigKeys$Server (ConfUtils.java:logGet(43)) - raft.grpc.server.port = 0 (default)
2019-11-15 10:59:27,082 [Thread-0] INFO  server.GrpcService (ConfUtils.java:logGet(43)) - raft.grpc.message.size.max = 33570816 (custom)
2019-11-15 10:59:27,084 [Thread-0] INFO  server.RaftServerConfigKeys (ConfUtils.java:logGet(43)) - raft.server.log.appender.buffer.byte-limit = 33554432 (custom)
2019-11-15 10:59:27,084 [Thread-0] INFO  server.GrpcService (ConfUtils.java:logGet(43)) - raft.grpc.flow.control.window = 1MB (=1048576) (default)
2019-11-15 10:59:27,085 [Thread-0] INFO  server.RaftServerConfigKeys (ConfUtils.java:logGet(43)) - raft.server.rpc.request.timeout = 3000ms (default)
2019-11-15 10:59:27,242 [Thread-0] INFO  server.RaftServerConfigKeys (ConfUtils.java:logGet(43)) - raft.server.storage.dir = [/workdir/hadoop-ozone/integration-test/target/test-dir/MiniOzoneClusterImpl-2a7ac7bd-41e3-4e09-82c7-5cf4290691f9/datanode-0/data/ratis] (custom)
2019-11-15 10:59:27,296 [Thread-0] INFO  hdfs.DFSUtil (DFSUtil.java:httpServerTemplateForNNAndJN(1641)) - Starting Web-server for hddsDatanode at: http://0.0.0.0:0
2019-11-15 10:59:27,299 [Thread-0] INFO  server.AuthenticationFilter (AuthenticationFilter.java:constructSecretProvider(240)) - Unable to initialize FileSignerSecretProvider, falling back to use random secrets.
2019-11-15 10:59:27,299 [Thread-0] WARN  http.HttpRequestLog (HttpRequestLog.java:getRequestLog(97)) - Jetty request log can only be enabled using Log4j
2019-11-15 10:59:27,301 [Thread-0] INFO  http.HttpServer2 (HttpServer2.java:addGlobalFilter(975)) - Added global filter 'safety' (class=org.apache.hadoop.http.HttpServer2$QuotingInputFilter)
2019-11-15 10:59:27,302 [Thread-0] INFO  http.HttpServer2 (HttpServer2.java:addFilter(948)) - Added filter static_user_filter (class=org.apache.hadoop.http.lib.StaticUserWebFilter$StaticUserFilter) to context hddsDatanode
2019-11-15 10:59:27,302 [Thread-0] INFO  http.HttpServer2 (HttpServer2.java:addFilter(958)) - Added filter static_user_filter (class=org.apache.hadoop.http.lib.StaticUserWebFilter$StaticUserFilter) to context logs
2019-11-15 10:59:27,302 [Thread-0] INFO  http.HttpServer2 (HttpServer2.java:addFilter(958)) - Added filter static_user_filter (class=org.apache.hadoop.http.lib.StaticUserWebFilter$StaticUserFilter) to context static
2019-11-15 10:59:27,304 [Thread-0] INFO  http.HttpServer2 (HttpServer2.java:bindListener(1191)) - Jetty bound to port 45438
2019-11-15 10:59:27,304 [Thread-0] INFO  server.Server (Server.java:doStart(351)) - jetty-9.3.25.v20180904, build timestamp: 2018-09-04T21:11:46Z, git hash: 3ce520221d0240229c862b122d2b06c12a625732
2019-11-15 10:59:27,309 [Thread-0] INFO  handler.ContextHandler (ContextHandler.java:doStart(781)) - Started o.e.j.s.ServletContextHandler@1dc4b077{/logs,file:///workdir/hadoop-ozone/integration-test/target/log,AVAILABLE}
2019-11-15 10:59:27,310 [Thread-0] INFO  handler.ContextHandler (ContextHandler.java:doStart(781)) - Started o.e.j.s.ServletContextHandler@61d76a02{/static,jar:file:/home/user/.m2/repository/org/apache/hadoop/hadoop-hdds-container-service/0.5.0-SNAPSHOT/hadoop-hdds-container-service-0.5.0-SNAPSHOT.jar!/webapps/static,AVAILABLE}
2019-11-15 10:59:27,351 [Thread-0] INFO  handler.ContextHandler (ContextHandler.java:doStart(781)) - Started o.e.j.w.WebAppContext@45d84242{/,file:///tmp/jetty-0.0.0.0-45438-hddsDatanode-_-any-4584637875956757736.dir/webapp/,AVAILABLE}{/hddsDatanode}
2019-11-15 10:59:27,352 [Thread-0] INFO  server.AbstractConnector (AbstractConnector.java:doStart(278)) - Started ServerConnector@70a4e6e9{HTTP/1.1,[http/1.1]}{0.0.0.0:45438}
2019-11-15 10:59:27,352 [Thread-0] INFO  server.Server (Server.java:doStart(419)) - Started @12066ms
2019-11-15 10:59:27,353 [Thread-0] WARN  impl.MetricsSystemImpl (MetricsSystemImpl.java:register(276)) - Sink prometheus already exists!
2019-11-15 10:59:27,354 [Thread-0] INFO  server.BaseHttpServer (BaseHttpServer.java:updateConnectorAddress(215)) - HTTP server of HDDSDATANODE is listening at http://0.0.0.0:45438
2019-11-15 10:59:27,355 [Thread-0] INFO  impl.MetricsSystemImpl (MetricsSystemImpl.java:init(158)) - HddsDatanode metrics system started (again)
2019-11-15 10:59:27,357 [Thread-0] INFO  ozone.HddsDatanodeService (HddsDatanodeService.java:start(186)) - HddsDatanodeService host:pr-hdds-2503-7zl9w-2300970352 ip:192.168.34.39
2019-11-15 10:59:27,359 [org.apache.hadoop.util.JvmPauseMonitor$Monitor@17618d0b] INFO  util.JvmPauseMonitor (JvmPauseMonitor.java:run(188)) - Starting JVM pause monitor
2019-11-15 10:59:27,365 [Thread-0] INFO  volume.HddsVolume (HddsVolume.java:<init>(176)) - Creating Volume: /workdir/hadoop-ozone/integration-test/target/test-dir/MiniOzoneClusterImpl-2a7ac7bd-41e3-4e09-82c7-5cf4290691f9/datanode-1/data/containers/hdds of  storage type : DISK and capacity : 1482555576320
2019-11-15 10:59:27,366 [Thread-0] INFO  volume.VolumeSet (VolumeSet.java:initializeVolumeSet(170)) - Added Volume : /workdir/hadoop-ozone/integration-test/target/test-dir/MiniOzoneClusterImpl-2a7ac7bd-41e3-4e09-82c7-5cf4290691f9/datanode-1/data/containers/hdds to VolumeSet
2019-11-15 10:59:27,366 [Thread-0] INFO  volume.ThrottledAsyncChecker (ThrottledAsyncChecker.java:schedule(141)) - Scheduling a check for /workdir/hadoop-ozone/integration-test/target/test-dir/MiniOzoneClusterImpl-2a7ac7bd-41e3-4e09-82c7-5cf4290691f9/datanode-1/data/containers/hdds
2019-11-15 10:59:27,367 [Thread-0] INFO  volume.HddsVolumeChecker (HddsVolumeChecker.java:checkAllVolumes(204)) - Scheduled health check for volume /workdir/hadoop-ozone/integration-test/target/test-dir/MiniOzoneClusterImpl-2a7ac7bd-41e3-4e09-82c7-5cf4290691f9/datanode-1/data/containers/hdds
2019-11-15 10:59:27,380 [Thread-0] INFO  impl.RaftServerProxy (ConfUtils.java:logGet(43)) - raft.rpc.type = GRPC (default)
2019-11-15 10:59:27,380 [Thread-0] INFO  grpc.GrpcFactory (GrpcFactory.java:checkPooledByteBufAllocatorUseCacheForAllThreads(45)) - PERFORMANCE WARNING: useCacheForAllThreads is true that may cause Netty to create a lot garbage objects and, as a result, trigger GC.
	It is recommended to disable useCacheForAllThreads by setting -Dorg.apache.ratis.thirdparty.io.netty.allocator.useCacheForAllThreads=false in command line.
2019-11-15 10:59:27,381 [Thread-0] INFO  grpc.GrpcConfigKeys$Server (ConfUtils.java:logGet(43)) - raft.grpc.server.port = 0 (default)
2019-11-15 10:59:27,381 [Thread-0] INFO  server.GrpcService (ConfUtils.java:logGet(43)) - raft.grpc.message.size.max = 33570816 (custom)
2019-11-15 10:59:27,381 [Thread-0] INFO  server.RaftServerConfigKeys (ConfUtils.java:logGet(43)) - raft.server.log.appender.buffer.byte-limit = 33554432 (custom)
2019-11-15 10:59:27,382 [Thread-0] INFO  server.GrpcService (ConfUtils.java:logGet(43)) - raft.grpc.flow.control.window = 1MB (=1048576) (default)
2019-11-15 10:59:27,382 [Thread-0] INFO  server.RaftServerConfigKeys (ConfUtils.java:logGet(43)) - raft.server.rpc.request.timeout = 3000ms (default)
2019-11-15 10:59:27,382 [Thread-0] INFO  server.RaftServerConfigKeys (ConfUtils.java:logGet(43)) - raft.server.storage.dir = [/workdir/hadoop-ozone/integration-test/target/test-dir/MiniOzoneClusterImpl-2a7ac7bd-41e3-4e09-82c7-5cf4290691f9/datanode-1/data/ratis] (custom)
2019-11-15 10:59:27,384 [Thread-0] INFO  hdfs.DFSUtil (DFSUtil.java:httpServerTemplateForNNAndJN(1641)) - Starting Web-server for hddsDatanode at: http://0.0.0.0:0
2019-11-15 10:59:27,386 [Thread-0] INFO  server.AuthenticationFilter (AuthenticationFilter.java:constructSecretProvider(240)) - Unable to initialize FileSignerSecretProvider, falling back to use random secrets.
2019-11-15 10:59:27,386 [Thread-0] WARN  http.HttpRequestLog (HttpRequestLog.java:getRequestLog(97)) - Jetty request log can only be enabled using Log4j
2019-11-15 10:59:27,388 [Thread-0] INFO  http.HttpServer2 (HttpServer2.java:addGlobalFilter(975)) - Added global filter 'safety' (class=org.apache.hadoop.http.HttpServer2$QuotingInputFilter)
2019-11-15 10:59:27,389 [Thread-0] INFO  http.HttpServer2 (HttpServer2.java:addFilter(948)) - Added filter static_user_filter (class=org.apache.hadoop.http.lib.StaticUserWebFilter$StaticUserFilter) to context hddsDatanode
2019-11-15 10:59:27,389 [Thread-0] INFO  http.HttpServer2 (HttpServer2.java:addFilter(958)) - Added filter static_user_filter (class=org.apache.hadoop.http.lib.StaticUserWebFilter$StaticUserFilter) to context static
2019-11-15 10:59:27,389 [Thread-0] INFO  http.HttpServer2 (HttpServer2.java:addFilter(958)) - Added filter static_user_filter (class=org.apache.hadoop.http.lib.StaticUserWebFilter$StaticUserFilter) to context logs
2019-11-15 10:59:27,390 [Thread-0] INFO  http.HttpServer2 (HttpServer2.java:bindListener(1191)) - Jetty bound to port 45205
2019-11-15 10:59:27,390 [Thread-0] INFO  server.Server (Server.java:doStart(351)) - jetty-9.3.25.v20180904, build timestamp: 2018-09-04T21:11:46Z, git hash: 3ce520221d0240229c862b122d2b06c12a625732
2019-11-15 10:59:27,392 [Thread-0] INFO  handler.ContextHandler (ContextHandler.java:doStart(781)) - Started o.e.j.s.ServletContextHandler@3f985915{/logs,file:///workdir/hadoop-ozone/integration-test/target/log,AVAILABLE}
2019-11-15 10:59:27,393 [Thread-0] INFO  handler.ContextHandler (ContextHandler.java:doStart(781)) - Started o.e.j.s.ServletContextHandler@2562746e{/static,jar:file:/home/user/.m2/repository/org/apache/hadoop/hadoop-hdds-container-service/0.5.0-SNAPSHOT/hadoop-hdds-container-service-0.5.0-SNAPSHOT.jar!/webapps/static,AVAILABLE}
2019-11-15 10:59:27,426 [Thread-0] INFO  handler.ContextHandler (ContextHandler.java:doStart(781)) - Started o.e.j.w.WebAppContext@3e389fe1{/,file:///tmp/jetty-0.0.0.0-45205-hddsDatanode-_-any-1202729156407022657.dir/webapp/,AVAILABLE}{/hddsDatanode}
2019-11-15 10:59:27,427 [Thread-0] INFO  server.AbstractConnector (AbstractConnector.java:doStart(278)) - Started ServerConnector@671826d2{HTTP/1.1,[http/1.1]}{0.0.0.0:45205}
2019-11-15 10:59:27,427 [Thread-0] INFO  server.Server (Server.java:doStart(419)) - Started @12141ms
2019-11-15 10:59:27,428 [Thread-0] WARN  impl.MetricsSystemImpl (MetricsSystemImpl.java:register(276)) - Sink prometheus already exists!
2019-11-15 10:59:27,429 [Thread-0] INFO  server.BaseHttpServer (BaseHttpServer.java:updateConnectorAddress(215)) - HTTP server of HDDSDATANODE is listening at http://0.0.0.0:45205
2019-11-15 10:59:27,429 [Thread-0] INFO  impl.MetricsSystemImpl (MetricsSystemImpl.java:init(158)) - HddsDatanode metrics system started (again)
2019-11-15 10:59:27,432 [Thread-0] INFO  ozone.HddsDatanodeService (HddsDatanodeService.java:start(186)) - HddsDatanodeService host:pr-hdds-2503-7zl9w-2300970352 ip:192.168.34.39
2019-11-15 10:59:27,432 [org.apache.hadoop.util.JvmPauseMonitor$Monitor@312c4860] INFO  util.JvmPauseMonitor (JvmPauseMonitor.java:run(188)) - Starting JVM pause monitor
2019-11-15 10:59:27,441 [Thread-0] INFO  volume.HddsVolume (HddsVolume.java:<init>(176)) - Creating Volume: /workdir/hadoop-ozone/integration-test/target/test-dir/MiniOzoneClusterImpl-2a7ac7bd-41e3-4e09-82c7-5cf4290691f9/datanode-2/data/containers/hdds of  storage type : DISK and capacity : 1482555576320
2019-11-15 10:59:27,442 [Thread-0] INFO  volume.VolumeSet (VolumeSet.java:initializeVolumeSet(170)) - Added Volume : /workdir/hadoop-ozone/integration-test/target/test-dir/MiniOzoneClusterImpl-2a7ac7bd-41e3-4e09-82c7-5cf4290691f9/datanode-2/data/containers/hdds to VolumeSet
2019-11-15 10:59:27,442 [Thread-0] INFO  volume.ThrottledAsyncChecker (ThrottledAsyncChecker.java:schedule(141)) - Scheduling a check for /workdir/hadoop-ozone/integration-test/target/test-dir/MiniOzoneClusterImpl-2a7ac7bd-41e3-4e09-82c7-5cf4290691f9/datanode-2/data/containers/hdds
2019-11-15 10:59:27,442 [Thread-0] INFO  volume.HddsVolumeChecker (HddsVolumeChecker.java:checkAllVolumes(204)) - Scheduled health check for volume /workdir/hadoop-ozone/integration-test/target/test-dir/MiniOzoneClusterImpl-2a7ac7bd-41e3-4e09-82c7-5cf4290691f9/datanode-2/data/containers/hdds
2019-11-15 10:59:27,451 [Datanode State Machine Thread - 0] INFO  datanode.InitDatanodeState (InitDatanodeState.java:persistContainerDatanodeDetails(140)) - DatanodeDetails is persisted to /workdir/hadoop-ozone/integration-test/target/test-dir/MiniOzoneClusterImpl-2a7ac7bd-41e3-4e09-82c7-5cf4290691f9/datanode-0/meta/datanode.id
2019-11-15 10:59:27,454 [Datanode State Machine Thread - 0] INFO  datanode.InitDatanodeState (InitDatanodeState.java:persistContainerDatanodeDetails(140)) - DatanodeDetails is persisted to /workdir/hadoop-ozone/integration-test/target/test-dir/MiniOzoneClusterImpl-2a7ac7bd-41e3-4e09-82c7-5cf4290691f9/datanode-1/meta/datanode.id
2019-11-15 10:59:27,457 [Thread-0] INFO  impl.RaftServerProxy (ConfUtils.java:logGet(43)) - raft.rpc.type = GRPC (default)
2019-11-15 10:59:27,458 [Thread-0] INFO  grpc.GrpcFactory (GrpcFactory.java:checkPooledByteBufAllocatorUseCacheForAllThreads(45)) - PERFORMANCE WARNING: useCacheForAllThreads is true that may cause Netty to create a lot garbage objects and, as a result, trigger GC.
	It is recommended to disable useCacheForAllThreads by setting -Dorg.apache.ratis.thirdparty.io.netty.allocator.useCacheForAllThreads=false in command line.
2019-11-15 10:59:27,458 [Thread-0] INFO  grpc.GrpcConfigKeys$Server (ConfUtils.java:logGet(43)) - raft.grpc.server.port = 0 (default)
2019-11-15 10:59:27,458 [Thread-0] INFO  server.GrpcService (ConfUtils.java:logGet(43)) - raft.grpc.message.size.max = 33570816 (custom)
2019-11-15 10:59:27,458 [Thread-0] INFO  server.RaftServerConfigKeys (ConfUtils.java:logGet(43)) - raft.server.log.appender.buffer.byte-limit = 33554432 (custom)
2019-11-15 10:59:27,459 [Thread-0] INFO  server.GrpcService (ConfUtils.java:logGet(43)) - raft.grpc.flow.control.window = 1MB (=1048576) (default)
2019-11-15 10:59:27,459 [Thread-0] INFO  server.RaftServerConfigKeys (ConfUtils.java:logGet(43)) - raft.server.rpc.request.timeout = 3000ms (default)
2019-11-15 10:59:27,459 [Thread-0] INFO  server.RaftServerConfigKeys (ConfUtils.java:logGet(43)) - raft.server.storage.dir = [/workdir/hadoop-ozone/integration-test/target/test-dir/MiniOzoneClusterImpl-2a7ac7bd-41e3-4e09-82c7-5cf4290691f9/datanode-2/data/ratis] (custom)
2019-11-15 10:59:27,462 [Thread-0] INFO  hdfs.DFSUtil (DFSUtil.java:httpServerTemplateForNNAndJN(1641)) - Starting Web-server for hddsDatanode at: http://0.0.0.0:0
2019-11-15 10:59:27,463 [Thread-0] INFO  server.AuthenticationFilter (AuthenticationFilter.java:constructSecretProvider(240)) - Unable to initialize FileSignerSecretProvider, falling back to use random secrets.
2019-11-15 10:59:27,464 [Thread-0] WARN  http.HttpRequestLog (HttpRequestLog.java:getRequestLog(97)) - Jetty request log can only be enabled using Log4j
2019-11-15 10:59:27,465 [Thread-0] INFO  http.HttpServer2 (HttpServer2.java:addGlobalFilter(975)) - Added global filter 'safety' (class=org.apache.hadoop.http.HttpServer2$QuotingInputFilter)
2019-11-15 10:59:27,466 [Thread-0] INFO  http.HttpServer2 (HttpServer2.java:addFilter(948)) - Added filter static_user_filter (class=org.apache.hadoop.http.lib.StaticUserWebFilter$StaticUserFilter) to context hddsDatanode
2019-11-15 10:59:27,466 [Thread-0] INFO  http.HttpServer2 (HttpServer2.java:addFilter(958)) - Added filter static_user_filter (class=org.apache.hadoop.http.lib.StaticUserWebFilter$StaticUserFilter) to context static
2019-11-15 10:59:27,466 [Thread-0] INFO  http.HttpServer2 (HttpServer2.java:addFilter(958)) - Added filter static_user_filter (class=org.apache.hadoop.http.lib.StaticUserWebFilter$StaticUserFilter) to context logs
2019-11-15 10:59:27,467 [Thread-0] INFO  http.HttpServer2 (HttpServer2.java:bindListener(1191)) - Jetty bound to port 45153
2019-11-15 10:59:27,467 [Thread-0] INFO  server.Server (Server.java:doStart(351)) - jetty-9.3.25.v20180904, build timestamp: 2018-09-04T21:11:46Z, git hash: 3ce520221d0240229c862b122d2b06c12a625732
2019-11-15 10:59:27,472 [Thread-0] INFO  handler.ContextHandler (ContextHandler.java:doStart(781)) - Started o.e.j.s.ServletContextHandler@6212106b{/logs,file:///workdir/hadoop-ozone/integration-test/target/log,AVAILABLE}
2019-11-15 10:59:27,473 [Thread-0] INFO  handler.ContextHandler (ContextHandler.java:doStart(781)) - Started o.e.j.s.ServletContextHandler@78edf7c9{/static,jar:file:/home/user/.m2/repository/org/apache/hadoop/hadoop-hdds-container-service/0.5.0-SNAPSHOT/hadoop-hdds-container-service-0.5.0-SNAPSHOT.jar!/webapps/static,AVAILABLE}
2019-11-15 10:59:27,508 [Thread-0] INFO  handler.ContextHandler (ContextHandler.java:doStart(781)) - Started o.e.j.w.WebAppContext@cf60f49{/,file:///tmp/jetty-0.0.0.0-45153-hddsDatanode-_-any-1778551279774177459.dir/webapp/,AVAILABLE}{/hddsDatanode}
2019-11-15 10:59:27,509 [Thread-0] INFO  server.AbstractConnector (AbstractConnector.java:doStart(278)) - Started ServerConnector@59c8852f{HTTP/1.1,[http/1.1]}{0.0.0.0:45153}
2019-11-15 10:59:27,509 [Thread-0] INFO  server.Server (Server.java:doStart(419)) - Started @12223ms
2019-11-15 10:59:27,509 [Thread-0] WARN  impl.MetricsSystemImpl (MetricsSystemImpl.java:register(276)) - Sink prometheus already exists!
2019-11-15 10:59:27,510 [Thread-0] INFO  server.BaseHttpServer (BaseHttpServer.java:updateConnectorAddress(215)) - HTTP server of HDDSDATANODE is listening at http://0.0.0.0:45153
2019-11-15 10:59:27,512 [Thread-0] INFO  ozone.MiniOzoneClusterImpl (MiniOzoneClusterImpl.java:lambda$waitForClusterToBeReady$0(150)) - Waiting for nodes to be ready. Got 0 of 3 DN Heartbeats.
2019-11-15 10:59:27,512 [Thread-0] INFO  ozone.MiniOzoneClusterImpl (MiniOzoneClusterImpl.java:lambda$waitForClusterToBeReady$0(153)) - Waiting for cluster to exit safe mode
2019-11-15 10:59:27,513 [org.apache.hadoop.util.JvmPauseMonitor$Monitor@b93ce27] INFO  util.JvmPauseMonitor (JvmPauseMonitor.java:run(188)) - Starting JVM pause monitor
2019-11-15 10:59:27,516 [Datanode State Machine Thread - 0] INFO  datanode.InitDatanodeState (InitDatanodeState.java:persistContainerDatanodeDetails(140)) - DatanodeDetails is persisted to /workdir/hadoop-ozone/integration-test/target/test-dir/MiniOzoneClusterImpl-2a7ac7bd-41e3-4e09-82c7-5cf4290691f9/datanode-2/meta/datanode.id
2019-11-15 10:59:28,512 [Thread-0] INFO  ozone.MiniOzoneClusterImpl (MiniOzoneClusterImpl.java:lambda$waitForClusterToBeReady$0(150)) - Waiting for nodes to be ready. Got 0 of 3 DN Heartbeats.
2019-11-15 10:59:28,513 [Thread-0] INFO  ozone.MiniOzoneClusterImpl (MiniOzoneClusterImpl.java:lambda$waitForClusterToBeReady$0(153)) - Waiting for cluster to exit safe mode
2019-11-15 10:59:29,513 [Thread-0] INFO  ozone.MiniOzoneClusterImpl (MiniOzoneClusterImpl.java:lambda$waitForClusterToBeReady$0(150)) - Waiting for nodes to be ready. Got 0 of 3 DN Heartbeats.
2019-11-15 10:59:29,513 [Thread-0] INFO  ozone.MiniOzoneClusterImpl (MiniOzoneClusterImpl.java:lambda$waitForClusterToBeReady$0(153)) - Waiting for cluster to exit safe mode
2019-11-15 10:59:29,688 [Datanode State Machine Thread - 0] INFO  ozoneimpl.OzoneContainer (OzoneContainer.java:start(230)) - Attempting to start container services.
2019-11-15 10:59:29,688 [Datanode State Machine Thread - 0] INFO  ozoneimpl.OzoneContainer (OzoneContainer.java:start(230)) - Attempting to start container services.
2019-11-15 10:59:29,689 [Datanode State Machine Thread - 0] INFO  ozoneimpl.OzoneContainer (OzoneContainer.java:start(230)) - Attempting to start container services.
2019-11-15 10:59:29,692 [Datanode State Machine Thread - 0] INFO  ozoneimpl.OzoneContainer (OzoneContainer.java:startContainerScrub(194)) - Background container scanner has been disabled.
2019-11-15 10:59:29,692 [Datanode State Machine Thread - 0] INFO  ratis.XceiverServerRatis (XceiverServerRatis.java:start(422)) - Starting XceiverServerRatis 620dcd0a-0bbb-4966-b764-6afb42318b81 at port 0
2019-11-15 10:59:29,693 [Datanode State Machine Thread - 0] INFO  ozoneimpl.OzoneContainer (OzoneContainer.java:startContainerScrub(194)) - Background container scanner has been disabled.
2019-11-15 10:59:29,693 [Datanode State Machine Thread - 0] INFO  ratis.XceiverServerRatis (XceiverServerRatis.java:start(422)) - Starting XceiverServerRatis f3cf49f8-818a-4a8b-a0bc-3d18d73c8898 at port 0
2019-11-15 10:59:29,694 [Datanode State Machine Thread - 0] INFO  ozoneimpl.OzoneContainer (OzoneContainer.java:startContainerScrub(194)) - Background container scanner has been disabled.
2019-11-15 10:59:29,694 [Datanode State Machine Thread - 0] INFO  ratis.XceiverServerRatis (XceiverServerRatis.java:start(422)) - Starting XceiverServerRatis 683fc67d-6689-4ce4-bac7-2a7572909e32 at port 0
2019-11-15 10:59:29,727 [Datanode State Machine Thread - 0] INFO  impl.RaftServerProxy (RaftServerProxy.java:lambda$start$3(299)) - f3cf49f8-818a-4a8b-a0bc-3d18d73c8898: start RPC server
2019-11-15 10:59:29,727 [Datanode State Machine Thread - 0] INFO  impl.RaftServerProxy (RaftServerProxy.java:lambda$start$3(299)) - 683fc67d-6689-4ce4-bac7-2a7572909e32: start RPC server
2019-11-15 10:59:29,727 [Datanode State Machine Thread - 0] INFO  impl.RaftServerProxy (RaftServerProxy.java:lambda$start$3(299)) - 620dcd0a-0bbb-4966-b764-6afb42318b81: start RPC server
2019-11-15 10:59:29,840 [Datanode State Machine Thread - 0] INFO  server.GrpcService (GrpcService.java:startImpl(158)) - f3cf49f8-818a-4a8b-a0bc-3d18d73c8898: GrpcService started, listening on 0.0.0.0/0.0.0.0:44193
2019-11-15 10:59:29,840 [Datanode State Machine Thread - 0] INFO  server.GrpcService (GrpcService.java:startImpl(158)) - 683fc67d-6689-4ce4-bac7-2a7572909e32: GrpcService started, listening on 0.0.0.0/0.0.0.0:38984
2019-11-15 10:59:29,840 [Datanode State Machine Thread - 0] INFO  server.GrpcService (GrpcService.java:startImpl(158)) - 620dcd0a-0bbb-4966-b764-6afb42318b81: GrpcService started, listening on 0.0.0.0/0.0.0.0:40271
2019-11-15 10:59:29,841 [Datanode State Machine Thread - 0] INFO  ratis.XceiverServerRatis (XceiverServerRatis.java:start(432)) - XceiverServerRatis 683fc67d-6689-4ce4-bac7-2a7572909e32 is started using port 38984
2019-11-15 10:59:29,840 [Datanode State Machine Thread - 0] INFO  ratis.XceiverServerRatis (XceiverServerRatis.java:start(432)) - XceiverServerRatis f3cf49f8-818a-4a8b-a0bc-3d18d73c8898 is started using port 44193
2019-11-15 10:59:29,841 [Datanode State Machine Thread - 0] INFO  ratis.XceiverServerRatis (XceiverServerRatis.java:start(432)) - XceiverServerRatis 620dcd0a-0bbb-4966-b764-6afb42318b81 is started using port 40271
2019-11-15 10:59:29,845 [Datanode State Machine Thread - 0] INFO  server.XceiverServerGrpc (XceiverServerGrpc.java:start(145)) - XceiverServerGrpc 620dcd0a-0bbb-4966-b764-6afb42318b81 is started using port 45961
2019-11-15 10:59:29,846 [Datanode State Machine Thread - 0] INFO  server.XceiverServerGrpc (XceiverServerGrpc.java:start(145)) - XceiverServerGrpc 683fc67d-6689-4ce4-bac7-2a7572909e32 is started using port 44473
2019-11-15 10:59:29,845 [Datanode State Machine Thread - 0] INFO  server.XceiverServerGrpc (XceiverServerGrpc.java:start(145)) - XceiverServerGrpc f3cf49f8-818a-4a8b-a0bc-3d18d73c8898 is started using port 35488
2019-11-15 10:59:30,514 [Thread-0] INFO  ozone.MiniOzoneClusterImpl (MiniOzoneClusterImpl.java:lambda$waitForClusterToBeReady$0(150)) - Waiting for nodes to be ready. Got 0 of 3 DN Heartbeats.
2019-11-15 10:59:30,514 [Thread-0] INFO  ozone.MiniOzoneClusterImpl (MiniOzoneClusterImpl.java:lambda$waitForClusterToBeReady$0(153)) - Waiting for cluster to exit safe mode
2019-11-15 10:59:31,394 [IPC Server handler 0 on 35457] INFO  net.NetworkTopology (NetworkTopologyImpl.java:add(111)) - Added a new node: /default-rack/620dcd0a-0bbb-4966-b764-6afb42318b81
2019-11-15 10:59:31,395 [IPC Server handler 0 on 35457] INFO  node.SCMNodeManager (SCMNodeManager.java:register(267)) - Registered Data node : 620dcd0a-0bbb-4966-b764-6afb42318b81{ip: 192.168.34.39, host: pr-hdds-2503-7zl9w-2300970352, networkLocation: /default-rack, certSerialId: null}
2019-11-15 10:59:31,400 [EventQueue-NodeRegistrationContainerReportForDataNodeSafeModeRule] INFO  safemode.SCMSafeModeManager (DataNodeSafeModeRule.java:process(71)) - SCM in safe mode. 1 DataNodes registered, 1 required.
2019-11-15 10:59:31,400 [EventQueue-NodeRegistrationContainerReportForContainerSafeModeRule] INFO  safemode.SCMSafeModeManager (SCMSafeModeManager.java:validateSafeModeExitRules(176)) - ContainerSafeModeRule rule is successfully validated
2019-11-15 10:59:31,402 [EventQueue-NodeRegistrationContainerReportForDataNodeSafeModeRule] INFO  safemode.SCMSafeModeManager (SCMSafeModeManager.java:validateSafeModeExitRules(176)) - DataNodeSafeModeRule rule is successfully validated
2019-11-15 10:59:31,405 [RatisPipelineUtilsThread] INFO  pipeline.RatisPipelineProvider (RatisPipelineProvider.java:lambda$create$4(163)) - Send pipeline:PipelineID=6d048b41-89d2-4e34-a84d-b71090d6096c create command to datanode 620dcd0a-0bbb-4966-b764-6afb42318b81
2019-11-15 10:59:31,417 [RatisPipelineUtilsThread] INFO  pipeline.PipelineStateManager (PipelineStateManager.java:addPipeline(55)) - Created pipeline Pipeline[ Id: 6d048b41-89d2-4e34-a84d-b71090d6096c, Nodes: 620dcd0a-0bbb-4966-b764-6afb42318b81{ip: 192.168.34.39, host: pr-hdds-2503-7zl9w-2300970352, networkLocation: /default-rack, certSerialId: null}, Type:RATIS, Factor:ONE, State:ALLOCATED]
2019-11-15 10:59:31,434 [IPC Server handler 2 on 35457] INFO  net.NetworkTopology (NetworkTopologyImpl.java:add(111)) - Added a new node: /default-rack/683fc67d-6689-4ce4-bac7-2a7572909e32
2019-11-15 10:59:31,435 [IPC Server handler 2 on 35457] INFO  node.SCMNodeManager (SCMNodeManager.java:register(267)) - Registered Data node : 683fc67d-6689-4ce4-bac7-2a7572909e32{ip: 192.168.34.39, host: pr-hdds-2503-7zl9w-2300970352, networkLocation: /default-rack, certSerialId: null}
2019-11-15 10:59:31,435 [EventQueue-NodeRegistrationContainerReportForDataNodeSafeModeRule] INFO  safemode.SCMSafeModeManager (SCMSafeModeManager.java:validateSafeModeExitRules(176)) - DataNodeSafeModeRule rule is successfully validated
2019-11-15 10:59:31,436 [EventQueue-NodeRegistrationContainerReportForContainerSafeModeRule] INFO  safemode.SCMSafeModeManager (SCMSafeModeManager.java:validateSafeModeExitRules(176)) - ContainerSafeModeRule rule is successfully validated
2019-11-15 10:59:31,436 [RatisPipelineUtilsThread] INFO  pipeline.RatisPipelineProvider (RatisPipelineProvider.java:lambda$create$4(163)) - Send pipeline:PipelineID=94c94054-4be0-4f2f-92c4-3580ebd01542 create command to datanode 683fc67d-6689-4ce4-bac7-2a7572909e32
2019-11-15 10:59:31,437 [RatisPipelineUtilsThread] INFO  pipeline.PipelineStateManager (PipelineStateManager.java:addPipeline(55)) - Created pipeline Pipeline[ Id: 94c94054-4be0-4f2f-92c4-3580ebd01542, Nodes: 683fc67d-6689-4ce4-bac7-2a7572909e32{ip: 192.168.34.39, host: pr-hdds-2503-7zl9w-2300970352, networkLocation: /default-rack, certSerialId: null}, Type:RATIS, Factor:ONE, State:ALLOCATED]
2019-11-15 10:59:31,514 [Thread-0] INFO  ozone.MiniOzoneClusterImpl (MiniOzoneClusterImpl.java:lambda$waitForClusterToBeReady$0(150)) - Waiting for nodes to be ready. Got 2 of 3 DN Heartbeats.
2019-11-15 10:59:31,516 [Thread-0] INFO  ozone.MiniOzoneClusterImpl (MiniOzoneClusterImpl.java:lambda$waitForClusterToBeReady$0(153)) - Waiting for cluster to exit safe mode
2019-11-15 10:59:31,517 [IPC Server handler 4 on 35457] INFO  net.NetworkTopology (NetworkTopologyImpl.java:add(111)) - Added a new node: /default-rack/f3cf49f8-818a-4a8b-a0bc-3d18d73c8898
2019-11-15 10:59:31,517 [IPC Server handler 4 on 35457] INFO  node.SCMNodeManager (SCMNodeManager.java:register(267)) - Registered Data node : f3cf49f8-818a-4a8b-a0bc-3d18d73c8898{ip: 192.168.34.39, host: pr-hdds-2503-7zl9w-2300970352, networkLocation: /default-rack, certSerialId: null}
2019-11-15 10:59:31,517 [EventQueue-NodeRegistrationContainerReportForDataNodeSafeModeRule] INFO  safemode.SCMSafeModeManager (SCMSafeModeManager.java:validateSafeModeExitRules(176)) - DataNodeSafeModeRule rule is successfully validated
2019-11-15 10:59:31,517 [RatisPipelineUtilsThread] INFO  pipeline.RatisPipelineProvider (RatisPipelineProvider.java:lambda$create$4(163)) - Send pipeline:PipelineID=58f46a5a-0e19-4edb-b3ee-5dca2889e03a create command to datanode f3cf49f8-818a-4a8b-a0bc-3d18d73c8898
2019-11-15 10:59:31,517 [EventQueue-NodeRegistrationContainerReportForContainerSafeModeRule] INFO  safemode.SCMSafeModeManager (SCMSafeModeManager.java:validateSafeModeExitRules(176)) - ContainerSafeModeRule rule is successfully validated
2019-11-15 10:59:31,518 [RatisPipelineUtilsThread] INFO  pipeline.PipelineStateManager (PipelineStateManager.java:addPipeline(55)) - Created pipeline Pipeline[ Id: 58f46a5a-0e19-4edb-b3ee-5dca2889e03a, Nodes: f3cf49f8-818a-4a8b-a0bc-3d18d73c8898{ip: 192.168.34.39, host: pr-hdds-2503-7zl9w-2300970352, networkLocation: /default-rack, certSerialId: null}, Type:RATIS, Factor:ONE, State:ALLOCATED]
2019-11-15 10:59:31,520 [RatisPipelineUtilsThread] INFO  pipeline.RatisPipelineProvider (RatisPipelineProvider.java:lambda$create$4(163)) - Send pipeline:PipelineID=141c5485-b28c-474f-adc0-12246865596a create command to datanode 620dcd0a-0bbb-4966-b764-6afb42318b81
2019-11-15 10:59:31,521 [RatisPipelineUtilsThread] INFO  pipeline.RatisPipelineProvider (RatisPipelineProvider.java:lambda$create$4(163)) - Send pipeline:PipelineID=141c5485-b28c-474f-adc0-12246865596a create command to datanode f3cf49f8-818a-4a8b-a0bc-3d18d73c8898
2019-11-15 10:59:31,521 [RatisPipelineUtilsThread] INFO  pipeline.RatisPipelineProvider (RatisPipelineProvider.java:lambda$create$4(163)) - Send pipeline:PipelineID=141c5485-b28c-474f-adc0-12246865596a create command to datanode 683fc67d-6689-4ce4-bac7-2a7572909e32
2019-11-15 10:59:31,522 [RatisPipelineUtilsThread] INFO  pipeline.PipelineStateManager (PipelineStateManager.java:addPipeline(55)) - Created pipeline Pipeline[ Id: 141c5485-b28c-474f-adc0-12246865596a, Nodes: 620dcd0a-0bbb-4966-b764-6afb42318b81{ip: 192.168.34.39, host: pr-hdds-2503-7zl9w-2300970352, networkLocation: /default-rack, certSerialId: null}f3cf49f8-818a-4a8b-a0bc-3d18d73c8898{ip: 192.168.34.39, host: pr-hdds-2503-7zl9w-2300970352, networkLocation: /default-rack, certSerialId: null}683fc67d-6689-4ce4-bac7-2a7572909e32{ip: 192.168.34.39, host: pr-hdds-2503-7zl9w-2300970352, networkLocation: /default-rack, certSerialId: null}, Type:RATIS, Factor:THREE, State:ALLOCATED]
2019-11-15 10:59:32,516 [Thread-0] INFO  ozone.MiniOzoneClusterImpl (MiniOzoneClusterImpl.java:lambda$waitForClusterToBeReady$0(150)) - Nodes are ready. Got 3 of 3 DN Heartbeats.
2019-11-15 10:59:32,516 [Thread-0] INFO  ozone.MiniOzoneClusterImpl (MiniOzoneClusterImpl.java:lambda$waitForClusterToBeReady$0(153)) - Waiting for cluster to exit safe mode
2019-11-15 10:59:33,517 [Thread-0] INFO  ozone.MiniOzoneClusterImpl (MiniOzoneClusterImpl.java:lambda$waitForClusterToBeReady$0(150)) - Nodes are ready. Got 3 of 3 DN Heartbeats.
2019-11-15 10:59:33,517 [Thread-0] INFO  ozone.MiniOzoneClusterImpl (MiniOzoneClusterImpl.java:lambda$waitForClusterToBeReady$0(153)) - Waiting for cluster to exit safe mode
2019-11-15 10:59:34,393 [Command processor thread] INFO  impl.RaftServerProxy (RaftServerProxy.java:addNew(89)) - 620dcd0a-0bbb-4966-b764-6afb42318b81: addNew group-B71090D6096C:[620dcd0a-0bbb-4966-b764-6afb42318b81:192.168.34.39:40271] returns group-B71090D6096C:java.util.concurrent.CompletableFuture@6b010476[Not completed]
2019-11-15 10:59:34,417 [pool-27-thread-1] INFO  impl.RaftServerImpl (RaftServerImpl.java:<init>(98)) - 620dcd0a-0bbb-4966-b764-6afb42318b81: new RaftServerImpl for group-B71090D6096C:[620dcd0a-0bbb-4966-b764-6afb42318b81:192.168.34.39:40271] with ContainerStateMachine:uninitialized
2019-11-15 10:59:34,420 [pool-27-thread-1] INFO  server.RaftServerConfigKeys (ConfUtils.java:logGet(43)) - raft.server.rpc.timeout.min = 5s (custom)
2019-11-15 10:59:34,421 [pool-27-thread-1] INFO  server.RaftServerConfigKeys (ConfUtils.java:logGet(43)) - raft.server.rpc.timeout.max = 5200ms (custom)
2019-11-15 10:59:34,421 [pool-27-thread-1] INFO  server.RaftServerConfigKeys (ConfUtils.java:logGet(43)) - raft.server.rpcslowness.timeout = 120s (custom)
2019-11-15 10:59:34,422 [pool-27-thread-1] INFO  server.RaftServerConfigKeys (ConfUtils.java:logGet(43)) - raft.server.sleep.deviation.threshold = 300 (default)
2019-11-15 10:59:34,423 [pool-27-thread-1] INFO  server.RaftServerConfigKeys (ConfUtils.java:logGet(43)) - raft.server.log.appender.install.snapshot.enabled = false (custom)
2019-11-15 10:59:34,433 [Command processor thread] INFO  impl.RaftServerProxy (RaftServerProxy.java:addNew(89)) - 683fc67d-6689-4ce4-bac7-2a7572909e32: addNew group-3580EBD01542:[683fc67d-6689-4ce4-bac7-2a7572909e32:192.168.34.39:38984] returns group-3580EBD01542:java.util.concurrent.CompletableFuture@78b302ba[Not completed]
2019-11-15 10:59:34,444 [pool-27-thread-1] INFO  impl.RaftServerImpl (ServerState.java:<init>(103)) - 620dcd0a-0bbb-4966-b764-6afb42318b81@group-B71090D6096C: ConfigurationManager, init=-1: [620dcd0a-0bbb-4966-b764-6afb42318b81:192.168.34.39:40271], old=null, confs=<EMPTY_MAP>
2019-11-15 10:59:34,456 [pool-27-thread-1] INFO  server.RaftServerConfigKeys (ConfUtils.java:logGet(43)) - raft.server.storage.dir = [/workdir/hadoop-ozone/integration-test/target/test-dir/MiniOzoneClusterImpl-2a7ac7bd-41e3-4e09-82c7-5cf4290691f9/datanode-0/data/ratis] (custom)
2019-11-15 10:59:34,461 [pool-37-thread-1] INFO  impl.RaftServerImpl (RaftServerImpl.java:<init>(98)) - 683fc67d-6689-4ce4-bac7-2a7572909e32: new RaftServerImpl for group-3580EBD01542:[683fc67d-6689-4ce4-bac7-2a7572909e32:192.168.34.39:38984] with ContainerStateMachine:uninitialized
2019-11-15 10:59:34,463 [pool-37-thread-1] INFO  server.RaftServerConfigKeys (ConfUtils.java:logGet(43)) - raft.server.rpc.timeout.min = 5s (custom)
2019-11-15 10:59:34,463 [pool-37-thread-1] INFO  server.RaftServerConfigKeys (ConfUtils.java:logGet(43)) - raft.server.rpc.timeout.max = 5200ms (custom)
2019-11-15 10:59:34,463 [pool-37-thread-1] INFO  server.RaftServerConfigKeys (ConfUtils.java:logGet(43)) - raft.server.rpcslowness.timeout = 120s (custom)
2019-11-15 10:59:34,463 [pool-37-thread-1] INFO  server.RaftServerConfigKeys (ConfUtils.java:logGet(43)) - raft.server.sleep.deviation.threshold = 300 (default)
2019-11-15 10:59:34,463 [pool-37-thread-1] INFO  server.RaftServerConfigKeys (ConfUtils.java:logGet(43)) - raft.server.log.appender.install.snapshot.enabled = false (custom)
2019-11-15 10:59:34,464 [pool-37-thread-1] INFO  impl.RaftServerImpl (ServerState.java:<init>(103)) - 683fc67d-6689-4ce4-bac7-2a7572909e32@group-3580EBD01542: ConfigurationManager, init=-1: [683fc67d-6689-4ce4-bac7-2a7572909e32:192.168.34.39:38984], old=null, confs=<EMPTY_MAP>
2019-11-15 10:59:34,464 [pool-37-thread-1] INFO  server.RaftServerConfigKeys (ConfUtils.java:logGet(43)) - raft.server.storage.dir = [/workdir/hadoop-ozone/integration-test/target/test-dir/MiniOzoneClusterImpl-2a7ac7bd-41e3-4e09-82c7-5cf4290691f9/datanode-1/data/ratis] (custom)
2019-11-15 10:59:34,470 [pool-37-thread-1] INFO  server.RaftServerConfigKeys (ConfUtils.java:logGet(43)) - raft.server.log.corruption.policy = EXCEPTION (default)
2019-11-15 10:59:34,470 [pool-27-thread-1] INFO  server.RaftServerConfigKeys (ConfUtils.java:logGet(43)) - raft.server.log.corruption.policy = EXCEPTION (default)
2019-11-15 10:59:34,473 [pool-37-thread-1] INFO  storage.RaftStorageDirectory (RaftStorageDirectory.java:analyzeStorage(246)) - The storage directory /workdir/hadoop-ozone/integration-test/target/test-dir/MiniOzoneClusterImpl-2a7ac7bd-41e3-4e09-82c7-5cf4290691f9/datanode-1/data/ratis/94c94054-4be0-4f2f-92c4-3580ebd01542 does not exist. Creating ...
2019-11-15 10:59:34,473 [pool-27-thread-1] INFO  storage.RaftStorageDirectory (RaftStorageDirectory.java:analyzeStorage(246)) - The storage directory /workdir/hadoop-ozone/integration-test/target/test-dir/MiniOzoneClusterImpl-2a7ac7bd-41e3-4e09-82c7-5cf4290691f9/datanode-0/data/ratis/6d048b41-89d2-4e34-a84d-b71090d6096c does not exist. Creating ...
2019-11-15 10:59:34,492 [pool-27-thread-1] INFO  storage.RaftStorageDirectory (RaftStorageDirectory.java:tryLock(328)) - Lock on /workdir/hadoop-ozone/integration-test/target/test-dir/MiniOzoneClusterImpl-2a7ac7bd-41e3-4e09-82c7-5cf4290691f9/datanode-0/data/ratis/6d048b41-89d2-4e34-a84d-b71090d6096c/in_use.lock acquired by nodename 1647@pr-hdds-2503-7zl9w-2300970352
2019-11-15 10:59:34,492 [pool-37-thread-1] INFO  storage.RaftStorageDirectory (RaftStorageDirectory.java:tryLock(328)) - Lock on /workdir/hadoop-ozone/integration-test/target/test-dir/MiniOzoneClusterImpl-2a7ac7bd-41e3-4e09-82c7-5cf4290691f9/datanode-1/data/ratis/94c94054-4be0-4f2f-92c4-3580ebd01542/in_use.lock acquired by nodename 1647@pr-hdds-2503-7zl9w-2300970352
2019-11-15 10:59:34,503 [pool-27-thread-1] INFO  storage.RaftStorage (RaftStorage.java:format(84)) - Storage directory /workdir/hadoop-ozone/integration-test/target/test-dir/MiniOzoneClusterImpl-2a7ac7bd-41e3-4e09-82c7-5cf4290691f9/datanode-0/data/ratis/6d048b41-89d2-4e34-a84d-b71090d6096c has been successfully formatted.
2019-11-15 10:59:34,503 [pool-37-thread-1] INFO  storage.RaftStorage (RaftStorage.java:format(84)) - Storage directory /workdir/hadoop-ozone/integration-test/target/test-dir/MiniOzoneClusterImpl-2a7ac7bd-41e3-4e09-82c7-5cf4290691f9/datanode-1/data/ratis/94c94054-4be0-4f2f-92c4-3580ebd01542 has been successfully formatted.
2019-11-15 10:59:34,506 [pool-27-thread-1] INFO  ratis.ContainerStateMachine (ContainerStateMachine.java:loadSnapshot(223)) - group-B71090D6096C: The snapshot info is null. Setting the last applied indexto:(t:0, i:~)
2019-11-15 10:59:34,506 [pool-37-thread-1] INFO  ratis.ContainerStateMachine (ContainerStateMachine.java:loadSnapshot(223)) - group-3580EBD01542: The snapshot info is null. Setting the last applied indexto:(t:0, i:~)
2019-11-15 10:59:34,509 [pool-27-thread-1] INFO  server.RaftServerConfigKeys (ConfUtils.java:logGet(43)) - raft.server.notification.no-leader.timeout = 120s (custom)
2019-11-15 10:59:34,509 [pool-37-thread-1] INFO  server.RaftServerConfigKeys (ConfUtils.java:logGet(43)) - raft.server.notification.no-leader.timeout = 120s (custom)
2019-11-15 10:59:34,511 [pool-27-thread-1] INFO  server.RaftServerConfigKeys (ConfUtils.java:logGet(43)) - raft.server.log.use.memory = false (default)
2019-11-15 10:59:34,512 [pool-37-thread-1] INFO  server.RaftServerConfigKeys (ConfUtils.java:logGet(43)) - raft.server.log.use.memory = false (default)
2019-11-15 10:59:34,516 [Command processor thread] INFO  impl.RaftServerProxy (RaftServerProxy.java:addNew(89)) - f3cf49f8-818a-4a8b-a0bc-3d18d73c8898: addNew group-5DCA2889E03A:[f3cf49f8-818a-4a8b-a0bc-3d18d73c8898:192.168.34.39:44193] returns group-5DCA2889E03A:java.util.concurrent.CompletableFuture@1b22dbde[Not completed]
2019-11-15 10:59:34,518 [Thread-0] INFO  ozone.MiniOzoneClusterImpl (MiniOzoneClusterImpl.java:lambda$waitForClusterToBeReady$0(150)) - Nodes are ready. Got 3 of 3 DN Heartbeats.
2019-11-15 10:59:34,528 [Thread-0] INFO  ozone.MiniOzoneClusterImpl (MiniOzoneClusterImpl.java:lambda$waitForClusterToBeReady$0(153)) - Waiting for cluster to exit safe mode
2019-11-15 10:59:34,529 [pool-27-thread-1] INFO  server.RaftServerConfigKeys (ConfUtils.java:logGet(43)) - raft.server.log.purge.gap = 1000000 (custom)
2019-11-15 10:59:34,529 [pool-37-thread-1] INFO  server.RaftServerConfigKeys (ConfUtils.java:logGet(43)) - raft.server.log.purge.gap = 1000000 (custom)
2019-11-15 10:59:34,529 [pool-27-thread-1] INFO  server.RaftServerConfigKeys (ConfUtils.java:logGet(43)) - raft.server.log.appender.buffer.byte-limit = 33554432 (custom)
2019-11-15 10:59:34,529 [pool-37-thread-1] INFO  server.RaftServerConfigKeys (ConfUtils.java:logGet(43)) - raft.server.log.appender.buffer.byte-limit = 33554432 (custom)
2019-11-15 10:59:34,529 [pool-47-thread-1] INFO  impl.RaftServerImpl (RaftServerImpl.java:<init>(98)) - f3cf49f8-818a-4a8b-a0bc-3d18d73c8898: new RaftServerImpl for group-5DCA2889E03A:[f3cf49f8-818a-4a8b-a0bc-3d18d73c8898:192.168.34.39:44193] with ContainerStateMachine:uninitialized
2019-11-15 10:59:34,530 [pool-47-thread-1] INFO  server.RaftServerConfigKeys (ConfUtils.java:logGet(43)) - raft.server.rpc.timeout.min = 5s (custom)
2019-11-15 10:59:34,531 [pool-47-thread-1] INFO  server.RaftServerConfigKeys (ConfUtils.java:logGet(43)) - raft.server.rpc.timeout.max = 5200ms (custom)
2019-11-15 10:59:34,531 [pool-47-thread-1] INFO  server.RaftServerConfigKeys (ConfUtils.java:logGet(43)) - raft.server.rpcslowness.timeout = 120s (custom)
2019-11-15 10:59:34,531 [pool-47-thread-1] INFO  server.RaftServerConfigKeys (ConfUtils.java:logGet(43)) - raft.server.sleep.deviation.threshold = 300 (default)
2019-11-15 10:59:34,531 [pool-47-thread-1] INFO  server.RaftServerConfigKeys (ConfUtils.java:logGet(43)) - raft.server.log.appender.install.snapshot.enabled = false (custom)
2019-11-15 10:59:34,531 [pool-47-thread-1] INFO  impl.RaftServerImpl (ServerState.java:<init>(103)) - f3cf49f8-818a-4a8b-a0bc-3d18d73c8898@group-5DCA2889E03A: ConfigurationManager, init=-1: [f3cf49f8-818a-4a8b-a0bc-3d18d73c8898:192.168.34.39:44193], old=null, confs=<EMPTY_MAP>
2019-11-15 10:59:34,532 [pool-47-thread-1] INFO  server.RaftServerConfigKeys (ConfUtils.java:logGet(43)) - raft.server.storage.dir = [/workdir/hadoop-ozone/integration-test/target/test-dir/MiniOzoneClusterImpl-2a7ac7bd-41e3-4e09-82c7-5cf4290691f9/datanode-2/data/ratis] (custom)
2019-11-15 10:59:34,532 [pool-47-thread-1] INFO  server.RaftServerConfigKeys (ConfUtils.java:logGet(43)) - raft.server.log.corruption.policy = EXCEPTION (default)
2019-11-15 10:59:34,532 [pool-47-thread-1] INFO  storage.RaftStorageDirectory (RaftStorageDirectory.java:analyzeStorage(246)) - The storage directory /workdir/hadoop-ozone/integration-test/target/test-dir/MiniOzoneClusterImpl-2a7ac7bd-41e3-4e09-82c7-5cf4290691f9/datanode-2/data/ratis/58f46a5a-0e19-4edb-b3ee-5dca2889e03a does not exist. Creating ...
2019-11-15 10:59:34,533 [pool-27-thread-1] INFO  server.RaftServerConfigKeys (ConfUtils.java:logGet(43)) - raft.server.log.segment.size.max = 1048576 (custom)
2019-11-15 10:59:34,533 [pool-37-thread-1] INFO  server.RaftServerConfigKeys (ConfUtils.java:logGet(43)) - raft.server.log.segment.size.max = 1048576 (custom)
2019-11-15 10:59:34,538 [pool-47-thread-1] INFO  storage.RaftStorageDirectory (RaftStorageDirectory.java:tryLock(328)) - Lock on /workdir/hadoop-ozone/integration-test/target/test-dir/MiniOzoneClusterImpl-2a7ac7bd-41e3-4e09-82c7-5cf4290691f9/datanode-2/data/ratis/58f46a5a-0e19-4edb-b3ee-5dca2889e03a/in_use.lock acquired by nodename 1647@pr-hdds-2503-7zl9w-2300970352
2019-11-15 10:59:34,541 [pool-27-thread-1] INFO  metrics.MetricRegistries (MetricRegistriesLoader.java:load(64)) - Loaded MetricRegistries class org.apache.ratis.metrics.impl.MetricRegistriesImpl
2019-11-15 10:59:34,545 [pool-47-thread-1] INFO  storage.RaftStorage (RaftStorage.java:format(84)) - Storage directory /workdir/hadoop-ozone/integration-test/target/test-dir/MiniOzoneClusterImpl-2a7ac7bd-41e3-4e09-82c7-5cf4290691f9/datanode-2/data/ratis/58f46a5a-0e19-4edb-b3ee-5dca2889e03a has been successfully formatted.
2019-11-15 10:59:34,545 [pool-47-thread-1] INFO  ratis.ContainerStateMachine (ContainerStateMachine.java:loadSnapshot(223)) - group-5DCA2889E03A: The snapshot info is null. Setting the last applied indexto:(t:0, i:~)
2019-11-15 10:59:34,546 [pool-37-thread-1] WARN  impl.MetricRegistriesImpl (MetricRegistriesImpl.java:lambda$create$1(61)) - First MetricRegistry has been created without registering reporters. You may need to call MetricRegistries.global().addReportRegistration(...) before.
2019-11-15 10:59:34,546 [pool-27-thread-1] WARN  impl.MetricRegistriesImpl (MetricRegistriesImpl.java:lambda$create$1(61)) - First MetricRegistry has been created without registering reporters. You may need to call MetricRegistries.global().addReportRegistration(...) before.
2019-11-15 10:59:34,546 [pool-47-thread-1] INFO  server.RaftServerConfigKeys (ConfUtils.java:logGet(43)) - raft.server.notification.no-leader.timeout = 120s (custom)
2019-11-15 10:59:34,547 [pool-47-thread-1] INFO  server.RaftServerConfigKeys (ConfUtils.java:logGet(43)) - raft.server.log.use.memory = false (default)
2019-11-15 10:59:34,548 [pool-47-thread-1] INFO  server.RaftServerConfigKeys (ConfUtils.java:logGet(43)) - raft.server.log.purge.gap = 1000000 (custom)
2019-11-15 10:59:34,548 [pool-47-thread-1] INFO  server.RaftServerConfigKeys (ConfUtils.java:logGet(43)) - raft.server.log.appender.buffer.byte-limit = 33554432 (custom)
2019-11-15 10:59:34,548 [pool-47-thread-1] INFO  server.RaftServerConfigKeys (ConfUtils.java:logGet(43)) - raft.server.log.segment.size.max = 1048576 (custom)
2019-11-15 10:59:34,548 [pool-47-thread-1] WARN  impl.MetricRegistriesImpl (MetricRegistriesImpl.java:lambda$create$1(61)) - First MetricRegistry has been created without registering reporters. You may need to call MetricRegistries.global().addReportRegistration(...) before.
2019-11-15 10:59:34,553 [pool-47-thread-1] INFO  server.RaftServerConfigKeys (ConfUtils.java:logGet(43)) - raft.server.log.segment.cache.num.max = 2 (custom)
2019-11-15 10:59:34,553 [pool-37-thread-1] INFO  server.RaftServerConfigKeys (ConfUtils.java:logGet(43)) - raft.server.log.segment.cache.num.max = 2 (custom)
2019-11-15 10:59:34,553 [pool-27-thread-1] INFO  server.RaftServerConfigKeys (ConfUtils.java:logGet(43)) - raft.server.log.segment.cache.num.max = 2 (custom)
2019-11-15 10:59:34,559 [pool-27-thread-1] INFO  segmented.SegmentedRaftLogWorker (SegmentedRaftLogWorker.java:<init>(173)) - new 620dcd0a-0bbb-4966-b764-6afb42318b81@group-B71090D6096C-SegmentedRaftLogWorker for RaftStorage:Storage Directory /workdir/hadoop-ozone/integration-test/target/test-dir/MiniOzoneClusterImpl-2a7ac7bd-41e3-4e09-82c7-5cf4290691f9/datanode-0/data/ratis/6d048b41-89d2-4e34-a84d-b71090d6096c
2019-11-15 10:59:34,559 [pool-37-thread-1] INFO  segmented.SegmentedRaftLogWorker (SegmentedRaftLogWorker.java:<init>(173)) - new 683fc67d-6689-4ce4-bac7-2a7572909e32@group-3580EBD01542-SegmentedRaftLogWorker for RaftStorage:Storage Directory /workdir/hadoop-ozone/integration-test/target/test-dir/MiniOzoneClusterImpl-2a7ac7bd-41e3-4e09-82c7-5cf4290691f9/datanode-1/data/ratis/94c94054-4be0-4f2f-92c4-3580ebd01542
2019-11-15 10:59:34,559 [pool-47-thread-1] INFO  segmented.SegmentedRaftLogWorker (SegmentedRaftLogWorker.java:<init>(173)) - new f3cf49f8-818a-4a8b-a0bc-3d18d73c8898@group-5DCA2889E03A-SegmentedRaftLogWorker for RaftStorage:Storage Directory /workdir/hadoop-ozone/integration-test/target/test-dir/MiniOzoneClusterImpl-2a7ac7bd-41e3-4e09-82c7-5cf4290691f9/datanode-2/data/ratis/58f46a5a-0e19-4edb-b3ee-5dca2889e03a
2019-11-15 10:59:34,560 [pool-47-thread-1] INFO  server.RaftServerConfigKeys (ConfUtils.java:logGet(43)) - raft.server.log.queue.byte-limit = 2147483647 (custom)
2019-11-15 10:59:34,560 [pool-27-thread-1] INFO  server.RaftServerConfigKeys (ConfUtils.java:logGet(43)) - raft.server.log.queue.byte-limit = 2147483647 (custom)
2019-11-15 10:59:34,560 [pool-37-thread-1] INFO  server.RaftServerConfigKeys (ConfUtils.java:logGet(43)) - raft.server.log.queue.byte-limit = 2147483647 (custom)
2019-11-15 10:59:34,561 [pool-47-thread-1] INFO  server.RaftServerConfigKeys (ConfUtils.java:logGet(43)) - raft.server.log.queue.element-limit = 1024 (custom)
2019-11-15 10:59:34,561 [pool-37-thread-1] INFO  server.RaftServerConfigKeys (ConfUtils.java:logGet(43)) - raft.server.log.queue.element-limit = 1024 (custom)
2019-11-15 10:59:34,561 [pool-27-thread-1] INFO  server.RaftServerConfigKeys (ConfUtils.java:logGet(43)) - raft.server.log.queue.element-limit = 1024 (custom)
2019-11-15 10:59:34,562 [pool-27-thread-1] INFO  server.RaftServerConfigKeys (ConfUtils.java:logGet(43)) - raft.server.log.segment.size.max = 1048576 (custom)
2019-11-15 10:59:34,562 [pool-37-thread-1] INFO  server.RaftServerConfigKeys (ConfUtils.java:logGet(43)) - raft.server.log.segment.size.max = 1048576 (custom)
2019-11-15 10:59:34,562 [pool-47-thread-1] INFO  server.RaftServerConfigKeys (ConfUtils.java:logGet(43)) - raft.server.log.segment.size.max = 1048576 (custom)
2019-11-15 10:59:34,563 [pool-37-thread-1] INFO  server.RaftServerConfigKeys (ConfUtils.java:logGet(43)) - raft.server.log.preallocated.size = 16384 (custom)
2019-11-15 10:59:34,563 [pool-47-thread-1] INFO  server.RaftServerConfigKeys (ConfUtils.java:logGet(43)) - raft.server.log.preallocated.size = 16384 (custom)
2019-11-15 10:59:34,563 [pool-27-thread-1] INFO  server.RaftServerConfigKeys (ConfUtils.java:logGet(43)) - raft.server.log.preallocated.size = 16384 (custom)
2019-11-15 10:59:34,563 [pool-37-thread-1] INFO  server.RaftServerConfigKeys (ConfUtils.java:logGet(43)) - raft.server.log.write.buffer.size = 33554432 (custom)
2019-11-15 10:59:34,563 [pool-47-thread-1] INFO  server.RaftServerConfigKeys (ConfUtils.java:logGet(43)) - raft.server.log.write.buffer.size = 33554432 (custom)
2019-11-15 10:59:34,563 [pool-27-thread-1] INFO  server.RaftServerConfigKeys (ConfUtils.java:logGet(43)) - raft.server.log.write.buffer.size = 33554432 (custom)
2019-11-15 10:59:34,563 [pool-37-thread-1] INFO  server.RaftServerConfigKeys (ConfUtils.java:logGet(43)) - raft.server.log.force.sync.num = 128 (default)
2019-11-15 10:59:34,563 [pool-47-thread-1] INFO  server.RaftServerConfigKeys (ConfUtils.java:logGet(43)) - raft.server.log.force.sync.num = 128 (default)
2019-11-15 10:59:34,564 [pool-27-thread-1] INFO  server.RaftServerConfigKeys (ConfUtils.java:logGet(43)) - raft.server.log.force.sync.num = 128 (default)
2019-11-15 10:59:34,564 [pool-37-thread-1] INFO  server.RaftServerConfigKeys (ConfUtils.java:logGet(43)) - raft.server.log.statemachine.data.sync = true (default)
2019-11-15 10:59:34,565 [pool-27-thread-1] INFO  server.RaftServerConfigKeys (ConfUtils.java:logGet(43)) - raft.server.log.statemachine.data.sync = true (default)
2019-11-15 10:59:34,564 [pool-47-thread-1] INFO  server.RaftServerConfigKeys (ConfUtils.java:logGet(43)) - raft.server.log.statemachine.data.sync = true (default)
2019-11-15 10:59:34,565 [pool-37-thread-1] INFO  server.RaftServerConfigKeys (ConfUtils.java:logGet(43)) - raft.server.log.statemachine.data.sync.timeout = 10s (default)
2019-11-15 10:59:34,565 [pool-47-thread-1] INFO  server.RaftServerConfigKeys (ConfUtils.java:logGet(43)) - raft.server.log.statemachine.data.sync.timeout = 10s (default)
2019-11-15 10:59:34,565 [pool-27-thread-1] INFO  server.RaftServerConfigKeys (ConfUtils.java:logGet(43)) - raft.server.log.statemachine.data.sync.timeout = 10s (default)
2019-11-15 10:59:34,565 [pool-37-thread-1] INFO  server.RaftServerConfigKeys (ConfUtils.java:logGet(43)) - raft.server.log.statemachine.data.sync.timeout.retry = -1 (default)
2019-11-15 10:59:34,565 [pool-47-thread-1] INFO  server.RaftServerConfigKeys (ConfUtils.java:logGet(43)) - raft.server.log.statemachine.data.sync.timeout.retry = -1 (default)
2019-11-15 10:59:34,566 [pool-27-thread-1] INFO  server.RaftServerConfigKeys (ConfUtils.java:logGet(43)) - raft.server.log.statemachine.data.sync.timeout.retry = -1 (default)
2019-11-15 10:59:34,576 [pool-37-thread-1] INFO  server.RaftServerConfigKeys (ConfUtils.java:logGet(43)) - raft.server.log.statemachine.data.caching.enabled = true (custom)
2019-11-15 10:59:34,576 [pool-27-thread-1] INFO  server.RaftServerConfigKeys (ConfUtils.java:logGet(43)) - raft.server.log.statemachine.data.caching.enabled = true (custom)
2019-11-15 10:59:34,576 [pool-47-thread-1] INFO  server.RaftServerConfigKeys (ConfUtils.java:logGet(43)) - raft.server.log.statemachine.data.caching.enabled = true (custom)
2019-11-15 10:59:34,581 [pool-37-thread-1] INFO  segmented.SegmentedRaftLogWorker (SegmentedRaftLogWorker.java:lambda$new$0(128)) - 683fc67d-6689-4ce4-bac7-2a7572909e32@group-3580EBD01542-SegmentedRaftLogWorker: flushIndex: setUnconditionally 0 -> -1
2019-11-15 10:59:34,582 [pool-27-thread-1] INFO  segmented.SegmentedRaftLogWorker (SegmentedRaftLogWorker.java:lambda$new$0(128)) - 620dcd0a-0bbb-4966-b764-6afb42318b81@group-B71090D6096C-SegmentedRaftLogWorker: flushIndex: setUnconditionally 0 -> -1
2019-11-15 10:59:34,582 [pool-47-thread-1] INFO  segmented.SegmentedRaftLogWorker (SegmentedRaftLogWorker.java:lambda$new$0(128)) - f3cf49f8-818a-4a8b-a0bc-3d18d73c8898@group-5DCA2889E03A-SegmentedRaftLogWorker: flushIndex: setUnconditionally 0 -> -1
2019-11-15 10:59:34,586 [pool-47-thread-1] INFO  server.RaftServerConfigKeys (ConfUtils.java:logGet(43)) - raft.server.snapshot.auto.trigger.enabled = true (custom)
2019-11-15 10:59:34,586 [pool-27-thread-1] INFO  server.RaftServerConfigKeys (ConfUtils.java:logGet(43)) - raft.server.snapshot.auto.trigger.enabled = true (custom)
2019-11-15 10:59:34,586 [pool-37-thread-1] INFO  server.RaftServerConfigKeys (ConfUtils.java:logGet(43)) - raft.server.snapshot.auto.trigger.enabled = true (custom)
2019-11-15 10:59:34,587 [pool-47-thread-1] INFO  server.RaftServerConfigKeys (ConfUtils.java:logGet(43)) - raft.server.snapshot.auto.trigger.threshold = 10000 (custom)
2019-11-15 10:59:34,587 [pool-37-thread-1] INFO  server.RaftServerConfigKeys (ConfUtils.java:logGet(43)) - raft.server.snapshot.auto.trigger.threshold = 10000 (custom)
2019-11-15 10:59:34,588 [pool-27-thread-1] INFO  server.RaftServerConfigKeys (ConfUtils.java:logGet(43)) - raft.server.snapshot.auto.trigger.threshold = 10000 (custom)
2019-11-15 10:59:34,588 [pool-47-thread-1] INFO  server.RaftServerConfigKeys (ConfUtils.java:logGet(43)) - raft.server.snapshot.retention.file.num = 5 (custom)
2019-11-15 10:59:34,588 [pool-37-thread-1] INFO  server.RaftServerConfigKeys (ConfUtils.java:logGet(43)) - raft.server.snapshot.retention.file.num = 5 (custom)
2019-11-15 10:59:34,588 [pool-27-thread-1] INFO  server.RaftServerConfigKeys (ConfUtils.java:logGet(43)) - raft.server.snapshot.retention.file.num = 5 (custom)
2019-11-15 10:59:34,589 [pool-37-thread-1] INFO  server.RaftServerConfigKeys (ConfUtils.java:logGet(43)) - raft.server.retrycache.expirytime = 600000ms (custom)
2019-11-15 10:59:34,589 [pool-27-thread-1] INFO  server.RaftServerConfigKeys (ConfUtils.java:logGet(43)) - raft.server.retrycache.expirytime = 600000ms (custom)
2019-11-15 10:59:34,589 [pool-47-thread-1] INFO  server.RaftServerConfigKeys (ConfUtils.java:logGet(43)) - raft.server.retrycache.expirytime = 600000ms (custom)
2019-11-15 10:59:34,611 [pool-37-thread-1] WARN  impl.MetricRegistriesImpl (MetricRegistriesImpl.java:lambda$create$1(61)) - First MetricRegistry has been created without registering reporters. You may need to call MetricRegistries.global().addReportRegistration(...) before.
2019-11-15 10:59:34,611 [pool-27-thread-1] WARN  impl.MetricRegistriesImpl (MetricRegistriesImpl.java:lambda$create$1(61)) - First MetricRegistry has been created without registering reporters. You may need to call MetricRegistries.global().addReportRegistration(...) before.
2019-11-15 10:59:34,611 [pool-47-thread-1] WARN  impl.MetricRegistriesImpl (MetricRegistriesImpl.java:lambda$create$1(61)) - First MetricRegistry has been created without registering reporters. You may need to call MetricRegistries.global().addReportRegistration(...) before.
2019-11-15 10:59:34,613 [pool-47-thread-1] WARN  impl.MetricRegistriesImpl (MetricRegistriesImpl.java:lambda$create$1(61)) - First MetricRegistry has been created without registering reporters. You may need to call MetricRegistries.global().addReportRegistration(...) before.
2019-11-15 10:59:34,613 [pool-27-thread-1] WARN  impl.MetricRegistriesImpl (MetricRegistriesImpl.java:lambda$create$1(61)) - First MetricRegistry has been created without registering reporters. You may need to call MetricRegistries.global().addReportRegistration(...) before.
2019-11-15 10:59:34,613 [pool-37-thread-1] WARN  impl.MetricRegistriesImpl (MetricRegistriesImpl.java:lambda$create$1(61)) - First MetricRegistry has been created without registering reporters. You may need to call MetricRegistries.global().addReportRegistration(...) before.
2019-11-15 10:59:34,615 [pool-37-thread-1] INFO  impl.RaftServerImpl (RaftServerImpl.java:start(184)) - 683fc67d-6689-4ce4-bac7-2a7572909e32@group-3580EBD01542: start as a follower, conf=-1: [683fc67d-6689-4ce4-bac7-2a7572909e32:192.168.34.39:38984], old=null
2019-11-15 10:59:34,615 [pool-27-thread-1] INFO  impl.RaftServerImpl (RaftServerImpl.java:start(184)) - 620dcd0a-0bbb-4966-b764-6afb42318b81@group-B71090D6096C: start as a follower, conf=-1: [620dcd0a-0bbb-4966-b764-6afb42318b81:192.168.34.39:40271], old=null
2019-11-15 10:59:34,615 [pool-47-thread-1] INFO  impl.RaftServerImpl (RaftServerImpl.java:start(184)) - f3cf49f8-818a-4a8b-a0bc-3d18d73c8898@group-5DCA2889E03A: start as a follower, conf=-1: [f3cf49f8-818a-4a8b-a0bc-3d18d73c8898:192.168.34.39:44193], old=null
2019-11-15 10:59:34,616 [pool-27-thread-1] INFO  impl.RaftServerImpl (RaftServerImpl.java:setRole(173)) - 620dcd0a-0bbb-4966-b764-6afb42318b81@group-B71090D6096C: changes role from      null to FOLLOWER at term 0 for startAsFollower
2019-11-15 10:59:34,616 [pool-47-thread-1] INFO  impl.RaftServerImpl (RaftServerImpl.java:setRole(173)) - f3cf49f8-818a-4a8b-a0bc-3d18d73c8898@group-5DCA2889E03A: changes role from      null to FOLLOWER at term 0 for startAsFollower
2019-11-15 10:59:34,616 [pool-37-thread-1] INFO  impl.RaftServerImpl (RaftServerImpl.java:setRole(173)) - 683fc67d-6689-4ce4-bac7-2a7572909e32@group-3580EBD01542: changes role from      null to FOLLOWER at term 0 for startAsFollower
2019-11-15 10:59:34,618 [pool-37-thread-1] INFO  impl.RoleInfo (RoleInfo.java:updateAndGet(143)) - 683fc67d-6689-4ce4-bac7-2a7572909e32: start FollowerState
2019-11-15 10:59:34,618 [pool-27-thread-1] INFO  impl.RoleInfo (RoleInfo.java:updateAndGet(143)) - 620dcd0a-0bbb-4966-b764-6afb42318b81: start FollowerState
2019-11-15 10:59:34,619 [pool-47-thread-1] INFO  impl.RoleInfo (RoleInfo.java:updateAndGet(143)) - f3cf49f8-818a-4a8b-a0bc-3d18d73c8898: start FollowerState
2019-11-15 10:59:34,625 [pool-27-thread-1] INFO  util.JmxRegister (JmxRegister.java:tryRegister(44)) - Successfully registered JMX Bean with object name Ratis:service=RaftServer,group=group-B71090D6096C,id=620dcd0a-0bbb-4966-b764-6afb42318b81
2019-11-15 10:59:34,625 [pool-37-thread-1] INFO  util.JmxRegister (JmxRegister.java:tryRegister(44)) - Successfully registered JMX Bean with object name Ratis:service=RaftServer,group=group-3580EBD01542,id=683fc67d-6689-4ce4-bac7-2a7572909e32
2019-11-15 10:59:34,625 [pool-47-thread-1] INFO  util.JmxRegister (JmxRegister.java:tryRegister(44)) - Successfully registered JMX Bean with object name Ratis:service=RaftServer,group=group-5DCA2889E03A,id=f3cf49f8-818a-4a8b-a0bc-3d18d73c8898
2019-11-15 10:59:34,627 [pool-37-thread-1] WARN  impl.MetricRegistriesImpl (MetricRegistriesImpl.java:lambda$create$1(61)) - First MetricRegistry has been created without registering reporters. You may need to call MetricRegistries.global().addReportRegistration(...) before.
2019-11-15 10:59:34,627 [pool-47-thread-1] WARN  impl.MetricRegistriesImpl (MetricRegistriesImpl.java:lambda$create$1(61)) - First MetricRegistry has been created without registering reporters. You may need to call MetricRegistries.global().addReportRegistration(...) before.
2019-11-15 10:59:34,627 [pool-27-thread-1] WARN  impl.MetricRegistriesImpl (MetricRegistriesImpl.java:lambda$create$1(61)) - First MetricRegistry has been created without registering reporters. You may need to call MetricRegistries.global().addReportRegistration(...) before.
2019-11-15 10:59:34,642 [Command processor thread] INFO  commandhandler.CreatePipelineCommandHandler (CreatePipelineCommandHandler.java:handle(86)) - Create Pipeline RATIS ONE #id: "94c94054-4be0-4f2f-92c4-3580ebd01542"
 command succeed on datanode 683fc67d-6689-4ce4-bac7-2a7572909e32.
2019-11-15 10:59:34,642 [Command processor thread] INFO  commandhandler.CreatePipelineCommandHandler (CreatePipelineCommandHandler.java:handle(86)) - Create Pipeline RATIS ONE #id: "6d048b41-89d2-4e34-a84d-b71090d6096c"
 command succeed on datanode 620dcd0a-0bbb-4966-b764-6afb42318b81.
2019-11-15 10:59:34,642 [Command processor thread] INFO  commandhandler.CreatePipelineCommandHandler (CreatePipelineCommandHandler.java:handle(86)) - Create Pipeline RATIS ONE #id: "58f46a5a-0e19-4edb-b3ee-5dca2889e03a"
 command succeed on datanode f3cf49f8-818a-4a8b-a0bc-3d18d73c8898.
2019-11-15 10:59:34,648 [Command processor thread] INFO  impl.RaftServerProxy (RaftServerProxy.java:addNew(89)) - 683fc67d-6689-4ce4-bac7-2a7572909e32: addNew group-12246865596A:[620dcd0a-0bbb-4966-b764-6afb42318b81:192.168.34.39:40271, f3cf49f8-818a-4a8b-a0bc-3d18d73c8898:192.168.34.39:44193, 683fc67d-6689-4ce4-bac7-2a7572909e32:192.168.34.39:38984] returns group-12246865596A:java.util.concurrent.CompletableFuture@10222f4b[Not completed]
2019-11-15 10:59:34,648 [Command processor thread] INFO  impl.RaftServerProxy (RaftServerProxy.java:addNew(89)) - f3cf49f8-818a-4a8b-a0bc-3d18d73c8898: addNew group-12246865596A:[620dcd0a-0bbb-4966-b764-6afb42318b81:192.168.34.39:40271, f3cf49f8-818a-4a8b-a0bc-3d18d73c8898:192.168.34.39:44193, 683fc67d-6689-4ce4-bac7-2a7572909e32:192.168.34.39:38984] returns group-12246865596A:java.util.concurrent.CompletableFuture@1f1d5c62[Not completed]
2019-11-15 10:59:34,648 [Command processor thread] INFO  impl.RaftServerProxy (RaftServerProxy.java:addNew(89)) - 620dcd0a-0bbb-4966-b764-6afb42318b81: addNew group-12246865596A:[620dcd0a-0bbb-4966-b764-6afb42318b81:192.168.34.39:40271, f3cf49f8-818a-4a8b-a0bc-3d18d73c8898:192.168.34.39:44193, 683fc67d-6689-4ce4-bac7-2a7572909e32:192.168.34.39:38984] returns group-12246865596A:java.util.concurrent.CompletableFuture@7034bbfd[Not completed]
2019-11-15 10:59:34,651 [pool-47-thread-1] INFO  impl.RaftServerImpl (RaftServerImpl.java:<init>(98)) - f3cf49f8-818a-4a8b-a0bc-3d18d73c8898: new RaftServerImpl for group-12246865596A:[620dcd0a-0bbb-4966-b764-6afb42318b81:192.168.34.39:40271, f3cf49f8-818a-4a8b-a0bc-3d18d73c8898:192.168.34.39:44193, 683fc67d-6689-4ce4-bac7-2a7572909e32:192.168.34.39:38984] with ContainerStateMachine:uninitialized
2019-11-15 10:59:34,651 [pool-47-thread-1] INFO  server.RaftServerConfigKeys (ConfUtils.java:logGet(43)) - raft.server.rpc.timeout.min = 5s (custom)
2019-11-15 10:59:34,652 [pool-47-thread-1] INFO  server.RaftServerConfigKeys (ConfUtils.java:logGet(43)) - raft.server.rpc.timeout.max = 5200ms (custom)
2019-11-15 10:59:34,652 [pool-47-thread-1] INFO  server.RaftServerConfigKeys (ConfUtils.java:logGet(43)) - raft.server.rpcslowness.timeout = 120s (custom)
2019-11-15 10:59:34,652 [pool-47-thread-1] INFO  server.RaftServerConfigKeys (ConfUtils.java:logGet(43)) - raft.server.sleep.deviation.threshold = 300 (default)
2019-11-15 10:59:34,652 [pool-47-thread-1] INFO  server.RaftServerConfigKeys (ConfUtils.java:logGet(43)) - raft.server.log.appender.install.snapshot.enabled = false (custom)
2019-11-15 10:59:34,652 [pool-47-thread-1] INFO  impl.RaftServerImpl (ServerState.java:<init>(103)) - f3cf49f8-818a-4a8b-a0bc-3d18d73c8898@group-12246865596A: ConfigurationManager, init=-1: [620dcd0a-0bbb-4966-b764-6afb42318b81:192.168.34.39:40271, f3cf49f8-818a-4a8b-a0bc-3d18d73c8898:192.168.34.39:44193, 683fc67d-6689-4ce4-bac7-2a7572909e32:192.168.34.39:38984], old=null, confs=<EMPTY_MAP>
2019-11-15 10:59:34,652 [pool-47-thread-1] INFO  server.RaftServerConfigKeys (ConfUtils.java:logGet(43)) - raft.server.storage.dir = [/workdir/hadoop-ozone/integration-test/target/test-dir/MiniOzoneClusterImpl-2a7ac7bd-41e3-4e09-82c7-5cf4290691f9/datanode-2/data/ratis] (custom)
2019-11-15 10:59:34,653 [pool-47-thread-1] INFO  server.RaftServerConfigKeys (ConfUtils.java:logGet(43)) - raft.server.log.corruption.policy = EXCEPTION (default)
2019-11-15 10:59:34,653 [pool-47-thread-1] INFO  storage.RaftStorageDirectory (RaftStorageDirectory.java:analyzeStorage(246)) - The storage directory /workdir/hadoop-ozone/integration-test/target/test-dir/MiniOzoneClusterImpl-2a7ac7bd-41e3-4e09-82c7-5cf4290691f9/datanode-2/data/ratis/141c5485-b28c-474f-adc0-12246865596a does not exist. Creating ...
2019-11-15 10:59:34,653 [pool-37-thread-1] INFO  impl.RaftServerImpl (RaftServerImpl.java:<init>(98)) - 683fc67d-6689-4ce4-bac7-2a7572909e32: new RaftServerImpl for group-12246865596A:[620dcd0a-0bbb-4966-b764-6afb42318b81:192.168.34.39:40271, f3cf49f8-818a-4a8b-a0bc-3d18d73c8898:192.168.34.39:44193, 683fc67d-6689-4ce4-bac7-2a7572909e32:192.168.34.39:38984] with ContainerStateMachine:uninitialized
2019-11-15 10:59:34,653 [pool-37-thread-1] INFO  server.RaftServerConfigKeys (ConfUtils.java:logGet(43)) - raft.server.rpc.timeout.min = 5s (custom)
2019-11-15 10:59:34,654 [pool-37-thread-1] INFO  server.RaftServerConfigKeys (ConfUtils.java:logGet(43)) - raft.server.rpc.timeout.max = 5200ms (custom)
2019-11-15 10:59:34,654 [pool-37-thread-1] INFO  server.RaftServerConfigKeys (ConfUtils.java:logGet(43)) - raft.server.rpcslowness.timeout = 120s (custom)
2019-11-15 10:59:34,654 [pool-37-thread-1] INFO  server.RaftServerConfigKeys (ConfUtils.java:logGet(43)) - raft.server.sleep.deviation.threshold = 300 (default)
2019-11-15 10:59:34,654 [pool-37-thread-1] INFO  server.RaftServerConfigKeys (ConfUtils.java:logGet(43)) - raft.server.log.appender.install.snapshot.enabled = false (custom)
2019-11-15 10:59:34,654 [pool-27-thread-1] INFO  impl.RaftServerImpl (RaftServerImpl.java:<init>(98)) - 620dcd0a-0bbb-4966-b764-6afb42318b81: new RaftServerImpl for group-12246865596A:[620dcd0a-0bbb-4966-b764-6afb42318b81:192.168.34.39:40271, f3cf49f8-818a-4a8b-a0bc-3d18d73c8898:192.168.34.39:44193, 683fc67d-6689-4ce4-bac7-2a7572909e32:192.168.34.39:38984] with ContainerStateMachine:uninitialized
2019-11-15 10:59:34,655 [pool-37-thread-1] INFO  impl.RaftServerImpl (ServerState.java:<init>(103)) - 683fc67d-6689-4ce4-bac7-2a7572909e32@group-12246865596A: ConfigurationManager, init=-1: [620dcd0a-0bbb-4966-b764-6afb42318b81:192.168.34.39:40271, f3cf49f8-818a-4a8b-a0bc-3d18d73c8898:192.168.34.39:44193, 683fc67d-6689-4ce4-bac7-2a7572909e32:192.168.34.39:38984], old=null, confs=<EMPTY_MAP>
2019-11-15 10:59:34,655 [pool-27-thread-1] INFO  server.RaftServerConfigKeys (ConfUtils.java:logGet(43)) - raft.server.rpc.timeout.min = 5s (custom)
2019-11-15 10:59:34,655 [pool-37-thread-1] INFO  server.RaftServerConfigKeys (ConfUtils.java:logGet(43)) - raft.server.storage.dir = [/workdir/hadoop-ozone/integration-test/target/test-dir/MiniOzoneClusterImpl-2a7ac7bd-41e3-4e09-82c7-5cf4290691f9/datanode-1/data/ratis] (custom)
2019-11-15 10:59:34,655 [pool-27-thread-1] INFO  server.RaftServerConfigKeys (ConfUtils.java:logGet(43)) - raft.server.rpc.timeout.max = 5200ms (custom)
2019-11-15 10:59:34,655 [pool-27-thread-1] INFO  server.RaftServerConfigKeys (ConfUtils.java:logGet(43)) - raft.server.rpcslowness.timeout = 120s (custom)
2019-11-15 10:59:34,656 [pool-37-thread-1] INFO  server.RaftServerConfigKeys (ConfUtils.java:logGet(43)) - raft.server.log.corruption.policy = EXCEPTION (default)
2019-11-15 10:59:34,656 [pool-27-thread-1] INFO  server.RaftServerConfigKeys (ConfUtils.java:logGet(43)) - raft.server.sleep.deviation.threshold = 300 (default)
2019-11-15 10:59:34,656 [pool-37-thread-1] INFO  storage.RaftStorageDirectory (RaftStorageDirectory.java:analyzeStorage(246)) - The storage directory /workdir/hadoop-ozone/integration-test/target/test-dir/MiniOzoneClusterImpl-2a7ac7bd-41e3-4e09-82c7-5cf4290691f9/datanode-1/data/ratis/141c5485-b28c-474f-adc0-12246865596a does not exist. Creating ...
2019-11-15 10:59:34,656 [pool-27-thread-1] INFO  server.RaftServerConfigKeys (ConfUtils.java:logGet(43)) - raft.server.log.appender.install.snapshot.enabled = false (custom)
2019-11-15 10:59:34,656 [pool-27-thread-1] INFO  impl.RaftServerImpl (ServerState.java:<init>(103)) - 620dcd0a-0bbb-4966-b764-6afb42318b81@group-12246865596A: ConfigurationManager, init=-1: [620dcd0a-0bbb-4966-b764-6afb42318b81:192.168.34.39:40271, f3cf49f8-818a-4a8b-a0bc-3d18d73c8898:192.168.34.39:44193, 683fc67d-6689-4ce4-bac7-2a7572909e32:192.168.34.39:38984], old=null, confs=<EMPTY_MAP>
2019-11-15 10:59:34,656 [pool-27-thread-1] INFO  server.RaftServerConfigKeys (ConfUtils.java:logGet(43)) - raft.server.storage.dir = [/workdir/hadoop-ozone/integration-test/target/test-dir/MiniOzoneClusterImpl-2a7ac7bd-41e3-4e09-82c7-5cf4290691f9/datanode-0/data/ratis] (custom)
2019-11-15 10:59:34,657 [pool-27-thread-1] INFO  server.RaftServerConfigKeys (ConfUtils.java:logGet(43)) - raft.server.log.corruption.policy = EXCEPTION (default)
2019-11-15 10:59:34,657 [pool-27-thread-1] INFO  storage.RaftStorageDirectory (RaftStorageDirectory.java:analyzeStorage(246)) - The storage directory /workdir/hadoop-ozone/integration-test/target/test-dir/MiniOzoneClusterImpl-2a7ac7bd-41e3-4e09-82c7-5cf4290691f9/datanode-0/data/ratis/141c5485-b28c-474f-adc0-12246865596a does not exist. Creating ...
2019-11-15 10:59:34,659 [pool-47-thread-1] INFO  storage.RaftStorageDirectory (RaftStorageDirectory.java:tryLock(328)) - Lock on /workdir/hadoop-ozone/integration-test/target/test-dir/MiniOzoneClusterImpl-2a7ac7bd-41e3-4e09-82c7-5cf4290691f9/datanode-2/data/ratis/141c5485-b28c-474f-adc0-12246865596a/in_use.lock acquired by nodename 1647@pr-hdds-2503-7zl9w-2300970352
2019-11-15 10:59:34,659 [pool-37-thread-1] INFO  storage.RaftStorageDirectory (RaftStorageDirectory.java:tryLock(328)) - Lock on /workdir/hadoop-ozone/integration-test/target/test-dir/MiniOzoneClusterImpl-2a7ac7bd-41e3-4e09-82c7-5cf4290691f9/datanode-1/data/ratis/141c5485-b28c-474f-adc0-12246865596a/in_use.lock acquired by nodename 1647@pr-hdds-2503-7zl9w-2300970352
2019-11-15 10:59:34,661 [EventQueue-PipelineReportForPipelineReportHandler] INFO  pipeline.PipelineReportHandler (PipelineReportHandler.java:processPipelineReport(113)) - Pipeline ONE PipelineID=94c94054-4be0-4f2f-92c4-3580ebd01542 reported by 683fc67d-6689-4ce4-bac7-2a7572909e32{ip: 192.168.34.39, host: pr-hdds-2503-7zl9w-2300970352, networkLocation: /default-rack, certSerialId: null}
2019-11-15 10:59:34,661 [EventQueue-PipelineReportForPipelineReportHandler] INFO  pipeline.PipelineStateManager (PipelineStateManager.java:openPipeline(132)) - Pipeline Pipeline[ Id: 94c94054-4be0-4f2f-92c4-3580ebd01542, Nodes: 683fc67d-6689-4ce4-bac7-2a7572909e32{ip: 192.168.34.39, host: pr-hdds-2503-7zl9w-2300970352, networkLocation: /default-rack, certSerialId: null}, Type:RATIS, Factor:ONE, State:ALLOCATED] moved to OPEN state
2019-11-15 10:59:34,663 [EventQueue-PipelineReportForPipelineReportHandler] INFO  pipeline.PipelineReportHandler (PipelineReportHandler.java:processPipelineReport(113)) - Pipeline ONE PipelineID=6d048b41-89d2-4e34-a84d-b71090d6096c reported by 620dcd0a-0bbb-4966-b764-6afb42318b81{ip: 192.168.34.39, host: pr-hdds-2503-7zl9w-2300970352, networkLocation: /default-rack, certSerialId: null}
2019-11-15 10:59:34,663 [EventQueue-OpenPipelineForOneReplicaPipelineSafeModeRule] INFO  safemode.SCMSafeModeManager (SCMSafeModeManager.java:validateSafeModeExitRules(176)) - AtleastOneDatanodeReportedRule rule is successfully validated
2019-11-15 10:59:34,663 [EventQueue-PipelineReportForPipelineReportHandler] INFO  pipeline.PipelineStateManager (PipelineStateManager.java:openPipeline(132)) - Pipeline Pipeline[ Id: 6d048b41-89d2-4e34-a84d-b71090d6096c, Nodes: 620dcd0a-0bbb-4966-b764-6afb42318b81{ip: 192.168.34.39, host: pr-hdds-2503-7zl9w-2300970352, networkLocation: /default-rack, certSerialId: null}, Type:RATIS, Factor:ONE, State:ALLOCATED] moved to OPEN state
2019-11-15 10:59:34,663 [EventQueue-OpenPipelineForHealthyPipelineSafeModeRule] INFO  safemode.SCMSafeModeManager (HealthyPipelineSafeModeRule.java:process(132)) - SCM in safe mode. Healthy pipelines reported count is 0, required healthy pipeline reported count is 1
2019-11-15 10:59:34,663 [EventQueue-PipelineReportForPipelineReportHandler] INFO  pipeline.PipelineReportHandler (PipelineReportHandler.java:processPipelineReport(113)) - Pipeline ONE PipelineID=58f46a5a-0e19-4edb-b3ee-5dca2889e03a reported by f3cf49f8-818a-4a8b-a0bc-3d18d73c8898{ip: 192.168.34.39, host: pr-hdds-2503-7zl9w-2300970352, networkLocation: /default-rack, certSerialId: null}
2019-11-15 10:59:34,663 [EventQueue-OpenPipelineForOneReplicaPipelineSafeModeRule] INFO  safemode.SCMSafeModeManager (SCMSafeModeManager.java:validateSafeModeExitRules(176)) - AtleastOneDatanodeReportedRule rule is successfully validated
2019-11-15 10:59:34,663 [EventQueue-PipelineReportForPipelineReportHandler] INFO  pipeline.PipelineStateManager (PipelineStateManager.java:openPipeline(132)) - Pipeline Pipeline[ Id: 58f46a5a-0e19-4edb-b3ee-5dca2889e03a, Nodes: f3cf49f8-818a-4a8b-a0bc-3d18d73c8898{ip: 192.168.34.39, host: pr-hdds-2503-7zl9w-2300970352, networkLocation: /default-rack, certSerialId: null}, Type:RATIS, Factor:ONE, State:ALLOCATED] moved to OPEN state
2019-11-15 10:59:34,663 [EventQueue-OpenPipelineForHealthyPipelineSafeModeRule] INFO  safemode.SCMSafeModeManager (HealthyPipelineSafeModeRule.java:process(132)) - SCM in safe mode. Healthy pipelines reported count is 0, required healthy pipeline reported count is 1
2019-11-15 10:59:34,664 [EventQueue-OpenPipelineForOneReplicaPipelineSafeModeRule] INFO  safemode.SCMSafeModeManager (SCMSafeModeManager.java:validateSafeModeExitRules(176)) - AtleastOneDatanodeReportedRule rule is successfully validated
2019-11-15 10:59:34,664 [EventQueue-OpenPipelineForHealthyPipelineSafeModeRule] INFO  safemode.SCMSafeModeManager (HealthyPipelineSafeModeRule.java:process(132)) - SCM in safe mode. Healthy pipelines reported count is 0, required healthy pipeline reported count is 1
2019-11-15 10:59:35,070 [pool-27-thread-1] INFO  storage.RaftStorageDirectory (RaftStorageDirectory.java:tryLock(328)) - Lock on /workdir/hadoop-ozone/integration-test/target/test-dir/MiniOzoneClusterImpl-2a7ac7bd-41e3-4e09-82c7-5cf4290691f9/datanode-0/data/ratis/141c5485-b28c-474f-adc0-12246865596a/in_use.lock acquired by nodename 1647@pr-hdds-2503-7zl9w-2300970352
2019-11-15 10:59:35,071 [pool-37-thread-1] INFO  storage.RaftStorage (RaftStorage.java:format(84)) - Storage directory /workdir/hadoop-ozone/integration-test/target/test-dir/MiniOzoneClusterImpl-2a7ac7bd-41e3-4e09-82c7-5cf4290691f9/datanode-1/data/ratis/141c5485-b28c-474f-adc0-12246865596a has been successfully formatted.
2019-11-15 10:59:35,071 [pool-47-thread-1] INFO  storage.RaftStorage (RaftStorage.java:format(84)) - Storage directory /workdir/hadoop-ozone/integration-test/target/test-dir/MiniOzoneClusterImpl-2a7ac7bd-41e3-4e09-82c7-5cf4290691f9/datanode-2/data/ratis/141c5485-b28c-474f-adc0-12246865596a has been successfully formatted.
2019-11-15 10:59:35,072 [pool-37-thread-1] INFO  ratis.ContainerStateMachine (ContainerStateMachine.java:loadSnapshot(223)) - group-12246865596A: The snapshot info is null. Setting the last applied indexto:(t:0, i:~)
2019-11-15 10:59:35,072 [pool-47-thread-1] INFO  ratis.ContainerStateMachine (ContainerStateMachine.java:loadSnapshot(223)) - group-12246865596A: The snapshot info is null. Setting the last applied indexto:(t:0, i:~)
2019-11-15 10:59:35,073 [pool-37-thread-1] INFO  server.RaftServerConfigKeys (ConfUtils.java:logGet(43)) - raft.server.notification.no-leader.timeout = 120s (custom)
2019-11-15 10:59:35,073 [pool-47-thread-1] INFO  server.RaftServerConfigKeys (ConfUtils.java:logGet(43)) - raft.server.notification.no-leader.timeout = 120s (custom)
2019-11-15 10:59:35,073 [pool-37-thread-1] INFO  server.RaftServerConfigKeys (ConfUtils.java:logGet(43)) - raft.server.log.use.memory = false (default)
2019-11-15 10:59:35,074 [pool-47-thread-1] INFO  server.RaftServerConfigKeys (ConfUtils.java:logGet(43)) - raft.server.log.use.memory = false (default)
2019-11-15 10:59:35,074 [pool-37-thread-1] INFO  server.RaftServerConfigKeys (ConfUtils.java:logGet(43)) - raft.server.log.purge.gap = 1000000 (custom)
2019-11-15 10:59:35,077 [pool-37-thread-1] INFO  server.RaftServerConfigKeys (ConfUtils.java:logGet(43)) - raft.server.log.appender.buffer.byte-limit = 33554432 (custom)
2019-11-15 10:59:35,076 [pool-47-thread-1] INFO  server.RaftServerConfigKeys (ConfUtils.java:logGet(43)) - raft.server.log.purge.gap = 1000000 (custom)
2019-11-15 10:59:35,078 [pool-47-thread-1] INFO  server.RaftServerConfigKeys (ConfUtils.java:logGet(43)) - raft.server.log.appender.buffer.byte-limit = 33554432 (custom)
2019-11-15 10:59:35,078 [pool-47-thread-1] INFO  server.RaftServerConfigKeys (ConfUtils.java:logGet(43)) - raft.server.log.segment.size.max = 1048576 (custom)
2019-11-15 10:59:35,078 [pool-47-thread-1] INFO  server.RaftServerConfigKeys (ConfUtils.java:logGet(43)) - raft.server.log.segment.cache.num.max = 2 (custom)
2019-11-15 10:59:35,079 [pool-47-thread-1] INFO  segmented.SegmentedRaftLogWorker (SegmentedRaftLogWorker.java:<init>(173)) - new f3cf49f8-818a-4a8b-a0bc-3d18d73c8898@group-12246865596A-SegmentedRaftLogWorker for RaftStorage:Storage Directory /workdir/hadoop-ozone/integration-test/target/test-dir/MiniOzoneClusterImpl-2a7ac7bd-41e3-4e09-82c7-5cf4290691f9/datanode-2/data/ratis/141c5485-b28c-474f-adc0-12246865596a
2019-11-15 10:59:35,079 [pool-47-thread-1] INFO  server.RaftServerConfigKeys (ConfUtils.java:logGet(43)) - raft.server.log.queue.byte-limit = 2147483647 (custom)
2019-11-15 10:59:35,079 [pool-47-thread-1] INFO  server.RaftServerConfigKeys (ConfUtils.java:logGet(43)) - raft.server.log.queue.element-limit = 1024 (custom)
2019-11-15 10:59:35,079 [pool-47-thread-1] INFO  server.RaftServerConfigKeys (ConfUtils.java:logGet(43)) - raft.server.log.segment.size.max = 1048576 (custom)
2019-11-15 10:59:35,080 [pool-47-thread-1] INFO  server.RaftServerConfigKeys (ConfUtils.java:logGet(43)) - raft.server.log.preallocated.size = 16384 (custom)
2019-11-15 10:59:35,080 [pool-47-thread-1] INFO  server.RaftServerConfigKeys (ConfUtils.java:logGet(43)) - raft.server.log.write.buffer.size = 33554432 (custom)
2019-11-15 10:59:35,080 [pool-47-thread-1] INFO  server.RaftServerConfigKeys (ConfUtils.java:logGet(43)) - raft.server.log.force.sync.num = 128 (default)
2019-11-15 10:59:35,081 [pool-47-thread-1] INFO  server.RaftServerConfigKeys (ConfUtils.java:logGet(43)) - raft.server.log.statemachine.data.sync = true (default)
2019-11-15 10:59:35,081 [pool-47-thread-1] INFO  server.RaftServerConfigKeys (ConfUtils.java:logGet(43)) - raft.server.log.statemachine.data.sync.timeout = 10s (default)
2019-11-15 10:59:35,081 [pool-47-thread-1] INFO  server.RaftServerConfigKeys (ConfUtils.java:logGet(43)) - raft.server.log.statemachine.data.sync.timeout.retry = -1 (default)
2019-11-15 10:59:35,082 [pool-47-thread-1] INFO  server.RaftServerConfigKeys (ConfUtils.java:logGet(43)) - raft.server.log.statemachine.data.caching.enabled = true (custom)
2019-11-15 10:59:35,082 [pool-47-thread-1] INFO  segmented.SegmentedRaftLogWorker (SegmentedRaftLogWorker.java:lambda$new$0(128)) - f3cf49f8-818a-4a8b-a0bc-3d18d73c8898@group-12246865596A-SegmentedRaftLogWorker: flushIndex: setUnconditionally 0 -> -1
2019-11-15 10:59:35,077 [pool-37-thread-1] INFO  server.RaftServerConfigKeys (ConfUtils.java:logGet(43)) - raft.server.log.segment.size.max = 1048576 (custom)
2019-11-15 10:59:35,083 [pool-37-thread-1] INFO  server.RaftServerConfigKeys (ConfUtils.java:logGet(43)) - raft.server.log.segment.cache.num.max = 2 (custom)
2019-11-15 10:59:35,083 [pool-47-thread-1] INFO  server.RaftServerConfigKeys (ConfUtils.java:logGet(43)) - raft.server.snapshot.auto.trigger.enabled = true (custom)
2019-11-15 10:59:35,084 [pool-37-thread-1] INFO  segmented.SegmentedRaftLogWorker (SegmentedRaftLogWorker.java:<init>(173)) - new 683fc67d-6689-4ce4-bac7-2a7572909e32@group-12246865596A-SegmentedRaftLogWorker for RaftStorage:Storage Directory /workdir/hadoop-ozone/integration-test/target/test-dir/MiniOzoneClusterImpl-2a7ac7bd-41e3-4e09-82c7-5cf4290691f9/datanode-1/data/ratis/141c5485-b28c-474f-adc0-12246865596a
2019-11-15 10:59:35,084 [pool-47-thread-1] INFO  server.RaftServerConfigKeys (ConfUtils.java:logGet(43)) - raft.server.snapshot.auto.trigger.threshold = 10000 (custom)
2019-11-15 10:59:35,084 [pool-47-thread-1] INFO  server.RaftServerConfigKeys (ConfUtils.java:logGet(43)) - raft.server.snapshot.retention.file.num = 5 (custom)
2019-11-15 10:59:35,084 [pool-37-thread-1] INFO  server.RaftServerConfigKeys (ConfUtils.java:logGet(43)) - raft.server.log.queue.byte-limit = 2147483647 (custom)
2019-11-15 10:59:35,085 [pool-27-thread-1] INFO  storage.RaftStorage (RaftStorage.java:format(84)) - Storage directory /workdir/hadoop-ozone/integration-test/target/test-dir/MiniOzoneClusterImpl-2a7ac7bd-41e3-4e09-82c7-5cf4290691f9/datanode-0/data/ratis/141c5485-b28c-474f-adc0-12246865596a has been successfully formatted.
2019-11-15 10:59:35,085 [pool-47-thread-1] INFO  server.RaftServerConfigKeys (ConfUtils.java:logGet(43)) - raft.server.retrycache.expirytime = 600000ms (custom)
2019-11-15 10:59:35,085 [pool-37-thread-1] INFO  server.RaftServerConfigKeys (ConfUtils.java:logGet(43)) - raft.server.log.queue.element-limit = 1024 (custom)
2019-11-15 10:59:35,086 [pool-27-thread-1] INFO  ratis.ContainerStateMachine (ContainerStateMachine.java:loadSnapshot(223)) - group-12246865596A: The snapshot info is null. Setting the last applied indexto:(t:0, i:~)
2019-11-15 10:59:35,086 [pool-27-thread-1] INFO  server.RaftServerConfigKeys (ConfUtils.java:logGet(43)) - raft.server.notification.no-leader.timeout = 120s (custom)
2019-11-15 10:59:35,086 [pool-27-thread-1] INFO  server.RaftServerConfigKeys (ConfUtils.java:logGet(43)) - raft.server.log.use.memory = false (default)
2019-11-15 10:59:35,087 [pool-27-thread-1] INFO  server.RaftServerConfigKeys (ConfUtils.java:logGet(43)) - raft.server.log.purge.gap = 1000000 (custom)
2019-11-15 10:59:35,087 [pool-27-thread-1] INFO  server.RaftServerConfigKeys (ConfUtils.java:logGet(43)) - raft.server.log.appender.buffer.byte-limit = 33554432 (custom)
2019-11-15 10:59:35,087 [pool-27-thread-1] INFO  server.RaftServerConfigKeys (ConfUtils.java:logGet(43)) - raft.server.log.segment.size.max = 1048576 (custom)
2019-11-15 10:59:35,087 [pool-27-thread-1] INFO  server.RaftServerConfigKeys (ConfUtils.java:logGet(43)) - raft.server.log.segment.cache.num.max = 2 (custom)
2019-11-15 10:59:35,088 [pool-27-thread-1] INFO  segmented.SegmentedRaftLogWorker (SegmentedRaftLogWorker.java:<init>(173)) - new 620dcd0a-0bbb-4966-b764-6afb42318b81@group-12246865596A-SegmentedRaftLogWorker for RaftStorage:Storage Directory /workdir/hadoop-ozone/integration-test/target/test-dir/MiniOzoneClusterImpl-2a7ac7bd-41e3-4e09-82c7-5cf4290691f9/datanode-0/data/ratis/141c5485-b28c-474f-adc0-12246865596a
2019-11-15 10:59:35,085 [pool-47-thread-1] WARN  impl.MetricRegistriesImpl (MetricRegistriesImpl.java:lambda$create$1(61)) - First MetricRegistry has been created without registering reporters. You may need to call MetricRegistries.global().addReportRegistration(...) before.
2019-11-15 10:59:35,088 [pool-27-thread-1] INFO  server.RaftServerConfigKeys (ConfUtils.java:logGet(43)) - raft.server.log.queue.byte-limit = 2147483647 (custom)
2019-11-15 10:59:35,088 [pool-27-thread-1] INFO  server.RaftServerConfigKeys (ConfUtils.java:logGet(43)) - raft.server.log.queue.element-limit = 1024 (custom)
2019-11-15 10:59:35,086 [pool-37-thread-1] INFO  server.RaftServerConfigKeys (ConfUtils.java:logGet(43)) - raft.server.log.segment.size.max = 1048576 (custom)
2019-11-15 10:59:35,088 [pool-27-thread-1] INFO  server.RaftServerConfigKeys (ConfUtils.java:logGet(43)) - raft.server.log.segment.size.max = 1048576 (custom)
2019-11-15 10:59:35,088 [pool-47-thread-1] WARN  impl.MetricRegistriesImpl (MetricRegistriesImpl.java:lambda$create$1(61)) - First MetricRegistry has been created without registering reporters. You may need to call MetricRegistries.global().addReportRegistration(...) before.
2019-11-15 10:59:35,089 [pool-27-thread-1] INFO  server.RaftServerConfigKeys (ConfUtils.java:logGet(43)) - raft.server.log.preallocated.size = 16384 (custom)
2019-11-15 10:59:35,089 [pool-47-thread-1] INFO  impl.RaftServerImpl (RaftServerImpl.java:start(184)) - f3cf49f8-818a-4a8b-a0bc-3d18d73c8898@group-12246865596A: start as a follower, conf=-1: [620dcd0a-0bbb-4966-b764-6afb42318b81:192.168.34.39:40271, f3cf49f8-818a-4a8b-a0bc-3d18d73c8898:192.168.34.39:44193, 683fc67d-6689-4ce4-bac7-2a7572909e32:192.168.34.39:38984], old=null
2019-11-15 10:59:35,089 [pool-37-thread-1] INFO  server.RaftServerConfigKeys (ConfUtils.java:logGet(43)) - raft.server.log.preallocated.size = 16384 (custom)
2019-11-15 10:59:35,089 [pool-47-thread-1] INFO  impl.RaftServerImpl (RaftServerImpl.java:setRole(173)) - f3cf49f8-818a-4a8b-a0bc-3d18d73c8898@group-12246865596A: changes role from      null to FOLLOWER at term 0 for startAsFollower
2019-11-15 10:59:35,089 [pool-27-thread-1] INFO  server.RaftServerConfigKeys (ConfUtils.java:logGet(43)) - raft.server.log.write.buffer.size = 33554432 (custom)
2019-11-15 10:59:35,090 [pool-47-thread-1] INFO  impl.RoleInfo (RoleInfo.java:updateAndGet(143)) - f3cf49f8-818a-4a8b-a0bc-3d18d73c8898: start FollowerState
2019-11-15 10:59:35,090 [pool-37-thread-1] INFO  server.RaftServerConfigKeys (ConfUtils.java:logGet(43)) - raft.server.log.write.buffer.size = 33554432 (custom)
2019-11-15 10:59:35,090 [pool-27-thread-1] INFO  server.RaftServerConfigKeys (ConfUtils.java:logGet(43)) - raft.server.log.force.sync.num = 128 (default)
2019-11-15 10:59:35,091 [pool-47-thread-1] INFO  util.JmxRegister (JmxRegister.java:tryRegister(44)) - Successfully registered JMX Bean with object name Ratis:service=RaftServer,group=group-12246865596A,id=f3cf49f8-818a-4a8b-a0bc-3d18d73c8898
2019-11-15 10:59:35,091 [pool-27-thread-1] INFO  server.RaftServerConfigKeys (ConfUtils.java:logGet(43)) - raft.server.log.statemachine.data.sync = true (default)
2019-11-15 10:59:35,091 [pool-37-thread-1] INFO  server.RaftServerConfigKeys (ConfUtils.java:logGet(43)) - raft.server.log.force.sync.num = 128 (default)
2019-11-15 10:59:35,091 [pool-27-thread-1] INFO  server.RaftServerConfigKeys (ConfUtils.java:logGet(43)) - raft.server.log.statemachine.data.sync.timeout = 10s (default)
2019-11-15 10:59:35,091 [pool-47-thread-1] WARN  impl.MetricRegistriesImpl (MetricRegistriesImpl.java:lambda$create$1(61)) - First MetricRegistry has been created without registering reporters. You may need to call MetricRegistries.global().addReportRegistration(...) before.
2019-11-15 10:59:35,091 [pool-27-thread-1] INFO  server.RaftServerConfigKeys (ConfUtils.java:logGet(43)) - raft.server.log.statemachine.data.sync.timeout.retry = -1 (default)
2019-11-15 10:59:35,091 [pool-37-thread-1] INFO  server.RaftServerConfigKeys (ConfUtils.java:logGet(43)) - raft.server.log.statemachine.data.sync = true (default)
2019-11-15 10:59:35,092 [pool-27-thread-1] INFO  server.RaftServerConfigKeys (ConfUtils.java:logGet(43)) - raft.server.log.statemachine.data.caching.enabled = true (custom)
2019-11-15 10:59:35,092 [pool-37-thread-1] INFO  server.RaftServerConfigKeys (ConfUtils.java:logGet(43)) - raft.server.log.statemachine.data.sync.timeout = 10s (default)
2019-11-15 10:59:35,092 [Command processor thread] INFO  commandhandler.CreatePipelineCommandHandler (CreatePipelineCommandHandler.java:handle(86)) - Create Pipeline RATIS THREE #id: "141c5485-b28c-474f-adc0-12246865596a"
 command succeed on datanode f3cf49f8-818a-4a8b-a0bc-3d18d73c8898.
2019-11-15 10:59:35,093 [pool-27-thread-1] INFO  segmented.SegmentedRaftLogWorker (SegmentedRaftLogWorker.java:lambda$new$0(128)) - 620dcd0a-0bbb-4966-b764-6afb42318b81@group-12246865596A-SegmentedRaftLogWorker: flushIndex: setUnconditionally 0 -> -1
2019-11-15 10:59:35,093 [pool-37-thread-1] INFO  server.RaftServerConfigKeys (ConfUtils.java:logGet(43)) - raft.server.log.statemachine.data.sync.timeout.retry = -1 (default)
2019-11-15 10:59:35,093 [pool-27-thread-1] INFO  server.RaftServerConfigKeys (ConfUtils.java:logGet(43)) - raft.server.snapshot.auto.trigger.enabled = true (custom)
2019-11-15 10:59:35,093 [pool-27-thread-1] INFO  server.RaftServerConfigKeys (ConfUtils.java:logGet(43)) - raft.server.snapshot.auto.trigger.threshold = 10000 (custom)
2019-11-15 10:59:35,093 [pool-37-thread-1] INFO  server.RaftServerConfigKeys (ConfUtils.java:logGet(43)) - raft.server.log.statemachine.data.caching.enabled = true (custom)
2019-11-15 10:59:35,094 [pool-27-thread-1] INFO  server.RaftServerConfigKeys (ConfUtils.java:logGet(43)) - raft.server.snapshot.retention.file.num = 5 (custom)
2019-11-15 10:59:35,095 [pool-27-thread-1] INFO  server.RaftServerConfigKeys (ConfUtils.java:logGet(43)) - raft.server.retrycache.expirytime = 600000ms (custom)
2019-11-15 10:59:35,096 [pool-37-thread-1] INFO  segmented.SegmentedRaftLogWorker (SegmentedRaftLogWorker.java:lambda$new$0(128)) - 683fc67d-6689-4ce4-bac7-2a7572909e32@group-12246865596A-SegmentedRaftLogWorker: flushIndex: setUnconditionally 0 -> -1
2019-11-15 10:59:35,096 [pool-27-thread-1] WARN  impl.MetricRegistriesImpl (MetricRegistriesImpl.java:lambda$create$1(61)) - First MetricRegistry has been created without registering reporters. You may need to call MetricRegistries.global().addReportRegistration(...) before.
2019-11-15 10:59:35,096 [pool-27-thread-1] WARN  impl.MetricRegistriesImpl (MetricRegistriesImpl.java:lambda$create$1(61)) - First MetricRegistry has been created without registering reporters. You may need to call MetricRegistries.global().addReportRegistration(...) before.
2019-11-15 10:59:35,096 [EventQueue-PipelineReportForPipelineReportHandler] INFO  pipeline.PipelineReportHandler (PipelineReportHandler.java:processPipelineReport(113)) - Pipeline THREE PipelineID=141c5485-b28c-474f-adc0-12246865596a reported by f3cf49f8-818a-4a8b-a0bc-3d18d73c8898{ip: 192.168.34.39, host: pr-hdds-2503-7zl9w-2300970352, networkLocation: /default-rack, certSerialId: null}
2019-11-15 10:59:35,096 [pool-37-thread-1] INFO  server.RaftServerConfigKeys (ConfUtils.java:logGet(43)) - raft.server.snapshot.auto.trigger.enabled = true (custom)
2019-11-15 10:59:35,097 [pool-27-thread-1] INFO  impl.RaftServerImpl (RaftServerImpl.java:start(184)) - 620dcd0a-0bbb-4966-b764-6afb42318b81@group-12246865596A: start as a follower, conf=-1: [620dcd0a-0bbb-4966-b764-6afb42318b81:192.168.34.39:40271, f3cf49f8-818a-4a8b-a0bc-3d18d73c8898:192.168.34.39:44193, 683fc67d-6689-4ce4-bac7-2a7572909e32:192.168.34.39:38984], old=null
2019-11-15 10:59:35,097 [pool-37-thread-1] INFO  server.RaftServerConfigKeys (ConfUtils.java:logGet(43)) - raft.server.snapshot.auto.trigger.threshold = 10000 (custom)
2019-11-15 10:59:35,097 [pool-27-thread-1] INFO  impl.RaftServerImpl (RaftServerImpl.java:setRole(173)) - 620dcd0a-0bbb-4966-b764-6afb42318b81@group-12246865596A: changes role from      null to FOLLOWER at term 0 for startAsFollower
2019-11-15 10:59:35,097 [pool-37-thread-1] INFO  server.RaftServerConfigKeys (ConfUtils.java:logGet(43)) - raft.server.snapshot.retention.file.num = 5 (custom)
2019-11-15 10:59:35,098 [pool-27-thread-1] INFO  impl.RoleInfo (RoleInfo.java:updateAndGet(143)) - 620dcd0a-0bbb-4966-b764-6afb42318b81: start FollowerState
2019-11-15 10:59:35,098 [pool-37-thread-1] INFO  server.RaftServerConfigKeys (ConfUtils.java:logGet(43)) - raft.server.retrycache.expirytime = 600000ms (custom)
2019-11-15 10:59:35,098 [pool-37-thread-1] WARN  impl.MetricRegistriesImpl (MetricRegistriesImpl.java:lambda$create$1(61)) - First MetricRegistry has been created without registering reporters. You may need to call MetricRegistries.global().addReportRegistration(...) before.
2019-11-15 10:59:35,099 [pool-27-thread-1] INFO  util.JmxRegister (JmxRegister.java:tryRegister(44)) - Successfully registered JMX Bean with object name Ratis:service=RaftServer,group=group-12246865596A,id=620dcd0a-0bbb-4966-b764-6afb42318b81
2019-11-15 10:59:35,099 [pool-37-thread-1] WARN  impl.MetricRegistriesImpl (MetricRegistriesImpl.java:lambda$create$1(61)) - First MetricRegistry has been created without registering reporters. You may need to call MetricRegistries.global().addReportRegistration(...) before.
2019-11-15 10:59:35,100 [pool-27-thread-1] WARN  impl.MetricRegistriesImpl (MetricRegistriesImpl.java:lambda$create$1(61)) - First MetricRegistry has been created without registering reporters. You may need to call MetricRegistries.global().addReportRegistration(...) before.
2019-11-15 10:59:35,101 [pool-37-thread-1] INFO  impl.RaftServerImpl (RaftServerImpl.java:start(184)) - 683fc67d-6689-4ce4-bac7-2a7572909e32@group-12246865596A: start as a follower, conf=-1: [620dcd0a-0bbb-4966-b764-6afb42318b81:192.168.34.39:40271, f3cf49f8-818a-4a8b-a0bc-3d18d73c8898:192.168.34.39:44193, 683fc67d-6689-4ce4-bac7-2a7572909e32:192.168.34.39:38984], old=null
2019-11-15 10:59:35,101 [pool-37-thread-1] INFO  impl.RaftServerImpl (RaftServerImpl.java:setRole(173)) - 683fc67d-6689-4ce4-bac7-2a7572909e32@group-12246865596A: changes role from      null to FOLLOWER at term 0 for startAsFollower
2019-11-15 10:59:35,101 [Command processor thread] INFO  commandhandler.CreatePipelineCommandHandler (CreatePipelineCommandHandler.java:handle(86)) - Create Pipeline RATIS THREE #id: "141c5485-b28c-474f-adc0-12246865596a"
 command succeed on datanode 620dcd0a-0bbb-4966-b764-6afb42318b81.
2019-11-15 10:59:35,101 [pool-37-thread-1] INFO  impl.RoleInfo (RoleInfo.java:updateAndGet(143)) - 683fc67d-6689-4ce4-bac7-2a7572909e32: start FollowerState
2019-11-15 10:59:35,102 [pool-37-thread-1] INFO  util.JmxRegister (JmxRegister.java:tryRegister(44)) - Successfully registered JMX Bean with object name Ratis:service=RaftServer,group=group-12246865596A,id=683fc67d-6689-4ce4-bac7-2a7572909e32
2019-11-15 10:59:35,103 [pool-37-thread-1] WARN  impl.MetricRegistriesImpl (MetricRegistriesImpl.java:lambda$create$1(61)) - First MetricRegistry has been created without registering reporters. You may need to call MetricRegistries.global().addReportRegistration(...) before.
2019-11-15 10:59:35,104 [Command processor thread] INFO  commandhandler.CreatePipelineCommandHandler (CreatePipelineCommandHandler.java:handle(86)) - Create Pipeline RATIS THREE #id: "141c5485-b28c-474f-adc0-12246865596a"
 command succeed on datanode 683fc67d-6689-4ce4-bac7-2a7572909e32.
2019-11-15 10:59:35,104 [EventQueue-PipelineReportForPipelineReportHandler] INFO  pipeline.PipelineReportHandler (PipelineReportHandler.java:processPipelineReport(113)) - Pipeline THREE PipelineID=141c5485-b28c-474f-adc0-12246865596a reported by 620dcd0a-0bbb-4966-b764-6afb42318b81{ip: 192.168.34.39, host: pr-hdds-2503-7zl9w-2300970352, networkLocation: /default-rack, certSerialId: null}
2019-11-15 10:59:35,107 [EventQueue-PipelineReportForPipelineReportHandler] INFO  pipeline.PipelineReportHandler (PipelineReportHandler.java:processPipelineReport(113)) - Pipeline THREE PipelineID=141c5485-b28c-474f-adc0-12246865596a reported by 683fc67d-6689-4ce4-bac7-2a7572909e32{ip: 192.168.34.39, host: pr-hdds-2503-7zl9w-2300970352, networkLocation: /default-rack, certSerialId: null}
2019-11-15 10:59:35,528 [Thread-0] INFO  ozone.MiniOzoneClusterImpl (MiniOzoneClusterImpl.java:lambda$waitForClusterToBeReady$0(150)) - Nodes are ready. Got 3 of 3 DN Heartbeats.
2019-11-15 10:59:35,529 [Thread-0] INFO  ozone.MiniOzoneClusterImpl (MiniOzoneClusterImpl.java:lambda$waitForClusterToBeReady$0(153)) - Waiting for cluster to exit safe mode
2019-11-15 10:59:36,529 [Thread-0] INFO  ozone.MiniOzoneClusterImpl (MiniOzoneClusterImpl.java:lambda$waitForClusterToBeReady$0(150)) - Nodes are ready. Got 3 of 3 DN Heartbeats.
2019-11-15 10:59:36,530 [Thread-0] INFO  ozone.MiniOzoneClusterImpl (MiniOzoneClusterImpl.java:lambda$waitForClusterToBeReady$0(153)) - Waiting for cluster to exit safe mode
2019-11-15 10:59:37,530 [Thread-0] INFO  ozone.MiniOzoneClusterImpl (MiniOzoneClusterImpl.java:lambda$waitForClusterToBeReady$0(150)) - Nodes are ready. Got 3 of 3 DN Heartbeats.
2019-11-15 10:59:37,530 [Thread-0] INFO  ozone.MiniOzoneClusterImpl (MiniOzoneClusterImpl.java:lambda$waitForClusterToBeReady$0(153)) - Waiting for cluster to exit safe mode
2019-11-15 10:59:38,531 [Thread-0] INFO  ozone.MiniOzoneClusterImpl (MiniOzoneClusterImpl.java:lambda$waitForClusterToBeReady$0(150)) - Nodes are ready. Got 3 of 3 DN Heartbeats.
2019-11-15 10:59:38,531 [Thread-0] INFO  ozone.MiniOzoneClusterImpl (MiniOzoneClusterImpl.java:lambda$waitForClusterToBeReady$0(153)) - Waiting for cluster to exit safe mode
2019-11-15 10:59:39,531 [Thread-0] INFO  ozone.MiniOzoneClusterImpl (MiniOzoneClusterImpl.java:lambda$waitForClusterToBeReady$0(150)) - Nodes are ready. Got 3 of 3 DN Heartbeats.
2019-11-15 10:59:39,531 [Thread-0] INFO  ozone.MiniOzoneClusterImpl (MiniOzoneClusterImpl.java:lambda$waitForClusterToBeReady$0(153)) - Waiting for cluster to exit safe mode
2019-11-15 10:59:39,640 [Thread-184] INFO  impl.FollowerState (FollowerState.java:run(111)) - f3cf49f8-818a-4a8b-a0bc-3d18d73c8898@group-5DCA2889E03A-FollowerState: change to CANDIDATE, lastRpcTime:5023ms, electionTimeout:5021ms
2019-11-15 10:59:39,642 [Thread-184] INFO  impl.RoleInfo (RoleInfo.java:shutdownFollowerState(121)) - f3cf49f8-818a-4a8b-a0bc-3d18d73c8898: shutdown FollowerState
2019-11-15 10:59:39,642 [Thread-184] INFO  impl.RaftServerImpl (RaftServerImpl.java:setRole(173)) - f3cf49f8-818a-4a8b-a0bc-3d18d73c8898@group-5DCA2889E03A: changes role from  FOLLOWER to CANDIDATE at term 0 for changeToCandidate
2019-11-15 10:59:39,645 [Thread-184] INFO  impl.RoleInfo (RoleInfo.java:updateAndGet(143)) - f3cf49f8-818a-4a8b-a0bc-3d18d73c8898: start LeaderElection
2019-11-15 10:59:39,663 [f3cf49f8-818a-4a8b-a0bc-3d18d73c8898@group-5DCA2889E03A-LeaderElection1] INFO  impl.LeaderElection (LeaderElection.java:askForVotes(178)) - f3cf49f8-818a-4a8b-a0bc-3d18d73c8898@group-5DCA2889E03A-LeaderElection1: begin an election at term 1 for -1: [f3cf49f8-818a-4a8b-a0bc-3d18d73c8898:192.168.34.39:44193], old=null
2019-11-15 10:59:39,665 [f3cf49f8-818a-4a8b-a0bc-3d18d73c8898@group-5DCA2889E03A-LeaderElection1] INFO  impl.RoleInfo (RoleInfo.java:shutdownLeaderElection(134)) - f3cf49f8-818a-4a8b-a0bc-3d18d73c8898: shutdown LeaderElection
2019-11-15 10:59:39,666 [f3cf49f8-818a-4a8b-a0bc-3d18d73c8898@group-5DCA2889E03A-LeaderElection1] INFO  impl.RaftServerImpl (RaftServerImpl.java:setRole(173)) - f3cf49f8-818a-4a8b-a0bc-3d18d73c8898@group-5DCA2889E03A: changes role from CANDIDATE to LEADER at term 1 for changeToLeader
2019-11-15 10:59:39,666 [f3cf49f8-818a-4a8b-a0bc-3d18d73c8898@group-5DCA2889E03A-LeaderElection1] INFO  ratis.XceiverServerRatis (XceiverServerRatis.java:handleLeaderChangedNotification(733)) - Leader change notification received for group: group-5DCA2889E03A with new leaderId: f3cf49f8-818a-4a8b-a0bc-3d18d73c8898
2019-11-15 10:59:39,666 [f3cf49f8-818a-4a8b-a0bc-3d18d73c8898@group-5DCA2889E03A-LeaderElection1] INFO  impl.RaftServerImpl (ServerState.java:setLeader(255)) - f3cf49f8-818a-4a8b-a0bc-3d18d73c8898@group-5DCA2889E03A: change Leader from null to f3cf49f8-818a-4a8b-a0bc-3d18d73c8898 at term 1 for becomeLeader, leader elected after 5119ms
2019-11-15 10:59:39,669 [EventQueue-PipelineReportForPipelineReportHandler] INFO  pipeline.PipelineReportHandler (PipelineReportHandler.java:processPipelineReport(113)) - Pipeline THREE PipelineID=141c5485-b28c-474f-adc0-12246865596a reported by f3cf49f8-818a-4a8b-a0bc-3d18d73c8898{ip: 192.168.34.39, host: pr-hdds-2503-7zl9w-2300970352, networkLocation: /default-rack, certSerialId: null}
2019-11-15 10:59:39,674 [f3cf49f8-818a-4a8b-a0bc-3d18d73c8898@group-5DCA2889E03A-LeaderElection1] INFO  server.RaftServerConfigKeys (ConfUtils.java:logGet(43)) - raft.server.staging.catchup.gap = 1000 (default)
2019-11-15 10:59:39,674 [f3cf49f8-818a-4a8b-a0bc-3d18d73c8898@group-5DCA2889E03A-LeaderElection1] INFO  server.RaftServerConfigKeys (ConfUtils.java:logGet(43)) - raft.server.rpc.sleep.time = 25ms (default)
2019-11-15 10:59:39,679 [f3cf49f8-818a-4a8b-a0bc-3d18d73c8898@group-5DCA2889E03A-LeaderElection1] INFO  server.RaftServerConfigKeys (ConfUtils.java:logGet(43)) - raft.server.write.element-limit = 4096 (default)
2019-11-15 10:59:39,681 [Thread-183] INFO  impl.FollowerState (FollowerState.java:run(111)) - 683fc67d-6689-4ce4-bac7-2a7572909e32@group-3580EBD01542-FollowerState: change to CANDIDATE, lastRpcTime:5064ms, electionTimeout:5062ms
2019-11-15 10:59:39,682 [Thread-183] INFO  impl.RoleInfo (RoleInfo.java:shutdownFollowerState(121)) - 683fc67d-6689-4ce4-bac7-2a7572909e32: shutdown FollowerState
2019-11-15 10:59:39,682 [Thread-183] INFO  impl.RaftServerImpl (RaftServerImpl.java:setRole(173)) - 683fc67d-6689-4ce4-bac7-2a7572909e32@group-3580EBD01542: changes role from  FOLLOWER to CANDIDATE at term 0 for changeToCandidate
2019-11-15 10:59:39,683 [Thread-183] INFO  impl.RoleInfo (RoleInfo.java:updateAndGet(143)) - 683fc67d-6689-4ce4-bac7-2a7572909e32: start LeaderElection
2019-11-15 10:59:39,689 [f3cf49f8-818a-4a8b-a0bc-3d18d73c8898@group-5DCA2889E03A-LeaderElection1] INFO  server.RaftServerConfigKeys (ConfUtils.java:logGet(43)) - raft.server.watch.timeout = 10s (default)
2019-11-15 10:59:39,689 [f3cf49f8-818a-4a8b-a0bc-3d18d73c8898@group-5DCA2889E03A-LeaderElection1] INFO  server.RaftServerConfigKeys (ConfUtils.java:logGet(43)) - raft.server.watch.timeout.denomination = 1s (default)
2019-11-15 10:59:39,690 [f3cf49f8-818a-4a8b-a0bc-3d18d73c8898@group-5DCA2889E03A-LeaderElection1] INFO  server.RaftServerConfigKeys (ConfUtils.java:logGet(43)) - raft.server.watch.element-limit = 65536 (default)
2019-11-15 10:59:39,700 [f3cf49f8-818a-4a8b-a0bc-3d18d73c8898@group-5DCA2889E03A-LeaderElection1] INFO  impl.RoleInfo (RoleInfo.java:updateAndGet(143)) - f3cf49f8-818a-4a8b-a0bc-3d18d73c8898: start LeaderState
2019-11-15 10:59:39,705 [683fc67d-6689-4ce4-bac7-2a7572909e32@group-3580EBD01542-LeaderElection2] INFO  impl.LeaderElection (LeaderElection.java:askForVotes(178)) - 683fc67d-6689-4ce4-bac7-2a7572909e32@group-3580EBD01542-LeaderElection2: begin an election at term 1 for -1: [683fc67d-6689-4ce4-bac7-2a7572909e32:192.168.34.39:38984], old=null
2019-11-15 10:59:39,707 [683fc67d-6689-4ce4-bac7-2a7572909e32@group-3580EBD01542-LeaderElection2] INFO  impl.RoleInfo (RoleInfo.java:shutdownLeaderElection(134)) - 683fc67d-6689-4ce4-bac7-2a7572909e32: shutdown LeaderElection
2019-11-15 10:59:39,707 [683fc67d-6689-4ce4-bac7-2a7572909e32@group-3580EBD01542-LeaderElection2] INFO  impl.RaftServerImpl (RaftServerImpl.java:setRole(173)) - 683fc67d-6689-4ce4-bac7-2a7572909e32@group-3580EBD01542: changes role from CANDIDATE to LEADER at term 1 for changeToLeader
2019-11-15 10:59:39,707 [683fc67d-6689-4ce4-bac7-2a7572909e32@group-3580EBD01542-LeaderElection2] INFO  ratis.XceiverServerRatis (XceiverServerRatis.java:handleLeaderChangedNotification(733)) - Leader change notification received for group: group-3580EBD01542 with new leaderId: 683fc67d-6689-4ce4-bac7-2a7572909e32
2019-11-15 10:59:39,707 [683fc67d-6689-4ce4-bac7-2a7572909e32@group-3580EBD01542-LeaderElection2] INFO  impl.RaftServerImpl (ServerState.java:setLeader(255)) - 683fc67d-6689-4ce4-bac7-2a7572909e32@group-3580EBD01542: change Leader from null to 683fc67d-6689-4ce4-bac7-2a7572909e32 at term 1 for becomeLeader, leader elected after 5198ms
2019-11-15 10:59:39,708 [683fc67d-6689-4ce4-bac7-2a7572909e32@group-3580EBD01542-LeaderElection2] INFO  server.RaftServerConfigKeys (ConfUtils.java:logGet(43)) - raft.server.staging.catchup.gap = 1000 (default)
2019-11-15 10:59:39,708 [683fc67d-6689-4ce4-bac7-2a7572909e32@group-3580EBD01542-LeaderElection2] INFO  server.RaftServerConfigKeys (ConfUtils.java:logGet(43)) - raft.server.rpc.sleep.time = 25ms (default)
2019-11-15 10:59:39,708 [683fc67d-6689-4ce4-bac7-2a7572909e32@group-3580EBD01542-LeaderElection2] INFO  server.RaftServerConfigKeys (ConfUtils.java:logGet(43)) - raft.server.write.element-limit = 4096 (default)
2019-11-15 10:59:39,708 [683fc67d-6689-4ce4-bac7-2a7572909e32@group-3580EBD01542-LeaderElection2] INFO  server.RaftServerConfigKeys (ConfUtils.java:logGet(43)) - raft.server.watch.timeout = 10s (default)
2019-11-15 10:59:39,708 [683fc67d-6689-4ce4-bac7-2a7572909e32@group-3580EBD01542-LeaderElection2] INFO  server.RaftServerConfigKeys (ConfUtils.java:logGet(43)) - raft.server.watch.timeout.denomination = 1s (default)
2019-11-15 10:59:39,708 [683fc67d-6689-4ce4-bac7-2a7572909e32@group-3580EBD01542-LeaderElection2] INFO  server.RaftServerConfigKeys (ConfUtils.java:logGet(43)) - raft.server.watch.element-limit = 65536 (default)
2019-11-15 10:59:39,709 [683fc67d-6689-4ce4-bac7-2a7572909e32@group-3580EBD01542-LeaderElection2] INFO  impl.RoleInfo (RoleInfo.java:updateAndGet(143)) - 683fc67d-6689-4ce4-bac7-2a7572909e32: start LeaderState
2019-11-15 10:59:39,714 [EventQueue-PipelineReportForPipelineReportHandler] INFO  pipeline.PipelineReportHandler (PipelineReportHandler.java:processPipelineReport(113)) - Pipeline THREE PipelineID=141c5485-b28c-474f-adc0-12246865596a reported by 683fc67d-6689-4ce4-bac7-2a7572909e32{ip: 192.168.34.39, host: pr-hdds-2503-7zl9w-2300970352, networkLocation: /default-rack, certSerialId: null}
2019-11-15 10:59:39,725 [683fc67d-6689-4ce4-bac7-2a7572909e32@group-3580EBD01542-LeaderElection2] INFO  segmented.SegmentedRaftLogWorker (SegmentedRaftLogWorker.java:startLogSegment(385)) - 683fc67d-6689-4ce4-bac7-2a7572909e32@group-3580EBD01542-SegmentedRaftLogWorker: Starting segment from index:0
2019-11-15 10:59:39,725 [f3cf49f8-818a-4a8b-a0bc-3d18d73c8898@group-5DCA2889E03A-LeaderElection1] INFO  segmented.SegmentedRaftLogWorker (SegmentedRaftLogWorker.java:startLogSegment(385)) - f3cf49f8-818a-4a8b-a0bc-3d18d73c8898@group-5DCA2889E03A-SegmentedRaftLogWorker: Starting segment from index:0
2019-11-15 10:59:39,733 [Thread-182] INFO  impl.FollowerState (FollowerState.java:run(111)) - 620dcd0a-0bbb-4966-b764-6afb42318b81@group-B71090D6096C-FollowerState: change to CANDIDATE, lastRpcTime:5116ms, electionTimeout:5114ms
2019-11-15 10:59:39,734 [Thread-182] INFO  impl.RoleInfo (RoleInfo.java:shutdownFollowerState(121)) - 620dcd0a-0bbb-4966-b764-6afb42318b81: shutdown FollowerState
2019-11-15 10:59:39,734 [Thread-182] INFO  impl.RaftServerImpl (RaftServerImpl.java:setRole(173)) - 620dcd0a-0bbb-4966-b764-6afb42318b81@group-B71090D6096C: changes role from  FOLLOWER to CANDIDATE at term 0 for changeToCandidate
2019-11-15 10:59:39,734 [Thread-182] INFO  impl.RoleInfo (RoleInfo.java:updateAndGet(143)) - 620dcd0a-0bbb-4966-b764-6afb42318b81: start LeaderElection
2019-11-15 10:59:39,744 [620dcd0a-0bbb-4966-b764-6afb42318b81@group-B71090D6096C-LeaderElection3] INFO  impl.LeaderElection (LeaderElection.java:askForVotes(178)) - 620dcd0a-0bbb-4966-b764-6afb42318b81@group-B71090D6096C-LeaderElection3: begin an election at term 1 for -1: [620dcd0a-0bbb-4966-b764-6afb42318b81:192.168.34.39:40271], old=null
2019-11-15 10:59:39,744 [620dcd0a-0bbb-4966-b764-6afb42318b81@group-B71090D6096C-LeaderElection3] INFO  impl.RoleInfo (RoleInfo.java:shutdownLeaderElection(134)) - 620dcd0a-0bbb-4966-b764-6afb42318b81: shutdown LeaderElection
2019-11-15 10:59:39,745 [620dcd0a-0bbb-4966-b764-6afb42318b81@group-B71090D6096C-LeaderElection3] INFO  impl.RaftServerImpl (RaftServerImpl.java:setRole(173)) - 620dcd0a-0bbb-4966-b764-6afb42318b81@group-B71090D6096C: changes role from CANDIDATE to LEADER at term 1 for changeToLeader
2019-11-15 10:59:39,745 [620dcd0a-0bbb-4966-b764-6afb42318b81@group-B71090D6096C-LeaderElection3] INFO  ratis.XceiverServerRatis (XceiverServerRatis.java:handleLeaderChangedNotification(733)) - Leader change notification received for group: group-B71090D6096C with new leaderId: 620dcd0a-0bbb-4966-b764-6afb42318b81
2019-11-15 10:59:39,745 [620dcd0a-0bbb-4966-b764-6afb42318b81@group-B71090D6096C-LeaderElection3] INFO  impl.RaftServerImpl (ServerState.java:setLeader(255)) - 620dcd0a-0bbb-4966-b764-6afb42318b81@group-B71090D6096C: change Leader from null to 620dcd0a-0bbb-4966-b764-6afb42318b81 at term 1 for becomeLeader, leader elected after 5236ms
2019-11-15 10:59:39,745 [620dcd0a-0bbb-4966-b764-6afb42318b81@group-B71090D6096C-LeaderElection3] INFO  server.RaftServerConfigKeys (ConfUtils.java:logGet(43)) - raft.server.staging.catchup.gap = 1000 (default)
2019-11-15 10:59:39,745 [620dcd0a-0bbb-4966-b764-6afb42318b81@group-B71090D6096C-LeaderElection3] INFO  server.RaftServerConfigKeys (ConfUtils.java:logGet(43)) - raft.server.rpc.sleep.time = 25ms (default)
2019-11-15 10:59:39,746 [620dcd0a-0bbb-4966-b764-6afb42318b81@group-B71090D6096C-LeaderElection3] INFO  server.RaftServerConfigKeys (ConfUtils.java:logGet(43)) - raft.server.write.element-limit = 4096 (default)
2019-11-15 10:59:39,747 [620dcd0a-0bbb-4966-b764-6afb42318b81@group-B71090D6096C-LeaderElection3] INFO  server.RaftServerConfigKeys (ConfUtils.java:logGet(43)) - raft.server.watch.timeout = 10s (default)
2019-11-15 10:59:39,747 [620dcd0a-0bbb-4966-b764-6afb42318b81@group-B71090D6096C-LeaderElection3] INFO  server.RaftServerConfigKeys (ConfUtils.java:logGet(43)) - raft.server.watch.timeout.denomination = 1s (default)
2019-11-15 10:59:39,747 [620dcd0a-0bbb-4966-b764-6afb42318b81@group-B71090D6096C-LeaderElection3] INFO  server.RaftServerConfigKeys (ConfUtils.java:logGet(43)) - raft.server.watch.element-limit = 65536 (default)
2019-11-15 10:59:39,747 [EventQueue-PipelineReportForPipelineReportHandler] INFO  pipeline.PipelineReportHandler (PipelineReportHandler.java:processPipelineReport(113)) - Pipeline THREE PipelineID=141c5485-b28c-474f-adc0-12246865596a reported by 620dcd0a-0bbb-4966-b764-6afb42318b81{ip: 192.168.34.39, host: pr-hdds-2503-7zl9w-2300970352, networkLocation: /default-rack, certSerialId: null}
2019-11-15 10:59:39,747 [620dcd0a-0bbb-4966-b764-6afb42318b81@group-B71090D6096C-LeaderElection3] INFO  impl.RoleInfo (RoleInfo.java:updateAndGet(143)) - 620dcd0a-0bbb-4966-b764-6afb42318b81: start LeaderState
2019-11-15 10:59:39,748 [620dcd0a-0bbb-4966-b764-6afb42318b81@group-B71090D6096C-LeaderElection3] INFO  segmented.SegmentedRaftLogWorker (SegmentedRaftLogWorker.java:startLogSegment(385)) - 620dcd0a-0bbb-4966-b764-6afb42318b81@group-B71090D6096C-SegmentedRaftLogWorker: Starting segment from index:0
2019-11-15 10:59:39,751 [683fc67d-6689-4ce4-bac7-2a7572909e32@group-3580EBD01542-LeaderElection2] INFO  impl.RaftServerImpl (ServerState.java:setRaftConf(356)) - 683fc67d-6689-4ce4-bac7-2a7572909e32@group-3580EBD01542: set configuration 0: [683fc67d-6689-4ce4-bac7-2a7572909e32:192.168.34.39:38984], old=null at 0
2019-11-15 10:59:39,751 [620dcd0a-0bbb-4966-b764-6afb42318b81@group-B71090D6096C-LeaderElection3] INFO  impl.RaftServerImpl (ServerState.java:setRaftConf(356)) - 620dcd0a-0bbb-4966-b764-6afb42318b81@group-B71090D6096C: set configuration 0: [620dcd0a-0bbb-4966-b764-6afb42318b81:192.168.34.39:40271], old=null at 0
2019-11-15 10:59:39,751 [f3cf49f8-818a-4a8b-a0bc-3d18d73c8898@group-5DCA2889E03A-LeaderElection1] INFO  impl.RaftServerImpl (ServerState.java:setRaftConf(356)) - f3cf49f8-818a-4a8b-a0bc-3d18d73c8898@group-5DCA2889E03A: set configuration 0: [f3cf49f8-818a-4a8b-a0bc-3d18d73c8898:192.168.34.39:44193], old=null at 0
2019-11-15 10:59:39,890 [683fc67d-6689-4ce4-bac7-2a7572909e32@group-3580EBD01542-SegmentedRaftLogWorker] INFO  segmented.SegmentedRaftLogWorker (SegmentedRaftLogWorker.java:execute(576)) - 683fc67d-6689-4ce4-bac7-2a7572909e32@group-3580EBD01542-SegmentedRaftLogWorker: created new log segment /workdir/hadoop-ozone/integration-test/target/test-dir/MiniOzoneClusterImpl-2a7ac7bd-41e3-4e09-82c7-5cf4290691f9/datanode-1/data/ratis/94c94054-4be0-4f2f-92c4-3580ebd01542/current/log_inprogress_0
2019-11-15 10:59:39,890 [f3cf49f8-818a-4a8b-a0bc-3d18d73c8898@group-5DCA2889E03A-SegmentedRaftLogWorker] INFO  segmented.SegmentedRaftLogWorker (SegmentedRaftLogWorker.java:execute(576)) - f3cf49f8-818a-4a8b-a0bc-3d18d73c8898@group-5DCA2889E03A-SegmentedRaftLogWorker: created new log segment /workdir/hadoop-ozone/integration-test/target/test-dir/MiniOzoneClusterImpl-2a7ac7bd-41e3-4e09-82c7-5cf4290691f9/datanode-2/data/ratis/58f46a5a-0e19-4edb-b3ee-5dca2889e03a/current/log_inprogress_0
2019-11-15 10:59:39,890 [620dcd0a-0bbb-4966-b764-6afb42318b81@group-B71090D6096C-SegmentedRaftLogWorker] INFO  segmented.SegmentedRaftLogWorker (SegmentedRaftLogWorker.java:execute(576)) - 620dcd0a-0bbb-4966-b764-6afb42318b81@group-B71090D6096C-SegmentedRaftLogWorker: created new log segment /workdir/hadoop-ozone/integration-test/target/test-dir/MiniOzoneClusterImpl-2a7ac7bd-41e3-4e09-82c7-5cf4290691f9/datanode-0/data/ratis/6d048b41-89d2-4e34-a84d-b71090d6096c/current/log_inprogress_0
2019-11-15 10:59:40,157 [Thread-188] INFO  impl.FollowerState (FollowerState.java:run(111)) - f3cf49f8-818a-4a8b-a0bc-3d18d73c8898@group-12246865596A-FollowerState: change to CANDIDATE, lastRpcTime:5066ms, electionTimeout:5066ms
2019-11-15 10:59:40,157 [Thread-188] INFO  impl.RoleInfo (RoleInfo.java:shutdownFollowerState(121)) - f3cf49f8-818a-4a8b-a0bc-3d18d73c8898: shutdown FollowerState
2019-11-15 10:59:40,157 [Thread-188] INFO  impl.RaftServerImpl (RaftServerImpl.java:setRole(173)) - f3cf49f8-818a-4a8b-a0bc-3d18d73c8898@group-12246865596A: changes role from  FOLLOWER to CANDIDATE at term 0 for changeToCandidate
2019-11-15 10:59:40,157 [Thread-188] INFO  impl.RoleInfo (RoleInfo.java:updateAndGet(143)) - f3cf49f8-818a-4a8b-a0bc-3d18d73c8898: start LeaderElection
2019-11-15 10:59:40,173 [f3cf49f8-818a-4a8b-a0bc-3d18d73c8898@group-12246865596A-LeaderElection4] INFO  impl.LeaderElection (LeaderElection.java:askForVotes(178)) - f3cf49f8-818a-4a8b-a0bc-3d18d73c8898@group-12246865596A-LeaderElection4: begin an election at term 1 for -1: [620dcd0a-0bbb-4966-b764-6afb42318b81:192.168.34.39:40271, f3cf49f8-818a-4a8b-a0bc-3d18d73c8898:192.168.34.39:44193, 683fc67d-6689-4ce4-bac7-2a7572909e32:192.168.34.39:38984], old=null
2019-11-15 10:59:40,252 [Thread-190] INFO  impl.FollowerState (FollowerState.java:run(111)) - 620dcd0a-0bbb-4966-b764-6afb42318b81@group-12246865596A-FollowerState: change to CANDIDATE, lastRpcTime:5154ms, electionTimeout:5154ms
2019-11-15 10:59:40,253 [Thread-190] INFO  impl.RoleInfo (RoleInfo.java:shutdownFollowerState(121)) - 620dcd0a-0bbb-4966-b764-6afb42318b81: shutdown FollowerState
2019-11-15 10:59:40,253 [Thread-190] INFO  impl.RaftServerImpl (RaftServerImpl.java:setRole(173)) - 620dcd0a-0bbb-4966-b764-6afb42318b81@group-12246865596A: changes role from  FOLLOWER to CANDIDATE at term 0 for changeToCandidate
2019-11-15 10:59:40,253 [Thread-190] INFO  impl.RoleInfo (RoleInfo.java:updateAndGet(143)) - 620dcd0a-0bbb-4966-b764-6afb42318b81: start LeaderElection
2019-11-15 10:59:40,267 [620dcd0a-0bbb-4966-b764-6afb42318b81@group-12246865596A-LeaderElection5] INFO  impl.LeaderElection (LeaderElection.java:askForVotes(178)) - 620dcd0a-0bbb-4966-b764-6afb42318b81@group-12246865596A-LeaderElection5: begin an election at term 1 for -1: [620dcd0a-0bbb-4966-b764-6afb42318b81:192.168.34.39:40271, f3cf49f8-818a-4a8b-a0bc-3d18d73c8898:192.168.34.39:44193, 683fc67d-6689-4ce4-bac7-2a7572909e32:192.168.34.39:38984], old=null
2019-11-15 10:59:40,285 [Thread-192] INFO  impl.FollowerState (FollowerState.java:run(111)) - 683fc67d-6689-4ce4-bac7-2a7572909e32@group-12246865596A-FollowerState: change to CANDIDATE, lastRpcTime:5184ms, electionTimeout:5182ms
2019-11-15 10:59:40,285 [Thread-192] INFO  impl.RoleInfo (RoleInfo.java:shutdownFollowerState(121)) - 683fc67d-6689-4ce4-bac7-2a7572909e32: shutdown FollowerState
2019-11-15 10:59:40,286 [Thread-192] INFO  impl.RaftServerImpl (RaftServerImpl.java:setRole(173)) - 683fc67d-6689-4ce4-bac7-2a7572909e32@group-12246865596A: changes role from  FOLLOWER to CANDIDATE at term 0 for changeToCandidate
2019-11-15 10:59:40,286 [Thread-192] INFO  impl.RoleInfo (RoleInfo.java:updateAndGet(143)) - 683fc67d-6689-4ce4-bac7-2a7572909e32: start LeaderElection
2019-11-15 10:59:40,315 [683fc67d-6689-4ce4-bac7-2a7572909e32@group-12246865596A-LeaderElection6] INFO  impl.LeaderElection (LeaderElection.java:askForVotes(178)) - 683fc67d-6689-4ce4-bac7-2a7572909e32@group-12246865596A-LeaderElection6: begin an election at term 1 for -1: [620dcd0a-0bbb-4966-b764-6afb42318b81:192.168.34.39:40271, f3cf49f8-818a-4a8b-a0bc-3d18d73c8898:192.168.34.39:44193, 683fc67d-6689-4ce4-bac7-2a7572909e32:192.168.34.39:38984], old=null
2019-11-15 10:59:40,532 [Thread-0] INFO  ozone.MiniOzoneClusterImpl (MiniOzoneClusterImpl.java:lambda$waitForClusterToBeReady$0(150)) - Nodes are ready. Got 3 of 3 DN Heartbeats.
2019-11-15 10:59:40,532 [Thread-0] INFO  ozone.MiniOzoneClusterImpl (MiniOzoneClusterImpl.java:lambda$waitForClusterToBeReady$0(153)) - Waiting for cluster to exit safe mode
2019-11-15 10:59:40,644 [620dcd0a-0bbb-4966-b764-6afb42318b81@group-12246865596A-LeaderElection5] INFO  impl.LeaderElection (LeaderElection.java:logAndReturn(56)) - 620dcd0a-0bbb-4966-b764-6afb42318b81@group-12246865596A-LeaderElection5: Election REJECTED; received 2 response(s) [620dcd0a-0bbb-4966-b764-6afb42318b81<-f3cf49f8-818a-4a8b-a0bc-3d18d73c8898#0:FAIL-t1, 620dcd0a-0bbb-4966-b764-6afb42318b81<-683fc67d-6689-4ce4-bac7-2a7572909e32#0:FAIL-t1] and 0 exception(s); 620dcd0a-0bbb-4966-b764-6afb42318b81@group-12246865596A:t1, leader=null, voted=620dcd0a-0bbb-4966-b764-6afb42318b81, raftlog=620dcd0a-0bbb-4966-b764-6afb42318b81@group-12246865596A-SegmentedRaftLog:OPENED:c-1,f-1,i0, conf=-1: [620dcd0a-0bbb-4966-b764-6afb42318b81:192.168.34.39:40271, f3cf49f8-818a-4a8b-a0bc-3d18d73c8898:192.168.34.39:44193, 683fc67d-6689-4ce4-bac7-2a7572909e32:192.168.34.39:38984], old=null
2019-11-15 10:59:40,644 [683fc67d-6689-4ce4-bac7-2a7572909e32@group-12246865596A-LeaderElection6] INFO  impl.LeaderElection (LeaderElection.java:logAndReturn(56)) - 683fc67d-6689-4ce4-bac7-2a7572909e32@group-12246865596A-LeaderElection6: Election REJECTED; received 2 response(s) [683fc67d-6689-4ce4-bac7-2a7572909e32<-620dcd0a-0bbb-4966-b764-6afb42318b81#0:FAIL-t1, 683fc67d-6689-4ce4-bac7-2a7572909e32<-f3cf49f8-818a-4a8b-a0bc-3d18d73c8898#0:FAIL-t1] and 0 exception(s); 683fc67d-6689-4ce4-bac7-2a7572909e32@group-12246865596A:t1, leader=null, voted=683fc67d-6689-4ce4-bac7-2a7572909e32, raftlog=683fc67d-6689-4ce4-bac7-2a7572909e32@group-12246865596A-SegmentedRaftLog:OPENED:c-1,f-1,i0, conf=-1: [620dcd0a-0bbb-4966-b764-6afb42318b81:192.168.34.39:40271, f3cf49f8-818a-4a8b-a0bc-3d18d73c8898:192.168.34.39:44193, 683fc67d-6689-4ce4-bac7-2a7572909e32:192.168.34.39:38984], old=null
2019-11-15 10:59:40,644 [f3cf49f8-818a-4a8b-a0bc-3d18d73c8898@group-12246865596A-LeaderElection4] INFO  impl.LeaderElection (LeaderElection.java:logAndReturn(56)) - f3cf49f8-818a-4a8b-a0bc-3d18d73c8898@group-12246865596A-LeaderElection4: Election REJECTED; received 2 response(s) [f3cf49f8-818a-4a8b-a0bc-3d18d73c8898<-620dcd0a-0bbb-4966-b764-6afb42318b81#0:FAIL-t1, f3cf49f8-818a-4a8b-a0bc-3d18d73c8898<-683fc67d-6689-4ce4-bac7-2a7572909e32#0:FAIL-t1] and 0 exception(s); f3cf49f8-818a-4a8b-a0bc-3d18d73c8898@group-12246865596A:t1, leader=null, voted=f3cf49f8-818a-4a8b-a0bc-3d18d73c8898, raftlog=f3cf49f8-818a-4a8b-a0bc-3d18d73c8898@group-12246865596A-SegmentedRaftLog:OPENED:c-1,f-1,i0, conf=-1: [620dcd0a-0bbb-4966-b764-6afb42318b81:192.168.34.39:40271, f3cf49f8-818a-4a8b-a0bc-3d18d73c8898:192.168.34.39:44193, 683fc67d-6689-4ce4-bac7-2a7572909e32:192.168.34.39:38984], old=null
2019-11-15 10:59:40,644 [620dcd0a-0bbb-4966-b764-6afb42318b81@group-12246865596A-LeaderElection5] INFO  impl.RaftServerImpl (RaftServerImpl.java:setRole(173)) - 620dcd0a-0bbb-4966-b764-6afb42318b81@group-12246865596A: changes role from CANDIDATE to FOLLOWER at term 1 for DISCOVERED_A_NEW_TERM
2019-11-15 10:59:40,644 [683fc67d-6689-4ce4-bac7-2a7572909e32@group-12246865596A-LeaderElection6] INFO  impl.RaftServerImpl (RaftServerImpl.java:setRole(173)) - 683fc67d-6689-4ce4-bac7-2a7572909e32@group-12246865596A: changes role from CANDIDATE to FOLLOWER at term 1 for DISCOVERED_A_NEW_TERM
2019-11-15 10:59:40,647 [683fc67d-6689-4ce4-bac7-2a7572909e32@group-12246865596A-LeaderElection6] INFO  impl.RoleInfo (RoleInfo.java:shutdownLeaderElection(134)) - 683fc67d-6689-4ce4-bac7-2a7572909e32: shutdown LeaderElection
2019-11-15 10:59:40,646 [620dcd0a-0bbb-4966-b764-6afb42318b81@group-12246865596A-LeaderElection5] INFO  impl.RoleInfo (RoleInfo.java:shutdownLeaderElection(134)) - 620dcd0a-0bbb-4966-b764-6afb42318b81: shutdown LeaderElection
2019-11-15 10:59:40,645 [f3cf49f8-818a-4a8b-a0bc-3d18d73c8898@group-12246865596A-LeaderElection4] INFO  impl.RaftServerImpl (RaftServerImpl.java:setRole(173)) - f3cf49f8-818a-4a8b-a0bc-3d18d73c8898@group-12246865596A: changes role from CANDIDATE to FOLLOWER at term 1 for DISCOVERED_A_NEW_TERM
2019-11-15 10:59:40,647 [f3cf49f8-818a-4a8b-a0bc-3d18d73c8898@group-12246865596A-LeaderElection4] INFO  impl.RoleInfo (RoleInfo.java:shutdownLeaderElection(134)) - f3cf49f8-818a-4a8b-a0bc-3d18d73c8898: shutdown LeaderElection
2019-11-15 10:59:40,648 [620dcd0a-0bbb-4966-b764-6afb42318b81@group-12246865596A-LeaderElection5] INFO  impl.RoleInfo (RoleInfo.java:updateAndGet(143)) - 620dcd0a-0bbb-4966-b764-6afb42318b81: start FollowerState
2019-11-15 10:59:40,647 [683fc67d-6689-4ce4-bac7-2a7572909e32@group-12246865596A-LeaderElection6] INFO  impl.RoleInfo (RoleInfo.java:updateAndGet(143)) - 683fc67d-6689-4ce4-bac7-2a7572909e32: start FollowerState
2019-11-15 10:59:40,648 [f3cf49f8-818a-4a8b-a0bc-3d18d73c8898@group-12246865596A-LeaderElection4] INFO  impl.RoleInfo (RoleInfo.java:updateAndGet(143)) - f3cf49f8-818a-4a8b-a0bc-3d18d73c8898: start FollowerState
2019-11-15 10:59:41,532 [Thread-0] INFO  ozone.MiniOzoneClusterImpl (MiniOzoneClusterImpl.java:lambda$waitForClusterToBeReady$0(150)) - Nodes are ready. Got 3 of 3 DN Heartbeats.
2019-11-15 10:59:41,533 [Thread-0] INFO  ozone.MiniOzoneClusterImpl (MiniOzoneClusterImpl.java:lambda$waitForClusterToBeReady$0(153)) - Waiting for cluster to exit safe mode
2019-11-15 10:59:42,533 [Thread-0] INFO  ozone.MiniOzoneClusterImpl (MiniOzoneClusterImpl.java:lambda$waitForClusterToBeReady$0(150)) - Nodes are ready. Got 3 of 3 DN Heartbeats.
2019-11-15 10:59:42,533 [Thread-0] INFO  ozone.MiniOzoneClusterImpl (MiniOzoneClusterImpl.java:lambda$waitForClusterToBeReady$0(153)) - Waiting for cluster to exit safe mode
2019-11-15 10:59:43,533 [Thread-0] INFO  ozone.MiniOzoneClusterImpl (MiniOzoneClusterImpl.java:lambda$waitForClusterToBeReady$0(150)) - Nodes are ready. Got 3 of 3 DN Heartbeats.
2019-11-15 10:59:43,534 [Thread-0] INFO  ozone.MiniOzoneClusterImpl (MiniOzoneClusterImpl.java:lambda$waitForClusterToBeReady$0(153)) - Waiting for cluster to exit safe mode
2019-11-15 10:59:44,534 [Thread-0] INFO  ozone.MiniOzoneClusterImpl (MiniOzoneClusterImpl.java:lambda$waitForClusterToBeReady$0(150)) - Nodes are ready. Got 3 of 3 DN Heartbeats.
2019-11-15 10:59:44,534 [Thread-0] INFO  ozone.MiniOzoneClusterImpl (MiniOzoneClusterImpl.java:lambda$waitForClusterToBeReady$0(153)) - Waiting for cluster to exit safe mode
2019-11-15 10:59:45,535 [Thread-0] INFO  ozone.MiniOzoneClusterImpl (MiniOzoneClusterImpl.java:lambda$waitForClusterToBeReady$0(150)) - Nodes are ready. Got 3 of 3 DN Heartbeats.
2019-11-15 10:59:45,535 [Thread-0] INFO  ozone.MiniOzoneClusterImpl (MiniOzoneClusterImpl.java:lambda$waitForClusterToBeReady$0(153)) - Waiting for cluster to exit safe mode
2019-11-15 10:59:45,767 [Thread-208] INFO  impl.FollowerState (FollowerState.java:run(111)) - 683fc67d-6689-4ce4-bac7-2a7572909e32@group-12246865596A-FollowerState: change to CANDIDATE, lastRpcTime:5119ms, electionTimeout:5118ms
2019-11-15 10:59:45,767 [Thread-208] INFO  impl.RoleInfo (RoleInfo.java:shutdownFollowerState(121)) - 683fc67d-6689-4ce4-bac7-2a7572909e32: shutdown FollowerState
2019-11-15 10:59:45,767 [Thread-208] INFO  impl.RaftServerImpl (RaftServerImpl.java:setRole(173)) - 683fc67d-6689-4ce4-bac7-2a7572909e32@group-12246865596A: changes role from  FOLLOWER to CANDIDATE at term 1 for changeToCandidate
2019-11-15 10:59:45,768 [Thread-208] INFO  impl.RoleInfo (RoleInfo.java:updateAndGet(143)) - 683fc67d-6689-4ce4-bac7-2a7572909e32: start LeaderElection
2019-11-15 10:59:45,782 [683fc67d-6689-4ce4-bac7-2a7572909e32@group-12246865596A-LeaderElection7] INFO  impl.LeaderElection (LeaderElection.java:askForVotes(178)) - 683fc67d-6689-4ce4-bac7-2a7572909e32@group-12246865596A-LeaderElection7: begin an election at term 2 for -1: [620dcd0a-0bbb-4966-b764-6afb42318b81:192.168.34.39:40271, f3cf49f8-818a-4a8b-a0bc-3d18d73c8898:192.168.34.39:44193, 683fc67d-6689-4ce4-bac7-2a7572909e32:192.168.34.39:38984], old=null
2019-11-15 10:59:45,789 [grpc-default-executor-0] INFO  impl.RaftServerImpl (RaftServerImpl.java:setRole(173)) - 620dcd0a-0bbb-4966-b764-6afb42318b81@group-12246865596A: changes role from  FOLLOWER to FOLLOWER at term 2 for recognizeCandidate:683fc67d-6689-4ce4-bac7-2a7572909e32
2019-11-15 10:59:45,789 [grpc-default-executor-1] INFO  impl.RaftServerImpl (RaftServerImpl.java:setRole(173)) - f3cf49f8-818a-4a8b-a0bc-3d18d73c8898@group-12246865596A: changes role from  FOLLOWER to FOLLOWER at term 2 for recognizeCandidate:683fc67d-6689-4ce4-bac7-2a7572909e32
2019-11-15 10:59:45,789 [grpc-default-executor-0] INFO  impl.RoleInfo (RoleInfo.java:shutdownFollowerState(121)) - 620dcd0a-0bbb-4966-b764-6afb42318b81: shutdown FollowerState
2019-11-15 10:59:45,790 [grpc-default-executor-1] INFO  impl.RoleInfo (RoleInfo.java:shutdownFollowerState(121)) - f3cf49f8-818a-4a8b-a0bc-3d18d73c8898: shutdown FollowerState
2019-11-15 10:59:45,790 [grpc-default-executor-0] INFO  impl.RoleInfo (RoleInfo.java:updateAndGet(143)) - 620dcd0a-0bbb-4966-b764-6afb42318b81: start FollowerState
2019-11-15 10:59:45,790 [Thread-210] INFO  impl.FollowerState (FollowerState.java:run(120)) - f3cf49f8-818a-4a8b-a0bc-3d18d73c8898@group-12246865596A-FollowerState was interrupted: java.lang.InterruptedException: sleep interrupted
2019-11-15 10:59:45,790 [grpc-default-executor-1] INFO  impl.RoleInfo (RoleInfo.java:updateAndGet(143)) - f3cf49f8-818a-4a8b-a0bc-3d18d73c8898: start FollowerState
2019-11-15 10:59:45,790 [Thread-209] INFO  impl.FollowerState (FollowerState.java:run(120)) - 620dcd0a-0bbb-4966-b764-6afb42318b81@group-12246865596A-FollowerState was interrupted: java.lang.InterruptedException: sleep interrupted
2019-11-15 10:59:45,810 [683fc67d-6689-4ce4-bac7-2a7572909e32@group-12246865596A-LeaderElection7] INFO  impl.LeaderElection (LeaderElection.java:logAndReturn(56)) - 683fc67d-6689-4ce4-bac7-2a7572909e32@group-12246865596A-LeaderElection7: Election PASSED; received 1 response(s) [683fc67d-6689-4ce4-bac7-2a7572909e32<-f3cf49f8-818a-4a8b-a0bc-3d18d73c8898#0:OK-t2] and 0 exception(s); 683fc67d-6689-4ce4-bac7-2a7572909e32@group-12246865596A:t2, leader=null, voted=683fc67d-6689-4ce4-bac7-2a7572909e32, raftlog=683fc67d-6689-4ce4-bac7-2a7572909e32@group-12246865596A-SegmentedRaftLog:OPENED:c-1,f-1,i0, conf=-1: [620dcd0a-0bbb-4966-b764-6afb42318b81:192.168.34.39:40271, f3cf49f8-818a-4a8b-a0bc-3d18d73c8898:192.168.34.39:44193, 683fc67d-6689-4ce4-bac7-2a7572909e32:192.168.34.39:38984], old=null
2019-11-15 10:59:45,811 [683fc67d-6689-4ce4-bac7-2a7572909e32@group-12246865596A-LeaderElection7] INFO  impl.RoleInfo (RoleInfo.java:shutdownLeaderElection(134)) - 683fc67d-6689-4ce4-bac7-2a7572909e32: shutdown LeaderElection
2019-11-15 10:59:45,812 [683fc67d-6689-4ce4-bac7-2a7572909e32@group-12246865596A-LeaderElection7] INFO  impl.RaftServerImpl (RaftServerImpl.java:setRole(173)) - 683fc67d-6689-4ce4-bac7-2a7572909e32@group-12246865596A: changes role from CANDIDATE to LEADER at term 2 for changeToLeader
2019-11-15 10:59:45,812 [683fc67d-6689-4ce4-bac7-2a7572909e32@group-12246865596A-LeaderElection7] INFO  ratis.XceiverServerRatis (XceiverServerRatis.java:handleLeaderChangedNotification(733)) - Leader change notification received for group: group-12246865596A with new leaderId: 683fc67d-6689-4ce4-bac7-2a7572909e32
2019-11-15 10:59:45,812 [683fc67d-6689-4ce4-bac7-2a7572909e32@group-12246865596A-LeaderElection7] INFO  impl.RaftServerImpl (ServerState.java:setLeader(255)) - 683fc67d-6689-4ce4-bac7-2a7572909e32@group-12246865596A: change Leader from null to 683fc67d-6689-4ce4-bac7-2a7572909e32 at term 2 for becomeLeader, leader elected after 10739ms
2019-11-15 10:59:45,812 [683fc67d-6689-4ce4-bac7-2a7572909e32@group-12246865596A-LeaderElection7] INFO  server.RaftServerConfigKeys (ConfUtils.java:logGet(43)) - raft.server.staging.catchup.gap = 1000 (default)
2019-11-15 10:59:45,813 [683fc67d-6689-4ce4-bac7-2a7572909e32@group-12246865596A-LeaderElection7] INFO  server.RaftServerConfigKeys (ConfUtils.java:logGet(43)) - raft.server.rpc.sleep.time = 25ms (default)
2019-11-15 10:59:45,814 [683fc67d-6689-4ce4-bac7-2a7572909e32@group-12246865596A-LeaderElection7] INFO  server.RaftServerConfigKeys (ConfUtils.java:logGet(43)) - raft.server.write.element-limit = 4096 (default)
2019-11-15 10:59:45,814 [683fc67d-6689-4ce4-bac7-2a7572909e32@group-12246865596A-LeaderElection7] INFO  server.RaftServerConfigKeys (ConfUtils.java:logGet(43)) - raft.server.watch.timeout = 10s (default)
2019-11-15 10:59:45,814 [683fc67d-6689-4ce4-bac7-2a7572909e32@group-12246865596A-LeaderElection7] INFO  server.RaftServerConfigKeys (ConfUtils.java:logGet(43)) - raft.server.watch.timeout.denomination = 1s (default)
2019-11-15 10:59:45,814 [683fc67d-6689-4ce4-bac7-2a7572909e32@group-12246865596A-LeaderElection7] INFO  server.RaftServerConfigKeys (ConfUtils.java:logGet(43)) - raft.server.watch.element-limit = 65536 (default)
2019-11-15 10:59:45,814 [EventQueue-PipelineReportForPipelineReportHandler] INFO  pipeline.PipelineReportHandler (PipelineReportHandler.java:processPipelineReport(113)) - Pipeline THREE PipelineID=141c5485-b28c-474f-adc0-12246865596a reported by 683fc67d-6689-4ce4-bac7-2a7572909e32{ip: 192.168.34.39, host: pr-hdds-2503-7zl9w-2300970352, networkLocation: /default-rack, certSerialId: null}
2019-11-15 10:59:45,815 [EventQueue-PipelineReportForPipelineReportHandler] INFO  pipeline.PipelineStateManager (PipelineStateManager.java:openPipeline(132)) - Pipeline Pipeline[ Id: 141c5485-b28c-474f-adc0-12246865596a, Nodes: 620dcd0a-0bbb-4966-b764-6afb42318b81{ip: 192.168.34.39, host: pr-hdds-2503-7zl9w-2300970352, networkLocation: /default-rack, certSerialId: null}f3cf49f8-818a-4a8b-a0bc-3d18d73c8898{ip: 192.168.34.39, host: pr-hdds-2503-7zl9w-2300970352, networkLocation: /default-rack, certSerialId: null}683fc67d-6689-4ce4-bac7-2a7572909e32{ip: 192.168.34.39, host: pr-hdds-2503-7zl9w-2300970352, networkLocation: /default-rack, certSerialId: null}, Type:RATIS, Factor:THREE, State:ALLOCATED] moved to OPEN state
2019-11-15 10:59:45,815 [EventQueue-OpenPipelineForOneReplicaPipelineSafeModeRule] INFO  safemode.SCMSafeModeManager (SCMSafeModeManager.java:validateSafeModeExitRules(176)) - AtleastOneDatanodeReportedRule rule is successfully validated
2019-11-15 10:59:45,815 [EventQueue-OpenPipelineForHealthyPipelineSafeModeRule] INFO  safemode.SCMSafeModeManager (HealthyPipelineSafeModeRule.java:process(132)) - SCM in safe mode. Healthy pipelines reported count is 1, required healthy pipeline reported count is 1
2019-11-15 10:59:45,817 [EventQueue-OpenPipelineForHealthyPipelineSafeModeRule] INFO  safemode.SCMSafeModeManager (SCMSafeModeManager.java:validateSafeModeExitRules(176)) - HealthyPipelineSafeModeRule rule is successfully validated
2019-11-15 10:59:45,817 [EventQueue-OpenPipelineForHealthyPipelineSafeModeRule] INFO  safemode.SCMSafeModeManager (SCMSafeModeManager.java:validateSafeModeExitRules(185)) - ScmSafeModeManager, all rules are successfully validated
2019-11-15 10:59:45,817 [EventQueue-OpenPipelineForHealthyPipelineSafeModeRule] INFO  safemode.SCMSafeModeManager (SCMSafeModeManager.java:exitSafeMode(201)) - SCM exiting safe mode.
2019-11-15 10:59:45,818 [683fc67d-6689-4ce4-bac7-2a7572909e32@group-12246865596A-LeaderElection7] INFO  server.RaftServerConfigKeys (ConfUtils.java:logGet(43)) - raft.server.log.appender.snapshot.chunk.size.max = 16MB (=16777216) (default)
2019-11-15 10:59:45,818 [683fc67d-6689-4ce4-bac7-2a7572909e32@group-12246865596A-LeaderElection7] INFO  server.RaftServerConfigKeys (ConfUtils.java:logGet(43)) - raft.server.log.appender.buffer.byte-limit = 33554432 (custom)
2019-11-15 10:59:45,819 [683fc67d-6689-4ce4-bac7-2a7572909e32@group-12246865596A-LeaderElection7] INFO  server.RaftServerConfigKeys (ConfUtils.java:logGet(43)) - raft.server.log.appender.buffer.element-limit = 1 (custom)
2019-11-15 10:59:45,821 [683fc67d-6689-4ce4-bac7-2a7572909e32@group-12246865596A-LeaderElection7] INFO  grpc.GrpcConfigKeys$Server (ConfUtils.java:logGet(43)) - raft.grpc.server.leader.outstanding.appends.max = 128 (default)
2019-11-15 10:59:45,822 [683fc67d-6689-4ce4-bac7-2a7572909e32@group-12246865596A-LeaderElection7] INFO  server.RaftServerConfigKeys (ConfUtils.java:logGet(43)) - raft.server.rpc.request.timeout = 3000ms (default)
2019-11-15 10:59:45,822 [683fc67d-6689-4ce4-bac7-2a7572909e32@group-12246865596A-LeaderElection7] INFO  server.RaftServerConfigKeys (ConfUtils.java:logGet(43)) - raft.server.log.appender.install.snapshot.enabled = false (custom)
2019-11-15 10:59:45,823 [683fc67d-6689-4ce4-bac7-2a7572909e32@group-12246865596A-LeaderElection7] WARN  impl.MetricRegistriesImpl (MetricRegistriesImpl.java:lambda$create$1(61)) - First MetricRegistry has been created without registering reporters. You may need to call MetricRegistries.global().addReportRegistration(...) before.
2019-11-15 10:59:45,824 [683fc67d-6689-4ce4-bac7-2a7572909e32@group-12246865596A-LeaderElection7] INFO  server.RaftServerConfigKeys (ConfUtils.java:logGet(43)) - raft.server.log.appender.snapshot.chunk.size.max = 16MB (=16777216) (default)
2019-11-15 10:59:45,824 [683fc67d-6689-4ce4-bac7-2a7572909e32@group-12246865596A-LeaderElection7] INFO  server.RaftServerConfigKeys (ConfUtils.java:logGet(43)) - raft.server.log.appender.buffer.byte-limit = 33554432 (custom)
2019-11-15 10:59:45,824 [683fc67d-6689-4ce4-bac7-2a7572909e32@group-12246865596A-LeaderElection7] INFO  server.RaftServerConfigKeys (ConfUtils.java:logGet(43)) - raft.server.log.appender.buffer.element-limit = 1 (custom)
2019-11-15 10:59:45,824 [683fc67d-6689-4ce4-bac7-2a7572909e32@group-12246865596A-LeaderElection7] INFO  grpc.GrpcConfigKeys$Server (ConfUtils.java:logGet(43)) - raft.grpc.server.leader.outstanding.appends.max = 128 (default)
2019-11-15 10:59:45,824 [683fc67d-6689-4ce4-bac7-2a7572909e32@group-12246865596A-LeaderElection7] INFO  server.RaftServerConfigKeys (ConfUtils.java:logGet(43)) - raft.server.rpc.request.timeout = 3000ms (default)
2019-11-15 10:59:45,824 [683fc67d-6689-4ce4-bac7-2a7572909e32@group-12246865596A-LeaderElection7] INFO  server.RaftServerConfigKeys (ConfUtils.java:logGet(43)) - raft.server.log.appender.install.snapshot.enabled = false (custom)
2019-11-15 10:59:45,827 [683fc67d-6689-4ce4-bac7-2a7572909e32@group-12246865596A-LeaderElection7] INFO  impl.RoleInfo (RoleInfo.java:updateAndGet(143)) - 683fc67d-6689-4ce4-bac7-2a7572909e32: start LeaderState
2019-11-15 10:59:45,827 [683fc67d-6689-4ce4-bac7-2a7572909e32@group-12246865596A-LeaderElection7] INFO  segmented.SegmentedRaftLogWorker (SegmentedRaftLogWorker.java:startLogSegment(385)) - 683fc67d-6689-4ce4-bac7-2a7572909e32@group-12246865596A-SegmentedRaftLogWorker: Starting segment from index:0
2019-11-15 10:59:45,828 [683fc67d-6689-4ce4-bac7-2a7572909e32@group-12246865596A-LeaderElection7] INFO  impl.RaftServerImpl (ServerState.java:setRaftConf(356)) - 683fc67d-6689-4ce4-bac7-2a7572909e32@group-12246865596A: set configuration 0: [620dcd0a-0bbb-4966-b764-6afb42318b81:192.168.34.39:40271, f3cf49f8-818a-4a8b-a0bc-3d18d73c8898:192.168.34.39:44193, 683fc67d-6689-4ce4-bac7-2a7572909e32:192.168.34.39:38984], old=null at 0
2019-11-15 10:59:45,870 [683fc67d-6689-4ce4-bac7-2a7572909e32@group-12246865596A-SegmentedRaftLogWorker] INFO  segmented.SegmentedRaftLogWorker (SegmentedRaftLogWorker.java:execute(576)) - 683fc67d-6689-4ce4-bac7-2a7572909e32@group-12246865596A-SegmentedRaftLogWorker: created new log segment /workdir/hadoop-ozone/integration-test/target/test-dir/MiniOzoneClusterImpl-2a7ac7bd-41e3-4e09-82c7-5cf4290691f9/datanode-1/data/ratis/141c5485-b28c-474f-adc0-12246865596a/current/log_inprogress_0
2019-11-15 10:59:45,882 [grpc-default-executor-4] INFO  ratis.XceiverServerRatis (XceiverServerRatis.java:handleLeaderChangedNotification(733)) - Leader change notification received for group: group-12246865596A with new leaderId: 683fc67d-6689-4ce4-bac7-2a7572909e32
2019-11-15 10:59:45,882 [grpc-default-executor-4] INFO  impl.RaftServerImpl (ServerState.java:setLeader(255)) - 620dcd0a-0bbb-4966-b764-6afb42318b81@group-12246865596A: change Leader from null to 683fc67d-6689-4ce4-bac7-2a7572909e32 at term 2 for appendEntries, leader elected after 10796ms
2019-11-15 10:59:45,885 [grpc-default-executor-0] INFO  ratis.XceiverServerRatis (XceiverServerRatis.java:handleLeaderChangedNotification(733)) - Leader change notification received for group: group-12246865596A with new leaderId: 683fc67d-6689-4ce4-bac7-2a7572909e32
2019-11-15 10:59:45,885 [grpc-default-executor-0] INFO  impl.RaftServerImpl (ServerState.java:setLeader(255)) - f3cf49f8-818a-4a8b-a0bc-3d18d73c8898@group-12246865596A: change Leader from null to 683fc67d-6689-4ce4-bac7-2a7572909e32 at term 2 for appendEntries, leader elected after 10811ms
2019-11-15 10:59:45,912 [grpc-default-executor-4] INFO  impl.RaftServerImpl (ServerState.java:setRaftConf(356)) - 620dcd0a-0bbb-4966-b764-6afb42318b81@group-12246865596A: set configuration 0: [620dcd0a-0bbb-4966-b764-6afb42318b81:192.168.34.39:40271, f3cf49f8-818a-4a8b-a0bc-3d18d73c8898:192.168.34.39:44193, 683fc67d-6689-4ce4-bac7-2a7572909e32:192.168.34.39:38984], old=null at 0
2019-11-15 10:59:45,912 [grpc-default-executor-0] INFO  impl.RaftServerImpl (ServerState.java:setRaftConf(356)) - f3cf49f8-818a-4a8b-a0bc-3d18d73c8898@group-12246865596A: set configuration 0: [620dcd0a-0bbb-4966-b764-6afb42318b81:192.168.34.39:40271, f3cf49f8-818a-4a8b-a0bc-3d18d73c8898:192.168.34.39:44193, 683fc67d-6689-4ce4-bac7-2a7572909e32:192.168.34.39:38984], old=null at 0
2019-11-15 10:59:45,913 [grpc-default-executor-4] INFO  segmented.SegmentedRaftLogWorker (SegmentedRaftLogWorker.java:startLogSegment(385)) - 620dcd0a-0bbb-4966-b764-6afb42318b81@group-12246865596A-SegmentedRaftLogWorker: Starting segment from index:0
2019-11-15 10:59:45,913 [grpc-default-executor-0] INFO  segmented.SegmentedRaftLogWorker (SegmentedRaftLogWorker.java:startLogSegment(385)) - f3cf49f8-818a-4a8b-a0bc-3d18d73c8898@group-12246865596A-SegmentedRaftLogWorker: Starting segment from index:0
2019-11-15 10:59:45,947 [620dcd0a-0bbb-4966-b764-6afb42318b81@group-12246865596A-SegmentedRaftLogWorker] INFO  segmented.SegmentedRaftLogWorker (SegmentedRaftLogWorker.java:execute(576)) - 620dcd0a-0bbb-4966-b764-6afb42318b81@group-12246865596A-SegmentedRaftLogWorker: created new log segment /workdir/hadoop-ozone/integration-test/target/test-dir/MiniOzoneClusterImpl-2a7ac7bd-41e3-4e09-82c7-5cf4290691f9/datanode-0/data/ratis/141c5485-b28c-474f-adc0-12246865596a/current/log_inprogress_0
2019-11-15 10:59:45,947 [f3cf49f8-818a-4a8b-a0bc-3d18d73c8898@group-12246865596A-SegmentedRaftLogWorker] INFO  segmented.SegmentedRaftLogWorker (SegmentedRaftLogWorker.java:execute(576)) - f3cf49f8-818a-4a8b-a0bc-3d18d73c8898@group-12246865596A-SegmentedRaftLogWorker: created new log segment /workdir/hadoop-ozone/integration-test/target/test-dir/MiniOzoneClusterImpl-2a7ac7bd-41e3-4e09-82c7-5cf4290691f9/datanode-2/data/ratis/141c5485-b28c-474f-adc0-12246865596a/current/log_inprogress_0
2019-11-15 10:59:46,054 [main] INFO  ozone.MiniOzoneClusterImpl (MiniOzoneClusterImpl.java:shutdown(334)) - Shutting down the Mini Ozone Cluster
2019-11-15 10:59:46,055 [main] INFO  ozone.MiniOzoneClusterImpl (MiniOzoneClusterImpl.java:stop(350)) - Stopping the Mini Ozone Cluster
2019-11-15 10:59:46,055 [main] INFO  ozone.MiniOzoneClusterImpl (MiniOzoneClusterImpl.java:stopOM(420)) - Stopping the OzoneManager
2019-11-15 10:59:46,057 [main] INFO  ipc.Server (Server.java:stop(3082)) - Stopping server on 39491
2019-11-15 10:59:46,061 [main] INFO  ratis.OzoneManagerDoubleBuffer (OzoneManagerDoubleBuffer.java:stop(261)) - Stopping OMDoubleBuffer flush thread
2019-11-15 10:59:46,063 [IPC Server Responder] INFO  ipc.Server (Server.java:run(1319)) - Stopping IPC Server Responder
2019-11-15 10:59:46,062 [IPC Server listener on 39491] INFO  ipc.Server (Server.java:run(1185)) - Stopping IPC Server listener on 39491
2019-11-15 10:59:46,065 [OMDoubleBufferFlushThread] INFO  ratis.OzoneManagerDoubleBuffer (OzoneManagerDoubleBuffer.java:flushTransactions(199)) - OMDoubleBuffer flush thread OMDoubleBufferFlushThread is interrupted and will exit. OMDoubleBufferFlushThread
2019-11-15 10:59:46,074 [main] INFO  utils.BackgroundService (BackgroundService.java:shutdown(151)) - Shutting down service KeyDeletingService
2019-11-15 10:59:46,079 [main] INFO  handler.ContextHandler (ContextHandler.java:doStop(910)) - Stopped o.e.j.w.WebAppContext@751841a7{/,null,UNAVAILABLE}{/ozoneManager}
2019-11-15 10:59:46,085 [main] INFO  server.AbstractConnector (AbstractConnector.java:doStop(318)) - Stopped ServerConnector@67cda436{HTTP/1.1,[http/1.1]}{0.0.0.0:0}
2019-11-15 10:59:46,086 [main] INFO  handler.ContextHandler (ContextHandler.java:doStop(910)) - Stopped o.e.j.s.ServletContextHandler@74e25782{/static,file:///workdir/hadoop-ozone/integration-test/target/test-classes/webapps/static,UNAVAILABLE}
2019-11-15 10:59:46,087 [main] INFO  handler.ContextHandler (ContextHandler.java:doStop(910)) - Stopped o.e.j.s.ServletContextHandler@18fce6a{/logs,file:///workdir/hadoop-ozone/integration-test/target/log,UNAVAILABLE}
2019-11-15 10:59:46,094 [main] INFO  ozone.MiniOzoneClusterImpl (MiniOzoneClusterImpl.java:stopDatanodes(397)) - Stopping the HddsDatanodes
2019-11-15 10:59:46,747 [Datanode State Machine Thread - 0] INFO  statemachine.DatanodeStateMachine (DatanodeStateMachine.java:lambda$startDaemon$0(361)) - Ozone container server started.
2019-11-15 10:59:46,812 [Datanode State Machine Thread - 0] INFO  statemachine.DatanodeStateMachine (DatanodeStateMachine.java:lambda$startDaemon$0(361)) - Ozone container server started.
2019-11-15 10:59:48,828 [Thread-218] INFO  container.ReplicationManager (ReplicationManager.java:start(162)) - Starting Replication Monitor Thread.
2019-11-15 10:59:48,832 [ReplicationMonitor] INFO  container.ReplicationManager (ReplicationManager.java:run(225)) - Replication Monitor Thread took 1 milliseconds for processing 0 containers.
2019-11-15 10:59:51,099 [ForkJoinPool.commonPool-worker-0] INFO  ozoneimpl.OzoneContainer (OzoneContainer.java:stop(244)) - Attempting to stop container services.
2019-11-15 10:59:51,099 [main] INFO  ozoneimpl.OzoneContainer (OzoneContainer.java:stop(244)) - Attempting to stop container services.
2019-11-15 10:59:51,101 [ForkJoinPool.commonPool-worker-0] INFO  impl.RaftServerProxy (RaftServerProxy.java:lambda$close$4(314)) - 620dcd0a-0bbb-4966-b764-6afb42318b81: close
2019-11-15 10:59:51,101 [main] INFO  impl.RaftServerProxy (RaftServerProxy.java:lambda$close$4(314)) - 683fc67d-6689-4ce4-bac7-2a7572909e32: close
2019-11-15 10:59:51,103 [ForkJoinPool.commonPool-worker-0] INFO  impl.RaftServerImpl (RaftServerImpl.java:lambda$shutdown$3(250)) - 620dcd0a-0bbb-4966-b764-6afb42318b81@group-12246865596A: shutdown
2019-11-15 10:59:51,103 [main] INFO  impl.RaftServerImpl (RaftServerImpl.java:lambda$shutdown$3(250)) - 683fc67d-6689-4ce4-bac7-2a7572909e32@group-12246865596A: shutdown
2019-11-15 10:59:51,104 [ForkJoinPool.commonPool-worker-0] INFO  util.JmxRegister (JmxRegister.java:unregister(73)) - Successfully un-registered JMX Bean with object name Ratis:service=RaftServer,group=group-12246865596A,id=620dcd0a-0bbb-4966-b764-6afb42318b81
2019-11-15 10:59:51,104 [main] INFO  util.JmxRegister (JmxRegister.java:unregister(73)) - Successfully un-registered JMX Bean with object name Ratis:service=RaftServer,group=group-12246865596A,id=683fc67d-6689-4ce4-bac7-2a7572909e32
2019-11-15 10:59:51,104 [ForkJoinPool.commonPool-worker-0] INFO  impl.RoleInfo (RoleInfo.java:shutdownFollowerState(121)) - 620dcd0a-0bbb-4966-b764-6afb42318b81: shutdown FollowerState
2019-11-15 10:59:51,104 [main] INFO  impl.RoleInfo (RoleInfo.java:shutdownLeaderState(104)) - 683fc67d-6689-4ce4-bac7-2a7572909e32: shutdown LeaderState
2019-11-15 10:59:51,104 [Thread-214] INFO  impl.FollowerState (FollowerState.java:run(120)) - 620dcd0a-0bbb-4966-b764-6afb42318b81@group-12246865596A-FollowerState was interrupted: java.lang.InterruptedException: sleep interrupted
2019-11-15 10:59:51,104 [ForkJoinPool.commonPool-worker-0] INFO  impl.StateMachineUpdater (StateMachineUpdater.java:stopAndJoin(136)) - 620dcd0a-0bbb-4966-b764-6afb42318b81@group-12246865596A-StateMachineUpdater: set stopIndex = 0
2019-11-15 10:59:51,107 [org.apache.ratis.server.impl.LogAppender$AppenderDaemon$$Lambda$567/1132747211@1a38f1b3] WARN  server.GrpcLogAppender (GrpcLogAppender.java:mayWait(151)) - 683fc67d-6689-4ce4-bac7-2a7572909e32@group-12246865596A->620dcd0a-0bbb-4966-b764-6afb42318b81-GrpcLogAppender: Wait interrupted by java.lang.InterruptedException
2019-11-15 10:59:51,107 [org.apache.ratis.server.impl.LogAppender$AppenderDaemon$$Lambda$567/1132747211@617f0624] WARN  server.GrpcLogAppender (GrpcLogAppender.java:mayWait(151)) - 683fc67d-6689-4ce4-bac7-2a7572909e32@group-12246865596A->f3cf49f8-818a-4a8b-a0bc-3d18d73c8898-GrpcLogAppender: Wait interrupted by java.lang.InterruptedException
2019-11-15 10:59:51,107 [ForkJoinPool.commonPool-worker-0] INFO  impl.RaftServerImpl (ServerState.java:close(387)) - 620dcd0a-0bbb-4966-b764-6afb42318b81@group-12246865596A: closes. applyIndex: 0
2019-11-15 10:59:51,108 [main] INFO  impl.PendingRequests (PendingRequests.java:sendNotLeaderResponses(206)) - 683fc67d-6689-4ce4-bac7-2a7572909e32@group-12246865596A-PendingRequests: sendNotLeaderResponses
2019-11-15 10:59:51,111 [grpc-default-executor-4] INFO  server.GrpcServerProtocolService (GrpcServerProtocolService.java:onCompleted(113)) - 620dcd0a-0bbb-4966-b764-6afb42318b81: Completed APPEND_ENTRIES, lastRequest: 683fc67d-6689-4ce4-bac7-2a7572909e32->620dcd0a-0bbb-4966-b764-6afb42318b81#3-t2, previous=(t:2, i:0), leaderCommit=0, initializing? false, entries: <empty>
2019-11-15 10:59:51,111 [grpc-default-executor-0] INFO  server.GrpcServerProtocolService (GrpcServerProtocolService.java:onCompleted(113)) - f3cf49f8-818a-4a8b-a0bc-3d18d73c8898: Completed APPEND_ENTRIES, lastRequest: 683fc67d-6689-4ce4-bac7-2a7572909e32->f3cf49f8-818a-4a8b-a0bc-3d18d73c8898#3-t2, previous=(t:2, i:0), leaderCommit=0, initializing? false, entries: <empty>
2019-11-15 10:59:51,112 [main] INFO  impl.StateMachineUpdater (StateMachineUpdater.java:stopAndJoin(136)) - 683fc67d-6689-4ce4-bac7-2a7572909e32@group-12246865596A-StateMachineUpdater: set stopIndex = 0
2019-11-15 10:59:51,114 [main] INFO  impl.RaftServerImpl (ServerState.java:close(387)) - 683fc67d-6689-4ce4-bac7-2a7572909e32@group-12246865596A: closes. applyIndex: 0
2019-11-15 10:59:51,113 [620dcd0a-0bbb-4966-b764-6afb42318b81@group-12246865596A-SegmentedRaftLogWorker] INFO  segmented.SegmentedRaftLogWorker (SegmentedRaftLogWorker.java:run(316)) - 620dcd0a-0bbb-4966-b764-6afb42318b81@group-12246865596A-SegmentedRaftLogWorker was interrupted, exiting. There are 0 tasks remaining in the queue.
2019-11-15 10:59:51,114 [683fc67d-6689-4ce4-bac7-2a7572909e32@group-12246865596A-SegmentedRaftLogWorker] INFO  segmented.SegmentedRaftLogWorker (SegmentedRaftLogWorker.java:run(316)) - 683fc67d-6689-4ce4-bac7-2a7572909e32@group-12246865596A-SegmentedRaftLogWorker was interrupted, exiting. There are 0 tasks remaining in the queue.
2019-11-15 10:59:51,116 [main] INFO  segmented.SegmentedRaftLogWorker (SegmentedRaftLogWorker.java:close(224)) - 683fc67d-6689-4ce4-bac7-2a7572909e32@group-12246865596A-SegmentedRaftLogWorker close()
2019-11-15 10:59:51,116 [grpc-default-executor-0] INFO  server.GrpcLogAppender (GrpcLogAppender.java:onCompleted(308)) - 683fc67d-6689-4ce4-bac7-2a7572909e32@group-12246865596A->620dcd0a-0bbb-4966-b764-6afb42318b81-AppendLogResponseHandler: follower responses appendEntries COMPLETED
2019-11-15 10:59:51,116 [ForkJoinPool.commonPool-worker-0] INFO  segmented.SegmentedRaftLogWorker (SegmentedRaftLogWorker.java:close(224)) - 620dcd0a-0bbb-4966-b764-6afb42318b81@group-12246865596A-SegmentedRaftLogWorker close()
2019-11-15 10:59:51,118 [main] INFO  impl.RaftServerImpl (RaftServerImpl.java:lambda$shutdown$3(250)) - 683fc67d-6689-4ce4-bac7-2a7572909e32@group-3580EBD01542: shutdown
2019-11-15 10:59:51,117 [grpc-default-executor-4] INFO  server.GrpcLogAppender (GrpcLogAppender.java:onCompleted(308)) - 683fc67d-6689-4ce4-bac7-2a7572909e32@group-12246865596A->f3cf49f8-818a-4a8b-a0bc-3d18d73c8898-AppendLogResponseHandler: follower responses appendEntries COMPLETED
2019-11-15 10:59:51,124 [main] INFO  util.JmxRegister (JmxRegister.java:unregister(73)) - Successfully un-registered JMX Bean with object name Ratis:service=RaftServer,group=group-3580EBD01542,id=683fc67d-6689-4ce4-bac7-2a7572909e32
2019-11-15 10:59:51,124 [ForkJoinPool.commonPool-worker-0] INFO  impl.RaftServerImpl (RaftServerImpl.java:lambda$shutdown$3(250)) - 620dcd0a-0bbb-4966-b764-6afb42318b81@group-B71090D6096C: shutdown
2019-11-15 10:59:51,125 [main] INFO  impl.RoleInfo (RoleInfo.java:shutdownLeaderState(104)) - 683fc67d-6689-4ce4-bac7-2a7572909e32: shutdown LeaderState
2019-11-15 10:59:51,125 [ForkJoinPool.commonPool-worker-0] INFO  util.JmxRegister (JmxRegister.java:unregister(73)) - Successfully un-registered JMX Bean with object name Ratis:service=RaftServer,group=group-B71090D6096C,id=620dcd0a-0bbb-4966-b764-6afb42318b81
2019-11-15 10:59:51,125 [main] INFO  impl.PendingRequests (PendingRequests.java:sendNotLeaderResponses(206)) - 683fc67d-6689-4ce4-bac7-2a7572909e32@group-3580EBD01542-PendingRequests: sendNotLeaderResponses
2019-11-15 10:59:51,126 [ForkJoinPool.commonPool-worker-0] INFO  impl.RoleInfo (RoleInfo.java:shutdownLeaderState(104)) - 620dcd0a-0bbb-4966-b764-6afb42318b81: shutdown LeaderState
2019-11-15 10:59:51,126 [main] INFO  impl.StateMachineUpdater (StateMachineUpdater.java:stopAndJoin(136)) - 683fc67d-6689-4ce4-bac7-2a7572909e32@group-3580EBD01542-StateMachineUpdater: set stopIndex = 0
2019-11-15 10:59:51,126 [ForkJoinPool.commonPool-worker-0] INFO  impl.PendingRequests (PendingRequests.java:sendNotLeaderResponses(206)) - 620dcd0a-0bbb-4966-b764-6afb42318b81@group-B71090D6096C-PendingRequests: sendNotLeaderResponses
2019-11-15 10:59:51,130 [main] INFO  impl.RaftServerImpl (ServerState.java:close(387)) - 683fc67d-6689-4ce4-bac7-2a7572909e32@group-3580EBD01542: closes. applyIndex: 0
2019-11-15 10:59:51,130 [ForkJoinPool.commonPool-worker-0] INFO  impl.StateMachineUpdater (StateMachineUpdater.java:stopAndJoin(136)) - 620dcd0a-0bbb-4966-b764-6afb42318b81@group-B71090D6096C-StateMachineUpdater: set stopIndex = 0
2019-11-15 10:59:51,131 [ForkJoinPool.commonPool-worker-0] INFO  impl.RaftServerImpl (ServerState.java:close(387)) - 620dcd0a-0bbb-4966-b764-6afb42318b81@group-B71090D6096C: closes. applyIndex: 0
2019-11-15 10:59:51,131 [683fc67d-6689-4ce4-bac7-2a7572909e32@group-3580EBD01542-SegmentedRaftLogWorker] INFO  segmented.SegmentedRaftLogWorker (SegmentedRaftLogWorker.java:run(316)) - 683fc67d-6689-4ce4-bac7-2a7572909e32@group-3580EBD01542-SegmentedRaftLogWorker was interrupted, exiting. There are 0 tasks remaining in the queue.
2019-11-15 10:59:51,132 [620dcd0a-0bbb-4966-b764-6afb42318b81@group-B71090D6096C-SegmentedRaftLogWorker] INFO  segmented.SegmentedRaftLogWorker (SegmentedRaftLogWorker.java:run(316)) - 620dcd0a-0bbb-4966-b764-6afb42318b81@group-B71090D6096C-SegmentedRaftLogWorker was interrupted, exiting. There are 0 tasks remaining in the queue.
2019-11-15 10:59:51,132 [main] INFO  segmented.SegmentedRaftLogWorker (SegmentedRaftLogWorker.java:close(224)) - 683fc67d-6689-4ce4-bac7-2a7572909e32@group-3580EBD01542-SegmentedRaftLogWorker close()
2019-11-15 10:59:51,133 [ForkJoinPool.commonPool-worker-0] INFO  segmented.SegmentedRaftLogWorker (SegmentedRaftLogWorker.java:close(224)) - 620dcd0a-0bbb-4966-b764-6afb42318b81@group-B71090D6096C-SegmentedRaftLogWorker close()
2019-11-15 10:59:51,136 [main] INFO  server.GrpcService (GrpcService.java:closeImpl(164)) - 683fc67d-6689-4ce4-bac7-2a7572909e32: shutdown server with port 38984 now
2019-11-15 10:59:51,137 [ForkJoinPool.commonPool-worker-0] INFO  server.GrpcService (GrpcService.java:closeImpl(164)) - 620dcd0a-0bbb-4966-b764-6afb42318b81: shutdown server with port 40271 now
2019-11-15 10:59:51,141 [main] INFO  server.GrpcService (GrpcService.java:closeImpl(172)) - 683fc67d-6689-4ce4-bac7-2a7572909e32: shutdown server with port 38984 successfully
2019-11-15 10:59:51,141 [grpc-default-executor-4] INFO  impl.FollowerInfo (FollowerInfo.java:lambda$new$0(51)) - 683fc67d-6689-4ce4-bac7-2a7572909e32@group-12246865596A->f3cf49f8-818a-4a8b-a0bc-3d18d73c8898: nextIndex: updateUnconditionally 1 -> 0
2019-11-15 10:59:51,141 [grpc-default-executor-0] INFO  impl.FollowerInfo (FollowerInfo.java:lambda$new$0(51)) - 683fc67d-6689-4ce4-bac7-2a7572909e32@group-12246865596A->620dcd0a-0bbb-4966-b764-6afb42318b81: nextIndex: updateUnconditionally 1 -> 0
2019-11-15 10:59:51,149 [ForkJoinPool.commonPool-worker-0] INFO  server.GrpcService (GrpcService.java:closeImpl(172)) - 620dcd0a-0bbb-4966-b764-6afb42318b81: shutdown server with port 40271 successfully
2019-11-15 10:59:51,160 [refreshUsed-/workdir/hadoop-ozone/integration-test/target/test-dir/MiniOzoneClusterImpl-2a7ac7bd-41e3-4e09-82c7-5cf4290691f9/datanode-1/data/containers] WARN  fs.CachingGetSpaceUsed (CachingGetSpaceUsed.java:run(183)) - Thread Interrupted waiting to refresh disk information: sleep interrupted
2019-11-15 10:59:51,163 [refreshUsed-/workdir/hadoop-ozone/integration-test/target/test-dir/MiniOzoneClusterImpl-2a7ac7bd-41e3-4e09-82c7-5cf4290691f9/datanode-0/data/containers] WARN  fs.CachingGetSpaceUsed (CachingGetSpaceUsed.java:run(183)) - Thread Interrupted waiting to refresh disk information: sleep interrupted
2019-11-15 10:59:51,182 [main] INFO  utils.BackgroundService (BackgroundService.java:shutdown(151)) - Shutting down service BlockDeletingService
2019-11-15 10:59:51,182 [ForkJoinPool.commonPool-worker-0] INFO  utils.BackgroundService (BackgroundService.java:shutdown(151)) - Shutting down service BlockDeletingService
2019-11-15 10:59:51,185 [main] INFO  statemachine.DatanodeStateMachine (DatanodeStateMachine.java:stopDaemon(406)) - Ozone container server stopped.
2019-11-15 10:59:51,185 [ForkJoinPool.commonPool-worker-0] INFO  statemachine.DatanodeStateMachine (DatanodeStateMachine.java:stopDaemon(406)) - Ozone container server stopped.
2019-11-15 10:59:51,188 [main] INFO  handler.ContextHandler (ContextHandler.java:doStop(910)) - Stopped o.e.j.w.WebAppContext@3e389fe1{/,null,UNAVAILABLE}{/hddsDatanode}
2019-11-15 10:59:51,188 [ForkJoinPool.commonPool-worker-0] INFO  handler.ContextHandler (ContextHandler.java:doStop(910)) - Stopped o.e.j.w.WebAppContext@45d84242{/,null,UNAVAILABLE}{/hddsDatanode}
2019-11-15 10:59:51,189 [main] INFO  server.AbstractConnector (AbstractConnector.java:doStop(318)) - Stopped ServerConnector@671826d2{HTTP/1.1,[http/1.1]}{0.0.0.0:0}
2019-11-15 10:59:51,189 [ForkJoinPool.commonPool-worker-0] INFO  server.AbstractConnector (AbstractConnector.java:doStop(318)) - Stopped ServerConnector@70a4e6e9{HTTP/1.1,[http/1.1]}{0.0.0.0:0}
2019-11-15 10:59:51,190 [main] INFO  handler.ContextHandler (ContextHandler.java:doStop(910)) - Stopped o.e.j.s.ServletContextHandler@2562746e{/static,jar:file:/home/user/.m2/repository/org/apache/hadoop/hadoop-hdds-container-service/0.5.0-SNAPSHOT/hadoop-hdds-container-service-0.5.0-SNAPSHOT.jar!/webapps/static,UNAVAILABLE}
2019-11-15 10:59:51,190 [ForkJoinPool.commonPool-worker-0] INFO  handler.ContextHandler (ContextHandler.java:doStop(910)) - Stopped o.e.j.s.ServletContextHandler@61d76a02{/static,jar:file:/home/user/.m2/repository/org/apache/hadoop/hadoop-hdds-container-service/0.5.0-SNAPSHOT/hadoop-hdds-container-service-0.5.0-SNAPSHOT.jar!/webapps/static,UNAVAILABLE}
2019-11-15 10:59:51,191 [main] INFO  handler.ContextHandler (ContextHandler.java:doStop(910)) - Stopped o.e.j.s.ServletContextHandler@3f985915{/logs,file:///workdir/hadoop-ozone/integration-test/target/log,UNAVAILABLE}
2019-11-15 10:59:51,191 [ForkJoinPool.commonPool-worker-0] INFO  handler.ContextHandler (ContextHandler.java:doStop(910)) - Stopped o.e.j.s.ServletContextHandler@1dc4b077{/logs,file:///workdir/hadoop-ozone/integration-test/target/log,UNAVAILABLE}
2019-11-15 10:59:51,668 [Datanode State Machine Thread - 0] INFO  statemachine.DatanodeStateMachine (DatanodeStateMachine.java:lambda$startDaemon$0(361)) - Ozone container server started.
2019-11-15 10:59:56,194 [main] INFO  ozoneimpl.OzoneContainer (OzoneContainer.java:stop(244)) - Attempting to stop container services.
2019-11-15 10:59:56,195 [main] INFO  impl.RaftServerProxy (RaftServerProxy.java:lambda$close$4(314)) - f3cf49f8-818a-4a8b-a0bc-3d18d73c8898: close
2019-11-15 10:59:56,196 [main] INFO  impl.RaftServerImpl (RaftServerImpl.java:lambda$shutdown$3(250)) - f3cf49f8-818a-4a8b-a0bc-3d18d73c8898@group-12246865596A: shutdown
2019-11-15 10:59:56,196 [ForkJoinPool.commonPool-worker-1] INFO  impl.RaftServerImpl (RaftServerImpl.java:lambda$shutdown$3(250)) - f3cf49f8-818a-4a8b-a0bc-3d18d73c8898@group-5DCA2889E03A: shutdown
2019-11-15 10:59:56,197 [main] INFO  util.JmxRegister (JmxRegister.java:unregister(73)) - Successfully un-registered JMX Bean with object name Ratis:service=RaftServer,group=group-12246865596A,id=f3cf49f8-818a-4a8b-a0bc-3d18d73c8898
2019-11-15 10:59:56,197 [ForkJoinPool.commonPool-worker-1] INFO  util.JmxRegister (JmxRegister.java:unregister(73)) - Successfully un-registered JMX Bean with object name Ratis:service=RaftServer,group=group-5DCA2889E03A,id=f3cf49f8-818a-4a8b-a0bc-3d18d73c8898
2019-11-15 10:59:56,197 [main] INFO  impl.RoleInfo (RoleInfo.java:shutdownFollowerState(121)) - f3cf49f8-818a-4a8b-a0bc-3d18d73c8898: shutdown FollowerState
2019-11-15 10:59:56,197 [ForkJoinPool.commonPool-worker-1] INFO  impl.RoleInfo (RoleInfo.java:shutdownLeaderState(104)) - f3cf49f8-818a-4a8b-a0bc-3d18d73c8898: shutdown LeaderState
2019-11-15 10:59:56,198 [main] INFO  impl.StateMachineUpdater (StateMachineUpdater.java:stopAndJoin(136)) - f3cf49f8-818a-4a8b-a0bc-3d18d73c8898@group-12246865596A-StateMachineUpdater: set stopIndex = 0
2019-11-15 10:59:56,198 [ForkJoinPool.commonPool-worker-1] INFO  impl.PendingRequests (PendingRequests.java:sendNotLeaderResponses(206)) - f3cf49f8-818a-4a8b-a0bc-3d18d73c8898@group-5DCA2889E03A-PendingRequests: sendNotLeaderResponses
2019-11-15 10:59:56,198 [Thread-215] INFO  impl.FollowerState (FollowerState.java:run(120)) - f3cf49f8-818a-4a8b-a0bc-3d18d73c8898@group-12246865596A-FollowerState was interrupted: java.lang.InterruptedException: sleep interrupted
2019-11-15 10:59:56,199 [main] INFO  impl.RaftServerImpl (ServerState.java:close(387)) - f3cf49f8-818a-4a8b-a0bc-3d18d73c8898@group-12246865596A: closes. applyIndex: 0
2019-11-15 10:59:56,199 [ForkJoinPool.commonPool-worker-1] INFO  impl.StateMachineUpdater (StateMachineUpdater.java:stopAndJoin(136)) - f3cf49f8-818a-4a8b-a0bc-3d18d73c8898@group-5DCA2889E03A-StateMachineUpdater: set stopIndex = 0
2019-11-15 10:59:56,200 [f3cf49f8-818a-4a8b-a0bc-3d18d73c8898@group-12246865596A-SegmentedRaftLogWorker] INFO  segmented.SegmentedRaftLogWorker (SegmentedRaftLogWorker.java:run(316)) - f3cf49f8-818a-4a8b-a0bc-3d18d73c8898@group-12246865596A-SegmentedRaftLogWorker was interrupted, exiting. There are 0 tasks remaining in the queue.
2019-11-15 10:59:56,200 [ForkJoinPool.commonPool-worker-1] INFO  impl.RaftServerImpl (ServerState.java:close(387)) - f3cf49f8-818a-4a8b-a0bc-3d18d73c8898@group-5DCA2889E03A: closes. applyIndex: 0
2019-11-15 10:59:56,201 [main] INFO  segmented.SegmentedRaftLogWorker (SegmentedRaftLogWorker.java:close(224)) - f3cf49f8-818a-4a8b-a0bc-3d18d73c8898@group-12246865596A-SegmentedRaftLogWorker close()
2019-11-15 10:59:56,201 [f3cf49f8-818a-4a8b-a0bc-3d18d73c8898@group-5DCA2889E03A-SegmentedRaftLogWorker] INFO  segmented.SegmentedRaftLogWorker (SegmentedRaftLogWorker.java:run(316)) - f3cf49f8-818a-4a8b-a0bc-3d18d73c8898@group-5DCA2889E03A-SegmentedRaftLogWorker was interrupted, exiting. There are 0 tasks remaining in the queue.
2019-11-15 10:59:56,203 [ForkJoinPool.commonPool-worker-1] INFO  segmented.SegmentedRaftLogWorker (SegmentedRaftLogWorker.java:close(224)) - f3cf49f8-818a-4a8b-a0bc-3d18d73c8898@group-5DCA2889E03A-SegmentedRaftLogWorker close()
2019-11-15 10:59:56,204 [main] INFO  server.GrpcService (GrpcService.java:closeImpl(164)) - f3cf49f8-818a-4a8b-a0bc-3d18d73c8898: shutdown server with port 44193 now
2019-11-15 10:59:56,206 [main] INFO  server.GrpcService (GrpcService.java:closeImpl(172)) - f3cf49f8-818a-4a8b-a0bc-3d18d73c8898: shutdown server with port 44193 successfully
2019-11-15 10:59:56,213 [refreshUsed-/workdir/hadoop-ozone/integration-test/target/test-dir/MiniOzoneClusterImpl-2a7ac7bd-41e3-4e09-82c7-5cf4290691f9/datanode-2/data/containers] WARN  fs.CachingGetSpaceUsed (CachingGetSpaceUsed.java:run(183)) - Thread Interrupted waiting to refresh disk information: sleep interrupted
2019-11-15 10:59:56,229 [main] INFO  utils.BackgroundService (BackgroundService.java:shutdown(151)) - Shutting down service BlockDeletingService
2019-11-15 10:59:56,231 [main] INFO  statemachine.DatanodeStateMachine (DatanodeStateMachine.java:stopDaemon(406)) - Ozone container server stopped.
2019-11-15 10:59:56,234 [main] INFO  handler.ContextHandler (ContextHandler.java:doStop(910)) - Stopped o.e.j.w.WebAppContext@cf60f49{/,null,UNAVAILABLE}{/hddsDatanode}
2019-11-15 10:59:56,235 [main] INFO  server.AbstractConnector (AbstractConnector.java:doStop(318)) - Stopped ServerConnector@59c8852f{HTTP/1.1,[http/1.1]}{0.0.0.0:0}
2019-11-15 10:59:56,235 [main] INFO  handler.ContextHandler (ContextHandler.java:doStop(910)) - Stopped o.e.j.s.ServletContextHandler@78edf7c9{/static,jar:file:/home/user/.m2/repository/org/apache/hadoop/hadoop-hdds-container-service/0.5.0-SNAPSHOT/hadoop-hdds-container-service-0.5.0-SNAPSHOT.jar!/webapps/static,UNAVAILABLE}
2019-11-15 10:59:56,236 [main] INFO  handler.ContextHandler (ContextHandler.java:doStop(910)) - Stopped o.e.j.s.ServletContextHandler@6212106b{/logs,file:///workdir/hadoop-ozone/integration-test/target/log,UNAVAILABLE}
2019-11-15 10:59:56,237 [main] INFO  ozone.MiniOzoneClusterImpl (MiniOzoneClusterImpl.java:stopSCM(412)) - Stopping the StorageContainerManager
2019-11-15 10:59:56,237 [main] INFO  server.StorageContainerManager (StorageContainerManager.java:stop(803)) - Stopping Replication Manager Service.
2019-11-15 10:59:56,237 [main] INFO  container.ReplicationManager (ReplicationManager.java:stop(203)) - Stopping Replication Monitor Thread.
2019-11-15 10:59:56,237 [main] INFO  server.StorageContainerManager (StorageContainerManager.java:stop(810)) - Stopping Lease Manager of the command watchers
2019-11-15 10:59:56,237 [main] INFO  server.StorageContainerManager (StorageContainerManager.java:stop(817)) - Stopping datanode service RPC server
2019-11-15 10:59:56,238 [main] INFO  server.SCMDatanodeProtocolServer (SCMDatanodeProtocolServer.java:stop(366)) - Stopping the RPC server for DataNodes
2019-11-15 10:59:56,238 [main] INFO  ipc.Server (Server.java:stop(3082)) - Stopping server on 35457
2019-11-15 10:59:56,239 [IPC Server listener on 35457] INFO  ipc.Server (Server.java:run(1185)) - Stopping IPC Server listener on 35457
2019-11-15 10:59:56,240 [IPC Server Responder] INFO  ipc.Server (Server.java:run(1319)) - Stopping IPC Server Responder
2019-11-15 10:59:56,276 [SCM Heartbeat Processing Thread - 0] WARN  node.NodeStateManager (NodeStateManager.java:scheduleNextHealthCheck(646)) - Current Thread is interrupted, shutting down HB processing thread for Node Manager.
2019-11-15 10:59:56,277 [main] INFO  server.StorageContainerManager (StorageContainerManager.java:stop(825)) - Stopping block service RPC server
2019-11-15 10:59:56,277 [main] INFO  server.SCMBlockProtocolServer (SCMBlockProtocolServer.java:stop(155)) - Stopping the RPC server for Block Protocol
2019-11-15 10:59:56,278 [main] INFO  ipc.Server (Server.java:stop(3082)) - Stopping server on 42738
2019-11-15 10:59:56,280 [IPC Server listener on 42738] INFO  ipc.Server (Server.java:run(1185)) - Stopping IPC Server listener on 42738
2019-11-15 10:59:56,280 [main] INFO  server.StorageContainerManager (StorageContainerManager.java:stop(832)) - Stopping the StorageContainerLocationProtocol RPC server
2019-11-15 10:59:56,280 [IPC Server Responder] INFO  ipc.Server (Server.java:run(1319)) - Stopping IPC Server Responder
2019-11-15 10:59:56,281 [main] INFO  server.SCMClientProtocolServer (SCMClientProtocolServer.java:stop(169)) - Stopping the RPC server for Client Protocol
2019-11-15 10:59:56,281 [main] INFO  ipc.Server (Server.java:stop(3082)) - Stopping server on 40326
2019-11-15 10:59:56,282 [IPC Server listener on 40326] INFO  ipc.Server (Server.java:run(1185)) - Stopping IPC Server listener on 40326
2019-11-15 10:59:56,283 [main] INFO  server.StorageContainerManager (StorageContainerManager.java:stop(839)) - Stopping Storage Container Manager HTTP server.
2019-11-15 10:59:56,283 [IPC Server Responder] INFO  ipc.Server (Server.java:run(1319)) - Stopping IPC Server Responder
2019-11-15 10:59:56,285 [main] INFO  handler.ContextHandler (ContextHandler.java:doStop(910)) - Stopped o.e.j.w.WebAppContext@64b4f5c2{/,null,UNAVAILABLE}{/scm}
2019-11-15 10:59:56,286 [main] INFO  server.AbstractConnector (AbstractConnector.java:doStop(318)) - Stopped ServerConnector@4f7b8b88{HTTP/1.1,[http/1.1]}{0.0.0.0:0}
2019-11-15 10:59:56,286 [main] INFO  handler.ContextHandler (ContextHandler.java:doStop(910)) - Stopped o.e.j.s.ServletContextHandler@d71714f{/static,file:///workdir/hadoop-ozone/integration-test/target/test-classes/webapps/static,UNAVAILABLE}
2019-11-15 10:59:56,287 [main] INFO  handler.ContextHandler (ContextHandler.java:doStop(910)) - Stopped o.e.j.s.ServletContextHandler@62d60976{/logs,file:///workdir/hadoop-ozone/integration-test/target/log,UNAVAILABLE}
2019-11-15 10:59:56,287 [main] INFO  server.StorageContainerManager (StorageContainerManager.java:stop(850)) - Stopping Block Manager Service.
2019-11-15 10:59:56,288 [main] INFO  utils.BackgroundService (BackgroundService.java:shutdown(151)) - Shutting down service SCMBlockDeletingService
2019-11-15 10:59:56,288 [main] INFO  utils.BackgroundService (BackgroundService.java:shutdown(151)) - Shutting down service SCMBlockDeletingService
2019-11-15 10:59:56,289 [main] INFO  server.StorageContainerManager (StorageContainerManager.java:stop(872)) - Stopping SCM Event Queue.
2019-11-15 10:59:56,297 [main] INFO  impl.MetricsSystemImpl (MetricsSystemImpl.java:stop(210)) - Stopping HddsDatanode metrics system...
2019-11-15 10:59:56,299 [prometheus] INFO  impl.MetricsSinkAdapter (MetricsSinkAdapter.java:publishMetricsFromQueue(141)) - prometheus thread interrupted.
2019-11-15 10:59:56,300 [main] INFO  impl.MetricsSystemImpl (MetricsSystemImpl.java:stop(216)) - HddsDatanode metrics system stopped.
]]></system-out>
    <system-err><![CDATA[ERROR StatusLogger No Log4j 2 configuration file found. Using default configuration (logging only errors to the console), or user programmatically provided configurations. Set system property 'log4j2.debug' to show Log4j 2 internal initialization logging. See https://logging.apache.org/log4j/2.x/manual/configuration.html for instructions on how to configure Log4j 2
]]></system-err>
  </testcase>
  <testcase name="testDNstartAfterSCM" classname="org.apache.hadoop.ozone.TestMiniOzoneCluster" time="56.547"/>
  <testcase name="testDatanodeIDPersistent" classname="org.apache.hadoop.ozone.TestMiniOzoneCluster" time="0.018"/>
  <testcase name="testContainerRandomPort" classname="org.apache.hadoop.ozone.TestMiniOzoneCluster" time="0.24"/>
</testsuite>