<?xml version="1.0" encoding="UTF-8"?>
<testsuite xmlns:xsi="http://www.w3.org/2001/XMLSchema-instance" xsi:noNamespaceSchemaLocation="https://maven.apache.org/surefire/maven-surefire-plugin/xsd/surefire-test-report.xsd" name="org.apache.hadoop.ozone.client.rpc.TestDeleteWithSlowFollower" time="132.512" tests="1" errors="0" skipped="0" failures="1">
  <properties>
    <property name="awt.toolkit" value="sun.awt.X11.XToolkit"/>
    <property name="file.encoding.pkg" value="sun.io"/>
    <property name="java.specification.version" value="1.8"/>
    <property name="sun.cpu.isalist" value=""/>
    <property name="sun.jnu.encoding" value="ANSI_X3.4-1968"/>
    <property name="java.class.path" value="/workdir/hadoop-ozone/integration-test/target/test-classes:/workdir/hadoop-ozone/integration-test/target/classes:/home/user/.m2/repository/org/apache/hadoop/hadoop-ozone-common/0.5.0-SNAPSHOT/hadoop-ozone-common-0.5.0-SNAPSHOT.jar:/home/user/.m2/repository/org/apache/commons/commons-compress/1.4.1/commons-compress-1.4.1.jar:/home/user/.m2/repository/org/tukaani/xz/1.0/xz-1.0.jar:/home/user/.m2/repository/org/apache/hadoop/hadoop-common/3.2.0/hadoop-common-3.2.0.jar:/home/user/.m2/repository/org/apache/hadoop/hadoop-hdfs/3.2.0/hadoop-hdfs-3.2.0.jar:/home/user/.m2/repository/org/apache/hadoop/hadoop-hdfs-client/3.2.0/hadoop-hdfs-client-3.2.0.jar:/home/user/.m2/repository/com/fasterxml/jackson/core/jackson-annotations/2.9.9/jackson-annotations-2.9.9.jar:/home/user/.m2/repository/org/apache/hadoop/hadoop-hdds-common/0.5.0-SNAPSHOT/hadoop-hdds-common-0.5.0-SNAPSHOT.jar:/home/user/.m2/repository/javax/annotation/javax.annotation-api/1.2/javax.annotation-api-1.2.jar:/home/user/.m2/repository/org/apache/ratis/ratis-server/0.5.0-3f446aa-SNAPSHOT/ratis-server-0.5.0-3f446aa-SNAPSHOT.jar:/home/user/.m2/repository/org/apache/ratis/ratis-thirdparty-misc/0.2.0/ratis-thirdparty-misc-0.2.0.jar:/home/user/.m2/repository/org/apache/ratis/ratis-proto/0.5.0-3f446aa-SNAPSHOT/ratis-proto-0.5.0-3f446aa-SNAPSHOT.jar:/home/user/.m2/repository/org/apache/ratis/ratis-common/0.5.0-3f446aa-SNAPSHOT/ratis-common-0.5.0-3f446aa-SNAPSHOT.jar:/home/user/.m2/repository/org/apache/ratis/ratis-client/0.5.0-3f446aa-SNAPSHOT/ratis-client-0.5.0-3f446aa-SNAPSHOT.jar:/home/user/.m2/repository/org/apache/ratis/ratis-metrics/0.5.0-3f446aa-SNAPSHOT/ratis-metrics-0.5.0-3f446aa-SNAPSHOT.jar:/home/user/.m2/repository/com/github/joshelser/dropwizard-metrics-hadoop-metrics2-reporter/0.1.2/dropwizard-metrics-hadoop-metrics2-reporter-0.1.2.jar:/home/user/.m2/repository/io/dropwizard/metrics/metrics-jvm/3.2.5/metrics-jvm-3.2.5.jar:/home/user/.m2/repository/io/dropwizard/metrics/metrics-ganglia/3.2.5/metrics-ganglia-3.2.5.jar:/home/user/.m2/repository/info/ganglia/gmetric4j/gmetric4j/1.0.7/gmetric4j-1.0.7.jar:/home/user/.m2/repository/org/apache/ratis/ratis-netty/0.5.0-3f446aa-SNAPSHOT/ratis-netty-0.5.0-3f446aa-SNAPSHOT.jar:/home/user/.m2/repository/org/apache/ratis/ratis-grpc/0.5.0-3f446aa-SNAPSHOT/ratis-grpc-0.5.0-3f446aa-SNAPSHOT.jar:/home/user/.m2/repository/org/rocksdb/rocksdbjni/6.0.1/rocksdbjni-6.0.1.jar:/home/user/.m2/repository/org/apache/logging/log4j/log4j-api/2.11.0/log4j-api-2.11.0.jar:/home/user/.m2/repository/org/apache/logging/log4j/log4j-core/2.11.0/log4j-core-2.11.0.jar:/home/user/.m2/repository/com/lmax/disruptor/3.4.2/disruptor-3.4.2.jar:/home/user/.m2/repository/org/apache/commons/commons-pool2/2.6.0/commons-pool2-2.6.0.jar:/home/user/.m2/repository/org/bouncycastle/bcpkix-jdk15on/1.60/bcpkix-jdk15on-1.60.jar:/home/user/.m2/repository/commons-validator/commons-validator/1.6/commons-validator-1.6.jar:/home/user/.m2/repository/commons-digester/commons-digester/1.8.1/commons-digester-1.8.1.jar:/home/user/.m2/repository/io/jaegertracing/jaeger-client/0.34.0/jaeger-client-0.34.0.jar:/home/user/.m2/repository/io/jaegertracing/jaeger-thrift/0.34.0/jaeger-thrift-0.34.0.jar:/home/user/.m2/repository/org/apache/thrift/libthrift/0.12.0/libthrift-0.12.0.jar:/home/user/.m2/repository/com/squareup/okhttp3/okhttp/3.9.0/okhttp-3.9.0.jar:/home/user/.m2/repository/com/squareup/okio/okio/1.13.0/okio-1.13.0.jar:/home/user/.m2/repository/io/jaegertracing/jaeger-core/0.34.0/jaeger-core-0.34.0.jar:/home/user/.m2/repository/io/jaegertracing/jaeger-tracerresolver/0.34.0/jaeger-tracerresolver-0.34.0.jar:/home/user/.m2/repository/io/opentracing/contrib/opentracing-tracerresolver/0.1.5/opentracing-tracerresolver-0.1.5.jar:/home/user/.m2/repository/io/opentracing/opentracing-util/0.31.0/opentracing-util-0.31.0.jar:/home/user/.m2/repository/io/opentracing/opentracing-api/0.31.0/opentracing-api-0.31.0.jar:/home/user/.m2/repository/io/opentracing/opentracing-noop/0.31.0/opentracing-noop-0.31.0.jar:/home/user/.m2/repository/org/apache/hadoop/hadoop-hdds-server-framework/0.5.0-SNAPSHOT/hadoop-hdds-server-framework-0.5.0-SNAPSHOT.jar:/home/user/.m2/repository/org/apache/hadoop/hadoop-hdds-container-service/0.5.0-SNAPSHOT/hadoop-hdds-container-service-0.5.0-SNAPSHOT.jar:/home/user/.m2/repository/org/apache/hadoop/hadoop-hdds-client/0.5.0-SNAPSHOT/hadoop-hdds-client-0.5.0-SNAPSHOT.jar:/home/user/.m2/repository/org/apache/hadoop/hadoop-hdds-tools/0.5.0-SNAPSHOT/hadoop-hdds-tools-0.5.0-SNAPSHOT.jar:/home/user/.m2/repository/org/apache/hadoop/hadoop-hdds-server-scm/0.5.0-SNAPSHOT/hadoop-hdds-server-scm-0.5.0-SNAPSHOT.jar:/home/user/.m2/repository/org/apache/hadoop/hadoop-hdds-docs/0.5.0-SNAPSHOT/hadoop-hdds-docs-0.5.0-SNAPSHOT.jar:/home/user/.m2/repository/io/dropwizard/metrics/metrics-core/3.2.4/metrics-core-3.2.4.jar:/home/user/.m2/repository/org/hamcrest/hamcrest-all/1.3/hamcrest-all-1.3.jar:/home/user/.m2/repository/org/bouncycastle/bcprov-jdk15on/1.60/bcprov-jdk15on-1.60.jar:/home/user/.m2/repository/info/picocli/picocli/3.9.6/picocli-3.9.6.jar:/home/user/.m2/repository/com/google/protobuf/protobuf-java/2.5.0/protobuf-java-2.5.0.jar:/home/user/.m2/repository/com/google/guava/guava/11.0.2/guava-11.0.2.jar:/home/user/.m2/repository/org/apache/hadoop/hadoop-ozone-ozone-manager/0.5.0-SNAPSHOT/hadoop-ozone-ozone-manager-0.5.0-SNAPSHOT.jar:/home/user/.m2/repository/org/apache/hadoop/hadoop-minikdc/3.2.0/hadoop-minikdc-3.2.0.jar:/home/user/.m2/repository/commons-io/commons-io/2.5/commons-io-2.5.jar:/home/user/.m2/repository/org/apache/kerby/kerb-simplekdc/1.0.1/kerb-simplekdc-1.0.1.jar:/home/user/.m2/repository/org/apache/kerby/kerb-client/1.0.1/kerb-client-1.0.1.jar:/home/user/.m2/repository/org/apache/kerby/kerby-config/1.0.1/kerby-config-1.0.1.jar:/home/user/.m2/repository/org/apache/kerby/kerb-core/1.0.1/kerb-core-1.0.1.jar:/home/user/.m2/repository/org/apache/kerby/kerby-pkix/1.0.1/kerby-pkix-1.0.1.jar:/home/user/.m2/repository/org/apache/kerby/kerby-asn1/1.0.1/kerby-asn1-1.0.1.jar:/home/user/.m2/repository/org/apache/kerby/kerby-util/1.0.1/kerby-util-1.0.1.jar:/home/user/.m2/repository/org/apache/kerby/kerb-common/1.0.1/kerb-common-1.0.1.jar:/home/user/.m2/repository/org/apache/kerby/kerb-crypto/1.0.1/kerb-crypto-1.0.1.jar:/home/user/.m2/repository/org/apache/kerby/kerb-util/1.0.1/kerb-util-1.0.1.jar:/home/user/.m2/repository/org/apache/kerby/token-provider/1.0.1/token-provider-1.0.1.jar:/home/user/.m2/repository/org/apache/kerby/kerb-admin/1.0.1/kerb-admin-1.0.1.jar:/home/user/.m2/repository/org/apache/kerby/kerb-server/1.0.1/kerb-server-1.0.1.jar:/home/user/.m2/repository/org/apache/kerby/kerb-identity/1.0.1/kerb-identity-1.0.1.jar:/home/user/.m2/repository/org/apache/kerby/kerby-xdr/1.0.1/kerby-xdr-1.0.1.jar:/home/user/.m2/repository/org/slf4j/slf4j-log4j12/1.7.25/slf4j-log4j12-1.7.25.jar:/home/user/.m2/repository/org/apache/hadoop/hadoop-ozone-s3gateway/0.5.0-SNAPSHOT/hadoop-ozone-s3gateway-0.5.0-SNAPSHOT.jar:/home/user/.m2/repository/org/jboss/weld/servlet/weld-servlet/2.4.7.Final/weld-servlet-2.4.7.Final.jar:/home/user/.m2/repository/org/glassfish/jersey/containers/jersey-container-servlet-core/2.27/jersey-container-servlet-core-2.27.jar:/home/user/.m2/repository/org/glassfish/hk2/external/javax.inject/2.5.0-b42/javax.inject-2.5.0-b42.jar:/home/user/.m2/repository/org/glassfish/jersey/core/jersey-common/2.27/jersey-common-2.27.jar:/home/user/.m2/repository/org/glassfish/hk2/osgi-resource-locator/1.0.1/osgi-resource-locator-1.0.1.jar:/home/user/.m2/repository/javax/ws/rs/javax.ws.rs-api/2.1/javax.ws.rs-api-2.1.jar:/home/user/.m2/repository/org/glassfish/jersey/ext/cdi/jersey-cdi1x/2.27/jersey-cdi1x-2.27.jar:/home/user/.m2/repository/org/glassfish/jersey/inject/jersey-hk2/2.27/jersey-hk2-2.27.jar:/home/user/.m2/repository/org/glassfish/hk2/hk2-locator/2.5.0-b42/hk2-locator-2.5.0-b42.jar:/home/user/.m2/repository/org/javassist/javassist/3.22.0-CR2/javassist-3.22.0-CR2.jar:/home/user/.m2/repository/org/glassfish/hk2/hk2-api/2.5.0/hk2-api-2.5.0.jar:/home/user/.m2/repository/org/glassfish/hk2/external/jakarta.inject/2.5.0/jakarta.inject-2.5.0.jar:/home/user/.m2/repository/org/glassfish/hk2/hk2-utils/2.5.0/hk2-utils-2.5.0.jar:/home/user/.m2/repository/jakarta/annotation/jakarta.annotation-api/1.3.4/jakarta.annotation-api-1.3.4.jar:/home/user/.m2/repository/org/glassfish/hk2/external/aopalliance-repackaged/2.5.0/aopalliance-repackaged-2.5.0.jar:/home/user/.m2/repository/com/fasterxml/jackson/dataformat/jackson-dataformat-xml/2.9.0/jackson-dataformat-xml-2.9.0.jar:/home/user/.m2/repository/com/fasterxml/jackson/core/jackson-core/2.9.9/jackson-core-2.9.9.jar:/home/user/.m2/repository/com/fasterxml/jackson/module/jackson-module-jaxb-annotations/2.9.9/jackson-module-jaxb-annotations-2.9.9.jar:/home/user/.m2/repository/javax/enterprise/cdi-api/1.2/cdi-api-1.2.jar:/home/user/.m2/repository/javax/el/javax.el-api/3.0.0/javax.el-api-3.0.0.jar:/home/user/.m2/repository/javax/interceptor/javax.interceptor-api/1.2/javax.interceptor-api-1.2.jar:/home/user/.m2/repository/javax/inject/javax.inject/1/javax.inject-1.jar:/home/user/.m2/repository/com/sun/xml/bind/jaxb-impl/2.3.0.1/jaxb-impl-2.3.0.1.jar:/home/user/.m2/repository/com/sun/xml/bind/jaxb-core/2.3.0.1/jaxb-core-2.3.0.1.jar:/home/user/.m2/repository/javax/xml/bind/jaxb-api/2.3.0/jaxb-api-2.3.0.jar:/home/user/.m2/repository/javax/activation/activation/1.1.1/activation-1.1.1.jar:/home/user/.m2/repository/org/apache/hadoop/hadoop-ozone-csi/0.5.0-SNAPSHOT/hadoop-ozone-csi-0.5.0-SNAPSHOT.jar:/home/user/.m2/repository/com/google/protobuf/protobuf-java-util/3.5.1/protobuf-java-util-3.5.1.jar:/home/user/.m2/repository/org/apache/hadoop/hadoop-hdds-config/0.5.0-SNAPSHOT/hadoop-hdds-config-0.5.0-SNAPSHOT.jar:/home/user/.m2/repository/io/grpc/grpc-netty/1.17.1/grpc-netty-1.17.1.jar:/home/user/.m2/repository/io/grpc/grpc-core/1.17.1/grpc-core-1.17.1.jar:/home/user/.m2/repository/io/grpc/grpc-context/1.17.1/grpc-context-1.17.1.jar:/home/user/.m2/repository/com/google/errorprone/error_prone_annotations/2.2.0/error_prone_annotations-2.2.0.jar:/home/user/.m2/repository/org/codehaus/mojo/animal-sniffer-annotations/1.17/animal-sniffer-annotations-1.17.jar:/home/user/.m2/repository/io/opencensus/opencensus-api/0.17.0/opencensus-api-0.17.0.jar:/home/user/.m2/repository/io/opencensus/opencensus-contrib-grpc-metrics/0.17.0/opencensus-contrib-grpc-metrics-0.17.0.jar:/home/user/.m2/repository/io/netty/netty-codec-http2/4.1.30.Final/netty-codec-http2-4.1.30.Final.jar:/home/user/.m2/repository/io/netty/netty-codec-http/4.1.30.Final/netty-codec-http-4.1.30.Final.jar:/home/user/.m2/repository/io/netty/netty-codec/4.1.30.Final/netty-codec-4.1.30.Final.jar:/home/user/.m2/repository/io/netty/netty-handler/4.1.30.Final/netty-handler-4.1.30.Final.jar:/home/user/.m2/repository/io/netty/netty-handler-proxy/4.1.30.Final/netty-handler-proxy-4.1.30.Final.jar:/home/user/.m2/repository/io/netty/netty-codec-socks/4.1.30.Final/netty-codec-socks-4.1.30.Final.jar:/home/user/.m2/repository/io/netty/netty-transport-native-epoll/4.1.30.Final/netty-transport-native-epoll-4.1.30.Final.jar:/home/user/.m2/repository/io/netty/netty-common/4.1.30.Final/netty-common-4.1.30.Final.jar:/home/user/.m2/repository/io/netty/netty-buffer/4.1.30.Final/netty-buffer-4.1.30.Final.jar:/home/user/.m2/repository/io/netty/netty-transport/4.1.30.Final/netty-transport-4.1.30.Final.jar:/home/user/.m2/repository/io/netty/netty-resolver/4.1.30.Final/netty-resolver-4.1.30.Final.jar:/home/user/.m2/repository/io/netty/netty-transport-native-unix-common/4.1.30.Final/netty-transport-native-unix-common-4.1.30.Final.jar:/home/user/.m2/repository/io/grpc/grpc-protobuf/1.17.1/grpc-protobuf-1.17.1.jar:/home/user/.m2/repository/com/google/api/grpc/proto-google-common-protos/1.0.0/proto-google-common-protos-1.0.0.jar:/home/user/.m2/repository/io/grpc/grpc-protobuf-lite/1.17.1/grpc-protobuf-lite-1.17.1.jar:/home/user/.m2/repository/io/grpc/grpc-stub/1.17.1/grpc-stub-1.17.1.jar:/home/user/.m2/repository/org/apache/hadoop/hadoop-ozone-recon/0.5.0-SNAPSHOT/hadoop-ozone-recon-0.5.0-SNAPSHOT.jar:/home/user/.m2/repository/org/apache/hadoop/hadoop-ozone-reconcodegen/0.5.0-SNAPSHOT/hadoop-ozone-reconcodegen-0.5.0-SNAPSHOT.jar:/home/user/.m2/repository/com/google/inject/extensions/guice-multibindings/4.0/guice-multibindings-4.0.jar:/home/user/.m2/repository/com/google/inject/guice/4.0/guice-4.0.jar:/home/user/.m2/repository/aopalliance/aopalliance/1.0/aopalliance-1.0.jar:/home/user/.m2/repository/com/google/inject/extensions/guice-servlet/4.0/guice-servlet-4.0.jar:/home/user/.m2/repository/org/glassfish/jersey/containers/jersey-container-servlet/2.27/jersey-container-servlet-2.27.jar:/home/user/.m2/repository/org/glassfish/hk2/guice-bridge/2.5.0/guice-bridge-2.5.0.jar:/home/user/.m2/repository/org/glassfish/jersey/core/jersey-server/2.27/jersey-server-2.27.jar:/home/user/.m2/repository/org/glassfish/jersey/core/jersey-client/2.27/jersey-client-2.27.jar:/home/user/.m2/repository/org/glassfish/jersey/media/jersey-media-jaxb/2.27/jersey-media-jaxb-2.27.jar:/home/user/.m2/repository/javax/validation/validation-api/1.1.0.Final/validation-api-1.1.0.Final.jar:/home/user/.m2/repository/org/glassfish/jersey/media/jersey-media-json-jackson/2.27/jersey-media-json-jackson-2.27.jar:/home/user/.m2/repository/org/glassfish/jersey/ext/jersey-entity-filtering/2.27/jersey-entity-filtering-2.27.jar:/home/user/.m2/repository/com/google/inject/extensions/guice-assistedinject/4.0/guice-assistedinject-4.0.jar:/home/user/.m2/repository/org/jooq/jooq/3.11.10/jooq-3.11.10.jar:/home/user/.m2/repository/org/jooq/jooq-meta/3.11.10/jooq-meta-3.11.10.jar:/home/user/.m2/repository/org/jooq/jooq-codegen/3.11.10/jooq-codegen-3.11.10.jar:/home/user/.m2/repository/com/jolbox/bonecp/0.8.0.RELEASE/bonecp-0.8.0.RELEASE.jar:/home/user/.m2/repository/org/xerial/sqlite-jdbc/3.25.2/sqlite-jdbc-3.25.2.jar:/home/user/.m2/repository/org/springframework/spring-jdbc/5.1.3.RELEASE/spring-jdbc-5.1.3.RELEASE.jar:/home/user/.m2/repository/org/springframework/spring-beans/5.1.3.RELEASE/spring-beans-5.1.3.RELEASE.jar:/home/user/.m2/repository/org/springframework/spring-core/5.1.3.RELEASE/spring-core-5.1.3.RELEASE.jar:/home/user/.m2/repository/org/springframework/spring-jcl/5.1.3.RELEASE/spring-jcl-5.1.3.RELEASE.jar:/home/user/.m2/repository/org/springframework/spring-tx/5.1.3.RELEASE/spring-tx-5.1.3.RELEASE.jar:/home/user/.m2/repository/org/apache/hadoop/hadoop-ozone-client/0.5.0-SNAPSHOT/hadoop-ozone-client-0.5.0-SNAPSHOT.jar:/home/user/.m2/repository/commons-lang/commons-lang/2.6/commons-lang-2.6.jar:/home/user/.m2/repository/org/apache/hadoop/hadoop-ozone-ozone-manager/0.5.0-SNAPSHOT/hadoop-ozone-ozone-manager-0.5.0-SNAPSHOT-tests.jar:/home/user/.m2/repository/junit/junit/4.11/junit-4.11.jar:/home/user/.m2/repository/org/hamcrest/hamcrest-core/1.3/hamcrest-core-1.3.jar:/home/user/.m2/repository/org/openjdk/jmh/jmh-core/1.19/jmh-core-1.19.jar:/home/user/.m2/repository/net/sf/jopt-simple/jopt-simple/4.6/jopt-simple-4.6.jar:/home/user/.m2/repository/org/apache/commons/commons-math3/3.1.1/commons-math3-3.1.1.jar:/home/user/.m2/repository/org/openjdk/jmh/jmh-generator-annprocess/1.19/jmh-generator-annprocess-1.19.jar:/home/user/.m2/repository/org/mockito/mockito-all/1.8.5/mockito-all-1.8.5.jar:/home/user/.m2/repository/org/apache/hadoop/hadoop-kms/3.2.0/hadoop-kms-3.2.0.jar:/home/user/.m2/repository/org/apache/hadoop/hadoop-auth/3.2.0/hadoop-auth-3.2.0.jar:/home/user/.m2/repository/com/nimbusds/nimbus-jose-jwt/4.41.1/nimbus-jose-jwt-4.41.1.jar:/home/user/.m2/repository/com/github/stephenc/jcip/jcip-annotations/1.0-1/jcip-annotations-1.0-1.jar:/home/user/.m2/repository/net/minidev/json-smart/2.3/json-smart-2.3.jar:/home/user/.m2/repository/net/minidev/accessors-smart/1.2/accessors-smart-1.2.jar:/home/user/.m2/repository/org/ow2/asm/asm/5.0.4/asm-5.0.4.jar:/home/user/.m2/repository/org/apache/curator/curator-framework/2.12.0/curator-framework-2.12.0.jar:/home/user/.m2/repository/com/sun/jersey/jersey-core/1.19/jersey-core-1.19.jar:/home/user/.m2/repository/javax/ws/rs/jsr311-api/1.1.1/jsr311-api-1.1.1.jar:/home/user/.m2/repository/com/sun/jersey/jersey-server/1.19/jersey-server-1.19.jar:/home/user/.m2/repository/javax/servlet/javax.servlet-api/3.1.0/javax.servlet-api-3.1.0.jar:/home/user/.m2/repository/org/eclipse/jetty/jetty-server/9.3.25.v20180904/jetty-server-9.3.25.v20180904.jar:/home/user/.m2/repository/org/eclipse/jetty/jetty-http/9.3.25.v20180904/jetty-http-9.3.25.v20180904.jar:/home/user/.m2/repository/org/eclipse/jetty/jetty-io/9.3.25.v20180904/jetty-io-9.3.25.v20180904.jar:/home/user/.m2/repository/org/eclipse/jetty/jetty-webapp/9.3.25.v20180904/jetty-webapp-9.3.25.v20180904.jar:/home/user/.m2/repository/org/eclipse/jetty/jetty-xml/9.3.25.v20180904/jetty-xml-9.3.25.v20180904.jar:/home/user/.m2/repository/log4j/log4j/1.2.17/log4j-1.2.17.jar:/home/user/.m2/repository/org/slf4j/slf4j-api/1.7.25/slf4j-api-1.7.25.jar:/home/user/.m2/repository/org/slf4j/jul-to-slf4j/1.7.25/jul-to-slf4j-1.7.25.jar:/home/user/.m2/repository/org/eclipse/jetty/jetty-util/9.3.25.v20180904/jetty-util-9.3.25.v20180904.jar:/home/user/.m2/repository/com/fasterxml/jackson/core/jackson-databind/2.9.9/jackson-databind-2.9.9.jar:/home/user/.m2/repository/org/apache/hadoop/hadoop-kms/3.2.0/hadoop-kms-3.2.0-tests.jar:/home/user/.m2/repository/org/apache/hadoop/hadoop-hdds-server-scm/0.5.0-SNAPSHOT/hadoop-hdds-server-scm-0.5.0-SNAPSHOT-tests.jar:/home/user/.m2/repository/org/apache/hadoop/hadoop-hdds-container-service/0.5.0-SNAPSHOT/hadoop-hdds-container-service-0.5.0-SNAPSHOT-tests.jar:/home/user/.m2/repository/org/yaml/snakeyaml/1.16/snakeyaml-1.16.jar:/home/user/.m2/repository/org/apache/hadoop/hadoop-common/3.2.0/hadoop-common-3.2.0-tests.jar:/home/user/.m2/repository/org/apache/hadoop/hadoop-annotations/3.2.0/hadoop-annotations-3.2.0.jar:/usr/lib/jvm/java-1.8.0-openjdk-1.8.0.222.b10-1.el7_7.x86_64/jre/../lib/tools.jar:/home/user/.m2/repository/commons-cli/commons-cli/1.2/commons-cli-1.2.jar:/home/user/.m2/repository/org/apache/httpcomponents/httpclient/4.5.2/httpclient-4.5.2.jar:/home/user/.m2/repository/org/apache/httpcomponents/httpcore/4.4.4/httpcore-4.4.4.jar:/home/user/.m2/repository/commons-codec/commons-codec/1.11/commons-codec-1.11.jar:/home/user/.m2/repository/commons-net/commons-net/3.6/commons-net-3.6.jar:/home/user/.m2/repository/commons-collections/commons-collections/3.2.2/commons-collections-3.2.2.jar:/home/user/.m2/repository/org/eclipse/jetty/jetty-servlet/9.3.25.v20180904/jetty-servlet-9.3.25.v20180904.jar:/home/user/.m2/repository/org/eclipse/jetty/jetty-security/9.3.25.v20180904/jetty-security-9.3.25.v20180904.jar:/home/user/.m2/repository/javax/servlet/jsp/jsp-api/2.1/jsp-api-2.1.jar:/home/user/.m2/repository/com/sun/jersey/jersey-servlet/1.19/jersey-servlet-1.19.jar:/home/user/.m2/repository/com/sun/jersey/jersey-json/1.19/jersey-json-1.19.jar:/home/user/.m2/repository/org/codehaus/jettison/jettison/1.1/jettison-1.1.jar:/home/user/.m2/repository/org/codehaus/jackson/jackson-core-asl/1.9.13/jackson-core-asl-1.9.13.jar:/home/user/.m2/repository/org/codehaus/jackson/jackson-mapper-asl/1.9.13/jackson-mapper-asl-1.9.13.jar:/home/user/.m2/repository/org/codehaus/jackson/jackson-jaxrs/1.9.13/jackson-jaxrs-1.9.13.jar:/home/user/.m2/repository/org/codehaus/jackson/jackson-xc/1.9.13/jackson-xc-1.9.13.jar:/home/user/.m2/repository/commons-logging/commons-logging/1.1.3/commons-logging-1.1.3.jar:/home/user/.m2/repository/commons-beanutils/commons-beanutils/1.9.4/commons-beanutils-1.9.4.jar:/home/user/.m2/repository/org/apache/commons/commons-configuration2/2.1.1/commons-configuration2-2.1.1.jar:/home/user/.m2/repository/org/apache/commons/commons-lang3/3.7/commons-lang3-3.7.jar:/home/user/.m2/repository/org/apache/commons/commons-text/1.4/commons-text-1.4.jar:/home/user/.m2/repository/org/apache/avro/avro/1.7.7/avro-1.7.7.jar:/home/user/.m2/repository/com/thoughtworks/paranamer/paranamer/2.3/paranamer-2.3.jar:/home/user/.m2/repository/org/xerial/snappy/snappy-java/1.0.5/snappy-java-1.0.5.jar:/home/user/.m2/repository/com/google/re2j/re2j/1.1/re2j-1.1.jar:/home/user/.m2/repository/com/google/code/gson/gson/2.2.4/gson-2.2.4.jar:/home/user/.m2/repository/com/jcraft/jsch/0.1.54/jsch-0.1.54.jar:/home/user/.m2/repository/org/apache/curator/curator-client/2.12.0/curator-client-2.12.0.jar:/home/user/.m2/repository/org/apache/curator/curator-recipes/2.12.0/curator-recipes-2.12.0.jar:/home/user/.m2/repository/com/google/code/findbugs/jsr305/3.0.0/jsr305-3.0.0.jar:/home/user/.m2/repository/org/apache/htrace/htrace-core4/4.1.0-incubating/htrace-core4-4.1.0-incubating.jar:/home/user/.m2/repository/org/apache/zookeeper/zookeeper/3.4.13/zookeeper-3.4.13.jar:/home/user/.m2/repository/jline/jline/0.9.94/jline-0.9.94.jar:/home/user/.m2/repository/org/apache/yetus/audience-annotations/0.5.0/audience-annotations-0.5.0.jar:/home/user/.m2/repository/org/codehaus/woodstox/stax2-api/3.1.4/stax2-api-3.1.4.jar:/home/user/.m2/repository/com/fasterxml/woodstox/woodstox-core/5.0.3/woodstox-core-5.0.3.jar:/home/user/.m2/repository/dnsjava/dnsjava/2.1.7/dnsjava-2.1.7.jar:/home/user/.m2/repository/org/apache/hadoop/hadoop-hdfs/3.2.0/hadoop-hdfs-3.2.0-tests.jar:/home/user/.m2/repository/org/eclipse/jetty/jetty-util-ajax/9.3.25.v20180904/jetty-util-ajax-9.3.25.v20180904.jar:/home/user/.m2/repository/commons-daemon/commons-daemon/1.0.13/commons-daemon-1.0.13.jar:/home/user/.m2/repository/io/netty/netty/3.10.5.Final/netty-3.10.5.Final.jar:/home/user/.m2/repository/io/netty/netty-all/4.0.52.Final/netty-all-4.0.52.Final.jar:/home/user/.m2/repository/org/fusesource/leveldbjni/leveldbjni-all/1.8/leveldbjni-all-1.8.jar:"/>
    <property name="java.vm.vendor" value="Oracle Corporation"/>
    <property name="sun.arch.data.model" value="64"/>
    <property name="test.build.dir" value="/workdir/hadoop-ozone/integration-test/target/test-dir"/>
    <property name="test.cache.data" value=""/>
    <property name="java.vendor.url" value="http://java.oracle.com/"/>
    <property name="user.timezone" value=""/>
    <property name="java.vm.specification.version" value="1.8"/>
    <property name="os.name" value="Linux"/>
    <property name="test.build.data" value="/workdir/hadoop-ozone/integration-test/target/test-dir"/>
    <property name="user.country" value="US"/>
    <property name="sun.java.launcher" value="SUN_STANDARD"/>
    <property name="sun.boot.library.path" value="/usr/lib/jvm/java-1.8.0-openjdk-1.8.0.222.b10-1.el7_7.x86_64/jre/lib/amd64"/>
    <property name="sun.java.command" value="/workdir/hadoop-ozone/integration-test/target/surefire/surefirebooter3309103480493227901.jar /workdir/hadoop-ozone/integration-test/target/surefire 2019-10-23T22-03-17_626-jvmRun1 surefire4346630579916109307tmp surefire_422079288762174839111tmp"/>
    <property name="surefire.test.class.path" value="/workdir/hadoop-ozone/integration-test/target/test-classes:/workdir/hadoop-ozone/integration-test/target/classes:/home/user/.m2/repository/org/apache/hadoop/hadoop-ozone-common/0.5.0-SNAPSHOT/hadoop-ozone-common-0.5.0-SNAPSHOT.jar:/home/user/.m2/repository/org/apache/commons/commons-compress/1.4.1/commons-compress-1.4.1.jar:/home/user/.m2/repository/org/tukaani/xz/1.0/xz-1.0.jar:/home/user/.m2/repository/org/apache/hadoop/hadoop-common/3.2.0/hadoop-common-3.2.0.jar:/home/user/.m2/repository/org/apache/hadoop/hadoop-hdfs/3.2.0/hadoop-hdfs-3.2.0.jar:/home/user/.m2/repository/org/apache/hadoop/hadoop-hdfs-client/3.2.0/hadoop-hdfs-client-3.2.0.jar:/home/user/.m2/repository/com/fasterxml/jackson/core/jackson-annotations/2.9.9/jackson-annotations-2.9.9.jar:/home/user/.m2/repository/org/apache/hadoop/hadoop-hdds-common/0.5.0-SNAPSHOT/hadoop-hdds-common-0.5.0-SNAPSHOT.jar:/home/user/.m2/repository/javax/annotation/javax.annotation-api/1.2/javax.annotation-api-1.2.jar:/home/user/.m2/repository/org/apache/ratis/ratis-server/0.5.0-3f446aa-SNAPSHOT/ratis-server-0.5.0-3f446aa-SNAPSHOT.jar:/home/user/.m2/repository/org/apache/ratis/ratis-thirdparty-misc/0.2.0/ratis-thirdparty-misc-0.2.0.jar:/home/user/.m2/repository/org/apache/ratis/ratis-proto/0.5.0-3f446aa-SNAPSHOT/ratis-proto-0.5.0-3f446aa-SNAPSHOT.jar:/home/user/.m2/repository/org/apache/ratis/ratis-common/0.5.0-3f446aa-SNAPSHOT/ratis-common-0.5.0-3f446aa-SNAPSHOT.jar:/home/user/.m2/repository/org/apache/ratis/ratis-client/0.5.0-3f446aa-SNAPSHOT/ratis-client-0.5.0-3f446aa-SNAPSHOT.jar:/home/user/.m2/repository/org/apache/ratis/ratis-metrics/0.5.0-3f446aa-SNAPSHOT/ratis-metrics-0.5.0-3f446aa-SNAPSHOT.jar:/home/user/.m2/repository/com/github/joshelser/dropwizard-metrics-hadoop-metrics2-reporter/0.1.2/dropwizard-metrics-hadoop-metrics2-reporter-0.1.2.jar:/home/user/.m2/repository/io/dropwizard/metrics/metrics-jvm/3.2.5/metrics-jvm-3.2.5.jar:/home/user/.m2/repository/io/dropwizard/metrics/metrics-ganglia/3.2.5/metrics-ganglia-3.2.5.jar:/home/user/.m2/repository/info/ganglia/gmetric4j/gmetric4j/1.0.7/gmetric4j-1.0.7.jar:/home/user/.m2/repository/org/apache/ratis/ratis-netty/0.5.0-3f446aa-SNAPSHOT/ratis-netty-0.5.0-3f446aa-SNAPSHOT.jar:/home/user/.m2/repository/org/apache/ratis/ratis-grpc/0.5.0-3f446aa-SNAPSHOT/ratis-grpc-0.5.0-3f446aa-SNAPSHOT.jar:/home/user/.m2/repository/org/rocksdb/rocksdbjni/6.0.1/rocksdbjni-6.0.1.jar:/home/user/.m2/repository/org/apache/logging/log4j/log4j-api/2.11.0/log4j-api-2.11.0.jar:/home/user/.m2/repository/org/apache/logging/log4j/log4j-core/2.11.0/log4j-core-2.11.0.jar:/home/user/.m2/repository/com/lmax/disruptor/3.4.2/disruptor-3.4.2.jar:/home/user/.m2/repository/org/apache/commons/commons-pool2/2.6.0/commons-pool2-2.6.0.jar:/home/user/.m2/repository/org/bouncycastle/bcpkix-jdk15on/1.60/bcpkix-jdk15on-1.60.jar:/home/user/.m2/repository/commons-validator/commons-validator/1.6/commons-validator-1.6.jar:/home/user/.m2/repository/commons-digester/commons-digester/1.8.1/commons-digester-1.8.1.jar:/home/user/.m2/repository/io/jaegertracing/jaeger-client/0.34.0/jaeger-client-0.34.0.jar:/home/user/.m2/repository/io/jaegertracing/jaeger-thrift/0.34.0/jaeger-thrift-0.34.0.jar:/home/user/.m2/repository/org/apache/thrift/libthrift/0.12.0/libthrift-0.12.0.jar:/home/user/.m2/repository/com/squareup/okhttp3/okhttp/3.9.0/okhttp-3.9.0.jar:/home/user/.m2/repository/com/squareup/okio/okio/1.13.0/okio-1.13.0.jar:/home/user/.m2/repository/io/jaegertracing/jaeger-core/0.34.0/jaeger-core-0.34.0.jar:/home/user/.m2/repository/io/jaegertracing/jaeger-tracerresolver/0.34.0/jaeger-tracerresolver-0.34.0.jar:/home/user/.m2/repository/io/opentracing/contrib/opentracing-tracerresolver/0.1.5/opentracing-tracerresolver-0.1.5.jar:/home/user/.m2/repository/io/opentracing/opentracing-util/0.31.0/opentracing-util-0.31.0.jar:/home/user/.m2/repository/io/opentracing/opentracing-api/0.31.0/opentracing-api-0.31.0.jar:/home/user/.m2/repository/io/opentracing/opentracing-noop/0.31.0/opentracing-noop-0.31.0.jar:/home/user/.m2/repository/org/apache/hadoop/hadoop-hdds-server-framework/0.5.0-SNAPSHOT/hadoop-hdds-server-framework-0.5.0-SNAPSHOT.jar:/home/user/.m2/repository/org/apache/hadoop/hadoop-hdds-container-service/0.5.0-SNAPSHOT/hadoop-hdds-container-service-0.5.0-SNAPSHOT.jar:/home/user/.m2/repository/org/apache/hadoop/hadoop-hdds-client/0.5.0-SNAPSHOT/hadoop-hdds-client-0.5.0-SNAPSHOT.jar:/home/user/.m2/repository/org/apache/hadoop/hadoop-hdds-tools/0.5.0-SNAPSHOT/hadoop-hdds-tools-0.5.0-SNAPSHOT.jar:/home/user/.m2/repository/org/apache/hadoop/hadoop-hdds-server-scm/0.5.0-SNAPSHOT/hadoop-hdds-server-scm-0.5.0-SNAPSHOT.jar:/home/user/.m2/repository/org/apache/hadoop/hadoop-hdds-docs/0.5.0-SNAPSHOT/hadoop-hdds-docs-0.5.0-SNAPSHOT.jar:/home/user/.m2/repository/io/dropwizard/metrics/metrics-core/3.2.4/metrics-core-3.2.4.jar:/home/user/.m2/repository/org/hamcrest/hamcrest-all/1.3/hamcrest-all-1.3.jar:/home/user/.m2/repository/org/bouncycastle/bcprov-jdk15on/1.60/bcprov-jdk15on-1.60.jar:/home/user/.m2/repository/info/picocli/picocli/3.9.6/picocli-3.9.6.jar:/home/user/.m2/repository/com/google/protobuf/protobuf-java/2.5.0/protobuf-java-2.5.0.jar:/home/user/.m2/repository/com/google/guava/guava/11.0.2/guava-11.0.2.jar:/home/user/.m2/repository/org/apache/hadoop/hadoop-ozone-ozone-manager/0.5.0-SNAPSHOT/hadoop-ozone-ozone-manager-0.5.0-SNAPSHOT.jar:/home/user/.m2/repository/org/apache/hadoop/hadoop-minikdc/3.2.0/hadoop-minikdc-3.2.0.jar:/home/user/.m2/repository/commons-io/commons-io/2.5/commons-io-2.5.jar:/home/user/.m2/repository/org/apache/kerby/kerb-simplekdc/1.0.1/kerb-simplekdc-1.0.1.jar:/home/user/.m2/repository/org/apache/kerby/kerb-client/1.0.1/kerb-client-1.0.1.jar:/home/user/.m2/repository/org/apache/kerby/kerby-config/1.0.1/kerby-config-1.0.1.jar:/home/user/.m2/repository/org/apache/kerby/kerb-core/1.0.1/kerb-core-1.0.1.jar:/home/user/.m2/repository/org/apache/kerby/kerby-pkix/1.0.1/kerby-pkix-1.0.1.jar:/home/user/.m2/repository/org/apache/kerby/kerby-asn1/1.0.1/kerby-asn1-1.0.1.jar:/home/user/.m2/repository/org/apache/kerby/kerby-util/1.0.1/kerby-util-1.0.1.jar:/home/user/.m2/repository/org/apache/kerby/kerb-common/1.0.1/kerb-common-1.0.1.jar:/home/user/.m2/repository/org/apache/kerby/kerb-crypto/1.0.1/kerb-crypto-1.0.1.jar:/home/user/.m2/repository/org/apache/kerby/kerb-util/1.0.1/kerb-util-1.0.1.jar:/home/user/.m2/repository/org/apache/kerby/token-provider/1.0.1/token-provider-1.0.1.jar:/home/user/.m2/repository/org/apache/kerby/kerb-admin/1.0.1/kerb-admin-1.0.1.jar:/home/user/.m2/repository/org/apache/kerby/kerb-server/1.0.1/kerb-server-1.0.1.jar:/home/user/.m2/repository/org/apache/kerby/kerb-identity/1.0.1/kerb-identity-1.0.1.jar:/home/user/.m2/repository/org/apache/kerby/kerby-xdr/1.0.1/kerby-xdr-1.0.1.jar:/home/user/.m2/repository/org/slf4j/slf4j-log4j12/1.7.25/slf4j-log4j12-1.7.25.jar:/home/user/.m2/repository/org/apache/hadoop/hadoop-ozone-s3gateway/0.5.0-SNAPSHOT/hadoop-ozone-s3gateway-0.5.0-SNAPSHOT.jar:/home/user/.m2/repository/org/jboss/weld/servlet/weld-servlet/2.4.7.Final/weld-servlet-2.4.7.Final.jar:/home/user/.m2/repository/org/glassfish/jersey/containers/jersey-container-servlet-core/2.27/jersey-container-servlet-core-2.27.jar:/home/user/.m2/repository/org/glassfish/hk2/external/javax.inject/2.5.0-b42/javax.inject-2.5.0-b42.jar:/home/user/.m2/repository/org/glassfish/jersey/core/jersey-common/2.27/jersey-common-2.27.jar:/home/user/.m2/repository/org/glassfish/hk2/osgi-resource-locator/1.0.1/osgi-resource-locator-1.0.1.jar:/home/user/.m2/repository/javax/ws/rs/javax.ws.rs-api/2.1/javax.ws.rs-api-2.1.jar:/home/user/.m2/repository/org/glassfish/jersey/ext/cdi/jersey-cdi1x/2.27/jersey-cdi1x-2.27.jar:/home/user/.m2/repository/org/glassfish/jersey/inject/jersey-hk2/2.27/jersey-hk2-2.27.jar:/home/user/.m2/repository/org/glassfish/hk2/hk2-locator/2.5.0-b42/hk2-locator-2.5.0-b42.jar:/home/user/.m2/repository/org/javassist/javassist/3.22.0-CR2/javassist-3.22.0-CR2.jar:/home/user/.m2/repository/org/glassfish/hk2/hk2-api/2.5.0/hk2-api-2.5.0.jar:/home/user/.m2/repository/org/glassfish/hk2/external/jakarta.inject/2.5.0/jakarta.inject-2.5.0.jar:/home/user/.m2/repository/org/glassfish/hk2/hk2-utils/2.5.0/hk2-utils-2.5.0.jar:/home/user/.m2/repository/jakarta/annotation/jakarta.annotation-api/1.3.4/jakarta.annotation-api-1.3.4.jar:/home/user/.m2/repository/org/glassfish/hk2/external/aopalliance-repackaged/2.5.0/aopalliance-repackaged-2.5.0.jar:/home/user/.m2/repository/com/fasterxml/jackson/dataformat/jackson-dataformat-xml/2.9.0/jackson-dataformat-xml-2.9.0.jar:/home/user/.m2/repository/com/fasterxml/jackson/core/jackson-core/2.9.9/jackson-core-2.9.9.jar:/home/user/.m2/repository/com/fasterxml/jackson/module/jackson-module-jaxb-annotations/2.9.9/jackson-module-jaxb-annotations-2.9.9.jar:/home/user/.m2/repository/javax/enterprise/cdi-api/1.2/cdi-api-1.2.jar:/home/user/.m2/repository/javax/el/javax.el-api/3.0.0/javax.el-api-3.0.0.jar:/home/user/.m2/repository/javax/interceptor/javax.interceptor-api/1.2/javax.interceptor-api-1.2.jar:/home/user/.m2/repository/javax/inject/javax.inject/1/javax.inject-1.jar:/home/user/.m2/repository/com/sun/xml/bind/jaxb-impl/2.3.0.1/jaxb-impl-2.3.0.1.jar:/home/user/.m2/repository/com/sun/xml/bind/jaxb-core/2.3.0.1/jaxb-core-2.3.0.1.jar:/home/user/.m2/repository/javax/xml/bind/jaxb-api/2.3.0/jaxb-api-2.3.0.jar:/home/user/.m2/repository/javax/activation/activation/1.1.1/activation-1.1.1.jar:/home/user/.m2/repository/org/apache/hadoop/hadoop-ozone-csi/0.5.0-SNAPSHOT/hadoop-ozone-csi-0.5.0-SNAPSHOT.jar:/home/user/.m2/repository/com/google/protobuf/protobuf-java-util/3.5.1/protobuf-java-util-3.5.1.jar:/home/user/.m2/repository/org/apache/hadoop/hadoop-hdds-config/0.5.0-SNAPSHOT/hadoop-hdds-config-0.5.0-SNAPSHOT.jar:/home/user/.m2/repository/io/grpc/grpc-netty/1.17.1/grpc-netty-1.17.1.jar:/home/user/.m2/repository/io/grpc/grpc-core/1.17.1/grpc-core-1.17.1.jar:/home/user/.m2/repository/io/grpc/grpc-context/1.17.1/grpc-context-1.17.1.jar:/home/user/.m2/repository/com/google/errorprone/error_prone_annotations/2.2.0/error_prone_annotations-2.2.0.jar:/home/user/.m2/repository/org/codehaus/mojo/animal-sniffer-annotations/1.17/animal-sniffer-annotations-1.17.jar:/home/user/.m2/repository/io/opencensus/opencensus-api/0.17.0/opencensus-api-0.17.0.jar:/home/user/.m2/repository/io/opencensus/opencensus-contrib-grpc-metrics/0.17.0/opencensus-contrib-grpc-metrics-0.17.0.jar:/home/user/.m2/repository/io/netty/netty-codec-http2/4.1.30.Final/netty-codec-http2-4.1.30.Final.jar:/home/user/.m2/repository/io/netty/netty-codec-http/4.1.30.Final/netty-codec-http-4.1.30.Final.jar:/home/user/.m2/repository/io/netty/netty-codec/4.1.30.Final/netty-codec-4.1.30.Final.jar:/home/user/.m2/repository/io/netty/netty-handler/4.1.30.Final/netty-handler-4.1.30.Final.jar:/home/user/.m2/repository/io/netty/netty-handler-proxy/4.1.30.Final/netty-handler-proxy-4.1.30.Final.jar:/home/user/.m2/repository/io/netty/netty-codec-socks/4.1.30.Final/netty-codec-socks-4.1.30.Final.jar:/home/user/.m2/repository/io/netty/netty-transport-native-epoll/4.1.30.Final/netty-transport-native-epoll-4.1.30.Final.jar:/home/user/.m2/repository/io/netty/netty-common/4.1.30.Final/netty-common-4.1.30.Final.jar:/home/user/.m2/repository/io/netty/netty-buffer/4.1.30.Final/netty-buffer-4.1.30.Final.jar:/home/user/.m2/repository/io/netty/netty-transport/4.1.30.Final/netty-transport-4.1.30.Final.jar:/home/user/.m2/repository/io/netty/netty-resolver/4.1.30.Final/netty-resolver-4.1.30.Final.jar:/home/user/.m2/repository/io/netty/netty-transport-native-unix-common/4.1.30.Final/netty-transport-native-unix-common-4.1.30.Final.jar:/home/user/.m2/repository/io/grpc/grpc-protobuf/1.17.1/grpc-protobuf-1.17.1.jar:/home/user/.m2/repository/com/google/api/grpc/proto-google-common-protos/1.0.0/proto-google-common-protos-1.0.0.jar:/home/user/.m2/repository/io/grpc/grpc-protobuf-lite/1.17.1/grpc-protobuf-lite-1.17.1.jar:/home/user/.m2/repository/io/grpc/grpc-stub/1.17.1/grpc-stub-1.17.1.jar:/home/user/.m2/repository/org/apache/hadoop/hadoop-ozone-recon/0.5.0-SNAPSHOT/hadoop-ozone-recon-0.5.0-SNAPSHOT.jar:/home/user/.m2/repository/org/apache/hadoop/hadoop-ozone-reconcodegen/0.5.0-SNAPSHOT/hadoop-ozone-reconcodegen-0.5.0-SNAPSHOT.jar:/home/user/.m2/repository/com/google/inject/extensions/guice-multibindings/4.0/guice-multibindings-4.0.jar:/home/user/.m2/repository/com/google/inject/guice/4.0/guice-4.0.jar:/home/user/.m2/repository/aopalliance/aopalliance/1.0/aopalliance-1.0.jar:/home/user/.m2/repository/com/google/inject/extensions/guice-servlet/4.0/guice-servlet-4.0.jar:/home/user/.m2/repository/org/glassfish/jersey/containers/jersey-container-servlet/2.27/jersey-container-servlet-2.27.jar:/home/user/.m2/repository/org/glassfish/hk2/guice-bridge/2.5.0/guice-bridge-2.5.0.jar:/home/user/.m2/repository/org/glassfish/jersey/core/jersey-server/2.27/jersey-server-2.27.jar:/home/user/.m2/repository/org/glassfish/jersey/core/jersey-client/2.27/jersey-client-2.27.jar:/home/user/.m2/repository/org/glassfish/jersey/media/jersey-media-jaxb/2.27/jersey-media-jaxb-2.27.jar:/home/user/.m2/repository/javax/validation/validation-api/1.1.0.Final/validation-api-1.1.0.Final.jar:/home/user/.m2/repository/org/glassfish/jersey/media/jersey-media-json-jackson/2.27/jersey-media-json-jackson-2.27.jar:/home/user/.m2/repository/org/glassfish/jersey/ext/jersey-entity-filtering/2.27/jersey-entity-filtering-2.27.jar:/home/user/.m2/repository/com/google/inject/extensions/guice-assistedinject/4.0/guice-assistedinject-4.0.jar:/home/user/.m2/repository/org/jooq/jooq/3.11.10/jooq-3.11.10.jar:/home/user/.m2/repository/org/jooq/jooq-meta/3.11.10/jooq-meta-3.11.10.jar:/home/user/.m2/repository/org/jooq/jooq-codegen/3.11.10/jooq-codegen-3.11.10.jar:/home/user/.m2/repository/com/jolbox/bonecp/0.8.0.RELEASE/bonecp-0.8.0.RELEASE.jar:/home/user/.m2/repository/org/xerial/sqlite-jdbc/3.25.2/sqlite-jdbc-3.25.2.jar:/home/user/.m2/repository/org/springframework/spring-jdbc/5.1.3.RELEASE/spring-jdbc-5.1.3.RELEASE.jar:/home/user/.m2/repository/org/springframework/spring-beans/5.1.3.RELEASE/spring-beans-5.1.3.RELEASE.jar:/home/user/.m2/repository/org/springframework/spring-core/5.1.3.RELEASE/spring-core-5.1.3.RELEASE.jar:/home/user/.m2/repository/org/springframework/spring-jcl/5.1.3.RELEASE/spring-jcl-5.1.3.RELEASE.jar:/home/user/.m2/repository/org/springframework/spring-tx/5.1.3.RELEASE/spring-tx-5.1.3.RELEASE.jar:/home/user/.m2/repository/org/apache/hadoop/hadoop-ozone-client/0.5.0-SNAPSHOT/hadoop-ozone-client-0.5.0-SNAPSHOT.jar:/home/user/.m2/repository/commons-lang/commons-lang/2.6/commons-lang-2.6.jar:/home/user/.m2/repository/org/apache/hadoop/hadoop-ozone-ozone-manager/0.5.0-SNAPSHOT/hadoop-ozone-ozone-manager-0.5.0-SNAPSHOT-tests.jar:/home/user/.m2/repository/junit/junit/4.11/junit-4.11.jar:/home/user/.m2/repository/org/hamcrest/hamcrest-core/1.3/hamcrest-core-1.3.jar:/home/user/.m2/repository/org/openjdk/jmh/jmh-core/1.19/jmh-core-1.19.jar:/home/user/.m2/repository/net/sf/jopt-simple/jopt-simple/4.6/jopt-simple-4.6.jar:/home/user/.m2/repository/org/apache/commons/commons-math3/3.1.1/commons-math3-3.1.1.jar:/home/user/.m2/repository/org/openjdk/jmh/jmh-generator-annprocess/1.19/jmh-generator-annprocess-1.19.jar:/home/user/.m2/repository/org/mockito/mockito-all/1.8.5/mockito-all-1.8.5.jar:/home/user/.m2/repository/org/apache/hadoop/hadoop-kms/3.2.0/hadoop-kms-3.2.0.jar:/home/user/.m2/repository/org/apache/hadoop/hadoop-auth/3.2.0/hadoop-auth-3.2.0.jar:/home/user/.m2/repository/com/nimbusds/nimbus-jose-jwt/4.41.1/nimbus-jose-jwt-4.41.1.jar:/home/user/.m2/repository/com/github/stephenc/jcip/jcip-annotations/1.0-1/jcip-annotations-1.0-1.jar:/home/user/.m2/repository/net/minidev/json-smart/2.3/json-smart-2.3.jar:/home/user/.m2/repository/net/minidev/accessors-smart/1.2/accessors-smart-1.2.jar:/home/user/.m2/repository/org/ow2/asm/asm/5.0.4/asm-5.0.4.jar:/home/user/.m2/repository/org/apache/curator/curator-framework/2.12.0/curator-framework-2.12.0.jar:/home/user/.m2/repository/com/sun/jersey/jersey-core/1.19/jersey-core-1.19.jar:/home/user/.m2/repository/javax/ws/rs/jsr311-api/1.1.1/jsr311-api-1.1.1.jar:/home/user/.m2/repository/com/sun/jersey/jersey-server/1.19/jersey-server-1.19.jar:/home/user/.m2/repository/javax/servlet/javax.servlet-api/3.1.0/javax.servlet-api-3.1.0.jar:/home/user/.m2/repository/org/eclipse/jetty/jetty-server/9.3.25.v20180904/jetty-server-9.3.25.v20180904.jar:/home/user/.m2/repository/org/eclipse/jetty/jetty-http/9.3.25.v20180904/jetty-http-9.3.25.v20180904.jar:/home/user/.m2/repository/org/eclipse/jetty/jetty-io/9.3.25.v20180904/jetty-io-9.3.25.v20180904.jar:/home/user/.m2/repository/org/eclipse/jetty/jetty-webapp/9.3.25.v20180904/jetty-webapp-9.3.25.v20180904.jar:/home/user/.m2/repository/org/eclipse/jetty/jetty-xml/9.3.25.v20180904/jetty-xml-9.3.25.v20180904.jar:/home/user/.m2/repository/log4j/log4j/1.2.17/log4j-1.2.17.jar:/home/user/.m2/repository/org/slf4j/slf4j-api/1.7.25/slf4j-api-1.7.25.jar:/home/user/.m2/repository/org/slf4j/jul-to-slf4j/1.7.25/jul-to-slf4j-1.7.25.jar:/home/user/.m2/repository/org/eclipse/jetty/jetty-util/9.3.25.v20180904/jetty-util-9.3.25.v20180904.jar:/home/user/.m2/repository/com/fasterxml/jackson/core/jackson-databind/2.9.9/jackson-databind-2.9.9.jar:/home/user/.m2/repository/org/apache/hadoop/hadoop-kms/3.2.0/hadoop-kms-3.2.0-tests.jar:/home/user/.m2/repository/org/apache/hadoop/hadoop-hdds-server-scm/0.5.0-SNAPSHOT/hadoop-hdds-server-scm-0.5.0-SNAPSHOT-tests.jar:/home/user/.m2/repository/org/apache/hadoop/hadoop-hdds-container-service/0.5.0-SNAPSHOT/hadoop-hdds-container-service-0.5.0-SNAPSHOT-tests.jar:/home/user/.m2/repository/org/yaml/snakeyaml/1.16/snakeyaml-1.16.jar:/home/user/.m2/repository/org/apache/hadoop/hadoop-common/3.2.0/hadoop-common-3.2.0-tests.jar:/home/user/.m2/repository/org/apache/hadoop/hadoop-annotations/3.2.0/hadoop-annotations-3.2.0.jar:/usr/lib/jvm/java-1.8.0-openjdk-1.8.0.222.b10-1.el7_7.x86_64/jre/../lib/tools.jar:/home/user/.m2/repository/commons-cli/commons-cli/1.2/commons-cli-1.2.jar:/home/user/.m2/repository/org/apache/httpcomponents/httpclient/4.5.2/httpclient-4.5.2.jar:/home/user/.m2/repository/org/apache/httpcomponents/httpcore/4.4.4/httpcore-4.4.4.jar:/home/user/.m2/repository/commons-codec/commons-codec/1.11/commons-codec-1.11.jar:/home/user/.m2/repository/commons-net/commons-net/3.6/commons-net-3.6.jar:/home/user/.m2/repository/commons-collections/commons-collections/3.2.2/commons-collections-3.2.2.jar:/home/user/.m2/repository/org/eclipse/jetty/jetty-servlet/9.3.25.v20180904/jetty-servlet-9.3.25.v20180904.jar:/home/user/.m2/repository/org/eclipse/jetty/jetty-security/9.3.25.v20180904/jetty-security-9.3.25.v20180904.jar:/home/user/.m2/repository/javax/servlet/jsp/jsp-api/2.1/jsp-api-2.1.jar:/home/user/.m2/repository/com/sun/jersey/jersey-servlet/1.19/jersey-servlet-1.19.jar:/home/user/.m2/repository/com/sun/jersey/jersey-json/1.19/jersey-json-1.19.jar:/home/user/.m2/repository/org/codehaus/jettison/jettison/1.1/jettison-1.1.jar:/home/user/.m2/repository/org/codehaus/jackson/jackson-core-asl/1.9.13/jackson-core-asl-1.9.13.jar:/home/user/.m2/repository/org/codehaus/jackson/jackson-mapper-asl/1.9.13/jackson-mapper-asl-1.9.13.jar:/home/user/.m2/repository/org/codehaus/jackson/jackson-jaxrs/1.9.13/jackson-jaxrs-1.9.13.jar:/home/user/.m2/repository/org/codehaus/jackson/jackson-xc/1.9.13/jackson-xc-1.9.13.jar:/home/user/.m2/repository/commons-logging/commons-logging/1.1.3/commons-logging-1.1.3.jar:/home/user/.m2/repository/commons-beanutils/commons-beanutils/1.9.4/commons-beanutils-1.9.4.jar:/home/user/.m2/repository/org/apache/commons/commons-configuration2/2.1.1/commons-configuration2-2.1.1.jar:/home/user/.m2/repository/org/apache/commons/commons-lang3/3.7/commons-lang3-3.7.jar:/home/user/.m2/repository/org/apache/commons/commons-text/1.4/commons-text-1.4.jar:/home/user/.m2/repository/org/apache/avro/avro/1.7.7/avro-1.7.7.jar:/home/user/.m2/repository/com/thoughtworks/paranamer/paranamer/2.3/paranamer-2.3.jar:/home/user/.m2/repository/org/xerial/snappy/snappy-java/1.0.5/snappy-java-1.0.5.jar:/home/user/.m2/repository/com/google/re2j/re2j/1.1/re2j-1.1.jar:/home/user/.m2/repository/com/google/code/gson/gson/2.2.4/gson-2.2.4.jar:/home/user/.m2/repository/com/jcraft/jsch/0.1.54/jsch-0.1.54.jar:/home/user/.m2/repository/org/apache/curator/curator-client/2.12.0/curator-client-2.12.0.jar:/home/user/.m2/repository/org/apache/curator/curator-recipes/2.12.0/curator-recipes-2.12.0.jar:/home/user/.m2/repository/com/google/code/findbugs/jsr305/3.0.0/jsr305-3.0.0.jar:/home/user/.m2/repository/org/apache/htrace/htrace-core4/4.1.0-incubating/htrace-core4-4.1.0-incubating.jar:/home/user/.m2/repository/org/apache/zookeeper/zookeeper/3.4.13/zookeeper-3.4.13.jar:/home/user/.m2/repository/jline/jline/0.9.94/jline-0.9.94.jar:/home/user/.m2/repository/org/apache/yetus/audience-annotations/0.5.0/audience-annotations-0.5.0.jar:/home/user/.m2/repository/org/codehaus/woodstox/stax2-api/3.1.4/stax2-api-3.1.4.jar:/home/user/.m2/repository/com/fasterxml/woodstox/woodstox-core/5.0.3/woodstox-core-5.0.3.jar:/home/user/.m2/repository/dnsjava/dnsjava/2.1.7/dnsjava-2.1.7.jar:/home/user/.m2/repository/org/apache/hadoop/hadoop-hdfs/3.2.0/hadoop-hdfs-3.2.0-tests.jar:/home/user/.m2/repository/org/eclipse/jetty/jetty-util-ajax/9.3.25.v20180904/jetty-util-ajax-9.3.25.v20180904.jar:/home/user/.m2/repository/commons-daemon/commons-daemon/1.0.13/commons-daemon-1.0.13.jar:/home/user/.m2/repository/io/netty/netty/3.10.5.Final/netty-3.10.5.Final.jar:/home/user/.m2/repository/io/netty/netty-all/4.0.52.Final/netty-all-4.0.52.Final.jar:/home/user/.m2/repository/org/fusesource/leveldbjni/leveldbjni-all/1.8/leveldbjni-all-1.8.jar:"/>
    <property name="sun.cpu.endian" value="little"/>
    <property name="user.home" value="/home/user"/>
    <property name="user.language" value="en"/>
    <property name="java.specification.vendor" value="Oracle Corporation"/>
    <property name="java.home" value="/usr/lib/jvm/java-1.8.0-openjdk-1.8.0.222.b10-1.el7_7.x86_64/jre"/>
    <property name="surefire.excludesFile" value="/tools/ozone-bad-unit-tests"/>
    <property name="java.security.krb5.conf" value="/workdir/hadoop-ozone/integration-test/target/test-classes/krb5.conf"/>
    <property name="basedir" value="/workdir/hadoop-ozone/integration-test"/>
    <property name="file.separator" value="/"/>
    <property name="line.separator" value="&#10;"/>
    <property name="java.vm.specification.vendor" value="Oracle Corporation"/>
    <property name="java.specification.name" value="Java Platform API Specification"/>
    <property name="java.awt.graphicsenv" value="sun.awt.X11GraphicsEnvironment"/>
    <property name="surefire.real.class.path" value="/workdir/hadoop-ozone/integration-test/target/surefire/surefirebooter3309103480493227901.jar"/>
    <property name="hadoop.log.dir" value="/workdir/hadoop-ozone/integration-test/target/log"/>
    <property name="sun.boot.class.path" value="/usr/lib/jvm/java-1.8.0-openjdk-1.8.0.222.b10-1.el7_7.x86_64/jre/lib/resources.jar:/usr/lib/jvm/java-1.8.0-openjdk-1.8.0.222.b10-1.el7_7.x86_64/jre/lib/rt.jar:/usr/lib/jvm/java-1.8.0-openjdk-1.8.0.222.b10-1.el7_7.x86_64/jre/lib/sunrsasign.jar:/usr/lib/jvm/java-1.8.0-openjdk-1.8.0.222.b10-1.el7_7.x86_64/jre/lib/jsse.jar:/usr/lib/jvm/java-1.8.0-openjdk-1.8.0.222.b10-1.el7_7.x86_64/jre/lib/jce.jar:/usr/lib/jvm/java-1.8.0-openjdk-1.8.0.222.b10-1.el7_7.x86_64/jre/lib/charsets.jar:/usr/lib/jvm/java-1.8.0-openjdk-1.8.0.222.b10-1.el7_7.x86_64/jre/lib/jfr.jar:/usr/lib/jvm/java-1.8.0-openjdk-1.8.0.222.b10-1.el7_7.x86_64/jre/classes"/>
    <property name="sun.management.compiler" value="HotSpot 64-Bit Tiered Compilers"/>
    <property name="java.runtime.version" value="1.8.0_222-b10"/>
    <property name="java.net.preferIPv4Stack" value="true"/>
    <property name="user.name" value="jenkins1000"/>
    <property name="path.separator" value=":"/>
    <property name="java.security.egd" value="file:///dev/urandom"/>
    <property name="os.version" value="3.10.0-957.12.2.el7.x86_64"/>
    <property name="java.endorsed.dirs" value="/usr/lib/jvm/java-1.8.0-openjdk-1.8.0.222.b10-1.el7_7.x86_64/jre/lib/endorsed"/>
    <property name="java.runtime.name" value="OpenJDK Runtime Environment"/>
    <property name="file.encoding" value="ANSI_X3.4-1968"/>
    <property name="java.vm.name" value="OpenJDK 64-Bit Server VM"/>
    <property name="test.build.webapps" value=""/>
    <property name="localRepository" value="/home/user/.m2/repository"/>
    <property name="java.vendor.url.bug" value="http://bugreport.sun.com/bugreport/"/>
    <property name="java.io.tmpdir" value="/tmp"/>
    <property name="require.test.libhadoop" value=""/>
    <property name="java.version" value="1.8.0_222"/>
    <property name="user.dir" value="/workdir/hadoop-ozone/integration-test"/>
    <property name="os.arch" value="amd64"/>
    <property name="java.vm.specification.name" value="Java Virtual Machine Specification"/>
    <property name="test.build.classes" value="/workdir/hadoop-ozone/integration-test/target/test-classes"/>
    <property name="java.awt.printerjob" value="sun.print.PSPrinterJob"/>
    <property name="sun.os.patch.level" value="unknown"/>
    <property name="hadoop.tmp.dir" value="/workdir/hadoop-ozone/integration-test/target/tmp"/>
    <property name="java.library.path" value="/usr/lib:/workdir/hadoop-ozone/integration-test/target/native/target/usr/local/lib:/workdir/hadoop-ozone/integration-test/../../hadoop-common-project/hadoop-common/target/native/target/usr/local/lib:/usr/java/packages/lib/amd64:/usr/lib64:/lib64:/lib:/usr/lib"/>
    <property name="java.vm.info" value="mixed mode"/>
    <property name="java.vendor" value="Oracle Corporation"/>
    <property name="java.vm.version" value="25.222-b10"/>
    <property name="java.ext.dirs" value="/usr/lib/jvm/java-1.8.0-openjdk-1.8.0.222.b10-1.el7_7.x86_64/jre/lib/ext:/usr/java/packages/lib/ext"/>
    <property name="sun.io.unicode.encoding" value="UnicodeLittle"/>
    <property name="java.class.version" value="52.0"/>
  </properties>
  <testcase name="testDeleteKeyWithSlowFollower" classname="org.apache.hadoop.ozone.client.rpc.TestDeleteWithSlowFollower" time="111.224">
    <failure type="java.lang.AssertionError">java.lang.AssertionError
	at org.junit.Assert.fail(Assert.java:86)
	at org.junit.Assert.assertTrue(Assert.java:41)
	at org.junit.Assert.assertTrue(Assert.java:52)
	at org.apache.hadoop.ozone.client.rpc.TestDeleteWithSlowFollower.testDeleteKeyWithSlowFollower(TestDeleteWithSlowFollower.java:265)
	at sun.reflect.NativeMethodAccessorImpl.invoke0(Native Method)
	at sun.reflect.NativeMethodAccessorImpl.invoke(NativeMethodAccessorImpl.java:62)
	at sun.reflect.DelegatingMethodAccessorImpl.invoke(DelegatingMethodAccessorImpl.java:43)
	at java.lang.reflect.Method.invoke(Method.java:498)
	at org.junit.runners.model.FrameworkMethod$1.runReflectiveCall(FrameworkMethod.java:47)
	at org.junit.internal.runners.model.ReflectiveCallable.run(ReflectiveCallable.java:12)
	at org.junit.runners.model.FrameworkMethod.invokeExplosively(FrameworkMethod.java:44)
	at org.junit.internal.runners.statements.InvokeMethod.evaluate(InvokeMethod.java:17)
	at org.junit.runners.ParentRunner.runLeaf(ParentRunner.java:271)
	at org.junit.runners.BlockJUnit4ClassRunner.runChild(BlockJUnit4ClassRunner.java:70)
	at org.junit.runners.BlockJUnit4ClassRunner.runChild(BlockJUnit4ClassRunner.java:50)
	at org.junit.runners.ParentRunner$3.run(ParentRunner.java:238)
	at org.junit.runners.ParentRunner$1.schedule(ParentRunner.java:63)
	at org.junit.runners.ParentRunner.runChildren(ParentRunner.java:236)
	at org.junit.runners.ParentRunner.access$000(ParentRunner.java:53)
	at org.junit.runners.ParentRunner$2.evaluate(ParentRunner.java:229)
	at org.junit.internal.runners.statements.RunBefores.evaluate(RunBefores.java:26)
	at org.junit.internal.runners.statements.RunAfters.evaluate(RunAfters.java:27)
	at org.junit.runners.ParentRunner.run(ParentRunner.java:309)
	at org.apache.maven.surefire.junit4.JUnit4Provider.execute(JUnit4Provider.java:365)
	at org.apache.maven.surefire.junit4.JUnit4Provider.executeWithRerun(JUnit4Provider.java:273)
	at org.apache.maven.surefire.junit4.JUnit4Provider.executeTestSet(JUnit4Provider.java:238)
	at org.apache.maven.surefire.junit4.JUnit4Provider.invoke(JUnit4Provider.java:159)
	at org.apache.maven.surefire.booter.ForkedBooter.invokeProviderInSameClassLoader(ForkedBooter.java:384)
	at org.apache.maven.surefire.booter.ForkedBooter.runSuitesInProcess(ForkedBooter.java:345)
	at org.apache.maven.surefire.booter.ForkedBooter.execute(ForkedBooter.java:126)
	at org.apache.maven.surefire.booter.ForkedBooter.main(ForkedBooter.java:418)
</failure>
    <system-out><![CDATA[2019-10-23 22:23:56,901 [main] WARN  server.ServerUtils (ServerUtils.java:getScmDbDir(145)) - ozone.scm.db.dirs is not configured. We recommend adding this setting. Falling back to ozone.metadata.dirs instead.
2019-10-23 22:23:57,046 [main] WARN  server.ServerUtils (ServerUtils.java:getScmDbDir(145)) - ozone.scm.db.dirs is not configured. We recommend adding this setting. Falling back to ozone.metadata.dirs instead.
2019-10-23 22:23:57,050 [main] WARN  server.ServerUtils (ServerUtils.java:getScmDbDir(145)) - ozone.scm.db.dirs is not configured. We recommend adding this setting. Falling back to ozone.metadata.dirs instead.
2019-10-23 22:23:57,080 [main] INFO  util.log (Log.java:initialized(192)) - Logging initialized @898ms
2019-10-23 22:23:57,177 [main] INFO  db.DBStoreBuilder (DBStoreBuilder.java:addTable(117)) - using custom profile for table: deletedBlocks
2019-10-23 22:23:57,177 [main] INFO  db.DBStoreBuilder (DBStoreBuilder.java:processTables(168)) - Using default column profile:DBProfile.DISK for Table:deletedBlocks
2019-10-23 22:23:57,178 [main] INFO  db.DBStoreBuilder (DBStoreBuilder.java:addTable(117)) - using custom profile for table: validCerts
2019-10-23 22:23:57,178 [main] INFO  db.DBStoreBuilder (DBStoreBuilder.java:processTables(168)) - Using default column profile:DBProfile.DISK for Table:validCerts
2019-10-23 22:23:57,178 [main] INFO  db.DBStoreBuilder (DBStoreBuilder.java:addTable(117)) - using custom profile for table: revokedCerts
2019-10-23 22:23:57,178 [main] INFO  db.DBStoreBuilder (DBStoreBuilder.java:processTables(168)) - Using default column profile:DBProfile.DISK for Table:revokedCerts
2019-10-23 22:23:57,190 [main] INFO  db.DBStoreBuilder (DBStoreBuilder.java:addTable(117)) - using custom profile for table: default
2019-10-23 22:23:57,190 [main] INFO  db.DBStoreBuilder (DBStoreBuilder.java:processTables(174)) - Using default column profile:DBProfile.DISK for Table:default
2019-10-23 22:23:57,191 [main] INFO  db.DBStoreBuilder (DBStoreBuilder.java:getDbProfile(205)) - Using default options. DBProfile.DISK
2019-10-23 22:23:57,463 [main] INFO  net.NodeSchemaLoader (NodeSchemaLoader.java:loadSchemaFromFile(125)) - Loading file from sun.misc.CompoundEnumeration@74235045
2019-10-23 22:23:57,465 [main] INFO  net.NodeSchemaLoader (NodeSchemaLoader.java:loadSchema(171)) - Loading network topology layer schema file
2019-10-23 22:23:57,522 [main] WARN  server.ServerUtils (ServerUtils.java:sanitizeUserArgs(70)) - ozone.scm.stale.node.interval value = 1000000 is larger than max = 100000 based on the key value of ozone.scm.heartbeat.thread.interval, reset to the max value 100000.
2019-10-23 22:23:57,524 [main] WARN  server.ServerUtils (ServerUtils.java:sanitizeUserArgs(70)) - ozone.scm.stale.node.interval value = 1000000 is larger than max = 100000 based on the key value of ozone.scm.heartbeat.thread.interval, reset to the max value 100000.
2019-10-23 22:23:57,526 [main] INFO  node.SCMNodeManager (SCMNodeManager.java:<init>(116)) - Entering startup safe mode.
2019-10-23 22:23:57,587 [main] INFO  algorithms.ContainerPlacementPolicyFactory (ContainerPlacementPolicyFactory.java:getPolicy(57)) - Create container placement policy of type org.apache.hadoop.hdds.scm.container.placement.algorithms.SCMContainerPlacementRandom
2019-10-23 22:23:57,600 [main] WARN  server.ServerUtils (ServerUtils.java:getScmDbDir(145)) - ozone.scm.db.dirs is not configured. We recommend adding this setting. Falling back to ozone.metadata.dirs instead.
2019-10-23 22:23:57,659 [main] INFO  pipeline.SCMPipelineManager (SCMPipelineManager.java:initializePipelineState(132)) - No pipeline exists in current db
2019-10-23 22:23:57,661 [main] WARN  server.ServerUtils (ServerUtils.java:getScmDbDir(145)) - ozone.scm.db.dirs is not configured. We recommend adding this setting. Falling back to ozone.metadata.dirs instead.
2019-10-23 22:23:57,794 [main] WARN  events.EventQueue (EventQueue.java:fireEvent(183)) - No event handler registered for event TypedEvent{payloadType=SafeModeStatus, name='SafeModeStatus'}
2019-10-23 22:23:58,139 [main] INFO  ipc.CallQueueManager (CallQueueManager.java:<init>(84)) - Using callQueue: class java.util.concurrent.LinkedBlockingQueue, queueCapacity: 2000, scheduler: class org.apache.hadoop.ipc.DefaultRpcScheduler, ipcBackoff: false.
2019-10-23 22:23:58,271 [Socket Reader #1 for port 35468] INFO  ipc.Server (Server.java:run(1074)) - Starting Socket Reader #1 for port 35468
2019-10-23 22:23:58,300 [main] INFO  ipc.CallQueueManager (CallQueueManager.java:<init>(84)) - Using callQueue: class java.util.concurrent.LinkedBlockingQueue, queueCapacity: 2000, scheduler: class org.apache.hadoop.ipc.DefaultRpcScheduler, ipcBackoff: false.
2019-10-23 22:23:58,301 [Socket Reader #1 for port 44060] INFO  ipc.Server (Server.java:run(1074)) - Starting Socket Reader #1 for port 44060
2019-10-23 22:23:58,309 [main] INFO  ipc.CallQueueManager (CallQueueManager.java:<init>(84)) - Using callQueue: class java.util.concurrent.LinkedBlockingQueue, queueCapacity: 2000, scheduler: class org.apache.hadoop.ipc.DefaultRpcScheduler, ipcBackoff: false.
2019-10-23 22:23:58,309 [Socket Reader #1 for port 41404] INFO  ipc.Server (Server.java:run(1074)) - Starting Socket Reader #1 for port 41404
2019-10-23 22:23:58,331 [main] INFO  hdfs.DFSUtil (DFSUtil.java:httpServerTemplateForNNAndJN(1641)) - Starting Web-server for scm at: http://0.0.0.0:0
2019-10-23 22:23:58,502 [main] INFO  server.AuthenticationFilter (AuthenticationFilter.java:constructSecretProvider(240)) - Unable to initialize FileSignerSecretProvider, falling back to use random secrets.
2019-10-23 22:23:58,511 [main] WARN  http.HttpRequestLog (HttpRequestLog.java:getRequestLog(97)) - Jetty request log can only be enabled using Log4j
2019-10-23 22:23:58,518 [main] INFO  http.HttpServer2 (HttpServer2.java:addGlobalFilter(975)) - Added global filter 'safety' (class=org.apache.hadoop.http.HttpServer2$QuotingInputFilter)
2019-10-23 22:23:58,521 [main] INFO  http.HttpServer2 (HttpServer2.java:addFilter(948)) - Added filter static_user_filter (class=org.apache.hadoop.http.lib.StaticUserWebFilter$StaticUserFilter) to context scm
2019-10-23 22:23:58,521 [main] INFO  http.HttpServer2 (HttpServer2.java:addFilter(958)) - Added filter static_user_filter (class=org.apache.hadoop.http.lib.StaticUserWebFilter$StaticUserFilter) to context logs
2019-10-23 22:23:58,521 [main] INFO  http.HttpServer2 (HttpServer2.java:addFilter(958)) - Added filter static_user_filter (class=org.apache.hadoop.http.lib.StaticUserWebFilter$StaticUserFilter) to context static
2019-10-23 22:23:58,553 [main] INFO  server.StorageContainerManager (StorageContainerManager.java:start(772)) - StorageContainerLocationProtocol RPC server is listening at /0.0.0.0:41404
2019-10-23 22:23:58,634 [main] WARN  impl.MetricsConfig (MetricsConfig.java:loadFirst(134)) - Cannot locate configuration: tried hadoop-metrics2-storagecontainermanager.properties,hadoop-metrics2.properties
2019-10-23 22:23:58,650 [main] INFO  impl.MetricsSystemImpl (MetricsSystemImpl.java:startTimer(374)) - Scheduled Metric snapshot period at 10 second(s).
2019-10-23 22:23:58,651 [main] INFO  impl.MetricsSystemImpl (MetricsSystemImpl.java:start(191)) - StorageContainerManager metrics system started
2019-10-23 22:23:58,877 [main] INFO  server.SCMClientProtocolServer (SCMClientProtocolServer.java:start(159)) - RPC server for Client  is listening at /0.0.0.0:41404
2019-10-23 22:23:58,878 [IPC Server Responder] INFO  ipc.Server (Server.java:run(1314)) - IPC Server Responder: starting
2019-10-23 22:23:58,878 [IPC Server listener on 41404] INFO  ipc.Server (Server.java:run(1153)) - IPC Server listener on 41404: starting
2019-10-23 22:23:58,881 [main] INFO  server.StorageContainerManager (StorageContainerManager.java:start(782)) - ScmBlockLocationProtocol RPC server is listening at /0.0.0.0:44060
2019-10-23 22:23:58,881 [main] INFO  server.SCMBlockProtocolServer (SCMBlockProtocolServer.java:start(146)) - RPC server for Block Protocol is listening at /0.0.0.0:44060
2019-10-23 22:23:58,882 [IPC Server Responder] INFO  ipc.Server (Server.java:run(1314)) - IPC Server Responder: starting
2019-10-23 22:23:58,882 [IPC Server listener on 44060] INFO  ipc.Server (Server.java:run(1153)) - IPC Server listener on 44060: starting
2019-10-23 22:23:58,884 [main] INFO  server.StorageContainerManager (StorageContainerManager.java:start(786)) - ScmDatanodeProtocl RPC server is listening at /0.0.0.0:35468
2019-10-23 22:23:58,884 [main] INFO  server.SCMDatanodeProtocolServer (SCMDatanodeProtocolServer.java:start(169)) - RPC server for DataNodes is listening at /0.0.0.0:35468
2019-10-23 22:23:58,885 [IPC Server Responder] INFO  ipc.Server (Server.java:run(1314)) - IPC Server Responder: starting
2019-10-23 22:23:58,885 [IPC Server listener on 35468] INFO  ipc.Server (Server.java:run(1153)) - IPC Server listener on 35468: starting
2019-10-23 22:23:58,889 [main] INFO  http.HttpServer2 (HttpServer2.java:bindListener(1191)) - Jetty bound to port 38738
2019-10-23 22:23:58,891 [main] INFO  server.Server (Server.java:doStart(351)) - jetty-9.3.25.v20180904, build timestamp: 2018-09-04T21:11:46Z, git hash: 3ce520221d0240229c862b122d2b06c12a625732
2019-10-23 22:23:58,927 [main] INFO  handler.ContextHandler (ContextHandler.java:doStart(781)) - Started o.e.j.s.ServletContextHandler@42f8285e{/logs,file:///workdir/hadoop-ozone/integration-test/target/log,AVAILABLE}
2019-10-23 22:23:58,928 [main] INFO  handler.ContextHandler (ContextHandler.java:doStart(781)) - Started o.e.j.s.ServletContextHandler@3724af13{/static,file:///workdir/hadoop-ozone/integration-test/target/test-classes/webapps/static,AVAILABLE}
2019-10-23 22:23:58,962 [main] INFO  handler.ContextHandler (ContextHandler.java:doStart(781)) - Started o.e.j.w.WebAppContext@24a1c17f{/,file:///workdir/hadoop-ozone/integration-test/target/test-classes/webapps/scm/,AVAILABLE}{/scm}
2019-10-23 22:23:58,967 [main] INFO  server.AbstractConnector (AbstractConnector.java:doStart(278)) - Started ServerConnector@4d63b624{HTTP/1.1,[http/1.1]}{0.0.0.0:38738}
2019-10-23 22:23:58,968 [main] INFO  server.Server (Server.java:doStart(419)) - Started @2786ms
2019-10-23 22:23:58,970 [main] INFO  impl.MetricsSinkAdapter (MetricsSinkAdapter.java:start(204)) - Sink prometheus started
2019-10-23 22:23:58,970 [main] INFO  impl.MetricsSystemImpl (MetricsSystemImpl.java:registerSink(301)) - Registered sink prometheus
2019-10-23 22:23:58,972 [main] INFO  server.BaseHttpServer (BaseHttpServer.java:updateConnectorAddress(215)) - HTTP server of SCM is listening at http://0.0.0.0:38738
2019-10-23 22:23:58,980 [org.apache.hadoop.util.JvmPauseMonitor$Monitor@4b629f13] INFO  util.JvmPauseMonitor (JvmPauseMonitor.java:run(188)) - Starting JVM pause monitor
2019-10-23 22:23:58,985 [main] WARN  server.ServerUtils (ServerUtils.java:getDBPath(222)) - ozone.om.db.dirs is not configured. We recommend adding this setting. Falling back to ozone.metadata.dirs instead.
2019-10-23 22:23:59,107 [main] INFO  ha.OMHANodeDetails (OMHANodeDetails.java:loadOMHAConfig(190)) - Configuration either no ozone.om.address set. Falling back to the default OM address /127.0.0.1:0
2019-10-23 22:23:59,108 [main] INFO  ha.OMHANodeDetails (OMHANodeDetails.java:getOMNodeDetails(220)) - OM Service ID is not set. Setting it to the default ID: omServiceIdDefault
2019-10-23 22:23:59,110 [main] WARN  server.ServerUtils (ServerUtils.java:getDBPath(222)) - ozone.om.db.dirs is not configured. We recommend adding this setting. Falling back to ozone.metadata.dirs instead.
2019-10-23 22:23:59,110 [main] WARN  server.ServerUtils (ServerUtils.java:getDBPath(222)) - ozone.om.db.dirs is not configured. We recommend adding this setting. Falling back to ozone.metadata.dirs instead.
2019-10-23 22:23:59,791 [main] WARN  server.ServerUtils (ServerUtils.java:getDBPath(222)) - ozone.om.db.dirs is not configured. We recommend adding this setting. Falling back to ozone.metadata.dirs instead.
2019-10-23 22:23:59,799 [main] INFO  db.DBStoreBuilder (DBStoreBuilder.java:addTable(117)) - using custom profile for table: userTable
2019-10-23 22:23:59,799 [main] INFO  db.DBStoreBuilder (DBStoreBuilder.java:processTables(168)) - Using default column profile:DBProfile.DISK for Table:userTable
2019-10-23 22:23:59,800 [main] INFO  db.DBStoreBuilder (DBStoreBuilder.java:addTable(117)) - using custom profile for table: volumeTable
2019-10-23 22:23:59,800 [main] INFO  db.DBStoreBuilder (DBStoreBuilder.java:processTables(168)) - Using default column profile:DBProfile.DISK for Table:volumeTable
2019-10-23 22:23:59,800 [main] INFO  db.DBStoreBuilder (DBStoreBuilder.java:addTable(117)) - using custom profile for table: bucketTable
2019-10-23 22:23:59,800 [main] INFO  db.DBStoreBuilder (DBStoreBuilder.java:processTables(168)) - Using default column profile:DBProfile.DISK for Table:bucketTable
2019-10-23 22:23:59,801 [main] INFO  db.DBStoreBuilder (DBStoreBuilder.java:addTable(117)) - using custom profile for table: keyTable
2019-10-23 22:23:59,801 [main] INFO  db.DBStoreBuilder (DBStoreBuilder.java:processTables(168)) - Using default column profile:DBProfile.DISK for Table:keyTable
2019-10-23 22:23:59,801 [main] INFO  db.DBStoreBuilder (DBStoreBuilder.java:addTable(117)) - using custom profile for table: deletedTable
2019-10-23 22:23:59,801 [main] INFO  db.DBStoreBuilder (DBStoreBuilder.java:processTables(168)) - Using default column profile:DBProfile.DISK for Table:deletedTable
2019-10-23 22:23:59,801 [main] INFO  db.DBStoreBuilder (DBStoreBuilder.java:addTable(117)) - using custom profile for table: openKeyTable
2019-10-23 22:23:59,802 [main] INFO  db.DBStoreBuilder (DBStoreBuilder.java:processTables(168)) - Using default column profile:DBProfile.DISK for Table:openKeyTable
2019-10-23 22:23:59,802 [main] INFO  db.DBStoreBuilder (DBStoreBuilder.java:addTable(117)) - using custom profile for table: s3Table
2019-10-23 22:23:59,802 [main] INFO  db.DBStoreBuilder (DBStoreBuilder.java:processTables(168)) - Using default column profile:DBProfile.DISK for Table:s3Table
2019-10-23 22:23:59,802 [main] INFO  db.DBStoreBuilder (DBStoreBuilder.java:addTable(117)) - using custom profile for table: multipartInfoTable
2019-10-23 22:23:59,803 [main] INFO  db.DBStoreBuilder (DBStoreBuilder.java:processTables(168)) - Using default column profile:DBProfile.DISK for Table:multipartInfoTable
2019-10-23 22:23:59,803 [main] INFO  db.DBStoreBuilder (DBStoreBuilder.java:addTable(117)) - using custom profile for table: dTokenTable
2019-10-23 22:23:59,803 [main] INFO  db.DBStoreBuilder (DBStoreBuilder.java:processTables(168)) - Using default column profile:DBProfile.DISK for Table:dTokenTable
2019-10-23 22:23:59,803 [main] INFO  db.DBStoreBuilder (DBStoreBuilder.java:addTable(117)) - using custom profile for table: s3SecretTable
2019-10-23 22:23:59,804 [main] INFO  db.DBStoreBuilder (DBStoreBuilder.java:processTables(168)) - Using default column profile:DBProfile.DISK for Table:s3SecretTable
2019-10-23 22:23:59,804 [main] INFO  db.DBStoreBuilder (DBStoreBuilder.java:addTable(117)) - using custom profile for table: prefixTable
2019-10-23 22:23:59,804 [main] INFO  db.DBStoreBuilder (DBStoreBuilder.java:processTables(168)) - Using default column profile:DBProfile.DISK for Table:prefixTable
2019-10-23 22:23:59,804 [main] INFO  db.DBStoreBuilder (DBStoreBuilder.java:addTable(117)) - using custom profile for table: default
2019-10-23 22:23:59,804 [main] INFO  db.DBStoreBuilder (DBStoreBuilder.java:processTables(174)) - Using default column profile:DBProfile.DISK for Table:default
2019-10-23 22:23:59,805 [main] INFO  db.DBStoreBuilder (DBStoreBuilder.java:getDbProfile(205)) - Using default options. DBProfile.DISK
2019-10-23 22:24:00,139 [main] INFO  ipc.CallQueueManager (CallQueueManager.java:<init>(84)) - Using callQueue: class java.util.concurrent.LinkedBlockingQueue, queueCapacity: 2000, scheduler: class org.apache.hadoop.ipc.DefaultRpcScheduler, ipcBackoff: false.
2019-10-23 22:24:00,140 [Socket Reader #1 for port 45438] INFO  ipc.Server (Server.java:run(1074)) - Starting Socket Reader #1 for port 45438
2019-10-23 22:24:00,162 [main] INFO  om.OzoneManager (OzoneManager.java:start(1076)) - OzoneManager RPC server is listening at localhost/127.0.0.1:45438
2019-10-23 22:24:00,162 [main] INFO  impl.MetricsSystemImpl (MetricsSystemImpl.java:init(158)) - OzoneManager metrics system started (again)
2019-10-23 22:24:00,170 [IPC Server listener on 45438] INFO  ipc.Server (Server.java:run(1153)) - IPC Server listener on 45438: starting
2019-10-23 22:24:00,170 [IPC Server Responder] INFO  ipc.Server (Server.java:run(1314)) - IPC Server Responder: starting
2019-10-23 22:24:00,177 [main] INFO  hdfs.DFSUtil (DFSUtil.java:httpServerTemplateForNNAndJN(1641)) - Starting Web-server for ozoneManager at: http://0.0.0.0:0
2019-10-23 22:24:00,179 [main] INFO  server.AuthenticationFilter (AuthenticationFilter.java:constructSecretProvider(240)) - Unable to initialize FileSignerSecretProvider, falling back to use random secrets.
2019-10-23 22:24:00,180 [main] WARN  http.HttpRequestLog (HttpRequestLog.java:getRequestLog(97)) - Jetty request log can only be enabled using Log4j
2019-10-23 22:24:00,184 [main] INFO  http.HttpServer2 (HttpServer2.java:addGlobalFilter(975)) - Added global filter 'safety' (class=org.apache.hadoop.http.HttpServer2$QuotingInputFilter)
2019-10-23 22:24:00,186 [main] INFO  http.HttpServer2 (HttpServer2.java:addFilter(948)) - Added filter static_user_filter (class=org.apache.hadoop.http.lib.StaticUserWebFilter$StaticUserFilter) to context ozoneManager
2019-10-23 22:24:00,186 [main] INFO  http.HttpServer2 (HttpServer2.java:addFilter(958)) - Added filter static_user_filter (class=org.apache.hadoop.http.lib.StaticUserWebFilter$StaticUserFilter) to context static
2019-10-23 22:24:00,187 [main] INFO  http.HttpServer2 (HttpServer2.java:addFilter(958)) - Added filter static_user_filter (class=org.apache.hadoop.http.lib.StaticUserWebFilter$StaticUserFilter) to context logs
2019-10-23 22:24:00,191 [main] INFO  http.HttpServer2 (HttpServer2.java:bindListener(1191)) - Jetty bound to port 35177
2019-10-23 22:24:00,192 [main] INFO  server.Server (Server.java:doStart(351)) - jetty-9.3.25.v20180904, build timestamp: 2018-09-04T21:11:46Z, git hash: 3ce520221d0240229c862b122d2b06c12a625732
2019-10-23 22:24:00,195 [main] INFO  handler.ContextHandler (ContextHandler.java:doStart(781)) - Started o.e.j.s.ServletContextHandler@aa10649{/logs,file:///workdir/hadoop-ozone/integration-test/target/log,AVAILABLE}
2019-10-23 22:24:00,197 [main] INFO  handler.ContextHandler (ContextHandler.java:doStart(781)) - Started o.e.j.s.ServletContextHandler@37095ded{/static,file:///workdir/hadoop-ozone/integration-test/target/test-classes/webapps/static,AVAILABLE}
2019-10-23 22:24:00,206 [main] INFO  handler.ContextHandler (ContextHandler.java:doStart(781)) - Started o.e.j.w.WebAppContext@75b3673{/,file:///workdir/hadoop-ozone/integration-test/target/test-classes/webapps/ozoneManager/,AVAILABLE}{/ozoneManager}
2019-10-23 22:24:00,207 [main] INFO  server.AbstractConnector (AbstractConnector.java:doStart(278)) - Started ServerConnector@1bcb79c2{HTTP/1.1,[http/1.1]}{0.0.0.0:35177}
2019-10-23 22:24:00,207 [main] INFO  server.Server (Server.java:doStart(419)) - Started @4025ms
2019-10-23 22:24:00,207 [main] WARN  impl.MetricsSystemImpl (MetricsSystemImpl.java:register(276)) - Sink prometheus already exists!
2019-10-23 22:24:00,208 [main] INFO  server.BaseHttpServer (BaseHttpServer.java:updateConnectorAddress(215)) - HTTP server of OZONEMANAGER is listening at http://0.0.0.0:35177
2019-10-23 22:24:00,533 [main] INFO  impl.MetricsSystemImpl (MetricsSystemImpl.java:init(158)) - HddsDatanode metrics system started (again)
2019-10-23 22:24:00,579 [main] INFO  ozone.HddsDatanodeService (HddsDatanodeService.java:start(184)) - HddsDatanodeService host:pr-hdds-2240-gjcjf-507280437 ip:192.168.34.28
2019-10-23 22:24:00,619 [main] INFO  volume.HddsVolume (HddsVolume.java:<init>(176)) - Creating Volume: /workdir/hadoop-ozone/integration-test/target/test-dir/MiniOzoneClusterImpl-76426a80-56c3-4df6-b76d-a34ccd4b7bd3/datanode-0/data/containers/hdds of  storage type : DISK and capacity : 1482555576320
2019-10-23 22:24:00,623 [main] INFO  volume.VolumeSet (VolumeSet.java:initializeVolumeSet(170)) - Added Volume : /workdir/hadoop-ozone/integration-test/target/test-dir/MiniOzoneClusterImpl-76426a80-56c3-4df6-b76d-a34ccd4b7bd3/datanode-0/data/containers/hdds to VolumeSet
2019-10-23 22:24:00,626 [main] INFO  volume.ThrottledAsyncChecker (ThrottledAsyncChecker.java:schedule(141)) - Scheduling a check for /workdir/hadoop-ozone/integration-test/target/test-dir/MiniOzoneClusterImpl-76426a80-56c3-4df6-b76d-a34ccd4b7bd3/datanode-0/data/containers/hdds
2019-10-23 22:24:00,647 [main] INFO  volume.HddsVolumeChecker (HddsVolumeChecker.java:checkAllVolumes(204)) - Scheduled health check for volume /workdir/hadoop-ozone/integration-test/target/test-dir/MiniOzoneClusterImpl-76426a80-56c3-4df6-b76d-a34ccd4b7bd3/datanode-0/data/containers/hdds
2019-10-23 22:24:00,755 [main] INFO  impl.RaftServerProxy (ConfUtils.java:logGet(43)) - raft.rpc.type = GRPC (default)
2019-10-23 22:24:00,820 [main] INFO  grpc.GrpcFactory (GrpcFactory.java:checkPooledByteBufAllocatorUseCacheForAllThreads(45)) - PERFORMANCE WARNING: useCacheForAllThreads is true that may cause Netty to create a lot garbage objects and, as a result, trigger GC.
	It is recommended to disable useCacheForAllThreads by setting -Dorg.apache.ratis.thirdparty.io.netty.allocator.useCacheForAllThreads=false in command line.
2019-10-23 22:24:00,824 [main] INFO  grpc.GrpcConfigKeys$Server (ConfUtils.java:logGet(43)) - raft.grpc.server.port = 0 (default)
2019-10-23 22:24:00,825 [main] INFO  server.GrpcService (ConfUtils.java:logGet(43)) - raft.grpc.message.size.max = 33570816 (custom)
2019-10-23 22:24:00,827 [main] INFO  server.RaftServerConfigKeys (ConfUtils.java:logGet(43)) - raft.server.log.appender.buffer.byte-limit = 33554432 (custom)
2019-10-23 22:24:00,827 [main] INFO  server.GrpcService (ConfUtils.java:logGet(43)) - raft.grpc.flow.control.window = 1MB (=1048576) (default)
2019-10-23 22:24:00,828 [main] INFO  server.RaftServerConfigKeys (ConfUtils.java:logGet(43)) - raft.server.rpc.request.timeout = 3000ms (default)
2019-10-23 22:24:00,985 [main] INFO  server.RaftServerConfigKeys (ConfUtils.java:logGet(43)) - raft.server.storage.dir = [/workdir/hadoop-ozone/integration-test/target/test-dir/MiniOzoneClusterImpl-76426a80-56c3-4df6-b76d-a34ccd4b7bd3/datanode-0/data/ratis] (custom)
2019-10-23 22:24:01,046 [main] INFO  hdfs.DFSUtil (DFSUtil.java:httpServerTemplateForNNAndJN(1641)) - Starting Web-server for hddsDatanode at: http://0.0.0.0:0
2019-10-23 22:24:01,050 [main] INFO  server.AuthenticationFilter (AuthenticationFilter.java:constructSecretProvider(240)) - Unable to initialize FileSignerSecretProvider, falling back to use random secrets.
2019-10-23 22:24:01,051 [main] WARN  http.HttpRequestLog (HttpRequestLog.java:getRequestLog(97)) - Jetty request log can only be enabled using Log4j
2019-10-23 22:24:01,056 [main] INFO  http.HttpServer2 (HttpServer2.java:addGlobalFilter(975)) - Added global filter 'safety' (class=org.apache.hadoop.http.HttpServer2$QuotingInputFilter)
2019-10-23 22:24:01,057 [main] INFO  http.HttpServer2 (HttpServer2.java:addFilter(948)) - Added filter static_user_filter (class=org.apache.hadoop.http.lib.StaticUserWebFilter$StaticUserFilter) to context hddsDatanode
2019-10-23 22:24:01,057 [main] INFO  http.HttpServer2 (HttpServer2.java:addFilter(958)) - Added filter static_user_filter (class=org.apache.hadoop.http.lib.StaticUserWebFilter$StaticUserFilter) to context static
2019-10-23 22:24:01,058 [main] INFO  http.HttpServer2 (HttpServer2.java:addFilter(958)) - Added filter static_user_filter (class=org.apache.hadoop.http.lib.StaticUserWebFilter$StaticUserFilter) to context logs
2019-10-23 22:24:01,060 [main] INFO  http.HttpServer2 (HttpServer2.java:bindListener(1191)) - Jetty bound to port 37751
2019-10-23 22:24:01,060 [main] INFO  server.Server (Server.java:doStart(351)) - jetty-9.3.25.v20180904, build timestamp: 2018-09-04T21:11:46Z, git hash: 3ce520221d0240229c862b122d2b06c12a625732
2019-10-23 22:24:01,064 [main] INFO  handler.ContextHandler (ContextHandler.java:doStart(781)) - Started o.e.j.s.ServletContextHandler@1e0895f5{/logs,file:///workdir/hadoop-ozone/integration-test/target/log,AVAILABLE}
2019-10-23 22:24:01,065 [main] INFO  handler.ContextHandler (ContextHandler.java:doStart(781)) - Started o.e.j.s.ServletContextHandler@fd9ebde{/static,jar:file:/home/user/.m2/repository/org/apache/hadoop/hadoop-hdds-container-service/0.5.0-SNAPSHOT/hadoop-hdds-container-service-0.5.0-SNAPSHOT.jar!/webapps/static,AVAILABLE}
2019-10-23 22:24:01,115 [main] INFO  handler.ContextHandler (ContextHandler.java:doStart(781)) - Started o.e.j.w.WebAppContext@1deceb67{/,file:///tmp/jetty-0.0.0.0-37751-hddsDatanode-_-any-2917972754779676032.dir/webapp/,AVAILABLE}{/hddsDatanode}
2019-10-23 22:24:01,116 [main] INFO  server.AbstractConnector (AbstractConnector.java:doStart(278)) - Started ServerConnector@582a764a{HTTP/1.1,[http/1.1]}{0.0.0.0:37751}
2019-10-23 22:24:01,117 [main] INFO  server.Server (Server.java:doStart(419)) - Started @4935ms
2019-10-23 22:24:01,117 [main] WARN  impl.MetricsSystemImpl (MetricsSystemImpl.java:register(276)) - Sink prometheus already exists!
2019-10-23 22:24:01,119 [main] INFO  server.BaseHttpServer (BaseHttpServer.java:updateConnectorAddress(215)) - HTTP server of HDDSDATANODE is listening at http://0.0.0.0:37751
2019-10-23 22:24:01,120 [main] INFO  impl.MetricsSystemImpl (MetricsSystemImpl.java:init(158)) - HddsDatanode metrics system started (again)
2019-10-23 22:24:01,124 [main] INFO  ozone.HddsDatanodeService (HddsDatanodeService.java:start(184)) - HddsDatanodeService host:pr-hdds-2240-gjcjf-507280437 ip:192.168.34.28
2019-10-23 22:24:01,125 [org.apache.hadoop.util.JvmPauseMonitor$Monitor@584036a2] INFO  util.JvmPauseMonitor (JvmPauseMonitor.java:run(188)) - Starting JVM pause monitor
2019-10-23 22:24:01,134 [main] INFO  volume.HddsVolume (HddsVolume.java:<init>(176)) - Creating Volume: /workdir/hadoop-ozone/integration-test/target/test-dir/MiniOzoneClusterImpl-76426a80-56c3-4df6-b76d-a34ccd4b7bd3/datanode-1/data/containers/hdds of  storage type : DISK and capacity : 1482555576320
2019-10-23 22:24:01,135 [main] INFO  volume.VolumeSet (VolumeSet.java:initializeVolumeSet(170)) - Added Volume : /workdir/hadoop-ozone/integration-test/target/test-dir/MiniOzoneClusterImpl-76426a80-56c3-4df6-b76d-a34ccd4b7bd3/datanode-1/data/containers/hdds to VolumeSet
2019-10-23 22:24:01,135 [main] INFO  volume.ThrottledAsyncChecker (ThrottledAsyncChecker.java:schedule(141)) - Scheduling a check for /workdir/hadoop-ozone/integration-test/target/test-dir/MiniOzoneClusterImpl-76426a80-56c3-4df6-b76d-a34ccd4b7bd3/datanode-1/data/containers/hdds
2019-10-23 22:24:01,136 [main] INFO  volume.HddsVolumeChecker (HddsVolumeChecker.java:checkAllVolumes(204)) - Scheduled health check for volume /workdir/hadoop-ozone/integration-test/target/test-dir/MiniOzoneClusterImpl-76426a80-56c3-4df6-b76d-a34ccd4b7bd3/datanode-1/data/containers/hdds
2019-10-23 22:24:01,155 [main] INFO  impl.RaftServerProxy (ConfUtils.java:logGet(43)) - raft.rpc.type = GRPC (default)
2019-10-23 22:24:01,156 [main] INFO  grpc.GrpcFactory (GrpcFactory.java:checkPooledByteBufAllocatorUseCacheForAllThreads(45)) - PERFORMANCE WARNING: useCacheForAllThreads is true that may cause Netty to create a lot garbage objects and, as a result, trigger GC.
	It is recommended to disable useCacheForAllThreads by setting -Dorg.apache.ratis.thirdparty.io.netty.allocator.useCacheForAllThreads=false in command line.
2019-10-23 22:24:01,156 [main] INFO  grpc.GrpcConfigKeys$Server (ConfUtils.java:logGet(43)) - raft.grpc.server.port = 0 (default)
2019-10-23 22:24:01,156 [main] INFO  server.GrpcService (ConfUtils.java:logGet(43)) - raft.grpc.message.size.max = 33570816 (custom)
2019-10-23 22:24:01,156 [main] INFO  server.RaftServerConfigKeys (ConfUtils.java:logGet(43)) - raft.server.log.appender.buffer.byte-limit = 33554432 (custom)
2019-10-23 22:24:01,157 [main] INFO  server.GrpcService (ConfUtils.java:logGet(43)) - raft.grpc.flow.control.window = 1MB (=1048576) (default)
2019-10-23 22:24:01,157 [main] INFO  server.RaftServerConfigKeys (ConfUtils.java:logGet(43)) - raft.server.rpc.request.timeout = 3000ms (default)
2019-10-23 22:24:01,158 [main] INFO  server.RaftServerConfigKeys (ConfUtils.java:logGet(43)) - raft.server.storage.dir = [/workdir/hadoop-ozone/integration-test/target/test-dir/MiniOzoneClusterImpl-76426a80-56c3-4df6-b76d-a34ccd4b7bd3/datanode-1/data/ratis] (custom)
2019-10-23 22:24:01,160 [main] INFO  hdfs.DFSUtil (DFSUtil.java:httpServerTemplateForNNAndJN(1641)) - Starting Web-server for hddsDatanode at: http://0.0.0.0:0
2019-10-23 22:24:01,162 [main] INFO  server.AuthenticationFilter (AuthenticationFilter.java:constructSecretProvider(240)) - Unable to initialize FileSignerSecretProvider, falling back to use random secrets.
2019-10-23 22:24:01,162 [main] WARN  http.HttpRequestLog (HttpRequestLog.java:getRequestLog(97)) - Jetty request log can only be enabled using Log4j
2019-10-23 22:24:01,164 [main] INFO  http.HttpServer2 (HttpServer2.java:addGlobalFilter(975)) - Added global filter 'safety' (class=org.apache.hadoop.http.HttpServer2$QuotingInputFilter)
2019-10-23 22:24:01,164 [main] INFO  http.HttpServer2 (HttpServer2.java:addFilter(948)) - Added filter static_user_filter (class=org.apache.hadoop.http.lib.StaticUserWebFilter$StaticUserFilter) to context hddsDatanode
2019-10-23 22:24:01,165 [main] INFO  http.HttpServer2 (HttpServer2.java:addFilter(958)) - Added filter static_user_filter (class=org.apache.hadoop.http.lib.StaticUserWebFilter$StaticUserFilter) to context static
2019-10-23 22:24:01,165 [main] INFO  http.HttpServer2 (HttpServer2.java:addFilter(958)) - Added filter static_user_filter (class=org.apache.hadoop.http.lib.StaticUserWebFilter$StaticUserFilter) to context logs
2019-10-23 22:24:01,166 [main] INFO  http.HttpServer2 (HttpServer2.java:bindListener(1191)) - Jetty bound to port 33572
2019-10-23 22:24:01,166 [main] INFO  server.Server (Server.java:doStart(351)) - jetty-9.3.25.v20180904, build timestamp: 2018-09-04T21:11:46Z, git hash: 3ce520221d0240229c862b122d2b06c12a625732
2019-10-23 22:24:01,168 [main] INFO  handler.ContextHandler (ContextHandler.java:doStart(781)) - Started o.e.j.s.ServletContextHandler@5b3a7ef5{/logs,file:///workdir/hadoop-ozone/integration-test/target/log,AVAILABLE}
2019-10-23 22:24:01,169 [main] INFO  handler.ContextHandler (ContextHandler.java:doStart(781)) - Started o.e.j.s.ServletContextHandler@2d9dff65{/static,jar:file:/home/user/.m2/repository/org/apache/hadoop/hadoop-hdds-container-service/0.5.0-SNAPSHOT/hadoop-hdds-container-service-0.5.0-SNAPSHOT.jar!/webapps/static,AVAILABLE}
2019-10-23 22:24:01,201 [main] INFO  handler.ContextHandler (ContextHandler.java:doStart(781)) - Started o.e.j.w.WebAppContext@1b1f5012{/,file:///tmp/jetty-0.0.0.0-33572-hddsDatanode-_-any-8440984372076911368.dir/webapp/,AVAILABLE}{/hddsDatanode}
2019-10-23 22:24:01,202 [main] INFO  server.AbstractConnector (AbstractConnector.java:doStart(278)) - Started ServerConnector@7add323c{HTTP/1.1,[http/1.1]}{0.0.0.0:33572}
2019-10-23 22:24:01,202 [main] INFO  server.Server (Server.java:doStart(419)) - Started @5020ms
2019-10-23 22:24:01,202 [main] WARN  impl.MetricsSystemImpl (MetricsSystemImpl.java:register(276)) - Sink prometheus already exists!
2019-10-23 22:24:01,204 [main] INFO  server.BaseHttpServer (BaseHttpServer.java:updateConnectorAddress(215)) - HTTP server of HDDSDATANODE is listening at http://0.0.0.0:33572
2019-10-23 22:24:01,204 [main] INFO  impl.MetricsSystemImpl (MetricsSystemImpl.java:init(158)) - HddsDatanode metrics system started (again)
2019-10-23 22:24:01,207 [main] INFO  ozone.HddsDatanodeService (HddsDatanodeService.java:start(184)) - HddsDatanodeService host:pr-hdds-2240-gjcjf-507280437 ip:192.168.34.28
2019-10-23 22:24:01,207 [org.apache.hadoop.util.JvmPauseMonitor$Monitor@67e350b7] INFO  util.JvmPauseMonitor (JvmPauseMonitor.java:run(188)) - Starting JVM pause monitor
2019-10-23 22:24:01,217 [main] INFO  volume.HddsVolume (HddsVolume.java:<init>(176)) - Creating Volume: /workdir/hadoop-ozone/integration-test/target/test-dir/MiniOzoneClusterImpl-76426a80-56c3-4df6-b76d-a34ccd4b7bd3/datanode-2/data/containers/hdds of  storage type : DISK and capacity : 1482555576320
2019-10-23 22:24:01,218 [main] INFO  volume.VolumeSet (VolumeSet.java:initializeVolumeSet(170)) - Added Volume : /workdir/hadoop-ozone/integration-test/target/test-dir/MiniOzoneClusterImpl-76426a80-56c3-4df6-b76d-a34ccd4b7bd3/datanode-2/data/containers/hdds to VolumeSet
2019-10-23 22:24:01,218 [main] INFO  volume.ThrottledAsyncChecker (ThrottledAsyncChecker.java:schedule(141)) - Scheduling a check for /workdir/hadoop-ozone/integration-test/target/test-dir/MiniOzoneClusterImpl-76426a80-56c3-4df6-b76d-a34ccd4b7bd3/datanode-2/data/containers/hdds
2019-10-23 22:24:01,219 [main] INFO  volume.HddsVolumeChecker (HddsVolumeChecker.java:checkAllVolumes(204)) - Scheduled health check for volume /workdir/hadoop-ozone/integration-test/target/test-dir/MiniOzoneClusterImpl-76426a80-56c3-4df6-b76d-a34ccd4b7bd3/datanode-2/data/containers/hdds
2019-10-23 22:24:01,233 [main] INFO  impl.RaftServerProxy (ConfUtils.java:logGet(43)) - raft.rpc.type = GRPC (default)
2019-10-23 22:24:01,233 [main] INFO  grpc.GrpcFactory (GrpcFactory.java:checkPooledByteBufAllocatorUseCacheForAllThreads(45)) - PERFORMANCE WARNING: useCacheForAllThreads is true that may cause Netty to create a lot garbage objects and, as a result, trigger GC.
	It is recommended to disable useCacheForAllThreads by setting -Dorg.apache.ratis.thirdparty.io.netty.allocator.useCacheForAllThreads=false in command line.
2019-10-23 22:24:01,233 [main] INFO  grpc.GrpcConfigKeys$Server (ConfUtils.java:logGet(43)) - raft.grpc.server.port = 0 (default)
2019-10-23 22:24:01,233 [main] INFO  server.GrpcService (ConfUtils.java:logGet(43)) - raft.grpc.message.size.max = 33570816 (custom)
2019-10-23 22:24:01,234 [main] INFO  server.RaftServerConfigKeys (ConfUtils.java:logGet(43)) - raft.server.log.appender.buffer.byte-limit = 33554432 (custom)
2019-10-23 22:24:01,234 [main] INFO  server.GrpcService (ConfUtils.java:logGet(43)) - raft.grpc.flow.control.window = 1MB (=1048576) (default)
2019-10-23 22:24:01,234 [main] INFO  server.RaftServerConfigKeys (ConfUtils.java:logGet(43)) - raft.server.rpc.request.timeout = 3000ms (default)
2019-10-23 22:24:01,235 [main] INFO  server.RaftServerConfigKeys (ConfUtils.java:logGet(43)) - raft.server.storage.dir = [/workdir/hadoop-ozone/integration-test/target/test-dir/MiniOzoneClusterImpl-76426a80-56c3-4df6-b76d-a34ccd4b7bd3/datanode-2/data/ratis] (custom)
2019-10-23 22:24:01,237 [main] INFO  hdfs.DFSUtil (DFSUtil.java:httpServerTemplateForNNAndJN(1641)) - Starting Web-server for hddsDatanode at: http://0.0.0.0:0
2019-10-23 22:24:01,238 [main] INFO  server.AuthenticationFilter (AuthenticationFilter.java:constructSecretProvider(240)) - Unable to initialize FileSignerSecretProvider, falling back to use random secrets.
2019-10-23 22:24:01,239 [main] WARN  http.HttpRequestLog (HttpRequestLog.java:getRequestLog(97)) - Jetty request log can only be enabled using Log4j
2019-10-23 22:24:01,240 [main] INFO  http.HttpServer2 (HttpServer2.java:addGlobalFilter(975)) - Added global filter 'safety' (class=org.apache.hadoop.http.HttpServer2$QuotingInputFilter)
2019-10-23 22:24:01,242 [main] INFO  http.HttpServer2 (HttpServer2.java:addFilter(948)) - Added filter static_user_filter (class=org.apache.hadoop.http.lib.StaticUserWebFilter$StaticUserFilter) to context hddsDatanode
2019-10-23 22:24:01,242 [main] INFO  http.HttpServer2 (HttpServer2.java:addFilter(958)) - Added filter static_user_filter (class=org.apache.hadoop.http.lib.StaticUserWebFilter$StaticUserFilter) to context logs
2019-10-23 22:24:01,242 [main] INFO  http.HttpServer2 (HttpServer2.java:addFilter(958)) - Added filter static_user_filter (class=org.apache.hadoop.http.lib.StaticUserWebFilter$StaticUserFilter) to context static
2019-10-23 22:24:01,243 [main] INFO  http.HttpServer2 (HttpServer2.java:bindListener(1191)) - Jetty bound to port 33430
2019-10-23 22:24:01,243 [main] INFO  server.Server (Server.java:doStart(351)) - jetty-9.3.25.v20180904, build timestamp: 2018-09-04T21:11:46Z, git hash: 3ce520221d0240229c862b122d2b06c12a625732
2019-10-23 22:24:01,247 [main] INFO  handler.ContextHandler (ContextHandler.java:doStart(781)) - Started o.e.j.s.ServletContextHandler@5fa23c{/logs,file:///workdir/hadoop-ozone/integration-test/target/log,AVAILABLE}
2019-10-23 22:24:01,247 [main] INFO  handler.ContextHandler (ContextHandler.java:doStart(781)) - Started o.e.j.s.ServletContextHandler@433348bc{/static,jar:file:/home/user/.m2/repository/org/apache/hadoop/hadoop-hdds-container-service/0.5.0-SNAPSHOT/hadoop-hdds-container-service-0.5.0-SNAPSHOT.jar!/webapps/static,AVAILABLE}
2019-10-23 22:24:01,249 [Datanode State Machine Thread - 0] INFO  datanode.InitDatanodeState (InitDatanodeState.java:persistContainerDatanodeDetails(140)) - DatanodeDetails is persisted to /workdir/hadoop-ozone/integration-test/target/test-dir/MiniOzoneClusterImpl-76426a80-56c3-4df6-b76d-a34ccd4b7bd3/datanode-0/meta/datanode.id
2019-10-23 22:24:01,253 [Datanode State Machine Thread - 0] INFO  datanode.InitDatanodeState (InitDatanodeState.java:persistContainerDatanodeDetails(140)) - DatanodeDetails is persisted to /workdir/hadoop-ozone/integration-test/target/test-dir/MiniOzoneClusterImpl-76426a80-56c3-4df6-b76d-a34ccd4b7bd3/datanode-1/meta/datanode.id
2019-10-23 22:24:01,278 [main] INFO  handler.ContextHandler (ContextHandler.java:doStart(781)) - Started o.e.j.w.WebAppContext@43e9089{/,file:///tmp/jetty-0.0.0.0-33430-hddsDatanode-_-any-2760222049692174863.dir/webapp/,AVAILABLE}{/hddsDatanode}
2019-10-23 22:24:01,279 [main] INFO  server.AbstractConnector (AbstractConnector.java:doStart(278)) - Started ServerConnector@3c5dbdf8{HTTP/1.1,[http/1.1]}{0.0.0.0:33430}
2019-10-23 22:24:01,279 [main] INFO  server.Server (Server.java:doStart(419)) - Started @5098ms
2019-10-23 22:24:01,279 [main] WARN  impl.MetricsSystemImpl (MetricsSystemImpl.java:register(276)) - Sink prometheus already exists!
2019-10-23 22:24:01,282 [main] INFO  server.BaseHttpServer (BaseHttpServer.java:updateConnectorAddress(215)) - HTTP server of HDDSDATANODE is listening at http://0.0.0.0:33430
2019-10-23 22:24:01,284 [main] INFO  ozone.MiniOzoneClusterImpl (MiniOzoneClusterImpl.java:lambda$waitForClusterToBeReady$0(147)) - Waiting for cluster to be ready. Got 0 of 3 DN Heartbeats.
2019-10-23 22:24:01,285 [org.apache.hadoop.util.JvmPauseMonitor$Monitor@12705cf0] INFO  util.JvmPauseMonitor (JvmPauseMonitor.java:run(188)) - Starting JVM pause monitor
2019-10-23 22:24:01,288 [Datanode State Machine Thread - 0] INFO  datanode.InitDatanodeState (InitDatanodeState.java:persistContainerDatanodeDetails(140)) - DatanodeDetails is persisted to /workdir/hadoop-ozone/integration-test/target/test-dir/MiniOzoneClusterImpl-76426a80-56c3-4df6-b76d-a34ccd4b7bd3/datanode-2/meta/datanode.id
2019-10-23 22:24:02,284 [main] INFO  ozone.MiniOzoneClusterImpl (MiniOzoneClusterImpl.java:lambda$waitForClusterToBeReady$0(147)) - Waiting for cluster to be ready. Got 0 of 3 DN Heartbeats.
2019-10-23 22:24:03,217 [Datanode State Machine Thread - 0] INFO  ozoneimpl.OzoneContainer (OzoneContainer.java:start(213)) - Attempting to start container services.
2019-10-23 22:24:03,217 [Datanode State Machine Thread - 0] INFO  ozoneimpl.OzoneContainer (OzoneContainer.java:start(213)) - Attempting to start container services.
2019-10-23 22:24:03,221 [Datanode State Machine Thread - 0] INFO  ozoneimpl.OzoneContainer (OzoneContainer.java:startContainerScrub(177)) - Background container scanner has been disabled.
2019-10-23 22:24:03,221 [Datanode State Machine Thread - 0] INFO  ozoneimpl.OzoneContainer (OzoneContainer.java:startContainerScrub(177)) - Background container scanner has been disabled.
2019-10-23 22:24:03,221 [Datanode State Machine Thread - 0] INFO  ratis.XceiverServerRatis (XceiverServerRatis.java:start(418)) - Starting XceiverServerRatis 22d85afd-4d4f-492d-93d6-f244982d2d2b at port 0
2019-10-23 22:24:03,221 [Datanode State Machine Thread - 0] INFO  ratis.XceiverServerRatis (XceiverServerRatis.java:start(418)) - Starting XceiverServerRatis 73b959bd-e3af-4247-b02b-6987bacc6720 at port 0
2019-10-23 22:24:03,257 [Datanode State Machine Thread - 0] INFO  impl.RaftServerProxy (RaftServerProxy.java:lambda$start$3(299)) - 73b959bd-e3af-4247-b02b-6987bacc6720: start RPC server
2019-10-23 22:24:03,257 [Datanode State Machine Thread - 0] INFO  impl.RaftServerProxy (RaftServerProxy.java:lambda$start$3(299)) - 22d85afd-4d4f-492d-93d6-f244982d2d2b: start RPC server
2019-10-23 22:24:03,285 [main] INFO  ozone.MiniOzoneClusterImpl (MiniOzoneClusterImpl.java:lambda$waitForClusterToBeReady$0(147)) - Waiting for cluster to be ready. Got 0 of 3 DN Heartbeats.
2019-10-23 22:24:03,303 [Datanode State Machine Thread - 0] INFO  ozoneimpl.OzoneContainer (OzoneContainer.java:start(213)) - Attempting to start container services.
2019-10-23 22:24:03,308 [Datanode State Machine Thread - 0] INFO  ozoneimpl.OzoneContainer (OzoneContainer.java:startContainerScrub(177)) - Background container scanner has been disabled.
2019-10-23 22:24:03,308 [Datanode State Machine Thread - 0] INFO  ratis.XceiverServerRatis (XceiverServerRatis.java:start(418)) - Starting XceiverServerRatis 1e780629-3013-4910-b058-82bfaeb575a6 at port 0
2019-10-23 22:24:03,324 [Datanode State Machine Thread - 0] INFO  impl.RaftServerProxy (RaftServerProxy.java:lambda$start$3(299)) - 1e780629-3013-4910-b058-82bfaeb575a6: start RPC server
2019-10-23 22:24:03,402 [Datanode State Machine Thread - 0] INFO  server.GrpcService (GrpcService.java:startImpl(158)) - 1e780629-3013-4910-b058-82bfaeb575a6: GrpcService started, listening on 0.0.0.0/0.0.0.0:46415
2019-10-23 22:24:03,402 [Datanode State Machine Thread - 0] INFO  server.GrpcService (GrpcService.java:startImpl(158)) - 73b959bd-e3af-4247-b02b-6987bacc6720: GrpcService started, listening on 0.0.0.0/0.0.0.0:45914
2019-10-23 22:24:03,402 [Datanode State Machine Thread - 0] INFO  server.GrpcService (GrpcService.java:startImpl(158)) - 22d85afd-4d4f-492d-93d6-f244982d2d2b: GrpcService started, listening on 0.0.0.0/0.0.0.0:33618
2019-10-23 22:24:03,403 [Datanode State Machine Thread - 0] INFO  ratis.XceiverServerRatis (XceiverServerRatis.java:start(428)) - XceiverServerRatis 73b959bd-e3af-4247-b02b-6987bacc6720 is started using port 45914
2019-10-23 22:24:03,403 [Datanode State Machine Thread - 0] INFO  ratis.XceiverServerRatis (XceiverServerRatis.java:start(428)) - XceiverServerRatis 1e780629-3013-4910-b058-82bfaeb575a6 is started using port 46415
2019-10-23 22:24:03,403 [Datanode State Machine Thread - 0] INFO  ratis.XceiverServerRatis (XceiverServerRatis.java:start(428)) - XceiverServerRatis 22d85afd-4d4f-492d-93d6-f244982d2d2b is started using port 33618
2019-10-23 22:24:03,407 [Datanode State Machine Thread - 0] INFO  server.XceiverServerGrpc (XceiverServerGrpc.java:start(149)) - XceiverServerGrpc 22d85afd-4d4f-492d-93d6-f244982d2d2b is started using port 40297
2019-10-23 22:24:03,407 [Datanode State Machine Thread - 0] INFO  server.XceiverServerGrpc (XceiverServerGrpc.java:start(149)) - XceiverServerGrpc 73b959bd-e3af-4247-b02b-6987bacc6720 is started using port 42541
2019-10-23 22:24:03,407 [Datanode State Machine Thread - 0] INFO  server.XceiverServerGrpc (XceiverServerGrpc.java:start(149)) - XceiverServerGrpc 1e780629-3013-4910-b058-82bfaeb575a6 is started using port 33329
2019-10-23 22:24:04,285 [main] INFO  ozone.MiniOzoneClusterImpl (MiniOzoneClusterImpl.java:lambda$waitForClusterToBeReady$0(147)) - Waiting for cluster to be ready. Got 0 of 3 DN Heartbeats.
2019-10-23 22:24:05,165 [IPC Server handler 0 on 35468] INFO  net.NetworkTopology (NetworkTopologyImpl.java:add(111)) - Added a new node: /default-rack/73b959bd-e3af-4247-b02b-6987bacc6720
2019-10-23 22:24:05,166 [IPC Server handler 0 on 35468] INFO  node.SCMNodeManager (SCMNodeManager.java:register(268)) - Registered Data node : 73b959bd-e3af-4247-b02b-6987bacc6720{ip: 192.168.34.28, host: pr-hdds-2240-gjcjf-507280437, networkLocation: /default-rack, certSerialId: null}
2019-10-23 22:24:05,169 [EventQueue-NodeRegistrationContainerReportForDataNodeSafeModeRule] INFO  safemode.SCMSafeModeManager (DataNodeSafeModeRule.java:process(71)) - SCM in safe mode. 1 DataNodes registered, 1 required.
2019-10-23 22:24:05,170 [EventQueue-NodeRegistrationContainerReportForDataNodeSafeModeRule] INFO  safemode.SCMSafeModeManager (SCMSafeModeManager.java:validateSafeModeExitRules(177)) - ScmSafeModeManager, all rules are successfully validated
2019-10-23 22:24:05,170 [EventQueue-NodeRegistrationContainerReportForDataNodeSafeModeRule] INFO  safemode.SCMSafeModeManager (SCMSafeModeManager.java:exitSafeMode(193)) - SCM exiting safe mode.
2019-10-23 22:24:05,211 [IPC Server handler 1 on 35468] INFO  net.NetworkTopology (NetworkTopologyImpl.java:add(111)) - Added a new node: /default-rack/22d85afd-4d4f-492d-93d6-f244982d2d2b
2019-10-23 22:24:05,212 [IPC Server handler 1 on 35468] INFO  node.SCMNodeManager (SCMNodeManager.java:register(268)) - Registered Data node : 22d85afd-4d4f-492d-93d6-f244982d2d2b{ip: 192.168.34.28, host: pr-hdds-2240-gjcjf-507280437, networkLocation: /default-rack, certSerialId: null}
2019-10-23 22:24:05,286 [main] INFO  ozone.MiniOzoneClusterImpl (MiniOzoneClusterImpl.java:lambda$waitForClusterToBeReady$0(147)) - Waiting for cluster to be ready. Got 2 of 3 DN Heartbeats.
2019-10-23 22:24:05,288 [IPC Server handler 2 on 35468] INFO  net.NetworkTopology (NetworkTopologyImpl.java:add(111)) - Added a new node: /default-rack/1e780629-3013-4910-b058-82bfaeb575a6
2019-10-23 22:24:05,289 [IPC Server handler 2 on 35468] INFO  node.SCMNodeManager (SCMNodeManager.java:register(268)) - Registered Data node : 1e780629-3013-4910-b058-82bfaeb575a6{ip: 192.168.34.28, host: pr-hdds-2240-gjcjf-507280437, networkLocation: /default-rack, certSerialId: null}
2019-10-23 22:24:05,700 [grpc-default-executor-0] INFO  impl.RaftServerProxy (RaftServerProxy.java:addNew(89)) - 73b959bd-e3af-4247-b02b-6987bacc6720: addNew group-4F3E0DC42DB5:[73b959bd-e3af-4247-b02b-6987bacc6720:192.168.34.28:45914] returns group-4F3E0DC42DB5:java.util.concurrent.CompletableFuture@513692e8[Not completed]
2019-10-23 22:24:05,720 [pool-27-thread-1] INFO  impl.RaftServerImpl (RaftServerImpl.java:<init>(104)) - 73b959bd-e3af-4247-b02b-6987bacc6720: new RaftServerImpl for group-4F3E0DC42DB5:[73b959bd-e3af-4247-b02b-6987bacc6720:192.168.34.28:45914] with ContainerStateMachine:uninitialized
2019-10-23 22:24:05,724 [pool-27-thread-1] INFO  server.RaftServerConfigKeys (ConfUtils.java:logGet(43)) - raft.server.rpc.timeout.min = 5s (custom)
2019-10-23 22:24:05,725 [pool-27-thread-1] INFO  server.RaftServerConfigKeys (ConfUtils.java:logGet(43)) - raft.server.rpc.timeout.max = 5200ms (custom)
2019-10-23 22:24:05,725 [pool-27-thread-1] INFO  server.RaftServerConfigKeys (ConfUtils.java:logGet(43)) - raft.server.rpcslowness.timeout = 1000s (custom)
2019-10-23 22:24:05,726 [pool-27-thread-1] INFO  server.RaftServerConfigKeys (ConfUtils.java:logGet(43)) - raft.server.sleep.deviation.threshold = 300 (default)
2019-10-23 22:24:05,727 [pool-27-thread-1] INFO  server.RaftServerConfigKeys (ConfUtils.java:logGet(43)) - raft.server.log.appender.install.snapshot.enabled = false (custom)
2019-10-23 22:24:05,737 [pool-27-thread-1] INFO  impl.RaftServerImpl (ServerState.java:<init>(103)) - 73b959bd-e3af-4247-b02b-6987bacc6720@group-4F3E0DC42DB5: ConfigurationManager, init=-1: [73b959bd-e3af-4247-b02b-6987bacc6720:192.168.34.28:45914], old=null, confs=<EMPTY_MAP>
2019-10-23 22:24:05,738 [pool-27-thread-1] INFO  server.RaftServerConfigKeys (ConfUtils.java:logGet(43)) - raft.server.storage.dir = [/workdir/hadoop-ozone/integration-test/target/test-dir/MiniOzoneClusterImpl-76426a80-56c3-4df6-b76d-a34ccd4b7bd3/datanode-0/data/ratis] (custom)
2019-10-23 22:24:05,747 [pool-27-thread-1] INFO  server.RaftServerConfigKeys (ConfUtils.java:logGet(43)) - raft.server.log.corruption.policy = EXCEPTION (default)
2019-10-23 22:24:05,749 [pool-27-thread-1] INFO  storage.RaftStorageDirectory (RaftStorageDirectory.java:analyzeStorage(246)) - The storage directory /workdir/hadoop-ozone/integration-test/target/test-dir/MiniOzoneClusterImpl-76426a80-56c3-4df6-b76d-a34ccd4b7bd3/datanode-0/data/ratis/d2b477cf-7366-4706-8a8a-4f3e0dc42db5 does not exist. Creating ...
2019-10-23 22:24:05,767 [pool-27-thread-1] INFO  storage.RaftStorageDirectory (RaftStorageDirectory.java:tryLock(328)) - Lock on /workdir/hadoop-ozone/integration-test/target/test-dir/MiniOzoneClusterImpl-76426a80-56c3-4df6-b76d-a34ccd4b7bd3/datanode-0/data/ratis/d2b477cf-7366-4706-8a8a-4f3e0dc42db5/in_use.lock acquired by nodename 13088@pr-hdds-2240-gjcjf-507280437
2019-10-23 22:24:05,784 [pool-27-thread-1] INFO  storage.RaftStorage (RaftStorage.java:format(84)) - Storage directory /workdir/hadoop-ozone/integration-test/target/test-dir/MiniOzoneClusterImpl-76426a80-56c3-4df6-b76d-a34ccd4b7bd3/datanode-0/data/ratis/d2b477cf-7366-4706-8a8a-4f3e0dc42db5 has been successfully formatted.
2019-10-23 22:24:05,786 [pool-27-thread-1] INFO  ratis.ContainerStateMachine (ContainerStateMachine.java:loadSnapshot(231)) - group-4F3E0DC42DB5: The snapshot info is null. Setting the last applied indexto:(t:0, i:~)
2019-10-23 22:24:05,787 [pool-27-thread-1] INFO  server.RaftServerConfigKeys (ConfUtils.java:logGet(43)) - raft.server.notification.no-leader.timeout = 1000s (custom)
2019-10-23 22:24:05,789 [pool-27-thread-1] INFO  server.RaftServerConfigKeys (ConfUtils.java:logGet(43)) - raft.server.log.use.memory = false (default)
2019-10-23 22:24:05,796 [pool-27-thread-1] INFO  server.RaftServerConfigKeys (ConfUtils.java:logGet(43)) - raft.server.log.purge.gap = 1000000 (custom)
2019-10-23 22:24:05,796 [pool-27-thread-1] INFO  server.RaftServerConfigKeys (ConfUtils.java:logGet(43)) - raft.server.log.appender.buffer.byte-limit = 33554432 (custom)
2019-10-23 22:24:05,799 [pool-27-thread-1] INFO  server.RaftServerConfigKeys (ConfUtils.java:logGet(43)) - raft.server.log.segment.size.max = 1048576 (custom)
2019-10-23 22:24:05,801 [pool-27-thread-1] INFO  impl.MetricsSystemImpl (MetricsSystemImpl.java:init(158)) - ratis metrics system started (again)
2019-10-23 22:24:05,806 [pool-27-thread-1] INFO  metrics.MetricRegistries (MetricRegistriesLoader.java:load(64)) - Loaded MetricRegistries class org.apache.ratis.metrics.impl.MetricRegistriesImpl
2019-10-23 22:24:05,845 [pool-27-thread-1] INFO  server.RaftServerConfigKeys (ConfUtils.java:logGet(43)) - raft.server.log.segment.cache.num.max = 2 (custom)
2019-10-23 22:24:05,851 [pool-27-thread-1] INFO  segmented.SegmentedRaftLogWorker (SegmentedRaftLogWorker.java:<init>(173)) - new 73b959bd-e3af-4247-b02b-6987bacc6720@group-4F3E0DC42DB5-SegmentedRaftLogWorker for RaftStorage:Storage Directory /workdir/hadoop-ozone/integration-test/target/test-dir/MiniOzoneClusterImpl-76426a80-56c3-4df6-b76d-a34ccd4b7bd3/datanode-0/data/ratis/d2b477cf-7366-4706-8a8a-4f3e0dc42db5
2019-10-23 22:24:05,851 [pool-27-thread-1] INFO  server.RaftServerConfigKeys (ConfUtils.java:logGet(43)) - raft.server.log.queue.byte-limit = 2147483647 (custom)
2019-10-23 22:24:05,852 [pool-27-thread-1] INFO  server.RaftServerConfigKeys (ConfUtils.java:logGet(43)) - raft.server.log.queue.element-limit = 1024 (custom)
2019-10-23 22:24:05,853 [pool-27-thread-1] INFO  server.RaftServerConfigKeys (ConfUtils.java:logGet(43)) - raft.server.log.segment.size.max = 1048576 (custom)
2019-10-23 22:24:05,853 [pool-27-thread-1] INFO  server.RaftServerConfigKeys (ConfUtils.java:logGet(43)) - raft.server.log.preallocated.size = 16384 (custom)
2019-10-23 22:24:05,854 [pool-27-thread-1] INFO  server.RaftServerConfigKeys (ConfUtils.java:logGet(43)) - raft.server.log.write.buffer.size = 33554432 (custom)
2019-10-23 22:24:05,854 [pool-27-thread-1] INFO  server.RaftServerConfigKeys (ConfUtils.java:logGet(43)) - raft.server.log.force.sync.num = 128 (default)
2019-10-23 22:24:05,855 [pool-27-thread-1] INFO  server.RaftServerConfigKeys (ConfUtils.java:logGet(43)) - raft.server.log.statemachine.data.sync = true (default)
2019-10-23 22:24:05,855 [pool-27-thread-1] INFO  server.RaftServerConfigKeys (ConfUtils.java:logGet(43)) - raft.server.log.statemachine.data.sync.timeout = 10s (default)
2019-10-23 22:24:05,856 [pool-27-thread-1] INFO  server.RaftServerConfigKeys (ConfUtils.java:logGet(43)) - raft.server.log.statemachine.data.sync.timeout.retry = -1 (default)
2019-10-23 22:24:05,866 [pool-27-thread-1] INFO  server.RaftServerConfigKeys (ConfUtils.java:logGet(43)) - raft.server.log.statemachine.data.caching.enabled = true (custom)
2019-10-23 22:24:05,871 [pool-27-thread-1] INFO  segmented.SegmentedRaftLogWorker (SegmentedRaftLogWorker.java:lambda$new$0(128)) - 73b959bd-e3af-4247-b02b-6987bacc6720@group-4F3E0DC42DB5-SegmentedRaftLogWorker: flushIndex: setUnconditionally 0 -> -1
2019-10-23 22:24:05,875 [pool-27-thread-1] INFO  server.RaftServerConfigKeys (ConfUtils.java:logGet(43)) - raft.server.snapshot.auto.trigger.enabled = true (custom)
2019-10-23 22:24:05,875 [pool-27-thread-1] INFO  server.RaftServerConfigKeys (ConfUtils.java:logGet(43)) - raft.server.snapshot.auto.trigger.threshold = 10000 (custom)
2019-10-23 22:24:05,876 [pool-27-thread-1] INFO  server.RaftServerConfigKeys (ConfUtils.java:logGet(43)) - raft.server.snapshot.retention.file.num = 5 (custom)
2019-10-23 22:24:05,876 [pool-27-thread-1] INFO  server.RaftServerConfigKeys (ConfUtils.java:logGet(43)) - raft.server.retrycache.expirytime = 600000ms (custom)
2019-10-23 22:24:05,904 [pool-27-thread-1] INFO  impl.RaftServerImpl (RaftServerImpl.java:start(195)) - 73b959bd-e3af-4247-b02b-6987bacc6720@group-4F3E0DC42DB5: start as a follower, conf=-1: [73b959bd-e3af-4247-b02b-6987bacc6720:192.168.34.28:45914], old=null
2019-10-23 22:24:05,905 [pool-27-thread-1] INFO  impl.RaftServerImpl (RaftServerImpl.java:setRole(184)) - 73b959bd-e3af-4247-b02b-6987bacc6720@group-4F3E0DC42DB5: changes role from      null to FOLLOWER at term 0 for startAsFollower
2019-10-23 22:24:05,906 [pool-27-thread-1] INFO  impl.RoleInfo (RoleInfo.java:updateAndGet(143)) - 73b959bd-e3af-4247-b02b-6987bacc6720: start FollowerState
2019-10-23 22:24:05,908 [pool-27-thread-1] INFO  util.JmxRegister (JmxRegister.java:tryRegister(44)) - Successfully registered JMX Bean with object name Ratis:service=RaftServer,group=group-4F3E0DC42DB5,id=73b959bd-e3af-4247-b02b-6987bacc6720
2019-10-23 22:24:05,979 [RatisPipelineUtilsThread] INFO  pipeline.PipelineStateManager (PipelineStateManager.java:addPipeline(56)) - Created pipeline Pipeline[ Id: d2b477cf-7366-4706-8a8a-4f3e0dc42db5, Nodes: 73b959bd-e3af-4247-b02b-6987bacc6720{ip: 192.168.34.28, host: pr-hdds-2240-gjcjf-507280437, networkLocation: /default-rack, certSerialId: null}, Type:RATIS, Factor:ONE, State:OPEN]
2019-10-23 22:24:05,999 [grpc-default-executor-0] INFO  impl.RaftServerProxy (RaftServerProxy.java:addNew(89)) - 22d85afd-4d4f-492d-93d6-f244982d2d2b: addNew group-75B86CE509CA:[22d85afd-4d4f-492d-93d6-f244982d2d2b:192.168.34.28:33618] returns group-75B86CE509CA:java.util.concurrent.CompletableFuture@1922ea76[Not completed]
2019-10-23 22:24:06,026 [pool-37-thread-1] INFO  impl.RaftServerImpl (RaftServerImpl.java:<init>(104)) - 22d85afd-4d4f-492d-93d6-f244982d2d2b: new RaftServerImpl for group-75B86CE509CA:[22d85afd-4d4f-492d-93d6-f244982d2d2b:192.168.34.28:33618] with ContainerStateMachine:uninitialized
2019-10-23 22:24:06,028 [pool-37-thread-1] INFO  server.RaftServerConfigKeys (ConfUtils.java:logGet(43)) - raft.server.rpc.timeout.min = 5s (custom)
2019-10-23 22:24:06,028 [pool-37-thread-1] INFO  server.RaftServerConfigKeys (ConfUtils.java:logGet(43)) - raft.server.rpc.timeout.max = 5200ms (custom)
2019-10-23 22:24:06,028 [pool-37-thread-1] INFO  server.RaftServerConfigKeys (ConfUtils.java:logGet(43)) - raft.server.rpcslowness.timeout = 1000s (custom)
2019-10-23 22:24:06,028 [pool-37-thread-1] INFO  server.RaftServerConfigKeys (ConfUtils.java:logGet(43)) - raft.server.sleep.deviation.threshold = 300 (default)
2019-10-23 22:24:06,029 [pool-37-thread-1] INFO  server.RaftServerConfigKeys (ConfUtils.java:logGet(43)) - raft.server.log.appender.install.snapshot.enabled = false (custom)
2019-10-23 22:24:06,029 [pool-37-thread-1] INFO  impl.RaftServerImpl (ServerState.java:<init>(103)) - 22d85afd-4d4f-492d-93d6-f244982d2d2b@group-75B86CE509CA: ConfigurationManager, init=-1: [22d85afd-4d4f-492d-93d6-f244982d2d2b:192.168.34.28:33618], old=null, confs=<EMPTY_MAP>
2019-10-23 22:24:06,029 [pool-37-thread-1] INFO  server.RaftServerConfigKeys (ConfUtils.java:logGet(43)) - raft.server.storage.dir = [/workdir/hadoop-ozone/integration-test/target/test-dir/MiniOzoneClusterImpl-76426a80-56c3-4df6-b76d-a34ccd4b7bd3/datanode-1/data/ratis] (custom)
2019-10-23 22:24:06,030 [pool-37-thread-1] INFO  server.RaftServerConfigKeys (ConfUtils.java:logGet(43)) - raft.server.log.corruption.policy = EXCEPTION (default)
2019-10-23 22:24:06,030 [pool-37-thread-1] INFO  storage.RaftStorageDirectory (RaftStorageDirectory.java:analyzeStorage(246)) - The storage directory /workdir/hadoop-ozone/integration-test/target/test-dir/MiniOzoneClusterImpl-76426a80-56c3-4df6-b76d-a34ccd4b7bd3/datanode-1/data/ratis/3db26d10-c83b-4c98-ba6b-75b86ce509ca does not exist. Creating ...
2019-10-23 22:24:06,044 [pool-37-thread-1] INFO  storage.RaftStorageDirectory (RaftStorageDirectory.java:tryLock(328)) - Lock on /workdir/hadoop-ozone/integration-test/target/test-dir/MiniOzoneClusterImpl-76426a80-56c3-4df6-b76d-a34ccd4b7bd3/datanode-1/data/ratis/3db26d10-c83b-4c98-ba6b-75b86ce509ca/in_use.lock acquired by nodename 13088@pr-hdds-2240-gjcjf-507280437
2019-10-23 22:24:06,064 [pool-37-thread-1] INFO  storage.RaftStorage (RaftStorage.java:format(84)) - Storage directory /workdir/hadoop-ozone/integration-test/target/test-dir/MiniOzoneClusterImpl-76426a80-56c3-4df6-b76d-a34ccd4b7bd3/datanode-1/data/ratis/3db26d10-c83b-4c98-ba6b-75b86ce509ca has been successfully formatted.
2019-10-23 22:24:06,065 [pool-37-thread-1] INFO  ratis.ContainerStateMachine (ContainerStateMachine.java:loadSnapshot(231)) - group-75B86CE509CA: The snapshot info is null. Setting the last applied indexto:(t:0, i:~)
2019-10-23 22:24:06,066 [pool-37-thread-1] INFO  server.RaftServerConfigKeys (ConfUtils.java:logGet(43)) - raft.server.notification.no-leader.timeout = 1000s (custom)
2019-10-23 22:24:06,066 [pool-37-thread-1] INFO  server.RaftServerConfigKeys (ConfUtils.java:logGet(43)) - raft.server.log.use.memory = false (default)
2019-10-23 22:24:06,066 [pool-37-thread-1] INFO  server.RaftServerConfigKeys (ConfUtils.java:logGet(43)) - raft.server.log.purge.gap = 1000000 (custom)
2019-10-23 22:24:06,067 [pool-37-thread-1] INFO  server.RaftServerConfigKeys (ConfUtils.java:logGet(43)) - raft.server.log.appender.buffer.byte-limit = 33554432 (custom)
2019-10-23 22:24:06,067 [pool-37-thread-1] INFO  server.RaftServerConfigKeys (ConfUtils.java:logGet(43)) - raft.server.log.segment.size.max = 1048576 (custom)
2019-10-23 22:24:06,072 [pool-37-thread-1] INFO  server.RaftServerConfigKeys (ConfUtils.java:logGet(43)) - raft.server.log.segment.cache.num.max = 2 (custom)
2019-10-23 22:24:06,072 [pool-37-thread-1] INFO  segmented.SegmentedRaftLogWorker (SegmentedRaftLogWorker.java:<init>(173)) - new 22d85afd-4d4f-492d-93d6-f244982d2d2b@group-75B86CE509CA-SegmentedRaftLogWorker for RaftStorage:Storage Directory /workdir/hadoop-ozone/integration-test/target/test-dir/MiniOzoneClusterImpl-76426a80-56c3-4df6-b76d-a34ccd4b7bd3/datanode-1/data/ratis/3db26d10-c83b-4c98-ba6b-75b86ce509ca
2019-10-23 22:24:06,073 [pool-37-thread-1] INFO  server.RaftServerConfigKeys (ConfUtils.java:logGet(43)) - raft.server.log.queue.byte-limit = 2147483647 (custom)
2019-10-23 22:24:06,073 [pool-37-thread-1] INFO  server.RaftServerConfigKeys (ConfUtils.java:logGet(43)) - raft.server.log.queue.element-limit = 1024 (custom)
2019-10-23 22:24:06,073 [pool-37-thread-1] INFO  server.RaftServerConfigKeys (ConfUtils.java:logGet(43)) - raft.server.log.segment.size.max = 1048576 (custom)
2019-10-23 22:24:06,074 [pool-37-thread-1] INFO  server.RaftServerConfigKeys (ConfUtils.java:logGet(43)) - raft.server.log.preallocated.size = 16384 (custom)
2019-10-23 22:24:06,074 [pool-37-thread-1] INFO  server.RaftServerConfigKeys (ConfUtils.java:logGet(43)) - raft.server.log.write.buffer.size = 33554432 (custom)
2019-10-23 22:24:06,074 [pool-37-thread-1] INFO  server.RaftServerConfigKeys (ConfUtils.java:logGet(43)) - raft.server.log.force.sync.num = 128 (default)
2019-10-23 22:24:06,074 [pool-37-thread-1] INFO  server.RaftServerConfigKeys (ConfUtils.java:logGet(43)) - raft.server.log.statemachine.data.sync = true (default)
2019-10-23 22:24:06,074 [pool-37-thread-1] INFO  server.RaftServerConfigKeys (ConfUtils.java:logGet(43)) - raft.server.log.statemachine.data.sync.timeout = 10s (default)
2019-10-23 22:24:06,074 [pool-37-thread-1] INFO  server.RaftServerConfigKeys (ConfUtils.java:logGet(43)) - raft.server.log.statemachine.data.sync.timeout.retry = -1 (default)
2019-10-23 22:24:06,075 [pool-37-thread-1] INFO  server.RaftServerConfigKeys (ConfUtils.java:logGet(43)) - raft.server.log.statemachine.data.caching.enabled = true (custom)
2019-10-23 22:24:06,076 [pool-37-thread-1] INFO  segmented.SegmentedRaftLogWorker (SegmentedRaftLogWorker.java:lambda$new$0(128)) - 22d85afd-4d4f-492d-93d6-f244982d2d2b@group-75B86CE509CA-SegmentedRaftLogWorker: flushIndex: setUnconditionally 0 -> -1
2019-10-23 22:24:06,076 [pool-37-thread-1] INFO  server.RaftServerConfigKeys (ConfUtils.java:logGet(43)) - raft.server.snapshot.auto.trigger.enabled = true (custom)
2019-10-23 22:24:06,076 [pool-37-thread-1] INFO  server.RaftServerConfigKeys (ConfUtils.java:logGet(43)) - raft.server.snapshot.auto.trigger.threshold = 10000 (custom)
2019-10-23 22:24:06,077 [pool-37-thread-1] INFO  server.RaftServerConfigKeys (ConfUtils.java:logGet(43)) - raft.server.snapshot.retention.file.num = 5 (custom)
2019-10-23 22:24:06,077 [pool-37-thread-1] INFO  server.RaftServerConfigKeys (ConfUtils.java:logGet(43)) - raft.server.retrycache.expirytime = 600000ms (custom)
2019-10-23 22:24:06,086 [pool-37-thread-1] INFO  impl.RaftServerImpl (RaftServerImpl.java:start(195)) - 22d85afd-4d4f-492d-93d6-f244982d2d2b@group-75B86CE509CA: start as a follower, conf=-1: [22d85afd-4d4f-492d-93d6-f244982d2d2b:192.168.34.28:33618], old=null
2019-10-23 22:24:06,086 [pool-37-thread-1] INFO  impl.RaftServerImpl (RaftServerImpl.java:setRole(184)) - 22d85afd-4d4f-492d-93d6-f244982d2d2b@group-75B86CE509CA: changes role from      null to FOLLOWER at term 0 for startAsFollower
2019-10-23 22:24:06,086 [pool-37-thread-1] INFO  impl.RoleInfo (RoleInfo.java:updateAndGet(143)) - 22d85afd-4d4f-492d-93d6-f244982d2d2b: start FollowerState
2019-10-23 22:24:06,088 [pool-37-thread-1] INFO  util.JmxRegister (JmxRegister.java:tryRegister(44)) - Successfully registered JMX Bean with object name Ratis:service=RaftServer,group=group-75B86CE509CA,id=22d85afd-4d4f-492d-93d6-f244982d2d2b
2019-10-23 22:24:06,099 [Thread-189] INFO  impl.FollowerState (FollowerState.java:run(108)) - 22d85afd-4d4f-492d-93d6-f244982d2d2b@group-75B86CE509CA-FollowerState: change to CANDIDATE, lastRpcTime:12ms, electionTimeout:11ms
2019-10-23 22:24:06,103 [Thread-186] INFO  impl.FollowerState (FollowerState.java:run(108)) - 73b959bd-e3af-4247-b02b-6987bacc6720@group-4F3E0DC42DB5-FollowerState: change to CANDIDATE, lastRpcTime:197ms, electionTimeout:196ms
2019-10-23 22:24:06,104 [Thread-189] INFO  impl.RoleInfo (RoleInfo.java:shutdownFollowerState(121)) - 22d85afd-4d4f-492d-93d6-f244982d2d2b: shutdown FollowerState
2019-10-23 22:24:06,105 [Thread-189] INFO  impl.RaftServerImpl (RaftServerImpl.java:setRole(184)) - 22d85afd-4d4f-492d-93d6-f244982d2d2b@group-75B86CE509CA: changes role from  FOLLOWER to CANDIDATE at term 0 for changeToCandidate
2019-10-23 22:24:06,105 [Thread-186] INFO  impl.RoleInfo (RoleInfo.java:shutdownFollowerState(121)) - 73b959bd-e3af-4247-b02b-6987bacc6720: shutdown FollowerState
2019-10-23 22:24:06,105 [Thread-186] INFO  impl.RaftServerImpl (RaftServerImpl.java:setRole(184)) - 73b959bd-e3af-4247-b02b-6987bacc6720@group-4F3E0DC42DB5: changes role from  FOLLOWER to CANDIDATE at term 0 for changeToCandidate
2019-10-23 22:24:06,108 [RatisPipelineUtilsThread] INFO  pipeline.PipelineStateManager (PipelineStateManager.java:addPipeline(56)) - Created pipeline Pipeline[ Id: 3db26d10-c83b-4c98-ba6b-75b86ce509ca, Nodes: 22d85afd-4d4f-492d-93d6-f244982d2d2b{ip: 192.168.34.28, host: pr-hdds-2240-gjcjf-507280437, networkLocation: /default-rack, certSerialId: null}, Type:RATIS, Factor:ONE, State:OPEN]
2019-10-23 22:24:06,110 [Thread-189] INFO  impl.RoleInfo (RoleInfo.java:updateAndGet(143)) - 22d85afd-4d4f-492d-93d6-f244982d2d2b: start LeaderElection
2019-10-23 22:24:06,110 [Thread-186] INFO  impl.RoleInfo (RoleInfo.java:updateAndGet(143)) - 73b959bd-e3af-4247-b02b-6987bacc6720: start LeaderElection
2019-10-23 22:24:06,130 [73b959bd-e3af-4247-b02b-6987bacc6720@group-4F3E0DC42DB5-LeaderElection2] INFO  impl.LeaderElection (LeaderElection.java:askForVotes(178)) - 73b959bd-e3af-4247-b02b-6987bacc6720@group-4F3E0DC42DB5-LeaderElection2: begin an election at term 1 for -1: [73b959bd-e3af-4247-b02b-6987bacc6720:192.168.34.28:45914], old=null
2019-10-23 22:24:06,130 [22d85afd-4d4f-492d-93d6-f244982d2d2b@group-75B86CE509CA-LeaderElection1] INFO  impl.LeaderElection (LeaderElection.java:askForVotes(178)) - 22d85afd-4d4f-492d-93d6-f244982d2d2b@group-75B86CE509CA-LeaderElection1: begin an election at term 1 for -1: [22d85afd-4d4f-492d-93d6-f244982d2d2b:192.168.34.28:33618], old=null
2019-10-23 22:24:06,133 [22d85afd-4d4f-492d-93d6-f244982d2d2b@group-75B86CE509CA-LeaderElection1] INFO  impl.RoleInfo (RoleInfo.java:shutdownLeaderElection(134)) - 22d85afd-4d4f-492d-93d6-f244982d2d2b: shutdown LeaderElection
2019-10-23 22:24:06,133 [73b959bd-e3af-4247-b02b-6987bacc6720@group-4F3E0DC42DB5-LeaderElection2] INFO  impl.RoleInfo (RoleInfo.java:shutdownLeaderElection(134)) - 73b959bd-e3af-4247-b02b-6987bacc6720: shutdown LeaderElection
2019-10-23 22:24:06,134 [grpc-default-executor-0] INFO  impl.RaftServerProxy (RaftServerProxy.java:addNew(89)) - 1e780629-3013-4910-b058-82bfaeb575a6: addNew group-04B5A2F9E312:[1e780629-3013-4910-b058-82bfaeb575a6:192.168.34.28:46415] returns group-04B5A2F9E312:java.util.concurrent.CompletableFuture@4808d1d9[Not completed]
2019-10-23 22:24:06,135 [22d85afd-4d4f-492d-93d6-f244982d2d2b@group-75B86CE509CA-LeaderElection1] INFO  impl.RaftServerImpl (RaftServerImpl.java:setRole(184)) - 22d85afd-4d4f-492d-93d6-f244982d2d2b@group-75B86CE509CA: changes role from CANDIDATE to LEADER at term 1 for changeToLeader
2019-10-23 22:24:06,135 [73b959bd-e3af-4247-b02b-6987bacc6720@group-4F3E0DC42DB5-LeaderElection2] INFO  impl.RaftServerImpl (RaftServerImpl.java:setRole(184)) - 73b959bd-e3af-4247-b02b-6987bacc6720@group-4F3E0DC42DB5: changes role from CANDIDATE to LEADER at term 1 for changeToLeader
2019-10-23 22:24:06,135 [22d85afd-4d4f-492d-93d6-f244982d2d2b@group-75B86CE509CA-LeaderElection1] INFO  impl.RaftServerImpl (ServerState.java:setLeader(256)) - 22d85afd-4d4f-492d-93d6-f244982d2d2b@group-75B86CE509CA: change Leader from null to 22d85afd-4d4f-492d-93d6-f244982d2d2b at term 1 for becomeLeader, leader elected after 68ms
2019-10-23 22:24:06,135 [73b959bd-e3af-4247-b02b-6987bacc6720@group-4F3E0DC42DB5-LeaderElection2] INFO  impl.RaftServerImpl (ServerState.java:setLeader(256)) - 73b959bd-e3af-4247-b02b-6987bacc6720@group-4F3E0DC42DB5: change Leader from null to 73b959bd-e3af-4247-b02b-6987bacc6720 at term 1 for becomeLeader, leader elected after 348ms
2019-10-23 22:24:06,154 [pool-47-thread-1] INFO  impl.RaftServerImpl (RaftServerImpl.java:<init>(104)) - 1e780629-3013-4910-b058-82bfaeb575a6: new RaftServerImpl for group-04B5A2F9E312:[1e780629-3013-4910-b058-82bfaeb575a6:192.168.34.28:46415] with ContainerStateMachine:uninitialized
2019-10-23 22:24:06,155 [pool-47-thread-1] INFO  server.RaftServerConfigKeys (ConfUtils.java:logGet(43)) - raft.server.rpc.timeout.min = 5s (custom)
2019-10-23 22:24:06,155 [pool-47-thread-1] INFO  server.RaftServerConfigKeys (ConfUtils.java:logGet(43)) - raft.server.rpc.timeout.max = 5200ms (custom)
2019-10-23 22:24:06,155 [pool-47-thread-1] INFO  server.RaftServerConfigKeys (ConfUtils.java:logGet(43)) - raft.server.rpcslowness.timeout = 1000s (custom)
2019-10-23 22:24:06,155 [pool-47-thread-1] INFO  server.RaftServerConfigKeys (ConfUtils.java:logGet(43)) - raft.server.sleep.deviation.threshold = 300 (default)
2019-10-23 22:24:06,155 [pool-47-thread-1] INFO  server.RaftServerConfigKeys (ConfUtils.java:logGet(43)) - raft.server.log.appender.install.snapshot.enabled = false (custom)
2019-10-23 22:24:06,156 [pool-47-thread-1] INFO  impl.RaftServerImpl (ServerState.java:<init>(103)) - 1e780629-3013-4910-b058-82bfaeb575a6@group-04B5A2F9E312: ConfigurationManager, init=-1: [1e780629-3013-4910-b058-82bfaeb575a6:192.168.34.28:46415], old=null, confs=<EMPTY_MAP>
2019-10-23 22:24:06,156 [pool-47-thread-1] INFO  server.RaftServerConfigKeys (ConfUtils.java:logGet(43)) - raft.server.storage.dir = [/workdir/hadoop-ozone/integration-test/target/test-dir/MiniOzoneClusterImpl-76426a80-56c3-4df6-b76d-a34ccd4b7bd3/datanode-2/data/ratis] (custom)
2019-10-23 22:24:06,156 [22d85afd-4d4f-492d-93d6-f244982d2d2b@group-75B86CE509CA-LeaderElection1] INFO  server.RaftServerConfigKeys (ConfUtils.java:logGet(43)) - raft.server.staging.catchup.gap = 1000 (default)
2019-10-23 22:24:06,156 [73b959bd-e3af-4247-b02b-6987bacc6720@group-4F3E0DC42DB5-LeaderElection2] INFO  server.RaftServerConfigKeys (ConfUtils.java:logGet(43)) - raft.server.staging.catchup.gap = 1000 (default)
2019-10-23 22:24:06,156 [22d85afd-4d4f-492d-93d6-f244982d2d2b@group-75B86CE509CA-LeaderElection1] INFO  server.RaftServerConfigKeys (ConfUtils.java:logGet(43)) - raft.server.rpc.sleep.time = 25ms (default)
2019-10-23 22:24:06,156 [pool-47-thread-1] INFO  server.RaftServerConfigKeys (ConfUtils.java:logGet(43)) - raft.server.log.corruption.policy = EXCEPTION (default)
2019-10-23 22:24:06,156 [73b959bd-e3af-4247-b02b-6987bacc6720@group-4F3E0DC42DB5-LeaderElection2] INFO  server.RaftServerConfigKeys (ConfUtils.java:logGet(43)) - raft.server.rpc.sleep.time = 25ms (default)
2019-10-23 22:24:06,157 [pool-47-thread-1] INFO  storage.RaftStorageDirectory (RaftStorageDirectory.java:analyzeStorage(246)) - The storage directory /workdir/hadoop-ozone/integration-test/target/test-dir/MiniOzoneClusterImpl-76426a80-56c3-4df6-b76d-a34ccd4b7bd3/datanode-2/data/ratis/b22caa93-6dac-481e-abc8-04b5a2f9e312 does not exist. Creating ...
2019-10-23 22:24:06,161 [22d85afd-4d4f-492d-93d6-f244982d2d2b@group-75B86CE509CA-LeaderElection1] INFO  server.RaftServerConfigKeys (ConfUtils.java:logGet(43)) - raft.server.write.element-limit = 4096 (default)
2019-10-23 22:24:06,161 [73b959bd-e3af-4247-b02b-6987bacc6720@group-4F3E0DC42DB5-LeaderElection2] INFO  server.RaftServerConfigKeys (ConfUtils.java:logGet(43)) - raft.server.write.element-limit = 4096 (default)
2019-10-23 22:24:06,164 [22d85afd-4d4f-492d-93d6-f244982d2d2b@group-75B86CE509CA-LeaderElection1] INFO  server.RaftServerConfigKeys (ConfUtils.java:logGet(43)) - raft.server.watch.timeout = 10s (default)
2019-10-23 22:24:06,164 [73b959bd-e3af-4247-b02b-6987bacc6720@group-4F3E0DC42DB5-LeaderElection2] INFO  server.RaftServerConfigKeys (ConfUtils.java:logGet(43)) - raft.server.watch.timeout = 10s (default)
2019-10-23 22:24:06,165 [22d85afd-4d4f-492d-93d6-f244982d2d2b@group-75B86CE509CA-LeaderElection1] INFO  server.RaftServerConfigKeys (ConfUtils.java:logGet(43)) - raft.server.watch.timeout.denomination = 1s (default)
2019-10-23 22:24:06,165 [73b959bd-e3af-4247-b02b-6987bacc6720@group-4F3E0DC42DB5-LeaderElection2] INFO  server.RaftServerConfigKeys (ConfUtils.java:logGet(43)) - raft.server.watch.timeout.denomination = 1s (default)
2019-10-23 22:24:06,166 [22d85afd-4d4f-492d-93d6-f244982d2d2b@group-75B86CE509CA-LeaderElection1] INFO  server.RaftServerConfigKeys (ConfUtils.java:logGet(43)) - raft.server.watch.element-limit = 65536 (default)
2019-10-23 22:24:06,166 [73b959bd-e3af-4247-b02b-6987bacc6720@group-4F3E0DC42DB5-LeaderElection2] INFO  server.RaftServerConfigKeys (ConfUtils.java:logGet(43)) - raft.server.watch.element-limit = 65536 (default)
2019-10-23 22:24:06,169 [pool-47-thread-1] INFO  storage.RaftStorageDirectory (RaftStorageDirectory.java:tryLock(328)) - Lock on /workdir/hadoop-ozone/integration-test/target/test-dir/MiniOzoneClusterImpl-76426a80-56c3-4df6-b76d-a34ccd4b7bd3/datanode-2/data/ratis/b22caa93-6dac-481e-abc8-04b5a2f9e312/in_use.lock acquired by nodename 13088@pr-hdds-2240-gjcjf-507280437
2019-10-23 22:24:06,185 [pool-47-thread-1] INFO  storage.RaftStorage (RaftStorage.java:format(84)) - Storage directory /workdir/hadoop-ozone/integration-test/target/test-dir/MiniOzoneClusterImpl-76426a80-56c3-4df6-b76d-a34ccd4b7bd3/datanode-2/data/ratis/b22caa93-6dac-481e-abc8-04b5a2f9e312 has been successfully formatted.
2019-10-23 22:24:06,185 [pool-47-thread-1] INFO  ratis.ContainerStateMachine (ContainerStateMachine.java:loadSnapshot(231)) - group-04B5A2F9E312: The snapshot info is null. Setting the last applied indexto:(t:0, i:~)
2019-10-23 22:24:06,185 [pool-47-thread-1] INFO  server.RaftServerConfigKeys (ConfUtils.java:logGet(43)) - raft.server.notification.no-leader.timeout = 1000s (custom)
2019-10-23 22:24:06,186 [pool-47-thread-1] INFO  server.RaftServerConfigKeys (ConfUtils.java:logGet(43)) - raft.server.log.use.memory = false (default)
2019-10-23 22:24:06,186 [pool-47-thread-1] INFO  server.RaftServerConfigKeys (ConfUtils.java:logGet(43)) - raft.server.log.purge.gap = 1000000 (custom)
2019-10-23 22:24:06,186 [pool-47-thread-1] INFO  server.RaftServerConfigKeys (ConfUtils.java:logGet(43)) - raft.server.log.appender.buffer.byte-limit = 33554432 (custom)
2019-10-23 22:24:06,186 [pool-47-thread-1] INFO  server.RaftServerConfigKeys (ConfUtils.java:logGet(43)) - raft.server.log.segment.size.max = 1048576 (custom)
2019-10-23 22:24:06,192 [pool-47-thread-1] INFO  server.RaftServerConfigKeys (ConfUtils.java:logGet(43)) - raft.server.log.segment.cache.num.max = 2 (custom)
2019-10-23 22:24:06,192 [pool-47-thread-1] INFO  segmented.SegmentedRaftLogWorker (SegmentedRaftLogWorker.java:<init>(173)) - new 1e780629-3013-4910-b058-82bfaeb575a6@group-04B5A2F9E312-SegmentedRaftLogWorker for RaftStorage:Storage Directory /workdir/hadoop-ozone/integration-test/target/test-dir/MiniOzoneClusterImpl-76426a80-56c3-4df6-b76d-a34ccd4b7bd3/datanode-2/data/ratis/b22caa93-6dac-481e-abc8-04b5a2f9e312
2019-10-23 22:24:06,192 [pool-47-thread-1] INFO  server.RaftServerConfigKeys (ConfUtils.java:logGet(43)) - raft.server.log.queue.byte-limit = 2147483647 (custom)
2019-10-23 22:24:06,193 [pool-47-thread-1] INFO  server.RaftServerConfigKeys (ConfUtils.java:logGet(43)) - raft.server.log.queue.element-limit = 1024 (custom)
2019-10-23 22:24:06,193 [pool-47-thread-1] INFO  server.RaftServerConfigKeys (ConfUtils.java:logGet(43)) - raft.server.log.segment.size.max = 1048576 (custom)
2019-10-23 22:24:06,193 [pool-47-thread-1] INFO  server.RaftServerConfigKeys (ConfUtils.java:logGet(43)) - raft.server.log.preallocated.size = 16384 (custom)
2019-10-23 22:24:06,193 [pool-47-thread-1] INFO  server.RaftServerConfigKeys (ConfUtils.java:logGet(43)) - raft.server.log.write.buffer.size = 33554432 (custom)
2019-10-23 22:24:06,193 [pool-47-thread-1] INFO  server.RaftServerConfigKeys (ConfUtils.java:logGet(43)) - raft.server.log.force.sync.num = 128 (default)
2019-10-23 22:24:06,194 [pool-47-thread-1] INFO  server.RaftServerConfigKeys (ConfUtils.java:logGet(43)) - raft.server.log.statemachine.data.sync = true (default)
2019-10-23 22:24:06,194 [pool-47-thread-1] INFO  server.RaftServerConfigKeys (ConfUtils.java:logGet(43)) - raft.server.log.statemachine.data.sync.timeout = 10s (default)
2019-10-23 22:24:06,194 [pool-47-thread-1] INFO  server.RaftServerConfigKeys (ConfUtils.java:logGet(43)) - raft.server.log.statemachine.data.sync.timeout.retry = -1 (default)
2019-10-23 22:24:06,196 [pool-47-thread-1] INFO  server.RaftServerConfigKeys (ConfUtils.java:logGet(43)) - raft.server.log.statemachine.data.caching.enabled = true (custom)
2019-10-23 22:24:06,197 [pool-47-thread-1] INFO  segmented.SegmentedRaftLogWorker (SegmentedRaftLogWorker.java:lambda$new$0(128)) - 1e780629-3013-4910-b058-82bfaeb575a6@group-04B5A2F9E312-SegmentedRaftLogWorker: flushIndex: setUnconditionally 0 -> -1
2019-10-23 22:24:06,197 [pool-47-thread-1] INFO  server.RaftServerConfigKeys (ConfUtils.java:logGet(43)) - raft.server.snapshot.auto.trigger.enabled = true (custom)
2019-10-23 22:24:06,197 [pool-47-thread-1] INFO  server.RaftServerConfigKeys (ConfUtils.java:logGet(43)) - raft.server.snapshot.auto.trigger.threshold = 10000 (custom)
2019-10-23 22:24:06,197 [pool-47-thread-1] INFO  server.RaftServerConfigKeys (ConfUtils.java:logGet(43)) - raft.server.snapshot.retention.file.num = 5 (custom)
2019-10-23 22:24:06,197 [pool-47-thread-1] INFO  server.RaftServerConfigKeys (ConfUtils.java:logGet(43)) - raft.server.retrycache.expirytime = 600000ms (custom)
2019-10-23 22:24:06,199 [22d85afd-4d4f-492d-93d6-f244982d2d2b@group-75B86CE509CA-LeaderElection1] INFO  impl.RoleInfo (RoleInfo.java:updateAndGet(143)) - 22d85afd-4d4f-492d-93d6-f244982d2d2b: start LeaderState
2019-10-23 22:24:06,199 [73b959bd-e3af-4247-b02b-6987bacc6720@group-4F3E0DC42DB5-LeaderElection2] INFO  impl.RoleInfo (RoleInfo.java:updateAndGet(143)) - 73b959bd-e3af-4247-b02b-6987bacc6720: start LeaderState
2019-10-23 22:24:06,203 [pool-47-thread-1] INFO  impl.RaftServerImpl (RaftServerImpl.java:start(195)) - 1e780629-3013-4910-b058-82bfaeb575a6@group-04B5A2F9E312: start as a follower, conf=-1: [1e780629-3013-4910-b058-82bfaeb575a6:192.168.34.28:46415], old=null
2019-10-23 22:24:06,204 [pool-47-thread-1] INFO  impl.RaftServerImpl (RaftServerImpl.java:setRole(184)) - 1e780629-3013-4910-b058-82bfaeb575a6@group-04B5A2F9E312: changes role from      null to FOLLOWER at term 0 for startAsFollower
2019-10-23 22:24:06,204 [pool-47-thread-1] INFO  impl.RoleInfo (RoleInfo.java:updateAndGet(143)) - 1e780629-3013-4910-b058-82bfaeb575a6: start FollowerState
2019-10-23 22:24:06,204 [pool-47-thread-1] INFO  util.JmxRegister (JmxRegister.java:tryRegister(44)) - Successfully registered JMX Bean with object name Ratis:service=RaftServer,group=group-04B5A2F9E312,id=1e780629-3013-4910-b058-82bfaeb575a6
2019-10-23 22:24:06,219 [RatisPipelineUtilsThread] INFO  pipeline.PipelineStateManager (PipelineStateManager.java:addPipeline(56)) - Created pipeline Pipeline[ Id: b22caa93-6dac-481e-abc8-04b5a2f9e312, Nodes: 1e780629-3013-4910-b058-82bfaeb575a6{ip: 192.168.34.28, host: pr-hdds-2240-gjcjf-507280437, networkLocation: /default-rack, certSerialId: null}, Type:RATIS, Factor:ONE, State:OPEN]
2019-10-23 22:24:06,224 [22d85afd-4d4f-492d-93d6-f244982d2d2b@group-75B86CE509CA-LeaderElection1] INFO  segmented.SegmentedRaftLogWorker (SegmentedRaftLogWorker.java:startLogSegment(385)) - 22d85afd-4d4f-492d-93d6-f244982d2d2b@group-75B86CE509CA-SegmentedRaftLogWorker: Starting segment from index:0
2019-10-23 22:24:06,224 [73b959bd-e3af-4247-b02b-6987bacc6720@group-4F3E0DC42DB5-LeaderElection2] INFO  segmented.SegmentedRaftLogWorker (SegmentedRaftLogWorker.java:startLogSegment(385)) - 73b959bd-e3af-4247-b02b-6987bacc6720@group-4F3E0DC42DB5-SegmentedRaftLogWorker: Starting segment from index:0
2019-10-23 22:24:06,255 [grpc-default-executor-2] INFO  impl.RaftServerProxy (RaftServerProxy.java:addNew(89)) - 22d85afd-4d4f-492d-93d6-f244982d2d2b: addNew group-FF494030CC0C:[73b959bd-e3af-4247-b02b-6987bacc6720:192.168.34.28:45914, 1e780629-3013-4910-b058-82bfaeb575a6:192.168.34.28:46415, 22d85afd-4d4f-492d-93d6-f244982d2d2b:192.168.34.28:33618] returns group-FF494030CC0C:java.util.concurrent.CompletableFuture@2aeb40d0[Not completed]
2019-10-23 22:24:06,256 [grpc-default-executor-1] INFO  impl.RaftServerProxy (RaftServerProxy.java:addNew(89)) - 73b959bd-e3af-4247-b02b-6987bacc6720: addNew group-FF494030CC0C:[73b959bd-e3af-4247-b02b-6987bacc6720:192.168.34.28:45914, 1e780629-3013-4910-b058-82bfaeb575a6:192.168.34.28:46415, 22d85afd-4d4f-492d-93d6-f244982d2d2b:192.168.34.28:33618] returns group-FF494030CC0C:java.util.concurrent.CompletableFuture@d607bb[Not completed]
2019-10-23 22:24:06,258 [grpc-default-executor-2] INFO  impl.RaftServerProxy (RaftServerProxy.java:addNew(89)) - 1e780629-3013-4910-b058-82bfaeb575a6: addNew group-FF494030CC0C:[73b959bd-e3af-4247-b02b-6987bacc6720:192.168.34.28:45914, 1e780629-3013-4910-b058-82bfaeb575a6:192.168.34.28:46415, 22d85afd-4d4f-492d-93d6-f244982d2d2b:192.168.34.28:33618] returns group-FF494030CC0C:java.util.concurrent.CompletableFuture@6bd64aeb[Not completed]
2019-10-23 22:24:06,258 [pool-37-thread-1] INFO  impl.RaftServerImpl (RaftServerImpl.java:<init>(104)) - 22d85afd-4d4f-492d-93d6-f244982d2d2b: new RaftServerImpl for group-FF494030CC0C:[73b959bd-e3af-4247-b02b-6987bacc6720:192.168.34.28:45914, 1e780629-3013-4910-b058-82bfaeb575a6:192.168.34.28:46415, 22d85afd-4d4f-492d-93d6-f244982d2d2b:192.168.34.28:33618] with ContainerStateMachine:uninitialized
2019-10-23 22:24:06,258 [pool-37-thread-1] INFO  server.RaftServerConfigKeys (ConfUtils.java:logGet(43)) - raft.server.rpc.timeout.min = 5s (custom)
2019-10-23 22:24:06,258 [pool-37-thread-1] INFO  server.RaftServerConfigKeys (ConfUtils.java:logGet(43)) - raft.server.rpc.timeout.max = 5200ms (custom)
2019-10-23 22:24:06,258 [22d85afd-4d4f-492d-93d6-f244982d2d2b@group-75B86CE509CA-LeaderElection1] INFO  impl.RaftServerImpl (ServerState.java:setRaftConf(357)) - 22d85afd-4d4f-492d-93d6-f244982d2d2b@group-75B86CE509CA: set configuration 0: [22d85afd-4d4f-492d-93d6-f244982d2d2b:192.168.34.28:33618], old=null at 0
2019-10-23 22:24:06,258 [pool-37-thread-1] INFO  server.RaftServerConfigKeys (ConfUtils.java:logGet(43)) - raft.server.rpcslowness.timeout = 1000s (custom)
2019-10-23 22:24:06,258 [73b959bd-e3af-4247-b02b-6987bacc6720@group-4F3E0DC42DB5-LeaderElection2] INFO  impl.RaftServerImpl (ServerState.java:setRaftConf(357)) - 73b959bd-e3af-4247-b02b-6987bacc6720@group-4F3E0DC42DB5: set configuration 0: [73b959bd-e3af-4247-b02b-6987bacc6720:192.168.34.28:45914], old=null at 0
2019-10-23 22:24:06,259 [pool-37-thread-1] INFO  server.RaftServerConfigKeys (ConfUtils.java:logGet(43)) - raft.server.sleep.deviation.threshold = 300 (default)
2019-10-23 22:24:06,261 [pool-37-thread-1] INFO  server.RaftServerConfigKeys (ConfUtils.java:logGet(43)) - raft.server.log.appender.install.snapshot.enabled = false (custom)
2019-10-23 22:24:06,261 [pool-37-thread-1] INFO  impl.RaftServerImpl (ServerState.java:<init>(103)) - 22d85afd-4d4f-492d-93d6-f244982d2d2b@group-FF494030CC0C: ConfigurationManager, init=-1: [73b959bd-e3af-4247-b02b-6987bacc6720:192.168.34.28:45914, 1e780629-3013-4910-b058-82bfaeb575a6:192.168.34.28:46415, 22d85afd-4d4f-492d-93d6-f244982d2d2b:192.168.34.28:33618], old=null, confs=<EMPTY_MAP>
2019-10-23 22:24:06,261 [pool-37-thread-1] INFO  server.RaftServerConfigKeys (ConfUtils.java:logGet(43)) - raft.server.storage.dir = [/workdir/hadoop-ozone/integration-test/target/test-dir/MiniOzoneClusterImpl-76426a80-56c3-4df6-b76d-a34ccd4b7bd3/datanode-1/data/ratis] (custom)
2019-10-23 22:24:06,261 [pool-27-thread-1] INFO  impl.RaftServerImpl (RaftServerImpl.java:<init>(104)) - 73b959bd-e3af-4247-b02b-6987bacc6720: new RaftServerImpl for group-FF494030CC0C:[73b959bd-e3af-4247-b02b-6987bacc6720:192.168.34.28:45914, 1e780629-3013-4910-b058-82bfaeb575a6:192.168.34.28:46415, 22d85afd-4d4f-492d-93d6-f244982d2d2b:192.168.34.28:33618] with ContainerStateMachine:uninitialized
2019-10-23 22:24:06,261 [pool-27-thread-1] INFO  server.RaftServerConfigKeys (ConfUtils.java:logGet(43)) - raft.server.rpc.timeout.min = 5s (custom)
2019-10-23 22:24:06,261 [pool-37-thread-1] INFO  server.RaftServerConfigKeys (ConfUtils.java:logGet(43)) - raft.server.log.corruption.policy = EXCEPTION (default)
2019-10-23 22:24:06,262 [pool-27-thread-1] INFO  server.RaftServerConfigKeys (ConfUtils.java:logGet(43)) - raft.server.rpc.timeout.max = 5200ms (custom)
2019-10-23 22:24:06,262 [pool-37-thread-1] INFO  storage.RaftStorageDirectory (RaftStorageDirectory.java:analyzeStorage(246)) - The storage directory /workdir/hadoop-ozone/integration-test/target/test-dir/MiniOzoneClusterImpl-76426a80-56c3-4df6-b76d-a34ccd4b7bd3/datanode-1/data/ratis/d8220d6b-da92-433e-abb5-ff494030cc0c does not exist. Creating ...
2019-10-23 22:24:06,262 [pool-27-thread-1] INFO  server.RaftServerConfigKeys (ConfUtils.java:logGet(43)) - raft.server.rpcslowness.timeout = 1000s (custom)
2019-10-23 22:24:06,262 [pool-27-thread-1] INFO  server.RaftServerConfigKeys (ConfUtils.java:logGet(43)) - raft.server.sleep.deviation.threshold = 300 (default)
2019-10-23 22:24:06,262 [pool-27-thread-1] INFO  server.RaftServerConfigKeys (ConfUtils.java:logGet(43)) - raft.server.log.appender.install.snapshot.enabled = false (custom)
2019-10-23 22:24:06,262 [pool-27-thread-1] INFO  impl.RaftServerImpl (ServerState.java:<init>(103)) - 73b959bd-e3af-4247-b02b-6987bacc6720@group-FF494030CC0C: ConfigurationManager, init=-1: [73b959bd-e3af-4247-b02b-6987bacc6720:192.168.34.28:45914, 1e780629-3013-4910-b058-82bfaeb575a6:192.168.34.28:46415, 22d85afd-4d4f-492d-93d6-f244982d2d2b:192.168.34.28:33618], old=null, confs=<EMPTY_MAP>
2019-10-23 22:24:06,262 [pool-47-thread-1] INFO  impl.RaftServerImpl (RaftServerImpl.java:<init>(104)) - 1e780629-3013-4910-b058-82bfaeb575a6: new RaftServerImpl for group-FF494030CC0C:[73b959bd-e3af-4247-b02b-6987bacc6720:192.168.34.28:45914, 1e780629-3013-4910-b058-82bfaeb575a6:192.168.34.28:46415, 22d85afd-4d4f-492d-93d6-f244982d2d2b:192.168.34.28:33618] with ContainerStateMachine:uninitialized
2019-10-23 22:24:06,262 [pool-27-thread-1] INFO  server.RaftServerConfigKeys (ConfUtils.java:logGet(43)) - raft.server.storage.dir = [/workdir/hadoop-ozone/integration-test/target/test-dir/MiniOzoneClusterImpl-76426a80-56c3-4df6-b76d-a34ccd4b7bd3/datanode-0/data/ratis] (custom)
2019-10-23 22:24:06,263 [pool-47-thread-1] INFO  server.RaftServerConfigKeys (ConfUtils.java:logGet(43)) - raft.server.rpc.timeout.min = 5s (custom)
2019-10-23 22:24:06,263 [pool-27-thread-1] INFO  server.RaftServerConfigKeys (ConfUtils.java:logGet(43)) - raft.server.log.corruption.policy = EXCEPTION (default)
2019-10-23 22:24:06,263 [pool-47-thread-1] INFO  server.RaftServerConfigKeys (ConfUtils.java:logGet(43)) - raft.server.rpc.timeout.max = 5200ms (custom)
2019-10-23 22:24:06,263 [pool-27-thread-1] INFO  storage.RaftStorageDirectory (RaftStorageDirectory.java:analyzeStorage(246)) - The storage directory /workdir/hadoop-ozone/integration-test/target/test-dir/MiniOzoneClusterImpl-76426a80-56c3-4df6-b76d-a34ccd4b7bd3/datanode-0/data/ratis/d8220d6b-da92-433e-abb5-ff494030cc0c does not exist. Creating ...
2019-10-23 22:24:06,263 [pool-47-thread-1] INFO  server.RaftServerConfigKeys (ConfUtils.java:logGet(43)) - raft.server.rpcslowness.timeout = 1000s (custom)
2019-10-23 22:24:06,264 [pool-47-thread-1] INFO  server.RaftServerConfigKeys (ConfUtils.java:logGet(43)) - raft.server.sleep.deviation.threshold = 300 (default)
2019-10-23 22:24:06,264 [pool-47-thread-1] INFO  server.RaftServerConfigKeys (ConfUtils.java:logGet(43)) - raft.server.log.appender.install.snapshot.enabled = false (custom)
2019-10-23 22:24:06,264 [pool-47-thread-1] INFO  impl.RaftServerImpl (ServerState.java:<init>(103)) - 1e780629-3013-4910-b058-82bfaeb575a6@group-FF494030CC0C: ConfigurationManager, init=-1: [73b959bd-e3af-4247-b02b-6987bacc6720:192.168.34.28:45914, 1e780629-3013-4910-b058-82bfaeb575a6:192.168.34.28:46415, 22d85afd-4d4f-492d-93d6-f244982d2d2b:192.168.34.28:33618], old=null, confs=<EMPTY_MAP>
2019-10-23 22:24:06,264 [pool-47-thread-1] INFO  server.RaftServerConfigKeys (ConfUtils.java:logGet(43)) - raft.server.storage.dir = [/workdir/hadoop-ozone/integration-test/target/test-dir/MiniOzoneClusterImpl-76426a80-56c3-4df6-b76d-a34ccd4b7bd3/datanode-2/data/ratis] (custom)
2019-10-23 22:24:06,265 [pool-47-thread-1] INFO  server.RaftServerConfigKeys (ConfUtils.java:logGet(43)) - raft.server.log.corruption.policy = EXCEPTION (default)
2019-10-23 22:24:06,265 [pool-47-thread-1] INFO  storage.RaftStorageDirectory (RaftStorageDirectory.java:analyzeStorage(246)) - The storage directory /workdir/hadoop-ozone/integration-test/target/test-dir/MiniOzoneClusterImpl-76426a80-56c3-4df6-b76d-a34ccd4b7bd3/datanode-2/data/ratis/d8220d6b-da92-433e-abb5-ff494030cc0c does not exist. Creating ...
2019-10-23 22:24:06,275 [pool-37-thread-1] INFO  storage.RaftStorageDirectory (RaftStorageDirectory.java:tryLock(328)) - Lock on /workdir/hadoop-ozone/integration-test/target/test-dir/MiniOzoneClusterImpl-76426a80-56c3-4df6-b76d-a34ccd4b7bd3/datanode-1/data/ratis/d8220d6b-da92-433e-abb5-ff494030cc0c/in_use.lock acquired by nodename 13088@pr-hdds-2240-gjcjf-507280437
2019-10-23 22:24:06,275 [pool-47-thread-1] INFO  storage.RaftStorageDirectory (RaftStorageDirectory.java:tryLock(328)) - Lock on /workdir/hadoop-ozone/integration-test/target/test-dir/MiniOzoneClusterImpl-76426a80-56c3-4df6-b76d-a34ccd4b7bd3/datanode-2/data/ratis/d8220d6b-da92-433e-abb5-ff494030cc0c/in_use.lock acquired by nodename 13088@pr-hdds-2240-gjcjf-507280437
2019-10-23 22:24:06,275 [pool-27-thread-1] INFO  storage.RaftStorageDirectory (RaftStorageDirectory.java:tryLock(328)) - Lock on /workdir/hadoop-ozone/integration-test/target/test-dir/MiniOzoneClusterImpl-76426a80-56c3-4df6-b76d-a34ccd4b7bd3/datanode-0/data/ratis/d8220d6b-da92-433e-abb5-ff494030cc0c/in_use.lock acquired by nodename 13088@pr-hdds-2240-gjcjf-507280437
2019-10-23 22:24:06,286 [main] INFO  ozone.MiniOzoneClusterImpl (MiniOzoneClusterImpl.java:lambda$waitForClusterToBeReady$0(147)) - Cluster is ready. Got 3 of 3 DN Heartbeats.
2019-10-23 22:24:06,289 [pool-27-thread-1] INFO  storage.RaftStorage (RaftStorage.java:format(84)) - Storage directory /workdir/hadoop-ozone/integration-test/target/test-dir/MiniOzoneClusterImpl-76426a80-56c3-4df6-b76d-a34ccd4b7bd3/datanode-0/data/ratis/d8220d6b-da92-433e-abb5-ff494030cc0c has been successfully formatted.
2019-10-23 22:24:06,289 [pool-37-thread-1] INFO  storage.RaftStorage (RaftStorage.java:format(84)) - Storage directory /workdir/hadoop-ozone/integration-test/target/test-dir/MiniOzoneClusterImpl-76426a80-56c3-4df6-b76d-a34ccd4b7bd3/datanode-1/data/ratis/d8220d6b-da92-433e-abb5-ff494030cc0c has been successfully formatted.
2019-10-23 22:24:06,289 [pool-47-thread-1] INFO  storage.RaftStorage (RaftStorage.java:format(84)) - Storage directory /workdir/hadoop-ozone/integration-test/target/test-dir/MiniOzoneClusterImpl-76426a80-56c3-4df6-b76d-a34ccd4b7bd3/datanode-2/data/ratis/d8220d6b-da92-433e-abb5-ff494030cc0c has been successfully formatted.
2019-10-23 22:24:06,289 [pool-37-thread-1] INFO  ratis.ContainerStateMachine (ContainerStateMachine.java:loadSnapshot(231)) - group-FF494030CC0C: The snapshot info is null. Setting the last applied indexto:(t:0, i:~)
2019-10-23 22:24:06,289 [pool-27-thread-1] INFO  ratis.ContainerStateMachine (ContainerStateMachine.java:loadSnapshot(231)) - group-FF494030CC0C: The snapshot info is null. Setting the last applied indexto:(t:0, i:~)
2019-10-23 22:24:06,289 [pool-37-thread-1] INFO  server.RaftServerConfigKeys (ConfUtils.java:logGet(43)) - raft.server.notification.no-leader.timeout = 1000s (custom)
2019-10-23 22:24:06,289 [pool-47-thread-1] INFO  ratis.ContainerStateMachine (ContainerStateMachine.java:loadSnapshot(231)) - group-FF494030CC0C: The snapshot info is null. Setting the last applied indexto:(t:0, i:~)
2019-10-23 22:24:06,290 [pool-37-thread-1] INFO  server.RaftServerConfigKeys (ConfUtils.java:logGet(43)) - raft.server.log.use.memory = false (default)
2019-10-23 22:24:06,290 [pool-27-thread-1] INFO  server.RaftServerConfigKeys (ConfUtils.java:logGet(43)) - raft.server.notification.no-leader.timeout = 1000s (custom)
2019-10-23 22:24:06,290 [pool-37-thread-1] INFO  server.RaftServerConfigKeys (ConfUtils.java:logGet(43)) - raft.server.log.purge.gap = 1000000 (custom)
2019-10-23 22:24:06,290 [pool-47-thread-1] INFO  server.RaftServerConfigKeys (ConfUtils.java:logGet(43)) - raft.server.notification.no-leader.timeout = 1000s (custom)
2019-10-23 22:24:06,290 [pool-37-thread-1] INFO  server.RaftServerConfigKeys (ConfUtils.java:logGet(43)) - raft.server.log.appender.buffer.byte-limit = 33554432 (custom)
2019-10-23 22:24:06,290 [pool-27-thread-1] INFO  server.RaftServerConfigKeys (ConfUtils.java:logGet(43)) - raft.server.log.use.memory = false (default)
2019-10-23 22:24:06,290 [pool-37-thread-1] INFO  server.RaftServerConfigKeys (ConfUtils.java:logGet(43)) - raft.server.log.segment.size.max = 1048576 (custom)
2019-10-23 22:24:06,290 [pool-47-thread-1] INFO  server.RaftServerConfigKeys (ConfUtils.java:logGet(43)) - raft.server.log.use.memory = false (default)
2019-10-23 22:24:06,291 [pool-37-thread-1] INFO  server.RaftServerConfigKeys (ConfUtils.java:logGet(43)) - raft.server.log.segment.cache.num.max = 2 (custom)
2019-10-23 22:24:06,291 [pool-27-thread-1] INFO  server.RaftServerConfigKeys (ConfUtils.java:logGet(43)) - raft.server.log.purge.gap = 1000000 (custom)
2019-10-23 22:24:06,291 [pool-37-thread-1] INFO  segmented.SegmentedRaftLogWorker (SegmentedRaftLogWorker.java:<init>(173)) - new 22d85afd-4d4f-492d-93d6-f244982d2d2b@group-FF494030CC0C-SegmentedRaftLogWorker for RaftStorage:Storage Directory /workdir/hadoop-ozone/integration-test/target/test-dir/MiniOzoneClusterImpl-76426a80-56c3-4df6-b76d-a34ccd4b7bd3/datanode-1/data/ratis/d8220d6b-da92-433e-abb5-ff494030cc0c
2019-10-23 22:24:06,291 [pool-47-thread-1] INFO  server.RaftServerConfigKeys (ConfUtils.java:logGet(43)) - raft.server.log.purge.gap = 1000000 (custom)
2019-10-23 22:24:06,291 [pool-37-thread-1] INFO  server.RaftServerConfigKeys (ConfUtils.java:logGet(43)) - raft.server.log.queue.byte-limit = 2147483647 (custom)
2019-10-23 22:24:06,291 [pool-27-thread-1] INFO  server.RaftServerConfigKeys (ConfUtils.java:logGet(43)) - raft.server.log.appender.buffer.byte-limit = 33554432 (custom)
2019-10-23 22:24:06,291 [pool-37-thread-1] INFO  server.RaftServerConfigKeys (ConfUtils.java:logGet(43)) - raft.server.log.queue.element-limit = 1024 (custom)
2019-10-23 22:24:06,291 [pool-47-thread-1] INFO  server.RaftServerConfigKeys (ConfUtils.java:logGet(43)) - raft.server.log.appender.buffer.byte-limit = 33554432 (custom)
2019-10-23 22:24:06,292 [pool-37-thread-1] INFO  server.RaftServerConfigKeys (ConfUtils.java:logGet(43)) - raft.server.log.segment.size.max = 1048576 (custom)
2019-10-23 22:24:06,292 [pool-27-thread-1] INFO  server.RaftServerConfigKeys (ConfUtils.java:logGet(43)) - raft.server.log.segment.size.max = 1048576 (custom)
2019-10-23 22:24:06,292 [pool-37-thread-1] INFO  server.RaftServerConfigKeys (ConfUtils.java:logGet(43)) - raft.server.log.preallocated.size = 16384 (custom)
2019-10-23 22:24:06,292 [pool-27-thread-1] INFO  server.RaftServerConfigKeys (ConfUtils.java:logGet(43)) - raft.server.log.segment.cache.num.max = 2 (custom)
2019-10-23 22:24:06,292 [pool-47-thread-1] INFO  server.RaftServerConfigKeys (ConfUtils.java:logGet(43)) - raft.server.log.segment.size.max = 1048576 (custom)
2019-10-23 22:24:06,292 [pool-27-thread-1] INFO  segmented.SegmentedRaftLogWorker (SegmentedRaftLogWorker.java:<init>(173)) - new 73b959bd-e3af-4247-b02b-6987bacc6720@group-FF494030CC0C-SegmentedRaftLogWorker for RaftStorage:Storage Directory /workdir/hadoop-ozone/integration-test/target/test-dir/MiniOzoneClusterImpl-76426a80-56c3-4df6-b76d-a34ccd4b7bd3/datanode-0/data/ratis/d8220d6b-da92-433e-abb5-ff494030cc0c
2019-10-23 22:24:06,292 [pool-37-thread-1] INFO  server.RaftServerConfigKeys (ConfUtils.java:logGet(43)) - raft.server.log.write.buffer.size = 33554432 (custom)
2019-10-23 22:24:06,293 [pool-27-thread-1] INFO  server.RaftServerConfigKeys (ConfUtils.java:logGet(43)) - raft.server.log.queue.byte-limit = 2147483647 (custom)
2019-10-23 22:24:06,293 [pool-47-thread-1] INFO  server.RaftServerConfigKeys (ConfUtils.java:logGet(43)) - raft.server.log.segment.cache.num.max = 2 (custom)
2019-10-23 22:24:06,293 [pool-27-thread-1] INFO  server.RaftServerConfigKeys (ConfUtils.java:logGet(43)) - raft.server.log.queue.element-limit = 1024 (custom)
2019-10-23 22:24:06,293 [pool-37-thread-1] INFO  server.RaftServerConfigKeys (ConfUtils.java:logGet(43)) - raft.server.log.force.sync.num = 128 (default)
2019-10-23 22:24:06,293 [pool-27-thread-1] INFO  server.RaftServerConfigKeys (ConfUtils.java:logGet(43)) - raft.server.log.segment.size.max = 1048576 (custom)
2019-10-23 22:24:06,293 [pool-47-thread-1] INFO  segmented.SegmentedRaftLogWorker (SegmentedRaftLogWorker.java:<init>(173)) - new 1e780629-3013-4910-b058-82bfaeb575a6@group-FF494030CC0C-SegmentedRaftLogWorker for RaftStorage:Storage Directory /workdir/hadoop-ozone/integration-test/target/test-dir/MiniOzoneClusterImpl-76426a80-56c3-4df6-b76d-a34ccd4b7bd3/datanode-2/data/ratis/d8220d6b-da92-433e-abb5-ff494030cc0c
2019-10-23 22:24:06,293 [pool-27-thread-1] INFO  server.RaftServerConfigKeys (ConfUtils.java:logGet(43)) - raft.server.log.preallocated.size = 16384 (custom)
2019-10-23 22:24:06,293 [pool-37-thread-1] INFO  server.RaftServerConfigKeys (ConfUtils.java:logGet(43)) - raft.server.log.statemachine.data.sync = true (default)
2019-10-23 22:24:06,294 [pool-27-thread-1] INFO  server.RaftServerConfigKeys (ConfUtils.java:logGet(43)) - raft.server.log.write.buffer.size = 33554432 (custom)
2019-10-23 22:24:06,294 [pool-47-thread-1] INFO  server.RaftServerConfigKeys (ConfUtils.java:logGet(43)) - raft.server.log.queue.byte-limit = 2147483647 (custom)
2019-10-23 22:24:06,294 [pool-27-thread-1] INFO  server.RaftServerConfigKeys (ConfUtils.java:logGet(43)) - raft.server.log.force.sync.num = 128 (default)
2019-10-23 22:24:06,294 [pool-37-thread-1] INFO  server.RaftServerConfigKeys (ConfUtils.java:logGet(43)) - raft.server.log.statemachine.data.sync.timeout = 10s (default)
2019-10-23 22:24:06,294 [pool-27-thread-1] INFO  server.RaftServerConfigKeys (ConfUtils.java:logGet(43)) - raft.server.log.statemachine.data.sync = true (default)
2019-10-23 22:24:06,294 [pool-47-thread-1] INFO  server.RaftServerConfigKeys (ConfUtils.java:logGet(43)) - raft.server.log.queue.element-limit = 1024 (custom)
2019-10-23 22:24:06,294 [pool-27-thread-1] INFO  server.RaftServerConfigKeys (ConfUtils.java:logGet(43)) - raft.server.log.statemachine.data.sync.timeout = 10s (default)
2019-10-23 22:24:06,294 [pool-37-thread-1] INFO  server.RaftServerConfigKeys (ConfUtils.java:logGet(43)) - raft.server.log.statemachine.data.sync.timeout.retry = -1 (default)
2019-10-23 22:24:06,295 [pool-27-thread-1] INFO  server.RaftServerConfigKeys (ConfUtils.java:logGet(43)) - raft.server.log.statemachine.data.sync.timeout.retry = -1 (default)
2019-10-23 22:24:06,295 [pool-47-thread-1] INFO  server.RaftServerConfigKeys (ConfUtils.java:logGet(43)) - raft.server.log.segment.size.max = 1048576 (custom)
2019-10-23 22:24:06,295 [pool-37-thread-1] INFO  server.RaftServerConfigKeys (ConfUtils.java:logGet(43)) - raft.server.log.statemachine.data.caching.enabled = true (custom)
2019-10-23 22:24:06,295 [pool-47-thread-1] INFO  server.RaftServerConfigKeys (ConfUtils.java:logGet(43)) - raft.server.log.preallocated.size = 16384 (custom)
2019-10-23 22:24:06,295 [pool-27-thread-1] INFO  server.RaftServerConfigKeys (ConfUtils.java:logGet(43)) - raft.server.log.statemachine.data.caching.enabled = true (custom)
2019-10-23 22:24:06,296 [pool-37-thread-1] INFO  segmented.SegmentedRaftLogWorker (SegmentedRaftLogWorker.java:lambda$new$0(128)) - 22d85afd-4d4f-492d-93d6-f244982d2d2b@group-FF494030CC0C-SegmentedRaftLogWorker: flushIndex: setUnconditionally 0 -> -1
2019-10-23 22:24:06,295 [pool-47-thread-1] INFO  server.RaftServerConfigKeys (ConfUtils.java:logGet(43)) - raft.server.log.write.buffer.size = 33554432 (custom)
2019-10-23 22:24:06,296 [pool-27-thread-1] INFO  segmented.SegmentedRaftLogWorker (SegmentedRaftLogWorker.java:lambda$new$0(128)) - 73b959bd-e3af-4247-b02b-6987bacc6720@group-FF494030CC0C-SegmentedRaftLogWorker: flushIndex: setUnconditionally 0 -> -1
2019-10-23 22:24:06,296 [pool-37-thread-1] INFO  server.RaftServerConfigKeys (ConfUtils.java:logGet(43)) - raft.server.snapshot.auto.trigger.enabled = true (custom)
2019-10-23 22:24:06,296 [pool-47-thread-1] INFO  server.RaftServerConfigKeys (ConfUtils.java:logGet(43)) - raft.server.log.force.sync.num = 128 (default)
2019-10-23 22:24:06,296 [pool-37-thread-1] INFO  server.RaftServerConfigKeys (ConfUtils.java:logGet(43)) - raft.server.snapshot.auto.trigger.threshold = 10000 (custom)
2019-10-23 22:24:06,296 [pool-27-thread-1] INFO  server.RaftServerConfigKeys (ConfUtils.java:logGet(43)) - raft.server.snapshot.auto.trigger.enabled = true (custom)
2019-10-23 22:24:06,296 [pool-37-thread-1] INFO  server.RaftServerConfigKeys (ConfUtils.java:logGet(43)) - raft.server.snapshot.retention.file.num = 5 (custom)
2019-10-23 22:24:06,296 [pool-47-thread-1] INFO  server.RaftServerConfigKeys (ConfUtils.java:logGet(43)) - raft.server.log.statemachine.data.sync = true (default)
2019-10-23 22:24:06,297 [pool-37-thread-1] INFO  server.RaftServerConfigKeys (ConfUtils.java:logGet(43)) - raft.server.retrycache.expirytime = 600000ms (custom)
2019-10-23 22:24:06,297 [pool-27-thread-1] INFO  server.RaftServerConfigKeys (ConfUtils.java:logGet(43)) - raft.server.snapshot.auto.trigger.threshold = 10000 (custom)
2019-10-23 22:24:06,297 [pool-47-thread-1] INFO  server.RaftServerConfigKeys (ConfUtils.java:logGet(43)) - raft.server.log.statemachine.data.sync.timeout = 10s (default)
2019-10-23 22:24:06,297 [pool-27-thread-1] INFO  server.RaftServerConfigKeys (ConfUtils.java:logGet(43)) - raft.server.snapshot.retention.file.num = 5 (custom)
2019-10-23 22:24:06,297 [pool-47-thread-1] INFO  server.RaftServerConfigKeys (ConfUtils.java:logGet(43)) - raft.server.log.statemachine.data.sync.timeout.retry = -1 (default)
2019-10-23 22:24:06,297 [pool-27-thread-1] INFO  server.RaftServerConfigKeys (ConfUtils.java:logGet(43)) - raft.server.retrycache.expirytime = 600000ms (custom)
2019-10-23 22:24:06,298 [pool-47-thread-1] INFO  server.RaftServerConfigKeys (ConfUtils.java:logGet(43)) - raft.server.log.statemachine.data.caching.enabled = true (custom)
2019-10-23 22:24:06,298 [pool-47-thread-1] INFO  segmented.SegmentedRaftLogWorker (SegmentedRaftLogWorker.java:lambda$new$0(128)) - 1e780629-3013-4910-b058-82bfaeb575a6@group-FF494030CC0C-SegmentedRaftLogWorker: flushIndex: setUnconditionally 0 -> -1
2019-10-23 22:24:06,298 [pool-47-thread-1] INFO  server.RaftServerConfigKeys (ConfUtils.java:logGet(43)) - raft.server.snapshot.auto.trigger.enabled = true (custom)
2019-10-23 22:24:06,298 [Thread-196] INFO  impl.FollowerState (FollowerState.java:run(108)) - 1e780629-3013-4910-b058-82bfaeb575a6@group-04B5A2F9E312-FollowerState: change to CANDIDATE, lastRpcTime:94ms, electionTimeout:94ms
2019-10-23 22:24:06,299 [pool-47-thread-1] INFO  server.RaftServerConfigKeys (ConfUtils.java:logGet(43)) - raft.server.snapshot.auto.trigger.threshold = 10000 (custom)
2019-10-23 22:24:06,299 [pool-47-thread-1] INFO  server.RaftServerConfigKeys (ConfUtils.java:logGet(43)) - raft.server.snapshot.retention.file.num = 5 (custom)
2019-10-23 22:24:06,299 [Thread-196] INFO  impl.RoleInfo (RoleInfo.java:shutdownFollowerState(121)) - 1e780629-3013-4910-b058-82bfaeb575a6: shutdown FollowerState
2019-10-23 22:24:06,299 [pool-47-thread-1] INFO  server.RaftServerConfigKeys (ConfUtils.java:logGet(43)) - raft.server.retrycache.expirytime = 600000ms (custom)
2019-10-23 22:24:06,299 [Thread-196] INFO  impl.RaftServerImpl (RaftServerImpl.java:setRole(184)) - 1e780629-3013-4910-b058-82bfaeb575a6@group-04B5A2F9E312: changes role from  FOLLOWER to CANDIDATE at term 0 for changeToCandidate
2019-10-23 22:24:06,300 [Thread-196] INFO  impl.RoleInfo (RoleInfo.java:updateAndGet(143)) - 1e780629-3013-4910-b058-82bfaeb575a6: start LeaderElection
2019-10-23 22:24:06,300 [pool-37-thread-1] INFO  impl.RaftServerImpl (RaftServerImpl.java:start(195)) - 22d85afd-4d4f-492d-93d6-f244982d2d2b@group-FF494030CC0C: start as a follower, conf=-1: [73b959bd-e3af-4247-b02b-6987bacc6720:192.168.34.28:45914, 1e780629-3013-4910-b058-82bfaeb575a6:192.168.34.28:46415, 22d85afd-4d4f-492d-93d6-f244982d2d2b:192.168.34.28:33618], old=null
2019-10-23 22:24:06,300 [pool-37-thread-1] INFO  impl.RaftServerImpl (RaftServerImpl.java:setRole(184)) - 22d85afd-4d4f-492d-93d6-f244982d2d2b@group-FF494030CC0C: changes role from      null to FOLLOWER at term 0 for startAsFollower
2019-10-23 22:24:06,302 [pool-37-thread-1] INFO  impl.RoleInfo (RoleInfo.java:updateAndGet(143)) - 22d85afd-4d4f-492d-93d6-f244982d2d2b: start FollowerState
2019-10-23 22:24:06,303 [pool-37-thread-1] INFO  util.JmxRegister (JmxRegister.java:tryRegister(44)) - Successfully registered JMX Bean with object name Ratis:service=RaftServer,group=group-FF494030CC0C,id=22d85afd-4d4f-492d-93d6-f244982d2d2b
2019-10-23 22:24:06,303 [pool-27-thread-1] INFO  impl.RaftServerImpl (RaftServerImpl.java:start(195)) - 73b959bd-e3af-4247-b02b-6987bacc6720@group-FF494030CC0C: start as a follower, conf=-1: [73b959bd-e3af-4247-b02b-6987bacc6720:192.168.34.28:45914, 1e780629-3013-4910-b058-82bfaeb575a6:192.168.34.28:46415, 22d85afd-4d4f-492d-93d6-f244982d2d2b:192.168.34.28:33618], old=null
2019-10-23 22:24:06,303 [pool-27-thread-1] INFO  impl.RaftServerImpl (RaftServerImpl.java:setRole(184)) - 73b959bd-e3af-4247-b02b-6987bacc6720@group-FF494030CC0C: changes role from      null to FOLLOWER at term 0 for startAsFollower
2019-10-23 22:24:06,303 [pool-27-thread-1] INFO  impl.RoleInfo (RoleInfo.java:updateAndGet(143)) - 73b959bd-e3af-4247-b02b-6987bacc6720: start FollowerState
2019-10-23 22:24:06,304 [pool-27-thread-1] INFO  util.JmxRegister (JmxRegister.java:tryRegister(44)) - Successfully registered JMX Bean with object name Ratis:service=RaftServer,group=group-FF494030CC0C,id=73b959bd-e3af-4247-b02b-6987bacc6720
2019-10-23 22:24:06,305 [pool-47-thread-1] INFO  impl.RaftServerImpl (RaftServerImpl.java:start(195)) - 1e780629-3013-4910-b058-82bfaeb575a6@group-FF494030CC0C: start as a follower, conf=-1: [73b959bd-e3af-4247-b02b-6987bacc6720:192.168.34.28:45914, 1e780629-3013-4910-b058-82bfaeb575a6:192.168.34.28:46415, 22d85afd-4d4f-492d-93d6-f244982d2d2b:192.168.34.28:33618], old=null
2019-10-23 22:24:06,305 [pool-47-thread-1] INFO  impl.RaftServerImpl (RaftServerImpl.java:setRole(184)) - 1e780629-3013-4910-b058-82bfaeb575a6@group-FF494030CC0C: changes role from      null to FOLLOWER at term 0 for startAsFollower
2019-10-23 22:24:06,305 [pool-47-thread-1] INFO  impl.RoleInfo (RoleInfo.java:updateAndGet(143)) - 1e780629-3013-4910-b058-82bfaeb575a6: start FollowerState
2019-10-23 22:24:06,306 [pool-47-thread-1] INFO  util.JmxRegister (JmxRegister.java:tryRegister(44)) - Successfully registered JMX Bean with object name Ratis:service=RaftServer,group=group-FF494030CC0C,id=1e780629-3013-4910-b058-82bfaeb575a6
2019-10-23 22:24:06,315 [1e780629-3013-4910-b058-82bfaeb575a6@group-04B5A2F9E312-LeaderElection3] INFO  impl.LeaderElection (LeaderElection.java:askForVotes(178)) - 1e780629-3013-4910-b058-82bfaeb575a6@group-04B5A2F9E312-LeaderElection3: begin an election at term 1 for -1: [1e780629-3013-4910-b058-82bfaeb575a6:192.168.34.28:46415], old=null
2019-10-23 22:24:06,316 [1e780629-3013-4910-b058-82bfaeb575a6@group-04B5A2F9E312-LeaderElection3] INFO  impl.RoleInfo (RoleInfo.java:shutdownLeaderElection(134)) - 1e780629-3013-4910-b058-82bfaeb575a6: shutdown LeaderElection
2019-10-23 22:24:06,316 [1e780629-3013-4910-b058-82bfaeb575a6@group-04B5A2F9E312-LeaderElection3] INFO  impl.RaftServerImpl (RaftServerImpl.java:setRole(184)) - 1e780629-3013-4910-b058-82bfaeb575a6@group-04B5A2F9E312: changes role from CANDIDATE to LEADER at term 1 for changeToLeader
2019-10-23 22:24:06,316 [1e780629-3013-4910-b058-82bfaeb575a6@group-04B5A2F9E312-LeaderElection3] INFO  impl.RaftServerImpl (ServerState.java:setLeader(256)) - 1e780629-3013-4910-b058-82bfaeb575a6@group-04B5A2F9E312: change Leader from null to 1e780629-3013-4910-b058-82bfaeb575a6 at term 1 for becomeLeader, leader elected after 130ms
2019-10-23 22:24:06,317 [1e780629-3013-4910-b058-82bfaeb575a6@group-04B5A2F9E312-LeaderElection3] INFO  server.RaftServerConfigKeys (ConfUtils.java:logGet(43)) - raft.server.staging.catchup.gap = 1000 (default)
2019-10-23 22:24:06,317 [1e780629-3013-4910-b058-82bfaeb575a6@group-04B5A2F9E312-LeaderElection3] INFO  server.RaftServerConfigKeys (ConfUtils.java:logGet(43)) - raft.server.rpc.sleep.time = 25ms (default)
2019-10-23 22:24:06,317 [1e780629-3013-4910-b058-82bfaeb575a6@group-04B5A2F9E312-LeaderElection3] INFO  server.RaftServerConfigKeys (ConfUtils.java:logGet(43)) - raft.server.write.element-limit = 4096 (default)
2019-10-23 22:24:06,318 [1e780629-3013-4910-b058-82bfaeb575a6@group-04B5A2F9E312-LeaderElection3] INFO  server.RaftServerConfigKeys (ConfUtils.java:logGet(43)) - raft.server.watch.timeout = 10s (default)
2019-10-23 22:24:06,320 [1e780629-3013-4910-b058-82bfaeb575a6@group-04B5A2F9E312-LeaderElection3] INFO  server.RaftServerConfigKeys (ConfUtils.java:logGet(43)) - raft.server.watch.timeout.denomination = 1s (default)
2019-10-23 22:24:06,321 [1e780629-3013-4910-b058-82bfaeb575a6@group-04B5A2F9E312-LeaderElection3] INFO  server.RaftServerConfigKeys (ConfUtils.java:logGet(43)) - raft.server.watch.element-limit = 65536 (default)
2019-10-23 22:24:06,330 [Thread-204] INFO  impl.FollowerState (FollowerState.java:run(108)) - 1e780629-3013-4910-b058-82bfaeb575a6@group-FF494030CC0C-FollowerState: change to CANDIDATE, lastRpcTime:24ms, electionTimeout:24ms
2019-10-23 22:24:06,333 [Thread-204] INFO  impl.RoleInfo (RoleInfo.java:shutdownFollowerState(121)) - 1e780629-3013-4910-b058-82bfaeb575a6: shutdown FollowerState
2019-10-23 22:24:06,333 [Thread-204] INFO  impl.RaftServerImpl (RaftServerImpl.java:setRole(184)) - 1e780629-3013-4910-b058-82bfaeb575a6@group-FF494030CC0C: changes role from  FOLLOWER to CANDIDATE at term 0 for changeToCandidate
2019-10-23 22:24:06,333 [Thread-204] INFO  impl.RoleInfo (RoleInfo.java:updateAndGet(143)) - 1e780629-3013-4910-b058-82bfaeb575a6: start LeaderElection
2019-10-23 22:24:06,336 [RatisPipelineUtilsThread] INFO  pipeline.PipelineStateManager (PipelineStateManager.java:addPipeline(56)) - Created pipeline Pipeline[ Id: d8220d6b-da92-433e-abb5-ff494030cc0c, Nodes: 22d85afd-4d4f-492d-93d6-f244982d2d2b{ip: 192.168.34.28, host: pr-hdds-2240-gjcjf-507280437, networkLocation: /default-rack, certSerialId: null}1e780629-3013-4910-b058-82bfaeb575a6{ip: 192.168.34.28, host: pr-hdds-2240-gjcjf-507280437, networkLocation: /default-rack, certSerialId: null}73b959bd-e3af-4247-b02b-6987bacc6720{ip: 192.168.34.28, host: pr-hdds-2240-gjcjf-507280437, networkLocation: /default-rack, certSerialId: null}, Type:RATIS, Factor:THREE, State:OPEN]
2019-10-23 22:24:06,336 [1e780629-3013-4910-b058-82bfaeb575a6@group-04B5A2F9E312-LeaderElection3] INFO  impl.RoleInfo (RoleInfo.java:updateAndGet(143)) - 1e780629-3013-4910-b058-82bfaeb575a6: start LeaderState
2019-10-23 22:24:06,337 [1e780629-3013-4910-b058-82bfaeb575a6@group-04B5A2F9E312-LeaderElection3] INFO  segmented.SegmentedRaftLogWorker (SegmentedRaftLogWorker.java:startLogSegment(385)) - 1e780629-3013-4910-b058-82bfaeb575a6@group-04B5A2F9E312-SegmentedRaftLogWorker: Starting segment from index:0
2019-10-23 22:24:06,337 [1e780629-3013-4910-b058-82bfaeb575a6@group-04B5A2F9E312-LeaderElection3] INFO  impl.RaftServerImpl (ServerState.java:setRaftConf(357)) - 1e780629-3013-4910-b058-82bfaeb575a6@group-04B5A2F9E312: set configuration 0: [1e780629-3013-4910-b058-82bfaeb575a6:192.168.34.28:46415], old=null at 0
2019-10-23 22:24:06,344 [1e780629-3013-4910-b058-82bfaeb575a6@group-FF494030CC0C-LeaderElection4] INFO  impl.LeaderElection (LeaderElection.java:askForVotes(178)) - 1e780629-3013-4910-b058-82bfaeb575a6@group-FF494030CC0C-LeaderElection4: begin an election at term 1 for -1: [73b959bd-e3af-4247-b02b-6987bacc6720:192.168.34.28:45914, 1e780629-3013-4910-b058-82bfaeb575a6:192.168.34.28:46415, 22d85afd-4d4f-492d-93d6-f244982d2d2b:192.168.34.28:33618], old=null
2019-10-23 22:24:06,378 [grpc-default-executor-2] INFO  impl.RaftServerImpl (RaftServerImpl.java:setRole(184)) - 22d85afd-4d4f-492d-93d6-f244982d2d2b@group-FF494030CC0C: changes role from  FOLLOWER to FOLLOWER at term 1 for recognizeCandidate:1e780629-3013-4910-b058-82bfaeb575a6
2019-10-23 22:24:06,378 [grpc-default-executor-1] INFO  impl.RaftServerImpl (RaftServerImpl.java:setRole(184)) - 73b959bd-e3af-4247-b02b-6987bacc6720@group-FF494030CC0C: changes role from  FOLLOWER to FOLLOWER at term 1 for recognizeCandidate:1e780629-3013-4910-b058-82bfaeb575a6
2019-10-23 22:24:06,379 [grpc-default-executor-2] INFO  impl.RoleInfo (RoleInfo.java:shutdownFollowerState(121)) - 22d85afd-4d4f-492d-93d6-f244982d2d2b: shutdown FollowerState
2019-10-23 22:24:06,379 [grpc-default-executor-1] INFO  impl.RoleInfo (RoleInfo.java:shutdownFollowerState(121)) - 73b959bd-e3af-4247-b02b-6987bacc6720: shutdown FollowerState
2019-10-23 22:24:06,379 [Thread-202] INFO  impl.FollowerState (FollowerState.java:run(117)) - 22d85afd-4d4f-492d-93d6-f244982d2d2b@group-FF494030CC0C-FollowerState was interrupted: java.lang.InterruptedException: sleep interrupted
2019-10-23 22:24:06,379 [grpc-default-executor-1] INFO  impl.RoleInfo (RoleInfo.java:updateAndGet(143)) - 73b959bd-e3af-4247-b02b-6987bacc6720: start FollowerState
2019-10-23 22:24:06,379 [Thread-203] INFO  impl.FollowerState (FollowerState.java:run(117)) - 73b959bd-e3af-4247-b02b-6987bacc6720@group-FF494030CC0C-FollowerState was interrupted: java.lang.InterruptedException: sleep interrupted
2019-10-23 22:24:06,379 [grpc-default-executor-2] INFO  impl.RoleInfo (RoleInfo.java:updateAndGet(143)) - 22d85afd-4d4f-492d-93d6-f244982d2d2b: start FollowerState
2019-10-23 22:24:06,412 [1e780629-3013-4910-b058-82bfaeb575a6@group-FF494030CC0C-LeaderElection4] INFO  impl.LeaderElection (LeaderElection.java:logAndReturn(56)) - 1e780629-3013-4910-b058-82bfaeb575a6@group-FF494030CC0C-LeaderElection4: Election PASSED; received 1 response(s) [1e780629-3013-4910-b058-82bfaeb575a6<-22d85afd-4d4f-492d-93d6-f244982d2d2b#0:OK-t1] and 0 exception(s); 1e780629-3013-4910-b058-82bfaeb575a6@group-FF494030CC0C:t1, leader=null, voted=1e780629-3013-4910-b058-82bfaeb575a6, raftlog=1e780629-3013-4910-b058-82bfaeb575a6@group-FF494030CC0C-SegmentedRaftLog:OPENED:c-1,f-1,i0, conf=-1: [73b959bd-e3af-4247-b02b-6987bacc6720:192.168.34.28:45914, 1e780629-3013-4910-b058-82bfaeb575a6:192.168.34.28:46415, 22d85afd-4d4f-492d-93d6-f244982d2d2b:192.168.34.28:33618], old=null
2019-10-23 22:24:06,413 [1e780629-3013-4910-b058-82bfaeb575a6@group-FF494030CC0C-LeaderElection4] INFO  impl.RoleInfo (RoleInfo.java:shutdownLeaderElection(134)) - 1e780629-3013-4910-b058-82bfaeb575a6: shutdown LeaderElection
2019-10-23 22:24:06,414 [1e780629-3013-4910-b058-82bfaeb575a6@group-FF494030CC0C-LeaderElection4] INFO  impl.RaftServerImpl (RaftServerImpl.java:setRole(184)) - 1e780629-3013-4910-b058-82bfaeb575a6@group-FF494030CC0C: changes role from CANDIDATE to LEADER at term 1 for changeToLeader
2019-10-23 22:24:06,414 [1e780629-3013-4910-b058-82bfaeb575a6@group-FF494030CC0C-LeaderElection4] INFO  impl.RaftServerImpl (ServerState.java:setLeader(256)) - 1e780629-3013-4910-b058-82bfaeb575a6@group-FF494030CC0C: change Leader from null to 1e780629-3013-4910-b058-82bfaeb575a6 at term 1 for becomeLeader, leader elected after 124ms
2019-10-23 22:24:06,415 [1e780629-3013-4910-b058-82bfaeb575a6@group-FF494030CC0C-LeaderElection4] INFO  server.RaftServerConfigKeys (ConfUtils.java:logGet(43)) - raft.server.staging.catchup.gap = 1000 (default)
2019-10-23 22:24:06,415 [1e780629-3013-4910-b058-82bfaeb575a6@group-FF494030CC0C-LeaderElection4] INFO  server.RaftServerConfigKeys (ConfUtils.java:logGet(43)) - raft.server.rpc.sleep.time = 25ms (default)
2019-10-23 22:24:06,415 [1e780629-3013-4910-b058-82bfaeb575a6@group-FF494030CC0C-LeaderElection4] INFO  server.RaftServerConfigKeys (ConfUtils.java:logGet(43)) - raft.server.write.element-limit = 4096 (default)
2019-10-23 22:24:06,415 [1e780629-3013-4910-b058-82bfaeb575a6@group-FF494030CC0C-LeaderElection4] INFO  server.RaftServerConfigKeys (ConfUtils.java:logGet(43)) - raft.server.watch.timeout = 10s (default)
2019-10-23 22:24:06,415 [1e780629-3013-4910-b058-82bfaeb575a6@group-FF494030CC0C-LeaderElection4] INFO  server.RaftServerConfigKeys (ConfUtils.java:logGet(43)) - raft.server.watch.timeout.denomination = 1s (default)
2019-10-23 22:24:06,416 [1e780629-3013-4910-b058-82bfaeb575a6@group-FF494030CC0C-LeaderElection4] INFO  server.RaftServerConfigKeys (ConfUtils.java:logGet(43)) - raft.server.watch.element-limit = 65536 (default)
2019-10-23 22:24:06,422 [1e780629-3013-4910-b058-82bfaeb575a6@group-FF494030CC0C-LeaderElection4] INFO  server.RaftServerConfigKeys (ConfUtils.java:logGet(43)) - raft.server.log.appender.snapshot.chunk.size.max = 16MB (=16777216) (default)
2019-10-23 22:24:06,422 [1e780629-3013-4910-b058-82bfaeb575a6@group-FF494030CC0C-LeaderElection4] INFO  server.RaftServerConfigKeys (ConfUtils.java:logGet(43)) - raft.server.log.appender.buffer.byte-limit = 33554432 (custom)
2019-10-23 22:24:06,423 [1e780629-3013-4910-b058-82bfaeb575a6@group-FF494030CC0C-LeaderElection4] INFO  server.RaftServerConfigKeys (ConfUtils.java:logGet(43)) - raft.server.log.appender.buffer.element-limit = 1 (custom)
2019-10-23 22:24:06,427 [1e780629-3013-4910-b058-82bfaeb575a6@group-FF494030CC0C-LeaderElection4] INFO  grpc.GrpcConfigKeys$Server (ConfUtils.java:logGet(43)) - raft.grpc.server.leader.outstanding.appends.max = 128 (default)
2019-10-23 22:24:06,429 [1e780629-3013-4910-b058-82bfaeb575a6@group-FF494030CC0C-LeaderElection4] INFO  server.RaftServerConfigKeys (ConfUtils.java:logGet(43)) - raft.server.rpc.request.timeout = 3000ms (default)
2019-10-23 22:24:06,429 [1e780629-3013-4910-b058-82bfaeb575a6@group-FF494030CC0C-LeaderElection4] INFO  server.RaftServerConfigKeys (ConfUtils.java:logGet(43)) - raft.server.log.appender.install.snapshot.enabled = false (custom)
2019-10-23 22:24:06,434 [1e780629-3013-4910-b058-82bfaeb575a6@group-FF494030CC0C-LeaderElection4] INFO  server.RaftServerConfigKeys (ConfUtils.java:logGet(43)) - raft.server.log.appender.snapshot.chunk.size.max = 16MB (=16777216) (default)
2019-10-23 22:24:06,434 [1e780629-3013-4910-b058-82bfaeb575a6@group-FF494030CC0C-LeaderElection4] INFO  server.RaftServerConfigKeys (ConfUtils.java:logGet(43)) - raft.server.log.appender.buffer.byte-limit = 33554432 (custom)
2019-10-23 22:24:06,434 [1e780629-3013-4910-b058-82bfaeb575a6@group-FF494030CC0C-LeaderElection4] INFO  server.RaftServerConfigKeys (ConfUtils.java:logGet(43)) - raft.server.log.appender.buffer.element-limit = 1 (custom)
2019-10-23 22:24:06,435 [1e780629-3013-4910-b058-82bfaeb575a6@group-FF494030CC0C-LeaderElection4] INFO  grpc.GrpcConfigKeys$Server (ConfUtils.java:logGet(43)) - raft.grpc.server.leader.outstanding.appends.max = 128 (default)
2019-10-23 22:24:06,435 [1e780629-3013-4910-b058-82bfaeb575a6@group-FF494030CC0C-LeaderElection4] INFO  server.RaftServerConfigKeys (ConfUtils.java:logGet(43)) - raft.server.rpc.request.timeout = 3000ms (default)
2019-10-23 22:24:06,435 [1e780629-3013-4910-b058-82bfaeb575a6@group-FF494030CC0C-LeaderElection4] INFO  server.RaftServerConfigKeys (ConfUtils.java:logGet(43)) - raft.server.log.appender.install.snapshot.enabled = false (custom)
2019-10-23 22:24:06,441 [1e780629-3013-4910-b058-82bfaeb575a6@group-FF494030CC0C-LeaderElection4] INFO  impl.RoleInfo (RoleInfo.java:updateAndGet(143)) - 1e780629-3013-4910-b058-82bfaeb575a6: start LeaderState
2019-10-23 22:24:06,441 [1e780629-3013-4910-b058-82bfaeb575a6@group-FF494030CC0C-LeaderElection4] INFO  segmented.SegmentedRaftLogWorker (SegmentedRaftLogWorker.java:startLogSegment(385)) - 1e780629-3013-4910-b058-82bfaeb575a6@group-FF494030CC0C-SegmentedRaftLogWorker: Starting segment from index:0
2019-10-23 22:24:06,442 [1e780629-3013-4910-b058-82bfaeb575a6@group-FF494030CC0C-LeaderElection4] INFO  impl.RaftServerImpl (ServerState.java:setRaftConf(357)) - 1e780629-3013-4910-b058-82bfaeb575a6@group-FF494030CC0C: set configuration 0: [73b959bd-e3af-4247-b02b-6987bacc6720:192.168.34.28:45914, 1e780629-3013-4910-b058-82bfaeb575a6:192.168.34.28:46415, 22d85afd-4d4f-492d-93d6-f244982d2d2b:192.168.34.28:33618], old=null at 0
2019-10-23 22:24:06,485 [Thread-212] INFO  impl.FollowerState (FollowerState.java:run(108)) - 22d85afd-4d4f-492d-93d6-f244982d2d2b@group-FF494030CC0C-FollowerState: change to CANDIDATE, lastRpcTime:106ms, electionTimeout:72ms
2019-10-23 22:24:06,487 [Thread-212] INFO  impl.RoleInfo (RoleInfo.java:shutdownFollowerState(121)) - 22d85afd-4d4f-492d-93d6-f244982d2d2b: shutdown FollowerState
2019-10-23 22:24:06,487 [Thread-212] INFO  impl.RaftServerImpl (RaftServerImpl.java:setRole(184)) - 22d85afd-4d4f-492d-93d6-f244982d2d2b@group-FF494030CC0C: changes role from  FOLLOWER to CANDIDATE at term 1 for changeToCandidate
2019-10-23 22:24:06,487 [Thread-212] INFO  impl.RoleInfo (RoleInfo.java:updateAndGet(143)) - 22d85afd-4d4f-492d-93d6-f244982d2d2b: start LeaderElection
2019-10-23 22:24:06,503 [73b959bd-e3af-4247-b02b-6987bacc6720@group-4F3E0DC42DB5-SegmentedRaftLogWorker] INFO  segmented.SegmentedRaftLogWorker (SegmentedRaftLogWorker.java:execute(576)) - 73b959bd-e3af-4247-b02b-6987bacc6720@group-4F3E0DC42DB5-SegmentedRaftLogWorker: created new log segment /workdir/hadoop-ozone/integration-test/target/test-dir/MiniOzoneClusterImpl-76426a80-56c3-4df6-b76d-a34ccd4b7bd3/datanode-0/data/ratis/d2b477cf-7366-4706-8a8a-4f3e0dc42db5/current/log_inprogress_0
2019-10-23 22:24:06,503 [22d85afd-4d4f-492d-93d6-f244982d2d2b@group-FF494030CC0C-LeaderElection5] INFO  impl.LeaderElection (LeaderElection.java:askForVotes(178)) - 22d85afd-4d4f-492d-93d6-f244982d2d2b@group-FF494030CC0C-LeaderElection5: begin an election at term 2 for -1: [73b959bd-e3af-4247-b02b-6987bacc6720:192.168.34.28:45914, 1e780629-3013-4910-b058-82bfaeb575a6:192.168.34.28:46415, 22d85afd-4d4f-492d-93d6-f244982d2d2b:192.168.34.28:33618], old=null
2019-10-23 22:24:06,503 [1e780629-3013-4910-b058-82bfaeb575a6@group-FF494030CC0C-SegmentedRaftLogWorker] INFO  segmented.SegmentedRaftLogWorker (SegmentedRaftLogWorker.java:execute(576)) - 1e780629-3013-4910-b058-82bfaeb575a6@group-FF494030CC0C-SegmentedRaftLogWorker: created new log segment /workdir/hadoop-ozone/integration-test/target/test-dir/MiniOzoneClusterImpl-76426a80-56c3-4df6-b76d-a34ccd4b7bd3/datanode-2/data/ratis/d8220d6b-da92-433e-abb5-ff494030cc0c/current/log_inprogress_0
2019-10-23 22:24:06,503 [1e780629-3013-4910-b058-82bfaeb575a6@group-04B5A2F9E312-SegmentedRaftLogWorker] INFO  segmented.SegmentedRaftLogWorker (SegmentedRaftLogWorker.java:execute(576)) - 1e780629-3013-4910-b058-82bfaeb575a6@group-04B5A2F9E312-SegmentedRaftLogWorker: created new log segment /workdir/hadoop-ozone/integration-test/target/test-dir/MiniOzoneClusterImpl-76426a80-56c3-4df6-b76d-a34ccd4b7bd3/datanode-2/data/ratis/b22caa93-6dac-481e-abc8-04b5a2f9e312/current/log_inprogress_0
2019-10-23 22:24:06,503 [22d85afd-4d4f-492d-93d6-f244982d2d2b@group-75B86CE509CA-SegmentedRaftLogWorker] INFO  segmented.SegmentedRaftLogWorker (SegmentedRaftLogWorker.java:execute(576)) - 22d85afd-4d4f-492d-93d6-f244982d2d2b@group-75B86CE509CA-SegmentedRaftLogWorker: created new log segment /workdir/hadoop-ozone/integration-test/target/test-dir/MiniOzoneClusterImpl-76426a80-56c3-4df6-b76d-a34ccd4b7bd3/datanode-1/data/ratis/3db26d10-c83b-4c98-ba6b-75b86ce509ca/current/log_inprogress_0
2019-10-23 22:24:06,520 [grpc-default-executor-0] INFO  impl.RaftServerImpl (RaftServerImpl.java:setRole(184)) - 73b959bd-e3af-4247-b02b-6987bacc6720@group-FF494030CC0C: changes role from  FOLLOWER to FOLLOWER at term 2 for recognizeCandidate:22d85afd-4d4f-492d-93d6-f244982d2d2b
2019-10-23 22:24:06,520 [grpc-default-executor-0] INFO  impl.RoleInfo (RoleInfo.java:shutdownFollowerState(121)) - 73b959bd-e3af-4247-b02b-6987bacc6720: shutdown FollowerState
2019-10-23 22:24:06,521 [Thread-213] INFO  impl.FollowerState (FollowerState.java:run(117)) - 73b959bd-e3af-4247-b02b-6987bacc6720@group-FF494030CC0C-FollowerState was interrupted: java.lang.InterruptedException: sleep interrupted
2019-10-23 22:24:06,521 [grpc-default-executor-0] INFO  impl.RoleInfo (RoleInfo.java:updateAndGet(143)) - 73b959bd-e3af-4247-b02b-6987bacc6720: start FollowerState
2019-10-23 22:24:06,533 [grpc-default-executor-3] INFO  impl.RaftServerImpl (ServerState.java:setLeader(256)) - 1e780629-3013-4910-b058-82bfaeb575a6@group-FF494030CC0C: change Leader from 1e780629-3013-4910-b058-82bfaeb575a6 to null at term 2 for updateCurrentTerm
2019-10-23 22:24:06,533 [grpc-default-executor-3] INFO  impl.RaftServerImpl (RaftServerImpl.java:setRole(184)) - 1e780629-3013-4910-b058-82bfaeb575a6@group-FF494030CC0C: changes role from    LEADER to FOLLOWER at term 2 for recognizeCandidate:22d85afd-4d4f-492d-93d6-f244982d2d2b
2019-10-23 22:24:06,533 [grpc-default-executor-3] INFO  impl.RoleInfo (RoleInfo.java:shutdownLeaderState(104)) - 1e780629-3013-4910-b058-82bfaeb575a6: shutdown LeaderState
2019-10-23 22:24:06,536 [org.apache.ratis.server.impl.LogAppender$AppenderDaemon$$Lambda$413/604531344@1ee4c53a] WARN  server.GrpcLogAppender (GrpcLogAppender.java:mayWait(149)) - 1e780629-3013-4910-b058-82bfaeb575a6@group-FF494030CC0C->22d85afd-4d4f-492d-93d6-f244982d2d2b-GrpcLogAppender: Wait interrupted by java.lang.InterruptedException
2019-10-23 22:24:06,536 [org.apache.ratis.server.impl.LogAppender$AppenderDaemon$$Lambda$413/604531344@7fcfe0d8] WARN  server.GrpcLogAppender (GrpcLogAppender.java:mayWait(149)) - 1e780629-3013-4910-b058-82bfaeb575a6@group-FF494030CC0C->73b959bd-e3af-4247-b02b-6987bacc6720-GrpcLogAppender: Wait interrupted by java.lang.InterruptedException
2019-10-23 22:24:06,539 [grpc-default-executor-3] INFO  impl.PendingRequests (PendingRequests.java:sendNotLeaderResponses(202)) - 1e780629-3013-4910-b058-82bfaeb575a6@group-FF494030CC0C-PendingRequests: sendNotLeaderResponses
2019-10-23 22:24:06,542 [grpc-default-executor-1] INFO  server.GrpcServerProtocolService (GrpcServerProtocolService.java:onCompleted(113)) - 22d85afd-4d4f-492d-93d6-f244982d2d2b: Completed APPEND_ENTRIES, lastRequest: 1e780629-3013-4910-b058-82bfaeb575a6->22d85afd-4d4f-492d-93d6-f244982d2d2b#0-t1, previous=(t:0, i:0), leaderCommit=-1, initializing? false, entries: <empty>
2019-10-23 22:24:06,543 [grpc-default-executor-4] INFO  server.GrpcServerProtocolService (GrpcServerProtocolService.java:onCompleted(113)) - 73b959bd-e3af-4247-b02b-6987bacc6720: Completed APPEND_ENTRIES, lastRequest: 1e780629-3013-4910-b058-82bfaeb575a6->73b959bd-e3af-4247-b02b-6987bacc6720#0-t1, previous=(t:0, i:0), leaderCommit=-1, initializing? false, entries: <empty>
2019-10-23 22:24:06,545 [grpc-default-executor-3] INFO  impl.RoleInfo (RoleInfo.java:updateAndGet(143)) - 1e780629-3013-4910-b058-82bfaeb575a6: start FollowerState
2019-10-23 22:24:06,545 [22d85afd-4d4f-492d-93d6-f244982d2d2b@group-FF494030CC0C-LeaderElection5] INFO  impl.LeaderElection (LeaderElection.java:logAndReturn(56)) - 22d85afd-4d4f-492d-93d6-f244982d2d2b@group-FF494030CC0C-LeaderElection5: Election PASSED; received 1 response(s) [22d85afd-4d4f-492d-93d6-f244982d2d2b<-73b959bd-e3af-4247-b02b-6987bacc6720#0:OK-t2] and 0 exception(s); 22d85afd-4d4f-492d-93d6-f244982d2d2b@group-FF494030CC0C:t2, leader=null, voted=22d85afd-4d4f-492d-93d6-f244982d2d2b, raftlog=22d85afd-4d4f-492d-93d6-f244982d2d2b@group-FF494030CC0C-SegmentedRaftLog:OPENED:c-1,f-1,i0, conf=-1: [73b959bd-e3af-4247-b02b-6987bacc6720:192.168.34.28:45914, 1e780629-3013-4910-b058-82bfaeb575a6:192.168.34.28:46415, 22d85afd-4d4f-492d-93d6-f244982d2d2b:192.168.34.28:33618], old=null
2019-10-23 22:24:06,547 [22d85afd-4d4f-492d-93d6-f244982d2d2b@group-FF494030CC0C-LeaderElection5] INFO  impl.RoleInfo (RoleInfo.java:shutdownLeaderElection(134)) - 22d85afd-4d4f-492d-93d6-f244982d2d2b: shutdown LeaderElection
2019-10-23 22:24:06,548 [22d85afd-4d4f-492d-93d6-f244982d2d2b@group-FF494030CC0C-LeaderElection5] INFO  impl.RaftServerImpl (RaftServerImpl.java:setRole(184)) - 22d85afd-4d4f-492d-93d6-f244982d2d2b@group-FF494030CC0C: changes role from CANDIDATE to LEADER at term 2 for changeToLeader
2019-10-23 22:24:06,549 [22d85afd-4d4f-492d-93d6-f244982d2d2b@group-FF494030CC0C-LeaderElection5] INFO  impl.RaftServerImpl (ServerState.java:setLeader(256)) - 22d85afd-4d4f-492d-93d6-f244982d2d2b@group-FF494030CC0C: change Leader from null to 22d85afd-4d4f-492d-93d6-f244982d2d2b at term 2 for becomeLeader, leader elected after 259ms
2019-10-23 22:24:06,550 [22d85afd-4d4f-492d-93d6-f244982d2d2b@group-FF494030CC0C-LeaderElection5] INFO  server.RaftServerConfigKeys (ConfUtils.java:logGet(43)) - raft.server.staging.catchup.gap = 1000 (default)
2019-10-23 22:24:06,550 [22d85afd-4d4f-492d-93d6-f244982d2d2b@group-FF494030CC0C-LeaderElection5] INFO  server.RaftServerConfigKeys (ConfUtils.java:logGet(43)) - raft.server.rpc.sleep.time = 25ms (default)
2019-10-23 22:24:06,550 [22d85afd-4d4f-492d-93d6-f244982d2d2b@group-FF494030CC0C-LeaderElection5] INFO  server.RaftServerConfigKeys (ConfUtils.java:logGet(43)) - raft.server.write.element-limit = 4096 (default)
2019-10-23 22:24:06,550 [22d85afd-4d4f-492d-93d6-f244982d2d2b@group-FF494030CC0C-LeaderElection5] INFO  server.RaftServerConfigKeys (ConfUtils.java:logGet(43)) - raft.server.watch.timeout = 10s (default)
2019-10-23 22:24:06,550 [22d85afd-4d4f-492d-93d6-f244982d2d2b@group-FF494030CC0C-LeaderElection5] INFO  server.RaftServerConfigKeys (ConfUtils.java:logGet(43)) - raft.server.watch.timeout.denomination = 1s (default)
2019-10-23 22:24:06,551 [22d85afd-4d4f-492d-93d6-f244982d2d2b@group-FF494030CC0C-LeaderElection5] INFO  server.RaftServerConfigKeys (ConfUtils.java:logGet(43)) - raft.server.watch.element-limit = 65536 (default)
2019-10-23 22:24:06,553 [22d85afd-4d4f-492d-93d6-f244982d2d2b@group-FF494030CC0C-LeaderElection5] INFO  server.RaftServerConfigKeys (ConfUtils.java:logGet(43)) - raft.server.log.appender.snapshot.chunk.size.max = 16MB (=16777216) (default)
2019-10-23 22:24:06,554 [22d85afd-4d4f-492d-93d6-f244982d2d2b@group-FF494030CC0C-LeaderElection5] INFO  server.RaftServerConfigKeys (ConfUtils.java:logGet(43)) - raft.server.log.appender.buffer.byte-limit = 33554432 (custom)
2019-10-23 22:24:06,554 [22d85afd-4d4f-492d-93d6-f244982d2d2b@group-FF494030CC0C-LeaderElection5] INFO  server.RaftServerConfigKeys (ConfUtils.java:logGet(43)) - raft.server.log.appender.buffer.element-limit = 1 (custom)
2019-10-23 22:24:06,554 [22d85afd-4d4f-492d-93d6-f244982d2d2b@group-FF494030CC0C-LeaderElection5] INFO  grpc.GrpcConfigKeys$Server (ConfUtils.java:logGet(43)) - raft.grpc.server.leader.outstanding.appends.max = 128 (default)
2019-10-23 22:24:06,556 [22d85afd-4d4f-492d-93d6-f244982d2d2b@group-FF494030CC0C-LeaderElection5] INFO  server.RaftServerConfigKeys (ConfUtils.java:logGet(43)) - raft.server.rpc.request.timeout = 3000ms (default)
2019-10-23 22:24:06,556 [22d85afd-4d4f-492d-93d6-f244982d2d2b@group-FF494030CC0C-LeaderElection5] INFO  server.RaftServerConfigKeys (ConfUtils.java:logGet(43)) - raft.server.log.appender.install.snapshot.enabled = false (custom)
2019-10-23 22:24:06,558 [22d85afd-4d4f-492d-93d6-f244982d2d2b@group-FF494030CC0C-LeaderElection5] INFO  server.RaftServerConfigKeys (ConfUtils.java:logGet(43)) - raft.server.log.appender.snapshot.chunk.size.max = 16MB (=16777216) (default)
2019-10-23 22:24:06,559 [22d85afd-4d4f-492d-93d6-f244982d2d2b@group-FF494030CC0C-LeaderElection5] INFO  server.RaftServerConfigKeys (ConfUtils.java:logGet(43)) - raft.server.log.appender.buffer.byte-limit = 33554432 (custom)
2019-10-23 22:24:06,559 [22d85afd-4d4f-492d-93d6-f244982d2d2b@group-FF494030CC0C-LeaderElection5] INFO  server.RaftServerConfigKeys (ConfUtils.java:logGet(43)) - raft.server.log.appender.buffer.element-limit = 1 (custom)
2019-10-23 22:24:06,559 [22d85afd-4d4f-492d-93d6-f244982d2d2b@group-FF494030CC0C-LeaderElection5] INFO  grpc.GrpcConfigKeys$Server (ConfUtils.java:logGet(43)) - raft.grpc.server.leader.outstanding.appends.max = 128 (default)
2019-10-23 22:24:06,559 [22d85afd-4d4f-492d-93d6-f244982d2d2b@group-FF494030CC0C-LeaderElection5] INFO  server.RaftServerConfigKeys (ConfUtils.java:logGet(43)) - raft.server.rpc.request.timeout = 3000ms (default)
2019-10-23 22:24:06,559 [22d85afd-4d4f-492d-93d6-f244982d2d2b@group-FF494030CC0C-LeaderElection5] INFO  server.RaftServerConfigKeys (ConfUtils.java:logGet(43)) - raft.server.log.appender.install.snapshot.enabled = false (custom)
2019-10-23 22:24:06,561 [grpc-default-executor-2] INFO  server.GrpcLogAppender (GrpcLogAppender.java:onCompleted(308)) - 1e780629-3013-4910-b058-82bfaeb575a6@group-FF494030CC0C->73b959bd-e3af-4247-b02b-6987bacc6720-AppendLogResponseHandler: follower responses appendEntries COMPLETED
2019-10-23 22:24:06,561 [grpc-default-executor-0] INFO  server.GrpcLogAppender (GrpcLogAppender.java:onCompleted(308)) - 1e780629-3013-4910-b058-82bfaeb575a6@group-FF494030CC0C->22d85afd-4d4f-492d-93d6-f244982d2d2b-AppendLogResponseHandler: follower responses appendEntries COMPLETED
2019-10-23 22:24:06,565 [22d85afd-4d4f-492d-93d6-f244982d2d2b@group-FF494030CC0C-LeaderElection5] INFO  impl.RoleInfo (RoleInfo.java:updateAndGet(143)) - 22d85afd-4d4f-492d-93d6-f244982d2d2b: start LeaderState
2019-10-23 22:24:06,566 [22d85afd-4d4f-492d-93d6-f244982d2d2b@group-FF494030CC0C-LeaderElection5] INFO  segmented.SegmentedRaftLogWorker (SegmentedRaftLogWorker.java:startLogSegment(385)) - 22d85afd-4d4f-492d-93d6-f244982d2d2b@group-FF494030CC0C-SegmentedRaftLogWorker: Starting segment from index:0
2019-10-23 22:24:06,603 [grpc-default-executor-2] INFO  impl.FollowerInfo (FollowerInfo.java:lambda$new$0(51)) - 1e780629-3013-4910-b058-82bfaeb575a6@group-FF494030CC0C->73b959bd-e3af-4247-b02b-6987bacc6720: nextIndex: updateUnconditionally 0 -> 0
2019-10-23 22:24:06,603 [grpc-default-executor-0] INFO  impl.FollowerInfo (FollowerInfo.java:lambda$new$0(51)) - 1e780629-3013-4910-b058-82bfaeb575a6@group-FF494030CC0C->22d85afd-4d4f-492d-93d6-f244982d2d2b: nextIndex: updateUnconditionally 0 -> 0
2019-10-23 22:24:06,605 [22d85afd-4d4f-492d-93d6-f244982d2d2b@group-FF494030CC0C-LeaderElection5] INFO  impl.RaftServerImpl (ServerState.java:setRaftConf(357)) - 22d85afd-4d4f-492d-93d6-f244982d2d2b@group-FF494030CC0C: set configuration 0: [73b959bd-e3af-4247-b02b-6987bacc6720:192.168.34.28:45914, 1e780629-3013-4910-b058-82bfaeb575a6:192.168.34.28:46415, 22d85afd-4d4f-492d-93d6-f244982d2d2b:192.168.34.28:33618], old=null at 0
2019-10-23 22:24:06,610 [grpc-default-executor-2] INFO  impl.RaftServerImpl (ServerState.java:setLeader(256)) - 1e780629-3013-4910-b058-82bfaeb575a6@group-FF494030CC0C: change Leader from null to 22d85afd-4d4f-492d-93d6-f244982d2d2b at term 2 for appendEntries, leader elected after 76ms
2019-10-23 22:24:06,610 [grpc-default-executor-0] INFO  impl.RaftServerImpl (ServerState.java:setLeader(256)) - 73b959bd-e3af-4247-b02b-6987bacc6720@group-FF494030CC0C: change Leader from null to 22d85afd-4d4f-492d-93d6-f244982d2d2b at term 2 for appendEntries, leader elected after 320ms
2019-10-23 22:24:06,625 [22d85afd-4d4f-492d-93d6-f244982d2d2b@group-FF494030CC0C-SegmentedRaftLogWorker] INFO  segmented.SegmentedRaftLogWorker (SegmentedRaftLogWorker.java:execute(576)) - 22d85afd-4d4f-492d-93d6-f244982d2d2b@group-FF494030CC0C-SegmentedRaftLogWorker: created new log segment /workdir/hadoop-ozone/integration-test/target/test-dir/MiniOzoneClusterImpl-76426a80-56c3-4df6-b76d-a34ccd4b7bd3/datanode-1/data/ratis/d8220d6b-da92-433e-abb5-ff494030cc0c/current/log_inprogress_0
2019-10-23 22:24:06,641 [grpc-default-executor-2] INFO  impl.RaftServerImpl (ServerState.java:setRaftConf(357)) - 73b959bd-e3af-4247-b02b-6987bacc6720@group-FF494030CC0C: set configuration 0: [73b959bd-e3af-4247-b02b-6987bacc6720:192.168.34.28:45914, 1e780629-3013-4910-b058-82bfaeb575a6:192.168.34.28:46415, 22d85afd-4d4f-492d-93d6-f244982d2d2b:192.168.34.28:33618], old=null at 0
2019-10-23 22:24:06,641 [grpc-default-executor-0] INFO  impl.RaftServerImpl (ServerState.java:setRaftConf(357)) - 1e780629-3013-4910-b058-82bfaeb575a6@group-FF494030CC0C: set configuration 0: [73b959bd-e3af-4247-b02b-6987bacc6720:192.168.34.28:45914, 1e780629-3013-4910-b058-82bfaeb575a6:192.168.34.28:46415, 22d85afd-4d4f-492d-93d6-f244982d2d2b:192.168.34.28:33618], old=null at 0
2019-10-23 22:24:06,641 [grpc-default-executor-2] INFO  segmented.SegmentedRaftLogWorker (SegmentedRaftLogWorker.java:startLogSegment(385)) - 73b959bd-e3af-4247-b02b-6987bacc6720@group-FF494030CC0C-SegmentedRaftLogWorker: Starting segment from index:0
2019-10-23 22:24:06,646 [grpc-default-executor-0] INFO  segmented.SegmentedRaftLogWorker (SegmentedRaftLogWorker.java:truncate(401)) - 1e780629-3013-4910-b058-82bfaeb575a6@group-FF494030CC0C-SegmentedRaftLogWorker: Truncating segments toTruncate: null
  toDelete: [(0, 0) isOpen? true, length=0, newEndIndex=-1], start index 0
2019-10-23 22:24:06,647 [grpc-default-executor-0] INFO  segmented.SegmentedRaftLogWorker (SegmentedRaftLogWorker.java:startLogSegment(385)) - 1e780629-3013-4910-b058-82bfaeb575a6@group-FF494030CC0C-SegmentedRaftLogWorker: Starting segment from index:0
2019-10-23 22:24:06,649 [1e780629-3013-4910-b058-82bfaeb575a6@group-FF494030CC0C-SegmentedRaftLogWorker] INFO  segmented.SegmentedRaftLogWorker (SegmentedRaftLogWorker.java:execute(640)) - 1e780629-3013-4910-b058-82bfaeb575a6@group-FF494030CC0C-SegmentedRaftLogWorker: Deleted log file /workdir/hadoop-ozone/integration-test/target/test-dir/MiniOzoneClusterImpl-76426a80-56c3-4df6-b76d-a34ccd4b7bd3/datanode-2/data/ratis/d8220d6b-da92-433e-abb5-ff494030cc0c/current/log_inprogress_0
2019-10-23 22:24:06,649 [1e780629-3013-4910-b058-82bfaeb575a6@group-FF494030CC0C-SegmentedRaftLogWorker] INFO  segmented.SegmentedRaftLogWorker (SegmentedRaftLogWorker.java:lambda$new$0(128)) - 1e780629-3013-4910-b058-82bfaeb575a6@group-FF494030CC0C-SegmentedRaftLogWorker: flushIndex: setUnconditionally 0 -> -1
2019-10-23 22:24:06,694 [73b959bd-e3af-4247-b02b-6987bacc6720@group-FF494030CC0C-SegmentedRaftLogWorker] INFO  segmented.SegmentedRaftLogWorker (SegmentedRaftLogWorker.java:execute(576)) - 73b959bd-e3af-4247-b02b-6987bacc6720@group-FF494030CC0C-SegmentedRaftLogWorker: created new log segment /workdir/hadoop-ozone/integration-test/target/test-dir/MiniOzoneClusterImpl-76426a80-56c3-4df6-b76d-a34ccd4b7bd3/datanode-0/data/ratis/d8220d6b-da92-433e-abb5-ff494030cc0c/current/log_inprogress_0
2019-10-23 22:24:06,695 [1e780629-3013-4910-b058-82bfaeb575a6@group-FF494030CC0C-SegmentedRaftLogWorker] INFO  segmented.SegmentedRaftLogWorker (SegmentedRaftLogWorker.java:execute(576)) - 1e780629-3013-4910-b058-82bfaeb575a6@group-FF494030CC0C-SegmentedRaftLogWorker: created new log segment /workdir/hadoop-ozone/integration-test/target/test-dir/MiniOzoneClusterImpl-76426a80-56c3-4df6-b76d-a34ccd4b7bd3/datanode-2/data/ratis/d8220d6b-da92-433e-abb5-ff494030cc0c/current/log_inprogress_0
2019-10-23 22:24:07,364 [main] INFO  rpc.RpcClient (RpcClient.java:createVolume(291)) - Creating Volume: testcontainerstatemachinefailures, with jenkins1000 as owner.
2019-10-23 22:24:07,467 [IPC Server handler 17 on 45438] INFO  volume.OMVolumeCreateRequest (OMVolumeCreateRequest.java:validateAndUpdateCache(193)) - created volume:testcontainerstatemachinefailures for user:jenkins1000
2019-10-23 22:24:07,501 [main] INFO  rpc.RpcClient (RpcClient.java:createBucket(430)) - Creating Bucket: testcontainerstatemachinefailures/testcontainerstatemachinefailures, with Versioning false and Storage Type set to DISK and Encryption set to false 
2019-10-23 22:24:07,647 [main] INFO  impl.MetricsSystemImpl (MetricsSystemImpl.java:init(158)) - XceiverClientMetrics metrics system started (again)
2019-10-23 22:24:08,175 [Thread-181] INFO  container.ReplicationManager (ReplicationManager.java:start(162)) - Starting Replication Monitor Thread.
2019-10-23 22:24:08,178 [ReplicationMonitor] INFO  container.ReplicationManager (ReplicationManager.java:run(225)) - Replication Monitor Thread took 1 milliseconds for processing 1 containers.
2019-10-23 22:24:08,236 [Datanode State Machine Thread - 0] INFO  statemachine.DatanodeStateMachine (DatanodeStateMachine.java:lambda$startDaemon$0(350)) - Ozone container server started.
2019-10-23 22:24:13,143 [main] INFO  ozoneimpl.OzoneContainer (OzoneContainer.java:stop(227)) - Attempting to stop container services.
2019-10-23 22:24:13,145 [main] INFO  impl.RaftServerProxy (RaftServerProxy.java:lambda$close$4(314)) - 1e780629-3013-4910-b058-82bfaeb575a6: close
2019-10-23 22:24:13,147 [main] INFO  impl.RaftServerImpl (RaftServerImpl.java:lambda$shutdown$3(261)) - 1e780629-3013-4910-b058-82bfaeb575a6@group-FF494030CC0C: shutdown
2019-10-23 22:24:13,147 [ForkJoinPool.commonPool-worker-0] INFO  impl.RaftServerImpl (RaftServerImpl.java:lambda$shutdown$3(261)) - 1e780629-3013-4910-b058-82bfaeb575a6@group-04B5A2F9E312: shutdown
2019-10-23 22:24:13,147 [main] INFO  util.JmxRegister (JmxRegister.java:unregister(73)) - Successfully un-registered JMX Bean with object name Ratis:service=RaftServer,group=group-FF494030CC0C,id=1e780629-3013-4910-b058-82bfaeb575a6
2019-10-23 22:24:13,147 [ForkJoinPool.commonPool-worker-0] INFO  util.JmxRegister (JmxRegister.java:unregister(73)) - Successfully un-registered JMX Bean with object name Ratis:service=RaftServer,group=group-04B5A2F9E312,id=1e780629-3013-4910-b058-82bfaeb575a6
2019-10-23 22:24:13,148 [main] INFO  impl.RoleInfo (RoleInfo.java:shutdownFollowerState(121)) - 1e780629-3013-4910-b058-82bfaeb575a6: shutdown FollowerState
2019-10-23 22:24:13,148 [ForkJoinPool.commonPool-worker-0] INFO  impl.RoleInfo (RoleInfo.java:shutdownLeaderState(104)) - 1e780629-3013-4910-b058-82bfaeb575a6: shutdown LeaderState
2019-10-23 22:24:13,148 [Thread-226] INFO  impl.FollowerState (FollowerState.java:run(117)) - 1e780629-3013-4910-b058-82bfaeb575a6@group-FF494030CC0C-FollowerState was interrupted: java.lang.InterruptedException: sleep interrupted
2019-10-23 22:24:13,148 [main] INFO  impl.StateMachineUpdater (StateMachineUpdater.java:stopAndJoin(136)) - 1e780629-3013-4910-b058-82bfaeb575a6@group-FF494030CC0C-StateMachineUpdater: set stopIndex = 4
2019-10-23 22:24:13,151 [1e780629-3013-4910-b058-82bfaeb575a6@group-FF494030CC0C-StateMachineUpdater] INFO  ratis.ContainerStateMachine (ContainerStateMachine.java:takeSnapshot(294)) - group-FF494030CC0C: Taking a snapshot at:(t:2, i:3) file /workdir/hadoop-ozone/integration-test/target/test-dir/MiniOzoneClusterImpl-76426a80-56c3-4df6-b76d-a34ccd4b7bd3/datanode-2/data/ratis/d8220d6b-da92-433e-abb5-ff494030cc0c/sm/snapshot.2_3
2019-10-23 22:24:13,148 [ForkJoinPool.commonPool-worker-0] INFO  impl.PendingRequests (PendingRequests.java:sendNotLeaderResponses(202)) - 1e780629-3013-4910-b058-82bfaeb575a6@group-04B5A2F9E312-PendingRequests: sendNotLeaderResponses
2019-10-23 22:24:13,153 [ForkJoinPool.commonPool-worker-0] INFO  impl.StateMachineUpdater (StateMachineUpdater.java:stopAndJoin(136)) - 1e780629-3013-4910-b058-82bfaeb575a6@group-04B5A2F9E312-StateMachineUpdater: set stopIndex = 0
2019-10-23 22:24:13,156 [ForkJoinPool.commonPool-worker-0] INFO  impl.RaftServerImpl (ServerState.java:close(388)) - 1e780629-3013-4910-b058-82bfaeb575a6@group-04B5A2F9E312: closes. applyIndex: 0
2019-10-23 22:24:13,157 [1e780629-3013-4910-b058-82bfaeb575a6@group-04B5A2F9E312-SegmentedRaftLogWorker] INFO  segmented.SegmentedRaftLogWorker (SegmentedRaftLogWorker.java:run(316)) - 1e780629-3013-4910-b058-82bfaeb575a6@group-04B5A2F9E312-SegmentedRaftLogWorker was interrupted, exiting. There are 0 tasks remaining in the queue.
2019-10-23 22:24:13,159 [ForkJoinPool.commonPool-worker-0] INFO  segmented.SegmentedRaftLogWorker (SegmentedRaftLogWorker.java:close(224)) - 1e780629-3013-4910-b058-82bfaeb575a6@group-04B5A2F9E312-SegmentedRaftLogWorker close()
2019-10-23 22:24:13,269 [1e780629-3013-4910-b058-82bfaeb575a6@group-FF494030CC0C-StateMachineUpdater] INFO  ratis.ContainerStateMachine (ContainerStateMachine.java:takeSnapshot(305)) - group-FF494030CC0C: Finished taking a snapshot at:(t:2, i:3) file:/workdir/hadoop-ozone/integration-test/target/test-dir/MiniOzoneClusterImpl-76426a80-56c3-4df6-b76d-a34ccd4b7bd3/datanode-2/data/ratis/d8220d6b-da92-433e-abb5-ff494030cc0c/sm/snapshot.2_3 time:120
2019-10-23 22:24:13,270 [1e780629-3013-4910-b058-82bfaeb575a6@group-FF494030CC0C-StateMachineUpdater] INFO  impl.StateMachineUpdater (StateMachineUpdater.java:takeSnapshot(269)) - 1e780629-3013-4910-b058-82bfaeb575a6@group-FF494030CC0C-StateMachineUpdater: Took a snapshot at index 3
2019-10-23 22:24:13,271 [1e780629-3013-4910-b058-82bfaeb575a6@group-FF494030CC0C-StateMachineUpdater] INFO  impl.StateMachineUpdater (StateMachineUpdater.java:lambda$new$0(84)) - 1e780629-3013-4910-b058-82bfaeb575a6@group-FF494030CC0C-StateMachineUpdater: snapshotIndex: updateIncreasingly -1 -> 3
2019-10-23 22:24:13,276 [1e780629-3013-4910-b058-82bfaeb575a6@group-FF494030CC0C-StateMachineUpdater] INFO  ratis.ContainerStateMachine (ContainerStateMachine.java:takeSnapshot(294)) - group-FF494030CC0C: Taking a snapshot at:(t:2, i:3) file /workdir/hadoop-ozone/integration-test/target/test-dir/MiniOzoneClusterImpl-76426a80-56c3-4df6-b76d-a34ccd4b7bd3/datanode-2/data/ratis/d8220d6b-da92-433e-abb5-ff494030cc0c/sm/snapshot.2_3
2019-10-23 22:24:13,289 [1e780629-3013-4910-b058-82bfaeb575a6@group-FF494030CC0C-StateMachineUpdater] INFO  ratis.ContainerStateMachine (ContainerStateMachine.java:takeSnapshot(305)) - group-FF494030CC0C: Finished taking a snapshot at:(t:2, i:3) file:/workdir/hadoop-ozone/integration-test/target/test-dir/MiniOzoneClusterImpl-76426a80-56c3-4df6-b76d-a34ccd4b7bd3/datanode-2/data/ratis/d8220d6b-da92-433e-abb5-ff494030cc0c/sm/snapshot.2_3 time:13
2019-10-23 22:24:13,289 [1e780629-3013-4910-b058-82bfaeb575a6@group-FF494030CC0C-StateMachineUpdater] INFO  impl.StateMachineUpdater (StateMachineUpdater.java:takeSnapshot(269)) - 1e780629-3013-4910-b058-82bfaeb575a6@group-FF494030CC0C-StateMachineUpdater: Took a snapshot at index 3
2019-10-23 22:24:13,289 [1e780629-3013-4910-b058-82bfaeb575a6@group-FF494030CC0C-StateMachineUpdater] INFO  impl.StateMachineUpdater (StateMachineUpdater.java:lambda$new$0(84)) - 1e780629-3013-4910-b058-82bfaeb575a6@group-FF494030CC0C-StateMachineUpdater: snapshotIndex: updateIncreasingly 3 -> 3
2019-10-23 22:24:13,289 [main] INFO  impl.RaftServerImpl (ServerState.java:close(388)) - 1e780629-3013-4910-b058-82bfaeb575a6@group-FF494030CC0C: closes. applyIndex: 4
2019-10-23 22:24:13,290 [1e780629-3013-4910-b058-82bfaeb575a6@group-FF494030CC0C-SegmentedRaftLogWorker] INFO  segmented.SegmentedRaftLogWorker (SegmentedRaftLogWorker.java:run(316)) - 1e780629-3013-4910-b058-82bfaeb575a6@group-FF494030CC0C-SegmentedRaftLogWorker was interrupted, exiting. There are 0 tasks remaining in the queue.
2019-10-23 22:24:13,291 [main] INFO  segmented.SegmentedRaftLogWorker (SegmentedRaftLogWorker.java:close(224)) - 1e780629-3013-4910-b058-82bfaeb575a6@group-FF494030CC0C-SegmentedRaftLogWorker close()
2019-10-23 22:24:13,294 [main] INFO  server.GrpcService (GrpcService.java:closeImpl(164)) - 1e780629-3013-4910-b058-82bfaeb575a6: shutdown server with port 46415 now
2019-10-23 22:24:13,300 [grpc-default-executor-2] WARN  server.GrpcServerProtocolService (LogUtils.java:warn(134)) - 1e780629-3013-4910-b058-82bfaeb575a6: installSnapshot onError, lastRequest: 22d85afd-4d4f-492d-93d6-f244982d2d2b->1e780629-3013-4910-b058-82bfaeb575a6#7-t2, previous=(t:2, i:4), leaderCommit=4, initializing? false, entries: <empty>: org.apache.ratis.thirdparty.io.grpc.StatusRuntimeException: CANCELLED: cancelled before receiving half close
2019-10-23 22:24:13,301 [main] INFO  server.GrpcService (GrpcService.java:closeImpl(172)) - 1e780629-3013-4910-b058-82bfaeb575a6: shutdown server with port 46415 successfully
2019-10-23 22:24:13,304 [refreshUsed-/workdir/hadoop-ozone/integration-test/target/test-dir/MiniOzoneClusterImpl-76426a80-56c3-4df6-b76d-a34ccd4b7bd3/datanode-2/data/containers] WARN  fs.CachingGetSpaceUsed (CachingGetSpaceUsed.java:run(183)) - Thread Interrupted waiting to refresh disk information: sleep interrupted
2019-10-23 22:24:13,309 [grpc-default-executor-0] WARN  server.GrpcLogAppender (LogUtils.java:warn(134)) - 22d85afd-4d4f-492d-93d6-f244982d2d2b@group-FF494030CC0C->1e780629-3013-4910-b058-82bfaeb575a6-AppendLogResponseHandler: Failed appendEntries: org.apache.ratis.thirdparty.io.grpc.StatusRuntimeException: CANCELLED: HTTP/2 error code: CANCEL
Received Rst Stream
2019-10-23 22:24:13,327 [main] INFO  utils.BackgroundService (BackgroundService.java:shutdown(151)) - Shutting down service BlockDeletingService
2019-10-23 22:24:13,332 [main] INFO  statemachine.DatanodeStateMachine (DatanodeStateMachine.java:stopDaemon(395)) - Ozone container server stopped.
2019-10-23 22:24:13,336 [main] INFO  handler.ContextHandler (ContextHandler.java:doStop(910)) - Stopped o.e.j.w.WebAppContext@43e9089{/,null,UNAVAILABLE}{/hddsDatanode}
2019-10-23 22:24:13,342 [main] INFO  server.AbstractConnector (AbstractConnector.java:doStop(318)) - Stopped ServerConnector@3c5dbdf8{HTTP/1.1,[http/1.1]}{0.0.0.0:0}
2019-10-23 22:24:13,343 [main] INFO  handler.ContextHandler (ContextHandler.java:doStop(910)) - Stopped o.e.j.s.ServletContextHandler@433348bc{/static,jar:file:/home/user/.m2/repository/org/apache/hadoop/hadoop-hdds-container-service/0.5.0-SNAPSHOT/hadoop-hdds-container-service-0.5.0-SNAPSHOT.jar!/webapps/static,UNAVAILABLE}
2019-10-23 22:24:13,343 [main] INFO  handler.ContextHandler (ContextHandler.java:doStop(910)) - Stopped o.e.j.s.ServletContextHandler@5fa23c{/logs,file:///workdir/hadoop-ozone/integration-test/target/log,UNAVAILABLE}
2019-10-23 22:24:16,351 [java.util.concurrent.ThreadPoolExecutor$Worker@3c40f574[State = -1, empty queue]] WARN  server.GrpcLogAppender (GrpcLogAppender.java:timeoutAppendRequest(209)) - 22d85afd-4d4f-492d-93d6-f244982d2d2b@group-FF494030CC0C->1e780629-3013-4910-b058-82bfaeb575a6-GrpcLogAppender: appendEntries Timeout, request=22d85afd-4d4f-492d-93d6-f244982d2d2b->1e780629-3013-4910-b058-82bfaeb575a6#8-t2, previous=(t:2, i:4), leaderCommit=4, initializing? false, entries: size=1, first=(t:2, i:5), STATEMACHINELOGENTRY, client-13138D705F93, cid=8
2019-10-23 22:24:16,351 [java.util.concurrent.ThreadPoolExecutor$Worker@3c40f574[State = -1, empty queue]] WARN  server.GrpcLogAppender (GrpcLogAppender.java:timeoutAppendRequest(209)) - 22d85afd-4d4f-492d-93d6-f244982d2d2b@group-FF494030CC0C->1e780629-3013-4910-b058-82bfaeb575a6-GrpcLogAppender: appendEntries Timeout, request=22d85afd-4d4f-492d-93d6-f244982d2d2b->1e780629-3013-4910-b058-82bfaeb575a6#9-t2, previous=(t:2, i:5), leaderCommit=4, initializing? false, entries: size=1, first=(t:2, i:6), STATEMACHINELOGENTRY, client-13138D705F93, cid=9
2019-10-23 22:24:16,371 [java.util.concurrent.ThreadPoolExecutor$Worker@3c40f574[State = -1, empty queue]] WARN  server.GrpcLogAppender (GrpcLogAppender.java:timeoutAppendRequest(209)) - 22d85afd-4d4f-492d-93d6-f244982d2d2b@group-FF494030CC0C->1e780629-3013-4910-b058-82bfaeb575a6-GrpcLogAppender: appendEntries Timeout, request=22d85afd-4d4f-492d-93d6-f244982d2d2b->1e780629-3013-4910-b058-82bfaeb575a6#10-t2, previous=(t:2, i:6), leaderCommit=6, initializing? false, entries: size=1, first=(t:2, i:7), METADATAENTRY(c5)
2019-10-23 22:24:16,371 [java.util.concurrent.ThreadPoolExecutor$Worker@3c40f574[State = -1, empty queue]] WARN  server.GrpcLogAppender (GrpcLogAppender.java:timeoutAppendRequest(209)) - 22d85afd-4d4f-492d-93d6-f244982d2d2b@group-FF494030CC0C->1e780629-3013-4910-b058-82bfaeb575a6-GrpcLogAppender: appendEntries Timeout, request=22d85afd-4d4f-492d-93d6-f244982d2d2b->1e780629-3013-4910-b058-82bfaeb575a6#11-t2, previous=(t:2, i:7), leaderCommit=6, initializing? false, entries: size=1, first=(t:2, i:8), METADATAENTRY(c6)
2019-10-23 22:24:18,873 [java.util.concurrent.ThreadPoolExecutor$Worker@3c40f574[State = -1, empty queue]] WARN  server.GrpcLogAppender (GrpcLogAppender.java:timeoutAppendRequest(209)) - 22d85afd-4d4f-492d-93d6-f244982d2d2b@group-FF494030CC0C->1e780629-3013-4910-b058-82bfaeb575a6-GrpcLogAppender: appendEntries Timeout, request=22d85afd-4d4f-492d-93d6-f244982d2d2b->1e780629-3013-4910-b058-82bfaeb575a6#12-t2, previous=(t:2, i:8), leaderCommit=8, initializing? false, entries: <empty>
2019-10-23 22:24:21,374 [java.util.concurrent.ThreadPoolExecutor$Worker@3c40f574[State = -1, empty queue]] WARN  server.GrpcLogAppender (GrpcLogAppender.java:timeoutAppendRequest(209)) - 22d85afd-4d4f-492d-93d6-f244982d2d2b@group-FF494030CC0C->1e780629-3013-4910-b058-82bfaeb575a6-GrpcLogAppender: appendEntries Timeout, request=22d85afd-4d4f-492d-93d6-f244982d2d2b->1e780629-3013-4910-b058-82bfaeb575a6#13-t2, previous=(t:2, i:8), leaderCommit=8, initializing? false, entries: <empty>
2019-10-23 22:24:23,761 [Thread-290] INFO  client.GrpcClientProtocolService (GrpcClientProtocolService.java:lambda$processClientRequest$0(278)) - Failed RaftClientRequest:client-13138D705F93->22d85afd-4d4f-492d-93d6-f244982d2d2b@group-FF494030CC0C, cid=10, seq=0, Watch-ALL_COMMITTED(6), Message:<EMPTY>, reply=RaftClientReply:client-13138D705F93->22d85afd-4d4f-492d-93d6-f244982d2d2b@group-FF494030CC0C, cid=10, FAILED org.apache.ratis.protocol.NotReplicatedException: Request with call Id 10 and log index 6 is not yet replicated to ALL_COMMITTED, logIndex=6, commits[22d85afd-4d4f-492d-93d6-f244982d2d2b:c8, 73b959bd-e3af-4247-b02b-6987bacc6720:c8, 1e780629-3013-4910-b058-82bfaeb575a6:c4]
2019-10-23 22:24:23,876 [java.util.concurrent.ThreadPoolExecutor$Worker@3c40f574[State = -1, empty queue]] WARN  server.GrpcLogAppender (GrpcLogAppender.java:timeoutAppendRequest(209)) - 22d85afd-4d4f-492d-93d6-f244982d2d2b@group-FF494030CC0C->1e780629-3013-4910-b058-82bfaeb575a6-GrpcLogAppender: appendEntries Timeout, request=22d85afd-4d4f-492d-93d6-f244982d2d2b->1e780629-3013-4910-b058-82bfaeb575a6#14-t2, previous=(t:2, i:8), leaderCommit=8, initializing? false, entries: <empty>
2019-10-23 22:24:26,378 [java.util.concurrent.ThreadPoolExecutor$Worker@3c40f574[State = -1, empty queue]] WARN  server.GrpcLogAppender (GrpcLogAppender.java:timeoutAppendRequest(209)) - 22d85afd-4d4f-492d-93d6-f244982d2d2b@group-FF494030CC0C->1e780629-3013-4910-b058-82bfaeb575a6-GrpcLogAppender: appendEntries Timeout, request=22d85afd-4d4f-492d-93d6-f244982d2d2b->1e780629-3013-4910-b058-82bfaeb575a6#15-t2, previous=(t:2, i:8), leaderCommit=8, initializing? false, entries: <empty>
2019-10-23 22:24:28,879 [java.util.concurrent.ThreadPoolExecutor$Worker@3c40f574[State = -1, empty queue]] WARN  server.GrpcLogAppender (GrpcLogAppender.java:timeoutAppendRequest(209)) - 22d85afd-4d4f-492d-93d6-f244982d2d2b@group-FF494030CC0C->1e780629-3013-4910-b058-82bfaeb575a6-GrpcLogAppender: appendEntries Timeout, request=22d85afd-4d4f-492d-93d6-f244982d2d2b->1e780629-3013-4910-b058-82bfaeb575a6#16-t2, previous=(t:2, i:8), leaderCommit=8, initializing? false, entries: <empty>
2019-10-23 22:24:31,380 [java.util.concurrent.ThreadPoolExecutor$Worker@3c40f574[State = -1, empty queue]] WARN  server.GrpcLogAppender (GrpcLogAppender.java:timeoutAppendRequest(209)) - 22d85afd-4d4f-492d-93d6-f244982d2d2b@group-FF494030CC0C->1e780629-3013-4910-b058-82bfaeb575a6-GrpcLogAppender: appendEntries Timeout, request=22d85afd-4d4f-492d-93d6-f244982d2d2b->1e780629-3013-4910-b058-82bfaeb575a6#17-t2, previous=(t:2, i:8), leaderCommit=8, initializing? false, entries: <empty>
2019-10-23 22:24:33,439 [Thread-299] INFO  client.GrpcClientProtocolService (GrpcClientProtocolService.java:lambda$processClientRequest$0(278)) - Failed RaftClientRequest:client-13138D705F93->73b959bd-e3af-4247-b02b-6987bacc6720@group-FF494030CC0C, cid=10, seq=0, Watch-ALL_COMMITTED(6), Message:<EMPTY>, reply=RaftClientReply:client-13138D705F93->73b959bd-e3af-4247-b02b-6987bacc6720@group-FF494030CC0C, cid=10, FAILED org.apache.ratis.protocol.NotLeaderException: Server 73b959bd-e3af-4247-b02b-6987bacc6720@group-FF494030CC0C is not the leader 22d85afd-4d4f-492d-93d6-f244982d2d2b:192.168.34.28:33618, logIndex=0, commits[73b959bd-e3af-4247-b02b-6987bacc6720:c8, 1e780629-3013-4910-b058-82bfaeb575a6:c4, 22d85afd-4d4f-492d-93d6-f244982d2d2b:c8]
2019-10-23 22:24:33,755 [Thread-302] INFO  client.GrpcClientProtocolService (GrpcClientProtocolService.java:lambda$processClientRequest$0(278)) - Failed RaftClientRequest:client-13138D705F93->22d85afd-4d4f-492d-93d6-f244982d2d2b@group-FF494030CC0C, cid=10, seq=0, Watch-ALL_COMMITTED(6), Message:<EMPTY>, reply=RaftClientReply:client-13138D705F93->22d85afd-4d4f-492d-93d6-f244982d2d2b@group-FF494030CC0C, cid=10, FAILED org.apache.ratis.protocol.NotReplicatedException: Request with call Id 10 and log index 6 is not yet replicated to ALL_COMMITTED, logIndex=6, commits[22d85afd-4d4f-492d-93d6-f244982d2d2b:c8, 73b959bd-e3af-4247-b02b-6987bacc6720:c8, 1e780629-3013-4910-b058-82bfaeb575a6:c4]
2019-10-23 22:24:33,880 [java.util.concurrent.ThreadPoolExecutor$Worker@3c40f574[State = -1, empty queue]] WARN  server.GrpcLogAppender (GrpcLogAppender.java:timeoutAppendRequest(209)) - 22d85afd-4d4f-492d-93d6-f244982d2d2b@group-FF494030CC0C->1e780629-3013-4910-b058-82bfaeb575a6-GrpcLogAppender: appendEntries Timeout, request=22d85afd-4d4f-492d-93d6-f244982d2d2b->1e780629-3013-4910-b058-82bfaeb575a6#18-t2, previous=(t:2, i:8), leaderCommit=8, initializing? false, entries: <empty>
2019-10-23 22:24:36,381 [java.util.concurrent.ThreadPoolExecutor$Worker@3c40f574[State = -1, empty queue]] WARN  server.GrpcLogAppender (GrpcLogAppender.java:timeoutAppendRequest(209)) - 22d85afd-4d4f-492d-93d6-f244982d2d2b@group-FF494030CC0C->1e780629-3013-4910-b058-82bfaeb575a6-GrpcLogAppender: appendEntries Timeout, request=22d85afd-4d4f-492d-93d6-f244982d2d2b->1e780629-3013-4910-b058-82bfaeb575a6#19-t2, previous=(t:2, i:8), leaderCommit=8, initializing? false, entries: <empty>
2019-10-23 22:24:38,884 [java.util.concurrent.ThreadPoolExecutor$Worker@3c40f574[State = -1, empty queue]] WARN  server.GrpcLogAppender (GrpcLogAppender.java:timeoutAppendRequest(209)) - 22d85afd-4d4f-492d-93d6-f244982d2d2b@group-FF494030CC0C->1e780629-3013-4910-b058-82bfaeb575a6-GrpcLogAppender: appendEntries Timeout, request=22d85afd-4d4f-492d-93d6-f244982d2d2b->1e780629-3013-4910-b058-82bfaeb575a6#20-t2, previous=(t:2, i:8), leaderCommit=8, initializing? false, entries: <empty>
2019-10-23 22:24:41,385 [java.util.concurrent.ThreadPoolExecutor$Worker@3c40f574[State = -1, empty queue]] WARN  server.GrpcLogAppender (GrpcLogAppender.java:timeoutAppendRequest(209)) - 22d85afd-4d4f-492d-93d6-f244982d2d2b@group-FF494030CC0C->1e780629-3013-4910-b058-82bfaeb575a6-GrpcLogAppender: appendEntries Timeout, request=22d85afd-4d4f-492d-93d6-f244982d2d2b->1e780629-3013-4910-b058-82bfaeb575a6#21-t2, previous=(t:2, i:8), leaderCommit=8, initializing? false, entries: <empty>
2019-10-23 22:24:42,479 [Thread-308] INFO  client.GrpcClientProtocolService (GrpcClientProtocolService.java:lambda$processClientRequest$0(278)) - Failed RaftClientRequest:client-13138D705F93->73b959bd-e3af-4247-b02b-6987bacc6720@group-FF494030CC0C, cid=10, seq=0, Watch-ALL_COMMITTED(6), Message:<EMPTY>, reply=RaftClientReply:client-13138D705F93->73b959bd-e3af-4247-b02b-6987bacc6720@group-FF494030CC0C, cid=10, FAILED org.apache.ratis.protocol.NotLeaderException: Server 73b959bd-e3af-4247-b02b-6987bacc6720@group-FF494030CC0C is not the leader 22d85afd-4d4f-492d-93d6-f244982d2d2b:192.168.34.28:33618, logIndex=0, commits[73b959bd-e3af-4247-b02b-6987bacc6720:c8, 1e780629-3013-4910-b058-82bfaeb575a6:c4, 22d85afd-4d4f-492d-93d6-f244982d2d2b:c8]
2019-10-23 22:24:43,385 [main] WARN  scm.XceiverClientRatis (XceiverClientRatis.java:watchForCommit(277)) - 3 way commit failed on pipeline Pipeline[ Id: d8220d6b-da92-433e-abb5-ff494030cc0c, Nodes: 22d85afd-4d4f-492d-93d6-f244982d2d2b{ip: 192.168.34.28, host: pr-hdds-2240-gjcjf-507280437, networkLocation: /default-rack, certSerialId: null}1e780629-3013-4910-b058-82bfaeb575a6{ip: 192.168.34.28, host: pr-hdds-2240-gjcjf-507280437, networkLocation: /default-rack, certSerialId: null}73b959bd-e3af-4247-b02b-6987bacc6720{ip: 192.168.34.28, host: pr-hdds-2240-gjcjf-507280437, networkLocation: /default-rack, certSerialId: null}, Type:RATIS, Factor:THREE, State:OPEN]
java.util.concurrent.TimeoutException
	at java.util.concurrent.CompletableFuture.timedGet(CompletableFuture.java:1771)
	at java.util.concurrent.CompletableFuture.get(CompletableFuture.java:1915)
	at org.apache.hadoop.hdds.scm.XceiverClientRatis.watchForCommit(XceiverClientRatis.java:274)
	at org.apache.hadoop.hdds.scm.storage.CommitWatcher.watchForCommit(CommitWatcher.java:198)
	at org.apache.hadoop.hdds.scm.storage.CommitWatcher.watchOnLastIndex(CommitWatcher.java:161)
	at org.apache.hadoop.hdds.scm.storage.BlockOutputStream.watchForCommit(BlockOutputStream.java:346)
	at org.apache.hadoop.hdds.scm.storage.BlockOutputStream.handleFlush(BlockOutputStream.java:482)
	at org.apache.hadoop.hdds.scm.storage.BlockOutputStream.close(BlockOutputStream.java:496)
	at org.apache.hadoop.ozone.client.io.BlockOutputStreamEntry.close(BlockOutputStreamEntry.java:143)
	at org.apache.hadoop.ozone.client.io.KeyOutputStream.handleFlushOrClose(KeyOutputStream.java:435)
	at org.apache.hadoop.ozone.client.io.KeyOutputStream.close(KeyOutputStream.java:473)
	at org.apache.hadoop.ozone.client.io.OzoneOutputStream.close(OzoneOutputStream.java:60)
	at org.apache.hadoop.ozone.client.rpc.TestDeleteWithSlowFollower.testDeleteKeyWithSlowFollower(TestDeleteWithSlowFollower.java:193)
	at sun.reflect.NativeMethodAccessorImpl.invoke0(Native Method)
	at sun.reflect.NativeMethodAccessorImpl.invoke(NativeMethodAccessorImpl.java:62)
	at sun.reflect.DelegatingMethodAccessorImpl.invoke(DelegatingMethodAccessorImpl.java:43)
	at java.lang.reflect.Method.invoke(Method.java:498)
	at org.junit.runners.model.FrameworkMethod$1.runReflectiveCall(FrameworkMethod.java:47)
	at org.junit.internal.runners.model.ReflectiveCallable.run(ReflectiveCallable.java:12)
	at org.junit.runners.model.FrameworkMethod.invokeExplosively(FrameworkMethod.java:44)
	at org.junit.internal.runners.statements.InvokeMethod.evaluate(InvokeMethod.java:17)
	at org.junit.runners.ParentRunner.runLeaf(ParentRunner.java:271)
	at org.junit.runners.BlockJUnit4ClassRunner.runChild(BlockJUnit4ClassRunner.java:70)
	at org.junit.runners.BlockJUnit4ClassRunner.runChild(BlockJUnit4ClassRunner.java:50)
	at org.junit.runners.ParentRunner$3.run(ParentRunner.java:238)
	at org.junit.runners.ParentRunner$1.schedule(ParentRunner.java:63)
	at org.junit.runners.ParentRunner.runChildren(ParentRunner.java:236)
	at org.junit.runners.ParentRunner.access$000(ParentRunner.java:53)
	at org.junit.runners.ParentRunner$2.evaluate(ParentRunner.java:229)
	at org.junit.internal.runners.statements.RunBefores.evaluate(RunBefores.java:26)
	at org.junit.internal.runners.statements.RunAfters.evaluate(RunAfters.java:27)
	at org.junit.runners.ParentRunner.run(ParentRunner.java:309)
	at org.apache.maven.surefire.junit4.JUnit4Provider.execute(JUnit4Provider.java:365)
	at org.apache.maven.surefire.junit4.JUnit4Provider.executeWithRerun(JUnit4Provider.java:273)
	at org.apache.maven.surefire.junit4.JUnit4Provider.executeTestSet(JUnit4Provider.java:238)
	at org.apache.maven.surefire.junit4.JUnit4Provider.invoke(JUnit4Provider.java:159)
	at org.apache.maven.surefire.booter.ForkedBooter.invokeProviderInSameClassLoader(ForkedBooter.java:384)
	at org.apache.maven.surefire.booter.ForkedBooter.runSuitesInProcess(ForkedBooter.java:345)
	at org.apache.maven.surefire.booter.ForkedBooter.execute(ForkedBooter.java:126)
	at org.apache.maven.surefire.booter.ForkedBooter.main(ForkedBooter.java:418)
2019-10-23 22:24:43,401 [main] INFO  scm.XceiverClientRatis (XceiverClientRatis.java:lambda$watchForCommit$5(295)) - Could not commit index 6 on pipeline Pipeline[ Id: d8220d6b-da92-433e-abb5-ff494030cc0c, Nodes: 22d85afd-4d4f-492d-93d6-f244982d2d2b{ip: 192.168.34.28, host: pr-hdds-2240-gjcjf-507280437, networkLocation: /default-rack, certSerialId: null}1e780629-3013-4910-b058-82bfaeb575a6{ip: 192.168.34.28, host: pr-hdds-2240-gjcjf-507280437, networkLocation: /default-rack, certSerialId: null}73b959bd-e3af-4247-b02b-6987bacc6720{ip: 192.168.34.28, host: pr-hdds-2240-gjcjf-507280437, networkLocation: /default-rack, certSerialId: null}, Type:RATIS, Factor:THREE, State:OPEN] to all the nodes. Server 1e780629-3013-4910-b058-82bfaeb575a6 has failed. Committed by majority.
2019-10-23 22:24:43,402 [main] WARN  storage.BlockOutputStream (BlockOutputStream.java:watchForCommit(352)) - Failed to commit BlockId conID: 1 locID: 103014036116078592 bcsId: 6 on Pipeline[ Id: d8220d6b-da92-433e-abb5-ff494030cc0c, Nodes: 22d85afd-4d4f-492d-93d6-f244982d2d2b{ip: 192.168.34.28, host: pr-hdds-2240-gjcjf-507280437, networkLocation: /default-rack, certSerialId: null}1e780629-3013-4910-b058-82bfaeb575a6{ip: 192.168.34.28, host: pr-hdds-2240-gjcjf-507280437, networkLocation: /default-rack, certSerialId: null}73b959bd-e3af-4247-b02b-6987bacc6720{ip: 192.168.34.28, host: pr-hdds-2240-gjcjf-507280437, networkLocation: /default-rack, certSerialId: null}, Type:RATIS, Factor:THREE, State:OPEN]. Failed nodes: [1e780629-3013-4910-b058-82bfaeb575a6{ip: null, host: null, networkLocation: /default-rack, certSerialId: null}]
2019-10-23 22:24:43,473 [EventQueue-IncrementalContainerReportForIncrementalContainerReportHandler] WARN  container.IncrementalContainerReportHandler (AbstractContainerReportHandler.java:updateContainerState(145)) - Container #1 is in OPEN state, but the datanode 22d85afd-4d4f-492d-93d6-f244982d2d2b{ip: 192.168.34.28, host: pr-hdds-2240-gjcjf-507280437, networkLocation: /default-rack, certSerialId: null} reports an CLOSING replica.
2019-10-23 22:24:43,483 [RatisApplyTransactionExecutor 1] INFO  interfaces.Container (KeyValueContainer.java:flushAndSyncDB(386)) - Container 1 is synced with bcsId 6.
2019-10-23 22:24:43,484 [RatisApplyTransactionExecutor 1] INFO  interfaces.Container (KeyValueContainer.java:flushAndSyncDB(386)) - Container 1 is synced with bcsId 6.
2019-10-23 22:24:43,498 [RatisApplyTransactionExecutor 1] INFO  interfaces.Container (KeyValueContainer.java:close(335)) - Container 1 is closed with bcsId 6.
2019-10-23 22:24:43,502 [EventQueue-IncrementalContainerReportForIncrementalContainerReportHandler] WARN  container.IncrementalContainerReportHandler (AbstractContainerReportHandler.java:updateContainerState(145)) - Container #1 is in OPEN state, but the datanode 73b959bd-e3af-4247-b02b-6987bacc6720{ip: 192.168.34.28, host: pr-hdds-2240-gjcjf-507280437, networkLocation: /default-rack, certSerialId: null} reports an CLOSING replica.
2019-10-23 22:24:43,502 [EventQueue-IncrementalContainerReportForIncrementalContainerReportHandler] WARN  container.IncrementalContainerReportHandler (AbstractContainerReportHandler.java:updateContainerState(145)) - Container #1 is in OPEN state, but the datanode 22d85afd-4d4f-492d-93d6-f244982d2d2b{ip: 192.168.34.28, host: pr-hdds-2240-gjcjf-507280437, networkLocation: /default-rack, certSerialId: null} reports an CLOSED replica.
2019-10-23 22:24:43,511 [RatisApplyTransactionExecutor 1] INFO  interfaces.Container (KeyValueContainer.java:flushAndSyncDB(386)) - Container 1 is synced with bcsId 6.
2019-10-23 22:24:43,512 [RatisApplyTransactionExecutor 1] INFO  interfaces.Container (KeyValueContainer.java:flushAndSyncDB(386)) - Container 1 is synced with bcsId 6.
2019-10-23 22:24:43,528 [RatisApplyTransactionExecutor 1] INFO  interfaces.Container (KeyValueContainer.java:close(335)) - Container 1 is closed with bcsId 6.
2019-10-23 22:24:43,530 [EventQueue-IncrementalContainerReportForIncrementalContainerReportHandler] WARN  container.IncrementalContainerReportHandler (AbstractContainerReportHandler.java:updateContainerState(145)) - Container #1 is in OPEN state, but the datanode 73b959bd-e3af-4247-b02b-6987bacc6720{ip: 192.168.34.28, host: pr-hdds-2240-gjcjf-507280437, networkLocation: /default-rack, certSerialId: null} reports an CLOSED replica.
2019-10-23 22:24:43,630 [EventQueue-ContainerReportForContainerReportHandler] WARN  container.ContainerReportHandler (AbstractContainerReportHandler.java:updateContainerState(145)) - Container #1 is in OPEN state, but the datanode 73b959bd-e3af-4247-b02b-6987bacc6720{ip: 192.168.34.28, host: pr-hdds-2240-gjcjf-507280437, networkLocation: /default-rack, certSerialId: null} reports an CLOSED replica.
2019-10-23 22:24:43,755 [Thread-319] INFO  client.GrpcClientProtocolService (GrpcClientProtocolService.java:lambda$processClientRequest$0(278)) - Failed RaftClientRequest:client-13138D705F93->22d85afd-4d4f-492d-93d6-f244982d2d2b@group-FF494030CC0C, cid=10, seq=0, Watch-ALL_COMMITTED(6), Message:<EMPTY>, reply=RaftClientReply:client-13138D705F93->22d85afd-4d4f-492d-93d6-f244982d2d2b@group-FF494030CC0C, cid=10, FAILED org.apache.ratis.protocol.NotReplicatedException: Request with call Id 10 and log index 6 is not yet replicated to ALL_COMMITTED, logIndex=6, commits[22d85afd-4d4f-492d-93d6-f244982d2d2b:c10, 73b959bd-e3af-4247-b02b-6987bacc6720:c9, 1e780629-3013-4910-b058-82bfaeb575a6:c4]
2019-10-23 22:24:43,886 [java.util.concurrent.ThreadPoolExecutor$Worker@3c40f574[State = -1, empty queue]] WARN  server.GrpcLogAppender (GrpcLogAppender.java:timeoutAppendRequest(209)) - 22d85afd-4d4f-492d-93d6-f244982d2d2b@group-FF494030CC0C->1e780629-3013-4910-b058-82bfaeb575a6-GrpcLogAppender: appendEntries Timeout, request=22d85afd-4d4f-492d-93d6-f244982d2d2b->1e780629-3013-4910-b058-82bfaeb575a6#22-t2, previous=(t:2, i:8), leaderCommit=8, initializing? false, entries: <empty>
2019-10-23 22:24:43,900 [EventQueue-ContainerReportForContainerReportHandler] WARN  container.ContainerReportHandler (AbstractContainerReportHandler.java:updateContainerState(145)) - Container #1 is in OPEN state, but the datanode 22d85afd-4d4f-492d-93d6-f244982d2d2b{ip: 192.168.34.28, host: pr-hdds-2240-gjcjf-507280437, networkLocation: /default-rack, certSerialId: null} reports an CLOSED replica.
2019-10-23 22:24:44,032 [EventQueue-ContainerReportForContainerReportHandler] WARN  container.ContainerReportHandler (AbstractContainerReportHandler.java:updateContainerState(145)) - Container #1 is in OPEN state, but the datanode 73b959bd-e3af-4247-b02b-6987bacc6720{ip: 192.168.34.28, host: pr-hdds-2240-gjcjf-507280437, networkLocation: /default-rack, certSerialId: null} reports an CLOSED replica.
2019-10-23 22:24:44,101 [EventQueue-ContainerReportForContainerReportHandler] WARN  container.ContainerReportHandler (AbstractContainerReportHandler.java:updateContainerState(145)) - Container #1 is in OPEN state, but the datanode 22d85afd-4d4f-492d-93d6-f244982d2d2b{ip: 192.168.34.28, host: pr-hdds-2240-gjcjf-507280437, networkLocation: /default-rack, certSerialId: null} reports an CLOSED replica.
2019-10-23 22:24:44,233 [EventQueue-ContainerReportForContainerReportHandler] WARN  container.ContainerReportHandler (AbstractContainerReportHandler.java:updateContainerState(145)) - Container #1 is in OPEN state, but the datanode 73b959bd-e3af-4247-b02b-6987bacc6720{ip: 192.168.34.28, host: pr-hdds-2240-gjcjf-507280437, networkLocation: /default-rack, certSerialId: null} reports an CLOSED replica.
2019-10-23 22:24:44,237 [IPC Server handler 0 on 44060] INFO  server.SCMBlockProtocolServer (SCMBlockProtocolServer.java:deleteKeyBlocks(212)) - SCM is informed by OM to delete 1 blocks
2019-10-23 22:24:44,237 [IPC Server handler 0 on 44060] INFO  block.BlockManagerImpl (BlockManagerImpl.java:deleteBlocks(285)) - Deleting blocks conID: 1 locID: 103014036116078592 bcsId: 0
2019-10-23 22:24:44,402 [EventQueue-ContainerReportForContainerReportHandler] WARN  container.ContainerReportHandler (AbstractContainerReportHandler.java:updateContainerState(145)) - Container #1 is in OPEN state, but the datanode 22d85afd-4d4f-492d-93d6-f244982d2d2b{ip: 192.168.34.28, host: pr-hdds-2240-gjcjf-507280437, networkLocation: /default-rack, certSerialId: null} reports an CLOSED replica.
2019-10-23 22:24:44,448 [BlockDeletingService#2] WARN  background.BlockDeletingService (BlockDeletingService.java:isDeletionAllowed(187)) - Close Container log Index 6 is not replicated across allthe servers in the pipeline d8220d6b-da92-433e-abb5-ff494030cc0c as the min replicated index is 4. Deletion is not allowed in this container yet.
2019-10-23 22:24:44,450 [BlockDeletingService#2] WARN  background.BlockDeletingService (BlockDeletingService.java:isDeletionAllowed(187)) - Close Container log Index 6 is not replicated across allthe servers in the pipeline d8220d6b-da92-433e-abb5-ff494030cc0c as the min replicated index is 4. Deletion is not allowed in this container yet.
2019-10-23 22:24:44,534 [EventQueue-ContainerReportForContainerReportHandler] WARN  container.ContainerReportHandler (AbstractContainerReportHandler.java:updateContainerState(145)) - Container #1 is in OPEN state, but the datanode 73b959bd-e3af-4247-b02b-6987bacc6720{ip: 192.168.34.28, host: pr-hdds-2240-gjcjf-507280437, networkLocation: /default-rack, certSerialId: null} reports an CLOSED replica.
2019-10-23 22:24:44,701 [EventQueue-ContainerReportForContainerReportHandler] WARN  container.ContainerReportHandler (AbstractContainerReportHandler.java:updateContainerState(145)) - Container #1 is in OPEN state, but the datanode 22d85afd-4d4f-492d-93d6-f244982d2d2b{ip: 192.168.34.28, host: pr-hdds-2240-gjcjf-507280437, networkLocation: /default-rack, certSerialId: null} reports an CLOSED replica.
2019-10-23 22:24:44,935 [EventQueue-ContainerReportForContainerReportHandler] WARN  container.ContainerReportHandler (AbstractContainerReportHandler.java:updateContainerState(145)) - Container #1 is in OPEN state, but the datanode 73b959bd-e3af-4247-b02b-6987bacc6720{ip: 192.168.34.28, host: pr-hdds-2240-gjcjf-507280437, networkLocation: /default-rack, certSerialId: null} reports an CLOSED replica.
2019-10-23 22:24:45,102 [EventQueue-ContainerReportForContainerReportHandler] WARN  container.ContainerReportHandler (AbstractContainerReportHandler.java:updateContainerState(145)) - Container #1 is in OPEN state, but the datanode 22d85afd-4d4f-492d-93d6-f244982d2d2b{ip: 192.168.34.28, host: pr-hdds-2240-gjcjf-507280437, networkLocation: /default-rack, certSerialId: null} reports an CLOSED replica.
2019-10-23 22:24:45,234 [EventQueue-ContainerReportForContainerReportHandler] WARN  container.ContainerReportHandler (AbstractContainerReportHandler.java:updateContainerState(145)) - Container #1 is in OPEN state, but the datanode 73b959bd-e3af-4247-b02b-6987bacc6720{ip: 192.168.34.28, host: pr-hdds-2240-gjcjf-507280437, networkLocation: /default-rack, certSerialId: null} reports an CLOSED replica.
2019-10-23 22:24:45,402 [EventQueue-ContainerReportForContainerReportHandler] WARN  container.ContainerReportHandler (AbstractContainerReportHandler.java:updateContainerState(145)) - Container #1 is in OPEN state, but the datanode 22d85afd-4d4f-492d-93d6-f244982d2d2b{ip: 192.168.34.28, host: pr-hdds-2240-gjcjf-507280437, networkLocation: /default-rack, certSerialId: null} reports an CLOSED replica.
2019-10-23 22:24:45,449 [BlockDeletingService#2] WARN  background.BlockDeletingService (BlockDeletingService.java:isDeletionAllowed(187)) - Close Container log Index 6 is not replicated across allthe servers in the pipeline d8220d6b-da92-433e-abb5-ff494030cc0c as the min replicated index is 4. Deletion is not allowed in this container yet.
2019-10-23 22:24:45,453 [BlockDeletingService#2] WARN  background.BlockDeletingService (BlockDeletingService.java:isDeletionAllowed(187)) - Close Container log Index 6 is not replicated across allthe servers in the pipeline d8220d6b-da92-433e-abb5-ff494030cc0c as the min replicated index is 4. Deletion is not allowed in this container yet.
2019-10-23 22:24:45,534 [EventQueue-ContainerReportForContainerReportHandler] WARN  container.ContainerReportHandler (AbstractContainerReportHandler.java:updateContainerState(145)) - Container #1 is in OPEN state, but the datanode 73b959bd-e3af-4247-b02b-6987bacc6720{ip: 192.168.34.28, host: pr-hdds-2240-gjcjf-507280437, networkLocation: /default-rack, certSerialId: null} reports an CLOSED replica.
2019-10-23 22:24:45,802 [EventQueue-ContainerReportForContainerReportHandler] WARN  container.ContainerReportHandler (AbstractContainerReportHandler.java:updateContainerState(145)) - Container #1 is in OPEN state, but the datanode 22d85afd-4d4f-492d-93d6-f244982d2d2b{ip: 192.168.34.28, host: pr-hdds-2240-gjcjf-507280437, networkLocation: /default-rack, certSerialId: null} reports an CLOSED replica.
2019-10-23 22:24:45,834 [EventQueue-ContainerReportForContainerReportHandler] WARN  container.ContainerReportHandler (AbstractContainerReportHandler.java:updateContainerState(145)) - Container #1 is in OPEN state, but the datanode 73b959bd-e3af-4247-b02b-6987bacc6720{ip: 192.168.34.28, host: pr-hdds-2240-gjcjf-507280437, networkLocation: /default-rack, certSerialId: null} reports an CLOSED replica.
2019-10-23 22:24:46,102 [EventQueue-ContainerReportForContainerReportHandler] WARN  container.ContainerReportHandler (AbstractContainerReportHandler.java:updateContainerState(145)) - Container #1 is in OPEN state, but the datanode 22d85afd-4d4f-492d-93d6-f244982d2d2b{ip: 192.168.34.28, host: pr-hdds-2240-gjcjf-507280437, networkLocation: /default-rack, certSerialId: null} reports an CLOSED replica.
2019-10-23 22:24:46,234 [EventQueue-ContainerReportForContainerReportHandler] WARN  container.ContainerReportHandler (AbstractContainerReportHandler.java:updateContainerState(145)) - Container #1 is in OPEN state, but the datanode 73b959bd-e3af-4247-b02b-6987bacc6720{ip: 192.168.34.28, host: pr-hdds-2240-gjcjf-507280437, networkLocation: /default-rack, certSerialId: null} reports an CLOSED replica.
2019-10-23 22:24:46,387 [java.util.concurrent.ThreadPoolExecutor$Worker@3c40f574[State = -1, empty queue]] WARN  server.GrpcLogAppender (GrpcLogAppender.java:timeoutAppendRequest(209)) - 22d85afd-4d4f-492d-93d6-f244982d2d2b@group-FF494030CC0C->1e780629-3013-4910-b058-82bfaeb575a6-GrpcLogAppender: appendEntries Timeout, request=22d85afd-4d4f-492d-93d6-f244982d2d2b->1e780629-3013-4910-b058-82bfaeb575a6#23-t2, previous=(t:2, i:8), leaderCommit=8, initializing? false, entries: <empty>
2019-10-23 22:24:46,403 [EventQueue-ContainerReportForContainerReportHandler] WARN  container.ContainerReportHandler (AbstractContainerReportHandler.java:updateContainerState(145)) - Container #1 is in OPEN state, but the datanode 22d85afd-4d4f-492d-93d6-f244982d2d2b{ip: 192.168.34.28, host: pr-hdds-2240-gjcjf-507280437, networkLocation: /default-rack, certSerialId: null} reports an CLOSED replica.
2019-10-23 22:24:46,435 [EventQueue-ContainerReportForContainerReportHandler] WARN  container.ContainerReportHandler (AbstractContainerReportHandler.java:updateContainerState(145)) - Container #1 is in OPEN state, but the datanode 73b959bd-e3af-4247-b02b-6987bacc6720{ip: 192.168.34.28, host: pr-hdds-2240-gjcjf-507280437, networkLocation: /default-rack, certSerialId: null} reports an CLOSED replica.
2019-10-23 22:24:46,445 [java.util.concurrent.ThreadPoolExecutor$Worker@3c40f574[State = -1, empty queue]] WARN  server.GrpcLogAppender (GrpcLogAppender.java:timeoutAppendRequest(209)) - 22d85afd-4d4f-492d-93d6-f244982d2d2b@group-FF494030CC0C->1e780629-3013-4910-b058-82bfaeb575a6-GrpcLogAppender: appendEntries Timeout, request=22d85afd-4d4f-492d-93d6-f244982d2d2b->1e780629-3013-4910-b058-82bfaeb575a6#24-t2, previous=(t:2, i:8), leaderCommit=8, initializing? false, entries: size=1, first=(t:2, i:9), STATEMACHINELOGENTRY, client-D30BCB78C466, cid=12
2019-10-23 22:24:46,452 [BlockDeletingService#2] WARN  background.BlockDeletingService (BlockDeletingService.java:isDeletionAllowed(187)) - Close Container log Index 6 is not replicated across allthe servers in the pipeline d8220d6b-da92-433e-abb5-ff494030cc0c as the min replicated index is 4. Deletion is not allowed in this container yet.
2019-10-23 22:24:46,454 [BlockDeletingService#2] WARN  background.BlockDeletingService (BlockDeletingService.java:isDeletionAllowed(187)) - Close Container log Index 6 is not replicated across allthe servers in the pipeline d8220d6b-da92-433e-abb5-ff494030cc0c as the min replicated index is 4. Deletion is not allowed in this container yet.
2019-10-23 22:24:46,459 [java.util.concurrent.ThreadPoolExecutor$Worker@3c40f574[State = -1, empty queue]] WARN  server.GrpcLogAppender (GrpcLogAppender.java:timeoutAppendRequest(209)) - 22d85afd-4d4f-492d-93d6-f244982d2d2b@group-FF494030CC0C->1e780629-3013-4910-b058-82bfaeb575a6-GrpcLogAppender: appendEntries Timeout, request=22d85afd-4d4f-492d-93d6-f244982d2d2b->1e780629-3013-4910-b058-82bfaeb575a6#25-t2, previous=(t:2, i:9), leaderCommit=9, initializing? false, entries: size=1, first=(t:2, i:10), METADATAENTRY(c9)
2019-10-23 22:24:46,736 [EventQueue-ContainerReportForContainerReportHandler] WARN  container.ContainerReportHandler (AbstractContainerReportHandler.java:updateContainerState(145)) - Container #1 is in OPEN state, but the datanode 73b959bd-e3af-4247-b02b-6987bacc6720{ip: 192.168.34.28, host: pr-hdds-2240-gjcjf-507280437, networkLocation: /default-rack, certSerialId: null} reports an CLOSED replica.
2019-10-23 22:24:46,803 [EventQueue-ContainerReportForContainerReportHandler] WARN  container.ContainerReportHandler (AbstractContainerReportHandler.java:updateContainerState(145)) - Container #1 is in OPEN state, but the datanode 22d85afd-4d4f-492d-93d6-f244982d2d2b{ip: 192.168.34.28, host: pr-hdds-2240-gjcjf-507280437, networkLocation: /default-rack, certSerialId: null} reports an CLOSED replica.
2019-10-23 22:24:47,035 [EventQueue-ContainerReportForContainerReportHandler] WARN  container.ContainerReportHandler (AbstractContainerReportHandler.java:updateContainerState(145)) - Container #1 is in OPEN state, but the datanode 73b959bd-e3af-4247-b02b-6987bacc6720{ip: 192.168.34.28, host: pr-hdds-2240-gjcjf-507280437, networkLocation: /default-rack, certSerialId: null} reports an CLOSED replica.
2019-10-23 22:24:47,105 [EventQueue-ContainerReportForContainerReportHandler] WARN  container.ContainerReportHandler (AbstractContainerReportHandler.java:updateContainerState(145)) - Container #1 is in OPEN state, but the datanode 22d85afd-4d4f-492d-93d6-f244982d2d2b{ip: 192.168.34.28, host: pr-hdds-2240-gjcjf-507280437, networkLocation: /default-rack, certSerialId: null} reports an CLOSED replica.
2019-10-23 22:24:47,235 [EventQueue-ContainerReportForContainerReportHandler] WARN  container.ContainerReportHandler (AbstractContainerReportHandler.java:updateContainerState(145)) - Container #1 is in OPEN state, but the datanode 73b959bd-e3af-4247-b02b-6987bacc6720{ip: 192.168.34.28, host: pr-hdds-2240-gjcjf-507280437, networkLocation: /default-rack, certSerialId: null} reports an CLOSED replica.
2019-10-23 22:24:47,454 [BlockDeletingService#2] WARN  background.BlockDeletingService (BlockDeletingService.java:isDeletionAllowed(187)) - Close Container log Index 6 is not replicated across allthe servers in the pipeline d8220d6b-da92-433e-abb5-ff494030cc0c as the min replicated index is 4. Deletion is not allowed in this container yet.
2019-10-23 22:24:47,457 [BlockDeletingService#2] WARN  background.BlockDeletingService (BlockDeletingService.java:isDeletionAllowed(187)) - Close Container log Index 6 is not replicated across allthe servers in the pipeline d8220d6b-da92-433e-abb5-ff494030cc0c as the min replicated index is 4. Deletion is not allowed in this container yet.
2019-10-23 22:24:47,506 [EventQueue-ContainerReportForContainerReportHandler] WARN  container.ContainerReportHandler (AbstractContainerReportHandler.java:updateContainerState(145)) - Container #1 is in OPEN state, but the datanode 22d85afd-4d4f-492d-93d6-f244982d2d2b{ip: 192.168.34.28, host: pr-hdds-2240-gjcjf-507280437, networkLocation: /default-rack, certSerialId: null} reports an CLOSED replica.
2019-10-23 22:24:47,635 [EventQueue-ContainerReportForContainerReportHandler] WARN  container.ContainerReportHandler (AbstractContainerReportHandler.java:updateContainerState(145)) - Container #1 is in OPEN state, but the datanode 73b959bd-e3af-4247-b02b-6987bacc6720{ip: 192.168.34.28, host: pr-hdds-2240-gjcjf-507280437, networkLocation: /default-rack, certSerialId: null} reports an CLOSED replica.
2019-10-23 22:24:47,807 [EventQueue-ContainerReportForContainerReportHandler] WARN  container.ContainerReportHandler (AbstractContainerReportHandler.java:updateContainerState(145)) - Container #1 is in OPEN state, but the datanode 22d85afd-4d4f-492d-93d6-f244982d2d2b{ip: 192.168.34.28, host: pr-hdds-2240-gjcjf-507280437, networkLocation: /default-rack, certSerialId: null} reports an CLOSED replica.
2019-10-23 22:24:47,935 [EventQueue-ContainerReportForContainerReportHandler] WARN  container.ContainerReportHandler (AbstractContainerReportHandler.java:updateContainerState(145)) - Container #1 is in OPEN state, but the datanode 73b959bd-e3af-4247-b02b-6987bacc6720{ip: 192.168.34.28, host: pr-hdds-2240-gjcjf-507280437, networkLocation: /default-rack, certSerialId: null} reports an CLOSED replica.
2019-10-23 22:24:48,108 [EventQueue-ContainerReportForContainerReportHandler] WARN  container.ContainerReportHandler (AbstractContainerReportHandler.java:updateContainerState(145)) - Container #1 is in OPEN state, but the datanode 22d85afd-4d4f-492d-93d6-f244982d2d2b{ip: 192.168.34.28, host: pr-hdds-2240-gjcjf-507280437, networkLocation: /default-rack, certSerialId: null} reports an CLOSED replica.
2019-10-23 22:24:48,134 [EventQueue-ContainerReportForContainerReportHandler] WARN  container.ContainerReportHandler (AbstractContainerReportHandler.java:updateContainerState(145)) - Container #1 is in OPEN state, but the datanode 73b959bd-e3af-4247-b02b-6987bacc6720{ip: 192.168.34.28, host: pr-hdds-2240-gjcjf-507280437, networkLocation: /default-rack, certSerialId: null} reports an CLOSED replica.
2019-10-23 22:24:48,409 [EventQueue-ContainerReportForContainerReportHandler] WARN  container.ContainerReportHandler (AbstractContainerReportHandler.java:updateContainerState(145)) - Container #1 is in OPEN state, but the datanode 22d85afd-4d4f-492d-93d6-f244982d2d2b{ip: 192.168.34.28, host: pr-hdds-2240-gjcjf-507280437, networkLocation: /default-rack, certSerialId: null} reports an CLOSED replica.
2019-10-23 22:24:48,434 [EventQueue-ContainerReportForContainerReportHandler] WARN  container.ContainerReportHandler (AbstractContainerReportHandler.java:updateContainerState(145)) - Container #1 is in OPEN state, but the datanode 73b959bd-e3af-4247-b02b-6987bacc6720{ip: 192.168.34.28, host: pr-hdds-2240-gjcjf-507280437, networkLocation: /default-rack, certSerialId: null} reports an CLOSED replica.
2019-10-23 22:24:48,458 [BlockDeletingService#2] WARN  background.BlockDeletingService (BlockDeletingService.java:isDeletionAllowed(187)) - Close Container log Index 6 is not replicated across allthe servers in the pipeline d8220d6b-da92-433e-abb5-ff494030cc0c as the min replicated index is 4. Deletion is not allowed in this container yet.
2019-10-23 22:24:48,458 [BlockDeletingService#2] WARN  background.BlockDeletingService (BlockDeletingService.java:isDeletionAllowed(187)) - Close Container log Index 6 is not replicated across allthe servers in the pipeline d8220d6b-da92-433e-abb5-ff494030cc0c as the min replicated index is 4. Deletion is not allowed in this container yet.
2019-10-23 22:24:48,609 [EventQueue-ContainerReportForContainerReportHandler] WARN  container.ContainerReportHandler (AbstractContainerReportHandler.java:updateContainerState(145)) - Container #1 is in OPEN state, but the datanode 22d85afd-4d4f-492d-93d6-f244982d2d2b{ip: 192.168.34.28, host: pr-hdds-2240-gjcjf-507280437, networkLocation: /default-rack, certSerialId: null} reports an CLOSED replica.
2019-10-23 22:24:48,735 [EventQueue-ContainerReportForContainerReportHandler] WARN  container.ContainerReportHandler (AbstractContainerReportHandler.java:updateContainerState(145)) - Container #1 is in OPEN state, but the datanode 73b959bd-e3af-4247-b02b-6987bacc6720{ip: 192.168.34.28, host: pr-hdds-2240-gjcjf-507280437, networkLocation: /default-rack, certSerialId: null} reports an CLOSED replica.
2019-10-23 22:24:48,909 [EventQueue-ContainerReportForContainerReportHandler] WARN  container.ContainerReportHandler (AbstractContainerReportHandler.java:updateContainerState(145)) - Container #1 is in OPEN state, but the datanode 22d85afd-4d4f-492d-93d6-f244982d2d2b{ip: 192.168.34.28, host: pr-hdds-2240-gjcjf-507280437, networkLocation: /default-rack, certSerialId: null} reports an CLOSED replica.
2019-10-23 22:24:48,960 [java.util.concurrent.ThreadPoolExecutor$Worker@3c40f574[State = -1, empty queue]] WARN  server.GrpcLogAppender (GrpcLogAppender.java:timeoutAppendRequest(209)) - 22d85afd-4d4f-492d-93d6-f244982d2d2b@group-FF494030CC0C->1e780629-3013-4910-b058-82bfaeb575a6-GrpcLogAppender: appendEntries Timeout, request=22d85afd-4d4f-492d-93d6-f244982d2d2b->1e780629-3013-4910-b058-82bfaeb575a6#26-t2, previous=(t:2, i:10), leaderCommit=10, initializing? false, entries: <empty>
2019-10-23 22:24:49,035 [EventQueue-ContainerReportForContainerReportHandler] WARN  container.ContainerReportHandler (AbstractContainerReportHandler.java:updateContainerState(145)) - Container #1 is in OPEN state, but the datanode 73b959bd-e3af-4247-b02b-6987bacc6720{ip: 192.168.34.28, host: pr-hdds-2240-gjcjf-507280437, networkLocation: /default-rack, certSerialId: null} reports an CLOSED replica.
2019-10-23 22:24:49,310 [EventQueue-ContainerReportForContainerReportHandler] WARN  container.ContainerReportHandler (AbstractContainerReportHandler.java:updateContainerState(145)) - Container #1 is in OPEN state, but the datanode 22d85afd-4d4f-492d-93d6-f244982d2d2b{ip: 192.168.34.28, host: pr-hdds-2240-gjcjf-507280437, networkLocation: /default-rack, certSerialId: null} reports an CLOSED replica.
2019-10-23 22:24:49,334 [EventQueue-ContainerReportForContainerReportHandler] WARN  container.ContainerReportHandler (AbstractContainerReportHandler.java:updateContainerState(145)) - Container #1 is in OPEN state, but the datanode 73b959bd-e3af-4247-b02b-6987bacc6720{ip: 192.168.34.28, host: pr-hdds-2240-gjcjf-507280437, networkLocation: /default-rack, certSerialId: null} reports an CLOSED replica.
2019-10-23 22:24:49,459 [BlockDeletingService#2] WARN  background.BlockDeletingService (BlockDeletingService.java:isDeletionAllowed(187)) - Close Container log Index 6 is not replicated across allthe servers in the pipeline d8220d6b-da92-433e-abb5-ff494030cc0c as the min replicated index is 4. Deletion is not allowed in this container yet.
2019-10-23 22:24:49,459 [BlockDeletingService#2] WARN  background.BlockDeletingService (BlockDeletingService.java:isDeletionAllowed(187)) - Close Container log Index 6 is not replicated across allthe servers in the pipeline d8220d6b-da92-433e-abb5-ff494030cc0c as the min replicated index is 4. Deletion is not allowed in this container yet.
2019-10-23 22:24:49,609 [EventQueue-ContainerReportForContainerReportHandler] WARN  container.ContainerReportHandler (AbstractContainerReportHandler.java:updateContainerState(145)) - Container #1 is in OPEN state, but the datanode 22d85afd-4d4f-492d-93d6-f244982d2d2b{ip: 192.168.34.28, host: pr-hdds-2240-gjcjf-507280437, networkLocation: /default-rack, certSerialId: null} reports an CLOSED replica.
2019-10-23 22:24:49,635 [EventQueue-ContainerReportForContainerReportHandler] WARN  container.ContainerReportHandler (AbstractContainerReportHandler.java:updateContainerState(145)) - Container #1 is in OPEN state, but the datanode 73b959bd-e3af-4247-b02b-6987bacc6720{ip: 192.168.34.28, host: pr-hdds-2240-gjcjf-507280437, networkLocation: /default-rack, certSerialId: null} reports an CLOSED replica.
2019-10-23 22:24:49,835 [EventQueue-ContainerReportForContainerReportHandler] WARN  container.ContainerReportHandler (AbstractContainerReportHandler.java:updateContainerState(145)) - Container #1 is in OPEN state, but the datanode 73b959bd-e3af-4247-b02b-6987bacc6720{ip: 192.168.34.28, host: pr-hdds-2240-gjcjf-507280437, networkLocation: /default-rack, certSerialId: null} reports an CLOSED replica.
2019-10-23 22:24:49,910 [EventQueue-ContainerReportForContainerReportHandler] WARN  container.ContainerReportHandler (AbstractContainerReportHandler.java:updateContainerState(145)) - Container #1 is in OPEN state, but the datanode 22d85afd-4d4f-492d-93d6-f244982d2d2b{ip: 192.168.34.28, host: pr-hdds-2240-gjcjf-507280437, networkLocation: /default-rack, certSerialId: null} reports an CLOSED replica.
2019-10-23 22:24:50,135 [EventQueue-ContainerReportForContainerReportHandler] WARN  container.ContainerReportHandler (AbstractContainerReportHandler.java:updateContainerState(145)) - Container #1 is in OPEN state, but the datanode 73b959bd-e3af-4247-b02b-6987bacc6720{ip: 192.168.34.28, host: pr-hdds-2240-gjcjf-507280437, networkLocation: /default-rack, certSerialId: null} reports an CLOSED replica.
2019-10-23 22:24:50,310 [EventQueue-ContainerReportForContainerReportHandler] WARN  container.ContainerReportHandler (AbstractContainerReportHandler.java:updateContainerState(145)) - Container #1 is in OPEN state, but the datanode 22d85afd-4d4f-492d-93d6-f244982d2d2b{ip: 192.168.34.28, host: pr-hdds-2240-gjcjf-507280437, networkLocation: /default-rack, certSerialId: null} reports an CLOSED replica.
2019-10-23 22:24:50,435 [EventQueue-ContainerReportForContainerReportHandler] WARN  container.ContainerReportHandler (AbstractContainerReportHandler.java:updateContainerState(145)) - Container #1 is in OPEN state, but the datanode 73b959bd-e3af-4247-b02b-6987bacc6720{ip: 192.168.34.28, host: pr-hdds-2240-gjcjf-507280437, networkLocation: /default-rack, certSerialId: null} reports an CLOSED replica.
2019-10-23 22:24:50,461 [BlockDeletingService#2] WARN  background.BlockDeletingService (BlockDeletingService.java:isDeletionAllowed(187)) - Close Container log Index 6 is not replicated across allthe servers in the pipeline d8220d6b-da92-433e-abb5-ff494030cc0c as the min replicated index is 4. Deletion is not allowed in this container yet.
2019-10-23 22:24:50,461 [BlockDeletingService#2] WARN  background.BlockDeletingService (BlockDeletingService.java:isDeletionAllowed(187)) - Close Container log Index 6 is not replicated across allthe servers in the pipeline d8220d6b-da92-433e-abb5-ff494030cc0c as the min replicated index is 4. Deletion is not allowed in this container yet.
2019-10-23 22:24:50,711 [EventQueue-ContainerReportForContainerReportHandler] WARN  container.ContainerReportHandler (AbstractContainerReportHandler.java:updateContainerState(145)) - Container #1 is in OPEN state, but the datanode 22d85afd-4d4f-492d-93d6-f244982d2d2b{ip: 192.168.34.28, host: pr-hdds-2240-gjcjf-507280437, networkLocation: /default-rack, certSerialId: null} reports an CLOSED replica.
2019-10-23 22:24:50,836 [EventQueue-ContainerReportForContainerReportHandler] WARN  container.ContainerReportHandler (AbstractContainerReportHandler.java:updateContainerState(145)) - Container #1 is in OPEN state, but the datanode 73b959bd-e3af-4247-b02b-6987bacc6720{ip: 192.168.34.28, host: pr-hdds-2240-gjcjf-507280437, networkLocation: /default-rack, certSerialId: null} reports an CLOSED replica.
2019-10-23 22:24:51,010 [EventQueue-ContainerReportForContainerReportHandler] WARN  container.ContainerReportHandler (AbstractContainerReportHandler.java:updateContainerState(145)) - Container #1 is in OPEN state, but the datanode 22d85afd-4d4f-492d-93d6-f244982d2d2b{ip: 192.168.34.28, host: pr-hdds-2240-gjcjf-507280437, networkLocation: /default-rack, certSerialId: null} reports an CLOSED replica.
2019-10-23 22:24:51,036 [EventQueue-ContainerReportForContainerReportHandler] WARN  container.ContainerReportHandler (AbstractContainerReportHandler.java:updateContainerState(145)) - Container #1 is in OPEN state, but the datanode 73b959bd-e3af-4247-b02b-6987bacc6720{ip: 192.168.34.28, host: pr-hdds-2240-gjcjf-507280437, networkLocation: /default-rack, certSerialId: null} reports an CLOSED replica.
2019-10-23 22:24:51,211 [EventQueue-ContainerReportForContainerReportHandler] WARN  container.ContainerReportHandler (AbstractContainerReportHandler.java:updateContainerState(145)) - Container #1 is in OPEN state, but the datanode 22d85afd-4d4f-492d-93d6-f244982d2d2b{ip: 192.168.34.28, host: pr-hdds-2240-gjcjf-507280437, networkLocation: /default-rack, certSerialId: null} reports an CLOSED replica.
2019-10-23 22:24:51,336 [EventQueue-ContainerReportForContainerReportHandler] WARN  container.ContainerReportHandler (AbstractContainerReportHandler.java:updateContainerState(145)) - Container #1 is in OPEN state, but the datanode 73b959bd-e3af-4247-b02b-6987bacc6720{ip: 192.168.34.28, host: pr-hdds-2240-gjcjf-507280437, networkLocation: /default-rack, certSerialId: null} reports an CLOSED replica.
2019-10-23 22:24:51,463 [java.util.concurrent.ThreadPoolExecutor$Worker@3c40f574[State = -1, empty queue]] WARN  server.GrpcLogAppender (GrpcLogAppender.java:timeoutAppendRequest(209)) - 22d85afd-4d4f-492d-93d6-f244982d2d2b@group-FF494030CC0C->1e780629-3013-4910-b058-82bfaeb575a6-GrpcLogAppender: appendEntries Timeout, request=22d85afd-4d4f-492d-93d6-f244982d2d2b->1e780629-3013-4910-b058-82bfaeb575a6#27-t2, previous=(t:2, i:10), leaderCommit=10, initializing? false, entries: <empty>
2019-10-23 22:24:51,463 [BlockDeletingService#2] WARN  background.BlockDeletingService (BlockDeletingService.java:isDeletionAllowed(187)) - Close Container log Index 6 is not replicated across allthe servers in the pipeline d8220d6b-da92-433e-abb5-ff494030cc0c as the min replicated index is 4. Deletion is not allowed in this container yet.
2019-10-23 22:24:51,463 [BlockDeletingService#2] WARN  background.BlockDeletingService (BlockDeletingService.java:isDeletionAllowed(187)) - Close Container log Index 6 is not replicated across allthe servers in the pipeline d8220d6b-da92-433e-abb5-ff494030cc0c as the min replicated index is 4. Deletion is not allowed in this container yet.
2019-10-23 22:24:51,511 [EventQueue-ContainerReportForContainerReportHandler] WARN  container.ContainerReportHandler (AbstractContainerReportHandler.java:updateContainerState(145)) - Container #1 is in OPEN state, but the datanode 22d85afd-4d4f-492d-93d6-f244982d2d2b{ip: 192.168.34.28, host: pr-hdds-2240-gjcjf-507280437, networkLocation: /default-rack, certSerialId: null} reports an CLOSED replica.
2019-10-23 22:24:51,515 [Thread-342] INFO  client.GrpcClientProtocolService (GrpcClientProtocolService.java:lambda$processClientRequest$0(278)) - Failed RaftClientRequest:client-13138D705F93->73b959bd-e3af-4247-b02b-6987bacc6720@group-FF494030CC0C, cid=10, seq=0, Watch-ALL_COMMITTED(6), Message:<EMPTY>, reply=RaftClientReply:client-13138D705F93->73b959bd-e3af-4247-b02b-6987bacc6720@group-FF494030CC0C, cid=10, FAILED org.apache.ratis.protocol.NotLeaderException: Server 73b959bd-e3af-4247-b02b-6987bacc6720@group-FF494030CC0C is not the leader 22d85afd-4d4f-492d-93d6-f244982d2d2b:192.168.34.28:33618, logIndex=0, commits[73b959bd-e3af-4247-b02b-6987bacc6720:c10, 1e780629-3013-4910-b058-82bfaeb575a6:c4, 22d85afd-4d4f-492d-93d6-f244982d2d2b:c10]
2019-10-23 22:24:51,537 [EventQueue-ContainerReportForContainerReportHandler] WARN  container.ContainerReportHandler (AbstractContainerReportHandler.java:updateContainerState(145)) - Container #1 is in OPEN state, but the datanode 73b959bd-e3af-4247-b02b-6987bacc6720{ip: 192.168.34.28, host: pr-hdds-2240-gjcjf-507280437, networkLocation: /default-rack, certSerialId: null} reports an CLOSED replica.
2019-10-23 22:24:51,711 [EventQueue-ContainerReportForContainerReportHandler] WARN  container.ContainerReportHandler (AbstractContainerReportHandler.java:updateContainerState(145)) - Container #1 is in OPEN state, but the datanode 22d85afd-4d4f-492d-93d6-f244982d2d2b{ip: 192.168.34.28, host: pr-hdds-2240-gjcjf-507280437, networkLocation: /default-rack, certSerialId: null} reports an CLOSED replica.
2019-10-23 22:24:51,938 [EventQueue-ContainerReportForContainerReportHandler] WARN  container.ContainerReportHandler (AbstractContainerReportHandler.java:updateContainerState(145)) - Container #1 is in OPEN state, but the datanode 73b959bd-e3af-4247-b02b-6987bacc6720{ip: 192.168.34.28, host: pr-hdds-2240-gjcjf-507280437, networkLocation: /default-rack, certSerialId: null} reports an CLOSED replica.
2019-10-23 22:24:52,111 [EventQueue-ContainerReportForContainerReportHandler] WARN  container.ContainerReportHandler (AbstractContainerReportHandler.java:updateContainerState(145)) - Container #1 is in OPEN state, but the datanode 22d85afd-4d4f-492d-93d6-f244982d2d2b{ip: 192.168.34.28, host: pr-hdds-2240-gjcjf-507280437, networkLocation: /default-rack, certSerialId: null} reports an CLOSED replica.
2019-10-23 22:24:52,139 [EventQueue-ContainerReportForContainerReportHandler] WARN  container.ContainerReportHandler (AbstractContainerReportHandler.java:updateContainerState(145)) - Container #1 is in OPEN state, but the datanode 73b959bd-e3af-4247-b02b-6987bacc6720{ip: 192.168.34.28, host: pr-hdds-2240-gjcjf-507280437, networkLocation: /default-rack, certSerialId: null} reports an CLOSED replica.
2019-10-23 22:24:52,339 [EventQueue-ContainerReportForContainerReportHandler] WARN  container.ContainerReportHandler (AbstractContainerReportHandler.java:updateContainerState(145)) - Container #1 is in OPEN state, but the datanode 73b959bd-e3af-4247-b02b-6987bacc6720{ip: 192.168.34.28, host: pr-hdds-2240-gjcjf-507280437, networkLocation: /default-rack, certSerialId: null} reports an CLOSED replica.
2019-10-23 22:24:52,464 [BlockDeletingService#2] WARN  background.BlockDeletingService (BlockDeletingService.java:isDeletionAllowed(187)) - Close Container log Index 6 is not replicated across allthe servers in the pipeline d8220d6b-da92-433e-abb5-ff494030cc0c as the min replicated index is 4. Deletion is not allowed in this container yet.
2019-10-23 22:24:52,464 [BlockDeletingService#2] WARN  background.BlockDeletingService (BlockDeletingService.java:isDeletionAllowed(187)) - Close Container log Index 6 is not replicated across allthe servers in the pipeline d8220d6b-da92-433e-abb5-ff494030cc0c as the min replicated index is 4. Deletion is not allowed in this container yet.
2019-10-23 22:24:52,512 [EventQueue-ContainerReportForContainerReportHandler] WARN  container.ContainerReportHandler (AbstractContainerReportHandler.java:updateContainerState(145)) - Container #1 is in OPEN state, but the datanode 22d85afd-4d4f-492d-93d6-f244982d2d2b{ip: 192.168.34.28, host: pr-hdds-2240-gjcjf-507280437, networkLocation: /default-rack, certSerialId: null} reports an CLOSED replica.
2019-10-23 22:24:52,639 [EventQueue-ContainerReportForContainerReportHandler] WARN  container.ContainerReportHandler (AbstractContainerReportHandler.java:updateContainerState(145)) - Container #1 is in OPEN state, but the datanode 73b959bd-e3af-4247-b02b-6987bacc6720{ip: 192.168.34.28, host: pr-hdds-2240-gjcjf-507280437, networkLocation: /default-rack, certSerialId: null} reports an CLOSED replica.
2019-10-23 22:24:52,711 [EventQueue-ContainerReportForContainerReportHandler] WARN  container.ContainerReportHandler (AbstractContainerReportHandler.java:updateContainerState(145)) - Container #1 is in OPEN state, but the datanode 22d85afd-4d4f-492d-93d6-f244982d2d2b{ip: 192.168.34.28, host: pr-hdds-2240-gjcjf-507280437, networkLocation: /default-rack, certSerialId: null} reports an CLOSED replica.
2019-10-23 22:24:52,755 [Thread-347] INFO  client.GrpcClientProtocolService (GrpcClientProtocolService.java:lambda$processClientRequest$0(278)) - Failed RaftClientRequest:client-13138D705F93->22d85afd-4d4f-492d-93d6-f244982d2d2b@group-FF494030CC0C, cid=10, seq=0, Watch-ALL_COMMITTED(6), Message:<EMPTY>, reply=RaftClientReply:client-13138D705F93->22d85afd-4d4f-492d-93d6-f244982d2d2b@group-FF494030CC0C, cid=10, FAILED org.apache.ratis.protocol.NotReplicatedException: Request with call Id 10 and log index 6 is not yet replicated to ALL_COMMITTED, logIndex=6, commits[22d85afd-4d4f-492d-93d6-f244982d2d2b:c10, 73b959bd-e3af-4247-b02b-6987bacc6720:c10, 1e780629-3013-4910-b058-82bfaeb575a6:c4]
2019-10-23 22:24:52,939 [EventQueue-ContainerReportForContainerReportHandler] WARN  container.ContainerReportHandler (AbstractContainerReportHandler.java:updateContainerState(145)) - Container #1 is in OPEN state, but the datanode 73b959bd-e3af-4247-b02b-6987bacc6720{ip: 192.168.34.28, host: pr-hdds-2240-gjcjf-507280437, networkLocation: /default-rack, certSerialId: null} reports an CLOSED replica.
2019-10-23 22:24:53,012 [EventQueue-ContainerReportForContainerReportHandler] WARN  container.ContainerReportHandler (AbstractContainerReportHandler.java:updateContainerState(145)) - Container #1 is in OPEN state, but the datanode 22d85afd-4d4f-492d-93d6-f244982d2d2b{ip: 192.168.34.28, host: pr-hdds-2240-gjcjf-507280437, networkLocation: /default-rack, certSerialId: null} reports an CLOSED replica.
2019-10-23 22:24:53,312 [EventQueue-ContainerReportForContainerReportHandler] WARN  container.ContainerReportHandler (AbstractContainerReportHandler.java:updateContainerState(145)) - Container #1 is in OPEN state, but the datanode 22d85afd-4d4f-492d-93d6-f244982d2d2b{ip: 192.168.34.28, host: pr-hdds-2240-gjcjf-507280437, networkLocation: /default-rack, certSerialId: null} reports an CLOSED replica.
2019-10-23 22:24:53,340 [EventQueue-ContainerReportForContainerReportHandler] WARN  container.ContainerReportHandler (AbstractContainerReportHandler.java:updateContainerState(145)) - Container #1 is in OPEN state, but the datanode 73b959bd-e3af-4247-b02b-6987bacc6720{ip: 192.168.34.28, host: pr-hdds-2240-gjcjf-507280437, networkLocation: /default-rack, certSerialId: null} reports an CLOSED replica.
2019-10-23 22:24:53,467 [BlockDeletingService#2] WARN  background.BlockDeletingService (BlockDeletingService.java:isDeletionAllowed(187)) - Close Container log Index 6 is not replicated across allthe servers in the pipeline d8220d6b-da92-433e-abb5-ff494030cc0c as the min replicated index is 4. Deletion is not allowed in this container yet.
2019-10-23 22:24:53,467 [BlockDeletingService#2] WARN  background.BlockDeletingService (BlockDeletingService.java:isDeletionAllowed(187)) - Close Container log Index 6 is not replicated across allthe servers in the pipeline d8220d6b-da92-433e-abb5-ff494030cc0c as the min replicated index is 4. Deletion is not allowed in this container yet.
2019-10-23 22:24:53,541 [EventQueue-ContainerReportForContainerReportHandler] WARN  container.ContainerReportHandler (AbstractContainerReportHandler.java:updateContainerState(145)) - Container #1 is in OPEN state, but the datanode 73b959bd-e3af-4247-b02b-6987bacc6720{ip: 192.168.34.28, host: pr-hdds-2240-gjcjf-507280437, networkLocation: /default-rack, certSerialId: null} reports an CLOSED replica.
2019-10-23 22:24:53,613 [EventQueue-ContainerReportForContainerReportHandler] WARN  container.ContainerReportHandler (AbstractContainerReportHandler.java:updateContainerState(145)) - Container #1 is in OPEN state, but the datanode 22d85afd-4d4f-492d-93d6-f244982d2d2b{ip: 192.168.34.28, host: pr-hdds-2240-gjcjf-507280437, networkLocation: /default-rack, certSerialId: null} reports an CLOSED replica.
2019-10-23 22:24:53,742 [EventQueue-ContainerReportForContainerReportHandler] WARN  container.ContainerReportHandler (AbstractContainerReportHandler.java:updateContainerState(145)) - Container #1 is in OPEN state, but the datanode 73b959bd-e3af-4247-b02b-6987bacc6720{ip: 192.168.34.28, host: pr-hdds-2240-gjcjf-507280437, networkLocation: /default-rack, certSerialId: null} reports an CLOSED replica.
2019-10-23 22:24:53,913 [EventQueue-ContainerReportForContainerReportHandler] WARN  container.ContainerReportHandler (AbstractContainerReportHandler.java:updateContainerState(145)) - Container #1 is in OPEN state, but the datanode 22d85afd-4d4f-492d-93d6-f244982d2d2b{ip: 192.168.34.28, host: pr-hdds-2240-gjcjf-507280437, networkLocation: /default-rack, certSerialId: null} reports an CLOSED replica.
2019-10-23 22:24:53,963 [java.util.concurrent.ThreadPoolExecutor$Worker@3c40f574[State = -1, empty queue]] WARN  server.GrpcLogAppender (GrpcLogAppender.java:timeoutAppendRequest(209)) - 22d85afd-4d4f-492d-93d6-f244982d2d2b@group-FF494030CC0C->1e780629-3013-4910-b058-82bfaeb575a6-GrpcLogAppender: appendEntries Timeout, request=22d85afd-4d4f-492d-93d6-f244982d2d2b->1e780629-3013-4910-b058-82bfaeb575a6#28-t2, previous=(t:2, i:10), leaderCommit=10, initializing? false, entries: <empty>
2019-10-23 22:24:54,042 [EventQueue-ContainerReportForContainerReportHandler] WARN  container.ContainerReportHandler (AbstractContainerReportHandler.java:updateContainerState(145)) - Container #1 is in OPEN state, but the datanode 73b959bd-e3af-4247-b02b-6987bacc6720{ip: 192.168.34.28, host: pr-hdds-2240-gjcjf-507280437, networkLocation: /default-rack, certSerialId: null} reports an CLOSED replica.
2019-10-23 22:24:54,213 [EventQueue-ContainerReportForContainerReportHandler] WARN  container.ContainerReportHandler (AbstractContainerReportHandler.java:updateContainerState(145)) - Container #1 is in OPEN state, but the datanode 22d85afd-4d4f-492d-93d6-f244982d2d2b{ip: 192.168.34.28, host: pr-hdds-2240-gjcjf-507280437, networkLocation: /default-rack, certSerialId: null} reports an CLOSED replica.
2019-10-23 22:24:54,242 [EventQueue-ContainerReportForContainerReportHandler] WARN  container.ContainerReportHandler (AbstractContainerReportHandler.java:updateContainerState(145)) - Container #1 is in OPEN state, but the datanode 73b959bd-e3af-4247-b02b-6987bacc6720{ip: 192.168.34.28, host: pr-hdds-2240-gjcjf-507280437, networkLocation: /default-rack, certSerialId: null} reports an CLOSED replica.
2019-10-23 22:24:54,471 [BlockDeletingService#2] WARN  background.BlockDeletingService (BlockDeletingService.java:isDeletionAllowed(187)) - Close Container log Index 6 is not replicated across allthe servers in the pipeline d8220d6b-da92-433e-abb5-ff494030cc0c as the min replicated index is 4. Deletion is not allowed in this container yet.
2019-10-23 22:24:54,471 [BlockDeletingService#2] WARN  background.BlockDeletingService (BlockDeletingService.java:isDeletionAllowed(187)) - Close Container log Index 6 is not replicated across allthe servers in the pipeline d8220d6b-da92-433e-abb5-ff494030cc0c as the min replicated index is 4. Deletion is not allowed in this container yet.
2019-10-23 22:24:54,614 [EventQueue-ContainerReportForContainerReportHandler] WARN  container.ContainerReportHandler (AbstractContainerReportHandler.java:updateContainerState(145)) - Container #1 is in OPEN state, but the datanode 22d85afd-4d4f-492d-93d6-f244982d2d2b{ip: 192.168.34.28, host: pr-hdds-2240-gjcjf-507280437, networkLocation: /default-rack, certSerialId: null} reports an CLOSED replica.
2019-10-23 22:24:54,641 [EventQueue-ContainerReportForContainerReportHandler] WARN  container.ContainerReportHandler (AbstractContainerReportHandler.java:updateContainerState(145)) - Container #1 is in OPEN state, but the datanode 73b959bd-e3af-4247-b02b-6987bacc6720{ip: 192.168.34.28, host: pr-hdds-2240-gjcjf-507280437, networkLocation: /default-rack, certSerialId: null} reports an CLOSED replica.
2019-10-23 22:24:54,814 [EventQueue-ContainerReportForContainerReportHandler] WARN  container.ContainerReportHandler (AbstractContainerReportHandler.java:updateContainerState(145)) - Container #1 is in OPEN state, but the datanode 22d85afd-4d4f-492d-93d6-f244982d2d2b{ip: 192.168.34.28, host: pr-hdds-2240-gjcjf-507280437, networkLocation: /default-rack, certSerialId: null} reports an CLOSED replica.
2019-10-23 22:24:54,941 [EventQueue-ContainerReportForContainerReportHandler] WARN  container.ContainerReportHandler (AbstractContainerReportHandler.java:updateContainerState(145)) - Container #1 is in OPEN state, but the datanode 73b959bd-e3af-4247-b02b-6987bacc6720{ip: 192.168.34.28, host: pr-hdds-2240-gjcjf-507280437, networkLocation: /default-rack, certSerialId: null} reports an CLOSED replica.
2019-10-23 22:24:55,142 [EventQueue-ContainerReportForContainerReportHandler] WARN  container.ContainerReportHandler (AbstractContainerReportHandler.java:updateContainerState(145)) - Container #1 is in OPEN state, but the datanode 73b959bd-e3af-4247-b02b-6987bacc6720{ip: 192.168.34.28, host: pr-hdds-2240-gjcjf-507280437, networkLocation: /default-rack, certSerialId: null} reports an CLOSED replica.
2019-10-23 22:24:55,214 [EventQueue-ContainerReportForContainerReportHandler] WARN  container.ContainerReportHandler (AbstractContainerReportHandler.java:updateContainerState(145)) - Container #1 is in OPEN state, but the datanode 22d85afd-4d4f-492d-93d6-f244982d2d2b{ip: 192.168.34.28, host: pr-hdds-2240-gjcjf-507280437, networkLocation: /default-rack, certSerialId: null} reports an CLOSED replica.
2019-10-23 22:24:55,441 [EventQueue-ContainerReportForContainerReportHandler] WARN  container.ContainerReportHandler (AbstractContainerReportHandler.java:updateContainerState(145)) - Container #1 is in OPEN state, but the datanode 73b959bd-e3af-4247-b02b-6987bacc6720{ip: 192.168.34.28, host: pr-hdds-2240-gjcjf-507280437, networkLocation: /default-rack, certSerialId: null} reports an CLOSED replica.
2019-10-23 22:24:55,472 [BlockDeletingService#2] WARN  background.BlockDeletingService (BlockDeletingService.java:isDeletionAllowed(187)) - Close Container log Index 6 is not replicated across allthe servers in the pipeline d8220d6b-da92-433e-abb5-ff494030cc0c as the min replicated index is 4. Deletion is not allowed in this container yet.
2019-10-23 22:24:55,472 [BlockDeletingService#2] WARN  background.BlockDeletingService (BlockDeletingService.java:isDeletionAllowed(187)) - Close Container log Index 6 is not replicated across allthe servers in the pipeline d8220d6b-da92-433e-abb5-ff494030cc0c as the min replicated index is 4. Deletion is not allowed in this container yet.
2019-10-23 22:24:55,514 [EventQueue-ContainerReportForContainerReportHandler] WARN  container.ContainerReportHandler (AbstractContainerReportHandler.java:updateContainerState(145)) - Container #1 is in OPEN state, but the datanode 22d85afd-4d4f-492d-93d6-f244982d2d2b{ip: 192.168.34.28, host: pr-hdds-2240-gjcjf-507280437, networkLocation: /default-rack, certSerialId: null} reports an CLOSED replica.
2019-10-23 22:24:55,714 [EventQueue-ContainerReportForContainerReportHandler] WARN  container.ContainerReportHandler (AbstractContainerReportHandler.java:updateContainerState(145)) - Container #1 is in OPEN state, but the datanode 22d85afd-4d4f-492d-93d6-f244982d2d2b{ip: 192.168.34.28, host: pr-hdds-2240-gjcjf-507280437, networkLocation: /default-rack, certSerialId: null} reports an CLOSED replica.
2019-10-23 22:24:55,842 [EventQueue-ContainerReportForContainerReportHandler] WARN  container.ContainerReportHandler (AbstractContainerReportHandler.java:updateContainerState(145)) - Container #1 is in OPEN state, but the datanode 73b959bd-e3af-4247-b02b-6987bacc6720{ip: 192.168.34.28, host: pr-hdds-2240-gjcjf-507280437, networkLocation: /default-rack, certSerialId: null} reports an CLOSED replica.
2019-10-23 22:24:56,014 [EventQueue-ContainerReportForContainerReportHandler] WARN  container.ContainerReportHandler (AbstractContainerReportHandler.java:updateContainerState(145)) - Container #1 is in OPEN state, but the datanode 22d85afd-4d4f-492d-93d6-f244982d2d2b{ip: 192.168.34.28, host: pr-hdds-2240-gjcjf-507280437, networkLocation: /default-rack, certSerialId: null} reports an CLOSED replica.
2019-10-23 22:24:56,142 [EventQueue-ContainerReportForContainerReportHandler] WARN  container.ContainerReportHandler (AbstractContainerReportHandler.java:updateContainerState(145)) - Container #1 is in OPEN state, but the datanode 73b959bd-e3af-4247-b02b-6987bacc6720{ip: 192.168.34.28, host: pr-hdds-2240-gjcjf-507280437, networkLocation: /default-rack, certSerialId: null} reports an CLOSED replica.
2019-10-23 22:24:56,315 [EventQueue-ContainerReportForContainerReportHandler] WARN  container.ContainerReportHandler (AbstractContainerReportHandler.java:updateContainerState(145)) - Container #1 is in OPEN state, but the datanode 22d85afd-4d4f-492d-93d6-f244982d2d2b{ip: 192.168.34.28, host: pr-hdds-2240-gjcjf-507280437, networkLocation: /default-rack, certSerialId: null} reports an CLOSED replica.
2019-10-23 22:24:56,464 [java.util.concurrent.ThreadPoolExecutor$Worker@3c40f574[State = -1, empty queue]] WARN  server.GrpcLogAppender (GrpcLogAppender.java:timeoutAppendRequest(209)) - 22d85afd-4d4f-492d-93d6-f244982d2d2b@group-FF494030CC0C->1e780629-3013-4910-b058-82bfaeb575a6-GrpcLogAppender: appendEntries Timeout, request=22d85afd-4d4f-492d-93d6-f244982d2d2b->1e780629-3013-4910-b058-82bfaeb575a6#29-t2, previous=(t:2, i:10), leaderCommit=10, initializing? false, entries: <empty>
2019-10-23 22:24:56,474 [BlockDeletingService#2] WARN  background.BlockDeletingService (BlockDeletingService.java:isDeletionAllowed(187)) - Close Container log Index 6 is not replicated across allthe servers in the pipeline d8220d6b-da92-433e-abb5-ff494030cc0c as the min replicated index is 4. Deletion is not allowed in this container yet.
2019-10-23 22:24:56,474 [BlockDeletingService#2] WARN  background.BlockDeletingService (BlockDeletingService.java:isDeletionAllowed(187)) - Close Container log Index 6 is not replicated across allthe servers in the pipeline d8220d6b-da92-433e-abb5-ff494030cc0c as the min replicated index is 4. Deletion is not allowed in this container yet.
2019-10-23 22:24:56,542 [EventQueue-ContainerReportForContainerReportHandler] WARN  container.ContainerReportHandler (AbstractContainerReportHandler.java:updateContainerState(145)) - Container #1 is in OPEN state, but the datanode 73b959bd-e3af-4247-b02b-6987bacc6720{ip: 192.168.34.28, host: pr-hdds-2240-gjcjf-507280437, networkLocation: /default-rack, certSerialId: null} reports an CLOSED replica.
2019-10-23 22:24:56,615 [EventQueue-ContainerReportForContainerReportHandler] WARN  container.ContainerReportHandler (AbstractContainerReportHandler.java:updateContainerState(145)) - Container #1 is in OPEN state, but the datanode 22d85afd-4d4f-492d-93d6-f244982d2d2b{ip: 192.168.34.28, host: pr-hdds-2240-gjcjf-507280437, networkLocation: /default-rack, certSerialId: null} reports an CLOSED replica.
2019-10-23 22:24:56,743 [EventQueue-ContainerReportForContainerReportHandler] WARN  container.ContainerReportHandler (AbstractContainerReportHandler.java:updateContainerState(145)) - Container #1 is in OPEN state, but the datanode 73b959bd-e3af-4247-b02b-6987bacc6720{ip: 192.168.34.28, host: pr-hdds-2240-gjcjf-507280437, networkLocation: /default-rack, certSerialId: null} reports an CLOSED replica.
2019-10-23 22:24:56,915 [EventQueue-ContainerReportForContainerReportHandler] WARN  container.ContainerReportHandler (AbstractContainerReportHandler.java:updateContainerState(145)) - Container #1 is in OPEN state, but the datanode 22d85afd-4d4f-492d-93d6-f244982d2d2b{ip: 192.168.34.28, host: pr-hdds-2240-gjcjf-507280437, networkLocation: /default-rack, certSerialId: null} reports an CLOSED replica.
2019-10-23 22:24:57,043 [EventQueue-ContainerReportForContainerReportHandler] WARN  container.ContainerReportHandler (AbstractContainerReportHandler.java:updateContainerState(145)) - Container #1 is in OPEN state, but the datanode 73b959bd-e3af-4247-b02b-6987bacc6720{ip: 192.168.34.28, host: pr-hdds-2240-gjcjf-507280437, networkLocation: /default-rack, certSerialId: null} reports an CLOSED replica.
2019-10-23 22:24:57,316 [EventQueue-ContainerReportForContainerReportHandler] WARN  container.ContainerReportHandler (AbstractContainerReportHandler.java:updateContainerState(145)) - Container #1 is in OPEN state, but the datanode 22d85afd-4d4f-492d-93d6-f244982d2d2b{ip: 192.168.34.28, host: pr-hdds-2240-gjcjf-507280437, networkLocation: /default-rack, certSerialId: null} reports an CLOSED replica.
2019-10-23 22:24:57,344 [EventQueue-ContainerReportForContainerReportHandler] WARN  container.ContainerReportHandler (AbstractContainerReportHandler.java:updateContainerState(145)) - Container #1 is in OPEN state, but the datanode 73b959bd-e3af-4247-b02b-6987bacc6720{ip: 192.168.34.28, host: pr-hdds-2240-gjcjf-507280437, networkLocation: /default-rack, certSerialId: null} reports an CLOSED replica.
2019-10-23 22:24:57,476 [BlockDeletingService#2] WARN  background.BlockDeletingService (BlockDeletingService.java:isDeletionAllowed(187)) - Close Container log Index 6 is not replicated across allthe servers in the pipeline d8220d6b-da92-433e-abb5-ff494030cc0c as the min replicated index is 4. Deletion is not allowed in this container yet.
2019-10-23 22:24:57,476 [BlockDeletingService#2] WARN  background.BlockDeletingService (BlockDeletingService.java:isDeletionAllowed(187)) - Close Container log Index 6 is not replicated across allthe servers in the pipeline d8220d6b-da92-433e-abb5-ff494030cc0c as the min replicated index is 4. Deletion is not allowed in this container yet.
2019-10-23 22:24:57,516 [EventQueue-ContainerReportForContainerReportHandler] WARN  container.ContainerReportHandler (AbstractContainerReportHandler.java:updateContainerState(145)) - Container #1 is in OPEN state, but the datanode 22d85afd-4d4f-492d-93d6-f244982d2d2b{ip: 192.168.34.28, host: pr-hdds-2240-gjcjf-507280437, networkLocation: /default-rack, certSerialId: null} reports an CLOSED replica.
2019-10-23 22:24:57,544 [EventQueue-ContainerReportForContainerReportHandler] WARN  container.ContainerReportHandler (AbstractContainerReportHandler.java:updateContainerState(145)) - Container #1 is in OPEN state, but the datanode 73b959bd-e3af-4247-b02b-6987bacc6720{ip: 192.168.34.28, host: pr-hdds-2240-gjcjf-507280437, networkLocation: /default-rack, certSerialId: null} reports an CLOSED replica.
2019-10-23 22:24:57,816 [EventQueue-ContainerReportForContainerReportHandler] WARN  container.ContainerReportHandler (AbstractContainerReportHandler.java:updateContainerState(145)) - Container #1 is in OPEN state, but the datanode 22d85afd-4d4f-492d-93d6-f244982d2d2b{ip: 192.168.34.28, host: pr-hdds-2240-gjcjf-507280437, networkLocation: /default-rack, certSerialId: null} reports an CLOSED replica.
2019-10-23 22:24:57,844 [EventQueue-ContainerReportForContainerReportHandler] WARN  container.ContainerReportHandler (AbstractContainerReportHandler.java:updateContainerState(145)) - Container #1 is in OPEN state, but the datanode 73b959bd-e3af-4247-b02b-6987bacc6720{ip: 192.168.34.28, host: pr-hdds-2240-gjcjf-507280437, networkLocation: /default-rack, certSerialId: null} reports an CLOSED replica.
2019-10-23 22:24:58,116 [EventQueue-ContainerReportForContainerReportHandler] WARN  container.ContainerReportHandler (AbstractContainerReportHandler.java:updateContainerState(145)) - Container #1 is in OPEN state, but the datanode 22d85afd-4d4f-492d-93d6-f244982d2d2b{ip: 192.168.34.28, host: pr-hdds-2240-gjcjf-507280437, networkLocation: /default-rack, certSerialId: null} reports an CLOSED replica.
2019-10-23 22:24:58,245 [EventQueue-ContainerReportForContainerReportHandler] WARN  container.ContainerReportHandler (AbstractContainerReportHandler.java:updateContainerState(145)) - Container #1 is in OPEN state, but the datanode 73b959bd-e3af-4247-b02b-6987bacc6720{ip: 192.168.34.28, host: pr-hdds-2240-gjcjf-507280437, networkLocation: /default-rack, certSerialId: null} reports an CLOSED replica.
2019-10-23 22:24:58,418 [EventQueue-ContainerReportForContainerReportHandler] WARN  container.ContainerReportHandler (AbstractContainerReportHandler.java:updateContainerState(145)) - Container #1 is in OPEN state, but the datanode 22d85afd-4d4f-492d-93d6-f244982d2d2b{ip: 192.168.34.28, host: pr-hdds-2240-gjcjf-507280437, networkLocation: /default-rack, certSerialId: null} reports an CLOSED replica.
2019-10-23 22:24:58,446 [EventQueue-ContainerReportForContainerReportHandler] WARN  container.ContainerReportHandler (AbstractContainerReportHandler.java:updateContainerState(145)) - Container #1 is in OPEN state, but the datanode 73b959bd-e3af-4247-b02b-6987bacc6720{ip: 192.168.34.28, host: pr-hdds-2240-gjcjf-507280437, networkLocation: /default-rack, certSerialId: null} reports an CLOSED replica.
2019-10-23 22:24:58,479 [BlockDeletingService#2] WARN  background.BlockDeletingService (BlockDeletingService.java:isDeletionAllowed(187)) - Close Container log Index 6 is not replicated across allthe servers in the pipeline d8220d6b-da92-433e-abb5-ff494030cc0c as the min replicated index is 4. Deletion is not allowed in this container yet.
2019-10-23 22:24:58,479 [BlockDeletingService#2] WARN  background.BlockDeletingService (BlockDeletingService.java:isDeletionAllowed(187)) - Close Container log Index 6 is not replicated across allthe servers in the pipeline d8220d6b-da92-433e-abb5-ff494030cc0c as the min replicated index is 4. Deletion is not allowed in this container yet.
2019-10-23 22:24:58,616 [EventQueue-ContainerReportForContainerReportHandler] WARN  container.ContainerReportHandler (AbstractContainerReportHandler.java:updateContainerState(145)) - Container #1 is in OPEN state, but the datanode 22d85afd-4d4f-492d-93d6-f244982d2d2b{ip: 192.168.34.28, host: pr-hdds-2240-gjcjf-507280437, networkLocation: /default-rack, certSerialId: null} reports an CLOSED replica.
2019-10-23 22:24:58,646 [EventQueue-ContainerReportForContainerReportHandler] WARN  container.ContainerReportHandler (AbstractContainerReportHandler.java:updateContainerState(145)) - Container #1 is in OPEN state, but the datanode 73b959bd-e3af-4247-b02b-6987bacc6720{ip: 192.168.34.28, host: pr-hdds-2240-gjcjf-507280437, networkLocation: /default-rack, certSerialId: null} reports an CLOSED replica.
2019-10-23 22:24:58,946 [EventQueue-ContainerReportForContainerReportHandler] WARN  container.ContainerReportHandler (AbstractContainerReportHandler.java:updateContainerState(145)) - Container #1 is in OPEN state, but the datanode 73b959bd-e3af-4247-b02b-6987bacc6720{ip: 192.168.34.28, host: pr-hdds-2240-gjcjf-507280437, networkLocation: /default-rack, certSerialId: null} reports an CLOSED replica.
2019-10-23 22:24:58,965 [java.util.concurrent.ThreadPoolExecutor$Worker@3c40f574[State = -1, empty queue]] WARN  server.GrpcLogAppender (GrpcLogAppender.java:timeoutAppendRequest(209)) - 22d85afd-4d4f-492d-93d6-f244982d2d2b@group-FF494030CC0C->1e780629-3013-4910-b058-82bfaeb575a6-GrpcLogAppender: appendEntries Timeout, request=22d85afd-4d4f-492d-93d6-f244982d2d2b->1e780629-3013-4910-b058-82bfaeb575a6#30-t2, previous=(t:2, i:10), leaderCommit=10, initializing? false, entries: <empty>
2019-10-23 22:24:59,017 [EventQueue-ContainerReportForContainerReportHandler] WARN  container.ContainerReportHandler (AbstractContainerReportHandler.java:updateContainerState(145)) - Container #1 is in OPEN state, but the datanode 22d85afd-4d4f-492d-93d6-f244982d2d2b{ip: 192.168.34.28, host: pr-hdds-2240-gjcjf-507280437, networkLocation: /default-rack, certSerialId: null} reports an CLOSED replica.
2019-10-23 22:24:59,146 [EventQueue-ContainerReportForContainerReportHandler] WARN  container.ContainerReportHandler (AbstractContainerReportHandler.java:updateContainerState(145)) - Container #1 is in OPEN state, but the datanode 73b959bd-e3af-4247-b02b-6987bacc6720{ip: 192.168.34.28, host: pr-hdds-2240-gjcjf-507280437, networkLocation: /default-rack, certSerialId: null} reports an CLOSED replica.
2019-10-23 22:24:59,347 [EventQueue-ContainerReportForContainerReportHandler] WARN  container.ContainerReportHandler (AbstractContainerReportHandler.java:updateContainerState(145)) - Container #1 is in OPEN state, but the datanode 73b959bd-e3af-4247-b02b-6987bacc6720{ip: 192.168.34.28, host: pr-hdds-2240-gjcjf-507280437, networkLocation: /default-rack, certSerialId: null} reports an CLOSED replica.
2019-10-23 22:24:59,417 [EventQueue-ContainerReportForContainerReportHandler] WARN  container.ContainerReportHandler (AbstractContainerReportHandler.java:updateContainerState(145)) - Container #1 is in OPEN state, but the datanode 22d85afd-4d4f-492d-93d6-f244982d2d2b{ip: 192.168.34.28, host: pr-hdds-2240-gjcjf-507280437, networkLocation: /default-rack, certSerialId: null} reports an CLOSED replica.
2019-10-23 22:24:59,481 [BlockDeletingService#2] WARN  background.BlockDeletingService (BlockDeletingService.java:isDeletionAllowed(187)) - Close Container log Index 6 is not replicated across allthe servers in the pipeline d8220d6b-da92-433e-abb5-ff494030cc0c as the min replicated index is 4. Deletion is not allowed in this container yet.
2019-10-23 22:24:59,481 [BlockDeletingService#2] WARN  background.BlockDeletingService (BlockDeletingService.java:isDeletionAllowed(187)) - Close Container log Index 6 is not replicated across allthe servers in the pipeline d8220d6b-da92-433e-abb5-ff494030cc0c as the min replicated index is 4. Deletion is not allowed in this container yet.
2019-10-23 22:24:59,547 [EventQueue-ContainerReportForContainerReportHandler] WARN  container.ContainerReportHandler (AbstractContainerReportHandler.java:updateContainerState(145)) - Container #1 is in OPEN state, but the datanode 73b959bd-e3af-4247-b02b-6987bacc6720{ip: 192.168.34.28, host: pr-hdds-2240-gjcjf-507280437, networkLocation: /default-rack, certSerialId: null} reports an CLOSED replica.
2019-10-23 22:24:59,719 [EventQueue-ContainerReportForContainerReportHandler] WARN  container.ContainerReportHandler (AbstractContainerReportHandler.java:updateContainerState(145)) - Container #1 is in OPEN state, but the datanode 22d85afd-4d4f-492d-93d6-f244982d2d2b{ip: 192.168.34.28, host: pr-hdds-2240-gjcjf-507280437, networkLocation: /default-rack, certSerialId: null} reports an CLOSED replica.
2019-10-23 22:24:59,847 [EventQueue-ContainerReportForContainerReportHandler] WARN  container.ContainerReportHandler (AbstractContainerReportHandler.java:updateContainerState(145)) - Container #1 is in OPEN state, but the datanode 73b959bd-e3af-4247-b02b-6987bacc6720{ip: 192.168.34.28, host: pr-hdds-2240-gjcjf-507280437, networkLocation: /default-rack, certSerialId: null} reports an CLOSED replica.
2019-10-23 22:25:00,120 [EventQueue-ContainerReportForContainerReportHandler] WARN  container.ContainerReportHandler (AbstractContainerReportHandler.java:updateContainerState(145)) - Container #1 is in OPEN state, but the datanode 22d85afd-4d4f-492d-93d6-f244982d2d2b{ip: 192.168.34.28, host: pr-hdds-2240-gjcjf-507280437, networkLocation: /default-rack, certSerialId: null} reports an CLOSED replica.
2019-10-23 22:25:00,248 [EventQueue-ContainerReportForContainerReportHandler] WARN  container.ContainerReportHandler (AbstractContainerReportHandler.java:updateContainerState(145)) - Container #1 is in OPEN state, but the datanode 73b959bd-e3af-4247-b02b-6987bacc6720{ip: 192.168.34.28, host: pr-hdds-2240-gjcjf-507280437, networkLocation: /default-rack, certSerialId: null} reports an CLOSED replica.
2019-10-23 22:25:00,482 [BlockDeletingService#2] WARN  background.BlockDeletingService (BlockDeletingService.java:isDeletionAllowed(187)) - Close Container log Index 6 is not replicated across allthe servers in the pipeline d8220d6b-da92-433e-abb5-ff494030cc0c as the min replicated index is 4. Deletion is not allowed in this container yet.
2019-10-23 22:25:00,482 [BlockDeletingService#2] WARN  background.BlockDeletingService (BlockDeletingService.java:isDeletionAllowed(187)) - Close Container log Index 6 is not replicated across allthe servers in the pipeline d8220d6b-da92-433e-abb5-ff494030cc0c as the min replicated index is 4. Deletion is not allowed in this container yet.
2019-10-23 22:25:00,520 [EventQueue-ContainerReportForContainerReportHandler] WARN  container.ContainerReportHandler (AbstractContainerReportHandler.java:updateContainerState(145)) - Container #1 is in OPEN state, but the datanode 22d85afd-4d4f-492d-93d6-f244982d2d2b{ip: 192.168.34.28, host: pr-hdds-2240-gjcjf-507280437, networkLocation: /default-rack, certSerialId: null} reports an CLOSED replica.
2019-10-23 22:25:00,552 [EventQueue-ContainerReportForContainerReportHandler] WARN  container.ContainerReportHandler (AbstractContainerReportHandler.java:updateContainerState(145)) - Container #1 is in OPEN state, but the datanode 73b959bd-e3af-4247-b02b-6987bacc6720{ip: 192.168.34.28, host: pr-hdds-2240-gjcjf-507280437, networkLocation: /default-rack, certSerialId: null} reports an CLOSED replica.
2019-10-23 22:25:00,820 [EventQueue-ContainerReportForContainerReportHandler] WARN  container.ContainerReportHandler (AbstractContainerReportHandler.java:updateContainerState(145)) - Container #1 is in OPEN state, but the datanode 22d85afd-4d4f-492d-93d6-f244982d2d2b{ip: 192.168.34.28, host: pr-hdds-2240-gjcjf-507280437, networkLocation: /default-rack, certSerialId: null} reports an CLOSED replica.
2019-10-23 22:25:00,847 [EventQueue-ContainerReportForContainerReportHandler] WARN  container.ContainerReportHandler (AbstractContainerReportHandler.java:updateContainerState(145)) - Container #1 is in OPEN state, but the datanode 73b959bd-e3af-4247-b02b-6987bacc6720{ip: 192.168.34.28, host: pr-hdds-2240-gjcjf-507280437, networkLocation: /default-rack, certSerialId: null} reports an CLOSED replica.
2019-10-23 22:25:01,121 [EventQueue-ContainerReportForContainerReportHandler] WARN  container.ContainerReportHandler (AbstractContainerReportHandler.java:updateContainerState(145)) - Container #1 is in OPEN state, but the datanode 22d85afd-4d4f-492d-93d6-f244982d2d2b{ip: 192.168.34.28, host: pr-hdds-2240-gjcjf-507280437, networkLocation: /default-rack, certSerialId: null} reports an CLOSED replica.
2019-10-23 22:25:01,150 [EventQueue-ContainerReportForContainerReportHandler] WARN  container.ContainerReportHandler (AbstractContainerReportHandler.java:updateContainerState(145)) - Container #1 is in OPEN state, but the datanode 73b959bd-e3af-4247-b02b-6987bacc6720{ip: 192.168.34.28, host: pr-hdds-2240-gjcjf-507280437, networkLocation: /default-rack, certSerialId: null} reports an CLOSED replica.
2019-10-23 22:25:01,448 [EventQueue-ContainerReportForContainerReportHandler] WARN  container.ContainerReportHandler (AbstractContainerReportHandler.java:updateContainerState(145)) - Container #1 is in OPEN state, but the datanode 73b959bd-e3af-4247-b02b-6987bacc6720{ip: 192.168.34.28, host: pr-hdds-2240-gjcjf-507280437, networkLocation: /default-rack, certSerialId: null} reports an CLOSED replica.
2019-10-23 22:25:01,468 [java.util.concurrent.ThreadPoolExecutor$Worker@3c40f574[State = -1, empty queue]] WARN  server.GrpcLogAppender (GrpcLogAppender.java:timeoutAppendRequest(209)) - 22d85afd-4d4f-492d-93d6-f244982d2d2b@group-FF494030CC0C->1e780629-3013-4910-b058-82bfaeb575a6-GrpcLogAppender: appendEntries Timeout, request=22d85afd-4d4f-492d-93d6-f244982d2d2b->1e780629-3013-4910-b058-82bfaeb575a6#31-t2, previous=(t:2, i:10), leaderCommit=10, initializing? false, entries: <empty>
2019-10-23 22:25:01,484 [BlockDeletingService#2] WARN  background.BlockDeletingService (BlockDeletingService.java:isDeletionAllowed(187)) - Close Container log Index 6 is not replicated across allthe servers in the pipeline d8220d6b-da92-433e-abb5-ff494030cc0c as the min replicated index is 4. Deletion is not allowed in this container yet.
2019-10-23 22:25:01,484 [BlockDeletingService#2] WARN  background.BlockDeletingService (BlockDeletingService.java:isDeletionAllowed(187)) - Close Container log Index 6 is not replicated across allthe servers in the pipeline d8220d6b-da92-433e-abb5-ff494030cc0c as the min replicated index is 4. Deletion is not allowed in this container yet.
2019-10-23 22:25:01,523 [EventQueue-ContainerReportForContainerReportHandler] WARN  container.ContainerReportHandler (AbstractContainerReportHandler.java:updateContainerState(145)) - Container #1 is in OPEN state, but the datanode 22d85afd-4d4f-492d-93d6-f244982d2d2b{ip: 192.168.34.28, host: pr-hdds-2240-gjcjf-507280437, networkLocation: /default-rack, certSerialId: null} reports an CLOSED replica.
2019-10-23 22:25:01,560 [Thread-375] INFO  client.GrpcClientProtocolService (GrpcClientProtocolService.java:lambda$processClientRequest$0(278)) - Failed RaftClientRequest:client-13138D705F93->73b959bd-e3af-4247-b02b-6987bacc6720@group-FF494030CC0C, cid=10, seq=0, Watch-ALL_COMMITTED(6), Message:<EMPTY>, reply=RaftClientReply:client-13138D705F93->73b959bd-e3af-4247-b02b-6987bacc6720@group-FF494030CC0C, cid=10, FAILED org.apache.ratis.protocol.NotLeaderException: Server 73b959bd-e3af-4247-b02b-6987bacc6720@group-FF494030CC0C is not the leader 22d85afd-4d4f-492d-93d6-f244982d2d2b:192.168.34.28:33618, logIndex=0, commits[73b959bd-e3af-4247-b02b-6987bacc6720:c10, 1e780629-3013-4910-b058-82bfaeb575a6:c4, 22d85afd-4d4f-492d-93d6-f244982d2d2b:c10]
2019-10-23 22:25:01,723 [EventQueue-ContainerReportForContainerReportHandler] WARN  container.ContainerReportHandler (AbstractContainerReportHandler.java:updateContainerState(145)) - Container #1 is in OPEN state, but the datanode 22d85afd-4d4f-492d-93d6-f244982d2d2b{ip: 192.168.34.28, host: pr-hdds-2240-gjcjf-507280437, networkLocation: /default-rack, certSerialId: null} reports an CLOSED replica.
2019-10-23 22:25:01,749 [EventQueue-ContainerReportForContainerReportHandler] WARN  container.ContainerReportHandler (AbstractContainerReportHandler.java:updateContainerState(145)) - Container #1 is in OPEN state, but the datanode 73b959bd-e3af-4247-b02b-6987bacc6720{ip: 192.168.34.28, host: pr-hdds-2240-gjcjf-507280437, networkLocation: /default-rack, certSerialId: null} reports an CLOSED replica.
2019-10-23 22:25:01,755 [Thread-378] INFO  client.GrpcClientProtocolService (GrpcClientProtocolService.java:lambda$processClientRequest$0(278)) - Failed RaftClientRequest:client-13138D705F93->22d85afd-4d4f-492d-93d6-f244982d2d2b@group-FF494030CC0C, cid=10, seq=0, Watch-ALL_COMMITTED(6), Message:<EMPTY>, reply=RaftClientReply:client-13138D705F93->22d85afd-4d4f-492d-93d6-f244982d2d2b@group-FF494030CC0C, cid=10, FAILED org.apache.ratis.protocol.NotReplicatedException: Request with call Id 10 and log index 6 is not yet replicated to ALL_COMMITTED, logIndex=6, commits[22d85afd-4d4f-492d-93d6-f244982d2d2b:c10, 73b959bd-e3af-4247-b02b-6987bacc6720:c10, 1e780629-3013-4910-b058-82bfaeb575a6:c4]
2019-10-23 22:25:01,949 [EventQueue-ContainerReportForContainerReportHandler] WARN  container.ContainerReportHandler (AbstractContainerReportHandler.java:updateContainerState(145)) - Container #1 is in OPEN state, but the datanode 73b959bd-e3af-4247-b02b-6987bacc6720{ip: 192.168.34.28, host: pr-hdds-2240-gjcjf-507280437, networkLocation: /default-rack, certSerialId: null} reports an CLOSED replica.
2019-10-23 22:25:02,124 [EventQueue-ContainerReportForContainerReportHandler] WARN  container.ContainerReportHandler (AbstractContainerReportHandler.java:updateContainerState(145)) - Container #1 is in OPEN state, but the datanode 22d85afd-4d4f-492d-93d6-f244982d2d2b{ip: 192.168.34.28, host: pr-hdds-2240-gjcjf-507280437, networkLocation: /default-rack, certSerialId: null} reports an CLOSED replica.
2019-10-23 22:25:02,351 [EventQueue-ContainerReportForContainerReportHandler] WARN  container.ContainerReportHandler (AbstractContainerReportHandler.java:updateContainerState(145)) - Container #1 is in OPEN state, but the datanode 73b959bd-e3af-4247-b02b-6987bacc6720{ip: 192.168.34.28, host: pr-hdds-2240-gjcjf-507280437, networkLocation: /default-rack, certSerialId: null} reports an CLOSED replica.
2019-10-23 22:25:02,424 [EventQueue-ContainerReportForContainerReportHandler] WARN  container.ContainerReportHandler (AbstractContainerReportHandler.java:updateContainerState(145)) - Container #1 is in OPEN state, but the datanode 22d85afd-4d4f-492d-93d6-f244982d2d2b{ip: 192.168.34.28, host: pr-hdds-2240-gjcjf-507280437, networkLocation: /default-rack, certSerialId: null} reports an CLOSED replica.
2019-10-23 22:25:02,485 [BlockDeletingService#2] WARN  background.BlockDeletingService (BlockDeletingService.java:isDeletionAllowed(187)) - Close Container log Index 6 is not replicated across allthe servers in the pipeline d8220d6b-da92-433e-abb5-ff494030cc0c as the min replicated index is 4. Deletion is not allowed in this container yet.
2019-10-23 22:25:02,487 [BlockDeletingService#2] WARN  background.BlockDeletingService (BlockDeletingService.java:isDeletionAllowed(187)) - Close Container log Index 6 is not replicated across allthe servers in the pipeline d8220d6b-da92-433e-abb5-ff494030cc0c as the min replicated index is 4. Deletion is not allowed in this container yet.
2019-10-23 22:25:02,624 [EventQueue-ContainerReportForContainerReportHandler] WARN  container.ContainerReportHandler (AbstractContainerReportHandler.java:updateContainerState(145)) - Container #1 is in OPEN state, but the datanode 22d85afd-4d4f-492d-93d6-f244982d2d2b{ip: 192.168.34.28, host: pr-hdds-2240-gjcjf-507280437, networkLocation: /default-rack, certSerialId: null} reports an CLOSED replica.
2019-10-23 22:25:02,651 [EventQueue-ContainerReportForContainerReportHandler] WARN  container.ContainerReportHandler (AbstractContainerReportHandler.java:updateContainerState(145)) - Container #1 is in OPEN state, but the datanode 73b959bd-e3af-4247-b02b-6987bacc6720{ip: 192.168.34.28, host: pr-hdds-2240-gjcjf-507280437, networkLocation: /default-rack, certSerialId: null} reports an CLOSED replica.
2019-10-23 22:25:02,824 [EventQueue-ContainerReportForContainerReportHandler] WARN  container.ContainerReportHandler (AbstractContainerReportHandler.java:updateContainerState(145)) - Container #1 is in OPEN state, but the datanode 22d85afd-4d4f-492d-93d6-f244982d2d2b{ip: 192.168.34.28, host: pr-hdds-2240-gjcjf-507280437, networkLocation: /default-rack, certSerialId: null} reports an CLOSED replica.
2019-10-23 22:25:02,951 [EventQueue-ContainerReportForContainerReportHandler] WARN  container.ContainerReportHandler (AbstractContainerReportHandler.java:updateContainerState(145)) - Container #1 is in OPEN state, but the datanode 73b959bd-e3af-4247-b02b-6987bacc6720{ip: 192.168.34.28, host: pr-hdds-2240-gjcjf-507280437, networkLocation: /default-rack, certSerialId: null} reports an CLOSED replica.
2019-10-23 22:25:03,124 [EventQueue-ContainerReportForContainerReportHandler] WARN  container.ContainerReportHandler (AbstractContainerReportHandler.java:updateContainerState(145)) - Container #1 is in OPEN state, but the datanode 22d85afd-4d4f-492d-93d6-f244982d2d2b{ip: 192.168.34.28, host: pr-hdds-2240-gjcjf-507280437, networkLocation: /default-rack, certSerialId: null} reports an CLOSED replica.
2019-10-23 22:25:03,352 [EventQueue-ContainerReportForContainerReportHandler] WARN  container.ContainerReportHandler (AbstractContainerReportHandler.java:updateContainerState(145)) - Container #1 is in OPEN state, but the datanode 73b959bd-e3af-4247-b02b-6987bacc6720{ip: 192.168.34.28, host: pr-hdds-2240-gjcjf-507280437, networkLocation: /default-rack, certSerialId: null} reports an CLOSED replica.
2019-10-23 22:25:03,424 [EventQueue-ContainerReportForContainerReportHandler] WARN  container.ContainerReportHandler (AbstractContainerReportHandler.java:updateContainerState(145)) - Container #1 is in OPEN state, but the datanode 22d85afd-4d4f-492d-93d6-f244982d2d2b{ip: 192.168.34.28, host: pr-hdds-2240-gjcjf-507280437, networkLocation: /default-rack, certSerialId: null} reports an CLOSED replica.
2019-10-23 22:25:03,489 [BlockDeletingService#2] WARN  background.BlockDeletingService (BlockDeletingService.java:isDeletionAllowed(187)) - Close Container log Index 6 is not replicated across allthe servers in the pipeline d8220d6b-da92-433e-abb5-ff494030cc0c as the min replicated index is 4. Deletion is not allowed in this container yet.
2019-10-23 22:25:03,489 [BlockDeletingService#2] WARN  background.BlockDeletingService (BlockDeletingService.java:isDeletionAllowed(187)) - Close Container log Index 6 is not replicated across allthe servers in the pipeline d8220d6b-da92-433e-abb5-ff494030cc0c as the min replicated index is 4. Deletion is not allowed in this container yet.
2019-10-23 22:25:03,654 [EventQueue-ContainerReportForContainerReportHandler] WARN  container.ContainerReportHandler (AbstractContainerReportHandler.java:updateContainerState(145)) - Container #1 is in OPEN state, but the datanode 73b959bd-e3af-4247-b02b-6987bacc6720{ip: 192.168.34.28, host: pr-hdds-2240-gjcjf-507280437, networkLocation: /default-rack, certSerialId: null} reports an CLOSED replica.
2019-10-23 22:25:03,824 [EventQueue-ContainerReportForContainerReportHandler] WARN  container.ContainerReportHandler (AbstractContainerReportHandler.java:updateContainerState(145)) - Container #1 is in OPEN state, but the datanode 22d85afd-4d4f-492d-93d6-f244982d2d2b{ip: 192.168.34.28, host: pr-hdds-2240-gjcjf-507280437, networkLocation: /default-rack, certSerialId: null} reports an CLOSED replica.
2019-10-23 22:25:03,969 [java.util.concurrent.ThreadPoolExecutor$Worker@3c40f574[State = -1, empty queue]] WARN  server.GrpcLogAppender (GrpcLogAppender.java:timeoutAppendRequest(209)) - 22d85afd-4d4f-492d-93d6-f244982d2d2b@group-FF494030CC0C->1e780629-3013-4910-b058-82bfaeb575a6-GrpcLogAppender: appendEntries Timeout, request=22d85afd-4d4f-492d-93d6-f244982d2d2b->1e780629-3013-4910-b058-82bfaeb575a6#32-t2, previous=(t:2, i:10), leaderCommit=10, initializing? false, entries: <empty>
2019-10-23 22:25:04,054 [EventQueue-ContainerReportForContainerReportHandler] WARN  container.ContainerReportHandler (AbstractContainerReportHandler.java:updateContainerState(145)) - Container #1 is in OPEN state, but the datanode 73b959bd-e3af-4247-b02b-6987bacc6720{ip: 192.168.34.28, host: pr-hdds-2240-gjcjf-507280437, networkLocation: /default-rack, certSerialId: null} reports an CLOSED replica.
2019-10-23 22:25:04,224 [EventQueue-ContainerReportForContainerReportHandler] WARN  container.ContainerReportHandler (AbstractContainerReportHandler.java:updateContainerState(145)) - Container #1 is in OPEN state, but the datanode 22d85afd-4d4f-492d-93d6-f244982d2d2b{ip: 192.168.34.28, host: pr-hdds-2240-gjcjf-507280437, networkLocation: /default-rack, certSerialId: null} reports an CLOSED replica.
2019-10-23 22:25:04,254 [EventQueue-ContainerReportForContainerReportHandler] WARN  container.ContainerReportHandler (AbstractContainerReportHandler.java:updateContainerState(145)) - Container #1 is in OPEN state, but the datanode 73b959bd-e3af-4247-b02b-6987bacc6720{ip: 192.168.34.28, host: pr-hdds-2240-gjcjf-507280437, networkLocation: /default-rack, certSerialId: null} reports an CLOSED replica.
2019-10-23 22:25:04,425 [EventQueue-ContainerReportForContainerReportHandler] WARN  container.ContainerReportHandler (AbstractContainerReportHandler.java:updateContainerState(145)) - Container #1 is in OPEN state, but the datanode 22d85afd-4d4f-492d-93d6-f244982d2d2b{ip: 192.168.34.28, host: pr-hdds-2240-gjcjf-507280437, networkLocation: /default-rack, certSerialId: null} reports an CLOSED replica.
2019-10-23 22:25:04,491 [BlockDeletingService#8] WARN  background.BlockDeletingService (BlockDeletingService.java:isDeletionAllowed(187)) - Close Container log Index 6 is not replicated across allthe servers in the pipeline d8220d6b-da92-433e-abb5-ff494030cc0c as the min replicated index is 4. Deletion is not allowed in this container yet.
2019-10-23 22:25:04,491 [BlockDeletingService#2] WARN  background.BlockDeletingService (BlockDeletingService.java:isDeletionAllowed(187)) - Close Container log Index 6 is not replicated across allthe servers in the pipeline d8220d6b-da92-433e-abb5-ff494030cc0c as the min replicated index is 4. Deletion is not allowed in this container yet.
2019-10-23 22:25:04,554 [EventQueue-ContainerReportForContainerReportHandler] WARN  container.ContainerReportHandler (AbstractContainerReportHandler.java:updateContainerState(145)) - Container #1 is in OPEN state, but the datanode 73b959bd-e3af-4247-b02b-6987bacc6720{ip: 192.168.34.28, host: pr-hdds-2240-gjcjf-507280437, networkLocation: /default-rack, certSerialId: null} reports an CLOSED replica.
2019-10-23 22:25:04,725 [EventQueue-ContainerReportForContainerReportHandler] WARN  container.ContainerReportHandler (AbstractContainerReportHandler.java:updateContainerState(145)) - Container #1 is in OPEN state, but the datanode 22d85afd-4d4f-492d-93d6-f244982d2d2b{ip: 192.168.34.28, host: pr-hdds-2240-gjcjf-507280437, networkLocation: /default-rack, certSerialId: null} reports an CLOSED replica.
2019-10-23 22:25:04,955 [EventQueue-ContainerReportForContainerReportHandler] WARN  container.ContainerReportHandler (AbstractContainerReportHandler.java:updateContainerState(145)) - Container #1 is in OPEN state, but the datanode 73b959bd-e3af-4247-b02b-6987bacc6720{ip: 192.168.34.28, host: pr-hdds-2240-gjcjf-507280437, networkLocation: /default-rack, certSerialId: null} reports an CLOSED replica.
2019-10-23 22:25:05,025 [EventQueue-ContainerReportForContainerReportHandler] WARN  container.ContainerReportHandler (AbstractContainerReportHandler.java:updateContainerState(145)) - Container #1 is in OPEN state, but the datanode 22d85afd-4d4f-492d-93d6-f244982d2d2b{ip: 192.168.34.28, host: pr-hdds-2240-gjcjf-507280437, networkLocation: /default-rack, certSerialId: null} reports an CLOSED replica.
2019-10-23 22:25:05,255 [EventQueue-ContainerReportForContainerReportHandler] WARN  container.ContainerReportHandler (AbstractContainerReportHandler.java:updateContainerState(145)) - Container #1 is in OPEN state, but the datanode 73b959bd-e3af-4247-b02b-6987bacc6720{ip: 192.168.34.28, host: pr-hdds-2240-gjcjf-507280437, networkLocation: /default-rack, certSerialId: null} reports an CLOSED replica.
2019-10-23 22:25:05,325 [EventQueue-ContainerReportForContainerReportHandler] WARN  container.ContainerReportHandler (AbstractContainerReportHandler.java:updateContainerState(145)) - Container #1 is in OPEN state, but the datanode 22d85afd-4d4f-492d-93d6-f244982d2d2b{ip: 192.168.34.28, host: pr-hdds-2240-gjcjf-507280437, networkLocation: /default-rack, certSerialId: null} reports an CLOSED replica.
2019-10-23 22:25:05,494 [BlockDeletingService#8] WARN  background.BlockDeletingService (BlockDeletingService.java:isDeletionAllowed(187)) - Close Container log Index 6 is not replicated across allthe servers in the pipeline d8220d6b-da92-433e-abb5-ff494030cc0c as the min replicated index is 4. Deletion is not allowed in this container yet.
2019-10-23 22:25:05,494 [BlockDeletingService#2] WARN  background.BlockDeletingService (BlockDeletingService.java:isDeletionAllowed(187)) - Close Container log Index 6 is not replicated across allthe servers in the pipeline d8220d6b-da92-433e-abb5-ff494030cc0c as the min replicated index is 4. Deletion is not allowed in this container yet.
2019-10-23 22:25:05,556 [EventQueue-ContainerReportForContainerReportHandler] WARN  container.ContainerReportHandler (AbstractContainerReportHandler.java:updateContainerState(145)) - Container #1 is in OPEN state, but the datanode 73b959bd-e3af-4247-b02b-6987bacc6720{ip: 192.168.34.28, host: pr-hdds-2240-gjcjf-507280437, networkLocation: /default-rack, certSerialId: null} reports an CLOSED replica.
2019-10-23 22:25:05,626 [EventQueue-ContainerReportForContainerReportHandler] WARN  container.ContainerReportHandler (AbstractContainerReportHandler.java:updateContainerState(145)) - Container #1 is in OPEN state, but the datanode 22d85afd-4d4f-492d-93d6-f244982d2d2b{ip: 192.168.34.28, host: pr-hdds-2240-gjcjf-507280437, networkLocation: /default-rack, certSerialId: null} reports an CLOSED replica.
2019-10-23 22:25:05,759 [EventQueue-ContainerReportForContainerReportHandler] WARN  container.ContainerReportHandler (AbstractContainerReportHandler.java:updateContainerState(145)) - Container #1 is in OPEN state, but the datanode 73b959bd-e3af-4247-b02b-6987bacc6720{ip: 192.168.34.28, host: pr-hdds-2240-gjcjf-507280437, networkLocation: /default-rack, certSerialId: null} reports an CLOSED replica.
2019-10-23 22:25:05,927 [EventQueue-ContainerReportForContainerReportHandler] WARN  container.ContainerReportHandler (AbstractContainerReportHandler.java:updateContainerState(145)) - Container #1 is in OPEN state, but the datanode 22d85afd-4d4f-492d-93d6-f244982d2d2b{ip: 192.168.34.28, host: pr-hdds-2240-gjcjf-507280437, networkLocation: /default-rack, certSerialId: null} reports an CLOSED replica.
2019-10-23 22:25:06,127 [EventQueue-ContainerReportForContainerReportHandler] WARN  container.ContainerReportHandler (AbstractContainerReportHandler.java:updateContainerState(145)) - Container #1 is in OPEN state, but the datanode 22d85afd-4d4f-492d-93d6-f244982d2d2b{ip: 192.168.34.28, host: pr-hdds-2240-gjcjf-507280437, networkLocation: /default-rack, certSerialId: null} reports an CLOSED replica.
2019-10-23 22:25:06,156 [EventQueue-ContainerReportForContainerReportHandler] WARN  container.ContainerReportHandler (AbstractContainerReportHandler.java:updateContainerState(145)) - Container #1 is in OPEN state, but the datanode 73b959bd-e3af-4247-b02b-6987bacc6720{ip: 192.168.34.28, host: pr-hdds-2240-gjcjf-507280437, networkLocation: /default-rack, certSerialId: null} reports an CLOSED replica.
2019-10-23 22:25:06,355 [EventQueue-ContainerReportForContainerReportHandler] WARN  container.ContainerReportHandler (AbstractContainerReportHandler.java:updateContainerState(145)) - Container #1 is in OPEN state, but the datanode 73b959bd-e3af-4247-b02b-6987bacc6720{ip: 192.168.34.28, host: pr-hdds-2240-gjcjf-507280437, networkLocation: /default-rack, certSerialId: null} reports an CLOSED replica.
2019-10-23 22:25:06,470 [java.util.concurrent.ThreadPoolExecutor$Worker@3c40f574[State = -1, empty queue]] WARN  server.GrpcLogAppender (GrpcLogAppender.java:timeoutAppendRequest(209)) - 22d85afd-4d4f-492d-93d6-f244982d2d2b@group-FF494030CC0C->1e780629-3013-4910-b058-82bfaeb575a6-GrpcLogAppender: appendEntries Timeout, request=22d85afd-4d4f-492d-93d6-f244982d2d2b->1e780629-3013-4910-b058-82bfaeb575a6#33-t2, previous=(t:2, i:10), leaderCommit=10, initializing? false, entries: <empty>
2019-10-23 22:25:06,496 [BlockDeletingService#8] WARN  background.BlockDeletingService (BlockDeletingService.java:isDeletionAllowed(187)) - Close Container log Index 6 is not replicated across allthe servers in the pipeline d8220d6b-da92-433e-abb5-ff494030cc0c as the min replicated index is 4. Deletion is not allowed in this container yet.
2019-10-23 22:25:06,496 [BlockDeletingService#2] WARN  background.BlockDeletingService (BlockDeletingService.java:isDeletionAllowed(187)) - Close Container log Index 6 is not replicated across allthe servers in the pipeline d8220d6b-da92-433e-abb5-ff494030cc0c as the min replicated index is 4. Deletion is not allowed in this container yet.
2019-10-23 22:25:06,528 [EventQueue-ContainerReportForContainerReportHandler] WARN  container.ContainerReportHandler (AbstractContainerReportHandler.java:updateContainerState(145)) - Container #1 is in OPEN state, but the datanode 22d85afd-4d4f-492d-93d6-f244982d2d2b{ip: 192.168.34.28, host: pr-hdds-2240-gjcjf-507280437, networkLocation: /default-rack, certSerialId: null} reports an CLOSED replica.
2019-10-23 22:25:06,656 [EventQueue-ContainerReportForContainerReportHandler] WARN  container.ContainerReportHandler (AbstractContainerReportHandler.java:updateContainerState(145)) - Container #1 is in OPEN state, but the datanode 73b959bd-e3af-4247-b02b-6987bacc6720{ip: 192.168.34.28, host: pr-hdds-2240-gjcjf-507280437, networkLocation: /default-rack, certSerialId: null} reports an CLOSED replica.
2019-10-23 22:25:06,828 [EventQueue-ContainerReportForContainerReportHandler] WARN  container.ContainerReportHandler (AbstractContainerReportHandler.java:updateContainerState(145)) - Container #1 is in OPEN state, but the datanode 22d85afd-4d4f-492d-93d6-f244982d2d2b{ip: 192.168.34.28, host: pr-hdds-2240-gjcjf-507280437, networkLocation: /default-rack, certSerialId: null} reports an CLOSED replica.
2019-10-23 22:25:07,055 [EventQueue-ContainerReportForContainerReportHandler] WARN  container.ContainerReportHandler (AbstractContainerReportHandler.java:updateContainerState(145)) - Container #1 is in OPEN state, but the datanode 73b959bd-e3af-4247-b02b-6987bacc6720{ip: 192.168.34.28, host: pr-hdds-2240-gjcjf-507280437, networkLocation: /default-rack, certSerialId: null} reports an CLOSED replica.
2019-10-23 22:25:07,229 [EventQueue-ContainerReportForContainerReportHandler] WARN  container.ContainerReportHandler (AbstractContainerReportHandler.java:updateContainerState(145)) - Container #1 is in OPEN state, but the datanode 22d85afd-4d4f-492d-93d6-f244982d2d2b{ip: 192.168.34.28, host: pr-hdds-2240-gjcjf-507280437, networkLocation: /default-rack, certSerialId: null} reports an CLOSED replica.
2019-10-23 22:25:07,255 [EventQueue-ContainerReportForContainerReportHandler] WARN  container.ContainerReportHandler (AbstractContainerReportHandler.java:updateContainerState(145)) - Container #1 is in OPEN state, but the datanode 73b959bd-e3af-4247-b02b-6987bacc6720{ip: 192.168.34.28, host: pr-hdds-2240-gjcjf-507280437, networkLocation: /default-rack, certSerialId: null} reports an CLOSED replica.
2019-10-23 22:25:07,498 [BlockDeletingService#8] WARN  background.BlockDeletingService (BlockDeletingService.java:isDeletionAllowed(187)) - Close Container log Index 6 is not replicated across allthe servers in the pipeline d8220d6b-da92-433e-abb5-ff494030cc0c as the min replicated index is 4. Deletion is not allowed in this container yet.
2019-10-23 22:25:07,498 [BlockDeletingService#2] WARN  background.BlockDeletingService (BlockDeletingService.java:isDeletionAllowed(187)) - Close Container log Index 6 is not replicated across allthe servers in the pipeline d8220d6b-da92-433e-abb5-ff494030cc0c as the min replicated index is 4. Deletion is not allowed in this container yet.
2019-10-23 22:25:07,530 [EventQueue-ContainerReportForContainerReportHandler] WARN  container.ContainerReportHandler (AbstractContainerReportHandler.java:updateContainerState(145)) - Container #1 is in OPEN state, but the datanode 22d85afd-4d4f-492d-93d6-f244982d2d2b{ip: 192.168.34.28, host: pr-hdds-2240-gjcjf-507280437, networkLocation: /default-rack, certSerialId: null} reports an CLOSED replica.
2019-10-23 22:25:07,655 [EventQueue-ContainerReportForContainerReportHandler] WARN  container.ContainerReportHandler (AbstractContainerReportHandler.java:updateContainerState(145)) - Container #1 is in OPEN state, but the datanode 73b959bd-e3af-4247-b02b-6987bacc6720{ip: 192.168.34.28, host: pr-hdds-2240-gjcjf-507280437, networkLocation: /default-rack, certSerialId: null} reports an CLOSED replica.
2019-10-23 22:25:07,930 [EventQueue-ContainerReportForContainerReportHandler] WARN  container.ContainerReportHandler (AbstractContainerReportHandler.java:updateContainerState(145)) - Container #1 is in OPEN state, but the datanode 22d85afd-4d4f-492d-93d6-f244982d2d2b{ip: 192.168.34.28, host: pr-hdds-2240-gjcjf-507280437, networkLocation: /default-rack, certSerialId: null} reports an CLOSED replica.
2019-10-23 22:25:08,056 [EventQueue-ContainerReportForContainerReportHandler] WARN  container.ContainerReportHandler (AbstractContainerReportHandler.java:updateContainerState(145)) - Container #1 is in OPEN state, but the datanode 73b959bd-e3af-4247-b02b-6987bacc6720{ip: 192.168.34.28, host: pr-hdds-2240-gjcjf-507280437, networkLocation: /default-rack, certSerialId: null} reports an CLOSED replica.
2019-10-23 22:25:08,230 [EventQueue-ContainerReportForContainerReportHandler] WARN  container.ContainerReportHandler (AbstractContainerReportHandler.java:updateContainerState(145)) - Container #1 is in OPEN state, but the datanode 22d85afd-4d4f-492d-93d6-f244982d2d2b{ip: 192.168.34.28, host: pr-hdds-2240-gjcjf-507280437, networkLocation: /default-rack, certSerialId: null} reports an CLOSED replica.
2019-10-23 22:25:08,355 [EventQueue-ContainerReportForContainerReportHandler] WARN  container.ContainerReportHandler (AbstractContainerReportHandler.java:updateContainerState(145)) - Container #1 is in OPEN state, but the datanode 73b959bd-e3af-4247-b02b-6987bacc6720{ip: 192.168.34.28, host: pr-hdds-2240-gjcjf-507280437, networkLocation: /default-rack, certSerialId: null} reports an CLOSED replica.
2019-10-23 22:25:08,500 [BlockDeletingService#2] WARN  background.BlockDeletingService (BlockDeletingService.java:isDeletionAllowed(187)) - Close Container log Index 6 is not replicated across allthe servers in the pipeline d8220d6b-da92-433e-abb5-ff494030cc0c as the min replicated index is 4. Deletion is not allowed in this container yet.
2019-10-23 22:25:08,500 [BlockDeletingService#8] WARN  background.BlockDeletingService (BlockDeletingService.java:isDeletionAllowed(187)) - Close Container log Index 6 is not replicated across allthe servers in the pipeline d8220d6b-da92-433e-abb5-ff494030cc0c as the min replicated index is 4. Deletion is not allowed in this container yet.
2019-10-23 22:25:08,532 [EventQueue-ContainerReportForContainerReportHandler] WARN  container.ContainerReportHandler (AbstractContainerReportHandler.java:updateContainerState(145)) - Container #1 is in OPEN state, but the datanode 22d85afd-4d4f-492d-93d6-f244982d2d2b{ip: 192.168.34.28, host: pr-hdds-2240-gjcjf-507280437, networkLocation: /default-rack, certSerialId: null} reports an CLOSED replica.
2019-10-23 22:25:08,656 [EventQueue-ContainerReportForContainerReportHandler] WARN  container.ContainerReportHandler (AbstractContainerReportHandler.java:updateContainerState(145)) - Container #1 is in OPEN state, but the datanode 73b959bd-e3af-4247-b02b-6987bacc6720{ip: 192.168.34.28, host: pr-hdds-2240-gjcjf-507280437, networkLocation: /default-rack, certSerialId: null} reports an CLOSED replica.
2019-10-23 22:25:08,931 [EventQueue-ContainerReportForContainerReportHandler] WARN  container.ContainerReportHandler (AbstractContainerReportHandler.java:updateContainerState(145)) - Container #1 is in OPEN state, but the datanode 22d85afd-4d4f-492d-93d6-f244982d2d2b{ip: 192.168.34.28, host: pr-hdds-2240-gjcjf-507280437, networkLocation: /default-rack, certSerialId: null} reports an CLOSED replica.
2019-10-23 22:25:08,956 [EventQueue-ContainerReportForContainerReportHandler] WARN  container.ContainerReportHandler (AbstractContainerReportHandler.java:updateContainerState(145)) - Container #1 is in OPEN state, but the datanode 73b959bd-e3af-4247-b02b-6987bacc6720{ip: 192.168.34.28, host: pr-hdds-2240-gjcjf-507280437, networkLocation: /default-rack, certSerialId: null} reports an CLOSED replica.
2019-10-23 22:25:08,974 [java.util.concurrent.ThreadPoolExecutor$Worker@3c40f574[State = -1, empty queue]] WARN  server.GrpcLogAppender (GrpcLogAppender.java:timeoutAppendRequest(209)) - 22d85afd-4d4f-492d-93d6-f244982d2d2b@group-FF494030CC0C->1e780629-3013-4910-b058-82bfaeb575a6-GrpcLogAppender: appendEntries Timeout, request=22d85afd-4d4f-492d-93d6-f244982d2d2b->1e780629-3013-4910-b058-82bfaeb575a6#34-t2, previous=(t:2, i:10), leaderCommit=10, initializing? false, entries: <empty>
2019-10-23 22:25:09,256 [EventQueue-ContainerReportForContainerReportHandler] WARN  container.ContainerReportHandler (AbstractContainerReportHandler.java:updateContainerState(145)) - Container #1 is in OPEN state, but the datanode 73b959bd-e3af-4247-b02b-6987bacc6720{ip: 192.168.34.28, host: pr-hdds-2240-gjcjf-507280437, networkLocation: /default-rack, certSerialId: null} reports an CLOSED replica.
2019-10-23 22:25:09,331 [EventQueue-ContainerReportForContainerReportHandler] WARN  container.ContainerReportHandler (AbstractContainerReportHandler.java:updateContainerState(145)) - Container #1 is in OPEN state, but the datanode 22d85afd-4d4f-492d-93d6-f244982d2d2b{ip: 192.168.34.28, host: pr-hdds-2240-gjcjf-507280437, networkLocation: /default-rack, certSerialId: null} reports an CLOSED replica.
2019-10-23 22:25:09,502 [BlockDeletingService#2] WARN  background.BlockDeletingService (BlockDeletingService.java:isDeletionAllowed(187)) - Close Container log Index 6 is not replicated across allthe servers in the pipeline d8220d6b-da92-433e-abb5-ff494030cc0c as the min replicated index is 4. Deletion is not allowed in this container yet.
2019-10-23 22:25:09,502 [BlockDeletingService#8] WARN  background.BlockDeletingService (BlockDeletingService.java:isDeletionAllowed(187)) - Close Container log Index 6 is not replicated across allthe servers in the pipeline d8220d6b-da92-433e-abb5-ff494030cc0c as the min replicated index is 4. Deletion is not allowed in this container yet.
2019-10-23 22:25:09,531 [EventQueue-ContainerReportForContainerReportHandler] WARN  container.ContainerReportHandler (AbstractContainerReportHandler.java:updateContainerState(145)) - Container #1 is in OPEN state, but the datanode 22d85afd-4d4f-492d-93d6-f244982d2d2b{ip: 192.168.34.28, host: pr-hdds-2240-gjcjf-507280437, networkLocation: /default-rack, certSerialId: null} reports an CLOSED replica.
2019-10-23 22:25:09,656 [EventQueue-ContainerReportForContainerReportHandler] WARN  container.ContainerReportHandler (AbstractContainerReportHandler.java:updateContainerState(145)) - Container #1 is in OPEN state, but the datanode 73b959bd-e3af-4247-b02b-6987bacc6720{ip: 192.168.34.28, host: pr-hdds-2240-gjcjf-507280437, networkLocation: /default-rack, certSerialId: null} reports an CLOSED replica.
2019-10-23 22:25:09,831 [EventQueue-ContainerReportForContainerReportHandler] WARN  container.ContainerReportHandler (AbstractContainerReportHandler.java:updateContainerState(145)) - Container #1 is in OPEN state, but the datanode 22d85afd-4d4f-492d-93d6-f244982d2d2b{ip: 192.168.34.28, host: pr-hdds-2240-gjcjf-507280437, networkLocation: /default-rack, certSerialId: null} reports an CLOSED replica.
2019-10-23 22:25:10,031 [EventQueue-ContainerReportForContainerReportHandler] WARN  container.ContainerReportHandler (AbstractContainerReportHandler.java:updateContainerState(145)) - Container #1 is in OPEN state, but the datanode 22d85afd-4d4f-492d-93d6-f244982d2d2b{ip: 192.168.34.28, host: pr-hdds-2240-gjcjf-507280437, networkLocation: /default-rack, certSerialId: null} reports an CLOSED replica.
2019-10-23 22:25:10,056 [EventQueue-ContainerReportForContainerReportHandler] WARN  container.ContainerReportHandler (AbstractContainerReportHandler.java:updateContainerState(145)) - Container #1 is in OPEN state, but the datanode 73b959bd-e3af-4247-b02b-6987bacc6720{ip: 192.168.34.28, host: pr-hdds-2240-gjcjf-507280437, networkLocation: /default-rack, certSerialId: null} reports an CLOSED replica.
2019-10-23 22:25:10,356 [EventQueue-ContainerReportForContainerReportHandler] WARN  container.ContainerReportHandler (AbstractContainerReportHandler.java:updateContainerState(145)) - Container #1 is in OPEN state, but the datanode 73b959bd-e3af-4247-b02b-6987bacc6720{ip: 192.168.34.28, host: pr-hdds-2240-gjcjf-507280437, networkLocation: /default-rack, certSerialId: null} reports an CLOSED replica.
2019-10-23 22:25:10,432 [EventQueue-ContainerReportForContainerReportHandler] WARN  container.ContainerReportHandler (AbstractContainerReportHandler.java:updateContainerState(145)) - Container #1 is in OPEN state, but the datanode 22d85afd-4d4f-492d-93d6-f244982d2d2b{ip: 192.168.34.28, host: pr-hdds-2240-gjcjf-507280437, networkLocation: /default-rack, certSerialId: null} reports an CLOSED replica.
2019-10-23 22:25:10,504 [BlockDeletingService#8] WARN  background.BlockDeletingService (BlockDeletingService.java:isDeletionAllowed(187)) - Close Container log Index 6 is not replicated across allthe servers in the pipeline d8220d6b-da92-433e-abb5-ff494030cc0c as the min replicated index is 4. Deletion is not allowed in this container yet.
2019-10-23 22:25:10,504 [BlockDeletingService#2] WARN  background.BlockDeletingService (BlockDeletingService.java:isDeletionAllowed(187)) - Close Container log Index 6 is not replicated across allthe servers in the pipeline d8220d6b-da92-433e-abb5-ff494030cc0c as the min replicated index is 4. Deletion is not allowed in this container yet.
2019-10-23 22:25:10,601 [Thread-402] INFO  client.GrpcClientProtocolService (GrpcClientProtocolService.java:lambda$processClientRequest$0(278)) - Failed RaftClientRequest:client-13138D705F93->73b959bd-e3af-4247-b02b-6987bacc6720@group-FF494030CC0C, cid=10, seq=0, Watch-ALL_COMMITTED(6), Message:<EMPTY>, reply=RaftClientReply:client-13138D705F93->73b959bd-e3af-4247-b02b-6987bacc6720@group-FF494030CC0C, cid=10, FAILED org.apache.ratis.protocol.NotLeaderException: Server 73b959bd-e3af-4247-b02b-6987bacc6720@group-FF494030CC0C is not the leader 22d85afd-4d4f-492d-93d6-f244982d2d2b:192.168.34.28:33618, logIndex=0, commits[73b959bd-e3af-4247-b02b-6987bacc6720:c10, 1e780629-3013-4910-b058-82bfaeb575a6:c4, 22d85afd-4d4f-492d-93d6-f244982d2d2b:c10]
2019-10-23 22:25:10,734 [EventQueue-ContainerReportForContainerReportHandler] WARN  container.ContainerReportHandler (AbstractContainerReportHandler.java:updateContainerState(145)) - Container #1 is in OPEN state, but the datanode 22d85afd-4d4f-492d-93d6-f244982d2d2b{ip: 192.168.34.28, host: pr-hdds-2240-gjcjf-507280437, networkLocation: /default-rack, certSerialId: null} reports an CLOSED replica.
2019-10-23 22:25:10,757 [EventQueue-ContainerReportForContainerReportHandler] WARN  container.ContainerReportHandler (AbstractContainerReportHandler.java:updateContainerState(145)) - Container #1 is in OPEN state, but the datanode 73b959bd-e3af-4247-b02b-6987bacc6720{ip: 192.168.34.28, host: pr-hdds-2240-gjcjf-507280437, networkLocation: /default-rack, certSerialId: null} reports an CLOSED replica.
2019-10-23 22:25:10,934 [EventQueue-ContainerReportForContainerReportHandler] WARN  container.ContainerReportHandler (AbstractContainerReportHandler.java:updateContainerState(145)) - Container #1 is in OPEN state, but the datanode 22d85afd-4d4f-492d-93d6-f244982d2d2b{ip: 192.168.34.28, host: pr-hdds-2240-gjcjf-507280437, networkLocation: /default-rack, certSerialId: null} reports an CLOSED replica.
2019-10-23 22:25:11,160 [EventQueue-ContainerReportForContainerReportHandler] WARN  container.ContainerReportHandler (AbstractContainerReportHandler.java:updateContainerState(145)) - Container #1 is in OPEN state, but the datanode 73b959bd-e3af-4247-b02b-6987bacc6720{ip: 192.168.34.28, host: pr-hdds-2240-gjcjf-507280437, networkLocation: /default-rack, certSerialId: null} reports an CLOSED replica.
2019-10-23 22:25:11,234 [EventQueue-ContainerReportForContainerReportHandler] WARN  container.ContainerReportHandler (AbstractContainerReportHandler.java:updateContainerState(145)) - Container #1 is in OPEN state, but the datanode 22d85afd-4d4f-492d-93d6-f244982d2d2b{ip: 192.168.34.28, host: pr-hdds-2240-gjcjf-507280437, networkLocation: /default-rack, certSerialId: null} reports an CLOSED replica.
2019-10-23 22:25:11,459 [EventQueue-ContainerReportForContainerReportHandler] WARN  container.ContainerReportHandler (AbstractContainerReportHandler.java:updateContainerState(145)) - Container #1 is in OPEN state, but the datanode 73b959bd-e3af-4247-b02b-6987bacc6720{ip: 192.168.34.28, host: pr-hdds-2240-gjcjf-507280437, networkLocation: /default-rack, certSerialId: null} reports an CLOSED replica.
2019-10-23 22:25:11,475 [java.util.concurrent.ThreadPoolExecutor$Worker@3c40f574[State = -1, empty queue]] WARN  server.GrpcLogAppender (GrpcLogAppender.java:timeoutAppendRequest(209)) - 22d85afd-4d4f-492d-93d6-f244982d2d2b@group-FF494030CC0C->1e780629-3013-4910-b058-82bfaeb575a6-GrpcLogAppender: appendEntries Timeout, request=22d85afd-4d4f-492d-93d6-f244982d2d2b->1e780629-3013-4910-b058-82bfaeb575a6#35-t2, previous=(t:2, i:10), leaderCommit=10, initializing? false, entries: <empty>
2019-10-23 22:25:11,506 [BlockDeletingService#2] WARN  background.BlockDeletingService (BlockDeletingService.java:isDeletionAllowed(187)) - Close Container log Index 6 is not replicated across allthe servers in the pipeline d8220d6b-da92-433e-abb5-ff494030cc0c as the min replicated index is 4. Deletion is not allowed in this container yet.
2019-10-23 22:25:11,506 [BlockDeletingService#8] WARN  background.BlockDeletingService (BlockDeletingService.java:isDeletionAllowed(187)) - Close Container log Index 6 is not replicated across allthe servers in the pipeline d8220d6b-da92-433e-abb5-ff494030cc0c as the min replicated index is 4. Deletion is not allowed in this container yet.
2019-10-23 22:25:11,634 [EventQueue-ContainerReportForContainerReportHandler] WARN  container.ContainerReportHandler (AbstractContainerReportHandler.java:updateContainerState(145)) - Container #1 is in OPEN state, but the datanode 22d85afd-4d4f-492d-93d6-f244982d2d2b{ip: 192.168.34.28, host: pr-hdds-2240-gjcjf-507280437, networkLocation: /default-rack, certSerialId: null} reports an CLOSED replica.
2019-10-23 22:25:11,659 [EventQueue-ContainerReportForContainerReportHandler] WARN  container.ContainerReportHandler (AbstractContainerReportHandler.java:updateContainerState(145)) - Container #1 is in OPEN state, but the datanode 73b959bd-e3af-4247-b02b-6987bacc6720{ip: 192.168.34.28, host: pr-hdds-2240-gjcjf-507280437, networkLocation: /default-rack, certSerialId: null} reports an CLOSED replica.
2019-10-23 22:25:11,755 [Thread-408] INFO  client.GrpcClientProtocolService (GrpcClientProtocolService.java:lambda$processClientRequest$0(278)) - Failed RaftClientRequest:client-13138D705F93->22d85afd-4d4f-492d-93d6-f244982d2d2b@group-FF494030CC0C, cid=10, seq=0, Watch-ALL_COMMITTED(6), Message:<EMPTY>, reply=RaftClientReply:client-13138D705F93->22d85afd-4d4f-492d-93d6-f244982d2d2b@group-FF494030CC0C, cid=10, FAILED org.apache.ratis.protocol.NotReplicatedException: Request with call Id 10 and log index 6 is not yet replicated to ALL_COMMITTED, logIndex=6, commits[22d85afd-4d4f-492d-93d6-f244982d2d2b:c10, 73b959bd-e3af-4247-b02b-6987bacc6720:c10, 1e780629-3013-4910-b058-82bfaeb575a6:c4]
2019-10-23 22:25:11,835 [EventQueue-ContainerReportForContainerReportHandler] WARN  container.ContainerReportHandler (AbstractContainerReportHandler.java:updateContainerState(145)) - Container #1 is in OPEN state, but the datanode 22d85afd-4d4f-492d-93d6-f244982d2d2b{ip: 192.168.34.28, host: pr-hdds-2240-gjcjf-507280437, networkLocation: /default-rack, certSerialId: null} reports an CLOSED replica.
2019-10-23 22:25:11,859 [EventQueue-ContainerReportForContainerReportHandler] WARN  container.ContainerReportHandler (AbstractContainerReportHandler.java:updateContainerState(145)) - Container #1 is in OPEN state, but the datanode 73b959bd-e3af-4247-b02b-6987bacc6720{ip: 192.168.34.28, host: pr-hdds-2240-gjcjf-507280437, networkLocation: /default-rack, certSerialId: null} reports an CLOSED replica.
2019-10-23 22:25:12,160 [EventQueue-ContainerReportForContainerReportHandler] WARN  container.ContainerReportHandler (AbstractContainerReportHandler.java:updateContainerState(145)) - Container #1 is in OPEN state, but the datanode 73b959bd-e3af-4247-b02b-6987bacc6720{ip: 192.168.34.28, host: pr-hdds-2240-gjcjf-507280437, networkLocation: /default-rack, certSerialId: null} reports an CLOSED replica.
2019-10-23 22:25:12,236 [EventQueue-ContainerReportForContainerReportHandler] WARN  container.ContainerReportHandler (AbstractContainerReportHandler.java:updateContainerState(145)) - Container #1 is in OPEN state, but the datanode 22d85afd-4d4f-492d-93d6-f244982d2d2b{ip: 192.168.34.28, host: pr-hdds-2240-gjcjf-507280437, networkLocation: /default-rack, certSerialId: null} reports an CLOSED replica.
2019-10-23 22:25:12,509 [BlockDeletingService#8] WARN  background.BlockDeletingService (BlockDeletingService.java:isDeletionAllowed(187)) - Close Container log Index 6 is not replicated across allthe servers in the pipeline d8220d6b-da92-433e-abb5-ff494030cc0c as the min replicated index is 4. Deletion is not allowed in this container yet.
2019-10-23 22:25:12,509 [BlockDeletingService#2] WARN  background.BlockDeletingService (BlockDeletingService.java:isDeletionAllowed(187)) - Close Container log Index 6 is not replicated across allthe servers in the pipeline d8220d6b-da92-433e-abb5-ff494030cc0c as the min replicated index is 4. Deletion is not allowed in this container yet.
2019-10-23 22:25:12,536 [EventQueue-ContainerReportForContainerReportHandler] WARN  container.ContainerReportHandler (AbstractContainerReportHandler.java:updateContainerState(145)) - Container #1 is in OPEN state, but the datanode 22d85afd-4d4f-492d-93d6-f244982d2d2b{ip: 192.168.34.28, host: pr-hdds-2240-gjcjf-507280437, networkLocation: /default-rack, certSerialId: null} reports an CLOSED replica.
2019-10-23 22:25:12,561 [EventQueue-ContainerReportForContainerReportHandler] WARN  container.ContainerReportHandler (AbstractContainerReportHandler.java:updateContainerState(145)) - Container #1 is in OPEN state, but the datanode 73b959bd-e3af-4247-b02b-6987bacc6720{ip: 192.168.34.28, host: pr-hdds-2240-gjcjf-507280437, networkLocation: /default-rack, certSerialId: null} reports an CLOSED replica.
2019-10-23 22:25:12,936 [EventQueue-ContainerReportForContainerReportHandler] WARN  container.ContainerReportHandler (AbstractContainerReportHandler.java:updateContainerState(145)) - Container #1 is in OPEN state, but the datanode 22d85afd-4d4f-492d-93d6-f244982d2d2b{ip: 192.168.34.28, host: pr-hdds-2240-gjcjf-507280437, networkLocation: /default-rack, certSerialId: null} reports an CLOSED replica.
2019-10-23 22:25:12,961 [EventQueue-ContainerReportForContainerReportHandler] WARN  container.ContainerReportHandler (AbstractContainerReportHandler.java:updateContainerState(145)) - Container #1 is in OPEN state, but the datanode 73b959bd-e3af-4247-b02b-6987bacc6720{ip: 192.168.34.28, host: pr-hdds-2240-gjcjf-507280437, networkLocation: /default-rack, certSerialId: null} reports an CLOSED replica.
2019-10-23 22:25:13,136 [EventQueue-ContainerReportForContainerReportHandler] WARN  container.ContainerReportHandler (AbstractContainerReportHandler.java:updateContainerState(145)) - Container #1 is in OPEN state, but the datanode 22d85afd-4d4f-492d-93d6-f244982d2d2b{ip: 192.168.34.28, host: pr-hdds-2240-gjcjf-507280437, networkLocation: /default-rack, certSerialId: null} reports an CLOSED replica.
2019-10-23 22:25:13,260 [EventQueue-ContainerReportForContainerReportHandler] WARN  container.ContainerReportHandler (AbstractContainerReportHandler.java:updateContainerState(145)) - Container #1 is in OPEN state, but the datanode 73b959bd-e3af-4247-b02b-6987bacc6720{ip: 192.168.34.28, host: pr-hdds-2240-gjcjf-507280437, networkLocation: /default-rack, certSerialId: null} reports an CLOSED replica.
2019-10-23 22:25:13,336 [EventQueue-ContainerReportForContainerReportHandler] WARN  container.ContainerReportHandler (AbstractContainerReportHandler.java:updateContainerState(145)) - Container #1 is in OPEN state, but the datanode 22d85afd-4d4f-492d-93d6-f244982d2d2b{ip: 192.168.34.28, host: pr-hdds-2240-gjcjf-507280437, networkLocation: /default-rack, certSerialId: null} reports an CLOSED replica.
2019-10-23 22:25:13,512 [BlockDeletingService#2] WARN  background.BlockDeletingService (BlockDeletingService.java:isDeletionAllowed(187)) - Close Container log Index 6 is not replicated across allthe servers in the pipeline d8220d6b-da92-433e-abb5-ff494030cc0c as the min replicated index is 4. Deletion is not allowed in this container yet.
2019-10-23 22:25:13,512 [BlockDeletingService#8] WARN  background.BlockDeletingService (BlockDeletingService.java:isDeletionAllowed(187)) - Close Container log Index 6 is not replicated across allthe servers in the pipeline d8220d6b-da92-433e-abb5-ff494030cc0c as the min replicated index is 4. Deletion is not allowed in this container yet.
2019-10-23 22:25:13,560 [EventQueue-ContainerReportForContainerReportHandler] WARN  container.ContainerReportHandler (AbstractContainerReportHandler.java:updateContainerState(145)) - Container #1 is in OPEN state, but the datanode 73b959bd-e3af-4247-b02b-6987bacc6720{ip: 192.168.34.28, host: pr-hdds-2240-gjcjf-507280437, networkLocation: /default-rack, certSerialId: null} reports an CLOSED replica.
2019-10-23 22:25:13,637 [EventQueue-ContainerReportForContainerReportHandler] WARN  container.ContainerReportHandler (AbstractContainerReportHandler.java:updateContainerState(145)) - Container #1 is in OPEN state, but the datanode 22d85afd-4d4f-492d-93d6-f244982d2d2b{ip: 192.168.34.28, host: pr-hdds-2240-gjcjf-507280437, networkLocation: /default-rack, certSerialId: null} reports an CLOSED replica.
2019-10-23 22:25:13,760 [EventQueue-ContainerReportForContainerReportHandler] WARN  container.ContainerReportHandler (AbstractContainerReportHandler.java:updateContainerState(145)) - Container #1 is in OPEN state, but the datanode 73b959bd-e3af-4247-b02b-6987bacc6720{ip: 192.168.34.28, host: pr-hdds-2240-gjcjf-507280437, networkLocation: /default-rack, certSerialId: null} reports an CLOSED replica.
2019-10-23 22:25:13,937 [EventQueue-ContainerReportForContainerReportHandler] WARN  container.ContainerReportHandler (AbstractContainerReportHandler.java:updateContainerState(145)) - Container #1 is in OPEN state, but the datanode 22d85afd-4d4f-492d-93d6-f244982d2d2b{ip: 192.168.34.28, host: pr-hdds-2240-gjcjf-507280437, networkLocation: /default-rack, certSerialId: null} reports an CLOSED replica.
2019-10-23 22:25:13,977 [java.util.concurrent.ThreadPoolExecutor$Worker@3c40f574[State = -1, empty queue]] WARN  server.GrpcLogAppender (GrpcLogAppender.java:timeoutAppendRequest(209)) - 22d85afd-4d4f-492d-93d6-f244982d2d2b@group-FF494030CC0C->1e780629-3013-4910-b058-82bfaeb575a6-GrpcLogAppender: appendEntries Timeout, request=22d85afd-4d4f-492d-93d6-f244982d2d2b->1e780629-3013-4910-b058-82bfaeb575a6#36-t2, previous=(t:2, i:10), leaderCommit=10, initializing? false, entries: <empty>
2019-10-23 22:25:14,060 [EventQueue-ContainerReportForContainerReportHandler] WARN  container.ContainerReportHandler (AbstractContainerReportHandler.java:updateContainerState(145)) - Container #1 is in OPEN state, but the datanode 73b959bd-e3af-4247-b02b-6987bacc6720{ip: 192.168.34.28, host: pr-hdds-2240-gjcjf-507280437, networkLocation: /default-rack, certSerialId: null} reports an CLOSED replica.
2019-10-23 22:25:14,137 [EventQueue-ContainerReportForContainerReportHandler] WARN  container.ContainerReportHandler (AbstractContainerReportHandler.java:updateContainerState(145)) - Container #1 is in OPEN state, but the datanode 22d85afd-4d4f-492d-93d6-f244982d2d2b{ip: 192.168.34.28, host: pr-hdds-2240-gjcjf-507280437, networkLocation: /default-rack, certSerialId: null} reports an CLOSED replica.
2019-10-23 22:25:14,461 [EventQueue-ContainerReportForContainerReportHandler] WARN  container.ContainerReportHandler (AbstractContainerReportHandler.java:updateContainerState(145)) - Container #1 is in OPEN state, but the datanode 73b959bd-e3af-4247-b02b-6987bacc6720{ip: 192.168.34.28, host: pr-hdds-2240-gjcjf-507280437, networkLocation: /default-rack, certSerialId: null} reports an CLOSED replica.
2019-10-23 22:25:14,517 [BlockDeletingService#2] WARN  background.BlockDeletingService (BlockDeletingService.java:isDeletionAllowed(187)) - Close Container log Index 6 is not replicated across allthe servers in the pipeline d8220d6b-da92-433e-abb5-ff494030cc0c as the min replicated index is 4. Deletion is not allowed in this container yet.
2019-10-23 22:25:14,517 [BlockDeletingService#8] WARN  background.BlockDeletingService (BlockDeletingService.java:isDeletionAllowed(187)) - Close Container log Index 6 is not replicated across allthe servers in the pipeline d8220d6b-da92-433e-abb5-ff494030cc0c as the min replicated index is 4. Deletion is not allowed in this container yet.
2019-10-23 22:25:14,541 [EventQueue-ContainerReportForContainerReportHandler] WARN  container.ContainerReportHandler (AbstractContainerReportHandler.java:updateContainerState(145)) - Container #1 is in OPEN state, but the datanode 22d85afd-4d4f-492d-93d6-f244982d2d2b{ip: 192.168.34.28, host: pr-hdds-2240-gjcjf-507280437, networkLocation: /default-rack, certSerialId: null} reports an CLOSED replica.
2019-10-23 22:25:14,761 [EventQueue-ContainerReportForContainerReportHandler] WARN  container.ContainerReportHandler (AbstractContainerReportHandler.java:updateContainerState(145)) - Container #1 is in OPEN state, but the datanode 73b959bd-e3af-4247-b02b-6987bacc6720{ip: 192.168.34.28, host: pr-hdds-2240-gjcjf-507280437, networkLocation: /default-rack, certSerialId: null} reports an CLOSED replica.
2019-10-23 22:25:14,938 [EventQueue-ContainerReportForContainerReportHandler] WARN  container.ContainerReportHandler (AbstractContainerReportHandler.java:updateContainerState(145)) - Container #1 is in OPEN state, but the datanode 22d85afd-4d4f-492d-93d6-f244982d2d2b{ip: 192.168.34.28, host: pr-hdds-2240-gjcjf-507280437, networkLocation: /default-rack, certSerialId: null} reports an CLOSED replica.
2019-10-23 22:25:15,060 [EventQueue-ContainerReportForContainerReportHandler] WARN  container.ContainerReportHandler (AbstractContainerReportHandler.java:updateContainerState(145)) - Container #1 is in OPEN state, but the datanode 73b959bd-e3af-4247-b02b-6987bacc6720{ip: 192.168.34.28, host: pr-hdds-2240-gjcjf-507280437, networkLocation: /default-rack, certSerialId: null} reports an CLOSED replica.
2019-10-23 22:25:15,239 [EventQueue-ContainerReportForContainerReportHandler] WARN  container.ContainerReportHandler (AbstractContainerReportHandler.java:updateContainerState(145)) - Container #1 is in OPEN state, but the datanode 22d85afd-4d4f-492d-93d6-f244982d2d2b{ip: 192.168.34.28, host: pr-hdds-2240-gjcjf-507280437, networkLocation: /default-rack, certSerialId: null} reports an CLOSED replica.
2019-10-23 22:25:15,362 [EventQueue-ContainerReportForContainerReportHandler] WARN  container.ContainerReportHandler (AbstractContainerReportHandler.java:updateContainerState(145)) - Container #1 is in OPEN state, but the datanode 73b959bd-e3af-4247-b02b-6987bacc6720{ip: 192.168.34.28, host: pr-hdds-2240-gjcjf-507280437, networkLocation: /default-rack, certSerialId: null} reports an CLOSED replica.
2019-10-23 22:25:15,520 [BlockDeletingService#2] WARN  background.BlockDeletingService (BlockDeletingService.java:isDeletionAllowed(187)) - Close Container log Index 6 is not replicated across allthe servers in the pipeline d8220d6b-da92-433e-abb5-ff494030cc0c as the min replicated index is 4. Deletion is not allowed in this container yet.
2019-10-23 22:25:15,520 [BlockDeletingService#8] WARN  background.BlockDeletingService (BlockDeletingService.java:isDeletionAllowed(187)) - Close Container log Index 6 is not replicated across allthe servers in the pipeline d8220d6b-da92-433e-abb5-ff494030cc0c as the min replicated index is 4. Deletion is not allowed in this container yet.
2019-10-23 22:25:15,639 [EventQueue-ContainerReportForContainerReportHandler] WARN  container.ContainerReportHandler (AbstractContainerReportHandler.java:updateContainerState(145)) - Container #1 is in OPEN state, but the datanode 22d85afd-4d4f-492d-93d6-f244982d2d2b{ip: 192.168.34.28, host: pr-hdds-2240-gjcjf-507280437, networkLocation: /default-rack, certSerialId: null} reports an CLOSED replica.
2019-10-23 22:25:15,662 [EventQueue-ContainerReportForContainerReportHandler] WARN  container.ContainerReportHandler (AbstractContainerReportHandler.java:updateContainerState(145)) - Container #1 is in OPEN state, but the datanode 73b959bd-e3af-4247-b02b-6987bacc6720{ip: 192.168.34.28, host: pr-hdds-2240-gjcjf-507280437, networkLocation: /default-rack, certSerialId: null} reports an CLOSED replica.
2019-10-23 22:25:15,840 [EventQueue-ContainerReportForContainerReportHandler] WARN  container.ContainerReportHandler (AbstractContainerReportHandler.java:updateContainerState(145)) - Container #1 is in OPEN state, but the datanode 22d85afd-4d4f-492d-93d6-f244982d2d2b{ip: 192.168.34.28, host: pr-hdds-2240-gjcjf-507280437, networkLocation: /default-rack, certSerialId: null} reports an CLOSED replica.
2019-10-23 22:25:15,962 [EventQueue-ContainerReportForContainerReportHandler] WARN  container.ContainerReportHandler (AbstractContainerReportHandler.java:updateContainerState(145)) - Container #1 is in OPEN state, but the datanode 73b959bd-e3af-4247-b02b-6987bacc6720{ip: 192.168.34.28, host: pr-hdds-2240-gjcjf-507280437, networkLocation: /default-rack, certSerialId: null} reports an CLOSED replica.
2019-10-23 22:25:16,040 [EventQueue-ContainerReportForContainerReportHandler] WARN  container.ContainerReportHandler (AbstractContainerReportHandler.java:updateContainerState(145)) - Container #1 is in OPEN state, but the datanode 22d85afd-4d4f-492d-93d6-f244982d2d2b{ip: 192.168.34.28, host: pr-hdds-2240-gjcjf-507280437, networkLocation: /default-rack, certSerialId: null} reports an CLOSED replica.
2019-10-23 22:25:16,263 [EventQueue-ContainerReportForContainerReportHandler] WARN  container.ContainerReportHandler (AbstractContainerReportHandler.java:updateContainerState(145)) - Container #1 is in OPEN state, but the datanode 73b959bd-e3af-4247-b02b-6987bacc6720{ip: 192.168.34.28, host: pr-hdds-2240-gjcjf-507280437, networkLocation: /default-rack, certSerialId: null} reports an CLOSED replica.
2019-10-23 22:25:16,340 [EventQueue-ContainerReportForContainerReportHandler] WARN  container.ContainerReportHandler (AbstractContainerReportHandler.java:updateContainerState(145)) - Container #1 is in OPEN state, but the datanode 22d85afd-4d4f-492d-93d6-f244982d2d2b{ip: 192.168.34.28, host: pr-hdds-2240-gjcjf-507280437, networkLocation: /default-rack, certSerialId: null} reports an CLOSED replica.
2019-10-23 22:25:16,480 [java.util.concurrent.ThreadPoolExecutor$Worker@3c40f574[State = -1, empty queue]] WARN  server.GrpcLogAppender (GrpcLogAppender.java:timeoutAppendRequest(209)) - 22d85afd-4d4f-492d-93d6-f244982d2d2b@group-FF494030CC0C->1e780629-3013-4910-b058-82bfaeb575a6-GrpcLogAppender: appendEntries Timeout, request=22d85afd-4d4f-492d-93d6-f244982d2d2b->1e780629-3013-4910-b058-82bfaeb575a6#37-t2, previous=(t:2, i:10), leaderCommit=10, initializing? false, entries: <empty>
2019-10-23 22:25:16,524 [BlockDeletingService#8] WARN  background.BlockDeletingService (BlockDeletingService.java:isDeletionAllowed(187)) - Close Container log Index 6 is not replicated across allthe servers in the pipeline d8220d6b-da92-433e-abb5-ff494030cc0c as the min replicated index is 4. Deletion is not allowed in this container yet.
2019-10-23 22:25:16,524 [BlockDeletingService#2] WARN  background.BlockDeletingService (BlockDeletingService.java:isDeletionAllowed(187)) - Close Container log Index 6 is not replicated across allthe servers in the pipeline d8220d6b-da92-433e-abb5-ff494030cc0c as the min replicated index is 4. Deletion is not allowed in this container yet.
2019-10-23 22:25:16,663 [EventQueue-ContainerReportForContainerReportHandler] WARN  container.ContainerReportHandler (AbstractContainerReportHandler.java:updateContainerState(145)) - Container #1 is in OPEN state, but the datanode 73b959bd-e3af-4247-b02b-6987bacc6720{ip: 192.168.34.28, host: pr-hdds-2240-gjcjf-507280437, networkLocation: /default-rack, certSerialId: null} reports an CLOSED replica.
2019-10-23 22:25:16,741 [EventQueue-ContainerReportForContainerReportHandler] WARN  container.ContainerReportHandler (AbstractContainerReportHandler.java:updateContainerState(145)) - Container #1 is in OPEN state, but the datanode 22d85afd-4d4f-492d-93d6-f244982d2d2b{ip: 192.168.34.28, host: pr-hdds-2240-gjcjf-507280437, networkLocation: /default-rack, certSerialId: null} reports an CLOSED replica.
2019-10-23 22:25:16,865 [EventQueue-ContainerReportForContainerReportHandler] WARN  container.ContainerReportHandler (AbstractContainerReportHandler.java:updateContainerState(145)) - Container #1 is in OPEN state, but the datanode 73b959bd-e3af-4247-b02b-6987bacc6720{ip: 192.168.34.28, host: pr-hdds-2240-gjcjf-507280437, networkLocation: /default-rack, certSerialId: null} reports an CLOSED replica.
2019-10-23 22:25:17,065 [EventQueue-ContainerReportForContainerReportHandler] WARN  container.ContainerReportHandler (AbstractContainerReportHandler.java:updateContainerState(145)) - Container #1 is in OPEN state, but the datanode 73b959bd-e3af-4247-b02b-6987bacc6720{ip: 192.168.34.28, host: pr-hdds-2240-gjcjf-507280437, networkLocation: /default-rack, certSerialId: null} reports an CLOSED replica.
2019-10-23 22:25:17,141 [EventQueue-ContainerReportForContainerReportHandler] WARN  container.ContainerReportHandler (AbstractContainerReportHandler.java:updateContainerState(145)) - Container #1 is in OPEN state, but the datanode 22d85afd-4d4f-492d-93d6-f244982d2d2b{ip: 192.168.34.28, host: pr-hdds-2240-gjcjf-507280437, networkLocation: /default-rack, certSerialId: null} reports an CLOSED replica.
2019-10-23 22:25:17,366 [EventQueue-ContainerReportForContainerReportHandler] WARN  container.ContainerReportHandler (AbstractContainerReportHandler.java:updateContainerState(145)) - Container #1 is in OPEN state, but the datanode 73b959bd-e3af-4247-b02b-6987bacc6720{ip: 192.168.34.28, host: pr-hdds-2240-gjcjf-507280437, networkLocation: /default-rack, certSerialId: null} reports an CLOSED replica.
2019-10-23 22:25:17,526 [BlockDeletingService#2] WARN  background.BlockDeletingService (BlockDeletingService.java:isDeletionAllowed(187)) - Close Container log Index 6 is not replicated across allthe servers in the pipeline d8220d6b-da92-433e-abb5-ff494030cc0c as the min replicated index is 4. Deletion is not allowed in this container yet.
2019-10-23 22:25:17,526 [BlockDeletingService#8] WARN  background.BlockDeletingService (BlockDeletingService.java:isDeletionAllowed(187)) - Close Container log Index 6 is not replicated across allthe servers in the pipeline d8220d6b-da92-433e-abb5-ff494030cc0c as the min replicated index is 4. Deletion is not allowed in this container yet.
2019-10-23 22:25:17,541 [EventQueue-ContainerReportForContainerReportHandler] WARN  container.ContainerReportHandler (AbstractContainerReportHandler.java:updateContainerState(145)) - Container #1 is in OPEN state, but the datanode 22d85afd-4d4f-492d-93d6-f244982d2d2b{ip: 192.168.34.28, host: pr-hdds-2240-gjcjf-507280437, networkLocation: /default-rack, certSerialId: null} reports an CLOSED replica.
2019-10-23 22:25:17,741 [EventQueue-ContainerReportForContainerReportHandler] WARN  container.ContainerReportHandler (AbstractContainerReportHandler.java:updateContainerState(145)) - Container #1 is in OPEN state, but the datanode 22d85afd-4d4f-492d-93d6-f244982d2d2b{ip: 192.168.34.28, host: pr-hdds-2240-gjcjf-507280437, networkLocation: /default-rack, certSerialId: null} reports an CLOSED replica.
2019-10-23 22:25:17,769 [EventQueue-ContainerReportForContainerReportHandler] WARN  container.ContainerReportHandler (AbstractContainerReportHandler.java:updateContainerState(145)) - Container #1 is in OPEN state, but the datanode 73b959bd-e3af-4247-b02b-6987bacc6720{ip: 192.168.34.28, host: pr-hdds-2240-gjcjf-507280437, networkLocation: /default-rack, certSerialId: null} reports an CLOSED replica.
2019-10-23 22:25:17,969 [EventQueue-ContainerReportForContainerReportHandler] WARN  container.ContainerReportHandler (AbstractContainerReportHandler.java:updateContainerState(145)) - Container #1 is in OPEN state, but the datanode 73b959bd-e3af-4247-b02b-6987bacc6720{ip: 192.168.34.28, host: pr-hdds-2240-gjcjf-507280437, networkLocation: /default-rack, certSerialId: null} reports an CLOSED replica.
2019-10-23 22:25:18,041 [EventQueue-ContainerReportForContainerReportHandler] WARN  container.ContainerReportHandler (AbstractContainerReportHandler.java:updateContainerState(145)) - Container #1 is in OPEN state, but the datanode 22d85afd-4d4f-492d-93d6-f244982d2d2b{ip: 192.168.34.28, host: pr-hdds-2240-gjcjf-507280437, networkLocation: /default-rack, certSerialId: null} reports an CLOSED replica.
2019-10-23 22:25:18,342 [EventQueue-ContainerReportForContainerReportHandler] WARN  container.ContainerReportHandler (AbstractContainerReportHandler.java:updateContainerState(145)) - Container #1 is in OPEN state, but the datanode 22d85afd-4d4f-492d-93d6-f244982d2d2b{ip: 192.168.34.28, host: pr-hdds-2240-gjcjf-507280437, networkLocation: /default-rack, certSerialId: null} reports an CLOSED replica.
2019-10-23 22:25:18,369 [EventQueue-ContainerReportForContainerReportHandler] WARN  container.ContainerReportHandler (AbstractContainerReportHandler.java:updateContainerState(145)) - Container #1 is in OPEN state, but the datanode 73b959bd-e3af-4247-b02b-6987bacc6720{ip: 192.168.34.28, host: pr-hdds-2240-gjcjf-507280437, networkLocation: /default-rack, certSerialId: null} reports an CLOSED replica.
2019-10-23 22:25:18,528 [BlockDeletingService#2] WARN  background.BlockDeletingService (BlockDeletingService.java:isDeletionAllowed(187)) - Close Container log Index 6 is not replicated across allthe servers in the pipeline d8220d6b-da92-433e-abb5-ff494030cc0c as the min replicated index is 4. Deletion is not allowed in this container yet.
2019-10-23 22:25:18,528 [BlockDeletingService#8] WARN  background.BlockDeletingService (BlockDeletingService.java:isDeletionAllowed(187)) - Close Container log Index 6 is not replicated across allthe servers in the pipeline d8220d6b-da92-433e-abb5-ff494030cc0c as the min replicated index is 4. Deletion is not allowed in this container yet.
2019-10-23 22:25:18,542 [EventQueue-ContainerReportForContainerReportHandler] WARN  container.ContainerReportHandler (AbstractContainerReportHandler.java:updateContainerState(145)) - Container #1 is in OPEN state, but the datanode 22d85afd-4d4f-492d-93d6-f244982d2d2b{ip: 192.168.34.28, host: pr-hdds-2240-gjcjf-507280437, networkLocation: /default-rack, certSerialId: null} reports an CLOSED replica.
2019-10-23 22:25:18,669 [EventQueue-ContainerReportForContainerReportHandler] WARN  container.ContainerReportHandler (AbstractContainerReportHandler.java:updateContainerState(145)) - Container #1 is in OPEN state, but the datanode 73b959bd-e3af-4247-b02b-6987bacc6720{ip: 192.168.34.28, host: pr-hdds-2240-gjcjf-507280437, networkLocation: /default-rack, certSerialId: null} reports an CLOSED replica.
2019-10-23 22:25:18,869 [EventQueue-ContainerReportForContainerReportHandler] WARN  container.ContainerReportHandler (AbstractContainerReportHandler.java:updateContainerState(145)) - Container #1 is in OPEN state, but the datanode 73b959bd-e3af-4247-b02b-6987bacc6720{ip: 192.168.34.28, host: pr-hdds-2240-gjcjf-507280437, networkLocation: /default-rack, certSerialId: null} reports an CLOSED replica.
2019-10-23 22:25:18,942 [EventQueue-ContainerReportForContainerReportHandler] WARN  container.ContainerReportHandler (AbstractContainerReportHandler.java:updateContainerState(145)) - Container #1 is in OPEN state, but the datanode 22d85afd-4d4f-492d-93d6-f244982d2d2b{ip: 192.168.34.28, host: pr-hdds-2240-gjcjf-507280437, networkLocation: /default-rack, certSerialId: null} reports an CLOSED replica.
2019-10-23 22:25:18,981 [java.util.concurrent.ThreadPoolExecutor$Worker@3c40f574[State = -1, empty queue]] WARN  server.GrpcLogAppender (GrpcLogAppender.java:timeoutAppendRequest(209)) - 22d85afd-4d4f-492d-93d6-f244982d2d2b@group-FF494030CC0C->1e780629-3013-4910-b058-82bfaeb575a6-GrpcLogAppender: appendEntries Timeout, request=22d85afd-4d4f-492d-93d6-f244982d2d2b->1e780629-3013-4910-b058-82bfaeb575a6#38-t2, previous=(t:2, i:10), leaderCommit=10, initializing? false, entries: <empty>
2019-10-23 22:25:19,069 [EventQueue-ContainerReportForContainerReportHandler] WARN  container.ContainerReportHandler (AbstractContainerReportHandler.java:updateContainerState(145)) - Container #1 is in OPEN state, but the datanode 73b959bd-e3af-4247-b02b-6987bacc6720{ip: 192.168.34.28, host: pr-hdds-2240-gjcjf-507280437, networkLocation: /default-rack, certSerialId: null} reports an CLOSED replica.
2019-10-23 22:25:19,242 [EventQueue-ContainerReportForContainerReportHandler] WARN  container.ContainerReportHandler (AbstractContainerReportHandler.java:updateContainerState(145)) - Container #1 is in OPEN state, but the datanode 22d85afd-4d4f-492d-93d6-f244982d2d2b{ip: 192.168.34.28, host: pr-hdds-2240-gjcjf-507280437, networkLocation: /default-rack, certSerialId: null} reports an CLOSED replica.
2019-10-23 22:25:19,369 [EventQueue-ContainerReportForContainerReportHandler] WARN  container.ContainerReportHandler (AbstractContainerReportHandler.java:updateContainerState(145)) - Container #1 is in OPEN state, but the datanode 73b959bd-e3af-4247-b02b-6987bacc6720{ip: 192.168.34.28, host: pr-hdds-2240-gjcjf-507280437, networkLocation: /default-rack, certSerialId: null} reports an CLOSED replica.
2019-10-23 22:25:19,530 [BlockDeletingService#8] WARN  background.BlockDeletingService (BlockDeletingService.java:isDeletionAllowed(187)) - Close Container log Index 6 is not replicated across allthe servers in the pipeline d8220d6b-da92-433e-abb5-ff494030cc0c as the min replicated index is 4. Deletion is not allowed in this container yet.
2019-10-23 22:25:19,530 [BlockDeletingService#2] WARN  background.BlockDeletingService (BlockDeletingService.java:isDeletionAllowed(187)) - Close Container log Index 6 is not replicated across allthe servers in the pipeline d8220d6b-da92-433e-abb5-ff494030cc0c as the min replicated index is 4. Deletion is not allowed in this container yet.
2019-10-23 22:25:19,543 [EventQueue-ContainerReportForContainerReportHandler] WARN  container.ContainerReportHandler (AbstractContainerReportHandler.java:updateContainerState(145)) - Container #1 is in OPEN state, but the datanode 22d85afd-4d4f-492d-93d6-f244982d2d2b{ip: 192.168.34.28, host: pr-hdds-2240-gjcjf-507280437, networkLocation: /default-rack, certSerialId: null} reports an CLOSED replica.
2019-10-23 22:25:19,669 [EventQueue-ContainerReportForContainerReportHandler] WARN  container.ContainerReportHandler (AbstractContainerReportHandler.java:updateContainerState(145)) - Container #1 is in OPEN state, but the datanode 73b959bd-e3af-4247-b02b-6987bacc6720{ip: 192.168.34.28, host: pr-hdds-2240-gjcjf-507280437, networkLocation: /default-rack, certSerialId: null} reports an CLOSED replica.
2019-10-23 22:25:19,943 [EventQueue-ContainerReportForContainerReportHandler] WARN  container.ContainerReportHandler (AbstractContainerReportHandler.java:updateContainerState(145)) - Container #1 is in OPEN state, but the datanode 22d85afd-4d4f-492d-93d6-f244982d2d2b{ip: 192.168.34.28, host: pr-hdds-2240-gjcjf-507280437, networkLocation: /default-rack, certSerialId: null} reports an CLOSED replica.
2019-10-23 22:25:20,069 [EventQueue-ContainerReportForContainerReportHandler] WARN  container.ContainerReportHandler (AbstractContainerReportHandler.java:updateContainerState(145)) - Container #1 is in OPEN state, but the datanode 73b959bd-e3af-4247-b02b-6987bacc6720{ip: 192.168.34.28, host: pr-hdds-2240-gjcjf-507280437, networkLocation: /default-rack, certSerialId: null} reports an CLOSED replica.
2019-10-23 22:25:20,143 [EventQueue-ContainerReportForContainerReportHandler] WARN  container.ContainerReportHandler (AbstractContainerReportHandler.java:updateContainerState(145)) - Container #1 is in OPEN state, but the datanode 22d85afd-4d4f-492d-93d6-f244982d2d2b{ip: 192.168.34.28, host: pr-hdds-2240-gjcjf-507280437, networkLocation: /default-rack, certSerialId: null} reports an CLOSED replica.
2019-10-23 22:25:20,369 [EventQueue-ContainerReportForContainerReportHandler] WARN  container.ContainerReportHandler (AbstractContainerReportHandler.java:updateContainerState(145)) - Container #1 is in OPEN state, but the datanode 73b959bd-e3af-4247-b02b-6987bacc6720{ip: 192.168.34.28, host: pr-hdds-2240-gjcjf-507280437, networkLocation: /default-rack, certSerialId: null} reports an CLOSED replica.
2019-10-23 22:25:20,444 [EventQueue-ContainerReportForContainerReportHandler] WARN  container.ContainerReportHandler (AbstractContainerReportHandler.java:updateContainerState(145)) - Container #1 is in OPEN state, but the datanode 22d85afd-4d4f-492d-93d6-f244982d2d2b{ip: 192.168.34.28, host: pr-hdds-2240-gjcjf-507280437, networkLocation: /default-rack, certSerialId: null} reports an CLOSED replica.
2019-10-23 22:25:20,532 [BlockDeletingService#2] WARN  background.BlockDeletingService (BlockDeletingService.java:isDeletionAllowed(187)) - Close Container log Index 6 is not replicated across allthe servers in the pipeline d8220d6b-da92-433e-abb5-ff494030cc0c as the min replicated index is 4. Deletion is not allowed in this container yet.
2019-10-23 22:25:20,532 [BlockDeletingService#8] WARN  background.BlockDeletingService (BlockDeletingService.java:isDeletionAllowed(187)) - Close Container log Index 6 is not replicated across allthe servers in the pipeline d8220d6b-da92-433e-abb5-ff494030cc0c as the min replicated index is 4. Deletion is not allowed in this container yet.
2019-10-23 22:25:20,669 [EventQueue-ContainerReportForContainerReportHandler] WARN  container.ContainerReportHandler (AbstractContainerReportHandler.java:updateContainerState(145)) - Container #1 is in OPEN state, but the datanode 73b959bd-e3af-4247-b02b-6987bacc6720{ip: 192.168.34.28, host: pr-hdds-2240-gjcjf-507280437, networkLocation: /default-rack, certSerialId: null} reports an CLOSED replica.
2019-10-23 22:25:20,744 [EventQueue-ContainerReportForContainerReportHandler] WARN  container.ContainerReportHandler (AbstractContainerReportHandler.java:updateContainerState(145)) - Container #1 is in OPEN state, but the datanode 22d85afd-4d4f-492d-93d6-f244982d2d2b{ip: 192.168.34.28, host: pr-hdds-2240-gjcjf-507280437, networkLocation: /default-rack, certSerialId: null} reports an CLOSED replica.
2019-10-23 22:25:20,755 [Thread-434] INFO  client.GrpcClientProtocolService (GrpcClientProtocolService.java:lambda$processClientRequest$0(278)) - Failed RaftClientRequest:client-13138D705F93->22d85afd-4d4f-492d-93d6-f244982d2d2b@group-FF494030CC0C, cid=10, seq=0, Watch-ALL_COMMITTED(6), Message:<EMPTY>, reply=RaftClientReply:client-13138D705F93->22d85afd-4d4f-492d-93d6-f244982d2d2b@group-FF494030CC0C, cid=10, FAILED org.apache.ratis.protocol.NotReplicatedException: Request with call Id 10 and log index 6 is not yet replicated to ALL_COMMITTED, logIndex=6, commits[22d85afd-4d4f-492d-93d6-f244982d2d2b:c10, 73b959bd-e3af-4247-b02b-6987bacc6720:c10, 1e780629-3013-4910-b058-82bfaeb575a6:c4]
2019-10-23 22:25:20,969 [EventQueue-ContainerReportForContainerReportHandler] WARN  container.ContainerReportHandler (AbstractContainerReportHandler.java:updateContainerState(145)) - Container #1 is in OPEN state, but the datanode 73b959bd-e3af-4247-b02b-6987bacc6720{ip: 192.168.34.28, host: pr-hdds-2240-gjcjf-507280437, networkLocation: /default-rack, certSerialId: null} reports an CLOSED replica.
2019-10-23 22:25:21,044 [EventQueue-ContainerReportForContainerReportHandler] WARN  container.ContainerReportHandler (AbstractContainerReportHandler.java:updateContainerState(145)) - Container #1 is in OPEN state, but the datanode 22d85afd-4d4f-492d-93d6-f244982d2d2b{ip: 192.168.34.28, host: pr-hdds-2240-gjcjf-507280437, networkLocation: /default-rack, certSerialId: null} reports an CLOSED replica.
2019-10-23 22:25:21,169 [EventQueue-ContainerReportForContainerReportHandler] WARN  container.ContainerReportHandler (AbstractContainerReportHandler.java:updateContainerState(145)) - Container #1 is in OPEN state, but the datanode 73b959bd-e3af-4247-b02b-6987bacc6720{ip: 192.168.34.28, host: pr-hdds-2240-gjcjf-507280437, networkLocation: /default-rack, certSerialId: null} reports an CLOSED replica.
2019-10-23 22:25:21,444 [EventQueue-ContainerReportForContainerReportHandler] WARN  container.ContainerReportHandler (AbstractContainerReportHandler.java:updateContainerState(145)) - Container #1 is in OPEN state, but the datanode 22d85afd-4d4f-492d-93d6-f244982d2d2b{ip: 192.168.34.28, host: pr-hdds-2240-gjcjf-507280437, networkLocation: /default-rack, certSerialId: null} reports an CLOSED replica.
2019-10-23 22:25:21,469 [EventQueue-ContainerReportForContainerReportHandler] WARN  container.ContainerReportHandler (AbstractContainerReportHandler.java:updateContainerState(145)) - Container #1 is in OPEN state, but the datanode 73b959bd-e3af-4247-b02b-6987bacc6720{ip: 192.168.34.28, host: pr-hdds-2240-gjcjf-507280437, networkLocation: /default-rack, certSerialId: null} reports an CLOSED replica.
2019-10-23 22:25:21,483 [java.util.concurrent.ThreadPoolExecutor$Worker@3c40f574[State = -1, empty queue]] WARN  server.GrpcLogAppender (GrpcLogAppender.java:timeoutAppendRequest(209)) - 22d85afd-4d4f-492d-93d6-f244982d2d2b@group-FF494030CC0C->1e780629-3013-4910-b058-82bfaeb575a6-GrpcLogAppender: appendEntries Timeout, request=22d85afd-4d4f-492d-93d6-f244982d2d2b->1e780629-3013-4910-b058-82bfaeb575a6#39-t2, previous=(t:2, i:10), leaderCommit=10, initializing? false, entries: <empty>
2019-10-23 22:25:21,534 [BlockDeletingService#2] WARN  background.BlockDeletingService (BlockDeletingService.java:isDeletionAllowed(187)) - Close Container log Index 6 is not replicated across allthe servers in the pipeline d8220d6b-da92-433e-abb5-ff494030cc0c as the min replicated index is 4. Deletion is not allowed in this container yet.
2019-10-23 22:25:21,534 [BlockDeletingService#8] WARN  background.BlockDeletingService (BlockDeletingService.java:isDeletionAllowed(187)) - Close Container log Index 6 is not replicated across allthe servers in the pipeline d8220d6b-da92-433e-abb5-ff494030cc0c as the min replicated index is 4. Deletion is not allowed in this container yet.
2019-10-23 22:25:21,645 [EventQueue-ContainerReportForContainerReportHandler] WARN  container.ContainerReportHandler (AbstractContainerReportHandler.java:updateContainerState(145)) - Container #1 is in OPEN state, but the datanode 22d85afd-4d4f-492d-93d6-f244982d2d2b{ip: 192.168.34.28, host: pr-hdds-2240-gjcjf-507280437, networkLocation: /default-rack, certSerialId: null} reports an CLOSED replica.
2019-10-23 22:25:21,869 [EventQueue-ContainerReportForContainerReportHandler] WARN  container.ContainerReportHandler (AbstractContainerReportHandler.java:updateContainerState(145)) - Container #1 is in OPEN state, but the datanode 73b959bd-e3af-4247-b02b-6987bacc6720{ip: 192.168.34.28, host: pr-hdds-2240-gjcjf-507280437, networkLocation: /default-rack, certSerialId: null} reports an CLOSED replica.
2019-10-23 22:25:22,045 [EventQueue-ContainerReportForContainerReportHandler] WARN  container.ContainerReportHandler (AbstractContainerReportHandler.java:updateContainerState(145)) - Container #1 is in OPEN state, but the datanode 22d85afd-4d4f-492d-93d6-f244982d2d2b{ip: 192.168.34.28, host: pr-hdds-2240-gjcjf-507280437, networkLocation: /default-rack, certSerialId: null} reports an CLOSED replica.
2019-10-23 22:25:22,169 [EventQueue-ContainerReportForContainerReportHandler] WARN  container.ContainerReportHandler (AbstractContainerReportHandler.java:updateContainerState(145)) - Container #1 is in OPEN state, but the datanode 73b959bd-e3af-4247-b02b-6987bacc6720{ip: 192.168.34.28, host: pr-hdds-2240-gjcjf-507280437, networkLocation: /default-rack, certSerialId: null} reports an CLOSED replica.
2019-10-23 22:25:22,245 [EventQueue-ContainerReportForContainerReportHandler] WARN  container.ContainerReportHandler (AbstractContainerReportHandler.java:updateContainerState(145)) - Container #1 is in OPEN state, but the datanode 22d85afd-4d4f-492d-93d6-f244982d2d2b{ip: 192.168.34.28, host: pr-hdds-2240-gjcjf-507280437, networkLocation: /default-rack, certSerialId: null} reports an CLOSED replica.
2019-10-23 22:25:22,445 [EventQueue-ContainerReportForContainerReportHandler] WARN  container.ContainerReportHandler (AbstractContainerReportHandler.java:updateContainerState(145)) - Container #1 is in OPEN state, but the datanode 22d85afd-4d4f-492d-93d6-f244982d2d2b{ip: 192.168.34.28, host: pr-hdds-2240-gjcjf-507280437, networkLocation: /default-rack, certSerialId: null} reports an CLOSED replica.
2019-10-23 22:25:22,470 [EventQueue-ContainerReportForContainerReportHandler] WARN  container.ContainerReportHandler (AbstractContainerReportHandler.java:updateContainerState(145)) - Container #1 is in OPEN state, but the datanode 73b959bd-e3af-4247-b02b-6987bacc6720{ip: 192.168.34.28, host: pr-hdds-2240-gjcjf-507280437, networkLocation: /default-rack, certSerialId: null} reports an CLOSED replica.
2019-10-23 22:25:22,535 [BlockDeletingService#8] WARN  background.BlockDeletingService (BlockDeletingService.java:isDeletionAllowed(187)) - Close Container log Index 6 is not replicated across allthe servers in the pipeline d8220d6b-da92-433e-abb5-ff494030cc0c as the min replicated index is 4. Deletion is not allowed in this container yet.
2019-10-23 22:25:22,535 [BlockDeletingService#2] WARN  background.BlockDeletingService (BlockDeletingService.java:isDeletionAllowed(187)) - Close Container log Index 6 is not replicated across allthe servers in the pipeline d8220d6b-da92-433e-abb5-ff494030cc0c as the min replicated index is 4. Deletion is not allowed in this container yet.
2019-10-23 22:25:22,745 [EventQueue-ContainerReportForContainerReportHandler] WARN  container.ContainerReportHandler (AbstractContainerReportHandler.java:updateContainerState(145)) - Container #1 is in OPEN state, but the datanode 22d85afd-4d4f-492d-93d6-f244982d2d2b{ip: 192.168.34.28, host: pr-hdds-2240-gjcjf-507280437, networkLocation: /default-rack, certSerialId: null} reports an CLOSED replica.
2019-10-23 22:25:22,770 [EventQueue-ContainerReportForContainerReportHandler] WARN  container.ContainerReportHandler (AbstractContainerReportHandler.java:updateContainerState(145)) - Container #1 is in OPEN state, but the datanode 73b959bd-e3af-4247-b02b-6987bacc6720{ip: 192.168.34.28, host: pr-hdds-2240-gjcjf-507280437, networkLocation: /default-rack, certSerialId: null} reports an CLOSED replica.
2019-10-23 22:25:22,946 [EventQueue-ContainerReportForContainerReportHandler] WARN  container.ContainerReportHandler (AbstractContainerReportHandler.java:updateContainerState(145)) - Container #1 is in OPEN state, but the datanode 22d85afd-4d4f-492d-93d6-f244982d2d2b{ip: 192.168.34.28, host: pr-hdds-2240-gjcjf-507280437, networkLocation: /default-rack, certSerialId: null} reports an CLOSED replica.
2019-10-23 22:25:23,146 [EventQueue-ContainerReportForContainerReportHandler] WARN  container.ContainerReportHandler (AbstractContainerReportHandler.java:updateContainerState(145)) - Container #1 is in OPEN state, but the datanode 22d85afd-4d4f-492d-93d6-f244982d2d2b{ip: 192.168.34.28, host: pr-hdds-2240-gjcjf-507280437, networkLocation: /default-rack, certSerialId: null} reports an CLOSED replica.
2019-10-23 22:25:23,170 [EventQueue-ContainerReportForContainerReportHandler] WARN  container.ContainerReportHandler (AbstractContainerReportHandler.java:updateContainerState(145)) - Container #1 is in OPEN state, but the datanode 73b959bd-e3af-4247-b02b-6987bacc6720{ip: 192.168.34.28, host: pr-hdds-2240-gjcjf-507280437, networkLocation: /default-rack, certSerialId: null} reports an CLOSED replica.
2019-10-23 22:25:23,472 [EventQueue-ContainerReportForContainerReportHandler] WARN  container.ContainerReportHandler (AbstractContainerReportHandler.java:updateContainerState(145)) - Container #1 is in OPEN state, but the datanode 73b959bd-e3af-4247-b02b-6987bacc6720{ip: 192.168.34.28, host: pr-hdds-2240-gjcjf-507280437, networkLocation: /default-rack, certSerialId: null} reports an CLOSED replica.
2019-10-23 22:25:23,537 [BlockDeletingService#8] WARN  background.BlockDeletingService (BlockDeletingService.java:isDeletionAllowed(187)) - Close Container log Index 6 is not replicated across allthe servers in the pipeline d8220d6b-da92-433e-abb5-ff494030cc0c as the min replicated index is 4. Deletion is not allowed in this container yet.
2019-10-23 22:25:23,537 [BlockDeletingService#2] WARN  background.BlockDeletingService (BlockDeletingService.java:isDeletionAllowed(187)) - Close Container log Index 6 is not replicated across allthe servers in the pipeline d8220d6b-da92-433e-abb5-ff494030cc0c as the min replicated index is 4. Deletion is not allowed in this container yet.
2019-10-23 22:25:23,546 [EventQueue-ContainerReportForContainerReportHandler] WARN  container.ContainerReportHandler (AbstractContainerReportHandler.java:updateContainerState(145)) - Container #1 is in OPEN state, but the datanode 22d85afd-4d4f-492d-93d6-f244982d2d2b{ip: 192.168.34.28, host: pr-hdds-2240-gjcjf-507280437, networkLocation: /default-rack, certSerialId: null} reports an CLOSED replica.
2019-10-23 22:25:23,849 [EventQueue-ContainerReportForContainerReportHandler] WARN  container.ContainerReportHandler (AbstractContainerReportHandler.java:updateContainerState(145)) - Container #1 is in OPEN state, but the datanode 22d85afd-4d4f-492d-93d6-f244982d2d2b{ip: 192.168.34.28, host: pr-hdds-2240-gjcjf-507280437, networkLocation: /default-rack, certSerialId: null} reports an CLOSED replica.
2019-10-23 22:25:23,871 [EventQueue-ContainerReportForContainerReportHandler] WARN  container.ContainerReportHandler (AbstractContainerReportHandler.java:updateContainerState(145)) - Container #1 is in OPEN state, but the datanode 73b959bd-e3af-4247-b02b-6987bacc6720{ip: 192.168.34.28, host: pr-hdds-2240-gjcjf-507280437, networkLocation: /default-rack, certSerialId: null} reports an CLOSED replica.
2019-10-23 22:25:23,984 [java.util.concurrent.ThreadPoolExecutor$Worker@3c40f574[State = -1, empty queue]] WARN  server.GrpcLogAppender (GrpcLogAppender.java:timeoutAppendRequest(209)) - 22d85afd-4d4f-492d-93d6-f244982d2d2b@group-FF494030CC0C->1e780629-3013-4910-b058-82bfaeb575a6-GrpcLogAppender: appendEntries Timeout, request=22d85afd-4d4f-492d-93d6-f244982d2d2b->1e780629-3013-4910-b058-82bfaeb575a6#40-t2, previous=(t:2, i:10), leaderCommit=10, initializing? false, entries: <empty>
2019-10-23 22:25:24,050 [EventQueue-ContainerReportForContainerReportHandler] WARN  container.ContainerReportHandler (AbstractContainerReportHandler.java:updateContainerState(145)) - Container #1 is in OPEN state, but the datanode 22d85afd-4d4f-492d-93d6-f244982d2d2b{ip: 192.168.34.28, host: pr-hdds-2240-gjcjf-507280437, networkLocation: /default-rack, certSerialId: null} reports an CLOSED replica.
2019-10-23 22:25:24,271 [EventQueue-ContainerReportForContainerReportHandler] WARN  container.ContainerReportHandler (AbstractContainerReportHandler.java:updateContainerState(145)) - Container #1 is in OPEN state, but the datanode 73b959bd-e3af-4247-b02b-6987bacc6720{ip: 192.168.34.28, host: pr-hdds-2240-gjcjf-507280437, networkLocation: /default-rack, certSerialId: null} reports an CLOSED replica.
2019-10-23 22:25:24,350 [EventQueue-ContainerReportForContainerReportHandler] WARN  container.ContainerReportHandler (AbstractContainerReportHandler.java:updateContainerState(145)) - Container #1 is in OPEN state, but the datanode 22d85afd-4d4f-492d-93d6-f244982d2d2b{ip: 192.168.34.28, host: pr-hdds-2240-gjcjf-507280437, networkLocation: /default-rack, certSerialId: null} reports an CLOSED replica.
2019-10-23 22:25:24,539 [BlockDeletingService#8] WARN  background.BlockDeletingService (BlockDeletingService.java:isDeletionAllowed(187)) - Close Container log Index 6 is not replicated across allthe servers in the pipeline d8220d6b-da92-433e-abb5-ff494030cc0c as the min replicated index is 4. Deletion is not allowed in this container yet.
2019-10-23 22:25:24,539 [BlockDeletingService#2] WARN  background.BlockDeletingService (BlockDeletingService.java:isDeletionAllowed(187)) - Close Container log Index 6 is not replicated across allthe servers in the pipeline d8220d6b-da92-433e-abb5-ff494030cc0c as the min replicated index is 4. Deletion is not allowed in this container yet.
2019-10-23 22:25:24,571 [EventQueue-ContainerReportForContainerReportHandler] WARN  container.ContainerReportHandler (AbstractContainerReportHandler.java:updateContainerState(145)) - Container #1 is in OPEN state, but the datanode 73b959bd-e3af-4247-b02b-6987bacc6720{ip: 192.168.34.28, host: pr-hdds-2240-gjcjf-507280437, networkLocation: /default-rack, certSerialId: null} reports an CLOSED replica.
2019-10-23 22:25:24,649 [EventQueue-ContainerReportForContainerReportHandler] WARN  container.ContainerReportHandler (AbstractContainerReportHandler.java:updateContainerState(145)) - Container #1 is in OPEN state, but the datanode 22d85afd-4d4f-492d-93d6-f244982d2d2b{ip: 192.168.34.28, host: pr-hdds-2240-gjcjf-507280437, networkLocation: /default-rack, certSerialId: null} reports an CLOSED replica.
2019-10-23 22:25:24,872 [EventQueue-ContainerReportForContainerReportHandler] WARN  container.ContainerReportHandler (AbstractContainerReportHandler.java:updateContainerState(145)) - Container #1 is in OPEN state, but the datanode 73b959bd-e3af-4247-b02b-6987bacc6720{ip: 192.168.34.28, host: pr-hdds-2240-gjcjf-507280437, networkLocation: /default-rack, certSerialId: null} reports an CLOSED replica.
2019-10-23 22:25:24,949 [EventQueue-ContainerReportForContainerReportHandler] WARN  container.ContainerReportHandler (AbstractContainerReportHandler.java:updateContainerState(145)) - Container #1 is in OPEN state, but the datanode 22d85afd-4d4f-492d-93d6-f244982d2d2b{ip: 192.168.34.28, host: pr-hdds-2240-gjcjf-507280437, networkLocation: /default-rack, certSerialId: null} reports an CLOSED replica.
2019-10-23 22:25:25,174 [EventQueue-ContainerReportForContainerReportHandler] WARN  container.ContainerReportHandler (AbstractContainerReportHandler.java:updateContainerState(145)) - Container #1 is in OPEN state, but the datanode 73b959bd-e3af-4247-b02b-6987bacc6720{ip: 192.168.34.28, host: pr-hdds-2240-gjcjf-507280437, networkLocation: /default-rack, certSerialId: null} reports an CLOSED replica.
2019-10-23 22:25:25,249 [EventQueue-ContainerReportForContainerReportHandler] WARN  container.ContainerReportHandler (AbstractContainerReportHandler.java:updateContainerState(145)) - Container #1 is in OPEN state, but the datanode 22d85afd-4d4f-492d-93d6-f244982d2d2b{ip: 192.168.34.28, host: pr-hdds-2240-gjcjf-507280437, networkLocation: /default-rack, certSerialId: null} reports an CLOSED replica.
2019-10-23 22:25:25,473 [EventQueue-ContainerReportForContainerReportHandler] WARN  container.ContainerReportHandler (AbstractContainerReportHandler.java:updateContainerState(145)) - Container #1 is in OPEN state, but the datanode 73b959bd-e3af-4247-b02b-6987bacc6720{ip: 192.168.34.28, host: pr-hdds-2240-gjcjf-507280437, networkLocation: /default-rack, certSerialId: null} reports an CLOSED replica.
2019-10-23 22:25:25,540 [BlockDeletingService#2] WARN  background.BlockDeletingService (BlockDeletingService.java:isDeletionAllowed(187)) - Close Container log Index 6 is not replicated across allthe servers in the pipeline d8220d6b-da92-433e-abb5-ff494030cc0c as the min replicated index is 4. Deletion is not allowed in this container yet.
2019-10-23 22:25:25,540 [BlockDeletingService#8] WARN  background.BlockDeletingService (BlockDeletingService.java:isDeletionAllowed(187)) - Close Container log Index 6 is not replicated across allthe servers in the pipeline d8220d6b-da92-433e-abb5-ff494030cc0c as the min replicated index is 4. Deletion is not allowed in this container yet.
2019-10-23 22:25:25,550 [EventQueue-ContainerReportForContainerReportHandler] WARN  container.ContainerReportHandler (AbstractContainerReportHandler.java:updateContainerState(145)) - Container #1 is in OPEN state, but the datanode 22d85afd-4d4f-492d-93d6-f244982d2d2b{ip: 192.168.34.28, host: pr-hdds-2240-gjcjf-507280437, networkLocation: /default-rack, certSerialId: null} reports an CLOSED replica.
2019-10-23 22:25:25,673 [EventQueue-ContainerReportForContainerReportHandler] WARN  container.ContainerReportHandler (AbstractContainerReportHandler.java:updateContainerState(145)) - Container #1 is in OPEN state, but the datanode 73b959bd-e3af-4247-b02b-6987bacc6720{ip: 192.168.34.28, host: pr-hdds-2240-gjcjf-507280437, networkLocation: /default-rack, certSerialId: null} reports an CLOSED replica.
2019-10-23 22:25:25,849 [EventQueue-ContainerReportForContainerReportHandler] WARN  container.ContainerReportHandler (AbstractContainerReportHandler.java:updateContainerState(145)) - Container #1 is in OPEN state, but the datanode 22d85afd-4d4f-492d-93d6-f244982d2d2b{ip: 192.168.34.28, host: pr-hdds-2240-gjcjf-507280437, networkLocation: /default-rack, certSerialId: null} reports an CLOSED replica.
2019-10-23 22:25:26,074 [EventQueue-ContainerReportForContainerReportHandler] WARN  container.ContainerReportHandler (AbstractContainerReportHandler.java:updateContainerState(145)) - Container #1 is in OPEN state, but the datanode 73b959bd-e3af-4247-b02b-6987bacc6720{ip: 192.168.34.28, host: pr-hdds-2240-gjcjf-507280437, networkLocation: /default-rack, certSerialId: null} reports an CLOSED replica.
2019-10-23 22:25:26,149 [EventQueue-ContainerReportForContainerReportHandler] WARN  container.ContainerReportHandler (AbstractContainerReportHandler.java:updateContainerState(145)) - Container #1 is in OPEN state, but the datanode 22d85afd-4d4f-492d-93d6-f244982d2d2b{ip: 192.168.34.28, host: pr-hdds-2240-gjcjf-507280437, networkLocation: /default-rack, certSerialId: null} reports an CLOSED replica.
2019-10-23 22:25:26,374 [EventQueue-ContainerReportForContainerReportHandler] WARN  container.ContainerReportHandler (AbstractContainerReportHandler.java:updateContainerState(145)) - Container #1 is in OPEN state, but the datanode 73b959bd-e3af-4247-b02b-6987bacc6720{ip: 192.168.34.28, host: pr-hdds-2240-gjcjf-507280437, networkLocation: /default-rack, certSerialId: null} reports an CLOSED replica.
2019-10-23 22:25:26,450 [EventQueue-ContainerReportForContainerReportHandler] WARN  container.ContainerReportHandler (AbstractContainerReportHandler.java:updateContainerState(145)) - Container #1 is in OPEN state, but the datanode 22d85afd-4d4f-492d-93d6-f244982d2d2b{ip: 192.168.34.28, host: pr-hdds-2240-gjcjf-507280437, networkLocation: /default-rack, certSerialId: null} reports an CLOSED replica.
2019-10-23 22:25:26,484 [java.util.concurrent.ThreadPoolExecutor$Worker@3c40f574[State = -1, empty queue]] WARN  server.GrpcLogAppender (GrpcLogAppender.java:timeoutAppendRequest(209)) - 22d85afd-4d4f-492d-93d6-f244982d2d2b@group-FF494030CC0C->1e780629-3013-4910-b058-82bfaeb575a6-GrpcLogAppender: appendEntries Timeout, request=22d85afd-4d4f-492d-93d6-f244982d2d2b->1e780629-3013-4910-b058-82bfaeb575a6#41-t2, previous=(t:2, i:10), leaderCommit=10, initializing? false, entries: <empty>
2019-10-23 22:25:26,542 [BlockDeletingService#8] WARN  background.BlockDeletingService (BlockDeletingService.java:isDeletionAllowed(187)) - Close Container log Index 6 is not replicated across allthe servers in the pipeline d8220d6b-da92-433e-abb5-ff494030cc0c as the min replicated index is 4. Deletion is not allowed in this container yet.
2019-10-23 22:25:26,542 [BlockDeletingService#2] WARN  background.BlockDeletingService (BlockDeletingService.java:isDeletionAllowed(187)) - Close Container log Index 6 is not replicated across allthe servers in the pipeline d8220d6b-da92-433e-abb5-ff494030cc0c as the min replicated index is 4. Deletion is not allowed in this container yet.
2019-10-23 22:25:26,651 [EventQueue-ContainerReportForContainerReportHandler] WARN  container.ContainerReportHandler (AbstractContainerReportHandler.java:updateContainerState(145)) - Container #1 is in OPEN state, but the datanode 22d85afd-4d4f-492d-93d6-f244982d2d2b{ip: 192.168.34.28, host: pr-hdds-2240-gjcjf-507280437, networkLocation: /default-rack, certSerialId: null} reports an CLOSED replica.
2019-10-23 22:25:26,676 [EventQueue-ContainerReportForContainerReportHandler] WARN  container.ContainerReportHandler (AbstractContainerReportHandler.java:updateContainerState(145)) - Container #1 is in OPEN state, but the datanode 73b959bd-e3af-4247-b02b-6987bacc6720{ip: 192.168.34.28, host: pr-hdds-2240-gjcjf-507280437, networkLocation: /default-rack, certSerialId: null} reports an CLOSED replica.
2019-10-23 22:25:27,051 [EventQueue-ContainerReportForContainerReportHandler] WARN  container.ContainerReportHandler (AbstractContainerReportHandler.java:updateContainerState(145)) - Container #1 is in OPEN state, but the datanode 22d85afd-4d4f-492d-93d6-f244982d2d2b{ip: 192.168.34.28, host: pr-hdds-2240-gjcjf-507280437, networkLocation: /default-rack, certSerialId: null} reports an CLOSED replica.
2019-10-23 22:25:27,078 [EventQueue-ContainerReportForContainerReportHandler] WARN  container.ContainerReportHandler (AbstractContainerReportHandler.java:updateContainerState(145)) - Container #1 is in OPEN state, but the datanode 73b959bd-e3af-4247-b02b-6987bacc6720{ip: 192.168.34.28, host: pr-hdds-2240-gjcjf-507280437, networkLocation: /default-rack, certSerialId: null} reports an CLOSED replica.
2019-10-23 22:25:27,378 [EventQueue-ContainerReportForContainerReportHandler] WARN  container.ContainerReportHandler (AbstractContainerReportHandler.java:updateContainerState(145)) - Container #1 is in OPEN state, but the datanode 73b959bd-e3af-4247-b02b-6987bacc6720{ip: 192.168.34.28, host: pr-hdds-2240-gjcjf-507280437, networkLocation: /default-rack, certSerialId: null} reports an CLOSED replica.
2019-10-23 22:25:27,451 [EventQueue-ContainerReportForContainerReportHandler] WARN  container.ContainerReportHandler (AbstractContainerReportHandler.java:updateContainerState(145)) - Container #1 is in OPEN state, but the datanode 22d85afd-4d4f-492d-93d6-f244982d2d2b{ip: 192.168.34.28, host: pr-hdds-2240-gjcjf-507280437, networkLocation: /default-rack, certSerialId: null} reports an CLOSED replica.
2019-10-23 22:25:27,543 [BlockDeletingService#8] WARN  background.BlockDeletingService (BlockDeletingService.java:isDeletionAllowed(187)) - Close Container log Index 6 is not replicated across allthe servers in the pipeline d8220d6b-da92-433e-abb5-ff494030cc0c as the min replicated index is 4. Deletion is not allowed in this container yet.
2019-10-23 22:25:27,543 [BlockDeletingService#2] WARN  background.BlockDeletingService (BlockDeletingService.java:isDeletionAllowed(187)) - Close Container log Index 6 is not replicated across allthe servers in the pipeline d8220d6b-da92-433e-abb5-ff494030cc0c as the min replicated index is 4. Deletion is not allowed in this container yet.
2019-10-23 22:25:27,578 [EventQueue-ContainerReportForContainerReportHandler] WARN  container.ContainerReportHandler (AbstractContainerReportHandler.java:updateContainerState(145)) - Container #1 is in OPEN state, but the datanode 73b959bd-e3af-4247-b02b-6987bacc6720{ip: 192.168.34.28, host: pr-hdds-2240-gjcjf-507280437, networkLocation: /default-rack, certSerialId: null} reports an CLOSED replica.
2019-10-23 22:25:27,852 [EventQueue-ContainerReportForContainerReportHandler] WARN  container.ContainerReportHandler (AbstractContainerReportHandler.java:updateContainerState(145)) - Container #1 is in OPEN state, but the datanode 22d85afd-4d4f-492d-93d6-f244982d2d2b{ip: 192.168.34.28, host: pr-hdds-2240-gjcjf-507280437, networkLocation: /default-rack, certSerialId: null} reports an CLOSED replica.
2019-10-23 22:25:27,878 [EventQueue-ContainerReportForContainerReportHandler] WARN  container.ContainerReportHandler (AbstractContainerReportHandler.java:updateContainerState(145)) - Container #1 is in OPEN state, but the datanode 73b959bd-e3af-4247-b02b-6987bacc6720{ip: 192.168.34.28, host: pr-hdds-2240-gjcjf-507280437, networkLocation: /default-rack, certSerialId: null} reports an CLOSED replica.
2019-10-23 22:25:28,152 [EventQueue-ContainerReportForContainerReportHandler] WARN  container.ContainerReportHandler (AbstractContainerReportHandler.java:updateContainerState(145)) - Container #1 is in OPEN state, but the datanode 22d85afd-4d4f-492d-93d6-f244982d2d2b{ip: 192.168.34.28, host: pr-hdds-2240-gjcjf-507280437, networkLocation: /default-rack, certSerialId: null} reports an CLOSED replica.
2019-10-23 22:25:28,279 [EventQueue-ContainerReportForContainerReportHandler] WARN  container.ContainerReportHandler (AbstractContainerReportHandler.java:updateContainerState(145)) - Container #1 is in OPEN state, but the datanode 73b959bd-e3af-4247-b02b-6987bacc6720{ip: 192.168.34.28, host: pr-hdds-2240-gjcjf-507280437, networkLocation: /default-rack, certSerialId: null} reports an CLOSED replica.
2019-10-23 22:25:28,451 [EventQueue-ContainerReportForContainerReportHandler] WARN  container.ContainerReportHandler (AbstractContainerReportHandler.java:updateContainerState(145)) - Container #1 is in OPEN state, but the datanode 22d85afd-4d4f-492d-93d6-f244982d2d2b{ip: 192.168.34.28, host: pr-hdds-2240-gjcjf-507280437, networkLocation: /default-rack, certSerialId: null} reports an CLOSED replica.
2019-10-23 22:25:28,545 [BlockDeletingService#8] WARN  background.BlockDeletingService (BlockDeletingService.java:isDeletionAllowed(187)) - Close Container log Index 6 is not replicated across allthe servers in the pipeline d8220d6b-da92-433e-abb5-ff494030cc0c as the min replicated index is 4. Deletion is not allowed in this container yet.
2019-10-23 22:25:28,545 [BlockDeletingService#2] WARN  background.BlockDeletingService (BlockDeletingService.java:isDeletionAllowed(187)) - Close Container log Index 6 is not replicated across allthe servers in the pipeline d8220d6b-da92-433e-abb5-ff494030cc0c as the min replicated index is 4. Deletion is not allowed in this container yet.
2019-10-23 22:25:28,579 [EventQueue-ContainerReportForContainerReportHandler] WARN  container.ContainerReportHandler (AbstractContainerReportHandler.java:updateContainerState(145)) - Container #1 is in OPEN state, but the datanode 73b959bd-e3af-4247-b02b-6987bacc6720{ip: 192.168.34.28, host: pr-hdds-2240-gjcjf-507280437, networkLocation: /default-rack, certSerialId: null} reports an CLOSED replica.
2019-10-23 22:25:28,751 [EventQueue-ContainerReportForContainerReportHandler] WARN  container.ContainerReportHandler (AbstractContainerReportHandler.java:updateContainerState(145)) - Container #1 is in OPEN state, but the datanode 22d85afd-4d4f-492d-93d6-f244982d2d2b{ip: 192.168.34.28, host: pr-hdds-2240-gjcjf-507280437, networkLocation: /default-rack, certSerialId: null} reports an CLOSED replica.
2019-10-23 22:25:28,879 [EventQueue-ContainerReportForContainerReportHandler] WARN  container.ContainerReportHandler (AbstractContainerReportHandler.java:updateContainerState(145)) - Container #1 is in OPEN state, but the datanode 73b959bd-e3af-4247-b02b-6987bacc6720{ip: 192.168.34.28, host: pr-hdds-2240-gjcjf-507280437, networkLocation: /default-rack, certSerialId: null} reports an CLOSED replica.
2019-10-23 22:25:28,985 [java.util.concurrent.ThreadPoolExecutor$Worker@3c40f574[State = -1, empty queue]] WARN  server.GrpcLogAppender (GrpcLogAppender.java:timeoutAppendRequest(209)) - 22d85afd-4d4f-492d-93d6-f244982d2d2b@group-FF494030CC0C->1e780629-3013-4910-b058-82bfaeb575a6-GrpcLogAppender: appendEntries Timeout, request=22d85afd-4d4f-492d-93d6-f244982d2d2b->1e780629-3013-4910-b058-82bfaeb575a6#42-t2, previous=(t:2, i:10), leaderCommit=10, initializing? false, entries: <empty>
2019-10-23 22:25:29,052 [EventQueue-ContainerReportForContainerReportHandler] WARN  container.ContainerReportHandler (AbstractContainerReportHandler.java:updateContainerState(145)) - Container #1 is in OPEN state, but the datanode 22d85afd-4d4f-492d-93d6-f244982d2d2b{ip: 192.168.34.28, host: pr-hdds-2240-gjcjf-507280437, networkLocation: /default-rack, certSerialId: null} reports an CLOSED replica.
2019-10-23 22:25:29,180 [EventQueue-ContainerReportForContainerReportHandler] WARN  container.ContainerReportHandler (AbstractContainerReportHandler.java:updateContainerState(145)) - Container #1 is in OPEN state, but the datanode 73b959bd-e3af-4247-b02b-6987bacc6720{ip: 192.168.34.28, host: pr-hdds-2240-gjcjf-507280437, networkLocation: /default-rack, certSerialId: null} reports an CLOSED replica.
2019-10-23 22:25:29,352 [EventQueue-ContainerReportForContainerReportHandler] WARN  container.ContainerReportHandler (AbstractContainerReportHandler.java:updateContainerState(145)) - Container #1 is in OPEN state, but the datanode 22d85afd-4d4f-492d-93d6-f244982d2d2b{ip: 192.168.34.28, host: pr-hdds-2240-gjcjf-507280437, networkLocation: /default-rack, certSerialId: null} reports an CLOSED replica.
2019-10-23 22:25:29,482 [EventQueue-ContainerReportForContainerReportHandler] WARN  container.ContainerReportHandler (AbstractContainerReportHandler.java:updateContainerState(145)) - Container #1 is in OPEN state, but the datanode 73b959bd-e3af-4247-b02b-6987bacc6720{ip: 192.168.34.28, host: pr-hdds-2240-gjcjf-507280437, networkLocation: /default-rack, certSerialId: null} reports an CLOSED replica.
2019-10-23 22:25:29,547 [BlockDeletingService#8] WARN  background.BlockDeletingService (BlockDeletingService.java:isDeletionAllowed(187)) - Close Container log Index 6 is not replicated across allthe servers in the pipeline d8220d6b-da92-433e-abb5-ff494030cc0c as the min replicated index is 4. Deletion is not allowed in this container yet.
2019-10-23 22:25:29,547 [BlockDeletingService#2] WARN  background.BlockDeletingService (BlockDeletingService.java:isDeletionAllowed(187)) - Close Container log Index 6 is not replicated across allthe servers in the pipeline d8220d6b-da92-433e-abb5-ff494030cc0c as the min replicated index is 4. Deletion is not allowed in this container yet.
2019-10-23 22:25:29,552 [EventQueue-ContainerReportForContainerReportHandler] WARN  container.ContainerReportHandler (AbstractContainerReportHandler.java:updateContainerState(145)) - Container #1 is in OPEN state, but the datanode 22d85afd-4d4f-492d-93d6-f244982d2d2b{ip: 192.168.34.28, host: pr-hdds-2240-gjcjf-507280437, networkLocation: /default-rack, certSerialId: null} reports an CLOSED replica.
2019-10-23 22:25:29,781 [EventQueue-ContainerReportForContainerReportHandler] WARN  container.ContainerReportHandler (AbstractContainerReportHandler.java:updateContainerState(145)) - Container #1 is in OPEN state, but the datanode 73b959bd-e3af-4247-b02b-6987bacc6720{ip: 192.168.34.28, host: pr-hdds-2240-gjcjf-507280437, networkLocation: /default-rack, certSerialId: null} reports an CLOSED replica.
2019-10-23 22:25:29,853 [EventQueue-ContainerReportForContainerReportHandler] WARN  container.ContainerReportHandler (AbstractContainerReportHandler.java:updateContainerState(145)) - Container #1 is in OPEN state, but the datanode 22d85afd-4d4f-492d-93d6-f244982d2d2b{ip: 192.168.34.28, host: pr-hdds-2240-gjcjf-507280437, networkLocation: /default-rack, certSerialId: null} reports an CLOSED replica.
2019-10-23 22:25:29,981 [EventQueue-ContainerReportForContainerReportHandler] WARN  container.ContainerReportHandler (AbstractContainerReportHandler.java:updateContainerState(145)) - Container #1 is in OPEN state, but the datanode 73b959bd-e3af-4247-b02b-6987bacc6720{ip: 192.168.34.28, host: pr-hdds-2240-gjcjf-507280437, networkLocation: /default-rack, certSerialId: null} reports an CLOSED replica.
2019-10-23 22:25:30,181 [EventQueue-ContainerReportForContainerReportHandler] WARN  container.ContainerReportHandler (AbstractContainerReportHandler.java:updateContainerState(145)) - Container #1 is in OPEN state, but the datanode 73b959bd-e3af-4247-b02b-6987bacc6720{ip: 192.168.34.28, host: pr-hdds-2240-gjcjf-507280437, networkLocation: /default-rack, certSerialId: null} reports an CLOSED replica.
2019-10-23 22:25:30,255 [EventQueue-ContainerReportForContainerReportHandler] WARN  container.ContainerReportHandler (AbstractContainerReportHandler.java:updateContainerState(145)) - Container #1 is in OPEN state, but the datanode 22d85afd-4d4f-492d-93d6-f244982d2d2b{ip: 192.168.34.28, host: pr-hdds-2240-gjcjf-507280437, networkLocation: /default-rack, certSerialId: null} reports an CLOSED replica.
2019-10-23 22:25:30,381 [EventQueue-ContainerReportForContainerReportHandler] WARN  container.ContainerReportHandler (AbstractContainerReportHandler.java:updateContainerState(145)) - Container #1 is in OPEN state, but the datanode 73b959bd-e3af-4247-b02b-6987bacc6720{ip: 192.168.34.28, host: pr-hdds-2240-gjcjf-507280437, networkLocation: /default-rack, certSerialId: null} reports an CLOSED replica.
2019-10-23 22:25:30,548 [BlockDeletingService#8] WARN  background.BlockDeletingService (BlockDeletingService.java:isDeletionAllowed(187)) - Close Container log Index 6 is not replicated across allthe servers in the pipeline d8220d6b-da92-433e-abb5-ff494030cc0c as the min replicated index is 4. Deletion is not allowed in this container yet.
2019-10-23 22:25:30,548 [BlockDeletingService#2] WARN  background.BlockDeletingService (BlockDeletingService.java:isDeletionAllowed(187)) - Close Container log Index 6 is not replicated across allthe servers in the pipeline d8220d6b-da92-433e-abb5-ff494030cc0c as the min replicated index is 4. Deletion is not allowed in this container yet.
2019-10-23 22:25:30,656 [EventQueue-ContainerReportForContainerReportHandler] WARN  container.ContainerReportHandler (AbstractContainerReportHandler.java:updateContainerState(145)) - Container #1 is in OPEN state, but the datanode 22d85afd-4d4f-492d-93d6-f244982d2d2b{ip: 192.168.34.28, host: pr-hdds-2240-gjcjf-507280437, networkLocation: /default-rack, certSerialId: null} reports an CLOSED replica.
2019-10-23 22:25:30,659 [Thread-463] INFO  client.GrpcClientProtocolService (GrpcClientProtocolService.java:lambda$processClientRequest$0(278)) - Failed RaftClientRequest:client-13138D705F93->73b959bd-e3af-4247-b02b-6987bacc6720@group-FF494030CC0C, cid=10, seq=0, Watch-ALL_COMMITTED(6), Message:<EMPTY>, reply=RaftClientReply:client-13138D705F93->73b959bd-e3af-4247-b02b-6987bacc6720@group-FF494030CC0C, cid=10, FAILED org.apache.ratis.protocol.NotLeaderException: Server 73b959bd-e3af-4247-b02b-6987bacc6720@group-FF494030CC0C is not the leader 22d85afd-4d4f-492d-93d6-f244982d2d2b:192.168.34.28:33618, logIndex=0, commits[73b959bd-e3af-4247-b02b-6987bacc6720:c10, 1e780629-3013-4910-b058-82bfaeb575a6:c4, 22d85afd-4d4f-492d-93d6-f244982d2d2b:c10]
2019-10-23 22:25:30,755 [Thread-466] INFO  client.GrpcClientProtocolService (GrpcClientProtocolService.java:lambda$processClientRequest$0(278)) - Failed RaftClientRequest:client-13138D705F93->22d85afd-4d4f-492d-93d6-f244982d2d2b@group-FF494030CC0C, cid=10, seq=0, Watch-ALL_COMMITTED(6), Message:<EMPTY>, reply=RaftClientReply:client-13138D705F93->22d85afd-4d4f-492d-93d6-f244982d2d2b@group-FF494030CC0C, cid=10, FAILED org.apache.ratis.protocol.NotReplicatedException: Request with call Id 10 and log index 6 is not yet replicated to ALL_COMMITTED, logIndex=6, commits[22d85afd-4d4f-492d-93d6-f244982d2d2b:c10, 73b959bd-e3af-4247-b02b-6987bacc6720:c10, 1e780629-3013-4910-b058-82bfaeb575a6:c4]
2019-10-23 22:25:30,781 [EventQueue-ContainerReportForContainerReportHandler] WARN  container.ContainerReportHandler (AbstractContainerReportHandler.java:updateContainerState(145)) - Container #1 is in OPEN state, but the datanode 73b959bd-e3af-4247-b02b-6987bacc6720{ip: 192.168.34.28, host: pr-hdds-2240-gjcjf-507280437, networkLocation: /default-rack, certSerialId: null} reports an CLOSED replica.
2019-10-23 22:25:30,956 [EventQueue-ContainerReportForContainerReportHandler] WARN  container.ContainerReportHandler (AbstractContainerReportHandler.java:updateContainerState(145)) - Container #1 is in OPEN state, but the datanode 22d85afd-4d4f-492d-93d6-f244982d2d2b{ip: 192.168.34.28, host: pr-hdds-2240-gjcjf-507280437, networkLocation: /default-rack, certSerialId: null} reports an CLOSED replica.
2019-10-23 22:25:30,981 [EventQueue-ContainerReportForContainerReportHandler] WARN  container.ContainerReportHandler (AbstractContainerReportHandler.java:updateContainerState(145)) - Container #1 is in OPEN state, but the datanode 73b959bd-e3af-4247-b02b-6987bacc6720{ip: 192.168.34.28, host: pr-hdds-2240-gjcjf-507280437, networkLocation: /default-rack, certSerialId: null} reports an CLOSED replica.
2019-10-23 22:25:31,155 [EventQueue-ContainerReportForContainerReportHandler] WARN  container.ContainerReportHandler (AbstractContainerReportHandler.java:updateContainerState(145)) - Container #1 is in OPEN state, but the datanode 22d85afd-4d4f-492d-93d6-f244982d2d2b{ip: 192.168.34.28, host: pr-hdds-2240-gjcjf-507280437, networkLocation: /default-rack, certSerialId: null} reports an CLOSED replica.
2019-10-23 22:25:31,381 [EventQueue-ContainerReportForContainerReportHandler] WARN  container.ContainerReportHandler (AbstractContainerReportHandler.java:updateContainerState(145)) - Container #1 is in OPEN state, but the datanode 73b959bd-e3af-4247-b02b-6987bacc6720{ip: 192.168.34.28, host: pr-hdds-2240-gjcjf-507280437, networkLocation: /default-rack, certSerialId: null} reports an CLOSED replica.
2019-10-23 22:25:31,487 [java.util.concurrent.ThreadPoolExecutor$Worker@3c40f574[State = -1, empty queue]] WARN  server.GrpcLogAppender (GrpcLogAppender.java:timeoutAppendRequest(209)) - 22d85afd-4d4f-492d-93d6-f244982d2d2b@group-FF494030CC0C->1e780629-3013-4910-b058-82bfaeb575a6-GrpcLogAppender: appendEntries Timeout, request=22d85afd-4d4f-492d-93d6-f244982d2d2b->1e780629-3013-4910-b058-82bfaeb575a6#43-t2, previous=(t:2, i:10), leaderCommit=10, initializing? false, entries: <empty>
2019-10-23 22:25:31,551 [BlockDeletingService#8] WARN  background.BlockDeletingService (BlockDeletingService.java:isDeletionAllowed(187)) - Close Container log Index 6 is not replicated across allthe servers in the pipeline d8220d6b-da92-433e-abb5-ff494030cc0c as the min replicated index is 4. Deletion is not allowed in this container yet.
2019-10-23 22:25:31,551 [BlockDeletingService#2] WARN  background.BlockDeletingService (BlockDeletingService.java:isDeletionAllowed(187)) - Close Container log Index 6 is not replicated across allthe servers in the pipeline d8220d6b-da92-433e-abb5-ff494030cc0c as the min replicated index is 4. Deletion is not allowed in this container yet.
2019-10-23 22:25:31,556 [EventQueue-ContainerReportForContainerReportHandler] WARN  container.ContainerReportHandler (AbstractContainerReportHandler.java:updateContainerState(145)) - Container #1 is in OPEN state, but the datanode 22d85afd-4d4f-492d-93d6-f244982d2d2b{ip: 192.168.34.28, host: pr-hdds-2240-gjcjf-507280437, networkLocation: /default-rack, certSerialId: null} reports an CLOSED replica.
2019-10-23 22:25:31,681 [EventQueue-ContainerReportForContainerReportHandler] WARN  container.ContainerReportHandler (AbstractContainerReportHandler.java:updateContainerState(145)) - Container #1 is in OPEN state, but the datanode 73b959bd-e3af-4247-b02b-6987bacc6720{ip: 192.168.34.28, host: pr-hdds-2240-gjcjf-507280437, networkLocation: /default-rack, certSerialId: null} reports an CLOSED replica.
2019-10-23 22:25:31,756 [EventQueue-ContainerReportForContainerReportHandler] WARN  container.ContainerReportHandler (AbstractContainerReportHandler.java:updateContainerState(145)) - Container #1 is in OPEN state, but the datanode 22d85afd-4d4f-492d-93d6-f244982d2d2b{ip: 192.168.34.28, host: pr-hdds-2240-gjcjf-507280437, networkLocation: /default-rack, certSerialId: null} reports an CLOSED replica.
2019-10-23 22:25:32,057 [EventQueue-ContainerReportForContainerReportHandler] WARN  container.ContainerReportHandler (AbstractContainerReportHandler.java:updateContainerState(145)) - Container #1 is in OPEN state, but the datanode 22d85afd-4d4f-492d-93d6-f244982d2d2b{ip: 192.168.34.28, host: pr-hdds-2240-gjcjf-507280437, networkLocation: /default-rack, certSerialId: null} reports an CLOSED replica.
2019-10-23 22:25:32,081 [EventQueue-ContainerReportForContainerReportHandler] WARN  container.ContainerReportHandler (AbstractContainerReportHandler.java:updateContainerState(145)) - Container #1 is in OPEN state, but the datanode 73b959bd-e3af-4247-b02b-6987bacc6720{ip: 192.168.34.28, host: pr-hdds-2240-gjcjf-507280437, networkLocation: /default-rack, certSerialId: null} reports an CLOSED replica.
2019-10-23 22:25:32,257 [EventQueue-ContainerReportForContainerReportHandler] WARN  container.ContainerReportHandler (AbstractContainerReportHandler.java:updateContainerState(145)) - Container #1 is in OPEN state, but the datanode 22d85afd-4d4f-492d-93d6-f244982d2d2b{ip: 192.168.34.28, host: pr-hdds-2240-gjcjf-507280437, networkLocation: /default-rack, certSerialId: null} reports an CLOSED replica.
2019-10-23 22:25:32,281 [EventQueue-ContainerReportForContainerReportHandler] WARN  container.ContainerReportHandler (AbstractContainerReportHandler.java:updateContainerState(145)) - Container #1 is in OPEN state, but the datanode 73b959bd-e3af-4247-b02b-6987bacc6720{ip: 192.168.34.28, host: pr-hdds-2240-gjcjf-507280437, networkLocation: /default-rack, certSerialId: null} reports an CLOSED replica.
2019-10-23 22:25:32,553 [BlockDeletingService#2] WARN  background.BlockDeletingService (BlockDeletingService.java:isDeletionAllowed(187)) - Close Container log Index 6 is not replicated across allthe servers in the pipeline d8220d6b-da92-433e-abb5-ff494030cc0c as the min replicated index is 4. Deletion is not allowed in this container yet.
2019-10-23 22:25:32,553 [BlockDeletingService#8] WARN  background.BlockDeletingService (BlockDeletingService.java:isDeletionAllowed(187)) - Close Container log Index 6 is not replicated across allthe servers in the pipeline d8220d6b-da92-433e-abb5-ff494030cc0c as the min replicated index is 4. Deletion is not allowed in this container yet.
2019-10-23 22:25:32,558 [EventQueue-ContainerReportForContainerReportHandler] WARN  container.ContainerReportHandler (AbstractContainerReportHandler.java:updateContainerState(145)) - Container #1 is in OPEN state, but the datanode 22d85afd-4d4f-492d-93d6-f244982d2d2b{ip: 192.168.34.28, host: pr-hdds-2240-gjcjf-507280437, networkLocation: /default-rack, certSerialId: null} reports an CLOSED replica.
2019-10-23 22:25:32,581 [EventQueue-ContainerReportForContainerReportHandler] WARN  container.ContainerReportHandler (AbstractContainerReportHandler.java:updateContainerState(145)) - Container #1 is in OPEN state, but the datanode 73b959bd-e3af-4247-b02b-6987bacc6720{ip: 192.168.34.28, host: pr-hdds-2240-gjcjf-507280437, networkLocation: /default-rack, certSerialId: null} reports an CLOSED replica.
2019-10-23 22:25:32,859 [EventQueue-ContainerReportForContainerReportHandler] WARN  container.ContainerReportHandler (AbstractContainerReportHandler.java:updateContainerState(145)) - Container #1 is in OPEN state, but the datanode 22d85afd-4d4f-492d-93d6-f244982d2d2b{ip: 192.168.34.28, host: pr-hdds-2240-gjcjf-507280437, networkLocation: /default-rack, certSerialId: null} reports an CLOSED replica.
2019-10-23 22:25:32,981 [EventQueue-ContainerReportForContainerReportHandler] WARN  container.ContainerReportHandler (AbstractContainerReportHandler.java:updateContainerState(145)) - Container #1 is in OPEN state, but the datanode 73b959bd-e3af-4247-b02b-6987bacc6720{ip: 192.168.34.28, host: pr-hdds-2240-gjcjf-507280437, networkLocation: /default-rack, certSerialId: null} reports an CLOSED replica.
2019-10-23 22:25:33,159 [EventQueue-ContainerReportForContainerReportHandler] WARN  container.ContainerReportHandler (AbstractContainerReportHandler.java:updateContainerState(145)) - Container #1 is in OPEN state, but the datanode 22d85afd-4d4f-492d-93d6-f244982d2d2b{ip: 192.168.34.28, host: pr-hdds-2240-gjcjf-507280437, networkLocation: /default-rack, certSerialId: null} reports an CLOSED replica.
2019-10-23 22:25:33,181 [EventQueue-ContainerReportForContainerReportHandler] WARN  container.ContainerReportHandler (AbstractContainerReportHandler.java:updateContainerState(145)) - Container #1 is in OPEN state, but the datanode 73b959bd-e3af-4247-b02b-6987bacc6720{ip: 192.168.34.28, host: pr-hdds-2240-gjcjf-507280437, networkLocation: /default-rack, certSerialId: null} reports an CLOSED replica.
2019-10-23 22:25:33,481 [EventQueue-ContainerReportForContainerReportHandler] WARN  container.ContainerReportHandler (AbstractContainerReportHandler.java:updateContainerState(145)) - Container #1 is in OPEN state, but the datanode 73b959bd-e3af-4247-b02b-6987bacc6720{ip: 192.168.34.28, host: pr-hdds-2240-gjcjf-507280437, networkLocation: /default-rack, certSerialId: null} reports an CLOSED replica.
2019-10-23 22:25:33,556 [BlockDeletingService#8] WARN  background.BlockDeletingService (BlockDeletingService.java:isDeletionAllowed(187)) - Close Container log Index 6 is not replicated across allthe servers in the pipeline d8220d6b-da92-433e-abb5-ff494030cc0c as the min replicated index is 4. Deletion is not allowed in this container yet.
2019-10-23 22:25:33,556 [BlockDeletingService#2] WARN  background.BlockDeletingService (BlockDeletingService.java:isDeletionAllowed(187)) - Close Container log Index 6 is not replicated across allthe servers in the pipeline d8220d6b-da92-433e-abb5-ff494030cc0c as the min replicated index is 4. Deletion is not allowed in this container yet.
2019-10-23 22:25:33,559 [EventQueue-ContainerReportForContainerReportHandler] WARN  container.ContainerReportHandler (AbstractContainerReportHandler.java:updateContainerState(145)) - Container #1 is in OPEN state, but the datanode 22d85afd-4d4f-492d-93d6-f244982d2d2b{ip: 192.168.34.28, host: pr-hdds-2240-gjcjf-507280437, networkLocation: /default-rack, certSerialId: null} reports an CLOSED replica.
2019-10-23 22:25:33,759 [EventQueue-ContainerReportForContainerReportHandler] WARN  container.ContainerReportHandler (AbstractContainerReportHandler.java:updateContainerState(145)) - Container #1 is in OPEN state, but the datanode 22d85afd-4d4f-492d-93d6-f244982d2d2b{ip: 192.168.34.28, host: pr-hdds-2240-gjcjf-507280437, networkLocation: /default-rack, certSerialId: null} reports an CLOSED replica.
2019-10-23 22:25:33,782 [EventQueue-ContainerReportForContainerReportHandler] WARN  container.ContainerReportHandler (AbstractContainerReportHandler.java:updateContainerState(145)) - Container #1 is in OPEN state, but the datanode 73b959bd-e3af-4247-b02b-6987bacc6720{ip: 192.168.34.28, host: pr-hdds-2240-gjcjf-507280437, networkLocation: /default-rack, certSerialId: null} reports an CLOSED replica.
2019-10-23 22:25:33,983 [EventQueue-ContainerReportForContainerReportHandler] WARN  container.ContainerReportHandler (AbstractContainerReportHandler.java:updateContainerState(145)) - Container #1 is in OPEN state, but the datanode 73b959bd-e3af-4247-b02b-6987bacc6720{ip: 192.168.34.28, host: pr-hdds-2240-gjcjf-507280437, networkLocation: /default-rack, certSerialId: null} reports an CLOSED replica.
2019-10-23 22:25:33,987 [java.util.concurrent.ThreadPoolExecutor$Worker@3c40f574[State = -1, empty queue]] WARN  server.GrpcLogAppender (GrpcLogAppender.java:timeoutAppendRequest(209)) - 22d85afd-4d4f-492d-93d6-f244982d2d2b@group-FF494030CC0C->1e780629-3013-4910-b058-82bfaeb575a6-GrpcLogAppender: appendEntries Timeout, request=22d85afd-4d4f-492d-93d6-f244982d2d2b->1e780629-3013-4910-b058-82bfaeb575a6#44-t2, previous=(t:2, i:10), leaderCommit=10, initializing? false, entries: <empty>
2019-10-23 22:25:34,059 [EventQueue-ContainerReportForContainerReportHandler] WARN  container.ContainerReportHandler (AbstractContainerReportHandler.java:updateContainerState(145)) - Container #1 is in OPEN state, but the datanode 22d85afd-4d4f-492d-93d6-f244982d2d2b{ip: 192.168.34.28, host: pr-hdds-2240-gjcjf-507280437, networkLocation: /default-rack, certSerialId: null} reports an CLOSED replica.
2019-10-23 22:25:34,359 [EventQueue-ContainerReportForContainerReportHandler] WARN  container.ContainerReportHandler (AbstractContainerReportHandler.java:updateContainerState(145)) - Container #1 is in OPEN state, but the datanode 22d85afd-4d4f-492d-93d6-f244982d2d2b{ip: 192.168.34.28, host: pr-hdds-2240-gjcjf-507280437, networkLocation: /default-rack, certSerialId: null} reports an CLOSED replica.
2019-10-23 22:25:34,385 [EventQueue-ContainerReportForContainerReportHandler] WARN  container.ContainerReportHandler (AbstractContainerReportHandler.java:updateContainerState(145)) - Container #1 is in OPEN state, but the datanode 73b959bd-e3af-4247-b02b-6987bacc6720{ip: 192.168.34.28, host: pr-hdds-2240-gjcjf-507280437, networkLocation: /default-rack, certSerialId: null} reports an CLOSED replica.
2019-10-23 22:25:34,557 [BlockDeletingService#8] WARN  background.BlockDeletingService (BlockDeletingService.java:isDeletionAllowed(187)) - Close Container log Index 6 is not replicated across allthe servers in the pipeline d8220d6b-da92-433e-abb5-ff494030cc0c as the min replicated index is 4. Deletion is not allowed in this container yet.
2019-10-23 22:25:34,557 [BlockDeletingService#2] WARN  background.BlockDeletingService (BlockDeletingService.java:isDeletionAllowed(187)) - Close Container log Index 6 is not replicated across allthe servers in the pipeline d8220d6b-da92-433e-abb5-ff494030cc0c as the min replicated index is 4. Deletion is not allowed in this container yet.
2019-10-23 22:25:34,759 [EventQueue-ContainerReportForContainerReportHandler] WARN  container.ContainerReportHandler (AbstractContainerReportHandler.java:updateContainerState(145)) - Container #1 is in OPEN state, but the datanode 22d85afd-4d4f-492d-93d6-f244982d2d2b{ip: 192.168.34.28, host: pr-hdds-2240-gjcjf-507280437, networkLocation: /default-rack, certSerialId: null} reports an CLOSED replica.
2019-10-23 22:25:34,784 [EventQueue-ContainerReportForContainerReportHandler] WARN  container.ContainerReportHandler (AbstractContainerReportHandler.java:updateContainerState(145)) - Container #1 is in OPEN state, but the datanode 73b959bd-e3af-4247-b02b-6987bacc6720{ip: 192.168.34.28, host: pr-hdds-2240-gjcjf-507280437, networkLocation: /default-rack, certSerialId: null} reports an CLOSED replica.
2019-10-23 22:25:35,059 [EventQueue-ContainerReportForContainerReportHandler] WARN  container.ContainerReportHandler (AbstractContainerReportHandler.java:updateContainerState(145)) - Container #1 is in OPEN state, but the datanode 22d85afd-4d4f-492d-93d6-f244982d2d2b{ip: 192.168.34.28, host: pr-hdds-2240-gjcjf-507280437, networkLocation: /default-rack, certSerialId: null} reports an CLOSED replica.
2019-10-23 22:25:35,084 [EventQueue-ContainerReportForContainerReportHandler] WARN  container.ContainerReportHandler (AbstractContainerReportHandler.java:updateContainerState(145)) - Container #1 is in OPEN state, but the datanode 73b959bd-e3af-4247-b02b-6987bacc6720{ip: 192.168.34.28, host: pr-hdds-2240-gjcjf-507280437, networkLocation: /default-rack, certSerialId: null} reports an CLOSED replica.
2019-10-23 22:25:35,360 [EventQueue-ContainerReportForContainerReportHandler] WARN  container.ContainerReportHandler (AbstractContainerReportHandler.java:updateContainerState(145)) - Container #1 is in OPEN state, but the datanode 22d85afd-4d4f-492d-93d6-f244982d2d2b{ip: 192.168.34.28, host: pr-hdds-2240-gjcjf-507280437, networkLocation: /default-rack, certSerialId: null} reports an CLOSED replica.
2019-10-23 22:25:35,384 [EventQueue-ContainerReportForContainerReportHandler] WARN  container.ContainerReportHandler (AbstractContainerReportHandler.java:updateContainerState(145)) - Container #1 is in OPEN state, but the datanode 73b959bd-e3af-4247-b02b-6987bacc6720{ip: 192.168.34.28, host: pr-hdds-2240-gjcjf-507280437, networkLocation: /default-rack, certSerialId: null} reports an CLOSED replica.
2019-10-23 22:25:35,560 [BlockDeletingService#8] WARN  background.BlockDeletingService (BlockDeletingService.java:isDeletionAllowed(187)) - Close Container log Index 6 is not replicated across allthe servers in the pipeline d8220d6b-da92-433e-abb5-ff494030cc0c as the min replicated index is 4. Deletion is not allowed in this container yet.
2019-10-23 22:25:35,560 [BlockDeletingService#2] WARN  background.BlockDeletingService (BlockDeletingService.java:isDeletionAllowed(187)) - Close Container log Index 6 is not replicated across allthe servers in the pipeline d8220d6b-da92-433e-abb5-ff494030cc0c as the min replicated index is 4. Deletion is not allowed in this container yet.
2019-10-23 22:25:35,684 [EventQueue-ContainerReportForContainerReportHandler] WARN  container.ContainerReportHandler (AbstractContainerReportHandler.java:updateContainerState(145)) - Container #1 is in OPEN state, but the datanode 73b959bd-e3af-4247-b02b-6987bacc6720{ip: 192.168.34.28, host: pr-hdds-2240-gjcjf-507280437, networkLocation: /default-rack, certSerialId: null} reports an CLOSED replica.
2019-10-23 22:25:35,759 [EventQueue-ContainerReportForContainerReportHandler] WARN  container.ContainerReportHandler (AbstractContainerReportHandler.java:updateContainerState(145)) - Container #1 is in OPEN state, but the datanode 22d85afd-4d4f-492d-93d6-f244982d2d2b{ip: 192.168.34.28, host: pr-hdds-2240-gjcjf-507280437, networkLocation: /default-rack, certSerialId: null} reports an CLOSED replica.
2019-10-23 22:25:36,059 [EventQueue-ContainerReportForContainerReportHandler] WARN  container.ContainerReportHandler (AbstractContainerReportHandler.java:updateContainerState(145)) - Container #1 is in OPEN state, but the datanode 22d85afd-4d4f-492d-93d6-f244982d2d2b{ip: 192.168.34.28, host: pr-hdds-2240-gjcjf-507280437, networkLocation: /default-rack, certSerialId: null} reports an CLOSED replica.
2019-10-23 22:25:36,084 [EventQueue-ContainerReportForContainerReportHandler] WARN  container.ContainerReportHandler (AbstractContainerReportHandler.java:updateContainerState(145)) - Container #1 is in OPEN state, but the datanode 73b959bd-e3af-4247-b02b-6987bacc6720{ip: 192.168.34.28, host: pr-hdds-2240-gjcjf-507280437, networkLocation: /default-rack, certSerialId: null} reports an CLOSED replica.
2019-10-23 22:25:36,359 [EventQueue-ContainerReportForContainerReportHandler] WARN  container.ContainerReportHandler (AbstractContainerReportHandler.java:updateContainerState(145)) - Container #1 is in OPEN state, but the datanode 22d85afd-4d4f-492d-93d6-f244982d2d2b{ip: 192.168.34.28, host: pr-hdds-2240-gjcjf-507280437, networkLocation: /default-rack, certSerialId: null} reports an CLOSED replica.
2019-10-23 22:25:36,384 [EventQueue-ContainerReportForContainerReportHandler] WARN  container.ContainerReportHandler (AbstractContainerReportHandler.java:updateContainerState(145)) - Container #1 is in OPEN state, but the datanode 73b959bd-e3af-4247-b02b-6987bacc6720{ip: 192.168.34.28, host: pr-hdds-2240-gjcjf-507280437, networkLocation: /default-rack, certSerialId: null} reports an CLOSED replica.
2019-10-23 22:25:36,489 [java.util.concurrent.ThreadPoolExecutor$Worker@3c40f574[State = -1, empty queue]] WARN  server.GrpcLogAppender (GrpcLogAppender.java:timeoutAppendRequest(209)) - 22d85afd-4d4f-492d-93d6-f244982d2d2b@group-FF494030CC0C->1e780629-3013-4910-b058-82bfaeb575a6-GrpcLogAppender: appendEntries Timeout, request=22d85afd-4d4f-492d-93d6-f244982d2d2b->1e780629-3013-4910-b058-82bfaeb575a6#45-t2, previous=(t:2, i:10), leaderCommit=10, initializing? false, entries: <empty>
2019-10-23 22:25:36,562 [BlockDeletingService#2] WARN  background.BlockDeletingService (BlockDeletingService.java:isDeletionAllowed(187)) - Close Container log Index 6 is not replicated across allthe servers in the pipeline d8220d6b-da92-433e-abb5-ff494030cc0c as the min replicated index is 4. Deletion is not allowed in this container yet.
2019-10-23 22:25:36,562 [BlockDeletingService#8] WARN  background.BlockDeletingService (BlockDeletingService.java:isDeletionAllowed(187)) - Close Container log Index 6 is not replicated across allthe servers in the pipeline d8220d6b-da92-433e-abb5-ff494030cc0c as the min replicated index is 4. Deletion is not allowed in this container yet.
2019-10-23 22:25:36,584 [EventQueue-ContainerReportForContainerReportHandler] WARN  container.ContainerReportHandler (AbstractContainerReportHandler.java:updateContainerState(145)) - Container #1 is in OPEN state, but the datanode 73b959bd-e3af-4247-b02b-6987bacc6720{ip: 192.168.34.28, host: pr-hdds-2240-gjcjf-507280437, networkLocation: /default-rack, certSerialId: null} reports an CLOSED replica.
2019-10-23 22:25:36,659 [EventQueue-ContainerReportForContainerReportHandler] WARN  container.ContainerReportHandler (AbstractContainerReportHandler.java:updateContainerState(145)) - Container #1 is in OPEN state, but the datanode 22d85afd-4d4f-492d-93d6-f244982d2d2b{ip: 192.168.34.28, host: pr-hdds-2240-gjcjf-507280437, networkLocation: /default-rack, certSerialId: null} reports an CLOSED replica.
2019-10-23 22:25:36,959 [EventQueue-ContainerReportForContainerReportHandler] WARN  container.ContainerReportHandler (AbstractContainerReportHandler.java:updateContainerState(145)) - Container #1 is in OPEN state, but the datanode 22d85afd-4d4f-492d-93d6-f244982d2d2b{ip: 192.168.34.28, host: pr-hdds-2240-gjcjf-507280437, networkLocation: /default-rack, certSerialId: null} reports an CLOSED replica.
2019-10-23 22:25:36,984 [EventQueue-ContainerReportForContainerReportHandler] WARN  container.ContainerReportHandler (AbstractContainerReportHandler.java:updateContainerState(145)) - Container #1 is in OPEN state, but the datanode 73b959bd-e3af-4247-b02b-6987bacc6720{ip: 192.168.34.28, host: pr-hdds-2240-gjcjf-507280437, networkLocation: /default-rack, certSerialId: null} reports an CLOSED replica.
2019-10-23 22:25:37,185 [EventQueue-ContainerReportForContainerReportHandler] WARN  container.ContainerReportHandler (AbstractContainerReportHandler.java:updateContainerState(145)) - Container #1 is in OPEN state, but the datanode 73b959bd-e3af-4247-b02b-6987bacc6720{ip: 192.168.34.28, host: pr-hdds-2240-gjcjf-507280437, networkLocation: /default-rack, certSerialId: null} reports an CLOSED replica.
2019-10-23 22:25:37,259 [EventQueue-ContainerReportForContainerReportHandler] WARN  container.ContainerReportHandler (AbstractContainerReportHandler.java:updateContainerState(145)) - Container #1 is in OPEN state, but the datanode 22d85afd-4d4f-492d-93d6-f244982d2d2b{ip: 192.168.34.28, host: pr-hdds-2240-gjcjf-507280437, networkLocation: /default-rack, certSerialId: null} reports an CLOSED replica.
2019-10-23 22:25:37,485 [EventQueue-ContainerReportForContainerReportHandler] WARN  container.ContainerReportHandler (AbstractContainerReportHandler.java:updateContainerState(145)) - Container #1 is in OPEN state, but the datanode 73b959bd-e3af-4247-b02b-6987bacc6720{ip: 192.168.34.28, host: pr-hdds-2240-gjcjf-507280437, networkLocation: /default-rack, certSerialId: null} reports an CLOSED replica.
2019-10-23 22:25:37,563 [BlockDeletingService#8] WARN  background.BlockDeletingService (BlockDeletingService.java:isDeletionAllowed(187)) - Close Container log Index 6 is not replicated across allthe servers in the pipeline d8220d6b-da92-433e-abb5-ff494030cc0c as the min replicated index is 4. Deletion is not allowed in this container yet.
2019-10-23 22:25:37,563 [BlockDeletingService#2] WARN  background.BlockDeletingService (BlockDeletingService.java:isDeletionAllowed(187)) - Close Container log Index 6 is not replicated across allthe servers in the pipeline d8220d6b-da92-433e-abb5-ff494030cc0c as the min replicated index is 4. Deletion is not allowed in this container yet.
2019-10-23 22:25:37,659 [EventQueue-ContainerReportForContainerReportHandler] WARN  container.ContainerReportHandler (AbstractContainerReportHandler.java:updateContainerState(145)) - Container #1 is in OPEN state, but the datanode 22d85afd-4d4f-492d-93d6-f244982d2d2b{ip: 192.168.34.28, host: pr-hdds-2240-gjcjf-507280437, networkLocation: /default-rack, certSerialId: null} reports an CLOSED replica.
2019-10-23 22:25:37,785 [EventQueue-ContainerReportForContainerReportHandler] WARN  container.ContainerReportHandler (AbstractContainerReportHandler.java:updateContainerState(145)) - Container #1 is in OPEN state, but the datanode 73b959bd-e3af-4247-b02b-6987bacc6720{ip: 192.168.34.28, host: pr-hdds-2240-gjcjf-507280437, networkLocation: /default-rack, certSerialId: null} reports an CLOSED replica.
2019-10-23 22:25:38,059 [EventQueue-ContainerReportForContainerReportHandler] WARN  container.ContainerReportHandler (AbstractContainerReportHandler.java:updateContainerState(145)) - Container #1 is in OPEN state, but the datanode 22d85afd-4d4f-492d-93d6-f244982d2d2b{ip: 192.168.34.28, host: pr-hdds-2240-gjcjf-507280437, networkLocation: /default-rack, certSerialId: null} reports an CLOSED replica.
2019-10-23 22:25:38,185 [EventQueue-ContainerReportForContainerReportHandler] WARN  container.ContainerReportHandler (AbstractContainerReportHandler.java:updateContainerState(145)) - Container #1 is in OPEN state, but the datanode 73b959bd-e3af-4247-b02b-6987bacc6720{ip: 192.168.34.28, host: pr-hdds-2240-gjcjf-507280437, networkLocation: /default-rack, certSerialId: null} reports an CLOSED replica.
2019-10-23 22:25:38,359 [EventQueue-ContainerReportForContainerReportHandler] WARN  container.ContainerReportHandler (AbstractContainerReportHandler.java:updateContainerState(145)) - Container #1 is in OPEN state, but the datanode 22d85afd-4d4f-492d-93d6-f244982d2d2b{ip: 192.168.34.28, host: pr-hdds-2240-gjcjf-507280437, networkLocation: /default-rack, certSerialId: null} reports an CLOSED replica.
2019-10-23 22:25:38,484 [EventQueue-ContainerReportForContainerReportHandler] WARN  container.ContainerReportHandler (AbstractContainerReportHandler.java:updateContainerState(145)) - Container #1 is in OPEN state, but the datanode 73b959bd-e3af-4247-b02b-6987bacc6720{ip: 192.168.34.28, host: pr-hdds-2240-gjcjf-507280437, networkLocation: /default-rack, certSerialId: null} reports an CLOSED replica.
2019-10-23 22:25:38,565 [BlockDeletingService#8] WARN  background.BlockDeletingService (BlockDeletingService.java:isDeletionAllowed(187)) - Close Container log Index 6 is not replicated across allthe servers in the pipeline d8220d6b-da92-433e-abb5-ff494030cc0c as the min replicated index is 4. Deletion is not allowed in this container yet.
2019-10-23 22:25:38,565 [BlockDeletingService#2] WARN  background.BlockDeletingService (BlockDeletingService.java:isDeletionAllowed(187)) - Close Container log Index 6 is not replicated across allthe servers in the pipeline d8220d6b-da92-433e-abb5-ff494030cc0c as the min replicated index is 4. Deletion is not allowed in this container yet.
2019-10-23 22:25:38,659 [EventQueue-ContainerReportForContainerReportHandler] WARN  container.ContainerReportHandler (AbstractContainerReportHandler.java:updateContainerState(145)) - Container #1 is in OPEN state, but the datanode 22d85afd-4d4f-492d-93d6-f244982d2d2b{ip: 192.168.34.28, host: pr-hdds-2240-gjcjf-507280437, networkLocation: /default-rack, certSerialId: null} reports an CLOSED replica.
2019-10-23 22:25:38,785 [EventQueue-ContainerReportForContainerReportHandler] WARN  container.ContainerReportHandler (AbstractContainerReportHandler.java:updateContainerState(145)) - Container #1 is in OPEN state, but the datanode 73b959bd-e3af-4247-b02b-6987bacc6720{ip: 192.168.34.28, host: pr-hdds-2240-gjcjf-507280437, networkLocation: /default-rack, certSerialId: null} reports an CLOSED replica.
2019-10-23 22:25:38,959 [EventQueue-ContainerReportForContainerReportHandler] WARN  container.ContainerReportHandler (AbstractContainerReportHandler.java:updateContainerState(145)) - Container #1 is in OPEN state, but the datanode 22d85afd-4d4f-492d-93d6-f244982d2d2b{ip: 192.168.34.28, host: pr-hdds-2240-gjcjf-507280437, networkLocation: /default-rack, certSerialId: null} reports an CLOSED replica.
2019-10-23 22:25:38,985 [EventQueue-ContainerReportForContainerReportHandler] WARN  container.ContainerReportHandler (AbstractContainerReportHandler.java:updateContainerState(145)) - Container #1 is in OPEN state, but the datanode 73b959bd-e3af-4247-b02b-6987bacc6720{ip: 192.168.34.28, host: pr-hdds-2240-gjcjf-507280437, networkLocation: /default-rack, certSerialId: null} reports an CLOSED replica.
2019-10-23 22:25:38,990 [java.util.concurrent.ThreadPoolExecutor$Worker@3c40f574[State = -1, empty queue]] WARN  server.GrpcLogAppender (GrpcLogAppender.java:timeoutAppendRequest(209)) - 22d85afd-4d4f-492d-93d6-f244982d2d2b@group-FF494030CC0C->1e780629-3013-4910-b058-82bfaeb575a6-GrpcLogAppender: appendEntries Timeout, request=22d85afd-4d4f-492d-93d6-f244982d2d2b->1e780629-3013-4910-b058-82bfaeb575a6#46-t2, previous=(t:2, i:10), leaderCommit=10, initializing? false, entries: <empty>
2019-10-23 22:25:39,361 [EventQueue-ContainerReportForContainerReportHandler] WARN  container.ContainerReportHandler (AbstractContainerReportHandler.java:updateContainerState(145)) - Container #1 is in OPEN state, but the datanode 22d85afd-4d4f-492d-93d6-f244982d2d2b{ip: 192.168.34.28, host: pr-hdds-2240-gjcjf-507280437, networkLocation: /default-rack, certSerialId: null} reports an CLOSED replica.
2019-10-23 22:25:39,384 [EventQueue-ContainerReportForContainerReportHandler] WARN  container.ContainerReportHandler (AbstractContainerReportHandler.java:updateContainerState(145)) - Container #1 is in OPEN state, but the datanode 73b959bd-e3af-4247-b02b-6987bacc6720{ip: 192.168.34.28, host: pr-hdds-2240-gjcjf-507280437, networkLocation: /default-rack, certSerialId: null} reports an CLOSED replica.
2019-10-23 22:25:39,563 [EventQueue-ContainerReportForContainerReportHandler] WARN  container.ContainerReportHandler (AbstractContainerReportHandler.java:updateContainerState(145)) - Container #1 is in OPEN state, but the datanode 22d85afd-4d4f-492d-93d6-f244982d2d2b{ip: 192.168.34.28, host: pr-hdds-2240-gjcjf-507280437, networkLocation: /default-rack, certSerialId: null} reports an CLOSED replica.
2019-10-23 22:25:39,566 [BlockDeletingService#8] WARN  background.BlockDeletingService (BlockDeletingService.java:isDeletionAllowed(187)) - Close Container log Index 6 is not replicated across allthe servers in the pipeline d8220d6b-da92-433e-abb5-ff494030cc0c as the min replicated index is 4. Deletion is not allowed in this container yet.
2019-10-23 22:25:39,566 [BlockDeletingService#2] WARN  background.BlockDeletingService (BlockDeletingService.java:isDeletionAllowed(187)) - Close Container log Index 6 is not replicated across allthe servers in the pipeline d8220d6b-da92-433e-abb5-ff494030cc0c as the min replicated index is 4. Deletion is not allowed in this container yet.
2019-10-23 22:25:39,686 [EventQueue-ContainerReportForContainerReportHandler] WARN  container.ContainerReportHandler (AbstractContainerReportHandler.java:updateContainerState(145)) - Container #1 is in OPEN state, but the datanode 73b959bd-e3af-4247-b02b-6987bacc6720{ip: 192.168.34.28, host: pr-hdds-2240-gjcjf-507280437, networkLocation: /default-rack, certSerialId: null} reports an CLOSED replica.
2019-10-23 22:25:39,887 [EventQueue-ContainerReportForContainerReportHandler] WARN  container.ContainerReportHandler (AbstractContainerReportHandler.java:updateContainerState(145)) - Container #1 is in OPEN state, but the datanode 73b959bd-e3af-4247-b02b-6987bacc6720{ip: 192.168.34.28, host: pr-hdds-2240-gjcjf-507280437, networkLocation: /default-rack, certSerialId: null} reports an CLOSED replica.
2019-10-23 22:25:39,966 [EventQueue-ContainerReportForContainerReportHandler] WARN  container.ContainerReportHandler (AbstractContainerReportHandler.java:updateContainerState(145)) - Container #1 is in OPEN state, but the datanode 22d85afd-4d4f-492d-93d6-f244982d2d2b{ip: 192.168.34.28, host: pr-hdds-2240-gjcjf-507280437, networkLocation: /default-rack, certSerialId: null} reports an CLOSED replica.
2019-10-23 22:25:40,087 [EventQueue-ContainerReportForContainerReportHandler] WARN  container.ContainerReportHandler (AbstractContainerReportHandler.java:updateContainerState(145)) - Container #1 is in OPEN state, but the datanode 73b959bd-e3af-4247-b02b-6987bacc6720{ip: 192.168.34.28, host: pr-hdds-2240-gjcjf-507280437, networkLocation: /default-rack, certSerialId: null} reports an CLOSED replica.
2019-10-23 22:25:40,267 [EventQueue-ContainerReportForContainerReportHandler] WARN  container.ContainerReportHandler (AbstractContainerReportHandler.java:updateContainerState(145)) - Container #1 is in OPEN state, but the datanode 22d85afd-4d4f-492d-93d6-f244982d2d2b{ip: 192.168.34.28, host: pr-hdds-2240-gjcjf-507280437, networkLocation: /default-rack, certSerialId: null} reports an CLOSED replica.
2019-10-23 22:25:40,387 [EventQueue-ContainerReportForContainerReportHandler] WARN  container.ContainerReportHandler (AbstractContainerReportHandler.java:updateContainerState(145)) - Container #1 is in OPEN state, but the datanode 73b959bd-e3af-4247-b02b-6987bacc6720{ip: 192.168.34.28, host: pr-hdds-2240-gjcjf-507280437, networkLocation: /default-rack, certSerialId: null} reports an CLOSED replica.
2019-10-23 22:25:40,566 [EventQueue-ContainerReportForContainerReportHandler] WARN  container.ContainerReportHandler (AbstractContainerReportHandler.java:updateContainerState(145)) - Container #1 is in OPEN state, but the datanode 22d85afd-4d4f-492d-93d6-f244982d2d2b{ip: 192.168.34.28, host: pr-hdds-2240-gjcjf-507280437, networkLocation: /default-rack, certSerialId: null} reports an CLOSED replica.
2019-10-23 22:25:40,568 [BlockDeletingService#8] WARN  background.BlockDeletingService (BlockDeletingService.java:isDeletionAllowed(187)) - Close Container log Index 6 is not replicated across allthe servers in the pipeline d8220d6b-da92-433e-abb5-ff494030cc0c as the min replicated index is 4. Deletion is not allowed in this container yet.
2019-10-23 22:25:40,568 [BlockDeletingService#2] WARN  background.BlockDeletingService (BlockDeletingService.java:isDeletionAllowed(187)) - Close Container log Index 6 is not replicated across allthe servers in the pipeline d8220d6b-da92-433e-abb5-ff494030cc0c as the min replicated index is 4. Deletion is not allowed in this container yet.
2019-10-23 22:25:40,702 [Thread-495] INFO  client.GrpcClientProtocolService (GrpcClientProtocolService.java:lambda$processClientRequest$0(278)) - Failed RaftClientRequest:client-13138D705F93->73b959bd-e3af-4247-b02b-6987bacc6720@group-FF494030CC0C, cid=10, seq=0, Watch-ALL_COMMITTED(6), Message:<EMPTY>, reply=RaftClientReply:client-13138D705F93->73b959bd-e3af-4247-b02b-6987bacc6720@group-FF494030CC0C, cid=10, FAILED org.apache.ratis.protocol.NotLeaderException: Server 73b959bd-e3af-4247-b02b-6987bacc6720@group-FF494030CC0C is not the leader 22d85afd-4d4f-492d-93d6-f244982d2d2b:192.168.34.28:33618, logIndex=0, commits[73b959bd-e3af-4247-b02b-6987bacc6720:c10, 1e780629-3013-4910-b058-82bfaeb575a6:c4, 22d85afd-4d4f-492d-93d6-f244982d2d2b:c10]
2019-10-23 22:25:40,755 [Thread-498] INFO  client.GrpcClientProtocolService (GrpcClientProtocolService.java:lambda$processClientRequest$0(278)) - Failed RaftClientRequest:client-13138D705F93->22d85afd-4d4f-492d-93d6-f244982d2d2b@group-FF494030CC0C, cid=10, seq=0, Watch-ALL_COMMITTED(6), Message:<EMPTY>, reply=RaftClientReply:client-13138D705F93->22d85afd-4d4f-492d-93d6-f244982d2d2b@group-FF494030CC0C, cid=10, FAILED org.apache.ratis.protocol.NotReplicatedException: Request with call Id 10 and log index 6 is not yet replicated to ALL_COMMITTED, logIndex=6, commits[22d85afd-4d4f-492d-93d6-f244982d2d2b:c10, 73b959bd-e3af-4247-b02b-6987bacc6720:c10, 1e780629-3013-4910-b058-82bfaeb575a6:c4]
2019-10-23 22:25:40,766 [EventQueue-ContainerReportForContainerReportHandler] WARN  container.ContainerReportHandler (AbstractContainerReportHandler.java:updateContainerState(145)) - Container #1 is in OPEN state, but the datanode 22d85afd-4d4f-492d-93d6-f244982d2d2b{ip: 192.168.34.28, host: pr-hdds-2240-gjcjf-507280437, networkLocation: /default-rack, certSerialId: null} reports an CLOSED replica.
2019-10-23 22:25:40,787 [EventQueue-ContainerReportForContainerReportHandler] WARN  container.ContainerReportHandler (AbstractContainerReportHandler.java:updateContainerState(145)) - Container #1 is in OPEN state, but the datanode 73b959bd-e3af-4247-b02b-6987bacc6720{ip: 192.168.34.28, host: pr-hdds-2240-gjcjf-507280437, networkLocation: /default-rack, certSerialId: null} reports an CLOSED replica.
2019-10-23 22:25:41,087 [EventQueue-ContainerReportForContainerReportHandler] WARN  container.ContainerReportHandler (AbstractContainerReportHandler.java:updateContainerState(145)) - Container #1 is in OPEN state, but the datanode 73b959bd-e3af-4247-b02b-6987bacc6720{ip: 192.168.34.28, host: pr-hdds-2240-gjcjf-507280437, networkLocation: /default-rack, certSerialId: null} reports an CLOSED replica.
2019-10-23 22:25:41,167 [EventQueue-ContainerReportForContainerReportHandler] WARN  container.ContainerReportHandler (AbstractContainerReportHandler.java:updateContainerState(145)) - Container #1 is in OPEN state, but the datanode 22d85afd-4d4f-492d-93d6-f244982d2d2b{ip: 192.168.34.28, host: pr-hdds-2240-gjcjf-507280437, networkLocation: /default-rack, certSerialId: null} reports an CLOSED replica.
2019-10-23 22:25:41,387 [EventQueue-ContainerReportForContainerReportHandler] WARN  container.ContainerReportHandler (AbstractContainerReportHandler.java:updateContainerState(145)) - Container #1 is in OPEN state, but the datanode 73b959bd-e3af-4247-b02b-6987bacc6720{ip: 192.168.34.28, host: pr-hdds-2240-gjcjf-507280437, networkLocation: /default-rack, certSerialId: null} reports an CLOSED replica.
2019-10-23 22:25:41,466 [EventQueue-ContainerReportForContainerReportHandler] WARN  container.ContainerReportHandler (AbstractContainerReportHandler.java:updateContainerState(145)) - Container #1 is in OPEN state, but the datanode 22d85afd-4d4f-492d-93d6-f244982d2d2b{ip: 192.168.34.28, host: pr-hdds-2240-gjcjf-507280437, networkLocation: /default-rack, certSerialId: null} reports an CLOSED replica.
2019-10-23 22:25:41,491 [java.util.concurrent.ThreadPoolExecutor$Worker@3c40f574[State = -1, empty queue]] WARN  server.GrpcLogAppender (GrpcLogAppender.java:timeoutAppendRequest(209)) - 22d85afd-4d4f-492d-93d6-f244982d2d2b@group-FF494030CC0C->1e780629-3013-4910-b058-82bfaeb575a6-GrpcLogAppender: appendEntries Timeout, request=22d85afd-4d4f-492d-93d6-f244982d2d2b->1e780629-3013-4910-b058-82bfaeb575a6#47-t2, previous=(t:2, i:10), leaderCommit=10, initializing? false, entries: <empty>
2019-10-23 22:25:41,569 [BlockDeletingService#2] WARN  background.BlockDeletingService (BlockDeletingService.java:isDeletionAllowed(187)) - Close Container log Index 6 is not replicated across allthe servers in the pipeline d8220d6b-da92-433e-abb5-ff494030cc0c as the min replicated index is 4. Deletion is not allowed in this container yet.
2019-10-23 22:25:41,569 [BlockDeletingService#8] WARN  background.BlockDeletingService (BlockDeletingService.java:isDeletionAllowed(187)) - Close Container log Index 6 is not replicated across allthe servers in the pipeline d8220d6b-da92-433e-abb5-ff494030cc0c as the min replicated index is 4. Deletion is not allowed in this container yet.
2019-10-23 22:25:41,767 [EventQueue-ContainerReportForContainerReportHandler] WARN  container.ContainerReportHandler (AbstractContainerReportHandler.java:updateContainerState(145)) - Container #1 is in OPEN state, but the datanode 22d85afd-4d4f-492d-93d6-f244982d2d2b{ip: 192.168.34.28, host: pr-hdds-2240-gjcjf-507280437, networkLocation: /default-rack, certSerialId: null} reports an CLOSED replica.
2019-10-23 22:25:41,787 [EventQueue-ContainerReportForContainerReportHandler] WARN  container.ContainerReportHandler (AbstractContainerReportHandler.java:updateContainerState(145)) - Container #1 is in OPEN state, but the datanode 73b959bd-e3af-4247-b02b-6987bacc6720{ip: 192.168.34.28, host: pr-hdds-2240-gjcjf-507280437, networkLocation: /default-rack, certSerialId: null} reports an CLOSED replica.
2019-10-23 22:25:42,067 [EventQueue-ContainerReportForContainerReportHandler] WARN  container.ContainerReportHandler (AbstractContainerReportHandler.java:updateContainerState(145)) - Container #1 is in OPEN state, but the datanode 22d85afd-4d4f-492d-93d6-f244982d2d2b{ip: 192.168.34.28, host: pr-hdds-2240-gjcjf-507280437, networkLocation: /default-rack, certSerialId: null} reports an CLOSED replica.
2019-10-23 22:25:42,187 [EventQueue-ContainerReportForContainerReportHandler] WARN  container.ContainerReportHandler (AbstractContainerReportHandler.java:updateContainerState(145)) - Container #1 is in OPEN state, but the datanode 73b959bd-e3af-4247-b02b-6987bacc6720{ip: 192.168.34.28, host: pr-hdds-2240-gjcjf-507280437, networkLocation: /default-rack, certSerialId: null} reports an CLOSED replica.
2019-10-23 22:25:42,467 [EventQueue-ContainerReportForContainerReportHandler] WARN  container.ContainerReportHandler (AbstractContainerReportHandler.java:updateContainerState(145)) - Container #1 is in OPEN state, but the datanode 22d85afd-4d4f-492d-93d6-f244982d2d2b{ip: 192.168.34.28, host: pr-hdds-2240-gjcjf-507280437, networkLocation: /default-rack, certSerialId: null} reports an CLOSED replica.
2019-10-23 22:25:42,487 [EventQueue-ContainerReportForContainerReportHandler] WARN  container.ContainerReportHandler (AbstractContainerReportHandler.java:updateContainerState(145)) - Container #1 is in OPEN state, but the datanode 73b959bd-e3af-4247-b02b-6987bacc6720{ip: 192.168.34.28, host: pr-hdds-2240-gjcjf-507280437, networkLocation: /default-rack, certSerialId: null} reports an CLOSED replica.
2019-10-23 22:25:42,571 [BlockDeletingService#8] WARN  background.BlockDeletingService (BlockDeletingService.java:isDeletionAllowed(187)) - Close Container log Index 6 is not replicated across allthe servers in the pipeline d8220d6b-da92-433e-abb5-ff494030cc0c as the min replicated index is 4. Deletion is not allowed in this container yet.
2019-10-23 22:25:42,571 [BlockDeletingService#2] WARN  background.BlockDeletingService (BlockDeletingService.java:isDeletionAllowed(187)) - Close Container log Index 6 is not replicated across allthe servers in the pipeline d8220d6b-da92-433e-abb5-ff494030cc0c as the min replicated index is 4. Deletion is not allowed in this container yet.
2019-10-23 22:25:42,687 [EventQueue-ContainerReportForContainerReportHandler] WARN  container.ContainerReportHandler (AbstractContainerReportHandler.java:updateContainerState(145)) - Container #1 is in OPEN state, but the datanode 73b959bd-e3af-4247-b02b-6987bacc6720{ip: 192.168.34.28, host: pr-hdds-2240-gjcjf-507280437, networkLocation: /default-rack, certSerialId: null} reports an CLOSED replica.
2019-10-23 22:25:42,766 [EventQueue-ContainerReportForContainerReportHandler] WARN  container.ContainerReportHandler (AbstractContainerReportHandler.java:updateContainerState(145)) - Container #1 is in OPEN state, but the datanode 22d85afd-4d4f-492d-93d6-f244982d2d2b{ip: 192.168.34.28, host: pr-hdds-2240-gjcjf-507280437, networkLocation: /default-rack, certSerialId: null} reports an CLOSED replica.
2019-10-23 22:25:42,987 [EventQueue-ContainerReportForContainerReportHandler] WARN  container.ContainerReportHandler (AbstractContainerReportHandler.java:updateContainerState(145)) - Container #1 is in OPEN state, but the datanode 73b959bd-e3af-4247-b02b-6987bacc6720{ip: 192.168.34.28, host: pr-hdds-2240-gjcjf-507280437, networkLocation: /default-rack, certSerialId: null} reports an CLOSED replica.
2019-10-23 22:25:43,066 [EventQueue-ContainerReportForContainerReportHandler] WARN  container.ContainerReportHandler (AbstractContainerReportHandler.java:updateContainerState(145)) - Container #1 is in OPEN state, but the datanode 22d85afd-4d4f-492d-93d6-f244982d2d2b{ip: 192.168.34.28, host: pr-hdds-2240-gjcjf-507280437, networkLocation: /default-rack, certSerialId: null} reports an CLOSED replica.
2019-10-23 22:25:43,287 [EventQueue-ContainerReportForContainerReportHandler] WARN  container.ContainerReportHandler (AbstractContainerReportHandler.java:updateContainerState(145)) - Container #1 is in OPEN state, but the datanode 73b959bd-e3af-4247-b02b-6987bacc6720{ip: 192.168.34.28, host: pr-hdds-2240-gjcjf-507280437, networkLocation: /default-rack, certSerialId: null} reports an CLOSED replica.
2019-10-23 22:25:43,366 [EventQueue-ContainerReportForContainerReportHandler] WARN  container.ContainerReportHandler (AbstractContainerReportHandler.java:updateContainerState(145)) - Container #1 is in OPEN state, but the datanode 22d85afd-4d4f-492d-93d6-f244982d2d2b{ip: 192.168.34.28, host: pr-hdds-2240-gjcjf-507280437, networkLocation: /default-rack, certSerialId: null} reports an CLOSED replica.
2019-10-23 22:25:43,573 [BlockDeletingService#8] WARN  background.BlockDeletingService (BlockDeletingService.java:isDeletionAllowed(187)) - Close Container log Index 6 is not replicated across allthe servers in the pipeline d8220d6b-da92-433e-abb5-ff494030cc0c as the min replicated index is 4. Deletion is not allowed in this container yet.
2019-10-23 22:25:43,573 [BlockDeletingService#2] WARN  background.BlockDeletingService (BlockDeletingService.java:isDeletionAllowed(187)) - Close Container log Index 6 is not replicated across allthe servers in the pipeline d8220d6b-da92-433e-abb5-ff494030cc0c as the min replicated index is 4. Deletion is not allowed in this container yet.
2019-10-23 22:25:43,666 [EventQueue-ContainerReportForContainerReportHandler] WARN  container.ContainerReportHandler (AbstractContainerReportHandler.java:updateContainerState(145)) - Container #1 is in OPEN state, but the datanode 22d85afd-4d4f-492d-93d6-f244982d2d2b{ip: 192.168.34.28, host: pr-hdds-2240-gjcjf-507280437, networkLocation: /default-rack, certSerialId: null} reports an CLOSED replica.
2019-10-23 22:25:43,689 [EventQueue-ContainerReportForContainerReportHandler] WARN  container.ContainerReportHandler (AbstractContainerReportHandler.java:updateContainerState(145)) - Container #1 is in OPEN state, but the datanode 73b959bd-e3af-4247-b02b-6987bacc6720{ip: 192.168.34.28, host: pr-hdds-2240-gjcjf-507280437, networkLocation: /default-rack, certSerialId: null} reports an CLOSED replica.
2019-10-23 22:25:43,866 [EventQueue-ContainerReportForContainerReportHandler] WARN  container.ContainerReportHandler (AbstractContainerReportHandler.java:updateContainerState(145)) - Container #1 is in OPEN state, but the datanode 22d85afd-4d4f-492d-93d6-f244982d2d2b{ip: 192.168.34.28, host: pr-hdds-2240-gjcjf-507280437, networkLocation: /default-rack, certSerialId: null} reports an CLOSED replica.
2019-10-23 22:25:43,991 [java.util.concurrent.ThreadPoolExecutor$Worker@3c40f574[State = -1, empty queue]] WARN  server.GrpcLogAppender (GrpcLogAppender.java:timeoutAppendRequest(209)) - 22d85afd-4d4f-492d-93d6-f244982d2d2b@group-FF494030CC0C->1e780629-3013-4910-b058-82bfaeb575a6-GrpcLogAppender: appendEntries Timeout, request=22d85afd-4d4f-492d-93d6-f244982d2d2b->1e780629-3013-4910-b058-82bfaeb575a6#48-t2, previous=(t:2, i:10), leaderCommit=10, initializing? false, entries: <empty>
2019-10-23 22:25:44,088 [EventQueue-ContainerReportForContainerReportHandler] WARN  container.ContainerReportHandler (AbstractContainerReportHandler.java:updateContainerState(145)) - Container #1 is in OPEN state, but the datanode 73b959bd-e3af-4247-b02b-6987bacc6720{ip: 192.168.34.28, host: pr-hdds-2240-gjcjf-507280437, networkLocation: /default-rack, certSerialId: null} reports an CLOSED replica.
2019-10-23 22:25:44,166 [EventQueue-ContainerReportForContainerReportHandler] WARN  container.ContainerReportHandler (AbstractContainerReportHandler.java:updateContainerState(145)) - Container #1 is in OPEN state, but the datanode 22d85afd-4d4f-492d-93d6-f244982d2d2b{ip: 192.168.34.28, host: pr-hdds-2240-gjcjf-507280437, networkLocation: /default-rack, certSerialId: null} reports an CLOSED replica.
2019-10-23 22:25:44,288 [EventQueue-ContainerReportForContainerReportHandler] WARN  container.ContainerReportHandler (AbstractContainerReportHandler.java:updateContainerState(145)) - Container #1 is in OPEN state, but the datanode 73b959bd-e3af-4247-b02b-6987bacc6720{ip: 192.168.34.28, host: pr-hdds-2240-gjcjf-507280437, networkLocation: /default-rack, certSerialId: null} reports an CLOSED replica.
2019-10-23 22:25:44,467 [EventQueue-ContainerReportForContainerReportHandler] WARN  container.ContainerReportHandler (AbstractContainerReportHandler.java:updateContainerState(145)) - Container #1 is in OPEN state, but the datanode 22d85afd-4d4f-492d-93d6-f244982d2d2b{ip: 192.168.34.28, host: pr-hdds-2240-gjcjf-507280437, networkLocation: /default-rack, certSerialId: null} reports an CLOSED replica.
2019-10-23 22:25:44,574 [BlockDeletingService#8] WARN  background.BlockDeletingService (BlockDeletingService.java:isDeletionAllowed(187)) - Close Container log Index 6 is not replicated across allthe servers in the pipeline d8220d6b-da92-433e-abb5-ff494030cc0c as the min replicated index is 4. Deletion is not allowed in this container yet.
2019-10-23 22:25:44,574 [BlockDeletingService#2] WARN  background.BlockDeletingService (BlockDeletingService.java:isDeletionAllowed(187)) - Close Container log Index 6 is not replicated across allthe servers in the pipeline d8220d6b-da92-433e-abb5-ff494030cc0c as the min replicated index is 4. Deletion is not allowed in this container yet.
2019-10-23 22:25:44,590 [EventQueue-ContainerReportForContainerReportHandler] WARN  container.ContainerReportHandler (AbstractContainerReportHandler.java:updateContainerState(145)) - Container #1 is in OPEN state, but the datanode 73b959bd-e3af-4247-b02b-6987bacc6720{ip: 192.168.34.28, host: pr-hdds-2240-gjcjf-507280437, networkLocation: /default-rack, certSerialId: null} reports an CLOSED replica.
2019-10-23 22:25:44,667 [EventQueue-ContainerReportForContainerReportHandler] WARN  container.ContainerReportHandler (AbstractContainerReportHandler.java:updateContainerState(145)) - Container #1 is in OPEN state, but the datanode 22d85afd-4d4f-492d-93d6-f244982d2d2b{ip: 192.168.34.28, host: pr-hdds-2240-gjcjf-507280437, networkLocation: /default-rack, certSerialId: null} reports an CLOSED replica.
2019-10-23 22:25:44,889 [EventQueue-ContainerReportForContainerReportHandler] WARN  container.ContainerReportHandler (AbstractContainerReportHandler.java:updateContainerState(145)) - Container #1 is in OPEN state, but the datanode 73b959bd-e3af-4247-b02b-6987bacc6720{ip: 192.168.34.28, host: pr-hdds-2240-gjcjf-507280437, networkLocation: /default-rack, certSerialId: null} reports an CLOSED replica.
2019-10-23 22:25:44,967 [EventQueue-ContainerReportForContainerReportHandler] WARN  container.ContainerReportHandler (AbstractContainerReportHandler.java:updateContainerState(145)) - Container #1 is in OPEN state, but the datanode 22d85afd-4d4f-492d-93d6-f244982d2d2b{ip: 192.168.34.28, host: pr-hdds-2240-gjcjf-507280437, networkLocation: /default-rack, certSerialId: null} reports an CLOSED replica.
2019-10-23 22:25:45,268 [EventQueue-ContainerReportForContainerReportHandler] WARN  container.ContainerReportHandler (AbstractContainerReportHandler.java:updateContainerState(145)) - Container #1 is in OPEN state, but the datanode 22d85afd-4d4f-492d-93d6-f244982d2d2b{ip: 192.168.34.28, host: pr-hdds-2240-gjcjf-507280437, networkLocation: /default-rack, certSerialId: null} reports an CLOSED replica.
2019-10-23 22:25:45,289 [EventQueue-ContainerReportForContainerReportHandler] WARN  container.ContainerReportHandler (AbstractContainerReportHandler.java:updateContainerState(145)) - Container #1 is in OPEN state, but the datanode 73b959bd-e3af-4247-b02b-6987bacc6720{ip: 192.168.34.28, host: pr-hdds-2240-gjcjf-507280437, networkLocation: /default-rack, certSerialId: null} reports an CLOSED replica.
2019-10-23 22:25:45,489 [EventQueue-ContainerReportForContainerReportHandler] WARN  container.ContainerReportHandler (AbstractContainerReportHandler.java:updateContainerState(145)) - Container #1 is in OPEN state, but the datanode 73b959bd-e3af-4247-b02b-6987bacc6720{ip: 192.168.34.28, host: pr-hdds-2240-gjcjf-507280437, networkLocation: /default-rack, certSerialId: null} reports an CLOSED replica.
2019-10-23 22:25:45,568 [EventQueue-ContainerReportForContainerReportHandler] WARN  container.ContainerReportHandler (AbstractContainerReportHandler.java:updateContainerState(145)) - Container #1 is in OPEN state, but the datanode 22d85afd-4d4f-492d-93d6-f244982d2d2b{ip: 192.168.34.28, host: pr-hdds-2240-gjcjf-507280437, networkLocation: /default-rack, certSerialId: null} reports an CLOSED replica.
2019-10-23 22:25:45,576 [BlockDeletingService#8] WARN  background.BlockDeletingService (BlockDeletingService.java:isDeletionAllowed(187)) - Close Container log Index 6 is not replicated across allthe servers in the pipeline d8220d6b-da92-433e-abb5-ff494030cc0c as the min replicated index is 4. Deletion is not allowed in this container yet.
2019-10-23 22:25:45,576 [BlockDeletingService#2] WARN  background.BlockDeletingService (BlockDeletingService.java:isDeletionAllowed(187)) - Close Container log Index 6 is not replicated across allthe servers in the pipeline d8220d6b-da92-433e-abb5-ff494030cc0c as the min replicated index is 4. Deletion is not allowed in this container yet.
2019-10-23 22:25:45,890 [EventQueue-ContainerReportForContainerReportHandler] WARN  container.ContainerReportHandler (AbstractContainerReportHandler.java:updateContainerState(145)) - Container #1 is in OPEN state, but the datanode 73b959bd-e3af-4247-b02b-6987bacc6720{ip: 192.168.34.28, host: pr-hdds-2240-gjcjf-507280437, networkLocation: /default-rack, certSerialId: null} reports an CLOSED replica.
2019-10-23 22:25:45,967 [EventQueue-ContainerReportForContainerReportHandler] WARN  container.ContainerReportHandler (AbstractContainerReportHandler.java:updateContainerState(145)) - Container #1 is in OPEN state, but the datanode 22d85afd-4d4f-492d-93d6-f244982d2d2b{ip: 192.168.34.28, host: pr-hdds-2240-gjcjf-507280437, networkLocation: /default-rack, certSerialId: null} reports an CLOSED replica.
2019-10-23 22:25:46,189 [EventQueue-ContainerReportForContainerReportHandler] WARN  container.ContainerReportHandler (AbstractContainerReportHandler.java:updateContainerState(145)) - Container #1 is in OPEN state, but the datanode 73b959bd-e3af-4247-b02b-6987bacc6720{ip: 192.168.34.28, host: pr-hdds-2240-gjcjf-507280437, networkLocation: /default-rack, certSerialId: null} reports an CLOSED replica.
2019-10-23 22:25:46,267 [EventQueue-ContainerReportForContainerReportHandler] WARN  container.ContainerReportHandler (AbstractContainerReportHandler.java:updateContainerState(145)) - Container #1 is in OPEN state, but the datanode 22d85afd-4d4f-492d-93d6-f244982d2d2b{ip: 192.168.34.28, host: pr-hdds-2240-gjcjf-507280437, networkLocation: /default-rack, certSerialId: null} reports an CLOSED replica.
2019-10-23 22:25:46,489 [EventQueue-ContainerReportForContainerReportHandler] WARN  container.ContainerReportHandler (AbstractContainerReportHandler.java:updateContainerState(145)) - Container #1 is in OPEN state, but the datanode 73b959bd-e3af-4247-b02b-6987bacc6720{ip: 192.168.34.28, host: pr-hdds-2240-gjcjf-507280437, networkLocation: /default-rack, certSerialId: null} reports an CLOSED replica.
2019-10-23 22:25:46,492 [java.util.concurrent.ThreadPoolExecutor$Worker@3c40f574[State = -1, empty queue]] WARN  server.GrpcLogAppender (GrpcLogAppender.java:timeoutAppendRequest(209)) - 22d85afd-4d4f-492d-93d6-f244982d2d2b@group-FF494030CC0C->1e780629-3013-4910-b058-82bfaeb575a6-GrpcLogAppender: appendEntries Timeout, request=22d85afd-4d4f-492d-93d6-f244982d2d2b->1e780629-3013-4910-b058-82bfaeb575a6#49-t2, previous=(t:2, i:10), leaderCommit=10, initializing? false, entries: <empty>
2019-10-23 22:25:46,577 [BlockDeletingService#2] WARN  background.BlockDeletingService (BlockDeletingService.java:isDeletionAllowed(187)) - Close Container log Index 6 is not replicated across allthe servers in the pipeline d8220d6b-da92-433e-abb5-ff494030cc0c as the min replicated index is 4. Deletion is not allowed in this container yet.
2019-10-23 22:25:46,577 [BlockDeletingService#8] WARN  background.BlockDeletingService (BlockDeletingService.java:isDeletionAllowed(187)) - Close Container log Index 6 is not replicated across allthe servers in the pipeline d8220d6b-da92-433e-abb5-ff494030cc0c as the min replicated index is 4. Deletion is not allowed in this container yet.
2019-10-23 22:25:46,667 [EventQueue-ContainerReportForContainerReportHandler] WARN  container.ContainerReportHandler (AbstractContainerReportHandler.java:updateContainerState(145)) - Container #1 is in OPEN state, but the datanode 22d85afd-4d4f-492d-93d6-f244982d2d2b{ip: 192.168.34.28, host: pr-hdds-2240-gjcjf-507280437, networkLocation: /default-rack, certSerialId: null} reports an CLOSED replica.
2019-10-23 22:25:46,689 [EventQueue-ContainerReportForContainerReportHandler] WARN  container.ContainerReportHandler (AbstractContainerReportHandler.java:updateContainerState(145)) - Container #1 is in OPEN state, but the datanode 73b959bd-e3af-4247-b02b-6987bacc6720{ip: 192.168.34.28, host: pr-hdds-2240-gjcjf-507280437, networkLocation: /default-rack, certSerialId: null} reports an CLOSED replica.
2019-10-23 22:25:46,867 [EventQueue-ContainerReportForContainerReportHandler] WARN  container.ContainerReportHandler (AbstractContainerReportHandler.java:updateContainerState(145)) - Container #1 is in OPEN state, but the datanode 22d85afd-4d4f-492d-93d6-f244982d2d2b{ip: 192.168.34.28, host: pr-hdds-2240-gjcjf-507280437, networkLocation: /default-rack, certSerialId: null} reports an CLOSED replica.
2019-10-23 22:25:47,089 [EventQueue-ContainerReportForContainerReportHandler] WARN  container.ContainerReportHandler (AbstractContainerReportHandler.java:updateContainerState(145)) - Container #1 is in OPEN state, but the datanode 73b959bd-e3af-4247-b02b-6987bacc6720{ip: 192.168.34.28, host: pr-hdds-2240-gjcjf-507280437, networkLocation: /default-rack, certSerialId: null} reports an CLOSED replica.
2019-10-23 22:25:47,167 [EventQueue-ContainerReportForContainerReportHandler] WARN  container.ContainerReportHandler (AbstractContainerReportHandler.java:updateContainerState(145)) - Container #1 is in OPEN state, but the datanode 22d85afd-4d4f-492d-93d6-f244982d2d2b{ip: 192.168.34.28, host: pr-hdds-2240-gjcjf-507280437, networkLocation: /default-rack, certSerialId: null} reports an CLOSED replica.
2019-10-23 22:25:47,290 [EventQueue-ContainerReportForContainerReportHandler] WARN  container.ContainerReportHandler (AbstractContainerReportHandler.java:updateContainerState(145)) - Container #1 is in OPEN state, but the datanode 73b959bd-e3af-4247-b02b-6987bacc6720{ip: 192.168.34.28, host: pr-hdds-2240-gjcjf-507280437, networkLocation: /default-rack, certSerialId: null} reports an CLOSED replica.
2019-10-23 22:25:47,367 [EventQueue-ContainerReportForContainerReportHandler] WARN  container.ContainerReportHandler (AbstractContainerReportHandler.java:updateContainerState(145)) - Container #1 is in OPEN state, but the datanode 22d85afd-4d4f-492d-93d6-f244982d2d2b{ip: 192.168.34.28, host: pr-hdds-2240-gjcjf-507280437, networkLocation: /default-rack, certSerialId: null} reports an CLOSED replica.
2019-10-23 22:25:47,491 [EventQueue-ContainerReportForContainerReportHandler] WARN  container.ContainerReportHandler (AbstractContainerReportHandler.java:updateContainerState(145)) - Container #1 is in OPEN state, but the datanode 73b959bd-e3af-4247-b02b-6987bacc6720{ip: 192.168.34.28, host: pr-hdds-2240-gjcjf-507280437, networkLocation: /default-rack, certSerialId: null} reports an CLOSED replica.
2019-10-23 22:25:47,579 [BlockDeletingService#2] WARN  background.BlockDeletingService (BlockDeletingService.java:isDeletionAllowed(187)) - Close Container log Index 6 is not replicated across allthe servers in the pipeline d8220d6b-da92-433e-abb5-ff494030cc0c as the min replicated index is 4. Deletion is not allowed in this container yet.
2019-10-23 22:25:47,579 [BlockDeletingService#8] WARN  background.BlockDeletingService (BlockDeletingService.java:isDeletionAllowed(187)) - Close Container log Index 6 is not replicated across allthe servers in the pipeline d8220d6b-da92-433e-abb5-ff494030cc0c as the min replicated index is 4. Deletion is not allowed in this container yet.
2019-10-23 22:25:47,668 [EventQueue-ContainerReportForContainerReportHandler] WARN  container.ContainerReportHandler (AbstractContainerReportHandler.java:updateContainerState(145)) - Container #1 is in OPEN state, but the datanode 22d85afd-4d4f-492d-93d6-f244982d2d2b{ip: 192.168.34.28, host: pr-hdds-2240-gjcjf-507280437, networkLocation: /default-rack, certSerialId: null} reports an CLOSED replica.
2019-10-23 22:25:47,790 [EventQueue-ContainerReportForContainerReportHandler] WARN  container.ContainerReportHandler (AbstractContainerReportHandler.java:updateContainerState(145)) - Container #1 is in OPEN state, but the datanode 73b959bd-e3af-4247-b02b-6987bacc6720{ip: 192.168.34.28, host: pr-hdds-2240-gjcjf-507280437, networkLocation: /default-rack, certSerialId: null} reports an CLOSED replica.
2019-10-23 22:25:47,869 [EventQueue-ContainerReportForContainerReportHandler] WARN  container.ContainerReportHandler (AbstractContainerReportHandler.java:updateContainerState(145)) - Container #1 is in OPEN state, but the datanode 22d85afd-4d4f-492d-93d6-f244982d2d2b{ip: 192.168.34.28, host: pr-hdds-2240-gjcjf-507280437, networkLocation: /default-rack, certSerialId: null} reports an CLOSED replica.
2019-10-23 22:25:47,991 [EventQueue-ContainerReportForContainerReportHandler] WARN  container.ContainerReportHandler (AbstractContainerReportHandler.java:updateContainerState(145)) - Container #1 is in OPEN state, but the datanode 73b959bd-e3af-4247-b02b-6987bacc6720{ip: 192.168.34.28, host: pr-hdds-2240-gjcjf-507280437, networkLocation: /default-rack, certSerialId: null} reports an CLOSED replica.
2019-10-23 22:25:48,155 [EventQueue-StaleNodeForStaleNodeHandler] INFO  node.StaleNodeHandler (StaleNodeHandler.java:onMessage(58)) - Datanode 1e780629-3013-4910-b058-82bfaeb575a6{ip: 192.168.34.28, host: pr-hdds-2240-gjcjf-507280437, networkLocation: /default-rack, certSerialId: null} moved to stale state. Finalizing its pipelines [PipelineID=d8220d6b-da92-433e-abb5-ff494030cc0c, PipelineID=b22caa93-6dac-481e-abc8-04b5a2f9e312]
2019-10-23 22:25:48,155 [EventQueue-StaleNodeForStaleNodeHandler] INFO  pipeline.SCMPipelineManager (SCMPipelineManager.java:finalizeAndDestroyPipeline(315)) - destroying pipeline:Pipeline[ Id: d8220d6b-da92-433e-abb5-ff494030cc0c, Nodes: 22d85afd-4d4f-492d-93d6-f244982d2d2b{ip: 192.168.34.28, host: pr-hdds-2240-gjcjf-507280437, networkLocation: /default-rack, certSerialId: null}1e780629-3013-4910-b058-82bfaeb575a6{ip: 192.168.34.28, host: pr-hdds-2240-gjcjf-507280437, networkLocation: /default-rack, certSerialId: null}73b959bd-e3af-4247-b02b-6987bacc6720{ip: 192.168.34.28, host: pr-hdds-2240-gjcjf-507280437, networkLocation: /default-rack, certSerialId: null}, Type:RATIS, Factor:THREE, State:OPEN]
2019-10-23 22:25:48,157 [EventQueue-StaleNodeForStaleNodeHandler] INFO  pipeline.PipelineStateManager (PipelineStateManager.java:finalizePipeline(123)) - Pipeline Pipeline[ Id: d8220d6b-da92-433e-abb5-ff494030cc0c, Nodes: 22d85afd-4d4f-492d-93d6-f244982d2d2b{ip: 192.168.34.28, host: pr-hdds-2240-gjcjf-507280437, networkLocation: /default-rack, certSerialId: null}1e780629-3013-4910-b058-82bfaeb575a6{ip: 192.168.34.28, host: pr-hdds-2240-gjcjf-507280437, networkLocation: /default-rack, certSerialId: null}73b959bd-e3af-4247-b02b-6987bacc6720{ip: 192.168.34.28, host: pr-hdds-2240-gjcjf-507280437, networkLocation: /default-rack, certSerialId: null}, Type:RATIS, Factor:THREE, State:CLOSED] moved to CLOSED state
2019-10-23 22:25:48,158 [EventQueue-CloseContainerForCloseContainerEventHandler] INFO  container.CloseContainerEventHandler (CloseContainerEventHandler.java:onMessage(61)) - Close container Event triggered for container : #1
2019-10-23 22:25:48,161 [EventQueue-StaleNodeForStaleNodeHandler] INFO  pipeline.SCMPipelineManager (SCMPipelineManager.java:finalizeAndDestroyPipeline(315)) - destroying pipeline:Pipeline[ Id: b22caa93-6dac-481e-abc8-04b5a2f9e312, Nodes: 1e780629-3013-4910-b058-82bfaeb575a6{ip: 192.168.34.28, host: pr-hdds-2240-gjcjf-507280437, networkLocation: /default-rack, certSerialId: null}, Type:RATIS, Factor:ONE, State:OPEN]
2019-10-23 22:25:48,162 [EventQueue-StaleNodeForStaleNodeHandler] INFO  pipeline.PipelineStateManager (PipelineStateManager.java:finalizePipeline(123)) - Pipeline Pipeline[ Id: b22caa93-6dac-481e-abc8-04b5a2f9e312, Nodes: 1e780629-3013-4910-b058-82bfaeb575a6{ip: 192.168.34.28, host: pr-hdds-2240-gjcjf-507280437, networkLocation: /default-rack, certSerialId: null}, Type:RATIS, Factor:ONE, State:CLOSED] moved to CLOSED state
2019-10-23 22:25:48,171 [EventQueue-ContainerReportForContainerReportHandler] INFO  container.ContainerReportHandler (AbstractContainerReportHandler.java:updateContainerState(178)) - Moving container #1 to CLOSED state, datanode 22d85afd-4d4f-492d-93d6-f244982d2d2b{ip: 192.168.34.28, host: pr-hdds-2240-gjcjf-507280437, networkLocation: /default-rack, certSerialId: null} reported CLOSED replica.
2019-10-23 22:25:48,260 [SCMBlockDeletingService#0] INFO  block.SCMBlockDeletingService (SCMBlockDeletingService.java:call(184)) - Totally added 3 delete blocks command for 3 datanodes, task elapsed time: 5ms
2019-10-23 22:25:48,292 [EventQueue-PendingDeleteStatusForPendingDeleteHandler] INFO  block.SCMBlockDeletingService (SCMBlockDeletingService.java:handlePendingDeletes(115)) - Block deletion txnID mismatch in datanode 73b959bd-e3af-4247-b02b-6987bacc6720 for containerID 1. Datanode delete txnID: 0, SCM txnID: 1
2019-10-23 22:25:48,470 [Command processor thread] INFO  commandhandler.DeleteBlocksCommandHandler (DeleteBlocksCommandHandler.java:handle(106)) - Start to delete container blocks, TXIDs=[1(0)], numOfContainers=1, numOfBlocks=1
2019-10-23 22:25:48,543 [main] INFO  impl.MetricsSystemImpl (MetricsSystemImpl.java:init(158)) - HddsDatanode metrics system started (again)
2019-10-23 22:25:48,580 [BlockDeletingService#2] WARN  background.BlockDeletingService (BlockDeletingService.java:isDeletionAllowed(187)) - Close Container log Index 6 is not replicated across allthe servers in the pipeline d8220d6b-da92-433e-abb5-ff494030cc0c as the min replicated index is 4. Deletion is not allowed in this container yet.
2019-10-23 22:25:48,580 [BlockDeletingService#8] WARN  background.BlockDeletingService (BlockDeletingService.java:isDeletionAllowed(187)) - Close Container log Index 6 is not replicated across allthe servers in the pipeline d8220d6b-da92-433e-abb5-ff494030cc0c as the min replicated index is 4. Deletion is not allowed in this container yet.
2019-10-23 22:25:48,590 [Command processor thread] INFO  commandhandler.DeleteBlocksCommandHandler (DeleteBlocksCommandHandler.java:handle(106)) - Start to delete container blocks, TXIDs=[1(0)], numOfContainers=1, numOfBlocks=1
2019-10-23 22:25:48,591 [EventQueue-PendingDeleteStatusForPendingDeleteHandler] INFO  block.SCMBlockDeletingService (SCMBlockDeletingService.java:handlePendingDeletes(115)) - Block deletion txnID mismatch in datanode 73b959bd-e3af-4247-b02b-6987bacc6720 for containerID 1. Datanode delete txnID: 0, SCM txnID: 1
2019-10-23 22:25:48,595 [main] INFO  ozone.HddsDatanodeService (HddsDatanodeService.java:start(184)) - HddsDatanodeService host:pr-hdds-2240-gjcjf-507280437 ip:192.168.34.28
2019-10-23 22:25:48,599 [main] INFO  volume.VolumeUsage (VolumeUsage.java:loadScmUsed(144)) - Cached ScmUsed found for /workdir/hadoop-ozone/integration-test/target/test-dir/MiniOzoneClusterImpl-76426a80-56c3-4df6-b76d-a34ccd4b7bd3/datanode-2/data/containers : 4096 
2019-10-23 22:25:48,599 [main] INFO  volume.HddsVolume (HddsVolume.java:<init>(176)) - Creating Volume: /workdir/hadoop-ozone/integration-test/target/test-dir/MiniOzoneClusterImpl-76426a80-56c3-4df6-b76d-a34ccd4b7bd3/datanode-2/data/containers/hdds of  storage type : DISK and capacity : 1482555576320
2019-10-23 22:25:48,600 [main] INFO  volume.VolumeSet (VolumeSet.java:initializeVolumeSet(170)) - Added Volume : /workdir/hadoop-ozone/integration-test/target/test-dir/MiniOzoneClusterImpl-76426a80-56c3-4df6-b76d-a34ccd4b7bd3/datanode-2/data/containers/hdds to VolumeSet
2019-10-23 22:25:48,600 [main] INFO  volume.ThrottledAsyncChecker (ThrottledAsyncChecker.java:schedule(141)) - Scheduling a check for /workdir/hadoop-ozone/integration-test/target/test-dir/MiniOzoneClusterImpl-76426a80-56c3-4df6-b76d-a34ccd4b7bd3/datanode-2/data/containers/hdds
2019-10-23 22:25:48,601 [main] INFO  volume.HddsVolumeChecker (HddsVolumeChecker.java:checkAllVolumes(204)) - Scheduled health check for volume /workdir/hadoop-ozone/integration-test/target/test-dir/MiniOzoneClusterImpl-76426a80-56c3-4df6-b76d-a34ccd4b7bd3/datanode-2/data/containers/hdds
2019-10-23 22:25:48,641 [main] INFO  impl.RaftServerProxy (ConfUtils.java:logGet(43)) - raft.rpc.type = GRPC (default)
2019-10-23 22:25:48,641 [main] INFO  grpc.GrpcFactory (GrpcFactory.java:checkPooledByteBufAllocatorUseCacheForAllThreads(45)) - PERFORMANCE WARNING: useCacheForAllThreads is true that may cause Netty to create a lot garbage objects and, as a result, trigger GC.
	It is recommended to disable useCacheForAllThreads by setting -Dorg.apache.ratis.thirdparty.io.netty.allocator.useCacheForAllThreads=false in command line.
2019-10-23 22:25:48,642 [main] INFO  grpc.GrpcConfigKeys$Server (ConfUtils.java:logGet(43)) - raft.grpc.server.port = 46415 (custom)
2019-10-23 22:25:48,642 [main] INFO  server.GrpcService (ConfUtils.java:logGet(43)) - raft.grpc.message.size.max = 33570816 (custom)
2019-10-23 22:25:48,642 [main] INFO  server.RaftServerConfigKeys (ConfUtils.java:logGet(43)) - raft.server.log.appender.buffer.byte-limit = 33554432 (custom)
2019-10-23 22:25:48,642 [main] INFO  server.GrpcService (ConfUtils.java:logGet(43)) - raft.grpc.flow.control.window = 1MB (=1048576) (default)
2019-10-23 22:25:48,642 [main] INFO  server.RaftServerConfigKeys (ConfUtils.java:logGet(43)) - raft.server.rpc.request.timeout = 3000ms (default)
2019-10-23 22:25:48,643 [main] INFO  server.RaftServerConfigKeys (ConfUtils.java:logGet(43)) - raft.server.storage.dir = [/workdir/hadoop-ozone/integration-test/target/test-dir/MiniOzoneClusterImpl-76426a80-56c3-4df6-b76d-a34ccd4b7bd3/datanode-2/data/ratis] (custom)
2019-10-23 22:25:48,643 [main] INFO  impl.RaftServerProxy (RaftServerProxy.java:lambda$null$0(191)) - 1e780629-3013-4910-b058-82bfaeb575a6: found a subdirectory /workdir/hadoop-ozone/integration-test/target/test-dir/MiniOzoneClusterImpl-76426a80-56c3-4df6-b76d-a34ccd4b7bd3/datanode-2/data/ratis/d8220d6b-da92-433e-abb5-ff494030cc0c
2019-10-23 22:25:48,644 [main] INFO  impl.RaftServerProxy (RaftServerProxy.java:addNew(89)) - 1e780629-3013-4910-b058-82bfaeb575a6: addNew group-FF494030CC0C:[] returns group-FF494030CC0C:java.util.concurrent.CompletableFuture@6ca8fcf3[Not completed]
2019-10-23 22:25:48,645 [main] INFO  impl.RaftServerProxy (RaftServerProxy.java:lambda$null$0(191)) - 1e780629-3013-4910-b058-82bfaeb575a6: found a subdirectory /workdir/hadoop-ozone/integration-test/target/test-dir/MiniOzoneClusterImpl-76426a80-56c3-4df6-b76d-a34ccd4b7bd3/datanode-2/data/ratis/b22caa93-6dac-481e-abc8-04b5a2f9e312
2019-10-23 22:25:48,645 [main] INFO  impl.RaftServerProxy (RaftServerProxy.java:addNew(89)) - 1e780629-3013-4910-b058-82bfaeb575a6: addNew group-04B5A2F9E312:[] returns group-04B5A2F9E312:java.util.concurrent.CompletableFuture@69f0b0f4[Not completed]
2019-10-23 22:25:48,648 [main] INFO  hdfs.DFSUtil (DFSUtil.java:httpServerTemplateForNNAndJN(1641)) - Starting Web-server for hddsDatanode at: http://0.0.0.0:33430
2019-10-23 22:25:48,648 [pool-59-thread-1] INFO  impl.RaftServerImpl (RaftServerImpl.java:<init>(104)) - 1e780629-3013-4910-b058-82bfaeb575a6: new RaftServerImpl for group-FF494030CC0C:[] with ContainerStateMachine:uninitialized
2019-10-23 22:25:48,649 [pool-59-thread-1] INFO  server.RaftServerConfigKeys (ConfUtils.java:logGet(43)) - raft.server.rpc.timeout.min = 5s (custom)
2019-10-23 22:25:48,649 [pool-59-thread-1] INFO  server.RaftServerConfigKeys (ConfUtils.java:logGet(43)) - raft.server.rpc.timeout.max = 5200ms (custom)
2019-10-23 22:25:48,649 [pool-59-thread-1] INFO  server.RaftServerConfigKeys (ConfUtils.java:logGet(43)) - raft.server.rpcslowness.timeout = 1000s (custom)
2019-10-23 22:25:48,649 [pool-59-thread-1] INFO  server.RaftServerConfigKeys (ConfUtils.java:logGet(43)) - raft.server.sleep.deviation.threshold = 300 (default)
2019-10-23 22:25:48,649 [pool-59-thread-1] INFO  server.RaftServerConfigKeys (ConfUtils.java:logGet(43)) - raft.server.log.appender.install.snapshot.enabled = false (custom)
2019-10-23 22:25:48,650 [pool-59-thread-1] INFO  impl.RaftServerImpl (ServerState.java:<init>(103)) - 1e780629-3013-4910-b058-82bfaeb575a6@group-FF494030CC0C: ConfigurationManager, init=-1: [], old=null, confs=<EMPTY_MAP>
2019-10-23 22:25:48,650 [pool-59-thread-1] INFO  server.RaftServerConfigKeys (ConfUtils.java:logGet(43)) - raft.server.storage.dir = [/workdir/hadoop-ozone/integration-test/target/test-dir/MiniOzoneClusterImpl-76426a80-56c3-4df6-b76d-a34ccd4b7bd3/datanode-2/data/ratis] (custom)
2019-10-23 22:25:48,650 [pool-59-thread-1] INFO  server.RaftServerConfigKeys (ConfUtils.java:logGet(43)) - raft.server.log.corruption.policy = EXCEPTION (default)
2019-10-23 22:25:48,651 [main] INFO  server.AuthenticationFilter (AuthenticationFilter.java:constructSecretProvider(240)) - Unable to initialize FileSignerSecretProvider, falling back to use random secrets.
2019-10-23 22:25:48,652 [main] WARN  http.HttpRequestLog (HttpRequestLog.java:getRequestLog(97)) - Jetty request log can only be enabled using Log4j
2019-10-23 22:25:48,655 [main] INFO  http.HttpServer2 (HttpServer2.java:addGlobalFilter(975)) - Added global filter 'safety' (class=org.apache.hadoop.http.HttpServer2$QuotingInputFilter)
2019-10-23 22:25:48,656 [main] INFO  http.HttpServer2 (HttpServer2.java:addFilter(948)) - Added filter static_user_filter (class=org.apache.hadoop.http.lib.StaticUserWebFilter$StaticUserFilter) to context hddsDatanode
2019-10-23 22:25:48,656 [main] INFO  http.HttpServer2 (HttpServer2.java:addFilter(958)) - Added filter static_user_filter (class=org.apache.hadoop.http.lib.StaticUserWebFilter$StaticUserFilter) to context static
2019-10-23 22:25:48,656 [main] INFO  http.HttpServer2 (HttpServer2.java:addFilter(958)) - Added filter static_user_filter (class=org.apache.hadoop.http.lib.StaticUserWebFilter$StaticUserFilter) to context logs
2019-10-23 22:25:48,658 [main] INFO  http.HttpServer2 (HttpServer2.java:bindListener(1191)) - Jetty bound to port 33430
2019-10-23 22:25:48,658 [main] INFO  server.Server (Server.java:doStart(351)) - jetty-9.3.25.v20180904, build timestamp: 2018-09-04T21:11:46Z, git hash: 3ce520221d0240229c862b122d2b06c12a625732
2019-10-23 22:25:48,663 [pool-59-thread-1] INFO  storage.RaftStorageDirectory (RaftStorageDirectory.java:tryLock(328)) - Lock on /workdir/hadoop-ozone/integration-test/target/test-dir/MiniOzoneClusterImpl-76426a80-56c3-4df6-b76d-a34ccd4b7bd3/datanode-2/data/ratis/d8220d6b-da92-433e-abb5-ff494030cc0c/in_use.lock acquired by nodename 13088@pr-hdds-2240-gjcjf-507280437
2019-10-23 22:25:48,665 [main] INFO  handler.ContextHandler (ContextHandler.java:doStart(781)) - Started o.e.j.s.ServletContextHandler@4f327096{/logs,file:///workdir/hadoop-ozone/integration-test/target/log,AVAILABLE}
2019-10-23 22:25:48,666 [main] INFO  handler.ContextHandler (ContextHandler.java:doStart(781)) - Started o.e.j.s.ServletContextHandler@78a515e4{/static,jar:file:/home/user/.m2/repository/org/apache/hadoop/hadoop-hdds-container-service/0.5.0-SNAPSHOT/hadoop-hdds-container-service-0.5.0-SNAPSHOT.jar!/webapps/static,AVAILABLE}
2019-10-23 22:25:48,666 [pool-59-thread-1] INFO  ratis.ContainerStateMachine (ContainerStateMachine.java:loadSnapshot(240)) - group-FF494030CC0C: Setting the last applied index to (t:2, i:3)
2019-10-23 22:25:48,689 [pool-59-thread-1] INFO  impl.RaftServerImpl (ServerState.java:setRaftConf(357)) - 1e780629-3013-4910-b058-82bfaeb575a6@group-FF494030CC0C: set configuration 0: [73b959bd-e3af-4247-b02b-6987bacc6720:192.168.34.28:45914, 1e780629-3013-4910-b058-82bfaeb575a6:192.168.34.28:46415, 22d85afd-4d4f-492d-93d6-f244982d2d2b:192.168.34.28:33618], old=null at 0
2019-10-23 22:25:48,689 [pool-59-thread-1] INFO  server.RaftServerConfigKeys (ConfUtils.java:logGet(43)) - raft.server.notification.no-leader.timeout = 1000s (custom)
2019-10-23 22:25:48,689 [pool-59-thread-1] INFO  server.RaftServerConfigKeys (ConfUtils.java:logGet(43)) - raft.server.log.use.memory = false (default)
2019-10-23 22:25:48,689 [pool-59-thread-1] INFO  server.RaftServerConfigKeys (ConfUtils.java:logGet(43)) - raft.server.log.purge.gap = 1000000 (custom)
2019-10-23 22:25:48,689 [pool-59-thread-1] INFO  server.RaftServerConfigKeys (ConfUtils.java:logGet(43)) - raft.server.log.appender.buffer.byte-limit = 33554432 (custom)
2019-10-23 22:25:48,689 [pool-59-thread-1] INFO  server.RaftServerConfigKeys (ConfUtils.java:logGet(43)) - raft.server.log.segment.size.max = 1048576 (custom)
2019-10-23 22:25:48,689 [pool-59-thread-1] INFO  server.RaftServerConfigKeys (ConfUtils.java:logGet(43)) - raft.server.log.segment.cache.num.max = 2 (custom)
2019-10-23 22:25:48,690 [pool-59-thread-1] INFO  segmented.SegmentedRaftLogWorker (SegmentedRaftLogWorker.java:<init>(173)) - new 1e780629-3013-4910-b058-82bfaeb575a6@group-FF494030CC0C-SegmentedRaftLogWorker for RaftStorage:Storage Directory /workdir/hadoop-ozone/integration-test/target/test-dir/MiniOzoneClusterImpl-76426a80-56c3-4df6-b76d-a34ccd4b7bd3/datanode-2/data/ratis/d8220d6b-da92-433e-abb5-ff494030cc0c
2019-10-23 22:25:48,690 [pool-59-thread-1] INFO  server.RaftServerConfigKeys (ConfUtils.java:logGet(43)) - raft.server.log.queue.byte-limit = 2147483647 (custom)
2019-10-23 22:25:48,690 [pool-59-thread-1] INFO  server.RaftServerConfigKeys (ConfUtils.java:logGet(43)) - raft.server.log.queue.element-limit = 1024 (custom)
2019-10-23 22:25:48,690 [pool-59-thread-1] INFO  server.RaftServerConfigKeys (ConfUtils.java:logGet(43)) - raft.server.log.segment.size.max = 1048576 (custom)
2019-10-23 22:25:48,690 [pool-59-thread-1] INFO  server.RaftServerConfigKeys (ConfUtils.java:logGet(43)) - raft.server.log.preallocated.size = 16384 (custom)
2019-10-23 22:25:48,690 [pool-59-thread-1] INFO  server.RaftServerConfigKeys (ConfUtils.java:logGet(43)) - raft.server.log.write.buffer.size = 33554432 (custom)
2019-10-23 22:25:48,690 [pool-59-thread-1] INFO  server.RaftServerConfigKeys (ConfUtils.java:logGet(43)) - raft.server.log.force.sync.num = 128 (default)
2019-10-23 22:25:48,690 [pool-59-thread-1] INFO  server.RaftServerConfigKeys (ConfUtils.java:logGet(43)) - raft.server.log.statemachine.data.sync = true (default)
2019-10-23 22:25:48,690 [pool-59-thread-1] INFO  server.RaftServerConfigKeys (ConfUtils.java:logGet(43)) - raft.server.log.statemachine.data.sync.timeout = 10s (default)
2019-10-23 22:25:48,691 [pool-59-thread-1] INFO  server.RaftServerConfigKeys (ConfUtils.java:logGet(43)) - raft.server.log.statemachine.data.sync.timeout.retry = -1 (default)
2019-10-23 22:25:48,691 [pool-59-thread-1] INFO  server.RaftServerConfigKeys (ConfUtils.java:logGet(43)) - raft.server.log.statemachine.data.caching.enabled = true (custom)
2019-10-23 22:25:48,697 [pool-59-thread-1] INFO  impl.RaftServerImpl (ServerState.java:setRaftConf(357)) - 1e780629-3013-4910-b058-82bfaeb575a6@group-FF494030CC0C: set configuration 0: [73b959bd-e3af-4247-b02b-6987bacc6720:192.168.34.28:45914, 1e780629-3013-4910-b058-82bfaeb575a6:192.168.34.28:46415, 22d85afd-4d4f-492d-93d6-f244982d2d2b:192.168.34.28:33618], old=null at 0
2019-10-23 22:25:48,697 [pool-59-thread-1] INFO  segmented.LogSegment (LogSegment.java:loadSegment(140)) - Successfully read 5 entries from segment file /workdir/hadoop-ozone/integration-test/target/test-dir/MiniOzoneClusterImpl-76426a80-56c3-4df6-b76d-a34ccd4b7bd3/datanode-2/data/ratis/d8220d6b-da92-433e-abb5-ff494030cc0c/current/log_inprogress_0
2019-10-23 22:25:48,698 [pool-59-thread-1] INFO  segmented.SegmentedRaftLogWorker (SegmentedRaftLogWorker.java:lambda$new$0(128)) - 1e780629-3013-4910-b058-82bfaeb575a6@group-FF494030CC0C-SegmentedRaftLogWorker: flushIndex: setUnconditionally 0 -> 4
2019-10-23 22:25:48,722 [pool-59-thread-1] INFO  raftlog.RaftLog (RaftLog.java:lambda$new$0(61)) - 1e780629-3013-4910-b058-82bfaeb575a6@group-FF494030CC0C-SegmentedRaftLog: commitIndex: updateToMax old=3, new=3, updated? false
2019-10-23 22:25:48,723 [pool-59-thread-1] INFO  server.RaftServerConfigKeys (ConfUtils.java:logGet(43)) - raft.server.snapshot.auto.trigger.enabled = true (custom)
2019-10-23 22:25:48,723 [pool-59-thread-1] INFO  server.RaftServerConfigKeys (ConfUtils.java:logGet(43)) - raft.server.snapshot.auto.trigger.threshold = 10000 (custom)
2019-10-23 22:25:48,723 [pool-59-thread-1] INFO  server.RaftServerConfigKeys (ConfUtils.java:logGet(43)) - raft.server.snapshot.retention.file.num = 5 (custom)
2019-10-23 22:25:48,723 [pool-59-thread-1] INFO  server.RaftServerConfigKeys (ConfUtils.java:logGet(43)) - raft.server.retrycache.expirytime = 600000ms (custom)
2019-10-23 22:25:48,725 [pool-59-thread-1] INFO  impl.RaftServerImpl (RaftServerImpl.java:<init>(104)) - 1e780629-3013-4910-b058-82bfaeb575a6: new RaftServerImpl for group-04B5A2F9E312:[] with ContainerStateMachine:uninitialized
2019-10-23 22:25:48,725 [pool-59-thread-1] INFO  server.RaftServerConfigKeys (ConfUtils.java:logGet(43)) - raft.server.rpc.timeout.min = 5s (custom)
2019-10-23 22:25:48,725 [pool-59-thread-1] INFO  server.RaftServerConfigKeys (ConfUtils.java:logGet(43)) - raft.server.rpc.timeout.max = 5200ms (custom)
2019-10-23 22:25:48,725 [pool-59-thread-1] INFO  server.RaftServerConfigKeys (ConfUtils.java:logGet(43)) - raft.server.rpcslowness.timeout = 1000s (custom)
2019-10-23 22:25:48,725 [pool-59-thread-1] INFO  server.RaftServerConfigKeys (ConfUtils.java:logGet(43)) - raft.server.sleep.deviation.threshold = 300 (default)
2019-10-23 22:25:48,725 [pool-59-thread-1] INFO  server.RaftServerConfigKeys (ConfUtils.java:logGet(43)) - raft.server.log.appender.install.snapshot.enabled = false (custom)
2019-10-23 22:25:48,725 [pool-59-thread-1] INFO  impl.RaftServerImpl (ServerState.java:<init>(103)) - 1e780629-3013-4910-b058-82bfaeb575a6@group-04B5A2F9E312: ConfigurationManager, init=-1: [], old=null, confs=<EMPTY_MAP>
2019-10-23 22:25:48,725 [pool-59-thread-1] INFO  server.RaftServerConfigKeys (ConfUtils.java:logGet(43)) - raft.server.storage.dir = [/workdir/hadoop-ozone/integration-test/target/test-dir/MiniOzoneClusterImpl-76426a80-56c3-4df6-b76d-a34ccd4b7bd3/datanode-2/data/ratis] (custom)
2019-10-23 22:25:48,725 [pool-59-thread-1] INFO  server.RaftServerConfigKeys (ConfUtils.java:logGet(43)) - raft.server.log.corruption.policy = EXCEPTION (default)
2019-10-23 22:25:48,729 [main] INFO  handler.ContextHandler (ContextHandler.java:doStart(781)) - Started o.e.j.w.WebAppContext@3c91530d{/,file:///tmp/jetty-0.0.0.0-33430-hddsDatanode-_-any-3478626570890841859.dir/webapp/,AVAILABLE}{/hddsDatanode}
2019-10-23 22:25:48,729 [main] INFO  server.AbstractConnector (AbstractConnector.java:doStart(278)) - Started ServerConnector@7d70638{HTTP/1.1,[http/1.1]}{0.0.0.0:33430}
2019-10-23 22:25:48,730 [main] INFO  server.Server (Server.java:doStart(419)) - Started @112548ms
2019-10-23 22:25:48,730 [main] WARN  impl.MetricsSystemImpl (MetricsSystemImpl.java:register(276)) - Sink prometheus already exists!
2019-10-23 22:25:48,731 [main] INFO  server.BaseHttpServer (BaseHttpServer.java:updateConnectorAddress(215)) - HTTP server of HDDSDATANODE is listening at http://0.0.0.0:33430
2019-10-23 22:25:48,733 [org.apache.hadoop.util.JvmPauseMonitor$Monitor@1d099522] INFO  util.JvmPauseMonitor (JvmPauseMonitor.java:run(188)) - Starting JVM pause monitor
2019-10-23 22:25:48,738 [pool-59-thread-1] INFO  storage.RaftStorageDirectory (RaftStorageDirectory.java:tryLock(328)) - Lock on /workdir/hadoop-ozone/integration-test/target/test-dir/MiniOzoneClusterImpl-76426a80-56c3-4df6-b76d-a34ccd4b7bd3/datanode-2/data/ratis/b22caa93-6dac-481e-abc8-04b5a2f9e312/in_use.lock acquired by nodename 13088@pr-hdds-2240-gjcjf-507280437
2019-10-23 22:25:48,738 [pool-59-thread-1] INFO  ratis.ContainerStateMachine (ContainerStateMachine.java:loadSnapshot(231)) - group-04B5A2F9E312: The snapshot info is null. Setting the last applied indexto:(t:0, i:~)
2019-10-23 22:25:48,738 [pool-59-thread-1] INFO  server.RaftServerConfigKeys (ConfUtils.java:logGet(43)) - raft.server.notification.no-leader.timeout = 1000s (custom)
2019-10-23 22:25:48,739 [pool-59-thread-1] INFO  server.RaftServerConfigKeys (ConfUtils.java:logGet(43)) - raft.server.log.use.memory = false (default)
2019-10-23 22:25:48,739 [pool-59-thread-1] INFO  server.RaftServerConfigKeys (ConfUtils.java:logGet(43)) - raft.server.log.purge.gap = 1000000 (custom)
2019-10-23 22:25:48,739 [pool-59-thread-1] INFO  server.RaftServerConfigKeys (ConfUtils.java:logGet(43)) - raft.server.log.appender.buffer.byte-limit = 33554432 (custom)
2019-10-23 22:25:48,739 [pool-59-thread-1] INFO  server.RaftServerConfigKeys (ConfUtils.java:logGet(43)) - raft.server.log.segment.size.max = 1048576 (custom)
2019-10-23 22:25:48,739 [pool-59-thread-1] INFO  server.RaftServerConfigKeys (ConfUtils.java:logGet(43)) - raft.server.log.segment.cache.num.max = 2 (custom)
2019-10-23 22:25:48,739 [pool-59-thread-1] INFO  segmented.SegmentedRaftLogWorker (SegmentedRaftLogWorker.java:<init>(173)) - new 1e780629-3013-4910-b058-82bfaeb575a6@group-04B5A2F9E312-SegmentedRaftLogWorker for RaftStorage:Storage Directory /workdir/hadoop-ozone/integration-test/target/test-dir/MiniOzoneClusterImpl-76426a80-56c3-4df6-b76d-a34ccd4b7bd3/datanode-2/data/ratis/b22caa93-6dac-481e-abc8-04b5a2f9e312
2019-10-23 22:25:48,739 [pool-59-thread-1] INFO  server.RaftServerConfigKeys (ConfUtils.java:logGet(43)) - raft.server.log.queue.byte-limit = 2147483647 (custom)
2019-10-23 22:25:48,739 [pool-59-thread-1] INFO  server.RaftServerConfigKeys (ConfUtils.java:logGet(43)) - raft.server.log.queue.element-limit = 1024 (custom)
2019-10-23 22:25:48,739 [pool-59-thread-1] INFO  server.RaftServerConfigKeys (ConfUtils.java:logGet(43)) - raft.server.log.segment.size.max = 1048576 (custom)
2019-10-23 22:25:48,739 [pool-59-thread-1] INFO  server.RaftServerConfigKeys (ConfUtils.java:logGet(43)) - raft.server.log.preallocated.size = 16384 (custom)
2019-10-23 22:25:48,740 [pool-59-thread-1] INFO  server.RaftServerConfigKeys (ConfUtils.java:logGet(43)) - raft.server.log.write.buffer.size = 33554432 (custom)
2019-10-23 22:25:48,740 [pool-59-thread-1] INFO  server.RaftServerConfigKeys (ConfUtils.java:logGet(43)) - raft.server.log.force.sync.num = 128 (default)
2019-10-23 22:25:48,740 [pool-59-thread-1] INFO  server.RaftServerConfigKeys (ConfUtils.java:logGet(43)) - raft.server.log.statemachine.data.sync = true (default)
2019-10-23 22:25:48,740 [pool-59-thread-1] INFO  server.RaftServerConfigKeys (ConfUtils.java:logGet(43)) - raft.server.log.statemachine.data.sync.timeout = 10s (default)
2019-10-23 22:25:48,740 [pool-59-thread-1] INFO  server.RaftServerConfigKeys (ConfUtils.java:logGet(43)) - raft.server.log.statemachine.data.sync.timeout.retry = -1 (default)
2019-10-23 22:25:48,740 [pool-59-thread-1] INFO  server.RaftServerConfigKeys (ConfUtils.java:logGet(43)) - raft.server.log.statemachine.data.caching.enabled = true (custom)
2019-10-23 22:25:48,741 [pool-59-thread-1] INFO  impl.RaftServerImpl (ServerState.java:setRaftConf(357)) - 1e780629-3013-4910-b058-82bfaeb575a6@group-04B5A2F9E312: set configuration 0: [1e780629-3013-4910-b058-82bfaeb575a6:192.168.34.28:46415], old=null at 0
2019-10-23 22:25:48,741 [pool-59-thread-1] INFO  segmented.LogSegment (LogSegment.java:loadSegment(140)) - Successfully read 1 entries from segment file /workdir/hadoop-ozone/integration-test/target/test-dir/MiniOzoneClusterImpl-76426a80-56c3-4df6-b76d-a34ccd4b7bd3/datanode-2/data/ratis/b22caa93-6dac-481e-abc8-04b5a2f9e312/current/log_inprogress_0
2019-10-23 22:25:48,741 [pool-59-thread-1] INFO  segmented.SegmentedRaftLogWorker (SegmentedRaftLogWorker.java:lambda$new$0(128)) - 1e780629-3013-4910-b058-82bfaeb575a6@group-04B5A2F9E312-SegmentedRaftLogWorker: flushIndex: setUnconditionally 0 -> 0
2019-10-23 22:25:48,764 [pool-59-thread-1] INFO  server.RaftServerConfigKeys (ConfUtils.java:logGet(43)) - raft.server.snapshot.auto.trigger.enabled = true (custom)
2019-10-23 22:25:48,764 [pool-59-thread-1] INFO  server.RaftServerConfigKeys (ConfUtils.java:logGet(43)) - raft.server.snapshot.auto.trigger.threshold = 10000 (custom)
2019-10-23 22:25:48,765 [pool-59-thread-1] INFO  server.RaftServerConfigKeys (ConfUtils.java:logGet(43)) - raft.server.snapshot.retention.file.num = 5 (custom)
2019-10-23 22:25:48,765 [pool-59-thread-1] INFO  server.RaftServerConfigKeys (ConfUtils.java:logGet(43)) - raft.server.retrycache.expirytime = 600000ms (custom)
2019-10-23 22:25:48,993 [java.util.concurrent.ThreadPoolExecutor$Worker@3c40f574[State = -1, empty queue]] WARN  server.GrpcLogAppender (GrpcLogAppender.java:timeoutAppendRequest(209)) - 22d85afd-4d4f-492d-93d6-f244982d2d2b@group-FF494030CC0C->1e780629-3013-4910-b058-82bfaeb575a6-GrpcLogAppender: appendEntries Timeout, request=22d85afd-4d4f-492d-93d6-f244982d2d2b->1e780629-3013-4910-b058-82bfaeb575a6#50-t2, previous=(t:2, i:10), leaderCommit=10, initializing? false, entries: <empty>
2019-10-23 22:25:49,261 [SCMBlockDeletingService#0] INFO  block.SCMBlockDeletingService (SCMBlockDeletingService.java:call(184)) - Totally added 1 delete blocks command for 1 datanodes, task elapsed time: 0ms
2019-10-23 22:25:49,262 [pool-7-thread-1] INFO  commands.RetriableDatanodeEventWatcher (RetriableDatanodeEventWatcher.java:onTimeout(47)) - RetriableDatanodeCommand type=deleteBlocksCommand with id=1571869548260 timed out. Retrying.
2019-10-23 22:25:49,582 [BlockDeletingService#8] WARN  background.BlockDeletingService (BlockDeletingService.java:isDeletionAllowed(187)) - Close Container log Index 6 is not replicated across allthe servers in the pipeline d8220d6b-da92-433e-abb5-ff494030cc0c as the min replicated index is 4. Deletion is not allowed in this container yet.
2019-10-23 22:25:49,582 [BlockDeletingService#2] WARN  background.BlockDeletingService (BlockDeletingService.java:isDeletionAllowed(187)) - Close Container log Index 6 is not replicated across allthe servers in the pipeline d8220d6b-da92-433e-abb5-ff494030cc0c as the min replicated index is 4. Deletion is not allowed in this container yet.
2019-10-23 22:25:49,731 [Thread-546] INFO  client.GrpcClientProtocolService (GrpcClientProtocolService.java:lambda$processClientRequest$0(278)) - Failed RaftClientRequest:client-13138D705F93->73b959bd-e3af-4247-b02b-6987bacc6720@group-FF494030CC0C, cid=10, seq=0, Watch-ALL_COMMITTED(6), Message:<EMPTY>, reply=RaftClientReply:client-13138D705F93->73b959bd-e3af-4247-b02b-6987bacc6720@group-FF494030CC0C, cid=10, FAILED org.apache.ratis.protocol.NotLeaderException: Server 73b959bd-e3af-4247-b02b-6987bacc6720@group-FF494030CC0C is not the leader 22d85afd-4d4f-492d-93d6-f244982d2d2b:192.168.34.28:33618, logIndex=0, commits[73b959bd-e3af-4247-b02b-6987bacc6720:c10, 1e780629-3013-4910-b058-82bfaeb575a6:c4, 22d85afd-4d4f-492d-93d6-f244982d2d2b:c10]
2019-10-23 22:25:50,261 [pool-7-thread-1] INFO  commands.RetriableDatanodeEventWatcher (RetriableDatanodeEventWatcher.java:onTimeout(47)) - RetriableDatanodeCommand type=deleteBlocksCommand with id=1571869548262 timed out. Retrying.
2019-10-23 22:25:50,262 [SCMBlockDeletingService#0] INFO  block.SCMBlockDeletingService (SCMBlockDeletingService.java:call(184)) - Totally added 1 delete blocks command for 1 datanodes, task elapsed time: 0ms
2019-10-23 22:25:50,263 [pool-7-thread-1] INFO  commands.RetriableDatanodeEventWatcher (RetriableDatanodeEventWatcher.java:onTimeout(47)) - RetriableDatanodeCommand type=deleteBlocksCommand with id=1571869548260 timed out. Retrying.
2019-10-23 22:25:50,584 [BlockDeletingService#8] WARN  background.BlockDeletingService (BlockDeletingService.java:isDeletionAllowed(187)) - Close Container log Index 6 is not replicated across allthe servers in the pipeline d8220d6b-da92-433e-abb5-ff494030cc0c as the min replicated index is 4. Deletion is not allowed in this container yet.
2019-10-23 22:25:50,584 [BlockDeletingService#2] WARN  background.BlockDeletingService (BlockDeletingService.java:isDeletionAllowed(187)) - Close Container log Index 6 is not replicated across allthe servers in the pipeline d8220d6b-da92-433e-abb5-ff494030cc0c as the min replicated index is 4. Deletion is not allowed in this container yet.
2019-10-23 22:25:50,736 [Datanode State Machine Thread - 0] INFO  ozoneimpl.OzoneContainer (OzoneContainer.java:start(213)) - Attempting to start container services.
2019-10-23 22:25:50,736 [Datanode State Machine Thread - 0] INFO  ozoneimpl.OzoneContainer (OzoneContainer.java:startContainerScrub(177)) - Background container scanner has been disabled.
2019-10-23 22:25:50,736 [Datanode State Machine Thread - 0] INFO  ratis.XceiverServerRatis (XceiverServerRatis.java:start(418)) - Starting XceiverServerRatis 1e780629-3013-4910-b058-82bfaeb575a6 at port 46415
2019-10-23 22:25:50,748 [Datanode State Machine Thread - 0] INFO  impl.RaftServerImpl (RaftServerImpl.java:start(195)) - 1e780629-3013-4910-b058-82bfaeb575a6@group-04B5A2F9E312: start as a follower, conf=0: [1e780629-3013-4910-b058-82bfaeb575a6:192.168.34.28:46415], old=null
2019-10-23 22:25:50,749 [ForkJoinPool.commonPool-worker-0] INFO  impl.RaftServerImpl (RaftServerImpl.java:start(195)) - 1e780629-3013-4910-b058-82bfaeb575a6@group-FF494030CC0C: start as a follower, conf=0: [73b959bd-e3af-4247-b02b-6987bacc6720:192.168.34.28:45914, 1e780629-3013-4910-b058-82bfaeb575a6:192.168.34.28:46415, 22d85afd-4d4f-492d-93d6-f244982d2d2b:192.168.34.28:33618], old=null
2019-10-23 22:25:50,749 [Datanode State Machine Thread - 0] INFO  impl.RaftServerImpl (RaftServerImpl.java:setRole(184)) - 1e780629-3013-4910-b058-82bfaeb575a6@group-04B5A2F9E312: changes role from      null to FOLLOWER at term 1 for startAsFollower
2019-10-23 22:25:50,749 [ForkJoinPool.commonPool-worker-0] INFO  impl.RaftServerImpl (RaftServerImpl.java:setRole(184)) - 1e780629-3013-4910-b058-82bfaeb575a6@group-FF494030CC0C: changes role from      null to FOLLOWER at term 2 for startAsFollower
2019-10-23 22:25:50,749 [Datanode State Machine Thread - 0] INFO  impl.RoleInfo (RoleInfo.java:updateAndGet(143)) - 1e780629-3013-4910-b058-82bfaeb575a6: start FollowerState
2019-10-23 22:25:50,749 [ForkJoinPool.commonPool-worker-0] INFO  impl.RoleInfo (RoleInfo.java:updateAndGet(143)) - 1e780629-3013-4910-b058-82bfaeb575a6: start FollowerState
2019-10-23 22:25:50,750 [Datanode State Machine Thread - 0] INFO  util.JmxRegister (JmxRegister.java:tryRegister(44)) - Successfully registered JMX Bean with object name Ratis:service=RaftServer,group=group-04B5A2F9E312,id=1e780629-3013-4910-b058-82bfaeb575a6
2019-10-23 22:25:50,750 [ForkJoinPool.commonPool-worker-0] INFO  util.JmxRegister (JmxRegister.java:tryRegister(44)) - Successfully registered JMX Bean with object name Ratis:service=RaftServer,group=group-FF494030CC0C,id=1e780629-3013-4910-b058-82bfaeb575a6
2019-10-23 22:25:50,753 [Datanode State Machine Thread - 0] INFO  impl.RaftServerProxy (RaftServerProxy.java:lambda$start$3(299)) - 1e780629-3013-4910-b058-82bfaeb575a6: start RPC server
2019-10-23 22:25:50,756 [Datanode State Machine Thread - 0] INFO  server.GrpcService (GrpcService.java:startImpl(158)) - 1e780629-3013-4910-b058-82bfaeb575a6: GrpcService started, listening on 0.0.0.0/0.0.0.0:46415
2019-10-23 22:25:50,756 [Thread-553] INFO  client.GrpcClientProtocolService (GrpcClientProtocolService.java:lambda$processClientRequest$0(278)) - Failed RaftClientRequest:client-13138D705F93->22d85afd-4d4f-492d-93d6-f244982d2d2b@group-FF494030CC0C, cid=10, seq=0, Watch-ALL_COMMITTED(6), Message:<EMPTY>, reply=RaftClientReply:client-13138D705F93->22d85afd-4d4f-492d-93d6-f244982d2d2b@group-FF494030CC0C, cid=10, FAILED org.apache.ratis.protocol.NotReplicatedException: Request with call Id 10 and log index 6 is not yet replicated to ALL_COMMITTED, logIndex=6, commits[22d85afd-4d4f-492d-93d6-f244982d2d2b:c10, 73b959bd-e3af-4247-b02b-6987bacc6720:c10, 1e780629-3013-4910-b058-82bfaeb575a6:c4]
2019-10-23 22:25:50,765 [Thread-551] INFO  impl.FollowerState (FollowerState.java:run(108)) - 1e780629-3013-4910-b058-82bfaeb575a6@group-04B5A2F9E312-FollowerState: change to CANDIDATE, lastRpcTime:15ms, electionTimeout:15ms
2019-10-23 22:25:50,765 [Thread-551] INFO  impl.RoleInfo (RoleInfo.java:shutdownFollowerState(121)) - 1e780629-3013-4910-b058-82bfaeb575a6: shutdown FollowerState
2019-10-23 22:25:50,765 [Thread-551] INFO  impl.RaftServerImpl (RaftServerImpl.java:setRole(184)) - 1e780629-3013-4910-b058-82bfaeb575a6@group-04B5A2F9E312: changes role from  FOLLOWER to CANDIDATE at term 1 for changeToCandidate
2019-10-23 22:25:50,765 [Thread-551] INFO  impl.RoleInfo (RoleInfo.java:updateAndGet(143)) - 1e780629-3013-4910-b058-82bfaeb575a6: start LeaderElection
2019-10-23 22:25:50,781 [1e780629-3013-4910-b058-82bfaeb575a6@group-04B5A2F9E312-LeaderElection6] INFO  impl.LeaderElection (LeaderElection.java:askForVotes(178)) - 1e780629-3013-4910-b058-82bfaeb575a6@group-04B5A2F9E312-LeaderElection6: begin an election at term 2 for 0: [1e780629-3013-4910-b058-82bfaeb575a6:192.168.34.28:46415], old=null
2019-10-23 22:25:50,782 [1e780629-3013-4910-b058-82bfaeb575a6@group-04B5A2F9E312-LeaderElection6] INFO  impl.RoleInfo (RoleInfo.java:shutdownLeaderElection(134)) - 1e780629-3013-4910-b058-82bfaeb575a6: shutdown LeaderElection
2019-10-23 22:25:50,782 [1e780629-3013-4910-b058-82bfaeb575a6@group-04B5A2F9E312-LeaderElection6] INFO  impl.RaftServerImpl (RaftServerImpl.java:setRole(184)) - 1e780629-3013-4910-b058-82bfaeb575a6@group-04B5A2F9E312: changes role from CANDIDATE to LEADER at term 2 for changeToLeader
2019-10-23 22:25:50,783 [1e780629-3013-4910-b058-82bfaeb575a6@group-04B5A2F9E312-LeaderElection6] INFO  impl.RaftServerImpl (ServerState.java:setLeader(256)) - 1e780629-3013-4910-b058-82bfaeb575a6@group-04B5A2F9E312: change Leader from null to 1e780629-3013-4910-b058-82bfaeb575a6 at term 2 for becomeLeader, leader elected after 2044ms
2019-10-23 22:25:50,783 [1e780629-3013-4910-b058-82bfaeb575a6@group-04B5A2F9E312-LeaderElection6] INFO  server.RaftServerConfigKeys (ConfUtils.java:logGet(43)) - raft.server.staging.catchup.gap = 1000 (default)
2019-10-23 22:25:50,783 [1e780629-3013-4910-b058-82bfaeb575a6@group-04B5A2F9E312-LeaderElection6] INFO  server.RaftServerConfigKeys (ConfUtils.java:logGet(43)) - raft.server.rpc.sleep.time = 25ms (default)
2019-10-23 22:25:50,783 [1e780629-3013-4910-b058-82bfaeb575a6@group-04B5A2F9E312-LeaderElection6] INFO  server.RaftServerConfigKeys (ConfUtils.java:logGet(43)) - raft.server.write.element-limit = 4096 (default)
2019-10-23 22:25:50,783 [1e780629-3013-4910-b058-82bfaeb575a6@group-04B5A2F9E312-LeaderElection6] INFO  server.RaftServerConfigKeys (ConfUtils.java:logGet(43)) - raft.server.watch.timeout = 10s (default)
2019-10-23 22:25:50,783 [1e780629-3013-4910-b058-82bfaeb575a6@group-04B5A2F9E312-LeaderElection6] INFO  server.RaftServerConfigKeys (ConfUtils.java:logGet(43)) - raft.server.watch.timeout.denomination = 1s (default)
2019-10-23 22:25:50,784 [1e780629-3013-4910-b058-82bfaeb575a6@group-04B5A2F9E312-LeaderElection6] INFO  server.RaftServerConfigKeys (ConfUtils.java:logGet(43)) - raft.server.watch.element-limit = 65536 (default)
2019-10-23 22:25:50,784 [1e780629-3013-4910-b058-82bfaeb575a6@group-04B5A2F9E312-LeaderElection6] INFO  impl.RoleInfo (RoleInfo.java:updateAndGet(143)) - 1e780629-3013-4910-b058-82bfaeb575a6: start LeaderState
2019-10-23 22:25:50,784 [Thread-552] INFO  impl.FollowerState (FollowerState.java:run(108)) - 1e780629-3013-4910-b058-82bfaeb575a6@group-FF494030CC0C-FollowerState: change to CANDIDATE, lastRpcTime:34ms, electionTimeout:34ms
2019-10-23 22:25:50,784 [Thread-552] INFO  impl.RoleInfo (RoleInfo.java:shutdownFollowerState(121)) - 1e780629-3013-4910-b058-82bfaeb575a6: shutdown FollowerState
2019-10-23 22:25:50,784 [Thread-552] INFO  impl.RaftServerImpl (RaftServerImpl.java:setRole(184)) - 1e780629-3013-4910-b058-82bfaeb575a6@group-FF494030CC0C: changes role from  FOLLOWER to CANDIDATE at term 2 for changeToCandidate
2019-10-23 22:25:50,784 [1e780629-3013-4910-b058-82bfaeb575a6@group-04B5A2F9E312-LeaderElection6] INFO  segmented.SegmentedRaftLogWorker (SegmentedRaftLogWorker.java:rollLogSegment(390)) - 1e780629-3013-4910-b058-82bfaeb575a6@group-04B5A2F9E312-SegmentedRaftLogWorker: Rolling segment log-0_0 to index:0
2019-10-23 22:25:50,785 [Thread-552] INFO  impl.RoleInfo (RoleInfo.java:updateAndGet(143)) - 1e780629-3013-4910-b058-82bfaeb575a6: start LeaderElection
2019-10-23 22:25:50,789 [1e780629-3013-4910-b058-82bfaeb575a6@group-04B5A2F9E312-LeaderElection6] INFO  impl.RaftServerImpl (ServerState.java:setRaftConf(357)) - 1e780629-3013-4910-b058-82bfaeb575a6@group-04B5A2F9E312: set configuration 1: [1e780629-3013-4910-b058-82bfaeb575a6:192.168.34.28:46415], old=null at 1
2019-10-23 22:25:50,791 [1e780629-3013-4910-b058-82bfaeb575a6@group-04B5A2F9E312-SegmentedRaftLogWorker] INFO  segmented.SegmentedRaftLogWorker (SegmentedRaftLogWorker.java:execute(533)) - 1e780629-3013-4910-b058-82bfaeb575a6@group-04B5A2F9E312-SegmentedRaftLogWorker: Rolled log segment from /workdir/hadoop-ozone/integration-test/target/test-dir/MiniOzoneClusterImpl-76426a80-56c3-4df6-b76d-a34ccd4b7bd3/datanode-2/data/ratis/b22caa93-6dac-481e-abc8-04b5a2f9e312/current/log_inprogress_0 to /workdir/hadoop-ozone/integration-test/target/test-dir/MiniOzoneClusterImpl-76426a80-56c3-4df6-b76d-a34ccd4b7bd3/datanode-2/data/ratis/b22caa93-6dac-481e-abc8-04b5a2f9e312/current/log_0-0
2019-10-23 22:25:50,801 [1e780629-3013-4910-b058-82bfaeb575a6@group-FF494030CC0C-LeaderElection7] INFO  impl.LeaderElection (LeaderElection.java:askForVotes(178)) - 1e780629-3013-4910-b058-82bfaeb575a6@group-FF494030CC0C-LeaderElection7: begin an election at term 3 for 0: [73b959bd-e3af-4247-b02b-6987bacc6720:192.168.34.28:45914, 1e780629-3013-4910-b058-82bfaeb575a6:192.168.34.28:46415, 22d85afd-4d4f-492d-93d6-f244982d2d2b:192.168.34.28:33618], old=null
2019-10-23 22:25:50,956 [1e780629-3013-4910-b058-82bfaeb575a6@group-04B5A2F9E312-SegmentedRaftLogWorker] INFO  segmented.SegmentedRaftLogWorker (SegmentedRaftLogWorker.java:execute(576)) - 1e780629-3013-4910-b058-82bfaeb575a6@group-04B5A2F9E312-SegmentedRaftLogWorker: created new log segment /workdir/hadoop-ozone/integration-test/target/test-dir/MiniOzoneClusterImpl-76426a80-56c3-4df6-b76d-a34ccd4b7bd3/datanode-2/data/ratis/b22caa93-6dac-481e-abc8-04b5a2f9e312/current/log_inprogress_1
2019-10-23 22:25:50,958 [1e780629-3013-4910-b058-82bfaeb575a6@group-FF494030CC0C-LeaderElection7] INFO  impl.LeaderElection (LeaderElection.java:logAndReturn(56)) - 1e780629-3013-4910-b058-82bfaeb575a6@group-FF494030CC0C-LeaderElection7: Election TIMEOUT; received 0 response(s) [] and 0 exception(s); 1e780629-3013-4910-b058-82bfaeb575a6@group-FF494030CC0C:t3, leader=null, voted=1e780629-3013-4910-b058-82bfaeb575a6, raftlog=1e780629-3013-4910-b058-82bfaeb575a6@group-FF494030CC0C-SegmentedRaftLog:OPENED:c3,f4,i4, conf=0: [73b959bd-e3af-4247-b02b-6987bacc6720:192.168.34.28:45914, 1e780629-3013-4910-b058-82bfaeb575a6:192.168.34.28:46415, 22d85afd-4d4f-492d-93d6-f244982d2d2b:192.168.34.28:33618], old=null
2019-10-23 22:25:50,973 [grpc-default-executor-2] INFO  impl.RaftServerImpl (ServerState.java:setLeader(256)) - 73b959bd-e3af-4247-b02b-6987bacc6720@group-FF494030CC0C: change Leader from 22d85afd-4d4f-492d-93d6-f244982d2d2b to null at term 3 for updateCurrentTerm
2019-10-23 22:25:50,973 [grpc-default-executor-3] INFO  impl.RaftServerImpl (ServerState.java:setLeader(256)) - 22d85afd-4d4f-492d-93d6-f244982d2d2b@group-FF494030CC0C: change Leader from 22d85afd-4d4f-492d-93d6-f244982d2d2b to null at term 3 for updateCurrentTerm
2019-10-23 22:25:50,973 [grpc-default-executor-2] INFO  impl.RaftServerImpl (RaftServerImpl.java:setRole(184)) - 73b959bd-e3af-4247-b02b-6987bacc6720@group-FF494030CC0C: changes role from  FOLLOWER to FOLLOWER at term 3 for recognizeCandidate:1e780629-3013-4910-b058-82bfaeb575a6
2019-10-23 22:25:50,975 [grpc-default-executor-3] INFO  impl.RaftServerImpl (RaftServerImpl.java:setRole(184)) - 22d85afd-4d4f-492d-93d6-f244982d2d2b@group-FF494030CC0C: changes role from    LEADER to FOLLOWER at term 3 for recognizeCandidate:1e780629-3013-4910-b058-82bfaeb575a6
2019-10-23 22:25:50,976 [grpc-default-executor-3] INFO  impl.RoleInfo (RoleInfo.java:shutdownLeaderState(104)) - 22d85afd-4d4f-492d-93d6-f244982d2d2b: shutdown LeaderState
2019-10-23 22:25:50,975 [grpc-default-executor-2] INFO  impl.RoleInfo (RoleInfo.java:shutdownFollowerState(121)) - 73b959bd-e3af-4247-b02b-6987bacc6720: shutdown FollowerState
2019-10-23 22:25:50,978 [grpc-default-executor-3] INFO  impl.PendingRequests (PendingRequests.java:sendNotLeaderResponses(202)) - 22d85afd-4d4f-492d-93d6-f244982d2d2b@group-FF494030CC0C-PendingRequests: sendNotLeaderResponses
2019-10-23 22:25:50,978 [org.apache.ratis.server.impl.LogAppender$AppenderDaemon$$Lambda$413/604531344@43bc8bc9] WARN  server.GrpcLogAppender (GrpcLogAppender.java:mayWait(149)) - 22d85afd-4d4f-492d-93d6-f244982d2d2b@group-FF494030CC0C->73b959bd-e3af-4247-b02b-6987bacc6720-GrpcLogAppender: Wait interrupted by java.lang.InterruptedException
2019-10-23 22:25:50,978 [org.apache.ratis.server.impl.LogAppender$AppenderDaemon$$Lambda$413/604531344@72b50bef] WARN  server.GrpcLogAppender (GrpcLogAppender.java:mayWait(149)) - 22d85afd-4d4f-492d-93d6-f244982d2d2b@group-FF494030CC0C->1e780629-3013-4910-b058-82bfaeb575a6-GrpcLogAppender: Wait interrupted by java.lang.InterruptedException
2019-10-23 22:25:50,978 [grpc-default-executor-2] INFO  impl.RoleInfo (RoleInfo.java:updateAndGet(143)) - 73b959bd-e3af-4247-b02b-6987bacc6720: start FollowerState
2019-10-23 22:25:50,978 [Thread-225] INFO  impl.FollowerState (FollowerState.java:run(117)) - 73b959bd-e3af-4247-b02b-6987bacc6720@group-FF494030CC0C-FollowerState was interrupted: java.lang.InterruptedException: sleep interrupted
2019-10-23 22:25:50,982 [Thread-562] INFO  client.GrpcClientProtocolService (GrpcClientProtocolService.java:lambda$processClientRequest$0(278)) - Failed RaftClientRequest:client-13138D705F93->22d85afd-4d4f-492d-93d6-f244982d2d2b@group-FF494030CC0C, cid=10, seq=0, Watch-ALL_COMMITTED(6), Message:<EMPTY>, reply=RaftClientReply:client-13138D705F93->22d85afd-4d4f-492d-93d6-f244982d2d2b@group-FF494030CC0C, cid=10, FAILED org.apache.ratis.protocol.NotLeaderException: Server 22d85afd-4d4f-492d-93d6-f244982d2d2b@group-FF494030CC0C is not the leader, logIndex=0, commits[22d85afd-4d4f-492d-93d6-f244982d2d2b:c10, 73b959bd-e3af-4247-b02b-6987bacc6720:c10, 1e780629-3013-4910-b058-82bfaeb575a6:c4]
2019-10-23 22:25:50,983 [1e780629-3013-4910-b058-82bfaeb575a6@group-FF494030CC0C-LeaderElection7] INFO  impl.LeaderElection (LeaderElection.java:askForVotes(178)) - 1e780629-3013-4910-b058-82bfaeb575a6@group-FF494030CC0C-LeaderElection7: begin an election at term 4 for 0: [73b959bd-e3af-4247-b02b-6987bacc6720:192.168.34.28:45914, 1e780629-3013-4910-b058-82bfaeb575a6:192.168.34.28:46415, 22d85afd-4d4f-492d-93d6-f244982d2d2b:192.168.34.28:33618], old=null
2019-10-23 22:25:50,982 [grpc-default-executor-3] INFO  impl.RoleInfo (RoleInfo.java:updateAndGet(143)) - 22d85afd-4d4f-492d-93d6-f244982d2d2b: start FollowerState
2019-10-23 22:25:50,986 [grpc-default-executor-0] INFO  server.GrpcServerProtocolService (GrpcServerProtocolService.java:onCompleted(113)) - 73b959bd-e3af-4247-b02b-6987bacc6720: Completed APPEND_ENTRIES, lastRequest: 22d85afd-4d4f-492d-93d6-f244982d2d2b->73b959bd-e3af-4247-b02b-6987bacc6720#51-t2, previous=(t:2, i:10), leaderCommit=10, initializing? false, entries: <empty>
2019-10-23 22:25:50,988 [grpc-default-executor-0] INFO  server.GrpcLogAppender (GrpcLogAppender.java:onCompleted(308)) - 22d85afd-4d4f-492d-93d6-f244982d2d2b@group-FF494030CC0C->73b959bd-e3af-4247-b02b-6987bacc6720-AppendLogResponseHandler: follower responses appendEntries COMPLETED
2019-10-23 22:25:50,990 [1e780629-3013-4910-b058-82bfaeb575a6@group-FF494030CC0C-LeaderElection7] INFO  impl.LeaderElection (LeaderElection.java:logAndReturn(56)) - 1e780629-3013-4910-b058-82bfaeb575a6@group-FF494030CC0C-LeaderElection7: Election TIMEOUT; received 0 response(s) [] and 0 exception(s); 1e780629-3013-4910-b058-82bfaeb575a6@group-FF494030CC0C:t4, leader=null, voted=1e780629-3013-4910-b058-82bfaeb575a6, raftlog=1e780629-3013-4910-b058-82bfaeb575a6@group-FF494030CC0C-SegmentedRaftLog:OPENED:c3,f4,i4, conf=0: [73b959bd-e3af-4247-b02b-6987bacc6720:192.168.34.28:45914, 1e780629-3013-4910-b058-82bfaeb575a6:192.168.34.28:46415, 22d85afd-4d4f-492d-93d6-f244982d2d2b:192.168.34.28:33618], old=null
2019-10-23 22:25:50,990 [grpc-default-executor-0] INFO  impl.FollowerInfo (FollowerInfo.java:lambda$new$0(51)) - 22d85afd-4d4f-492d-93d6-f244982d2d2b@group-FF494030CC0C->73b959bd-e3af-4247-b02b-6987bacc6720: nextIndex: updateUnconditionally 11 -> 10
2019-10-23 22:25:50,999 [1e780629-3013-4910-b058-82bfaeb575a6@group-FF494030CC0C-LeaderElection7] INFO  impl.LeaderElection (LeaderElection.java:askForVotes(178)) - 1e780629-3013-4910-b058-82bfaeb575a6@group-FF494030CC0C-LeaderElection7: begin an election at term 5 for 0: [73b959bd-e3af-4247-b02b-6987bacc6720:192.168.34.28:45914, 1e780629-3013-4910-b058-82bfaeb575a6:192.168.34.28:46415, 22d85afd-4d4f-492d-93d6-f244982d2d2b:192.168.34.28:33618], old=null
2019-10-23 22:25:51,000 [grpc-default-executor-5] INFO  impl.RaftServerImpl (RaftServerImpl.java:setRole(184)) - 73b959bd-e3af-4247-b02b-6987bacc6720@group-FF494030CC0C: changes role from  FOLLOWER to FOLLOWER at term 4 for recognizeCandidate:1e780629-3013-4910-b058-82bfaeb575a6
2019-10-23 22:25:51,000 [grpc-default-executor-0] INFO  impl.RaftServerImpl (RaftServerImpl.java:setRole(184)) - 22d85afd-4d4f-492d-93d6-f244982d2d2b@group-FF494030CC0C: changes role from  FOLLOWER to FOLLOWER at term 4 for recognizeCandidate:1e780629-3013-4910-b058-82bfaeb575a6
2019-10-23 22:25:51,001 [grpc-default-executor-5] INFO  impl.RoleInfo (RoleInfo.java:shutdownFollowerState(121)) - 73b959bd-e3af-4247-b02b-6987bacc6720: shutdown FollowerState
2019-10-23 22:25:51,001 [grpc-default-executor-0] INFO  impl.RoleInfo (RoleInfo.java:shutdownFollowerState(121)) - 22d85afd-4d4f-492d-93d6-f244982d2d2b: shutdown FollowerState
2019-10-23 22:25:51,001 [grpc-default-executor-5] INFO  impl.RoleInfo (RoleInfo.java:updateAndGet(143)) - 73b959bd-e3af-4247-b02b-6987bacc6720: start FollowerState
2019-10-23 22:25:51,004 [grpc-default-executor-0] INFO  impl.RoleInfo (RoleInfo.java:updateAndGet(143)) - 22d85afd-4d4f-492d-93d6-f244982d2d2b: start FollowerState
2019-10-23 22:25:51,001 [Thread-563] INFO  impl.FollowerState (FollowerState.java:run(117)) - 22d85afd-4d4f-492d-93d6-f244982d2d2b@group-FF494030CC0C-FollowerState was interrupted: java.lang.InterruptedException: sleep interrupted
2019-10-23 22:25:51,001 [Thread-561] INFO  impl.FollowerState (FollowerState.java:run(117)) - 73b959bd-e3af-4247-b02b-6987bacc6720@group-FF494030CC0C-FollowerState was interrupted: java.lang.InterruptedException: sleep interrupted
2019-10-23 22:25:51,022 [grpc-default-executor-3] INFO  impl.RaftServerImpl (RaftServerImpl.java:setRole(184)) - 22d85afd-4d4f-492d-93d6-f244982d2d2b@group-FF494030CC0C: changes role from  FOLLOWER to FOLLOWER at term 5 for recognizeCandidate:1e780629-3013-4910-b058-82bfaeb575a6
2019-10-23 22:25:51,022 [grpc-default-executor-2] INFO  impl.RaftServerImpl (RaftServerImpl.java:setRole(184)) - 73b959bd-e3af-4247-b02b-6987bacc6720@group-FF494030CC0C: changes role from  FOLLOWER to FOLLOWER at term 5 for recognizeCandidate:1e780629-3013-4910-b058-82bfaeb575a6
2019-10-23 22:25:51,022 [grpc-default-executor-3] INFO  impl.RoleInfo (RoleInfo.java:shutdownFollowerState(121)) - 22d85afd-4d4f-492d-93d6-f244982d2d2b: shutdown FollowerState
2019-10-23 22:25:51,022 [grpc-default-executor-2] INFO  impl.RoleInfo (RoleInfo.java:shutdownFollowerState(121)) - 73b959bd-e3af-4247-b02b-6987bacc6720: shutdown FollowerState
2019-10-23 22:25:51,023 [grpc-default-executor-3] INFO  impl.RoleInfo (RoleInfo.java:updateAndGet(143)) - 22d85afd-4d4f-492d-93d6-f244982d2d2b: start FollowerState
2019-10-23 22:25:51,023 [grpc-default-executor-2] INFO  impl.RoleInfo (RoleInfo.java:updateAndGet(143)) - 73b959bd-e3af-4247-b02b-6987bacc6720: start FollowerState
2019-10-23 22:25:51,023 [Thread-569] INFO  impl.FollowerState (FollowerState.java:run(117)) - 73b959bd-e3af-4247-b02b-6987bacc6720@group-FF494030CC0C-FollowerState was interrupted: java.lang.InterruptedException: sleep interrupted
2019-10-23 22:25:51,023 [Thread-570] INFO  impl.FollowerState (FollowerState.java:run(117)) - 22d85afd-4d4f-492d-93d6-f244982d2d2b@group-FF494030CC0C-FollowerState was interrupted: java.lang.InterruptedException: sleep interrupted
2019-10-23 22:25:51,049 [1e780629-3013-4910-b058-82bfaeb575a6@group-FF494030CC0C-LeaderElection7] INFO  impl.LeaderElection (LeaderElection.java:logAndReturn(56)) - 1e780629-3013-4910-b058-82bfaeb575a6@group-FF494030CC0C-LeaderElection7: Election REJECTED; received 2 response(s) [1e780629-3013-4910-b058-82bfaeb575a6<-73b959bd-e3af-4247-b02b-6987bacc6720#0:FAIL-t5, 1e780629-3013-4910-b058-82bfaeb575a6<-22d85afd-4d4f-492d-93d6-f244982d2d2b#0:FAIL-t5] and 0 exception(s); 1e780629-3013-4910-b058-82bfaeb575a6@group-FF494030CC0C:t5, leader=null, voted=1e780629-3013-4910-b058-82bfaeb575a6, raftlog=1e780629-3013-4910-b058-82bfaeb575a6@group-FF494030CC0C-SegmentedRaftLog:OPENED:c3,f4,i4, conf=0: [73b959bd-e3af-4247-b02b-6987bacc6720:192.168.34.28:45914, 1e780629-3013-4910-b058-82bfaeb575a6:192.168.34.28:46415, 22d85afd-4d4f-492d-93d6-f244982d2d2b:192.168.34.28:33618], old=null
2019-10-23 22:25:51,049 [1e780629-3013-4910-b058-82bfaeb575a6@group-FF494030CC0C-LeaderElection7] INFO  impl.RaftServerImpl (RaftServerImpl.java:setRole(184)) - 1e780629-3013-4910-b058-82bfaeb575a6@group-FF494030CC0C: changes role from CANDIDATE to FOLLOWER at term 5 for DISCOVERED_A_NEW_TERM
2019-10-23 22:25:51,049 [1e780629-3013-4910-b058-82bfaeb575a6@group-FF494030CC0C-LeaderElection7] INFO  impl.RoleInfo (RoleInfo.java:shutdownLeaderElection(134)) - 1e780629-3013-4910-b058-82bfaeb575a6: shutdown LeaderElection
2019-10-23 22:25:51,050 [1e780629-3013-4910-b058-82bfaeb575a6@group-FF494030CC0C-LeaderElection7] INFO  impl.RoleInfo (RoleInfo.java:updateAndGet(143)) - 1e780629-3013-4910-b058-82bfaeb575a6: start FollowerState
2019-10-23 22:25:51,164 [Thread-573] INFO  impl.FollowerState (FollowerState.java:run(108)) - 1e780629-3013-4910-b058-82bfaeb575a6@group-FF494030CC0C-FollowerState: change to CANDIDATE, lastRpcTime:114ms, electionTimeout:114ms
2019-10-23 22:25:51,165 [Thread-573] INFO  impl.RoleInfo (RoleInfo.java:shutdownFollowerState(121)) - 1e780629-3013-4910-b058-82bfaeb575a6: shutdown FollowerState
2019-10-23 22:25:51,166 [Thread-573] INFO  impl.RaftServerImpl (RaftServerImpl.java:setRole(184)) - 1e780629-3013-4910-b058-82bfaeb575a6@group-FF494030CC0C: changes role from  FOLLOWER to CANDIDATE at term 5 for changeToCandidate
2019-10-23 22:25:51,166 [Thread-573] INFO  impl.RoleInfo (RoleInfo.java:updateAndGet(143)) - 1e780629-3013-4910-b058-82bfaeb575a6: start LeaderElection
2019-10-23 22:25:51,181 [1e780629-3013-4910-b058-82bfaeb575a6@group-FF494030CC0C-LeaderElection8] INFO  impl.LeaderElection (LeaderElection.java:askForVotes(178)) - 1e780629-3013-4910-b058-82bfaeb575a6@group-FF494030CC0C-LeaderElection8: begin an election at term 6 for 0: [73b959bd-e3af-4247-b02b-6987bacc6720:192.168.34.28:45914, 1e780629-3013-4910-b058-82bfaeb575a6:192.168.34.28:46415, 22d85afd-4d4f-492d-93d6-f244982d2d2b:192.168.34.28:33618], old=null
2019-10-23 22:25:51,186 [grpc-default-executor-2] INFO  impl.RaftServerImpl (RaftServerImpl.java:setRole(184)) - 73b959bd-e3af-4247-b02b-6987bacc6720@group-FF494030CC0C: changes role from  FOLLOWER to FOLLOWER at term 6 for recognizeCandidate:1e780629-3013-4910-b058-82bfaeb575a6
2019-10-23 22:25:51,187 [grpc-default-executor-2] INFO  impl.RoleInfo (RoleInfo.java:shutdownFollowerState(121)) - 73b959bd-e3af-4247-b02b-6987bacc6720: shutdown FollowerState
2019-10-23 22:25:51,187 [Thread-572] INFO  impl.FollowerState (FollowerState.java:run(117)) - 73b959bd-e3af-4247-b02b-6987bacc6720@group-FF494030CC0C-FollowerState was interrupted: java.lang.InterruptedException: sleep interrupted
2019-10-23 22:25:51,187 [grpc-default-executor-2] INFO  impl.RoleInfo (RoleInfo.java:updateAndGet(143)) - 73b959bd-e3af-4247-b02b-6987bacc6720: start FollowerState
2019-10-23 22:25:51,187 [grpc-default-executor-3] INFO  impl.RaftServerImpl (RaftServerImpl.java:setRole(184)) - 22d85afd-4d4f-492d-93d6-f244982d2d2b@group-FF494030CC0C: changes role from  FOLLOWER to FOLLOWER at term 6 for recognizeCandidate:1e780629-3013-4910-b058-82bfaeb575a6
2019-10-23 22:25:51,188 [grpc-default-executor-3] INFO  impl.RoleInfo (RoleInfo.java:shutdownFollowerState(121)) - 22d85afd-4d4f-492d-93d6-f244982d2d2b: shutdown FollowerState
2019-10-23 22:25:51,189 [grpc-default-executor-3] INFO  impl.RoleInfo (RoleInfo.java:updateAndGet(143)) - 22d85afd-4d4f-492d-93d6-f244982d2d2b: start FollowerState
2019-10-23 22:25:51,189 [Thread-571] INFO  impl.FollowerState (FollowerState.java:run(117)) - 22d85afd-4d4f-492d-93d6-f244982d2d2b@group-FF494030CC0C-FollowerState was interrupted: java.lang.InterruptedException: sleep interrupted
2019-10-23 22:25:51,205 [1e780629-3013-4910-b058-82bfaeb575a6@group-FF494030CC0C-LeaderElection8] INFO  impl.LeaderElection (LeaderElection.java:logAndReturn(56)) - 1e780629-3013-4910-b058-82bfaeb575a6@group-FF494030CC0C-LeaderElection8: Election REJECTED; received 2 response(s) [1e780629-3013-4910-b058-82bfaeb575a6<-73b959bd-e3af-4247-b02b-6987bacc6720#0:FAIL-t6, 1e780629-3013-4910-b058-82bfaeb575a6<-22d85afd-4d4f-492d-93d6-f244982d2d2b#0:FAIL-t6] and 0 exception(s); 1e780629-3013-4910-b058-82bfaeb575a6@group-FF494030CC0C:t6, leader=null, voted=1e780629-3013-4910-b058-82bfaeb575a6, raftlog=1e780629-3013-4910-b058-82bfaeb575a6@group-FF494030CC0C-SegmentedRaftLog:OPENED:c3,f4,i4, conf=0: [73b959bd-e3af-4247-b02b-6987bacc6720:192.168.34.28:45914, 1e780629-3013-4910-b058-82bfaeb575a6:192.168.34.28:46415, 22d85afd-4d4f-492d-93d6-f244982d2d2b:192.168.34.28:33618], old=null
2019-10-23 22:25:51,205 [1e780629-3013-4910-b058-82bfaeb575a6@group-FF494030CC0C-LeaderElection8] INFO  impl.RaftServerImpl (RaftServerImpl.java:setRole(184)) - 1e780629-3013-4910-b058-82bfaeb575a6@group-FF494030CC0C: changes role from CANDIDATE to FOLLOWER at term 6 for DISCOVERED_A_NEW_TERM
2019-10-23 22:25:51,206 [1e780629-3013-4910-b058-82bfaeb575a6@group-FF494030CC0C-LeaderElection8] INFO  impl.RoleInfo (RoleInfo.java:shutdownLeaderElection(134)) - 1e780629-3013-4910-b058-82bfaeb575a6: shutdown LeaderElection
2019-10-23 22:25:51,206 [1e780629-3013-4910-b058-82bfaeb575a6@group-FF494030CC0C-LeaderElection8] INFO  impl.RoleInfo (RoleInfo.java:updateAndGet(143)) - 1e780629-3013-4910-b058-82bfaeb575a6: start FollowerState
2019-10-23 22:25:51,262 [pool-7-thread-1] INFO  commands.RetriableDatanodeEventWatcher (RetriableDatanodeEventWatcher.java:onTimeout(47)) - RetriableDatanodeCommand type=deleteBlocksCommand with id=1571869548262 timed out. Retrying.
2019-10-23 22:25:51,263 [pool-7-thread-2] INFO  commands.RetriableDatanodeEventWatcher (RetriableDatanodeEventWatcher.java:onTimeout(47)) - RetriableDatanodeCommand type=deleteBlocksCommand with id=1571869548263 timed out. Retrying.
2019-10-23 22:25:51,264 [pool-7-thread-2] INFO  commands.RetriableDatanodeEventWatcher (RetriableDatanodeEventWatcher.java:onTimeout(47)) - RetriableDatanodeCommand type=deleteBlocksCommand with id=1571869548260 timed out. Retrying.
2019-10-23 22:25:51,264 [SCMBlockDeletingService#0] INFO  block.SCMBlockDeletingService (SCMBlockDeletingService.java:call(184)) - Totally added 1 delete blocks command for 1 datanodes, task elapsed time: 1ms
2019-10-23 22:25:51,284 [Thread-579] INFO  impl.FollowerState (FollowerState.java:run(108)) - 1e780629-3013-4910-b058-82bfaeb575a6@group-FF494030CC0C-FollowerState: change to CANDIDATE, lastRpcTime:77ms, electionTimeout:76ms
2019-10-23 22:25:51,284 [Thread-579] INFO  impl.RoleInfo (RoleInfo.java:shutdownFollowerState(121)) - 1e780629-3013-4910-b058-82bfaeb575a6: shutdown FollowerState
2019-10-23 22:25:51,284 [Thread-579] INFO  impl.RaftServerImpl (RaftServerImpl.java:setRole(184)) - 1e780629-3013-4910-b058-82bfaeb575a6@group-FF494030CC0C: changes role from  FOLLOWER to CANDIDATE at term 6 for changeToCandidate
2019-10-23 22:25:51,284 [Thread-579] INFO  impl.RoleInfo (RoleInfo.java:updateAndGet(143)) - 1e780629-3013-4910-b058-82bfaeb575a6: start LeaderElection
2019-10-23 22:25:51,302 [1e780629-3013-4910-b058-82bfaeb575a6@group-FF494030CC0C-LeaderElection9] INFO  impl.LeaderElection (LeaderElection.java:askForVotes(178)) - 1e780629-3013-4910-b058-82bfaeb575a6@group-FF494030CC0C-LeaderElection9: begin an election at term 7 for 0: [73b959bd-e3af-4247-b02b-6987bacc6720:192.168.34.28:45914, 1e780629-3013-4910-b058-82bfaeb575a6:192.168.34.28:46415, 22d85afd-4d4f-492d-93d6-f244982d2d2b:192.168.34.28:33618], old=null
2019-10-23 22:25:51,307 [grpc-default-executor-3] INFO  impl.RaftServerImpl (RaftServerImpl.java:setRole(184)) - 73b959bd-e3af-4247-b02b-6987bacc6720@group-FF494030CC0C: changes role from  FOLLOWER to FOLLOWER at term 7 for recognizeCandidate:1e780629-3013-4910-b058-82bfaeb575a6
2019-10-23 22:25:51,307 [grpc-default-executor-2] INFO  impl.RaftServerImpl (RaftServerImpl.java:setRole(184)) - 22d85afd-4d4f-492d-93d6-f244982d2d2b@group-FF494030CC0C: changes role from  FOLLOWER to FOLLOWER at term 7 for recognizeCandidate:1e780629-3013-4910-b058-82bfaeb575a6
2019-10-23 22:25:51,307 [grpc-default-executor-3] INFO  impl.RoleInfo (RoleInfo.java:shutdownFollowerState(121)) - 73b959bd-e3af-4247-b02b-6987bacc6720: shutdown FollowerState
2019-10-23 22:25:51,307 [grpc-default-executor-2] INFO  impl.RoleInfo (RoleInfo.java:shutdownFollowerState(121)) - 22d85afd-4d4f-492d-93d6-f244982d2d2b: shutdown FollowerState
2019-10-23 22:25:51,308 [Thread-577] INFO  impl.FollowerState (FollowerState.java:run(117)) - 73b959bd-e3af-4247-b02b-6987bacc6720@group-FF494030CC0C-FollowerState was interrupted: java.lang.InterruptedException: sleep interrupted
2019-10-23 22:25:51,308 [grpc-default-executor-2] INFO  impl.RoleInfo (RoleInfo.java:updateAndGet(143)) - 22d85afd-4d4f-492d-93d6-f244982d2d2b: start FollowerState
2019-10-23 22:25:51,307 [grpc-default-executor-3] INFO  impl.RoleInfo (RoleInfo.java:updateAndGet(143)) - 73b959bd-e3af-4247-b02b-6987bacc6720: start FollowerState
2019-10-23 22:25:51,308 [Thread-578] INFO  impl.FollowerState (FollowerState.java:run(117)) - 22d85afd-4d4f-492d-93d6-f244982d2d2b@group-FF494030CC0C-FollowerState was interrupted: java.lang.InterruptedException: sleep interrupted
2019-10-23 22:25:51,319 [1e780629-3013-4910-b058-82bfaeb575a6@group-FF494030CC0C-LeaderElection9] INFO  impl.LeaderElection (LeaderElection.java:logAndReturn(56)) - 1e780629-3013-4910-b058-82bfaeb575a6@group-FF494030CC0C-LeaderElection9: Election REJECTED; received 2 response(s) [1e780629-3013-4910-b058-82bfaeb575a6<-73b959bd-e3af-4247-b02b-6987bacc6720#0:FAIL-t7, 1e780629-3013-4910-b058-82bfaeb575a6<-22d85afd-4d4f-492d-93d6-f244982d2d2b#0:FAIL-t7] and 0 exception(s); 1e780629-3013-4910-b058-82bfaeb575a6@group-FF494030CC0C:t7, leader=null, voted=1e780629-3013-4910-b058-82bfaeb575a6, raftlog=1e780629-3013-4910-b058-82bfaeb575a6@group-FF494030CC0C-SegmentedRaftLog:OPENED:c3,f4,i4, conf=0: [73b959bd-e3af-4247-b02b-6987bacc6720:192.168.34.28:45914, 1e780629-3013-4910-b058-82bfaeb575a6:192.168.34.28:46415, 22d85afd-4d4f-492d-93d6-f244982d2d2b:192.168.34.28:33618], old=null
2019-10-23 22:25:51,320 [1e780629-3013-4910-b058-82bfaeb575a6@group-FF494030CC0C-LeaderElection9] INFO  impl.RaftServerImpl (RaftServerImpl.java:setRole(184)) - 1e780629-3013-4910-b058-82bfaeb575a6@group-FF494030CC0C: changes role from CANDIDATE to FOLLOWER at term 7 for DISCOVERED_A_NEW_TERM
2019-10-23 22:25:51,321 [1e780629-3013-4910-b058-82bfaeb575a6@group-FF494030CC0C-LeaderElection9] INFO  impl.RoleInfo (RoleInfo.java:shutdownLeaderElection(134)) - 1e780629-3013-4910-b058-82bfaeb575a6: shutdown LeaderElection
2019-10-23 22:25:51,321 [1e780629-3013-4910-b058-82bfaeb575a6@group-FF494030CC0C-LeaderElection9] INFO  impl.RoleInfo (RoleInfo.java:updateAndGet(143)) - 1e780629-3013-4910-b058-82bfaeb575a6: start FollowerState
2019-10-23 22:25:51,458 [Thread-585] INFO  impl.FollowerState (FollowerState.java:run(108)) - 1e780629-3013-4910-b058-82bfaeb575a6@group-FF494030CC0C-FollowerState: change to CANDIDATE, lastRpcTime:137ms, electionTimeout:136ms
2019-10-23 22:25:51,461 [Thread-585] INFO  impl.RoleInfo (RoleInfo.java:shutdownFollowerState(121)) - 1e780629-3013-4910-b058-82bfaeb575a6: shutdown FollowerState
2019-10-23 22:25:51,461 [Thread-585] INFO  impl.RaftServerImpl (RaftServerImpl.java:setRole(184)) - 1e780629-3013-4910-b058-82bfaeb575a6@group-FF494030CC0C: changes role from  FOLLOWER to CANDIDATE at term 7 for changeToCandidate
2019-10-23 22:25:51,461 [Thread-585] INFO  impl.RoleInfo (RoleInfo.java:updateAndGet(143)) - 1e780629-3013-4910-b058-82bfaeb575a6: start LeaderElection
2019-10-23 22:25:51,484 [1e780629-3013-4910-b058-82bfaeb575a6@group-FF494030CC0C-LeaderElection10] INFO  impl.LeaderElection (LeaderElection.java:askForVotes(178)) - 1e780629-3013-4910-b058-82bfaeb575a6@group-FF494030CC0C-LeaderElection10: begin an election at term 8 for 0: [73b959bd-e3af-4247-b02b-6987bacc6720:192.168.34.28:45914, 1e780629-3013-4910-b058-82bfaeb575a6:192.168.34.28:46415, 22d85afd-4d4f-492d-93d6-f244982d2d2b:192.168.34.28:33618], old=null
2019-10-23 22:25:51,491 [grpc-default-executor-2] INFO  impl.RaftServerImpl (RaftServerImpl.java:setRole(184)) - 22d85afd-4d4f-492d-93d6-f244982d2d2b@group-FF494030CC0C: changes role from  FOLLOWER to FOLLOWER at term 8 for recognizeCandidate:1e780629-3013-4910-b058-82bfaeb575a6
2019-10-23 22:25:51,491 [grpc-default-executor-3] INFO  impl.RaftServerImpl (RaftServerImpl.java:setRole(184)) - 73b959bd-e3af-4247-b02b-6987bacc6720@group-FF494030CC0C: changes role from  FOLLOWER to FOLLOWER at term 8 for recognizeCandidate:1e780629-3013-4910-b058-82bfaeb575a6
2019-10-23 22:25:51,491 [grpc-default-executor-2] INFO  impl.RoleInfo (RoleInfo.java:shutdownFollowerState(121)) - 22d85afd-4d4f-492d-93d6-f244982d2d2b: shutdown FollowerState
2019-10-23 22:25:51,491 [grpc-default-executor-3] INFO  impl.RoleInfo (RoleInfo.java:shutdownFollowerState(121)) - 73b959bd-e3af-4247-b02b-6987bacc6720: shutdown FollowerState
2019-10-23 22:25:51,492 [grpc-default-executor-2] INFO  impl.RoleInfo (RoleInfo.java:updateAndGet(143)) - 22d85afd-4d4f-492d-93d6-f244982d2d2b: start FollowerState
2019-10-23 22:25:51,492 [Thread-584] INFO  impl.FollowerState (FollowerState.java:run(117)) - 22d85afd-4d4f-492d-93d6-f244982d2d2b@group-FF494030CC0C-FollowerState was interrupted: java.lang.InterruptedException: sleep interrupted
2019-10-23 22:25:51,492 [Thread-583] INFO  impl.FollowerState (FollowerState.java:run(117)) - 73b959bd-e3af-4247-b02b-6987bacc6720@group-FF494030CC0C-FollowerState was interrupted: java.lang.InterruptedException: sleep interrupted
2019-10-23 22:25:51,492 [grpc-default-executor-3] INFO  impl.RoleInfo (RoleInfo.java:updateAndGet(143)) - 73b959bd-e3af-4247-b02b-6987bacc6720: start FollowerState
2019-10-23 22:25:51,495 [java.util.concurrent.ThreadPoolExecutor$Worker@3c40f574[State = -1, empty queue]] WARN  server.GrpcLogAppender (GrpcLogAppender.java:timeoutAppendRequest(209)) - 22d85afd-4d4f-492d-93d6-f244982d2d2b@group-FF494030CC0C->1e780629-3013-4910-b058-82bfaeb575a6-GrpcLogAppender: appendEntries Timeout, request=22d85afd-4d4f-492d-93d6-f244982d2d2b->1e780629-3013-4910-b058-82bfaeb575a6#51-t2, previous=(t:2, i:10), leaderCommit=10, initializing? false, entries: <empty>
2019-10-23 22:25:51,500 [1e780629-3013-4910-b058-82bfaeb575a6@group-FF494030CC0C-LeaderElection10] INFO  impl.LeaderElection (LeaderElection.java:logAndReturn(56)) - 1e780629-3013-4910-b058-82bfaeb575a6@group-FF494030CC0C-LeaderElection10: Election REJECTED; received 2 response(s) [1e780629-3013-4910-b058-82bfaeb575a6<-73b959bd-e3af-4247-b02b-6987bacc6720#0:FAIL-t8, 1e780629-3013-4910-b058-82bfaeb575a6<-22d85afd-4d4f-492d-93d6-f244982d2d2b#0:FAIL-t8] and 0 exception(s); 1e780629-3013-4910-b058-82bfaeb575a6@group-FF494030CC0C:t8, leader=null, voted=1e780629-3013-4910-b058-82bfaeb575a6, raftlog=1e780629-3013-4910-b058-82bfaeb575a6@group-FF494030CC0C-SegmentedRaftLog:OPENED:c3,f4,i4, conf=0: [73b959bd-e3af-4247-b02b-6987bacc6720:192.168.34.28:45914, 1e780629-3013-4910-b058-82bfaeb575a6:192.168.34.28:46415, 22d85afd-4d4f-492d-93d6-f244982d2d2b:192.168.34.28:33618], old=null
2019-10-23 22:25:51,500 [1e780629-3013-4910-b058-82bfaeb575a6@group-FF494030CC0C-LeaderElection10] INFO  impl.RaftServerImpl (RaftServerImpl.java:setRole(184)) - 1e780629-3013-4910-b058-82bfaeb575a6@group-FF494030CC0C: changes role from CANDIDATE to FOLLOWER at term 8 for DISCOVERED_A_NEW_TERM
2019-10-23 22:25:51,501 [1e780629-3013-4910-b058-82bfaeb575a6@group-FF494030CC0C-LeaderElection10] INFO  impl.RoleInfo (RoleInfo.java:shutdownLeaderElection(134)) - 1e780629-3013-4910-b058-82bfaeb575a6: shutdown LeaderElection
2019-10-23 22:25:51,502 [1e780629-3013-4910-b058-82bfaeb575a6@group-FF494030CC0C-LeaderElection10] INFO  impl.RoleInfo (RoleInfo.java:updateAndGet(143)) - 1e780629-3013-4910-b058-82bfaeb575a6: start FollowerState
2019-10-23 22:25:51,505 [Thread-591] INFO  impl.FollowerState (FollowerState.java:run(108)) - 1e780629-3013-4910-b058-82bfaeb575a6@group-FF494030CC0C-FollowerState: change to CANDIDATE, lastRpcTime:3ms, electionTimeout:2ms
2019-10-23 22:25:51,506 [Thread-591] INFO  impl.RoleInfo (RoleInfo.java:shutdownFollowerState(121)) - 1e780629-3013-4910-b058-82bfaeb575a6: shutdown FollowerState
2019-10-23 22:25:51,506 [Thread-591] INFO  impl.RaftServerImpl (RaftServerImpl.java:setRole(184)) - 1e780629-3013-4910-b058-82bfaeb575a6@group-FF494030CC0C: changes role from  FOLLOWER to CANDIDATE at term 8 for changeToCandidate
2019-10-23 22:25:51,506 [Thread-591] INFO  impl.RoleInfo (RoleInfo.java:updateAndGet(143)) - 1e780629-3013-4910-b058-82bfaeb575a6: start LeaderElection
2019-10-23 22:25:51,511 [1e780629-3013-4910-b058-82bfaeb575a6@group-FF494030CC0C-LeaderElection11] INFO  impl.LeaderElection (LeaderElection.java:askForVotes(178)) - 1e780629-3013-4910-b058-82bfaeb575a6@group-FF494030CC0C-LeaderElection11: begin an election at term 9 for 0: [73b959bd-e3af-4247-b02b-6987bacc6720:192.168.34.28:45914, 1e780629-3013-4910-b058-82bfaeb575a6:192.168.34.28:46415, 22d85afd-4d4f-492d-93d6-f244982d2d2b:192.168.34.28:33618], old=null
2019-10-23 22:25:51,515 [grpc-default-executor-3] INFO  impl.RaftServerImpl (RaftServerImpl.java:setRole(184)) - 73b959bd-e3af-4247-b02b-6987bacc6720@group-FF494030CC0C: changes role from  FOLLOWER to FOLLOWER at term 9 for recognizeCandidate:1e780629-3013-4910-b058-82bfaeb575a6
2019-10-23 22:25:51,516 [grpc-default-executor-3] INFO  impl.RoleInfo (RoleInfo.java:shutdownFollowerState(121)) - 73b959bd-e3af-4247-b02b-6987bacc6720: shutdown FollowerState
2019-10-23 22:25:51,516 [grpc-default-executor-3] INFO  impl.RoleInfo (RoleInfo.java:updateAndGet(143)) - 73b959bd-e3af-4247-b02b-6987bacc6720: start FollowerState
2019-10-23 22:25:51,516 [grpc-default-executor-2] INFO  impl.RaftServerImpl (RaftServerImpl.java:setRole(184)) - 22d85afd-4d4f-492d-93d6-f244982d2d2b@group-FF494030CC0C: changes role from  FOLLOWER to FOLLOWER at term 9 for recognizeCandidate:1e780629-3013-4910-b058-82bfaeb575a6
2019-10-23 22:25:51,516 [grpc-default-executor-2] INFO  impl.RoleInfo (RoleInfo.java:shutdownFollowerState(121)) - 22d85afd-4d4f-492d-93d6-f244982d2d2b: shutdown FollowerState
2019-10-23 22:25:51,516 [Thread-590] INFO  impl.FollowerState (FollowerState.java:run(117)) - 73b959bd-e3af-4247-b02b-6987bacc6720@group-FF494030CC0C-FollowerState was interrupted: java.lang.InterruptedException: sleep interrupted
2019-10-23 22:25:51,517 [grpc-default-executor-2] INFO  impl.RoleInfo (RoleInfo.java:updateAndGet(143)) - 22d85afd-4d4f-492d-93d6-f244982d2d2b: start FollowerState
2019-10-23 22:25:51,517 [Thread-589] INFO  impl.FollowerState (FollowerState.java:run(117)) - 22d85afd-4d4f-492d-93d6-f244982d2d2b@group-FF494030CC0C-FollowerState was interrupted: java.lang.InterruptedException: sleep interrupted
2019-10-23 22:25:51,523 [1e780629-3013-4910-b058-82bfaeb575a6@group-FF494030CC0C-LeaderElection11] INFO  impl.LeaderElection (LeaderElection.java:logAndReturn(56)) - 1e780629-3013-4910-b058-82bfaeb575a6@group-FF494030CC0C-LeaderElection11: Election REJECTED; received 2 response(s) [1e780629-3013-4910-b058-82bfaeb575a6<-73b959bd-e3af-4247-b02b-6987bacc6720#0:FAIL-t9, 1e780629-3013-4910-b058-82bfaeb575a6<-22d85afd-4d4f-492d-93d6-f244982d2d2b#0:FAIL-t9] and 0 exception(s); 1e780629-3013-4910-b058-82bfaeb575a6@group-FF494030CC0C:t9, leader=null, voted=1e780629-3013-4910-b058-82bfaeb575a6, raftlog=1e780629-3013-4910-b058-82bfaeb575a6@group-FF494030CC0C-SegmentedRaftLog:OPENED:c3,f4,i4, conf=0: [73b959bd-e3af-4247-b02b-6987bacc6720:192.168.34.28:45914, 1e780629-3013-4910-b058-82bfaeb575a6:192.168.34.28:46415, 22d85afd-4d4f-492d-93d6-f244982d2d2b:192.168.34.28:33618], old=null
2019-10-23 22:25:51,523 [1e780629-3013-4910-b058-82bfaeb575a6@group-FF494030CC0C-LeaderElection11] INFO  impl.RaftServerImpl (RaftServerImpl.java:setRole(184)) - 1e780629-3013-4910-b058-82bfaeb575a6@group-FF494030CC0C: changes role from CANDIDATE to FOLLOWER at term 9 for DISCOVERED_A_NEW_TERM
2019-10-23 22:25:51,524 [1e780629-3013-4910-b058-82bfaeb575a6@group-FF494030CC0C-LeaderElection11] INFO  impl.RoleInfo (RoleInfo.java:shutdownLeaderElection(134)) - 1e780629-3013-4910-b058-82bfaeb575a6: shutdown LeaderElection
2019-10-23 22:25:51,525 [1e780629-3013-4910-b058-82bfaeb575a6@group-FF494030CC0C-LeaderElection11] INFO  impl.RoleInfo (RoleInfo.java:updateAndGet(143)) - 1e780629-3013-4910-b058-82bfaeb575a6: start FollowerState
2019-10-23 22:25:51,565 [Thread-597] INFO  impl.FollowerState (FollowerState.java:run(108)) - 1e780629-3013-4910-b058-82bfaeb575a6@group-FF494030CC0C-FollowerState: change to CANDIDATE, lastRpcTime:40ms, electionTimeout:39ms
2019-10-23 22:25:51,566 [Thread-597] INFO  impl.RoleInfo (RoleInfo.java:shutdownFollowerState(121)) - 1e780629-3013-4910-b058-82bfaeb575a6: shutdown FollowerState
2019-10-23 22:25:51,566 [Thread-597] INFO  impl.RaftServerImpl (RaftServerImpl.java:setRole(184)) - 1e780629-3013-4910-b058-82bfaeb575a6@group-FF494030CC0C: changes role from  FOLLOWER to CANDIDATE at term 9 for changeToCandidate
2019-10-23 22:25:51,566 [Thread-597] INFO  impl.RoleInfo (RoleInfo.java:updateAndGet(143)) - 1e780629-3013-4910-b058-82bfaeb575a6: start LeaderElection
2019-10-23 22:25:51,573 [1e780629-3013-4910-b058-82bfaeb575a6@group-FF494030CC0C-LeaderElection12] INFO  impl.LeaderElection (LeaderElection.java:askForVotes(178)) - 1e780629-3013-4910-b058-82bfaeb575a6@group-FF494030CC0C-LeaderElection12: begin an election at term 10 for 0: [73b959bd-e3af-4247-b02b-6987bacc6720:192.168.34.28:45914, 1e780629-3013-4910-b058-82bfaeb575a6:192.168.34.28:46415, 22d85afd-4d4f-492d-93d6-f244982d2d2b:192.168.34.28:33618], old=null
2019-10-23 22:25:51,578 [grpc-default-executor-3] INFO  impl.RaftServerImpl (RaftServerImpl.java:setRole(184)) - 22d85afd-4d4f-492d-93d6-f244982d2d2b@group-FF494030CC0C: changes role from  FOLLOWER to FOLLOWER at term 10 for recognizeCandidate:1e780629-3013-4910-b058-82bfaeb575a6
2019-10-23 22:25:51,578 [grpc-default-executor-2] INFO  impl.RaftServerImpl (RaftServerImpl.java:setRole(184)) - 73b959bd-e3af-4247-b02b-6987bacc6720@group-FF494030CC0C: changes role from  FOLLOWER to FOLLOWER at term 10 for recognizeCandidate:1e780629-3013-4910-b058-82bfaeb575a6
2019-10-23 22:25:51,578 [grpc-default-executor-2] INFO  impl.RoleInfo (RoleInfo.java:shutdownFollowerState(121)) - 73b959bd-e3af-4247-b02b-6987bacc6720: shutdown FollowerState
2019-10-23 22:25:51,578 [grpc-default-executor-3] INFO  impl.RoleInfo (RoleInfo.java:shutdownFollowerState(121)) - 22d85afd-4d4f-492d-93d6-f244982d2d2b: shutdown FollowerState
2019-10-23 22:25:51,578 [Thread-595] INFO  impl.FollowerState (FollowerState.java:run(117)) - 73b959bd-e3af-4247-b02b-6987bacc6720@group-FF494030CC0C-FollowerState was interrupted: java.lang.InterruptedException: sleep interrupted
2019-10-23 22:25:51,578 [grpc-default-executor-2] INFO  impl.RoleInfo (RoleInfo.java:updateAndGet(143)) - 73b959bd-e3af-4247-b02b-6987bacc6720: start FollowerState
2019-10-23 22:25:51,579 [Thread-596] INFO  impl.FollowerState (FollowerState.java:run(117)) - 22d85afd-4d4f-492d-93d6-f244982d2d2b@group-FF494030CC0C-FollowerState was interrupted: java.lang.InterruptedException: sleep interrupted
2019-10-23 22:25:51,579 [grpc-default-executor-3] INFO  impl.RoleInfo (RoleInfo.java:updateAndGet(143)) - 22d85afd-4d4f-492d-93d6-f244982d2d2b: start FollowerState
2019-10-23 22:25:51,585 [BlockDeletingService#2] WARN  background.BlockDeletingService (BlockDeletingService.java:isDeletionAllowed(187)) - Close Container log Index 6 is not replicated across allthe servers in the pipeline d8220d6b-da92-433e-abb5-ff494030cc0c as the min replicated index is 4. Deletion is not allowed in this container yet.
2019-10-23 22:25:51,585 [BlockDeletingService#8] WARN  background.BlockDeletingService (BlockDeletingService.java:isDeletionAllowed(187)) - Close Container log Index 6 is not replicated across allthe servers in the pipeline d8220d6b-da92-433e-abb5-ff494030cc0c as the min replicated index is 4. Deletion is not allowed in this container yet.
2019-10-23 22:25:51,594 [1e780629-3013-4910-b058-82bfaeb575a6@group-FF494030CC0C-LeaderElection12] INFO  impl.LeaderElection (LeaderElection.java:logAndReturn(56)) - 1e780629-3013-4910-b058-82bfaeb575a6@group-FF494030CC0C-LeaderElection12: Election REJECTED; received 2 response(s) [1e780629-3013-4910-b058-82bfaeb575a6<-73b959bd-e3af-4247-b02b-6987bacc6720#0:FAIL-t10, 1e780629-3013-4910-b058-82bfaeb575a6<-22d85afd-4d4f-492d-93d6-f244982d2d2b#0:FAIL-t10] and 0 exception(s); 1e780629-3013-4910-b058-82bfaeb575a6@group-FF494030CC0C:t10, leader=null, voted=1e780629-3013-4910-b058-82bfaeb575a6, raftlog=1e780629-3013-4910-b058-82bfaeb575a6@group-FF494030CC0C-SegmentedRaftLog:OPENED:c3,f4,i4, conf=0: [73b959bd-e3af-4247-b02b-6987bacc6720:192.168.34.28:45914, 1e780629-3013-4910-b058-82bfaeb575a6:192.168.34.28:46415, 22d85afd-4d4f-492d-93d6-f244982d2d2b:192.168.34.28:33618], old=null
2019-10-23 22:25:51,594 [1e780629-3013-4910-b058-82bfaeb575a6@group-FF494030CC0C-LeaderElection12] INFO  impl.RaftServerImpl (RaftServerImpl.java:setRole(184)) - 1e780629-3013-4910-b058-82bfaeb575a6@group-FF494030CC0C: changes role from CANDIDATE to FOLLOWER at term 10 for DISCOVERED_A_NEW_TERM
2019-10-23 22:25:51,594 [1e780629-3013-4910-b058-82bfaeb575a6@group-FF494030CC0C-LeaderElection12] INFO  impl.RoleInfo (RoleInfo.java:shutdownLeaderElection(134)) - 1e780629-3013-4910-b058-82bfaeb575a6: shutdown LeaderElection
2019-10-23 22:25:51,596 [1e780629-3013-4910-b058-82bfaeb575a6@group-FF494030CC0C-LeaderElection12] INFO  impl.RoleInfo (RoleInfo.java:updateAndGet(143)) - 1e780629-3013-4910-b058-82bfaeb575a6: start FollowerState
2019-10-23 22:25:51,706 [Thread-605] INFO  impl.FollowerState (FollowerState.java:run(108)) - 1e780629-3013-4910-b058-82bfaeb575a6@group-FF494030CC0C-FollowerState: change to CANDIDATE, lastRpcTime:110ms, electionTimeout:109ms
2019-10-23 22:25:51,708 [Thread-605] INFO  impl.RoleInfo (RoleInfo.java:shutdownFollowerState(121)) - 1e780629-3013-4910-b058-82bfaeb575a6: shutdown FollowerState
2019-10-23 22:25:51,708 [Thread-605] INFO  impl.RaftServerImpl (RaftServerImpl.java:setRole(184)) - 1e780629-3013-4910-b058-82bfaeb575a6@group-FF494030CC0C: changes role from  FOLLOWER to CANDIDATE at term 10 for changeToCandidate
2019-10-23 22:25:51,709 [Thread-605] INFO  impl.RoleInfo (RoleInfo.java:updateAndGet(143)) - 1e780629-3013-4910-b058-82bfaeb575a6: start LeaderElection
2019-10-23 22:25:51,723 [1e780629-3013-4910-b058-82bfaeb575a6@group-FF494030CC0C-LeaderElection13] INFO  impl.LeaderElection (LeaderElection.java:askForVotes(178)) - 1e780629-3013-4910-b058-82bfaeb575a6@group-FF494030CC0C-LeaderElection13: begin an election at term 11 for 0: [73b959bd-e3af-4247-b02b-6987bacc6720:192.168.34.28:45914, 1e780629-3013-4910-b058-82bfaeb575a6:192.168.34.28:46415, 22d85afd-4d4f-492d-93d6-f244982d2d2b:192.168.34.28:33618], old=null
2019-10-23 22:25:51,729 [grpc-default-executor-3] INFO  impl.RaftServerImpl (RaftServerImpl.java:setRole(184)) - 73b959bd-e3af-4247-b02b-6987bacc6720@group-FF494030CC0C: changes role from  FOLLOWER to FOLLOWER at term 11 for recognizeCandidate:1e780629-3013-4910-b058-82bfaeb575a6
2019-10-23 22:25:51,729 [grpc-default-executor-2] INFO  impl.RaftServerImpl (RaftServerImpl.java:setRole(184)) - 22d85afd-4d4f-492d-93d6-f244982d2d2b@group-FF494030CC0C: changes role from  FOLLOWER to FOLLOWER at term 11 for recognizeCandidate:1e780629-3013-4910-b058-82bfaeb575a6
2019-10-23 22:25:51,729 [grpc-default-executor-3] INFO  impl.RoleInfo (RoleInfo.java:shutdownFollowerState(121)) - 73b959bd-e3af-4247-b02b-6987bacc6720: shutdown FollowerState
2019-10-23 22:25:51,729 [grpc-default-executor-2] INFO  impl.RoleInfo (RoleInfo.java:shutdownFollowerState(121)) - 22d85afd-4d4f-492d-93d6-f244982d2d2b: shutdown FollowerState
2019-10-23 22:25:51,729 [Thread-601] INFO  impl.FollowerState (FollowerState.java:run(117)) - 73b959bd-e3af-4247-b02b-6987bacc6720@group-FF494030CC0C-FollowerState was interrupted: java.lang.InterruptedException: sleep interrupted
2019-10-23 22:25:51,729 [grpc-default-executor-3] INFO  impl.RoleInfo (RoleInfo.java:updateAndGet(143)) - 73b959bd-e3af-4247-b02b-6987bacc6720: start FollowerState
2019-10-23 22:25:51,730 [grpc-default-executor-2] INFO  impl.RoleInfo (RoleInfo.java:updateAndGet(143)) - 22d85afd-4d4f-492d-93d6-f244982d2d2b: start FollowerState
2019-10-23 22:25:51,730 [Thread-602] INFO  impl.FollowerState (FollowerState.java:run(117)) - 22d85afd-4d4f-492d-93d6-f244982d2d2b@group-FF494030CC0C-FollowerState was interrupted: java.lang.InterruptedException: sleep interrupted
2019-10-23 22:25:51,731 [1e780629-3013-4910-b058-82bfaeb575a6@group-FF494030CC0C-LeaderElection13] INFO  impl.LeaderElection (LeaderElection.java:logAndReturn(56)) - 1e780629-3013-4910-b058-82bfaeb575a6@group-FF494030CC0C-LeaderElection13: Election TIMEOUT; received 0 response(s) [] and 0 exception(s); 1e780629-3013-4910-b058-82bfaeb575a6@group-FF494030CC0C:t11, leader=null, voted=1e780629-3013-4910-b058-82bfaeb575a6, raftlog=1e780629-3013-4910-b058-82bfaeb575a6@group-FF494030CC0C-SegmentedRaftLog:OPENED:c3,f4,i4, conf=0: [73b959bd-e3af-4247-b02b-6987bacc6720:192.168.34.28:45914, 1e780629-3013-4910-b058-82bfaeb575a6:192.168.34.28:46415, 22d85afd-4d4f-492d-93d6-f244982d2d2b:192.168.34.28:33618], old=null
2019-10-23 22:25:51,746 [1e780629-3013-4910-b058-82bfaeb575a6@group-FF494030CC0C-LeaderElection13] INFO  impl.LeaderElection (LeaderElection.java:askForVotes(178)) - 1e780629-3013-4910-b058-82bfaeb575a6@group-FF494030CC0C-LeaderElection13: begin an election at term 12 for 0: [73b959bd-e3af-4247-b02b-6987bacc6720:192.168.34.28:45914, 1e780629-3013-4910-b058-82bfaeb575a6:192.168.34.28:46415, 22d85afd-4d4f-492d-93d6-f244982d2d2b:192.168.34.28:33618], old=null
2019-10-23 22:25:51,755 [grpc-default-executor-2] INFO  impl.RaftServerImpl (RaftServerImpl.java:setRole(184)) - 22d85afd-4d4f-492d-93d6-f244982d2d2b@group-FF494030CC0C: changes role from  FOLLOWER to FOLLOWER at term 12 for recognizeCandidate:1e780629-3013-4910-b058-82bfaeb575a6
2019-10-23 22:25:51,756 [grpc-default-executor-3] INFO  impl.RaftServerImpl (RaftServerImpl.java:setRole(184)) - 73b959bd-e3af-4247-b02b-6987bacc6720@group-FF494030CC0C: changes role from  FOLLOWER to FOLLOWER at term 12 for recognizeCandidate:1e780629-3013-4910-b058-82bfaeb575a6
2019-10-23 22:25:51,756 [grpc-default-executor-2] INFO  impl.RoleInfo (RoleInfo.java:shutdownFollowerState(121)) - 22d85afd-4d4f-492d-93d6-f244982d2d2b: shutdown FollowerState
2019-10-23 22:25:51,756 [grpc-default-executor-3] INFO  impl.RoleInfo (RoleInfo.java:shutdownFollowerState(121)) - 73b959bd-e3af-4247-b02b-6987bacc6720: shutdown FollowerState
2019-10-23 22:25:51,756 [grpc-default-executor-2] INFO  impl.RoleInfo (RoleInfo.java:updateAndGet(143)) - 22d85afd-4d4f-492d-93d6-f244982d2d2b: start FollowerState
2019-10-23 22:25:51,756 [Thread-610] INFO  impl.FollowerState (FollowerState.java:run(117)) - 22d85afd-4d4f-492d-93d6-f244982d2d2b@group-FF494030CC0C-FollowerState was interrupted: java.lang.InterruptedException: sleep interrupted
2019-10-23 22:25:51,757 [Thread-609] INFO  impl.FollowerState (FollowerState.java:run(117)) - 73b959bd-e3af-4247-b02b-6987bacc6720@group-FF494030CC0C-FollowerState was interrupted: java.lang.InterruptedException: sleep interrupted
2019-10-23 22:25:51,757 [grpc-default-executor-3] INFO  impl.RoleInfo (RoleInfo.java:updateAndGet(143)) - 73b959bd-e3af-4247-b02b-6987bacc6720: start FollowerState
2019-10-23 22:25:51,775 [1e780629-3013-4910-b058-82bfaeb575a6@group-FF494030CC0C-LeaderElection13] INFO  impl.LeaderElection (LeaderElection.java:logAndReturn(56)) - 1e780629-3013-4910-b058-82bfaeb575a6@group-FF494030CC0C-LeaderElection13: Election REJECTED; received 2 response(s) [1e780629-3013-4910-b058-82bfaeb575a6<-73b959bd-e3af-4247-b02b-6987bacc6720#0:FAIL-t12, 1e780629-3013-4910-b058-82bfaeb575a6<-22d85afd-4d4f-492d-93d6-f244982d2d2b#0:FAIL-t12] and 0 exception(s); 1e780629-3013-4910-b058-82bfaeb575a6@group-FF494030CC0C:t12, leader=null, voted=1e780629-3013-4910-b058-82bfaeb575a6, raftlog=1e780629-3013-4910-b058-82bfaeb575a6@group-FF494030CC0C-SegmentedRaftLog:OPENED:c3,f4,i4, conf=0: [73b959bd-e3af-4247-b02b-6987bacc6720:192.168.34.28:45914, 1e780629-3013-4910-b058-82bfaeb575a6:192.168.34.28:46415, 22d85afd-4d4f-492d-93d6-f244982d2d2b:192.168.34.28:33618], old=null
2019-10-23 22:25:51,775 [1e780629-3013-4910-b058-82bfaeb575a6@group-FF494030CC0C-LeaderElection13] INFO  impl.RaftServerImpl (RaftServerImpl.java:setRole(184)) - 1e780629-3013-4910-b058-82bfaeb575a6@group-FF494030CC0C: changes role from CANDIDATE to FOLLOWER at term 12 for DISCOVERED_A_NEW_TERM
2019-10-23 22:25:51,775 [1e780629-3013-4910-b058-82bfaeb575a6@group-FF494030CC0C-LeaderElection13] INFO  impl.RoleInfo (RoleInfo.java:shutdownLeaderElection(134)) - 1e780629-3013-4910-b058-82bfaeb575a6: shutdown LeaderElection
2019-10-23 22:25:51,776 [1e780629-3013-4910-b058-82bfaeb575a6@group-FF494030CC0C-LeaderElection13] INFO  impl.RoleInfo (RoleInfo.java:updateAndGet(143)) - 1e780629-3013-4910-b058-82bfaeb575a6: start FollowerState
2019-10-23 22:25:51,966 [Thread-616] INFO  impl.FollowerState (FollowerState.java:run(108)) - 1e780629-3013-4910-b058-82bfaeb575a6@group-FF494030CC0C-FollowerState: change to CANDIDATE, lastRpcTime:189ms, electionTimeout:186ms
2019-10-23 22:25:51,967 [Thread-616] INFO  impl.RoleInfo (RoleInfo.java:shutdownFollowerState(121)) - 1e780629-3013-4910-b058-82bfaeb575a6: shutdown FollowerState
2019-10-23 22:25:51,967 [Thread-616] INFO  impl.RaftServerImpl (RaftServerImpl.java:setRole(184)) - 1e780629-3013-4910-b058-82bfaeb575a6@group-FF494030CC0C: changes role from  FOLLOWER to CANDIDATE at term 12 for changeToCandidate
2019-10-23 22:25:51,967 [Thread-616] INFO  impl.RoleInfo (RoleInfo.java:updateAndGet(143)) - 1e780629-3013-4910-b058-82bfaeb575a6: start LeaderElection
2019-10-23 22:25:51,982 [1e780629-3013-4910-b058-82bfaeb575a6@group-FF494030CC0C-LeaderElection14] INFO  impl.LeaderElection (LeaderElection.java:askForVotes(178)) - 1e780629-3013-4910-b058-82bfaeb575a6@group-FF494030CC0C-LeaderElection14: begin an election at term 13 for 0: [73b959bd-e3af-4247-b02b-6987bacc6720:192.168.34.28:45914, 1e780629-3013-4910-b058-82bfaeb575a6:192.168.34.28:46415, 22d85afd-4d4f-492d-93d6-f244982d2d2b:192.168.34.28:33618], old=null
2019-10-23 22:25:51,985 [grpc-default-executor-2] INFO  impl.RaftServerImpl (RaftServerImpl.java:setRole(184)) - 73b959bd-e3af-4247-b02b-6987bacc6720@group-FF494030CC0C: changes role from  FOLLOWER to FOLLOWER at term 13 for recognizeCandidate:1e780629-3013-4910-b058-82bfaeb575a6
2019-10-23 22:25:51,985 [grpc-default-executor-3] INFO  impl.RaftServerImpl (RaftServerImpl.java:setRole(184)) - 22d85afd-4d4f-492d-93d6-f244982d2d2b@group-FF494030CC0C: changes role from  FOLLOWER to FOLLOWER at term 13 for recognizeCandidate:1e780629-3013-4910-b058-82bfaeb575a6
2019-10-23 22:25:51,985 [grpc-default-executor-2] INFO  impl.RoleInfo (RoleInfo.java:shutdownFollowerState(121)) - 73b959bd-e3af-4247-b02b-6987bacc6720: shutdown FollowerState
2019-10-23 22:25:51,986 [grpc-default-executor-3] INFO  impl.RoleInfo (RoleInfo.java:shutdownFollowerState(121)) - 22d85afd-4d4f-492d-93d6-f244982d2d2b: shutdown FollowerState
2019-10-23 22:25:51,986 [Thread-614] INFO  impl.FollowerState (FollowerState.java:run(117)) - 73b959bd-e3af-4247-b02b-6987bacc6720@group-FF494030CC0C-FollowerState was interrupted: java.lang.InterruptedException: sleep interrupted
2019-10-23 22:25:51,986 [grpc-default-executor-2] INFO  impl.RoleInfo (RoleInfo.java:updateAndGet(143)) - 73b959bd-e3af-4247-b02b-6987bacc6720: start FollowerState
2019-10-23 22:25:51,986 [Thread-613] INFO  impl.FollowerState (FollowerState.java:run(117)) - 22d85afd-4d4f-492d-93d6-f244982d2d2b@group-FF494030CC0C-FollowerState was interrupted: java.lang.InterruptedException: sleep interrupted
2019-10-23 22:25:51,986 [grpc-default-executor-3] INFO  impl.RoleInfo (RoleInfo.java:updateAndGet(143)) - 22d85afd-4d4f-492d-93d6-f244982d2d2b: start FollowerState
2019-10-23 22:25:52,009 [1e780629-3013-4910-b058-82bfaeb575a6@group-FF494030CC0C-LeaderElection14] INFO  impl.LeaderElection (LeaderElection.java:logAndReturn(56)) - 1e780629-3013-4910-b058-82bfaeb575a6@group-FF494030CC0C-LeaderElection14: Election REJECTED; received 2 response(s) [1e780629-3013-4910-b058-82bfaeb575a6<-73b959bd-e3af-4247-b02b-6987bacc6720#0:FAIL-t13, 1e780629-3013-4910-b058-82bfaeb575a6<-22d85afd-4d4f-492d-93d6-f244982d2d2b#0:FAIL-t13] and 0 exception(s); 1e780629-3013-4910-b058-82bfaeb575a6@group-FF494030CC0C:t13, leader=null, voted=1e780629-3013-4910-b058-82bfaeb575a6, raftlog=1e780629-3013-4910-b058-82bfaeb575a6@group-FF494030CC0C-SegmentedRaftLog:OPENED:c3,f4,i4, conf=0: [73b959bd-e3af-4247-b02b-6987bacc6720:192.168.34.28:45914, 1e780629-3013-4910-b058-82bfaeb575a6:192.168.34.28:46415, 22d85afd-4d4f-492d-93d6-f244982d2d2b:192.168.34.28:33618], old=null
2019-10-23 22:25:52,012 [1e780629-3013-4910-b058-82bfaeb575a6@group-FF494030CC0C-LeaderElection14] INFO  impl.RaftServerImpl (RaftServerImpl.java:setRole(184)) - 1e780629-3013-4910-b058-82bfaeb575a6@group-FF494030CC0C: changes role from CANDIDATE to FOLLOWER at term 13 for DISCOVERED_A_NEW_TERM
2019-10-23 22:25:52,012 [1e780629-3013-4910-b058-82bfaeb575a6@group-FF494030CC0C-LeaderElection14] INFO  impl.RoleInfo (RoleInfo.java:shutdownLeaderElection(134)) - 1e780629-3013-4910-b058-82bfaeb575a6: shutdown LeaderElection
2019-10-23 22:25:52,012 [1e780629-3013-4910-b058-82bfaeb575a6@group-FF494030CC0C-LeaderElection14] INFO  impl.RoleInfo (RoleInfo.java:updateAndGet(143)) - 1e780629-3013-4910-b058-82bfaeb575a6: start FollowerState
2019-10-23 22:25:52,016 [Thread-624] INFO  client.GrpcClientProtocolService (GrpcClientProtocolService.java:lambda$processClientRequest$0(278)) - Failed RaftClientRequest:client-13138D705F93->1e780629-3013-4910-b058-82bfaeb575a6@group-FF494030CC0C, cid=10, seq=0, Watch-ALL_COMMITTED(6), Message:<EMPTY>, reply=RaftClientReply:client-13138D705F93->1e780629-3013-4910-b058-82bfaeb575a6@group-FF494030CC0C, cid=10, FAILED org.apache.ratis.protocol.NotLeaderException: Server 1e780629-3013-4910-b058-82bfaeb575a6@group-FF494030CC0C is not the leader, logIndex=0, commits[1e780629-3013-4910-b058-82bfaeb575a6:c3]
2019-10-23 22:25:52,083 [Thread-623] INFO  impl.FollowerState (FollowerState.java:run(108)) - 1e780629-3013-4910-b058-82bfaeb575a6@group-FF494030CC0C-FollowerState: change to CANDIDATE, lastRpcTime:70ms, electionTimeout:70ms
2019-10-23 22:25:52,083 [Thread-623] INFO  impl.RoleInfo (RoleInfo.java:shutdownFollowerState(121)) - 1e780629-3013-4910-b058-82bfaeb575a6: shutdown FollowerState
2019-10-23 22:25:52,083 [Thread-623] INFO  impl.RaftServerImpl (RaftServerImpl.java:setRole(184)) - 1e780629-3013-4910-b058-82bfaeb575a6@group-FF494030CC0C: changes role from  FOLLOWER to CANDIDATE at term 13 for changeToCandidate
2019-10-23 22:25:52,083 [Thread-623] INFO  impl.RoleInfo (RoleInfo.java:updateAndGet(143)) - 1e780629-3013-4910-b058-82bfaeb575a6: start LeaderElection
2019-10-23 22:25:52,099 [1e780629-3013-4910-b058-82bfaeb575a6@group-FF494030CC0C-LeaderElection15] INFO  impl.LeaderElection (LeaderElection.java:askForVotes(178)) - 1e780629-3013-4910-b058-82bfaeb575a6@group-FF494030CC0C-LeaderElection15: begin an election at term 14 for 0: [73b959bd-e3af-4247-b02b-6987bacc6720:192.168.34.28:45914, 1e780629-3013-4910-b058-82bfaeb575a6:192.168.34.28:46415, 22d85afd-4d4f-492d-93d6-f244982d2d2b:192.168.34.28:33618], old=null
2019-10-23 22:25:52,102 [grpc-default-executor-5] INFO  impl.RaftServerImpl (RaftServerImpl.java:setRole(184)) - 73b959bd-e3af-4247-b02b-6987bacc6720@group-FF494030CC0C: changes role from  FOLLOWER to FOLLOWER at term 14 for recognizeCandidate:1e780629-3013-4910-b058-82bfaeb575a6
2019-10-23 22:25:52,102 [grpc-default-executor-2] INFO  impl.RaftServerImpl (RaftServerImpl.java:setRole(184)) - 22d85afd-4d4f-492d-93d6-f244982d2d2b@group-FF494030CC0C: changes role from  FOLLOWER to FOLLOWER at term 14 for recognizeCandidate:1e780629-3013-4910-b058-82bfaeb575a6
2019-10-23 22:25:52,102 [grpc-default-executor-5] INFO  impl.RoleInfo (RoleInfo.java:shutdownFollowerState(121)) - 73b959bd-e3af-4247-b02b-6987bacc6720: shutdown FollowerState
2019-10-23 22:25:52,103 [grpc-default-executor-2] INFO  impl.RoleInfo (RoleInfo.java:shutdownFollowerState(121)) - 22d85afd-4d4f-492d-93d6-f244982d2d2b: shutdown FollowerState
2019-10-23 22:25:52,103 [Thread-620] INFO  impl.FollowerState (FollowerState.java:run(117)) - 73b959bd-e3af-4247-b02b-6987bacc6720@group-FF494030CC0C-FollowerState was interrupted: java.lang.InterruptedException: sleep interrupted
2019-10-23 22:25:52,103 [grpc-default-executor-5] INFO  impl.RoleInfo (RoleInfo.java:updateAndGet(143)) - 73b959bd-e3af-4247-b02b-6987bacc6720: start FollowerState
2019-10-23 22:25:52,103 [Thread-621] INFO  impl.FollowerState (FollowerState.java:run(117)) - 22d85afd-4d4f-492d-93d6-f244982d2d2b@group-FF494030CC0C-FollowerState was interrupted: java.lang.InterruptedException: sleep interrupted
2019-10-23 22:25:52,103 [grpc-default-executor-2] INFO  impl.RoleInfo (RoleInfo.java:updateAndGet(143)) - 22d85afd-4d4f-492d-93d6-f244982d2d2b: start FollowerState
2019-10-23 22:25:52,123 [1e780629-3013-4910-b058-82bfaeb575a6@group-FF494030CC0C-LeaderElection15] INFO  impl.LeaderElection (LeaderElection.java:logAndReturn(56)) - 1e780629-3013-4910-b058-82bfaeb575a6@group-FF494030CC0C-LeaderElection15: Election REJECTED; received 2 response(s) [1e780629-3013-4910-b058-82bfaeb575a6<-73b959bd-e3af-4247-b02b-6987bacc6720#0:FAIL-t14, 1e780629-3013-4910-b058-82bfaeb575a6<-22d85afd-4d4f-492d-93d6-f244982d2d2b#0:FAIL-t14] and 0 exception(s); 1e780629-3013-4910-b058-82bfaeb575a6@group-FF494030CC0C:t14, leader=null, voted=1e780629-3013-4910-b058-82bfaeb575a6, raftlog=1e780629-3013-4910-b058-82bfaeb575a6@group-FF494030CC0C-SegmentedRaftLog:OPENED:c3,f4,i4, conf=0: [73b959bd-e3af-4247-b02b-6987bacc6720:192.168.34.28:45914, 1e780629-3013-4910-b058-82bfaeb575a6:192.168.34.28:46415, 22d85afd-4d4f-492d-93d6-f244982d2d2b:192.168.34.28:33618], old=null
2019-10-23 22:25:52,123 [1e780629-3013-4910-b058-82bfaeb575a6@group-FF494030CC0C-LeaderElection15] INFO  impl.RaftServerImpl (RaftServerImpl.java:setRole(184)) - 1e780629-3013-4910-b058-82bfaeb575a6@group-FF494030CC0C: changes role from CANDIDATE to FOLLOWER at term 14 for DISCOVERED_A_NEW_TERM
2019-10-23 22:25:52,123 [1e780629-3013-4910-b058-82bfaeb575a6@group-FF494030CC0C-LeaderElection15] INFO  impl.RoleInfo (RoleInfo.java:shutdownLeaderElection(134)) - 1e780629-3013-4910-b058-82bfaeb575a6: shutdown LeaderElection
2019-10-23 22:25:52,123 [1e780629-3013-4910-b058-82bfaeb575a6@group-FF494030CC0C-LeaderElection15] INFO  impl.RoleInfo (RoleInfo.java:updateAndGet(143)) - 1e780629-3013-4910-b058-82bfaeb575a6: start FollowerState
2019-10-23 22:25:52,131 [Thread-631] INFO  impl.FollowerState (FollowerState.java:run(108)) - 1e780629-3013-4910-b058-82bfaeb575a6@group-FF494030CC0C-FollowerState: change to CANDIDATE, lastRpcTime:7ms, electionTimeout:7ms
2019-10-23 22:25:52,131 [Thread-631] INFO  impl.RoleInfo (RoleInfo.java:shutdownFollowerState(121)) - 1e780629-3013-4910-b058-82bfaeb575a6: shutdown FollowerState
2019-10-23 22:25:52,131 [Thread-631] INFO  impl.RaftServerImpl (RaftServerImpl.java:setRole(184)) - 1e780629-3013-4910-b058-82bfaeb575a6@group-FF494030CC0C: changes role from  FOLLOWER to CANDIDATE at term 14 for changeToCandidate
2019-10-23 22:25:52,131 [Thread-631] INFO  impl.RoleInfo (RoleInfo.java:updateAndGet(143)) - 1e780629-3013-4910-b058-82bfaeb575a6: start LeaderElection
2019-10-23 22:25:52,138 [1e780629-3013-4910-b058-82bfaeb575a6@group-FF494030CC0C-LeaderElection16] INFO  impl.LeaderElection (LeaderElection.java:askForVotes(178)) - 1e780629-3013-4910-b058-82bfaeb575a6@group-FF494030CC0C-LeaderElection16: begin an election at term 15 for 0: [73b959bd-e3af-4247-b02b-6987bacc6720:192.168.34.28:45914, 1e780629-3013-4910-b058-82bfaeb575a6:192.168.34.28:46415, 22d85afd-4d4f-492d-93d6-f244982d2d2b:192.168.34.28:33618], old=null
2019-10-23 22:25:52,141 [grpc-default-executor-2] INFO  impl.RaftServerImpl (RaftServerImpl.java:setRole(184)) - 73b959bd-e3af-4247-b02b-6987bacc6720@group-FF494030CC0C: changes role from  FOLLOWER to FOLLOWER at term 15 for recognizeCandidate:1e780629-3013-4910-b058-82bfaeb575a6
2019-10-23 22:25:52,141 [grpc-default-executor-5] INFO  impl.RaftServerImpl (RaftServerImpl.java:setRole(184)) - 22d85afd-4d4f-492d-93d6-f244982d2d2b@group-FF494030CC0C: changes role from  FOLLOWER to FOLLOWER at term 15 for recognizeCandidate:1e780629-3013-4910-b058-82bfaeb575a6
2019-10-23 22:25:52,141 [grpc-default-executor-2] INFO  impl.RoleInfo (RoleInfo.java:shutdownFollowerState(121)) - 73b959bd-e3af-4247-b02b-6987bacc6720: shutdown FollowerState
2019-10-23 22:25:52,141 [grpc-default-executor-5] INFO  impl.RoleInfo (RoleInfo.java:shutdownFollowerState(121)) - 22d85afd-4d4f-492d-93d6-f244982d2d2b: shutdown FollowerState
2019-10-23 22:25:52,141 [grpc-default-executor-2] INFO  impl.RoleInfo (RoleInfo.java:updateAndGet(143)) - 73b959bd-e3af-4247-b02b-6987bacc6720: start FollowerState
2019-10-23 22:25:52,141 [Thread-629] INFO  impl.FollowerState (FollowerState.java:run(117)) - 73b959bd-e3af-4247-b02b-6987bacc6720@group-FF494030CC0C-FollowerState was interrupted: java.lang.InterruptedException: sleep interrupted
2019-10-23 22:25:52,141 [grpc-default-executor-5] INFO  impl.RoleInfo (RoleInfo.java:updateAndGet(143)) - 22d85afd-4d4f-492d-93d6-f244982d2d2b: start FollowerState
2019-10-23 22:25:52,141 [Thread-630] INFO  impl.FollowerState (FollowerState.java:run(117)) - 22d85afd-4d4f-492d-93d6-f244982d2d2b@group-FF494030CC0C-FollowerState was interrupted: java.lang.InterruptedException: sleep interrupted
2019-10-23 22:25:52,155 [1e780629-3013-4910-b058-82bfaeb575a6@group-FF494030CC0C-LeaderElection16] INFO  impl.LeaderElection (LeaderElection.java:logAndReturn(56)) - 1e780629-3013-4910-b058-82bfaeb575a6@group-FF494030CC0C-LeaderElection16: Election REJECTED; received 2 response(s) [1e780629-3013-4910-b058-82bfaeb575a6<-73b959bd-e3af-4247-b02b-6987bacc6720#0:FAIL-t15, 1e780629-3013-4910-b058-82bfaeb575a6<-22d85afd-4d4f-492d-93d6-f244982d2d2b#0:FAIL-t15] and 0 exception(s); 1e780629-3013-4910-b058-82bfaeb575a6@group-FF494030CC0C:t15, leader=null, voted=1e780629-3013-4910-b058-82bfaeb575a6, raftlog=1e780629-3013-4910-b058-82bfaeb575a6@group-FF494030CC0C-SegmentedRaftLog:OPENED:c3,f4,i4, conf=0: [73b959bd-e3af-4247-b02b-6987bacc6720:192.168.34.28:45914, 1e780629-3013-4910-b058-82bfaeb575a6:192.168.34.28:46415, 22d85afd-4d4f-492d-93d6-f244982d2d2b:192.168.34.28:33618], old=null
2019-10-23 22:25:52,155 [1e780629-3013-4910-b058-82bfaeb575a6@group-FF494030CC0C-LeaderElection16] INFO  impl.RaftServerImpl (RaftServerImpl.java:setRole(184)) - 1e780629-3013-4910-b058-82bfaeb575a6@group-FF494030CC0C: changes role from CANDIDATE to FOLLOWER at term 15 for DISCOVERED_A_NEW_TERM
2019-10-23 22:25:52,155 [1e780629-3013-4910-b058-82bfaeb575a6@group-FF494030CC0C-LeaderElection16] INFO  impl.RoleInfo (RoleInfo.java:shutdownLeaderElection(134)) - 1e780629-3013-4910-b058-82bfaeb575a6: shutdown LeaderElection
2019-10-23 22:25:52,155 [1e780629-3013-4910-b058-82bfaeb575a6@group-FF494030CC0C-LeaderElection16] INFO  impl.RoleInfo (RoleInfo.java:updateAndGet(143)) - 1e780629-3013-4910-b058-82bfaeb575a6: start FollowerState
2019-10-23 22:25:52,264 [pool-7-thread-2] INFO  commands.RetriableDatanodeEventWatcher (RetriableDatanodeEventWatcher.java:onTimeout(47)) - RetriableDatanodeCommand type=deleteBlocksCommand with id=1571869548260 timed out. Retrying.
2019-10-23 22:25:52,264 [pool-7-thread-3] INFO  commands.RetriableDatanodeEventWatcher (RetriableDatanodeEventWatcher.java:onTimeout(47)) - RetriableDatanodeCommand type=deleteBlocksCommand with id=1571869548263 timed out. Retrying.
2019-10-23 22:25:52,264 [pool-7-thread-4] INFO  commands.RetriableDatanodeEventWatcher (RetriableDatanodeEventWatcher.java:onTimeout(47)) - RetriableDatanodeCommand type=deleteBlocksCommand with id=1571869548264 timed out. Retrying.
2019-10-23 22:25:52,265 [pool-7-thread-1] INFO  commands.RetriableDatanodeEventWatcher (RetriableDatanodeEventWatcher.java:onTimeout(47)) - RetriableDatanodeCommand type=deleteBlocksCommand with id=1571869548262 timed out. Retrying.
2019-10-23 22:25:52,266 [SCMBlockDeletingService#0] INFO  block.SCMBlockDeletingService (SCMBlockDeletingService.java:call(184)) - Totally added 1 delete blocks command for 1 datanodes, task elapsed time: 2ms
2019-10-23 22:25:52,303 [Thread-637] INFO  impl.FollowerState (FollowerState.java:run(108)) - 1e780629-3013-4910-b058-82bfaeb575a6@group-FF494030CC0C-FollowerState: change to CANDIDATE, lastRpcTime:147ms, electionTimeout:147ms
2019-10-23 22:25:52,303 [Thread-637] INFO  impl.RoleInfo (RoleInfo.java:shutdownFollowerState(121)) - 1e780629-3013-4910-b058-82bfaeb575a6: shutdown FollowerState
2019-10-23 22:25:52,303 [Thread-637] INFO  impl.RaftServerImpl (RaftServerImpl.java:setRole(184)) - 1e780629-3013-4910-b058-82bfaeb575a6@group-FF494030CC0C: changes role from  FOLLOWER to CANDIDATE at term 15 for changeToCandidate
2019-10-23 22:25:52,303 [Thread-637] INFO  impl.RoleInfo (RoleInfo.java:updateAndGet(143)) - 1e780629-3013-4910-b058-82bfaeb575a6: start LeaderElection
2019-10-23 22:25:52,317 [1e780629-3013-4910-b058-82bfaeb575a6@group-FF494030CC0C-LeaderElection17] INFO  impl.LeaderElection (LeaderElection.java:askForVotes(178)) - 1e780629-3013-4910-b058-82bfaeb575a6@group-FF494030CC0C-LeaderElection17: begin an election at term 16 for 0: [73b959bd-e3af-4247-b02b-6987bacc6720:192.168.34.28:45914, 1e780629-3013-4910-b058-82bfaeb575a6:192.168.34.28:46415, 22d85afd-4d4f-492d-93d6-f244982d2d2b:192.168.34.28:33618], old=null
2019-10-23 22:25:52,320 [grpc-default-executor-2] INFO  impl.RaftServerImpl (RaftServerImpl.java:setRole(184)) - 73b959bd-e3af-4247-b02b-6987bacc6720@group-FF494030CC0C: changes role from  FOLLOWER to FOLLOWER at term 16 for recognizeCandidate:1e780629-3013-4910-b058-82bfaeb575a6
2019-10-23 22:25:52,320 [grpc-default-executor-2] INFO  impl.RoleInfo (RoleInfo.java:shutdownFollowerState(121)) - 73b959bd-e3af-4247-b02b-6987bacc6720: shutdown FollowerState
2019-10-23 22:25:52,320 [grpc-default-executor-2] INFO  impl.RoleInfo (RoleInfo.java:updateAndGet(143)) - 73b959bd-e3af-4247-b02b-6987bacc6720: start FollowerState
2019-10-23 22:25:52,320 [grpc-default-executor-5] INFO  impl.RaftServerImpl (RaftServerImpl.java:setRole(184)) - 22d85afd-4d4f-492d-93d6-f244982d2d2b@group-FF494030CC0C: changes role from  FOLLOWER to FOLLOWER at term 16 for recognizeCandidate:1e780629-3013-4910-b058-82bfaeb575a6
2019-10-23 22:25:52,320 [Thread-635] INFO  impl.FollowerState (FollowerState.java:run(117)) - 73b959bd-e3af-4247-b02b-6987bacc6720@group-FF494030CC0C-FollowerState was interrupted: java.lang.InterruptedException: sleep interrupted
2019-10-23 22:25:52,321 [grpc-default-executor-5] INFO  impl.RoleInfo (RoleInfo.java:shutdownFollowerState(121)) - 22d85afd-4d4f-492d-93d6-f244982d2d2b: shutdown FollowerState
2019-10-23 22:25:52,321 [Thread-636] INFO  impl.FollowerState (FollowerState.java:run(117)) - 22d85afd-4d4f-492d-93d6-f244982d2d2b@group-FF494030CC0C-FollowerState was interrupted: java.lang.InterruptedException: sleep interrupted
2019-10-23 22:25:52,321 [grpc-default-executor-5] INFO  impl.RoleInfo (RoleInfo.java:updateAndGet(143)) - 22d85afd-4d4f-492d-93d6-f244982d2d2b: start FollowerState
2019-10-23 22:25:52,335 [1e780629-3013-4910-b058-82bfaeb575a6@group-FF494030CC0C-LeaderElection17] INFO  impl.LeaderElection (LeaderElection.java:logAndReturn(56)) - 1e780629-3013-4910-b058-82bfaeb575a6@group-FF494030CC0C-LeaderElection17: Election REJECTED; received 2 response(s) [1e780629-3013-4910-b058-82bfaeb575a6<-73b959bd-e3af-4247-b02b-6987bacc6720#0:FAIL-t16, 1e780629-3013-4910-b058-82bfaeb575a6<-22d85afd-4d4f-492d-93d6-f244982d2d2b#0:FAIL-t16] and 0 exception(s); 1e780629-3013-4910-b058-82bfaeb575a6@group-FF494030CC0C:t16, leader=null, voted=1e780629-3013-4910-b058-82bfaeb575a6, raftlog=1e780629-3013-4910-b058-82bfaeb575a6@group-FF494030CC0C-SegmentedRaftLog:OPENED:c3,f4,i4, conf=0: [73b959bd-e3af-4247-b02b-6987bacc6720:192.168.34.28:45914, 1e780629-3013-4910-b058-82bfaeb575a6:192.168.34.28:46415, 22d85afd-4d4f-492d-93d6-f244982d2d2b:192.168.34.28:33618], old=null
2019-10-23 22:25:52,336 [1e780629-3013-4910-b058-82bfaeb575a6@group-FF494030CC0C-LeaderElection17] INFO  impl.RaftServerImpl (RaftServerImpl.java:setRole(184)) - 1e780629-3013-4910-b058-82bfaeb575a6@group-FF494030CC0C: changes role from CANDIDATE to FOLLOWER at term 16 for DISCOVERED_A_NEW_TERM
2019-10-23 22:25:52,336 [1e780629-3013-4910-b058-82bfaeb575a6@group-FF494030CC0C-LeaderElection17] INFO  impl.RoleInfo (RoleInfo.java:shutdownLeaderElection(134)) - 1e780629-3013-4910-b058-82bfaeb575a6: shutdown LeaderElection
2019-10-23 22:25:52,336 [1e780629-3013-4910-b058-82bfaeb575a6@group-FF494030CC0C-LeaderElection17] INFO  impl.RoleInfo (RoleInfo.java:updateAndGet(143)) - 1e780629-3013-4910-b058-82bfaeb575a6: start FollowerState
2019-10-23 22:25:52,426 [Thread-643] INFO  impl.FollowerState (FollowerState.java:run(108)) - 1e780629-3013-4910-b058-82bfaeb575a6@group-FF494030CC0C-FollowerState: change to CANDIDATE, lastRpcTime:90ms, electionTimeout:90ms
2019-10-23 22:25:52,426 [Thread-643] INFO  impl.RoleInfo (RoleInfo.java:shutdownFollowerState(121)) - 1e780629-3013-4910-b058-82bfaeb575a6: shutdown FollowerState
2019-10-23 22:25:52,427 [Thread-643] INFO  impl.RaftServerImpl (RaftServerImpl.java:setRole(184)) - 1e780629-3013-4910-b058-82bfaeb575a6@group-FF494030CC0C: changes role from  FOLLOWER to CANDIDATE at term 16 for changeToCandidate
2019-10-23 22:25:52,427 [Thread-643] INFO  impl.RoleInfo (RoleInfo.java:updateAndGet(143)) - 1e780629-3013-4910-b058-82bfaeb575a6: start LeaderElection
2019-10-23 22:25:52,441 [1e780629-3013-4910-b058-82bfaeb575a6@group-FF494030CC0C-LeaderElection18] INFO  impl.LeaderElection (LeaderElection.java:askForVotes(178)) - 1e780629-3013-4910-b058-82bfaeb575a6@group-FF494030CC0C-LeaderElection18: begin an election at term 17 for 0: [73b959bd-e3af-4247-b02b-6987bacc6720:192.168.34.28:45914, 1e780629-3013-4910-b058-82bfaeb575a6:192.168.34.28:46415, 22d85afd-4d4f-492d-93d6-f244982d2d2b:192.168.34.28:33618], old=null
2019-10-23 22:25:52,444 [grpc-default-executor-2] INFO  impl.RaftServerImpl (RaftServerImpl.java:setRole(184)) - 73b959bd-e3af-4247-b02b-6987bacc6720@group-FF494030CC0C: changes role from  FOLLOWER to FOLLOWER at term 17 for recognizeCandidate:1e780629-3013-4910-b058-82bfaeb575a6
2019-10-23 22:25:52,444 [grpc-default-executor-5] INFO  impl.RaftServerImpl (RaftServerImpl.java:setRole(184)) - 22d85afd-4d4f-492d-93d6-f244982d2d2b@group-FF494030CC0C: changes role from  FOLLOWER to FOLLOWER at term 17 for recognizeCandidate:1e780629-3013-4910-b058-82bfaeb575a6
2019-10-23 22:25:52,444 [grpc-default-executor-2] INFO  impl.RoleInfo (RoleInfo.java:shutdownFollowerState(121)) - 73b959bd-e3af-4247-b02b-6987bacc6720: shutdown FollowerState
2019-10-23 22:25:52,444 [grpc-default-executor-5] INFO  impl.RoleInfo (RoleInfo.java:shutdownFollowerState(121)) - 22d85afd-4d4f-492d-93d6-f244982d2d2b: shutdown FollowerState
2019-10-23 22:25:52,444 [Thread-641] INFO  impl.FollowerState (FollowerState.java:run(117)) - 73b959bd-e3af-4247-b02b-6987bacc6720@group-FF494030CC0C-FollowerState was interrupted: java.lang.InterruptedException: sleep interrupted
2019-10-23 22:25:52,444 [grpc-default-executor-2] INFO  impl.RoleInfo (RoleInfo.java:updateAndGet(143)) - 73b959bd-e3af-4247-b02b-6987bacc6720: start FollowerState
2019-10-23 22:25:52,444 [Thread-642] INFO  impl.FollowerState (FollowerState.java:run(117)) - 22d85afd-4d4f-492d-93d6-f244982d2d2b@group-FF494030CC0C-FollowerState was interrupted: java.lang.InterruptedException: sleep interrupted
2019-10-23 22:25:52,444 [grpc-default-executor-5] INFO  impl.RoleInfo (RoleInfo.java:updateAndGet(143)) - 22d85afd-4d4f-492d-93d6-f244982d2d2b: start FollowerState
2019-10-23 22:25:52,458 [1e780629-3013-4910-b058-82bfaeb575a6@group-FF494030CC0C-LeaderElection18] INFO  impl.LeaderElection (LeaderElection.java:logAndReturn(56)) - 1e780629-3013-4910-b058-82bfaeb575a6@group-FF494030CC0C-LeaderElection18: Election TIMEOUT; received 0 response(s) [] and 0 exception(s); 1e780629-3013-4910-b058-82bfaeb575a6@group-FF494030CC0C:t17, leader=null, voted=1e780629-3013-4910-b058-82bfaeb575a6, raftlog=1e780629-3013-4910-b058-82bfaeb575a6@group-FF494030CC0C-SegmentedRaftLog:OPENED:c3,f4,i4, conf=0: [73b959bd-e3af-4247-b02b-6987bacc6720:192.168.34.28:45914, 1e780629-3013-4910-b058-82bfaeb575a6:192.168.34.28:46415, 22d85afd-4d4f-492d-93d6-f244982d2d2b:192.168.34.28:33618], old=null
2019-10-23 22:25:52,472 [1e780629-3013-4910-b058-82bfaeb575a6@group-FF494030CC0C-LeaderElection18] INFO  impl.LeaderElection (LeaderElection.java:askForVotes(178)) - 1e780629-3013-4910-b058-82bfaeb575a6@group-FF494030CC0C-LeaderElection18: begin an election at term 18 for 0: [73b959bd-e3af-4247-b02b-6987bacc6720:192.168.34.28:45914, 1e780629-3013-4910-b058-82bfaeb575a6:192.168.34.28:46415, 22d85afd-4d4f-492d-93d6-f244982d2d2b:192.168.34.28:33618], old=null
2019-10-23 22:25:52,475 [grpc-default-executor-2] INFO  impl.RaftServerImpl (RaftServerImpl.java:setRole(184)) - 73b959bd-e3af-4247-b02b-6987bacc6720@group-FF494030CC0C: changes role from  FOLLOWER to FOLLOWER at term 18 for recognizeCandidate:1e780629-3013-4910-b058-82bfaeb575a6
2019-10-23 22:25:52,475 [grpc-default-executor-5] INFO  impl.RaftServerImpl (RaftServerImpl.java:setRole(184)) - 22d85afd-4d4f-492d-93d6-f244982d2d2b@group-FF494030CC0C: changes role from  FOLLOWER to FOLLOWER at term 18 for recognizeCandidate:1e780629-3013-4910-b058-82bfaeb575a6
2019-10-23 22:25:52,475 [grpc-default-executor-2] INFO  impl.RoleInfo (RoleInfo.java:shutdownFollowerState(121)) - 73b959bd-e3af-4247-b02b-6987bacc6720: shutdown FollowerState
2019-10-23 22:25:52,476 [grpc-default-executor-5] INFO  impl.RoleInfo (RoleInfo.java:shutdownFollowerState(121)) - 22d85afd-4d4f-492d-93d6-f244982d2d2b: shutdown FollowerState
2019-10-23 22:25:52,476 [Thread-647] INFO  impl.FollowerState (FollowerState.java:run(117)) - 73b959bd-e3af-4247-b02b-6987bacc6720@group-FF494030CC0C-FollowerState was interrupted: java.lang.InterruptedException: sleep interrupted
2019-10-23 22:25:52,476 [grpc-default-executor-2] INFO  impl.RoleInfo (RoleInfo.java:updateAndGet(143)) - 73b959bd-e3af-4247-b02b-6987bacc6720: start FollowerState
2019-10-23 22:25:52,476 [Thread-648] INFO  impl.FollowerState (FollowerState.java:run(117)) - 22d85afd-4d4f-492d-93d6-f244982d2d2b@group-FF494030CC0C-FollowerState was interrupted: java.lang.InterruptedException: sleep interrupted
2019-10-23 22:25:52,476 [grpc-default-executor-5] INFO  impl.RoleInfo (RoleInfo.java:updateAndGet(143)) - 22d85afd-4d4f-492d-93d6-f244982d2d2b: start FollowerState
2019-10-23 22:25:52,491 [1e780629-3013-4910-b058-82bfaeb575a6@group-FF494030CC0C-LeaderElection18] INFO  impl.LeaderElection (LeaderElection.java:logAndReturn(56)) - 1e780629-3013-4910-b058-82bfaeb575a6@group-FF494030CC0C-LeaderElection18: Election REJECTED; received 2 response(s) [1e780629-3013-4910-b058-82bfaeb575a6<-73b959bd-e3af-4247-b02b-6987bacc6720#0:FAIL-t18, 1e780629-3013-4910-b058-82bfaeb575a6<-22d85afd-4d4f-492d-93d6-f244982d2d2b#0:FAIL-t18] and 0 exception(s); 1e780629-3013-4910-b058-82bfaeb575a6@group-FF494030CC0C:t18, leader=null, voted=1e780629-3013-4910-b058-82bfaeb575a6, raftlog=1e780629-3013-4910-b058-82bfaeb575a6@group-FF494030CC0C-SegmentedRaftLog:OPENED:c3,f4,i4, conf=0: [73b959bd-e3af-4247-b02b-6987bacc6720:192.168.34.28:45914, 1e780629-3013-4910-b058-82bfaeb575a6:192.168.34.28:46415, 22d85afd-4d4f-492d-93d6-f244982d2d2b:192.168.34.28:33618], old=null
2019-10-23 22:25:52,491 [1e780629-3013-4910-b058-82bfaeb575a6@group-FF494030CC0C-LeaderElection18] INFO  impl.RaftServerImpl (RaftServerImpl.java:setRole(184)) - 1e780629-3013-4910-b058-82bfaeb575a6@group-FF494030CC0C: changes role from CANDIDATE to FOLLOWER at term 18 for DISCOVERED_A_NEW_TERM
2019-10-23 22:25:52,492 [1e780629-3013-4910-b058-82bfaeb575a6@group-FF494030CC0C-LeaderElection18] INFO  impl.RoleInfo (RoleInfo.java:shutdownLeaderElection(134)) - 1e780629-3013-4910-b058-82bfaeb575a6: shutdown LeaderElection
2019-10-23 22:25:52,492 [1e780629-3013-4910-b058-82bfaeb575a6@group-FF494030CC0C-LeaderElection18] INFO  impl.RoleInfo (RoleInfo.java:updateAndGet(143)) - 1e780629-3013-4910-b058-82bfaeb575a6: start FollowerState
2019-10-23 22:25:52,587 [BlockDeletingService#2] WARN  background.BlockDeletingService (BlockDeletingService.java:isDeletionAllowed(187)) - Close Container log Index 6 is not replicated across allthe servers in the pipeline d8220d6b-da92-433e-abb5-ff494030cc0c as the min replicated index is 4. Deletion is not allowed in this container yet.
2019-10-23 22:25:52,587 [BlockDeletingService#8] WARN  background.BlockDeletingService (BlockDeletingService.java:isDeletionAllowed(187)) - Close Container log Index 6 is not replicated across allthe servers in the pipeline d8220d6b-da92-433e-abb5-ff494030cc0c as the min replicated index is 4. Deletion is not allowed in this container yet.
2019-10-23 22:25:52,591 [Thread-653] INFO  impl.FollowerState (FollowerState.java:run(108)) - 1e780629-3013-4910-b058-82bfaeb575a6@group-FF494030CC0C-FollowerState: change to CANDIDATE, lastRpcTime:99ms, electionTimeout:99ms
2019-10-23 22:25:52,591 [Thread-653] INFO  impl.RoleInfo (RoleInfo.java:shutdownFollowerState(121)) - 1e780629-3013-4910-b058-82bfaeb575a6: shutdown FollowerState
2019-10-23 22:25:52,591 [Thread-653] INFO  impl.RaftServerImpl (RaftServerImpl.java:setRole(184)) - 1e780629-3013-4910-b058-82bfaeb575a6@group-FF494030CC0C: changes role from  FOLLOWER to CANDIDATE at term 18 for changeToCandidate
2019-10-23 22:25:52,592 [Thread-653] INFO  impl.RoleInfo (RoleInfo.java:updateAndGet(143)) - 1e780629-3013-4910-b058-82bfaeb575a6: start LeaderElection
2019-10-23 22:25:52,605 [1e780629-3013-4910-b058-82bfaeb575a6@group-FF494030CC0C-LeaderElection19] INFO  impl.LeaderElection (LeaderElection.java:askForVotes(178)) - 1e780629-3013-4910-b058-82bfaeb575a6@group-FF494030CC0C-LeaderElection19: begin an election at term 19 for 0: [73b959bd-e3af-4247-b02b-6987bacc6720:192.168.34.28:45914, 1e780629-3013-4910-b058-82bfaeb575a6:192.168.34.28:46415, 22d85afd-4d4f-492d-93d6-f244982d2d2b:192.168.34.28:33618], old=null
2019-10-23 22:25:52,608 [grpc-default-executor-5] INFO  impl.RaftServerImpl (RaftServerImpl.java:setRole(184)) - 73b959bd-e3af-4247-b02b-6987bacc6720@group-FF494030CC0C: changes role from  FOLLOWER to FOLLOWER at term 19 for recognizeCandidate:1e780629-3013-4910-b058-82bfaeb575a6
2019-10-23 22:25:52,608 [grpc-default-executor-5] INFO  impl.RoleInfo (RoleInfo.java:shutdownFollowerState(121)) - 73b959bd-e3af-4247-b02b-6987bacc6720: shutdown FollowerState
2019-10-23 22:25:52,608 [grpc-default-executor-2] INFO  impl.RaftServerImpl (RaftServerImpl.java:setRole(184)) - 22d85afd-4d4f-492d-93d6-f244982d2d2b@group-FF494030CC0C: changes role from  FOLLOWER to FOLLOWER at term 19 for recognizeCandidate:1e780629-3013-4910-b058-82bfaeb575a6
2019-10-23 22:25:52,608 [grpc-default-executor-5] INFO  impl.RoleInfo (RoleInfo.java:updateAndGet(143)) - 73b959bd-e3af-4247-b02b-6987bacc6720: start FollowerState
2019-10-23 22:25:52,608 [Thread-651] INFO  impl.FollowerState (FollowerState.java:run(117)) - 73b959bd-e3af-4247-b02b-6987bacc6720@group-FF494030CC0C-FollowerState was interrupted: java.lang.InterruptedException: sleep interrupted
2019-10-23 22:25:52,608 [grpc-default-executor-2] INFO  impl.RoleInfo (RoleInfo.java:shutdownFollowerState(121)) - 22d85afd-4d4f-492d-93d6-f244982d2d2b: shutdown FollowerState
2019-10-23 22:25:52,609 [Thread-652] INFO  impl.FollowerState (FollowerState.java:run(117)) - 22d85afd-4d4f-492d-93d6-f244982d2d2b@group-FF494030CC0C-FollowerState was interrupted: java.lang.InterruptedException: sleep interrupted
2019-10-23 22:25:52,609 [grpc-default-executor-2] INFO  impl.RoleInfo (RoleInfo.java:updateAndGet(143)) - 22d85afd-4d4f-492d-93d6-f244982d2d2b: start FollowerState
2019-10-23 22:25:52,624 [1e780629-3013-4910-b058-82bfaeb575a6@group-FF494030CC0C-LeaderElection19] INFO  impl.LeaderElection (LeaderElection.java:logAndReturn(56)) - 1e780629-3013-4910-b058-82bfaeb575a6@group-FF494030CC0C-LeaderElection19: Election REJECTED; received 2 response(s) [1e780629-3013-4910-b058-82bfaeb575a6<-73b959bd-e3af-4247-b02b-6987bacc6720#0:FAIL-t19, 1e780629-3013-4910-b058-82bfaeb575a6<-22d85afd-4d4f-492d-93d6-f244982d2d2b#0:FAIL-t19] and 0 exception(s); 1e780629-3013-4910-b058-82bfaeb575a6@group-FF494030CC0C:t19, leader=null, voted=1e780629-3013-4910-b058-82bfaeb575a6, raftlog=1e780629-3013-4910-b058-82bfaeb575a6@group-FF494030CC0C-SegmentedRaftLog:OPENED:c3,f4,i4, conf=0: [73b959bd-e3af-4247-b02b-6987bacc6720:192.168.34.28:45914, 1e780629-3013-4910-b058-82bfaeb575a6:192.168.34.28:46415, 22d85afd-4d4f-492d-93d6-f244982d2d2b:192.168.34.28:33618], old=null
2019-10-23 22:25:52,624 [1e780629-3013-4910-b058-82bfaeb575a6@group-FF494030CC0C-LeaderElection19] INFO  impl.RaftServerImpl (RaftServerImpl.java:setRole(184)) - 1e780629-3013-4910-b058-82bfaeb575a6@group-FF494030CC0C: changes role from CANDIDATE to FOLLOWER at term 19 for DISCOVERED_A_NEW_TERM
2019-10-23 22:25:52,624 [1e780629-3013-4910-b058-82bfaeb575a6@group-FF494030CC0C-LeaderElection19] INFO  impl.RoleInfo (RoleInfo.java:shutdownLeaderElection(134)) - 1e780629-3013-4910-b058-82bfaeb575a6: shutdown LeaderElection
2019-10-23 22:25:52,625 [1e780629-3013-4910-b058-82bfaeb575a6@group-FF494030CC0C-LeaderElection19] INFO  impl.RoleInfo (RoleInfo.java:updateAndGet(143)) - 1e780629-3013-4910-b058-82bfaeb575a6: start FollowerState
2019-10-23 22:25:52,736 [Thread-661] INFO  impl.FollowerState (FollowerState.java:run(108)) - 1e780629-3013-4910-b058-82bfaeb575a6@group-FF494030CC0C-FollowerState: change to CANDIDATE, lastRpcTime:111ms, electionTimeout:111ms
2019-10-23 22:25:52,736 [Thread-661] INFO  impl.RoleInfo (RoleInfo.java:shutdownFollowerState(121)) - 1e780629-3013-4910-b058-82bfaeb575a6: shutdown FollowerState
2019-10-23 22:25:52,736 [Thread-661] INFO  impl.RaftServerImpl (RaftServerImpl.java:setRole(184)) - 1e780629-3013-4910-b058-82bfaeb575a6@group-FF494030CC0C: changes role from  FOLLOWER to CANDIDATE at term 19 for changeToCandidate
2019-10-23 22:25:52,737 [Thread-661] INFO  impl.RoleInfo (RoleInfo.java:updateAndGet(143)) - 1e780629-3013-4910-b058-82bfaeb575a6: start LeaderElection
2019-10-23 22:25:52,737 [EventQueue-PendingDeleteStatusForPendingDeleteHandler] INFO  block.SCMBlockDeletingService (SCMBlockDeletingService.java:handlePendingDeletes(115)) - Block deletion txnID mismatch in datanode 1e780629-3013-4910-b058-82bfaeb575a6 for containerID 1. Datanode delete txnID: 0, SCM txnID: 1
2019-10-23 22:25:52,751 [1e780629-3013-4910-b058-82bfaeb575a6@group-FF494030CC0C-LeaderElection20] INFO  impl.LeaderElection (LeaderElection.java:askForVotes(178)) - 1e780629-3013-4910-b058-82bfaeb575a6@group-FF494030CC0C-LeaderElection20: begin an election at term 20 for 0: [73b959bd-e3af-4247-b02b-6987bacc6720:192.168.34.28:45914, 1e780629-3013-4910-b058-82bfaeb575a6:192.168.34.28:46415, 22d85afd-4d4f-492d-93d6-f244982d2d2b:192.168.34.28:33618], old=null
2019-10-23 22:25:52,756 [grpc-default-executor-2] INFO  impl.RaftServerImpl (RaftServerImpl.java:setRole(184)) - 73b959bd-e3af-4247-b02b-6987bacc6720@group-FF494030CC0C: changes role from  FOLLOWER to FOLLOWER at term 20 for recognizeCandidate:1e780629-3013-4910-b058-82bfaeb575a6
2019-10-23 22:25:52,757 [grpc-default-executor-2] INFO  impl.RoleInfo (RoleInfo.java:shutdownFollowerState(121)) - 73b959bd-e3af-4247-b02b-6987bacc6720: shutdown FollowerState
2019-10-23 22:25:52,757 [grpc-default-executor-5] INFO  impl.RaftServerImpl (RaftServerImpl.java:setRole(184)) - 22d85afd-4d4f-492d-93d6-f244982d2d2b@group-FF494030CC0C: changes role from  FOLLOWER to FOLLOWER at term 20 for recognizeCandidate:1e780629-3013-4910-b058-82bfaeb575a6
2019-10-23 22:25:52,757 [Thread-659] INFO  impl.FollowerState (FollowerState.java:run(117)) - 73b959bd-e3af-4247-b02b-6987bacc6720@group-FF494030CC0C-FollowerState was interrupted: java.lang.InterruptedException: sleep interrupted
2019-10-23 22:25:52,757 [grpc-default-executor-2] INFO  impl.RoleInfo (RoleInfo.java:updateAndGet(143)) - 73b959bd-e3af-4247-b02b-6987bacc6720: start FollowerState
2019-10-23 22:25:52,757 [grpc-default-executor-5] INFO  impl.RoleInfo (RoleInfo.java:shutdownFollowerState(121)) - 22d85afd-4d4f-492d-93d6-f244982d2d2b: shutdown FollowerState
2019-10-23 22:25:52,758 [Thread-660] INFO  impl.FollowerState (FollowerState.java:run(117)) - 22d85afd-4d4f-492d-93d6-f244982d2d2b@group-FF494030CC0C-FollowerState was interrupted: java.lang.InterruptedException: sleep interrupted
2019-10-23 22:25:52,758 [grpc-default-executor-5] INFO  impl.RoleInfo (RoleInfo.java:updateAndGet(143)) - 22d85afd-4d4f-492d-93d6-f244982d2d2b: start FollowerState
2019-10-23 22:25:52,772 [1e780629-3013-4910-b058-82bfaeb575a6@group-FF494030CC0C-LeaderElection20] INFO  impl.LeaderElection (LeaderElection.java:logAndReturn(56)) - 1e780629-3013-4910-b058-82bfaeb575a6@group-FF494030CC0C-LeaderElection20: Election REJECTED; received 2 response(s) [1e780629-3013-4910-b058-82bfaeb575a6<-73b959bd-e3af-4247-b02b-6987bacc6720#0:FAIL-t20, 1e780629-3013-4910-b058-82bfaeb575a6<-22d85afd-4d4f-492d-93d6-f244982d2d2b#0:FAIL-t20] and 0 exception(s); 1e780629-3013-4910-b058-82bfaeb575a6@group-FF494030CC0C:t20, leader=null, voted=1e780629-3013-4910-b058-82bfaeb575a6, raftlog=1e780629-3013-4910-b058-82bfaeb575a6@group-FF494030CC0C-SegmentedRaftLog:OPENED:c3,f4,i4, conf=0: [73b959bd-e3af-4247-b02b-6987bacc6720:192.168.34.28:45914, 1e780629-3013-4910-b058-82bfaeb575a6:192.168.34.28:46415, 22d85afd-4d4f-492d-93d6-f244982d2d2b:192.168.34.28:33618], old=null
2019-10-23 22:25:52,773 [1e780629-3013-4910-b058-82bfaeb575a6@group-FF494030CC0C-LeaderElection20] INFO  impl.RaftServerImpl (RaftServerImpl.java:setRole(184)) - 1e780629-3013-4910-b058-82bfaeb575a6@group-FF494030CC0C: changes role from CANDIDATE to FOLLOWER at term 20 for DISCOVERED_A_NEW_TERM
2019-10-23 22:25:52,773 [1e780629-3013-4910-b058-82bfaeb575a6@group-FF494030CC0C-LeaderElection20] INFO  impl.RoleInfo (RoleInfo.java:shutdownLeaderElection(134)) - 1e780629-3013-4910-b058-82bfaeb575a6: shutdown LeaderElection
2019-10-23 22:25:52,773 [1e780629-3013-4910-b058-82bfaeb575a6@group-FF494030CC0C-LeaderElection20] INFO  impl.RoleInfo (RoleInfo.java:updateAndGet(143)) - 1e780629-3013-4910-b058-82bfaeb575a6: start FollowerState
2019-10-23 22:25:52,826 [Thread-668] INFO  impl.FollowerState (FollowerState.java:run(108)) - 1e780629-3013-4910-b058-82bfaeb575a6@group-FF494030CC0C-FollowerState: change to CANDIDATE, lastRpcTime:53ms, electionTimeout:53ms
2019-10-23 22:25:52,826 [Thread-668] INFO  impl.RoleInfo (RoleInfo.java:shutdownFollowerState(121)) - 1e780629-3013-4910-b058-82bfaeb575a6: shutdown FollowerState
2019-10-23 22:25:52,827 [Thread-668] INFO  impl.RaftServerImpl (RaftServerImpl.java:setRole(184)) - 1e780629-3013-4910-b058-82bfaeb575a6@group-FF494030CC0C: changes role from  FOLLOWER to CANDIDATE at term 20 for changeToCandidate
2019-10-23 22:25:52,827 [Thread-668] INFO  impl.RoleInfo (RoleInfo.java:updateAndGet(143)) - 1e780629-3013-4910-b058-82bfaeb575a6: start LeaderElection
2019-10-23 22:25:52,841 [1e780629-3013-4910-b058-82bfaeb575a6@group-FF494030CC0C-LeaderElection21] INFO  impl.LeaderElection (LeaderElection.java:askForVotes(178)) - 1e780629-3013-4910-b058-82bfaeb575a6@group-FF494030CC0C-LeaderElection21: begin an election at term 21 for 0: [73b959bd-e3af-4247-b02b-6987bacc6720:192.168.34.28:45914, 1e780629-3013-4910-b058-82bfaeb575a6:192.168.34.28:46415, 22d85afd-4d4f-492d-93d6-f244982d2d2b:192.168.34.28:33618], old=null
2019-10-23 22:25:52,843 [grpc-default-executor-2] INFO  impl.RaftServerImpl (RaftServerImpl.java:setRole(184)) - 73b959bd-e3af-4247-b02b-6987bacc6720@group-FF494030CC0C: changes role from  FOLLOWER to FOLLOWER at term 21 for recognizeCandidate:1e780629-3013-4910-b058-82bfaeb575a6
2019-10-23 22:25:52,843 [grpc-default-executor-5] INFO  impl.RaftServerImpl (RaftServerImpl.java:setRole(184)) - 22d85afd-4d4f-492d-93d6-f244982d2d2b@group-FF494030CC0C: changes role from  FOLLOWER to FOLLOWER at term 21 for recognizeCandidate:1e780629-3013-4910-b058-82bfaeb575a6
2019-10-23 22:25:52,843 [grpc-default-executor-2] INFO  impl.RoleInfo (RoleInfo.java:shutdownFollowerState(121)) - 73b959bd-e3af-4247-b02b-6987bacc6720: shutdown FollowerState
2019-10-23 22:25:52,843 [grpc-default-executor-5] INFO  impl.RoleInfo (RoleInfo.java:shutdownFollowerState(121)) - 22d85afd-4d4f-492d-93d6-f244982d2d2b: shutdown FollowerState
2019-10-23 22:25:52,844 [grpc-default-executor-2] INFO  impl.RoleInfo (RoleInfo.java:updateAndGet(143)) - 73b959bd-e3af-4247-b02b-6987bacc6720: start FollowerState
2019-10-23 22:25:52,844 [Thread-665] INFO  impl.FollowerState (FollowerState.java:run(117)) - 73b959bd-e3af-4247-b02b-6987bacc6720@group-FF494030CC0C-FollowerState was interrupted: java.lang.InterruptedException: sleep interrupted
2019-10-23 22:25:52,844 [Thread-666] INFO  impl.FollowerState (FollowerState.java:run(117)) - 22d85afd-4d4f-492d-93d6-f244982d2d2b@group-FF494030CC0C-FollowerState was interrupted: java.lang.InterruptedException: sleep interrupted
2019-10-23 22:25:52,844 [grpc-default-executor-5] INFO  impl.RoleInfo (RoleInfo.java:updateAndGet(143)) - 22d85afd-4d4f-492d-93d6-f244982d2d2b: start FollowerState
2019-10-23 22:25:52,859 [1e780629-3013-4910-b058-82bfaeb575a6@group-FF494030CC0C-LeaderElection21] INFO  impl.LeaderElection (LeaderElection.java:logAndReturn(56)) - 1e780629-3013-4910-b058-82bfaeb575a6@group-FF494030CC0C-LeaderElection21: Election REJECTED; received 2 response(s) [1e780629-3013-4910-b058-82bfaeb575a6<-73b959bd-e3af-4247-b02b-6987bacc6720#0:FAIL-t21, 1e780629-3013-4910-b058-82bfaeb575a6<-22d85afd-4d4f-492d-93d6-f244982d2d2b#0:FAIL-t21] and 0 exception(s); 1e780629-3013-4910-b058-82bfaeb575a6@group-FF494030CC0C:t21, leader=null, voted=1e780629-3013-4910-b058-82bfaeb575a6, raftlog=1e780629-3013-4910-b058-82bfaeb575a6@group-FF494030CC0C-SegmentedRaftLog:OPENED:c3,f4,i4, conf=0: [73b959bd-e3af-4247-b02b-6987bacc6720:192.168.34.28:45914, 1e780629-3013-4910-b058-82bfaeb575a6:192.168.34.28:46415, 22d85afd-4d4f-492d-93d6-f244982d2d2b:192.168.34.28:33618], old=null
2019-10-23 22:25:52,859 [1e780629-3013-4910-b058-82bfaeb575a6@group-FF494030CC0C-LeaderElection21] INFO  impl.RaftServerImpl (RaftServerImpl.java:setRole(184)) - 1e780629-3013-4910-b058-82bfaeb575a6@group-FF494030CC0C: changes role from CANDIDATE to FOLLOWER at term 21 for DISCOVERED_A_NEW_TERM
2019-10-23 22:25:52,860 [1e780629-3013-4910-b058-82bfaeb575a6@group-FF494030CC0C-LeaderElection21] INFO  impl.RoleInfo (RoleInfo.java:shutdownLeaderElection(134)) - 1e780629-3013-4910-b058-82bfaeb575a6: shutdown LeaderElection
2019-10-23 22:25:52,860 [1e780629-3013-4910-b058-82bfaeb575a6@group-FF494030CC0C-LeaderElection21] INFO  impl.RoleInfo (RoleInfo.java:updateAndGet(143)) - 1e780629-3013-4910-b058-82bfaeb575a6: start FollowerState
2019-10-23 22:25:52,990 [Thread-674] INFO  impl.FollowerState (FollowerState.java:run(108)) - 1e780629-3013-4910-b058-82bfaeb575a6@group-FF494030CC0C-FollowerState: change to CANDIDATE, lastRpcTime:130ms, electionTimeout:130ms
2019-10-23 22:25:52,991 [Thread-674] INFO  impl.RoleInfo (RoleInfo.java:shutdownFollowerState(121)) - 1e780629-3013-4910-b058-82bfaeb575a6: shutdown FollowerState
2019-10-23 22:25:52,991 [Thread-674] INFO  impl.RaftServerImpl (RaftServerImpl.java:setRole(184)) - 1e780629-3013-4910-b058-82bfaeb575a6@group-FF494030CC0C: changes role from  FOLLOWER to CANDIDATE at term 21 for changeToCandidate
2019-10-23 22:25:52,991 [Thread-674] INFO  impl.RoleInfo (RoleInfo.java:updateAndGet(143)) - 1e780629-3013-4910-b058-82bfaeb575a6: start LeaderElection
2019-10-23 22:25:53,005 [1e780629-3013-4910-b058-82bfaeb575a6@group-FF494030CC0C-LeaderElection22] INFO  impl.LeaderElection (LeaderElection.java:askForVotes(178)) - 1e780629-3013-4910-b058-82bfaeb575a6@group-FF494030CC0C-LeaderElection22: begin an election at term 22 for 0: [73b959bd-e3af-4247-b02b-6987bacc6720:192.168.34.28:45914, 1e780629-3013-4910-b058-82bfaeb575a6:192.168.34.28:46415, 22d85afd-4d4f-492d-93d6-f244982d2d2b:192.168.34.28:33618], old=null
2019-10-23 22:25:53,009 [grpc-default-executor-2] INFO  impl.RaftServerImpl (RaftServerImpl.java:setRole(184)) - 22d85afd-4d4f-492d-93d6-f244982d2d2b@group-FF494030CC0C: changes role from  FOLLOWER to FOLLOWER at term 22 for recognizeCandidate:1e780629-3013-4910-b058-82bfaeb575a6
2019-10-23 22:25:53,009 [grpc-default-executor-5] INFO  impl.RaftServerImpl (RaftServerImpl.java:setRole(184)) - 73b959bd-e3af-4247-b02b-6987bacc6720@group-FF494030CC0C: changes role from  FOLLOWER to FOLLOWER at term 22 for recognizeCandidate:1e780629-3013-4910-b058-82bfaeb575a6
2019-10-23 22:25:53,009 [grpc-default-executor-2] INFO  impl.RoleInfo (RoleInfo.java:shutdownFollowerState(121)) - 22d85afd-4d4f-492d-93d6-f244982d2d2b: shutdown FollowerState
2019-10-23 22:25:53,009 [grpc-default-executor-5] INFO  impl.RoleInfo (RoleInfo.java:shutdownFollowerState(121)) - 73b959bd-e3af-4247-b02b-6987bacc6720: shutdown FollowerState
2019-10-23 22:25:53,010 [grpc-default-executor-2] INFO  impl.RoleInfo (RoleInfo.java:updateAndGet(143)) - 22d85afd-4d4f-492d-93d6-f244982d2d2b: start FollowerState
2019-10-23 22:25:53,010 [Thread-673] INFO  impl.FollowerState (FollowerState.java:run(117)) - 22d85afd-4d4f-492d-93d6-f244982d2d2b@group-FF494030CC0C-FollowerState was interrupted: java.lang.InterruptedException: sleep interrupted
2019-10-23 22:25:53,010 [Thread-672] INFO  impl.FollowerState (FollowerState.java:run(117)) - 73b959bd-e3af-4247-b02b-6987bacc6720@group-FF494030CC0C-FollowerState was interrupted: java.lang.InterruptedException: sleep interrupted
2019-10-23 22:25:53,010 [grpc-default-executor-5] INFO  impl.RoleInfo (RoleInfo.java:updateAndGet(143)) - 73b959bd-e3af-4247-b02b-6987bacc6720: start FollowerState
2019-10-23 22:25:53,025 [1e780629-3013-4910-b058-82bfaeb575a6@group-FF494030CC0C-LeaderElection22] INFO  impl.LeaderElection (LeaderElection.java:logAndReturn(56)) - 1e780629-3013-4910-b058-82bfaeb575a6@group-FF494030CC0C-LeaderElection22: Election REJECTED; received 2 response(s) [1e780629-3013-4910-b058-82bfaeb575a6<-73b959bd-e3af-4247-b02b-6987bacc6720#0:FAIL-t22, 1e780629-3013-4910-b058-82bfaeb575a6<-22d85afd-4d4f-492d-93d6-f244982d2d2b#0:FAIL-t22] and 0 exception(s); 1e780629-3013-4910-b058-82bfaeb575a6@group-FF494030CC0C:t22, leader=null, voted=1e780629-3013-4910-b058-82bfaeb575a6, raftlog=1e780629-3013-4910-b058-82bfaeb575a6@group-FF494030CC0C-SegmentedRaftLog:OPENED:c3,f4,i4, conf=0: [73b959bd-e3af-4247-b02b-6987bacc6720:192.168.34.28:45914, 1e780629-3013-4910-b058-82bfaeb575a6:192.168.34.28:46415, 22d85afd-4d4f-492d-93d6-f244982d2d2b:192.168.34.28:33618], old=null
2019-10-23 22:25:53,025 [1e780629-3013-4910-b058-82bfaeb575a6@group-FF494030CC0C-LeaderElection22] INFO  impl.RaftServerImpl (RaftServerImpl.java:setRole(184)) - 1e780629-3013-4910-b058-82bfaeb575a6@group-FF494030CC0C: changes role from CANDIDATE to FOLLOWER at term 22 for DISCOVERED_A_NEW_TERM
2019-10-23 22:25:53,025 [1e780629-3013-4910-b058-82bfaeb575a6@group-FF494030CC0C-LeaderElection22] INFO  impl.RoleInfo (RoleInfo.java:shutdownLeaderElection(134)) - 1e780629-3013-4910-b058-82bfaeb575a6: shutdown LeaderElection
2019-10-23 22:25:53,025 [1e780629-3013-4910-b058-82bfaeb575a6@group-FF494030CC0C-LeaderElection22] INFO  impl.RoleInfo (RoleInfo.java:updateAndGet(143)) - 1e780629-3013-4910-b058-82bfaeb575a6: start FollowerState
2019-10-23 22:25:53,041 [Thread-682] INFO  client.GrpcClientProtocolService (GrpcClientProtocolService.java:lambda$processClientRequest$0(278)) - Failed RaftClientRequest:client-13138D705F93->22d85afd-4d4f-492d-93d6-f244982d2d2b@group-FF494030CC0C, cid=10, seq=0, Watch-ALL_COMMITTED(6), Message:<EMPTY>, reply=RaftClientReply:client-13138D705F93->22d85afd-4d4f-492d-93d6-f244982d2d2b@group-FF494030CC0C, cid=10, FAILED org.apache.ratis.protocol.NotLeaderException: Server 22d85afd-4d4f-492d-93d6-f244982d2d2b@group-FF494030CC0C is not the leader, logIndex=0, commits[22d85afd-4d4f-492d-93d6-f244982d2d2b:c10, 73b959bd-e3af-4247-b02b-6987bacc6720:c10, 1e780629-3013-4910-b058-82bfaeb575a6:c4]
2019-10-23 22:25:53,044 [Thread-680] INFO  impl.FollowerState (FollowerState.java:run(108)) - 1e780629-3013-4910-b058-82bfaeb575a6@group-FF494030CC0C-FollowerState: change to CANDIDATE, lastRpcTime:18ms, electionTimeout:18ms
2019-10-23 22:25:53,044 [Thread-680] INFO  impl.RoleInfo (RoleInfo.java:shutdownFollowerState(121)) - 1e780629-3013-4910-b058-82bfaeb575a6: shutdown FollowerState
2019-10-23 22:25:53,044 [Thread-680] INFO  impl.RaftServerImpl (RaftServerImpl.java:setRole(184)) - 1e780629-3013-4910-b058-82bfaeb575a6@group-FF494030CC0C: changes role from  FOLLOWER to CANDIDATE at term 22 for changeToCandidate
2019-10-23 22:25:53,044 [Thread-680] INFO  impl.RoleInfo (RoleInfo.java:updateAndGet(143)) - 1e780629-3013-4910-b058-82bfaeb575a6: start LeaderElection
2019-10-23 22:25:53,061 [1e780629-3013-4910-b058-82bfaeb575a6@group-FF494030CC0C-LeaderElection23] INFO  impl.LeaderElection (LeaderElection.java:askForVotes(178)) - 1e780629-3013-4910-b058-82bfaeb575a6@group-FF494030CC0C-LeaderElection23: begin an election at term 23 for 0: [73b959bd-e3af-4247-b02b-6987bacc6720:192.168.34.28:45914, 1e780629-3013-4910-b058-82bfaeb575a6:192.168.34.28:46415, 22d85afd-4d4f-492d-93d6-f244982d2d2b:192.168.34.28:33618], old=null
2019-10-23 22:25:53,064 [grpc-default-executor-2] INFO  impl.RaftServerImpl (RaftServerImpl.java:setRole(184)) - 73b959bd-e3af-4247-b02b-6987bacc6720@group-FF494030CC0C: changes role from  FOLLOWER to FOLLOWER at term 23 for recognizeCandidate:1e780629-3013-4910-b058-82bfaeb575a6
2019-10-23 22:25:53,064 [grpc-default-executor-2] INFO  impl.RoleInfo (RoleInfo.java:shutdownFollowerState(121)) - 73b959bd-e3af-4247-b02b-6987bacc6720: shutdown FollowerState
2019-10-23 22:25:53,064 [grpc-default-executor-5] INFO  impl.RaftServerImpl (RaftServerImpl.java:setRole(184)) - 22d85afd-4d4f-492d-93d6-f244982d2d2b@group-FF494030CC0C: changes role from  FOLLOWER to FOLLOWER at term 23 for recognizeCandidate:1e780629-3013-4910-b058-82bfaeb575a6
2019-10-23 22:25:53,064 [Thread-679] INFO  impl.FollowerState (FollowerState.java:run(117)) - 73b959bd-e3af-4247-b02b-6987bacc6720@group-FF494030CC0C-FollowerState was interrupted: java.lang.InterruptedException: sleep interrupted
2019-10-23 22:25:53,064 [grpc-default-executor-2] INFO  impl.RoleInfo (RoleInfo.java:updateAndGet(143)) - 73b959bd-e3af-4247-b02b-6987bacc6720: start FollowerState
2019-10-23 22:25:53,064 [grpc-default-executor-5] INFO  impl.RoleInfo (RoleInfo.java:shutdownFollowerState(121)) - 22d85afd-4d4f-492d-93d6-f244982d2d2b: shutdown FollowerState
2019-10-23 22:25:53,065 [grpc-default-executor-5] INFO  impl.RoleInfo (RoleInfo.java:updateAndGet(143)) - 22d85afd-4d4f-492d-93d6-f244982d2d2b: start FollowerState
2019-10-23 22:25:53,065 [Thread-678] INFO  impl.FollowerState (FollowerState.java:run(117)) - 22d85afd-4d4f-492d-93d6-f244982d2d2b@group-FF494030CC0C-FollowerState was interrupted: java.lang.InterruptedException: sleep interrupted
2019-10-23 22:25:53,079 [1e780629-3013-4910-b058-82bfaeb575a6@group-FF494030CC0C-LeaderElection23] INFO  impl.LeaderElection (LeaderElection.java:logAndReturn(56)) - 1e780629-3013-4910-b058-82bfaeb575a6@group-FF494030CC0C-LeaderElection23: Election REJECTED; received 2 response(s) [1e780629-3013-4910-b058-82bfaeb575a6<-73b959bd-e3af-4247-b02b-6987bacc6720#0:FAIL-t23, 1e780629-3013-4910-b058-82bfaeb575a6<-22d85afd-4d4f-492d-93d6-f244982d2d2b#0:FAIL-t23] and 0 exception(s); 1e780629-3013-4910-b058-82bfaeb575a6@group-FF494030CC0C:t23, leader=null, voted=1e780629-3013-4910-b058-82bfaeb575a6, raftlog=1e780629-3013-4910-b058-82bfaeb575a6@group-FF494030CC0C-SegmentedRaftLog:OPENED:c3,f4,i4, conf=0: [73b959bd-e3af-4247-b02b-6987bacc6720:192.168.34.28:45914, 1e780629-3013-4910-b058-82bfaeb575a6:192.168.34.28:46415, 22d85afd-4d4f-492d-93d6-f244982d2d2b:192.168.34.28:33618], old=null
2019-10-23 22:25:53,080 [1e780629-3013-4910-b058-82bfaeb575a6@group-FF494030CC0C-LeaderElection23] INFO  impl.RaftServerImpl (RaftServerImpl.java:setRole(184)) - 1e780629-3013-4910-b058-82bfaeb575a6@group-FF494030CC0C: changes role from CANDIDATE to FOLLOWER at term 23 for DISCOVERED_A_NEW_TERM
2019-10-23 22:25:53,080 [1e780629-3013-4910-b058-82bfaeb575a6@group-FF494030CC0C-LeaderElection23] INFO  impl.RoleInfo (RoleInfo.java:shutdownLeaderElection(134)) - 1e780629-3013-4910-b058-82bfaeb575a6: shutdown LeaderElection
2019-10-23 22:25:53,080 [1e780629-3013-4910-b058-82bfaeb575a6@group-FF494030CC0C-LeaderElection23] INFO  impl.RoleInfo (RoleInfo.java:updateAndGet(143)) - 1e780629-3013-4910-b058-82bfaeb575a6: start FollowerState
2019-10-23 22:25:53,123 [Thread-689] INFO  impl.FollowerState (FollowerState.java:run(108)) - 1e780629-3013-4910-b058-82bfaeb575a6@group-FF494030CC0C-FollowerState: change to CANDIDATE, lastRpcTime:42ms, electionTimeout:42ms
2019-10-23 22:25:53,123 [Thread-689] INFO  impl.RoleInfo (RoleInfo.java:shutdownFollowerState(121)) - 1e780629-3013-4910-b058-82bfaeb575a6: shutdown FollowerState
2019-10-23 22:25:53,123 [Thread-689] INFO  impl.RaftServerImpl (RaftServerImpl.java:setRole(184)) - 1e780629-3013-4910-b058-82bfaeb575a6@group-FF494030CC0C: changes role from  FOLLOWER to CANDIDATE at term 23 for changeToCandidate
2019-10-23 22:25:53,123 [Thread-689] INFO  impl.RoleInfo (RoleInfo.java:updateAndGet(143)) - 1e780629-3013-4910-b058-82bfaeb575a6: start LeaderElection
2019-10-23 22:25:53,136 [1e780629-3013-4910-b058-82bfaeb575a6@group-FF494030CC0C-LeaderElection24] INFO  impl.LeaderElection (LeaderElection.java:askForVotes(178)) - 1e780629-3013-4910-b058-82bfaeb575a6@group-FF494030CC0C-LeaderElection24: begin an election at term 24 for 0: [73b959bd-e3af-4247-b02b-6987bacc6720:192.168.34.28:45914, 1e780629-3013-4910-b058-82bfaeb575a6:192.168.34.28:46415, 22d85afd-4d4f-492d-93d6-f244982d2d2b:192.168.34.28:33618], old=null
2019-10-23 22:25:53,139 [grpc-default-executor-5] INFO  impl.RaftServerImpl (RaftServerImpl.java:setRole(184)) - 22d85afd-4d4f-492d-93d6-f244982d2d2b@group-FF494030CC0C: changes role from  FOLLOWER to FOLLOWER at term 24 for recognizeCandidate:1e780629-3013-4910-b058-82bfaeb575a6
2019-10-23 22:25:53,139 [grpc-default-executor-5] INFO  impl.RoleInfo (RoleInfo.java:shutdownFollowerState(121)) - 22d85afd-4d4f-492d-93d6-f244982d2d2b: shutdown FollowerState
2019-10-23 22:25:53,139 [grpc-default-executor-5] INFO  impl.RoleInfo (RoleInfo.java:updateAndGet(143)) - 22d85afd-4d4f-492d-93d6-f244982d2d2b: start FollowerState
2019-10-23 22:25:53,139 [Thread-688] INFO  impl.FollowerState (FollowerState.java:run(117)) - 22d85afd-4d4f-492d-93d6-f244982d2d2b@group-FF494030CC0C-FollowerState was interrupted: java.lang.InterruptedException: sleep interrupted
2019-10-23 22:25:53,139 [grpc-default-executor-2] INFO  impl.RaftServerImpl (RaftServerImpl.java:setRole(184)) - 73b959bd-e3af-4247-b02b-6987bacc6720@group-FF494030CC0C: changes role from  FOLLOWER to FOLLOWER at term 24 for recognizeCandidate:1e780629-3013-4910-b058-82bfaeb575a6
2019-10-23 22:25:53,139 [grpc-default-executor-2] INFO  impl.RoleInfo (RoleInfo.java:shutdownFollowerState(121)) - 73b959bd-e3af-4247-b02b-6987bacc6720: shutdown FollowerState
2019-10-23 22:25:53,140 [Thread-687] INFO  impl.FollowerState (FollowerState.java:run(117)) - 73b959bd-e3af-4247-b02b-6987bacc6720@group-FF494030CC0C-FollowerState was interrupted: java.lang.InterruptedException: sleep interrupted
2019-10-23 22:25:53,140 [grpc-default-executor-2] INFO  impl.RoleInfo (RoleInfo.java:updateAndGet(143)) - 73b959bd-e3af-4247-b02b-6987bacc6720: start FollowerState
2019-10-23 22:25:53,154 [1e780629-3013-4910-b058-82bfaeb575a6@group-FF494030CC0C-LeaderElection24] INFO  impl.LeaderElection (LeaderElection.java:logAndReturn(56)) - 1e780629-3013-4910-b058-82bfaeb575a6@group-FF494030CC0C-LeaderElection24: Election TIMEOUT; received 0 response(s) [] and 0 exception(s); 1e780629-3013-4910-b058-82bfaeb575a6@group-FF494030CC0C:t24, leader=null, voted=1e780629-3013-4910-b058-82bfaeb575a6, raftlog=1e780629-3013-4910-b058-82bfaeb575a6@group-FF494030CC0C-SegmentedRaftLog:OPENED:c3,f4,i4, conf=0: [73b959bd-e3af-4247-b02b-6987bacc6720:192.168.34.28:45914, 1e780629-3013-4910-b058-82bfaeb575a6:192.168.34.28:46415, 22d85afd-4d4f-492d-93d6-f244982d2d2b:192.168.34.28:33618], old=null
2019-10-23 22:25:53,167 [1e780629-3013-4910-b058-82bfaeb575a6@group-FF494030CC0C-LeaderElection24] INFO  impl.LeaderElection (LeaderElection.java:askForVotes(178)) - 1e780629-3013-4910-b058-82bfaeb575a6@group-FF494030CC0C-LeaderElection24: begin an election at term 25 for 0: [73b959bd-e3af-4247-b02b-6987bacc6720:192.168.34.28:45914, 1e780629-3013-4910-b058-82bfaeb575a6:192.168.34.28:46415, 22d85afd-4d4f-492d-93d6-f244982d2d2b:192.168.34.28:33618], old=null
2019-10-23 22:25:53,169 [grpc-default-executor-5] INFO  impl.RaftServerImpl (RaftServerImpl.java:setRole(184)) - 22d85afd-4d4f-492d-93d6-f244982d2d2b@group-FF494030CC0C: changes role from  FOLLOWER to FOLLOWER at term 25 for recognizeCandidate:1e780629-3013-4910-b058-82bfaeb575a6
2019-10-23 22:25:53,169 [grpc-default-executor-5] INFO  impl.RoleInfo (RoleInfo.java:shutdownFollowerState(121)) - 22d85afd-4d4f-492d-93d6-f244982d2d2b: shutdown FollowerState
2019-10-23 22:25:53,169 [Thread-693] INFO  impl.FollowerState (FollowerState.java:run(117)) - 22d85afd-4d4f-492d-93d6-f244982d2d2b@group-FF494030CC0C-FollowerState was interrupted: java.lang.InterruptedException: sleep interrupted
2019-10-23 22:25:53,169 [grpc-default-executor-5] INFO  impl.RoleInfo (RoleInfo.java:updateAndGet(143)) - 22d85afd-4d4f-492d-93d6-f244982d2d2b: start FollowerState
2019-10-23 22:25:53,169 [grpc-default-executor-2] INFO  impl.RaftServerImpl (RaftServerImpl.java:setRole(184)) - 73b959bd-e3af-4247-b02b-6987bacc6720@group-FF494030CC0C: changes role from  FOLLOWER to FOLLOWER at term 25 for recognizeCandidate:1e780629-3013-4910-b058-82bfaeb575a6
2019-10-23 22:25:53,170 [grpc-default-executor-2] INFO  impl.RoleInfo (RoleInfo.java:shutdownFollowerState(121)) - 73b959bd-e3af-4247-b02b-6987bacc6720: shutdown FollowerState
2019-10-23 22:25:53,170 [Thread-694] INFO  impl.FollowerState (FollowerState.java:run(117)) - 73b959bd-e3af-4247-b02b-6987bacc6720@group-FF494030CC0C-FollowerState was interrupted: java.lang.InterruptedException: sleep interrupted
2019-10-23 22:25:53,170 [grpc-default-executor-2] INFO  impl.RoleInfo (RoleInfo.java:updateAndGet(143)) - 73b959bd-e3af-4247-b02b-6987bacc6720: start FollowerState
2019-10-23 22:25:53,184 [1e780629-3013-4910-b058-82bfaeb575a6@group-FF494030CC0C-LeaderElection24] INFO  impl.LeaderElection (LeaderElection.java:logAndReturn(56)) - 1e780629-3013-4910-b058-82bfaeb575a6@group-FF494030CC0C-LeaderElection24: Election REJECTED; received 2 response(s) [1e780629-3013-4910-b058-82bfaeb575a6<-73b959bd-e3af-4247-b02b-6987bacc6720#0:FAIL-t25, 1e780629-3013-4910-b058-82bfaeb575a6<-22d85afd-4d4f-492d-93d6-f244982d2d2b#0:FAIL-t25] and 0 exception(s); 1e780629-3013-4910-b058-82bfaeb575a6@group-FF494030CC0C:t25, leader=null, voted=1e780629-3013-4910-b058-82bfaeb575a6, raftlog=1e780629-3013-4910-b058-82bfaeb575a6@group-FF494030CC0C-SegmentedRaftLog:OPENED:c3,f4,i4, conf=0: [73b959bd-e3af-4247-b02b-6987bacc6720:192.168.34.28:45914, 1e780629-3013-4910-b058-82bfaeb575a6:192.168.34.28:46415, 22d85afd-4d4f-492d-93d6-f244982d2d2b:192.168.34.28:33618], old=null
2019-10-23 22:25:53,184 [1e780629-3013-4910-b058-82bfaeb575a6@group-FF494030CC0C-LeaderElection24] INFO  impl.RaftServerImpl (RaftServerImpl.java:setRole(184)) - 1e780629-3013-4910-b058-82bfaeb575a6@group-FF494030CC0C: changes role from CANDIDATE to FOLLOWER at term 25 for DISCOVERED_A_NEW_TERM
2019-10-23 22:25:53,184 [1e780629-3013-4910-b058-82bfaeb575a6@group-FF494030CC0C-LeaderElection24] INFO  impl.RoleInfo (RoleInfo.java:shutdownLeaderElection(134)) - 1e780629-3013-4910-b058-82bfaeb575a6: shutdown LeaderElection
2019-10-23 22:25:53,184 [1e780629-3013-4910-b058-82bfaeb575a6@group-FF494030CC0C-LeaderElection24] INFO  impl.RoleInfo (RoleInfo.java:updateAndGet(143)) - 1e780629-3013-4910-b058-82bfaeb575a6: start FollowerState
2019-10-23 22:25:53,265 [pool-7-thread-1] INFO  commands.RetriableDatanodeEventWatcher (RetriableDatanodeEventWatcher.java:onTimeout(47)) - RetriableDatanodeCommand type=deleteBlocksCommand with id=1571869548260 timed out. Retrying.
2019-10-23 22:25:53,265 [pool-7-thread-4] INFO  commands.RetriableDatanodeEventWatcher (RetriableDatanodeEventWatcher.java:onTimeout(47)) - RetriableDatanodeCommand type=deleteBlocksCommand with id=1571869548262 timed out. Retrying.
2019-10-23 22:25:53,266 [pool-7-thread-2] INFO  commands.RetriableDatanodeEventWatcher (RetriableDatanodeEventWatcher.java:onTimeout(47)) - RetriableDatanodeCommand type=deleteBlocksCommand with id=1571869548264 timed out. Retrying.
2019-10-23 22:25:53,266 [pool-7-thread-3] INFO  commands.RetriableDatanodeEventWatcher (RetriableDatanodeEventWatcher.java:onTimeout(47)) - RetriableDatanodeCommand type=deleteBlocksCommand with id=1571869548263 timed out. Retrying.
2019-10-23 22:25:53,266 [pool-7-thread-3] INFO  commands.RetriableDatanodeEventWatcher (RetriableDatanodeEventWatcher.java:onTimeout(47)) - RetriableDatanodeCommand type=deleteBlocksCommand with id=1571869548265 timed out. Retrying.
2019-10-23 22:25:53,267 [SCMBlockDeletingService#0] INFO  block.SCMBlockDeletingService (SCMBlockDeletingService.java:call(184)) - Totally added 1 delete blocks command for 1 datanodes, task elapsed time: 1ms
2019-10-23 22:25:53,292 [Thread-699] INFO  impl.FollowerState (FollowerState.java:run(108)) - 1e780629-3013-4910-b058-82bfaeb575a6@group-FF494030CC0C-FollowerState: change to CANDIDATE, lastRpcTime:107ms, electionTimeout:107ms
2019-10-23 22:25:53,292 [Thread-699] INFO  impl.RoleInfo (RoleInfo.java:shutdownFollowerState(121)) - 1e780629-3013-4910-b058-82bfaeb575a6: shutdown FollowerState
2019-10-23 22:25:53,292 [Thread-699] INFO  impl.RaftServerImpl (RaftServerImpl.java:setRole(184)) - 1e780629-3013-4910-b058-82bfaeb575a6@group-FF494030CC0C: changes role from  FOLLOWER to CANDIDATE at term 25 for changeToCandidate
2019-10-23 22:25:53,292 [Thread-699] INFO  impl.RoleInfo (RoleInfo.java:updateAndGet(143)) - 1e780629-3013-4910-b058-82bfaeb575a6: start LeaderElection
2019-10-23 22:25:53,306 [1e780629-3013-4910-b058-82bfaeb575a6@group-FF494030CC0C-LeaderElection25] INFO  impl.LeaderElection (LeaderElection.java:askForVotes(178)) - 1e780629-3013-4910-b058-82bfaeb575a6@group-FF494030CC0C-LeaderElection25: begin an election at term 26 for 0: [73b959bd-e3af-4247-b02b-6987bacc6720:192.168.34.28:45914, 1e780629-3013-4910-b058-82bfaeb575a6:192.168.34.28:46415, 22d85afd-4d4f-492d-93d6-f244982d2d2b:192.168.34.28:33618], old=null
2019-10-23 22:25:53,309 [grpc-default-executor-2] INFO  impl.RaftServerImpl (RaftServerImpl.java:setRole(184)) - 73b959bd-e3af-4247-b02b-6987bacc6720@group-FF494030CC0C: changes role from  FOLLOWER to FOLLOWER at term 26 for recognizeCandidate:1e780629-3013-4910-b058-82bfaeb575a6
2019-10-23 22:25:53,309 [grpc-default-executor-2] INFO  impl.RoleInfo (RoleInfo.java:shutdownFollowerState(121)) - 73b959bd-e3af-4247-b02b-6987bacc6720: shutdown FollowerState
2019-10-23 22:25:53,309 [grpc-default-executor-5] INFO  impl.RaftServerImpl (RaftServerImpl.java:setRole(184)) - 22d85afd-4d4f-492d-93d6-f244982d2d2b@group-FF494030CC0C: changes role from  FOLLOWER to FOLLOWER at term 26 for recognizeCandidate:1e780629-3013-4910-b058-82bfaeb575a6
2019-10-23 22:25:53,309 [grpc-default-executor-2] INFO  impl.RoleInfo (RoleInfo.java:updateAndGet(143)) - 73b959bd-e3af-4247-b02b-6987bacc6720: start FollowerState
2019-10-23 22:25:53,309 [Thread-698] INFO  impl.FollowerState (FollowerState.java:run(117)) - 73b959bd-e3af-4247-b02b-6987bacc6720@group-FF494030CC0C-FollowerState was interrupted: java.lang.InterruptedException: sleep interrupted
2019-10-23 22:25:53,310 [grpc-default-executor-5] INFO  impl.RoleInfo (RoleInfo.java:shutdownFollowerState(121)) - 22d85afd-4d4f-492d-93d6-f244982d2d2b: shutdown FollowerState
2019-10-23 22:25:53,310 [grpc-default-executor-5] INFO  impl.RoleInfo (RoleInfo.java:updateAndGet(143)) - 22d85afd-4d4f-492d-93d6-f244982d2d2b: start FollowerState
2019-10-23 22:25:53,310 [Thread-697] INFO  impl.FollowerState (FollowerState.java:run(117)) - 22d85afd-4d4f-492d-93d6-f244982d2d2b@group-FF494030CC0C-FollowerState was interrupted: java.lang.InterruptedException: sleep interrupted
2019-10-23 22:25:53,325 [1e780629-3013-4910-b058-82bfaeb575a6@group-FF494030CC0C-LeaderElection25] INFO  impl.LeaderElection (LeaderElection.java:logAndReturn(56)) - 1e780629-3013-4910-b058-82bfaeb575a6@group-FF494030CC0C-LeaderElection25: Election REJECTED; received 2 response(s) [1e780629-3013-4910-b058-82bfaeb575a6<-73b959bd-e3af-4247-b02b-6987bacc6720#0:FAIL-t26, 1e780629-3013-4910-b058-82bfaeb575a6<-22d85afd-4d4f-492d-93d6-f244982d2d2b#0:FAIL-t26] and 0 exception(s); 1e780629-3013-4910-b058-82bfaeb575a6@group-FF494030CC0C:t26, leader=null, voted=1e780629-3013-4910-b058-82bfaeb575a6, raftlog=1e780629-3013-4910-b058-82bfaeb575a6@group-FF494030CC0C-SegmentedRaftLog:OPENED:c3,f4,i4, conf=0: [73b959bd-e3af-4247-b02b-6987bacc6720:192.168.34.28:45914, 1e780629-3013-4910-b058-82bfaeb575a6:192.168.34.28:46415, 22d85afd-4d4f-492d-93d6-f244982d2d2b:192.168.34.28:33618], old=null
2019-10-23 22:25:53,325 [1e780629-3013-4910-b058-82bfaeb575a6@group-FF494030CC0C-LeaderElection25] INFO  impl.RaftServerImpl (RaftServerImpl.java:setRole(184)) - 1e780629-3013-4910-b058-82bfaeb575a6@group-FF494030CC0C: changes role from CANDIDATE to FOLLOWER at term 26 for DISCOVERED_A_NEW_TERM
2019-10-23 22:25:53,325 [1e780629-3013-4910-b058-82bfaeb575a6@group-FF494030CC0C-LeaderElection25] INFO  impl.RoleInfo (RoleInfo.java:shutdownLeaderElection(134)) - 1e780629-3013-4910-b058-82bfaeb575a6: shutdown LeaderElection
2019-10-23 22:25:53,325 [1e780629-3013-4910-b058-82bfaeb575a6@group-FF494030CC0C-LeaderElection25] INFO  impl.RoleInfo (RoleInfo.java:updateAndGet(143)) - 1e780629-3013-4910-b058-82bfaeb575a6: start FollowerState
2019-10-23 22:25:53,403 [Thread-705] INFO  impl.FollowerState (FollowerState.java:run(108)) - 1e780629-3013-4910-b058-82bfaeb575a6@group-FF494030CC0C-FollowerState: change to CANDIDATE, lastRpcTime:77ms, electionTimeout:77ms
2019-10-23 22:25:53,403 [Thread-705] INFO  impl.RoleInfo (RoleInfo.java:shutdownFollowerState(121)) - 1e780629-3013-4910-b058-82bfaeb575a6: shutdown FollowerState
2019-10-23 22:25:53,403 [Thread-705] INFO  impl.RaftServerImpl (RaftServerImpl.java:setRole(184)) - 1e780629-3013-4910-b058-82bfaeb575a6@group-FF494030CC0C: changes role from  FOLLOWER to CANDIDATE at term 26 for changeToCandidate
2019-10-23 22:25:53,403 [Thread-705] INFO  impl.RoleInfo (RoleInfo.java:updateAndGet(143)) - 1e780629-3013-4910-b058-82bfaeb575a6: start LeaderElection
2019-10-23 22:25:53,417 [1e780629-3013-4910-b058-82bfaeb575a6@group-FF494030CC0C-LeaderElection26] INFO  impl.LeaderElection (LeaderElection.java:askForVotes(178)) - 1e780629-3013-4910-b058-82bfaeb575a6@group-FF494030CC0C-LeaderElection26: begin an election at term 27 for 0: [73b959bd-e3af-4247-b02b-6987bacc6720:192.168.34.28:45914, 1e780629-3013-4910-b058-82bfaeb575a6:192.168.34.28:46415, 22d85afd-4d4f-492d-93d6-f244982d2d2b:192.168.34.28:33618], old=null
2019-10-23 22:25:53,420 [grpc-default-executor-2] INFO  impl.RaftServerImpl (RaftServerImpl.java:setRole(184)) - 73b959bd-e3af-4247-b02b-6987bacc6720@group-FF494030CC0C: changes role from  FOLLOWER to FOLLOWER at term 27 for recognizeCandidate:1e780629-3013-4910-b058-82bfaeb575a6
2019-10-23 22:25:53,420 [grpc-default-executor-2] INFO  impl.RoleInfo (RoleInfo.java:shutdownFollowerState(121)) - 73b959bd-e3af-4247-b02b-6987bacc6720: shutdown FollowerState
2019-10-23 22:25:53,420 [Thread-703] INFO  impl.FollowerState (FollowerState.java:run(117)) - 73b959bd-e3af-4247-b02b-6987bacc6720@group-FF494030CC0C-FollowerState was interrupted: java.lang.InterruptedException: sleep interrupted
2019-10-23 22:25:53,420 [grpc-default-executor-5] INFO  impl.RaftServerImpl (RaftServerImpl.java:setRole(184)) - 22d85afd-4d4f-492d-93d6-f244982d2d2b@group-FF494030CC0C: changes role from  FOLLOWER to FOLLOWER at term 27 for recognizeCandidate:1e780629-3013-4910-b058-82bfaeb575a6
2019-10-23 22:25:53,420 [grpc-default-executor-5] INFO  impl.RoleInfo (RoleInfo.java:shutdownFollowerState(121)) - 22d85afd-4d4f-492d-93d6-f244982d2d2b: shutdown FollowerState
2019-10-23 22:25:53,420 [grpc-default-executor-2] INFO  impl.RoleInfo (RoleInfo.java:updateAndGet(143)) - 73b959bd-e3af-4247-b02b-6987bacc6720: start FollowerState
2019-10-23 22:25:53,421 [Thread-704] INFO  impl.FollowerState (FollowerState.java:run(117)) - 22d85afd-4d4f-492d-93d6-f244982d2d2b@group-FF494030CC0C-FollowerState was interrupted: java.lang.InterruptedException: sleep interrupted
2019-10-23 22:25:53,421 [grpc-default-executor-5] INFO  impl.RoleInfo (RoleInfo.java:updateAndGet(143)) - 22d85afd-4d4f-492d-93d6-f244982d2d2b: start FollowerState
2019-10-23 22:25:53,436 [1e780629-3013-4910-b058-82bfaeb575a6@group-FF494030CC0C-LeaderElection26] INFO  impl.LeaderElection (LeaderElection.java:logAndReturn(56)) - 1e780629-3013-4910-b058-82bfaeb575a6@group-FF494030CC0C-LeaderElection26: Election REJECTED; received 2 response(s) [1e780629-3013-4910-b058-82bfaeb575a6<-73b959bd-e3af-4247-b02b-6987bacc6720#0:FAIL-t27, 1e780629-3013-4910-b058-82bfaeb575a6<-22d85afd-4d4f-492d-93d6-f244982d2d2b#0:FAIL-t27] and 0 exception(s); 1e780629-3013-4910-b058-82bfaeb575a6@group-FF494030CC0C:t27, leader=null, voted=1e780629-3013-4910-b058-82bfaeb575a6, raftlog=1e780629-3013-4910-b058-82bfaeb575a6@group-FF494030CC0C-SegmentedRaftLog:OPENED:c3,f4,i4, conf=0: [73b959bd-e3af-4247-b02b-6987bacc6720:192.168.34.28:45914, 1e780629-3013-4910-b058-82bfaeb575a6:192.168.34.28:46415, 22d85afd-4d4f-492d-93d6-f244982d2d2b:192.168.34.28:33618], old=null
2019-10-23 22:25:53,436 [1e780629-3013-4910-b058-82bfaeb575a6@group-FF494030CC0C-LeaderElection26] INFO  impl.RaftServerImpl (RaftServerImpl.java:setRole(184)) - 1e780629-3013-4910-b058-82bfaeb575a6@group-FF494030CC0C: changes role from CANDIDATE to FOLLOWER at term 27 for DISCOVERED_A_NEW_TERM
2019-10-23 22:25:53,436 [1e780629-3013-4910-b058-82bfaeb575a6@group-FF494030CC0C-LeaderElection26] INFO  impl.RoleInfo (RoleInfo.java:shutdownLeaderElection(134)) - 1e780629-3013-4910-b058-82bfaeb575a6: shutdown LeaderElection
2019-10-23 22:25:53,436 [1e780629-3013-4910-b058-82bfaeb575a6@group-FF494030CC0C-LeaderElection26] INFO  impl.RoleInfo (RoleInfo.java:updateAndGet(143)) - 1e780629-3013-4910-b058-82bfaeb575a6: start FollowerState
2019-10-23 22:25:53,492 [Thread-711] INFO  impl.FollowerState (FollowerState.java:run(108)) - 1e780629-3013-4910-b058-82bfaeb575a6@group-FF494030CC0C-FollowerState: change to CANDIDATE, lastRpcTime:55ms, electionTimeout:55ms
2019-10-23 22:25:53,492 [Thread-711] INFO  impl.RoleInfo (RoleInfo.java:shutdownFollowerState(121)) - 1e780629-3013-4910-b058-82bfaeb575a6: shutdown FollowerState
2019-10-23 22:25:53,492 [Thread-711] INFO  impl.RaftServerImpl (RaftServerImpl.java:setRole(184)) - 1e780629-3013-4910-b058-82bfaeb575a6@group-FF494030CC0C: changes role from  FOLLOWER to CANDIDATE at term 27 for changeToCandidate
2019-10-23 22:25:53,492 [Thread-711] INFO  impl.RoleInfo (RoleInfo.java:updateAndGet(143)) - 1e780629-3013-4910-b058-82bfaeb575a6: start LeaderElection
2019-10-23 22:25:53,506 [1e780629-3013-4910-b058-82bfaeb575a6@group-FF494030CC0C-LeaderElection27] INFO  impl.LeaderElection (LeaderElection.java:askForVotes(178)) - 1e780629-3013-4910-b058-82bfaeb575a6@group-FF494030CC0C-LeaderElection27: begin an election at term 28 for 0: [73b959bd-e3af-4247-b02b-6987bacc6720:192.168.34.28:45914, 1e780629-3013-4910-b058-82bfaeb575a6:192.168.34.28:46415, 22d85afd-4d4f-492d-93d6-f244982d2d2b:192.168.34.28:33618], old=null
2019-10-23 22:25:53,508 [grpc-default-executor-5] INFO  impl.RaftServerImpl (RaftServerImpl.java:setRole(184)) - 73b959bd-e3af-4247-b02b-6987bacc6720@group-FF494030CC0C: changes role from  FOLLOWER to FOLLOWER at term 28 for recognizeCandidate:1e780629-3013-4910-b058-82bfaeb575a6
2019-10-23 22:25:53,509 [grpc-default-executor-5] INFO  impl.RoleInfo (RoleInfo.java:shutdownFollowerState(121)) - 73b959bd-e3af-4247-b02b-6987bacc6720: shutdown FollowerState
2019-10-23 22:25:53,509 [grpc-default-executor-2] INFO  impl.RaftServerImpl (RaftServerImpl.java:setRole(184)) - 22d85afd-4d4f-492d-93d6-f244982d2d2b@group-FF494030CC0C: changes role from  FOLLOWER to FOLLOWER at term 28 for recognizeCandidate:1e780629-3013-4910-b058-82bfaeb575a6
2019-10-23 22:25:53,509 [grpc-default-executor-2] INFO  impl.RoleInfo (RoleInfo.java:shutdownFollowerState(121)) - 22d85afd-4d4f-492d-93d6-f244982d2d2b: shutdown FollowerState
2019-10-23 22:25:53,509 [Thread-709] INFO  impl.FollowerState (FollowerState.java:run(117)) - 73b959bd-e3af-4247-b02b-6987bacc6720@group-FF494030CC0C-FollowerState was interrupted: java.lang.InterruptedException: sleep interrupted
2019-10-23 22:25:53,509 [grpc-default-executor-5] INFO  impl.RoleInfo (RoleInfo.java:updateAndGet(143)) - 73b959bd-e3af-4247-b02b-6987bacc6720: start FollowerState
2019-10-23 22:25:53,509 [Thread-710] INFO  impl.FollowerState (FollowerState.java:run(117)) - 22d85afd-4d4f-492d-93d6-f244982d2d2b@group-FF494030CC0C-FollowerState was interrupted: java.lang.InterruptedException: sleep interrupted
2019-10-23 22:25:53,509 [grpc-default-executor-2] INFO  impl.RoleInfo (RoleInfo.java:updateAndGet(143)) - 22d85afd-4d4f-492d-93d6-f244982d2d2b: start FollowerState
2019-10-23 22:25:53,528 [1e780629-3013-4910-b058-82bfaeb575a6@group-FF494030CC0C-LeaderElection27] INFO  impl.LeaderElection (LeaderElection.java:logAndReturn(56)) - 1e780629-3013-4910-b058-82bfaeb575a6@group-FF494030CC0C-LeaderElection27: Election REJECTED; received 2 response(s) [1e780629-3013-4910-b058-82bfaeb575a6<-73b959bd-e3af-4247-b02b-6987bacc6720#0:FAIL-t28, 1e780629-3013-4910-b058-82bfaeb575a6<-22d85afd-4d4f-492d-93d6-f244982d2d2b#0:FAIL-t28] and 0 exception(s); 1e780629-3013-4910-b058-82bfaeb575a6@group-FF494030CC0C:t28, leader=null, voted=1e780629-3013-4910-b058-82bfaeb575a6, raftlog=1e780629-3013-4910-b058-82bfaeb575a6@group-FF494030CC0C-SegmentedRaftLog:OPENED:c3,f4,i4, conf=0: [73b959bd-e3af-4247-b02b-6987bacc6720:192.168.34.28:45914, 1e780629-3013-4910-b058-82bfaeb575a6:192.168.34.28:46415, 22d85afd-4d4f-492d-93d6-f244982d2d2b:192.168.34.28:33618], old=null
2019-10-23 22:25:53,528 [1e780629-3013-4910-b058-82bfaeb575a6@group-FF494030CC0C-LeaderElection27] INFO  impl.RaftServerImpl (RaftServerImpl.java:setRole(184)) - 1e780629-3013-4910-b058-82bfaeb575a6@group-FF494030CC0C: changes role from CANDIDATE to FOLLOWER at term 28 for DISCOVERED_A_NEW_TERM
2019-10-23 22:25:53,528 [1e780629-3013-4910-b058-82bfaeb575a6@group-FF494030CC0C-LeaderElection27] INFO  impl.RoleInfo (RoleInfo.java:shutdownLeaderElection(134)) - 1e780629-3013-4910-b058-82bfaeb575a6: shutdown LeaderElection
2019-10-23 22:25:53,529 [1e780629-3013-4910-b058-82bfaeb575a6@group-FF494030CC0C-LeaderElection27] INFO  impl.RoleInfo (RoleInfo.java:updateAndGet(143)) - 1e780629-3013-4910-b058-82bfaeb575a6: start FollowerState
2019-10-23 22:25:53,589 [BlockDeletingService#8] WARN  background.BlockDeletingService (BlockDeletingService.java:isDeletionAllowed(187)) - Close Container log Index 6 is not replicated across allthe servers in the pipeline d8220d6b-da92-433e-abb5-ff494030cc0c as the min replicated index is 4. Deletion is not allowed in this container yet.
2019-10-23 22:25:53,589 [BlockDeletingService#2] WARN  background.BlockDeletingService (BlockDeletingService.java:isDeletionAllowed(187)) - Close Container log Index 6 is not replicated across allthe servers in the pipeline d8220d6b-da92-433e-abb5-ff494030cc0c as the min replicated index is 4. Deletion is not allowed in this container yet.
2019-10-23 22:25:53,702 [Thread-717] INFO  impl.FollowerState (FollowerState.java:run(108)) - 1e780629-3013-4910-b058-82bfaeb575a6@group-FF494030CC0C-FollowerState: change to CANDIDATE, lastRpcTime:173ms, electionTimeout:173ms
2019-10-23 22:25:53,702 [Thread-717] INFO  impl.RoleInfo (RoleInfo.java:shutdownFollowerState(121)) - 1e780629-3013-4910-b058-82bfaeb575a6: shutdown FollowerState
2019-10-23 22:25:53,702 [Thread-717] INFO  impl.RaftServerImpl (RaftServerImpl.java:setRole(184)) - 1e780629-3013-4910-b058-82bfaeb575a6@group-FF494030CC0C: changes role from  FOLLOWER to CANDIDATE at term 28 for changeToCandidate
2019-10-23 22:25:53,702 [Thread-717] INFO  impl.RoleInfo (RoleInfo.java:updateAndGet(143)) - 1e780629-3013-4910-b058-82bfaeb575a6: start LeaderElection
2019-10-23 22:25:53,717 [1e780629-3013-4910-b058-82bfaeb575a6@group-FF494030CC0C-LeaderElection28] INFO  impl.LeaderElection (LeaderElection.java:askForVotes(178)) - 1e780629-3013-4910-b058-82bfaeb575a6@group-FF494030CC0C-LeaderElection28: begin an election at term 29 for 0: [73b959bd-e3af-4247-b02b-6987bacc6720:192.168.34.28:45914, 1e780629-3013-4910-b058-82bfaeb575a6:192.168.34.28:46415, 22d85afd-4d4f-492d-93d6-f244982d2d2b:192.168.34.28:33618], old=null
2019-10-23 22:25:53,720 [grpc-default-executor-2] INFO  impl.RaftServerImpl (RaftServerImpl.java:setRole(184)) - 73b959bd-e3af-4247-b02b-6987bacc6720@group-FF494030CC0C: changes role from  FOLLOWER to FOLLOWER at term 29 for recognizeCandidate:1e780629-3013-4910-b058-82bfaeb575a6
2019-10-23 22:25:53,720 [grpc-default-executor-5] INFO  impl.RaftServerImpl (RaftServerImpl.java:setRole(184)) - 22d85afd-4d4f-492d-93d6-f244982d2d2b@group-FF494030CC0C: changes role from  FOLLOWER to FOLLOWER at term 29 for recognizeCandidate:1e780629-3013-4910-b058-82bfaeb575a6
2019-10-23 22:25:53,720 [grpc-default-executor-2] INFO  impl.RoleInfo (RoleInfo.java:shutdownFollowerState(121)) - 73b959bd-e3af-4247-b02b-6987bacc6720: shutdown FollowerState
2019-10-23 22:25:53,720 [grpc-default-executor-5] INFO  impl.RoleInfo (RoleInfo.java:shutdownFollowerState(121)) - 22d85afd-4d4f-492d-93d6-f244982d2d2b: shutdown FollowerState
2019-10-23 22:25:53,721 [Thread-715] INFO  impl.FollowerState (FollowerState.java:run(117)) - 73b959bd-e3af-4247-b02b-6987bacc6720@group-FF494030CC0C-FollowerState was interrupted: java.lang.InterruptedException: sleep interrupted
2019-10-23 22:25:53,721 [grpc-default-executor-2] INFO  impl.RoleInfo (RoleInfo.java:updateAndGet(143)) - 73b959bd-e3af-4247-b02b-6987bacc6720: start FollowerState
2019-10-23 22:25:53,721 [grpc-default-executor-5] INFO  impl.RoleInfo (RoleInfo.java:updateAndGet(143)) - 22d85afd-4d4f-492d-93d6-f244982d2d2b: start FollowerState
2019-10-23 22:25:53,721 [Thread-716] INFO  impl.FollowerState (FollowerState.java:run(117)) - 22d85afd-4d4f-492d-93d6-f244982d2d2b@group-FF494030CC0C-FollowerState was interrupted: java.lang.InterruptedException: sleep interrupted
2019-10-23 22:25:53,736 [1e780629-3013-4910-b058-82bfaeb575a6@group-FF494030CC0C-LeaderElection28] INFO  impl.LeaderElection (LeaderElection.java:logAndReturn(56)) - 1e780629-3013-4910-b058-82bfaeb575a6@group-FF494030CC0C-LeaderElection28: Election REJECTED; received 2 response(s) [1e780629-3013-4910-b058-82bfaeb575a6<-73b959bd-e3af-4247-b02b-6987bacc6720#0:FAIL-t29, 1e780629-3013-4910-b058-82bfaeb575a6<-22d85afd-4d4f-492d-93d6-f244982d2d2b#0:FAIL-t29] and 0 exception(s); 1e780629-3013-4910-b058-82bfaeb575a6@group-FF494030CC0C:t29, leader=null, voted=1e780629-3013-4910-b058-82bfaeb575a6, raftlog=1e780629-3013-4910-b058-82bfaeb575a6@group-FF494030CC0C-SegmentedRaftLog:OPENED:c3,f4,i4, conf=0: [73b959bd-e3af-4247-b02b-6987bacc6720:192.168.34.28:45914, 1e780629-3013-4910-b058-82bfaeb575a6:192.168.34.28:46415, 22d85afd-4d4f-492d-93d6-f244982d2d2b:192.168.34.28:33618], old=null
2019-10-23 22:25:53,736 [1e780629-3013-4910-b058-82bfaeb575a6@group-FF494030CC0C-LeaderElection28] INFO  impl.RaftServerImpl (RaftServerImpl.java:setRole(184)) - 1e780629-3013-4910-b058-82bfaeb575a6@group-FF494030CC0C: changes role from CANDIDATE to FOLLOWER at term 29 for DISCOVERED_A_NEW_TERM
2019-10-23 22:25:53,736 [1e780629-3013-4910-b058-82bfaeb575a6@group-FF494030CC0C-LeaderElection28] INFO  impl.RoleInfo (RoleInfo.java:shutdownLeaderElection(134)) - 1e780629-3013-4910-b058-82bfaeb575a6: shutdown LeaderElection
2019-10-23 22:25:53,736 [1e780629-3013-4910-b058-82bfaeb575a6@group-FF494030CC0C-LeaderElection28] INFO  impl.RoleInfo (RoleInfo.java:updateAndGet(143)) - 1e780629-3013-4910-b058-82bfaeb575a6: start FollowerState
2019-10-23 22:25:53,858 [Thread-725] INFO  impl.FollowerState (FollowerState.java:run(108)) - 1e780629-3013-4910-b058-82bfaeb575a6@group-FF494030CC0C-FollowerState: change to CANDIDATE, lastRpcTime:121ms, electionTimeout:121ms
2019-10-23 22:25:53,858 [Thread-725] INFO  impl.RoleInfo (RoleInfo.java:shutdownFollowerState(121)) - 1e780629-3013-4910-b058-82bfaeb575a6: shutdown FollowerState
2019-10-23 22:25:53,858 [Thread-725] INFO  impl.RaftServerImpl (RaftServerImpl.java:setRole(184)) - 1e780629-3013-4910-b058-82bfaeb575a6@group-FF494030CC0C: changes role from  FOLLOWER to CANDIDATE at term 29 for changeToCandidate
2019-10-23 22:25:53,858 [Thread-725] INFO  impl.RoleInfo (RoleInfo.java:updateAndGet(143)) - 1e780629-3013-4910-b058-82bfaeb575a6: start LeaderElection
2019-10-23 22:25:53,872 [1e780629-3013-4910-b058-82bfaeb575a6@group-FF494030CC0C-LeaderElection29] INFO  impl.LeaderElection (LeaderElection.java:askForVotes(178)) - 1e780629-3013-4910-b058-82bfaeb575a6@group-FF494030CC0C-LeaderElection29: begin an election at term 30 for 0: [73b959bd-e3af-4247-b02b-6987bacc6720:192.168.34.28:45914, 1e780629-3013-4910-b058-82bfaeb575a6:192.168.34.28:46415, 22d85afd-4d4f-492d-93d6-f244982d2d2b:192.168.34.28:33618], old=null
2019-10-23 22:25:53,875 [grpc-default-executor-2] INFO  impl.RaftServerImpl (RaftServerImpl.java:setRole(184)) - 22d85afd-4d4f-492d-93d6-f244982d2d2b@group-FF494030CC0C: changes role from  FOLLOWER to FOLLOWER at term 30 for recognizeCandidate:1e780629-3013-4910-b058-82bfaeb575a6
2019-10-23 22:25:53,875 [grpc-default-executor-5] INFO  impl.RaftServerImpl (RaftServerImpl.java:setRole(184)) - 73b959bd-e3af-4247-b02b-6987bacc6720@group-FF494030CC0C: changes role from  FOLLOWER to FOLLOWER at term 30 for recognizeCandidate:1e780629-3013-4910-b058-82bfaeb575a6
2019-10-23 22:25:53,875 [grpc-default-executor-2] INFO  impl.RoleInfo (RoleInfo.java:shutdownFollowerState(121)) - 22d85afd-4d4f-492d-93d6-f244982d2d2b: shutdown FollowerState
2019-10-23 22:25:53,875 [grpc-default-executor-5] INFO  impl.RoleInfo (RoleInfo.java:shutdownFollowerState(121)) - 73b959bd-e3af-4247-b02b-6987bacc6720: shutdown FollowerState
2019-10-23 22:25:53,875 [Thread-724] INFO  impl.FollowerState (FollowerState.java:run(117)) - 22d85afd-4d4f-492d-93d6-f244982d2d2b@group-FF494030CC0C-FollowerState was interrupted: java.lang.InterruptedException: sleep interrupted
2019-10-23 22:25:53,875 [grpc-default-executor-2] INFO  impl.RoleInfo (RoleInfo.java:updateAndGet(143)) - 22d85afd-4d4f-492d-93d6-f244982d2d2b: start FollowerState
2019-10-23 22:25:53,876 [grpc-default-executor-5] INFO  impl.RoleInfo (RoleInfo.java:updateAndGet(143)) - 73b959bd-e3af-4247-b02b-6987bacc6720: start FollowerState
2019-10-23 22:25:53,876 [Thread-723] INFO  impl.FollowerState (FollowerState.java:run(117)) - 73b959bd-e3af-4247-b02b-6987bacc6720@group-FF494030CC0C-FollowerState was interrupted: java.lang.InterruptedException: sleep interrupted
2019-10-23 22:25:53,890 [1e780629-3013-4910-b058-82bfaeb575a6@group-FF494030CC0C-LeaderElection29] INFO  impl.LeaderElection (LeaderElection.java:logAndReturn(56)) - 1e780629-3013-4910-b058-82bfaeb575a6@group-FF494030CC0C-LeaderElection29: Election REJECTED; received 2 response(s) [1e780629-3013-4910-b058-82bfaeb575a6<-73b959bd-e3af-4247-b02b-6987bacc6720#0:FAIL-t30, 1e780629-3013-4910-b058-82bfaeb575a6<-22d85afd-4d4f-492d-93d6-f244982d2d2b#0:FAIL-t30] and 0 exception(s); 1e780629-3013-4910-b058-82bfaeb575a6@group-FF494030CC0C:t30, leader=null, voted=1e780629-3013-4910-b058-82bfaeb575a6, raftlog=1e780629-3013-4910-b058-82bfaeb575a6@group-FF494030CC0C-SegmentedRaftLog:OPENED:c3,f4,i4, conf=0: [73b959bd-e3af-4247-b02b-6987bacc6720:192.168.34.28:45914, 1e780629-3013-4910-b058-82bfaeb575a6:192.168.34.28:46415, 22d85afd-4d4f-492d-93d6-f244982d2d2b:192.168.34.28:33618], old=null
2019-10-23 22:25:53,890 [1e780629-3013-4910-b058-82bfaeb575a6@group-FF494030CC0C-LeaderElection29] INFO  impl.RaftServerImpl (RaftServerImpl.java:setRole(184)) - 1e780629-3013-4910-b058-82bfaeb575a6@group-FF494030CC0C: changes role from CANDIDATE to FOLLOWER at term 30 for DISCOVERED_A_NEW_TERM
2019-10-23 22:25:53,890 [1e780629-3013-4910-b058-82bfaeb575a6@group-FF494030CC0C-LeaderElection29] INFO  impl.RoleInfo (RoleInfo.java:shutdownLeaderElection(134)) - 1e780629-3013-4910-b058-82bfaeb575a6: shutdown LeaderElection
2019-10-23 22:25:53,890 [1e780629-3013-4910-b058-82bfaeb575a6@group-FF494030CC0C-LeaderElection29] INFO  impl.RoleInfo (RoleInfo.java:updateAndGet(143)) - 1e780629-3013-4910-b058-82bfaeb575a6: start FollowerState
2019-10-23 22:25:53,913 [Thread-732] INFO  impl.FollowerState (FollowerState.java:run(108)) - 1e780629-3013-4910-b058-82bfaeb575a6@group-FF494030CC0C-FollowerState: change to CANDIDATE, lastRpcTime:22ms, electionTimeout:22ms
2019-10-23 22:25:53,913 [Thread-732] INFO  impl.RoleInfo (RoleInfo.java:shutdownFollowerState(121)) - 1e780629-3013-4910-b058-82bfaeb575a6: shutdown FollowerState
2019-10-23 22:25:53,913 [Thread-732] INFO  impl.RaftServerImpl (RaftServerImpl.java:setRole(184)) - 1e780629-3013-4910-b058-82bfaeb575a6@group-FF494030CC0C: changes role from  FOLLOWER to CANDIDATE at term 30 for changeToCandidate
2019-10-23 22:25:53,913 [Thread-732] INFO  impl.RoleInfo (RoleInfo.java:updateAndGet(143)) - 1e780629-3013-4910-b058-82bfaeb575a6: start LeaderElection
2019-10-23 22:25:53,927 [1e780629-3013-4910-b058-82bfaeb575a6@group-FF494030CC0C-LeaderElection30] INFO  impl.LeaderElection (LeaderElection.java:askForVotes(178)) - 1e780629-3013-4910-b058-82bfaeb575a6@group-FF494030CC0C-LeaderElection30: begin an election at term 31 for 0: [73b959bd-e3af-4247-b02b-6987bacc6720:192.168.34.28:45914, 1e780629-3013-4910-b058-82bfaeb575a6:192.168.34.28:46415, 22d85afd-4d4f-492d-93d6-f244982d2d2b:192.168.34.28:33618], old=null
2019-10-23 22:25:53,929 [grpc-default-executor-2] INFO  impl.RaftServerImpl (RaftServerImpl.java:setRole(184)) - 22d85afd-4d4f-492d-93d6-f244982d2d2b@group-FF494030CC0C: changes role from  FOLLOWER to FOLLOWER at term 31 for recognizeCandidate:1e780629-3013-4910-b058-82bfaeb575a6
2019-10-23 22:25:53,929 [grpc-default-executor-5] INFO  impl.RaftServerImpl (RaftServerImpl.java:setRole(184)) - 73b959bd-e3af-4247-b02b-6987bacc6720@group-FF494030CC0C: changes role from  FOLLOWER to FOLLOWER at term 31 for recognizeCandidate:1e780629-3013-4910-b058-82bfaeb575a6
2019-10-23 22:25:53,929 [grpc-default-executor-2] INFO  impl.RoleInfo (RoleInfo.java:shutdownFollowerState(121)) - 22d85afd-4d4f-492d-93d6-f244982d2d2b: shutdown FollowerState
2019-10-23 22:25:53,929 [grpc-default-executor-5] INFO  impl.RoleInfo (RoleInfo.java:shutdownFollowerState(121)) - 73b959bd-e3af-4247-b02b-6987bacc6720: shutdown FollowerState
2019-10-23 22:25:53,930 [grpc-default-executor-2] INFO  impl.RoleInfo (RoleInfo.java:updateAndGet(143)) - 22d85afd-4d4f-492d-93d6-f244982d2d2b: start FollowerState
2019-10-23 22:25:53,930 [Thread-731] INFO  impl.FollowerState (FollowerState.java:run(117)) - 73b959bd-e3af-4247-b02b-6987bacc6720@group-FF494030CC0C-FollowerState was interrupted: java.lang.InterruptedException: sleep interrupted
2019-10-23 22:25:53,930 [grpc-default-executor-5] INFO  impl.RoleInfo (RoleInfo.java:updateAndGet(143)) - 73b959bd-e3af-4247-b02b-6987bacc6720: start FollowerState
2019-10-23 22:25:53,930 [Thread-730] INFO  impl.FollowerState (FollowerState.java:run(117)) - 22d85afd-4d4f-492d-93d6-f244982d2d2b@group-FF494030CC0C-FollowerState was interrupted: java.lang.InterruptedException: sleep interrupted
2019-10-23 22:25:53,931 [1e780629-3013-4910-b058-82bfaeb575a6@group-FF494030CC0C-LeaderElection30] INFO  impl.LeaderElection (LeaderElection.java:logAndReturn(56)) - 1e780629-3013-4910-b058-82bfaeb575a6@group-FF494030CC0C-LeaderElection30: Election TIMEOUT; received 0 response(s) [] and 0 exception(s); 1e780629-3013-4910-b058-82bfaeb575a6@group-FF494030CC0C:t31, leader=null, voted=1e780629-3013-4910-b058-82bfaeb575a6, raftlog=1e780629-3013-4910-b058-82bfaeb575a6@group-FF494030CC0C-SegmentedRaftLog:OPENED:c3,f4,i4, conf=0: [73b959bd-e3af-4247-b02b-6987bacc6720:192.168.34.28:45914, 1e780629-3013-4910-b058-82bfaeb575a6:192.168.34.28:46415, 22d85afd-4d4f-492d-93d6-f244982d2d2b:192.168.34.28:33618], old=null
2019-10-23 22:25:53,943 [1e780629-3013-4910-b058-82bfaeb575a6@group-FF494030CC0C-LeaderElection30] INFO  impl.LeaderElection (LeaderElection.java:askForVotes(178)) - 1e780629-3013-4910-b058-82bfaeb575a6@group-FF494030CC0C-LeaderElection30: begin an election at term 32 for 0: [73b959bd-e3af-4247-b02b-6987bacc6720:192.168.34.28:45914, 1e780629-3013-4910-b058-82bfaeb575a6:192.168.34.28:46415, 22d85afd-4d4f-492d-93d6-f244982d2d2b:192.168.34.28:33618], old=null
2019-10-23 22:25:53,945 [grpc-default-executor-2] INFO  impl.RaftServerImpl (RaftServerImpl.java:setRole(184)) - 73b959bd-e3af-4247-b02b-6987bacc6720@group-FF494030CC0C: changes role from  FOLLOWER to FOLLOWER at term 32 for recognizeCandidate:1e780629-3013-4910-b058-82bfaeb575a6
2019-10-23 22:25:53,946 [grpc-default-executor-5] INFO  impl.RaftServerImpl (RaftServerImpl.java:setRole(184)) - 22d85afd-4d4f-492d-93d6-f244982d2d2b@group-FF494030CC0C: changes role from  FOLLOWER to FOLLOWER at term 32 for recognizeCandidate:1e780629-3013-4910-b058-82bfaeb575a6
2019-10-23 22:25:53,946 [grpc-default-executor-2] INFO  impl.RoleInfo (RoleInfo.java:shutdownFollowerState(121)) - 73b959bd-e3af-4247-b02b-6987bacc6720: shutdown FollowerState
2019-10-23 22:25:53,946 [grpc-default-executor-5] INFO  impl.RoleInfo (RoleInfo.java:shutdownFollowerState(121)) - 22d85afd-4d4f-492d-93d6-f244982d2d2b: shutdown FollowerState
2019-10-23 22:25:53,946 [Thread-737] INFO  impl.FollowerState (FollowerState.java:run(117)) - 73b959bd-e3af-4247-b02b-6987bacc6720@group-FF494030CC0C-FollowerState was interrupted: java.lang.InterruptedException: sleep interrupted
2019-10-23 22:25:53,946 [grpc-default-executor-5] INFO  impl.RoleInfo (RoleInfo.java:updateAndGet(143)) - 22d85afd-4d4f-492d-93d6-f244982d2d2b: start FollowerState
2019-10-23 22:25:53,946 [Thread-736] INFO  impl.FollowerState (FollowerState.java:run(117)) - 22d85afd-4d4f-492d-93d6-f244982d2d2b@group-FF494030CC0C-FollowerState was interrupted: java.lang.InterruptedException: sleep interrupted
2019-10-23 22:25:53,946 [grpc-default-executor-2] INFO  impl.RoleInfo (RoleInfo.java:updateAndGet(143)) - 73b959bd-e3af-4247-b02b-6987bacc6720: start FollowerState
2019-10-23 22:25:53,960 [1e780629-3013-4910-b058-82bfaeb575a6@group-FF494030CC0C-LeaderElection30] INFO  impl.LeaderElection (LeaderElection.java:logAndReturn(56)) - 1e780629-3013-4910-b058-82bfaeb575a6@group-FF494030CC0C-LeaderElection30: Election REJECTED; received 2 response(s) [1e780629-3013-4910-b058-82bfaeb575a6<-73b959bd-e3af-4247-b02b-6987bacc6720#0:FAIL-t32, 1e780629-3013-4910-b058-82bfaeb575a6<-22d85afd-4d4f-492d-93d6-f244982d2d2b#0:FAIL-t32] and 0 exception(s); 1e780629-3013-4910-b058-82bfaeb575a6@group-FF494030CC0C:t32, leader=null, voted=1e780629-3013-4910-b058-82bfaeb575a6, raftlog=1e780629-3013-4910-b058-82bfaeb575a6@group-FF494030CC0C-SegmentedRaftLog:OPENED:c3,f4,i4, conf=0: [73b959bd-e3af-4247-b02b-6987bacc6720:192.168.34.28:45914, 1e780629-3013-4910-b058-82bfaeb575a6:192.168.34.28:46415, 22d85afd-4d4f-492d-93d6-f244982d2d2b:192.168.34.28:33618], old=null
2019-10-23 22:25:53,961 [1e780629-3013-4910-b058-82bfaeb575a6@group-FF494030CC0C-LeaderElection30] INFO  impl.RaftServerImpl (RaftServerImpl.java:setRole(184)) - 1e780629-3013-4910-b058-82bfaeb575a6@group-FF494030CC0C: changes role from CANDIDATE to FOLLOWER at term 32 for DISCOVERED_A_NEW_TERM
2019-10-23 22:25:53,961 [1e780629-3013-4910-b058-82bfaeb575a6@group-FF494030CC0C-LeaderElection30] INFO  impl.RoleInfo (RoleInfo.java:shutdownLeaderElection(134)) - 1e780629-3013-4910-b058-82bfaeb575a6: shutdown LeaderElection
2019-10-23 22:25:53,961 [1e780629-3013-4910-b058-82bfaeb575a6@group-FF494030CC0C-LeaderElection30] INFO  impl.RoleInfo (RoleInfo.java:updateAndGet(143)) - 1e780629-3013-4910-b058-82bfaeb575a6: start FollowerState
2019-10-23 22:25:54,059 [Thread-744] INFO  client.GrpcClientProtocolService (GrpcClientProtocolService.java:lambda$processClientRequest$0(278)) - Failed RaftClientRequest:client-13138D705F93->1e780629-3013-4910-b058-82bfaeb575a6@group-FF494030CC0C, cid=10, seq=0, Watch-ALL_COMMITTED(6), Message:<EMPTY>, reply=RaftClientReply:client-13138D705F93->1e780629-3013-4910-b058-82bfaeb575a6@group-FF494030CC0C, cid=10, FAILED org.apache.ratis.protocol.NotLeaderException: Server 1e780629-3013-4910-b058-82bfaeb575a6@group-FF494030CC0C is not the leader, logIndex=0, commits[1e780629-3013-4910-b058-82bfaeb575a6:c3]
2019-10-23 22:25:54,064 [Thread-742] INFO  impl.FollowerState (FollowerState.java:run(108)) - 1e780629-3013-4910-b058-82bfaeb575a6@group-FF494030CC0C-FollowerState: change to CANDIDATE, lastRpcTime:102ms, electionTimeout:102ms
2019-10-23 22:25:54,064 [Thread-742] INFO  impl.RoleInfo (RoleInfo.java:shutdownFollowerState(121)) - 1e780629-3013-4910-b058-82bfaeb575a6: shutdown FollowerState
2019-10-23 22:25:54,064 [Thread-742] INFO  impl.RaftServerImpl (RaftServerImpl.java:setRole(184)) - 1e780629-3013-4910-b058-82bfaeb575a6@group-FF494030CC0C: changes role from  FOLLOWER to CANDIDATE at term 32 for changeToCandidate
2019-10-23 22:25:54,064 [Thread-742] INFO  impl.RoleInfo (RoleInfo.java:updateAndGet(143)) - 1e780629-3013-4910-b058-82bfaeb575a6: start LeaderElection
2019-10-23 22:25:54,078 [1e780629-3013-4910-b058-82bfaeb575a6@group-FF494030CC0C-LeaderElection31] INFO  impl.LeaderElection (LeaderElection.java:askForVotes(178)) - 1e780629-3013-4910-b058-82bfaeb575a6@group-FF494030CC0C-LeaderElection31: begin an election at term 33 for 0: [73b959bd-e3af-4247-b02b-6987bacc6720:192.168.34.28:45914, 1e780629-3013-4910-b058-82bfaeb575a6:192.168.34.28:46415, 22d85afd-4d4f-492d-93d6-f244982d2d2b:192.168.34.28:33618], old=null
2019-10-23 22:25:54,080 [grpc-default-executor-2] INFO  impl.RaftServerImpl (RaftServerImpl.java:setRole(184)) - 22d85afd-4d4f-492d-93d6-f244982d2d2b@group-FF494030CC0C: changes role from  FOLLOWER to FOLLOWER at term 33 for recognizeCandidate:1e780629-3013-4910-b058-82bfaeb575a6
2019-10-23 22:25:54,080 [grpc-default-executor-5] INFO  impl.RaftServerImpl (RaftServerImpl.java:setRole(184)) - 73b959bd-e3af-4247-b02b-6987bacc6720@group-FF494030CC0C: changes role from  FOLLOWER to FOLLOWER at term 33 for recognizeCandidate:1e780629-3013-4910-b058-82bfaeb575a6
2019-10-23 22:25:54,080 [grpc-default-executor-2] INFO  impl.RoleInfo (RoleInfo.java:shutdownFollowerState(121)) - 22d85afd-4d4f-492d-93d6-f244982d2d2b: shutdown FollowerState
2019-10-23 22:25:54,081 [grpc-default-executor-5] INFO  impl.RoleInfo (RoleInfo.java:shutdownFollowerState(121)) - 73b959bd-e3af-4247-b02b-6987bacc6720: shutdown FollowerState
2019-10-23 22:25:54,081 [grpc-default-executor-2] INFO  impl.RoleInfo (RoleInfo.java:updateAndGet(143)) - 22d85afd-4d4f-492d-93d6-f244982d2d2b: start FollowerState
2019-10-23 22:25:54,081 [grpc-default-executor-5] INFO  impl.RoleInfo (RoleInfo.java:updateAndGet(143)) - 73b959bd-e3af-4247-b02b-6987bacc6720: start FollowerState
2019-10-23 22:25:54,081 [Thread-740] INFO  impl.FollowerState (FollowerState.java:run(117)) - 73b959bd-e3af-4247-b02b-6987bacc6720@group-FF494030CC0C-FollowerState was interrupted: java.lang.InterruptedException: sleep interrupted
2019-10-23 22:25:54,081 [Thread-741] INFO  impl.FollowerState (FollowerState.java:run(117)) - 22d85afd-4d4f-492d-93d6-f244982d2d2b@group-FF494030CC0C-FollowerState was interrupted: java.lang.InterruptedException: sleep interrupted
2019-10-23 22:25:54,099 [1e780629-3013-4910-b058-82bfaeb575a6@group-FF494030CC0C-LeaderElection31] INFO  impl.LeaderElection (LeaderElection.java:logAndReturn(56)) - 1e780629-3013-4910-b058-82bfaeb575a6@group-FF494030CC0C-LeaderElection31: Election REJECTED; received 2 response(s) [1e780629-3013-4910-b058-82bfaeb575a6<-73b959bd-e3af-4247-b02b-6987bacc6720#0:FAIL-t33, 1e780629-3013-4910-b058-82bfaeb575a6<-22d85afd-4d4f-492d-93d6-f244982d2d2b#0:FAIL-t33] and 0 exception(s); 1e780629-3013-4910-b058-82bfaeb575a6@group-FF494030CC0C:t33, leader=null, voted=1e780629-3013-4910-b058-82bfaeb575a6, raftlog=1e780629-3013-4910-b058-82bfaeb575a6@group-FF494030CC0C-SegmentedRaftLog:OPENED:c3,f4,i4, conf=0: [73b959bd-e3af-4247-b02b-6987bacc6720:192.168.34.28:45914, 1e780629-3013-4910-b058-82bfaeb575a6:192.168.34.28:46415, 22d85afd-4d4f-492d-93d6-f244982d2d2b:192.168.34.28:33618], old=null
2019-10-23 22:25:54,100 [1e780629-3013-4910-b058-82bfaeb575a6@group-FF494030CC0C-LeaderElection31] INFO  impl.RaftServerImpl (RaftServerImpl.java:setRole(184)) - 1e780629-3013-4910-b058-82bfaeb575a6@group-FF494030CC0C: changes role from CANDIDATE to FOLLOWER at term 33 for DISCOVERED_A_NEW_TERM
2019-10-23 22:25:54,100 [1e780629-3013-4910-b058-82bfaeb575a6@group-FF494030CC0C-LeaderElection31] INFO  impl.RoleInfo (RoleInfo.java:shutdownLeaderElection(134)) - 1e780629-3013-4910-b058-82bfaeb575a6: shutdown LeaderElection
2019-10-23 22:25:54,100 [1e780629-3013-4910-b058-82bfaeb575a6@group-FF494030CC0C-LeaderElection31] INFO  impl.RoleInfo (RoleInfo.java:updateAndGet(143)) - 1e780629-3013-4910-b058-82bfaeb575a6: start FollowerState
2019-10-23 22:25:54,188 [Thread-751] INFO  impl.FollowerState (FollowerState.java:run(108)) - 1e780629-3013-4910-b058-82bfaeb575a6@group-FF494030CC0C-FollowerState: change to CANDIDATE, lastRpcTime:88ms, electionTimeout:88ms
2019-10-23 22:25:54,188 [Thread-751] INFO  impl.RoleInfo (RoleInfo.java:shutdownFollowerState(121)) - 1e780629-3013-4910-b058-82bfaeb575a6: shutdown FollowerState
2019-10-23 22:25:54,188 [Thread-751] INFO  impl.RaftServerImpl (RaftServerImpl.java:setRole(184)) - 1e780629-3013-4910-b058-82bfaeb575a6@group-FF494030CC0C: changes role from  FOLLOWER to CANDIDATE at term 33 for changeToCandidate
2019-10-23 22:25:54,189 [Thread-751] INFO  impl.RoleInfo (RoleInfo.java:updateAndGet(143)) - 1e780629-3013-4910-b058-82bfaeb575a6: start LeaderElection
2019-10-23 22:25:54,202 [1e780629-3013-4910-b058-82bfaeb575a6@group-FF494030CC0C-LeaderElection32] INFO  impl.LeaderElection (LeaderElection.java:askForVotes(178)) - 1e780629-3013-4910-b058-82bfaeb575a6@group-FF494030CC0C-LeaderElection32: begin an election at term 34 for 0: [73b959bd-e3af-4247-b02b-6987bacc6720:192.168.34.28:45914, 1e780629-3013-4910-b058-82bfaeb575a6:192.168.34.28:46415, 22d85afd-4d4f-492d-93d6-f244982d2d2b:192.168.34.28:33618], old=null
2019-10-23 22:25:54,205 [grpc-default-executor-5] INFO  impl.RaftServerImpl (RaftServerImpl.java:setRole(184)) - 73b959bd-e3af-4247-b02b-6987bacc6720@group-FF494030CC0C: changes role from  FOLLOWER to FOLLOWER at term 34 for recognizeCandidate:1e780629-3013-4910-b058-82bfaeb575a6
2019-10-23 22:25:54,205 [grpc-default-executor-5] INFO  impl.RoleInfo (RoleInfo.java:shutdownFollowerState(121)) - 73b959bd-e3af-4247-b02b-6987bacc6720: shutdown FollowerState
2019-10-23 22:25:54,205 [grpc-default-executor-2] INFO  impl.RaftServerImpl (RaftServerImpl.java:setRole(184)) - 22d85afd-4d4f-492d-93d6-f244982d2d2b@group-FF494030CC0C: changes role from  FOLLOWER to FOLLOWER at term 34 for recognizeCandidate:1e780629-3013-4910-b058-82bfaeb575a6
2019-10-23 22:25:54,205 [grpc-default-executor-5] INFO  impl.RoleInfo (RoleInfo.java:updateAndGet(143)) - 73b959bd-e3af-4247-b02b-6987bacc6720: start FollowerState
2019-10-23 22:25:54,205 [Thread-750] INFO  impl.FollowerState (FollowerState.java:run(117)) - 73b959bd-e3af-4247-b02b-6987bacc6720@group-FF494030CC0C-FollowerState was interrupted: java.lang.InterruptedException: sleep interrupted
2019-10-23 22:25:54,205 [grpc-default-executor-2] INFO  impl.RoleInfo (RoleInfo.java:shutdownFollowerState(121)) - 22d85afd-4d4f-492d-93d6-f244982d2d2b: shutdown FollowerState
2019-10-23 22:25:54,205 [grpc-default-executor-2] INFO  impl.RoleInfo (RoleInfo.java:updateAndGet(143)) - 22d85afd-4d4f-492d-93d6-f244982d2d2b: start FollowerState
2019-10-23 22:25:54,205 [Thread-749] INFO  impl.FollowerState (FollowerState.java:run(117)) - 22d85afd-4d4f-492d-93d6-f244982d2d2b@group-FF494030CC0C-FollowerState was interrupted: java.lang.InterruptedException: sleep interrupted
2019-10-23 22:25:54,220 [1e780629-3013-4910-b058-82bfaeb575a6@group-FF494030CC0C-LeaderElection32] INFO  impl.LeaderElection (LeaderElection.java:logAndReturn(56)) - 1e780629-3013-4910-b058-82bfaeb575a6@group-FF494030CC0C-LeaderElection32: Election REJECTED; received 2 response(s) [1e780629-3013-4910-b058-82bfaeb575a6<-73b959bd-e3af-4247-b02b-6987bacc6720#0:FAIL-t34, 1e780629-3013-4910-b058-82bfaeb575a6<-22d85afd-4d4f-492d-93d6-f244982d2d2b#0:FAIL-t34] and 0 exception(s); 1e780629-3013-4910-b058-82bfaeb575a6@group-FF494030CC0C:t34, leader=null, voted=1e780629-3013-4910-b058-82bfaeb575a6, raftlog=1e780629-3013-4910-b058-82bfaeb575a6@group-FF494030CC0C-SegmentedRaftLog:OPENED:c3,f4,i4, conf=0: [73b959bd-e3af-4247-b02b-6987bacc6720:192.168.34.28:45914, 1e780629-3013-4910-b058-82bfaeb575a6:192.168.34.28:46415, 22d85afd-4d4f-492d-93d6-f244982d2d2b:192.168.34.28:33618], old=null
2019-10-23 22:25:54,220 [1e780629-3013-4910-b058-82bfaeb575a6@group-FF494030CC0C-LeaderElection32] INFO  impl.RaftServerImpl (RaftServerImpl.java:setRole(184)) - 1e780629-3013-4910-b058-82bfaeb575a6@group-FF494030CC0C: changes role from CANDIDATE to FOLLOWER at term 34 for DISCOVERED_A_NEW_TERM
2019-10-23 22:25:54,220 [1e780629-3013-4910-b058-82bfaeb575a6@group-FF494030CC0C-LeaderElection32] INFO  impl.RoleInfo (RoleInfo.java:shutdownLeaderElection(134)) - 1e780629-3013-4910-b058-82bfaeb575a6: shutdown LeaderElection
2019-10-23 22:25:54,220 [1e780629-3013-4910-b058-82bfaeb575a6@group-FF494030CC0C-LeaderElection32] INFO  impl.RoleInfo (RoleInfo.java:updateAndGet(143)) - 1e780629-3013-4910-b058-82bfaeb575a6: start FollowerState
2019-10-23 22:25:54,266 [pool-7-thread-3] INFO  commands.RetriableDatanodeEventWatcher (RetriableDatanodeEventWatcher.java:onTimeout(47)) - RetriableDatanodeCommand type=deleteBlocksCommand with id=1571869548260 timed out. Retrying.
2019-10-23 22:25:54,266 [pool-7-thread-5] INFO  commands.RetriableDatanodeEventWatcher (RetriableDatanodeEventWatcher.java:onTimeout(47)) - RetriableDatanodeCommand type=deleteBlocksCommand with id=1571869548265 timed out. Retrying.
2019-10-23 22:25:54,267 [pool-7-thread-1] INFO  commands.RetriableDatanodeEventWatcher (RetriableDatanodeEventWatcher.java:onTimeout(47)) - RetriableDatanodeCommand type=deleteBlocksCommand with id=1571869548264 timed out. Retrying.
2019-10-23 22:25:54,267 [pool-7-thread-4] INFO  commands.RetriableDatanodeEventWatcher (RetriableDatanodeEventWatcher.java:onTimeout(47)) - RetriableDatanodeCommand type=deleteBlocksCommand with id=1571869548263 timed out. Retrying.
2019-10-23 22:25:54,267 [pool-7-thread-2] INFO  commands.RetriableDatanodeEventWatcher (RetriableDatanodeEventWatcher.java:onTimeout(47)) - RetriableDatanodeCommand type=deleteBlocksCommand with id=1571869548262 timed out. Retrying.
2019-10-23 22:25:54,267 [pool-7-thread-6] INFO  commands.RetriableDatanodeEventWatcher (RetriableDatanodeEventWatcher.java:onTimeout(47)) - RetriableDatanodeCommand type=deleteBlocksCommand with id=1571869548266 timed out. Retrying.
2019-10-23 22:25:54,268 [SCMBlockDeletingService#0] INFO  block.SCMBlockDeletingService (SCMBlockDeletingService.java:call(184)) - Totally added 1 delete blocks command for 1 datanodes, task elapsed time: 1ms
2019-10-23 22:25:54,313 [Thread-757] INFO  impl.FollowerState (FollowerState.java:run(108)) - 1e780629-3013-4910-b058-82bfaeb575a6@group-FF494030CC0C-FollowerState: change to CANDIDATE, lastRpcTime:93ms, electionTimeout:93ms
2019-10-23 22:25:54,314 [Thread-757] INFO  impl.RoleInfo (RoleInfo.java:shutdownFollowerState(121)) - 1e780629-3013-4910-b058-82bfaeb575a6: shutdown FollowerState
2019-10-23 22:25:54,314 [Thread-757] INFO  impl.RaftServerImpl (RaftServerImpl.java:setRole(184)) - 1e780629-3013-4910-b058-82bfaeb575a6@group-FF494030CC0C: changes role from  FOLLOWER to CANDIDATE at term 34 for changeToCandidate
2019-10-23 22:25:54,314 [Thread-757] INFO  impl.RoleInfo (RoleInfo.java:updateAndGet(143)) - 1e780629-3013-4910-b058-82bfaeb575a6: start LeaderElection
2019-10-23 22:25:54,327 [1e780629-3013-4910-b058-82bfaeb575a6@group-FF494030CC0C-LeaderElection33] INFO  impl.LeaderElection (LeaderElection.java:askForVotes(178)) - 1e780629-3013-4910-b058-82bfaeb575a6@group-FF494030CC0C-LeaderElection33: begin an election at term 35 for 0: [73b959bd-e3af-4247-b02b-6987bacc6720:192.168.34.28:45914, 1e780629-3013-4910-b058-82bfaeb575a6:192.168.34.28:46415, 22d85afd-4d4f-492d-93d6-f244982d2d2b:192.168.34.28:33618], old=null
2019-10-23 22:25:54,330 [grpc-default-executor-5] INFO  impl.RaftServerImpl (RaftServerImpl.java:setRole(184)) - 73b959bd-e3af-4247-b02b-6987bacc6720@group-FF494030CC0C: changes role from  FOLLOWER to FOLLOWER at term 35 for recognizeCandidate:1e780629-3013-4910-b058-82bfaeb575a6
2019-10-23 22:25:54,330 [grpc-default-executor-5] INFO  impl.RoleInfo (RoleInfo.java:shutdownFollowerState(121)) - 73b959bd-e3af-4247-b02b-6987bacc6720: shutdown FollowerState
2019-10-23 22:25:54,330 [grpc-default-executor-2] INFO  impl.RaftServerImpl (RaftServerImpl.java:setRole(184)) - 22d85afd-4d4f-492d-93d6-f244982d2d2b@group-FF494030CC0C: changes role from  FOLLOWER to FOLLOWER at term 35 for recognizeCandidate:1e780629-3013-4910-b058-82bfaeb575a6
2019-10-23 22:25:54,330 [Thread-755] INFO  impl.FollowerState (FollowerState.java:run(117)) - 73b959bd-e3af-4247-b02b-6987bacc6720@group-FF494030CC0C-FollowerState was interrupted: java.lang.InterruptedException: sleep interrupted
2019-10-23 22:25:54,330 [grpc-default-executor-5] INFO  impl.RoleInfo (RoleInfo.java:updateAndGet(143)) - 73b959bd-e3af-4247-b02b-6987bacc6720: start FollowerState
2019-10-23 22:25:54,330 [grpc-default-executor-2] INFO  impl.RoleInfo (RoleInfo.java:shutdownFollowerState(121)) - 22d85afd-4d4f-492d-93d6-f244982d2d2b: shutdown FollowerState
2019-10-23 22:25:54,331 [grpc-default-executor-2] INFO  impl.RoleInfo (RoleInfo.java:updateAndGet(143)) - 22d85afd-4d4f-492d-93d6-f244982d2d2b: start FollowerState
2019-10-23 22:25:54,331 [Thread-756] INFO  impl.FollowerState (FollowerState.java:run(117)) - 22d85afd-4d4f-492d-93d6-f244982d2d2b@group-FF494030CC0C-FollowerState was interrupted: java.lang.InterruptedException: sleep interrupted
2019-10-23 22:25:54,344 [1e780629-3013-4910-b058-82bfaeb575a6@group-FF494030CC0C-LeaderElection33] INFO  impl.LeaderElection (LeaderElection.java:logAndReturn(56)) - 1e780629-3013-4910-b058-82bfaeb575a6@group-FF494030CC0C-LeaderElection33: Election REJECTED; received 2 response(s) [1e780629-3013-4910-b058-82bfaeb575a6<-73b959bd-e3af-4247-b02b-6987bacc6720#0:FAIL-t35, 1e780629-3013-4910-b058-82bfaeb575a6<-22d85afd-4d4f-492d-93d6-f244982d2d2b#0:FAIL-t35] and 0 exception(s); 1e780629-3013-4910-b058-82bfaeb575a6@group-FF494030CC0C:t35, leader=null, voted=1e780629-3013-4910-b058-82bfaeb575a6, raftlog=1e780629-3013-4910-b058-82bfaeb575a6@group-FF494030CC0C-SegmentedRaftLog:OPENED:c3,f4,i4, conf=0: [73b959bd-e3af-4247-b02b-6987bacc6720:192.168.34.28:45914, 1e780629-3013-4910-b058-82bfaeb575a6:192.168.34.28:46415, 22d85afd-4d4f-492d-93d6-f244982d2d2b:192.168.34.28:33618], old=null
2019-10-23 22:25:54,344 [1e780629-3013-4910-b058-82bfaeb575a6@group-FF494030CC0C-LeaderElection33] INFO  impl.RaftServerImpl (RaftServerImpl.java:setRole(184)) - 1e780629-3013-4910-b058-82bfaeb575a6@group-FF494030CC0C: changes role from CANDIDATE to FOLLOWER at term 35 for DISCOVERED_A_NEW_TERM
2019-10-23 22:25:54,344 [1e780629-3013-4910-b058-82bfaeb575a6@group-FF494030CC0C-LeaderElection33] INFO  impl.RoleInfo (RoleInfo.java:shutdownLeaderElection(134)) - 1e780629-3013-4910-b058-82bfaeb575a6: shutdown LeaderElection
2019-10-23 22:25:54,345 [1e780629-3013-4910-b058-82bfaeb575a6@group-FF494030CC0C-LeaderElection33] INFO  impl.RoleInfo (RoleInfo.java:updateAndGet(143)) - 1e780629-3013-4910-b058-82bfaeb575a6: start FollowerState
2019-10-23 22:25:54,406 [Thread-763] INFO  impl.FollowerState (FollowerState.java:run(108)) - 1e780629-3013-4910-b058-82bfaeb575a6@group-FF494030CC0C-FollowerState: change to CANDIDATE, lastRpcTime:61ms, electionTimeout:61ms
2019-10-23 22:25:54,406 [Thread-763] INFO  impl.RoleInfo (RoleInfo.java:shutdownFollowerState(121)) - 1e780629-3013-4910-b058-82bfaeb575a6: shutdown FollowerState
2019-10-23 22:25:54,406 [Thread-763] INFO  impl.RaftServerImpl (RaftServerImpl.java:setRole(184)) - 1e780629-3013-4910-b058-82bfaeb575a6@group-FF494030CC0C: changes role from  FOLLOWER to CANDIDATE at term 35 for changeToCandidate
2019-10-23 22:25:54,406 [Thread-763] INFO  impl.RoleInfo (RoleInfo.java:updateAndGet(143)) - 1e780629-3013-4910-b058-82bfaeb575a6: start LeaderElection
2019-10-23 22:25:54,420 [1e780629-3013-4910-b058-82bfaeb575a6@group-FF494030CC0C-LeaderElection34] INFO  impl.LeaderElection (LeaderElection.java:askForVotes(178)) - 1e780629-3013-4910-b058-82bfaeb575a6@group-FF494030CC0C-LeaderElection34: begin an election at term 36 for 0: [73b959bd-e3af-4247-b02b-6987bacc6720:192.168.34.28:45914, 1e780629-3013-4910-b058-82bfaeb575a6:192.168.34.28:46415, 22d85afd-4d4f-492d-93d6-f244982d2d2b:192.168.34.28:33618], old=null
2019-10-23 22:25:54,422 [grpc-default-executor-5] INFO  impl.RaftServerImpl (RaftServerImpl.java:setRole(184)) - 73b959bd-e3af-4247-b02b-6987bacc6720@group-FF494030CC0C: changes role from  FOLLOWER to FOLLOWER at term 36 for recognizeCandidate:1e780629-3013-4910-b058-82bfaeb575a6
2019-10-23 22:25:54,422 [grpc-default-executor-2] INFO  impl.RaftServerImpl (RaftServerImpl.java:setRole(184)) - 22d85afd-4d4f-492d-93d6-f244982d2d2b@group-FF494030CC0C: changes role from  FOLLOWER to FOLLOWER at term 36 for recognizeCandidate:1e780629-3013-4910-b058-82bfaeb575a6
2019-10-23 22:25:54,423 [grpc-default-executor-5] INFO  impl.RoleInfo (RoleInfo.java:shutdownFollowerState(121)) - 73b959bd-e3af-4247-b02b-6987bacc6720: shutdown FollowerState
2019-10-23 22:25:54,423 [grpc-default-executor-2] INFO  impl.RoleInfo (RoleInfo.java:shutdownFollowerState(121)) - 22d85afd-4d4f-492d-93d6-f244982d2d2b: shutdown FollowerState
2019-10-23 22:25:54,423 [grpc-default-executor-5] INFO  impl.RoleInfo (RoleInfo.java:updateAndGet(143)) - 73b959bd-e3af-4247-b02b-6987bacc6720: start FollowerState
2019-10-23 22:25:54,423 [Thread-761] INFO  impl.FollowerState (FollowerState.java:run(117)) - 73b959bd-e3af-4247-b02b-6987bacc6720@group-FF494030CC0C-FollowerState was interrupted: java.lang.InterruptedException: sleep interrupted
2019-10-23 22:25:54,423 [Thread-762] INFO  impl.FollowerState (FollowerState.java:run(117)) - 22d85afd-4d4f-492d-93d6-f244982d2d2b@group-FF494030CC0C-FollowerState was interrupted: java.lang.InterruptedException: sleep interrupted
2019-10-23 22:25:54,423 [grpc-default-executor-2] INFO  impl.RoleInfo (RoleInfo.java:updateAndGet(143)) - 22d85afd-4d4f-492d-93d6-f244982d2d2b: start FollowerState
2019-10-23 22:25:54,438 [1e780629-3013-4910-b058-82bfaeb575a6@group-FF494030CC0C-LeaderElection34] INFO  impl.LeaderElection (LeaderElection.java:logAndReturn(56)) - 1e780629-3013-4910-b058-82bfaeb575a6@group-FF494030CC0C-LeaderElection34: Election REJECTED; received 2 response(s) [1e780629-3013-4910-b058-82bfaeb575a6<-73b959bd-e3af-4247-b02b-6987bacc6720#0:FAIL-t36, 1e780629-3013-4910-b058-82bfaeb575a6<-22d85afd-4d4f-492d-93d6-f244982d2d2b#0:FAIL-t36] and 0 exception(s); 1e780629-3013-4910-b058-82bfaeb575a6@group-FF494030CC0C:t36, leader=null, voted=1e780629-3013-4910-b058-82bfaeb575a6, raftlog=1e780629-3013-4910-b058-82bfaeb575a6@group-FF494030CC0C-SegmentedRaftLog:OPENED:c3,f4,i4, conf=0: [73b959bd-e3af-4247-b02b-6987bacc6720:192.168.34.28:45914, 1e780629-3013-4910-b058-82bfaeb575a6:192.168.34.28:46415, 22d85afd-4d4f-492d-93d6-f244982d2d2b:192.168.34.28:33618], old=null
2019-10-23 22:25:54,438 [1e780629-3013-4910-b058-82bfaeb575a6@group-FF494030CC0C-LeaderElection34] INFO  impl.RaftServerImpl (RaftServerImpl.java:setRole(184)) - 1e780629-3013-4910-b058-82bfaeb575a6@group-FF494030CC0C: changes role from CANDIDATE to FOLLOWER at term 36 for DISCOVERED_A_NEW_TERM
2019-10-23 22:25:54,439 [1e780629-3013-4910-b058-82bfaeb575a6@group-FF494030CC0C-LeaderElection34] INFO  impl.RoleInfo (RoleInfo.java:shutdownLeaderElection(134)) - 1e780629-3013-4910-b058-82bfaeb575a6: shutdown LeaderElection
2019-10-23 22:25:54,439 [1e780629-3013-4910-b058-82bfaeb575a6@group-FF494030CC0C-LeaderElection34] INFO  impl.RoleInfo (RoleInfo.java:updateAndGet(143)) - 1e780629-3013-4910-b058-82bfaeb575a6: start FollowerState
2019-10-23 22:25:54,494 [Thread-769] INFO  impl.FollowerState (FollowerState.java:run(108)) - 1e780629-3013-4910-b058-82bfaeb575a6@group-FF494030CC0C-FollowerState: change to CANDIDATE, lastRpcTime:55ms, electionTimeout:55ms
2019-10-23 22:25:54,494 [Thread-769] INFO  impl.RoleInfo (RoleInfo.java:shutdownFollowerState(121)) - 1e780629-3013-4910-b058-82bfaeb575a6: shutdown FollowerState
2019-10-23 22:25:54,495 [Thread-769] INFO  impl.RaftServerImpl (RaftServerImpl.java:setRole(184)) - 1e780629-3013-4910-b058-82bfaeb575a6@group-FF494030CC0C: changes role from  FOLLOWER to CANDIDATE at term 36 for changeToCandidate
2019-10-23 22:25:54,495 [Thread-769] INFO  impl.RoleInfo (RoleInfo.java:updateAndGet(143)) - 1e780629-3013-4910-b058-82bfaeb575a6: start LeaderElection
2019-10-23 22:25:54,509 [1e780629-3013-4910-b058-82bfaeb575a6@group-FF494030CC0C-LeaderElection35] INFO  impl.LeaderElection (LeaderElection.java:askForVotes(178)) - 1e780629-3013-4910-b058-82bfaeb575a6@group-FF494030CC0C-LeaderElection35: begin an election at term 37 for 0: [73b959bd-e3af-4247-b02b-6987bacc6720:192.168.34.28:45914, 1e780629-3013-4910-b058-82bfaeb575a6:192.168.34.28:46415, 22d85afd-4d4f-492d-93d6-f244982d2d2b:192.168.34.28:33618], old=null
2019-10-23 22:25:54,511 [grpc-default-executor-2] INFO  impl.RaftServerImpl (RaftServerImpl.java:setRole(184)) - 73b959bd-e3af-4247-b02b-6987bacc6720@group-FF494030CC0C: changes role from  FOLLOWER to FOLLOWER at term 37 for recognizeCandidate:1e780629-3013-4910-b058-82bfaeb575a6
2019-10-23 22:25:54,511 [grpc-default-executor-2] INFO  impl.RoleInfo (RoleInfo.java:shutdownFollowerState(121)) - 73b959bd-e3af-4247-b02b-6987bacc6720: shutdown FollowerState
2019-10-23 22:25:54,511 [grpc-default-executor-5] INFO  impl.RaftServerImpl (RaftServerImpl.java:setRole(184)) - 22d85afd-4d4f-492d-93d6-f244982d2d2b@group-FF494030CC0C: changes role from  FOLLOWER to FOLLOWER at term 37 for recognizeCandidate:1e780629-3013-4910-b058-82bfaeb575a6
2019-10-23 22:25:54,512 [grpc-default-executor-2] INFO  impl.RoleInfo (RoleInfo.java:updateAndGet(143)) - 73b959bd-e3af-4247-b02b-6987bacc6720: start FollowerState
2019-10-23 22:25:54,512 [Thread-767] INFO  impl.FollowerState (FollowerState.java:run(117)) - 73b959bd-e3af-4247-b02b-6987bacc6720@group-FF494030CC0C-FollowerState was interrupted: java.lang.InterruptedException: sleep interrupted
2019-10-23 22:25:54,512 [grpc-default-executor-5] INFO  impl.RoleInfo (RoleInfo.java:shutdownFollowerState(121)) - 22d85afd-4d4f-492d-93d6-f244982d2d2b: shutdown FollowerState
2019-10-23 22:25:54,512 [Thread-768] INFO  impl.FollowerState (FollowerState.java:run(117)) - 22d85afd-4d4f-492d-93d6-f244982d2d2b@group-FF494030CC0C-FollowerState was interrupted: java.lang.InterruptedException: sleep interrupted
2019-10-23 22:25:54,512 [grpc-default-executor-5] INFO  impl.RoleInfo (RoleInfo.java:updateAndGet(143)) - 22d85afd-4d4f-492d-93d6-f244982d2d2b: start FollowerState
2019-10-23 22:25:54,526 [1e780629-3013-4910-b058-82bfaeb575a6@group-FF494030CC0C-LeaderElection35] INFO  impl.LeaderElection (LeaderElection.java:logAndReturn(56)) - 1e780629-3013-4910-b058-82bfaeb575a6@group-FF494030CC0C-LeaderElection35: Election REJECTED; received 2 response(s) [1e780629-3013-4910-b058-82bfaeb575a6<-73b959bd-e3af-4247-b02b-6987bacc6720#0:FAIL-t37, 1e780629-3013-4910-b058-82bfaeb575a6<-22d85afd-4d4f-492d-93d6-f244982d2d2b#0:FAIL-t37] and 0 exception(s); 1e780629-3013-4910-b058-82bfaeb575a6@group-FF494030CC0C:t37, leader=null, voted=1e780629-3013-4910-b058-82bfaeb575a6, raftlog=1e780629-3013-4910-b058-82bfaeb575a6@group-FF494030CC0C-SegmentedRaftLog:OPENED:c3,f4,i4, conf=0: [73b959bd-e3af-4247-b02b-6987bacc6720:192.168.34.28:45914, 1e780629-3013-4910-b058-82bfaeb575a6:192.168.34.28:46415, 22d85afd-4d4f-492d-93d6-f244982d2d2b:192.168.34.28:33618], old=null
2019-10-23 22:25:54,527 [1e780629-3013-4910-b058-82bfaeb575a6@group-FF494030CC0C-LeaderElection35] INFO  impl.RaftServerImpl (RaftServerImpl.java:setRole(184)) - 1e780629-3013-4910-b058-82bfaeb575a6@group-FF494030CC0C: changes role from CANDIDATE to FOLLOWER at term 37 for DISCOVERED_A_NEW_TERM
2019-10-23 22:25:54,527 [1e780629-3013-4910-b058-82bfaeb575a6@group-FF494030CC0C-LeaderElection35] INFO  impl.RoleInfo (RoleInfo.java:shutdownLeaderElection(134)) - 1e780629-3013-4910-b058-82bfaeb575a6: shutdown LeaderElection
2019-10-23 22:25:54,527 [1e780629-3013-4910-b058-82bfaeb575a6@group-FF494030CC0C-LeaderElection35] INFO  impl.RoleInfo (RoleInfo.java:updateAndGet(143)) - 1e780629-3013-4910-b058-82bfaeb575a6: start FollowerState
2019-10-23 22:25:54,556 [Thread-775] INFO  impl.FollowerState (FollowerState.java:run(108)) - 1e780629-3013-4910-b058-82bfaeb575a6@group-FF494030CC0C-FollowerState: change to CANDIDATE, lastRpcTime:29ms, electionTimeout:29ms
2019-10-23 22:25:54,556 [Thread-775] INFO  impl.RoleInfo (RoleInfo.java:shutdownFollowerState(121)) - 1e780629-3013-4910-b058-82bfaeb575a6: shutdown FollowerState
2019-10-23 22:25:54,557 [Thread-775] INFO  impl.RaftServerImpl (RaftServerImpl.java:setRole(184)) - 1e780629-3013-4910-b058-82bfaeb575a6@group-FF494030CC0C: changes role from  FOLLOWER to CANDIDATE at term 37 for changeToCandidate
2019-10-23 22:25:54,557 [Thread-775] INFO  impl.RoleInfo (RoleInfo.java:updateAndGet(143)) - 1e780629-3013-4910-b058-82bfaeb575a6: start LeaderElection
2019-10-23 22:25:54,570 [1e780629-3013-4910-b058-82bfaeb575a6@group-FF494030CC0C-LeaderElection36] INFO  impl.LeaderElection (LeaderElection.java:askForVotes(178)) - 1e780629-3013-4910-b058-82bfaeb575a6@group-FF494030CC0C-LeaderElection36: begin an election at term 38 for 0: [73b959bd-e3af-4247-b02b-6987bacc6720:192.168.34.28:45914, 1e780629-3013-4910-b058-82bfaeb575a6:192.168.34.28:46415, 22d85afd-4d4f-492d-93d6-f244982d2d2b:192.168.34.28:33618], old=null
2019-10-23 22:25:54,573 [grpc-default-executor-2] INFO  impl.RaftServerImpl (RaftServerImpl.java:setRole(184)) - 22d85afd-4d4f-492d-93d6-f244982d2d2b@group-FF494030CC0C: changes role from  FOLLOWER to FOLLOWER at term 38 for recognizeCandidate:1e780629-3013-4910-b058-82bfaeb575a6
2019-10-23 22:25:54,573 [grpc-default-executor-2] INFO  impl.RoleInfo (RoleInfo.java:shutdownFollowerState(121)) - 22d85afd-4d4f-492d-93d6-f244982d2d2b: shutdown FollowerState
2019-10-23 22:25:54,573 [grpc-default-executor-5] INFO  impl.RaftServerImpl (RaftServerImpl.java:setRole(184)) - 73b959bd-e3af-4247-b02b-6987bacc6720@group-FF494030CC0C: changes role from  FOLLOWER to FOLLOWER at term 38 for recognizeCandidate:1e780629-3013-4910-b058-82bfaeb575a6
2019-10-23 22:25:54,574 [grpc-default-executor-5] INFO  impl.RoleInfo (RoleInfo.java:shutdownFollowerState(121)) - 73b959bd-e3af-4247-b02b-6987bacc6720: shutdown FollowerState
2019-10-23 22:25:54,573 [grpc-default-executor-2] INFO  impl.RoleInfo (RoleInfo.java:updateAndGet(143)) - 22d85afd-4d4f-492d-93d6-f244982d2d2b: start FollowerState
2019-10-23 22:25:54,573 [Thread-774] INFO  impl.FollowerState (FollowerState.java:run(117)) - 22d85afd-4d4f-492d-93d6-f244982d2d2b@group-FF494030CC0C-FollowerState was interrupted: java.lang.InterruptedException: sleep interrupted
2019-10-23 22:25:54,574 [grpc-default-executor-5] INFO  impl.RoleInfo (RoleInfo.java:updateAndGet(143)) - 73b959bd-e3af-4247-b02b-6987bacc6720: start FollowerState
2019-10-23 22:25:54,574 [Thread-773] INFO  impl.FollowerState (FollowerState.java:run(117)) - 73b959bd-e3af-4247-b02b-6987bacc6720@group-FF494030CC0C-FollowerState was interrupted: java.lang.InterruptedException: sleep interrupted
2019-10-23 22:25:54,590 [BlockDeletingService#8] WARN  background.BlockDeletingService (BlockDeletingService.java:isDeletionAllowed(187)) - Close Container log Index 6 is not replicated across allthe servers in the pipeline d8220d6b-da92-433e-abb5-ff494030cc0c as the min replicated index is 4. Deletion is not allowed in this container yet.
2019-10-23 22:25:54,591 [BlockDeletingService#2] WARN  background.BlockDeletingService (BlockDeletingService.java:isDeletionAllowed(187)) - Close Container log Index 6 is not replicated across allthe servers in the pipeline d8220d6b-da92-433e-abb5-ff494030cc0c as the min replicated index is 4. Deletion is not allowed in this container yet.
2019-10-23 22:25:54,592 [1e780629-3013-4910-b058-82bfaeb575a6@group-FF494030CC0C-LeaderElection36] INFO  impl.LeaderElection (LeaderElection.java:logAndReturn(56)) - 1e780629-3013-4910-b058-82bfaeb575a6@group-FF494030CC0C-LeaderElection36: Election REJECTED; received 2 response(s) [1e780629-3013-4910-b058-82bfaeb575a6<-73b959bd-e3af-4247-b02b-6987bacc6720#0:FAIL-t38, 1e780629-3013-4910-b058-82bfaeb575a6<-22d85afd-4d4f-492d-93d6-f244982d2d2b#0:FAIL-t38] and 0 exception(s); 1e780629-3013-4910-b058-82bfaeb575a6@group-FF494030CC0C:t38, leader=null, voted=1e780629-3013-4910-b058-82bfaeb575a6, raftlog=1e780629-3013-4910-b058-82bfaeb575a6@group-FF494030CC0C-SegmentedRaftLog:OPENED:c3,f4,i4, conf=0: [73b959bd-e3af-4247-b02b-6987bacc6720:192.168.34.28:45914, 1e780629-3013-4910-b058-82bfaeb575a6:192.168.34.28:46415, 22d85afd-4d4f-492d-93d6-f244982d2d2b:192.168.34.28:33618], old=null
2019-10-23 22:25:54,592 [1e780629-3013-4910-b058-82bfaeb575a6@group-FF494030CC0C-LeaderElection36] INFO  impl.RaftServerImpl (RaftServerImpl.java:setRole(184)) - 1e780629-3013-4910-b058-82bfaeb575a6@group-FF494030CC0C: changes role from CANDIDATE to FOLLOWER at term 38 for DISCOVERED_A_NEW_TERM
2019-10-23 22:25:54,592 [1e780629-3013-4910-b058-82bfaeb575a6@group-FF494030CC0C-LeaderElection36] INFO  impl.RoleInfo (RoleInfo.java:shutdownLeaderElection(134)) - 1e780629-3013-4910-b058-82bfaeb575a6: shutdown LeaderElection
2019-10-23 22:25:54,592 [1e780629-3013-4910-b058-82bfaeb575a6@group-FF494030CC0C-LeaderElection36] INFO  impl.RoleInfo (RoleInfo.java:updateAndGet(143)) - 1e780629-3013-4910-b058-82bfaeb575a6: start FollowerState
2019-10-23 22:25:54,714 [Thread-783] INFO  impl.FollowerState (FollowerState.java:run(108)) - 1e780629-3013-4910-b058-82bfaeb575a6@group-FF494030CC0C-FollowerState: change to CANDIDATE, lastRpcTime:121ms, electionTimeout:121ms
2019-10-23 22:25:54,714 [Thread-783] INFO  impl.RoleInfo (RoleInfo.java:shutdownFollowerState(121)) - 1e780629-3013-4910-b058-82bfaeb575a6: shutdown FollowerState
2019-10-23 22:25:54,714 [Thread-783] INFO  impl.RaftServerImpl (RaftServerImpl.java:setRole(184)) - 1e780629-3013-4910-b058-82bfaeb575a6@group-FF494030CC0C: changes role from  FOLLOWER to CANDIDATE at term 38 for changeToCandidate
2019-10-23 22:25:54,714 [Thread-783] INFO  impl.RoleInfo (RoleInfo.java:updateAndGet(143)) - 1e780629-3013-4910-b058-82bfaeb575a6: start LeaderElection
2019-10-23 22:25:54,728 [1e780629-3013-4910-b058-82bfaeb575a6@group-FF494030CC0C-LeaderElection37] INFO  impl.LeaderElection (LeaderElection.java:askForVotes(178)) - 1e780629-3013-4910-b058-82bfaeb575a6@group-FF494030CC0C-LeaderElection37: begin an election at term 39 for 0: [73b959bd-e3af-4247-b02b-6987bacc6720:192.168.34.28:45914, 1e780629-3013-4910-b058-82bfaeb575a6:192.168.34.28:46415, 22d85afd-4d4f-492d-93d6-f244982d2d2b:192.168.34.28:33618], old=null
2019-10-23 22:25:54,730 [grpc-default-executor-2] INFO  impl.RaftServerImpl (RaftServerImpl.java:setRole(184)) - 22d85afd-4d4f-492d-93d6-f244982d2d2b@group-FF494030CC0C: changes role from  FOLLOWER to FOLLOWER at term 39 for recognizeCandidate:1e780629-3013-4910-b058-82bfaeb575a6
2019-10-23 22:25:54,731 [grpc-default-executor-2] INFO  impl.RoleInfo (RoleInfo.java:shutdownFollowerState(121)) - 22d85afd-4d4f-492d-93d6-f244982d2d2b: shutdown FollowerState
2019-10-23 22:25:54,731 [grpc-default-executor-5] INFO  impl.RaftServerImpl (RaftServerImpl.java:setRole(184)) - 73b959bd-e3af-4247-b02b-6987bacc6720@group-FF494030CC0C: changes role from  FOLLOWER to FOLLOWER at term 39 for recognizeCandidate:1e780629-3013-4910-b058-82bfaeb575a6
2019-10-23 22:25:54,731 [grpc-default-executor-5] INFO  impl.RoleInfo (RoleInfo.java:shutdownFollowerState(121)) - 73b959bd-e3af-4247-b02b-6987bacc6720: shutdown FollowerState
2019-10-23 22:25:54,731 [grpc-default-executor-2] INFO  impl.RoleInfo (RoleInfo.java:updateAndGet(143)) - 22d85afd-4d4f-492d-93d6-f244982d2d2b: start FollowerState
2019-10-23 22:25:54,731 [Thread-779] INFO  impl.FollowerState (FollowerState.java:run(117)) - 22d85afd-4d4f-492d-93d6-f244982d2d2b@group-FF494030CC0C-FollowerState was interrupted: java.lang.InterruptedException: sleep interrupted
2019-10-23 22:25:54,731 [grpc-default-executor-5] INFO  impl.RoleInfo (RoleInfo.java:updateAndGet(143)) - 73b959bd-e3af-4247-b02b-6987bacc6720: start FollowerState
2019-10-23 22:25:54,731 [Thread-780] INFO  impl.FollowerState (FollowerState.java:run(117)) - 73b959bd-e3af-4247-b02b-6987bacc6720@group-FF494030CC0C-FollowerState was interrupted: java.lang.InterruptedException: sleep interrupted
2019-10-23 22:25:54,734 [EventQueue-PendingDeleteStatusForPendingDeleteHandler] INFO  block.SCMBlockDeletingService (SCMBlockDeletingService.java:handlePendingDeletes(115)) - Block deletion txnID mismatch in datanode 1e780629-3013-4910-b058-82bfaeb575a6 for containerID 1. Datanode delete txnID: 0, SCM txnID: 1
2019-10-23 22:25:54,746 [1e780629-3013-4910-b058-82bfaeb575a6@group-FF494030CC0C-LeaderElection37] INFO  impl.LeaderElection (LeaderElection.java:logAndReturn(56)) - 1e780629-3013-4910-b058-82bfaeb575a6@group-FF494030CC0C-LeaderElection37: Election REJECTED; received 2 response(s) [1e780629-3013-4910-b058-82bfaeb575a6<-73b959bd-e3af-4247-b02b-6987bacc6720#0:FAIL-t39, 1e780629-3013-4910-b058-82bfaeb575a6<-22d85afd-4d4f-492d-93d6-f244982d2d2b#0:FAIL-t39] and 0 exception(s); 1e780629-3013-4910-b058-82bfaeb575a6@group-FF494030CC0C:t39, leader=null, voted=1e780629-3013-4910-b058-82bfaeb575a6, raftlog=1e780629-3013-4910-b058-82bfaeb575a6@group-FF494030CC0C-SegmentedRaftLog:OPENED:c3,f4,i4, conf=0: [73b959bd-e3af-4247-b02b-6987bacc6720:192.168.34.28:45914, 1e780629-3013-4910-b058-82bfaeb575a6:192.168.34.28:46415, 22d85afd-4d4f-492d-93d6-f244982d2d2b:192.168.34.28:33618], old=null
2019-10-23 22:25:54,746 [1e780629-3013-4910-b058-82bfaeb575a6@group-FF494030CC0C-LeaderElection37] INFO  impl.RaftServerImpl (RaftServerImpl.java:setRole(184)) - 1e780629-3013-4910-b058-82bfaeb575a6@group-FF494030CC0C: changes role from CANDIDATE to FOLLOWER at term 39 for DISCOVERED_A_NEW_TERM
2019-10-23 22:25:54,746 [1e780629-3013-4910-b058-82bfaeb575a6@group-FF494030CC0C-LeaderElection37] INFO  impl.RoleInfo (RoleInfo.java:shutdownLeaderElection(134)) - 1e780629-3013-4910-b058-82bfaeb575a6: shutdown LeaderElection
2019-10-23 22:25:54,747 [1e780629-3013-4910-b058-82bfaeb575a6@group-FF494030CC0C-LeaderElection37] INFO  impl.RoleInfo (RoleInfo.java:updateAndGet(143)) - 1e780629-3013-4910-b058-82bfaeb575a6: start FollowerState
2019-10-23 22:25:54,776 [grpc-default-executor-5] INFO  impl.RaftServerProxy (RaftServerProxy.java:addNew(89)) - 1e780629-3013-4910-b058-82bfaeb575a6: addNew group-E93D430B0295:[1e780629-3013-4910-b058-82bfaeb575a6:192.168.34.28:46415] returns group-E93D430B0295:java.util.concurrent.CompletableFuture@832fa08[Not completed]
2019-10-23 22:25:54,778 [pool-59-thread-1] INFO  impl.RaftServerImpl (RaftServerImpl.java:<init>(104)) - 1e780629-3013-4910-b058-82bfaeb575a6: new RaftServerImpl for group-E93D430B0295:[1e780629-3013-4910-b058-82bfaeb575a6:192.168.34.28:46415] with ContainerStateMachine:uninitialized
2019-10-23 22:25:54,778 [pool-59-thread-1] INFO  server.RaftServerConfigKeys (ConfUtils.java:logGet(43)) - raft.server.rpc.timeout.min = 5s (custom)
2019-10-23 22:25:54,778 [pool-59-thread-1] INFO  server.RaftServerConfigKeys (ConfUtils.java:logGet(43)) - raft.server.rpc.timeout.max = 5200ms (custom)
2019-10-23 22:25:54,779 [pool-59-thread-1] INFO  server.RaftServerConfigKeys (ConfUtils.java:logGet(43)) - raft.server.rpcslowness.timeout = 1000s (custom)
2019-10-23 22:25:54,779 [pool-59-thread-1] INFO  server.RaftServerConfigKeys (ConfUtils.java:logGet(43)) - raft.server.sleep.deviation.threshold = 300 (default)
2019-10-23 22:25:54,779 [pool-59-thread-1] INFO  server.RaftServerConfigKeys (ConfUtils.java:logGet(43)) - raft.server.log.appender.install.snapshot.enabled = false (custom)
2019-10-23 22:25:54,779 [pool-59-thread-1] INFO  impl.RaftServerImpl (ServerState.java:<init>(103)) - 1e780629-3013-4910-b058-82bfaeb575a6@group-E93D430B0295: ConfigurationManager, init=-1: [1e780629-3013-4910-b058-82bfaeb575a6:192.168.34.28:46415], old=null, confs=<EMPTY_MAP>
2019-10-23 22:25:54,779 [pool-59-thread-1] INFO  server.RaftServerConfigKeys (ConfUtils.java:logGet(43)) - raft.server.storage.dir = [/workdir/hadoop-ozone/integration-test/target/test-dir/MiniOzoneClusterImpl-76426a80-56c3-4df6-b76d-a34ccd4b7bd3/datanode-2/data/ratis] (custom)
2019-10-23 22:25:54,779 [pool-59-thread-1] INFO  server.RaftServerConfigKeys (ConfUtils.java:logGet(43)) - raft.server.log.corruption.policy = EXCEPTION (default)
2019-10-23 22:25:54,780 [pool-59-thread-1] INFO  storage.RaftStorageDirectory (RaftStorageDirectory.java:analyzeStorage(246)) - The storage directory /workdir/hadoop-ozone/integration-test/target/test-dir/MiniOzoneClusterImpl-76426a80-56c3-4df6-b76d-a34ccd4b7bd3/datanode-2/data/ratis/2532ec38-a5ce-420c-b50a-e93d430b0295 does not exist. Creating ...
2019-10-23 22:25:54,793 [pool-59-thread-1] INFO  storage.RaftStorageDirectory (RaftStorageDirectory.java:tryLock(328)) - Lock on /workdir/hadoop-ozone/integration-test/target/test-dir/MiniOzoneClusterImpl-76426a80-56c3-4df6-b76d-a34ccd4b7bd3/datanode-2/data/ratis/2532ec38-a5ce-420c-b50a-e93d430b0295/in_use.lock acquired by nodename 13088@pr-hdds-2240-gjcjf-507280437
2019-10-23 22:25:54,806 [pool-59-thread-1] INFO  storage.RaftStorage (RaftStorage.java:format(84)) - Storage directory /workdir/hadoop-ozone/integration-test/target/test-dir/MiniOzoneClusterImpl-76426a80-56c3-4df6-b76d-a34ccd4b7bd3/datanode-2/data/ratis/2532ec38-a5ce-420c-b50a-e93d430b0295 has been successfully formatted.
2019-10-23 22:25:54,807 [pool-59-thread-1] INFO  ratis.ContainerStateMachine (ContainerStateMachine.java:loadSnapshot(231)) - group-E93D430B0295: The snapshot info is null. Setting the last applied indexto:(t:0, i:~)
2019-10-23 22:25:54,807 [pool-59-thread-1] INFO  server.RaftServerConfigKeys (ConfUtils.java:logGet(43)) - raft.server.notification.no-leader.timeout = 1000s (custom)
2019-10-23 22:25:54,807 [pool-59-thread-1] INFO  server.RaftServerConfigKeys (ConfUtils.java:logGet(43)) - raft.server.log.use.memory = false (default)
2019-10-23 22:25:54,807 [pool-59-thread-1] INFO  server.RaftServerConfigKeys (ConfUtils.java:logGet(43)) - raft.server.log.purge.gap = 1000000 (custom)
2019-10-23 22:25:54,807 [pool-59-thread-1] INFO  server.RaftServerConfigKeys (ConfUtils.java:logGet(43)) - raft.server.log.appender.buffer.byte-limit = 33554432 (custom)
2019-10-23 22:25:54,807 [pool-59-thread-1] INFO  server.RaftServerConfigKeys (ConfUtils.java:logGet(43)) - raft.server.log.segment.size.max = 1048576 (custom)
2019-10-23 22:25:54,808 [pool-59-thread-1] INFO  server.RaftServerConfigKeys (ConfUtils.java:logGet(43)) - raft.server.log.segment.cache.num.max = 2 (custom)
2019-10-23 22:25:54,808 [pool-59-thread-1] INFO  segmented.SegmentedRaftLogWorker (SegmentedRaftLogWorker.java:<init>(173)) - new 1e780629-3013-4910-b058-82bfaeb575a6@group-E93D430B0295-SegmentedRaftLogWorker for RaftStorage:Storage Directory /workdir/hadoop-ozone/integration-test/target/test-dir/MiniOzoneClusterImpl-76426a80-56c3-4df6-b76d-a34ccd4b7bd3/datanode-2/data/ratis/2532ec38-a5ce-420c-b50a-e93d430b0295
2019-10-23 22:25:54,808 [pool-59-thread-1] INFO  server.RaftServerConfigKeys (ConfUtils.java:logGet(43)) - raft.server.log.queue.byte-limit = 2147483647 (custom)
2019-10-23 22:25:54,808 [pool-59-thread-1] INFO  server.RaftServerConfigKeys (ConfUtils.java:logGet(43)) - raft.server.log.queue.element-limit = 1024 (custom)
2019-10-23 22:25:54,808 [pool-59-thread-1] INFO  server.RaftServerConfigKeys (ConfUtils.java:logGet(43)) - raft.server.log.segment.size.max = 1048576 (custom)
2019-10-23 22:25:54,808 [pool-59-thread-1] INFO  server.RaftServerConfigKeys (ConfUtils.java:logGet(43)) - raft.server.log.preallocated.size = 16384 (custom)
2019-10-23 22:25:54,808 [pool-59-thread-1] INFO  server.RaftServerConfigKeys (ConfUtils.java:logGet(43)) - raft.server.log.write.buffer.size = 33554432 (custom)
2019-10-23 22:25:54,808 [pool-59-thread-1] INFO  server.RaftServerConfigKeys (ConfUtils.java:logGet(43)) - raft.server.log.force.sync.num = 128 (default)
2019-10-23 22:25:54,809 [pool-59-thread-1] INFO  server.RaftServerConfigKeys (ConfUtils.java:logGet(43)) - raft.server.log.statemachine.data.sync = true (default)
2019-10-23 22:25:54,809 [pool-59-thread-1] INFO  server.RaftServerConfigKeys (ConfUtils.java:logGet(43)) - raft.server.log.statemachine.data.sync.timeout = 10s (default)
2019-10-23 22:25:54,809 [pool-59-thread-1] INFO  server.RaftServerConfigKeys (ConfUtils.java:logGet(43)) - raft.server.log.statemachine.data.sync.timeout.retry = -1 (default)
2019-10-23 22:25:54,809 [pool-59-thread-1] INFO  server.RaftServerConfigKeys (ConfUtils.java:logGet(43)) - raft.server.log.statemachine.data.caching.enabled = true (custom)
2019-10-23 22:25:54,809 [pool-59-thread-1] INFO  segmented.SegmentedRaftLogWorker (SegmentedRaftLogWorker.java:lambda$new$0(128)) - 1e780629-3013-4910-b058-82bfaeb575a6@group-E93D430B0295-SegmentedRaftLogWorker: flushIndex: setUnconditionally 0 -> -1
2019-10-23 22:25:54,810 [pool-59-thread-1] INFO  server.RaftServerConfigKeys (ConfUtils.java:logGet(43)) - raft.server.snapshot.auto.trigger.enabled = true (custom)
2019-10-23 22:25:54,810 [pool-59-thread-1] INFO  server.RaftServerConfigKeys (ConfUtils.java:logGet(43)) - raft.server.snapshot.auto.trigger.threshold = 10000 (custom)
2019-10-23 22:25:54,810 [pool-59-thread-1] INFO  server.RaftServerConfigKeys (ConfUtils.java:logGet(43)) - raft.server.snapshot.retention.file.num = 5 (custom)
2019-10-23 22:25:54,810 [pool-59-thread-1] INFO  server.RaftServerConfigKeys (ConfUtils.java:logGet(43)) - raft.server.retrycache.expirytime = 600000ms (custom)
2019-10-23 22:25:54,813 [pool-59-thread-1] INFO  impl.RaftServerImpl (RaftServerImpl.java:start(195)) - 1e780629-3013-4910-b058-82bfaeb575a6@group-E93D430B0295: start as a follower, conf=-1: [1e780629-3013-4910-b058-82bfaeb575a6:192.168.34.28:46415], old=null
2019-10-23 22:25:54,814 [pool-59-thread-1] INFO  impl.RaftServerImpl (RaftServerImpl.java:setRole(184)) - 1e780629-3013-4910-b058-82bfaeb575a6@group-E93D430B0295: changes role from      null to FOLLOWER at term 0 for startAsFollower
2019-10-23 22:25:54,814 [pool-59-thread-1] INFO  impl.RoleInfo (RoleInfo.java:updateAndGet(143)) - 1e780629-3013-4910-b058-82bfaeb575a6: start FollowerState
2019-10-23 22:25:54,814 [pool-59-thread-1] INFO  util.JmxRegister (JmxRegister.java:tryRegister(44)) - Successfully registered JMX Bean with object name Ratis:service=RaftServer,group=group-E93D430B0295,id=1e780629-3013-4910-b058-82bfaeb575a6
2019-10-23 22:25:54,821 [RatisPipelineUtilsThread] INFO  pipeline.PipelineStateManager (PipelineStateManager.java:addPipeline(56)) - Created pipeline Pipeline[ Id: 2532ec38-a5ce-420c-b50a-e93d430b0295, Nodes: 1e780629-3013-4910-b058-82bfaeb575a6{ip: 192.168.34.28, host: pr-hdds-2240-gjcjf-507280437, networkLocation: /default-rack, certSerialId: null}, Type:RATIS, Factor:ONE, State:OPEN]
2019-10-23 22:25:54,836 [EventQueue-PendingDeleteStatusForPendingDeleteHandler] INFO  block.SCMBlockDeletingService (SCMBlockDeletingService.java:handlePendingDeletes(115)) - Block deletion txnID mismatch in datanode 1e780629-3013-4910-b058-82bfaeb575a6 for containerID 1. Datanode delete txnID: 0, SCM txnID: 1
2019-10-23 22:25:54,838 [grpc-default-executor-3] INFO  impl.RaftServerProxy (RaftServerProxy.java:addNew(89)) - 1e780629-3013-4910-b058-82bfaeb575a6: addNew group-E01EBD0F8BF5:[73b959bd-e3af-4247-b02b-6987bacc6720:192.168.34.28:45914, 1e780629-3013-4910-b058-82bfaeb575a6:192.168.34.28:46415, 22d85afd-4d4f-492d-93d6-f244982d2d2b:192.168.34.28:33618] returns group-E01EBD0F8BF5:java.util.concurrent.CompletableFuture@1bcc1079[Not completed]
2019-10-23 22:25:54,839 [grpc-default-executor-3] INFO  impl.RaftServerProxy (RaftServerProxy.java:addNew(89)) - 73b959bd-e3af-4247-b02b-6987bacc6720: addNew group-E01EBD0F8BF5:[73b959bd-e3af-4247-b02b-6987bacc6720:192.168.34.28:45914, 1e780629-3013-4910-b058-82bfaeb575a6:192.168.34.28:46415, 22d85afd-4d4f-492d-93d6-f244982d2d2b:192.168.34.28:33618] returns group-E01EBD0F8BF5:java.util.concurrent.CompletableFuture@77908a67[Not completed]
2019-10-23 22:25:54,840 [grpc-default-executor-3] INFO  impl.RaftServerProxy (RaftServerProxy.java:addNew(89)) - 22d85afd-4d4f-492d-93d6-f244982d2d2b: addNew group-E01EBD0F8BF5:[73b959bd-e3af-4247-b02b-6987bacc6720:192.168.34.28:45914, 1e780629-3013-4910-b058-82bfaeb575a6:192.168.34.28:46415, 22d85afd-4d4f-492d-93d6-f244982d2d2b:192.168.34.28:33618] returns group-E01EBD0F8BF5:java.util.concurrent.CompletableFuture@130d8e31[Not completed]
2019-10-23 22:25:54,840 [pool-59-thread-1] INFO  impl.RaftServerImpl (RaftServerImpl.java:<init>(104)) - 1e780629-3013-4910-b058-82bfaeb575a6: new RaftServerImpl for group-E01EBD0F8BF5:[73b959bd-e3af-4247-b02b-6987bacc6720:192.168.34.28:45914, 1e780629-3013-4910-b058-82bfaeb575a6:192.168.34.28:46415, 22d85afd-4d4f-492d-93d6-f244982d2d2b:192.168.34.28:33618] with ContainerStateMachine:uninitialized
2019-10-23 22:25:54,841 [pool-59-thread-1] INFO  server.RaftServerConfigKeys (ConfUtils.java:logGet(43)) - raft.server.rpc.timeout.min = 5s (custom)
2019-10-23 22:25:54,841 [pool-59-thread-1] INFO  server.RaftServerConfigKeys (ConfUtils.java:logGet(43)) - raft.server.rpc.timeout.max = 5200ms (custom)
2019-10-23 22:25:54,841 [pool-59-thread-1] INFO  server.RaftServerConfigKeys (ConfUtils.java:logGet(43)) - raft.server.rpcslowness.timeout = 1000s (custom)
2019-10-23 22:25:54,841 [pool-59-thread-1] INFO  server.RaftServerConfigKeys (ConfUtils.java:logGet(43)) - raft.server.sleep.deviation.threshold = 300 (default)
2019-10-23 22:25:54,841 [pool-59-thread-1] INFO  server.RaftServerConfigKeys (ConfUtils.java:logGet(43)) - raft.server.log.appender.install.snapshot.enabled = false (custom)
2019-10-23 22:25:54,841 [pool-59-thread-1] INFO  impl.RaftServerImpl (ServerState.java:<init>(103)) - 1e780629-3013-4910-b058-82bfaeb575a6@group-E01EBD0F8BF5: ConfigurationManager, init=-1: [73b959bd-e3af-4247-b02b-6987bacc6720:192.168.34.28:45914, 1e780629-3013-4910-b058-82bfaeb575a6:192.168.34.28:46415, 22d85afd-4d4f-492d-93d6-f244982d2d2b:192.168.34.28:33618], old=null, confs=<EMPTY_MAP>
2019-10-23 22:25:54,841 [pool-59-thread-1] INFO  server.RaftServerConfigKeys (ConfUtils.java:logGet(43)) - raft.server.storage.dir = [/workdir/hadoop-ozone/integration-test/target/test-dir/MiniOzoneClusterImpl-76426a80-56c3-4df6-b76d-a34ccd4b7bd3/datanode-2/data/ratis] (custom)
2019-10-23 22:25:54,842 [pool-59-thread-1] INFO  server.RaftServerConfigKeys (ConfUtils.java:logGet(43)) - raft.server.log.corruption.policy = EXCEPTION (default)
2019-10-23 22:25:54,842 [pool-59-thread-1] INFO  storage.RaftStorageDirectory (RaftStorageDirectory.java:analyzeStorage(246)) - The storage directory /workdir/hadoop-ozone/integration-test/target/test-dir/MiniOzoneClusterImpl-76426a80-56c3-4df6-b76d-a34ccd4b7bd3/datanode-2/data/ratis/b332143a-3dce-4850-8677-e01ebd0f8bf5 does not exist. Creating ...
2019-10-23 22:25:54,842 [pool-27-thread-1] INFO  impl.RaftServerImpl (RaftServerImpl.java:<init>(104)) - 73b959bd-e3af-4247-b02b-6987bacc6720: new RaftServerImpl for group-E01EBD0F8BF5:[73b959bd-e3af-4247-b02b-6987bacc6720:192.168.34.28:45914, 1e780629-3013-4910-b058-82bfaeb575a6:192.168.34.28:46415, 22d85afd-4d4f-492d-93d6-f244982d2d2b:192.168.34.28:33618] with ContainerStateMachine:uninitialized
2019-10-23 22:25:54,842 [pool-27-thread-1] INFO  server.RaftServerConfigKeys (ConfUtils.java:logGet(43)) - raft.server.rpc.timeout.min = 5s (custom)
2019-10-23 22:25:54,843 [pool-27-thread-1] INFO  server.RaftServerConfigKeys (ConfUtils.java:logGet(43)) - raft.server.rpc.timeout.max = 5200ms (custom)
2019-10-23 22:25:54,843 [pool-27-thread-1] INFO  server.RaftServerConfigKeys (ConfUtils.java:logGet(43)) - raft.server.rpcslowness.timeout = 1000s (custom)
2019-10-23 22:25:54,843 [pool-37-thread-1] INFO  impl.RaftServerImpl (RaftServerImpl.java:<init>(104)) - 22d85afd-4d4f-492d-93d6-f244982d2d2b: new RaftServerImpl for group-E01EBD0F8BF5:[73b959bd-e3af-4247-b02b-6987bacc6720:192.168.34.28:45914, 1e780629-3013-4910-b058-82bfaeb575a6:192.168.34.28:46415, 22d85afd-4d4f-492d-93d6-f244982d2d2b:192.168.34.28:33618] with ContainerStateMachine:uninitialized
2019-10-23 22:25:54,843 [pool-27-thread-1] INFO  server.RaftServerConfigKeys (ConfUtils.java:logGet(43)) - raft.server.sleep.deviation.threshold = 300 (default)
2019-10-23 22:25:54,843 [pool-37-thread-1] INFO  server.RaftServerConfigKeys (ConfUtils.java:logGet(43)) - raft.server.rpc.timeout.min = 5s (custom)
2019-10-23 22:25:54,843 [pool-27-thread-1] INFO  server.RaftServerConfigKeys (ConfUtils.java:logGet(43)) - raft.server.log.appender.install.snapshot.enabled = false (custom)
2019-10-23 22:25:54,843 [pool-37-thread-1] INFO  server.RaftServerConfigKeys (ConfUtils.java:logGet(43)) - raft.server.rpc.timeout.max = 5200ms (custom)
2019-10-23 22:25:54,844 [pool-27-thread-1] INFO  impl.RaftServerImpl (ServerState.java:<init>(103)) - 73b959bd-e3af-4247-b02b-6987bacc6720@group-E01EBD0F8BF5: ConfigurationManager, init=-1: [73b959bd-e3af-4247-b02b-6987bacc6720:192.168.34.28:45914, 1e780629-3013-4910-b058-82bfaeb575a6:192.168.34.28:46415, 22d85afd-4d4f-492d-93d6-f244982d2d2b:192.168.34.28:33618], old=null, confs=<EMPTY_MAP>
2019-10-23 22:25:54,844 [pool-37-thread-1] INFO  server.RaftServerConfigKeys (ConfUtils.java:logGet(43)) - raft.server.rpcslowness.timeout = 1000s (custom)
2019-10-23 22:25:54,844 [pool-27-thread-1] INFO  server.RaftServerConfigKeys (ConfUtils.java:logGet(43)) - raft.server.storage.dir = [/workdir/hadoop-ozone/integration-test/target/test-dir/MiniOzoneClusterImpl-76426a80-56c3-4df6-b76d-a34ccd4b7bd3/datanode-0/data/ratis] (custom)
2019-10-23 22:25:54,844 [pool-37-thread-1] INFO  server.RaftServerConfigKeys (ConfUtils.java:logGet(43)) - raft.server.sleep.deviation.threshold = 300 (default)
2019-10-23 22:25:54,844 [pool-37-thread-1] INFO  server.RaftServerConfigKeys (ConfUtils.java:logGet(43)) - raft.server.log.appender.install.snapshot.enabled = false (custom)
2019-10-23 22:25:54,844 [pool-37-thread-1] INFO  impl.RaftServerImpl (ServerState.java:<init>(103)) - 22d85afd-4d4f-492d-93d6-f244982d2d2b@group-E01EBD0F8BF5: ConfigurationManager, init=-1: [73b959bd-e3af-4247-b02b-6987bacc6720:192.168.34.28:45914, 1e780629-3013-4910-b058-82bfaeb575a6:192.168.34.28:46415, 22d85afd-4d4f-492d-93d6-f244982d2d2b:192.168.34.28:33618], old=null, confs=<EMPTY_MAP>
2019-10-23 22:25:54,844 [pool-27-thread-1] INFO  server.RaftServerConfigKeys (ConfUtils.java:logGet(43)) - raft.server.log.corruption.policy = EXCEPTION (default)
2019-10-23 22:25:54,845 [pool-37-thread-1] INFO  server.RaftServerConfigKeys (ConfUtils.java:logGet(43)) - raft.server.storage.dir = [/workdir/hadoop-ozone/integration-test/target/test-dir/MiniOzoneClusterImpl-76426a80-56c3-4df6-b76d-a34ccd4b7bd3/datanode-1/data/ratis] (custom)
2019-10-23 22:25:54,845 [pool-27-thread-1] INFO  storage.RaftStorageDirectory (RaftStorageDirectory.java:analyzeStorage(246)) - The storage directory /workdir/hadoop-ozone/integration-test/target/test-dir/MiniOzoneClusterImpl-76426a80-56c3-4df6-b76d-a34ccd4b7bd3/datanode-0/data/ratis/b332143a-3dce-4850-8677-e01ebd0f8bf5 does not exist. Creating ...
2019-10-23 22:25:54,845 [pool-37-thread-1] INFO  server.RaftServerConfigKeys (ConfUtils.java:logGet(43)) - raft.server.log.corruption.policy = EXCEPTION (default)
2019-10-23 22:25:54,845 [pool-37-thread-1] INFO  storage.RaftStorageDirectory (RaftStorageDirectory.java:analyzeStorage(246)) - The storage directory /workdir/hadoop-ozone/integration-test/target/test-dir/MiniOzoneClusterImpl-76426a80-56c3-4df6-b76d-a34ccd4b7bd3/datanode-1/data/ratis/b332143a-3dce-4850-8677-e01ebd0f8bf5 does not exist. Creating ...
2019-10-23 22:25:54,856 [pool-59-thread-1] INFO  storage.RaftStorageDirectory (RaftStorageDirectory.java:tryLock(328)) - Lock on /workdir/hadoop-ozone/integration-test/target/test-dir/MiniOzoneClusterImpl-76426a80-56c3-4df6-b76d-a34ccd4b7bd3/datanode-2/data/ratis/b332143a-3dce-4850-8677-e01ebd0f8bf5/in_use.lock acquired by nodename 13088@pr-hdds-2240-gjcjf-507280437
2019-10-23 22:25:54,856 [pool-37-thread-1] INFO  storage.RaftStorageDirectory (RaftStorageDirectory.java:tryLock(328)) - Lock on /workdir/hadoop-ozone/integration-test/target/test-dir/MiniOzoneClusterImpl-76426a80-56c3-4df6-b76d-a34ccd4b7bd3/datanode-1/data/ratis/b332143a-3dce-4850-8677-e01ebd0f8bf5/in_use.lock acquired by nodename 13088@pr-hdds-2240-gjcjf-507280437
2019-10-23 22:25:54,856 [pool-27-thread-1] INFO  storage.RaftStorageDirectory (RaftStorageDirectory.java:tryLock(328)) - Lock on /workdir/hadoop-ozone/integration-test/target/test-dir/MiniOzoneClusterImpl-76426a80-56c3-4df6-b76d-a34ccd4b7bd3/datanode-0/data/ratis/b332143a-3dce-4850-8677-e01ebd0f8bf5/in_use.lock acquired by nodename 13088@pr-hdds-2240-gjcjf-507280437
2019-10-23 22:25:54,873 [pool-59-thread-1] INFO  storage.RaftStorage (RaftStorage.java:format(84)) - Storage directory /workdir/hadoop-ozone/integration-test/target/test-dir/MiniOzoneClusterImpl-76426a80-56c3-4df6-b76d-a34ccd4b7bd3/datanode-2/data/ratis/b332143a-3dce-4850-8677-e01ebd0f8bf5 has been successfully formatted.
2019-10-23 22:25:54,873 [pool-27-thread-1] INFO  storage.RaftStorage (RaftStorage.java:format(84)) - Storage directory /workdir/hadoop-ozone/integration-test/target/test-dir/MiniOzoneClusterImpl-76426a80-56c3-4df6-b76d-a34ccd4b7bd3/datanode-0/data/ratis/b332143a-3dce-4850-8677-e01ebd0f8bf5 has been successfully formatted.
2019-10-23 22:25:54,873 [pool-37-thread-1] INFO  storage.RaftStorage (RaftStorage.java:format(84)) - Storage directory /workdir/hadoop-ozone/integration-test/target/test-dir/MiniOzoneClusterImpl-76426a80-56c3-4df6-b76d-a34ccd4b7bd3/datanode-1/data/ratis/b332143a-3dce-4850-8677-e01ebd0f8bf5 has been successfully formatted.
2019-10-23 22:25:54,873 [pool-59-thread-1] INFO  ratis.ContainerStateMachine (ContainerStateMachine.java:loadSnapshot(231)) - group-E01EBD0F8BF5: The snapshot info is null. Setting the last applied indexto:(t:0, i:~)
2019-10-23 22:25:54,874 [pool-27-thread-1] INFO  ratis.ContainerStateMachine (ContainerStateMachine.java:loadSnapshot(231)) - group-E01EBD0F8BF5: The snapshot info is null. Setting the last applied indexto:(t:0, i:~)
2019-10-23 22:25:54,874 [pool-59-thread-1] INFO  server.RaftServerConfigKeys (ConfUtils.java:logGet(43)) - raft.server.notification.no-leader.timeout = 1000s (custom)
2019-10-23 22:25:54,874 [pool-37-thread-1] INFO  ratis.ContainerStateMachine (ContainerStateMachine.java:loadSnapshot(231)) - group-E01EBD0F8BF5: The snapshot info is null. Setting the last applied indexto:(t:0, i:~)
2019-10-23 22:25:54,874 [pool-59-thread-1] INFO  server.RaftServerConfigKeys (ConfUtils.java:logGet(43)) - raft.server.log.use.memory = false (default)
2019-10-23 22:25:54,874 [pool-27-thread-1] INFO  server.RaftServerConfigKeys (ConfUtils.java:logGet(43)) - raft.server.notification.no-leader.timeout = 1000s (custom)
2019-10-23 22:25:54,874 [pool-59-thread-1] INFO  server.RaftServerConfigKeys (ConfUtils.java:logGet(43)) - raft.server.log.purge.gap = 1000000 (custom)
2019-10-23 22:25:54,874 [pool-37-thread-1] INFO  server.RaftServerConfigKeys (ConfUtils.java:logGet(43)) - raft.server.notification.no-leader.timeout = 1000s (custom)
2019-10-23 22:25:54,874 [pool-59-thread-1] INFO  server.RaftServerConfigKeys (ConfUtils.java:logGet(43)) - raft.server.log.appender.buffer.byte-limit = 33554432 (custom)
2019-10-23 22:25:54,874 [pool-27-thread-1] INFO  server.RaftServerConfigKeys (ConfUtils.java:logGet(43)) - raft.server.log.use.memory = false (default)
2019-10-23 22:25:54,875 [pool-59-thread-1] INFO  server.RaftServerConfigKeys (ConfUtils.java:logGet(43)) - raft.server.log.segment.size.max = 1048576 (custom)
2019-10-23 22:25:54,875 [pool-37-thread-1] INFO  server.RaftServerConfigKeys (ConfUtils.java:logGet(43)) - raft.server.log.use.memory = false (default)
2019-10-23 22:25:54,875 [pool-59-thread-1] INFO  server.RaftServerConfigKeys (ConfUtils.java:logGet(43)) - raft.server.log.segment.cache.num.max = 2 (custom)
2019-10-23 22:25:54,875 [pool-59-thread-1] INFO  segmented.SegmentedRaftLogWorker (SegmentedRaftLogWorker.java:<init>(173)) - new 1e780629-3013-4910-b058-82bfaeb575a6@group-E01EBD0F8BF5-SegmentedRaftLogWorker for RaftStorage:Storage Directory /workdir/hadoop-ozone/integration-test/target/test-dir/MiniOzoneClusterImpl-76426a80-56c3-4df6-b76d-a34ccd4b7bd3/datanode-2/data/ratis/b332143a-3dce-4850-8677-e01ebd0f8bf5
2019-10-23 22:25:54,876 [pool-59-thread-1] INFO  server.RaftServerConfigKeys (ConfUtils.java:logGet(43)) - raft.server.log.queue.byte-limit = 2147483647 (custom)
2019-10-23 22:25:54,876 [pool-59-thread-1] INFO  server.RaftServerConfigKeys (ConfUtils.java:logGet(43)) - raft.server.log.queue.element-limit = 1024 (custom)
2019-10-23 22:25:54,876 [pool-59-thread-1] INFO  server.RaftServerConfigKeys (ConfUtils.java:logGet(43)) - raft.server.log.segment.size.max = 1048576 (custom)
2019-10-23 22:25:54,876 [pool-59-thread-1] INFO  server.RaftServerConfigKeys (ConfUtils.java:logGet(43)) - raft.server.log.preallocated.size = 16384 (custom)
2019-10-23 22:25:54,876 [pool-59-thread-1] INFO  server.RaftServerConfigKeys (ConfUtils.java:logGet(43)) - raft.server.log.write.buffer.size = 33554432 (custom)
2019-10-23 22:25:54,876 [pool-59-thread-1] INFO  server.RaftServerConfigKeys (ConfUtils.java:logGet(43)) - raft.server.log.force.sync.num = 128 (default)
2019-10-23 22:25:54,877 [pool-59-thread-1] INFO  server.RaftServerConfigKeys (ConfUtils.java:logGet(43)) - raft.server.log.statemachine.data.sync = true (default)
2019-10-23 22:25:54,877 [pool-59-thread-1] INFO  server.RaftServerConfigKeys (ConfUtils.java:logGet(43)) - raft.server.log.statemachine.data.sync.timeout = 10s (default)
2019-10-23 22:25:54,877 [pool-59-thread-1] INFO  server.RaftServerConfigKeys (ConfUtils.java:logGet(43)) - raft.server.log.statemachine.data.sync.timeout.retry = -1 (default)
2019-10-23 22:25:54,877 [pool-59-thread-1] INFO  server.RaftServerConfigKeys (ConfUtils.java:logGet(43)) - raft.server.log.statemachine.data.caching.enabled = true (custom)
2019-10-23 22:25:54,877 [pool-59-thread-1] INFO  segmented.SegmentedRaftLogWorker (SegmentedRaftLogWorker.java:lambda$new$0(128)) - 1e780629-3013-4910-b058-82bfaeb575a6@group-E01EBD0F8BF5-SegmentedRaftLogWorker: flushIndex: setUnconditionally 0 -> -1
2019-10-23 22:25:54,875 [pool-27-thread-1] INFO  server.RaftServerConfigKeys (ConfUtils.java:logGet(43)) - raft.server.log.purge.gap = 1000000 (custom)
2019-10-23 22:25:54,879 [pool-59-thread-1] INFO  server.RaftServerConfigKeys (ConfUtils.java:logGet(43)) - raft.server.snapshot.auto.trigger.enabled = true (custom)
2019-10-23 22:25:54,875 [pool-37-thread-1] INFO  server.RaftServerConfigKeys (ConfUtils.java:logGet(43)) - raft.server.log.purge.gap = 1000000 (custom)
2019-10-23 22:25:54,879 [pool-59-thread-1] INFO  server.RaftServerConfigKeys (ConfUtils.java:logGet(43)) - raft.server.snapshot.auto.trigger.threshold = 10000 (custom)
2019-10-23 22:25:54,879 [pool-27-thread-1] INFO  server.RaftServerConfigKeys (ConfUtils.java:logGet(43)) - raft.server.log.appender.buffer.byte-limit = 33554432 (custom)
2019-10-23 22:25:54,880 [pool-59-thread-1] INFO  server.RaftServerConfigKeys (ConfUtils.java:logGet(43)) - raft.server.snapshot.retention.file.num = 5 (custom)
2019-10-23 22:25:54,879 [pool-37-thread-1] INFO  server.RaftServerConfigKeys (ConfUtils.java:logGet(43)) - raft.server.log.appender.buffer.byte-limit = 33554432 (custom)
2019-10-23 22:25:54,880 [pool-59-thread-1] INFO  server.RaftServerConfigKeys (ConfUtils.java:logGet(43)) - raft.server.retrycache.expirytime = 600000ms (custom)
2019-10-23 22:25:54,880 [pool-27-thread-1] INFO  server.RaftServerConfigKeys (ConfUtils.java:logGet(43)) - raft.server.log.segment.size.max = 1048576 (custom)
2019-10-23 22:25:54,880 [pool-37-thread-1] INFO  server.RaftServerConfigKeys (ConfUtils.java:logGet(43)) - raft.server.log.segment.size.max = 1048576 (custom)
2019-10-23 22:25:54,880 [pool-27-thread-1] INFO  server.RaftServerConfigKeys (ConfUtils.java:logGet(43)) - raft.server.log.segment.cache.num.max = 2 (custom)
2019-10-23 22:25:54,880 [pool-37-thread-1] INFO  server.RaftServerConfigKeys (ConfUtils.java:logGet(43)) - raft.server.log.segment.cache.num.max = 2 (custom)
2019-10-23 22:25:54,881 [pool-27-thread-1] INFO  segmented.SegmentedRaftLogWorker (SegmentedRaftLogWorker.java:<init>(173)) - new 73b959bd-e3af-4247-b02b-6987bacc6720@group-E01EBD0F8BF5-SegmentedRaftLogWorker for RaftStorage:Storage Directory /workdir/hadoop-ozone/integration-test/target/test-dir/MiniOzoneClusterImpl-76426a80-56c3-4df6-b76d-a34ccd4b7bd3/datanode-0/data/ratis/b332143a-3dce-4850-8677-e01ebd0f8bf5
2019-10-23 22:25:54,881 [pool-37-thread-1] INFO  segmented.SegmentedRaftLogWorker (SegmentedRaftLogWorker.java:<init>(173)) - new 22d85afd-4d4f-492d-93d6-f244982d2d2b@group-E01EBD0F8BF5-SegmentedRaftLogWorker for RaftStorage:Storage Directory /workdir/hadoop-ozone/integration-test/target/test-dir/MiniOzoneClusterImpl-76426a80-56c3-4df6-b76d-a34ccd4b7bd3/datanode-1/data/ratis/b332143a-3dce-4850-8677-e01ebd0f8bf5
2019-10-23 22:25:54,881 [pool-27-thread-1] INFO  server.RaftServerConfigKeys (ConfUtils.java:logGet(43)) - raft.server.log.queue.byte-limit = 2147483647 (custom)
2019-10-23 22:25:54,881 [pool-27-thread-1] INFO  server.RaftServerConfigKeys (ConfUtils.java:logGet(43)) - raft.server.log.queue.element-limit = 1024 (custom)
2019-10-23 22:25:54,881 [pool-37-thread-1] INFO  server.RaftServerConfigKeys (ConfUtils.java:logGet(43)) - raft.server.log.queue.byte-limit = 2147483647 (custom)
2019-10-23 22:25:54,881 [pool-27-thread-1] INFO  server.RaftServerConfigKeys (ConfUtils.java:logGet(43)) - raft.server.log.segment.size.max = 1048576 (custom)
2019-10-23 22:25:54,881 [pool-37-thread-1] INFO  server.RaftServerConfigKeys (ConfUtils.java:logGet(43)) - raft.server.log.queue.element-limit = 1024 (custom)
2019-10-23 22:25:54,882 [pool-27-thread-1] INFO  server.RaftServerConfigKeys (ConfUtils.java:logGet(43)) - raft.server.log.preallocated.size = 16384 (custom)
2019-10-23 22:25:54,882 [pool-37-thread-1] INFO  server.RaftServerConfigKeys (ConfUtils.java:logGet(43)) - raft.server.log.segment.size.max = 1048576 (custom)
2019-10-23 22:25:54,882 [pool-27-thread-1] INFO  server.RaftServerConfigKeys (ConfUtils.java:logGet(43)) - raft.server.log.write.buffer.size = 33554432 (custom)
2019-10-23 22:25:54,882 [pool-37-thread-1] INFO  server.RaftServerConfigKeys (ConfUtils.java:logGet(43)) - raft.server.log.preallocated.size = 16384 (custom)
2019-10-23 22:25:54,882 [pool-27-thread-1] INFO  server.RaftServerConfigKeys (ConfUtils.java:logGet(43)) - raft.server.log.force.sync.num = 128 (default)
2019-10-23 22:25:54,882 [pool-37-thread-1] INFO  server.RaftServerConfigKeys (ConfUtils.java:logGet(43)) - raft.server.log.write.buffer.size = 33554432 (custom)
2019-10-23 22:25:54,882 [pool-27-thread-1] INFO  server.RaftServerConfigKeys (ConfUtils.java:logGet(43)) - raft.server.log.statemachine.data.sync = true (default)
2019-10-23 22:25:54,883 [pool-37-thread-1] INFO  server.RaftServerConfigKeys (ConfUtils.java:logGet(43)) - raft.server.log.force.sync.num = 128 (default)
2019-10-23 22:25:54,883 [pool-27-thread-1] INFO  server.RaftServerConfigKeys (ConfUtils.java:logGet(43)) - raft.server.log.statemachine.data.sync.timeout = 10s (default)
2019-10-23 22:25:54,883 [pool-37-thread-1] INFO  server.RaftServerConfigKeys (ConfUtils.java:logGet(43)) - raft.server.log.statemachine.data.sync = true (default)
2019-10-23 22:25:54,883 [pool-27-thread-1] INFO  server.RaftServerConfigKeys (ConfUtils.java:logGet(43)) - raft.server.log.statemachine.data.sync.timeout.retry = -1 (default)
2019-10-23 22:25:54,883 [pool-59-thread-1] INFO  impl.RaftServerImpl (RaftServerImpl.java:start(195)) - 1e780629-3013-4910-b058-82bfaeb575a6@group-E01EBD0F8BF5: start as a follower, conf=-1: [73b959bd-e3af-4247-b02b-6987bacc6720:192.168.34.28:45914, 1e780629-3013-4910-b058-82bfaeb575a6:192.168.34.28:46415, 22d85afd-4d4f-492d-93d6-f244982d2d2b:192.168.34.28:33618], old=null
2019-10-23 22:25:54,883 [pool-37-thread-1] INFO  server.RaftServerConfigKeys (ConfUtils.java:logGet(43)) - raft.server.log.statemachine.data.sync.timeout = 10s (default)
2019-10-23 22:25:54,883 [pool-59-thread-1] INFO  impl.RaftServerImpl (RaftServerImpl.java:setRole(184)) - 1e780629-3013-4910-b058-82bfaeb575a6@group-E01EBD0F8BF5: changes role from      null to FOLLOWER at term 0 for startAsFollower
2019-10-23 22:25:54,883 [pool-27-thread-1] INFO  server.RaftServerConfigKeys (ConfUtils.java:logGet(43)) - raft.server.log.statemachine.data.caching.enabled = true (custom)
2019-10-23 22:25:54,884 [pool-59-thread-1] INFO  impl.RoleInfo (RoleInfo.java:updateAndGet(143)) - 1e780629-3013-4910-b058-82bfaeb575a6: start FollowerState
2019-10-23 22:25:54,884 [pool-37-thread-1] INFO  server.RaftServerConfigKeys (ConfUtils.java:logGet(43)) - raft.server.log.statemachine.data.sync.timeout.retry = -1 (default)
2019-10-23 22:25:54,884 [pool-27-thread-1] INFO  segmented.SegmentedRaftLogWorker (SegmentedRaftLogWorker.java:lambda$new$0(128)) - 73b959bd-e3af-4247-b02b-6987bacc6720@group-E01EBD0F8BF5-SegmentedRaftLogWorker: flushIndex: setUnconditionally 0 -> -1
2019-10-23 22:25:54,884 [pool-37-thread-1] INFO  server.RaftServerConfigKeys (ConfUtils.java:logGet(43)) - raft.server.log.statemachine.data.caching.enabled = true (custom)
2019-10-23 22:25:54,884 [pool-59-thread-1] INFO  util.JmxRegister (JmxRegister.java:tryRegister(44)) - Successfully registered JMX Bean with object name Ratis:service=RaftServer,group=group-E01EBD0F8BF5,id=1e780629-3013-4910-b058-82bfaeb575a6
2019-10-23 22:25:54,884 [pool-27-thread-1] INFO  server.RaftServerConfigKeys (ConfUtils.java:logGet(43)) - raft.server.snapshot.auto.trigger.enabled = true (custom)
2019-10-23 22:25:54,884 [pool-37-thread-1] INFO  segmented.SegmentedRaftLogWorker (SegmentedRaftLogWorker.java:lambda$new$0(128)) - 22d85afd-4d4f-492d-93d6-f244982d2d2b@group-E01EBD0F8BF5-SegmentedRaftLogWorker: flushIndex: setUnconditionally 0 -> -1
2019-10-23 22:25:54,885 [pool-27-thread-1] INFO  server.RaftServerConfigKeys (ConfUtils.java:logGet(43)) - raft.server.snapshot.auto.trigger.threshold = 10000 (custom)
2019-10-23 22:25:54,885 [pool-27-thread-1] INFO  server.RaftServerConfigKeys (ConfUtils.java:logGet(43)) - raft.server.snapshot.retention.file.num = 5 (custom)
2019-10-23 22:25:54,885 [pool-37-thread-1] INFO  server.RaftServerConfigKeys (ConfUtils.java:logGet(43)) - raft.server.snapshot.auto.trigger.enabled = true (custom)
2019-10-23 22:25:54,885 [pool-27-thread-1] INFO  server.RaftServerConfigKeys (ConfUtils.java:logGet(43)) - raft.server.retrycache.expirytime = 600000ms (custom)
2019-10-23 22:25:54,885 [pool-37-thread-1] INFO  server.RaftServerConfigKeys (ConfUtils.java:logGet(43)) - raft.server.snapshot.auto.trigger.threshold = 10000 (custom)
2019-10-23 22:25:54,885 [pool-37-thread-1] INFO  server.RaftServerConfigKeys (ConfUtils.java:logGet(43)) - raft.server.snapshot.retention.file.num = 5 (custom)
2019-10-23 22:25:54,885 [pool-37-thread-1] INFO  server.RaftServerConfigKeys (ConfUtils.java:logGet(43)) - raft.server.retrycache.expirytime = 600000ms (custom)
2019-10-23 22:25:54,890 [pool-27-thread-1] INFO  impl.RaftServerImpl (RaftServerImpl.java:start(195)) - 73b959bd-e3af-4247-b02b-6987bacc6720@group-E01EBD0F8BF5: start as a follower, conf=-1: [73b959bd-e3af-4247-b02b-6987bacc6720:192.168.34.28:45914, 1e780629-3013-4910-b058-82bfaeb575a6:192.168.34.28:46415, 22d85afd-4d4f-492d-93d6-f244982d2d2b:192.168.34.28:33618], old=null
2019-10-23 22:25:54,890 [pool-27-thread-1] INFO  impl.RaftServerImpl (RaftServerImpl.java:setRole(184)) - 73b959bd-e3af-4247-b02b-6987bacc6720@group-E01EBD0F8BF5: changes role from      null to FOLLOWER at term 0 for startAsFollower
2019-10-23 22:25:54,891 [pool-27-thread-1] INFO  impl.RoleInfo (RoleInfo.java:updateAndGet(143)) - 73b959bd-e3af-4247-b02b-6987bacc6720: start FollowerState
2019-10-23 22:25:54,893 [pool-27-thread-1] INFO  util.JmxRegister (JmxRegister.java:tryRegister(44)) - Successfully registered JMX Bean with object name Ratis:service=RaftServer,group=group-E01EBD0F8BF5,id=73b959bd-e3af-4247-b02b-6987bacc6720
2019-10-23 22:25:54,893 [pool-37-thread-1] INFO  impl.RaftServerImpl (RaftServerImpl.java:start(195)) - 22d85afd-4d4f-492d-93d6-f244982d2d2b@group-E01EBD0F8BF5: start as a follower, conf=-1: [73b959bd-e3af-4247-b02b-6987bacc6720:192.168.34.28:45914, 1e780629-3013-4910-b058-82bfaeb575a6:192.168.34.28:46415, 22d85afd-4d4f-492d-93d6-f244982d2d2b:192.168.34.28:33618], old=null
2019-10-23 22:25:54,893 [pool-37-thread-1] INFO  impl.RaftServerImpl (RaftServerImpl.java:setRole(184)) - 22d85afd-4d4f-492d-93d6-f244982d2d2b@group-E01EBD0F8BF5: changes role from      null to FOLLOWER at term 0 for startAsFollower
2019-10-23 22:25:54,893 [pool-37-thread-1] INFO  impl.RoleInfo (RoleInfo.java:updateAndGet(143)) - 22d85afd-4d4f-492d-93d6-f244982d2d2b: start FollowerState
2019-10-23 22:25:54,894 [pool-37-thread-1] INFO  util.JmxRegister (JmxRegister.java:tryRegister(44)) - Successfully registered JMX Bean with object name Ratis:service=RaftServer,group=group-E01EBD0F8BF5,id=22d85afd-4d4f-492d-93d6-f244982d2d2b
2019-10-23 22:25:54,901 [RatisPipelineUtilsThread] INFO  pipeline.PipelineStateManager (PipelineStateManager.java:addPipeline(56)) - Created pipeline Pipeline[ Id: b332143a-3dce-4850-8677-e01ebd0f8bf5, Nodes: 22d85afd-4d4f-492d-93d6-f244982d2d2b{ip: 192.168.34.28, host: pr-hdds-2240-gjcjf-507280437, networkLocation: /default-rack, certSerialId: null}1e780629-3013-4910-b058-82bfaeb575a6{ip: 192.168.34.28, host: pr-hdds-2240-gjcjf-507280437, networkLocation: /default-rack, certSerialId: null}73b959bd-e3af-4247-b02b-6987bacc6720{ip: 192.168.34.28, host: pr-hdds-2240-gjcjf-507280437, networkLocation: /default-rack, certSerialId: null}, Type:RATIS, Factor:THREE, State:OPEN]
2019-10-23 22:25:54,910 [Thread-793] INFO  impl.FollowerState (FollowerState.java:run(108)) - 1e780629-3013-4910-b058-82bfaeb575a6@group-E93D430B0295-FollowerState: change to CANDIDATE, lastRpcTime:96ms, electionTimeout:96ms
2019-10-23 22:25:54,910 [Thread-793] INFO  impl.RoleInfo (RoleInfo.java:shutdownFollowerState(121)) - 1e780629-3013-4910-b058-82bfaeb575a6: shutdown FollowerState
2019-10-23 22:25:54,910 [Thread-793] INFO  impl.RaftServerImpl (RaftServerImpl.java:setRole(184)) - 1e780629-3013-4910-b058-82bfaeb575a6@group-E93D430B0295: changes role from  FOLLOWER to CANDIDATE at term 0 for changeToCandidate
2019-10-23 22:25:54,911 [Thread-793] INFO  impl.RoleInfo (RoleInfo.java:updateAndGet(143)) - 1e780629-3013-4910-b058-82bfaeb575a6: start LeaderElection
2019-10-23 22:25:54,926 [1e780629-3013-4910-b058-82bfaeb575a6@group-E93D430B0295-LeaderElection38] INFO  impl.LeaderElection (LeaderElection.java:askForVotes(178)) - 1e780629-3013-4910-b058-82bfaeb575a6@group-E93D430B0295-LeaderElection38: begin an election at term 1 for -1: [1e780629-3013-4910-b058-82bfaeb575a6:192.168.34.28:46415], old=null
2019-10-23 22:25:54,927 [1e780629-3013-4910-b058-82bfaeb575a6@group-E93D430B0295-LeaderElection38] INFO  impl.RoleInfo (RoleInfo.java:shutdownLeaderElection(134)) - 1e780629-3013-4910-b058-82bfaeb575a6: shutdown LeaderElection
2019-10-23 22:25:54,927 [1e780629-3013-4910-b058-82bfaeb575a6@group-E93D430B0295-LeaderElection38] INFO  impl.RaftServerImpl (RaftServerImpl.java:setRole(184)) - 1e780629-3013-4910-b058-82bfaeb575a6@group-E93D430B0295: changes role from CANDIDATE to LEADER at term 1 for changeToLeader
2019-10-23 22:25:54,927 [1e780629-3013-4910-b058-82bfaeb575a6@group-E93D430B0295-LeaderElection38] INFO  impl.RaftServerImpl (ServerState.java:setLeader(256)) - 1e780629-3013-4910-b058-82bfaeb575a6@group-E93D430B0295: change Leader from null to 1e780629-3013-4910-b058-82bfaeb575a6 at term 1 for becomeLeader, leader elected after 120ms
2019-10-23 22:25:54,927 [1e780629-3013-4910-b058-82bfaeb575a6@group-E93D430B0295-LeaderElection38] INFO  server.RaftServerConfigKeys (ConfUtils.java:logGet(43)) - raft.server.staging.catchup.gap = 1000 (default)
2019-10-23 22:25:54,927 [1e780629-3013-4910-b058-82bfaeb575a6@group-E93D430B0295-LeaderElection38] INFO  server.RaftServerConfigKeys (ConfUtils.java:logGet(43)) - raft.server.rpc.sleep.time = 25ms (default)
2019-10-23 22:25:54,927 [1e780629-3013-4910-b058-82bfaeb575a6@group-E93D430B0295-LeaderElection38] INFO  server.RaftServerConfigKeys (ConfUtils.java:logGet(43)) - raft.server.write.element-limit = 4096 (default)
2019-10-23 22:25:54,928 [1e780629-3013-4910-b058-82bfaeb575a6@group-E93D430B0295-LeaderElection38] INFO  server.RaftServerConfigKeys (ConfUtils.java:logGet(43)) - raft.server.watch.timeout = 10s (default)
2019-10-23 22:25:54,928 [1e780629-3013-4910-b058-82bfaeb575a6@group-E93D430B0295-LeaderElection38] INFO  server.RaftServerConfigKeys (ConfUtils.java:logGet(43)) - raft.server.watch.timeout.denomination = 1s (default)
2019-10-23 22:25:54,928 [1e780629-3013-4910-b058-82bfaeb575a6@group-E93D430B0295-LeaderElection38] INFO  server.RaftServerConfigKeys (ConfUtils.java:logGet(43)) - raft.server.watch.element-limit = 65536 (default)
2019-10-23 22:25:54,930 [1e780629-3013-4910-b058-82bfaeb575a6@group-E93D430B0295-LeaderElection38] INFO  impl.RoleInfo (RoleInfo.java:updateAndGet(143)) - 1e780629-3013-4910-b058-82bfaeb575a6: start LeaderState
2019-10-23 22:25:54,931 [1e780629-3013-4910-b058-82bfaeb575a6@group-E93D430B0295-LeaderElection38] INFO  segmented.SegmentedRaftLogWorker (SegmentedRaftLogWorker.java:startLogSegment(385)) - 1e780629-3013-4910-b058-82bfaeb575a6@group-E93D430B0295-SegmentedRaftLogWorker: Starting segment from index:0
2019-10-23 22:25:54,931 [1e780629-3013-4910-b058-82bfaeb575a6@group-E93D430B0295-LeaderElection38] INFO  impl.RaftServerImpl (ServerState.java:setRaftConf(357)) - 1e780629-3013-4910-b058-82bfaeb575a6@group-E93D430B0295: set configuration 0: [1e780629-3013-4910-b058-82bfaeb575a6:192.168.34.28:46415], old=null at 0
2019-10-23 22:25:54,944 [Thread-789] INFO  impl.FollowerState (FollowerState.java:run(108)) - 1e780629-3013-4910-b058-82bfaeb575a6@group-FF494030CC0C-FollowerState: change to CANDIDATE, lastRpcTime:197ms, electionTimeout:197ms
2019-10-23 22:25:54,944 [Thread-789] INFO  impl.RoleInfo (RoleInfo.java:shutdownFollowerState(121)) - 1e780629-3013-4910-b058-82bfaeb575a6: shutdown FollowerState
2019-10-23 22:25:54,944 [Thread-789] INFO  impl.RaftServerImpl (RaftServerImpl.java:setRole(184)) - 1e780629-3013-4910-b058-82bfaeb575a6@group-FF494030CC0C: changes role from  FOLLOWER to CANDIDATE at term 39 for changeToCandidate
2019-10-23 22:25:54,944 [Thread-789] INFO  impl.RoleInfo (RoleInfo.java:updateAndGet(143)) - 1e780629-3013-4910-b058-82bfaeb575a6: start LeaderElection
2019-10-23 22:25:54,957 [1e780629-3013-4910-b058-82bfaeb575a6@group-FF494030CC0C-LeaderElection39] INFO  impl.LeaderElection (LeaderElection.java:askForVotes(178)) - 1e780629-3013-4910-b058-82bfaeb575a6@group-FF494030CC0C-LeaderElection39: begin an election at term 40 for 0: [73b959bd-e3af-4247-b02b-6987bacc6720:192.168.34.28:45914, 1e780629-3013-4910-b058-82bfaeb575a6:192.168.34.28:46415, 22d85afd-4d4f-492d-93d6-f244982d2d2b:192.168.34.28:33618], old=null
2019-10-23 22:25:54,960 [grpc-default-executor-3] INFO  impl.RaftServerImpl (RaftServerImpl.java:setRole(184)) - 22d85afd-4d4f-492d-93d6-f244982d2d2b@group-FF494030CC0C: changes role from  FOLLOWER to FOLLOWER at term 40 for recognizeCandidate:1e780629-3013-4910-b058-82bfaeb575a6
2019-10-23 22:25:54,960 [grpc-default-executor-2] INFO  impl.RaftServerImpl (RaftServerImpl.java:setRole(184)) - 73b959bd-e3af-4247-b02b-6987bacc6720@group-FF494030CC0C: changes role from  FOLLOWER to FOLLOWER at term 40 for recognizeCandidate:1e780629-3013-4910-b058-82bfaeb575a6
2019-10-23 22:25:54,960 [grpc-default-executor-3] INFO  impl.RoleInfo (RoleInfo.java:shutdownFollowerState(121)) - 22d85afd-4d4f-492d-93d6-f244982d2d2b: shutdown FollowerState
2019-10-23 22:25:54,961 [grpc-default-executor-2] INFO  impl.RoleInfo (RoleInfo.java:shutdownFollowerState(121)) - 73b959bd-e3af-4247-b02b-6987bacc6720: shutdown FollowerState
2019-10-23 22:25:54,961 [Thread-787] INFO  impl.FollowerState (FollowerState.java:run(117)) - 22d85afd-4d4f-492d-93d6-f244982d2d2b@group-FF494030CC0C-FollowerState was interrupted: java.lang.InterruptedException: sleep interrupted
2019-10-23 22:25:54,961 [grpc-default-executor-3] INFO  impl.RoleInfo (RoleInfo.java:updateAndGet(143)) - 22d85afd-4d4f-492d-93d6-f244982d2d2b: start FollowerState
2019-10-23 22:25:54,961 [grpc-default-executor-2] INFO  impl.RoleInfo (RoleInfo.java:updateAndGet(143)) - 73b959bd-e3af-4247-b02b-6987bacc6720: start FollowerState
2019-10-23 22:25:54,961 [Thread-788] INFO  impl.FollowerState (FollowerState.java:run(117)) - 73b959bd-e3af-4247-b02b-6987bacc6720@group-FF494030CC0C-FollowerState was interrupted: java.lang.InterruptedException: sleep interrupted
2019-10-23 22:25:54,967 [1e780629-3013-4910-b058-82bfaeb575a6@group-FF494030CC0C-LeaderElection39] INFO  impl.LeaderElection (LeaderElection.java:logAndReturn(56)) - 1e780629-3013-4910-b058-82bfaeb575a6@group-FF494030CC0C-LeaderElection39: Election TIMEOUT; received 0 response(s) [] and 0 exception(s); 1e780629-3013-4910-b058-82bfaeb575a6@group-FF494030CC0C:t40, leader=null, voted=1e780629-3013-4910-b058-82bfaeb575a6, raftlog=1e780629-3013-4910-b058-82bfaeb575a6@group-FF494030CC0C-SegmentedRaftLog:OPENED:c3,f4,i4, conf=0: [73b959bd-e3af-4247-b02b-6987bacc6720:192.168.34.28:45914, 1e780629-3013-4910-b058-82bfaeb575a6:192.168.34.28:46415, 22d85afd-4d4f-492d-93d6-f244982d2d2b:192.168.34.28:33618], old=null
2019-10-23 22:25:54,971 [1e780629-3013-4910-b058-82bfaeb575a6@group-E93D430B0295-SegmentedRaftLogWorker] INFO  segmented.SegmentedRaftLogWorker (SegmentedRaftLogWorker.java:execute(576)) - 1e780629-3013-4910-b058-82bfaeb575a6@group-E93D430B0295-SegmentedRaftLogWorker: created new log segment /workdir/hadoop-ozone/integration-test/target/test-dir/MiniOzoneClusterImpl-76426a80-56c3-4df6-b76d-a34ccd4b7bd3/datanode-2/data/ratis/2532ec38-a5ce-420c-b50a-e93d430b0295/current/log_inprogress_0
2019-10-23 22:25:54,971 [1e780629-3013-4910-b058-82bfaeb575a6@group-FF494030CC0C-LeaderElection39] INFO  impl.LeaderElection (LeaderElection.java:askForVotes(178)) - 1e780629-3013-4910-b058-82bfaeb575a6@group-FF494030CC0C-LeaderElection39: begin an election at term 41 for 0: [73b959bd-e3af-4247-b02b-6987bacc6720:192.168.34.28:45914, 1e780629-3013-4910-b058-82bfaeb575a6:192.168.34.28:46415, 22d85afd-4d4f-492d-93d6-f244982d2d2b:192.168.34.28:33618], old=null
2019-10-23 22:25:54,973 [grpc-default-executor-2] INFO  impl.RaftServerImpl (RaftServerImpl.java:setRole(184)) - 73b959bd-e3af-4247-b02b-6987bacc6720@group-FF494030CC0C: changes role from  FOLLOWER to FOLLOWER at term 41 for recognizeCandidate:1e780629-3013-4910-b058-82bfaeb575a6
2019-10-23 22:25:54,973 [grpc-default-executor-3] INFO  impl.RaftServerImpl (RaftServerImpl.java:setRole(184)) - 22d85afd-4d4f-492d-93d6-f244982d2d2b@group-FF494030CC0C: changes role from  FOLLOWER to FOLLOWER at term 41 for recognizeCandidate:1e780629-3013-4910-b058-82bfaeb575a6
2019-10-23 22:25:54,973 [grpc-default-executor-2] INFO  impl.RoleInfo (RoleInfo.java:shutdownFollowerState(121)) - 73b959bd-e3af-4247-b02b-6987bacc6720: shutdown FollowerState
2019-10-23 22:25:54,973 [grpc-default-executor-3] INFO  impl.RoleInfo (RoleInfo.java:shutdownFollowerState(121)) - 22d85afd-4d4f-492d-93d6-f244982d2d2b: shutdown FollowerState
2019-10-23 22:25:54,973 [Thread-810] INFO  impl.FollowerState (FollowerState.java:run(117)) - 73b959bd-e3af-4247-b02b-6987bacc6720@group-FF494030CC0C-FollowerState was interrupted: java.lang.InterruptedException: sleep interrupted
2019-10-23 22:25:54,973 [Thread-809] INFO  impl.FollowerState (FollowerState.java:run(117)) - 22d85afd-4d4f-492d-93d6-f244982d2d2b@group-FF494030CC0C-FollowerState was interrupted: java.lang.InterruptedException: sleep interrupted
2019-10-23 22:25:54,973 [grpc-default-executor-3] INFO  impl.RoleInfo (RoleInfo.java:updateAndGet(143)) - 22d85afd-4d4f-492d-93d6-f244982d2d2b: start FollowerState
2019-10-23 22:25:54,973 [grpc-default-executor-2] INFO  impl.RoleInfo (RoleInfo.java:updateAndGet(143)) - 73b959bd-e3af-4247-b02b-6987bacc6720: start FollowerState
2019-10-23 22:25:54,986 [1e780629-3013-4910-b058-82bfaeb575a6@group-FF494030CC0C-LeaderElection39] INFO  impl.LeaderElection (LeaderElection.java:logAndReturn(56)) - 1e780629-3013-4910-b058-82bfaeb575a6@group-FF494030CC0C-LeaderElection39: Election REJECTED; received 2 response(s) [1e780629-3013-4910-b058-82bfaeb575a6<-73b959bd-e3af-4247-b02b-6987bacc6720#0:FAIL-t41, 1e780629-3013-4910-b058-82bfaeb575a6<-22d85afd-4d4f-492d-93d6-f244982d2d2b#0:FAIL-t41] and 0 exception(s); 1e780629-3013-4910-b058-82bfaeb575a6@group-FF494030CC0C:t41, leader=null, voted=1e780629-3013-4910-b058-82bfaeb575a6, raftlog=1e780629-3013-4910-b058-82bfaeb575a6@group-FF494030CC0C-SegmentedRaftLog:OPENED:c3,f4,i4, conf=0: [73b959bd-e3af-4247-b02b-6987bacc6720:192.168.34.28:45914, 1e780629-3013-4910-b058-82bfaeb575a6:192.168.34.28:46415, 22d85afd-4d4f-492d-93d6-f244982d2d2b:192.168.34.28:33618], old=null
2019-10-23 22:25:54,986 [1e780629-3013-4910-b058-82bfaeb575a6@group-FF494030CC0C-LeaderElection39] INFO  impl.RaftServerImpl (RaftServerImpl.java:setRole(184)) - 1e780629-3013-4910-b058-82bfaeb575a6@group-FF494030CC0C: changes role from CANDIDATE to FOLLOWER at term 41 for DISCOVERED_A_NEW_TERM
2019-10-23 22:25:54,986 [1e780629-3013-4910-b058-82bfaeb575a6@group-FF494030CC0C-LeaderElection39] INFO  impl.RoleInfo (RoleInfo.java:shutdownLeaderElection(134)) - 1e780629-3013-4910-b058-82bfaeb575a6: shutdown LeaderElection
2019-10-23 22:25:54,986 [1e780629-3013-4910-b058-82bfaeb575a6@group-FF494030CC0C-LeaderElection39] INFO  impl.RoleInfo (RoleInfo.java:updateAndGet(143)) - 1e780629-3013-4910-b058-82bfaeb575a6: start FollowerState
2019-10-23 22:25:54,994 [Thread-796] INFO  impl.FollowerState (FollowerState.java:run(108)) - 1e780629-3013-4910-b058-82bfaeb575a6@group-E01EBD0F8BF5-FollowerState: change to CANDIDATE, lastRpcTime:110ms, electionTimeout:110ms
2019-10-23 22:25:54,994 [Thread-796] INFO  impl.RoleInfo (RoleInfo.java:shutdownFollowerState(121)) - 1e780629-3013-4910-b058-82bfaeb575a6: shutdown FollowerState
2019-10-23 22:25:54,995 [Thread-796] INFO  impl.RaftServerImpl (RaftServerImpl.java:setRole(184)) - 1e780629-3013-4910-b058-82bfaeb575a6@group-E01EBD0F8BF5: changes role from  FOLLOWER to CANDIDATE at term 0 for changeToCandidate
2019-10-23 22:25:54,995 [Thread-796] INFO  impl.RoleInfo (RoleInfo.java:updateAndGet(143)) - 1e780629-3013-4910-b058-82bfaeb575a6: start LeaderElection
2019-10-23 22:25:55,004 [Thread-800] INFO  impl.FollowerState (FollowerState.java:run(108)) - 73b959bd-e3af-4247-b02b-6987bacc6720@group-E01EBD0F8BF5-FollowerState: change to CANDIDATE, lastRpcTime:113ms, electionTimeout:111ms
2019-10-23 22:25:55,004 [Thread-800] INFO  impl.RoleInfo (RoleInfo.java:shutdownFollowerState(121)) - 73b959bd-e3af-4247-b02b-6987bacc6720: shutdown FollowerState
2019-10-23 22:25:55,004 [Thread-800] INFO  impl.RaftServerImpl (RaftServerImpl.java:setRole(184)) - 73b959bd-e3af-4247-b02b-6987bacc6720@group-E01EBD0F8BF5: changes role from  FOLLOWER to CANDIDATE at term 0 for changeToCandidate
2019-10-23 22:25:55,004 [Thread-800] INFO  impl.RoleInfo (RoleInfo.java:updateAndGet(143)) - 73b959bd-e3af-4247-b02b-6987bacc6720: start LeaderElection
2019-10-23 22:25:55,010 [1e780629-3013-4910-b058-82bfaeb575a6@group-E01EBD0F8BF5-LeaderElection40] INFO  impl.LeaderElection (LeaderElection.java:askForVotes(178)) - 1e780629-3013-4910-b058-82bfaeb575a6@group-E01EBD0F8BF5-LeaderElection40: begin an election at term 1 for -1: [73b959bd-e3af-4247-b02b-6987bacc6720:192.168.34.28:45914, 1e780629-3013-4910-b058-82bfaeb575a6:192.168.34.28:46415, 22d85afd-4d4f-492d-93d6-f244982d2d2b:192.168.34.28:33618], old=null
2019-10-23 22:25:55,010 [73b959bd-e3af-4247-b02b-6987bacc6720@group-E01EBD0F8BF5-LeaderElection41] INFO  impl.LeaderElection (LeaderElection.java:askForVotes(178)) - 73b959bd-e3af-4247-b02b-6987bacc6720@group-E01EBD0F8BF5-LeaderElection41: begin an election at term 1 for -1: [73b959bd-e3af-4247-b02b-6987bacc6720:192.168.34.28:45914, 1e780629-3013-4910-b058-82bfaeb575a6:192.168.34.28:46415, 22d85afd-4d4f-492d-93d6-f244982d2d2b:192.168.34.28:33618], old=null
2019-10-23 22:25:55,016 [73b959bd-e3af-4247-b02b-6987bacc6720@group-E01EBD0F8BF5-LeaderElection41] INFO  impl.LeaderElection (LeaderElection.java:logAndReturn(56)) - 73b959bd-e3af-4247-b02b-6987bacc6720@group-E01EBD0F8BF5-LeaderElection41: Election TIMEOUT; received 0 response(s) [] and 0 exception(s); 73b959bd-e3af-4247-b02b-6987bacc6720@group-E01EBD0F8BF5:t1, leader=null, voted=73b959bd-e3af-4247-b02b-6987bacc6720, raftlog=73b959bd-e3af-4247-b02b-6987bacc6720@group-E01EBD0F8BF5-SegmentedRaftLog:OPENED:c-1,f-1,i0, conf=-1: [73b959bd-e3af-4247-b02b-6987bacc6720:192.168.34.28:45914, 1e780629-3013-4910-b058-82bfaeb575a6:192.168.34.28:46415, 22d85afd-4d4f-492d-93d6-f244982d2d2b:192.168.34.28:33618], old=null
2019-10-23 22:25:55,021 [grpc-default-executor-2] INFO  impl.RaftServerImpl (RaftServerImpl.java:setRole(184)) - 22d85afd-4d4f-492d-93d6-f244982d2d2b@group-E01EBD0F8BF5: changes role from  FOLLOWER to FOLLOWER at term 1 for recognizeCandidate:1e780629-3013-4910-b058-82bfaeb575a6
2019-10-23 22:25:55,021 [grpc-default-executor-2] INFO  impl.RoleInfo (RoleInfo.java:shutdownFollowerState(121)) - 22d85afd-4d4f-492d-93d6-f244982d2d2b: shutdown FollowerState
2019-10-23 22:25:55,023 [grpc-default-executor-2] INFO  impl.RoleInfo (RoleInfo.java:updateAndGet(143)) - 22d85afd-4d4f-492d-93d6-f244982d2d2b: start FollowerState
2019-10-23 22:25:55,023 [Thread-801] INFO  impl.FollowerState (FollowerState.java:run(117)) - 22d85afd-4d4f-492d-93d6-f244982d2d2b@group-E01EBD0F8BF5-FollowerState was interrupted: java.lang.InterruptedException: sleep interrupted
2019-10-23 22:25:55,030 [73b959bd-e3af-4247-b02b-6987bacc6720@group-E01EBD0F8BF5-LeaderElection41] INFO  impl.LeaderElection (LeaderElection.java:askForVotes(178)) - 73b959bd-e3af-4247-b02b-6987bacc6720@group-E01EBD0F8BF5-LeaderElection41: begin an election at term 2 for -1: [73b959bd-e3af-4247-b02b-6987bacc6720:192.168.34.28:45914, 1e780629-3013-4910-b058-82bfaeb575a6:192.168.34.28:46415, 22d85afd-4d4f-492d-93d6-f244982d2d2b:192.168.34.28:33618], old=null
2019-10-23 22:25:55,032 [1e780629-3013-4910-b058-82bfaeb575a6@group-E01EBD0F8BF5-LeaderElection40] INFO  impl.LeaderElection (LeaderElection.java:logAndReturn(56)) - 1e780629-3013-4910-b058-82bfaeb575a6@group-E01EBD0F8BF5-LeaderElection40: Election DISCOVERED_A_NEW_TERM; received 1 response(s) [1e780629-3013-4910-b058-82bfaeb575a6<-73b959bd-e3af-4247-b02b-6987bacc6720#0:FAIL-t2] and 0 exception(s); 1e780629-3013-4910-b058-82bfaeb575a6@group-E01EBD0F8BF5:t1, leader=null, voted=1e780629-3013-4910-b058-82bfaeb575a6, raftlog=1e780629-3013-4910-b058-82bfaeb575a6@group-E01EBD0F8BF5-SegmentedRaftLog:OPENED:c-1,f-1,i0, conf=-1: [73b959bd-e3af-4247-b02b-6987bacc6720:192.168.34.28:45914, 1e780629-3013-4910-b058-82bfaeb575a6:192.168.34.28:46415, 22d85afd-4d4f-492d-93d6-f244982d2d2b:192.168.34.28:33618], old=null
2019-10-23 22:25:55,032 [1e780629-3013-4910-b058-82bfaeb575a6@group-E01EBD0F8BF5-LeaderElection40] INFO  impl.RaftServerImpl (RaftServerImpl.java:setRole(184)) - 1e780629-3013-4910-b058-82bfaeb575a6@group-E01EBD0F8BF5: changes role from CANDIDATE to FOLLOWER at term 2 for DISCOVERED_A_NEW_TERM
2019-10-23 22:25:55,032 [1e780629-3013-4910-b058-82bfaeb575a6@group-E01EBD0F8BF5-LeaderElection40] INFO  impl.RoleInfo (RoleInfo.java:shutdownLeaderElection(134)) - 1e780629-3013-4910-b058-82bfaeb575a6: shutdown LeaderElection
2019-10-23 22:25:55,033 [1e780629-3013-4910-b058-82bfaeb575a6@group-E01EBD0F8BF5-LeaderElection40] INFO  impl.RoleInfo (RoleInfo.java:updateAndGet(143)) - 1e780629-3013-4910-b058-82bfaeb575a6: start FollowerState
2019-10-23 22:25:55,033 [grpc-default-executor-2] INFO  impl.RaftServerImpl (RaftServerImpl.java:setRole(184)) - 22d85afd-4d4f-492d-93d6-f244982d2d2b@group-E01EBD0F8BF5: changes role from  FOLLOWER to FOLLOWER at term 2 for recognizeCandidate:73b959bd-e3af-4247-b02b-6987bacc6720
2019-10-23 22:25:55,034 [grpc-default-executor-2] INFO  impl.RoleInfo (RoleInfo.java:shutdownFollowerState(121)) - 22d85afd-4d4f-492d-93d6-f244982d2d2b: shutdown FollowerState
2019-10-23 22:25:55,034 [grpc-default-executor-2] INFO  impl.RoleInfo (RoleInfo.java:updateAndGet(143)) - 22d85afd-4d4f-492d-93d6-f244982d2d2b: start FollowerState
2019-10-23 22:25:55,034 [Thread-822] INFO  impl.FollowerState (FollowerState.java:run(117)) - 22d85afd-4d4f-492d-93d6-f244982d2d2b@group-E01EBD0F8BF5-FollowerState was interrupted: java.lang.InterruptedException: sleep interrupted
2019-10-23 22:25:55,035 [EventQueue-PendingDeleteStatusForPendingDeleteHandler] INFO  block.SCMBlockDeletingService (SCMBlockDeletingService.java:handlePendingDeletes(115)) - Block deletion txnID mismatch in datanode 1e780629-3013-4910-b058-82bfaeb575a6 for containerID 1. Datanode delete txnID: 0, SCM txnID: 1
2019-10-23 22:25:55,046 [grpc-default-executor-0] INFO  impl.RaftServerImpl (RaftServerImpl.java:setRole(184)) - 1e780629-3013-4910-b058-82bfaeb575a6@group-E01EBD0F8BF5: changes role from  FOLLOWER to FOLLOWER at term 2 for recognizeCandidate:73b959bd-e3af-4247-b02b-6987bacc6720
2019-10-23 22:25:55,046 [grpc-default-executor-0] INFO  impl.RoleInfo (RoleInfo.java:shutdownFollowerState(121)) - 1e780629-3013-4910-b058-82bfaeb575a6: shutdown FollowerState
2019-10-23 22:25:55,046 [grpc-default-executor-0] INFO  impl.RoleInfo (RoleInfo.java:updateAndGet(143)) - 1e780629-3013-4910-b058-82bfaeb575a6: start FollowerState
2019-10-23 22:25:55,046 [Thread-825] INFO  impl.FollowerState (FollowerState.java:run(117)) - 1e780629-3013-4910-b058-82bfaeb575a6@group-E01EBD0F8BF5-FollowerState was interrupted: java.lang.InterruptedException: sleep interrupted
2019-10-23 22:25:55,046 [73b959bd-e3af-4247-b02b-6987bacc6720@group-E01EBD0F8BF5-LeaderElection41] INFO  impl.LeaderElection (LeaderElection.java:logAndReturn(56)) - 73b959bd-e3af-4247-b02b-6987bacc6720@group-E01EBD0F8BF5-LeaderElection41: Election PASSED; received 1 response(s) [73b959bd-e3af-4247-b02b-6987bacc6720<-22d85afd-4d4f-492d-93d6-f244982d2d2b#0:OK-t2] and 0 exception(s); 73b959bd-e3af-4247-b02b-6987bacc6720@group-E01EBD0F8BF5:t2, leader=null, voted=73b959bd-e3af-4247-b02b-6987bacc6720, raftlog=73b959bd-e3af-4247-b02b-6987bacc6720@group-E01EBD0F8BF5-SegmentedRaftLog:OPENED:c-1,f-1,i0, conf=-1: [73b959bd-e3af-4247-b02b-6987bacc6720:192.168.34.28:45914, 1e780629-3013-4910-b058-82bfaeb575a6:192.168.34.28:46415, 22d85afd-4d4f-492d-93d6-f244982d2d2b:192.168.34.28:33618], old=null
2019-10-23 22:25:55,047 [73b959bd-e3af-4247-b02b-6987bacc6720@group-E01EBD0F8BF5-LeaderElection41] INFO  impl.RoleInfo (RoleInfo.java:shutdownLeaderElection(134)) - 73b959bd-e3af-4247-b02b-6987bacc6720: shutdown LeaderElection
2019-10-23 22:25:55,047 [73b959bd-e3af-4247-b02b-6987bacc6720@group-E01EBD0F8BF5-LeaderElection41] INFO  impl.RaftServerImpl (RaftServerImpl.java:setRole(184)) - 73b959bd-e3af-4247-b02b-6987bacc6720@group-E01EBD0F8BF5: changes role from CANDIDATE to LEADER at term 2 for changeToLeader
2019-10-23 22:25:55,047 [73b959bd-e3af-4247-b02b-6987bacc6720@group-E01EBD0F8BF5-LeaderElection41] INFO  impl.RaftServerImpl (ServerState.java:setLeader(256)) - 73b959bd-e3af-4247-b02b-6987bacc6720@group-E01EBD0F8BF5: change Leader from null to 73b959bd-e3af-4247-b02b-6987bacc6720 at term 2 for becomeLeader, leader elected after 172ms
2019-10-23 22:25:55,047 [73b959bd-e3af-4247-b02b-6987bacc6720@group-E01EBD0F8BF5-LeaderElection41] INFO  server.RaftServerConfigKeys (ConfUtils.java:logGet(43)) - raft.server.staging.catchup.gap = 1000 (default)
2019-10-23 22:25:55,047 [73b959bd-e3af-4247-b02b-6987bacc6720@group-E01EBD0F8BF5-LeaderElection41] INFO  server.RaftServerConfigKeys (ConfUtils.java:logGet(43)) - raft.server.rpc.sleep.time = 25ms (default)
2019-10-23 22:25:55,047 [73b959bd-e3af-4247-b02b-6987bacc6720@group-E01EBD0F8BF5-LeaderElection41] INFO  server.RaftServerConfigKeys (ConfUtils.java:logGet(43)) - raft.server.write.element-limit = 4096 (default)
2019-10-23 22:25:55,047 [73b959bd-e3af-4247-b02b-6987bacc6720@group-E01EBD0F8BF5-LeaderElection41] INFO  server.RaftServerConfigKeys (ConfUtils.java:logGet(43)) - raft.server.watch.timeout = 10s (default)
2019-10-23 22:25:55,047 [73b959bd-e3af-4247-b02b-6987bacc6720@group-E01EBD0F8BF5-LeaderElection41] INFO  server.RaftServerConfigKeys (ConfUtils.java:logGet(43)) - raft.server.watch.timeout.denomination = 1s (default)
2019-10-23 22:25:55,047 [73b959bd-e3af-4247-b02b-6987bacc6720@group-E01EBD0F8BF5-LeaderElection41] INFO  server.RaftServerConfigKeys (ConfUtils.java:logGet(43)) - raft.server.watch.element-limit = 65536 (default)
2019-10-23 22:25:55,049 [73b959bd-e3af-4247-b02b-6987bacc6720@group-E01EBD0F8BF5-LeaderElection41] INFO  server.RaftServerConfigKeys (ConfUtils.java:logGet(43)) - raft.server.log.appender.snapshot.chunk.size.max = 16MB (=16777216) (default)
2019-10-23 22:25:55,049 [73b959bd-e3af-4247-b02b-6987bacc6720@group-E01EBD0F8BF5-LeaderElection41] INFO  server.RaftServerConfigKeys (ConfUtils.java:logGet(43)) - raft.server.log.appender.buffer.byte-limit = 33554432 (custom)
2019-10-23 22:25:55,049 [73b959bd-e3af-4247-b02b-6987bacc6720@group-E01EBD0F8BF5-LeaderElection41] INFO  server.RaftServerConfigKeys (ConfUtils.java:logGet(43)) - raft.server.log.appender.buffer.element-limit = 1 (custom)
2019-10-23 22:25:55,050 [73b959bd-e3af-4247-b02b-6987bacc6720@group-E01EBD0F8BF5-LeaderElection41] INFO  grpc.GrpcConfigKeys$Server (ConfUtils.java:logGet(43)) - raft.grpc.server.leader.outstanding.appends.max = 128 (default)
2019-10-23 22:25:55,050 [73b959bd-e3af-4247-b02b-6987bacc6720@group-E01EBD0F8BF5-LeaderElection41] INFO  server.RaftServerConfigKeys (ConfUtils.java:logGet(43)) - raft.server.rpc.request.timeout = 3000ms (default)
2019-10-23 22:25:55,050 [73b959bd-e3af-4247-b02b-6987bacc6720@group-E01EBD0F8BF5-LeaderElection41] INFO  server.RaftServerConfigKeys (ConfUtils.java:logGet(43)) - raft.server.log.appender.install.snapshot.enabled = false (custom)
2019-10-23 22:25:55,051 [73b959bd-e3af-4247-b02b-6987bacc6720@group-E01EBD0F8BF5-LeaderElection41] INFO  server.RaftServerConfigKeys (ConfUtils.java:logGet(43)) - raft.server.log.appender.snapshot.chunk.size.max = 16MB (=16777216) (default)
2019-10-23 22:25:55,051 [73b959bd-e3af-4247-b02b-6987bacc6720@group-E01EBD0F8BF5-LeaderElection41] INFO  server.RaftServerConfigKeys (ConfUtils.java:logGet(43)) - raft.server.log.appender.buffer.byte-limit = 33554432 (custom)
2019-10-23 22:25:55,051 [73b959bd-e3af-4247-b02b-6987bacc6720@group-E01EBD0F8BF5-LeaderElection41] INFO  server.RaftServerConfigKeys (ConfUtils.java:logGet(43)) - raft.server.log.appender.buffer.element-limit = 1 (custom)
2019-10-23 22:25:55,052 [73b959bd-e3af-4247-b02b-6987bacc6720@group-E01EBD0F8BF5-LeaderElection41] INFO  grpc.GrpcConfigKeys$Server (ConfUtils.java:logGet(43)) - raft.grpc.server.leader.outstanding.appends.max = 128 (default)
2019-10-23 22:25:55,052 [73b959bd-e3af-4247-b02b-6987bacc6720@group-E01EBD0F8BF5-LeaderElection41] INFO  server.RaftServerConfigKeys (ConfUtils.java:logGet(43)) - raft.server.rpc.request.timeout = 3000ms (default)
2019-10-23 22:25:55,052 [73b959bd-e3af-4247-b02b-6987bacc6720@group-E01EBD0F8BF5-LeaderElection41] INFO  server.RaftServerConfigKeys (ConfUtils.java:logGet(43)) - raft.server.log.appender.install.snapshot.enabled = false (custom)
2019-10-23 22:25:55,053 [73b959bd-e3af-4247-b02b-6987bacc6720@group-E01EBD0F8BF5-LeaderElection41] INFO  impl.RoleInfo (RoleInfo.java:updateAndGet(143)) - 73b959bd-e3af-4247-b02b-6987bacc6720: start LeaderState
2019-10-23 22:25:55,054 [73b959bd-e3af-4247-b02b-6987bacc6720@group-E01EBD0F8BF5-LeaderElection41] INFO  segmented.SegmentedRaftLogWorker (SegmentedRaftLogWorker.java:startLogSegment(385)) - 73b959bd-e3af-4247-b02b-6987bacc6720@group-E01EBD0F8BF5-SegmentedRaftLogWorker: Starting segment from index:0
2019-10-23 22:25:55,054 [73b959bd-e3af-4247-b02b-6987bacc6720@group-E01EBD0F8BF5-LeaderElection41] INFO  impl.RaftServerImpl (ServerState.java:setRaftConf(357)) - 73b959bd-e3af-4247-b02b-6987bacc6720@group-E01EBD0F8BF5: set configuration 0: [73b959bd-e3af-4247-b02b-6987bacc6720:192.168.34.28:45914, 1e780629-3013-4910-b058-82bfaeb575a6:192.168.34.28:46415, 22d85afd-4d4f-492d-93d6-f244982d2d2b:192.168.34.28:33618], old=null at 0
2019-10-23 22:25:55,056 [grpc-default-executor-3] INFO  impl.RaftServerImpl (ServerState.java:setLeader(256)) - 22d85afd-4d4f-492d-93d6-f244982d2d2b@group-E01EBD0F8BF5: change Leader from null to 73b959bd-e3af-4247-b02b-6987bacc6720 at term 2 for appendEntries, leader elected after 182ms
2019-10-23 22:25:55,059 [grpc-default-executor-2] INFO  impl.RaftServerImpl (ServerState.java:setLeader(256)) - 1e780629-3013-4910-b058-82bfaeb575a6@group-E01EBD0F8BF5: change Leader from null to 73b959bd-e3af-4247-b02b-6987bacc6720 at term 2 for appendEntries, leader elected after 185ms
2019-10-23 22:25:55,059 [grpc-default-executor-3] INFO  impl.RaftServerImpl (ServerState.java:setRaftConf(357)) - 22d85afd-4d4f-492d-93d6-f244982d2d2b@group-E01EBD0F8BF5: set configuration 0: [73b959bd-e3af-4247-b02b-6987bacc6720:192.168.34.28:45914, 1e780629-3013-4910-b058-82bfaeb575a6:192.168.34.28:46415, 22d85afd-4d4f-492d-93d6-f244982d2d2b:192.168.34.28:33618], old=null at 0
2019-10-23 22:25:55,059 [grpc-default-executor-3] INFO  segmented.SegmentedRaftLogWorker (SegmentedRaftLogWorker.java:startLogSegment(385)) - 22d85afd-4d4f-492d-93d6-f244982d2d2b@group-E01EBD0F8BF5-SegmentedRaftLogWorker: Starting segment from index:0
2019-10-23 22:25:55,062 [grpc-default-executor-2] INFO  impl.RaftServerImpl (ServerState.java:setRaftConf(357)) - 1e780629-3013-4910-b058-82bfaeb575a6@group-E01EBD0F8BF5: set configuration 0: [73b959bd-e3af-4247-b02b-6987bacc6720:192.168.34.28:45914, 1e780629-3013-4910-b058-82bfaeb575a6:192.168.34.28:46415, 22d85afd-4d4f-492d-93d6-f244982d2d2b:192.168.34.28:33618], old=null at 0
2019-10-23 22:25:55,062 [grpc-default-executor-2] INFO  segmented.SegmentedRaftLogWorker (SegmentedRaftLogWorker.java:startLogSegment(385)) - 1e780629-3013-4910-b058-82bfaeb575a6@group-E01EBD0F8BF5-SegmentedRaftLogWorker: Starting segment from index:0
2019-10-23 22:25:55,108 [22d85afd-4d4f-492d-93d6-f244982d2d2b@group-E01EBD0F8BF5-SegmentedRaftLogWorker] INFO  segmented.SegmentedRaftLogWorker (SegmentedRaftLogWorker.java:execute(576)) - 22d85afd-4d4f-492d-93d6-f244982d2d2b@group-E01EBD0F8BF5-SegmentedRaftLogWorker: created new log segment /workdir/hadoop-ozone/integration-test/target/test-dir/MiniOzoneClusterImpl-76426a80-56c3-4df6-b76d-a34ccd4b7bd3/datanode-1/data/ratis/b332143a-3dce-4850-8677-e01ebd0f8bf5/current/log_inprogress_0
2019-10-23 22:25:55,108 [1e780629-3013-4910-b058-82bfaeb575a6@group-E01EBD0F8BF5-SegmentedRaftLogWorker] INFO  segmented.SegmentedRaftLogWorker (SegmentedRaftLogWorker.java:execute(576)) - 1e780629-3013-4910-b058-82bfaeb575a6@group-E01EBD0F8BF5-SegmentedRaftLogWorker: created new log segment /workdir/hadoop-ozone/integration-test/target/test-dir/MiniOzoneClusterImpl-76426a80-56c3-4df6-b76d-a34ccd4b7bd3/datanode-2/data/ratis/b332143a-3dce-4850-8677-e01ebd0f8bf5/current/log_inprogress_0
2019-10-23 22:25:55,108 [73b959bd-e3af-4247-b02b-6987bacc6720@group-E01EBD0F8BF5-SegmentedRaftLogWorker] INFO  segmented.SegmentedRaftLogWorker (SegmentedRaftLogWorker.java:execute(576)) - 73b959bd-e3af-4247-b02b-6987bacc6720@group-E01EBD0F8BF5-SegmentedRaftLogWorker: created new log segment /workdir/hadoop-ozone/integration-test/target/test-dir/MiniOzoneClusterImpl-76426a80-56c3-4df6-b76d-a34ccd4b7bd3/datanode-0/data/ratis/b332143a-3dce-4850-8677-e01ebd0f8bf5/current/log_inprogress_0
2019-10-23 22:25:55,110 [Thread-836] INFO  client.GrpcClientProtocolService (GrpcClientProtocolService.java:lambda$processClientRequest$0(278)) - Failed RaftClientRequest:client-13138D705F93->22d85afd-4d4f-492d-93d6-f244982d2d2b@group-FF494030CC0C, cid=10, seq=0, Watch-ALL_COMMITTED(6), Message:<EMPTY>, reply=RaftClientReply:client-13138D705F93->22d85afd-4d4f-492d-93d6-f244982d2d2b@group-FF494030CC0C, cid=10, FAILED org.apache.ratis.protocol.NotLeaderException: Server 22d85afd-4d4f-492d-93d6-f244982d2d2b@group-FF494030CC0C is not the leader, logIndex=0, commits[22d85afd-4d4f-492d-93d6-f244982d2d2b:c10, 73b959bd-e3af-4247-b02b-6987bacc6720:c10, 1e780629-3013-4910-b058-82bfaeb575a6:c4]
2019-10-23 22:25:55,174 [Thread-815] INFO  impl.FollowerState (FollowerState.java:run(108)) - 1e780629-3013-4910-b058-82bfaeb575a6@group-FF494030CC0C-FollowerState: change to CANDIDATE, lastRpcTime:187ms, electionTimeout:187ms
2019-10-23 22:25:55,174 [Thread-815] INFO  impl.RoleInfo (RoleInfo.java:shutdownFollowerState(121)) - 1e780629-3013-4910-b058-82bfaeb575a6: shutdown FollowerState
2019-10-23 22:25:55,174 [Thread-815] INFO  impl.RaftServerImpl (RaftServerImpl.java:setRole(184)) - 1e780629-3013-4910-b058-82bfaeb575a6@group-FF494030CC0C: changes role from  FOLLOWER to CANDIDATE at term 41 for changeToCandidate
2019-10-23 22:25:55,174 [Thread-815] INFO  impl.RoleInfo (RoleInfo.java:updateAndGet(143)) - 1e780629-3013-4910-b058-82bfaeb575a6: start LeaderElection
2019-10-23 22:25:55,187 [1e780629-3013-4910-b058-82bfaeb575a6@group-FF494030CC0C-LeaderElection42] INFO  impl.LeaderElection (LeaderElection.java:askForVotes(178)) - 1e780629-3013-4910-b058-82bfaeb575a6@group-FF494030CC0C-LeaderElection42: begin an election at term 42 for 0: [73b959bd-e3af-4247-b02b-6987bacc6720:192.168.34.28:45914, 1e780629-3013-4910-b058-82bfaeb575a6:192.168.34.28:46415, 22d85afd-4d4f-492d-93d6-f244982d2d2b:192.168.34.28:33618], old=null
2019-10-23 22:25:55,190 [grpc-default-executor-2] INFO  impl.RaftServerImpl (RaftServerImpl.java:setRole(184)) - 73b959bd-e3af-4247-b02b-6987bacc6720@group-FF494030CC0C: changes role from  FOLLOWER to FOLLOWER at term 42 for recognizeCandidate:1e780629-3013-4910-b058-82bfaeb575a6
2019-10-23 22:25:55,190 [grpc-default-executor-2] INFO  impl.RoleInfo (RoleInfo.java:shutdownFollowerState(121)) - 73b959bd-e3af-4247-b02b-6987bacc6720: shutdown FollowerState
2019-10-23 22:25:55,190 [grpc-default-executor-3] INFO  impl.RaftServerImpl (RaftServerImpl.java:setRole(184)) - 22d85afd-4d4f-492d-93d6-f244982d2d2b@group-FF494030CC0C: changes role from  FOLLOWER to FOLLOWER at term 42 for recognizeCandidate:1e780629-3013-4910-b058-82bfaeb575a6
2019-10-23 22:25:55,190 [grpc-default-executor-2] INFO  impl.RoleInfo (RoleInfo.java:updateAndGet(143)) - 73b959bd-e3af-4247-b02b-6987bacc6720: start FollowerState
2019-10-23 22:25:55,190 [Thread-813] INFO  impl.FollowerState (FollowerState.java:run(117)) - 73b959bd-e3af-4247-b02b-6987bacc6720@group-FF494030CC0C-FollowerState was interrupted: java.lang.InterruptedException: sleep interrupted
2019-10-23 22:25:55,190 [grpc-default-executor-3] INFO  impl.RoleInfo (RoleInfo.java:shutdownFollowerState(121)) - 22d85afd-4d4f-492d-93d6-f244982d2d2b: shutdown FollowerState
2019-10-23 22:25:55,191 [grpc-default-executor-3] INFO  impl.RoleInfo (RoleInfo.java:updateAndGet(143)) - 22d85afd-4d4f-492d-93d6-f244982d2d2b: start FollowerState
2019-10-23 22:25:55,191 [Thread-814] INFO  impl.FollowerState (FollowerState.java:run(117)) - 22d85afd-4d4f-492d-93d6-f244982d2d2b@group-FF494030CC0C-FollowerState was interrupted: java.lang.InterruptedException: sleep interrupted
2019-10-23 22:25:55,206 [1e780629-3013-4910-b058-82bfaeb575a6@group-FF494030CC0C-LeaderElection42] INFO  impl.LeaderElection (LeaderElection.java:logAndReturn(56)) - 1e780629-3013-4910-b058-82bfaeb575a6@group-FF494030CC0C-LeaderElection42: Election REJECTED; received 2 response(s) [1e780629-3013-4910-b058-82bfaeb575a6<-73b959bd-e3af-4247-b02b-6987bacc6720#0:FAIL-t42, 1e780629-3013-4910-b058-82bfaeb575a6<-22d85afd-4d4f-492d-93d6-f244982d2d2b#0:FAIL-t42] and 0 exception(s); 1e780629-3013-4910-b058-82bfaeb575a6@group-FF494030CC0C:t42, leader=null, voted=1e780629-3013-4910-b058-82bfaeb575a6, raftlog=1e780629-3013-4910-b058-82bfaeb575a6@group-FF494030CC0C-SegmentedRaftLog:OPENED:c3,f4,i4, conf=0: [73b959bd-e3af-4247-b02b-6987bacc6720:192.168.34.28:45914, 1e780629-3013-4910-b058-82bfaeb575a6:192.168.34.28:46415, 22d85afd-4d4f-492d-93d6-f244982d2d2b:192.168.34.28:33618], old=null
2019-10-23 22:25:55,206 [1e780629-3013-4910-b058-82bfaeb575a6@group-FF494030CC0C-LeaderElection42] INFO  impl.RaftServerImpl (RaftServerImpl.java:setRole(184)) - 1e780629-3013-4910-b058-82bfaeb575a6@group-FF494030CC0C: changes role from CANDIDATE to FOLLOWER at term 42 for DISCOVERED_A_NEW_TERM
2019-10-23 22:25:55,206 [1e780629-3013-4910-b058-82bfaeb575a6@group-FF494030CC0C-LeaderElection42] INFO  impl.RoleInfo (RoleInfo.java:shutdownLeaderElection(134)) - 1e780629-3013-4910-b058-82bfaeb575a6: shutdown LeaderElection
2019-10-23 22:25:55,206 [1e780629-3013-4910-b058-82bfaeb575a6@group-FF494030CC0C-LeaderElection42] INFO  impl.RoleInfo (RoleInfo.java:updateAndGet(143)) - 1e780629-3013-4910-b058-82bfaeb575a6: start FollowerState
2019-10-23 22:25:55,268 [pool-7-thread-2] INFO  commands.RetriableDatanodeEventWatcher (RetriableDatanodeEventWatcher.java:onTimeout(47)) - RetriableDatanodeCommand type=deleteBlocksCommand with id=1571869548262 timed out. Retrying.
2019-10-23 22:25:55,268 [pool-7-thread-3] INFO  commands.RetriableDatanodeEventWatcher (RetriableDatanodeEventWatcher.java:onTimeout(47)) - RetriableDatanodeCommand type=deleteBlocksCommand with id=1571869548266 timed out. Retrying.
2019-10-23 22:25:55,269 [pool-7-thread-4] INFO  commands.RetriableDatanodeEventWatcher (RetriableDatanodeEventWatcher.java:onTimeout(47)) - RetriableDatanodeCommand type=deleteBlocksCommand with id=1571869548263 timed out. Retrying.
2019-10-23 22:25:55,269 [pool-7-thread-5] INFO  commands.RetriableDatanodeEventWatcher (RetriableDatanodeEventWatcher.java:onTimeout(47)) - RetriableDatanodeCommand type=deleteBlocksCommand with id=1571869548265 timed out. Retrying.
2019-10-23 22:25:55,269 [pool-7-thread-1] INFO  commands.RetriableDatanodeEventWatcher (RetriableDatanodeEventWatcher.java:onTimeout(47)) - RetriableDatanodeCommand type=deleteBlocksCommand with id=1571869548264 timed out. Retrying.
2019-10-23 22:25:55,269 [pool-7-thread-6] INFO  commands.RetriableDatanodeEventWatcher (RetriableDatanodeEventWatcher.java:onTimeout(47)) - RetriableDatanodeCommand type=deleteBlocksCommand with id=1571869548260 timed out. Retrying.
2019-10-23 22:25:55,269 [SCMBlockDeletingService#0] INFO  block.SCMBlockDeletingService (SCMBlockDeletingService.java:call(184)) - Totally added 1 delete blocks command for 1 datanodes, task elapsed time: 1ms
2019-10-23 22:25:55,270 [pool-7-thread-7] INFO  commands.RetriableDatanodeEventWatcher (RetriableDatanodeEventWatcher.java:onTimeout(47)) - RetriableDatanodeCommand type=deleteBlocksCommand with id=1571869548267 timed out. Retrying.
2019-10-23 22:25:55,336 [EventQueue-PendingDeleteStatusForPendingDeleteHandler] INFO  block.SCMBlockDeletingService (SCMBlockDeletingService.java:handlePendingDeletes(115)) - Block deletion txnID mismatch in datanode 1e780629-3013-4910-b058-82bfaeb575a6 for containerID 1. Datanode delete txnID: 0, SCM txnID: 1
2019-10-23 22:25:55,346 [Thread-845] INFO  impl.FollowerState (FollowerState.java:run(108)) - 1e780629-3013-4910-b058-82bfaeb575a6@group-FF494030CC0C-FollowerState: change to CANDIDATE, lastRpcTime:139ms, electionTimeout:139ms
2019-10-23 22:25:55,346 [Thread-845] INFO  impl.RoleInfo (RoleInfo.java:shutdownFollowerState(121)) - 1e780629-3013-4910-b058-82bfaeb575a6: shutdown FollowerState
2019-10-23 22:25:55,346 [Thread-845] INFO  impl.RaftServerImpl (RaftServerImpl.java:setRole(184)) - 1e780629-3013-4910-b058-82bfaeb575a6@group-FF494030CC0C: changes role from  FOLLOWER to CANDIDATE at term 42 for changeToCandidate
2019-10-23 22:25:55,346 [Thread-845] INFO  impl.RoleInfo (RoleInfo.java:updateAndGet(143)) - 1e780629-3013-4910-b058-82bfaeb575a6: start LeaderElection
2019-10-23 22:25:55,360 [1e780629-3013-4910-b058-82bfaeb575a6@group-FF494030CC0C-LeaderElection43] INFO  impl.LeaderElection (LeaderElection.java:askForVotes(178)) - 1e780629-3013-4910-b058-82bfaeb575a6@group-FF494030CC0C-LeaderElection43: begin an election at term 43 for 0: [73b959bd-e3af-4247-b02b-6987bacc6720:192.168.34.28:45914, 1e780629-3013-4910-b058-82bfaeb575a6:192.168.34.28:46415, 22d85afd-4d4f-492d-93d6-f244982d2d2b:192.168.34.28:33618], old=null
2019-10-23 22:25:55,363 [grpc-default-executor-3] INFO  impl.RaftServerImpl (RaftServerImpl.java:setRole(184)) - 73b959bd-e3af-4247-b02b-6987bacc6720@group-FF494030CC0C: changes role from  FOLLOWER to FOLLOWER at term 43 for recognizeCandidate:1e780629-3013-4910-b058-82bfaeb575a6
2019-10-23 22:25:55,363 [grpc-default-executor-2] INFO  impl.RaftServerImpl (RaftServerImpl.java:setRole(184)) - 22d85afd-4d4f-492d-93d6-f244982d2d2b@group-FF494030CC0C: changes role from  FOLLOWER to FOLLOWER at term 43 for recognizeCandidate:1e780629-3013-4910-b058-82bfaeb575a6
2019-10-23 22:25:55,363 [grpc-default-executor-3] INFO  impl.RoleInfo (RoleInfo.java:shutdownFollowerState(121)) - 73b959bd-e3af-4247-b02b-6987bacc6720: shutdown FollowerState
2019-10-23 22:25:55,363 [grpc-default-executor-2] INFO  impl.RoleInfo (RoleInfo.java:shutdownFollowerState(121)) - 22d85afd-4d4f-492d-93d6-f244982d2d2b: shutdown FollowerState
2019-10-23 22:25:55,364 [Thread-843] INFO  impl.FollowerState (FollowerState.java:run(117)) - 73b959bd-e3af-4247-b02b-6987bacc6720@group-FF494030CC0C-FollowerState was interrupted: java.lang.InterruptedException: sleep interrupted
2019-10-23 22:25:55,364 [grpc-default-executor-3] INFO  impl.RoleInfo (RoleInfo.java:updateAndGet(143)) - 73b959bd-e3af-4247-b02b-6987bacc6720: start FollowerState
2019-10-23 22:25:55,364 [grpc-default-executor-2] INFO  impl.RoleInfo (RoleInfo.java:updateAndGet(143)) - 22d85afd-4d4f-492d-93d6-f244982d2d2b: start FollowerState
2019-10-23 22:25:55,364 [Thread-844] INFO  impl.FollowerState (FollowerState.java:run(117)) - 22d85afd-4d4f-492d-93d6-f244982d2d2b@group-FF494030CC0C-FollowerState was interrupted: java.lang.InterruptedException: sleep interrupted
2019-10-23 22:25:55,378 [1e780629-3013-4910-b058-82bfaeb575a6@group-FF494030CC0C-LeaderElection43] INFO  impl.LeaderElection (LeaderElection.java:logAndReturn(56)) - 1e780629-3013-4910-b058-82bfaeb575a6@group-FF494030CC0C-LeaderElection43: Election REJECTED; received 2 response(s) [1e780629-3013-4910-b058-82bfaeb575a6<-73b959bd-e3af-4247-b02b-6987bacc6720#0:FAIL-t43, 1e780629-3013-4910-b058-82bfaeb575a6<-22d85afd-4d4f-492d-93d6-f244982d2d2b#0:FAIL-t43] and 0 exception(s); 1e780629-3013-4910-b058-82bfaeb575a6@group-FF494030CC0C:t43, leader=null, voted=1e780629-3013-4910-b058-82bfaeb575a6, raftlog=1e780629-3013-4910-b058-82bfaeb575a6@group-FF494030CC0C-SegmentedRaftLog:OPENED:c3,f4,i4, conf=0: [73b959bd-e3af-4247-b02b-6987bacc6720:192.168.34.28:45914, 1e780629-3013-4910-b058-82bfaeb575a6:192.168.34.28:46415, 22d85afd-4d4f-492d-93d6-f244982d2d2b:192.168.34.28:33618], old=null
2019-10-23 22:25:55,378 [1e780629-3013-4910-b058-82bfaeb575a6@group-FF494030CC0C-LeaderElection43] INFO  impl.RaftServerImpl (RaftServerImpl.java:setRole(184)) - 1e780629-3013-4910-b058-82bfaeb575a6@group-FF494030CC0C: changes role from CANDIDATE to FOLLOWER at term 43 for DISCOVERED_A_NEW_TERM
2019-10-23 22:25:55,378 [1e780629-3013-4910-b058-82bfaeb575a6@group-FF494030CC0C-LeaderElection43] INFO  impl.RoleInfo (RoleInfo.java:shutdownLeaderElection(134)) - 1e780629-3013-4910-b058-82bfaeb575a6: shutdown LeaderElection
2019-10-23 22:25:55,379 [1e780629-3013-4910-b058-82bfaeb575a6@group-FF494030CC0C-LeaderElection43] INFO  impl.RoleInfo (RoleInfo.java:updateAndGet(143)) - 1e780629-3013-4910-b058-82bfaeb575a6: start FollowerState
2019-10-23 22:25:55,403 [Thread-851] INFO  impl.FollowerState (FollowerState.java:run(108)) - 1e780629-3013-4910-b058-82bfaeb575a6@group-FF494030CC0C-FollowerState: change to CANDIDATE, lastRpcTime:24ms, electionTimeout:24ms
2019-10-23 22:25:55,403 [Thread-851] INFO  impl.RoleInfo (RoleInfo.java:shutdownFollowerState(121)) - 1e780629-3013-4910-b058-82bfaeb575a6: shutdown FollowerState
2019-10-23 22:25:55,403 [Thread-851] INFO  impl.RaftServerImpl (RaftServerImpl.java:setRole(184)) - 1e780629-3013-4910-b058-82bfaeb575a6@group-FF494030CC0C: changes role from  FOLLOWER to CANDIDATE at term 43 for changeToCandidate
2019-10-23 22:25:55,404 [Thread-851] INFO  impl.RoleInfo (RoleInfo.java:updateAndGet(143)) - 1e780629-3013-4910-b058-82bfaeb575a6: start LeaderElection
2019-10-23 22:25:55,418 [1e780629-3013-4910-b058-82bfaeb575a6@group-FF494030CC0C-LeaderElection44] INFO  impl.LeaderElection (LeaderElection.java:askForVotes(178)) - 1e780629-3013-4910-b058-82bfaeb575a6@group-FF494030CC0C-LeaderElection44: begin an election at term 44 for 0: [73b959bd-e3af-4247-b02b-6987bacc6720:192.168.34.28:45914, 1e780629-3013-4910-b058-82bfaeb575a6:192.168.34.28:46415, 22d85afd-4d4f-492d-93d6-f244982d2d2b:192.168.34.28:33618], old=null
2019-10-23 22:25:55,421 [grpc-default-executor-3] INFO  impl.RaftServerImpl (RaftServerImpl.java:setRole(184)) - 22d85afd-4d4f-492d-93d6-f244982d2d2b@group-FF494030CC0C: changes role from  FOLLOWER to FOLLOWER at term 44 for recognizeCandidate:1e780629-3013-4910-b058-82bfaeb575a6
2019-10-23 22:25:55,421 [grpc-default-executor-2] INFO  impl.RaftServerImpl (RaftServerImpl.java:setRole(184)) - 73b959bd-e3af-4247-b02b-6987bacc6720@group-FF494030CC0C: changes role from  FOLLOWER to FOLLOWER at term 44 for recognizeCandidate:1e780629-3013-4910-b058-82bfaeb575a6
2019-10-23 22:25:55,422 [grpc-default-executor-3] INFO  impl.RoleInfo (RoleInfo.java:shutdownFollowerState(121)) - 22d85afd-4d4f-492d-93d6-f244982d2d2b: shutdown FollowerState
2019-10-23 22:25:55,422 [grpc-default-executor-2] INFO  impl.RoleInfo (RoleInfo.java:shutdownFollowerState(121)) - 73b959bd-e3af-4247-b02b-6987bacc6720: shutdown FollowerState
2019-10-23 22:25:55,422 [Thread-850] INFO  impl.FollowerState (FollowerState.java:run(117)) - 22d85afd-4d4f-492d-93d6-f244982d2d2b@group-FF494030CC0C-FollowerState was interrupted: java.lang.InterruptedException: sleep interrupted
2019-10-23 22:25:55,422 [grpc-default-executor-3] INFO  impl.RoleInfo (RoleInfo.java:updateAndGet(143)) - 22d85afd-4d4f-492d-93d6-f244982d2d2b: start FollowerState
2019-10-23 22:25:55,422 [grpc-default-executor-2] INFO  impl.RoleInfo (RoleInfo.java:updateAndGet(143)) - 73b959bd-e3af-4247-b02b-6987bacc6720: start FollowerState
2019-10-23 22:25:55,422 [Thread-849] INFO  impl.FollowerState (FollowerState.java:run(117)) - 73b959bd-e3af-4247-b02b-6987bacc6720@group-FF494030CC0C-FollowerState was interrupted: java.lang.InterruptedException: sleep interrupted
2019-10-23 22:25:55,438 [1e780629-3013-4910-b058-82bfaeb575a6@group-FF494030CC0C-LeaderElection44] INFO  impl.LeaderElection (LeaderElection.java:logAndReturn(56)) - 1e780629-3013-4910-b058-82bfaeb575a6@group-FF494030CC0C-LeaderElection44: Election REJECTED; received 2 response(s) [1e780629-3013-4910-b058-82bfaeb575a6<-73b959bd-e3af-4247-b02b-6987bacc6720#0:FAIL-t44, 1e780629-3013-4910-b058-82bfaeb575a6<-22d85afd-4d4f-492d-93d6-f244982d2d2b#0:FAIL-t44] and 0 exception(s); 1e780629-3013-4910-b058-82bfaeb575a6@group-FF494030CC0C:t44, leader=null, voted=1e780629-3013-4910-b058-82bfaeb575a6, raftlog=1e780629-3013-4910-b058-82bfaeb575a6@group-FF494030CC0C-SegmentedRaftLog:OPENED:c3,f4,i4, conf=0: [73b959bd-e3af-4247-b02b-6987bacc6720:192.168.34.28:45914, 1e780629-3013-4910-b058-82bfaeb575a6:192.168.34.28:46415, 22d85afd-4d4f-492d-93d6-f244982d2d2b:192.168.34.28:33618], old=null
2019-10-23 22:25:55,438 [1e780629-3013-4910-b058-82bfaeb575a6@group-FF494030CC0C-LeaderElection44] INFO  impl.RaftServerImpl (RaftServerImpl.java:setRole(184)) - 1e780629-3013-4910-b058-82bfaeb575a6@group-FF494030CC0C: changes role from CANDIDATE to FOLLOWER at term 44 for DISCOVERED_A_NEW_TERM
2019-10-23 22:25:55,438 [1e780629-3013-4910-b058-82bfaeb575a6@group-FF494030CC0C-LeaderElection44] INFO  impl.RoleInfo (RoleInfo.java:shutdownLeaderElection(134)) - 1e780629-3013-4910-b058-82bfaeb575a6: shutdown LeaderElection
2019-10-23 22:25:55,438 [1e780629-3013-4910-b058-82bfaeb575a6@group-FF494030CC0C-LeaderElection44] INFO  impl.RoleInfo (RoleInfo.java:updateAndGet(143)) - 1e780629-3013-4910-b058-82bfaeb575a6: start FollowerState
2019-10-23 22:25:55,535 [EventQueue-PendingDeleteStatusForPendingDeleteHandler] INFO  block.SCMBlockDeletingService (SCMBlockDeletingService.java:handlePendingDeletes(115)) - Block deletion txnID mismatch in datanode 1e780629-3013-4910-b058-82bfaeb575a6 for containerID 1. Datanode delete txnID: 0, SCM txnID: 1
2019-10-23 22:25:55,591 [BlockDeletingService#8] WARN  background.BlockDeletingService (BlockDeletingService.java:isDeletionAllowed(187)) - Close Container log Index 6 is not replicated across allthe servers in the pipeline d8220d6b-da92-433e-abb5-ff494030cc0c as the min replicated index is 4. Deletion is not allowed in this container yet.
2019-10-23 22:25:55,592 [BlockDeletingService#2] WARN  background.BlockDeletingService (BlockDeletingService.java:isDeletionAllowed(187)) - Close Container log Index 6 is not replicated across allthe servers in the pipeline d8220d6b-da92-433e-abb5-ff494030cc0c as the min replicated index is 4. Deletion is not allowed in this container yet.
2019-10-23 22:25:55,607 [Thread-857] INFO  impl.FollowerState (FollowerState.java:run(108)) - 1e780629-3013-4910-b058-82bfaeb575a6@group-FF494030CC0C-FollowerState: change to CANDIDATE, lastRpcTime:168ms, electionTimeout:168ms
2019-10-23 22:25:55,607 [Thread-857] INFO  impl.RoleInfo (RoleInfo.java:shutdownFollowerState(121)) - 1e780629-3013-4910-b058-82bfaeb575a6: shutdown FollowerState
2019-10-23 22:25:55,607 [Thread-857] INFO  impl.RaftServerImpl (RaftServerImpl.java:setRole(184)) - 1e780629-3013-4910-b058-82bfaeb575a6@group-FF494030CC0C: changes role from  FOLLOWER to CANDIDATE at term 44 for changeToCandidate
2019-10-23 22:25:55,607 [Thread-857] INFO  impl.RoleInfo (RoleInfo.java:updateAndGet(143)) - 1e780629-3013-4910-b058-82bfaeb575a6: start LeaderElection
2019-10-23 22:25:55,630 [1e780629-3013-4910-b058-82bfaeb575a6@group-FF494030CC0C-LeaderElection45] INFO  impl.LeaderElection (LeaderElection.java:askForVotes(178)) - 1e780629-3013-4910-b058-82bfaeb575a6@group-FF494030CC0C-LeaderElection45: begin an election at term 45 for 0: [73b959bd-e3af-4247-b02b-6987bacc6720:192.168.34.28:45914, 1e780629-3013-4910-b058-82bfaeb575a6:192.168.34.28:46415, 22d85afd-4d4f-492d-93d6-f244982d2d2b:192.168.34.28:33618], old=null
2019-10-23 22:25:55,633 [grpc-default-executor-2] INFO  impl.RaftServerImpl (RaftServerImpl.java:setRole(184)) - 73b959bd-e3af-4247-b02b-6987bacc6720@group-FF494030CC0C: changes role from  FOLLOWER to FOLLOWER at term 45 for recognizeCandidate:1e780629-3013-4910-b058-82bfaeb575a6
2019-10-23 22:25:55,633 [grpc-default-executor-2] INFO  impl.RoleInfo (RoleInfo.java:shutdownFollowerState(121)) - 73b959bd-e3af-4247-b02b-6987bacc6720: shutdown FollowerState
2019-10-23 22:25:55,633 [grpc-default-executor-3] INFO  impl.RaftServerImpl (RaftServerImpl.java:setRole(184)) - 22d85afd-4d4f-492d-93d6-f244982d2d2b@group-FF494030CC0C: changes role from  FOLLOWER to FOLLOWER at term 45 for recognizeCandidate:1e780629-3013-4910-b058-82bfaeb575a6
2019-10-23 22:25:55,633 [grpc-default-executor-3] INFO  impl.RoleInfo (RoleInfo.java:shutdownFollowerState(121)) - 22d85afd-4d4f-492d-93d6-f244982d2d2b: shutdown FollowerState
2019-10-23 22:25:55,633 [Thread-856] INFO  impl.FollowerState (FollowerState.java:run(117)) - 73b959bd-e3af-4247-b02b-6987bacc6720@group-FF494030CC0C-FollowerState was interrupted: java.lang.InterruptedException: sleep interrupted
2019-10-23 22:25:55,633 [grpc-default-executor-2] INFO  impl.RoleInfo (RoleInfo.java:updateAndGet(143)) - 73b959bd-e3af-4247-b02b-6987bacc6720: start FollowerState
2019-10-23 22:25:55,633 [Thread-855] INFO  impl.FollowerState (FollowerState.java:run(117)) - 22d85afd-4d4f-492d-93d6-f244982d2d2b@group-FF494030CC0C-FollowerState was interrupted: java.lang.InterruptedException: sleep interrupted
2019-10-23 22:25:55,633 [grpc-default-executor-3] INFO  impl.RoleInfo (RoleInfo.java:updateAndGet(143)) - 22d85afd-4d4f-492d-93d6-f244982d2d2b: start FollowerState
2019-10-23 22:25:55,648 [1e780629-3013-4910-b058-82bfaeb575a6@group-FF494030CC0C-LeaderElection45] INFO  impl.LeaderElection (LeaderElection.java:logAndReturn(56)) - 1e780629-3013-4910-b058-82bfaeb575a6@group-FF494030CC0C-LeaderElection45: Election REJECTED; received 2 response(s) [1e780629-3013-4910-b058-82bfaeb575a6<-73b959bd-e3af-4247-b02b-6987bacc6720#0:FAIL-t45, 1e780629-3013-4910-b058-82bfaeb575a6<-22d85afd-4d4f-492d-93d6-f244982d2d2b#0:FAIL-t45] and 0 exception(s); 1e780629-3013-4910-b058-82bfaeb575a6@group-FF494030CC0C:t45, leader=null, voted=1e780629-3013-4910-b058-82bfaeb575a6, raftlog=1e780629-3013-4910-b058-82bfaeb575a6@group-FF494030CC0C-SegmentedRaftLog:OPENED:c3,f4,i4, conf=0: [73b959bd-e3af-4247-b02b-6987bacc6720:192.168.34.28:45914, 1e780629-3013-4910-b058-82bfaeb575a6:192.168.34.28:46415, 22d85afd-4d4f-492d-93d6-f244982d2d2b:192.168.34.28:33618], old=null
2019-10-23 22:25:55,649 [1e780629-3013-4910-b058-82bfaeb575a6@group-FF494030CC0C-LeaderElection45] INFO  impl.RaftServerImpl (RaftServerImpl.java:setRole(184)) - 1e780629-3013-4910-b058-82bfaeb575a6@group-FF494030CC0C: changes role from CANDIDATE to FOLLOWER at term 45 for DISCOVERED_A_NEW_TERM
2019-10-23 22:25:55,649 [1e780629-3013-4910-b058-82bfaeb575a6@group-FF494030CC0C-LeaderElection45] INFO  impl.RoleInfo (RoleInfo.java:shutdownLeaderElection(134)) - 1e780629-3013-4910-b058-82bfaeb575a6: shutdown LeaderElection
2019-10-23 22:25:55,649 [1e780629-3013-4910-b058-82bfaeb575a6@group-FF494030CC0C-LeaderElection45] INFO  impl.RoleInfo (RoleInfo.java:updateAndGet(143)) - 1e780629-3013-4910-b058-82bfaeb575a6: start FollowerState
2019-10-23 22:25:55,752 [Command processor thread] INFO  commandhandler.DeleteBlocksCommandHandler (DeleteBlocksCommandHandler.java:handle(106)) - Start to delete container blocks, TXIDs=[1(0)], numOfContainers=1, numOfBlocks=1
2019-10-23 22:25:55,752 [Command processor thread] INFO  commandhandler.DeleteBlocksCommandHandler (DeleteBlocksCommandHandler.java:handle(106)) - Start to delete container blocks, TXIDs=[1(2)], numOfContainers=1, numOfBlocks=1
2019-10-23 22:25:55,753 [Command processor thread] INFO  commandhandler.DeleteBlocksCommandHandler (DeleteBlocksCommandHandler.java:handle(106)) - Start to delete container blocks, TXIDs=[1(0)], numOfContainers=1, numOfBlocks=1
2019-10-23 22:25:55,753 [Command processor thread] INFO  commandhandler.DeleteBlocksCommandHandler (DeleteBlocksCommandHandler.java:handle(106)) - Start to delete container blocks, TXIDs=[1(2)], numOfContainers=1, numOfBlocks=1
2019-10-23 22:25:55,753 [Command processor thread] INFO  commandhandler.DeleteBlocksCommandHandler (DeleteBlocksCommandHandler.java:handle(106)) - Start to delete container blocks, TXIDs=[1(2)], numOfContainers=1, numOfBlocks=1
2019-10-23 22:25:55,753 [Command processor thread] INFO  commandhandler.DeleteBlocksCommandHandler (DeleteBlocksCommandHandler.java:handle(106)) - Start to delete container blocks, TXIDs=[1(0)], numOfContainers=1, numOfBlocks=1
2019-10-23 22:25:55,753 [Command processor thread] INFO  commandhandler.DeleteBlocksCommandHandler (DeleteBlocksCommandHandler.java:handle(106)) - Start to delete container blocks, TXIDs=[1(2)], numOfContainers=1, numOfBlocks=1
2019-10-23 22:25:55,754 [Command processor thread] INFO  commandhandler.DeleteBlocksCommandHandler (DeleteBlocksCommandHandler.java:handle(106)) - Start to delete container blocks, TXIDs=[1(2)], numOfContainers=1, numOfBlocks=1
2019-10-23 22:25:55,754 [Command processor thread] INFO  commandhandler.DeleteBlocksCommandHandler (DeleteBlocksCommandHandler.java:handle(106)) - Start to delete container blocks, TXIDs=[1(2)], numOfContainers=1, numOfBlocks=1
2019-10-23 22:25:55,754 [Command processor thread] INFO  commandhandler.DeleteBlocksCommandHandler (DeleteBlocksCommandHandler.java:handle(106)) - Start to delete container blocks, TXIDs=[1(0)], numOfContainers=1, numOfBlocks=1
2019-10-23 22:25:55,754 [Command processor thread] INFO  commandhandler.DeleteBlocksCommandHandler (DeleteBlocksCommandHandler.java:handle(106)) - Start to delete container blocks, TXIDs=[1(0)], numOfContainers=1, numOfBlocks=1
2019-10-23 22:25:55,754 [Command processor thread] INFO  commandhandler.DeleteBlocksCommandHandler (DeleteBlocksCommandHandler.java:handle(106)) - Start to delete container blocks, TXIDs=[1(2)], numOfContainers=1, numOfBlocks=1
2019-10-23 22:25:55,755 [Command processor thread] INFO  commandhandler.DeleteBlocksCommandHandler (DeleteBlocksCommandHandler.java:handle(106)) - Start to delete container blocks, TXIDs=[1(2)], numOfContainers=1, numOfBlocks=1
2019-10-23 22:25:55,755 [Command processor thread] INFO  commandhandler.DeleteBlocksCommandHandler (DeleteBlocksCommandHandler.java:handle(106)) - Start to delete container blocks, TXIDs=[1(2)], numOfContainers=1, numOfBlocks=1
2019-10-23 22:25:55,755 [Command processor thread] INFO  commandhandler.DeleteBlocksCommandHandler (DeleteBlocksCommandHandler.java:handle(106)) - Start to delete container blocks, TXIDs=[1(2)], numOfContainers=1, numOfBlocks=1
2019-10-23 22:25:55,755 [Command processor thread] INFO  commandhandler.DeleteBlocksCommandHandler (DeleteBlocksCommandHandler.java:handle(106)) - Start to delete container blocks, TXIDs=[1(0)], numOfContainers=1, numOfBlocks=1
2019-10-23 22:25:55,755 [Command processor thread] INFO  commandhandler.DeleteBlocksCommandHandler (DeleteBlocksCommandHandler.java:handle(106)) - Start to delete container blocks, TXIDs=[1(2)], numOfContainers=1, numOfBlocks=1
2019-10-23 22:25:55,755 [Command processor thread] INFO  commandhandler.DeleteBlocksCommandHandler (DeleteBlocksCommandHandler.java:handle(106)) - Start to delete container blocks, TXIDs=[1(2)], numOfContainers=1, numOfBlocks=1
2019-10-23 22:25:55,756 [Command processor thread] INFO  commandhandler.DeleteBlocksCommandHandler (DeleteBlocksCommandHandler.java:handle(106)) - Start to delete container blocks, TXIDs=[1(2)], numOfContainers=1, numOfBlocks=1
2019-10-23 22:25:55,756 [Command processor thread] INFO  commandhandler.DeleteBlocksCommandHandler (DeleteBlocksCommandHandler.java:handle(106)) - Start to delete container blocks, TXIDs=[1(2)], numOfContainers=1, numOfBlocks=1
2019-10-23 22:25:55,756 [Command processor thread] INFO  commandhandler.DeleteBlocksCommandHandler (DeleteBlocksCommandHandler.java:handle(106)) - Start to delete container blocks, TXIDs=[1(2)], numOfContainers=1, numOfBlocks=1
2019-10-23 22:25:55,756 [Command processor thread] INFO  commandhandler.DeleteBlocksCommandHandler (DeleteBlocksCommandHandler.java:handle(106)) - Start to delete container blocks, TXIDs=[1(0)], numOfContainers=1, numOfBlocks=1
2019-10-23 22:25:55,756 [Command processor thread] INFO  commandhandler.DeleteBlocksCommandHandler (DeleteBlocksCommandHandler.java:handle(106)) - Start to delete container blocks, TXIDs=[1(2)], numOfContainers=1, numOfBlocks=1
2019-10-23 22:25:55,757 [Command processor thread] INFO  commandhandler.DeleteBlocksCommandHandler (DeleteBlocksCommandHandler.java:handle(106)) - Start to delete container blocks, TXIDs=[1(2)], numOfContainers=1, numOfBlocks=1
2019-10-23 22:25:55,757 [Command processor thread] INFO  commandhandler.DeleteBlocksCommandHandler (DeleteBlocksCommandHandler.java:handle(106)) - Start to delete container blocks, TXIDs=[1(2)], numOfContainers=1, numOfBlocks=1
2019-10-23 22:25:55,757 [Command processor thread] INFO  commandhandler.DeleteBlocksCommandHandler (DeleteBlocksCommandHandler.java:handle(106)) - Start to delete container blocks, TXIDs=[1(2)], numOfContainers=1, numOfBlocks=1
2019-10-23 22:25:55,757 [Command processor thread] INFO  commandhandler.DeleteBlocksCommandHandler (DeleteBlocksCommandHandler.java:handle(106)) - Start to delete container blocks, TXIDs=[1(2)], numOfContainers=1, numOfBlocks=1
2019-10-23 22:25:55,757 [Command processor thread] INFO  commandhandler.DeleteBlocksCommandHandler (DeleteBlocksCommandHandler.java:handle(106)) - Start to delete container blocks, TXIDs=[1(2)], numOfContainers=1, numOfBlocks=1
2019-10-23 22:25:55,758 [Command processor thread] INFO  commandhandler.DeleteBlocksCommandHandler (DeleteBlocksCommandHandler.java:handle(106)) - Start to delete container blocks, TXIDs=[1(2)], numOfContainers=1, numOfBlocks=1
2019-10-23 22:25:55,758 [Command processor thread] INFO  commandhandler.DeleteBlocksCommandHandler (DeleteBlocksCommandHandler.java:handle(106)) - Start to delete container blocks, TXIDs=[1(2)], numOfContainers=1, numOfBlocks=1
2019-10-23 22:25:55,758 [Command processor thread] INFO  commandhandler.DeleteBlocksCommandHandler (DeleteBlocksCommandHandler.java:handle(106)) - Start to delete container blocks, TXIDs=[1(2)], numOfContainers=1, numOfBlocks=1
2019-10-23 22:25:55,758 [Command processor thread] INFO  commandhandler.DeleteBlocksCommandHandler (DeleteBlocksCommandHandler.java:handle(106)) - Start to delete container blocks, TXIDs=[1(30)], numOfContainers=1, numOfBlocks=1
2019-10-23 22:25:55,758 [Command processor thread] INFO  commandhandler.DeleteBlocksCommandHandler (DeleteBlocksCommandHandler.java:handle(106)) - Start to delete container blocks, TXIDs=[1(2)], numOfContainers=1, numOfBlocks=1
2019-10-23 22:25:55,759 [Command processor thread] INFO  commandhandler.DeleteBlocksCommandHandler (DeleteBlocksCommandHandler.java:handle(106)) - Start to delete container blocks, TXIDs=[1(2)], numOfContainers=1, numOfBlocks=1
2019-10-23 22:25:55,759 [Command processor thread] INFO  commandhandler.DeleteBlocksCommandHandler (DeleteBlocksCommandHandler.java:handle(106)) - Start to delete container blocks, TXIDs=[1(0)], numOfContainers=1, numOfBlocks=1
2019-10-23 22:25:55,759 [Command processor thread] INFO  commandhandler.DeleteBlocksCommandHandler (DeleteBlocksCommandHandler.java:handle(106)) - Start to delete container blocks, TXIDs=[1(2)], numOfContainers=1, numOfBlocks=1
2019-10-23 22:25:55,783 [Thread-865] INFO  impl.FollowerState (FollowerState.java:run(108)) - 1e780629-3013-4910-b058-82bfaeb575a6@group-FF494030CC0C-FollowerState: change to CANDIDATE, lastRpcTime:133ms, electionTimeout:133ms
2019-10-23 22:25:55,783 [Thread-865] INFO  impl.RoleInfo (RoleInfo.java:shutdownFollowerState(121)) - 1e780629-3013-4910-b058-82bfaeb575a6: shutdown FollowerState
2019-10-23 22:25:55,783 [Thread-865] INFO  impl.RaftServerImpl (RaftServerImpl.java:setRole(184)) - 1e780629-3013-4910-b058-82bfaeb575a6@group-FF494030CC0C: changes role from  FOLLOWER to CANDIDATE at term 45 for changeToCandidate
2019-10-23 22:25:55,783 [Thread-865] INFO  impl.RoleInfo (RoleInfo.java:updateAndGet(143)) - 1e780629-3013-4910-b058-82bfaeb575a6: start LeaderElection
2019-10-23 22:25:55,796 [1e780629-3013-4910-b058-82bfaeb575a6@group-FF494030CC0C-LeaderElection46] INFO  impl.LeaderElection (LeaderElection.java:askForVotes(178)) - 1e780629-3013-4910-b058-82bfaeb575a6@group-FF494030CC0C-LeaderElection46: begin an election at term 46 for 0: [73b959bd-e3af-4247-b02b-6987bacc6720:192.168.34.28:45914, 1e780629-3013-4910-b058-82bfaeb575a6:192.168.34.28:46415, 22d85afd-4d4f-492d-93d6-f244982d2d2b:192.168.34.28:33618], old=null
2019-10-23 22:25:55,799 [grpc-default-executor-3] INFO  impl.RaftServerImpl (RaftServerImpl.java:setRole(184)) - 73b959bd-e3af-4247-b02b-6987bacc6720@group-FF494030CC0C: changes role from  FOLLOWER to FOLLOWER at term 46 for recognizeCandidate:1e780629-3013-4910-b058-82bfaeb575a6
2019-10-23 22:25:55,799 [grpc-default-executor-2] INFO  impl.RaftServerImpl (RaftServerImpl.java:setRole(184)) - 22d85afd-4d4f-492d-93d6-f244982d2d2b@group-FF494030CC0C: changes role from  FOLLOWER to FOLLOWER at term 46 for recognizeCandidate:1e780629-3013-4910-b058-82bfaeb575a6
2019-10-23 22:25:55,799 [grpc-default-executor-3] INFO  impl.RoleInfo (RoleInfo.java:shutdownFollowerState(121)) - 73b959bd-e3af-4247-b02b-6987bacc6720: shutdown FollowerState
2019-10-23 22:25:55,800 [grpc-default-executor-2] INFO  impl.RoleInfo (RoleInfo.java:shutdownFollowerState(121)) - 22d85afd-4d4f-492d-93d6-f244982d2d2b: shutdown FollowerState
2019-10-23 22:25:55,800 [Thread-863] INFO  impl.FollowerState (FollowerState.java:run(117)) - 73b959bd-e3af-4247-b02b-6987bacc6720@group-FF494030CC0C-FollowerState was interrupted: java.lang.InterruptedException: sleep interrupted
2019-10-23 22:25:55,800 [Thread-864] INFO  impl.FollowerState (FollowerState.java:run(117)) - 22d85afd-4d4f-492d-93d6-f244982d2d2b@group-FF494030CC0C-FollowerState was interrupted: java.lang.InterruptedException: sleep interrupted
2019-10-23 22:25:55,800 [grpc-default-executor-3] INFO  impl.RoleInfo (RoleInfo.java:updateAndGet(143)) - 73b959bd-e3af-4247-b02b-6987bacc6720: start FollowerState
2019-10-23 22:25:55,800 [grpc-default-executor-2] INFO  impl.RoleInfo (RoleInfo.java:updateAndGet(143)) - 22d85afd-4d4f-492d-93d6-f244982d2d2b: start FollowerState
2019-10-23 22:25:55,815 [1e780629-3013-4910-b058-82bfaeb575a6@group-FF494030CC0C-LeaderElection46] INFO  impl.LeaderElection (LeaderElection.java:logAndReturn(56)) - 1e780629-3013-4910-b058-82bfaeb575a6@group-FF494030CC0C-LeaderElection46: Election REJECTED; received 2 response(s) [1e780629-3013-4910-b058-82bfaeb575a6<-73b959bd-e3af-4247-b02b-6987bacc6720#0:FAIL-t46, 1e780629-3013-4910-b058-82bfaeb575a6<-22d85afd-4d4f-492d-93d6-f244982d2d2b#0:FAIL-t46] and 0 exception(s); 1e780629-3013-4910-b058-82bfaeb575a6@group-FF494030CC0C:t46, leader=null, voted=1e780629-3013-4910-b058-82bfaeb575a6, raftlog=1e780629-3013-4910-b058-82bfaeb575a6@group-FF494030CC0C-SegmentedRaftLog:OPENED:c3,f4,i4, conf=0: [73b959bd-e3af-4247-b02b-6987bacc6720:192.168.34.28:45914, 1e780629-3013-4910-b058-82bfaeb575a6:192.168.34.28:46415, 22d85afd-4d4f-492d-93d6-f244982d2d2b:192.168.34.28:33618], old=null
2019-10-23 22:25:55,815 [1e780629-3013-4910-b058-82bfaeb575a6@group-FF494030CC0C-LeaderElection46] INFO  impl.RaftServerImpl (RaftServerImpl.java:setRole(184)) - 1e780629-3013-4910-b058-82bfaeb575a6@group-FF494030CC0C: changes role from CANDIDATE to FOLLOWER at term 46 for DISCOVERED_A_NEW_TERM
2019-10-23 22:25:55,816 [1e780629-3013-4910-b058-82bfaeb575a6@group-FF494030CC0C-LeaderElection46] INFO  impl.RoleInfo (RoleInfo.java:shutdownLeaderElection(134)) - 1e780629-3013-4910-b058-82bfaeb575a6: shutdown LeaderElection
2019-10-23 22:25:55,816 [1e780629-3013-4910-b058-82bfaeb575a6@group-FF494030CC0C-LeaderElection46] INFO  impl.RoleInfo (RoleInfo.java:updateAndGet(143)) - 1e780629-3013-4910-b058-82bfaeb575a6: start FollowerState
2019-10-23 22:25:55,846 [Thread-872] INFO  impl.FollowerState (FollowerState.java:run(108)) - 1e780629-3013-4910-b058-82bfaeb575a6@group-FF494030CC0C-FollowerState: change to CANDIDATE, lastRpcTime:30ms, electionTimeout:30ms
2019-10-23 22:25:55,846 [Thread-872] INFO  impl.RoleInfo (RoleInfo.java:shutdownFollowerState(121)) - 1e780629-3013-4910-b058-82bfaeb575a6: shutdown FollowerState
2019-10-23 22:25:55,847 [Thread-872] INFO  impl.RaftServerImpl (RaftServerImpl.java:setRole(184)) - 1e780629-3013-4910-b058-82bfaeb575a6@group-FF494030CC0C: changes role from  FOLLOWER to CANDIDATE at term 46 for changeToCandidate
2019-10-23 22:25:55,847 [Thread-872] INFO  impl.RoleInfo (RoleInfo.java:updateAndGet(143)) - 1e780629-3013-4910-b058-82bfaeb575a6: start LeaderElection
2019-10-23 22:25:55,861 [1e780629-3013-4910-b058-82bfaeb575a6@group-FF494030CC0C-LeaderElection47] INFO  impl.LeaderElection (LeaderElection.java:askForVotes(178)) - 1e780629-3013-4910-b058-82bfaeb575a6@group-FF494030CC0C-LeaderElection47: begin an election at term 47 for 0: [73b959bd-e3af-4247-b02b-6987bacc6720:192.168.34.28:45914, 1e780629-3013-4910-b058-82bfaeb575a6:192.168.34.28:46415, 22d85afd-4d4f-492d-93d6-f244982d2d2b:192.168.34.28:33618], old=null
2019-10-23 22:25:55,864 [1e780629-3013-4910-b058-82bfaeb575a6@group-FF494030CC0C-LeaderElection47] INFO  impl.LeaderElection (LeaderElection.java:logAndReturn(56)) - 1e780629-3013-4910-b058-82bfaeb575a6@group-FF494030CC0C-LeaderElection47: Election TIMEOUT; received 0 response(s) [] and 0 exception(s); 1e780629-3013-4910-b058-82bfaeb575a6@group-FF494030CC0C:t47, leader=null, voted=1e780629-3013-4910-b058-82bfaeb575a6, raftlog=1e780629-3013-4910-b058-82bfaeb575a6@group-FF494030CC0C-SegmentedRaftLog:OPENED:c3,f4,i4, conf=0: [73b959bd-e3af-4247-b02b-6987bacc6720:192.168.34.28:45914, 1e780629-3013-4910-b058-82bfaeb575a6:192.168.34.28:46415, 22d85afd-4d4f-492d-93d6-f244982d2d2b:192.168.34.28:33618], old=null
2019-10-23 22:25:55,864 [grpc-default-executor-3] INFO  impl.RaftServerImpl (RaftServerImpl.java:setRole(184)) - 73b959bd-e3af-4247-b02b-6987bacc6720@group-FF494030CC0C: changes role from  FOLLOWER to FOLLOWER at term 47 for recognizeCandidate:1e780629-3013-4910-b058-82bfaeb575a6
2019-10-23 22:25:55,864 [grpc-default-executor-3] INFO  impl.RoleInfo (RoleInfo.java:shutdownFollowerState(121)) - 73b959bd-e3af-4247-b02b-6987bacc6720: shutdown FollowerState
2019-10-23 22:25:55,864 [grpc-default-executor-2] INFO  impl.RaftServerImpl (RaftServerImpl.java:setRole(184)) - 22d85afd-4d4f-492d-93d6-f244982d2d2b@group-FF494030CC0C: changes role from  FOLLOWER to FOLLOWER at term 47 for recognizeCandidate:1e780629-3013-4910-b058-82bfaeb575a6
2019-10-23 22:25:55,864 [grpc-default-executor-3] INFO  impl.RoleInfo (RoleInfo.java:updateAndGet(143)) - 73b959bd-e3af-4247-b02b-6987bacc6720: start FollowerState
2019-10-23 22:25:55,864 [Thread-870] INFO  impl.FollowerState (FollowerState.java:run(117)) - 73b959bd-e3af-4247-b02b-6987bacc6720@group-FF494030CC0C-FollowerState was interrupted: java.lang.InterruptedException: sleep interrupted
2019-10-23 22:25:55,865 [grpc-default-executor-2] INFO  impl.RoleInfo (RoleInfo.java:shutdownFollowerState(121)) - 22d85afd-4d4f-492d-93d6-f244982d2d2b: shutdown FollowerState
2019-10-23 22:25:55,865 [grpc-default-executor-2] INFO  impl.RoleInfo (RoleInfo.java:updateAndGet(143)) - 22d85afd-4d4f-492d-93d6-f244982d2d2b: start FollowerState
2019-10-23 22:25:55,865 [Thread-871] INFO  impl.FollowerState (FollowerState.java:run(117)) - 22d85afd-4d4f-492d-93d6-f244982d2d2b@group-FF494030CC0C-FollowerState was interrupted: java.lang.InterruptedException: sleep interrupted
2019-10-23 22:25:55,885 [1e780629-3013-4910-b058-82bfaeb575a6@group-FF494030CC0C-LeaderElection47] INFO  impl.LeaderElection (LeaderElection.java:askForVotes(178)) - 1e780629-3013-4910-b058-82bfaeb575a6@group-FF494030CC0C-LeaderElection47: begin an election at term 48 for 0: [73b959bd-e3af-4247-b02b-6987bacc6720:192.168.34.28:45914, 1e780629-3013-4910-b058-82bfaeb575a6:192.168.34.28:46415, 22d85afd-4d4f-492d-93d6-f244982d2d2b:192.168.34.28:33618], old=null
2019-10-23 22:25:55,887 [grpc-default-executor-3] INFO  impl.RaftServerImpl (RaftServerImpl.java:setRole(184)) - 73b959bd-e3af-4247-b02b-6987bacc6720@group-FF494030CC0C: changes role from  FOLLOWER to FOLLOWER at term 48 for recognizeCandidate:1e780629-3013-4910-b058-82bfaeb575a6
2019-10-23 22:25:55,887 [grpc-default-executor-3] INFO  impl.RoleInfo (RoleInfo.java:shutdownFollowerState(121)) - 73b959bd-e3af-4247-b02b-6987bacc6720: shutdown FollowerState
2019-10-23 22:25:55,887 [grpc-default-executor-3] INFO  impl.RoleInfo (RoleInfo.java:updateAndGet(143)) - 73b959bd-e3af-4247-b02b-6987bacc6720: start FollowerState
2019-10-23 22:25:55,888 [grpc-default-executor-2] INFO  impl.RaftServerImpl (RaftServerImpl.java:setRole(184)) - 22d85afd-4d4f-492d-93d6-f244982d2d2b@group-FF494030CC0C: changes role from  FOLLOWER to FOLLOWER at term 48 for recognizeCandidate:1e780629-3013-4910-b058-82bfaeb575a6
2019-10-23 22:25:55,887 [Thread-876] INFO  impl.FollowerState (FollowerState.java:run(117)) - 73b959bd-e3af-4247-b02b-6987bacc6720@group-FF494030CC0C-FollowerState was interrupted: java.lang.InterruptedException: sleep interrupted
2019-10-23 22:25:55,888 [grpc-default-executor-2] INFO  impl.RoleInfo (RoleInfo.java:shutdownFollowerState(121)) - 22d85afd-4d4f-492d-93d6-f244982d2d2b: shutdown FollowerState
2019-10-23 22:25:55,888 [Thread-877] INFO  impl.FollowerState (FollowerState.java:run(117)) - 22d85afd-4d4f-492d-93d6-f244982d2d2b@group-FF494030CC0C-FollowerState was interrupted: java.lang.InterruptedException: sleep interrupted
2019-10-23 22:25:55,888 [grpc-default-executor-2] INFO  impl.RoleInfo (RoleInfo.java:updateAndGet(143)) - 22d85afd-4d4f-492d-93d6-f244982d2d2b: start FollowerState
2019-10-23 22:25:55,900 [1e780629-3013-4910-b058-82bfaeb575a6@group-FF494030CC0C-LeaderElection47] INFO  impl.LeaderElection (LeaderElection.java:logAndReturn(56)) - 1e780629-3013-4910-b058-82bfaeb575a6@group-FF494030CC0C-LeaderElection47: Election REJECTED; received 2 response(s) [1e780629-3013-4910-b058-82bfaeb575a6<-73b959bd-e3af-4247-b02b-6987bacc6720#0:FAIL-t48, 1e780629-3013-4910-b058-82bfaeb575a6<-22d85afd-4d4f-492d-93d6-f244982d2d2b#0:FAIL-t48] and 0 exception(s); 1e780629-3013-4910-b058-82bfaeb575a6@group-FF494030CC0C:t48, leader=null, voted=1e780629-3013-4910-b058-82bfaeb575a6, raftlog=1e780629-3013-4910-b058-82bfaeb575a6@group-FF494030CC0C-SegmentedRaftLog:OPENED:c3,f4,i4, conf=0: [73b959bd-e3af-4247-b02b-6987bacc6720:192.168.34.28:45914, 1e780629-3013-4910-b058-82bfaeb575a6:192.168.34.28:46415, 22d85afd-4d4f-492d-93d6-f244982d2d2b:192.168.34.28:33618], old=null
2019-10-23 22:25:55,900 [1e780629-3013-4910-b058-82bfaeb575a6@group-FF494030CC0C-LeaderElection47] INFO  impl.RaftServerImpl (RaftServerImpl.java:setRole(184)) - 1e780629-3013-4910-b058-82bfaeb575a6@group-FF494030CC0C: changes role from CANDIDATE to FOLLOWER at term 48 for DISCOVERED_A_NEW_TERM
2019-10-23 22:25:55,900 [1e780629-3013-4910-b058-82bfaeb575a6@group-FF494030CC0C-LeaderElection47] INFO  impl.RoleInfo (RoleInfo.java:shutdownLeaderElection(134)) - 1e780629-3013-4910-b058-82bfaeb575a6: shutdown LeaderElection
2019-10-23 22:25:55,900 [1e780629-3013-4910-b058-82bfaeb575a6@group-FF494030CC0C-LeaderElection47] INFO  impl.RoleInfo (RoleInfo.java:updateAndGet(143)) - 1e780629-3013-4910-b058-82bfaeb575a6: start FollowerState
2019-10-23 22:25:55,954 [EventQueue-DeleteBlockStatusForDeletedBlockLogImpl] WARN  block.DeletedBlockLogImpl (DeletedBlockLogImpl.java:commitTransactions(205)) - Transaction txId=1 commit by dnId=1e780629-3013-4910-b058-82bfaeb575a6 for containerID=#1 failed. Corresponding entry not found.
2019-10-23 22:25:55,955 [EventQueue-DeleteBlockStatusForDeletedBlockLogImpl] WARN  block.DeletedBlockLogImpl (DeletedBlockLogImpl.java:commitTransactions(205)) - Transaction txId=1 commit by dnId=1e780629-3013-4910-b058-82bfaeb575a6 for containerID=#1 failed. Corresponding entry not found.
2019-10-23 22:25:55,955 [EventQueue-DeleteBlockStatusForDeletedBlockLogImpl] WARN  block.DeletedBlockLogImpl (DeletedBlockLogImpl.java:commitTransactions(205)) - Transaction txId=1 commit by dnId=1e780629-3013-4910-b058-82bfaeb575a6 for containerID=#1 failed. Corresponding entry not found.
2019-10-23 22:25:55,955 [EventQueue-DeleteBlockStatusForDeletedBlockLogImpl] WARN  block.DeletedBlockLogImpl (DeletedBlockLogImpl.java:commitTransactions(205)) - Transaction txId=1 commit by dnId=1e780629-3013-4910-b058-82bfaeb575a6 for containerID=#1 failed. Corresponding entry not found.
2019-10-23 22:25:55,955 [EventQueue-DeleteBlockStatusForDeletedBlockLogImpl] WARN  block.DeletedBlockLogImpl (DeletedBlockLogImpl.java:commitTransactions(205)) - Transaction txId=1 commit by dnId=1e780629-3013-4910-b058-82bfaeb575a6 for containerID=#1 failed. Corresponding entry not found.
2019-10-23 22:25:55,955 [EventQueue-DeleteBlockStatusForDeletedBlockLogImpl] WARN  block.DeletedBlockLogImpl (DeletedBlockLogImpl.java:commitTransactions(205)) - Transaction txId=1 commit by dnId=1e780629-3013-4910-b058-82bfaeb575a6 for containerID=#1 failed. Corresponding entry not found.
2019-10-23 22:25:55,955 [EventQueue-DeleteBlockStatusForDeletedBlockLogImpl] WARN  block.DeletedBlockLogImpl (DeletedBlockLogImpl.java:commitTransactions(205)) - Transaction txId=1 commit by dnId=1e780629-3013-4910-b058-82bfaeb575a6 for containerID=#1 failed. Corresponding entry not found.
2019-10-23 22:25:56,043 [Thread-882] INFO  impl.FollowerState (FollowerState.java:run(108)) - 1e780629-3013-4910-b058-82bfaeb575a6@group-FF494030CC0C-FollowerState: change to CANDIDATE, lastRpcTime:142ms, electionTimeout:142ms
2019-10-23 22:25:56,043 [Thread-882] INFO  impl.RoleInfo (RoleInfo.java:shutdownFollowerState(121)) - 1e780629-3013-4910-b058-82bfaeb575a6: shutdown FollowerState
2019-10-23 22:25:56,043 [Thread-882] INFO  impl.RaftServerImpl (RaftServerImpl.java:setRole(184)) - 1e780629-3013-4910-b058-82bfaeb575a6@group-FF494030CC0C: changes role from  FOLLOWER to CANDIDATE at term 48 for changeToCandidate
2019-10-23 22:25:56,043 [Thread-882] INFO  impl.RoleInfo (RoleInfo.java:updateAndGet(143)) - 1e780629-3013-4910-b058-82bfaeb575a6: start LeaderElection
2019-10-23 22:25:56,057 [1e780629-3013-4910-b058-82bfaeb575a6@group-FF494030CC0C-LeaderElection48] INFO  impl.LeaderElection (LeaderElection.java:askForVotes(178)) - 1e780629-3013-4910-b058-82bfaeb575a6@group-FF494030CC0C-LeaderElection48: begin an election at term 49 for 0: [73b959bd-e3af-4247-b02b-6987bacc6720:192.168.34.28:45914, 1e780629-3013-4910-b058-82bfaeb575a6:192.168.34.28:46415, 22d85afd-4d4f-492d-93d6-f244982d2d2b:192.168.34.28:33618], old=null
2019-10-23 22:25:56,060 [grpc-default-executor-2] INFO  impl.RaftServerImpl (RaftServerImpl.java:setRole(184)) - 73b959bd-e3af-4247-b02b-6987bacc6720@group-FF494030CC0C: changes role from  FOLLOWER to FOLLOWER at term 49 for recognizeCandidate:1e780629-3013-4910-b058-82bfaeb575a6
2019-10-23 22:25:56,060 [grpc-default-executor-3] INFO  impl.RaftServerImpl (RaftServerImpl.java:setRole(184)) - 22d85afd-4d4f-492d-93d6-f244982d2d2b@group-FF494030CC0C: changes role from  FOLLOWER to FOLLOWER at term 49 for recognizeCandidate:1e780629-3013-4910-b058-82bfaeb575a6
2019-10-23 22:25:56,060 [grpc-default-executor-2] INFO  impl.RoleInfo (RoleInfo.java:shutdownFollowerState(121)) - 73b959bd-e3af-4247-b02b-6987bacc6720: shutdown FollowerState
2019-10-23 22:25:56,060 [grpc-default-executor-3] INFO  impl.RoleInfo (RoleInfo.java:shutdownFollowerState(121)) - 22d85afd-4d4f-492d-93d6-f244982d2d2b: shutdown FollowerState
2019-10-23 22:25:56,060 [Thread-880] INFO  impl.FollowerState (FollowerState.java:run(117)) - 73b959bd-e3af-4247-b02b-6987bacc6720@group-FF494030CC0C-FollowerState was interrupted: java.lang.InterruptedException: sleep interrupted
2019-10-23 22:25:56,061 [Thread-881] INFO  impl.FollowerState (FollowerState.java:run(117)) - 22d85afd-4d4f-492d-93d6-f244982d2d2b@group-FF494030CC0C-FollowerState was interrupted: java.lang.InterruptedException: sleep interrupted
2019-10-23 22:25:56,060 [grpc-default-executor-2] INFO  impl.RoleInfo (RoleInfo.java:updateAndGet(143)) - 73b959bd-e3af-4247-b02b-6987bacc6720: start FollowerState
2019-10-23 22:25:56,061 [grpc-default-executor-3] INFO  impl.RoleInfo (RoleInfo.java:updateAndGet(143)) - 22d85afd-4d4f-492d-93d6-f244982d2d2b: start FollowerState
2019-10-23 22:25:56,076 [1e780629-3013-4910-b058-82bfaeb575a6@group-FF494030CC0C-LeaderElection48] INFO  impl.LeaderElection (LeaderElection.java:logAndReturn(56)) - 1e780629-3013-4910-b058-82bfaeb575a6@group-FF494030CC0C-LeaderElection48: Election REJECTED; received 2 response(s) [1e780629-3013-4910-b058-82bfaeb575a6<-73b959bd-e3af-4247-b02b-6987bacc6720#0:FAIL-t49, 1e780629-3013-4910-b058-82bfaeb575a6<-22d85afd-4d4f-492d-93d6-f244982d2d2b#0:FAIL-t49] and 0 exception(s); 1e780629-3013-4910-b058-82bfaeb575a6@group-FF494030CC0C:t49, leader=null, voted=1e780629-3013-4910-b058-82bfaeb575a6, raftlog=1e780629-3013-4910-b058-82bfaeb575a6@group-FF494030CC0C-SegmentedRaftLog:OPENED:c3,f4,i4, conf=0: [73b959bd-e3af-4247-b02b-6987bacc6720:192.168.34.28:45914, 1e780629-3013-4910-b058-82bfaeb575a6:192.168.34.28:46415, 22d85afd-4d4f-492d-93d6-f244982d2d2b:192.168.34.28:33618], old=null
2019-10-23 22:25:56,076 [1e780629-3013-4910-b058-82bfaeb575a6@group-FF494030CC0C-LeaderElection48] INFO  impl.RaftServerImpl (RaftServerImpl.java:setRole(184)) - 1e780629-3013-4910-b058-82bfaeb575a6@group-FF494030CC0C: changes role from CANDIDATE to FOLLOWER at term 49 for DISCOVERED_A_NEW_TERM
2019-10-23 22:25:56,076 [1e780629-3013-4910-b058-82bfaeb575a6@group-FF494030CC0C-LeaderElection48] INFO  impl.RoleInfo (RoleInfo.java:shutdownLeaderElection(134)) - 1e780629-3013-4910-b058-82bfaeb575a6: shutdown LeaderElection
2019-10-23 22:25:56,076 [1e780629-3013-4910-b058-82bfaeb575a6@group-FF494030CC0C-LeaderElection48] INFO  impl.RoleInfo (RoleInfo.java:updateAndGet(143)) - 1e780629-3013-4910-b058-82bfaeb575a6: start FollowerState
2019-10-23 22:25:56,126 [Thread-890] INFO  client.GrpcClientProtocolService (GrpcClientProtocolService.java:lambda$processClientRequest$0(278)) - Failed RaftClientRequest:client-13138D705F93->73b959bd-e3af-4247-b02b-6987bacc6720@group-FF494030CC0C, cid=10, seq=0, Watch-ALL_COMMITTED(6), Message:<EMPTY>, reply=RaftClientReply:client-13138D705F93->73b959bd-e3af-4247-b02b-6987bacc6720@group-FF494030CC0C, cid=10, FAILED org.apache.ratis.protocol.NotLeaderException: Server 73b959bd-e3af-4247-b02b-6987bacc6720@group-FF494030CC0C is not the leader, logIndex=0, commits[73b959bd-e3af-4247-b02b-6987bacc6720:c10, 1e780629-3013-4910-b058-82bfaeb575a6:c4, 22d85afd-4d4f-492d-93d6-f244982d2d2b:c10]
2019-10-23 22:25:56,152 [Thread-888] INFO  impl.FollowerState (FollowerState.java:run(108)) - 1e780629-3013-4910-b058-82bfaeb575a6@group-FF494030CC0C-FollowerState: change to CANDIDATE, lastRpcTime:75ms, electionTimeout:75ms
2019-10-23 22:25:56,152 [Thread-888] INFO  impl.RoleInfo (RoleInfo.java:shutdownFollowerState(121)) - 1e780629-3013-4910-b058-82bfaeb575a6: shutdown FollowerState
2019-10-23 22:25:56,153 [Thread-888] INFO  impl.RaftServerImpl (RaftServerImpl.java:setRole(184)) - 1e780629-3013-4910-b058-82bfaeb575a6@group-FF494030CC0C: changes role from  FOLLOWER to CANDIDATE at term 49 for changeToCandidate
2019-10-23 22:25:56,153 [Thread-888] INFO  impl.RoleInfo (RoleInfo.java:updateAndGet(143)) - 1e780629-3013-4910-b058-82bfaeb575a6: start LeaderElection
2019-10-23 22:25:56,172 [1e780629-3013-4910-b058-82bfaeb575a6@group-FF494030CC0C-LeaderElection49] INFO  impl.LeaderElection (LeaderElection.java:askForVotes(178)) - 1e780629-3013-4910-b058-82bfaeb575a6@group-FF494030CC0C-LeaderElection49: begin an election at term 50 for 0: [73b959bd-e3af-4247-b02b-6987bacc6720:192.168.34.28:45914, 1e780629-3013-4910-b058-82bfaeb575a6:192.168.34.28:46415, 22d85afd-4d4f-492d-93d6-f244982d2d2b:192.168.34.28:33618], old=null
2019-10-23 22:25:56,175 [grpc-default-executor-2] INFO  impl.RaftServerImpl (RaftServerImpl.java:setRole(184)) - 73b959bd-e3af-4247-b02b-6987bacc6720@group-FF494030CC0C: changes role from  FOLLOWER to FOLLOWER at term 50 for recognizeCandidate:1e780629-3013-4910-b058-82bfaeb575a6
2019-10-23 22:25:56,175 [grpc-default-executor-3] INFO  impl.RaftServerImpl (RaftServerImpl.java:setRole(184)) - 22d85afd-4d4f-492d-93d6-f244982d2d2b@group-FF494030CC0C: changes role from  FOLLOWER to FOLLOWER at term 50 for recognizeCandidate:1e780629-3013-4910-b058-82bfaeb575a6
2019-10-23 22:25:56,175 [grpc-default-executor-2] INFO  impl.RoleInfo (RoleInfo.java:shutdownFollowerState(121)) - 73b959bd-e3af-4247-b02b-6987bacc6720: shutdown FollowerState
2019-10-23 22:25:56,175 [grpc-default-executor-3] INFO  impl.RoleInfo (RoleInfo.java:shutdownFollowerState(121)) - 22d85afd-4d4f-492d-93d6-f244982d2d2b: shutdown FollowerState
2019-10-23 22:25:56,175 [grpc-default-executor-2] INFO  impl.RoleInfo (RoleInfo.java:updateAndGet(143)) - 73b959bd-e3af-4247-b02b-6987bacc6720: start FollowerState
2019-10-23 22:25:56,176 [Thread-886] INFO  impl.FollowerState (FollowerState.java:run(117)) - 73b959bd-e3af-4247-b02b-6987bacc6720@group-FF494030CC0C-FollowerState was interrupted: java.lang.InterruptedException: sleep interrupted
2019-10-23 22:25:56,176 [grpc-default-executor-3] INFO  impl.RoleInfo (RoleInfo.java:updateAndGet(143)) - 22d85afd-4d4f-492d-93d6-f244982d2d2b: start FollowerState
2019-10-23 22:25:56,176 [Thread-887] INFO  impl.FollowerState (FollowerState.java:run(117)) - 22d85afd-4d4f-492d-93d6-f244982d2d2b@group-FF494030CC0C-FollowerState was interrupted: java.lang.InterruptedException: sleep interrupted
2019-10-23 22:25:56,191 [1e780629-3013-4910-b058-82bfaeb575a6@group-FF494030CC0C-LeaderElection49] INFO  impl.LeaderElection (LeaderElection.java:logAndReturn(56)) - 1e780629-3013-4910-b058-82bfaeb575a6@group-FF494030CC0C-LeaderElection49: Election REJECTED; received 2 response(s) [1e780629-3013-4910-b058-82bfaeb575a6<-73b959bd-e3af-4247-b02b-6987bacc6720#0:FAIL-t50, 1e780629-3013-4910-b058-82bfaeb575a6<-22d85afd-4d4f-492d-93d6-f244982d2d2b#0:FAIL-t50] and 0 exception(s); 1e780629-3013-4910-b058-82bfaeb575a6@group-FF494030CC0C:t50, leader=null, voted=1e780629-3013-4910-b058-82bfaeb575a6, raftlog=1e780629-3013-4910-b058-82bfaeb575a6@group-FF494030CC0C-SegmentedRaftLog:OPENED:c3,f4,i4, conf=0: [73b959bd-e3af-4247-b02b-6987bacc6720:192.168.34.28:45914, 1e780629-3013-4910-b058-82bfaeb575a6:192.168.34.28:46415, 22d85afd-4d4f-492d-93d6-f244982d2d2b:192.168.34.28:33618], old=null
2019-10-23 22:25:56,191 [1e780629-3013-4910-b058-82bfaeb575a6@group-FF494030CC0C-LeaderElection49] INFO  impl.RaftServerImpl (RaftServerImpl.java:setRole(184)) - 1e780629-3013-4910-b058-82bfaeb575a6@group-FF494030CC0C: changes role from CANDIDATE to FOLLOWER at term 50 for DISCOVERED_A_NEW_TERM
2019-10-23 22:25:56,191 [1e780629-3013-4910-b058-82bfaeb575a6@group-FF494030CC0C-LeaderElection49] INFO  impl.RoleInfo (RoleInfo.java:shutdownLeaderElection(134)) - 1e780629-3013-4910-b058-82bfaeb575a6: shutdown LeaderElection
2019-10-23 22:25:56,191 [1e780629-3013-4910-b058-82bfaeb575a6@group-FF494030CC0C-LeaderElection49] INFO  impl.RoleInfo (RoleInfo.java:updateAndGet(143)) - 1e780629-3013-4910-b058-82bfaeb575a6: start FollowerState
2019-10-23 22:25:56,289 [Thread-897] INFO  impl.FollowerState (FollowerState.java:run(108)) - 1e780629-3013-4910-b058-82bfaeb575a6@group-FF494030CC0C-FollowerState: change to CANDIDATE, lastRpcTime:97ms, electionTimeout:97ms
2019-10-23 22:25:56,289 [Thread-897] INFO  impl.RoleInfo (RoleInfo.java:shutdownFollowerState(121)) - 1e780629-3013-4910-b058-82bfaeb575a6: shutdown FollowerState
2019-10-23 22:25:56,289 [Thread-897] INFO  impl.RaftServerImpl (RaftServerImpl.java:setRole(184)) - 1e780629-3013-4910-b058-82bfaeb575a6@group-FF494030CC0C: changes role from  FOLLOWER to CANDIDATE at term 50 for changeToCandidate
2019-10-23 22:25:56,289 [Thread-897] INFO  impl.RoleInfo (RoleInfo.java:updateAndGet(143)) - 1e780629-3013-4910-b058-82bfaeb575a6: start LeaderElection
2019-10-23 22:25:56,303 [1e780629-3013-4910-b058-82bfaeb575a6@group-FF494030CC0C-LeaderElection50] INFO  impl.LeaderElection (LeaderElection.java:askForVotes(178)) - 1e780629-3013-4910-b058-82bfaeb575a6@group-FF494030CC0C-LeaderElection50: begin an election at term 51 for 0: [73b959bd-e3af-4247-b02b-6987bacc6720:192.168.34.28:45914, 1e780629-3013-4910-b058-82bfaeb575a6:192.168.34.28:46415, 22d85afd-4d4f-492d-93d6-f244982d2d2b:192.168.34.28:33618], old=null
2019-10-23 22:25:56,306 [grpc-default-executor-3] INFO  impl.RaftServerImpl (RaftServerImpl.java:setRole(184)) - 73b959bd-e3af-4247-b02b-6987bacc6720@group-FF494030CC0C: changes role from  FOLLOWER to FOLLOWER at term 51 for recognizeCandidate:1e780629-3013-4910-b058-82bfaeb575a6
2019-10-23 22:25:56,306 [grpc-default-executor-2] INFO  impl.RaftServerImpl (RaftServerImpl.java:setRole(184)) - 22d85afd-4d4f-492d-93d6-f244982d2d2b@group-FF494030CC0C: changes role from  FOLLOWER to FOLLOWER at term 51 for recognizeCandidate:1e780629-3013-4910-b058-82bfaeb575a6
2019-10-23 22:25:56,306 [grpc-default-executor-3] INFO  impl.RoleInfo (RoleInfo.java:shutdownFollowerState(121)) - 73b959bd-e3af-4247-b02b-6987bacc6720: shutdown FollowerState
2019-10-23 22:25:56,306 [grpc-default-executor-2] INFO  impl.RoleInfo (RoleInfo.java:shutdownFollowerState(121)) - 22d85afd-4d4f-492d-93d6-f244982d2d2b: shutdown FollowerState
2019-10-23 22:25:56,306 [Thread-895] INFO  impl.FollowerState (FollowerState.java:run(117)) - 73b959bd-e3af-4247-b02b-6987bacc6720@group-FF494030CC0C-FollowerState was interrupted: java.lang.InterruptedException: sleep interrupted
2019-10-23 22:25:56,306 [grpc-default-executor-3] INFO  impl.RoleInfo (RoleInfo.java:updateAndGet(143)) - 73b959bd-e3af-4247-b02b-6987bacc6720: start FollowerState
2019-10-23 22:25:56,306 [grpc-default-executor-2] INFO  impl.RoleInfo (RoleInfo.java:updateAndGet(143)) - 22d85afd-4d4f-492d-93d6-f244982d2d2b: start FollowerState
2019-10-23 22:25:56,306 [Thread-896] INFO  impl.FollowerState (FollowerState.java:run(117)) - 22d85afd-4d4f-492d-93d6-f244982d2d2b@group-FF494030CC0C-FollowerState was interrupted: java.lang.InterruptedException: sleep interrupted
2019-10-23 22:25:56,322 [1e780629-3013-4910-b058-82bfaeb575a6@group-FF494030CC0C-LeaderElection50] INFO  impl.LeaderElection (LeaderElection.java:logAndReturn(56)) - 1e780629-3013-4910-b058-82bfaeb575a6@group-FF494030CC0C-LeaderElection50: Election REJECTED; received 2 response(s) [1e780629-3013-4910-b058-82bfaeb575a6<-73b959bd-e3af-4247-b02b-6987bacc6720#0:FAIL-t51, 1e780629-3013-4910-b058-82bfaeb575a6<-22d85afd-4d4f-492d-93d6-f244982d2d2b#0:FAIL-t51] and 0 exception(s); 1e780629-3013-4910-b058-82bfaeb575a6@group-FF494030CC0C:t51, leader=null, voted=1e780629-3013-4910-b058-82bfaeb575a6, raftlog=1e780629-3013-4910-b058-82bfaeb575a6@group-FF494030CC0C-SegmentedRaftLog:OPENED:c3,f4,i4, conf=0: [73b959bd-e3af-4247-b02b-6987bacc6720:192.168.34.28:45914, 1e780629-3013-4910-b058-82bfaeb575a6:192.168.34.28:46415, 22d85afd-4d4f-492d-93d6-f244982d2d2b:192.168.34.28:33618], old=null
2019-10-23 22:25:56,322 [1e780629-3013-4910-b058-82bfaeb575a6@group-FF494030CC0C-LeaderElection50] INFO  impl.RaftServerImpl (RaftServerImpl.java:setRole(184)) - 1e780629-3013-4910-b058-82bfaeb575a6@group-FF494030CC0C: changes role from CANDIDATE to FOLLOWER at term 51 for DISCOVERED_A_NEW_TERM
2019-10-23 22:25:56,322 [1e780629-3013-4910-b058-82bfaeb575a6@group-FF494030CC0C-LeaderElection50] INFO  impl.RoleInfo (RoleInfo.java:shutdownLeaderElection(134)) - 1e780629-3013-4910-b058-82bfaeb575a6: shutdown LeaderElection
2019-10-23 22:25:56,322 [1e780629-3013-4910-b058-82bfaeb575a6@group-FF494030CC0C-LeaderElection50] INFO  impl.RoleInfo (RoleInfo.java:updateAndGet(143)) - 1e780629-3013-4910-b058-82bfaeb575a6: start FollowerState
2019-10-23 22:25:56,519 [Thread-903] INFO  impl.FollowerState (FollowerState.java:run(108)) - 1e780629-3013-4910-b058-82bfaeb575a6@group-FF494030CC0C-FollowerState: change to CANDIDATE, lastRpcTime:196ms, electionTimeout:196ms
2019-10-23 22:25:56,519 [Thread-903] INFO  impl.RoleInfo (RoleInfo.java:shutdownFollowerState(121)) - 1e780629-3013-4910-b058-82bfaeb575a6: shutdown FollowerState
2019-10-23 22:25:56,519 [Thread-903] INFO  impl.RaftServerImpl (RaftServerImpl.java:setRole(184)) - 1e780629-3013-4910-b058-82bfaeb575a6@group-FF494030CC0C: changes role from  FOLLOWER to CANDIDATE at term 51 for changeToCandidate
2019-10-23 22:25:56,519 [Thread-903] INFO  impl.RoleInfo (RoleInfo.java:updateAndGet(143)) - 1e780629-3013-4910-b058-82bfaeb575a6: start LeaderElection
2019-10-23 22:25:56,534 [1e780629-3013-4910-b058-82bfaeb575a6@group-FF494030CC0C-LeaderElection51] INFO  impl.LeaderElection (LeaderElection.java:askForVotes(178)) - 1e780629-3013-4910-b058-82bfaeb575a6@group-FF494030CC0C-LeaderElection51: begin an election at term 52 for 0: [73b959bd-e3af-4247-b02b-6987bacc6720:192.168.34.28:45914, 1e780629-3013-4910-b058-82bfaeb575a6:192.168.34.28:46415, 22d85afd-4d4f-492d-93d6-f244982d2d2b:192.168.34.28:33618], old=null
2019-10-23 22:25:56,537 [grpc-default-executor-2] INFO  impl.RaftServerImpl (RaftServerImpl.java:setRole(184)) - 73b959bd-e3af-4247-b02b-6987bacc6720@group-FF494030CC0C: changes role from  FOLLOWER to FOLLOWER at term 52 for recognizeCandidate:1e780629-3013-4910-b058-82bfaeb575a6
2019-10-23 22:25:56,537 [grpc-default-executor-3] INFO  impl.RaftServerImpl (RaftServerImpl.java:setRole(184)) - 22d85afd-4d4f-492d-93d6-f244982d2d2b@group-FF494030CC0C: changes role from  FOLLOWER to FOLLOWER at term 52 for recognizeCandidate:1e780629-3013-4910-b058-82bfaeb575a6
2019-10-23 22:25:56,537 [grpc-default-executor-2] INFO  impl.RoleInfo (RoleInfo.java:shutdownFollowerState(121)) - 73b959bd-e3af-4247-b02b-6987bacc6720: shutdown FollowerState
2019-10-23 22:25:56,537 [grpc-default-executor-3] INFO  impl.RoleInfo (RoleInfo.java:shutdownFollowerState(121)) - 22d85afd-4d4f-492d-93d6-f244982d2d2b: shutdown FollowerState
2019-10-23 22:25:56,537 [grpc-default-executor-2] INFO  impl.RoleInfo (RoleInfo.java:updateAndGet(143)) - 73b959bd-e3af-4247-b02b-6987bacc6720: start FollowerState
2019-10-23 22:25:56,537 [Thread-901] INFO  impl.FollowerState (FollowerState.java:run(117)) - 73b959bd-e3af-4247-b02b-6987bacc6720@group-FF494030CC0C-FollowerState was interrupted: java.lang.InterruptedException: sleep interrupted
2019-10-23 22:25:56,538 [Thread-902] INFO  impl.FollowerState (FollowerState.java:run(117)) - 22d85afd-4d4f-492d-93d6-f244982d2d2b@group-FF494030CC0C-FollowerState was interrupted: java.lang.InterruptedException: sleep interrupted
2019-10-23 22:25:56,538 [grpc-default-executor-3] INFO  impl.RoleInfo (RoleInfo.java:updateAndGet(143)) - 22d85afd-4d4f-492d-93d6-f244982d2d2b: start FollowerState
2019-10-23 22:25:56,553 [1e780629-3013-4910-b058-82bfaeb575a6@group-FF494030CC0C-LeaderElection51] INFO  impl.LeaderElection (LeaderElection.java:logAndReturn(56)) - 1e780629-3013-4910-b058-82bfaeb575a6@group-FF494030CC0C-LeaderElection51: Election REJECTED; received 2 response(s) [1e780629-3013-4910-b058-82bfaeb575a6<-73b959bd-e3af-4247-b02b-6987bacc6720#0:FAIL-t52, 1e780629-3013-4910-b058-82bfaeb575a6<-22d85afd-4d4f-492d-93d6-f244982d2d2b#0:FAIL-t52] and 0 exception(s); 1e780629-3013-4910-b058-82bfaeb575a6@group-FF494030CC0C:t52, leader=null, voted=1e780629-3013-4910-b058-82bfaeb575a6, raftlog=1e780629-3013-4910-b058-82bfaeb575a6@group-FF494030CC0C-SegmentedRaftLog:OPENED:c3,f4,i4, conf=0: [73b959bd-e3af-4247-b02b-6987bacc6720:192.168.34.28:45914, 1e780629-3013-4910-b058-82bfaeb575a6:192.168.34.28:46415, 22d85afd-4d4f-492d-93d6-f244982d2d2b:192.168.34.28:33618], old=null
2019-10-23 22:25:56,553 [1e780629-3013-4910-b058-82bfaeb575a6@group-FF494030CC0C-LeaderElection51] INFO  impl.RaftServerImpl (RaftServerImpl.java:setRole(184)) - 1e780629-3013-4910-b058-82bfaeb575a6@group-FF494030CC0C: changes role from CANDIDATE to FOLLOWER at term 52 for DISCOVERED_A_NEW_TERM
2019-10-23 22:25:56,553 [1e780629-3013-4910-b058-82bfaeb575a6@group-FF494030CC0C-LeaderElection51] INFO  impl.RoleInfo (RoleInfo.java:shutdownLeaderElection(134)) - 1e780629-3013-4910-b058-82bfaeb575a6: shutdown LeaderElection
2019-10-23 22:25:56,553 [1e780629-3013-4910-b058-82bfaeb575a6@group-FF494030CC0C-LeaderElection51] INFO  impl.RoleInfo (RoleInfo.java:updateAndGet(143)) - 1e780629-3013-4910-b058-82bfaeb575a6: start FollowerState
2019-10-23 22:25:56,593 [BlockDeletingService#8] WARN  background.BlockDeletingService (BlockDeletingService.java:isDeletionAllowed(187)) - Close Container log Index 6 is not replicated across allthe servers in the pipeline d8220d6b-da92-433e-abb5-ff494030cc0c as the min replicated index is 4. Deletion is not allowed in this container yet.
2019-10-23 22:25:56,593 [BlockDeletingService#2] WARN  background.BlockDeletingService (BlockDeletingService.java:isDeletionAllowed(187)) - Close Container log Index 6 is not replicated across allthe servers in the pipeline d8220d6b-da92-433e-abb5-ff494030cc0c as the min replicated index is 4. Deletion is not allowed in this container yet.
2019-10-23 22:25:56,622 [Thread-909] INFO  impl.FollowerState (FollowerState.java:run(108)) - 1e780629-3013-4910-b058-82bfaeb575a6@group-FF494030CC0C-FollowerState: change to CANDIDATE, lastRpcTime:68ms, electionTimeout:68ms
2019-10-23 22:25:56,622 [Thread-909] INFO  impl.RoleInfo (RoleInfo.java:shutdownFollowerState(121)) - 1e780629-3013-4910-b058-82bfaeb575a6: shutdown FollowerState
2019-10-23 22:25:56,622 [Thread-909] INFO  impl.RaftServerImpl (RaftServerImpl.java:setRole(184)) - 1e780629-3013-4910-b058-82bfaeb575a6@group-FF494030CC0C: changes role from  FOLLOWER to CANDIDATE at term 52 for changeToCandidate
2019-10-23 22:25:56,622 [Thread-909] INFO  impl.RoleInfo (RoleInfo.java:updateAndGet(143)) - 1e780629-3013-4910-b058-82bfaeb575a6: start LeaderElection
2019-10-23 22:25:56,637 [1e780629-3013-4910-b058-82bfaeb575a6@group-FF494030CC0C-LeaderElection52] INFO  impl.LeaderElection (LeaderElection.java:askForVotes(178)) - 1e780629-3013-4910-b058-82bfaeb575a6@group-FF494030CC0C-LeaderElection52: begin an election at term 53 for 0: [73b959bd-e3af-4247-b02b-6987bacc6720:192.168.34.28:45914, 1e780629-3013-4910-b058-82bfaeb575a6:192.168.34.28:46415, 22d85afd-4d4f-492d-93d6-f244982d2d2b:192.168.34.28:33618], old=null
2019-10-23 22:25:56,639 [grpc-default-executor-2] INFO  impl.RaftServerImpl (RaftServerImpl.java:setRole(184)) - 73b959bd-e3af-4247-b02b-6987bacc6720@group-FF494030CC0C: changes role from  FOLLOWER to FOLLOWER at term 53 for recognizeCandidate:1e780629-3013-4910-b058-82bfaeb575a6
2019-10-23 22:25:56,639 [grpc-default-executor-2] INFO  impl.RoleInfo (RoleInfo.java:shutdownFollowerState(121)) - 73b959bd-e3af-4247-b02b-6987bacc6720: shutdown FollowerState
2019-10-23 22:25:56,639 [grpc-default-executor-3] INFO  impl.RaftServerImpl (RaftServerImpl.java:setRole(184)) - 22d85afd-4d4f-492d-93d6-f244982d2d2b@group-FF494030CC0C: changes role from  FOLLOWER to FOLLOWER at term 53 for recognizeCandidate:1e780629-3013-4910-b058-82bfaeb575a6
2019-10-23 22:25:56,639 [grpc-default-executor-2] INFO  impl.RoleInfo (RoleInfo.java:updateAndGet(143)) - 73b959bd-e3af-4247-b02b-6987bacc6720: start FollowerState
2019-10-23 22:25:56,639 [Thread-907] INFO  impl.FollowerState (FollowerState.java:run(117)) - 73b959bd-e3af-4247-b02b-6987bacc6720@group-FF494030CC0C-FollowerState was interrupted: java.lang.InterruptedException: sleep interrupted
2019-10-23 22:25:56,639 [grpc-default-executor-3] INFO  impl.RoleInfo (RoleInfo.java:shutdownFollowerState(121)) - 22d85afd-4d4f-492d-93d6-f244982d2d2b: shutdown FollowerState
2019-10-23 22:25:56,640 [grpc-default-executor-3] INFO  impl.RoleInfo (RoleInfo.java:updateAndGet(143)) - 22d85afd-4d4f-492d-93d6-f244982d2d2b: start FollowerState
2019-10-23 22:25:56,640 [Thread-908] INFO  impl.FollowerState (FollowerState.java:run(117)) - 22d85afd-4d4f-492d-93d6-f244982d2d2b@group-FF494030CC0C-FollowerState was interrupted: java.lang.InterruptedException: sleep interrupted
2019-10-23 22:25:56,654 [1e780629-3013-4910-b058-82bfaeb575a6@group-FF494030CC0C-LeaderElection52] INFO  impl.LeaderElection (LeaderElection.java:logAndReturn(56)) - 1e780629-3013-4910-b058-82bfaeb575a6@group-FF494030CC0C-LeaderElection52: Election REJECTED; received 2 response(s) [1e780629-3013-4910-b058-82bfaeb575a6<-73b959bd-e3af-4247-b02b-6987bacc6720#0:FAIL-t53, 1e780629-3013-4910-b058-82bfaeb575a6<-22d85afd-4d4f-492d-93d6-f244982d2d2b#0:FAIL-t53] and 0 exception(s); 1e780629-3013-4910-b058-82bfaeb575a6@group-FF494030CC0C:t53, leader=null, voted=1e780629-3013-4910-b058-82bfaeb575a6, raftlog=1e780629-3013-4910-b058-82bfaeb575a6@group-FF494030CC0C-SegmentedRaftLog:OPENED:c3,f4,i4, conf=0: [73b959bd-e3af-4247-b02b-6987bacc6720:192.168.34.28:45914, 1e780629-3013-4910-b058-82bfaeb575a6:192.168.34.28:46415, 22d85afd-4d4f-492d-93d6-f244982d2d2b:192.168.34.28:33618], old=null
2019-10-23 22:25:56,654 [1e780629-3013-4910-b058-82bfaeb575a6@group-FF494030CC0C-LeaderElection52] INFO  impl.RaftServerImpl (RaftServerImpl.java:setRole(184)) - 1e780629-3013-4910-b058-82bfaeb575a6@group-FF494030CC0C: changes role from CANDIDATE to FOLLOWER at term 53 for DISCOVERED_A_NEW_TERM
2019-10-23 22:25:56,655 [1e780629-3013-4910-b058-82bfaeb575a6@group-FF494030CC0C-LeaderElection52] INFO  impl.RoleInfo (RoleInfo.java:shutdownLeaderElection(134)) - 1e780629-3013-4910-b058-82bfaeb575a6: shutdown LeaderElection
2019-10-23 22:25:56,655 [1e780629-3013-4910-b058-82bfaeb575a6@group-FF494030CC0C-LeaderElection52] INFO  impl.RoleInfo (RoleInfo.java:updateAndGet(143)) - 1e780629-3013-4910-b058-82bfaeb575a6: start FollowerState
2019-10-23 22:25:56,689 [Thread-917] INFO  impl.FollowerState (FollowerState.java:run(108)) - 1e780629-3013-4910-b058-82bfaeb575a6@group-FF494030CC0C-FollowerState: change to CANDIDATE, lastRpcTime:34ms, electionTimeout:34ms
2019-10-23 22:25:56,689 [Thread-917] INFO  impl.RoleInfo (RoleInfo.java:shutdownFollowerState(121)) - 1e780629-3013-4910-b058-82bfaeb575a6: shutdown FollowerState
2019-10-23 22:25:56,690 [Thread-917] INFO  impl.RaftServerImpl (RaftServerImpl.java:setRole(184)) - 1e780629-3013-4910-b058-82bfaeb575a6@group-FF494030CC0C: changes role from  FOLLOWER to CANDIDATE at term 53 for changeToCandidate
2019-10-23 22:25:56,690 [Thread-917] INFO  impl.RoleInfo (RoleInfo.java:updateAndGet(143)) - 1e780629-3013-4910-b058-82bfaeb575a6: start LeaderElection
2019-10-23 22:25:56,703 [1e780629-3013-4910-b058-82bfaeb575a6@group-FF494030CC0C-LeaderElection53] INFO  impl.LeaderElection (LeaderElection.java:askForVotes(178)) - 1e780629-3013-4910-b058-82bfaeb575a6@group-FF494030CC0C-LeaderElection53: begin an election at term 54 for 0: [73b959bd-e3af-4247-b02b-6987bacc6720:192.168.34.28:45914, 1e780629-3013-4910-b058-82bfaeb575a6:192.168.34.28:46415, 22d85afd-4d4f-492d-93d6-f244982d2d2b:192.168.34.28:33618], old=null
2019-10-23 22:25:56,708 [grpc-default-executor-3] INFO  impl.RaftServerImpl (RaftServerImpl.java:setRole(184)) - 73b959bd-e3af-4247-b02b-6987bacc6720@group-FF494030CC0C: changes role from  FOLLOWER to FOLLOWER at term 54 for recognizeCandidate:1e780629-3013-4910-b058-82bfaeb575a6
2019-10-23 22:25:56,708 [grpc-default-executor-2] INFO  impl.RaftServerImpl (RaftServerImpl.java:setRole(184)) - 22d85afd-4d4f-492d-93d6-f244982d2d2b@group-FF494030CC0C: changes role from  FOLLOWER to FOLLOWER at term 54 for recognizeCandidate:1e780629-3013-4910-b058-82bfaeb575a6
2019-10-23 22:25:56,708 [grpc-default-executor-3] INFO  impl.RoleInfo (RoleInfo.java:shutdownFollowerState(121)) - 73b959bd-e3af-4247-b02b-6987bacc6720: shutdown FollowerState
2019-10-23 22:25:56,709 [grpc-default-executor-2] INFO  impl.RoleInfo (RoleInfo.java:shutdownFollowerState(121)) - 22d85afd-4d4f-492d-93d6-f244982d2d2b: shutdown FollowerState
2019-10-23 22:25:56,709 [Thread-915] INFO  impl.FollowerState (FollowerState.java:run(117)) - 73b959bd-e3af-4247-b02b-6987bacc6720@group-FF494030CC0C-FollowerState was interrupted: java.lang.InterruptedException: sleep interrupted
2019-10-23 22:25:56,709 [grpc-default-executor-3] INFO  impl.RoleInfo (RoleInfo.java:updateAndGet(143)) - 73b959bd-e3af-4247-b02b-6987bacc6720: start FollowerState
2019-10-23 22:25:56,709 [grpc-default-executor-2] INFO  impl.RoleInfo (RoleInfo.java:updateAndGet(143)) - 22d85afd-4d4f-492d-93d6-f244982d2d2b: start FollowerState
2019-10-23 22:25:56,709 [Thread-916] INFO  impl.FollowerState (FollowerState.java:run(117)) - 22d85afd-4d4f-492d-93d6-f244982d2d2b@group-FF494030CC0C-FollowerState was interrupted: java.lang.InterruptedException: sleep interrupted
2019-10-23 22:25:56,721 [1e780629-3013-4910-b058-82bfaeb575a6@group-FF494030CC0C-LeaderElection53] INFO  impl.LeaderElection (LeaderElection.java:logAndReturn(56)) - 1e780629-3013-4910-b058-82bfaeb575a6@group-FF494030CC0C-LeaderElection53: Election REJECTED; received 2 response(s) [1e780629-3013-4910-b058-82bfaeb575a6<-73b959bd-e3af-4247-b02b-6987bacc6720#0:FAIL-t54, 1e780629-3013-4910-b058-82bfaeb575a6<-22d85afd-4d4f-492d-93d6-f244982d2d2b#0:FAIL-t54] and 0 exception(s); 1e780629-3013-4910-b058-82bfaeb575a6@group-FF494030CC0C:t54, leader=null, voted=1e780629-3013-4910-b058-82bfaeb575a6, raftlog=1e780629-3013-4910-b058-82bfaeb575a6@group-FF494030CC0C-SegmentedRaftLog:OPENED:c3,f4,i4, conf=0: [73b959bd-e3af-4247-b02b-6987bacc6720:192.168.34.28:45914, 1e780629-3013-4910-b058-82bfaeb575a6:192.168.34.28:46415, 22d85afd-4d4f-492d-93d6-f244982d2d2b:192.168.34.28:33618], old=null
2019-10-23 22:25:56,722 [1e780629-3013-4910-b058-82bfaeb575a6@group-FF494030CC0C-LeaderElection53] INFO  impl.RaftServerImpl (RaftServerImpl.java:setRole(184)) - 1e780629-3013-4910-b058-82bfaeb575a6@group-FF494030CC0C: changes role from CANDIDATE to FOLLOWER at term 54 for DISCOVERED_A_NEW_TERM
2019-10-23 22:25:56,722 [1e780629-3013-4910-b058-82bfaeb575a6@group-FF494030CC0C-LeaderElection53] INFO  impl.RoleInfo (RoleInfo.java:shutdownLeaderElection(134)) - 1e780629-3013-4910-b058-82bfaeb575a6: shutdown LeaderElection
2019-10-23 22:25:56,722 [1e780629-3013-4910-b058-82bfaeb575a6@group-FF494030CC0C-LeaderElection53] INFO  impl.RoleInfo (RoleInfo.java:updateAndGet(143)) - 1e780629-3013-4910-b058-82bfaeb575a6: start FollowerState
2019-10-23 22:25:56,836 [Thread-923] INFO  impl.FollowerState (FollowerState.java:run(108)) - 1e780629-3013-4910-b058-82bfaeb575a6@group-FF494030CC0C-FollowerState: change to CANDIDATE, lastRpcTime:114ms, electionTimeout:114ms
2019-10-23 22:25:56,836 [Thread-923] INFO  impl.RoleInfo (RoleInfo.java:shutdownFollowerState(121)) - 1e780629-3013-4910-b058-82bfaeb575a6: shutdown FollowerState
2019-10-23 22:25:56,837 [Thread-923] INFO  impl.RaftServerImpl (RaftServerImpl.java:setRole(184)) - 1e780629-3013-4910-b058-82bfaeb575a6@group-FF494030CC0C: changes role from  FOLLOWER to CANDIDATE at term 54 for changeToCandidate
2019-10-23 22:25:56,837 [Thread-923] INFO  impl.RoleInfo (RoleInfo.java:updateAndGet(143)) - 1e780629-3013-4910-b058-82bfaeb575a6: start LeaderElection
2019-10-23 22:25:56,851 [1e780629-3013-4910-b058-82bfaeb575a6@group-FF494030CC0C-LeaderElection54] INFO  impl.LeaderElection (LeaderElection.java:askForVotes(178)) - 1e780629-3013-4910-b058-82bfaeb575a6@group-FF494030CC0C-LeaderElection54: begin an election at term 55 for 0: [73b959bd-e3af-4247-b02b-6987bacc6720:192.168.34.28:45914, 1e780629-3013-4910-b058-82bfaeb575a6:192.168.34.28:46415, 22d85afd-4d4f-492d-93d6-f244982d2d2b:192.168.34.28:33618], old=null
2019-10-23 22:25:56,853 [grpc-default-executor-2] INFO  impl.RaftServerImpl (RaftServerImpl.java:setRole(184)) - 73b959bd-e3af-4247-b02b-6987bacc6720@group-FF494030CC0C: changes role from  FOLLOWER to FOLLOWER at term 55 for recognizeCandidate:1e780629-3013-4910-b058-82bfaeb575a6
2019-10-23 22:25:56,854 [grpc-default-executor-2] INFO  impl.RoleInfo (RoleInfo.java:shutdownFollowerState(121)) - 73b959bd-e3af-4247-b02b-6987bacc6720: shutdown FollowerState
2019-10-23 22:25:56,854 [Thread-921] INFO  impl.FollowerState (FollowerState.java:run(117)) - 73b959bd-e3af-4247-b02b-6987bacc6720@group-FF494030CC0C-FollowerState was interrupted: java.lang.InterruptedException: sleep interrupted
2019-10-23 22:25:56,854 [grpc-default-executor-2] INFO  impl.RoleInfo (RoleInfo.java:updateAndGet(143)) - 73b959bd-e3af-4247-b02b-6987bacc6720: start FollowerState
2019-10-23 22:25:56,854 [grpc-default-executor-3] INFO  impl.RaftServerImpl (RaftServerImpl.java:setRole(184)) - 22d85afd-4d4f-492d-93d6-f244982d2d2b@group-FF494030CC0C: changes role from  FOLLOWER to FOLLOWER at term 55 for recognizeCandidate:1e780629-3013-4910-b058-82bfaeb575a6
2019-10-23 22:25:56,854 [grpc-default-executor-3] INFO  impl.RoleInfo (RoleInfo.java:shutdownFollowerState(121)) - 22d85afd-4d4f-492d-93d6-f244982d2d2b: shutdown FollowerState
2019-10-23 22:25:56,855 [grpc-default-executor-3] INFO  impl.RoleInfo (RoleInfo.java:updateAndGet(143)) - 22d85afd-4d4f-492d-93d6-f244982d2d2b: start FollowerState
2019-10-23 22:25:56,855 [Thread-922] INFO  impl.FollowerState (FollowerState.java:run(117)) - 22d85afd-4d4f-492d-93d6-f244982d2d2b@group-FF494030CC0C-FollowerState was interrupted: java.lang.InterruptedException: sleep interrupted
2019-10-23 22:25:56,870 [1e780629-3013-4910-b058-82bfaeb575a6@group-FF494030CC0C-LeaderElection54] INFO  impl.LeaderElection (LeaderElection.java:logAndReturn(56)) - 1e780629-3013-4910-b058-82bfaeb575a6@group-FF494030CC0C-LeaderElection54: Election REJECTED; received 2 response(s) [1e780629-3013-4910-b058-82bfaeb575a6<-73b959bd-e3af-4247-b02b-6987bacc6720#0:FAIL-t55, 1e780629-3013-4910-b058-82bfaeb575a6<-22d85afd-4d4f-492d-93d6-f244982d2d2b#0:FAIL-t55] and 0 exception(s); 1e780629-3013-4910-b058-82bfaeb575a6@group-FF494030CC0C:t55, leader=null, voted=1e780629-3013-4910-b058-82bfaeb575a6, raftlog=1e780629-3013-4910-b058-82bfaeb575a6@group-FF494030CC0C-SegmentedRaftLog:OPENED:c3,f4,i4, conf=0: [73b959bd-e3af-4247-b02b-6987bacc6720:192.168.34.28:45914, 1e780629-3013-4910-b058-82bfaeb575a6:192.168.34.28:46415, 22d85afd-4d4f-492d-93d6-f244982d2d2b:192.168.34.28:33618], old=null
2019-10-23 22:25:56,870 [1e780629-3013-4910-b058-82bfaeb575a6@group-FF494030CC0C-LeaderElection54] INFO  impl.RaftServerImpl (RaftServerImpl.java:setRole(184)) - 1e780629-3013-4910-b058-82bfaeb575a6@group-FF494030CC0C: changes role from CANDIDATE to FOLLOWER at term 55 for DISCOVERED_A_NEW_TERM
2019-10-23 22:25:56,870 [1e780629-3013-4910-b058-82bfaeb575a6@group-FF494030CC0C-LeaderElection54] INFO  impl.RoleInfo (RoleInfo.java:shutdownLeaderElection(134)) - 1e780629-3013-4910-b058-82bfaeb575a6: shutdown LeaderElection
2019-10-23 22:25:56,870 [1e780629-3013-4910-b058-82bfaeb575a6@group-FF494030CC0C-LeaderElection54] INFO  impl.RoleInfo (RoleInfo.java:updateAndGet(143)) - 1e780629-3013-4910-b058-82bfaeb575a6: start FollowerState
2019-10-23 22:25:57,045 [Thread-930] INFO  impl.FollowerState (FollowerState.java:run(108)) - 1e780629-3013-4910-b058-82bfaeb575a6@group-FF494030CC0C-FollowerState: change to CANDIDATE, lastRpcTime:174ms, electionTimeout:174ms
2019-10-23 22:25:57,045 [Thread-930] INFO  impl.RoleInfo (RoleInfo.java:shutdownFollowerState(121)) - 1e780629-3013-4910-b058-82bfaeb575a6: shutdown FollowerState
2019-10-23 22:25:57,045 [Thread-930] INFO  impl.RaftServerImpl (RaftServerImpl.java:setRole(184)) - 1e780629-3013-4910-b058-82bfaeb575a6@group-FF494030CC0C: changes role from  FOLLOWER to CANDIDATE at term 55 for changeToCandidate
2019-10-23 22:25:57,046 [Thread-930] INFO  impl.RoleInfo (RoleInfo.java:updateAndGet(143)) - 1e780629-3013-4910-b058-82bfaeb575a6: start LeaderElection
2019-10-23 22:25:57,060 [1e780629-3013-4910-b058-82bfaeb575a6@group-FF494030CC0C-LeaderElection55] INFO  impl.LeaderElection (LeaderElection.java:askForVotes(178)) - 1e780629-3013-4910-b058-82bfaeb575a6@group-FF494030CC0C-LeaderElection55: begin an election at term 56 for 0: [73b959bd-e3af-4247-b02b-6987bacc6720:192.168.34.28:45914, 1e780629-3013-4910-b058-82bfaeb575a6:192.168.34.28:46415, 22d85afd-4d4f-492d-93d6-f244982d2d2b:192.168.34.28:33618], old=null
2019-10-23 22:25:57,066 [grpc-default-executor-2] INFO  impl.RaftServerImpl (RaftServerImpl.java:setRole(184)) - 22d85afd-4d4f-492d-93d6-f244982d2d2b@group-FF494030CC0C: changes role from  FOLLOWER to FOLLOWER at term 56 for recognizeCandidate:1e780629-3013-4910-b058-82bfaeb575a6
2019-10-23 22:25:57,066 [grpc-default-executor-2] INFO  impl.RoleInfo (RoleInfo.java:shutdownFollowerState(121)) - 22d85afd-4d4f-492d-93d6-f244982d2d2b: shutdown FollowerState
2019-10-23 22:25:57,066 [grpc-default-executor-3] INFO  impl.RaftServerImpl (RaftServerImpl.java:setRole(184)) - 73b959bd-e3af-4247-b02b-6987bacc6720@group-FF494030CC0C: changes role from  FOLLOWER to FOLLOWER at term 56 for recognizeCandidate:1e780629-3013-4910-b058-82bfaeb575a6
2019-10-23 22:25:57,066 [grpc-default-executor-2] INFO  impl.RoleInfo (RoleInfo.java:updateAndGet(143)) - 22d85afd-4d4f-492d-93d6-f244982d2d2b: start FollowerState
2019-10-23 22:25:57,066 [Thread-929] INFO  impl.FollowerState (FollowerState.java:run(117)) - 22d85afd-4d4f-492d-93d6-f244982d2d2b@group-FF494030CC0C-FollowerState was interrupted: java.lang.InterruptedException: sleep interrupted
2019-10-23 22:25:57,066 [grpc-default-executor-3] INFO  impl.RoleInfo (RoleInfo.java:shutdownFollowerState(121)) - 73b959bd-e3af-4247-b02b-6987bacc6720: shutdown FollowerState
2019-10-23 22:25:57,067 [grpc-default-executor-3] INFO  impl.RoleInfo (RoleInfo.java:updateAndGet(143)) - 73b959bd-e3af-4247-b02b-6987bacc6720: start FollowerState
2019-10-23 22:25:57,067 [Thread-928] INFO  impl.FollowerState (FollowerState.java:run(117)) - 73b959bd-e3af-4247-b02b-6987bacc6720@group-FF494030CC0C-FollowerState was interrupted: java.lang.InterruptedException: sleep interrupted
2019-10-23 22:25:57,081 [1e780629-3013-4910-b058-82bfaeb575a6@group-FF494030CC0C-LeaderElection55] INFO  impl.LeaderElection (LeaderElection.java:logAndReturn(56)) - 1e780629-3013-4910-b058-82bfaeb575a6@group-FF494030CC0C-LeaderElection55: Election REJECTED; received 2 response(s) [1e780629-3013-4910-b058-82bfaeb575a6<-73b959bd-e3af-4247-b02b-6987bacc6720#0:FAIL-t56, 1e780629-3013-4910-b058-82bfaeb575a6<-22d85afd-4d4f-492d-93d6-f244982d2d2b#0:FAIL-t56] and 0 exception(s); 1e780629-3013-4910-b058-82bfaeb575a6@group-FF494030CC0C:t56, leader=null, voted=1e780629-3013-4910-b058-82bfaeb575a6, raftlog=1e780629-3013-4910-b058-82bfaeb575a6@group-FF494030CC0C-SegmentedRaftLog:OPENED:c3,f4,i4, conf=0: [73b959bd-e3af-4247-b02b-6987bacc6720:192.168.34.28:45914, 1e780629-3013-4910-b058-82bfaeb575a6:192.168.34.28:46415, 22d85afd-4d4f-492d-93d6-f244982d2d2b:192.168.34.28:33618], old=null
2019-10-23 22:25:57,082 [1e780629-3013-4910-b058-82bfaeb575a6@group-FF494030CC0C-LeaderElection55] INFO  impl.RaftServerImpl (RaftServerImpl.java:setRole(184)) - 1e780629-3013-4910-b058-82bfaeb575a6@group-FF494030CC0C: changes role from CANDIDATE to FOLLOWER at term 56 for DISCOVERED_A_NEW_TERM
2019-10-23 22:25:57,082 [1e780629-3013-4910-b058-82bfaeb575a6@group-FF494030CC0C-LeaderElection55] INFO  impl.RoleInfo (RoleInfo.java:shutdownLeaderElection(134)) - 1e780629-3013-4910-b058-82bfaeb575a6: shutdown LeaderElection
2019-10-23 22:25:57,082 [1e780629-3013-4910-b058-82bfaeb575a6@group-FF494030CC0C-LeaderElection55] INFO  impl.RoleInfo (RoleInfo.java:updateAndGet(143)) - 1e780629-3013-4910-b058-82bfaeb575a6: start FollowerState
2019-10-23 22:25:57,096 [Thread-936] INFO  impl.FollowerState (FollowerState.java:run(108)) - 1e780629-3013-4910-b058-82bfaeb575a6@group-FF494030CC0C-FollowerState: change to CANDIDATE, lastRpcTime:13ms, electionTimeout:13ms
2019-10-23 22:25:57,096 [Thread-936] INFO  impl.RoleInfo (RoleInfo.java:shutdownFollowerState(121)) - 1e780629-3013-4910-b058-82bfaeb575a6: shutdown FollowerState
2019-10-23 22:25:57,096 [Thread-936] INFO  impl.RaftServerImpl (RaftServerImpl.java:setRole(184)) - 1e780629-3013-4910-b058-82bfaeb575a6@group-FF494030CC0C: changes role from  FOLLOWER to CANDIDATE at term 56 for changeToCandidate
2019-10-23 22:25:57,096 [Thread-936] INFO  impl.RoleInfo (RoleInfo.java:updateAndGet(143)) - 1e780629-3013-4910-b058-82bfaeb575a6: start LeaderElection
2019-10-23 22:25:57,110 [1e780629-3013-4910-b058-82bfaeb575a6@group-FF494030CC0C-LeaderElection56] INFO  impl.LeaderElection (LeaderElection.java:askForVotes(178)) - 1e780629-3013-4910-b058-82bfaeb575a6@group-FF494030CC0C-LeaderElection56: begin an election at term 57 for 0: [73b959bd-e3af-4247-b02b-6987bacc6720:192.168.34.28:45914, 1e780629-3013-4910-b058-82bfaeb575a6:192.168.34.28:46415, 22d85afd-4d4f-492d-93d6-f244982d2d2b:192.168.34.28:33618], old=null
2019-10-23 22:25:57,113 [grpc-default-executor-3] INFO  impl.RaftServerImpl (RaftServerImpl.java:setRole(184)) - 73b959bd-e3af-4247-b02b-6987bacc6720@group-FF494030CC0C: changes role from  FOLLOWER to FOLLOWER at term 57 for recognizeCandidate:1e780629-3013-4910-b058-82bfaeb575a6
2019-10-23 22:25:57,113 [grpc-default-executor-3] INFO  impl.RoleInfo (RoleInfo.java:shutdownFollowerState(121)) - 73b959bd-e3af-4247-b02b-6987bacc6720: shutdown FollowerState
2019-10-23 22:25:57,113 [grpc-default-executor-2] INFO  impl.RaftServerImpl (RaftServerImpl.java:setRole(184)) - 22d85afd-4d4f-492d-93d6-f244982d2d2b@group-FF494030CC0C: changes role from  FOLLOWER to FOLLOWER at term 57 for recognizeCandidate:1e780629-3013-4910-b058-82bfaeb575a6
2019-10-23 22:25:57,114 [Thread-935] INFO  impl.FollowerState (FollowerState.java:run(117)) - 73b959bd-e3af-4247-b02b-6987bacc6720@group-FF494030CC0C-FollowerState was interrupted: java.lang.InterruptedException: sleep interrupted
2019-10-23 22:25:57,114 [grpc-default-executor-3] INFO  impl.RoleInfo (RoleInfo.java:updateAndGet(143)) - 73b959bd-e3af-4247-b02b-6987bacc6720: start FollowerState
2019-10-23 22:25:57,114 [grpc-default-executor-2] INFO  impl.RoleInfo (RoleInfo.java:shutdownFollowerState(121)) - 22d85afd-4d4f-492d-93d6-f244982d2d2b: shutdown FollowerState
2019-10-23 22:25:57,114 [grpc-default-executor-2] INFO  impl.RoleInfo (RoleInfo.java:updateAndGet(143)) - 22d85afd-4d4f-492d-93d6-f244982d2d2b: start FollowerState
2019-10-23 22:25:57,114 [Thread-934] INFO  impl.FollowerState (FollowerState.java:run(117)) - 22d85afd-4d4f-492d-93d6-f244982d2d2b@group-FF494030CC0C-FollowerState was interrupted: java.lang.InterruptedException: sleep interrupted
2019-10-23 22:25:57,133 [1e780629-3013-4910-b058-82bfaeb575a6@group-FF494030CC0C-LeaderElection56] INFO  impl.LeaderElection (LeaderElection.java:logAndReturn(56)) - 1e780629-3013-4910-b058-82bfaeb575a6@group-FF494030CC0C-LeaderElection56: Election REJECTED; received 2 response(s) [1e780629-3013-4910-b058-82bfaeb575a6<-73b959bd-e3af-4247-b02b-6987bacc6720#0:FAIL-t57, 1e780629-3013-4910-b058-82bfaeb575a6<-22d85afd-4d4f-492d-93d6-f244982d2d2b#0:FAIL-t57] and 0 exception(s); 1e780629-3013-4910-b058-82bfaeb575a6@group-FF494030CC0C:t57, leader=null, voted=1e780629-3013-4910-b058-82bfaeb575a6, raftlog=1e780629-3013-4910-b058-82bfaeb575a6@group-FF494030CC0C-SegmentedRaftLog:OPENED:c3,f4,i4, conf=0: [73b959bd-e3af-4247-b02b-6987bacc6720:192.168.34.28:45914, 1e780629-3013-4910-b058-82bfaeb575a6:192.168.34.28:46415, 22d85afd-4d4f-492d-93d6-f244982d2d2b:192.168.34.28:33618], old=null
2019-10-23 22:25:57,135 [1e780629-3013-4910-b058-82bfaeb575a6@group-FF494030CC0C-LeaderElection56] INFO  impl.RaftServerImpl (RaftServerImpl.java:setRole(184)) - 1e780629-3013-4910-b058-82bfaeb575a6@group-FF494030CC0C: changes role from CANDIDATE to FOLLOWER at term 57 for DISCOVERED_A_NEW_TERM
2019-10-23 22:25:57,135 [1e780629-3013-4910-b058-82bfaeb575a6@group-FF494030CC0C-LeaderElection56] INFO  impl.RoleInfo (RoleInfo.java:shutdownLeaderElection(134)) - 1e780629-3013-4910-b058-82bfaeb575a6: shutdown LeaderElection
2019-10-23 22:25:57,136 [1e780629-3013-4910-b058-82bfaeb575a6@group-FF494030CC0C-LeaderElection56] INFO  impl.RoleInfo (RoleInfo.java:updateAndGet(143)) - 1e780629-3013-4910-b058-82bfaeb575a6: start FollowerState
2019-10-23 22:25:57,152 [Thread-944] INFO  client.GrpcClientProtocolService (GrpcClientProtocolService.java:lambda$processClientRequest$0(278)) - Failed RaftClientRequest:client-13138D705F93->1e780629-3013-4910-b058-82bfaeb575a6@group-FF494030CC0C, cid=10, seq=0, Watch-ALL_COMMITTED(6), Message:<EMPTY>, reply=RaftClientReply:client-13138D705F93->1e780629-3013-4910-b058-82bfaeb575a6@group-FF494030CC0C, cid=10, FAILED org.apache.ratis.protocol.NotLeaderException: Server 1e780629-3013-4910-b058-82bfaeb575a6@group-FF494030CC0C is not the leader, logIndex=0, commits[1e780629-3013-4910-b058-82bfaeb575a6:c3]
2019-10-23 22:25:57,188 [Thread-942] INFO  impl.FollowerState (FollowerState.java:run(108)) - 1e780629-3013-4910-b058-82bfaeb575a6@group-FF494030CC0C-FollowerState: change to CANDIDATE, lastRpcTime:52ms, electionTimeout:52ms
2019-10-23 22:25:57,188 [Thread-942] INFO  impl.RoleInfo (RoleInfo.java:shutdownFollowerState(121)) - 1e780629-3013-4910-b058-82bfaeb575a6: shutdown FollowerState
2019-10-23 22:25:57,189 [Thread-942] INFO  impl.RaftServerImpl (RaftServerImpl.java:setRole(184)) - 1e780629-3013-4910-b058-82bfaeb575a6@group-FF494030CC0C: changes role from  FOLLOWER to CANDIDATE at term 57 for changeToCandidate
2019-10-23 22:25:57,189 [Thread-942] INFO  impl.RoleInfo (RoleInfo.java:updateAndGet(143)) - 1e780629-3013-4910-b058-82bfaeb575a6: start LeaderElection
2019-10-23 22:25:57,203 [1e780629-3013-4910-b058-82bfaeb575a6@group-FF494030CC0C-LeaderElection57] INFO  impl.LeaderElection (LeaderElection.java:askForVotes(178)) - 1e780629-3013-4910-b058-82bfaeb575a6@group-FF494030CC0C-LeaderElection57: begin an election at term 58 for 0: [73b959bd-e3af-4247-b02b-6987bacc6720:192.168.34.28:45914, 1e780629-3013-4910-b058-82bfaeb575a6:192.168.34.28:46415, 22d85afd-4d4f-492d-93d6-f244982d2d2b:192.168.34.28:33618], old=null
2019-10-23 22:25:57,205 [grpc-default-executor-2] INFO  impl.RaftServerImpl (RaftServerImpl.java:setRole(184)) - 73b959bd-e3af-4247-b02b-6987bacc6720@group-FF494030CC0C: changes role from  FOLLOWER to FOLLOWER at term 58 for recognizeCandidate:1e780629-3013-4910-b058-82bfaeb575a6
2019-10-23 22:25:57,206 [grpc-default-executor-2] INFO  impl.RoleInfo (RoleInfo.java:shutdownFollowerState(121)) - 73b959bd-e3af-4247-b02b-6987bacc6720: shutdown FollowerState
2019-10-23 22:25:57,206 [grpc-default-executor-3] INFO  impl.RaftServerImpl (RaftServerImpl.java:setRole(184)) - 22d85afd-4d4f-492d-93d6-f244982d2d2b@group-FF494030CC0C: changes role from  FOLLOWER to FOLLOWER at term 58 for recognizeCandidate:1e780629-3013-4910-b058-82bfaeb575a6
2019-10-23 22:25:57,206 [Thread-940] INFO  impl.FollowerState (FollowerState.java:run(117)) - 73b959bd-e3af-4247-b02b-6987bacc6720@group-FF494030CC0C-FollowerState was interrupted: java.lang.InterruptedException: sleep interrupted
2019-10-23 22:25:57,206 [grpc-default-executor-2] INFO  impl.RoleInfo (RoleInfo.java:updateAndGet(143)) - 73b959bd-e3af-4247-b02b-6987bacc6720: start FollowerState
2019-10-23 22:25:57,206 [grpc-default-executor-3] INFO  impl.RoleInfo (RoleInfo.java:shutdownFollowerState(121)) - 22d85afd-4d4f-492d-93d6-f244982d2d2b: shutdown FollowerState
2019-10-23 22:25:57,207 [grpc-default-executor-3] INFO  impl.RoleInfo (RoleInfo.java:updateAndGet(143)) - 22d85afd-4d4f-492d-93d6-f244982d2d2b: start FollowerState
2019-10-23 22:25:57,207 [Thread-941] INFO  impl.FollowerState (FollowerState.java:run(117)) - 22d85afd-4d4f-492d-93d6-f244982d2d2b@group-FF494030CC0C-FollowerState was interrupted: java.lang.InterruptedException: sleep interrupted
2019-10-23 22:25:57,221 [1e780629-3013-4910-b058-82bfaeb575a6@group-FF494030CC0C-LeaderElection57] INFO  impl.LeaderElection (LeaderElection.java:logAndReturn(56)) - 1e780629-3013-4910-b058-82bfaeb575a6@group-FF494030CC0C-LeaderElection57: Election REJECTED; received 2 response(s) [1e780629-3013-4910-b058-82bfaeb575a6<-73b959bd-e3af-4247-b02b-6987bacc6720#0:FAIL-t58, 1e780629-3013-4910-b058-82bfaeb575a6<-22d85afd-4d4f-492d-93d6-f244982d2d2b#0:FAIL-t58] and 0 exception(s); 1e780629-3013-4910-b058-82bfaeb575a6@group-FF494030CC0C:t58, leader=null, voted=1e780629-3013-4910-b058-82bfaeb575a6, raftlog=1e780629-3013-4910-b058-82bfaeb575a6@group-FF494030CC0C-SegmentedRaftLog:OPENED:c3,f4,i4, conf=0: [73b959bd-e3af-4247-b02b-6987bacc6720:192.168.34.28:45914, 1e780629-3013-4910-b058-82bfaeb575a6:192.168.34.28:46415, 22d85afd-4d4f-492d-93d6-f244982d2d2b:192.168.34.28:33618], old=null
2019-10-23 22:25:57,221 [1e780629-3013-4910-b058-82bfaeb575a6@group-FF494030CC0C-LeaderElection57] INFO  impl.RaftServerImpl (RaftServerImpl.java:setRole(184)) - 1e780629-3013-4910-b058-82bfaeb575a6@group-FF494030CC0C: changes role from CANDIDATE to FOLLOWER at term 58 for DISCOVERED_A_NEW_TERM
2019-10-23 22:25:57,221 [1e780629-3013-4910-b058-82bfaeb575a6@group-FF494030CC0C-LeaderElection57] INFO  impl.RoleInfo (RoleInfo.java:shutdownLeaderElection(134)) - 1e780629-3013-4910-b058-82bfaeb575a6: shutdown LeaderElection
2019-10-23 22:25:57,221 [1e780629-3013-4910-b058-82bfaeb575a6@group-FF494030CC0C-LeaderElection57] INFO  impl.RoleInfo (RoleInfo.java:updateAndGet(143)) - 1e780629-3013-4910-b058-82bfaeb575a6: start FollowerState
2019-10-23 22:25:57,230 [Thread-951] INFO  impl.FollowerState (FollowerState.java:run(108)) - 1e780629-3013-4910-b058-82bfaeb575a6@group-FF494030CC0C-FollowerState: change to CANDIDATE, lastRpcTime:8ms, electionTimeout:8ms
2019-10-23 22:25:57,230 [Thread-951] INFO  impl.RoleInfo (RoleInfo.java:shutdownFollowerState(121)) - 1e780629-3013-4910-b058-82bfaeb575a6: shutdown FollowerState
2019-10-23 22:25:57,230 [Thread-951] INFO  impl.RaftServerImpl (RaftServerImpl.java:setRole(184)) - 1e780629-3013-4910-b058-82bfaeb575a6@group-FF494030CC0C: changes role from  FOLLOWER to CANDIDATE at term 58 for changeToCandidate
2019-10-23 22:25:57,230 [Thread-951] INFO  impl.RoleInfo (RoleInfo.java:updateAndGet(143)) - 1e780629-3013-4910-b058-82bfaeb575a6: start LeaderElection
2019-10-23 22:25:57,244 [1e780629-3013-4910-b058-82bfaeb575a6@group-FF494030CC0C-LeaderElection58] INFO  impl.LeaderElection (LeaderElection.java:askForVotes(178)) - 1e780629-3013-4910-b058-82bfaeb575a6@group-FF494030CC0C-LeaderElection58: begin an election at term 59 for 0: [73b959bd-e3af-4247-b02b-6987bacc6720:192.168.34.28:45914, 1e780629-3013-4910-b058-82bfaeb575a6:192.168.34.28:46415, 22d85afd-4d4f-492d-93d6-f244982d2d2b:192.168.34.28:33618], old=null
2019-10-23 22:25:57,246 [grpc-default-executor-3] INFO  impl.RaftServerImpl (RaftServerImpl.java:setRole(184)) - 73b959bd-e3af-4247-b02b-6987bacc6720@group-FF494030CC0C: changes role from  FOLLOWER to FOLLOWER at term 59 for recognizeCandidate:1e780629-3013-4910-b058-82bfaeb575a6
2019-10-23 22:25:57,246 [grpc-default-executor-3] INFO  impl.RoleInfo (RoleInfo.java:shutdownFollowerState(121)) - 73b959bd-e3af-4247-b02b-6987bacc6720: shutdown FollowerState
2019-10-23 22:25:57,246 [grpc-default-executor-2] INFO  impl.RaftServerImpl (RaftServerImpl.java:setRole(184)) - 22d85afd-4d4f-492d-93d6-f244982d2d2b@group-FF494030CC0C: changes role from  FOLLOWER to FOLLOWER at term 59 for recognizeCandidate:1e780629-3013-4910-b058-82bfaeb575a6
2019-10-23 22:25:57,246 [Thread-949] INFO  impl.FollowerState (FollowerState.java:run(117)) - 73b959bd-e3af-4247-b02b-6987bacc6720@group-FF494030CC0C-FollowerState was interrupted: java.lang.InterruptedException: sleep interrupted
2019-10-23 22:25:57,246 [grpc-default-executor-3] INFO  impl.RoleInfo (RoleInfo.java:updateAndGet(143)) - 73b959bd-e3af-4247-b02b-6987bacc6720: start FollowerState
2019-10-23 22:25:57,247 [grpc-default-executor-2] INFO  impl.RoleInfo (RoleInfo.java:shutdownFollowerState(121)) - 22d85afd-4d4f-492d-93d6-f244982d2d2b: shutdown FollowerState
2019-10-23 22:25:57,247 [grpc-default-executor-2] INFO  impl.RoleInfo (RoleInfo.java:updateAndGet(143)) - 22d85afd-4d4f-492d-93d6-f244982d2d2b: start FollowerState
2019-10-23 22:25:57,247 [Thread-950] INFO  impl.FollowerState (FollowerState.java:run(117)) - 22d85afd-4d4f-492d-93d6-f244982d2d2b@group-FF494030CC0C-FollowerState was interrupted: java.lang.InterruptedException: sleep interrupted
2019-10-23 22:25:57,262 [1e780629-3013-4910-b058-82bfaeb575a6@group-FF494030CC0C-LeaderElection58] INFO  impl.LeaderElection (LeaderElection.java:logAndReturn(56)) - 1e780629-3013-4910-b058-82bfaeb575a6@group-FF494030CC0C-LeaderElection58: Election REJECTED; received 2 response(s) [1e780629-3013-4910-b058-82bfaeb575a6<-73b959bd-e3af-4247-b02b-6987bacc6720#0:FAIL-t59, 1e780629-3013-4910-b058-82bfaeb575a6<-22d85afd-4d4f-492d-93d6-f244982d2d2b#0:FAIL-t59] and 0 exception(s); 1e780629-3013-4910-b058-82bfaeb575a6@group-FF494030CC0C:t59, leader=null, voted=1e780629-3013-4910-b058-82bfaeb575a6, raftlog=1e780629-3013-4910-b058-82bfaeb575a6@group-FF494030CC0C-SegmentedRaftLog:OPENED:c3,f4,i4, conf=0: [73b959bd-e3af-4247-b02b-6987bacc6720:192.168.34.28:45914, 1e780629-3013-4910-b058-82bfaeb575a6:192.168.34.28:46415, 22d85afd-4d4f-492d-93d6-f244982d2d2b:192.168.34.28:33618], old=null
2019-10-23 22:25:57,262 [1e780629-3013-4910-b058-82bfaeb575a6@group-FF494030CC0C-LeaderElection58] INFO  impl.RaftServerImpl (RaftServerImpl.java:setRole(184)) - 1e780629-3013-4910-b058-82bfaeb575a6@group-FF494030CC0C: changes role from CANDIDATE to FOLLOWER at term 59 for DISCOVERED_A_NEW_TERM
2019-10-23 22:25:57,262 [1e780629-3013-4910-b058-82bfaeb575a6@group-FF494030CC0C-LeaderElection58] INFO  impl.RoleInfo (RoleInfo.java:shutdownLeaderElection(134)) - 1e780629-3013-4910-b058-82bfaeb575a6: shutdown LeaderElection
2019-10-23 22:25:57,262 [1e780629-3013-4910-b058-82bfaeb575a6@group-FF494030CC0C-LeaderElection58] INFO  impl.RoleInfo (RoleInfo.java:updateAndGet(143)) - 1e780629-3013-4910-b058-82bfaeb575a6: start FollowerState
2019-10-23 22:25:57,281 [Thread-957] INFO  impl.FollowerState (FollowerState.java:run(108)) - 1e780629-3013-4910-b058-82bfaeb575a6@group-FF494030CC0C-FollowerState: change to CANDIDATE, lastRpcTime:18ms, electionTimeout:18ms
2019-10-23 22:25:57,281 [Thread-957] INFO  impl.RoleInfo (RoleInfo.java:shutdownFollowerState(121)) - 1e780629-3013-4910-b058-82bfaeb575a6: shutdown FollowerState
2019-10-23 22:25:57,281 [Thread-957] INFO  impl.RaftServerImpl (RaftServerImpl.java:setRole(184)) - 1e780629-3013-4910-b058-82bfaeb575a6@group-FF494030CC0C: changes role from  FOLLOWER to CANDIDATE at term 59 for changeToCandidate
2019-10-23 22:25:57,281 [Thread-957] INFO  impl.RoleInfo (RoleInfo.java:updateAndGet(143)) - 1e780629-3013-4910-b058-82bfaeb575a6: start LeaderElection
2019-10-23 22:25:57,291 [1e780629-3013-4910-b058-82bfaeb575a6@group-FF494030CC0C-LeaderElection59] INFO  impl.LeaderElection (LeaderElection.java:askForVotes(178)) - 1e780629-3013-4910-b058-82bfaeb575a6@group-FF494030CC0C-LeaderElection59: begin an election at term 60 for 0: [73b959bd-e3af-4247-b02b-6987bacc6720:192.168.34.28:45914, 1e780629-3013-4910-b058-82bfaeb575a6:192.168.34.28:46415, 22d85afd-4d4f-492d-93d6-f244982d2d2b:192.168.34.28:33618], old=null
2019-10-23 22:25:57,293 [grpc-default-executor-2] INFO  impl.RaftServerImpl (RaftServerImpl.java:setRole(184)) - 73b959bd-e3af-4247-b02b-6987bacc6720@group-FF494030CC0C: changes role from  FOLLOWER to FOLLOWER at term 60 for recognizeCandidate:1e780629-3013-4910-b058-82bfaeb575a6
2019-10-23 22:25:57,293 [grpc-default-executor-2] INFO  impl.RoleInfo (RoleInfo.java:shutdownFollowerState(121)) - 73b959bd-e3af-4247-b02b-6987bacc6720: shutdown FollowerState
2019-10-23 22:25:57,293 [grpc-default-executor-3] INFO  impl.RaftServerImpl (RaftServerImpl.java:setRole(184)) - 22d85afd-4d4f-492d-93d6-f244982d2d2b@group-FF494030CC0C: changes role from  FOLLOWER to FOLLOWER at term 60 for recognizeCandidate:1e780629-3013-4910-b058-82bfaeb575a6
2019-10-23 22:25:57,293 [grpc-default-executor-3] INFO  impl.RoleInfo (RoleInfo.java:shutdownFollowerState(121)) - 22d85afd-4d4f-492d-93d6-f244982d2d2b: shutdown FollowerState
2019-10-23 22:25:57,293 [Thread-955] INFO  impl.FollowerState (FollowerState.java:run(117)) - 73b959bd-e3af-4247-b02b-6987bacc6720@group-FF494030CC0C-FollowerState was interrupted: java.lang.InterruptedException: sleep interrupted
2019-10-23 22:25:57,293 [grpc-default-executor-2] INFO  impl.RoleInfo (RoleInfo.java:updateAndGet(143)) - 73b959bd-e3af-4247-b02b-6987bacc6720: start FollowerState
2019-10-23 22:25:57,294 [Thread-956] INFO  impl.FollowerState (FollowerState.java:run(117)) - 22d85afd-4d4f-492d-93d6-f244982d2d2b@group-FF494030CC0C-FollowerState was interrupted: java.lang.InterruptedException: sleep interrupted
2019-10-23 22:25:57,294 [grpc-default-executor-3] INFO  impl.RoleInfo (RoleInfo.java:updateAndGet(143)) - 22d85afd-4d4f-492d-93d6-f244982d2d2b: start FollowerState
2019-10-23 22:25:57,309 [1e780629-3013-4910-b058-82bfaeb575a6@group-FF494030CC0C-LeaderElection59] INFO  impl.LeaderElection (LeaderElection.java:logAndReturn(56)) - 1e780629-3013-4910-b058-82bfaeb575a6@group-FF494030CC0C-LeaderElection59: Election REJECTED; received 2 response(s) [1e780629-3013-4910-b058-82bfaeb575a6<-73b959bd-e3af-4247-b02b-6987bacc6720#0:FAIL-t60, 1e780629-3013-4910-b058-82bfaeb575a6<-22d85afd-4d4f-492d-93d6-f244982d2d2b#0:FAIL-t60] and 0 exception(s); 1e780629-3013-4910-b058-82bfaeb575a6@group-FF494030CC0C:t60, leader=null, voted=1e780629-3013-4910-b058-82bfaeb575a6, raftlog=1e780629-3013-4910-b058-82bfaeb575a6@group-FF494030CC0C-SegmentedRaftLog:OPENED:c3,f4,i4, conf=0: [73b959bd-e3af-4247-b02b-6987bacc6720:192.168.34.28:45914, 1e780629-3013-4910-b058-82bfaeb575a6:192.168.34.28:46415, 22d85afd-4d4f-492d-93d6-f244982d2d2b:192.168.34.28:33618], old=null
2019-10-23 22:25:57,310 [1e780629-3013-4910-b058-82bfaeb575a6@group-FF494030CC0C-LeaderElection59] INFO  impl.RaftServerImpl (RaftServerImpl.java:setRole(184)) - 1e780629-3013-4910-b058-82bfaeb575a6@group-FF494030CC0C: changes role from CANDIDATE to FOLLOWER at term 60 for DISCOVERED_A_NEW_TERM
2019-10-23 22:25:57,310 [1e780629-3013-4910-b058-82bfaeb575a6@group-FF494030CC0C-LeaderElection59] INFO  impl.RoleInfo (RoleInfo.java:shutdownLeaderElection(134)) - 1e780629-3013-4910-b058-82bfaeb575a6: shutdown LeaderElection
2019-10-23 22:25:57,310 [1e780629-3013-4910-b058-82bfaeb575a6@group-FF494030CC0C-LeaderElection59] INFO  impl.RoleInfo (RoleInfo.java:updateAndGet(143)) - 1e780629-3013-4910-b058-82bfaeb575a6: start FollowerState
2019-10-23 22:25:57,367 [Thread-963] INFO  impl.FollowerState (FollowerState.java:run(108)) - 1e780629-3013-4910-b058-82bfaeb575a6@group-FF494030CC0C-FollowerState: change to CANDIDATE, lastRpcTime:57ms, electionTimeout:57ms
2019-10-23 22:25:57,367 [Thread-963] INFO  impl.RoleInfo (RoleInfo.java:shutdownFollowerState(121)) - 1e780629-3013-4910-b058-82bfaeb575a6: shutdown FollowerState
2019-10-23 22:25:57,368 [Thread-963] INFO  impl.RaftServerImpl (RaftServerImpl.java:setRole(184)) - 1e780629-3013-4910-b058-82bfaeb575a6@group-FF494030CC0C: changes role from  FOLLOWER to CANDIDATE at term 60 for changeToCandidate
2019-10-23 22:25:57,368 [Thread-963] INFO  impl.RoleInfo (RoleInfo.java:updateAndGet(143)) - 1e780629-3013-4910-b058-82bfaeb575a6: start LeaderElection
2019-10-23 22:25:57,381 [1e780629-3013-4910-b058-82bfaeb575a6@group-FF494030CC0C-LeaderElection60] INFO  impl.LeaderElection (LeaderElection.java:askForVotes(178)) - 1e780629-3013-4910-b058-82bfaeb575a6@group-FF494030CC0C-LeaderElection60: begin an election at term 61 for 0: [73b959bd-e3af-4247-b02b-6987bacc6720:192.168.34.28:45914, 1e780629-3013-4910-b058-82bfaeb575a6:192.168.34.28:46415, 22d85afd-4d4f-492d-93d6-f244982d2d2b:192.168.34.28:33618], old=null
2019-10-23 22:25:57,384 [grpc-default-executor-2] INFO  impl.RaftServerImpl (RaftServerImpl.java:setRole(184)) - 73b959bd-e3af-4247-b02b-6987bacc6720@group-FF494030CC0C: changes role from  FOLLOWER to FOLLOWER at term 61 for recognizeCandidate:1e780629-3013-4910-b058-82bfaeb575a6
2019-10-23 22:25:57,384 [grpc-default-executor-2] INFO  impl.RoleInfo (RoleInfo.java:shutdownFollowerState(121)) - 73b959bd-e3af-4247-b02b-6987bacc6720: shutdown FollowerState
2019-10-23 22:25:57,384 [Thread-961] INFO  impl.FollowerState (FollowerState.java:run(117)) - 73b959bd-e3af-4247-b02b-6987bacc6720@group-FF494030CC0C-FollowerState was interrupted: java.lang.InterruptedException: sleep interrupted
2019-10-23 22:25:57,384 [grpc-default-executor-2] INFO  impl.RoleInfo (RoleInfo.java:updateAndGet(143)) - 73b959bd-e3af-4247-b02b-6987bacc6720: start FollowerState
2019-10-23 22:25:57,384 [grpc-default-executor-3] INFO  impl.RaftServerImpl (RaftServerImpl.java:setRole(184)) - 22d85afd-4d4f-492d-93d6-f244982d2d2b@group-FF494030CC0C: changes role from  FOLLOWER to FOLLOWER at term 61 for recognizeCandidate:1e780629-3013-4910-b058-82bfaeb575a6
2019-10-23 22:25:57,384 [grpc-default-executor-3] INFO  impl.RoleInfo (RoleInfo.java:shutdownFollowerState(121)) - 22d85afd-4d4f-492d-93d6-f244982d2d2b: shutdown FollowerState
2019-10-23 22:25:57,385 [grpc-default-executor-3] INFO  impl.RoleInfo (RoleInfo.java:updateAndGet(143)) - 22d85afd-4d4f-492d-93d6-f244982d2d2b: start FollowerState
2019-10-23 22:25:57,385 [Thread-962] INFO  impl.FollowerState (FollowerState.java:run(117)) - 22d85afd-4d4f-492d-93d6-f244982d2d2b@group-FF494030CC0C-FollowerState was interrupted: java.lang.InterruptedException: sleep interrupted
2019-10-23 22:25:57,399 [1e780629-3013-4910-b058-82bfaeb575a6@group-FF494030CC0C-LeaderElection60] INFO  impl.LeaderElection (LeaderElection.java:logAndReturn(56)) - 1e780629-3013-4910-b058-82bfaeb575a6@group-FF494030CC0C-LeaderElection60: Election REJECTED; received 2 response(s) [1e780629-3013-4910-b058-82bfaeb575a6<-73b959bd-e3af-4247-b02b-6987bacc6720#0:FAIL-t61, 1e780629-3013-4910-b058-82bfaeb575a6<-22d85afd-4d4f-492d-93d6-f244982d2d2b#0:FAIL-t61] and 0 exception(s); 1e780629-3013-4910-b058-82bfaeb575a6@group-FF494030CC0C:t61, leader=null, voted=1e780629-3013-4910-b058-82bfaeb575a6, raftlog=1e780629-3013-4910-b058-82bfaeb575a6@group-FF494030CC0C-SegmentedRaftLog:OPENED:c3,f4,i4, conf=0: [73b959bd-e3af-4247-b02b-6987bacc6720:192.168.34.28:45914, 1e780629-3013-4910-b058-82bfaeb575a6:192.168.34.28:46415, 22d85afd-4d4f-492d-93d6-f244982d2d2b:192.168.34.28:33618], old=null
2019-10-23 22:25:57,399 [1e780629-3013-4910-b058-82bfaeb575a6@group-FF494030CC0C-LeaderElection60] INFO  impl.RaftServerImpl (RaftServerImpl.java:setRole(184)) - 1e780629-3013-4910-b058-82bfaeb575a6@group-FF494030CC0C: changes role from CANDIDATE to FOLLOWER at term 61 for DISCOVERED_A_NEW_TERM
2019-10-23 22:25:57,399 [1e780629-3013-4910-b058-82bfaeb575a6@group-FF494030CC0C-LeaderElection60] INFO  impl.RoleInfo (RoleInfo.java:shutdownLeaderElection(134)) - 1e780629-3013-4910-b058-82bfaeb575a6: shutdown LeaderElection
2019-10-23 22:25:57,399 [1e780629-3013-4910-b058-82bfaeb575a6@group-FF494030CC0C-LeaderElection60] INFO  impl.RoleInfo (RoleInfo.java:updateAndGet(143)) - 1e780629-3013-4910-b058-82bfaeb575a6: start FollowerState
2019-10-23 22:25:57,577 [Thread-969] INFO  impl.FollowerState (FollowerState.java:run(108)) - 1e780629-3013-4910-b058-82bfaeb575a6@group-FF494030CC0C-FollowerState: change to CANDIDATE, lastRpcTime:177ms, electionTimeout:177ms
2019-10-23 22:25:57,577 [Thread-969] INFO  impl.RoleInfo (RoleInfo.java:shutdownFollowerState(121)) - 1e780629-3013-4910-b058-82bfaeb575a6: shutdown FollowerState
2019-10-23 22:25:57,577 [Thread-969] INFO  impl.RaftServerImpl (RaftServerImpl.java:setRole(184)) - 1e780629-3013-4910-b058-82bfaeb575a6@group-FF494030CC0C: changes role from  FOLLOWER to CANDIDATE at term 61 for changeToCandidate
2019-10-23 22:25:57,577 [Thread-969] INFO  impl.RoleInfo (RoleInfo.java:updateAndGet(143)) - 1e780629-3013-4910-b058-82bfaeb575a6: start LeaderElection
2019-10-23 22:25:57,595 [BlockDeletingService#2] WARN  background.BlockDeletingService (BlockDeletingService.java:isDeletionAllowed(187)) - Close Container log Index 6 is not replicated across allthe servers in the pipeline d8220d6b-da92-433e-abb5-ff494030cc0c as the min replicated index is 4. Deletion is not allowed in this container yet.
2019-10-23 22:25:57,595 [BlockDeletingService#8] WARN  background.BlockDeletingService (BlockDeletingService.java:isDeletionAllowed(187)) - Close Container log Index 6 is not replicated across allthe servers in the pipeline d8220d6b-da92-433e-abb5-ff494030cc0c as the min replicated index is 4. Deletion is not allowed in this container yet.
2019-10-23 22:25:57,603 [1e780629-3013-4910-b058-82bfaeb575a6@group-FF494030CC0C-LeaderElection61] INFO  impl.LeaderElection (LeaderElection.java:askForVotes(178)) - 1e780629-3013-4910-b058-82bfaeb575a6@group-FF494030CC0C-LeaderElection61: begin an election at term 62 for 0: [73b959bd-e3af-4247-b02b-6987bacc6720:192.168.34.28:45914, 1e780629-3013-4910-b058-82bfaeb575a6:192.168.34.28:46415, 22d85afd-4d4f-492d-93d6-f244982d2d2b:192.168.34.28:33618], old=null
2019-10-23 22:25:57,604 [1e780629-3013-4910-b058-82bfaeb575a6@group-FF494030CC0C-LeaderElection61] INFO  impl.LeaderElection (LeaderElection.java:logAndReturn(56)) - 1e780629-3013-4910-b058-82bfaeb575a6@group-FF494030CC0C-LeaderElection61: Election TIMEOUT; received 0 response(s) [] and 0 exception(s); 1e780629-3013-4910-b058-82bfaeb575a6@group-FF494030CC0C:t62, leader=null, voted=1e780629-3013-4910-b058-82bfaeb575a6, raftlog=1e780629-3013-4910-b058-82bfaeb575a6@group-FF494030CC0C-SegmentedRaftLog:OPENED:c3,f4,i4, conf=0: [73b959bd-e3af-4247-b02b-6987bacc6720:192.168.34.28:45914, 1e780629-3013-4910-b058-82bfaeb575a6:192.168.34.28:46415, 22d85afd-4d4f-492d-93d6-f244982d2d2b:192.168.34.28:33618], old=null
2019-10-23 22:25:57,606 [grpc-default-executor-2] INFO  impl.RaftServerImpl (RaftServerImpl.java:setRole(184)) - 73b959bd-e3af-4247-b02b-6987bacc6720@group-FF494030CC0C: changes role from  FOLLOWER to FOLLOWER at term 62 for recognizeCandidate:1e780629-3013-4910-b058-82bfaeb575a6
2019-10-23 22:25:57,606 [grpc-default-executor-2] INFO  impl.RoleInfo (RoleInfo.java:shutdownFollowerState(121)) - 73b959bd-e3af-4247-b02b-6987bacc6720: shutdown FollowerState
2019-10-23 22:25:57,606 [grpc-default-executor-2] INFO  impl.RoleInfo (RoleInfo.java:updateAndGet(143)) - 73b959bd-e3af-4247-b02b-6987bacc6720: start FollowerState
2019-10-23 22:25:57,606 [Thread-967] INFO  impl.FollowerState (FollowerState.java:run(117)) - 73b959bd-e3af-4247-b02b-6987bacc6720@group-FF494030CC0C-FollowerState was interrupted: java.lang.InterruptedException: sleep interrupted
2019-10-23 22:25:57,606 [grpc-default-executor-3] INFO  impl.RaftServerImpl (RaftServerImpl.java:setRole(184)) - 22d85afd-4d4f-492d-93d6-f244982d2d2b@group-FF494030CC0C: changes role from  FOLLOWER to FOLLOWER at term 62 for recognizeCandidate:1e780629-3013-4910-b058-82bfaeb575a6
2019-10-23 22:25:57,606 [grpc-default-executor-3] INFO  impl.RoleInfo (RoleInfo.java:shutdownFollowerState(121)) - 22d85afd-4d4f-492d-93d6-f244982d2d2b: shutdown FollowerState
2019-10-23 22:25:57,607 [grpc-default-executor-3] INFO  impl.RoleInfo (RoleInfo.java:updateAndGet(143)) - 22d85afd-4d4f-492d-93d6-f244982d2d2b: start FollowerState
2019-10-23 22:25:57,607 [Thread-968] INFO  impl.FollowerState (FollowerState.java:run(117)) - 22d85afd-4d4f-492d-93d6-f244982d2d2b@group-FF494030CC0C-FollowerState was interrupted: java.lang.InterruptedException: sleep interrupted
2019-10-23 22:25:57,618 [1e780629-3013-4910-b058-82bfaeb575a6@group-FF494030CC0C-LeaderElection61] INFO  impl.LeaderElection (LeaderElection.java:askForVotes(178)) - 1e780629-3013-4910-b058-82bfaeb575a6@group-FF494030CC0C-LeaderElection61: begin an election at term 63 for 0: [73b959bd-e3af-4247-b02b-6987bacc6720:192.168.34.28:45914, 1e780629-3013-4910-b058-82bfaeb575a6:192.168.34.28:46415, 22d85afd-4d4f-492d-93d6-f244982d2d2b:192.168.34.28:33618], old=null
2019-10-23 22:25:57,620 [grpc-default-executor-0] INFO  impl.RaftServerImpl (RaftServerImpl.java:setRole(184)) - 73b959bd-e3af-4247-b02b-6987bacc6720@group-FF494030CC0C: changes role from  FOLLOWER to FOLLOWER at term 63 for recognizeCandidate:1e780629-3013-4910-b058-82bfaeb575a6
2019-10-23 22:25:57,620 [grpc-default-executor-0] INFO  impl.RoleInfo (RoleInfo.java:shutdownFollowerState(121)) - 73b959bd-e3af-4247-b02b-6987bacc6720: shutdown FollowerState
2019-10-23 22:25:57,621 [Thread-975] INFO  impl.FollowerState (FollowerState.java:run(117)) - 73b959bd-e3af-4247-b02b-6987bacc6720@group-FF494030CC0C-FollowerState was interrupted: java.lang.InterruptedException: sleep interrupted
2019-10-23 22:25:57,621 [grpc-default-executor-0] INFO  impl.RoleInfo (RoleInfo.java:updateAndGet(143)) - 73b959bd-e3af-4247-b02b-6987bacc6720: start FollowerState
2019-10-23 22:25:57,622 [grpc-default-executor-3] INFO  impl.RaftServerImpl (RaftServerImpl.java:setRole(184)) - 22d85afd-4d4f-492d-93d6-f244982d2d2b@group-FF494030CC0C: changes role from  FOLLOWER to FOLLOWER at term 63 for recognizeCandidate:1e780629-3013-4910-b058-82bfaeb575a6
2019-10-23 22:25:57,622 [grpc-default-executor-3] INFO  impl.RoleInfo (RoleInfo.java:shutdownFollowerState(121)) - 22d85afd-4d4f-492d-93d6-f244982d2d2b: shutdown FollowerState
2019-10-23 22:25:57,622 [grpc-default-executor-3] INFO  impl.RoleInfo (RoleInfo.java:updateAndGet(143)) - 22d85afd-4d4f-492d-93d6-f244982d2d2b: start FollowerState
2019-10-23 22:25:57,622 [Thread-976] INFO  impl.FollowerState (FollowerState.java:run(117)) - 22d85afd-4d4f-492d-93d6-f244982d2d2b@group-FF494030CC0C-FollowerState was interrupted: java.lang.InterruptedException: sleep interrupted
2019-10-23 22:25:57,636 [1e780629-3013-4910-b058-82bfaeb575a6@group-FF494030CC0C-LeaderElection61] INFO  impl.LeaderElection (LeaderElection.java:logAndReturn(56)) - 1e780629-3013-4910-b058-82bfaeb575a6@group-FF494030CC0C-LeaderElection61: Election REJECTED; received 2 response(s) [1e780629-3013-4910-b058-82bfaeb575a6<-73b959bd-e3af-4247-b02b-6987bacc6720#0:FAIL-t63, 1e780629-3013-4910-b058-82bfaeb575a6<-22d85afd-4d4f-492d-93d6-f244982d2d2b#0:FAIL-t63] and 0 exception(s); 1e780629-3013-4910-b058-82bfaeb575a6@group-FF494030CC0C:t63, leader=null, voted=1e780629-3013-4910-b058-82bfaeb575a6, raftlog=1e780629-3013-4910-b058-82bfaeb575a6@group-FF494030CC0C-SegmentedRaftLog:OPENED:c3,f4,i4, conf=0: [73b959bd-e3af-4247-b02b-6987bacc6720:192.168.34.28:45914, 1e780629-3013-4910-b058-82bfaeb575a6:192.168.34.28:46415, 22d85afd-4d4f-492d-93d6-f244982d2d2b:192.168.34.28:33618], old=null
2019-10-23 22:25:57,636 [1e780629-3013-4910-b058-82bfaeb575a6@group-FF494030CC0C-LeaderElection61] INFO  impl.RaftServerImpl (RaftServerImpl.java:setRole(184)) - 1e780629-3013-4910-b058-82bfaeb575a6@group-FF494030CC0C: changes role from CANDIDATE to FOLLOWER at term 63 for DISCOVERED_A_NEW_TERM
2019-10-23 22:25:57,637 [1e780629-3013-4910-b058-82bfaeb575a6@group-FF494030CC0C-LeaderElection61] INFO  impl.RoleInfo (RoleInfo.java:shutdownLeaderElection(134)) - 1e780629-3013-4910-b058-82bfaeb575a6: shutdown LeaderElection
2019-10-23 22:25:57,637 [1e780629-3013-4910-b058-82bfaeb575a6@group-FF494030CC0C-LeaderElection61] INFO  impl.RoleInfo (RoleInfo.java:updateAndGet(143)) - 1e780629-3013-4910-b058-82bfaeb575a6: start FollowerState
2019-10-23 22:25:57,667 [Thread-983] INFO  impl.FollowerState (FollowerState.java:run(108)) - 1e780629-3013-4910-b058-82bfaeb575a6@group-FF494030CC0C-FollowerState: change to CANDIDATE, lastRpcTime:30ms, electionTimeout:30ms
2019-10-23 22:25:57,668 [Thread-983] INFO  impl.RoleInfo (RoleInfo.java:shutdownFollowerState(121)) - 1e780629-3013-4910-b058-82bfaeb575a6: shutdown FollowerState
2019-10-23 22:25:57,668 [Thread-983] INFO  impl.RaftServerImpl (RaftServerImpl.java:setRole(184)) - 1e780629-3013-4910-b058-82bfaeb575a6@group-FF494030CC0C: changes role from  FOLLOWER to CANDIDATE at term 63 for changeToCandidate
2019-10-23 22:25:57,668 [Thread-983] INFO  impl.RoleInfo (RoleInfo.java:updateAndGet(143)) - 1e780629-3013-4910-b058-82bfaeb575a6: start LeaderElection
2019-10-23 22:25:57,682 [1e780629-3013-4910-b058-82bfaeb575a6@group-FF494030CC0C-LeaderElection62] INFO  impl.LeaderElection (LeaderElection.java:askForVotes(178)) - 1e780629-3013-4910-b058-82bfaeb575a6@group-FF494030CC0C-LeaderElection62: begin an election at term 64 for 0: [73b959bd-e3af-4247-b02b-6987bacc6720:192.168.34.28:45914, 1e780629-3013-4910-b058-82bfaeb575a6:192.168.34.28:46415, 22d85afd-4d4f-492d-93d6-f244982d2d2b:192.168.34.28:33618], old=null
2019-10-23 22:25:57,684 [grpc-default-executor-0] INFO  impl.RaftServerImpl (RaftServerImpl.java:setRole(184)) - 73b959bd-e3af-4247-b02b-6987bacc6720@group-FF494030CC0C: changes role from  FOLLOWER to FOLLOWER at term 64 for recognizeCandidate:1e780629-3013-4910-b058-82bfaeb575a6
2019-10-23 22:25:57,684 [grpc-default-executor-0] INFO  impl.RoleInfo (RoleInfo.java:shutdownFollowerState(121)) - 73b959bd-e3af-4247-b02b-6987bacc6720: shutdown FollowerState
2019-10-23 22:25:57,685 [Thread-981] INFO  impl.FollowerState (FollowerState.java:run(117)) - 73b959bd-e3af-4247-b02b-6987bacc6720@group-FF494030CC0C-FollowerState was interrupted: java.lang.InterruptedException: sleep interrupted
2019-10-23 22:25:57,685 [grpc-default-executor-3] INFO  impl.RaftServerImpl (RaftServerImpl.java:setRole(184)) - 22d85afd-4d4f-492d-93d6-f244982d2d2b@group-FF494030CC0C: changes role from  FOLLOWER to FOLLOWER at term 64 for recognizeCandidate:1e780629-3013-4910-b058-82bfaeb575a6
2019-10-23 22:25:57,685 [grpc-default-executor-0] INFO  impl.RoleInfo (RoleInfo.java:updateAndGet(143)) - 73b959bd-e3af-4247-b02b-6987bacc6720: start FollowerState
2019-10-23 22:25:57,685 [grpc-default-executor-3] INFO  impl.RoleInfo (RoleInfo.java:shutdownFollowerState(121)) - 22d85afd-4d4f-492d-93d6-f244982d2d2b: shutdown FollowerState
2019-10-23 22:25:57,685 [grpc-default-executor-3] INFO  impl.RoleInfo (RoleInfo.java:updateAndGet(143)) - 22d85afd-4d4f-492d-93d6-f244982d2d2b: start FollowerState
2019-10-23 22:25:57,685 [Thread-982] INFO  impl.FollowerState (FollowerState.java:run(117)) - 22d85afd-4d4f-492d-93d6-f244982d2d2b@group-FF494030CC0C-FollowerState was interrupted: java.lang.InterruptedException: sleep interrupted
2019-10-23 22:25:57,700 [1e780629-3013-4910-b058-82bfaeb575a6@group-FF494030CC0C-LeaderElection62] INFO  impl.LeaderElection (LeaderElection.java:logAndReturn(56)) - 1e780629-3013-4910-b058-82bfaeb575a6@group-FF494030CC0C-LeaderElection62: Election REJECTED; received 2 response(s) [1e780629-3013-4910-b058-82bfaeb575a6<-73b959bd-e3af-4247-b02b-6987bacc6720#0:FAIL-t64, 1e780629-3013-4910-b058-82bfaeb575a6<-22d85afd-4d4f-492d-93d6-f244982d2d2b#0:FAIL-t64] and 0 exception(s); 1e780629-3013-4910-b058-82bfaeb575a6@group-FF494030CC0C:t64, leader=null, voted=1e780629-3013-4910-b058-82bfaeb575a6, raftlog=1e780629-3013-4910-b058-82bfaeb575a6@group-FF494030CC0C-SegmentedRaftLog:OPENED:c3,f4,i4, conf=0: [73b959bd-e3af-4247-b02b-6987bacc6720:192.168.34.28:45914, 1e780629-3013-4910-b058-82bfaeb575a6:192.168.34.28:46415, 22d85afd-4d4f-492d-93d6-f244982d2d2b:192.168.34.28:33618], old=null
2019-10-23 22:25:57,701 [1e780629-3013-4910-b058-82bfaeb575a6@group-FF494030CC0C-LeaderElection62] INFO  impl.RaftServerImpl (RaftServerImpl.java:setRole(184)) - 1e780629-3013-4910-b058-82bfaeb575a6@group-FF494030CC0C: changes role from CANDIDATE to FOLLOWER at term 64 for DISCOVERED_A_NEW_TERM
2019-10-23 22:25:57,701 [1e780629-3013-4910-b058-82bfaeb575a6@group-FF494030CC0C-LeaderElection62] INFO  impl.RoleInfo (RoleInfo.java:shutdownLeaderElection(134)) - 1e780629-3013-4910-b058-82bfaeb575a6: shutdown LeaderElection
2019-10-23 22:25:57,701 [1e780629-3013-4910-b058-82bfaeb575a6@group-FF494030CC0C-LeaderElection62] INFO  impl.RoleInfo (RoleInfo.java:updateAndGet(143)) - 1e780629-3013-4910-b058-82bfaeb575a6: start FollowerState
2019-10-23 22:25:57,862 [Thread-989] INFO  impl.FollowerState (FollowerState.java:run(108)) - 1e780629-3013-4910-b058-82bfaeb575a6@group-FF494030CC0C-FollowerState: change to CANDIDATE, lastRpcTime:161ms, electionTimeout:161ms
2019-10-23 22:25:57,862 [Thread-989] INFO  impl.RoleInfo (RoleInfo.java:shutdownFollowerState(121)) - 1e780629-3013-4910-b058-82bfaeb575a6: shutdown FollowerState
2019-10-23 22:25:57,863 [Thread-989] INFO  impl.RaftServerImpl (RaftServerImpl.java:setRole(184)) - 1e780629-3013-4910-b058-82bfaeb575a6@group-FF494030CC0C: changes role from  FOLLOWER to CANDIDATE at term 64 for changeToCandidate
2019-10-23 22:25:57,863 [Thread-989] INFO  impl.RoleInfo (RoleInfo.java:updateAndGet(143)) - 1e780629-3013-4910-b058-82bfaeb575a6: start LeaderElection
2019-10-23 22:25:57,881 [1e780629-3013-4910-b058-82bfaeb575a6@group-FF494030CC0C-LeaderElection63] INFO  impl.LeaderElection (LeaderElection.java:askForVotes(178)) - 1e780629-3013-4910-b058-82bfaeb575a6@group-FF494030CC0C-LeaderElection63: begin an election at term 65 for 0: [73b959bd-e3af-4247-b02b-6987bacc6720:192.168.34.28:45914, 1e780629-3013-4910-b058-82bfaeb575a6:192.168.34.28:46415, 22d85afd-4d4f-492d-93d6-f244982d2d2b:192.168.34.28:33618], old=null
2019-10-23 22:25:57,884 [grpc-default-executor-3] INFO  impl.RaftServerImpl (RaftServerImpl.java:setRole(184)) - 73b959bd-e3af-4247-b02b-6987bacc6720@group-FF494030CC0C: changes role from  FOLLOWER to FOLLOWER at term 65 for recognizeCandidate:1e780629-3013-4910-b058-82bfaeb575a6
2019-10-23 22:25:57,884 [grpc-default-executor-3] INFO  impl.RoleInfo (RoleInfo.java:shutdownFollowerState(121)) - 73b959bd-e3af-4247-b02b-6987bacc6720: shutdown FollowerState
2019-10-23 22:25:57,884 [grpc-default-executor-3] INFO  impl.RoleInfo (RoleInfo.java:updateAndGet(143)) - 73b959bd-e3af-4247-b02b-6987bacc6720: start FollowerState
2019-10-23 22:25:57,884 [grpc-default-executor-0] INFO  impl.RaftServerImpl (RaftServerImpl.java:setRole(184)) - 22d85afd-4d4f-492d-93d6-f244982d2d2b@group-FF494030CC0C: changes role from  FOLLOWER to FOLLOWER at term 65 for recognizeCandidate:1e780629-3013-4910-b058-82bfaeb575a6
2019-10-23 22:25:57,884 [Thread-987] INFO  impl.FollowerState (FollowerState.java:run(117)) - 73b959bd-e3af-4247-b02b-6987bacc6720@group-FF494030CC0C-FollowerState was interrupted: java.lang.InterruptedException: sleep interrupted
2019-10-23 22:25:57,884 [grpc-default-executor-0] INFO  impl.RoleInfo (RoleInfo.java:shutdownFollowerState(121)) - 22d85afd-4d4f-492d-93d6-f244982d2d2b: shutdown FollowerState
2019-10-23 22:25:57,885 [grpc-default-executor-0] INFO  impl.RoleInfo (RoleInfo.java:updateAndGet(143)) - 22d85afd-4d4f-492d-93d6-f244982d2d2b: start FollowerState
2019-10-23 22:25:57,885 [Thread-988] INFO  impl.FollowerState (FollowerState.java:run(117)) - 22d85afd-4d4f-492d-93d6-f244982d2d2b@group-FF494030CC0C-FollowerState was interrupted: java.lang.InterruptedException: sleep interrupted
2019-10-23 22:25:57,898 [1e780629-3013-4910-b058-82bfaeb575a6@group-FF494030CC0C-LeaderElection63] INFO  impl.LeaderElection (LeaderElection.java:logAndReturn(56)) - 1e780629-3013-4910-b058-82bfaeb575a6@group-FF494030CC0C-LeaderElection63: Election REJECTED; received 2 response(s) [1e780629-3013-4910-b058-82bfaeb575a6<-73b959bd-e3af-4247-b02b-6987bacc6720#0:FAIL-t65, 1e780629-3013-4910-b058-82bfaeb575a6<-22d85afd-4d4f-492d-93d6-f244982d2d2b#0:FAIL-t65] and 0 exception(s); 1e780629-3013-4910-b058-82bfaeb575a6@group-FF494030CC0C:t65, leader=null, voted=1e780629-3013-4910-b058-82bfaeb575a6, raftlog=1e780629-3013-4910-b058-82bfaeb575a6@group-FF494030CC0C-SegmentedRaftLog:OPENED:c3,f4,i4, conf=0: [73b959bd-e3af-4247-b02b-6987bacc6720:192.168.34.28:45914, 1e780629-3013-4910-b058-82bfaeb575a6:192.168.34.28:46415, 22d85afd-4d4f-492d-93d6-f244982d2d2b:192.168.34.28:33618], old=null
2019-10-23 22:25:57,899 [1e780629-3013-4910-b058-82bfaeb575a6@group-FF494030CC0C-LeaderElection63] INFO  impl.RaftServerImpl (RaftServerImpl.java:setRole(184)) - 1e780629-3013-4910-b058-82bfaeb575a6@group-FF494030CC0C: changes role from CANDIDATE to FOLLOWER at term 65 for DISCOVERED_A_NEW_TERM
2019-10-23 22:25:57,899 [1e780629-3013-4910-b058-82bfaeb575a6@group-FF494030CC0C-LeaderElection63] INFO  impl.RoleInfo (RoleInfo.java:shutdownLeaderElection(134)) - 1e780629-3013-4910-b058-82bfaeb575a6: shutdown LeaderElection
2019-10-23 22:25:57,899 [1e780629-3013-4910-b058-82bfaeb575a6@group-FF494030CC0C-LeaderElection63] INFO  impl.RoleInfo (RoleInfo.java:updateAndGet(143)) - 1e780629-3013-4910-b058-82bfaeb575a6: start FollowerState
2019-10-23 22:25:58,070 [Thread-996] INFO  impl.FollowerState (FollowerState.java:run(108)) - 1e780629-3013-4910-b058-82bfaeb575a6@group-FF494030CC0C-FollowerState: change to CANDIDATE, lastRpcTime:170ms, electionTimeout:170ms
2019-10-23 22:25:58,070 [Thread-996] INFO  impl.RoleInfo (RoleInfo.java:shutdownFollowerState(121)) - 1e780629-3013-4910-b058-82bfaeb575a6: shutdown FollowerState
2019-10-23 22:25:58,070 [Thread-996] INFO  impl.RaftServerImpl (RaftServerImpl.java:setRole(184)) - 1e780629-3013-4910-b058-82bfaeb575a6@group-FF494030CC0C: changes role from  FOLLOWER to CANDIDATE at term 65 for changeToCandidate
2019-10-23 22:25:58,070 [Thread-996] INFO  impl.RoleInfo (RoleInfo.java:updateAndGet(143)) - 1e780629-3013-4910-b058-82bfaeb575a6: start LeaderElection
2019-10-23 22:25:58,084 [1e780629-3013-4910-b058-82bfaeb575a6@group-FF494030CC0C-LeaderElection64] INFO  impl.LeaderElection (LeaderElection.java:askForVotes(178)) - 1e780629-3013-4910-b058-82bfaeb575a6@group-FF494030CC0C-LeaderElection64: begin an election at term 66 for 0: [73b959bd-e3af-4247-b02b-6987bacc6720:192.168.34.28:45914, 1e780629-3013-4910-b058-82bfaeb575a6:192.168.34.28:46415, 22d85afd-4d4f-492d-93d6-f244982d2d2b:192.168.34.28:33618], old=null
2019-10-23 22:25:58,086 [grpc-default-executor-3] INFO  impl.RaftServerImpl (RaftServerImpl.java:setRole(184)) - 73b959bd-e3af-4247-b02b-6987bacc6720@group-FF494030CC0C: changes role from  FOLLOWER to FOLLOWER at term 66 for recognizeCandidate:1e780629-3013-4910-b058-82bfaeb575a6
2019-10-23 22:25:58,087 [grpc-default-executor-3] INFO  impl.RoleInfo (RoleInfo.java:shutdownFollowerState(121)) - 73b959bd-e3af-4247-b02b-6987bacc6720: shutdown FollowerState
2019-10-23 22:25:58,087 [grpc-default-executor-3] INFO  impl.RoleInfo (RoleInfo.java:updateAndGet(143)) - 73b959bd-e3af-4247-b02b-6987bacc6720: start FollowerState
2019-10-23 22:25:58,087 [grpc-default-executor-0] INFO  impl.RaftServerImpl (RaftServerImpl.java:setRole(184)) - 22d85afd-4d4f-492d-93d6-f244982d2d2b@group-FF494030CC0C: changes role from  FOLLOWER to FOLLOWER at term 66 for recognizeCandidate:1e780629-3013-4910-b058-82bfaeb575a6
2019-10-23 22:25:58,087 [Thread-994] INFO  impl.FollowerState (FollowerState.java:run(117)) - 73b959bd-e3af-4247-b02b-6987bacc6720@group-FF494030CC0C-FollowerState was interrupted: java.lang.InterruptedException: sleep interrupted
2019-10-23 22:25:58,087 [grpc-default-executor-0] INFO  impl.RoleInfo (RoleInfo.java:shutdownFollowerState(121)) - 22d85afd-4d4f-492d-93d6-f244982d2d2b: shutdown FollowerState
2019-10-23 22:25:58,088 [grpc-default-executor-0] INFO  impl.RoleInfo (RoleInfo.java:updateAndGet(143)) - 22d85afd-4d4f-492d-93d6-f244982d2d2b: start FollowerState
2019-10-23 22:25:58,088 [Thread-995] INFO  impl.FollowerState (FollowerState.java:run(117)) - 22d85afd-4d4f-492d-93d6-f244982d2d2b@group-FF494030CC0C-FollowerState was interrupted: java.lang.InterruptedException: sleep interrupted
2019-10-23 22:25:58,102 [1e780629-3013-4910-b058-82bfaeb575a6@group-FF494030CC0C-LeaderElection64] INFO  impl.LeaderElection (LeaderElection.java:logAndReturn(56)) - 1e780629-3013-4910-b058-82bfaeb575a6@group-FF494030CC0C-LeaderElection64: Election REJECTED; received 2 response(s) [1e780629-3013-4910-b058-82bfaeb575a6<-73b959bd-e3af-4247-b02b-6987bacc6720#0:FAIL-t66, 1e780629-3013-4910-b058-82bfaeb575a6<-22d85afd-4d4f-492d-93d6-f244982d2d2b#0:FAIL-t66] and 0 exception(s); 1e780629-3013-4910-b058-82bfaeb575a6@group-FF494030CC0C:t66, leader=null, voted=1e780629-3013-4910-b058-82bfaeb575a6, raftlog=1e780629-3013-4910-b058-82bfaeb575a6@group-FF494030CC0C-SegmentedRaftLog:OPENED:c3,f4,i4, conf=0: [73b959bd-e3af-4247-b02b-6987bacc6720:192.168.34.28:45914, 1e780629-3013-4910-b058-82bfaeb575a6:192.168.34.28:46415, 22d85afd-4d4f-492d-93d6-f244982d2d2b:192.168.34.28:33618], old=null
2019-10-23 22:25:58,103 [1e780629-3013-4910-b058-82bfaeb575a6@group-FF494030CC0C-LeaderElection64] INFO  impl.RaftServerImpl (RaftServerImpl.java:setRole(184)) - 1e780629-3013-4910-b058-82bfaeb575a6@group-FF494030CC0C: changes role from CANDIDATE to FOLLOWER at term 66 for DISCOVERED_A_NEW_TERM
2019-10-23 22:25:58,103 [1e780629-3013-4910-b058-82bfaeb575a6@group-FF494030CC0C-LeaderElection64] INFO  impl.RoleInfo (RoleInfo.java:shutdownLeaderElection(134)) - 1e780629-3013-4910-b058-82bfaeb575a6: shutdown LeaderElection
2019-10-23 22:25:58,103 [1e780629-3013-4910-b058-82bfaeb575a6@group-FF494030CC0C-LeaderElection64] INFO  impl.RoleInfo (RoleInfo.java:updateAndGet(143)) - 1e780629-3013-4910-b058-82bfaeb575a6: start FollowerState
2019-10-23 22:25:58,169 [Thread-1004] INFO  client.GrpcClientProtocolService (GrpcClientProtocolService.java:lambda$processClientRequest$0(278)) - Failed RaftClientRequest:client-13138D705F93->73b959bd-e3af-4247-b02b-6987bacc6720@group-FF494030CC0C, cid=10, seq=0, Watch-ALL_COMMITTED(6), Message:<EMPTY>, reply=RaftClientReply:client-13138D705F93->73b959bd-e3af-4247-b02b-6987bacc6720@group-FF494030CC0C, cid=10, FAILED org.apache.ratis.protocol.NotLeaderException: Server 73b959bd-e3af-4247-b02b-6987bacc6720@group-FF494030CC0C is not the leader, logIndex=0, commits[73b959bd-e3af-4247-b02b-6987bacc6720:c10, 1e780629-3013-4910-b058-82bfaeb575a6:c4, 22d85afd-4d4f-492d-93d6-f244982d2d2b:c10]
2019-10-23 22:25:58,179 [Thread-1002] INFO  impl.FollowerState (FollowerState.java:run(108)) - 1e780629-3013-4910-b058-82bfaeb575a6@group-FF494030CC0C-FollowerState: change to CANDIDATE, lastRpcTime:76ms, electionTimeout:75ms
2019-10-23 22:25:58,179 [Thread-1002] INFO  impl.RoleInfo (RoleInfo.java:shutdownFollowerState(121)) - 1e780629-3013-4910-b058-82bfaeb575a6: shutdown FollowerState
2019-10-23 22:25:58,180 [Thread-1002] INFO  impl.RaftServerImpl (RaftServerImpl.java:setRole(184)) - 1e780629-3013-4910-b058-82bfaeb575a6@group-FF494030CC0C: changes role from  FOLLOWER to CANDIDATE at term 66 for changeToCandidate
2019-10-23 22:25:58,180 [Thread-1002] INFO  impl.RoleInfo (RoleInfo.java:updateAndGet(143)) - 1e780629-3013-4910-b058-82bfaeb575a6: start LeaderElection
2019-10-23 22:25:58,193 [1e780629-3013-4910-b058-82bfaeb575a6@group-FF494030CC0C-LeaderElection65] INFO  impl.LeaderElection (LeaderElection.java:askForVotes(178)) - 1e780629-3013-4910-b058-82bfaeb575a6@group-FF494030CC0C-LeaderElection65: begin an election at term 67 for 0: [73b959bd-e3af-4247-b02b-6987bacc6720:192.168.34.28:45914, 1e780629-3013-4910-b058-82bfaeb575a6:192.168.34.28:46415, 22d85afd-4d4f-492d-93d6-f244982d2d2b:192.168.34.28:33618], old=null
2019-10-23 22:25:58,196 [grpc-default-executor-0] INFO  impl.RaftServerImpl (RaftServerImpl.java:setRole(184)) - 73b959bd-e3af-4247-b02b-6987bacc6720@group-FF494030CC0C: changes role from  FOLLOWER to FOLLOWER at term 67 for recognizeCandidate:1e780629-3013-4910-b058-82bfaeb575a6
2019-10-23 22:25:58,196 [grpc-default-executor-0] INFO  impl.RoleInfo (RoleInfo.java:shutdownFollowerState(121)) - 73b959bd-e3af-4247-b02b-6987bacc6720: shutdown FollowerState
2019-10-23 22:25:58,196 [grpc-default-executor-3] INFO  impl.RaftServerImpl (RaftServerImpl.java:setRole(184)) - 22d85afd-4d4f-492d-93d6-f244982d2d2b@group-FF494030CC0C: changes role from  FOLLOWER to FOLLOWER at term 67 for recognizeCandidate:1e780629-3013-4910-b058-82bfaeb575a6
2019-10-23 22:25:58,196 [Thread-1000] INFO  impl.FollowerState (FollowerState.java:run(117)) - 73b959bd-e3af-4247-b02b-6987bacc6720@group-FF494030CC0C-FollowerState was interrupted: java.lang.InterruptedException: sleep interrupted
2019-10-23 22:25:58,196 [grpc-default-executor-0] INFO  impl.RoleInfo (RoleInfo.java:updateAndGet(143)) - 73b959bd-e3af-4247-b02b-6987bacc6720: start FollowerState
2019-10-23 22:25:58,196 [grpc-default-executor-3] INFO  impl.RoleInfo (RoleInfo.java:shutdownFollowerState(121)) - 22d85afd-4d4f-492d-93d6-f244982d2d2b: shutdown FollowerState
2019-10-23 22:25:58,197 [grpc-default-executor-3] INFO  impl.RoleInfo (RoleInfo.java:updateAndGet(143)) - 22d85afd-4d4f-492d-93d6-f244982d2d2b: start FollowerState
2019-10-23 22:25:58,197 [Thread-1001] INFO  impl.FollowerState (FollowerState.java:run(117)) - 22d85afd-4d4f-492d-93d6-f244982d2d2b@group-FF494030CC0C-FollowerState was interrupted: java.lang.InterruptedException: sleep interrupted
2019-10-23 22:25:58,211 [1e780629-3013-4910-b058-82bfaeb575a6@group-FF494030CC0C-LeaderElection65] INFO  impl.LeaderElection (LeaderElection.java:logAndReturn(56)) - 1e780629-3013-4910-b058-82bfaeb575a6@group-FF494030CC0C-LeaderElection65: Election REJECTED; received 2 response(s) [1e780629-3013-4910-b058-82bfaeb575a6<-73b959bd-e3af-4247-b02b-6987bacc6720#0:FAIL-t67, 1e780629-3013-4910-b058-82bfaeb575a6<-22d85afd-4d4f-492d-93d6-f244982d2d2b#0:FAIL-t67] and 0 exception(s); 1e780629-3013-4910-b058-82bfaeb575a6@group-FF494030CC0C:t67, leader=null, voted=1e780629-3013-4910-b058-82bfaeb575a6, raftlog=1e780629-3013-4910-b058-82bfaeb575a6@group-FF494030CC0C-SegmentedRaftLog:OPENED:c3,f4,i4, conf=0: [73b959bd-e3af-4247-b02b-6987bacc6720:192.168.34.28:45914, 1e780629-3013-4910-b058-82bfaeb575a6:192.168.34.28:46415, 22d85afd-4d4f-492d-93d6-f244982d2d2b:192.168.34.28:33618], old=null
2019-10-23 22:25:58,211 [1e780629-3013-4910-b058-82bfaeb575a6@group-FF494030CC0C-LeaderElection65] INFO  impl.RaftServerImpl (RaftServerImpl.java:setRole(184)) - 1e780629-3013-4910-b058-82bfaeb575a6@group-FF494030CC0C: changes role from CANDIDATE to FOLLOWER at term 67 for DISCOVERED_A_NEW_TERM
2019-10-23 22:25:58,212 [1e780629-3013-4910-b058-82bfaeb575a6@group-FF494030CC0C-LeaderElection65] INFO  impl.RoleInfo (RoleInfo.java:shutdownLeaderElection(134)) - 1e780629-3013-4910-b058-82bfaeb575a6: shutdown LeaderElection
2019-10-23 22:25:58,212 [1e780629-3013-4910-b058-82bfaeb575a6@group-FF494030CC0C-LeaderElection65] INFO  impl.RoleInfo (RoleInfo.java:updateAndGet(143)) - 1e780629-3013-4910-b058-82bfaeb575a6: start FollowerState
2019-10-23 22:25:58,247 [Thread-1011] INFO  impl.FollowerState (FollowerState.java:run(108)) - 1e780629-3013-4910-b058-82bfaeb575a6@group-FF494030CC0C-FollowerState: change to CANDIDATE, lastRpcTime:35ms, electionTimeout:35ms
2019-10-23 22:25:58,247 [Thread-1011] INFO  impl.RoleInfo (RoleInfo.java:shutdownFollowerState(121)) - 1e780629-3013-4910-b058-82bfaeb575a6: shutdown FollowerState
2019-10-23 22:25:58,248 [Thread-1011] INFO  impl.RaftServerImpl (RaftServerImpl.java:setRole(184)) - 1e780629-3013-4910-b058-82bfaeb575a6@group-FF494030CC0C: changes role from  FOLLOWER to CANDIDATE at term 67 for changeToCandidate
2019-10-23 22:25:58,248 [Thread-1011] INFO  impl.RoleInfo (RoleInfo.java:updateAndGet(143)) - 1e780629-3013-4910-b058-82bfaeb575a6: start LeaderElection
2019-10-23 22:25:58,261 [1e780629-3013-4910-b058-82bfaeb575a6@group-FF494030CC0C-LeaderElection66] INFO  impl.LeaderElection (LeaderElection.java:askForVotes(178)) - 1e780629-3013-4910-b058-82bfaeb575a6@group-FF494030CC0C-LeaderElection66: begin an election at term 68 for 0: [73b959bd-e3af-4247-b02b-6987bacc6720:192.168.34.28:45914, 1e780629-3013-4910-b058-82bfaeb575a6:192.168.34.28:46415, 22d85afd-4d4f-492d-93d6-f244982d2d2b:192.168.34.28:33618], old=null
2019-10-23 22:25:58,263 [grpc-default-executor-0] INFO  impl.RaftServerImpl (RaftServerImpl.java:setRole(184)) - 73b959bd-e3af-4247-b02b-6987bacc6720@group-FF494030CC0C: changes role from  FOLLOWER to FOLLOWER at term 68 for recognizeCandidate:1e780629-3013-4910-b058-82bfaeb575a6
2019-10-23 22:25:58,264 [grpc-default-executor-0] INFO  impl.RoleInfo (RoleInfo.java:shutdownFollowerState(121)) - 73b959bd-e3af-4247-b02b-6987bacc6720: shutdown FollowerState
2019-10-23 22:25:58,264 [grpc-default-executor-3] INFO  impl.RaftServerImpl (RaftServerImpl.java:setRole(184)) - 22d85afd-4d4f-492d-93d6-f244982d2d2b@group-FF494030CC0C: changes role from  FOLLOWER to FOLLOWER at term 68 for recognizeCandidate:1e780629-3013-4910-b058-82bfaeb575a6
2019-10-23 22:25:58,264 [grpc-default-executor-3] INFO  impl.RoleInfo (RoleInfo.java:shutdownFollowerState(121)) - 22d85afd-4d4f-492d-93d6-f244982d2d2b: shutdown FollowerState
2019-10-23 22:25:58,264 [Thread-1009] INFO  impl.FollowerState (FollowerState.java:run(117)) - 73b959bd-e3af-4247-b02b-6987bacc6720@group-FF494030CC0C-FollowerState was interrupted: java.lang.InterruptedException: sleep interrupted
2019-10-23 22:25:58,264 [grpc-default-executor-0] INFO  impl.RoleInfo (RoleInfo.java:updateAndGet(143)) - 73b959bd-e3af-4247-b02b-6987bacc6720: start FollowerState
2019-10-23 22:25:58,264 [Thread-1010] INFO  impl.FollowerState (FollowerState.java:run(117)) - 22d85afd-4d4f-492d-93d6-f244982d2d2b@group-FF494030CC0C-FollowerState was interrupted: java.lang.InterruptedException: sleep interrupted
2019-10-23 22:25:58,264 [grpc-default-executor-3] INFO  impl.RoleInfo (RoleInfo.java:updateAndGet(143)) - 22d85afd-4d4f-492d-93d6-f244982d2d2b: start FollowerState
2019-10-23 22:25:58,279 [1e780629-3013-4910-b058-82bfaeb575a6@group-FF494030CC0C-LeaderElection66] INFO  impl.LeaderElection (LeaderElection.java:logAndReturn(56)) - 1e780629-3013-4910-b058-82bfaeb575a6@group-FF494030CC0C-LeaderElection66: Election REJECTED; received 2 response(s) [1e780629-3013-4910-b058-82bfaeb575a6<-73b959bd-e3af-4247-b02b-6987bacc6720#0:FAIL-t68, 1e780629-3013-4910-b058-82bfaeb575a6<-22d85afd-4d4f-492d-93d6-f244982d2d2b#0:FAIL-t68] and 0 exception(s); 1e780629-3013-4910-b058-82bfaeb575a6@group-FF494030CC0C:t68, leader=null, voted=1e780629-3013-4910-b058-82bfaeb575a6, raftlog=1e780629-3013-4910-b058-82bfaeb575a6@group-FF494030CC0C-SegmentedRaftLog:OPENED:c3,f4,i4, conf=0: [73b959bd-e3af-4247-b02b-6987bacc6720:192.168.34.28:45914, 1e780629-3013-4910-b058-82bfaeb575a6:192.168.34.28:46415, 22d85afd-4d4f-492d-93d6-f244982d2d2b:192.168.34.28:33618], old=null
2019-10-23 22:25:58,279 [1e780629-3013-4910-b058-82bfaeb575a6@group-FF494030CC0C-LeaderElection66] INFO  impl.RaftServerImpl (RaftServerImpl.java:setRole(184)) - 1e780629-3013-4910-b058-82bfaeb575a6@group-FF494030CC0C: changes role from CANDIDATE to FOLLOWER at term 68 for DISCOVERED_A_NEW_TERM
2019-10-23 22:25:58,279 [1e780629-3013-4910-b058-82bfaeb575a6@group-FF494030CC0C-LeaderElection66] INFO  impl.RoleInfo (RoleInfo.java:shutdownLeaderElection(134)) - 1e780629-3013-4910-b058-82bfaeb575a6: shutdown LeaderElection
2019-10-23 22:25:58,279 [1e780629-3013-4910-b058-82bfaeb575a6@group-FF494030CC0C-LeaderElection66] INFO  impl.RoleInfo (RoleInfo.java:updateAndGet(143)) - 1e780629-3013-4910-b058-82bfaeb575a6: start FollowerState
2019-10-23 22:25:58,410 [Thread-1017] INFO  impl.FollowerState (FollowerState.java:run(108)) - 1e780629-3013-4910-b058-82bfaeb575a6@group-FF494030CC0C-FollowerState: change to CANDIDATE, lastRpcTime:130ms, electionTimeout:130ms
2019-10-23 22:25:58,410 [Thread-1017] INFO  impl.RoleInfo (RoleInfo.java:shutdownFollowerState(121)) - 1e780629-3013-4910-b058-82bfaeb575a6: shutdown FollowerState
2019-10-23 22:25:58,410 [Thread-1017] INFO  impl.RaftServerImpl (RaftServerImpl.java:setRole(184)) - 1e780629-3013-4910-b058-82bfaeb575a6@group-FF494030CC0C: changes role from  FOLLOWER to CANDIDATE at term 68 for changeToCandidate
2019-10-23 22:25:58,410 [Thread-1017] INFO  impl.RoleInfo (RoleInfo.java:updateAndGet(143)) - 1e780629-3013-4910-b058-82bfaeb575a6: start LeaderElection
2019-10-23 22:25:58,436 [1e780629-3013-4910-b058-82bfaeb575a6@group-FF494030CC0C-LeaderElection67] INFO  impl.LeaderElection (LeaderElection.java:askForVotes(178)) - 1e780629-3013-4910-b058-82bfaeb575a6@group-FF494030CC0C-LeaderElection67: begin an election at term 69 for 0: [73b959bd-e3af-4247-b02b-6987bacc6720:192.168.34.28:45914, 1e780629-3013-4910-b058-82bfaeb575a6:192.168.34.28:46415, 22d85afd-4d4f-492d-93d6-f244982d2d2b:192.168.34.28:33618], old=null
2019-10-23 22:25:58,439 [grpc-default-executor-0] INFO  impl.RaftServerImpl (RaftServerImpl.java:setRole(184)) - 73b959bd-e3af-4247-b02b-6987bacc6720@group-FF494030CC0C: changes role from  FOLLOWER to FOLLOWER at term 69 for recognizeCandidate:1e780629-3013-4910-b058-82bfaeb575a6
2019-10-23 22:25:58,439 [grpc-default-executor-3] INFO  impl.RaftServerImpl (RaftServerImpl.java:setRole(184)) - 22d85afd-4d4f-492d-93d6-f244982d2d2b@group-FF494030CC0C: changes role from  FOLLOWER to FOLLOWER at term 69 for recognizeCandidate:1e780629-3013-4910-b058-82bfaeb575a6
2019-10-23 22:25:58,439 [grpc-default-executor-0] INFO  impl.RoleInfo (RoleInfo.java:shutdownFollowerState(121)) - 73b959bd-e3af-4247-b02b-6987bacc6720: shutdown FollowerState
2019-10-23 22:25:58,439 [grpc-default-executor-3] INFO  impl.RoleInfo (RoleInfo.java:shutdownFollowerState(121)) - 22d85afd-4d4f-492d-93d6-f244982d2d2b: shutdown FollowerState
2019-10-23 22:25:58,440 [Thread-1015] INFO  impl.FollowerState (FollowerState.java:run(117)) - 73b959bd-e3af-4247-b02b-6987bacc6720@group-FF494030CC0C-FollowerState was interrupted: java.lang.InterruptedException: sleep interrupted
2019-10-23 22:25:58,440 [grpc-default-executor-3] INFO  impl.RoleInfo (RoleInfo.java:updateAndGet(143)) - 22d85afd-4d4f-492d-93d6-f244982d2d2b: start FollowerState
2019-10-23 22:25:58,439 [grpc-default-executor-0] INFO  impl.RoleInfo (RoleInfo.java:updateAndGet(143)) - 73b959bd-e3af-4247-b02b-6987bacc6720: start FollowerState
2019-10-23 22:25:58,440 [Thread-1016] INFO  impl.FollowerState (FollowerState.java:run(117)) - 22d85afd-4d4f-492d-93d6-f244982d2d2b@group-FF494030CC0C-FollowerState was interrupted: java.lang.InterruptedException: sleep interrupted
2019-10-23 22:25:58,450 [1e780629-3013-4910-b058-82bfaeb575a6@group-FF494030CC0C-LeaderElection67] INFO  impl.LeaderElection (LeaderElection.java:logAndReturn(56)) - 1e780629-3013-4910-b058-82bfaeb575a6@group-FF494030CC0C-LeaderElection67: Election REJECTED; received 2 response(s) [1e780629-3013-4910-b058-82bfaeb575a6<-73b959bd-e3af-4247-b02b-6987bacc6720#0:FAIL-t69, 1e780629-3013-4910-b058-82bfaeb575a6<-22d85afd-4d4f-492d-93d6-f244982d2d2b#0:FAIL-t69] and 0 exception(s); 1e780629-3013-4910-b058-82bfaeb575a6@group-FF494030CC0C:t69, leader=null, voted=1e780629-3013-4910-b058-82bfaeb575a6, raftlog=1e780629-3013-4910-b058-82bfaeb575a6@group-FF494030CC0C-SegmentedRaftLog:OPENED:c3,f4,i4, conf=0: [73b959bd-e3af-4247-b02b-6987bacc6720:192.168.34.28:45914, 1e780629-3013-4910-b058-82bfaeb575a6:192.168.34.28:46415, 22d85afd-4d4f-492d-93d6-f244982d2d2b:192.168.34.28:33618], old=null
2019-10-23 22:25:58,450 [1e780629-3013-4910-b058-82bfaeb575a6@group-FF494030CC0C-LeaderElection67] INFO  impl.RaftServerImpl (RaftServerImpl.java:setRole(184)) - 1e780629-3013-4910-b058-82bfaeb575a6@group-FF494030CC0C: changes role from CANDIDATE to FOLLOWER at term 69 for DISCOVERED_A_NEW_TERM
2019-10-23 22:25:58,450 [1e780629-3013-4910-b058-82bfaeb575a6@group-FF494030CC0C-LeaderElection67] INFO  impl.RoleInfo (RoleInfo.java:shutdownLeaderElection(134)) - 1e780629-3013-4910-b058-82bfaeb575a6: shutdown LeaderElection
2019-10-23 22:25:58,450 [1e780629-3013-4910-b058-82bfaeb575a6@group-FF494030CC0C-LeaderElection67] INFO  impl.RoleInfo (RoleInfo.java:updateAndGet(143)) - 1e780629-3013-4910-b058-82bfaeb575a6: start FollowerState
2019-10-23 22:25:58,580 [Thread-1023] INFO  impl.FollowerState (FollowerState.java:run(108)) - 1e780629-3013-4910-b058-82bfaeb575a6@group-FF494030CC0C-FollowerState: change to CANDIDATE, lastRpcTime:129ms, electionTimeout:129ms
2019-10-23 22:25:58,580 [Thread-1023] INFO  impl.RoleInfo (RoleInfo.java:shutdownFollowerState(121)) - 1e780629-3013-4910-b058-82bfaeb575a6: shutdown FollowerState
2019-10-23 22:25:58,580 [Thread-1023] INFO  impl.RaftServerImpl (RaftServerImpl.java:setRole(184)) - 1e780629-3013-4910-b058-82bfaeb575a6@group-FF494030CC0C: changes role from  FOLLOWER to CANDIDATE at term 69 for changeToCandidate
2019-10-23 22:25:58,580 [Thread-1023] INFO  impl.RoleInfo (RoleInfo.java:updateAndGet(143)) - 1e780629-3013-4910-b058-82bfaeb575a6: start LeaderElection
2019-10-23 22:25:58,594 [1e780629-3013-4910-b058-82bfaeb575a6@group-FF494030CC0C-LeaderElection68] INFO  impl.LeaderElection (LeaderElection.java:askForVotes(178)) - 1e780629-3013-4910-b058-82bfaeb575a6@group-FF494030CC0C-LeaderElection68: begin an election at term 70 for 0: [73b959bd-e3af-4247-b02b-6987bacc6720:192.168.34.28:45914, 1e780629-3013-4910-b058-82bfaeb575a6:192.168.34.28:46415, 22d85afd-4d4f-492d-93d6-f244982d2d2b:192.168.34.28:33618], old=null
2019-10-23 22:25:58,597 [BlockDeletingService#2] WARN  background.BlockDeletingService (BlockDeletingService.java:isDeletionAllowed(187)) - Close Container log Index 6 is not replicated across allthe servers in the pipeline d8220d6b-da92-433e-abb5-ff494030cc0c as the min replicated index is 4. Deletion is not allowed in this container yet.
2019-10-23 22:25:58,597 [grpc-default-executor-3] INFO  impl.RaftServerImpl (RaftServerImpl.java:setRole(184)) - 22d85afd-4d4f-492d-93d6-f244982d2d2b@group-FF494030CC0C: changes role from  FOLLOWER to FOLLOWER at term 70 for recognizeCandidate:1e780629-3013-4910-b058-82bfaeb575a6
2019-10-23 22:25:58,597 [BlockDeletingService#8] WARN  background.BlockDeletingService (BlockDeletingService.java:isDeletionAllowed(187)) - Close Container log Index 6 is not replicated across allthe servers in the pipeline d8220d6b-da92-433e-abb5-ff494030cc0c as the min replicated index is 4. Deletion is not allowed in this container yet.
2019-10-23 22:25:58,597 [grpc-default-executor-0] INFO  impl.RaftServerImpl (RaftServerImpl.java:setRole(184)) - 73b959bd-e3af-4247-b02b-6987bacc6720@group-FF494030CC0C: changes role from  FOLLOWER to FOLLOWER at term 70 for recognizeCandidate:1e780629-3013-4910-b058-82bfaeb575a6
2019-10-23 22:25:58,597 [grpc-default-executor-3] INFO  impl.RoleInfo (RoleInfo.java:shutdownFollowerState(121)) - 22d85afd-4d4f-492d-93d6-f244982d2d2b: shutdown FollowerState
2019-10-23 22:25:58,598 [grpc-default-executor-0] INFO  impl.RoleInfo (RoleInfo.java:shutdownFollowerState(121)) - 73b959bd-e3af-4247-b02b-6987bacc6720: shutdown FollowerState
2019-10-23 22:25:58,598 [Thread-1022] INFO  impl.FollowerState (FollowerState.java:run(117)) - 22d85afd-4d4f-492d-93d6-f244982d2d2b@group-FF494030CC0C-FollowerState was interrupted: java.lang.InterruptedException: sleep interrupted
2019-10-23 22:25:58,598 [grpc-default-executor-3] INFO  impl.RoleInfo (RoleInfo.java:updateAndGet(143)) - 22d85afd-4d4f-492d-93d6-f244982d2d2b: start FollowerState
2019-10-23 22:25:58,598 [Thread-1021] INFO  impl.FollowerState (FollowerState.java:run(117)) - 73b959bd-e3af-4247-b02b-6987bacc6720@group-FF494030CC0C-FollowerState was interrupted: java.lang.InterruptedException: sleep interrupted
2019-10-23 22:25:58,598 [grpc-default-executor-0] INFO  impl.RoleInfo (RoleInfo.java:updateAndGet(143)) - 73b959bd-e3af-4247-b02b-6987bacc6720: start FollowerState
2019-10-23 22:25:58,613 [1e780629-3013-4910-b058-82bfaeb575a6@group-FF494030CC0C-LeaderElection68] INFO  impl.LeaderElection (LeaderElection.java:logAndReturn(56)) - 1e780629-3013-4910-b058-82bfaeb575a6@group-FF494030CC0C-LeaderElection68: Election REJECTED; received 2 response(s) [1e780629-3013-4910-b058-82bfaeb575a6<-73b959bd-e3af-4247-b02b-6987bacc6720#0:FAIL-t70, 1e780629-3013-4910-b058-82bfaeb575a6<-22d85afd-4d4f-492d-93d6-f244982d2d2b#0:FAIL-t70] and 0 exception(s); 1e780629-3013-4910-b058-82bfaeb575a6@group-FF494030CC0C:t70, leader=null, voted=1e780629-3013-4910-b058-82bfaeb575a6, raftlog=1e780629-3013-4910-b058-82bfaeb575a6@group-FF494030CC0C-SegmentedRaftLog:OPENED:c3,f4,i4, conf=0: [73b959bd-e3af-4247-b02b-6987bacc6720:192.168.34.28:45914, 1e780629-3013-4910-b058-82bfaeb575a6:192.168.34.28:46415, 22d85afd-4d4f-492d-93d6-f244982d2d2b:192.168.34.28:33618], old=null
2019-10-23 22:25:58,613 [1e780629-3013-4910-b058-82bfaeb575a6@group-FF494030CC0C-LeaderElection68] INFO  impl.RaftServerImpl (RaftServerImpl.java:setRole(184)) - 1e780629-3013-4910-b058-82bfaeb575a6@group-FF494030CC0C: changes role from CANDIDATE to FOLLOWER at term 70 for DISCOVERED_A_NEW_TERM
2019-10-23 22:25:58,614 [1e780629-3013-4910-b058-82bfaeb575a6@group-FF494030CC0C-LeaderElection68] INFO  impl.RoleInfo (RoleInfo.java:shutdownLeaderElection(134)) - 1e780629-3013-4910-b058-82bfaeb575a6: shutdown LeaderElection
2019-10-23 22:25:58,614 [1e780629-3013-4910-b058-82bfaeb575a6@group-FF494030CC0C-LeaderElection68] INFO  impl.RoleInfo (RoleInfo.java:updateAndGet(143)) - 1e780629-3013-4910-b058-82bfaeb575a6: start FollowerState
2019-10-23 22:25:58,705 [Thread-1031] INFO  impl.FollowerState (FollowerState.java:run(108)) - 1e780629-3013-4910-b058-82bfaeb575a6@group-FF494030CC0C-FollowerState: change to CANDIDATE, lastRpcTime:90ms, electionTimeout:90ms
2019-10-23 22:25:58,716 [Thread-1031] INFO  impl.RoleInfo (RoleInfo.java:shutdownFollowerState(121)) - 1e780629-3013-4910-b058-82bfaeb575a6: shutdown FollowerState
2019-10-23 22:25:58,717 [Thread-1031] INFO  impl.RaftServerImpl (RaftServerImpl.java:setRole(184)) - 1e780629-3013-4910-b058-82bfaeb575a6@group-FF494030CC0C: changes role from  FOLLOWER to CANDIDATE at term 70 for changeToCandidate
2019-10-23 22:25:58,720 [Thread-1031] INFO  impl.RoleInfo (RoleInfo.java:updateAndGet(143)) - 1e780629-3013-4910-b058-82bfaeb575a6: start LeaderElection
2019-10-23 22:25:58,743 [1e780629-3013-4910-b058-82bfaeb575a6@group-FF494030CC0C-LeaderElection69] INFO  impl.LeaderElection (LeaderElection.java:askForVotes(178)) - 1e780629-3013-4910-b058-82bfaeb575a6@group-FF494030CC0C-LeaderElection69: begin an election at term 71 for 0: [73b959bd-e3af-4247-b02b-6987bacc6720:192.168.34.28:45914, 1e780629-3013-4910-b058-82bfaeb575a6:192.168.34.28:46415, 22d85afd-4d4f-492d-93d6-f244982d2d2b:192.168.34.28:33618], old=null
2019-10-23 22:25:58,747 [grpc-default-executor-0] INFO  impl.RaftServerImpl (RaftServerImpl.java:setRole(184)) - 22d85afd-4d4f-492d-93d6-f244982d2d2b@group-FF494030CC0C: changes role from  FOLLOWER to FOLLOWER at term 71 for recognizeCandidate:1e780629-3013-4910-b058-82bfaeb575a6
2019-10-23 22:25:58,747 [grpc-default-executor-3] INFO  impl.RaftServerImpl (RaftServerImpl.java:setRole(184)) - 73b959bd-e3af-4247-b02b-6987bacc6720@group-FF494030CC0C: changes role from  FOLLOWER to FOLLOWER at term 71 for recognizeCandidate:1e780629-3013-4910-b058-82bfaeb575a6
2019-10-23 22:25:58,748 [grpc-default-executor-0] INFO  impl.RoleInfo (RoleInfo.java:shutdownFollowerState(121)) - 22d85afd-4d4f-492d-93d6-f244982d2d2b: shutdown FollowerState
2019-10-23 22:25:58,748 [grpc-default-executor-3] INFO  impl.RoleInfo (RoleInfo.java:shutdownFollowerState(121)) - 73b959bd-e3af-4247-b02b-6987bacc6720: shutdown FollowerState
2019-10-23 22:25:58,748 [Thread-1029] INFO  impl.FollowerState (FollowerState.java:run(117)) - 22d85afd-4d4f-492d-93d6-f244982d2d2b@group-FF494030CC0C-FollowerState was interrupted: java.lang.InterruptedException: sleep interrupted
2019-10-23 22:25:58,748 [grpc-default-executor-3] INFO  impl.RoleInfo (RoleInfo.java:updateAndGet(143)) - 73b959bd-e3af-4247-b02b-6987bacc6720: start FollowerState
2019-10-23 22:25:58,748 [grpc-default-executor-0] INFO  impl.RoleInfo (RoleInfo.java:updateAndGet(143)) - 22d85afd-4d4f-492d-93d6-f244982d2d2b: start FollowerState
2019-10-23 22:25:58,748 [Thread-1030] INFO  impl.FollowerState (FollowerState.java:run(117)) - 73b959bd-e3af-4247-b02b-6987bacc6720@group-FF494030CC0C-FollowerState was interrupted: java.lang.InterruptedException: sleep interrupted
]]></system-out>
    <system-err><![CDATA[ERROR StatusLogger No Log4j 2 configuration file found. Using default configuration (logging only errors to the console), or user programmatically provided configurations. Set system property 'log4j2.debug' to show Log4j 2 internal initialization logging. See https://logging.apache.org/log4j/2.x/manual/configuration.html for instructions on how to configure Log4j 2
Oct 23, 2019 10:24:13 PM org.apache.ratis.thirdparty.io.grpc.internal.SerializingExecutor run
SEVERE: Exception while executing runnable org.apache.ratis.thirdparty.io.grpc.internal.ServerImpl$JumpToApplicationThreadServerStreamListener$1Closed@25e3d8e4
org.apache.ratis.thirdparty.io.grpc.StatusRuntimeException: CANCELLED: call already cancelled
	at org.apache.ratis.thirdparty.io.grpc.Status.asRuntimeException(Status.java:517)
	at org.apache.ratis.thirdparty.io.grpc.stub.ServerCalls$ServerCallStreamObserverImpl.onCompleted(ServerCalls.java:356)
	at org.apache.ratis.grpc.server.GrpcServerProtocolService$ServerRequestStreamObserver.onError(GrpcServerProtocolService.java:121)
	at org.apache.ratis.thirdparty.io.grpc.stub.ServerCalls$StreamingServerCallHandler$StreamingServerCallListener.onCancel(ServerCalls.java:269)
	at org.apache.ratis.thirdparty.io.grpc.internal.ServerCallImpl$ServerStreamListenerImpl.closed(ServerCallImpl.java:293)
	at org.apache.ratis.thirdparty.io.grpc.internal.ServerImpl$JumpToApplicationThreadServerStreamListener$1Closed.runInContext(ServerImpl.java:741)
	at org.apache.ratis.thirdparty.io.grpc.internal.ContextRunnable.run(ContextRunnable.java:37)
	at org.apache.ratis.thirdparty.io.grpc.internal.SerializingExecutor.run(SerializingExecutor.java:123)
	at java.util.concurrent.ThreadPoolExecutor.runWorker(ThreadPoolExecutor.java:1149)
	at java.util.concurrent.ThreadPoolExecutor$Worker.run(ThreadPoolExecutor.java:624)
	at java.lang.Thread.run(Thread.java:748)

Oct 23, 2019 10:24:13 PM org.apache.ratis.thirdparty.io.grpc.internal.SerializingExecutor run
SEVERE: Exception while executing runnable org.apache.ratis.thirdparty.io.grpc.internal.ClientCallImpl$ClientStreamListenerImpl$1StreamClosed@32e7eb94
java.lang.NullPointerException
	at org.apache.ratis.grpc.server.GrpcLogAppender$AppendLogResponseHandler.onError(GrpcLogAppender.java:303)
	at org.apache.ratis.thirdparty.io.grpc.stub.ClientCalls$StreamObserverToCallListenerAdapter.onClose(ClientCalls.java:434)
	at org.apache.ratis.thirdparty.io.grpc.PartialForwardingClientCallListener.onClose(PartialForwardingClientCallListener.java:39)
	at org.apache.ratis.thirdparty.io.grpc.ForwardingClientCallListener.onClose(ForwardingClientCallListener.java:23)
	at org.apache.ratis.thirdparty.io.grpc.ForwardingClientCallListener$SimpleForwardingClientCallListener.onClose(ForwardingClientCallListener.java:40)
	at org.apache.ratis.thirdparty.io.grpc.internal.CensusStatsModule$StatsClientInterceptor$1$1.onClose(CensusStatsModule.java:678)
	at org.apache.ratis.thirdparty.io.grpc.PartialForwardingClientCallListener.onClose(PartialForwardingClientCallListener.java:39)
	at org.apache.ratis.thirdparty.io.grpc.ForwardingClientCallListener.onClose(ForwardingClientCallListener.java:23)
	at org.apache.ratis.thirdparty.io.grpc.ForwardingClientCallListener$SimpleForwardingClientCallListener.onClose(ForwardingClientCallListener.java:40)
	at org.apache.ratis.thirdparty.io.grpc.internal.CensusTracingModule$TracingClientInterceptor$1$1.onClose(CensusTracingModule.java:397)
	at org.apache.ratis.thirdparty.io.grpc.internal.ClientCallImpl.closeObserver(ClientCallImpl.java:459)
	at org.apache.ratis.thirdparty.io.grpc.internal.ClientCallImpl.access$300(ClientCallImpl.java:63)
	at org.apache.ratis.thirdparty.io.grpc.internal.ClientCallImpl$ClientStreamListenerImpl.close(ClientCallImpl.java:546)
	at org.apache.ratis.thirdparty.io.grpc.internal.ClientCallImpl$ClientStreamListenerImpl.access$600(ClientCallImpl.java:467)
	at org.apache.ratis.thirdparty.io.grpc.internal.ClientCallImpl$ClientStreamListenerImpl$1StreamClosed.runInContext(ClientCallImpl.java:584)
	at org.apache.ratis.thirdparty.io.grpc.internal.ContextRunnable.run(ContextRunnable.java:37)
	at org.apache.ratis.thirdparty.io.grpc.internal.SerializingExecutor.run(SerializingExecutor.java:123)
	at java.util.concurrent.ThreadPoolExecutor.runWorker(ThreadPoolExecutor.java:1149)
	at java.util.concurrent.ThreadPoolExecutor$Worker.run(ThreadPoolExecutor.java:624)
	at java.lang.Thread.run(Thread.java:748)

]]></system-err>
  </testcase>
</testsuite>