<?xml version="1.0" encoding="UTF-8"?>
<testsuite xmlns:xsi="http://www.w3.org/2001/XMLSchema-instance" xsi:noNamespaceSchemaLocation="https://maven.apache.org/surefire/maven-surefire-plugin/xsd/surefire-test-report.xsd" name="org.apache.hadoop.ozone.freon.TestFreonWithPipelineDestroy" time="53.134" tests="1" errors="1" skipped="0" failures="0">
  <properties>
    <property name="awt.toolkit" value="sun.awt.X11.XToolkit"/>
    <property name="file.encoding.pkg" value="sun.io"/>
    <property name="java.specification.version" value="1.8"/>
    <property name="sun.cpu.isalist" value=""/>
    <property name="sun.jnu.encoding" value="ANSI_X3.4-1968"/>
    <property name="java.class.path" value="/workdir/hadoop-ozone/tools/target/test-classes:/workdir/hadoop-ozone/tools/target/classes:/home/user/.m2/repository/org/apache/hadoop/hadoop-ozone-ozone-manager/0.5.0-SNAPSHOT/hadoop-ozone-ozone-manager-0.5.0-SNAPSHOT.jar:/home/user/.m2/repository/org/apache/hadoop/hadoop-hdds-docs/0.5.0-SNAPSHOT/hadoop-hdds-docs-0.5.0-SNAPSHOT.jar:/home/user/.m2/repository/org/bouncycastle/bcprov-jdk15on/1.60/bcprov-jdk15on-1.60.jar:/home/user/.m2/repository/org/apache/hadoop/hadoop-ozone-common/0.5.0-SNAPSHOT/hadoop-ozone-common-0.5.0-SNAPSHOT.jar:/home/user/.m2/repository/org/apache/commons/commons-compress/1.4.1/commons-compress-1.4.1.jar:/home/user/.m2/repository/org/tukaani/xz/1.0/xz-1.0.jar:/home/user/.m2/repository/org/apache/hadoop/hadoop-hdfs-client/3.2.0/hadoop-hdfs-client-3.2.0.jar:/home/user/.m2/repository/com/fasterxml/jackson/core/jackson-annotations/2.9.9/jackson-annotations-2.9.9.jar:/home/user/.m2/repository/org/apache/hadoop/hadoop-hdds-common/0.5.0-SNAPSHOT/hadoop-hdds-common-0.5.0-SNAPSHOT.jar:/home/user/.m2/repository/org/apache/hadoop/hadoop-hdds-config/0.5.0-SNAPSHOT/hadoop-hdds-config-0.5.0-SNAPSHOT.jar:/home/user/.m2/repository/javax/annotation/javax.annotation-api/1.2/javax.annotation-api-1.2.jar:/home/user/.m2/repository/org/apache/ratis/ratis-server/0.5.0-d6d58d0-SNAPSHOT/ratis-server-0.5.0-d6d58d0-SNAPSHOT.jar:/home/user/.m2/repository/org/apache/ratis/ratis-thirdparty-misc/0.2.0/ratis-thirdparty-misc-0.2.0.jar:/home/user/.m2/repository/org/apache/ratis/ratis-proto/0.5.0-d6d58d0-SNAPSHOT/ratis-proto-0.5.0-d6d58d0-SNAPSHOT.jar:/home/user/.m2/repository/org/apache/ratis/ratis-common/0.5.0-d6d58d0-SNAPSHOT/ratis-common-0.5.0-d6d58d0-SNAPSHOT.jar:/home/user/.m2/repository/org/apache/ratis/ratis-client/0.5.0-d6d58d0-SNAPSHOT/ratis-client-0.5.0-d6d58d0-SNAPSHOT.jar:/home/user/.m2/repository/org/apache/ratis/ratis-metrics/0.5.0-d6d58d0-SNAPSHOT/ratis-metrics-0.5.0-d6d58d0-SNAPSHOT.jar:/home/user/.m2/repository/org/apache/ratis/ratis-netty/0.5.0-d6d58d0-SNAPSHOT/ratis-netty-0.5.0-d6d58d0-SNAPSHOT.jar:/home/user/.m2/repository/org/apache/ratis/ratis-grpc/0.5.0-d6d58d0-SNAPSHOT/ratis-grpc-0.5.0-d6d58d0-SNAPSHOT.jar:/home/user/.m2/repository/org/rocksdb/rocksdbjni/6.0.1/rocksdbjni-6.0.1.jar:/home/user/.m2/repository/org/apache/logging/log4j/log4j-api/2.11.0/log4j-api-2.11.0.jar:/home/user/.m2/repository/org/apache/logging/log4j/log4j-core/2.11.0/log4j-core-2.11.0.jar:/home/user/.m2/repository/com/lmax/disruptor/3.4.2/disruptor-3.4.2.jar:/home/user/.m2/repository/org/apache/commons/commons-pool2/2.6.0/commons-pool2-2.6.0.jar:/home/user/.m2/repository/org/bouncycastle/bcpkix-jdk15on/1.60/bcpkix-jdk15on-1.60.jar:/home/user/.m2/repository/commons-validator/commons-validator/1.6/commons-validator-1.6.jar:/home/user/.m2/repository/commons-digester/commons-digester/1.8.1/commons-digester-1.8.1.jar:/home/user/.m2/repository/io/jaegertracing/jaeger-client/0.34.0/jaeger-client-0.34.0.jar:/home/user/.m2/repository/io/jaegertracing/jaeger-thrift/0.34.0/jaeger-thrift-0.34.0.jar:/home/user/.m2/repository/org/apache/thrift/libthrift/0.12.0/libthrift-0.12.0.jar:/home/user/.m2/repository/com/squareup/okhttp3/okhttp/3.9.0/okhttp-3.9.0.jar:/home/user/.m2/repository/com/squareup/okio/okio/1.13.0/okio-1.13.0.jar:/home/user/.m2/repository/io/jaegertracing/jaeger-core/0.34.0/jaeger-core-0.34.0.jar:/home/user/.m2/repository/io/jaegertracing/jaeger-tracerresolver/0.34.0/jaeger-tracerresolver-0.34.0.jar:/home/user/.m2/repository/io/opentracing/contrib/opentracing-tracerresolver/0.1.5/opentracing-tracerresolver-0.1.5.jar:/home/user/.m2/repository/io/opentracing/opentracing-util/0.31.0/opentracing-util-0.31.0.jar:/home/user/.m2/repository/io/opentracing/opentracing-api/0.31.0/opentracing-api-0.31.0.jar:/home/user/.m2/repository/io/opentracing/opentracing-noop/0.31.0/opentracing-noop-0.31.0.jar:/home/user/.m2/repository/org/yaml/snakeyaml/1.16/snakeyaml-1.16.jar:/home/user/.m2/repository/org/apache/hadoop/hadoop-hdds-container-service/0.5.0-SNAPSHOT/hadoop-hdds-container-service-0.5.0-SNAPSHOT.jar:/home/user/.m2/repository/org/apache/hadoop/hadoop-hdds-client/0.5.0-SNAPSHOT/hadoop-hdds-client-0.5.0-SNAPSHOT.jar:/home/user/.m2/repository/org/apache/hadoop/hadoop-hdds-tools/0.5.0-SNAPSHOT/hadoop-hdds-tools-0.5.0-SNAPSHOT.jar:/home/user/.m2/repository/org/xerial/sqlite-jdbc/3.25.2/sqlite-jdbc-3.25.2.jar:/home/user/.m2/repository/org/apache/hadoop/hadoop-hdds-server-scm/0.5.0-SNAPSHOT/hadoop-hdds-server-scm-0.5.0-SNAPSHOT.jar:/home/user/.m2/repository/org/hamcrest/hamcrest-all/1.3/hamcrest-all-1.3.jar:/home/user/.m2/repository/info/picocli/picocli/3.9.6/picocli-3.9.6.jar:/home/user/.m2/repository/com/google/protobuf/protobuf-java/2.5.0/protobuf-java-2.5.0.jar:/home/user/.m2/repository/com/google/guava/guava/11.0.2/guava-11.0.2.jar:/home/user/.m2/repository/org/apache/hadoop/hadoop-ozone-client/0.5.0-SNAPSHOT/hadoop-ozone-client-0.5.0-SNAPSHOT.jar:/workdir/hadoop-ozone/ozonefs/target/classes:/home/user/.m2/repository/org/apache/httpcomponents/httpclient/4.5.2/httpclient-4.5.2.jar:/home/user/.m2/repository/org/apache/httpcomponents/httpcore/4.4.4/httpcore-4.4.4.jar:/home/user/.m2/repository/org/apache/hadoop/hadoop-hdds-server-framework/0.5.0-SNAPSHOT/hadoop-hdds-server-framework-0.5.0-SNAPSHOT.jar:/home/user/.m2/repository/org/apache/hadoop/hadoop-common/3.2.0/hadoop-common-3.2.0.jar:/home/user/.m2/repository/org/apache/hadoop/hadoop-annotations/3.2.0/hadoop-annotations-3.2.0.jar:/usr/lib/jvm/java-1.8.0-openjdk-1.8.0.222.b10-1.el7_7.x86_64/jre/../lib/tools.jar:/home/user/.m2/repository/commons-cli/commons-cli/1.2/commons-cli-1.2.jar:/home/user/.m2/repository/org/apache/commons/commons-math3/3.1.1/commons-math3-3.1.1.jar:/home/user/.m2/repository/commons-codec/commons-codec/1.11/commons-codec-1.11.jar:/home/user/.m2/repository/commons-io/commons-io/2.5/commons-io-2.5.jar:/home/user/.m2/repository/commons-net/commons-net/3.6/commons-net-3.6.jar:/home/user/.m2/repository/commons-collections/commons-collections/3.2.2/commons-collections-3.2.2.jar:/home/user/.m2/repository/javax/servlet/javax.servlet-api/3.1.0/javax.servlet-api-3.1.0.jar:/home/user/.m2/repository/org/eclipse/jetty/jetty-server/9.3.25.v20180904/jetty-server-9.3.25.v20180904.jar:/home/user/.m2/repository/org/eclipse/jetty/jetty-http/9.3.25.v20180904/jetty-http-9.3.25.v20180904.jar:/home/user/.m2/repository/org/eclipse/jetty/jetty-io/9.3.25.v20180904/jetty-io-9.3.25.v20180904.jar:/home/user/.m2/repository/org/eclipse/jetty/jetty-util/9.3.25.v20180904/jetty-util-9.3.25.v20180904.jar:/home/user/.m2/repository/org/eclipse/jetty/jetty-servlet/9.3.25.v20180904/jetty-servlet-9.3.25.v20180904.jar:/home/user/.m2/repository/org/eclipse/jetty/jetty-security/9.3.25.v20180904/jetty-security-9.3.25.v20180904.jar:/home/user/.m2/repository/org/eclipse/jetty/jetty-webapp/9.3.25.v20180904/jetty-webapp-9.3.25.v20180904.jar:/home/user/.m2/repository/org/eclipse/jetty/jetty-xml/9.3.25.v20180904/jetty-xml-9.3.25.v20180904.jar:/home/user/.m2/repository/javax/servlet/jsp/jsp-api/2.1/jsp-api-2.1.jar:/home/user/.m2/repository/com/sun/jersey/jersey-core/1.19/jersey-core-1.19.jar:/home/user/.m2/repository/javax/ws/rs/jsr311-api/1.1.1/jsr311-api-1.1.1.jar:/home/user/.m2/repository/com/sun/jersey/jersey-servlet/1.19/jersey-servlet-1.19.jar:/home/user/.m2/repository/com/sun/jersey/jersey-json/1.19/jersey-json-1.19.jar:/home/user/.m2/repository/org/codehaus/jettison/jettison/1.1/jettison-1.1.jar:/home/user/.m2/repository/com/sun/xml/bind/jaxb-impl/2.3.0.1/jaxb-impl-2.3.0.1.jar:/home/user/.m2/repository/org/codehaus/jackson/jackson-core-asl/1.9.13/jackson-core-asl-1.9.13.jar:/home/user/.m2/repository/org/codehaus/jackson/jackson-mapper-asl/1.9.13/jackson-mapper-asl-1.9.13.jar:/home/user/.m2/repository/org/codehaus/jackson/jackson-jaxrs/1.9.13/jackson-jaxrs-1.9.13.jar:/home/user/.m2/repository/org/codehaus/jackson/jackson-xc/1.9.13/jackson-xc-1.9.13.jar:/home/user/.m2/repository/com/sun/jersey/jersey-server/1.19/jersey-server-1.19.jar:/home/user/.m2/repository/commons-logging/commons-logging/1.1.3/commons-logging-1.1.3.jar:/home/user/.m2/repository/log4j/log4j/1.2.17/log4j-1.2.17.jar:/home/user/.m2/repository/commons-beanutils/commons-beanutils/1.9.4/commons-beanutils-1.9.4.jar:/home/user/.m2/repository/org/apache/commons/commons-configuration2/2.1.1/commons-configuration2-2.1.1.jar:/home/user/.m2/repository/org/apache/commons/commons-lang3/3.7/commons-lang3-3.7.jar:/home/user/.m2/repository/org/apache/commons/commons-text/1.4/commons-text-1.4.jar:/home/user/.m2/repository/org/slf4j/slf4j-api/1.7.25/slf4j-api-1.7.25.jar:/home/user/.m2/repository/org/slf4j/slf4j-log4j12/1.7.25/slf4j-log4j12-1.7.25.jar:/home/user/.m2/repository/org/apache/avro/avro/1.7.7/avro-1.7.7.jar:/home/user/.m2/repository/com/thoughtworks/paranamer/paranamer/2.3/paranamer-2.3.jar:/home/user/.m2/repository/org/xerial/snappy/snappy-java/1.0.5/snappy-java-1.0.5.jar:/home/user/.m2/repository/com/google/re2j/re2j/1.1/re2j-1.1.jar:/home/user/.m2/repository/com/google/code/gson/gson/2.2.4/gson-2.2.4.jar:/home/user/.m2/repository/org/apache/hadoop/hadoop-auth/3.2.0/hadoop-auth-3.2.0.jar:/home/user/.m2/repository/com/nimbusds/nimbus-jose-jwt/4.41.1/nimbus-jose-jwt-4.41.1.jar:/home/user/.m2/repository/com/github/stephenc/jcip/jcip-annotations/1.0-1/jcip-annotations-1.0-1.jar:/home/user/.m2/repository/net/minidev/json-smart/2.3/json-smart-2.3.jar:/home/user/.m2/repository/net/minidev/accessors-smart/1.2/accessors-smart-1.2.jar:/home/user/.m2/repository/org/apache/curator/curator-framework/2.12.0/curator-framework-2.12.0.jar:/home/user/.m2/repository/com/jcraft/jsch/0.1.54/jsch-0.1.54.jar:/home/user/.m2/repository/org/apache/curator/curator-client/2.12.0/curator-client-2.12.0.jar:/home/user/.m2/repository/org/apache/curator/curator-recipes/2.12.0/curator-recipes-2.12.0.jar:/home/user/.m2/repository/com/google/code/findbugs/jsr305/3.0.0/jsr305-3.0.0.jar:/home/user/.m2/repository/org/apache/htrace/htrace-core4/4.1.0-incubating/htrace-core4-4.1.0-incubating.jar:/home/user/.m2/repository/org/apache/zookeeper/zookeeper/3.4.13/zookeeper-3.4.13.jar:/home/user/.m2/repository/jline/jline/0.9.94/jline-0.9.94.jar:/home/user/.m2/repository/org/apache/yetus/audience-annotations/0.5.0/audience-annotations-0.5.0.jar:/home/user/.m2/repository/org/apache/kerby/kerb-simplekdc/1.0.1/kerb-simplekdc-1.0.1.jar:/home/user/.m2/repository/org/apache/kerby/kerb-client/1.0.1/kerb-client-1.0.1.jar:/home/user/.m2/repository/org/apache/kerby/kerby-config/1.0.1/kerby-config-1.0.1.jar:/home/user/.m2/repository/org/apache/kerby/kerb-core/1.0.1/kerb-core-1.0.1.jar:/home/user/.m2/repository/org/apache/kerby/kerby-pkix/1.0.1/kerby-pkix-1.0.1.jar:/home/user/.m2/repository/org/apache/kerby/kerby-asn1/1.0.1/kerby-asn1-1.0.1.jar:/home/user/.m2/repository/org/apache/kerby/kerby-util/1.0.1/kerby-util-1.0.1.jar:/home/user/.m2/repository/org/apache/kerby/kerb-common/1.0.1/kerb-common-1.0.1.jar:/home/user/.m2/repository/org/apache/kerby/kerb-crypto/1.0.1/kerb-crypto-1.0.1.jar:/home/user/.m2/repository/org/apache/kerby/kerb-util/1.0.1/kerb-util-1.0.1.jar:/home/user/.m2/repository/org/apache/kerby/token-provider/1.0.1/token-provider-1.0.1.jar:/home/user/.m2/repository/org/apache/kerby/kerb-admin/1.0.1/kerb-admin-1.0.1.jar:/home/user/.m2/repository/org/apache/kerby/kerb-server/1.0.1/kerb-server-1.0.1.jar:/home/user/.m2/repository/org/apache/kerby/kerb-identity/1.0.1/kerb-identity-1.0.1.jar:/home/user/.m2/repository/org/apache/kerby/kerby-xdr/1.0.1/kerby-xdr-1.0.1.jar:/home/user/.m2/repository/com/fasterxml/jackson/core/jackson-databind/2.9.9/jackson-databind-2.9.9.jar:/home/user/.m2/repository/com/fasterxml/jackson/core/jackson-core/2.9.9/jackson-core-2.9.9.jar:/home/user/.m2/repository/org/codehaus/woodstox/stax2-api/3.1.4/stax2-api-3.1.4.jar:/home/user/.m2/repository/com/fasterxml/woodstox/woodstox-core/5.0.3/woodstox-core-5.0.3.jar:/home/user/.m2/repository/dnsjava/dnsjava/2.1.7/dnsjava-2.1.7.jar:/home/user/.m2/repository/org/apache/hadoop/hadoop-hdfs/3.2.0/hadoop-hdfs-3.2.0.jar:/home/user/.m2/repository/org/eclipse/jetty/jetty-util-ajax/9.3.25.v20180904/jetty-util-ajax-9.3.25.v20180904.jar:/home/user/.m2/repository/commons-daemon/commons-daemon/1.0.13/commons-daemon-1.0.13.jar:/home/user/.m2/repository/io/netty/netty/3.10.5.Final/netty-3.10.5.Final.jar:/home/user/.m2/repository/io/netty/netty-all/4.0.52.Final/netty-all-4.0.52.Final.jar:/home/user/.m2/repository/org/fusesource/leveldbjni/leveldbjni-all/1.8/leveldbjni-all-1.8.jar:/home/user/.m2/repository/com/sun/xml/bind/jaxb-core/2.3.0.1/jaxb-core-2.3.0.1.jar:/home/user/.m2/repository/javax/xml/bind/jaxb-api/2.3.0/jaxb-api-2.3.0.jar:/home/user/.m2/repository/javax/activation/activation/1.1.1/activation-1.1.1.jar:/home/user/.m2/repository/org/openjdk/jmh/jmh-core/1.19/jmh-core-1.19.jar:/home/user/.m2/repository/net/sf/jopt-simple/jopt-simple/4.6/jopt-simple-4.6.jar:/home/user/.m2/repository/org/openjdk/jmh/jmh-generator-annprocess/1.19/jmh-generator-annprocess-1.19.jar:/home/user/.m2/repository/io/dropwizard/metrics/metrics-core/3.2.4/metrics-core-3.2.4.jar:/home/user/.m2/repository/com/amazonaws/aws-java-sdk-s3/1.11.615/aws-java-sdk-s3-1.11.615.jar:/home/user/.m2/repository/com/amazonaws/aws-java-sdk-kms/1.11.615/aws-java-sdk-kms-1.11.615.jar:/home/user/.m2/repository/com/amazonaws/aws-java-sdk-core/1.11.615/aws-java-sdk-core-1.11.615.jar:/home/user/.m2/repository/software/amazon/ion/ion-java/1.0.2/ion-java-1.0.2.jar:/home/user/.m2/repository/com/fasterxml/jackson/dataformat/jackson-dataformat-cbor/2.9.9/jackson-dataformat-cbor-2.9.9.jar:/home/user/.m2/repository/joda-time/joda-time/2.9.9/joda-time-2.9.9.jar:/home/user/.m2/repository/com/amazonaws/jmespath-java/1.11.615/jmespath-java-1.11.615.jar:/home/user/.m2/repository/com/github/spotbugs/spotbugs/3.1.12/spotbugs-3.1.12.jar:/home/user/.m2/repository/org/ow2/asm/asm/5.0.4/asm-5.0.4.jar:/home/user/.m2/repository/org/ow2/asm/asm-analysis/7.0/asm-analysis-7.0.jar:/home/user/.m2/repository/org/ow2/asm/asm-commons/7.0/asm-commons-7.0.jar:/home/user/.m2/repository/org/ow2/asm/asm-tree/7.0/asm-tree-7.0.jar:/home/user/.m2/repository/org/ow2/asm/asm-util/7.0/asm-util-7.0.jar:/home/user/.m2/repository/org/apache/bcel/bcel/6.3/bcel-6.3.jar:/home/user/.m2/repository/net/jcip/jcip-annotations/1.0/jcip-annotations-1.0.jar:/home/user/.m2/repository/org/dom4j/dom4j/2.1.1/dom4j-2.1.1.jar:/home/user/.m2/repository/jaxen/jaxen/1.1.6/jaxen-1.1.6.jar:/home/user/.m2/repository/commons-lang/commons-lang/2.6/commons-lang-2.6.jar:/home/user/.m2/repository/com/github/spotbugs/spotbugs-annotations/3.1.12/spotbugs-annotations-3.1.12.jar:/home/user/.m2/repository/junit/junit/4.11/junit-4.11.jar:/home/user/.m2/repository/org/hamcrest/hamcrest-core/1.3/hamcrest-core-1.3.jar:/home/user/.m2/repository/org/apache/hadoop/hadoop-common/3.2.0/hadoop-common-3.2.0-tests.jar:/workdir/hadoop-ozone/integration-test/target/test-classes:/home/user/.m2/repository/org/apache/hadoop/hadoop-ozone-s3gateway/0.5.0-SNAPSHOT/hadoop-ozone-s3gateway-0.5.0-SNAPSHOT.jar:/home/user/.m2/repository/org/jboss/weld/servlet/weld-servlet/2.4.7.Final/weld-servlet-2.4.7.Final.jar:/home/user/.m2/repository/org/glassfish/jersey/containers/jersey-container-servlet-core/2.27/jersey-container-servlet-core-2.27.jar:/home/user/.m2/repository/org/glassfish/hk2/external/javax.inject/2.5.0-b42/javax.inject-2.5.0-b42.jar:/home/user/.m2/repository/org/glassfish/jersey/core/jersey-common/2.27/jersey-common-2.27.jar:/home/user/.m2/repository/org/glassfish/hk2/osgi-resource-locator/1.0.1/osgi-resource-locator-1.0.1.jar:/home/user/.m2/repository/javax/ws/rs/javax.ws.rs-api/2.1/javax.ws.rs-api-2.1.jar:/home/user/.m2/repository/org/glassfish/jersey/ext/cdi/jersey-cdi1x/2.27/jersey-cdi1x-2.27.jar:/home/user/.m2/repository/org/glassfish/jersey/inject/jersey-hk2/2.27/jersey-hk2-2.27.jar:/home/user/.m2/repository/org/glassfish/hk2/hk2-locator/2.5.0-b42/hk2-locator-2.5.0-b42.jar:/home/user/.m2/repository/org/javassist/javassist/3.22.0-CR2/javassist-3.22.0-CR2.jar:/home/user/.m2/repository/org/glassfish/hk2/hk2-api/2.5.0/hk2-api-2.5.0.jar:/home/user/.m2/repository/org/glassfish/hk2/external/jakarta.inject/2.5.0/jakarta.inject-2.5.0.jar:/home/user/.m2/repository/org/glassfish/hk2/hk2-utils/2.5.0/hk2-utils-2.5.0.jar:/home/user/.m2/repository/jakarta/annotation/jakarta.annotation-api/1.3.4/jakarta.annotation-api-1.3.4.jar:/home/user/.m2/repository/org/glassfish/hk2/external/aopalliance-repackaged/2.5.0/aopalliance-repackaged-2.5.0.jar:/home/user/.m2/repository/com/fasterxml/jackson/dataformat/jackson-dataformat-xml/2.9.0/jackson-dataformat-xml-2.9.0.jar:/home/user/.m2/repository/com/fasterxml/jackson/module/jackson-module-jaxb-annotations/2.9.9/jackson-module-jaxb-annotations-2.9.9.jar:/home/user/.m2/repository/javax/enterprise/cdi-api/1.2/cdi-api-1.2.jar:/home/user/.m2/repository/javax/el/javax.el-api/3.0.0/javax.el-api-3.0.0.jar:/home/user/.m2/repository/javax/interceptor/javax.interceptor-api/1.2/javax.interceptor-api-1.2.jar:/home/user/.m2/repository/javax/inject/javax.inject/1/javax.inject-1.jar:/home/user/.m2/repository/org/apache/hadoop/hadoop-ozone-csi/0.5.0-SNAPSHOT/hadoop-ozone-csi-0.5.0-SNAPSHOT.jar:/home/user/.m2/repository/com/google/protobuf/protobuf-java-util/3.5.1/protobuf-java-util-3.5.1.jar:/home/user/.m2/repository/io/grpc/grpc-netty/1.17.1/grpc-netty-1.17.1.jar:/home/user/.m2/repository/io/grpc/grpc-core/1.17.1/grpc-core-1.17.1.jar:/home/user/.m2/repository/io/grpc/grpc-context/1.17.1/grpc-context-1.17.1.jar:/home/user/.m2/repository/com/google/errorprone/error_prone_annotations/2.2.0/error_prone_annotations-2.2.0.jar:/home/user/.m2/repository/org/codehaus/mojo/animal-sniffer-annotations/1.17/animal-sniffer-annotations-1.17.jar:/home/user/.m2/repository/io/opencensus/opencensus-api/0.17.0/opencensus-api-0.17.0.jar:/home/user/.m2/repository/io/opencensus/opencensus-contrib-grpc-metrics/0.17.0/opencensus-contrib-grpc-metrics-0.17.0.jar:/home/user/.m2/repository/io/netty/netty-codec-http2/4.1.30.Final/netty-codec-http2-4.1.30.Final.jar:/home/user/.m2/repository/io/netty/netty-codec-http/4.1.30.Final/netty-codec-http-4.1.30.Final.jar:/home/user/.m2/repository/io/netty/netty-codec/4.1.30.Final/netty-codec-4.1.30.Final.jar:/home/user/.m2/repository/io/netty/netty-handler/4.1.30.Final/netty-handler-4.1.30.Final.jar:/home/user/.m2/repository/io/netty/netty-handler-proxy/4.1.30.Final/netty-handler-proxy-4.1.30.Final.jar:/home/user/.m2/repository/io/netty/netty-codec-socks/4.1.30.Final/netty-codec-socks-4.1.30.Final.jar:/home/user/.m2/repository/io/netty/netty-transport-native-epoll/4.1.30.Final/netty-transport-native-epoll-4.1.30.Final.jar:/home/user/.m2/repository/io/netty/netty-common/4.1.30.Final/netty-common-4.1.30.Final.jar:/home/user/.m2/repository/io/netty/netty-buffer/4.1.30.Final/netty-buffer-4.1.30.Final.jar:/home/user/.m2/repository/io/netty/netty-transport/4.1.30.Final/netty-transport-4.1.30.Final.jar:/home/user/.m2/repository/io/netty/netty-resolver/4.1.30.Final/netty-resolver-4.1.30.Final.jar:/home/user/.m2/repository/io/netty/netty-transport-native-unix-common/4.1.30.Final/netty-transport-native-unix-common-4.1.30.Final.jar:/home/user/.m2/repository/io/grpc/grpc-protobuf/1.17.1/grpc-protobuf-1.17.1.jar:/home/user/.m2/repository/com/google/api/grpc/proto-google-common-protos/1.0.0/proto-google-common-protos-1.0.0.jar:/home/user/.m2/repository/io/grpc/grpc-protobuf-lite/1.17.1/grpc-protobuf-lite-1.17.1.jar:/home/user/.m2/repository/io/grpc/grpc-stub/1.17.1/grpc-stub-1.17.1.jar:/home/user/.m2/repository/org/apache/hadoop/hadoop-ozone-recon/0.5.0-SNAPSHOT/hadoop-ozone-recon-0.5.0-SNAPSHOT.jar:/home/user/.m2/repository/org/apache/hadoop/hadoop-ozone-reconcodegen/0.5.0-SNAPSHOT/hadoop-ozone-reconcodegen-0.5.0-SNAPSHOT.jar:/home/user/.m2/repository/com/google/inject/extensions/guice-multibindings/4.0/guice-multibindings-4.0.jar:/home/user/.m2/repository/com/google/inject/guice/4.0/guice-4.0.jar:/home/user/.m2/repository/aopalliance/aopalliance/1.0/aopalliance-1.0.jar:/home/user/.m2/repository/com/google/inject/extensions/guice-servlet/4.0/guice-servlet-4.0.jar:/home/user/.m2/repository/org/glassfish/jersey/containers/jersey-container-servlet/2.27/jersey-container-servlet-2.27.jar:/home/user/.m2/repository/org/glassfish/hk2/guice-bridge/2.5.0/guice-bridge-2.5.0.jar:/home/user/.m2/repository/org/glassfish/jersey/core/jersey-server/2.27/jersey-server-2.27.jar:/home/user/.m2/repository/org/glassfish/jersey/core/jersey-client/2.27/jersey-client-2.27.jar:/home/user/.m2/repository/org/glassfish/jersey/media/jersey-media-jaxb/2.27/jersey-media-jaxb-2.27.jar:/home/user/.m2/repository/javax/validation/validation-api/1.1.0.Final/validation-api-1.1.0.Final.jar:/home/user/.m2/repository/org/glassfish/jersey/media/jersey-media-json-jackson/2.27/jersey-media-json-jackson-2.27.jar:/home/user/.m2/repository/org/glassfish/jersey/ext/jersey-entity-filtering/2.27/jersey-entity-filtering-2.27.jar:/home/user/.m2/repository/com/google/inject/extensions/guice-assistedinject/4.0/guice-assistedinject-4.0.jar:/home/user/.m2/repository/org/jooq/jooq/3.11.10/jooq-3.11.10.jar:/home/user/.m2/repository/org/jooq/jooq-meta/3.11.10/jooq-meta-3.11.10.jar:/home/user/.m2/repository/org/jooq/jooq-codegen/3.11.10/jooq-codegen-3.11.10.jar:/home/user/.m2/repository/com/jolbox/bonecp/0.8.0.RELEASE/bonecp-0.8.0.RELEASE.jar:/home/user/.m2/repository/org/springframework/spring-jdbc/5.1.3.RELEASE/spring-jdbc-5.1.3.RELEASE.jar:/home/user/.m2/repository/org/springframework/spring-beans/5.1.3.RELEASE/spring-beans-5.1.3.RELEASE.jar:/home/user/.m2/repository/org/springframework/spring-core/5.1.3.RELEASE/spring-core-5.1.3.RELEASE.jar:/home/user/.m2/repository/org/springframework/spring-jcl/5.1.3.RELEASE/spring-jcl-5.1.3.RELEASE.jar:/home/user/.m2/repository/org/springframework/spring-tx/5.1.3.RELEASE/spring-tx-5.1.3.RELEASE.jar:/home/user/.m2/repository/org/mockito/mockito-core/2.15.0/mockito-core-2.15.0.jar:/home/user/.m2/repository/net/bytebuddy/byte-buddy/1.7.9/byte-buddy-1.7.9.jar:/home/user/.m2/repository/net/bytebuddy/byte-buddy-agent/1.7.9/byte-buddy-agent-1.7.9.jar:/home/user/.m2/repository/org/objenesis/objenesis/1.0/objenesis-1.0.jar:"/>
    <property name="java.vm.vendor" value="Oracle Corporation"/>
    <property name="sun.arch.data.model" value="64"/>
    <property name="test.build.dir" value="/workdir/hadoop-ozone/tools/target/test-dir"/>
    <property name="test.cache.data" value=""/>
    <property name="java.vendor.url" value="http://java.oracle.com/"/>
    <property name="user.timezone" value=""/>
    <property name="java.vm.specification.version" value="1.8"/>
    <property name="os.name" value="Linux"/>
    <property name="test.build.data" value="/workdir/hadoop-ozone/tools/target/test-dir"/>
    <property name="user.country" value="US"/>
    <property name="sun.java.launcher" value="SUN_STANDARD"/>
    <property name="sun.boot.library.path" value="/usr/lib/jvm/java-1.8.0-openjdk-1.8.0.222.b10-1.el7_7.x86_64/jre/lib/amd64"/>
    <property name="sun.java.command" value="/workdir/hadoop-ozone/tools/target/surefire/surefirebooter2267693925617268195.jar /workdir/hadoop-ozone/tools/target/surefire 2019-11-18T04-08-48_293-jvmRun1 surefire8649799859250186377tmp surefire_1023480889409852683771tmp"/>
    <property name="surefire.test.class.path" value="/workdir/hadoop-ozone/tools/target/test-classes:/workdir/hadoop-ozone/tools/target/classes:/home/user/.m2/repository/org/apache/hadoop/hadoop-ozone-ozone-manager/0.5.0-SNAPSHOT/hadoop-ozone-ozone-manager-0.5.0-SNAPSHOT.jar:/home/user/.m2/repository/org/apache/hadoop/hadoop-hdds-docs/0.5.0-SNAPSHOT/hadoop-hdds-docs-0.5.0-SNAPSHOT.jar:/home/user/.m2/repository/org/bouncycastle/bcprov-jdk15on/1.60/bcprov-jdk15on-1.60.jar:/home/user/.m2/repository/org/apache/hadoop/hadoop-ozone-common/0.5.0-SNAPSHOT/hadoop-ozone-common-0.5.0-SNAPSHOT.jar:/home/user/.m2/repository/org/apache/commons/commons-compress/1.4.1/commons-compress-1.4.1.jar:/home/user/.m2/repository/org/tukaani/xz/1.0/xz-1.0.jar:/home/user/.m2/repository/org/apache/hadoop/hadoop-hdfs-client/3.2.0/hadoop-hdfs-client-3.2.0.jar:/home/user/.m2/repository/com/fasterxml/jackson/core/jackson-annotations/2.9.9/jackson-annotations-2.9.9.jar:/home/user/.m2/repository/org/apache/hadoop/hadoop-hdds-common/0.5.0-SNAPSHOT/hadoop-hdds-common-0.5.0-SNAPSHOT.jar:/home/user/.m2/repository/org/apache/hadoop/hadoop-hdds-config/0.5.0-SNAPSHOT/hadoop-hdds-config-0.5.0-SNAPSHOT.jar:/home/user/.m2/repository/javax/annotation/javax.annotation-api/1.2/javax.annotation-api-1.2.jar:/home/user/.m2/repository/org/apache/ratis/ratis-server/0.5.0-d6d58d0-SNAPSHOT/ratis-server-0.5.0-d6d58d0-SNAPSHOT.jar:/home/user/.m2/repository/org/apache/ratis/ratis-thirdparty-misc/0.2.0/ratis-thirdparty-misc-0.2.0.jar:/home/user/.m2/repository/org/apache/ratis/ratis-proto/0.5.0-d6d58d0-SNAPSHOT/ratis-proto-0.5.0-d6d58d0-SNAPSHOT.jar:/home/user/.m2/repository/org/apache/ratis/ratis-common/0.5.0-d6d58d0-SNAPSHOT/ratis-common-0.5.0-d6d58d0-SNAPSHOT.jar:/home/user/.m2/repository/org/apache/ratis/ratis-client/0.5.0-d6d58d0-SNAPSHOT/ratis-client-0.5.0-d6d58d0-SNAPSHOT.jar:/home/user/.m2/repository/org/apache/ratis/ratis-metrics/0.5.0-d6d58d0-SNAPSHOT/ratis-metrics-0.5.0-d6d58d0-SNAPSHOT.jar:/home/user/.m2/repository/org/apache/ratis/ratis-netty/0.5.0-d6d58d0-SNAPSHOT/ratis-netty-0.5.0-d6d58d0-SNAPSHOT.jar:/home/user/.m2/repository/org/apache/ratis/ratis-grpc/0.5.0-d6d58d0-SNAPSHOT/ratis-grpc-0.5.0-d6d58d0-SNAPSHOT.jar:/home/user/.m2/repository/org/rocksdb/rocksdbjni/6.0.1/rocksdbjni-6.0.1.jar:/home/user/.m2/repository/org/apache/logging/log4j/log4j-api/2.11.0/log4j-api-2.11.0.jar:/home/user/.m2/repository/org/apache/logging/log4j/log4j-core/2.11.0/log4j-core-2.11.0.jar:/home/user/.m2/repository/com/lmax/disruptor/3.4.2/disruptor-3.4.2.jar:/home/user/.m2/repository/org/apache/commons/commons-pool2/2.6.0/commons-pool2-2.6.0.jar:/home/user/.m2/repository/org/bouncycastle/bcpkix-jdk15on/1.60/bcpkix-jdk15on-1.60.jar:/home/user/.m2/repository/commons-validator/commons-validator/1.6/commons-validator-1.6.jar:/home/user/.m2/repository/commons-digester/commons-digester/1.8.1/commons-digester-1.8.1.jar:/home/user/.m2/repository/io/jaegertracing/jaeger-client/0.34.0/jaeger-client-0.34.0.jar:/home/user/.m2/repository/io/jaegertracing/jaeger-thrift/0.34.0/jaeger-thrift-0.34.0.jar:/home/user/.m2/repository/org/apache/thrift/libthrift/0.12.0/libthrift-0.12.0.jar:/home/user/.m2/repository/com/squareup/okhttp3/okhttp/3.9.0/okhttp-3.9.0.jar:/home/user/.m2/repository/com/squareup/okio/okio/1.13.0/okio-1.13.0.jar:/home/user/.m2/repository/io/jaegertracing/jaeger-core/0.34.0/jaeger-core-0.34.0.jar:/home/user/.m2/repository/io/jaegertracing/jaeger-tracerresolver/0.34.0/jaeger-tracerresolver-0.34.0.jar:/home/user/.m2/repository/io/opentracing/contrib/opentracing-tracerresolver/0.1.5/opentracing-tracerresolver-0.1.5.jar:/home/user/.m2/repository/io/opentracing/opentracing-util/0.31.0/opentracing-util-0.31.0.jar:/home/user/.m2/repository/io/opentracing/opentracing-api/0.31.0/opentracing-api-0.31.0.jar:/home/user/.m2/repository/io/opentracing/opentracing-noop/0.31.0/opentracing-noop-0.31.0.jar:/home/user/.m2/repository/org/yaml/snakeyaml/1.16/snakeyaml-1.16.jar:/home/user/.m2/repository/org/apache/hadoop/hadoop-hdds-container-service/0.5.0-SNAPSHOT/hadoop-hdds-container-service-0.5.0-SNAPSHOT.jar:/home/user/.m2/repository/org/apache/hadoop/hadoop-hdds-client/0.5.0-SNAPSHOT/hadoop-hdds-client-0.5.0-SNAPSHOT.jar:/home/user/.m2/repository/org/apache/hadoop/hadoop-hdds-tools/0.5.0-SNAPSHOT/hadoop-hdds-tools-0.5.0-SNAPSHOT.jar:/home/user/.m2/repository/org/xerial/sqlite-jdbc/3.25.2/sqlite-jdbc-3.25.2.jar:/home/user/.m2/repository/org/apache/hadoop/hadoop-hdds-server-scm/0.5.0-SNAPSHOT/hadoop-hdds-server-scm-0.5.0-SNAPSHOT.jar:/home/user/.m2/repository/org/hamcrest/hamcrest-all/1.3/hamcrest-all-1.3.jar:/home/user/.m2/repository/info/picocli/picocli/3.9.6/picocli-3.9.6.jar:/home/user/.m2/repository/com/google/protobuf/protobuf-java/2.5.0/protobuf-java-2.5.0.jar:/home/user/.m2/repository/com/google/guava/guava/11.0.2/guava-11.0.2.jar:/home/user/.m2/repository/org/apache/hadoop/hadoop-ozone-client/0.5.0-SNAPSHOT/hadoop-ozone-client-0.5.0-SNAPSHOT.jar:/workdir/hadoop-ozone/ozonefs/target/classes:/home/user/.m2/repository/org/apache/httpcomponents/httpclient/4.5.2/httpclient-4.5.2.jar:/home/user/.m2/repository/org/apache/httpcomponents/httpcore/4.4.4/httpcore-4.4.4.jar:/home/user/.m2/repository/org/apache/hadoop/hadoop-hdds-server-framework/0.5.0-SNAPSHOT/hadoop-hdds-server-framework-0.5.0-SNAPSHOT.jar:/home/user/.m2/repository/org/apache/hadoop/hadoop-common/3.2.0/hadoop-common-3.2.0.jar:/home/user/.m2/repository/org/apache/hadoop/hadoop-annotations/3.2.0/hadoop-annotations-3.2.0.jar:/usr/lib/jvm/java-1.8.0-openjdk-1.8.0.222.b10-1.el7_7.x86_64/jre/../lib/tools.jar:/home/user/.m2/repository/commons-cli/commons-cli/1.2/commons-cli-1.2.jar:/home/user/.m2/repository/org/apache/commons/commons-math3/3.1.1/commons-math3-3.1.1.jar:/home/user/.m2/repository/commons-codec/commons-codec/1.11/commons-codec-1.11.jar:/home/user/.m2/repository/commons-io/commons-io/2.5/commons-io-2.5.jar:/home/user/.m2/repository/commons-net/commons-net/3.6/commons-net-3.6.jar:/home/user/.m2/repository/commons-collections/commons-collections/3.2.2/commons-collections-3.2.2.jar:/home/user/.m2/repository/javax/servlet/javax.servlet-api/3.1.0/javax.servlet-api-3.1.0.jar:/home/user/.m2/repository/org/eclipse/jetty/jetty-server/9.3.25.v20180904/jetty-server-9.3.25.v20180904.jar:/home/user/.m2/repository/org/eclipse/jetty/jetty-http/9.3.25.v20180904/jetty-http-9.3.25.v20180904.jar:/home/user/.m2/repository/org/eclipse/jetty/jetty-io/9.3.25.v20180904/jetty-io-9.3.25.v20180904.jar:/home/user/.m2/repository/org/eclipse/jetty/jetty-util/9.3.25.v20180904/jetty-util-9.3.25.v20180904.jar:/home/user/.m2/repository/org/eclipse/jetty/jetty-servlet/9.3.25.v20180904/jetty-servlet-9.3.25.v20180904.jar:/home/user/.m2/repository/org/eclipse/jetty/jetty-security/9.3.25.v20180904/jetty-security-9.3.25.v20180904.jar:/home/user/.m2/repository/org/eclipse/jetty/jetty-webapp/9.3.25.v20180904/jetty-webapp-9.3.25.v20180904.jar:/home/user/.m2/repository/org/eclipse/jetty/jetty-xml/9.3.25.v20180904/jetty-xml-9.3.25.v20180904.jar:/home/user/.m2/repository/javax/servlet/jsp/jsp-api/2.1/jsp-api-2.1.jar:/home/user/.m2/repository/com/sun/jersey/jersey-core/1.19/jersey-core-1.19.jar:/home/user/.m2/repository/javax/ws/rs/jsr311-api/1.1.1/jsr311-api-1.1.1.jar:/home/user/.m2/repository/com/sun/jersey/jersey-servlet/1.19/jersey-servlet-1.19.jar:/home/user/.m2/repository/com/sun/jersey/jersey-json/1.19/jersey-json-1.19.jar:/home/user/.m2/repository/org/codehaus/jettison/jettison/1.1/jettison-1.1.jar:/home/user/.m2/repository/com/sun/xml/bind/jaxb-impl/2.3.0.1/jaxb-impl-2.3.0.1.jar:/home/user/.m2/repository/org/codehaus/jackson/jackson-core-asl/1.9.13/jackson-core-asl-1.9.13.jar:/home/user/.m2/repository/org/codehaus/jackson/jackson-mapper-asl/1.9.13/jackson-mapper-asl-1.9.13.jar:/home/user/.m2/repository/org/codehaus/jackson/jackson-jaxrs/1.9.13/jackson-jaxrs-1.9.13.jar:/home/user/.m2/repository/org/codehaus/jackson/jackson-xc/1.9.13/jackson-xc-1.9.13.jar:/home/user/.m2/repository/com/sun/jersey/jersey-server/1.19/jersey-server-1.19.jar:/home/user/.m2/repository/commons-logging/commons-logging/1.1.3/commons-logging-1.1.3.jar:/home/user/.m2/repository/log4j/log4j/1.2.17/log4j-1.2.17.jar:/home/user/.m2/repository/commons-beanutils/commons-beanutils/1.9.4/commons-beanutils-1.9.4.jar:/home/user/.m2/repository/org/apache/commons/commons-configuration2/2.1.1/commons-configuration2-2.1.1.jar:/home/user/.m2/repository/org/apache/commons/commons-lang3/3.7/commons-lang3-3.7.jar:/home/user/.m2/repository/org/apache/commons/commons-text/1.4/commons-text-1.4.jar:/home/user/.m2/repository/org/slf4j/slf4j-api/1.7.25/slf4j-api-1.7.25.jar:/home/user/.m2/repository/org/slf4j/slf4j-log4j12/1.7.25/slf4j-log4j12-1.7.25.jar:/home/user/.m2/repository/org/apache/avro/avro/1.7.7/avro-1.7.7.jar:/home/user/.m2/repository/com/thoughtworks/paranamer/paranamer/2.3/paranamer-2.3.jar:/home/user/.m2/repository/org/xerial/snappy/snappy-java/1.0.5/snappy-java-1.0.5.jar:/home/user/.m2/repository/com/google/re2j/re2j/1.1/re2j-1.1.jar:/home/user/.m2/repository/com/google/code/gson/gson/2.2.4/gson-2.2.4.jar:/home/user/.m2/repository/org/apache/hadoop/hadoop-auth/3.2.0/hadoop-auth-3.2.0.jar:/home/user/.m2/repository/com/nimbusds/nimbus-jose-jwt/4.41.1/nimbus-jose-jwt-4.41.1.jar:/home/user/.m2/repository/com/github/stephenc/jcip/jcip-annotations/1.0-1/jcip-annotations-1.0-1.jar:/home/user/.m2/repository/net/minidev/json-smart/2.3/json-smart-2.3.jar:/home/user/.m2/repository/net/minidev/accessors-smart/1.2/accessors-smart-1.2.jar:/home/user/.m2/repository/org/apache/curator/curator-framework/2.12.0/curator-framework-2.12.0.jar:/home/user/.m2/repository/com/jcraft/jsch/0.1.54/jsch-0.1.54.jar:/home/user/.m2/repository/org/apache/curator/curator-client/2.12.0/curator-client-2.12.0.jar:/home/user/.m2/repository/org/apache/curator/curator-recipes/2.12.0/curator-recipes-2.12.0.jar:/home/user/.m2/repository/com/google/code/findbugs/jsr305/3.0.0/jsr305-3.0.0.jar:/home/user/.m2/repository/org/apache/htrace/htrace-core4/4.1.0-incubating/htrace-core4-4.1.0-incubating.jar:/home/user/.m2/repository/org/apache/zookeeper/zookeeper/3.4.13/zookeeper-3.4.13.jar:/home/user/.m2/repository/jline/jline/0.9.94/jline-0.9.94.jar:/home/user/.m2/repository/org/apache/yetus/audience-annotations/0.5.0/audience-annotations-0.5.0.jar:/home/user/.m2/repository/org/apache/kerby/kerb-simplekdc/1.0.1/kerb-simplekdc-1.0.1.jar:/home/user/.m2/repository/org/apache/kerby/kerb-client/1.0.1/kerb-client-1.0.1.jar:/home/user/.m2/repository/org/apache/kerby/kerby-config/1.0.1/kerby-config-1.0.1.jar:/home/user/.m2/repository/org/apache/kerby/kerb-core/1.0.1/kerb-core-1.0.1.jar:/home/user/.m2/repository/org/apache/kerby/kerby-pkix/1.0.1/kerby-pkix-1.0.1.jar:/home/user/.m2/repository/org/apache/kerby/kerby-asn1/1.0.1/kerby-asn1-1.0.1.jar:/home/user/.m2/repository/org/apache/kerby/kerby-util/1.0.1/kerby-util-1.0.1.jar:/home/user/.m2/repository/org/apache/kerby/kerb-common/1.0.1/kerb-common-1.0.1.jar:/home/user/.m2/repository/org/apache/kerby/kerb-crypto/1.0.1/kerb-crypto-1.0.1.jar:/home/user/.m2/repository/org/apache/kerby/kerb-util/1.0.1/kerb-util-1.0.1.jar:/home/user/.m2/repository/org/apache/kerby/token-provider/1.0.1/token-provider-1.0.1.jar:/home/user/.m2/repository/org/apache/kerby/kerb-admin/1.0.1/kerb-admin-1.0.1.jar:/home/user/.m2/repository/org/apache/kerby/kerb-server/1.0.1/kerb-server-1.0.1.jar:/home/user/.m2/repository/org/apache/kerby/kerb-identity/1.0.1/kerb-identity-1.0.1.jar:/home/user/.m2/repository/org/apache/kerby/kerby-xdr/1.0.1/kerby-xdr-1.0.1.jar:/home/user/.m2/repository/com/fasterxml/jackson/core/jackson-databind/2.9.9/jackson-databind-2.9.9.jar:/home/user/.m2/repository/com/fasterxml/jackson/core/jackson-core/2.9.9/jackson-core-2.9.9.jar:/home/user/.m2/repository/org/codehaus/woodstox/stax2-api/3.1.4/stax2-api-3.1.4.jar:/home/user/.m2/repository/com/fasterxml/woodstox/woodstox-core/5.0.3/woodstox-core-5.0.3.jar:/home/user/.m2/repository/dnsjava/dnsjava/2.1.7/dnsjava-2.1.7.jar:/home/user/.m2/repository/org/apache/hadoop/hadoop-hdfs/3.2.0/hadoop-hdfs-3.2.0.jar:/home/user/.m2/repository/org/eclipse/jetty/jetty-util-ajax/9.3.25.v20180904/jetty-util-ajax-9.3.25.v20180904.jar:/home/user/.m2/repository/commons-daemon/commons-daemon/1.0.13/commons-daemon-1.0.13.jar:/home/user/.m2/repository/io/netty/netty/3.10.5.Final/netty-3.10.5.Final.jar:/home/user/.m2/repository/io/netty/netty-all/4.0.52.Final/netty-all-4.0.52.Final.jar:/home/user/.m2/repository/org/fusesource/leveldbjni/leveldbjni-all/1.8/leveldbjni-all-1.8.jar:/home/user/.m2/repository/com/sun/xml/bind/jaxb-core/2.3.0.1/jaxb-core-2.3.0.1.jar:/home/user/.m2/repository/javax/xml/bind/jaxb-api/2.3.0/jaxb-api-2.3.0.jar:/home/user/.m2/repository/javax/activation/activation/1.1.1/activation-1.1.1.jar:/home/user/.m2/repository/org/openjdk/jmh/jmh-core/1.19/jmh-core-1.19.jar:/home/user/.m2/repository/net/sf/jopt-simple/jopt-simple/4.6/jopt-simple-4.6.jar:/home/user/.m2/repository/org/openjdk/jmh/jmh-generator-annprocess/1.19/jmh-generator-annprocess-1.19.jar:/home/user/.m2/repository/io/dropwizard/metrics/metrics-core/3.2.4/metrics-core-3.2.4.jar:/home/user/.m2/repository/com/amazonaws/aws-java-sdk-s3/1.11.615/aws-java-sdk-s3-1.11.615.jar:/home/user/.m2/repository/com/amazonaws/aws-java-sdk-kms/1.11.615/aws-java-sdk-kms-1.11.615.jar:/home/user/.m2/repository/com/amazonaws/aws-java-sdk-core/1.11.615/aws-java-sdk-core-1.11.615.jar:/home/user/.m2/repository/software/amazon/ion/ion-java/1.0.2/ion-java-1.0.2.jar:/home/user/.m2/repository/com/fasterxml/jackson/dataformat/jackson-dataformat-cbor/2.9.9/jackson-dataformat-cbor-2.9.9.jar:/home/user/.m2/repository/joda-time/joda-time/2.9.9/joda-time-2.9.9.jar:/home/user/.m2/repository/com/amazonaws/jmespath-java/1.11.615/jmespath-java-1.11.615.jar:/home/user/.m2/repository/com/github/spotbugs/spotbugs/3.1.12/spotbugs-3.1.12.jar:/home/user/.m2/repository/org/ow2/asm/asm/5.0.4/asm-5.0.4.jar:/home/user/.m2/repository/org/ow2/asm/asm-analysis/7.0/asm-analysis-7.0.jar:/home/user/.m2/repository/org/ow2/asm/asm-commons/7.0/asm-commons-7.0.jar:/home/user/.m2/repository/org/ow2/asm/asm-tree/7.0/asm-tree-7.0.jar:/home/user/.m2/repository/org/ow2/asm/asm-util/7.0/asm-util-7.0.jar:/home/user/.m2/repository/org/apache/bcel/bcel/6.3/bcel-6.3.jar:/home/user/.m2/repository/net/jcip/jcip-annotations/1.0/jcip-annotations-1.0.jar:/home/user/.m2/repository/org/dom4j/dom4j/2.1.1/dom4j-2.1.1.jar:/home/user/.m2/repository/jaxen/jaxen/1.1.6/jaxen-1.1.6.jar:/home/user/.m2/repository/commons-lang/commons-lang/2.6/commons-lang-2.6.jar:/home/user/.m2/repository/com/github/spotbugs/spotbugs-annotations/3.1.12/spotbugs-annotations-3.1.12.jar:/home/user/.m2/repository/junit/junit/4.11/junit-4.11.jar:/home/user/.m2/repository/org/hamcrest/hamcrest-core/1.3/hamcrest-core-1.3.jar:/home/user/.m2/repository/org/apache/hadoop/hadoop-common/3.2.0/hadoop-common-3.2.0-tests.jar:/workdir/hadoop-ozone/integration-test/target/test-classes:/home/user/.m2/repository/org/apache/hadoop/hadoop-ozone-s3gateway/0.5.0-SNAPSHOT/hadoop-ozone-s3gateway-0.5.0-SNAPSHOT.jar:/home/user/.m2/repository/org/jboss/weld/servlet/weld-servlet/2.4.7.Final/weld-servlet-2.4.7.Final.jar:/home/user/.m2/repository/org/glassfish/jersey/containers/jersey-container-servlet-core/2.27/jersey-container-servlet-core-2.27.jar:/home/user/.m2/repository/org/glassfish/hk2/external/javax.inject/2.5.0-b42/javax.inject-2.5.0-b42.jar:/home/user/.m2/repository/org/glassfish/jersey/core/jersey-common/2.27/jersey-common-2.27.jar:/home/user/.m2/repository/org/glassfish/hk2/osgi-resource-locator/1.0.1/osgi-resource-locator-1.0.1.jar:/home/user/.m2/repository/javax/ws/rs/javax.ws.rs-api/2.1/javax.ws.rs-api-2.1.jar:/home/user/.m2/repository/org/glassfish/jersey/ext/cdi/jersey-cdi1x/2.27/jersey-cdi1x-2.27.jar:/home/user/.m2/repository/org/glassfish/jersey/inject/jersey-hk2/2.27/jersey-hk2-2.27.jar:/home/user/.m2/repository/org/glassfish/hk2/hk2-locator/2.5.0-b42/hk2-locator-2.5.0-b42.jar:/home/user/.m2/repository/org/javassist/javassist/3.22.0-CR2/javassist-3.22.0-CR2.jar:/home/user/.m2/repository/org/glassfish/hk2/hk2-api/2.5.0/hk2-api-2.5.0.jar:/home/user/.m2/repository/org/glassfish/hk2/external/jakarta.inject/2.5.0/jakarta.inject-2.5.0.jar:/home/user/.m2/repository/org/glassfish/hk2/hk2-utils/2.5.0/hk2-utils-2.5.0.jar:/home/user/.m2/repository/jakarta/annotation/jakarta.annotation-api/1.3.4/jakarta.annotation-api-1.3.4.jar:/home/user/.m2/repository/org/glassfish/hk2/external/aopalliance-repackaged/2.5.0/aopalliance-repackaged-2.5.0.jar:/home/user/.m2/repository/com/fasterxml/jackson/dataformat/jackson-dataformat-xml/2.9.0/jackson-dataformat-xml-2.9.0.jar:/home/user/.m2/repository/com/fasterxml/jackson/module/jackson-module-jaxb-annotations/2.9.9/jackson-module-jaxb-annotations-2.9.9.jar:/home/user/.m2/repository/javax/enterprise/cdi-api/1.2/cdi-api-1.2.jar:/home/user/.m2/repository/javax/el/javax.el-api/3.0.0/javax.el-api-3.0.0.jar:/home/user/.m2/repository/javax/interceptor/javax.interceptor-api/1.2/javax.interceptor-api-1.2.jar:/home/user/.m2/repository/javax/inject/javax.inject/1/javax.inject-1.jar:/home/user/.m2/repository/org/apache/hadoop/hadoop-ozone-csi/0.5.0-SNAPSHOT/hadoop-ozone-csi-0.5.0-SNAPSHOT.jar:/home/user/.m2/repository/com/google/protobuf/protobuf-java-util/3.5.1/protobuf-java-util-3.5.1.jar:/home/user/.m2/repository/io/grpc/grpc-netty/1.17.1/grpc-netty-1.17.1.jar:/home/user/.m2/repository/io/grpc/grpc-core/1.17.1/grpc-core-1.17.1.jar:/home/user/.m2/repository/io/grpc/grpc-context/1.17.1/grpc-context-1.17.1.jar:/home/user/.m2/repository/com/google/errorprone/error_prone_annotations/2.2.0/error_prone_annotations-2.2.0.jar:/home/user/.m2/repository/org/codehaus/mojo/animal-sniffer-annotations/1.17/animal-sniffer-annotations-1.17.jar:/home/user/.m2/repository/io/opencensus/opencensus-api/0.17.0/opencensus-api-0.17.0.jar:/home/user/.m2/repository/io/opencensus/opencensus-contrib-grpc-metrics/0.17.0/opencensus-contrib-grpc-metrics-0.17.0.jar:/home/user/.m2/repository/io/netty/netty-codec-http2/4.1.30.Final/netty-codec-http2-4.1.30.Final.jar:/home/user/.m2/repository/io/netty/netty-codec-http/4.1.30.Final/netty-codec-http-4.1.30.Final.jar:/home/user/.m2/repository/io/netty/netty-codec/4.1.30.Final/netty-codec-4.1.30.Final.jar:/home/user/.m2/repository/io/netty/netty-handler/4.1.30.Final/netty-handler-4.1.30.Final.jar:/home/user/.m2/repository/io/netty/netty-handler-proxy/4.1.30.Final/netty-handler-proxy-4.1.30.Final.jar:/home/user/.m2/repository/io/netty/netty-codec-socks/4.1.30.Final/netty-codec-socks-4.1.30.Final.jar:/home/user/.m2/repository/io/netty/netty-transport-native-epoll/4.1.30.Final/netty-transport-native-epoll-4.1.30.Final.jar:/home/user/.m2/repository/io/netty/netty-common/4.1.30.Final/netty-common-4.1.30.Final.jar:/home/user/.m2/repository/io/netty/netty-buffer/4.1.30.Final/netty-buffer-4.1.30.Final.jar:/home/user/.m2/repository/io/netty/netty-transport/4.1.30.Final/netty-transport-4.1.30.Final.jar:/home/user/.m2/repository/io/netty/netty-resolver/4.1.30.Final/netty-resolver-4.1.30.Final.jar:/home/user/.m2/repository/io/netty/netty-transport-native-unix-common/4.1.30.Final/netty-transport-native-unix-common-4.1.30.Final.jar:/home/user/.m2/repository/io/grpc/grpc-protobuf/1.17.1/grpc-protobuf-1.17.1.jar:/home/user/.m2/repository/com/google/api/grpc/proto-google-common-protos/1.0.0/proto-google-common-protos-1.0.0.jar:/home/user/.m2/repository/io/grpc/grpc-protobuf-lite/1.17.1/grpc-protobuf-lite-1.17.1.jar:/home/user/.m2/repository/io/grpc/grpc-stub/1.17.1/grpc-stub-1.17.1.jar:/home/user/.m2/repository/org/apache/hadoop/hadoop-ozone-recon/0.5.0-SNAPSHOT/hadoop-ozone-recon-0.5.0-SNAPSHOT.jar:/home/user/.m2/repository/org/apache/hadoop/hadoop-ozone-reconcodegen/0.5.0-SNAPSHOT/hadoop-ozone-reconcodegen-0.5.0-SNAPSHOT.jar:/home/user/.m2/repository/com/google/inject/extensions/guice-multibindings/4.0/guice-multibindings-4.0.jar:/home/user/.m2/repository/com/google/inject/guice/4.0/guice-4.0.jar:/home/user/.m2/repository/aopalliance/aopalliance/1.0/aopalliance-1.0.jar:/home/user/.m2/repository/com/google/inject/extensions/guice-servlet/4.0/guice-servlet-4.0.jar:/home/user/.m2/repository/org/glassfish/jersey/containers/jersey-container-servlet/2.27/jersey-container-servlet-2.27.jar:/home/user/.m2/repository/org/glassfish/hk2/guice-bridge/2.5.0/guice-bridge-2.5.0.jar:/home/user/.m2/repository/org/glassfish/jersey/core/jersey-server/2.27/jersey-server-2.27.jar:/home/user/.m2/repository/org/glassfish/jersey/core/jersey-client/2.27/jersey-client-2.27.jar:/home/user/.m2/repository/org/glassfish/jersey/media/jersey-media-jaxb/2.27/jersey-media-jaxb-2.27.jar:/home/user/.m2/repository/javax/validation/validation-api/1.1.0.Final/validation-api-1.1.0.Final.jar:/home/user/.m2/repository/org/glassfish/jersey/media/jersey-media-json-jackson/2.27/jersey-media-json-jackson-2.27.jar:/home/user/.m2/repository/org/glassfish/jersey/ext/jersey-entity-filtering/2.27/jersey-entity-filtering-2.27.jar:/home/user/.m2/repository/com/google/inject/extensions/guice-assistedinject/4.0/guice-assistedinject-4.0.jar:/home/user/.m2/repository/org/jooq/jooq/3.11.10/jooq-3.11.10.jar:/home/user/.m2/repository/org/jooq/jooq-meta/3.11.10/jooq-meta-3.11.10.jar:/home/user/.m2/repository/org/jooq/jooq-codegen/3.11.10/jooq-codegen-3.11.10.jar:/home/user/.m2/repository/com/jolbox/bonecp/0.8.0.RELEASE/bonecp-0.8.0.RELEASE.jar:/home/user/.m2/repository/org/springframework/spring-jdbc/5.1.3.RELEASE/spring-jdbc-5.1.3.RELEASE.jar:/home/user/.m2/repository/org/springframework/spring-beans/5.1.3.RELEASE/spring-beans-5.1.3.RELEASE.jar:/home/user/.m2/repository/org/springframework/spring-core/5.1.3.RELEASE/spring-core-5.1.3.RELEASE.jar:/home/user/.m2/repository/org/springframework/spring-jcl/5.1.3.RELEASE/spring-jcl-5.1.3.RELEASE.jar:/home/user/.m2/repository/org/springframework/spring-tx/5.1.3.RELEASE/spring-tx-5.1.3.RELEASE.jar:/home/user/.m2/repository/org/mockito/mockito-core/2.15.0/mockito-core-2.15.0.jar:/home/user/.m2/repository/net/bytebuddy/byte-buddy/1.7.9/byte-buddy-1.7.9.jar:/home/user/.m2/repository/net/bytebuddy/byte-buddy-agent/1.7.9/byte-buddy-agent-1.7.9.jar:/home/user/.m2/repository/org/objenesis/objenesis/1.0/objenesis-1.0.jar:"/>
    <property name="sun.cpu.endian" value="little"/>
    <property name="user.home" value="/home/user"/>
    <property name="user.language" value="en"/>
    <property name="java.specification.vendor" value="Oracle Corporation"/>
    <property name="java.home" value="/usr/lib/jvm/java-1.8.0-openjdk-1.8.0.222.b10-1.el7_7.x86_64/jre"/>
    <property name="surefire.excludesFile" value="/tools/ozone-bad-unit-tests"/>
    <property name="java.security.krb5.conf" value="/workdir/hadoop-ozone/tools/target/test-classes/krb5.conf"/>
    <property name="basedir" value="/workdir/hadoop-ozone/tools"/>
    <property name="file.separator" value="/"/>
    <property name="line.separator" value="&#10;"/>
    <property name="java.vm.specification.vendor" value="Oracle Corporation"/>
    <property name="java.specification.name" value="Java Platform API Specification"/>
    <property name="java.awt.graphicsenv" value="sun.awt.X11GraphicsEnvironment"/>
    <property name="surefire.real.class.path" value="/workdir/hadoop-ozone/tools/target/surefire/surefirebooter2267693925617268195.jar"/>
    <property name="hadoop.log.dir" value="/workdir/hadoop-ozone/tools/target/log"/>
    <property name="sun.boot.class.path" value="/usr/lib/jvm/java-1.8.0-openjdk-1.8.0.222.b10-1.el7_7.x86_64/jre/lib/resources.jar:/usr/lib/jvm/java-1.8.0-openjdk-1.8.0.222.b10-1.el7_7.x86_64/jre/lib/rt.jar:/usr/lib/jvm/java-1.8.0-openjdk-1.8.0.222.b10-1.el7_7.x86_64/jre/lib/sunrsasign.jar:/usr/lib/jvm/java-1.8.0-openjdk-1.8.0.222.b10-1.el7_7.x86_64/jre/lib/jsse.jar:/usr/lib/jvm/java-1.8.0-openjdk-1.8.0.222.b10-1.el7_7.x86_64/jre/lib/jce.jar:/usr/lib/jvm/java-1.8.0-openjdk-1.8.0.222.b10-1.el7_7.x86_64/jre/lib/charsets.jar:/usr/lib/jvm/java-1.8.0-openjdk-1.8.0.222.b10-1.el7_7.x86_64/jre/lib/jfr.jar:/usr/lib/jvm/java-1.8.0-openjdk-1.8.0.222.b10-1.el7_7.x86_64/jre/classes"/>
    <property name="sun.management.compiler" value="HotSpot 64-Bit Tiered Compilers"/>
    <property name="java.runtime.version" value="1.8.0_222-b10"/>
    <property name="java.net.preferIPv4Stack" value="true"/>
    <property name="user.name" value="jenkins1000"/>
    <property name="path.separator" value=":"/>
    <property name="java.security.egd" value="file:///dev/urandom"/>
    <property name="os.version" value="3.10.0-957.12.2.el7.x86_64"/>
    <property name="java.endorsed.dirs" value="/usr/lib/jvm/java-1.8.0-openjdk-1.8.0.222.b10-1.el7_7.x86_64/jre/lib/endorsed"/>
    <property name="java.runtime.name" value="OpenJDK Runtime Environment"/>
    <property name="file.encoding" value="ANSI_X3.4-1968"/>
    <property name="java.vm.name" value="OpenJDK 64-Bit Server VM"/>
    <property name="test.build.webapps" value=""/>
    <property name="localRepository" value="/home/user/.m2/repository"/>
    <property name="java.vendor.url.bug" value="http://bugreport.sun.com/bugreport/"/>
    <property name="java.io.tmpdir" value="/tmp"/>
    <property name="require.test.libhadoop" value=""/>
    <property name="java.version" value="1.8.0_222"/>
    <property name="user.dir" value="/workdir/hadoop-ozone/tools"/>
    <property name="os.arch" value="amd64"/>
    <property name="java.vm.specification.name" value="Java Virtual Machine Specification"/>
    <property name="test.build.classes" value="/workdir/hadoop-ozone/tools/target/test-classes"/>
    <property name="java.awt.printerjob" value="sun.print.PSPrinterJob"/>
    <property name="sun.os.patch.level" value="unknown"/>
    <property name="hadoop.tmp.dir" value="/workdir/hadoop-ozone/tools/target/tmp"/>
    <property name="java.library.path" value="/usr/lib:/workdir/hadoop-ozone/tools/target/native/target/usr/local/lib:/workdir/hadoop-ozone/tools/../../hadoop-common-project/hadoop-common/target/native/target/usr/local/lib:/usr/java/packages/lib/amd64:/usr/lib64:/lib64:/lib:/usr/lib"/>
    <property name="java.vm.info" value="mixed mode"/>
    <property name="java.vendor" value="Oracle Corporation"/>
    <property name="java.vm.version" value="25.222-b10"/>
    <property name="java.ext.dirs" value="/usr/lib/jvm/java-1.8.0-openjdk-1.8.0.222.b10-1.el7_7.x86_64/jre/lib/ext:/usr/java/packages/lib/ext"/>
    <property name="sun.io.unicode.encoding" value="UnicodeLittle"/>
    <property name="java.class.version" value="52.0"/>
  </properties>
  <testcase name="testRestart" classname="org.apache.hadoop.ozone.freon.TestFreonWithPipelineDestroy" time="19.116">
    <error message="INTERNAL_ERROR org.apache.hadoop.ozone.om.exceptions.OMException: Allocated 0 blocks. Requested 5 blocks" type="java.lang.RuntimeException">java.lang.RuntimeException: INTERNAL_ERROR org.apache.hadoop.ozone.om.exceptions.OMException: Allocated 0 blocks. Requested 5 blocks
	at org.apache.hadoop.ozone.freon.RandomKeyGenerator.call(RandomKeyGenerator.java:341)
	at org.apache.hadoop.ozone.freon.TestFreonWithPipelineDestroy.startFreon(TestFreonWithPipelineDestroy.java:87)
	at org.apache.hadoop.ozone.freon.TestFreonWithPipelineDestroy.testRestart(TestFreonWithPipelineDestroy.java:74)
	at sun.reflect.NativeMethodAccessorImpl.invoke0(Native Method)
	at sun.reflect.NativeMethodAccessorImpl.invoke(NativeMethodAccessorImpl.java:62)
	at sun.reflect.DelegatingMethodAccessorImpl.invoke(DelegatingMethodAccessorImpl.java:43)
	at java.lang.reflect.Method.invoke(Method.java:498)
	at org.junit.runners.model.FrameworkMethod$1.runReflectiveCall(FrameworkMethod.java:47)
	at org.junit.internal.runners.model.ReflectiveCallable.run(ReflectiveCallable.java:12)
	at org.junit.runners.model.FrameworkMethod.invokeExplosively(FrameworkMethod.java:44)
	at org.junit.internal.runners.statements.InvokeMethod.evaluate(InvokeMethod.java:17)
	at org.junit.runners.ParentRunner.runLeaf(ParentRunner.java:271)
	at org.junit.runners.BlockJUnit4ClassRunner.runChild(BlockJUnit4ClassRunner.java:70)
	at org.junit.runners.BlockJUnit4ClassRunner.runChild(BlockJUnit4ClassRunner.java:50)
	at org.junit.runners.ParentRunner$3.run(ParentRunner.java:238)
	at org.junit.runners.ParentRunner$1.schedule(ParentRunner.java:63)
	at org.junit.runners.ParentRunner.runChildren(ParentRunner.java:236)
	at org.junit.runners.ParentRunner.access$000(ParentRunner.java:53)
	at org.junit.runners.ParentRunner$2.evaluate(ParentRunner.java:229)
	at org.junit.internal.runners.statements.RunBefores.evaluate(RunBefores.java:26)
	at org.junit.internal.runners.statements.RunAfters.evaluate(RunAfters.java:27)
	at org.junit.runners.ParentRunner.run(ParentRunner.java:309)
	at org.apache.maven.surefire.junit4.JUnit4Provider.execute(JUnit4Provider.java:365)
	at org.apache.maven.surefire.junit4.JUnit4Provider.executeWithRerun(JUnit4Provider.java:273)
	at org.apache.maven.surefire.junit4.JUnit4Provider.executeTestSet(JUnit4Provider.java:238)
	at org.apache.maven.surefire.junit4.JUnit4Provider.invoke(JUnit4Provider.java:159)
	at org.apache.maven.surefire.booter.ForkedBooter.invokeProviderInSameClassLoader(ForkedBooter.java:384)
	at org.apache.maven.surefire.booter.ForkedBooter.runSuitesInProcess(ForkedBooter.java:345)
	at org.apache.maven.surefire.booter.ForkedBooter.execute(ForkedBooter.java:126)
	at org.apache.maven.surefire.booter.ForkedBooter.main(ForkedBooter.java:418)
Caused by: INTERNAL_ERROR org.apache.hadoop.ozone.om.exceptions.OMException: Allocated 0 blocks. Requested 5 blocks
	at org.apache.hadoop.ozone.om.protocolPB.OzoneManagerProtocolClientSideTranslatorPB.handleError(OzoneManagerProtocolClientSideTranslatorPB.java:761)
	at org.apache.hadoop.ozone.om.protocolPB.OzoneManagerProtocolClientSideTranslatorPB.openKey(OzoneManagerProtocolClientSideTranslatorPB.java:752)
	at sun.reflect.NativeMethodAccessorImpl.invoke0(Native Method)
	at sun.reflect.NativeMethodAccessorImpl.invoke(NativeMethodAccessorImpl.java:62)
	at sun.reflect.DelegatingMethodAccessorImpl.invoke(DelegatingMethodAccessorImpl.java:43)
	at java.lang.reflect.Method.invoke(Method.java:498)
	at org.apache.hadoop.hdds.tracing.TraceAllMethod.invoke(TraceAllMethod.java:66)
	at com.sun.proxy.$Proxy37.openKey(Unknown Source)
	at org.apache.hadoop.ozone.client.rpc.RpcClient.createKey(RpcClient.java:633)
	at org.apache.hadoop.ozone.client.OzoneBucket.createKey(OzoneBucket.java:325)
	at org.apache.hadoop.ozone.freon.RandomKeyGenerator.createKey(RandomKeyGenerator.java:697)
	at org.apache.hadoop.ozone.freon.RandomKeyGenerator.access$1100(RandomKeyGenerator.java:88)
	at org.apache.hadoop.ozone.freon.RandomKeyGenerator$ObjectCreator.run(RandomKeyGenerator.java:615)
	at java.util.concurrent.Executors$RunnableAdapter.call(Executors.java:511)
	at java.util.concurrent.FutureTask.run(FutureTask.java:266)
	at java.util.concurrent.ThreadPoolExecutor.runWorker(ThreadPoolExecutor.java:1149)
	at java.util.concurrent.ThreadPoolExecutor$Worker.run(ThreadPoolExecutor.java:624)
	at java.lang.Thread.run(Thread.java:748)
</error>
    <system-out><![CDATA[2019-11-18 05:51:25,437 [main] WARN  server.ServerUtils (ServerUtils.java:getScmDbDir(145)) - ozone.scm.db.dirs is not configured. We recommend adding this setting. Falling back to ozone.metadata.dirs instead.
2019-11-18 05:51:25,557 [main] WARN  server.ServerUtils (ServerUtils.java:getScmDbDir(145)) - ozone.scm.db.dirs is not configured. We recommend adding this setting. Falling back to ozone.metadata.dirs instead.
2019-11-18 05:51:25,560 [main] WARN  server.ServerUtils (ServerUtils.java:getScmDbDir(145)) - ozone.scm.db.dirs is not configured. We recommend adding this setting. Falling back to ozone.metadata.dirs instead.
2019-11-18 05:51:25,584 [main] INFO  util.log (Log.java:initialized(192)) - Logging initialized @839ms
2019-11-18 05:51:25,679 [main] INFO  db.DBStoreBuilder (DBStoreBuilder.java:addTable(127)) - using custom profile for table: deletedBlocks
2019-11-18 05:51:25,679 [main] INFO  db.DBStoreBuilder (DBStoreBuilder.java:processTables(183)) - Using default column profile:DBProfile.DISK for Table:deletedBlocks
2019-11-18 05:51:25,680 [main] INFO  db.DBStoreBuilder (DBStoreBuilder.java:addTable(127)) - using custom profile for table: validCerts
2019-11-18 05:51:25,680 [main] INFO  db.DBStoreBuilder (DBStoreBuilder.java:processTables(183)) - Using default column profile:DBProfile.DISK for Table:validCerts
2019-11-18 05:51:25,680 [main] INFO  db.DBStoreBuilder (DBStoreBuilder.java:addTable(127)) - using custom profile for table: revokedCerts
2019-11-18 05:51:25,681 [main] INFO  db.DBStoreBuilder (DBStoreBuilder.java:processTables(183)) - Using default column profile:DBProfile.DISK for Table:revokedCerts
2019-11-18 05:51:25,692 [main] INFO  db.DBStoreBuilder (DBStoreBuilder.java:addTable(127)) - using custom profile for table: default
2019-11-18 05:51:25,692 [main] INFO  db.DBStoreBuilder (DBStoreBuilder.java:processTables(189)) - Using default column profile:DBProfile.DISK for Table:default
2019-11-18 05:51:25,693 [main] INFO  db.DBStoreBuilder (DBStoreBuilder.java:getDbProfile(220)) - Using default options. DBProfile.DISK
2019-11-18 05:51:26,001 [main] INFO  net.NodeSchemaLoader (NodeSchemaLoader.java:loadSchemaFromFile(125)) - Loading file from sun.misc.CompoundEnumeration@5e0e82ae
2019-11-18 05:51:26,004 [main] INFO  net.NodeSchemaLoader (NodeSchemaLoader.java:loadSchema(171)) - Loading network topology layer schema file
2019-11-18 05:51:26,070 [main] INFO  node.SCMNodeManager (SCMNodeManager.java:<init>(116)) - Entering startup safe mode.
2019-11-18 05:51:26,133 [main] INFO  algorithms.ContainerPlacementPolicyFactory (ContainerPlacementPolicyFactory.java:getPolicy(57)) - Create container placement policy of type org.apache.hadoop.hdds.scm.container.placement.algorithms.SCMContainerPlacementRandom
2019-11-18 05:51:26,146 [main] WARN  server.ServerUtils (ServerUtils.java:getScmDbDir(145)) - ozone.scm.db.dirs is not configured. We recommend adding this setting. Falling back to ozone.metadata.dirs instead.
2019-11-18 05:51:26,217 [main] INFO  pipeline.SCMPipelineManager (SCMPipelineManager.java:initializePipelineState(136)) - No pipeline exists in current db
2019-11-18 05:51:26,220 [main] WARN  server.ServerUtils (ServerUtils.java:getScmDbDir(145)) - ozone.scm.db.dirs is not configured. We recommend adding this setting. Falling back to ozone.metadata.dirs instead.
2019-11-18 05:51:26,342 [main] INFO  safemode.HealthyPipelineSafeModeRule (HealthyPipelineSafeModeRule.java:<init>(92)) -  Total pipeline count is 0, healthy pipeline threshold count is 1
2019-11-18 05:51:26,346 [main] INFO  safemode.OneReplicaPipelineSafeModeRule (OneReplicaPipelineSafeModeRule.java:<init>(79)) - Total pipeline count is 0, pipeline's with at least one datanode reported threshold count is 0
2019-11-18 05:51:26,347 [main] WARN  events.EventQueue (EventQueue.java:fireEvent(183)) - No event handler registered for event TypedEvent{payloadType=SafeModeStatus, name='SafeModeStatus'}
2019-11-18 05:51:26,713 [main] INFO  ipc.CallQueueManager (CallQueueManager.java:<init>(84)) - Using callQueue: class java.util.concurrent.LinkedBlockingQueue, queueCapacity: 2000, scheduler: class org.apache.hadoop.ipc.DefaultRpcScheduler, ipcBackoff: false.
2019-11-18 05:51:26,863 [Socket Reader #1 for port 34247] INFO  ipc.Server (Server.java:run(1074)) - Starting Socket Reader #1 for port 34247
2019-11-18 05:51:26,905 [main] INFO  ipc.CallQueueManager (CallQueueManager.java:<init>(84)) - Using callQueue: class java.util.concurrent.LinkedBlockingQueue, queueCapacity: 2000, scheduler: class org.apache.hadoop.ipc.DefaultRpcScheduler, ipcBackoff: false.
2019-11-18 05:51:26,907 [Socket Reader #1 for port 41998] INFO  ipc.Server (Server.java:run(1074)) - Starting Socket Reader #1 for port 41998
2019-11-18 05:51:26,917 [main] INFO  ipc.CallQueueManager (CallQueueManager.java:<init>(84)) - Using callQueue: class java.util.concurrent.LinkedBlockingQueue, queueCapacity: 2000, scheduler: class org.apache.hadoop.ipc.DefaultRpcScheduler, ipcBackoff: false.
2019-11-18 05:51:26,919 [Socket Reader #1 for port 45196] INFO  ipc.Server (Server.java:run(1074)) - Starting Socket Reader #1 for port 45196
2019-11-18 05:51:26,951 [main] INFO  hdfs.DFSUtil (DFSUtil.java:httpServerTemplateForNNAndJN(1641)) - Starting Web-server for scm at: http://0.0.0.0:0
2019-11-18 05:51:27,101 [main] INFO  server.AuthenticationFilter (AuthenticationFilter.java:constructSecretProvider(240)) - Unable to initialize FileSignerSecretProvider, falling back to use random secrets.
2019-11-18 05:51:27,117 [main] WARN  http.HttpRequestLog (HttpRequestLog.java:getRequestLog(97)) - Jetty request log can only be enabled using Log4j
2019-11-18 05:51:27,125 [main] INFO  http.HttpServer2 (HttpServer2.java:addGlobalFilter(975)) - Added global filter 'safety' (class=org.apache.hadoop.http.HttpServer2$QuotingInputFilter)
2019-11-18 05:51:27,128 [main] INFO  http.HttpServer2 (HttpServer2.java:addFilter(948)) - Added filter static_user_filter (class=org.apache.hadoop.http.lib.StaticUserWebFilter$StaticUserFilter) to context scm
2019-11-18 05:51:27,128 [main] INFO  http.HttpServer2 (HttpServer2.java:addFilter(958)) - Added filter static_user_filter (class=org.apache.hadoop.http.lib.StaticUserWebFilter$StaticUserFilter) to context static
2019-11-18 05:51:27,129 [main] INFO  http.HttpServer2 (HttpServer2.java:addFilter(958)) - Added filter static_user_filter (class=org.apache.hadoop.http.lib.StaticUserWebFilter$StaticUserFilter) to context logs
2019-11-18 05:51:27,161 [main] INFO  server.StorageContainerManager (StorageContainerManager.java:start(765)) - StorageContainerLocationProtocol RPC server is listening at /0.0.0.0:45196
2019-11-18 05:51:27,234 [main] WARN  impl.MetricsConfig (MetricsConfig.java:loadFirst(134)) - Cannot locate configuration: tried hadoop-metrics2-storagecontainermanager.properties,hadoop-metrics2.properties
2019-11-18 05:51:27,250 [main] INFO  impl.MetricsSystemImpl (MetricsSystemImpl.java:startTimer(374)) - Scheduled Metric snapshot period at 10 second(s).
2019-11-18 05:51:27,250 [main] INFO  impl.MetricsSystemImpl (MetricsSystemImpl.java:start(191)) - StorageContainerManager metrics system started
2019-11-18 05:51:27,494 [main] INFO  server.SCMClientProtocolServer (SCMClientProtocolServer.java:start(160)) - RPC server for Client  is listening at /0.0.0.0:45196
2019-11-18 05:51:27,495 [IPC Server Responder] INFO  ipc.Server (Server.java:run(1314)) - IPC Server Responder: starting
2019-11-18 05:51:27,495 [IPC Server listener on 45196] INFO  ipc.Server (Server.java:run(1153)) - IPC Server listener on 45196: starting
2019-11-18 05:51:27,498 [main] INFO  server.StorageContainerManager (StorageContainerManager.java:start(775)) - ScmBlockLocationProtocol RPC server is listening at /0.0.0.0:41998
2019-11-18 05:51:27,499 [main] INFO  server.SCMBlockProtocolServer (SCMBlockProtocolServer.java:start(146)) - RPC server for Block Protocol is listening at /0.0.0.0:41998
2019-11-18 05:51:27,499 [IPC Server Responder] INFO  ipc.Server (Server.java:run(1314)) - IPC Server Responder: starting
2019-11-18 05:51:27,500 [IPC Server listener on 41998] INFO  ipc.Server (Server.java:run(1153)) - IPC Server listener on 41998: starting
2019-11-18 05:51:27,502 [main] INFO  server.StorageContainerManager (StorageContainerManager.java:start(779)) - ScmDatanodeProtocl RPC server is listening at /0.0.0.0:34247
2019-11-18 05:51:27,502 [main] INFO  server.SCMDatanodeProtocolServer (SCMDatanodeProtocolServer.java:start(177)) - RPC server for DataNodes is listening at /0.0.0.0:34247
2019-11-18 05:51:27,503 [IPC Server Responder] INFO  ipc.Server (Server.java:run(1314)) - IPC Server Responder: starting
2019-11-18 05:51:27,503 [IPC Server listener on 34247] INFO  ipc.Server (Server.java:run(1153)) - IPC Server listener on 34247: starting
2019-11-18 05:51:27,507 [main] INFO  http.HttpServer2 (HttpServer2.java:bindListener(1191)) - Jetty bound to port 33719
2019-11-18 05:51:27,509 [main] INFO  server.Server (Server.java:doStart(351)) - jetty-9.3.25.v20180904, build timestamp: 2018-09-04T21:11:46Z, git hash: 3ce520221d0240229c862b122d2b06c12a625732
2019-11-18 05:51:27,542 [main] INFO  handler.ContextHandler (ContextHandler.java:doStart(781)) - Started o.e.j.s.ServletContextHandler@4218500f{/logs,file:///workdir/hadoop-ozone/tools/target/log,AVAILABLE}
2019-11-18 05:51:27,543 [main] INFO  handler.ContextHandler (ContextHandler.java:doStart(781)) - Started o.e.j.s.ServletContextHandler@c2db68f{/static,jar:file:/home/user/.m2/repository/org/apache/hadoop/hadoop-hdds-server-scm/0.5.0-SNAPSHOT/hadoop-hdds-server-scm-0.5.0-SNAPSHOT.jar!/webapps/static,AVAILABLE}
2019-11-18 05:51:27,626 [main] INFO  handler.ContextHandler (ContextHandler.java:doStart(781)) - Started o.e.j.w.WebAppContext@37cd92d6{/,file:///tmp/jetty-0.0.0.0-33719-scm-_-any-8052427020788925691.dir/webapp/,AVAILABLE}{/scm}
2019-11-18 05:51:27,631 [main] INFO  server.AbstractConnector (AbstractConnector.java:doStart(278)) - Started ServerConnector@7e0aadd0{HTTP/1.1,[http/1.1]}{0.0.0.0:33719}
2019-11-18 05:51:27,631 [main] INFO  server.Server (Server.java:doStart(419)) - Started @2885ms
2019-11-18 05:51:27,633 [main] INFO  impl.MetricsSinkAdapter (MetricsSinkAdapter.java:start(204)) - Sink prometheus started
2019-11-18 05:51:27,633 [main] INFO  impl.MetricsSystemImpl (MetricsSystemImpl.java:registerSink(301)) - Registered sink prometheus
2019-11-18 05:51:27,635 [main] INFO  server.BaseHttpServer (BaseHttpServer.java:updateConnectorAddress(215)) - HTTP server of SCM is listening at http://0.0.0.0:33719
2019-11-18 05:51:27,645 [org.apache.hadoop.util.JvmPauseMonitor$Monitor@2f66e802] INFO  util.JvmPauseMonitor (JvmPauseMonitor.java:run(188)) - Starting JVM pause monitor
2019-11-18 05:51:27,649 [main] WARN  server.ServerUtils (ServerUtils.java:getDBPath(222)) - ozone.om.db.dirs is not configured. We recommend adding this setting. Falling back to ozone.metadata.dirs instead.
2019-11-18 05:51:27,771 [main] INFO  ha.OMHANodeDetails (OMHANodeDetails.java:loadOMHAConfig(190)) - Configuration either no ozone.om.address set. Falling back to the default OM address /127.0.0.1:0
2019-11-18 05:51:27,771 [main] INFO  ha.OMHANodeDetails (OMHANodeDetails.java:getOMNodeDetails(220)) - OM Service ID is not set. Setting it to the default ID: omServiceIdDefault
2019-11-18 05:51:27,773 [main] WARN  server.ServerUtils (ServerUtils.java:getDBPath(222)) - ozone.om.db.dirs is not configured. We recommend adding this setting. Falling back to ozone.metadata.dirs instead.
2019-11-18 05:51:27,774 [main] WARN  server.ServerUtils (ServerUtils.java:getDBPath(222)) - ozone.om.db.dirs is not configured. We recommend adding this setting. Falling back to ozone.metadata.dirs instead.
2019-11-18 05:51:28,392 [main] WARN  server.ServerUtils (ServerUtils.java:getDBPath(222)) - ozone.om.db.dirs is not configured. We recommend adding this setting. Falling back to ozone.metadata.dirs instead.
2019-11-18 05:51:28,400 [main] INFO  db.DBStoreBuilder (DBStoreBuilder.java:addTable(127)) - using custom profile for table: userTable
2019-11-18 05:51:28,400 [main] INFO  db.DBStoreBuilder (DBStoreBuilder.java:processTables(183)) - Using default column profile:DBProfile.DISK for Table:userTable
2019-11-18 05:51:28,401 [main] INFO  db.DBStoreBuilder (DBStoreBuilder.java:addTable(127)) - using custom profile for table: volumeTable
2019-11-18 05:51:28,401 [main] INFO  db.DBStoreBuilder (DBStoreBuilder.java:processTables(183)) - Using default column profile:DBProfile.DISK for Table:volumeTable
2019-11-18 05:51:28,401 [main] INFO  db.DBStoreBuilder (DBStoreBuilder.java:addTable(127)) - using custom profile for table: bucketTable
2019-11-18 05:51:28,401 [main] INFO  db.DBStoreBuilder (DBStoreBuilder.java:processTables(183)) - Using default column profile:DBProfile.DISK for Table:bucketTable
2019-11-18 05:51:28,402 [main] INFO  db.DBStoreBuilder (DBStoreBuilder.java:addTable(127)) - using custom profile for table: keyTable
2019-11-18 05:51:28,402 [main] INFO  db.DBStoreBuilder (DBStoreBuilder.java:processTables(183)) - Using default column profile:DBProfile.DISK for Table:keyTable
2019-11-18 05:51:28,402 [main] INFO  db.DBStoreBuilder (DBStoreBuilder.java:addTable(127)) - using custom profile for table: deletedTable
2019-11-18 05:51:28,402 [main] INFO  db.DBStoreBuilder (DBStoreBuilder.java:processTables(183)) - Using default column profile:DBProfile.DISK for Table:deletedTable
2019-11-18 05:51:28,403 [main] INFO  db.DBStoreBuilder (DBStoreBuilder.java:addTable(127)) - using custom profile for table: openKeyTable
2019-11-18 05:51:28,403 [main] INFO  db.DBStoreBuilder (DBStoreBuilder.java:processTables(183)) - Using default column profile:DBProfile.DISK for Table:openKeyTable
2019-11-18 05:51:28,403 [main] INFO  db.DBStoreBuilder (DBStoreBuilder.java:addTable(127)) - using custom profile for table: s3Table
2019-11-18 05:51:28,403 [main] INFO  db.DBStoreBuilder (DBStoreBuilder.java:processTables(183)) - Using default column profile:DBProfile.DISK for Table:s3Table
2019-11-18 05:51:28,403 [main] INFO  db.DBStoreBuilder (DBStoreBuilder.java:addTable(127)) - using custom profile for table: multipartInfoTable
2019-11-18 05:51:28,404 [main] INFO  db.DBStoreBuilder (DBStoreBuilder.java:processTables(183)) - Using default column profile:DBProfile.DISK for Table:multipartInfoTable
2019-11-18 05:51:28,404 [main] INFO  db.DBStoreBuilder (DBStoreBuilder.java:addTable(127)) - using custom profile for table: dTokenTable
2019-11-18 05:51:28,404 [main] INFO  db.DBStoreBuilder (DBStoreBuilder.java:processTables(183)) - Using default column profile:DBProfile.DISK for Table:dTokenTable
2019-11-18 05:51:28,404 [main] INFO  db.DBStoreBuilder (DBStoreBuilder.java:addTable(127)) - using custom profile for table: s3SecretTable
2019-11-18 05:51:28,405 [main] INFO  db.DBStoreBuilder (DBStoreBuilder.java:processTables(183)) - Using default column profile:DBProfile.DISK for Table:s3SecretTable
2019-11-18 05:51:28,405 [main] INFO  db.DBStoreBuilder (DBStoreBuilder.java:addTable(127)) - using custom profile for table: prefixTable
2019-11-18 05:51:28,405 [main] INFO  db.DBStoreBuilder (DBStoreBuilder.java:processTables(183)) - Using default column profile:DBProfile.DISK for Table:prefixTable
2019-11-18 05:51:28,405 [main] INFO  db.DBStoreBuilder (DBStoreBuilder.java:addTable(127)) - using custom profile for table: default
2019-11-18 05:51:28,406 [main] INFO  db.DBStoreBuilder (DBStoreBuilder.java:processTables(189)) - Using default column profile:DBProfile.DISK for Table:default
2019-11-18 05:51:28,406 [main] INFO  db.DBStoreBuilder (DBStoreBuilder.java:getDbProfile(220)) - Using default options. DBProfile.DISK
2019-11-18 05:51:28,933 [main] INFO  ipc.CallQueueManager (CallQueueManager.java:<init>(84)) - Using callQueue: class java.util.concurrent.LinkedBlockingQueue, queueCapacity: 2000, scheduler: class org.apache.hadoop.ipc.DefaultRpcScheduler, ipcBackoff: false.
2019-11-18 05:51:28,934 [Socket Reader #1 for port 40320] INFO  ipc.Server (Server.java:run(1074)) - Starting Socket Reader #1 for port 40320
2019-11-18 05:51:28,956 [main] INFO  om.OzoneManager (OzoneManager.java:start(1077)) - OzoneManager RPC server is listening at localhost/127.0.0.1:40320
2019-11-18 05:51:28,956 [main] INFO  impl.MetricsSystemImpl (MetricsSystemImpl.java:init(158)) - OzoneManager metrics system started (again)
2019-11-18 05:51:28,964 [IPC Server Responder] INFO  ipc.Server (Server.java:run(1314)) - IPC Server Responder: starting
2019-11-18 05:51:28,964 [IPC Server listener on 40320] INFO  ipc.Server (Server.java:run(1153)) - IPC Server listener on 40320: starting
2019-11-18 05:51:28,971 [main] INFO  hdfs.DFSUtil (DFSUtil.java:httpServerTemplateForNNAndJN(1641)) - Starting Web-server for ozoneManager at: http://0.0.0.0:0
2019-11-18 05:51:28,974 [main] INFO  server.AuthenticationFilter (AuthenticationFilter.java:constructSecretProvider(240)) - Unable to initialize FileSignerSecretProvider, falling back to use random secrets.
2019-11-18 05:51:28,975 [main] WARN  http.HttpRequestLog (HttpRequestLog.java:getRequestLog(97)) - Jetty request log can only be enabled using Log4j
2019-11-18 05:51:28,979 [main] INFO  http.HttpServer2 (HttpServer2.java:addGlobalFilter(975)) - Added global filter 'safety' (class=org.apache.hadoop.http.HttpServer2$QuotingInputFilter)
2019-11-18 05:51:28,980 [main] INFO  http.HttpServer2 (HttpServer2.java:addFilter(948)) - Added filter static_user_filter (class=org.apache.hadoop.http.lib.StaticUserWebFilter$StaticUserFilter) to context ozoneManager
2019-11-18 05:51:28,980 [main] INFO  http.HttpServer2 (HttpServer2.java:addFilter(958)) - Added filter static_user_filter (class=org.apache.hadoop.http.lib.StaticUserWebFilter$StaticUserFilter) to context static
2019-11-18 05:51:28,981 [main] INFO  http.HttpServer2 (HttpServer2.java:addFilter(958)) - Added filter static_user_filter (class=org.apache.hadoop.http.lib.StaticUserWebFilter$StaticUserFilter) to context logs
2019-11-18 05:51:28,984 [main] INFO  http.HttpServer2 (HttpServer2.java:bindListener(1191)) - Jetty bound to port 35305
2019-11-18 05:51:28,984 [main] INFO  server.Server (Server.java:doStart(351)) - jetty-9.3.25.v20180904, build timestamp: 2018-09-04T21:11:46Z, git hash: 3ce520221d0240229c862b122d2b06c12a625732
2019-11-18 05:51:28,987 [main] INFO  handler.ContextHandler (ContextHandler.java:doStart(781)) - Started o.e.j.s.ServletContextHandler@7e46d648{/logs,file:///workdir/hadoop-ozone/tools/target/log,AVAILABLE}
2019-11-18 05:51:28,988 [main] INFO  handler.ContextHandler (ContextHandler.java:doStart(781)) - Started o.e.j.s.ServletContextHandler@2b0b4d53{/static,jar:file:/home/user/.m2/repository/org/apache/hadoop/hadoop-ozone-ozone-manager/0.5.0-SNAPSHOT/hadoop-ozone-ozone-manager-0.5.0-SNAPSHOT.jar!/webapps/static,AVAILABLE}
2019-11-18 05:51:29,056 [main] INFO  handler.ContextHandler (ContextHandler.java:doStart(781)) - Started o.e.j.w.WebAppContext@4bee18dc{/,file:///tmp/jetty-0.0.0.0-35305-ozoneManager-_-any-8848315434712427536.dir/webapp/,AVAILABLE}{/ozoneManager}
2019-11-18 05:51:29,056 [main] INFO  server.AbstractConnector (AbstractConnector.java:doStart(278)) - Started ServerConnector@44f3fe83{HTTP/1.1,[http/1.1]}{0.0.0.0:35305}
2019-11-18 05:51:29,057 [main] INFO  server.Server (Server.java:doStart(419)) - Started @4312ms
2019-11-18 05:51:29,057 [main] WARN  impl.MetricsSystemImpl (MetricsSystemImpl.java:register(276)) - Sink prometheus already exists!
2019-11-18 05:51:29,059 [main] INFO  server.BaseHttpServer (BaseHttpServer.java:updateConnectorAddress(215)) - HTTP server of OZONEMANAGER is listening at http://0.0.0.0:35305
2019-11-18 05:51:29,358 [main] INFO  impl.MetricsSystemImpl (MetricsSystemImpl.java:init(158)) - HddsDatanode metrics system started (again)
2019-11-18 05:51:29,414 [main] INFO  ozone.HddsDatanodeService (HddsDatanodeService.java:start(186)) - HddsDatanodeService host:pr-hdds-2520-jsqql-2308157731 ip:192.168.69.69
2019-11-18 05:51:29,460 [main] INFO  volume.HddsVolume (HddsVolume.java:<init>(176)) - Creating Volume: /workdir/hadoop-ozone/tools/target/test-dir/MiniOzoneClusterImpl-f3ff6bd3-b6c5-4d73-96b1-6ed289f634be/datanode-0/data/containers/hdds of  storage type : DISK and capacity : 1482555576320
2019-11-18 05:51:29,462 [main] INFO  volume.VolumeSet (VolumeSet.java:initializeVolumeSet(170)) - Added Volume : /workdir/hadoop-ozone/tools/target/test-dir/MiniOzoneClusterImpl-f3ff6bd3-b6c5-4d73-96b1-6ed289f634be/datanode-0/data/containers/hdds to VolumeSet
2019-11-18 05:51:29,465 [main] INFO  volume.ThrottledAsyncChecker (ThrottledAsyncChecker.java:schedule(141)) - Scheduling a check for /workdir/hadoop-ozone/tools/target/test-dir/MiniOzoneClusterImpl-f3ff6bd3-b6c5-4d73-96b1-6ed289f634be/datanode-0/data/containers/hdds
2019-11-18 05:51:29,485 [main] INFO  volume.HddsVolumeChecker (HddsVolumeChecker.java:checkAllVolumes(204)) - Scheduled health check for volume /workdir/hadoop-ozone/tools/target/test-dir/MiniOzoneClusterImpl-f3ff6bd3-b6c5-4d73-96b1-6ed289f634be/datanode-0/data/containers/hdds
2019-11-18 05:51:29,590 [main] INFO  impl.RaftServerProxy (ConfUtils.java:logGet(43)) - raft.rpc.type = GRPC (default)
2019-11-18 05:51:29,653 [main] INFO  grpc.GrpcFactory (GrpcFactory.java:checkPooledByteBufAllocatorUseCacheForAllThreads(45)) - PERFORMANCE WARNING: useCacheForAllThreads is true that may cause Netty to create a lot garbage objects and, as a result, trigger GC.
	It is recommended to disable useCacheForAllThreads by setting -Dorg.apache.ratis.thirdparty.io.netty.allocator.useCacheForAllThreads=false in command line.
2019-11-18 05:51:29,658 [main] INFO  grpc.GrpcConfigKeys$Server (ConfUtils.java:logGet(43)) - raft.grpc.server.port = 0 (default)
2019-11-18 05:51:29,659 [main] INFO  server.GrpcService (ConfUtils.java:logGet(43)) - raft.grpc.message.size.max = 33570816 (custom)
2019-11-18 05:51:29,661 [main] INFO  server.RaftServerConfigKeys (ConfUtils.java:logGet(43)) - raft.server.log.appender.buffer.byte-limit = 33554432 (custom)
2019-11-18 05:51:29,661 [main] INFO  server.GrpcService (ConfUtils.java:logGet(43)) - raft.grpc.flow.control.window = 1MB (=1048576) (default)
2019-11-18 05:51:29,662 [main] INFO  server.RaftServerConfigKeys (ConfUtils.java:logGet(43)) - raft.server.rpc.request.timeout = 3000ms (default)
2019-11-18 05:51:29,819 [main] INFO  server.RaftServerConfigKeys (ConfUtils.java:logGet(43)) - raft.server.storage.dir = [/workdir/hadoop-ozone/tools/target/test-dir/MiniOzoneClusterImpl-f3ff6bd3-b6c5-4d73-96b1-6ed289f634be/datanode-0/data/ratis] (custom)
2019-11-18 05:51:29,867 [main] INFO  hdfs.DFSUtil (DFSUtil.java:httpServerTemplateForNNAndJN(1641)) - Starting Web-server for hddsDatanode at: http://0.0.0.0:0
2019-11-18 05:51:29,870 [main] INFO  server.AuthenticationFilter (AuthenticationFilter.java:constructSecretProvider(240)) - Unable to initialize FileSignerSecretProvider, falling back to use random secrets.
2019-11-18 05:51:29,871 [main] WARN  http.HttpRequestLog (HttpRequestLog.java:getRequestLog(97)) - Jetty request log can only be enabled using Log4j
2019-11-18 05:51:29,874 [main] INFO  http.HttpServer2 (HttpServer2.java:addGlobalFilter(975)) - Added global filter 'safety' (class=org.apache.hadoop.http.HttpServer2$QuotingInputFilter)
2019-11-18 05:51:29,876 [main] INFO  http.HttpServer2 (HttpServer2.java:addFilter(948)) - Added filter static_user_filter (class=org.apache.hadoop.http.lib.StaticUserWebFilter$StaticUserFilter) to context hddsDatanode
2019-11-18 05:51:29,876 [main] INFO  http.HttpServer2 (HttpServer2.java:addFilter(958)) - Added filter static_user_filter (class=org.apache.hadoop.http.lib.StaticUserWebFilter$StaticUserFilter) to context logs
2019-11-18 05:51:29,876 [main] INFO  http.HttpServer2 (HttpServer2.java:addFilter(958)) - Added filter static_user_filter (class=org.apache.hadoop.http.lib.StaticUserWebFilter$StaticUserFilter) to context static
2019-11-18 05:51:29,878 [main] INFO  http.HttpServer2 (HttpServer2.java:bindListener(1191)) - Jetty bound to port 35035
2019-11-18 05:51:29,878 [main] INFO  server.Server (Server.java:doStart(351)) - jetty-9.3.25.v20180904, build timestamp: 2018-09-04T21:11:46Z, git hash: 3ce520221d0240229c862b122d2b06c12a625732
2019-11-18 05:51:29,882 [main] INFO  handler.ContextHandler (ContextHandler.java:doStart(781)) - Started o.e.j.s.ServletContextHandler@f951a7f{/logs,file:///workdir/hadoop-ozone/tools/target/log,AVAILABLE}
2019-11-18 05:51:29,883 [main] INFO  handler.ContextHandler (ContextHandler.java:doStart(781)) - Started o.e.j.s.ServletContextHandler@4c777e7b{/static,jar:file:/home/user/.m2/repository/org/apache/hadoop/hadoop-hdds-container-service/0.5.0-SNAPSHOT/hadoop-hdds-container-service-0.5.0-SNAPSHOT.jar!/webapps/static,AVAILABLE}
2019-11-18 05:51:29,929 [main] INFO  handler.ContextHandler (ContextHandler.java:doStart(781)) - Started o.e.j.w.WebAppContext@b606cb6{/,file:///tmp/jetty-0.0.0.0-35035-hddsDatanode-_-any-5965899749022636322.dir/webapp/,AVAILABLE}{/hddsDatanode}
2019-11-18 05:51:29,930 [main] INFO  server.AbstractConnector (AbstractConnector.java:doStart(278)) - Started ServerConnector@2a3194c6{HTTP/1.1,[http/1.1]}{0.0.0.0:35035}
2019-11-18 05:51:29,931 [main] INFO  server.Server (Server.java:doStart(419)) - Started @5185ms
2019-11-18 05:51:29,931 [main] WARN  impl.MetricsSystemImpl (MetricsSystemImpl.java:register(276)) - Sink prometheus already exists!
2019-11-18 05:51:29,932 [main] INFO  server.BaseHttpServer (BaseHttpServer.java:updateConnectorAddress(215)) - HTTP server of HDDSDATANODE is listening at http://0.0.0.0:35035
2019-11-18 05:51:29,933 [main] INFO  impl.MetricsSystemImpl (MetricsSystemImpl.java:init(158)) - HddsDatanode metrics system started (again)
2019-11-18 05:51:29,937 [main] INFO  ozone.HddsDatanodeService (HddsDatanodeService.java:start(186)) - HddsDatanodeService host:pr-hdds-2520-jsqql-2308157731 ip:192.168.69.69
2019-11-18 05:51:29,939 [org.apache.hadoop.util.JvmPauseMonitor$Monitor@4101da99] INFO  util.JvmPauseMonitor (JvmPauseMonitor.java:run(188)) - Starting JVM pause monitor
2019-11-18 05:51:29,947 [main] INFO  volume.HddsVolume (HddsVolume.java:<init>(176)) - Creating Volume: /workdir/hadoop-ozone/tools/target/test-dir/MiniOzoneClusterImpl-f3ff6bd3-b6c5-4d73-96b1-6ed289f634be/datanode-1/data/containers/hdds of  storage type : DISK and capacity : 1482555576320
2019-11-18 05:51:29,947 [main] INFO  volume.VolumeSet (VolumeSet.java:initializeVolumeSet(170)) - Added Volume : /workdir/hadoop-ozone/tools/target/test-dir/MiniOzoneClusterImpl-f3ff6bd3-b6c5-4d73-96b1-6ed289f634be/datanode-1/data/containers/hdds to VolumeSet
2019-11-18 05:51:29,948 [main] INFO  volume.ThrottledAsyncChecker (ThrottledAsyncChecker.java:schedule(141)) - Scheduling a check for /workdir/hadoop-ozone/tools/target/test-dir/MiniOzoneClusterImpl-f3ff6bd3-b6c5-4d73-96b1-6ed289f634be/datanode-1/data/containers/hdds
2019-11-18 05:51:29,949 [main] INFO  volume.HddsVolumeChecker (HddsVolumeChecker.java:checkAllVolumes(204)) - Scheduled health check for volume /workdir/hadoop-ozone/tools/target/test-dir/MiniOzoneClusterImpl-f3ff6bd3-b6c5-4d73-96b1-6ed289f634be/datanode-1/data/containers/hdds
2019-11-18 05:51:29,966 [main] INFO  impl.RaftServerProxy (ConfUtils.java:logGet(43)) - raft.rpc.type = GRPC (default)
2019-11-18 05:51:29,966 [main] INFO  grpc.GrpcFactory (GrpcFactory.java:checkPooledByteBufAllocatorUseCacheForAllThreads(45)) - PERFORMANCE WARNING: useCacheForAllThreads is true that may cause Netty to create a lot garbage objects and, as a result, trigger GC.
	It is recommended to disable useCacheForAllThreads by setting -Dorg.apache.ratis.thirdparty.io.netty.allocator.useCacheForAllThreads=false in command line.
2019-11-18 05:51:29,967 [main] INFO  grpc.GrpcConfigKeys$Server (ConfUtils.java:logGet(43)) - raft.grpc.server.port = 0 (default)
2019-11-18 05:51:29,967 [main] INFO  server.GrpcService (ConfUtils.java:logGet(43)) - raft.grpc.message.size.max = 33570816 (custom)
2019-11-18 05:51:29,967 [main] INFO  server.RaftServerConfigKeys (ConfUtils.java:logGet(43)) - raft.server.log.appender.buffer.byte-limit = 33554432 (custom)
2019-11-18 05:51:29,968 [main] INFO  server.GrpcService (ConfUtils.java:logGet(43)) - raft.grpc.flow.control.window = 1MB (=1048576) (default)
2019-11-18 05:51:29,968 [main] INFO  server.RaftServerConfigKeys (ConfUtils.java:logGet(43)) - raft.server.rpc.request.timeout = 3000ms (default)
2019-11-18 05:51:29,969 [main] INFO  server.RaftServerConfigKeys (ConfUtils.java:logGet(43)) - raft.server.storage.dir = [/workdir/hadoop-ozone/tools/target/test-dir/MiniOzoneClusterImpl-f3ff6bd3-b6c5-4d73-96b1-6ed289f634be/datanode-1/data/ratis] (custom)
2019-11-18 05:51:29,971 [main] INFO  hdfs.DFSUtil (DFSUtil.java:httpServerTemplateForNNAndJN(1641)) - Starting Web-server for hddsDatanode at: http://0.0.0.0:0
2019-11-18 05:51:29,972 [main] INFO  server.AuthenticationFilter (AuthenticationFilter.java:constructSecretProvider(240)) - Unable to initialize FileSignerSecretProvider, falling back to use random secrets.
2019-11-18 05:51:29,973 [main] WARN  http.HttpRequestLog (HttpRequestLog.java:getRequestLog(97)) - Jetty request log can only be enabled using Log4j
2019-11-18 05:51:29,975 [main] INFO  http.HttpServer2 (HttpServer2.java:addGlobalFilter(975)) - Added global filter 'safety' (class=org.apache.hadoop.http.HttpServer2$QuotingInputFilter)
2019-11-18 05:51:29,976 [main] INFO  http.HttpServer2 (HttpServer2.java:addFilter(948)) - Added filter static_user_filter (class=org.apache.hadoop.http.lib.StaticUserWebFilter$StaticUserFilter) to context hddsDatanode
2019-11-18 05:51:29,976 [main] INFO  http.HttpServer2 (HttpServer2.java:addFilter(958)) - Added filter static_user_filter (class=org.apache.hadoop.http.lib.StaticUserWebFilter$StaticUserFilter) to context logs
2019-11-18 05:51:29,977 [main] INFO  http.HttpServer2 (HttpServer2.java:addFilter(958)) - Added filter static_user_filter (class=org.apache.hadoop.http.lib.StaticUserWebFilter$StaticUserFilter) to context static
2019-11-18 05:51:29,978 [main] INFO  http.HttpServer2 (HttpServer2.java:bindListener(1191)) - Jetty bound to port 36685
2019-11-18 05:51:29,978 [main] INFO  server.Server (Server.java:doStart(351)) - jetty-9.3.25.v20180904, build timestamp: 2018-09-04T21:11:46Z, git hash: 3ce520221d0240229c862b122d2b06c12a625732
2019-11-18 05:51:29,981 [main] INFO  handler.ContextHandler (ContextHandler.java:doStart(781)) - Started o.e.j.s.ServletContextHandler@5e1d03d7{/logs,file:///workdir/hadoop-ozone/tools/target/log,AVAILABLE}
2019-11-18 05:51:29,982 [main] INFO  handler.ContextHandler (ContextHandler.java:doStart(781)) - Started o.e.j.s.ServletContextHandler@48d293ee{/static,jar:file:/home/user/.m2/repository/org/apache/hadoop/hadoop-hdds-container-service/0.5.0-SNAPSHOT/hadoop-hdds-container-service-0.5.0-SNAPSHOT.jar!/webapps/static,AVAILABLE}
2019-11-18 05:51:30,017 [main] INFO  handler.ContextHandler (ContextHandler.java:doStart(781)) - Started o.e.j.w.WebAppContext@1229a2b7{/,file:///tmp/jetty-0.0.0.0-36685-hddsDatanode-_-any-8498695813544774059.dir/webapp/,AVAILABLE}{/hddsDatanode}
2019-11-18 05:51:30,017 [main] INFO  server.AbstractConnector (AbstractConnector.java:doStart(278)) - Started ServerConnector@e5cbff2{HTTP/1.1,[http/1.1]}{0.0.0.0:36685}
2019-11-18 05:51:30,018 [main] INFO  server.Server (Server.java:doStart(419)) - Started @5273ms
2019-11-18 05:51:30,018 [main] WARN  impl.MetricsSystemImpl (MetricsSystemImpl.java:register(276)) - Sink prometheus already exists!
2019-11-18 05:51:30,019 [main] INFO  server.BaseHttpServer (BaseHttpServer.java:updateConnectorAddress(215)) - HTTP server of HDDSDATANODE is listening at http://0.0.0.0:36685
2019-11-18 05:51:30,020 [main] INFO  impl.MetricsSystemImpl (MetricsSystemImpl.java:init(158)) - HddsDatanode metrics system started (again)
2019-11-18 05:51:30,022 [main] INFO  ozone.HddsDatanodeService (HddsDatanodeService.java:start(186)) - HddsDatanodeService host:pr-hdds-2520-jsqql-2308157731 ip:192.168.69.69
2019-11-18 05:51:30,023 [org.apache.hadoop.util.JvmPauseMonitor$Monitor@58bcca91] INFO  util.JvmPauseMonitor (JvmPauseMonitor.java:run(188)) - Starting JVM pause monitor
2019-11-18 05:51:30,033 [main] INFO  volume.HddsVolume (HddsVolume.java:<init>(176)) - Creating Volume: /workdir/hadoop-ozone/tools/target/test-dir/MiniOzoneClusterImpl-f3ff6bd3-b6c5-4d73-96b1-6ed289f634be/datanode-2/data/containers/hdds of  storage type : DISK and capacity : 1482555576320
2019-11-18 05:51:30,033 [main] INFO  volume.VolumeSet (VolumeSet.java:initializeVolumeSet(170)) - Added Volume : /workdir/hadoop-ozone/tools/target/test-dir/MiniOzoneClusterImpl-f3ff6bd3-b6c5-4d73-96b1-6ed289f634be/datanode-2/data/containers/hdds to VolumeSet
2019-11-18 05:51:30,034 [main] INFO  volume.ThrottledAsyncChecker (ThrottledAsyncChecker.java:schedule(141)) - Scheduling a check for /workdir/hadoop-ozone/tools/target/test-dir/MiniOzoneClusterImpl-f3ff6bd3-b6c5-4d73-96b1-6ed289f634be/datanode-2/data/containers/hdds
2019-11-18 05:51:30,034 [main] INFO  volume.HddsVolumeChecker (HddsVolumeChecker.java:checkAllVolumes(204)) - Scheduled health check for volume /workdir/hadoop-ozone/tools/target/test-dir/MiniOzoneClusterImpl-f3ff6bd3-b6c5-4d73-96b1-6ed289f634be/datanode-2/data/containers/hdds
2019-11-18 05:51:30,049 [main] INFO  impl.RaftServerProxy (ConfUtils.java:logGet(43)) - raft.rpc.type = GRPC (default)
2019-11-18 05:51:30,050 [main] INFO  grpc.GrpcFactory (GrpcFactory.java:checkPooledByteBufAllocatorUseCacheForAllThreads(45)) - PERFORMANCE WARNING: useCacheForAllThreads is true that may cause Netty to create a lot garbage objects and, as a result, trigger GC.
	It is recommended to disable useCacheForAllThreads by setting -Dorg.apache.ratis.thirdparty.io.netty.allocator.useCacheForAllThreads=false in command line.
2019-11-18 05:51:30,050 [main] INFO  grpc.GrpcConfigKeys$Server (ConfUtils.java:logGet(43)) - raft.grpc.server.port = 0 (default)
2019-11-18 05:51:30,050 [main] INFO  server.GrpcService (ConfUtils.java:logGet(43)) - raft.grpc.message.size.max = 33570816 (custom)
2019-11-18 05:51:30,050 [main] INFO  server.RaftServerConfigKeys (ConfUtils.java:logGet(43)) - raft.server.log.appender.buffer.byte-limit = 33554432 (custom)
2019-11-18 05:51:30,051 [main] INFO  server.GrpcService (ConfUtils.java:logGet(43)) - raft.grpc.flow.control.window = 1MB (=1048576) (default)
2019-11-18 05:51:30,051 [main] INFO  server.RaftServerConfigKeys (ConfUtils.java:logGet(43)) - raft.server.rpc.request.timeout = 3000ms (default)
2019-11-18 05:51:30,051 [main] INFO  server.RaftServerConfigKeys (ConfUtils.java:logGet(43)) - raft.server.storage.dir = [/workdir/hadoop-ozone/tools/target/test-dir/MiniOzoneClusterImpl-f3ff6bd3-b6c5-4d73-96b1-6ed289f634be/datanode-2/data/ratis] (custom)
2019-11-18 05:51:30,053 [Datanode State Machine Thread - 0] INFO  datanode.InitDatanodeState (InitDatanodeState.java:persistContainerDatanodeDetails(140)) - DatanodeDetails is persisted to /workdir/hadoop-ozone/tools/target/test-dir/MiniOzoneClusterImpl-f3ff6bd3-b6c5-4d73-96b1-6ed289f634be/datanode-0/meta/datanode.id
2019-11-18 05:51:30,053 [main] INFO  hdfs.DFSUtil (DFSUtil.java:httpServerTemplateForNNAndJN(1641)) - Starting Web-server for hddsDatanode at: http://0.0.0.0:0
2019-11-18 05:51:30,056 [main] INFO  server.AuthenticationFilter (AuthenticationFilter.java:constructSecretProvider(240)) - Unable to initialize FileSignerSecretProvider, falling back to use random secrets.
2019-11-18 05:51:30,057 [main] WARN  http.HttpRequestLog (HttpRequestLog.java:getRequestLog(97)) - Jetty request log can only be enabled using Log4j
2019-11-18 05:51:30,058 [Datanode State Machine Thread - 0] INFO  datanode.InitDatanodeState (InitDatanodeState.java:persistContainerDatanodeDetails(140)) - DatanodeDetails is persisted to /workdir/hadoop-ozone/tools/target/test-dir/MiniOzoneClusterImpl-f3ff6bd3-b6c5-4d73-96b1-6ed289f634be/datanode-1/meta/datanode.id
2019-11-18 05:51:30,059 [main] INFO  http.HttpServer2 (HttpServer2.java:addGlobalFilter(975)) - Added global filter 'safety' (class=org.apache.hadoop.http.HttpServer2$QuotingInputFilter)
2019-11-18 05:51:30,059 [main] INFO  http.HttpServer2 (HttpServer2.java:addFilter(948)) - Added filter static_user_filter (class=org.apache.hadoop.http.lib.StaticUserWebFilter$StaticUserFilter) to context hddsDatanode
2019-11-18 05:51:30,060 [main] INFO  http.HttpServer2 (HttpServer2.java:addFilter(958)) - Added filter static_user_filter (class=org.apache.hadoop.http.lib.StaticUserWebFilter$StaticUserFilter) to context logs
2019-11-18 05:51:30,060 [main] INFO  http.HttpServer2 (HttpServer2.java:addFilter(958)) - Added filter static_user_filter (class=org.apache.hadoop.http.lib.StaticUserWebFilter$StaticUserFilter) to context static
2019-11-18 05:51:30,060 [main] INFO  http.HttpServer2 (HttpServer2.java:bindListener(1191)) - Jetty bound to port 33965
2019-11-18 05:51:30,061 [main] INFO  server.Server (Server.java:doStart(351)) - jetty-9.3.25.v20180904, build timestamp: 2018-09-04T21:11:46Z, git hash: 3ce520221d0240229c862b122d2b06c12a625732
2019-11-18 05:51:30,063 [main] INFO  handler.ContextHandler (ContextHandler.java:doStart(781)) - Started o.e.j.s.ServletContextHandler@421056e5{/logs,file:///workdir/hadoop-ozone/tools/target/log,AVAILABLE}
2019-11-18 05:51:30,063 [main] INFO  handler.ContextHandler (ContextHandler.java:doStart(781)) - Started o.e.j.s.ServletContextHandler@60bbacfc{/static,jar:file:/home/user/.m2/repository/org/apache/hadoop/hadoop-hdds-container-service/0.5.0-SNAPSHOT/hadoop-hdds-container-service-0.5.0-SNAPSHOT.jar!/webapps/static,AVAILABLE}
2019-11-18 05:51:30,094 [main] INFO  handler.ContextHandler (ContextHandler.java:doStart(781)) - Started o.e.j.w.WebAppContext@5f7989fa{/,file:///tmp/jetty-0.0.0.0-33965-hddsDatanode-_-any-6272493114305194207.dir/webapp/,AVAILABLE}{/hddsDatanode}
2019-11-18 05:51:30,094 [main] INFO  server.AbstractConnector (AbstractConnector.java:doStart(278)) - Started ServerConnector@5bc28f40{HTTP/1.1,[http/1.1]}{0.0.0.0:33965}
2019-11-18 05:51:30,095 [main] INFO  server.Server (Server.java:doStart(419)) - Started @5350ms
2019-11-18 05:51:30,095 [main] WARN  impl.MetricsSystemImpl (MetricsSystemImpl.java:register(276)) - Sink prometheus already exists!
2019-11-18 05:51:30,097 [main] INFO  server.BaseHttpServer (BaseHttpServer.java:updateConnectorAddress(215)) - HTTP server of HDDSDATANODE is listening at http://0.0.0.0:33965
2019-11-18 05:51:30,098 [main] INFO  ozone.MiniOzoneClusterImpl (MiniOzoneClusterImpl.java:lambda$waitForClusterToBeReady$0(150)) - Waiting for nodes to be ready. Got 0 of 3 DN Heartbeats.
2019-11-18 05:51:30,098 [main] INFO  ozone.MiniOzoneClusterImpl (MiniOzoneClusterImpl.java:lambda$waitForClusterToBeReady$0(153)) - Waiting for cluster to exit safe mode
2019-11-18 05:51:30,100 [org.apache.hadoop.util.JvmPauseMonitor$Monitor@7ebcdbba] INFO  util.JvmPauseMonitor (JvmPauseMonitor.java:run(188)) - Starting JVM pause monitor
2019-11-18 05:51:30,103 [Datanode State Machine Thread - 0] INFO  datanode.InitDatanodeState (InitDatanodeState.java:persistContainerDatanodeDetails(140)) - DatanodeDetails is persisted to /workdir/hadoop-ozone/tools/target/test-dir/MiniOzoneClusterImpl-f3ff6bd3-b6c5-4d73-96b1-6ed289f634be/datanode-2/meta/datanode.id
2019-11-18 05:51:31,099 [main] INFO  ozone.MiniOzoneClusterImpl (MiniOzoneClusterImpl.java:lambda$waitForClusterToBeReady$0(150)) - Waiting for nodes to be ready. Got 0 of 3 DN Heartbeats.
2019-11-18 05:51:31,099 [main] INFO  ozone.MiniOzoneClusterImpl (MiniOzoneClusterImpl.java:lambda$waitForClusterToBeReady$0(153)) - Waiting for cluster to exit safe mode
2019-11-18 05:51:32,045 [Datanode State Machine Thread - 0] INFO  ozoneimpl.OzoneContainer (OzoneContainer.java:start(230)) - Attempting to start container services.
2019-11-18 05:51:32,045 [Datanode State Machine Thread - 0] INFO  ozoneimpl.OzoneContainer (OzoneContainer.java:start(230)) - Attempting to start container services.
2019-11-18 05:51:32,049 [Datanode State Machine Thread - 0] INFO  ozoneimpl.OzoneContainer (OzoneContainer.java:startContainerScrub(194)) - Background container scanner has been disabled.
2019-11-18 05:51:32,049 [Datanode State Machine Thread - 0] INFO  ozoneimpl.OzoneContainer (OzoneContainer.java:startContainerScrub(194)) - Background container scanner has been disabled.
2019-11-18 05:51:32,050 [Datanode State Machine Thread - 0] INFO  ratis.XceiverServerRatis (XceiverServerRatis.java:start(422)) - Starting XceiverServerRatis 80ad4dab-6fab-4925-b97d-cb689744343f at port 0
2019-11-18 05:51:32,050 [Datanode State Machine Thread - 0] INFO  ratis.XceiverServerRatis (XceiverServerRatis.java:start(422)) - Starting XceiverServerRatis 73222393-6937-40ee-87c7-cf133c1aa5a8 at port 0
2019-11-18 05:51:32,093 [Datanode State Machine Thread - 0] INFO  impl.RaftServerProxy (RaftServerProxy.java:lambda$start$3(299)) - 80ad4dab-6fab-4925-b97d-cb689744343f: start RPC server
2019-11-18 05:51:32,093 [Datanode State Machine Thread - 0] INFO  impl.RaftServerProxy (RaftServerProxy.java:lambda$start$3(299)) - 73222393-6937-40ee-87c7-cf133c1aa5a8: start RPC server
2019-11-18 05:51:32,100 [main] INFO  ozone.MiniOzoneClusterImpl (MiniOzoneClusterImpl.java:lambda$waitForClusterToBeReady$0(150)) - Waiting for nodes to be ready. Got 0 of 3 DN Heartbeats.
2019-11-18 05:51:32,100 [main] INFO  ozone.MiniOzoneClusterImpl (MiniOzoneClusterImpl.java:lambda$waitForClusterToBeReady$0(153)) - Waiting for cluster to exit safe mode
2019-11-18 05:51:32,116 [Datanode State Machine Thread - 0] INFO  ozoneimpl.OzoneContainer (OzoneContainer.java:start(230)) - Attempting to start container services.
2019-11-18 05:51:32,123 [Datanode State Machine Thread - 0] INFO  ozoneimpl.OzoneContainer (OzoneContainer.java:startContainerScrub(194)) - Background container scanner has been disabled.
2019-11-18 05:51:32,123 [Datanode State Machine Thread - 0] INFO  ratis.XceiverServerRatis (XceiverServerRatis.java:start(422)) - Starting XceiverServerRatis 99f3671e-a5bd-4bce-9769-e7f381d70426 at port 0
2019-11-18 05:51:32,136 [Datanode State Machine Thread - 0] INFO  impl.RaftServerProxy (RaftServerProxy.java:lambda$start$3(299)) - 99f3671e-a5bd-4bce-9769-e7f381d70426: start RPC server
2019-11-18 05:51:32,261 [Datanode State Machine Thread - 0] INFO  server.GrpcService (GrpcService.java:startImpl(158)) - 99f3671e-a5bd-4bce-9769-e7f381d70426: GrpcService started, listening on 0.0.0.0/0.0.0.0:46664
2019-11-18 05:51:32,261 [Datanode State Machine Thread - 0] INFO  server.GrpcService (GrpcService.java:startImpl(158)) - 80ad4dab-6fab-4925-b97d-cb689744343f: GrpcService started, listening on 0.0.0.0/0.0.0.0:35709
2019-11-18 05:51:32,261 [Datanode State Machine Thread - 0] INFO  server.GrpcService (GrpcService.java:startImpl(158)) - 73222393-6937-40ee-87c7-cf133c1aa5a8: GrpcService started, listening on 0.0.0.0/0.0.0.0:44443
2019-11-18 05:51:32,262 [Datanode State Machine Thread - 0] INFO  ratis.XceiverServerRatis (XceiverServerRatis.java:start(432)) - XceiverServerRatis 80ad4dab-6fab-4925-b97d-cb689744343f is started using port 35709
2019-11-18 05:51:32,262 [Datanode State Machine Thread - 0] INFO  ratis.XceiverServerRatis (XceiverServerRatis.java:start(432)) - XceiverServerRatis 99f3671e-a5bd-4bce-9769-e7f381d70426 is started using port 46664
2019-11-18 05:51:32,262 [Datanode State Machine Thread - 0] INFO  ratis.XceiverServerRatis (XceiverServerRatis.java:start(432)) - XceiverServerRatis 73222393-6937-40ee-87c7-cf133c1aa5a8 is started using port 44443
2019-11-18 05:51:32,268 [Datanode State Machine Thread - 0] INFO  server.XceiverServerGrpc (XceiverServerGrpc.java:start(145)) - XceiverServerGrpc 99f3671e-a5bd-4bce-9769-e7f381d70426 is started using port 42049
2019-11-18 05:51:32,268 [Datanode State Machine Thread - 0] INFO  server.XceiverServerGrpc (XceiverServerGrpc.java:start(145)) - XceiverServerGrpc 73222393-6937-40ee-87c7-cf133c1aa5a8 is started using port 35948
2019-11-18 05:51:32,269 [Datanode State Machine Thread - 0] INFO  server.XceiverServerGrpc (XceiverServerGrpc.java:start(145)) - XceiverServerGrpc 80ad4dab-6fab-4925-b97d-cb689744343f is started using port 36287
2019-11-18 05:51:33,100 [main] INFO  ozone.MiniOzoneClusterImpl (MiniOzoneClusterImpl.java:lambda$waitForClusterToBeReady$0(150)) - Waiting for nodes to be ready. Got 0 of 3 DN Heartbeats.
2019-11-18 05:51:33,101 [main] INFO  ozone.MiniOzoneClusterImpl (MiniOzoneClusterImpl.java:lambda$waitForClusterToBeReady$0(153)) - Waiting for cluster to exit safe mode
2019-11-18 05:51:33,981 [IPC Server handler 0 on 34247] INFO  net.NetworkTopology (NetworkTopologyImpl.java:add(111)) - Added a new node: /default-rack/73222393-6937-40ee-87c7-cf133c1aa5a8
2019-11-18 05:51:33,982 [IPC Server handler 0 on 34247] INFO  node.SCMNodeManager (SCMNodeManager.java:register(267)) - Registered Data node : 73222393-6937-40ee-87c7-cf133c1aa5a8{ip: 192.168.69.69, host: pr-hdds-2520-jsqql-2308157731, networkLocation: /default-rack, certSerialId: null}
2019-11-18 05:51:33,985 [EventQueue-NodeRegistrationContainerReportForContainerSafeModeRule] INFO  safemode.SCMSafeModeManager (SCMSafeModeManager.java:validateSafeModeExitRules(176)) - ContainerSafeModeRule rule is successfully validated
2019-11-18 05:51:33,985 [EventQueue-NodeRegistrationContainerReportForDataNodeSafeModeRule] INFO  safemode.SCMSafeModeManager (DataNodeSafeModeRule.java:process(71)) - SCM in safe mode. 1 DataNodes registered, 1 required.
2019-11-18 05:51:33,986 [EventQueue-NodeRegistrationContainerReportForDataNodeSafeModeRule] INFO  safemode.SCMSafeModeManager (SCMSafeModeManager.java:validateSafeModeExitRules(176)) - DataNodeSafeModeRule rule is successfully validated
2019-11-18 05:51:33,989 [RatisPipelineUtilsThread] INFO  pipeline.RatisPipelineProvider (RatisPipelineProvider.java:lambda$create$4(163)) - Send pipeline:PipelineID=2636dd94-cbc2-4b9c-98eb-0d439bd27bb2 create command to datanode 73222393-6937-40ee-87c7-cf133c1aa5a8
2019-11-18 05:51:34,002 [RatisPipelineUtilsThread] INFO  pipeline.PipelineStateManager (PipelineStateManager.java:addPipeline(55)) - Created pipeline Pipeline[ Id: 2636dd94-cbc2-4b9c-98eb-0d439bd27bb2, Nodes: 73222393-6937-40ee-87c7-cf133c1aa5a8{ip: 192.168.69.69, host: pr-hdds-2520-jsqql-2308157731, networkLocation: /default-rack, certSerialId: null}, Type:RATIS, Factor:ONE, State:ALLOCATED]
2019-11-18 05:51:34,026 [IPC Server handler 1 on 34247] INFO  net.NetworkTopology (NetworkTopologyImpl.java:add(111)) - Added a new node: /default-rack/80ad4dab-6fab-4925-b97d-cb689744343f
2019-11-18 05:51:34,026 [IPC Server handler 1 on 34247] INFO  node.SCMNodeManager (SCMNodeManager.java:register(267)) - Registered Data node : 80ad4dab-6fab-4925-b97d-cb689744343f{ip: 192.168.69.69, host: pr-hdds-2520-jsqql-2308157731, networkLocation: /default-rack, certSerialId: null}
2019-11-18 05:51:34,026 [EventQueue-NodeRegistrationContainerReportForContainerSafeModeRule] INFO  safemode.SCMSafeModeManager (SCMSafeModeManager.java:validateSafeModeExitRules(176)) - ContainerSafeModeRule rule is successfully validated
2019-11-18 05:51:34,027 [EventQueue-NodeRegistrationContainerReportForDataNodeSafeModeRule] INFO  safemode.SCMSafeModeManager (SCMSafeModeManager.java:validateSafeModeExitRules(176)) - DataNodeSafeModeRule rule is successfully validated
2019-11-18 05:51:34,029 [RatisPipelineUtilsThread] INFO  pipeline.RatisPipelineProvider (RatisPipelineProvider.java:lambda$create$4(163)) - Send pipeline:PipelineID=b1db8ad5-0b7b-4cfb-a346-919b39453686 create command to datanode 80ad4dab-6fab-4925-b97d-cb689744343f
2019-11-18 05:51:34,029 [RatisPipelineUtilsThread] INFO  pipeline.PipelineStateManager (PipelineStateManager.java:addPipeline(55)) - Created pipeline Pipeline[ Id: b1db8ad5-0b7b-4cfb-a346-919b39453686, Nodes: 80ad4dab-6fab-4925-b97d-cb689744343f{ip: 192.168.69.69, host: pr-hdds-2520-jsqql-2308157731, networkLocation: /default-rack, certSerialId: null}, Type:RATIS, Factor:ONE, State:ALLOCATED]
2019-11-18 05:51:34,101 [main] INFO  ozone.MiniOzoneClusterImpl (MiniOzoneClusterImpl.java:lambda$waitForClusterToBeReady$0(150)) - Waiting for nodes to be ready. Got 2 of 3 DN Heartbeats.
2019-11-18 05:51:34,101 [main] INFO  ozone.MiniOzoneClusterImpl (MiniOzoneClusterImpl.java:lambda$waitForClusterToBeReady$0(153)) - Waiting for cluster to exit safe mode
2019-11-18 05:51:34,102 [IPC Server handler 2 on 34247] INFO  net.NetworkTopology (NetworkTopologyImpl.java:add(111)) - Added a new node: /default-rack/99f3671e-a5bd-4bce-9769-e7f381d70426
2019-11-18 05:51:34,102 [IPC Server handler 2 on 34247] INFO  node.SCMNodeManager (SCMNodeManager.java:register(267)) - Registered Data node : 99f3671e-a5bd-4bce-9769-e7f381d70426{ip: 192.168.69.69, host: pr-hdds-2520-jsqql-2308157731, networkLocation: /default-rack, certSerialId: null}
2019-11-18 05:51:34,103 [EventQueue-NodeRegistrationContainerReportForContainerSafeModeRule] INFO  safemode.SCMSafeModeManager (SCMSafeModeManager.java:validateSafeModeExitRules(176)) - ContainerSafeModeRule rule is successfully validated
2019-11-18 05:51:34,103 [RatisPipelineUtilsThread] INFO  pipeline.RatisPipelineProvider (RatisPipelineProvider.java:lambda$create$4(163)) - Send pipeline:PipelineID=d59f0e2b-6bfd-4c28-9bdd-5323749b9e97 create command to datanode 99f3671e-a5bd-4bce-9769-e7f381d70426
2019-11-18 05:51:34,103 [EventQueue-NodeRegistrationContainerReportForDataNodeSafeModeRule] INFO  safemode.SCMSafeModeManager (SCMSafeModeManager.java:validateSafeModeExitRules(176)) - DataNodeSafeModeRule rule is successfully validated
2019-11-18 05:51:34,104 [RatisPipelineUtilsThread] INFO  pipeline.PipelineStateManager (PipelineStateManager.java:addPipeline(55)) - Created pipeline Pipeline[ Id: d59f0e2b-6bfd-4c28-9bdd-5323749b9e97, Nodes: 99f3671e-a5bd-4bce-9769-e7f381d70426{ip: 192.168.69.69, host: pr-hdds-2520-jsqql-2308157731, networkLocation: /default-rack, certSerialId: null}, Type:RATIS, Factor:ONE, State:ALLOCATED]
2019-11-18 05:51:34,105 [RatisPipelineUtilsThread] INFO  pipeline.RatisPipelineProvider (RatisPipelineProvider.java:lambda$create$4(163)) - Send pipeline:PipelineID=cee0332d-1d4e-4b18-9f59-54c250ec033e create command to datanode 99f3671e-a5bd-4bce-9769-e7f381d70426
2019-11-18 05:51:34,106 [RatisPipelineUtilsThread] INFO  pipeline.RatisPipelineProvider (RatisPipelineProvider.java:lambda$create$4(163)) - Send pipeline:PipelineID=cee0332d-1d4e-4b18-9f59-54c250ec033e create command to datanode 80ad4dab-6fab-4925-b97d-cb689744343f
2019-11-18 05:51:34,106 [RatisPipelineUtilsThread] INFO  pipeline.RatisPipelineProvider (RatisPipelineProvider.java:lambda$create$4(163)) - Send pipeline:PipelineID=cee0332d-1d4e-4b18-9f59-54c250ec033e create command to datanode 73222393-6937-40ee-87c7-cf133c1aa5a8
2019-11-18 05:51:34,107 [RatisPipelineUtilsThread] INFO  pipeline.PipelineStateManager (PipelineStateManager.java:addPipeline(55)) - Created pipeline Pipeline[ Id: cee0332d-1d4e-4b18-9f59-54c250ec033e, Nodes: 99f3671e-a5bd-4bce-9769-e7f381d70426{ip: 192.168.69.69, host: pr-hdds-2520-jsqql-2308157731, networkLocation: /default-rack, certSerialId: null}80ad4dab-6fab-4925-b97d-cb689744343f{ip: 192.168.69.69, host: pr-hdds-2520-jsqql-2308157731, networkLocation: /default-rack, certSerialId: null}73222393-6937-40ee-87c7-cf133c1aa5a8{ip: 192.168.69.69, host: pr-hdds-2520-jsqql-2308157731, networkLocation: /default-rack, certSerialId: null}, Type:RATIS, Factor:THREE, State:ALLOCATED]
2019-11-18 05:51:35,102 [main] INFO  ozone.MiniOzoneClusterImpl (MiniOzoneClusterImpl.java:lambda$waitForClusterToBeReady$0(150)) - Nodes are ready. Got 3 of 3 DN Heartbeats.
2019-11-18 05:51:35,102 [main] INFO  ozone.MiniOzoneClusterImpl (MiniOzoneClusterImpl.java:lambda$waitForClusterToBeReady$0(153)) - Waiting for cluster to exit safe mode
2019-11-18 05:51:36,103 [main] INFO  ozone.MiniOzoneClusterImpl (MiniOzoneClusterImpl.java:lambda$waitForClusterToBeReady$0(150)) - Nodes are ready. Got 3 of 3 DN Heartbeats.
2019-11-18 05:51:36,103 [main] INFO  ozone.MiniOzoneClusterImpl (MiniOzoneClusterImpl.java:lambda$waitForClusterToBeReady$0(153)) - Waiting for cluster to exit safe mode
2019-11-18 05:51:36,986 [Command processor thread] INFO  impl.RaftServerProxy (RaftServerProxy.java:addNew(89)) - 73222393-6937-40ee-87c7-cf133c1aa5a8: addNew group-0D439BD27BB2:[73222393-6937-40ee-87c7-cf133c1aa5a8:192.168.69.69:44443] returns group-0D439BD27BB2:java.util.concurrent.CompletableFuture@3ba99d02[Not completed]
2019-11-18 05:51:37,017 [pool-27-thread-1] INFO  impl.RaftServerImpl (RaftServerImpl.java:<init>(98)) - 73222393-6937-40ee-87c7-cf133c1aa5a8: new RaftServerImpl for group-0D439BD27BB2:[73222393-6937-40ee-87c7-cf133c1aa5a8:192.168.69.69:44443] with ContainerStateMachine:uninitialized
2019-11-18 05:51:37,020 [pool-27-thread-1] INFO  server.RaftServerConfigKeys (ConfUtils.java:logGet(43)) - raft.server.rpc.timeout.min = 5s (custom)
2019-11-18 05:51:37,021 [pool-27-thread-1] INFO  server.RaftServerConfigKeys (ConfUtils.java:logGet(43)) - raft.server.rpc.timeout.max = 5200ms (custom)
2019-11-18 05:51:37,021 [pool-27-thread-1] INFO  server.RaftServerConfigKeys (ConfUtils.java:logGet(43)) - raft.server.rpcslowness.timeout = 120s (custom)
2019-11-18 05:51:37,023 [pool-27-thread-1] INFO  server.RaftServerConfigKeys (ConfUtils.java:logGet(43)) - raft.server.sleep.deviation.threshold = 300 (default)
2019-11-18 05:51:37,025 [Command processor thread] INFO  impl.RaftServerProxy (RaftServerProxy.java:addNew(89)) - 80ad4dab-6fab-4925-b97d-cb689744343f: addNew group-919B39453686:[80ad4dab-6fab-4925-b97d-cb689744343f:192.168.69.69:35709] returns group-919B39453686:java.util.concurrent.CompletableFuture@167b1310[Not completed]
2019-11-18 05:51:37,026 [pool-27-thread-1] INFO  server.RaftServerConfigKeys (ConfUtils.java:logGet(43)) - raft.server.log.appender.install.snapshot.enabled = false (custom)
2019-11-18 05:51:37,064 [pool-37-thread-1] INFO  impl.RaftServerImpl (RaftServerImpl.java:<init>(98)) - 80ad4dab-6fab-4925-b97d-cb689744343f: new RaftServerImpl for group-919B39453686:[80ad4dab-6fab-4925-b97d-cb689744343f:192.168.69.69:35709] with ContainerStateMachine:uninitialized
2019-11-18 05:51:37,065 [pool-37-thread-1] INFO  server.RaftServerConfigKeys (ConfUtils.java:logGet(43)) - raft.server.rpc.timeout.min = 5s (custom)
2019-11-18 05:51:37,066 [pool-37-thread-1] INFO  server.RaftServerConfigKeys (ConfUtils.java:logGet(43)) - raft.server.rpc.timeout.max = 5200ms (custom)
2019-11-18 05:51:37,066 [pool-37-thread-1] INFO  server.RaftServerConfigKeys (ConfUtils.java:logGet(43)) - raft.server.rpcslowness.timeout = 120s (custom)
2019-11-18 05:51:37,066 [pool-37-thread-1] INFO  server.RaftServerConfigKeys (ConfUtils.java:logGet(43)) - raft.server.sleep.deviation.threshold = 300 (default)
2019-11-18 05:51:37,066 [pool-37-thread-1] INFO  server.RaftServerConfigKeys (ConfUtils.java:logGet(43)) - raft.server.log.appender.install.snapshot.enabled = false (custom)
2019-11-18 05:51:37,073 [pool-37-thread-1] INFO  impl.RaftServerImpl (ServerState.java:<init>(103)) - 80ad4dab-6fab-4925-b97d-cb689744343f@group-919B39453686: ConfigurationManager, init=-1: [80ad4dab-6fab-4925-b97d-cb689744343f:192.168.69.69:35709], old=null, confs=<EMPTY_MAP>
2019-11-18 05:51:37,073 [pool-27-thread-1] INFO  impl.RaftServerImpl (ServerState.java:<init>(103)) - 73222393-6937-40ee-87c7-cf133c1aa5a8@group-0D439BD27BB2: ConfigurationManager, init=-1: [73222393-6937-40ee-87c7-cf133c1aa5a8:192.168.69.69:44443], old=null, confs=<EMPTY_MAP>
2019-11-18 05:51:37,074 [pool-37-thread-1] INFO  server.RaftServerConfigKeys (ConfUtils.java:logGet(43)) - raft.server.storage.dir = [/workdir/hadoop-ozone/tools/target/test-dir/MiniOzoneClusterImpl-f3ff6bd3-b6c5-4d73-96b1-6ed289f634be/datanode-1/data/ratis] (custom)
2019-11-18 05:51:37,074 [pool-27-thread-1] INFO  server.RaftServerConfigKeys (ConfUtils.java:logGet(43)) - raft.server.storage.dir = [/workdir/hadoop-ozone/tools/target/test-dir/MiniOzoneClusterImpl-f3ff6bd3-b6c5-4d73-96b1-6ed289f634be/datanode-0/data/ratis] (custom)
2019-11-18 05:51:37,084 [pool-27-thread-1] INFO  server.RaftServerConfigKeys (ConfUtils.java:logGet(43)) - raft.server.log.corruption.policy = EXCEPTION (default)
2019-11-18 05:51:37,084 [pool-37-thread-1] INFO  server.RaftServerConfigKeys (ConfUtils.java:logGet(43)) - raft.server.log.corruption.policy = EXCEPTION (default)
2019-11-18 05:51:37,086 [pool-37-thread-1] INFO  storage.RaftStorageDirectory (RaftStorageDirectory.java:analyzeStorage(246)) - The storage directory /workdir/hadoop-ozone/tools/target/test-dir/MiniOzoneClusterImpl-f3ff6bd3-b6c5-4d73-96b1-6ed289f634be/datanode-1/data/ratis/b1db8ad5-0b7b-4cfb-a346-919b39453686 does not exist. Creating ...
2019-11-18 05:51:37,086 [pool-27-thread-1] INFO  storage.RaftStorageDirectory (RaftStorageDirectory.java:analyzeStorage(246)) - The storage directory /workdir/hadoop-ozone/tools/target/test-dir/MiniOzoneClusterImpl-f3ff6bd3-b6c5-4d73-96b1-6ed289f634be/datanode-0/data/ratis/2636dd94-cbc2-4b9c-98eb-0d439bd27bb2 does not exist. Creating ...
2019-11-18 05:51:37,101 [Command processor thread] INFO  impl.RaftServerProxy (RaftServerProxy.java:addNew(89)) - 99f3671e-a5bd-4bce-9769-e7f381d70426: addNew group-5323749B9E97:[99f3671e-a5bd-4bce-9769-e7f381d70426:192.168.69.69:46664] returns group-5323749B9E97:java.util.concurrent.CompletableFuture@2878d513[Not completed]
2019-11-18 05:51:37,107 [main] INFO  ozone.MiniOzoneClusterImpl (MiniOzoneClusterImpl.java:lambda$waitForClusterToBeReady$0(150)) - Nodes are ready. Got 3 of 3 DN Heartbeats.
2019-11-18 05:51:37,118 [main] INFO  ozone.MiniOzoneClusterImpl (MiniOzoneClusterImpl.java:lambda$waitForClusterToBeReady$0(153)) - Waiting for cluster to exit safe mode
2019-11-18 05:51:37,119 [pool-37-thread-1] INFO  storage.RaftStorageDirectory (RaftStorageDirectory.java:tryLock(328)) - Lock on /workdir/hadoop-ozone/tools/target/test-dir/MiniOzoneClusterImpl-f3ff6bd3-b6c5-4d73-96b1-6ed289f634be/datanode-1/data/ratis/b1db8ad5-0b7b-4cfb-a346-919b39453686/in_use.lock acquired by nodename 32143@pr-hdds-2520-jsqql-2308157731
2019-11-18 05:51:37,119 [pool-47-thread-1] INFO  impl.RaftServerImpl (RaftServerImpl.java:<init>(98)) - 99f3671e-a5bd-4bce-9769-e7f381d70426: new RaftServerImpl for group-5323749B9E97:[99f3671e-a5bd-4bce-9769-e7f381d70426:192.168.69.69:46664] with ContainerStateMachine:uninitialized
2019-11-18 05:51:37,119 [pool-27-thread-1] INFO  storage.RaftStorageDirectory (RaftStorageDirectory.java:tryLock(328)) - Lock on /workdir/hadoop-ozone/tools/target/test-dir/MiniOzoneClusterImpl-f3ff6bd3-b6c5-4d73-96b1-6ed289f634be/datanode-0/data/ratis/2636dd94-cbc2-4b9c-98eb-0d439bd27bb2/in_use.lock acquired by nodename 32143@pr-hdds-2520-jsqql-2308157731
2019-11-18 05:51:37,120 [pool-47-thread-1] INFO  server.RaftServerConfigKeys (ConfUtils.java:logGet(43)) - raft.server.rpc.timeout.min = 5s (custom)
2019-11-18 05:51:37,121 [pool-47-thread-1] INFO  server.RaftServerConfigKeys (ConfUtils.java:logGet(43)) - raft.server.rpc.timeout.max = 5200ms (custom)
2019-11-18 05:51:37,121 [pool-47-thread-1] INFO  server.RaftServerConfigKeys (ConfUtils.java:logGet(43)) - raft.server.rpcslowness.timeout = 120s (custom)
2019-11-18 05:51:37,121 [pool-47-thread-1] INFO  server.RaftServerConfigKeys (ConfUtils.java:logGet(43)) - raft.server.sleep.deviation.threshold = 300 (default)
2019-11-18 05:51:37,121 [pool-47-thread-1] INFO  server.RaftServerConfigKeys (ConfUtils.java:logGet(43)) - raft.server.log.appender.install.snapshot.enabled = false (custom)
2019-11-18 05:51:37,122 [pool-47-thread-1] INFO  impl.RaftServerImpl (ServerState.java:<init>(103)) - 99f3671e-a5bd-4bce-9769-e7f381d70426@group-5323749B9E97: ConfigurationManager, init=-1: [99f3671e-a5bd-4bce-9769-e7f381d70426:192.168.69.69:46664], old=null, confs=<EMPTY_MAP>
2019-11-18 05:51:37,122 [pool-47-thread-1] INFO  server.RaftServerConfigKeys (ConfUtils.java:logGet(43)) - raft.server.storage.dir = [/workdir/hadoop-ozone/tools/target/test-dir/MiniOzoneClusterImpl-f3ff6bd3-b6c5-4d73-96b1-6ed289f634be/datanode-2/data/ratis] (custom)
2019-11-18 05:51:37,122 [pool-47-thread-1] INFO  server.RaftServerConfigKeys (ConfUtils.java:logGet(43)) - raft.server.log.corruption.policy = EXCEPTION (default)
2019-11-18 05:51:37,123 [pool-47-thread-1] INFO  storage.RaftStorageDirectory (RaftStorageDirectory.java:analyzeStorage(246)) - The storage directory /workdir/hadoop-ozone/tools/target/test-dir/MiniOzoneClusterImpl-f3ff6bd3-b6c5-4d73-96b1-6ed289f634be/datanode-2/data/ratis/d59f0e2b-6bfd-4c28-9bdd-5323749b9e97 does not exist. Creating ...
2019-11-18 05:51:37,147 [pool-47-thread-1] INFO  storage.RaftStorageDirectory (RaftStorageDirectory.java:tryLock(328)) - Lock on /workdir/hadoop-ozone/tools/target/test-dir/MiniOzoneClusterImpl-f3ff6bd3-b6c5-4d73-96b1-6ed289f634be/datanode-2/data/ratis/d59f0e2b-6bfd-4c28-9bdd-5323749b9e97/in_use.lock acquired by nodename 32143@pr-hdds-2520-jsqql-2308157731
2019-11-18 05:51:37,148 [pool-37-thread-1] INFO  storage.RaftStorage (RaftStorage.java:format(84)) - Storage directory /workdir/hadoop-ozone/tools/target/test-dir/MiniOzoneClusterImpl-f3ff6bd3-b6c5-4d73-96b1-6ed289f634be/datanode-1/data/ratis/b1db8ad5-0b7b-4cfb-a346-919b39453686 has been successfully formatted.
2019-11-18 05:51:37,148 [pool-27-thread-1] INFO  storage.RaftStorage (RaftStorage.java:format(84)) - Storage directory /workdir/hadoop-ozone/tools/target/test-dir/MiniOzoneClusterImpl-f3ff6bd3-b6c5-4d73-96b1-6ed289f634be/datanode-0/data/ratis/2636dd94-cbc2-4b9c-98eb-0d439bd27bb2 has been successfully formatted.
2019-11-18 05:51:37,153 [pool-27-thread-1] INFO  ratis.ContainerStateMachine (ContainerStateMachine.java:loadSnapshot(223)) - group-0D439BD27BB2: The snapshot info is null. Setting the last applied indexto:(t:0, i:~)
2019-11-18 05:51:37,153 [pool-37-thread-1] INFO  ratis.ContainerStateMachine (ContainerStateMachine.java:loadSnapshot(223)) - group-919B39453686: The snapshot info is null. Setting the last applied indexto:(t:0, i:~)
2019-11-18 05:51:37,154 [pool-27-thread-1] INFO  server.RaftServerConfigKeys (ConfUtils.java:logGet(43)) - raft.server.notification.no-leader.timeout = 120s (custom)
2019-11-18 05:51:37,154 [pool-37-thread-1] INFO  server.RaftServerConfigKeys (ConfUtils.java:logGet(43)) - raft.server.notification.no-leader.timeout = 120s (custom)
2019-11-18 05:51:37,158 [pool-37-thread-1] INFO  server.RaftServerConfigKeys (ConfUtils.java:logGet(43)) - raft.server.log.use.memory = false (default)
2019-11-18 05:51:37,158 [pool-27-thread-1] INFO  server.RaftServerConfigKeys (ConfUtils.java:logGet(43)) - raft.server.log.use.memory = false (default)
2019-11-18 05:51:37,161 [pool-47-thread-1] INFO  storage.RaftStorage (RaftStorage.java:format(84)) - Storage directory /workdir/hadoop-ozone/tools/target/test-dir/MiniOzoneClusterImpl-f3ff6bd3-b6c5-4d73-96b1-6ed289f634be/datanode-2/data/ratis/d59f0e2b-6bfd-4c28-9bdd-5323749b9e97 has been successfully formatted.
2019-11-18 05:51:37,162 [pool-47-thread-1] INFO  ratis.ContainerStateMachine (ContainerStateMachine.java:loadSnapshot(223)) - group-5323749B9E97: The snapshot info is null. Setting the last applied indexto:(t:0, i:~)
2019-11-18 05:51:37,162 [pool-47-thread-1] INFO  server.RaftServerConfigKeys (ConfUtils.java:logGet(43)) - raft.server.notification.no-leader.timeout = 120s (custom)
2019-11-18 05:51:37,162 [pool-47-thread-1] INFO  server.RaftServerConfigKeys (ConfUtils.java:logGet(43)) - raft.server.log.use.memory = false (default)
2019-11-18 05:51:37,167 [pool-47-thread-1] INFO  server.RaftServerConfigKeys (ConfUtils.java:logGet(43)) - raft.server.log.purge.gap = 1000000 (custom)
2019-11-18 05:51:37,167 [pool-37-thread-1] INFO  server.RaftServerConfigKeys (ConfUtils.java:logGet(43)) - raft.server.log.purge.gap = 1000000 (custom)
2019-11-18 05:51:37,167 [pool-47-thread-1] INFO  server.RaftServerConfigKeys (ConfUtils.java:logGet(43)) - raft.server.log.appender.buffer.byte-limit = 33554432 (custom)
2019-11-18 05:51:37,167 [pool-27-thread-1] INFO  server.RaftServerConfigKeys (ConfUtils.java:logGet(43)) - raft.server.log.purge.gap = 1000000 (custom)
2019-11-18 05:51:37,167 [pool-37-thread-1] INFO  server.RaftServerConfigKeys (ConfUtils.java:logGet(43)) - raft.server.log.appender.buffer.byte-limit = 33554432 (custom)
2019-11-18 05:51:37,168 [pool-27-thread-1] INFO  server.RaftServerConfigKeys (ConfUtils.java:logGet(43)) - raft.server.log.appender.buffer.byte-limit = 33554432 (custom)
2019-11-18 05:51:37,171 [pool-37-thread-1] INFO  server.RaftServerConfigKeys (ConfUtils.java:logGet(43)) - raft.server.log.segment.size.max = 1048576 (custom)
2019-11-18 05:51:37,171 [pool-27-thread-1] INFO  server.RaftServerConfigKeys (ConfUtils.java:logGet(43)) - raft.server.log.segment.size.max = 1048576 (custom)
2019-11-18 05:51:37,171 [pool-47-thread-1] INFO  server.RaftServerConfigKeys (ConfUtils.java:logGet(43)) - raft.server.log.segment.size.max = 1048576 (custom)
2019-11-18 05:51:37,179 [pool-47-thread-1] INFO  metrics.MetricRegistries (MetricRegistriesLoader.java:load(64)) - Loaded MetricRegistries class org.apache.ratis.metrics.impl.MetricRegistriesImpl
2019-11-18 05:51:37,185 [pool-47-thread-1] WARN  impl.MetricRegistriesImpl (MetricRegistriesImpl.java:lambda$create$1(61)) - First MetricRegistry has been created without registering reporters. You may need to call MetricRegistries.global().addReportRegistration(...) before.
2019-11-18 05:51:37,185 [pool-27-thread-1] WARN  impl.MetricRegistriesImpl (MetricRegistriesImpl.java:lambda$create$1(61)) - First MetricRegistry has been created without registering reporters. You may need to call MetricRegistries.global().addReportRegistration(...) before.
2019-11-18 05:51:37,185 [pool-37-thread-1] WARN  impl.MetricRegistriesImpl (MetricRegistriesImpl.java:lambda$create$1(61)) - First MetricRegistry has been created without registering reporters. You may need to call MetricRegistries.global().addReportRegistration(...) before.
2019-11-18 05:51:37,195 [pool-47-thread-1] INFO  server.RaftServerConfigKeys (ConfUtils.java:logGet(43)) - raft.server.log.segment.cache.num.max = 2 (custom)
2019-11-18 05:51:37,195 [pool-27-thread-1] INFO  server.RaftServerConfigKeys (ConfUtils.java:logGet(43)) - raft.server.log.segment.cache.num.max = 2 (custom)
2019-11-18 05:51:37,195 [pool-37-thread-1] INFO  server.RaftServerConfigKeys (ConfUtils.java:logGet(43)) - raft.server.log.segment.cache.num.max = 2 (custom)
2019-11-18 05:51:37,204 [pool-47-thread-1] INFO  segmented.SegmentedRaftLogWorker (SegmentedRaftLogWorker.java:<init>(173)) - new 99f3671e-a5bd-4bce-9769-e7f381d70426@group-5323749B9E97-SegmentedRaftLogWorker for RaftStorage:Storage Directory /workdir/hadoop-ozone/tools/target/test-dir/MiniOzoneClusterImpl-f3ff6bd3-b6c5-4d73-96b1-6ed289f634be/datanode-2/data/ratis/d59f0e2b-6bfd-4c28-9bdd-5323749b9e97
2019-11-18 05:51:37,204 [pool-27-thread-1] INFO  segmented.SegmentedRaftLogWorker (SegmentedRaftLogWorker.java:<init>(173)) - new 73222393-6937-40ee-87c7-cf133c1aa5a8@group-0D439BD27BB2-SegmentedRaftLogWorker for RaftStorage:Storage Directory /workdir/hadoop-ozone/tools/target/test-dir/MiniOzoneClusterImpl-f3ff6bd3-b6c5-4d73-96b1-6ed289f634be/datanode-0/data/ratis/2636dd94-cbc2-4b9c-98eb-0d439bd27bb2
2019-11-18 05:51:37,204 [pool-37-thread-1] INFO  segmented.SegmentedRaftLogWorker (SegmentedRaftLogWorker.java:<init>(173)) - new 80ad4dab-6fab-4925-b97d-cb689744343f@group-919B39453686-SegmentedRaftLogWorker for RaftStorage:Storage Directory /workdir/hadoop-ozone/tools/target/test-dir/MiniOzoneClusterImpl-f3ff6bd3-b6c5-4d73-96b1-6ed289f634be/datanode-1/data/ratis/b1db8ad5-0b7b-4cfb-a346-919b39453686
2019-11-18 05:51:37,205 [pool-47-thread-1] INFO  server.RaftServerConfigKeys (ConfUtils.java:logGet(43)) - raft.server.log.queue.byte-limit = 2147483647 (custom)
2019-11-18 05:51:37,205 [pool-37-thread-1] INFO  server.RaftServerConfigKeys (ConfUtils.java:logGet(43)) - raft.server.log.queue.byte-limit = 2147483647 (custom)
2019-11-18 05:51:37,205 [pool-27-thread-1] INFO  server.RaftServerConfigKeys (ConfUtils.java:logGet(43)) - raft.server.log.queue.byte-limit = 2147483647 (custom)
2019-11-18 05:51:37,206 [pool-47-thread-1] INFO  server.RaftServerConfigKeys (ConfUtils.java:logGet(43)) - raft.server.log.queue.element-limit = 1024 (custom)
2019-11-18 05:51:37,206 [pool-37-thread-1] INFO  server.RaftServerConfigKeys (ConfUtils.java:logGet(43)) - raft.server.log.queue.element-limit = 1024 (custom)
2019-11-18 05:51:37,206 [pool-27-thread-1] INFO  server.RaftServerConfigKeys (ConfUtils.java:logGet(43)) - raft.server.log.queue.element-limit = 1024 (custom)
2019-11-18 05:51:37,207 [pool-47-thread-1] INFO  server.RaftServerConfigKeys (ConfUtils.java:logGet(43)) - raft.server.log.segment.size.max = 1048576 (custom)
2019-11-18 05:51:37,207 [pool-27-thread-1] INFO  server.RaftServerConfigKeys (ConfUtils.java:logGet(43)) - raft.server.log.segment.size.max = 1048576 (custom)
2019-11-18 05:51:37,207 [pool-37-thread-1] INFO  server.RaftServerConfigKeys (ConfUtils.java:logGet(43)) - raft.server.log.segment.size.max = 1048576 (custom)
2019-11-18 05:51:37,208 [pool-37-thread-1] INFO  server.RaftServerConfigKeys (ConfUtils.java:logGet(43)) - raft.server.log.preallocated.size = 16384 (custom)
2019-11-18 05:51:37,208 [pool-47-thread-1] INFO  server.RaftServerConfigKeys (ConfUtils.java:logGet(43)) - raft.server.log.preallocated.size = 16384 (custom)
2019-11-18 05:51:37,208 [pool-27-thread-1] INFO  server.RaftServerConfigKeys (ConfUtils.java:logGet(43)) - raft.server.log.preallocated.size = 16384 (custom)
2019-11-18 05:51:37,208 [pool-37-thread-1] INFO  server.RaftServerConfigKeys (ConfUtils.java:logGet(43)) - raft.server.log.write.buffer.size = 33554432 (custom)
2019-11-18 05:51:37,209 [pool-47-thread-1] INFO  server.RaftServerConfigKeys (ConfUtils.java:logGet(43)) - raft.server.log.write.buffer.size = 33554432 (custom)
2019-11-18 05:51:37,208 [pool-27-thread-1] INFO  server.RaftServerConfigKeys (ConfUtils.java:logGet(43)) - raft.server.log.write.buffer.size = 33554432 (custom)
2019-11-18 05:51:37,209 [pool-37-thread-1] INFO  server.RaftServerConfigKeys (ConfUtils.java:logGet(43)) - raft.server.log.force.sync.num = 128 (default)
2019-11-18 05:51:37,209 [pool-47-thread-1] INFO  server.RaftServerConfigKeys (ConfUtils.java:logGet(43)) - raft.server.log.force.sync.num = 128 (default)
2019-11-18 05:51:37,210 [pool-27-thread-1] INFO  server.RaftServerConfigKeys (ConfUtils.java:logGet(43)) - raft.server.log.force.sync.num = 128 (default)
2019-11-18 05:51:37,211 [pool-47-thread-1] INFO  server.RaftServerConfigKeys (ConfUtils.java:logGet(43)) - raft.server.log.statemachine.data.sync = true (default)
2019-11-18 05:51:37,211 [pool-27-thread-1] INFO  server.RaftServerConfigKeys (ConfUtils.java:logGet(43)) - raft.server.log.statemachine.data.sync = true (default)
2019-11-18 05:51:37,211 [pool-37-thread-1] INFO  server.RaftServerConfigKeys (ConfUtils.java:logGet(43)) - raft.server.log.statemachine.data.sync = true (default)
2019-11-18 05:51:37,211 [pool-27-thread-1] INFO  server.RaftServerConfigKeys (ConfUtils.java:logGet(43)) - raft.server.log.statemachine.data.sync.timeout = 10s (default)
2019-11-18 05:51:37,211 [pool-47-thread-1] INFO  server.RaftServerConfigKeys (ConfUtils.java:logGet(43)) - raft.server.log.statemachine.data.sync.timeout = 10s (default)
2019-11-18 05:51:37,211 [pool-37-thread-1] INFO  server.RaftServerConfigKeys (ConfUtils.java:logGet(43)) - raft.server.log.statemachine.data.sync.timeout = 10s (default)
2019-11-18 05:51:37,212 [pool-47-thread-1] INFO  server.RaftServerConfigKeys (ConfUtils.java:logGet(43)) - raft.server.log.statemachine.data.sync.timeout.retry = -1 (default)
2019-11-18 05:51:37,212 [pool-27-thread-1] INFO  server.RaftServerConfigKeys (ConfUtils.java:logGet(43)) - raft.server.log.statemachine.data.sync.timeout.retry = -1 (default)
2019-11-18 05:51:37,212 [pool-37-thread-1] INFO  server.RaftServerConfigKeys (ConfUtils.java:logGet(43)) - raft.server.log.statemachine.data.sync.timeout.retry = -1 (default)
2019-11-18 05:51:37,231 [pool-27-thread-1] INFO  server.RaftServerConfigKeys (ConfUtils.java:logGet(43)) - raft.server.log.statemachine.data.caching.enabled = true (custom)
2019-11-18 05:51:37,231 [pool-47-thread-1] INFO  server.RaftServerConfigKeys (ConfUtils.java:logGet(43)) - raft.server.log.statemachine.data.caching.enabled = true (custom)
2019-11-18 05:51:37,231 [pool-37-thread-1] INFO  server.RaftServerConfigKeys (ConfUtils.java:logGet(43)) - raft.server.log.statemachine.data.caching.enabled = true (custom)
2019-11-18 05:51:37,239 [pool-37-thread-1] INFO  segmented.SegmentedRaftLogWorker (SegmentedRaftLogWorker.java:lambda$new$0(128)) - 80ad4dab-6fab-4925-b97d-cb689744343f@group-919B39453686-SegmentedRaftLogWorker: flushIndex: setUnconditionally 0 -> -1
2019-11-18 05:51:37,239 [pool-27-thread-1] INFO  segmented.SegmentedRaftLogWorker (SegmentedRaftLogWorker.java:lambda$new$0(128)) - 73222393-6937-40ee-87c7-cf133c1aa5a8@group-0D439BD27BB2-SegmentedRaftLogWorker: flushIndex: setUnconditionally 0 -> -1
2019-11-18 05:51:37,239 [pool-47-thread-1] INFO  segmented.SegmentedRaftLogWorker (SegmentedRaftLogWorker.java:lambda$new$0(128)) - 99f3671e-a5bd-4bce-9769-e7f381d70426@group-5323749B9E97-SegmentedRaftLogWorker: flushIndex: setUnconditionally 0 -> -1
2019-11-18 05:51:37,245 [pool-37-thread-1] INFO  server.RaftServerConfigKeys (ConfUtils.java:logGet(43)) - raft.server.snapshot.auto.trigger.enabled = true (custom)
2019-11-18 05:51:37,245 [pool-27-thread-1] INFO  server.RaftServerConfigKeys (ConfUtils.java:logGet(43)) - raft.server.snapshot.auto.trigger.enabled = true (custom)
2019-11-18 05:51:37,245 [pool-47-thread-1] INFO  server.RaftServerConfigKeys (ConfUtils.java:logGet(43)) - raft.server.snapshot.auto.trigger.enabled = true (custom)
2019-11-18 05:51:37,246 [pool-37-thread-1] INFO  server.RaftServerConfigKeys (ConfUtils.java:logGet(43)) - raft.server.snapshot.auto.trigger.threshold = 10000 (custom)
2019-11-18 05:51:37,246 [pool-47-thread-1] INFO  server.RaftServerConfigKeys (ConfUtils.java:logGet(43)) - raft.server.snapshot.auto.trigger.threshold = 10000 (custom)
2019-11-18 05:51:37,247 [pool-27-thread-1] INFO  server.RaftServerConfigKeys (ConfUtils.java:logGet(43)) - raft.server.snapshot.auto.trigger.threshold = 10000 (custom)
2019-11-18 05:51:37,247 [pool-37-thread-1] INFO  server.RaftServerConfigKeys (ConfUtils.java:logGet(43)) - raft.server.snapshot.retention.file.num = 5 (custom)
2019-11-18 05:51:37,247 [pool-47-thread-1] INFO  server.RaftServerConfigKeys (ConfUtils.java:logGet(43)) - raft.server.snapshot.retention.file.num = 5 (custom)
2019-11-18 05:51:37,247 [pool-27-thread-1] INFO  server.RaftServerConfigKeys (ConfUtils.java:logGet(43)) - raft.server.snapshot.retention.file.num = 5 (custom)
2019-11-18 05:51:37,248 [pool-27-thread-1] INFO  server.RaftServerConfigKeys (ConfUtils.java:logGet(43)) - raft.server.retrycache.expirytime = 600000ms (custom)
2019-11-18 05:51:37,248 [pool-47-thread-1] INFO  server.RaftServerConfigKeys (ConfUtils.java:logGet(43)) - raft.server.retrycache.expirytime = 600000ms (custom)
2019-11-18 05:51:37,248 [pool-37-thread-1] INFO  server.RaftServerConfigKeys (ConfUtils.java:logGet(43)) - raft.server.retrycache.expirytime = 600000ms (custom)
2019-11-18 05:51:37,285 [pool-27-thread-1] WARN  impl.MetricRegistriesImpl (MetricRegistriesImpl.java:lambda$create$1(61)) - First MetricRegistry has been created without registering reporters. You may need to call MetricRegistries.global().addReportRegistration(...) before.
2019-11-18 05:51:37,285 [pool-47-thread-1] WARN  impl.MetricRegistriesImpl (MetricRegistriesImpl.java:lambda$create$1(61)) - First MetricRegistry has been created without registering reporters. You may need to call MetricRegistries.global().addReportRegistration(...) before.
2019-11-18 05:51:37,285 [pool-37-thread-1] WARN  impl.MetricRegistriesImpl (MetricRegistriesImpl.java:lambda$create$1(61)) - First MetricRegistry has been created without registering reporters. You may need to call MetricRegistries.global().addReportRegistration(...) before.
2019-11-18 05:51:37,288 [pool-37-thread-1] WARN  impl.MetricRegistriesImpl (MetricRegistriesImpl.java:lambda$create$1(61)) - First MetricRegistry has been created without registering reporters. You may need to call MetricRegistries.global().addReportRegistration(...) before.
2019-11-18 05:51:37,288 [pool-27-thread-1] WARN  impl.MetricRegistriesImpl (MetricRegistriesImpl.java:lambda$create$1(61)) - First MetricRegistry has been created without registering reporters. You may need to call MetricRegistries.global().addReportRegistration(...) before.
2019-11-18 05:51:37,288 [pool-47-thread-1] WARN  impl.MetricRegistriesImpl (MetricRegistriesImpl.java:lambda$create$1(61)) - First MetricRegistry has been created without registering reporters. You may need to call MetricRegistries.global().addReportRegistration(...) before.
2019-11-18 05:51:37,304 [pool-37-thread-1] INFO  impl.RaftServerImpl (RaftServerImpl.java:start(184)) - 80ad4dab-6fab-4925-b97d-cb689744343f@group-919B39453686: start as a follower, conf=-1: [80ad4dab-6fab-4925-b97d-cb689744343f:192.168.69.69:35709], old=null
2019-11-18 05:51:37,304 [pool-27-thread-1] INFO  impl.RaftServerImpl (RaftServerImpl.java:start(184)) - 73222393-6937-40ee-87c7-cf133c1aa5a8@group-0D439BD27BB2: start as a follower, conf=-1: [73222393-6937-40ee-87c7-cf133c1aa5a8:192.168.69.69:44443], old=null
2019-11-18 05:51:37,304 [pool-47-thread-1] INFO  impl.RaftServerImpl (RaftServerImpl.java:start(184)) - 99f3671e-a5bd-4bce-9769-e7f381d70426@group-5323749B9E97: start as a follower, conf=-1: [99f3671e-a5bd-4bce-9769-e7f381d70426:192.168.69.69:46664], old=null
2019-11-18 05:51:37,305 [pool-37-thread-1] INFO  impl.RaftServerImpl (RaftServerImpl.java:setRole(173)) - 80ad4dab-6fab-4925-b97d-cb689744343f@group-919B39453686: changes role from      null to FOLLOWER at term 0 for startAsFollower
2019-11-18 05:51:37,305 [pool-27-thread-1] INFO  impl.RaftServerImpl (RaftServerImpl.java:setRole(173)) - 73222393-6937-40ee-87c7-cf133c1aa5a8@group-0D439BD27BB2: changes role from      null to FOLLOWER at term 0 for startAsFollower
2019-11-18 05:51:37,305 [pool-47-thread-1] INFO  impl.RaftServerImpl (RaftServerImpl.java:setRole(173)) - 99f3671e-a5bd-4bce-9769-e7f381d70426@group-5323749B9E97: changes role from      null to FOLLOWER at term 0 for startAsFollower
2019-11-18 05:51:37,307 [pool-37-thread-1] INFO  impl.RoleInfo (RoleInfo.java:updateAndGet(143)) - 80ad4dab-6fab-4925-b97d-cb689744343f: start FollowerState
2019-11-18 05:51:37,307 [pool-47-thread-1] INFO  impl.RoleInfo (RoleInfo.java:updateAndGet(143)) - 99f3671e-a5bd-4bce-9769-e7f381d70426: start FollowerState
2019-11-18 05:51:37,307 [pool-27-thread-1] INFO  impl.RoleInfo (RoleInfo.java:updateAndGet(143)) - 73222393-6937-40ee-87c7-cf133c1aa5a8: start FollowerState
2019-11-18 05:51:37,318 [pool-37-thread-1] INFO  util.JmxRegister (JmxRegister.java:tryRegister(44)) - Successfully registered JMX Bean with object name Ratis:service=RaftServer,group=group-919B39453686,id=80ad4dab-6fab-4925-b97d-cb689744343f
2019-11-18 05:51:37,319 [pool-27-thread-1] INFO  util.JmxRegister (JmxRegister.java:tryRegister(44)) - Successfully registered JMX Bean with object name Ratis:service=RaftServer,group=group-0D439BD27BB2,id=73222393-6937-40ee-87c7-cf133c1aa5a8
2019-11-18 05:51:37,318 [pool-47-thread-1] INFO  util.JmxRegister (JmxRegister.java:tryRegister(44)) - Successfully registered JMX Bean with object name Ratis:service=RaftServer,group=group-5323749B9E97,id=99f3671e-a5bd-4bce-9769-e7f381d70426
2019-11-18 05:51:37,321 [pool-37-thread-1] WARN  impl.MetricRegistriesImpl (MetricRegistriesImpl.java:lambda$create$1(61)) - First MetricRegistry has been created without registering reporters. You may need to call MetricRegistries.global().addReportRegistration(...) before.
2019-11-18 05:51:37,321 [pool-47-thread-1] WARN  impl.MetricRegistriesImpl (MetricRegistriesImpl.java:lambda$create$1(61)) - First MetricRegistry has been created without registering reporters. You may need to call MetricRegistries.global().addReportRegistration(...) before.
2019-11-18 05:51:37,321 [pool-27-thread-1] WARN  impl.MetricRegistriesImpl (MetricRegistriesImpl.java:lambda$create$1(61)) - First MetricRegistry has been created without registering reporters. You may need to call MetricRegistries.global().addReportRegistration(...) before.
2019-11-18 05:51:37,335 [Command processor thread] INFO  commandhandler.CreatePipelineCommandHandler (CreatePipelineCommandHandler.java:handle(86)) - Create Pipeline RATIS ONE #id: "2636dd94-cbc2-4b9c-98eb-0d439bd27bb2"
 command succeed on datanode 73222393-6937-40ee-87c7-cf133c1aa5a8.
2019-11-18 05:51:37,335 [Command processor thread] INFO  commandhandler.CreatePipelineCommandHandler (CreatePipelineCommandHandler.java:handle(86)) - Create Pipeline RATIS ONE #id: "b1db8ad5-0b7b-4cfb-a346-919b39453686"
 command succeed on datanode 80ad4dab-6fab-4925-b97d-cb689744343f.
2019-11-18 05:51:37,335 [Command processor thread] INFO  commandhandler.CreatePipelineCommandHandler (CreatePipelineCommandHandler.java:handle(86)) - Create Pipeline RATIS ONE #id: "d59f0e2b-6bfd-4c28-9bdd-5323749b9e97"
 command succeed on datanode 99f3671e-a5bd-4bce-9769-e7f381d70426.
2019-11-18 05:51:37,342 [Command processor thread] INFO  impl.RaftServerProxy (RaftServerProxy.java:addNew(89)) - 73222393-6937-40ee-87c7-cf133c1aa5a8: addNew group-54C250EC033E:[73222393-6937-40ee-87c7-cf133c1aa5a8:192.168.69.69:44443, 80ad4dab-6fab-4925-b97d-cb689744343f:192.168.69.69:35709, 99f3671e-a5bd-4bce-9769-e7f381d70426:192.168.69.69:46664] returns group-54C250EC033E:java.util.concurrent.CompletableFuture@2296d807[Not completed]
2019-11-18 05:51:37,342 [Command processor thread] INFO  impl.RaftServerProxy (RaftServerProxy.java:addNew(89)) - 99f3671e-a5bd-4bce-9769-e7f381d70426: addNew group-54C250EC033E:[73222393-6937-40ee-87c7-cf133c1aa5a8:192.168.69.69:44443, 80ad4dab-6fab-4925-b97d-cb689744343f:192.168.69.69:35709, 99f3671e-a5bd-4bce-9769-e7f381d70426:192.168.69.69:46664] returns group-54C250EC033E:java.util.concurrent.CompletableFuture@2c4754c4[Not completed]
2019-11-18 05:51:37,343 [Command processor thread] INFO  impl.RaftServerProxy (RaftServerProxy.java:addNew(89)) - 80ad4dab-6fab-4925-b97d-cb689744343f: addNew group-54C250EC033E:[73222393-6937-40ee-87c7-cf133c1aa5a8:192.168.69.69:44443, 80ad4dab-6fab-4925-b97d-cb689744343f:192.168.69.69:35709, 99f3671e-a5bd-4bce-9769-e7f381d70426:192.168.69.69:46664] returns group-54C250EC033E:java.util.concurrent.CompletableFuture@12448507[Not completed]
2019-11-18 05:51:37,345 [pool-47-thread-1] INFO  impl.RaftServerImpl (RaftServerImpl.java:<init>(98)) - 99f3671e-a5bd-4bce-9769-e7f381d70426: new RaftServerImpl for group-54C250EC033E:[73222393-6937-40ee-87c7-cf133c1aa5a8:192.168.69.69:44443, 80ad4dab-6fab-4925-b97d-cb689744343f:192.168.69.69:35709, 99f3671e-a5bd-4bce-9769-e7f381d70426:192.168.69.69:46664] with ContainerStateMachine:uninitialized
2019-11-18 05:51:37,345 [pool-47-thread-1] INFO  server.RaftServerConfigKeys (ConfUtils.java:logGet(43)) - raft.server.rpc.timeout.min = 5s (custom)
2019-11-18 05:51:37,345 [pool-47-thread-1] INFO  server.RaftServerConfigKeys (ConfUtils.java:logGet(43)) - raft.server.rpc.timeout.max = 5200ms (custom)
2019-11-18 05:51:37,345 [pool-47-thread-1] INFO  server.RaftServerConfigKeys (ConfUtils.java:logGet(43)) - raft.server.rpcslowness.timeout = 120s (custom)
2019-11-18 05:51:37,346 [pool-47-thread-1] INFO  server.RaftServerConfigKeys (ConfUtils.java:logGet(43)) - raft.server.sleep.deviation.threshold = 300 (default)
2019-11-18 05:51:37,346 [pool-47-thread-1] INFO  server.RaftServerConfigKeys (ConfUtils.java:logGet(43)) - raft.server.log.appender.install.snapshot.enabled = false (custom)
2019-11-18 05:51:37,346 [pool-47-thread-1] INFO  impl.RaftServerImpl (ServerState.java:<init>(103)) - 99f3671e-a5bd-4bce-9769-e7f381d70426@group-54C250EC033E: ConfigurationManager, init=-1: [73222393-6937-40ee-87c7-cf133c1aa5a8:192.168.69.69:44443, 80ad4dab-6fab-4925-b97d-cb689744343f:192.168.69.69:35709, 99f3671e-a5bd-4bce-9769-e7f381d70426:192.168.69.69:46664], old=null, confs=<EMPTY_MAP>
2019-11-18 05:51:37,346 [pool-47-thread-1] INFO  server.RaftServerConfigKeys (ConfUtils.java:logGet(43)) - raft.server.storage.dir = [/workdir/hadoop-ozone/tools/target/test-dir/MiniOzoneClusterImpl-f3ff6bd3-b6c5-4d73-96b1-6ed289f634be/datanode-2/data/ratis] (custom)
2019-11-18 05:51:37,346 [pool-37-thread-1] INFO  impl.RaftServerImpl (RaftServerImpl.java:<init>(98)) - 80ad4dab-6fab-4925-b97d-cb689744343f: new RaftServerImpl for group-54C250EC033E:[73222393-6937-40ee-87c7-cf133c1aa5a8:192.168.69.69:44443, 80ad4dab-6fab-4925-b97d-cb689744343f:192.168.69.69:35709, 99f3671e-a5bd-4bce-9769-e7f381d70426:192.168.69.69:46664] with ContainerStateMachine:uninitialized
2019-11-18 05:51:37,346 [pool-47-thread-1] INFO  server.RaftServerConfigKeys (ConfUtils.java:logGet(43)) - raft.server.log.corruption.policy = EXCEPTION (default)
2019-11-18 05:51:37,346 [pool-37-thread-1] INFO  server.RaftServerConfigKeys (ConfUtils.java:logGet(43)) - raft.server.rpc.timeout.min = 5s (custom)
2019-11-18 05:51:37,347 [pool-47-thread-1] INFO  storage.RaftStorageDirectory (RaftStorageDirectory.java:analyzeStorage(246)) - The storage directory /workdir/hadoop-ozone/tools/target/test-dir/MiniOzoneClusterImpl-f3ff6bd3-b6c5-4d73-96b1-6ed289f634be/datanode-2/data/ratis/cee0332d-1d4e-4b18-9f59-54c250ec033e does not exist. Creating ...
2019-11-18 05:51:37,347 [pool-37-thread-1] INFO  server.RaftServerConfigKeys (ConfUtils.java:logGet(43)) - raft.server.rpc.timeout.max = 5200ms (custom)
2019-11-18 05:51:37,347 [pool-37-thread-1] INFO  server.RaftServerConfigKeys (ConfUtils.java:logGet(43)) - raft.server.rpcslowness.timeout = 120s (custom)
2019-11-18 05:51:37,347 [pool-37-thread-1] INFO  server.RaftServerConfigKeys (ConfUtils.java:logGet(43)) - raft.server.sleep.deviation.threshold = 300 (default)
2019-11-18 05:51:37,347 [pool-37-thread-1] INFO  server.RaftServerConfigKeys (ConfUtils.java:logGet(43)) - raft.server.log.appender.install.snapshot.enabled = false (custom)
2019-11-18 05:51:37,347 [pool-37-thread-1] INFO  impl.RaftServerImpl (ServerState.java:<init>(103)) - 80ad4dab-6fab-4925-b97d-cb689744343f@group-54C250EC033E: ConfigurationManager, init=-1: [73222393-6937-40ee-87c7-cf133c1aa5a8:192.168.69.69:44443, 80ad4dab-6fab-4925-b97d-cb689744343f:192.168.69.69:35709, 99f3671e-a5bd-4bce-9769-e7f381d70426:192.168.69.69:46664], old=null, confs=<EMPTY_MAP>
2019-11-18 05:51:37,348 [pool-37-thread-1] INFO  server.RaftServerConfigKeys (ConfUtils.java:logGet(43)) - raft.server.storage.dir = [/workdir/hadoop-ozone/tools/target/test-dir/MiniOzoneClusterImpl-f3ff6bd3-b6c5-4d73-96b1-6ed289f634be/datanode-1/data/ratis] (custom)
2019-11-18 05:51:37,348 [pool-27-thread-1] INFO  impl.RaftServerImpl (RaftServerImpl.java:<init>(98)) - 73222393-6937-40ee-87c7-cf133c1aa5a8: new RaftServerImpl for group-54C250EC033E:[73222393-6937-40ee-87c7-cf133c1aa5a8:192.168.69.69:44443, 80ad4dab-6fab-4925-b97d-cb689744343f:192.168.69.69:35709, 99f3671e-a5bd-4bce-9769-e7f381d70426:192.168.69.69:46664] with ContainerStateMachine:uninitialized
2019-11-18 05:51:37,348 [pool-37-thread-1] INFO  server.RaftServerConfigKeys (ConfUtils.java:logGet(43)) - raft.server.log.corruption.policy = EXCEPTION (default)
2019-11-18 05:51:37,348 [pool-27-thread-1] INFO  server.RaftServerConfigKeys (ConfUtils.java:logGet(43)) - raft.server.rpc.timeout.min = 5s (custom)
2019-11-18 05:51:37,348 [pool-37-thread-1] INFO  storage.RaftStorageDirectory (RaftStorageDirectory.java:analyzeStorage(246)) - The storage directory /workdir/hadoop-ozone/tools/target/test-dir/MiniOzoneClusterImpl-f3ff6bd3-b6c5-4d73-96b1-6ed289f634be/datanode-1/data/ratis/cee0332d-1d4e-4b18-9f59-54c250ec033e does not exist. Creating ...
2019-11-18 05:51:37,348 [pool-27-thread-1] INFO  server.RaftServerConfigKeys (ConfUtils.java:logGet(43)) - raft.server.rpc.timeout.max = 5200ms (custom)
2019-11-18 05:51:37,349 [pool-27-thread-1] INFO  server.RaftServerConfigKeys (ConfUtils.java:logGet(43)) - raft.server.rpcslowness.timeout = 120s (custom)
2019-11-18 05:51:37,349 [pool-27-thread-1] INFO  server.RaftServerConfigKeys (ConfUtils.java:logGet(43)) - raft.server.sleep.deviation.threshold = 300 (default)
2019-11-18 05:51:37,349 [pool-27-thread-1] INFO  server.RaftServerConfigKeys (ConfUtils.java:logGet(43)) - raft.server.log.appender.install.snapshot.enabled = false (custom)
2019-11-18 05:51:37,349 [pool-27-thread-1] INFO  impl.RaftServerImpl (ServerState.java:<init>(103)) - 73222393-6937-40ee-87c7-cf133c1aa5a8@group-54C250EC033E: ConfigurationManager, init=-1: [73222393-6937-40ee-87c7-cf133c1aa5a8:192.168.69.69:44443, 80ad4dab-6fab-4925-b97d-cb689744343f:192.168.69.69:35709, 99f3671e-a5bd-4bce-9769-e7f381d70426:192.168.69.69:46664], old=null, confs=<EMPTY_MAP>
2019-11-18 05:51:37,349 [pool-27-thread-1] INFO  server.RaftServerConfigKeys (ConfUtils.java:logGet(43)) - raft.server.storage.dir = [/workdir/hadoop-ozone/tools/target/test-dir/MiniOzoneClusterImpl-f3ff6bd3-b6c5-4d73-96b1-6ed289f634be/datanode-0/data/ratis] (custom)
2019-11-18 05:51:37,350 [pool-27-thread-1] INFO  server.RaftServerConfigKeys (ConfUtils.java:logGet(43)) - raft.server.log.corruption.policy = EXCEPTION (default)
2019-11-18 05:51:37,350 [pool-27-thread-1] INFO  storage.RaftStorageDirectory (RaftStorageDirectory.java:analyzeStorage(246)) - The storage directory /workdir/hadoop-ozone/tools/target/test-dir/MiniOzoneClusterImpl-f3ff6bd3-b6c5-4d73-96b1-6ed289f634be/datanode-0/data/ratis/cee0332d-1d4e-4b18-9f59-54c250ec033e does not exist. Creating ...
2019-11-18 05:51:37,357 [EventQueue-PipelineReportForPipelineReportHandler] INFO  pipeline.PipelineReportHandler (PipelineReportHandler.java:processPipelineReport(113)) - Pipeline ONE PipelineID=d59f0e2b-6bfd-4c28-9bdd-5323749b9e97 reported by 99f3671e-a5bd-4bce-9769-e7f381d70426{ip: 192.168.69.69, host: pr-hdds-2520-jsqql-2308157731, networkLocation: /default-rack, certSerialId: null}
2019-11-18 05:51:37,357 [EventQueue-PipelineReportForPipelineReportHandler] INFO  pipeline.PipelineStateManager (PipelineStateManager.java:openPipeline(132)) - Pipeline Pipeline[ Id: d59f0e2b-6bfd-4c28-9bdd-5323749b9e97, Nodes: 99f3671e-a5bd-4bce-9769-e7f381d70426{ip: 192.168.69.69, host: pr-hdds-2520-jsqql-2308157731, networkLocation: /default-rack, certSerialId: null}, Type:RATIS, Factor:ONE, State:ALLOCATED] moved to OPEN state
2019-11-18 05:51:37,360 [EventQueue-OpenPipelineForOneReplicaPipelineSafeModeRule] INFO  safemode.SCMSafeModeManager (SCMSafeModeManager.java:validateSafeModeExitRules(176)) - AtleastOneDatanodeReportedRule rule is successfully validated
2019-11-18 05:51:37,360 [EventQueue-OpenPipelineForHealthyPipelineSafeModeRule] INFO  safemode.SCMSafeModeManager (HealthyPipelineSafeModeRule.java:process(132)) - SCM in safe mode. Healthy pipelines reported count is 0, required healthy pipeline reported count is 1
2019-11-18 05:51:37,360 [EventQueue-PipelineReportForPipelineReportHandler] INFO  pipeline.PipelineReportHandler (PipelineReportHandler.java:processPipelineReport(113)) - Pipeline ONE PipelineID=2636dd94-cbc2-4b9c-98eb-0d439bd27bb2 reported by 73222393-6937-40ee-87c7-cf133c1aa5a8{ip: 192.168.69.69, host: pr-hdds-2520-jsqql-2308157731, networkLocation: /default-rack, certSerialId: null}
2019-11-18 05:51:37,360 [EventQueue-PipelineReportForPipelineReportHandler] INFO  pipeline.PipelineStateManager (PipelineStateManager.java:openPipeline(132)) - Pipeline Pipeline[ Id: 2636dd94-cbc2-4b9c-98eb-0d439bd27bb2, Nodes: 73222393-6937-40ee-87c7-cf133c1aa5a8{ip: 192.168.69.69, host: pr-hdds-2520-jsqql-2308157731, networkLocation: /default-rack, certSerialId: null}, Type:RATIS, Factor:ONE, State:ALLOCATED] moved to OPEN state
2019-11-18 05:51:37,361 [EventQueue-OpenPipelineForOneReplicaPipelineSafeModeRule] INFO  safemode.SCMSafeModeManager (SCMSafeModeManager.java:validateSafeModeExitRules(176)) - AtleastOneDatanodeReportedRule rule is successfully validated
2019-11-18 05:51:37,361 [EventQueue-PipelineReportForPipelineReportHandler] INFO  pipeline.PipelineReportHandler (PipelineReportHandler.java:processPipelineReport(113)) - Pipeline ONE PipelineID=b1db8ad5-0b7b-4cfb-a346-919b39453686 reported by 80ad4dab-6fab-4925-b97d-cb689744343f{ip: 192.168.69.69, host: pr-hdds-2520-jsqql-2308157731, networkLocation: /default-rack, certSerialId: null}
2019-11-18 05:51:37,361 [EventQueue-OpenPipelineForHealthyPipelineSafeModeRule] INFO  safemode.SCMSafeModeManager (HealthyPipelineSafeModeRule.java:process(132)) - SCM in safe mode. Healthy pipelines reported count is 0, required healthy pipeline reported count is 1
2019-11-18 05:51:37,361 [EventQueue-PipelineReportForPipelineReportHandler] INFO  pipeline.PipelineStateManager (PipelineStateManager.java:openPipeline(132)) - Pipeline Pipeline[ Id: b1db8ad5-0b7b-4cfb-a346-919b39453686, Nodes: 80ad4dab-6fab-4925-b97d-cb689744343f{ip: 192.168.69.69, host: pr-hdds-2520-jsqql-2308157731, networkLocation: /default-rack, certSerialId: null}, Type:RATIS, Factor:ONE, State:ALLOCATED] moved to OPEN state
2019-11-18 05:51:37,361 [EventQueue-OpenPipelineForOneReplicaPipelineSafeModeRule] INFO  safemode.SCMSafeModeManager (SCMSafeModeManager.java:validateSafeModeExitRules(176)) - AtleastOneDatanodeReportedRule rule is successfully validated
2019-11-18 05:51:37,361 [EventQueue-OpenPipelineForHealthyPipelineSafeModeRule] INFO  safemode.SCMSafeModeManager (HealthyPipelineSafeModeRule.java:process(132)) - SCM in safe mode. Healthy pipelines reported count is 0, required healthy pipeline reported count is 1
2019-11-18 05:51:37,371 [pool-27-thread-1] INFO  storage.RaftStorageDirectory (RaftStorageDirectory.java:tryLock(328)) - Lock on /workdir/hadoop-ozone/tools/target/test-dir/MiniOzoneClusterImpl-f3ff6bd3-b6c5-4d73-96b1-6ed289f634be/datanode-0/data/ratis/cee0332d-1d4e-4b18-9f59-54c250ec033e/in_use.lock acquired by nodename 32143@pr-hdds-2520-jsqql-2308157731
2019-11-18 05:51:37,371 [pool-37-thread-1] INFO  storage.RaftStorageDirectory (RaftStorageDirectory.java:tryLock(328)) - Lock on /workdir/hadoop-ozone/tools/target/test-dir/MiniOzoneClusterImpl-f3ff6bd3-b6c5-4d73-96b1-6ed289f634be/datanode-1/data/ratis/cee0332d-1d4e-4b18-9f59-54c250ec033e/in_use.lock acquired by nodename 32143@pr-hdds-2520-jsqql-2308157731
2019-11-18 05:51:37,372 [pool-47-thread-1] INFO  storage.RaftStorageDirectory (RaftStorageDirectory.java:tryLock(328)) - Lock on /workdir/hadoop-ozone/tools/target/test-dir/MiniOzoneClusterImpl-f3ff6bd3-b6c5-4d73-96b1-6ed289f634be/datanode-2/data/ratis/cee0332d-1d4e-4b18-9f59-54c250ec033e/in_use.lock acquired by nodename 32143@pr-hdds-2520-jsqql-2308157731
2019-11-18 05:51:37,393 [pool-47-thread-1] INFO  storage.RaftStorage (RaftStorage.java:format(84)) - Storage directory /workdir/hadoop-ozone/tools/target/test-dir/MiniOzoneClusterImpl-f3ff6bd3-b6c5-4d73-96b1-6ed289f634be/datanode-2/data/ratis/cee0332d-1d4e-4b18-9f59-54c250ec033e has been successfully formatted.
2019-11-18 05:51:37,393 [pool-27-thread-1] INFO  storage.RaftStorage (RaftStorage.java:format(84)) - Storage directory /workdir/hadoop-ozone/tools/target/test-dir/MiniOzoneClusterImpl-f3ff6bd3-b6c5-4d73-96b1-6ed289f634be/datanode-0/data/ratis/cee0332d-1d4e-4b18-9f59-54c250ec033e has been successfully formatted.
2019-11-18 05:51:37,393 [pool-47-thread-1] INFO  ratis.ContainerStateMachine (ContainerStateMachine.java:loadSnapshot(223)) - group-54C250EC033E: The snapshot info is null. Setting the last applied indexto:(t:0, i:~)
2019-11-18 05:51:37,393 [pool-37-thread-1] INFO  storage.RaftStorage (RaftStorage.java:format(84)) - Storage directory /workdir/hadoop-ozone/tools/target/test-dir/MiniOzoneClusterImpl-f3ff6bd3-b6c5-4d73-96b1-6ed289f634be/datanode-1/data/ratis/cee0332d-1d4e-4b18-9f59-54c250ec033e has been successfully formatted.
2019-11-18 05:51:37,394 [pool-47-thread-1] INFO  server.RaftServerConfigKeys (ConfUtils.java:logGet(43)) - raft.server.notification.no-leader.timeout = 120s (custom)
2019-11-18 05:51:37,394 [pool-27-thread-1] INFO  ratis.ContainerStateMachine (ContainerStateMachine.java:loadSnapshot(223)) - group-54C250EC033E: The snapshot info is null. Setting the last applied indexto:(t:0, i:~)
2019-11-18 05:51:37,394 [pool-37-thread-1] INFO  ratis.ContainerStateMachine (ContainerStateMachine.java:loadSnapshot(223)) - group-54C250EC033E: The snapshot info is null. Setting the last applied indexto:(t:0, i:~)
2019-11-18 05:51:37,394 [pool-47-thread-1] INFO  server.RaftServerConfigKeys (ConfUtils.java:logGet(43)) - raft.server.log.use.memory = false (default)
2019-11-18 05:51:37,394 [pool-37-thread-1] INFO  server.RaftServerConfigKeys (ConfUtils.java:logGet(43)) - raft.server.notification.no-leader.timeout = 120s (custom)
2019-11-18 05:51:37,394 [pool-27-thread-1] INFO  server.RaftServerConfigKeys (ConfUtils.java:logGet(43)) - raft.server.notification.no-leader.timeout = 120s (custom)
2019-11-18 05:51:37,394 [pool-37-thread-1] INFO  server.RaftServerConfigKeys (ConfUtils.java:logGet(43)) - raft.server.log.use.memory = false (default)
2019-11-18 05:51:37,394 [pool-47-thread-1] INFO  server.RaftServerConfigKeys (ConfUtils.java:logGet(43)) - raft.server.log.purge.gap = 1000000 (custom)
2019-11-18 05:51:37,394 [pool-37-thread-1] INFO  server.RaftServerConfigKeys (ConfUtils.java:logGet(43)) - raft.server.log.purge.gap = 1000000 (custom)
2019-11-18 05:51:37,394 [pool-27-thread-1] INFO  server.RaftServerConfigKeys (ConfUtils.java:logGet(43)) - raft.server.log.use.memory = false (default)
2019-11-18 05:51:37,395 [pool-37-thread-1] INFO  server.RaftServerConfigKeys (ConfUtils.java:logGet(43)) - raft.server.log.appender.buffer.byte-limit = 33554432 (custom)
2019-11-18 05:51:37,395 [pool-47-thread-1] INFO  server.RaftServerConfigKeys (ConfUtils.java:logGet(43)) - raft.server.log.appender.buffer.byte-limit = 33554432 (custom)
2019-11-18 05:51:37,395 [pool-37-thread-1] INFO  server.RaftServerConfigKeys (ConfUtils.java:logGet(43)) - raft.server.log.segment.size.max = 1048576 (custom)
2019-11-18 05:51:37,395 [pool-27-thread-1] INFO  server.RaftServerConfigKeys (ConfUtils.java:logGet(43)) - raft.server.log.purge.gap = 1000000 (custom)
2019-11-18 05:51:37,395 [pool-37-thread-1] INFO  server.RaftServerConfigKeys (ConfUtils.java:logGet(43)) - raft.server.log.segment.cache.num.max = 2 (custom)
2019-11-18 05:51:37,395 [pool-47-thread-1] INFO  server.RaftServerConfigKeys (ConfUtils.java:logGet(43)) - raft.server.log.segment.size.max = 1048576 (custom)
2019-11-18 05:51:37,395 [pool-37-thread-1] INFO  segmented.SegmentedRaftLogWorker (SegmentedRaftLogWorker.java:<init>(173)) - new 80ad4dab-6fab-4925-b97d-cb689744343f@group-54C250EC033E-SegmentedRaftLogWorker for RaftStorage:Storage Directory /workdir/hadoop-ozone/tools/target/test-dir/MiniOzoneClusterImpl-f3ff6bd3-b6c5-4d73-96b1-6ed289f634be/datanode-1/data/ratis/cee0332d-1d4e-4b18-9f59-54c250ec033e
2019-11-18 05:51:37,395 [pool-27-thread-1] INFO  server.RaftServerConfigKeys (ConfUtils.java:logGet(43)) - raft.server.log.appender.buffer.byte-limit = 33554432 (custom)
2019-11-18 05:51:37,395 [pool-37-thread-1] INFO  server.RaftServerConfigKeys (ConfUtils.java:logGet(43)) - raft.server.log.queue.byte-limit = 2147483647 (custom)
2019-11-18 05:51:37,395 [pool-47-thread-1] INFO  server.RaftServerConfigKeys (ConfUtils.java:logGet(43)) - raft.server.log.segment.cache.num.max = 2 (custom)
2019-11-18 05:51:37,396 [pool-37-thread-1] INFO  server.RaftServerConfigKeys (ConfUtils.java:logGet(43)) - raft.server.log.queue.element-limit = 1024 (custom)
2019-11-18 05:51:37,396 [pool-27-thread-1] INFO  server.RaftServerConfigKeys (ConfUtils.java:logGet(43)) - raft.server.log.segment.size.max = 1048576 (custom)
2019-11-18 05:51:37,396 [pool-37-thread-1] INFO  server.RaftServerConfigKeys (ConfUtils.java:logGet(43)) - raft.server.log.segment.size.max = 1048576 (custom)
2019-11-18 05:51:37,396 [pool-27-thread-1] INFO  server.RaftServerConfigKeys (ConfUtils.java:logGet(43)) - raft.server.log.segment.cache.num.max = 2 (custom)
2019-11-18 05:51:37,396 [pool-47-thread-1] INFO  segmented.SegmentedRaftLogWorker (SegmentedRaftLogWorker.java:<init>(173)) - new 99f3671e-a5bd-4bce-9769-e7f381d70426@group-54C250EC033E-SegmentedRaftLogWorker for RaftStorage:Storage Directory /workdir/hadoop-ozone/tools/target/test-dir/MiniOzoneClusterImpl-f3ff6bd3-b6c5-4d73-96b1-6ed289f634be/datanode-2/data/ratis/cee0332d-1d4e-4b18-9f59-54c250ec033e
2019-11-18 05:51:37,396 [pool-27-thread-1] INFO  segmented.SegmentedRaftLogWorker (SegmentedRaftLogWorker.java:<init>(173)) - new 73222393-6937-40ee-87c7-cf133c1aa5a8@group-54C250EC033E-SegmentedRaftLogWorker for RaftStorage:Storage Directory /workdir/hadoop-ozone/tools/target/test-dir/MiniOzoneClusterImpl-f3ff6bd3-b6c5-4d73-96b1-6ed289f634be/datanode-0/data/ratis/cee0332d-1d4e-4b18-9f59-54c250ec033e
2019-11-18 05:51:37,396 [pool-37-thread-1] INFO  server.RaftServerConfigKeys (ConfUtils.java:logGet(43)) - raft.server.log.preallocated.size = 16384 (custom)
2019-11-18 05:51:37,396 [pool-27-thread-1] INFO  server.RaftServerConfigKeys (ConfUtils.java:logGet(43)) - raft.server.log.queue.byte-limit = 2147483647 (custom)
2019-11-18 05:51:37,396 [pool-47-thread-1] INFO  server.RaftServerConfigKeys (ConfUtils.java:logGet(43)) - raft.server.log.queue.byte-limit = 2147483647 (custom)
2019-11-18 05:51:37,397 [pool-27-thread-1] INFO  server.RaftServerConfigKeys (ConfUtils.java:logGet(43)) - raft.server.log.queue.element-limit = 1024 (custom)
2019-11-18 05:51:37,397 [pool-37-thread-1] INFO  server.RaftServerConfigKeys (ConfUtils.java:logGet(43)) - raft.server.log.write.buffer.size = 33554432 (custom)
2019-11-18 05:51:37,397 [pool-27-thread-1] INFO  server.RaftServerConfigKeys (ConfUtils.java:logGet(43)) - raft.server.log.segment.size.max = 1048576 (custom)
2019-11-18 05:51:37,397 [pool-47-thread-1] INFO  server.RaftServerConfigKeys (ConfUtils.java:logGet(43)) - raft.server.log.queue.element-limit = 1024 (custom)
2019-11-18 05:51:37,397 [pool-27-thread-1] INFO  server.RaftServerConfigKeys (ConfUtils.java:logGet(43)) - raft.server.log.preallocated.size = 16384 (custom)
2019-11-18 05:51:37,397 [pool-37-thread-1] INFO  server.RaftServerConfigKeys (ConfUtils.java:logGet(43)) - raft.server.log.force.sync.num = 128 (default)
2019-11-18 05:51:37,397 [pool-27-thread-1] INFO  server.RaftServerConfigKeys (ConfUtils.java:logGet(43)) - raft.server.log.write.buffer.size = 33554432 (custom)
2019-11-18 05:51:37,397 [pool-47-thread-1] INFO  server.RaftServerConfigKeys (ConfUtils.java:logGet(43)) - raft.server.log.segment.size.max = 1048576 (custom)
2019-11-18 05:51:37,398 [pool-27-thread-1] INFO  server.RaftServerConfigKeys (ConfUtils.java:logGet(43)) - raft.server.log.force.sync.num = 128 (default)
2019-11-18 05:51:37,398 [pool-37-thread-1] INFO  server.RaftServerConfigKeys (ConfUtils.java:logGet(43)) - raft.server.log.statemachine.data.sync = true (default)
2019-11-18 05:51:37,398 [pool-27-thread-1] INFO  server.RaftServerConfigKeys (ConfUtils.java:logGet(43)) - raft.server.log.statemachine.data.sync = true (default)
2019-11-18 05:51:37,398 [pool-47-thread-1] INFO  server.RaftServerConfigKeys (ConfUtils.java:logGet(43)) - raft.server.log.preallocated.size = 16384 (custom)
2019-11-18 05:51:37,398 [pool-27-thread-1] INFO  server.RaftServerConfigKeys (ConfUtils.java:logGet(43)) - raft.server.log.statemachine.data.sync.timeout = 10s (default)
2019-11-18 05:51:37,398 [pool-37-thread-1] INFO  server.RaftServerConfigKeys (ConfUtils.java:logGet(43)) - raft.server.log.statemachine.data.sync.timeout = 10s (default)
2019-11-18 05:51:37,399 [pool-27-thread-1] INFO  server.RaftServerConfigKeys (ConfUtils.java:logGet(43)) - raft.server.log.statemachine.data.sync.timeout.retry = -1 (default)
2019-11-18 05:51:37,398 [pool-47-thread-1] INFO  server.RaftServerConfigKeys (ConfUtils.java:logGet(43)) - raft.server.log.write.buffer.size = 33554432 (custom)
2019-11-18 05:51:37,399 [pool-37-thread-1] INFO  server.RaftServerConfigKeys (ConfUtils.java:logGet(43)) - raft.server.log.statemachine.data.sync.timeout.retry = -1 (default)
2019-11-18 05:51:37,399 [pool-47-thread-1] INFO  server.RaftServerConfigKeys (ConfUtils.java:logGet(43)) - raft.server.log.force.sync.num = 128 (default)
2019-11-18 05:51:37,399 [pool-37-thread-1] INFO  server.RaftServerConfigKeys (ConfUtils.java:logGet(43)) - raft.server.log.statemachine.data.caching.enabled = true (custom)
2019-11-18 05:51:37,399 [pool-27-thread-1] INFO  server.RaftServerConfigKeys (ConfUtils.java:logGet(43)) - raft.server.log.statemachine.data.caching.enabled = true (custom)
2019-11-18 05:51:37,399 [pool-47-thread-1] INFO  server.RaftServerConfigKeys (ConfUtils.java:logGet(43)) - raft.server.log.statemachine.data.sync = true (default)
2019-11-18 05:51:37,399 [pool-37-thread-1] INFO  segmented.SegmentedRaftLogWorker (SegmentedRaftLogWorker.java:lambda$new$0(128)) - 80ad4dab-6fab-4925-b97d-cb689744343f@group-54C250EC033E-SegmentedRaftLogWorker: flushIndex: setUnconditionally 0 -> -1
2019-11-18 05:51:37,399 [pool-47-thread-1] INFO  server.RaftServerConfigKeys (ConfUtils.java:logGet(43)) - raft.server.log.statemachine.data.sync.timeout = 10s (default)
2019-11-18 05:51:37,400 [pool-27-thread-1] INFO  segmented.SegmentedRaftLogWorker (SegmentedRaftLogWorker.java:lambda$new$0(128)) - 73222393-6937-40ee-87c7-cf133c1aa5a8@group-54C250EC033E-SegmentedRaftLogWorker: flushIndex: setUnconditionally 0 -> -1
2019-11-18 05:51:37,400 [pool-37-thread-1] INFO  server.RaftServerConfigKeys (ConfUtils.java:logGet(43)) - raft.server.snapshot.auto.trigger.enabled = true (custom)
2019-11-18 05:51:37,400 [pool-47-thread-1] INFO  server.RaftServerConfigKeys (ConfUtils.java:logGet(43)) - raft.server.log.statemachine.data.sync.timeout.retry = -1 (default)
2019-11-18 05:51:37,400 [pool-37-thread-1] INFO  server.RaftServerConfigKeys (ConfUtils.java:logGet(43)) - raft.server.snapshot.auto.trigger.threshold = 10000 (custom)
2019-11-18 05:51:37,400 [pool-47-thread-1] INFO  server.RaftServerConfigKeys (ConfUtils.java:logGet(43)) - raft.server.log.statemachine.data.caching.enabled = true (custom)
2019-11-18 05:51:37,400 [pool-27-thread-1] INFO  server.RaftServerConfigKeys (ConfUtils.java:logGet(43)) - raft.server.snapshot.auto.trigger.enabled = true (custom)
2019-11-18 05:51:37,400 [pool-37-thread-1] INFO  server.RaftServerConfigKeys (ConfUtils.java:logGet(43)) - raft.server.snapshot.retention.file.num = 5 (custom)
2019-11-18 05:51:37,400 [pool-47-thread-1] INFO  segmented.SegmentedRaftLogWorker (SegmentedRaftLogWorker.java:lambda$new$0(128)) - 99f3671e-a5bd-4bce-9769-e7f381d70426@group-54C250EC033E-SegmentedRaftLogWorker: flushIndex: setUnconditionally 0 -> -1
2019-11-18 05:51:37,400 [pool-37-thread-1] INFO  server.RaftServerConfigKeys (ConfUtils.java:logGet(43)) - raft.server.retrycache.expirytime = 600000ms (custom)
2019-11-18 05:51:37,400 [pool-27-thread-1] INFO  server.RaftServerConfigKeys (ConfUtils.java:logGet(43)) - raft.server.snapshot.auto.trigger.threshold = 10000 (custom)
2019-11-18 05:51:37,401 [pool-37-thread-1] WARN  impl.MetricRegistriesImpl (MetricRegistriesImpl.java:lambda$create$1(61)) - First MetricRegistry has been created without registering reporters. You may need to call MetricRegistries.global().addReportRegistration(...) before.
2019-11-18 05:51:37,401 [pool-47-thread-1] INFO  server.RaftServerConfigKeys (ConfUtils.java:logGet(43)) - raft.server.snapshot.auto.trigger.enabled = true (custom)
2019-11-18 05:51:37,401 [pool-37-thread-1] WARN  impl.MetricRegistriesImpl (MetricRegistriesImpl.java:lambda$create$1(61)) - First MetricRegistry has been created without registering reporters. You may need to call MetricRegistries.global().addReportRegistration(...) before.
2019-11-18 05:51:37,401 [pool-27-thread-1] INFO  server.RaftServerConfigKeys (ConfUtils.java:logGet(43)) - raft.server.snapshot.retention.file.num = 5 (custom)
2019-11-18 05:51:37,401 [pool-37-thread-1] INFO  impl.RaftServerImpl (RaftServerImpl.java:start(184)) - 80ad4dab-6fab-4925-b97d-cb689744343f@group-54C250EC033E: start as a follower, conf=-1: [73222393-6937-40ee-87c7-cf133c1aa5a8:192.168.69.69:44443, 80ad4dab-6fab-4925-b97d-cb689744343f:192.168.69.69:35709, 99f3671e-a5bd-4bce-9769-e7f381d70426:192.168.69.69:46664], old=null
2019-11-18 05:51:37,401 [pool-27-thread-1] INFO  server.RaftServerConfigKeys (ConfUtils.java:logGet(43)) - raft.server.retrycache.expirytime = 600000ms (custom)
2019-11-18 05:51:37,401 [pool-47-thread-1] INFO  server.RaftServerConfigKeys (ConfUtils.java:logGet(43)) - raft.server.snapshot.auto.trigger.threshold = 10000 (custom)
2019-11-18 05:51:37,401 [pool-37-thread-1] INFO  impl.RaftServerImpl (RaftServerImpl.java:setRole(173)) - 80ad4dab-6fab-4925-b97d-cb689744343f@group-54C250EC033E: changes role from      null to FOLLOWER at term 0 for startAsFollower
2019-11-18 05:51:37,401 [pool-47-thread-1] INFO  server.RaftServerConfigKeys (ConfUtils.java:logGet(43)) - raft.server.snapshot.retention.file.num = 5 (custom)
2019-11-18 05:51:37,401 [pool-27-thread-1] WARN  impl.MetricRegistriesImpl (MetricRegistriesImpl.java:lambda$create$1(61)) - First MetricRegistry has been created without registering reporters. You may need to call MetricRegistries.global().addReportRegistration(...) before.
2019-11-18 05:51:37,402 [pool-47-thread-1] INFO  server.RaftServerConfigKeys (ConfUtils.java:logGet(43)) - raft.server.retrycache.expirytime = 600000ms (custom)
2019-11-18 05:51:37,402 [pool-37-thread-1] INFO  impl.RoleInfo (RoleInfo.java:updateAndGet(143)) - 80ad4dab-6fab-4925-b97d-cb689744343f: start FollowerState
2019-11-18 05:51:37,402 [pool-47-thread-1] WARN  impl.MetricRegistriesImpl (MetricRegistriesImpl.java:lambda$create$1(61)) - First MetricRegistry has been created without registering reporters. You may need to call MetricRegistries.global().addReportRegistration(...) before.
2019-11-18 05:51:37,402 [pool-27-thread-1] WARN  impl.MetricRegistriesImpl (MetricRegistriesImpl.java:lambda$create$1(61)) - First MetricRegistry has been created without registering reporters. You may need to call MetricRegistries.global().addReportRegistration(...) before.
2019-11-18 05:51:37,402 [pool-47-thread-1] WARN  impl.MetricRegistriesImpl (MetricRegistriesImpl.java:lambda$create$1(61)) - First MetricRegistry has been created without registering reporters. You may need to call MetricRegistries.global().addReportRegistration(...) before.
2019-11-18 05:51:37,402 [pool-37-thread-1] INFO  util.JmxRegister (JmxRegister.java:tryRegister(44)) - Successfully registered JMX Bean with object name Ratis:service=RaftServer,group=group-54C250EC033E,id=80ad4dab-6fab-4925-b97d-cb689744343f
2019-11-18 05:51:37,402 [pool-47-thread-1] INFO  impl.RaftServerImpl (RaftServerImpl.java:start(184)) - 99f3671e-a5bd-4bce-9769-e7f381d70426@group-54C250EC033E: start as a follower, conf=-1: [73222393-6937-40ee-87c7-cf133c1aa5a8:192.168.69.69:44443, 80ad4dab-6fab-4925-b97d-cb689744343f:192.168.69.69:35709, 99f3671e-a5bd-4bce-9769-e7f381d70426:192.168.69.69:46664], old=null
2019-11-18 05:51:37,402 [pool-27-thread-1] INFO  impl.RaftServerImpl (RaftServerImpl.java:start(184)) - 73222393-6937-40ee-87c7-cf133c1aa5a8@group-54C250EC033E: start as a follower, conf=-1: [73222393-6937-40ee-87c7-cf133c1aa5a8:192.168.69.69:44443, 80ad4dab-6fab-4925-b97d-cb689744343f:192.168.69.69:35709, 99f3671e-a5bd-4bce-9769-e7f381d70426:192.168.69.69:46664], old=null
2019-11-18 05:51:37,402 [pool-37-thread-1] WARN  impl.MetricRegistriesImpl (MetricRegistriesImpl.java:lambda$create$1(61)) - First MetricRegistry has been created without registering reporters. You may need to call MetricRegistries.global().addReportRegistration(...) before.
2019-11-18 05:51:37,403 [pool-27-thread-1] INFO  impl.RaftServerImpl (RaftServerImpl.java:setRole(173)) - 73222393-6937-40ee-87c7-cf133c1aa5a8@group-54C250EC033E: changes role from      null to FOLLOWER at term 0 for startAsFollower
2019-11-18 05:51:37,402 [pool-47-thread-1] INFO  impl.RaftServerImpl (RaftServerImpl.java:setRole(173)) - 99f3671e-a5bd-4bce-9769-e7f381d70426@group-54C250EC033E: changes role from      null to FOLLOWER at term 0 for startAsFollower
2019-11-18 05:51:37,403 [pool-27-thread-1] INFO  impl.RoleInfo (RoleInfo.java:updateAndGet(143)) - 73222393-6937-40ee-87c7-cf133c1aa5a8: start FollowerState
2019-11-18 05:51:37,403 [pool-47-thread-1] INFO  impl.RoleInfo (RoleInfo.java:updateAndGet(143)) - 99f3671e-a5bd-4bce-9769-e7f381d70426: start FollowerState
2019-11-18 05:51:37,403 [Command processor thread] INFO  commandhandler.CreatePipelineCommandHandler (CreatePipelineCommandHandler.java:handle(86)) - Create Pipeline RATIS THREE #id: "cee0332d-1d4e-4b18-9f59-54c250ec033e"
 command succeed on datanode 80ad4dab-6fab-4925-b97d-cb689744343f.
2019-11-18 05:51:37,403 [pool-27-thread-1] INFO  util.JmxRegister (JmxRegister.java:tryRegister(44)) - Successfully registered JMX Bean with object name Ratis:service=RaftServer,group=group-54C250EC033E,id=73222393-6937-40ee-87c7-cf133c1aa5a8
2019-11-18 05:51:37,403 [pool-47-thread-1] INFO  util.JmxRegister (JmxRegister.java:tryRegister(44)) - Successfully registered JMX Bean with object name Ratis:service=RaftServer,group=group-54C250EC033E,id=99f3671e-a5bd-4bce-9769-e7f381d70426
2019-11-18 05:51:37,404 [pool-27-thread-1] WARN  impl.MetricRegistriesImpl (MetricRegistriesImpl.java:lambda$create$1(61)) - First MetricRegistry has been created without registering reporters. You may need to call MetricRegistries.global().addReportRegistration(...) before.
2019-11-18 05:51:37,404 [pool-47-thread-1] WARN  impl.MetricRegistriesImpl (MetricRegistriesImpl.java:lambda$create$1(61)) - First MetricRegistry has been created without registering reporters. You may need to call MetricRegistries.global().addReportRegistration(...) before.
2019-11-18 05:51:37,404 [Command processor thread] INFO  commandhandler.CreatePipelineCommandHandler (CreatePipelineCommandHandler.java:handle(86)) - Create Pipeline RATIS THREE #id: "cee0332d-1d4e-4b18-9f59-54c250ec033e"
 command succeed on datanode 73222393-6937-40ee-87c7-cf133c1aa5a8.
2019-11-18 05:51:37,406 [Command processor thread] INFO  commandhandler.CreatePipelineCommandHandler (CreatePipelineCommandHandler.java:handle(86)) - Create Pipeline RATIS THREE #id: "cee0332d-1d4e-4b18-9f59-54c250ec033e"
 command succeed on datanode 99f3671e-a5bd-4bce-9769-e7f381d70426.
2019-11-18 05:51:37,407 [EventQueue-PipelineReportForPipelineReportHandler] INFO  pipeline.PipelineReportHandler (PipelineReportHandler.java:processPipelineReport(113)) - Pipeline THREE PipelineID=cee0332d-1d4e-4b18-9f59-54c250ec033e reported by 80ad4dab-6fab-4925-b97d-cb689744343f{ip: 192.168.69.69, host: pr-hdds-2520-jsqql-2308157731, networkLocation: /default-rack, certSerialId: null}
2019-11-18 05:51:37,408 [EventQueue-PipelineReportForPipelineReportHandler] INFO  pipeline.PipelineReportHandler (PipelineReportHandler.java:processPipelineReport(113)) - Pipeline THREE PipelineID=cee0332d-1d4e-4b18-9f59-54c250ec033e reported by 73222393-6937-40ee-87c7-cf133c1aa5a8{ip: 192.168.69.69, host: pr-hdds-2520-jsqql-2308157731, networkLocation: /default-rack, certSerialId: null}
2019-11-18 05:51:37,408 [EventQueue-PipelineReportForPipelineReportHandler] INFO  pipeline.PipelineReportHandler (PipelineReportHandler.java:processPipelineReport(113)) - Pipeline THREE PipelineID=cee0332d-1d4e-4b18-9f59-54c250ec033e reported by 99f3671e-a5bd-4bce-9769-e7f381d70426{ip: 192.168.69.69, host: pr-hdds-2520-jsqql-2308157731, networkLocation: /default-rack, certSerialId: null}
2019-11-18 05:51:38,118 [main] INFO  ozone.MiniOzoneClusterImpl (MiniOzoneClusterImpl.java:lambda$waitForClusterToBeReady$0(150)) - Nodes are ready. Got 3 of 3 DN Heartbeats.
2019-11-18 05:51:38,119 [main] INFO  ozone.MiniOzoneClusterImpl (MiniOzoneClusterImpl.java:lambda$waitForClusterToBeReady$0(153)) - Waiting for cluster to exit safe mode
2019-11-18 05:51:39,119 [main] INFO  ozone.MiniOzoneClusterImpl (MiniOzoneClusterImpl.java:lambda$waitForClusterToBeReady$0(150)) - Nodes are ready. Got 3 of 3 DN Heartbeats.
2019-11-18 05:51:39,120 [main] INFO  ozone.MiniOzoneClusterImpl (MiniOzoneClusterImpl.java:lambda$waitForClusterToBeReady$0(153)) - Waiting for cluster to exit safe mode
2019-11-18 05:51:40,120 [main] INFO  ozone.MiniOzoneClusterImpl (MiniOzoneClusterImpl.java:lambda$waitForClusterToBeReady$0(150)) - Nodes are ready. Got 3 of 3 DN Heartbeats.
2019-11-18 05:51:40,120 [main] INFO  ozone.MiniOzoneClusterImpl (MiniOzoneClusterImpl.java:lambda$waitForClusterToBeReady$0(153)) - Waiting for cluster to exit safe mode
2019-11-18 05:51:41,121 [main] INFO  ozone.MiniOzoneClusterImpl (MiniOzoneClusterImpl.java:lambda$waitForClusterToBeReady$0(150)) - Nodes are ready. Got 3 of 3 DN Heartbeats.
2019-11-18 05:51:41,121 [main] INFO  ozone.MiniOzoneClusterImpl (MiniOzoneClusterImpl.java:lambda$waitForClusterToBeReady$0(153)) - Waiting for cluster to exit safe mode
2019-11-18 05:51:42,122 [main] INFO  ozone.MiniOzoneClusterImpl (MiniOzoneClusterImpl.java:lambda$waitForClusterToBeReady$0(150)) - Nodes are ready. Got 3 of 3 DN Heartbeats.
2019-11-18 05:51:42,122 [main] INFO  ozone.MiniOzoneClusterImpl (MiniOzoneClusterImpl.java:lambda$waitForClusterToBeReady$0(153)) - Waiting for cluster to exit safe mode
2019-11-18 05:51:42,405 [Thread-182] INFO  impl.FollowerState (FollowerState.java:run(111)) - 99f3671e-a5bd-4bce-9769-e7f381d70426@group-5323749B9E97-FollowerState: change to CANDIDATE, lastRpcTime:5098ms, electionTimeout:5091ms
2019-11-18 05:51:42,408 [Thread-182] INFO  impl.RoleInfo (RoleInfo.java:shutdownFollowerState(121)) - 99f3671e-a5bd-4bce-9769-e7f381d70426: shutdown FollowerState
2019-11-18 05:51:42,409 [Thread-183] INFO  impl.FollowerState (FollowerState.java:run(111)) - 73222393-6937-40ee-87c7-cf133c1aa5a8@group-0D439BD27BB2-FollowerState: change to CANDIDATE, lastRpcTime:5102ms, electionTimeout:5095ms
2019-11-18 05:51:42,410 [Thread-182] INFO  impl.RaftServerImpl (RaftServerImpl.java:setRole(173)) - 99f3671e-a5bd-4bce-9769-e7f381d70426@group-5323749B9E97: changes role from  FOLLOWER to CANDIDATE at term 0 for changeToCandidate
2019-11-18 05:51:42,410 [Thread-183] INFO  impl.RoleInfo (RoleInfo.java:shutdownFollowerState(121)) - 73222393-6937-40ee-87c7-cf133c1aa5a8: shutdown FollowerState
2019-11-18 05:51:42,412 [Thread-183] INFO  impl.RaftServerImpl (RaftServerImpl.java:setRole(173)) - 73222393-6937-40ee-87c7-cf133c1aa5a8@group-0D439BD27BB2: changes role from  FOLLOWER to CANDIDATE at term 0 for changeToCandidate
2019-11-18 05:51:42,413 [Thread-188] INFO  impl.FollowerState (FollowerState.java:run(111)) - 80ad4dab-6fab-4925-b97d-cb689744343f@group-54C250EC033E-FollowerState: change to CANDIDATE, lastRpcTime:5011ms, electionTimeout:5011ms
2019-11-18 05:51:42,413 [Thread-188] INFO  impl.RoleInfo (RoleInfo.java:shutdownFollowerState(121)) - 80ad4dab-6fab-4925-b97d-cb689744343f: shutdown FollowerState
2019-11-18 05:51:42,414 [Thread-188] INFO  impl.RaftServerImpl (RaftServerImpl.java:setRole(173)) - 80ad4dab-6fab-4925-b97d-cb689744343f@group-54C250EC033E: changes role from  FOLLOWER to CANDIDATE at term 0 for changeToCandidate
2019-11-18 05:51:42,416 [Thread-182] INFO  impl.RoleInfo (RoleInfo.java:updateAndGet(143)) - 99f3671e-a5bd-4bce-9769-e7f381d70426: start LeaderElection
2019-11-18 05:51:42,416 [Thread-183] INFO  impl.RoleInfo (RoleInfo.java:updateAndGet(143)) - 73222393-6937-40ee-87c7-cf133c1aa5a8: start LeaderElection
2019-11-18 05:51:42,416 [Thread-188] INFO  impl.RoleInfo (RoleInfo.java:updateAndGet(143)) - 80ad4dab-6fab-4925-b97d-cb689744343f: start LeaderElection
2019-11-18 05:51:42,425 [Thread-191] INFO  impl.FollowerState (FollowerState.java:run(111)) - 99f3671e-a5bd-4bce-9769-e7f381d70426@group-54C250EC033E-FollowerState: change to CANDIDATE, lastRpcTime:5021ms, electionTimeout:5021ms
2019-11-18 05:51:42,425 [Thread-191] INFO  impl.RoleInfo (RoleInfo.java:shutdownFollowerState(121)) - 99f3671e-a5bd-4bce-9769-e7f381d70426: shutdown FollowerState
2019-11-18 05:51:42,425 [Thread-191] INFO  impl.RaftServerImpl (RaftServerImpl.java:setRole(173)) - 99f3671e-a5bd-4bce-9769-e7f381d70426@group-54C250EC033E: changes role from  FOLLOWER to CANDIDATE at term 0 for changeToCandidate
2019-11-18 05:51:42,425 [Thread-191] INFO  impl.RoleInfo (RoleInfo.java:updateAndGet(143)) - 99f3671e-a5bd-4bce-9769-e7f381d70426: start LeaderElection
2019-11-18 05:51:42,440 [Thread-190] INFO  impl.FollowerState (FollowerState.java:run(111)) - 73222393-6937-40ee-87c7-cf133c1aa5a8@group-54C250EC033E-FollowerState: change to CANDIDATE, lastRpcTime:5036ms, electionTimeout:5036ms
2019-11-18 05:51:42,440 [Thread-190] INFO  impl.RoleInfo (RoleInfo.java:shutdownFollowerState(121)) - 73222393-6937-40ee-87c7-cf133c1aa5a8: shutdown FollowerState
2019-11-18 05:51:42,440 [Thread-190] INFO  impl.RaftServerImpl (RaftServerImpl.java:setRole(173)) - 73222393-6937-40ee-87c7-cf133c1aa5a8@group-54C250EC033E: changes role from  FOLLOWER to CANDIDATE at term 0 for changeToCandidate
2019-11-18 05:51:42,440 [Thread-190] INFO  impl.RoleInfo (RoleInfo.java:updateAndGet(143)) - 73222393-6937-40ee-87c7-cf133c1aa5a8: start LeaderElection
2019-11-18 05:51:42,448 [73222393-6937-40ee-87c7-cf133c1aa5a8@group-0D439BD27BB2-LeaderElection2] INFO  impl.LeaderElection (LeaderElection.java:askForVotes(178)) - 73222393-6937-40ee-87c7-cf133c1aa5a8@group-0D439BD27BB2-LeaderElection2: begin an election at term 1 for -1: [73222393-6937-40ee-87c7-cf133c1aa5a8:192.168.69.69:44443], old=null
2019-11-18 05:51:42,448 [99f3671e-a5bd-4bce-9769-e7f381d70426@group-5323749B9E97-LeaderElection3] INFO  impl.LeaderElection (LeaderElection.java:askForVotes(178)) - 99f3671e-a5bd-4bce-9769-e7f381d70426@group-5323749B9E97-LeaderElection3: begin an election at term 1 for -1: [99f3671e-a5bd-4bce-9769-e7f381d70426:192.168.69.69:46664], old=null
2019-11-18 05:51:42,448 [99f3671e-a5bd-4bce-9769-e7f381d70426@group-54C250EC033E-LeaderElection4] INFO  impl.LeaderElection (LeaderElection.java:askForVotes(178)) - 99f3671e-a5bd-4bce-9769-e7f381d70426@group-54C250EC033E-LeaderElection4: begin an election at term 1 for -1: [73222393-6937-40ee-87c7-cf133c1aa5a8:192.168.69.69:44443, 80ad4dab-6fab-4925-b97d-cb689744343f:192.168.69.69:35709, 99f3671e-a5bd-4bce-9769-e7f381d70426:192.168.69.69:46664], old=null
2019-11-18 05:51:42,448 [80ad4dab-6fab-4925-b97d-cb689744343f@group-54C250EC033E-LeaderElection1] INFO  impl.LeaderElection (LeaderElection.java:askForVotes(178)) - 80ad4dab-6fab-4925-b97d-cb689744343f@group-54C250EC033E-LeaderElection1: begin an election at term 1 for -1: [73222393-6937-40ee-87c7-cf133c1aa5a8:192.168.69.69:44443, 80ad4dab-6fab-4925-b97d-cb689744343f:192.168.69.69:35709, 99f3671e-a5bd-4bce-9769-e7f381d70426:192.168.69.69:46664], old=null
2019-11-18 05:51:42,448 [73222393-6937-40ee-87c7-cf133c1aa5a8@group-54C250EC033E-LeaderElection5] INFO  impl.LeaderElection (LeaderElection.java:askForVotes(178)) - 73222393-6937-40ee-87c7-cf133c1aa5a8@group-54C250EC033E-LeaderElection5: begin an election at term 1 for -1: [73222393-6937-40ee-87c7-cf133c1aa5a8:192.168.69.69:44443, 80ad4dab-6fab-4925-b97d-cb689744343f:192.168.69.69:35709, 99f3671e-a5bd-4bce-9769-e7f381d70426:192.168.69.69:46664], old=null
2019-11-18 05:51:42,451 [73222393-6937-40ee-87c7-cf133c1aa5a8@group-0D439BD27BB2-LeaderElection2] INFO  impl.RoleInfo (RoleInfo.java:shutdownLeaderElection(134)) - 73222393-6937-40ee-87c7-cf133c1aa5a8: shutdown LeaderElection
2019-11-18 05:51:42,451 [99f3671e-a5bd-4bce-9769-e7f381d70426@group-5323749B9E97-LeaderElection3] INFO  impl.RoleInfo (RoleInfo.java:shutdownLeaderElection(134)) - 99f3671e-a5bd-4bce-9769-e7f381d70426: shutdown LeaderElection
2019-11-18 05:51:42,452 [73222393-6937-40ee-87c7-cf133c1aa5a8@group-0D439BD27BB2-LeaderElection2] INFO  impl.RaftServerImpl (RaftServerImpl.java:setRole(173)) - 73222393-6937-40ee-87c7-cf133c1aa5a8@group-0D439BD27BB2: changes role from CANDIDATE to LEADER at term 1 for changeToLeader
2019-11-18 05:51:42,452 [99f3671e-a5bd-4bce-9769-e7f381d70426@group-5323749B9E97-LeaderElection3] INFO  impl.RaftServerImpl (RaftServerImpl.java:setRole(173)) - 99f3671e-a5bd-4bce-9769-e7f381d70426@group-5323749B9E97: changes role from CANDIDATE to LEADER at term 1 for changeToLeader
2019-11-18 05:51:42,452 [73222393-6937-40ee-87c7-cf133c1aa5a8@group-0D439BD27BB2-LeaderElection2] INFO  ratis.XceiverServerRatis (XceiverServerRatis.java:handleLeaderChangedNotification(733)) - Leader change notification received for group: group-0D439BD27BB2 with new leaderId: 73222393-6937-40ee-87c7-cf133c1aa5a8
2019-11-18 05:51:42,452 [99f3671e-a5bd-4bce-9769-e7f381d70426@group-5323749B9E97-LeaderElection3] INFO  ratis.XceiverServerRatis (XceiverServerRatis.java:handleLeaderChangedNotification(733)) - Leader change notification received for group: group-5323749B9E97 with new leaderId: 99f3671e-a5bd-4bce-9769-e7f381d70426
2019-11-18 05:51:42,452 [73222393-6937-40ee-87c7-cf133c1aa5a8@group-0D439BD27BB2-LeaderElection2] INFO  impl.RaftServerImpl (ServerState.java:setLeader(255)) - 73222393-6937-40ee-87c7-cf133c1aa5a8@group-0D439BD27BB2: change Leader from null to 73222393-6937-40ee-87c7-cf133c1aa5a8 at term 1 for becomeLeader, leader elected after 5297ms
2019-11-18 05:51:42,452 [99f3671e-a5bd-4bce-9769-e7f381d70426@group-5323749B9E97-LeaderElection3] INFO  impl.RaftServerImpl (ServerState.java:setLeader(255)) - 99f3671e-a5bd-4bce-9769-e7f381d70426@group-5323749B9E97: change Leader from null to 99f3671e-a5bd-4bce-9769-e7f381d70426 at term 1 for becomeLeader, leader elected after 5289ms
2019-11-18 05:51:42,457 [EventQueue-PipelineReportForPipelineReportHandler] INFO  pipeline.PipelineReportHandler (PipelineReportHandler.java:processPipelineReport(113)) - Pipeline THREE PipelineID=cee0332d-1d4e-4b18-9f59-54c250ec033e reported by 99f3671e-a5bd-4bce-9769-e7f381d70426{ip: 192.168.69.69, host: pr-hdds-2520-jsqql-2308157731, networkLocation: /default-rack, certSerialId: null}
2019-11-18 05:51:42,458 [EventQueue-PipelineReportForPipelineReportHandler] INFO  pipeline.PipelineReportHandler (PipelineReportHandler.java:processPipelineReport(113)) - Pipeline THREE PipelineID=cee0332d-1d4e-4b18-9f59-54c250ec033e reported by 73222393-6937-40ee-87c7-cf133c1aa5a8{ip: 192.168.69.69, host: pr-hdds-2520-jsqql-2308157731, networkLocation: /default-rack, certSerialId: null}
2019-11-18 05:51:42,461 [73222393-6937-40ee-87c7-cf133c1aa5a8@group-0D439BD27BB2-LeaderElection2] INFO  server.RaftServerConfigKeys (ConfUtils.java:logGet(43)) - raft.server.staging.catchup.gap = 1000 (default)
2019-11-18 05:51:42,461 [99f3671e-a5bd-4bce-9769-e7f381d70426@group-5323749B9E97-LeaderElection3] INFO  server.RaftServerConfigKeys (ConfUtils.java:logGet(43)) - raft.server.staging.catchup.gap = 1000 (default)
2019-11-18 05:51:42,461 [73222393-6937-40ee-87c7-cf133c1aa5a8@group-0D439BD27BB2-LeaderElection2] INFO  server.RaftServerConfigKeys (ConfUtils.java:logGet(43)) - raft.server.rpc.sleep.time = 25ms (default)
2019-11-18 05:51:42,461 [99f3671e-a5bd-4bce-9769-e7f381d70426@group-5323749B9E97-LeaderElection3] INFO  server.RaftServerConfigKeys (ConfUtils.java:logGet(43)) - raft.server.rpc.sleep.time = 25ms (default)
2019-11-18 05:51:42,474 [99f3671e-a5bd-4bce-9769-e7f381d70426@group-5323749B9E97-LeaderElection3] INFO  server.RaftServerConfigKeys (ConfUtils.java:logGet(43)) - raft.server.write.element-limit = 4096 (default)
2019-11-18 05:51:42,474 [73222393-6937-40ee-87c7-cf133c1aa5a8@group-0D439BD27BB2-LeaderElection2] INFO  server.RaftServerConfigKeys (ConfUtils.java:logGet(43)) - raft.server.write.element-limit = 4096 (default)
2019-11-18 05:51:42,485 [73222393-6937-40ee-87c7-cf133c1aa5a8@group-0D439BD27BB2-LeaderElection2] INFO  server.RaftServerConfigKeys (ConfUtils.java:logGet(43)) - raft.server.watch.timeout = 10s (default)
2019-11-18 05:51:42,486 [99f3671e-a5bd-4bce-9769-e7f381d70426@group-5323749B9E97-LeaderElection3] INFO  server.RaftServerConfigKeys (ConfUtils.java:logGet(43)) - raft.server.watch.timeout = 10s (default)
2019-11-18 05:51:42,486 [73222393-6937-40ee-87c7-cf133c1aa5a8@group-0D439BD27BB2-LeaderElection2] INFO  server.RaftServerConfigKeys (ConfUtils.java:logGet(43)) - raft.server.watch.timeout.denomination = 1s (default)
2019-11-18 05:51:42,486 [99f3671e-a5bd-4bce-9769-e7f381d70426@group-5323749B9E97-LeaderElection3] INFO  server.RaftServerConfigKeys (ConfUtils.java:logGet(43)) - raft.server.watch.timeout.denomination = 1s (default)
2019-11-18 05:51:42,487 [73222393-6937-40ee-87c7-cf133c1aa5a8@group-0D439BD27BB2-LeaderElection2] INFO  server.RaftServerConfigKeys (ConfUtils.java:logGet(43)) - raft.server.watch.element-limit = 65536 (default)
2019-11-18 05:51:42,487 [99f3671e-a5bd-4bce-9769-e7f381d70426@group-5323749B9E97-LeaderElection3] INFO  server.RaftServerConfigKeys (ConfUtils.java:logGet(43)) - raft.server.watch.element-limit = 65536 (default)
2019-11-18 05:51:42,497 [Thread-181] INFO  impl.FollowerState (FollowerState.java:run(111)) - 80ad4dab-6fab-4925-b97d-cb689744343f@group-919B39453686-FollowerState: change to CANDIDATE, lastRpcTime:5190ms, electionTimeout:5183ms
2019-11-18 05:51:42,497 [Thread-181] INFO  impl.RoleInfo (RoleInfo.java:shutdownFollowerState(121)) - 80ad4dab-6fab-4925-b97d-cb689744343f: shutdown FollowerState
2019-11-18 05:51:42,497 [Thread-181] INFO  impl.RaftServerImpl (RaftServerImpl.java:setRole(173)) - 80ad4dab-6fab-4925-b97d-cb689744343f@group-919B39453686: changes role from  FOLLOWER to CANDIDATE at term 0 for changeToCandidate
2019-11-18 05:51:42,497 [Thread-181] INFO  impl.RoleInfo (RoleInfo.java:updateAndGet(143)) - 80ad4dab-6fab-4925-b97d-cb689744343f: start LeaderElection
2019-11-18 05:51:42,502 [73222393-6937-40ee-87c7-cf133c1aa5a8@group-0D439BD27BB2-LeaderElection2] INFO  impl.RoleInfo (RoleInfo.java:updateAndGet(143)) - 73222393-6937-40ee-87c7-cf133c1aa5a8: start LeaderState
2019-11-18 05:51:42,502 [99f3671e-a5bd-4bce-9769-e7f381d70426@group-5323749B9E97-LeaderElection3] INFO  impl.RoleInfo (RoleInfo.java:updateAndGet(143)) - 99f3671e-a5bd-4bce-9769-e7f381d70426: start LeaderState
2019-11-18 05:51:42,513 [80ad4dab-6fab-4925-b97d-cb689744343f@group-919B39453686-LeaderElection6] INFO  impl.LeaderElection (LeaderElection.java:askForVotes(178)) - 80ad4dab-6fab-4925-b97d-cb689744343f@group-919B39453686-LeaderElection6: begin an election at term 1 for -1: [80ad4dab-6fab-4925-b97d-cb689744343f:192.168.69.69:35709], old=null
2019-11-18 05:51:42,514 [80ad4dab-6fab-4925-b97d-cb689744343f@group-919B39453686-LeaderElection6] INFO  impl.RoleInfo (RoleInfo.java:shutdownLeaderElection(134)) - 80ad4dab-6fab-4925-b97d-cb689744343f: shutdown LeaderElection
2019-11-18 05:51:42,514 [80ad4dab-6fab-4925-b97d-cb689744343f@group-919B39453686-LeaderElection6] INFO  impl.RaftServerImpl (RaftServerImpl.java:setRole(173)) - 80ad4dab-6fab-4925-b97d-cb689744343f@group-919B39453686: changes role from CANDIDATE to LEADER at term 1 for changeToLeader
2019-11-18 05:51:42,514 [80ad4dab-6fab-4925-b97d-cb689744343f@group-919B39453686-LeaderElection6] INFO  ratis.XceiverServerRatis (XceiverServerRatis.java:handleLeaderChangedNotification(733)) - Leader change notification received for group: group-919B39453686 with new leaderId: 80ad4dab-6fab-4925-b97d-cb689744343f
2019-11-18 05:51:42,514 [80ad4dab-6fab-4925-b97d-cb689744343f@group-919B39453686-LeaderElection6] INFO  impl.RaftServerImpl (ServerState.java:setLeader(255)) - 80ad4dab-6fab-4925-b97d-cb689744343f@group-919B39453686: change Leader from null to 80ad4dab-6fab-4925-b97d-cb689744343f at term 1 for becomeLeader, leader elected after 5359ms
2019-11-18 05:51:42,514 [80ad4dab-6fab-4925-b97d-cb689744343f@group-919B39453686-LeaderElection6] INFO  server.RaftServerConfigKeys (ConfUtils.java:logGet(43)) - raft.server.staging.catchup.gap = 1000 (default)
2019-11-18 05:51:42,514 [80ad4dab-6fab-4925-b97d-cb689744343f@group-919B39453686-LeaderElection6] INFO  server.RaftServerConfigKeys (ConfUtils.java:logGet(43)) - raft.server.rpc.sleep.time = 25ms (default)
2019-11-18 05:51:42,515 [80ad4dab-6fab-4925-b97d-cb689744343f@group-919B39453686-LeaderElection6] INFO  server.RaftServerConfigKeys (ConfUtils.java:logGet(43)) - raft.server.write.element-limit = 4096 (default)
2019-11-18 05:51:42,515 [80ad4dab-6fab-4925-b97d-cb689744343f@group-919B39453686-LeaderElection6] INFO  server.RaftServerConfigKeys (ConfUtils.java:logGet(43)) - raft.server.watch.timeout = 10s (default)
2019-11-18 05:51:42,515 [80ad4dab-6fab-4925-b97d-cb689744343f@group-919B39453686-LeaderElection6] INFO  server.RaftServerConfigKeys (ConfUtils.java:logGet(43)) - raft.server.watch.timeout.denomination = 1s (default)
2019-11-18 05:51:42,515 [80ad4dab-6fab-4925-b97d-cb689744343f@group-919B39453686-LeaderElection6] INFO  server.RaftServerConfigKeys (ConfUtils.java:logGet(43)) - raft.server.watch.element-limit = 65536 (default)
2019-11-18 05:51:42,516 [80ad4dab-6fab-4925-b97d-cb689744343f@group-919B39453686-LeaderElection6] INFO  impl.RoleInfo (RoleInfo.java:updateAndGet(143)) - 80ad4dab-6fab-4925-b97d-cb689744343f: start LeaderState
2019-11-18 05:51:42,517 [EventQueue-PipelineReportForPipelineReportHandler] INFO  pipeline.PipelineReportHandler (PipelineReportHandler.java:processPipelineReport(113)) - Pipeline THREE PipelineID=cee0332d-1d4e-4b18-9f59-54c250ec033e reported by 80ad4dab-6fab-4925-b97d-cb689744343f{ip: 192.168.69.69, host: pr-hdds-2520-jsqql-2308157731, networkLocation: /default-rack, certSerialId: null}
2019-11-18 05:51:42,527 [80ad4dab-6fab-4925-b97d-cb689744343f@group-919B39453686-LeaderElection6] INFO  segmented.SegmentedRaftLogWorker (SegmentedRaftLogWorker.java:startLogSegment(385)) - 80ad4dab-6fab-4925-b97d-cb689744343f@group-919B39453686-SegmentedRaftLogWorker: Starting segment from index:0
2019-11-18 05:51:42,527 [99f3671e-a5bd-4bce-9769-e7f381d70426@group-5323749B9E97-LeaderElection3] INFO  segmented.SegmentedRaftLogWorker (SegmentedRaftLogWorker.java:startLogSegment(385)) - 99f3671e-a5bd-4bce-9769-e7f381d70426@group-5323749B9E97-SegmentedRaftLogWorker: Starting segment from index:0
2019-11-18 05:51:42,527 [73222393-6937-40ee-87c7-cf133c1aa5a8@group-0D439BD27BB2-LeaderElection2] INFO  segmented.SegmentedRaftLogWorker (SegmentedRaftLogWorker.java:startLogSegment(385)) - 73222393-6937-40ee-87c7-cf133c1aa5a8@group-0D439BD27BB2-SegmentedRaftLogWorker: Starting segment from index:0
2019-11-18 05:51:42,553 [80ad4dab-6fab-4925-b97d-cb689744343f@group-919B39453686-LeaderElection6] INFO  impl.RaftServerImpl (ServerState.java:setRaftConf(356)) - 80ad4dab-6fab-4925-b97d-cb689744343f@group-919B39453686: set configuration 0: [80ad4dab-6fab-4925-b97d-cb689744343f:192.168.69.69:35709], old=null at 0
2019-11-18 05:51:42,553 [99f3671e-a5bd-4bce-9769-e7f381d70426@group-5323749B9E97-LeaderElection3] INFO  impl.RaftServerImpl (ServerState.java:setRaftConf(356)) - 99f3671e-a5bd-4bce-9769-e7f381d70426@group-5323749B9E97: set configuration 0: [99f3671e-a5bd-4bce-9769-e7f381d70426:192.168.69.69:46664], old=null at 0
2019-11-18 05:51:42,553 [73222393-6937-40ee-87c7-cf133c1aa5a8@group-0D439BD27BB2-LeaderElection2] INFO  impl.RaftServerImpl (ServerState.java:setRaftConf(356)) - 73222393-6937-40ee-87c7-cf133c1aa5a8@group-0D439BD27BB2: set configuration 0: [73222393-6937-40ee-87c7-cf133c1aa5a8:192.168.69.69:44443], old=null at 0
2019-11-18 05:51:42,701 [99f3671e-a5bd-4bce-9769-e7f381d70426@group-5323749B9E97-SegmentedRaftLogWorker] INFO  segmented.SegmentedRaftLogWorker (SegmentedRaftLogWorker.java:execute(576)) - 99f3671e-a5bd-4bce-9769-e7f381d70426@group-5323749B9E97-SegmentedRaftLogWorker: created new log segment /workdir/hadoop-ozone/tools/target/test-dir/MiniOzoneClusterImpl-f3ff6bd3-b6c5-4d73-96b1-6ed289f634be/datanode-2/data/ratis/d59f0e2b-6bfd-4c28-9bdd-5323749b9e97/current/log_inprogress_0
2019-11-18 05:51:42,701 [80ad4dab-6fab-4925-b97d-cb689744343f@group-919B39453686-SegmentedRaftLogWorker] INFO  segmented.SegmentedRaftLogWorker (SegmentedRaftLogWorker.java:execute(576)) - 80ad4dab-6fab-4925-b97d-cb689744343f@group-919B39453686-SegmentedRaftLogWorker: created new log segment /workdir/hadoop-ozone/tools/target/test-dir/MiniOzoneClusterImpl-f3ff6bd3-b6c5-4d73-96b1-6ed289f634be/datanode-1/data/ratis/b1db8ad5-0b7b-4cfb-a346-919b39453686/current/log_inprogress_0
2019-11-18 05:51:42,701 [73222393-6937-40ee-87c7-cf133c1aa5a8@group-0D439BD27BB2-SegmentedRaftLogWorker] INFO  segmented.SegmentedRaftLogWorker (SegmentedRaftLogWorker.java:execute(576)) - 73222393-6937-40ee-87c7-cf133c1aa5a8@group-0D439BD27BB2-SegmentedRaftLogWorker: created new log segment /workdir/hadoop-ozone/tools/target/test-dir/MiniOzoneClusterImpl-f3ff6bd3-b6c5-4d73-96b1-6ed289f634be/datanode-0/data/ratis/2636dd94-cbc2-4b9c-98eb-0d439bd27bb2/current/log_inprogress_0
2019-11-18 05:51:42,914 [99f3671e-a5bd-4bce-9769-e7f381d70426@group-54C250EC033E-LeaderElection4] INFO  impl.LeaderElection (LeaderElection.java:logAndReturn(56)) - 99f3671e-a5bd-4bce-9769-e7f381d70426@group-54C250EC033E-LeaderElection4: Election REJECTED; received 2 response(s) [99f3671e-a5bd-4bce-9769-e7f381d70426<-73222393-6937-40ee-87c7-cf133c1aa5a8#0:FAIL-t1, 99f3671e-a5bd-4bce-9769-e7f381d70426<-80ad4dab-6fab-4925-b97d-cb689744343f#0:FAIL-t1] and 0 exception(s); 99f3671e-a5bd-4bce-9769-e7f381d70426@group-54C250EC033E:t1, leader=null, voted=99f3671e-a5bd-4bce-9769-e7f381d70426, raftlog=99f3671e-a5bd-4bce-9769-e7f381d70426@group-54C250EC033E-SegmentedRaftLog:OPENED:c-1,f-1,i0, conf=-1: [73222393-6937-40ee-87c7-cf133c1aa5a8:192.168.69.69:44443, 80ad4dab-6fab-4925-b97d-cb689744343f:192.168.69.69:35709, 99f3671e-a5bd-4bce-9769-e7f381d70426:192.168.69.69:46664], old=null
2019-11-18 05:51:42,914 [80ad4dab-6fab-4925-b97d-cb689744343f@group-54C250EC033E-LeaderElection1] INFO  impl.LeaderElection (LeaderElection.java:logAndReturn(56)) - 80ad4dab-6fab-4925-b97d-cb689744343f@group-54C250EC033E-LeaderElection1: Election REJECTED; received 2 response(s) [80ad4dab-6fab-4925-b97d-cb689744343f<-73222393-6937-40ee-87c7-cf133c1aa5a8#0:FAIL-t1, 80ad4dab-6fab-4925-b97d-cb689744343f<-99f3671e-a5bd-4bce-9769-e7f381d70426#0:FAIL-t1] and 0 exception(s); 80ad4dab-6fab-4925-b97d-cb689744343f@group-54C250EC033E:t1, leader=null, voted=80ad4dab-6fab-4925-b97d-cb689744343f, raftlog=80ad4dab-6fab-4925-b97d-cb689744343f@group-54C250EC033E-SegmentedRaftLog:OPENED:c-1,f-1,i0, conf=-1: [73222393-6937-40ee-87c7-cf133c1aa5a8:192.168.69.69:44443, 80ad4dab-6fab-4925-b97d-cb689744343f:192.168.69.69:35709, 99f3671e-a5bd-4bce-9769-e7f381d70426:192.168.69.69:46664], old=null
2019-11-18 05:51:42,914 [73222393-6937-40ee-87c7-cf133c1aa5a8@group-54C250EC033E-LeaderElection5] INFO  impl.LeaderElection (LeaderElection.java:logAndReturn(56)) - 73222393-6937-40ee-87c7-cf133c1aa5a8@group-54C250EC033E-LeaderElection5: Election REJECTED; received 2 response(s) [73222393-6937-40ee-87c7-cf133c1aa5a8<-80ad4dab-6fab-4925-b97d-cb689744343f#0:FAIL-t1, 73222393-6937-40ee-87c7-cf133c1aa5a8<-99f3671e-a5bd-4bce-9769-e7f381d70426#0:FAIL-t1] and 0 exception(s); 73222393-6937-40ee-87c7-cf133c1aa5a8@group-54C250EC033E:t1, leader=null, voted=73222393-6937-40ee-87c7-cf133c1aa5a8, raftlog=73222393-6937-40ee-87c7-cf133c1aa5a8@group-54C250EC033E-SegmentedRaftLog:OPENED:c-1,f-1,i0, conf=-1: [73222393-6937-40ee-87c7-cf133c1aa5a8:192.168.69.69:44443, 80ad4dab-6fab-4925-b97d-cb689744343f:192.168.69.69:35709, 99f3671e-a5bd-4bce-9769-e7f381d70426:192.168.69.69:46664], old=null
2019-11-18 05:51:42,916 [99f3671e-a5bd-4bce-9769-e7f381d70426@group-54C250EC033E-LeaderElection4] INFO  impl.RaftServerImpl (RaftServerImpl.java:setRole(173)) - 99f3671e-a5bd-4bce-9769-e7f381d70426@group-54C250EC033E: changes role from CANDIDATE to FOLLOWER at term 1 for DISCOVERED_A_NEW_TERM
2019-11-18 05:51:42,916 [80ad4dab-6fab-4925-b97d-cb689744343f@group-54C250EC033E-LeaderElection1] INFO  impl.RaftServerImpl (RaftServerImpl.java:setRole(173)) - 80ad4dab-6fab-4925-b97d-cb689744343f@group-54C250EC033E: changes role from CANDIDATE to FOLLOWER at term 1 for DISCOVERED_A_NEW_TERM
2019-11-18 05:51:42,917 [73222393-6937-40ee-87c7-cf133c1aa5a8@group-54C250EC033E-LeaderElection5] INFO  impl.RaftServerImpl (RaftServerImpl.java:setRole(173)) - 73222393-6937-40ee-87c7-cf133c1aa5a8@group-54C250EC033E: changes role from CANDIDATE to FOLLOWER at term 1 for DISCOVERED_A_NEW_TERM
2019-11-18 05:51:42,916 [99f3671e-a5bd-4bce-9769-e7f381d70426@group-54C250EC033E-LeaderElection4] INFO  impl.RoleInfo (RoleInfo.java:shutdownLeaderElection(134)) - 99f3671e-a5bd-4bce-9769-e7f381d70426: shutdown LeaderElection
2019-11-18 05:51:42,918 [73222393-6937-40ee-87c7-cf133c1aa5a8@group-54C250EC033E-LeaderElection5] INFO  impl.RoleInfo (RoleInfo.java:shutdownLeaderElection(134)) - 73222393-6937-40ee-87c7-cf133c1aa5a8: shutdown LeaderElection
2019-11-18 05:51:42,917 [80ad4dab-6fab-4925-b97d-cb689744343f@group-54C250EC033E-LeaderElection1] INFO  impl.RoleInfo (RoleInfo.java:shutdownLeaderElection(134)) - 80ad4dab-6fab-4925-b97d-cb689744343f: shutdown LeaderElection
2019-11-18 05:51:42,918 [99f3671e-a5bd-4bce-9769-e7f381d70426@group-54C250EC033E-LeaderElection4] INFO  impl.RoleInfo (RoleInfo.java:updateAndGet(143)) - 99f3671e-a5bd-4bce-9769-e7f381d70426: start FollowerState
2019-11-18 05:51:42,918 [80ad4dab-6fab-4925-b97d-cb689744343f@group-54C250EC033E-LeaderElection1] INFO  impl.RoleInfo (RoleInfo.java:updateAndGet(143)) - 80ad4dab-6fab-4925-b97d-cb689744343f: start FollowerState
2019-11-18 05:51:42,918 [73222393-6937-40ee-87c7-cf133c1aa5a8@group-54C250EC033E-LeaderElection5] INFO  impl.RoleInfo (RoleInfo.java:updateAndGet(143)) - 73222393-6937-40ee-87c7-cf133c1aa5a8: start FollowerState
2019-11-18 05:51:43,122 [main] INFO  ozone.MiniOzoneClusterImpl (MiniOzoneClusterImpl.java:lambda$waitForClusterToBeReady$0(150)) - Nodes are ready. Got 3 of 3 DN Heartbeats.
2019-11-18 05:51:43,122 [main] INFO  ozone.MiniOzoneClusterImpl (MiniOzoneClusterImpl.java:lambda$waitForClusterToBeReady$0(153)) - Waiting for cluster to exit safe mode
2019-11-18 05:51:44,123 [main] INFO  ozone.MiniOzoneClusterImpl (MiniOzoneClusterImpl.java:lambda$waitForClusterToBeReady$0(150)) - Nodes are ready. Got 3 of 3 DN Heartbeats.
2019-11-18 05:51:44,123 [main] INFO  ozone.MiniOzoneClusterImpl (MiniOzoneClusterImpl.java:lambda$waitForClusterToBeReady$0(153)) - Waiting for cluster to exit safe mode
2019-11-18 05:51:45,124 [main] INFO  ozone.MiniOzoneClusterImpl (MiniOzoneClusterImpl.java:lambda$waitForClusterToBeReady$0(150)) - Nodes are ready. Got 3 of 3 DN Heartbeats.
2019-11-18 05:51:45,124 [main] INFO  ozone.MiniOzoneClusterImpl (MiniOzoneClusterImpl.java:lambda$waitForClusterToBeReady$0(153)) - Waiting for cluster to exit safe mode
2019-11-18 05:51:46,124 [main] INFO  ozone.MiniOzoneClusterImpl (MiniOzoneClusterImpl.java:lambda$waitForClusterToBeReady$0(150)) - Nodes are ready. Got 3 of 3 DN Heartbeats.
2019-11-18 05:51:46,125 [main] INFO  ozone.MiniOzoneClusterImpl (MiniOzoneClusterImpl.java:lambda$waitForClusterToBeReady$0(153)) - Waiting for cluster to exit safe mode
2019-11-18 05:51:47,125 [main] INFO  ozone.MiniOzoneClusterImpl (MiniOzoneClusterImpl.java:lambda$waitForClusterToBeReady$0(150)) - Nodes are ready. Got 3 of 3 DN Heartbeats.
2019-11-18 05:51:47,125 [main] INFO  ozone.MiniOzoneClusterImpl (MiniOzoneClusterImpl.java:lambda$waitForClusterToBeReady$0(153)) - Waiting for cluster to exit safe mode
2019-11-18 05:51:47,980 [Thread-209] INFO  impl.FollowerState (FollowerState.java:run(111)) - 80ad4dab-6fab-4925-b97d-cb689744343f@group-54C250EC033E-FollowerState: change to CANDIDATE, lastRpcTime:5061ms, electionTimeout:5061ms
2019-11-18 05:51:47,980 [Thread-209] INFO  impl.RoleInfo (RoleInfo.java:shutdownFollowerState(121)) - 80ad4dab-6fab-4925-b97d-cb689744343f: shutdown FollowerState
2019-11-18 05:51:47,980 [Thread-209] INFO  impl.RaftServerImpl (RaftServerImpl.java:setRole(173)) - 80ad4dab-6fab-4925-b97d-cb689744343f@group-54C250EC033E: changes role from  FOLLOWER to CANDIDATE at term 1 for changeToCandidate
2019-11-18 05:51:47,981 [Thread-209] INFO  impl.RoleInfo (RoleInfo.java:updateAndGet(143)) - 80ad4dab-6fab-4925-b97d-cb689744343f: start LeaderElection
2019-11-18 05:51:47,996 [80ad4dab-6fab-4925-b97d-cb689744343f@group-54C250EC033E-LeaderElection7] INFO  impl.LeaderElection (LeaderElection.java:askForVotes(178)) - 80ad4dab-6fab-4925-b97d-cb689744343f@group-54C250EC033E-LeaderElection7: begin an election at term 2 for -1: [73222393-6937-40ee-87c7-cf133c1aa5a8:192.168.69.69:44443, 80ad4dab-6fab-4925-b97d-cb689744343f:192.168.69.69:35709, 99f3671e-a5bd-4bce-9769-e7f381d70426:192.168.69.69:46664], old=null
2019-11-18 05:51:48,006 [grpc-default-executor-4] INFO  impl.RaftServerImpl (RaftServerImpl.java:setRole(173)) - 99f3671e-a5bd-4bce-9769-e7f381d70426@group-54C250EC033E: changes role from  FOLLOWER to FOLLOWER at term 2 for recognizeCandidate:80ad4dab-6fab-4925-b97d-cb689744343f
2019-11-18 05:51:48,006 [grpc-default-executor-5] INFO  impl.RaftServerImpl (RaftServerImpl.java:setRole(173)) - 73222393-6937-40ee-87c7-cf133c1aa5a8@group-54C250EC033E: changes role from  FOLLOWER to FOLLOWER at term 2 for recognizeCandidate:80ad4dab-6fab-4925-b97d-cb689744343f
2019-11-18 05:51:48,006 [grpc-default-executor-4] INFO  impl.RoleInfo (RoleInfo.java:shutdownFollowerState(121)) - 99f3671e-a5bd-4bce-9769-e7f381d70426: shutdown FollowerState
2019-11-18 05:51:48,007 [grpc-default-executor-5] INFO  impl.RoleInfo (RoleInfo.java:shutdownFollowerState(121)) - 73222393-6937-40ee-87c7-cf133c1aa5a8: shutdown FollowerState
2019-11-18 05:51:48,007 [Thread-207] INFO  impl.FollowerState (FollowerState.java:run(120)) - 99f3671e-a5bd-4bce-9769-e7f381d70426@group-54C250EC033E-FollowerState was interrupted: java.lang.InterruptedException: sleep interrupted
2019-11-18 05:51:48,007 [grpc-default-executor-4] INFO  impl.RoleInfo (RoleInfo.java:updateAndGet(143)) - 99f3671e-a5bd-4bce-9769-e7f381d70426: start FollowerState
2019-11-18 05:51:48,007 [Thread-208] INFO  impl.FollowerState (FollowerState.java:run(120)) - 73222393-6937-40ee-87c7-cf133c1aa5a8@group-54C250EC033E-FollowerState was interrupted: java.lang.InterruptedException: sleep interrupted
2019-11-18 05:51:48,007 [grpc-default-executor-5] INFO  impl.RoleInfo (RoleInfo.java:updateAndGet(143)) - 73222393-6937-40ee-87c7-cf133c1aa5a8: start FollowerState
2019-11-18 05:51:48,033 [80ad4dab-6fab-4925-b97d-cb689744343f@group-54C250EC033E-LeaderElection7] INFO  impl.LeaderElection (LeaderElection.java:logAndReturn(56)) - 80ad4dab-6fab-4925-b97d-cb689744343f@group-54C250EC033E-LeaderElection7: Election PASSED; received 1 response(s) [80ad4dab-6fab-4925-b97d-cb689744343f<-73222393-6937-40ee-87c7-cf133c1aa5a8#0:OK-t2] and 0 exception(s); 80ad4dab-6fab-4925-b97d-cb689744343f@group-54C250EC033E:t2, leader=null, voted=80ad4dab-6fab-4925-b97d-cb689744343f, raftlog=80ad4dab-6fab-4925-b97d-cb689744343f@group-54C250EC033E-SegmentedRaftLog:OPENED:c-1,f-1,i0, conf=-1: [73222393-6937-40ee-87c7-cf133c1aa5a8:192.168.69.69:44443, 80ad4dab-6fab-4925-b97d-cb689744343f:192.168.69.69:35709, 99f3671e-a5bd-4bce-9769-e7f381d70426:192.168.69.69:46664], old=null
2019-11-18 05:51:48,033 [80ad4dab-6fab-4925-b97d-cb689744343f@group-54C250EC033E-LeaderElection7] INFO  impl.RoleInfo (RoleInfo.java:shutdownLeaderElection(134)) - 80ad4dab-6fab-4925-b97d-cb689744343f: shutdown LeaderElection
2019-11-18 05:51:48,034 [80ad4dab-6fab-4925-b97d-cb689744343f@group-54C250EC033E-LeaderElection7] INFO  impl.RaftServerImpl (RaftServerImpl.java:setRole(173)) - 80ad4dab-6fab-4925-b97d-cb689744343f@group-54C250EC033E: changes role from CANDIDATE to LEADER at term 2 for changeToLeader
2019-11-18 05:51:48,034 [80ad4dab-6fab-4925-b97d-cb689744343f@group-54C250EC033E-LeaderElection7] INFO  ratis.XceiverServerRatis (XceiverServerRatis.java:handleLeaderChangedNotification(733)) - Leader change notification received for group: group-54C250EC033E with new leaderId: 80ad4dab-6fab-4925-b97d-cb689744343f
2019-11-18 05:51:48,035 [80ad4dab-6fab-4925-b97d-cb689744343f@group-54C250EC033E-LeaderElection7] INFO  impl.RaftServerImpl (ServerState.java:setLeader(255)) - 80ad4dab-6fab-4925-b97d-cb689744343f@group-54C250EC033E: change Leader from null to 80ad4dab-6fab-4925-b97d-cb689744343f at term 2 for becomeLeader, leader elected after 10640ms
2019-11-18 05:51:48,035 [80ad4dab-6fab-4925-b97d-cb689744343f@group-54C250EC033E-LeaderElection7] INFO  server.RaftServerConfigKeys (ConfUtils.java:logGet(43)) - raft.server.staging.catchup.gap = 1000 (default)
2019-11-18 05:51:48,035 [80ad4dab-6fab-4925-b97d-cb689744343f@group-54C250EC033E-LeaderElection7] INFO  server.RaftServerConfigKeys (ConfUtils.java:logGet(43)) - raft.server.rpc.sleep.time = 25ms (default)
2019-11-18 05:51:48,035 [80ad4dab-6fab-4925-b97d-cb689744343f@group-54C250EC033E-LeaderElection7] INFO  server.RaftServerConfigKeys (ConfUtils.java:logGet(43)) - raft.server.write.element-limit = 4096 (default)
2019-11-18 05:51:48,036 [80ad4dab-6fab-4925-b97d-cb689744343f@group-54C250EC033E-LeaderElection7] INFO  server.RaftServerConfigKeys (ConfUtils.java:logGet(43)) - raft.server.watch.timeout = 10s (default)
2019-11-18 05:51:48,036 [80ad4dab-6fab-4925-b97d-cb689744343f@group-54C250EC033E-LeaderElection7] INFO  server.RaftServerConfigKeys (ConfUtils.java:logGet(43)) - raft.server.watch.timeout.denomination = 1s (default)
2019-11-18 05:51:48,036 [80ad4dab-6fab-4925-b97d-cb689744343f@group-54C250EC033E-LeaderElection7] INFO  server.RaftServerConfigKeys (ConfUtils.java:logGet(43)) - raft.server.watch.element-limit = 65536 (default)
2019-11-18 05:51:48,037 [EventQueue-PipelineReportForPipelineReportHandler] INFO  pipeline.PipelineReportHandler (PipelineReportHandler.java:processPipelineReport(113)) - Pipeline THREE PipelineID=cee0332d-1d4e-4b18-9f59-54c250ec033e reported by 80ad4dab-6fab-4925-b97d-cb689744343f{ip: 192.168.69.69, host: pr-hdds-2520-jsqql-2308157731, networkLocation: /default-rack, certSerialId: null}
2019-11-18 05:51:48,039 [EventQueue-PipelineReportForPipelineReportHandler] INFO  pipeline.PipelineStateManager (PipelineStateManager.java:openPipeline(132)) - Pipeline Pipeline[ Id: cee0332d-1d4e-4b18-9f59-54c250ec033e, Nodes: 99f3671e-a5bd-4bce-9769-e7f381d70426{ip: 192.168.69.69, host: pr-hdds-2520-jsqql-2308157731, networkLocation: /default-rack, certSerialId: null}80ad4dab-6fab-4925-b97d-cb689744343f{ip: 192.168.69.69, host: pr-hdds-2520-jsqql-2308157731, networkLocation: /default-rack, certSerialId: null}73222393-6937-40ee-87c7-cf133c1aa5a8{ip: 192.168.69.69, host: pr-hdds-2520-jsqql-2308157731, networkLocation: /default-rack, certSerialId: null}, Type:RATIS, Factor:THREE, State:ALLOCATED] moved to OPEN state
2019-11-18 05:51:48,039 [EventQueue-OpenPipelineForOneReplicaPipelineSafeModeRule] INFO  safemode.SCMSafeModeManager (SCMSafeModeManager.java:validateSafeModeExitRules(176)) - AtleastOneDatanodeReportedRule rule is successfully validated
2019-11-18 05:51:48,039 [EventQueue-OpenPipelineForHealthyPipelineSafeModeRule] INFO  safemode.SCMSafeModeManager (HealthyPipelineSafeModeRule.java:process(132)) - SCM in safe mode. Healthy pipelines reported count is 1, required healthy pipeline reported count is 1
2019-11-18 05:51:48,042 [EventQueue-OpenPipelineForHealthyPipelineSafeModeRule] INFO  safemode.SCMSafeModeManager (SCMSafeModeManager.java:validateSafeModeExitRules(176)) - HealthyPipelineSafeModeRule rule is successfully validated
2019-11-18 05:51:48,042 [EventQueue-OpenPipelineForHealthyPipelineSafeModeRule] INFO  safemode.SCMSafeModeManager (SCMSafeModeManager.java:validateSafeModeExitRules(185)) - ScmSafeModeManager, all rules are successfully validated
2019-11-18 05:51:48,042 [EventQueue-OpenPipelineForHealthyPipelineSafeModeRule] INFO  safemode.SCMSafeModeManager (SCMSafeModeManager.java:exitSafeMode(201)) - SCM exiting safe mode.
2019-11-18 05:51:48,043 [80ad4dab-6fab-4925-b97d-cb689744343f@group-54C250EC033E-LeaderElection7] INFO  server.RaftServerConfigKeys (ConfUtils.java:logGet(43)) - raft.server.log.appender.snapshot.chunk.size.max = 16MB (=16777216) (default)
2019-11-18 05:51:48,043 [80ad4dab-6fab-4925-b97d-cb689744343f@group-54C250EC033E-LeaderElection7] INFO  server.RaftServerConfigKeys (ConfUtils.java:logGet(43)) - raft.server.log.appender.buffer.byte-limit = 33554432 (custom)
2019-11-18 05:51:48,044 [80ad4dab-6fab-4925-b97d-cb689744343f@group-54C250EC033E-LeaderElection7] INFO  server.RaftServerConfigKeys (ConfUtils.java:logGet(43)) - raft.server.log.appender.buffer.element-limit = 1 (custom)
2019-11-18 05:51:48,048 [80ad4dab-6fab-4925-b97d-cb689744343f@group-54C250EC033E-LeaderElection7] INFO  grpc.GrpcConfigKeys$Server (ConfUtils.java:logGet(43)) - raft.grpc.server.leader.outstanding.appends.max = 128 (default)
2019-11-18 05:51:48,049 [80ad4dab-6fab-4925-b97d-cb689744343f@group-54C250EC033E-LeaderElection7] INFO  server.RaftServerConfigKeys (ConfUtils.java:logGet(43)) - raft.server.rpc.request.timeout = 3000ms (default)
2019-11-18 05:51:48,049 [80ad4dab-6fab-4925-b97d-cb689744343f@group-54C250EC033E-LeaderElection7] INFO  server.RaftServerConfigKeys (ConfUtils.java:logGet(43)) - raft.server.log.appender.install.snapshot.enabled = false (custom)
2019-11-18 05:51:48,050 [80ad4dab-6fab-4925-b97d-cb689744343f@group-54C250EC033E-LeaderElection7] WARN  impl.MetricRegistriesImpl (MetricRegistriesImpl.java:lambda$create$1(61)) - First MetricRegistry has been created without registering reporters. You may need to call MetricRegistries.global().addReportRegistration(...) before.
2019-11-18 05:51:48,052 [80ad4dab-6fab-4925-b97d-cb689744343f@group-54C250EC033E-LeaderElection7] INFO  server.RaftServerConfigKeys (ConfUtils.java:logGet(43)) - raft.server.log.appender.snapshot.chunk.size.max = 16MB (=16777216) (default)
2019-11-18 05:51:48,052 [80ad4dab-6fab-4925-b97d-cb689744343f@group-54C250EC033E-LeaderElection7] INFO  server.RaftServerConfigKeys (ConfUtils.java:logGet(43)) - raft.server.log.appender.buffer.byte-limit = 33554432 (custom)
2019-11-18 05:51:48,052 [80ad4dab-6fab-4925-b97d-cb689744343f@group-54C250EC033E-LeaderElection7] INFO  server.RaftServerConfigKeys (ConfUtils.java:logGet(43)) - raft.server.log.appender.buffer.element-limit = 1 (custom)
2019-11-18 05:51:48,052 [80ad4dab-6fab-4925-b97d-cb689744343f@group-54C250EC033E-LeaderElection7] INFO  grpc.GrpcConfigKeys$Server (ConfUtils.java:logGet(43)) - raft.grpc.server.leader.outstanding.appends.max = 128 (default)
2019-11-18 05:51:48,053 [80ad4dab-6fab-4925-b97d-cb689744343f@group-54C250EC033E-LeaderElection7] INFO  server.RaftServerConfigKeys (ConfUtils.java:logGet(43)) - raft.server.rpc.request.timeout = 3000ms (default)
2019-11-18 05:51:48,053 [80ad4dab-6fab-4925-b97d-cb689744343f@group-54C250EC033E-LeaderElection7] INFO  server.RaftServerConfigKeys (ConfUtils.java:logGet(43)) - raft.server.log.appender.install.snapshot.enabled = false (custom)
2019-11-18 05:51:48,057 [80ad4dab-6fab-4925-b97d-cb689744343f@group-54C250EC033E-LeaderElection7] INFO  impl.RoleInfo (RoleInfo.java:updateAndGet(143)) - 80ad4dab-6fab-4925-b97d-cb689744343f: start LeaderState
2019-11-18 05:51:48,057 [80ad4dab-6fab-4925-b97d-cb689744343f@group-54C250EC033E-LeaderElection7] INFO  segmented.SegmentedRaftLogWorker (SegmentedRaftLogWorker.java:startLogSegment(385)) - 80ad4dab-6fab-4925-b97d-cb689744343f@group-54C250EC033E-SegmentedRaftLogWorker: Starting segment from index:0
2019-11-18 05:51:48,058 [80ad4dab-6fab-4925-b97d-cb689744343f@group-54C250EC033E-LeaderElection7] INFO  impl.RaftServerImpl (ServerState.java:setRaftConf(356)) - 80ad4dab-6fab-4925-b97d-cb689744343f@group-54C250EC033E: set configuration 0: [73222393-6937-40ee-87c7-cf133c1aa5a8:192.168.69.69:44443, 80ad4dab-6fab-4925-b97d-cb689744343f:192.168.69.69:35709, 99f3671e-a5bd-4bce-9769-e7f381d70426:192.168.69.69:46664], old=null at 0
2019-11-18 05:51:48,112 [80ad4dab-6fab-4925-b97d-cb689744343f@group-54C250EC033E-SegmentedRaftLogWorker] INFO  segmented.SegmentedRaftLogWorker (SegmentedRaftLogWorker.java:execute(576)) - 80ad4dab-6fab-4925-b97d-cb689744343f@group-54C250EC033E-SegmentedRaftLogWorker: created new log segment /workdir/hadoop-ozone/tools/target/test-dir/MiniOzoneClusterImpl-f3ff6bd3-b6c5-4d73-96b1-6ed289f634be/datanode-1/data/ratis/cee0332d-1d4e-4b18-9f59-54c250ec033e/current/log_inprogress_0
2019-11-18 05:51:48,126 [main] INFO  ozone.MiniOzoneClusterImpl (MiniOzoneClusterImpl.java:lambda$waitForClusterToBeReady$0(150)) - Nodes are ready. Got 3 of 3 DN Heartbeats.
2019-11-18 05:51:48,126 [main] INFO  ozone.MiniOzoneClusterImpl (MiniOzoneClusterImpl.java:lambda$waitForClusterToBeReady$0(153)) - Cluster exits safe mode
2019-11-18 05:51:48,139 [grpc-default-executor-4] INFO  ratis.XceiverServerRatis (XceiverServerRatis.java:handleLeaderChangedNotification(733)) - Leader change notification received for group: group-54C250EC033E with new leaderId: 80ad4dab-6fab-4925-b97d-cb689744343f
2019-11-18 05:51:48,139 [grpc-default-executor-5] INFO  ratis.XceiverServerRatis (XceiverServerRatis.java:handleLeaderChangedNotification(733)) - Leader change notification received for group: group-54C250EC033E with new leaderId: 80ad4dab-6fab-4925-b97d-cb689744343f
2019-11-18 05:51:48,139 [grpc-default-executor-4] INFO  impl.RaftServerImpl (ServerState.java:setLeader(255)) - 73222393-6937-40ee-87c7-cf133c1aa5a8@group-54C250EC033E: change Leader from null to 80ad4dab-6fab-4925-b97d-cb689744343f at term 2 for appendEntries, leader elected after 10745ms
2019-11-18 05:51:48,140 [grpc-default-executor-5] INFO  impl.RaftServerImpl (ServerState.java:setLeader(255)) - 99f3671e-a5bd-4bce-9769-e7f381d70426@group-54C250EC033E: change Leader from null to 80ad4dab-6fab-4925-b97d-cb689744343f at term 2 for appendEntries, leader elected after 10745ms
2019-11-18 05:51:48,191 [grpc-default-executor-4] INFO  impl.RaftServerImpl (ServerState.java:setRaftConf(356)) - 99f3671e-a5bd-4bce-9769-e7f381d70426@group-54C250EC033E: set configuration 0: [73222393-6937-40ee-87c7-cf133c1aa5a8:192.168.69.69:44443, 80ad4dab-6fab-4925-b97d-cb689744343f:192.168.69.69:35709, 99f3671e-a5bd-4bce-9769-e7f381d70426:192.168.69.69:46664], old=null at 0
2019-11-18 05:51:48,191 [grpc-default-executor-5] INFO  impl.RaftServerImpl (ServerState.java:setRaftConf(356)) - 73222393-6937-40ee-87c7-cf133c1aa5a8@group-54C250EC033E: set configuration 0: [73222393-6937-40ee-87c7-cf133c1aa5a8:192.168.69.69:44443, 80ad4dab-6fab-4925-b97d-cb689744343f:192.168.69.69:35709, 99f3671e-a5bd-4bce-9769-e7f381d70426:192.168.69.69:46664], old=null at 0
2019-11-18 05:51:48,192 [grpc-default-executor-4] INFO  segmented.SegmentedRaftLogWorker (SegmentedRaftLogWorker.java:startLogSegment(385)) - 99f3671e-a5bd-4bce-9769-e7f381d70426@group-54C250EC033E-SegmentedRaftLogWorker: Starting segment from index:0
2019-11-18 05:51:48,192 [grpc-default-executor-5] INFO  segmented.SegmentedRaftLogWorker (SegmentedRaftLogWorker.java:startLogSegment(385)) - 73222393-6937-40ee-87c7-cf133c1aa5a8@group-54C250EC033E-SegmentedRaftLogWorker: Starting segment from index:0
2019-11-18 05:51:48,245 [99f3671e-a5bd-4bce-9769-e7f381d70426@group-54C250EC033E-SegmentedRaftLogWorker] INFO  segmented.SegmentedRaftLogWorker (SegmentedRaftLogWorker.java:execute(576)) - 99f3671e-a5bd-4bce-9769-e7f381d70426@group-54C250EC033E-SegmentedRaftLogWorker: created new log segment /workdir/hadoop-ozone/tools/target/test-dir/MiniOzoneClusterImpl-f3ff6bd3-b6c5-4d73-96b1-6ed289f634be/datanode-2/data/ratis/cee0332d-1d4e-4b18-9f59-54c250ec033e/current/log_inprogress_0
2019-11-18 05:51:48,245 [73222393-6937-40ee-87c7-cf133c1aa5a8@group-54C250EC033E-SegmentedRaftLogWorker] INFO  segmented.SegmentedRaftLogWorker (SegmentedRaftLogWorker.java:execute(576)) - 73222393-6937-40ee-87c7-cf133c1aa5a8@group-54C250EC033E-SegmentedRaftLogWorker: created new log segment /workdir/hadoop-ozone/tools/target/test-dir/MiniOzoneClusterImpl-f3ff6bd3-b6c5-4d73-96b1-6ed289f634be/datanode-0/data/ratis/cee0332d-1d4e-4b18-9f59-54c250ec033e/current/log_inprogress_0
2019-11-18 05:51:49,108 [main] INFO  freon.RandomKeyGenerator (RandomKeyGenerator.java:call(283)) - Number of Threads: 10
2019-11-18 05:51:49,109 [main] INFO  freon.RandomKeyGenerator (RandomKeyGenerator.java:call(288)) - Number of Volumes: 1.
2019-11-18 05:51:49,110 [main] INFO  freon.RandomKeyGenerator (RandomKeyGenerator.java:call(289)) - Number of Buckets per Volume: 1.
2019-11-18 05:51:49,110 [main] INFO  freon.RandomKeyGenerator (RandomKeyGenerator.java:call(290)) - Number of Keys per Bucket: 1.
2019-11-18 05:51:49,110 [main] INFO  freon.RandomKeyGenerator (RandomKeyGenerator.java:call(291)) - Key size: 20971520 bytes
2019-11-18 05:51:49,110 [main] INFO  freon.RandomKeyGenerator (RandomKeyGenerator.java:call(292)) - Buffer size: 4096 bytes
2019-11-18 05:51:49,110 [main] INFO  freon.RandomKeyGenerator (RandomKeyGenerator.java:call(293)) - validateWrites : true
2019-11-18 05:51:49,114 [main] INFO  freon.RandomKeyGenerator (RandomKeyGenerator.java:call(307)) - Data validation is enabled.
2019-11-18 05:51:49,116 [main] INFO  freon.RandomKeyGenerator (RandomKeyGenerator.java:call(313)) - Starting progress bar Thread.

 0.00% |?                                                                                                    |  0/1 Time: 0:00:002019-11-18 05:51:49,144 [pool-53-thread-1] INFO  rpc.RpcClient (RpcClient.java:createVolume(292)) - Creating Volume: vol-0-15532, with jenkins1000 as owner.
2019-11-18 05:51:49,203 [IPC Server handler 0 on 40320] INFO  volume.OMVolumeCreateRequest (OMVolumeCreateRequest.java:validateAndUpdateCache(193)) - created volume:vol-0-15532 for user:jenkins1000
2019-11-18 05:51:49,256 [pool-53-thread-2] INFO  rpc.RpcClient (RpcClient.java:createBucket(431)) - Creating Bucket: vol-0-15532/bucket-0-37721, with Versioning false and Storage Type set to DISK and Encryption set to false 
2019-11-18 05:51:49,440 [pool-53-thread-3] INFO  impl.MetricsSystemImpl (MetricsSystemImpl.java:init(158)) - XceiverClientMetrics metrics system started (again)
 0.00% |?                                                                                                    |  0/1 Time: 0:00:012019-11-18 05:51:51,046 [Thread-217] INFO  container.ReplicationManager (ReplicationManager.java:start(162)) - Starting Replication Monitor Thread.
2019-11-18 05:51:51,048 [ReplicationMonitor] INFO  container.ReplicationManager (ReplicationManager.java:run(225)) - Replication Monitor Thread took 1 milliseconds for processing 3 containers.
 0.00% |?                                                                                                    |  0/1 Time: 0:00:02 100.00% |?????????????????????????????????????????????????????????????????????????????????????????????????????|  1/1 Time: 0:00:03
2019-11-18 05:51:57,104 [main] INFO  pipeline.SCMPipelineManager (SCMPipelineManager.java:finalizeAndDestroyPipeline(333)) - destroying pipeline:Pipeline[ Id: cee0332d-1d4e-4b18-9f59-54c250ec033e, Nodes: 99f3671e-a5bd-4bce-9769-e7f381d70426{ip: 192.168.69.69, host: pr-hdds-2520-jsqql-2308157731, networkLocation: /default-rack, certSerialId: null}80ad4dab-6fab-4925-b97d-cb689744343f{ip: 192.168.69.69, host: pr-hdds-2520-jsqql-2308157731, networkLocation: /default-rack, certSerialId: null}73222393-6937-40ee-87c7-cf133c1aa5a8{ip: 192.168.69.69, host: pr-hdds-2520-jsqql-2308157731, networkLocation: /default-rack, certSerialId: null}, Type:RATIS, Factor:THREE, State:OPEN]
2019-11-18 05:51:57,104 [main] INFO  pipeline.PipelineStateManager (PipelineStateManager.java:finalizePipeline(121)) - Pipeline Pipeline[ Id: cee0332d-1d4e-4b18-9f59-54c250ec033e, Nodes: 99f3671e-a5bd-4bce-9769-e7f381d70426{ip: 192.168.69.69, host: pr-hdds-2520-jsqql-2308157731, networkLocation: /default-rack, certSerialId: null}80ad4dab-6fab-4925-b97d-cb689744343f{ip: 192.168.69.69, host: pr-hdds-2520-jsqql-2308157731, networkLocation: /default-rack, certSerialId: null}73222393-6937-40ee-87c7-cf133c1aa5a8{ip: 192.168.69.69, host: pr-hdds-2520-jsqql-2308157731, networkLocation: /default-rack, certSerialId: null}, Type:RATIS, Factor:THREE, State:CLOSED] moved to CLOSED state
2019-11-18 05:51:57,105 [EventQueue-CloseContainerForCloseContainerEventHandler] INFO  container.CloseContainerEventHandler (CloseContainerEventHandler.java:onMessage(61)) - Close container Event triggered for container : #1
2019-11-18 05:51:57,107 [main] INFO  pipeline.RatisPipelineProvider (RatisPipelineProvider.java:lambda$close$5(207)) - Send pipeline:PipelineID=cee0332d-1d4e-4b18-9f59-54c250ec033e close command to datanode 99f3671e-a5bd-4bce-9769-e7f381d70426
2019-11-18 05:51:57,108 [main] INFO  pipeline.RatisPipelineProvider (RatisPipelineProvider.java:lambda$close$5(207)) - Send pipeline:PipelineID=cee0332d-1d4e-4b18-9f59-54c250ec033e close command to datanode 80ad4dab-6fab-4925-b97d-cb689744343f
2019-11-18 05:51:57,108 [EventQueue-CloseContainerForCloseContainerEventHandler] INFO  container.CloseContainerEventHandler (CloseContainerEventHandler.java:onMessage(61)) - Close container Event triggered for container : #2
2019-11-18 05:51:57,108 [main] INFO  pipeline.RatisPipelineProvider (RatisPipelineProvider.java:lambda$close$5(207)) - Send pipeline:PipelineID=cee0332d-1d4e-4b18-9f59-54c250ec033e close command to datanode 73222393-6937-40ee-87c7-cf133c1aa5a8
2019-11-18 05:51:57,109 [EventQueue-CloseContainerForCloseContainerEventHandler] INFO  container.CloseContainerEventHandler (CloseContainerEventHandler.java:onMessage(61)) - Close container Event triggered for container : #3
2019-11-18 05:51:57,109 [main] INFO  pipeline.PipelineStateManager (PipelineStateManager.java:removePipeline(106)) - Pipeline Pipeline[ Id: cee0332d-1d4e-4b18-9f59-54c250ec033e, Nodes: 99f3671e-a5bd-4bce-9769-e7f381d70426{ip: 192.168.69.69, host: pr-hdds-2520-jsqql-2308157731, networkLocation: /default-rack, certSerialId: null}80ad4dab-6fab-4925-b97d-cb689744343f{ip: 192.168.69.69, host: pr-hdds-2520-jsqql-2308157731, networkLocation: /default-rack, certSerialId: null}73222393-6937-40ee-87c7-cf133c1aa5a8{ip: 192.168.69.69, host: pr-hdds-2520-jsqql-2308157731, networkLocation: /default-rack, certSerialId: null}, Type:RATIS, Factor:THREE, State:CLOSED] removed from db
2019-11-18 05:51:57,112 [EventQueue-CloseContainerForCloseContainerEventHandler] ERROR container.CloseContainerEventHandler (CloseContainerEventHandler.java:onMessage(89)) - Failed to close the container #3.
org.apache.hadoop.hdds.scm.pipeline.PipelineNotFoundException: PipelineID=cee0332d-1d4e-4b18-9f59-54c250ec033e not found
	at org.apache.hadoop.hdds.scm.pipeline.PipelineStateMap.removeContainerFromPipeline(PipelineStateMap.java:351)
	at org.apache.hadoop.hdds.scm.pipeline.PipelineStateManager.removeContainerFromPipeline(PipelineStateManager.java:112)
	at org.apache.hadoop.hdds.scm.pipeline.SCMPipelineManager.removeContainerFromPipeline(SCMPipelineManager.java:286)
	at org.apache.hadoop.hdds.scm.container.SCMContainerManager.updateContainerState(SCMContainerManager.java:331)
	at org.apache.hadoop.hdds.scm.container.CloseContainerEventHandler.onMessage(CloseContainerEventHandler.java:66)
	at org.apache.hadoop.hdds.scm.container.CloseContainerEventHandler.onMessage(CloseContainerEventHandler.java:45)
	at org.apache.hadoop.hdds.server.events.SingleThreadExecutor.lambda$onMessage$1(SingleThreadExecutor.java:85)
	at java.util.concurrent.ThreadPoolExecutor.runWorker(ThreadPoolExecutor.java:1149)
	at java.util.concurrent.ThreadPoolExecutor$Worker.run(ThreadPoolExecutor.java:624)
	at java.lang.Thread.run(Thread.java:748)
2019-11-18 05:51:57,113 [RatisPipelineUtilsThread] INFO  pipeline.RatisPipelineProvider (RatisPipelineProvider.java:lambda$create$4(163)) - Send pipeline:PipelineID=88f8eeb9-444d-41ba-8c0c-64d3b71e87a9 create command to datanode 99f3671e-a5bd-4bce-9769-e7f381d70426
2019-11-18 05:51:57,116 [RatisPipelineUtilsThread] INFO  pipeline.RatisPipelineProvider (RatisPipelineProvider.java:lambda$create$4(163)) - Send pipeline:PipelineID=88f8eeb9-444d-41ba-8c0c-64d3b71e87a9 create command to datanode 80ad4dab-6fab-4925-b97d-cb689744343f
2019-11-18 05:51:57,116 [RatisPipelineUtilsThread] INFO  pipeline.RatisPipelineProvider (RatisPipelineProvider.java:lambda$create$4(163)) - Send pipeline:PipelineID=88f8eeb9-444d-41ba-8c0c-64d3b71e87a9 create command to datanode 73222393-6937-40ee-87c7-cf133c1aa5a8
2019-11-18 05:51:57,117 [RatisPipelineUtilsThread] INFO  pipeline.PipelineStateManager (PipelineStateManager.java:addPipeline(55)) - Created pipeline Pipeline[ Id: 88f8eeb9-444d-41ba-8c0c-64d3b71e87a9, Nodes: 99f3671e-a5bd-4bce-9769-e7f381d70426{ip: 192.168.69.69, host: pr-hdds-2520-jsqql-2308157731, networkLocation: /default-rack, certSerialId: null}80ad4dab-6fab-4925-b97d-cb689744343f{ip: 192.168.69.69, host: pr-hdds-2520-jsqql-2308157731, networkLocation: /default-rack, certSerialId: null}73222393-6937-40ee-87c7-cf133c1aa5a8{ip: 192.168.69.69, host: pr-hdds-2520-jsqql-2308157731, networkLocation: /default-rack, certSerialId: null}, Type:RATIS, Factor:THREE, State:ALLOCATED]
2019-11-18 05:51:57,222 [main] INFO  freon.RandomKeyGenerator (RandomKeyGenerator.java:call(283)) - Number of Threads: 10
2019-11-18 05:51:57,223 [main] INFO  freon.RandomKeyGenerator (RandomKeyGenerator.java:call(288)) - Number of Volumes: 1.
2019-11-18 05:51:57,223 [main] INFO  freon.RandomKeyGenerator (RandomKeyGenerator.java:call(289)) - Number of Buckets per Volume: 1.
2019-11-18 05:51:57,223 [main] INFO  freon.RandomKeyGenerator (RandomKeyGenerator.java:call(290)) - Number of Keys per Bucket: 1.
2019-11-18 05:51:57,223 [main] INFO  freon.RandomKeyGenerator (RandomKeyGenerator.java:call(291)) - Key size: 20971520 bytes
2019-11-18 05:51:57,223 [main] INFO  freon.RandomKeyGenerator (RandomKeyGenerator.java:call(292)) - Buffer size: 4096 bytes
2019-11-18 05:51:57,223 [main] INFO  freon.RandomKeyGenerator (RandomKeyGenerator.java:call(293)) - validateWrites : true
2019-11-18 05:51:57,224 [main] INFO  freon.RandomKeyGenerator (RandomKeyGenerator.java:call(307)) - Data validation is enabled.
2019-11-18 05:51:57,225 [pool-59-thread-1] INFO  rpc.RpcClient (RpcClient.java:createVolume(292)) - Creating Volume: vol-0-96096, with jenkins1000 as owner.
2019-11-18 05:51:57,225 [main] INFO  freon.RandomKeyGenerator (RandomKeyGenerator.java:call(313)) - Starting progress bar Thread.

 0.00% |?                                                                                                    |  0/1 Time: 0:00:002019-11-18 05:51:57,229 [IPC Server handler 3 on 40320] INFO  volume.OMVolumeCreateRequest (OMVolumeCreateRequest.java:validateAndUpdateCache(193)) - created volume:vol-0-96096 for user:jenkins1000
2019-11-18 05:51:57,261 [pool-59-thread-2] INFO  rpc.RpcClient (RpcClient.java:createBucket(431)) - Creating Bucket: vol-0-96096/bucket-0-56697, with Versioning false and Storage Type set to DISK and Encryption set to false 
2019-11-18 05:51:57,290 [IPC Server handler 19 on 41998] WARN  block.BlockManagerImpl (BlockManagerImpl.java:allocateBlock(203)) - Pipeline creation failed for type:RATIS factor:THREE. Retrying get pipelines call once.
org.apache.hadoop.hdds.scm.pipeline.InsufficientDatanodesException: Cannot create pipeline of factor 3 using 0 nodes.
	at org.apache.hadoop.hdds.scm.pipeline.RatisPipelineProvider.create(RatisPipelineProvider.java:144)
	at org.apache.hadoop.hdds.scm.pipeline.PipelineFactory.create(PipelineFactory.java:60)
	at org.apache.hadoop.hdds.scm.pipeline.SCMPipelineManager.createPipeline(SCMPipelineManager.java:159)
	at org.apache.hadoop.hdds.scm.block.BlockManagerImpl.allocateBlock(BlockManagerImpl.java:199)
	at org.apache.hadoop.hdds.scm.server.SCMBlockProtocolServer.allocateBlock(SCMBlockProtocolServer.java:187)
	at org.apache.hadoop.hdds.scm.protocol.ScmBlockLocationProtocolServerSideTranslatorPB.allocateScmBlock(ScmBlockLocationProtocolServerSideTranslatorPB.java:159)
	at org.apache.hadoop.hdds.scm.protocol.ScmBlockLocationProtocolServerSideTranslatorPB.processMessage(ScmBlockLocationProtocolServerSideTranslatorPB.java:117)
	at org.apache.hadoop.hdds.server.OzoneProtocolMessageDispatcher.processRequest(OzoneProtocolMessageDispatcher.java:72)
	at org.apache.hadoop.hdds.scm.protocol.ScmBlockLocationProtocolServerSideTranslatorPB.send(ScmBlockLocationProtocolServerSideTranslatorPB.java:98)
	at org.apache.hadoop.hdds.protocol.proto.ScmBlockLocationProtocolProtos$ScmBlockLocationProtocolService$2.callBlockingMethod(ScmBlockLocationProtocolProtos.java:13157)
	at org.apache.hadoop.ipc.ProtobufRpcEngine$Server$ProtoBufRpcInvoker.call(ProtobufRpcEngine.java:524)
	at org.apache.hadoop.ipc.RPC$Server.call(RPC.java:1025)
	at org.apache.hadoop.ipc.Server$RpcCall.run(Server.java:876)
	at org.apache.hadoop.ipc.Server$RpcCall.run(Server.java:822)
	at java.security.AccessController.doPrivileged(Native Method)
	at javax.security.auth.Subject.doAs(Subject.java:422)
	at org.apache.hadoop.security.UserGroupInformation.doAs(UserGroupInformation.java:1730)
	at org.apache.hadoop.ipc.Server$Handler.run(Server.java:2682)
2019-11-18 05:51:57,290 [IPC Server handler 19 on 41998] INFO  block.BlockManagerImpl (BlockManagerImpl.java:allocateBlock(215)) - Could not find available pipeline of type:RATIS and factor:THREE even after retrying
2019-11-18 05:51:57,291 [IPC Server handler 19 on 41998] ERROR block.BlockManagerImpl (BlockManagerImpl.java:allocateBlock(239)) - Unable to allocate a block for the size: 4194304, type: RATIS, factor: THREE
2019-11-18 05:51:57,292 [IPC Server handler 19 on 41998] WARN  block.BlockManagerImpl (BlockManagerImpl.java:allocateBlock(203)) - Pipeline creation failed for type:RATIS factor:THREE. Retrying get pipelines call once.
org.apache.hadoop.hdds.scm.pipeline.InsufficientDatanodesException: Cannot create pipeline of factor 3 using 0 nodes.
	at org.apache.hadoop.hdds.scm.pipeline.RatisPipelineProvider.create(RatisPipelineProvider.java:144)
	at org.apache.hadoop.hdds.scm.pipeline.PipelineFactory.create(PipelineFactory.java:60)
	at org.apache.hadoop.hdds.scm.pipeline.SCMPipelineManager.createPipeline(SCMPipelineManager.java:159)
	at org.apache.hadoop.hdds.scm.block.BlockManagerImpl.allocateBlock(BlockManagerImpl.java:199)
	at org.apache.hadoop.hdds.scm.server.SCMBlockProtocolServer.allocateBlock(SCMBlockProtocolServer.java:187)
	at org.apache.hadoop.hdds.scm.protocol.ScmBlockLocationProtocolServerSideTranslatorPB.allocateScmBlock(ScmBlockLocationProtocolServerSideTranslatorPB.java:159)
	at org.apache.hadoop.hdds.scm.protocol.ScmBlockLocationProtocolServerSideTranslatorPB.processMessage(ScmBlockLocationProtocolServerSideTranslatorPB.java:117)
	at org.apache.hadoop.hdds.server.OzoneProtocolMessageDispatcher.processRequest(OzoneProtocolMessageDispatcher.java:72)
	at org.apache.hadoop.hdds.scm.protocol.ScmBlockLocationProtocolServerSideTranslatorPB.send(ScmBlockLocationProtocolServerSideTranslatorPB.java:98)
	at org.apache.hadoop.hdds.protocol.proto.ScmBlockLocationProtocolProtos$ScmBlockLocationProtocolService$2.callBlockingMethod(ScmBlockLocationProtocolProtos.java:13157)
	at org.apache.hadoop.ipc.ProtobufRpcEngine$Server$ProtoBufRpcInvoker.call(ProtobufRpcEngine.java:524)
	at org.apache.hadoop.ipc.RPC$Server.call(RPC.java:1025)
	at org.apache.hadoop.ipc.Server$RpcCall.run(Server.java:876)
	at org.apache.hadoop.ipc.Server$RpcCall.run(Server.java:822)
	at java.security.AccessController.doPrivileged(Native Method)
	at javax.security.auth.Subject.doAs(Subject.java:422)
	at org.apache.hadoop.security.UserGroupInformation.doAs(UserGroupInformation.java:1730)
	at org.apache.hadoop.ipc.Server$Handler.run(Server.java:2682)
2019-11-18 05:51:57,293 [IPC Server handler 19 on 41998] INFO  block.BlockManagerImpl (BlockManagerImpl.java:allocateBlock(215)) - Could not find available pipeline of type:RATIS and factor:THREE even after retrying
2019-11-18 05:51:57,293 [IPC Server handler 19 on 41998] ERROR block.BlockManagerImpl (BlockManagerImpl.java:allocateBlock(239)) - Unable to allocate a block for the size: 4194304, type: RATIS, factor: THREE
2019-11-18 05:51:57,294 [IPC Server handler 19 on 41998] WARN  block.BlockManagerImpl (BlockManagerImpl.java:allocateBlock(203)) - Pipeline creation failed for type:RATIS factor:THREE. Retrying get pipelines call once.
org.apache.hadoop.hdds.scm.pipeline.InsufficientDatanodesException: Cannot create pipeline of factor 3 using 0 nodes.
	at org.apache.hadoop.hdds.scm.pipeline.RatisPipelineProvider.create(RatisPipelineProvider.java:144)
	at org.apache.hadoop.hdds.scm.pipeline.PipelineFactory.create(PipelineFactory.java:60)
	at org.apache.hadoop.hdds.scm.pipeline.SCMPipelineManager.createPipeline(SCMPipelineManager.java:159)
	at org.apache.hadoop.hdds.scm.block.BlockManagerImpl.allocateBlock(BlockManagerImpl.java:199)
	at org.apache.hadoop.hdds.scm.server.SCMBlockProtocolServer.allocateBlock(SCMBlockProtocolServer.java:187)
	at org.apache.hadoop.hdds.scm.protocol.ScmBlockLocationProtocolServerSideTranslatorPB.allocateScmBlock(ScmBlockLocationProtocolServerSideTranslatorPB.java:159)
	at org.apache.hadoop.hdds.scm.protocol.ScmBlockLocationProtocolServerSideTranslatorPB.processMessage(ScmBlockLocationProtocolServerSideTranslatorPB.java:117)
	at org.apache.hadoop.hdds.server.OzoneProtocolMessageDispatcher.processRequest(OzoneProtocolMessageDispatcher.java:72)
	at org.apache.hadoop.hdds.scm.protocol.ScmBlockLocationProtocolServerSideTranslatorPB.send(ScmBlockLocationProtocolServerSideTranslatorPB.java:98)
	at org.apache.hadoop.hdds.protocol.proto.ScmBlockLocationProtocolProtos$ScmBlockLocationProtocolService$2.callBlockingMethod(ScmBlockLocationProtocolProtos.java:13157)
	at org.apache.hadoop.ipc.ProtobufRpcEngine$Server$ProtoBufRpcInvoker.call(ProtobufRpcEngine.java:524)
	at org.apache.hadoop.ipc.RPC$Server.call(RPC.java:1025)
	at org.apache.hadoop.ipc.Server$RpcCall.run(Server.java:876)
	at org.apache.hadoop.ipc.Server$RpcCall.run(Server.java:822)
	at java.security.AccessController.doPrivileged(Native Method)
	at javax.security.auth.Subject.doAs(Subject.java:422)
	at org.apache.hadoop.security.UserGroupInformation.doAs(UserGroupInformation.java:1730)
	at org.apache.hadoop.ipc.Server$Handler.run(Server.java:2682)
2019-11-18 05:51:57,295 [IPC Server handler 19 on 41998] INFO  block.BlockManagerImpl (BlockManagerImpl.java:allocateBlock(215)) - Could not find available pipeline of type:RATIS and factor:THREE even after retrying
2019-11-18 05:51:57,295 [IPC Server handler 19 on 41998] ERROR block.BlockManagerImpl (BlockManagerImpl.java:allocateBlock(239)) - Unable to allocate a block for the size: 4194304, type: RATIS, factor: THREE
2019-11-18 05:51:57,297 [IPC Server handler 19 on 41998] WARN  block.BlockManagerImpl (BlockManagerImpl.java:allocateBlock(203)) - Pipeline creation failed for type:RATIS factor:THREE. Retrying get pipelines call once.
org.apache.hadoop.hdds.scm.pipeline.InsufficientDatanodesException: Cannot create pipeline of factor 3 using 0 nodes.
	at org.apache.hadoop.hdds.scm.pipeline.RatisPipelineProvider.create(RatisPipelineProvider.java:144)
	at org.apache.hadoop.hdds.scm.pipeline.PipelineFactory.create(PipelineFactory.java:60)
	at org.apache.hadoop.hdds.scm.pipeline.SCMPipelineManager.createPipeline(SCMPipelineManager.java:159)
	at org.apache.hadoop.hdds.scm.block.BlockManagerImpl.allocateBlock(BlockManagerImpl.java:199)
	at org.apache.hadoop.hdds.scm.server.SCMBlockProtocolServer.allocateBlock(SCMBlockProtocolServer.java:187)
	at org.apache.hadoop.hdds.scm.protocol.ScmBlockLocationProtocolServerSideTranslatorPB.allocateScmBlock(ScmBlockLocationProtocolServerSideTranslatorPB.java:159)
	at org.apache.hadoop.hdds.scm.protocol.ScmBlockLocationProtocolServerSideTranslatorPB.processMessage(ScmBlockLocationProtocolServerSideTranslatorPB.java:117)
	at org.apache.hadoop.hdds.server.OzoneProtocolMessageDispatcher.processRequest(OzoneProtocolMessageDispatcher.java:72)
	at org.apache.hadoop.hdds.scm.protocol.ScmBlockLocationProtocolServerSideTranslatorPB.send(ScmBlockLocationProtocolServerSideTranslatorPB.java:98)
	at org.apache.hadoop.hdds.protocol.proto.ScmBlockLocationProtocolProtos$ScmBlockLocationProtocolService$2.callBlockingMethod(ScmBlockLocationProtocolProtos.java:13157)
	at org.apache.hadoop.ipc.ProtobufRpcEngine$Server$ProtoBufRpcInvoker.call(ProtobufRpcEngine.java:524)
	at org.apache.hadoop.ipc.RPC$Server.call(RPC.java:1025)
	at org.apache.hadoop.ipc.Server$RpcCall.run(Server.java:876)
	at org.apache.hadoop.ipc.Server$RpcCall.run(Server.java:822)
	at java.security.AccessController.doPrivileged(Native Method)
	at javax.security.auth.Subject.doAs(Subject.java:422)
	at org.apache.hadoop.security.UserGroupInformation.doAs(UserGroupInformation.java:1730)
	at org.apache.hadoop.ipc.Server$Handler.run(Server.java:2682)
2019-11-18 05:51:57,297 [IPC Server handler 19 on 41998] INFO  block.BlockManagerImpl (BlockManagerImpl.java:allocateBlock(215)) - Could not find available pipeline of type:RATIS and factor:THREE even after retrying
2019-11-18 05:51:57,298 [IPC Server handler 19 on 41998] ERROR block.BlockManagerImpl (BlockManagerImpl.java:allocateBlock(239)) - Unable to allocate a block for the size: 4194304, type: RATIS, factor: THREE
2019-11-18 05:51:57,299 [IPC Server handler 19 on 41998] WARN  block.BlockManagerImpl (BlockManagerImpl.java:allocateBlock(203)) - Pipeline creation failed for type:RATIS factor:THREE. Retrying get pipelines call once.
org.apache.hadoop.hdds.scm.pipeline.InsufficientDatanodesException: Cannot create pipeline of factor 3 using 0 nodes.
	at org.apache.hadoop.hdds.scm.pipeline.RatisPipelineProvider.create(RatisPipelineProvider.java:144)
	at org.apache.hadoop.hdds.scm.pipeline.PipelineFactory.create(PipelineFactory.java:60)
	at org.apache.hadoop.hdds.scm.pipeline.SCMPipelineManager.createPipeline(SCMPipelineManager.java:159)
	at org.apache.hadoop.hdds.scm.block.BlockManagerImpl.allocateBlock(BlockManagerImpl.java:199)
	at org.apache.hadoop.hdds.scm.server.SCMBlockProtocolServer.allocateBlock(SCMBlockProtocolServer.java:187)
	at org.apache.hadoop.hdds.scm.protocol.ScmBlockLocationProtocolServerSideTranslatorPB.allocateScmBlock(ScmBlockLocationProtocolServerSideTranslatorPB.java:159)
	at org.apache.hadoop.hdds.scm.protocol.ScmBlockLocationProtocolServerSideTranslatorPB.processMessage(ScmBlockLocationProtocolServerSideTranslatorPB.java:117)
	at org.apache.hadoop.hdds.server.OzoneProtocolMessageDispatcher.processRequest(OzoneProtocolMessageDispatcher.java:72)
	at org.apache.hadoop.hdds.scm.protocol.ScmBlockLocationProtocolServerSideTranslatorPB.send(ScmBlockLocationProtocolServerSideTranslatorPB.java:98)
	at org.apache.hadoop.hdds.protocol.proto.ScmBlockLocationProtocolProtos$ScmBlockLocationProtocolService$2.callBlockingMethod(ScmBlockLocationProtocolProtos.java:13157)
	at org.apache.hadoop.ipc.ProtobufRpcEngine$Server$ProtoBufRpcInvoker.call(ProtobufRpcEngine.java:524)
	at org.apache.hadoop.ipc.RPC$Server.call(RPC.java:1025)
	at org.apache.hadoop.ipc.Server$RpcCall.run(Server.java:876)
	at org.apache.hadoop.ipc.Server$RpcCall.run(Server.java:822)
	at java.security.AccessController.doPrivileged(Native Method)
	at javax.security.auth.Subject.doAs(Subject.java:422)
	at org.apache.hadoop.security.UserGroupInformation.doAs(UserGroupInformation.java:1730)
	at org.apache.hadoop.ipc.Server$Handler.run(Server.java:2682)
2019-11-18 05:51:57,300 [IPC Server handler 19 on 41998] INFO  block.BlockManagerImpl (BlockManagerImpl.java:allocateBlock(215)) - Could not find available pipeline of type:RATIS and factor:THREE even after retrying
2019-11-18 05:51:57,300 [IPC Server handler 19 on 41998] ERROR block.BlockManagerImpl (BlockManagerImpl.java:allocateBlock(239)) - Unable to allocate a block for the size: 4194304, type: RATIS, factor: THREE
2019-11-18 05:51:57,304 [pool-59-thread-5] ERROR freon.RandomKeyGenerator (RandomKeyGenerator.java:createKey(735)) - Exception while adding key: key-0-84517 in bucket: bucket-0-56697 of volume: vol-0-96096.
INTERNAL_ERROR org.apache.hadoop.ozone.om.exceptions.OMException: Allocated 0 blocks. Requested 5 blocks
	at org.apache.hadoop.ozone.om.protocolPB.OzoneManagerProtocolClientSideTranslatorPB.handleError(OzoneManagerProtocolClientSideTranslatorPB.java:761)
	at org.apache.hadoop.ozone.om.protocolPB.OzoneManagerProtocolClientSideTranslatorPB.openKey(OzoneManagerProtocolClientSideTranslatorPB.java:752)
	at sun.reflect.NativeMethodAccessorImpl.invoke0(Native Method)
	at sun.reflect.NativeMethodAccessorImpl.invoke(NativeMethodAccessorImpl.java:62)
	at sun.reflect.DelegatingMethodAccessorImpl.invoke(DelegatingMethodAccessorImpl.java:43)
	at java.lang.reflect.Method.invoke(Method.java:498)
	at org.apache.hadoop.hdds.tracing.TraceAllMethod.invoke(TraceAllMethod.java:66)
	at com.sun.proxy.$Proxy37.openKey(Unknown Source)
	at org.apache.hadoop.ozone.client.rpc.RpcClient.createKey(RpcClient.java:633)
	at org.apache.hadoop.ozone.client.OzoneBucket.createKey(OzoneBucket.java:325)
	at org.apache.hadoop.ozone.freon.RandomKeyGenerator.createKey(RandomKeyGenerator.java:697)
	at org.apache.hadoop.ozone.freon.RandomKeyGenerator.access$1100(RandomKeyGenerator.java:88)
	at org.apache.hadoop.ozone.freon.RandomKeyGenerator$ObjectCreator.run(RandomKeyGenerator.java:615)
	at java.util.concurrent.Executors$RunnableAdapter.call(Executors.java:511)
	at java.util.concurrent.FutureTask.run(FutureTask.java:266)
	at java.util.concurrent.ThreadPoolExecutor.runWorker(ThreadPoolExecutor.java:1149)
	at java.util.concurrent.ThreadPoolExecutor$Worker.run(ThreadPoolExecutor.java:624)
	at java.lang.Thread.run(Thread.java:748)
 0.00% |?                                                                                                    |  0/1 Time: 0:00:012019-11-18 05:51:58,758 [Command processor thread] INFO  impl.RaftServerProxy (RaftServerProxy.java:remove(95)) - 99f3671e-a5bd-4bce-9769-e7f381d70426: remove  FOLLOWER 99f3671e-a5bd-4bce-9769-e7f381d70426@group-54C250EC033E:t2, leader=80ad4dab-6fab-4925-b97d-cb689744343f, voted=80ad4dab-6fab-4925-b97d-cb689744343f, raftlog=99f3671e-a5bd-4bce-9769-e7f381d70426@group-54C250EC033E-SegmentedRaftLog:OPENED:c72,f72,i72, conf=0: [73222393-6937-40ee-87c7-cf133c1aa5a8:192.168.69.69:44443, 80ad4dab-6fab-4925-b97d-cb689744343f:192.168.69.69:35709, 99f3671e-a5bd-4bce-9769-e7f381d70426:192.168.69.69:46664], old=null RUNNING
2019-11-18 05:51:58,761 [Command processor thread] INFO  impl.RaftServerImpl (RaftServerImpl.java:lambda$shutdown$3(250)) - 99f3671e-a5bd-4bce-9769-e7f381d70426@group-54C250EC033E: shutdown
2019-11-18 05:51:58,761 [Command processor thread] INFO  util.JmxRegister (JmxRegister.java:unregister(73)) - Successfully un-registered JMX Bean with object name Ratis:service=RaftServer,group=group-54C250EC033E,id=99f3671e-a5bd-4bce-9769-e7f381d70426
2019-11-18 05:51:58,761 [Command processor thread] INFO  impl.RoleInfo (RoleInfo.java:shutdownFollowerState(121)) - 99f3671e-a5bd-4bce-9769-e7f381d70426: shutdown FollowerState
2019-11-18 05:51:58,762 [Command processor thread] INFO  impl.StateMachineUpdater (StateMachineUpdater.java:stopAndJoin(136)) - 99f3671e-a5bd-4bce-9769-e7f381d70426@group-54C250EC033E-StateMachineUpdater: set stopIndex = 72
2019-11-18 05:51:58,762 [Thread-213] INFO  impl.FollowerState (FollowerState.java:run(120)) - 99f3671e-a5bd-4bce-9769-e7f381d70426@group-54C250EC033E-FollowerState was interrupted: java.lang.InterruptedException: sleep interrupted
2019-11-18 05:51:58,763 [99f3671e-a5bd-4bce-9769-e7f381d70426@group-54C250EC033E-StateMachineUpdater] INFO  ratis.ContainerStateMachine (ContainerStateMachine.java:takeSnapshot(285)) - group-54C250EC033E: Taking a snapshot at:(t:2, i:70) file /workdir/hadoop-ozone/tools/target/test-dir/MiniOzoneClusterImpl-f3ff6bd3-b6c5-4d73-96b1-6ed289f634be/datanode-2/data/ratis/cee0332d-1d4e-4b18-9f59-54c250ec033e/sm/snapshot.2_70
2019-11-18 05:51:58,795 [99f3671e-a5bd-4bce-9769-e7f381d70426@group-54C250EC033E-StateMachineUpdater] INFO  ratis.ContainerStateMachine (ContainerStateMachine.java:takeSnapshot(296)) - group-54C250EC033E: Finished taking a snapshot at:(t:2, i:70) file:/workdir/hadoop-ozone/tools/target/test-dir/MiniOzoneClusterImpl-f3ff6bd3-b6c5-4d73-96b1-6ed289f634be/datanode-2/data/ratis/cee0332d-1d4e-4b18-9f59-54c250ec033e/sm/snapshot.2_70 time:33
2019-11-18 05:51:58,797 [99f3671e-a5bd-4bce-9769-e7f381d70426@group-54C250EC033E-StateMachineUpdater] INFO  impl.StateMachineUpdater (StateMachineUpdater.java:takeSnapshot(269)) - 99f3671e-a5bd-4bce-9769-e7f381d70426@group-54C250EC033E-StateMachineUpdater: Took a snapshot at index 70
2019-11-18 05:51:58,800 [99f3671e-a5bd-4bce-9769-e7f381d70426@group-54C250EC033E-StateMachineUpdater] INFO  impl.StateMachineUpdater (StateMachineUpdater.java:lambda$new$0(84)) - 99f3671e-a5bd-4bce-9769-e7f381d70426@group-54C250EC033E-StateMachineUpdater: snapshotIndex: updateIncreasingly -1 -> 70
2019-11-18 05:51:58,805 [99f3671e-a5bd-4bce-9769-e7f381d70426@group-54C250EC033E-StateMachineUpdater] INFO  ratis.ContainerStateMachine (ContainerStateMachine.java:takeSnapshot(285)) - group-54C250EC033E: Taking a snapshot at:(t:2, i:70) file /workdir/hadoop-ozone/tools/target/test-dir/MiniOzoneClusterImpl-f3ff6bd3-b6c5-4d73-96b1-6ed289f634be/datanode-2/data/ratis/cee0332d-1d4e-4b18-9f59-54c250ec033e/sm/snapshot.2_70
2019-11-18 05:51:58,825 [99f3671e-a5bd-4bce-9769-e7f381d70426@group-54C250EC033E-StateMachineUpdater] INFO  ratis.ContainerStateMachine (ContainerStateMachine.java:takeSnapshot(296)) - group-54C250EC033E: Finished taking a snapshot at:(t:2, i:70) file:/workdir/hadoop-ozone/tools/target/test-dir/MiniOzoneClusterImpl-f3ff6bd3-b6c5-4d73-96b1-6ed289f634be/datanode-2/data/ratis/cee0332d-1d4e-4b18-9f59-54c250ec033e/sm/snapshot.2_70 time:21
2019-11-18 05:51:58,826 [99f3671e-a5bd-4bce-9769-e7f381d70426@group-54C250EC033E-StateMachineUpdater] INFO  impl.StateMachineUpdater (StateMachineUpdater.java:takeSnapshot(269)) - 99f3671e-a5bd-4bce-9769-e7f381d70426@group-54C250EC033E-StateMachineUpdater: Took a snapshot at index 70
2019-11-18 05:51:58,826 [99f3671e-a5bd-4bce-9769-e7f381d70426@group-54C250EC033E-StateMachineUpdater] INFO  impl.StateMachineUpdater (StateMachineUpdater.java:lambda$new$0(84)) - 99f3671e-a5bd-4bce-9769-e7f381d70426@group-54C250EC033E-StateMachineUpdater: snapshotIndex: updateIncreasingly 70 -> 70
2019-11-18 05:51:58,827 [Command processor thread] INFO  impl.RaftServerImpl (ServerState.java:close(387)) - 99f3671e-a5bd-4bce-9769-e7f381d70426@group-54C250EC033E: closes. applyIndex: 72
2019-11-18 05:51:58,830 [99f3671e-a5bd-4bce-9769-e7f381d70426@group-54C250EC033E-SegmentedRaftLogWorker] INFO  segmented.SegmentedRaftLogWorker (SegmentedRaftLogWorker.java:run(316)) - 99f3671e-a5bd-4bce-9769-e7f381d70426@group-54C250EC033E-SegmentedRaftLogWorker was interrupted, exiting. There are 0 tasks remaining in the queue.
2019-11-18 05:51:58,832 [Command processor thread] INFO  segmented.SegmentedRaftLogWorker (SegmentedRaftLogWorker.java:close(224)) - 99f3671e-a5bd-4bce-9769-e7f381d70426@group-54C250EC033E-SegmentedRaftLogWorker close()
2019-11-18 05:51:58,853 [Command processor thread] INFO  interfaces.Container (KeyValueContainer.java:flushAndSyncDB(400)) - Container 1 is synced with bcsId 54.
2019-11-18 05:51:58,853 [Command processor thread] INFO  interfaces.Container (KeyValueContainer.java:flushAndSyncDB(400)) - Container 1 is synced with bcsId 54.
2019-11-18 05:51:58,871 [EventQueue-IncrementalContainerReportForIncrementalContainerReportHandler] INFO  container.IncrementalContainerReportHandler (AbstractContainerReportHandler.java:updateContainerState(171)) - Moving container #1 to QUASI_CLOSED state, datanode 99f3671e-a5bd-4bce-9769-e7f381d70426{ip: 192.168.69.69, host: pr-hdds-2520-jsqql-2308157731, networkLocation: /default-rack, certSerialId: null} reported QUASI_CLOSED replica.
2019-11-18 05:51:58,899 [Command processor thread] INFO  interfaces.Container (KeyValueContainer.java:flushAndSyncDB(400)) - Container 2 is synced with bcsId 70.
2019-11-18 05:51:58,899 [Command processor thread] INFO  interfaces.Container (KeyValueContainer.java:flushAndSyncDB(400)) - Container 2 is synced with bcsId 70.
2019-11-18 05:51:58,916 [EventQueue-IncrementalContainerReportForIncrementalContainerReportHandler] INFO  container.IncrementalContainerReportHandler (AbstractContainerReportHandler.java:updateContainerState(171)) - Moving container #2 to QUASI_CLOSED state, datanode 99f3671e-a5bd-4bce-9769-e7f381d70426{ip: 192.168.69.69, host: pr-hdds-2520-jsqql-2308157731, networkLocation: /default-rack, certSerialId: null} reported QUASI_CLOSED replica.
2019-11-18 05:51:58,941 [Command processor thread] INFO  interfaces.Container (KeyValueContainer.java:flushAndSyncDB(400)) - Container 3 is synced with bcsId 36.
2019-11-18 05:51:58,941 [Command processor thread] INFO  interfaces.Container (KeyValueContainer.java:flushAndSyncDB(400)) - Container 3 is synced with bcsId 36.
2019-11-18 05:51:58,956 [Command processor thread] INFO  commandhandler.ClosePipelineCommandHandler (ClosePipelineCommandHandler.java:handle(78)) - Close Pipeline #id: "cee0332d-1d4e-4b18-9f59-54c250ec033e"
 command on datanode #99f3671e-a5bd-4bce-9769-e7f381d70426.
2019-11-18 05:51:58,957 [Command processor thread] INFO  impl.RaftServerProxy (RaftServerProxy.java:addNew(89)) - 99f3671e-a5bd-4bce-9769-e7f381d70426: addNew group-64D3B71E87A9:[73222393-6937-40ee-87c7-cf133c1aa5a8:192.168.69.69:44443, 80ad4dab-6fab-4925-b97d-cb689744343f:192.168.69.69:35709, 99f3671e-a5bd-4bce-9769-e7f381d70426:192.168.69.69:46664] returns group-64D3B71E87A9:java.util.concurrent.CompletableFuture@668a7416[Not completed]
2019-11-18 05:51:58,958 [EventQueue-IncrementalContainerReportForIncrementalContainerReportHandler] INFO  container.IncrementalContainerReportHandler (AbstractContainerReportHandler.java:updateContainerState(171)) - Moving container #3 to QUASI_CLOSED state, datanode 99f3671e-a5bd-4bce-9769-e7f381d70426{ip: 192.168.69.69, host: pr-hdds-2520-jsqql-2308157731, networkLocation: /default-rack, certSerialId: null} reported QUASI_CLOSED replica.
2019-11-18 05:51:58,960 [pool-47-thread-1] INFO  impl.RaftServerImpl (RaftServerImpl.java:<init>(98)) - 99f3671e-a5bd-4bce-9769-e7f381d70426: new RaftServerImpl for group-64D3B71E87A9:[73222393-6937-40ee-87c7-cf133c1aa5a8:192.168.69.69:44443, 80ad4dab-6fab-4925-b97d-cb689744343f:192.168.69.69:35709, 99f3671e-a5bd-4bce-9769-e7f381d70426:192.168.69.69:46664] with ContainerStateMachine:uninitialized
2019-11-18 05:51:58,960 [pool-47-thread-1] INFO  server.RaftServerConfigKeys (ConfUtils.java:logGet(43)) - raft.server.rpc.timeout.min = 5s (custom)
2019-11-18 05:51:58,961 [pool-47-thread-1] INFO  server.RaftServerConfigKeys (ConfUtils.java:logGet(43)) - raft.server.rpc.timeout.max = 5200ms (custom)
2019-11-18 05:51:58,961 [pool-47-thread-1] INFO  server.RaftServerConfigKeys (ConfUtils.java:logGet(43)) - raft.server.rpcslowness.timeout = 120s (custom)
2019-11-18 05:51:58,961 [pool-47-thread-1] INFO  server.RaftServerConfigKeys (ConfUtils.java:logGet(43)) - raft.server.sleep.deviation.threshold = 300 (default)
2019-11-18 05:51:58,961 [pool-47-thread-1] INFO  server.RaftServerConfigKeys (ConfUtils.java:logGet(43)) - raft.server.log.appender.install.snapshot.enabled = false (custom)
2019-11-18 05:51:58,961 [pool-47-thread-1] INFO  impl.RaftServerImpl (ServerState.java:<init>(103)) - 99f3671e-a5bd-4bce-9769-e7f381d70426@group-64D3B71E87A9: ConfigurationManager, init=-1: [73222393-6937-40ee-87c7-cf133c1aa5a8:192.168.69.69:44443, 80ad4dab-6fab-4925-b97d-cb689744343f:192.168.69.69:35709, 99f3671e-a5bd-4bce-9769-e7f381d70426:192.168.69.69:46664], old=null, confs=<EMPTY_MAP>
2019-11-18 05:51:58,962 [pool-47-thread-1] INFO  server.RaftServerConfigKeys (ConfUtils.java:logGet(43)) - raft.server.storage.dir = [/workdir/hadoop-ozone/tools/target/test-dir/MiniOzoneClusterImpl-f3ff6bd3-b6c5-4d73-96b1-6ed289f634be/datanode-2/data/ratis] (custom)
2019-11-18 05:51:58,962 [pool-47-thread-1] INFO  server.RaftServerConfigKeys (ConfUtils.java:logGet(43)) - raft.server.log.corruption.policy = EXCEPTION (default)
2019-11-18 05:51:58,962 [pool-47-thread-1] INFO  storage.RaftStorageDirectory (RaftStorageDirectory.java:analyzeStorage(246)) - The storage directory /workdir/hadoop-ozone/tools/target/test-dir/MiniOzoneClusterImpl-f3ff6bd3-b6c5-4d73-96b1-6ed289f634be/datanode-2/data/ratis/88f8eeb9-444d-41ba-8c0c-64d3b71e87a9 does not exist. Creating ...
2019-11-18 05:51:58,975 [pool-47-thread-1] INFO  storage.RaftStorageDirectory (RaftStorageDirectory.java:tryLock(328)) - Lock on /workdir/hadoop-ozone/tools/target/test-dir/MiniOzoneClusterImpl-f3ff6bd3-b6c5-4d73-96b1-6ed289f634be/datanode-2/data/ratis/88f8eeb9-444d-41ba-8c0c-64d3b71e87a9/in_use.lock acquired by nodename 32143@pr-hdds-2520-jsqql-2308157731
2019-11-18 05:51:58,988 [pool-47-thread-1] INFO  storage.RaftStorage (RaftStorage.java:format(84)) - Storage directory /workdir/hadoop-ozone/tools/target/test-dir/MiniOzoneClusterImpl-f3ff6bd3-b6c5-4d73-96b1-6ed289f634be/datanode-2/data/ratis/88f8eeb9-444d-41ba-8c0c-64d3b71e87a9 has been successfully formatted.
2019-11-18 05:51:58,988 [pool-47-thread-1] INFO  ratis.ContainerStateMachine (ContainerStateMachine.java:loadSnapshot(223)) - group-64D3B71E87A9: The snapshot info is null. Setting the last applied indexto:(t:0, i:~)
2019-11-18 05:51:58,988 [pool-47-thread-1] INFO  server.RaftServerConfigKeys (ConfUtils.java:logGet(43)) - raft.server.notification.no-leader.timeout = 120s (custom)
2019-11-18 05:51:58,989 [pool-47-thread-1] INFO  server.RaftServerConfigKeys (ConfUtils.java:logGet(43)) - raft.server.log.use.memory = false (default)
2019-11-18 05:51:58,989 [pool-47-thread-1] INFO  server.RaftServerConfigKeys (ConfUtils.java:logGet(43)) - raft.server.log.purge.gap = 1000000 (custom)
2019-11-18 05:51:58,989 [pool-47-thread-1] INFO  server.RaftServerConfigKeys (ConfUtils.java:logGet(43)) - raft.server.log.appender.buffer.byte-limit = 33554432 (custom)
2019-11-18 05:51:58,989 [pool-47-thread-1] INFO  server.RaftServerConfigKeys (ConfUtils.java:logGet(43)) - raft.server.log.segment.size.max = 1048576 (custom)
2019-11-18 05:51:58,989 [pool-47-thread-1] INFO  server.RaftServerConfigKeys (ConfUtils.java:logGet(43)) - raft.server.log.segment.cache.num.max = 2 (custom)
2019-11-18 05:51:58,989 [pool-47-thread-1] INFO  segmented.SegmentedRaftLogWorker (SegmentedRaftLogWorker.java:<init>(173)) - new 99f3671e-a5bd-4bce-9769-e7f381d70426@group-64D3B71E87A9-SegmentedRaftLogWorker for RaftStorage:Storage Directory /workdir/hadoop-ozone/tools/target/test-dir/MiniOzoneClusterImpl-f3ff6bd3-b6c5-4d73-96b1-6ed289f634be/datanode-2/data/ratis/88f8eeb9-444d-41ba-8c0c-64d3b71e87a9
2019-11-18 05:51:58,990 [pool-47-thread-1] INFO  server.RaftServerConfigKeys (ConfUtils.java:logGet(43)) - raft.server.log.queue.byte-limit = 2147483647 (custom)
2019-11-18 05:51:58,990 [pool-47-thread-1] INFO  server.RaftServerConfigKeys (ConfUtils.java:logGet(43)) - raft.server.log.queue.element-limit = 1024 (custom)
2019-11-18 05:51:58,990 [pool-47-thread-1] INFO  server.RaftServerConfigKeys (ConfUtils.java:logGet(43)) - raft.server.log.segment.size.max = 1048576 (custom)
2019-11-18 05:51:58,990 [pool-47-thread-1] INFO  server.RaftServerConfigKeys (ConfUtils.java:logGet(43)) - raft.server.log.preallocated.size = 16384 (custom)
2019-11-18 05:51:58,990 [pool-47-thread-1] INFO  server.RaftServerConfigKeys (ConfUtils.java:logGet(43)) - raft.server.log.write.buffer.size = 33554432 (custom)
2019-11-18 05:51:58,990 [pool-47-thread-1] INFO  server.RaftServerConfigKeys (ConfUtils.java:logGet(43)) - raft.server.log.force.sync.num = 128 (default)
2019-11-18 05:51:58,991 [pool-47-thread-1] INFO  server.RaftServerConfigKeys (ConfUtils.java:logGet(43)) - raft.server.log.statemachine.data.sync = true (default)
2019-11-18 05:51:58,991 [pool-47-thread-1] INFO  server.RaftServerConfigKeys (ConfUtils.java:logGet(43)) - raft.server.log.statemachine.data.sync.timeout = 10s (default)
2019-11-18 05:51:58,991 [pool-47-thread-1] INFO  server.RaftServerConfigKeys (ConfUtils.java:logGet(43)) - raft.server.log.statemachine.data.sync.timeout.retry = -1 (default)
2019-11-18 05:51:58,991 [pool-47-thread-1] INFO  server.RaftServerConfigKeys (ConfUtils.java:logGet(43)) - raft.server.log.statemachine.data.caching.enabled = true (custom)
2019-11-18 05:51:58,992 [pool-47-thread-1] INFO  segmented.SegmentedRaftLogWorker (SegmentedRaftLogWorker.java:lambda$new$0(128)) - 99f3671e-a5bd-4bce-9769-e7f381d70426@group-64D3B71E87A9-SegmentedRaftLogWorker: flushIndex: setUnconditionally 0 -> -1
2019-11-18 05:51:58,992 [pool-47-thread-1] INFO  server.RaftServerConfigKeys (ConfUtils.java:logGet(43)) - raft.server.snapshot.auto.trigger.enabled = true (custom)
2019-11-18 05:51:58,992 [pool-47-thread-1] INFO  server.RaftServerConfigKeys (ConfUtils.java:logGet(43)) - raft.server.snapshot.auto.trigger.threshold = 10000 (custom)
2019-11-18 05:51:58,992 [pool-47-thread-1] INFO  server.RaftServerConfigKeys (ConfUtils.java:logGet(43)) - raft.server.snapshot.retention.file.num = 5 (custom)
2019-11-18 05:51:58,992 [pool-47-thread-1] INFO  server.RaftServerConfigKeys (ConfUtils.java:logGet(43)) - raft.server.retrycache.expirytime = 600000ms (custom)
2019-11-18 05:51:58,993 [pool-47-thread-1] WARN  impl.MetricRegistriesImpl (MetricRegistriesImpl.java:lambda$create$1(61)) - First MetricRegistry has been created without registering reporters. You may need to call MetricRegistries.global().addReportRegistration(...) before.
2019-11-18 05:51:58,993 [pool-47-thread-1] WARN  impl.MetricRegistriesImpl (MetricRegistriesImpl.java:lambda$create$1(61)) - First MetricRegistry has been created without registering reporters. You may need to call MetricRegistries.global().addReportRegistration(...) before.
2019-11-18 05:51:58,993 [pool-47-thread-1] INFO  impl.RaftServerImpl (RaftServerImpl.java:start(184)) - 99f3671e-a5bd-4bce-9769-e7f381d70426@group-64D3B71E87A9: start as a follower, conf=-1: [73222393-6937-40ee-87c7-cf133c1aa5a8:192.168.69.69:44443, 80ad4dab-6fab-4925-b97d-cb689744343f:192.168.69.69:35709, 99f3671e-a5bd-4bce-9769-e7f381d70426:192.168.69.69:46664], old=null
2019-11-18 05:51:58,993 [pool-47-thread-1] INFO  impl.RaftServerImpl (RaftServerImpl.java:setRole(173)) - 99f3671e-a5bd-4bce-9769-e7f381d70426@group-64D3B71E87A9: changes role from      null to FOLLOWER at term 0 for startAsFollower
2019-11-18 05:51:58,994 [pool-47-thread-1] INFO  impl.RoleInfo (RoleInfo.java:updateAndGet(143)) - 99f3671e-a5bd-4bce-9769-e7f381d70426: start FollowerState
2019-11-18 05:51:58,994 [pool-47-thread-1] INFO  util.JmxRegister (JmxRegister.java:tryRegister(44)) - Successfully registered JMX Bean with object name Ratis:service=RaftServer,group=group-64D3B71E87A9,id=99f3671e-a5bd-4bce-9769-e7f381d70426
2019-11-18 05:51:58,994 [pool-47-thread-1] WARN  impl.MetricRegistriesImpl (MetricRegistriesImpl.java:lambda$create$1(61)) - First MetricRegistry has been created without registering reporters. You may need to call MetricRegistries.global().addReportRegistration(...) before.
2019-11-18 05:51:58,995 [Command processor thread] INFO  commandhandler.CreatePipelineCommandHandler (CreatePipelineCommandHandler.java:handle(86)) - Create Pipeline RATIS THREE #id: "88f8eeb9-444d-41ba-8c0c-64d3b71e87a9"
 command succeed on datanode 99f3671e-a5bd-4bce-9769-e7f381d70426.
2019-11-18 05:51:58,997 [EventQueue-PipelineReportForPipelineReportHandler] INFO  pipeline.PipelineReportHandler (PipelineReportHandler.java:processPipelineReport(113)) - Pipeline THREE PipelineID=88f8eeb9-444d-41ba-8c0c-64d3b71e87a9 reported by 99f3671e-a5bd-4bce-9769-e7f381d70426{ip: 192.168.69.69, host: pr-hdds-2520-jsqql-2308157731, networkLocation: /default-rack, certSerialId: null}
 0.00% |?                                                                                                    |  0/1 Time: 0:00:022019-11-18 05:51:59,749 [Command processor thread] INFO  impl.RaftServerProxy (RaftServerProxy.java:remove(95)) - 73222393-6937-40ee-87c7-cf133c1aa5a8: remove  FOLLOWER 73222393-6937-40ee-87c7-cf133c1aa5a8@group-54C250EC033E:t2, leader=80ad4dab-6fab-4925-b97d-cb689744343f, voted=80ad4dab-6fab-4925-b97d-cb689744343f, raftlog=73222393-6937-40ee-87c7-cf133c1aa5a8@group-54C250EC033E-SegmentedRaftLog:OPENED:c72,f72,i72, conf=0: [73222393-6937-40ee-87c7-cf133c1aa5a8:192.168.69.69:44443, 80ad4dab-6fab-4925-b97d-cb689744343f:192.168.69.69:35709, 99f3671e-a5bd-4bce-9769-e7f381d70426:192.168.69.69:46664], old=null RUNNING
2019-11-18 05:51:59,749 [Command processor thread] INFO  impl.RaftServerImpl (RaftServerImpl.java:lambda$shutdown$3(250)) - 73222393-6937-40ee-87c7-cf133c1aa5a8@group-54C250EC033E: shutdown
2019-11-18 05:51:59,749 [Command processor thread] INFO  util.JmxRegister (JmxRegister.java:unregister(73)) - Successfully un-registered JMX Bean with object name Ratis:service=RaftServer,group=group-54C250EC033E,id=73222393-6937-40ee-87c7-cf133c1aa5a8
2019-11-18 05:51:59,750 [Command processor thread] INFO  impl.RoleInfo (RoleInfo.java:shutdownFollowerState(121)) - 73222393-6937-40ee-87c7-cf133c1aa5a8: shutdown FollowerState
2019-11-18 05:51:59,750 [Command processor thread] INFO  impl.StateMachineUpdater (StateMachineUpdater.java:stopAndJoin(136)) - 73222393-6937-40ee-87c7-cf133c1aa5a8@group-54C250EC033E-StateMachineUpdater: set stopIndex = 72
2019-11-18 05:51:59,750 [73222393-6937-40ee-87c7-cf133c1aa5a8@group-54C250EC033E-StateMachineUpdater] INFO  ratis.ContainerStateMachine (ContainerStateMachine.java:takeSnapshot(285)) - group-54C250EC033E: Taking a snapshot at:(t:2, i:70) file /workdir/hadoop-ozone/tools/target/test-dir/MiniOzoneClusterImpl-f3ff6bd3-b6c5-4d73-96b1-6ed289f634be/datanode-0/data/ratis/cee0332d-1d4e-4b18-9f59-54c250ec033e/sm/snapshot.2_70
2019-11-18 05:51:59,750 [Thread-214] INFO  impl.FollowerState (FollowerState.java:run(120)) - 73222393-6937-40ee-87c7-cf133c1aa5a8@group-54C250EC033E-FollowerState was interrupted: java.lang.InterruptedException: sleep interrupted
2019-11-18 05:51:59,763 [73222393-6937-40ee-87c7-cf133c1aa5a8@group-54C250EC033E-StateMachineUpdater] INFO  ratis.ContainerStateMachine (ContainerStateMachine.java:takeSnapshot(296)) - group-54C250EC033E: Finished taking a snapshot at:(t:2, i:70) file:/workdir/hadoop-ozone/tools/target/test-dir/MiniOzoneClusterImpl-f3ff6bd3-b6c5-4d73-96b1-6ed289f634be/datanode-0/data/ratis/cee0332d-1d4e-4b18-9f59-54c250ec033e/sm/snapshot.2_70 time:13
2019-11-18 05:51:59,763 [73222393-6937-40ee-87c7-cf133c1aa5a8@group-54C250EC033E-StateMachineUpdater] INFO  impl.StateMachineUpdater (StateMachineUpdater.java:takeSnapshot(269)) - 73222393-6937-40ee-87c7-cf133c1aa5a8@group-54C250EC033E-StateMachineUpdater: Took a snapshot at index 70
2019-11-18 05:51:59,763 [73222393-6937-40ee-87c7-cf133c1aa5a8@group-54C250EC033E-StateMachineUpdater] INFO  impl.StateMachineUpdater (StateMachineUpdater.java:lambda$new$0(84)) - 73222393-6937-40ee-87c7-cf133c1aa5a8@group-54C250EC033E-StateMachineUpdater: snapshotIndex: updateIncreasingly -1 -> 70
2019-11-18 05:51:59,764 [73222393-6937-40ee-87c7-cf133c1aa5a8@group-54C250EC033E-StateMachineUpdater] INFO  ratis.ContainerStateMachine (ContainerStateMachine.java:takeSnapshot(285)) - group-54C250EC033E: Taking a snapshot at:(t:2, i:70) file /workdir/hadoop-ozone/tools/target/test-dir/MiniOzoneClusterImpl-f3ff6bd3-b6c5-4d73-96b1-6ed289f634be/datanode-0/data/ratis/cee0332d-1d4e-4b18-9f59-54c250ec033e/sm/snapshot.2_70
2019-11-18 05:51:59,776 [73222393-6937-40ee-87c7-cf133c1aa5a8@group-54C250EC033E-StateMachineUpdater] INFO  ratis.ContainerStateMachine (ContainerStateMachine.java:takeSnapshot(296)) - group-54C250EC033E: Finished taking a snapshot at:(t:2, i:70) file:/workdir/hadoop-ozone/tools/target/test-dir/MiniOzoneClusterImpl-f3ff6bd3-b6c5-4d73-96b1-6ed289f634be/datanode-0/data/ratis/cee0332d-1d4e-4b18-9f59-54c250ec033e/sm/snapshot.2_70 time:12
2019-11-18 05:51:59,776 [73222393-6937-40ee-87c7-cf133c1aa5a8@group-54C250EC033E-StateMachineUpdater] INFO  impl.StateMachineUpdater (StateMachineUpdater.java:takeSnapshot(269)) - 73222393-6937-40ee-87c7-cf133c1aa5a8@group-54C250EC033E-StateMachineUpdater: Took a snapshot at index 70
2019-11-18 05:51:59,776 [73222393-6937-40ee-87c7-cf133c1aa5a8@group-54C250EC033E-StateMachineUpdater] INFO  impl.StateMachineUpdater (StateMachineUpdater.java:lambda$new$0(84)) - 73222393-6937-40ee-87c7-cf133c1aa5a8@group-54C250EC033E-StateMachineUpdater: snapshotIndex: updateIncreasingly 70 -> 70
2019-11-18 05:51:59,777 [Command processor thread] INFO  impl.RaftServerImpl (ServerState.java:close(387)) - 73222393-6937-40ee-87c7-cf133c1aa5a8@group-54C250EC033E: closes. applyIndex: 72
2019-11-18 05:51:59,778 [73222393-6937-40ee-87c7-cf133c1aa5a8@group-54C250EC033E-SegmentedRaftLogWorker] INFO  segmented.SegmentedRaftLogWorker (SegmentedRaftLogWorker.java:run(316)) - 73222393-6937-40ee-87c7-cf133c1aa5a8@group-54C250EC033E-SegmentedRaftLogWorker was interrupted, exiting. There are 0 tasks remaining in the queue.
2019-11-18 05:51:59,779 [Command processor thread] INFO  segmented.SegmentedRaftLogWorker (SegmentedRaftLogWorker.java:close(224)) - 73222393-6937-40ee-87c7-cf133c1aa5a8@group-54C250EC033E-SegmentedRaftLogWorker close()
2019-11-18 05:51:59,794 [Command processor thread] INFO  interfaces.Container (KeyValueContainer.java:flushAndSyncDB(400)) - Container 1 is synced with bcsId 54.
2019-11-18 05:51:59,795 [Command processor thread] INFO  interfaces.Container (KeyValueContainer.java:flushAndSyncDB(400)) - Container 1 is synced with bcsId 54.
2019-11-18 05:51:59,822 [Command processor thread] INFO  interfaces.Container (KeyValueContainer.java:flushAndSyncDB(400)) - Container 2 is synced with bcsId 70.
2019-11-18 05:51:59,823 [Command processor thread] INFO  interfaces.Container (KeyValueContainer.java:flushAndSyncDB(400)) - Container 2 is synced with bcsId 70.
2019-11-18 05:51:59,863 [Command processor thread] INFO  interfaces.Container (KeyValueContainer.java:flushAndSyncDB(400)) - Container 3 is synced with bcsId 36.
2019-11-18 05:51:59,863 [Command processor thread] INFO  interfaces.Container (KeyValueContainer.java:flushAndSyncDB(400)) - Container 3 is synced with bcsId 36.
2019-11-18 05:51:59,877 [Command processor thread] INFO  commandhandler.ClosePipelineCommandHandler (ClosePipelineCommandHandler.java:handle(78)) - Close Pipeline #id: "cee0332d-1d4e-4b18-9f59-54c250ec033e"
 command on datanode #73222393-6937-40ee-87c7-cf133c1aa5a8.
2019-11-18 05:51:59,879 [Command processor thread] INFO  impl.RaftServerProxy (RaftServerProxy.java:addNew(89)) - 73222393-6937-40ee-87c7-cf133c1aa5a8: addNew group-64D3B71E87A9:[73222393-6937-40ee-87c7-cf133c1aa5a8:192.168.69.69:44443, 80ad4dab-6fab-4925-b97d-cb689744343f:192.168.69.69:35709, 99f3671e-a5bd-4bce-9769-e7f381d70426:192.168.69.69:46664] returns group-64D3B71E87A9:java.util.concurrent.CompletableFuture@3c5d4f50[Not completed]
2019-11-18 05:51:59,880 [pool-27-thread-1] INFO  impl.RaftServerImpl (RaftServerImpl.java:<init>(98)) - 73222393-6937-40ee-87c7-cf133c1aa5a8: new RaftServerImpl for group-64D3B71E87A9:[73222393-6937-40ee-87c7-cf133c1aa5a8:192.168.69.69:44443, 80ad4dab-6fab-4925-b97d-cb689744343f:192.168.69.69:35709, 99f3671e-a5bd-4bce-9769-e7f381d70426:192.168.69.69:46664] with ContainerStateMachine:uninitialized
2019-11-18 05:51:59,880 [pool-27-thread-1] INFO  server.RaftServerConfigKeys (ConfUtils.java:logGet(43)) - raft.server.rpc.timeout.min = 5s (custom)
2019-11-18 05:51:59,880 [pool-27-thread-1] INFO  server.RaftServerConfigKeys (ConfUtils.java:logGet(43)) - raft.server.rpc.timeout.max = 5200ms (custom)
2019-11-18 05:51:59,881 [pool-27-thread-1] INFO  server.RaftServerConfigKeys (ConfUtils.java:logGet(43)) - raft.server.rpcslowness.timeout = 120s (custom)
2019-11-18 05:51:59,881 [pool-27-thread-1] INFO  server.RaftServerConfigKeys (ConfUtils.java:logGet(43)) - raft.server.sleep.deviation.threshold = 300 (default)
2019-11-18 05:51:59,881 [pool-27-thread-1] INFO  server.RaftServerConfigKeys (ConfUtils.java:logGet(43)) - raft.server.log.appender.install.snapshot.enabled = false (custom)
2019-11-18 05:51:59,881 [pool-27-thread-1] INFO  impl.RaftServerImpl (ServerState.java:<init>(103)) - 73222393-6937-40ee-87c7-cf133c1aa5a8@group-64D3B71E87A9: ConfigurationManager, init=-1: [73222393-6937-40ee-87c7-cf133c1aa5a8:192.168.69.69:44443, 80ad4dab-6fab-4925-b97d-cb689744343f:192.168.69.69:35709, 99f3671e-a5bd-4bce-9769-e7f381d70426:192.168.69.69:46664], old=null, confs=<EMPTY_MAP>
2019-11-18 05:51:59,881 [pool-27-thread-1] INFO  server.RaftServerConfigKeys (ConfUtils.java:logGet(43)) - raft.server.storage.dir = [/workdir/hadoop-ozone/tools/target/test-dir/MiniOzoneClusterImpl-f3ff6bd3-b6c5-4d73-96b1-6ed289f634be/datanode-0/data/ratis] (custom)
2019-11-18 05:51:59,881 [pool-27-thread-1] INFO  server.RaftServerConfigKeys (ConfUtils.java:logGet(43)) - raft.server.log.corruption.policy = EXCEPTION (default)
2019-11-18 05:51:59,881 [pool-27-thread-1] INFO  storage.RaftStorageDirectory (RaftStorageDirectory.java:analyzeStorage(246)) - The storage directory /workdir/hadoop-ozone/tools/target/test-dir/MiniOzoneClusterImpl-f3ff6bd3-b6c5-4d73-96b1-6ed289f634be/datanode-0/data/ratis/88f8eeb9-444d-41ba-8c0c-64d3b71e87a9 does not exist. Creating ...
2019-11-18 05:51:59,895 [pool-27-thread-1] INFO  storage.RaftStorageDirectory (RaftStorageDirectory.java:tryLock(328)) - Lock on /workdir/hadoop-ozone/tools/target/test-dir/MiniOzoneClusterImpl-f3ff6bd3-b6c5-4d73-96b1-6ed289f634be/datanode-0/data/ratis/88f8eeb9-444d-41ba-8c0c-64d3b71e87a9/in_use.lock acquired by nodename 32143@pr-hdds-2520-jsqql-2308157731
2019-11-18 05:51:59,926 [pool-27-thread-1] INFO  storage.RaftStorage (RaftStorage.java:format(84)) - Storage directory /workdir/hadoop-ozone/tools/target/test-dir/MiniOzoneClusterImpl-f3ff6bd3-b6c5-4d73-96b1-6ed289f634be/datanode-0/data/ratis/88f8eeb9-444d-41ba-8c0c-64d3b71e87a9 has been successfully formatted.
2019-11-18 05:51:59,926 [pool-27-thread-1] INFO  ratis.ContainerStateMachine (ContainerStateMachine.java:loadSnapshot(223)) - group-64D3B71E87A9: The snapshot info is null. Setting the last applied indexto:(t:0, i:~)
2019-11-18 05:51:59,926 [pool-27-thread-1] INFO  server.RaftServerConfigKeys (ConfUtils.java:logGet(43)) - raft.server.notification.no-leader.timeout = 120s (custom)
2019-11-18 05:51:59,926 [pool-27-thread-1] INFO  server.RaftServerConfigKeys (ConfUtils.java:logGet(43)) - raft.server.log.use.memory = false (default)
2019-11-18 05:51:59,926 [pool-27-thread-1] INFO  server.RaftServerConfigKeys (ConfUtils.java:logGet(43)) - raft.server.log.purge.gap = 1000000 (custom)
2019-11-18 05:51:59,926 [pool-27-thread-1] INFO  server.RaftServerConfigKeys (ConfUtils.java:logGet(43)) - raft.server.log.appender.buffer.byte-limit = 33554432 (custom)
2019-11-18 05:51:59,926 [pool-27-thread-1] INFO  server.RaftServerConfigKeys (ConfUtils.java:logGet(43)) - raft.server.log.segment.size.max = 1048576 (custom)
2019-11-18 05:51:59,926 [pool-27-thread-1] INFO  server.RaftServerConfigKeys (ConfUtils.java:logGet(43)) - raft.server.log.segment.cache.num.max = 2 (custom)
2019-11-18 05:51:59,926 [pool-27-thread-1] INFO  segmented.SegmentedRaftLogWorker (SegmentedRaftLogWorker.java:<init>(173)) - new 73222393-6937-40ee-87c7-cf133c1aa5a8@group-64D3B71E87A9-SegmentedRaftLogWorker for RaftStorage:Storage Directory /workdir/hadoop-ozone/tools/target/test-dir/MiniOzoneClusterImpl-f3ff6bd3-b6c5-4d73-96b1-6ed289f634be/datanode-0/data/ratis/88f8eeb9-444d-41ba-8c0c-64d3b71e87a9
2019-11-18 05:51:59,927 [pool-27-thread-1] INFO  server.RaftServerConfigKeys (ConfUtils.java:logGet(43)) - raft.server.log.queue.byte-limit = 2147483647 (custom)
2019-11-18 05:51:59,927 [pool-27-thread-1] INFO  server.RaftServerConfigKeys (ConfUtils.java:logGet(43)) - raft.server.log.queue.element-limit = 1024 (custom)
2019-11-18 05:51:59,927 [pool-27-thread-1] INFO  server.RaftServerConfigKeys (ConfUtils.java:logGet(43)) - raft.server.log.segment.size.max = 1048576 (custom)
2019-11-18 05:51:59,927 [pool-27-thread-1] INFO  server.RaftServerConfigKeys (ConfUtils.java:logGet(43)) - raft.server.log.preallocated.size = 16384 (custom)
2019-11-18 05:51:59,927 [pool-27-thread-1] INFO  server.RaftServerConfigKeys (ConfUtils.java:logGet(43)) - raft.server.log.write.buffer.size = 33554432 (custom)
2019-11-18 05:51:59,927 [pool-27-thread-1] INFO  server.RaftServerConfigKeys (ConfUtils.java:logGet(43)) - raft.server.log.force.sync.num = 128 (default)
2019-11-18 05:51:59,927 [pool-27-thread-1] INFO  server.RaftServerConfigKeys (ConfUtils.java:logGet(43)) - raft.server.log.statemachine.data.sync = true (default)
2019-11-18 05:51:59,927 [pool-27-thread-1] INFO  server.RaftServerConfigKeys (ConfUtils.java:logGet(43)) - raft.server.log.statemachine.data.sync.timeout = 10s (default)
2019-11-18 05:51:59,927 [pool-27-thread-1] INFO  server.RaftServerConfigKeys (ConfUtils.java:logGet(43)) - raft.server.log.statemachine.data.sync.timeout.retry = -1 (default)
2019-11-18 05:51:59,927 [pool-27-thread-1] INFO  server.RaftServerConfigKeys (ConfUtils.java:logGet(43)) - raft.server.log.statemachine.data.caching.enabled = true (custom)
2019-11-18 05:51:59,928 [pool-27-thread-1] INFO  segmented.SegmentedRaftLogWorker (SegmentedRaftLogWorker.java:lambda$new$0(128)) - 73222393-6937-40ee-87c7-cf133c1aa5a8@group-64D3B71E87A9-SegmentedRaftLogWorker: flushIndex: setUnconditionally 0 -> -1
2019-11-18 05:51:59,928 [pool-27-thread-1] INFO  server.RaftServerConfigKeys (ConfUtils.java:logGet(43)) - raft.server.snapshot.auto.trigger.enabled = true (custom)
2019-11-18 05:51:59,928 [pool-27-thread-1] INFO  server.RaftServerConfigKeys (ConfUtils.java:logGet(43)) - raft.server.snapshot.auto.trigger.threshold = 10000 (custom)
2019-11-18 05:51:59,928 [pool-27-thread-1] INFO  server.RaftServerConfigKeys (ConfUtils.java:logGet(43)) - raft.server.snapshot.retention.file.num = 5 (custom)
2019-11-18 05:51:59,928 [pool-27-thread-1] INFO  server.RaftServerConfigKeys (ConfUtils.java:logGet(43)) - raft.server.retrycache.expirytime = 600000ms (custom)
2019-11-18 05:51:59,928 [pool-27-thread-1] WARN  impl.MetricRegistriesImpl (MetricRegistriesImpl.java:lambda$create$1(61)) - First MetricRegistry has been created without registering reporters. You may need to call MetricRegistries.global().addReportRegistration(...) before.
2019-11-18 05:51:59,928 [pool-27-thread-1] WARN  impl.MetricRegistriesImpl (MetricRegistriesImpl.java:lambda$create$1(61)) - First MetricRegistry has been created without registering reporters. You may need to call MetricRegistries.global().addReportRegistration(...) before.
2019-11-18 05:51:59,929 [pool-27-thread-1] INFO  impl.RaftServerImpl (RaftServerImpl.java:start(184)) - 73222393-6937-40ee-87c7-cf133c1aa5a8@group-64D3B71E87A9: start as a follower, conf=-1: [73222393-6937-40ee-87c7-cf133c1aa5a8:192.168.69.69:44443, 80ad4dab-6fab-4925-b97d-cb689744343f:192.168.69.69:35709, 99f3671e-a5bd-4bce-9769-e7f381d70426:192.168.69.69:46664], old=null
2019-11-18 05:51:59,929 [pool-27-thread-1] INFO  impl.RaftServerImpl (RaftServerImpl.java:setRole(173)) - 73222393-6937-40ee-87c7-cf133c1aa5a8@group-64D3B71E87A9: changes role from      null to FOLLOWER at term 0 for startAsFollower
2019-11-18 05:51:59,929 [pool-27-thread-1] INFO  impl.RoleInfo (RoleInfo.java:updateAndGet(143)) - 73222393-6937-40ee-87c7-cf133c1aa5a8: start FollowerState
2019-11-18 05:51:59,929 [pool-27-thread-1] INFO  util.JmxRegister (JmxRegister.java:tryRegister(44)) - Successfully registered JMX Bean with object name Ratis:service=RaftServer,group=group-64D3B71E87A9,id=73222393-6937-40ee-87c7-cf133c1aa5a8
2019-11-18 05:51:59,929 [pool-27-thread-1] WARN  impl.MetricRegistriesImpl (MetricRegistriesImpl.java:lambda$create$1(61)) - First MetricRegistry has been created without registering reporters. You may need to call MetricRegistries.global().addReportRegistration(...) before.
2019-11-18 05:51:59,929 [Command processor thread] INFO  commandhandler.CreatePipelineCommandHandler (CreatePipelineCommandHandler.java:handle(86)) - Create Pipeline RATIS THREE #id: "88f8eeb9-444d-41ba-8c0c-64d3b71e87a9"
 command succeed on datanode 73222393-6937-40ee-87c7-cf133c1aa5a8.
2019-11-18 05:51:59,931 [EventQueue-PipelineReportForPipelineReportHandler] INFO  pipeline.PipelineReportHandler (PipelineReportHandler.java:processPipelineReport(113)) - Pipeline THREE PipelineID=88f8eeb9-444d-41ba-8c0c-64d3b71e87a9 reported by 73222393-6937-40ee-87c7-cf133c1aa5a8{ip: 192.168.69.69, host: pr-hdds-2520-jsqql-2308157731, networkLocation: /default-rack, certSerialId: null}
 0.00% |?                                                                                                    |  0/1 Time: 0:00:03 0.00% |?                                                                                                    |  0/1 Time: 0:00:04 100.00% |?????????????????????????????????????????????????????????????????????????????????????????????????????|  1/1 Time: 0:00:05
2019-11-18 05:52:02,754 [java.util.concurrent.ThreadPoolExecutor$Worker@2723769c[State = -1, empty queue]] WARN  server.GrpcLogAppender (GrpcLogAppender.java:timeoutAppendRequest(211)) - 80ad4dab-6fab-4925-b97d-cb689744343f@group-54C250EC033E->99f3671e-a5bd-4bce-9769-e7f381d70426-GrpcLogAppender: appendEntries Timeout, request=AppendEntriesRequest:cid=77,entriesCount=1,lastEntry=(t:2, i:73)
2019-11-18 05:52:02,754 [java.util.concurrent.ThreadPoolExecutor$Worker@2723769c[State = -1, empty queue]] WARN  server.GrpcLogAppender (GrpcLogAppender.java:timeoutAppendRequest(211)) - 80ad4dab-6fab-4925-b97d-cb689744343f@group-54C250EC033E->73222393-6937-40ee-87c7-cf133c1aa5a8-GrpcLogAppender: appendEntries Timeout, request=AppendEntriesRequest:cid=77,entriesCount=1,lastEntry=(t:2, i:73)
2019-11-18 05:52:04,164 [Thread-458] INFO  impl.FollowerState (FollowerState.java:run(111)) - 99f3671e-a5bd-4bce-9769-e7f381d70426@group-64D3B71E87A9-FollowerState: change to CANDIDATE, lastRpcTime:5170ms, electionTimeout:5170ms
2019-11-18 05:52:04,165 [Thread-458] INFO  impl.RoleInfo (RoleInfo.java:shutdownFollowerState(121)) - 99f3671e-a5bd-4bce-9769-e7f381d70426: shutdown FollowerState
2019-11-18 05:52:04,166 [Thread-458] INFO  impl.RaftServerImpl (RaftServerImpl.java:setRole(173)) - 99f3671e-a5bd-4bce-9769-e7f381d70426@group-64D3B71E87A9: changes role from  FOLLOWER to CANDIDATE at term 0 for changeToCandidate
2019-11-18 05:52:04,166 [Thread-458] INFO  impl.RoleInfo (RoleInfo.java:updateAndGet(143)) - 99f3671e-a5bd-4bce-9769-e7f381d70426: start LeaderElection
2019-11-18 05:52:04,186 [99f3671e-a5bd-4bce-9769-e7f381d70426@group-64D3B71E87A9-LeaderElection8] INFO  impl.LeaderElection (LeaderElection.java:askForVotes(178)) - 99f3671e-a5bd-4bce-9769-e7f381d70426@group-64D3B71E87A9-LeaderElection8: begin an election at term 1 for -1: [73222393-6937-40ee-87c7-cf133c1aa5a8:192.168.69.69:44443, 80ad4dab-6fab-4925-b97d-cb689744343f:192.168.69.69:35709, 99f3671e-a5bd-4bce-9769-e7f381d70426:192.168.69.69:46664], old=null
2019-11-18 05:52:04,206 [grpc-default-executor-5] INFO  impl.RaftServerImpl (RaftServerImpl.java:setRole(173)) - 73222393-6937-40ee-87c7-cf133c1aa5a8@group-64D3B71E87A9: changes role from  FOLLOWER to FOLLOWER at term 1 for recognizeCandidate:99f3671e-a5bd-4bce-9769-e7f381d70426
2019-11-18 05:52:04,206 [grpc-default-executor-5] INFO  impl.RoleInfo (RoleInfo.java:shutdownFollowerState(121)) - 73222393-6937-40ee-87c7-cf133c1aa5a8: shutdown FollowerState
2019-11-18 05:52:04,207 [grpc-default-executor-5] INFO  impl.RoleInfo (RoleInfo.java:updateAndGet(143)) - 73222393-6937-40ee-87c7-cf133c1aa5a8: start FollowerState
2019-11-18 05:52:04,207 [Thread-460] INFO  impl.FollowerState (FollowerState.java:run(120)) - 73222393-6937-40ee-87c7-cf133c1aa5a8@group-64D3B71E87A9-FollowerState was interrupted: java.lang.InterruptedException: sleep interrupted
2019-11-18 05:52:04,212 [grpc-default-executor-0] WARN  server.GrpcServerProtocolService (LogUtils.java:warn(136)) - 80ad4dab-6fab-4925-b97d-cb689744343f: Failed requestVote 99f3671e-a5bd-4bce-9769-e7f381d70426->80ad4dab-6fab-4925-b97d-cb689744343f#0
org.apache.ratis.protocol.GroupMismatchException: 80ad4dab-6fab-4925-b97d-cb689744343f: group-64D3B71E87A9 not found.
	at org.apache.ratis.server.impl.RaftServerProxy$ImplMap.get(RaftServerProxy.java:122)
	at org.apache.ratis.server.impl.RaftServerProxy.getImplFuture(RaftServerProxy.java:269)
	at org.apache.ratis.server.impl.RaftServerProxy.getImpl(RaftServerProxy.java:278)
	at org.apache.ratis.server.impl.RaftServerProxy.getImpl(RaftServerProxy.java:273)
	at org.apache.ratis.server.impl.RaftServerProxy.requestVote(RaftServerProxy.java:443)
	at org.apache.ratis.grpc.server.GrpcServerProtocolService.requestVote(GrpcServerProtocolService.java:142)
	at org.apache.ratis.proto.grpc.RaftServerProtocolServiceGrpc$MethodHandlers.invoke(RaftServerProtocolServiceGrpc.java:319)
	at org.apache.ratis.thirdparty.io.grpc.stub.ServerCalls$UnaryServerCallHandler$UnaryServerCallListener.onHalfClose(ServerCalls.java:171)
	at org.apache.ratis.thirdparty.io.grpc.internal.ServerCallImpl$ServerStreamListenerImpl.halfClosed(ServerCallImpl.java:283)
	at org.apache.ratis.thirdparty.io.grpc.internal.ServerImpl$JumpToApplicationThreadServerStreamListener$1HalfClosed.runInContext(ServerImpl.java:710)
	at org.apache.ratis.thirdparty.io.grpc.internal.ContextRunnable.run(ContextRunnable.java:37)
	at org.apache.ratis.thirdparty.io.grpc.internal.SerializingExecutor.run(SerializingExecutor.java:123)
	at java.util.concurrent.ThreadPoolExecutor.runWorker(ThreadPoolExecutor.java:1149)
	at java.util.concurrent.ThreadPoolExecutor$Worker.run(ThreadPoolExecutor.java:624)
	at java.lang.Thread.run(Thread.java:748)
2019-11-18 05:52:04,238 [99f3671e-a5bd-4bce-9769-e7f381d70426@group-64D3B71E87A9-LeaderElection8] INFO  impl.LeaderElection (LeaderElection.java:logAndReturn(56)) - 99f3671e-a5bd-4bce-9769-e7f381d70426@group-64D3B71E87A9-LeaderElection8: Election PASSED; received 1 response(s) [99f3671e-a5bd-4bce-9769-e7f381d70426<-73222393-6937-40ee-87c7-cf133c1aa5a8#0:OK-t1] and 0 exception(s); 99f3671e-a5bd-4bce-9769-e7f381d70426@group-64D3B71E87A9:t1, leader=null, voted=99f3671e-a5bd-4bce-9769-e7f381d70426, raftlog=99f3671e-a5bd-4bce-9769-e7f381d70426@group-64D3B71E87A9-SegmentedRaftLog:OPENED:c-1,f-1,i0, conf=-1: [73222393-6937-40ee-87c7-cf133c1aa5a8:192.168.69.69:44443, 80ad4dab-6fab-4925-b97d-cb689744343f:192.168.69.69:35709, 99f3671e-a5bd-4bce-9769-e7f381d70426:192.168.69.69:46664], old=null
2019-11-18 05:52:04,239 [99f3671e-a5bd-4bce-9769-e7f381d70426@group-64D3B71E87A9-LeaderElection8] INFO  impl.RoleInfo (RoleInfo.java:shutdownLeaderElection(134)) - 99f3671e-a5bd-4bce-9769-e7f381d70426: shutdown LeaderElection
2019-11-18 05:52:04,243 [99f3671e-a5bd-4bce-9769-e7f381d70426@group-64D3B71E87A9-LeaderElection8] INFO  impl.RaftServerImpl (RaftServerImpl.java:setRole(173)) - 99f3671e-a5bd-4bce-9769-e7f381d70426@group-64D3B71E87A9: changes role from CANDIDATE to LEADER at term 1 for changeToLeader
2019-11-18 05:52:04,243 [99f3671e-a5bd-4bce-9769-e7f381d70426@group-64D3B71E87A9-LeaderElection8] INFO  ratis.XceiverServerRatis (XceiverServerRatis.java:handleLeaderChangedNotification(733)) - Leader change notification received for group: group-64D3B71E87A9 with new leaderId: 99f3671e-a5bd-4bce-9769-e7f381d70426
2019-11-18 05:52:04,244 [99f3671e-a5bd-4bce-9769-e7f381d70426@group-64D3B71E87A9-LeaderElection8] INFO  impl.RaftServerImpl (ServerState.java:setLeader(255)) - 99f3671e-a5bd-4bce-9769-e7f381d70426@group-64D3B71E87A9: change Leader from null to 99f3671e-a5bd-4bce-9769-e7f381d70426 at term 1 for becomeLeader, leader elected after 5254ms
2019-11-18 05:52:04,244 [99f3671e-a5bd-4bce-9769-e7f381d70426@group-64D3B71E87A9-LeaderElection8] INFO  server.RaftServerConfigKeys (ConfUtils.java:logGet(43)) - raft.server.staging.catchup.gap = 1000 (default)
2019-11-18 05:52:04,245 [99f3671e-a5bd-4bce-9769-e7f381d70426@group-64D3B71E87A9-LeaderElection8] INFO  server.RaftServerConfigKeys (ConfUtils.java:logGet(43)) - raft.server.rpc.sleep.time = 25ms (default)
2019-11-18 05:52:04,245 [99f3671e-a5bd-4bce-9769-e7f381d70426@group-64D3B71E87A9-LeaderElection8] INFO  server.RaftServerConfigKeys (ConfUtils.java:logGet(43)) - raft.server.write.element-limit = 4096 (default)
2019-11-18 05:52:04,245 [99f3671e-a5bd-4bce-9769-e7f381d70426@group-64D3B71E87A9-LeaderElection8] INFO  server.RaftServerConfigKeys (ConfUtils.java:logGet(43)) - raft.server.watch.timeout = 10s (default)
2019-11-18 05:52:04,246 [99f3671e-a5bd-4bce-9769-e7f381d70426@group-64D3B71E87A9-LeaderElection8] INFO  server.RaftServerConfigKeys (ConfUtils.java:logGet(43)) - raft.server.watch.timeout.denomination = 1s (default)
2019-11-18 05:52:04,246 [99f3671e-a5bd-4bce-9769-e7f381d70426@group-64D3B71E87A9-LeaderElection8] INFO  server.RaftServerConfigKeys (ConfUtils.java:logGet(43)) - raft.server.watch.element-limit = 65536 (default)
2019-11-18 05:52:04,247 [EventQueue-PipelineReportForPipelineReportHandler] INFO  pipeline.PipelineReportHandler (PipelineReportHandler.java:processPipelineReport(113)) - Pipeline THREE PipelineID=88f8eeb9-444d-41ba-8c0c-64d3b71e87a9 reported by 99f3671e-a5bd-4bce-9769-e7f381d70426{ip: 192.168.69.69, host: pr-hdds-2520-jsqql-2308157731, networkLocation: /default-rack, certSerialId: null}
2019-11-18 05:52:04,248 [99f3671e-a5bd-4bce-9769-e7f381d70426@group-64D3B71E87A9-LeaderElection8] INFO  server.RaftServerConfigKeys (ConfUtils.java:logGet(43)) - raft.server.log.appender.snapshot.chunk.size.max = 16MB (=16777216) (default)
2019-11-18 05:52:04,248 [99f3671e-a5bd-4bce-9769-e7f381d70426@group-64D3B71E87A9-LeaderElection8] INFO  server.RaftServerConfigKeys (ConfUtils.java:logGet(43)) - raft.server.log.appender.buffer.byte-limit = 33554432 (custom)
2019-11-18 05:52:04,248 [99f3671e-a5bd-4bce-9769-e7f381d70426@group-64D3B71E87A9-LeaderElection8] INFO  server.RaftServerConfigKeys (ConfUtils.java:logGet(43)) - raft.server.log.appender.buffer.element-limit = 1 (custom)
2019-11-18 05:52:04,249 [99f3671e-a5bd-4bce-9769-e7f381d70426@group-64D3B71E87A9-LeaderElection8] INFO  grpc.GrpcConfigKeys$Server (ConfUtils.java:logGet(43)) - raft.grpc.server.leader.outstanding.appends.max = 128 (default)
2019-11-18 05:52:04,250 [99f3671e-a5bd-4bce-9769-e7f381d70426@group-64D3B71E87A9-LeaderElection8] INFO  server.RaftServerConfigKeys (ConfUtils.java:logGet(43)) - raft.server.rpc.request.timeout = 3000ms (default)
2019-11-18 05:52:04,250 [99f3671e-a5bd-4bce-9769-e7f381d70426@group-64D3B71E87A9-LeaderElection8] INFO  server.RaftServerConfigKeys (ConfUtils.java:logGet(43)) - raft.server.log.appender.install.snapshot.enabled = false (custom)
2019-11-18 05:52:04,251 [99f3671e-a5bd-4bce-9769-e7f381d70426@group-64D3B71E87A9-LeaderElection8] WARN  impl.MetricRegistriesImpl (MetricRegistriesImpl.java:lambda$create$1(61)) - First MetricRegistry has been created without registering reporters. You may need to call MetricRegistries.global().addReportRegistration(...) before.
2019-11-18 05:52:04,251 [99f3671e-a5bd-4bce-9769-e7f381d70426@group-64D3B71E87A9-LeaderElection8] INFO  server.RaftServerConfigKeys (ConfUtils.java:logGet(43)) - raft.server.log.appender.snapshot.chunk.size.max = 16MB (=16777216) (default)
2019-11-18 05:52:04,251 [99f3671e-a5bd-4bce-9769-e7f381d70426@group-64D3B71E87A9-LeaderElection8] INFO  server.RaftServerConfigKeys (ConfUtils.java:logGet(43)) - raft.server.log.appender.buffer.byte-limit = 33554432 (custom)
2019-11-18 05:52:04,251 [99f3671e-a5bd-4bce-9769-e7f381d70426@group-64D3B71E87A9-LeaderElection8] INFO  server.RaftServerConfigKeys (ConfUtils.java:logGet(43)) - raft.server.log.appender.buffer.element-limit = 1 (custom)
2019-11-18 05:52:04,252 [99f3671e-a5bd-4bce-9769-e7f381d70426@group-64D3B71E87A9-LeaderElection8] INFO  grpc.GrpcConfigKeys$Server (ConfUtils.java:logGet(43)) - raft.grpc.server.leader.outstanding.appends.max = 128 (default)
2019-11-18 05:52:04,252 [99f3671e-a5bd-4bce-9769-e7f381d70426@group-64D3B71E87A9-LeaderElection8] INFO  server.RaftServerConfigKeys (ConfUtils.java:logGet(43)) - raft.server.rpc.request.timeout = 3000ms (default)
2019-11-18 05:52:04,252 [99f3671e-a5bd-4bce-9769-e7f381d70426@group-64D3B71E87A9-LeaderElection8] INFO  server.RaftServerConfigKeys (ConfUtils.java:logGet(43)) - raft.server.log.appender.install.snapshot.enabled = false (custom)
2019-11-18 05:52:04,252 [99f3671e-a5bd-4bce-9769-e7f381d70426@group-64D3B71E87A9-LeaderElection8] INFO  impl.RoleInfo (RoleInfo.java:updateAndGet(143)) - 99f3671e-a5bd-4bce-9769-e7f381d70426: start LeaderState
2019-11-18 05:52:04,253 [99f3671e-a5bd-4bce-9769-e7f381d70426@group-64D3B71E87A9-LeaderElection8] INFO  segmented.SegmentedRaftLogWorker (SegmentedRaftLogWorker.java:startLogSegment(385)) - 99f3671e-a5bd-4bce-9769-e7f381d70426@group-64D3B71E87A9-SegmentedRaftLogWorker: Starting segment from index:0
2019-11-18 05:52:04,291 [99f3671e-a5bd-4bce-9769-e7f381d70426@group-64D3B71E87A9-LeaderElection8] INFO  impl.RaftServerImpl (ServerState.java:setRaftConf(356)) - 99f3671e-a5bd-4bce-9769-e7f381d70426@group-64D3B71E87A9: set configuration 0: [73222393-6937-40ee-87c7-cf133c1aa5a8:192.168.69.69:44443, 80ad4dab-6fab-4925-b97d-cb689744343f:192.168.69.69:35709, 99f3671e-a5bd-4bce-9769-e7f381d70426:192.168.69.69:46664], old=null at 0
2019-11-18 05:52:04,298 [grpc-default-executor-5] INFO  ratis.XceiverServerRatis (XceiverServerRatis.java:handleLeaderChangedNotification(733)) - Leader change notification received for group: group-64D3B71E87A9 with new leaderId: 99f3671e-a5bd-4bce-9769-e7f381d70426
2019-11-18 05:52:04,298 [grpc-default-executor-5] INFO  impl.RaftServerImpl (ServerState.java:setLeader(255)) - 73222393-6937-40ee-87c7-cf133c1aa5a8@group-64D3B71E87A9: change Leader from null to 99f3671e-a5bd-4bce-9769-e7f381d70426 at term 1 for appendEntries, leader elected after 4371ms
2019-11-18 05:52:04,304 [grpc-default-executor-5] INFO  impl.RaftServerImpl (ServerState.java:setRaftConf(356)) - 73222393-6937-40ee-87c7-cf133c1aa5a8@group-64D3B71E87A9: set configuration 0: [73222393-6937-40ee-87c7-cf133c1aa5a8:192.168.69.69:44443, 80ad4dab-6fab-4925-b97d-cb689744343f:192.168.69.69:35709, 99f3671e-a5bd-4bce-9769-e7f381d70426:192.168.69.69:46664], old=null at 0
2019-11-18 05:52:04,304 [grpc-default-executor-5] INFO  segmented.SegmentedRaftLogWorker (SegmentedRaftLogWorker.java:startLogSegment(385)) - 73222393-6937-40ee-87c7-cf133c1aa5a8@group-64D3B71E87A9-SegmentedRaftLogWorker: Starting segment from index:0
2019-11-18 05:52:04,305 [99f3671e-a5bd-4bce-9769-e7f381d70426@group-64D3B71E87A9-SegmentedRaftLogWorker] INFO  segmented.SegmentedRaftLogWorker (SegmentedRaftLogWorker.java:execute(576)) - 99f3671e-a5bd-4bce-9769-e7f381d70426@group-64D3B71E87A9-SegmentedRaftLogWorker: created new log segment /workdir/hadoop-ozone/tools/target/test-dir/MiniOzoneClusterImpl-f3ff6bd3-b6c5-4d73-96b1-6ed289f634be/datanode-2/data/ratis/88f8eeb9-444d-41ba-8c0c-64d3b71e87a9/current/log_inprogress_0
2019-11-18 05:52:04,361 [73222393-6937-40ee-87c7-cf133c1aa5a8@group-64D3B71E87A9-SegmentedRaftLogWorker] INFO  segmented.SegmentedRaftLogWorker (SegmentedRaftLogWorker.java:execute(576)) - 73222393-6937-40ee-87c7-cf133c1aa5a8@group-64D3B71E87A9-SegmentedRaftLogWorker: created new log segment /workdir/hadoop-ozone/tools/target/test-dir/MiniOzoneClusterImpl-f3ff6bd3-b6c5-4d73-96b1-6ed289f634be/datanode-0/data/ratis/88f8eeb9-444d-41ba-8c0c-64d3b71e87a9/current/log_inprogress_0
2019-11-18 05:52:05,254 [java.util.concurrent.ThreadPoolExecutor$Worker@2723769c[State = -1, empty queue]] WARN  server.GrpcLogAppender (GrpcLogAppender.java:timeoutAppendRequest(211)) - 80ad4dab-6fab-4925-b97d-cb689744343f@group-54C250EC033E->99f3671e-a5bd-4bce-9769-e7f381d70426-GrpcLogAppender: appendEntries Timeout, request=AppendEntriesRequest:cid=78,entriesCount=0,lastEntry=null
2019-11-18 05:52:05,254 [java.util.concurrent.ThreadPoolExecutor$Worker@2723769c[State = -1, empty queue]] WARN  server.GrpcLogAppender (GrpcLogAppender.java:timeoutAppendRequest(211)) - 80ad4dab-6fab-4925-b97d-cb689744343f@group-54C250EC033E->73222393-6937-40ee-87c7-cf133c1aa5a8-GrpcLogAppender: appendEntries Timeout, request=AppendEntriesRequest:cid=78,entriesCount=0,lastEntry=null
]]></system-out>
    <system-err><![CDATA[ERROR StatusLogger No Log4j 2 configuration file found. Using default configuration (logging only errors to the console), or user programmatically provided configurations. Set system property 'log4j2.debug' to show Log4j 2 internal initialization logging. See https://logging.apache.org/log4j/2.x/manual/configuration.html for instructions on how to configure Log4j 2
]]></system-err>
  </testcase>
</testsuite>