<?xml version="1.0" encoding="UTF-8"?>
<testsuite xmlns:xsi="http://www.w3.org/2001/XMLSchema-instance" xsi:noNamespaceSchemaLocation="https://maven.apache.org/surefire/maven-surefire-plugin/xsd/surefire-test-report.xsd" name="org.apache.hadoop.fs.ozone.TestOzoneFileSystem" time="256.005" tests="8" errors="1" skipped="0" failures="0">
  <properties>
    <property name="awt.toolkit" value="sun.awt.X11.XToolkit"/>
    <property name="file.encoding.pkg" value="sun.io"/>
    <property name="java.specification.version" value="1.8"/>
    <property name="sun.cpu.isalist" value=""/>
    <property name="sun.jnu.encoding" value="ANSI_X3.4-1968"/>
    <property name="java.class.path" value="/workdir/hadoop-ozone/ozonefs/target/test-classes:/workdir/hadoop-ozone/ozonefs/target/classes:/home/user/.m2/repository/org/apache/hadoop/hadoop-common/3.2.0/hadoop-common-3.2.0.jar:/home/user/.m2/repository/org/apache/hadoop/hadoop-annotations/3.2.0/hadoop-annotations-3.2.0.jar:/usr/lib/jvm/java-1.8.0-openjdk-1.8.0.222.b10-1.el7_7.x86_64/jre/../lib/tools.jar:/home/user/.m2/repository/com/google/guava/guava/11.0.2/guava-11.0.2.jar:/home/user/.m2/repository/commons-cli/commons-cli/1.2/commons-cli-1.2.jar:/home/user/.m2/repository/org/apache/commons/commons-math3/3.1.1/commons-math3-3.1.1.jar:/home/user/.m2/repository/commons-codec/commons-codec/1.11/commons-codec-1.11.jar:/home/user/.m2/repository/commons-io/commons-io/2.5/commons-io-2.5.jar:/home/user/.m2/repository/commons-net/commons-net/3.6/commons-net-3.6.jar:/home/user/.m2/repository/commons-collections/commons-collections/3.2.2/commons-collections-3.2.2.jar:/home/user/.m2/repository/javax/servlet/javax.servlet-api/3.1.0/javax.servlet-api-3.1.0.jar:/home/user/.m2/repository/org/eclipse/jetty/jetty-server/9.3.25.v20180904/jetty-server-9.3.25.v20180904.jar:/home/user/.m2/repository/org/eclipse/jetty/jetty-http/9.3.25.v20180904/jetty-http-9.3.25.v20180904.jar:/home/user/.m2/repository/org/eclipse/jetty/jetty-io/9.3.25.v20180904/jetty-io-9.3.25.v20180904.jar:/home/user/.m2/repository/org/eclipse/jetty/jetty-util/9.3.25.v20180904/jetty-util-9.3.25.v20180904.jar:/home/user/.m2/repository/org/eclipse/jetty/jetty-servlet/9.3.25.v20180904/jetty-servlet-9.3.25.v20180904.jar:/home/user/.m2/repository/org/eclipse/jetty/jetty-security/9.3.25.v20180904/jetty-security-9.3.25.v20180904.jar:/home/user/.m2/repository/org/eclipse/jetty/jetty-webapp/9.3.25.v20180904/jetty-webapp-9.3.25.v20180904.jar:/home/user/.m2/repository/org/eclipse/jetty/jetty-xml/9.3.25.v20180904/jetty-xml-9.3.25.v20180904.jar:/home/user/.m2/repository/javax/servlet/jsp/jsp-api/2.1/jsp-api-2.1.jar:/home/user/.m2/repository/com/sun/jersey/jersey-core/1.19/jersey-core-1.19.jar:/home/user/.m2/repository/javax/ws/rs/jsr311-api/1.1.1/jsr311-api-1.1.1.jar:/home/user/.m2/repository/com/sun/jersey/jersey-servlet/1.19/jersey-servlet-1.19.jar:/home/user/.m2/repository/com/sun/jersey/jersey-json/1.19/jersey-json-1.19.jar:/home/user/.m2/repository/org/codehaus/jettison/jettison/1.1/jettison-1.1.jar:/home/user/.m2/repository/com/sun/xml/bind/jaxb-impl/2.3.0.1/jaxb-impl-2.3.0.1.jar:/home/user/.m2/repository/org/codehaus/jackson/jackson-core-asl/1.9.13/jackson-core-asl-1.9.13.jar:/home/user/.m2/repository/org/codehaus/jackson/jackson-mapper-asl/1.9.13/jackson-mapper-asl-1.9.13.jar:/home/user/.m2/repository/org/codehaus/jackson/jackson-jaxrs/1.9.13/jackson-jaxrs-1.9.13.jar:/home/user/.m2/repository/org/codehaus/jackson/jackson-xc/1.9.13/jackson-xc-1.9.13.jar:/home/user/.m2/repository/com/sun/jersey/jersey-server/1.19/jersey-server-1.19.jar:/home/user/.m2/repository/commons-logging/commons-logging/1.1.3/commons-logging-1.1.3.jar:/home/user/.m2/repository/log4j/log4j/1.2.17/log4j-1.2.17.jar:/home/user/.m2/repository/commons-beanutils/commons-beanutils/1.9.4/commons-beanutils-1.9.4.jar:/home/user/.m2/repository/org/apache/commons/commons-configuration2/2.1.1/commons-configuration2-2.1.1.jar:/home/user/.m2/repository/org/apache/commons/commons-lang3/3.7/commons-lang3-3.7.jar:/home/user/.m2/repository/org/apache/commons/commons-text/1.4/commons-text-1.4.jar:/home/user/.m2/repository/org/slf4j/slf4j-api/1.7.25/slf4j-api-1.7.25.jar:/home/user/.m2/repository/org/slf4j/slf4j-log4j12/1.7.25/slf4j-log4j12-1.7.25.jar:/home/user/.m2/repository/org/apache/avro/avro/1.7.7/avro-1.7.7.jar:/home/user/.m2/repository/com/thoughtworks/paranamer/paranamer/2.3/paranamer-2.3.jar:/home/user/.m2/repository/org/xerial/snappy/snappy-java/1.0.5/snappy-java-1.0.5.jar:/home/user/.m2/repository/com/google/re2j/re2j/1.1/re2j-1.1.jar:/home/user/.m2/repository/com/google/protobuf/protobuf-java/2.5.0/protobuf-java-2.5.0.jar:/home/user/.m2/repository/com/google/code/gson/gson/2.2.4/gson-2.2.4.jar:/home/user/.m2/repository/org/apache/hadoop/hadoop-auth/3.2.0/hadoop-auth-3.2.0.jar:/home/user/.m2/repository/com/nimbusds/nimbus-jose-jwt/4.41.1/nimbus-jose-jwt-4.41.1.jar:/home/user/.m2/repository/com/github/stephenc/jcip/jcip-annotations/1.0-1/jcip-annotations-1.0-1.jar:/home/user/.m2/repository/net/minidev/json-smart/2.3/json-smart-2.3.jar:/home/user/.m2/repository/net/minidev/accessors-smart/1.2/accessors-smart-1.2.jar:/home/user/.m2/repository/org/apache/curator/curator-framework/2.12.0/curator-framework-2.12.0.jar:/home/user/.m2/repository/com/jcraft/jsch/0.1.54/jsch-0.1.54.jar:/home/user/.m2/repository/org/apache/curator/curator-client/2.12.0/curator-client-2.12.0.jar:/home/user/.m2/repository/org/apache/curator/curator-recipes/2.12.0/curator-recipes-2.12.0.jar:/home/user/.m2/repository/com/google/code/findbugs/jsr305/3.0.0/jsr305-3.0.0.jar:/home/user/.m2/repository/org/apache/htrace/htrace-core4/4.1.0-incubating/htrace-core4-4.1.0-incubating.jar:/home/user/.m2/repository/org/apache/zookeeper/zookeeper/3.4.13/zookeeper-3.4.13.jar:/home/user/.m2/repository/jline/jline/0.9.94/jline-0.9.94.jar:/home/user/.m2/repository/org/apache/yetus/audience-annotations/0.5.0/audience-annotations-0.5.0.jar:/home/user/.m2/repository/org/apache/commons/commons-compress/1.4.1/commons-compress-1.4.1.jar:/home/user/.m2/repository/org/tukaani/xz/1.0/xz-1.0.jar:/home/user/.m2/repository/org/apache/kerby/kerb-simplekdc/1.0.1/kerb-simplekdc-1.0.1.jar:/home/user/.m2/repository/org/apache/kerby/kerb-client/1.0.1/kerb-client-1.0.1.jar:/home/user/.m2/repository/org/apache/kerby/kerby-config/1.0.1/kerby-config-1.0.1.jar:/home/user/.m2/repository/org/apache/kerby/kerb-core/1.0.1/kerb-core-1.0.1.jar:/home/user/.m2/repository/org/apache/kerby/kerby-pkix/1.0.1/kerby-pkix-1.0.1.jar:/home/user/.m2/repository/org/apache/kerby/kerby-asn1/1.0.1/kerby-asn1-1.0.1.jar:/home/user/.m2/repository/org/apache/kerby/kerby-util/1.0.1/kerby-util-1.0.1.jar:/home/user/.m2/repository/org/apache/kerby/kerb-common/1.0.1/kerb-common-1.0.1.jar:/home/user/.m2/repository/org/apache/kerby/kerb-crypto/1.0.1/kerb-crypto-1.0.1.jar:/home/user/.m2/repository/org/apache/kerby/kerb-util/1.0.1/kerb-util-1.0.1.jar:/home/user/.m2/repository/org/apache/kerby/token-provider/1.0.1/token-provider-1.0.1.jar:/home/user/.m2/repository/org/apache/kerby/kerb-admin/1.0.1/kerb-admin-1.0.1.jar:/home/user/.m2/repository/org/apache/kerby/kerb-server/1.0.1/kerb-server-1.0.1.jar:/home/user/.m2/repository/org/apache/kerby/kerb-identity/1.0.1/kerb-identity-1.0.1.jar:/home/user/.m2/repository/org/apache/kerby/kerby-xdr/1.0.1/kerby-xdr-1.0.1.jar:/home/user/.m2/repository/com/fasterxml/jackson/core/jackson-databind/2.9.9/jackson-databind-2.9.9.jar:/home/user/.m2/repository/com/fasterxml/jackson/core/jackson-annotations/2.9.9/jackson-annotations-2.9.9.jar:/home/user/.m2/repository/com/fasterxml/jackson/core/jackson-core/2.9.9/jackson-core-2.9.9.jar:/home/user/.m2/repository/org/codehaus/woodstox/stax2-api/3.1.4/stax2-api-3.1.4.jar:/home/user/.m2/repository/com/fasterxml/woodstox/woodstox-core/5.0.3/woodstox-core-5.0.3.jar:/home/user/.m2/repository/dnsjava/dnsjava/2.1.7/dnsjava-2.1.7.jar:/home/user/.m2/repository/org/apache/hadoop/hadoop-hdfs/3.2.0/hadoop-hdfs-3.2.0.jar:/home/user/.m2/repository/org/eclipse/jetty/jetty-util-ajax/9.3.25.v20180904/jetty-util-ajax-9.3.25.v20180904.jar:/home/user/.m2/repository/commons-daemon/commons-daemon/1.0.13/commons-daemon-1.0.13.jar:/home/user/.m2/repository/io/netty/netty/3.10.5.Final/netty-3.10.5.Final.jar:/home/user/.m2/repository/io/netty/netty-all/4.0.52.Final/netty-all-4.0.52.Final.jar:/home/user/.m2/repository/org/fusesource/leveldbjni/leveldbjni-all/1.8/leveldbjni-all-1.8.jar:/home/user/.m2/repository/org/apache/hadoop/hadoop-hdds-common/0.5.0-SNAPSHOT/hadoop-hdds-common-0.5.0-SNAPSHOT.jar:/home/user/.m2/repository/org/apache/hadoop/hadoop-hdds-config/0.5.0-SNAPSHOT/hadoop-hdds-config-0.5.0-SNAPSHOT.jar:/home/user/.m2/repository/javax/annotation/javax.annotation-api/1.2/javax.annotation-api-1.2.jar:/home/user/.m2/repository/org/apache/ratis/ratis-server/0.5.0-d6d58d0-SNAPSHOT/ratis-server-0.5.0-d6d58d0-SNAPSHOT.jar:/home/user/.m2/repository/org/apache/ratis/ratis-thirdparty-misc/0.2.0/ratis-thirdparty-misc-0.2.0.jar:/home/user/.m2/repository/org/apache/ratis/ratis-proto/0.5.0-d6d58d0-SNAPSHOT/ratis-proto-0.5.0-d6d58d0-SNAPSHOT.jar:/home/user/.m2/repository/org/apache/ratis/ratis-common/0.5.0-d6d58d0-SNAPSHOT/ratis-common-0.5.0-d6d58d0-SNAPSHOT.jar:/home/user/.m2/repository/org/apache/ratis/ratis-client/0.5.0-d6d58d0-SNAPSHOT/ratis-client-0.5.0-d6d58d0-SNAPSHOT.jar:/home/user/.m2/repository/org/apache/ratis/ratis-metrics/0.5.0-d6d58d0-SNAPSHOT/ratis-metrics-0.5.0-d6d58d0-SNAPSHOT.jar:/home/user/.m2/repository/org/apache/ratis/ratis-netty/0.5.0-d6d58d0-SNAPSHOT/ratis-netty-0.5.0-d6d58d0-SNAPSHOT.jar:/home/user/.m2/repository/org/apache/ratis/ratis-grpc/0.5.0-d6d58d0-SNAPSHOT/ratis-grpc-0.5.0-d6d58d0-SNAPSHOT.jar:/home/user/.m2/repository/org/rocksdb/rocksdbjni/6.0.1/rocksdbjni-6.0.1.jar:/home/user/.m2/repository/org/apache/logging/log4j/log4j-api/2.11.0/log4j-api-2.11.0.jar:/home/user/.m2/repository/org/apache/logging/log4j/log4j-core/2.11.0/log4j-core-2.11.0.jar:/home/user/.m2/repository/com/lmax/disruptor/3.4.2/disruptor-3.4.2.jar:/home/user/.m2/repository/org/apache/commons/commons-pool2/2.6.0/commons-pool2-2.6.0.jar:/home/user/.m2/repository/org/bouncycastle/bcpkix-jdk15on/1.60/bcpkix-jdk15on-1.60.jar:/home/user/.m2/repository/commons-validator/commons-validator/1.6/commons-validator-1.6.jar:/home/user/.m2/repository/commons-digester/commons-digester/1.8.1/commons-digester-1.8.1.jar:/home/user/.m2/repository/io/jaegertracing/jaeger-client/0.34.0/jaeger-client-0.34.0.jar:/home/user/.m2/repository/io/jaegertracing/jaeger-thrift/0.34.0/jaeger-thrift-0.34.0.jar:/home/user/.m2/repository/org/apache/thrift/libthrift/0.12.0/libthrift-0.12.0.jar:/home/user/.m2/repository/com/squareup/okhttp3/okhttp/3.9.0/okhttp-3.9.0.jar:/home/user/.m2/repository/com/squareup/okio/okio/1.13.0/okio-1.13.0.jar:/home/user/.m2/repository/io/jaegertracing/jaeger-core/0.34.0/jaeger-core-0.34.0.jar:/home/user/.m2/repository/io/jaegertracing/jaeger-tracerresolver/0.34.0/jaeger-tracerresolver-0.34.0.jar:/home/user/.m2/repository/io/opentracing/contrib/opentracing-tracerresolver/0.1.5/opentracing-tracerresolver-0.1.5.jar:/home/user/.m2/repository/io/opentracing/opentracing-util/0.31.0/opentracing-util-0.31.0.jar:/home/user/.m2/repository/io/opentracing/opentracing-api/0.31.0/opentracing-api-0.31.0.jar:/home/user/.m2/repository/io/opentracing/opentracing-noop/0.31.0/opentracing-noop-0.31.0.jar:/home/user/.m2/repository/org/yaml/snakeyaml/1.16/snakeyaml-1.16.jar:/home/user/.m2/repository/org/apache/hadoop/hadoop-hdfs-client/3.2.0/hadoop-hdfs-client-3.2.0.jar:/home/user/.m2/repository/info/picocli/picocli/3.9.6/picocli-3.9.6.jar:/home/user/.m2/repository/org/apache/hadoop/hadoop-hdds-server-scm/0.5.0-SNAPSHOT/hadoop-hdds-server-scm-0.5.0-SNAPSHOT.jar:/home/user/.m2/repository/org/apache/hadoop/hadoop-hdds-docs/0.5.0-SNAPSHOT/hadoop-hdds-docs-0.5.0-SNAPSHOT.jar:/home/user/.m2/repository/io/dropwizard/metrics/metrics-core/3.2.4/metrics-core-3.2.4.jar:/home/user/.m2/repository/org/hamcrest/hamcrest-all/1.3/hamcrest-all-1.3.jar:/home/user/.m2/repository/org/bouncycastle/bcprov-jdk15on/1.60/bcprov-jdk15on-1.60.jar:/home/user/.m2/repository/org/apache/hadoop/hadoop-hdds-server-framework/0.5.0-SNAPSHOT/hadoop-hdds-server-framework-0.5.0-SNAPSHOT.jar:/home/user/.m2/repository/org/apache/hadoop/hadoop-ozone-ozone-manager/0.5.0-SNAPSHOT/hadoop-ozone-ozone-manager-0.5.0-SNAPSHOT.jar:/home/user/.m2/repository/org/apache/hadoop/hadoop-hdds-container-service/0.5.0-SNAPSHOT/hadoop-hdds-container-service-0.5.0-SNAPSHOT.jar:/home/user/.m2/repository/org/apache/hadoop/hadoop-hdds-client/0.5.0-SNAPSHOT/hadoop-hdds-client-0.5.0-SNAPSHOT.jar:/home/user/.m2/repository/org/apache/hadoop/hadoop-ozone-common/0.5.0-SNAPSHOT/hadoop-ozone-common-0.5.0-SNAPSHOT.jar:/home/user/.m2/repository/org/apache/hadoop/hadoop-hdds-tools/0.5.0-SNAPSHOT/hadoop-hdds-tools-0.5.0-SNAPSHOT.jar:/home/user/.m2/repository/org/xerial/sqlite-jdbc/3.25.2/sqlite-jdbc-3.25.2.jar:/home/user/.m2/repository/org/apache/httpcomponents/httpclient/4.5.2/httpclient-4.5.2.jar:/home/user/.m2/repository/org/apache/httpcomponents/httpcore/4.4.4/httpcore-4.4.4.jar:/home/user/.m2/repository/com/github/spotbugs/spotbugs/3.1.12/spotbugs-3.1.12.jar:/home/user/.m2/repository/org/ow2/asm/asm/5.0.4/asm-5.0.4.jar:/home/user/.m2/repository/org/ow2/asm/asm-analysis/7.0/asm-analysis-7.0.jar:/home/user/.m2/repository/org/ow2/asm/asm-commons/7.0/asm-commons-7.0.jar:/home/user/.m2/repository/org/ow2/asm/asm-tree/7.0/asm-tree-7.0.jar:/home/user/.m2/repository/org/ow2/asm/asm-util/7.0/asm-util-7.0.jar:/home/user/.m2/repository/org/apache/bcel/bcel/6.3/bcel-6.3.jar:/home/user/.m2/repository/net/jcip/jcip-annotations/1.0/jcip-annotations-1.0.jar:/home/user/.m2/repository/org/dom4j/dom4j/2.1.1/dom4j-2.1.1.jar:/home/user/.m2/repository/jaxen/jaxen/1.1.6/jaxen-1.1.6.jar:/home/user/.m2/repository/commons-lang/commons-lang/2.6/commons-lang-2.6.jar:/home/user/.m2/repository/com/github/spotbugs/spotbugs-annotations/3.1.12/spotbugs-annotations-3.1.12.jar:/home/user/.m2/repository/org/apache/hadoop/hadoop-common/3.2.0/hadoop-common-3.2.0-tests.jar:/home/user/.m2/repository/org/apache/hadoop/hadoop-ozone-client/0.5.0-SNAPSHOT/hadoop-ozone-client-0.5.0-SNAPSHOT.jar:/home/user/.m2/repository/org/apache/hadoop/hadoop-hdfs/3.2.0/hadoop-hdfs-3.2.0-tests.jar:/workdir/hadoop-ozone/integration-test/target/test-classes:/home/user/.m2/repository/org/apache/hadoop/hadoop-ozone-s3gateway/0.5.0-SNAPSHOT/hadoop-ozone-s3gateway-0.5.0-SNAPSHOT.jar:/home/user/.m2/repository/org/jboss/weld/servlet/weld-servlet/2.4.7.Final/weld-servlet-2.4.7.Final.jar:/home/user/.m2/repository/org/glassfish/jersey/containers/jersey-container-servlet-core/2.27/jersey-container-servlet-core-2.27.jar:/home/user/.m2/repository/org/glassfish/hk2/external/javax.inject/2.5.0-b42/javax.inject-2.5.0-b42.jar:/home/user/.m2/repository/org/glassfish/jersey/core/jersey-common/2.27/jersey-common-2.27.jar:/home/user/.m2/repository/org/glassfish/hk2/osgi-resource-locator/1.0.1/osgi-resource-locator-1.0.1.jar:/home/user/.m2/repository/javax/ws/rs/javax.ws.rs-api/2.1/javax.ws.rs-api-2.1.jar:/home/user/.m2/repository/org/glassfish/jersey/ext/cdi/jersey-cdi1x/2.27/jersey-cdi1x-2.27.jar:/home/user/.m2/repository/org/glassfish/jersey/inject/jersey-hk2/2.27/jersey-hk2-2.27.jar:/home/user/.m2/repository/org/glassfish/hk2/hk2-locator/2.5.0-b42/hk2-locator-2.5.0-b42.jar:/home/user/.m2/repository/org/javassist/javassist/3.22.0-CR2/javassist-3.22.0-CR2.jar:/home/user/.m2/repository/org/glassfish/hk2/hk2-api/2.5.0/hk2-api-2.5.0.jar:/home/user/.m2/repository/org/glassfish/hk2/external/jakarta.inject/2.5.0/jakarta.inject-2.5.0.jar:/home/user/.m2/repository/org/glassfish/hk2/hk2-utils/2.5.0/hk2-utils-2.5.0.jar:/home/user/.m2/repository/jakarta/annotation/jakarta.annotation-api/1.3.4/jakarta.annotation-api-1.3.4.jar:/home/user/.m2/repository/org/glassfish/hk2/external/aopalliance-repackaged/2.5.0/aopalliance-repackaged-2.5.0.jar:/home/user/.m2/repository/com/fasterxml/jackson/dataformat/jackson-dataformat-xml/2.9.0/jackson-dataformat-xml-2.9.0.jar:/home/user/.m2/repository/com/fasterxml/jackson/module/jackson-module-jaxb-annotations/2.9.9/jackson-module-jaxb-annotations-2.9.9.jar:/home/user/.m2/repository/javax/enterprise/cdi-api/1.2/cdi-api-1.2.jar:/home/user/.m2/repository/javax/el/javax.el-api/3.0.0/javax.el-api-3.0.0.jar:/home/user/.m2/repository/javax/interceptor/javax.interceptor-api/1.2/javax.interceptor-api-1.2.jar:/home/user/.m2/repository/javax/inject/javax.inject/1/javax.inject-1.jar:/home/user/.m2/repository/com/sun/xml/bind/jaxb-core/2.3.0.1/jaxb-core-2.3.0.1.jar:/home/user/.m2/repository/javax/xml/bind/jaxb-api/2.3.0/jaxb-api-2.3.0.jar:/home/user/.m2/repository/javax/activation/activation/1.1.1/activation-1.1.1.jar:/home/user/.m2/repository/org/apache/hadoop/hadoop-ozone-csi/0.5.0-SNAPSHOT/hadoop-ozone-csi-0.5.0-SNAPSHOT.jar:/home/user/.m2/repository/com/google/protobuf/protobuf-java-util/3.5.1/protobuf-java-util-3.5.1.jar:/home/user/.m2/repository/io/grpc/grpc-netty/1.17.1/grpc-netty-1.17.1.jar:/home/user/.m2/repository/io/grpc/grpc-core/1.17.1/grpc-core-1.17.1.jar:/home/user/.m2/repository/io/grpc/grpc-context/1.17.1/grpc-context-1.17.1.jar:/home/user/.m2/repository/com/google/errorprone/error_prone_annotations/2.2.0/error_prone_annotations-2.2.0.jar:/home/user/.m2/repository/org/codehaus/mojo/animal-sniffer-annotations/1.17/animal-sniffer-annotations-1.17.jar:/home/user/.m2/repository/io/opencensus/opencensus-api/0.17.0/opencensus-api-0.17.0.jar:/home/user/.m2/repository/io/opencensus/opencensus-contrib-grpc-metrics/0.17.0/opencensus-contrib-grpc-metrics-0.17.0.jar:/home/user/.m2/repository/io/netty/netty-codec-http2/4.1.30.Final/netty-codec-http2-4.1.30.Final.jar:/home/user/.m2/repository/io/netty/netty-codec-http/4.1.30.Final/netty-codec-http-4.1.30.Final.jar:/home/user/.m2/repository/io/netty/netty-codec/4.1.30.Final/netty-codec-4.1.30.Final.jar:/home/user/.m2/repository/io/netty/netty-handler/4.1.30.Final/netty-handler-4.1.30.Final.jar:/home/user/.m2/repository/io/netty/netty-handler-proxy/4.1.30.Final/netty-handler-proxy-4.1.30.Final.jar:/home/user/.m2/repository/io/netty/netty-codec-socks/4.1.30.Final/netty-codec-socks-4.1.30.Final.jar:/home/user/.m2/repository/io/netty/netty-transport-native-epoll/4.1.30.Final/netty-transport-native-epoll-4.1.30.Final.jar:/home/user/.m2/repository/io/netty/netty-common/4.1.30.Final/netty-common-4.1.30.Final.jar:/home/user/.m2/repository/io/netty/netty-buffer/4.1.30.Final/netty-buffer-4.1.30.Final.jar:/home/user/.m2/repository/io/netty/netty-transport/4.1.30.Final/netty-transport-4.1.30.Final.jar:/home/user/.m2/repository/io/netty/netty-resolver/4.1.30.Final/netty-resolver-4.1.30.Final.jar:/home/user/.m2/repository/io/netty/netty-transport-native-unix-common/4.1.30.Final/netty-transport-native-unix-common-4.1.30.Final.jar:/home/user/.m2/repository/io/grpc/grpc-protobuf/1.17.1/grpc-protobuf-1.17.1.jar:/home/user/.m2/repository/com/google/api/grpc/proto-google-common-protos/1.0.0/proto-google-common-protos-1.0.0.jar:/home/user/.m2/repository/io/grpc/grpc-protobuf-lite/1.17.1/grpc-protobuf-lite-1.17.1.jar:/home/user/.m2/repository/io/grpc/grpc-stub/1.17.1/grpc-stub-1.17.1.jar:/home/user/.m2/repository/org/apache/hadoop/hadoop-ozone-recon/0.5.0-SNAPSHOT/hadoop-ozone-recon-0.5.0-SNAPSHOT.jar:/home/user/.m2/repository/org/apache/hadoop/hadoop-ozone-reconcodegen/0.5.0-SNAPSHOT/hadoop-ozone-reconcodegen-0.5.0-SNAPSHOT.jar:/home/user/.m2/repository/com/google/inject/extensions/guice-multibindings/4.0/guice-multibindings-4.0.jar:/home/user/.m2/repository/com/google/inject/guice/4.0/guice-4.0.jar:/home/user/.m2/repository/aopalliance/aopalliance/1.0/aopalliance-1.0.jar:/home/user/.m2/repository/org/glassfish/jersey/containers/jersey-container-servlet/2.27/jersey-container-servlet-2.27.jar:/home/user/.m2/repository/org/glassfish/hk2/guice-bridge/2.5.0/guice-bridge-2.5.0.jar:/home/user/.m2/repository/org/glassfish/jersey/core/jersey-server/2.27/jersey-server-2.27.jar:/home/user/.m2/repository/org/glassfish/jersey/core/jersey-client/2.27/jersey-client-2.27.jar:/home/user/.m2/repository/org/glassfish/jersey/media/jersey-media-jaxb/2.27/jersey-media-jaxb-2.27.jar:/home/user/.m2/repository/javax/validation/validation-api/1.1.0.Final/validation-api-1.1.0.Final.jar:/home/user/.m2/repository/org/glassfish/jersey/media/jersey-media-json-jackson/2.27/jersey-media-json-jackson-2.27.jar:/home/user/.m2/repository/org/glassfish/jersey/ext/jersey-entity-filtering/2.27/jersey-entity-filtering-2.27.jar:/home/user/.m2/repository/com/google/inject/extensions/guice-assistedinject/4.0/guice-assistedinject-4.0.jar:/home/user/.m2/repository/org/jooq/jooq/3.11.10/jooq-3.11.10.jar:/home/user/.m2/repository/org/jooq/jooq-meta/3.11.10/jooq-meta-3.11.10.jar:/home/user/.m2/repository/org/jooq/jooq-codegen/3.11.10/jooq-codegen-3.11.10.jar:/home/user/.m2/repository/com/jolbox/bonecp/0.8.0.RELEASE/bonecp-0.8.0.RELEASE.jar:/home/user/.m2/repository/org/springframework/spring-jdbc/5.1.3.RELEASE/spring-jdbc-5.1.3.RELEASE.jar:/home/user/.m2/repository/org/springframework/spring-beans/5.1.3.RELEASE/spring-beans-5.1.3.RELEASE.jar:/home/user/.m2/repository/org/springframework/spring-core/5.1.3.RELEASE/spring-core-5.1.3.RELEASE.jar:/home/user/.m2/repository/org/springframework/spring-jcl/5.1.3.RELEASE/spring-jcl-5.1.3.RELEASE.jar:/home/user/.m2/repository/org/springframework/spring-tx/5.1.3.RELEASE/spring-tx-5.1.3.RELEASE.jar:/home/user/.m2/repository/org/mockito/mockito-all/1.10.19/mockito-all-1.10.19.jar:/home/user/.m2/repository/junit/junit/4.11/junit-4.11.jar:/home/user/.m2/repository/org/hamcrest/hamcrest-core/1.3/hamcrest-core-1.3.jar:/home/user/.m2/repository/org/apache/hadoop/hadoop-distcp/3.2.0/hadoop-distcp-3.2.0.jar:/home/user/.m2/repository/org/apache/hadoop/hadoop-distcp/3.2.0/hadoop-distcp-3.2.0-tests.jar:/home/user/.m2/repository/org/apache/hadoop/hadoop-mapreduce-client-jobclient/3.2.0/hadoop-mapreduce-client-jobclient-3.2.0.jar:/home/user/.m2/repository/org/apache/hadoop/hadoop-mapreduce-client-common/3.2.0/hadoop-mapreduce-client-common-3.2.0.jar:/home/user/.m2/repository/org/apache/hadoop/hadoop-yarn-common/3.2.0/hadoop-yarn-common-3.2.0.jar:/home/user/.m2/repository/org/apache/hadoop/hadoop-yarn-api/3.2.0/hadoop-yarn-api-3.2.0.jar:/home/user/.m2/repository/com/sun/jersey/jersey-client/1.19/jersey-client-1.19.jar:/home/user/.m2/repository/com/sun/jersey/contribs/jersey-guice/1.19/jersey-guice-1.19.jar:/home/user/.m2/repository/com/fasterxml/jackson/jaxrs/jackson-jaxrs-json-provider/2.9.9/jackson-jaxrs-json-provider-2.9.9.jar:/home/user/.m2/repository/com/fasterxml/jackson/jaxrs/jackson-jaxrs-base/2.9.9/jackson-jaxrs-base-2.9.9.jar:/home/user/.m2/repository/org/apache/hadoop/hadoop-yarn-client/3.2.0/hadoop-yarn-client-3.2.0.jar:/home/user/.m2/repository/org/apache/hadoop/hadoop-mapreduce-client-core/3.2.0/hadoop-mapreduce-client-core-3.2.0.jar:/home/user/.m2/repository/com/google/inject/extensions/guice-servlet/4.0/guice-servlet-4.0.jar:/home/user/.m2/repository/org/powermock/powermock-module-junit4/1.6.5/powermock-module-junit4-1.6.5.jar:/home/user/.m2/repository/org/powermock/powermock-module-junit4-common/1.6.5/powermock-module-junit4-common-1.6.5.jar:/home/user/.m2/repository/org/powermock/powermock-core/1.6.5/powermock-core-1.6.5.jar:/home/user/.m2/repository/org/powermock/powermock-reflect/1.6.5/powermock-reflect-1.6.5.jar:/home/user/.m2/repository/org/powermock/powermock-api-mockito/1.6.5/powermock-api-mockito-1.6.5.jar:/home/user/.m2/repository/org/mockito/mockito-core/1.10.19/mockito-core-1.10.19.jar:/home/user/.m2/repository/org/objenesis/objenesis/1.0/objenesis-1.0.jar:/home/user/.m2/repository/org/powermock/powermock-api-mockito-common/1.6.5/powermock-api-mockito-common-1.6.5.jar:/home/user/.m2/repository/org/powermock/powermock-api-support/1.6.5/powermock-api-support-1.6.5.jar:"/>
    <property name="java.vm.vendor" value="Oracle Corporation"/>
    <property name="sun.arch.data.model" value="64"/>
    <property name="test.build.dir" value="/workdir/hadoop-ozone/ozonefs/target/test-dir"/>
    <property name="test.cache.data" value=""/>
    <property name="java.vendor.url" value="http://java.oracle.com/"/>
    <property name="user.timezone" value=""/>
    <property name="java.vm.specification.version" value="1.8"/>
    <property name="os.name" value="Linux"/>
    <property name="test.build.data" value="/workdir/hadoop-ozone/ozonefs/target/test-dir"/>
    <property name="user.country" value="US"/>
    <property name="sun.java.launcher" value="SUN_STANDARD"/>
    <property name="sun.boot.library.path" value="/usr/lib/jvm/java-1.8.0-openjdk-1.8.0.222.b10-1.el7_7.x86_64/jre/lib/amd64"/>
    <property name="sun.java.command" value="/workdir/hadoop-ozone/ozonefs/target/surefire/surefirebooter5080633131280459262.jar /workdir/hadoop-ozone/ozonefs/target/surefire 2019-10-30T20-20-08_238-jvmRun1 surefire7343210247906501728tmp surefire_852956429349109884092tmp"/>
    <property name="surefire.test.class.path" value="/workdir/hadoop-ozone/ozonefs/target/test-classes:/workdir/hadoop-ozone/ozonefs/target/classes:/home/user/.m2/repository/org/apache/hadoop/hadoop-common/3.2.0/hadoop-common-3.2.0.jar:/home/user/.m2/repository/org/apache/hadoop/hadoop-annotations/3.2.0/hadoop-annotations-3.2.0.jar:/usr/lib/jvm/java-1.8.0-openjdk-1.8.0.222.b10-1.el7_7.x86_64/jre/../lib/tools.jar:/home/user/.m2/repository/com/google/guava/guava/11.0.2/guava-11.0.2.jar:/home/user/.m2/repository/commons-cli/commons-cli/1.2/commons-cli-1.2.jar:/home/user/.m2/repository/org/apache/commons/commons-math3/3.1.1/commons-math3-3.1.1.jar:/home/user/.m2/repository/commons-codec/commons-codec/1.11/commons-codec-1.11.jar:/home/user/.m2/repository/commons-io/commons-io/2.5/commons-io-2.5.jar:/home/user/.m2/repository/commons-net/commons-net/3.6/commons-net-3.6.jar:/home/user/.m2/repository/commons-collections/commons-collections/3.2.2/commons-collections-3.2.2.jar:/home/user/.m2/repository/javax/servlet/javax.servlet-api/3.1.0/javax.servlet-api-3.1.0.jar:/home/user/.m2/repository/org/eclipse/jetty/jetty-server/9.3.25.v20180904/jetty-server-9.3.25.v20180904.jar:/home/user/.m2/repository/org/eclipse/jetty/jetty-http/9.3.25.v20180904/jetty-http-9.3.25.v20180904.jar:/home/user/.m2/repository/org/eclipse/jetty/jetty-io/9.3.25.v20180904/jetty-io-9.3.25.v20180904.jar:/home/user/.m2/repository/org/eclipse/jetty/jetty-util/9.3.25.v20180904/jetty-util-9.3.25.v20180904.jar:/home/user/.m2/repository/org/eclipse/jetty/jetty-servlet/9.3.25.v20180904/jetty-servlet-9.3.25.v20180904.jar:/home/user/.m2/repository/org/eclipse/jetty/jetty-security/9.3.25.v20180904/jetty-security-9.3.25.v20180904.jar:/home/user/.m2/repository/org/eclipse/jetty/jetty-webapp/9.3.25.v20180904/jetty-webapp-9.3.25.v20180904.jar:/home/user/.m2/repository/org/eclipse/jetty/jetty-xml/9.3.25.v20180904/jetty-xml-9.3.25.v20180904.jar:/home/user/.m2/repository/javax/servlet/jsp/jsp-api/2.1/jsp-api-2.1.jar:/home/user/.m2/repository/com/sun/jersey/jersey-core/1.19/jersey-core-1.19.jar:/home/user/.m2/repository/javax/ws/rs/jsr311-api/1.1.1/jsr311-api-1.1.1.jar:/home/user/.m2/repository/com/sun/jersey/jersey-servlet/1.19/jersey-servlet-1.19.jar:/home/user/.m2/repository/com/sun/jersey/jersey-json/1.19/jersey-json-1.19.jar:/home/user/.m2/repository/org/codehaus/jettison/jettison/1.1/jettison-1.1.jar:/home/user/.m2/repository/com/sun/xml/bind/jaxb-impl/2.3.0.1/jaxb-impl-2.3.0.1.jar:/home/user/.m2/repository/org/codehaus/jackson/jackson-core-asl/1.9.13/jackson-core-asl-1.9.13.jar:/home/user/.m2/repository/org/codehaus/jackson/jackson-mapper-asl/1.9.13/jackson-mapper-asl-1.9.13.jar:/home/user/.m2/repository/org/codehaus/jackson/jackson-jaxrs/1.9.13/jackson-jaxrs-1.9.13.jar:/home/user/.m2/repository/org/codehaus/jackson/jackson-xc/1.9.13/jackson-xc-1.9.13.jar:/home/user/.m2/repository/com/sun/jersey/jersey-server/1.19/jersey-server-1.19.jar:/home/user/.m2/repository/commons-logging/commons-logging/1.1.3/commons-logging-1.1.3.jar:/home/user/.m2/repository/log4j/log4j/1.2.17/log4j-1.2.17.jar:/home/user/.m2/repository/commons-beanutils/commons-beanutils/1.9.4/commons-beanutils-1.9.4.jar:/home/user/.m2/repository/org/apache/commons/commons-configuration2/2.1.1/commons-configuration2-2.1.1.jar:/home/user/.m2/repository/org/apache/commons/commons-lang3/3.7/commons-lang3-3.7.jar:/home/user/.m2/repository/org/apache/commons/commons-text/1.4/commons-text-1.4.jar:/home/user/.m2/repository/org/slf4j/slf4j-api/1.7.25/slf4j-api-1.7.25.jar:/home/user/.m2/repository/org/slf4j/slf4j-log4j12/1.7.25/slf4j-log4j12-1.7.25.jar:/home/user/.m2/repository/org/apache/avro/avro/1.7.7/avro-1.7.7.jar:/home/user/.m2/repository/com/thoughtworks/paranamer/paranamer/2.3/paranamer-2.3.jar:/home/user/.m2/repository/org/xerial/snappy/snappy-java/1.0.5/snappy-java-1.0.5.jar:/home/user/.m2/repository/com/google/re2j/re2j/1.1/re2j-1.1.jar:/home/user/.m2/repository/com/google/protobuf/protobuf-java/2.5.0/protobuf-java-2.5.0.jar:/home/user/.m2/repository/com/google/code/gson/gson/2.2.4/gson-2.2.4.jar:/home/user/.m2/repository/org/apache/hadoop/hadoop-auth/3.2.0/hadoop-auth-3.2.0.jar:/home/user/.m2/repository/com/nimbusds/nimbus-jose-jwt/4.41.1/nimbus-jose-jwt-4.41.1.jar:/home/user/.m2/repository/com/github/stephenc/jcip/jcip-annotations/1.0-1/jcip-annotations-1.0-1.jar:/home/user/.m2/repository/net/minidev/json-smart/2.3/json-smart-2.3.jar:/home/user/.m2/repository/net/minidev/accessors-smart/1.2/accessors-smart-1.2.jar:/home/user/.m2/repository/org/apache/curator/curator-framework/2.12.0/curator-framework-2.12.0.jar:/home/user/.m2/repository/com/jcraft/jsch/0.1.54/jsch-0.1.54.jar:/home/user/.m2/repository/org/apache/curator/curator-client/2.12.0/curator-client-2.12.0.jar:/home/user/.m2/repository/org/apache/curator/curator-recipes/2.12.0/curator-recipes-2.12.0.jar:/home/user/.m2/repository/com/google/code/findbugs/jsr305/3.0.0/jsr305-3.0.0.jar:/home/user/.m2/repository/org/apache/htrace/htrace-core4/4.1.0-incubating/htrace-core4-4.1.0-incubating.jar:/home/user/.m2/repository/org/apache/zookeeper/zookeeper/3.4.13/zookeeper-3.4.13.jar:/home/user/.m2/repository/jline/jline/0.9.94/jline-0.9.94.jar:/home/user/.m2/repository/org/apache/yetus/audience-annotations/0.5.0/audience-annotations-0.5.0.jar:/home/user/.m2/repository/org/apache/commons/commons-compress/1.4.1/commons-compress-1.4.1.jar:/home/user/.m2/repository/org/tukaani/xz/1.0/xz-1.0.jar:/home/user/.m2/repository/org/apache/kerby/kerb-simplekdc/1.0.1/kerb-simplekdc-1.0.1.jar:/home/user/.m2/repository/org/apache/kerby/kerb-client/1.0.1/kerb-client-1.0.1.jar:/home/user/.m2/repository/org/apache/kerby/kerby-config/1.0.1/kerby-config-1.0.1.jar:/home/user/.m2/repository/org/apache/kerby/kerb-core/1.0.1/kerb-core-1.0.1.jar:/home/user/.m2/repository/org/apache/kerby/kerby-pkix/1.0.1/kerby-pkix-1.0.1.jar:/home/user/.m2/repository/org/apache/kerby/kerby-asn1/1.0.1/kerby-asn1-1.0.1.jar:/home/user/.m2/repository/org/apache/kerby/kerby-util/1.0.1/kerby-util-1.0.1.jar:/home/user/.m2/repository/org/apache/kerby/kerb-common/1.0.1/kerb-common-1.0.1.jar:/home/user/.m2/repository/org/apache/kerby/kerb-crypto/1.0.1/kerb-crypto-1.0.1.jar:/home/user/.m2/repository/org/apache/kerby/kerb-util/1.0.1/kerb-util-1.0.1.jar:/home/user/.m2/repository/org/apache/kerby/token-provider/1.0.1/token-provider-1.0.1.jar:/home/user/.m2/repository/org/apache/kerby/kerb-admin/1.0.1/kerb-admin-1.0.1.jar:/home/user/.m2/repository/org/apache/kerby/kerb-server/1.0.1/kerb-server-1.0.1.jar:/home/user/.m2/repository/org/apache/kerby/kerb-identity/1.0.1/kerb-identity-1.0.1.jar:/home/user/.m2/repository/org/apache/kerby/kerby-xdr/1.0.1/kerby-xdr-1.0.1.jar:/home/user/.m2/repository/com/fasterxml/jackson/core/jackson-databind/2.9.9/jackson-databind-2.9.9.jar:/home/user/.m2/repository/com/fasterxml/jackson/core/jackson-annotations/2.9.9/jackson-annotations-2.9.9.jar:/home/user/.m2/repository/com/fasterxml/jackson/core/jackson-core/2.9.9/jackson-core-2.9.9.jar:/home/user/.m2/repository/org/codehaus/woodstox/stax2-api/3.1.4/stax2-api-3.1.4.jar:/home/user/.m2/repository/com/fasterxml/woodstox/woodstox-core/5.0.3/woodstox-core-5.0.3.jar:/home/user/.m2/repository/dnsjava/dnsjava/2.1.7/dnsjava-2.1.7.jar:/home/user/.m2/repository/org/apache/hadoop/hadoop-hdfs/3.2.0/hadoop-hdfs-3.2.0.jar:/home/user/.m2/repository/org/eclipse/jetty/jetty-util-ajax/9.3.25.v20180904/jetty-util-ajax-9.3.25.v20180904.jar:/home/user/.m2/repository/commons-daemon/commons-daemon/1.0.13/commons-daemon-1.0.13.jar:/home/user/.m2/repository/io/netty/netty/3.10.5.Final/netty-3.10.5.Final.jar:/home/user/.m2/repository/io/netty/netty-all/4.0.52.Final/netty-all-4.0.52.Final.jar:/home/user/.m2/repository/org/fusesource/leveldbjni/leveldbjni-all/1.8/leveldbjni-all-1.8.jar:/home/user/.m2/repository/org/apache/hadoop/hadoop-hdds-common/0.5.0-SNAPSHOT/hadoop-hdds-common-0.5.0-SNAPSHOT.jar:/home/user/.m2/repository/org/apache/hadoop/hadoop-hdds-config/0.5.0-SNAPSHOT/hadoop-hdds-config-0.5.0-SNAPSHOT.jar:/home/user/.m2/repository/javax/annotation/javax.annotation-api/1.2/javax.annotation-api-1.2.jar:/home/user/.m2/repository/org/apache/ratis/ratis-server/0.5.0-d6d58d0-SNAPSHOT/ratis-server-0.5.0-d6d58d0-SNAPSHOT.jar:/home/user/.m2/repository/org/apache/ratis/ratis-thirdparty-misc/0.2.0/ratis-thirdparty-misc-0.2.0.jar:/home/user/.m2/repository/org/apache/ratis/ratis-proto/0.5.0-d6d58d0-SNAPSHOT/ratis-proto-0.5.0-d6d58d0-SNAPSHOT.jar:/home/user/.m2/repository/org/apache/ratis/ratis-common/0.5.0-d6d58d0-SNAPSHOT/ratis-common-0.5.0-d6d58d0-SNAPSHOT.jar:/home/user/.m2/repository/org/apache/ratis/ratis-client/0.5.0-d6d58d0-SNAPSHOT/ratis-client-0.5.0-d6d58d0-SNAPSHOT.jar:/home/user/.m2/repository/org/apache/ratis/ratis-metrics/0.5.0-d6d58d0-SNAPSHOT/ratis-metrics-0.5.0-d6d58d0-SNAPSHOT.jar:/home/user/.m2/repository/org/apache/ratis/ratis-netty/0.5.0-d6d58d0-SNAPSHOT/ratis-netty-0.5.0-d6d58d0-SNAPSHOT.jar:/home/user/.m2/repository/org/apache/ratis/ratis-grpc/0.5.0-d6d58d0-SNAPSHOT/ratis-grpc-0.5.0-d6d58d0-SNAPSHOT.jar:/home/user/.m2/repository/org/rocksdb/rocksdbjni/6.0.1/rocksdbjni-6.0.1.jar:/home/user/.m2/repository/org/apache/logging/log4j/log4j-api/2.11.0/log4j-api-2.11.0.jar:/home/user/.m2/repository/org/apache/logging/log4j/log4j-core/2.11.0/log4j-core-2.11.0.jar:/home/user/.m2/repository/com/lmax/disruptor/3.4.2/disruptor-3.4.2.jar:/home/user/.m2/repository/org/apache/commons/commons-pool2/2.6.0/commons-pool2-2.6.0.jar:/home/user/.m2/repository/org/bouncycastle/bcpkix-jdk15on/1.60/bcpkix-jdk15on-1.60.jar:/home/user/.m2/repository/commons-validator/commons-validator/1.6/commons-validator-1.6.jar:/home/user/.m2/repository/commons-digester/commons-digester/1.8.1/commons-digester-1.8.1.jar:/home/user/.m2/repository/io/jaegertracing/jaeger-client/0.34.0/jaeger-client-0.34.0.jar:/home/user/.m2/repository/io/jaegertracing/jaeger-thrift/0.34.0/jaeger-thrift-0.34.0.jar:/home/user/.m2/repository/org/apache/thrift/libthrift/0.12.0/libthrift-0.12.0.jar:/home/user/.m2/repository/com/squareup/okhttp3/okhttp/3.9.0/okhttp-3.9.0.jar:/home/user/.m2/repository/com/squareup/okio/okio/1.13.0/okio-1.13.0.jar:/home/user/.m2/repository/io/jaegertracing/jaeger-core/0.34.0/jaeger-core-0.34.0.jar:/home/user/.m2/repository/io/jaegertracing/jaeger-tracerresolver/0.34.0/jaeger-tracerresolver-0.34.0.jar:/home/user/.m2/repository/io/opentracing/contrib/opentracing-tracerresolver/0.1.5/opentracing-tracerresolver-0.1.5.jar:/home/user/.m2/repository/io/opentracing/opentracing-util/0.31.0/opentracing-util-0.31.0.jar:/home/user/.m2/repository/io/opentracing/opentracing-api/0.31.0/opentracing-api-0.31.0.jar:/home/user/.m2/repository/io/opentracing/opentracing-noop/0.31.0/opentracing-noop-0.31.0.jar:/home/user/.m2/repository/org/yaml/snakeyaml/1.16/snakeyaml-1.16.jar:/home/user/.m2/repository/org/apache/hadoop/hadoop-hdfs-client/3.2.0/hadoop-hdfs-client-3.2.0.jar:/home/user/.m2/repository/info/picocli/picocli/3.9.6/picocli-3.9.6.jar:/home/user/.m2/repository/org/apache/hadoop/hadoop-hdds-server-scm/0.5.0-SNAPSHOT/hadoop-hdds-server-scm-0.5.0-SNAPSHOT.jar:/home/user/.m2/repository/org/apache/hadoop/hadoop-hdds-docs/0.5.0-SNAPSHOT/hadoop-hdds-docs-0.5.0-SNAPSHOT.jar:/home/user/.m2/repository/io/dropwizard/metrics/metrics-core/3.2.4/metrics-core-3.2.4.jar:/home/user/.m2/repository/org/hamcrest/hamcrest-all/1.3/hamcrest-all-1.3.jar:/home/user/.m2/repository/org/bouncycastle/bcprov-jdk15on/1.60/bcprov-jdk15on-1.60.jar:/home/user/.m2/repository/org/apache/hadoop/hadoop-hdds-server-framework/0.5.0-SNAPSHOT/hadoop-hdds-server-framework-0.5.0-SNAPSHOT.jar:/home/user/.m2/repository/org/apache/hadoop/hadoop-ozone-ozone-manager/0.5.0-SNAPSHOT/hadoop-ozone-ozone-manager-0.5.0-SNAPSHOT.jar:/home/user/.m2/repository/org/apache/hadoop/hadoop-hdds-container-service/0.5.0-SNAPSHOT/hadoop-hdds-container-service-0.5.0-SNAPSHOT.jar:/home/user/.m2/repository/org/apache/hadoop/hadoop-hdds-client/0.5.0-SNAPSHOT/hadoop-hdds-client-0.5.0-SNAPSHOT.jar:/home/user/.m2/repository/org/apache/hadoop/hadoop-ozone-common/0.5.0-SNAPSHOT/hadoop-ozone-common-0.5.0-SNAPSHOT.jar:/home/user/.m2/repository/org/apache/hadoop/hadoop-hdds-tools/0.5.0-SNAPSHOT/hadoop-hdds-tools-0.5.0-SNAPSHOT.jar:/home/user/.m2/repository/org/xerial/sqlite-jdbc/3.25.2/sqlite-jdbc-3.25.2.jar:/home/user/.m2/repository/org/apache/httpcomponents/httpclient/4.5.2/httpclient-4.5.2.jar:/home/user/.m2/repository/org/apache/httpcomponents/httpcore/4.4.4/httpcore-4.4.4.jar:/home/user/.m2/repository/com/github/spotbugs/spotbugs/3.1.12/spotbugs-3.1.12.jar:/home/user/.m2/repository/org/ow2/asm/asm/5.0.4/asm-5.0.4.jar:/home/user/.m2/repository/org/ow2/asm/asm-analysis/7.0/asm-analysis-7.0.jar:/home/user/.m2/repository/org/ow2/asm/asm-commons/7.0/asm-commons-7.0.jar:/home/user/.m2/repository/org/ow2/asm/asm-tree/7.0/asm-tree-7.0.jar:/home/user/.m2/repository/org/ow2/asm/asm-util/7.0/asm-util-7.0.jar:/home/user/.m2/repository/org/apache/bcel/bcel/6.3/bcel-6.3.jar:/home/user/.m2/repository/net/jcip/jcip-annotations/1.0/jcip-annotations-1.0.jar:/home/user/.m2/repository/org/dom4j/dom4j/2.1.1/dom4j-2.1.1.jar:/home/user/.m2/repository/jaxen/jaxen/1.1.6/jaxen-1.1.6.jar:/home/user/.m2/repository/commons-lang/commons-lang/2.6/commons-lang-2.6.jar:/home/user/.m2/repository/com/github/spotbugs/spotbugs-annotations/3.1.12/spotbugs-annotations-3.1.12.jar:/home/user/.m2/repository/org/apache/hadoop/hadoop-common/3.2.0/hadoop-common-3.2.0-tests.jar:/home/user/.m2/repository/org/apache/hadoop/hadoop-ozone-client/0.5.0-SNAPSHOT/hadoop-ozone-client-0.5.0-SNAPSHOT.jar:/home/user/.m2/repository/org/apache/hadoop/hadoop-hdfs/3.2.0/hadoop-hdfs-3.2.0-tests.jar:/workdir/hadoop-ozone/integration-test/target/test-classes:/home/user/.m2/repository/org/apache/hadoop/hadoop-ozone-s3gateway/0.5.0-SNAPSHOT/hadoop-ozone-s3gateway-0.5.0-SNAPSHOT.jar:/home/user/.m2/repository/org/jboss/weld/servlet/weld-servlet/2.4.7.Final/weld-servlet-2.4.7.Final.jar:/home/user/.m2/repository/org/glassfish/jersey/containers/jersey-container-servlet-core/2.27/jersey-container-servlet-core-2.27.jar:/home/user/.m2/repository/org/glassfish/hk2/external/javax.inject/2.5.0-b42/javax.inject-2.5.0-b42.jar:/home/user/.m2/repository/org/glassfish/jersey/core/jersey-common/2.27/jersey-common-2.27.jar:/home/user/.m2/repository/org/glassfish/hk2/osgi-resource-locator/1.0.1/osgi-resource-locator-1.0.1.jar:/home/user/.m2/repository/javax/ws/rs/javax.ws.rs-api/2.1/javax.ws.rs-api-2.1.jar:/home/user/.m2/repository/org/glassfish/jersey/ext/cdi/jersey-cdi1x/2.27/jersey-cdi1x-2.27.jar:/home/user/.m2/repository/org/glassfish/jersey/inject/jersey-hk2/2.27/jersey-hk2-2.27.jar:/home/user/.m2/repository/org/glassfish/hk2/hk2-locator/2.5.0-b42/hk2-locator-2.5.0-b42.jar:/home/user/.m2/repository/org/javassist/javassist/3.22.0-CR2/javassist-3.22.0-CR2.jar:/home/user/.m2/repository/org/glassfish/hk2/hk2-api/2.5.0/hk2-api-2.5.0.jar:/home/user/.m2/repository/org/glassfish/hk2/external/jakarta.inject/2.5.0/jakarta.inject-2.5.0.jar:/home/user/.m2/repository/org/glassfish/hk2/hk2-utils/2.5.0/hk2-utils-2.5.0.jar:/home/user/.m2/repository/jakarta/annotation/jakarta.annotation-api/1.3.4/jakarta.annotation-api-1.3.4.jar:/home/user/.m2/repository/org/glassfish/hk2/external/aopalliance-repackaged/2.5.0/aopalliance-repackaged-2.5.0.jar:/home/user/.m2/repository/com/fasterxml/jackson/dataformat/jackson-dataformat-xml/2.9.0/jackson-dataformat-xml-2.9.0.jar:/home/user/.m2/repository/com/fasterxml/jackson/module/jackson-module-jaxb-annotations/2.9.9/jackson-module-jaxb-annotations-2.9.9.jar:/home/user/.m2/repository/javax/enterprise/cdi-api/1.2/cdi-api-1.2.jar:/home/user/.m2/repository/javax/el/javax.el-api/3.0.0/javax.el-api-3.0.0.jar:/home/user/.m2/repository/javax/interceptor/javax.interceptor-api/1.2/javax.interceptor-api-1.2.jar:/home/user/.m2/repository/javax/inject/javax.inject/1/javax.inject-1.jar:/home/user/.m2/repository/com/sun/xml/bind/jaxb-core/2.3.0.1/jaxb-core-2.3.0.1.jar:/home/user/.m2/repository/javax/xml/bind/jaxb-api/2.3.0/jaxb-api-2.3.0.jar:/home/user/.m2/repository/javax/activation/activation/1.1.1/activation-1.1.1.jar:/home/user/.m2/repository/org/apache/hadoop/hadoop-ozone-csi/0.5.0-SNAPSHOT/hadoop-ozone-csi-0.5.0-SNAPSHOT.jar:/home/user/.m2/repository/com/google/protobuf/protobuf-java-util/3.5.1/protobuf-java-util-3.5.1.jar:/home/user/.m2/repository/io/grpc/grpc-netty/1.17.1/grpc-netty-1.17.1.jar:/home/user/.m2/repository/io/grpc/grpc-core/1.17.1/grpc-core-1.17.1.jar:/home/user/.m2/repository/io/grpc/grpc-context/1.17.1/grpc-context-1.17.1.jar:/home/user/.m2/repository/com/google/errorprone/error_prone_annotations/2.2.0/error_prone_annotations-2.2.0.jar:/home/user/.m2/repository/org/codehaus/mojo/animal-sniffer-annotations/1.17/animal-sniffer-annotations-1.17.jar:/home/user/.m2/repository/io/opencensus/opencensus-api/0.17.0/opencensus-api-0.17.0.jar:/home/user/.m2/repository/io/opencensus/opencensus-contrib-grpc-metrics/0.17.0/opencensus-contrib-grpc-metrics-0.17.0.jar:/home/user/.m2/repository/io/netty/netty-codec-http2/4.1.30.Final/netty-codec-http2-4.1.30.Final.jar:/home/user/.m2/repository/io/netty/netty-codec-http/4.1.30.Final/netty-codec-http-4.1.30.Final.jar:/home/user/.m2/repository/io/netty/netty-codec/4.1.30.Final/netty-codec-4.1.30.Final.jar:/home/user/.m2/repository/io/netty/netty-handler/4.1.30.Final/netty-handler-4.1.30.Final.jar:/home/user/.m2/repository/io/netty/netty-handler-proxy/4.1.30.Final/netty-handler-proxy-4.1.30.Final.jar:/home/user/.m2/repository/io/netty/netty-codec-socks/4.1.30.Final/netty-codec-socks-4.1.30.Final.jar:/home/user/.m2/repository/io/netty/netty-transport-native-epoll/4.1.30.Final/netty-transport-native-epoll-4.1.30.Final.jar:/home/user/.m2/repository/io/netty/netty-common/4.1.30.Final/netty-common-4.1.30.Final.jar:/home/user/.m2/repository/io/netty/netty-buffer/4.1.30.Final/netty-buffer-4.1.30.Final.jar:/home/user/.m2/repository/io/netty/netty-transport/4.1.30.Final/netty-transport-4.1.30.Final.jar:/home/user/.m2/repository/io/netty/netty-resolver/4.1.30.Final/netty-resolver-4.1.30.Final.jar:/home/user/.m2/repository/io/netty/netty-transport-native-unix-common/4.1.30.Final/netty-transport-native-unix-common-4.1.30.Final.jar:/home/user/.m2/repository/io/grpc/grpc-protobuf/1.17.1/grpc-protobuf-1.17.1.jar:/home/user/.m2/repository/com/google/api/grpc/proto-google-common-protos/1.0.0/proto-google-common-protos-1.0.0.jar:/home/user/.m2/repository/io/grpc/grpc-protobuf-lite/1.17.1/grpc-protobuf-lite-1.17.1.jar:/home/user/.m2/repository/io/grpc/grpc-stub/1.17.1/grpc-stub-1.17.1.jar:/home/user/.m2/repository/org/apache/hadoop/hadoop-ozone-recon/0.5.0-SNAPSHOT/hadoop-ozone-recon-0.5.0-SNAPSHOT.jar:/home/user/.m2/repository/org/apache/hadoop/hadoop-ozone-reconcodegen/0.5.0-SNAPSHOT/hadoop-ozone-reconcodegen-0.5.0-SNAPSHOT.jar:/home/user/.m2/repository/com/google/inject/extensions/guice-multibindings/4.0/guice-multibindings-4.0.jar:/home/user/.m2/repository/com/google/inject/guice/4.0/guice-4.0.jar:/home/user/.m2/repository/aopalliance/aopalliance/1.0/aopalliance-1.0.jar:/home/user/.m2/repository/org/glassfish/jersey/containers/jersey-container-servlet/2.27/jersey-container-servlet-2.27.jar:/home/user/.m2/repository/org/glassfish/hk2/guice-bridge/2.5.0/guice-bridge-2.5.0.jar:/home/user/.m2/repository/org/glassfish/jersey/core/jersey-server/2.27/jersey-server-2.27.jar:/home/user/.m2/repository/org/glassfish/jersey/core/jersey-client/2.27/jersey-client-2.27.jar:/home/user/.m2/repository/org/glassfish/jersey/media/jersey-media-jaxb/2.27/jersey-media-jaxb-2.27.jar:/home/user/.m2/repository/javax/validation/validation-api/1.1.0.Final/validation-api-1.1.0.Final.jar:/home/user/.m2/repository/org/glassfish/jersey/media/jersey-media-json-jackson/2.27/jersey-media-json-jackson-2.27.jar:/home/user/.m2/repository/org/glassfish/jersey/ext/jersey-entity-filtering/2.27/jersey-entity-filtering-2.27.jar:/home/user/.m2/repository/com/google/inject/extensions/guice-assistedinject/4.0/guice-assistedinject-4.0.jar:/home/user/.m2/repository/org/jooq/jooq/3.11.10/jooq-3.11.10.jar:/home/user/.m2/repository/org/jooq/jooq-meta/3.11.10/jooq-meta-3.11.10.jar:/home/user/.m2/repository/org/jooq/jooq-codegen/3.11.10/jooq-codegen-3.11.10.jar:/home/user/.m2/repository/com/jolbox/bonecp/0.8.0.RELEASE/bonecp-0.8.0.RELEASE.jar:/home/user/.m2/repository/org/springframework/spring-jdbc/5.1.3.RELEASE/spring-jdbc-5.1.3.RELEASE.jar:/home/user/.m2/repository/org/springframework/spring-beans/5.1.3.RELEASE/spring-beans-5.1.3.RELEASE.jar:/home/user/.m2/repository/org/springframework/spring-core/5.1.3.RELEASE/spring-core-5.1.3.RELEASE.jar:/home/user/.m2/repository/org/springframework/spring-jcl/5.1.3.RELEASE/spring-jcl-5.1.3.RELEASE.jar:/home/user/.m2/repository/org/springframework/spring-tx/5.1.3.RELEASE/spring-tx-5.1.3.RELEASE.jar:/home/user/.m2/repository/org/mockito/mockito-all/1.10.19/mockito-all-1.10.19.jar:/home/user/.m2/repository/junit/junit/4.11/junit-4.11.jar:/home/user/.m2/repository/org/hamcrest/hamcrest-core/1.3/hamcrest-core-1.3.jar:/home/user/.m2/repository/org/apache/hadoop/hadoop-distcp/3.2.0/hadoop-distcp-3.2.0.jar:/home/user/.m2/repository/org/apache/hadoop/hadoop-distcp/3.2.0/hadoop-distcp-3.2.0-tests.jar:/home/user/.m2/repository/org/apache/hadoop/hadoop-mapreduce-client-jobclient/3.2.0/hadoop-mapreduce-client-jobclient-3.2.0.jar:/home/user/.m2/repository/org/apache/hadoop/hadoop-mapreduce-client-common/3.2.0/hadoop-mapreduce-client-common-3.2.0.jar:/home/user/.m2/repository/org/apache/hadoop/hadoop-yarn-common/3.2.0/hadoop-yarn-common-3.2.0.jar:/home/user/.m2/repository/org/apache/hadoop/hadoop-yarn-api/3.2.0/hadoop-yarn-api-3.2.0.jar:/home/user/.m2/repository/com/sun/jersey/jersey-client/1.19/jersey-client-1.19.jar:/home/user/.m2/repository/com/sun/jersey/contribs/jersey-guice/1.19/jersey-guice-1.19.jar:/home/user/.m2/repository/com/fasterxml/jackson/jaxrs/jackson-jaxrs-json-provider/2.9.9/jackson-jaxrs-json-provider-2.9.9.jar:/home/user/.m2/repository/com/fasterxml/jackson/jaxrs/jackson-jaxrs-base/2.9.9/jackson-jaxrs-base-2.9.9.jar:/home/user/.m2/repository/org/apache/hadoop/hadoop-yarn-client/3.2.0/hadoop-yarn-client-3.2.0.jar:/home/user/.m2/repository/org/apache/hadoop/hadoop-mapreduce-client-core/3.2.0/hadoop-mapreduce-client-core-3.2.0.jar:/home/user/.m2/repository/com/google/inject/extensions/guice-servlet/4.0/guice-servlet-4.0.jar:/home/user/.m2/repository/org/powermock/powermock-module-junit4/1.6.5/powermock-module-junit4-1.6.5.jar:/home/user/.m2/repository/org/powermock/powermock-module-junit4-common/1.6.5/powermock-module-junit4-common-1.6.5.jar:/home/user/.m2/repository/org/powermock/powermock-core/1.6.5/powermock-core-1.6.5.jar:/home/user/.m2/repository/org/powermock/powermock-reflect/1.6.5/powermock-reflect-1.6.5.jar:/home/user/.m2/repository/org/powermock/powermock-api-mockito/1.6.5/powermock-api-mockito-1.6.5.jar:/home/user/.m2/repository/org/mockito/mockito-core/1.10.19/mockito-core-1.10.19.jar:/home/user/.m2/repository/org/objenesis/objenesis/1.0/objenesis-1.0.jar:/home/user/.m2/repository/org/powermock/powermock-api-mockito-common/1.6.5/powermock-api-mockito-common-1.6.5.jar:/home/user/.m2/repository/org/powermock/powermock-api-support/1.6.5/powermock-api-support-1.6.5.jar:"/>
    <property name="sun.cpu.endian" value="little"/>
    <property name="user.home" value="/home/user"/>
    <property name="user.language" value="en"/>
    <property name="java.specification.vendor" value="Oracle Corporation"/>
    <property name="java.home" value="/usr/lib/jvm/java-1.8.0-openjdk-1.8.0.222.b10-1.el7_7.x86_64/jre"/>
    <property name="surefire.excludesFile" value="/tools/ozone-bad-unit-tests"/>
    <property name="java.security.krb5.conf" value="/workdir/hadoop-ozone/ozonefs/target/test-classes/krb5.conf"/>
    <property name="basedir" value="/workdir/hadoop-ozone/ozonefs"/>
    <property name="file.separator" value="/"/>
    <property name="line.separator" value="&#10;"/>
    <property name="java.vm.specification.vendor" value="Oracle Corporation"/>
    <property name="java.specification.name" value="Java Platform API Specification"/>
    <property name="java.awt.graphicsenv" value="sun.awt.X11GraphicsEnvironment"/>
    <property name="surefire.real.class.path" value="/workdir/hadoop-ozone/ozonefs/target/surefire/surefirebooter5080633131280459262.jar"/>
    <property name="hadoop.log.dir" value="/workdir/hadoop-ozone/ozonefs/target/log"/>
    <property name="sun.boot.class.path" value="/usr/lib/jvm/java-1.8.0-openjdk-1.8.0.222.b10-1.el7_7.x86_64/jre/lib/resources.jar:/usr/lib/jvm/java-1.8.0-openjdk-1.8.0.222.b10-1.el7_7.x86_64/jre/lib/rt.jar:/usr/lib/jvm/java-1.8.0-openjdk-1.8.0.222.b10-1.el7_7.x86_64/jre/lib/sunrsasign.jar:/usr/lib/jvm/java-1.8.0-openjdk-1.8.0.222.b10-1.el7_7.x86_64/jre/lib/jsse.jar:/usr/lib/jvm/java-1.8.0-openjdk-1.8.0.222.b10-1.el7_7.x86_64/jre/lib/jce.jar:/usr/lib/jvm/java-1.8.0-openjdk-1.8.0.222.b10-1.el7_7.x86_64/jre/lib/charsets.jar:/usr/lib/jvm/java-1.8.0-openjdk-1.8.0.222.b10-1.el7_7.x86_64/jre/lib/jfr.jar:/usr/lib/jvm/java-1.8.0-openjdk-1.8.0.222.b10-1.el7_7.x86_64/jre/classes"/>
    <property name="sun.management.compiler" value="HotSpot 64-Bit Tiered Compilers"/>
    <property name="java.runtime.version" value="1.8.0_222-b10"/>
    <property name="java.net.preferIPv4Stack" value="true"/>
    <property name="user.name" value="jenkins1000"/>
    <property name="path.separator" value=":"/>
    <property name="java.security.egd" value="file:///dev/urandom"/>
    <property name="os.version" value="3.10.0-957.12.2.el7.x86_64"/>
    <property name="java.endorsed.dirs" value="/usr/lib/jvm/java-1.8.0-openjdk-1.8.0.222.b10-1.el7_7.x86_64/jre/lib/endorsed"/>
    <property name="java.runtime.name" value="OpenJDK Runtime Environment"/>
    <property name="file.encoding" value="ANSI_X3.4-1968"/>
    <property name="java.vm.name" value="OpenJDK 64-Bit Server VM"/>
    <property name="test.build.webapps" value=""/>
    <property name="localRepository" value="/home/user/.m2/repository"/>
    <property name="java.vendor.url.bug" value="http://bugreport.sun.com/bugreport/"/>
    <property name="java.io.tmpdir" value="/tmp"/>
    <property name="require.test.libhadoop" value=""/>
    <property name="java.version" value="1.8.0_222"/>
    <property name="user.dir" value="/workdir/hadoop-ozone/ozonefs"/>
    <property name="os.arch" value="amd64"/>
    <property name="java.vm.specification.name" value="Java Virtual Machine Specification"/>
    <property name="test.build.classes" value="/workdir/hadoop-ozone/ozonefs/target/test-classes"/>
    <property name="java.awt.printerjob" value="sun.print.PSPrinterJob"/>
    <property name="sun.os.patch.level" value="unknown"/>
    <property name="hadoop.tmp.dir" value="/workdir/hadoop-ozone/ozonefs/target/tmp"/>
    <property name="java.library.path" value="/usr/lib:/workdir/hadoop-ozone/ozonefs/target/native/target/usr/local/lib:/workdir/hadoop-ozone/ozonefs/../../hadoop-common-project/hadoop-common/target/native/target/usr/local/lib:/usr/java/packages/lib/amd64:/usr/lib64:/lib64:/lib:/usr/lib"/>
    <property name="java.vm.info" value="mixed mode"/>
    <property name="java.vendor" value="Oracle Corporation"/>
    <property name="java.vm.version" value="25.222-b10"/>
    <property name="java.ext.dirs" value="/usr/lib/jvm/java-1.8.0-openjdk-1.8.0.222.b10-1.el7_7.x86_64/jre/lib/ext:/usr/java/packages/lib/ext"/>
    <property name="sun.io.unicode.encoding" value="UnicodeLittle"/>
    <property name="java.class.version" value="52.0"/>
  </properties>
  <testcase name="testOzoneFsServiceLoader" classname="org.apache.hadoop.fs.ozone.TestOzoneFileSystem" time="21.931"/>
  <testcase name="testListStatusOnRoot" classname="org.apache.hadoop.fs.ozone.TestOzoneFileSystem" time="20.16"/>
  <testcase name="testListStatusOnSubDirs" classname="org.apache.hadoop.fs.ozone.TestOzoneFileSystem" time="17.012"/>
  <testcase name="testListStatus" classname="org.apache.hadoop.fs.ozone.TestOzoneFileSystem" time="16.783"/>
  <testcase name="testCreateDoesNotAddParentDirKeys" classname="org.apache.hadoop.fs.ozone.TestOzoneFileSystem" time="17.081"/>
  <testcase name="testDeleteCreatesFakeParentDir" classname="org.apache.hadoop.fs.ozone.TestOzoneFileSystem" time="16.766"/>
  <testcase name="testNonExplicitlyCreatedPathExistsAfterItsLeafsWereRemoved" classname="org.apache.hadoop.fs.ozone.TestOzoneFileSystem" time="17.174">
    <error message="org.apache.hadoop.ozone.om.helpers.OmKeyInfo cannot be cast to org.apache.hadoop.ozone.om.helpers.OzoneFileStatus&#10;	at org.apache.hadoop.ozone.om.KeyManagerImpl.listStatus(KeyManagerImpl.java:2010)&#10;	at org.apache.hadoop.ozone.om.OzoneManager.listStatus(OzoneManager.java:2871)&#10;	at org.apache.hadoop.ozone.protocolPB.OzoneManagerRequestHandler.listStatus(OzoneManagerRequestHandler.java:1118)&#10;	at org.apache.hadoop.ozone.protocolPB.OzoneManagerRequestHandler.handle(OzoneManagerRequestHandler.java:358)&#10;	at org.apache.hadoop.ozone.protocolPB.OzoneManagerProtocolServerSideTranslatorPB.submitRequestDirectlyToOM(OzoneManagerProtocolServerSideTranslatorPB.java:208)&#10;	at org.apache.hadoop.ozone.protocolPB.OzoneManagerProtocolServerSideTranslatorPB.processRequest(OzoneManagerProtocolServerSideTranslatorPB.java:132)&#10;	at org.apache.hadoop.hdds.server.OzoneProtocolMessageDispatcher.processRequest(OzoneProtocolMessageDispatcher.java:72)&#10;	at org.apache.hadoop.ozone.protocolPB.OzoneManagerProtocolServerSideTranslatorPB.submitRequest(OzoneManagerProtocolServerSideTranslatorPB.java:100)&#10;	at org.apache.hadoop.ozone.protocol.proto.OzoneManagerProtocolProtos$OzoneManagerService$2.callBlockingMethod(OzoneManagerProtocolProtos.java)&#10;	at org.apache.hadoop.ipc.ProtobufRpcEngine$Server$ProtoBufRpcInvoker.call(ProtobufRpcEngine.java:524)&#10;	at org.apache.hadoop.ipc.RPC$Server.call(RPC.java:1025)&#10;	at org.apache.hadoop.ipc.Server$RpcCall.run(Server.java:876)&#10;	at org.apache.hadoop.ipc.Server$RpcCall.run(Server.java:822)&#10;	at java.security.AccessController.doPrivileged(Native Method)&#10;	at javax.security.auth.Subject.doAs(Subject.java:422)&#10;	at org.apache.hadoop.security.UserGroupInformation.doAs(UserGroupInformation.java:1730)&#10;	at org.apache.hadoop.ipc.Server$Handler.run(Server.java:2682)&#10;" type="org.apache.hadoop.ipc.RemoteException(java.lang.ClassCastException)">org.apache.hadoop.ipc.RemoteException(java.lang.ClassCastException): org.apache.hadoop.ozone.om.helpers.OmKeyInfo cannot be cast to org.apache.hadoop.ozone.om.helpers.OzoneFileStatus
	at org.apache.hadoop.ozone.om.KeyManagerImpl.listStatus(KeyManagerImpl.java:2010)
	at org.apache.hadoop.ozone.om.OzoneManager.listStatus(OzoneManager.java:2871)
	at org.apache.hadoop.ozone.protocolPB.OzoneManagerRequestHandler.listStatus(OzoneManagerRequestHandler.java:1118)
	at org.apache.hadoop.ozone.protocolPB.OzoneManagerRequestHandler.handle(OzoneManagerRequestHandler.java:358)
	at org.apache.hadoop.ozone.protocolPB.OzoneManagerProtocolServerSideTranslatorPB.submitRequestDirectlyToOM(OzoneManagerProtocolServerSideTranslatorPB.java:208)
	at org.apache.hadoop.ozone.protocolPB.OzoneManagerProtocolServerSideTranslatorPB.processRequest(OzoneManagerProtocolServerSideTranslatorPB.java:132)
	at org.apache.hadoop.hdds.server.OzoneProtocolMessageDispatcher.processRequest(OzoneProtocolMessageDispatcher.java:72)
	at org.apache.hadoop.ozone.protocolPB.OzoneManagerProtocolServerSideTranslatorPB.submitRequest(OzoneManagerProtocolServerSideTranslatorPB.java:100)
	at org.apache.hadoop.ozone.protocol.proto.OzoneManagerProtocolProtos$OzoneManagerService$2.callBlockingMethod(OzoneManagerProtocolProtos.java)
	at org.apache.hadoop.ipc.ProtobufRpcEngine$Server$ProtoBufRpcInvoker.call(ProtobufRpcEngine.java:524)
	at org.apache.hadoop.ipc.RPC$Server.call(RPC.java:1025)
	at org.apache.hadoop.ipc.Server$RpcCall.run(Server.java:876)
	at org.apache.hadoop.ipc.Server$RpcCall.run(Server.java:822)
	at java.security.AccessController.doPrivileged(Native Method)
	at javax.security.auth.Subject.doAs(Subject.java:422)
	at org.apache.hadoop.security.UserGroupInformation.doAs(UserGroupInformation.java:1730)
	at org.apache.hadoop.ipc.Server$Handler.run(Server.java:2682)

	at org.apache.hadoop.ipc.Client.getRpcResponse(Client.java:1511)
	at org.apache.hadoop.ipc.Client.call(Client.java:1457)
	at org.apache.hadoop.ipc.Client.call(Client.java:1367)
	at org.apache.hadoop.ipc.ProtobufRpcEngine$Invoker.invoke(ProtobufRpcEngine.java:228)
	at org.apache.hadoop.ipc.ProtobufRpcEngine$Invoker.invoke(ProtobufRpcEngine.java:116)
	at com.sun.proxy.$Proxy37.submitRequest(Unknown Source)
	at sun.reflect.GeneratedMethodAccessor19.invoke(Unknown Source)
	at sun.reflect.DelegatingMethodAccessorImpl.invoke(DelegatingMethodAccessorImpl.java:43)
	at java.lang.reflect.Method.invoke(Method.java:498)
	at org.apache.hadoop.io.retry.RetryInvocationHandler.invokeMethod(RetryInvocationHandler.java:422)
	at org.apache.hadoop.io.retry.RetryInvocationHandler$Call.invokeMethod(RetryInvocationHandler.java:165)
	at org.apache.hadoop.io.retry.RetryInvocationHandler$Call.invoke(RetryInvocationHandler.java:157)
	at org.apache.hadoop.io.retry.RetryInvocationHandler$Call.invokeOnce(RetryInvocationHandler.java:95)
	at org.apache.hadoop.io.retry.RetryInvocationHandler.invoke(RetryInvocationHandler.java:359)
	at com.sun.proxy.$Proxy37.submitRequest(Unknown Source)
	at org.apache.hadoop.ozone.om.protocolPB.OzoneManagerProtocolClientSideTranslatorPB.submitRequest(OzoneManagerProtocolClientSideTranslatorPB.java:338)
	at org.apache.hadoop.ozone.om.protocolPB.OzoneManagerProtocolClientSideTranslatorPB.listStatus(OzoneManagerProtocolClientSideTranslatorPB.java:1560)
	at sun.reflect.NativeMethodAccessorImpl.invoke0(Native Method)
	at sun.reflect.NativeMethodAccessorImpl.invoke(NativeMethodAccessorImpl.java:62)
	at sun.reflect.DelegatingMethodAccessorImpl.invoke(DelegatingMethodAccessorImpl.java:43)
	at java.lang.reflect.Method.invoke(Method.java:498)
	at org.apache.hadoop.hdds.tracing.TraceAllMethod.invoke(TraceAllMethod.java:66)
	at com.sun.proxy.$Proxy38.listStatus(Unknown Source)
	at org.apache.hadoop.ozone.client.rpc.RpcClient.listStatus(RpcClient.java:1040)
	at org.apache.hadoop.ozone.client.OzoneBucket.listStatus(OzoneBucket.java:555)
	at org.apache.hadoop.fs.ozone.BasicOzoneClientAdapterImpl.listStatus(BasicOzoneClientAdapterImpl.java:308)
	at org.apache.hadoop.fs.ozone.BasicOzoneFileSystem.listStatus(BasicOzoneFileSystem.java:533)
	at org.apache.hadoop.fs.ozone.TestOzoneFileSystem.testNonExplicitlyCreatedPathExistsAfterItsLeafsWereRemoved(TestOzoneFileSystem.java:284)
	at sun.reflect.NativeMethodAccessorImpl.invoke0(Native Method)
	at sun.reflect.NativeMethodAccessorImpl.invoke(NativeMethodAccessorImpl.java:62)
	at sun.reflect.DelegatingMethodAccessorImpl.invoke(DelegatingMethodAccessorImpl.java:43)
	at java.lang.reflect.Method.invoke(Method.java:498)
	at org.junit.runners.model.FrameworkMethod$1.runReflectiveCall(FrameworkMethod.java:47)
	at org.junit.internal.runners.model.ReflectiveCallable.run(ReflectiveCallable.java:12)
	at org.junit.runners.model.FrameworkMethod.invokeExplosively(FrameworkMethod.java:44)
	at org.junit.internal.runners.statements.InvokeMethod.evaluate(InvokeMethod.java:17)
	at org.junit.internal.runners.statements.RunBefores.evaluate(RunBefores.java:26)
	at org.junit.internal.runners.statements.RunAfters.evaluate(RunAfters.java:27)
	at org.junit.internal.runners.statements.FailOnTimeout$StatementThread.run(FailOnTimeout.java:74)
</error>
    <system-out><![CDATA[2019-10-30 22:12:23,801 [Thread-1309] WARN  server.ServerUtils (ServerUtils.java:getScmDbDir(145)) - ozone.scm.db.dirs is not configured. We recommend adding this setting. Falling back to ozone.metadata.dirs instead.
2019-10-30 22:12:23,829 [Thread-1309] WARN  server.ServerUtils (ServerUtils.java:getScmDbDir(145)) - ozone.scm.db.dirs is not configured. We recommend adding this setting. Falling back to ozone.metadata.dirs instead.
2019-10-30 22:12:23,829 [Thread-1309] WARN  server.ServerUtils (ServerUtils.java:getScmDbDir(145)) - ozone.scm.db.dirs is not configured. We recommend adding this setting. Falling back to ozone.metadata.dirs instead.
2019-10-30 22:12:23,829 [Thread-1309] INFO  db.DBStoreBuilder (DBStoreBuilder.java:addTable(127)) - using custom profile for table: deletedBlocks
2019-10-30 22:12:23,829 [Thread-1309] INFO  db.DBStoreBuilder (DBStoreBuilder.java:processTables(183)) - Using default column profile:DBProfile.DISK for Table:deletedBlocks
2019-10-30 22:12:23,830 [Thread-1309] INFO  db.DBStoreBuilder (DBStoreBuilder.java:addTable(127)) - using custom profile for table: validCerts
2019-10-30 22:12:23,830 [Thread-1309] INFO  db.DBStoreBuilder (DBStoreBuilder.java:processTables(183)) - Using default column profile:DBProfile.DISK for Table:validCerts
2019-10-30 22:12:23,830 [Thread-1309] INFO  db.DBStoreBuilder (DBStoreBuilder.java:addTable(127)) - using custom profile for table: revokedCerts
2019-10-30 22:12:23,830 [Thread-1309] INFO  db.DBStoreBuilder (DBStoreBuilder.java:processTables(183)) - Using default column profile:DBProfile.DISK for Table:revokedCerts
2019-10-30 22:12:23,830 [Thread-1309] INFO  db.DBStoreBuilder (DBStoreBuilder.java:addTable(127)) - using custom profile for table: default
2019-10-30 22:12:23,830 [Thread-1309] INFO  db.DBStoreBuilder (DBStoreBuilder.java:processTables(189)) - Using default column profile:DBProfile.DISK for Table:default
2019-10-30 22:12:23,830 [Thread-1309] INFO  db.DBStoreBuilder (DBStoreBuilder.java:getDbProfile(220)) - Using default options. DBProfile.DISK
2019-10-30 22:12:24,053 [Thread-1309] INFO  net.NodeSchemaLoader (NodeSchemaLoader.java:loadSchemaFromFile(125)) - Loading file from sun.misc.CompoundEnumeration@3f85b7e3
2019-10-30 22:12:24,054 [Thread-1309] INFO  net.NodeSchemaLoader (NodeSchemaLoader.java:loadSchema(171)) - Loading network topology layer schema file
2019-10-30 22:12:24,059 [Thread-1309] WARN  server.ServerUtils (ServerUtils.java:sanitizeUserArgs(70)) - ozone.scm.stale.node.interval value = 300000 is larger than max = 100000 based on the key value of ozone.scm.heartbeat.thread.interval, reset to the max value 100000.
2019-10-30 22:12:24,059 [Thread-1309] WARN  server.ServerUtils (ServerUtils.java:sanitizeUserArgs(70)) - ozone.scm.stale.node.interval value = 300000 is larger than max = 100000 based on the key value of ozone.scm.heartbeat.thread.interval, reset to the max value 100000.
2019-10-30 22:12:24,060 [Thread-1309] INFO  node.SCMNodeManager (SCMNodeManager.java:<init>(116)) - Entering startup safe mode.
2019-10-30 22:12:24,061 [Thread-1309] INFO  algorithms.ContainerPlacementPolicyFactory (ContainerPlacementPolicyFactory.java:getPolicy(57)) - Create container placement policy of type org.apache.hadoop.hdds.scm.container.placement.algorithms.SCMContainerPlacementRandom
2019-10-30 22:12:24,061 [Thread-1309] WARN  server.ServerUtils (ServerUtils.java:getScmDbDir(145)) - ozone.scm.db.dirs is not configured. We recommend adding this setting. Falling back to ozone.metadata.dirs instead.
2019-10-30 22:12:24,154 [Thread-1309] INFO  pipeline.SCMPipelineManager (SCMPipelineManager.java:initializePipelineState(132)) - No pipeline exists in current db
2019-10-30 22:12:24,154 [Thread-1309] WARN  server.ServerUtils (ServerUtils.java:getScmDbDir(145)) - ozone.scm.db.dirs is not configured. We recommend adding this setting. Falling back to ozone.metadata.dirs instead.
2019-10-30 22:12:24,237 [Thread-1309] WARN  events.EventQueue (EventQueue.java:fireEvent(183)) - No event handler registered for event TypedEvent{payloadType=SafeModeStatus, name='SafeModeStatus'}
2019-10-30 22:12:24,238 [Thread-1309] INFO  ipc.CallQueueManager (CallQueueManager.java:<init>(84)) - Using callQueue: class java.util.concurrent.LinkedBlockingQueue, queueCapacity: 2000, scheduler: class org.apache.hadoop.ipc.DefaultRpcScheduler, ipcBackoff: false.
2019-10-30 22:12:24,239 [Socket Reader #1 for port 40697] INFO  ipc.Server (Server.java:run(1074)) - Starting Socket Reader #1 for port 40697
2019-10-30 22:12:24,241 [Thread-1309] INFO  ipc.CallQueueManager (CallQueueManager.java:<init>(84)) - Using callQueue: class java.util.concurrent.LinkedBlockingQueue, queueCapacity: 2000, scheduler: class org.apache.hadoop.ipc.DefaultRpcScheduler, ipcBackoff: false.
2019-10-30 22:12:24,242 [Socket Reader #1 for port 41072] INFO  ipc.Server (Server.java:run(1074)) - Starting Socket Reader #1 for port 41072
2019-10-30 22:12:24,244 [Thread-1309] INFO  ipc.CallQueueManager (CallQueueManager.java:<init>(84)) - Using callQueue: class java.util.concurrent.LinkedBlockingQueue, queueCapacity: 2000, scheduler: class org.apache.hadoop.ipc.DefaultRpcScheduler, ipcBackoff: false.
2019-10-30 22:12:24,244 [Socket Reader #1 for port 39323] INFO  ipc.Server (Server.java:run(1074)) - Starting Socket Reader #1 for port 39323
2019-10-30 22:12:24,248 [Thread-1309] INFO  hdfs.DFSUtil (DFSUtil.java:httpServerTemplateForNNAndJN(1641)) - Starting Web-server for scm at: http://0.0.0.0:0
2019-10-30 22:12:24,251 [Thread-1309] INFO  server.AuthenticationFilter (AuthenticationFilter.java:constructSecretProvider(240)) - Unable to initialize FileSignerSecretProvider, falling back to use random secrets.
2019-10-30 22:12:24,252 [Thread-1309] WARN  http.HttpRequestLog (HttpRequestLog.java:getRequestLog(97)) - Jetty request log can only be enabled using Log4j
2019-10-30 22:12:24,255 [Thread-1309] INFO  http.HttpServer2 (HttpServer2.java:addGlobalFilter(975)) - Added global filter 'safety' (class=org.apache.hadoop.http.HttpServer2$QuotingInputFilter)
2019-10-30 22:12:24,255 [Thread-1309] INFO  http.HttpServer2 (HttpServer2.java:addFilter(948)) - Added filter static_user_filter (class=org.apache.hadoop.http.lib.StaticUserWebFilter$StaticUserFilter) to context scm
2019-10-30 22:12:24,256 [Thread-1309] INFO  http.HttpServer2 (HttpServer2.java:addFilter(958)) - Added filter static_user_filter (class=org.apache.hadoop.http.lib.StaticUserWebFilter$StaticUserFilter) to context logs
2019-10-30 22:12:24,256 [Thread-1309] INFO  http.HttpServer2 (HttpServer2.java:addFilter(958)) - Added filter static_user_filter (class=org.apache.hadoop.http.lib.StaticUserWebFilter$StaticUserFilter) to context static
2019-10-30 22:12:24,258 [Thread-1309] INFO  server.StorageContainerManager (StorageContainerManager.java:start(772)) - StorageContainerLocationProtocol RPC server is listening at /0.0.0.0:39323
2019-10-30 22:12:24,260 [Thread-1309] WARN  impl.MetricsConfig (MetricsConfig.java:loadFirst(134)) - Cannot locate configuration: tried hadoop-metrics2-storagecontainermanager.properties,hadoop-metrics2.properties
2019-10-30 22:12:24,261 [Thread-1309] INFO  impl.MetricsSystemImpl (MetricsSystemImpl.java:startTimer(374)) - Scheduled Metric snapshot period at 10 second(s).
2019-10-30 22:12:24,261 [Thread-1309] INFO  impl.MetricsSystemImpl (MetricsSystemImpl.java:start(191)) - StorageContainerManager metrics system started
2019-10-30 22:12:24,314 [Thread-1309] WARN  impl.MetricsSystemImpl (MetricsSystemImpl.java:register(276)) - Sink prometheus already exists!
2019-10-30 22:12:24,322 [Thread-1309] INFO  server.SCMClientProtocolServer (SCMClientProtocolServer.java:start(159)) - RPC server for Client  is listening at /0.0.0.0:39323
2019-10-30 22:12:24,322 [IPC Server Responder] INFO  ipc.Server (Server.java:run(1314)) - IPC Server Responder: starting
2019-10-30 22:12:24,322 [IPC Server listener on 39323] INFO  ipc.Server (Server.java:run(1153)) - IPC Server listener on 39323: starting
2019-10-30 22:12:24,325 [Thread-1309] INFO  server.StorageContainerManager (StorageContainerManager.java:start(782)) - ScmBlockLocationProtocol RPC server is listening at /0.0.0.0:41072
2019-10-30 22:12:24,326 [Thread-1309] INFO  server.SCMBlockProtocolServer (SCMBlockProtocolServer.java:start(146)) - RPC server for Block Protocol is listening at /0.0.0.0:41072
2019-10-30 22:12:24,326 [IPC Server Responder] INFO  ipc.Server (Server.java:run(1314)) - IPC Server Responder: starting
2019-10-30 22:12:24,326 [IPC Server listener on 41072] INFO  ipc.Server (Server.java:run(1153)) - IPC Server listener on 41072: starting
2019-10-30 22:12:24,330 [Thread-1309] INFO  server.StorageContainerManager (StorageContainerManager.java:start(786)) - ScmDatanodeProtocl RPC server is listening at /0.0.0.0:40697
2019-10-30 22:12:24,330 [Thread-1309] INFO  server.SCMDatanodeProtocolServer (SCMDatanodeProtocolServer.java:start(169)) - RPC server for DataNodes is listening at /0.0.0.0:40697
2019-10-30 22:12:24,331 [IPC Server Responder] INFO  ipc.Server (Server.java:run(1314)) - IPC Server Responder: starting
2019-10-30 22:12:24,331 [IPC Server listener on 40697] INFO  ipc.Server (Server.java:run(1153)) - IPC Server listener on 40697: starting
2019-10-30 22:12:24,335 [Thread-1309] INFO  http.HttpServer2 (HttpServer2.java:bindListener(1191)) - Jetty bound to port 45271
2019-10-30 22:12:24,335 [Thread-1309] INFO  server.Server (Server.java:doStart(351)) - jetty-9.3.25.v20180904, build timestamp: 2018-09-04T21:11:46Z, git hash: 3ce520221d0240229c862b122d2b06c12a625732
2019-10-30 22:12:24,337 [Thread-1309] INFO  handler.ContextHandler (ContextHandler.java:doStart(781)) - Started o.e.j.s.ServletContextHandler@1d55cfd9{/logs,file:///workdir/hadoop-ozone/ozonefs/target/log,AVAILABLE}
2019-10-30 22:12:24,338 [Thread-1309] INFO  handler.ContextHandler (ContextHandler.java:doStart(781)) - Started o.e.j.s.ServletContextHandler@46bd14a0{/static,jar:file:/home/user/.m2/repository/org/apache/hadoop/hadoop-hdds-server-scm/0.5.0-SNAPSHOT/hadoop-hdds-server-scm-0.5.0-SNAPSHOT.jar!/webapps/static,AVAILABLE}
2019-10-30 22:12:24,400 [Thread-1309] INFO  handler.ContextHandler (ContextHandler.java:doStart(781)) - Started o.e.j.w.WebAppContext@445f6261{/,file:///tmp/jetty-0.0.0.0-45271-scm-_-any-8567011901274044430.dir/webapp/,AVAILABLE}{/scm}
2019-10-30 22:12:24,400 [Thread-1309] INFO  server.AbstractConnector (AbstractConnector.java:doStart(278)) - Started ServerConnector@70d6ad04{HTTP/1.1,[http/1.1]}{0.0.0.0:45271}
2019-10-30 22:12:24,401 [Thread-1309] INFO  server.Server (Server.java:doStart(419)) - Started @111657ms
2019-10-30 22:12:24,402 [Thread-1309] WARN  impl.MetricsSystemImpl (MetricsSystemImpl.java:register(276)) - Sink prometheus already exists!
2019-10-30 22:12:24,404 [Thread-1309] INFO  server.BaseHttpServer (BaseHttpServer.java:updateConnectorAddress(215)) - HTTP server of SCM is listening at http://0.0.0.0:45271
2019-10-30 22:12:24,404 [Thread-1309] WARN  server.ServerUtils (ServerUtils.java:getDBPath(222)) - ozone.om.db.dirs is not configured. We recommend adding this setting. Falling back to ozone.metadata.dirs instead.
2019-10-30 22:12:24,405 [org.apache.hadoop.util.JvmPauseMonitor$Monitor@120feb3e] INFO  util.JvmPauseMonitor (JvmPauseMonitor.java:run(188)) - Starting JVM pause monitor
2019-10-30 22:12:24,430 [Thread-1309] INFO  ha.OMHANodeDetails (OMHANodeDetails.java:loadOMHAConfig(190)) - Configuration either no ozone.om.address set. Falling back to the default OM address /127.0.0.1:0
2019-10-30 22:12:24,430 [Thread-1309] INFO  ha.OMHANodeDetails (OMHANodeDetails.java:getOMNodeDetails(220)) - OM Service ID is not set. Setting it to the default ID: omServiceIdDefault
2019-10-30 22:12:24,431 [Thread-1309] WARN  server.ServerUtils (ServerUtils.java:getDBPath(222)) - ozone.om.db.dirs is not configured. We recommend adding this setting. Falling back to ozone.metadata.dirs instead.
2019-10-30 22:12:24,431 [Thread-1309] WARN  server.ServerUtils (ServerUtils.java:getDBPath(222)) - ozone.om.db.dirs is not configured. We recommend adding this setting. Falling back to ozone.metadata.dirs instead.
2019-10-30 22:12:24,437 [Thread-1309] WARN  server.ServerUtils (ServerUtils.java:getDBPath(222)) - ozone.om.db.dirs is not configured. We recommend adding this setting. Falling back to ozone.metadata.dirs instead.
2019-10-30 22:12:24,438 [Thread-1309] INFO  db.DBStoreBuilder (DBStoreBuilder.java:addTable(127)) - using custom profile for table: userTable
2019-10-30 22:12:24,438 [Thread-1309] INFO  db.DBStoreBuilder (DBStoreBuilder.java:processTables(183)) - Using default column profile:DBProfile.DISK for Table:userTable
2019-10-30 22:12:24,438 [Thread-1309] INFO  db.DBStoreBuilder (DBStoreBuilder.java:addTable(127)) - using custom profile for table: volumeTable
2019-10-30 22:12:24,438 [Thread-1309] INFO  db.DBStoreBuilder (DBStoreBuilder.java:processTables(183)) - Using default column profile:DBProfile.DISK for Table:volumeTable
2019-10-30 22:12:24,438 [Thread-1309] INFO  db.DBStoreBuilder (DBStoreBuilder.java:addTable(127)) - using custom profile for table: bucketTable
2019-10-30 22:12:24,438 [Thread-1309] INFO  db.DBStoreBuilder (DBStoreBuilder.java:processTables(183)) - Using default column profile:DBProfile.DISK for Table:bucketTable
2019-10-30 22:12:24,438 [Thread-1309] INFO  db.DBStoreBuilder (DBStoreBuilder.java:addTable(127)) - using custom profile for table: keyTable
2019-10-30 22:12:24,438 [Thread-1309] INFO  db.DBStoreBuilder (DBStoreBuilder.java:processTables(183)) - Using default column profile:DBProfile.DISK for Table:keyTable
2019-10-30 22:12:24,438 [Thread-1309] INFO  db.DBStoreBuilder (DBStoreBuilder.java:addTable(127)) - using custom profile for table: deletedTable
2019-10-30 22:12:24,439 [Thread-1309] INFO  db.DBStoreBuilder (DBStoreBuilder.java:processTables(183)) - Using default column profile:DBProfile.DISK for Table:deletedTable
2019-10-30 22:12:24,439 [Thread-1309] INFO  db.DBStoreBuilder (DBStoreBuilder.java:addTable(127)) - using custom profile for table: openKeyTable
2019-10-30 22:12:24,439 [Thread-1309] INFO  db.DBStoreBuilder (DBStoreBuilder.java:processTables(183)) - Using default column profile:DBProfile.DISK for Table:openKeyTable
2019-10-30 22:12:24,439 [Thread-1309] INFO  db.DBStoreBuilder (DBStoreBuilder.java:addTable(127)) - using custom profile for table: s3Table
2019-10-30 22:12:24,439 [Thread-1309] INFO  db.DBStoreBuilder (DBStoreBuilder.java:processTables(183)) - Using default column profile:DBProfile.DISK for Table:s3Table
2019-10-30 22:12:24,439 [Thread-1309] INFO  db.DBStoreBuilder (DBStoreBuilder.java:addTable(127)) - using custom profile for table: multipartInfoTable
2019-10-30 22:12:24,439 [Thread-1309] INFO  db.DBStoreBuilder (DBStoreBuilder.java:processTables(183)) - Using default column profile:DBProfile.DISK for Table:multipartInfoTable
2019-10-30 22:12:24,439 [Thread-1309] INFO  db.DBStoreBuilder (DBStoreBuilder.java:addTable(127)) - using custom profile for table: dTokenTable
2019-10-30 22:12:24,439 [Thread-1309] INFO  db.DBStoreBuilder (DBStoreBuilder.java:processTables(183)) - Using default column profile:DBProfile.DISK for Table:dTokenTable
2019-10-30 22:12:24,440 [Thread-1309] INFO  db.DBStoreBuilder (DBStoreBuilder.java:addTable(127)) - using custom profile for table: s3SecretTable
2019-10-30 22:12:24,440 [Thread-1309] INFO  db.DBStoreBuilder (DBStoreBuilder.java:processTables(183)) - Using default column profile:DBProfile.DISK for Table:s3SecretTable
2019-10-30 22:12:24,440 [Thread-1309] INFO  db.DBStoreBuilder (DBStoreBuilder.java:addTable(127)) - using custom profile for table: prefixTable
2019-10-30 22:12:24,440 [Thread-1309] INFO  db.DBStoreBuilder (DBStoreBuilder.java:processTables(183)) - Using default column profile:DBProfile.DISK for Table:prefixTable
2019-10-30 22:12:24,440 [Thread-1309] INFO  db.DBStoreBuilder (DBStoreBuilder.java:addTable(127)) - using custom profile for table: default
2019-10-30 22:12:24,440 [Thread-1309] INFO  db.DBStoreBuilder (DBStoreBuilder.java:processTables(189)) - Using default column profile:DBProfile.DISK for Table:default
2019-10-30 22:12:24,440 [Thread-1309] INFO  db.DBStoreBuilder (DBStoreBuilder.java:getDbProfile(220)) - Using default options. DBProfile.DISK
2019-10-30 22:12:25,003 [Thread-1309] INFO  ipc.CallQueueManager (CallQueueManager.java:<init>(84)) - Using callQueue: class java.util.concurrent.LinkedBlockingQueue, queueCapacity: 2000, scheduler: class org.apache.hadoop.ipc.DefaultRpcScheduler, ipcBackoff: false.
2019-10-30 22:12:25,004 [Socket Reader #1 for port 36426] INFO  ipc.Server (Server.java:run(1074)) - Starting Socket Reader #1 for port 36426
2019-10-30 22:12:25,021 [Thread-1309] INFO  om.OzoneManager (OzoneManager.java:start(1076)) - OzoneManager RPC server is listening at localhost/127.0.0.1:36426
2019-10-30 22:12:25,022 [Thread-1309] INFO  impl.MetricsSystemImpl (MetricsSystemImpl.java:init(158)) - OzoneManager metrics system started (again)
2019-10-30 22:12:25,022 [IPC Server Responder] INFO  ipc.Server (Server.java:run(1314)) - IPC Server Responder: starting
2019-10-30 22:12:25,023 [IPC Server listener on 36426] INFO  ipc.Server (Server.java:run(1153)) - IPC Server listener on 36426: starting
2019-10-30 22:12:25,027 [Thread-1309] INFO  hdfs.DFSUtil (DFSUtil.java:httpServerTemplateForNNAndJN(1641)) - Starting Web-server for ozoneManager at: http://0.0.0.0:0
2019-10-30 22:12:25,028 [Thread-1309] INFO  server.AuthenticationFilter (AuthenticationFilter.java:constructSecretProvider(240)) - Unable to initialize FileSignerSecretProvider, falling back to use random secrets.
2019-10-30 22:12:25,029 [Thread-1309] WARN  http.HttpRequestLog (HttpRequestLog.java:getRequestLog(97)) - Jetty request log can only be enabled using Log4j
2019-10-30 22:12:25,030 [Thread-1309] INFO  http.HttpServer2 (HttpServer2.java:addGlobalFilter(975)) - Added global filter 'safety' (class=org.apache.hadoop.http.HttpServer2$QuotingInputFilter)
2019-10-30 22:12:25,030 [Thread-1309] INFO  http.HttpServer2 (HttpServer2.java:addFilter(948)) - Added filter static_user_filter (class=org.apache.hadoop.http.lib.StaticUserWebFilter$StaticUserFilter) to context ozoneManager
2019-10-30 22:12:25,031 [Thread-1309] INFO  http.HttpServer2 (HttpServer2.java:addFilter(958)) - Added filter static_user_filter (class=org.apache.hadoop.http.lib.StaticUserWebFilter$StaticUserFilter) to context static
2019-10-30 22:12:25,031 [Thread-1309] INFO  http.HttpServer2 (HttpServer2.java:addFilter(958)) - Added filter static_user_filter (class=org.apache.hadoop.http.lib.StaticUserWebFilter$StaticUserFilter) to context logs
2019-10-30 22:12:25,031 [Thread-1309] INFO  http.HttpServer2 (HttpServer2.java:bindListener(1191)) - Jetty bound to port 46005
2019-10-30 22:12:25,031 [Thread-1309] INFO  server.Server (Server.java:doStart(351)) - jetty-9.3.25.v20180904, build timestamp: 2018-09-04T21:11:46Z, git hash: 3ce520221d0240229c862b122d2b06c12a625732
2019-10-30 22:12:25,033 [Thread-1309] INFO  handler.ContextHandler (ContextHandler.java:doStart(781)) - Started o.e.j.s.ServletContextHandler@6e9e47c7{/logs,file:///workdir/hadoop-ozone/ozonefs/target/log,AVAILABLE}
2019-10-30 22:12:25,033 [Thread-1309] INFO  handler.ContextHandler (ContextHandler.java:doStart(781)) - Started o.e.j.s.ServletContextHandler@59894531{/static,jar:file:/home/user/.m2/repository/org/apache/hadoop/hadoop-ozone-ozone-manager/0.5.0-SNAPSHOT/hadoop-ozone-ozone-manager-0.5.0-SNAPSHOT.jar!/webapps/static,AVAILABLE}
2019-10-30 22:12:25,078 [Thread-1309] INFO  handler.ContextHandler (ContextHandler.java:doStart(781)) - Started o.e.j.w.WebAppContext@48e3fe4{/,file:///tmp/jetty-0.0.0.0-46005-ozoneManager-_-any-5718193921246511534.dir/webapp/,AVAILABLE}{/ozoneManager}
2019-10-30 22:12:25,078 [Thread-1309] INFO  server.AbstractConnector (AbstractConnector.java:doStart(278)) - Started ServerConnector@bfe0b94{HTTP/1.1,[http/1.1]}{0.0.0.0:46005}
2019-10-30 22:12:25,079 [Thread-1309] INFO  server.Server (Server.java:doStart(419)) - Started @112335ms
2019-10-30 22:12:25,079 [Thread-1309] WARN  impl.MetricsSystemImpl (MetricsSystemImpl.java:register(276)) - Sink prometheus already exists!
2019-10-30 22:12:25,080 [Thread-1309] INFO  server.BaseHttpServer (BaseHttpServer.java:updateConnectorAddress(215)) - HTTP server of OZONEMANAGER is listening at http://0.0.0.0:46005
2019-10-30 22:12:25,088 [Thread-1309] INFO  impl.MetricsSystemImpl (MetricsSystemImpl.java:init(158)) - HddsDatanode metrics system started (again)
2019-10-30 22:12:25,090 [Thread-1309] INFO  ozone.HddsDatanodeService (HddsDatanodeService.java:start(184)) - HddsDatanodeService host:pr-hdds-1987-rp7vh-4227721973 ip:192.168.157.212
2019-10-30 22:12:25,098 [Thread-1309] INFO  volume.HddsVolume (HddsVolume.java:<init>(176)) - Creating Volume: /workdir/hadoop-ozone/ozonefs/target/test-dir/MiniOzoneClusterImpl-4f0b2fbf-daf8-4ad1-ba66-70d5c7ef4040/datanode-0/data/containers/hdds of  storage type : DISK and capacity : 1482555576320
2019-10-30 22:12:25,098 [Thread-1309] INFO  volume.VolumeSet (VolumeSet.java:initializeVolumeSet(170)) - Added Volume : /workdir/hadoop-ozone/ozonefs/target/test-dir/MiniOzoneClusterImpl-4f0b2fbf-daf8-4ad1-ba66-70d5c7ef4040/datanode-0/data/containers/hdds to VolumeSet
2019-10-30 22:12:25,098 [Thread-1309] INFO  volume.ThrottledAsyncChecker (ThrottledAsyncChecker.java:schedule(141)) - Scheduling a check for /workdir/hadoop-ozone/ozonefs/target/test-dir/MiniOzoneClusterImpl-4f0b2fbf-daf8-4ad1-ba66-70d5c7ef4040/datanode-0/data/containers/hdds
2019-10-30 22:12:25,101 [Thread-1309] INFO  volume.HddsVolumeChecker (HddsVolumeChecker.java:checkAllVolumes(204)) - Scheduled health check for volume /workdir/hadoop-ozone/ozonefs/target/test-dir/MiniOzoneClusterImpl-4f0b2fbf-daf8-4ad1-ba66-70d5c7ef4040/datanode-0/data/containers/hdds
2019-10-30 22:12:25,122 [Thread-1309] INFO  impl.RaftServerProxy (ConfUtils.java:logGet(43)) - raft.rpc.type = GRPC (default)
2019-10-30 22:12:25,123 [Thread-1309] INFO  grpc.GrpcFactory (GrpcFactory.java:checkPooledByteBufAllocatorUseCacheForAllThreads(45)) - PERFORMANCE WARNING: useCacheForAllThreads is true that may cause Netty to create a lot garbage objects and, as a result, trigger GC.
	It is recommended to disable useCacheForAllThreads by setting -Dorg.apache.ratis.thirdparty.io.netty.allocator.useCacheForAllThreads=false in command line.
2019-10-30 22:12:25,123 [Thread-1309] INFO  grpc.GrpcConfigKeys$Server (ConfUtils.java:logGet(43)) - raft.grpc.server.port = 0 (default)
2019-10-30 22:12:25,123 [Thread-1309] INFO  server.GrpcService (ConfUtils.java:logGet(43)) - raft.grpc.message.size.max = 33570816 (custom)
2019-10-30 22:12:25,123 [Thread-1309] INFO  server.RaftServerConfigKeys (ConfUtils.java:logGet(43)) - raft.server.log.appender.buffer.byte-limit = 33554432 (custom)
2019-10-30 22:12:25,123 [Thread-1309] INFO  server.GrpcService (ConfUtils.java:logGet(43)) - raft.grpc.flow.control.window = 1MB (=1048576) (default)
2019-10-30 22:12:25,123 [Thread-1309] INFO  server.RaftServerConfigKeys (ConfUtils.java:logGet(43)) - raft.server.rpc.request.timeout = 3000ms (default)
2019-10-30 22:12:25,124 [Thread-1309] INFO  server.RaftServerConfigKeys (ConfUtils.java:logGet(43)) - raft.server.storage.dir = [/workdir/hadoop-ozone/ozonefs/target/test-dir/MiniOzoneClusterImpl-4f0b2fbf-daf8-4ad1-ba66-70d5c7ef4040/datanode-0/data/ratis] (custom)
2019-10-30 22:12:25,126 [Thread-1309] INFO  hdfs.DFSUtil (DFSUtil.java:httpServerTemplateForNNAndJN(1641)) - Starting Web-server for hddsDatanode at: http://0.0.0.0:0
2019-10-30 22:12:25,128 [Thread-1309] INFO  server.AuthenticationFilter (AuthenticationFilter.java:constructSecretProvider(240)) - Unable to initialize FileSignerSecretProvider, falling back to use random secrets.
2019-10-30 22:12:25,128 [Thread-1309] WARN  http.HttpRequestLog (HttpRequestLog.java:getRequestLog(97)) - Jetty request log can only be enabled using Log4j
2019-10-30 22:12:25,130 [Thread-1309] INFO  http.HttpServer2 (HttpServer2.java:addGlobalFilter(975)) - Added global filter 'safety' (class=org.apache.hadoop.http.HttpServer2$QuotingInputFilter)
2019-10-30 22:12:25,131 [Thread-1309] INFO  http.HttpServer2 (HttpServer2.java:addFilter(948)) - Added filter static_user_filter (class=org.apache.hadoop.http.lib.StaticUserWebFilter$StaticUserFilter) to context hddsDatanode
2019-10-30 22:12:25,131 [Thread-1309] INFO  http.HttpServer2 (HttpServer2.java:addFilter(958)) - Added filter static_user_filter (class=org.apache.hadoop.http.lib.StaticUserWebFilter$StaticUserFilter) to context static
2019-10-30 22:12:25,131 [Thread-1309] INFO  http.HttpServer2 (HttpServer2.java:addFilter(958)) - Added filter static_user_filter (class=org.apache.hadoop.http.lib.StaticUserWebFilter$StaticUserFilter) to context logs
2019-10-30 22:12:25,132 [Thread-1309] INFO  http.HttpServer2 (HttpServer2.java:bindListener(1191)) - Jetty bound to port 45885
2019-10-30 22:12:25,132 [Thread-1309] INFO  server.Server (Server.java:doStart(351)) - jetty-9.3.25.v20180904, build timestamp: 2018-09-04T21:11:46Z, git hash: 3ce520221d0240229c862b122d2b06c12a625732
2019-10-30 22:12:25,134 [Thread-1309] INFO  handler.ContextHandler (ContextHandler.java:doStart(781)) - Started o.e.j.s.ServletContextHandler@5bcaef30{/logs,file:///workdir/hadoop-ozone/ozonefs/target/log,AVAILABLE}
2019-10-30 22:12:25,134 [Thread-1309] INFO  handler.ContextHandler (ContextHandler.java:doStart(781)) - Started o.e.j.s.ServletContextHandler@62749e67{/static,jar:file:/home/user/.m2/repository/org/apache/hadoop/hadoop-hdds-container-service/0.5.0-SNAPSHOT/hadoop-hdds-container-service-0.5.0-SNAPSHOT.jar!/webapps/static,AVAILABLE}
2019-10-30 22:12:25,166 [Thread-1309] INFO  handler.ContextHandler (ContextHandler.java:doStart(781)) - Started o.e.j.w.WebAppContext@42291a1f{/,file:///tmp/jetty-0.0.0.0-45885-hddsDatanode-_-any-2116344157367442846.dir/webapp/,AVAILABLE}{/hddsDatanode}
2019-10-30 22:12:25,166 [Thread-1309] INFO  server.AbstractConnector (AbstractConnector.java:doStart(278)) - Started ServerConnector@4a22b8f7{HTTP/1.1,[http/1.1]}{0.0.0.0:45885}
2019-10-30 22:12:25,167 [Thread-1309] INFO  server.Server (Server.java:doStart(419)) - Started @112423ms
2019-10-30 22:12:25,167 [Thread-1309] WARN  impl.MetricsSystemImpl (MetricsSystemImpl.java:register(276)) - Sink prometheus already exists!
2019-10-30 22:12:25,168 [Thread-1309] INFO  server.BaseHttpServer (BaseHttpServer.java:updateConnectorAddress(215)) - HTTP server of HDDSDATANODE is listening at http://0.0.0.0:45885
2019-10-30 22:12:25,168 [Thread-1309] INFO  impl.MetricsSystemImpl (MetricsSystemImpl.java:init(158)) - HddsDatanode metrics system started (again)
2019-10-30 22:12:25,171 [org.apache.hadoop.util.JvmPauseMonitor$Monitor@11f40aa2] INFO  util.JvmPauseMonitor (JvmPauseMonitor.java:run(188)) - Starting JVM pause monitor
2019-10-30 22:12:25,171 [Thread-1309] INFO  ozone.HddsDatanodeService (HddsDatanodeService.java:start(184)) - HddsDatanodeService host:pr-hdds-1987-rp7vh-4227721973 ip:192.168.157.212
2019-10-30 22:12:25,172 [Datanode State Machine Thread - 0] INFO  datanode.InitDatanodeState (InitDatanodeState.java:persistContainerDatanodeDetails(140)) - DatanodeDetails is persisted to /workdir/hadoop-ozone/ozonefs/target/test-dir/MiniOzoneClusterImpl-4f0b2fbf-daf8-4ad1-ba66-70d5c7ef4040/datanode-0/meta/datanode.id
2019-10-30 22:12:25,177 [Thread-1309] INFO  volume.HddsVolume (HddsVolume.java:<init>(176)) - Creating Volume: /workdir/hadoop-ozone/ozonefs/target/test-dir/MiniOzoneClusterImpl-4f0b2fbf-daf8-4ad1-ba66-70d5c7ef4040/datanode-1/data/containers/hdds of  storage type : DISK and capacity : 1482555576320
2019-10-30 22:12:25,177 [Thread-1309] INFO  volume.VolumeSet (VolumeSet.java:initializeVolumeSet(170)) - Added Volume : /workdir/hadoop-ozone/ozonefs/target/test-dir/MiniOzoneClusterImpl-4f0b2fbf-daf8-4ad1-ba66-70d5c7ef4040/datanode-1/data/containers/hdds to VolumeSet
2019-10-30 22:12:25,177 [Thread-1309] INFO  volume.ThrottledAsyncChecker (ThrottledAsyncChecker.java:schedule(141)) - Scheduling a check for /workdir/hadoop-ozone/ozonefs/target/test-dir/MiniOzoneClusterImpl-4f0b2fbf-daf8-4ad1-ba66-70d5c7ef4040/datanode-1/data/containers/hdds
2019-10-30 22:12:25,178 [Thread-1309] INFO  volume.HddsVolumeChecker (HddsVolumeChecker.java:checkAllVolumes(204)) - Scheduled health check for volume /workdir/hadoop-ozone/ozonefs/target/test-dir/MiniOzoneClusterImpl-4f0b2fbf-daf8-4ad1-ba66-70d5c7ef4040/datanode-1/data/containers/hdds
2019-10-30 22:12:25,202 [Thread-1309] INFO  impl.RaftServerProxy (ConfUtils.java:logGet(43)) - raft.rpc.type = GRPC (default)
2019-10-30 22:12:25,202 [Thread-1309] INFO  grpc.GrpcFactory (GrpcFactory.java:checkPooledByteBufAllocatorUseCacheForAllThreads(45)) - PERFORMANCE WARNING: useCacheForAllThreads is true that may cause Netty to create a lot garbage objects and, as a result, trigger GC.
	It is recommended to disable useCacheForAllThreads by setting -Dorg.apache.ratis.thirdparty.io.netty.allocator.useCacheForAllThreads=false in command line.
2019-10-30 22:12:25,202 [Thread-1309] INFO  grpc.GrpcConfigKeys$Server (ConfUtils.java:logGet(43)) - raft.grpc.server.port = 0 (default)
2019-10-30 22:12:25,202 [Thread-1309] INFO  server.GrpcService (ConfUtils.java:logGet(43)) - raft.grpc.message.size.max = 33570816 (custom)
2019-10-30 22:12:25,202 [Thread-1309] INFO  server.RaftServerConfigKeys (ConfUtils.java:logGet(43)) - raft.server.log.appender.buffer.byte-limit = 33554432 (custom)
2019-10-30 22:12:25,202 [Thread-1309] INFO  server.GrpcService (ConfUtils.java:logGet(43)) - raft.grpc.flow.control.window = 1MB (=1048576) (default)
2019-10-30 22:12:25,202 [Thread-1309] INFO  server.RaftServerConfigKeys (ConfUtils.java:logGet(43)) - raft.server.rpc.request.timeout = 3000ms (default)
2019-10-30 22:12:25,203 [Thread-1309] INFO  server.RaftServerConfigKeys (ConfUtils.java:logGet(43)) - raft.server.storage.dir = [/workdir/hadoop-ozone/ozonefs/target/test-dir/MiniOzoneClusterImpl-4f0b2fbf-daf8-4ad1-ba66-70d5c7ef4040/datanode-1/data/ratis] (custom)
2019-10-30 22:12:25,204 [Thread-1309] INFO  hdfs.DFSUtil (DFSUtil.java:httpServerTemplateForNNAndJN(1641)) - Starting Web-server for hddsDatanode at: http://0.0.0.0:0
2019-10-30 22:12:25,206 [Thread-1309] INFO  server.AuthenticationFilter (AuthenticationFilter.java:constructSecretProvider(240)) - Unable to initialize FileSignerSecretProvider, falling back to use random secrets.
2019-10-30 22:12:25,206 [Thread-1309] WARN  http.HttpRequestLog (HttpRequestLog.java:getRequestLog(97)) - Jetty request log can only be enabled using Log4j
2019-10-30 22:12:25,207 [Thread-1309] INFO  http.HttpServer2 (HttpServer2.java:addGlobalFilter(975)) - Added global filter 'safety' (class=org.apache.hadoop.http.HttpServer2$QuotingInputFilter)
2019-10-30 22:12:25,208 [Thread-1309] INFO  http.HttpServer2 (HttpServer2.java:addFilter(948)) - Added filter static_user_filter (class=org.apache.hadoop.http.lib.StaticUserWebFilter$StaticUserFilter) to context hddsDatanode
2019-10-30 22:12:25,208 [Thread-1309] INFO  http.HttpServer2 (HttpServer2.java:addFilter(958)) - Added filter static_user_filter (class=org.apache.hadoop.http.lib.StaticUserWebFilter$StaticUserFilter) to context logs
2019-10-30 22:12:25,208 [Thread-1309] INFO  http.HttpServer2 (HttpServer2.java:addFilter(958)) - Added filter static_user_filter (class=org.apache.hadoop.http.lib.StaticUserWebFilter$StaticUserFilter) to context static
2019-10-30 22:12:25,209 [Thread-1309] INFO  http.HttpServer2 (HttpServer2.java:bindListener(1191)) - Jetty bound to port 37052
2019-10-30 22:12:25,209 [Thread-1309] INFO  server.Server (Server.java:doStart(351)) - jetty-9.3.25.v20180904, build timestamp: 2018-09-04T21:11:46Z, git hash: 3ce520221d0240229c862b122d2b06c12a625732
2019-10-30 22:12:25,210 [Thread-1309] INFO  handler.ContextHandler (ContextHandler.java:doStart(781)) - Started o.e.j.s.ServletContextHandler@17b1d23{/logs,file:///workdir/hadoop-ozone/ozonefs/target/log,AVAILABLE}
2019-10-30 22:12:25,211 [Thread-1309] INFO  handler.ContextHandler (ContextHandler.java:doStart(781)) - Started o.e.j.s.ServletContextHandler@51a86ea6{/static,jar:file:/home/user/.m2/repository/org/apache/hadoop/hadoop-hdds-container-service/0.5.0-SNAPSHOT/hadoop-hdds-container-service-0.5.0-SNAPSHOT.jar!/webapps/static,AVAILABLE}
2019-10-30 22:12:25,239 [Thread-1309] INFO  handler.ContextHandler (ContextHandler.java:doStart(781)) - Started o.e.j.w.WebAppContext@73128f8b{/,file:///tmp/jetty-0.0.0.0-37052-hddsDatanode-_-any-4875624370213453551.dir/webapp/,AVAILABLE}{/hddsDatanode}
2019-10-30 22:12:25,239 [Thread-1309] INFO  server.AbstractConnector (AbstractConnector.java:doStart(278)) - Started ServerConnector@16755788{HTTP/1.1,[http/1.1]}{0.0.0.0:37052}
2019-10-30 22:12:25,240 [Thread-1309] INFO  server.Server (Server.java:doStart(419)) - Started @112496ms
2019-10-30 22:12:25,240 [Thread-1309] WARN  impl.MetricsSystemImpl (MetricsSystemImpl.java:register(276)) - Sink prometheus already exists!
2019-10-30 22:12:25,241 [Thread-1309] INFO  server.BaseHttpServer (BaseHttpServer.java:updateConnectorAddress(215)) - HTTP server of HDDSDATANODE is listening at http://0.0.0.0:37052
2019-10-30 22:12:25,242 [Thread-1309] INFO  impl.MetricsSystemImpl (MetricsSystemImpl.java:init(158)) - HddsDatanode metrics system started (again)
2019-10-30 22:12:25,244 [org.apache.hadoop.util.JvmPauseMonitor$Monitor@e70fa93] INFO  util.JvmPauseMonitor (JvmPauseMonitor.java:run(188)) - Starting JVM pause monitor
2019-10-30 22:12:25,244 [Thread-1309] INFO  ozone.HddsDatanodeService (HddsDatanodeService.java:start(184)) - HddsDatanodeService host:pr-hdds-1987-rp7vh-4227721973 ip:192.168.157.212
2019-10-30 22:12:25,246 [Datanode State Machine Thread - 0] INFO  datanode.InitDatanodeState (InitDatanodeState.java:persistContainerDatanodeDetails(140)) - DatanodeDetails is persisted to /workdir/hadoop-ozone/ozonefs/target/test-dir/MiniOzoneClusterImpl-4f0b2fbf-daf8-4ad1-ba66-70d5c7ef4040/datanode-1/meta/datanode.id
2019-10-30 22:12:25,251 [Thread-1309] INFO  volume.HddsVolume (HddsVolume.java:<init>(176)) - Creating Volume: /workdir/hadoop-ozone/ozonefs/target/test-dir/MiniOzoneClusterImpl-4f0b2fbf-daf8-4ad1-ba66-70d5c7ef4040/datanode-2/data/containers/hdds of  storage type : DISK and capacity : 1482555576320
2019-10-30 22:12:25,251 [Thread-1309] INFO  volume.VolumeSet (VolumeSet.java:initializeVolumeSet(170)) - Added Volume : /workdir/hadoop-ozone/ozonefs/target/test-dir/MiniOzoneClusterImpl-4f0b2fbf-daf8-4ad1-ba66-70d5c7ef4040/datanode-2/data/containers/hdds to VolumeSet
2019-10-30 22:12:25,251 [Thread-1309] INFO  volume.ThrottledAsyncChecker (ThrottledAsyncChecker.java:schedule(141)) - Scheduling a check for /workdir/hadoop-ozone/ozonefs/target/test-dir/MiniOzoneClusterImpl-4f0b2fbf-daf8-4ad1-ba66-70d5c7ef4040/datanode-2/data/containers/hdds
2019-10-30 22:12:25,252 [Thread-1309] INFO  volume.HddsVolumeChecker (HddsVolumeChecker.java:checkAllVolumes(204)) - Scheduled health check for volume /workdir/hadoop-ozone/ozonefs/target/test-dir/MiniOzoneClusterImpl-4f0b2fbf-daf8-4ad1-ba66-70d5c7ef4040/datanode-2/data/containers/hdds
2019-10-30 22:12:25,277 [Thread-1309] INFO  impl.RaftServerProxy (ConfUtils.java:logGet(43)) - raft.rpc.type = GRPC (default)
2019-10-30 22:12:25,277 [Thread-1309] INFO  grpc.GrpcFactory (GrpcFactory.java:checkPooledByteBufAllocatorUseCacheForAllThreads(45)) - PERFORMANCE WARNING: useCacheForAllThreads is true that may cause Netty to create a lot garbage objects and, as a result, trigger GC.
	It is recommended to disable useCacheForAllThreads by setting -Dorg.apache.ratis.thirdparty.io.netty.allocator.useCacheForAllThreads=false in command line.
2019-10-30 22:12:25,277 [Thread-1309] INFO  grpc.GrpcConfigKeys$Server (ConfUtils.java:logGet(43)) - raft.grpc.server.port = 0 (default)
2019-10-30 22:12:25,277 [Thread-1309] INFO  server.GrpcService (ConfUtils.java:logGet(43)) - raft.grpc.message.size.max = 33570816 (custom)
2019-10-30 22:12:25,278 [Thread-1309] INFO  server.RaftServerConfigKeys (ConfUtils.java:logGet(43)) - raft.server.log.appender.buffer.byte-limit = 33554432 (custom)
2019-10-30 22:12:25,278 [Thread-1309] INFO  server.GrpcService (ConfUtils.java:logGet(43)) - raft.grpc.flow.control.window = 1MB (=1048576) (default)
2019-10-30 22:12:25,278 [Thread-1309] INFO  server.RaftServerConfigKeys (ConfUtils.java:logGet(43)) - raft.server.rpc.request.timeout = 3000ms (default)
2019-10-30 22:12:25,279 [Thread-1309] INFO  server.RaftServerConfigKeys (ConfUtils.java:logGet(43)) - raft.server.storage.dir = [/workdir/hadoop-ozone/ozonefs/target/test-dir/MiniOzoneClusterImpl-4f0b2fbf-daf8-4ad1-ba66-70d5c7ef4040/datanode-2/data/ratis] (custom)
2019-10-30 22:12:25,280 [Thread-1309] INFO  hdfs.DFSUtil (DFSUtil.java:httpServerTemplateForNNAndJN(1641)) - Starting Web-server for hddsDatanode at: http://0.0.0.0:0
2019-10-30 22:12:25,283 [Thread-1309] INFO  server.AuthenticationFilter (AuthenticationFilter.java:constructSecretProvider(240)) - Unable to initialize FileSignerSecretProvider, falling back to use random secrets.
2019-10-30 22:12:25,283 [Thread-1309] WARN  http.HttpRequestLog (HttpRequestLog.java:getRequestLog(97)) - Jetty request log can only be enabled using Log4j
2019-10-30 22:12:25,285 [Thread-1309] INFO  http.HttpServer2 (HttpServer2.java:addGlobalFilter(975)) - Added global filter 'safety' (class=org.apache.hadoop.http.HttpServer2$QuotingInputFilter)
2019-10-30 22:12:25,286 [Thread-1309] INFO  http.HttpServer2 (HttpServer2.java:addFilter(948)) - Added filter static_user_filter (class=org.apache.hadoop.http.lib.StaticUserWebFilter$StaticUserFilter) to context hddsDatanode
2019-10-30 22:12:25,286 [Thread-1309] INFO  http.HttpServer2 (HttpServer2.java:addFilter(958)) - Added filter static_user_filter (class=org.apache.hadoop.http.lib.StaticUserWebFilter$StaticUserFilter) to context static
2019-10-30 22:12:25,286 [Thread-1309] INFO  http.HttpServer2 (HttpServer2.java:addFilter(958)) - Added filter static_user_filter (class=org.apache.hadoop.http.lib.StaticUserWebFilter$StaticUserFilter) to context logs
2019-10-30 22:12:25,287 [Thread-1309] INFO  http.HttpServer2 (HttpServer2.java:bindListener(1191)) - Jetty bound to port 40652
2019-10-30 22:12:25,287 [Thread-1309] INFO  server.Server (Server.java:doStart(351)) - jetty-9.3.25.v20180904, build timestamp: 2018-09-04T21:11:46Z, git hash: 3ce520221d0240229c862b122d2b06c12a625732
2019-10-30 22:12:25,289 [Thread-1309] INFO  handler.ContextHandler (ContextHandler.java:doStart(781)) - Started o.e.j.s.ServletContextHandler@a628df5{/logs,file:///workdir/hadoop-ozone/ozonefs/target/log,AVAILABLE}
2019-10-30 22:12:25,289 [Thread-1309] INFO  handler.ContextHandler (ContextHandler.java:doStart(781)) - Started o.e.j.s.ServletContextHandler@ddc47be{/static,jar:file:/home/user/.m2/repository/org/apache/hadoop/hadoop-hdds-container-service/0.5.0-SNAPSHOT/hadoop-hdds-container-service-0.5.0-SNAPSHOT.jar!/webapps/static,AVAILABLE}
2019-10-30 22:12:25,328 [Thread-1309] INFO  handler.ContextHandler (ContextHandler.java:doStart(781)) - Started o.e.j.w.WebAppContext@1ae3e3fa{/,file:///tmp/jetty-0.0.0.0-40652-hddsDatanode-_-any-4126878219024039622.dir/webapp/,AVAILABLE}{/hddsDatanode}
2019-10-30 22:12:25,329 [Thread-1309] INFO  server.AbstractConnector (AbstractConnector.java:doStart(278)) - Started ServerConnector@3debef98{HTTP/1.1,[http/1.1]}{0.0.0.0:40652}
2019-10-30 22:12:25,330 [Thread-1309] INFO  server.Server (Server.java:doStart(419)) - Started @112586ms
2019-10-30 22:12:25,330 [Thread-1309] WARN  impl.MetricsSystemImpl (MetricsSystemImpl.java:register(276)) - Sink prometheus already exists!
2019-10-30 22:12:25,331 [Thread-1309] INFO  server.BaseHttpServer (BaseHttpServer.java:updateConnectorAddress(215)) - HTTP server of HDDSDATANODE is listening at http://0.0.0.0:40652
2019-10-30 22:12:25,331 [Thread-1309] INFO  ozone.MiniOzoneClusterImpl (MiniOzoneClusterImpl.java:lambda$waitForClusterToBeReady$0(147)) - Waiting for cluster to be ready. Got 0 of 3 DN Heartbeats.
2019-10-30 22:12:25,332 [org.apache.hadoop.util.JvmPauseMonitor$Monitor@6ab62369] INFO  util.JvmPauseMonitor (JvmPauseMonitor.java:run(188)) - Starting JVM pause monitor
2019-10-30 22:12:25,334 [Datanode State Machine Thread - 0] INFO  datanode.InitDatanodeState (InitDatanodeState.java:persistContainerDatanodeDetails(140)) - DatanodeDetails is persisted to /workdir/hadoop-ozone/ozonefs/target/test-dir/MiniOzoneClusterImpl-4f0b2fbf-daf8-4ad1-ba66-70d5c7ef4040/datanode-2/meta/datanode.id
2019-10-30 22:12:26,331 [Thread-1309] INFO  ozone.MiniOzoneClusterImpl (MiniOzoneClusterImpl.java:lambda$waitForClusterToBeReady$0(147)) - Waiting for cluster to be ready. Got 0 of 3 DN Heartbeats.
2019-10-30 22:12:27,182 [Datanode State Machine Thread - 0] INFO  ozoneimpl.OzoneContainer (OzoneContainer.java:start(213)) - Attempting to start container services.
2019-10-30 22:12:27,182 [Datanode State Machine Thread - 0] INFO  ozoneimpl.OzoneContainer (OzoneContainer.java:startContainerScrub(177)) - Background container scanner has been disabled.
2019-10-30 22:12:27,182 [Datanode State Machine Thread - 0] INFO  ratis.XceiverServerRatis (XceiverServerRatis.java:start(418)) - Starting XceiverServerRatis b4e30c52-69cc-49db-aa2a-8c09b7af5748 at port 0
2019-10-30 22:12:27,188 [Datanode State Machine Thread - 0] INFO  impl.RaftServerProxy (RaftServerProxy.java:lambda$start$3(299)) - b4e30c52-69cc-49db-aa2a-8c09b7af5748: start RPC server
2019-10-30 22:12:27,190 [Datanode State Machine Thread - 0] INFO  server.GrpcService (GrpcService.java:startImpl(158)) - b4e30c52-69cc-49db-aa2a-8c09b7af5748: GrpcService started, listening on 0.0.0.0/0.0.0.0:41373
2019-10-30 22:12:27,190 [Datanode State Machine Thread - 0] INFO  ratis.XceiverServerRatis (XceiverServerRatis.java:start(428)) - XceiverServerRatis b4e30c52-69cc-49db-aa2a-8c09b7af5748 is started using port 41373
2019-10-30 22:12:27,191 [Datanode State Machine Thread - 0] INFO  server.XceiverServerGrpc (XceiverServerGrpc.java:start(149)) - XceiverServerGrpc b4e30c52-69cc-49db-aa2a-8c09b7af5748 is started using port 37213
2019-10-30 22:12:27,253 [Datanode State Machine Thread - 0] INFO  ozoneimpl.OzoneContainer (OzoneContainer.java:start(213)) - Attempting to start container services.
2019-10-30 22:12:27,253 [Datanode State Machine Thread - 0] INFO  ozoneimpl.OzoneContainer (OzoneContainer.java:startContainerScrub(177)) - Background container scanner has been disabled.
2019-10-30 22:12:27,253 [Datanode State Machine Thread - 0] INFO  ratis.XceiverServerRatis (XceiverServerRatis.java:start(418)) - Starting XceiverServerRatis c9a04ff5-fbc9-41c1-b0e2-f8738373b765 at port 0
2019-10-30 22:12:27,262 [Datanode State Machine Thread - 0] INFO  impl.RaftServerProxy (RaftServerProxy.java:lambda$start$3(299)) - c9a04ff5-fbc9-41c1-b0e2-f8738373b765: start RPC server
2019-10-30 22:12:27,270 [Datanode State Machine Thread - 0] INFO  server.GrpcService (GrpcService.java:startImpl(158)) - c9a04ff5-fbc9-41c1-b0e2-f8738373b765: GrpcService started, listening on 0.0.0.0/0.0.0.0:42719
2019-10-30 22:12:27,271 [Datanode State Machine Thread - 0] INFO  ratis.XceiverServerRatis (XceiverServerRatis.java:start(428)) - XceiverServerRatis c9a04ff5-fbc9-41c1-b0e2-f8738373b765 is started using port 42719
2019-10-30 22:12:27,272 [Datanode State Machine Thread - 0] INFO  server.XceiverServerGrpc (XceiverServerGrpc.java:start(149)) - XceiverServerGrpc c9a04ff5-fbc9-41c1-b0e2-f8738373b765 is started using port 46034
2019-10-30 22:12:27,332 [Thread-1309] INFO  ozone.MiniOzoneClusterImpl (MiniOzoneClusterImpl.java:lambda$waitForClusterToBeReady$0(147)) - Waiting for cluster to be ready. Got 0 of 3 DN Heartbeats.
2019-10-30 22:12:27,341 [Datanode State Machine Thread - 0] INFO  ozoneimpl.OzoneContainer (OzoneContainer.java:start(213)) - Attempting to start container services.
2019-10-30 22:12:27,341 [Datanode State Machine Thread - 0] INFO  ozoneimpl.OzoneContainer (OzoneContainer.java:startContainerScrub(177)) - Background container scanner has been disabled.
2019-10-30 22:12:27,341 [Datanode State Machine Thread - 0] INFO  ratis.XceiverServerRatis (XceiverServerRatis.java:start(418)) - Starting XceiverServerRatis 56f9c2e0-23c1-4fdd-a628-2e32d4a06461 at port 0
2019-10-30 22:12:27,346 [Datanode State Machine Thread - 0] INFO  impl.RaftServerProxy (RaftServerProxy.java:lambda$start$3(299)) - 56f9c2e0-23c1-4fdd-a628-2e32d4a06461: start RPC server
2019-10-30 22:12:27,350 [Datanode State Machine Thread - 0] INFO  server.GrpcService (GrpcService.java:startImpl(158)) - 56f9c2e0-23c1-4fdd-a628-2e32d4a06461: GrpcService started, listening on 0.0.0.0/0.0.0.0:34714
2019-10-30 22:12:27,350 [Datanode State Machine Thread - 0] INFO  ratis.XceiverServerRatis (XceiverServerRatis.java:start(428)) - XceiverServerRatis 56f9c2e0-23c1-4fdd-a628-2e32d4a06461 is started using port 34714
2019-10-30 22:12:27,350 [Datanode State Machine Thread - 0] INFO  server.XceiverServerGrpc (XceiverServerGrpc.java:start(149)) - XceiverServerGrpc 56f9c2e0-23c1-4fdd-a628-2e32d4a06461 is started using port 34640
2019-10-30 22:12:28,332 [Thread-1309] INFO  ozone.MiniOzoneClusterImpl (MiniOzoneClusterImpl.java:lambda$waitForClusterToBeReady$0(147)) - Waiting for cluster to be ready. Got 0 of 3 DN Heartbeats.
2019-10-30 22:12:29,180 [IPC Server handler 0 on 40697] INFO  net.NetworkTopology (NetworkTopologyImpl.java:add(111)) - Added a new node: /default-rack/b4e30c52-69cc-49db-aa2a-8c09b7af5748
2019-10-30 22:12:29,184 [IPC Server handler 0 on 40697] INFO  node.SCMNodeManager (SCMNodeManager.java:register(267)) - Registered Data node : b4e30c52-69cc-49db-aa2a-8c09b7af5748{ip: 192.168.157.212, host: pr-hdds-1987-rp7vh-4227721973, networkLocation: /default-rack, certSerialId: null}
2019-10-30 22:12:29,185 [EventQueue-NodeRegistrationContainerReportForDataNodeSafeModeRule] INFO  safemode.SCMSafeModeManager (DataNodeSafeModeRule.java:process(71)) - SCM in safe mode. 1 DataNodes registered, 1 required.
2019-10-30 22:12:29,186 [EventQueue-NodeRegistrationContainerReportForDataNodeSafeModeRule] INFO  safemode.SCMSafeModeManager (SCMSafeModeManager.java:validateSafeModeExitRules(177)) - ScmSafeModeManager, all rules are successfully validated
2019-10-30 22:12:29,186 [EventQueue-NodeRegistrationContainerReportForDataNodeSafeModeRule] INFO  safemode.SCMSafeModeManager (SCMSafeModeManager.java:exitSafeMode(193)) - SCM exiting safe mode.
2019-10-30 22:12:29,203 [grpc-default-executor-0] INFO  impl.RaftServerProxy (RaftServerProxy.java:addNew(89)) - b4e30c52-69cc-49db-aa2a-8c09b7af5748: addNew group-7CE9E47E4F44:[b4e30c52-69cc-49db-aa2a-8c09b7af5748:192.168.157.212:41373] returns group-7CE9E47E4F44:java.util.concurrent.CompletableFuture@349a89e9[Not completed]
2019-10-30 22:12:29,205 [pool-327-thread-1] INFO  impl.RaftServerImpl (RaftServerImpl.java:<init>(98)) - b4e30c52-69cc-49db-aa2a-8c09b7af5748: new RaftServerImpl for group-7CE9E47E4F44:[b4e30c52-69cc-49db-aa2a-8c09b7af5748:192.168.157.212:41373] with ContainerStateMachine:uninitialized
2019-10-30 22:12:29,205 [pool-327-thread-1] INFO  server.RaftServerConfigKeys (ConfUtils.java:logGet(43)) - raft.server.rpc.timeout.min = 5s (custom)
2019-10-30 22:12:29,205 [pool-327-thread-1] INFO  server.RaftServerConfigKeys (ConfUtils.java:logGet(43)) - raft.server.rpc.timeout.max = 5200ms (custom)
2019-10-30 22:12:29,205 [pool-327-thread-1] INFO  server.RaftServerConfigKeys (ConfUtils.java:logGet(43)) - raft.server.rpcslowness.timeout = 120s (custom)
2019-10-30 22:12:29,205 [pool-327-thread-1] INFO  server.RaftServerConfigKeys (ConfUtils.java:logGet(43)) - raft.server.sleep.deviation.threshold = 300 (default)
2019-10-30 22:12:29,205 [pool-327-thread-1] INFO  server.RaftServerConfigKeys (ConfUtils.java:logGet(43)) - raft.server.log.appender.install.snapshot.enabled = false (custom)
2019-10-30 22:12:29,205 [pool-327-thread-1] INFO  impl.RaftServerImpl (ServerState.java:<init>(103)) - b4e30c52-69cc-49db-aa2a-8c09b7af5748@group-7CE9E47E4F44: ConfigurationManager, init=-1: [b4e30c52-69cc-49db-aa2a-8c09b7af5748:192.168.157.212:41373], old=null, confs=<EMPTY_MAP>
2019-10-30 22:12:29,205 [pool-327-thread-1] INFO  server.RaftServerConfigKeys (ConfUtils.java:logGet(43)) - raft.server.storage.dir = [/workdir/hadoop-ozone/ozonefs/target/test-dir/MiniOzoneClusterImpl-4f0b2fbf-daf8-4ad1-ba66-70d5c7ef4040/datanode-0/data/ratis] (custom)
2019-10-30 22:12:29,206 [pool-327-thread-1] INFO  server.RaftServerConfigKeys (ConfUtils.java:logGet(43)) - raft.server.log.corruption.policy = EXCEPTION (default)
2019-10-30 22:12:29,206 [pool-327-thread-1] INFO  storage.RaftStorageDirectory (RaftStorageDirectory.java:analyzeStorage(246)) - The storage directory /workdir/hadoop-ozone/ozonefs/target/test-dir/MiniOzoneClusterImpl-4f0b2fbf-daf8-4ad1-ba66-70d5c7ef4040/datanode-0/data/ratis/78560ae1-cb05-4010-9100-7ce9e47e4f44 does not exist. Creating ...
2019-10-30 22:12:29,219 [pool-327-thread-1] INFO  storage.RaftStorageDirectory (RaftStorageDirectory.java:tryLock(328)) - Lock on /workdir/hadoop-ozone/ozonefs/target/test-dir/MiniOzoneClusterImpl-4f0b2fbf-daf8-4ad1-ba66-70d5c7ef4040/datanode-0/data/ratis/78560ae1-cb05-4010-9100-7ce9e47e4f44/in_use.lock acquired by nodename 22145@pr-hdds-1987-rp7vh-4227721973
2019-10-30 22:12:29,232 [pool-327-thread-1] INFO  storage.RaftStorage (RaftStorage.java:format(84)) - Storage directory /workdir/hadoop-ozone/ozonefs/target/test-dir/MiniOzoneClusterImpl-4f0b2fbf-daf8-4ad1-ba66-70d5c7ef4040/datanode-0/data/ratis/78560ae1-cb05-4010-9100-7ce9e47e4f44 has been successfully formatted.
2019-10-30 22:12:29,233 [pool-327-thread-1] INFO  ratis.ContainerStateMachine (ContainerStateMachine.java:loadSnapshot(231)) - group-7CE9E47E4F44: The snapshot info is null. Setting the last applied indexto:(t:0, i:~)
2019-10-30 22:12:29,233 [pool-327-thread-1] INFO  server.RaftServerConfigKeys (ConfUtils.java:logGet(43)) - raft.server.notification.no-leader.timeout = 120s (custom)
2019-10-30 22:12:29,233 [pool-327-thread-1] INFO  server.RaftServerConfigKeys (ConfUtils.java:logGet(43)) - raft.server.log.use.memory = false (default)
2019-10-30 22:12:29,233 [pool-327-thread-1] INFO  server.RaftServerConfigKeys (ConfUtils.java:logGet(43)) - raft.server.log.purge.gap = 1000000 (custom)
2019-10-30 22:12:29,233 [pool-327-thread-1] INFO  server.RaftServerConfigKeys (ConfUtils.java:logGet(43)) - raft.server.log.appender.buffer.byte-limit = 33554432 (custom)
2019-10-30 22:12:29,233 [pool-327-thread-1] INFO  server.RaftServerConfigKeys (ConfUtils.java:logGet(43)) - raft.server.log.segment.size.max = 1048576 (custom)
2019-10-30 22:12:29,234 [pool-327-thread-1] WARN  impl.MetricRegistriesImpl (MetricRegistriesImpl.java:lambda$create$1(61)) - First MetricRegistry has been created without registering reporters. You may need to call MetricRegistries.global().addReportRegistration(...) before.
2019-10-30 22:12:29,234 [pool-327-thread-1] INFO  server.RaftServerConfigKeys (ConfUtils.java:logGet(43)) - raft.server.log.segment.cache.num.max = 2 (custom)
2019-10-30 22:12:29,234 [pool-327-thread-1] INFO  segmented.SegmentedRaftLogWorker (SegmentedRaftLogWorker.java:<init>(173)) - new b4e30c52-69cc-49db-aa2a-8c09b7af5748@group-7CE9E47E4F44-SegmentedRaftLogWorker for RaftStorage:Storage Directory /workdir/hadoop-ozone/ozonefs/target/test-dir/MiniOzoneClusterImpl-4f0b2fbf-daf8-4ad1-ba66-70d5c7ef4040/datanode-0/data/ratis/78560ae1-cb05-4010-9100-7ce9e47e4f44
2019-10-30 22:12:29,234 [pool-327-thread-1] INFO  server.RaftServerConfigKeys (ConfUtils.java:logGet(43)) - raft.server.log.queue.byte-limit = 2147483647 (custom)
2019-10-30 22:12:29,234 [pool-327-thread-1] INFO  server.RaftServerConfigKeys (ConfUtils.java:logGet(43)) - raft.server.log.queue.element-limit = 1024 (custom)
2019-10-30 22:12:29,234 [pool-327-thread-1] INFO  server.RaftServerConfigKeys (ConfUtils.java:logGet(43)) - raft.server.log.segment.size.max = 1048576 (custom)
2019-10-30 22:12:29,234 [pool-327-thread-1] INFO  server.RaftServerConfigKeys (ConfUtils.java:logGet(43)) - raft.server.log.preallocated.size = 16384 (custom)
2019-10-30 22:12:29,234 [pool-327-thread-1] INFO  server.RaftServerConfigKeys (ConfUtils.java:logGet(43)) - raft.server.log.write.buffer.size = 33554432 (custom)
2019-10-30 22:12:29,234 [pool-327-thread-1] INFO  server.RaftServerConfigKeys (ConfUtils.java:logGet(43)) - raft.server.log.force.sync.num = 128 (default)
2019-10-30 22:12:29,234 [pool-327-thread-1] INFO  server.RaftServerConfigKeys (ConfUtils.java:logGet(43)) - raft.server.log.statemachine.data.sync = true (default)
2019-10-30 22:12:29,235 [pool-327-thread-1] INFO  server.RaftServerConfigKeys (ConfUtils.java:logGet(43)) - raft.server.log.statemachine.data.sync.timeout = 10s (default)
2019-10-30 22:12:29,235 [pool-327-thread-1] INFO  server.RaftServerConfigKeys (ConfUtils.java:logGet(43)) - raft.server.log.statemachine.data.sync.timeout.retry = -1 (default)
2019-10-30 22:12:29,235 [pool-327-thread-1] INFO  server.RaftServerConfigKeys (ConfUtils.java:logGet(43)) - raft.server.log.statemachine.data.caching.enabled = true (custom)
2019-10-30 22:12:29,235 [pool-327-thread-1] INFO  segmented.SegmentedRaftLogWorker (SegmentedRaftLogWorker.java:lambda$new$0(128)) - b4e30c52-69cc-49db-aa2a-8c09b7af5748@group-7CE9E47E4F44-SegmentedRaftLogWorker: flushIndex: setUnconditionally 0 -> -1
2019-10-30 22:12:29,235 [pool-327-thread-1] INFO  server.RaftServerConfigKeys (ConfUtils.java:logGet(43)) - raft.server.snapshot.auto.trigger.enabled = true (custom)
2019-10-30 22:12:29,236 [pool-327-thread-1] INFO  server.RaftServerConfigKeys (ConfUtils.java:logGet(43)) - raft.server.snapshot.auto.trigger.threshold = 10000 (custom)
2019-10-30 22:12:29,236 [pool-327-thread-1] INFO  server.RaftServerConfigKeys (ConfUtils.java:logGet(43)) - raft.server.snapshot.retention.file.num = 5 (custom)
2019-10-30 22:12:29,236 [pool-327-thread-1] INFO  server.RaftServerConfigKeys (ConfUtils.java:logGet(43)) - raft.server.retrycache.expirytime = 600000ms (custom)
2019-10-30 22:12:29,236 [pool-327-thread-1] WARN  impl.MetricRegistriesImpl (MetricRegistriesImpl.java:lambda$create$1(61)) - First MetricRegistry has been created without registering reporters. You may need to call MetricRegistries.global().addReportRegistration(...) before.
2019-10-30 22:12:29,236 [pool-327-thread-1] WARN  impl.MetricRegistriesImpl (MetricRegistriesImpl.java:lambda$create$1(61)) - First MetricRegistry has been created without registering reporters. You may need to call MetricRegistries.global().addReportRegistration(...) before.
2019-10-30 22:12:29,236 [pool-327-thread-1] INFO  impl.RaftServerImpl (RaftServerImpl.java:start(184)) - b4e30c52-69cc-49db-aa2a-8c09b7af5748@group-7CE9E47E4F44: start as a follower, conf=-1: [b4e30c52-69cc-49db-aa2a-8c09b7af5748:192.168.157.212:41373], old=null
2019-10-30 22:12:29,236 [pool-327-thread-1] INFO  impl.RaftServerImpl (RaftServerImpl.java:setRole(173)) - b4e30c52-69cc-49db-aa2a-8c09b7af5748@group-7CE9E47E4F44: changes role from      null to FOLLOWER at term 0 for startAsFollower
2019-10-30 22:12:29,237 [pool-327-thread-1] INFO  impl.RoleInfo (RoleInfo.java:updateAndGet(143)) - b4e30c52-69cc-49db-aa2a-8c09b7af5748: start FollowerState
2019-10-30 22:12:29,237 [pool-327-thread-1] INFO  util.JmxRegister (JmxRegister.java:tryRegister(44)) - Successfully registered JMX Bean with object name Ratis:service=RaftServer,group=group-7CE9E47E4F44,id=b4e30c52-69cc-49db-aa2a-8c09b7af5748
2019-10-30 22:12:29,237 [pool-327-thread-1] WARN  impl.MetricRegistriesImpl (MetricRegistriesImpl.java:lambda$create$1(61)) - First MetricRegistry has been created without registering reporters. You may need to call MetricRegistries.global().addReportRegistration(...) before.
2019-10-30 22:12:29,242 [RatisPipelineUtilsThread] INFO  pipeline.PipelineStateManager (PipelineStateManager.java:addPipeline(56)) - Created pipeline Pipeline[ Id: 78560ae1-cb05-4010-9100-7ce9e47e4f44, Nodes: b4e30c52-69cc-49db-aa2a-8c09b7af5748{ip: 192.168.157.212, host: pr-hdds-1987-rp7vh-4227721973, networkLocation: /default-rack, certSerialId: null}, Type:RATIS, Factor:ONE, State:OPEN]
2019-10-30 22:12:29,246 [IPC Server handler 2 on 40697] INFO  net.NetworkTopology (NetworkTopologyImpl.java:add(111)) - Added a new node: /default-rack/c9a04ff5-fbc9-41c1-b0e2-f8738373b765
2019-10-30 22:12:29,246 [IPC Server handler 2 on 40697] INFO  node.SCMNodeManager (SCMNodeManager.java:register(267)) - Registered Data node : c9a04ff5-fbc9-41c1-b0e2-f8738373b765{ip: 192.168.157.212, host: pr-hdds-1987-rp7vh-4227721973, networkLocation: /default-rack, certSerialId: null}
2019-10-30 22:12:29,256 [grpc-default-executor-0] INFO  impl.RaftServerProxy (RaftServerProxy.java:addNew(89)) - c9a04ff5-fbc9-41c1-b0e2-f8738373b765: addNew group-06477DC124CC:[c9a04ff5-fbc9-41c1-b0e2-f8738373b765:192.168.157.212:42719] returns group-06477DC124CC:java.util.concurrent.CompletableFuture@3400640e[Not completed]
2019-10-30 22:12:29,257 [pool-337-thread-1] INFO  impl.RaftServerImpl (RaftServerImpl.java:<init>(98)) - c9a04ff5-fbc9-41c1-b0e2-f8738373b765: new RaftServerImpl for group-06477DC124CC:[c9a04ff5-fbc9-41c1-b0e2-f8738373b765:192.168.157.212:42719] with ContainerStateMachine:uninitialized
2019-10-30 22:12:29,258 [pool-337-thread-1] INFO  server.RaftServerConfigKeys (ConfUtils.java:logGet(43)) - raft.server.rpc.timeout.min = 5s (custom)
2019-10-30 22:12:29,258 [pool-337-thread-1] INFO  server.RaftServerConfigKeys (ConfUtils.java:logGet(43)) - raft.server.rpc.timeout.max = 5200ms (custom)
2019-10-30 22:12:29,258 [pool-337-thread-1] INFO  server.RaftServerConfigKeys (ConfUtils.java:logGet(43)) - raft.server.rpcslowness.timeout = 120s (custom)
2019-10-30 22:12:29,258 [pool-337-thread-1] INFO  server.RaftServerConfigKeys (ConfUtils.java:logGet(43)) - raft.server.sleep.deviation.threshold = 300 (default)
2019-10-30 22:12:29,258 [pool-337-thread-1] INFO  server.RaftServerConfigKeys (ConfUtils.java:logGet(43)) - raft.server.log.appender.install.snapshot.enabled = false (custom)
2019-10-30 22:12:29,258 [pool-337-thread-1] INFO  impl.RaftServerImpl (ServerState.java:<init>(103)) - c9a04ff5-fbc9-41c1-b0e2-f8738373b765@group-06477DC124CC: ConfigurationManager, init=-1: [c9a04ff5-fbc9-41c1-b0e2-f8738373b765:192.168.157.212:42719], old=null, confs=<EMPTY_MAP>
2019-10-30 22:12:29,258 [pool-337-thread-1] INFO  server.RaftServerConfigKeys (ConfUtils.java:logGet(43)) - raft.server.storage.dir = [/workdir/hadoop-ozone/ozonefs/target/test-dir/MiniOzoneClusterImpl-4f0b2fbf-daf8-4ad1-ba66-70d5c7ef4040/datanode-1/data/ratis] (custom)
2019-10-30 22:12:29,259 [pool-337-thread-1] INFO  server.RaftServerConfigKeys (ConfUtils.java:logGet(43)) - raft.server.log.corruption.policy = EXCEPTION (default)
2019-10-30 22:12:29,259 [pool-337-thread-1] INFO  storage.RaftStorageDirectory (RaftStorageDirectory.java:analyzeStorage(246)) - The storage directory /workdir/hadoop-ozone/ozonefs/target/test-dir/MiniOzoneClusterImpl-4f0b2fbf-daf8-4ad1-ba66-70d5c7ef4040/datanode-1/data/ratis/247d31ea-7a4d-499d-81ac-06477dc124cc does not exist. Creating ...
2019-10-30 22:12:29,272 [pool-337-thread-1] INFO  storage.RaftStorageDirectory (RaftStorageDirectory.java:tryLock(328)) - Lock on /workdir/hadoop-ozone/ozonefs/target/test-dir/MiniOzoneClusterImpl-4f0b2fbf-daf8-4ad1-ba66-70d5c7ef4040/datanode-1/data/ratis/247d31ea-7a4d-499d-81ac-06477dc124cc/in_use.lock acquired by nodename 22145@pr-hdds-1987-rp7vh-4227721973
2019-10-30 22:12:29,285 [pool-337-thread-1] INFO  storage.RaftStorage (RaftStorage.java:format(84)) - Storage directory /workdir/hadoop-ozone/ozonefs/target/test-dir/MiniOzoneClusterImpl-4f0b2fbf-daf8-4ad1-ba66-70d5c7ef4040/datanode-1/data/ratis/247d31ea-7a4d-499d-81ac-06477dc124cc has been successfully formatted.
2019-10-30 22:12:29,285 [pool-337-thread-1] INFO  ratis.ContainerStateMachine (ContainerStateMachine.java:loadSnapshot(231)) - group-06477DC124CC: The snapshot info is null. Setting the last applied indexto:(t:0, i:~)
2019-10-30 22:12:29,285 [pool-337-thread-1] INFO  server.RaftServerConfigKeys (ConfUtils.java:logGet(43)) - raft.server.notification.no-leader.timeout = 120s (custom)
2019-10-30 22:12:29,286 [pool-337-thread-1] INFO  server.RaftServerConfigKeys (ConfUtils.java:logGet(43)) - raft.server.log.use.memory = false (default)
2019-10-30 22:12:29,286 [pool-337-thread-1] INFO  server.RaftServerConfigKeys (ConfUtils.java:logGet(43)) - raft.server.log.purge.gap = 1000000 (custom)
2019-10-30 22:12:29,286 [pool-337-thread-1] INFO  server.RaftServerConfigKeys (ConfUtils.java:logGet(43)) - raft.server.log.appender.buffer.byte-limit = 33554432 (custom)
2019-10-30 22:12:29,286 [pool-337-thread-1] INFO  server.RaftServerConfigKeys (ConfUtils.java:logGet(43)) - raft.server.log.segment.size.max = 1048576 (custom)
2019-10-30 22:12:29,286 [pool-337-thread-1] WARN  impl.MetricRegistriesImpl (MetricRegistriesImpl.java:lambda$create$1(61)) - First MetricRegistry has been created without registering reporters. You may need to call MetricRegistries.global().addReportRegistration(...) before.
2019-10-30 22:12:29,286 [pool-337-thread-1] INFO  server.RaftServerConfigKeys (ConfUtils.java:logGet(43)) - raft.server.log.segment.cache.num.max = 2 (custom)
2019-10-30 22:12:29,287 [pool-337-thread-1] INFO  segmented.SegmentedRaftLogWorker (SegmentedRaftLogWorker.java:<init>(173)) - new c9a04ff5-fbc9-41c1-b0e2-f8738373b765@group-06477DC124CC-SegmentedRaftLogWorker for RaftStorage:Storage Directory /workdir/hadoop-ozone/ozonefs/target/test-dir/MiniOzoneClusterImpl-4f0b2fbf-daf8-4ad1-ba66-70d5c7ef4040/datanode-1/data/ratis/247d31ea-7a4d-499d-81ac-06477dc124cc
2019-10-30 22:12:29,287 [pool-337-thread-1] INFO  server.RaftServerConfigKeys (ConfUtils.java:logGet(43)) - raft.server.log.queue.byte-limit = 2147483647 (custom)
2019-10-30 22:12:29,287 [pool-337-thread-1] INFO  server.RaftServerConfigKeys (ConfUtils.java:logGet(43)) - raft.server.log.queue.element-limit = 1024 (custom)
2019-10-30 22:12:29,287 [pool-337-thread-1] INFO  server.RaftServerConfigKeys (ConfUtils.java:logGet(43)) - raft.server.log.segment.size.max = 1048576 (custom)
2019-10-30 22:12:29,287 [pool-337-thread-1] INFO  server.RaftServerConfigKeys (ConfUtils.java:logGet(43)) - raft.server.log.preallocated.size = 16384 (custom)
2019-10-30 22:12:29,287 [pool-337-thread-1] INFO  server.RaftServerConfigKeys (ConfUtils.java:logGet(43)) - raft.server.log.write.buffer.size = 33554432 (custom)
2019-10-30 22:12:29,287 [pool-337-thread-1] INFO  server.RaftServerConfigKeys (ConfUtils.java:logGet(43)) - raft.server.log.force.sync.num = 128 (default)
2019-10-30 22:12:29,288 [pool-337-thread-1] INFO  server.RaftServerConfigKeys (ConfUtils.java:logGet(43)) - raft.server.log.statemachine.data.sync = true (default)
2019-10-30 22:12:29,288 [pool-337-thread-1] INFO  server.RaftServerConfigKeys (ConfUtils.java:logGet(43)) - raft.server.log.statemachine.data.sync.timeout = 10s (default)
2019-10-30 22:12:29,288 [pool-337-thread-1] INFO  server.RaftServerConfigKeys (ConfUtils.java:logGet(43)) - raft.server.log.statemachine.data.sync.timeout.retry = -1 (default)
2019-10-30 22:12:29,288 [pool-337-thread-1] INFO  server.RaftServerConfigKeys (ConfUtils.java:logGet(43)) - raft.server.log.statemachine.data.caching.enabled = true (custom)
2019-10-30 22:12:29,289 [pool-337-thread-1] INFO  segmented.SegmentedRaftLogWorker (SegmentedRaftLogWorker.java:lambda$new$0(128)) - c9a04ff5-fbc9-41c1-b0e2-f8738373b765@group-06477DC124CC-SegmentedRaftLogWorker: flushIndex: setUnconditionally 0 -> -1
2019-10-30 22:12:29,289 [pool-337-thread-1] INFO  server.RaftServerConfigKeys (ConfUtils.java:logGet(43)) - raft.server.snapshot.auto.trigger.enabled = true (custom)
2019-10-30 22:12:29,289 [pool-337-thread-1] INFO  server.RaftServerConfigKeys (ConfUtils.java:logGet(43)) - raft.server.snapshot.auto.trigger.threshold = 10000 (custom)
2019-10-30 22:12:29,289 [pool-337-thread-1] INFO  server.RaftServerConfigKeys (ConfUtils.java:logGet(43)) - raft.server.snapshot.retention.file.num = 5 (custom)
2019-10-30 22:12:29,289 [pool-337-thread-1] INFO  server.RaftServerConfigKeys (ConfUtils.java:logGet(43)) - raft.server.retrycache.expirytime = 600000ms (custom)
2019-10-30 22:12:29,290 [pool-337-thread-1] WARN  impl.MetricRegistriesImpl (MetricRegistriesImpl.java:lambda$create$1(61)) - First MetricRegistry has been created without registering reporters. You may need to call MetricRegistries.global().addReportRegistration(...) before.
2019-10-30 22:12:29,290 [pool-337-thread-1] WARN  impl.MetricRegistriesImpl (MetricRegistriesImpl.java:lambda$create$1(61)) - First MetricRegistry has been created without registering reporters. You may need to call MetricRegistries.global().addReportRegistration(...) before.
2019-10-30 22:12:29,290 [pool-337-thread-1] INFO  impl.RaftServerImpl (RaftServerImpl.java:start(184)) - c9a04ff5-fbc9-41c1-b0e2-f8738373b765@group-06477DC124CC: start as a follower, conf=-1: [c9a04ff5-fbc9-41c1-b0e2-f8738373b765:192.168.157.212:42719], old=null
2019-10-30 22:12:29,290 [pool-337-thread-1] INFO  impl.RaftServerImpl (RaftServerImpl.java:setRole(173)) - c9a04ff5-fbc9-41c1-b0e2-f8738373b765@group-06477DC124CC: changes role from      null to FOLLOWER at term 0 for startAsFollower
2019-10-30 22:12:29,290 [pool-337-thread-1] INFO  impl.RoleInfo (RoleInfo.java:updateAndGet(143)) - c9a04ff5-fbc9-41c1-b0e2-f8738373b765: start FollowerState
2019-10-30 22:12:29,291 [pool-337-thread-1] INFO  util.JmxRegister (JmxRegister.java:tryRegister(44)) - Successfully registered JMX Bean with object name Ratis:service=RaftServer,group=group-06477DC124CC,id=c9a04ff5-fbc9-41c1-b0e2-f8738373b765
2019-10-30 22:12:29,291 [pool-337-thread-1] WARN  impl.MetricRegistriesImpl (MetricRegistriesImpl.java:lambda$create$1(61)) - First MetricRegistry has been created without registering reporters. You may need to call MetricRegistries.global().addReportRegistration(...) before.
2019-10-30 22:12:29,296 [RatisPipelineUtilsThread] INFO  pipeline.PipelineStateManager (PipelineStateManager.java:addPipeline(56)) - Created pipeline Pipeline[ Id: 247d31ea-7a4d-499d-81ac-06477dc124cc, Nodes: c9a04ff5-fbc9-41c1-b0e2-f8738373b765{ip: 192.168.157.212, host: pr-hdds-1987-rp7vh-4227721973, networkLocation: /default-rack, certSerialId: null}, Type:RATIS, Factor:ONE, State:OPEN]
2019-10-30 22:12:29,333 [Thread-1309] INFO  ozone.MiniOzoneClusterImpl (MiniOzoneClusterImpl.java:lambda$waitForClusterToBeReady$0(147)) - Waiting for cluster to be ready. Got 2 of 3 DN Heartbeats.
2019-10-30 22:12:29,334 [IPC Server handler 6 on 40697] INFO  net.NetworkTopology (NetworkTopologyImpl.java:add(111)) - Added a new node: /default-rack/56f9c2e0-23c1-4fdd-a628-2e32d4a06461
2019-10-30 22:12:29,335 [IPC Server handler 6 on 40697] INFO  node.SCMNodeManager (SCMNodeManager.java:register(267)) - Registered Data node : 56f9c2e0-23c1-4fdd-a628-2e32d4a06461{ip: 192.168.157.212, host: pr-hdds-1987-rp7vh-4227721973, networkLocation: /default-rack, certSerialId: null}
2019-10-30 22:12:29,341 [grpc-default-executor-0] INFO  impl.RaftServerProxy (RaftServerProxy.java:addNew(89)) - 56f9c2e0-23c1-4fdd-a628-2e32d4a06461: addNew group-288E15D91B1D:[56f9c2e0-23c1-4fdd-a628-2e32d4a06461:192.168.157.212:34714] returns group-288E15D91B1D:java.util.concurrent.CompletableFuture@18133aaa[Not completed]
2019-10-30 22:12:29,343 [pool-347-thread-1] INFO  impl.RaftServerImpl (RaftServerImpl.java:<init>(98)) - 56f9c2e0-23c1-4fdd-a628-2e32d4a06461: new RaftServerImpl for group-288E15D91B1D:[56f9c2e0-23c1-4fdd-a628-2e32d4a06461:192.168.157.212:34714] with ContainerStateMachine:uninitialized
2019-10-30 22:12:29,343 [pool-347-thread-1] INFO  server.RaftServerConfigKeys (ConfUtils.java:logGet(43)) - raft.server.rpc.timeout.min = 5s (custom)
2019-10-30 22:12:29,343 [pool-347-thread-1] INFO  server.RaftServerConfigKeys (ConfUtils.java:logGet(43)) - raft.server.rpc.timeout.max = 5200ms (custom)
2019-10-30 22:12:29,343 [pool-347-thread-1] INFO  server.RaftServerConfigKeys (ConfUtils.java:logGet(43)) - raft.server.rpcslowness.timeout = 120s (custom)
2019-10-30 22:12:29,343 [pool-347-thread-1] INFO  server.RaftServerConfigKeys (ConfUtils.java:logGet(43)) - raft.server.sleep.deviation.threshold = 300 (default)
2019-10-30 22:12:29,344 [pool-347-thread-1] INFO  server.RaftServerConfigKeys (ConfUtils.java:logGet(43)) - raft.server.log.appender.install.snapshot.enabled = false (custom)
2019-10-30 22:12:29,344 [pool-347-thread-1] INFO  impl.RaftServerImpl (ServerState.java:<init>(103)) - 56f9c2e0-23c1-4fdd-a628-2e32d4a06461@group-288E15D91B1D: ConfigurationManager, init=-1: [56f9c2e0-23c1-4fdd-a628-2e32d4a06461:192.168.157.212:34714], old=null, confs=<EMPTY_MAP>
2019-10-30 22:12:29,344 [pool-347-thread-1] INFO  server.RaftServerConfigKeys (ConfUtils.java:logGet(43)) - raft.server.storage.dir = [/workdir/hadoop-ozone/ozonefs/target/test-dir/MiniOzoneClusterImpl-4f0b2fbf-daf8-4ad1-ba66-70d5c7ef4040/datanode-2/data/ratis] (custom)
2019-10-30 22:12:29,344 [pool-347-thread-1] INFO  server.RaftServerConfigKeys (ConfUtils.java:logGet(43)) - raft.server.log.corruption.policy = EXCEPTION (default)
2019-10-30 22:12:29,344 [pool-347-thread-1] INFO  storage.RaftStorageDirectory (RaftStorageDirectory.java:analyzeStorage(246)) - The storage directory /workdir/hadoop-ozone/ozonefs/target/test-dir/MiniOzoneClusterImpl-4f0b2fbf-daf8-4ad1-ba66-70d5c7ef4040/datanode-2/data/ratis/3f206cc6-0656-4e3a-ada7-288e15d91b1d does not exist. Creating ...
2019-10-30 22:12:29,358 [pool-347-thread-1] INFO  storage.RaftStorageDirectory (RaftStorageDirectory.java:tryLock(328)) - Lock on /workdir/hadoop-ozone/ozonefs/target/test-dir/MiniOzoneClusterImpl-4f0b2fbf-daf8-4ad1-ba66-70d5c7ef4040/datanode-2/data/ratis/3f206cc6-0656-4e3a-ada7-288e15d91b1d/in_use.lock acquired by nodename 22145@pr-hdds-1987-rp7vh-4227721973
2019-10-30 22:12:29,370 [pool-347-thread-1] INFO  storage.RaftStorage (RaftStorage.java:format(84)) - Storage directory /workdir/hadoop-ozone/ozonefs/target/test-dir/MiniOzoneClusterImpl-4f0b2fbf-daf8-4ad1-ba66-70d5c7ef4040/datanode-2/data/ratis/3f206cc6-0656-4e3a-ada7-288e15d91b1d has been successfully formatted.
2019-10-30 22:12:29,371 [pool-347-thread-1] INFO  ratis.ContainerStateMachine (ContainerStateMachine.java:loadSnapshot(231)) - group-288E15D91B1D: The snapshot info is null. Setting the last applied indexto:(t:0, i:~)
2019-10-30 22:12:29,371 [pool-347-thread-1] INFO  server.RaftServerConfigKeys (ConfUtils.java:logGet(43)) - raft.server.notification.no-leader.timeout = 120s (custom)
2019-10-30 22:12:29,371 [pool-347-thread-1] INFO  server.RaftServerConfigKeys (ConfUtils.java:logGet(43)) - raft.server.log.use.memory = false (default)
2019-10-30 22:12:29,371 [pool-347-thread-1] INFO  server.RaftServerConfigKeys (ConfUtils.java:logGet(43)) - raft.server.log.purge.gap = 1000000 (custom)
2019-10-30 22:12:29,371 [pool-347-thread-1] INFO  server.RaftServerConfigKeys (ConfUtils.java:logGet(43)) - raft.server.log.appender.buffer.byte-limit = 33554432 (custom)
2019-10-30 22:12:29,371 [pool-347-thread-1] INFO  server.RaftServerConfigKeys (ConfUtils.java:logGet(43)) - raft.server.log.segment.size.max = 1048576 (custom)
2019-10-30 22:12:29,371 [pool-347-thread-1] WARN  impl.MetricRegistriesImpl (MetricRegistriesImpl.java:lambda$create$1(61)) - First MetricRegistry has been created without registering reporters. You may need to call MetricRegistries.global().addReportRegistration(...) before.
2019-10-30 22:12:29,371 [pool-347-thread-1] INFO  server.RaftServerConfigKeys (ConfUtils.java:logGet(43)) - raft.server.log.segment.cache.num.max = 2 (custom)
2019-10-30 22:12:29,371 [pool-347-thread-1] INFO  segmented.SegmentedRaftLogWorker (SegmentedRaftLogWorker.java:<init>(173)) - new 56f9c2e0-23c1-4fdd-a628-2e32d4a06461@group-288E15D91B1D-SegmentedRaftLogWorker for RaftStorage:Storage Directory /workdir/hadoop-ozone/ozonefs/target/test-dir/MiniOzoneClusterImpl-4f0b2fbf-daf8-4ad1-ba66-70d5c7ef4040/datanode-2/data/ratis/3f206cc6-0656-4e3a-ada7-288e15d91b1d
2019-10-30 22:12:29,371 [pool-347-thread-1] INFO  server.RaftServerConfigKeys (ConfUtils.java:logGet(43)) - raft.server.log.queue.byte-limit = 2147483647 (custom)
2019-10-30 22:12:29,372 [pool-347-thread-1] INFO  server.RaftServerConfigKeys (ConfUtils.java:logGet(43)) - raft.server.log.queue.element-limit = 1024 (custom)
2019-10-30 22:12:29,372 [pool-347-thread-1] INFO  server.RaftServerConfigKeys (ConfUtils.java:logGet(43)) - raft.server.log.segment.size.max = 1048576 (custom)
2019-10-30 22:12:29,372 [pool-347-thread-1] INFO  server.RaftServerConfigKeys (ConfUtils.java:logGet(43)) - raft.server.log.preallocated.size = 16384 (custom)
2019-10-30 22:12:29,372 [pool-347-thread-1] INFO  server.RaftServerConfigKeys (ConfUtils.java:logGet(43)) - raft.server.log.write.buffer.size = 33554432 (custom)
2019-10-30 22:12:29,372 [pool-347-thread-1] INFO  server.RaftServerConfigKeys (ConfUtils.java:logGet(43)) - raft.server.log.force.sync.num = 128 (default)
2019-10-30 22:12:29,372 [pool-347-thread-1] INFO  server.RaftServerConfigKeys (ConfUtils.java:logGet(43)) - raft.server.log.statemachine.data.sync = true (default)
2019-10-30 22:12:29,372 [pool-347-thread-1] INFO  server.RaftServerConfigKeys (ConfUtils.java:logGet(43)) - raft.server.log.statemachine.data.sync.timeout = 10s (default)
2019-10-30 22:12:29,372 [pool-347-thread-1] INFO  server.RaftServerConfigKeys (ConfUtils.java:logGet(43)) - raft.server.log.statemachine.data.sync.timeout.retry = -1 (default)
2019-10-30 22:12:29,372 [pool-347-thread-1] INFO  server.RaftServerConfigKeys (ConfUtils.java:logGet(43)) - raft.server.log.statemachine.data.caching.enabled = true (custom)
2019-10-30 22:12:29,373 [pool-347-thread-1] INFO  segmented.SegmentedRaftLogWorker (SegmentedRaftLogWorker.java:lambda$new$0(128)) - 56f9c2e0-23c1-4fdd-a628-2e32d4a06461@group-288E15D91B1D-SegmentedRaftLogWorker: flushIndex: setUnconditionally 0 -> -1
2019-10-30 22:12:29,373 [pool-347-thread-1] INFO  server.RaftServerConfigKeys (ConfUtils.java:logGet(43)) - raft.server.snapshot.auto.trigger.enabled = true (custom)
2019-10-30 22:12:29,373 [pool-347-thread-1] INFO  server.RaftServerConfigKeys (ConfUtils.java:logGet(43)) - raft.server.snapshot.auto.trigger.threshold = 10000 (custom)
2019-10-30 22:12:29,373 [pool-347-thread-1] INFO  server.RaftServerConfigKeys (ConfUtils.java:logGet(43)) - raft.server.snapshot.retention.file.num = 5 (custom)
2019-10-30 22:12:29,373 [pool-347-thread-1] INFO  server.RaftServerConfigKeys (ConfUtils.java:logGet(43)) - raft.server.retrycache.expirytime = 600000ms (custom)
2019-10-30 22:12:29,373 [pool-347-thread-1] WARN  impl.MetricRegistriesImpl (MetricRegistriesImpl.java:lambda$create$1(61)) - First MetricRegistry has been created without registering reporters. You may need to call MetricRegistries.global().addReportRegistration(...) before.
2019-10-30 22:12:29,374 [pool-347-thread-1] WARN  impl.MetricRegistriesImpl (MetricRegistriesImpl.java:lambda$create$1(61)) - First MetricRegistry has been created without registering reporters. You may need to call MetricRegistries.global().addReportRegistration(...) before.
2019-10-30 22:12:29,374 [pool-347-thread-1] INFO  impl.RaftServerImpl (RaftServerImpl.java:start(184)) - 56f9c2e0-23c1-4fdd-a628-2e32d4a06461@group-288E15D91B1D: start as a follower, conf=-1: [56f9c2e0-23c1-4fdd-a628-2e32d4a06461:192.168.157.212:34714], old=null
2019-10-30 22:12:29,374 [pool-347-thread-1] INFO  impl.RaftServerImpl (RaftServerImpl.java:setRole(173)) - 56f9c2e0-23c1-4fdd-a628-2e32d4a06461@group-288E15D91B1D: changes role from      null to FOLLOWER at term 0 for startAsFollower
2019-10-30 22:12:29,374 [pool-347-thread-1] INFO  impl.RoleInfo (RoleInfo.java:updateAndGet(143)) - 56f9c2e0-23c1-4fdd-a628-2e32d4a06461: start FollowerState
2019-10-30 22:12:29,374 [pool-347-thread-1] INFO  util.JmxRegister (JmxRegister.java:tryRegister(44)) - Successfully registered JMX Bean with object name Ratis:service=RaftServer,group=group-288E15D91B1D,id=56f9c2e0-23c1-4fdd-a628-2e32d4a06461
2019-10-30 22:12:29,374 [pool-347-thread-1] WARN  impl.MetricRegistriesImpl (MetricRegistriesImpl.java:lambda$create$1(61)) - First MetricRegistry has been created without registering reporters. You may need to call MetricRegistries.global().addReportRegistration(...) before.
2019-10-30 22:12:29,380 [RatisPipelineUtilsThread] INFO  pipeline.PipelineStateManager (PipelineStateManager.java:addPipeline(56)) - Created pipeline Pipeline[ Id: 3f206cc6-0656-4e3a-ada7-288e15d91b1d, Nodes: 56f9c2e0-23c1-4fdd-a628-2e32d4a06461{ip: 192.168.157.212, host: pr-hdds-1987-rp7vh-4227721973, networkLocation: /default-rack, certSerialId: null}, Type:RATIS, Factor:ONE, State:OPEN]
2019-10-30 22:12:29,393 [grpc-default-executor-2] INFO  impl.RaftServerProxy (RaftServerProxy.java:addNew(89)) - 56f9c2e0-23c1-4fdd-a628-2e32d4a06461: addNew group-73DD1B120D6A:[b4e30c52-69cc-49db-aa2a-8c09b7af5748:192.168.157.212:41373, 56f9c2e0-23c1-4fdd-a628-2e32d4a06461:192.168.157.212:34714, c9a04ff5-fbc9-41c1-b0e2-f8738373b765:192.168.157.212:42719] returns group-73DD1B120D6A:java.util.concurrent.CompletableFuture@1490bcfb[Not completed]
2019-10-30 22:12:29,394 [grpc-default-executor-1] INFO  impl.RaftServerProxy (RaftServerProxy.java:addNew(89)) - c9a04ff5-fbc9-41c1-b0e2-f8738373b765: addNew group-73DD1B120D6A:[b4e30c52-69cc-49db-aa2a-8c09b7af5748:192.168.157.212:41373, 56f9c2e0-23c1-4fdd-a628-2e32d4a06461:192.168.157.212:34714, c9a04ff5-fbc9-41c1-b0e2-f8738373b765:192.168.157.212:42719] returns group-73DD1B120D6A:java.util.concurrent.CompletableFuture@498700d1[Not completed]
2019-10-30 22:12:29,394 [grpc-default-executor-0] INFO  impl.RaftServerProxy (RaftServerProxy.java:addNew(89)) - b4e30c52-69cc-49db-aa2a-8c09b7af5748: addNew group-73DD1B120D6A:[b4e30c52-69cc-49db-aa2a-8c09b7af5748:192.168.157.212:41373, 56f9c2e0-23c1-4fdd-a628-2e32d4a06461:192.168.157.212:34714, c9a04ff5-fbc9-41c1-b0e2-f8738373b765:192.168.157.212:42719] returns group-73DD1B120D6A:java.util.concurrent.CompletableFuture@74beb3f6[Not completed]
2019-10-30 22:12:29,395 [pool-347-thread-1] INFO  impl.RaftServerImpl (RaftServerImpl.java:<init>(98)) - 56f9c2e0-23c1-4fdd-a628-2e32d4a06461: new RaftServerImpl for group-73DD1B120D6A:[b4e30c52-69cc-49db-aa2a-8c09b7af5748:192.168.157.212:41373, 56f9c2e0-23c1-4fdd-a628-2e32d4a06461:192.168.157.212:34714, c9a04ff5-fbc9-41c1-b0e2-f8738373b765:192.168.157.212:42719] with ContainerStateMachine:uninitialized
2019-10-30 22:12:29,395 [pool-347-thread-1] INFO  server.RaftServerConfigKeys (ConfUtils.java:logGet(43)) - raft.server.rpc.timeout.min = 5s (custom)
2019-10-30 22:12:29,395 [pool-347-thread-1] INFO  server.RaftServerConfigKeys (ConfUtils.java:logGet(43)) - raft.server.rpc.timeout.max = 5200ms (custom)
2019-10-30 22:12:29,395 [pool-347-thread-1] INFO  server.RaftServerConfigKeys (ConfUtils.java:logGet(43)) - raft.server.rpcslowness.timeout = 120s (custom)
2019-10-30 22:12:29,395 [pool-347-thread-1] INFO  server.RaftServerConfigKeys (ConfUtils.java:logGet(43)) - raft.server.sleep.deviation.threshold = 300 (default)
2019-10-30 22:12:29,395 [pool-347-thread-1] INFO  server.RaftServerConfigKeys (ConfUtils.java:logGet(43)) - raft.server.log.appender.install.snapshot.enabled = false (custom)
2019-10-30 22:12:29,395 [pool-347-thread-1] INFO  impl.RaftServerImpl (ServerState.java:<init>(103)) - 56f9c2e0-23c1-4fdd-a628-2e32d4a06461@group-73DD1B120D6A: ConfigurationManager, init=-1: [b4e30c52-69cc-49db-aa2a-8c09b7af5748:192.168.157.212:41373, 56f9c2e0-23c1-4fdd-a628-2e32d4a06461:192.168.157.212:34714, c9a04ff5-fbc9-41c1-b0e2-f8738373b765:192.168.157.212:42719], old=null, confs=<EMPTY_MAP>
2019-10-30 22:12:29,396 [pool-347-thread-1] INFO  server.RaftServerConfigKeys (ConfUtils.java:logGet(43)) - raft.server.storage.dir = [/workdir/hadoop-ozone/ozonefs/target/test-dir/MiniOzoneClusterImpl-4f0b2fbf-daf8-4ad1-ba66-70d5c7ef4040/datanode-2/data/ratis] (custom)
2019-10-30 22:12:29,396 [pool-327-thread-1] INFO  impl.RaftServerImpl (RaftServerImpl.java:<init>(98)) - b4e30c52-69cc-49db-aa2a-8c09b7af5748: new RaftServerImpl for group-73DD1B120D6A:[b4e30c52-69cc-49db-aa2a-8c09b7af5748:192.168.157.212:41373, 56f9c2e0-23c1-4fdd-a628-2e32d4a06461:192.168.157.212:34714, c9a04ff5-fbc9-41c1-b0e2-f8738373b765:192.168.157.212:42719] with ContainerStateMachine:uninitialized
2019-10-30 22:12:29,396 [pool-347-thread-1] INFO  server.RaftServerConfigKeys (ConfUtils.java:logGet(43)) - raft.server.log.corruption.policy = EXCEPTION (default)
2019-10-30 22:12:29,396 [pool-327-thread-1] INFO  server.RaftServerConfigKeys (ConfUtils.java:logGet(43)) - raft.server.rpc.timeout.min = 5s (custom)
2019-10-30 22:12:29,396 [pool-347-thread-1] INFO  storage.RaftStorageDirectory (RaftStorageDirectory.java:analyzeStorage(246)) - The storage directory /workdir/hadoop-ozone/ozonefs/target/test-dir/MiniOzoneClusterImpl-4f0b2fbf-daf8-4ad1-ba66-70d5c7ef4040/datanode-2/data/ratis/41c7e7da-570c-4ba5-b6a1-73dd1b120d6a does not exist. Creating ...
2019-10-30 22:12:29,396 [pool-337-thread-1] INFO  impl.RaftServerImpl (RaftServerImpl.java:<init>(98)) - c9a04ff5-fbc9-41c1-b0e2-f8738373b765: new RaftServerImpl for group-73DD1B120D6A:[b4e30c52-69cc-49db-aa2a-8c09b7af5748:192.168.157.212:41373, 56f9c2e0-23c1-4fdd-a628-2e32d4a06461:192.168.157.212:34714, c9a04ff5-fbc9-41c1-b0e2-f8738373b765:192.168.157.212:42719] with ContainerStateMachine:uninitialized
2019-10-30 22:12:29,396 [pool-327-thread-1] INFO  server.RaftServerConfigKeys (ConfUtils.java:logGet(43)) - raft.server.rpc.timeout.max = 5200ms (custom)
2019-10-30 22:12:29,396 [pool-337-thread-1] INFO  server.RaftServerConfigKeys (ConfUtils.java:logGet(43)) - raft.server.rpc.timeout.min = 5s (custom)
2019-10-30 22:12:29,396 [pool-327-thread-1] INFO  server.RaftServerConfigKeys (ConfUtils.java:logGet(43)) - raft.server.rpcslowness.timeout = 120s (custom)
2019-10-30 22:12:29,396 [pool-337-thread-1] INFO  server.RaftServerConfigKeys (ConfUtils.java:logGet(43)) - raft.server.rpc.timeout.max = 5200ms (custom)
2019-10-30 22:12:29,396 [pool-327-thread-1] INFO  server.RaftServerConfigKeys (ConfUtils.java:logGet(43)) - raft.server.sleep.deviation.threshold = 300 (default)
2019-10-30 22:12:29,397 [pool-337-thread-1] INFO  server.RaftServerConfigKeys (ConfUtils.java:logGet(43)) - raft.server.rpcslowness.timeout = 120s (custom)
2019-10-30 22:12:29,397 [pool-327-thread-1] INFO  server.RaftServerConfigKeys (ConfUtils.java:logGet(43)) - raft.server.log.appender.install.snapshot.enabled = false (custom)
2019-10-30 22:12:29,397 [pool-337-thread-1] INFO  server.RaftServerConfigKeys (ConfUtils.java:logGet(43)) - raft.server.sleep.deviation.threshold = 300 (default)
2019-10-30 22:12:29,397 [pool-327-thread-1] INFO  impl.RaftServerImpl (ServerState.java:<init>(103)) - b4e30c52-69cc-49db-aa2a-8c09b7af5748@group-73DD1B120D6A: ConfigurationManager, init=-1: [b4e30c52-69cc-49db-aa2a-8c09b7af5748:192.168.157.212:41373, 56f9c2e0-23c1-4fdd-a628-2e32d4a06461:192.168.157.212:34714, c9a04ff5-fbc9-41c1-b0e2-f8738373b765:192.168.157.212:42719], old=null, confs=<EMPTY_MAP>
2019-10-30 22:12:29,397 [pool-337-thread-1] INFO  server.RaftServerConfigKeys (ConfUtils.java:logGet(43)) - raft.server.log.appender.install.snapshot.enabled = false (custom)
2019-10-30 22:12:29,397 [pool-327-thread-1] INFO  server.RaftServerConfigKeys (ConfUtils.java:logGet(43)) - raft.server.storage.dir = [/workdir/hadoop-ozone/ozonefs/target/test-dir/MiniOzoneClusterImpl-4f0b2fbf-daf8-4ad1-ba66-70d5c7ef4040/datanode-0/data/ratis] (custom)
2019-10-30 22:12:29,397 [pool-337-thread-1] INFO  impl.RaftServerImpl (ServerState.java:<init>(103)) - c9a04ff5-fbc9-41c1-b0e2-f8738373b765@group-73DD1B120D6A: ConfigurationManager, init=-1: [b4e30c52-69cc-49db-aa2a-8c09b7af5748:192.168.157.212:41373, 56f9c2e0-23c1-4fdd-a628-2e32d4a06461:192.168.157.212:34714, c9a04ff5-fbc9-41c1-b0e2-f8738373b765:192.168.157.212:42719], old=null, confs=<EMPTY_MAP>
2019-10-30 22:12:29,397 [pool-337-thread-1] INFO  server.RaftServerConfigKeys (ConfUtils.java:logGet(43)) - raft.server.storage.dir = [/workdir/hadoop-ozone/ozonefs/target/test-dir/MiniOzoneClusterImpl-4f0b2fbf-daf8-4ad1-ba66-70d5c7ef4040/datanode-1/data/ratis] (custom)
2019-10-30 22:12:29,397 [pool-327-thread-1] INFO  server.RaftServerConfigKeys (ConfUtils.java:logGet(43)) - raft.server.log.corruption.policy = EXCEPTION (default)
2019-10-30 22:12:29,398 [pool-337-thread-1] INFO  server.RaftServerConfigKeys (ConfUtils.java:logGet(43)) - raft.server.log.corruption.policy = EXCEPTION (default)
2019-10-30 22:12:29,398 [pool-327-thread-1] INFO  storage.RaftStorageDirectory (RaftStorageDirectory.java:analyzeStorage(246)) - The storage directory /workdir/hadoop-ozone/ozonefs/target/test-dir/MiniOzoneClusterImpl-4f0b2fbf-daf8-4ad1-ba66-70d5c7ef4040/datanode-0/data/ratis/41c7e7da-570c-4ba5-b6a1-73dd1b120d6a does not exist. Creating ...
2019-10-30 22:12:29,398 [pool-337-thread-1] INFO  storage.RaftStorageDirectory (RaftStorageDirectory.java:analyzeStorage(246)) - The storage directory /workdir/hadoop-ozone/ozonefs/target/test-dir/MiniOzoneClusterImpl-4f0b2fbf-daf8-4ad1-ba66-70d5c7ef4040/datanode-1/data/ratis/41c7e7da-570c-4ba5-b6a1-73dd1b120d6a does not exist. Creating ...
2019-10-30 22:12:29,421 [pool-337-thread-1] INFO  storage.RaftStorageDirectory (RaftStorageDirectory.java:tryLock(328)) - Lock on /workdir/hadoop-ozone/ozonefs/target/test-dir/MiniOzoneClusterImpl-4f0b2fbf-daf8-4ad1-ba66-70d5c7ef4040/datanode-1/data/ratis/41c7e7da-570c-4ba5-b6a1-73dd1b120d6a/in_use.lock acquired by nodename 22145@pr-hdds-1987-rp7vh-4227721973
2019-10-30 22:12:29,421 [pool-327-thread-1] INFO  storage.RaftStorageDirectory (RaftStorageDirectory.java:tryLock(328)) - Lock on /workdir/hadoop-ozone/ozonefs/target/test-dir/MiniOzoneClusterImpl-4f0b2fbf-daf8-4ad1-ba66-70d5c7ef4040/datanode-0/data/ratis/41c7e7da-570c-4ba5-b6a1-73dd1b120d6a/in_use.lock acquired by nodename 22145@pr-hdds-1987-rp7vh-4227721973
2019-10-30 22:12:29,421 [pool-347-thread-1] INFO  storage.RaftStorageDirectory (RaftStorageDirectory.java:tryLock(328)) - Lock on /workdir/hadoop-ozone/ozonefs/target/test-dir/MiniOzoneClusterImpl-4f0b2fbf-daf8-4ad1-ba66-70d5c7ef4040/datanode-2/data/ratis/41c7e7da-570c-4ba5-b6a1-73dd1b120d6a/in_use.lock acquired by nodename 22145@pr-hdds-1987-rp7vh-4227721973
2019-10-30 22:12:29,425 [pool-327-thread-1] INFO  storage.RaftStorage (RaftStorage.java:format(84)) - Storage directory /workdir/hadoop-ozone/ozonefs/target/test-dir/MiniOzoneClusterImpl-4f0b2fbf-daf8-4ad1-ba66-70d5c7ef4040/datanode-0/data/ratis/41c7e7da-570c-4ba5-b6a1-73dd1b120d6a has been successfully formatted.
2019-10-30 22:12:29,425 [pool-337-thread-1] INFO  storage.RaftStorage (RaftStorage.java:format(84)) - Storage directory /workdir/hadoop-ozone/ozonefs/target/test-dir/MiniOzoneClusterImpl-4f0b2fbf-daf8-4ad1-ba66-70d5c7ef4040/datanode-1/data/ratis/41c7e7da-570c-4ba5-b6a1-73dd1b120d6a has been successfully formatted.
2019-10-30 22:12:29,425 [pool-327-thread-1] INFO  ratis.ContainerStateMachine (ContainerStateMachine.java:loadSnapshot(231)) - group-73DD1B120D6A: The snapshot info is null. Setting the last applied indexto:(t:0, i:~)
2019-10-30 22:12:29,425 [pool-347-thread-1] INFO  storage.RaftStorage (RaftStorage.java:format(84)) - Storage directory /workdir/hadoop-ozone/ozonefs/target/test-dir/MiniOzoneClusterImpl-4f0b2fbf-daf8-4ad1-ba66-70d5c7ef4040/datanode-2/data/ratis/41c7e7da-570c-4ba5-b6a1-73dd1b120d6a has been successfully formatted.
2019-10-30 22:12:29,426 [pool-337-thread-1] INFO  ratis.ContainerStateMachine (ContainerStateMachine.java:loadSnapshot(231)) - group-73DD1B120D6A: The snapshot info is null. Setting the last applied indexto:(t:0, i:~)
2019-10-30 22:12:29,426 [pool-327-thread-1] INFO  server.RaftServerConfigKeys (ConfUtils.java:logGet(43)) - raft.server.notification.no-leader.timeout = 120s (custom)
2019-10-30 22:12:29,426 [pool-337-thread-1] INFO  server.RaftServerConfigKeys (ConfUtils.java:logGet(43)) - raft.server.notification.no-leader.timeout = 120s (custom)
2019-10-30 22:12:29,426 [pool-347-thread-1] INFO  ratis.ContainerStateMachine (ContainerStateMachine.java:loadSnapshot(231)) - group-73DD1B120D6A: The snapshot info is null. Setting the last applied indexto:(t:0, i:~)
2019-10-30 22:12:29,426 [pool-337-thread-1] INFO  server.RaftServerConfigKeys (ConfUtils.java:logGet(43)) - raft.server.log.use.memory = false (default)
2019-10-30 22:12:29,426 [pool-327-thread-1] INFO  server.RaftServerConfigKeys (ConfUtils.java:logGet(43)) - raft.server.log.use.memory = false (default)
2019-10-30 22:12:29,426 [pool-337-thread-1] INFO  server.RaftServerConfigKeys (ConfUtils.java:logGet(43)) - raft.server.log.purge.gap = 1000000 (custom)
2019-10-30 22:12:29,426 [pool-347-thread-1] INFO  server.RaftServerConfigKeys (ConfUtils.java:logGet(43)) - raft.server.notification.no-leader.timeout = 120s (custom)
2019-10-30 22:12:29,426 [pool-337-thread-1] INFO  server.RaftServerConfigKeys (ConfUtils.java:logGet(43)) - raft.server.log.appender.buffer.byte-limit = 33554432 (custom)
2019-10-30 22:12:29,426 [pool-327-thread-1] INFO  server.RaftServerConfigKeys (ConfUtils.java:logGet(43)) - raft.server.log.purge.gap = 1000000 (custom)
2019-10-30 22:12:29,426 [pool-337-thread-1] INFO  server.RaftServerConfigKeys (ConfUtils.java:logGet(43)) - raft.server.log.segment.size.max = 1048576 (custom)
2019-10-30 22:12:29,426 [pool-347-thread-1] INFO  server.RaftServerConfigKeys (ConfUtils.java:logGet(43)) - raft.server.log.use.memory = false (default)
2019-10-30 22:12:29,427 [pool-337-thread-1] INFO  server.RaftServerConfigKeys (ConfUtils.java:logGet(43)) - raft.server.log.segment.cache.num.max = 2 (custom)
2019-10-30 22:12:29,427 [pool-327-thread-1] INFO  server.RaftServerConfigKeys (ConfUtils.java:logGet(43)) - raft.server.log.appender.buffer.byte-limit = 33554432 (custom)
2019-10-30 22:12:29,427 [pool-337-thread-1] INFO  segmented.SegmentedRaftLogWorker (SegmentedRaftLogWorker.java:<init>(173)) - new c9a04ff5-fbc9-41c1-b0e2-f8738373b765@group-73DD1B120D6A-SegmentedRaftLogWorker for RaftStorage:Storage Directory /workdir/hadoop-ozone/ozonefs/target/test-dir/MiniOzoneClusterImpl-4f0b2fbf-daf8-4ad1-ba66-70d5c7ef4040/datanode-1/data/ratis/41c7e7da-570c-4ba5-b6a1-73dd1b120d6a
2019-10-30 22:12:29,427 [pool-347-thread-1] INFO  server.RaftServerConfigKeys (ConfUtils.java:logGet(43)) - raft.server.log.purge.gap = 1000000 (custom)
2019-10-30 22:12:29,427 [pool-337-thread-1] INFO  server.RaftServerConfigKeys (ConfUtils.java:logGet(43)) - raft.server.log.queue.byte-limit = 2147483647 (custom)
2019-10-30 22:12:29,427 [pool-327-thread-1] INFO  server.RaftServerConfigKeys (ConfUtils.java:logGet(43)) - raft.server.log.segment.size.max = 1048576 (custom)
2019-10-30 22:12:29,427 [pool-337-thread-1] INFO  server.RaftServerConfigKeys (ConfUtils.java:logGet(43)) - raft.server.log.queue.element-limit = 1024 (custom)
2019-10-30 22:12:29,427 [pool-347-thread-1] INFO  server.RaftServerConfigKeys (ConfUtils.java:logGet(43)) - raft.server.log.appender.buffer.byte-limit = 33554432 (custom)
2019-10-30 22:12:29,427 [pool-337-thread-1] INFO  server.RaftServerConfigKeys (ConfUtils.java:logGet(43)) - raft.server.log.segment.size.max = 1048576 (custom)
2019-10-30 22:12:29,427 [pool-327-thread-1] INFO  server.RaftServerConfigKeys (ConfUtils.java:logGet(43)) - raft.server.log.segment.cache.num.max = 2 (custom)
2019-10-30 22:12:29,427 [pool-337-thread-1] INFO  server.RaftServerConfigKeys (ConfUtils.java:logGet(43)) - raft.server.log.preallocated.size = 16384 (custom)
2019-10-30 22:12:29,427 [pool-347-thread-1] INFO  server.RaftServerConfigKeys (ConfUtils.java:logGet(43)) - raft.server.log.segment.size.max = 1048576 (custom)
2019-10-30 22:12:29,428 [pool-337-thread-1] INFO  server.RaftServerConfigKeys (ConfUtils.java:logGet(43)) - raft.server.log.write.buffer.size = 33554432 (custom)
2019-10-30 22:12:29,427 [pool-327-thread-1] INFO  segmented.SegmentedRaftLogWorker (SegmentedRaftLogWorker.java:<init>(173)) - new b4e30c52-69cc-49db-aa2a-8c09b7af5748@group-73DD1B120D6A-SegmentedRaftLogWorker for RaftStorage:Storage Directory /workdir/hadoop-ozone/ozonefs/target/test-dir/MiniOzoneClusterImpl-4f0b2fbf-daf8-4ad1-ba66-70d5c7ef4040/datanode-0/data/ratis/41c7e7da-570c-4ba5-b6a1-73dd1b120d6a
2019-10-30 22:12:29,428 [pool-337-thread-1] INFO  server.RaftServerConfigKeys (ConfUtils.java:logGet(43)) - raft.server.log.force.sync.num = 128 (default)
2019-10-30 22:12:29,428 [pool-347-thread-1] INFO  server.RaftServerConfigKeys (ConfUtils.java:logGet(43)) - raft.server.log.segment.cache.num.max = 2 (custom)
2019-10-30 22:12:29,428 [pool-337-thread-1] INFO  server.RaftServerConfigKeys (ConfUtils.java:logGet(43)) - raft.server.log.statemachine.data.sync = true (default)
2019-10-30 22:12:29,428 [pool-327-thread-1] INFO  server.RaftServerConfigKeys (ConfUtils.java:logGet(43)) - raft.server.log.queue.byte-limit = 2147483647 (custom)
2019-10-30 22:12:29,428 [pool-337-thread-1] INFO  server.RaftServerConfigKeys (ConfUtils.java:logGet(43)) - raft.server.log.statemachine.data.sync.timeout = 10s (default)
2019-10-30 22:12:29,428 [pool-347-thread-1] INFO  segmented.SegmentedRaftLogWorker (SegmentedRaftLogWorker.java:<init>(173)) - new 56f9c2e0-23c1-4fdd-a628-2e32d4a06461@group-73DD1B120D6A-SegmentedRaftLogWorker for RaftStorage:Storage Directory /workdir/hadoop-ozone/ozonefs/target/test-dir/MiniOzoneClusterImpl-4f0b2fbf-daf8-4ad1-ba66-70d5c7ef4040/datanode-2/data/ratis/41c7e7da-570c-4ba5-b6a1-73dd1b120d6a
2019-10-30 22:12:29,428 [pool-337-thread-1] INFO  server.RaftServerConfigKeys (ConfUtils.java:logGet(43)) - raft.server.log.statemachine.data.sync.timeout.retry = -1 (default)
2019-10-30 22:12:29,428 [pool-327-thread-1] INFO  server.RaftServerConfigKeys (ConfUtils.java:logGet(43)) - raft.server.log.queue.element-limit = 1024 (custom)
2019-10-30 22:12:29,428 [pool-347-thread-1] INFO  server.RaftServerConfigKeys (ConfUtils.java:logGet(43)) - raft.server.log.queue.byte-limit = 2147483647 (custom)
2019-10-30 22:12:29,428 [pool-337-thread-1] INFO  server.RaftServerConfigKeys (ConfUtils.java:logGet(43)) - raft.server.log.statemachine.data.caching.enabled = true (custom)
2019-10-30 22:12:29,428 [pool-327-thread-1] INFO  server.RaftServerConfigKeys (ConfUtils.java:logGet(43)) - raft.server.log.segment.size.max = 1048576 (custom)
2019-10-30 22:12:29,428 [pool-347-thread-1] INFO  server.RaftServerConfigKeys (ConfUtils.java:logGet(43)) - raft.server.log.queue.element-limit = 1024 (custom)
2019-10-30 22:12:29,429 [pool-327-thread-1] INFO  server.RaftServerConfigKeys (ConfUtils.java:logGet(43)) - raft.server.log.preallocated.size = 16384 (custom)
2019-10-30 22:12:29,429 [pool-337-thread-1] INFO  segmented.SegmentedRaftLogWorker (SegmentedRaftLogWorker.java:lambda$new$0(128)) - c9a04ff5-fbc9-41c1-b0e2-f8738373b765@group-73DD1B120D6A-SegmentedRaftLogWorker: flushIndex: setUnconditionally 0 -> -1
2019-10-30 22:12:29,429 [pool-347-thread-1] INFO  server.RaftServerConfigKeys (ConfUtils.java:logGet(43)) - raft.server.log.segment.size.max = 1048576 (custom)
2019-10-30 22:12:29,429 [pool-327-thread-1] INFO  server.RaftServerConfigKeys (ConfUtils.java:logGet(43)) - raft.server.log.write.buffer.size = 33554432 (custom)
2019-10-30 22:12:29,429 [pool-347-thread-1] INFO  server.RaftServerConfigKeys (ConfUtils.java:logGet(43)) - raft.server.log.preallocated.size = 16384 (custom)
2019-10-30 22:12:29,429 [pool-337-thread-1] INFO  server.RaftServerConfigKeys (ConfUtils.java:logGet(43)) - raft.server.snapshot.auto.trigger.enabled = true (custom)
2019-10-30 22:12:29,429 [pool-327-thread-1] INFO  server.RaftServerConfigKeys (ConfUtils.java:logGet(43)) - raft.server.log.force.sync.num = 128 (default)
2019-10-30 22:12:29,429 [pool-337-thread-1] INFO  server.RaftServerConfigKeys (ConfUtils.java:logGet(43)) - raft.server.snapshot.auto.trigger.threshold = 10000 (custom)
2019-10-30 22:12:29,429 [pool-347-thread-1] INFO  server.RaftServerConfigKeys (ConfUtils.java:logGet(43)) - raft.server.log.write.buffer.size = 33554432 (custom)
2019-10-30 22:12:29,429 [pool-337-thread-1] INFO  server.RaftServerConfigKeys (ConfUtils.java:logGet(43)) - raft.server.snapshot.retention.file.num = 5 (custom)
2019-10-30 22:12:29,429 [pool-327-thread-1] INFO  server.RaftServerConfigKeys (ConfUtils.java:logGet(43)) - raft.server.log.statemachine.data.sync = true (default)
2019-10-30 22:12:29,429 [pool-337-thread-1] INFO  server.RaftServerConfigKeys (ConfUtils.java:logGet(43)) - raft.server.retrycache.expirytime = 600000ms (custom)
2019-10-30 22:12:29,429 [pool-347-thread-1] INFO  server.RaftServerConfigKeys (ConfUtils.java:logGet(43)) - raft.server.log.force.sync.num = 128 (default)
2019-10-30 22:12:29,430 [pool-337-thread-1] WARN  impl.MetricRegistriesImpl (MetricRegistriesImpl.java:lambda$create$1(61)) - First MetricRegistry has been created without registering reporters. You may need to call MetricRegistries.global().addReportRegistration(...) before.
2019-10-30 22:12:29,430 [pool-327-thread-1] INFO  server.RaftServerConfigKeys (ConfUtils.java:logGet(43)) - raft.server.log.statemachine.data.sync.timeout = 10s (default)
2019-10-30 22:12:29,430 [pool-337-thread-1] WARN  impl.MetricRegistriesImpl (MetricRegistriesImpl.java:lambda$create$1(61)) - First MetricRegistry has been created without registering reporters. You may need to call MetricRegistries.global().addReportRegistration(...) before.
2019-10-30 22:12:29,430 [pool-347-thread-1] INFO  server.RaftServerConfigKeys (ConfUtils.java:logGet(43)) - raft.server.log.statemachine.data.sync = true (default)
2019-10-30 22:12:29,430 [pool-327-thread-1] INFO  server.RaftServerConfigKeys (ConfUtils.java:logGet(43)) - raft.server.log.statemachine.data.sync.timeout.retry = -1 (default)
2019-10-30 22:12:29,430 [pool-347-thread-1] INFO  server.RaftServerConfigKeys (ConfUtils.java:logGet(43)) - raft.server.log.statemachine.data.sync.timeout = 10s (default)
2019-10-30 22:12:29,430 [pool-337-thread-1] INFO  impl.RaftServerImpl (RaftServerImpl.java:start(184)) - c9a04ff5-fbc9-41c1-b0e2-f8738373b765@group-73DD1B120D6A: start as a follower, conf=-1: [b4e30c52-69cc-49db-aa2a-8c09b7af5748:192.168.157.212:41373, 56f9c2e0-23c1-4fdd-a628-2e32d4a06461:192.168.157.212:34714, c9a04ff5-fbc9-41c1-b0e2-f8738373b765:192.168.157.212:42719], old=null
2019-10-30 22:12:29,430 [pool-347-thread-1] INFO  server.RaftServerConfigKeys (ConfUtils.java:logGet(43)) - raft.server.log.statemachine.data.sync.timeout.retry = -1 (default)
2019-10-30 22:12:29,430 [pool-327-thread-1] INFO  server.RaftServerConfigKeys (ConfUtils.java:logGet(43)) - raft.server.log.statemachine.data.caching.enabled = true (custom)
2019-10-30 22:12:29,430 [pool-347-thread-1] INFO  server.RaftServerConfigKeys (ConfUtils.java:logGet(43)) - raft.server.log.statemachine.data.caching.enabled = true (custom)
2019-10-30 22:12:29,430 [pool-337-thread-1] INFO  impl.RaftServerImpl (RaftServerImpl.java:setRole(173)) - c9a04ff5-fbc9-41c1-b0e2-f8738373b765@group-73DD1B120D6A: changes role from      null to FOLLOWER at term 0 for startAsFollower
2019-10-30 22:12:29,431 [pool-327-thread-1] INFO  segmented.SegmentedRaftLogWorker (SegmentedRaftLogWorker.java:lambda$new$0(128)) - b4e30c52-69cc-49db-aa2a-8c09b7af5748@group-73DD1B120D6A-SegmentedRaftLogWorker: flushIndex: setUnconditionally 0 -> -1
2019-10-30 22:12:29,431 [pool-347-thread-1] INFO  segmented.SegmentedRaftLogWorker (SegmentedRaftLogWorker.java:lambda$new$0(128)) - 56f9c2e0-23c1-4fdd-a628-2e32d4a06461@group-73DD1B120D6A-SegmentedRaftLogWorker: flushIndex: setUnconditionally 0 -> -1
2019-10-30 22:12:29,431 [pool-337-thread-1] INFO  impl.RoleInfo (RoleInfo.java:updateAndGet(143)) - c9a04ff5-fbc9-41c1-b0e2-f8738373b765: start FollowerState
2019-10-30 22:12:29,431 [pool-327-thread-1] INFO  server.RaftServerConfigKeys (ConfUtils.java:logGet(43)) - raft.server.snapshot.auto.trigger.enabled = true (custom)
2019-10-30 22:12:29,431 [pool-347-thread-1] INFO  server.RaftServerConfigKeys (ConfUtils.java:logGet(43)) - raft.server.snapshot.auto.trigger.enabled = true (custom)
2019-10-30 22:12:29,431 [pool-327-thread-1] INFO  server.RaftServerConfigKeys (ConfUtils.java:logGet(43)) - raft.server.snapshot.auto.trigger.threshold = 10000 (custom)
2019-10-30 22:12:29,431 [pool-347-thread-1] INFO  server.RaftServerConfigKeys (ConfUtils.java:logGet(43)) - raft.server.snapshot.auto.trigger.threshold = 10000 (custom)
2019-10-30 22:12:29,431 [pool-337-thread-1] INFO  util.JmxRegister (JmxRegister.java:tryRegister(44)) - Successfully registered JMX Bean with object name Ratis:service=RaftServer,group=group-73DD1B120D6A,id=c9a04ff5-fbc9-41c1-b0e2-f8738373b765
2019-10-30 22:12:29,431 [pool-327-thread-1] INFO  server.RaftServerConfigKeys (ConfUtils.java:logGet(43)) - raft.server.snapshot.retention.file.num = 5 (custom)
2019-10-30 22:12:29,431 [pool-337-thread-1] WARN  impl.MetricRegistriesImpl (MetricRegistriesImpl.java:lambda$create$1(61)) - First MetricRegistry has been created without registering reporters. You may need to call MetricRegistries.global().addReportRegistration(...) before.
2019-10-30 22:12:29,431 [pool-347-thread-1] INFO  server.RaftServerConfigKeys (ConfUtils.java:logGet(43)) - raft.server.snapshot.retention.file.num = 5 (custom)
2019-10-30 22:12:29,431 [pool-327-thread-1] INFO  server.RaftServerConfigKeys (ConfUtils.java:logGet(43)) - raft.server.retrycache.expirytime = 600000ms (custom)
2019-10-30 22:12:29,432 [pool-347-thread-1] INFO  server.RaftServerConfigKeys (ConfUtils.java:logGet(43)) - raft.server.retrycache.expirytime = 600000ms (custom)
2019-10-30 22:12:29,432 [pool-327-thread-1] WARN  impl.MetricRegistriesImpl (MetricRegistriesImpl.java:lambda$create$1(61)) - First MetricRegistry has been created without registering reporters. You may need to call MetricRegistries.global().addReportRegistration(...) before.
2019-10-30 22:12:29,432 [pool-347-thread-1] WARN  impl.MetricRegistriesImpl (MetricRegistriesImpl.java:lambda$create$1(61)) - First MetricRegistry has been created without registering reporters. You may need to call MetricRegistries.global().addReportRegistration(...) before.
2019-10-30 22:12:29,432 [pool-327-thread-1] WARN  impl.MetricRegistriesImpl (MetricRegistriesImpl.java:lambda$create$1(61)) - First MetricRegistry has been created without registering reporters. You may need to call MetricRegistries.global().addReportRegistration(...) before.
2019-10-30 22:12:29,432 [pool-347-thread-1] WARN  impl.MetricRegistriesImpl (MetricRegistriesImpl.java:lambda$create$1(61)) - First MetricRegistry has been created without registering reporters. You may need to call MetricRegistries.global().addReportRegistration(...) before.
2019-10-30 22:12:29,432 [pool-327-thread-1] INFO  impl.RaftServerImpl (RaftServerImpl.java:start(184)) - b4e30c52-69cc-49db-aa2a-8c09b7af5748@group-73DD1B120D6A: start as a follower, conf=-1: [b4e30c52-69cc-49db-aa2a-8c09b7af5748:192.168.157.212:41373, 56f9c2e0-23c1-4fdd-a628-2e32d4a06461:192.168.157.212:34714, c9a04ff5-fbc9-41c1-b0e2-f8738373b765:192.168.157.212:42719], old=null
2019-10-30 22:12:29,432 [pool-347-thread-1] INFO  impl.RaftServerImpl (RaftServerImpl.java:start(184)) - 56f9c2e0-23c1-4fdd-a628-2e32d4a06461@group-73DD1B120D6A: start as a follower, conf=-1: [b4e30c52-69cc-49db-aa2a-8c09b7af5748:192.168.157.212:41373, 56f9c2e0-23c1-4fdd-a628-2e32d4a06461:192.168.157.212:34714, c9a04ff5-fbc9-41c1-b0e2-f8738373b765:192.168.157.212:42719], old=null
2019-10-30 22:12:29,432 [pool-327-thread-1] INFO  impl.RaftServerImpl (RaftServerImpl.java:setRole(173)) - b4e30c52-69cc-49db-aa2a-8c09b7af5748@group-73DD1B120D6A: changes role from      null to FOLLOWER at term 0 for startAsFollower
2019-10-30 22:12:29,432 [pool-347-thread-1] INFO  impl.RaftServerImpl (RaftServerImpl.java:setRole(173)) - 56f9c2e0-23c1-4fdd-a628-2e32d4a06461@group-73DD1B120D6A: changes role from      null to FOLLOWER at term 0 for startAsFollower
2019-10-30 22:12:29,432 [pool-327-thread-1] INFO  impl.RoleInfo (RoleInfo.java:updateAndGet(143)) - b4e30c52-69cc-49db-aa2a-8c09b7af5748: start FollowerState
2019-10-30 22:12:29,433 [pool-347-thread-1] INFO  impl.RoleInfo (RoleInfo.java:updateAndGet(143)) - 56f9c2e0-23c1-4fdd-a628-2e32d4a06461: start FollowerState
2019-10-30 22:12:29,433 [pool-327-thread-1] INFO  util.JmxRegister (JmxRegister.java:tryRegister(44)) - Successfully registered JMX Bean with object name Ratis:service=RaftServer,group=group-73DD1B120D6A,id=b4e30c52-69cc-49db-aa2a-8c09b7af5748
2019-10-30 22:12:29,434 [pool-327-thread-1] WARN  impl.MetricRegistriesImpl (MetricRegistriesImpl.java:lambda$create$1(61)) - First MetricRegistry has been created without registering reporters. You may need to call MetricRegistries.global().addReportRegistration(...) before.
2019-10-30 22:12:29,434 [pool-347-thread-1] INFO  util.JmxRegister (JmxRegister.java:tryRegister(44)) - Successfully registered JMX Bean with object name Ratis:service=RaftServer,group=group-73DD1B120D6A,id=56f9c2e0-23c1-4fdd-a628-2e32d4a06461
2019-10-30 22:12:29,434 [pool-347-thread-1] WARN  impl.MetricRegistriesImpl (MetricRegistriesImpl.java:lambda$create$1(61)) - First MetricRegistry has been created without registering reporters. You may need to call MetricRegistries.global().addReportRegistration(...) before.
2019-10-30 22:12:29,438 [RatisPipelineUtilsThread] INFO  pipeline.PipelineStateManager (PipelineStateManager.java:addPipeline(56)) - Created pipeline Pipeline[ Id: 41c7e7da-570c-4ba5-b6a1-73dd1b120d6a, Nodes: b4e30c52-69cc-49db-aa2a-8c09b7af5748{ip: 192.168.157.212, host: pr-hdds-1987-rp7vh-4227721973, networkLocation: /default-rack, certSerialId: null}c9a04ff5-fbc9-41c1-b0e2-f8738373b765{ip: 192.168.157.212, host: pr-hdds-1987-rp7vh-4227721973, networkLocation: /default-rack, certSerialId: null}56f9c2e0-23c1-4fdd-a628-2e32d4a06461{ip: 192.168.157.212, host: pr-hdds-1987-rp7vh-4227721973, networkLocation: /default-rack, certSerialId: null}, Type:RATIS, Factor:THREE, State:OPEN]
2019-10-30 22:12:30,333 [Thread-1309] INFO  ozone.MiniOzoneClusterImpl (MiniOzoneClusterImpl.java:lambda$waitForClusterToBeReady$0(147)) - Cluster is ready. Got 3 of 3 DN Heartbeats.
2019-10-30 22:12:30,369 [Thread-1309] INFO  rpc.RpcClient (RpcClient.java:createVolume(291)) - Creating Volume: volume07918, with user20839 as owner.
2019-10-30 22:12:30,373 [IPC Server handler 2 on 36426] INFO  volume.OMVolumeCreateRequest (OMVolumeCreateRequest.java:validateAndUpdateCache(193)) - created volume:volume07918 for user:user20839
2019-10-30 22:12:30,405 [Thread-1309] INFO  rpc.RpcClient (RpcClient.java:createBucket(430)) - Creating Bucket: volume07918/bucket87945, with Versioning false and Storage Type set to DISK and Encryption set to false 
22:12:30.542 [IPC Server handler 11 on 36426] ERROR OMAudit - user=jenkins1000 | ip=127.0.0.1 | op=GET_FILE_STATUS {volume=volume07918, bucket=bucket87945, key=target/leaf, dataSize=0, replicationType=null, replicationFactor=null, keyLocationInfo=null} | ret=FAILURE
org.apache.hadoop.ozone.om.exceptions.OMException: Unable to get file status: volume: volume07918 bucket: bucket87945 key: target/leaf
	at org.apache.hadoop.ozone.om.KeyManagerImpl.getFileStatus(KeyManagerImpl.java:1784) ~[hadoop-ozone-ozone-manager-0.5.0-SNAPSHOT.jar:?]
	at org.apache.hadoop.ozone.om.OzoneManager.getFileStatus(OzoneManager.java:2762) ~[hadoop-ozone-ozone-manager-0.5.0-SNAPSHOT.jar:?]
	at org.apache.hadoop.ozone.protocolPB.OzoneManagerRequestHandler.getOzoneFileStatus(OzoneManagerRequestHandler.java:1053) ~[hadoop-ozone-ozone-manager-0.5.0-SNAPSHOT.jar:?]
	at org.apache.hadoop.ozone.protocolPB.OzoneManagerRequestHandler.handle(OzoneManagerRequestHandler.java:340) ~[hadoop-ozone-ozone-manager-0.5.0-SNAPSHOT.jar:?]
	at org.apache.hadoop.ozone.protocolPB.OzoneManagerProtocolServerSideTranslatorPB.submitRequestDirectlyToOM(OzoneManagerProtocolServerSideTranslatorPB.java:208) ~[hadoop-ozone-ozone-manager-0.5.0-SNAPSHOT.jar:?]
	at org.apache.hadoop.ozone.protocolPB.OzoneManagerProtocolServerSideTranslatorPB.processRequest(OzoneManagerProtocolServerSideTranslatorPB.java:132) ~[hadoop-ozone-ozone-manager-0.5.0-SNAPSHOT.jar:?]
	at org.apache.hadoop.hdds.server.OzoneProtocolMessageDispatcher.processRequest(OzoneProtocolMessageDispatcher.java:72) [hadoop-hdds-server-framework-0.5.0-SNAPSHOT.jar:?]
	at org.apache.hadoop.ozone.protocolPB.OzoneManagerProtocolServerSideTranslatorPB.submitRequest(OzoneManagerProtocolServerSideTranslatorPB.java:100) [hadoop-ozone-ozone-manager-0.5.0-SNAPSHOT.jar:?]
	at org.apache.hadoop.ozone.protocol.proto.OzoneManagerProtocolProtos$OzoneManagerService$2.callBlockingMethod(OzoneManagerProtocolProtos.java) [hadoop-ozone-common-0.5.0-SNAPSHOT.jar:?]
	at org.apache.hadoop.ipc.ProtobufRpcEngine$Server$ProtoBufRpcInvoker.call(ProtobufRpcEngine.java:524) [hadoop-common-3.2.0.jar:?]
	at org.apache.hadoop.ipc.RPC$Server.call(RPC.java:1025) [hadoop-common-3.2.0.jar:?]
	at org.apache.hadoop.ipc.Server$RpcCall.run(Server.java:876) [hadoop-common-3.2.0.jar:?]
	at org.apache.hadoop.ipc.Server$RpcCall.run(Server.java:822) [hadoop-common-3.2.0.jar:?]
	at java.security.AccessController.doPrivileged(Native Method) [?:1.8.0_222]
	at javax.security.auth.Subject.doAs(Subject.java:422) [?:1.8.0_222]
	at org.apache.hadoop.security.UserGroupInformation.doAs(UserGroupInformation.java:1730) [hadoop-common-3.2.0.jar:?]
	at org.apache.hadoop.ipc.Server$Handler.run(Server.java:2682) [hadoop-common-3.2.0.jar:?]
22:12:30.590 [IPC Server handler 18 on 36426] ERROR OMAudit - user=jenkins1000 | ip=127.0.0.1 | op=GET_FILE_STATUS {volume=volume07918, bucket=bucket87945, key=source/interimPath, dataSize=0, replicationType=null, replicationFactor=null, keyLocationInfo=null} | ret=FAILURE
org.apache.hadoop.ozone.om.exceptions.OMException: Unable to get file status: volume: volume07918 bucket: bucket87945 key: source/interimPath
	at org.apache.hadoop.ozone.om.KeyManagerImpl.getFileStatus(KeyManagerImpl.java:1784) ~[hadoop-ozone-ozone-manager-0.5.0-SNAPSHOT.jar:?]
	at org.apache.hadoop.ozone.om.OzoneManager.getFileStatus(OzoneManager.java:2762) ~[hadoop-ozone-ozone-manager-0.5.0-SNAPSHOT.jar:?]
	at org.apache.hadoop.ozone.protocolPB.OzoneManagerRequestHandler.getOzoneFileStatus(OzoneManagerRequestHandler.java:1053) ~[hadoop-ozone-ozone-manager-0.5.0-SNAPSHOT.jar:?]
	at org.apache.hadoop.ozone.protocolPB.OzoneManagerRequestHandler.handle(OzoneManagerRequestHandler.java:340) ~[hadoop-ozone-ozone-manager-0.5.0-SNAPSHOT.jar:?]
	at org.apache.hadoop.ozone.protocolPB.OzoneManagerProtocolServerSideTranslatorPB.submitRequestDirectlyToOM(OzoneManagerProtocolServerSideTranslatorPB.java:208) ~[hadoop-ozone-ozone-manager-0.5.0-SNAPSHOT.jar:?]
	at org.apache.hadoop.ozone.protocolPB.OzoneManagerProtocolServerSideTranslatorPB.processRequest(OzoneManagerProtocolServerSideTranslatorPB.java:132) ~[hadoop-ozone-ozone-manager-0.5.0-SNAPSHOT.jar:?]
	at org.apache.hadoop.hdds.server.OzoneProtocolMessageDispatcher.processRequest(OzoneProtocolMessageDispatcher.java:72) [hadoop-hdds-server-framework-0.5.0-SNAPSHOT.jar:?]
	at org.apache.hadoop.ozone.protocolPB.OzoneManagerProtocolServerSideTranslatorPB.submitRequest(OzoneManagerProtocolServerSideTranslatorPB.java:100) [hadoop-ozone-ozone-manager-0.5.0-SNAPSHOT.jar:?]
	at org.apache.hadoop.ozone.protocol.proto.OzoneManagerProtocolProtos$OzoneManagerService$2.callBlockingMethod(OzoneManagerProtocolProtos.java) [hadoop-ozone-common-0.5.0-SNAPSHOT.jar:?]
	at org.apache.hadoop.ipc.ProtobufRpcEngine$Server$ProtoBufRpcInvoker.call(ProtobufRpcEngine.java:524) [hadoop-common-3.2.0.jar:?]
	at org.apache.hadoop.ipc.RPC$Server.call(RPC.java:1025) [hadoop-common-3.2.0.jar:?]
	at org.apache.hadoop.ipc.Server$RpcCall.run(Server.java:876) [hadoop-common-3.2.0.jar:?]
	at org.apache.hadoop.ipc.Server$RpcCall.run(Server.java:822) [hadoop-common-3.2.0.jar:?]
	at java.security.AccessController.doPrivileged(Native Method) [?:1.8.0_222]
	at javax.security.auth.Subject.doAs(Subject.java:422) [?:1.8.0_222]
	at org.apache.hadoop.security.UserGroupInformation.doAs(UserGroupInformation.java:1730) [hadoop-common-3.2.0.jar:?]
	at org.apache.hadoop.ipc.Server$Handler.run(Server.java:2682) [hadoop-common-3.2.0.jar:?]
22:12:30.617 [IPC Server handler 0 on 36426] ERROR OMAudit - user=jenkins1000 | ip=127.0.0.1 | op=LIST_STATUS {volume=volume07918, bucket=bucket87945, key=source/interimPath, dataSize=0, replicationType=null, replicationFactor=null, keyLocationInfo=null} | ret=FAILURE
java.lang.ClassCastException: org.apache.hadoop.ozone.om.helpers.OmKeyInfo cannot be cast to org.apache.hadoop.ozone.om.helpers.OzoneFileStatus
	at org.apache.hadoop.ozone.om.KeyManagerImpl.listStatus(KeyManagerImpl.java:2010) ~[hadoop-ozone-ozone-manager-0.5.0-SNAPSHOT.jar:?]
	at org.apache.hadoop.ozone.om.OzoneManager.listStatus(OzoneManager.java:2871) ~[hadoop-ozone-ozone-manager-0.5.0-SNAPSHOT.jar:?]
	at org.apache.hadoop.ozone.protocolPB.OzoneManagerRequestHandler.listStatus(OzoneManagerRequestHandler.java:1118) ~[hadoop-ozone-ozone-manager-0.5.0-SNAPSHOT.jar:?]
	at org.apache.hadoop.ozone.protocolPB.OzoneManagerRequestHandler.handle(OzoneManagerRequestHandler.java:358) ~[hadoop-ozone-ozone-manager-0.5.0-SNAPSHOT.jar:?]
	at org.apache.hadoop.ozone.protocolPB.OzoneManagerProtocolServerSideTranslatorPB.submitRequestDirectlyToOM(OzoneManagerProtocolServerSideTranslatorPB.java:208) ~[hadoop-ozone-ozone-manager-0.5.0-SNAPSHOT.jar:?]
	at org.apache.hadoop.ozone.protocolPB.OzoneManagerProtocolServerSideTranslatorPB.processRequest(OzoneManagerProtocolServerSideTranslatorPB.java:132) ~[hadoop-ozone-ozone-manager-0.5.0-SNAPSHOT.jar:?]
	at org.apache.hadoop.hdds.server.OzoneProtocolMessageDispatcher.processRequest(OzoneProtocolMessageDispatcher.java:72) [hadoop-hdds-server-framework-0.5.0-SNAPSHOT.jar:?]
	at org.apache.hadoop.ozone.protocolPB.OzoneManagerProtocolServerSideTranslatorPB.submitRequest(OzoneManagerProtocolServerSideTranslatorPB.java:100) [hadoop-ozone-ozone-manager-0.5.0-SNAPSHOT.jar:?]
	at org.apache.hadoop.ozone.protocol.proto.OzoneManagerProtocolProtos$OzoneManagerService$2.callBlockingMethod(OzoneManagerProtocolProtos.java) [hadoop-ozone-common-0.5.0-SNAPSHOT.jar:?]
	at org.apache.hadoop.ipc.ProtobufRpcEngine$Server$ProtoBufRpcInvoker.call(ProtobufRpcEngine.java:524) [hadoop-common-3.2.0.jar:?]
	at org.apache.hadoop.ipc.RPC$Server.call(RPC.java:1025) [hadoop-common-3.2.0.jar:?]
	at org.apache.hadoop.ipc.Server$RpcCall.run(Server.java:876) [hadoop-common-3.2.0.jar:?]
	at org.apache.hadoop.ipc.Server$RpcCall.run(Server.java:822) [hadoop-common-3.2.0.jar:?]
	at java.security.AccessController.doPrivileged(Native Method) [?:1.8.0_222]
	at javax.security.auth.Subject.doAs(Subject.java:422) [?:1.8.0_222]
	at org.apache.hadoop.security.UserGroupInformation.doAs(UserGroupInformation.java:1730) [hadoop-common-3.2.0.jar:?]
	at org.apache.hadoop.ipc.Server$Handler.run(Server.java:2682) [hadoop-common-3.2.0.jar:?]
2019-10-30 22:12:30,618 [IPC Server handler 0 on 36426] WARN  ipc.Server (Server.java:logException(2724)) - IPC Server handler 0 on 36426, call Call#244 Retry#0 org.apache.hadoop.ozone.om.protocol.OzoneManagerProtocol.submitRequest from 127.0.0.1:33472
java.lang.ClassCastException: org.apache.hadoop.ozone.om.helpers.OmKeyInfo cannot be cast to org.apache.hadoop.ozone.om.helpers.OzoneFileStatus
	at org.apache.hadoop.ozone.om.KeyManagerImpl.listStatus(KeyManagerImpl.java:2010)
	at org.apache.hadoop.ozone.om.OzoneManager.listStatus(OzoneManager.java:2871)
	at org.apache.hadoop.ozone.protocolPB.OzoneManagerRequestHandler.listStatus(OzoneManagerRequestHandler.java:1118)
	at org.apache.hadoop.ozone.protocolPB.OzoneManagerRequestHandler.handle(OzoneManagerRequestHandler.java:358)
	at org.apache.hadoop.ozone.protocolPB.OzoneManagerProtocolServerSideTranslatorPB.submitRequestDirectlyToOM(OzoneManagerProtocolServerSideTranslatorPB.java:208)
	at org.apache.hadoop.ozone.protocolPB.OzoneManagerProtocolServerSideTranslatorPB.processRequest(OzoneManagerProtocolServerSideTranslatorPB.java:132)
	at org.apache.hadoop.hdds.server.OzoneProtocolMessageDispatcher.processRequest(OzoneProtocolMessageDispatcher.java:72)
	at org.apache.hadoop.ozone.protocolPB.OzoneManagerProtocolServerSideTranslatorPB.submitRequest(OzoneManagerProtocolServerSideTranslatorPB.java:100)
	at org.apache.hadoop.ozone.protocol.proto.OzoneManagerProtocolProtos$OzoneManagerService$2.callBlockingMethod(OzoneManagerProtocolProtos.java)
	at org.apache.hadoop.ipc.ProtobufRpcEngine$Server$ProtoBufRpcInvoker.call(ProtobufRpcEngine.java:524)
	at org.apache.hadoop.ipc.RPC$Server.call(RPC.java:1025)
	at org.apache.hadoop.ipc.Server$RpcCall.run(Server.java:876)
	at org.apache.hadoop.ipc.Server$RpcCall.run(Server.java:822)
	at java.security.AccessController.doPrivileged(Native Method)
	at javax.security.auth.Subject.doAs(Subject.java:422)
	at org.apache.hadoop.security.UserGroupInformation.doAs(UserGroupInformation.java:1730)
	at org.apache.hadoop.ipc.Server$Handler.run(Server.java:2682)
2019-10-30 22:12:30,625 [Thread-1309] INFO  retry.RetryInvocationHandler (RetryInvocationHandler.java:log(411)) - com.google.protobuf.ServiceException: org.apache.hadoop.ipc.RemoteException(java.lang.ClassCastException): org.apache.hadoop.ozone.om.helpers.OmKeyInfo cannot be cast to org.apache.hadoop.ozone.om.helpers.OzoneFileStatus
	at org.apache.hadoop.ozone.om.KeyManagerImpl.listStatus(KeyManagerImpl.java:2010)
	at org.apache.hadoop.ozone.om.OzoneManager.listStatus(OzoneManager.java:2871)
	at org.apache.hadoop.ozone.protocolPB.OzoneManagerRequestHandler.listStatus(OzoneManagerRequestHandler.java:1118)
	at org.apache.hadoop.ozone.protocolPB.OzoneManagerRequestHandler.handle(OzoneManagerRequestHandler.java:358)
	at org.apache.hadoop.ozone.protocolPB.OzoneManagerProtocolServerSideTranslatorPB.submitRequestDirectlyToOM(OzoneManagerProtocolServerSideTranslatorPB.java:208)
	at org.apache.hadoop.ozone.protocolPB.OzoneManagerProtocolServerSideTranslatorPB.processRequest(OzoneManagerProtocolServerSideTranslatorPB.java:132)
	at org.apache.hadoop.hdds.server.OzoneProtocolMessageDispatcher.processRequest(OzoneProtocolMessageDispatcher.java:72)
	at org.apache.hadoop.ozone.protocolPB.OzoneManagerProtocolServerSideTranslatorPB.submitRequest(OzoneManagerProtocolServerSideTranslatorPB.java:100)
	at org.apache.hadoop.ozone.protocol.proto.OzoneManagerProtocolProtos$OzoneManagerService$2.callBlockingMethod(OzoneManagerProtocolProtos.java)
	at org.apache.hadoop.ipc.ProtobufRpcEngine$Server$ProtoBufRpcInvoker.call(ProtobufRpcEngine.java:524)
	at org.apache.hadoop.ipc.RPC$Server.call(RPC.java:1025)
	at org.apache.hadoop.ipc.Server$RpcCall.run(Server.java:876)
	at org.apache.hadoop.ipc.Server$RpcCall.run(Server.java:822)
	at java.security.AccessController.doPrivileged(Native Method)
	at javax.security.auth.Subject.doAs(Subject.java:422)
	at org.apache.hadoop.security.UserGroupInformation.doAs(UserGroupInformation.java:1730)
	at org.apache.hadoop.ipc.Server$Handler.run(Server.java:2682)
, while invoking $Proxy37.submitRequest over nodeId=null,nodeAddress=localhost:36426. Trying to failover immediately.
22:12:30.627 [IPC Server handler 2 on 36426] ERROR OMAudit - user=jenkins1000 | ip=127.0.0.1 | op=LIST_STATUS {volume=volume07918, bucket=bucket87945, key=source/interimPath, dataSize=0, replicationType=null, replicationFactor=null, keyLocationInfo=null} | ret=FAILURE
java.lang.ClassCastException: org.apache.hadoop.ozone.om.helpers.OmKeyInfo cannot be cast to org.apache.hadoop.ozone.om.helpers.OzoneFileStatus
	at org.apache.hadoop.ozone.om.KeyManagerImpl.listStatus(KeyManagerImpl.java:2010) ~[hadoop-ozone-ozone-manager-0.5.0-SNAPSHOT.jar:?]
	at org.apache.hadoop.ozone.om.OzoneManager.listStatus(OzoneManager.java:2871) ~[hadoop-ozone-ozone-manager-0.5.0-SNAPSHOT.jar:?]
	at org.apache.hadoop.ozone.protocolPB.OzoneManagerRequestHandler.listStatus(OzoneManagerRequestHandler.java:1118) ~[hadoop-ozone-ozone-manager-0.5.0-SNAPSHOT.jar:?]
	at org.apache.hadoop.ozone.protocolPB.OzoneManagerRequestHandler.handle(OzoneManagerRequestHandler.java:358) ~[hadoop-ozone-ozone-manager-0.5.0-SNAPSHOT.jar:?]
	at org.apache.hadoop.ozone.protocolPB.OzoneManagerProtocolServerSideTranslatorPB.submitRequestDirectlyToOM(OzoneManagerProtocolServerSideTranslatorPB.java:208) ~[hadoop-ozone-ozone-manager-0.5.0-SNAPSHOT.jar:?]
	at org.apache.hadoop.ozone.protocolPB.OzoneManagerProtocolServerSideTranslatorPB.processRequest(OzoneManagerProtocolServerSideTranslatorPB.java:132) ~[hadoop-ozone-ozone-manager-0.5.0-SNAPSHOT.jar:?]
	at org.apache.hadoop.hdds.server.OzoneProtocolMessageDispatcher.processRequest(OzoneProtocolMessageDispatcher.java:72) [hadoop-hdds-server-framework-0.5.0-SNAPSHOT.jar:?]
	at org.apache.hadoop.ozone.protocolPB.OzoneManagerProtocolServerSideTranslatorPB.submitRequest(OzoneManagerProtocolServerSideTranslatorPB.java:100) [hadoop-ozone-ozone-manager-0.5.0-SNAPSHOT.jar:?]
	at org.apache.hadoop.ozone.protocol.proto.OzoneManagerProtocolProtos$OzoneManagerService$2.callBlockingMethod(OzoneManagerProtocolProtos.java) [hadoop-ozone-common-0.5.0-SNAPSHOT.jar:?]
	at org.apache.hadoop.ipc.ProtobufRpcEngine$Server$ProtoBufRpcInvoker.call(ProtobufRpcEngine.java:524) [hadoop-common-3.2.0.jar:?]
	at org.apache.hadoop.ipc.RPC$Server.call(RPC.java:1025) [hadoop-common-3.2.0.jar:?]
	at org.apache.hadoop.ipc.Server$RpcCall.run(Server.java:876) [hadoop-common-3.2.0.jar:?]
	at org.apache.hadoop.ipc.Server$RpcCall.run(Server.java:822) [hadoop-common-3.2.0.jar:?]
	at java.security.AccessController.doPrivileged(Native Method) [?:1.8.0_222]
	at javax.security.auth.Subject.doAs(Subject.java:422) [?:1.8.0_222]
	at org.apache.hadoop.security.UserGroupInformation.doAs(UserGroupInformation.java:1730) [hadoop-common-3.2.0.jar:?]
	at org.apache.hadoop.ipc.Server$Handler.run(Server.java:2682) [hadoop-common-3.2.0.jar:?]
2019-10-30 22:12:30,627 [IPC Server handler 2 on 36426] WARN  ipc.Server (Server.java:logException(2724)) - IPC Server handler 2 on 36426, call Call#244 Retry#1 org.apache.hadoop.ozone.om.protocol.OzoneManagerProtocol.submitRequest from 127.0.0.1:33472
java.lang.ClassCastException: org.apache.hadoop.ozone.om.helpers.OmKeyInfo cannot be cast to org.apache.hadoop.ozone.om.helpers.OzoneFileStatus
	at org.apache.hadoop.ozone.om.KeyManagerImpl.listStatus(KeyManagerImpl.java:2010)
	at org.apache.hadoop.ozone.om.OzoneManager.listStatus(OzoneManager.java:2871)
	at org.apache.hadoop.ozone.protocolPB.OzoneManagerRequestHandler.listStatus(OzoneManagerRequestHandler.java:1118)
	at org.apache.hadoop.ozone.protocolPB.OzoneManagerRequestHandler.handle(OzoneManagerRequestHandler.java:358)
	at org.apache.hadoop.ozone.protocolPB.OzoneManagerProtocolServerSideTranslatorPB.submitRequestDirectlyToOM(OzoneManagerProtocolServerSideTranslatorPB.java:208)
	at org.apache.hadoop.ozone.protocolPB.OzoneManagerProtocolServerSideTranslatorPB.processRequest(OzoneManagerProtocolServerSideTranslatorPB.java:132)
	at org.apache.hadoop.hdds.server.OzoneProtocolMessageDispatcher.processRequest(OzoneProtocolMessageDispatcher.java:72)
	at org.apache.hadoop.ozone.protocolPB.OzoneManagerProtocolServerSideTranslatorPB.submitRequest(OzoneManagerProtocolServerSideTranslatorPB.java:100)
	at org.apache.hadoop.ozone.protocol.proto.OzoneManagerProtocolProtos$OzoneManagerService$2.callBlockingMethod(OzoneManagerProtocolProtos.java)
	at org.apache.hadoop.ipc.ProtobufRpcEngine$Server$ProtoBufRpcInvoker.call(ProtobufRpcEngine.java:524)
	at org.apache.hadoop.ipc.RPC$Server.call(RPC.java:1025)
	at org.apache.hadoop.ipc.Server$RpcCall.run(Server.java:876)
	at org.apache.hadoop.ipc.Server$RpcCall.run(Server.java:822)
	at java.security.AccessController.doPrivileged(Native Method)
	at javax.security.auth.Subject.doAs(Subject.java:422)
	at org.apache.hadoop.security.UserGroupInformation.doAs(UserGroupInformation.java:1730)
	at org.apache.hadoop.ipc.Server$Handler.run(Server.java:2682)
2019-10-30 22:12:30,629 [Thread-1309] INFO  retry.RetryInvocationHandler (RetryInvocationHandler.java:log(411)) - com.google.protobuf.ServiceException: org.apache.hadoop.ipc.RemoteException(java.lang.ClassCastException): org.apache.hadoop.ozone.om.helpers.OmKeyInfo cannot be cast to org.apache.hadoop.ozone.om.helpers.OzoneFileStatus
	at org.apache.hadoop.ozone.om.KeyManagerImpl.listStatus(KeyManagerImpl.java:2010)
	at org.apache.hadoop.ozone.om.OzoneManager.listStatus(OzoneManager.java:2871)
	at org.apache.hadoop.ozone.protocolPB.OzoneManagerRequestHandler.listStatus(OzoneManagerRequestHandler.java:1118)
	at org.apache.hadoop.ozone.protocolPB.OzoneManagerRequestHandler.handle(OzoneManagerRequestHandler.java:358)
	at org.apache.hadoop.ozone.protocolPB.OzoneManagerProtocolServerSideTranslatorPB.submitRequestDirectlyToOM(OzoneManagerProtocolServerSideTranslatorPB.java:208)
	at org.apache.hadoop.ozone.protocolPB.OzoneManagerProtocolServerSideTranslatorPB.processRequest(OzoneManagerProtocolServerSideTranslatorPB.java:132)
	at org.apache.hadoop.hdds.server.OzoneProtocolMessageDispatcher.processRequest(OzoneProtocolMessageDispatcher.java:72)
	at org.apache.hadoop.ozone.protocolPB.OzoneManagerProtocolServerSideTranslatorPB.submitRequest(OzoneManagerProtocolServerSideTranslatorPB.java:100)
	at org.apache.hadoop.ozone.protocol.proto.OzoneManagerProtocolProtos$OzoneManagerService$2.callBlockingMethod(OzoneManagerProtocolProtos.java)
	at org.apache.hadoop.ipc.ProtobufRpcEngine$Server$ProtoBufRpcInvoker.call(ProtobufRpcEngine.java:524)
	at org.apache.hadoop.ipc.RPC$Server.call(RPC.java:1025)
	at org.apache.hadoop.ipc.Server$RpcCall.run(Server.java:876)
	at org.apache.hadoop.ipc.Server$RpcCall.run(Server.java:822)
	at java.security.AccessController.doPrivileged(Native Method)
	at javax.security.auth.Subject.doAs(Subject.java:422)
	at org.apache.hadoop.security.UserGroupInformation.doAs(UserGroupInformation.java:1730)
	at org.apache.hadoop.ipc.Server$Handler.run(Server.java:2682)
, while invoking $Proxy37.submitRequest over nodeId=null,nodeAddress=localhost:36426 after 1 failover attempts. Trying to failover immediately.
22:12:30.632 [IPC Server handler 1 on 36426] ERROR OMAudit - user=jenkins1000 | ip=127.0.0.1 | op=LIST_STATUS {volume=volume07918, bucket=bucket87945, key=source/interimPath, dataSize=0, replicationType=null, replicationFactor=null, keyLocationInfo=null} | ret=FAILURE
java.lang.ClassCastException: org.apache.hadoop.ozone.om.helpers.OmKeyInfo cannot be cast to org.apache.hadoop.ozone.om.helpers.OzoneFileStatus
	at org.apache.hadoop.ozone.om.KeyManagerImpl.listStatus(KeyManagerImpl.java:2010) ~[hadoop-ozone-ozone-manager-0.5.0-SNAPSHOT.jar:?]
	at org.apache.hadoop.ozone.om.OzoneManager.listStatus(OzoneManager.java:2871) ~[hadoop-ozone-ozone-manager-0.5.0-SNAPSHOT.jar:?]
	at org.apache.hadoop.ozone.protocolPB.OzoneManagerRequestHandler.listStatus(OzoneManagerRequestHandler.java:1118) ~[hadoop-ozone-ozone-manager-0.5.0-SNAPSHOT.jar:?]
	at org.apache.hadoop.ozone.protocolPB.OzoneManagerRequestHandler.handle(OzoneManagerRequestHandler.java:358) ~[hadoop-ozone-ozone-manager-0.5.0-SNAPSHOT.jar:?]
	at org.apache.hadoop.ozone.protocolPB.OzoneManagerProtocolServerSideTranslatorPB.submitRequestDirectlyToOM(OzoneManagerProtocolServerSideTranslatorPB.java:208) ~[hadoop-ozone-ozone-manager-0.5.0-SNAPSHOT.jar:?]
	at org.apache.hadoop.ozone.protocolPB.OzoneManagerProtocolServerSideTranslatorPB.processRequest(OzoneManagerProtocolServerSideTranslatorPB.java:132) ~[hadoop-ozone-ozone-manager-0.5.0-SNAPSHOT.jar:?]
	at org.apache.hadoop.hdds.server.OzoneProtocolMessageDispatcher.processRequest(OzoneProtocolMessageDispatcher.java:72) [hadoop-hdds-server-framework-0.5.0-SNAPSHOT.jar:?]
	at org.apache.hadoop.ozone.protocolPB.OzoneManagerProtocolServerSideTranslatorPB.submitRequest(OzoneManagerProtocolServerSideTranslatorPB.java:100) [hadoop-ozone-ozone-manager-0.5.0-SNAPSHOT.jar:?]
	at org.apache.hadoop.ozone.protocol.proto.OzoneManagerProtocolProtos$OzoneManagerService$2.callBlockingMethod(OzoneManagerProtocolProtos.java) [hadoop-ozone-common-0.5.0-SNAPSHOT.jar:?]
	at org.apache.hadoop.ipc.ProtobufRpcEngine$Server$ProtoBufRpcInvoker.call(ProtobufRpcEngine.java:524) [hadoop-common-3.2.0.jar:?]
	at org.apache.hadoop.ipc.RPC$Server.call(RPC.java:1025) [hadoop-common-3.2.0.jar:?]
	at org.apache.hadoop.ipc.Server$RpcCall.run(Server.java:876) [hadoop-common-3.2.0.jar:?]
	at org.apache.hadoop.ipc.Server$RpcCall.run(Server.java:822) [hadoop-common-3.2.0.jar:?]
	at java.security.AccessController.doPrivileged(Native Method) [?:1.8.0_222]
	at javax.security.auth.Subject.doAs(Subject.java:422) [?:1.8.0_222]
	at org.apache.hadoop.security.UserGroupInformation.doAs(UserGroupInformation.java:1730) [hadoop-common-3.2.0.jar:?]
	at org.apache.hadoop.ipc.Server$Handler.run(Server.java:2682) [hadoop-common-3.2.0.jar:?]
2019-10-30 22:12:30,633 [IPC Server handler 1 on 36426] WARN  ipc.Server (Server.java:logException(2724)) - IPC Server handler 1 on 36426, call Call#244 Retry#2 org.apache.hadoop.ozone.om.protocol.OzoneManagerProtocol.submitRequest from 127.0.0.1:33472
java.lang.ClassCastException: org.apache.hadoop.ozone.om.helpers.OmKeyInfo cannot be cast to org.apache.hadoop.ozone.om.helpers.OzoneFileStatus
	at org.apache.hadoop.ozone.om.KeyManagerImpl.listStatus(KeyManagerImpl.java:2010)
	at org.apache.hadoop.ozone.om.OzoneManager.listStatus(OzoneManager.java:2871)
	at org.apache.hadoop.ozone.protocolPB.OzoneManagerRequestHandler.listStatus(OzoneManagerRequestHandler.java:1118)
	at org.apache.hadoop.ozone.protocolPB.OzoneManagerRequestHandler.handle(OzoneManagerRequestHandler.java:358)
	at org.apache.hadoop.ozone.protocolPB.OzoneManagerProtocolServerSideTranslatorPB.submitRequestDirectlyToOM(OzoneManagerProtocolServerSideTranslatorPB.java:208)
	at org.apache.hadoop.ozone.protocolPB.OzoneManagerProtocolServerSideTranslatorPB.processRequest(OzoneManagerProtocolServerSideTranslatorPB.java:132)
	at org.apache.hadoop.hdds.server.OzoneProtocolMessageDispatcher.processRequest(OzoneProtocolMessageDispatcher.java:72)
	at org.apache.hadoop.ozone.protocolPB.OzoneManagerProtocolServerSideTranslatorPB.submitRequest(OzoneManagerProtocolServerSideTranslatorPB.java:100)
	at org.apache.hadoop.ozone.protocol.proto.OzoneManagerProtocolProtos$OzoneManagerService$2.callBlockingMethod(OzoneManagerProtocolProtos.java)
	at org.apache.hadoop.ipc.ProtobufRpcEngine$Server$ProtoBufRpcInvoker.call(ProtobufRpcEngine.java:524)
	at org.apache.hadoop.ipc.RPC$Server.call(RPC.java:1025)
	at org.apache.hadoop.ipc.Server$RpcCall.run(Server.java:876)
	at org.apache.hadoop.ipc.Server$RpcCall.run(Server.java:822)
	at java.security.AccessController.doPrivileged(Native Method)
	at javax.security.auth.Subject.doAs(Subject.java:422)
	at org.apache.hadoop.security.UserGroupInformation.doAs(UserGroupInformation.java:1730)
	at org.apache.hadoop.ipc.Server$Handler.run(Server.java:2682)
2019-10-30 22:12:30,635 [Thread-1309] INFO  retry.RetryInvocationHandler (RetryInvocationHandler.java:log(411)) - com.google.protobuf.ServiceException: org.apache.hadoop.ipc.RemoteException(java.lang.ClassCastException): org.apache.hadoop.ozone.om.helpers.OmKeyInfo cannot be cast to org.apache.hadoop.ozone.om.helpers.OzoneFileStatus
	at org.apache.hadoop.ozone.om.KeyManagerImpl.listStatus(KeyManagerImpl.java:2010)
	at org.apache.hadoop.ozone.om.OzoneManager.listStatus(OzoneManager.java:2871)
	at org.apache.hadoop.ozone.protocolPB.OzoneManagerRequestHandler.listStatus(OzoneManagerRequestHandler.java:1118)
	at org.apache.hadoop.ozone.protocolPB.OzoneManagerRequestHandler.handle(OzoneManagerRequestHandler.java:358)
	at org.apache.hadoop.ozone.protocolPB.OzoneManagerProtocolServerSideTranslatorPB.submitRequestDirectlyToOM(OzoneManagerProtocolServerSideTranslatorPB.java:208)
	at org.apache.hadoop.ozone.protocolPB.OzoneManagerProtocolServerSideTranslatorPB.processRequest(OzoneManagerProtocolServerSideTranslatorPB.java:132)
	at org.apache.hadoop.hdds.server.OzoneProtocolMessageDispatcher.processRequest(OzoneProtocolMessageDispatcher.java:72)
	at org.apache.hadoop.ozone.protocolPB.OzoneManagerProtocolServerSideTranslatorPB.submitRequest(OzoneManagerProtocolServerSideTranslatorPB.java:100)
	at org.apache.hadoop.ozone.protocol.proto.OzoneManagerProtocolProtos$OzoneManagerService$2.callBlockingMethod(OzoneManagerProtocolProtos.java)
	at org.apache.hadoop.ipc.ProtobufRpcEngine$Server$ProtoBufRpcInvoker.call(ProtobufRpcEngine.java:524)
	at org.apache.hadoop.ipc.RPC$Server.call(RPC.java:1025)
	at org.apache.hadoop.ipc.Server$RpcCall.run(Server.java:876)
	at org.apache.hadoop.ipc.Server$RpcCall.run(Server.java:822)
	at java.security.AccessController.doPrivileged(Native Method)
	at javax.security.auth.Subject.doAs(Subject.java:422)
	at org.apache.hadoop.security.UserGroupInformation.doAs(UserGroupInformation.java:1730)
	at org.apache.hadoop.ipc.Server$Handler.run(Server.java:2682)
, while invoking $Proxy37.submitRequest over nodeId=null,nodeAddress=localhost:36426 after 2 failover attempts. Trying to failover immediately.
22:12:30.637 [IPC Server handler 3 on 36426] ERROR OMAudit - user=jenkins1000 | ip=127.0.0.1 | op=LIST_STATUS {volume=volume07918, bucket=bucket87945, key=source/interimPath, dataSize=0, replicationType=null, replicationFactor=null, keyLocationInfo=null} | ret=FAILURE
java.lang.ClassCastException: org.apache.hadoop.ozone.om.helpers.OmKeyInfo cannot be cast to org.apache.hadoop.ozone.om.helpers.OzoneFileStatus
	at org.apache.hadoop.ozone.om.KeyManagerImpl.listStatus(KeyManagerImpl.java:2010) ~[hadoop-ozone-ozone-manager-0.5.0-SNAPSHOT.jar:?]
	at org.apache.hadoop.ozone.om.OzoneManager.listStatus(OzoneManager.java:2871) ~[hadoop-ozone-ozone-manager-0.5.0-SNAPSHOT.jar:?]
	at org.apache.hadoop.ozone.protocolPB.OzoneManagerRequestHandler.listStatus(OzoneManagerRequestHandler.java:1118) ~[hadoop-ozone-ozone-manager-0.5.0-SNAPSHOT.jar:?]
	at org.apache.hadoop.ozone.protocolPB.OzoneManagerRequestHandler.handle(OzoneManagerRequestHandler.java:358) ~[hadoop-ozone-ozone-manager-0.5.0-SNAPSHOT.jar:?]
	at org.apache.hadoop.ozone.protocolPB.OzoneManagerProtocolServerSideTranslatorPB.submitRequestDirectlyToOM(OzoneManagerProtocolServerSideTranslatorPB.java:208) ~[hadoop-ozone-ozone-manager-0.5.0-SNAPSHOT.jar:?]
	at org.apache.hadoop.ozone.protocolPB.OzoneManagerProtocolServerSideTranslatorPB.processRequest(OzoneManagerProtocolServerSideTranslatorPB.java:132) ~[hadoop-ozone-ozone-manager-0.5.0-SNAPSHOT.jar:?]
	at org.apache.hadoop.hdds.server.OzoneProtocolMessageDispatcher.processRequest(OzoneProtocolMessageDispatcher.java:72) [hadoop-hdds-server-framework-0.5.0-SNAPSHOT.jar:?]
	at org.apache.hadoop.ozone.protocolPB.OzoneManagerProtocolServerSideTranslatorPB.submitRequest(OzoneManagerProtocolServerSideTranslatorPB.java:100) [hadoop-ozone-ozone-manager-0.5.0-SNAPSHOT.jar:?]
	at org.apache.hadoop.ozone.protocol.proto.OzoneManagerProtocolProtos$OzoneManagerService$2.callBlockingMethod(OzoneManagerProtocolProtos.java) [hadoop-ozone-common-0.5.0-SNAPSHOT.jar:?]
	at org.apache.hadoop.ipc.ProtobufRpcEngine$Server$ProtoBufRpcInvoker.call(ProtobufRpcEngine.java:524) [hadoop-common-3.2.0.jar:?]
	at org.apache.hadoop.ipc.RPC$Server.call(RPC.java:1025) [hadoop-common-3.2.0.jar:?]
	at org.apache.hadoop.ipc.Server$RpcCall.run(Server.java:876) [hadoop-common-3.2.0.jar:?]
	at org.apache.hadoop.ipc.Server$RpcCall.run(Server.java:822) [hadoop-common-3.2.0.jar:?]
	at java.security.AccessController.doPrivileged(Native Method) [?:1.8.0_222]
	at javax.security.auth.Subject.doAs(Subject.java:422) [?:1.8.0_222]
	at org.apache.hadoop.security.UserGroupInformation.doAs(UserGroupInformation.java:1730) [hadoop-common-3.2.0.jar:?]
	at org.apache.hadoop.ipc.Server$Handler.run(Server.java:2682) [hadoop-common-3.2.0.jar:?]
2019-10-30 22:12:30,637 [IPC Server handler 3 on 36426] WARN  ipc.Server (Server.java:logException(2724)) - IPC Server handler 3 on 36426, call Call#244 Retry#3 org.apache.hadoop.ozone.om.protocol.OzoneManagerProtocol.submitRequest from 127.0.0.1:33472
java.lang.ClassCastException: org.apache.hadoop.ozone.om.helpers.OmKeyInfo cannot be cast to org.apache.hadoop.ozone.om.helpers.OzoneFileStatus
	at org.apache.hadoop.ozone.om.KeyManagerImpl.listStatus(KeyManagerImpl.java:2010)
	at org.apache.hadoop.ozone.om.OzoneManager.listStatus(OzoneManager.java:2871)
	at org.apache.hadoop.ozone.protocolPB.OzoneManagerRequestHandler.listStatus(OzoneManagerRequestHandler.java:1118)
	at org.apache.hadoop.ozone.protocolPB.OzoneManagerRequestHandler.handle(OzoneManagerRequestHandler.java:358)
	at org.apache.hadoop.ozone.protocolPB.OzoneManagerProtocolServerSideTranslatorPB.submitRequestDirectlyToOM(OzoneManagerProtocolServerSideTranslatorPB.java:208)
	at org.apache.hadoop.ozone.protocolPB.OzoneManagerProtocolServerSideTranslatorPB.processRequest(OzoneManagerProtocolServerSideTranslatorPB.java:132)
	at org.apache.hadoop.hdds.server.OzoneProtocolMessageDispatcher.processRequest(OzoneProtocolMessageDispatcher.java:72)
	at org.apache.hadoop.ozone.protocolPB.OzoneManagerProtocolServerSideTranslatorPB.submitRequest(OzoneManagerProtocolServerSideTranslatorPB.java:100)
	at org.apache.hadoop.ozone.protocol.proto.OzoneManagerProtocolProtos$OzoneManagerService$2.callBlockingMethod(OzoneManagerProtocolProtos.java)
	at org.apache.hadoop.ipc.ProtobufRpcEngine$Server$ProtoBufRpcInvoker.call(ProtobufRpcEngine.java:524)
	at org.apache.hadoop.ipc.RPC$Server.call(RPC.java:1025)
	at org.apache.hadoop.ipc.Server$RpcCall.run(Server.java:876)
	at org.apache.hadoop.ipc.Server$RpcCall.run(Server.java:822)
	at java.security.AccessController.doPrivileged(Native Method)
	at javax.security.auth.Subject.doAs(Subject.java:422)
	at org.apache.hadoop.security.UserGroupInformation.doAs(UserGroupInformation.java:1730)
	at org.apache.hadoop.ipc.Server$Handler.run(Server.java:2682)
2019-10-30 22:12:30,639 [Thread-1309] INFO  retry.RetryInvocationHandler (RetryInvocationHandler.java:log(411)) - com.google.protobuf.ServiceException: org.apache.hadoop.ipc.RemoteException(java.lang.ClassCastException): org.apache.hadoop.ozone.om.helpers.OmKeyInfo cannot be cast to org.apache.hadoop.ozone.om.helpers.OzoneFileStatus
	at org.apache.hadoop.ozone.om.KeyManagerImpl.listStatus(KeyManagerImpl.java:2010)
	at org.apache.hadoop.ozone.om.OzoneManager.listStatus(OzoneManager.java:2871)
	at org.apache.hadoop.ozone.protocolPB.OzoneManagerRequestHandler.listStatus(OzoneManagerRequestHandler.java:1118)
	at org.apache.hadoop.ozone.protocolPB.OzoneManagerRequestHandler.handle(OzoneManagerRequestHandler.java:358)
	at org.apache.hadoop.ozone.protocolPB.OzoneManagerProtocolServerSideTranslatorPB.submitRequestDirectlyToOM(OzoneManagerProtocolServerSideTranslatorPB.java:208)
	at org.apache.hadoop.ozone.protocolPB.OzoneManagerProtocolServerSideTranslatorPB.processRequest(OzoneManagerProtocolServerSideTranslatorPB.java:132)
	at org.apache.hadoop.hdds.server.OzoneProtocolMessageDispatcher.processRequest(OzoneProtocolMessageDispatcher.java:72)
	at org.apache.hadoop.ozone.protocolPB.OzoneManagerProtocolServerSideTranslatorPB.submitRequest(OzoneManagerProtocolServerSideTranslatorPB.java:100)
	at org.apache.hadoop.ozone.protocol.proto.OzoneManagerProtocolProtos$OzoneManagerService$2.callBlockingMethod(OzoneManagerProtocolProtos.java)
	at org.apache.hadoop.ipc.ProtobufRpcEngine$Server$ProtoBufRpcInvoker.call(ProtobufRpcEngine.java:524)
	at org.apache.hadoop.ipc.RPC$Server.call(RPC.java:1025)
	at org.apache.hadoop.ipc.Server$RpcCall.run(Server.java:876)
	at org.apache.hadoop.ipc.Server$RpcCall.run(Server.java:822)
	at java.security.AccessController.doPrivileged(Native Method)
	at javax.security.auth.Subject.doAs(Subject.java:422)
	at org.apache.hadoop.security.UserGroupInformation.doAs(UserGroupInformation.java:1730)
	at org.apache.hadoop.ipc.Server$Handler.run(Server.java:2682)
, while invoking $Proxy37.submitRequest over nodeId=null,nodeAddress=localhost:36426 after 3 failover attempts. Trying to failover immediately.
22:12:30.641 [IPC Server handler 4 on 36426] ERROR OMAudit - user=jenkins1000 | ip=127.0.0.1 | op=LIST_STATUS {volume=volume07918, bucket=bucket87945, key=source/interimPath, dataSize=0, replicationType=null, replicationFactor=null, keyLocationInfo=null} | ret=FAILURE
java.lang.ClassCastException: org.apache.hadoop.ozone.om.helpers.OmKeyInfo cannot be cast to org.apache.hadoop.ozone.om.helpers.OzoneFileStatus
	at org.apache.hadoop.ozone.om.KeyManagerImpl.listStatus(KeyManagerImpl.java:2010) ~[hadoop-ozone-ozone-manager-0.5.0-SNAPSHOT.jar:?]
	at org.apache.hadoop.ozone.om.OzoneManager.listStatus(OzoneManager.java:2871) ~[hadoop-ozone-ozone-manager-0.5.0-SNAPSHOT.jar:?]
	at org.apache.hadoop.ozone.protocolPB.OzoneManagerRequestHandler.listStatus(OzoneManagerRequestHandler.java:1118) ~[hadoop-ozone-ozone-manager-0.5.0-SNAPSHOT.jar:?]
	at org.apache.hadoop.ozone.protocolPB.OzoneManagerRequestHandler.handle(OzoneManagerRequestHandler.java:358) ~[hadoop-ozone-ozone-manager-0.5.0-SNAPSHOT.jar:?]
	at org.apache.hadoop.ozone.protocolPB.OzoneManagerProtocolServerSideTranslatorPB.submitRequestDirectlyToOM(OzoneManagerProtocolServerSideTranslatorPB.java:208) ~[hadoop-ozone-ozone-manager-0.5.0-SNAPSHOT.jar:?]
	at org.apache.hadoop.ozone.protocolPB.OzoneManagerProtocolServerSideTranslatorPB.processRequest(OzoneManagerProtocolServerSideTranslatorPB.java:132) ~[hadoop-ozone-ozone-manager-0.5.0-SNAPSHOT.jar:?]
	at org.apache.hadoop.hdds.server.OzoneProtocolMessageDispatcher.processRequest(OzoneProtocolMessageDispatcher.java:72) [hadoop-hdds-server-framework-0.5.0-SNAPSHOT.jar:?]
	at org.apache.hadoop.ozone.protocolPB.OzoneManagerProtocolServerSideTranslatorPB.submitRequest(OzoneManagerProtocolServerSideTranslatorPB.java:100) [hadoop-ozone-ozone-manager-0.5.0-SNAPSHOT.jar:?]
	at org.apache.hadoop.ozone.protocol.proto.OzoneManagerProtocolProtos$OzoneManagerService$2.callBlockingMethod(OzoneManagerProtocolProtos.java) [hadoop-ozone-common-0.5.0-SNAPSHOT.jar:?]
	at org.apache.hadoop.ipc.ProtobufRpcEngine$Server$ProtoBufRpcInvoker.call(ProtobufRpcEngine.java:524) [hadoop-common-3.2.0.jar:?]
	at org.apache.hadoop.ipc.RPC$Server.call(RPC.java:1025) [hadoop-common-3.2.0.jar:?]
	at org.apache.hadoop.ipc.Server$RpcCall.run(Server.java:876) [hadoop-common-3.2.0.jar:?]
	at org.apache.hadoop.ipc.Server$RpcCall.run(Server.java:822) [hadoop-common-3.2.0.jar:?]
	at java.security.AccessController.doPrivileged(Native Method) [?:1.8.0_222]
	at javax.security.auth.Subject.doAs(Subject.java:422) [?:1.8.0_222]
	at org.apache.hadoop.security.UserGroupInformation.doAs(UserGroupInformation.java:1730) [hadoop-common-3.2.0.jar:?]
	at org.apache.hadoop.ipc.Server$Handler.run(Server.java:2682) [hadoop-common-3.2.0.jar:?]
2019-10-30 22:12:30,642 [IPC Server handler 4 on 36426] WARN  ipc.Server (Server.java:logException(2724)) - IPC Server handler 4 on 36426, call Call#244 Retry#4 org.apache.hadoop.ozone.om.protocol.OzoneManagerProtocol.submitRequest from 127.0.0.1:33472
java.lang.ClassCastException: org.apache.hadoop.ozone.om.helpers.OmKeyInfo cannot be cast to org.apache.hadoop.ozone.om.helpers.OzoneFileStatus
	at org.apache.hadoop.ozone.om.KeyManagerImpl.listStatus(KeyManagerImpl.java:2010)
	at org.apache.hadoop.ozone.om.OzoneManager.listStatus(OzoneManager.java:2871)
	at org.apache.hadoop.ozone.protocolPB.OzoneManagerRequestHandler.listStatus(OzoneManagerRequestHandler.java:1118)
	at org.apache.hadoop.ozone.protocolPB.OzoneManagerRequestHandler.handle(OzoneManagerRequestHandler.java:358)
	at org.apache.hadoop.ozone.protocolPB.OzoneManagerProtocolServerSideTranslatorPB.submitRequestDirectlyToOM(OzoneManagerProtocolServerSideTranslatorPB.java:208)
	at org.apache.hadoop.ozone.protocolPB.OzoneManagerProtocolServerSideTranslatorPB.processRequest(OzoneManagerProtocolServerSideTranslatorPB.java:132)
	at org.apache.hadoop.hdds.server.OzoneProtocolMessageDispatcher.processRequest(OzoneProtocolMessageDispatcher.java:72)
	at org.apache.hadoop.ozone.protocolPB.OzoneManagerProtocolServerSideTranslatorPB.submitRequest(OzoneManagerProtocolServerSideTranslatorPB.java:100)
	at org.apache.hadoop.ozone.protocol.proto.OzoneManagerProtocolProtos$OzoneManagerService$2.callBlockingMethod(OzoneManagerProtocolProtos.java)
	at org.apache.hadoop.ipc.ProtobufRpcEngine$Server$ProtoBufRpcInvoker.call(ProtobufRpcEngine.java:524)
	at org.apache.hadoop.ipc.RPC$Server.call(RPC.java:1025)
	at org.apache.hadoop.ipc.Server$RpcCall.run(Server.java:876)
	at org.apache.hadoop.ipc.Server$RpcCall.run(Server.java:822)
	at java.security.AccessController.doPrivileged(Native Method)
	at javax.security.auth.Subject.doAs(Subject.java:422)
	at org.apache.hadoop.security.UserGroupInformation.doAs(UserGroupInformation.java:1730)
	at org.apache.hadoop.ipc.Server$Handler.run(Server.java:2682)
2019-10-30 22:12:30,644 [Thread-1309] INFO  retry.RetryInvocationHandler (RetryInvocationHandler.java:log(411)) - com.google.protobuf.ServiceException: org.apache.hadoop.ipc.RemoteException(java.lang.ClassCastException): org.apache.hadoop.ozone.om.helpers.OmKeyInfo cannot be cast to org.apache.hadoop.ozone.om.helpers.OzoneFileStatus
	at org.apache.hadoop.ozone.om.KeyManagerImpl.listStatus(KeyManagerImpl.java:2010)
	at org.apache.hadoop.ozone.om.OzoneManager.listStatus(OzoneManager.java:2871)
	at org.apache.hadoop.ozone.protocolPB.OzoneManagerRequestHandler.listStatus(OzoneManagerRequestHandler.java:1118)
	at org.apache.hadoop.ozone.protocolPB.OzoneManagerRequestHandler.handle(OzoneManagerRequestHandler.java:358)
	at org.apache.hadoop.ozone.protocolPB.OzoneManagerProtocolServerSideTranslatorPB.submitRequestDirectlyToOM(OzoneManagerProtocolServerSideTranslatorPB.java:208)
	at org.apache.hadoop.ozone.protocolPB.OzoneManagerProtocolServerSideTranslatorPB.processRequest(OzoneManagerProtocolServerSideTranslatorPB.java:132)
	at org.apache.hadoop.hdds.server.OzoneProtocolMessageDispatcher.processRequest(OzoneProtocolMessageDispatcher.java:72)
	at org.apache.hadoop.ozone.protocolPB.OzoneManagerProtocolServerSideTranslatorPB.submitRequest(OzoneManagerProtocolServerSideTranslatorPB.java:100)
	at org.apache.hadoop.ozone.protocol.proto.OzoneManagerProtocolProtos$OzoneManagerService$2.callBlockingMethod(OzoneManagerProtocolProtos.java)
	at org.apache.hadoop.ipc.ProtobufRpcEngine$Server$ProtoBufRpcInvoker.call(ProtobufRpcEngine.java:524)
	at org.apache.hadoop.ipc.RPC$Server.call(RPC.java:1025)
	at org.apache.hadoop.ipc.Server$RpcCall.run(Server.java:876)
	at org.apache.hadoop.ipc.Server$RpcCall.run(Server.java:822)
	at java.security.AccessController.doPrivileged(Native Method)
	at javax.security.auth.Subject.doAs(Subject.java:422)
	at org.apache.hadoop.security.UserGroupInformation.doAs(UserGroupInformation.java:1730)
	at org.apache.hadoop.ipc.Server$Handler.run(Server.java:2682)
, while invoking $Proxy37.submitRequest over nodeId=null,nodeAddress=localhost:36426 after 4 failover attempts. Trying to failover immediately.
22:12:30.646 [IPC Server handler 5 on 36426] ERROR OMAudit - user=jenkins1000 | ip=127.0.0.1 | op=LIST_STATUS {volume=volume07918, bucket=bucket87945, key=source/interimPath, dataSize=0, replicationType=null, replicationFactor=null, keyLocationInfo=null} | ret=FAILURE
java.lang.ClassCastException: org.apache.hadoop.ozone.om.helpers.OmKeyInfo cannot be cast to org.apache.hadoop.ozone.om.helpers.OzoneFileStatus
	at org.apache.hadoop.ozone.om.KeyManagerImpl.listStatus(KeyManagerImpl.java:2010) ~[hadoop-ozone-ozone-manager-0.5.0-SNAPSHOT.jar:?]
	at org.apache.hadoop.ozone.om.OzoneManager.listStatus(OzoneManager.java:2871) ~[hadoop-ozone-ozone-manager-0.5.0-SNAPSHOT.jar:?]
	at org.apache.hadoop.ozone.protocolPB.OzoneManagerRequestHandler.listStatus(OzoneManagerRequestHandler.java:1118) ~[hadoop-ozone-ozone-manager-0.5.0-SNAPSHOT.jar:?]
	at org.apache.hadoop.ozone.protocolPB.OzoneManagerRequestHandler.handle(OzoneManagerRequestHandler.java:358) ~[hadoop-ozone-ozone-manager-0.5.0-SNAPSHOT.jar:?]
	at org.apache.hadoop.ozone.protocolPB.OzoneManagerProtocolServerSideTranslatorPB.submitRequestDirectlyToOM(OzoneManagerProtocolServerSideTranslatorPB.java:208) ~[hadoop-ozone-ozone-manager-0.5.0-SNAPSHOT.jar:?]
	at org.apache.hadoop.ozone.protocolPB.OzoneManagerProtocolServerSideTranslatorPB.processRequest(OzoneManagerProtocolServerSideTranslatorPB.java:132) ~[hadoop-ozone-ozone-manager-0.5.0-SNAPSHOT.jar:?]
	at org.apache.hadoop.hdds.server.OzoneProtocolMessageDispatcher.processRequest(OzoneProtocolMessageDispatcher.java:72) [hadoop-hdds-server-framework-0.5.0-SNAPSHOT.jar:?]
	at org.apache.hadoop.ozone.protocolPB.OzoneManagerProtocolServerSideTranslatorPB.submitRequest(OzoneManagerProtocolServerSideTranslatorPB.java:100) [hadoop-ozone-ozone-manager-0.5.0-SNAPSHOT.jar:?]
	at org.apache.hadoop.ozone.protocol.proto.OzoneManagerProtocolProtos$OzoneManagerService$2.callBlockingMethod(OzoneManagerProtocolProtos.java) [hadoop-ozone-common-0.5.0-SNAPSHOT.jar:?]
	at org.apache.hadoop.ipc.ProtobufRpcEngine$Server$ProtoBufRpcInvoker.call(ProtobufRpcEngine.java:524) [hadoop-common-3.2.0.jar:?]
	at org.apache.hadoop.ipc.RPC$Server.call(RPC.java:1025) [hadoop-common-3.2.0.jar:?]
	at org.apache.hadoop.ipc.Server$RpcCall.run(Server.java:876) [hadoop-common-3.2.0.jar:?]
	at org.apache.hadoop.ipc.Server$RpcCall.run(Server.java:822) [hadoop-common-3.2.0.jar:?]
	at java.security.AccessController.doPrivileged(Native Method) [?:1.8.0_222]
	at javax.security.auth.Subject.doAs(Subject.java:422) [?:1.8.0_222]
	at org.apache.hadoop.security.UserGroupInformation.doAs(UserGroupInformation.java:1730) [hadoop-common-3.2.0.jar:?]
	at org.apache.hadoop.ipc.Server$Handler.run(Server.java:2682) [hadoop-common-3.2.0.jar:?]
2019-10-30 22:12:30,646 [IPC Server handler 5 on 36426] WARN  ipc.Server (Server.java:logException(2724)) - IPC Server handler 5 on 36426, call Call#244 Retry#5 org.apache.hadoop.ozone.om.protocol.OzoneManagerProtocol.submitRequest from 127.0.0.1:33472
java.lang.ClassCastException: org.apache.hadoop.ozone.om.helpers.OmKeyInfo cannot be cast to org.apache.hadoop.ozone.om.helpers.OzoneFileStatus
	at org.apache.hadoop.ozone.om.KeyManagerImpl.listStatus(KeyManagerImpl.java:2010)
	at org.apache.hadoop.ozone.om.OzoneManager.listStatus(OzoneManager.java:2871)
	at org.apache.hadoop.ozone.protocolPB.OzoneManagerRequestHandler.listStatus(OzoneManagerRequestHandler.java:1118)
	at org.apache.hadoop.ozone.protocolPB.OzoneManagerRequestHandler.handle(OzoneManagerRequestHandler.java:358)
	at org.apache.hadoop.ozone.protocolPB.OzoneManagerProtocolServerSideTranslatorPB.submitRequestDirectlyToOM(OzoneManagerProtocolServerSideTranslatorPB.java:208)
	at org.apache.hadoop.ozone.protocolPB.OzoneManagerProtocolServerSideTranslatorPB.processRequest(OzoneManagerProtocolServerSideTranslatorPB.java:132)
	at org.apache.hadoop.hdds.server.OzoneProtocolMessageDispatcher.processRequest(OzoneProtocolMessageDispatcher.java:72)
	at org.apache.hadoop.ozone.protocolPB.OzoneManagerProtocolServerSideTranslatorPB.submitRequest(OzoneManagerProtocolServerSideTranslatorPB.java:100)
	at org.apache.hadoop.ozone.protocol.proto.OzoneManagerProtocolProtos$OzoneManagerService$2.callBlockingMethod(OzoneManagerProtocolProtos.java)
	at org.apache.hadoop.ipc.ProtobufRpcEngine$Server$ProtoBufRpcInvoker.call(ProtobufRpcEngine.java:524)
	at org.apache.hadoop.ipc.RPC$Server.call(RPC.java:1025)
	at org.apache.hadoop.ipc.Server$RpcCall.run(Server.java:876)
	at org.apache.hadoop.ipc.Server$RpcCall.run(Server.java:822)
	at java.security.AccessController.doPrivileged(Native Method)
	at javax.security.auth.Subject.doAs(Subject.java:422)
	at org.apache.hadoop.security.UserGroupInformation.doAs(UserGroupInformation.java:1730)
	at org.apache.hadoop.ipc.Server$Handler.run(Server.java:2682)
2019-10-30 22:12:30,648 [Thread-1309] INFO  retry.RetryInvocationHandler (RetryInvocationHandler.java:log(411)) - com.google.protobuf.ServiceException: org.apache.hadoop.ipc.RemoteException(java.lang.ClassCastException): org.apache.hadoop.ozone.om.helpers.OmKeyInfo cannot be cast to org.apache.hadoop.ozone.om.helpers.OzoneFileStatus
	at org.apache.hadoop.ozone.om.KeyManagerImpl.listStatus(KeyManagerImpl.java:2010)
	at org.apache.hadoop.ozone.om.OzoneManager.listStatus(OzoneManager.java:2871)
	at org.apache.hadoop.ozone.protocolPB.OzoneManagerRequestHandler.listStatus(OzoneManagerRequestHandler.java:1118)
	at org.apache.hadoop.ozone.protocolPB.OzoneManagerRequestHandler.handle(OzoneManagerRequestHandler.java:358)
	at org.apache.hadoop.ozone.protocolPB.OzoneManagerProtocolServerSideTranslatorPB.submitRequestDirectlyToOM(OzoneManagerProtocolServerSideTranslatorPB.java:208)
	at org.apache.hadoop.ozone.protocolPB.OzoneManagerProtocolServerSideTranslatorPB.processRequest(OzoneManagerProtocolServerSideTranslatorPB.java:132)
	at org.apache.hadoop.hdds.server.OzoneProtocolMessageDispatcher.processRequest(OzoneProtocolMessageDispatcher.java:72)
	at org.apache.hadoop.ozone.protocolPB.OzoneManagerProtocolServerSideTranslatorPB.submitRequest(OzoneManagerProtocolServerSideTranslatorPB.java:100)
	at org.apache.hadoop.ozone.protocol.proto.OzoneManagerProtocolProtos$OzoneManagerService$2.callBlockingMethod(OzoneManagerProtocolProtos.java)
	at org.apache.hadoop.ipc.ProtobufRpcEngine$Server$ProtoBufRpcInvoker.call(ProtobufRpcEngine.java:524)
	at org.apache.hadoop.ipc.RPC$Server.call(RPC.java:1025)
	at org.apache.hadoop.ipc.Server$RpcCall.run(Server.java:876)
	at org.apache.hadoop.ipc.Server$RpcCall.run(Server.java:822)
	at java.security.AccessController.doPrivileged(Native Method)
	at javax.security.auth.Subject.doAs(Subject.java:422)
	at org.apache.hadoop.security.UserGroupInformation.doAs(UserGroupInformation.java:1730)
	at org.apache.hadoop.ipc.Server$Handler.run(Server.java:2682)
, while invoking $Proxy37.submitRequest over nodeId=null,nodeAddress=localhost:36426 after 5 failover attempts. Trying to failover immediately.
22:12:30.650 [IPC Server handler 7 on 36426] ERROR OMAudit - user=jenkins1000 | ip=127.0.0.1 | op=LIST_STATUS {volume=volume07918, bucket=bucket87945, key=source/interimPath, dataSize=0, replicationType=null, replicationFactor=null, keyLocationInfo=null} | ret=FAILURE
java.lang.ClassCastException: org.apache.hadoop.ozone.om.helpers.OmKeyInfo cannot be cast to org.apache.hadoop.ozone.om.helpers.OzoneFileStatus
	at org.apache.hadoop.ozone.om.KeyManagerImpl.listStatus(KeyManagerImpl.java:2010) ~[hadoop-ozone-ozone-manager-0.5.0-SNAPSHOT.jar:?]
	at org.apache.hadoop.ozone.om.OzoneManager.listStatus(OzoneManager.java:2871) ~[hadoop-ozone-ozone-manager-0.5.0-SNAPSHOT.jar:?]
	at org.apache.hadoop.ozone.protocolPB.OzoneManagerRequestHandler.listStatus(OzoneManagerRequestHandler.java:1118) ~[hadoop-ozone-ozone-manager-0.5.0-SNAPSHOT.jar:?]
	at org.apache.hadoop.ozone.protocolPB.OzoneManagerRequestHandler.handle(OzoneManagerRequestHandler.java:358) ~[hadoop-ozone-ozone-manager-0.5.0-SNAPSHOT.jar:?]
	at org.apache.hadoop.ozone.protocolPB.OzoneManagerProtocolServerSideTranslatorPB.submitRequestDirectlyToOM(OzoneManagerProtocolServerSideTranslatorPB.java:208) ~[hadoop-ozone-ozone-manager-0.5.0-SNAPSHOT.jar:?]
	at org.apache.hadoop.ozone.protocolPB.OzoneManagerProtocolServerSideTranslatorPB.processRequest(OzoneManagerProtocolServerSideTranslatorPB.java:132) ~[hadoop-ozone-ozone-manager-0.5.0-SNAPSHOT.jar:?]
	at org.apache.hadoop.hdds.server.OzoneProtocolMessageDispatcher.processRequest(OzoneProtocolMessageDispatcher.java:72) [hadoop-hdds-server-framework-0.5.0-SNAPSHOT.jar:?]
	at org.apache.hadoop.ozone.protocolPB.OzoneManagerProtocolServerSideTranslatorPB.submitRequest(OzoneManagerProtocolServerSideTranslatorPB.java:100) [hadoop-ozone-ozone-manager-0.5.0-SNAPSHOT.jar:?]
	at org.apache.hadoop.ozone.protocol.proto.OzoneManagerProtocolProtos$OzoneManagerService$2.callBlockingMethod(OzoneManagerProtocolProtos.java) [hadoop-ozone-common-0.5.0-SNAPSHOT.jar:?]
	at org.apache.hadoop.ipc.ProtobufRpcEngine$Server$ProtoBufRpcInvoker.call(ProtobufRpcEngine.java:524) [hadoop-common-3.2.0.jar:?]
	at org.apache.hadoop.ipc.RPC$Server.call(RPC.java:1025) [hadoop-common-3.2.0.jar:?]
	at org.apache.hadoop.ipc.Server$RpcCall.run(Server.java:876) [hadoop-common-3.2.0.jar:?]
	at org.apache.hadoop.ipc.Server$RpcCall.run(Server.java:822) [hadoop-common-3.2.0.jar:?]
	at java.security.AccessController.doPrivileged(Native Method) [?:1.8.0_222]
	at javax.security.auth.Subject.doAs(Subject.java:422) [?:1.8.0_222]
	at org.apache.hadoop.security.UserGroupInformation.doAs(UserGroupInformation.java:1730) [hadoop-common-3.2.0.jar:?]
	at org.apache.hadoop.ipc.Server$Handler.run(Server.java:2682) [hadoop-common-3.2.0.jar:?]
2019-10-30 22:12:30,650 [IPC Server handler 7 on 36426] WARN  ipc.Server (Server.java:logException(2724)) - IPC Server handler 7 on 36426, call Call#244 Retry#6 org.apache.hadoop.ozone.om.protocol.OzoneManagerProtocol.submitRequest from 127.0.0.1:33472
java.lang.ClassCastException: org.apache.hadoop.ozone.om.helpers.OmKeyInfo cannot be cast to org.apache.hadoop.ozone.om.helpers.OzoneFileStatus
	at org.apache.hadoop.ozone.om.KeyManagerImpl.listStatus(KeyManagerImpl.java:2010)
	at org.apache.hadoop.ozone.om.OzoneManager.listStatus(OzoneManager.java:2871)
	at org.apache.hadoop.ozone.protocolPB.OzoneManagerRequestHandler.listStatus(OzoneManagerRequestHandler.java:1118)
	at org.apache.hadoop.ozone.protocolPB.OzoneManagerRequestHandler.handle(OzoneManagerRequestHandler.java:358)
	at org.apache.hadoop.ozone.protocolPB.OzoneManagerProtocolServerSideTranslatorPB.submitRequestDirectlyToOM(OzoneManagerProtocolServerSideTranslatorPB.java:208)
	at org.apache.hadoop.ozone.protocolPB.OzoneManagerProtocolServerSideTranslatorPB.processRequest(OzoneManagerProtocolServerSideTranslatorPB.java:132)
	at org.apache.hadoop.hdds.server.OzoneProtocolMessageDispatcher.processRequest(OzoneProtocolMessageDispatcher.java:72)
	at org.apache.hadoop.ozone.protocolPB.OzoneManagerProtocolServerSideTranslatorPB.submitRequest(OzoneManagerProtocolServerSideTranslatorPB.java:100)
	at org.apache.hadoop.ozone.protocol.proto.OzoneManagerProtocolProtos$OzoneManagerService$2.callBlockingMethod(OzoneManagerProtocolProtos.java)
	at org.apache.hadoop.ipc.ProtobufRpcEngine$Server$ProtoBufRpcInvoker.call(ProtobufRpcEngine.java:524)
	at org.apache.hadoop.ipc.RPC$Server.call(RPC.java:1025)
	at org.apache.hadoop.ipc.Server$RpcCall.run(Server.java:876)
	at org.apache.hadoop.ipc.Server$RpcCall.run(Server.java:822)
	at java.security.AccessController.doPrivileged(Native Method)
	at javax.security.auth.Subject.doAs(Subject.java:422)
	at org.apache.hadoop.security.UserGroupInformation.doAs(UserGroupInformation.java:1730)
	at org.apache.hadoop.ipc.Server$Handler.run(Server.java:2682)
2019-10-30 22:12:30,652 [Thread-1309] INFO  retry.RetryInvocationHandler (RetryInvocationHandler.java:log(411)) - com.google.protobuf.ServiceException: org.apache.hadoop.ipc.RemoteException(java.lang.ClassCastException): org.apache.hadoop.ozone.om.helpers.OmKeyInfo cannot be cast to org.apache.hadoop.ozone.om.helpers.OzoneFileStatus
	at org.apache.hadoop.ozone.om.KeyManagerImpl.listStatus(KeyManagerImpl.java:2010)
	at org.apache.hadoop.ozone.om.OzoneManager.listStatus(OzoneManager.java:2871)
	at org.apache.hadoop.ozone.protocolPB.OzoneManagerRequestHandler.listStatus(OzoneManagerRequestHandler.java:1118)
	at org.apache.hadoop.ozone.protocolPB.OzoneManagerRequestHandler.handle(OzoneManagerRequestHandler.java:358)
	at org.apache.hadoop.ozone.protocolPB.OzoneManagerProtocolServerSideTranslatorPB.submitRequestDirectlyToOM(OzoneManagerProtocolServerSideTranslatorPB.java:208)
	at org.apache.hadoop.ozone.protocolPB.OzoneManagerProtocolServerSideTranslatorPB.processRequest(OzoneManagerProtocolServerSideTranslatorPB.java:132)
	at org.apache.hadoop.hdds.server.OzoneProtocolMessageDispatcher.processRequest(OzoneProtocolMessageDispatcher.java:72)
	at org.apache.hadoop.ozone.protocolPB.OzoneManagerProtocolServerSideTranslatorPB.submitRequest(OzoneManagerProtocolServerSideTranslatorPB.java:100)
	at org.apache.hadoop.ozone.protocol.proto.OzoneManagerProtocolProtos$OzoneManagerService$2.callBlockingMethod(OzoneManagerProtocolProtos.java)
	at org.apache.hadoop.ipc.ProtobufRpcEngine$Server$ProtoBufRpcInvoker.call(ProtobufRpcEngine.java:524)
	at org.apache.hadoop.ipc.RPC$Server.call(RPC.java:1025)
	at org.apache.hadoop.ipc.Server$RpcCall.run(Server.java:876)
	at org.apache.hadoop.ipc.Server$RpcCall.run(Server.java:822)
	at java.security.AccessController.doPrivileged(Native Method)
	at javax.security.auth.Subject.doAs(Subject.java:422)
	at org.apache.hadoop.security.UserGroupInformation.doAs(UserGroupInformation.java:1730)
	at org.apache.hadoop.ipc.Server$Handler.run(Server.java:2682)
, while invoking $Proxy37.submitRequest over nodeId=null,nodeAddress=localhost:36426 after 6 failover attempts. Trying to failover immediately.
22:12:30.654 [IPC Server handler 8 on 36426] ERROR OMAudit - user=jenkins1000 | ip=127.0.0.1 | op=LIST_STATUS {volume=volume07918, bucket=bucket87945, key=source/interimPath, dataSize=0, replicationType=null, replicationFactor=null, keyLocationInfo=null} | ret=FAILURE
java.lang.ClassCastException: org.apache.hadoop.ozone.om.helpers.OmKeyInfo cannot be cast to org.apache.hadoop.ozone.om.helpers.OzoneFileStatus
	at org.apache.hadoop.ozone.om.KeyManagerImpl.listStatus(KeyManagerImpl.java:2010) ~[hadoop-ozone-ozone-manager-0.5.0-SNAPSHOT.jar:?]
	at org.apache.hadoop.ozone.om.OzoneManager.listStatus(OzoneManager.java:2871) ~[hadoop-ozone-ozone-manager-0.5.0-SNAPSHOT.jar:?]
	at org.apache.hadoop.ozone.protocolPB.OzoneManagerRequestHandler.listStatus(OzoneManagerRequestHandler.java:1118) ~[hadoop-ozone-ozone-manager-0.5.0-SNAPSHOT.jar:?]
	at org.apache.hadoop.ozone.protocolPB.OzoneManagerRequestHandler.handle(OzoneManagerRequestHandler.java:358) ~[hadoop-ozone-ozone-manager-0.5.0-SNAPSHOT.jar:?]
	at org.apache.hadoop.ozone.protocolPB.OzoneManagerProtocolServerSideTranslatorPB.submitRequestDirectlyToOM(OzoneManagerProtocolServerSideTranslatorPB.java:208) ~[hadoop-ozone-ozone-manager-0.5.0-SNAPSHOT.jar:?]
	at org.apache.hadoop.ozone.protocolPB.OzoneManagerProtocolServerSideTranslatorPB.processRequest(OzoneManagerProtocolServerSideTranslatorPB.java:132) ~[hadoop-ozone-ozone-manager-0.5.0-SNAPSHOT.jar:?]
	at org.apache.hadoop.hdds.server.OzoneProtocolMessageDispatcher.processRequest(OzoneProtocolMessageDispatcher.java:72) [hadoop-hdds-server-framework-0.5.0-SNAPSHOT.jar:?]
	at org.apache.hadoop.ozone.protocolPB.OzoneManagerProtocolServerSideTranslatorPB.submitRequest(OzoneManagerProtocolServerSideTranslatorPB.java:100) [hadoop-ozone-ozone-manager-0.5.0-SNAPSHOT.jar:?]
	at org.apache.hadoop.ozone.protocol.proto.OzoneManagerProtocolProtos$OzoneManagerService$2.callBlockingMethod(OzoneManagerProtocolProtos.java) [hadoop-ozone-common-0.5.0-SNAPSHOT.jar:?]
	at org.apache.hadoop.ipc.ProtobufRpcEngine$Server$ProtoBufRpcInvoker.call(ProtobufRpcEngine.java:524) [hadoop-common-3.2.0.jar:?]
	at org.apache.hadoop.ipc.RPC$Server.call(RPC.java:1025) [hadoop-common-3.2.0.jar:?]
	at org.apache.hadoop.ipc.Server$RpcCall.run(Server.java:876) [hadoop-common-3.2.0.jar:?]
	at org.apache.hadoop.ipc.Server$RpcCall.run(Server.java:822) [hadoop-common-3.2.0.jar:?]
	at java.security.AccessController.doPrivileged(Native Method) [?:1.8.0_222]
	at javax.security.auth.Subject.doAs(Subject.java:422) [?:1.8.0_222]
	at org.apache.hadoop.security.UserGroupInformation.doAs(UserGroupInformation.java:1730) [hadoop-common-3.2.0.jar:?]
	at org.apache.hadoop.ipc.Server$Handler.run(Server.java:2682) [hadoop-common-3.2.0.jar:?]
2019-10-30 22:12:30,655 [IPC Server handler 8 on 36426] WARN  ipc.Server (Server.java:logException(2724)) - IPC Server handler 8 on 36426, call Call#244 Retry#7 org.apache.hadoop.ozone.om.protocol.OzoneManagerProtocol.submitRequest from 127.0.0.1:33472
java.lang.ClassCastException: org.apache.hadoop.ozone.om.helpers.OmKeyInfo cannot be cast to org.apache.hadoop.ozone.om.helpers.OzoneFileStatus
	at org.apache.hadoop.ozone.om.KeyManagerImpl.listStatus(KeyManagerImpl.java:2010)
	at org.apache.hadoop.ozone.om.OzoneManager.listStatus(OzoneManager.java:2871)
	at org.apache.hadoop.ozone.protocolPB.OzoneManagerRequestHandler.listStatus(OzoneManagerRequestHandler.java:1118)
	at org.apache.hadoop.ozone.protocolPB.OzoneManagerRequestHandler.handle(OzoneManagerRequestHandler.java:358)
	at org.apache.hadoop.ozone.protocolPB.OzoneManagerProtocolServerSideTranslatorPB.submitRequestDirectlyToOM(OzoneManagerProtocolServerSideTranslatorPB.java:208)
	at org.apache.hadoop.ozone.protocolPB.OzoneManagerProtocolServerSideTranslatorPB.processRequest(OzoneManagerProtocolServerSideTranslatorPB.java:132)
	at org.apache.hadoop.hdds.server.OzoneProtocolMessageDispatcher.processRequest(OzoneProtocolMessageDispatcher.java:72)
	at org.apache.hadoop.ozone.protocolPB.OzoneManagerProtocolServerSideTranslatorPB.submitRequest(OzoneManagerProtocolServerSideTranslatorPB.java:100)
	at org.apache.hadoop.ozone.protocol.proto.OzoneManagerProtocolProtos$OzoneManagerService$2.callBlockingMethod(OzoneManagerProtocolProtos.java)
	at org.apache.hadoop.ipc.ProtobufRpcEngine$Server$ProtoBufRpcInvoker.call(ProtobufRpcEngine.java:524)
	at org.apache.hadoop.ipc.RPC$Server.call(RPC.java:1025)
	at org.apache.hadoop.ipc.Server$RpcCall.run(Server.java:876)
	at org.apache.hadoop.ipc.Server$RpcCall.run(Server.java:822)
	at java.security.AccessController.doPrivileged(Native Method)
	at javax.security.auth.Subject.doAs(Subject.java:422)
	at org.apache.hadoop.security.UserGroupInformation.doAs(UserGroupInformation.java:1730)
	at org.apache.hadoop.ipc.Server$Handler.run(Server.java:2682)
2019-10-30 22:12:30,657 [Thread-1309] INFO  retry.RetryInvocationHandler (RetryInvocationHandler.java:log(411)) - com.google.protobuf.ServiceException: org.apache.hadoop.ipc.RemoteException(java.lang.ClassCastException): org.apache.hadoop.ozone.om.helpers.OmKeyInfo cannot be cast to org.apache.hadoop.ozone.om.helpers.OzoneFileStatus
	at org.apache.hadoop.ozone.om.KeyManagerImpl.listStatus(KeyManagerImpl.java:2010)
	at org.apache.hadoop.ozone.om.OzoneManager.listStatus(OzoneManager.java:2871)
	at org.apache.hadoop.ozone.protocolPB.OzoneManagerRequestHandler.listStatus(OzoneManagerRequestHandler.java:1118)
	at org.apache.hadoop.ozone.protocolPB.OzoneManagerRequestHandler.handle(OzoneManagerRequestHandler.java:358)
	at org.apache.hadoop.ozone.protocolPB.OzoneManagerProtocolServerSideTranslatorPB.submitRequestDirectlyToOM(OzoneManagerProtocolServerSideTranslatorPB.java:208)
	at org.apache.hadoop.ozone.protocolPB.OzoneManagerProtocolServerSideTranslatorPB.processRequest(OzoneManagerProtocolServerSideTranslatorPB.java:132)
	at org.apache.hadoop.hdds.server.OzoneProtocolMessageDispatcher.processRequest(OzoneProtocolMessageDispatcher.java:72)
	at org.apache.hadoop.ozone.protocolPB.OzoneManagerProtocolServerSideTranslatorPB.submitRequest(OzoneManagerProtocolServerSideTranslatorPB.java:100)
	at org.apache.hadoop.ozone.protocol.proto.OzoneManagerProtocolProtos$OzoneManagerService$2.callBlockingMethod(OzoneManagerProtocolProtos.java)
	at org.apache.hadoop.ipc.ProtobufRpcEngine$Server$ProtoBufRpcInvoker.call(ProtobufRpcEngine.java:524)
	at org.apache.hadoop.ipc.RPC$Server.call(RPC.java:1025)
	at org.apache.hadoop.ipc.Server$RpcCall.run(Server.java:876)
	at org.apache.hadoop.ipc.Server$RpcCall.run(Server.java:822)
	at java.security.AccessController.doPrivileged(Native Method)
	at javax.security.auth.Subject.doAs(Subject.java:422)
	at org.apache.hadoop.security.UserGroupInformation.doAs(UserGroupInformation.java:1730)
	at org.apache.hadoop.ipc.Server$Handler.run(Server.java:2682)
, while invoking $Proxy37.submitRequest over nodeId=null,nodeAddress=localhost:36426 after 7 failover attempts. Trying to failover immediately.
22:12:30.659 [IPC Server handler 9 on 36426] ERROR OMAudit - user=jenkins1000 | ip=127.0.0.1 | op=LIST_STATUS {volume=volume07918, bucket=bucket87945, key=source/interimPath, dataSize=0, replicationType=null, replicationFactor=null, keyLocationInfo=null} | ret=FAILURE
java.lang.ClassCastException: org.apache.hadoop.ozone.om.helpers.OmKeyInfo cannot be cast to org.apache.hadoop.ozone.om.helpers.OzoneFileStatus
	at org.apache.hadoop.ozone.om.KeyManagerImpl.listStatus(KeyManagerImpl.java:2010) ~[hadoop-ozone-ozone-manager-0.5.0-SNAPSHOT.jar:?]
	at org.apache.hadoop.ozone.om.OzoneManager.listStatus(OzoneManager.java:2871) ~[hadoop-ozone-ozone-manager-0.5.0-SNAPSHOT.jar:?]
	at org.apache.hadoop.ozone.protocolPB.OzoneManagerRequestHandler.listStatus(OzoneManagerRequestHandler.java:1118) ~[hadoop-ozone-ozone-manager-0.5.0-SNAPSHOT.jar:?]
	at org.apache.hadoop.ozone.protocolPB.OzoneManagerRequestHandler.handle(OzoneManagerRequestHandler.java:358) ~[hadoop-ozone-ozone-manager-0.5.0-SNAPSHOT.jar:?]
	at org.apache.hadoop.ozone.protocolPB.OzoneManagerProtocolServerSideTranslatorPB.submitRequestDirectlyToOM(OzoneManagerProtocolServerSideTranslatorPB.java:208) ~[hadoop-ozone-ozone-manager-0.5.0-SNAPSHOT.jar:?]
	at org.apache.hadoop.ozone.protocolPB.OzoneManagerProtocolServerSideTranslatorPB.processRequest(OzoneManagerProtocolServerSideTranslatorPB.java:132) ~[hadoop-ozone-ozone-manager-0.5.0-SNAPSHOT.jar:?]
	at org.apache.hadoop.hdds.server.OzoneProtocolMessageDispatcher.processRequest(OzoneProtocolMessageDispatcher.java:72) [hadoop-hdds-server-framework-0.5.0-SNAPSHOT.jar:?]
	at org.apache.hadoop.ozone.protocolPB.OzoneManagerProtocolServerSideTranslatorPB.submitRequest(OzoneManagerProtocolServerSideTranslatorPB.java:100) [hadoop-ozone-ozone-manager-0.5.0-SNAPSHOT.jar:?]
	at org.apache.hadoop.ozone.protocol.proto.OzoneManagerProtocolProtos$OzoneManagerService$2.callBlockingMethod(OzoneManagerProtocolProtos.java) [hadoop-ozone-common-0.5.0-SNAPSHOT.jar:?]
	at org.apache.hadoop.ipc.ProtobufRpcEngine$Server$ProtoBufRpcInvoker.call(ProtobufRpcEngine.java:524) [hadoop-common-3.2.0.jar:?]
	at org.apache.hadoop.ipc.RPC$Server.call(RPC.java:1025) [hadoop-common-3.2.0.jar:?]
	at org.apache.hadoop.ipc.Server$RpcCall.run(Server.java:876) [hadoop-common-3.2.0.jar:?]
	at org.apache.hadoop.ipc.Server$RpcCall.run(Server.java:822) [hadoop-common-3.2.0.jar:?]
	at java.security.AccessController.doPrivileged(Native Method) [?:1.8.0_222]
	at javax.security.auth.Subject.doAs(Subject.java:422) [?:1.8.0_222]
	at org.apache.hadoop.security.UserGroupInformation.doAs(UserGroupInformation.java:1730) [hadoop-common-3.2.0.jar:?]
	at org.apache.hadoop.ipc.Server$Handler.run(Server.java:2682) [hadoop-common-3.2.0.jar:?]
2019-10-30 22:12:30,660 [IPC Server handler 9 on 36426] WARN  ipc.Server (Server.java:logException(2724)) - IPC Server handler 9 on 36426, call Call#244 Retry#8 org.apache.hadoop.ozone.om.protocol.OzoneManagerProtocol.submitRequest from 127.0.0.1:33472
java.lang.ClassCastException: org.apache.hadoop.ozone.om.helpers.OmKeyInfo cannot be cast to org.apache.hadoop.ozone.om.helpers.OzoneFileStatus
	at org.apache.hadoop.ozone.om.KeyManagerImpl.listStatus(KeyManagerImpl.java:2010)
	at org.apache.hadoop.ozone.om.OzoneManager.listStatus(OzoneManager.java:2871)
	at org.apache.hadoop.ozone.protocolPB.OzoneManagerRequestHandler.listStatus(OzoneManagerRequestHandler.java:1118)
	at org.apache.hadoop.ozone.protocolPB.OzoneManagerRequestHandler.handle(OzoneManagerRequestHandler.java:358)
	at org.apache.hadoop.ozone.protocolPB.OzoneManagerProtocolServerSideTranslatorPB.submitRequestDirectlyToOM(OzoneManagerProtocolServerSideTranslatorPB.java:208)
	at org.apache.hadoop.ozone.protocolPB.OzoneManagerProtocolServerSideTranslatorPB.processRequest(OzoneManagerProtocolServerSideTranslatorPB.java:132)
	at org.apache.hadoop.hdds.server.OzoneProtocolMessageDispatcher.processRequest(OzoneProtocolMessageDispatcher.java:72)
	at org.apache.hadoop.ozone.protocolPB.OzoneManagerProtocolServerSideTranslatorPB.submitRequest(OzoneManagerProtocolServerSideTranslatorPB.java:100)
	at org.apache.hadoop.ozone.protocol.proto.OzoneManagerProtocolProtos$OzoneManagerService$2.callBlockingMethod(OzoneManagerProtocolProtos.java)
	at org.apache.hadoop.ipc.ProtobufRpcEngine$Server$ProtoBufRpcInvoker.call(ProtobufRpcEngine.java:524)
	at org.apache.hadoop.ipc.RPC$Server.call(RPC.java:1025)
	at org.apache.hadoop.ipc.Server$RpcCall.run(Server.java:876)
	at org.apache.hadoop.ipc.Server$RpcCall.run(Server.java:822)
	at java.security.AccessController.doPrivileged(Native Method)
	at javax.security.auth.Subject.doAs(Subject.java:422)
	at org.apache.hadoop.security.UserGroupInformation.doAs(UserGroupInformation.java:1730)
	at org.apache.hadoop.ipc.Server$Handler.run(Server.java:2682)
2019-10-30 22:12:30,662 [Thread-1309] INFO  retry.RetryInvocationHandler (RetryInvocationHandler.java:log(411)) - com.google.protobuf.ServiceException: org.apache.hadoop.ipc.RemoteException(java.lang.ClassCastException): org.apache.hadoop.ozone.om.helpers.OmKeyInfo cannot be cast to org.apache.hadoop.ozone.om.helpers.OzoneFileStatus
	at org.apache.hadoop.ozone.om.KeyManagerImpl.listStatus(KeyManagerImpl.java:2010)
	at org.apache.hadoop.ozone.om.OzoneManager.listStatus(OzoneManager.java:2871)
	at org.apache.hadoop.ozone.protocolPB.OzoneManagerRequestHandler.listStatus(OzoneManagerRequestHandler.java:1118)
	at org.apache.hadoop.ozone.protocolPB.OzoneManagerRequestHandler.handle(OzoneManagerRequestHandler.java:358)
	at org.apache.hadoop.ozone.protocolPB.OzoneManagerProtocolServerSideTranslatorPB.submitRequestDirectlyToOM(OzoneManagerProtocolServerSideTranslatorPB.java:208)
	at org.apache.hadoop.ozone.protocolPB.OzoneManagerProtocolServerSideTranslatorPB.processRequest(OzoneManagerProtocolServerSideTranslatorPB.java:132)
	at org.apache.hadoop.hdds.server.OzoneProtocolMessageDispatcher.processRequest(OzoneProtocolMessageDispatcher.java:72)
	at org.apache.hadoop.ozone.protocolPB.OzoneManagerProtocolServerSideTranslatorPB.submitRequest(OzoneManagerProtocolServerSideTranslatorPB.java:100)
	at org.apache.hadoop.ozone.protocol.proto.OzoneManagerProtocolProtos$OzoneManagerService$2.callBlockingMethod(OzoneManagerProtocolProtos.java)
	at org.apache.hadoop.ipc.ProtobufRpcEngine$Server$ProtoBufRpcInvoker.call(ProtobufRpcEngine.java:524)
	at org.apache.hadoop.ipc.RPC$Server.call(RPC.java:1025)
	at org.apache.hadoop.ipc.Server$RpcCall.run(Server.java:876)
	at org.apache.hadoop.ipc.Server$RpcCall.run(Server.java:822)
	at java.security.AccessController.doPrivileged(Native Method)
	at javax.security.auth.Subject.doAs(Subject.java:422)
	at org.apache.hadoop.security.UserGroupInformation.doAs(UserGroupInformation.java:1730)
	at org.apache.hadoop.ipc.Server$Handler.run(Server.java:2682)
, while invoking $Proxy37.submitRequest over nodeId=null,nodeAddress=localhost:36426 after 8 failover attempts. Trying to failover immediately.
22:12:30.664 [IPC Server handler 10 on 36426] ERROR OMAudit - user=jenkins1000 | ip=127.0.0.1 | op=LIST_STATUS {volume=volume07918, bucket=bucket87945, key=source/interimPath, dataSize=0, replicationType=null, replicationFactor=null, keyLocationInfo=null} | ret=FAILURE
java.lang.ClassCastException: org.apache.hadoop.ozone.om.helpers.OmKeyInfo cannot be cast to org.apache.hadoop.ozone.om.helpers.OzoneFileStatus
	at org.apache.hadoop.ozone.om.KeyManagerImpl.listStatus(KeyManagerImpl.java:2010) ~[hadoop-ozone-ozone-manager-0.5.0-SNAPSHOT.jar:?]
	at org.apache.hadoop.ozone.om.OzoneManager.listStatus(OzoneManager.java:2871) ~[hadoop-ozone-ozone-manager-0.5.0-SNAPSHOT.jar:?]
	at org.apache.hadoop.ozone.protocolPB.OzoneManagerRequestHandler.listStatus(OzoneManagerRequestHandler.java:1118) ~[hadoop-ozone-ozone-manager-0.5.0-SNAPSHOT.jar:?]
	at org.apache.hadoop.ozone.protocolPB.OzoneManagerRequestHandler.handle(OzoneManagerRequestHandler.java:358) ~[hadoop-ozone-ozone-manager-0.5.0-SNAPSHOT.jar:?]
	at org.apache.hadoop.ozone.protocolPB.OzoneManagerProtocolServerSideTranslatorPB.submitRequestDirectlyToOM(OzoneManagerProtocolServerSideTranslatorPB.java:208) ~[hadoop-ozone-ozone-manager-0.5.0-SNAPSHOT.jar:?]
	at org.apache.hadoop.ozone.protocolPB.OzoneManagerProtocolServerSideTranslatorPB.processRequest(OzoneManagerProtocolServerSideTranslatorPB.java:132) ~[hadoop-ozone-ozone-manager-0.5.0-SNAPSHOT.jar:?]
	at org.apache.hadoop.hdds.server.OzoneProtocolMessageDispatcher.processRequest(OzoneProtocolMessageDispatcher.java:72) [hadoop-hdds-server-framework-0.5.0-SNAPSHOT.jar:?]
	at org.apache.hadoop.ozone.protocolPB.OzoneManagerProtocolServerSideTranslatorPB.submitRequest(OzoneManagerProtocolServerSideTranslatorPB.java:100) [hadoop-ozone-ozone-manager-0.5.0-SNAPSHOT.jar:?]
	at org.apache.hadoop.ozone.protocol.proto.OzoneManagerProtocolProtos$OzoneManagerService$2.callBlockingMethod(OzoneManagerProtocolProtos.java) [hadoop-ozone-common-0.5.0-SNAPSHOT.jar:?]
	at org.apache.hadoop.ipc.ProtobufRpcEngine$Server$ProtoBufRpcInvoker.call(ProtobufRpcEngine.java:524) [hadoop-common-3.2.0.jar:?]
	at org.apache.hadoop.ipc.RPC$Server.call(RPC.java:1025) [hadoop-common-3.2.0.jar:?]
	at org.apache.hadoop.ipc.Server$RpcCall.run(Server.java:876) [hadoop-common-3.2.0.jar:?]
	at org.apache.hadoop.ipc.Server$RpcCall.run(Server.java:822) [hadoop-common-3.2.0.jar:?]
	at java.security.AccessController.doPrivileged(Native Method) [?:1.8.0_222]
	at javax.security.auth.Subject.doAs(Subject.java:422) [?:1.8.0_222]
	at org.apache.hadoop.security.UserGroupInformation.doAs(UserGroupInformation.java:1730) [hadoop-common-3.2.0.jar:?]
	at org.apache.hadoop.ipc.Server$Handler.run(Server.java:2682) [hadoop-common-3.2.0.jar:?]
2019-10-30 22:12:30,664 [IPC Server handler 10 on 36426] WARN  ipc.Server (Server.java:logException(2724)) - IPC Server handler 10 on 36426, call Call#244 Retry#9 org.apache.hadoop.ozone.om.protocol.OzoneManagerProtocol.submitRequest from 127.0.0.1:33472
java.lang.ClassCastException: org.apache.hadoop.ozone.om.helpers.OmKeyInfo cannot be cast to org.apache.hadoop.ozone.om.helpers.OzoneFileStatus
	at org.apache.hadoop.ozone.om.KeyManagerImpl.listStatus(KeyManagerImpl.java:2010)
	at org.apache.hadoop.ozone.om.OzoneManager.listStatus(OzoneManager.java:2871)
	at org.apache.hadoop.ozone.protocolPB.OzoneManagerRequestHandler.listStatus(OzoneManagerRequestHandler.java:1118)
	at org.apache.hadoop.ozone.protocolPB.OzoneManagerRequestHandler.handle(OzoneManagerRequestHandler.java:358)
	at org.apache.hadoop.ozone.protocolPB.OzoneManagerProtocolServerSideTranslatorPB.submitRequestDirectlyToOM(OzoneManagerProtocolServerSideTranslatorPB.java:208)
	at org.apache.hadoop.ozone.protocolPB.OzoneManagerProtocolServerSideTranslatorPB.processRequest(OzoneManagerProtocolServerSideTranslatorPB.java:132)
	at org.apache.hadoop.hdds.server.OzoneProtocolMessageDispatcher.processRequest(OzoneProtocolMessageDispatcher.java:72)
	at org.apache.hadoop.ozone.protocolPB.OzoneManagerProtocolServerSideTranslatorPB.submitRequest(OzoneManagerProtocolServerSideTranslatorPB.java:100)
	at org.apache.hadoop.ozone.protocol.proto.OzoneManagerProtocolProtos$OzoneManagerService$2.callBlockingMethod(OzoneManagerProtocolProtos.java)
	at org.apache.hadoop.ipc.ProtobufRpcEngine$Server$ProtoBufRpcInvoker.call(ProtobufRpcEngine.java:524)
	at org.apache.hadoop.ipc.RPC$Server.call(RPC.java:1025)
	at org.apache.hadoop.ipc.Server$RpcCall.run(Server.java:876)
	at org.apache.hadoop.ipc.Server$RpcCall.run(Server.java:822)
	at java.security.AccessController.doPrivileged(Native Method)
	at javax.security.auth.Subject.doAs(Subject.java:422)
	at org.apache.hadoop.security.UserGroupInformation.doAs(UserGroupInformation.java:1730)
	at org.apache.hadoop.ipc.Server$Handler.run(Server.java:2682)
2019-10-30 22:12:30,666 [Thread-1309] INFO  retry.RetryInvocationHandler (RetryInvocationHandler.java:log(411)) - com.google.protobuf.ServiceException: org.apache.hadoop.ipc.RemoteException(java.lang.ClassCastException): org.apache.hadoop.ozone.om.helpers.OmKeyInfo cannot be cast to org.apache.hadoop.ozone.om.helpers.OzoneFileStatus
	at org.apache.hadoop.ozone.om.KeyManagerImpl.listStatus(KeyManagerImpl.java:2010)
	at org.apache.hadoop.ozone.om.OzoneManager.listStatus(OzoneManager.java:2871)
	at org.apache.hadoop.ozone.protocolPB.OzoneManagerRequestHandler.listStatus(OzoneManagerRequestHandler.java:1118)
	at org.apache.hadoop.ozone.protocolPB.OzoneManagerRequestHandler.handle(OzoneManagerRequestHandler.java:358)
	at org.apache.hadoop.ozone.protocolPB.OzoneManagerProtocolServerSideTranslatorPB.submitRequestDirectlyToOM(OzoneManagerProtocolServerSideTranslatorPB.java:208)
	at org.apache.hadoop.ozone.protocolPB.OzoneManagerProtocolServerSideTranslatorPB.processRequest(OzoneManagerProtocolServerSideTranslatorPB.java:132)
	at org.apache.hadoop.hdds.server.OzoneProtocolMessageDispatcher.processRequest(OzoneProtocolMessageDispatcher.java:72)
	at org.apache.hadoop.ozone.protocolPB.OzoneManagerProtocolServerSideTranslatorPB.submitRequest(OzoneManagerProtocolServerSideTranslatorPB.java:100)
	at org.apache.hadoop.ozone.protocol.proto.OzoneManagerProtocolProtos$OzoneManagerService$2.callBlockingMethod(OzoneManagerProtocolProtos.java)
	at org.apache.hadoop.ipc.ProtobufRpcEngine$Server$ProtoBufRpcInvoker.call(ProtobufRpcEngine.java:524)
	at org.apache.hadoop.ipc.RPC$Server.call(RPC.java:1025)
	at org.apache.hadoop.ipc.Server$RpcCall.run(Server.java:876)
	at org.apache.hadoop.ipc.Server$RpcCall.run(Server.java:822)
	at java.security.AccessController.doPrivileged(Native Method)
	at javax.security.auth.Subject.doAs(Subject.java:422)
	at org.apache.hadoop.security.UserGroupInformation.doAs(UserGroupInformation.java:1730)
	at org.apache.hadoop.ipc.Server$Handler.run(Server.java:2682)
, while invoking $Proxy37.submitRequest over nodeId=null,nodeAddress=localhost:36426 after 9 failover attempts. Trying to failover immediately.
22:12:30.668 [IPC Server handler 12 on 36426] ERROR OMAudit - user=jenkins1000 | ip=127.0.0.1 | op=LIST_STATUS {volume=volume07918, bucket=bucket87945, key=source/interimPath, dataSize=0, replicationType=null, replicationFactor=null, keyLocationInfo=null} | ret=FAILURE
java.lang.ClassCastException: org.apache.hadoop.ozone.om.helpers.OmKeyInfo cannot be cast to org.apache.hadoop.ozone.om.helpers.OzoneFileStatus
	at org.apache.hadoop.ozone.om.KeyManagerImpl.listStatus(KeyManagerImpl.java:2010) ~[hadoop-ozone-ozone-manager-0.5.0-SNAPSHOT.jar:?]
	at org.apache.hadoop.ozone.om.OzoneManager.listStatus(OzoneManager.java:2871) ~[hadoop-ozone-ozone-manager-0.5.0-SNAPSHOT.jar:?]
	at org.apache.hadoop.ozone.protocolPB.OzoneManagerRequestHandler.listStatus(OzoneManagerRequestHandler.java:1118) ~[hadoop-ozone-ozone-manager-0.5.0-SNAPSHOT.jar:?]
	at org.apache.hadoop.ozone.protocolPB.OzoneManagerRequestHandler.handle(OzoneManagerRequestHandler.java:358) ~[hadoop-ozone-ozone-manager-0.5.0-SNAPSHOT.jar:?]
	at org.apache.hadoop.ozone.protocolPB.OzoneManagerProtocolServerSideTranslatorPB.submitRequestDirectlyToOM(OzoneManagerProtocolServerSideTranslatorPB.java:208) ~[hadoop-ozone-ozone-manager-0.5.0-SNAPSHOT.jar:?]
	at org.apache.hadoop.ozone.protocolPB.OzoneManagerProtocolServerSideTranslatorPB.processRequest(OzoneManagerProtocolServerSideTranslatorPB.java:132) ~[hadoop-ozone-ozone-manager-0.5.0-SNAPSHOT.jar:?]
	at org.apache.hadoop.hdds.server.OzoneProtocolMessageDispatcher.processRequest(OzoneProtocolMessageDispatcher.java:72) [hadoop-hdds-server-framework-0.5.0-SNAPSHOT.jar:?]
	at org.apache.hadoop.ozone.protocolPB.OzoneManagerProtocolServerSideTranslatorPB.submitRequest(OzoneManagerProtocolServerSideTranslatorPB.java:100) [hadoop-ozone-ozone-manager-0.5.0-SNAPSHOT.jar:?]
	at org.apache.hadoop.ozone.protocol.proto.OzoneManagerProtocolProtos$OzoneManagerService$2.callBlockingMethod(OzoneManagerProtocolProtos.java) [hadoop-ozone-common-0.5.0-SNAPSHOT.jar:?]
	at org.apache.hadoop.ipc.ProtobufRpcEngine$Server$ProtoBufRpcInvoker.call(ProtobufRpcEngine.java:524) [hadoop-common-3.2.0.jar:?]
	at org.apache.hadoop.ipc.RPC$Server.call(RPC.java:1025) [hadoop-common-3.2.0.jar:?]
	at org.apache.hadoop.ipc.Server$RpcCall.run(Server.java:876) [hadoop-common-3.2.0.jar:?]
	at org.apache.hadoop.ipc.Server$RpcCall.run(Server.java:822) [hadoop-common-3.2.0.jar:?]
	at java.security.AccessController.doPrivileged(Native Method) [?:1.8.0_222]
	at javax.security.auth.Subject.doAs(Subject.java:422) [?:1.8.0_222]
	at org.apache.hadoop.security.UserGroupInformation.doAs(UserGroupInformation.java:1730) [hadoop-common-3.2.0.jar:?]
	at org.apache.hadoop.ipc.Server$Handler.run(Server.java:2682) [hadoop-common-3.2.0.jar:?]
2019-10-30 22:12:30,668 [IPC Server handler 12 on 36426] WARN  ipc.Server (Server.java:logException(2724)) - IPC Server handler 12 on 36426, call Call#244 Retry#10 org.apache.hadoop.ozone.om.protocol.OzoneManagerProtocol.submitRequest from 127.0.0.1:33472
java.lang.ClassCastException: org.apache.hadoop.ozone.om.helpers.OmKeyInfo cannot be cast to org.apache.hadoop.ozone.om.helpers.OzoneFileStatus
	at org.apache.hadoop.ozone.om.KeyManagerImpl.listStatus(KeyManagerImpl.java:2010)
	at org.apache.hadoop.ozone.om.OzoneManager.listStatus(OzoneManager.java:2871)
	at org.apache.hadoop.ozone.protocolPB.OzoneManagerRequestHandler.listStatus(OzoneManagerRequestHandler.java:1118)
	at org.apache.hadoop.ozone.protocolPB.OzoneManagerRequestHandler.handle(OzoneManagerRequestHandler.java:358)
	at org.apache.hadoop.ozone.protocolPB.OzoneManagerProtocolServerSideTranslatorPB.submitRequestDirectlyToOM(OzoneManagerProtocolServerSideTranslatorPB.java:208)
	at org.apache.hadoop.ozone.protocolPB.OzoneManagerProtocolServerSideTranslatorPB.processRequest(OzoneManagerProtocolServerSideTranslatorPB.java:132)
	at org.apache.hadoop.hdds.server.OzoneProtocolMessageDispatcher.processRequest(OzoneProtocolMessageDispatcher.java:72)
	at org.apache.hadoop.ozone.protocolPB.OzoneManagerProtocolServerSideTranslatorPB.submitRequest(OzoneManagerProtocolServerSideTranslatorPB.java:100)
	at org.apache.hadoop.ozone.protocol.proto.OzoneManagerProtocolProtos$OzoneManagerService$2.callBlockingMethod(OzoneManagerProtocolProtos.java)
	at org.apache.hadoop.ipc.ProtobufRpcEngine$Server$ProtoBufRpcInvoker.call(ProtobufRpcEngine.java:524)
	at org.apache.hadoop.ipc.RPC$Server.call(RPC.java:1025)
	at org.apache.hadoop.ipc.Server$RpcCall.run(Server.java:876)
	at org.apache.hadoop.ipc.Server$RpcCall.run(Server.java:822)
	at java.security.AccessController.doPrivileged(Native Method)
	at javax.security.auth.Subject.doAs(Subject.java:422)
	at org.apache.hadoop.security.UserGroupInformation.doAs(UserGroupInformation.java:1730)
	at org.apache.hadoop.ipc.Server$Handler.run(Server.java:2682)
2019-10-30 22:12:30,670 [Thread-1309] ERROR ha.OMFailoverProxyProvider (OzoneManagerProtocolClientSideTranslatorPB.java:getRetryAction(268)) - Failed to connect to OM. Attempted 10 retries and 10 failovers
2019-10-30 22:12:30,672 [Thread-1309] INFO  ozone.MiniOzoneClusterImpl (MiniOzoneClusterImpl.java:shutdown(314)) - Shutting down the Mini Ozone Cluster
2019-10-30 22:12:30,672 [Thread-1309] INFO  ozone.MiniOzoneClusterImpl (MiniOzoneClusterImpl.java:stop(330)) - Stopping the Mini Ozone Cluster
2019-10-30 22:12:30,672 [Thread-1309] INFO  ozone.MiniOzoneClusterImpl (MiniOzoneClusterImpl.java:stopOM(400)) - Stopping the OzoneManager
2019-10-30 22:12:30,672 [Thread-1309] INFO  ipc.Server (Server.java:stop(3082)) - Stopping server on 36426
2019-10-30 22:12:30,675 [IPC Server listener on 36426] INFO  ipc.Server (Server.java:run(1185)) - Stopping IPC Server listener on 36426
2019-10-30 22:12:30,675 [Thread-1309] INFO  ratis.OzoneManagerDoubleBuffer (OzoneManagerDoubleBuffer.java:stop(256)) - Stopping OMDoubleBuffer flush thread
2019-10-30 22:12:30,675 [IPC Server Responder] INFO  ipc.Server (Server.java:run(1319)) - Stopping IPC Server Responder
2019-10-30 22:12:30,676 [OMDoubleBufferFlushThread] INFO  ratis.OzoneManagerDoubleBuffer (OzoneManagerDoubleBuffer.java:flushTransactions(199)) - OMDoubleBuffer flush thread OMDoubleBufferFlushThread is interrupted and will exit. OMDoubleBufferFlushThread
2019-10-30 22:12:30,676 [Thread-1309] INFO  utils.BackgroundService (BackgroundService.java:shutdown(151)) - Shutting down service KeyDeletingService
2019-10-30 22:12:30,678 [Thread-1309] INFO  handler.ContextHandler (ContextHandler.java:doStop(910)) - Stopped o.e.j.w.WebAppContext@48e3fe4{/,null,UNAVAILABLE}{/ozoneManager}
2019-10-30 22:12:30,679 [Thread-1309] INFO  server.AbstractConnector (AbstractConnector.java:doStop(318)) - Stopped ServerConnector@bfe0b94{HTTP/1.1,[http/1.1]}{0.0.0.0:0}
2019-10-30 22:12:30,679 [Thread-1309] INFO  handler.ContextHandler (ContextHandler.java:doStop(910)) - Stopped o.e.j.s.ServletContextHandler@59894531{/static,jar:file:/home/user/.m2/repository/org/apache/hadoop/hadoop-ozone-ozone-manager/0.5.0-SNAPSHOT/hadoop-ozone-ozone-manager-0.5.0-SNAPSHOT.jar!/webapps/static,UNAVAILABLE}
2019-10-30 22:12:30,679 [Thread-1309] INFO  handler.ContextHandler (ContextHandler.java:doStop(910)) - Stopped o.e.j.s.ServletContextHandler@6e9e47c7{/logs,file:///workdir/hadoop-ozone/ozonefs/target/log,UNAVAILABLE}
2019-10-30 22:12:30,682 [Thread-1309] INFO  ozone.MiniOzoneClusterImpl (MiniOzoneClusterImpl.java:stopDatanodes(377)) - Stopping the HddsDatanodes
2019-10-30 22:12:31,170 [Datanode State Machine Thread - 0] INFO  statemachine.DatanodeStateMachine (DatanodeStateMachine.java:lambda$startDaemon$0(350)) - Ozone container server started.
2019-10-30 22:12:31,244 [Datanode State Machine Thread - 0] INFO  statemachine.DatanodeStateMachine (DatanodeStateMachine.java:lambda$startDaemon$0(350)) - Ozone container server started.
2019-10-30 22:12:32,188 [Thread-1481] INFO  container.ReplicationManager (ReplicationManager.java:start(162)) - Starting Replication Monitor Thread.
2019-10-30 22:12:32,190 [ReplicationMonitor] INFO  container.ReplicationManager (ReplicationManager.java:run(225)) - Replication Monitor Thread took 0 milliseconds for processing 0 containers.
2019-10-30 22:12:34,255 [Thread-1483] INFO  impl.FollowerState (FollowerState.java:run(111)) - b4e30c52-69cc-49db-aa2a-8c09b7af5748@group-7CE9E47E4F44-FollowerState: change to CANDIDATE, lastRpcTime:5018ms, electionTimeout:5018ms
2019-10-30 22:12:34,255 [Thread-1483] INFO  impl.RoleInfo (RoleInfo.java:shutdownFollowerState(121)) - b4e30c52-69cc-49db-aa2a-8c09b7af5748: shutdown FollowerState
2019-10-30 22:12:34,256 [Thread-1483] INFO  impl.RaftServerImpl (RaftServerImpl.java:setRole(173)) - b4e30c52-69cc-49db-aa2a-8c09b7af5748@group-7CE9E47E4F44: changes role from  FOLLOWER to CANDIDATE at term 0 for changeToCandidate
2019-10-30 22:12:34,256 [Thread-1483] INFO  impl.RoleInfo (RoleInfo.java:updateAndGet(143)) - b4e30c52-69cc-49db-aa2a-8c09b7af5748: start LeaderElection
2019-10-30 22:12:34,274 [b4e30c52-69cc-49db-aa2a-8c09b7af5748@group-7CE9E47E4F44-LeaderElection32] INFO  impl.LeaderElection (LeaderElection.java:askForVotes(178)) - b4e30c52-69cc-49db-aa2a-8c09b7af5748@group-7CE9E47E4F44-LeaderElection32: begin an election at term 1 for -1: [b4e30c52-69cc-49db-aa2a-8c09b7af5748:192.168.157.212:41373], old=null
2019-10-30 22:12:34,274 [b4e30c52-69cc-49db-aa2a-8c09b7af5748@group-7CE9E47E4F44-LeaderElection32] INFO  impl.RoleInfo (RoleInfo.java:shutdownLeaderElection(134)) - b4e30c52-69cc-49db-aa2a-8c09b7af5748: shutdown LeaderElection
2019-10-30 22:12:34,274 [b4e30c52-69cc-49db-aa2a-8c09b7af5748@group-7CE9E47E4F44-LeaderElection32] INFO  impl.RaftServerImpl (RaftServerImpl.java:setRole(173)) - b4e30c52-69cc-49db-aa2a-8c09b7af5748@group-7CE9E47E4F44: changes role from CANDIDATE to LEADER at term 1 for changeToLeader
2019-10-30 22:12:34,274 [b4e30c52-69cc-49db-aa2a-8c09b7af5748@group-7CE9E47E4F44-LeaderElection32] INFO  impl.RaftServerImpl (ServerState.java:setLeader(255)) - b4e30c52-69cc-49db-aa2a-8c09b7af5748@group-7CE9E47E4F44: change Leader from null to b4e30c52-69cc-49db-aa2a-8c09b7af5748 at term 1 for becomeLeader, leader elected after 5041ms
2019-10-30 22:12:34,274 [b4e30c52-69cc-49db-aa2a-8c09b7af5748@group-7CE9E47E4F44-LeaderElection32] INFO  server.RaftServerConfigKeys (ConfUtils.java:logGet(43)) - raft.server.staging.catchup.gap = 1000 (default)
2019-10-30 22:12:34,275 [b4e30c52-69cc-49db-aa2a-8c09b7af5748@group-7CE9E47E4F44-LeaderElection32] INFO  server.RaftServerConfigKeys (ConfUtils.java:logGet(43)) - raft.server.rpc.sleep.time = 25ms (default)
2019-10-30 22:12:34,275 [b4e30c52-69cc-49db-aa2a-8c09b7af5748@group-7CE9E47E4F44-LeaderElection32] INFO  server.RaftServerConfigKeys (ConfUtils.java:logGet(43)) - raft.server.write.element-limit = 4096 (default)
2019-10-30 22:12:34,275 [b4e30c52-69cc-49db-aa2a-8c09b7af5748@group-7CE9E47E4F44-LeaderElection32] INFO  server.RaftServerConfigKeys (ConfUtils.java:logGet(43)) - raft.server.watch.timeout = 10s (default)
2019-10-30 22:12:34,275 [b4e30c52-69cc-49db-aa2a-8c09b7af5748@group-7CE9E47E4F44-LeaderElection32] INFO  server.RaftServerConfigKeys (ConfUtils.java:logGet(43)) - raft.server.watch.timeout.denomination = 1s (default)
2019-10-30 22:12:34,276 [b4e30c52-69cc-49db-aa2a-8c09b7af5748@group-7CE9E47E4F44-LeaderElection32] INFO  server.RaftServerConfigKeys (ConfUtils.java:logGet(43)) - raft.server.watch.element-limit = 65536 (default)
2019-10-30 22:12:34,276 [b4e30c52-69cc-49db-aa2a-8c09b7af5748@group-7CE9E47E4F44-LeaderElection32] INFO  impl.RoleInfo (RoleInfo.java:updateAndGet(143)) - b4e30c52-69cc-49db-aa2a-8c09b7af5748: start LeaderState
2019-10-30 22:12:34,277 [b4e30c52-69cc-49db-aa2a-8c09b7af5748@group-7CE9E47E4F44-LeaderElection32] INFO  segmented.SegmentedRaftLogWorker (SegmentedRaftLogWorker.java:startLogSegment(385)) - b4e30c52-69cc-49db-aa2a-8c09b7af5748@group-7CE9E47E4F44-SegmentedRaftLogWorker: Starting segment from index:0
2019-10-30 22:12:34,278 [b4e30c52-69cc-49db-aa2a-8c09b7af5748@group-7CE9E47E4F44-LeaderElection32] INFO  impl.RaftServerImpl (ServerState.java:setRaftConf(356)) - b4e30c52-69cc-49db-aa2a-8c09b7af5748@group-7CE9E47E4F44: set configuration 0: [b4e30c52-69cc-49db-aa2a-8c09b7af5748:192.168.157.212:41373], old=null at 0
2019-10-30 22:12:34,321 [b4e30c52-69cc-49db-aa2a-8c09b7af5748@group-7CE9E47E4F44-SegmentedRaftLogWorker] INFO  segmented.SegmentedRaftLogWorker (SegmentedRaftLogWorker.java:execute(576)) - b4e30c52-69cc-49db-aa2a-8c09b7af5748@group-7CE9E47E4F44-SegmentedRaftLogWorker: created new log segment /workdir/hadoop-ozone/ozonefs/target/test-dir/MiniOzoneClusterImpl-4f0b2fbf-daf8-4ad1-ba66-70d5c7ef4040/datanode-0/data/ratis/78560ae1-cb05-4010-9100-7ce9e47e4f44/current/log_inprogress_0
2019-10-30 22:12:34,389 [Thread-1489] INFO  impl.FollowerState (FollowerState.java:run(111)) - 56f9c2e0-23c1-4fdd-a628-2e32d4a06461@group-288E15D91B1D-FollowerState: change to CANDIDATE, lastRpcTime:5014ms, electionTimeout:5014ms
2019-10-30 22:12:34,389 [Thread-1489] INFO  impl.RoleInfo (RoleInfo.java:shutdownFollowerState(121)) - 56f9c2e0-23c1-4fdd-a628-2e32d4a06461: shutdown FollowerState
2019-10-30 22:12:34,389 [Thread-1489] INFO  impl.RaftServerImpl (RaftServerImpl.java:setRole(173)) - 56f9c2e0-23c1-4fdd-a628-2e32d4a06461@group-288E15D91B1D: changes role from  FOLLOWER to CANDIDATE at term 0 for changeToCandidate
2019-10-30 22:12:34,389 [Thread-1486] INFO  impl.FollowerState (FollowerState.java:run(111)) - c9a04ff5-fbc9-41c1-b0e2-f8738373b765@group-06477DC124CC-FollowerState: change to CANDIDATE, lastRpcTime:5098ms, electionTimeout:5098ms
2019-10-30 22:12:34,389 [Thread-1486] INFO  impl.RoleInfo (RoleInfo.java:shutdownFollowerState(121)) - c9a04ff5-fbc9-41c1-b0e2-f8738373b765: shutdown FollowerState
2019-10-30 22:12:34,389 [Thread-1489] INFO  impl.RoleInfo (RoleInfo.java:updateAndGet(143)) - 56f9c2e0-23c1-4fdd-a628-2e32d4a06461: start LeaderElection
2019-10-30 22:12:34,389 [Thread-1486] INFO  impl.RaftServerImpl (RaftServerImpl.java:setRole(173)) - c9a04ff5-fbc9-41c1-b0e2-f8738373b765@group-06477DC124CC: changes role from  FOLLOWER to CANDIDATE at term 0 for changeToCandidate
2019-10-30 22:12:34,389 [Thread-1486] INFO  impl.RoleInfo (RoleInfo.java:updateAndGet(143)) - c9a04ff5-fbc9-41c1-b0e2-f8738373b765: start LeaderElection
2019-10-30 22:12:34,406 [c9a04ff5-fbc9-41c1-b0e2-f8738373b765@group-06477DC124CC-LeaderElection34] INFO  impl.LeaderElection (LeaderElection.java:askForVotes(178)) - c9a04ff5-fbc9-41c1-b0e2-f8738373b765@group-06477DC124CC-LeaderElection34: begin an election at term 1 for -1: [c9a04ff5-fbc9-41c1-b0e2-f8738373b765:192.168.157.212:42719], old=null
2019-10-30 22:12:34,406 [56f9c2e0-23c1-4fdd-a628-2e32d4a06461@group-288E15D91B1D-LeaderElection33] INFO  impl.LeaderElection (LeaderElection.java:askForVotes(178)) - 56f9c2e0-23c1-4fdd-a628-2e32d4a06461@group-288E15D91B1D-LeaderElection33: begin an election at term 1 for -1: [56f9c2e0-23c1-4fdd-a628-2e32d4a06461:192.168.157.212:34714], old=null
2019-10-30 22:12:34,406 [c9a04ff5-fbc9-41c1-b0e2-f8738373b765@group-06477DC124CC-LeaderElection34] INFO  impl.RoleInfo (RoleInfo.java:shutdownLeaderElection(134)) - c9a04ff5-fbc9-41c1-b0e2-f8738373b765: shutdown LeaderElection
2019-10-30 22:12:34,406 [56f9c2e0-23c1-4fdd-a628-2e32d4a06461@group-288E15D91B1D-LeaderElection33] INFO  impl.RoleInfo (RoleInfo.java:shutdownLeaderElection(134)) - 56f9c2e0-23c1-4fdd-a628-2e32d4a06461: shutdown LeaderElection
2019-10-30 22:12:34,406 [c9a04ff5-fbc9-41c1-b0e2-f8738373b765@group-06477DC124CC-LeaderElection34] INFO  impl.RaftServerImpl (RaftServerImpl.java:setRole(173)) - c9a04ff5-fbc9-41c1-b0e2-f8738373b765@group-06477DC124CC: changes role from CANDIDATE to LEADER at term 1 for changeToLeader
2019-10-30 22:12:34,407 [56f9c2e0-23c1-4fdd-a628-2e32d4a06461@group-288E15D91B1D-LeaderElection33] INFO  impl.RaftServerImpl (RaftServerImpl.java:setRole(173)) - 56f9c2e0-23c1-4fdd-a628-2e32d4a06461@group-288E15D91B1D: changes role from CANDIDATE to LEADER at term 1 for changeToLeader
2019-10-30 22:12:34,407 [c9a04ff5-fbc9-41c1-b0e2-f8738373b765@group-06477DC124CC-LeaderElection34] INFO  impl.RaftServerImpl (ServerState.java:setLeader(255)) - c9a04ff5-fbc9-41c1-b0e2-f8738373b765@group-06477DC124CC: change Leader from null to c9a04ff5-fbc9-41c1-b0e2-f8738373b765 at term 1 for becomeLeader, leader elected after 5121ms
2019-10-30 22:12:34,407 [56f9c2e0-23c1-4fdd-a628-2e32d4a06461@group-288E15D91B1D-LeaderElection33] INFO  impl.RaftServerImpl (ServerState.java:setLeader(255)) - 56f9c2e0-23c1-4fdd-a628-2e32d4a06461@group-288E15D91B1D: change Leader from null to 56f9c2e0-23c1-4fdd-a628-2e32d4a06461 at term 1 for becomeLeader, leader elected after 5036ms
2019-10-30 22:12:34,407 [c9a04ff5-fbc9-41c1-b0e2-f8738373b765@group-06477DC124CC-LeaderElection34] INFO  server.RaftServerConfigKeys (ConfUtils.java:logGet(43)) - raft.server.staging.catchup.gap = 1000 (default)
2019-10-30 22:12:34,407 [56f9c2e0-23c1-4fdd-a628-2e32d4a06461@group-288E15D91B1D-LeaderElection33] INFO  server.RaftServerConfigKeys (ConfUtils.java:logGet(43)) - raft.server.staging.catchup.gap = 1000 (default)
2019-10-30 22:12:34,407 [c9a04ff5-fbc9-41c1-b0e2-f8738373b765@group-06477DC124CC-LeaderElection34] INFO  server.RaftServerConfigKeys (ConfUtils.java:logGet(43)) - raft.server.rpc.sleep.time = 25ms (default)
2019-10-30 22:12:34,407 [56f9c2e0-23c1-4fdd-a628-2e32d4a06461@group-288E15D91B1D-LeaderElection33] INFO  server.RaftServerConfigKeys (ConfUtils.java:logGet(43)) - raft.server.rpc.sleep.time = 25ms (default)
2019-10-30 22:12:34,407 [c9a04ff5-fbc9-41c1-b0e2-f8738373b765@group-06477DC124CC-LeaderElection34] INFO  server.RaftServerConfigKeys (ConfUtils.java:logGet(43)) - raft.server.write.element-limit = 4096 (default)
2019-10-30 22:12:34,407 [56f9c2e0-23c1-4fdd-a628-2e32d4a06461@group-288E15D91B1D-LeaderElection33] INFO  server.RaftServerConfigKeys (ConfUtils.java:logGet(43)) - raft.server.write.element-limit = 4096 (default)
2019-10-30 22:12:34,407 [c9a04ff5-fbc9-41c1-b0e2-f8738373b765@group-06477DC124CC-LeaderElection34] INFO  server.RaftServerConfigKeys (ConfUtils.java:logGet(43)) - raft.server.watch.timeout = 10s (default)
2019-10-30 22:12:34,408 [56f9c2e0-23c1-4fdd-a628-2e32d4a06461@group-288E15D91B1D-LeaderElection33] INFO  server.RaftServerConfigKeys (ConfUtils.java:logGet(43)) - raft.server.watch.timeout = 10s (default)
2019-10-30 22:12:34,408 [c9a04ff5-fbc9-41c1-b0e2-f8738373b765@group-06477DC124CC-LeaderElection34] INFO  server.RaftServerConfigKeys (ConfUtils.java:logGet(43)) - raft.server.watch.timeout.denomination = 1s (default)
2019-10-30 22:12:34,408 [56f9c2e0-23c1-4fdd-a628-2e32d4a06461@group-288E15D91B1D-LeaderElection33] INFO  server.RaftServerConfigKeys (ConfUtils.java:logGet(43)) - raft.server.watch.timeout.denomination = 1s (default)
2019-10-30 22:12:34,408 [c9a04ff5-fbc9-41c1-b0e2-f8738373b765@group-06477DC124CC-LeaderElection34] INFO  server.RaftServerConfigKeys (ConfUtils.java:logGet(43)) - raft.server.watch.element-limit = 65536 (default)
2019-10-30 22:12:34,408 [56f9c2e0-23c1-4fdd-a628-2e32d4a06461@group-288E15D91B1D-LeaderElection33] INFO  server.RaftServerConfigKeys (ConfUtils.java:logGet(43)) - raft.server.watch.element-limit = 65536 (default)
2019-10-30 22:12:34,408 [c9a04ff5-fbc9-41c1-b0e2-f8738373b765@group-06477DC124CC-LeaderElection34] INFO  impl.RoleInfo (RoleInfo.java:updateAndGet(143)) - c9a04ff5-fbc9-41c1-b0e2-f8738373b765: start LeaderState
2019-10-30 22:12:34,408 [56f9c2e0-23c1-4fdd-a628-2e32d4a06461@group-288E15D91B1D-LeaderElection33] INFO  impl.RoleInfo (RoleInfo.java:updateAndGet(143)) - 56f9c2e0-23c1-4fdd-a628-2e32d4a06461: start LeaderState
2019-10-30 22:12:34,409 [c9a04ff5-fbc9-41c1-b0e2-f8738373b765@group-06477DC124CC-LeaderElection34] INFO  segmented.SegmentedRaftLogWorker (SegmentedRaftLogWorker.java:startLogSegment(385)) - c9a04ff5-fbc9-41c1-b0e2-f8738373b765@group-06477DC124CC-SegmentedRaftLogWorker: Starting segment from index:0
2019-10-30 22:12:34,409 [56f9c2e0-23c1-4fdd-a628-2e32d4a06461@group-288E15D91B1D-LeaderElection33] INFO  segmented.SegmentedRaftLogWorker (SegmentedRaftLogWorker.java:startLogSegment(385)) - 56f9c2e0-23c1-4fdd-a628-2e32d4a06461@group-288E15D91B1D-SegmentedRaftLogWorker: Starting segment from index:0
2019-10-30 22:12:34,409 [c9a04ff5-fbc9-41c1-b0e2-f8738373b765@group-06477DC124CC-LeaderElection34] INFO  impl.RaftServerImpl (ServerState.java:setRaftConf(356)) - c9a04ff5-fbc9-41c1-b0e2-f8738373b765@group-06477DC124CC: set configuration 0: [c9a04ff5-fbc9-41c1-b0e2-f8738373b765:192.168.157.212:42719], old=null at 0
2019-10-30 22:12:34,409 [56f9c2e0-23c1-4fdd-a628-2e32d4a06461@group-288E15D91B1D-LeaderElection33] INFO  impl.RaftServerImpl (ServerState.java:setRaftConf(356)) - 56f9c2e0-23c1-4fdd-a628-2e32d4a06461@group-288E15D91B1D: set configuration 0: [56f9c2e0-23c1-4fdd-a628-2e32d4a06461:192.168.157.212:34714], old=null at 0
2019-10-30 22:12:34,448 [56f9c2e0-23c1-4fdd-a628-2e32d4a06461@group-288E15D91B1D-SegmentedRaftLogWorker] INFO  segmented.SegmentedRaftLogWorker (SegmentedRaftLogWorker.java:execute(576)) - 56f9c2e0-23c1-4fdd-a628-2e32d4a06461@group-288E15D91B1D-SegmentedRaftLogWorker: created new log segment /workdir/hadoop-ozone/ozonefs/target/test-dir/MiniOzoneClusterImpl-4f0b2fbf-daf8-4ad1-ba66-70d5c7ef4040/datanode-2/data/ratis/3f206cc6-0656-4e3a-ada7-288e15d91b1d/current/log_inprogress_0
2019-10-30 22:12:34,448 [c9a04ff5-fbc9-41c1-b0e2-f8738373b765@group-06477DC124CC-SegmentedRaftLogWorker] INFO  segmented.SegmentedRaftLogWorker (SegmentedRaftLogWorker.java:execute(576)) - c9a04ff5-fbc9-41c1-b0e2-f8738373b765@group-06477DC124CC-SegmentedRaftLogWorker: created new log segment /workdir/hadoop-ozone/ozonefs/target/test-dir/MiniOzoneClusterImpl-4f0b2fbf-daf8-4ad1-ba66-70d5c7ef4040/datanode-1/data/ratis/247d31ea-7a4d-499d-81ac-06477dc124cc/current/log_inprogress_0
2019-10-30 22:12:34,525 [Thread-1492] INFO  impl.FollowerState (FollowerState.java:run(111)) - c9a04ff5-fbc9-41c1-b0e2-f8738373b765@group-73DD1B120D6A-FollowerState: change to CANDIDATE, lastRpcTime:5094ms, electionTimeout:5094ms
2019-10-30 22:12:34,526 [Thread-1492] INFO  impl.RoleInfo (RoleInfo.java:shutdownFollowerState(121)) - c9a04ff5-fbc9-41c1-b0e2-f8738373b765: shutdown FollowerState
2019-10-30 22:12:34,526 [Thread-1492] INFO  impl.RaftServerImpl (RaftServerImpl.java:setRole(173)) - c9a04ff5-fbc9-41c1-b0e2-f8738373b765@group-73DD1B120D6A: changes role from  FOLLOWER to CANDIDATE at term 0 for changeToCandidate
2019-10-30 22:12:34,526 [Thread-1492] INFO  impl.RoleInfo (RoleInfo.java:updateAndGet(143)) - c9a04ff5-fbc9-41c1-b0e2-f8738373b765: start LeaderElection
2019-10-30 22:12:34,541 [c9a04ff5-fbc9-41c1-b0e2-f8738373b765@group-73DD1B120D6A-LeaderElection35] INFO  impl.LeaderElection (LeaderElection.java:askForVotes(178)) - c9a04ff5-fbc9-41c1-b0e2-f8738373b765@group-73DD1B120D6A-LeaderElection35: begin an election at term 1 for -1: [b4e30c52-69cc-49db-aa2a-8c09b7af5748:192.168.157.212:41373, 56f9c2e0-23c1-4fdd-a628-2e32d4a06461:192.168.157.212:34714, c9a04ff5-fbc9-41c1-b0e2-f8738373b765:192.168.157.212:42719], old=null
2019-10-30 22:12:34,546 [Thread-1497] INFO  impl.FollowerState (FollowerState.java:run(111)) - 56f9c2e0-23c1-4fdd-a628-2e32d4a06461@group-73DD1B120D6A-FollowerState: change to CANDIDATE, lastRpcTime:5113ms, electionTimeout:5112ms
2019-10-30 22:12:34,546 [Thread-1497] INFO  impl.RoleInfo (RoleInfo.java:shutdownFollowerState(121)) - 56f9c2e0-23c1-4fdd-a628-2e32d4a06461: shutdown FollowerState
2019-10-30 22:12:34,546 [Thread-1497] INFO  impl.RaftServerImpl (RaftServerImpl.java:setRole(173)) - 56f9c2e0-23c1-4fdd-a628-2e32d4a06461@group-73DD1B120D6A: changes role from  FOLLOWER to CANDIDATE at term 0 for changeToCandidate
2019-10-30 22:12:34,547 [Thread-1497] INFO  impl.RoleInfo (RoleInfo.java:updateAndGet(143)) - 56f9c2e0-23c1-4fdd-a628-2e32d4a06461: start LeaderElection
2019-10-30 22:12:34,550 [grpc-default-executor-0] INFO  impl.RaftServerImpl (RaftServerImpl.java:setRole(173)) - b4e30c52-69cc-49db-aa2a-8c09b7af5748@group-73DD1B120D6A: changes role from  FOLLOWER to FOLLOWER at term 1 for recognizeCandidate:c9a04ff5-fbc9-41c1-b0e2-f8738373b765
2019-10-30 22:12:34,550 [grpc-default-executor-0] INFO  impl.RoleInfo (RoleInfo.java:shutdownFollowerState(121)) - b4e30c52-69cc-49db-aa2a-8c09b7af5748: shutdown FollowerState
2019-10-30 22:12:34,551 [Thread-1496] INFO  impl.FollowerState (FollowerState.java:run(120)) - b4e30c52-69cc-49db-aa2a-8c09b7af5748@group-73DD1B120D6A-FollowerState was interrupted: java.lang.InterruptedException: sleep interrupted
2019-10-30 22:12:34,551 [grpc-default-executor-0] INFO  impl.RoleInfo (RoleInfo.java:updateAndGet(143)) - b4e30c52-69cc-49db-aa2a-8c09b7af5748: start FollowerState
2019-10-30 22:12:34,561 [56f9c2e0-23c1-4fdd-a628-2e32d4a06461@group-73DD1B120D6A-LeaderElection36] INFO  impl.LeaderElection (LeaderElection.java:askForVotes(178)) - 56f9c2e0-23c1-4fdd-a628-2e32d4a06461@group-73DD1B120D6A-LeaderElection36: begin an election at term 1 for -1: [b4e30c52-69cc-49db-aa2a-8c09b7af5748:192.168.157.212:41373, 56f9c2e0-23c1-4fdd-a628-2e32d4a06461:192.168.157.212:34714, c9a04ff5-fbc9-41c1-b0e2-f8738373b765:192.168.157.212:42719], old=null
2019-10-30 22:12:34,563 [c9a04ff5-fbc9-41c1-b0e2-f8738373b765@group-73DD1B120D6A-LeaderElection35] INFO  impl.LeaderElection (LeaderElection.java:logAndReturn(56)) - c9a04ff5-fbc9-41c1-b0e2-f8738373b765@group-73DD1B120D6A-LeaderElection35: Election PASSED; received 2 response(s) [c9a04ff5-fbc9-41c1-b0e2-f8738373b765<-b4e30c52-69cc-49db-aa2a-8c09b7af5748#0:OK-t1, c9a04ff5-fbc9-41c1-b0e2-f8738373b765<-56f9c2e0-23c1-4fdd-a628-2e32d4a06461#0:FAIL-t1] and 0 exception(s); c9a04ff5-fbc9-41c1-b0e2-f8738373b765@group-73DD1B120D6A:t1, leader=null, voted=c9a04ff5-fbc9-41c1-b0e2-f8738373b765, raftlog=c9a04ff5-fbc9-41c1-b0e2-f8738373b765@group-73DD1B120D6A-SegmentedRaftLog:OPENED:c-1,f-1,i0, conf=-1: [b4e30c52-69cc-49db-aa2a-8c09b7af5748:192.168.157.212:41373, 56f9c2e0-23c1-4fdd-a628-2e32d4a06461:192.168.157.212:34714, c9a04ff5-fbc9-41c1-b0e2-f8738373b765:192.168.157.212:42719], old=null
2019-10-30 22:12:34,563 [c9a04ff5-fbc9-41c1-b0e2-f8738373b765@group-73DD1B120D6A-LeaderElection35] INFO  impl.RoleInfo (RoleInfo.java:shutdownLeaderElection(134)) - c9a04ff5-fbc9-41c1-b0e2-f8738373b765: shutdown LeaderElection
2019-10-30 22:12:34,563 [c9a04ff5-fbc9-41c1-b0e2-f8738373b765@group-73DD1B120D6A-LeaderElection35] INFO  impl.RaftServerImpl (RaftServerImpl.java:setRole(173)) - c9a04ff5-fbc9-41c1-b0e2-f8738373b765@group-73DD1B120D6A: changes role from CANDIDATE to LEADER at term 1 for changeToLeader
2019-10-30 22:12:34,563 [c9a04ff5-fbc9-41c1-b0e2-f8738373b765@group-73DD1B120D6A-LeaderElection35] INFO  impl.RaftServerImpl (ServerState.java:setLeader(255)) - c9a04ff5-fbc9-41c1-b0e2-f8738373b765@group-73DD1B120D6A: change Leader from null to c9a04ff5-fbc9-41c1-b0e2-f8738373b765 at term 1 for becomeLeader, leader elected after 5137ms
2019-10-30 22:12:34,563 [c9a04ff5-fbc9-41c1-b0e2-f8738373b765@group-73DD1B120D6A-LeaderElection35] INFO  server.RaftServerConfigKeys (ConfUtils.java:logGet(43)) - raft.server.staging.catchup.gap = 1000 (default)
2019-10-30 22:12:34,563 [c9a04ff5-fbc9-41c1-b0e2-f8738373b765@group-73DD1B120D6A-LeaderElection35] INFO  server.RaftServerConfigKeys (ConfUtils.java:logGet(43)) - raft.server.rpc.sleep.time = 25ms (default)
2019-10-30 22:12:34,564 [c9a04ff5-fbc9-41c1-b0e2-f8738373b765@group-73DD1B120D6A-LeaderElection35] INFO  server.RaftServerConfigKeys (ConfUtils.java:logGet(43)) - raft.server.write.element-limit = 4096 (default)
2019-10-30 22:12:34,564 [c9a04ff5-fbc9-41c1-b0e2-f8738373b765@group-73DD1B120D6A-LeaderElection35] INFO  server.RaftServerConfigKeys (ConfUtils.java:logGet(43)) - raft.server.watch.timeout = 10s (default)
2019-10-30 22:12:34,564 [c9a04ff5-fbc9-41c1-b0e2-f8738373b765@group-73DD1B120D6A-LeaderElection35] INFO  server.RaftServerConfigKeys (ConfUtils.java:logGet(43)) - raft.server.watch.timeout.denomination = 1s (default)
2019-10-30 22:12:34,564 [c9a04ff5-fbc9-41c1-b0e2-f8738373b765@group-73DD1B120D6A-LeaderElection35] INFO  server.RaftServerConfigKeys (ConfUtils.java:logGet(43)) - raft.server.watch.element-limit = 65536 (default)
2019-10-30 22:12:34,564 [c9a04ff5-fbc9-41c1-b0e2-f8738373b765@group-73DD1B120D6A-LeaderElection35] INFO  server.RaftServerConfigKeys (ConfUtils.java:logGet(43)) - raft.server.log.appender.snapshot.chunk.size.max = 16MB (=16777216) (default)
2019-10-30 22:12:34,565 [c9a04ff5-fbc9-41c1-b0e2-f8738373b765@group-73DD1B120D6A-LeaderElection35] INFO  server.RaftServerConfigKeys (ConfUtils.java:logGet(43)) - raft.server.log.appender.buffer.byte-limit = 33554432 (custom)
2019-10-30 22:12:34,565 [c9a04ff5-fbc9-41c1-b0e2-f8738373b765@group-73DD1B120D6A-LeaderElection35] INFO  server.RaftServerConfigKeys (ConfUtils.java:logGet(43)) - raft.server.log.appender.buffer.element-limit = 1 (custom)
2019-10-30 22:12:34,565 [c9a04ff5-fbc9-41c1-b0e2-f8738373b765@group-73DD1B120D6A-LeaderElection35] INFO  grpc.GrpcConfigKeys$Server (ConfUtils.java:logGet(43)) - raft.grpc.server.leader.outstanding.appends.max = 128 (default)
2019-10-30 22:12:34,565 [c9a04ff5-fbc9-41c1-b0e2-f8738373b765@group-73DD1B120D6A-LeaderElection35] INFO  server.RaftServerConfigKeys (ConfUtils.java:logGet(43)) - raft.server.rpc.request.timeout = 3000ms (default)
2019-10-30 22:12:34,565 [c9a04ff5-fbc9-41c1-b0e2-f8738373b765@group-73DD1B120D6A-LeaderElection35] INFO  server.RaftServerConfigKeys (ConfUtils.java:logGet(43)) - raft.server.log.appender.install.snapshot.enabled = false (custom)
2019-10-30 22:12:34,565 [c9a04ff5-fbc9-41c1-b0e2-f8738373b765@group-73DD1B120D6A-LeaderElection35] WARN  impl.MetricRegistriesImpl (MetricRegistriesImpl.java:lambda$create$1(61)) - First MetricRegistry has been created without registering reporters. You may need to call MetricRegistries.global().addReportRegistration(...) before.
2019-10-30 22:12:34,567 [c9a04ff5-fbc9-41c1-b0e2-f8738373b765@group-73DD1B120D6A-LeaderElection35] INFO  server.RaftServerConfigKeys (ConfUtils.java:logGet(43)) - raft.server.log.appender.snapshot.chunk.size.max = 16MB (=16777216) (default)
2019-10-30 22:12:34,567 [c9a04ff5-fbc9-41c1-b0e2-f8738373b765@group-73DD1B120D6A-LeaderElection35] INFO  server.RaftServerConfigKeys (ConfUtils.java:logGet(43)) - raft.server.log.appender.buffer.byte-limit = 33554432 (custom)
2019-10-30 22:12:34,567 [c9a04ff5-fbc9-41c1-b0e2-f8738373b765@group-73DD1B120D6A-LeaderElection35] INFO  server.RaftServerConfigKeys (ConfUtils.java:logGet(43)) - raft.server.log.appender.buffer.element-limit = 1 (custom)
2019-10-30 22:12:34,567 [c9a04ff5-fbc9-41c1-b0e2-f8738373b765@group-73DD1B120D6A-LeaderElection35] INFO  grpc.GrpcConfigKeys$Server (ConfUtils.java:logGet(43)) - raft.grpc.server.leader.outstanding.appends.max = 128 (default)
2019-10-30 22:12:34,567 [c9a04ff5-fbc9-41c1-b0e2-f8738373b765@group-73DD1B120D6A-LeaderElection35] INFO  server.RaftServerConfigKeys (ConfUtils.java:logGet(43)) - raft.server.rpc.request.timeout = 3000ms (default)
2019-10-30 22:12:34,567 [c9a04ff5-fbc9-41c1-b0e2-f8738373b765@group-73DD1B120D6A-LeaderElection35] INFO  server.RaftServerConfigKeys (ConfUtils.java:logGet(43)) - raft.server.log.appender.install.snapshot.enabled = false (custom)
2019-10-30 22:12:34,568 [c9a04ff5-fbc9-41c1-b0e2-f8738373b765@group-73DD1B120D6A-LeaderElection35] INFO  impl.RoleInfo (RoleInfo.java:updateAndGet(143)) - c9a04ff5-fbc9-41c1-b0e2-f8738373b765: start LeaderState
2019-10-30 22:12:34,568 [c9a04ff5-fbc9-41c1-b0e2-f8738373b765@group-73DD1B120D6A-LeaderElection35] INFO  segmented.SegmentedRaftLogWorker (SegmentedRaftLogWorker.java:startLogSegment(385)) - c9a04ff5-fbc9-41c1-b0e2-f8738373b765@group-73DD1B120D6A-SegmentedRaftLogWorker: Starting segment from index:0
2019-10-30 22:12:34,569 [c9a04ff5-fbc9-41c1-b0e2-f8738373b765@group-73DD1B120D6A-LeaderElection35] INFO  impl.RaftServerImpl (ServerState.java:setRaftConf(356)) - c9a04ff5-fbc9-41c1-b0e2-f8738373b765@group-73DD1B120D6A: set configuration 0: [b4e30c52-69cc-49db-aa2a-8c09b7af5748:192.168.157.212:41373, 56f9c2e0-23c1-4fdd-a628-2e32d4a06461:192.168.157.212:34714, c9a04ff5-fbc9-41c1-b0e2-f8738373b765:192.168.157.212:42719], old=null at 0
2019-10-30 22:12:34,569 [grpc-default-executor-1] INFO  impl.RaftServerImpl (RaftServerImpl.java:requestVote(776)) - c9a04ff5-fbc9-41c1-b0e2-f8738373b765@group-73DD1B120D6A-   LEADER: Withhold vote from candidate 56f9c2e0-23c1-4fdd-a628-2e32d4a06461 with term 1. State: leader=c9a04ff5-fbc9-41c1-b0e2-f8738373b765, term=1, lastRpcElapsed=null
2019-10-30 22:12:34,603 [56f9c2e0-23c1-4fdd-a628-2e32d4a06461@group-73DD1B120D6A-LeaderElection36] INFO  impl.LeaderElection (LeaderElection.java:logAndReturn(56)) - 56f9c2e0-23c1-4fdd-a628-2e32d4a06461@group-73DD1B120D6A-LeaderElection36: Election REJECTED; received 2 response(s) [56f9c2e0-23c1-4fdd-a628-2e32d4a06461<-b4e30c52-69cc-49db-aa2a-8c09b7af5748#0:FAIL-t1, 56f9c2e0-23c1-4fdd-a628-2e32d4a06461<-c9a04ff5-fbc9-41c1-b0e2-f8738373b765#0:FAIL-t1] and 0 exception(s); 56f9c2e0-23c1-4fdd-a628-2e32d4a06461@group-73DD1B120D6A:t1, leader=null, voted=56f9c2e0-23c1-4fdd-a628-2e32d4a06461, raftlog=56f9c2e0-23c1-4fdd-a628-2e32d4a06461@group-73DD1B120D6A-SegmentedRaftLog:OPENED:c-1,f-1,i0, conf=-1: [b4e30c52-69cc-49db-aa2a-8c09b7af5748:192.168.157.212:41373, 56f9c2e0-23c1-4fdd-a628-2e32d4a06461:192.168.157.212:34714, c9a04ff5-fbc9-41c1-b0e2-f8738373b765:192.168.157.212:42719], old=null
2019-10-30 22:12:34,603 [56f9c2e0-23c1-4fdd-a628-2e32d4a06461@group-73DD1B120D6A-LeaderElection36] INFO  impl.RaftServerImpl (RaftServerImpl.java:setRole(173)) - 56f9c2e0-23c1-4fdd-a628-2e32d4a06461@group-73DD1B120D6A: changes role from CANDIDATE to FOLLOWER at term 1 for DISCOVERED_A_NEW_TERM
2019-10-30 22:12:34,603 [56f9c2e0-23c1-4fdd-a628-2e32d4a06461@group-73DD1B120D6A-LeaderElection36] INFO  impl.RoleInfo (RoleInfo.java:shutdownLeaderElection(134)) - 56f9c2e0-23c1-4fdd-a628-2e32d4a06461: shutdown LeaderElection
2019-10-30 22:12:34,603 [56f9c2e0-23c1-4fdd-a628-2e32d4a06461@group-73DD1B120D6A-LeaderElection36] INFO  impl.RoleInfo (RoleInfo.java:updateAndGet(143)) - 56f9c2e0-23c1-4fdd-a628-2e32d4a06461: start FollowerState
2019-10-30 22:12:34,604 [grpc-default-executor-1] INFO  impl.RaftServerImpl (ServerState.java:setLeader(255)) - b4e30c52-69cc-49db-aa2a-8c09b7af5748@group-73DD1B120D6A: change Leader from null to c9a04ff5-fbc9-41c1-b0e2-f8738373b765 at term 1 for appendEntries, leader elected after 5178ms
2019-10-30 22:12:34,606 [grpc-default-executor-0] INFO  impl.RaftServerImpl (ServerState.java:setLeader(255)) - 56f9c2e0-23c1-4fdd-a628-2e32d4a06461@group-73DD1B120D6A: change Leader from null to c9a04ff5-fbc9-41c1-b0e2-f8738373b765 at term 1 for appendEntries, leader elected after 5180ms
2019-10-30 22:12:34,609 [grpc-default-executor-0] INFO  impl.RaftServerImpl (ServerState.java:setRaftConf(356)) - b4e30c52-69cc-49db-aa2a-8c09b7af5748@group-73DD1B120D6A: set configuration 0: [b4e30c52-69cc-49db-aa2a-8c09b7af5748:192.168.157.212:41373, 56f9c2e0-23c1-4fdd-a628-2e32d4a06461:192.168.157.212:34714, c9a04ff5-fbc9-41c1-b0e2-f8738373b765:192.168.157.212:42719], old=null at 0
2019-10-30 22:12:34,609 [grpc-default-executor-0] INFO  segmented.SegmentedRaftLogWorker (SegmentedRaftLogWorker.java:startLogSegment(385)) - b4e30c52-69cc-49db-aa2a-8c09b7af5748@group-73DD1B120D6A-SegmentedRaftLogWorker: Starting segment from index:0
2019-10-30 22:12:34,609 [grpc-default-executor-1] INFO  impl.RaftServerImpl (ServerState.java:setRaftConf(356)) - 56f9c2e0-23c1-4fdd-a628-2e32d4a06461@group-73DD1B120D6A: set configuration 0: [b4e30c52-69cc-49db-aa2a-8c09b7af5748:192.168.157.212:41373, 56f9c2e0-23c1-4fdd-a628-2e32d4a06461:192.168.157.212:34714, c9a04ff5-fbc9-41c1-b0e2-f8738373b765:192.168.157.212:42719], old=null at 0
2019-10-30 22:12:34,610 [grpc-default-executor-1] INFO  segmented.SegmentedRaftLogWorker (SegmentedRaftLogWorker.java:startLogSegment(385)) - 56f9c2e0-23c1-4fdd-a628-2e32d4a06461@group-73DD1B120D6A-SegmentedRaftLogWorker: Starting segment from index:0
2019-10-30 22:12:34,612 [c9a04ff5-fbc9-41c1-b0e2-f8738373b765@group-73DD1B120D6A-SegmentedRaftLogWorker] INFO  segmented.SegmentedRaftLogWorker (SegmentedRaftLogWorker.java:execute(576)) - c9a04ff5-fbc9-41c1-b0e2-f8738373b765@group-73DD1B120D6A-SegmentedRaftLogWorker: created new log segment /workdir/hadoop-ozone/ozonefs/target/test-dir/MiniOzoneClusterImpl-4f0b2fbf-daf8-4ad1-ba66-70d5c7ef4040/datanode-1/data/ratis/41c7e7da-570c-4ba5-b6a1-73dd1b120d6a/current/log_inprogress_0
2019-10-30 22:12:34,656 [b4e30c52-69cc-49db-aa2a-8c09b7af5748@group-73DD1B120D6A-SegmentedRaftLogWorker] INFO  segmented.SegmentedRaftLogWorker (SegmentedRaftLogWorker.java:execute(576)) - b4e30c52-69cc-49db-aa2a-8c09b7af5748@group-73DD1B120D6A-SegmentedRaftLogWorker: created new log segment /workdir/hadoop-ozone/ozonefs/target/test-dir/MiniOzoneClusterImpl-4f0b2fbf-daf8-4ad1-ba66-70d5c7ef4040/datanode-0/data/ratis/41c7e7da-570c-4ba5-b6a1-73dd1b120d6a/current/log_inprogress_0
2019-10-30 22:12:34,656 [56f9c2e0-23c1-4fdd-a628-2e32d4a06461@group-73DD1B120D6A-SegmentedRaftLogWorker] INFO  segmented.SegmentedRaftLogWorker (SegmentedRaftLogWorker.java:execute(576)) - 56f9c2e0-23c1-4fdd-a628-2e32d4a06461@group-73DD1B120D6A-SegmentedRaftLogWorker: created new log segment /workdir/hadoop-ozone/ozonefs/target/test-dir/MiniOzoneClusterImpl-4f0b2fbf-daf8-4ad1-ba66-70d5c7ef4040/datanode-2/data/ratis/41c7e7da-570c-4ba5-b6a1-73dd1b120d6a/current/log_inprogress_0
2019-10-30 22:12:35,682 [ForkJoinPool.commonPool-worker-1] INFO  ozoneimpl.OzoneContainer (OzoneContainer.java:stop(227)) - Attempting to stop container services.
2019-10-30 22:12:35,683 [ForkJoinPool.commonPool-worker-1] INFO  impl.RaftServerProxy (RaftServerProxy.java:lambda$close$4(314)) - b4e30c52-69cc-49db-aa2a-8c09b7af5748: close
2019-10-30 22:12:35,683 [Thread-1309] INFO  ozoneimpl.OzoneContainer (OzoneContainer.java:stop(227)) - Attempting to stop container services.
2019-10-30 22:12:35,683 [ForkJoinPool.commonPool-worker-1] INFO  impl.RaftServerImpl (RaftServerImpl.java:lambda$shutdown$3(250)) - b4e30c52-69cc-49db-aa2a-8c09b7af5748@group-73DD1B120D6A: shutdown
2019-10-30 22:12:35,684 [Thread-1309] INFO  impl.RaftServerProxy (RaftServerProxy.java:lambda$close$4(314)) - c9a04ff5-fbc9-41c1-b0e2-f8738373b765: close
2019-10-30 22:12:35,684 [ForkJoinPool.commonPool-worker-1] INFO  util.JmxRegister (JmxRegister.java:unregister(73)) - Successfully un-registered JMX Bean with object name Ratis:service=RaftServer,group=group-73DD1B120D6A,id=b4e30c52-69cc-49db-aa2a-8c09b7af5748
2019-10-30 22:12:35,684 [ForkJoinPool.commonPool-worker-1] INFO  impl.RoleInfo (RoleInfo.java:shutdownFollowerState(121)) - b4e30c52-69cc-49db-aa2a-8c09b7af5748: shutdown FollowerState
2019-10-30 22:12:35,684 [Thread-1309] INFO  impl.RaftServerImpl (RaftServerImpl.java:lambda$shutdown$3(250)) - c9a04ff5-fbc9-41c1-b0e2-f8738373b765@group-73DD1B120D6A: shutdown
2019-10-30 22:12:35,684 [Thread-1514] INFO  impl.FollowerState (FollowerState.java:run(120)) - b4e30c52-69cc-49db-aa2a-8c09b7af5748@group-73DD1B120D6A-FollowerState was interrupted: java.lang.InterruptedException: sleep interrupted
2019-10-30 22:12:35,684 [ForkJoinPool.commonPool-worker-1] INFO  impl.StateMachineUpdater (StateMachineUpdater.java:stopAndJoin(136)) - b4e30c52-69cc-49db-aa2a-8c09b7af5748@group-73DD1B120D6A-StateMachineUpdater: set stopIndex = -1
2019-10-30 22:12:35,685 [ForkJoinPool.commonPool-worker-1] INFO  impl.RaftServerImpl (ServerState.java:close(387)) - b4e30c52-69cc-49db-aa2a-8c09b7af5748@group-73DD1B120D6A: closes. applyIndex: -1
2019-10-30 22:12:35,685 [Thread-1309] INFO  util.JmxRegister (JmxRegister.java:unregister(73)) - Successfully un-registered JMX Bean with object name Ratis:service=RaftServer,group=group-73DD1B120D6A,id=c9a04ff5-fbc9-41c1-b0e2-f8738373b765
2019-10-30 22:12:35,690 [b4e30c52-69cc-49db-aa2a-8c09b7af5748@group-73DD1B120D6A-SegmentedRaftLogWorker] INFO  segmented.SegmentedRaftLogWorker (SegmentedRaftLogWorker.java:run(316)) - b4e30c52-69cc-49db-aa2a-8c09b7af5748@group-73DD1B120D6A-SegmentedRaftLogWorker was interrupted, exiting. There are 0 tasks remaining in the queue.
2019-10-30 22:12:35,690 [Thread-1309] INFO  impl.RoleInfo (RoleInfo.java:shutdownLeaderState(104)) - c9a04ff5-fbc9-41c1-b0e2-f8738373b765: shutdown LeaderState
2019-10-30 22:12:35,691 [ForkJoinPool.commonPool-worker-1] INFO  segmented.SegmentedRaftLogWorker (SegmentedRaftLogWorker.java:close(224)) - b4e30c52-69cc-49db-aa2a-8c09b7af5748@group-73DD1B120D6A-SegmentedRaftLogWorker close()
2019-10-30 22:12:35,695 [org.apache.ratis.server.impl.LogAppender$AppenderDaemon$$Lambda$465/1084652047@5f6df224] WARN  server.GrpcLogAppender (GrpcLogAppender.java:mayWait(151)) - c9a04ff5-fbc9-41c1-b0e2-f8738373b765@group-73DD1B120D6A->56f9c2e0-23c1-4fdd-a628-2e32d4a06461-GrpcLogAppender: Wait interrupted by java.lang.InterruptedException
2019-10-30 22:12:35,695 [org.apache.ratis.server.impl.LogAppender$AppenderDaemon$$Lambda$465/1084652047@1a6f6f0d] WARN  server.GrpcLogAppender (GrpcLogAppender.java:mayWait(151)) - c9a04ff5-fbc9-41c1-b0e2-f8738373b765@group-73DD1B120D6A->b4e30c52-69cc-49db-aa2a-8c09b7af5748-GrpcLogAppender: Wait interrupted by java.lang.InterruptedException
2019-10-30 22:12:35,695 [ForkJoinPool.commonPool-worker-1] INFO  impl.RaftServerImpl (RaftServerImpl.java:lambda$shutdown$3(250)) - b4e30c52-69cc-49db-aa2a-8c09b7af5748@group-7CE9E47E4F44: shutdown
2019-10-30 22:12:35,695 [Thread-1309] INFO  impl.PendingRequests (PendingRequests.java:sendNotLeaderResponses(206)) - c9a04ff5-fbc9-41c1-b0e2-f8738373b765@group-73DD1B120D6A-PendingRequests: sendNotLeaderResponses
2019-10-30 22:12:35,695 [ForkJoinPool.commonPool-worker-1] INFO  util.JmxRegister (JmxRegister.java:unregister(73)) - Successfully un-registered JMX Bean with object name Ratis:service=RaftServer,group=group-7CE9E47E4F44,id=b4e30c52-69cc-49db-aa2a-8c09b7af5748
2019-10-30 22:12:35,696 [ForkJoinPool.commonPool-worker-1] INFO  impl.RoleInfo (RoleInfo.java:shutdownLeaderState(104)) - b4e30c52-69cc-49db-aa2a-8c09b7af5748: shutdown LeaderState
2019-10-30 22:12:35,696 [ForkJoinPool.commonPool-worker-1] INFO  impl.PendingRequests (PendingRequests.java:sendNotLeaderResponses(206)) - b4e30c52-69cc-49db-aa2a-8c09b7af5748@group-7CE9E47E4F44-PendingRequests: sendNotLeaderResponses
2019-10-30 22:12:35,698 [grpc-default-executor-1] INFO  server.GrpcServerProtocolService (GrpcServerProtocolService.java:onCompleted(113)) - 56f9c2e0-23c1-4fdd-a628-2e32d4a06461: Completed APPEND_ENTRIES, lastRequest: c9a04ff5-fbc9-41c1-b0e2-f8738373b765->56f9c2e0-23c1-4fdd-a628-2e32d4a06461#1-t1, previous=(t:0, i:0), leaderCommit=-1, initializing? false, entries: size=1, first=(t:1, i:0), CONFIGURATIONENTRY
2019-10-30 22:12:35,696 [Thread-1309] INFO  impl.StateMachineUpdater (StateMachineUpdater.java:stopAndJoin(136)) - c9a04ff5-fbc9-41c1-b0e2-f8738373b765@group-73DD1B120D6A-StateMachineUpdater: set stopIndex = 0
2019-10-30 22:12:35,700 [grpc-default-executor-1] INFO  server.GrpcLogAppender (GrpcLogAppender.java:onCompleted(308)) - c9a04ff5-fbc9-41c1-b0e2-f8738373b765@group-73DD1B120D6A->56f9c2e0-23c1-4fdd-a628-2e32d4a06461-AppendLogResponseHandler: follower responses appendEntries COMPLETED
2019-10-30 22:12:35,698 [ForkJoinPool.commonPool-worker-1] INFO  impl.StateMachineUpdater (StateMachineUpdater.java:stopAndJoin(136)) - b4e30c52-69cc-49db-aa2a-8c09b7af5748@group-7CE9E47E4F44-StateMachineUpdater: set stopIndex = 0
2019-10-30 22:12:35,701 [ForkJoinPool.commonPool-worker-1] INFO  impl.RaftServerImpl (ServerState.java:close(387)) - b4e30c52-69cc-49db-aa2a-8c09b7af5748@group-7CE9E47E4F44: closes. applyIndex: 0
2019-10-30 22:12:35,700 [Thread-1309] INFO  impl.RaftServerImpl (ServerState.java:close(387)) - c9a04ff5-fbc9-41c1-b0e2-f8738373b765@group-73DD1B120D6A: closes. applyIndex: 0
2019-10-30 22:12:35,701 [b4e30c52-69cc-49db-aa2a-8c09b7af5748@group-7CE9E47E4F44-SegmentedRaftLogWorker] INFO  segmented.SegmentedRaftLogWorker (SegmentedRaftLogWorker.java:run(316)) - b4e30c52-69cc-49db-aa2a-8c09b7af5748@group-7CE9E47E4F44-SegmentedRaftLogWorker was interrupted, exiting. There are 0 tasks remaining in the queue.
2019-10-30 22:12:35,701 [grpc-default-executor-0] INFO  server.GrpcServerProtocolService (GrpcServerProtocolService.java:onCompleted(113)) - b4e30c52-69cc-49db-aa2a-8c09b7af5748: Completed APPEND_ENTRIES, lastRequest: c9a04ff5-fbc9-41c1-b0e2-f8738373b765->b4e30c52-69cc-49db-aa2a-8c09b7af5748#1-t1, previous=(t:0, i:0), leaderCommit=-1, initializing? false, entries: size=1, first=(t:1, i:0), CONFIGURATIONENTRY
2019-10-30 22:12:35,702 [c9a04ff5-fbc9-41c1-b0e2-f8738373b765@group-73DD1B120D6A-SegmentedRaftLogWorker] INFO  segmented.SegmentedRaftLogWorker (SegmentedRaftLogWorker.java:run(316)) - c9a04ff5-fbc9-41c1-b0e2-f8738373b765@group-73DD1B120D6A-SegmentedRaftLogWorker was interrupted, exiting. There are 0 tasks remaining in the queue.
2019-10-30 22:12:35,704 [ForkJoinPool.commonPool-worker-1] INFO  segmented.SegmentedRaftLogWorker (SegmentedRaftLogWorker.java:close(224)) - b4e30c52-69cc-49db-aa2a-8c09b7af5748@group-7CE9E47E4F44-SegmentedRaftLogWorker close()
2019-10-30 22:12:35,707 [ForkJoinPool.commonPool-worker-1] INFO  server.GrpcService (GrpcService.java:closeImpl(164)) - b4e30c52-69cc-49db-aa2a-8c09b7af5748: shutdown server with port 41373 now
2019-10-30 22:12:35,707 [grpc-default-executor-0] INFO  server.GrpcLogAppender (GrpcLogAppender.java:onCompleted(308)) - c9a04ff5-fbc9-41c1-b0e2-f8738373b765@group-73DD1B120D6A->b4e30c52-69cc-49db-aa2a-8c09b7af5748-AppendLogResponseHandler: follower responses appendEntries COMPLETED
2019-10-30 22:12:35,707 [grpc-default-executor-1] INFO  impl.FollowerInfo (FollowerInfo.java:lambda$new$0(51)) - c9a04ff5-fbc9-41c1-b0e2-f8738373b765@group-73DD1B120D6A->56f9c2e0-23c1-4fdd-a628-2e32d4a06461: nextIndex: updateUnconditionally 1 -> 0
2019-10-30 22:12:35,709 [grpc-default-executor-0] INFO  impl.FollowerInfo (FollowerInfo.java:lambda$new$0(51)) - c9a04ff5-fbc9-41c1-b0e2-f8738373b765@group-73DD1B120D6A->b4e30c52-69cc-49db-aa2a-8c09b7af5748: nextIndex: updateUnconditionally 1 -> 0
2019-10-30 22:12:35,710 [ForkJoinPool.commonPool-worker-1] INFO  server.GrpcService (GrpcService.java:closeImpl(172)) - b4e30c52-69cc-49db-aa2a-8c09b7af5748: shutdown server with port 41373 successfully
2019-10-30 22:12:35,709 [Thread-1309] INFO  segmented.SegmentedRaftLogWorker (SegmentedRaftLogWorker.java:close(224)) - c9a04ff5-fbc9-41c1-b0e2-f8738373b765@group-73DD1B120D6A-SegmentedRaftLogWorker close()
2019-10-30 22:12:35,714 [Thread-1309] INFO  impl.RaftServerImpl (RaftServerImpl.java:lambda$shutdown$3(250)) - c9a04ff5-fbc9-41c1-b0e2-f8738373b765@group-06477DC124CC: shutdown
2019-10-30 22:12:35,715 [refreshUsed-/workdir/hadoop-ozone/ozonefs/target/test-dir/MiniOzoneClusterImpl-4f0b2fbf-daf8-4ad1-ba66-70d5c7ef4040/datanode-0/data/containers] WARN  fs.CachingGetSpaceUsed (CachingGetSpaceUsed.java:run(183)) - Thread Interrupted waiting to refresh disk information: sleep interrupted
2019-10-30 22:12:35,715 [Thread-1309] INFO  util.JmxRegister (JmxRegister.java:unregister(73)) - Successfully un-registered JMX Bean with object name Ratis:service=RaftServer,group=group-06477DC124CC,id=c9a04ff5-fbc9-41c1-b0e2-f8738373b765
2019-10-30 22:12:35,715 [Thread-1309] INFO  impl.RoleInfo (RoleInfo.java:shutdownLeaderState(104)) - c9a04ff5-fbc9-41c1-b0e2-f8738373b765: shutdown LeaderState
2019-10-30 22:12:35,716 [Thread-1309] INFO  impl.PendingRequests (PendingRequests.java:sendNotLeaderResponses(206)) - c9a04ff5-fbc9-41c1-b0e2-f8738373b765@group-06477DC124CC-PendingRequests: sendNotLeaderResponses
2019-10-30 22:12:35,716 [Thread-1309] INFO  impl.StateMachineUpdater (StateMachineUpdater.java:stopAndJoin(136)) - c9a04ff5-fbc9-41c1-b0e2-f8738373b765@group-06477DC124CC-StateMachineUpdater: set stopIndex = 0
2019-10-30 22:12:35,716 [Thread-1309] INFO  impl.RaftServerImpl (ServerState.java:close(387)) - c9a04ff5-fbc9-41c1-b0e2-f8738373b765@group-06477DC124CC: closes. applyIndex: 0
2019-10-30 22:12:35,717 [c9a04ff5-fbc9-41c1-b0e2-f8738373b765@group-06477DC124CC-SegmentedRaftLogWorker] INFO  segmented.SegmentedRaftLogWorker (SegmentedRaftLogWorker.java:run(316)) - c9a04ff5-fbc9-41c1-b0e2-f8738373b765@group-06477DC124CC-SegmentedRaftLogWorker was interrupted, exiting. There are 0 tasks remaining in the queue.
2019-10-30 22:12:35,718 [Thread-1309] INFO  segmented.SegmentedRaftLogWorker (SegmentedRaftLogWorker.java:close(224)) - c9a04ff5-fbc9-41c1-b0e2-f8738373b765@group-06477DC124CC-SegmentedRaftLogWorker close()
2019-10-30 22:12:35,723 [Thread-1309] INFO  server.GrpcService (GrpcService.java:closeImpl(164)) - c9a04ff5-fbc9-41c1-b0e2-f8738373b765: shutdown server with port 42719 now
2019-10-30 22:12:35,724 [Thread-1309] INFO  server.GrpcService (GrpcService.java:closeImpl(172)) - c9a04ff5-fbc9-41c1-b0e2-f8738373b765: shutdown server with port 42719 successfully
2019-10-30 22:12:35,731 [refreshUsed-/workdir/hadoop-ozone/ozonefs/target/test-dir/MiniOzoneClusterImpl-4f0b2fbf-daf8-4ad1-ba66-70d5c7ef4040/datanode-1/data/containers] WARN  fs.CachingGetSpaceUsed (CachingGetSpaceUsed.java:run(183)) - Thread Interrupted waiting to refresh disk information: sleep interrupted
2019-10-30 22:12:35,741 [ForkJoinPool.commonPool-worker-1] INFO  utils.BackgroundService (BackgroundService.java:shutdown(151)) - Shutting down service BlockDeletingService
2019-10-30 22:12:35,745 [ForkJoinPool.commonPool-worker-1] INFO  statemachine.DatanodeStateMachine (DatanodeStateMachine.java:stopDaemon(395)) - Ozone container server stopped.
2019-10-30 22:12:35,748 [ForkJoinPool.commonPool-worker-1] INFO  handler.ContextHandler (ContextHandler.java:doStop(910)) - Stopped o.e.j.w.WebAppContext@42291a1f{/,null,UNAVAILABLE}{/hddsDatanode}
2019-10-30 22:12:35,749 [ForkJoinPool.commonPool-worker-1] INFO  server.AbstractConnector (AbstractConnector.java:doStop(318)) - Stopped ServerConnector@4a22b8f7{HTTP/1.1,[http/1.1]}{0.0.0.0:0}
2019-10-30 22:12:35,753 [ForkJoinPool.commonPool-worker-1] INFO  handler.ContextHandler (ContextHandler.java:doStop(910)) - Stopped o.e.j.s.ServletContextHandler@62749e67{/static,jar:file:/home/user/.m2/repository/org/apache/hadoop/hadoop-hdds-container-service/0.5.0-SNAPSHOT/hadoop-hdds-container-service-0.5.0-SNAPSHOT.jar!/webapps/static,UNAVAILABLE}
2019-10-30 22:12:35,753 [ForkJoinPool.commonPool-worker-1] INFO  handler.ContextHandler (ContextHandler.java:doStop(910)) - Stopped o.e.j.s.ServletContextHandler@5bcaef30{/logs,file:///workdir/hadoop-ozone/ozonefs/target/log,UNAVAILABLE}
2019-10-30 22:12:35,761 [Thread-1309] INFO  utils.BackgroundService (BackgroundService.java:shutdown(151)) - Shutting down service BlockDeletingService
2019-10-30 22:12:35,771 [Thread-1309] INFO  statemachine.DatanodeStateMachine (DatanodeStateMachine.java:stopDaemon(395)) - Ozone container server stopped.
2019-10-30 22:12:35,772 [Thread-1309] INFO  handler.ContextHandler (ContextHandler.java:doStop(910)) - Stopped o.e.j.w.WebAppContext@73128f8b{/,null,UNAVAILABLE}{/hddsDatanode}
2019-10-30 22:12:35,773 [Thread-1309] INFO  server.AbstractConnector (AbstractConnector.java:doStop(318)) - Stopped ServerConnector@16755788{HTTP/1.1,[http/1.1]}{0.0.0.0:0}
2019-10-30 22:12:35,773 [Thread-1309] INFO  handler.ContextHandler (ContextHandler.java:doStop(910)) - Stopped o.e.j.s.ServletContextHandler@51a86ea6{/static,jar:file:/home/user/.m2/repository/org/apache/hadoop/hadoop-hdds-container-service/0.5.0-SNAPSHOT/hadoop-hdds-container-service-0.5.0-SNAPSHOT.jar!/webapps/static,UNAVAILABLE}
2019-10-30 22:12:35,773 [Thread-1309] INFO  handler.ContextHandler (ContextHandler.java:doStop(910)) - Stopped o.e.j.s.ServletContextHandler@17b1d23{/logs,file:///workdir/hadoop-ozone/ozonefs/target/log,UNAVAILABLE}
2019-10-30 22:12:36,336 [Datanode State Machine Thread - 0] INFO  statemachine.DatanodeStateMachine (DatanodeStateMachine.java:lambda$startDaemon$0(350)) - Ozone container server started.
2019-10-30 22:12:40,756 [ForkJoinPool.commonPool-worker-1] INFO  ozoneimpl.OzoneContainer (OzoneContainer.java:stop(227)) - Attempting to stop container services.
2019-10-30 22:12:40,757 [ForkJoinPool.commonPool-worker-1] INFO  impl.RaftServerProxy (RaftServerProxy.java:lambda$close$4(314)) - 56f9c2e0-23c1-4fdd-a628-2e32d4a06461: close
2019-10-30 22:12:40,758 [ForkJoinPool.commonPool-worker-1] INFO  impl.RaftServerImpl (RaftServerImpl.java:lambda$shutdown$3(250)) - 56f9c2e0-23c1-4fdd-a628-2e32d4a06461@group-73DD1B120D6A: shutdown
2019-10-30 22:12:40,759 [ForkJoinPool.commonPool-worker-1] INFO  util.JmxRegister (JmxRegister.java:unregister(73)) - Successfully un-registered JMX Bean with object name Ratis:service=RaftServer,group=group-73DD1B120D6A,id=56f9c2e0-23c1-4fdd-a628-2e32d4a06461
2019-10-30 22:12:40,759 [ForkJoinPool.commonPool-worker-1] INFO  impl.RoleInfo (RoleInfo.java:shutdownFollowerState(121)) - 56f9c2e0-23c1-4fdd-a628-2e32d4a06461: shutdown FollowerState
2019-10-30 22:12:40,759 [Thread-1521] INFO  impl.FollowerState (FollowerState.java:run(120)) - 56f9c2e0-23c1-4fdd-a628-2e32d4a06461@group-73DD1B120D6A-FollowerState was interrupted: java.lang.InterruptedException: sleep interrupted
2019-10-30 22:12:40,759 [ForkJoinPool.commonPool-worker-1] INFO  impl.StateMachineUpdater (StateMachineUpdater.java:stopAndJoin(136)) - 56f9c2e0-23c1-4fdd-a628-2e32d4a06461@group-73DD1B120D6A-StateMachineUpdater: set stopIndex = -1
2019-10-30 22:12:40,762 [ForkJoinPool.commonPool-worker-1] INFO  impl.RaftServerImpl (ServerState.java:close(387)) - 56f9c2e0-23c1-4fdd-a628-2e32d4a06461@group-73DD1B120D6A: closes. applyIndex: -1
2019-10-30 22:12:40,763 [56f9c2e0-23c1-4fdd-a628-2e32d4a06461@group-73DD1B120D6A-SegmentedRaftLogWorker] INFO  segmented.SegmentedRaftLogWorker (SegmentedRaftLogWorker.java:run(316)) - 56f9c2e0-23c1-4fdd-a628-2e32d4a06461@group-73DD1B120D6A-SegmentedRaftLogWorker was interrupted, exiting. There are 0 tasks remaining in the queue.
2019-10-30 22:12:40,764 [ForkJoinPool.commonPool-worker-1] INFO  segmented.SegmentedRaftLogWorker (SegmentedRaftLogWorker.java:close(224)) - 56f9c2e0-23c1-4fdd-a628-2e32d4a06461@group-73DD1B120D6A-SegmentedRaftLogWorker close()
2019-10-30 22:12:40,765 [ForkJoinPool.commonPool-worker-1] INFO  impl.RaftServerImpl (RaftServerImpl.java:lambda$shutdown$3(250)) - 56f9c2e0-23c1-4fdd-a628-2e32d4a06461@group-288E15D91B1D: shutdown
2019-10-30 22:12:40,765 [ForkJoinPool.commonPool-worker-1] INFO  util.JmxRegister (JmxRegister.java:unregister(73)) - Successfully un-registered JMX Bean with object name Ratis:service=RaftServer,group=group-288E15D91B1D,id=56f9c2e0-23c1-4fdd-a628-2e32d4a06461
2019-10-30 22:12:40,766 [ForkJoinPool.commonPool-worker-1] INFO  impl.RoleInfo (RoleInfo.java:shutdownLeaderState(104)) - 56f9c2e0-23c1-4fdd-a628-2e32d4a06461: shutdown LeaderState
2019-10-30 22:12:40,766 [ForkJoinPool.commonPool-worker-1] INFO  impl.PendingRequests (PendingRequests.java:sendNotLeaderResponses(206)) - 56f9c2e0-23c1-4fdd-a628-2e32d4a06461@group-288E15D91B1D-PendingRequests: sendNotLeaderResponses
2019-10-30 22:12:40,768 [ForkJoinPool.commonPool-worker-1] INFO  impl.StateMachineUpdater (StateMachineUpdater.java:stopAndJoin(136)) - 56f9c2e0-23c1-4fdd-a628-2e32d4a06461@group-288E15D91B1D-StateMachineUpdater: set stopIndex = 0
2019-10-30 22:12:40,768 [ForkJoinPool.commonPool-worker-1] INFO  impl.RaftServerImpl (ServerState.java:close(387)) - 56f9c2e0-23c1-4fdd-a628-2e32d4a06461@group-288E15D91B1D: closes. applyIndex: 0
2019-10-30 22:12:40,768 [56f9c2e0-23c1-4fdd-a628-2e32d4a06461@group-288E15D91B1D-SegmentedRaftLogWorker] INFO  segmented.SegmentedRaftLogWorker (SegmentedRaftLogWorker.java:run(316)) - 56f9c2e0-23c1-4fdd-a628-2e32d4a06461@group-288E15D91B1D-SegmentedRaftLogWorker was interrupted, exiting. There are 0 tasks remaining in the queue.
2019-10-30 22:12:40,769 [ForkJoinPool.commonPool-worker-1] INFO  segmented.SegmentedRaftLogWorker (SegmentedRaftLogWorker.java:close(224)) - 56f9c2e0-23c1-4fdd-a628-2e32d4a06461@group-288E15D91B1D-SegmentedRaftLogWorker close()
2019-10-30 22:12:40,770 [ForkJoinPool.commonPool-worker-1] INFO  server.GrpcService (GrpcService.java:closeImpl(164)) - 56f9c2e0-23c1-4fdd-a628-2e32d4a06461: shutdown server with port 34714 now
2019-10-30 22:12:40,773 [ForkJoinPool.commonPool-worker-1] INFO  server.GrpcService (GrpcService.java:closeImpl(172)) - 56f9c2e0-23c1-4fdd-a628-2e32d4a06461: shutdown server with port 34714 successfully
2019-10-30 22:12:40,778 [refreshUsed-/workdir/hadoop-ozone/ozonefs/target/test-dir/MiniOzoneClusterImpl-4f0b2fbf-daf8-4ad1-ba66-70d5c7ef4040/datanode-2/data/containers] WARN  fs.CachingGetSpaceUsed (CachingGetSpaceUsed.java:run(183)) - Thread Interrupted waiting to refresh disk information: sleep interrupted
2019-10-30 22:12:40,804 [ForkJoinPool.commonPool-worker-1] INFO  utils.BackgroundService (BackgroundService.java:shutdown(151)) - Shutting down service BlockDeletingService
2019-10-30 22:12:40,806 [ForkJoinPool.commonPool-worker-1] INFO  statemachine.DatanodeStateMachine (DatanodeStateMachine.java:stopDaemon(395)) - Ozone container server stopped.
2019-10-30 22:12:40,809 [ForkJoinPool.commonPool-worker-1] INFO  handler.ContextHandler (ContextHandler.java:doStop(910)) - Stopped o.e.j.w.WebAppContext@1ae3e3fa{/,null,UNAVAILABLE}{/hddsDatanode}
2019-10-30 22:12:40,813 [ForkJoinPool.commonPool-worker-1] INFO  server.AbstractConnector (AbstractConnector.java:doStop(318)) - Stopped ServerConnector@3debef98{HTTP/1.1,[http/1.1]}{0.0.0.0:0}
2019-10-30 22:12:40,814 [ForkJoinPool.commonPool-worker-1] INFO  handler.ContextHandler (ContextHandler.java:doStop(910)) - Stopped o.e.j.s.ServletContextHandler@ddc47be{/static,jar:file:/home/user/.m2/repository/org/apache/hadoop/hadoop-hdds-container-service/0.5.0-SNAPSHOT/hadoop-hdds-container-service-0.5.0-SNAPSHOT.jar!/webapps/static,UNAVAILABLE}
2019-10-30 22:12:40,815 [ForkJoinPool.commonPool-worker-1] INFO  handler.ContextHandler (ContextHandler.java:doStop(910)) - Stopped o.e.j.s.ServletContextHandler@a628df5{/logs,file:///workdir/hadoop-ozone/ozonefs/target/log,UNAVAILABLE}
2019-10-30 22:12:40,816 [Thread-1309] INFO  ozone.MiniOzoneClusterImpl (MiniOzoneClusterImpl.java:stopSCM(392)) - Stopping the StorageContainerManager
2019-10-30 22:12:40,817 [Thread-1309] INFO  server.StorageContainerManager (StorageContainerManager.java:stop(810)) - Stopping Replication Manager Service.
2019-10-30 22:12:40,817 [Thread-1309] INFO  container.ReplicationManager (ReplicationManager.java:stop(203)) - Stopping Replication Monitor Thread.
2019-10-30 22:12:40,817 [Thread-1309] INFO  server.StorageContainerManager (StorageContainerManager.java:stop(817)) - Stopping Lease Manager of the command watchers
2019-10-30 22:12:40,817 [Thread-1309] INFO  server.StorageContainerManager (StorageContainerManager.java:stop(824)) - Stopping datanode service RPC server
2019-10-30 22:12:40,817 [Thread-1309] INFO  server.SCMDatanodeProtocolServer (SCMDatanodeProtocolServer.java:stop(346)) - Stopping the RPC server for DataNodes
2019-10-30 22:12:40,818 [Thread-1309] INFO  ipc.Server (Server.java:stop(3082)) - Stopping server on 40697
2019-10-30 22:12:40,820 [IPC Server listener on 40697] INFO  ipc.Server (Server.java:run(1185)) - Stopping IPC Server listener on 40697
2019-10-30 22:12:40,821 [IPC Server Responder] INFO  ipc.Server (Server.java:run(1319)) - Stopping IPC Server Responder
2019-10-30 22:12:40,909 [SCM Heartbeat Processing Thread - 0] WARN  node.NodeStateManager (NodeStateManager.java:scheduleNextHealthCheck(646)) - Current Thread is interrupted, shutting down HB processing thread for Node Manager.
2019-10-30 22:12:40,910 [Thread-1309] INFO  server.StorageContainerManager (StorageContainerManager.java:stop(832)) - Stopping block service RPC server
2019-10-30 22:12:40,910 [Thread-1309] INFO  server.SCMBlockProtocolServer (SCMBlockProtocolServer.java:stop(155)) - Stopping the RPC server for Block Protocol
2019-10-30 22:12:40,910 [Thread-1309] INFO  ipc.Server (Server.java:stop(3082)) - Stopping server on 41072
2019-10-30 22:12:40,912 [IPC Server listener on 41072] INFO  ipc.Server (Server.java:run(1185)) - Stopping IPC Server listener on 41072
2019-10-30 22:12:40,912 [Thread-1309] INFO  server.StorageContainerManager (StorageContainerManager.java:stop(839)) - Stopping the StorageContainerLocationProtocol RPC server
2019-10-30 22:12:40,913 [IPC Server Responder] INFO  ipc.Server (Server.java:run(1319)) - Stopping IPC Server Responder
2019-10-30 22:12:40,914 [Thread-1309] INFO  server.SCMClientProtocolServer (SCMClientProtocolServer.java:stop(168)) - Stopping the RPC server for Client Protocol
2019-10-30 22:12:40,914 [Thread-1309] INFO  ipc.Server (Server.java:stop(3082)) - Stopping server on 39323
2019-10-30 22:12:40,916 [IPC Server listener on 39323] INFO  ipc.Server (Server.java:run(1185)) - Stopping IPC Server listener on 39323
2019-10-30 22:12:40,916 [Thread-1309] INFO  server.StorageContainerManager (StorageContainerManager.java:stop(846)) - Stopping Storage Container Manager HTTP server.
2019-10-30 22:12:40,916 [IPC Server Responder] INFO  ipc.Server (Server.java:run(1319)) - Stopping IPC Server Responder
2019-10-30 22:12:40,918 [Thread-1309] INFO  handler.ContextHandler (ContextHandler.java:doStop(910)) - Stopped o.e.j.w.WebAppContext@445f6261{/,null,UNAVAILABLE}{/scm}
2019-10-30 22:12:40,919 [Thread-1309] INFO  server.AbstractConnector (AbstractConnector.java:doStop(318)) - Stopped ServerConnector@70d6ad04{HTTP/1.1,[http/1.1]}{0.0.0.0:0}
2019-10-30 22:12:40,919 [Thread-1309] INFO  handler.ContextHandler (ContextHandler.java:doStop(910)) - Stopped o.e.j.s.ServletContextHandler@46bd14a0{/static,jar:file:/home/user/.m2/repository/org/apache/hadoop/hadoop-hdds-server-scm/0.5.0-SNAPSHOT/hadoop-hdds-server-scm-0.5.0-SNAPSHOT.jar!/webapps/static,UNAVAILABLE}
2019-10-30 22:12:40,919 [Thread-1309] INFO  handler.ContextHandler (ContextHandler.java:doStop(910)) - Stopped o.e.j.s.ServletContextHandler@1d55cfd9{/logs,file:///workdir/hadoop-ozone/ozonefs/target/log,UNAVAILABLE}
2019-10-30 22:12:40,920 [Thread-1309] INFO  server.StorageContainerManager (StorageContainerManager.java:stop(857)) - Stopping Block Manager Service.
2019-10-30 22:12:40,920 [Thread-1309] INFO  utils.BackgroundService (BackgroundService.java:shutdown(151)) - Shutting down service SCMBlockDeletingService
2019-10-30 22:12:40,921 [Thread-1309] INFO  utils.BackgroundService (BackgroundService.java:shutdown(151)) - Shutting down service SCMBlockDeletingService
2019-10-30 22:12:40,921 [Thread-1309] INFO  server.StorageContainerManager (StorageContainerManager.java:stop(879)) - Stopping SCM Event Queue.
2019-10-30 22:12:40,926 [Thread-1309] INFO  impl.MetricsSystemImpl (MetricsSystemImpl.java:stop(210)) - Stopping HddsDatanode metrics system...
2019-10-30 22:12:40,932 [Thread-1309] INFO  impl.MetricsSystemImpl (MetricsSystemImpl.java:stop(216)) - HddsDatanode metrics system stopped.
]]></system-out>
  </testcase>
  <testcase name="testListStatusOnLargeDirectory" classname="org.apache.hadoop.fs.ozone.TestOzoneFileSystem" time="129.027"/>
</testsuite>