<?xml version="1.0" encoding="UTF-8"?>
<testsuite xmlns:xsi="http://www.w3.org/2001/XMLSchema-instance" xsi:noNamespaceSchemaLocation="https://maven.apache.org/surefire/maven-surefire-plugin/xsd/surefire-test-report.xsd" name="org.apache.hadoop.ozone.scm.TestSCMContainerPlacementPolicyMetrics" time="87.376" tests="1" errors="1" skipped="0" failures="0">
  <properties>
    <property name="awt.toolkit" value="sun.awt.X11.XToolkit"/>
    <property name="file.encoding.pkg" value="sun.io"/>
    <property name="java.specification.version" value="1.8"/>
    <property name="sun.cpu.isalist" value=""/>
    <property name="sun.jnu.encoding" value="ANSI_X3.4-1968"/>
    <property name="java.class.path" value="/workdir/hadoop-ozone/integration-test/target/test-classes:/workdir/hadoop-ozone/integration-test/target/classes:/home/user/.m2/repository/org/apache/hadoop/hadoop-ozone-common/0.5.0-SNAPSHOT/hadoop-ozone-common-0.5.0-SNAPSHOT.jar:/home/user/.m2/repository/org/apache/commons/commons-compress/1.4.1/commons-compress-1.4.1.jar:/home/user/.m2/repository/org/tukaani/xz/1.0/xz-1.0.jar:/home/user/.m2/repository/org/apache/hadoop/hadoop-common/3.2.0/hadoop-common-3.2.0.jar:/home/user/.m2/repository/org/apache/hadoop/hadoop-hdfs/3.2.0/hadoop-hdfs-3.2.0.jar:/home/user/.m2/repository/org/apache/hadoop/hadoop-hdfs-client/3.2.0/hadoop-hdfs-client-3.2.0.jar:/home/user/.m2/repository/com/fasterxml/jackson/core/jackson-annotations/2.9.9/jackson-annotations-2.9.9.jar:/home/user/.m2/repository/org/apache/hadoop/hadoop-hdds-common/0.5.0-SNAPSHOT/hadoop-hdds-common-0.5.0-SNAPSHOT.jar:/home/user/.m2/repository/javax/annotation/javax.annotation-api/1.2/javax.annotation-api-1.2.jar:/home/user/.m2/repository/org/apache/ratis/ratis-server/0.5.0-ced7dbf-SNAPSHOT/ratis-server-0.5.0-ced7dbf-SNAPSHOT.jar:/home/user/.m2/repository/org/apache/ratis/ratis-thirdparty-misc/0.2.0/ratis-thirdparty-misc-0.2.0.jar:/home/user/.m2/repository/org/apache/ratis/ratis-proto/0.5.0-ced7dbf-SNAPSHOT/ratis-proto-0.5.0-ced7dbf-SNAPSHOT.jar:/home/user/.m2/repository/org/apache/ratis/ratis-common/0.5.0-ced7dbf-SNAPSHOT/ratis-common-0.5.0-ced7dbf-SNAPSHOT.jar:/home/user/.m2/repository/org/apache/ratis/ratis-client/0.5.0-ced7dbf-SNAPSHOT/ratis-client-0.5.0-ced7dbf-SNAPSHOT.jar:/home/user/.m2/repository/org/apache/ratis/ratis-metrics/0.5.0-ced7dbf-SNAPSHOT/ratis-metrics-0.5.0-ced7dbf-SNAPSHOT.jar:/home/user/.m2/repository/org/apache/ratis/ratis-netty/0.5.0-ced7dbf-SNAPSHOT/ratis-netty-0.5.0-ced7dbf-SNAPSHOT.jar:/home/user/.m2/repository/org/apache/ratis/ratis-grpc/0.5.0-ced7dbf-SNAPSHOT/ratis-grpc-0.5.0-ced7dbf-SNAPSHOT.jar:/home/user/.m2/repository/org/rocksdb/rocksdbjni/6.0.1/rocksdbjni-6.0.1.jar:/home/user/.m2/repository/org/apache/logging/log4j/log4j-api/2.11.0/log4j-api-2.11.0.jar:/home/user/.m2/repository/org/apache/logging/log4j/log4j-core/2.11.0/log4j-core-2.11.0.jar:/home/user/.m2/repository/com/lmax/disruptor/3.4.2/disruptor-3.4.2.jar:/home/user/.m2/repository/org/apache/commons/commons-pool2/2.6.0/commons-pool2-2.6.0.jar:/home/user/.m2/repository/org/bouncycastle/bcpkix-jdk15on/1.60/bcpkix-jdk15on-1.60.jar:/home/user/.m2/repository/commons-validator/commons-validator/1.6/commons-validator-1.6.jar:/home/user/.m2/repository/commons-digester/commons-digester/1.8.1/commons-digester-1.8.1.jar:/home/user/.m2/repository/io/jaegertracing/jaeger-client/0.34.0/jaeger-client-0.34.0.jar:/home/user/.m2/repository/io/jaegertracing/jaeger-thrift/0.34.0/jaeger-thrift-0.34.0.jar:/home/user/.m2/repository/org/apache/thrift/libthrift/0.12.0/libthrift-0.12.0.jar:/home/user/.m2/repository/com/squareup/okhttp3/okhttp/3.9.0/okhttp-3.9.0.jar:/home/user/.m2/repository/com/squareup/okio/okio/1.13.0/okio-1.13.0.jar:/home/user/.m2/repository/io/jaegertracing/jaeger-core/0.34.0/jaeger-core-0.34.0.jar:/home/user/.m2/repository/io/jaegertracing/jaeger-tracerresolver/0.34.0/jaeger-tracerresolver-0.34.0.jar:/home/user/.m2/repository/io/opentracing/contrib/opentracing-tracerresolver/0.1.5/opentracing-tracerresolver-0.1.5.jar:/home/user/.m2/repository/io/opentracing/opentracing-util/0.31.0/opentracing-util-0.31.0.jar:/home/user/.m2/repository/io/opentracing/opentracing-api/0.31.0/opentracing-api-0.31.0.jar:/home/user/.m2/repository/io/opentracing/opentracing-noop/0.31.0/opentracing-noop-0.31.0.jar:/home/user/.m2/repository/org/apache/hadoop/hadoop-hdds-server-framework/0.5.0-SNAPSHOT/hadoop-hdds-server-framework-0.5.0-SNAPSHOT.jar:/home/user/.m2/repository/org/apache/hadoop/hadoop-hdds-container-service/0.5.0-SNAPSHOT/hadoop-hdds-container-service-0.5.0-SNAPSHOT.jar:/home/user/.m2/repository/org/apache/hadoop/hadoop-hdds-client/0.5.0-SNAPSHOT/hadoop-hdds-client-0.5.0-SNAPSHOT.jar:/home/user/.m2/repository/org/apache/hadoop/hadoop-hdds-tools/0.5.0-SNAPSHOT/hadoop-hdds-tools-0.5.0-SNAPSHOT.jar:/home/user/.m2/repository/org/apache/hadoop/hadoop-hdds-server-scm/0.5.0-SNAPSHOT/hadoop-hdds-server-scm-0.5.0-SNAPSHOT.jar:/home/user/.m2/repository/org/apache/hadoop/hadoop-hdds-docs/0.5.0-SNAPSHOT/hadoop-hdds-docs-0.5.0-SNAPSHOT.jar:/home/user/.m2/repository/io/dropwizard/metrics/metrics-core/3.2.4/metrics-core-3.2.4.jar:/home/user/.m2/repository/org/hamcrest/hamcrest-all/1.3/hamcrest-all-1.3.jar:/home/user/.m2/repository/org/bouncycastle/bcprov-jdk15on/1.60/bcprov-jdk15on-1.60.jar:/home/user/.m2/repository/info/picocli/picocli/3.9.6/picocli-3.9.6.jar:/home/user/.m2/repository/com/google/protobuf/protobuf-java/2.5.0/protobuf-java-2.5.0.jar:/home/user/.m2/repository/com/google/guava/guava/11.0.2/guava-11.0.2.jar:/home/user/.m2/repository/org/apache/hadoop/hadoop-ozone-ozone-manager/0.5.0-SNAPSHOT/hadoop-ozone-ozone-manager-0.5.0-SNAPSHOT.jar:/home/user/.m2/repository/org/apache/hadoop/hadoop-minikdc/3.2.0/hadoop-minikdc-3.2.0.jar:/home/user/.m2/repository/commons-io/commons-io/2.5/commons-io-2.5.jar:/home/user/.m2/repository/org/apache/kerby/kerb-simplekdc/1.0.1/kerb-simplekdc-1.0.1.jar:/home/user/.m2/repository/org/apache/kerby/kerb-client/1.0.1/kerb-client-1.0.1.jar:/home/user/.m2/repository/org/apache/kerby/kerby-config/1.0.1/kerby-config-1.0.1.jar:/home/user/.m2/repository/org/apache/kerby/kerb-core/1.0.1/kerb-core-1.0.1.jar:/home/user/.m2/repository/org/apache/kerby/kerby-pkix/1.0.1/kerby-pkix-1.0.1.jar:/home/user/.m2/repository/org/apache/kerby/kerby-asn1/1.0.1/kerby-asn1-1.0.1.jar:/home/user/.m2/repository/org/apache/kerby/kerby-util/1.0.1/kerby-util-1.0.1.jar:/home/user/.m2/repository/org/apache/kerby/kerb-common/1.0.1/kerb-common-1.0.1.jar:/home/user/.m2/repository/org/apache/kerby/kerb-crypto/1.0.1/kerb-crypto-1.0.1.jar:/home/user/.m2/repository/org/apache/kerby/kerb-util/1.0.1/kerb-util-1.0.1.jar:/home/user/.m2/repository/org/apache/kerby/token-provider/1.0.1/token-provider-1.0.1.jar:/home/user/.m2/repository/org/apache/kerby/kerb-admin/1.0.1/kerb-admin-1.0.1.jar:/home/user/.m2/repository/org/apache/kerby/kerb-server/1.0.1/kerb-server-1.0.1.jar:/home/user/.m2/repository/org/apache/kerby/kerb-identity/1.0.1/kerb-identity-1.0.1.jar:/home/user/.m2/repository/org/apache/kerby/kerby-xdr/1.0.1/kerby-xdr-1.0.1.jar:/home/user/.m2/repository/org/slf4j/slf4j-log4j12/1.7.25/slf4j-log4j12-1.7.25.jar:/home/user/.m2/repository/org/apache/hadoop/hadoop-ozone-s3gateway/0.5.0-SNAPSHOT/hadoop-ozone-s3gateway-0.5.0-SNAPSHOT.jar:/home/user/.m2/repository/org/jboss/weld/servlet/weld-servlet/2.4.7.Final/weld-servlet-2.4.7.Final.jar:/home/user/.m2/repository/org/glassfish/jersey/containers/jersey-container-servlet-core/2.27/jersey-container-servlet-core-2.27.jar:/home/user/.m2/repository/org/glassfish/hk2/external/javax.inject/2.5.0-b42/javax.inject-2.5.0-b42.jar:/home/user/.m2/repository/org/glassfish/jersey/core/jersey-common/2.27/jersey-common-2.27.jar:/home/user/.m2/repository/org/glassfish/hk2/osgi-resource-locator/1.0.1/osgi-resource-locator-1.0.1.jar:/home/user/.m2/repository/javax/ws/rs/javax.ws.rs-api/2.1/javax.ws.rs-api-2.1.jar:/home/user/.m2/repository/org/glassfish/jersey/ext/cdi/jersey-cdi1x/2.27/jersey-cdi1x-2.27.jar:/home/user/.m2/repository/org/glassfish/jersey/inject/jersey-hk2/2.27/jersey-hk2-2.27.jar:/home/user/.m2/repository/org/glassfish/hk2/hk2-locator/2.5.0-b42/hk2-locator-2.5.0-b42.jar:/home/user/.m2/repository/org/javassist/javassist/3.22.0-CR2/javassist-3.22.0-CR2.jar:/home/user/.m2/repository/org/glassfish/hk2/hk2-api/2.5.0/hk2-api-2.5.0.jar:/home/user/.m2/repository/org/glassfish/hk2/external/jakarta.inject/2.5.0/jakarta.inject-2.5.0.jar:/home/user/.m2/repository/org/glassfish/hk2/hk2-utils/2.5.0/hk2-utils-2.5.0.jar:/home/user/.m2/repository/jakarta/annotation/jakarta.annotation-api/1.3.4/jakarta.annotation-api-1.3.4.jar:/home/user/.m2/repository/org/glassfish/hk2/external/aopalliance-repackaged/2.5.0/aopalliance-repackaged-2.5.0.jar:/home/user/.m2/repository/com/fasterxml/jackson/dataformat/jackson-dataformat-xml/2.9.0/jackson-dataformat-xml-2.9.0.jar:/home/user/.m2/repository/com/fasterxml/jackson/core/jackson-core/2.9.9/jackson-core-2.9.9.jar:/home/user/.m2/repository/com/fasterxml/jackson/module/jackson-module-jaxb-annotations/2.9.9/jackson-module-jaxb-annotations-2.9.9.jar:/home/user/.m2/repository/javax/enterprise/cdi-api/1.2/cdi-api-1.2.jar:/home/user/.m2/repository/javax/el/javax.el-api/3.0.0/javax.el-api-3.0.0.jar:/home/user/.m2/repository/javax/interceptor/javax.interceptor-api/1.2/javax.interceptor-api-1.2.jar:/home/user/.m2/repository/javax/inject/javax.inject/1/javax.inject-1.jar:/home/user/.m2/repository/com/sun/xml/bind/jaxb-impl/2.3.0.1/jaxb-impl-2.3.0.1.jar:/home/user/.m2/repository/com/sun/xml/bind/jaxb-core/2.3.0.1/jaxb-core-2.3.0.1.jar:/home/user/.m2/repository/javax/xml/bind/jaxb-api/2.3.0/jaxb-api-2.3.0.jar:/home/user/.m2/repository/javax/activation/activation/1.1.1/activation-1.1.1.jar:/home/user/.m2/repository/org/apache/hadoop/hadoop-ozone-csi/0.5.0-SNAPSHOT/hadoop-ozone-csi-0.5.0-SNAPSHOT.jar:/home/user/.m2/repository/com/google/protobuf/protobuf-java-util/3.5.1/protobuf-java-util-3.5.1.jar:/home/user/.m2/repository/org/apache/hadoop/hadoop-hdds-config/0.5.0-SNAPSHOT/hadoop-hdds-config-0.5.0-SNAPSHOT.jar:/home/user/.m2/repository/io/grpc/grpc-netty/1.17.1/grpc-netty-1.17.1.jar:/home/user/.m2/repository/io/grpc/grpc-core/1.17.1/grpc-core-1.17.1.jar:/home/user/.m2/repository/io/grpc/grpc-context/1.17.1/grpc-context-1.17.1.jar:/home/user/.m2/repository/com/google/errorprone/error_prone_annotations/2.2.0/error_prone_annotations-2.2.0.jar:/home/user/.m2/repository/org/codehaus/mojo/animal-sniffer-annotations/1.17/animal-sniffer-annotations-1.17.jar:/home/user/.m2/repository/io/opencensus/opencensus-api/0.17.0/opencensus-api-0.17.0.jar:/home/user/.m2/repository/io/opencensus/opencensus-contrib-grpc-metrics/0.17.0/opencensus-contrib-grpc-metrics-0.17.0.jar:/home/user/.m2/repository/io/netty/netty-codec-http2/4.1.30.Final/netty-codec-http2-4.1.30.Final.jar:/home/user/.m2/repository/io/netty/netty-codec-http/4.1.30.Final/netty-codec-http-4.1.30.Final.jar:/home/user/.m2/repository/io/netty/netty-codec/4.1.30.Final/netty-codec-4.1.30.Final.jar:/home/user/.m2/repository/io/netty/netty-handler/4.1.30.Final/netty-handler-4.1.30.Final.jar:/home/user/.m2/repository/io/netty/netty-handler-proxy/4.1.30.Final/netty-handler-proxy-4.1.30.Final.jar:/home/user/.m2/repository/io/netty/netty-codec-socks/4.1.30.Final/netty-codec-socks-4.1.30.Final.jar:/home/user/.m2/repository/io/netty/netty-transport-native-epoll/4.1.30.Final/netty-transport-native-epoll-4.1.30.Final.jar:/home/user/.m2/repository/io/netty/netty-common/4.1.30.Final/netty-common-4.1.30.Final.jar:/home/user/.m2/repository/io/netty/netty-buffer/4.1.30.Final/netty-buffer-4.1.30.Final.jar:/home/user/.m2/repository/io/netty/netty-transport/4.1.30.Final/netty-transport-4.1.30.Final.jar:/home/user/.m2/repository/io/netty/netty-resolver/4.1.30.Final/netty-resolver-4.1.30.Final.jar:/home/user/.m2/repository/io/netty/netty-transport-native-unix-common/4.1.30.Final/netty-transport-native-unix-common-4.1.30.Final.jar:/home/user/.m2/repository/io/grpc/grpc-protobuf/1.17.1/grpc-protobuf-1.17.1.jar:/home/user/.m2/repository/com/google/api/grpc/proto-google-common-protos/1.0.0/proto-google-common-protos-1.0.0.jar:/home/user/.m2/repository/io/grpc/grpc-protobuf-lite/1.17.1/grpc-protobuf-lite-1.17.1.jar:/home/user/.m2/repository/io/grpc/grpc-stub/1.17.1/grpc-stub-1.17.1.jar:/home/user/.m2/repository/org/apache/hadoop/hadoop-ozone-recon/0.5.0-SNAPSHOT/hadoop-ozone-recon-0.5.0-SNAPSHOT.jar:/home/user/.m2/repository/org/apache/hadoop/hadoop-ozone-reconcodegen/0.5.0-SNAPSHOT/hadoop-ozone-reconcodegen-0.5.0-SNAPSHOT.jar:/home/user/.m2/repository/com/google/inject/extensions/guice-multibindings/4.0/guice-multibindings-4.0.jar:/home/user/.m2/repository/com/google/inject/guice/4.0/guice-4.0.jar:/home/user/.m2/repository/aopalliance/aopalliance/1.0/aopalliance-1.0.jar:/home/user/.m2/repository/com/google/inject/extensions/guice-servlet/4.0/guice-servlet-4.0.jar:/home/user/.m2/repository/org/glassfish/jersey/containers/jersey-container-servlet/2.27/jersey-container-servlet-2.27.jar:/home/user/.m2/repository/org/glassfish/hk2/guice-bridge/2.5.0/guice-bridge-2.5.0.jar:/home/user/.m2/repository/org/glassfish/jersey/core/jersey-server/2.27/jersey-server-2.27.jar:/home/user/.m2/repository/org/glassfish/jersey/core/jersey-client/2.27/jersey-client-2.27.jar:/home/user/.m2/repository/org/glassfish/jersey/media/jersey-media-jaxb/2.27/jersey-media-jaxb-2.27.jar:/home/user/.m2/repository/javax/validation/validation-api/1.1.0.Final/validation-api-1.1.0.Final.jar:/home/user/.m2/repository/org/glassfish/jersey/media/jersey-media-json-jackson/2.27/jersey-media-json-jackson-2.27.jar:/home/user/.m2/repository/org/glassfish/jersey/ext/jersey-entity-filtering/2.27/jersey-entity-filtering-2.27.jar:/home/user/.m2/repository/com/google/inject/extensions/guice-assistedinject/4.0/guice-assistedinject-4.0.jar:/home/user/.m2/repository/org/jooq/jooq/3.11.10/jooq-3.11.10.jar:/home/user/.m2/repository/org/jooq/jooq-meta/3.11.10/jooq-meta-3.11.10.jar:/home/user/.m2/repository/org/jooq/jooq-codegen/3.11.10/jooq-codegen-3.11.10.jar:/home/user/.m2/repository/com/jolbox/bonecp/0.8.0.RELEASE/bonecp-0.8.0.RELEASE.jar:/home/user/.m2/repository/org/xerial/sqlite-jdbc/3.25.2/sqlite-jdbc-3.25.2.jar:/home/user/.m2/repository/org/springframework/spring-jdbc/5.1.3.RELEASE/spring-jdbc-5.1.3.RELEASE.jar:/home/user/.m2/repository/org/springframework/spring-beans/5.1.3.RELEASE/spring-beans-5.1.3.RELEASE.jar:/home/user/.m2/repository/org/springframework/spring-core/5.1.3.RELEASE/spring-core-5.1.3.RELEASE.jar:/home/user/.m2/repository/org/springframework/spring-jcl/5.1.3.RELEASE/spring-jcl-5.1.3.RELEASE.jar:/home/user/.m2/repository/org/springframework/spring-tx/5.1.3.RELEASE/spring-tx-5.1.3.RELEASE.jar:/home/user/.m2/repository/org/apache/hadoop/hadoop-ozone-client/0.5.0-SNAPSHOT/hadoop-ozone-client-0.5.0-SNAPSHOT.jar:/home/user/.m2/repository/commons-lang/commons-lang/2.6/commons-lang-2.6.jar:/home/user/.m2/repository/org/apache/hadoop/hadoop-ozone-ozone-manager/0.5.0-SNAPSHOT/hadoop-ozone-ozone-manager-0.5.0-SNAPSHOT-tests.jar:/home/user/.m2/repository/junit/junit/4.11/junit-4.11.jar:/home/user/.m2/repository/org/hamcrest/hamcrest-core/1.3/hamcrest-core-1.3.jar:/home/user/.m2/repository/org/openjdk/jmh/jmh-core/1.19/jmh-core-1.19.jar:/home/user/.m2/repository/net/sf/jopt-simple/jopt-simple/4.6/jopt-simple-4.6.jar:/home/user/.m2/repository/org/apache/commons/commons-math3/3.1.1/commons-math3-3.1.1.jar:/home/user/.m2/repository/org/openjdk/jmh/jmh-generator-annprocess/1.19/jmh-generator-annprocess-1.19.jar:/home/user/.m2/repository/org/mockito/mockito-all/1.8.5/mockito-all-1.8.5.jar:/home/user/.m2/repository/org/apache/hadoop/hadoop-kms/3.2.0/hadoop-kms-3.2.0.jar:/home/user/.m2/repository/org/apache/hadoop/hadoop-auth/3.2.0/hadoop-auth-3.2.0.jar:/home/user/.m2/repository/com/nimbusds/nimbus-jose-jwt/4.41.1/nimbus-jose-jwt-4.41.1.jar:/home/user/.m2/repository/com/github/stephenc/jcip/jcip-annotations/1.0-1/jcip-annotations-1.0-1.jar:/home/user/.m2/repository/net/minidev/json-smart/2.3/json-smart-2.3.jar:/home/user/.m2/repository/net/minidev/accessors-smart/1.2/accessors-smart-1.2.jar:/home/user/.m2/repository/org/ow2/asm/asm/5.0.4/asm-5.0.4.jar:/home/user/.m2/repository/org/apache/curator/curator-framework/2.12.0/curator-framework-2.12.0.jar:/home/user/.m2/repository/com/sun/jersey/jersey-core/1.19/jersey-core-1.19.jar:/home/user/.m2/repository/javax/ws/rs/jsr311-api/1.1.1/jsr311-api-1.1.1.jar:/home/user/.m2/repository/com/sun/jersey/jersey-server/1.19/jersey-server-1.19.jar:/home/user/.m2/repository/javax/servlet/javax.servlet-api/3.1.0/javax.servlet-api-3.1.0.jar:/home/user/.m2/repository/org/eclipse/jetty/jetty-server/9.3.25.v20180904/jetty-server-9.3.25.v20180904.jar:/home/user/.m2/repository/org/eclipse/jetty/jetty-http/9.3.25.v20180904/jetty-http-9.3.25.v20180904.jar:/home/user/.m2/repository/org/eclipse/jetty/jetty-io/9.3.25.v20180904/jetty-io-9.3.25.v20180904.jar:/home/user/.m2/repository/org/eclipse/jetty/jetty-webapp/9.3.25.v20180904/jetty-webapp-9.3.25.v20180904.jar:/home/user/.m2/repository/org/eclipse/jetty/jetty-xml/9.3.25.v20180904/jetty-xml-9.3.25.v20180904.jar:/home/user/.m2/repository/log4j/log4j/1.2.17/log4j-1.2.17.jar:/home/user/.m2/repository/org/slf4j/slf4j-api/1.7.25/slf4j-api-1.7.25.jar:/home/user/.m2/repository/org/slf4j/jul-to-slf4j/1.7.25/jul-to-slf4j-1.7.25.jar:/home/user/.m2/repository/org/eclipse/jetty/jetty-util/9.3.25.v20180904/jetty-util-9.3.25.v20180904.jar:/home/user/.m2/repository/com/fasterxml/jackson/core/jackson-databind/2.9.9/jackson-databind-2.9.9.jar:/home/user/.m2/repository/org/apache/hadoop/hadoop-kms/3.2.0/hadoop-kms-3.2.0-tests.jar:/home/user/.m2/repository/org/apache/hadoop/hadoop-hdds-server-scm/0.5.0-SNAPSHOT/hadoop-hdds-server-scm-0.5.0-SNAPSHOT-tests.jar:/home/user/.m2/repository/org/apache/hadoop/hadoop-hdds-container-service/0.5.0-SNAPSHOT/hadoop-hdds-container-service-0.5.0-SNAPSHOT-tests.jar:/home/user/.m2/repository/org/yaml/snakeyaml/1.16/snakeyaml-1.16.jar:/home/user/.m2/repository/org/apache/hadoop/hadoop-common/3.2.0/hadoop-common-3.2.0-tests.jar:/home/user/.m2/repository/org/apache/hadoop/hadoop-annotations/3.2.0/hadoop-annotations-3.2.0.jar:/usr/lib/jvm/java-1.8.0-openjdk-1.8.0.222.b10-1.el7_7.x86_64/jre/../lib/tools.jar:/home/user/.m2/repository/commons-cli/commons-cli/1.2/commons-cli-1.2.jar:/home/user/.m2/repository/org/apache/httpcomponents/httpclient/4.5.2/httpclient-4.5.2.jar:/home/user/.m2/repository/org/apache/httpcomponents/httpcore/4.4.4/httpcore-4.4.4.jar:/home/user/.m2/repository/commons-codec/commons-codec/1.11/commons-codec-1.11.jar:/home/user/.m2/repository/commons-net/commons-net/3.6/commons-net-3.6.jar:/home/user/.m2/repository/commons-collections/commons-collections/3.2.2/commons-collections-3.2.2.jar:/home/user/.m2/repository/org/eclipse/jetty/jetty-servlet/9.3.25.v20180904/jetty-servlet-9.3.25.v20180904.jar:/home/user/.m2/repository/org/eclipse/jetty/jetty-security/9.3.25.v20180904/jetty-security-9.3.25.v20180904.jar:/home/user/.m2/repository/javax/servlet/jsp/jsp-api/2.1/jsp-api-2.1.jar:/home/user/.m2/repository/com/sun/jersey/jersey-servlet/1.19/jersey-servlet-1.19.jar:/home/user/.m2/repository/com/sun/jersey/jersey-json/1.19/jersey-json-1.19.jar:/home/user/.m2/repository/org/codehaus/jettison/jettison/1.1/jettison-1.1.jar:/home/user/.m2/repository/org/codehaus/jackson/jackson-core-asl/1.9.13/jackson-core-asl-1.9.13.jar:/home/user/.m2/repository/org/codehaus/jackson/jackson-mapper-asl/1.9.13/jackson-mapper-asl-1.9.13.jar:/home/user/.m2/repository/org/codehaus/jackson/jackson-jaxrs/1.9.13/jackson-jaxrs-1.9.13.jar:/home/user/.m2/repository/org/codehaus/jackson/jackson-xc/1.9.13/jackson-xc-1.9.13.jar:/home/user/.m2/repository/commons-logging/commons-logging/1.1.3/commons-logging-1.1.3.jar:/home/user/.m2/repository/commons-beanutils/commons-beanutils/1.9.4/commons-beanutils-1.9.4.jar:/home/user/.m2/repository/org/apache/commons/commons-configuration2/2.1.1/commons-configuration2-2.1.1.jar:/home/user/.m2/repository/org/apache/commons/commons-lang3/3.7/commons-lang3-3.7.jar:/home/user/.m2/repository/org/apache/commons/commons-text/1.4/commons-text-1.4.jar:/home/user/.m2/repository/org/apache/avro/avro/1.7.7/avro-1.7.7.jar:/home/user/.m2/repository/com/thoughtworks/paranamer/paranamer/2.3/paranamer-2.3.jar:/home/user/.m2/repository/org/xerial/snappy/snappy-java/1.0.5/snappy-java-1.0.5.jar:/home/user/.m2/repository/com/google/re2j/re2j/1.1/re2j-1.1.jar:/home/user/.m2/repository/com/google/code/gson/gson/2.2.4/gson-2.2.4.jar:/home/user/.m2/repository/com/jcraft/jsch/0.1.54/jsch-0.1.54.jar:/home/user/.m2/repository/org/apache/curator/curator-client/2.12.0/curator-client-2.12.0.jar:/home/user/.m2/repository/org/apache/curator/curator-recipes/2.12.0/curator-recipes-2.12.0.jar:/home/user/.m2/repository/com/google/code/findbugs/jsr305/3.0.0/jsr305-3.0.0.jar:/home/user/.m2/repository/org/apache/htrace/htrace-core4/4.1.0-incubating/htrace-core4-4.1.0-incubating.jar:/home/user/.m2/repository/org/apache/zookeeper/zookeeper/3.4.13/zookeeper-3.4.13.jar:/home/user/.m2/repository/jline/jline/0.9.94/jline-0.9.94.jar:/home/user/.m2/repository/org/apache/yetus/audience-annotations/0.5.0/audience-annotations-0.5.0.jar:/home/user/.m2/repository/org/codehaus/woodstox/stax2-api/3.1.4/stax2-api-3.1.4.jar:/home/user/.m2/repository/com/fasterxml/woodstox/woodstox-core/5.0.3/woodstox-core-5.0.3.jar:/home/user/.m2/repository/dnsjava/dnsjava/2.1.7/dnsjava-2.1.7.jar:/home/user/.m2/repository/org/apache/hadoop/hadoop-hdfs/3.2.0/hadoop-hdfs-3.2.0-tests.jar:/home/user/.m2/repository/org/eclipse/jetty/jetty-util-ajax/9.3.25.v20180904/jetty-util-ajax-9.3.25.v20180904.jar:/home/user/.m2/repository/commons-daemon/commons-daemon/1.0.13/commons-daemon-1.0.13.jar:/home/user/.m2/repository/io/netty/netty/3.10.5.Final/netty-3.10.5.Final.jar:/home/user/.m2/repository/io/netty/netty-all/4.0.52.Final/netty-all-4.0.52.Final.jar:/home/user/.m2/repository/org/fusesource/leveldbjni/leveldbjni-all/1.8/leveldbjni-all-1.8.jar:"/>
    <property name="java.vm.vendor" value="Oracle Corporation"/>
    <property name="sun.arch.data.model" value="64"/>
    <property name="test.build.dir" value="/workdir/hadoop-ozone/integration-test/target/test-dir"/>
    <property name="test.cache.data" value=""/>
    <property name="java.vendor.url" value="http://java.oracle.com/"/>
    <property name="user.timezone" value=""/>
    <property name="java.vm.specification.version" value="1.8"/>
    <property name="os.name" value="Linux"/>
    <property name="test.build.data" value="/workdir/hadoop-ozone/integration-test/target/test-dir"/>
    <property name="user.country" value="US"/>
    <property name="sun.java.launcher" value="SUN_STANDARD"/>
    <property name="sun.boot.library.path" value="/usr/lib/jvm/java-1.8.0-openjdk-1.8.0.222.b10-1.el7_7.x86_64/jre/lib/amd64"/>
    <property name="sun.java.command" value="/workdir/hadoop-ozone/integration-test/target/surefire/surefirebooter7898239877921814709.jar /workdir/hadoop-ozone/integration-test/target/surefire 2019-10-25T03-14-32_046-jvmRun1 surefire6292186150397969214tmp surefire_367984381370645235432tmp"/>
    <property name="surefire.test.class.path" value="/workdir/hadoop-ozone/integration-test/target/test-classes:/workdir/hadoop-ozone/integration-test/target/classes:/home/user/.m2/repository/org/apache/hadoop/hadoop-ozone-common/0.5.0-SNAPSHOT/hadoop-ozone-common-0.5.0-SNAPSHOT.jar:/home/user/.m2/repository/org/apache/commons/commons-compress/1.4.1/commons-compress-1.4.1.jar:/home/user/.m2/repository/org/tukaani/xz/1.0/xz-1.0.jar:/home/user/.m2/repository/org/apache/hadoop/hadoop-common/3.2.0/hadoop-common-3.2.0.jar:/home/user/.m2/repository/org/apache/hadoop/hadoop-hdfs/3.2.0/hadoop-hdfs-3.2.0.jar:/home/user/.m2/repository/org/apache/hadoop/hadoop-hdfs-client/3.2.0/hadoop-hdfs-client-3.2.0.jar:/home/user/.m2/repository/com/fasterxml/jackson/core/jackson-annotations/2.9.9/jackson-annotations-2.9.9.jar:/home/user/.m2/repository/org/apache/hadoop/hadoop-hdds-common/0.5.0-SNAPSHOT/hadoop-hdds-common-0.5.0-SNAPSHOT.jar:/home/user/.m2/repository/javax/annotation/javax.annotation-api/1.2/javax.annotation-api-1.2.jar:/home/user/.m2/repository/org/apache/ratis/ratis-server/0.5.0-ced7dbf-SNAPSHOT/ratis-server-0.5.0-ced7dbf-SNAPSHOT.jar:/home/user/.m2/repository/org/apache/ratis/ratis-thirdparty-misc/0.2.0/ratis-thirdparty-misc-0.2.0.jar:/home/user/.m2/repository/org/apache/ratis/ratis-proto/0.5.0-ced7dbf-SNAPSHOT/ratis-proto-0.5.0-ced7dbf-SNAPSHOT.jar:/home/user/.m2/repository/org/apache/ratis/ratis-common/0.5.0-ced7dbf-SNAPSHOT/ratis-common-0.5.0-ced7dbf-SNAPSHOT.jar:/home/user/.m2/repository/org/apache/ratis/ratis-client/0.5.0-ced7dbf-SNAPSHOT/ratis-client-0.5.0-ced7dbf-SNAPSHOT.jar:/home/user/.m2/repository/org/apache/ratis/ratis-metrics/0.5.0-ced7dbf-SNAPSHOT/ratis-metrics-0.5.0-ced7dbf-SNAPSHOT.jar:/home/user/.m2/repository/org/apache/ratis/ratis-netty/0.5.0-ced7dbf-SNAPSHOT/ratis-netty-0.5.0-ced7dbf-SNAPSHOT.jar:/home/user/.m2/repository/org/apache/ratis/ratis-grpc/0.5.0-ced7dbf-SNAPSHOT/ratis-grpc-0.5.0-ced7dbf-SNAPSHOT.jar:/home/user/.m2/repository/org/rocksdb/rocksdbjni/6.0.1/rocksdbjni-6.0.1.jar:/home/user/.m2/repository/org/apache/logging/log4j/log4j-api/2.11.0/log4j-api-2.11.0.jar:/home/user/.m2/repository/org/apache/logging/log4j/log4j-core/2.11.0/log4j-core-2.11.0.jar:/home/user/.m2/repository/com/lmax/disruptor/3.4.2/disruptor-3.4.2.jar:/home/user/.m2/repository/org/apache/commons/commons-pool2/2.6.0/commons-pool2-2.6.0.jar:/home/user/.m2/repository/org/bouncycastle/bcpkix-jdk15on/1.60/bcpkix-jdk15on-1.60.jar:/home/user/.m2/repository/commons-validator/commons-validator/1.6/commons-validator-1.6.jar:/home/user/.m2/repository/commons-digester/commons-digester/1.8.1/commons-digester-1.8.1.jar:/home/user/.m2/repository/io/jaegertracing/jaeger-client/0.34.0/jaeger-client-0.34.0.jar:/home/user/.m2/repository/io/jaegertracing/jaeger-thrift/0.34.0/jaeger-thrift-0.34.0.jar:/home/user/.m2/repository/org/apache/thrift/libthrift/0.12.0/libthrift-0.12.0.jar:/home/user/.m2/repository/com/squareup/okhttp3/okhttp/3.9.0/okhttp-3.9.0.jar:/home/user/.m2/repository/com/squareup/okio/okio/1.13.0/okio-1.13.0.jar:/home/user/.m2/repository/io/jaegertracing/jaeger-core/0.34.0/jaeger-core-0.34.0.jar:/home/user/.m2/repository/io/jaegertracing/jaeger-tracerresolver/0.34.0/jaeger-tracerresolver-0.34.0.jar:/home/user/.m2/repository/io/opentracing/contrib/opentracing-tracerresolver/0.1.5/opentracing-tracerresolver-0.1.5.jar:/home/user/.m2/repository/io/opentracing/opentracing-util/0.31.0/opentracing-util-0.31.0.jar:/home/user/.m2/repository/io/opentracing/opentracing-api/0.31.0/opentracing-api-0.31.0.jar:/home/user/.m2/repository/io/opentracing/opentracing-noop/0.31.0/opentracing-noop-0.31.0.jar:/home/user/.m2/repository/org/apache/hadoop/hadoop-hdds-server-framework/0.5.0-SNAPSHOT/hadoop-hdds-server-framework-0.5.0-SNAPSHOT.jar:/home/user/.m2/repository/org/apache/hadoop/hadoop-hdds-container-service/0.5.0-SNAPSHOT/hadoop-hdds-container-service-0.5.0-SNAPSHOT.jar:/home/user/.m2/repository/org/apache/hadoop/hadoop-hdds-client/0.5.0-SNAPSHOT/hadoop-hdds-client-0.5.0-SNAPSHOT.jar:/home/user/.m2/repository/org/apache/hadoop/hadoop-hdds-tools/0.5.0-SNAPSHOT/hadoop-hdds-tools-0.5.0-SNAPSHOT.jar:/home/user/.m2/repository/org/apache/hadoop/hadoop-hdds-server-scm/0.5.0-SNAPSHOT/hadoop-hdds-server-scm-0.5.0-SNAPSHOT.jar:/home/user/.m2/repository/org/apache/hadoop/hadoop-hdds-docs/0.5.0-SNAPSHOT/hadoop-hdds-docs-0.5.0-SNAPSHOT.jar:/home/user/.m2/repository/io/dropwizard/metrics/metrics-core/3.2.4/metrics-core-3.2.4.jar:/home/user/.m2/repository/org/hamcrest/hamcrest-all/1.3/hamcrest-all-1.3.jar:/home/user/.m2/repository/org/bouncycastle/bcprov-jdk15on/1.60/bcprov-jdk15on-1.60.jar:/home/user/.m2/repository/info/picocli/picocli/3.9.6/picocli-3.9.6.jar:/home/user/.m2/repository/com/google/protobuf/protobuf-java/2.5.0/protobuf-java-2.5.0.jar:/home/user/.m2/repository/com/google/guava/guava/11.0.2/guava-11.0.2.jar:/home/user/.m2/repository/org/apache/hadoop/hadoop-ozone-ozone-manager/0.5.0-SNAPSHOT/hadoop-ozone-ozone-manager-0.5.0-SNAPSHOT.jar:/home/user/.m2/repository/org/apache/hadoop/hadoop-minikdc/3.2.0/hadoop-minikdc-3.2.0.jar:/home/user/.m2/repository/commons-io/commons-io/2.5/commons-io-2.5.jar:/home/user/.m2/repository/org/apache/kerby/kerb-simplekdc/1.0.1/kerb-simplekdc-1.0.1.jar:/home/user/.m2/repository/org/apache/kerby/kerb-client/1.0.1/kerb-client-1.0.1.jar:/home/user/.m2/repository/org/apache/kerby/kerby-config/1.0.1/kerby-config-1.0.1.jar:/home/user/.m2/repository/org/apache/kerby/kerb-core/1.0.1/kerb-core-1.0.1.jar:/home/user/.m2/repository/org/apache/kerby/kerby-pkix/1.0.1/kerby-pkix-1.0.1.jar:/home/user/.m2/repository/org/apache/kerby/kerby-asn1/1.0.1/kerby-asn1-1.0.1.jar:/home/user/.m2/repository/org/apache/kerby/kerby-util/1.0.1/kerby-util-1.0.1.jar:/home/user/.m2/repository/org/apache/kerby/kerb-common/1.0.1/kerb-common-1.0.1.jar:/home/user/.m2/repository/org/apache/kerby/kerb-crypto/1.0.1/kerb-crypto-1.0.1.jar:/home/user/.m2/repository/org/apache/kerby/kerb-util/1.0.1/kerb-util-1.0.1.jar:/home/user/.m2/repository/org/apache/kerby/token-provider/1.0.1/token-provider-1.0.1.jar:/home/user/.m2/repository/org/apache/kerby/kerb-admin/1.0.1/kerb-admin-1.0.1.jar:/home/user/.m2/repository/org/apache/kerby/kerb-server/1.0.1/kerb-server-1.0.1.jar:/home/user/.m2/repository/org/apache/kerby/kerb-identity/1.0.1/kerb-identity-1.0.1.jar:/home/user/.m2/repository/org/apache/kerby/kerby-xdr/1.0.1/kerby-xdr-1.0.1.jar:/home/user/.m2/repository/org/slf4j/slf4j-log4j12/1.7.25/slf4j-log4j12-1.7.25.jar:/home/user/.m2/repository/org/apache/hadoop/hadoop-ozone-s3gateway/0.5.0-SNAPSHOT/hadoop-ozone-s3gateway-0.5.0-SNAPSHOT.jar:/home/user/.m2/repository/org/jboss/weld/servlet/weld-servlet/2.4.7.Final/weld-servlet-2.4.7.Final.jar:/home/user/.m2/repository/org/glassfish/jersey/containers/jersey-container-servlet-core/2.27/jersey-container-servlet-core-2.27.jar:/home/user/.m2/repository/org/glassfish/hk2/external/javax.inject/2.5.0-b42/javax.inject-2.5.0-b42.jar:/home/user/.m2/repository/org/glassfish/jersey/core/jersey-common/2.27/jersey-common-2.27.jar:/home/user/.m2/repository/org/glassfish/hk2/osgi-resource-locator/1.0.1/osgi-resource-locator-1.0.1.jar:/home/user/.m2/repository/javax/ws/rs/javax.ws.rs-api/2.1/javax.ws.rs-api-2.1.jar:/home/user/.m2/repository/org/glassfish/jersey/ext/cdi/jersey-cdi1x/2.27/jersey-cdi1x-2.27.jar:/home/user/.m2/repository/org/glassfish/jersey/inject/jersey-hk2/2.27/jersey-hk2-2.27.jar:/home/user/.m2/repository/org/glassfish/hk2/hk2-locator/2.5.0-b42/hk2-locator-2.5.0-b42.jar:/home/user/.m2/repository/org/javassist/javassist/3.22.0-CR2/javassist-3.22.0-CR2.jar:/home/user/.m2/repository/org/glassfish/hk2/hk2-api/2.5.0/hk2-api-2.5.0.jar:/home/user/.m2/repository/org/glassfish/hk2/external/jakarta.inject/2.5.0/jakarta.inject-2.5.0.jar:/home/user/.m2/repository/org/glassfish/hk2/hk2-utils/2.5.0/hk2-utils-2.5.0.jar:/home/user/.m2/repository/jakarta/annotation/jakarta.annotation-api/1.3.4/jakarta.annotation-api-1.3.4.jar:/home/user/.m2/repository/org/glassfish/hk2/external/aopalliance-repackaged/2.5.0/aopalliance-repackaged-2.5.0.jar:/home/user/.m2/repository/com/fasterxml/jackson/dataformat/jackson-dataformat-xml/2.9.0/jackson-dataformat-xml-2.9.0.jar:/home/user/.m2/repository/com/fasterxml/jackson/core/jackson-core/2.9.9/jackson-core-2.9.9.jar:/home/user/.m2/repository/com/fasterxml/jackson/module/jackson-module-jaxb-annotations/2.9.9/jackson-module-jaxb-annotations-2.9.9.jar:/home/user/.m2/repository/javax/enterprise/cdi-api/1.2/cdi-api-1.2.jar:/home/user/.m2/repository/javax/el/javax.el-api/3.0.0/javax.el-api-3.0.0.jar:/home/user/.m2/repository/javax/interceptor/javax.interceptor-api/1.2/javax.interceptor-api-1.2.jar:/home/user/.m2/repository/javax/inject/javax.inject/1/javax.inject-1.jar:/home/user/.m2/repository/com/sun/xml/bind/jaxb-impl/2.3.0.1/jaxb-impl-2.3.0.1.jar:/home/user/.m2/repository/com/sun/xml/bind/jaxb-core/2.3.0.1/jaxb-core-2.3.0.1.jar:/home/user/.m2/repository/javax/xml/bind/jaxb-api/2.3.0/jaxb-api-2.3.0.jar:/home/user/.m2/repository/javax/activation/activation/1.1.1/activation-1.1.1.jar:/home/user/.m2/repository/org/apache/hadoop/hadoop-ozone-csi/0.5.0-SNAPSHOT/hadoop-ozone-csi-0.5.0-SNAPSHOT.jar:/home/user/.m2/repository/com/google/protobuf/protobuf-java-util/3.5.1/protobuf-java-util-3.5.1.jar:/home/user/.m2/repository/org/apache/hadoop/hadoop-hdds-config/0.5.0-SNAPSHOT/hadoop-hdds-config-0.5.0-SNAPSHOT.jar:/home/user/.m2/repository/io/grpc/grpc-netty/1.17.1/grpc-netty-1.17.1.jar:/home/user/.m2/repository/io/grpc/grpc-core/1.17.1/grpc-core-1.17.1.jar:/home/user/.m2/repository/io/grpc/grpc-context/1.17.1/grpc-context-1.17.1.jar:/home/user/.m2/repository/com/google/errorprone/error_prone_annotations/2.2.0/error_prone_annotations-2.2.0.jar:/home/user/.m2/repository/org/codehaus/mojo/animal-sniffer-annotations/1.17/animal-sniffer-annotations-1.17.jar:/home/user/.m2/repository/io/opencensus/opencensus-api/0.17.0/opencensus-api-0.17.0.jar:/home/user/.m2/repository/io/opencensus/opencensus-contrib-grpc-metrics/0.17.0/opencensus-contrib-grpc-metrics-0.17.0.jar:/home/user/.m2/repository/io/netty/netty-codec-http2/4.1.30.Final/netty-codec-http2-4.1.30.Final.jar:/home/user/.m2/repository/io/netty/netty-codec-http/4.1.30.Final/netty-codec-http-4.1.30.Final.jar:/home/user/.m2/repository/io/netty/netty-codec/4.1.30.Final/netty-codec-4.1.30.Final.jar:/home/user/.m2/repository/io/netty/netty-handler/4.1.30.Final/netty-handler-4.1.30.Final.jar:/home/user/.m2/repository/io/netty/netty-handler-proxy/4.1.30.Final/netty-handler-proxy-4.1.30.Final.jar:/home/user/.m2/repository/io/netty/netty-codec-socks/4.1.30.Final/netty-codec-socks-4.1.30.Final.jar:/home/user/.m2/repository/io/netty/netty-transport-native-epoll/4.1.30.Final/netty-transport-native-epoll-4.1.30.Final.jar:/home/user/.m2/repository/io/netty/netty-common/4.1.30.Final/netty-common-4.1.30.Final.jar:/home/user/.m2/repository/io/netty/netty-buffer/4.1.30.Final/netty-buffer-4.1.30.Final.jar:/home/user/.m2/repository/io/netty/netty-transport/4.1.30.Final/netty-transport-4.1.30.Final.jar:/home/user/.m2/repository/io/netty/netty-resolver/4.1.30.Final/netty-resolver-4.1.30.Final.jar:/home/user/.m2/repository/io/netty/netty-transport-native-unix-common/4.1.30.Final/netty-transport-native-unix-common-4.1.30.Final.jar:/home/user/.m2/repository/io/grpc/grpc-protobuf/1.17.1/grpc-protobuf-1.17.1.jar:/home/user/.m2/repository/com/google/api/grpc/proto-google-common-protos/1.0.0/proto-google-common-protos-1.0.0.jar:/home/user/.m2/repository/io/grpc/grpc-protobuf-lite/1.17.1/grpc-protobuf-lite-1.17.1.jar:/home/user/.m2/repository/io/grpc/grpc-stub/1.17.1/grpc-stub-1.17.1.jar:/home/user/.m2/repository/org/apache/hadoop/hadoop-ozone-recon/0.5.0-SNAPSHOT/hadoop-ozone-recon-0.5.0-SNAPSHOT.jar:/home/user/.m2/repository/org/apache/hadoop/hadoop-ozone-reconcodegen/0.5.0-SNAPSHOT/hadoop-ozone-reconcodegen-0.5.0-SNAPSHOT.jar:/home/user/.m2/repository/com/google/inject/extensions/guice-multibindings/4.0/guice-multibindings-4.0.jar:/home/user/.m2/repository/com/google/inject/guice/4.0/guice-4.0.jar:/home/user/.m2/repository/aopalliance/aopalliance/1.0/aopalliance-1.0.jar:/home/user/.m2/repository/com/google/inject/extensions/guice-servlet/4.0/guice-servlet-4.0.jar:/home/user/.m2/repository/org/glassfish/jersey/containers/jersey-container-servlet/2.27/jersey-container-servlet-2.27.jar:/home/user/.m2/repository/org/glassfish/hk2/guice-bridge/2.5.0/guice-bridge-2.5.0.jar:/home/user/.m2/repository/org/glassfish/jersey/core/jersey-server/2.27/jersey-server-2.27.jar:/home/user/.m2/repository/org/glassfish/jersey/core/jersey-client/2.27/jersey-client-2.27.jar:/home/user/.m2/repository/org/glassfish/jersey/media/jersey-media-jaxb/2.27/jersey-media-jaxb-2.27.jar:/home/user/.m2/repository/javax/validation/validation-api/1.1.0.Final/validation-api-1.1.0.Final.jar:/home/user/.m2/repository/org/glassfish/jersey/media/jersey-media-json-jackson/2.27/jersey-media-json-jackson-2.27.jar:/home/user/.m2/repository/org/glassfish/jersey/ext/jersey-entity-filtering/2.27/jersey-entity-filtering-2.27.jar:/home/user/.m2/repository/com/google/inject/extensions/guice-assistedinject/4.0/guice-assistedinject-4.0.jar:/home/user/.m2/repository/org/jooq/jooq/3.11.10/jooq-3.11.10.jar:/home/user/.m2/repository/org/jooq/jooq-meta/3.11.10/jooq-meta-3.11.10.jar:/home/user/.m2/repository/org/jooq/jooq-codegen/3.11.10/jooq-codegen-3.11.10.jar:/home/user/.m2/repository/com/jolbox/bonecp/0.8.0.RELEASE/bonecp-0.8.0.RELEASE.jar:/home/user/.m2/repository/org/xerial/sqlite-jdbc/3.25.2/sqlite-jdbc-3.25.2.jar:/home/user/.m2/repository/org/springframework/spring-jdbc/5.1.3.RELEASE/spring-jdbc-5.1.3.RELEASE.jar:/home/user/.m2/repository/org/springframework/spring-beans/5.1.3.RELEASE/spring-beans-5.1.3.RELEASE.jar:/home/user/.m2/repository/org/springframework/spring-core/5.1.3.RELEASE/spring-core-5.1.3.RELEASE.jar:/home/user/.m2/repository/org/springframework/spring-jcl/5.1.3.RELEASE/spring-jcl-5.1.3.RELEASE.jar:/home/user/.m2/repository/org/springframework/spring-tx/5.1.3.RELEASE/spring-tx-5.1.3.RELEASE.jar:/home/user/.m2/repository/org/apache/hadoop/hadoop-ozone-client/0.5.0-SNAPSHOT/hadoop-ozone-client-0.5.0-SNAPSHOT.jar:/home/user/.m2/repository/commons-lang/commons-lang/2.6/commons-lang-2.6.jar:/home/user/.m2/repository/org/apache/hadoop/hadoop-ozone-ozone-manager/0.5.0-SNAPSHOT/hadoop-ozone-ozone-manager-0.5.0-SNAPSHOT-tests.jar:/home/user/.m2/repository/junit/junit/4.11/junit-4.11.jar:/home/user/.m2/repository/org/hamcrest/hamcrest-core/1.3/hamcrest-core-1.3.jar:/home/user/.m2/repository/org/openjdk/jmh/jmh-core/1.19/jmh-core-1.19.jar:/home/user/.m2/repository/net/sf/jopt-simple/jopt-simple/4.6/jopt-simple-4.6.jar:/home/user/.m2/repository/org/apache/commons/commons-math3/3.1.1/commons-math3-3.1.1.jar:/home/user/.m2/repository/org/openjdk/jmh/jmh-generator-annprocess/1.19/jmh-generator-annprocess-1.19.jar:/home/user/.m2/repository/org/mockito/mockito-all/1.8.5/mockito-all-1.8.5.jar:/home/user/.m2/repository/org/apache/hadoop/hadoop-kms/3.2.0/hadoop-kms-3.2.0.jar:/home/user/.m2/repository/org/apache/hadoop/hadoop-auth/3.2.0/hadoop-auth-3.2.0.jar:/home/user/.m2/repository/com/nimbusds/nimbus-jose-jwt/4.41.1/nimbus-jose-jwt-4.41.1.jar:/home/user/.m2/repository/com/github/stephenc/jcip/jcip-annotations/1.0-1/jcip-annotations-1.0-1.jar:/home/user/.m2/repository/net/minidev/json-smart/2.3/json-smart-2.3.jar:/home/user/.m2/repository/net/minidev/accessors-smart/1.2/accessors-smart-1.2.jar:/home/user/.m2/repository/org/ow2/asm/asm/5.0.4/asm-5.0.4.jar:/home/user/.m2/repository/org/apache/curator/curator-framework/2.12.0/curator-framework-2.12.0.jar:/home/user/.m2/repository/com/sun/jersey/jersey-core/1.19/jersey-core-1.19.jar:/home/user/.m2/repository/javax/ws/rs/jsr311-api/1.1.1/jsr311-api-1.1.1.jar:/home/user/.m2/repository/com/sun/jersey/jersey-server/1.19/jersey-server-1.19.jar:/home/user/.m2/repository/javax/servlet/javax.servlet-api/3.1.0/javax.servlet-api-3.1.0.jar:/home/user/.m2/repository/org/eclipse/jetty/jetty-server/9.3.25.v20180904/jetty-server-9.3.25.v20180904.jar:/home/user/.m2/repository/org/eclipse/jetty/jetty-http/9.3.25.v20180904/jetty-http-9.3.25.v20180904.jar:/home/user/.m2/repository/org/eclipse/jetty/jetty-io/9.3.25.v20180904/jetty-io-9.3.25.v20180904.jar:/home/user/.m2/repository/org/eclipse/jetty/jetty-webapp/9.3.25.v20180904/jetty-webapp-9.3.25.v20180904.jar:/home/user/.m2/repository/org/eclipse/jetty/jetty-xml/9.3.25.v20180904/jetty-xml-9.3.25.v20180904.jar:/home/user/.m2/repository/log4j/log4j/1.2.17/log4j-1.2.17.jar:/home/user/.m2/repository/org/slf4j/slf4j-api/1.7.25/slf4j-api-1.7.25.jar:/home/user/.m2/repository/org/slf4j/jul-to-slf4j/1.7.25/jul-to-slf4j-1.7.25.jar:/home/user/.m2/repository/org/eclipse/jetty/jetty-util/9.3.25.v20180904/jetty-util-9.3.25.v20180904.jar:/home/user/.m2/repository/com/fasterxml/jackson/core/jackson-databind/2.9.9/jackson-databind-2.9.9.jar:/home/user/.m2/repository/org/apache/hadoop/hadoop-kms/3.2.0/hadoop-kms-3.2.0-tests.jar:/home/user/.m2/repository/org/apache/hadoop/hadoop-hdds-server-scm/0.5.0-SNAPSHOT/hadoop-hdds-server-scm-0.5.0-SNAPSHOT-tests.jar:/home/user/.m2/repository/org/apache/hadoop/hadoop-hdds-container-service/0.5.0-SNAPSHOT/hadoop-hdds-container-service-0.5.0-SNAPSHOT-tests.jar:/home/user/.m2/repository/org/yaml/snakeyaml/1.16/snakeyaml-1.16.jar:/home/user/.m2/repository/org/apache/hadoop/hadoop-common/3.2.0/hadoop-common-3.2.0-tests.jar:/home/user/.m2/repository/org/apache/hadoop/hadoop-annotations/3.2.0/hadoop-annotations-3.2.0.jar:/usr/lib/jvm/java-1.8.0-openjdk-1.8.0.222.b10-1.el7_7.x86_64/jre/../lib/tools.jar:/home/user/.m2/repository/commons-cli/commons-cli/1.2/commons-cli-1.2.jar:/home/user/.m2/repository/org/apache/httpcomponents/httpclient/4.5.2/httpclient-4.5.2.jar:/home/user/.m2/repository/org/apache/httpcomponents/httpcore/4.4.4/httpcore-4.4.4.jar:/home/user/.m2/repository/commons-codec/commons-codec/1.11/commons-codec-1.11.jar:/home/user/.m2/repository/commons-net/commons-net/3.6/commons-net-3.6.jar:/home/user/.m2/repository/commons-collections/commons-collections/3.2.2/commons-collections-3.2.2.jar:/home/user/.m2/repository/org/eclipse/jetty/jetty-servlet/9.3.25.v20180904/jetty-servlet-9.3.25.v20180904.jar:/home/user/.m2/repository/org/eclipse/jetty/jetty-security/9.3.25.v20180904/jetty-security-9.3.25.v20180904.jar:/home/user/.m2/repository/javax/servlet/jsp/jsp-api/2.1/jsp-api-2.1.jar:/home/user/.m2/repository/com/sun/jersey/jersey-servlet/1.19/jersey-servlet-1.19.jar:/home/user/.m2/repository/com/sun/jersey/jersey-json/1.19/jersey-json-1.19.jar:/home/user/.m2/repository/org/codehaus/jettison/jettison/1.1/jettison-1.1.jar:/home/user/.m2/repository/org/codehaus/jackson/jackson-core-asl/1.9.13/jackson-core-asl-1.9.13.jar:/home/user/.m2/repository/org/codehaus/jackson/jackson-mapper-asl/1.9.13/jackson-mapper-asl-1.9.13.jar:/home/user/.m2/repository/org/codehaus/jackson/jackson-jaxrs/1.9.13/jackson-jaxrs-1.9.13.jar:/home/user/.m2/repository/org/codehaus/jackson/jackson-xc/1.9.13/jackson-xc-1.9.13.jar:/home/user/.m2/repository/commons-logging/commons-logging/1.1.3/commons-logging-1.1.3.jar:/home/user/.m2/repository/commons-beanutils/commons-beanutils/1.9.4/commons-beanutils-1.9.4.jar:/home/user/.m2/repository/org/apache/commons/commons-configuration2/2.1.1/commons-configuration2-2.1.1.jar:/home/user/.m2/repository/org/apache/commons/commons-lang3/3.7/commons-lang3-3.7.jar:/home/user/.m2/repository/org/apache/commons/commons-text/1.4/commons-text-1.4.jar:/home/user/.m2/repository/org/apache/avro/avro/1.7.7/avro-1.7.7.jar:/home/user/.m2/repository/com/thoughtworks/paranamer/paranamer/2.3/paranamer-2.3.jar:/home/user/.m2/repository/org/xerial/snappy/snappy-java/1.0.5/snappy-java-1.0.5.jar:/home/user/.m2/repository/com/google/re2j/re2j/1.1/re2j-1.1.jar:/home/user/.m2/repository/com/google/code/gson/gson/2.2.4/gson-2.2.4.jar:/home/user/.m2/repository/com/jcraft/jsch/0.1.54/jsch-0.1.54.jar:/home/user/.m2/repository/org/apache/curator/curator-client/2.12.0/curator-client-2.12.0.jar:/home/user/.m2/repository/org/apache/curator/curator-recipes/2.12.0/curator-recipes-2.12.0.jar:/home/user/.m2/repository/com/google/code/findbugs/jsr305/3.0.0/jsr305-3.0.0.jar:/home/user/.m2/repository/org/apache/htrace/htrace-core4/4.1.0-incubating/htrace-core4-4.1.0-incubating.jar:/home/user/.m2/repository/org/apache/zookeeper/zookeeper/3.4.13/zookeeper-3.4.13.jar:/home/user/.m2/repository/jline/jline/0.9.94/jline-0.9.94.jar:/home/user/.m2/repository/org/apache/yetus/audience-annotations/0.5.0/audience-annotations-0.5.0.jar:/home/user/.m2/repository/org/codehaus/woodstox/stax2-api/3.1.4/stax2-api-3.1.4.jar:/home/user/.m2/repository/com/fasterxml/woodstox/woodstox-core/5.0.3/woodstox-core-5.0.3.jar:/home/user/.m2/repository/dnsjava/dnsjava/2.1.7/dnsjava-2.1.7.jar:/home/user/.m2/repository/org/apache/hadoop/hadoop-hdfs/3.2.0/hadoop-hdfs-3.2.0-tests.jar:/home/user/.m2/repository/org/eclipse/jetty/jetty-util-ajax/9.3.25.v20180904/jetty-util-ajax-9.3.25.v20180904.jar:/home/user/.m2/repository/commons-daemon/commons-daemon/1.0.13/commons-daemon-1.0.13.jar:/home/user/.m2/repository/io/netty/netty/3.10.5.Final/netty-3.10.5.Final.jar:/home/user/.m2/repository/io/netty/netty-all/4.0.52.Final/netty-all-4.0.52.Final.jar:/home/user/.m2/repository/org/fusesource/leveldbjni/leveldbjni-all/1.8/leveldbjni-all-1.8.jar:"/>
    <property name="sun.cpu.endian" value="little"/>
    <property name="user.home" value="/home/user"/>
    <property name="user.language" value="en"/>
    <property name="java.specification.vendor" value="Oracle Corporation"/>
    <property name="java.home" value="/usr/lib/jvm/java-1.8.0-openjdk-1.8.0.222.b10-1.el7_7.x86_64/jre"/>
    <property name="surefire.excludesFile" value="/tools/ozone-bad-unit-tests"/>
    <property name="java.security.krb5.conf" value="/workdir/hadoop-ozone/integration-test/target/test-classes/krb5.conf"/>
    <property name="basedir" value="/workdir/hadoop-ozone/integration-test"/>
    <property name="file.separator" value="/"/>
    <property name="line.separator" value="&#10;"/>
    <property name="java.vm.specification.vendor" value="Oracle Corporation"/>
    <property name="java.specification.name" value="Java Platform API Specification"/>
    <property name="java.awt.graphicsenv" value="sun.awt.X11GraphicsEnvironment"/>
    <property name="surefire.real.class.path" value="/workdir/hadoop-ozone/integration-test/target/surefire/surefirebooter7898239877921814709.jar"/>
    <property name="hadoop.log.dir" value="/workdir/hadoop-ozone/integration-test/target/log"/>
    <property name="sun.boot.class.path" value="/usr/lib/jvm/java-1.8.0-openjdk-1.8.0.222.b10-1.el7_7.x86_64/jre/lib/resources.jar:/usr/lib/jvm/java-1.8.0-openjdk-1.8.0.222.b10-1.el7_7.x86_64/jre/lib/rt.jar:/usr/lib/jvm/java-1.8.0-openjdk-1.8.0.222.b10-1.el7_7.x86_64/jre/lib/sunrsasign.jar:/usr/lib/jvm/java-1.8.0-openjdk-1.8.0.222.b10-1.el7_7.x86_64/jre/lib/jsse.jar:/usr/lib/jvm/java-1.8.0-openjdk-1.8.0.222.b10-1.el7_7.x86_64/jre/lib/jce.jar:/usr/lib/jvm/java-1.8.0-openjdk-1.8.0.222.b10-1.el7_7.x86_64/jre/lib/charsets.jar:/usr/lib/jvm/java-1.8.0-openjdk-1.8.0.222.b10-1.el7_7.x86_64/jre/lib/jfr.jar:/usr/lib/jvm/java-1.8.0-openjdk-1.8.0.222.b10-1.el7_7.x86_64/jre/classes"/>
    <property name="sun.management.compiler" value="HotSpot 64-Bit Tiered Compilers"/>
    <property name="java.runtime.version" value="1.8.0_222-b10"/>
    <property name="java.net.preferIPv4Stack" value="true"/>
    <property name="user.name" value="jenkins1000"/>
    <property name="path.separator" value=":"/>
    <property name="java.security.egd" value="file:///dev/urandom"/>
    <property name="os.version" value="3.10.0-957.12.2.el7.x86_64"/>
    <property name="java.endorsed.dirs" value="/usr/lib/jvm/java-1.8.0-openjdk-1.8.0.222.b10-1.el7_7.x86_64/jre/lib/endorsed"/>
    <property name="java.runtime.name" value="OpenJDK Runtime Environment"/>
    <property name="file.encoding" value="ANSI_X3.4-1968"/>
    <property name="java.vm.name" value="OpenJDK 64-Bit Server VM"/>
    <property name="test.build.webapps" value=""/>
    <property name="localRepository" value="/home/user/.m2/repository"/>
    <property name="java.vendor.url.bug" value="http://bugreport.sun.com/bugreport/"/>
    <property name="java.io.tmpdir" value="/tmp"/>
    <property name="require.test.libhadoop" value=""/>
    <property name="java.version" value="1.8.0_222"/>
    <property name="user.dir" value="/workdir/hadoop-ozone/integration-test"/>
    <property name="os.arch" value="amd64"/>
    <property name="java.vm.specification.name" value="Java Virtual Machine Specification"/>
    <property name="test.build.classes" value="/workdir/hadoop-ozone/integration-test/target/test-classes"/>
    <property name="java.awt.printerjob" value="sun.print.PSPrinterJob"/>
    <property name="sun.os.patch.level" value="unknown"/>
    <property name="hadoop.tmp.dir" value="/workdir/hadoop-ozone/integration-test/target/tmp"/>
    <property name="java.library.path" value="/usr/lib:/workdir/hadoop-ozone/integration-test/target/native/target/usr/local/lib:/workdir/hadoop-ozone/integration-test/../../hadoop-common-project/hadoop-common/target/native/target/usr/local/lib:/usr/java/packages/lib/amd64:/usr/lib64:/lib64:/lib:/usr/lib"/>
    <property name="java.vm.info" value="mixed mode"/>
    <property name="java.vendor" value="Oracle Corporation"/>
    <property name="java.vm.version" value="25.222-b10"/>
    <property name="java.ext.dirs" value="/usr/lib/jvm/java-1.8.0-openjdk-1.8.0.222.b10-1.el7_7.x86_64/jre/lib/ext:/usr/java/packages/lib/ext"/>
    <property name="sun.io.unicode.encoding" value="UnicodeLittle"/>
    <property name="java.class.version" value="52.0"/>
  </properties>
  <testcase name="test" classname="org.apache.hadoop.ozone.scm.TestSCMContainerPlacementPolicyMetrics" time="87.316">
    <error message="test timed out after 60000 milliseconds" type="java.lang.Exception">java.lang.Exception: test timed out after 60000 milliseconds
	at sun.misc.Unsafe.park(Native Method)
	at java.util.concurrent.locks.LockSupport.park(LockSupport.java:175)
	at java.util.concurrent.CompletableFuture$Signaller.block(CompletableFuture.java:1693)
	at java.util.concurrent.ForkJoinPool.managedBlock(ForkJoinPool.java:3323)
	at java.util.concurrent.CompletableFuture.waitingGet(CompletableFuture.java:1729)
	at java.util.concurrent.CompletableFuture.get(CompletableFuture.java:1895)
	at org.apache.hadoop.hdds.scm.storage.BlockOutputStream.waitOnFlushFutures(BlockOutputStream.java:518)
	at org.apache.hadoop.hdds.scm.storage.BlockOutputStream.handleFlush(BlockOutputStream.java:481)
	at org.apache.hadoop.hdds.scm.storage.BlockOutputStream.close(BlockOutputStream.java:496)
	at org.apache.hadoop.ozone.client.io.BlockOutputStreamEntry.close(BlockOutputStreamEntry.java:143)
	at org.apache.hadoop.ozone.client.io.KeyOutputStream.handleFlushOrClose(KeyOutputStream.java:435)
	at org.apache.hadoop.ozone.client.io.KeyOutputStream.close(KeyOutputStream.java:473)
	at org.apache.hadoop.ozone.client.io.OzoneOutputStream.close(OzoneOutputStream.java:60)
	at org.apache.hadoop.ozone.scm.TestSCMContainerPlacementPolicyMetrics.test(TestSCMContainerPlacementPolicyMetrics.java:112)
	at sun.reflect.NativeMethodAccessorImpl.invoke0(Native Method)
	at sun.reflect.NativeMethodAccessorImpl.invoke(NativeMethodAccessorImpl.java:62)
	at sun.reflect.DelegatingMethodAccessorImpl.invoke(DelegatingMethodAccessorImpl.java:43)
	at java.lang.reflect.Method.invoke(Method.java:498)
	at org.junit.runners.model.FrameworkMethod$1.runReflectiveCall(FrameworkMethod.java:47)
	at org.junit.internal.runners.model.ReflectiveCallable.run(ReflectiveCallable.java:12)
	at org.junit.runners.model.FrameworkMethod.invokeExplosively(FrameworkMethod.java:44)
	at org.junit.internal.runners.statements.InvokeMethod.evaluate(InvokeMethod.java:17)
	at org.junit.internal.runners.statements.FailOnTimeout$StatementThread.run(FailOnTimeout.java:74)
</error>
    <system-out><![CDATA[2019-10-25 03:58:48,742 [main] WARN  server.ServerUtils (ServerUtils.java:getScmDbDir(145)) - ozone.scm.db.dirs is not configured. We recommend adding this setting. Falling back to ozone.metadata.dirs instead.
2019-10-25 03:58:48,861 [main] WARN  server.ServerUtils (ServerUtils.java:getScmDbDir(145)) - ozone.scm.db.dirs is not configured. We recommend adding this setting. Falling back to ozone.metadata.dirs instead.
2019-10-25 03:58:48,865 [main] WARN  server.ServerUtils (ServerUtils.java:getScmDbDir(145)) - ozone.scm.db.dirs is not configured. We recommend adding this setting. Falling back to ozone.metadata.dirs instead.
2019-10-25 03:58:48,892 [main] INFO  util.log (Log.java:initialized(192)) - Logging initialized @878ms
2019-10-25 03:58:48,988 [main] INFO  db.DBStoreBuilder (DBStoreBuilder.java:addTable(127)) - using custom profile for table: deletedBlocks
2019-10-25 03:58:48,989 [main] INFO  db.DBStoreBuilder (DBStoreBuilder.java:processTables(183)) - Using default column profile:DBProfile.DISK for Table:deletedBlocks
2019-10-25 03:58:48,989 [main] INFO  db.DBStoreBuilder (DBStoreBuilder.java:addTable(127)) - using custom profile for table: validCerts
2019-10-25 03:58:48,989 [main] INFO  db.DBStoreBuilder (DBStoreBuilder.java:processTables(183)) - Using default column profile:DBProfile.DISK for Table:validCerts
2019-10-25 03:58:48,989 [main] INFO  db.DBStoreBuilder (DBStoreBuilder.java:addTable(127)) - using custom profile for table: revokedCerts
2019-10-25 03:58:48,990 [main] INFO  db.DBStoreBuilder (DBStoreBuilder.java:processTables(183)) - Using default column profile:DBProfile.DISK for Table:revokedCerts
2019-10-25 03:58:49,000 [main] INFO  db.DBStoreBuilder (DBStoreBuilder.java:addTable(127)) - using custom profile for table: default
2019-10-25 03:58:49,001 [main] INFO  db.DBStoreBuilder (DBStoreBuilder.java:processTables(189)) - Using default column profile:DBProfile.DISK for Table:default
2019-10-25 03:58:49,002 [main] INFO  db.DBStoreBuilder (DBStoreBuilder.java:getDbProfile(220)) - Using default options. DBProfile.DISK
2019-10-25 03:58:49,218 [main] INFO  net.NodeSchemaLoader (NodeSchemaLoader.java:loadSchemaFromFile(125)) - Loading file from sun.misc.CompoundEnumeration@13c9d689
2019-10-25 03:58:49,219 [main] INFO  net.NodeSchemaLoader (NodeSchemaLoader.java:loadSchema(171)) - Loading network topology layer schema file
2019-10-25 03:58:49,273 [main] WARN  server.ServerUtils (ServerUtils.java:sanitizeUserArgs(70)) - ozone.scm.stale.node.interval value = 300000 is larger than max = 100000 based on the key value of ozone.scm.heartbeat.thread.interval, reset to the max value 100000.
2019-10-25 03:58:49,275 [main] WARN  server.ServerUtils (ServerUtils.java:sanitizeUserArgs(70)) - ozone.scm.stale.node.interval value = 300000 is larger than max = 100000 based on the key value of ozone.scm.heartbeat.thread.interval, reset to the max value 100000.
2019-10-25 03:58:49,277 [main] INFO  node.SCMNodeManager (SCMNodeManager.java:<init>(116)) - Entering startup safe mode.
2019-10-25 03:58:49,332 [main] INFO  Configuration.deprecation (Configuration.java:logDeprecation(1394)) - hadoop.configured.node.mapping is deprecated. Instead, use net.topology.configured.node.mapping
2019-10-25 03:58:49,337 [main] INFO  algorithms.ContainerPlacementPolicyFactory (ContainerPlacementPolicyFactory.java:getPolicy(57)) - Create container placement policy of type org.apache.hadoop.hdds.scm.container.placement.algorithms.SCMContainerPlacementRackAware
2019-10-25 03:58:49,349 [main] WARN  server.ServerUtils (ServerUtils.java:getScmDbDir(145)) - ozone.scm.db.dirs is not configured. We recommend adding this setting. Falling back to ozone.metadata.dirs instead.
2019-10-25 03:58:49,405 [main] INFO  pipeline.SCMPipelineManager (SCMPipelineManager.java:initializePipelineState(136)) - No pipeline exists in current db
2019-10-25 03:58:49,407 [main] WARN  server.ServerUtils (ServerUtils.java:getScmDbDir(145)) - ozone.scm.db.dirs is not configured. We recommend adding this setting. Falling back to ozone.metadata.dirs instead.
2019-10-25 03:58:49,495 [main] INFO  safemode.HealthyPipelineSafeModeRule (HealthyPipelineSafeModeRule.java:<init>(89)) -  Total pipeline count is 0, healthy pipeline threshold count is 1
2019-10-25 03:58:49,498 [main] INFO  safemode.OneReplicaPipelineSafeModeRule (OneReplicaPipelineSafeModeRule.java:<init>(79)) - Total pipeline count is 0, pipeline's with at least one datanode reported threshold count is 0
2019-10-25 03:58:49,499 [main] WARN  events.EventQueue (EventQueue.java:fireEvent(183)) - No event handler registered for event TypedEvent{payloadType=SafeModeStatus, name='SafeModeStatus'}
2019-10-25 03:58:49,811 [main] INFO  ipc.CallQueueManager (CallQueueManager.java:<init>(84)) - Using callQueue: class java.util.concurrent.LinkedBlockingQueue, queueCapacity: 2000, scheduler: class org.apache.hadoop.ipc.DefaultRpcScheduler, ipcBackoff: false.
2019-10-25 03:58:49,928 [Socket Reader #1 for port 40823] INFO  ipc.Server (Server.java:run(1074)) - Starting Socket Reader #1 for port 40823
2019-10-25 03:58:49,951 [main] INFO  ipc.CallQueueManager (CallQueueManager.java:<init>(84)) - Using callQueue: class java.util.concurrent.LinkedBlockingQueue, queueCapacity: 2000, scheduler: class org.apache.hadoop.ipc.DefaultRpcScheduler, ipcBackoff: false.
2019-10-25 03:58:49,952 [Socket Reader #1 for port 45527] INFO  ipc.Server (Server.java:run(1074)) - Starting Socket Reader #1 for port 45527
2019-10-25 03:58:49,959 [main] INFO  ipc.CallQueueManager (CallQueueManager.java:<init>(84)) - Using callQueue: class java.util.concurrent.LinkedBlockingQueue, queueCapacity: 2000, scheduler: class org.apache.hadoop.ipc.DefaultRpcScheduler, ipcBackoff: false.
2019-10-25 03:58:49,959 [Socket Reader #1 for port 44627] INFO  ipc.Server (Server.java:run(1074)) - Starting Socket Reader #1 for port 44627
2019-10-25 03:58:49,979 [main] INFO  hdfs.DFSUtil (DFSUtil.java:httpServerTemplateForNNAndJN(1641)) - Starting Web-server for scm at: http://0.0.0.0:0
2019-10-25 03:58:50,118 [main] INFO  server.AuthenticationFilter (AuthenticationFilter.java:constructSecretProvider(240)) - Unable to initialize FileSignerSecretProvider, falling back to use random secrets.
2019-10-25 03:58:50,126 [main] WARN  http.HttpRequestLog (HttpRequestLog.java:getRequestLog(97)) - Jetty request log can only be enabled using Log4j
2019-10-25 03:58:50,134 [main] INFO  http.HttpServer2 (HttpServer2.java:addGlobalFilter(975)) - Added global filter 'safety' (class=org.apache.hadoop.http.HttpServer2$QuotingInputFilter)
2019-10-25 03:58:50,136 [main] INFO  http.HttpServer2 (HttpServer2.java:addFilter(948)) - Added filter static_user_filter (class=org.apache.hadoop.http.lib.StaticUserWebFilter$StaticUserFilter) to context scm
2019-10-25 03:58:50,137 [main] INFO  http.HttpServer2 (HttpServer2.java:addFilter(958)) - Added filter static_user_filter (class=org.apache.hadoop.http.lib.StaticUserWebFilter$StaticUserFilter) to context logs
2019-10-25 03:58:50,137 [main] INFO  http.HttpServer2 (HttpServer2.java:addFilter(958)) - Added filter static_user_filter (class=org.apache.hadoop.http.lib.StaticUserWebFilter$StaticUserFilter) to context static
2019-10-25 03:58:50,166 [main] INFO  server.StorageContainerManager (StorageContainerManager.java:start(771)) - StorageContainerLocationProtocol RPC server is listening at /0.0.0.0:44627
2019-10-25 03:58:50,225 [main] WARN  impl.MetricsConfig (MetricsConfig.java:loadFirst(134)) - Cannot locate configuration: tried hadoop-metrics2-storagecontainermanager.properties,hadoop-metrics2.properties
2019-10-25 03:58:50,238 [main] INFO  impl.MetricsSystemImpl (MetricsSystemImpl.java:startTimer(374)) - Scheduled Metric snapshot period at 10 second(s).
2019-10-25 03:58:50,238 [main] INFO  impl.MetricsSystemImpl (MetricsSystemImpl.java:start(191)) - StorageContainerManager metrics system started
2019-10-25 03:58:50,453 [main] INFO  server.SCMClientProtocolServer (SCMClientProtocolServer.java:start(159)) - RPC server for Client  is listening at /0.0.0.0:44627
2019-10-25 03:58:50,453 [IPC Server Responder] INFO  ipc.Server (Server.java:run(1314)) - IPC Server Responder: starting
2019-10-25 03:58:50,453 [IPC Server listener on 44627] INFO  ipc.Server (Server.java:run(1153)) - IPC Server listener on 44627: starting
2019-10-25 03:58:50,456 [main] INFO  server.StorageContainerManager (StorageContainerManager.java:start(781)) - ScmBlockLocationProtocol RPC server is listening at /0.0.0.0:45527
2019-10-25 03:58:50,457 [main] INFO  server.SCMBlockProtocolServer (SCMBlockProtocolServer.java:start(146)) - RPC server for Block Protocol is listening at /0.0.0.0:45527
2019-10-25 03:58:50,457 [IPC Server Responder] INFO  ipc.Server (Server.java:run(1314)) - IPC Server Responder: starting
2019-10-25 03:58:50,457 [IPC Server listener on 45527] INFO  ipc.Server (Server.java:run(1153)) - IPC Server listener on 45527: starting
2019-10-25 03:58:50,460 [main] INFO  server.StorageContainerManager (StorageContainerManager.java:start(785)) - ScmDatanodeProtocl RPC server is listening at /0.0.0.0:40823
2019-10-25 03:58:50,460 [main] INFO  server.SCMDatanodeProtocolServer (SCMDatanodeProtocolServer.java:start(177)) - RPC server for DataNodes is listening at /0.0.0.0:40823
2019-10-25 03:58:50,461 [IPC Server Responder] INFO  ipc.Server (Server.java:run(1314)) - IPC Server Responder: starting
2019-10-25 03:58:50,461 [IPC Server listener on 40823] INFO  ipc.Server (Server.java:run(1153)) - IPC Server listener on 40823: starting
2019-10-25 03:58:50,464 [main] INFO  http.HttpServer2 (HttpServer2.java:bindListener(1191)) - Jetty bound to port 41221
2019-10-25 03:58:50,466 [main] INFO  server.Server (Server.java:doStart(351)) - jetty-9.3.25.v20180904, build timestamp: 2018-09-04T21:11:46Z, git hash: 3ce520221d0240229c862b122d2b06c12a625732
2019-10-25 03:58:50,502 [main] INFO  handler.ContextHandler (ContextHandler.java:doStart(781)) - Started o.e.j.s.ServletContextHandler@7e7b159b{/logs,file:///workdir/hadoop-ozone/integration-test/target/log,AVAILABLE}
2019-10-25 03:58:50,503 [main] INFO  handler.ContextHandler (ContextHandler.java:doStart(781)) - Started o.e.j.s.ServletContextHandler@60957c0f{/static,file:///workdir/hadoop-ozone/integration-test/target/test-classes/webapps/static,AVAILABLE}
2019-10-25 03:58:50,535 [main] INFO  handler.ContextHandler (ContextHandler.java:doStart(781)) - Started o.e.j.w.WebAppContext@466cf502{/,file:///workdir/hadoop-ozone/integration-test/target/test-classes/webapps/scm/,AVAILABLE}{/scm}
2019-10-25 03:58:50,541 [main] INFO  server.AbstractConnector (AbstractConnector.java:doStart(278)) - Started ServerConnector@579d011c{HTTP/1.1,[http/1.1]}{0.0.0.0:41221}
2019-10-25 03:58:50,541 [main] INFO  server.Server (Server.java:doStart(419)) - Started @2527ms
2019-10-25 03:58:50,543 [main] INFO  impl.MetricsSinkAdapter (MetricsSinkAdapter.java:start(204)) - Sink prometheus started
2019-10-25 03:58:50,543 [main] INFO  impl.MetricsSystemImpl (MetricsSystemImpl.java:registerSink(301)) - Registered sink prometheus
2019-10-25 03:58:50,544 [main] INFO  server.BaseHttpServer (BaseHttpServer.java:updateConnectorAddress(215)) - HTTP server of SCM is listening at http://0.0.0.0:41221
2019-10-25 03:58:50,550 [org.apache.hadoop.util.JvmPauseMonitor$Monitor@127e70c5] INFO  util.JvmPauseMonitor (JvmPauseMonitor.java:run(188)) - Starting JVM pause monitor
2019-10-25 03:58:50,554 [main] WARN  server.ServerUtils (ServerUtils.java:getDBPath(222)) - ozone.om.db.dirs is not configured. We recommend adding this setting. Falling back to ozone.metadata.dirs instead.
2019-10-25 03:58:50,882 [main] INFO  ha.OMHANodeDetails (OMHANodeDetails.java:loadOMHAConfig(190)) - Configuration either no ozone.om.address set. Falling back to the default OM address /127.0.0.1:0
2019-10-25 03:58:50,883 [main] INFO  ha.OMHANodeDetails (OMHANodeDetails.java:getOMNodeDetails(220)) - OM Service ID is not set. Setting it to the default ID: omServiceIdDefault
2019-10-25 03:58:50,884 [main] WARN  server.ServerUtils (ServerUtils.java:getDBPath(222)) - ozone.om.db.dirs is not configured. We recommend adding this setting. Falling back to ozone.metadata.dirs instead.
2019-10-25 03:58:50,885 [main] WARN  server.ServerUtils (ServerUtils.java:getDBPath(222)) - ozone.om.db.dirs is not configured. We recommend adding this setting. Falling back to ozone.metadata.dirs instead.
2019-10-25 03:58:51,522 [main] WARN  server.ServerUtils (ServerUtils.java:getDBPath(222)) - ozone.om.db.dirs is not configured. We recommend adding this setting. Falling back to ozone.metadata.dirs instead.
2019-10-25 03:58:51,530 [main] INFO  db.DBStoreBuilder (DBStoreBuilder.java:addTable(127)) - using custom profile for table: userTable
2019-10-25 03:58:51,530 [main] INFO  db.DBStoreBuilder (DBStoreBuilder.java:processTables(183)) - Using default column profile:DBProfile.DISK for Table:userTable
2019-10-25 03:58:51,531 [main] INFO  db.DBStoreBuilder (DBStoreBuilder.java:addTable(127)) - using custom profile for table: volumeTable
2019-10-25 03:58:51,531 [main] INFO  db.DBStoreBuilder (DBStoreBuilder.java:processTables(183)) - Using default column profile:DBProfile.DISK for Table:volumeTable
2019-10-25 03:58:51,531 [main] INFO  db.DBStoreBuilder (DBStoreBuilder.java:addTable(127)) - using custom profile for table: bucketTable
2019-10-25 03:58:51,531 [main] INFO  db.DBStoreBuilder (DBStoreBuilder.java:processTables(183)) - Using default column profile:DBProfile.DISK for Table:bucketTable
2019-10-25 03:58:51,532 [main] INFO  db.DBStoreBuilder (DBStoreBuilder.java:addTable(127)) - using custom profile for table: keyTable
2019-10-25 03:58:51,532 [main] INFO  db.DBStoreBuilder (DBStoreBuilder.java:processTables(183)) - Using default column profile:DBProfile.DISK for Table:keyTable
2019-10-25 03:58:51,532 [main] INFO  db.DBStoreBuilder (DBStoreBuilder.java:addTable(127)) - using custom profile for table: deletedTable
2019-10-25 03:58:51,532 [main] INFO  db.DBStoreBuilder (DBStoreBuilder.java:processTables(183)) - Using default column profile:DBProfile.DISK for Table:deletedTable
2019-10-25 03:58:51,533 [main] INFO  db.DBStoreBuilder (DBStoreBuilder.java:addTable(127)) - using custom profile for table: openKeyTable
2019-10-25 03:58:51,533 [main] INFO  db.DBStoreBuilder (DBStoreBuilder.java:processTables(183)) - Using default column profile:DBProfile.DISK for Table:openKeyTable
2019-10-25 03:58:51,533 [main] INFO  db.DBStoreBuilder (DBStoreBuilder.java:addTable(127)) - using custom profile for table: s3Table
2019-10-25 03:58:51,533 [main] INFO  db.DBStoreBuilder (DBStoreBuilder.java:processTables(183)) - Using default column profile:DBProfile.DISK for Table:s3Table
2019-10-25 03:58:51,534 [main] INFO  db.DBStoreBuilder (DBStoreBuilder.java:addTable(127)) - using custom profile for table: multipartInfoTable
2019-10-25 03:58:51,534 [main] INFO  db.DBStoreBuilder (DBStoreBuilder.java:processTables(183)) - Using default column profile:DBProfile.DISK for Table:multipartInfoTable
2019-10-25 03:58:51,534 [main] INFO  db.DBStoreBuilder (DBStoreBuilder.java:addTable(127)) - using custom profile for table: dTokenTable
2019-10-25 03:58:51,534 [main] INFO  db.DBStoreBuilder (DBStoreBuilder.java:processTables(183)) - Using default column profile:DBProfile.DISK for Table:dTokenTable
2019-10-25 03:58:51,534 [main] INFO  db.DBStoreBuilder (DBStoreBuilder.java:addTable(127)) - using custom profile for table: s3SecretTable
2019-10-25 03:58:51,535 [main] INFO  db.DBStoreBuilder (DBStoreBuilder.java:processTables(183)) - Using default column profile:DBProfile.DISK for Table:s3SecretTable
2019-10-25 03:58:51,535 [main] INFO  db.DBStoreBuilder (DBStoreBuilder.java:addTable(127)) - using custom profile for table: prefixTable
2019-10-25 03:58:51,535 [main] INFO  db.DBStoreBuilder (DBStoreBuilder.java:processTables(183)) - Using default column profile:DBProfile.DISK for Table:prefixTable
2019-10-25 03:58:51,535 [main] INFO  db.DBStoreBuilder (DBStoreBuilder.java:addTable(127)) - using custom profile for table: default
2019-10-25 03:58:51,536 [main] INFO  db.DBStoreBuilder (DBStoreBuilder.java:processTables(189)) - Using default column profile:DBProfile.DISK for Table:default
2019-10-25 03:58:51,536 [main] INFO  db.DBStoreBuilder (DBStoreBuilder.java:getDbProfile(220)) - Using default options. DBProfile.DISK
2019-10-25 03:58:52,172 [main] WARN  scm.HddsServerUtil (HddsServerUtil.java:getDefaultRatisDirectory(354)) - Storage directory for Ratis is not configured. It is a good idea to map this to an SSD disk. Falling back to ozone.metadata.dirs
2019-10-25 03:58:52,193 [main] INFO  ratis.OzoneManagerRatisServer (OzoneManagerRatisServer.java:<init>(243)) - Instantiating OM Ratis server with GroupID: omServiceIdDefault and Raft Peers: localhost:9872
2019-10-25 03:58:52,321 [main] INFO  impl.RaftServerProxy (ConfUtils.java:logGet(43)) - raft.rpc.type = GRPC (default)
2019-10-25 03:58:52,377 [main] INFO  grpc.GrpcFactory (GrpcFactory.java:checkPooledByteBufAllocatorUseCacheForAllThreads(45)) - PERFORMANCE WARNING: useCacheForAllThreads is true that may cause Netty to create a lot garbage objects and, as a result, trigger GC.
	It is recommended to disable useCacheForAllThreads by setting -Dorg.apache.ratis.thirdparty.io.netty.allocator.useCacheForAllThreads=false in command line.
2019-10-25 03:58:52,382 [main] INFO  grpc.GrpcConfigKeys$Server (ConfUtils.java:logGet(43)) - raft.grpc.server.port = 9872 (custom)
2019-10-25 03:58:52,383 [main] INFO  server.GrpcService (ConfUtils.java:logGet(43)) - raft.grpc.message.size.max = 33554432 (custom)
2019-10-25 03:58:52,384 [main] INFO  server.RaftServerConfigKeys (ConfUtils.java:logGet(43)) - raft.server.log.appender.buffer.byte-limit = 33554432 (custom)
2019-10-25 03:58:52,385 [main] INFO  server.GrpcService (ConfUtils.java:logGet(43)) - raft.grpc.flow.control.window = 1MB (=1048576) (default)
2019-10-25 03:58:52,386 [main] INFO  server.RaftServerConfigKeys (ConfUtils.java:logGet(43)) - raft.server.rpc.request.timeout = 3000ms (default)
2019-10-25 03:58:52,530 [main] INFO  server.RaftServerConfigKeys (ConfUtils.java:logGet(43)) - raft.server.storage.dir = [/workdir/hadoop-ozone/integration-test/target/test-dir/MiniOzoneClusterImpl-7dd9eb76-e729-491b-adf7-f704faccfc31/ozone-meta/ratis] (custom)
2019-10-25 03:58:52,537 [main] INFO  impl.RaftServerProxy (RaftServerProxy.java:addNew(89)) - 4c2f9765-5180-41de-a695-1a264cca36d5: addNew group-C5BA1605619E:[4c2f9765-5180-41de-a695-1a264cca36d5:localhost:9872] returns group-C5BA1605619E:java.util.concurrent.CompletableFuture@69e05f61[Not completed]
2019-10-25 03:58:52,538 [main] INFO  om.OzoneManager (OzoneManager.java:initializeRatisServer(1220)) - OzoneManager Ratis server initialized at port 9872
2019-10-25 03:58:52,540 [main] WARN  scm.HddsServerUtil (HddsServerUtil.java:getDefaultRatisDirectory(354)) - Storage directory for Ratis is not configured. It is a good idea to map this to an SSD disk. Falling back to ozone.metadata.dirs
2019-10-25 03:58:52,540 [main] WARN  scm.HddsServerUtil (HddsServerUtil.java:getDefaultRatisDirectory(354)) - Storage directory for Ratis is not configured. It is a good idea to map this to an SSD disk. Falling back to ozone.metadata.dirs
2019-10-25 03:58:52,546 [pool-22-thread-1] INFO  impl.RaftServerImpl (RaftServerImpl.java:<init>(98)) - 4c2f9765-5180-41de-a695-1a264cca36d5: new RaftServerImpl for group-C5BA1605619E:[4c2f9765-5180-41de-a695-1a264cca36d5:localhost:9872] with OzoneManagerStateMachine:uninitialized
2019-10-25 03:58:52,547 [pool-22-thread-1] INFO  server.RaftServerConfigKeys (ConfUtils.java:logGet(43)) - raft.server.rpc.timeout.min = 1s (custom)
2019-10-25 03:58:52,547 [pool-22-thread-1] INFO  server.RaftServerConfigKeys (ConfUtils.java:logGet(43)) - raft.server.rpc.timeout.max = 1200ms (custom)
2019-10-25 03:58:52,548 [pool-22-thread-1] INFO  server.RaftServerConfigKeys (ConfUtils.java:logGet(43)) - raft.server.rpcslowness.timeout = 120s (custom)
2019-10-25 03:58:52,548 [pool-22-thread-1] INFO  server.RaftServerConfigKeys (ConfUtils.java:logGet(43)) - raft.server.sleep.deviation.threshold = 300 (default)
2019-10-25 03:58:52,549 [pool-22-thread-1] INFO  server.RaftServerConfigKeys (ConfUtils.java:logGet(43)) - raft.server.log.appender.install.snapshot.enabled = false (custom)
2019-10-25 03:58:52,554 [main] INFO  ipc.CallQueueManager (CallQueueManager.java:<init>(84)) - Using callQueue: class java.util.concurrent.LinkedBlockingQueue, queueCapacity: 2000, scheduler: class org.apache.hadoop.ipc.DefaultRpcScheduler, ipcBackoff: false.
2019-10-25 03:58:52,555 [Socket Reader #1 for port 42130] INFO  ipc.Server (Server.java:run(1074)) - Starting Socket Reader #1 for port 42130
2019-10-25 03:58:52,556 [pool-22-thread-1] INFO  impl.RaftServerImpl (ServerState.java:<init>(103)) - 4c2f9765-5180-41de-a695-1a264cca36d5@group-C5BA1605619E: ConfigurationManager, init=-1: [4c2f9765-5180-41de-a695-1a264cca36d5:localhost:9872], old=null, confs=<EMPTY_MAP>
2019-10-25 03:58:52,556 [pool-22-thread-1] INFO  server.RaftServerConfigKeys (ConfUtils.java:logGet(43)) - raft.server.storage.dir = [/workdir/hadoop-ozone/integration-test/target/test-dir/MiniOzoneClusterImpl-7dd9eb76-e729-491b-adf7-f704faccfc31/ozone-meta/ratis] (custom)
2019-10-25 03:58:52,563 [pool-22-thread-1] INFO  server.RaftServerConfigKeys (ConfUtils.java:logGet(43)) - raft.server.log.corruption.policy = EXCEPTION (default)
2019-10-25 03:58:52,565 [pool-22-thread-1] INFO  storage.RaftStorageDirectory (RaftStorageDirectory.java:analyzeStorage(246)) - The storage directory /workdir/hadoop-ozone/integration-test/target/test-dir/MiniOzoneClusterImpl-7dd9eb76-e729-491b-adf7-f704faccfc31/ozone-meta/ratis/bf265839-605b-3f16-9796-c5ba1605619e does not exist. Creating ...
2019-10-25 03:58:52,575 [main] INFO  om.OzoneManager (OzoneManager.java:start(1074)) - OzoneManager RPC server is listening at localhost/127.0.0.1:42130
2019-10-25 03:58:52,576 [main] INFO  impl.MetricsSystemImpl (MetricsSystemImpl.java:init(158)) - OzoneManager metrics system started (again)
2019-10-25 03:58:52,576 [main] INFO  ratis.OzoneManagerRatisServer (OzoneManagerRatisServer.java:start(333)) - Starting OzoneManagerRatisServer 4c2f9765-5180-41de-a695-1a264cca36d5 at port 9872
2019-10-25 03:58:52,653 [pool-22-thread-1] INFO  storage.RaftStorageDirectory (RaftStorageDirectory.java:tryLock(328)) - Lock on /workdir/hadoop-ozone/integration-test/target/test-dir/MiniOzoneClusterImpl-7dd9eb76-e729-491b-adf7-f704faccfc31/ozone-meta/ratis/bf265839-605b-3f16-9796-c5ba1605619e/in_use.lock acquired by nodename 15951@pr-hdds-2034-4gqpp-1260480586
2019-10-25 03:58:52,694 [pool-22-thread-1] INFO  storage.RaftStorage (RaftStorage.java:format(84)) - Storage directory /workdir/hadoop-ozone/integration-test/target/test-dir/MiniOzoneClusterImpl-7dd9eb76-e729-491b-adf7-f704faccfc31/ozone-meta/ratis/bf265839-605b-3f16-9796-c5ba1605619e has been successfully formatted.
2019-10-25 03:58:52,699 [pool-22-thread-1] INFO  server.RaftServerConfigKeys (ConfUtils.java:logGet(43)) - raft.server.notification.no-leader.timeout = 120s (custom)
2019-10-25 03:58:52,703 [pool-22-thread-1] INFO  server.RaftServerConfigKeys (ConfUtils.java:logGet(43)) - raft.server.log.use.memory = false (default)
2019-10-25 03:58:52,711 [pool-22-thread-1] INFO  server.RaftServerConfigKeys (ConfUtils.java:logGet(43)) - raft.server.log.purge.gap = 1000000 (custom)
2019-10-25 03:58:52,711 [pool-22-thread-1] INFO  server.RaftServerConfigKeys (ConfUtils.java:logGet(43)) - raft.server.log.appender.buffer.byte-limit = 33554432 (custom)
2019-10-25 03:58:52,714 [pool-22-thread-1] INFO  server.RaftServerConfigKeys (ConfUtils.java:logGet(43)) - raft.server.log.segment.size.max = 16384 (custom)
2019-10-25 03:58:52,720 [pool-22-thread-1] INFO  metrics.MetricRegistries (MetricRegistriesLoader.java:load(64)) - Loaded MetricRegistries class org.apache.ratis.metrics.impl.MetricRegistriesImpl
2019-10-25 03:58:52,725 [pool-22-thread-1] WARN  impl.MetricRegistriesImpl (MetricRegistriesImpl.java:lambda$create$1(61)) - First MetricRegistry has been created without registering reporters. You may need to call MetricRegistries.global().addReportRegistration(...) before.
2019-10-25 03:58:52,733 [pool-22-thread-1] INFO  server.RaftServerConfigKeys (ConfUtils.java:logGet(43)) - raft.server.log.segment.cache.num.max = 2 (custom)
2019-10-25 03:58:52,740 [pool-22-thread-1] INFO  segmented.SegmentedRaftLogWorker (SegmentedRaftLogWorker.java:<init>(173)) - new 4c2f9765-5180-41de-a695-1a264cca36d5@group-C5BA1605619E-SegmentedRaftLogWorker for RaftStorage:Storage Directory /workdir/hadoop-ozone/integration-test/target/test-dir/MiniOzoneClusterImpl-7dd9eb76-e729-491b-adf7-f704faccfc31/ozone-meta/ratis/bf265839-605b-3f16-9796-c5ba1605619e
2019-10-25 03:58:52,741 [pool-22-thread-1] INFO  server.RaftServerConfigKeys (ConfUtils.java:logGet(43)) - raft.server.log.queue.byte-limit = 64MB (=67108864) (default)
2019-10-25 03:58:52,742 [pool-22-thread-1] INFO  server.RaftServerConfigKeys (ConfUtils.java:logGet(43)) - raft.server.log.queue.element-limit = 4096 (default)
2019-10-25 03:58:52,744 [pool-22-thread-1] INFO  server.RaftServerConfigKeys (ConfUtils.java:logGet(43)) - raft.server.log.segment.size.max = 16384 (custom)
2019-10-25 03:58:52,745 [pool-22-thread-1] INFO  server.RaftServerConfigKeys (ConfUtils.java:logGet(43)) - raft.server.log.preallocated.size = 16384 (custom)
2019-10-25 03:58:52,745 [pool-22-thread-1] INFO  server.RaftServerConfigKeys (ConfUtils.java:logGet(43)) - raft.server.log.write.buffer.size = 64KB (=65536) (default)
2019-10-25 03:58:52,746 [pool-22-thread-1] INFO  server.RaftServerConfigKeys (ConfUtils.java:logGet(43)) - raft.server.log.force.sync.num = 128 (default)
2019-10-25 03:58:52,748 [pool-22-thread-1] INFO  server.RaftServerConfigKeys (ConfUtils.java:logGet(43)) - raft.server.log.statemachine.data.sync = true (default)
2019-10-25 03:58:52,748 [pool-22-thread-1] INFO  server.RaftServerConfigKeys (ConfUtils.java:logGet(43)) - raft.server.log.statemachine.data.sync.timeout = 10s (default)
2019-10-25 03:58:52,749 [pool-22-thread-1] INFO  server.RaftServerConfigKeys (ConfUtils.java:logGet(43)) - raft.server.log.statemachine.data.sync.timeout.retry = -1 (default)
2019-10-25 03:58:52,758 [pool-22-thread-1] INFO  server.RaftServerConfigKeys (ConfUtils.java:logGet(43)) - raft.server.log.statemachine.data.caching.enabled = false (default)
2019-10-25 03:58:52,764 [pool-22-thread-1] INFO  segmented.SegmentedRaftLogWorker (SegmentedRaftLogWorker.java:lambda$new$0(128)) - 4c2f9765-5180-41de-a695-1a264cca36d5@group-C5BA1605619E-SegmentedRaftLogWorker: flushIndex: setUnconditionally 0 -> -1
2019-10-25 03:58:52,769 [pool-22-thread-1] INFO  server.RaftServerConfigKeys (ConfUtils.java:logGet(43)) - raft.server.snapshot.auto.trigger.enabled = true (custom)
2019-10-25 03:58:52,770 [pool-22-thread-1] INFO  server.RaftServerConfigKeys (ConfUtils.java:logGet(43)) - raft.server.snapshot.auto.trigger.threshold = 400000 (default)
2019-10-25 03:58:52,770 [pool-22-thread-1] INFO  server.RaftServerConfigKeys (ConfUtils.java:logGet(43)) - raft.server.snapshot.retention.file.num = -1 (default)
2019-10-25 03:58:52,771 [pool-22-thread-1] INFO  server.RaftServerConfigKeys (ConfUtils.java:logGet(43)) - raft.server.retrycache.expirytime = 600000ms (custom)
2019-10-25 03:58:52,789 [pool-22-thread-1] WARN  impl.MetricRegistriesImpl (MetricRegistriesImpl.java:lambda$create$1(61)) - First MetricRegistry has been created without registering reporters. You may need to call MetricRegistries.global().addReportRegistration(...) before.
2019-10-25 03:58:52,791 [pool-22-thread-1] WARN  impl.MetricRegistriesImpl (MetricRegistriesImpl.java:lambda$create$1(61)) - First MetricRegistry has been created without registering reporters. You may need to call MetricRegistries.global().addReportRegistration(...) before.
2019-10-25 03:58:52,793 [main] INFO  impl.RaftServerImpl (RaftServerImpl.java:start(184)) - 4c2f9765-5180-41de-a695-1a264cca36d5@group-C5BA1605619E: start as a follower, conf=-1: [4c2f9765-5180-41de-a695-1a264cca36d5:localhost:9872], old=null
2019-10-25 03:58:52,795 [main] INFO  impl.RaftServerImpl (RaftServerImpl.java:setRole(173)) - 4c2f9765-5180-41de-a695-1a264cca36d5@group-C5BA1605619E: changes role from      null to FOLLOWER at term 0 for startAsFollower
2019-10-25 03:58:52,797 [main] INFO  impl.RoleInfo (RoleInfo.java:updateAndGet(143)) - 4c2f9765-5180-41de-a695-1a264cca36d5: start FollowerState
2019-10-25 03:58:52,799 [main] INFO  util.JmxRegister (JmxRegister.java:tryRegister(44)) - Successfully registered JMX Bean with object name Ratis:service=RaftServer,group=group-C5BA1605619E,id=4c2f9765-5180-41de-a695-1a264cca36d5
2019-10-25 03:58:52,801 [main] WARN  impl.MetricRegistriesImpl (MetricRegistriesImpl.java:lambda$create$1(61)) - First MetricRegistry has been created without registering reporters. You may need to call MetricRegistries.global().addReportRegistration(...) before.
2019-10-25 03:58:52,804 [main] INFO  impl.RaftServerProxy (RaftServerProxy.java:lambda$start$3(299)) - 4c2f9765-5180-41de-a695-1a264cca36d5: start RPC server
2019-10-25 03:58:52,892 [main] INFO  server.GrpcService (GrpcService.java:startImpl(158)) - 4c2f9765-5180-41de-a695-1a264cca36d5: GrpcService started, listening on 0.0.0.0/0.0.0.0:9872
2019-10-25 03:58:52,904 [IPC Server listener on 42130] INFO  ipc.Server (Server.java:run(1153)) - IPC Server listener on 42130: starting
2019-10-25 03:58:52,904 [IPC Server Responder] INFO  ipc.Server (Server.java:run(1314)) - IPC Server Responder: starting
2019-10-25 03:58:52,909 [main] INFO  hdfs.DFSUtil (DFSUtil.java:httpServerTemplateForNNAndJN(1641)) - Starting Web-server for ozoneManager at: http://0.0.0.0:0
2019-10-25 03:58:52,910 [main] INFO  server.AuthenticationFilter (AuthenticationFilter.java:constructSecretProvider(240)) - Unable to initialize FileSignerSecretProvider, falling back to use random secrets.
2019-10-25 03:58:52,911 [main] WARN  http.HttpRequestLog (HttpRequestLog.java:getRequestLog(97)) - Jetty request log can only be enabled using Log4j
2019-10-25 03:58:52,913 [main] INFO  http.HttpServer2 (HttpServer2.java:addGlobalFilter(975)) - Added global filter 'safety' (class=org.apache.hadoop.http.HttpServer2$QuotingInputFilter)
2019-10-25 03:58:52,914 [main] INFO  http.HttpServer2 (HttpServer2.java:addFilter(948)) - Added filter static_user_filter (class=org.apache.hadoop.http.lib.StaticUserWebFilter$StaticUserFilter) to context ozoneManager
2019-10-25 03:58:52,914 [main] INFO  http.HttpServer2 (HttpServer2.java:addFilter(958)) - Added filter static_user_filter (class=org.apache.hadoop.http.lib.StaticUserWebFilter$StaticUserFilter) to context static
2019-10-25 03:58:52,914 [main] INFO  http.HttpServer2 (HttpServer2.java:addFilter(958)) - Added filter static_user_filter (class=org.apache.hadoop.http.lib.StaticUserWebFilter$StaticUserFilter) to context logs
2019-10-25 03:58:52,916 [main] INFO  http.HttpServer2 (HttpServer2.java:bindListener(1191)) - Jetty bound to port 37897
2019-10-25 03:58:52,916 [main] INFO  server.Server (Server.java:doStart(351)) - jetty-9.3.25.v20180904, build timestamp: 2018-09-04T21:11:46Z, git hash: 3ce520221d0240229c862b122d2b06c12a625732
2019-10-25 03:58:52,918 [main] INFO  handler.ContextHandler (ContextHandler.java:doStart(781)) - Started o.e.j.s.ServletContextHandler@59e43e8c{/logs,file:///workdir/hadoop-ozone/integration-test/target/log,AVAILABLE}
2019-10-25 03:58:52,918 [main] INFO  handler.ContextHandler (ContextHandler.java:doStart(781)) - Started o.e.j.s.ServletContextHandler@5e671e20{/static,file:///workdir/hadoop-ozone/integration-test/target/test-classes/webapps/static,AVAILABLE}
2019-10-25 03:58:52,923 [main] INFO  handler.ContextHandler (ContextHandler.java:doStart(781)) - Started o.e.j.w.WebAppContext@5d5160e6{/,file:///workdir/hadoop-ozone/integration-test/target/test-classes/webapps/ozoneManager/,AVAILABLE}{/ozoneManager}
2019-10-25 03:58:52,924 [main] INFO  server.AbstractConnector (AbstractConnector.java:doStart(278)) - Started ServerConnector@2eadc9f6{HTTP/1.1,[http/1.1]}{0.0.0.0:37897}
2019-10-25 03:58:52,924 [main] INFO  server.Server (Server.java:doStart(419)) - Started @4910ms
2019-10-25 03:58:52,926 [main] WARN  impl.MetricsSystemImpl (MetricsSystemImpl.java:register(276)) - Sink prometheus already exists!
2019-10-25 03:58:52,927 [main] INFO  server.BaseHttpServer (BaseHttpServer.java:updateConnectorAddress(215)) - HTTP server of OZONEMANAGER is listening at http://0.0.0.0:37897
2019-10-25 03:58:53,049 [main] INFO  impl.MetricsSystemImpl (MetricsSystemImpl.java:init(158)) - HddsDatanode metrics system started (again)
2019-10-25 03:58:53,090 [main] INFO  ozone.HddsDatanodeService (HddsDatanodeService.java:start(184)) - HddsDatanodeService host:pr-hdds-2034-4gqpp-1260480586 ip:192.168.69.88
2019-10-25 03:58:53,118 [main] INFO  volume.HddsVolume (HddsVolume.java:<init>(176)) - Creating Volume: /workdir/hadoop-ozone/integration-test/target/test-dir/MiniOzoneClusterImpl-7dd9eb76-e729-491b-adf7-f704faccfc31/datanode-0/data/containers/hdds of  storage type : DISK and capacity : 1482555576320
2019-10-25 03:58:53,120 [main] INFO  volume.VolumeSet (VolumeSet.java:initializeVolumeSet(170)) - Added Volume : /workdir/hadoop-ozone/integration-test/target/test-dir/MiniOzoneClusterImpl-7dd9eb76-e729-491b-adf7-f704faccfc31/datanode-0/data/containers/hdds to VolumeSet
2019-10-25 03:58:53,123 [main] INFO  volume.ThrottledAsyncChecker (ThrottledAsyncChecker.java:schedule(141)) - Scheduling a check for /workdir/hadoop-ozone/integration-test/target/test-dir/MiniOzoneClusterImpl-7dd9eb76-e729-491b-adf7-f704faccfc31/datanode-0/data/containers/hdds
2019-10-25 03:58:53,137 [main] INFO  volume.HddsVolumeChecker (HddsVolumeChecker.java:checkAllVolumes(204)) - Scheduled health check for volume /workdir/hadoop-ozone/integration-test/target/test-dir/MiniOzoneClusterImpl-7dd9eb76-e729-491b-adf7-f704faccfc31/datanode-0/data/containers/hdds
2019-10-25 03:58:53,181 [main] INFO  impl.RaftServerProxy (ConfUtils.java:logGet(43)) - raft.rpc.type = GRPC (default)
2019-10-25 03:58:53,181 [main] INFO  grpc.GrpcFactory (GrpcFactory.java:checkPooledByteBufAllocatorUseCacheForAllThreads(45)) - PERFORMANCE WARNING: useCacheForAllThreads is true that may cause Netty to create a lot garbage objects and, as a result, trigger GC.
	It is recommended to disable useCacheForAllThreads by setting -Dorg.apache.ratis.thirdparty.io.netty.allocator.useCacheForAllThreads=false in command line.
2019-10-25 03:58:53,181 [main] INFO  grpc.GrpcConfigKeys$Server (ConfUtils.java:logGet(43)) - raft.grpc.server.port = 0 (default)
2019-10-25 03:58:53,181 [main] INFO  server.GrpcService (ConfUtils.java:logGet(43)) - raft.grpc.message.size.max = 33570816 (custom)
2019-10-25 03:58:53,182 [main] INFO  server.RaftServerConfigKeys (ConfUtils.java:logGet(43)) - raft.server.log.appender.buffer.byte-limit = 33554432 (custom)
2019-10-25 03:58:53,182 [main] INFO  server.GrpcService (ConfUtils.java:logGet(43)) - raft.grpc.flow.control.window = 1MB (=1048576) (default)
2019-10-25 03:58:53,182 [main] INFO  server.RaftServerConfigKeys (ConfUtils.java:logGet(43)) - raft.server.rpc.request.timeout = 3000ms (default)
2019-10-25 03:58:53,183 [main] INFO  server.RaftServerConfigKeys (ConfUtils.java:logGet(43)) - raft.server.storage.dir = [/workdir/hadoop-ozone/integration-test/target/test-dir/MiniOzoneClusterImpl-7dd9eb76-e729-491b-adf7-f704faccfc31/datanode-0/data/ratis] (custom)
2019-10-25 03:58:53,227 [main] INFO  hdfs.DFSUtil (DFSUtil.java:httpServerTemplateForNNAndJN(1641)) - Starting Web-server for hddsDatanode at: http://0.0.0.0:0
2019-10-25 03:58:53,228 [main] INFO  server.AuthenticationFilter (AuthenticationFilter.java:constructSecretProvider(240)) - Unable to initialize FileSignerSecretProvider, falling back to use random secrets.
2019-10-25 03:58:53,229 [main] WARN  http.HttpRequestLog (HttpRequestLog.java:getRequestLog(97)) - Jetty request log can only be enabled using Log4j
2019-10-25 03:58:53,230 [main] INFO  http.HttpServer2 (HttpServer2.java:addGlobalFilter(975)) - Added global filter 'safety' (class=org.apache.hadoop.http.HttpServer2$QuotingInputFilter)
2019-10-25 03:58:53,231 [main] INFO  http.HttpServer2 (HttpServer2.java:addFilter(948)) - Added filter static_user_filter (class=org.apache.hadoop.http.lib.StaticUserWebFilter$StaticUserFilter) to context hddsDatanode
2019-10-25 03:58:53,231 [main] INFO  http.HttpServer2 (HttpServer2.java:addFilter(958)) - Added filter static_user_filter (class=org.apache.hadoop.http.lib.StaticUserWebFilter$StaticUserFilter) to context static
2019-10-25 03:58:53,231 [main] INFO  http.HttpServer2 (HttpServer2.java:addFilter(958)) - Added filter static_user_filter (class=org.apache.hadoop.http.lib.StaticUserWebFilter$StaticUserFilter) to context logs
2019-10-25 03:58:53,232 [main] INFO  http.HttpServer2 (HttpServer2.java:bindListener(1191)) - Jetty bound to port 44191
2019-10-25 03:58:53,233 [main] INFO  server.Server (Server.java:doStart(351)) - jetty-9.3.25.v20180904, build timestamp: 2018-09-04T21:11:46Z, git hash: 3ce520221d0240229c862b122d2b06c12a625732
2019-10-25 03:58:53,235 [main] INFO  handler.ContextHandler (ContextHandler.java:doStart(781)) - Started o.e.j.s.ServletContextHandler@6edf29c1{/logs,file:///workdir/hadoop-ozone/integration-test/target/log,AVAILABLE}
2019-10-25 03:58:53,236 [main] INFO  handler.ContextHandler (ContextHandler.java:doStart(781)) - Started o.e.j.s.ServletContextHandler@66b59b7d{/static,jar:file:/home/user/.m2/repository/org/apache/hadoop/hadoop-hdds-container-service/0.5.0-SNAPSHOT/hadoop-hdds-container-service-0.5.0-SNAPSHOT.jar!/webapps/static,AVAILABLE}
2019-10-25 03:58:53,269 [main] INFO  handler.ContextHandler (ContextHandler.java:doStart(781)) - Started o.e.j.w.WebAppContext@648d0e6d{/,file:///tmp/jetty-0.0.0.0-44191-hddsDatanode-_-any-899241438696293131.dir/webapp/,AVAILABLE}{/hddsDatanode}
2019-10-25 03:58:53,270 [main] INFO  server.AbstractConnector (AbstractConnector.java:doStart(278)) - Started ServerConnector@79e66b2f{HTTP/1.1,[http/1.1]}{0.0.0.0:44191}
2019-10-25 03:58:53,270 [main] INFO  server.Server (Server.java:doStart(419)) - Started @5256ms
2019-10-25 03:58:53,271 [main] WARN  impl.MetricsSystemImpl (MetricsSystemImpl.java:register(276)) - Sink prometheus already exists!
2019-10-25 03:58:53,272 [main] INFO  server.BaseHttpServer (BaseHttpServer.java:updateConnectorAddress(215)) - HTTP server of HDDSDATANODE is listening at http://0.0.0.0:44191
2019-10-25 03:58:53,273 [main] INFO  impl.MetricsSystemImpl (MetricsSystemImpl.java:init(158)) - HddsDatanode metrics system started (again)
2019-10-25 03:58:53,276 [main] INFO  ozone.HddsDatanodeService (HddsDatanodeService.java:start(184)) - HddsDatanodeService host:pr-hdds-2034-4gqpp-1260480586 ip:192.168.69.88
2019-10-25 03:58:53,279 [org.apache.hadoop.util.JvmPauseMonitor$Monitor@663adaf1] INFO  util.JvmPauseMonitor (JvmPauseMonitor.java:run(188)) - Starting JVM pause monitor
2019-10-25 03:58:53,286 [main] INFO  volume.HddsVolume (HddsVolume.java:<init>(176)) - Creating Volume: /workdir/hadoop-ozone/integration-test/target/test-dir/MiniOzoneClusterImpl-7dd9eb76-e729-491b-adf7-f704faccfc31/datanode-1/data/containers/hdds of  storage type : DISK and capacity : 1482555576320
2019-10-25 03:58:53,286 [main] INFO  volume.VolumeSet (VolumeSet.java:initializeVolumeSet(170)) - Added Volume : /workdir/hadoop-ozone/integration-test/target/test-dir/MiniOzoneClusterImpl-7dd9eb76-e729-491b-adf7-f704faccfc31/datanode-1/data/containers/hdds to VolumeSet
2019-10-25 03:58:53,287 [main] INFO  volume.ThrottledAsyncChecker (ThrottledAsyncChecker.java:schedule(141)) - Scheduling a check for /workdir/hadoop-ozone/integration-test/target/test-dir/MiniOzoneClusterImpl-7dd9eb76-e729-491b-adf7-f704faccfc31/datanode-1/data/containers/hdds
2019-10-25 03:58:53,287 [main] INFO  volume.HddsVolumeChecker (HddsVolumeChecker.java:checkAllVolumes(204)) - Scheduled health check for volume /workdir/hadoop-ozone/integration-test/target/test-dir/MiniOzoneClusterImpl-7dd9eb76-e729-491b-adf7-f704faccfc31/datanode-1/data/containers/hdds
2019-10-25 03:58:53,300 [main] INFO  impl.RaftServerProxy (ConfUtils.java:logGet(43)) - raft.rpc.type = GRPC (default)
2019-10-25 03:58:53,300 [main] INFO  grpc.GrpcFactory (GrpcFactory.java:checkPooledByteBufAllocatorUseCacheForAllThreads(45)) - PERFORMANCE WARNING: useCacheForAllThreads is true that may cause Netty to create a lot garbage objects and, as a result, trigger GC.
	It is recommended to disable useCacheForAllThreads by setting -Dorg.apache.ratis.thirdparty.io.netty.allocator.useCacheForAllThreads=false in command line.
2019-10-25 03:58:53,300 [main] INFO  grpc.GrpcConfigKeys$Server (ConfUtils.java:logGet(43)) - raft.grpc.server.port = 0 (default)
2019-10-25 03:58:53,301 [main] INFO  server.GrpcService (ConfUtils.java:logGet(43)) - raft.grpc.message.size.max = 33570816 (custom)
2019-10-25 03:58:53,301 [main] INFO  server.RaftServerConfigKeys (ConfUtils.java:logGet(43)) - raft.server.log.appender.buffer.byte-limit = 33554432 (custom)
2019-10-25 03:58:53,301 [main] INFO  server.GrpcService (ConfUtils.java:logGet(43)) - raft.grpc.flow.control.window = 1MB (=1048576) (default)
2019-10-25 03:58:53,301 [main] INFO  server.RaftServerConfigKeys (ConfUtils.java:logGet(43)) - raft.server.rpc.request.timeout = 3000ms (default)
2019-10-25 03:58:53,302 [main] INFO  server.RaftServerConfigKeys (ConfUtils.java:logGet(43)) - raft.server.storage.dir = [/workdir/hadoop-ozone/integration-test/target/test-dir/MiniOzoneClusterImpl-7dd9eb76-e729-491b-adf7-f704faccfc31/datanode-1/data/ratis] (custom)
2019-10-25 03:58:53,304 [main] INFO  hdfs.DFSUtil (DFSUtil.java:httpServerTemplateForNNAndJN(1641)) - Starting Web-server for hddsDatanode at: http://0.0.0.0:0
2019-10-25 03:58:53,305 [main] INFO  server.AuthenticationFilter (AuthenticationFilter.java:constructSecretProvider(240)) - Unable to initialize FileSignerSecretProvider, falling back to use random secrets.
2019-10-25 03:58:53,305 [main] WARN  http.HttpRequestLog (HttpRequestLog.java:getRequestLog(97)) - Jetty request log can only be enabled using Log4j
2019-10-25 03:58:53,307 [main] INFO  http.HttpServer2 (HttpServer2.java:addGlobalFilter(975)) - Added global filter 'safety' (class=org.apache.hadoop.http.HttpServer2$QuotingInputFilter)
2019-10-25 03:58:53,308 [main] INFO  http.HttpServer2 (HttpServer2.java:addFilter(948)) - Added filter static_user_filter (class=org.apache.hadoop.http.lib.StaticUserWebFilter$StaticUserFilter) to context hddsDatanode
2019-10-25 03:58:53,308 [main] INFO  http.HttpServer2 (HttpServer2.java:addFilter(958)) - Added filter static_user_filter (class=org.apache.hadoop.http.lib.StaticUserWebFilter$StaticUserFilter) to context static
2019-10-25 03:58:53,308 [main] INFO  http.HttpServer2 (HttpServer2.java:addFilter(958)) - Added filter static_user_filter (class=org.apache.hadoop.http.lib.StaticUserWebFilter$StaticUserFilter) to context logs
2019-10-25 03:58:53,309 [main] INFO  http.HttpServer2 (HttpServer2.java:bindListener(1191)) - Jetty bound to port 40901
2019-10-25 03:58:53,309 [main] INFO  server.Server (Server.java:doStart(351)) - jetty-9.3.25.v20180904, build timestamp: 2018-09-04T21:11:46Z, git hash: 3ce520221d0240229c862b122d2b06c12a625732
2019-10-25 03:58:53,312 [main] INFO  handler.ContextHandler (ContextHandler.java:doStart(781)) - Started o.e.j.s.ServletContextHandler@2da3b078{/logs,file:///workdir/hadoop-ozone/integration-test/target/log,AVAILABLE}
2019-10-25 03:58:53,313 [main] INFO  handler.ContextHandler (ContextHandler.java:doStart(781)) - Started o.e.j.s.ServletContextHandler@7fb66650{/static,jar:file:/home/user/.m2/repository/org/apache/hadoop/hadoop-hdds-container-service/0.5.0-SNAPSHOT/hadoop-hdds-container-service-0.5.0-SNAPSHOT.jar!/webapps/static,AVAILABLE}
2019-10-25 03:58:53,343 [main] INFO  handler.ContextHandler (ContextHandler.java:doStart(781)) - Started o.e.j.w.WebAppContext@57f9b467{/,file:///tmp/jetty-0.0.0.0-40901-hddsDatanode-_-any-7963769258182150928.dir/webapp/,AVAILABLE}{/hddsDatanode}
2019-10-25 03:58:53,343 [main] INFO  server.AbstractConnector (AbstractConnector.java:doStart(278)) - Started ServerConnector@6d5c2745{HTTP/1.1,[http/1.1]}{0.0.0.0:40901}
2019-10-25 03:58:53,344 [main] INFO  server.Server (Server.java:doStart(419)) - Started @5330ms
2019-10-25 03:58:53,344 [main] WARN  impl.MetricsSystemImpl (MetricsSystemImpl.java:register(276)) - Sink prometheus already exists!
2019-10-25 03:58:53,345 [main] INFO  server.BaseHttpServer (BaseHttpServer.java:updateConnectorAddress(215)) - HTTP server of HDDSDATANODE is listening at http://0.0.0.0:40901
2019-10-25 03:58:53,346 [main] INFO  impl.MetricsSystemImpl (MetricsSystemImpl.java:init(158)) - HddsDatanode metrics system started (again)
2019-10-25 03:58:53,348 [main] INFO  ozone.HddsDatanodeService (HddsDatanodeService.java:start(184)) - HddsDatanodeService host:pr-hdds-2034-4gqpp-1260480586 ip:192.168.69.88
2019-10-25 03:58:53,348 [org.apache.hadoop.util.JvmPauseMonitor$Monitor@14790797] INFO  util.JvmPauseMonitor (JvmPauseMonitor.java:run(188)) - Starting JVM pause monitor
2019-10-25 03:58:53,357 [main] INFO  volume.HddsVolume (HddsVolume.java:<init>(176)) - Creating Volume: /workdir/hadoop-ozone/integration-test/target/test-dir/MiniOzoneClusterImpl-7dd9eb76-e729-491b-adf7-f704faccfc31/datanode-2/data/containers/hdds of  storage type : DISK and capacity : 1482555576320
2019-10-25 03:58:53,357 [main] INFO  volume.VolumeSet (VolumeSet.java:initializeVolumeSet(170)) - Added Volume : /workdir/hadoop-ozone/integration-test/target/test-dir/MiniOzoneClusterImpl-7dd9eb76-e729-491b-adf7-f704faccfc31/datanode-2/data/containers/hdds to VolumeSet
2019-10-25 03:58:53,357 [main] INFO  volume.ThrottledAsyncChecker (ThrottledAsyncChecker.java:schedule(141)) - Scheduling a check for /workdir/hadoop-ozone/integration-test/target/test-dir/MiniOzoneClusterImpl-7dd9eb76-e729-491b-adf7-f704faccfc31/datanode-2/data/containers/hdds
2019-10-25 03:58:53,357 [main] INFO  volume.HddsVolumeChecker (HddsVolumeChecker.java:checkAllVolumes(204)) - Scheduled health check for volume /workdir/hadoop-ozone/integration-test/target/test-dir/MiniOzoneClusterImpl-7dd9eb76-e729-491b-adf7-f704faccfc31/datanode-2/data/containers/hdds
2019-10-25 03:58:53,370 [main] INFO  impl.RaftServerProxy (ConfUtils.java:logGet(43)) - raft.rpc.type = GRPC (default)
2019-10-25 03:58:53,370 [main] INFO  grpc.GrpcFactory (GrpcFactory.java:checkPooledByteBufAllocatorUseCacheForAllThreads(45)) - PERFORMANCE WARNING: useCacheForAllThreads is true that may cause Netty to create a lot garbage objects and, as a result, trigger GC.
	It is recommended to disable useCacheForAllThreads by setting -Dorg.apache.ratis.thirdparty.io.netty.allocator.useCacheForAllThreads=false in command line.
2019-10-25 03:58:53,370 [main] INFO  grpc.GrpcConfigKeys$Server (ConfUtils.java:logGet(43)) - raft.grpc.server.port = 0 (default)
2019-10-25 03:58:53,370 [main] INFO  server.GrpcService (ConfUtils.java:logGet(43)) - raft.grpc.message.size.max = 33570816 (custom)
2019-10-25 03:58:53,371 [main] INFO  server.RaftServerConfigKeys (ConfUtils.java:logGet(43)) - raft.server.log.appender.buffer.byte-limit = 33554432 (custom)
2019-10-25 03:58:53,371 [main] INFO  server.GrpcService (ConfUtils.java:logGet(43)) - raft.grpc.flow.control.window = 1MB (=1048576) (default)
2019-10-25 03:58:53,371 [main] INFO  server.RaftServerConfigKeys (ConfUtils.java:logGet(43)) - raft.server.rpc.request.timeout = 3000ms (default)
2019-10-25 03:58:53,372 [main] INFO  server.RaftServerConfigKeys (ConfUtils.java:logGet(43)) - raft.server.storage.dir = [/workdir/hadoop-ozone/integration-test/target/test-dir/MiniOzoneClusterImpl-7dd9eb76-e729-491b-adf7-f704faccfc31/datanode-2/data/ratis] (custom)
2019-10-25 03:58:53,374 [main] INFO  hdfs.DFSUtil (DFSUtil.java:httpServerTemplateForNNAndJN(1641)) - Starting Web-server for hddsDatanode at: http://0.0.0.0:0
2019-10-25 03:58:53,375 [main] INFO  server.AuthenticationFilter (AuthenticationFilter.java:constructSecretProvider(240)) - Unable to initialize FileSignerSecretProvider, falling back to use random secrets.
2019-10-25 03:58:53,375 [main] WARN  http.HttpRequestLog (HttpRequestLog.java:getRequestLog(97)) - Jetty request log can only be enabled using Log4j
2019-10-25 03:58:53,377 [main] INFO  http.HttpServer2 (HttpServer2.java:addGlobalFilter(975)) - Added global filter 'safety' (class=org.apache.hadoop.http.HttpServer2$QuotingInputFilter)
2019-10-25 03:58:53,378 [main] INFO  http.HttpServer2 (HttpServer2.java:addFilter(948)) - Added filter static_user_filter (class=org.apache.hadoop.http.lib.StaticUserWebFilter$StaticUserFilter) to context hddsDatanode
2019-10-25 03:58:53,378 [main] INFO  http.HttpServer2 (HttpServer2.java:addFilter(958)) - Added filter static_user_filter (class=org.apache.hadoop.http.lib.StaticUserWebFilter$StaticUserFilter) to context static
2019-10-25 03:58:53,378 [main] INFO  http.HttpServer2 (HttpServer2.java:addFilter(958)) - Added filter static_user_filter (class=org.apache.hadoop.http.lib.StaticUserWebFilter$StaticUserFilter) to context logs
2019-10-25 03:58:53,379 [main] INFO  http.HttpServer2 (HttpServer2.java:bindListener(1191)) - Jetty bound to port 35975
2019-10-25 03:58:53,379 [main] INFO  server.Server (Server.java:doStart(351)) - jetty-9.3.25.v20180904, build timestamp: 2018-09-04T21:11:46Z, git hash: 3ce520221d0240229c862b122d2b06c12a625732
2019-10-25 03:58:53,380 [main] INFO  handler.ContextHandler (ContextHandler.java:doStart(781)) - Started o.e.j.s.ServletContextHandler@714f3da4{/logs,file:///workdir/hadoop-ozone/integration-test/target/log,AVAILABLE}
2019-10-25 03:58:53,381 [main] INFO  handler.ContextHandler (ContextHandler.java:doStart(781)) - Started o.e.j.s.ServletContextHandler@1f53481b{/static,jar:file:/home/user/.m2/repository/org/apache/hadoop/hadoop-hdds-container-service/0.5.0-SNAPSHOT/hadoop-hdds-container-service-0.5.0-SNAPSHOT.jar!/webapps/static,AVAILABLE}
2019-10-25 03:58:53,399 [Datanode State Machine Thread - 0] INFO  datanode.InitDatanodeState (InitDatanodeState.java:persistContainerDatanodeDetails(140)) - DatanodeDetails is persisted to /workdir/hadoop-ozone/integration-test/target/test-dir/MiniOzoneClusterImpl-7dd9eb76-e729-491b-adf7-f704faccfc31/datanode-0/meta/datanode.id
2019-10-25 03:58:53,403 [Datanode State Machine Thread - 0] INFO  datanode.InitDatanodeState (InitDatanodeState.java:persistContainerDatanodeDetails(140)) - DatanodeDetails is persisted to /workdir/hadoop-ozone/integration-test/target/test-dir/MiniOzoneClusterImpl-7dd9eb76-e729-491b-adf7-f704faccfc31/datanode-1/meta/datanode.id
2019-10-25 03:58:53,414 [main] INFO  handler.ContextHandler (ContextHandler.java:doStart(781)) - Started o.e.j.w.WebAppContext@4cbc2e3b{/,file:///tmp/jetty-0.0.0.0-35975-hddsDatanode-_-any-2515515378314221216.dir/webapp/,AVAILABLE}{/hddsDatanode}
2019-10-25 03:58:53,415 [main] INFO  server.AbstractConnector (AbstractConnector.java:doStart(278)) - Started ServerConnector@2975a9e{HTTP/1.1,[http/1.1]}{0.0.0.0:35975}
2019-10-25 03:58:53,415 [main] INFO  server.Server (Server.java:doStart(419)) - Started @5401ms
2019-10-25 03:58:53,416 [main] WARN  impl.MetricsSystemImpl (MetricsSystemImpl.java:register(276)) - Sink prometheus already exists!
2019-10-25 03:58:53,417 [main] INFO  server.BaseHttpServer (BaseHttpServer.java:updateConnectorAddress(215)) - HTTP server of HDDSDATANODE is listening at http://0.0.0.0:35975
2019-10-25 03:58:53,417 [main] INFO  impl.MetricsSystemImpl (MetricsSystemImpl.java:init(158)) - HddsDatanode metrics system started (again)
2019-10-25 03:58:53,419 [main] INFO  ozone.HddsDatanodeService (HddsDatanodeService.java:start(184)) - HddsDatanodeService host:pr-hdds-2034-4gqpp-1260480586 ip:192.168.69.88
2019-10-25 03:58:53,419 [org.apache.hadoop.util.JvmPauseMonitor$Monitor@2a456723] INFO  util.JvmPauseMonitor (JvmPauseMonitor.java:run(188)) - Starting JVM pause monitor
2019-10-25 03:58:53,421 [Datanode State Machine Thread - 0] INFO  datanode.InitDatanodeState (InitDatanodeState.java:persistContainerDatanodeDetails(140)) - DatanodeDetails is persisted to /workdir/hadoop-ozone/integration-test/target/test-dir/MiniOzoneClusterImpl-7dd9eb76-e729-491b-adf7-f704faccfc31/datanode-2/meta/datanode.id
2019-10-25 03:58:53,426 [main] INFO  volume.HddsVolume (HddsVolume.java:<init>(176)) - Creating Volume: /workdir/hadoop-ozone/integration-test/target/test-dir/MiniOzoneClusterImpl-7dd9eb76-e729-491b-adf7-f704faccfc31/datanode-3/data/containers/hdds of  storage type : DISK and capacity : 1482555576320
2019-10-25 03:58:53,426 [main] INFO  volume.VolumeSet (VolumeSet.java:initializeVolumeSet(170)) - Added Volume : /workdir/hadoop-ozone/integration-test/target/test-dir/MiniOzoneClusterImpl-7dd9eb76-e729-491b-adf7-f704faccfc31/datanode-3/data/containers/hdds to VolumeSet
2019-10-25 03:58:53,427 [main] INFO  volume.ThrottledAsyncChecker (ThrottledAsyncChecker.java:schedule(141)) - Scheduling a check for /workdir/hadoop-ozone/integration-test/target/test-dir/MiniOzoneClusterImpl-7dd9eb76-e729-491b-adf7-f704faccfc31/datanode-3/data/containers/hdds
2019-10-25 03:58:53,427 [main] INFO  volume.HddsVolumeChecker (HddsVolumeChecker.java:checkAllVolumes(204)) - Scheduled health check for volume /workdir/hadoop-ozone/integration-test/target/test-dir/MiniOzoneClusterImpl-7dd9eb76-e729-491b-adf7-f704faccfc31/datanode-3/data/containers/hdds
2019-10-25 03:58:53,441 [main] INFO  impl.RaftServerProxy (ConfUtils.java:logGet(43)) - raft.rpc.type = GRPC (default)
2019-10-25 03:58:53,441 [main] INFO  grpc.GrpcFactory (GrpcFactory.java:checkPooledByteBufAllocatorUseCacheForAllThreads(45)) - PERFORMANCE WARNING: useCacheForAllThreads is true that may cause Netty to create a lot garbage objects and, as a result, trigger GC.
	It is recommended to disable useCacheForAllThreads by setting -Dorg.apache.ratis.thirdparty.io.netty.allocator.useCacheForAllThreads=false in command line.
2019-10-25 03:58:53,442 [main] INFO  grpc.GrpcConfigKeys$Server (ConfUtils.java:logGet(43)) - raft.grpc.server.port = 0 (default)
2019-10-25 03:58:53,442 [main] INFO  server.GrpcService (ConfUtils.java:logGet(43)) - raft.grpc.message.size.max = 33570816 (custom)
2019-10-25 03:58:53,442 [main] INFO  server.RaftServerConfigKeys (ConfUtils.java:logGet(43)) - raft.server.log.appender.buffer.byte-limit = 33554432 (custom)
2019-10-25 03:58:53,442 [main] INFO  server.GrpcService (ConfUtils.java:logGet(43)) - raft.grpc.flow.control.window = 1MB (=1048576) (default)
2019-10-25 03:58:53,442 [main] INFO  server.RaftServerConfigKeys (ConfUtils.java:logGet(43)) - raft.server.rpc.request.timeout = 3000ms (default)
2019-10-25 03:58:53,443 [main] INFO  server.RaftServerConfigKeys (ConfUtils.java:logGet(43)) - raft.server.storage.dir = [/workdir/hadoop-ozone/integration-test/target/test-dir/MiniOzoneClusterImpl-7dd9eb76-e729-491b-adf7-f704faccfc31/datanode-3/data/ratis] (custom)
2019-10-25 03:58:53,445 [main] INFO  hdfs.DFSUtil (DFSUtil.java:httpServerTemplateForNNAndJN(1641)) - Starting Web-server for hddsDatanode at: http://0.0.0.0:0
2019-10-25 03:58:53,446 [main] INFO  server.AuthenticationFilter (AuthenticationFilter.java:constructSecretProvider(240)) - Unable to initialize FileSignerSecretProvider, falling back to use random secrets.
2019-10-25 03:58:53,447 [main] WARN  http.HttpRequestLog (HttpRequestLog.java:getRequestLog(97)) - Jetty request log can only be enabled using Log4j
2019-10-25 03:58:53,448 [main] INFO  http.HttpServer2 (HttpServer2.java:addGlobalFilter(975)) - Added global filter 'safety' (class=org.apache.hadoop.http.HttpServer2$QuotingInputFilter)
2019-10-25 03:58:53,449 [main] INFO  http.HttpServer2 (HttpServer2.java:addFilter(948)) - Added filter static_user_filter (class=org.apache.hadoop.http.lib.StaticUserWebFilter$StaticUserFilter) to context hddsDatanode
2019-10-25 03:58:53,449 [main] INFO  http.HttpServer2 (HttpServer2.java:addFilter(958)) - Added filter static_user_filter (class=org.apache.hadoop.http.lib.StaticUserWebFilter$StaticUserFilter) to context static
2019-10-25 03:58:53,449 [main] INFO  http.HttpServer2 (HttpServer2.java:addFilter(958)) - Added filter static_user_filter (class=org.apache.hadoop.http.lib.StaticUserWebFilter$StaticUserFilter) to context logs
2019-10-25 03:58:53,450 [main] INFO  http.HttpServer2 (HttpServer2.java:bindListener(1191)) - Jetty bound to port 33390
2019-10-25 03:58:53,450 [main] INFO  server.Server (Server.java:doStart(351)) - jetty-9.3.25.v20180904, build timestamp: 2018-09-04T21:11:46Z, git hash: 3ce520221d0240229c862b122d2b06c12a625732
2019-10-25 03:58:53,453 [main] INFO  handler.ContextHandler (ContextHandler.java:doStart(781)) - Started o.e.j.s.ServletContextHandler@f88bfbe{/logs,file:///workdir/hadoop-ozone/integration-test/target/log,AVAILABLE}
2019-10-25 03:58:53,454 [main] INFO  handler.ContextHandler (ContextHandler.java:doStart(781)) - Started o.e.j.s.ServletContextHandler@5d8ab698{/static,jar:file:/home/user/.m2/repository/org/apache/hadoop/hadoop-hdds-container-service/0.5.0-SNAPSHOT/hadoop-hdds-container-service-0.5.0-SNAPSHOT.jar!/webapps/static,AVAILABLE}
2019-10-25 03:58:53,483 [main] INFO  handler.ContextHandler (ContextHandler.java:doStart(781)) - Started o.e.j.w.WebAppContext@1e0a864d{/,file:///tmp/jetty-0.0.0.0-33390-hddsDatanode-_-any-2033692881889559595.dir/webapp/,AVAILABLE}{/hddsDatanode}
2019-10-25 03:58:53,484 [main] INFO  server.AbstractConnector (AbstractConnector.java:doStart(278)) - Started ServerConnector@440e3ce6{HTTP/1.1,[http/1.1]}{0.0.0.0:33390}
2019-10-25 03:58:53,485 [main] INFO  server.Server (Server.java:doStart(419)) - Started @5471ms
2019-10-25 03:58:53,485 [main] WARN  impl.MetricsSystemImpl (MetricsSystemImpl.java:register(276)) - Sink prometheus already exists!
2019-10-25 03:58:53,486 [main] INFO  server.BaseHttpServer (BaseHttpServer.java:updateConnectorAddress(215)) - HTTP server of HDDSDATANODE is listening at http://0.0.0.0:33390
2019-10-25 03:58:53,488 [main] INFO  ozone.MiniOzoneClusterImpl (MiniOzoneClusterImpl.java:lambda$waitForClusterToBeReady$0(149)) - Waiting for nodes to be ready. Got 0 of 4 DN Heartbeats.
2019-10-25 03:58:53,488 [main] INFO  ozone.MiniOzoneClusterImpl (MiniOzoneClusterImpl.java:lambda$waitForClusterToBeReady$0(152)) - Waiting for cluster to exit safe mode
2019-10-25 03:58:53,489 [org.apache.hadoop.util.JvmPauseMonitor$Monitor@1d90412a] INFO  util.JvmPauseMonitor (JvmPauseMonitor.java:run(188)) - Starting JVM pause monitor
2019-10-25 03:58:53,492 [Datanode State Machine Thread - 0] INFO  datanode.InitDatanodeState (InitDatanodeState.java:persistContainerDatanodeDetails(140)) - DatanodeDetails is persisted to /workdir/hadoop-ozone/integration-test/target/test-dir/MiniOzoneClusterImpl-7dd9eb76-e729-491b-adf7-f704faccfc31/datanode-3/meta/datanode.id
2019-10-25 03:58:53,991 [Thread-94] INFO  impl.FollowerState (FollowerState.java:run(111)) - 4c2f9765-5180-41de-a695-1a264cca36d5@group-C5BA1605619E-FollowerState: change to CANDIDATE, lastRpcTime:1194ms, electionTimeout:1193ms
2019-10-25 03:58:53,993 [Thread-94] INFO  impl.RoleInfo (RoleInfo.java:shutdownFollowerState(121)) - 4c2f9765-5180-41de-a695-1a264cca36d5: shutdown FollowerState
2019-10-25 03:58:53,993 [Thread-94] INFO  impl.RaftServerImpl (RaftServerImpl.java:setRole(173)) - 4c2f9765-5180-41de-a695-1a264cca36d5@group-C5BA1605619E: changes role from  FOLLOWER to CANDIDATE at term 0 for changeToCandidate
2019-10-25 03:58:53,997 [Thread-94] INFO  impl.RoleInfo (RoleInfo.java:updateAndGet(143)) - 4c2f9765-5180-41de-a695-1a264cca36d5: start LeaderElection
2019-10-25 03:58:54,135 [4c2f9765-5180-41de-a695-1a264cca36d5@group-C5BA1605619E-LeaderElection1] INFO  impl.LeaderElection (LeaderElection.java:askForVotes(178)) - 4c2f9765-5180-41de-a695-1a264cca36d5@group-C5BA1605619E-LeaderElection1: begin an election at term 1 for -1: [4c2f9765-5180-41de-a695-1a264cca36d5:localhost:9872], old=null
2019-10-25 03:58:54,137 [4c2f9765-5180-41de-a695-1a264cca36d5@group-C5BA1605619E-LeaderElection1] INFO  impl.RoleInfo (RoleInfo.java:shutdownLeaderElection(134)) - 4c2f9765-5180-41de-a695-1a264cca36d5: shutdown LeaderElection
2019-10-25 03:58:54,138 [4c2f9765-5180-41de-a695-1a264cca36d5@group-C5BA1605619E-LeaderElection1] INFO  impl.RaftServerImpl (RaftServerImpl.java:setRole(173)) - 4c2f9765-5180-41de-a695-1a264cca36d5@group-C5BA1605619E: changes role from CANDIDATE to LEADER at term 1 for changeToLeader
2019-10-25 03:58:54,138 [4c2f9765-5180-41de-a695-1a264cca36d5@group-C5BA1605619E-LeaderElection1] INFO  impl.RaftServerImpl (ServerState.java:setLeader(255)) - 4c2f9765-5180-41de-a695-1a264cca36d5@group-C5BA1605619E: change Leader from null to 4c2f9765-5180-41de-a695-1a264cca36d5 at term 1 for becomeLeader, leader elected after 1439ms
2019-10-25 03:58:54,145 [4c2f9765-5180-41de-a695-1a264cca36d5@group-C5BA1605619E-LeaderElection1] INFO  server.RaftServerConfigKeys (ConfUtils.java:logGet(43)) - raft.server.staging.catchup.gap = 1000 (default)
2019-10-25 03:58:54,146 [4c2f9765-5180-41de-a695-1a264cca36d5@group-C5BA1605619E-LeaderElection1] INFO  server.RaftServerConfigKeys (ConfUtils.java:logGet(43)) - raft.server.rpc.sleep.time = 25ms (default)
2019-10-25 03:58:54,150 [4c2f9765-5180-41de-a695-1a264cca36d5@group-C5BA1605619E-LeaderElection1] INFO  server.RaftServerConfigKeys (ConfUtils.java:logGet(43)) - raft.server.write.element-limit = 4096 (default)
2019-10-25 03:58:54,154 [4c2f9765-5180-41de-a695-1a264cca36d5@group-C5BA1605619E-LeaderElection1] INFO  server.RaftServerConfigKeys (ConfUtils.java:logGet(43)) - raft.server.watch.timeout = 10s (default)
2019-10-25 03:58:54,154 [4c2f9765-5180-41de-a695-1a264cca36d5@group-C5BA1605619E-LeaderElection1] INFO  server.RaftServerConfigKeys (ConfUtils.java:logGet(43)) - raft.server.watch.timeout.denomination = 1s (default)
2019-10-25 03:58:54,155 [4c2f9765-5180-41de-a695-1a264cca36d5@group-C5BA1605619E-LeaderElection1] INFO  server.RaftServerConfigKeys (ConfUtils.java:logGet(43)) - raft.server.watch.element-limit = 65536 (default)
2019-10-25 03:58:54,166 [4c2f9765-5180-41de-a695-1a264cca36d5@group-C5BA1605619E-LeaderElection1] INFO  impl.RoleInfo (RoleInfo.java:updateAndGet(143)) - 4c2f9765-5180-41de-a695-1a264cca36d5: start LeaderState
2019-10-25 03:58:54,186 [4c2f9765-5180-41de-a695-1a264cca36d5@group-C5BA1605619E-LeaderElection1] INFO  segmented.SegmentedRaftLogWorker (SegmentedRaftLogWorker.java:startLogSegment(385)) - 4c2f9765-5180-41de-a695-1a264cca36d5@group-C5BA1605619E-SegmentedRaftLogWorker: Starting segment from index:0
2019-10-25 03:58:54,205 [4c2f9765-5180-41de-a695-1a264cca36d5@group-C5BA1605619E-LeaderElection1] INFO  impl.RaftServerImpl (ServerState.java:setRaftConf(356)) - 4c2f9765-5180-41de-a695-1a264cca36d5@group-C5BA1605619E: set configuration 0: [4c2f9765-5180-41de-a695-1a264cca36d5:localhost:9872], old=null at 0
2019-10-25 03:58:54,364 [4c2f9765-5180-41de-a695-1a264cca36d5@group-C5BA1605619E-SegmentedRaftLogWorker] INFO  segmented.SegmentedRaftLogWorker (SegmentedRaftLogWorker.java:execute(576)) - 4c2f9765-5180-41de-a695-1a264cca36d5@group-C5BA1605619E-SegmentedRaftLogWorker: created new log segment /workdir/hadoop-ozone/integration-test/target/test-dir/MiniOzoneClusterImpl-7dd9eb76-e729-491b-adf7-f704faccfc31/ozone-meta/ratis/bf265839-605b-3f16-9796-c5ba1605619e/current/log_inprogress_0
2019-10-25 03:58:54,488 [main] INFO  ozone.MiniOzoneClusterImpl (MiniOzoneClusterImpl.java:lambda$waitForClusterToBeReady$0(149)) - Waiting for nodes to be ready. Got 0 of 4 DN Heartbeats.
2019-10-25 03:58:54,489 [main] INFO  ozone.MiniOzoneClusterImpl (MiniOzoneClusterImpl.java:lambda$waitForClusterToBeReady$0(152)) - Waiting for cluster to exit safe mode
2019-10-25 03:58:55,455 [Datanode State Machine Thread - 0] INFO  ozoneimpl.OzoneContainer (OzoneContainer.java:start(213)) - Attempting to start container services.
2019-10-25 03:58:55,456 [Datanode State Machine Thread - 0] INFO  ozoneimpl.OzoneContainer (OzoneContainer.java:start(213)) - Attempting to start container services.
2019-10-25 03:58:55,455 [Datanode State Machine Thread - 0] INFO  ozoneimpl.OzoneContainer (OzoneContainer.java:start(213)) - Attempting to start container services.
2019-10-25 03:58:55,460 [Datanode State Machine Thread - 0] INFO  ozoneimpl.OzoneContainer (OzoneContainer.java:startContainerScrub(177)) - Background container scanner has been disabled.
2019-10-25 03:58:55,460 [Datanode State Machine Thread - 0] INFO  ozoneimpl.OzoneContainer (OzoneContainer.java:startContainerScrub(177)) - Background container scanner has been disabled.
2019-10-25 03:58:55,460 [Datanode State Machine Thread - 0] INFO  ratis.XceiverServerRatis (XceiverServerRatis.java:start(419)) - Starting XceiverServerRatis 1483ffd7-1556-42e9-9661-641add415bbb at port 0
2019-10-25 03:58:55,460 [Datanode State Machine Thread - 0] INFO  ratis.XceiverServerRatis (XceiverServerRatis.java:start(419)) - Starting XceiverServerRatis 9e87f668-3d6b-4a03-b7be-4524552954d2 at port 0
2019-10-25 03:58:55,460 [Datanode State Machine Thread - 0] INFO  ozoneimpl.OzoneContainer (OzoneContainer.java:startContainerScrub(177)) - Background container scanner has been disabled.
2019-10-25 03:58:55,461 [Datanode State Machine Thread - 0] INFO  ratis.XceiverServerRatis (XceiverServerRatis.java:start(419)) - Starting XceiverServerRatis 2e9f0457-bccb-4301-8e0c-10b4fb6c14fa at port 0
2019-10-25 03:58:55,479 [Datanode State Machine Thread - 0] INFO  impl.RaftServerProxy (RaftServerProxy.java:lambda$start$3(299)) - 2e9f0457-bccb-4301-8e0c-10b4fb6c14fa: start RPC server
2019-10-25 03:58:55,483 [Datanode State Machine Thread - 0] INFO  server.GrpcService (GrpcService.java:startImpl(158)) - 2e9f0457-bccb-4301-8e0c-10b4fb6c14fa: GrpcService started, listening on 0.0.0.0/0.0.0.0:40160
2019-10-25 03:58:55,484 [Datanode State Machine Thread - 0] INFO  ratis.XceiverServerRatis (XceiverServerRatis.java:start(429)) - XceiverServerRatis 2e9f0457-bccb-4301-8e0c-10b4fb6c14fa is started using port 40160
2019-10-25 03:58:55,486 [Datanode State Machine Thread - 0] INFO  impl.RaftServerProxy (RaftServerProxy.java:lambda$start$3(299)) - 9e87f668-3d6b-4a03-b7be-4524552954d2: start RPC server
2019-10-25 03:58:55,486 [Datanode State Machine Thread - 0] INFO  server.XceiverServerGrpc (XceiverServerGrpc.java:start(149)) - XceiverServerGrpc 2e9f0457-bccb-4301-8e0c-10b4fb6c14fa is started using port 41258
2019-10-25 03:58:55,487 [Datanode State Machine Thread - 0] INFO  impl.RaftServerProxy (RaftServerProxy.java:lambda$start$3(299)) - 1483ffd7-1556-42e9-9661-641add415bbb: start RPC server
2019-10-25 03:58:55,489 [main] INFO  ozone.MiniOzoneClusterImpl (MiniOzoneClusterImpl.java:lambda$waitForClusterToBeReady$0(149)) - Waiting for nodes to be ready. Got 0 of 4 DN Heartbeats.
2019-10-25 03:58:55,489 [Datanode State Machine Thread - 0] INFO  server.GrpcService (GrpcService.java:startImpl(158)) - 1483ffd7-1556-42e9-9661-641add415bbb: GrpcService started, listening on 0.0.0.0/0.0.0.0:38003
2019-10-25 03:58:55,489 [main] INFO  ozone.MiniOzoneClusterImpl (MiniOzoneClusterImpl.java:lambda$waitForClusterToBeReady$0(152)) - Waiting for cluster to exit safe mode
2019-10-25 03:58:55,489 [Datanode State Machine Thread - 0] INFO  server.GrpcService (GrpcService.java:startImpl(158)) - 9e87f668-3d6b-4a03-b7be-4524552954d2: GrpcService started, listening on 0.0.0.0/0.0.0.0:41122
2019-10-25 03:58:55,489 [Datanode State Machine Thread - 0] INFO  ratis.XceiverServerRatis (XceiverServerRatis.java:start(429)) - XceiverServerRatis 1483ffd7-1556-42e9-9661-641add415bbb is started using port 38003
2019-10-25 03:58:55,490 [Datanode State Machine Thread - 0] INFO  ratis.XceiverServerRatis (XceiverServerRatis.java:start(429)) - XceiverServerRatis 9e87f668-3d6b-4a03-b7be-4524552954d2 is started using port 41122
2019-10-25 03:58:55,492 [Datanode State Machine Thread - 0] INFO  server.XceiverServerGrpc (XceiverServerGrpc.java:start(149)) - XceiverServerGrpc 1483ffd7-1556-42e9-9661-641add415bbb is started using port 37606
2019-10-25 03:58:55,493 [Datanode State Machine Thread - 0] INFO  server.XceiverServerGrpc (XceiverServerGrpc.java:start(149)) - XceiverServerGrpc 9e87f668-3d6b-4a03-b7be-4524552954d2 is started using port 46608
2019-10-25 03:58:55,508 [Datanode State Machine Thread - 0] INFO  ozoneimpl.OzoneContainer (OzoneContainer.java:start(213)) - Attempting to start container services.
2019-10-25 03:58:55,510 [Datanode State Machine Thread - 0] INFO  ozoneimpl.OzoneContainer (OzoneContainer.java:startContainerScrub(177)) - Background container scanner has been disabled.
2019-10-25 03:58:55,510 [Datanode State Machine Thread - 0] INFO  ratis.XceiverServerRatis (XceiverServerRatis.java:start(419)) - Starting XceiverServerRatis b79e3bf1-7438-438f-808c-2f805593d4c4 at port 0
2019-10-25 03:58:55,518 [Datanode State Machine Thread - 0] INFO  impl.RaftServerProxy (RaftServerProxy.java:lambda$start$3(299)) - b79e3bf1-7438-438f-808c-2f805593d4c4: start RPC server
2019-10-25 03:58:55,520 [Datanode State Machine Thread - 0] INFO  server.GrpcService (GrpcService.java:startImpl(158)) - b79e3bf1-7438-438f-808c-2f805593d4c4: GrpcService started, listening on 0.0.0.0/0.0.0.0:42175
2019-10-25 03:58:55,521 [Datanode State Machine Thread - 0] INFO  ratis.XceiverServerRatis (XceiverServerRatis.java:start(429)) - XceiverServerRatis b79e3bf1-7438-438f-808c-2f805593d4c4 is started using port 42175
2019-10-25 03:58:55,522 [Datanode State Machine Thread - 0] INFO  server.XceiverServerGrpc (XceiverServerGrpc.java:start(149)) - XceiverServerGrpc b79e3bf1-7438-438f-808c-2f805593d4c4 is started using port 35542
2019-10-25 03:58:56,490 [main] INFO  ozone.MiniOzoneClusterImpl (MiniOzoneClusterImpl.java:lambda$waitForClusterToBeReady$0(149)) - Waiting for nodes to be ready. Got 0 of 4 DN Heartbeats.
2019-10-25 03:58:56,490 [main] INFO  ozone.MiniOzoneClusterImpl (MiniOzoneClusterImpl.java:lambda$waitForClusterToBeReady$0(152)) - Waiting for cluster to exit safe mode
2019-10-25 03:58:57,315 [IPC Server handler 1 on 40823] INFO  net.NetworkTopology (NetworkTopologyImpl.java:add(111)) - Added a new node: /rack1/1483ffd7-1556-42e9-9661-641add415bbb
2019-10-25 03:58:57,316 [IPC Server handler 1 on 40823] INFO  node.SCMNodeManager (SCMNodeManager.java:register(268)) - Registered Data node : 1483ffd7-1556-42e9-9661-641add415bbb{ip: 192.168.69.88, host: pr-hdds-2034-4gqpp-1260480586, networkLocation: /rack1, certSerialId: null}
2019-10-25 03:58:57,318 [EventQueue-NodeRegistrationContainerReportForContainerSafeModeRule] INFO  safemode.SCMSafeModeManager (SCMSafeModeManager.java:validateSafeModeExitRules(169)) - ContainerSafeModeRule rule is successfully validated
2019-10-25 03:58:57,319 [EventQueue-NodeRegistrationContainerReportForDataNodeSafeModeRule] INFO  safemode.SCMSafeModeManager (DataNodeSafeModeRule.java:process(71)) - SCM in safe mode. 1 DataNodes registered, 1 required.
2019-10-25 03:58:57,319 [EventQueue-NodeRegistrationContainerReportForDataNodeSafeModeRule] INFO  safemode.SCMSafeModeManager (SCMSafeModeManager.java:validateSafeModeExitRules(169)) - DataNodeSafeModeRule rule is successfully validated
2019-10-25 03:58:57,322 [RatisPipelineUtilsThread] INFO  pipeline.RatisPipelineProvider (RatisPipelineProvider.java:lambda$create$4(163)) - Send pipeline:PipelineID=5950821c-d8d7-4ac3-a884-0cdd7692d260 create command to datanode 1483ffd7-1556-42e9-9661-641add415bbb
2019-10-25 03:58:57,355 [IPC Server handler 2 on 40823] INFO  net.NetworkTopology (NetworkTopologyImpl.java:add(111)) - Added a new node: /rack1/9e87f668-3d6b-4a03-b7be-4524552954d2
2019-10-25 03:58:57,355 [IPC Server handler 2 on 40823] INFO  node.SCMNodeManager (SCMNodeManager.java:register(268)) - Registered Data node : 9e87f668-3d6b-4a03-b7be-4524552954d2{ip: 192.168.69.88, host: pr-hdds-2034-4gqpp-1260480586, networkLocation: /rack1, certSerialId: null}
2019-10-25 03:58:57,356 [EventQueue-NodeRegistrationContainerReportForContainerSafeModeRule] INFO  safemode.SCMSafeModeManager (SCMSafeModeManager.java:validateSafeModeExitRules(169)) - ContainerSafeModeRule rule is successfully validated
2019-10-25 03:58:57,356 [EventQueue-NodeRegistrationContainerReportForDataNodeSafeModeRule] INFO  safemode.SCMSafeModeManager (SCMSafeModeManager.java:validateSafeModeExitRules(169)) - DataNodeSafeModeRule rule is successfully validated
2019-10-25 03:58:57,358 [RatisPipelineUtilsThread] INFO  pipeline.RatisPipelineProvider (RatisPipelineProvider.java:lambda$create$4(163)) - Send pipeline:PipelineID=ff3dc3b6-37dd-468b-926b-f5c5c31f5fe0 create command to datanode 9e87f668-3d6b-4a03-b7be-4524552954d2
2019-10-25 03:58:57,422 [IPC Server handler 3 on 40823] INFO  net.NetworkTopology (NetworkTopologyImpl.java:add(111)) - Added a new node: /rack1/2e9f0457-bccb-4301-8e0c-10b4fb6c14fa
2019-10-25 03:58:57,422 [IPC Server handler 3 on 40823] INFO  node.SCMNodeManager (SCMNodeManager.java:register(268)) - Registered Data node : 2e9f0457-bccb-4301-8e0c-10b4fb6c14fa{ip: 192.168.69.88, host: pr-hdds-2034-4gqpp-1260480586, networkLocation: /rack1, certSerialId: null}
2019-10-25 03:58:57,422 [EventQueue-NodeRegistrationContainerReportForDataNodeSafeModeRule] INFO  safemode.SCMSafeModeManager (SCMSafeModeManager.java:validateSafeModeExitRules(169)) - DataNodeSafeModeRule rule is successfully validated
2019-10-25 03:58:57,423 [EventQueue-NodeRegistrationContainerReportForContainerSafeModeRule] INFO  safemode.SCMSafeModeManager (SCMSafeModeManager.java:validateSafeModeExitRules(169)) - ContainerSafeModeRule rule is successfully validated
2019-10-25 03:58:57,423 [RatisPipelineUtilsThread] INFO  pipeline.RatisPipelineProvider (RatisPipelineProvider.java:lambda$create$4(163)) - Send pipeline:PipelineID=df376db9-0d33-4703-8457-b255cd6800b2 create command to datanode 2e9f0457-bccb-4301-8e0c-10b4fb6c14fa
2019-10-25 03:58:57,425 [RatisPipelineUtilsThread] INFO  pipeline.RatisPipelineProvider (RatisPipelineProvider.java:lambda$create$4(163)) - Send pipeline:PipelineID=de88a177-bbe8-437e-af41-698563317d01 create command to datanode 9e87f668-3d6b-4a03-b7be-4524552954d2
2019-10-25 03:58:57,425 [RatisPipelineUtilsThread] INFO  pipeline.RatisPipelineProvider (RatisPipelineProvider.java:lambda$create$4(163)) - Send pipeline:PipelineID=de88a177-bbe8-437e-af41-698563317d01 create command to datanode 1483ffd7-1556-42e9-9661-641add415bbb
2019-10-25 03:58:57,425 [RatisPipelineUtilsThread] INFO  pipeline.RatisPipelineProvider (RatisPipelineProvider.java:lambda$create$4(163)) - Send pipeline:PipelineID=de88a177-bbe8-437e-af41-698563317d01 create command to datanode 2e9f0457-bccb-4301-8e0c-10b4fb6c14fa
2019-10-25 03:58:57,494 [main] INFO  ozone.MiniOzoneClusterImpl (MiniOzoneClusterImpl.java:lambda$waitForClusterToBeReady$0(149)) - Waiting for nodes to be ready. Got 3 of 4 DN Heartbeats.
2019-10-25 03:58:57,494 [main] INFO  ozone.MiniOzoneClusterImpl (MiniOzoneClusterImpl.java:lambda$waitForClusterToBeReady$0(152)) - Waiting for cluster to exit safe mode
2019-10-25 03:58:57,495 [IPC Server handler 1 on 40823] INFO  net.NetworkTopology (NetworkTopologyImpl.java:add(111)) - Added a new node: /rack1/b79e3bf1-7438-438f-808c-2f805593d4c4
2019-10-25 03:58:57,495 [IPC Server handler 1 on 40823] INFO  node.SCMNodeManager (SCMNodeManager.java:register(268)) - Registered Data node : b79e3bf1-7438-438f-808c-2f805593d4c4{ip: 192.168.69.88, host: pr-hdds-2034-4gqpp-1260480586, networkLocation: /rack1, certSerialId: null}
2019-10-25 03:58:57,495 [EventQueue-NodeRegistrationContainerReportForDataNodeSafeModeRule] INFO  safemode.SCMSafeModeManager (SCMSafeModeManager.java:validateSafeModeExitRules(169)) - DataNodeSafeModeRule rule is successfully validated
2019-10-25 03:58:57,495 [RatisPipelineUtilsThread] INFO  pipeline.RatisPipelineProvider (RatisPipelineProvider.java:lambda$create$4(163)) - Send pipeline:PipelineID=a4ce9fba-8e1a-43e7-822d-5433a8d66994 create command to datanode b79e3bf1-7438-438f-808c-2f805593d4c4
2019-10-25 03:58:57,495 [EventQueue-NodeRegistrationContainerReportForContainerSafeModeRule] INFO  safemode.SCMSafeModeManager (SCMSafeModeManager.java:validateSafeModeExitRules(169)) - ContainerSafeModeRule rule is successfully validated
2019-10-25 03:58:58,495 [main] INFO  ozone.MiniOzoneClusterImpl (MiniOzoneClusterImpl.java:lambda$waitForClusterToBeReady$0(149)) - Nodes are ready. Got 4 of 4 DN Heartbeats.
2019-10-25 03:58:58,496 [main] INFO  ozone.MiniOzoneClusterImpl (MiniOzoneClusterImpl.java:lambda$waitForClusterToBeReady$0(152)) - Waiting for cluster to exit safe mode
2019-10-25 03:58:59,496 [main] INFO  ozone.MiniOzoneClusterImpl (MiniOzoneClusterImpl.java:lambda$waitForClusterToBeReady$0(149)) - Nodes are ready. Got 4 of 4 DN Heartbeats.
2019-10-25 03:58:59,496 [main] INFO  ozone.MiniOzoneClusterImpl (MiniOzoneClusterImpl.java:lambda$waitForClusterToBeReady$0(152)) - Waiting for cluster to exit safe mode
2019-10-25 03:59:00,301 [Command processor thread] INFO  impl.RaftServerProxy (RaftServerProxy.java:addNew(89)) - 1483ffd7-1556-42e9-9661-641add415bbb: addNew group-0CDD7692D260:[1483ffd7-1556-42e9-9661-641add415bbb:192.168.69.88:38003] returns group-0CDD7692D260:java.util.concurrent.CompletableFuture@d6bd025[Not completed]
2019-10-25 03:59:00,319 [pool-32-thread-1] INFO  impl.RaftServerImpl (RaftServerImpl.java:<init>(98)) - 1483ffd7-1556-42e9-9661-641add415bbb: new RaftServerImpl for group-0CDD7692D260:[1483ffd7-1556-42e9-9661-641add415bbb:192.168.69.88:38003] with ContainerStateMachine:uninitialized
2019-10-25 03:59:00,320 [pool-32-thread-1] INFO  server.RaftServerConfigKeys (ConfUtils.java:logGet(43)) - raft.server.rpc.timeout.min = 5s (custom)
2019-10-25 03:59:00,321 [pool-32-thread-1] INFO  server.RaftServerConfigKeys (ConfUtils.java:logGet(43)) - raft.server.rpc.timeout.max = 5200ms (custom)
2019-10-25 03:59:00,321 [pool-32-thread-1] INFO  server.RaftServerConfigKeys (ConfUtils.java:logGet(43)) - raft.server.rpcslowness.timeout = 120s (custom)
2019-10-25 03:59:00,321 [pool-32-thread-1] INFO  server.RaftServerConfigKeys (ConfUtils.java:logGet(43)) - raft.server.sleep.deviation.threshold = 300 (default)
2019-10-25 03:59:00,321 [pool-32-thread-1] INFO  server.RaftServerConfigKeys (ConfUtils.java:logGet(43)) - raft.server.log.appender.install.snapshot.enabled = false (custom)
2019-10-25 03:59:00,321 [pool-32-thread-1] INFO  impl.RaftServerImpl (ServerState.java:<init>(103)) - 1483ffd7-1556-42e9-9661-641add415bbb@group-0CDD7692D260: ConfigurationManager, init=-1: [1483ffd7-1556-42e9-9661-641add415bbb:192.168.69.88:38003], old=null, confs=<EMPTY_MAP>
2019-10-25 03:59:00,322 [pool-32-thread-1] INFO  server.RaftServerConfigKeys (ConfUtils.java:logGet(43)) - raft.server.storage.dir = [/workdir/hadoop-ozone/integration-test/target/test-dir/MiniOzoneClusterImpl-7dd9eb76-e729-491b-adf7-f704faccfc31/datanode-0/data/ratis] (custom)
2019-10-25 03:59:00,322 [pool-32-thread-1] INFO  server.RaftServerConfigKeys (ConfUtils.java:logGet(43)) - raft.server.log.corruption.policy = EXCEPTION (default)
2019-10-25 03:59:00,322 [pool-32-thread-1] INFO  storage.RaftStorageDirectory (RaftStorageDirectory.java:analyzeStorage(246)) - The storage directory /workdir/hadoop-ozone/integration-test/target/test-dir/MiniOzoneClusterImpl-7dd9eb76-e729-491b-adf7-f704faccfc31/datanode-0/data/ratis/5950821c-d8d7-4ac3-a884-0cdd7692d260 does not exist. Creating ...
2019-10-25 03:59:00,351 [Command processor thread] INFO  impl.RaftServerProxy (RaftServerProxy.java:addNew(89)) - 9e87f668-3d6b-4a03-b7be-4524552954d2: addNew group-F5C5C31F5FE0:[9e87f668-3d6b-4a03-b7be-4524552954d2:192.168.69.88:41122] returns group-F5C5C31F5FE0:java.util.concurrent.CompletableFuture@17ef2012[Not completed]
2019-10-25 03:59:00,372 [pool-42-thread-1] INFO  impl.RaftServerImpl (RaftServerImpl.java:<init>(98)) - 9e87f668-3d6b-4a03-b7be-4524552954d2: new RaftServerImpl for group-F5C5C31F5FE0:[9e87f668-3d6b-4a03-b7be-4524552954d2:192.168.69.88:41122] with ContainerStateMachine:uninitialized
2019-10-25 03:59:00,372 [pool-42-thread-1] INFO  server.RaftServerConfigKeys (ConfUtils.java:logGet(43)) - raft.server.rpc.timeout.min = 5s (custom)
2019-10-25 03:59:00,373 [pool-42-thread-1] INFO  server.RaftServerConfigKeys (ConfUtils.java:logGet(43)) - raft.server.rpc.timeout.max = 5200ms (custom)
2019-10-25 03:59:00,373 [pool-42-thread-1] INFO  server.RaftServerConfigKeys (ConfUtils.java:logGet(43)) - raft.server.rpcslowness.timeout = 120s (custom)
2019-10-25 03:59:00,373 [pool-42-thread-1] INFO  server.RaftServerConfigKeys (ConfUtils.java:logGet(43)) - raft.server.sleep.deviation.threshold = 300 (default)
2019-10-25 03:59:00,373 [pool-42-thread-1] INFO  server.RaftServerConfigKeys (ConfUtils.java:logGet(43)) - raft.server.log.appender.install.snapshot.enabled = false (custom)
2019-10-25 03:59:00,373 [pool-42-thread-1] INFO  impl.RaftServerImpl (ServerState.java:<init>(103)) - 9e87f668-3d6b-4a03-b7be-4524552954d2@group-F5C5C31F5FE0: ConfigurationManager, init=-1: [9e87f668-3d6b-4a03-b7be-4524552954d2:192.168.69.88:41122], old=null, confs=<EMPTY_MAP>
2019-10-25 03:59:00,374 [pool-42-thread-1] INFO  server.RaftServerConfigKeys (ConfUtils.java:logGet(43)) - raft.server.storage.dir = [/workdir/hadoop-ozone/integration-test/target/test-dir/MiniOzoneClusterImpl-7dd9eb76-e729-491b-adf7-f704faccfc31/datanode-1/data/ratis] (custom)
2019-10-25 03:59:00,374 [pool-42-thread-1] INFO  server.RaftServerConfigKeys (ConfUtils.java:logGet(43)) - raft.server.log.corruption.policy = EXCEPTION (default)
2019-10-25 03:59:00,374 [pool-42-thread-1] INFO  storage.RaftStorageDirectory (RaftStorageDirectory.java:analyzeStorage(246)) - The storage directory /workdir/hadoop-ozone/integration-test/target/test-dir/MiniOzoneClusterImpl-7dd9eb76-e729-491b-adf7-f704faccfc31/datanode-1/data/ratis/ff3dc3b6-37dd-468b-926b-f5c5c31f5fe0 does not exist. Creating ...
2019-10-25 03:59:00,422 [Command processor thread] INFO  impl.RaftServerProxy (RaftServerProxy.java:addNew(89)) - 2e9f0457-bccb-4301-8e0c-10b4fb6c14fa: addNew group-B255CD6800B2:[2e9f0457-bccb-4301-8e0c-10b4fb6c14fa:192.168.69.88:40160] returns group-B255CD6800B2:java.util.concurrent.CompletableFuture@3bb421f5[Not completed]
2019-10-25 03:59:00,434 [pool-52-thread-1] INFO  impl.RaftServerImpl (RaftServerImpl.java:<init>(98)) - 2e9f0457-bccb-4301-8e0c-10b4fb6c14fa: new RaftServerImpl for group-B255CD6800B2:[2e9f0457-bccb-4301-8e0c-10b4fb6c14fa:192.168.69.88:40160] with ContainerStateMachine:uninitialized
2019-10-25 03:59:00,437 [pool-52-thread-1] INFO  server.RaftServerConfigKeys (ConfUtils.java:logGet(43)) - raft.server.rpc.timeout.min = 5s (custom)
2019-10-25 03:59:00,437 [pool-52-thread-1] INFO  server.RaftServerConfigKeys (ConfUtils.java:logGet(43)) - raft.server.rpc.timeout.max = 5200ms (custom)
2019-10-25 03:59:00,437 [pool-52-thread-1] INFO  server.RaftServerConfigKeys (ConfUtils.java:logGet(43)) - raft.server.rpcslowness.timeout = 120s (custom)
2019-10-25 03:59:00,437 [pool-52-thread-1] INFO  server.RaftServerConfigKeys (ConfUtils.java:logGet(43)) - raft.server.sleep.deviation.threshold = 300 (default)
2019-10-25 03:59:00,437 [pool-52-thread-1] INFO  server.RaftServerConfigKeys (ConfUtils.java:logGet(43)) - raft.server.log.appender.install.snapshot.enabled = false (custom)
2019-10-25 03:59:00,437 [pool-52-thread-1] INFO  impl.RaftServerImpl (ServerState.java:<init>(103)) - 2e9f0457-bccb-4301-8e0c-10b4fb6c14fa@group-B255CD6800B2: ConfigurationManager, init=-1: [2e9f0457-bccb-4301-8e0c-10b4fb6c14fa:192.168.69.88:40160], old=null, confs=<EMPTY_MAP>
2019-10-25 03:59:00,437 [pool-52-thread-1] INFO  server.RaftServerConfigKeys (ConfUtils.java:logGet(43)) - raft.server.storage.dir = [/workdir/hadoop-ozone/integration-test/target/test-dir/MiniOzoneClusterImpl-7dd9eb76-e729-491b-adf7-f704faccfc31/datanode-2/data/ratis] (custom)
2019-10-25 03:59:00,438 [pool-52-thread-1] INFO  server.RaftServerConfigKeys (ConfUtils.java:logGet(43)) - raft.server.log.corruption.policy = EXCEPTION (default)
2019-10-25 03:59:00,438 [pool-52-thread-1] INFO  storage.RaftStorageDirectory (RaftStorageDirectory.java:analyzeStorage(246)) - The storage directory /workdir/hadoop-ozone/integration-test/target/test-dir/MiniOzoneClusterImpl-7dd9eb76-e729-491b-adf7-f704faccfc31/datanode-2/data/ratis/df376db9-0d33-4703-8457-b255cd6800b2 does not exist. Creating ...
2019-10-25 03:59:00,490 [Command processor thread] INFO  impl.RaftServerProxy (RaftServerProxy.java:addNew(89)) - b79e3bf1-7438-438f-808c-2f805593d4c4: addNew group-5433A8D66994:[b79e3bf1-7438-438f-808c-2f805593d4c4:192.168.69.88:42175] returns group-5433A8D66994:java.util.concurrent.CompletableFuture@5a2d2ab9[Not completed]
2019-10-25 03:59:00,493 [pool-62-thread-1] INFO  impl.RaftServerImpl (RaftServerImpl.java:<init>(98)) - b79e3bf1-7438-438f-808c-2f805593d4c4: new RaftServerImpl for group-5433A8D66994:[b79e3bf1-7438-438f-808c-2f805593d4c4:192.168.69.88:42175] with ContainerStateMachine:uninitialized
2019-10-25 03:59:00,493 [pool-62-thread-1] INFO  server.RaftServerConfigKeys (ConfUtils.java:logGet(43)) - raft.server.rpc.timeout.min = 5s (custom)
2019-10-25 03:59:00,493 [pool-62-thread-1] INFO  server.RaftServerConfigKeys (ConfUtils.java:logGet(43)) - raft.server.rpc.timeout.max = 5200ms (custom)
2019-10-25 03:59:00,494 [pool-62-thread-1] INFO  server.RaftServerConfigKeys (ConfUtils.java:logGet(43)) - raft.server.rpcslowness.timeout = 120s (custom)
2019-10-25 03:59:00,494 [pool-62-thread-1] INFO  server.RaftServerConfigKeys (ConfUtils.java:logGet(43)) - raft.server.sleep.deviation.threshold = 300 (default)
2019-10-25 03:59:00,494 [pool-62-thread-1] INFO  server.RaftServerConfigKeys (ConfUtils.java:logGet(43)) - raft.server.log.appender.install.snapshot.enabled = false (custom)
2019-10-25 03:59:00,494 [pool-62-thread-1] INFO  impl.RaftServerImpl (ServerState.java:<init>(103)) - b79e3bf1-7438-438f-808c-2f805593d4c4@group-5433A8D66994: ConfigurationManager, init=-1: [b79e3bf1-7438-438f-808c-2f805593d4c4:192.168.69.88:42175], old=null, confs=<EMPTY_MAP>
2019-10-25 03:59:00,494 [pool-62-thread-1] INFO  server.RaftServerConfigKeys (ConfUtils.java:logGet(43)) - raft.server.storage.dir = [/workdir/hadoop-ozone/integration-test/target/test-dir/MiniOzoneClusterImpl-7dd9eb76-e729-491b-adf7-f704faccfc31/datanode-3/data/ratis] (custom)
2019-10-25 03:59:00,495 [pool-62-thread-1] INFO  server.RaftServerConfigKeys (ConfUtils.java:logGet(43)) - raft.server.log.corruption.policy = EXCEPTION (default)
2019-10-25 03:59:00,495 [pool-62-thread-1] INFO  storage.RaftStorageDirectory (RaftStorageDirectory.java:analyzeStorage(246)) - The storage directory /workdir/hadoop-ozone/integration-test/target/test-dir/MiniOzoneClusterImpl-7dd9eb76-e729-491b-adf7-f704faccfc31/datanode-3/data/ratis/a4ce9fba-8e1a-43e7-822d-5433a8d66994 does not exist. Creating ...
2019-10-25 03:59:00,497 [main] INFO  ozone.MiniOzoneClusterImpl (MiniOzoneClusterImpl.java:lambda$waitForClusterToBeReady$0(149)) - Nodes are ready. Got 4 of 4 DN Heartbeats.
2019-10-25 03:59:00,497 [main] INFO  ozone.MiniOzoneClusterImpl (MiniOzoneClusterImpl.java:lambda$waitForClusterToBeReady$0(152)) - Waiting for cluster to exit safe mode
2019-10-25 03:59:00,569 [pool-32-thread-1] INFO  storage.RaftStorageDirectory (RaftStorageDirectory.java:tryLock(328)) - Lock on /workdir/hadoop-ozone/integration-test/target/test-dir/MiniOzoneClusterImpl-7dd9eb76-e729-491b-adf7-f704faccfc31/datanode-0/data/ratis/5950821c-d8d7-4ac3-a884-0cdd7692d260/in_use.lock acquired by nodename 15951@pr-hdds-2034-4gqpp-1260480586
2019-10-25 03:59:00,581 [pool-42-thread-1] INFO  storage.RaftStorageDirectory (RaftStorageDirectory.java:tryLock(328)) - Lock on /workdir/hadoop-ozone/integration-test/target/test-dir/MiniOzoneClusterImpl-7dd9eb76-e729-491b-adf7-f704faccfc31/datanode-1/data/ratis/ff3dc3b6-37dd-468b-926b-f5c5c31f5fe0/in_use.lock acquired by nodename 15951@pr-hdds-2034-4gqpp-1260480586
2019-10-25 03:59:00,581 [pool-52-thread-1] INFO  storage.RaftStorageDirectory (RaftStorageDirectory.java:tryLock(328)) - Lock on /workdir/hadoop-ozone/integration-test/target/test-dir/MiniOzoneClusterImpl-7dd9eb76-e729-491b-adf7-f704faccfc31/datanode-2/data/ratis/df376db9-0d33-4703-8457-b255cd6800b2/in_use.lock acquired by nodename 15951@pr-hdds-2034-4gqpp-1260480586
2019-10-25 03:59:00,581 [pool-62-thread-1] INFO  storage.RaftStorageDirectory (RaftStorageDirectory.java:tryLock(328)) - Lock on /workdir/hadoop-ozone/integration-test/target/test-dir/MiniOzoneClusterImpl-7dd9eb76-e729-491b-adf7-f704faccfc31/datanode-3/data/ratis/a4ce9fba-8e1a-43e7-822d-5433a8d66994/in_use.lock acquired by nodename 15951@pr-hdds-2034-4gqpp-1260480586
2019-10-25 03:59:00,584 [pool-32-thread-1] INFO  storage.RaftStorage (RaftStorage.java:format(84)) - Storage directory /workdir/hadoop-ozone/integration-test/target/test-dir/MiniOzoneClusterImpl-7dd9eb76-e729-491b-adf7-f704faccfc31/datanode-0/data/ratis/5950821c-d8d7-4ac3-a884-0cdd7692d260 has been successfully formatted.
2019-10-25 03:59:00,585 [pool-32-thread-1] INFO  ratis.ContainerStateMachine (ContainerStateMachine.java:loadSnapshot(231)) - group-0CDD7692D260: The snapshot info is null. Setting the last applied indexto:(t:0, i:~)
2019-10-25 03:59:00,585 [pool-32-thread-1] INFO  server.RaftServerConfigKeys (ConfUtils.java:logGet(43)) - raft.server.notification.no-leader.timeout = 120s (custom)
2019-10-25 03:59:00,586 [pool-32-thread-1] INFO  server.RaftServerConfigKeys (ConfUtils.java:logGet(43)) - raft.server.log.use.memory = false (default)
2019-10-25 03:59:00,586 [pool-32-thread-1] INFO  server.RaftServerConfigKeys (ConfUtils.java:logGet(43)) - raft.server.log.purge.gap = 1000000 (custom)
2019-10-25 03:59:00,586 [pool-62-thread-1] INFO  storage.RaftStorage (RaftStorage.java:format(84)) - Storage directory /workdir/hadoop-ozone/integration-test/target/test-dir/MiniOzoneClusterImpl-7dd9eb76-e729-491b-adf7-f704faccfc31/datanode-3/data/ratis/a4ce9fba-8e1a-43e7-822d-5433a8d66994 has been successfully formatted.
2019-10-25 03:59:00,586 [pool-52-thread-1] INFO  storage.RaftStorage (RaftStorage.java:format(84)) - Storage directory /workdir/hadoop-ozone/integration-test/target/test-dir/MiniOzoneClusterImpl-7dd9eb76-e729-491b-adf7-f704faccfc31/datanode-2/data/ratis/df376db9-0d33-4703-8457-b255cd6800b2 has been successfully formatted.
2019-10-25 03:59:00,586 [pool-42-thread-1] INFO  storage.RaftStorage (RaftStorage.java:format(84)) - Storage directory /workdir/hadoop-ozone/integration-test/target/test-dir/MiniOzoneClusterImpl-7dd9eb76-e729-491b-adf7-f704faccfc31/datanode-1/data/ratis/ff3dc3b6-37dd-468b-926b-f5c5c31f5fe0 has been successfully formatted.
2019-10-25 03:59:00,586 [pool-32-thread-1] INFO  server.RaftServerConfigKeys (ConfUtils.java:logGet(43)) - raft.server.log.appender.buffer.byte-limit = 33554432 (custom)
2019-10-25 03:59:00,587 [pool-52-thread-1] INFO  ratis.ContainerStateMachine (ContainerStateMachine.java:loadSnapshot(231)) - group-B255CD6800B2: The snapshot info is null. Setting the last applied indexto:(t:0, i:~)
2019-10-25 03:59:00,586 [pool-62-thread-1] INFO  ratis.ContainerStateMachine (ContainerStateMachine.java:loadSnapshot(231)) - group-5433A8D66994: The snapshot info is null. Setting the last applied indexto:(t:0, i:~)
2019-10-25 03:59:00,587 [pool-52-thread-1] INFO  server.RaftServerConfigKeys (ConfUtils.java:logGet(43)) - raft.server.notification.no-leader.timeout = 120s (custom)
2019-10-25 03:59:00,587 [pool-42-thread-1] INFO  ratis.ContainerStateMachine (ContainerStateMachine.java:loadSnapshot(231)) - group-F5C5C31F5FE0: The snapshot info is null. Setting the last applied indexto:(t:0, i:~)
2019-10-25 03:59:00,587 [pool-32-thread-1] INFO  server.RaftServerConfigKeys (ConfUtils.java:logGet(43)) - raft.server.log.segment.size.max = 1048576 (custom)
2019-10-25 03:59:00,588 [pool-42-thread-1] INFO  server.RaftServerConfigKeys (ConfUtils.java:logGet(43)) - raft.server.notification.no-leader.timeout = 120s (custom)
2019-10-25 03:59:00,588 [pool-52-thread-1] INFO  server.RaftServerConfigKeys (ConfUtils.java:logGet(43)) - raft.server.log.use.memory = false (default)
2019-10-25 03:59:00,588 [pool-62-thread-1] INFO  server.RaftServerConfigKeys (ConfUtils.java:logGet(43)) - raft.server.notification.no-leader.timeout = 120s (custom)
2019-10-25 03:59:00,588 [pool-52-thread-1] INFO  server.RaftServerConfigKeys (ConfUtils.java:logGet(43)) - raft.server.log.purge.gap = 1000000 (custom)
2019-10-25 03:59:00,588 [pool-42-thread-1] INFO  server.RaftServerConfigKeys (ConfUtils.java:logGet(43)) - raft.server.log.use.memory = false (default)
2019-10-25 03:59:00,588 [pool-32-thread-1] WARN  impl.MetricRegistriesImpl (MetricRegistriesImpl.java:lambda$create$1(61)) - First MetricRegistry has been created without registering reporters. You may need to call MetricRegistries.global().addReportRegistration(...) before.
2019-10-25 03:59:00,589 [pool-42-thread-1] INFO  server.RaftServerConfigKeys (ConfUtils.java:logGet(43)) - raft.server.log.purge.gap = 1000000 (custom)
2019-10-25 03:59:00,589 [pool-52-thread-1] INFO  server.RaftServerConfigKeys (ConfUtils.java:logGet(43)) - raft.server.log.appender.buffer.byte-limit = 33554432 (custom)
2019-10-25 03:59:00,588 [pool-62-thread-1] INFO  server.RaftServerConfigKeys (ConfUtils.java:logGet(43)) - raft.server.log.use.memory = false (default)
2019-10-25 03:59:00,589 [pool-52-thread-1] INFO  server.RaftServerConfigKeys (ConfUtils.java:logGet(43)) - raft.server.log.segment.size.max = 1048576 (custom)
2019-10-25 03:59:00,589 [pool-42-thread-1] INFO  server.RaftServerConfigKeys (ConfUtils.java:logGet(43)) - raft.server.log.appender.buffer.byte-limit = 33554432 (custom)
2019-10-25 03:59:00,589 [pool-32-thread-1] INFO  server.RaftServerConfigKeys (ConfUtils.java:logGet(43)) - raft.server.log.segment.cache.num.max = 2 (custom)
2019-10-25 03:59:00,589 [pool-42-thread-1] INFO  server.RaftServerConfigKeys (ConfUtils.java:logGet(43)) - raft.server.log.segment.size.max = 1048576 (custom)
2019-10-25 03:59:00,589 [pool-52-thread-1] WARN  impl.MetricRegistriesImpl (MetricRegistriesImpl.java:lambda$create$1(61)) - First MetricRegistry has been created without registering reporters. You may need to call MetricRegistries.global().addReportRegistration(...) before.
2019-10-25 03:59:00,589 [pool-62-thread-1] INFO  server.RaftServerConfigKeys (ConfUtils.java:logGet(43)) - raft.server.log.purge.gap = 1000000 (custom)
2019-10-25 03:59:00,590 [pool-52-thread-1] INFO  server.RaftServerConfigKeys (ConfUtils.java:logGet(43)) - raft.server.log.segment.cache.num.max = 2 (custom)
2019-10-25 03:59:00,590 [pool-42-thread-1] WARN  impl.MetricRegistriesImpl (MetricRegistriesImpl.java:lambda$create$1(61)) - First MetricRegistry has been created without registering reporters. You may need to call MetricRegistries.global().addReportRegistration(...) before.
2019-10-25 03:59:00,590 [pool-32-thread-1] INFO  segmented.SegmentedRaftLogWorker (SegmentedRaftLogWorker.java:<init>(173)) - new 1483ffd7-1556-42e9-9661-641add415bbb@group-0CDD7692D260-SegmentedRaftLogWorker for RaftStorage:Storage Directory /workdir/hadoop-ozone/integration-test/target/test-dir/MiniOzoneClusterImpl-7dd9eb76-e729-491b-adf7-f704faccfc31/datanode-0/data/ratis/5950821c-d8d7-4ac3-a884-0cdd7692d260
2019-10-25 03:59:00,590 [pool-42-thread-1] INFO  server.RaftServerConfigKeys (ConfUtils.java:logGet(43)) - raft.server.log.segment.cache.num.max = 2 (custom)
2019-10-25 03:59:00,590 [pool-52-thread-1] INFO  segmented.SegmentedRaftLogWorker (SegmentedRaftLogWorker.java:<init>(173)) - new 2e9f0457-bccb-4301-8e0c-10b4fb6c14fa@group-B255CD6800B2-SegmentedRaftLogWorker for RaftStorage:Storage Directory /workdir/hadoop-ozone/integration-test/target/test-dir/MiniOzoneClusterImpl-7dd9eb76-e729-491b-adf7-f704faccfc31/datanode-2/data/ratis/df376db9-0d33-4703-8457-b255cd6800b2
2019-10-25 03:59:00,590 [pool-62-thread-1] INFO  server.RaftServerConfigKeys (ConfUtils.java:logGet(43)) - raft.server.log.appender.buffer.byte-limit = 33554432 (custom)
2019-10-25 03:59:00,591 [pool-52-thread-1] INFO  server.RaftServerConfigKeys (ConfUtils.java:logGet(43)) - raft.server.log.queue.byte-limit = 2147483647 (custom)
2019-10-25 03:59:00,590 [pool-42-thread-1] INFO  segmented.SegmentedRaftLogWorker (SegmentedRaftLogWorker.java:<init>(173)) - new 9e87f668-3d6b-4a03-b7be-4524552954d2@group-F5C5C31F5FE0-SegmentedRaftLogWorker for RaftStorage:Storage Directory /workdir/hadoop-ozone/integration-test/target/test-dir/MiniOzoneClusterImpl-7dd9eb76-e729-491b-adf7-f704faccfc31/datanode-1/data/ratis/ff3dc3b6-37dd-468b-926b-f5c5c31f5fe0
2019-10-25 03:59:00,590 [pool-32-thread-1] INFO  server.RaftServerConfigKeys (ConfUtils.java:logGet(43)) - raft.server.log.queue.byte-limit = 2147483647 (custom)
2019-10-25 03:59:00,591 [pool-42-thread-1] INFO  server.RaftServerConfigKeys (ConfUtils.java:logGet(43)) - raft.server.log.queue.byte-limit = 2147483647 (custom)
2019-10-25 03:59:00,591 [pool-52-thread-1] INFO  server.RaftServerConfigKeys (ConfUtils.java:logGet(43)) - raft.server.log.queue.element-limit = 1024 (custom)
2019-10-25 03:59:00,591 [pool-62-thread-1] INFO  server.RaftServerConfigKeys (ConfUtils.java:logGet(43)) - raft.server.log.segment.size.max = 1048576 (custom)
2019-10-25 03:59:00,591 [pool-52-thread-1] INFO  server.RaftServerConfigKeys (ConfUtils.java:logGet(43)) - raft.server.log.segment.size.max = 1048576 (custom)
2019-10-25 03:59:00,591 [pool-42-thread-1] INFO  server.RaftServerConfigKeys (ConfUtils.java:logGet(43)) - raft.server.log.queue.element-limit = 1024 (custom)
2019-10-25 03:59:00,591 [pool-32-thread-1] INFO  server.RaftServerConfigKeys (ConfUtils.java:logGet(43)) - raft.server.log.queue.element-limit = 1024 (custom)
2019-10-25 03:59:00,592 [pool-42-thread-1] INFO  server.RaftServerConfigKeys (ConfUtils.java:logGet(43)) - raft.server.log.segment.size.max = 1048576 (custom)
2019-10-25 03:59:00,592 [pool-52-thread-1] INFO  server.RaftServerConfigKeys (ConfUtils.java:logGet(43)) - raft.server.log.preallocated.size = 16384 (custom)
2019-10-25 03:59:00,591 [pool-62-thread-1] WARN  impl.MetricRegistriesImpl (MetricRegistriesImpl.java:lambda$create$1(61)) - First MetricRegistry has been created without registering reporters. You may need to call MetricRegistries.global().addReportRegistration(...) before.
2019-10-25 03:59:00,592 [pool-52-thread-1] INFO  server.RaftServerConfigKeys (ConfUtils.java:logGet(43)) - raft.server.log.write.buffer.size = 33554432 (custom)
2019-10-25 03:59:00,592 [pool-42-thread-1] INFO  server.RaftServerConfigKeys (ConfUtils.java:logGet(43)) - raft.server.log.preallocated.size = 16384 (custom)
2019-10-25 03:59:00,592 [pool-32-thread-1] INFO  server.RaftServerConfigKeys (ConfUtils.java:logGet(43)) - raft.server.log.segment.size.max = 1048576 (custom)
2019-10-25 03:59:00,592 [pool-42-thread-1] INFO  server.RaftServerConfigKeys (ConfUtils.java:logGet(43)) - raft.server.log.write.buffer.size = 33554432 (custom)
2019-10-25 03:59:00,592 [pool-52-thread-1] INFO  server.RaftServerConfigKeys (ConfUtils.java:logGet(43)) - raft.server.log.force.sync.num = 128 (default)
2019-10-25 03:59:00,592 [pool-62-thread-1] INFO  server.RaftServerConfigKeys (ConfUtils.java:logGet(43)) - raft.server.log.segment.cache.num.max = 2 (custom)
2019-10-25 03:59:00,593 [pool-52-thread-1] INFO  server.RaftServerConfigKeys (ConfUtils.java:logGet(43)) - raft.server.log.statemachine.data.sync = true (default)
2019-10-25 03:59:00,593 [pool-42-thread-1] INFO  server.RaftServerConfigKeys (ConfUtils.java:logGet(43)) - raft.server.log.force.sync.num = 128 (default)
2019-10-25 03:59:00,593 [pool-32-thread-1] INFO  server.RaftServerConfigKeys (ConfUtils.java:logGet(43)) - raft.server.log.preallocated.size = 16384 (custom)
2019-10-25 03:59:00,593 [pool-42-thread-1] INFO  server.RaftServerConfigKeys (ConfUtils.java:logGet(43)) - raft.server.log.statemachine.data.sync = true (default)
2019-10-25 03:59:00,593 [pool-52-thread-1] INFO  server.RaftServerConfigKeys (ConfUtils.java:logGet(43)) - raft.server.log.statemachine.data.sync.timeout = 10s (default)
2019-10-25 03:59:00,593 [pool-62-thread-1] INFO  segmented.SegmentedRaftLogWorker (SegmentedRaftLogWorker.java:<init>(173)) - new b79e3bf1-7438-438f-808c-2f805593d4c4@group-5433A8D66994-SegmentedRaftLogWorker for RaftStorage:Storage Directory /workdir/hadoop-ozone/integration-test/target/test-dir/MiniOzoneClusterImpl-7dd9eb76-e729-491b-adf7-f704faccfc31/datanode-3/data/ratis/a4ce9fba-8e1a-43e7-822d-5433a8d66994
2019-10-25 03:59:00,594 [pool-52-thread-1] INFO  server.RaftServerConfigKeys (ConfUtils.java:logGet(43)) - raft.server.log.statemachine.data.sync.timeout.retry = -1 (default)
2019-10-25 03:59:00,594 [pool-42-thread-1] INFO  server.RaftServerConfigKeys (ConfUtils.java:logGet(43)) - raft.server.log.statemachine.data.sync.timeout = 10s (default)
2019-10-25 03:59:00,593 [pool-32-thread-1] INFO  server.RaftServerConfigKeys (ConfUtils.java:logGet(43)) - raft.server.log.write.buffer.size = 33554432 (custom)
2019-10-25 03:59:00,594 [pool-52-thread-1] INFO  server.RaftServerConfigKeys (ConfUtils.java:logGet(43)) - raft.server.log.statemachine.data.caching.enabled = true (custom)
2019-10-25 03:59:00,594 [pool-42-thread-1] INFO  server.RaftServerConfigKeys (ConfUtils.java:logGet(43)) - raft.server.log.statemachine.data.sync.timeout.retry = -1 (default)
2019-10-25 03:59:00,594 [pool-62-thread-1] INFO  server.RaftServerConfigKeys (ConfUtils.java:logGet(43)) - raft.server.log.queue.byte-limit = 2147483647 (custom)
2019-10-25 03:59:00,595 [pool-52-thread-1] INFO  segmented.SegmentedRaftLogWorker (SegmentedRaftLogWorker.java:lambda$new$0(128)) - 2e9f0457-bccb-4301-8e0c-10b4fb6c14fa@group-B255CD6800B2-SegmentedRaftLogWorker: flushIndex: setUnconditionally 0 -> -1
2019-10-25 03:59:00,594 [pool-32-thread-1] INFO  server.RaftServerConfigKeys (ConfUtils.java:logGet(43)) - raft.server.log.force.sync.num = 128 (default)
2019-10-25 03:59:00,595 [pool-62-thread-1] INFO  server.RaftServerConfigKeys (ConfUtils.java:logGet(43)) - raft.server.log.queue.element-limit = 1024 (custom)
2019-10-25 03:59:00,595 [pool-42-thread-1] INFO  server.RaftServerConfigKeys (ConfUtils.java:logGet(43)) - raft.server.log.statemachine.data.caching.enabled = true (custom)
2019-10-25 03:59:00,595 [pool-62-thread-1] INFO  server.RaftServerConfigKeys (ConfUtils.java:logGet(43)) - raft.server.log.segment.size.max = 1048576 (custom)
2019-10-25 03:59:00,595 [pool-52-thread-1] INFO  server.RaftServerConfigKeys (ConfUtils.java:logGet(43)) - raft.server.snapshot.auto.trigger.enabled = true (custom)
2019-10-25 03:59:00,595 [pool-32-thread-1] INFO  server.RaftServerConfigKeys (ConfUtils.java:logGet(43)) - raft.server.log.statemachine.data.sync = true (default)
2019-10-25 03:59:00,595 [pool-52-thread-1] INFO  server.RaftServerConfigKeys (ConfUtils.java:logGet(43)) - raft.server.snapshot.auto.trigger.threshold = 10000 (custom)
2019-10-25 03:59:00,595 [pool-42-thread-1] INFO  segmented.SegmentedRaftLogWorker (SegmentedRaftLogWorker.java:lambda$new$0(128)) - 9e87f668-3d6b-4a03-b7be-4524552954d2@group-F5C5C31F5FE0-SegmentedRaftLogWorker: flushIndex: setUnconditionally 0 -> -1
2019-10-25 03:59:00,595 [pool-62-thread-1] INFO  server.RaftServerConfigKeys (ConfUtils.java:logGet(43)) - raft.server.log.preallocated.size = 16384 (custom)
2019-10-25 03:59:00,596 [pool-52-thread-1] INFO  server.RaftServerConfigKeys (ConfUtils.java:logGet(43)) - raft.server.snapshot.retention.file.num = 5 (custom)
2019-10-25 03:59:00,596 [pool-42-thread-1] INFO  server.RaftServerConfigKeys (ConfUtils.java:logGet(43)) - raft.server.snapshot.auto.trigger.enabled = true (custom)
2019-10-25 03:59:00,596 [pool-32-thread-1] INFO  server.RaftServerConfigKeys (ConfUtils.java:logGet(43)) - raft.server.log.statemachine.data.sync.timeout = 10s (default)
2019-10-25 03:59:00,596 [pool-42-thread-1] INFO  server.RaftServerConfigKeys (ConfUtils.java:logGet(43)) - raft.server.snapshot.auto.trigger.threshold = 10000 (custom)
2019-10-25 03:59:00,596 [pool-52-thread-1] INFO  server.RaftServerConfigKeys (ConfUtils.java:logGet(43)) - raft.server.retrycache.expirytime = 600000ms (custom)
2019-10-25 03:59:00,596 [pool-62-thread-1] INFO  server.RaftServerConfigKeys (ConfUtils.java:logGet(43)) - raft.server.log.write.buffer.size = 33554432 (custom)
2019-10-25 03:59:00,597 [pool-52-thread-1] WARN  impl.MetricRegistriesImpl (MetricRegistriesImpl.java:lambda$create$1(61)) - First MetricRegistry has been created without registering reporters. You may need to call MetricRegistries.global().addReportRegistration(...) before.
2019-10-25 03:59:00,597 [pool-42-thread-1] INFO  server.RaftServerConfigKeys (ConfUtils.java:logGet(43)) - raft.server.snapshot.retention.file.num = 5 (custom)
2019-10-25 03:59:00,597 [pool-32-thread-1] INFO  server.RaftServerConfigKeys (ConfUtils.java:logGet(43)) - raft.server.log.statemachine.data.sync.timeout.retry = -1 (default)
2019-10-25 03:59:00,597 [pool-42-thread-1] INFO  server.RaftServerConfigKeys (ConfUtils.java:logGet(43)) - raft.server.retrycache.expirytime = 600000ms (custom)
2019-10-25 03:59:00,597 [pool-52-thread-1] WARN  impl.MetricRegistriesImpl (MetricRegistriesImpl.java:lambda$create$1(61)) - First MetricRegistry has been created without registering reporters. You may need to call MetricRegistries.global().addReportRegistration(...) before.
2019-10-25 03:59:00,597 [pool-62-thread-1] INFO  server.RaftServerConfigKeys (ConfUtils.java:logGet(43)) - raft.server.log.force.sync.num = 128 (default)
2019-10-25 03:59:00,598 [pool-32-thread-1] INFO  server.RaftServerConfigKeys (ConfUtils.java:logGet(43)) - raft.server.log.statemachine.data.caching.enabled = true (custom)
2019-10-25 03:59:00,598 [pool-42-thread-1] WARN  impl.MetricRegistriesImpl (MetricRegistriesImpl.java:lambda$create$1(61)) - First MetricRegistry has been created without registering reporters. You may need to call MetricRegistries.global().addReportRegistration(...) before.
2019-10-25 03:59:00,598 [pool-52-thread-1] INFO  impl.RaftServerImpl (RaftServerImpl.java:start(184)) - 2e9f0457-bccb-4301-8e0c-10b4fb6c14fa@group-B255CD6800B2: start as a follower, conf=-1: [2e9f0457-bccb-4301-8e0c-10b4fb6c14fa:192.168.69.88:40160], old=null
2019-10-25 03:59:00,598 [pool-62-thread-1] INFO  server.RaftServerConfigKeys (ConfUtils.java:logGet(43)) - raft.server.log.statemachine.data.sync = true (default)
2019-10-25 03:59:00,598 [pool-52-thread-1] INFO  impl.RaftServerImpl (RaftServerImpl.java:setRole(173)) - 2e9f0457-bccb-4301-8e0c-10b4fb6c14fa@group-B255CD6800B2: changes role from      null to FOLLOWER at term 0 for startAsFollower
2019-10-25 03:59:00,598 [pool-42-thread-1] WARN  impl.MetricRegistriesImpl (MetricRegistriesImpl.java:lambda$create$1(61)) - First MetricRegistry has been created without registering reporters. You may need to call MetricRegistries.global().addReportRegistration(...) before.
2019-10-25 03:59:00,598 [pool-32-thread-1] INFO  segmented.SegmentedRaftLogWorker (SegmentedRaftLogWorker.java:lambda$new$0(128)) - 1483ffd7-1556-42e9-9661-641add415bbb@group-0CDD7692D260-SegmentedRaftLogWorker: flushIndex: setUnconditionally 0 -> -1
2019-10-25 03:59:00,598 [pool-52-thread-1] INFO  impl.RoleInfo (RoleInfo.java:updateAndGet(143)) - 2e9f0457-bccb-4301-8e0c-10b4fb6c14fa: start FollowerState
2019-10-25 03:59:00,598 [pool-62-thread-1] INFO  server.RaftServerConfigKeys (ConfUtils.java:logGet(43)) - raft.server.log.statemachine.data.sync.timeout = 10s (default)
2019-10-25 03:59:00,599 [pool-32-thread-1] INFO  server.RaftServerConfigKeys (ConfUtils.java:logGet(43)) - raft.server.snapshot.auto.trigger.enabled = true (custom)
2019-10-25 03:59:00,599 [pool-42-thread-1] INFO  impl.RaftServerImpl (RaftServerImpl.java:start(184)) - 9e87f668-3d6b-4a03-b7be-4524552954d2@group-F5C5C31F5FE0: start as a follower, conf=-1: [9e87f668-3d6b-4a03-b7be-4524552954d2:192.168.69.88:41122], old=null
2019-10-25 03:59:00,599 [pool-32-thread-1] INFO  server.RaftServerConfigKeys (ConfUtils.java:logGet(43)) - raft.server.snapshot.auto.trigger.threshold = 10000 (custom)
2019-10-25 03:59:00,599 [pool-62-thread-1] INFO  server.RaftServerConfigKeys (ConfUtils.java:logGet(43)) - raft.server.log.statemachine.data.sync.timeout.retry = -1 (default)
2019-10-25 03:59:00,599 [pool-52-thread-1] INFO  util.JmxRegister (JmxRegister.java:tryRegister(44)) - Successfully registered JMX Bean with object name Ratis:service=RaftServer,group=group-B255CD6800B2,id=2e9f0457-bccb-4301-8e0c-10b4fb6c14fa
2019-10-25 03:59:00,599 [pool-32-thread-1] INFO  server.RaftServerConfigKeys (ConfUtils.java:logGet(43)) - raft.server.snapshot.retention.file.num = 5 (custom)
2019-10-25 03:59:00,599 [pool-42-thread-1] INFO  impl.RaftServerImpl (RaftServerImpl.java:setRole(173)) - 9e87f668-3d6b-4a03-b7be-4524552954d2@group-F5C5C31F5FE0: changes role from      null to FOLLOWER at term 0 for startAsFollower
2019-10-25 03:59:00,600 [pool-32-thread-1] INFO  server.RaftServerConfigKeys (ConfUtils.java:logGet(43)) - raft.server.retrycache.expirytime = 600000ms (custom)
2019-10-25 03:59:00,600 [pool-62-thread-1] INFO  server.RaftServerConfigKeys (ConfUtils.java:logGet(43)) - raft.server.log.statemachine.data.caching.enabled = true (custom)
2019-10-25 03:59:00,600 [pool-52-thread-1] WARN  impl.MetricRegistriesImpl (MetricRegistriesImpl.java:lambda$create$1(61)) - First MetricRegistry has been created without registering reporters. You may need to call MetricRegistries.global().addReportRegistration(...) before.
2019-10-25 03:59:00,600 [pool-32-thread-1] WARN  impl.MetricRegistriesImpl (MetricRegistriesImpl.java:lambda$create$1(61)) - First MetricRegistry has been created without registering reporters. You may need to call MetricRegistries.global().addReportRegistration(...) before.
2019-10-25 03:59:00,601 [pool-62-thread-1] INFO  segmented.SegmentedRaftLogWorker (SegmentedRaftLogWorker.java:lambda$new$0(128)) - b79e3bf1-7438-438f-808c-2f805593d4c4@group-5433A8D66994-SegmentedRaftLogWorker: flushIndex: setUnconditionally 0 -> -1
2019-10-25 03:59:00,600 [pool-42-thread-1] INFO  impl.RoleInfo (RoleInfo.java:updateAndGet(143)) - 9e87f668-3d6b-4a03-b7be-4524552954d2: start FollowerState
2019-10-25 03:59:00,601 [pool-32-thread-1] WARN  impl.MetricRegistriesImpl (MetricRegistriesImpl.java:lambda$create$1(61)) - First MetricRegistry has been created without registering reporters. You may need to call MetricRegistries.global().addReportRegistration(...) before.
2019-10-25 03:59:00,601 [pool-62-thread-1] INFO  server.RaftServerConfigKeys (ConfUtils.java:logGet(43)) - raft.server.snapshot.auto.trigger.enabled = true (custom)
2019-10-25 03:59:00,601 [pool-32-thread-1] INFO  impl.RaftServerImpl (RaftServerImpl.java:start(184)) - 1483ffd7-1556-42e9-9661-641add415bbb@group-0CDD7692D260: start as a follower, conf=-1: [1483ffd7-1556-42e9-9661-641add415bbb:192.168.69.88:38003], old=null
2019-10-25 03:59:00,601 [pool-62-thread-1] INFO  server.RaftServerConfigKeys (ConfUtils.java:logGet(43)) - raft.server.snapshot.auto.trigger.threshold = 10000 (custom)
2019-10-25 03:59:00,601 [pool-42-thread-1] INFO  util.JmxRegister (JmxRegister.java:tryRegister(44)) - Successfully registered JMX Bean with object name Ratis:service=RaftServer,group=group-F5C5C31F5FE0,id=9e87f668-3d6b-4a03-b7be-4524552954d2
2019-10-25 03:59:00,601 [pool-32-thread-1] INFO  impl.RaftServerImpl (RaftServerImpl.java:setRole(173)) - 1483ffd7-1556-42e9-9661-641add415bbb@group-0CDD7692D260: changes role from      null to FOLLOWER at term 0 for startAsFollower
2019-10-25 03:59:00,602 [pool-42-thread-1] WARN  impl.MetricRegistriesImpl (MetricRegistriesImpl.java:lambda$create$1(61)) - First MetricRegistry has been created without registering reporters. You may need to call MetricRegistries.global().addReportRegistration(...) before.
2019-10-25 03:59:00,601 [pool-62-thread-1] INFO  server.RaftServerConfigKeys (ConfUtils.java:logGet(43)) - raft.server.snapshot.retention.file.num = 5 (custom)
2019-10-25 03:59:00,602 [Command processor thread] INFO  commandhandler.CreatePipelineCommandHandler (CreatePipelineCommandHandler.java:handle(86)) - Create Pipeline RATIS ONE #id: "df376db9-0d33-4703-8457-b255cd6800b2"
 command succeed on datanode 2e9f0457-bccb-4301-8e0c-10b4fb6c14fa.
2019-10-25 03:59:00,602 [pool-62-thread-1] INFO  server.RaftServerConfigKeys (ConfUtils.java:logGet(43)) - raft.server.retrycache.expirytime = 600000ms (custom)
2019-10-25 03:59:00,602 [pool-32-thread-1] INFO  impl.RoleInfo (RoleInfo.java:updateAndGet(143)) - 1483ffd7-1556-42e9-9661-641add415bbb: start FollowerState
2019-10-25 03:59:00,602 [pool-62-thread-1] WARN  impl.MetricRegistriesImpl (MetricRegistriesImpl.java:lambda$create$1(61)) - First MetricRegistry has been created without registering reporters. You may need to call MetricRegistries.global().addReportRegistration(...) before.
2019-10-25 03:59:00,602 [Command processor thread] INFO  commandhandler.CreatePipelineCommandHandler (CreatePipelineCommandHandler.java:handle(86)) - Create Pipeline RATIS ONE #id: "ff3dc3b6-37dd-468b-926b-f5c5c31f5fe0"
 command succeed on datanode 9e87f668-3d6b-4a03-b7be-4524552954d2.
2019-10-25 03:59:00,603 [pool-32-thread-1] INFO  util.JmxRegister (JmxRegister.java:tryRegister(44)) - Successfully registered JMX Bean with object name Ratis:service=RaftServer,group=group-0CDD7692D260,id=1483ffd7-1556-42e9-9661-641add415bbb
2019-10-25 03:59:00,603 [pool-32-thread-1] WARN  impl.MetricRegistriesImpl (MetricRegistriesImpl.java:lambda$create$1(61)) - First MetricRegistry has been created without registering reporters. You may need to call MetricRegistries.global().addReportRegistration(...) before.
2019-10-25 03:59:00,603 [pool-62-thread-1] WARN  impl.MetricRegistriesImpl (MetricRegistriesImpl.java:lambda$create$1(61)) - First MetricRegistry has been created without registering reporters. You may need to call MetricRegistries.global().addReportRegistration(...) before.
2019-10-25 03:59:00,604 [pool-62-thread-1] INFO  impl.RaftServerImpl (RaftServerImpl.java:start(184)) - b79e3bf1-7438-438f-808c-2f805593d4c4@group-5433A8D66994: start as a follower, conf=-1: [b79e3bf1-7438-438f-808c-2f805593d4c4:192.168.69.88:42175], old=null
2019-10-25 03:59:00,604 [pool-62-thread-1] INFO  impl.RaftServerImpl (RaftServerImpl.java:setRole(173)) - b79e3bf1-7438-438f-808c-2f805593d4c4@group-5433A8D66994: changes role from      null to FOLLOWER at term 0 for startAsFollower
2019-10-25 03:59:00,604 [Command processor thread] INFO  commandhandler.CreatePipelineCommandHandler (CreatePipelineCommandHandler.java:handle(86)) - Create Pipeline RATIS ONE #id: "5950821c-d8d7-4ac3-a884-0cdd7692d260"
 command succeed on datanode 1483ffd7-1556-42e9-9661-641add415bbb.
2019-10-25 03:59:00,604 [pool-62-thread-1] INFO  impl.RoleInfo (RoleInfo.java:updateAndGet(143)) - b79e3bf1-7438-438f-808c-2f805593d4c4: start FollowerState
2019-10-25 03:59:00,605 [pool-62-thread-1] INFO  util.JmxRegister (JmxRegister.java:tryRegister(44)) - Successfully registered JMX Bean with object name Ratis:service=RaftServer,group=group-5433A8D66994,id=b79e3bf1-7438-438f-808c-2f805593d4c4
2019-10-25 03:59:00,605 [pool-62-thread-1] WARN  impl.MetricRegistriesImpl (MetricRegistriesImpl.java:lambda$create$1(61)) - First MetricRegistry has been created without registering reporters. You may need to call MetricRegistries.global().addReportRegistration(...) before.
2019-10-25 03:59:00,606 [Command processor thread] INFO  commandhandler.CreatePipelineCommandHandler (CreatePipelineCommandHandler.java:handle(86)) - Create Pipeline RATIS ONE #id: "a4ce9fba-8e1a-43e7-822d-5433a8d66994"
 command succeed on datanode b79e3bf1-7438-438f-808c-2f805593d4c4.
2019-10-25 03:59:00,608 [Command processor thread] INFO  impl.RaftServerProxy (RaftServerProxy.java:addNew(89)) - 2e9f0457-bccb-4301-8e0c-10b4fb6c14fa: addNew group-698563317D01:[9e87f668-3d6b-4a03-b7be-4524552954d2:192.168.69.88:41122, 1483ffd7-1556-42e9-9661-641add415bbb:192.168.69.88:38003, 2e9f0457-bccb-4301-8e0c-10b4fb6c14fa:192.168.69.88:40160] returns group-698563317D01:java.util.concurrent.CompletableFuture@29c24d2c[Not completed]
2019-10-25 03:59:00,608 [Command processor thread] INFO  impl.RaftServerProxy (RaftServerProxy.java:addNew(89)) - 1483ffd7-1556-42e9-9661-641add415bbb: addNew group-698563317D01:[9e87f668-3d6b-4a03-b7be-4524552954d2:192.168.69.88:41122, 1483ffd7-1556-42e9-9661-641add415bbb:192.168.69.88:38003, 2e9f0457-bccb-4301-8e0c-10b4fb6c14fa:192.168.69.88:40160] returns group-698563317D01:java.util.concurrent.CompletableFuture@450a4ca9[Not completed]
2019-10-25 03:59:00,609 [Command processor thread] INFO  impl.RaftServerProxy (RaftServerProxy.java:addNew(89)) - 9e87f668-3d6b-4a03-b7be-4524552954d2: addNew group-698563317D01:[9e87f668-3d6b-4a03-b7be-4524552954d2:192.168.69.88:41122, 1483ffd7-1556-42e9-9661-641add415bbb:192.168.69.88:38003, 2e9f0457-bccb-4301-8e0c-10b4fb6c14fa:192.168.69.88:40160] returns group-698563317D01:java.util.concurrent.CompletableFuture@13d0b637[Not completed]
2019-10-25 03:59:00,611 [pool-52-thread-1] INFO  impl.RaftServerImpl (RaftServerImpl.java:<init>(98)) - 2e9f0457-bccb-4301-8e0c-10b4fb6c14fa: new RaftServerImpl for group-698563317D01:[9e87f668-3d6b-4a03-b7be-4524552954d2:192.168.69.88:41122, 1483ffd7-1556-42e9-9661-641add415bbb:192.168.69.88:38003, 2e9f0457-bccb-4301-8e0c-10b4fb6c14fa:192.168.69.88:40160] with ContainerStateMachine:uninitialized
2019-10-25 03:59:00,611 [pool-52-thread-1] INFO  server.RaftServerConfigKeys (ConfUtils.java:logGet(43)) - raft.server.rpc.timeout.min = 5s (custom)
2019-10-25 03:59:00,611 [pool-52-thread-1] INFO  server.RaftServerConfigKeys (ConfUtils.java:logGet(43)) - raft.server.rpc.timeout.max = 5200ms (custom)
2019-10-25 03:59:00,611 [pool-52-thread-1] INFO  server.RaftServerConfigKeys (ConfUtils.java:logGet(43)) - raft.server.rpcslowness.timeout = 120s (custom)
2019-10-25 03:59:00,611 [pool-52-thread-1] INFO  server.RaftServerConfigKeys (ConfUtils.java:logGet(43)) - raft.server.sleep.deviation.threshold = 300 (default)
2019-10-25 03:59:00,611 [pool-52-thread-1] INFO  server.RaftServerConfigKeys (ConfUtils.java:logGet(43)) - raft.server.log.appender.install.snapshot.enabled = false (custom)
2019-10-25 03:59:00,611 [pool-52-thread-1] INFO  impl.RaftServerImpl (ServerState.java:<init>(103)) - 2e9f0457-bccb-4301-8e0c-10b4fb6c14fa@group-698563317D01: ConfigurationManager, init=-1: [9e87f668-3d6b-4a03-b7be-4524552954d2:192.168.69.88:41122, 1483ffd7-1556-42e9-9661-641add415bbb:192.168.69.88:38003, 2e9f0457-bccb-4301-8e0c-10b4fb6c14fa:192.168.69.88:40160], old=null, confs=<EMPTY_MAP>
2019-10-25 03:59:00,612 [pool-52-thread-1] INFO  server.RaftServerConfigKeys (ConfUtils.java:logGet(43)) - raft.server.storage.dir = [/workdir/hadoop-ozone/integration-test/target/test-dir/MiniOzoneClusterImpl-7dd9eb76-e729-491b-adf7-f704faccfc31/datanode-2/data/ratis] (custom)
2019-10-25 03:59:00,612 [pool-42-thread-1] INFO  impl.RaftServerImpl (RaftServerImpl.java:<init>(98)) - 9e87f668-3d6b-4a03-b7be-4524552954d2: new RaftServerImpl for group-698563317D01:[9e87f668-3d6b-4a03-b7be-4524552954d2:192.168.69.88:41122, 1483ffd7-1556-42e9-9661-641add415bbb:192.168.69.88:38003, 2e9f0457-bccb-4301-8e0c-10b4fb6c14fa:192.168.69.88:40160] with ContainerStateMachine:uninitialized
2019-10-25 03:59:00,612 [pool-52-thread-1] INFO  server.RaftServerConfigKeys (ConfUtils.java:logGet(43)) - raft.server.log.corruption.policy = EXCEPTION (default)
2019-10-25 03:59:00,612 [pool-42-thread-1] INFO  server.RaftServerConfigKeys (ConfUtils.java:logGet(43)) - raft.server.rpc.timeout.min = 5s (custom)
2019-10-25 03:59:00,612 [pool-52-thread-1] INFO  storage.RaftStorageDirectory (RaftStorageDirectory.java:analyzeStorage(246)) - The storage directory /workdir/hadoop-ozone/integration-test/target/test-dir/MiniOzoneClusterImpl-7dd9eb76-e729-491b-adf7-f704faccfc31/datanode-2/data/ratis/de88a177-bbe8-437e-af41-698563317d01 does not exist. Creating ...
2019-10-25 03:59:00,612 [pool-42-thread-1] INFO  server.RaftServerConfigKeys (ConfUtils.java:logGet(43)) - raft.server.rpc.timeout.max = 5200ms (custom)
2019-10-25 03:59:00,612 [pool-42-thread-1] INFO  server.RaftServerConfigKeys (ConfUtils.java:logGet(43)) - raft.server.rpcslowness.timeout = 120s (custom)
2019-10-25 03:59:00,613 [pool-42-thread-1] INFO  server.RaftServerConfigKeys (ConfUtils.java:logGet(43)) - raft.server.sleep.deviation.threshold = 300 (default)
2019-10-25 03:59:00,613 [pool-32-thread-1] INFO  impl.RaftServerImpl (RaftServerImpl.java:<init>(98)) - 1483ffd7-1556-42e9-9661-641add415bbb: new RaftServerImpl for group-698563317D01:[9e87f668-3d6b-4a03-b7be-4524552954d2:192.168.69.88:41122, 1483ffd7-1556-42e9-9661-641add415bbb:192.168.69.88:38003, 2e9f0457-bccb-4301-8e0c-10b4fb6c14fa:192.168.69.88:40160] with ContainerStateMachine:uninitialized
2019-10-25 03:59:00,613 [pool-42-thread-1] INFO  server.RaftServerConfigKeys (ConfUtils.java:logGet(43)) - raft.server.log.appender.install.snapshot.enabled = false (custom)
2019-10-25 03:59:00,613 [pool-32-thread-1] INFO  server.RaftServerConfigKeys (ConfUtils.java:logGet(43)) - raft.server.rpc.timeout.min = 5s (custom)
2019-10-25 03:59:00,613 [pool-42-thread-1] INFO  impl.RaftServerImpl (ServerState.java:<init>(103)) - 9e87f668-3d6b-4a03-b7be-4524552954d2@group-698563317D01: ConfigurationManager, init=-1: [9e87f668-3d6b-4a03-b7be-4524552954d2:192.168.69.88:41122, 1483ffd7-1556-42e9-9661-641add415bbb:192.168.69.88:38003, 2e9f0457-bccb-4301-8e0c-10b4fb6c14fa:192.168.69.88:40160], old=null, confs=<EMPTY_MAP>
2019-10-25 03:59:00,613 [pool-32-thread-1] INFO  server.RaftServerConfigKeys (ConfUtils.java:logGet(43)) - raft.server.rpc.timeout.max = 5200ms (custom)
2019-10-25 03:59:00,613 [pool-42-thread-1] INFO  server.RaftServerConfigKeys (ConfUtils.java:logGet(43)) - raft.server.storage.dir = [/workdir/hadoop-ozone/integration-test/target/test-dir/MiniOzoneClusterImpl-7dd9eb76-e729-491b-adf7-f704faccfc31/datanode-1/data/ratis] (custom)
2019-10-25 03:59:00,613 [pool-32-thread-1] INFO  server.RaftServerConfigKeys (ConfUtils.java:logGet(43)) - raft.server.rpcslowness.timeout = 120s (custom)
2019-10-25 03:59:00,614 [pool-32-thread-1] INFO  server.RaftServerConfigKeys (ConfUtils.java:logGet(43)) - raft.server.sleep.deviation.threshold = 300 (default)
2019-10-25 03:59:00,614 [pool-42-thread-1] INFO  server.RaftServerConfigKeys (ConfUtils.java:logGet(43)) - raft.server.log.corruption.policy = EXCEPTION (default)
2019-10-25 03:59:00,614 [pool-32-thread-1] INFO  server.RaftServerConfigKeys (ConfUtils.java:logGet(43)) - raft.server.log.appender.install.snapshot.enabled = false (custom)
2019-10-25 03:59:00,614 [pool-42-thread-1] INFO  storage.RaftStorageDirectory (RaftStorageDirectory.java:analyzeStorage(246)) - The storage directory /workdir/hadoop-ozone/integration-test/target/test-dir/MiniOzoneClusterImpl-7dd9eb76-e729-491b-adf7-f704faccfc31/datanode-1/data/ratis/de88a177-bbe8-437e-af41-698563317d01 does not exist. Creating ...
2019-10-25 03:59:00,614 [pool-32-thread-1] INFO  impl.RaftServerImpl (ServerState.java:<init>(103)) - 1483ffd7-1556-42e9-9661-641add415bbb@group-698563317D01: ConfigurationManager, init=-1: [9e87f668-3d6b-4a03-b7be-4524552954d2:192.168.69.88:41122, 1483ffd7-1556-42e9-9661-641add415bbb:192.168.69.88:38003, 2e9f0457-bccb-4301-8e0c-10b4fb6c14fa:192.168.69.88:40160], old=null, confs=<EMPTY_MAP>
2019-10-25 03:59:00,614 [pool-32-thread-1] INFO  server.RaftServerConfigKeys (ConfUtils.java:logGet(43)) - raft.server.storage.dir = [/workdir/hadoop-ozone/integration-test/target/test-dir/MiniOzoneClusterImpl-7dd9eb76-e729-491b-adf7-f704faccfc31/datanode-0/data/ratis] (custom)
2019-10-25 03:59:00,615 [pool-32-thread-1] INFO  server.RaftServerConfigKeys (ConfUtils.java:logGet(43)) - raft.server.log.corruption.policy = EXCEPTION (default)
2019-10-25 03:59:00,615 [pool-32-thread-1] INFO  storage.RaftStorageDirectory (RaftStorageDirectory.java:analyzeStorage(246)) - The storage directory /workdir/hadoop-ozone/integration-test/target/test-dir/MiniOzoneClusterImpl-7dd9eb76-e729-491b-adf7-f704faccfc31/datanode-0/data/ratis/de88a177-bbe8-437e-af41-698563317d01 does not exist. Creating ...
2019-10-25 03:59:00,628 [pool-42-thread-1] INFO  storage.RaftStorageDirectory (RaftStorageDirectory.java:tryLock(328)) - Lock on /workdir/hadoop-ozone/integration-test/target/test-dir/MiniOzoneClusterImpl-7dd9eb76-e729-491b-adf7-f704faccfc31/datanode-1/data/ratis/de88a177-bbe8-437e-af41-698563317d01/in_use.lock acquired by nodename 15951@pr-hdds-2034-4gqpp-1260480586
2019-10-25 03:59:00,628 [pool-32-thread-1] INFO  storage.RaftStorageDirectory (RaftStorageDirectory.java:tryLock(328)) - Lock on /workdir/hadoop-ozone/integration-test/target/test-dir/MiniOzoneClusterImpl-7dd9eb76-e729-491b-adf7-f704faccfc31/datanode-0/data/ratis/de88a177-bbe8-437e-af41-698563317d01/in_use.lock acquired by nodename 15951@pr-hdds-2034-4gqpp-1260480586
2019-10-25 03:59:00,628 [pool-52-thread-1] INFO  storage.RaftStorageDirectory (RaftStorageDirectory.java:tryLock(328)) - Lock on /workdir/hadoop-ozone/integration-test/target/test-dir/MiniOzoneClusterImpl-7dd9eb76-e729-491b-adf7-f704faccfc31/datanode-2/data/ratis/de88a177-bbe8-437e-af41-698563317d01/in_use.lock acquired by nodename 15951@pr-hdds-2034-4gqpp-1260480586
2019-10-25 03:59:00,628 [EventQueue-PipelineReportForPipelineReportHandler] INFO  pipeline.PipelineReportHandler (PipelineReportHandler.java:processPipelineReport(104)) - Pipeline ONE PipelineID=df376db9-0d33-4703-8457-b255cd6800b2 reported by 2e9f0457-bccb-4301-8e0c-10b4fb6c14fa{ip: 192.168.69.88, host: pr-hdds-2034-4gqpp-1260480586, networkLocation: /rack1, certSerialId: null}
2019-10-25 03:59:00,629 [EventQueue-PipelineReportForPipelineReportHandler] INFO  pipeline.PipelineStateManager (PipelineStateManager.java:openPipeline(134)) - Pipeline Pipeline[ Id: df376db9-0d33-4703-8457-b255cd6800b2, Nodes: 2e9f0457-bccb-4301-8e0c-10b4fb6c14fa{ip: 192.168.69.88, host: pr-hdds-2034-4gqpp-1260480586, networkLocation: /rack1, certSerialId: null}, Type:RATIS, Factor:ONE, State:ALLOCATED] moved to OPEN state
2019-10-25 03:59:00,632 [EventQueue-OpenPipelineForHealthyPipelineSafeModeRule] INFO  safemode.SCMSafeModeManager (HealthyPipelineSafeModeRule.java:process(122)) - SCM in safe mode. Healthy pipelines reported count is 1, required healthy pipeline reported count is 1
2019-10-25 03:59:00,632 [EventQueue-PipelineReportForPipelineReportHandler] INFO  pipeline.PipelineReportHandler (PipelineReportHandler.java:processPipelineReport(104)) - Pipeline ONE PipelineID=5950821c-d8d7-4ac3-a884-0cdd7692d260 reported by 1483ffd7-1556-42e9-9661-641add415bbb{ip: 192.168.69.88, host: pr-hdds-2034-4gqpp-1260480586, networkLocation: /rack1, certSerialId: null}
2019-10-25 03:59:00,632 [EventQueue-OpenPipelineForOneReplicaPipelineSafeModeRule] INFO  safemode.SCMSafeModeManager (SCMSafeModeManager.java:validateSafeModeExitRules(169)) - AtleastOneDatanodeReportedRule rule is successfully validated
2019-10-25 03:59:00,632 [EventQueue-PipelineReportForPipelineReportHandler] INFO  pipeline.PipelineStateManager (PipelineStateManager.java:openPipeline(134)) - Pipeline Pipeline[ Id: 5950821c-d8d7-4ac3-a884-0cdd7692d260, Nodes: 1483ffd7-1556-42e9-9661-641add415bbb{ip: 192.168.69.88, host: pr-hdds-2034-4gqpp-1260480586, networkLocation: /rack1, certSerialId: null}, Type:RATIS, Factor:ONE, State:ALLOCATED] moved to OPEN state
2019-10-25 03:59:00,632 [EventQueue-OpenPipelineForHealthyPipelineSafeModeRule] INFO  safemode.SCMSafeModeManager (SCMSafeModeManager.java:validateSafeModeExitRules(169)) - HealthyPipelineSafeModeRule rule is successfully validated
2019-10-25 03:59:00,632 [EventQueue-OpenPipelineForHealthyPipelineSafeModeRule] INFO  safemode.SCMSafeModeManager (SCMSafeModeManager.java:validateSafeModeExitRules(178)) - ScmSafeModeManager, all rules are successfully validated
2019-10-25 03:59:00,632 [EventQueue-PipelineReportForPipelineReportHandler] INFO  pipeline.PipelineReportHandler (PipelineReportHandler.java:processPipelineReport(104)) - Pipeline ONE PipelineID=ff3dc3b6-37dd-468b-926b-f5c5c31f5fe0 reported by 9e87f668-3d6b-4a03-b7be-4524552954d2{ip: 192.168.69.88, host: pr-hdds-2034-4gqpp-1260480586, networkLocation: /rack1, certSerialId: null}
2019-10-25 03:59:00,632 [EventQueue-OpenPipelineForHealthyPipelineSafeModeRule] INFO  safemode.SCMSafeModeManager (SCMSafeModeManager.java:exitSafeMode(194)) - SCM exiting safe mode.
2019-10-25 03:59:00,632 [EventQueue-PipelineReportForPipelineReportHandler] INFO  pipeline.PipelineStateManager (PipelineStateManager.java:openPipeline(134)) - Pipeline Pipeline[ Id: ff3dc3b6-37dd-468b-926b-f5c5c31f5fe0, Nodes: 9e87f668-3d6b-4a03-b7be-4524552954d2{ip: 192.168.69.88, host: pr-hdds-2034-4gqpp-1260480586, networkLocation: /rack1, certSerialId: null}, Type:RATIS, Factor:ONE, State:ALLOCATED] moved to OPEN state
2019-10-25 03:59:00,633 [EventQueue-PipelineReportForPipelineReportHandler] INFO  pipeline.PipelineReportHandler (PipelineReportHandler.java:processPipelineReport(104)) - Pipeline ONE PipelineID=a4ce9fba-8e1a-43e7-822d-5433a8d66994 reported by b79e3bf1-7438-438f-808c-2f805593d4c4{ip: 192.168.69.88, host: pr-hdds-2034-4gqpp-1260480586, networkLocation: /rack1, certSerialId: null}
2019-10-25 03:59:00,633 [EventQueue-OpenPipelineForOneReplicaPipelineSafeModeRule] INFO  safemode.SCMSafeModeManager (SCMSafeModeManager.java:validateSafeModeExitRules(169)) - AtleastOneDatanodeReportedRule rule is successfully validated
2019-10-25 03:59:00,633 [EventQueue-OpenPipelineForOneReplicaPipelineSafeModeRule] INFO  safemode.SCMSafeModeManager (SCMSafeModeManager.java:validateSafeModeExitRules(178)) - ScmSafeModeManager, all rules are successfully validated
2019-10-25 03:59:00,633 [EventQueue-OpenPipelineForOneReplicaPipelineSafeModeRule] INFO  safemode.SCMSafeModeManager (SCMSafeModeManager.java:exitSafeMode(194)) - SCM exiting safe mode.
2019-10-25 03:59:00,633 [EventQueue-PipelineReportForPipelineReportHandler] INFO  pipeline.PipelineStateManager (PipelineStateManager.java:openPipeline(134)) - Pipeline Pipeline[ Id: a4ce9fba-8e1a-43e7-822d-5433a8d66994, Nodes: b79e3bf1-7438-438f-808c-2f805593d4c4{ip: 192.168.69.88, host: pr-hdds-2034-4gqpp-1260480586, networkLocation: /rack1, certSerialId: null}, Type:RATIS, Factor:ONE, State:ALLOCATED] moved to OPEN state
2019-10-25 03:59:00,642 [pool-32-thread-1] INFO  storage.RaftStorage (RaftStorage.java:format(84)) - Storage directory /workdir/hadoop-ozone/integration-test/target/test-dir/MiniOzoneClusterImpl-7dd9eb76-e729-491b-adf7-f704faccfc31/datanode-0/data/ratis/de88a177-bbe8-437e-af41-698563317d01 has been successfully formatted.
2019-10-25 03:59:00,642 [pool-52-thread-1] INFO  storage.RaftStorage (RaftStorage.java:format(84)) - Storage directory /workdir/hadoop-ozone/integration-test/target/test-dir/MiniOzoneClusterImpl-7dd9eb76-e729-491b-adf7-f704faccfc31/datanode-2/data/ratis/de88a177-bbe8-437e-af41-698563317d01 has been successfully formatted.
2019-10-25 03:59:00,642 [pool-42-thread-1] INFO  storage.RaftStorage (RaftStorage.java:format(84)) - Storage directory /workdir/hadoop-ozone/integration-test/target/test-dir/MiniOzoneClusterImpl-7dd9eb76-e729-491b-adf7-f704faccfc31/datanode-1/data/ratis/de88a177-bbe8-437e-af41-698563317d01 has been successfully formatted.
2019-10-25 03:59:00,642 [pool-32-thread-1] INFO  ratis.ContainerStateMachine (ContainerStateMachine.java:loadSnapshot(231)) - group-698563317D01: The snapshot info is null. Setting the last applied indexto:(t:0, i:~)
2019-10-25 03:59:00,642 [pool-52-thread-1] INFO  ratis.ContainerStateMachine (ContainerStateMachine.java:loadSnapshot(231)) - group-698563317D01: The snapshot info is null. Setting the last applied indexto:(t:0, i:~)
2019-10-25 03:59:00,643 [pool-32-thread-1] INFO  server.RaftServerConfigKeys (ConfUtils.java:logGet(43)) - raft.server.notification.no-leader.timeout = 120s (custom)
2019-10-25 03:59:00,643 [pool-42-thread-1] INFO  ratis.ContainerStateMachine (ContainerStateMachine.java:loadSnapshot(231)) - group-698563317D01: The snapshot info is null. Setting the last applied indexto:(t:0, i:~)
2019-10-25 03:59:00,643 [pool-32-thread-1] INFO  server.RaftServerConfigKeys (ConfUtils.java:logGet(43)) - raft.server.log.use.memory = false (default)
2019-10-25 03:59:00,643 [pool-52-thread-1] INFO  server.RaftServerConfigKeys (ConfUtils.java:logGet(43)) - raft.server.notification.no-leader.timeout = 120s (custom)
2019-10-25 03:59:00,643 [pool-32-thread-1] INFO  server.RaftServerConfigKeys (ConfUtils.java:logGet(43)) - raft.server.log.purge.gap = 1000000 (custom)
2019-10-25 03:59:00,643 [pool-42-thread-1] INFO  server.RaftServerConfigKeys (ConfUtils.java:logGet(43)) - raft.server.notification.no-leader.timeout = 120s (custom)
2019-10-25 03:59:00,643 [pool-32-thread-1] INFO  server.RaftServerConfigKeys (ConfUtils.java:logGet(43)) - raft.server.log.appender.buffer.byte-limit = 33554432 (custom)
2019-10-25 03:59:00,643 [pool-52-thread-1] INFO  server.RaftServerConfigKeys (ConfUtils.java:logGet(43)) - raft.server.log.use.memory = false (default)
2019-10-25 03:59:00,643 [pool-32-thread-1] INFO  server.RaftServerConfigKeys (ConfUtils.java:logGet(43)) - raft.server.log.segment.size.max = 1048576 (custom)
2019-10-25 03:59:00,643 [pool-42-thread-1] INFO  server.RaftServerConfigKeys (ConfUtils.java:logGet(43)) - raft.server.log.use.memory = false (default)
2019-10-25 03:59:00,643 [pool-52-thread-1] INFO  server.RaftServerConfigKeys (ConfUtils.java:logGet(43)) - raft.server.log.purge.gap = 1000000 (custom)
2019-10-25 03:59:00,644 [pool-42-thread-1] INFO  server.RaftServerConfigKeys (ConfUtils.java:logGet(43)) - raft.server.log.purge.gap = 1000000 (custom)
2019-10-25 03:59:00,643 [pool-32-thread-1] INFO  server.RaftServerConfigKeys (ConfUtils.java:logGet(43)) - raft.server.log.segment.cache.num.max = 2 (custom)
2019-10-25 03:59:00,644 [pool-42-thread-1] INFO  server.RaftServerConfigKeys (ConfUtils.java:logGet(43)) - raft.server.log.appender.buffer.byte-limit = 33554432 (custom)
2019-10-25 03:59:00,644 [pool-52-thread-1] INFO  server.RaftServerConfigKeys (ConfUtils.java:logGet(43)) - raft.server.log.appender.buffer.byte-limit = 33554432 (custom)
2019-10-25 03:59:00,644 [pool-42-thread-1] INFO  server.RaftServerConfigKeys (ConfUtils.java:logGet(43)) - raft.server.log.segment.size.max = 1048576 (custom)
2019-10-25 03:59:00,644 [pool-32-thread-1] INFO  segmented.SegmentedRaftLogWorker (SegmentedRaftLogWorker.java:<init>(173)) - new 1483ffd7-1556-42e9-9661-641add415bbb@group-698563317D01-SegmentedRaftLogWorker for RaftStorage:Storage Directory /workdir/hadoop-ozone/integration-test/target/test-dir/MiniOzoneClusterImpl-7dd9eb76-e729-491b-adf7-f704faccfc31/datanode-0/data/ratis/de88a177-bbe8-437e-af41-698563317d01
2019-10-25 03:59:00,644 [pool-42-thread-1] INFO  server.RaftServerConfigKeys (ConfUtils.java:logGet(43)) - raft.server.log.segment.cache.num.max = 2 (custom)
2019-10-25 03:59:00,644 [pool-52-thread-1] INFO  server.RaftServerConfigKeys (ConfUtils.java:logGet(43)) - raft.server.log.segment.size.max = 1048576 (custom)
2019-10-25 03:59:00,644 [pool-42-thread-1] INFO  segmented.SegmentedRaftLogWorker (SegmentedRaftLogWorker.java:<init>(173)) - new 9e87f668-3d6b-4a03-b7be-4524552954d2@group-698563317D01-SegmentedRaftLogWorker for RaftStorage:Storage Directory /workdir/hadoop-ozone/integration-test/target/test-dir/MiniOzoneClusterImpl-7dd9eb76-e729-491b-adf7-f704faccfc31/datanode-1/data/ratis/de88a177-bbe8-437e-af41-698563317d01
2019-10-25 03:59:00,644 [pool-32-thread-1] INFO  server.RaftServerConfigKeys (ConfUtils.java:logGet(43)) - raft.server.log.queue.byte-limit = 2147483647 (custom)
2019-10-25 03:59:00,644 [pool-42-thread-1] INFO  server.RaftServerConfigKeys (ConfUtils.java:logGet(43)) - raft.server.log.queue.byte-limit = 2147483647 (custom)
2019-10-25 03:59:00,644 [pool-52-thread-1] INFO  server.RaftServerConfigKeys (ConfUtils.java:logGet(43)) - raft.server.log.segment.cache.num.max = 2 (custom)
2019-10-25 03:59:00,645 [pool-42-thread-1] INFO  server.RaftServerConfigKeys (ConfUtils.java:logGet(43)) - raft.server.log.queue.element-limit = 1024 (custom)
2019-10-25 03:59:00,645 [pool-32-thread-1] INFO  server.RaftServerConfigKeys (ConfUtils.java:logGet(43)) - raft.server.log.queue.element-limit = 1024 (custom)
2019-10-25 03:59:00,645 [pool-42-thread-1] INFO  server.RaftServerConfigKeys (ConfUtils.java:logGet(43)) - raft.server.log.segment.size.max = 1048576 (custom)
2019-10-25 03:59:00,645 [pool-52-thread-1] INFO  segmented.SegmentedRaftLogWorker (SegmentedRaftLogWorker.java:<init>(173)) - new 2e9f0457-bccb-4301-8e0c-10b4fb6c14fa@group-698563317D01-SegmentedRaftLogWorker for RaftStorage:Storage Directory /workdir/hadoop-ozone/integration-test/target/test-dir/MiniOzoneClusterImpl-7dd9eb76-e729-491b-adf7-f704faccfc31/datanode-2/data/ratis/de88a177-bbe8-437e-af41-698563317d01
2019-10-25 03:59:00,645 [pool-42-thread-1] INFO  server.RaftServerConfigKeys (ConfUtils.java:logGet(43)) - raft.server.log.preallocated.size = 16384 (custom)
2019-10-25 03:59:00,645 [pool-32-thread-1] INFO  server.RaftServerConfigKeys (ConfUtils.java:logGet(43)) - raft.server.log.segment.size.max = 1048576 (custom)
2019-10-25 03:59:00,645 [pool-42-thread-1] INFO  server.RaftServerConfigKeys (ConfUtils.java:logGet(43)) - raft.server.log.write.buffer.size = 33554432 (custom)
2019-10-25 03:59:00,645 [pool-52-thread-1] INFO  server.RaftServerConfigKeys (ConfUtils.java:logGet(43)) - raft.server.log.queue.byte-limit = 2147483647 (custom)
2019-10-25 03:59:00,645 [pool-42-thread-1] INFO  server.RaftServerConfigKeys (ConfUtils.java:logGet(43)) - raft.server.log.force.sync.num = 128 (default)
2019-10-25 03:59:00,645 [pool-32-thread-1] INFO  server.RaftServerConfigKeys (ConfUtils.java:logGet(43)) - raft.server.log.preallocated.size = 16384 (custom)
2019-10-25 03:59:00,646 [pool-42-thread-1] INFO  server.RaftServerConfigKeys (ConfUtils.java:logGet(43)) - raft.server.log.statemachine.data.sync = true (default)
2019-10-25 03:59:00,646 [pool-52-thread-1] INFO  server.RaftServerConfigKeys (ConfUtils.java:logGet(43)) - raft.server.log.queue.element-limit = 1024 (custom)
2019-10-25 03:59:00,646 [pool-42-thread-1] INFO  server.RaftServerConfigKeys (ConfUtils.java:logGet(43)) - raft.server.log.statemachine.data.sync.timeout = 10s (default)
2019-10-25 03:59:00,646 [pool-32-thread-1] INFO  server.RaftServerConfigKeys (ConfUtils.java:logGet(43)) - raft.server.log.write.buffer.size = 33554432 (custom)
2019-10-25 03:59:00,646 [pool-42-thread-1] INFO  server.RaftServerConfigKeys (ConfUtils.java:logGet(43)) - raft.server.log.statemachine.data.sync.timeout.retry = -1 (default)
2019-10-25 03:59:00,646 [pool-52-thread-1] INFO  server.RaftServerConfigKeys (ConfUtils.java:logGet(43)) - raft.server.log.segment.size.max = 1048576 (custom)
2019-10-25 03:59:00,646 [pool-32-thread-1] INFO  server.RaftServerConfigKeys (ConfUtils.java:logGet(43)) - raft.server.log.force.sync.num = 128 (default)
2019-10-25 03:59:00,646 [pool-52-thread-1] INFO  server.RaftServerConfigKeys (ConfUtils.java:logGet(43)) - raft.server.log.preallocated.size = 16384 (custom)
2019-10-25 03:59:00,646 [pool-42-thread-1] INFO  server.RaftServerConfigKeys (ConfUtils.java:logGet(43)) - raft.server.log.statemachine.data.caching.enabled = true (custom)
2019-10-25 03:59:00,646 [pool-52-thread-1] INFO  server.RaftServerConfigKeys (ConfUtils.java:logGet(43)) - raft.server.log.write.buffer.size = 33554432 (custom)
2019-10-25 03:59:00,646 [pool-32-thread-1] INFO  server.RaftServerConfigKeys (ConfUtils.java:logGet(43)) - raft.server.log.statemachine.data.sync = true (default)
2019-10-25 03:59:00,647 [pool-52-thread-1] INFO  server.RaftServerConfigKeys (ConfUtils.java:logGet(43)) - raft.server.log.force.sync.num = 128 (default)
2019-10-25 03:59:00,647 [pool-32-thread-1] INFO  server.RaftServerConfigKeys (ConfUtils.java:logGet(43)) - raft.server.log.statemachine.data.sync.timeout = 10s (default)
2019-10-25 03:59:00,647 [pool-52-thread-1] INFO  server.RaftServerConfigKeys (ConfUtils.java:logGet(43)) - raft.server.log.statemachine.data.sync = true (default)
2019-10-25 03:59:00,647 [pool-42-thread-1] INFO  segmented.SegmentedRaftLogWorker (SegmentedRaftLogWorker.java:lambda$new$0(128)) - 9e87f668-3d6b-4a03-b7be-4524552954d2@group-698563317D01-SegmentedRaftLogWorker: flushIndex: setUnconditionally 0 -> -1
2019-10-25 03:59:00,647 [pool-52-thread-1] INFO  server.RaftServerConfigKeys (ConfUtils.java:logGet(43)) - raft.server.log.statemachine.data.sync.timeout = 10s (default)
2019-10-25 03:59:00,647 [pool-32-thread-1] INFO  server.RaftServerConfigKeys (ConfUtils.java:logGet(43)) - raft.server.log.statemachine.data.sync.timeout.retry = -1 (default)
2019-10-25 03:59:00,647 [pool-52-thread-1] INFO  server.RaftServerConfigKeys (ConfUtils.java:logGet(43)) - raft.server.log.statemachine.data.sync.timeout.retry = -1 (default)
2019-10-25 03:59:00,647 [pool-32-thread-1] INFO  server.RaftServerConfigKeys (ConfUtils.java:logGet(43)) - raft.server.log.statemachine.data.caching.enabled = true (custom)
2019-10-25 03:59:00,647 [pool-42-thread-1] INFO  server.RaftServerConfigKeys (ConfUtils.java:logGet(43)) - raft.server.snapshot.auto.trigger.enabled = true (custom)
2019-10-25 03:59:00,647 [pool-52-thread-1] INFO  server.RaftServerConfigKeys (ConfUtils.java:logGet(43)) - raft.server.log.statemachine.data.caching.enabled = true (custom)
2019-10-25 03:59:00,648 [pool-32-thread-1] INFO  segmented.SegmentedRaftLogWorker (SegmentedRaftLogWorker.java:lambda$new$0(128)) - 1483ffd7-1556-42e9-9661-641add415bbb@group-698563317D01-SegmentedRaftLogWorker: flushIndex: setUnconditionally 0 -> -1
2019-10-25 03:59:00,648 [pool-42-thread-1] INFO  server.RaftServerConfigKeys (ConfUtils.java:logGet(43)) - raft.server.snapshot.auto.trigger.threshold = 10000 (custom)
2019-10-25 03:59:00,648 [pool-52-thread-1] INFO  segmented.SegmentedRaftLogWorker (SegmentedRaftLogWorker.java:lambda$new$0(128)) - 2e9f0457-bccb-4301-8e0c-10b4fb6c14fa@group-698563317D01-SegmentedRaftLogWorker: flushIndex: setUnconditionally 0 -> -1
2019-10-25 03:59:00,648 [pool-32-thread-1] INFO  server.RaftServerConfigKeys (ConfUtils.java:logGet(43)) - raft.server.snapshot.auto.trigger.enabled = true (custom)
2019-10-25 03:59:00,648 [pool-42-thread-1] INFO  server.RaftServerConfigKeys (ConfUtils.java:logGet(43)) - raft.server.snapshot.retention.file.num = 5 (custom)
2019-10-25 03:59:00,648 [pool-52-thread-1] INFO  server.RaftServerConfigKeys (ConfUtils.java:logGet(43)) - raft.server.snapshot.auto.trigger.enabled = true (custom)
2019-10-25 03:59:00,648 [pool-42-thread-1] INFO  server.RaftServerConfigKeys (ConfUtils.java:logGet(43)) - raft.server.retrycache.expirytime = 600000ms (custom)
2019-10-25 03:59:00,648 [pool-32-thread-1] INFO  server.RaftServerConfigKeys (ConfUtils.java:logGet(43)) - raft.server.snapshot.auto.trigger.threshold = 10000 (custom)
2019-10-25 03:59:00,648 [pool-52-thread-1] INFO  server.RaftServerConfigKeys (ConfUtils.java:logGet(43)) - raft.server.snapshot.auto.trigger.threshold = 10000 (custom)
2019-10-25 03:59:00,648 [pool-32-thread-1] INFO  server.RaftServerConfigKeys (ConfUtils.java:logGet(43)) - raft.server.snapshot.retention.file.num = 5 (custom)
2019-10-25 03:59:00,648 [pool-42-thread-1] WARN  impl.MetricRegistriesImpl (MetricRegistriesImpl.java:lambda$create$1(61)) - First MetricRegistry has been created without registering reporters. You may need to call MetricRegistries.global().addReportRegistration(...) before.
2019-10-25 03:59:00,649 [pool-32-thread-1] INFO  server.RaftServerConfigKeys (ConfUtils.java:logGet(43)) - raft.server.retrycache.expirytime = 600000ms (custom)
2019-10-25 03:59:00,648 [pool-52-thread-1] INFO  server.RaftServerConfigKeys (ConfUtils.java:logGet(43)) - raft.server.snapshot.retention.file.num = 5 (custom)
2019-10-25 03:59:00,649 [pool-42-thread-1] WARN  impl.MetricRegistriesImpl (MetricRegistriesImpl.java:lambda$create$1(61)) - First MetricRegistry has been created without registering reporters. You may need to call MetricRegistries.global().addReportRegistration(...) before.
2019-10-25 03:59:00,649 [pool-52-thread-1] INFO  server.RaftServerConfigKeys (ConfUtils.java:logGet(43)) - raft.server.retrycache.expirytime = 600000ms (custom)
2019-10-25 03:59:00,650 [pool-32-thread-1] WARN  impl.MetricRegistriesImpl (MetricRegistriesImpl.java:lambda$create$1(61)) - First MetricRegistry has been created without registering reporters. You may need to call MetricRegistries.global().addReportRegistration(...) before.
2019-10-25 03:59:00,651 [pool-42-thread-1] INFO  impl.RaftServerImpl (RaftServerImpl.java:start(184)) - 9e87f668-3d6b-4a03-b7be-4524552954d2@group-698563317D01: start as a follower, conf=-1: [9e87f668-3d6b-4a03-b7be-4524552954d2:192.168.69.88:41122, 1483ffd7-1556-42e9-9661-641add415bbb:192.168.69.88:38003, 2e9f0457-bccb-4301-8e0c-10b4fb6c14fa:192.168.69.88:40160], old=null
2019-10-25 03:59:00,651 [pool-52-thread-1] WARN  impl.MetricRegistriesImpl (MetricRegistriesImpl.java:lambda$create$1(61)) - First MetricRegistry has been created without registering reporters. You may need to call MetricRegistries.global().addReportRegistration(...) before.
2019-10-25 03:59:00,651 [pool-42-thread-1] INFO  impl.RaftServerImpl (RaftServerImpl.java:setRole(173)) - 9e87f668-3d6b-4a03-b7be-4524552954d2@group-698563317D01: changes role from      null to FOLLOWER at term 0 for startAsFollower
2019-10-25 03:59:00,651 [pool-32-thread-1] WARN  impl.MetricRegistriesImpl (MetricRegistriesImpl.java:lambda$create$1(61)) - First MetricRegistry has been created without registering reporters. You may need to call MetricRegistries.global().addReportRegistration(...) before.
2019-10-25 03:59:00,652 [pool-42-thread-1] INFO  impl.RoleInfo (RoleInfo.java:updateAndGet(143)) - 9e87f668-3d6b-4a03-b7be-4524552954d2: start FollowerState
2019-10-25 03:59:00,652 [pool-32-thread-1] INFO  impl.RaftServerImpl (RaftServerImpl.java:start(184)) - 1483ffd7-1556-42e9-9661-641add415bbb@group-698563317D01: start as a follower, conf=-1: [9e87f668-3d6b-4a03-b7be-4524552954d2:192.168.69.88:41122, 1483ffd7-1556-42e9-9661-641add415bbb:192.168.69.88:38003, 2e9f0457-bccb-4301-8e0c-10b4fb6c14fa:192.168.69.88:40160], old=null
2019-10-25 03:59:00,652 [pool-52-thread-1] WARN  impl.MetricRegistriesImpl (MetricRegistriesImpl.java:lambda$create$1(61)) - First MetricRegistry has been created without registering reporters. You may need to call MetricRegistries.global().addReportRegistration(...) before.
2019-10-25 03:59:00,652 [pool-32-thread-1] INFO  impl.RaftServerImpl (RaftServerImpl.java:setRole(173)) - 1483ffd7-1556-42e9-9661-641add415bbb@group-698563317D01: changes role from      null to FOLLOWER at term 0 for startAsFollower
2019-10-25 03:59:00,652 [pool-52-thread-1] INFO  impl.RaftServerImpl (RaftServerImpl.java:start(184)) - 2e9f0457-bccb-4301-8e0c-10b4fb6c14fa@group-698563317D01: start as a follower, conf=-1: [9e87f668-3d6b-4a03-b7be-4524552954d2:192.168.69.88:41122, 1483ffd7-1556-42e9-9661-641add415bbb:192.168.69.88:38003, 2e9f0457-bccb-4301-8e0c-10b4fb6c14fa:192.168.69.88:40160], old=null
2019-10-25 03:59:00,652 [pool-32-thread-1] INFO  impl.RoleInfo (RoleInfo.java:updateAndGet(143)) - 1483ffd7-1556-42e9-9661-641add415bbb: start FollowerState
2019-10-25 03:59:00,652 [pool-42-thread-1] INFO  util.JmxRegister (JmxRegister.java:tryRegister(44)) - Successfully registered JMX Bean with object name Ratis:service=RaftServer,group=group-698563317D01,id=9e87f668-3d6b-4a03-b7be-4524552954d2
2019-10-25 03:59:00,652 [pool-52-thread-1] INFO  impl.RaftServerImpl (RaftServerImpl.java:setRole(173)) - 2e9f0457-bccb-4301-8e0c-10b4fb6c14fa@group-698563317D01: changes role from      null to FOLLOWER at term 0 for startAsFollower
2019-10-25 03:59:00,653 [pool-42-thread-1] WARN  impl.MetricRegistriesImpl (MetricRegistriesImpl.java:lambda$create$1(61)) - First MetricRegistry has been created without registering reporters. You may need to call MetricRegistries.global().addReportRegistration(...) before.
2019-10-25 03:59:00,653 [pool-52-thread-1] INFO  impl.RoleInfo (RoleInfo.java:updateAndGet(143)) - 2e9f0457-bccb-4301-8e0c-10b4fb6c14fa: start FollowerState
2019-10-25 03:59:00,653 [pool-32-thread-1] INFO  util.JmxRegister (JmxRegister.java:tryRegister(44)) - Successfully registered JMX Bean with object name Ratis:service=RaftServer,group=group-698563317D01,id=1483ffd7-1556-42e9-9661-641add415bbb
2019-10-25 03:59:00,653 [pool-32-thread-1] WARN  impl.MetricRegistriesImpl (MetricRegistriesImpl.java:lambda$create$1(61)) - First MetricRegistry has been created without registering reporters. You may need to call MetricRegistries.global().addReportRegistration(...) before.
2019-10-25 03:59:00,653 [pool-52-thread-1] INFO  util.JmxRegister (JmxRegister.java:tryRegister(44)) - Successfully registered JMX Bean with object name Ratis:service=RaftServer,group=group-698563317D01,id=2e9f0457-bccb-4301-8e0c-10b4fb6c14fa
2019-10-25 03:59:00,653 [pool-52-thread-1] WARN  impl.MetricRegistriesImpl (MetricRegistriesImpl.java:lambda$create$1(61)) - First MetricRegistry has been created without registering reporters. You may need to call MetricRegistries.global().addReportRegistration(...) before.
2019-10-25 03:59:00,653 [Command processor thread] INFO  commandhandler.CreatePipelineCommandHandler (CreatePipelineCommandHandler.java:handle(86)) - Create Pipeline RATIS THREE #id: "de88a177-bbe8-437e-af41-698563317d01"
 command succeed on datanode 9e87f668-3d6b-4a03-b7be-4524552954d2.
2019-10-25 03:59:00,653 [Command processor thread] INFO  commandhandler.CreatePipelineCommandHandler (CreatePipelineCommandHandler.java:handle(86)) - Create Pipeline RATIS THREE #id: "de88a177-bbe8-437e-af41-698563317d01"
 command succeed on datanode 1483ffd7-1556-42e9-9661-641add415bbb.
2019-10-25 03:59:00,654 [Command processor thread] INFO  commandhandler.CreatePipelineCommandHandler (CreatePipelineCommandHandler.java:handle(86)) - Create Pipeline RATIS THREE #id: "de88a177-bbe8-437e-af41-698563317d01"
 command succeed on datanode 2e9f0457-bccb-4301-8e0c-10b4fb6c14fa.
2019-10-25 03:59:00,658 [EventQueue-PipelineReportForPipelineReportHandler] INFO  pipeline.PipelineReportHandler (PipelineReportHandler.java:processPipelineReport(104)) - Pipeline THREE PipelineID=de88a177-bbe8-437e-af41-698563317d01 reported by 2e9f0457-bccb-4301-8e0c-10b4fb6c14fa{ip: 192.168.69.88, host: pr-hdds-2034-4gqpp-1260480586, networkLocation: /rack1, certSerialId: null}
2019-10-25 03:59:00,658 [EventQueue-PipelineReportForPipelineReportHandler] INFO  pipeline.PipelineReportHandler (PipelineReportHandler.java:processPipelineReport(104)) - Pipeline THREE PipelineID=de88a177-bbe8-437e-af41-698563317d01 reported by 1483ffd7-1556-42e9-9661-641add415bbb{ip: 192.168.69.88, host: pr-hdds-2034-4gqpp-1260480586, networkLocation: /rack1, certSerialId: null}
2019-10-25 03:59:00,659 [EventQueue-PipelineReportForPipelineReportHandler] INFO  pipeline.PipelineReportHandler (PipelineReportHandler.java:processPipelineReport(104)) - Pipeline THREE PipelineID=de88a177-bbe8-437e-af41-698563317d01 reported by 9e87f668-3d6b-4a03-b7be-4524552954d2{ip: 192.168.69.88, host: pr-hdds-2034-4gqpp-1260480586, networkLocation: /rack1, certSerialId: null}
2019-10-25 03:59:00,659 [EventQueue-PipelineReportForPipelineReportHandler] INFO  pipeline.PipelineStateManager (PipelineStateManager.java:openPipeline(134)) - Pipeline Pipeline[ Id: de88a177-bbe8-437e-af41-698563317d01, Nodes: 9e87f668-3d6b-4a03-b7be-4524552954d2{ip: 192.168.69.88, host: pr-hdds-2034-4gqpp-1260480586, networkLocation: /rack1, certSerialId: null}1483ffd7-1556-42e9-9661-641add415bbb{ip: 192.168.69.88, host: pr-hdds-2034-4gqpp-1260480586, networkLocation: /rack1, certSerialId: null}2e9f0457-bccb-4301-8e0c-10b4fb6c14fa{ip: 192.168.69.88, host: pr-hdds-2034-4gqpp-1260480586, networkLocation: /rack1, certSerialId: null}, Type:RATIS, Factor:THREE, State:ALLOCATED] moved to OPEN state
2019-10-25 03:59:01,497 [main] INFO  ozone.MiniOzoneClusterImpl (MiniOzoneClusterImpl.java:lambda$waitForClusterToBeReady$0(149)) - Nodes are ready. Got 4 of 4 DN Heartbeats.
2019-10-25 03:59:01,498 [main] INFO  ozone.MiniOzoneClusterImpl (MiniOzoneClusterImpl.java:lambda$waitForClusterToBeReady$0(152)) - Cluster exits safe mode
2019-10-25 03:59:03,638 [Thread-210] INFO  container.ReplicationManager (ReplicationManager.java:start(162)) - Starting Replication Monitor Thread.
2019-10-25 03:59:03,641 [Thread-211] INFO  container.ReplicationManager (ReplicationManager.java:start(169)) - Replication Monitor Thread is already running.
2019-10-25 03:59:03,642 [ReplicationMonitor] INFO  container.ReplicationManager (ReplicationManager.java:run(225)) - Replication Monitor Thread took 0 milliseconds for processing 0 containers.
2019-10-25 03:59:05,141 [Thread-222] INFO  rpc.RpcClient (RpcClient.java:createVolume(272)) - Creating Volume: ec1c4139-b114-4a98-99eb-f90377416b40, with jenkins1000 as owner.
2019-10-25 03:59:05,254 [OM StateMachine ApplyTransaction Thread - 0] INFO  volume.OMVolumeCreateRequest (OMVolumeCreateRequest.java:validateAndUpdateCache(193)) - created volume:ec1c4139-b114-4a98-99eb-f90377416b40 for user:jenkins1000
2019-10-25 03:59:05,274 [Thread-222] INFO  rpc.RpcClient (RpcClient.java:createBucket(411)) - Creating Bucket: ec1c4139-b114-4a98-99eb-f90377416b40/3f349726-499f-4547-91fc-c5e61bb3a584, with Versioning false and Storage Type set to DISK and Encryption set to false 
2019-10-25 03:59:05,337 [IPC Server handler 2 on 45527] INFO  server.SCMBlockProtocolServer (SCMBlockProtocolServer.java:allocateBlock(179)) - Allocating 1 blocks of size 4194304, with ExcludeList {datanodes = [], containerIds = [], pipelineIds = []}
2019-10-25 03:59:05,446 [Thread-222] INFO  impl.MetricsSystemImpl (MetricsSystemImpl.java:init(158)) - XceiverClientMetrics metrics system started (again)
2019-10-25 03:59:05,791 [Thread-216] INFO  impl.FollowerState (FollowerState.java:run(111)) - 1483ffd7-1556-42e9-9661-641add415bbb@group-698563317D01-FollowerState: change to CANDIDATE, lastRpcTime:5138ms, electionTimeout:5090ms
2019-10-25 03:59:05,791 [Thread-217] INFO  impl.FollowerState (FollowerState.java:run(111)) - 2e9f0457-bccb-4301-8e0c-10b4fb6c14fa@group-698563317D01-FollowerState: change to CANDIDATE, lastRpcTime:5137ms, electionTimeout:5096ms
2019-10-25 03:59:05,794 [Thread-216] INFO  impl.RoleInfo (RoleInfo.java:shutdownFollowerState(121)) - 1483ffd7-1556-42e9-9661-641add415bbb: shutdown FollowerState
2019-10-25 03:59:05,791 [Thread-201] INFO  impl.FollowerState (FollowerState.java:run(111)) - 2e9f0457-bccb-4301-8e0c-10b4fb6c14fa@group-B255CD6800B2-FollowerState: change to CANDIDATE, lastRpcTime:5192ms, electionTimeout:5069ms
2019-10-25 03:59:05,791 [Thread-204] INFO  impl.FollowerState (FollowerState.java:run(111)) - 1483ffd7-1556-42e9-9661-641add415bbb@group-0CDD7692D260-FollowerState: change to CANDIDATE, lastRpcTime:5189ms, electionTimeout:5101ms
2019-10-25 03:59:05,791 [Thread-203] INFO  impl.FollowerState (FollowerState.java:run(111)) - 9e87f668-3d6b-4a03-b7be-4524552954d2@group-F5C5C31F5FE0-FollowerState: change to CANDIDATE, lastRpcTime:5190ms, electionTimeout:5139ms
2019-10-25 03:59:05,795 [Thread-204] INFO  impl.RoleInfo (RoleInfo.java:shutdownFollowerState(121)) - 1483ffd7-1556-42e9-9661-641add415bbb: shutdown FollowerState
2019-10-25 03:59:05,795 [Thread-201] INFO  impl.RoleInfo (RoleInfo.java:shutdownFollowerState(121)) - 2e9f0457-bccb-4301-8e0c-10b4fb6c14fa: shutdown FollowerState
2019-10-25 03:59:05,795 [Thread-216] INFO  impl.RaftServerImpl (RaftServerImpl.java:setRole(173)) - 1483ffd7-1556-42e9-9661-641add415bbb@group-698563317D01: changes role from  FOLLOWER to CANDIDATE at term 0 for changeToCandidate
2019-10-25 03:59:05,794 [Thread-217] INFO  impl.RoleInfo (RoleInfo.java:shutdownFollowerState(121)) - 2e9f0457-bccb-4301-8e0c-10b4fb6c14fa: shutdown FollowerState
2019-10-25 03:59:05,794 [Thread-206] INFO  impl.FollowerState (FollowerState.java:run(111)) - b79e3bf1-7438-438f-808c-2f805593d4c4@group-5433A8D66994-FollowerState: change to CANDIDATE, lastRpcTime:5190ms, electionTimeout:5048ms
2019-10-25 03:59:05,796 [Thread-217] INFO  impl.RaftServerImpl (RaftServerImpl.java:setRole(173)) - 2e9f0457-bccb-4301-8e0c-10b4fb6c14fa@group-698563317D01: changes role from  FOLLOWER to CANDIDATE at term 0 for changeToCandidate
2019-10-25 03:59:05,796 [Thread-216] INFO  impl.RoleInfo (RoleInfo.java:updateAndGet(143)) - 1483ffd7-1556-42e9-9661-641add415bbb: start LeaderElection
2019-10-25 03:59:05,796 [Thread-217] INFO  impl.RoleInfo (RoleInfo.java:updateAndGet(143)) - 2e9f0457-bccb-4301-8e0c-10b4fb6c14fa: start LeaderElection
2019-10-25 03:59:05,795 [Thread-201] INFO  impl.RaftServerImpl (RaftServerImpl.java:setRole(173)) - 2e9f0457-bccb-4301-8e0c-10b4fb6c14fa@group-B255CD6800B2: changes role from  FOLLOWER to CANDIDATE at term 0 for changeToCandidate
2019-10-25 03:59:05,795 [Thread-204] INFO  impl.RaftServerImpl (RaftServerImpl.java:setRole(173)) - 1483ffd7-1556-42e9-9661-641add415bbb@group-0CDD7692D260: changes role from  FOLLOWER to CANDIDATE at term 0 for changeToCandidate
2019-10-25 03:59:05,795 [Thread-203] INFO  impl.RoleInfo (RoleInfo.java:shutdownFollowerState(121)) - 9e87f668-3d6b-4a03-b7be-4524552954d2: shutdown FollowerState
2019-10-25 03:59:05,799 [Thread-204] INFO  impl.RoleInfo (RoleInfo.java:updateAndGet(143)) - 1483ffd7-1556-42e9-9661-641add415bbb: start LeaderElection
2019-10-25 03:59:05,796 [Thread-206] INFO  impl.RoleInfo (RoleInfo.java:shutdownFollowerState(121)) - b79e3bf1-7438-438f-808c-2f805593d4c4: shutdown FollowerState
2019-10-25 03:59:05,799 [Thread-201] INFO  impl.RoleInfo (RoleInfo.java:updateAndGet(143)) - 2e9f0457-bccb-4301-8e0c-10b4fb6c14fa: start LeaderElection
2019-10-25 03:59:05,799 [Thread-203] INFO  impl.RaftServerImpl (RaftServerImpl.java:setRole(173)) - 9e87f668-3d6b-4a03-b7be-4524552954d2@group-F5C5C31F5FE0: changes role from  FOLLOWER to CANDIDATE at term 0 for changeToCandidate
2019-10-25 03:59:05,804 [Thread-215] INFO  impl.FollowerState (FollowerState.java:run(111)) - 9e87f668-3d6b-4a03-b7be-4524552954d2@group-698563317D01-FollowerState: change to CANDIDATE, lastRpcTime:5152ms, electionTimeout:5149ms
2019-10-25 03:59:05,804 [Thread-206] INFO  impl.RaftServerImpl (RaftServerImpl.java:setRole(173)) - b79e3bf1-7438-438f-808c-2f805593d4c4@group-5433A8D66994: changes role from  FOLLOWER to CANDIDATE at term 0 for changeToCandidate
2019-10-25 03:59:05,805 [Thread-215] INFO  impl.RoleInfo (RoleInfo.java:shutdownFollowerState(121)) - 9e87f668-3d6b-4a03-b7be-4524552954d2: shutdown FollowerState
2019-10-25 03:59:05,804 [Thread-203] INFO  impl.RoleInfo (RoleInfo.java:updateAndGet(143)) - 9e87f668-3d6b-4a03-b7be-4524552954d2: start LeaderElection
2019-10-25 03:59:05,807 [Thread-215] INFO  impl.RaftServerImpl (RaftServerImpl.java:setRole(173)) - 9e87f668-3d6b-4a03-b7be-4524552954d2@group-698563317D01: changes role from  FOLLOWER to CANDIDATE at term 0 for changeToCandidate
2019-10-25 03:59:05,807 [Thread-206] INFO  impl.RoleInfo (RoleInfo.java:updateAndGet(143)) - b79e3bf1-7438-438f-808c-2f805593d4c4: start LeaderElection
2019-10-25 03:59:05,808 [Thread-215] INFO  impl.RoleInfo (RoleInfo.java:updateAndGet(143)) - 9e87f668-3d6b-4a03-b7be-4524552954d2: start LeaderElection
2019-10-25 03:59:05,831 [b79e3bf1-7438-438f-808c-2f805593d4c4@group-5433A8D66994-LeaderElection7] INFO  impl.LeaderElection (LeaderElection.java:askForVotes(178)) - b79e3bf1-7438-438f-808c-2f805593d4c4@group-5433A8D66994-LeaderElection7: begin an election at term 1 for -1: [b79e3bf1-7438-438f-808c-2f805593d4c4:192.168.69.88:42175], old=null
2019-10-25 03:59:05,831 [2e9f0457-bccb-4301-8e0c-10b4fb6c14fa@group-698563317D01-LeaderElection3] INFO  impl.LeaderElection (LeaderElection.java:askForVotes(178)) - 2e9f0457-bccb-4301-8e0c-10b4fb6c14fa@group-698563317D01-LeaderElection3: begin an election at term 1 for -1: [9e87f668-3d6b-4a03-b7be-4524552954d2:192.168.69.88:41122, 1483ffd7-1556-42e9-9661-641add415bbb:192.168.69.88:38003, 2e9f0457-bccb-4301-8e0c-10b4fb6c14fa:192.168.69.88:40160], old=null
2019-10-25 03:59:05,833 [b79e3bf1-7438-438f-808c-2f805593d4c4@group-5433A8D66994-LeaderElection7] INFO  impl.RoleInfo (RoleInfo.java:shutdownLeaderElection(134)) - b79e3bf1-7438-438f-808c-2f805593d4c4: shutdown LeaderElection
2019-10-25 03:59:05,833 [9e87f668-3d6b-4a03-b7be-4524552954d2@group-698563317D01-LeaderElection8] INFO  impl.LeaderElection (LeaderElection.java:askForVotes(178)) - 9e87f668-3d6b-4a03-b7be-4524552954d2@group-698563317D01-LeaderElection8: begin an election at term 1 for -1: [9e87f668-3d6b-4a03-b7be-4524552954d2:192.168.69.88:41122, 1483ffd7-1556-42e9-9661-641add415bbb:192.168.69.88:38003, 2e9f0457-bccb-4301-8e0c-10b4fb6c14fa:192.168.69.88:40160], old=null
2019-10-25 03:59:05,833 [1483ffd7-1556-42e9-9661-641add415bbb@group-0CDD7692D260-LeaderElection5] INFO  impl.LeaderElection (LeaderElection.java:askForVotes(178)) - 1483ffd7-1556-42e9-9661-641add415bbb@group-0CDD7692D260-LeaderElection5: begin an election at term 1 for -1: [1483ffd7-1556-42e9-9661-641add415bbb:192.168.69.88:38003], old=null
2019-10-25 03:59:05,831 [2e9f0457-bccb-4301-8e0c-10b4fb6c14fa@group-B255CD6800B2-LeaderElection4] INFO  impl.LeaderElection (LeaderElection.java:askForVotes(178)) - 2e9f0457-bccb-4301-8e0c-10b4fb6c14fa@group-B255CD6800B2-LeaderElection4: begin an election at term 1 for -1: [2e9f0457-bccb-4301-8e0c-10b4fb6c14fa:192.168.69.88:40160], old=null
2019-10-25 03:59:05,833 [1483ffd7-1556-42e9-9661-641add415bbb@group-698563317D01-LeaderElection2] INFO  impl.LeaderElection (LeaderElection.java:askForVotes(178)) - 1483ffd7-1556-42e9-9661-641add415bbb@group-698563317D01-LeaderElection2: begin an election at term 1 for -1: [9e87f668-3d6b-4a03-b7be-4524552954d2:192.168.69.88:41122, 1483ffd7-1556-42e9-9661-641add415bbb:192.168.69.88:38003, 2e9f0457-bccb-4301-8e0c-10b4fb6c14fa:192.168.69.88:40160], old=null
2019-10-25 03:59:05,831 [9e87f668-3d6b-4a03-b7be-4524552954d2@group-F5C5C31F5FE0-LeaderElection6] INFO  impl.LeaderElection (LeaderElection.java:askForVotes(178)) - 9e87f668-3d6b-4a03-b7be-4524552954d2@group-F5C5C31F5FE0-LeaderElection6: begin an election at term 1 for -1: [9e87f668-3d6b-4a03-b7be-4524552954d2:192.168.69.88:41122], old=null
2019-10-25 03:59:05,834 [2e9f0457-bccb-4301-8e0c-10b4fb6c14fa@group-B255CD6800B2-LeaderElection4] INFO  impl.RoleInfo (RoleInfo.java:shutdownLeaderElection(134)) - 2e9f0457-bccb-4301-8e0c-10b4fb6c14fa: shutdown LeaderElection
2019-10-25 03:59:05,834 [1483ffd7-1556-42e9-9661-641add415bbb@group-0CDD7692D260-LeaderElection5] INFO  impl.RoleInfo (RoleInfo.java:shutdownLeaderElection(134)) - 1483ffd7-1556-42e9-9661-641add415bbb: shutdown LeaderElection
2019-10-25 03:59:05,833 [b79e3bf1-7438-438f-808c-2f805593d4c4@group-5433A8D66994-LeaderElection7] INFO  impl.RaftServerImpl (RaftServerImpl.java:setRole(173)) - b79e3bf1-7438-438f-808c-2f805593d4c4@group-5433A8D66994: changes role from CANDIDATE to LEADER at term 1 for changeToLeader
2019-10-25 03:59:05,834 [1483ffd7-1556-42e9-9661-641add415bbb@group-0CDD7692D260-LeaderElection5] INFO  impl.RaftServerImpl (RaftServerImpl.java:setRole(173)) - 1483ffd7-1556-42e9-9661-641add415bbb@group-0CDD7692D260: changes role from CANDIDATE to LEADER at term 1 for changeToLeader
2019-10-25 03:59:05,834 [2e9f0457-bccb-4301-8e0c-10b4fb6c14fa@group-B255CD6800B2-LeaderElection4] INFO  impl.RaftServerImpl (RaftServerImpl.java:setRole(173)) - 2e9f0457-bccb-4301-8e0c-10b4fb6c14fa@group-B255CD6800B2: changes role from CANDIDATE to LEADER at term 1 for changeToLeader
2019-10-25 03:59:05,834 [9e87f668-3d6b-4a03-b7be-4524552954d2@group-F5C5C31F5FE0-LeaderElection6] INFO  impl.RoleInfo (RoleInfo.java:shutdownLeaderElection(134)) - 9e87f668-3d6b-4a03-b7be-4524552954d2: shutdown LeaderElection
2019-10-25 03:59:05,835 [2e9f0457-bccb-4301-8e0c-10b4fb6c14fa@group-B255CD6800B2-LeaderElection4] INFO  impl.RaftServerImpl (ServerState.java:setLeader(255)) - 2e9f0457-bccb-4301-8e0c-10b4fb6c14fa@group-B255CD6800B2: change Leader from null to 2e9f0457-bccb-4301-8e0c-10b4fb6c14fa at term 1 for becomeLeader, leader elected after 5247ms
2019-10-25 03:59:05,835 [1483ffd7-1556-42e9-9661-641add415bbb@group-0CDD7692D260-LeaderElection5] INFO  impl.RaftServerImpl (ServerState.java:setLeader(255)) - 1483ffd7-1556-42e9-9661-641add415bbb@group-0CDD7692D260: change Leader from null to 1483ffd7-1556-42e9-9661-641add415bbb at term 1 for becomeLeader, leader elected after 5249ms
2019-10-25 03:59:05,834 [b79e3bf1-7438-438f-808c-2f805593d4c4@group-5433A8D66994-LeaderElection7] INFO  impl.RaftServerImpl (ServerState.java:setLeader(255)) - b79e3bf1-7438-438f-808c-2f805593d4c4@group-5433A8D66994: change Leader from null to b79e3bf1-7438-438f-808c-2f805593d4c4 at term 1 for becomeLeader, leader elected after 5246ms
2019-10-25 03:59:05,836 [1483ffd7-1556-42e9-9661-641add415bbb@group-0CDD7692D260-LeaderElection5] INFO  server.RaftServerConfigKeys (ConfUtils.java:logGet(43)) - raft.server.staging.catchup.gap = 1000 (default)
2019-10-25 03:59:05,836 [2e9f0457-bccb-4301-8e0c-10b4fb6c14fa@group-B255CD6800B2-LeaderElection4] INFO  server.RaftServerConfigKeys (ConfUtils.java:logGet(43)) - raft.server.staging.catchup.gap = 1000 (default)
2019-10-25 03:59:05,835 [9e87f668-3d6b-4a03-b7be-4524552954d2@group-F5C5C31F5FE0-LeaderElection6] INFO  impl.RaftServerImpl (RaftServerImpl.java:setRole(173)) - 9e87f668-3d6b-4a03-b7be-4524552954d2@group-F5C5C31F5FE0: changes role from CANDIDATE to LEADER at term 1 for changeToLeader
2019-10-25 03:59:05,837 [2e9f0457-bccb-4301-8e0c-10b4fb6c14fa@group-B255CD6800B2-LeaderElection4] INFO  server.RaftServerConfigKeys (ConfUtils.java:logGet(43)) - raft.server.rpc.sleep.time = 25ms (default)
2019-10-25 03:59:05,837 [1483ffd7-1556-42e9-9661-641add415bbb@group-0CDD7692D260-LeaderElection5] INFO  server.RaftServerConfigKeys (ConfUtils.java:logGet(43)) - raft.server.rpc.sleep.time = 25ms (default)
2019-10-25 03:59:05,837 [b79e3bf1-7438-438f-808c-2f805593d4c4@group-5433A8D66994-LeaderElection7] INFO  server.RaftServerConfigKeys (ConfUtils.java:logGet(43)) - raft.server.staging.catchup.gap = 1000 (default)
2019-10-25 03:59:05,838 [1483ffd7-1556-42e9-9661-641add415bbb@group-0CDD7692D260-LeaderElection5] INFO  server.RaftServerConfigKeys (ConfUtils.java:logGet(43)) - raft.server.write.element-limit = 4096 (default)
2019-10-25 03:59:05,837 [2e9f0457-bccb-4301-8e0c-10b4fb6c14fa@group-B255CD6800B2-LeaderElection4] INFO  server.RaftServerConfigKeys (ConfUtils.java:logGet(43)) - raft.server.write.element-limit = 4096 (default)
2019-10-25 03:59:05,837 [9e87f668-3d6b-4a03-b7be-4524552954d2@group-F5C5C31F5FE0-LeaderElection6] INFO  impl.RaftServerImpl (ServerState.java:setLeader(255)) - 9e87f668-3d6b-4a03-b7be-4524552954d2@group-F5C5C31F5FE0: change Leader from null to 9e87f668-3d6b-4a03-b7be-4524552954d2 at term 1 for becomeLeader, leader elected after 5249ms
2019-10-25 03:59:05,838 [2e9f0457-bccb-4301-8e0c-10b4fb6c14fa@group-B255CD6800B2-LeaderElection4] INFO  server.RaftServerConfigKeys (ConfUtils.java:logGet(43)) - raft.server.watch.timeout = 10s (default)
2019-10-25 03:59:05,838 [1483ffd7-1556-42e9-9661-641add415bbb@group-0CDD7692D260-LeaderElection5] INFO  server.RaftServerConfigKeys (ConfUtils.java:logGet(43)) - raft.server.watch.timeout = 10s (default)
2019-10-25 03:59:05,838 [b79e3bf1-7438-438f-808c-2f805593d4c4@group-5433A8D66994-LeaderElection7] INFO  server.RaftServerConfigKeys (ConfUtils.java:logGet(43)) - raft.server.rpc.sleep.time = 25ms (default)
2019-10-25 03:59:05,838 [1483ffd7-1556-42e9-9661-641add415bbb@group-0CDD7692D260-LeaderElection5] INFO  server.RaftServerConfigKeys (ConfUtils.java:logGet(43)) - raft.server.watch.timeout.denomination = 1s (default)
2019-10-25 03:59:05,839 [b79e3bf1-7438-438f-808c-2f805593d4c4@group-5433A8D66994-LeaderElection7] INFO  server.RaftServerConfigKeys (ConfUtils.java:logGet(43)) - raft.server.write.element-limit = 4096 (default)
2019-10-25 03:59:05,838 [2e9f0457-bccb-4301-8e0c-10b4fb6c14fa@group-B255CD6800B2-LeaderElection4] INFO  server.RaftServerConfigKeys (ConfUtils.java:logGet(43)) - raft.server.watch.timeout.denomination = 1s (default)
2019-10-25 03:59:05,838 [9e87f668-3d6b-4a03-b7be-4524552954d2@group-F5C5C31F5FE0-LeaderElection6] INFO  server.RaftServerConfigKeys (ConfUtils.java:logGet(43)) - raft.server.staging.catchup.gap = 1000 (default)
2019-10-25 03:59:05,839 [2e9f0457-bccb-4301-8e0c-10b4fb6c14fa@group-B255CD6800B2-LeaderElection4] INFO  server.RaftServerConfigKeys (ConfUtils.java:logGet(43)) - raft.server.watch.element-limit = 65536 (default)
2019-10-25 03:59:05,839 [b79e3bf1-7438-438f-808c-2f805593d4c4@group-5433A8D66994-LeaderElection7] INFO  server.RaftServerConfigKeys (ConfUtils.java:logGet(43)) - raft.server.watch.timeout = 10s (default)
2019-10-25 03:59:05,839 [1483ffd7-1556-42e9-9661-641add415bbb@group-0CDD7692D260-LeaderElection5] INFO  server.RaftServerConfigKeys (ConfUtils.java:logGet(43)) - raft.server.watch.element-limit = 65536 (default)
2019-10-25 03:59:05,839 [2e9f0457-bccb-4301-8e0c-10b4fb6c14fa@group-B255CD6800B2-LeaderElection4] INFO  impl.RoleInfo (RoleInfo.java:updateAndGet(143)) - 2e9f0457-bccb-4301-8e0c-10b4fb6c14fa: start LeaderState
2019-10-25 03:59:05,839 [b79e3bf1-7438-438f-808c-2f805593d4c4@group-5433A8D66994-LeaderElection7] INFO  server.RaftServerConfigKeys (ConfUtils.java:logGet(43)) - raft.server.watch.timeout.denomination = 1s (default)
2019-10-25 03:59:05,839 [9e87f668-3d6b-4a03-b7be-4524552954d2@group-F5C5C31F5FE0-LeaderElection6] INFO  server.RaftServerConfigKeys (ConfUtils.java:logGet(43)) - raft.server.rpc.sleep.time = 25ms (default)
2019-10-25 03:59:05,840 [2e9f0457-bccb-4301-8e0c-10b4fb6c14fa@group-B255CD6800B2-LeaderElection4] INFO  segmented.SegmentedRaftLogWorker (SegmentedRaftLogWorker.java:startLogSegment(385)) - 2e9f0457-bccb-4301-8e0c-10b4fb6c14fa@group-B255CD6800B2-SegmentedRaftLogWorker: Starting segment from index:0
2019-10-25 03:59:05,840 [9e87f668-3d6b-4a03-b7be-4524552954d2@group-F5C5C31F5FE0-LeaderElection6] INFO  server.RaftServerConfigKeys (ConfUtils.java:logGet(43)) - raft.server.write.element-limit = 4096 (default)
2019-10-25 03:59:05,840 [b79e3bf1-7438-438f-808c-2f805593d4c4@group-5433A8D66994-LeaderElection7] INFO  server.RaftServerConfigKeys (ConfUtils.java:logGet(43)) - raft.server.watch.element-limit = 65536 (default)
2019-10-25 03:59:05,839 [1483ffd7-1556-42e9-9661-641add415bbb@group-0CDD7692D260-LeaderElection5] INFO  impl.RoleInfo (RoleInfo.java:updateAndGet(143)) - 1483ffd7-1556-42e9-9661-641add415bbb: start LeaderState
2019-10-25 03:59:05,840 [9e87f668-3d6b-4a03-b7be-4524552954d2@group-F5C5C31F5FE0-LeaderElection6] INFO  server.RaftServerConfigKeys (ConfUtils.java:logGet(43)) - raft.server.watch.timeout = 10s (default)
2019-10-25 03:59:05,840 [b79e3bf1-7438-438f-808c-2f805593d4c4@group-5433A8D66994-LeaderElection7] INFO  impl.RoleInfo (RoleInfo.java:updateAndGet(143)) - b79e3bf1-7438-438f-808c-2f805593d4c4: start LeaderState
2019-10-25 03:59:05,840 [9e87f668-3d6b-4a03-b7be-4524552954d2@group-F5C5C31F5FE0-LeaderElection6] INFO  server.RaftServerConfigKeys (ConfUtils.java:logGet(43)) - raft.server.watch.timeout.denomination = 1s (default)
2019-10-25 03:59:05,840 [1483ffd7-1556-42e9-9661-641add415bbb@group-0CDD7692D260-LeaderElection5] INFO  segmented.SegmentedRaftLogWorker (SegmentedRaftLogWorker.java:startLogSegment(385)) - 1483ffd7-1556-42e9-9661-641add415bbb@group-0CDD7692D260-SegmentedRaftLogWorker: Starting segment from index:0
2019-10-25 03:59:05,840 [2e9f0457-bccb-4301-8e0c-10b4fb6c14fa@group-B255CD6800B2-LeaderElection4] INFO  impl.RaftServerImpl (ServerState.java:setRaftConf(356)) - 2e9f0457-bccb-4301-8e0c-10b4fb6c14fa@group-B255CD6800B2: set configuration 0: [2e9f0457-bccb-4301-8e0c-10b4fb6c14fa:192.168.69.88:40160], old=null at 0
2019-10-25 03:59:05,841 [9e87f668-3d6b-4a03-b7be-4524552954d2@group-F5C5C31F5FE0-LeaderElection6] INFO  server.RaftServerConfigKeys (ConfUtils.java:logGet(43)) - raft.server.watch.element-limit = 65536 (default)
2019-10-25 03:59:05,841 [b79e3bf1-7438-438f-808c-2f805593d4c4@group-5433A8D66994-LeaderElection7] INFO  segmented.SegmentedRaftLogWorker (SegmentedRaftLogWorker.java:startLogSegment(385)) - b79e3bf1-7438-438f-808c-2f805593d4c4@group-5433A8D66994-SegmentedRaftLogWorker: Starting segment from index:0
2019-10-25 03:59:05,864 [9e87f668-3d6b-4a03-b7be-4524552954d2@group-F5C5C31F5FE0-LeaderElection6] INFO  impl.RoleInfo (RoleInfo.java:updateAndGet(143)) - 9e87f668-3d6b-4a03-b7be-4524552954d2: start LeaderState
2019-10-25 03:59:05,864 [1483ffd7-1556-42e9-9661-641add415bbb@group-0CDD7692D260-LeaderElection5] INFO  impl.RaftServerImpl (ServerState.java:setRaftConf(356)) - 1483ffd7-1556-42e9-9661-641add415bbb@group-0CDD7692D260: set configuration 0: [1483ffd7-1556-42e9-9661-641add415bbb:192.168.69.88:38003], old=null at 0
2019-10-25 03:59:05,864 [9e87f668-3d6b-4a03-b7be-4524552954d2@group-F5C5C31F5FE0-LeaderElection6] INFO  segmented.SegmentedRaftLogWorker (SegmentedRaftLogWorker.java:startLogSegment(385)) - 9e87f668-3d6b-4a03-b7be-4524552954d2@group-F5C5C31F5FE0-SegmentedRaftLogWorker: Starting segment from index:0
2019-10-25 03:59:05,895 [2e9f0457-bccb-4301-8e0c-10b4fb6c14fa@group-B255CD6800B2-SegmentedRaftLogWorker] INFO  segmented.SegmentedRaftLogWorker (SegmentedRaftLogWorker.java:execute(576)) - 2e9f0457-bccb-4301-8e0c-10b4fb6c14fa@group-B255CD6800B2-SegmentedRaftLogWorker: created new log segment /workdir/hadoop-ozone/integration-test/target/test-dir/MiniOzoneClusterImpl-7dd9eb76-e729-491b-adf7-f704faccfc31/datanode-2/data/ratis/df376db9-0d33-4703-8457-b255cd6800b2/current/log_inprogress_0
2019-10-25 03:59:05,895 [b79e3bf1-7438-438f-808c-2f805593d4c4@group-5433A8D66994-LeaderElection7] INFO  impl.RaftServerImpl (ServerState.java:setRaftConf(356)) - b79e3bf1-7438-438f-808c-2f805593d4c4@group-5433A8D66994: set configuration 0: [b79e3bf1-7438-438f-808c-2f805593d4c4:192.168.69.88:42175], old=null at 0
2019-10-25 03:59:05,923 [1483ffd7-1556-42e9-9661-641add415bbb@group-0CDD7692D260-SegmentedRaftLogWorker] INFO  segmented.SegmentedRaftLogWorker (SegmentedRaftLogWorker.java:execute(576)) - 1483ffd7-1556-42e9-9661-641add415bbb@group-0CDD7692D260-SegmentedRaftLogWorker: created new log segment /workdir/hadoop-ozone/integration-test/target/test-dir/MiniOzoneClusterImpl-7dd9eb76-e729-491b-adf7-f704faccfc31/datanode-0/data/ratis/5950821c-d8d7-4ac3-a884-0cdd7692d260/current/log_inprogress_0
2019-10-25 03:59:05,923 [9e87f668-3d6b-4a03-b7be-4524552954d2@group-F5C5C31F5FE0-LeaderElection6] INFO  impl.RaftServerImpl (ServerState.java:setRaftConf(356)) - 9e87f668-3d6b-4a03-b7be-4524552954d2@group-F5C5C31F5FE0: set configuration 0: [9e87f668-3d6b-4a03-b7be-4524552954d2:192.168.69.88:41122], old=null at 0
2019-10-25 03:59:05,958 [b79e3bf1-7438-438f-808c-2f805593d4c4@group-5433A8D66994-SegmentedRaftLogWorker] INFO  segmented.SegmentedRaftLogWorker (SegmentedRaftLogWorker.java:execute(576)) - b79e3bf1-7438-438f-808c-2f805593d4c4@group-5433A8D66994-SegmentedRaftLogWorker: created new log segment /workdir/hadoop-ozone/integration-test/target/test-dir/MiniOzoneClusterImpl-7dd9eb76-e729-491b-adf7-f704faccfc31/datanode-3/data/ratis/a4ce9fba-8e1a-43e7-822d-5433a8d66994/current/log_inprogress_0
2019-10-25 03:59:05,970 [9e87f668-3d6b-4a03-b7be-4524552954d2@group-F5C5C31F5FE0-SegmentedRaftLogWorker] INFO  segmented.SegmentedRaftLogWorker (SegmentedRaftLogWorker.java:execute(576)) - 9e87f668-3d6b-4a03-b7be-4524552954d2@group-F5C5C31F5FE0-SegmentedRaftLogWorker: created new log segment /workdir/hadoop-ozone/integration-test/target/test-dir/MiniOzoneClusterImpl-7dd9eb76-e729-491b-adf7-f704faccfc31/datanode-1/data/ratis/ff3dc3b6-37dd-468b-926b-f5c5c31f5fe0/current/log_inprogress_0
2019-10-25 03:59:06,359 [1483ffd7-1556-42e9-9661-641add415bbb@group-698563317D01-LeaderElection2] INFO  impl.LeaderElection (LeaderElection.java:logAndReturn(56)) - 1483ffd7-1556-42e9-9661-641add415bbb@group-698563317D01-LeaderElection2: Election REJECTED; received 2 response(s) [1483ffd7-1556-42e9-9661-641add415bbb<-9e87f668-3d6b-4a03-b7be-4524552954d2#0:FAIL-t1, 1483ffd7-1556-42e9-9661-641add415bbb<-2e9f0457-bccb-4301-8e0c-10b4fb6c14fa#0:FAIL-t1] and 0 exception(s); 1483ffd7-1556-42e9-9661-641add415bbb@group-698563317D01:t1, leader=null, voted=1483ffd7-1556-42e9-9661-641add415bbb, raftlog=1483ffd7-1556-42e9-9661-641add415bbb@group-698563317D01-SegmentedRaftLog:OPENED:c-1,f-1,i0, conf=-1: [9e87f668-3d6b-4a03-b7be-4524552954d2:192.168.69.88:41122, 1483ffd7-1556-42e9-9661-641add415bbb:192.168.69.88:38003, 2e9f0457-bccb-4301-8e0c-10b4fb6c14fa:192.168.69.88:40160], old=null
2019-10-25 03:59:06,359 [2e9f0457-bccb-4301-8e0c-10b4fb6c14fa@group-698563317D01-LeaderElection3] INFO  impl.LeaderElection (LeaderElection.java:logAndReturn(56)) - 2e9f0457-bccb-4301-8e0c-10b4fb6c14fa@group-698563317D01-LeaderElection3: Election REJECTED; received 2 response(s) [2e9f0457-bccb-4301-8e0c-10b4fb6c14fa<-9e87f668-3d6b-4a03-b7be-4524552954d2#0:FAIL-t1, 2e9f0457-bccb-4301-8e0c-10b4fb6c14fa<-1483ffd7-1556-42e9-9661-641add415bbb#0:FAIL-t1] and 0 exception(s); 2e9f0457-bccb-4301-8e0c-10b4fb6c14fa@group-698563317D01:t1, leader=null, voted=2e9f0457-bccb-4301-8e0c-10b4fb6c14fa, raftlog=2e9f0457-bccb-4301-8e0c-10b4fb6c14fa@group-698563317D01-SegmentedRaftLog:OPENED:c-1,f-1,i0, conf=-1: [9e87f668-3d6b-4a03-b7be-4524552954d2:192.168.69.88:41122, 1483ffd7-1556-42e9-9661-641add415bbb:192.168.69.88:38003, 2e9f0457-bccb-4301-8e0c-10b4fb6c14fa:192.168.69.88:40160], old=null
2019-10-25 03:59:06,360 [1483ffd7-1556-42e9-9661-641add415bbb@group-698563317D01-LeaderElection2] INFO  impl.RaftServerImpl (RaftServerImpl.java:setRole(173)) - 1483ffd7-1556-42e9-9661-641add415bbb@group-698563317D01: changes role from CANDIDATE to FOLLOWER at term 1 for DISCOVERED_A_NEW_TERM
2019-10-25 03:59:06,363 [1483ffd7-1556-42e9-9661-641add415bbb@group-698563317D01-LeaderElection2] INFO  impl.RoleInfo (RoleInfo.java:shutdownLeaderElection(134)) - 1483ffd7-1556-42e9-9661-641add415bbb: shutdown LeaderElection
2019-10-25 03:59:06,360 [2e9f0457-bccb-4301-8e0c-10b4fb6c14fa@group-698563317D01-LeaderElection3] INFO  impl.RaftServerImpl (RaftServerImpl.java:setRole(173)) - 2e9f0457-bccb-4301-8e0c-10b4fb6c14fa@group-698563317D01: changes role from CANDIDATE to FOLLOWER at term 1 for DISCOVERED_A_NEW_TERM
2019-10-25 03:59:06,364 [1483ffd7-1556-42e9-9661-641add415bbb@group-698563317D01-LeaderElection2] INFO  impl.RoleInfo (RoleInfo.java:updateAndGet(143)) - 1483ffd7-1556-42e9-9661-641add415bbb: start FollowerState
2019-10-25 03:59:06,363 [9e87f668-3d6b-4a03-b7be-4524552954d2@group-698563317D01-LeaderElection8] INFO  impl.LeaderElection (LeaderElection.java:logAndReturn(56)) - 9e87f668-3d6b-4a03-b7be-4524552954d2@group-698563317D01-LeaderElection8: Election REJECTED; received 2 response(s) [9e87f668-3d6b-4a03-b7be-4524552954d2<-1483ffd7-1556-42e9-9661-641add415bbb#0:FAIL-t1, 9e87f668-3d6b-4a03-b7be-4524552954d2<-2e9f0457-bccb-4301-8e0c-10b4fb6c14fa#0:FAIL-t1] and 0 exception(s); 9e87f668-3d6b-4a03-b7be-4524552954d2@group-698563317D01:t1, leader=null, voted=9e87f668-3d6b-4a03-b7be-4524552954d2, raftlog=9e87f668-3d6b-4a03-b7be-4524552954d2@group-698563317D01-SegmentedRaftLog:OPENED:c-1,f-1,i0, conf=-1: [9e87f668-3d6b-4a03-b7be-4524552954d2:192.168.69.88:41122, 1483ffd7-1556-42e9-9661-641add415bbb:192.168.69.88:38003, 2e9f0457-bccb-4301-8e0c-10b4fb6c14fa:192.168.69.88:40160], old=null
2019-10-25 03:59:06,364 [2e9f0457-bccb-4301-8e0c-10b4fb6c14fa@group-698563317D01-LeaderElection3] INFO  impl.RoleInfo (RoleInfo.java:shutdownLeaderElection(134)) - 2e9f0457-bccb-4301-8e0c-10b4fb6c14fa: shutdown LeaderElection
2019-10-25 03:59:06,365 [9e87f668-3d6b-4a03-b7be-4524552954d2@group-698563317D01-LeaderElection8] INFO  impl.RaftServerImpl (RaftServerImpl.java:setRole(173)) - 9e87f668-3d6b-4a03-b7be-4524552954d2@group-698563317D01: changes role from CANDIDATE to FOLLOWER at term 1 for DISCOVERED_A_NEW_TERM
2019-10-25 03:59:06,366 [2e9f0457-bccb-4301-8e0c-10b4fb6c14fa@group-698563317D01-LeaderElection3] INFO  impl.RoleInfo (RoleInfo.java:updateAndGet(143)) - 2e9f0457-bccb-4301-8e0c-10b4fb6c14fa: start FollowerState
2019-10-25 03:59:06,367 [9e87f668-3d6b-4a03-b7be-4524552954d2@group-698563317D01-LeaderElection8] INFO  impl.RoleInfo (RoleInfo.java:shutdownLeaderElection(134)) - 9e87f668-3d6b-4a03-b7be-4524552954d2: shutdown LeaderElection
2019-10-25 03:59:06,367 [9e87f668-3d6b-4a03-b7be-4524552954d2@group-698563317D01-LeaderElection8] INFO  impl.RoleInfo (RoleInfo.java:updateAndGet(143)) - 9e87f668-3d6b-4a03-b7be-4524552954d2: start FollowerState
2019-10-25 03:59:11,466 [Thread-246] INFO  impl.FollowerState (FollowerState.java:run(111)) - 9e87f668-3d6b-4a03-b7be-4524552954d2@group-698563317D01-FollowerState: change to CANDIDATE, lastRpcTime:5099ms, electionTimeout:5097ms
2019-10-25 03:59:11,466 [Thread-246] INFO  impl.RoleInfo (RoleInfo.java:shutdownFollowerState(121)) - 9e87f668-3d6b-4a03-b7be-4524552954d2: shutdown FollowerState
2019-10-25 03:59:11,467 [Thread-246] INFO  impl.RaftServerImpl (RaftServerImpl.java:setRole(173)) - 9e87f668-3d6b-4a03-b7be-4524552954d2@group-698563317D01: changes role from  FOLLOWER to CANDIDATE at term 1 for changeToCandidate
2019-10-25 03:59:11,467 [Thread-246] INFO  impl.RoleInfo (RoleInfo.java:updateAndGet(143)) - 9e87f668-3d6b-4a03-b7be-4524552954d2: start LeaderElection
2019-10-25 03:59:11,523 [Thread-244] INFO  impl.FollowerState (FollowerState.java:run(111)) - 1483ffd7-1556-42e9-9661-641add415bbb@group-698563317D01-FollowerState: change to CANDIDATE, lastRpcTime:5158ms, electionTimeout:5156ms
2019-10-25 03:59:11,523 [Thread-244] INFO  impl.RoleInfo (RoleInfo.java:shutdownFollowerState(121)) - 1483ffd7-1556-42e9-9661-641add415bbb: shutdown FollowerState
2019-10-25 03:59:11,523 [Thread-244] INFO  impl.RaftServerImpl (RaftServerImpl.java:setRole(173)) - 1483ffd7-1556-42e9-9661-641add415bbb@group-698563317D01: changes role from  FOLLOWER to CANDIDATE at term 1 for changeToCandidate
2019-10-25 03:59:11,523 [Thread-244] INFO  impl.RoleInfo (RoleInfo.java:updateAndGet(143)) - 1483ffd7-1556-42e9-9661-641add415bbb: start LeaderElection
2019-10-25 03:59:11,525 [9e87f668-3d6b-4a03-b7be-4524552954d2@group-698563317D01-LeaderElection9] INFO  impl.LeaderElection (LeaderElection.java:askForVotes(178)) - 9e87f668-3d6b-4a03-b7be-4524552954d2@group-698563317D01-LeaderElection9: begin an election at term 2 for -1: [9e87f668-3d6b-4a03-b7be-4524552954d2:192.168.69.88:41122, 1483ffd7-1556-42e9-9661-641add415bbb:192.168.69.88:38003, 2e9f0457-bccb-4301-8e0c-10b4fb6c14fa:192.168.69.88:40160], old=null
2019-10-25 03:59:11,530 [grpc-default-executor-6] INFO  impl.RaftServerImpl (RaftServerImpl.java:setRole(173)) - 2e9f0457-bccb-4301-8e0c-10b4fb6c14fa@group-698563317D01: changes role from  FOLLOWER to FOLLOWER at term 2 for recognizeCandidate:9e87f668-3d6b-4a03-b7be-4524552954d2
2019-10-25 03:59:11,530 [grpc-default-executor-6] INFO  impl.RoleInfo (RoleInfo.java:shutdownFollowerState(121)) - 2e9f0457-bccb-4301-8e0c-10b4fb6c14fa: shutdown FollowerState
2019-10-25 03:59:11,530 [grpc-default-executor-6] INFO  impl.RoleInfo (RoleInfo.java:updateAndGet(143)) - 2e9f0457-bccb-4301-8e0c-10b4fb6c14fa: start FollowerState
2019-10-25 03:59:11,531 [Thread-245] INFO  impl.FollowerState (FollowerState.java:run(120)) - 2e9f0457-bccb-4301-8e0c-10b4fb6c14fa@group-698563317D01-FollowerState was interrupted: java.lang.InterruptedException: sleep interrupted
2019-10-25 03:59:11,538 [1483ffd7-1556-42e9-9661-641add415bbb@group-698563317D01-LeaderElection10] INFO  impl.LeaderElection (LeaderElection.java:askForVotes(178)) - 1483ffd7-1556-42e9-9661-641add415bbb@group-698563317D01-LeaderElection10: begin an election at term 2 for -1: [9e87f668-3d6b-4a03-b7be-4524552954d2:192.168.69.88:41122, 1483ffd7-1556-42e9-9661-641add415bbb:192.168.69.88:38003, 2e9f0457-bccb-4301-8e0c-10b4fb6c14fa:192.168.69.88:40160], old=null
2019-10-25 03:59:11,540 [9e87f668-3d6b-4a03-b7be-4524552954d2@group-698563317D01-LeaderElection9] INFO  impl.LeaderElection (LeaderElection.java:logAndReturn(56)) - 9e87f668-3d6b-4a03-b7be-4524552954d2@group-698563317D01-LeaderElection9: Election PASSED; received 1 response(s) [9e87f668-3d6b-4a03-b7be-4524552954d2<-2e9f0457-bccb-4301-8e0c-10b4fb6c14fa#0:OK-t2] and 0 exception(s); 9e87f668-3d6b-4a03-b7be-4524552954d2@group-698563317D01:t2, leader=null, voted=9e87f668-3d6b-4a03-b7be-4524552954d2, raftlog=9e87f668-3d6b-4a03-b7be-4524552954d2@group-698563317D01-SegmentedRaftLog:OPENED:c-1,f-1,i0, conf=-1: [9e87f668-3d6b-4a03-b7be-4524552954d2:192.168.69.88:41122, 1483ffd7-1556-42e9-9661-641add415bbb:192.168.69.88:38003, 2e9f0457-bccb-4301-8e0c-10b4fb6c14fa:192.168.69.88:40160], old=null
2019-10-25 03:59:11,542 [9e87f668-3d6b-4a03-b7be-4524552954d2@group-698563317D01-LeaderElection9] INFO  impl.RoleInfo (RoleInfo.java:shutdownLeaderElection(134)) - 9e87f668-3d6b-4a03-b7be-4524552954d2: shutdown LeaderElection
2019-10-25 03:59:11,547 [9e87f668-3d6b-4a03-b7be-4524552954d2@group-698563317D01-LeaderElection9] INFO  impl.RaftServerImpl (RaftServerImpl.java:setRole(173)) - 9e87f668-3d6b-4a03-b7be-4524552954d2@group-698563317D01: changes role from CANDIDATE to LEADER at term 2 for changeToLeader
2019-10-25 03:59:11,547 [9e87f668-3d6b-4a03-b7be-4524552954d2@group-698563317D01-LeaderElection9] INFO  impl.RaftServerImpl (ServerState.java:setLeader(255)) - 9e87f668-3d6b-4a03-b7be-4524552954d2@group-698563317D01: change Leader from null to 9e87f668-3d6b-4a03-b7be-4524552954d2 at term 2 for becomeLeader, leader elected after 10904ms
2019-10-25 03:59:11,548 [9e87f668-3d6b-4a03-b7be-4524552954d2@group-698563317D01-LeaderElection9] INFO  server.RaftServerConfigKeys (ConfUtils.java:logGet(43)) - raft.server.staging.catchup.gap = 1000 (default)
2019-10-25 03:59:11,548 [9e87f668-3d6b-4a03-b7be-4524552954d2@group-698563317D01-LeaderElection9] INFO  server.RaftServerConfigKeys (ConfUtils.java:logGet(43)) - raft.server.rpc.sleep.time = 25ms (default)
2019-10-25 03:59:11,549 [9e87f668-3d6b-4a03-b7be-4524552954d2@group-698563317D01-LeaderElection9] INFO  server.RaftServerConfigKeys (ConfUtils.java:logGet(43)) - raft.server.write.element-limit = 4096 (default)
2019-10-25 03:59:11,550 [9e87f668-3d6b-4a03-b7be-4524552954d2@group-698563317D01-LeaderElection9] INFO  server.RaftServerConfigKeys (ConfUtils.java:logGet(43)) - raft.server.watch.timeout = 10s (default)
2019-10-25 03:59:11,550 [9e87f668-3d6b-4a03-b7be-4524552954d2@group-698563317D01-LeaderElection9] INFO  server.RaftServerConfigKeys (ConfUtils.java:logGet(43)) - raft.server.watch.timeout.denomination = 1s (default)
2019-10-25 03:59:11,550 [9e87f668-3d6b-4a03-b7be-4524552954d2@group-698563317D01-LeaderElection9] INFO  server.RaftServerConfigKeys (ConfUtils.java:logGet(43)) - raft.server.watch.element-limit = 65536 (default)
2019-10-25 03:59:11,557 [9e87f668-3d6b-4a03-b7be-4524552954d2@group-698563317D01-LeaderElection9] INFO  server.RaftServerConfigKeys (ConfUtils.java:logGet(43)) - raft.server.log.appender.snapshot.chunk.size.max = 16MB (=16777216) (default)
2019-10-25 03:59:11,557 [9e87f668-3d6b-4a03-b7be-4524552954d2@group-698563317D01-LeaderElection9] INFO  server.RaftServerConfigKeys (ConfUtils.java:logGet(43)) - raft.server.log.appender.buffer.byte-limit = 33554432 (custom)
2019-10-25 03:59:11,558 [9e87f668-3d6b-4a03-b7be-4524552954d2@group-698563317D01-LeaderElection9] INFO  server.RaftServerConfigKeys (ConfUtils.java:logGet(43)) - raft.server.log.appender.buffer.element-limit = 1 (custom)
2019-10-25 03:59:11,566 [9e87f668-3d6b-4a03-b7be-4524552954d2@group-698563317D01-LeaderElection9] INFO  grpc.GrpcConfigKeys$Server (ConfUtils.java:logGet(43)) - raft.grpc.server.leader.outstanding.appends.max = 128 (default)
2019-10-25 03:59:11,566 [9e87f668-3d6b-4a03-b7be-4524552954d2@group-698563317D01-LeaderElection9] INFO  server.RaftServerConfigKeys (ConfUtils.java:logGet(43)) - raft.server.rpc.request.timeout = 3000ms (default)
2019-10-25 03:59:11,567 [9e87f668-3d6b-4a03-b7be-4524552954d2@group-698563317D01-LeaderElection9] INFO  server.RaftServerConfigKeys (ConfUtils.java:logGet(43)) - raft.server.log.appender.install.snapshot.enabled = false (custom)
2019-10-25 03:59:11,569 [9e87f668-3d6b-4a03-b7be-4524552954d2@group-698563317D01-LeaderElection9] WARN  impl.MetricRegistriesImpl (MetricRegistriesImpl.java:lambda$create$1(61)) - First MetricRegistry has been created without registering reporters. You may need to call MetricRegistries.global().addReportRegistration(...) before.
2019-10-25 03:59:11,570 [9e87f668-3d6b-4a03-b7be-4524552954d2@group-698563317D01-LeaderElection9] INFO  server.RaftServerConfigKeys (ConfUtils.java:logGet(43)) - raft.server.log.appender.snapshot.chunk.size.max = 16MB (=16777216) (default)
2019-10-25 03:59:11,571 [9e87f668-3d6b-4a03-b7be-4524552954d2@group-698563317D01-LeaderElection9] INFO  server.RaftServerConfigKeys (ConfUtils.java:logGet(43)) - raft.server.log.appender.buffer.byte-limit = 33554432 (custom)
2019-10-25 03:59:11,571 [9e87f668-3d6b-4a03-b7be-4524552954d2@group-698563317D01-LeaderElection9] INFO  server.RaftServerConfigKeys (ConfUtils.java:logGet(43)) - raft.server.log.appender.buffer.element-limit = 1 (custom)
2019-10-25 03:59:11,571 [9e87f668-3d6b-4a03-b7be-4524552954d2@group-698563317D01-LeaderElection9] INFO  grpc.GrpcConfigKeys$Server (ConfUtils.java:logGet(43)) - raft.grpc.server.leader.outstanding.appends.max = 128 (default)
2019-10-25 03:59:11,572 [9e87f668-3d6b-4a03-b7be-4524552954d2@group-698563317D01-LeaderElection9] INFO  server.RaftServerConfigKeys (ConfUtils.java:logGet(43)) - raft.server.rpc.request.timeout = 3000ms (default)
2019-10-25 03:59:11,572 [9e87f668-3d6b-4a03-b7be-4524552954d2@group-698563317D01-LeaderElection9] INFO  server.RaftServerConfigKeys (ConfUtils.java:logGet(43)) - raft.server.log.appender.install.snapshot.enabled = false (custom)
2019-10-25 03:59:11,574 [9e87f668-3d6b-4a03-b7be-4524552954d2@group-698563317D01-LeaderElection9] INFO  impl.RoleInfo (RoleInfo.java:updateAndGet(143)) - 9e87f668-3d6b-4a03-b7be-4524552954d2: start LeaderState
2019-10-25 03:59:11,574 [9e87f668-3d6b-4a03-b7be-4524552954d2@group-698563317D01-LeaderElection9] INFO  segmented.SegmentedRaftLogWorker (SegmentedRaftLogWorker.java:startLogSegment(385)) - 9e87f668-3d6b-4a03-b7be-4524552954d2@group-698563317D01-SegmentedRaftLogWorker: Starting segment from index:0
2019-10-25 03:59:11,575 [9e87f668-3d6b-4a03-b7be-4524552954d2@group-698563317D01-LeaderElection9] INFO  impl.RaftServerImpl (ServerState.java:setRaftConf(356)) - 9e87f668-3d6b-4a03-b7be-4524552954d2@group-698563317D01: set configuration 0: [9e87f668-3d6b-4a03-b7be-4524552954d2:192.168.69.88:41122, 1483ffd7-1556-42e9-9661-641add415bbb:192.168.69.88:38003, 2e9f0457-bccb-4301-8e0c-10b4fb6c14fa:192.168.69.88:40160], old=null at 0
2019-10-25 03:59:11,601 [grpc-default-executor-1] INFO  impl.RaftServerImpl (RaftServerImpl.java:requestVote(776)) - 9e87f668-3d6b-4a03-b7be-4524552954d2@group-698563317D01-   LEADER: Withhold vote from candidate 1483ffd7-1556-42e9-9661-641add415bbb with term 2. State: leader=9e87f668-3d6b-4a03-b7be-4524552954d2, term=2, lastRpcElapsed=null
2019-10-25 03:59:11,609 [1483ffd7-1556-42e9-9661-641add415bbb@group-698563317D01-LeaderElection10] INFO  impl.LeaderElection (LeaderElection.java:logAndReturn(56)) - 1483ffd7-1556-42e9-9661-641add415bbb@group-698563317D01-LeaderElection10: Election REJECTED; received 2 response(s) [1483ffd7-1556-42e9-9661-641add415bbb<-9e87f668-3d6b-4a03-b7be-4524552954d2#0:FAIL-t2, 1483ffd7-1556-42e9-9661-641add415bbb<-2e9f0457-bccb-4301-8e0c-10b4fb6c14fa#0:FAIL-t2] and 0 exception(s); 1483ffd7-1556-42e9-9661-641add415bbb@group-698563317D01:t2, leader=null, voted=1483ffd7-1556-42e9-9661-641add415bbb, raftlog=1483ffd7-1556-42e9-9661-641add415bbb@group-698563317D01-SegmentedRaftLog:OPENED:c-1,f-1,i0, conf=-1: [9e87f668-3d6b-4a03-b7be-4524552954d2:192.168.69.88:41122, 1483ffd7-1556-42e9-9661-641add415bbb:192.168.69.88:38003, 2e9f0457-bccb-4301-8e0c-10b4fb6c14fa:192.168.69.88:40160], old=null
2019-10-25 03:59:11,609 [1483ffd7-1556-42e9-9661-641add415bbb@group-698563317D01-LeaderElection10] INFO  impl.RaftServerImpl (RaftServerImpl.java:setRole(173)) - 1483ffd7-1556-42e9-9661-641add415bbb@group-698563317D01: changes role from CANDIDATE to FOLLOWER at term 2 for DISCOVERED_A_NEW_TERM
2019-10-25 03:59:11,611 [1483ffd7-1556-42e9-9661-641add415bbb@group-698563317D01-LeaderElection10] INFO  impl.RoleInfo (RoleInfo.java:shutdownLeaderElection(134)) - 1483ffd7-1556-42e9-9661-641add415bbb: shutdown LeaderElection
2019-10-25 03:59:11,611 [1483ffd7-1556-42e9-9661-641add415bbb@group-698563317D01-LeaderElection10] INFO  impl.RoleInfo (RoleInfo.java:updateAndGet(143)) - 1483ffd7-1556-42e9-9661-641add415bbb: start FollowerState
2019-10-25 03:59:11,615 [9e87f668-3d6b-4a03-b7be-4524552954d2@group-698563317D01-SegmentedRaftLogWorker] INFO  segmented.SegmentedRaftLogWorker (SegmentedRaftLogWorker.java:execute(576)) - 9e87f668-3d6b-4a03-b7be-4524552954d2@group-698563317D01-SegmentedRaftLogWorker: created new log segment /workdir/hadoop-ozone/integration-test/target/test-dir/MiniOzoneClusterImpl-7dd9eb76-e729-491b-adf7-f704faccfc31/datanode-1/data/ratis/de88a177-bbe8-437e-af41-698563317d01/current/log_inprogress_0
2019-10-25 03:59:11,626 [grpc-default-executor-6] INFO  impl.RaftServerImpl (ServerState.java:setLeader(255)) - 2e9f0457-bccb-4301-8e0c-10b4fb6c14fa@group-698563317D01: change Leader from null to 9e87f668-3d6b-4a03-b7be-4524552954d2 at term 2 for appendEntries, leader elected after 10983ms
2019-10-25 03:59:11,627 [grpc-default-executor-1] INFO  impl.RaftServerImpl (ServerState.java:setLeader(255)) - 1483ffd7-1556-42e9-9661-641add415bbb@group-698563317D01: change Leader from null to 9e87f668-3d6b-4a03-b7be-4524552954d2 at term 2 for appendEntries, leader elected after 10984ms
2019-10-25 03:59:11,648 [grpc-default-executor-6] INFO  impl.RaftServerImpl (ServerState.java:setRaftConf(356)) - 1483ffd7-1556-42e9-9661-641add415bbb@group-698563317D01: set configuration 0: [9e87f668-3d6b-4a03-b7be-4524552954d2:192.168.69.88:41122, 1483ffd7-1556-42e9-9661-641add415bbb:192.168.69.88:38003, 2e9f0457-bccb-4301-8e0c-10b4fb6c14fa:192.168.69.88:40160], old=null at 0
2019-10-25 03:59:11,648 [grpc-default-executor-1] INFO  impl.RaftServerImpl (ServerState.java:setRaftConf(356)) - 2e9f0457-bccb-4301-8e0c-10b4fb6c14fa@group-698563317D01: set configuration 0: [9e87f668-3d6b-4a03-b7be-4524552954d2:192.168.69.88:41122, 1483ffd7-1556-42e9-9661-641add415bbb:192.168.69.88:38003, 2e9f0457-bccb-4301-8e0c-10b4fb6c14fa:192.168.69.88:40160], old=null at 0
2019-10-25 03:59:11,648 [grpc-default-executor-6] INFO  segmented.SegmentedRaftLogWorker (SegmentedRaftLogWorker.java:startLogSegment(385)) - 1483ffd7-1556-42e9-9661-641add415bbb@group-698563317D01-SegmentedRaftLogWorker: Starting segment from index:0
2019-10-25 03:59:11,649 [grpc-default-executor-1] INFO  segmented.SegmentedRaftLogWorker (SegmentedRaftLogWorker.java:startLogSegment(385)) - 2e9f0457-bccb-4301-8e0c-10b4fb6c14fa@group-698563317D01-SegmentedRaftLogWorker: Starting segment from index:0
2019-10-25 03:59:12,508 [2e9f0457-bccb-4301-8e0c-10b4fb6c14fa@group-698563317D01-SegmentedRaftLogWorker] INFO  segmented.SegmentedRaftLogWorker (SegmentedRaftLogWorker.java:execute(576)) - 2e9f0457-bccb-4301-8e0c-10b4fb6c14fa@group-698563317D01-SegmentedRaftLogWorker: created new log segment /workdir/hadoop-ozone/integration-test/target/test-dir/MiniOzoneClusterImpl-7dd9eb76-e729-491b-adf7-f704faccfc31/datanode-2/data/ratis/de88a177-bbe8-437e-af41-698563317d01/current/log_inprogress_0
2019-10-25 03:59:12,508 [1483ffd7-1556-42e9-9661-641add415bbb@group-698563317D01-SegmentedRaftLogWorker] INFO  segmented.SegmentedRaftLogWorker (SegmentedRaftLogWorker.java:execute(576)) - 1483ffd7-1556-42e9-9661-641add415bbb@group-698563317D01-SegmentedRaftLogWorker: created new log segment /workdir/hadoop-ozone/integration-test/target/test-dir/MiniOzoneClusterImpl-7dd9eb76-e729-491b-adf7-f704faccfc31/datanode-0/data/ratis/de88a177-bbe8-437e-af41-698563317d01/current/log_inprogress_0
2019-10-25 03:59:15,580 [java.util.concurrent.ThreadPoolExecutor$Worker@2779c4c3[State = -1, empty queue]] WARN  server.GrpcLogAppender (GrpcLogAppender.java:timeoutAppendRequest(209)) - 9e87f668-3d6b-4a03-b7be-4524552954d2@group-698563317D01->2e9f0457-bccb-4301-8e0c-10b4fb6c14fa-GrpcLogAppender: appendEntries Timeout, request=9e87f668-3d6b-4a03-b7be-4524552954d2->2e9f0457-bccb-4301-8e0c-10b4fb6c14fa#2-t2, previous=(t:2, i:0), leaderCommit=0, initializing? false, entries: size=1, first=(t:2, i:1), STATEMACHINELOGENTRY, client-83016CF69367, cid=0
2019-10-25 03:59:15,580 [java.util.concurrent.ThreadPoolExecutor$Worker@25bc1ad8[State = -1, empty queue]] WARN  server.GrpcLogAppender (GrpcLogAppender.java:timeoutAppendRequest(209)) - 9e87f668-3d6b-4a03-b7be-4524552954d2@group-698563317D01->1483ffd7-1556-42e9-9661-641add415bbb-GrpcLogAppender: appendEntries Timeout, request=9e87f668-3d6b-4a03-b7be-4524552954d2->1483ffd7-1556-42e9-9661-641add415bbb#2-t2, previous=(t:2, i:0), leaderCommit=0, initializing? false, entries: size=1, first=(t:2, i:1), STATEMACHINELOGENTRY, client-83016CF69367, cid=0
2019-10-25 03:59:18,157 [java.util.concurrent.ThreadPoolExecutor$Worker@2779c4c3[State = -1, empty queue]] WARN  server.GrpcLogAppender (GrpcLogAppender.java:timeoutAppendRequest(209)) - 9e87f668-3d6b-4a03-b7be-4524552954d2@group-698563317D01->2e9f0457-bccb-4301-8e0c-10b4fb6c14fa-GrpcLogAppender: appendEntries Timeout, request=9e87f668-3d6b-4a03-b7be-4524552954d2->2e9f0457-bccb-4301-8e0c-10b4fb6c14fa#3-t2, previous=(t:2, i:1), leaderCommit=0, initializing? false, entries: <empty>
2019-10-25 03:59:18,157 [java.util.concurrent.ThreadPoolExecutor$Worker@25bc1ad8[State = -1, empty queue]] WARN  server.GrpcLogAppender (GrpcLogAppender.java:timeoutAppendRequest(209)) - 9e87f668-3d6b-4a03-b7be-4524552954d2@group-698563317D01->1483ffd7-1556-42e9-9661-641add415bbb-GrpcLogAppender: appendEntries Timeout, request=9e87f668-3d6b-4a03-b7be-4524552954d2->1483ffd7-1556-42e9-9661-641add415bbb#3-t2, previous=(t:2, i:1), leaderCommit=0, initializing? false, entries: <empty>
2019-10-25 03:59:19,631 [grpc-default-executor-1] WARN  server.GrpcLogAppender (LogUtils.java:warn(134)) - 9e87f668-3d6b-4a03-b7be-4524552954d2@group-698563317D01->2e9f0457-bccb-4301-8e0c-10b4fb6c14fa-AppendLogResponseHandler: Failed appendEntries: org.apache.ratis.thirdparty.io.grpc.StatusRuntimeException: CANCELLED: Failed to read message.
2019-10-25 03:59:19,631 [grpc-default-executor-6] WARN  server.GrpcLogAppender (LogUtils.java:warn(134)) - 9e87f668-3d6b-4a03-b7be-4524552954d2@group-698563317D01->1483ffd7-1556-42e9-9661-641add415bbb-AppendLogResponseHandler: Failed appendEntries: org.apache.ratis.thirdparty.io.grpc.StatusRuntimeException: CANCELLED: Failed to read message.
2019-10-25 03:59:19,639 [grpc-default-executor-3] WARN  server.GrpcServerProtocolService (LogUtils.java:warn(134)) - 1483ffd7-1556-42e9-9661-641add415bbb: installSnapshot onError, lastRequest: 9e87f668-3d6b-4a03-b7be-4524552954d2->1483ffd7-1556-42e9-9661-641add415bbb#4-t2, previous=(t:2, i:1), leaderCommit=0, initializing? false, entries: <empty>: org.apache.ratis.thirdparty.io.grpc.StatusRuntimeException: CANCELLED: cancelled before receiving half close
2019-10-25 03:59:19,639 [grpc-default-executor-5] WARN  server.GrpcServerProtocolService (LogUtils.java:warn(134)) - 2e9f0457-bccb-4301-8e0c-10b4fb6c14fa: installSnapshot onError, lastRequest: 9e87f668-3d6b-4a03-b7be-4524552954d2->2e9f0457-bccb-4301-8e0c-10b4fb6c14fa#4-t2, previous=(t:2, i:1), leaderCommit=0, initializing? false, entries: <empty>: org.apache.ratis.thirdparty.io.grpc.StatusRuntimeException: CANCELLED: cancelled before receiving half close
2019-10-25 03:59:20,658 [java.util.concurrent.ThreadPoolExecutor$Worker@25bc1ad8[State = -1, empty queue]] WARN  server.GrpcLogAppender (GrpcLogAppender.java:timeoutAppendRequest(209)) - 9e87f668-3d6b-4a03-b7be-4524552954d2@group-698563317D01->1483ffd7-1556-42e9-9661-641add415bbb-GrpcLogAppender: appendEntries Timeout, request=9e87f668-3d6b-4a03-b7be-4524552954d2->1483ffd7-1556-42e9-9661-641add415bbb#4-t2, previous=(t:2, i:1), leaderCommit=0, initializing? false, entries: <empty>
2019-10-25 03:59:20,658 [java.util.concurrent.ThreadPoolExecutor$Worker@2779c4c3[State = -1, empty queue]] WARN  server.GrpcLogAppender (GrpcLogAppender.java:timeoutAppendRequest(209)) - 9e87f668-3d6b-4a03-b7be-4524552954d2@group-698563317D01->2e9f0457-bccb-4301-8e0c-10b4fb6c14fa-GrpcLogAppender: appendEntries Timeout, request=9e87f668-3d6b-4a03-b7be-4524552954d2->2e9f0457-bccb-4301-8e0c-10b4fb6c14fa#4-t2, previous=(t:2, i:1), leaderCommit=0, initializing? false, entries: <empty>
2019-10-25 03:59:23,159 [java.util.concurrent.ThreadPoolExecutor$Worker@25bc1ad8[State = -1, empty queue]] WARN  server.GrpcLogAppender (GrpcLogAppender.java:timeoutAppendRequest(209)) - 9e87f668-3d6b-4a03-b7be-4524552954d2@group-698563317D01->1483ffd7-1556-42e9-9661-641add415bbb-GrpcLogAppender: appendEntries Timeout, request=9e87f668-3d6b-4a03-b7be-4524552954d2->1483ffd7-1556-42e9-9661-641add415bbb#5-t2, previous=(t:2, i:1), leaderCommit=0, initializing? false, entries: <empty>
2019-10-25 03:59:23,159 [java.util.concurrent.ThreadPoolExecutor$Worker@2779c4c3[State = -1, empty queue]] WARN  server.GrpcLogAppender (GrpcLogAppender.java:timeoutAppendRequest(209)) - 9e87f668-3d6b-4a03-b7be-4524552954d2@group-698563317D01->2e9f0457-bccb-4301-8e0c-10b4fb6c14fa-GrpcLogAppender: appendEntries Timeout, request=9e87f668-3d6b-4a03-b7be-4524552954d2->2e9f0457-bccb-4301-8e0c-10b4fb6c14fa#5-t2, previous=(t:2, i:1), leaderCommit=0, initializing? false, entries: <empty>
2019-10-25 03:59:25,660 [java.util.concurrent.ThreadPoolExecutor$Worker@2779c4c3[State = -1, empty queue]] WARN  server.GrpcLogAppender (GrpcLogAppender.java:timeoutAppendRequest(209)) - 9e87f668-3d6b-4a03-b7be-4524552954d2@group-698563317D01->2e9f0457-bccb-4301-8e0c-10b4fb6c14fa-GrpcLogAppender: appendEntries Timeout, request=9e87f668-3d6b-4a03-b7be-4524552954d2->2e9f0457-bccb-4301-8e0c-10b4fb6c14fa#6-t2, previous=(t:2, i:1), leaderCommit=0, initializing? false, entries: <empty>
2019-10-25 03:59:25,660 [java.util.concurrent.ThreadPoolExecutor$Worker@25bc1ad8[State = -1, empty queue]] WARN  server.GrpcLogAppender (GrpcLogAppender.java:timeoutAppendRequest(209)) - 9e87f668-3d6b-4a03-b7be-4524552954d2@group-698563317D01->1483ffd7-1556-42e9-9661-641add415bbb-GrpcLogAppender: appendEntries Timeout, request=9e87f668-3d6b-4a03-b7be-4524552954d2->1483ffd7-1556-42e9-9661-641add415bbb#6-t2, previous=(t:2, i:1), leaderCommit=0, initializing? false, entries: <empty>
2019-10-25 03:59:26,702 [Thread-269] INFO  impl.FollowerState (FollowerState.java:run(111)) - 1483ffd7-1556-42e9-9661-641add415bbb@group-698563317D01-FollowerState: change to CANDIDATE, lastRpcTime:7081ms, electionTimeout:5052ms
2019-10-25 03:59:26,703 [Thread-269] INFO  impl.RoleInfo (RoleInfo.java:shutdownFollowerState(121)) - 1483ffd7-1556-42e9-9661-641add415bbb: shutdown FollowerState
2019-10-25 03:59:26,703 [Thread-269] INFO  impl.RaftServerImpl (RaftServerImpl.java:setRole(173)) - 1483ffd7-1556-42e9-9661-641add415bbb@group-698563317D01: changes role from  FOLLOWER to CANDIDATE at term 2 for changeToCandidate
2019-10-25 03:59:26,703 [Thread-269] INFO  impl.RoleInfo (RoleInfo.java:updateAndGet(143)) - 1483ffd7-1556-42e9-9661-641add415bbb: start LeaderElection
2019-10-25 03:59:26,706 [1483ffd7-1556-42e9-9661-641add415bbb@group-698563317D01-LeaderElection11] INFO  impl.RaftServerImpl (ServerState.java:setLeader(255)) - 1483ffd7-1556-42e9-9661-641add415bbb@group-698563317D01: change Leader from 9e87f668-3d6b-4a03-b7be-4524552954d2 to null at term 2 for initElection
2019-10-25 03:59:26,720 [1483ffd7-1556-42e9-9661-641add415bbb@group-698563317D01-LeaderElection11] INFO  impl.LeaderElection (LeaderElection.java:askForVotes(178)) - 1483ffd7-1556-42e9-9661-641add415bbb@group-698563317D01-LeaderElection11: begin an election at term 3 for 0: [9e87f668-3d6b-4a03-b7be-4524552954d2:192.168.69.88:41122, 1483ffd7-1556-42e9-9661-641add415bbb:192.168.69.88:38003, 2e9f0457-bccb-4301-8e0c-10b4fb6c14fa:192.168.69.88:40160], old=null
2019-10-25 03:59:26,729 [grpc-default-executor-3] INFO  impl.RaftServerImpl (ServerState.java:setLeader(255)) - 2e9f0457-bccb-4301-8e0c-10b4fb6c14fa@group-698563317D01: change Leader from 9e87f668-3d6b-4a03-b7be-4524552954d2 to null at term 3 for updateCurrentTerm
2019-10-25 03:59:26,729 [grpc-default-executor-5] INFO  impl.RaftServerImpl (ServerState.java:setLeader(255)) - 9e87f668-3d6b-4a03-b7be-4524552954d2@group-698563317D01: change Leader from 9e87f668-3d6b-4a03-b7be-4524552954d2 to null at term 3 for updateCurrentTerm
2019-10-25 03:59:26,730 [grpc-default-executor-3] INFO  impl.RaftServerImpl (RaftServerImpl.java:setRole(173)) - 2e9f0457-bccb-4301-8e0c-10b4fb6c14fa@group-698563317D01: changes role from  FOLLOWER to FOLLOWER at term 3 for recognizeCandidate:1483ffd7-1556-42e9-9661-641add415bbb
2019-10-25 03:59:26,730 [grpc-default-executor-5] INFO  impl.RaftServerImpl (RaftServerImpl.java:setRole(173)) - 9e87f668-3d6b-4a03-b7be-4524552954d2@group-698563317D01: changes role from    LEADER to FOLLOWER at term 3 for recognizeCandidate:1483ffd7-1556-42e9-9661-641add415bbb
2019-10-25 03:59:26,730 [grpc-default-executor-3] INFO  impl.RoleInfo (RoleInfo.java:shutdownFollowerState(121)) - 2e9f0457-bccb-4301-8e0c-10b4fb6c14fa: shutdown FollowerState
2019-10-25 03:59:26,730 [grpc-default-executor-5] INFO  impl.RoleInfo (RoleInfo.java:shutdownLeaderState(104)) - 9e87f668-3d6b-4a03-b7be-4524552954d2: shutdown LeaderState
2019-10-25 03:59:26,730 [grpc-default-executor-3] INFO  impl.RoleInfo (RoleInfo.java:updateAndGet(143)) - 2e9f0457-bccb-4301-8e0c-10b4fb6c14fa: start FollowerState
2019-10-25 03:59:26,730 [Thread-263] INFO  impl.FollowerState (FollowerState.java:run(120)) - 2e9f0457-bccb-4301-8e0c-10b4fb6c14fa@group-698563317D01-FollowerState was interrupted: java.lang.InterruptedException: sleep interrupted
2019-10-25 03:59:26,734 [org.apache.ratis.server.impl.LogAppender$AppenderDaemon$$Lambda$561/1918220289@7192da25] WARN  server.GrpcLogAppender (GrpcLogAppender.java:mayWait(149)) - 9e87f668-3d6b-4a03-b7be-4524552954d2@group-698563317D01->1483ffd7-1556-42e9-9661-641add415bbb-GrpcLogAppender: Wait interrupted by java.lang.InterruptedException
2019-10-25 03:59:26,734 [org.apache.ratis.server.impl.LogAppender$AppenderDaemon$$Lambda$561/1918220289@4a62e6fe] WARN  server.GrpcLogAppender (GrpcLogAppender.java:mayWait(149)) - 9e87f668-3d6b-4a03-b7be-4524552954d2@group-698563317D01->2e9f0457-bccb-4301-8e0c-10b4fb6c14fa-GrpcLogAppender: Wait interrupted by java.lang.InterruptedException
2019-10-25 03:59:26,734 [grpc-default-executor-5] INFO  impl.PendingRequests (PendingRequests.java:sendNotLeaderResponses(206)) - 9e87f668-3d6b-4a03-b7be-4524552954d2@group-698563317D01-PendingRequests: sendNotLeaderResponses
2019-10-25 03:59:26,744 [grpc-default-executor-5] INFO  impl.RoleInfo (RoleInfo.java:updateAndGet(143)) - 9e87f668-3d6b-4a03-b7be-4524552954d2: start FollowerState
2019-10-25 03:59:26,751 [1483ffd7-1556-42e9-9661-641add415bbb@group-698563317D01-LeaderElection11] INFO  impl.LeaderElection (LeaderElection.java:logAndReturn(56)) - 1483ffd7-1556-42e9-9661-641add415bbb@group-698563317D01-LeaderElection11: Election PASSED; received 1 response(s) [1483ffd7-1556-42e9-9661-641add415bbb<-2e9f0457-bccb-4301-8e0c-10b4fb6c14fa#0:OK-t3] and 0 exception(s); 1483ffd7-1556-42e9-9661-641add415bbb@group-698563317D01:t3, leader=null, voted=1483ffd7-1556-42e9-9661-641add415bbb, raftlog=1483ffd7-1556-42e9-9661-641add415bbb@group-698563317D01-SegmentedRaftLog:OPENED:c0,f1,i1, conf=0: [9e87f668-3d6b-4a03-b7be-4524552954d2:192.168.69.88:41122, 1483ffd7-1556-42e9-9661-641add415bbb:192.168.69.88:38003, 2e9f0457-bccb-4301-8e0c-10b4fb6c14fa:192.168.69.88:40160], old=null
2019-10-25 03:59:26,752 [1483ffd7-1556-42e9-9661-641add415bbb@group-698563317D01-LeaderElection11] INFO  impl.RoleInfo (RoleInfo.java:shutdownLeaderElection(134)) - 1483ffd7-1556-42e9-9661-641add415bbb: shutdown LeaderElection
2019-10-25 03:59:26,753 [1483ffd7-1556-42e9-9661-641add415bbb@group-698563317D01-LeaderElection11] INFO  impl.RaftServerImpl (RaftServerImpl.java:setRole(173)) - 1483ffd7-1556-42e9-9661-641add415bbb@group-698563317D01: changes role from CANDIDATE to LEADER at term 3 for changeToLeader
2019-10-25 03:59:26,754 [1483ffd7-1556-42e9-9661-641add415bbb@group-698563317D01-LeaderElection11] INFO  impl.RaftServerImpl (ServerState.java:setLeader(255)) - 1483ffd7-1556-42e9-9661-641add415bbb@group-698563317D01: change Leader from null to 1483ffd7-1556-42e9-9661-641add415bbb at term 3 for becomeLeader, leader elected after 47ms
2019-10-25 03:59:26,754 [1483ffd7-1556-42e9-9661-641add415bbb@group-698563317D01-LeaderElection11] INFO  server.RaftServerConfigKeys (ConfUtils.java:logGet(43)) - raft.server.staging.catchup.gap = 1000 (default)
2019-10-25 03:59:26,755 [1483ffd7-1556-42e9-9661-641add415bbb@group-698563317D01-LeaderElection11] INFO  server.RaftServerConfigKeys (ConfUtils.java:logGet(43)) - raft.server.rpc.sleep.time = 25ms (default)
2019-10-25 03:59:26,756 [1483ffd7-1556-42e9-9661-641add415bbb@group-698563317D01-LeaderElection11] INFO  server.RaftServerConfigKeys (ConfUtils.java:logGet(43)) - raft.server.write.element-limit = 4096 (default)
2019-10-25 03:59:26,757 [1483ffd7-1556-42e9-9661-641add415bbb@group-698563317D01-LeaderElection11] INFO  server.RaftServerConfigKeys (ConfUtils.java:logGet(43)) - raft.server.watch.timeout = 10s (default)
2019-10-25 03:59:26,757 [1483ffd7-1556-42e9-9661-641add415bbb@group-698563317D01-LeaderElection11] INFO  server.RaftServerConfigKeys (ConfUtils.java:logGet(43)) - raft.server.watch.timeout.denomination = 1s (default)
2019-10-25 03:59:26,757 [1483ffd7-1556-42e9-9661-641add415bbb@group-698563317D01-LeaderElection11] INFO  server.RaftServerConfigKeys (ConfUtils.java:logGet(43)) - raft.server.watch.element-limit = 65536 (default)
2019-10-25 03:59:26,757 [1483ffd7-1556-42e9-9661-641add415bbb@group-698563317D01-LeaderElection11] INFO  server.RaftServerConfigKeys (ConfUtils.java:logGet(43)) - raft.server.log.appender.snapshot.chunk.size.max = 16MB (=16777216) (default)
2019-10-25 03:59:26,758 [1483ffd7-1556-42e9-9661-641add415bbb@group-698563317D01-LeaderElection11] INFO  server.RaftServerConfigKeys (ConfUtils.java:logGet(43)) - raft.server.log.appender.buffer.byte-limit = 33554432 (custom)
2019-10-25 03:59:26,758 [1483ffd7-1556-42e9-9661-641add415bbb@group-698563317D01-LeaderElection11] INFO  server.RaftServerConfigKeys (ConfUtils.java:logGet(43)) - raft.server.log.appender.buffer.element-limit = 1 (custom)
2019-10-25 03:59:26,758 [1483ffd7-1556-42e9-9661-641add415bbb@group-698563317D01-LeaderElection11] INFO  grpc.GrpcConfigKeys$Server (ConfUtils.java:logGet(43)) - raft.grpc.server.leader.outstanding.appends.max = 128 (default)
2019-10-25 03:59:26,759 [1483ffd7-1556-42e9-9661-641add415bbb@group-698563317D01-LeaderElection11] INFO  server.RaftServerConfigKeys (ConfUtils.java:logGet(43)) - raft.server.rpc.request.timeout = 3000ms (default)
2019-10-25 03:59:26,759 [1483ffd7-1556-42e9-9661-641add415bbb@group-698563317D01-LeaderElection11] INFO  server.RaftServerConfigKeys (ConfUtils.java:logGet(43)) - raft.server.log.appender.install.snapshot.enabled = false (custom)
2019-10-25 03:59:26,760 [1483ffd7-1556-42e9-9661-641add415bbb@group-698563317D01-LeaderElection11] WARN  impl.MetricRegistriesImpl (MetricRegistriesImpl.java:lambda$create$1(61)) - First MetricRegistry has been created without registering reporters. You may need to call MetricRegistries.global().addReportRegistration(...) before.
2019-10-25 03:59:26,760 [1483ffd7-1556-42e9-9661-641add415bbb@group-698563317D01-LeaderElection11] INFO  server.RaftServerConfigKeys (ConfUtils.java:logGet(43)) - raft.server.log.appender.snapshot.chunk.size.max = 16MB (=16777216) (default)
2019-10-25 03:59:26,760 [1483ffd7-1556-42e9-9661-641add415bbb@group-698563317D01-LeaderElection11] INFO  server.RaftServerConfigKeys (ConfUtils.java:logGet(43)) - raft.server.log.appender.buffer.byte-limit = 33554432 (custom)
2019-10-25 03:59:26,760 [1483ffd7-1556-42e9-9661-641add415bbb@group-698563317D01-LeaderElection11] INFO  server.RaftServerConfigKeys (ConfUtils.java:logGet(43)) - raft.server.log.appender.buffer.element-limit = 1 (custom)
2019-10-25 03:59:26,760 [1483ffd7-1556-42e9-9661-641add415bbb@group-698563317D01-LeaderElection11] INFO  grpc.GrpcConfigKeys$Server (ConfUtils.java:logGet(43)) - raft.grpc.server.leader.outstanding.appends.max = 128 (default)
2019-10-25 03:59:26,761 [1483ffd7-1556-42e9-9661-641add415bbb@group-698563317D01-LeaderElection11] INFO  server.RaftServerConfigKeys (ConfUtils.java:logGet(43)) - raft.server.rpc.request.timeout = 3000ms (default)
2019-10-25 03:59:26,761 [1483ffd7-1556-42e9-9661-641add415bbb@group-698563317D01-LeaderElection11] INFO  server.RaftServerConfigKeys (ConfUtils.java:logGet(43)) - raft.server.log.appender.install.snapshot.enabled = false (custom)
2019-10-25 03:59:26,761 [1483ffd7-1556-42e9-9661-641add415bbb@group-698563317D01-LeaderElection11] INFO  impl.RoleInfo (RoleInfo.java:updateAndGet(143)) - 1483ffd7-1556-42e9-9661-641add415bbb: start LeaderState
2019-10-25 03:59:26,762 [1483ffd7-1556-42e9-9661-641add415bbb@group-698563317D01-LeaderElection11] INFO  segmented.SegmentedRaftLogWorker (SegmentedRaftLogWorker.java:rollLogSegment(390)) - 1483ffd7-1556-42e9-9661-641add415bbb@group-698563317D01-SegmentedRaftLogWorker: Rolling segment log-0_1 to index:1
2019-10-25 03:59:26,765 [1483ffd7-1556-42e9-9661-641add415bbb@group-698563317D01-SegmentedRaftLogWorker] INFO  segmented.SegmentedRaftLogWorker (SegmentedRaftLogWorker.java:execute(533)) - 1483ffd7-1556-42e9-9661-641add415bbb@group-698563317D01-SegmentedRaftLogWorker: Rolled log segment from /workdir/hadoop-ozone/integration-test/target/test-dir/MiniOzoneClusterImpl-7dd9eb76-e729-491b-adf7-f704faccfc31/datanode-0/data/ratis/de88a177-bbe8-437e-af41-698563317d01/current/log_inprogress_0 to /workdir/hadoop-ozone/integration-test/target/test-dir/MiniOzoneClusterImpl-7dd9eb76-e729-491b-adf7-f704faccfc31/datanode-0/data/ratis/de88a177-bbe8-437e-af41-698563317d01/current/log_0-1
2019-10-25 03:59:26,768 [1483ffd7-1556-42e9-9661-641add415bbb@group-698563317D01-LeaderElection11] INFO  impl.RaftServerImpl (ServerState.java:setRaftConf(356)) - 1483ffd7-1556-42e9-9661-641add415bbb@group-698563317D01: set configuration 2: [9e87f668-3d6b-4a03-b7be-4524552954d2:192.168.69.88:41122, 1483ffd7-1556-42e9-9661-641add415bbb:192.168.69.88:38003, 2e9f0457-bccb-4301-8e0c-10b4fb6c14fa:192.168.69.88:40160], old=null at 2
2019-10-25 03:59:26,799 [grpc-default-executor-3] INFO  impl.RaftServerImpl (ServerState.java:setLeader(255)) - 9e87f668-3d6b-4a03-b7be-4524552954d2@group-698563317D01: change Leader from null to 1483ffd7-1556-42e9-9661-641add415bbb at term 3 for appendEntries, leader elected after 69ms
2019-10-25 03:59:26,800 [grpc-default-executor-5] INFO  impl.RaftServerImpl (ServerState.java:setLeader(255)) - 2e9f0457-bccb-4301-8e0c-10b4fb6c14fa@group-698563317D01: change Leader from null to 1483ffd7-1556-42e9-9661-641add415bbb at term 3 for appendEntries, leader elected after 70ms
2019-10-25 03:59:26,805 [grpc-default-executor-5] INFO  impl.RaftServerImpl (ServerState.java:setRaftConf(356)) - 2e9f0457-bccb-4301-8e0c-10b4fb6c14fa@group-698563317D01: set configuration 2: [9e87f668-3d6b-4a03-b7be-4524552954d2:192.168.69.88:41122, 1483ffd7-1556-42e9-9661-641add415bbb:192.168.69.88:38003, 2e9f0457-bccb-4301-8e0c-10b4fb6c14fa:192.168.69.88:40160], old=null at 2
2019-10-25 03:59:26,805 [grpc-default-executor-3] INFO  impl.RaftServerImpl (ServerState.java:setRaftConf(356)) - 9e87f668-3d6b-4a03-b7be-4524552954d2@group-698563317D01: set configuration 2: [9e87f668-3d6b-4a03-b7be-4524552954d2:192.168.69.88:41122, 1483ffd7-1556-42e9-9661-641add415bbb:192.168.69.88:38003, 2e9f0457-bccb-4301-8e0c-10b4fb6c14fa:192.168.69.88:40160], old=null at 2
2019-10-25 03:59:26,805 [grpc-default-executor-5] INFO  segmented.SegmentedRaftLogWorker (SegmentedRaftLogWorker.java:rollLogSegment(390)) - 2e9f0457-bccb-4301-8e0c-10b4fb6c14fa@group-698563317D01-SegmentedRaftLogWorker: Rolling segment log-0_1 to index:1
2019-10-25 03:59:26,806 [grpc-default-executor-3] INFO  segmented.SegmentedRaftLogWorker (SegmentedRaftLogWorker.java:rollLogSegment(390)) - 9e87f668-3d6b-4a03-b7be-4524552954d2@group-698563317D01-SegmentedRaftLogWorker: Rolling segment log-0_1 to index:1
2019-10-25 03:59:26,806 [2e9f0457-bccb-4301-8e0c-10b4fb6c14fa@group-698563317D01-SegmentedRaftLogWorker] INFO  segmented.SegmentedRaftLogWorker (SegmentedRaftLogWorker.java:execute(533)) - 2e9f0457-bccb-4301-8e0c-10b4fb6c14fa@group-698563317D01-SegmentedRaftLogWorker: Rolled log segment from /workdir/hadoop-ozone/integration-test/target/test-dir/MiniOzoneClusterImpl-7dd9eb76-e729-491b-adf7-f704faccfc31/datanode-2/data/ratis/de88a177-bbe8-437e-af41-698563317d01/current/log_inprogress_0 to /workdir/hadoop-ozone/integration-test/target/test-dir/MiniOzoneClusterImpl-7dd9eb76-e729-491b-adf7-f704faccfc31/datanode-2/data/ratis/de88a177-bbe8-437e-af41-698563317d01/current/log_0-1
2019-10-25 03:59:26,808 [9e87f668-3d6b-4a03-b7be-4524552954d2@group-698563317D01-SegmentedRaftLogWorker] INFO  segmented.SegmentedRaftLogWorker (SegmentedRaftLogWorker.java:execute(533)) - 9e87f668-3d6b-4a03-b7be-4524552954d2@group-698563317D01-SegmentedRaftLogWorker: Rolled log segment from /workdir/hadoop-ozone/integration-test/target/test-dir/MiniOzoneClusterImpl-7dd9eb76-e729-491b-adf7-f704faccfc31/datanode-1/data/ratis/de88a177-bbe8-437e-af41-698563317d01/current/log_inprogress_0 to /workdir/hadoop-ozone/integration-test/target/test-dir/MiniOzoneClusterImpl-7dd9eb76-e729-491b-adf7-f704faccfc31/datanode-1/data/ratis/de88a177-bbe8-437e-af41-698563317d01/current/log_0-1
2019-10-25 03:59:26,809 [1483ffd7-1556-42e9-9661-641add415bbb@group-698563317D01-SegmentedRaftLogWorker] INFO  segmented.SegmentedRaftLogWorker (SegmentedRaftLogWorker.java:execute(576)) - 1483ffd7-1556-42e9-9661-641add415bbb@group-698563317D01-SegmentedRaftLogWorker: created new log segment /workdir/hadoop-ozone/integration-test/target/test-dir/MiniOzoneClusterImpl-7dd9eb76-e729-491b-adf7-f704faccfc31/datanode-0/data/ratis/de88a177-bbe8-437e-af41-698563317d01/current/log_inprogress_2
2019-10-25 03:59:26,855 [9e87f668-3d6b-4a03-b7be-4524552954d2@group-698563317D01-SegmentedRaftLogWorker] INFO  segmented.SegmentedRaftLogWorker (SegmentedRaftLogWorker.java:execute(576)) - 9e87f668-3d6b-4a03-b7be-4524552954d2@group-698563317D01-SegmentedRaftLogWorker: created new log segment /workdir/hadoop-ozone/integration-test/target/test-dir/MiniOzoneClusterImpl-7dd9eb76-e729-491b-adf7-f704faccfc31/datanode-1/data/ratis/de88a177-bbe8-437e-af41-698563317d01/current/log_inprogress_2
2019-10-25 03:59:26,855 [2e9f0457-bccb-4301-8e0c-10b4fb6c14fa@group-698563317D01-SegmentedRaftLogWorker] INFO  segmented.SegmentedRaftLogWorker (SegmentedRaftLogWorker.java:execute(576)) - 2e9f0457-bccb-4301-8e0c-10b4fb6c14fa@group-698563317D01-SegmentedRaftLogWorker: created new log segment /workdir/hadoop-ozone/integration-test/target/test-dir/MiniOzoneClusterImpl-7dd9eb76-e729-491b-adf7-f704faccfc31/datanode-2/data/ratis/de88a177-bbe8-437e-af41-698563317d01/current/log_inprogress_2
2019-10-25 03:59:28,162 [java.util.concurrent.ThreadPoolExecutor$Worker@2779c4c3[State = -1, empty queue]] WARN  server.GrpcLogAppender (GrpcLogAppender.java:timeoutAppendRequest(209)) - 9e87f668-3d6b-4a03-b7be-4524552954d2@group-698563317D01->2e9f0457-bccb-4301-8e0c-10b4fb6c14fa-GrpcLogAppender: appendEntries Timeout, request=9e87f668-3d6b-4a03-b7be-4524552954d2->2e9f0457-bccb-4301-8e0c-10b4fb6c14fa#7-t2, previous=(t:2, i:1), leaderCommit=0, initializing? false, entries: <empty>
2019-10-25 03:59:28,162 [java.util.concurrent.ThreadPoolExecutor$Worker@25bc1ad8[State = -1, empty queue]] WARN  server.GrpcLogAppender (GrpcLogAppender.java:timeoutAppendRequest(209)) - 9e87f668-3d6b-4a03-b7be-4524552954d2@group-698563317D01->1483ffd7-1556-42e9-9661-641add415bbb-GrpcLogAppender: appendEntries Timeout, request=9e87f668-3d6b-4a03-b7be-4524552954d2->1483ffd7-1556-42e9-9661-641add415bbb#7-t2, previous=(t:2, i:1), leaderCommit=0, initializing? false, entries: <empty>
2019-10-25 04:00:05,112 [main] INFO  ozone.MiniOzoneClusterImpl (MiniOzoneClusterImpl.java:shutdown(338)) - Shutting down the Mini Ozone Cluster
2019-10-25 04:00:05,114 [main] INFO  ozone.MiniOzoneClusterImpl (MiniOzoneClusterImpl.java:stop(354)) - Stopping the Mini Ozone Cluster
2019-10-25 04:00:05,114 [main] INFO  ozone.MiniOzoneClusterImpl (MiniOzoneClusterImpl.java:stopOM(424)) - Stopping the OzoneManager
2019-10-25 04:00:05,115 [main] INFO  ipc.Server (Server.java:stop(3082)) - Stopping server on 42130
2019-10-25 04:00:05,120 [IPC Server listener on 42130] INFO  ipc.Server (Server.java:run(1185)) - Stopping IPC Server listener on 42130
2019-10-25 04:00:05,125 [IPC Server Responder] INFO  ipc.Server (Server.java:run(1319)) - Stopping IPC Server Responder
2019-10-25 04:00:05,129 [main] INFO  impl.RaftServerProxy (RaftServerProxy.java:lambda$close$4(314)) - 4c2f9765-5180-41de-a695-1a264cca36d5: close
2019-10-25 04:00:05,144 [Thread-222] WARN  io.KeyOutputStream (KeyOutputStream.java:handleException(274)) - Encountered exception java.io.IOException: Unexpected Storage Container Exception: java.lang.InterruptedException on the pipeline Pipeline[ Id: de88a177-bbe8-437e-af41-698563317d01, Nodes: 9e87f668-3d6b-4a03-b7be-4524552954d2{ip: 192.168.69.88, host: pr-hdds-2034-4gqpp-1260480586, networkLocation: /rack1, certSerialId: null}1483ffd7-1556-42e9-9661-641add415bbb{ip: 192.168.69.88, host: pr-hdds-2034-4gqpp-1260480586, networkLocation: /rack1, certSerialId: null}2e9f0457-bccb-4301-8e0c-10b4fb6c14fa{ip: 192.168.69.88, host: pr-hdds-2034-4gqpp-1260480586, networkLocation: /rack1, certSerialId: null}, Type:RATIS, Factor:THREE, State:OPEN]. The last committed block length is 0, uncommitted data length is 12 retry count 0
2019-10-25 04:00:05,145 [main] INFO  impl.RaftServerImpl (RaftServerImpl.java:lambda$shutdown$3(250)) - 4c2f9765-5180-41de-a695-1a264cca36d5@group-C5BA1605619E: shutdown
2019-10-25 04:00:05,146 [main] INFO  util.JmxRegister (JmxRegister.java:unregister(73)) - Successfully un-registered JMX Bean with object name Ratis:service=RaftServer,group=group-C5BA1605619E,id=4c2f9765-5180-41de-a695-1a264cca36d5
2019-10-25 04:00:05,146 [main] INFO  impl.RoleInfo (RoleInfo.java:shutdownLeaderState(104)) - 4c2f9765-5180-41de-a695-1a264cca36d5: shutdown LeaderState
2019-10-25 04:00:05,147 [main] INFO  impl.PendingRequests (PendingRequests.java:sendNotLeaderResponses(206)) - 4c2f9765-5180-41de-a695-1a264cca36d5@group-C5BA1605619E-PendingRequests: sendNotLeaderResponses
2019-10-25 04:00:05,148 [Thread-222] INFO  io.BlockOutputStreamEntryPool (BlockOutputStreamEntryPool.java:allocateNewBlock(257)) - Allocating block with ExcludeList {datanodes = [], containerIds = [], pipelineIds = [PipelineID=de88a177-bbe8-437e-af41-698563317d01]}
2019-10-25 04:00:05,153 [main] INFO  impl.StateMachineUpdater (StateMachineUpdater.java:stopAndJoin(136)) - 4c2f9765-5180-41de-a695-1a264cca36d5@group-C5BA1605619E-StateMachineUpdater: set stopIndex = 6
2019-10-25 04:00:05,153 [4c2f9765-5180-41de-a695-1a264cca36d5@group-C5BA1605619E-StateMachineUpdater] INFO  ratis.OzoneManagerStateMachine (OzoneManagerStateMachine.java:takeSnapshot(254)) - Saving Ratis snapshot on the OM.
2019-10-25 04:00:05,159 [4c2f9765-5180-41de-a695-1a264cca36d5@group-C5BA1605619E-StateMachineUpdater] INFO  ratis.OMRatisSnapshotInfo (OMRatisSnapshotInfo.java:saveRatisSnapshotToDisk(107)) - Saved Ratis Snapshot on the OM with snapshotIndex 5
2019-10-25 04:00:05,160 [4c2f9765-5180-41de-a695-1a264cca36d5@group-C5BA1605619E-StateMachineUpdater] INFO  impl.StateMachineUpdater (StateMachineUpdater.java:takeSnapshot(269)) - 4c2f9765-5180-41de-a695-1a264cca36d5@group-C5BA1605619E-StateMachineUpdater: Took a snapshot at index 5
2019-10-25 04:00:05,160 [4c2f9765-5180-41de-a695-1a264cca36d5@group-C5BA1605619E-StateMachineUpdater] INFO  impl.StateMachineUpdater (StateMachineUpdater.java:lambda$new$0(84)) - 4c2f9765-5180-41de-a695-1a264cca36d5@group-C5BA1605619E-StateMachineUpdater: snapshotIndex: updateIncreasingly -1 -> 5
2019-10-25 04:00:05,164 [4c2f9765-5180-41de-a695-1a264cca36d5@group-C5BA1605619E-StateMachineUpdater] INFO  ratis.OzoneManagerStateMachine (OzoneManagerStateMachine.java:takeSnapshot(254)) - Saving Ratis snapshot on the OM.
2019-10-25 04:00:05,165 [4c2f9765-5180-41de-a695-1a264cca36d5@group-C5BA1605619E-StateMachineUpdater] INFO  ratis.OMRatisSnapshotInfo (OMRatisSnapshotInfo.java:saveRatisSnapshotToDisk(107)) - Saved Ratis Snapshot on the OM with snapshotIndex 5
2019-10-25 04:00:05,165 [4c2f9765-5180-41de-a695-1a264cca36d5@group-C5BA1605619E-StateMachineUpdater] INFO  impl.StateMachineUpdater (StateMachineUpdater.java:takeSnapshot(269)) - 4c2f9765-5180-41de-a695-1a264cca36d5@group-C5BA1605619E-StateMachineUpdater: Took a snapshot at index 5
2019-10-25 04:00:05,165 [4c2f9765-5180-41de-a695-1a264cca36d5@group-C5BA1605619E-StateMachineUpdater] INFO  impl.StateMachineUpdater (StateMachineUpdater.java:lambda$new$0(84)) - 4c2f9765-5180-41de-a695-1a264cca36d5@group-C5BA1605619E-StateMachineUpdater: snapshotIndex: updateIncreasingly 5 -> 5
2019-10-25 04:00:05,165 [main] INFO  impl.RaftServerImpl (ServerState.java:close(387)) - 4c2f9765-5180-41de-a695-1a264cca36d5@group-C5BA1605619E: closes. applyIndex: 6
2019-10-25 04:00:05,167 [4c2f9765-5180-41de-a695-1a264cca36d5@group-C5BA1605619E-SegmentedRaftLogWorker] INFO  segmented.SegmentedRaftLogWorker (SegmentedRaftLogWorker.java:run(316)) - 4c2f9765-5180-41de-a695-1a264cca36d5@group-C5BA1605619E-SegmentedRaftLogWorker was interrupted, exiting. There are 0 tasks remaining in the queue.
2019-10-25 04:00:05,168 [main] INFO  segmented.SegmentedRaftLogWorker (SegmentedRaftLogWorker.java:close(224)) - 4c2f9765-5180-41de-a695-1a264cca36d5@group-C5BA1605619E-SegmentedRaftLogWorker close()
2019-10-25 04:00:05,172 [main] INFO  server.GrpcService (GrpcService.java:closeImpl(164)) - 4c2f9765-5180-41de-a695-1a264cca36d5: shutdown server with port 9872 now
2019-10-25 04:00:05,174 [main] INFO  server.GrpcService (GrpcService.java:closeImpl(172)) - 4c2f9765-5180-41de-a695-1a264cca36d5: shutdown server with port 9872 successfully
2019-10-25 04:00:05,174 [main] INFO  ratis.OzoneManagerDoubleBuffer (OzoneManagerDoubleBuffer.java:stop(255)) - Stopping OMDoubleBuffer flush thread
2019-10-25 04:00:05,175 [OMDoubleBufferFlushThread] INFO  ratis.OzoneManagerDoubleBuffer (OzoneManagerDoubleBuffer.java:flushTransactions(198)) - OMDoubleBuffer flush thread OMDoubleBufferFlushThread is interrupted and will exit. OMDoubleBufferFlushThread
2019-10-25 04:00:05,177 [main] INFO  utils.BackgroundService (BackgroundService.java:shutdown(151)) - Shutting down service KeyDeletingService
2019-10-25 04:00:05,183 [main] INFO  handler.ContextHandler (ContextHandler.java:doStop(910)) - Stopped o.e.j.w.WebAppContext@5d5160e6{/,null,UNAVAILABLE}{/ozoneManager}
2019-10-25 04:00:05,189 [main] INFO  server.AbstractConnector (AbstractConnector.java:doStop(318)) - Stopped ServerConnector@2eadc9f6{HTTP/1.1,[http/1.1]}{0.0.0.0:0}
2019-10-25 04:00:05,189 [main] INFO  handler.ContextHandler (ContextHandler.java:doStop(910)) - Stopped o.e.j.s.ServletContextHandler@5e671e20{/static,file:///workdir/hadoop-ozone/integration-test/target/test-classes/webapps/static,UNAVAILABLE}
2019-10-25 04:00:05,189 [main] INFO  handler.ContextHandler (ContextHandler.java:doStop(910)) - Stopped o.e.j.s.ServletContextHandler@59e43e8c{/logs,file:///workdir/hadoop-ozone/integration-test/target/log,UNAVAILABLE}
2019-10-25 04:00:05,205 [main] INFO  ozone.MiniOzoneClusterImpl (MiniOzoneClusterImpl.java:stopDatanodes(401)) - Stopping the HddsDatanodes
2019-10-25 04:00:05,575 [Datanode State Machine Thread - 0] INFO  statemachine.DatanodeStateMachine (DatanodeStateMachine.java:lambda$startDaemon$0(356)) - Ozone container server started.
2019-10-25 04:00:05,584 [Datanode State Machine Thread - 0] INFO  statemachine.DatanodeStateMachine (DatanodeStateMachine.java:lambda$startDaemon$0(356)) - Ozone container server started.
2019-10-25 04:00:06,159 [Thread-222] INFO  ipc.Client (Client.java:handleConnectionFailure(948)) - Retrying connect to server: localhost/127.0.0.1:42130. Already tried 0 time(s); retry policy is RetryUpToMaximumCountWithFixedSleep(maxRetries=10, sleepTime=1000 MILLISECONDS)
2019-10-25 04:00:07,160 [Thread-222] INFO  ipc.Client (Client.java:handleConnectionFailure(948)) - Retrying connect to server: localhost/127.0.0.1:42130. Already tried 1 time(s); retry policy is RetryUpToMaximumCountWithFixedSleep(maxRetries=10, sleepTime=1000 MILLISECONDS)
2019-10-25 04:00:08,162 [Thread-222] INFO  ipc.Client (Client.java:handleConnectionFailure(948)) - Retrying connect to server: localhost/127.0.0.1:42130. Already tried 2 time(s); retry policy is RetryUpToMaximumCountWithFixedSleep(maxRetries=10, sleepTime=1000 MILLISECONDS)
2019-10-25 04:00:09,164 [Thread-222] INFO  ipc.Client (Client.java:handleConnectionFailure(948)) - Retrying connect to server: localhost/127.0.0.1:42130. Already tried 3 time(s); retry policy is RetryUpToMaximumCountWithFixedSleep(maxRetries=10, sleepTime=1000 MILLISECONDS)
2019-10-25 04:00:10,165 [Thread-222] INFO  ipc.Client (Client.java:handleConnectionFailure(948)) - Retrying connect to server: localhost/127.0.0.1:42130. Already tried 4 time(s); retry policy is RetryUpToMaximumCountWithFixedSleep(maxRetries=10, sleepTime=1000 MILLISECONDS)
2019-10-25 04:00:10,211 [main] INFO  ozoneimpl.OzoneContainer (OzoneContainer.java:stop(227)) - Attempting to stop container services.
2019-10-25 04:00:10,211 [ForkJoinPool.commonPool-worker-0] INFO  ozoneimpl.OzoneContainer (OzoneContainer.java:stop(227)) - Attempting to stop container services.
2019-10-25 04:00:10,212 [main] INFO  impl.RaftServerProxy (RaftServerProxy.java:lambda$close$4(314)) - 2e9f0457-bccb-4301-8e0c-10b4fb6c14fa: close
2019-10-25 04:00:10,213 [ForkJoinPool.commonPool-worker-0] INFO  impl.RaftServerProxy (RaftServerProxy.java:lambda$close$4(314)) - 9e87f668-3d6b-4a03-b7be-4524552954d2: close
2019-10-25 04:00:10,213 [main] INFO  impl.RaftServerImpl (RaftServerImpl.java:lambda$shutdown$3(250)) - 2e9f0457-bccb-4301-8e0c-10b4fb6c14fa@group-B255CD6800B2: shutdown
2019-10-25 04:00:10,213 [ForkJoinPool.commonPool-worker-0] INFO  impl.RaftServerImpl (RaftServerImpl.java:lambda$shutdown$3(250)) - 9e87f668-3d6b-4a03-b7be-4524552954d2@group-F5C5C31F5FE0: shutdown
2019-10-25 04:00:10,214 [main] INFO  util.JmxRegister (JmxRegister.java:unregister(73)) - Successfully un-registered JMX Bean with object name Ratis:service=RaftServer,group=group-B255CD6800B2,id=2e9f0457-bccb-4301-8e0c-10b4fb6c14fa
2019-10-25 04:00:10,214 [ForkJoinPool.commonPool-worker-0] INFO  util.JmxRegister (JmxRegister.java:unregister(73)) - Successfully un-registered JMX Bean with object name Ratis:service=RaftServer,group=group-F5C5C31F5FE0,id=9e87f668-3d6b-4a03-b7be-4524552954d2
2019-10-25 04:00:10,214 [main] INFO  impl.RoleInfo (RoleInfo.java:shutdownLeaderState(104)) - 2e9f0457-bccb-4301-8e0c-10b4fb6c14fa: shutdown LeaderState
2019-10-25 04:00:10,215 [ForkJoinPool.commonPool-worker-0] INFO  impl.RoleInfo (RoleInfo.java:shutdownLeaderState(104)) - 9e87f668-3d6b-4a03-b7be-4524552954d2: shutdown LeaderState
2019-10-25 04:00:10,215 [main] INFO  impl.PendingRequests (PendingRequests.java:sendNotLeaderResponses(206)) - 2e9f0457-bccb-4301-8e0c-10b4fb6c14fa@group-B255CD6800B2-PendingRequests: sendNotLeaderResponses
2019-10-25 04:00:10,215 [ForkJoinPool.commonPool-worker-0] INFO  impl.PendingRequests (PendingRequests.java:sendNotLeaderResponses(206)) - 9e87f668-3d6b-4a03-b7be-4524552954d2@group-F5C5C31F5FE0-PendingRequests: sendNotLeaderResponses
2019-10-25 04:00:10,216 [main] INFO  impl.StateMachineUpdater (StateMachineUpdater.java:stopAndJoin(136)) - 2e9f0457-bccb-4301-8e0c-10b4fb6c14fa@group-B255CD6800B2-StateMachineUpdater: set stopIndex = 0
2019-10-25 04:00:10,216 [ForkJoinPool.commonPool-worker-0] INFO  impl.StateMachineUpdater (StateMachineUpdater.java:stopAndJoin(136)) - 9e87f668-3d6b-4a03-b7be-4524552954d2@group-F5C5C31F5FE0-StateMachineUpdater: set stopIndex = 0
2019-10-25 04:00:10,217 [main] INFO  impl.RaftServerImpl (ServerState.java:close(387)) - 2e9f0457-bccb-4301-8e0c-10b4fb6c14fa@group-B255CD6800B2: closes. applyIndex: 0
2019-10-25 04:00:10,217 [ForkJoinPool.commonPool-worker-0] INFO  impl.RaftServerImpl (ServerState.java:close(387)) - 9e87f668-3d6b-4a03-b7be-4524552954d2@group-F5C5C31F5FE0: closes. applyIndex: 0
2019-10-25 04:00:10,218 [2e9f0457-bccb-4301-8e0c-10b4fb6c14fa@group-B255CD6800B2-SegmentedRaftLogWorker] INFO  segmented.SegmentedRaftLogWorker (SegmentedRaftLogWorker.java:run(316)) - 2e9f0457-bccb-4301-8e0c-10b4fb6c14fa@group-B255CD6800B2-SegmentedRaftLogWorker was interrupted, exiting. There are 0 tasks remaining in the queue.
2019-10-25 04:00:10,218 [9e87f668-3d6b-4a03-b7be-4524552954d2@group-F5C5C31F5FE0-SegmentedRaftLogWorker] INFO  segmented.SegmentedRaftLogWorker (SegmentedRaftLogWorker.java:run(316)) - 9e87f668-3d6b-4a03-b7be-4524552954d2@group-F5C5C31F5FE0-SegmentedRaftLogWorker was interrupted, exiting. There are 0 tasks remaining in the queue.
2019-10-25 04:00:10,352 [ForkJoinPool.commonPool-worker-0] INFO  segmented.SegmentedRaftLogWorker (SegmentedRaftLogWorker.java:close(224)) - 9e87f668-3d6b-4a03-b7be-4524552954d2@group-F5C5C31F5FE0-SegmentedRaftLogWorker close()
2019-10-25 04:00:10,355 [ForkJoinPool.commonPool-worker-0] INFO  impl.RaftServerImpl (RaftServerImpl.java:lambda$shutdown$3(250)) - 9e87f668-3d6b-4a03-b7be-4524552954d2@group-698563317D01: shutdown
2019-10-25 04:00:10,356 [ForkJoinPool.commonPool-worker-0] INFO  util.JmxRegister (JmxRegister.java:unregister(73)) - Successfully un-registered JMX Bean with object name Ratis:service=RaftServer,group=group-698563317D01,id=9e87f668-3d6b-4a03-b7be-4524552954d2
2019-10-25 04:00:10,356 [ForkJoinPool.commonPool-worker-0] INFO  impl.RoleInfo (RoleInfo.java:shutdownFollowerState(121)) - 9e87f668-3d6b-4a03-b7be-4524552954d2: shutdown FollowerState
2019-10-25 04:00:10,356 [ForkJoinPool.commonPool-worker-0] INFO  impl.StateMachineUpdater (StateMachineUpdater.java:stopAndJoin(136)) - 9e87f668-3d6b-4a03-b7be-4524552954d2@group-698563317D01-StateMachineUpdater: set stopIndex = 3
2019-10-25 04:00:10,356 [Thread-295] INFO  impl.FollowerState (FollowerState.java:run(120)) - 9e87f668-3d6b-4a03-b7be-4524552954d2@group-698563317D01-FollowerState was interrupted: java.lang.InterruptedException: sleep interrupted
2019-10-25 04:00:10,358 [9e87f668-3d6b-4a03-b7be-4524552954d2@group-698563317D01-StateMachineUpdater] INFO  ratis.ContainerStateMachine (ContainerStateMachine.java:takeSnapshot(294)) - group-698563317D01: Taking a snapshot at:(t:2, i:1) file /workdir/hadoop-ozone/integration-test/target/test-dir/MiniOzoneClusterImpl-7dd9eb76-e729-491b-adf7-f704faccfc31/datanode-1/data/ratis/de88a177-bbe8-437e-af41-698563317d01/sm/snapshot.2_1
2019-10-25 04:00:10,404 [main] INFO  segmented.SegmentedRaftLogWorker (SegmentedRaftLogWorker.java:close(224)) - 2e9f0457-bccb-4301-8e0c-10b4fb6c14fa@group-B255CD6800B2-SegmentedRaftLogWorker close()
2019-10-25 04:00:10,407 [main] INFO  impl.RaftServerImpl (RaftServerImpl.java:lambda$shutdown$3(250)) - 2e9f0457-bccb-4301-8e0c-10b4fb6c14fa@group-698563317D01: shutdown
2019-10-25 04:00:10,407 [main] INFO  util.JmxRegister (JmxRegister.java:unregister(73)) - Successfully un-registered JMX Bean with object name Ratis:service=RaftServer,group=group-698563317D01,id=2e9f0457-bccb-4301-8e0c-10b4fb6c14fa
2019-10-25 04:00:10,408 [main] INFO  impl.RoleInfo (RoleInfo.java:shutdownFollowerState(121)) - 2e9f0457-bccb-4301-8e0c-10b4fb6c14fa: shutdown FollowerState
2019-10-25 04:00:10,408 [main] INFO  impl.StateMachineUpdater (StateMachineUpdater.java:stopAndJoin(136)) - 2e9f0457-bccb-4301-8e0c-10b4fb6c14fa@group-698563317D01-StateMachineUpdater: set stopIndex = 3
2019-10-25 04:00:10,408 [2e9f0457-bccb-4301-8e0c-10b4fb6c14fa@group-698563317D01-StateMachineUpdater] INFO  ratis.ContainerStateMachine (ContainerStateMachine.java:takeSnapshot(294)) - group-698563317D01: Taking a snapshot at:(t:2, i:1) file /workdir/hadoop-ozone/integration-test/target/test-dir/MiniOzoneClusterImpl-7dd9eb76-e729-491b-adf7-f704faccfc31/datanode-2/data/ratis/de88a177-bbe8-437e-af41-698563317d01/sm/snapshot.2_1
2019-10-25 04:00:10,408 [Thread-293] INFO  impl.FollowerState (FollowerState.java:run(120)) - 2e9f0457-bccb-4301-8e0c-10b4fb6c14fa@group-698563317D01-FollowerState was interrupted: java.lang.InterruptedException: sleep interrupted
2019-10-25 04:00:10,435 [2e9f0457-bccb-4301-8e0c-10b4fb6c14fa@group-698563317D01-StateMachineUpdater] INFO  ratis.ContainerStateMachine (ContainerStateMachine.java:takeSnapshot(305)) - group-698563317D01: Finished taking a snapshot at:(t:2, i:1) file:/workdir/hadoop-ozone/integration-test/target/test-dir/MiniOzoneClusterImpl-7dd9eb76-e729-491b-adf7-f704faccfc31/datanode-2/data/ratis/de88a177-bbe8-437e-af41-698563317d01/sm/snapshot.2_1 time:27
2019-10-25 04:00:10,436 [9e87f668-3d6b-4a03-b7be-4524552954d2@group-698563317D01-StateMachineUpdater] INFO  ratis.ContainerStateMachine (ContainerStateMachine.java:takeSnapshot(305)) - group-698563317D01: Finished taking a snapshot at:(t:2, i:1) file:/workdir/hadoop-ozone/integration-test/target/test-dir/MiniOzoneClusterImpl-7dd9eb76-e729-491b-adf7-f704faccfc31/datanode-1/data/ratis/de88a177-bbe8-437e-af41-698563317d01/sm/snapshot.2_1 time:79
2019-10-25 04:00:10,437 [9e87f668-3d6b-4a03-b7be-4524552954d2@group-698563317D01-StateMachineUpdater] INFO  impl.StateMachineUpdater (StateMachineUpdater.java:takeSnapshot(269)) - 9e87f668-3d6b-4a03-b7be-4524552954d2@group-698563317D01-StateMachineUpdater: Took a snapshot at index 1
2019-10-25 04:00:10,437 [2e9f0457-bccb-4301-8e0c-10b4fb6c14fa@group-698563317D01-StateMachineUpdater] INFO  impl.StateMachineUpdater (StateMachineUpdater.java:takeSnapshot(269)) - 2e9f0457-bccb-4301-8e0c-10b4fb6c14fa@group-698563317D01-StateMachineUpdater: Took a snapshot at index 1
2019-10-25 04:00:10,437 [9e87f668-3d6b-4a03-b7be-4524552954d2@group-698563317D01-StateMachineUpdater] INFO  impl.StateMachineUpdater (StateMachineUpdater.java:lambda$new$0(84)) - 9e87f668-3d6b-4a03-b7be-4524552954d2@group-698563317D01-StateMachineUpdater: snapshotIndex: updateIncreasingly -1 -> 1
2019-10-25 04:00:10,437 [2e9f0457-bccb-4301-8e0c-10b4fb6c14fa@group-698563317D01-StateMachineUpdater] INFO  impl.StateMachineUpdater (StateMachineUpdater.java:lambda$new$0(84)) - 2e9f0457-bccb-4301-8e0c-10b4fb6c14fa@group-698563317D01-StateMachineUpdater: snapshotIndex: updateIncreasingly -1 -> 1
2019-10-25 04:00:10,438 [2e9f0457-bccb-4301-8e0c-10b4fb6c14fa@group-698563317D01-StateMachineUpdater] INFO  ratis.ContainerStateMachine (ContainerStateMachine.java:takeSnapshot(294)) - group-698563317D01: Taking a snapshot at:(t:2, i:1) file /workdir/hadoop-ozone/integration-test/target/test-dir/MiniOzoneClusterImpl-7dd9eb76-e729-491b-adf7-f704faccfc31/datanode-2/data/ratis/de88a177-bbe8-437e-af41-698563317d01/sm/snapshot.2_1
2019-10-25 04:00:10,438 [9e87f668-3d6b-4a03-b7be-4524552954d2@group-698563317D01-StateMachineUpdater] INFO  ratis.ContainerStateMachine (ContainerStateMachine.java:takeSnapshot(294)) - group-698563317D01: Taking a snapshot at:(t:2, i:1) file /workdir/hadoop-ozone/integration-test/target/test-dir/MiniOzoneClusterImpl-7dd9eb76-e729-491b-adf7-f704faccfc31/datanode-1/data/ratis/de88a177-bbe8-437e-af41-698563317d01/sm/snapshot.2_1
2019-10-25 04:00:10,455 [2e9f0457-bccb-4301-8e0c-10b4fb6c14fa@group-698563317D01-StateMachineUpdater] INFO  ratis.ContainerStateMachine (ContainerStateMachine.java:takeSnapshot(305)) - group-698563317D01: Finished taking a snapshot at:(t:2, i:1) file:/workdir/hadoop-ozone/integration-test/target/test-dir/MiniOzoneClusterImpl-7dd9eb76-e729-491b-adf7-f704faccfc31/datanode-2/data/ratis/de88a177-bbe8-437e-af41-698563317d01/sm/snapshot.2_1 time:18
2019-10-25 04:00:10,455 [9e87f668-3d6b-4a03-b7be-4524552954d2@group-698563317D01-StateMachineUpdater] INFO  ratis.ContainerStateMachine (ContainerStateMachine.java:takeSnapshot(305)) - group-698563317D01: Finished taking a snapshot at:(t:2, i:1) file:/workdir/hadoop-ozone/integration-test/target/test-dir/MiniOzoneClusterImpl-7dd9eb76-e729-491b-adf7-f704faccfc31/datanode-1/data/ratis/de88a177-bbe8-437e-af41-698563317d01/sm/snapshot.2_1 time:18
2019-10-25 04:00:10,455 [2e9f0457-bccb-4301-8e0c-10b4fb6c14fa@group-698563317D01-StateMachineUpdater] INFO  impl.StateMachineUpdater (StateMachineUpdater.java:takeSnapshot(269)) - 2e9f0457-bccb-4301-8e0c-10b4fb6c14fa@group-698563317D01-StateMachineUpdater: Took a snapshot at index 1
2019-10-25 04:00:10,456 [2e9f0457-bccb-4301-8e0c-10b4fb6c14fa@group-698563317D01-StateMachineUpdater] INFO  impl.StateMachineUpdater (StateMachineUpdater.java:lambda$new$0(84)) - 2e9f0457-bccb-4301-8e0c-10b4fb6c14fa@group-698563317D01-StateMachineUpdater: snapshotIndex: updateIncreasingly 1 -> 1
2019-10-25 04:00:10,456 [9e87f668-3d6b-4a03-b7be-4524552954d2@group-698563317D01-StateMachineUpdater] INFO  impl.StateMachineUpdater (StateMachineUpdater.java:takeSnapshot(269)) - 9e87f668-3d6b-4a03-b7be-4524552954d2@group-698563317D01-StateMachineUpdater: Took a snapshot at index 1
2019-10-25 04:00:10,456 [9e87f668-3d6b-4a03-b7be-4524552954d2@group-698563317D01-StateMachineUpdater] INFO  impl.StateMachineUpdater (StateMachineUpdater.java:lambda$new$0(84)) - 9e87f668-3d6b-4a03-b7be-4524552954d2@group-698563317D01-StateMachineUpdater: snapshotIndex: updateIncreasingly 1 -> 1
2019-10-25 04:00:10,456 [main] INFO  impl.RaftServerImpl (ServerState.java:close(387)) - 2e9f0457-bccb-4301-8e0c-10b4fb6c14fa@group-698563317D01: closes. applyIndex: 3
2019-10-25 04:00:10,456 [ForkJoinPool.commonPool-worker-0] INFO  impl.RaftServerImpl (ServerState.java:close(387)) - 9e87f668-3d6b-4a03-b7be-4524552954d2@group-698563317D01: closes. applyIndex: 3
2019-10-25 04:00:10,457 [2e9f0457-bccb-4301-8e0c-10b4fb6c14fa@group-698563317D01-SegmentedRaftLogWorker] INFO  segmented.SegmentedRaftLogWorker (SegmentedRaftLogWorker.java:run(316)) - 2e9f0457-bccb-4301-8e0c-10b4fb6c14fa@group-698563317D01-SegmentedRaftLogWorker was interrupted, exiting. There are 0 tasks remaining in the queue.
2019-10-25 04:00:10,457 [9e87f668-3d6b-4a03-b7be-4524552954d2@group-698563317D01-SegmentedRaftLogWorker] INFO  segmented.SegmentedRaftLogWorker (SegmentedRaftLogWorker.java:run(316)) - 9e87f668-3d6b-4a03-b7be-4524552954d2@group-698563317D01-SegmentedRaftLogWorker was interrupted, exiting. There are 0 tasks remaining in the queue.
2019-10-25 04:00:10,459 [main] INFO  segmented.SegmentedRaftLogWorker (SegmentedRaftLogWorker.java:close(224)) - 2e9f0457-bccb-4301-8e0c-10b4fb6c14fa@group-698563317D01-SegmentedRaftLogWorker close()
2019-10-25 04:00:10,459 [ForkJoinPool.commonPool-worker-0] INFO  segmented.SegmentedRaftLogWorker (SegmentedRaftLogWorker.java:close(224)) - 9e87f668-3d6b-4a03-b7be-4524552954d2@group-698563317D01-SegmentedRaftLogWorker close()
2019-10-25 04:00:10,461 [main] INFO  server.GrpcService (GrpcService.java:closeImpl(164)) - 2e9f0457-bccb-4301-8e0c-10b4fb6c14fa: shutdown server with port 40160 now
2019-10-25 04:00:10,461 [ForkJoinPool.commonPool-worker-0] INFO  server.GrpcService (GrpcService.java:closeImpl(164)) - 9e87f668-3d6b-4a03-b7be-4524552954d2: shutdown server with port 41122 now
2019-10-25 04:00:10,466 [grpc-default-executor-6] WARN  server.GrpcServerProtocolService (LogUtils.java:warn(134)) - 2e9f0457-bccb-4301-8e0c-10b4fb6c14fa: installSnapshot onError, lastRequest: 1483ffd7-1556-42e9-9661-641add415bbb->2e9f0457-bccb-4301-8e0c-10b4fb6c14fa#19-t3, previous=(t:3, i:3), leaderCommit=3, initializing? false, entries: <empty>: org.apache.ratis.thirdparty.io.grpc.StatusRuntimeException: CANCELLED: cancelled before receiving half close
2019-10-25 04:00:10,466 [grpc-default-executor-1] WARN  server.GrpcServerProtocolService (LogUtils.java:warn(134)) - 9e87f668-3d6b-4a03-b7be-4524552954d2: installSnapshot onError, lastRequest: 1483ffd7-1556-42e9-9661-641add415bbb->9e87f668-3d6b-4a03-b7be-4524552954d2#19-t3, previous=(t:3, i:3), leaderCommit=3, initializing? false, entries: <empty>: org.apache.ratis.thirdparty.io.grpc.StatusRuntimeException: CANCELLED: cancelled before receiving half close
2019-10-25 04:00:10,470 [grpc-default-executor-5] WARN  server.GrpcLogAppender (LogUtils.java:warn(134)) - 1483ffd7-1556-42e9-9661-641add415bbb@group-698563317D01->2e9f0457-bccb-4301-8e0c-10b4fb6c14fa-AppendLogResponseHandler: Failed appendEntries: org.apache.ratis.thirdparty.io.grpc.StatusRuntimeException: CANCELLED: HTTP/2 error code: CANCEL
Received Rst Stream
2019-10-25 04:00:10,470 [grpc-default-executor-6] WARN  server.GrpcLogAppender (LogUtils.java:warn(134)) - 1483ffd7-1556-42e9-9661-641add415bbb@group-698563317D01->9e87f668-3d6b-4a03-b7be-4524552954d2-AppendLogResponseHandler: Failed appendEntries: org.apache.ratis.thirdparty.io.grpc.StatusRuntimeException: CANCELLED: HTTP/2 error code: CANCEL
Received Rst Stream
2019-10-25 04:00:10,473 [ForkJoinPool.commonPool-worker-0] INFO  server.GrpcService (GrpcService.java:closeImpl(172)) - 9e87f668-3d6b-4a03-b7be-4524552954d2: shutdown server with port 41122 successfully
2019-10-25 04:00:10,473 [main] INFO  server.GrpcService (GrpcService.java:closeImpl(172)) - 2e9f0457-bccb-4301-8e0c-10b4fb6c14fa: shutdown server with port 40160 successfully
2019-10-25 04:00:10,476 [refreshUsed-/workdir/hadoop-ozone/integration-test/target/test-dir/MiniOzoneClusterImpl-7dd9eb76-e729-491b-adf7-f704faccfc31/datanode-1/data/containers] WARN  fs.CachingGetSpaceUsed (CachingGetSpaceUsed.java:run(183)) - Thread Interrupted waiting to refresh disk information: sleep interrupted
2019-10-25 04:00:10,481 [refreshUsed-/workdir/hadoop-ozone/integration-test/target/test-dir/MiniOzoneClusterImpl-7dd9eb76-e729-491b-adf7-f704faccfc31/datanode-2/data/containers] WARN  fs.CachingGetSpaceUsed (CachingGetSpaceUsed.java:run(183)) - Thread Interrupted waiting to refresh disk information: sleep interrupted
2019-10-25 04:00:10,503 [ForkJoinPool.commonPool-worker-0] INFO  utils.BackgroundService (BackgroundService.java:shutdown(151)) - Shutting down service BlockDeletingService
2019-10-25 04:00:10,503 [main] INFO  utils.BackgroundService (BackgroundService.java:shutdown(151)) - Shutting down service BlockDeletingService
2019-10-25 04:00:10,506 [ForkJoinPool.commonPool-worker-0] INFO  statemachine.DatanodeStateMachine (DatanodeStateMachine.java:stopDaemon(401)) - Ozone container server stopped.
2019-10-25 04:00:10,507 [main] INFO  statemachine.DatanodeStateMachine (DatanodeStateMachine.java:stopDaemon(401)) - Ozone container server stopped.
2019-10-25 04:00:10,509 [ForkJoinPool.commonPool-worker-0] INFO  handler.ContextHandler (ContextHandler.java:doStop(910)) - Stopped o.e.j.w.WebAppContext@57f9b467{/,null,UNAVAILABLE}{/hddsDatanode}
2019-10-25 04:00:10,509 [main] INFO  handler.ContextHandler (ContextHandler.java:doStop(910)) - Stopped o.e.j.w.WebAppContext@4cbc2e3b{/,null,UNAVAILABLE}{/hddsDatanode}
2019-10-25 04:00:10,510 [ForkJoinPool.commonPool-worker-0] INFO  server.AbstractConnector (AbstractConnector.java:doStop(318)) - Stopped ServerConnector@6d5c2745{HTTP/1.1,[http/1.1]}{0.0.0.0:0}
2019-10-25 04:00:10,510 [main] INFO  server.AbstractConnector (AbstractConnector.java:doStop(318)) - Stopped ServerConnector@2975a9e{HTTP/1.1,[http/1.1]}{0.0.0.0:0}
2019-10-25 04:00:10,510 [ForkJoinPool.commonPool-worker-0] INFO  handler.ContextHandler (ContextHandler.java:doStop(910)) - Stopped o.e.j.s.ServletContextHandler@7fb66650{/static,jar:file:/home/user/.m2/repository/org/apache/hadoop/hadoop-hdds-container-service/0.5.0-SNAPSHOT/hadoop-hdds-container-service-0.5.0-SNAPSHOT.jar!/webapps/static,UNAVAILABLE}
2019-10-25 04:00:10,511 [main] INFO  handler.ContextHandler (ContextHandler.java:doStop(910)) - Stopped o.e.j.s.ServletContextHandler@1f53481b{/static,jar:file:/home/user/.m2/repository/org/apache/hadoop/hadoop-hdds-container-service/0.5.0-SNAPSHOT/hadoop-hdds-container-service-0.5.0-SNAPSHOT.jar!/webapps/static,UNAVAILABLE}
2019-10-25 04:00:10,511 [ForkJoinPool.commonPool-worker-0] INFO  handler.ContextHandler (ContextHandler.java:doStop(910)) - Stopped o.e.j.s.ServletContextHandler@2da3b078{/logs,file:///workdir/hadoop-ozone/integration-test/target/log,UNAVAILABLE}
2019-10-25 04:00:10,512 [main] INFO  handler.ContextHandler (ContextHandler.java:doStop(910)) - Stopped o.e.j.s.ServletContextHandler@714f3da4{/logs,file:///workdir/hadoop-ozone/integration-test/target/log,UNAVAILABLE}
2019-10-25 04:00:10,576 [Datanode State Machine Thread - 0] INFO  statemachine.DatanodeStateMachine (DatanodeStateMachine.java:lambda$startDaemon$0(356)) - Ozone container server started.
2019-10-25 04:00:10,811 [Datanode State Machine Thread - 0] INFO  statemachine.DatanodeStateMachine (DatanodeStateMachine.java:lambda$startDaemon$0(356)) - Ozone container server started.
2019-10-25 04:00:11,166 [Thread-222] INFO  ipc.Client (Client.java:handleConnectionFailure(948)) - Retrying connect to server: localhost/127.0.0.1:42130. Already tried 5 time(s); retry policy is RetryUpToMaximumCountWithFixedSleep(maxRetries=10, sleepTime=1000 MILLISECONDS)
2019-10-25 04:00:12,167 [Thread-222] INFO  ipc.Client (Client.java:handleConnectionFailure(948)) - Retrying connect to server: localhost/127.0.0.1:42130. Already tried 6 time(s); retry policy is RetryUpToMaximumCountWithFixedSleep(maxRetries=10, sleepTime=1000 MILLISECONDS)
2019-10-25 04:00:13,168 [Thread-222] INFO  ipc.Client (Client.java:handleConnectionFailure(948)) - Retrying connect to server: localhost/127.0.0.1:42130. Already tried 7 time(s); retry policy is RetryUpToMaximumCountWithFixedSleep(maxRetries=10, sleepTime=1000 MILLISECONDS)
2019-10-25 04:00:14,170 [Thread-222] INFO  ipc.Client (Client.java:handleConnectionFailure(948)) - Retrying connect to server: localhost/127.0.0.1:42130. Already tried 8 time(s); retry policy is RetryUpToMaximumCountWithFixedSleep(maxRetries=10, sleepTime=1000 MILLISECONDS)
2019-10-25 04:00:14,994 [java.util.concurrent.ThreadPoolExecutor$Worker@2de377d0[State = -1, empty queue]] WARN  server.GrpcLogAppender (GrpcLogAppender.java:timeoutAppendRequest(209)) - 1483ffd7-1556-42e9-9661-641add415bbb@group-698563317D01->9e87f668-3d6b-4a03-b7be-4524552954d2-GrpcLogAppender: appendEntries Timeout, request=1483ffd7-1556-42e9-9661-641add415bbb->9e87f668-3d6b-4a03-b7be-4524552954d2#20-t3, previous=(t:3, i:3), leaderCommit=3, initializing? false, entries: <empty>
2019-10-25 04:00:14,994 [java.util.concurrent.ThreadPoolExecutor$Worker@21b1b45e[State = -1, empty queue]] WARN  server.GrpcLogAppender (GrpcLogAppender.java:timeoutAppendRequest(209)) - 1483ffd7-1556-42e9-9661-641add415bbb@group-698563317D01->2e9f0457-bccb-4301-8e0c-10b4fb6c14fa-GrpcLogAppender: appendEntries Timeout, request=1483ffd7-1556-42e9-9661-641add415bbb->2e9f0457-bccb-4301-8e0c-10b4fb6c14fa#20-t3, previous=(t:3, i:3), leaderCommit=3, initializing? false, entries: <empty>
2019-10-25 04:00:15,174 [Thread-222] INFO  ipc.Client (Client.java:handleConnectionFailure(948)) - Retrying connect to server: localhost/127.0.0.1:42130. Already tried 9 time(s); retry policy is RetryUpToMaximumCountWithFixedSleep(maxRetries=10, sleepTime=1000 MILLISECONDS)
2019-10-25 04:00:15,182 [Thread-222] INFO  retry.RetryInvocationHandler (RetryInvocationHandler.java:log(411)) - com.google.protobuf.ServiceException: java.net.ConnectException: Call From pr-hdds-2034-4gqpp-1260480586/192.168.69.88 to localhost:42130 failed on connection exception: java.net.ConnectException: Connection refused; For more details see:  http://wiki.apache.org/hadoop/ConnectionRefused, while invoking $Proxy36.submitRequest over nodeId=null,nodeAddress=localhost:42130. Trying to failover immediately.
2019-10-25 04:00:15,515 [main] INFO  ozoneimpl.OzoneContainer (OzoneContainer.java:stop(227)) - Attempting to stop container services.
2019-10-25 04:00:15,515 [ForkJoinPool.commonPool-worker-0] INFO  ozoneimpl.OzoneContainer (OzoneContainer.java:stop(227)) - Attempting to stop container services.
2019-10-25 04:00:15,519 [main] INFO  impl.RaftServerProxy (RaftServerProxy.java:lambda$close$4(314)) - b79e3bf1-7438-438f-808c-2f805593d4c4: close
2019-10-25 04:00:15,519 [ForkJoinPool.commonPool-worker-0] INFO  impl.RaftServerProxy (RaftServerProxy.java:lambda$close$4(314)) - 1483ffd7-1556-42e9-9661-641add415bbb: close
2019-10-25 04:00:15,520 [main] INFO  impl.RaftServerImpl (RaftServerImpl.java:lambda$shutdown$3(250)) - b79e3bf1-7438-438f-808c-2f805593d4c4@group-5433A8D66994: shutdown
2019-10-25 04:00:15,520 [ForkJoinPool.commonPool-worker-0] INFO  impl.RaftServerImpl (RaftServerImpl.java:lambda$shutdown$3(250)) - 1483ffd7-1556-42e9-9661-641add415bbb@group-0CDD7692D260: shutdown
2019-10-25 04:00:15,520 [main] INFO  util.JmxRegister (JmxRegister.java:unregister(73)) - Successfully un-registered JMX Bean with object name Ratis:service=RaftServer,group=group-5433A8D66994,id=b79e3bf1-7438-438f-808c-2f805593d4c4
2019-10-25 04:00:15,520 [ForkJoinPool.commonPool-worker-0] INFO  util.JmxRegister (JmxRegister.java:unregister(73)) - Successfully un-registered JMX Bean with object name Ratis:service=RaftServer,group=group-0CDD7692D260,id=1483ffd7-1556-42e9-9661-641add415bbb
2019-10-25 04:00:15,520 [main] INFO  impl.RoleInfo (RoleInfo.java:shutdownLeaderState(104)) - b79e3bf1-7438-438f-808c-2f805593d4c4: shutdown LeaderState
2019-10-25 04:00:15,521 [ForkJoinPool.commonPool-worker-0] INFO  impl.RoleInfo (RoleInfo.java:shutdownLeaderState(104)) - 1483ffd7-1556-42e9-9661-641add415bbb: shutdown LeaderState
2019-10-25 04:00:15,521 [main] INFO  impl.PendingRequests (PendingRequests.java:sendNotLeaderResponses(206)) - b79e3bf1-7438-438f-808c-2f805593d4c4@group-5433A8D66994-PendingRequests: sendNotLeaderResponses
2019-10-25 04:00:15,521 [ForkJoinPool.commonPool-worker-0] INFO  impl.PendingRequests (PendingRequests.java:sendNotLeaderResponses(206)) - 1483ffd7-1556-42e9-9661-641add415bbb@group-0CDD7692D260-PendingRequests: sendNotLeaderResponses
2019-10-25 04:00:15,522 [main] INFO  impl.StateMachineUpdater (StateMachineUpdater.java:stopAndJoin(136)) - b79e3bf1-7438-438f-808c-2f805593d4c4@group-5433A8D66994-StateMachineUpdater: set stopIndex = 0
2019-10-25 04:00:15,522 [ForkJoinPool.commonPool-worker-0] INFO  impl.StateMachineUpdater (StateMachineUpdater.java:stopAndJoin(136)) - 1483ffd7-1556-42e9-9661-641add415bbb@group-0CDD7692D260-StateMachineUpdater: set stopIndex = 0
2019-10-25 04:00:15,523 [ForkJoinPool.commonPool-worker-0] INFO  impl.RaftServerImpl (ServerState.java:close(387)) - 1483ffd7-1556-42e9-9661-641add415bbb@group-0CDD7692D260: closes. applyIndex: 0
2019-10-25 04:00:15,523 [main] INFO  impl.RaftServerImpl (ServerState.java:close(387)) - b79e3bf1-7438-438f-808c-2f805593d4c4@group-5433A8D66994: closes. applyIndex: 0
2019-10-25 04:00:15,523 [1483ffd7-1556-42e9-9661-641add415bbb@group-0CDD7692D260-SegmentedRaftLogWorker] INFO  segmented.SegmentedRaftLogWorker (SegmentedRaftLogWorker.java:run(316)) - 1483ffd7-1556-42e9-9661-641add415bbb@group-0CDD7692D260-SegmentedRaftLogWorker was interrupted, exiting. There are 0 tasks remaining in the queue.
2019-10-25 04:00:15,523 [b79e3bf1-7438-438f-808c-2f805593d4c4@group-5433A8D66994-SegmentedRaftLogWorker] INFO  segmented.SegmentedRaftLogWorker (SegmentedRaftLogWorker.java:run(316)) - b79e3bf1-7438-438f-808c-2f805593d4c4@group-5433A8D66994-SegmentedRaftLogWorker was interrupted, exiting. There are 0 tasks remaining in the queue.
2019-10-25 04:00:15,525 [ForkJoinPool.commonPool-worker-0] INFO  segmented.SegmentedRaftLogWorker (SegmentedRaftLogWorker.java:close(224)) - 1483ffd7-1556-42e9-9661-641add415bbb@group-0CDD7692D260-SegmentedRaftLogWorker close()
2019-10-25 04:00:15,525 [main] INFO  segmented.SegmentedRaftLogWorker (SegmentedRaftLogWorker.java:close(224)) - b79e3bf1-7438-438f-808c-2f805593d4c4@group-5433A8D66994-SegmentedRaftLogWorker close()
2019-10-25 04:00:15,526 [ForkJoinPool.commonPool-worker-0] INFO  impl.RaftServerImpl (RaftServerImpl.java:lambda$shutdown$3(250)) - 1483ffd7-1556-42e9-9661-641add415bbb@group-698563317D01: shutdown
2019-10-25 04:00:15,528 [main] INFO  server.GrpcService (GrpcService.java:closeImpl(164)) - b79e3bf1-7438-438f-808c-2f805593d4c4: shutdown server with port 42175 now
2019-10-25 04:00:15,528 [ForkJoinPool.commonPool-worker-0] INFO  util.JmxRegister (JmxRegister.java:unregister(73)) - Successfully un-registered JMX Bean with object name Ratis:service=RaftServer,group=group-698563317D01,id=1483ffd7-1556-42e9-9661-641add415bbb
2019-10-25 04:00:15,528 [ForkJoinPool.commonPool-worker-0] INFO  impl.RoleInfo (RoleInfo.java:shutdownLeaderState(104)) - 1483ffd7-1556-42e9-9661-641add415bbb: shutdown LeaderState
2019-10-25 04:00:15,530 [ForkJoinPool.commonPool-worker-0] INFO  impl.PendingRequests (PendingRequests.java:sendNotLeaderResponses(206)) - 1483ffd7-1556-42e9-9661-641add415bbb@group-698563317D01-PendingRequests: sendNotLeaderResponses
2019-10-25 04:00:15,530 [org.apache.ratis.server.impl.LogAppender$AppenderDaemon$$Lambda$561/1918220289@74a1e4ab] WARN  server.GrpcLogAppender (GrpcLogAppender.java:mayWait(149)) - 1483ffd7-1556-42e9-9661-641add415bbb@group-698563317D01->9e87f668-3d6b-4a03-b7be-4524552954d2-GrpcLogAppender: Wait interrupted by java.lang.InterruptedException
2019-10-25 04:00:15,530 [org.apache.ratis.server.impl.LogAppender$AppenderDaemon$$Lambda$561/1918220289@31a3645b] WARN  server.GrpcLogAppender (GrpcLogAppender.java:mayWait(149)) - 1483ffd7-1556-42e9-9661-641add415bbb@group-698563317D01->2e9f0457-bccb-4301-8e0c-10b4fb6c14fa-GrpcLogAppender: Wait interrupted by java.lang.InterruptedException
2019-10-25 04:00:15,530 [main] INFO  server.GrpcService (GrpcService.java:closeImpl(172)) - b79e3bf1-7438-438f-808c-2f805593d4c4: shutdown server with port 42175 successfully
2019-10-25 04:00:15,535 [ForkJoinPool.commonPool-worker-0] INFO  impl.StateMachineUpdater (StateMachineUpdater.java:stopAndJoin(136)) - 1483ffd7-1556-42e9-9661-641add415bbb@group-698563317D01-StateMachineUpdater: set stopIndex = 3
2019-10-25 04:00:15,537 [ForkJoinPool.commonPool-worker-0] INFO  impl.RaftServerImpl (ServerState.java:close(387)) - 1483ffd7-1556-42e9-9661-641add415bbb@group-698563317D01: closes. applyIndex: 3
2019-10-25 04:00:15,538 [1483ffd7-1556-42e9-9661-641add415bbb@group-698563317D01-SegmentedRaftLogWorker] INFO  segmented.SegmentedRaftLogWorker (SegmentedRaftLogWorker.java:run(316)) - 1483ffd7-1556-42e9-9661-641add415bbb@group-698563317D01-SegmentedRaftLogWorker was interrupted, exiting. There are 0 tasks remaining in the queue.
2019-10-25 04:00:15,540 [ForkJoinPool.commonPool-worker-0] INFO  segmented.SegmentedRaftLogWorker (SegmentedRaftLogWorker.java:close(224)) - 1483ffd7-1556-42e9-9661-641add415bbb@group-698563317D01-SegmentedRaftLogWorker close()
2019-10-25 04:00:15,543 [ForkJoinPool.commonPool-worker-0] INFO  server.GrpcService (GrpcService.java:closeImpl(164)) - 1483ffd7-1556-42e9-9661-641add415bbb: shutdown server with port 38003 now
2019-10-25 04:00:15,552 [ForkJoinPool.commonPool-worker-0] INFO  server.GrpcService (GrpcService.java:closeImpl(172)) - 1483ffd7-1556-42e9-9661-641add415bbb: shutdown server with port 38003 successfully
2019-10-25 04:00:15,559 [refreshUsed-/workdir/hadoop-ozone/integration-test/target/test-dir/MiniOzoneClusterImpl-7dd9eb76-e729-491b-adf7-f704faccfc31/datanode-3/data/containers] WARN  fs.CachingGetSpaceUsed (CachingGetSpaceUsed.java:run(183)) - Thread Interrupted waiting to refresh disk information: sleep interrupted
2019-10-25 04:00:15,570 [refreshUsed-/workdir/hadoop-ozone/integration-test/target/test-dir/MiniOzoneClusterImpl-7dd9eb76-e729-491b-adf7-f704faccfc31/datanode-0/data/containers] WARN  fs.CachingGetSpaceUsed (CachingGetSpaceUsed.java:run(183)) - Thread Interrupted waiting to refresh disk information: sleep interrupted
2019-10-25 04:00:15,578 [main] INFO  utils.BackgroundService (BackgroundService.java:shutdown(151)) - Shutting down service BlockDeletingService
2019-10-25 04:00:15,581 [main] INFO  statemachine.DatanodeStateMachine (DatanodeStateMachine.java:stopDaemon(401)) - Ozone container server stopped.
2019-10-25 04:00:15,583 [main] INFO  handler.ContextHandler (ContextHandler.java:doStop(910)) - Stopped o.e.j.w.WebAppContext@1e0a864d{/,null,UNAVAILABLE}{/hddsDatanode}
2019-10-25 04:00:15,584 [main] INFO  server.AbstractConnector (AbstractConnector.java:doStop(318)) - Stopped ServerConnector@440e3ce6{HTTP/1.1,[http/1.1]}{0.0.0.0:0}
2019-10-25 04:00:15,584 [main] INFO  handler.ContextHandler (ContextHandler.java:doStop(910)) - Stopped o.e.j.s.ServletContextHandler@5d8ab698{/static,jar:file:/home/user/.m2/repository/org/apache/hadoop/hadoop-hdds-container-service/0.5.0-SNAPSHOT/hadoop-hdds-container-service-0.5.0-SNAPSHOT.jar!/webapps/static,UNAVAILABLE}
2019-10-25 04:00:15,585 [main] INFO  handler.ContextHandler (ContextHandler.java:doStop(910)) - Stopped o.e.j.s.ServletContextHandler@f88bfbe{/logs,file:///workdir/hadoop-ozone/integration-test/target/log,UNAVAILABLE}
2019-10-25 04:00:15,589 [ForkJoinPool.commonPool-worker-0] INFO  utils.BackgroundService (BackgroundService.java:shutdown(151)) - Shutting down service BlockDeletingService
2019-10-25 04:00:15,590 [ForkJoinPool.commonPool-worker-0] INFO  statemachine.DatanodeStateMachine (DatanodeStateMachine.java:stopDaemon(401)) - Ozone container server stopped.
2019-10-25 04:00:15,592 [ForkJoinPool.commonPool-worker-0] INFO  handler.ContextHandler (ContextHandler.java:doStop(910)) - Stopped o.e.j.w.WebAppContext@648d0e6d{/,null,UNAVAILABLE}{/hddsDatanode}
2019-10-25 04:00:15,593 [ForkJoinPool.commonPool-worker-0] INFO  server.AbstractConnector (AbstractConnector.java:doStop(318)) - Stopped ServerConnector@79e66b2f{HTTP/1.1,[http/1.1]}{0.0.0.0:0}
2019-10-25 04:00:15,593 [ForkJoinPool.commonPool-worker-0] INFO  handler.ContextHandler (ContextHandler.java:doStop(910)) - Stopped o.e.j.s.ServletContextHandler@66b59b7d{/static,jar:file:/home/user/.m2/repository/org/apache/hadoop/hadoop-hdds-container-service/0.5.0-SNAPSHOT/hadoop-hdds-container-service-0.5.0-SNAPSHOT.jar!/webapps/static,UNAVAILABLE}
2019-10-25 04:00:15,594 [ForkJoinPool.commonPool-worker-0] INFO  handler.ContextHandler (ContextHandler.java:doStop(910)) - Stopped o.e.j.s.ServletContextHandler@6edf29c1{/logs,file:///workdir/hadoop-ozone/integration-test/target/log,UNAVAILABLE}
2019-10-25 04:00:15,595 [main] INFO  ozone.MiniOzoneClusterImpl (MiniOzoneClusterImpl.java:stopSCM(416)) - Stopping the StorageContainerManager
2019-10-25 04:00:15,595 [main] INFO  server.StorageContainerManager (StorageContainerManager.java:stop(809)) - Stopping Replication Manager Service.
2019-10-25 04:00:15,595 [main] INFO  container.ReplicationManager (ReplicationManager.java:stop(203)) - Stopping Replication Monitor Thread.
2019-10-25 04:00:15,595 [main] INFO  server.StorageContainerManager (StorageContainerManager.java:stop(816)) - Stopping Lease Manager of the command watchers
2019-10-25 04:00:15,596 [main] INFO  server.StorageContainerManager (StorageContainerManager.java:stop(823)) - Stopping datanode service RPC server
2019-10-25 04:00:15,596 [main] INFO  server.SCMDatanodeProtocolServer (SCMDatanodeProtocolServer.java:stop(366)) - Stopping the RPC server for DataNodes
2019-10-25 04:00:15,596 [main] INFO  ipc.Server (Server.java:stop(3082)) - Stopping server on 40823
2019-10-25 04:00:15,597 [IPC Server listener on 40823] INFO  ipc.Server (Server.java:run(1185)) - Stopping IPC Server listener on 40823
2019-10-25 04:00:15,597 [IPC Server Responder] INFO  ipc.Server (Server.java:run(1319)) - Stopping IPC Server Responder
2019-10-25 04:00:15,661 [SCM Heartbeat Processing Thread - 0] WARN  node.NodeStateManager (NodeStateManager.java:scheduleNextHealthCheck(646)) - Current Thread is interrupted, shutting down HB processing thread for Node Manager.
2019-10-25 04:00:15,662 [main] INFO  server.StorageContainerManager (StorageContainerManager.java:stop(831)) - Stopping block service RPC server
2019-10-25 04:00:15,662 [main] INFO  server.SCMBlockProtocolServer (SCMBlockProtocolServer.java:stop(155)) - Stopping the RPC server for Block Protocol
2019-10-25 04:00:15,662 [main] INFO  ipc.Server (Server.java:stop(3082)) - Stopping server on 45527
2019-10-25 04:00:15,663 [IPC Server listener on 45527] INFO  ipc.Server (Server.java:run(1185)) - Stopping IPC Server listener on 45527
2019-10-25 04:00:15,663 [main] INFO  server.StorageContainerManager (StorageContainerManager.java:stop(838)) - Stopping the StorageContainerLocationProtocol RPC server
2019-10-25 04:00:15,663 [IPC Server Responder] INFO  ipc.Server (Server.java:run(1319)) - Stopping IPC Server Responder
2019-10-25 04:00:15,664 [main] INFO  server.SCMClientProtocolServer (SCMClientProtocolServer.java:stop(168)) - Stopping the RPC server for Client Protocol
2019-10-25 04:00:15,664 [main] INFO  ipc.Server (Server.java:stop(3082)) - Stopping server on 44627
2019-10-25 04:00:15,665 [IPC Server listener on 44627] INFO  ipc.Server (Server.java:run(1185)) - Stopping IPC Server listener on 44627
2019-10-25 04:00:15,665 [main] INFO  server.StorageContainerManager (StorageContainerManager.java:stop(845)) - Stopping Storage Container Manager HTTP server.
2019-10-25 04:00:15,666 [IPC Server Responder] INFO  ipc.Server (Server.java:run(1319)) - Stopping IPC Server Responder
2019-10-25 04:00:15,667 [main] INFO  handler.ContextHandler (ContextHandler.java:doStop(910)) - Stopped o.e.j.w.WebAppContext@466cf502{/,null,UNAVAILABLE}{/scm}
2019-10-25 04:00:15,668 [main] INFO  server.AbstractConnector (AbstractConnector.java:doStop(318)) - Stopped ServerConnector@579d011c{HTTP/1.1,[http/1.1]}{0.0.0.0:0}
2019-10-25 04:00:15,669 [main] INFO  handler.ContextHandler (ContextHandler.java:doStop(910)) - Stopped o.e.j.s.ServletContextHandler@60957c0f{/static,file:///workdir/hadoop-ozone/integration-test/target/test-classes/webapps/static,UNAVAILABLE}
2019-10-25 04:00:15,669 [main] INFO  handler.ContextHandler (ContextHandler.java:doStop(910)) - Stopped o.e.j.s.ServletContextHandler@7e7b159b{/logs,file:///workdir/hadoop-ozone/integration-test/target/log,UNAVAILABLE}
2019-10-25 04:00:15,670 [main] INFO  server.StorageContainerManager (StorageContainerManager.java:stop(856)) - Stopping Block Manager Service.
2019-10-25 04:00:15,671 [main] INFO  utils.BackgroundService (BackgroundService.java:shutdown(151)) - Shutting down service SCMBlockDeletingService
2019-10-25 04:00:15,671 [main] INFO  utils.BackgroundService (BackgroundService.java:shutdown(151)) - Shutting down service SCMBlockDeletingService
2019-10-25 04:00:15,672 [main] INFO  server.StorageContainerManager (StorageContainerManager.java:stop(878)) - Stopping SCM Event Queue.
2019-10-25 04:00:15,682 [main] INFO  impl.MetricsSystemImpl (MetricsSystemImpl.java:stop(210)) - Stopping XceiverClientMetrics metrics system...
2019-10-25 04:00:15,687 [prometheus] INFO  impl.MetricsSinkAdapter (MetricsSinkAdapter.java:publishMetricsFromQueue(141)) - prometheus thread interrupted.
2019-10-25 04:00:15,687 [main] INFO  impl.MetricsSystemImpl (MetricsSystemImpl.java:stop(216)) - XceiverClientMetrics metrics system stopped.
]]></system-out>
    <system-err><![CDATA[ERROR StatusLogger No Log4j 2 configuration file found. Using default configuration (logging only errors to the console), or user programmatically provided configurations. Set system property 'log4j2.debug' to show Log4j 2 internal initialization logging. See https://logging.apache.org/log4j/2.x/manual/configuration.html for instructions on how to configure Log4j 2
Oct 25, 2019 3:59:19 AM org.apache.ratis.thirdparty.io.grpc.internal.SerializingExecutor run
SEVERE: Exception while executing runnable org.apache.ratis.thirdparty.io.grpc.internal.ClientCallImpl$ClientStreamListenerImpl$1MessagesAvailable@5441d21d
java.lang.NullPointerException
	at org.apache.ratis.grpc.server.GrpcLogAppender$AppendLogResponseHandler.onError(GrpcLogAppender.java:303)
	at org.apache.ratis.thirdparty.io.grpc.stub.ClientCalls$StreamObserverToCallListenerAdapter.onClose(ClientCalls.java:434)
	at org.apache.ratis.thirdparty.io.grpc.PartialForwardingClientCallListener.onClose(PartialForwardingClientCallListener.java:39)
	at org.apache.ratis.thirdparty.io.grpc.ForwardingClientCallListener.onClose(ForwardingClientCallListener.java:23)
	at org.apache.ratis.thirdparty.io.grpc.ForwardingClientCallListener$SimpleForwardingClientCallListener.onClose(ForwardingClientCallListener.java:40)
	at org.apache.ratis.thirdparty.io.grpc.internal.CensusStatsModule$StatsClientInterceptor$1$1.onClose(CensusStatsModule.java:678)
	at org.apache.ratis.thirdparty.io.grpc.PartialForwardingClientCallListener.onClose(PartialForwardingClientCallListener.java:39)
	at org.apache.ratis.thirdparty.io.grpc.ForwardingClientCallListener.onClose(ForwardingClientCallListener.java:23)
	at org.apache.ratis.thirdparty.io.grpc.ForwardingClientCallListener$SimpleForwardingClientCallListener.onClose(ForwardingClientCallListener.java:40)
	at org.apache.ratis.thirdparty.io.grpc.internal.CensusTracingModule$TracingClientInterceptor$1$1.onClose(CensusTracingModule.java:397)
	at org.apache.ratis.thirdparty.io.grpc.internal.ClientCallImpl.closeObserver(ClientCallImpl.java:459)
	at org.apache.ratis.thirdparty.io.grpc.internal.ClientCallImpl.access$300(ClientCallImpl.java:63)
	at org.apache.ratis.thirdparty.io.grpc.internal.ClientCallImpl$ClientStreamListenerImpl.close(ClientCallImpl.java:546)
	at org.apache.ratis.thirdparty.io.grpc.internal.ClientCallImpl$ClientStreamListenerImpl.access$600(ClientCallImpl.java:467)
	at org.apache.ratis.thirdparty.io.grpc.internal.ClientCallImpl$ClientStreamListenerImpl$1MessagesAvailable.runInContext(ClientCallImpl.java:531)
	at org.apache.ratis.thirdparty.io.grpc.internal.ContextRunnable.run(ContextRunnable.java:37)
	at org.apache.ratis.thirdparty.io.grpc.internal.SerializingExecutor.run(SerializingExecutor.java:123)
	at java.util.concurrent.ThreadPoolExecutor.runWorker(ThreadPoolExecutor.java:1149)
	at java.util.concurrent.ThreadPoolExecutor$Worker.run(ThreadPoolExecutor.java:624)
	at java.lang.Thread.run(Thread.java:748)

Oct 25, 2019 3:59:19 AM org.apache.ratis.thirdparty.io.grpc.internal.SerializingExecutor run
SEVERE: Exception while executing runnable org.apache.ratis.thirdparty.io.grpc.internal.ClientCallImpl$ClientStreamListenerImpl$1MessagesAvailable@489962d
java.lang.NullPointerException
	at org.apache.ratis.grpc.server.GrpcLogAppender$AppendLogResponseHandler.onError(GrpcLogAppender.java:303)
	at org.apache.ratis.thirdparty.io.grpc.stub.ClientCalls$StreamObserverToCallListenerAdapter.onClose(ClientCalls.java:434)
	at org.apache.ratis.thirdparty.io.grpc.PartialForwardingClientCallListener.onClose(PartialForwardingClientCallListener.java:39)
	at org.apache.ratis.thirdparty.io.grpc.ForwardingClientCallListener.onClose(ForwardingClientCallListener.java:23)
	at org.apache.ratis.thirdparty.io.grpc.ForwardingClientCallListener$SimpleForwardingClientCallListener.onClose(ForwardingClientCallListener.java:40)
	at org.apache.ratis.thirdparty.io.grpc.internal.CensusStatsModule$StatsClientInterceptor$1$1.onClose(CensusStatsModule.java:678)
	at org.apache.ratis.thirdparty.io.grpc.PartialForwardingClientCallListener.onClose(PartialForwardingClientCallListener.java:39)
	at org.apache.ratis.thirdparty.io.grpc.ForwardingClientCallListener.onClose(ForwardingClientCallListener.java:23)
	at org.apache.ratis.thirdparty.io.grpc.ForwardingClientCallListener$SimpleForwardingClientCallListener.onClose(ForwardingClientCallListener.java:40)
	at org.apache.ratis.thirdparty.io.grpc.internal.CensusTracingModule$TracingClientInterceptor$1$1.onClose(CensusTracingModule.java:397)
	at org.apache.ratis.thirdparty.io.grpc.internal.ClientCallImpl.closeObserver(ClientCallImpl.java:459)
	at org.apache.ratis.thirdparty.io.grpc.internal.ClientCallImpl.access$300(ClientCallImpl.java:63)
	at org.apache.ratis.thirdparty.io.grpc.internal.ClientCallImpl$ClientStreamListenerImpl.close(ClientCallImpl.java:546)
	at org.apache.ratis.thirdparty.io.grpc.internal.ClientCallImpl$ClientStreamListenerImpl.access$600(ClientCallImpl.java:467)
	at org.apache.ratis.thirdparty.io.grpc.internal.ClientCallImpl$ClientStreamListenerImpl$1MessagesAvailable.runInContext(ClientCallImpl.java:531)
	at org.apache.ratis.thirdparty.io.grpc.internal.ContextRunnable.run(ContextRunnable.java:37)
	at org.apache.ratis.thirdparty.io.grpc.internal.SerializingExecutor.run(SerializingExecutor.java:123)
	at java.util.concurrent.ThreadPoolExecutor.runWorker(ThreadPoolExecutor.java:1149)
	at java.util.concurrent.ThreadPoolExecutor$Worker.run(ThreadPoolExecutor.java:624)
	at java.lang.Thread.run(Thread.java:748)

Oct 25, 2019 3:59:19 AM org.apache.ratis.thirdparty.io.grpc.internal.SerializingExecutor run
SEVERE: Exception while executing runnable org.apache.ratis.thirdparty.io.grpc.internal.ServerImpl$JumpToApplicationThreadServerStreamListener$1Closed@351cf853
org.apache.ratis.thirdparty.io.grpc.StatusRuntimeException: CANCELLED: call already cancelled
	at org.apache.ratis.thirdparty.io.grpc.Status.asRuntimeException(Status.java:517)
	at org.apache.ratis.thirdparty.io.grpc.stub.ServerCalls$ServerCallStreamObserverImpl.onCompleted(ServerCalls.java:356)
	at org.apache.ratis.grpc.server.GrpcServerProtocolService$ServerRequestStreamObserver.onError(GrpcServerProtocolService.java:121)
	at org.apache.ratis.thirdparty.io.grpc.stub.ServerCalls$StreamingServerCallHandler$StreamingServerCallListener.onCancel(ServerCalls.java:269)
	at org.apache.ratis.thirdparty.io.grpc.internal.ServerCallImpl$ServerStreamListenerImpl.closed(ServerCallImpl.java:293)
	at org.apache.ratis.thirdparty.io.grpc.internal.ServerImpl$JumpToApplicationThreadServerStreamListener$1Closed.runInContext(ServerImpl.java:741)
	at org.apache.ratis.thirdparty.io.grpc.internal.ContextRunnable.run(ContextRunnable.java:37)
	at org.apache.ratis.thirdparty.io.grpc.internal.SerializingExecutor.run(SerializingExecutor.java:123)
	at java.util.concurrent.ThreadPoolExecutor.runWorker(ThreadPoolExecutor.java:1149)
	at java.util.concurrent.ThreadPoolExecutor$Worker.run(ThreadPoolExecutor.java:624)
	at java.lang.Thread.run(Thread.java:748)

Oct 25, 2019 3:59:19 AM org.apache.ratis.thirdparty.io.grpc.internal.SerializingExecutor run
SEVERE: Exception while executing runnable org.apache.ratis.thirdparty.io.grpc.internal.ServerImpl$JumpToApplicationThreadServerStreamListener$1Closed@169c6a02
org.apache.ratis.thirdparty.io.grpc.StatusRuntimeException: CANCELLED: call already cancelled
	at org.apache.ratis.thirdparty.io.grpc.Status.asRuntimeException(Status.java:517)
	at org.apache.ratis.thirdparty.io.grpc.stub.ServerCalls$ServerCallStreamObserverImpl.onCompleted(ServerCalls.java:356)
	at org.apache.ratis.grpc.server.GrpcServerProtocolService$ServerRequestStreamObserver.onError(GrpcServerProtocolService.java:121)
	at org.apache.ratis.thirdparty.io.grpc.stub.ServerCalls$StreamingServerCallHandler$StreamingServerCallListener.onCancel(ServerCalls.java:269)
	at org.apache.ratis.thirdparty.io.grpc.internal.ServerCallImpl$ServerStreamListenerImpl.closed(ServerCallImpl.java:293)
	at org.apache.ratis.thirdparty.io.grpc.internal.ServerImpl$JumpToApplicationThreadServerStreamListener$1Closed.runInContext(ServerImpl.java:741)
	at org.apache.ratis.thirdparty.io.grpc.internal.ContextRunnable.run(ContextRunnable.java:37)
	at org.apache.ratis.thirdparty.io.grpc.internal.SerializingExecutor.run(SerializingExecutor.java:123)
	at java.util.concurrent.ThreadPoolExecutor.runWorker(ThreadPoolExecutor.java:1149)
	at java.util.concurrent.ThreadPoolExecutor$Worker.run(ThreadPoolExecutor.java:624)
	at java.lang.Thread.run(Thread.java:748)

Oct 25, 2019 4:00:10 AM org.apache.ratis.thirdparty.io.grpc.internal.SerializingExecutor run
SEVERE: Exception while executing runnable org.apache.ratis.thirdparty.io.grpc.internal.ServerImpl$JumpToApplicationThreadServerStreamListener$1Closed@153233f5
org.apache.ratis.thirdparty.io.grpc.StatusRuntimeException: CANCELLED: call already cancelled
	at org.apache.ratis.thirdparty.io.grpc.Status.asRuntimeException(Status.java:517)
	at org.apache.ratis.thirdparty.io.grpc.stub.ServerCalls$ServerCallStreamObserverImpl.onCompleted(ServerCalls.java:356)
	at org.apache.ratis.grpc.server.GrpcServerProtocolService$ServerRequestStreamObserver.onError(GrpcServerProtocolService.java:121)
	at org.apache.ratis.thirdparty.io.grpc.stub.ServerCalls$StreamingServerCallHandler$StreamingServerCallListener.onCancel(ServerCalls.java:269)
	at org.apache.ratis.thirdparty.io.grpc.internal.ServerCallImpl$ServerStreamListenerImpl.closed(ServerCallImpl.java:293)
	at org.apache.ratis.thirdparty.io.grpc.internal.ServerImpl$JumpToApplicationThreadServerStreamListener$1Closed.runInContext(ServerImpl.java:741)
	at org.apache.ratis.thirdparty.io.grpc.internal.ContextRunnable.run(ContextRunnable.java:37)
	at org.apache.ratis.thirdparty.io.grpc.internal.SerializingExecutor.run(SerializingExecutor.java:123)
	at java.util.concurrent.ThreadPoolExecutor.runWorker(ThreadPoolExecutor.java:1149)
	at java.util.concurrent.ThreadPoolExecutor$Worker.run(ThreadPoolExecutor.java:624)
	at java.lang.Thread.run(Thread.java:748)

Oct 25, 2019 4:00:10 AM org.apache.ratis.thirdparty.io.grpc.internal.SerializingExecutor run
SEVERE: Exception while executing runnable org.apache.ratis.thirdparty.io.grpc.internal.ServerImpl$JumpToApplicationThreadServerStreamListener$1Closed@313a5a91
org.apache.ratis.thirdparty.io.grpc.StatusRuntimeException: CANCELLED: call already cancelled
	at org.apache.ratis.thirdparty.io.grpc.Status.asRuntimeException(Status.java:517)
	at org.apache.ratis.thirdparty.io.grpc.stub.ServerCalls$ServerCallStreamObserverImpl.onCompleted(ServerCalls.java:356)
	at org.apache.ratis.grpc.server.GrpcServerProtocolService$ServerRequestStreamObserver.onError(GrpcServerProtocolService.java:121)
	at org.apache.ratis.thirdparty.io.grpc.stub.ServerCalls$StreamingServerCallHandler$StreamingServerCallListener.onCancel(ServerCalls.java:269)
	at org.apache.ratis.thirdparty.io.grpc.internal.ServerCallImpl$ServerStreamListenerImpl.closed(ServerCallImpl.java:293)
	at org.apache.ratis.thirdparty.io.grpc.internal.ServerImpl$JumpToApplicationThreadServerStreamListener$1Closed.runInContext(ServerImpl.java:741)
	at org.apache.ratis.thirdparty.io.grpc.internal.ContextRunnable.run(ContextRunnable.java:37)
	at org.apache.ratis.thirdparty.io.grpc.internal.SerializingExecutor.run(SerializingExecutor.java:123)
	at java.util.concurrent.ThreadPoolExecutor.runWorker(ThreadPoolExecutor.java:1149)
	at java.util.concurrent.ThreadPoolExecutor$Worker.run(ThreadPoolExecutor.java:624)
	at java.lang.Thread.run(Thread.java:748)

Oct 25, 2019 4:00:10 AM org.apache.ratis.thirdparty.io.grpc.internal.SerializingExecutor run
SEVERE: Exception while executing runnable org.apache.ratis.thirdparty.io.grpc.internal.ClientCallImpl$ClientStreamListenerImpl$1StreamClosed@296fa774
java.lang.NullPointerException
	at org.apache.ratis.grpc.server.GrpcLogAppender$AppendLogResponseHandler.onError(GrpcLogAppender.java:303)
	at org.apache.ratis.thirdparty.io.grpc.stub.ClientCalls$StreamObserverToCallListenerAdapter.onClose(ClientCalls.java:434)
	at org.apache.ratis.thirdparty.io.grpc.PartialForwardingClientCallListener.onClose(PartialForwardingClientCallListener.java:39)
	at org.apache.ratis.thirdparty.io.grpc.ForwardingClientCallListener.onClose(ForwardingClientCallListener.java:23)
	at org.apache.ratis.thirdparty.io.grpc.ForwardingClientCallListener$SimpleForwardingClientCallListener.onClose(ForwardingClientCallListener.java:40)
	at org.apache.ratis.thirdparty.io.grpc.internal.CensusStatsModule$StatsClientInterceptor$1$1.onClose(CensusStatsModule.java:678)
	at org.apache.ratis.thirdparty.io.grpc.PartialForwardingClientCallListener.onClose(PartialForwardingClientCallListener.java:39)
	at org.apache.ratis.thirdparty.io.grpc.ForwardingClientCallListener.onClose(ForwardingClientCallListener.java:23)
	at org.apache.ratis.thirdparty.io.grpc.ForwardingClientCallListener$SimpleForwardingClientCallListener.onClose(ForwardingClientCallListener.java:40)
	at org.apache.ratis.thirdparty.io.grpc.internal.CensusTracingModule$TracingClientInterceptor$1$1.onClose(CensusTracingModule.java:397)
	at org.apache.ratis.thirdparty.io.grpc.internal.ClientCallImpl.closeObserver(ClientCallImpl.java:459)
	at org.apache.ratis.thirdparty.io.grpc.internal.ClientCallImpl.access$300(ClientCallImpl.java:63)
	at org.apache.ratis.thirdparty.io.grpc.internal.ClientCallImpl$ClientStreamListenerImpl.close(ClientCallImpl.java:546)
	at org.apache.ratis.thirdparty.io.grpc.internal.ClientCallImpl$ClientStreamListenerImpl.access$600(ClientCallImpl.java:467)
	at org.apache.ratis.thirdparty.io.grpc.internal.ClientCallImpl$ClientStreamListenerImpl$1StreamClosed.runInContext(ClientCallImpl.java:584)
	at org.apache.ratis.thirdparty.io.grpc.internal.ContextRunnable.run(ContextRunnable.java:37)
	at org.apache.ratis.thirdparty.io.grpc.internal.SerializingExecutor.run(SerializingExecutor.java:123)
	at java.util.concurrent.ThreadPoolExecutor.runWorker(ThreadPoolExecutor.java:1149)
	at java.util.concurrent.ThreadPoolExecutor$Worker.run(ThreadPoolExecutor.java:624)
	at java.lang.Thread.run(Thread.java:748)

Oct 25, 2019 4:00:10 AM org.apache.ratis.thirdparty.io.grpc.internal.SerializingExecutor run
SEVERE: Exception while executing runnable org.apache.ratis.thirdparty.io.grpc.internal.ClientCallImpl$ClientStreamListenerImpl$1StreamClosed@2469f411
java.lang.NullPointerException
	at org.apache.ratis.grpc.server.GrpcLogAppender$AppendLogResponseHandler.onError(GrpcLogAppender.java:303)
	at org.apache.ratis.thirdparty.io.grpc.stub.ClientCalls$StreamObserverToCallListenerAdapter.onClose(ClientCalls.java:434)
	at org.apache.ratis.thirdparty.io.grpc.PartialForwardingClientCallListener.onClose(PartialForwardingClientCallListener.java:39)
	at org.apache.ratis.thirdparty.io.grpc.ForwardingClientCallListener.onClose(ForwardingClientCallListener.java:23)
	at org.apache.ratis.thirdparty.io.grpc.ForwardingClientCallListener$SimpleForwardingClientCallListener.onClose(ForwardingClientCallListener.java:40)
	at org.apache.ratis.thirdparty.io.grpc.internal.CensusStatsModule$StatsClientInterceptor$1$1.onClose(CensusStatsModule.java:678)
	at org.apache.ratis.thirdparty.io.grpc.PartialForwardingClientCallListener.onClose(PartialForwardingClientCallListener.java:39)
	at org.apache.ratis.thirdparty.io.grpc.ForwardingClientCallListener.onClose(ForwardingClientCallListener.java:23)
	at org.apache.ratis.thirdparty.io.grpc.ForwardingClientCallListener$SimpleForwardingClientCallListener.onClose(ForwardingClientCallListener.java:40)
	at org.apache.ratis.thirdparty.io.grpc.internal.CensusTracingModule$TracingClientInterceptor$1$1.onClose(CensusTracingModule.java:397)
	at org.apache.ratis.thirdparty.io.grpc.internal.ClientCallImpl.closeObserver(ClientCallImpl.java:459)
	at org.apache.ratis.thirdparty.io.grpc.internal.ClientCallImpl.access$300(ClientCallImpl.java:63)
	at org.apache.ratis.thirdparty.io.grpc.internal.ClientCallImpl$ClientStreamListenerImpl.close(ClientCallImpl.java:546)
	at org.apache.ratis.thirdparty.io.grpc.internal.ClientCallImpl$ClientStreamListenerImpl.access$600(ClientCallImpl.java:467)
	at org.apache.ratis.thirdparty.io.grpc.internal.ClientCallImpl$ClientStreamListenerImpl$1StreamClosed.runInContext(ClientCallImpl.java:584)
	at org.apache.ratis.thirdparty.io.grpc.internal.ContextRunnable.run(ContextRunnable.java:37)
	at org.apache.ratis.thirdparty.io.grpc.internal.SerializingExecutor.run(SerializingExecutor.java:123)
	at java.util.concurrent.ThreadPoolExecutor.runWorker(ThreadPoolExecutor.java:1149)
	at java.util.concurrent.ThreadPoolExecutor$Worker.run(ThreadPoolExecutor.java:624)
	at java.lang.Thread.run(Thread.java:748)

]]></system-err>
  </testcase>
</testsuite>