<?xml version="1.0" encoding="UTF-8"?>
<testsuite xmlns:xsi="http://www.w3.org/2001/XMLSchema-instance" xsi:noNamespaceSchemaLocation="https://maven.apache.org/surefire/maven-surefire-plugin/xsd/surefire-test-report.xsd" name="org.apache.hadoop.ozone.scm.TestSCMContainerPlacementPolicyMetrics" time="81.994" tests="1" errors="1" skipped="0" failures="0">
  <properties>
    <property name="awt.toolkit" value="sun.awt.X11.XToolkit"/>
    <property name="file.encoding.pkg" value="sun.io"/>
    <property name="java.specification.version" value="1.8"/>
    <property name="sun.cpu.isalist" value=""/>
    <property name="sun.jnu.encoding" value="ANSI_X3.4-1968"/>
    <property name="java.class.path" value="/workdir/hadoop-ozone/integration-test/target/test-classes:/workdir/hadoop-ozone/integration-test/target/classes:/home/user/.m2/repository/org/apache/hadoop/hadoop-ozone-common/0.5.0-SNAPSHOT/hadoop-ozone-common-0.5.0-SNAPSHOT.jar:/home/user/.m2/repository/org/apache/commons/commons-compress/1.4.1/commons-compress-1.4.1.jar:/home/user/.m2/repository/org/tukaani/xz/1.0/xz-1.0.jar:/home/user/.m2/repository/org/apache/hadoop/hadoop-common/3.2.0/hadoop-common-3.2.0.jar:/home/user/.m2/repository/org/apache/hadoop/hadoop-hdfs/3.2.0/hadoop-hdfs-3.2.0.jar:/home/user/.m2/repository/org/apache/hadoop/hadoop-hdfs-client/3.2.0/hadoop-hdfs-client-3.2.0.jar:/home/user/.m2/repository/com/fasterxml/jackson/core/jackson-annotations/2.9.9/jackson-annotations-2.9.9.jar:/home/user/.m2/repository/org/apache/hadoop/hadoop-hdds-common/0.5.0-SNAPSHOT/hadoop-hdds-common-0.5.0-SNAPSHOT.jar:/home/user/.m2/repository/javax/annotation/javax.annotation-api/1.2/javax.annotation-api-1.2.jar:/home/user/.m2/repository/org/apache/ratis/ratis-server/0.5.0-3f446aa-SNAPSHOT/ratis-server-0.5.0-3f446aa-SNAPSHOT.jar:/home/user/.m2/repository/org/apache/ratis/ratis-thirdparty-misc/0.2.0/ratis-thirdparty-misc-0.2.0.jar:/home/user/.m2/repository/org/apache/ratis/ratis-proto/0.5.0-3f446aa-SNAPSHOT/ratis-proto-0.5.0-3f446aa-SNAPSHOT.jar:/home/user/.m2/repository/org/apache/ratis/ratis-common/0.5.0-3f446aa-SNAPSHOT/ratis-common-0.5.0-3f446aa-SNAPSHOT.jar:/home/user/.m2/repository/org/apache/ratis/ratis-client/0.5.0-3f446aa-SNAPSHOT/ratis-client-0.5.0-3f446aa-SNAPSHOT.jar:/home/user/.m2/repository/org/apache/ratis/ratis-metrics/0.5.0-3f446aa-SNAPSHOT/ratis-metrics-0.5.0-3f446aa-SNAPSHOT.jar:/home/user/.m2/repository/com/github/joshelser/dropwizard-metrics-hadoop-metrics2-reporter/0.1.2/dropwizard-metrics-hadoop-metrics2-reporter-0.1.2.jar:/home/user/.m2/repository/io/dropwizard/metrics/metrics-jvm/3.2.5/metrics-jvm-3.2.5.jar:/home/user/.m2/repository/io/dropwizard/metrics/metrics-ganglia/3.2.5/metrics-ganglia-3.2.5.jar:/home/user/.m2/repository/info/ganglia/gmetric4j/gmetric4j/1.0.7/gmetric4j-1.0.7.jar:/home/user/.m2/repository/org/apache/ratis/ratis-netty/0.5.0-3f446aa-SNAPSHOT/ratis-netty-0.5.0-3f446aa-SNAPSHOT.jar:/home/user/.m2/repository/org/apache/ratis/ratis-grpc/0.5.0-3f446aa-SNAPSHOT/ratis-grpc-0.5.0-3f446aa-SNAPSHOT.jar:/home/user/.m2/repository/org/rocksdb/rocksdbjni/6.0.1/rocksdbjni-6.0.1.jar:/home/user/.m2/repository/org/apache/logging/log4j/log4j-api/2.11.0/log4j-api-2.11.0.jar:/home/user/.m2/repository/org/apache/logging/log4j/log4j-core/2.11.0/log4j-core-2.11.0.jar:/home/user/.m2/repository/com/lmax/disruptor/3.4.2/disruptor-3.4.2.jar:/home/user/.m2/repository/org/apache/commons/commons-pool2/2.6.0/commons-pool2-2.6.0.jar:/home/user/.m2/repository/org/bouncycastle/bcpkix-jdk15on/1.60/bcpkix-jdk15on-1.60.jar:/home/user/.m2/repository/commons-validator/commons-validator/1.6/commons-validator-1.6.jar:/home/user/.m2/repository/commons-digester/commons-digester/1.8.1/commons-digester-1.8.1.jar:/home/user/.m2/repository/io/jaegertracing/jaeger-client/0.34.0/jaeger-client-0.34.0.jar:/home/user/.m2/repository/io/jaegertracing/jaeger-thrift/0.34.0/jaeger-thrift-0.34.0.jar:/home/user/.m2/repository/org/apache/thrift/libthrift/0.12.0/libthrift-0.12.0.jar:/home/user/.m2/repository/com/squareup/okhttp3/okhttp/3.9.0/okhttp-3.9.0.jar:/home/user/.m2/repository/com/squareup/okio/okio/1.13.0/okio-1.13.0.jar:/home/user/.m2/repository/io/jaegertracing/jaeger-core/0.34.0/jaeger-core-0.34.0.jar:/home/user/.m2/repository/io/jaegertracing/jaeger-tracerresolver/0.34.0/jaeger-tracerresolver-0.34.0.jar:/home/user/.m2/repository/io/opentracing/contrib/opentracing-tracerresolver/0.1.5/opentracing-tracerresolver-0.1.5.jar:/home/user/.m2/repository/io/opentracing/opentracing-util/0.31.0/opentracing-util-0.31.0.jar:/home/user/.m2/repository/io/opentracing/opentracing-api/0.31.0/opentracing-api-0.31.0.jar:/home/user/.m2/repository/io/opentracing/opentracing-noop/0.31.0/opentracing-noop-0.31.0.jar:/home/user/.m2/repository/org/apache/hadoop/hadoop-hdds-server-framework/0.5.0-SNAPSHOT/hadoop-hdds-server-framework-0.5.0-SNAPSHOT.jar:/home/user/.m2/repository/org/apache/hadoop/hadoop-hdds-container-service/0.5.0-SNAPSHOT/hadoop-hdds-container-service-0.5.0-SNAPSHOT.jar:/home/user/.m2/repository/org/apache/hadoop/hadoop-hdds-client/0.5.0-SNAPSHOT/hadoop-hdds-client-0.5.0-SNAPSHOT.jar:/home/user/.m2/repository/org/apache/hadoop/hadoop-hdds-tools/0.5.0-SNAPSHOT/hadoop-hdds-tools-0.5.0-SNAPSHOT.jar:/home/user/.m2/repository/org/apache/hadoop/hadoop-hdds-server-scm/0.5.0-SNAPSHOT/hadoop-hdds-server-scm-0.5.0-SNAPSHOT.jar:/home/user/.m2/repository/org/apache/hadoop/hadoop-hdds-docs/0.5.0-SNAPSHOT/hadoop-hdds-docs-0.5.0-SNAPSHOT.jar:/home/user/.m2/repository/io/dropwizard/metrics/metrics-core/3.2.4/metrics-core-3.2.4.jar:/home/user/.m2/repository/org/hamcrest/hamcrest-all/1.3/hamcrest-all-1.3.jar:/home/user/.m2/repository/org/bouncycastle/bcprov-jdk15on/1.60/bcprov-jdk15on-1.60.jar:/home/user/.m2/repository/info/picocli/picocli/3.9.6/picocli-3.9.6.jar:/home/user/.m2/repository/com/google/protobuf/protobuf-java/2.5.0/protobuf-java-2.5.0.jar:/home/user/.m2/repository/com/google/guava/guava/11.0.2/guava-11.0.2.jar:/home/user/.m2/repository/org/apache/hadoop/hadoop-ozone-ozone-manager/0.5.0-SNAPSHOT/hadoop-ozone-ozone-manager-0.5.0-SNAPSHOT.jar:/home/user/.m2/repository/org/apache/hadoop/hadoop-minikdc/3.2.0/hadoop-minikdc-3.2.0.jar:/home/user/.m2/repository/commons-io/commons-io/2.5/commons-io-2.5.jar:/home/user/.m2/repository/org/apache/kerby/kerb-simplekdc/1.0.1/kerb-simplekdc-1.0.1.jar:/home/user/.m2/repository/org/apache/kerby/kerb-client/1.0.1/kerb-client-1.0.1.jar:/home/user/.m2/repository/org/apache/kerby/kerby-config/1.0.1/kerby-config-1.0.1.jar:/home/user/.m2/repository/org/apache/kerby/kerb-core/1.0.1/kerb-core-1.0.1.jar:/home/user/.m2/repository/org/apache/kerby/kerby-pkix/1.0.1/kerby-pkix-1.0.1.jar:/home/user/.m2/repository/org/apache/kerby/kerby-asn1/1.0.1/kerby-asn1-1.0.1.jar:/home/user/.m2/repository/org/apache/kerby/kerby-util/1.0.1/kerby-util-1.0.1.jar:/home/user/.m2/repository/org/apache/kerby/kerb-common/1.0.1/kerb-common-1.0.1.jar:/home/user/.m2/repository/org/apache/kerby/kerb-crypto/1.0.1/kerb-crypto-1.0.1.jar:/home/user/.m2/repository/org/apache/kerby/kerb-util/1.0.1/kerb-util-1.0.1.jar:/home/user/.m2/repository/org/apache/kerby/token-provider/1.0.1/token-provider-1.0.1.jar:/home/user/.m2/repository/org/apache/kerby/kerb-admin/1.0.1/kerb-admin-1.0.1.jar:/home/user/.m2/repository/org/apache/kerby/kerb-server/1.0.1/kerb-server-1.0.1.jar:/home/user/.m2/repository/org/apache/kerby/kerb-identity/1.0.1/kerb-identity-1.0.1.jar:/home/user/.m2/repository/org/apache/kerby/kerby-xdr/1.0.1/kerby-xdr-1.0.1.jar:/home/user/.m2/repository/org/slf4j/slf4j-log4j12/1.7.25/slf4j-log4j12-1.7.25.jar:/home/user/.m2/repository/org/apache/hadoop/hadoop-ozone-s3gateway/0.5.0-SNAPSHOT/hadoop-ozone-s3gateway-0.5.0-SNAPSHOT.jar:/home/user/.m2/repository/org/jboss/weld/servlet/weld-servlet/2.4.7.Final/weld-servlet-2.4.7.Final.jar:/home/user/.m2/repository/org/glassfish/jersey/containers/jersey-container-servlet-core/2.27/jersey-container-servlet-core-2.27.jar:/home/user/.m2/repository/org/glassfish/hk2/external/javax.inject/2.5.0-b42/javax.inject-2.5.0-b42.jar:/home/user/.m2/repository/org/glassfish/jersey/core/jersey-common/2.27/jersey-common-2.27.jar:/home/user/.m2/repository/org/glassfish/hk2/osgi-resource-locator/1.0.1/osgi-resource-locator-1.0.1.jar:/home/user/.m2/repository/javax/ws/rs/javax.ws.rs-api/2.1/javax.ws.rs-api-2.1.jar:/home/user/.m2/repository/org/glassfish/jersey/ext/cdi/jersey-cdi1x/2.27/jersey-cdi1x-2.27.jar:/home/user/.m2/repository/org/glassfish/jersey/inject/jersey-hk2/2.27/jersey-hk2-2.27.jar:/home/user/.m2/repository/org/glassfish/hk2/hk2-locator/2.5.0-b42/hk2-locator-2.5.0-b42.jar:/home/user/.m2/repository/org/javassist/javassist/3.22.0-CR2/javassist-3.22.0-CR2.jar:/home/user/.m2/repository/org/glassfish/hk2/hk2-api/2.5.0/hk2-api-2.5.0.jar:/home/user/.m2/repository/org/glassfish/hk2/external/jakarta.inject/2.5.0/jakarta.inject-2.5.0.jar:/home/user/.m2/repository/org/glassfish/hk2/hk2-utils/2.5.0/hk2-utils-2.5.0.jar:/home/user/.m2/repository/jakarta/annotation/jakarta.annotation-api/1.3.4/jakarta.annotation-api-1.3.4.jar:/home/user/.m2/repository/org/glassfish/hk2/external/aopalliance-repackaged/2.5.0/aopalliance-repackaged-2.5.0.jar:/home/user/.m2/repository/com/fasterxml/jackson/dataformat/jackson-dataformat-xml/2.9.0/jackson-dataformat-xml-2.9.0.jar:/home/user/.m2/repository/com/fasterxml/jackson/core/jackson-core/2.9.9/jackson-core-2.9.9.jar:/home/user/.m2/repository/com/fasterxml/jackson/module/jackson-module-jaxb-annotations/2.9.9/jackson-module-jaxb-annotations-2.9.9.jar:/home/user/.m2/repository/javax/enterprise/cdi-api/1.2/cdi-api-1.2.jar:/home/user/.m2/repository/javax/el/javax.el-api/3.0.0/javax.el-api-3.0.0.jar:/home/user/.m2/repository/javax/interceptor/javax.interceptor-api/1.2/javax.interceptor-api-1.2.jar:/home/user/.m2/repository/javax/inject/javax.inject/1/javax.inject-1.jar:/home/user/.m2/repository/com/sun/xml/bind/jaxb-impl/2.3.0.1/jaxb-impl-2.3.0.1.jar:/home/user/.m2/repository/com/sun/xml/bind/jaxb-core/2.3.0.1/jaxb-core-2.3.0.1.jar:/home/user/.m2/repository/javax/xml/bind/jaxb-api/2.3.0/jaxb-api-2.3.0.jar:/home/user/.m2/repository/javax/activation/activation/1.1.1/activation-1.1.1.jar:/home/user/.m2/repository/org/apache/hadoop/hadoop-ozone-csi/0.5.0-SNAPSHOT/hadoop-ozone-csi-0.5.0-SNAPSHOT.jar:/home/user/.m2/repository/com/google/protobuf/protobuf-java-util/3.5.1/protobuf-java-util-3.5.1.jar:/home/user/.m2/repository/org/apache/hadoop/hadoop-hdds-config/0.5.0-SNAPSHOT/hadoop-hdds-config-0.5.0-SNAPSHOT.jar:/home/user/.m2/repository/io/grpc/grpc-netty/1.17.1/grpc-netty-1.17.1.jar:/home/user/.m2/repository/io/grpc/grpc-core/1.17.1/grpc-core-1.17.1.jar:/home/user/.m2/repository/io/grpc/grpc-context/1.17.1/grpc-context-1.17.1.jar:/home/user/.m2/repository/com/google/errorprone/error_prone_annotations/2.2.0/error_prone_annotations-2.2.0.jar:/home/user/.m2/repository/org/codehaus/mojo/animal-sniffer-annotations/1.17/animal-sniffer-annotations-1.17.jar:/home/user/.m2/repository/io/opencensus/opencensus-api/0.17.0/opencensus-api-0.17.0.jar:/home/user/.m2/repository/io/opencensus/opencensus-contrib-grpc-metrics/0.17.0/opencensus-contrib-grpc-metrics-0.17.0.jar:/home/user/.m2/repository/io/netty/netty-codec-http2/4.1.30.Final/netty-codec-http2-4.1.30.Final.jar:/home/user/.m2/repository/io/netty/netty-codec-http/4.1.30.Final/netty-codec-http-4.1.30.Final.jar:/home/user/.m2/repository/io/netty/netty-codec/4.1.30.Final/netty-codec-4.1.30.Final.jar:/home/user/.m2/repository/io/netty/netty-handler/4.1.30.Final/netty-handler-4.1.30.Final.jar:/home/user/.m2/repository/io/netty/netty-handler-proxy/4.1.30.Final/netty-handler-proxy-4.1.30.Final.jar:/home/user/.m2/repository/io/netty/netty-codec-socks/4.1.30.Final/netty-codec-socks-4.1.30.Final.jar:/home/user/.m2/repository/io/netty/netty-transport-native-epoll/4.1.30.Final/netty-transport-native-epoll-4.1.30.Final.jar:/home/user/.m2/repository/io/netty/netty-common/4.1.30.Final/netty-common-4.1.30.Final.jar:/home/user/.m2/repository/io/netty/netty-buffer/4.1.30.Final/netty-buffer-4.1.30.Final.jar:/home/user/.m2/repository/io/netty/netty-transport/4.1.30.Final/netty-transport-4.1.30.Final.jar:/home/user/.m2/repository/io/netty/netty-resolver/4.1.30.Final/netty-resolver-4.1.30.Final.jar:/home/user/.m2/repository/io/netty/netty-transport-native-unix-common/4.1.30.Final/netty-transport-native-unix-common-4.1.30.Final.jar:/home/user/.m2/repository/io/grpc/grpc-protobuf/1.17.1/grpc-protobuf-1.17.1.jar:/home/user/.m2/repository/com/google/api/grpc/proto-google-common-protos/1.0.0/proto-google-common-protos-1.0.0.jar:/home/user/.m2/repository/io/grpc/grpc-protobuf-lite/1.17.1/grpc-protobuf-lite-1.17.1.jar:/home/user/.m2/repository/io/grpc/grpc-stub/1.17.1/grpc-stub-1.17.1.jar:/home/user/.m2/repository/org/apache/hadoop/hadoop-ozone-recon/0.5.0-SNAPSHOT/hadoop-ozone-recon-0.5.0-SNAPSHOT.jar:/home/user/.m2/repository/org/apache/hadoop/hadoop-ozone-reconcodegen/0.5.0-SNAPSHOT/hadoop-ozone-reconcodegen-0.5.0-SNAPSHOT.jar:/home/user/.m2/repository/com/google/inject/extensions/guice-multibindings/4.0/guice-multibindings-4.0.jar:/home/user/.m2/repository/com/google/inject/guice/4.0/guice-4.0.jar:/home/user/.m2/repository/aopalliance/aopalliance/1.0/aopalliance-1.0.jar:/home/user/.m2/repository/com/google/inject/extensions/guice-servlet/4.0/guice-servlet-4.0.jar:/home/user/.m2/repository/org/glassfish/jersey/containers/jersey-container-servlet/2.27/jersey-container-servlet-2.27.jar:/home/user/.m2/repository/org/glassfish/hk2/guice-bridge/2.5.0/guice-bridge-2.5.0.jar:/home/user/.m2/repository/org/glassfish/jersey/core/jersey-server/2.27/jersey-server-2.27.jar:/home/user/.m2/repository/org/glassfish/jersey/core/jersey-client/2.27/jersey-client-2.27.jar:/home/user/.m2/repository/org/glassfish/jersey/media/jersey-media-jaxb/2.27/jersey-media-jaxb-2.27.jar:/home/user/.m2/repository/javax/validation/validation-api/1.1.0.Final/validation-api-1.1.0.Final.jar:/home/user/.m2/repository/org/glassfish/jersey/media/jersey-media-json-jackson/2.27/jersey-media-json-jackson-2.27.jar:/home/user/.m2/repository/org/glassfish/jersey/ext/jersey-entity-filtering/2.27/jersey-entity-filtering-2.27.jar:/home/user/.m2/repository/com/google/inject/extensions/guice-assistedinject/4.0/guice-assistedinject-4.0.jar:/home/user/.m2/repository/org/jooq/jooq/3.11.10/jooq-3.11.10.jar:/home/user/.m2/repository/org/jooq/jooq-meta/3.11.10/jooq-meta-3.11.10.jar:/home/user/.m2/repository/org/jooq/jooq-codegen/3.11.10/jooq-codegen-3.11.10.jar:/home/user/.m2/repository/com/jolbox/bonecp/0.8.0.RELEASE/bonecp-0.8.0.RELEASE.jar:/home/user/.m2/repository/org/xerial/sqlite-jdbc/3.25.2/sqlite-jdbc-3.25.2.jar:/home/user/.m2/repository/org/springframework/spring-jdbc/5.1.3.RELEASE/spring-jdbc-5.1.3.RELEASE.jar:/home/user/.m2/repository/org/springframework/spring-beans/5.1.3.RELEASE/spring-beans-5.1.3.RELEASE.jar:/home/user/.m2/repository/org/springframework/spring-core/5.1.3.RELEASE/spring-core-5.1.3.RELEASE.jar:/home/user/.m2/repository/org/springframework/spring-jcl/5.1.3.RELEASE/spring-jcl-5.1.3.RELEASE.jar:/home/user/.m2/repository/org/springframework/spring-tx/5.1.3.RELEASE/spring-tx-5.1.3.RELEASE.jar:/home/user/.m2/repository/org/apache/hadoop/hadoop-ozone-client/0.5.0-SNAPSHOT/hadoop-ozone-client-0.5.0-SNAPSHOT.jar:/home/user/.m2/repository/commons-lang/commons-lang/2.6/commons-lang-2.6.jar:/home/user/.m2/repository/org/apache/hadoop/hadoop-ozone-ozone-manager/0.5.0-SNAPSHOT/hadoop-ozone-ozone-manager-0.5.0-SNAPSHOT-tests.jar:/home/user/.m2/repository/junit/junit/4.11/junit-4.11.jar:/home/user/.m2/repository/org/hamcrest/hamcrest-core/1.3/hamcrest-core-1.3.jar:/home/user/.m2/repository/org/openjdk/jmh/jmh-core/1.19/jmh-core-1.19.jar:/home/user/.m2/repository/net/sf/jopt-simple/jopt-simple/4.6/jopt-simple-4.6.jar:/home/user/.m2/repository/org/apache/commons/commons-math3/3.1.1/commons-math3-3.1.1.jar:/home/user/.m2/repository/org/openjdk/jmh/jmh-generator-annprocess/1.19/jmh-generator-annprocess-1.19.jar:/home/user/.m2/repository/org/mockito/mockito-all/1.8.5/mockito-all-1.8.5.jar:/home/user/.m2/repository/org/apache/hadoop/hadoop-kms/3.2.0/hadoop-kms-3.2.0.jar:/home/user/.m2/repository/org/apache/hadoop/hadoop-auth/3.2.0/hadoop-auth-3.2.0.jar:/home/user/.m2/repository/com/nimbusds/nimbus-jose-jwt/4.41.1/nimbus-jose-jwt-4.41.1.jar:/home/user/.m2/repository/com/github/stephenc/jcip/jcip-annotations/1.0-1/jcip-annotations-1.0-1.jar:/home/user/.m2/repository/net/minidev/json-smart/2.3/json-smart-2.3.jar:/home/user/.m2/repository/net/minidev/accessors-smart/1.2/accessors-smart-1.2.jar:/home/user/.m2/repository/org/ow2/asm/asm/5.0.4/asm-5.0.4.jar:/home/user/.m2/repository/org/apache/curator/curator-framework/2.12.0/curator-framework-2.12.0.jar:/home/user/.m2/repository/com/sun/jersey/jersey-core/1.19/jersey-core-1.19.jar:/home/user/.m2/repository/javax/ws/rs/jsr311-api/1.1.1/jsr311-api-1.1.1.jar:/home/user/.m2/repository/com/sun/jersey/jersey-server/1.19/jersey-server-1.19.jar:/home/user/.m2/repository/javax/servlet/javax.servlet-api/3.1.0/javax.servlet-api-3.1.0.jar:/home/user/.m2/repository/org/eclipse/jetty/jetty-server/9.3.25.v20180904/jetty-server-9.3.25.v20180904.jar:/home/user/.m2/repository/org/eclipse/jetty/jetty-http/9.3.25.v20180904/jetty-http-9.3.25.v20180904.jar:/home/user/.m2/repository/org/eclipse/jetty/jetty-io/9.3.25.v20180904/jetty-io-9.3.25.v20180904.jar:/home/user/.m2/repository/org/eclipse/jetty/jetty-webapp/9.3.25.v20180904/jetty-webapp-9.3.25.v20180904.jar:/home/user/.m2/repository/org/eclipse/jetty/jetty-xml/9.3.25.v20180904/jetty-xml-9.3.25.v20180904.jar:/home/user/.m2/repository/log4j/log4j/1.2.17/log4j-1.2.17.jar:/home/user/.m2/repository/org/slf4j/slf4j-api/1.7.25/slf4j-api-1.7.25.jar:/home/user/.m2/repository/org/slf4j/jul-to-slf4j/1.7.25/jul-to-slf4j-1.7.25.jar:/home/user/.m2/repository/org/eclipse/jetty/jetty-util/9.3.25.v20180904/jetty-util-9.3.25.v20180904.jar:/home/user/.m2/repository/com/fasterxml/jackson/core/jackson-databind/2.9.9/jackson-databind-2.9.9.jar:/home/user/.m2/repository/org/apache/hadoop/hadoop-kms/3.2.0/hadoop-kms-3.2.0-tests.jar:/home/user/.m2/repository/org/apache/hadoop/hadoop-hdds-server-scm/0.5.0-SNAPSHOT/hadoop-hdds-server-scm-0.5.0-SNAPSHOT-tests.jar:/home/user/.m2/repository/org/apache/hadoop/hadoop-hdds-container-service/0.5.0-SNAPSHOT/hadoop-hdds-container-service-0.5.0-SNAPSHOT-tests.jar:/home/user/.m2/repository/org/yaml/snakeyaml/1.16/snakeyaml-1.16.jar:/home/user/.m2/repository/org/apache/hadoop/hadoop-common/3.2.0/hadoop-common-3.2.0-tests.jar:/home/user/.m2/repository/org/apache/hadoop/hadoop-annotations/3.2.0/hadoop-annotations-3.2.0.jar:/usr/lib/jvm/java-1.8.0-openjdk-1.8.0.222.b10-1.el7_7.x86_64/jre/../lib/tools.jar:/home/user/.m2/repository/commons-cli/commons-cli/1.2/commons-cli-1.2.jar:/home/user/.m2/repository/org/apache/httpcomponents/httpclient/4.5.2/httpclient-4.5.2.jar:/home/user/.m2/repository/org/apache/httpcomponents/httpcore/4.4.4/httpcore-4.4.4.jar:/home/user/.m2/repository/commons-codec/commons-codec/1.11/commons-codec-1.11.jar:/home/user/.m2/repository/commons-net/commons-net/3.6/commons-net-3.6.jar:/home/user/.m2/repository/commons-collections/commons-collections/3.2.2/commons-collections-3.2.2.jar:/home/user/.m2/repository/org/eclipse/jetty/jetty-servlet/9.3.25.v20180904/jetty-servlet-9.3.25.v20180904.jar:/home/user/.m2/repository/org/eclipse/jetty/jetty-security/9.3.25.v20180904/jetty-security-9.3.25.v20180904.jar:/home/user/.m2/repository/javax/servlet/jsp/jsp-api/2.1/jsp-api-2.1.jar:/home/user/.m2/repository/com/sun/jersey/jersey-servlet/1.19/jersey-servlet-1.19.jar:/home/user/.m2/repository/com/sun/jersey/jersey-json/1.19/jersey-json-1.19.jar:/home/user/.m2/repository/org/codehaus/jettison/jettison/1.1/jettison-1.1.jar:/home/user/.m2/repository/org/codehaus/jackson/jackson-core-asl/1.9.13/jackson-core-asl-1.9.13.jar:/home/user/.m2/repository/org/codehaus/jackson/jackson-mapper-asl/1.9.13/jackson-mapper-asl-1.9.13.jar:/home/user/.m2/repository/org/codehaus/jackson/jackson-jaxrs/1.9.13/jackson-jaxrs-1.9.13.jar:/home/user/.m2/repository/org/codehaus/jackson/jackson-xc/1.9.13/jackson-xc-1.9.13.jar:/home/user/.m2/repository/commons-logging/commons-logging/1.1.3/commons-logging-1.1.3.jar:/home/user/.m2/repository/commons-beanutils/commons-beanutils/1.9.4/commons-beanutils-1.9.4.jar:/home/user/.m2/repository/org/apache/commons/commons-configuration2/2.1.1/commons-configuration2-2.1.1.jar:/home/user/.m2/repository/org/apache/commons/commons-lang3/3.7/commons-lang3-3.7.jar:/home/user/.m2/repository/org/apache/commons/commons-text/1.4/commons-text-1.4.jar:/home/user/.m2/repository/org/apache/avro/avro/1.7.7/avro-1.7.7.jar:/home/user/.m2/repository/com/thoughtworks/paranamer/paranamer/2.3/paranamer-2.3.jar:/home/user/.m2/repository/org/xerial/snappy/snappy-java/1.0.5/snappy-java-1.0.5.jar:/home/user/.m2/repository/com/google/re2j/re2j/1.1/re2j-1.1.jar:/home/user/.m2/repository/com/google/code/gson/gson/2.2.4/gson-2.2.4.jar:/home/user/.m2/repository/com/jcraft/jsch/0.1.54/jsch-0.1.54.jar:/home/user/.m2/repository/org/apache/curator/curator-client/2.12.0/curator-client-2.12.0.jar:/home/user/.m2/repository/org/apache/curator/curator-recipes/2.12.0/curator-recipes-2.12.0.jar:/home/user/.m2/repository/com/google/code/findbugs/jsr305/3.0.0/jsr305-3.0.0.jar:/home/user/.m2/repository/org/apache/htrace/htrace-core4/4.1.0-incubating/htrace-core4-4.1.0-incubating.jar:/home/user/.m2/repository/org/apache/zookeeper/zookeeper/3.4.13/zookeeper-3.4.13.jar:/home/user/.m2/repository/jline/jline/0.9.94/jline-0.9.94.jar:/home/user/.m2/repository/org/apache/yetus/audience-annotations/0.5.0/audience-annotations-0.5.0.jar:/home/user/.m2/repository/org/codehaus/woodstox/stax2-api/3.1.4/stax2-api-3.1.4.jar:/home/user/.m2/repository/com/fasterxml/woodstox/woodstox-core/5.0.3/woodstox-core-5.0.3.jar:/home/user/.m2/repository/dnsjava/dnsjava/2.1.7/dnsjava-2.1.7.jar:/home/user/.m2/repository/org/apache/hadoop/hadoop-hdfs/3.2.0/hadoop-hdfs-3.2.0-tests.jar:/home/user/.m2/repository/org/eclipse/jetty/jetty-util-ajax/9.3.25.v20180904/jetty-util-ajax-9.3.25.v20180904.jar:/home/user/.m2/repository/commons-daemon/commons-daemon/1.0.13/commons-daemon-1.0.13.jar:/home/user/.m2/repository/io/netty/netty/3.10.5.Final/netty-3.10.5.Final.jar:/home/user/.m2/repository/io/netty/netty-all/4.0.52.Final/netty-all-4.0.52.Final.jar:/home/user/.m2/repository/org/fusesource/leveldbjni/leveldbjni-all/1.8/leveldbjni-all-1.8.jar:"/>
    <property name="java.vm.vendor" value="Oracle Corporation"/>
    <property name="sun.arch.data.model" value="64"/>
    <property name="test.build.dir" value="/workdir/hadoop-ozone/integration-test/target/test-dir"/>
    <property name="test.cache.data" value=""/>
    <property name="java.vendor.url" value="http://java.oracle.com/"/>
    <property name="user.timezone" value=""/>
    <property name="java.vm.specification.version" value="1.8"/>
    <property name="os.name" value="Linux"/>
    <property name="test.build.data" value="/workdir/hadoop-ozone/integration-test/target/test-dir"/>
    <property name="user.country" value="US"/>
    <property name="sun.java.launcher" value="SUN_STANDARD"/>
    <property name="sun.boot.library.path" value="/usr/lib/jvm/java-1.8.0-openjdk-1.8.0.222.b10-1.el7_7.x86_64/jre/lib/amd64"/>
    <property name="sun.java.command" value="/workdir/hadoop-ozone/integration-test/target/surefire/surefirebooter7981695919334975681.jar /workdir/hadoop-ozone/integration-test/target/surefire 2019-10-30T05-22-46_000-jvmRun1 surefire8290562016081876217tmp surefire_347536688970521293968tmp"/>
    <property name="surefire.test.class.path" value="/workdir/hadoop-ozone/integration-test/target/test-classes:/workdir/hadoop-ozone/integration-test/target/classes:/home/user/.m2/repository/org/apache/hadoop/hadoop-ozone-common/0.5.0-SNAPSHOT/hadoop-ozone-common-0.5.0-SNAPSHOT.jar:/home/user/.m2/repository/org/apache/commons/commons-compress/1.4.1/commons-compress-1.4.1.jar:/home/user/.m2/repository/org/tukaani/xz/1.0/xz-1.0.jar:/home/user/.m2/repository/org/apache/hadoop/hadoop-common/3.2.0/hadoop-common-3.2.0.jar:/home/user/.m2/repository/org/apache/hadoop/hadoop-hdfs/3.2.0/hadoop-hdfs-3.2.0.jar:/home/user/.m2/repository/org/apache/hadoop/hadoop-hdfs-client/3.2.0/hadoop-hdfs-client-3.2.0.jar:/home/user/.m2/repository/com/fasterxml/jackson/core/jackson-annotations/2.9.9/jackson-annotations-2.9.9.jar:/home/user/.m2/repository/org/apache/hadoop/hadoop-hdds-common/0.5.0-SNAPSHOT/hadoop-hdds-common-0.5.0-SNAPSHOT.jar:/home/user/.m2/repository/javax/annotation/javax.annotation-api/1.2/javax.annotation-api-1.2.jar:/home/user/.m2/repository/org/apache/ratis/ratis-server/0.5.0-3f446aa-SNAPSHOT/ratis-server-0.5.0-3f446aa-SNAPSHOT.jar:/home/user/.m2/repository/org/apache/ratis/ratis-thirdparty-misc/0.2.0/ratis-thirdparty-misc-0.2.0.jar:/home/user/.m2/repository/org/apache/ratis/ratis-proto/0.5.0-3f446aa-SNAPSHOT/ratis-proto-0.5.0-3f446aa-SNAPSHOT.jar:/home/user/.m2/repository/org/apache/ratis/ratis-common/0.5.0-3f446aa-SNAPSHOT/ratis-common-0.5.0-3f446aa-SNAPSHOT.jar:/home/user/.m2/repository/org/apache/ratis/ratis-client/0.5.0-3f446aa-SNAPSHOT/ratis-client-0.5.0-3f446aa-SNAPSHOT.jar:/home/user/.m2/repository/org/apache/ratis/ratis-metrics/0.5.0-3f446aa-SNAPSHOT/ratis-metrics-0.5.0-3f446aa-SNAPSHOT.jar:/home/user/.m2/repository/com/github/joshelser/dropwizard-metrics-hadoop-metrics2-reporter/0.1.2/dropwizard-metrics-hadoop-metrics2-reporter-0.1.2.jar:/home/user/.m2/repository/io/dropwizard/metrics/metrics-jvm/3.2.5/metrics-jvm-3.2.5.jar:/home/user/.m2/repository/io/dropwizard/metrics/metrics-ganglia/3.2.5/metrics-ganglia-3.2.5.jar:/home/user/.m2/repository/info/ganglia/gmetric4j/gmetric4j/1.0.7/gmetric4j-1.0.7.jar:/home/user/.m2/repository/org/apache/ratis/ratis-netty/0.5.0-3f446aa-SNAPSHOT/ratis-netty-0.5.0-3f446aa-SNAPSHOT.jar:/home/user/.m2/repository/org/apache/ratis/ratis-grpc/0.5.0-3f446aa-SNAPSHOT/ratis-grpc-0.5.0-3f446aa-SNAPSHOT.jar:/home/user/.m2/repository/org/rocksdb/rocksdbjni/6.0.1/rocksdbjni-6.0.1.jar:/home/user/.m2/repository/org/apache/logging/log4j/log4j-api/2.11.0/log4j-api-2.11.0.jar:/home/user/.m2/repository/org/apache/logging/log4j/log4j-core/2.11.0/log4j-core-2.11.0.jar:/home/user/.m2/repository/com/lmax/disruptor/3.4.2/disruptor-3.4.2.jar:/home/user/.m2/repository/org/apache/commons/commons-pool2/2.6.0/commons-pool2-2.6.0.jar:/home/user/.m2/repository/org/bouncycastle/bcpkix-jdk15on/1.60/bcpkix-jdk15on-1.60.jar:/home/user/.m2/repository/commons-validator/commons-validator/1.6/commons-validator-1.6.jar:/home/user/.m2/repository/commons-digester/commons-digester/1.8.1/commons-digester-1.8.1.jar:/home/user/.m2/repository/io/jaegertracing/jaeger-client/0.34.0/jaeger-client-0.34.0.jar:/home/user/.m2/repository/io/jaegertracing/jaeger-thrift/0.34.0/jaeger-thrift-0.34.0.jar:/home/user/.m2/repository/org/apache/thrift/libthrift/0.12.0/libthrift-0.12.0.jar:/home/user/.m2/repository/com/squareup/okhttp3/okhttp/3.9.0/okhttp-3.9.0.jar:/home/user/.m2/repository/com/squareup/okio/okio/1.13.0/okio-1.13.0.jar:/home/user/.m2/repository/io/jaegertracing/jaeger-core/0.34.0/jaeger-core-0.34.0.jar:/home/user/.m2/repository/io/jaegertracing/jaeger-tracerresolver/0.34.0/jaeger-tracerresolver-0.34.0.jar:/home/user/.m2/repository/io/opentracing/contrib/opentracing-tracerresolver/0.1.5/opentracing-tracerresolver-0.1.5.jar:/home/user/.m2/repository/io/opentracing/opentracing-util/0.31.0/opentracing-util-0.31.0.jar:/home/user/.m2/repository/io/opentracing/opentracing-api/0.31.0/opentracing-api-0.31.0.jar:/home/user/.m2/repository/io/opentracing/opentracing-noop/0.31.0/opentracing-noop-0.31.0.jar:/home/user/.m2/repository/org/apache/hadoop/hadoop-hdds-server-framework/0.5.0-SNAPSHOT/hadoop-hdds-server-framework-0.5.0-SNAPSHOT.jar:/home/user/.m2/repository/org/apache/hadoop/hadoop-hdds-container-service/0.5.0-SNAPSHOT/hadoop-hdds-container-service-0.5.0-SNAPSHOT.jar:/home/user/.m2/repository/org/apache/hadoop/hadoop-hdds-client/0.5.0-SNAPSHOT/hadoop-hdds-client-0.5.0-SNAPSHOT.jar:/home/user/.m2/repository/org/apache/hadoop/hadoop-hdds-tools/0.5.0-SNAPSHOT/hadoop-hdds-tools-0.5.0-SNAPSHOT.jar:/home/user/.m2/repository/org/apache/hadoop/hadoop-hdds-server-scm/0.5.0-SNAPSHOT/hadoop-hdds-server-scm-0.5.0-SNAPSHOT.jar:/home/user/.m2/repository/org/apache/hadoop/hadoop-hdds-docs/0.5.0-SNAPSHOT/hadoop-hdds-docs-0.5.0-SNAPSHOT.jar:/home/user/.m2/repository/io/dropwizard/metrics/metrics-core/3.2.4/metrics-core-3.2.4.jar:/home/user/.m2/repository/org/hamcrest/hamcrest-all/1.3/hamcrest-all-1.3.jar:/home/user/.m2/repository/org/bouncycastle/bcprov-jdk15on/1.60/bcprov-jdk15on-1.60.jar:/home/user/.m2/repository/info/picocli/picocli/3.9.6/picocli-3.9.6.jar:/home/user/.m2/repository/com/google/protobuf/protobuf-java/2.5.0/protobuf-java-2.5.0.jar:/home/user/.m2/repository/com/google/guava/guava/11.0.2/guava-11.0.2.jar:/home/user/.m2/repository/org/apache/hadoop/hadoop-ozone-ozone-manager/0.5.0-SNAPSHOT/hadoop-ozone-ozone-manager-0.5.0-SNAPSHOT.jar:/home/user/.m2/repository/org/apache/hadoop/hadoop-minikdc/3.2.0/hadoop-minikdc-3.2.0.jar:/home/user/.m2/repository/commons-io/commons-io/2.5/commons-io-2.5.jar:/home/user/.m2/repository/org/apache/kerby/kerb-simplekdc/1.0.1/kerb-simplekdc-1.0.1.jar:/home/user/.m2/repository/org/apache/kerby/kerb-client/1.0.1/kerb-client-1.0.1.jar:/home/user/.m2/repository/org/apache/kerby/kerby-config/1.0.1/kerby-config-1.0.1.jar:/home/user/.m2/repository/org/apache/kerby/kerb-core/1.0.1/kerb-core-1.0.1.jar:/home/user/.m2/repository/org/apache/kerby/kerby-pkix/1.0.1/kerby-pkix-1.0.1.jar:/home/user/.m2/repository/org/apache/kerby/kerby-asn1/1.0.1/kerby-asn1-1.0.1.jar:/home/user/.m2/repository/org/apache/kerby/kerby-util/1.0.1/kerby-util-1.0.1.jar:/home/user/.m2/repository/org/apache/kerby/kerb-common/1.0.1/kerb-common-1.0.1.jar:/home/user/.m2/repository/org/apache/kerby/kerb-crypto/1.0.1/kerb-crypto-1.0.1.jar:/home/user/.m2/repository/org/apache/kerby/kerb-util/1.0.1/kerb-util-1.0.1.jar:/home/user/.m2/repository/org/apache/kerby/token-provider/1.0.1/token-provider-1.0.1.jar:/home/user/.m2/repository/org/apache/kerby/kerb-admin/1.0.1/kerb-admin-1.0.1.jar:/home/user/.m2/repository/org/apache/kerby/kerb-server/1.0.1/kerb-server-1.0.1.jar:/home/user/.m2/repository/org/apache/kerby/kerb-identity/1.0.1/kerb-identity-1.0.1.jar:/home/user/.m2/repository/org/apache/kerby/kerby-xdr/1.0.1/kerby-xdr-1.0.1.jar:/home/user/.m2/repository/org/slf4j/slf4j-log4j12/1.7.25/slf4j-log4j12-1.7.25.jar:/home/user/.m2/repository/org/apache/hadoop/hadoop-ozone-s3gateway/0.5.0-SNAPSHOT/hadoop-ozone-s3gateway-0.5.0-SNAPSHOT.jar:/home/user/.m2/repository/org/jboss/weld/servlet/weld-servlet/2.4.7.Final/weld-servlet-2.4.7.Final.jar:/home/user/.m2/repository/org/glassfish/jersey/containers/jersey-container-servlet-core/2.27/jersey-container-servlet-core-2.27.jar:/home/user/.m2/repository/org/glassfish/hk2/external/javax.inject/2.5.0-b42/javax.inject-2.5.0-b42.jar:/home/user/.m2/repository/org/glassfish/jersey/core/jersey-common/2.27/jersey-common-2.27.jar:/home/user/.m2/repository/org/glassfish/hk2/osgi-resource-locator/1.0.1/osgi-resource-locator-1.0.1.jar:/home/user/.m2/repository/javax/ws/rs/javax.ws.rs-api/2.1/javax.ws.rs-api-2.1.jar:/home/user/.m2/repository/org/glassfish/jersey/ext/cdi/jersey-cdi1x/2.27/jersey-cdi1x-2.27.jar:/home/user/.m2/repository/org/glassfish/jersey/inject/jersey-hk2/2.27/jersey-hk2-2.27.jar:/home/user/.m2/repository/org/glassfish/hk2/hk2-locator/2.5.0-b42/hk2-locator-2.5.0-b42.jar:/home/user/.m2/repository/org/javassist/javassist/3.22.0-CR2/javassist-3.22.0-CR2.jar:/home/user/.m2/repository/org/glassfish/hk2/hk2-api/2.5.0/hk2-api-2.5.0.jar:/home/user/.m2/repository/org/glassfish/hk2/external/jakarta.inject/2.5.0/jakarta.inject-2.5.0.jar:/home/user/.m2/repository/org/glassfish/hk2/hk2-utils/2.5.0/hk2-utils-2.5.0.jar:/home/user/.m2/repository/jakarta/annotation/jakarta.annotation-api/1.3.4/jakarta.annotation-api-1.3.4.jar:/home/user/.m2/repository/org/glassfish/hk2/external/aopalliance-repackaged/2.5.0/aopalliance-repackaged-2.5.0.jar:/home/user/.m2/repository/com/fasterxml/jackson/dataformat/jackson-dataformat-xml/2.9.0/jackson-dataformat-xml-2.9.0.jar:/home/user/.m2/repository/com/fasterxml/jackson/core/jackson-core/2.9.9/jackson-core-2.9.9.jar:/home/user/.m2/repository/com/fasterxml/jackson/module/jackson-module-jaxb-annotations/2.9.9/jackson-module-jaxb-annotations-2.9.9.jar:/home/user/.m2/repository/javax/enterprise/cdi-api/1.2/cdi-api-1.2.jar:/home/user/.m2/repository/javax/el/javax.el-api/3.0.0/javax.el-api-3.0.0.jar:/home/user/.m2/repository/javax/interceptor/javax.interceptor-api/1.2/javax.interceptor-api-1.2.jar:/home/user/.m2/repository/javax/inject/javax.inject/1/javax.inject-1.jar:/home/user/.m2/repository/com/sun/xml/bind/jaxb-impl/2.3.0.1/jaxb-impl-2.3.0.1.jar:/home/user/.m2/repository/com/sun/xml/bind/jaxb-core/2.3.0.1/jaxb-core-2.3.0.1.jar:/home/user/.m2/repository/javax/xml/bind/jaxb-api/2.3.0/jaxb-api-2.3.0.jar:/home/user/.m2/repository/javax/activation/activation/1.1.1/activation-1.1.1.jar:/home/user/.m2/repository/org/apache/hadoop/hadoop-ozone-csi/0.5.0-SNAPSHOT/hadoop-ozone-csi-0.5.0-SNAPSHOT.jar:/home/user/.m2/repository/com/google/protobuf/protobuf-java-util/3.5.1/protobuf-java-util-3.5.1.jar:/home/user/.m2/repository/org/apache/hadoop/hadoop-hdds-config/0.5.0-SNAPSHOT/hadoop-hdds-config-0.5.0-SNAPSHOT.jar:/home/user/.m2/repository/io/grpc/grpc-netty/1.17.1/grpc-netty-1.17.1.jar:/home/user/.m2/repository/io/grpc/grpc-core/1.17.1/grpc-core-1.17.1.jar:/home/user/.m2/repository/io/grpc/grpc-context/1.17.1/grpc-context-1.17.1.jar:/home/user/.m2/repository/com/google/errorprone/error_prone_annotations/2.2.0/error_prone_annotations-2.2.0.jar:/home/user/.m2/repository/org/codehaus/mojo/animal-sniffer-annotations/1.17/animal-sniffer-annotations-1.17.jar:/home/user/.m2/repository/io/opencensus/opencensus-api/0.17.0/opencensus-api-0.17.0.jar:/home/user/.m2/repository/io/opencensus/opencensus-contrib-grpc-metrics/0.17.0/opencensus-contrib-grpc-metrics-0.17.0.jar:/home/user/.m2/repository/io/netty/netty-codec-http2/4.1.30.Final/netty-codec-http2-4.1.30.Final.jar:/home/user/.m2/repository/io/netty/netty-codec-http/4.1.30.Final/netty-codec-http-4.1.30.Final.jar:/home/user/.m2/repository/io/netty/netty-codec/4.1.30.Final/netty-codec-4.1.30.Final.jar:/home/user/.m2/repository/io/netty/netty-handler/4.1.30.Final/netty-handler-4.1.30.Final.jar:/home/user/.m2/repository/io/netty/netty-handler-proxy/4.1.30.Final/netty-handler-proxy-4.1.30.Final.jar:/home/user/.m2/repository/io/netty/netty-codec-socks/4.1.30.Final/netty-codec-socks-4.1.30.Final.jar:/home/user/.m2/repository/io/netty/netty-transport-native-epoll/4.1.30.Final/netty-transport-native-epoll-4.1.30.Final.jar:/home/user/.m2/repository/io/netty/netty-common/4.1.30.Final/netty-common-4.1.30.Final.jar:/home/user/.m2/repository/io/netty/netty-buffer/4.1.30.Final/netty-buffer-4.1.30.Final.jar:/home/user/.m2/repository/io/netty/netty-transport/4.1.30.Final/netty-transport-4.1.30.Final.jar:/home/user/.m2/repository/io/netty/netty-resolver/4.1.30.Final/netty-resolver-4.1.30.Final.jar:/home/user/.m2/repository/io/netty/netty-transport-native-unix-common/4.1.30.Final/netty-transport-native-unix-common-4.1.30.Final.jar:/home/user/.m2/repository/io/grpc/grpc-protobuf/1.17.1/grpc-protobuf-1.17.1.jar:/home/user/.m2/repository/com/google/api/grpc/proto-google-common-protos/1.0.0/proto-google-common-protos-1.0.0.jar:/home/user/.m2/repository/io/grpc/grpc-protobuf-lite/1.17.1/grpc-protobuf-lite-1.17.1.jar:/home/user/.m2/repository/io/grpc/grpc-stub/1.17.1/grpc-stub-1.17.1.jar:/home/user/.m2/repository/org/apache/hadoop/hadoop-ozone-recon/0.5.0-SNAPSHOT/hadoop-ozone-recon-0.5.0-SNAPSHOT.jar:/home/user/.m2/repository/org/apache/hadoop/hadoop-ozone-reconcodegen/0.5.0-SNAPSHOT/hadoop-ozone-reconcodegen-0.5.0-SNAPSHOT.jar:/home/user/.m2/repository/com/google/inject/extensions/guice-multibindings/4.0/guice-multibindings-4.0.jar:/home/user/.m2/repository/com/google/inject/guice/4.0/guice-4.0.jar:/home/user/.m2/repository/aopalliance/aopalliance/1.0/aopalliance-1.0.jar:/home/user/.m2/repository/com/google/inject/extensions/guice-servlet/4.0/guice-servlet-4.0.jar:/home/user/.m2/repository/org/glassfish/jersey/containers/jersey-container-servlet/2.27/jersey-container-servlet-2.27.jar:/home/user/.m2/repository/org/glassfish/hk2/guice-bridge/2.5.0/guice-bridge-2.5.0.jar:/home/user/.m2/repository/org/glassfish/jersey/core/jersey-server/2.27/jersey-server-2.27.jar:/home/user/.m2/repository/org/glassfish/jersey/core/jersey-client/2.27/jersey-client-2.27.jar:/home/user/.m2/repository/org/glassfish/jersey/media/jersey-media-jaxb/2.27/jersey-media-jaxb-2.27.jar:/home/user/.m2/repository/javax/validation/validation-api/1.1.0.Final/validation-api-1.1.0.Final.jar:/home/user/.m2/repository/org/glassfish/jersey/media/jersey-media-json-jackson/2.27/jersey-media-json-jackson-2.27.jar:/home/user/.m2/repository/org/glassfish/jersey/ext/jersey-entity-filtering/2.27/jersey-entity-filtering-2.27.jar:/home/user/.m2/repository/com/google/inject/extensions/guice-assistedinject/4.0/guice-assistedinject-4.0.jar:/home/user/.m2/repository/org/jooq/jooq/3.11.10/jooq-3.11.10.jar:/home/user/.m2/repository/org/jooq/jooq-meta/3.11.10/jooq-meta-3.11.10.jar:/home/user/.m2/repository/org/jooq/jooq-codegen/3.11.10/jooq-codegen-3.11.10.jar:/home/user/.m2/repository/com/jolbox/bonecp/0.8.0.RELEASE/bonecp-0.8.0.RELEASE.jar:/home/user/.m2/repository/org/xerial/sqlite-jdbc/3.25.2/sqlite-jdbc-3.25.2.jar:/home/user/.m2/repository/org/springframework/spring-jdbc/5.1.3.RELEASE/spring-jdbc-5.1.3.RELEASE.jar:/home/user/.m2/repository/org/springframework/spring-beans/5.1.3.RELEASE/spring-beans-5.1.3.RELEASE.jar:/home/user/.m2/repository/org/springframework/spring-core/5.1.3.RELEASE/spring-core-5.1.3.RELEASE.jar:/home/user/.m2/repository/org/springframework/spring-jcl/5.1.3.RELEASE/spring-jcl-5.1.3.RELEASE.jar:/home/user/.m2/repository/org/springframework/spring-tx/5.1.3.RELEASE/spring-tx-5.1.3.RELEASE.jar:/home/user/.m2/repository/org/apache/hadoop/hadoop-ozone-client/0.5.0-SNAPSHOT/hadoop-ozone-client-0.5.0-SNAPSHOT.jar:/home/user/.m2/repository/commons-lang/commons-lang/2.6/commons-lang-2.6.jar:/home/user/.m2/repository/org/apache/hadoop/hadoop-ozone-ozone-manager/0.5.0-SNAPSHOT/hadoop-ozone-ozone-manager-0.5.0-SNAPSHOT-tests.jar:/home/user/.m2/repository/junit/junit/4.11/junit-4.11.jar:/home/user/.m2/repository/org/hamcrest/hamcrest-core/1.3/hamcrest-core-1.3.jar:/home/user/.m2/repository/org/openjdk/jmh/jmh-core/1.19/jmh-core-1.19.jar:/home/user/.m2/repository/net/sf/jopt-simple/jopt-simple/4.6/jopt-simple-4.6.jar:/home/user/.m2/repository/org/apache/commons/commons-math3/3.1.1/commons-math3-3.1.1.jar:/home/user/.m2/repository/org/openjdk/jmh/jmh-generator-annprocess/1.19/jmh-generator-annprocess-1.19.jar:/home/user/.m2/repository/org/mockito/mockito-all/1.8.5/mockito-all-1.8.5.jar:/home/user/.m2/repository/org/apache/hadoop/hadoop-kms/3.2.0/hadoop-kms-3.2.0.jar:/home/user/.m2/repository/org/apache/hadoop/hadoop-auth/3.2.0/hadoop-auth-3.2.0.jar:/home/user/.m2/repository/com/nimbusds/nimbus-jose-jwt/4.41.1/nimbus-jose-jwt-4.41.1.jar:/home/user/.m2/repository/com/github/stephenc/jcip/jcip-annotations/1.0-1/jcip-annotations-1.0-1.jar:/home/user/.m2/repository/net/minidev/json-smart/2.3/json-smart-2.3.jar:/home/user/.m2/repository/net/minidev/accessors-smart/1.2/accessors-smart-1.2.jar:/home/user/.m2/repository/org/ow2/asm/asm/5.0.4/asm-5.0.4.jar:/home/user/.m2/repository/org/apache/curator/curator-framework/2.12.0/curator-framework-2.12.0.jar:/home/user/.m2/repository/com/sun/jersey/jersey-core/1.19/jersey-core-1.19.jar:/home/user/.m2/repository/javax/ws/rs/jsr311-api/1.1.1/jsr311-api-1.1.1.jar:/home/user/.m2/repository/com/sun/jersey/jersey-server/1.19/jersey-server-1.19.jar:/home/user/.m2/repository/javax/servlet/javax.servlet-api/3.1.0/javax.servlet-api-3.1.0.jar:/home/user/.m2/repository/org/eclipse/jetty/jetty-server/9.3.25.v20180904/jetty-server-9.3.25.v20180904.jar:/home/user/.m2/repository/org/eclipse/jetty/jetty-http/9.3.25.v20180904/jetty-http-9.3.25.v20180904.jar:/home/user/.m2/repository/org/eclipse/jetty/jetty-io/9.3.25.v20180904/jetty-io-9.3.25.v20180904.jar:/home/user/.m2/repository/org/eclipse/jetty/jetty-webapp/9.3.25.v20180904/jetty-webapp-9.3.25.v20180904.jar:/home/user/.m2/repository/org/eclipse/jetty/jetty-xml/9.3.25.v20180904/jetty-xml-9.3.25.v20180904.jar:/home/user/.m2/repository/log4j/log4j/1.2.17/log4j-1.2.17.jar:/home/user/.m2/repository/org/slf4j/slf4j-api/1.7.25/slf4j-api-1.7.25.jar:/home/user/.m2/repository/org/slf4j/jul-to-slf4j/1.7.25/jul-to-slf4j-1.7.25.jar:/home/user/.m2/repository/org/eclipse/jetty/jetty-util/9.3.25.v20180904/jetty-util-9.3.25.v20180904.jar:/home/user/.m2/repository/com/fasterxml/jackson/core/jackson-databind/2.9.9/jackson-databind-2.9.9.jar:/home/user/.m2/repository/org/apache/hadoop/hadoop-kms/3.2.0/hadoop-kms-3.2.0-tests.jar:/home/user/.m2/repository/org/apache/hadoop/hadoop-hdds-server-scm/0.5.0-SNAPSHOT/hadoop-hdds-server-scm-0.5.0-SNAPSHOT-tests.jar:/home/user/.m2/repository/org/apache/hadoop/hadoop-hdds-container-service/0.5.0-SNAPSHOT/hadoop-hdds-container-service-0.5.0-SNAPSHOT-tests.jar:/home/user/.m2/repository/org/yaml/snakeyaml/1.16/snakeyaml-1.16.jar:/home/user/.m2/repository/org/apache/hadoop/hadoop-common/3.2.0/hadoop-common-3.2.0-tests.jar:/home/user/.m2/repository/org/apache/hadoop/hadoop-annotations/3.2.0/hadoop-annotations-3.2.0.jar:/usr/lib/jvm/java-1.8.0-openjdk-1.8.0.222.b10-1.el7_7.x86_64/jre/../lib/tools.jar:/home/user/.m2/repository/commons-cli/commons-cli/1.2/commons-cli-1.2.jar:/home/user/.m2/repository/org/apache/httpcomponents/httpclient/4.5.2/httpclient-4.5.2.jar:/home/user/.m2/repository/org/apache/httpcomponents/httpcore/4.4.4/httpcore-4.4.4.jar:/home/user/.m2/repository/commons-codec/commons-codec/1.11/commons-codec-1.11.jar:/home/user/.m2/repository/commons-net/commons-net/3.6/commons-net-3.6.jar:/home/user/.m2/repository/commons-collections/commons-collections/3.2.2/commons-collections-3.2.2.jar:/home/user/.m2/repository/org/eclipse/jetty/jetty-servlet/9.3.25.v20180904/jetty-servlet-9.3.25.v20180904.jar:/home/user/.m2/repository/org/eclipse/jetty/jetty-security/9.3.25.v20180904/jetty-security-9.3.25.v20180904.jar:/home/user/.m2/repository/javax/servlet/jsp/jsp-api/2.1/jsp-api-2.1.jar:/home/user/.m2/repository/com/sun/jersey/jersey-servlet/1.19/jersey-servlet-1.19.jar:/home/user/.m2/repository/com/sun/jersey/jersey-json/1.19/jersey-json-1.19.jar:/home/user/.m2/repository/org/codehaus/jettison/jettison/1.1/jettison-1.1.jar:/home/user/.m2/repository/org/codehaus/jackson/jackson-core-asl/1.9.13/jackson-core-asl-1.9.13.jar:/home/user/.m2/repository/org/codehaus/jackson/jackson-mapper-asl/1.9.13/jackson-mapper-asl-1.9.13.jar:/home/user/.m2/repository/org/codehaus/jackson/jackson-jaxrs/1.9.13/jackson-jaxrs-1.9.13.jar:/home/user/.m2/repository/org/codehaus/jackson/jackson-xc/1.9.13/jackson-xc-1.9.13.jar:/home/user/.m2/repository/commons-logging/commons-logging/1.1.3/commons-logging-1.1.3.jar:/home/user/.m2/repository/commons-beanutils/commons-beanutils/1.9.4/commons-beanutils-1.9.4.jar:/home/user/.m2/repository/org/apache/commons/commons-configuration2/2.1.1/commons-configuration2-2.1.1.jar:/home/user/.m2/repository/org/apache/commons/commons-lang3/3.7/commons-lang3-3.7.jar:/home/user/.m2/repository/org/apache/commons/commons-text/1.4/commons-text-1.4.jar:/home/user/.m2/repository/org/apache/avro/avro/1.7.7/avro-1.7.7.jar:/home/user/.m2/repository/com/thoughtworks/paranamer/paranamer/2.3/paranamer-2.3.jar:/home/user/.m2/repository/org/xerial/snappy/snappy-java/1.0.5/snappy-java-1.0.5.jar:/home/user/.m2/repository/com/google/re2j/re2j/1.1/re2j-1.1.jar:/home/user/.m2/repository/com/google/code/gson/gson/2.2.4/gson-2.2.4.jar:/home/user/.m2/repository/com/jcraft/jsch/0.1.54/jsch-0.1.54.jar:/home/user/.m2/repository/org/apache/curator/curator-client/2.12.0/curator-client-2.12.0.jar:/home/user/.m2/repository/org/apache/curator/curator-recipes/2.12.0/curator-recipes-2.12.0.jar:/home/user/.m2/repository/com/google/code/findbugs/jsr305/3.0.0/jsr305-3.0.0.jar:/home/user/.m2/repository/org/apache/htrace/htrace-core4/4.1.0-incubating/htrace-core4-4.1.0-incubating.jar:/home/user/.m2/repository/org/apache/zookeeper/zookeeper/3.4.13/zookeeper-3.4.13.jar:/home/user/.m2/repository/jline/jline/0.9.94/jline-0.9.94.jar:/home/user/.m2/repository/org/apache/yetus/audience-annotations/0.5.0/audience-annotations-0.5.0.jar:/home/user/.m2/repository/org/codehaus/woodstox/stax2-api/3.1.4/stax2-api-3.1.4.jar:/home/user/.m2/repository/com/fasterxml/woodstox/woodstox-core/5.0.3/woodstox-core-5.0.3.jar:/home/user/.m2/repository/dnsjava/dnsjava/2.1.7/dnsjava-2.1.7.jar:/home/user/.m2/repository/org/apache/hadoop/hadoop-hdfs/3.2.0/hadoop-hdfs-3.2.0-tests.jar:/home/user/.m2/repository/org/eclipse/jetty/jetty-util-ajax/9.3.25.v20180904/jetty-util-ajax-9.3.25.v20180904.jar:/home/user/.m2/repository/commons-daemon/commons-daemon/1.0.13/commons-daemon-1.0.13.jar:/home/user/.m2/repository/io/netty/netty/3.10.5.Final/netty-3.10.5.Final.jar:/home/user/.m2/repository/io/netty/netty-all/4.0.52.Final/netty-all-4.0.52.Final.jar:/home/user/.m2/repository/org/fusesource/leveldbjni/leveldbjni-all/1.8/leveldbjni-all-1.8.jar:"/>
    <property name="sun.cpu.endian" value="little"/>
    <property name="user.home" value="/home/user"/>
    <property name="user.language" value="en"/>
    <property name="java.specification.vendor" value="Oracle Corporation"/>
    <property name="java.home" value="/usr/lib/jvm/java-1.8.0-openjdk-1.8.0.222.b10-1.el7_7.x86_64/jre"/>
    <property name="surefire.excludesFile" value="/tools/ozone-bad-unit-tests"/>
    <property name="java.security.krb5.conf" value="/workdir/hadoop-ozone/integration-test/target/test-classes/krb5.conf"/>
    <property name="basedir" value="/workdir/hadoop-ozone/integration-test"/>
    <property name="file.separator" value="/"/>
    <property name="line.separator" value="&#10;"/>
    <property name="java.vm.specification.vendor" value="Oracle Corporation"/>
    <property name="java.specification.name" value="Java Platform API Specification"/>
    <property name="java.awt.graphicsenv" value="sun.awt.X11GraphicsEnvironment"/>
    <property name="surefire.real.class.path" value="/workdir/hadoop-ozone/integration-test/target/surefire/surefirebooter7981695919334975681.jar"/>
    <property name="hadoop.log.dir" value="/workdir/hadoop-ozone/integration-test/target/log"/>
    <property name="sun.boot.class.path" value="/usr/lib/jvm/java-1.8.0-openjdk-1.8.0.222.b10-1.el7_7.x86_64/jre/lib/resources.jar:/usr/lib/jvm/java-1.8.0-openjdk-1.8.0.222.b10-1.el7_7.x86_64/jre/lib/rt.jar:/usr/lib/jvm/java-1.8.0-openjdk-1.8.0.222.b10-1.el7_7.x86_64/jre/lib/sunrsasign.jar:/usr/lib/jvm/java-1.8.0-openjdk-1.8.0.222.b10-1.el7_7.x86_64/jre/lib/jsse.jar:/usr/lib/jvm/java-1.8.0-openjdk-1.8.0.222.b10-1.el7_7.x86_64/jre/lib/jce.jar:/usr/lib/jvm/java-1.8.0-openjdk-1.8.0.222.b10-1.el7_7.x86_64/jre/lib/charsets.jar:/usr/lib/jvm/java-1.8.0-openjdk-1.8.0.222.b10-1.el7_7.x86_64/jre/lib/jfr.jar:/usr/lib/jvm/java-1.8.0-openjdk-1.8.0.222.b10-1.el7_7.x86_64/jre/classes"/>
    <property name="sun.management.compiler" value="HotSpot 64-Bit Tiered Compilers"/>
    <property name="java.runtime.version" value="1.8.0_222-b10"/>
    <property name="java.net.preferIPv4Stack" value="true"/>
    <property name="user.name" value="jenkins1000"/>
    <property name="path.separator" value=":"/>
    <property name="java.security.egd" value="file:///dev/urandom"/>
    <property name="os.version" value="3.10.0-957.12.2.el7.x86_64"/>
    <property name="java.endorsed.dirs" value="/usr/lib/jvm/java-1.8.0-openjdk-1.8.0.222.b10-1.el7_7.x86_64/jre/lib/endorsed"/>
    <property name="java.runtime.name" value="OpenJDK Runtime Environment"/>
    <property name="file.encoding" value="ANSI_X3.4-1968"/>
    <property name="java.vm.name" value="OpenJDK 64-Bit Server VM"/>
    <property name="test.build.webapps" value=""/>
    <property name="localRepository" value="/home/user/.m2/repository"/>
    <property name="java.vendor.url.bug" value="http://bugreport.sun.com/bugreport/"/>
    <property name="java.io.tmpdir" value="/tmp"/>
    <property name="require.test.libhadoop" value=""/>
    <property name="java.version" value="1.8.0_222"/>
    <property name="user.dir" value="/workdir/hadoop-ozone/integration-test"/>
    <property name="os.arch" value="amd64"/>
    <property name="java.vm.specification.name" value="Java Virtual Machine Specification"/>
    <property name="test.build.classes" value="/workdir/hadoop-ozone/integration-test/target/test-classes"/>
    <property name="java.awt.printerjob" value="sun.print.PSPrinterJob"/>
    <property name="sun.os.patch.level" value="unknown"/>
    <property name="hadoop.tmp.dir" value="/workdir/hadoop-ozone/integration-test/target/tmp"/>
    <property name="java.library.path" value="/usr/lib:/workdir/hadoop-ozone/integration-test/target/native/target/usr/local/lib:/workdir/hadoop-ozone/integration-test/../../hadoop-common-project/hadoop-common/target/native/target/usr/local/lib:/usr/java/packages/lib/amd64:/usr/lib64:/lib64:/lib:/usr/lib"/>
    <property name="java.vm.info" value="mixed mode"/>
    <property name="java.vendor" value="Oracle Corporation"/>
    <property name="java.vm.version" value="25.222-b10"/>
    <property name="java.ext.dirs" value="/usr/lib/jvm/java-1.8.0-openjdk-1.8.0.222.b10-1.el7_7.x86_64/jre/lib/ext:/usr/java/packages/lib/ext"/>
    <property name="sun.io.unicode.encoding" value="UnicodeLittle"/>
    <property name="java.class.version" value="52.0"/>
  </properties>
  <testcase name="test" classname="org.apache.hadoop.ozone.scm.TestSCMContainerPlacementPolicyMetrics" time="81.929">
    <error message="test timed out after 60000 milliseconds" type="java.lang.Exception">java.lang.Exception: test timed out after 60000 milliseconds
	at sun.misc.Unsafe.park(Native Method)
	at java.util.concurrent.locks.LockSupport.park(LockSupport.java:175)
	at java.util.concurrent.CompletableFuture$Signaller.block(CompletableFuture.java:1693)
	at java.util.concurrent.ForkJoinPool.managedBlock(ForkJoinPool.java:3323)
	at java.util.concurrent.CompletableFuture.waitingGet(CompletableFuture.java:1729)
	at java.util.concurrent.CompletableFuture.get(CompletableFuture.java:1895)
	at org.apache.hadoop.hdds.scm.storage.BlockOutputStream.waitOnFlushFutures(BlockOutputStream.java:518)
	at org.apache.hadoop.hdds.scm.storage.BlockOutputStream.handleFlush(BlockOutputStream.java:481)
	at org.apache.hadoop.hdds.scm.storage.BlockOutputStream.close(BlockOutputStream.java:496)
	at org.apache.hadoop.ozone.client.io.BlockOutputStreamEntry.close(BlockOutputStreamEntry.java:143)
	at org.apache.hadoop.ozone.client.io.KeyOutputStream.handleFlushOrClose(KeyOutputStream.java:435)
	at org.apache.hadoop.ozone.client.io.KeyOutputStream.close(KeyOutputStream.java:473)
	at org.apache.hadoop.ozone.client.io.OzoneOutputStream.close(OzoneOutputStream.java:60)
	at org.apache.hadoop.ozone.scm.TestSCMContainerPlacementPolicyMetrics.test(TestSCMContainerPlacementPolicyMetrics.java:112)
	at sun.reflect.NativeMethodAccessorImpl.invoke0(Native Method)
	at sun.reflect.NativeMethodAccessorImpl.invoke(NativeMethodAccessorImpl.java:62)
	at sun.reflect.DelegatingMethodAccessorImpl.invoke(DelegatingMethodAccessorImpl.java:43)
	at java.lang.reflect.Method.invoke(Method.java:498)
	at org.junit.runners.model.FrameworkMethod$1.runReflectiveCall(FrameworkMethod.java:47)
	at org.junit.internal.runners.model.ReflectiveCallable.run(ReflectiveCallable.java:12)
	at org.junit.runners.model.FrameworkMethod.invokeExplosively(FrameworkMethod.java:44)
	at org.junit.internal.runners.statements.InvokeMethod.evaluate(InvokeMethod.java:17)
	at org.junit.internal.runners.statements.FailOnTimeout$StatementThread.run(FailOnTimeout.java:74)
</error>
    <system-out><![CDATA[2019-10-30 05:52:50,978 [main] WARN  server.ServerUtils (ServerUtils.java:getScmDbDir(145)) - ozone.scm.db.dirs is not configured. We recommend adding this setting. Falling back to ozone.metadata.dirs instead.
2019-10-30 05:52:51,068 [main] WARN  server.ServerUtils (ServerUtils.java:getScmDbDir(145)) - ozone.scm.db.dirs is not configured. We recommend adding this setting. Falling back to ozone.metadata.dirs instead.
2019-10-30 05:52:51,071 [main] WARN  server.ServerUtils (ServerUtils.java:getScmDbDir(145)) - ozone.scm.db.dirs is not configured. We recommend adding this setting. Falling back to ozone.metadata.dirs instead.
2019-10-30 05:52:51,096 [main] INFO  util.log (Log.java:initialized(192)) - Logging initialized @862ms
2019-10-30 05:52:51,207 [main] INFO  db.DBStoreBuilder (DBStoreBuilder.java:addTable(117)) - using custom profile for table: deletedBlocks
2019-10-30 05:52:51,207 [main] INFO  db.DBStoreBuilder (DBStoreBuilder.java:processTables(168)) - Using default column profile:DBProfile.DISK for Table:deletedBlocks
2019-10-30 05:52:51,208 [main] INFO  db.DBStoreBuilder (DBStoreBuilder.java:addTable(117)) - using custom profile for table: validCerts
2019-10-30 05:52:51,208 [main] INFO  db.DBStoreBuilder (DBStoreBuilder.java:processTables(168)) - Using default column profile:DBProfile.DISK for Table:validCerts
2019-10-30 05:52:51,208 [main] INFO  db.DBStoreBuilder (DBStoreBuilder.java:addTable(117)) - using custom profile for table: revokedCerts
2019-10-30 05:52:51,209 [main] INFO  db.DBStoreBuilder (DBStoreBuilder.java:processTables(168)) - Using default column profile:DBProfile.DISK for Table:revokedCerts
2019-10-30 05:52:51,223 [main] INFO  db.DBStoreBuilder (DBStoreBuilder.java:addTable(117)) - using custom profile for table: default
2019-10-30 05:52:51,223 [main] INFO  db.DBStoreBuilder (DBStoreBuilder.java:processTables(174)) - Using default column profile:DBProfile.DISK for Table:default
2019-10-30 05:52:51,225 [main] INFO  db.DBStoreBuilder (DBStoreBuilder.java:getDbProfile(205)) - Using default options. DBProfile.DISK
2019-10-30 05:52:51,506 [main] INFO  net.NodeSchemaLoader (NodeSchemaLoader.java:loadSchemaFromFile(125)) - Loading file from sun.misc.CompoundEnumeration@75d4a5c2
2019-10-30 05:52:51,508 [main] INFO  net.NodeSchemaLoader (NodeSchemaLoader.java:loadSchema(171)) - Loading network topology layer schema file
2019-10-30 05:52:51,562 [main] WARN  server.ServerUtils (ServerUtils.java:sanitizeUserArgs(70)) - ozone.scm.stale.node.interval value = 300000 is larger than max = 100000 based on the key value of ozone.scm.heartbeat.thread.interval, reset to the max value 100000.
2019-10-30 05:52:51,563 [main] WARN  server.ServerUtils (ServerUtils.java:sanitizeUserArgs(70)) - ozone.scm.stale.node.interval value = 300000 is larger than max = 100000 based on the key value of ozone.scm.heartbeat.thread.interval, reset to the max value 100000.
2019-10-30 05:52:51,565 [main] INFO  node.SCMNodeManager (SCMNodeManager.java:<init>(116)) - Entering startup safe mode.
2019-10-30 05:52:51,616 [main] INFO  Configuration.deprecation (Configuration.java:logDeprecation(1394)) - hadoop.configured.node.mapping is deprecated. Instead, use net.topology.configured.node.mapping
2019-10-30 05:52:51,620 [main] INFO  algorithms.ContainerPlacementPolicyFactory (ContainerPlacementPolicyFactory.java:getPolicy(57)) - Create container placement policy of type org.apache.hadoop.hdds.scm.container.placement.algorithms.SCMContainerPlacementRackAware
2019-10-30 05:52:51,632 [main] WARN  server.ServerUtils (ServerUtils.java:getScmDbDir(145)) - ozone.scm.db.dirs is not configured. We recommend adding this setting. Falling back to ozone.metadata.dirs instead.
2019-10-30 05:52:51,691 [main] INFO  pipeline.SCMPipelineManager (SCMPipelineManager.java:initializePipelineState(132)) - No pipeline exists in current db
2019-10-30 05:52:51,694 [main] WARN  server.ServerUtils (ServerUtils.java:getScmDbDir(145)) - ozone.scm.db.dirs is not configured. We recommend adding this setting. Falling back to ozone.metadata.dirs instead.
2019-10-30 05:52:51,777 [main] WARN  events.EventQueue (EventQueue.java:fireEvent(183)) - No event handler registered for event TypedEvent{payloadType=SafeModeStatus, name='SafeModeStatus'}
2019-10-30 05:52:52,103 [main] INFO  ipc.CallQueueManager (CallQueueManager.java:<init>(84)) - Using callQueue: class java.util.concurrent.LinkedBlockingQueue, queueCapacity: 2000, scheduler: class org.apache.hadoop.ipc.DefaultRpcScheduler, ipcBackoff: false.
2019-10-30 05:52:52,127 [Socket Reader #1 for port 40622] INFO  ipc.Server (Server.java:run(1074)) - Starting Socket Reader #1 for port 40622
2019-10-30 05:52:52,233 [main] INFO  ipc.CallQueueManager (CallQueueManager.java:<init>(84)) - Using callQueue: class java.util.concurrent.LinkedBlockingQueue, queueCapacity: 2000, scheduler: class org.apache.hadoop.ipc.DefaultRpcScheduler, ipcBackoff: false.
2019-10-30 05:52:52,234 [Socket Reader #1 for port 41718] INFO  ipc.Server (Server.java:run(1074)) - Starting Socket Reader #1 for port 41718
2019-10-30 05:52:52,241 [main] INFO  ipc.CallQueueManager (CallQueueManager.java:<init>(84)) - Using callQueue: class java.util.concurrent.LinkedBlockingQueue, queueCapacity: 2000, scheduler: class org.apache.hadoop.ipc.DefaultRpcScheduler, ipcBackoff: false.
2019-10-30 05:52:52,242 [Socket Reader #1 for port 34377] INFO  ipc.Server (Server.java:run(1074)) - Starting Socket Reader #1 for port 34377
2019-10-30 05:52:52,267 [main] INFO  hdfs.DFSUtil (DFSUtil.java:httpServerTemplateForNNAndJN(1641)) - Starting Web-server for scm at: http://0.0.0.0:0
2019-10-30 05:52:52,411 [main] INFO  server.AuthenticationFilter (AuthenticationFilter.java:constructSecretProvider(240)) - Unable to initialize FileSignerSecretProvider, falling back to use random secrets.
2019-10-30 05:52:52,419 [main] WARN  http.HttpRequestLog (HttpRequestLog.java:getRequestLog(97)) - Jetty request log can only be enabled using Log4j
2019-10-30 05:52:52,426 [main] INFO  http.HttpServer2 (HttpServer2.java:addGlobalFilter(975)) - Added global filter 'safety' (class=org.apache.hadoop.http.HttpServer2$QuotingInputFilter)
2019-10-30 05:52:52,429 [main] INFO  http.HttpServer2 (HttpServer2.java:addFilter(948)) - Added filter static_user_filter (class=org.apache.hadoop.http.lib.StaticUserWebFilter$StaticUserFilter) to context scm
2019-10-30 05:52:52,429 [main] INFO  http.HttpServer2 (HttpServer2.java:addFilter(958)) - Added filter static_user_filter (class=org.apache.hadoop.http.lib.StaticUserWebFilter$StaticUserFilter) to context logs
2019-10-30 05:52:52,430 [main] INFO  http.HttpServer2 (HttpServer2.java:addFilter(958)) - Added filter static_user_filter (class=org.apache.hadoop.http.lib.StaticUserWebFilter$StaticUserFilter) to context static
2019-10-30 05:52:52,458 [main] INFO  server.StorageContainerManager (StorageContainerManager.java:start(772)) - StorageContainerLocationProtocol RPC server is listening at /0.0.0.0:34377
2019-10-30 05:52:52,524 [main] WARN  impl.MetricsConfig (MetricsConfig.java:loadFirst(134)) - Cannot locate configuration: tried hadoop-metrics2-storagecontainermanager.properties,hadoop-metrics2.properties
2019-10-30 05:52:52,543 [main] INFO  impl.MetricsSystemImpl (MetricsSystemImpl.java:startTimer(374)) - Scheduled Metric snapshot period at 10 second(s).
2019-10-30 05:52:52,543 [main] INFO  impl.MetricsSystemImpl (MetricsSystemImpl.java:start(191)) - StorageContainerManager metrics system started
2019-10-30 05:52:52,784 [main] INFO  server.SCMClientProtocolServer (SCMClientProtocolServer.java:start(159)) - RPC server for Client  is listening at /0.0.0.0:34377
2019-10-30 05:52:52,785 [IPC Server Responder] INFO  ipc.Server (Server.java:run(1314)) - IPC Server Responder: starting
2019-10-30 05:52:52,785 [IPC Server listener on 34377] INFO  ipc.Server (Server.java:run(1153)) - IPC Server listener on 34377: starting
2019-10-30 05:52:52,787 [main] INFO  server.StorageContainerManager (StorageContainerManager.java:start(782)) - ScmBlockLocationProtocol RPC server is listening at /0.0.0.0:41718
2019-10-30 05:52:52,788 [main] INFO  server.SCMBlockProtocolServer (SCMBlockProtocolServer.java:start(146)) - RPC server for Block Protocol is listening at /0.0.0.0:41718
2019-10-30 05:52:52,788 [IPC Server Responder] INFO  ipc.Server (Server.java:run(1314)) - IPC Server Responder: starting
2019-10-30 05:52:52,788 [IPC Server listener on 41718] INFO  ipc.Server (Server.java:run(1153)) - IPC Server listener on 41718: starting
2019-10-30 05:52:52,790 [main] INFO  server.StorageContainerManager (StorageContainerManager.java:start(786)) - ScmDatanodeProtocl RPC server is listening at /0.0.0.0:40622
2019-10-30 05:52:52,791 [main] INFO  server.SCMDatanodeProtocolServer (SCMDatanodeProtocolServer.java:start(169)) - RPC server for DataNodes is listening at /0.0.0.0:40622
2019-10-30 05:52:52,791 [IPC Server Responder] INFO  ipc.Server (Server.java:run(1314)) - IPC Server Responder: starting
2019-10-30 05:52:52,792 [IPC Server listener on 40622] INFO  ipc.Server (Server.java:run(1153)) - IPC Server listener on 40622: starting
2019-10-30 05:52:52,795 [main] INFO  http.HttpServer2 (HttpServer2.java:bindListener(1191)) - Jetty bound to port 39874
2019-10-30 05:52:52,797 [main] INFO  server.Server (Server.java:doStart(351)) - jetty-9.3.25.v20180904, build timestamp: 2018-09-04T21:11:46Z, git hash: 3ce520221d0240229c862b122d2b06c12a625732
2019-10-30 05:52:52,835 [main] INFO  handler.ContextHandler (ContextHandler.java:doStart(781)) - Started o.e.j.s.ServletContextHandler@6b53bcc2{/logs,file:///workdir/hadoop-ozone/integration-test/target/log,AVAILABLE}
2019-10-30 05:52:52,836 [main] INFO  handler.ContextHandler (ContextHandler.java:doStart(781)) - Started o.e.j.s.ServletContextHandler@a43ce46{/static,file:///workdir/hadoop-ozone/integration-test/target/test-classes/webapps/static,AVAILABLE}
2019-10-30 05:52:52,869 [main] INFO  handler.ContextHandler (ContextHandler.java:doStart(781)) - Started o.e.j.w.WebAppContext@532721fd{/,file:///workdir/hadoop-ozone/integration-test/target/test-classes/webapps/scm/,AVAILABLE}{/scm}
2019-10-30 05:52:52,875 [main] INFO  server.AbstractConnector (AbstractConnector.java:doStart(278)) - Started ServerConnector@7e1a1da6{HTTP/1.1,[http/1.1]}{0.0.0.0:39874}
2019-10-30 05:52:52,875 [main] INFO  server.Server (Server.java:doStart(419)) - Started @2641ms
2019-10-30 05:52:52,879 [main] INFO  impl.MetricsSinkAdapter (MetricsSinkAdapter.java:start(204)) - Sink prometheus started
2019-10-30 05:52:52,879 [main] INFO  impl.MetricsSystemImpl (MetricsSystemImpl.java:registerSink(301)) - Registered sink prometheus
2019-10-30 05:52:52,903 [main] INFO  server.BaseHttpServer (BaseHttpServer.java:updateConnectorAddress(215)) - HTTP server of SCM is listening at http://0.0.0.0:39874
2019-10-30 05:52:52,908 [org.apache.hadoop.util.JvmPauseMonitor$Monitor@55e7a35c] INFO  util.JvmPauseMonitor (JvmPauseMonitor.java:run(188)) - Starting JVM pause monitor
2019-10-30 05:52:52,912 [main] WARN  server.ServerUtils (ServerUtils.java:getDBPath(222)) - ozone.om.db.dirs is not configured. We recommend adding this setting. Falling back to ozone.metadata.dirs instead.
2019-10-30 05:52:53,016 [main] INFO  ha.OMHANodeDetails (OMHANodeDetails.java:loadOMHAConfig(190)) - Configuration either no ozone.om.address set. Falling back to the default OM address /127.0.0.1:0
2019-10-30 05:52:53,016 [main] INFO  ha.OMHANodeDetails (OMHANodeDetails.java:getOMNodeDetails(220)) - OM Service ID is not set. Setting it to the default ID: omServiceIdDefault
2019-10-30 05:52:53,018 [main] WARN  server.ServerUtils (ServerUtils.java:getDBPath(222)) - ozone.om.db.dirs is not configured. We recommend adding this setting. Falling back to ozone.metadata.dirs instead.
2019-10-30 05:52:53,018 [main] WARN  server.ServerUtils (ServerUtils.java:getDBPath(222)) - ozone.om.db.dirs is not configured. We recommend adding this setting. Falling back to ozone.metadata.dirs instead.
2019-10-30 05:52:53,643 [main] WARN  server.ServerUtils (ServerUtils.java:getDBPath(222)) - ozone.om.db.dirs is not configured. We recommend adding this setting. Falling back to ozone.metadata.dirs instead.
2019-10-30 05:52:53,651 [main] INFO  db.DBStoreBuilder (DBStoreBuilder.java:addTable(117)) - using custom profile for table: userTable
2019-10-30 05:52:53,651 [main] INFO  db.DBStoreBuilder (DBStoreBuilder.java:processTables(168)) - Using default column profile:DBProfile.DISK for Table:userTable
2019-10-30 05:52:53,651 [main] INFO  db.DBStoreBuilder (DBStoreBuilder.java:addTable(117)) - using custom profile for table: volumeTable
2019-10-30 05:52:53,651 [main] INFO  db.DBStoreBuilder (DBStoreBuilder.java:processTables(168)) - Using default column profile:DBProfile.DISK for Table:volumeTable
2019-10-30 05:52:53,652 [main] INFO  db.DBStoreBuilder (DBStoreBuilder.java:addTable(117)) - using custom profile for table: bucketTable
2019-10-30 05:52:53,652 [main] INFO  db.DBStoreBuilder (DBStoreBuilder.java:processTables(168)) - Using default column profile:DBProfile.DISK for Table:bucketTable
2019-10-30 05:52:53,652 [main] INFO  db.DBStoreBuilder (DBStoreBuilder.java:addTable(117)) - using custom profile for table: keyTable
2019-10-30 05:52:53,653 [main] INFO  db.DBStoreBuilder (DBStoreBuilder.java:processTables(168)) - Using default column profile:DBProfile.DISK for Table:keyTable
2019-10-30 05:52:53,653 [main] INFO  db.DBStoreBuilder (DBStoreBuilder.java:addTable(117)) - using custom profile for table: deletedTable
2019-10-30 05:52:53,653 [main] INFO  db.DBStoreBuilder (DBStoreBuilder.java:processTables(168)) - Using default column profile:DBProfile.DISK for Table:deletedTable
2019-10-30 05:52:53,653 [main] INFO  db.DBStoreBuilder (DBStoreBuilder.java:addTable(117)) - using custom profile for table: openKeyTable
2019-10-30 05:52:53,653 [main] INFO  db.DBStoreBuilder (DBStoreBuilder.java:processTables(168)) - Using default column profile:DBProfile.DISK for Table:openKeyTable
2019-10-30 05:52:53,654 [main] INFO  db.DBStoreBuilder (DBStoreBuilder.java:addTable(117)) - using custom profile for table: s3Table
2019-10-30 05:52:53,654 [main] INFO  db.DBStoreBuilder (DBStoreBuilder.java:processTables(168)) - Using default column profile:DBProfile.DISK for Table:s3Table
2019-10-30 05:52:53,654 [main] INFO  db.DBStoreBuilder (DBStoreBuilder.java:addTable(117)) - using custom profile for table: multipartInfoTable
2019-10-30 05:52:53,654 [main] INFO  db.DBStoreBuilder (DBStoreBuilder.java:processTables(168)) - Using default column profile:DBProfile.DISK for Table:multipartInfoTable
2019-10-30 05:52:53,655 [main] INFO  db.DBStoreBuilder (DBStoreBuilder.java:addTable(117)) - using custom profile for table: dTokenTable
2019-10-30 05:52:53,655 [main] INFO  db.DBStoreBuilder (DBStoreBuilder.java:processTables(168)) - Using default column profile:DBProfile.DISK for Table:dTokenTable
2019-10-30 05:52:53,655 [main] INFO  db.DBStoreBuilder (DBStoreBuilder.java:addTable(117)) - using custom profile for table: s3SecretTable
2019-10-30 05:52:53,655 [main] INFO  db.DBStoreBuilder (DBStoreBuilder.java:processTables(168)) - Using default column profile:DBProfile.DISK for Table:s3SecretTable
2019-10-30 05:52:53,656 [main] INFO  db.DBStoreBuilder (DBStoreBuilder.java:addTable(117)) - using custom profile for table: prefixTable
2019-10-30 05:52:53,656 [main] INFO  db.DBStoreBuilder (DBStoreBuilder.java:processTables(168)) - Using default column profile:DBProfile.DISK for Table:prefixTable
2019-10-30 05:52:53,656 [main] INFO  db.DBStoreBuilder (DBStoreBuilder.java:addTable(117)) - using custom profile for table: default
2019-10-30 05:52:53,656 [main] INFO  db.DBStoreBuilder (DBStoreBuilder.java:processTables(174)) - Using default column profile:DBProfile.DISK for Table:default
2019-10-30 05:52:53,656 [main] INFO  db.DBStoreBuilder (DBStoreBuilder.java:getDbProfile(205)) - Using default options. DBProfile.DISK
2019-10-30 05:52:54,822 [main] WARN  scm.HddsServerUtil (HddsServerUtil.java:getDefaultRatisDirectory(354)) - Storage directory for Ratis is not configured. It is a good idea to map this to an SSD disk. Falling back to ozone.metadata.dirs
2019-10-30 05:52:54,844 [main] INFO  ratis.OzoneManagerRatisServer (OzoneManagerRatisServer.java:<init>(243)) - Instantiating OM Ratis server with GroupID: omServiceIdDefault and Raft Peers: localhost:9872
2019-10-30 05:52:54,868 [main] INFO  impl.RaftServerProxy (ConfUtils.java:logGet(43)) - raft.rpc.type = GRPC (default)
2019-10-30 05:52:55,033 [main] INFO  grpc.GrpcFactory (GrpcFactory.java:checkPooledByteBufAllocatorUseCacheForAllThreads(45)) - PERFORMANCE WARNING: useCacheForAllThreads is true that may cause Netty to create a lot garbage objects and, as a result, trigger GC.
	It is recommended to disable useCacheForAllThreads by setting -Dorg.apache.ratis.thirdparty.io.netty.allocator.useCacheForAllThreads=false in command line.
2019-10-30 05:52:55,042 [main] INFO  grpc.GrpcConfigKeys$Server (ConfUtils.java:logGet(43)) - raft.grpc.server.port = 9872 (custom)
2019-10-30 05:52:55,043 [main] INFO  server.GrpcService (ConfUtils.java:logGet(43)) - raft.grpc.message.size.max = 33554432 (custom)
2019-10-30 05:52:55,046 [main] INFO  server.RaftServerConfigKeys (ConfUtils.java:logGet(43)) - raft.server.log.appender.buffer.byte-limit = 33554432 (custom)
2019-10-30 05:52:55,047 [main] INFO  server.GrpcService (ConfUtils.java:logGet(43)) - raft.grpc.flow.control.window = 1MB (=1048576) (default)
2019-10-30 05:52:55,048 [main] INFO  server.RaftServerConfigKeys (ConfUtils.java:logGet(43)) - raft.server.rpc.request.timeout = 3000ms (default)
2019-10-30 05:52:55,198 [main] INFO  server.RaftServerConfigKeys (ConfUtils.java:logGet(43)) - raft.server.storage.dir = [/workdir/hadoop-ozone/integration-test/target/test-dir/MiniOzoneClusterImpl-54112d89-f567-4586-9652-9c819d7a3bb6/ozone-meta/ratis] (custom)
2019-10-30 05:52:55,205 [main] INFO  impl.RaftServerProxy (RaftServerProxy.java:addNew(89)) - 720d67e8-e1c6-4901-991b-69b659b48f36: addNew group-C5BA1605619E:[720d67e8-e1c6-4901-991b-69b659b48f36:localhost:9872] returns group-C5BA1605619E:java.util.concurrent.CompletableFuture@299270eb[Not completed]
2019-10-30 05:52:55,207 [main] INFO  om.OzoneManager (OzoneManager.java:initializeRatisServer(1220)) - OzoneManager Ratis server initialized at port 9872
2019-10-30 05:52:55,209 [main] WARN  scm.HddsServerUtil (HddsServerUtil.java:getDefaultRatisDirectory(354)) - Storage directory for Ratis is not configured. It is a good idea to map this to an SSD disk. Falling back to ozone.metadata.dirs
2019-10-30 05:52:55,209 [main] WARN  scm.HddsServerUtil (HddsServerUtil.java:getDefaultRatisDirectory(354)) - Storage directory for Ratis is not configured. It is a good idea to map this to an SSD disk. Falling back to ozone.metadata.dirs
2019-10-30 05:52:55,216 [pool-22-thread-1] INFO  impl.RaftServerImpl (RaftServerImpl.java:<init>(104)) - 720d67e8-e1c6-4901-991b-69b659b48f36: new RaftServerImpl for group-C5BA1605619E:[720d67e8-e1c6-4901-991b-69b659b48f36:localhost:9872] with OzoneManagerStateMachine:uninitialized
2019-10-30 05:52:55,218 [pool-22-thread-1] INFO  server.RaftServerConfigKeys (ConfUtils.java:logGet(43)) - raft.server.rpc.timeout.min = 1s (custom)
2019-10-30 05:52:55,218 [pool-22-thread-1] INFO  server.RaftServerConfigKeys (ConfUtils.java:logGet(43)) - raft.server.rpc.timeout.max = 1200ms (custom)
2019-10-30 05:52:55,219 [pool-22-thread-1] INFO  server.RaftServerConfigKeys (ConfUtils.java:logGet(43)) - raft.server.rpcslowness.timeout = 120s (custom)
2019-10-30 05:52:55,219 [pool-22-thread-1] INFO  server.RaftServerConfigKeys (ConfUtils.java:logGet(43)) - raft.server.sleep.deviation.threshold = 300 (default)
2019-10-30 05:52:55,220 [pool-22-thread-1] INFO  server.RaftServerConfigKeys (ConfUtils.java:logGet(43)) - raft.server.log.appender.install.snapshot.enabled = false (custom)
2019-10-30 05:52:55,225 [main] INFO  ipc.CallQueueManager (CallQueueManager.java:<init>(84)) - Using callQueue: class java.util.concurrent.LinkedBlockingQueue, queueCapacity: 2000, scheduler: class org.apache.hadoop.ipc.DefaultRpcScheduler, ipcBackoff: false.
2019-10-30 05:52:55,226 [Socket Reader #1 for port 36330] INFO  ipc.Server (Server.java:run(1074)) - Starting Socket Reader #1 for port 36330
2019-10-30 05:52:55,228 [pool-22-thread-1] INFO  impl.RaftServerImpl (ServerState.java:<init>(103)) - 720d67e8-e1c6-4901-991b-69b659b48f36@group-C5BA1605619E: ConfigurationManager, init=-1: [720d67e8-e1c6-4901-991b-69b659b48f36:localhost:9872], old=null, confs=<EMPTY_MAP>
2019-10-30 05:52:55,228 [pool-22-thread-1] INFO  server.RaftServerConfigKeys (ConfUtils.java:logGet(43)) - raft.server.storage.dir = [/workdir/hadoop-ozone/integration-test/target/test-dir/MiniOzoneClusterImpl-54112d89-f567-4586-9652-9c819d7a3bb6/ozone-meta/ratis] (custom)
2019-10-30 05:52:55,235 [pool-22-thread-1] INFO  server.RaftServerConfigKeys (ConfUtils.java:logGet(43)) - raft.server.log.corruption.policy = EXCEPTION (default)
2019-10-30 05:52:55,237 [pool-22-thread-1] INFO  storage.RaftStorageDirectory (RaftStorageDirectory.java:analyzeStorage(246)) - The storage directory /workdir/hadoop-ozone/integration-test/target/test-dir/MiniOzoneClusterImpl-54112d89-f567-4586-9652-9c819d7a3bb6/ozone-meta/ratis/bf265839-605b-3f16-9796-c5ba1605619e does not exist. Creating ...
2019-10-30 05:52:55,247 [main] INFO  om.OzoneManager (OzoneManager.java:start(1074)) - OzoneManager RPC server is listening at localhost/127.0.0.1:36330
2019-10-30 05:52:55,248 [main] INFO  impl.MetricsSystemImpl (MetricsSystemImpl.java:init(158)) - OzoneManager metrics system started (again)
2019-10-30 05:52:55,248 [main] INFO  ratis.OzoneManagerRatisServer (OzoneManagerRatisServer.java:start(333)) - Starting OzoneManagerRatisServer 720d67e8-e1c6-4901-991b-69b659b48f36 at port 9872
2019-10-30 05:52:55,369 [pool-22-thread-1] INFO  storage.RaftStorageDirectory (RaftStorageDirectory.java:tryLock(328)) - Lock on /workdir/hadoop-ozone/integration-test/target/test-dir/MiniOzoneClusterImpl-54112d89-f567-4586-9652-9c819d7a3bb6/ozone-meta/ratis/bf265839-605b-3f16-9796-c5ba1605619e/in_use.lock acquired by nodename 2952@pr-hdds-1643-9kfsj-1164326334
2019-10-30 05:52:55,392 [pool-22-thread-1] INFO  storage.RaftStorage (RaftStorage.java:format(84)) - Storage directory /workdir/hadoop-ozone/integration-test/target/test-dir/MiniOzoneClusterImpl-54112d89-f567-4586-9652-9c819d7a3bb6/ozone-meta/ratis/bf265839-605b-3f16-9796-c5ba1605619e has been successfully formatted.
2019-10-30 05:52:55,398 [pool-22-thread-1] INFO  server.RaftServerConfigKeys (ConfUtils.java:logGet(43)) - raft.server.notification.no-leader.timeout = 120s (custom)
2019-10-30 05:52:55,404 [pool-22-thread-1] INFO  server.RaftServerConfigKeys (ConfUtils.java:logGet(43)) - raft.server.log.use.memory = false (default)
2019-10-30 05:52:55,413 [pool-22-thread-1] INFO  server.RaftServerConfigKeys (ConfUtils.java:logGet(43)) - raft.server.log.purge.gap = 1000000 (custom)
2019-10-30 05:52:55,413 [pool-22-thread-1] INFO  server.RaftServerConfigKeys (ConfUtils.java:logGet(43)) - raft.server.log.appender.buffer.byte-limit = 33554432 (custom)
2019-10-30 05:52:55,415 [pool-22-thread-1] INFO  server.RaftServerConfigKeys (ConfUtils.java:logGet(43)) - raft.server.log.segment.size.max = 16384 (custom)
2019-10-30 05:52:55,416 [pool-22-thread-1] INFO  impl.MetricsSystemImpl (MetricsSystemImpl.java:init(158)) - ratis metrics system started (again)
2019-10-30 05:52:55,420 [pool-22-thread-1] INFO  metrics.MetricRegistries (MetricRegistriesLoader.java:load(64)) - Loaded MetricRegistries class org.apache.ratis.metrics.impl.MetricRegistriesImpl
2019-10-30 05:52:55,453 [pool-22-thread-1] INFO  server.RaftServerConfigKeys (ConfUtils.java:logGet(43)) - raft.server.log.segment.cache.num.max = 2 (custom)
2019-10-30 05:52:55,457 [pool-22-thread-1] INFO  segmented.SegmentedRaftLogWorker (SegmentedRaftLogWorker.java:<init>(173)) - new 720d67e8-e1c6-4901-991b-69b659b48f36@group-C5BA1605619E-SegmentedRaftLogWorker for RaftStorage:Storage Directory /workdir/hadoop-ozone/integration-test/target/test-dir/MiniOzoneClusterImpl-54112d89-f567-4586-9652-9c819d7a3bb6/ozone-meta/ratis/bf265839-605b-3f16-9796-c5ba1605619e
2019-10-30 05:52:55,458 [pool-22-thread-1] INFO  server.RaftServerConfigKeys (ConfUtils.java:logGet(43)) - raft.server.log.queue.byte-limit = 64MB (=67108864) (default)
2019-10-30 05:52:55,458 [pool-22-thread-1] INFO  server.RaftServerConfigKeys (ConfUtils.java:logGet(43)) - raft.server.log.queue.element-limit = 4096 (default)
2019-10-30 05:52:55,459 [pool-22-thread-1] INFO  server.RaftServerConfigKeys (ConfUtils.java:logGet(43)) - raft.server.log.segment.size.max = 16384 (custom)
2019-10-30 05:52:55,460 [pool-22-thread-1] INFO  server.RaftServerConfigKeys (ConfUtils.java:logGet(43)) - raft.server.log.preallocated.size = 16384 (custom)
2019-10-30 05:52:55,460 [pool-22-thread-1] INFO  server.RaftServerConfigKeys (ConfUtils.java:logGet(43)) - raft.server.log.write.buffer.size = 64KB (=65536) (default)
2019-10-30 05:52:55,461 [pool-22-thread-1] INFO  server.RaftServerConfigKeys (ConfUtils.java:logGet(43)) - raft.server.log.force.sync.num = 128 (default)
2019-10-30 05:52:55,462 [pool-22-thread-1] INFO  server.RaftServerConfigKeys (ConfUtils.java:logGet(43)) - raft.server.log.statemachine.data.sync = true (default)
2019-10-30 05:52:55,462 [pool-22-thread-1] INFO  server.RaftServerConfigKeys (ConfUtils.java:logGet(43)) - raft.server.log.statemachine.data.sync.timeout = 10s (default)
2019-10-30 05:52:55,463 [pool-22-thread-1] INFO  server.RaftServerConfigKeys (ConfUtils.java:logGet(43)) - raft.server.log.statemachine.data.sync.timeout.retry = -1 (default)
2019-10-30 05:52:55,474 [pool-22-thread-1] INFO  server.RaftServerConfigKeys (ConfUtils.java:logGet(43)) - raft.server.log.statemachine.data.caching.enabled = false (default)
2019-10-30 05:52:55,478 [pool-22-thread-1] INFO  segmented.SegmentedRaftLogWorker (SegmentedRaftLogWorker.java:lambda$new$0(128)) - 720d67e8-e1c6-4901-991b-69b659b48f36@group-C5BA1605619E-SegmentedRaftLogWorker: flushIndex: setUnconditionally 0 -> -1
2019-10-30 05:52:55,482 [pool-22-thread-1] INFO  server.RaftServerConfigKeys (ConfUtils.java:logGet(43)) - raft.server.snapshot.auto.trigger.enabled = true (custom)
2019-10-30 05:52:55,484 [pool-22-thread-1] INFO  server.RaftServerConfigKeys (ConfUtils.java:logGet(43)) - raft.server.snapshot.auto.trigger.threshold = 400000 (default)
2019-10-30 05:52:55,484 [pool-22-thread-1] INFO  server.RaftServerConfigKeys (ConfUtils.java:logGet(43)) - raft.server.snapshot.retention.file.num = -1 (default)
2019-10-30 05:52:55,485 [pool-22-thread-1] INFO  server.RaftServerConfigKeys (ConfUtils.java:logGet(43)) - raft.server.retrycache.expirytime = 600000ms (custom)
2019-10-30 05:52:55,511 [main] INFO  impl.RaftServerImpl (RaftServerImpl.java:start(195)) - 720d67e8-e1c6-4901-991b-69b659b48f36@group-C5BA1605619E: start as a follower, conf=-1: [720d67e8-e1c6-4901-991b-69b659b48f36:localhost:9872], old=null
2019-10-30 05:52:55,513 [main] INFO  impl.RaftServerImpl (RaftServerImpl.java:setRole(184)) - 720d67e8-e1c6-4901-991b-69b659b48f36@group-C5BA1605619E: changes role from      null to FOLLOWER at term 0 for startAsFollower
2019-10-30 05:52:55,514 [main] INFO  impl.RoleInfo (RoleInfo.java:updateAndGet(143)) - 720d67e8-e1c6-4901-991b-69b659b48f36: start FollowerState
2019-10-30 05:52:55,516 [main] INFO  util.JmxRegister (JmxRegister.java:tryRegister(44)) - Successfully registered JMX Bean with object name Ratis:service=RaftServer,group=group-C5BA1605619E,id=720d67e8-e1c6-4901-991b-69b659b48f36
2019-10-30 05:52:55,529 [main] INFO  impl.RaftServerProxy (RaftServerProxy.java:lambda$start$3(299)) - 720d67e8-e1c6-4901-991b-69b659b48f36: start RPC server
2019-10-30 05:52:55,627 [main] INFO  server.GrpcService (GrpcService.java:startImpl(158)) - 720d67e8-e1c6-4901-991b-69b659b48f36: GrpcService started, listening on 0.0.0.0/0.0.0.0:9872
2019-10-30 05:52:55,638 [Thread-93] INFO  impl.FollowerState (FollowerState.java:run(108)) - 720d67e8-e1c6-4901-991b-69b659b48f36@group-C5BA1605619E-FollowerState: change to CANDIDATE, lastRpcTime:124ms, electionTimeout:123ms
2019-10-30 05:52:55,640 [Thread-93] INFO  impl.RoleInfo (RoleInfo.java:shutdownFollowerState(121)) - 720d67e8-e1c6-4901-991b-69b659b48f36: shutdown FollowerState
2019-10-30 05:52:55,641 [Thread-93] INFO  impl.RaftServerImpl (RaftServerImpl.java:setRole(184)) - 720d67e8-e1c6-4901-991b-69b659b48f36@group-C5BA1605619E: changes role from  FOLLOWER to CANDIDATE at term 0 for changeToCandidate
2019-10-30 05:52:55,643 [Thread-93] INFO  impl.RoleInfo (RoleInfo.java:updateAndGet(143)) - 720d67e8-e1c6-4901-991b-69b659b48f36: start LeaderElection
2019-10-30 05:52:55,692 [IPC Server Responder] INFO  ipc.Server (Server.java:run(1314)) - IPC Server Responder: starting
2019-10-30 05:52:55,692 [IPC Server listener on 36330] INFO  ipc.Server (Server.java:run(1153)) - IPC Server listener on 36330: starting
2019-10-30 05:52:55,698 [main] INFO  hdfs.DFSUtil (DFSUtil.java:httpServerTemplateForNNAndJN(1641)) - Starting Web-server for ozoneManager at: http://0.0.0.0:0
2019-10-30 05:52:55,699 [main] INFO  server.AuthenticationFilter (AuthenticationFilter.java:constructSecretProvider(240)) - Unable to initialize FileSignerSecretProvider, falling back to use random secrets.
2019-10-30 05:52:55,700 [main] WARN  http.HttpRequestLog (HttpRequestLog.java:getRequestLog(97)) - Jetty request log can only be enabled using Log4j
2019-10-30 05:52:55,703 [main] INFO  http.HttpServer2 (HttpServer2.java:addGlobalFilter(975)) - Added global filter 'safety' (class=org.apache.hadoop.http.HttpServer2$QuotingInputFilter)
2019-10-30 05:52:55,704 [main] INFO  http.HttpServer2 (HttpServer2.java:addFilter(948)) - Added filter static_user_filter (class=org.apache.hadoop.http.lib.StaticUserWebFilter$StaticUserFilter) to context ozoneManager
2019-10-30 05:52:55,704 [main] INFO  http.HttpServer2 (HttpServer2.java:addFilter(958)) - Added filter static_user_filter (class=org.apache.hadoop.http.lib.StaticUserWebFilter$StaticUserFilter) to context logs
2019-10-30 05:52:55,704 [main] INFO  http.HttpServer2 (HttpServer2.java:addFilter(958)) - Added filter static_user_filter (class=org.apache.hadoop.http.lib.StaticUserWebFilter$StaticUserFilter) to context static
2019-10-30 05:52:55,706 [main] INFO  http.HttpServer2 (HttpServer2.java:bindListener(1191)) - Jetty bound to port 40682
2019-10-30 05:52:55,707 [main] INFO  server.Server (Server.java:doStart(351)) - jetty-9.3.25.v20180904, build timestamp: 2018-09-04T21:11:46Z, git hash: 3ce520221d0240229c862b122d2b06c12a625732
2019-10-30 05:52:55,709 [main] INFO  handler.ContextHandler (ContextHandler.java:doStart(781)) - Started o.e.j.s.ServletContextHandler@5fe7f967{/logs,file:///workdir/hadoop-ozone/integration-test/target/log,AVAILABLE}
2019-10-30 05:52:55,709 [main] INFO  handler.ContextHandler (ContextHandler.java:doStart(781)) - Started o.e.j.s.ServletContextHandler@2caa5d7c{/static,file:///workdir/hadoop-ozone/integration-test/target/test-classes/webapps/static,AVAILABLE}
2019-10-30 05:52:55,714 [main] INFO  handler.ContextHandler (ContextHandler.java:doStart(781)) - Started o.e.j.w.WebAppContext@5633dafd{/,file:///workdir/hadoop-ozone/integration-test/target/test-classes/webapps/ozoneManager/,AVAILABLE}{/ozoneManager}
2019-10-30 05:52:55,715 [main] INFO  server.AbstractConnector (AbstractConnector.java:doStart(278)) - Started ServerConnector@5d5160e6{HTTP/1.1,[http/1.1]}{0.0.0.0:40682}
2019-10-30 05:52:55,716 [main] INFO  server.Server (Server.java:doStart(419)) - Started @5482ms
2019-10-30 05:52:55,716 [main] WARN  impl.MetricsSystemImpl (MetricsSystemImpl.java:register(276)) - Sink prometheus already exists!
2019-10-30 05:52:55,717 [main] INFO  server.BaseHttpServer (BaseHttpServer.java:updateConnectorAddress(215)) - HTTP server of OZONEMANAGER is listening at http://0.0.0.0:40682
2019-10-30 05:52:55,719 [720d67e8-e1c6-4901-991b-69b659b48f36@group-C5BA1605619E-LeaderElection1] INFO  impl.LeaderElection (LeaderElection.java:askForVotes(178)) - 720d67e8-e1c6-4901-991b-69b659b48f36@group-C5BA1605619E-LeaderElection1: begin an election at term 1 for -1: [720d67e8-e1c6-4901-991b-69b659b48f36:localhost:9872], old=null
2019-10-30 05:52:55,720 [720d67e8-e1c6-4901-991b-69b659b48f36@group-C5BA1605619E-LeaderElection1] INFO  impl.RoleInfo (RoleInfo.java:shutdownLeaderElection(134)) - 720d67e8-e1c6-4901-991b-69b659b48f36: shutdown LeaderElection
2019-10-30 05:52:55,721 [720d67e8-e1c6-4901-991b-69b659b48f36@group-C5BA1605619E-LeaderElection1] INFO  impl.RaftServerImpl (RaftServerImpl.java:setRole(184)) - 720d67e8-e1c6-4901-991b-69b659b48f36@group-C5BA1605619E: changes role from CANDIDATE to LEADER at term 1 for changeToLeader
2019-10-30 05:52:55,721 [720d67e8-e1c6-4901-991b-69b659b48f36@group-C5BA1605619E-LeaderElection1] INFO  impl.RaftServerImpl (ServerState.java:setLeader(256)) - 720d67e8-e1c6-4901-991b-69b659b48f36@group-C5BA1605619E: change Leader from null to 720d67e8-e1c6-4901-991b-69b659b48f36 at term 1 for becomeLeader, leader elected after 323ms
2019-10-30 05:52:55,726 [720d67e8-e1c6-4901-991b-69b659b48f36@group-C5BA1605619E-LeaderElection1] INFO  server.RaftServerConfigKeys (ConfUtils.java:logGet(43)) - raft.server.staging.catchup.gap = 1000 (default)
2019-10-30 05:52:55,726 [720d67e8-e1c6-4901-991b-69b659b48f36@group-C5BA1605619E-LeaderElection1] INFO  server.RaftServerConfigKeys (ConfUtils.java:logGet(43)) - raft.server.rpc.sleep.time = 25ms (default)
2019-10-30 05:52:55,731 [720d67e8-e1c6-4901-991b-69b659b48f36@group-C5BA1605619E-LeaderElection1] INFO  server.RaftServerConfigKeys (ConfUtils.java:logGet(43)) - raft.server.write.element-limit = 4096 (default)
2019-10-30 05:52:55,735 [720d67e8-e1c6-4901-991b-69b659b48f36@group-C5BA1605619E-LeaderElection1] INFO  server.RaftServerConfigKeys (ConfUtils.java:logGet(43)) - raft.server.watch.timeout = 10s (default)
2019-10-30 05:52:55,736 [720d67e8-e1c6-4901-991b-69b659b48f36@group-C5BA1605619E-LeaderElection1] INFO  server.RaftServerConfigKeys (ConfUtils.java:logGet(43)) - raft.server.watch.timeout.denomination = 1s (default)
2019-10-30 05:52:55,736 [720d67e8-e1c6-4901-991b-69b659b48f36@group-C5BA1605619E-LeaderElection1] INFO  server.RaftServerConfigKeys (ConfUtils.java:logGet(43)) - raft.server.watch.element-limit = 65536 (default)
2019-10-30 05:52:55,754 [720d67e8-e1c6-4901-991b-69b659b48f36@group-C5BA1605619E-LeaderElection1] INFO  impl.RoleInfo (RoleInfo.java:updateAndGet(143)) - 720d67e8-e1c6-4901-991b-69b659b48f36: start LeaderState
2019-10-30 05:52:55,771 [720d67e8-e1c6-4901-991b-69b659b48f36@group-C5BA1605619E-LeaderElection1] INFO  segmented.SegmentedRaftLogWorker (SegmentedRaftLogWorker.java:startLogSegment(385)) - 720d67e8-e1c6-4901-991b-69b659b48f36@group-C5BA1605619E-SegmentedRaftLogWorker: Starting segment from index:0
2019-10-30 05:52:55,790 [720d67e8-e1c6-4901-991b-69b659b48f36@group-C5BA1605619E-LeaderElection1] INFO  impl.RaftServerImpl (ServerState.java:setRaftConf(357)) - 720d67e8-e1c6-4901-991b-69b659b48f36@group-C5BA1605619E: set configuration 0: [720d67e8-e1c6-4901-991b-69b659b48f36:localhost:9872], old=null at 0
2019-10-30 05:52:55,856 [main] INFO  impl.MetricsSystemImpl (MetricsSystemImpl.java:init(158)) - HddsDatanode metrics system started (again)
2019-10-30 05:52:55,904 [main] INFO  ozone.HddsDatanodeService (HddsDatanodeService.java:start(184)) - HddsDatanodeService host:pr-hdds-1643-9kfsj-1164326334 ip:192.168.34.21
2019-10-30 05:52:55,938 [main] INFO  volume.HddsVolume (HddsVolume.java:<init>(176)) - Creating Volume: /workdir/hadoop-ozone/integration-test/target/test-dir/MiniOzoneClusterImpl-54112d89-f567-4586-9652-9c819d7a3bb6/datanode-0/data/containers/hdds of  storage type : DISK and capacity : 1482555576320
2019-10-30 05:52:55,950 [main] INFO  volume.VolumeSet (VolumeSet.java:initializeVolumeSet(170)) - Added Volume : /workdir/hadoop-ozone/integration-test/target/test-dir/MiniOzoneClusterImpl-54112d89-f567-4586-9652-9c819d7a3bb6/datanode-0/data/containers/hdds to VolumeSet
2019-10-30 05:52:55,953 [main] INFO  volume.ThrottledAsyncChecker (ThrottledAsyncChecker.java:schedule(141)) - Scheduling a check for /workdir/hadoop-ozone/integration-test/target/test-dir/MiniOzoneClusterImpl-54112d89-f567-4586-9652-9c819d7a3bb6/datanode-0/data/containers/hdds
2019-10-30 05:52:55,969 [main] INFO  volume.HddsVolumeChecker (HddsVolumeChecker.java:checkAllVolumes(204)) - Scheduled health check for volume /workdir/hadoop-ozone/integration-test/target/test-dir/MiniOzoneClusterImpl-54112d89-f567-4586-9652-9c819d7a3bb6/datanode-0/data/containers/hdds
2019-10-30 05:52:55,974 [720d67e8-e1c6-4901-991b-69b659b48f36@group-C5BA1605619E-SegmentedRaftLogWorker] INFO  segmented.SegmentedRaftLogWorker (SegmentedRaftLogWorker.java:execute(576)) - 720d67e8-e1c6-4901-991b-69b659b48f36@group-C5BA1605619E-SegmentedRaftLogWorker: created new log segment /workdir/hadoop-ozone/integration-test/target/test-dir/MiniOzoneClusterImpl-54112d89-f567-4586-9652-9c819d7a3bb6/ozone-meta/ratis/bf265839-605b-3f16-9796-c5ba1605619e/current/log_inprogress_0
2019-10-30 05:52:56,021 [main] INFO  impl.RaftServerProxy (ConfUtils.java:logGet(43)) - raft.rpc.type = GRPC (default)
2019-10-30 05:52:56,022 [main] INFO  grpc.GrpcFactory (GrpcFactory.java:checkPooledByteBufAllocatorUseCacheForAllThreads(45)) - PERFORMANCE WARNING: useCacheForAllThreads is true that may cause Netty to create a lot garbage objects and, as a result, trigger GC.
	It is recommended to disable useCacheForAllThreads by setting -Dorg.apache.ratis.thirdparty.io.netty.allocator.useCacheForAllThreads=false in command line.
2019-10-30 05:52:56,022 [main] INFO  grpc.GrpcConfigKeys$Server (ConfUtils.java:logGet(43)) - raft.grpc.server.port = 0 (default)
2019-10-30 05:52:56,022 [main] INFO  server.GrpcService (ConfUtils.java:logGet(43)) - raft.grpc.message.size.max = 33570816 (custom)
2019-10-30 05:52:56,022 [main] INFO  server.RaftServerConfigKeys (ConfUtils.java:logGet(43)) - raft.server.log.appender.buffer.byte-limit = 33554432 (custom)
2019-10-30 05:52:56,023 [main] INFO  server.GrpcService (ConfUtils.java:logGet(43)) - raft.grpc.flow.control.window = 1MB (=1048576) (default)
2019-10-30 05:52:56,023 [main] INFO  server.RaftServerConfigKeys (ConfUtils.java:logGet(43)) - raft.server.rpc.request.timeout = 3000ms (default)
2019-10-30 05:52:56,024 [main] INFO  server.RaftServerConfigKeys (ConfUtils.java:logGet(43)) - raft.server.storage.dir = [/workdir/hadoop-ozone/integration-test/target/test-dir/MiniOzoneClusterImpl-54112d89-f567-4586-9652-9c819d7a3bb6/datanode-0/data/ratis] (custom)
2019-10-30 05:52:56,069 [main] INFO  hdfs.DFSUtil (DFSUtil.java:httpServerTemplateForNNAndJN(1641)) - Starting Web-server for hddsDatanode at: http://0.0.0.0:0
2019-10-30 05:52:56,071 [main] INFO  server.AuthenticationFilter (AuthenticationFilter.java:constructSecretProvider(240)) - Unable to initialize FileSignerSecretProvider, falling back to use random secrets.
2019-10-30 05:52:56,072 [main] WARN  http.HttpRequestLog (HttpRequestLog.java:getRequestLog(97)) - Jetty request log can only be enabled using Log4j
2019-10-30 05:52:56,074 [main] INFO  http.HttpServer2 (HttpServer2.java:addGlobalFilter(975)) - Added global filter 'safety' (class=org.apache.hadoop.http.HttpServer2$QuotingInputFilter)
2019-10-30 05:52:56,076 [main] INFO  http.HttpServer2 (HttpServer2.java:addFilter(948)) - Added filter static_user_filter (class=org.apache.hadoop.http.lib.StaticUserWebFilter$StaticUserFilter) to context hddsDatanode
2019-10-30 05:52:56,076 [main] INFO  http.HttpServer2 (HttpServer2.java:addFilter(958)) - Added filter static_user_filter (class=org.apache.hadoop.http.lib.StaticUserWebFilter$StaticUserFilter) to context logs
2019-10-30 05:52:56,076 [main] INFO  http.HttpServer2 (HttpServer2.java:addFilter(958)) - Added filter static_user_filter (class=org.apache.hadoop.http.lib.StaticUserWebFilter$StaticUserFilter) to context static
2019-10-30 05:52:56,077 [main] INFO  http.HttpServer2 (HttpServer2.java:bindListener(1191)) - Jetty bound to port 41096
2019-10-30 05:52:56,077 [main] INFO  server.Server (Server.java:doStart(351)) - jetty-9.3.25.v20180904, build timestamp: 2018-09-04T21:11:46Z, git hash: 3ce520221d0240229c862b122d2b06c12a625732
2019-10-30 05:52:56,080 [main] INFO  handler.ContextHandler (ContextHandler.java:doStart(781)) - Started o.e.j.s.ServletContextHandler@1ab5f08a{/logs,file:///workdir/hadoop-ozone/integration-test/target/log,AVAILABLE}
2019-10-30 05:52:56,081 [main] INFO  handler.ContextHandler (ContextHandler.java:doStart(781)) - Started o.e.j.s.ServletContextHandler@79a04e5f{/static,jar:file:/home/user/.m2/repository/org/apache/hadoop/hadoop-hdds-container-service/0.5.0-SNAPSHOT/hadoop-hdds-container-service-0.5.0-SNAPSHOT.jar!/webapps/static,AVAILABLE}
2019-10-30 05:52:56,116 [main] INFO  handler.ContextHandler (ContextHandler.java:doStart(781)) - Started o.e.j.w.WebAppContext@59696551{/,file:///tmp/jetty-0.0.0.0-41096-hddsDatanode-_-any-2245915446701306740.dir/webapp/,AVAILABLE}{/hddsDatanode}
2019-10-30 05:52:56,117 [main] INFO  server.AbstractConnector (AbstractConnector.java:doStart(278)) - Started ServerConnector@648d0e6d{HTTP/1.1,[http/1.1]}{0.0.0.0:41096}
2019-10-30 05:52:56,118 [main] INFO  server.Server (Server.java:doStart(419)) - Started @5884ms
2019-10-30 05:52:56,118 [main] WARN  impl.MetricsSystemImpl (MetricsSystemImpl.java:register(276)) - Sink prometheus already exists!
2019-10-30 05:52:56,119 [main] INFO  server.BaseHttpServer (BaseHttpServer.java:updateConnectorAddress(215)) - HTTP server of HDDSDATANODE is listening at http://0.0.0.0:41096
2019-10-30 05:52:56,120 [main] INFO  impl.MetricsSystemImpl (MetricsSystemImpl.java:init(158)) - HddsDatanode metrics system started (again)
2019-10-30 05:52:56,123 [main] INFO  ozone.HddsDatanodeService (HddsDatanodeService.java:start(184)) - HddsDatanodeService host:pr-hdds-1643-9kfsj-1164326334 ip:192.168.34.21
2019-10-30 05:52:56,125 [org.apache.hadoop.util.JvmPauseMonitor$Monitor@34fce307] INFO  util.JvmPauseMonitor (JvmPauseMonitor.java:run(188)) - Starting JVM pause monitor
2019-10-30 05:52:56,130 [main] INFO  volume.HddsVolume (HddsVolume.java:<init>(176)) - Creating Volume: /workdir/hadoop-ozone/integration-test/target/test-dir/MiniOzoneClusterImpl-54112d89-f567-4586-9652-9c819d7a3bb6/datanode-1/data/containers/hdds of  storage type : DISK and capacity : 1482555576320
2019-10-30 05:52:56,131 [main] INFO  volume.VolumeSet (VolumeSet.java:initializeVolumeSet(170)) - Added Volume : /workdir/hadoop-ozone/integration-test/target/test-dir/MiniOzoneClusterImpl-54112d89-f567-4586-9652-9c819d7a3bb6/datanode-1/data/containers/hdds to VolumeSet
2019-10-30 05:52:56,131 [main] INFO  volume.ThrottledAsyncChecker (ThrottledAsyncChecker.java:schedule(141)) - Scheduling a check for /workdir/hadoop-ozone/integration-test/target/test-dir/MiniOzoneClusterImpl-54112d89-f567-4586-9652-9c819d7a3bb6/datanode-1/data/containers/hdds
2019-10-30 05:52:56,133 [main] INFO  volume.HddsVolumeChecker (HddsVolumeChecker.java:checkAllVolumes(204)) - Scheduled health check for volume /workdir/hadoop-ozone/integration-test/target/test-dir/MiniOzoneClusterImpl-54112d89-f567-4586-9652-9c819d7a3bb6/datanode-1/data/containers/hdds
2019-10-30 05:52:56,150 [main] INFO  impl.RaftServerProxy (ConfUtils.java:logGet(43)) - raft.rpc.type = GRPC (default)
2019-10-30 05:52:56,151 [main] INFO  grpc.GrpcFactory (GrpcFactory.java:checkPooledByteBufAllocatorUseCacheForAllThreads(45)) - PERFORMANCE WARNING: useCacheForAllThreads is true that may cause Netty to create a lot garbage objects and, as a result, trigger GC.
	It is recommended to disable useCacheForAllThreads by setting -Dorg.apache.ratis.thirdparty.io.netty.allocator.useCacheForAllThreads=false in command line.
2019-10-30 05:52:56,151 [main] INFO  grpc.GrpcConfigKeys$Server (ConfUtils.java:logGet(43)) - raft.grpc.server.port = 0 (default)
2019-10-30 05:52:56,151 [main] INFO  server.GrpcService (ConfUtils.java:logGet(43)) - raft.grpc.message.size.max = 33570816 (custom)
2019-10-30 05:52:56,151 [main] INFO  server.RaftServerConfigKeys (ConfUtils.java:logGet(43)) - raft.server.log.appender.buffer.byte-limit = 33554432 (custom)
2019-10-30 05:52:56,151 [main] INFO  server.GrpcService (ConfUtils.java:logGet(43)) - raft.grpc.flow.control.window = 1MB (=1048576) (default)
2019-10-30 05:52:56,152 [main] INFO  server.RaftServerConfigKeys (ConfUtils.java:logGet(43)) - raft.server.rpc.request.timeout = 3000ms (default)
2019-10-30 05:52:56,152 [main] INFO  server.RaftServerConfigKeys (ConfUtils.java:logGet(43)) - raft.server.storage.dir = [/workdir/hadoop-ozone/integration-test/target/test-dir/MiniOzoneClusterImpl-54112d89-f567-4586-9652-9c819d7a3bb6/datanode-1/data/ratis] (custom)
2019-10-30 05:52:56,155 [main] INFO  hdfs.DFSUtil (DFSUtil.java:httpServerTemplateForNNAndJN(1641)) - Starting Web-server for hddsDatanode at: http://0.0.0.0:0
2019-10-30 05:52:56,156 [main] INFO  server.AuthenticationFilter (AuthenticationFilter.java:constructSecretProvider(240)) - Unable to initialize FileSignerSecretProvider, falling back to use random secrets.
2019-10-30 05:52:56,157 [main] WARN  http.HttpRequestLog (HttpRequestLog.java:getRequestLog(97)) - Jetty request log can only be enabled using Log4j
2019-10-30 05:52:56,158 [main] INFO  http.HttpServer2 (HttpServer2.java:addGlobalFilter(975)) - Added global filter 'safety' (class=org.apache.hadoop.http.HttpServer2$QuotingInputFilter)
2019-10-30 05:52:56,159 [main] INFO  http.HttpServer2 (HttpServer2.java:addFilter(948)) - Added filter static_user_filter (class=org.apache.hadoop.http.lib.StaticUserWebFilter$StaticUserFilter) to context hddsDatanode
2019-10-30 05:52:56,159 [main] INFO  http.HttpServer2 (HttpServer2.java:addFilter(958)) - Added filter static_user_filter (class=org.apache.hadoop.http.lib.StaticUserWebFilter$StaticUserFilter) to context static
2019-10-30 05:52:56,159 [main] INFO  http.HttpServer2 (HttpServer2.java:addFilter(958)) - Added filter static_user_filter (class=org.apache.hadoop.http.lib.StaticUserWebFilter$StaticUserFilter) to context logs
2019-10-30 05:52:56,160 [main] INFO  http.HttpServer2 (HttpServer2.java:bindListener(1191)) - Jetty bound to port 33920
2019-10-30 05:52:56,160 [main] INFO  server.Server (Server.java:doStart(351)) - jetty-9.3.25.v20180904, build timestamp: 2018-09-04T21:11:46Z, git hash: 3ce520221d0240229c862b122d2b06c12a625732
2019-10-30 05:52:56,163 [main] INFO  handler.ContextHandler (ContextHandler.java:doStart(781)) - Started o.e.j.s.ServletContextHandler@2da3b078{/logs,file:///workdir/hadoop-ozone/integration-test/target/log,AVAILABLE}
2019-10-30 05:52:56,164 [main] INFO  handler.ContextHandler (ContextHandler.java:doStart(781)) - Started o.e.j.s.ServletContextHandler@7fb66650{/static,jar:file:/home/user/.m2/repository/org/apache/hadoop/hadoop-hdds-container-service/0.5.0-SNAPSHOT/hadoop-hdds-container-service-0.5.0-SNAPSHOT.jar!/webapps/static,AVAILABLE}
2019-10-30 05:52:56,196 [main] INFO  handler.ContextHandler (ContextHandler.java:doStart(781)) - Started o.e.j.w.WebAppContext@57f9b467{/,file:///tmp/jetty-0.0.0.0-33920-hddsDatanode-_-any-7527442995864400874.dir/webapp/,AVAILABLE}{/hddsDatanode}
2019-10-30 05:52:56,197 [main] INFO  server.AbstractConnector (AbstractConnector.java:doStart(278)) - Started ServerConnector@6d5c2745{HTTP/1.1,[http/1.1]}{0.0.0.0:33920}
2019-10-30 05:52:56,198 [main] INFO  server.Server (Server.java:doStart(419)) - Started @5965ms
2019-10-30 05:52:56,199 [main] WARN  impl.MetricsSystemImpl (MetricsSystemImpl.java:register(276)) - Sink prometheus already exists!
2019-10-30 05:52:56,200 [main] INFO  server.BaseHttpServer (BaseHttpServer.java:updateConnectorAddress(215)) - HTTP server of HDDSDATANODE is listening at http://0.0.0.0:33920
2019-10-30 05:52:56,200 [main] INFO  impl.MetricsSystemImpl (MetricsSystemImpl.java:init(158)) - HddsDatanode metrics system started (again)
2019-10-30 05:52:56,203 [org.apache.hadoop.util.JvmPauseMonitor$Monitor@2cb544c8] INFO  util.JvmPauseMonitor (JvmPauseMonitor.java:run(188)) - Starting JVM pause monitor
2019-10-30 05:52:56,204 [main] INFO  ozone.HddsDatanodeService (HddsDatanodeService.java:start(184)) - HddsDatanodeService host:pr-hdds-1643-9kfsj-1164326334 ip:192.168.34.21
2019-10-30 05:52:56,213 [main] INFO  volume.HddsVolume (HddsVolume.java:<init>(176)) - Creating Volume: /workdir/hadoop-ozone/integration-test/target/test-dir/MiniOzoneClusterImpl-54112d89-f567-4586-9652-9c819d7a3bb6/datanode-2/data/containers/hdds of  storage type : DISK and capacity : 1482555576320
2019-10-30 05:52:56,213 [main] INFO  volume.VolumeSet (VolumeSet.java:initializeVolumeSet(170)) - Added Volume : /workdir/hadoop-ozone/integration-test/target/test-dir/MiniOzoneClusterImpl-54112d89-f567-4586-9652-9c819d7a3bb6/datanode-2/data/containers/hdds to VolumeSet
2019-10-30 05:52:56,213 [main] INFO  volume.ThrottledAsyncChecker (ThrottledAsyncChecker.java:schedule(141)) - Scheduling a check for /workdir/hadoop-ozone/integration-test/target/test-dir/MiniOzoneClusterImpl-54112d89-f567-4586-9652-9c819d7a3bb6/datanode-2/data/containers/hdds
2019-10-30 05:52:56,214 [main] INFO  volume.HddsVolumeChecker (HddsVolumeChecker.java:checkAllVolumes(204)) - Scheduled health check for volume /workdir/hadoop-ozone/integration-test/target/test-dir/MiniOzoneClusterImpl-54112d89-f567-4586-9652-9c819d7a3bb6/datanode-2/data/containers/hdds
2019-10-30 05:52:56,229 [main] INFO  impl.RaftServerProxy (ConfUtils.java:logGet(43)) - raft.rpc.type = GRPC (default)
2019-10-30 05:52:56,230 [main] INFO  grpc.GrpcFactory (GrpcFactory.java:checkPooledByteBufAllocatorUseCacheForAllThreads(45)) - PERFORMANCE WARNING: useCacheForAllThreads is true that may cause Netty to create a lot garbage objects and, as a result, trigger GC.
	It is recommended to disable useCacheForAllThreads by setting -Dorg.apache.ratis.thirdparty.io.netty.allocator.useCacheForAllThreads=false in command line.
2019-10-30 05:52:56,230 [main] INFO  grpc.GrpcConfigKeys$Server (ConfUtils.java:logGet(43)) - raft.grpc.server.port = 0 (default)
2019-10-30 05:52:56,230 [main] INFO  server.GrpcService (ConfUtils.java:logGet(43)) - raft.grpc.message.size.max = 33570816 (custom)
2019-10-30 05:52:56,230 [main] INFO  server.RaftServerConfigKeys (ConfUtils.java:logGet(43)) - raft.server.log.appender.buffer.byte-limit = 33554432 (custom)
2019-10-30 05:52:56,230 [main] INFO  server.GrpcService (ConfUtils.java:logGet(43)) - raft.grpc.flow.control.window = 1MB (=1048576) (default)
2019-10-30 05:52:56,231 [main] INFO  server.RaftServerConfigKeys (ConfUtils.java:logGet(43)) - raft.server.rpc.request.timeout = 3000ms (default)
2019-10-30 05:52:56,232 [main] INFO  server.RaftServerConfigKeys (ConfUtils.java:logGet(43)) - raft.server.storage.dir = [/workdir/hadoop-ozone/integration-test/target/test-dir/MiniOzoneClusterImpl-54112d89-f567-4586-9652-9c819d7a3bb6/datanode-2/data/ratis] (custom)
2019-10-30 05:52:56,233 [main] INFO  hdfs.DFSUtil (DFSUtil.java:httpServerTemplateForNNAndJN(1641)) - Starting Web-server for hddsDatanode at: http://0.0.0.0:0
2019-10-30 05:52:56,235 [main] INFO  server.AuthenticationFilter (AuthenticationFilter.java:constructSecretProvider(240)) - Unable to initialize FileSignerSecretProvider, falling back to use random secrets.
2019-10-30 05:52:56,236 [main] WARN  http.HttpRequestLog (HttpRequestLog.java:getRequestLog(97)) - Jetty request log can only be enabled using Log4j
2019-10-30 05:52:56,237 [main] INFO  http.HttpServer2 (HttpServer2.java:addGlobalFilter(975)) - Added global filter 'safety' (class=org.apache.hadoop.http.HttpServer2$QuotingInputFilter)
2019-10-30 05:52:56,237 [main] INFO  http.HttpServer2 (HttpServer2.java:addFilter(948)) - Added filter static_user_filter (class=org.apache.hadoop.http.lib.StaticUserWebFilter$StaticUserFilter) to context hddsDatanode
2019-10-30 05:52:56,238 [main] INFO  http.HttpServer2 (HttpServer2.java:addFilter(958)) - Added filter static_user_filter (class=org.apache.hadoop.http.lib.StaticUserWebFilter$StaticUserFilter) to context static
2019-10-30 05:52:56,238 [main] INFO  http.HttpServer2 (HttpServer2.java:addFilter(958)) - Added filter static_user_filter (class=org.apache.hadoop.http.lib.StaticUserWebFilter$StaticUserFilter) to context logs
2019-10-30 05:52:56,238 [main] INFO  http.HttpServer2 (HttpServer2.java:bindListener(1191)) - Jetty bound to port 38707
2019-10-30 05:52:56,239 [main] INFO  server.Server (Server.java:doStart(351)) - jetty-9.3.25.v20180904, build timestamp: 2018-09-04T21:11:46Z, git hash: 3ce520221d0240229c862b122d2b06c12a625732
2019-10-30 05:52:56,241 [main] INFO  handler.ContextHandler (ContextHandler.java:doStart(781)) - Started o.e.j.s.ServletContextHandler@1caa9eb6{/logs,file:///workdir/hadoop-ozone/integration-test/target/log,AVAILABLE}
2019-10-30 05:52:56,241 [main] INFO  handler.ContextHandler (ContextHandler.java:doStart(781)) - Started o.e.j.s.ServletContextHandler@2fcd7d3f{/static,jar:file:/home/user/.m2/repository/org/apache/hadoop/hadoop-hdds-container-service/0.5.0-SNAPSHOT/hadoop-hdds-container-service-0.5.0-SNAPSHOT.jar!/webapps/static,AVAILABLE}
2019-10-30 05:52:56,245 [Datanode State Machine Thread - 0] INFO  datanode.InitDatanodeState (InitDatanodeState.java:persistContainerDatanodeDetails(140)) - DatanodeDetails is persisted to /workdir/hadoop-ozone/integration-test/target/test-dir/MiniOzoneClusterImpl-54112d89-f567-4586-9652-9c819d7a3bb6/datanode-0/meta/datanode.id
2019-10-30 05:52:56,248 [Datanode State Machine Thread - 0] INFO  datanode.InitDatanodeState (InitDatanodeState.java:persistContainerDatanodeDetails(140)) - DatanodeDetails is persisted to /workdir/hadoop-ozone/integration-test/target/test-dir/MiniOzoneClusterImpl-54112d89-f567-4586-9652-9c819d7a3bb6/datanode-1/meta/datanode.id
2019-10-30 05:52:56,272 [main] INFO  handler.ContextHandler (ContextHandler.java:doStart(781)) - Started o.e.j.w.WebAppContext@2975a9e{/,file:///tmp/jetty-0.0.0.0-38707-hddsDatanode-_-any-4519852281306756552.dir/webapp/,AVAILABLE}{/hddsDatanode}
2019-10-30 05:52:56,274 [main] INFO  server.AbstractConnector (AbstractConnector.java:doStart(278)) - Started ServerConnector@765ffb14{HTTP/1.1,[http/1.1]}{0.0.0.0:38707}
2019-10-30 05:52:56,274 [main] INFO  server.Server (Server.java:doStart(419)) - Started @6041ms
2019-10-30 05:52:56,275 [main] WARN  impl.MetricsSystemImpl (MetricsSystemImpl.java:register(276)) - Sink prometheus already exists!
2019-10-30 05:52:56,276 [main] INFO  server.BaseHttpServer (BaseHttpServer.java:updateConnectorAddress(215)) - HTTP server of HDDSDATANODE is listening at http://0.0.0.0:38707
2019-10-30 05:52:56,276 [main] INFO  impl.MetricsSystemImpl (MetricsSystemImpl.java:init(158)) - HddsDatanode metrics system started (again)
2019-10-30 05:52:56,279 [org.apache.hadoop.util.JvmPauseMonitor$Monitor@55f572cf] INFO  util.JvmPauseMonitor (JvmPauseMonitor.java:run(188)) - Starting JVM pause monitor
2019-10-30 05:52:56,279 [main] INFO  ozone.HddsDatanodeService (HddsDatanodeService.java:start(184)) - HddsDatanodeService host:pr-hdds-1643-9kfsj-1164326334 ip:192.168.34.21
2019-10-30 05:52:56,280 [Datanode State Machine Thread - 0] INFO  datanode.InitDatanodeState (InitDatanodeState.java:persistContainerDatanodeDetails(140)) - DatanodeDetails is persisted to /workdir/hadoop-ozone/integration-test/target/test-dir/MiniOzoneClusterImpl-54112d89-f567-4586-9652-9c819d7a3bb6/datanode-2/meta/datanode.id
2019-10-30 05:52:56,286 [main] INFO  volume.HddsVolume (HddsVolume.java:<init>(176)) - Creating Volume: /workdir/hadoop-ozone/integration-test/target/test-dir/MiniOzoneClusterImpl-54112d89-f567-4586-9652-9c819d7a3bb6/datanode-3/data/containers/hdds of  storage type : DISK and capacity : 1482555576320
2019-10-30 05:52:56,286 [main] INFO  volume.VolumeSet (VolumeSet.java:initializeVolumeSet(170)) - Added Volume : /workdir/hadoop-ozone/integration-test/target/test-dir/MiniOzoneClusterImpl-54112d89-f567-4586-9652-9c819d7a3bb6/datanode-3/data/containers/hdds to VolumeSet
2019-10-30 05:52:56,286 [main] INFO  volume.ThrottledAsyncChecker (ThrottledAsyncChecker.java:schedule(141)) - Scheduling a check for /workdir/hadoop-ozone/integration-test/target/test-dir/MiniOzoneClusterImpl-54112d89-f567-4586-9652-9c819d7a3bb6/datanode-3/data/containers/hdds
2019-10-30 05:52:56,287 [main] INFO  volume.HddsVolumeChecker (HddsVolumeChecker.java:checkAllVolumes(204)) - Scheduled health check for volume /workdir/hadoop-ozone/integration-test/target/test-dir/MiniOzoneClusterImpl-54112d89-f567-4586-9652-9c819d7a3bb6/datanode-3/data/containers/hdds
2019-10-30 05:52:56,300 [main] INFO  impl.RaftServerProxy (ConfUtils.java:logGet(43)) - raft.rpc.type = GRPC (default)
2019-10-30 05:52:56,301 [main] INFO  grpc.GrpcFactory (GrpcFactory.java:checkPooledByteBufAllocatorUseCacheForAllThreads(45)) - PERFORMANCE WARNING: useCacheForAllThreads is true that may cause Netty to create a lot garbage objects and, as a result, trigger GC.
	It is recommended to disable useCacheForAllThreads by setting -Dorg.apache.ratis.thirdparty.io.netty.allocator.useCacheForAllThreads=false in command line.
2019-10-30 05:52:56,301 [main] INFO  grpc.GrpcConfigKeys$Server (ConfUtils.java:logGet(43)) - raft.grpc.server.port = 0 (default)
2019-10-30 05:52:56,301 [main] INFO  server.GrpcService (ConfUtils.java:logGet(43)) - raft.grpc.message.size.max = 33570816 (custom)
2019-10-30 05:52:56,301 [main] INFO  server.RaftServerConfigKeys (ConfUtils.java:logGet(43)) - raft.server.log.appender.buffer.byte-limit = 33554432 (custom)
2019-10-30 05:52:56,301 [main] INFO  server.GrpcService (ConfUtils.java:logGet(43)) - raft.grpc.flow.control.window = 1MB (=1048576) (default)
2019-10-30 05:52:56,302 [main] INFO  server.RaftServerConfigKeys (ConfUtils.java:logGet(43)) - raft.server.rpc.request.timeout = 3000ms (default)
2019-10-30 05:52:56,302 [main] INFO  server.RaftServerConfigKeys (ConfUtils.java:logGet(43)) - raft.server.storage.dir = [/workdir/hadoop-ozone/integration-test/target/test-dir/MiniOzoneClusterImpl-54112d89-f567-4586-9652-9c819d7a3bb6/datanode-3/data/ratis] (custom)
2019-10-30 05:52:56,304 [main] INFO  hdfs.DFSUtil (DFSUtil.java:httpServerTemplateForNNAndJN(1641)) - Starting Web-server for hddsDatanode at: http://0.0.0.0:0
2019-10-30 05:52:56,305 [main] INFO  server.AuthenticationFilter (AuthenticationFilter.java:constructSecretProvider(240)) - Unable to initialize FileSignerSecretProvider, falling back to use random secrets.
2019-10-30 05:52:56,305 [main] WARN  http.HttpRequestLog (HttpRequestLog.java:getRequestLog(97)) - Jetty request log can only be enabled using Log4j
2019-10-30 05:52:56,307 [main] INFO  http.HttpServer2 (HttpServer2.java:addGlobalFilter(975)) - Added global filter 'safety' (class=org.apache.hadoop.http.HttpServer2$QuotingInputFilter)
2019-10-30 05:52:56,308 [main] INFO  http.HttpServer2 (HttpServer2.java:addFilter(948)) - Added filter static_user_filter (class=org.apache.hadoop.http.lib.StaticUserWebFilter$StaticUserFilter) to context hddsDatanode
2019-10-30 05:52:56,308 [main] INFO  http.HttpServer2 (HttpServer2.java:addFilter(958)) - Added filter static_user_filter (class=org.apache.hadoop.http.lib.StaticUserWebFilter$StaticUserFilter) to context static
2019-10-30 05:52:56,308 [main] INFO  http.HttpServer2 (HttpServer2.java:addFilter(958)) - Added filter static_user_filter (class=org.apache.hadoop.http.lib.StaticUserWebFilter$StaticUserFilter) to context logs
2019-10-30 05:52:56,309 [main] INFO  http.HttpServer2 (HttpServer2.java:bindListener(1191)) - Jetty bound to port 33650
2019-10-30 05:52:56,309 [main] INFO  server.Server (Server.java:doStart(351)) - jetty-9.3.25.v20180904, build timestamp: 2018-09-04T21:11:46Z, git hash: 3ce520221d0240229c862b122d2b06c12a625732
2019-10-30 05:52:56,313 [main] INFO  handler.ContextHandler (ContextHandler.java:doStart(781)) - Started o.e.j.s.ServletContextHandler@f88bfbe{/logs,file:///workdir/hadoop-ozone/integration-test/target/log,AVAILABLE}
2019-10-30 05:52:56,314 [main] INFO  handler.ContextHandler (ContextHandler.java:doStart(781)) - Started o.e.j.s.ServletContextHandler@5d8ab698{/static,jar:file:/home/user/.m2/repository/org/apache/hadoop/hadoop-hdds-container-service/0.5.0-SNAPSHOT/hadoop-hdds-container-service-0.5.0-SNAPSHOT.jar!/webapps/static,AVAILABLE}
2019-10-30 05:52:56,342 [main] INFO  handler.ContextHandler (ContextHandler.java:doStart(781)) - Started o.e.j.w.WebAppContext@1e0a864d{/,file:///tmp/jetty-0.0.0.0-33650-hddsDatanode-_-any-6594741418697845550.dir/webapp/,AVAILABLE}{/hddsDatanode}
2019-10-30 05:52:56,343 [main] INFO  server.AbstractConnector (AbstractConnector.java:doStart(278)) - Started ServerConnector@440e3ce6{HTTP/1.1,[http/1.1]}{0.0.0.0:33650}
2019-10-30 05:52:56,343 [main] INFO  server.Server (Server.java:doStart(419)) - Started @6110ms
2019-10-30 05:52:56,344 [main] WARN  impl.MetricsSystemImpl (MetricsSystemImpl.java:register(276)) - Sink prometheus already exists!
2019-10-30 05:52:56,345 [main] INFO  server.BaseHttpServer (BaseHttpServer.java:updateConnectorAddress(215)) - HTTP server of HDDSDATANODE is listening at http://0.0.0.0:33650
2019-10-30 05:52:56,347 [main] INFO  ozone.MiniOzoneClusterImpl (MiniOzoneClusterImpl.java:lambda$waitForClusterToBeReady$0(147)) - Waiting for cluster to be ready. Got 0 of 4 DN Heartbeats.
2019-10-30 05:52:56,348 [org.apache.hadoop.util.JvmPauseMonitor$Monitor@7b9c0d82] INFO  util.JvmPauseMonitor (JvmPauseMonitor.java:run(188)) - Starting JVM pause monitor
2019-10-30 05:52:56,351 [Datanode State Machine Thread - 0] INFO  datanode.InitDatanodeState (InitDatanodeState.java:persistContainerDatanodeDetails(140)) - DatanodeDetails is persisted to /workdir/hadoop-ozone/integration-test/target/test-dir/MiniOzoneClusterImpl-54112d89-f567-4586-9652-9c819d7a3bb6/datanode-3/meta/datanode.id
2019-10-30 05:52:57,347 [main] INFO  ozone.MiniOzoneClusterImpl (MiniOzoneClusterImpl.java:lambda$waitForClusterToBeReady$0(147)) - Waiting for cluster to be ready. Got 0 of 4 DN Heartbeats.
2019-10-30 05:52:58,349 [main] INFO  ozone.MiniOzoneClusterImpl (MiniOzoneClusterImpl.java:lambda$waitForClusterToBeReady$0(147)) - Waiting for cluster to be ready. Got 0 of 4 DN Heartbeats.
2019-10-30 05:52:58,359 [Datanode State Machine Thread - 0] INFO  ozoneimpl.OzoneContainer (OzoneContainer.java:start(213)) - Attempting to start container services.
2019-10-30 05:52:58,360 [Datanode State Machine Thread - 0] INFO  ozoneimpl.OzoneContainer (OzoneContainer.java:start(213)) - Attempting to start container services.
2019-10-30 05:52:58,360 [Datanode State Machine Thread - 0] INFO  ozoneimpl.OzoneContainer (OzoneContainer.java:start(213)) - Attempting to start container services.
2019-10-30 05:52:58,363 [Datanode State Machine Thread - 0] INFO  ozoneimpl.OzoneContainer (OzoneContainer.java:start(213)) - Attempting to start container services.
2019-10-30 05:52:58,363 [Datanode State Machine Thread - 0] INFO  ozoneimpl.OzoneContainer (OzoneContainer.java:startContainerScrub(177)) - Background container scanner has been disabled.
2019-10-30 05:52:58,364 [Datanode State Machine Thread - 0] INFO  ozoneimpl.OzoneContainer (OzoneContainer.java:startContainerScrub(177)) - Background container scanner has been disabled.
2019-10-30 05:52:58,364 [Datanode State Machine Thread - 0] INFO  ratis.XceiverServerRatis (XceiverServerRatis.java:start(418)) - Starting XceiverServerRatis 9127dd83-037b-4d39-812f-66db56af525a at port 0
2019-10-30 05:52:58,364 [Datanode State Machine Thread - 0] INFO  ratis.XceiverServerRatis (XceiverServerRatis.java:start(418)) - Starting XceiverServerRatis 7fae3aed-4e76-4283-a599-f93f794625ab at port 0
2019-10-30 05:52:58,365 [Datanode State Machine Thread - 0] INFO  ozoneimpl.OzoneContainer (OzoneContainer.java:startContainerScrub(177)) - Background container scanner has been disabled.
2019-10-30 05:52:58,365 [Datanode State Machine Thread - 0] INFO  ozoneimpl.OzoneContainer (OzoneContainer.java:startContainerScrub(177)) - Background container scanner has been disabled.
2019-10-30 05:52:58,365 [Datanode State Machine Thread - 0] INFO  ratis.XceiverServerRatis (XceiverServerRatis.java:start(418)) - Starting XceiverServerRatis 58095e90-3010-492a-9083-43cf2e035c3f at port 0
2019-10-30 05:52:58,366 [Datanode State Machine Thread - 0] INFO  ratis.XceiverServerRatis (XceiverServerRatis.java:start(418)) - Starting XceiverServerRatis b73f6112-36bf-4203-bb95-1638b8ee110c at port 0
2019-10-30 05:52:58,393 [Datanode State Machine Thread - 0] INFO  impl.RaftServerProxy (RaftServerProxy.java:lambda$start$3(299)) - 9127dd83-037b-4d39-812f-66db56af525a: start RPC server
2019-10-30 05:52:58,400 [Datanode State Machine Thread - 0] INFO  server.GrpcService (GrpcService.java:startImpl(158)) - 9127dd83-037b-4d39-812f-66db56af525a: GrpcService started, listening on 0.0.0.0/0.0.0.0:42063
2019-10-30 05:52:58,401 [Datanode State Machine Thread - 0] INFO  ratis.XceiverServerRatis (XceiverServerRatis.java:start(428)) - XceiverServerRatis 9127dd83-037b-4d39-812f-66db56af525a is started using port 42063
2019-10-30 05:52:58,401 [Datanode State Machine Thread - 0] INFO  impl.RaftServerProxy (RaftServerProxy.java:lambda$start$3(299)) - b73f6112-36bf-4203-bb95-1638b8ee110c: start RPC server
2019-10-30 05:52:58,403 [Datanode State Machine Thread - 0] INFO  impl.RaftServerProxy (RaftServerProxy.java:lambda$start$3(299)) - 7fae3aed-4e76-4283-a599-f93f794625ab: start RPC server
2019-10-30 05:52:58,405 [Datanode State Machine Thread - 0] INFO  server.GrpcService (GrpcService.java:startImpl(158)) - b73f6112-36bf-4203-bb95-1638b8ee110c: GrpcService started, listening on 0.0.0.0/0.0.0.0:33911
2019-10-30 05:52:58,406 [Datanode State Machine Thread - 0] INFO  ratis.XceiverServerRatis (XceiverServerRatis.java:start(428)) - XceiverServerRatis b73f6112-36bf-4203-bb95-1638b8ee110c is started using port 33911
2019-10-30 05:52:58,406 [Datanode State Machine Thread - 0] INFO  server.XceiverServerGrpc (XceiverServerGrpc.java:start(149)) - XceiverServerGrpc 9127dd83-037b-4d39-812f-66db56af525a is started using port 41091
2019-10-30 05:52:58,407 [Datanode State Machine Thread - 0] INFO  server.GrpcService (GrpcService.java:startImpl(158)) - 7fae3aed-4e76-4283-a599-f93f794625ab: GrpcService started, listening on 0.0.0.0/0.0.0.0:41352
2019-10-30 05:52:58,407 [Datanode State Machine Thread - 0] INFO  ratis.XceiverServerRatis (XceiverServerRatis.java:start(428)) - XceiverServerRatis 7fae3aed-4e76-4283-a599-f93f794625ab is started using port 41352
2019-10-30 05:52:58,407 [Datanode State Machine Thread - 0] INFO  impl.RaftServerProxy (RaftServerProxy.java:lambda$start$3(299)) - 58095e90-3010-492a-9083-43cf2e035c3f: start RPC server
2019-10-30 05:52:58,409 [Datanode State Machine Thread - 0] INFO  server.XceiverServerGrpc (XceiverServerGrpc.java:start(149)) - XceiverServerGrpc b73f6112-36bf-4203-bb95-1638b8ee110c is started using port 38570
2019-10-30 05:52:58,411 [Datanode State Machine Thread - 0] INFO  server.XceiverServerGrpc (XceiverServerGrpc.java:start(149)) - XceiverServerGrpc 7fae3aed-4e76-4283-a599-f93f794625ab is started using port 36305
2019-10-30 05:52:58,413 [Datanode State Machine Thread - 0] INFO  server.GrpcService (GrpcService.java:startImpl(158)) - 58095e90-3010-492a-9083-43cf2e035c3f: GrpcService started, listening on 0.0.0.0/0.0.0.0:45284
2019-10-30 05:52:58,413 [Datanode State Machine Thread - 0] INFO  ratis.XceiverServerRatis (XceiverServerRatis.java:start(428)) - XceiverServerRatis 58095e90-3010-492a-9083-43cf2e035c3f is started using port 45284
2019-10-30 05:52:58,415 [Datanode State Machine Thread - 0] INFO  server.XceiverServerGrpc (XceiverServerGrpc.java:start(149)) - XceiverServerGrpc 58095e90-3010-492a-9083-43cf2e035c3f is started using port 45767
2019-10-30 05:52:59,349 [main] INFO  ozone.MiniOzoneClusterImpl (MiniOzoneClusterImpl.java:lambda$waitForClusterToBeReady$0(147)) - Waiting for cluster to be ready. Got 0 of 4 DN Heartbeats.
2019-10-30 05:53:00,147 [IPC Server handler 0 on 40622] INFO  net.NetworkTopology (NetworkTopologyImpl.java:add(111)) - Added a new node: /rack1/7fae3aed-4e76-4283-a599-f93f794625ab
2019-10-30 05:53:00,148 [IPC Server handler 0 on 40622] INFO  node.SCMNodeManager (SCMNodeManager.java:register(268)) - Registered Data node : 7fae3aed-4e76-4283-a599-f93f794625ab{ip: 192.168.34.21, host: pr-hdds-1643-9kfsj-1164326334, networkLocation: /rack1, certSerialId: null}
2019-10-30 05:53:00,150 [EventQueue-NodeRegistrationContainerReportForDataNodeSafeModeRule] INFO  safemode.SCMSafeModeManager (DataNodeSafeModeRule.java:process(71)) - SCM in safe mode. 1 DataNodes registered, 1 required.
2019-10-30 05:53:00,150 [EventQueue-NodeRegistrationContainerReportForDataNodeSafeModeRule] INFO  safemode.SCMSafeModeManager (SCMSafeModeManager.java:validateSafeModeExitRules(177)) - ScmSafeModeManager, all rules are successfully validated
2019-10-30 05:53:00,150 [EventQueue-NodeRegistrationContainerReportForDataNodeSafeModeRule] INFO  safemode.SCMSafeModeManager (SCMSafeModeManager.java:exitSafeMode(193)) - SCM exiting safe mode.
2019-10-30 05:53:00,205 [IPC Server handler 1 on 40622] INFO  net.NetworkTopology (NetworkTopologyImpl.java:add(111)) - Added a new node: /rack1/58095e90-3010-492a-9083-43cf2e035c3f
2019-10-30 05:53:00,205 [IPC Server handler 1 on 40622] INFO  node.SCMNodeManager (SCMNodeManager.java:register(268)) - Registered Data node : 58095e90-3010-492a-9083-43cf2e035c3f{ip: 192.168.34.21, host: pr-hdds-1643-9kfsj-1164326334, networkLocation: /rack1, certSerialId: null}
2019-10-30 05:53:00,280 [IPC Server handler 2 on 40622] INFO  net.NetworkTopology (NetworkTopologyImpl.java:add(111)) - Added a new node: /rack1/9127dd83-037b-4d39-812f-66db56af525a
2019-10-30 05:53:00,281 [IPC Server handler 2 on 40622] INFO  node.SCMNodeManager (SCMNodeManager.java:register(268)) - Registered Data node : 9127dd83-037b-4d39-812f-66db56af525a{ip: 192.168.34.21, host: pr-hdds-1643-9kfsj-1164326334, networkLocation: /rack1, certSerialId: null}
2019-10-30 05:53:00,350 [main] INFO  ozone.MiniOzoneClusterImpl (MiniOzoneClusterImpl.java:lambda$waitForClusterToBeReady$0(147)) - Waiting for cluster to be ready. Got 3 of 4 DN Heartbeats.
2019-10-30 05:53:00,351 [IPC Server handler 3 on 40622] INFO  net.NetworkTopology (NetworkTopologyImpl.java:add(111)) - Added a new node: /rack1/b73f6112-36bf-4203-bb95-1638b8ee110c
2019-10-30 05:53:00,351 [IPC Server handler 3 on 40622] INFO  node.SCMNodeManager (SCMNodeManager.java:register(268)) - Registered Data node : b73f6112-36bf-4203-bb95-1638b8ee110c{ip: 192.168.34.21, host: pr-hdds-1643-9kfsj-1164326334, networkLocation: /rack1, certSerialId: null}
2019-10-30 05:53:00,526 [grpc-default-executor-0] INFO  impl.RaftServerProxy (RaftServerProxy.java:addNew(89)) - 7fae3aed-4e76-4283-a599-f93f794625ab: addNew group-50851B75F2F1:[7fae3aed-4e76-4283-a599-f93f794625ab:192.168.34.21:41352] returns group-50851B75F2F1:java.util.concurrent.CompletableFuture@1e7c2655[Not completed]
2019-10-30 05:53:00,535 [pool-32-thread-1] INFO  impl.RaftServerImpl (RaftServerImpl.java:<init>(104)) - 7fae3aed-4e76-4283-a599-f93f794625ab: new RaftServerImpl for group-50851B75F2F1:[7fae3aed-4e76-4283-a599-f93f794625ab:192.168.34.21:41352] with ContainerStateMachine:uninitialized
2019-10-30 05:53:00,536 [pool-32-thread-1] INFO  server.RaftServerConfigKeys (ConfUtils.java:logGet(43)) - raft.server.rpc.timeout.min = 5s (custom)
2019-10-30 05:53:00,536 [pool-32-thread-1] INFO  server.RaftServerConfigKeys (ConfUtils.java:logGet(43)) - raft.server.rpc.timeout.max = 5200ms (custom)
2019-10-30 05:53:00,537 [pool-32-thread-1] INFO  server.RaftServerConfigKeys (ConfUtils.java:logGet(43)) - raft.server.rpcslowness.timeout = 120s (custom)
2019-10-30 05:53:00,537 [pool-32-thread-1] INFO  server.RaftServerConfigKeys (ConfUtils.java:logGet(43)) - raft.server.sleep.deviation.threshold = 300 (default)
2019-10-30 05:53:00,537 [pool-32-thread-1] INFO  server.RaftServerConfigKeys (ConfUtils.java:logGet(43)) - raft.server.log.appender.install.snapshot.enabled = false (custom)
2019-10-30 05:53:00,537 [pool-32-thread-1] INFO  impl.RaftServerImpl (ServerState.java:<init>(103)) - 7fae3aed-4e76-4283-a599-f93f794625ab@group-50851B75F2F1: ConfigurationManager, init=-1: [7fae3aed-4e76-4283-a599-f93f794625ab:192.168.34.21:41352], old=null, confs=<EMPTY_MAP>
2019-10-30 05:53:00,537 [pool-32-thread-1] INFO  server.RaftServerConfigKeys (ConfUtils.java:logGet(43)) - raft.server.storage.dir = [/workdir/hadoop-ozone/integration-test/target/test-dir/MiniOzoneClusterImpl-54112d89-f567-4586-9652-9c819d7a3bb6/datanode-0/data/ratis] (custom)
2019-10-30 05:53:00,538 [pool-32-thread-1] INFO  server.RaftServerConfigKeys (ConfUtils.java:logGet(43)) - raft.server.log.corruption.policy = EXCEPTION (default)
2019-10-30 05:53:00,538 [pool-32-thread-1] INFO  storage.RaftStorageDirectory (RaftStorageDirectory.java:analyzeStorage(246)) - The storage directory /workdir/hadoop-ozone/integration-test/target/test-dir/MiniOzoneClusterImpl-54112d89-f567-4586-9652-9c819d7a3bb6/datanode-0/data/ratis/b793d3fb-56c1-48c0-8ef5-50851b75f2f1 does not exist. Creating ...
2019-10-30 05:53:00,545 [pool-32-thread-1] INFO  storage.RaftStorageDirectory (RaftStorageDirectory.java:tryLock(328)) - Lock on /workdir/hadoop-ozone/integration-test/target/test-dir/MiniOzoneClusterImpl-54112d89-f567-4586-9652-9c819d7a3bb6/datanode-0/data/ratis/b793d3fb-56c1-48c0-8ef5-50851b75f2f1/in_use.lock acquired by nodename 2952@pr-hdds-1643-9kfsj-1164326334
2019-10-30 05:53:00,559 [pool-32-thread-1] INFO  storage.RaftStorage (RaftStorage.java:format(84)) - Storage directory /workdir/hadoop-ozone/integration-test/target/test-dir/MiniOzoneClusterImpl-54112d89-f567-4586-9652-9c819d7a3bb6/datanode-0/data/ratis/b793d3fb-56c1-48c0-8ef5-50851b75f2f1 has been successfully formatted.
2019-10-30 05:53:00,560 [pool-32-thread-1] INFO  ratis.ContainerStateMachine (ContainerStateMachine.java:loadSnapshot(231)) - group-50851B75F2F1: The snapshot info is null. Setting the last applied indexto:(t:0, i:~)
2019-10-30 05:53:00,560 [pool-32-thread-1] INFO  server.RaftServerConfigKeys (ConfUtils.java:logGet(43)) - raft.server.notification.no-leader.timeout = 120s (custom)
2019-10-30 05:53:00,561 [pool-32-thread-1] INFO  server.RaftServerConfigKeys (ConfUtils.java:logGet(43)) - raft.server.log.use.memory = false (default)
2019-10-30 05:53:00,561 [pool-32-thread-1] INFO  server.RaftServerConfigKeys (ConfUtils.java:logGet(43)) - raft.server.log.purge.gap = 1000000 (custom)
2019-10-30 05:53:00,561 [pool-32-thread-1] INFO  server.RaftServerConfigKeys (ConfUtils.java:logGet(43)) - raft.server.log.appender.buffer.byte-limit = 33554432 (custom)
2019-10-30 05:53:00,561 [pool-32-thread-1] INFO  server.RaftServerConfigKeys (ConfUtils.java:logGet(43)) - raft.server.log.segment.size.max = 1048576 (custom)
2019-10-30 05:53:00,566 [pool-32-thread-1] INFO  server.RaftServerConfigKeys (ConfUtils.java:logGet(43)) - raft.server.log.segment.cache.num.max = 2 (custom)
2019-10-30 05:53:00,567 [pool-32-thread-1] INFO  segmented.SegmentedRaftLogWorker (SegmentedRaftLogWorker.java:<init>(173)) - new 7fae3aed-4e76-4283-a599-f93f794625ab@group-50851B75F2F1-SegmentedRaftLogWorker for RaftStorage:Storage Directory /workdir/hadoop-ozone/integration-test/target/test-dir/MiniOzoneClusterImpl-54112d89-f567-4586-9652-9c819d7a3bb6/datanode-0/data/ratis/b793d3fb-56c1-48c0-8ef5-50851b75f2f1
2019-10-30 05:53:00,567 [pool-32-thread-1] INFO  server.RaftServerConfigKeys (ConfUtils.java:logGet(43)) - raft.server.log.queue.byte-limit = 2147483647 (custom)
2019-10-30 05:53:00,567 [pool-32-thread-1] INFO  server.RaftServerConfigKeys (ConfUtils.java:logGet(43)) - raft.server.log.queue.element-limit = 1024 (custom)
2019-10-30 05:53:00,567 [pool-32-thread-1] INFO  server.RaftServerConfigKeys (ConfUtils.java:logGet(43)) - raft.server.log.segment.size.max = 1048576 (custom)
2019-10-30 05:53:00,567 [pool-32-thread-1] INFO  server.RaftServerConfigKeys (ConfUtils.java:logGet(43)) - raft.server.log.preallocated.size = 16384 (custom)
2019-10-30 05:53:00,568 [pool-32-thread-1] INFO  server.RaftServerConfigKeys (ConfUtils.java:logGet(43)) - raft.server.log.write.buffer.size = 33554432 (custom)
2019-10-30 05:53:00,568 [pool-32-thread-1] INFO  server.RaftServerConfigKeys (ConfUtils.java:logGet(43)) - raft.server.log.force.sync.num = 128 (default)
2019-10-30 05:53:00,568 [pool-32-thread-1] INFO  server.RaftServerConfigKeys (ConfUtils.java:logGet(43)) - raft.server.log.statemachine.data.sync = true (default)
2019-10-30 05:53:00,568 [pool-32-thread-1] INFO  server.RaftServerConfigKeys (ConfUtils.java:logGet(43)) - raft.server.log.statemachine.data.sync.timeout = 10s (default)
2019-10-30 05:53:00,568 [pool-32-thread-1] INFO  server.RaftServerConfigKeys (ConfUtils.java:logGet(43)) - raft.server.log.statemachine.data.sync.timeout.retry = -1 (default)
2019-10-30 05:53:00,569 [pool-32-thread-1] INFO  server.RaftServerConfigKeys (ConfUtils.java:logGet(43)) - raft.server.log.statemachine.data.caching.enabled = true (custom)
2019-10-30 05:53:00,570 [pool-32-thread-1] INFO  segmented.SegmentedRaftLogWorker (SegmentedRaftLogWorker.java:lambda$new$0(128)) - 7fae3aed-4e76-4283-a599-f93f794625ab@group-50851B75F2F1-SegmentedRaftLogWorker: flushIndex: setUnconditionally 0 -> -1
2019-10-30 05:53:00,570 [pool-32-thread-1] INFO  server.RaftServerConfigKeys (ConfUtils.java:logGet(43)) - raft.server.snapshot.auto.trigger.enabled = true (custom)
2019-10-30 05:53:00,570 [pool-32-thread-1] INFO  server.RaftServerConfigKeys (ConfUtils.java:logGet(43)) - raft.server.snapshot.auto.trigger.threshold = 10000 (custom)
2019-10-30 05:53:00,570 [pool-32-thread-1] INFO  server.RaftServerConfigKeys (ConfUtils.java:logGet(43)) - raft.server.snapshot.retention.file.num = 5 (custom)
2019-10-30 05:53:00,571 [pool-32-thread-1] INFO  server.RaftServerConfigKeys (ConfUtils.java:logGet(43)) - raft.server.retrycache.expirytime = 600000ms (custom)
2019-10-30 05:53:00,580 [pool-32-thread-1] INFO  impl.RaftServerImpl (RaftServerImpl.java:start(195)) - 7fae3aed-4e76-4283-a599-f93f794625ab@group-50851B75F2F1: start as a follower, conf=-1: [7fae3aed-4e76-4283-a599-f93f794625ab:192.168.34.21:41352], old=null
2019-10-30 05:53:00,580 [pool-32-thread-1] INFO  impl.RaftServerImpl (RaftServerImpl.java:setRole(184)) - 7fae3aed-4e76-4283-a599-f93f794625ab@group-50851B75F2F1: changes role from      null to FOLLOWER at term 0 for startAsFollower
2019-10-30 05:53:00,580 [pool-32-thread-1] INFO  impl.RoleInfo (RoleInfo.java:updateAndGet(143)) - 7fae3aed-4e76-4283-a599-f93f794625ab: start FollowerState
2019-10-30 05:53:00,581 [pool-32-thread-1] INFO  util.JmxRegister (JmxRegister.java:tryRegister(44)) - Successfully registered JMX Bean with object name Ratis:service=RaftServer,group=group-50851B75F2F1,id=7fae3aed-4e76-4283-a599-f93f794625ab
2019-10-30 05:53:00,613 [Thread-201] INFO  impl.FollowerState (FollowerState.java:run(108)) - 7fae3aed-4e76-4283-a599-f93f794625ab@group-50851B75F2F1-FollowerState: change to CANDIDATE, lastRpcTime:32ms, electionTimeout:30ms
2019-10-30 05:53:00,615 [Thread-201] INFO  impl.RoleInfo (RoleInfo.java:shutdownFollowerState(121)) - 7fae3aed-4e76-4283-a599-f93f794625ab: shutdown FollowerState
2019-10-30 05:53:00,615 [Thread-201] INFO  impl.RaftServerImpl (RaftServerImpl.java:setRole(184)) - 7fae3aed-4e76-4283-a599-f93f794625ab@group-50851B75F2F1: changes role from  FOLLOWER to CANDIDATE at term 0 for changeToCandidate
2019-10-30 05:53:00,616 [Thread-201] INFO  impl.RoleInfo (RoleInfo.java:updateAndGet(143)) - 7fae3aed-4e76-4283-a599-f93f794625ab: start LeaderElection
2019-10-30 05:53:00,632 [7fae3aed-4e76-4283-a599-f93f794625ab@group-50851B75F2F1-LeaderElection2] INFO  impl.LeaderElection (LeaderElection.java:askForVotes(178)) - 7fae3aed-4e76-4283-a599-f93f794625ab@group-50851B75F2F1-LeaderElection2: begin an election at term 1 for -1: [7fae3aed-4e76-4283-a599-f93f794625ab:192.168.34.21:41352], old=null
2019-10-30 05:53:00,634 [7fae3aed-4e76-4283-a599-f93f794625ab@group-50851B75F2F1-LeaderElection2] INFO  impl.RoleInfo (RoleInfo.java:shutdownLeaderElection(134)) - 7fae3aed-4e76-4283-a599-f93f794625ab: shutdown LeaderElection
2019-10-30 05:53:00,634 [7fae3aed-4e76-4283-a599-f93f794625ab@group-50851B75F2F1-LeaderElection2] INFO  impl.RaftServerImpl (RaftServerImpl.java:setRole(184)) - 7fae3aed-4e76-4283-a599-f93f794625ab@group-50851B75F2F1: changes role from CANDIDATE to LEADER at term 1 for changeToLeader
2019-10-30 05:53:00,634 [7fae3aed-4e76-4283-a599-f93f794625ab@group-50851B75F2F1-LeaderElection2] INFO  impl.RaftServerImpl (ServerState.java:setLeader(256)) - 7fae3aed-4e76-4283-a599-f93f794625ab@group-50851B75F2F1: change Leader from null to 7fae3aed-4e76-4283-a599-f93f794625ab at term 1 for becomeLeader, leader elected after 73ms
2019-10-30 05:53:00,634 [7fae3aed-4e76-4283-a599-f93f794625ab@group-50851B75F2F1-LeaderElection2] INFO  server.RaftServerConfigKeys (ConfUtils.java:logGet(43)) - raft.server.staging.catchup.gap = 1000 (default)
2019-10-30 05:53:00,634 [7fae3aed-4e76-4283-a599-f93f794625ab@group-50851B75F2F1-LeaderElection2] INFO  server.RaftServerConfigKeys (ConfUtils.java:logGet(43)) - raft.server.rpc.sleep.time = 25ms (default)
2019-10-30 05:53:00,634 [7fae3aed-4e76-4283-a599-f93f794625ab@group-50851B75F2F1-LeaderElection2] INFO  server.RaftServerConfigKeys (ConfUtils.java:logGet(43)) - raft.server.write.element-limit = 4096 (default)
2019-10-30 05:53:00,635 [7fae3aed-4e76-4283-a599-f93f794625ab@group-50851B75F2F1-LeaderElection2] INFO  server.RaftServerConfigKeys (ConfUtils.java:logGet(43)) - raft.server.watch.timeout = 10s (default)
2019-10-30 05:53:00,635 [7fae3aed-4e76-4283-a599-f93f794625ab@group-50851B75F2F1-LeaderElection2] INFO  server.RaftServerConfigKeys (ConfUtils.java:logGet(43)) - raft.server.watch.timeout.denomination = 1s (default)
2019-10-30 05:53:00,635 [7fae3aed-4e76-4283-a599-f93f794625ab@group-50851B75F2F1-LeaderElection2] INFO  server.RaftServerConfigKeys (ConfUtils.java:logGet(43)) - raft.server.watch.element-limit = 65536 (default)
2019-10-30 05:53:00,641 [7fae3aed-4e76-4283-a599-f93f794625ab@group-50851B75F2F1-LeaderElection2] INFO  impl.RoleInfo (RoleInfo.java:updateAndGet(143)) - 7fae3aed-4e76-4283-a599-f93f794625ab: start LeaderState
2019-10-30 05:53:00,641 [7fae3aed-4e76-4283-a599-f93f794625ab@group-50851B75F2F1-LeaderElection2] INFO  segmented.SegmentedRaftLogWorker (SegmentedRaftLogWorker.java:startLogSegment(385)) - 7fae3aed-4e76-4283-a599-f93f794625ab@group-50851B75F2F1-SegmentedRaftLogWorker: Starting segment from index:0
2019-10-30 05:53:00,642 [7fae3aed-4e76-4283-a599-f93f794625ab@group-50851B75F2F1-LeaderElection2] INFO  impl.RaftServerImpl (ServerState.java:setRaftConf(357)) - 7fae3aed-4e76-4283-a599-f93f794625ab@group-50851B75F2F1: set configuration 0: [7fae3aed-4e76-4283-a599-f93f794625ab:192.168.34.21:41352], old=null at 0
2019-10-30 05:53:00,660 [RatisPipelineUtilsThread] INFO  pipeline.PipelineStateManager (PipelineStateManager.java:addPipeline(56)) - Created pipeline Pipeline[ Id: b793d3fb-56c1-48c0-8ef5-50851b75f2f1, Nodes: 7fae3aed-4e76-4283-a599-f93f794625ab{ip: 192.168.34.21, host: pr-hdds-1643-9kfsj-1164326334, networkLocation: /rack1, certSerialId: null}, Type:RATIS, Factor:ONE, State:OPEN]
2019-10-30 05:53:00,662 [7fae3aed-4e76-4283-a599-f93f794625ab@group-50851B75F2F1-SegmentedRaftLogWorker] INFO  segmented.SegmentedRaftLogWorker (SegmentedRaftLogWorker.java:execute(576)) - 7fae3aed-4e76-4283-a599-f93f794625ab@group-50851B75F2F1-SegmentedRaftLogWorker: created new log segment /workdir/hadoop-ozone/integration-test/target/test-dir/MiniOzoneClusterImpl-54112d89-f567-4586-9652-9c819d7a3bb6/datanode-0/data/ratis/b793d3fb-56c1-48c0-8ef5-50851b75f2f1/current/log_inprogress_0
2019-10-30 05:53:00,682 [grpc-default-executor-0] INFO  impl.RaftServerProxy (RaftServerProxy.java:addNew(89)) - 58095e90-3010-492a-9083-43cf2e035c3f: addNew group-BFA3F9F5DA0C:[58095e90-3010-492a-9083-43cf2e035c3f:192.168.34.21:45284] returns group-BFA3F9F5DA0C:java.util.concurrent.CompletableFuture@7c563b6a[Not completed]
2019-10-30 05:53:00,695 [pool-42-thread-1] INFO  impl.RaftServerImpl (RaftServerImpl.java:<init>(104)) - 58095e90-3010-492a-9083-43cf2e035c3f: new RaftServerImpl for group-BFA3F9F5DA0C:[58095e90-3010-492a-9083-43cf2e035c3f:192.168.34.21:45284] with ContainerStateMachine:uninitialized
2019-10-30 05:53:00,698 [pool-42-thread-1] INFO  server.RaftServerConfigKeys (ConfUtils.java:logGet(43)) - raft.server.rpc.timeout.min = 5s (custom)
2019-10-30 05:53:00,698 [pool-42-thread-1] INFO  server.RaftServerConfigKeys (ConfUtils.java:logGet(43)) - raft.server.rpc.timeout.max = 5200ms (custom)
2019-10-30 05:53:00,698 [pool-42-thread-1] INFO  server.RaftServerConfigKeys (ConfUtils.java:logGet(43)) - raft.server.rpcslowness.timeout = 120s (custom)
2019-10-30 05:53:00,698 [pool-42-thread-1] INFO  server.RaftServerConfigKeys (ConfUtils.java:logGet(43)) - raft.server.sleep.deviation.threshold = 300 (default)
2019-10-30 05:53:00,698 [pool-42-thread-1] INFO  server.RaftServerConfigKeys (ConfUtils.java:logGet(43)) - raft.server.log.appender.install.snapshot.enabled = false (custom)
2019-10-30 05:53:00,698 [pool-42-thread-1] INFO  impl.RaftServerImpl (ServerState.java:<init>(103)) - 58095e90-3010-492a-9083-43cf2e035c3f@group-BFA3F9F5DA0C: ConfigurationManager, init=-1: [58095e90-3010-492a-9083-43cf2e035c3f:192.168.34.21:45284], old=null, confs=<EMPTY_MAP>
2019-10-30 05:53:00,699 [pool-42-thread-1] INFO  server.RaftServerConfigKeys (ConfUtils.java:logGet(43)) - raft.server.storage.dir = [/workdir/hadoop-ozone/integration-test/target/test-dir/MiniOzoneClusterImpl-54112d89-f567-4586-9652-9c819d7a3bb6/datanode-1/data/ratis] (custom)
2019-10-30 05:53:00,699 [pool-42-thread-1] INFO  server.RaftServerConfigKeys (ConfUtils.java:logGet(43)) - raft.server.log.corruption.policy = EXCEPTION (default)
2019-10-30 05:53:00,699 [pool-42-thread-1] INFO  storage.RaftStorageDirectory (RaftStorageDirectory.java:analyzeStorage(246)) - The storage directory /workdir/hadoop-ozone/integration-test/target/test-dir/MiniOzoneClusterImpl-54112d89-f567-4586-9652-9c819d7a3bb6/datanode-1/data/ratis/f0c045b0-6281-4d41-b3b6-bfa3f9f5da0c does not exist. Creating ...
2019-10-30 05:53:00,704 [pool-42-thread-1] INFO  storage.RaftStorageDirectory (RaftStorageDirectory.java:tryLock(328)) - Lock on /workdir/hadoop-ozone/integration-test/target/test-dir/MiniOzoneClusterImpl-54112d89-f567-4586-9652-9c819d7a3bb6/datanode-1/data/ratis/f0c045b0-6281-4d41-b3b6-bfa3f9f5da0c/in_use.lock acquired by nodename 2952@pr-hdds-1643-9kfsj-1164326334
2019-10-30 05:53:00,708 [pool-42-thread-1] INFO  storage.RaftStorage (RaftStorage.java:format(84)) - Storage directory /workdir/hadoop-ozone/integration-test/target/test-dir/MiniOzoneClusterImpl-54112d89-f567-4586-9652-9c819d7a3bb6/datanode-1/data/ratis/f0c045b0-6281-4d41-b3b6-bfa3f9f5da0c has been successfully formatted.
2019-10-30 05:53:00,708 [pool-42-thread-1] INFO  ratis.ContainerStateMachine (ContainerStateMachine.java:loadSnapshot(231)) - group-BFA3F9F5DA0C: The snapshot info is null. Setting the last applied indexto:(t:0, i:~)
2019-10-30 05:53:00,709 [pool-42-thread-1] INFO  server.RaftServerConfigKeys (ConfUtils.java:logGet(43)) - raft.server.notification.no-leader.timeout = 120s (custom)
2019-10-30 05:53:00,709 [pool-42-thread-1] INFO  server.RaftServerConfigKeys (ConfUtils.java:logGet(43)) - raft.server.log.use.memory = false (default)
2019-10-30 05:53:00,709 [pool-42-thread-1] INFO  server.RaftServerConfigKeys (ConfUtils.java:logGet(43)) - raft.server.log.purge.gap = 1000000 (custom)
2019-10-30 05:53:00,710 [pool-42-thread-1] INFO  server.RaftServerConfigKeys (ConfUtils.java:logGet(43)) - raft.server.log.appender.buffer.byte-limit = 33554432 (custom)
2019-10-30 05:53:00,710 [pool-42-thread-1] INFO  server.RaftServerConfigKeys (ConfUtils.java:logGet(43)) - raft.server.log.segment.size.max = 1048576 (custom)
2019-10-30 05:53:00,713 [pool-42-thread-1] INFO  server.RaftServerConfigKeys (ConfUtils.java:logGet(43)) - raft.server.log.segment.cache.num.max = 2 (custom)
2019-10-30 05:53:00,713 [pool-42-thread-1] INFO  segmented.SegmentedRaftLogWorker (SegmentedRaftLogWorker.java:<init>(173)) - new 58095e90-3010-492a-9083-43cf2e035c3f@group-BFA3F9F5DA0C-SegmentedRaftLogWorker for RaftStorage:Storage Directory /workdir/hadoop-ozone/integration-test/target/test-dir/MiniOzoneClusterImpl-54112d89-f567-4586-9652-9c819d7a3bb6/datanode-1/data/ratis/f0c045b0-6281-4d41-b3b6-bfa3f9f5da0c
2019-10-30 05:53:00,713 [pool-42-thread-1] INFO  server.RaftServerConfigKeys (ConfUtils.java:logGet(43)) - raft.server.log.queue.byte-limit = 2147483647 (custom)
2019-10-30 05:53:00,713 [pool-42-thread-1] INFO  server.RaftServerConfigKeys (ConfUtils.java:logGet(43)) - raft.server.log.queue.element-limit = 1024 (custom)
2019-10-30 05:53:00,714 [pool-42-thread-1] INFO  server.RaftServerConfigKeys (ConfUtils.java:logGet(43)) - raft.server.log.segment.size.max = 1048576 (custom)
2019-10-30 05:53:00,714 [pool-42-thread-1] INFO  server.RaftServerConfigKeys (ConfUtils.java:logGet(43)) - raft.server.log.preallocated.size = 16384 (custom)
2019-10-30 05:53:00,714 [pool-42-thread-1] INFO  server.RaftServerConfigKeys (ConfUtils.java:logGet(43)) - raft.server.log.write.buffer.size = 33554432 (custom)
2019-10-30 05:53:00,714 [pool-42-thread-1] INFO  server.RaftServerConfigKeys (ConfUtils.java:logGet(43)) - raft.server.log.force.sync.num = 128 (default)
2019-10-30 05:53:00,714 [pool-42-thread-1] INFO  server.RaftServerConfigKeys (ConfUtils.java:logGet(43)) - raft.server.log.statemachine.data.sync = true (default)
2019-10-30 05:53:00,714 [pool-42-thread-1] INFO  server.RaftServerConfigKeys (ConfUtils.java:logGet(43)) - raft.server.log.statemachine.data.sync.timeout = 10s (default)
2019-10-30 05:53:00,714 [pool-42-thread-1] INFO  server.RaftServerConfigKeys (ConfUtils.java:logGet(43)) - raft.server.log.statemachine.data.sync.timeout.retry = -1 (default)
2019-10-30 05:53:00,715 [pool-42-thread-1] INFO  server.RaftServerConfigKeys (ConfUtils.java:logGet(43)) - raft.server.log.statemachine.data.caching.enabled = true (custom)
2019-10-30 05:53:00,715 [pool-42-thread-1] INFO  segmented.SegmentedRaftLogWorker (SegmentedRaftLogWorker.java:lambda$new$0(128)) - 58095e90-3010-492a-9083-43cf2e035c3f@group-BFA3F9F5DA0C-SegmentedRaftLogWorker: flushIndex: setUnconditionally 0 -> -1
2019-10-30 05:53:00,716 [pool-42-thread-1] INFO  server.RaftServerConfigKeys (ConfUtils.java:logGet(43)) - raft.server.snapshot.auto.trigger.enabled = true (custom)
2019-10-30 05:53:00,716 [pool-42-thread-1] INFO  server.RaftServerConfigKeys (ConfUtils.java:logGet(43)) - raft.server.snapshot.auto.trigger.threshold = 10000 (custom)
2019-10-30 05:53:00,716 [pool-42-thread-1] INFO  server.RaftServerConfigKeys (ConfUtils.java:logGet(43)) - raft.server.snapshot.retention.file.num = 5 (custom)
2019-10-30 05:53:00,716 [pool-42-thread-1] INFO  server.RaftServerConfigKeys (ConfUtils.java:logGet(43)) - raft.server.retrycache.expirytime = 600000ms (custom)
2019-10-30 05:53:00,721 [pool-42-thread-1] INFO  impl.RaftServerImpl (RaftServerImpl.java:start(195)) - 58095e90-3010-492a-9083-43cf2e035c3f@group-BFA3F9F5DA0C: start as a follower, conf=-1: [58095e90-3010-492a-9083-43cf2e035c3f:192.168.34.21:45284], old=null
2019-10-30 05:53:00,721 [pool-42-thread-1] INFO  impl.RaftServerImpl (RaftServerImpl.java:setRole(184)) - 58095e90-3010-492a-9083-43cf2e035c3f@group-BFA3F9F5DA0C: changes role from      null to FOLLOWER at term 0 for startAsFollower
2019-10-30 05:53:00,722 [pool-42-thread-1] INFO  impl.RoleInfo (RoleInfo.java:updateAndGet(143)) - 58095e90-3010-492a-9083-43cf2e035c3f: start FollowerState
2019-10-30 05:53:00,722 [pool-42-thread-1] INFO  util.JmxRegister (JmxRegister.java:tryRegister(44)) - Successfully registered JMX Bean with object name Ratis:service=RaftServer,group=group-BFA3F9F5DA0C,id=58095e90-3010-492a-9083-43cf2e035c3f
2019-10-30 05:53:00,737 [RatisPipelineUtilsThread] INFO  pipeline.PipelineStateManager (PipelineStateManager.java:addPipeline(56)) - Created pipeline Pipeline[ Id: f0c045b0-6281-4d41-b3b6-bfa3f9f5da0c, Nodes: 58095e90-3010-492a-9083-43cf2e035c3f{ip: 192.168.34.21, host: pr-hdds-1643-9kfsj-1164326334, networkLocation: /rack1, certSerialId: null}, Type:RATIS, Factor:ONE, State:OPEN]
2019-10-30 05:53:00,751 [grpc-default-executor-0] INFO  impl.RaftServerProxy (RaftServerProxy.java:addNew(89)) - 9127dd83-037b-4d39-812f-66db56af525a: addNew group-7106F1BA0D70:[9127dd83-037b-4d39-812f-66db56af525a:192.168.34.21:42063] returns group-7106F1BA0D70:java.util.concurrent.CompletableFuture@61cf0824[Not completed]
2019-10-30 05:53:00,753 [pool-52-thread-1] INFO  impl.RaftServerImpl (RaftServerImpl.java:<init>(104)) - 9127dd83-037b-4d39-812f-66db56af525a: new RaftServerImpl for group-7106F1BA0D70:[9127dd83-037b-4d39-812f-66db56af525a:192.168.34.21:42063] with ContainerStateMachine:uninitialized
2019-10-30 05:53:00,753 [pool-52-thread-1] INFO  server.RaftServerConfigKeys (ConfUtils.java:logGet(43)) - raft.server.rpc.timeout.min = 5s (custom)
2019-10-30 05:53:00,753 [pool-52-thread-1] INFO  server.RaftServerConfigKeys (ConfUtils.java:logGet(43)) - raft.server.rpc.timeout.max = 5200ms (custom)
2019-10-30 05:53:00,753 [pool-52-thread-1] INFO  server.RaftServerConfigKeys (ConfUtils.java:logGet(43)) - raft.server.rpcslowness.timeout = 120s (custom)
2019-10-30 05:53:00,753 [pool-52-thread-1] INFO  server.RaftServerConfigKeys (ConfUtils.java:logGet(43)) - raft.server.sleep.deviation.threshold = 300 (default)
2019-10-30 05:53:00,753 [pool-52-thread-1] INFO  server.RaftServerConfigKeys (ConfUtils.java:logGet(43)) - raft.server.log.appender.install.snapshot.enabled = false (custom)
2019-10-30 05:53:00,753 [pool-52-thread-1] INFO  impl.RaftServerImpl (ServerState.java:<init>(103)) - 9127dd83-037b-4d39-812f-66db56af525a@group-7106F1BA0D70: ConfigurationManager, init=-1: [9127dd83-037b-4d39-812f-66db56af525a:192.168.34.21:42063], old=null, confs=<EMPTY_MAP>
2019-10-30 05:53:00,754 [pool-52-thread-1] INFO  server.RaftServerConfigKeys (ConfUtils.java:logGet(43)) - raft.server.storage.dir = [/workdir/hadoop-ozone/integration-test/target/test-dir/MiniOzoneClusterImpl-54112d89-f567-4586-9652-9c819d7a3bb6/datanode-2/data/ratis] (custom)
2019-10-30 05:53:00,754 [pool-52-thread-1] INFO  server.RaftServerConfigKeys (ConfUtils.java:logGet(43)) - raft.server.log.corruption.policy = EXCEPTION (default)
2019-10-30 05:53:00,754 [pool-52-thread-1] INFO  storage.RaftStorageDirectory (RaftStorageDirectory.java:analyzeStorage(246)) - The storage directory /workdir/hadoop-ozone/integration-test/target/test-dir/MiniOzoneClusterImpl-54112d89-f567-4586-9652-9c819d7a3bb6/datanode-2/data/ratis/23b2838d-ba1d-4ff2-ac77-7106f1ba0d70 does not exist. Creating ...
2019-10-30 05:53:00,767 [pool-52-thread-1] INFO  storage.RaftStorageDirectory (RaftStorageDirectory.java:tryLock(328)) - Lock on /workdir/hadoop-ozone/integration-test/target/test-dir/MiniOzoneClusterImpl-54112d89-f567-4586-9652-9c819d7a3bb6/datanode-2/data/ratis/23b2838d-ba1d-4ff2-ac77-7106f1ba0d70/in_use.lock acquired by nodename 2952@pr-hdds-1643-9kfsj-1164326334
2019-10-30 05:53:00,780 [pool-52-thread-1] INFO  storage.RaftStorage (RaftStorage.java:format(84)) - Storage directory /workdir/hadoop-ozone/integration-test/target/test-dir/MiniOzoneClusterImpl-54112d89-f567-4586-9652-9c819d7a3bb6/datanode-2/data/ratis/23b2838d-ba1d-4ff2-ac77-7106f1ba0d70 has been successfully formatted.
2019-10-30 05:53:00,781 [pool-52-thread-1] INFO  ratis.ContainerStateMachine (ContainerStateMachine.java:loadSnapshot(231)) - group-7106F1BA0D70: The snapshot info is null. Setting the last applied indexto:(t:0, i:~)
2019-10-30 05:53:00,781 [pool-52-thread-1] INFO  server.RaftServerConfigKeys (ConfUtils.java:logGet(43)) - raft.server.notification.no-leader.timeout = 120s (custom)
2019-10-30 05:53:00,781 [pool-52-thread-1] INFO  server.RaftServerConfigKeys (ConfUtils.java:logGet(43)) - raft.server.log.use.memory = false (default)
2019-10-30 05:53:00,781 [pool-52-thread-1] INFO  server.RaftServerConfigKeys (ConfUtils.java:logGet(43)) - raft.server.log.purge.gap = 1000000 (custom)
2019-10-30 05:53:00,781 [pool-52-thread-1] INFO  server.RaftServerConfigKeys (ConfUtils.java:logGet(43)) - raft.server.log.appender.buffer.byte-limit = 33554432 (custom)
2019-10-30 05:53:00,781 [pool-52-thread-1] INFO  server.RaftServerConfigKeys (ConfUtils.java:logGet(43)) - raft.server.log.segment.size.max = 1048576 (custom)
2019-10-30 05:53:00,783 [pool-52-thread-1] INFO  server.RaftServerConfigKeys (ConfUtils.java:logGet(43)) - raft.server.log.segment.cache.num.max = 2 (custom)
2019-10-30 05:53:00,783 [pool-52-thread-1] INFO  segmented.SegmentedRaftLogWorker (SegmentedRaftLogWorker.java:<init>(173)) - new 9127dd83-037b-4d39-812f-66db56af525a@group-7106F1BA0D70-SegmentedRaftLogWorker for RaftStorage:Storage Directory /workdir/hadoop-ozone/integration-test/target/test-dir/MiniOzoneClusterImpl-54112d89-f567-4586-9652-9c819d7a3bb6/datanode-2/data/ratis/23b2838d-ba1d-4ff2-ac77-7106f1ba0d70
2019-10-30 05:53:00,783 [pool-52-thread-1] INFO  server.RaftServerConfigKeys (ConfUtils.java:logGet(43)) - raft.server.log.queue.byte-limit = 2147483647 (custom)
2019-10-30 05:53:00,784 [pool-52-thread-1] INFO  server.RaftServerConfigKeys (ConfUtils.java:logGet(43)) - raft.server.log.queue.element-limit = 1024 (custom)
2019-10-30 05:53:00,784 [pool-52-thread-1] INFO  server.RaftServerConfigKeys (ConfUtils.java:logGet(43)) - raft.server.log.segment.size.max = 1048576 (custom)
2019-10-30 05:53:00,784 [pool-52-thread-1] INFO  server.RaftServerConfigKeys (ConfUtils.java:logGet(43)) - raft.server.log.preallocated.size = 16384 (custom)
2019-10-30 05:53:00,784 [pool-52-thread-1] INFO  server.RaftServerConfigKeys (ConfUtils.java:logGet(43)) - raft.server.log.write.buffer.size = 33554432 (custom)
2019-10-30 05:53:00,784 [pool-52-thread-1] INFO  server.RaftServerConfigKeys (ConfUtils.java:logGet(43)) - raft.server.log.force.sync.num = 128 (default)
2019-10-30 05:53:00,784 [pool-52-thread-1] INFO  server.RaftServerConfigKeys (ConfUtils.java:logGet(43)) - raft.server.log.statemachine.data.sync = true (default)
2019-10-30 05:53:00,784 [pool-52-thread-1] INFO  server.RaftServerConfigKeys (ConfUtils.java:logGet(43)) - raft.server.log.statemachine.data.sync.timeout = 10s (default)
2019-10-30 05:53:00,784 [pool-52-thread-1] INFO  server.RaftServerConfigKeys (ConfUtils.java:logGet(43)) - raft.server.log.statemachine.data.sync.timeout.retry = -1 (default)
2019-10-30 05:53:00,785 [pool-52-thread-1] INFO  server.RaftServerConfigKeys (ConfUtils.java:logGet(43)) - raft.server.log.statemachine.data.caching.enabled = true (custom)
2019-10-30 05:53:00,785 [pool-52-thread-1] INFO  segmented.SegmentedRaftLogWorker (SegmentedRaftLogWorker.java:lambda$new$0(128)) - 9127dd83-037b-4d39-812f-66db56af525a@group-7106F1BA0D70-SegmentedRaftLogWorker: flushIndex: setUnconditionally 0 -> -1
2019-10-30 05:53:00,785 [pool-52-thread-1] INFO  server.RaftServerConfigKeys (ConfUtils.java:logGet(43)) - raft.server.snapshot.auto.trigger.enabled = true (custom)
2019-10-30 05:53:00,786 [pool-52-thread-1] INFO  server.RaftServerConfigKeys (ConfUtils.java:logGet(43)) - raft.server.snapshot.auto.trigger.threshold = 10000 (custom)
2019-10-30 05:53:00,786 [pool-52-thread-1] INFO  server.RaftServerConfigKeys (ConfUtils.java:logGet(43)) - raft.server.snapshot.retention.file.num = 5 (custom)
2019-10-30 05:53:00,786 [pool-52-thread-1] INFO  server.RaftServerConfigKeys (ConfUtils.java:logGet(43)) - raft.server.retrycache.expirytime = 600000ms (custom)
2019-10-30 05:53:00,790 [pool-52-thread-1] INFO  impl.RaftServerImpl (RaftServerImpl.java:start(195)) - 9127dd83-037b-4d39-812f-66db56af525a@group-7106F1BA0D70: start as a follower, conf=-1: [9127dd83-037b-4d39-812f-66db56af525a:192.168.34.21:42063], old=null
2019-10-30 05:53:00,790 [pool-52-thread-1] INFO  impl.RaftServerImpl (RaftServerImpl.java:setRole(184)) - 9127dd83-037b-4d39-812f-66db56af525a@group-7106F1BA0D70: changes role from      null to FOLLOWER at term 0 for startAsFollower
2019-10-30 05:53:00,790 [pool-52-thread-1] INFO  impl.RoleInfo (RoleInfo.java:updateAndGet(143)) - 9127dd83-037b-4d39-812f-66db56af525a: start FollowerState
2019-10-30 05:53:00,790 [pool-52-thread-1] INFO  util.JmxRegister (JmxRegister.java:tryRegister(44)) - Successfully registered JMX Bean with object name Ratis:service=RaftServer,group=group-7106F1BA0D70,id=9127dd83-037b-4d39-812f-66db56af525a
2019-10-30 05:53:00,799 [RatisPipelineUtilsThread] INFO  pipeline.PipelineStateManager (PipelineStateManager.java:addPipeline(56)) - Created pipeline Pipeline[ Id: 23b2838d-ba1d-4ff2-ac77-7106f1ba0d70, Nodes: 9127dd83-037b-4d39-812f-66db56af525a{ip: 192.168.34.21, host: pr-hdds-1643-9kfsj-1164326334, networkLocation: /rack1, certSerialId: null}, Type:RATIS, Factor:ONE, State:OPEN]
2019-10-30 05:53:00,809 [grpc-default-executor-0] INFO  impl.RaftServerProxy (RaftServerProxy.java:addNew(89)) - b73f6112-36bf-4203-bb95-1638b8ee110c: addNew group-A120079961F4:[b73f6112-36bf-4203-bb95-1638b8ee110c:192.168.34.21:33911] returns group-A120079961F4:java.util.concurrent.CompletableFuture@5b87a533[Not completed]
2019-10-30 05:53:00,810 [pool-62-thread-1] INFO  impl.RaftServerImpl (RaftServerImpl.java:<init>(104)) - b73f6112-36bf-4203-bb95-1638b8ee110c: new RaftServerImpl for group-A120079961F4:[b73f6112-36bf-4203-bb95-1638b8ee110c:192.168.34.21:33911] with ContainerStateMachine:uninitialized
2019-10-30 05:53:00,811 [pool-62-thread-1] INFO  server.RaftServerConfigKeys (ConfUtils.java:logGet(43)) - raft.server.rpc.timeout.min = 5s (custom)
2019-10-30 05:53:00,811 [pool-62-thread-1] INFO  server.RaftServerConfigKeys (ConfUtils.java:logGet(43)) - raft.server.rpc.timeout.max = 5200ms (custom)
2019-10-30 05:53:00,811 [pool-62-thread-1] INFO  server.RaftServerConfigKeys (ConfUtils.java:logGet(43)) - raft.server.rpcslowness.timeout = 120s (custom)
2019-10-30 05:53:00,811 [pool-62-thread-1] INFO  server.RaftServerConfigKeys (ConfUtils.java:logGet(43)) - raft.server.sleep.deviation.threshold = 300 (default)
2019-10-30 05:53:00,811 [pool-62-thread-1] INFO  server.RaftServerConfigKeys (ConfUtils.java:logGet(43)) - raft.server.log.appender.install.snapshot.enabled = false (custom)
2019-10-30 05:53:00,811 [pool-62-thread-1] INFO  impl.RaftServerImpl (ServerState.java:<init>(103)) - b73f6112-36bf-4203-bb95-1638b8ee110c@group-A120079961F4: ConfigurationManager, init=-1: [b73f6112-36bf-4203-bb95-1638b8ee110c:192.168.34.21:33911], old=null, confs=<EMPTY_MAP>
2019-10-30 05:53:00,811 [pool-62-thread-1] INFO  server.RaftServerConfigKeys (ConfUtils.java:logGet(43)) - raft.server.storage.dir = [/workdir/hadoop-ozone/integration-test/target/test-dir/MiniOzoneClusterImpl-54112d89-f567-4586-9652-9c819d7a3bb6/datanode-3/data/ratis] (custom)
2019-10-30 05:53:00,812 [pool-62-thread-1] INFO  server.RaftServerConfigKeys (ConfUtils.java:logGet(43)) - raft.server.log.corruption.policy = EXCEPTION (default)
2019-10-30 05:53:00,812 [pool-62-thread-1] INFO  storage.RaftStorageDirectory (RaftStorageDirectory.java:analyzeStorage(246)) - The storage directory /workdir/hadoop-ozone/integration-test/target/test-dir/MiniOzoneClusterImpl-54112d89-f567-4586-9652-9c819d7a3bb6/datanode-3/data/ratis/52fa0e63-0de3-47e9-8d45-a120079961f4 does not exist. Creating ...
2019-10-30 05:53:00,821 [Thread-206] INFO  impl.FollowerState (FollowerState.java:run(108)) - 58095e90-3010-492a-9083-43cf2e035c3f@group-BFA3F9F5DA0C-FollowerState: change to CANDIDATE, lastRpcTime:99ms, electionTimeout:99ms
2019-10-30 05:53:00,821 [Thread-206] INFO  impl.RoleInfo (RoleInfo.java:shutdownFollowerState(121)) - 58095e90-3010-492a-9083-43cf2e035c3f: shutdown FollowerState
2019-10-30 05:53:00,822 [Thread-206] INFO  impl.RaftServerImpl (RaftServerImpl.java:setRole(184)) - 58095e90-3010-492a-9083-43cf2e035c3f@group-BFA3F9F5DA0C: changes role from  FOLLOWER to CANDIDATE at term 0 for changeToCandidate
2019-10-30 05:53:00,822 [Thread-206] INFO  impl.RoleInfo (RoleInfo.java:updateAndGet(143)) - 58095e90-3010-492a-9083-43cf2e035c3f: start LeaderElection
2019-10-30 05:53:00,825 [pool-62-thread-1] INFO  storage.RaftStorageDirectory (RaftStorageDirectory.java:tryLock(328)) - Lock on /workdir/hadoop-ozone/integration-test/target/test-dir/MiniOzoneClusterImpl-54112d89-f567-4586-9652-9c819d7a3bb6/datanode-3/data/ratis/52fa0e63-0de3-47e9-8d45-a120079961f4/in_use.lock acquired by nodename 2952@pr-hdds-1643-9kfsj-1164326334
2019-10-30 05:53:00,827 [pool-62-thread-1] INFO  storage.RaftStorage (RaftStorage.java:format(84)) - Storage directory /workdir/hadoop-ozone/integration-test/target/test-dir/MiniOzoneClusterImpl-54112d89-f567-4586-9652-9c819d7a3bb6/datanode-3/data/ratis/52fa0e63-0de3-47e9-8d45-a120079961f4 has been successfully formatted.
2019-10-30 05:53:00,827 [58095e90-3010-492a-9083-43cf2e035c3f@group-BFA3F9F5DA0C-LeaderElection3] INFO  impl.LeaderElection (LeaderElection.java:askForVotes(178)) - 58095e90-3010-492a-9083-43cf2e035c3f@group-BFA3F9F5DA0C-LeaderElection3: begin an election at term 1 for -1: [58095e90-3010-492a-9083-43cf2e035c3f:192.168.34.21:45284], old=null
2019-10-30 05:53:00,828 [pool-62-thread-1] INFO  ratis.ContainerStateMachine (ContainerStateMachine.java:loadSnapshot(231)) - group-A120079961F4: The snapshot info is null. Setting the last applied indexto:(t:0, i:~)
2019-10-30 05:53:00,828 [58095e90-3010-492a-9083-43cf2e035c3f@group-BFA3F9F5DA0C-LeaderElection3] INFO  impl.RoleInfo (RoleInfo.java:shutdownLeaderElection(134)) - 58095e90-3010-492a-9083-43cf2e035c3f: shutdown LeaderElection
2019-10-30 05:53:00,828 [pool-62-thread-1] INFO  server.RaftServerConfigKeys (ConfUtils.java:logGet(43)) - raft.server.notification.no-leader.timeout = 120s (custom)
2019-10-30 05:53:00,828 [58095e90-3010-492a-9083-43cf2e035c3f@group-BFA3F9F5DA0C-LeaderElection3] INFO  impl.RaftServerImpl (RaftServerImpl.java:setRole(184)) - 58095e90-3010-492a-9083-43cf2e035c3f@group-BFA3F9F5DA0C: changes role from CANDIDATE to LEADER at term 1 for changeToLeader
2019-10-30 05:53:00,828 [pool-62-thread-1] INFO  server.RaftServerConfigKeys (ConfUtils.java:logGet(43)) - raft.server.log.use.memory = false (default)
2019-10-30 05:53:00,828 [58095e90-3010-492a-9083-43cf2e035c3f@group-BFA3F9F5DA0C-LeaderElection3] INFO  impl.RaftServerImpl (ServerState.java:setLeader(256)) - 58095e90-3010-492a-9083-43cf2e035c3f@group-BFA3F9F5DA0C: change Leader from null to 58095e90-3010-492a-9083-43cf2e035c3f at term 1 for becomeLeader, leader elected after 118ms
2019-10-30 05:53:00,828 [pool-62-thread-1] INFO  server.RaftServerConfigKeys (ConfUtils.java:logGet(43)) - raft.server.log.purge.gap = 1000000 (custom)
2019-10-30 05:53:00,829 [58095e90-3010-492a-9083-43cf2e035c3f@group-BFA3F9F5DA0C-LeaderElection3] INFO  server.RaftServerConfigKeys (ConfUtils.java:logGet(43)) - raft.server.staging.catchup.gap = 1000 (default)
2019-10-30 05:53:00,829 [pool-62-thread-1] INFO  server.RaftServerConfigKeys (ConfUtils.java:logGet(43)) - raft.server.log.appender.buffer.byte-limit = 33554432 (custom)
2019-10-30 05:53:00,829 [58095e90-3010-492a-9083-43cf2e035c3f@group-BFA3F9F5DA0C-LeaderElection3] INFO  server.RaftServerConfigKeys (ConfUtils.java:logGet(43)) - raft.server.rpc.sleep.time = 25ms (default)
2019-10-30 05:53:00,829 [pool-62-thread-1] INFO  server.RaftServerConfigKeys (ConfUtils.java:logGet(43)) - raft.server.log.segment.size.max = 1048576 (custom)
2019-10-30 05:53:00,829 [58095e90-3010-492a-9083-43cf2e035c3f@group-BFA3F9F5DA0C-LeaderElection3] INFO  server.RaftServerConfigKeys (ConfUtils.java:logGet(43)) - raft.server.write.element-limit = 4096 (default)
2019-10-30 05:53:00,830 [58095e90-3010-492a-9083-43cf2e035c3f@group-BFA3F9F5DA0C-LeaderElection3] INFO  server.RaftServerConfigKeys (ConfUtils.java:logGet(43)) - raft.server.watch.timeout = 10s (default)
2019-10-30 05:53:00,830 [58095e90-3010-492a-9083-43cf2e035c3f@group-BFA3F9F5DA0C-LeaderElection3] INFO  server.RaftServerConfigKeys (ConfUtils.java:logGet(43)) - raft.server.watch.timeout.denomination = 1s (default)
2019-10-30 05:53:00,830 [58095e90-3010-492a-9083-43cf2e035c3f@group-BFA3F9F5DA0C-LeaderElection3] INFO  server.RaftServerConfigKeys (ConfUtils.java:logGet(43)) - raft.server.watch.element-limit = 65536 (default)
2019-10-30 05:53:00,831 [pool-62-thread-1] INFO  server.RaftServerConfigKeys (ConfUtils.java:logGet(43)) - raft.server.log.segment.cache.num.max = 2 (custom)
2019-10-30 05:53:00,831 [pool-62-thread-1] INFO  segmented.SegmentedRaftLogWorker (SegmentedRaftLogWorker.java:<init>(173)) - new b73f6112-36bf-4203-bb95-1638b8ee110c@group-A120079961F4-SegmentedRaftLogWorker for RaftStorage:Storage Directory /workdir/hadoop-ozone/integration-test/target/test-dir/MiniOzoneClusterImpl-54112d89-f567-4586-9652-9c819d7a3bb6/datanode-3/data/ratis/52fa0e63-0de3-47e9-8d45-a120079961f4
2019-10-30 05:53:00,831 [pool-62-thread-1] INFO  server.RaftServerConfigKeys (ConfUtils.java:logGet(43)) - raft.server.log.queue.byte-limit = 2147483647 (custom)
2019-10-30 05:53:00,831 [pool-62-thread-1] INFO  server.RaftServerConfigKeys (ConfUtils.java:logGet(43)) - raft.server.log.queue.element-limit = 1024 (custom)
2019-10-30 05:53:00,831 [pool-62-thread-1] INFO  server.RaftServerConfigKeys (ConfUtils.java:logGet(43)) - raft.server.log.segment.size.max = 1048576 (custom)
2019-10-30 05:53:00,831 [pool-62-thread-1] INFO  server.RaftServerConfigKeys (ConfUtils.java:logGet(43)) - raft.server.log.preallocated.size = 16384 (custom)
2019-10-30 05:53:00,831 [pool-62-thread-1] INFO  server.RaftServerConfigKeys (ConfUtils.java:logGet(43)) - raft.server.log.write.buffer.size = 33554432 (custom)
2019-10-30 05:53:00,831 [pool-62-thread-1] INFO  server.RaftServerConfigKeys (ConfUtils.java:logGet(43)) - raft.server.log.force.sync.num = 128 (default)
2019-10-30 05:53:00,831 [pool-62-thread-1] INFO  server.RaftServerConfigKeys (ConfUtils.java:logGet(43)) - raft.server.log.statemachine.data.sync = true (default)
2019-10-30 05:53:00,832 [pool-62-thread-1] INFO  server.RaftServerConfigKeys (ConfUtils.java:logGet(43)) - raft.server.log.statemachine.data.sync.timeout = 10s (default)
2019-10-30 05:53:00,832 [pool-62-thread-1] INFO  server.RaftServerConfigKeys (ConfUtils.java:logGet(43)) - raft.server.log.statemachine.data.sync.timeout.retry = -1 (default)
2019-10-30 05:53:00,832 [pool-62-thread-1] INFO  server.RaftServerConfigKeys (ConfUtils.java:logGet(43)) - raft.server.log.statemachine.data.caching.enabled = true (custom)
2019-10-30 05:53:00,832 [pool-62-thread-1] INFO  segmented.SegmentedRaftLogWorker (SegmentedRaftLogWorker.java:lambda$new$0(128)) - b73f6112-36bf-4203-bb95-1638b8ee110c@group-A120079961F4-SegmentedRaftLogWorker: flushIndex: setUnconditionally 0 -> -1
2019-10-30 05:53:00,833 [58095e90-3010-492a-9083-43cf2e035c3f@group-BFA3F9F5DA0C-LeaderElection3] INFO  impl.RoleInfo (RoleInfo.java:updateAndGet(143)) - 58095e90-3010-492a-9083-43cf2e035c3f: start LeaderState
2019-10-30 05:53:00,833 [pool-62-thread-1] INFO  server.RaftServerConfigKeys (ConfUtils.java:logGet(43)) - raft.server.snapshot.auto.trigger.enabled = true (custom)
2019-10-30 05:53:00,833 [pool-62-thread-1] INFO  server.RaftServerConfigKeys (ConfUtils.java:logGet(43)) - raft.server.snapshot.auto.trigger.threshold = 10000 (custom)
2019-10-30 05:53:00,833 [pool-62-thread-1] INFO  server.RaftServerConfigKeys (ConfUtils.java:logGet(43)) - raft.server.snapshot.retention.file.num = 5 (custom)
2019-10-30 05:53:00,833 [58095e90-3010-492a-9083-43cf2e035c3f@group-BFA3F9F5DA0C-LeaderElection3] INFO  segmented.SegmentedRaftLogWorker (SegmentedRaftLogWorker.java:startLogSegment(385)) - 58095e90-3010-492a-9083-43cf2e035c3f@group-BFA3F9F5DA0C-SegmentedRaftLogWorker: Starting segment from index:0
2019-10-30 05:53:00,833 [pool-62-thread-1] INFO  server.RaftServerConfigKeys (ConfUtils.java:logGet(43)) - raft.server.retrycache.expirytime = 600000ms (custom)
2019-10-30 05:53:00,834 [58095e90-3010-492a-9083-43cf2e035c3f@group-BFA3F9F5DA0C-LeaderElection3] INFO  impl.RaftServerImpl (ServerState.java:setRaftConf(357)) - 58095e90-3010-492a-9083-43cf2e035c3f@group-BFA3F9F5DA0C: set configuration 0: [58095e90-3010-492a-9083-43cf2e035c3f:192.168.34.21:45284], old=null at 0
2019-10-30 05:53:00,848 [pool-62-thread-1] INFO  impl.RaftServerImpl (RaftServerImpl.java:start(195)) - b73f6112-36bf-4203-bb95-1638b8ee110c@group-A120079961F4: start as a follower, conf=-1: [b73f6112-36bf-4203-bb95-1638b8ee110c:192.168.34.21:33911], old=null
2019-10-30 05:53:00,849 [pool-62-thread-1] INFO  impl.RaftServerImpl (RaftServerImpl.java:setRole(184)) - b73f6112-36bf-4203-bb95-1638b8ee110c@group-A120079961F4: changes role from      null to FOLLOWER at term 0 for startAsFollower
2019-10-30 05:53:00,849 [pool-62-thread-1] INFO  impl.RoleInfo (RoleInfo.java:updateAndGet(143)) - b73f6112-36bf-4203-bb95-1638b8ee110c: start FollowerState
2019-10-30 05:53:00,849 [pool-62-thread-1] INFO  util.JmxRegister (JmxRegister.java:tryRegister(44)) - Successfully registered JMX Bean with object name Ratis:service=RaftServer,group=group-A120079961F4,id=b73f6112-36bf-4203-bb95-1638b8ee110c
2019-10-30 05:53:00,857 [RatisPipelineUtilsThread] INFO  pipeline.PipelineStateManager (PipelineStateManager.java:addPipeline(56)) - Created pipeline Pipeline[ Id: 52fa0e63-0de3-47e9-8d45-a120079961f4, Nodes: b73f6112-36bf-4203-bb95-1638b8ee110c{ip: 192.168.34.21, host: pr-hdds-1643-9kfsj-1164326334, networkLocation: /rack1, certSerialId: null}, Type:RATIS, Factor:ONE, State:OPEN]
2019-10-30 05:53:00,858 [58095e90-3010-492a-9083-43cf2e035c3f@group-BFA3F9F5DA0C-SegmentedRaftLogWorker] INFO  segmented.SegmentedRaftLogWorker (SegmentedRaftLogWorker.java:execute(576)) - 58095e90-3010-492a-9083-43cf2e035c3f@group-BFA3F9F5DA0C-SegmentedRaftLogWorker: created new log segment /workdir/hadoop-ozone/integration-test/target/test-dir/MiniOzoneClusterImpl-54112d89-f567-4586-9652-9c819d7a3bb6/datanode-1/data/ratis/f0c045b0-6281-4d41-b3b6-bfa3f9f5da0c/current/log_inprogress_0
2019-10-30 05:53:00,880 [Thread-209] INFO  impl.FollowerState (FollowerState.java:run(108)) - 9127dd83-037b-4d39-812f-66db56af525a@group-7106F1BA0D70-FollowerState: change to CANDIDATE, lastRpcTime:90ms, electionTimeout:90ms
2019-10-30 05:53:00,881 [Thread-209] INFO  impl.RoleInfo (RoleInfo.java:shutdownFollowerState(121)) - 9127dd83-037b-4d39-812f-66db56af525a: shutdown FollowerState
2019-10-30 05:53:00,881 [Thread-209] INFO  impl.RaftServerImpl (RaftServerImpl.java:setRole(184)) - 9127dd83-037b-4d39-812f-66db56af525a@group-7106F1BA0D70: changes role from  FOLLOWER to CANDIDATE at term 0 for changeToCandidate
2019-10-30 05:53:00,882 [Thread-209] INFO  impl.RoleInfo (RoleInfo.java:updateAndGet(143)) - 9127dd83-037b-4d39-812f-66db56af525a: start LeaderElection
2019-10-30 05:53:00,885 [grpc-default-executor-2] INFO  impl.RaftServerProxy (RaftServerProxy.java:addNew(89)) - 58095e90-3010-492a-9083-43cf2e035c3f: addNew group-BCADF287A12B:[7fae3aed-4e76-4283-a599-f93f794625ab:192.168.34.21:41352, 58095e90-3010-492a-9083-43cf2e035c3f:192.168.34.21:45284, 9127dd83-037b-4d39-812f-66db56af525a:192.168.34.21:42063] returns group-BCADF287A12B:java.util.concurrent.CompletableFuture@126ba6f9[Not completed]
2019-10-30 05:53:00,891 [pool-42-thread-1] INFO  impl.RaftServerImpl (RaftServerImpl.java:<init>(104)) - 58095e90-3010-492a-9083-43cf2e035c3f: new RaftServerImpl for group-BCADF287A12B:[7fae3aed-4e76-4283-a599-f93f794625ab:192.168.34.21:41352, 58095e90-3010-492a-9083-43cf2e035c3f:192.168.34.21:45284, 9127dd83-037b-4d39-812f-66db56af525a:192.168.34.21:42063] with ContainerStateMachine:uninitialized
2019-10-30 05:53:00,891 [pool-42-thread-1] INFO  server.RaftServerConfigKeys (ConfUtils.java:logGet(43)) - raft.server.rpc.timeout.min = 5s (custom)
2019-10-30 05:53:00,891 [grpc-default-executor-2] INFO  impl.RaftServerProxy (RaftServerProxy.java:addNew(89)) - 9127dd83-037b-4d39-812f-66db56af525a: addNew group-BCADF287A12B:[7fae3aed-4e76-4283-a599-f93f794625ab:192.168.34.21:41352, 58095e90-3010-492a-9083-43cf2e035c3f:192.168.34.21:45284, 9127dd83-037b-4d39-812f-66db56af525a:192.168.34.21:42063] returns group-BCADF287A12B:java.util.concurrent.CompletableFuture@1654206c[Not completed]
2019-10-30 05:53:00,891 [pool-42-thread-1] INFO  server.RaftServerConfigKeys (ConfUtils.java:logGet(43)) - raft.server.rpc.timeout.max = 5200ms (custom)
2019-10-30 05:53:00,891 [grpc-default-executor-1] INFO  impl.RaftServerProxy (RaftServerProxy.java:addNew(89)) - 7fae3aed-4e76-4283-a599-f93f794625ab: addNew group-BCADF287A12B:[7fae3aed-4e76-4283-a599-f93f794625ab:192.168.34.21:41352, 58095e90-3010-492a-9083-43cf2e035c3f:192.168.34.21:45284, 9127dd83-037b-4d39-812f-66db56af525a:192.168.34.21:42063] returns group-BCADF287A12B:java.util.concurrent.CompletableFuture@39a003f7[Not completed]
2019-10-30 05:53:00,891 [pool-42-thread-1] INFO  server.RaftServerConfigKeys (ConfUtils.java:logGet(43)) - raft.server.rpcslowness.timeout = 120s (custom)
2019-10-30 05:53:00,891 [pool-42-thread-1] INFO  server.RaftServerConfigKeys (ConfUtils.java:logGet(43)) - raft.server.sleep.deviation.threshold = 300 (default)
2019-10-30 05:53:00,891 [pool-42-thread-1] INFO  server.RaftServerConfigKeys (ConfUtils.java:logGet(43)) - raft.server.log.appender.install.snapshot.enabled = false (custom)
2019-10-30 05:53:00,892 [pool-42-thread-1] INFO  impl.RaftServerImpl (ServerState.java:<init>(103)) - 58095e90-3010-492a-9083-43cf2e035c3f@group-BCADF287A12B: ConfigurationManager, init=-1: [7fae3aed-4e76-4283-a599-f93f794625ab:192.168.34.21:41352, 58095e90-3010-492a-9083-43cf2e035c3f:192.168.34.21:45284, 9127dd83-037b-4d39-812f-66db56af525a:192.168.34.21:42063], old=null, confs=<EMPTY_MAP>
2019-10-30 05:53:00,892 [pool-42-thread-1] INFO  server.RaftServerConfigKeys (ConfUtils.java:logGet(43)) - raft.server.storage.dir = [/workdir/hadoop-ozone/integration-test/target/test-dir/MiniOzoneClusterImpl-54112d89-f567-4586-9652-9c819d7a3bb6/datanode-1/data/ratis] (custom)
2019-10-30 05:53:00,892 [pool-42-thread-1] INFO  server.RaftServerConfigKeys (ConfUtils.java:logGet(43)) - raft.server.log.corruption.policy = EXCEPTION (default)
2019-10-30 05:53:00,892 [9127dd83-037b-4d39-812f-66db56af525a@group-7106F1BA0D70-LeaderElection4] INFO  impl.LeaderElection (LeaderElection.java:askForVotes(178)) - 9127dd83-037b-4d39-812f-66db56af525a@group-7106F1BA0D70-LeaderElection4: begin an election at term 1 for -1: [9127dd83-037b-4d39-812f-66db56af525a:192.168.34.21:42063], old=null
2019-10-30 05:53:00,892 [pool-52-thread-1] INFO  impl.RaftServerImpl (RaftServerImpl.java:<init>(104)) - 9127dd83-037b-4d39-812f-66db56af525a: new RaftServerImpl for group-BCADF287A12B:[7fae3aed-4e76-4283-a599-f93f794625ab:192.168.34.21:41352, 58095e90-3010-492a-9083-43cf2e035c3f:192.168.34.21:45284, 9127dd83-037b-4d39-812f-66db56af525a:192.168.34.21:42063] with ContainerStateMachine:uninitialized
2019-10-30 05:53:00,892 [pool-42-thread-1] INFO  storage.RaftStorageDirectory (RaftStorageDirectory.java:analyzeStorage(246)) - The storage directory /workdir/hadoop-ozone/integration-test/target/test-dir/MiniOzoneClusterImpl-54112d89-f567-4586-9652-9c819d7a3bb6/datanode-1/data/ratis/f296a12d-160e-40a6-852b-bcadf287a12b does not exist. Creating ...
2019-10-30 05:53:00,892 [pool-52-thread-1] INFO  server.RaftServerConfigKeys (ConfUtils.java:logGet(43)) - raft.server.rpc.timeout.min = 5s (custom)
2019-10-30 05:53:00,892 [9127dd83-037b-4d39-812f-66db56af525a@group-7106F1BA0D70-LeaderElection4] INFO  impl.RoleInfo (RoleInfo.java:shutdownLeaderElection(134)) - 9127dd83-037b-4d39-812f-66db56af525a: shutdown LeaderElection
2019-10-30 05:53:00,893 [pool-52-thread-1] INFO  server.RaftServerConfigKeys (ConfUtils.java:logGet(43)) - raft.server.rpc.timeout.max = 5200ms (custom)
2019-10-30 05:53:00,893 [pool-52-thread-1] INFO  server.RaftServerConfigKeys (ConfUtils.java:logGet(43)) - raft.server.rpcslowness.timeout = 120s (custom)
2019-10-30 05:53:00,893 [pool-32-thread-1] INFO  impl.RaftServerImpl (RaftServerImpl.java:<init>(104)) - 7fae3aed-4e76-4283-a599-f93f794625ab: new RaftServerImpl for group-BCADF287A12B:[7fae3aed-4e76-4283-a599-f93f794625ab:192.168.34.21:41352, 58095e90-3010-492a-9083-43cf2e035c3f:192.168.34.21:45284, 9127dd83-037b-4d39-812f-66db56af525a:192.168.34.21:42063] with ContainerStateMachine:uninitialized
2019-10-30 05:53:00,893 [9127dd83-037b-4d39-812f-66db56af525a@group-7106F1BA0D70-LeaderElection4] INFO  impl.RaftServerImpl (RaftServerImpl.java:setRole(184)) - 9127dd83-037b-4d39-812f-66db56af525a@group-7106F1BA0D70: changes role from CANDIDATE to LEADER at term 1 for changeToLeader
2019-10-30 05:53:00,893 [pool-32-thread-1] INFO  server.RaftServerConfigKeys (ConfUtils.java:logGet(43)) - raft.server.rpc.timeout.min = 5s (custom)
2019-10-30 05:53:00,893 [pool-52-thread-1] INFO  server.RaftServerConfigKeys (ConfUtils.java:logGet(43)) - raft.server.sleep.deviation.threshold = 300 (default)
2019-10-30 05:53:00,893 [pool-32-thread-1] INFO  server.RaftServerConfigKeys (ConfUtils.java:logGet(43)) - raft.server.rpc.timeout.max = 5200ms (custom)
2019-10-30 05:53:00,893 [9127dd83-037b-4d39-812f-66db56af525a@group-7106F1BA0D70-LeaderElection4] INFO  impl.RaftServerImpl (ServerState.java:setLeader(256)) - 9127dd83-037b-4d39-812f-66db56af525a@group-7106F1BA0D70: change Leader from null to 9127dd83-037b-4d39-812f-66db56af525a at term 1 for becomeLeader, leader elected after 112ms
2019-10-30 05:53:00,893 [pool-32-thread-1] INFO  server.RaftServerConfigKeys (ConfUtils.java:logGet(43)) - raft.server.rpcslowness.timeout = 120s (custom)
2019-10-30 05:53:00,893 [pool-52-thread-1] INFO  server.RaftServerConfigKeys (ConfUtils.java:logGet(43)) - raft.server.log.appender.install.snapshot.enabled = false (custom)
2019-10-30 05:53:00,894 [9127dd83-037b-4d39-812f-66db56af525a@group-7106F1BA0D70-LeaderElection4] INFO  server.RaftServerConfigKeys (ConfUtils.java:logGet(43)) - raft.server.staging.catchup.gap = 1000 (default)
2019-10-30 05:53:00,894 [pool-32-thread-1] INFO  server.RaftServerConfigKeys (ConfUtils.java:logGet(43)) - raft.server.sleep.deviation.threshold = 300 (default)
2019-10-30 05:53:00,894 [9127dd83-037b-4d39-812f-66db56af525a@group-7106F1BA0D70-LeaderElection4] INFO  server.RaftServerConfigKeys (ConfUtils.java:logGet(43)) - raft.server.rpc.sleep.time = 25ms (default)
2019-10-30 05:53:00,894 [pool-52-thread-1] INFO  impl.RaftServerImpl (ServerState.java:<init>(103)) - 9127dd83-037b-4d39-812f-66db56af525a@group-BCADF287A12B: ConfigurationManager, init=-1: [7fae3aed-4e76-4283-a599-f93f794625ab:192.168.34.21:41352, 58095e90-3010-492a-9083-43cf2e035c3f:192.168.34.21:45284, 9127dd83-037b-4d39-812f-66db56af525a:192.168.34.21:42063], old=null, confs=<EMPTY_MAP>
2019-10-30 05:53:00,894 [pool-32-thread-1] INFO  server.RaftServerConfigKeys (ConfUtils.java:logGet(43)) - raft.server.log.appender.install.snapshot.enabled = false (custom)
2019-10-30 05:53:00,894 [pool-52-thread-1] INFO  server.RaftServerConfigKeys (ConfUtils.java:logGet(43)) - raft.server.storage.dir = [/workdir/hadoop-ozone/integration-test/target/test-dir/MiniOzoneClusterImpl-54112d89-f567-4586-9652-9c819d7a3bb6/datanode-2/data/ratis] (custom)
2019-10-30 05:53:00,894 [pool-32-thread-1] INFO  impl.RaftServerImpl (ServerState.java:<init>(103)) - 7fae3aed-4e76-4283-a599-f93f794625ab@group-BCADF287A12B: ConfigurationManager, init=-1: [7fae3aed-4e76-4283-a599-f93f794625ab:192.168.34.21:41352, 58095e90-3010-492a-9083-43cf2e035c3f:192.168.34.21:45284, 9127dd83-037b-4d39-812f-66db56af525a:192.168.34.21:42063], old=null, confs=<EMPTY_MAP>
2019-10-30 05:53:00,894 [9127dd83-037b-4d39-812f-66db56af525a@group-7106F1BA0D70-LeaderElection4] INFO  server.RaftServerConfigKeys (ConfUtils.java:logGet(43)) - raft.server.write.element-limit = 4096 (default)
2019-10-30 05:53:00,895 [pool-52-thread-1] INFO  server.RaftServerConfigKeys (ConfUtils.java:logGet(43)) - raft.server.log.corruption.policy = EXCEPTION (default)
2019-10-30 05:53:00,895 [pool-32-thread-1] INFO  server.RaftServerConfigKeys (ConfUtils.java:logGet(43)) - raft.server.storage.dir = [/workdir/hadoop-ozone/integration-test/target/test-dir/MiniOzoneClusterImpl-54112d89-f567-4586-9652-9c819d7a3bb6/datanode-0/data/ratis] (custom)
2019-10-30 05:53:00,895 [9127dd83-037b-4d39-812f-66db56af525a@group-7106F1BA0D70-LeaderElection4] INFO  server.RaftServerConfigKeys (ConfUtils.java:logGet(43)) - raft.server.watch.timeout = 10s (default)
2019-10-30 05:53:00,895 [pool-32-thread-1] INFO  server.RaftServerConfigKeys (ConfUtils.java:logGet(43)) - raft.server.log.corruption.policy = EXCEPTION (default)
2019-10-30 05:53:00,895 [pool-52-thread-1] INFO  storage.RaftStorageDirectory (RaftStorageDirectory.java:analyzeStorage(246)) - The storage directory /workdir/hadoop-ozone/integration-test/target/test-dir/MiniOzoneClusterImpl-54112d89-f567-4586-9652-9c819d7a3bb6/datanode-2/data/ratis/f296a12d-160e-40a6-852b-bcadf287a12b does not exist. Creating ...
2019-10-30 05:53:00,895 [pool-32-thread-1] INFO  storage.RaftStorageDirectory (RaftStorageDirectory.java:analyzeStorage(246)) - The storage directory /workdir/hadoop-ozone/integration-test/target/test-dir/MiniOzoneClusterImpl-54112d89-f567-4586-9652-9c819d7a3bb6/datanode-0/data/ratis/f296a12d-160e-40a6-852b-bcadf287a12b does not exist. Creating ...
2019-10-30 05:53:00,895 [9127dd83-037b-4d39-812f-66db56af525a@group-7106F1BA0D70-LeaderElection4] INFO  server.RaftServerConfigKeys (ConfUtils.java:logGet(43)) - raft.server.watch.timeout.denomination = 1s (default)
2019-10-30 05:53:00,895 [pool-42-thread-1] INFO  storage.RaftStorageDirectory (RaftStorageDirectory.java:tryLock(328)) - Lock on /workdir/hadoop-ozone/integration-test/target/test-dir/MiniOzoneClusterImpl-54112d89-f567-4586-9652-9c819d7a3bb6/datanode-1/data/ratis/f296a12d-160e-40a6-852b-bcadf287a12b/in_use.lock acquired by nodename 2952@pr-hdds-1643-9kfsj-1164326334
2019-10-30 05:53:00,895 [9127dd83-037b-4d39-812f-66db56af525a@group-7106F1BA0D70-LeaderElection4] INFO  server.RaftServerConfigKeys (ConfUtils.java:logGet(43)) - raft.server.watch.element-limit = 65536 (default)
2019-10-30 05:53:00,898 [9127dd83-037b-4d39-812f-66db56af525a@group-7106F1BA0D70-LeaderElection4] INFO  impl.RoleInfo (RoleInfo.java:updateAndGet(143)) - 9127dd83-037b-4d39-812f-66db56af525a: start LeaderState
2019-10-30 05:53:00,898 [9127dd83-037b-4d39-812f-66db56af525a@group-7106F1BA0D70-LeaderElection4] INFO  segmented.SegmentedRaftLogWorker (SegmentedRaftLogWorker.java:startLogSegment(385)) - 9127dd83-037b-4d39-812f-66db56af525a@group-7106F1BA0D70-SegmentedRaftLogWorker: Starting segment from index:0
2019-10-30 05:53:00,898 [pool-42-thread-1] INFO  storage.RaftStorage (RaftStorage.java:format(84)) - Storage directory /workdir/hadoop-ozone/integration-test/target/test-dir/MiniOzoneClusterImpl-54112d89-f567-4586-9652-9c819d7a3bb6/datanode-1/data/ratis/f296a12d-160e-40a6-852b-bcadf287a12b has been successfully formatted.
2019-10-30 05:53:00,898 [pool-32-thread-1] INFO  storage.RaftStorageDirectory (RaftStorageDirectory.java:tryLock(328)) - Lock on /workdir/hadoop-ozone/integration-test/target/test-dir/MiniOzoneClusterImpl-54112d89-f567-4586-9652-9c819d7a3bb6/datanode-0/data/ratis/f296a12d-160e-40a6-852b-bcadf287a12b/in_use.lock acquired by nodename 2952@pr-hdds-1643-9kfsj-1164326334
2019-10-30 05:53:00,898 [pool-52-thread-1] INFO  storage.RaftStorageDirectory (RaftStorageDirectory.java:tryLock(328)) - Lock on /workdir/hadoop-ozone/integration-test/target/test-dir/MiniOzoneClusterImpl-54112d89-f567-4586-9652-9c819d7a3bb6/datanode-2/data/ratis/f296a12d-160e-40a6-852b-bcadf287a12b/in_use.lock acquired by nodename 2952@pr-hdds-1643-9kfsj-1164326334
2019-10-30 05:53:00,899 [pool-42-thread-1] INFO  ratis.ContainerStateMachine (ContainerStateMachine.java:loadSnapshot(231)) - group-BCADF287A12B: The snapshot info is null. Setting the last applied indexto:(t:0, i:~)
2019-10-30 05:53:00,899 [pool-42-thread-1] INFO  server.RaftServerConfigKeys (ConfUtils.java:logGet(43)) - raft.server.notification.no-leader.timeout = 120s (custom)
2019-10-30 05:53:00,899 [9127dd83-037b-4d39-812f-66db56af525a@group-7106F1BA0D70-LeaderElection4] INFO  impl.RaftServerImpl (ServerState.java:setRaftConf(357)) - 9127dd83-037b-4d39-812f-66db56af525a@group-7106F1BA0D70: set configuration 0: [9127dd83-037b-4d39-812f-66db56af525a:192.168.34.21:42063], old=null at 0
2019-10-30 05:53:00,899 [pool-42-thread-1] INFO  server.RaftServerConfigKeys (ConfUtils.java:logGet(43)) - raft.server.log.use.memory = false (default)
2019-10-30 05:53:00,929 [pool-32-thread-1] INFO  storage.RaftStorage (RaftStorage.java:format(84)) - Storage directory /workdir/hadoop-ozone/integration-test/target/test-dir/MiniOzoneClusterImpl-54112d89-f567-4586-9652-9c819d7a3bb6/datanode-0/data/ratis/f296a12d-160e-40a6-852b-bcadf287a12b has been successfully formatted.
2019-10-30 05:53:00,929 [pool-42-thread-1] INFO  server.RaftServerConfigKeys (ConfUtils.java:logGet(43)) - raft.server.log.purge.gap = 1000000 (custom)
2019-10-30 05:53:00,929 [pool-42-thread-1] INFO  server.RaftServerConfigKeys (ConfUtils.java:logGet(43)) - raft.server.log.appender.buffer.byte-limit = 33554432 (custom)
2019-10-30 05:53:00,929 [pool-32-thread-1] INFO  ratis.ContainerStateMachine (ContainerStateMachine.java:loadSnapshot(231)) - group-BCADF287A12B: The snapshot info is null. Setting the last applied indexto:(t:0, i:~)
2019-10-30 05:53:00,929 [pool-42-thread-1] INFO  server.RaftServerConfigKeys (ConfUtils.java:logGet(43)) - raft.server.log.segment.size.max = 1048576 (custom)
2019-10-30 05:53:00,929 [pool-32-thread-1] INFO  server.RaftServerConfigKeys (ConfUtils.java:logGet(43)) - raft.server.notification.no-leader.timeout = 120s (custom)
2019-10-30 05:53:00,929 [pool-42-thread-1] INFO  server.RaftServerConfigKeys (ConfUtils.java:logGet(43)) - raft.server.log.segment.cache.num.max = 2 (custom)
2019-10-30 05:53:00,930 [pool-32-thread-1] INFO  server.RaftServerConfigKeys (ConfUtils.java:logGet(43)) - raft.server.log.use.memory = false (default)
2019-10-30 05:53:00,930 [pool-42-thread-1] INFO  segmented.SegmentedRaftLogWorker (SegmentedRaftLogWorker.java:<init>(173)) - new 58095e90-3010-492a-9083-43cf2e035c3f@group-BCADF287A12B-SegmentedRaftLogWorker for RaftStorage:Storage Directory /workdir/hadoop-ozone/integration-test/target/test-dir/MiniOzoneClusterImpl-54112d89-f567-4586-9652-9c819d7a3bb6/datanode-1/data/ratis/f296a12d-160e-40a6-852b-bcadf287a12b
2019-10-30 05:53:00,930 [pool-32-thread-1] INFO  server.RaftServerConfigKeys (ConfUtils.java:logGet(43)) - raft.server.log.purge.gap = 1000000 (custom)
2019-10-30 05:53:00,930 [pool-42-thread-1] INFO  server.RaftServerConfigKeys (ConfUtils.java:logGet(43)) - raft.server.log.queue.byte-limit = 2147483647 (custom)
2019-10-30 05:53:00,930 [pool-32-thread-1] INFO  server.RaftServerConfigKeys (ConfUtils.java:logGet(43)) - raft.server.log.appender.buffer.byte-limit = 33554432 (custom)
2019-10-30 05:53:00,930 [pool-42-thread-1] INFO  server.RaftServerConfigKeys (ConfUtils.java:logGet(43)) - raft.server.log.queue.element-limit = 1024 (custom)
2019-10-30 05:53:00,930 [pool-32-thread-1] INFO  server.RaftServerConfigKeys (ConfUtils.java:logGet(43)) - raft.server.log.segment.size.max = 1048576 (custom)
2019-10-30 05:53:00,930 [pool-42-thread-1] INFO  server.RaftServerConfigKeys (ConfUtils.java:logGet(43)) - raft.server.log.segment.size.max = 1048576 (custom)
2019-10-30 05:53:00,930 [pool-32-thread-1] INFO  server.RaftServerConfigKeys (ConfUtils.java:logGet(43)) - raft.server.log.segment.cache.num.max = 2 (custom)
2019-10-30 05:53:00,930 [pool-42-thread-1] INFO  server.RaftServerConfigKeys (ConfUtils.java:logGet(43)) - raft.server.log.preallocated.size = 16384 (custom)
2019-10-30 05:53:00,930 [pool-32-thread-1] INFO  segmented.SegmentedRaftLogWorker (SegmentedRaftLogWorker.java:<init>(173)) - new 7fae3aed-4e76-4283-a599-f93f794625ab@group-BCADF287A12B-SegmentedRaftLogWorker for RaftStorage:Storage Directory /workdir/hadoop-ozone/integration-test/target/test-dir/MiniOzoneClusterImpl-54112d89-f567-4586-9652-9c819d7a3bb6/datanode-0/data/ratis/f296a12d-160e-40a6-852b-bcadf287a12b
2019-10-30 05:53:00,930 [pool-42-thread-1] INFO  server.RaftServerConfigKeys (ConfUtils.java:logGet(43)) - raft.server.log.write.buffer.size = 33554432 (custom)
2019-10-30 05:53:00,930 [pool-32-thread-1] INFO  server.RaftServerConfigKeys (ConfUtils.java:logGet(43)) - raft.server.log.queue.byte-limit = 2147483647 (custom)
2019-10-30 05:53:00,931 [pool-42-thread-1] INFO  server.RaftServerConfigKeys (ConfUtils.java:logGet(43)) - raft.server.log.force.sync.num = 128 (default)
2019-10-30 05:53:00,931 [pool-32-thread-1] INFO  server.RaftServerConfigKeys (ConfUtils.java:logGet(43)) - raft.server.log.queue.element-limit = 1024 (custom)
2019-10-30 05:53:00,931 [pool-42-thread-1] INFO  server.RaftServerConfigKeys (ConfUtils.java:logGet(43)) - raft.server.log.statemachine.data.sync = true (default)
2019-10-30 05:53:00,931 [pool-32-thread-1] INFO  server.RaftServerConfigKeys (ConfUtils.java:logGet(43)) - raft.server.log.segment.size.max = 1048576 (custom)
2019-10-30 05:53:00,931 [pool-42-thread-1] INFO  server.RaftServerConfigKeys (ConfUtils.java:logGet(43)) - raft.server.log.statemachine.data.sync.timeout = 10s (default)
2019-10-30 05:53:00,931 [pool-32-thread-1] INFO  server.RaftServerConfigKeys (ConfUtils.java:logGet(43)) - raft.server.log.preallocated.size = 16384 (custom)
2019-10-30 05:53:00,931 [pool-42-thread-1] INFO  server.RaftServerConfigKeys (ConfUtils.java:logGet(43)) - raft.server.log.statemachine.data.sync.timeout.retry = -1 (default)
2019-10-30 05:53:00,931 [pool-32-thread-1] INFO  server.RaftServerConfigKeys (ConfUtils.java:logGet(43)) - raft.server.log.write.buffer.size = 33554432 (custom)
2019-10-30 05:53:00,931 [pool-32-thread-1] INFO  server.RaftServerConfigKeys (ConfUtils.java:logGet(43)) - raft.server.log.force.sync.num = 128 (default)
2019-10-30 05:53:00,931 [pool-42-thread-1] INFO  server.RaftServerConfigKeys (ConfUtils.java:logGet(43)) - raft.server.log.statemachine.data.caching.enabled = true (custom)
2019-10-30 05:53:00,931 [pool-32-thread-1] INFO  server.RaftServerConfigKeys (ConfUtils.java:logGet(43)) - raft.server.log.statemachine.data.sync = true (default)
2019-10-30 05:53:00,932 [pool-32-thread-1] INFO  server.RaftServerConfigKeys (ConfUtils.java:logGet(43)) - raft.server.log.statemachine.data.sync.timeout = 10s (default)
2019-10-30 05:53:00,932 [pool-42-thread-1] INFO  segmented.SegmentedRaftLogWorker (SegmentedRaftLogWorker.java:lambda$new$0(128)) - 58095e90-3010-492a-9083-43cf2e035c3f@group-BCADF287A12B-SegmentedRaftLogWorker: flushIndex: setUnconditionally 0 -> -1
2019-10-30 05:53:00,932 [pool-32-thread-1] INFO  server.RaftServerConfigKeys (ConfUtils.java:logGet(43)) - raft.server.log.statemachine.data.sync.timeout.retry = -1 (default)
2019-10-30 05:53:00,932 [pool-42-thread-1] INFO  server.RaftServerConfigKeys (ConfUtils.java:logGet(43)) - raft.server.snapshot.auto.trigger.enabled = true (custom)
2019-10-30 05:53:00,932 [pool-32-thread-1] INFO  server.RaftServerConfigKeys (ConfUtils.java:logGet(43)) - raft.server.log.statemachine.data.caching.enabled = true (custom)
2019-10-30 05:53:00,932 [pool-42-thread-1] INFO  server.RaftServerConfigKeys (ConfUtils.java:logGet(43)) - raft.server.snapshot.auto.trigger.threshold = 10000 (custom)
2019-10-30 05:53:00,932 [pool-42-thread-1] INFO  server.RaftServerConfigKeys (ConfUtils.java:logGet(43)) - raft.server.snapshot.retention.file.num = 5 (custom)
2019-10-30 05:53:00,932 [pool-32-thread-1] INFO  segmented.SegmentedRaftLogWorker (SegmentedRaftLogWorker.java:lambda$new$0(128)) - 7fae3aed-4e76-4283-a599-f93f794625ab@group-BCADF287A12B-SegmentedRaftLogWorker: flushIndex: setUnconditionally 0 -> -1
2019-10-30 05:53:00,932 [pool-42-thread-1] INFO  server.RaftServerConfigKeys (ConfUtils.java:logGet(43)) - raft.server.retrycache.expirytime = 600000ms (custom)
2019-10-30 05:53:00,932 [pool-32-thread-1] INFO  server.RaftServerConfigKeys (ConfUtils.java:logGet(43)) - raft.server.snapshot.auto.trigger.enabled = true (custom)
2019-10-30 05:53:00,932 [pool-32-thread-1] INFO  server.RaftServerConfigKeys (ConfUtils.java:logGet(43)) - raft.server.snapshot.auto.trigger.threshold = 10000 (custom)
2019-10-30 05:53:00,933 [pool-32-thread-1] INFO  server.RaftServerConfigKeys (ConfUtils.java:logGet(43)) - raft.server.snapshot.retention.file.num = 5 (custom)
2019-10-30 05:53:00,933 [pool-32-thread-1] INFO  server.RaftServerConfigKeys (ConfUtils.java:logGet(43)) - raft.server.retrycache.expirytime = 600000ms (custom)
2019-10-30 05:53:00,935 [pool-42-thread-1] INFO  impl.RaftServerImpl (RaftServerImpl.java:start(195)) - 58095e90-3010-492a-9083-43cf2e035c3f@group-BCADF287A12B: start as a follower, conf=-1: [7fae3aed-4e76-4283-a599-f93f794625ab:192.168.34.21:41352, 58095e90-3010-492a-9083-43cf2e035c3f:192.168.34.21:45284, 9127dd83-037b-4d39-812f-66db56af525a:192.168.34.21:42063], old=null
2019-10-30 05:53:00,935 [pool-42-thread-1] INFO  impl.RaftServerImpl (RaftServerImpl.java:setRole(184)) - 58095e90-3010-492a-9083-43cf2e035c3f@group-BCADF287A12B: changes role from      null to FOLLOWER at term 0 for startAsFollower
2019-10-30 05:53:00,935 [pool-32-thread-1] INFO  impl.RaftServerImpl (RaftServerImpl.java:start(195)) - 7fae3aed-4e76-4283-a599-f93f794625ab@group-BCADF287A12B: start as a follower, conf=-1: [7fae3aed-4e76-4283-a599-f93f794625ab:192.168.34.21:41352, 58095e90-3010-492a-9083-43cf2e035c3f:192.168.34.21:45284, 9127dd83-037b-4d39-812f-66db56af525a:192.168.34.21:42063], old=null
2019-10-30 05:53:00,935 [pool-42-thread-1] INFO  impl.RoleInfo (RoleInfo.java:updateAndGet(143)) - 58095e90-3010-492a-9083-43cf2e035c3f: start FollowerState
2019-10-30 05:53:00,935 [pool-32-thread-1] INFO  impl.RaftServerImpl (RaftServerImpl.java:setRole(184)) - 7fae3aed-4e76-4283-a599-f93f794625ab@group-BCADF287A12B: changes role from      null to FOLLOWER at term 0 for startAsFollower
2019-10-30 05:53:00,935 [pool-32-thread-1] INFO  impl.RoleInfo (RoleInfo.java:updateAndGet(143)) - 7fae3aed-4e76-4283-a599-f93f794625ab: start FollowerState
2019-10-30 05:53:00,935 [pool-42-thread-1] INFO  util.JmxRegister (JmxRegister.java:tryRegister(44)) - Successfully registered JMX Bean with object name Ratis:service=RaftServer,group=group-BCADF287A12B,id=58095e90-3010-492a-9083-43cf2e035c3f
2019-10-30 05:53:00,935 [pool-32-thread-1] INFO  util.JmxRegister (JmxRegister.java:tryRegister(44)) - Successfully registered JMX Bean with object name Ratis:service=RaftServer,group=group-BCADF287A12B,id=7fae3aed-4e76-4283-a599-f93f794625ab
2019-10-30 05:53:00,944 [9127dd83-037b-4d39-812f-66db56af525a@group-7106F1BA0D70-SegmentedRaftLogWorker] INFO  segmented.SegmentedRaftLogWorker (SegmentedRaftLogWorker.java:execute(576)) - 9127dd83-037b-4d39-812f-66db56af525a@group-7106F1BA0D70-SegmentedRaftLogWorker: created new log segment /workdir/hadoop-ozone/integration-test/target/test-dir/MiniOzoneClusterImpl-54112d89-f567-4586-9652-9c819d7a3bb6/datanode-2/data/ratis/23b2838d-ba1d-4ff2-ac77-7106f1ba0d70/current/log_inprogress_0
2019-10-30 05:53:00,944 [pool-52-thread-1] INFO  storage.RaftStorage (RaftStorage.java:format(84)) - Storage directory /workdir/hadoop-ozone/integration-test/target/test-dir/MiniOzoneClusterImpl-54112d89-f567-4586-9652-9c819d7a3bb6/datanode-2/data/ratis/f296a12d-160e-40a6-852b-bcadf287a12b has been successfully formatted.
2019-10-30 05:53:00,945 [pool-52-thread-1] INFO  ratis.ContainerStateMachine (ContainerStateMachine.java:loadSnapshot(231)) - group-BCADF287A12B: The snapshot info is null. Setting the last applied indexto:(t:0, i:~)
2019-10-30 05:53:00,946 [pool-52-thread-1] INFO  server.RaftServerConfigKeys (ConfUtils.java:logGet(43)) - raft.server.notification.no-leader.timeout = 120s (custom)
2019-10-30 05:53:00,946 [pool-52-thread-1] INFO  server.RaftServerConfigKeys (ConfUtils.java:logGet(43)) - raft.server.log.use.memory = false (default)
2019-10-30 05:53:00,947 [pool-52-thread-1] INFO  server.RaftServerConfigKeys (ConfUtils.java:logGet(43)) - raft.server.log.purge.gap = 1000000 (custom)
2019-10-30 05:53:00,948 [pool-52-thread-1] INFO  server.RaftServerConfigKeys (ConfUtils.java:logGet(43)) - raft.server.log.appender.buffer.byte-limit = 33554432 (custom)
2019-10-30 05:53:00,948 [pool-52-thread-1] INFO  server.RaftServerConfigKeys (ConfUtils.java:logGet(43)) - raft.server.log.segment.size.max = 1048576 (custom)
2019-10-30 05:53:00,948 [pool-52-thread-1] INFO  server.RaftServerConfigKeys (ConfUtils.java:logGet(43)) - raft.server.log.segment.cache.num.max = 2 (custom)
2019-10-30 05:53:00,949 [pool-52-thread-1] INFO  segmented.SegmentedRaftLogWorker (SegmentedRaftLogWorker.java:<init>(173)) - new 9127dd83-037b-4d39-812f-66db56af525a@group-BCADF287A12B-SegmentedRaftLogWorker for RaftStorage:Storage Directory /workdir/hadoop-ozone/integration-test/target/test-dir/MiniOzoneClusterImpl-54112d89-f567-4586-9652-9c819d7a3bb6/datanode-2/data/ratis/f296a12d-160e-40a6-852b-bcadf287a12b
2019-10-30 05:53:00,950 [pool-52-thread-1] INFO  server.RaftServerConfigKeys (ConfUtils.java:logGet(43)) - raft.server.log.queue.byte-limit = 2147483647 (custom)
2019-10-30 05:53:00,950 [Thread-214] INFO  impl.FollowerState (FollowerState.java:run(108)) - b73f6112-36bf-4203-bb95-1638b8ee110c@group-A120079961F4-FollowerState: change to CANDIDATE, lastRpcTime:101ms, electionTimeout:101ms
2019-10-30 05:53:00,950 [pool-52-thread-1] INFO  server.RaftServerConfigKeys (ConfUtils.java:logGet(43)) - raft.server.log.queue.element-limit = 1024 (custom)
2019-10-30 05:53:00,950 [Thread-214] INFO  impl.RoleInfo (RoleInfo.java:shutdownFollowerState(121)) - b73f6112-36bf-4203-bb95-1638b8ee110c: shutdown FollowerState
2019-10-30 05:53:00,950 [pool-52-thread-1] INFO  server.RaftServerConfigKeys (ConfUtils.java:logGet(43)) - raft.server.log.segment.size.max = 1048576 (custom)
2019-10-30 05:53:00,950 [Thread-214] INFO  impl.RaftServerImpl (RaftServerImpl.java:setRole(184)) - b73f6112-36bf-4203-bb95-1638b8ee110c@group-A120079961F4: changes role from  FOLLOWER to CANDIDATE at term 0 for changeToCandidate
2019-10-30 05:53:00,951 [pool-52-thread-1] INFO  server.RaftServerConfigKeys (ConfUtils.java:logGet(43)) - raft.server.log.preallocated.size = 16384 (custom)
2019-10-30 05:53:00,951 [pool-52-thread-1] INFO  server.RaftServerConfigKeys (ConfUtils.java:logGet(43)) - raft.server.log.write.buffer.size = 33554432 (custom)
2019-10-30 05:53:00,951 [Thread-214] INFO  impl.RoleInfo (RoleInfo.java:updateAndGet(143)) - b73f6112-36bf-4203-bb95-1638b8ee110c: start LeaderElection
2019-10-30 05:53:00,951 [pool-52-thread-1] INFO  server.RaftServerConfigKeys (ConfUtils.java:logGet(43)) - raft.server.log.force.sync.num = 128 (default)
2019-10-30 05:53:00,951 [pool-52-thread-1] INFO  server.RaftServerConfigKeys (ConfUtils.java:logGet(43)) - raft.server.log.statemachine.data.sync = true (default)
2019-10-30 05:53:00,951 [pool-52-thread-1] INFO  server.RaftServerConfigKeys (ConfUtils.java:logGet(43)) - raft.server.log.statemachine.data.sync.timeout = 10s (default)
2019-10-30 05:53:00,953 [pool-52-thread-1] INFO  server.RaftServerConfigKeys (ConfUtils.java:logGet(43)) - raft.server.log.statemachine.data.sync.timeout.retry = -1 (default)
2019-10-30 05:53:00,953 [pool-52-thread-1] INFO  server.RaftServerConfigKeys (ConfUtils.java:logGet(43)) - raft.server.log.statemachine.data.caching.enabled = true (custom)
2019-10-30 05:53:00,953 [pool-52-thread-1] INFO  segmented.SegmentedRaftLogWorker (SegmentedRaftLogWorker.java:lambda$new$0(128)) - 9127dd83-037b-4d39-812f-66db56af525a@group-BCADF287A12B-SegmentedRaftLogWorker: flushIndex: setUnconditionally 0 -> -1
2019-10-30 05:53:00,953 [pool-52-thread-1] INFO  server.RaftServerConfigKeys (ConfUtils.java:logGet(43)) - raft.server.snapshot.auto.trigger.enabled = true (custom)
2019-10-30 05:53:00,954 [pool-52-thread-1] INFO  server.RaftServerConfigKeys (ConfUtils.java:logGet(43)) - raft.server.snapshot.auto.trigger.threshold = 10000 (custom)
2019-10-30 05:53:00,954 [pool-52-thread-1] INFO  server.RaftServerConfigKeys (ConfUtils.java:logGet(43)) - raft.server.snapshot.retention.file.num = 5 (custom)
2019-10-30 05:53:00,954 [pool-52-thread-1] INFO  server.RaftServerConfigKeys (ConfUtils.java:logGet(43)) - raft.server.retrycache.expirytime = 600000ms (custom)
2019-10-30 05:53:00,956 [pool-52-thread-1] INFO  impl.RaftServerImpl (RaftServerImpl.java:start(195)) - 9127dd83-037b-4d39-812f-66db56af525a@group-BCADF287A12B: start as a follower, conf=-1: [7fae3aed-4e76-4283-a599-f93f794625ab:192.168.34.21:41352, 58095e90-3010-492a-9083-43cf2e035c3f:192.168.34.21:45284, 9127dd83-037b-4d39-812f-66db56af525a:192.168.34.21:42063], old=null
2019-10-30 05:53:00,956 [pool-52-thread-1] INFO  impl.RaftServerImpl (RaftServerImpl.java:setRole(184)) - 9127dd83-037b-4d39-812f-66db56af525a@group-BCADF287A12B: changes role from      null to FOLLOWER at term 0 for startAsFollower
2019-10-30 05:53:00,956 [pool-52-thread-1] INFO  impl.RoleInfo (RoleInfo.java:updateAndGet(143)) - 9127dd83-037b-4d39-812f-66db56af525a: start FollowerState
2019-10-30 05:53:00,957 [pool-52-thread-1] INFO  util.JmxRegister (JmxRegister.java:tryRegister(44)) - Successfully registered JMX Bean with object name Ratis:service=RaftServer,group=group-BCADF287A12B,id=9127dd83-037b-4d39-812f-66db56af525a
2019-10-30 05:53:00,960 [b73f6112-36bf-4203-bb95-1638b8ee110c@group-A120079961F4-LeaderElection5] INFO  impl.LeaderElection (LeaderElection.java:askForVotes(178)) - b73f6112-36bf-4203-bb95-1638b8ee110c@group-A120079961F4-LeaderElection5: begin an election at term 1 for -1: [b73f6112-36bf-4203-bb95-1638b8ee110c:192.168.34.21:33911], old=null
2019-10-30 05:53:00,960 [b73f6112-36bf-4203-bb95-1638b8ee110c@group-A120079961F4-LeaderElection5] INFO  impl.RoleInfo (RoleInfo.java:shutdownLeaderElection(134)) - b73f6112-36bf-4203-bb95-1638b8ee110c: shutdown LeaderElection
2019-10-30 05:53:00,960 [b73f6112-36bf-4203-bb95-1638b8ee110c@group-A120079961F4-LeaderElection5] INFO  impl.RaftServerImpl (RaftServerImpl.java:setRole(184)) - b73f6112-36bf-4203-bb95-1638b8ee110c@group-A120079961F4: changes role from CANDIDATE to LEADER at term 1 for changeToLeader
2019-10-30 05:53:00,960 [b73f6112-36bf-4203-bb95-1638b8ee110c@group-A120079961F4-LeaderElection5] INFO  impl.RaftServerImpl (ServerState.java:setLeader(256)) - b73f6112-36bf-4203-bb95-1638b8ee110c@group-A120079961F4: change Leader from null to b73f6112-36bf-4203-bb95-1638b8ee110c at term 1 for becomeLeader, leader elected after 132ms
2019-10-30 05:53:00,962 [b73f6112-36bf-4203-bb95-1638b8ee110c@group-A120079961F4-LeaderElection5] INFO  server.RaftServerConfigKeys (ConfUtils.java:logGet(43)) - raft.server.staging.catchup.gap = 1000 (default)
2019-10-30 05:53:00,962 [b73f6112-36bf-4203-bb95-1638b8ee110c@group-A120079961F4-LeaderElection5] INFO  server.RaftServerConfigKeys (ConfUtils.java:logGet(43)) - raft.server.rpc.sleep.time = 25ms (default)
2019-10-30 05:53:00,962 [b73f6112-36bf-4203-bb95-1638b8ee110c@group-A120079961F4-LeaderElection5] INFO  server.RaftServerConfigKeys (ConfUtils.java:logGet(43)) - raft.server.write.element-limit = 4096 (default)
2019-10-30 05:53:00,963 [b73f6112-36bf-4203-bb95-1638b8ee110c@group-A120079961F4-LeaderElection5] INFO  server.RaftServerConfigKeys (ConfUtils.java:logGet(43)) - raft.server.watch.timeout = 10s (default)
2019-10-30 05:53:00,963 [b73f6112-36bf-4203-bb95-1638b8ee110c@group-A120079961F4-LeaderElection5] INFO  server.RaftServerConfigKeys (ConfUtils.java:logGet(43)) - raft.server.watch.timeout.denomination = 1s (default)
2019-10-30 05:53:00,974 [b73f6112-36bf-4203-bb95-1638b8ee110c@group-A120079961F4-LeaderElection5] INFO  server.RaftServerConfigKeys (ConfUtils.java:logGet(43)) - raft.server.watch.element-limit = 65536 (default)
2019-10-30 05:53:00,976 [RatisPipelineUtilsThread] INFO  pipeline.PipelineStateManager (PipelineStateManager.java:addPipeline(56)) - Created pipeline Pipeline[ Id: f296a12d-160e-40a6-852b-bcadf287a12b, Nodes: 58095e90-3010-492a-9083-43cf2e035c3f{ip: 192.168.34.21, host: pr-hdds-1643-9kfsj-1164326334, networkLocation: /rack1, certSerialId: null}9127dd83-037b-4d39-812f-66db56af525a{ip: 192.168.34.21, host: pr-hdds-1643-9kfsj-1164326334, networkLocation: /rack1, certSerialId: null}7fae3aed-4e76-4283-a599-f93f794625ab{ip: 192.168.34.21, host: pr-hdds-1643-9kfsj-1164326334, networkLocation: /rack1, certSerialId: null}, Type:RATIS, Factor:THREE, State:OPEN]
2019-10-30 05:53:00,979 [b73f6112-36bf-4203-bb95-1638b8ee110c@group-A120079961F4-LeaderElection5] INFO  impl.RoleInfo (RoleInfo.java:updateAndGet(143)) - b73f6112-36bf-4203-bb95-1638b8ee110c: start LeaderState
2019-10-30 05:53:00,979 [b73f6112-36bf-4203-bb95-1638b8ee110c@group-A120079961F4-LeaderElection5] INFO  segmented.SegmentedRaftLogWorker (SegmentedRaftLogWorker.java:startLogSegment(385)) - b73f6112-36bf-4203-bb95-1638b8ee110c@group-A120079961F4-SegmentedRaftLogWorker: Starting segment from index:0
2019-10-30 05:53:00,980 [b73f6112-36bf-4203-bb95-1638b8ee110c@group-A120079961F4-LeaderElection5] INFO  impl.RaftServerImpl (ServerState.java:setRaftConf(357)) - b73f6112-36bf-4203-bb95-1638b8ee110c@group-A120079961F4: set configuration 0: [b73f6112-36bf-4203-bb95-1638b8ee110c:192.168.34.21:33911], old=null at 0
2019-10-30 05:53:00,996 [Thread-221] INFO  impl.FollowerState (FollowerState.java:run(108)) - 7fae3aed-4e76-4283-a599-f93f794625ab@group-BCADF287A12B-FollowerState: change to CANDIDATE, lastRpcTime:60ms, electionTimeout:46ms
2019-10-30 05:53:00,997 [Thread-221] INFO  impl.RoleInfo (RoleInfo.java:shutdownFollowerState(121)) - 7fae3aed-4e76-4283-a599-f93f794625ab: shutdown FollowerState
2019-10-30 05:53:00,997 [Thread-221] INFO  impl.RaftServerImpl (RaftServerImpl.java:setRole(184)) - 7fae3aed-4e76-4283-a599-f93f794625ab@group-BCADF287A12B: changes role from  FOLLOWER to CANDIDATE at term 0 for changeToCandidate
2019-10-30 05:53:00,997 [Thread-221] INFO  impl.RoleInfo (RoleInfo.java:updateAndGet(143)) - 7fae3aed-4e76-4283-a599-f93f794625ab: start LeaderElection
2019-10-30 05:53:00,999 [b73f6112-36bf-4203-bb95-1638b8ee110c@group-A120079961F4-SegmentedRaftLogWorker] INFO  segmented.SegmentedRaftLogWorker (SegmentedRaftLogWorker.java:execute(576)) - b73f6112-36bf-4203-bb95-1638b8ee110c@group-A120079961F4-SegmentedRaftLogWorker: created new log segment /workdir/hadoop-ozone/integration-test/target/test-dir/MiniOzoneClusterImpl-54112d89-f567-4586-9652-9c819d7a3bb6/datanode-3/data/ratis/52fa0e63-0de3-47e9-8d45-a120079961f4/current/log_inprogress_0
2019-10-30 05:53:01,002 [7fae3aed-4e76-4283-a599-f93f794625ab@group-BCADF287A12B-LeaderElection6] INFO  impl.LeaderElection (LeaderElection.java:askForVotes(178)) - 7fae3aed-4e76-4283-a599-f93f794625ab@group-BCADF287A12B-LeaderElection6: begin an election at term 1 for -1: [7fae3aed-4e76-4283-a599-f93f794625ab:192.168.34.21:41352, 58095e90-3010-492a-9083-43cf2e035c3f:192.168.34.21:45284, 9127dd83-037b-4d39-812f-66db56af525a:192.168.34.21:42063], old=null
2019-10-30 05:53:01,020 [grpc-default-executor-1] INFO  impl.RaftServerImpl (RaftServerImpl.java:setRole(184)) - 58095e90-3010-492a-9083-43cf2e035c3f@group-BCADF287A12B: changes role from  FOLLOWER to FOLLOWER at term 1 for recognizeCandidate:7fae3aed-4e76-4283-a599-f93f794625ab
2019-10-30 05:53:01,020 [grpc-default-executor-1] INFO  impl.RoleInfo (RoleInfo.java:shutdownFollowerState(121)) - 58095e90-3010-492a-9083-43cf2e035c3f: shutdown FollowerState
2019-10-30 05:53:01,021 [grpc-default-executor-1] INFO  impl.RoleInfo (RoleInfo.java:updateAndGet(143)) - 58095e90-3010-492a-9083-43cf2e035c3f: start FollowerState
2019-10-30 05:53:01,021 [Thread-220] INFO  impl.FollowerState (FollowerState.java:run(117)) - 58095e90-3010-492a-9083-43cf2e035c3f@group-BCADF287A12B-FollowerState was interrupted: java.lang.InterruptedException: sleep interrupted
2019-10-30 05:53:01,023 [grpc-default-executor-2] INFO  impl.RaftServerImpl (RaftServerImpl.java:setRole(184)) - 9127dd83-037b-4d39-812f-66db56af525a@group-BCADF287A12B: changes role from  FOLLOWER to FOLLOWER at term 1 for recognizeCandidate:7fae3aed-4e76-4283-a599-f93f794625ab
2019-10-30 05:53:01,023 [grpc-default-executor-2] INFO  impl.RoleInfo (RoleInfo.java:shutdownFollowerState(121)) - 9127dd83-037b-4d39-812f-66db56af525a: shutdown FollowerState
2019-10-30 05:53:01,023 [grpc-default-executor-2] INFO  impl.RoleInfo (RoleInfo.java:updateAndGet(143)) - 9127dd83-037b-4d39-812f-66db56af525a: start FollowerState
2019-10-30 05:53:01,023 [Thread-226] INFO  impl.FollowerState (FollowerState.java:run(117)) - 9127dd83-037b-4d39-812f-66db56af525a@group-BCADF287A12B-FollowerState was interrupted: java.lang.InterruptedException: sleep interrupted
2019-10-30 05:53:01,038 [7fae3aed-4e76-4283-a599-f93f794625ab@group-BCADF287A12B-LeaderElection6] INFO  impl.LeaderElection (LeaderElection.java:logAndReturn(56)) - 7fae3aed-4e76-4283-a599-f93f794625ab@group-BCADF287A12B-LeaderElection6: Election PASSED; received 1 response(s) [7fae3aed-4e76-4283-a599-f93f794625ab<-58095e90-3010-492a-9083-43cf2e035c3f#0:OK-t1] and 0 exception(s); 7fae3aed-4e76-4283-a599-f93f794625ab@group-BCADF287A12B:t1, leader=null, voted=7fae3aed-4e76-4283-a599-f93f794625ab, raftlog=7fae3aed-4e76-4283-a599-f93f794625ab@group-BCADF287A12B-SegmentedRaftLog:OPENED:c-1,f-1,i0, conf=-1: [7fae3aed-4e76-4283-a599-f93f794625ab:192.168.34.21:41352, 58095e90-3010-492a-9083-43cf2e035c3f:192.168.34.21:45284, 9127dd83-037b-4d39-812f-66db56af525a:192.168.34.21:42063], old=null
2019-10-30 05:53:01,038 [7fae3aed-4e76-4283-a599-f93f794625ab@group-BCADF287A12B-LeaderElection6] INFO  impl.RoleInfo (RoleInfo.java:shutdownLeaderElection(134)) - 7fae3aed-4e76-4283-a599-f93f794625ab: shutdown LeaderElection
2019-10-30 05:53:01,039 [7fae3aed-4e76-4283-a599-f93f794625ab@group-BCADF287A12B-LeaderElection6] INFO  impl.RaftServerImpl (RaftServerImpl.java:setRole(184)) - 7fae3aed-4e76-4283-a599-f93f794625ab@group-BCADF287A12B: changes role from CANDIDATE to LEADER at term 1 for changeToLeader
2019-10-30 05:53:01,039 [7fae3aed-4e76-4283-a599-f93f794625ab@group-BCADF287A12B-LeaderElection6] INFO  impl.RaftServerImpl (ServerState.java:setLeader(256)) - 7fae3aed-4e76-4283-a599-f93f794625ab@group-BCADF287A12B: change Leader from null to 7fae3aed-4e76-4283-a599-f93f794625ab at term 1 for becomeLeader, leader elected after 109ms
2019-10-30 05:53:01,040 [7fae3aed-4e76-4283-a599-f93f794625ab@group-BCADF287A12B-LeaderElection6] INFO  server.RaftServerConfigKeys (ConfUtils.java:logGet(43)) - raft.server.staging.catchup.gap = 1000 (default)
2019-10-30 05:53:01,040 [7fae3aed-4e76-4283-a599-f93f794625ab@group-BCADF287A12B-LeaderElection6] INFO  server.RaftServerConfigKeys (ConfUtils.java:logGet(43)) - raft.server.rpc.sleep.time = 25ms (default)
2019-10-30 05:53:01,040 [7fae3aed-4e76-4283-a599-f93f794625ab@group-BCADF287A12B-LeaderElection6] INFO  server.RaftServerConfigKeys (ConfUtils.java:logGet(43)) - raft.server.write.element-limit = 4096 (default)
2019-10-30 05:53:01,040 [7fae3aed-4e76-4283-a599-f93f794625ab@group-BCADF287A12B-LeaderElection6] INFO  server.RaftServerConfigKeys (ConfUtils.java:logGet(43)) - raft.server.watch.timeout = 10s (default)
2019-10-30 05:53:01,040 [7fae3aed-4e76-4283-a599-f93f794625ab@group-BCADF287A12B-LeaderElection6] INFO  server.RaftServerConfigKeys (ConfUtils.java:logGet(43)) - raft.server.watch.timeout.denomination = 1s (default)
2019-10-30 05:53:01,040 [7fae3aed-4e76-4283-a599-f93f794625ab@group-BCADF287A12B-LeaderElection6] INFO  server.RaftServerConfigKeys (ConfUtils.java:logGet(43)) - raft.server.watch.element-limit = 65536 (default)
2019-10-30 05:53:01,044 [Thread-232] INFO  impl.FollowerState (FollowerState.java:run(108)) - 58095e90-3010-492a-9083-43cf2e035c3f@group-BCADF287A12B-FollowerState: change to CANDIDATE, lastRpcTime:23ms, electionTimeout:21ms
2019-10-30 05:53:01,044 [Thread-232] INFO  impl.RoleInfo (RoleInfo.java:shutdownFollowerState(121)) - 58095e90-3010-492a-9083-43cf2e035c3f: shutdown FollowerState
2019-10-30 05:53:01,044 [Thread-232] INFO  impl.RaftServerImpl (RaftServerImpl.java:setRole(184)) - 58095e90-3010-492a-9083-43cf2e035c3f@group-BCADF287A12B: changes role from  FOLLOWER to CANDIDATE at term 1 for changeToCandidate
2019-10-30 05:53:01,045 [Thread-232] INFO  impl.RoleInfo (RoleInfo.java:updateAndGet(143)) - 58095e90-3010-492a-9083-43cf2e035c3f: start LeaderElection
2019-10-30 05:53:01,046 [7fae3aed-4e76-4283-a599-f93f794625ab@group-BCADF287A12B-LeaderElection6] INFO  server.RaftServerConfigKeys (ConfUtils.java:logGet(43)) - raft.server.log.appender.snapshot.chunk.size.max = 16MB (=16777216) (default)
2019-10-30 05:53:01,047 [7fae3aed-4e76-4283-a599-f93f794625ab@group-BCADF287A12B-LeaderElection6] INFO  server.RaftServerConfigKeys (ConfUtils.java:logGet(43)) - raft.server.log.appender.buffer.byte-limit = 33554432 (custom)
2019-10-30 05:53:01,047 [7fae3aed-4e76-4283-a599-f93f794625ab@group-BCADF287A12B-LeaderElection6] INFO  server.RaftServerConfigKeys (ConfUtils.java:logGet(43)) - raft.server.log.appender.buffer.element-limit = 1 (custom)
2019-10-30 05:53:01,050 [7fae3aed-4e76-4283-a599-f93f794625ab@group-BCADF287A12B-LeaderElection6] INFO  grpc.GrpcConfigKeys$Server (ConfUtils.java:logGet(43)) - raft.grpc.server.leader.outstanding.appends.max = 128 (default)
2019-10-30 05:53:01,050 [7fae3aed-4e76-4283-a599-f93f794625ab@group-BCADF287A12B-LeaderElection6] INFO  server.RaftServerConfigKeys (ConfUtils.java:logGet(43)) - raft.server.rpc.request.timeout = 3000ms (default)
2019-10-30 05:53:01,051 [7fae3aed-4e76-4283-a599-f93f794625ab@group-BCADF287A12B-LeaderElection6] INFO  server.RaftServerConfigKeys (ConfUtils.java:logGet(43)) - raft.server.log.appender.install.snapshot.enabled = false (custom)
2019-10-30 05:53:01,054 [7fae3aed-4e76-4283-a599-f93f794625ab@group-BCADF287A12B-LeaderElection6] INFO  server.RaftServerConfigKeys (ConfUtils.java:logGet(43)) - raft.server.log.appender.snapshot.chunk.size.max = 16MB (=16777216) (default)
2019-10-30 05:53:01,054 [7fae3aed-4e76-4283-a599-f93f794625ab@group-BCADF287A12B-LeaderElection6] INFO  server.RaftServerConfigKeys (ConfUtils.java:logGet(43)) - raft.server.log.appender.buffer.byte-limit = 33554432 (custom)
2019-10-30 05:53:01,054 [7fae3aed-4e76-4283-a599-f93f794625ab@group-BCADF287A12B-LeaderElection6] INFO  server.RaftServerConfigKeys (ConfUtils.java:logGet(43)) - raft.server.log.appender.buffer.element-limit = 1 (custom)
2019-10-30 05:53:01,055 [7fae3aed-4e76-4283-a599-f93f794625ab@group-BCADF287A12B-LeaderElection6] INFO  grpc.GrpcConfigKeys$Server (ConfUtils.java:logGet(43)) - raft.grpc.server.leader.outstanding.appends.max = 128 (default)
2019-10-30 05:53:01,055 [7fae3aed-4e76-4283-a599-f93f794625ab@group-BCADF287A12B-LeaderElection6] INFO  server.RaftServerConfigKeys (ConfUtils.java:logGet(43)) - raft.server.rpc.request.timeout = 3000ms (default)
2019-10-30 05:53:01,055 [7fae3aed-4e76-4283-a599-f93f794625ab@group-BCADF287A12B-LeaderElection6] INFO  server.RaftServerConfigKeys (ConfUtils.java:logGet(43)) - raft.server.log.appender.install.snapshot.enabled = false (custom)
2019-10-30 05:53:01,059 [7fae3aed-4e76-4283-a599-f93f794625ab@group-BCADF287A12B-LeaderElection6] INFO  impl.RoleInfo (RoleInfo.java:updateAndGet(143)) - 7fae3aed-4e76-4283-a599-f93f794625ab: start LeaderState
2019-10-30 05:53:01,059 [7fae3aed-4e76-4283-a599-f93f794625ab@group-BCADF287A12B-LeaderElection6] INFO  segmented.SegmentedRaftLogWorker (SegmentedRaftLogWorker.java:startLogSegment(385)) - 7fae3aed-4e76-4283-a599-f93f794625ab@group-BCADF287A12B-SegmentedRaftLogWorker: Starting segment from index:0
2019-10-30 05:53:01,059 [58095e90-3010-492a-9083-43cf2e035c3f@group-BCADF287A12B-LeaderElection7] INFO  impl.LeaderElection (LeaderElection.java:askForVotes(178)) - 58095e90-3010-492a-9083-43cf2e035c3f@group-BCADF287A12B-LeaderElection7: begin an election at term 2 for -1: [7fae3aed-4e76-4283-a599-f93f794625ab:192.168.34.21:41352, 58095e90-3010-492a-9083-43cf2e035c3f:192.168.34.21:45284, 9127dd83-037b-4d39-812f-66db56af525a:192.168.34.21:42063], old=null
2019-10-30 05:53:01,061 [7fae3aed-4e76-4283-a599-f93f794625ab@group-BCADF287A12B-LeaderElection6] INFO  impl.RaftServerImpl (ServerState.java:setRaftConf(357)) - 7fae3aed-4e76-4283-a599-f93f794625ab@group-BCADF287A12B: set configuration 0: [7fae3aed-4e76-4283-a599-f93f794625ab:192.168.34.21:41352, 58095e90-3010-492a-9083-43cf2e035c3f:192.168.34.21:45284, 9127dd83-037b-4d39-812f-66db56af525a:192.168.34.21:42063], old=null at 0
2019-10-30 05:53:01,092 [7fae3aed-4e76-4283-a599-f93f794625ab@group-BCADF287A12B-SegmentedRaftLogWorker] INFO  segmented.SegmentedRaftLogWorker (SegmentedRaftLogWorker.java:execute(576)) - 7fae3aed-4e76-4283-a599-f93f794625ab@group-BCADF287A12B-SegmentedRaftLogWorker: created new log segment /workdir/hadoop-ozone/integration-test/target/test-dir/MiniOzoneClusterImpl-54112d89-f567-4586-9652-9c819d7a3bb6/datanode-0/data/ratis/f296a12d-160e-40a6-852b-bcadf287a12b/current/log_inprogress_0
2019-10-30 05:53:01,098 [grpc-default-executor-1] INFO  impl.RaftServerImpl (RaftServerImpl.java:setRole(184)) - 9127dd83-037b-4d39-812f-66db56af525a@group-BCADF287A12B: changes role from  FOLLOWER to FOLLOWER at term 2 for recognizeCandidate:58095e90-3010-492a-9083-43cf2e035c3f
2019-10-30 05:53:01,098 [grpc-default-executor-1] INFO  impl.RoleInfo (RoleInfo.java:shutdownFollowerState(121)) - 9127dd83-037b-4d39-812f-66db56af525a: shutdown FollowerState
2019-10-30 05:53:01,098 [grpc-default-executor-1] INFO  impl.RoleInfo (RoleInfo.java:updateAndGet(143)) - 9127dd83-037b-4d39-812f-66db56af525a: start FollowerState
2019-10-30 05:53:01,098 [Thread-233] INFO  impl.FollowerState (FollowerState.java:run(117)) - 9127dd83-037b-4d39-812f-66db56af525a@group-BCADF287A12B-FollowerState was interrupted: java.lang.InterruptedException: sleep interrupted
2019-10-30 05:53:01,100 [grpc-default-executor-2] INFO  impl.RaftServerImpl (ServerState.java:setLeader(256)) - 7fae3aed-4e76-4283-a599-f93f794625ab@group-BCADF287A12B: change Leader from 7fae3aed-4e76-4283-a599-f93f794625ab to null at term 2 for updateCurrentTerm
2019-10-30 05:53:01,100 [grpc-default-executor-2] INFO  impl.RaftServerImpl (RaftServerImpl.java:setRole(184)) - 7fae3aed-4e76-4283-a599-f93f794625ab@group-BCADF287A12B: changes role from    LEADER to FOLLOWER at term 2 for recognizeCandidate:58095e90-3010-492a-9083-43cf2e035c3f
2019-10-30 05:53:01,100 [grpc-default-executor-2] INFO  impl.RoleInfo (RoleInfo.java:shutdownLeaderState(104)) - 7fae3aed-4e76-4283-a599-f93f794625ab: shutdown LeaderState
2019-10-30 05:53:01,102 [org.apache.ratis.server.impl.LogAppender$AppenderDaemon$$Lambda$400/1685956510@b8025b3] WARN  server.GrpcLogAppender (GrpcLogAppender.java:mayWait(149)) - 7fae3aed-4e76-4283-a599-f93f794625ab@group-BCADF287A12B->58095e90-3010-492a-9083-43cf2e035c3f-GrpcLogAppender: Wait interrupted by java.lang.InterruptedException
2019-10-30 05:53:01,103 [grpc-default-executor-2] INFO  impl.PendingRequests (PendingRequests.java:sendNotLeaderResponses(202)) - 7fae3aed-4e76-4283-a599-f93f794625ab@group-BCADF287A12B-PendingRequests: sendNotLeaderResponses
2019-10-30 05:53:01,102 [org.apache.ratis.server.impl.LogAppender$AppenderDaemon$$Lambda$400/1685956510@365e133f] WARN  server.GrpcLogAppender (GrpcLogAppender.java:mayWait(149)) - 7fae3aed-4e76-4283-a599-f93f794625ab@group-BCADF287A12B->9127dd83-037b-4d39-812f-66db56af525a-GrpcLogAppender: Wait interrupted by java.lang.InterruptedException
2019-10-30 05:53:01,105 [grpc-default-executor-2] INFO  impl.RoleInfo (RoleInfo.java:updateAndGet(143)) - 7fae3aed-4e76-4283-a599-f93f794625ab: start FollowerState
2019-10-30 05:53:01,108 [grpc-default-executor-0] INFO  server.GrpcServerProtocolService (GrpcServerProtocolService.java:onCompleted(113)) - 9127dd83-037b-4d39-812f-66db56af525a: Completed APPEND_ENTRIES, lastRequest: null
2019-10-30 05:53:01,108 [grpc-default-executor-3] INFO  server.GrpcServerProtocolService (GrpcServerProtocolService.java:onCompleted(113)) - 58095e90-3010-492a-9083-43cf2e035c3f: Completed APPEND_ENTRIES, lastRequest: null
2019-10-30 05:53:01,111 [grpc-default-executor-2] INFO  server.GrpcLogAppender (GrpcLogAppender.java:onCompleted(308)) - 7fae3aed-4e76-4283-a599-f93f794625ab@group-BCADF287A12B->58095e90-3010-492a-9083-43cf2e035c3f-AppendLogResponseHandler: follower responses appendEntries COMPLETED
2019-10-30 05:53:01,111 [58095e90-3010-492a-9083-43cf2e035c3f@group-BCADF287A12B-LeaderElection7] INFO  impl.LeaderElection (LeaderElection.java:logAndReturn(56)) - 58095e90-3010-492a-9083-43cf2e035c3f@group-BCADF287A12B-LeaderElection7: Election PASSED; received 1 response(s) [58095e90-3010-492a-9083-43cf2e035c3f<-9127dd83-037b-4d39-812f-66db56af525a#0:OK-t2] and 0 exception(s); 58095e90-3010-492a-9083-43cf2e035c3f@group-BCADF287A12B:t2, leader=null, voted=58095e90-3010-492a-9083-43cf2e035c3f, raftlog=58095e90-3010-492a-9083-43cf2e035c3f@group-BCADF287A12B-SegmentedRaftLog:OPENED:c-1,f-1,i0, conf=-1: [7fae3aed-4e76-4283-a599-f93f794625ab:192.168.34.21:41352, 58095e90-3010-492a-9083-43cf2e035c3f:192.168.34.21:45284, 9127dd83-037b-4d39-812f-66db56af525a:192.168.34.21:42063], old=null
2019-10-30 05:53:01,112 [grpc-default-executor-3] INFO  server.GrpcLogAppender (GrpcLogAppender.java:onCompleted(308)) - 7fae3aed-4e76-4283-a599-f93f794625ab@group-BCADF287A12B->9127dd83-037b-4d39-812f-66db56af525a-AppendLogResponseHandler: follower responses appendEntries COMPLETED
2019-10-30 05:53:01,112 [58095e90-3010-492a-9083-43cf2e035c3f@group-BCADF287A12B-LeaderElection7] INFO  impl.RoleInfo (RoleInfo.java:shutdownLeaderElection(134)) - 58095e90-3010-492a-9083-43cf2e035c3f: shutdown LeaderElection
2019-10-30 05:53:01,114 [58095e90-3010-492a-9083-43cf2e035c3f@group-BCADF287A12B-LeaderElection7] INFO  impl.RaftServerImpl (RaftServerImpl.java:setRole(184)) - 58095e90-3010-492a-9083-43cf2e035c3f@group-BCADF287A12B: changes role from CANDIDATE to LEADER at term 2 for changeToLeader
2019-10-30 05:53:01,115 [Thread-240] INFO  impl.FollowerState (FollowerState.java:run(108)) - 9127dd83-037b-4d39-812f-66db56af525a@group-BCADF287A12B-FollowerState: change to CANDIDATE, lastRpcTime:16ms, electionTimeout:15ms
2019-10-30 05:53:01,115 [58095e90-3010-492a-9083-43cf2e035c3f@group-BCADF287A12B-LeaderElection7] INFO  impl.RaftServerImpl (ServerState.java:setLeader(256)) - 58095e90-3010-492a-9083-43cf2e035c3f@group-BCADF287A12B: change Leader from null to 58095e90-3010-492a-9083-43cf2e035c3f at term 2 for becomeLeader, leader elected after 215ms
2019-10-30 05:53:01,117 [Thread-240] INFO  impl.RoleInfo (RoleInfo.java:shutdownFollowerState(121)) - 9127dd83-037b-4d39-812f-66db56af525a: shutdown FollowerState
2019-10-30 05:53:01,117 [58095e90-3010-492a-9083-43cf2e035c3f@group-BCADF287A12B-LeaderElection7] INFO  server.RaftServerConfigKeys (ConfUtils.java:logGet(43)) - raft.server.staging.catchup.gap = 1000 (default)
2019-10-30 05:53:01,118 [Thread-240] INFO  impl.RaftServerImpl (RaftServerImpl.java:setRole(184)) - 9127dd83-037b-4d39-812f-66db56af525a@group-BCADF287A12B: changes role from  FOLLOWER to CANDIDATE at term 2 for changeToCandidate
2019-10-30 05:53:01,118 [58095e90-3010-492a-9083-43cf2e035c3f@group-BCADF287A12B-LeaderElection7] INFO  server.RaftServerConfigKeys (ConfUtils.java:logGet(43)) - raft.server.rpc.sleep.time = 25ms (default)
2019-10-30 05:53:01,118 [Thread-240] INFO  impl.RoleInfo (RoleInfo.java:updateAndGet(143)) - 9127dd83-037b-4d39-812f-66db56af525a: start LeaderElection
2019-10-30 05:53:01,118 [grpc-default-executor-2] INFO  impl.FollowerInfo (FollowerInfo.java:lambda$new$0(51)) - 7fae3aed-4e76-4283-a599-f93f794625ab@group-BCADF287A12B->58095e90-3010-492a-9083-43cf2e035c3f: nextIndex: updateUnconditionally 0 -> 0
2019-10-30 05:53:01,120 [58095e90-3010-492a-9083-43cf2e035c3f@group-BCADF287A12B-LeaderElection7] INFO  server.RaftServerConfigKeys (ConfUtils.java:logGet(43)) - raft.server.write.element-limit = 4096 (default)
2019-10-30 05:53:01,120 [58095e90-3010-492a-9083-43cf2e035c3f@group-BCADF287A12B-LeaderElection7] INFO  server.RaftServerConfigKeys (ConfUtils.java:logGet(43)) - raft.server.watch.timeout = 10s (default)
2019-10-30 05:53:01,120 [grpc-default-executor-3] INFO  impl.FollowerInfo (FollowerInfo.java:lambda$new$0(51)) - 7fae3aed-4e76-4283-a599-f93f794625ab@group-BCADF287A12B->9127dd83-037b-4d39-812f-66db56af525a: nextIndex: updateUnconditionally 0 -> 0
2019-10-30 05:53:01,123 [58095e90-3010-492a-9083-43cf2e035c3f@group-BCADF287A12B-LeaderElection7] INFO  server.RaftServerConfigKeys (ConfUtils.java:logGet(43)) - raft.server.watch.timeout.denomination = 1s (default)
2019-10-30 05:53:01,123 [58095e90-3010-492a-9083-43cf2e035c3f@group-BCADF287A12B-LeaderElection7] INFO  server.RaftServerConfigKeys (ConfUtils.java:logGet(43)) - raft.server.watch.element-limit = 65536 (default)
2019-10-30 05:53:01,126 [58095e90-3010-492a-9083-43cf2e035c3f@group-BCADF287A12B-LeaderElection7] INFO  server.RaftServerConfigKeys (ConfUtils.java:logGet(43)) - raft.server.log.appender.snapshot.chunk.size.max = 16MB (=16777216) (default)
2019-10-30 05:53:01,126 [58095e90-3010-492a-9083-43cf2e035c3f@group-BCADF287A12B-LeaderElection7] INFO  server.RaftServerConfigKeys (ConfUtils.java:logGet(43)) - raft.server.log.appender.buffer.byte-limit = 33554432 (custom)
2019-10-30 05:53:01,126 [58095e90-3010-492a-9083-43cf2e035c3f@group-BCADF287A12B-LeaderElection7] INFO  server.RaftServerConfigKeys (ConfUtils.java:logGet(43)) - raft.server.log.appender.buffer.element-limit = 1 (custom)
2019-10-30 05:53:01,126 [58095e90-3010-492a-9083-43cf2e035c3f@group-BCADF287A12B-LeaderElection7] INFO  grpc.GrpcConfigKeys$Server (ConfUtils.java:logGet(43)) - raft.grpc.server.leader.outstanding.appends.max = 128 (default)
2019-10-30 05:53:01,126 [58095e90-3010-492a-9083-43cf2e035c3f@group-BCADF287A12B-LeaderElection7] INFO  server.RaftServerConfigKeys (ConfUtils.java:logGet(43)) - raft.server.rpc.request.timeout = 3000ms (default)
2019-10-30 05:53:01,126 [58095e90-3010-492a-9083-43cf2e035c3f@group-BCADF287A12B-LeaderElection7] INFO  server.RaftServerConfigKeys (ConfUtils.java:logGet(43)) - raft.server.log.appender.install.snapshot.enabled = false (custom)
2019-10-30 05:53:01,129 [58095e90-3010-492a-9083-43cf2e035c3f@group-BCADF287A12B-LeaderElection7] INFO  server.RaftServerConfigKeys (ConfUtils.java:logGet(43)) - raft.server.log.appender.snapshot.chunk.size.max = 16MB (=16777216) (default)
2019-10-30 05:53:01,129 [58095e90-3010-492a-9083-43cf2e035c3f@group-BCADF287A12B-LeaderElection7] INFO  server.RaftServerConfigKeys (ConfUtils.java:logGet(43)) - raft.server.log.appender.buffer.byte-limit = 33554432 (custom)
2019-10-30 05:53:01,129 [58095e90-3010-492a-9083-43cf2e035c3f@group-BCADF287A12B-LeaderElection7] INFO  server.RaftServerConfigKeys (ConfUtils.java:logGet(43)) - raft.server.log.appender.buffer.element-limit = 1 (custom)
2019-10-30 05:53:01,129 [58095e90-3010-492a-9083-43cf2e035c3f@group-BCADF287A12B-LeaderElection7] INFO  grpc.GrpcConfigKeys$Server (ConfUtils.java:logGet(43)) - raft.grpc.server.leader.outstanding.appends.max = 128 (default)
2019-10-30 05:53:01,129 [58095e90-3010-492a-9083-43cf2e035c3f@group-BCADF287A12B-LeaderElection7] INFO  server.RaftServerConfigKeys (ConfUtils.java:logGet(43)) - raft.server.rpc.request.timeout = 3000ms (default)
2019-10-30 05:53:01,129 [58095e90-3010-492a-9083-43cf2e035c3f@group-BCADF287A12B-LeaderElection7] INFO  server.RaftServerConfigKeys (ConfUtils.java:logGet(43)) - raft.server.log.appender.install.snapshot.enabled = false (custom)
2019-10-30 05:53:01,132 [58095e90-3010-492a-9083-43cf2e035c3f@group-BCADF287A12B-LeaderElection7] INFO  impl.RoleInfo (RoleInfo.java:updateAndGet(143)) - 58095e90-3010-492a-9083-43cf2e035c3f: start LeaderState
2019-10-30 05:53:01,132 [58095e90-3010-492a-9083-43cf2e035c3f@group-BCADF287A12B-LeaderElection7] INFO  segmented.SegmentedRaftLogWorker (SegmentedRaftLogWorker.java:startLogSegment(385)) - 58095e90-3010-492a-9083-43cf2e035c3f@group-BCADF287A12B-SegmentedRaftLogWorker: Starting segment from index:0
2019-10-30 05:53:01,133 [58095e90-3010-492a-9083-43cf2e035c3f@group-BCADF287A12B-LeaderElection7] INFO  impl.RaftServerImpl (ServerState.java:setRaftConf(357)) - 58095e90-3010-492a-9083-43cf2e035c3f@group-BCADF287A12B: set configuration 0: [7fae3aed-4e76-4283-a599-f93f794625ab:192.168.34.21:41352, 58095e90-3010-492a-9083-43cf2e035c3f:192.168.34.21:45284, 9127dd83-037b-4d39-812f-66db56af525a:192.168.34.21:42063], old=null at 0
2019-10-30 05:53:01,148 [9127dd83-037b-4d39-812f-66db56af525a@group-BCADF287A12B-LeaderElection8] INFO  impl.LeaderElection (LeaderElection.java:askForVotes(178)) - 9127dd83-037b-4d39-812f-66db56af525a@group-BCADF287A12B-LeaderElection8: begin an election at term 3 for -1: [7fae3aed-4e76-4283-a599-f93f794625ab:192.168.34.21:41352, 58095e90-3010-492a-9083-43cf2e035c3f:192.168.34.21:45284, 9127dd83-037b-4d39-812f-66db56af525a:192.168.34.21:42063], old=null
2019-10-30 05:53:01,159 [grpc-default-executor-1] INFO  impl.RaftServerImpl (ServerState.java:setLeader(256)) - 58095e90-3010-492a-9083-43cf2e035c3f@group-BCADF287A12B: change Leader from 58095e90-3010-492a-9083-43cf2e035c3f to null at term 3 for updateCurrentTerm
2019-10-30 05:53:01,159 [grpc-default-executor-1] INFO  impl.RaftServerImpl (RaftServerImpl.java:setRole(184)) - 58095e90-3010-492a-9083-43cf2e035c3f@group-BCADF287A12B: changes role from    LEADER to FOLLOWER at term 3 for recognizeCandidate:9127dd83-037b-4d39-812f-66db56af525a
2019-10-30 05:53:01,159 [grpc-default-executor-1] INFO  impl.RoleInfo (RoleInfo.java:shutdownLeaderState(104)) - 58095e90-3010-492a-9083-43cf2e035c3f: shutdown LeaderState
2019-10-30 05:53:01,159 [grpc-default-executor-2] INFO  impl.RaftServerImpl (RaftServerImpl.java:setRole(184)) - 7fae3aed-4e76-4283-a599-f93f794625ab@group-BCADF287A12B: changes role from  FOLLOWER to FOLLOWER at term 3 for recognizeCandidate:9127dd83-037b-4d39-812f-66db56af525a
2019-10-30 05:53:01,161 [grpc-default-executor-1] INFO  impl.PendingRequests (PendingRequests.java:sendNotLeaderResponses(202)) - 58095e90-3010-492a-9083-43cf2e035c3f@group-BCADF287A12B-PendingRequests: sendNotLeaderResponses
2019-10-30 05:53:01,161 [org.apache.ratis.server.impl.LogAppender$AppenderDaemon$$Lambda$400/1685956510@77a3866f] WARN  server.GrpcLogAppender (GrpcLogAppender.java:mayWait(149)) - 58095e90-3010-492a-9083-43cf2e035c3f@group-BCADF287A12B->9127dd83-037b-4d39-812f-66db56af525a-GrpcLogAppender: Wait interrupted by java.lang.InterruptedException
2019-10-30 05:53:01,161 [org.apache.ratis.server.impl.LogAppender$AppenderDaemon$$Lambda$400/1685956510@462f0051] WARN  server.GrpcLogAppender (GrpcLogAppender.java:mayWait(149)) - 58095e90-3010-492a-9083-43cf2e035c3f@group-BCADF287A12B->7fae3aed-4e76-4283-a599-f93f794625ab-GrpcLogAppender: Wait interrupted by java.lang.InterruptedException
2019-10-30 05:53:01,162 [grpc-default-executor-1] INFO  impl.RoleInfo (RoleInfo.java:updateAndGet(143)) - 58095e90-3010-492a-9083-43cf2e035c3f: start FollowerState
2019-10-30 05:53:01,162 [grpc-default-executor-2] INFO  impl.RoleInfo (RoleInfo.java:shutdownFollowerState(121)) - 7fae3aed-4e76-4283-a599-f93f794625ab: shutdown FollowerState
2019-10-30 05:53:01,162 [58095e90-3010-492a-9083-43cf2e035c3f@group-BCADF287A12B-SegmentedRaftLogWorker] INFO  segmented.SegmentedRaftLogWorker (SegmentedRaftLogWorker.java:execute(576)) - 58095e90-3010-492a-9083-43cf2e035c3f@group-BCADF287A12B-SegmentedRaftLogWorker: created new log segment /workdir/hadoop-ozone/integration-test/target/test-dir/MiniOzoneClusterImpl-54112d89-f567-4586-9652-9c819d7a3bb6/datanode-1/data/ratis/f296a12d-160e-40a6-852b-bcadf287a12b/current/log_inprogress_0
2019-10-30 05:53:01,164 [Thread-241] INFO  impl.FollowerState (FollowerState.java:run(117)) - 7fae3aed-4e76-4283-a599-f93f794625ab@group-BCADF287A12B-FollowerState was interrupted: java.lang.InterruptedException: sleep interrupted
2019-10-30 05:53:01,164 [grpc-default-executor-2] INFO  impl.RoleInfo (RoleInfo.java:updateAndGet(143)) - 7fae3aed-4e76-4283-a599-f93f794625ab: start FollowerState
2019-10-30 05:53:01,168 [grpc-default-executor-3] INFO  server.GrpcServerProtocolService (GrpcServerProtocolService.java:onCompleted(113)) - 9127dd83-037b-4d39-812f-66db56af525a: Completed APPEND_ENTRIES, lastRequest: 58095e90-3010-492a-9083-43cf2e035c3f->9127dd83-037b-4d39-812f-66db56af525a#0-t2, previous=(t:0, i:0), leaderCommit=-1, initializing? false, entries: <empty>
2019-10-30 05:53:01,179 [grpc-default-executor-3] INFO  server.GrpcLogAppender (GrpcLogAppender.java:onCompleted(308)) - 58095e90-3010-492a-9083-43cf2e035c3f@group-BCADF287A12B->9127dd83-037b-4d39-812f-66db56af525a-AppendLogResponseHandler: follower responses appendEntries COMPLETED
2019-10-30 05:53:01,180 [grpc-default-executor-0] INFO  server.GrpcServerProtocolService (GrpcServerProtocolService.java:onCompleted(113)) - 7fae3aed-4e76-4283-a599-f93f794625ab: Completed APPEND_ENTRIES, lastRequest: 58095e90-3010-492a-9083-43cf2e035c3f->7fae3aed-4e76-4283-a599-f93f794625ab#0-t2, previous=(t:0, i:0), leaderCommit=-1, initializing? false, entries: <empty>
2019-10-30 05:53:01,181 [grpc-default-executor-3] INFO  impl.FollowerInfo (FollowerInfo.java:lambda$new$0(51)) - 58095e90-3010-492a-9083-43cf2e035c3f@group-BCADF287A12B->9127dd83-037b-4d39-812f-66db56af525a: nextIndex: updateUnconditionally 0 -> 0
2019-10-30 05:53:01,185 [9127dd83-037b-4d39-812f-66db56af525a@group-BCADF287A12B-LeaderElection8] INFO  impl.LeaderElection (LeaderElection.java:logAndReturn(56)) - 9127dd83-037b-4d39-812f-66db56af525a@group-BCADF287A12B-LeaderElection8: Election REJECTED; received 2 response(s) [9127dd83-037b-4d39-812f-66db56af525a<-7fae3aed-4e76-4283-a599-f93f794625ab#0:FAIL-t3, 9127dd83-037b-4d39-812f-66db56af525a<-58095e90-3010-492a-9083-43cf2e035c3f#0:FAIL-t3] and 0 exception(s); 9127dd83-037b-4d39-812f-66db56af525a@group-BCADF287A12B:t3, leader=null, voted=9127dd83-037b-4d39-812f-66db56af525a, raftlog=9127dd83-037b-4d39-812f-66db56af525a@group-BCADF287A12B-SegmentedRaftLog:OPENED:c-1,f-1,i0, conf=-1: [7fae3aed-4e76-4283-a599-f93f794625ab:192.168.34.21:41352, 58095e90-3010-492a-9083-43cf2e035c3f:192.168.34.21:45284, 9127dd83-037b-4d39-812f-66db56af525a:192.168.34.21:42063], old=null
2019-10-30 05:53:01,186 [9127dd83-037b-4d39-812f-66db56af525a@group-BCADF287A12B-LeaderElection8] INFO  impl.RaftServerImpl (RaftServerImpl.java:setRole(184)) - 9127dd83-037b-4d39-812f-66db56af525a@group-BCADF287A12B: changes role from CANDIDATE to FOLLOWER at term 3 for DISCOVERED_A_NEW_TERM
2019-10-30 05:53:01,186 [9127dd83-037b-4d39-812f-66db56af525a@group-BCADF287A12B-LeaderElection8] INFO  impl.RoleInfo (RoleInfo.java:shutdownLeaderElection(134)) - 9127dd83-037b-4d39-812f-66db56af525a: shutdown LeaderElection
2019-10-30 05:53:01,186 [grpc-default-executor-3] INFO  server.GrpcLogAppender (GrpcLogAppender.java:onCompleted(308)) - 58095e90-3010-492a-9083-43cf2e035c3f@group-BCADF287A12B->7fae3aed-4e76-4283-a599-f93f794625ab-AppendLogResponseHandler: follower responses appendEntries COMPLETED
2019-10-30 05:53:01,187 [9127dd83-037b-4d39-812f-66db56af525a@group-BCADF287A12B-LeaderElection8] INFO  impl.RoleInfo (RoleInfo.java:updateAndGet(143)) - 9127dd83-037b-4d39-812f-66db56af525a: start FollowerState
2019-10-30 05:53:01,189 [grpc-default-executor-3] INFO  impl.FollowerInfo (FollowerInfo.java:lambda$new$0(51)) - 58095e90-3010-492a-9083-43cf2e035c3f@group-BCADF287A12B->7fae3aed-4e76-4283-a599-f93f794625ab: nextIndex: updateUnconditionally 0 -> 0
2019-10-30 05:53:01,351 [main] INFO  ozone.MiniOzoneClusterImpl (MiniOzoneClusterImpl.java:lambda$waitForClusterToBeReady$0(147)) - Cluster is ready. Got 4 of 4 DN Heartbeats.
2019-10-30 05:53:01,389 [Thread-252] INFO  impl.FollowerState (FollowerState.java:run(108)) - 9127dd83-037b-4d39-812f-66db56af525a@group-BCADF287A12B-FollowerState: change to CANDIDATE, lastRpcTime:202ms, electionTimeout:200ms
2019-10-30 05:53:01,389 [Thread-252] INFO  impl.RoleInfo (RoleInfo.java:shutdownFollowerState(121)) - 9127dd83-037b-4d39-812f-66db56af525a: shutdown FollowerState
2019-10-30 05:53:01,389 [Thread-252] INFO  impl.RaftServerImpl (RaftServerImpl.java:setRole(184)) - 9127dd83-037b-4d39-812f-66db56af525a@group-BCADF287A12B: changes role from  FOLLOWER to CANDIDATE at term 3 for changeToCandidate
2019-10-30 05:53:01,390 [Thread-252] INFO  impl.RoleInfo (RoleInfo.java:updateAndGet(143)) - 9127dd83-037b-4d39-812f-66db56af525a: start LeaderElection
2019-10-30 05:53:01,403 [9127dd83-037b-4d39-812f-66db56af525a@group-BCADF287A12B-LeaderElection9] INFO  impl.LeaderElection (LeaderElection.java:askForVotes(178)) - 9127dd83-037b-4d39-812f-66db56af525a@group-BCADF287A12B-LeaderElection9: begin an election at term 4 for -1: [7fae3aed-4e76-4283-a599-f93f794625ab:192.168.34.21:41352, 58095e90-3010-492a-9083-43cf2e035c3f:192.168.34.21:45284, 9127dd83-037b-4d39-812f-66db56af525a:192.168.34.21:42063], old=null
2019-10-30 05:53:01,408 [grpc-default-executor-0] INFO  impl.RaftServerImpl (RaftServerImpl.java:setRole(184)) - 58095e90-3010-492a-9083-43cf2e035c3f@group-BCADF287A12B: changes role from  FOLLOWER to FOLLOWER at term 4 for recognizeCandidate:9127dd83-037b-4d39-812f-66db56af525a
2019-10-30 05:53:01,408 [grpc-default-executor-3] INFO  impl.RaftServerImpl (RaftServerImpl.java:setRole(184)) - 7fae3aed-4e76-4283-a599-f93f794625ab@group-BCADF287A12B: changes role from  FOLLOWER to FOLLOWER at term 4 for recognizeCandidate:9127dd83-037b-4d39-812f-66db56af525a
2019-10-30 05:53:01,408 [grpc-default-executor-0] INFO  impl.RoleInfo (RoleInfo.java:shutdownFollowerState(121)) - 58095e90-3010-492a-9083-43cf2e035c3f: shutdown FollowerState
2019-10-30 05:53:01,408 [grpc-default-executor-3] INFO  impl.RoleInfo (RoleInfo.java:shutdownFollowerState(121)) - 7fae3aed-4e76-4283-a599-f93f794625ab: shutdown FollowerState
2019-10-30 05:53:01,408 [Thread-250] INFO  impl.FollowerState (FollowerState.java:run(117)) - 58095e90-3010-492a-9083-43cf2e035c3f@group-BCADF287A12B-FollowerState was interrupted: java.lang.InterruptedException: sleep interrupted
2019-10-30 05:53:01,408 [grpc-default-executor-0] INFO  impl.RoleInfo (RoleInfo.java:updateAndGet(143)) - 58095e90-3010-492a-9083-43cf2e035c3f: start FollowerState
2019-10-30 05:53:01,408 [grpc-default-executor-3] INFO  impl.RoleInfo (RoleInfo.java:updateAndGet(143)) - 7fae3aed-4e76-4283-a599-f93f794625ab: start FollowerState
2019-10-30 05:53:01,408 [Thread-251] INFO  impl.FollowerState (FollowerState.java:run(117)) - 7fae3aed-4e76-4283-a599-f93f794625ab@group-BCADF287A12B-FollowerState was interrupted: java.lang.InterruptedException: sleep interrupted
2019-10-30 05:53:01,424 [9127dd83-037b-4d39-812f-66db56af525a@group-BCADF287A12B-LeaderElection9] INFO  impl.LeaderElection (LeaderElection.java:logAndReturn(56)) - 9127dd83-037b-4d39-812f-66db56af525a@group-BCADF287A12B-LeaderElection9: Election REJECTED; received 2 response(s) [9127dd83-037b-4d39-812f-66db56af525a<-7fae3aed-4e76-4283-a599-f93f794625ab#0:FAIL-t4, 9127dd83-037b-4d39-812f-66db56af525a<-58095e90-3010-492a-9083-43cf2e035c3f#0:FAIL-t4] and 0 exception(s); 9127dd83-037b-4d39-812f-66db56af525a@group-BCADF287A12B:t4, leader=null, voted=9127dd83-037b-4d39-812f-66db56af525a, raftlog=9127dd83-037b-4d39-812f-66db56af525a@group-BCADF287A12B-SegmentedRaftLog:OPENED:c-1,f-1,i0, conf=-1: [7fae3aed-4e76-4283-a599-f93f794625ab:192.168.34.21:41352, 58095e90-3010-492a-9083-43cf2e035c3f:192.168.34.21:45284, 9127dd83-037b-4d39-812f-66db56af525a:192.168.34.21:42063], old=null
2019-10-30 05:53:01,424 [9127dd83-037b-4d39-812f-66db56af525a@group-BCADF287A12B-LeaderElection9] INFO  impl.RaftServerImpl (RaftServerImpl.java:setRole(184)) - 9127dd83-037b-4d39-812f-66db56af525a@group-BCADF287A12B: changes role from CANDIDATE to FOLLOWER at term 4 for DISCOVERED_A_NEW_TERM
2019-10-30 05:53:01,426 [9127dd83-037b-4d39-812f-66db56af525a@group-BCADF287A12B-LeaderElection9] INFO  impl.RoleInfo (RoleInfo.java:shutdownLeaderElection(134)) - 9127dd83-037b-4d39-812f-66db56af525a: shutdown LeaderElection
2019-10-30 05:53:01,426 [9127dd83-037b-4d39-812f-66db56af525a@group-BCADF287A12B-LeaderElection9] INFO  impl.RoleInfo (RoleInfo.java:updateAndGet(143)) - 9127dd83-037b-4d39-812f-66db56af525a: start FollowerState
2019-10-30 05:53:01,429 [Thread-258] INFO  impl.FollowerState (FollowerState.java:run(108)) - 9127dd83-037b-4d39-812f-66db56af525a@group-BCADF287A12B-FollowerState: change to CANDIDATE, lastRpcTime:2ms, electionTimeout:2ms
2019-10-30 05:53:01,429 [Thread-258] INFO  impl.RoleInfo (RoleInfo.java:shutdownFollowerState(121)) - 9127dd83-037b-4d39-812f-66db56af525a: shutdown FollowerState
2019-10-30 05:53:01,429 [Thread-258] INFO  impl.RaftServerImpl (RaftServerImpl.java:setRole(184)) - 9127dd83-037b-4d39-812f-66db56af525a@group-BCADF287A12B: changes role from  FOLLOWER to CANDIDATE at term 4 for changeToCandidate
2019-10-30 05:53:01,430 [Thread-258] INFO  impl.RoleInfo (RoleInfo.java:updateAndGet(143)) - 9127dd83-037b-4d39-812f-66db56af525a: start LeaderElection
2019-10-30 05:53:01,440 [9127dd83-037b-4d39-812f-66db56af525a@group-BCADF287A12B-LeaderElection10] INFO  impl.LeaderElection (LeaderElection.java:askForVotes(178)) - 9127dd83-037b-4d39-812f-66db56af525a@group-BCADF287A12B-LeaderElection10: begin an election at term 5 for -1: [7fae3aed-4e76-4283-a599-f93f794625ab:192.168.34.21:41352, 58095e90-3010-492a-9083-43cf2e035c3f:192.168.34.21:45284, 9127dd83-037b-4d39-812f-66db56af525a:192.168.34.21:42063], old=null
2019-10-30 05:53:01,446 [grpc-default-executor-3] INFO  impl.RaftServerImpl (RaftServerImpl.java:setRole(184)) - 7fae3aed-4e76-4283-a599-f93f794625ab@group-BCADF287A12B: changes role from  FOLLOWER to FOLLOWER at term 5 for recognizeCandidate:9127dd83-037b-4d39-812f-66db56af525a
2019-10-30 05:53:01,447 [grpc-default-executor-3] INFO  impl.RoleInfo (RoleInfo.java:shutdownFollowerState(121)) - 7fae3aed-4e76-4283-a599-f93f794625ab: shutdown FollowerState
2019-10-30 05:53:01,447 [grpc-default-executor-0] INFO  impl.RaftServerImpl (RaftServerImpl.java:setRole(184)) - 58095e90-3010-492a-9083-43cf2e035c3f@group-BCADF287A12B: changes role from  FOLLOWER to FOLLOWER at term 5 for recognizeCandidate:9127dd83-037b-4d39-812f-66db56af525a
2019-10-30 05:53:01,447 [grpc-default-executor-3] INFO  impl.RoleInfo (RoleInfo.java:updateAndGet(143)) - 7fae3aed-4e76-4283-a599-f93f794625ab: start FollowerState
2019-10-30 05:53:01,447 [Thread-257] INFO  impl.FollowerState (FollowerState.java:run(117)) - 7fae3aed-4e76-4283-a599-f93f794625ab@group-BCADF287A12B-FollowerState was interrupted: java.lang.InterruptedException: sleep interrupted
2019-10-30 05:53:01,447 [grpc-default-executor-0] INFO  impl.RoleInfo (RoleInfo.java:shutdownFollowerState(121)) - 58095e90-3010-492a-9083-43cf2e035c3f: shutdown FollowerState
2019-10-30 05:53:01,448 [Thread-256] INFO  impl.FollowerState (FollowerState.java:run(117)) - 58095e90-3010-492a-9083-43cf2e035c3f@group-BCADF287A12B-FollowerState was interrupted: java.lang.InterruptedException: sleep interrupted
2019-10-30 05:53:01,448 [grpc-default-executor-0] INFO  impl.RoleInfo (RoleInfo.java:updateAndGet(143)) - 58095e90-3010-492a-9083-43cf2e035c3f: start FollowerState
2019-10-30 05:53:01,463 [9127dd83-037b-4d39-812f-66db56af525a@group-BCADF287A12B-LeaderElection10] INFO  impl.LeaderElection (LeaderElection.java:logAndReturn(56)) - 9127dd83-037b-4d39-812f-66db56af525a@group-BCADF287A12B-LeaderElection10: Election REJECTED; received 2 response(s) [9127dd83-037b-4d39-812f-66db56af525a<-7fae3aed-4e76-4283-a599-f93f794625ab#0:FAIL-t5, 9127dd83-037b-4d39-812f-66db56af525a<-58095e90-3010-492a-9083-43cf2e035c3f#0:FAIL-t5] and 0 exception(s); 9127dd83-037b-4d39-812f-66db56af525a@group-BCADF287A12B:t5, leader=null, voted=9127dd83-037b-4d39-812f-66db56af525a, raftlog=9127dd83-037b-4d39-812f-66db56af525a@group-BCADF287A12B-SegmentedRaftLog:OPENED:c-1,f-1,i0, conf=-1: [7fae3aed-4e76-4283-a599-f93f794625ab:192.168.34.21:41352, 58095e90-3010-492a-9083-43cf2e035c3f:192.168.34.21:45284, 9127dd83-037b-4d39-812f-66db56af525a:192.168.34.21:42063], old=null
2019-10-30 05:53:01,464 [9127dd83-037b-4d39-812f-66db56af525a@group-BCADF287A12B-LeaderElection10] INFO  impl.RaftServerImpl (RaftServerImpl.java:setRole(184)) - 9127dd83-037b-4d39-812f-66db56af525a@group-BCADF287A12B: changes role from CANDIDATE to FOLLOWER at term 5 for DISCOVERED_A_NEW_TERM
2019-10-30 05:53:01,465 [9127dd83-037b-4d39-812f-66db56af525a@group-BCADF287A12B-LeaderElection10] INFO  impl.RoleInfo (RoleInfo.java:shutdownLeaderElection(134)) - 9127dd83-037b-4d39-812f-66db56af525a: shutdown LeaderElection
2019-10-30 05:53:01,465 [9127dd83-037b-4d39-812f-66db56af525a@group-BCADF287A12B-LeaderElection10] INFO  impl.RoleInfo (RoleInfo.java:updateAndGet(143)) - 9127dd83-037b-4d39-812f-66db56af525a: start FollowerState
2019-10-30 05:53:01,607 [Thread-264] INFO  impl.FollowerState (FollowerState.java:run(108)) - 9127dd83-037b-4d39-812f-66db56af525a@group-BCADF287A12B-FollowerState: change to CANDIDATE, lastRpcTime:141ms, electionTimeout:141ms
2019-10-30 05:53:01,609 [Thread-264] INFO  impl.RoleInfo (RoleInfo.java:shutdownFollowerState(121)) - 9127dd83-037b-4d39-812f-66db56af525a: shutdown FollowerState
2019-10-30 05:53:01,609 [Thread-264] INFO  impl.RaftServerImpl (RaftServerImpl.java:setRole(184)) - 9127dd83-037b-4d39-812f-66db56af525a@group-BCADF287A12B: changes role from  FOLLOWER to CANDIDATE at term 5 for changeToCandidate
2019-10-30 05:53:01,609 [Thread-264] INFO  impl.RoleInfo (RoleInfo.java:updateAndGet(143)) - 9127dd83-037b-4d39-812f-66db56af525a: start LeaderElection
2019-10-30 05:53:01,623 [9127dd83-037b-4d39-812f-66db56af525a@group-BCADF287A12B-LeaderElection11] INFO  impl.LeaderElection (LeaderElection.java:askForVotes(178)) - 9127dd83-037b-4d39-812f-66db56af525a@group-BCADF287A12B-LeaderElection11: begin an election at term 6 for -1: [7fae3aed-4e76-4283-a599-f93f794625ab:192.168.34.21:41352, 58095e90-3010-492a-9083-43cf2e035c3f:192.168.34.21:45284, 9127dd83-037b-4d39-812f-66db56af525a:192.168.34.21:42063], old=null
2019-10-30 05:53:01,628 [grpc-default-executor-0] INFO  impl.RaftServerImpl (RaftServerImpl.java:setRole(184)) - 58095e90-3010-492a-9083-43cf2e035c3f@group-BCADF287A12B: changes role from  FOLLOWER to FOLLOWER at term 6 for recognizeCandidate:9127dd83-037b-4d39-812f-66db56af525a
2019-10-30 05:53:01,628 [grpc-default-executor-3] INFO  impl.RaftServerImpl (RaftServerImpl.java:setRole(184)) - 7fae3aed-4e76-4283-a599-f93f794625ab@group-BCADF287A12B: changes role from  FOLLOWER to FOLLOWER at term 6 for recognizeCandidate:9127dd83-037b-4d39-812f-66db56af525a
2019-10-30 05:53:01,628 [grpc-default-executor-0] INFO  impl.RoleInfo (RoleInfo.java:shutdownFollowerState(121)) - 58095e90-3010-492a-9083-43cf2e035c3f: shutdown FollowerState
2019-10-30 05:53:01,628 [grpc-default-executor-3] INFO  impl.RoleInfo (RoleInfo.java:shutdownFollowerState(121)) - 7fae3aed-4e76-4283-a599-f93f794625ab: shutdown FollowerState
2019-10-30 05:53:01,629 [grpc-default-executor-0] INFO  impl.RoleInfo (RoleInfo.java:updateAndGet(143)) - 58095e90-3010-492a-9083-43cf2e035c3f: start FollowerState
2019-10-30 05:53:01,629 [grpc-default-executor-3] INFO  impl.RoleInfo (RoleInfo.java:updateAndGet(143)) - 7fae3aed-4e76-4283-a599-f93f794625ab: start FollowerState
2019-10-30 05:53:01,629 [Thread-263] INFO  impl.FollowerState (FollowerState.java:run(117)) - 58095e90-3010-492a-9083-43cf2e035c3f@group-BCADF287A12B-FollowerState was interrupted: java.lang.InterruptedException: sleep interrupted
2019-10-30 05:53:01,629 [Thread-262] INFO  impl.FollowerState (FollowerState.java:run(117)) - 7fae3aed-4e76-4283-a599-f93f794625ab@group-BCADF287A12B-FollowerState was interrupted: java.lang.InterruptedException: sleep interrupted
2019-10-30 05:53:01,649 [9127dd83-037b-4d39-812f-66db56af525a@group-BCADF287A12B-LeaderElection11] INFO  impl.LeaderElection (LeaderElection.java:logAndReturn(56)) - 9127dd83-037b-4d39-812f-66db56af525a@group-BCADF287A12B-LeaderElection11: Election REJECTED; received 2 response(s) [9127dd83-037b-4d39-812f-66db56af525a<-7fae3aed-4e76-4283-a599-f93f794625ab#0:FAIL-t6, 9127dd83-037b-4d39-812f-66db56af525a<-58095e90-3010-492a-9083-43cf2e035c3f#0:FAIL-t6] and 0 exception(s); 9127dd83-037b-4d39-812f-66db56af525a@group-BCADF287A12B:t6, leader=null, voted=9127dd83-037b-4d39-812f-66db56af525a, raftlog=9127dd83-037b-4d39-812f-66db56af525a@group-BCADF287A12B-SegmentedRaftLog:OPENED:c-1,f-1,i0, conf=-1: [7fae3aed-4e76-4283-a599-f93f794625ab:192.168.34.21:41352, 58095e90-3010-492a-9083-43cf2e035c3f:192.168.34.21:45284, 9127dd83-037b-4d39-812f-66db56af525a:192.168.34.21:42063], old=null
2019-10-30 05:53:01,676 [9127dd83-037b-4d39-812f-66db56af525a@group-BCADF287A12B-LeaderElection11] INFO  impl.RaftServerImpl (RaftServerImpl.java:setRole(184)) - 9127dd83-037b-4d39-812f-66db56af525a@group-BCADF287A12B: changes role from CANDIDATE to FOLLOWER at term 6 for DISCOVERED_A_NEW_TERM
2019-10-30 05:53:01,676 [9127dd83-037b-4d39-812f-66db56af525a@group-BCADF287A12B-LeaderElection11] INFO  impl.RoleInfo (RoleInfo.java:shutdownLeaderElection(134)) - 9127dd83-037b-4d39-812f-66db56af525a: shutdown LeaderElection
2019-10-30 05:53:01,677 [9127dd83-037b-4d39-812f-66db56af525a@group-BCADF287A12B-LeaderElection11] INFO  impl.RoleInfo (RoleInfo.java:updateAndGet(143)) - 9127dd83-037b-4d39-812f-66db56af525a: start FollowerState
2019-10-30 05:53:01,766 [Thread-270] INFO  impl.FollowerState (FollowerState.java:run(108)) - 9127dd83-037b-4d39-812f-66db56af525a@group-BCADF287A12B-FollowerState: change to CANDIDATE, lastRpcTime:89ms, electionTimeout:89ms
2019-10-30 05:53:01,767 [Thread-270] INFO  impl.RoleInfo (RoleInfo.java:shutdownFollowerState(121)) - 9127dd83-037b-4d39-812f-66db56af525a: shutdown FollowerState
2019-10-30 05:53:01,767 [Thread-270] INFO  impl.RaftServerImpl (RaftServerImpl.java:setRole(184)) - 9127dd83-037b-4d39-812f-66db56af525a@group-BCADF287A12B: changes role from  FOLLOWER to CANDIDATE at term 6 for changeToCandidate
2019-10-30 05:53:01,768 [Thread-270] INFO  impl.RoleInfo (RoleInfo.java:updateAndGet(143)) - 9127dd83-037b-4d39-812f-66db56af525a: start LeaderElection
2019-10-30 05:53:01,783 [9127dd83-037b-4d39-812f-66db56af525a@group-BCADF287A12B-LeaderElection12] INFO  impl.LeaderElection (LeaderElection.java:askForVotes(178)) - 9127dd83-037b-4d39-812f-66db56af525a@group-BCADF287A12B-LeaderElection12: begin an election at term 7 for -1: [7fae3aed-4e76-4283-a599-f93f794625ab:192.168.34.21:41352, 58095e90-3010-492a-9083-43cf2e035c3f:192.168.34.21:45284, 9127dd83-037b-4d39-812f-66db56af525a:192.168.34.21:42063], old=null
2019-10-30 05:53:01,788 [grpc-default-executor-3] INFO  impl.RaftServerImpl (RaftServerImpl.java:setRole(184)) - 58095e90-3010-492a-9083-43cf2e035c3f@group-BCADF287A12B: changes role from  FOLLOWER to FOLLOWER at term 7 for recognizeCandidate:9127dd83-037b-4d39-812f-66db56af525a
2019-10-30 05:53:01,788 [grpc-default-executor-3] INFO  impl.RoleInfo (RoleInfo.java:shutdownFollowerState(121)) - 58095e90-3010-492a-9083-43cf2e035c3f: shutdown FollowerState
2019-10-30 05:53:01,788 [grpc-default-executor-0] INFO  impl.RaftServerImpl (RaftServerImpl.java:setRole(184)) - 7fae3aed-4e76-4283-a599-f93f794625ab@group-BCADF287A12B: changes role from  FOLLOWER to FOLLOWER at term 7 for recognizeCandidate:9127dd83-037b-4d39-812f-66db56af525a
2019-10-30 05:53:01,789 [grpc-default-executor-3] INFO  impl.RoleInfo (RoleInfo.java:updateAndGet(143)) - 58095e90-3010-492a-9083-43cf2e035c3f: start FollowerState
2019-10-30 05:53:01,789 [Thread-268] INFO  impl.FollowerState (FollowerState.java:run(117)) - 58095e90-3010-492a-9083-43cf2e035c3f@group-BCADF287A12B-FollowerState was interrupted: java.lang.InterruptedException: sleep interrupted
2019-10-30 05:53:01,789 [grpc-default-executor-0] INFO  impl.RoleInfo (RoleInfo.java:shutdownFollowerState(121)) - 7fae3aed-4e76-4283-a599-f93f794625ab: shutdown FollowerState
2019-10-30 05:53:01,789 [grpc-default-executor-0] INFO  impl.RoleInfo (RoleInfo.java:updateAndGet(143)) - 7fae3aed-4e76-4283-a599-f93f794625ab: start FollowerState
2019-10-30 05:53:01,789 [Thread-269] INFO  impl.FollowerState (FollowerState.java:run(117)) - 7fae3aed-4e76-4283-a599-f93f794625ab@group-BCADF287A12B-FollowerState was interrupted: java.lang.InterruptedException: sleep interrupted
2019-10-30 05:53:01,806 [9127dd83-037b-4d39-812f-66db56af525a@group-BCADF287A12B-LeaderElection12] INFO  impl.LeaderElection (LeaderElection.java:logAndReturn(56)) - 9127dd83-037b-4d39-812f-66db56af525a@group-BCADF287A12B-LeaderElection12: Election REJECTED; received 2 response(s) [9127dd83-037b-4d39-812f-66db56af525a<-7fae3aed-4e76-4283-a599-f93f794625ab#0:FAIL-t7, 9127dd83-037b-4d39-812f-66db56af525a<-58095e90-3010-492a-9083-43cf2e035c3f#0:FAIL-t7] and 0 exception(s); 9127dd83-037b-4d39-812f-66db56af525a@group-BCADF287A12B:t7, leader=null, voted=9127dd83-037b-4d39-812f-66db56af525a, raftlog=9127dd83-037b-4d39-812f-66db56af525a@group-BCADF287A12B-SegmentedRaftLog:OPENED:c-1,f-1,i0, conf=-1: [7fae3aed-4e76-4283-a599-f93f794625ab:192.168.34.21:41352, 58095e90-3010-492a-9083-43cf2e035c3f:192.168.34.21:45284, 9127dd83-037b-4d39-812f-66db56af525a:192.168.34.21:42063], old=null
2019-10-30 05:53:01,807 [9127dd83-037b-4d39-812f-66db56af525a@group-BCADF287A12B-LeaderElection12] INFO  impl.RaftServerImpl (RaftServerImpl.java:setRole(184)) - 9127dd83-037b-4d39-812f-66db56af525a@group-BCADF287A12B: changes role from CANDIDATE to FOLLOWER at term 7 for DISCOVERED_A_NEW_TERM
2019-10-30 05:53:01,808 [9127dd83-037b-4d39-812f-66db56af525a@group-BCADF287A12B-LeaderElection12] INFO  impl.RoleInfo (RoleInfo.java:shutdownLeaderElection(134)) - 9127dd83-037b-4d39-812f-66db56af525a: shutdown LeaderElection
2019-10-30 05:53:01,808 [9127dd83-037b-4d39-812f-66db56af525a@group-BCADF287A12B-LeaderElection12] INFO  impl.RoleInfo (RoleInfo.java:updateAndGet(143)) - 9127dd83-037b-4d39-812f-66db56af525a: start FollowerState
2019-10-30 05:53:01,840 [Thread-278] INFO  impl.FollowerState (FollowerState.java:run(108)) - 9127dd83-037b-4d39-812f-66db56af525a@group-BCADF287A12B-FollowerState: change to CANDIDATE, lastRpcTime:31ms, electionTimeout:31ms
2019-10-30 05:53:01,841 [Thread-278] INFO  impl.RoleInfo (RoleInfo.java:shutdownFollowerState(121)) - 9127dd83-037b-4d39-812f-66db56af525a: shutdown FollowerState
2019-10-30 05:53:01,841 [Thread-278] INFO  impl.RaftServerImpl (RaftServerImpl.java:setRole(184)) - 9127dd83-037b-4d39-812f-66db56af525a@group-BCADF287A12B: changes role from  FOLLOWER to CANDIDATE at term 7 for changeToCandidate
2019-10-30 05:53:01,842 [Thread-278] INFO  impl.RoleInfo (RoleInfo.java:updateAndGet(143)) - 9127dd83-037b-4d39-812f-66db56af525a: start LeaderElection
2019-10-30 05:53:01,856 [9127dd83-037b-4d39-812f-66db56af525a@group-BCADF287A12B-LeaderElection13] INFO  impl.LeaderElection (LeaderElection.java:askForVotes(178)) - 9127dd83-037b-4d39-812f-66db56af525a@group-BCADF287A12B-LeaderElection13: begin an election at term 8 for -1: [7fae3aed-4e76-4283-a599-f93f794625ab:192.168.34.21:41352, 58095e90-3010-492a-9083-43cf2e035c3f:192.168.34.21:45284, 9127dd83-037b-4d39-812f-66db56af525a:192.168.34.21:42063], old=null
2019-10-30 05:53:01,861 [grpc-default-executor-3] INFO  impl.RaftServerImpl (RaftServerImpl.java:setRole(184)) - 7fae3aed-4e76-4283-a599-f93f794625ab@group-BCADF287A12B: changes role from  FOLLOWER to FOLLOWER at term 8 for recognizeCandidate:9127dd83-037b-4d39-812f-66db56af525a
2019-10-30 05:53:01,861 [grpc-default-executor-3] INFO  impl.RoleInfo (RoleInfo.java:shutdownFollowerState(121)) - 7fae3aed-4e76-4283-a599-f93f794625ab: shutdown FollowerState
2019-10-30 05:53:01,861 [grpc-default-executor-3] INFO  impl.RoleInfo (RoleInfo.java:updateAndGet(143)) - 7fae3aed-4e76-4283-a599-f93f794625ab: start FollowerState
2019-10-30 05:53:01,861 [Thread-276] INFO  impl.FollowerState (FollowerState.java:run(117)) - 7fae3aed-4e76-4283-a599-f93f794625ab@group-BCADF287A12B-FollowerState was interrupted: java.lang.InterruptedException: sleep interrupted
2019-10-30 05:53:01,861 [grpc-default-executor-0] INFO  impl.RaftServerImpl (RaftServerImpl.java:setRole(184)) - 58095e90-3010-492a-9083-43cf2e035c3f@group-BCADF287A12B: changes role from  FOLLOWER to FOLLOWER at term 8 for recognizeCandidate:9127dd83-037b-4d39-812f-66db56af525a
2019-10-30 05:53:01,862 [grpc-default-executor-0] INFO  impl.RoleInfo (RoleInfo.java:shutdownFollowerState(121)) - 58095e90-3010-492a-9083-43cf2e035c3f: shutdown FollowerState
2019-10-30 05:53:01,862 [Thread-275] INFO  impl.FollowerState (FollowerState.java:run(117)) - 58095e90-3010-492a-9083-43cf2e035c3f@group-BCADF287A12B-FollowerState was interrupted: java.lang.InterruptedException: sleep interrupted
2019-10-30 05:53:01,862 [grpc-default-executor-0] INFO  impl.RoleInfo (RoleInfo.java:updateAndGet(143)) - 58095e90-3010-492a-9083-43cf2e035c3f: start FollowerState
2019-10-30 05:53:01,868 [9127dd83-037b-4d39-812f-66db56af525a@group-BCADF287A12B-LeaderElection13] INFO  impl.LeaderElection (LeaderElection.java:logAndReturn(56)) - 9127dd83-037b-4d39-812f-66db56af525a@group-BCADF287A12B-LeaderElection13: Election TIMEOUT; received 0 response(s) [] and 0 exception(s); 9127dd83-037b-4d39-812f-66db56af525a@group-BCADF287A12B:t8, leader=null, voted=9127dd83-037b-4d39-812f-66db56af525a, raftlog=9127dd83-037b-4d39-812f-66db56af525a@group-BCADF287A12B-SegmentedRaftLog:OPENED:c-1,f-1,i0, conf=-1: [7fae3aed-4e76-4283-a599-f93f794625ab:192.168.34.21:41352, 58095e90-3010-492a-9083-43cf2e035c3f:192.168.34.21:45284, 9127dd83-037b-4d39-812f-66db56af525a:192.168.34.21:42063], old=null
2019-10-30 05:53:01,875 [9127dd83-037b-4d39-812f-66db56af525a@group-BCADF287A12B-LeaderElection13] INFO  impl.LeaderElection (LeaderElection.java:askForVotes(178)) - 9127dd83-037b-4d39-812f-66db56af525a@group-BCADF287A12B-LeaderElection13: begin an election at term 9 for -1: [7fae3aed-4e76-4283-a599-f93f794625ab:192.168.34.21:41352, 58095e90-3010-492a-9083-43cf2e035c3f:192.168.34.21:45284, 9127dd83-037b-4d39-812f-66db56af525a:192.168.34.21:42063], old=null
2019-10-30 05:53:01,880 [grpc-default-executor-0] INFO  impl.RaftServerImpl (RaftServerImpl.java:setRole(184)) - 7fae3aed-4e76-4283-a599-f93f794625ab@group-BCADF287A12B: changes role from  FOLLOWER to FOLLOWER at term 9 for recognizeCandidate:9127dd83-037b-4d39-812f-66db56af525a
2019-10-30 05:53:01,880 [grpc-default-executor-0] INFO  impl.RoleInfo (RoleInfo.java:shutdownFollowerState(121)) - 7fae3aed-4e76-4283-a599-f93f794625ab: shutdown FollowerState
2019-10-30 05:53:01,880 [Thread-282] INFO  impl.FollowerState (FollowerState.java:run(117)) - 7fae3aed-4e76-4283-a599-f93f794625ab@group-BCADF287A12B-FollowerState was interrupted: java.lang.InterruptedException: sleep interrupted
2019-10-30 05:53:01,880 [grpc-default-executor-0] INFO  impl.RoleInfo (RoleInfo.java:updateAndGet(143)) - 7fae3aed-4e76-4283-a599-f93f794625ab: start FollowerState
2019-10-30 05:53:01,883 [grpc-default-executor-3] INFO  impl.RaftServerImpl (RaftServerImpl.java:setRole(184)) - 58095e90-3010-492a-9083-43cf2e035c3f@group-BCADF287A12B: changes role from  FOLLOWER to FOLLOWER at term 9 for recognizeCandidate:9127dd83-037b-4d39-812f-66db56af525a
2019-10-30 05:53:01,883 [grpc-default-executor-3] INFO  impl.RoleInfo (RoleInfo.java:shutdownFollowerState(121)) - 58095e90-3010-492a-9083-43cf2e035c3f: shutdown FollowerState
2019-10-30 05:53:01,883 [Thread-283] INFO  impl.FollowerState (FollowerState.java:run(117)) - 58095e90-3010-492a-9083-43cf2e035c3f@group-BCADF287A12B-FollowerState was interrupted: java.lang.InterruptedException: sleep interrupted
2019-10-30 05:53:01,883 [grpc-default-executor-3] INFO  impl.RoleInfo (RoleInfo.java:updateAndGet(143)) - 58095e90-3010-492a-9083-43cf2e035c3f: start FollowerState
2019-10-30 05:53:02,162 [9127dd83-037b-4d39-812f-66db56af525a@group-BCADF287A12B-LeaderElection13] INFO  impl.LeaderElection (LeaderElection.java:logAndReturn(56)) - 9127dd83-037b-4d39-812f-66db56af525a@group-BCADF287A12B-LeaderElection13: Election TIMEOUT; received 0 response(s) [] and 0 exception(s); 9127dd83-037b-4d39-812f-66db56af525a@group-BCADF287A12B:t9, leader=null, voted=9127dd83-037b-4d39-812f-66db56af525a, raftlog=9127dd83-037b-4d39-812f-66db56af525a@group-BCADF287A12B-SegmentedRaftLog:OPENED:c-1,f-1,i0, conf=-1: [7fae3aed-4e76-4283-a599-f93f794625ab:192.168.34.21:41352, 58095e90-3010-492a-9083-43cf2e035c3f:192.168.34.21:45284, 9127dd83-037b-4d39-812f-66db56af525a:192.168.34.21:42063], old=null
2019-10-30 05:53:02,186 [9127dd83-037b-4d39-812f-66db56af525a@group-BCADF287A12B-LeaderElection13] INFO  impl.LeaderElection (LeaderElection.java:askForVotes(178)) - 9127dd83-037b-4d39-812f-66db56af525a@group-BCADF287A12B-LeaderElection13: begin an election at term 10 for -1: [7fae3aed-4e76-4283-a599-f93f794625ab:192.168.34.21:41352, 58095e90-3010-492a-9083-43cf2e035c3f:192.168.34.21:45284, 9127dd83-037b-4d39-812f-66db56af525a:192.168.34.21:42063], old=null
2019-10-30 05:53:02,196 [grpc-default-executor-0] INFO  impl.RaftServerImpl (RaftServerImpl.java:setRole(184)) - 7fae3aed-4e76-4283-a599-f93f794625ab@group-BCADF287A12B: changes role from  FOLLOWER to FOLLOWER at term 10 for recognizeCandidate:9127dd83-037b-4d39-812f-66db56af525a
2019-10-30 05:53:02,204 [grpc-default-executor-0] INFO  impl.RoleInfo (RoleInfo.java:shutdownFollowerState(121)) - 7fae3aed-4e76-4283-a599-f93f794625ab: shutdown FollowerState
2019-10-30 05:53:02,204 [grpc-default-executor-3] INFO  impl.RaftServerImpl (RaftServerImpl.java:setRole(184)) - 58095e90-3010-492a-9083-43cf2e035c3f@group-BCADF287A12B: changes role from  FOLLOWER to FOLLOWER at term 10 for recognizeCandidate:9127dd83-037b-4d39-812f-66db56af525a
2019-10-30 05:53:02,204 [grpc-default-executor-0] INFO  impl.RoleInfo (RoleInfo.java:updateAndGet(143)) - 7fae3aed-4e76-4283-a599-f93f794625ab: start FollowerState
2019-10-30 05:53:02,204 [Thread-286] INFO  impl.FollowerState (FollowerState.java:run(117)) - 7fae3aed-4e76-4283-a599-f93f794625ab@group-BCADF287A12B-FollowerState was interrupted: java.lang.InterruptedException: sleep interrupted
2019-10-30 05:53:02,204 [grpc-default-executor-3] INFO  impl.RoleInfo (RoleInfo.java:shutdownFollowerState(121)) - 58095e90-3010-492a-9083-43cf2e035c3f: shutdown FollowerState
2019-10-30 05:53:02,206 [Thread-287] INFO  impl.FollowerState (FollowerState.java:run(117)) - 58095e90-3010-492a-9083-43cf2e035c3f@group-BCADF287A12B-FollowerState was interrupted: java.lang.InterruptedException: sleep interrupted
2019-10-30 05:53:02,206 [grpc-default-executor-3] INFO  impl.RoleInfo (RoleInfo.java:updateAndGet(143)) - 58095e90-3010-492a-9083-43cf2e035c3f: start FollowerState
2019-10-30 05:53:02,223 [9127dd83-037b-4d39-812f-66db56af525a@group-BCADF287A12B-LeaderElection13] INFO  impl.LeaderElection (LeaderElection.java:logAndReturn(56)) - 9127dd83-037b-4d39-812f-66db56af525a@group-BCADF287A12B-LeaderElection13: Election REJECTED; received 2 response(s) [9127dd83-037b-4d39-812f-66db56af525a<-7fae3aed-4e76-4283-a599-f93f794625ab#0:FAIL-t10, 9127dd83-037b-4d39-812f-66db56af525a<-58095e90-3010-492a-9083-43cf2e035c3f#0:FAIL-t10] and 0 exception(s); 9127dd83-037b-4d39-812f-66db56af525a@group-BCADF287A12B:t10, leader=null, voted=9127dd83-037b-4d39-812f-66db56af525a, raftlog=9127dd83-037b-4d39-812f-66db56af525a@group-BCADF287A12B-SegmentedRaftLog:OPENED:c-1,f-1,i0, conf=-1: [7fae3aed-4e76-4283-a599-f93f794625ab:192.168.34.21:41352, 58095e90-3010-492a-9083-43cf2e035c3f:192.168.34.21:45284, 9127dd83-037b-4d39-812f-66db56af525a:192.168.34.21:42063], old=null
2019-10-30 05:53:02,223 [9127dd83-037b-4d39-812f-66db56af525a@group-BCADF287A12B-LeaderElection13] INFO  impl.RaftServerImpl (RaftServerImpl.java:setRole(184)) - 9127dd83-037b-4d39-812f-66db56af525a@group-BCADF287A12B: changes role from CANDIDATE to FOLLOWER at term 10 for DISCOVERED_A_NEW_TERM
2019-10-30 05:53:02,225 [9127dd83-037b-4d39-812f-66db56af525a@group-BCADF287A12B-LeaderElection13] INFO  impl.RoleInfo (RoleInfo.java:shutdownLeaderElection(134)) - 9127dd83-037b-4d39-812f-66db56af525a: shutdown LeaderElection
2019-10-30 05:53:02,225 [9127dd83-037b-4d39-812f-66db56af525a@group-BCADF287A12B-LeaderElection13] INFO  impl.RoleInfo (RoleInfo.java:updateAndGet(143)) - 9127dd83-037b-4d39-812f-66db56af525a: start FollowerState
2019-10-30 05:53:02,226 [Thread-292] INFO  impl.FollowerState (FollowerState.java:run(108)) - 9127dd83-037b-4d39-812f-66db56af525a@group-BCADF287A12B-FollowerState: change to CANDIDATE, lastRpcTime:1ms, electionTimeout:0ms
2019-10-30 05:53:02,227 [Thread-292] INFO  impl.RoleInfo (RoleInfo.java:shutdownFollowerState(121)) - 9127dd83-037b-4d39-812f-66db56af525a: shutdown FollowerState
2019-10-30 05:53:02,227 [Thread-292] INFO  impl.RaftServerImpl (RaftServerImpl.java:setRole(184)) - 9127dd83-037b-4d39-812f-66db56af525a@group-BCADF287A12B: changes role from  FOLLOWER to CANDIDATE at term 10 for changeToCandidate
2019-10-30 05:53:02,228 [Thread-292] INFO  impl.RoleInfo (RoleInfo.java:updateAndGet(143)) - 9127dd83-037b-4d39-812f-66db56af525a: start LeaderElection
2019-10-30 05:53:02,242 [9127dd83-037b-4d39-812f-66db56af525a@group-BCADF287A12B-LeaderElection14] INFO  impl.LeaderElection (LeaderElection.java:askForVotes(178)) - 9127dd83-037b-4d39-812f-66db56af525a@group-BCADF287A12B-LeaderElection14: begin an election at term 11 for -1: [7fae3aed-4e76-4283-a599-f93f794625ab:192.168.34.21:41352, 58095e90-3010-492a-9083-43cf2e035c3f:192.168.34.21:45284, 9127dd83-037b-4d39-812f-66db56af525a:192.168.34.21:42063], old=null
2019-10-30 05:53:02,246 [grpc-default-executor-3] INFO  impl.RaftServerImpl (RaftServerImpl.java:setRole(184)) - 7fae3aed-4e76-4283-a599-f93f794625ab@group-BCADF287A12B: changes role from  FOLLOWER to FOLLOWER at term 11 for recognizeCandidate:9127dd83-037b-4d39-812f-66db56af525a
2019-10-30 05:53:02,247 [grpc-default-executor-3] INFO  impl.RoleInfo (RoleInfo.java:shutdownFollowerState(121)) - 7fae3aed-4e76-4283-a599-f93f794625ab: shutdown FollowerState
2019-10-30 05:53:02,247 [grpc-default-executor-0] INFO  impl.RaftServerImpl (RaftServerImpl.java:setRole(184)) - 58095e90-3010-492a-9083-43cf2e035c3f@group-BCADF287A12B: changes role from  FOLLOWER to FOLLOWER at term 11 for recognizeCandidate:9127dd83-037b-4d39-812f-66db56af525a
2019-10-30 05:53:02,247 [Thread-290] INFO  impl.FollowerState (FollowerState.java:run(117)) - 7fae3aed-4e76-4283-a599-f93f794625ab@group-BCADF287A12B-FollowerState was interrupted: java.lang.InterruptedException: sleep interrupted
2019-10-30 05:53:02,247 [grpc-default-executor-3] INFO  impl.RoleInfo (RoleInfo.java:updateAndGet(143)) - 7fae3aed-4e76-4283-a599-f93f794625ab: start FollowerState
2019-10-30 05:53:02,247 [grpc-default-executor-0] INFO  impl.RoleInfo (RoleInfo.java:shutdownFollowerState(121)) - 58095e90-3010-492a-9083-43cf2e035c3f: shutdown FollowerState
2019-10-30 05:53:02,248 [Thread-291] INFO  impl.FollowerState (FollowerState.java:run(117)) - 58095e90-3010-492a-9083-43cf2e035c3f@group-BCADF287A12B-FollowerState was interrupted: java.lang.InterruptedException: sleep interrupted
2019-10-30 05:53:02,248 [grpc-default-executor-0] INFO  impl.RoleInfo (RoleInfo.java:updateAndGet(143)) - 58095e90-3010-492a-9083-43cf2e035c3f: start FollowerState
2019-10-30 05:53:02,265 [9127dd83-037b-4d39-812f-66db56af525a@group-BCADF287A12B-LeaderElection14] INFO  impl.LeaderElection (LeaderElection.java:logAndReturn(56)) - 9127dd83-037b-4d39-812f-66db56af525a@group-BCADF287A12B-LeaderElection14: Election REJECTED; received 2 response(s) [9127dd83-037b-4d39-812f-66db56af525a<-7fae3aed-4e76-4283-a599-f93f794625ab#0:FAIL-t11, 9127dd83-037b-4d39-812f-66db56af525a<-58095e90-3010-492a-9083-43cf2e035c3f#0:FAIL-t11] and 0 exception(s); 9127dd83-037b-4d39-812f-66db56af525a@group-BCADF287A12B:t11, leader=null, voted=9127dd83-037b-4d39-812f-66db56af525a, raftlog=9127dd83-037b-4d39-812f-66db56af525a@group-BCADF287A12B-SegmentedRaftLog:OPENED:c-1,f-1,i0, conf=-1: [7fae3aed-4e76-4283-a599-f93f794625ab:192.168.34.21:41352, 58095e90-3010-492a-9083-43cf2e035c3f:192.168.34.21:45284, 9127dd83-037b-4d39-812f-66db56af525a:192.168.34.21:42063], old=null
2019-10-30 05:53:02,265 [9127dd83-037b-4d39-812f-66db56af525a@group-BCADF287A12B-LeaderElection14] INFO  impl.RaftServerImpl (RaftServerImpl.java:setRole(184)) - 9127dd83-037b-4d39-812f-66db56af525a@group-BCADF287A12B: changes role from CANDIDATE to FOLLOWER at term 11 for DISCOVERED_A_NEW_TERM
2019-10-30 05:53:02,266 [9127dd83-037b-4d39-812f-66db56af525a@group-BCADF287A12B-LeaderElection14] INFO  impl.RoleInfo (RoleInfo.java:shutdownLeaderElection(134)) - 9127dd83-037b-4d39-812f-66db56af525a: shutdown LeaderElection
2019-10-30 05:53:02,266 [9127dd83-037b-4d39-812f-66db56af525a@group-BCADF287A12B-LeaderElection14] INFO  impl.RoleInfo (RoleInfo.java:updateAndGet(143)) - 9127dd83-037b-4d39-812f-66db56af525a: start FollowerState
2019-10-30 05:53:02,338 [Thread-299] INFO  impl.FollowerState (FollowerState.java:run(108)) - 9127dd83-037b-4d39-812f-66db56af525a@group-BCADF287A12B-FollowerState: change to CANDIDATE, lastRpcTime:72ms, electionTimeout:71ms
2019-10-30 05:53:02,340 [Thread-299] INFO  impl.RoleInfo (RoleInfo.java:shutdownFollowerState(121)) - 9127dd83-037b-4d39-812f-66db56af525a: shutdown FollowerState
2019-10-30 05:53:02,340 [Thread-299] INFO  impl.RaftServerImpl (RaftServerImpl.java:setRole(184)) - 9127dd83-037b-4d39-812f-66db56af525a@group-BCADF287A12B: changes role from  FOLLOWER to CANDIDATE at term 11 for changeToCandidate
2019-10-30 05:53:02,341 [Thread-299] INFO  impl.RoleInfo (RoleInfo.java:updateAndGet(143)) - 9127dd83-037b-4d39-812f-66db56af525a: start LeaderElection
2019-10-30 05:53:02,360 [9127dd83-037b-4d39-812f-66db56af525a@group-BCADF287A12B-LeaderElection15] INFO  impl.LeaderElection (LeaderElection.java:askForVotes(178)) - 9127dd83-037b-4d39-812f-66db56af525a@group-BCADF287A12B-LeaderElection15: begin an election at term 12 for -1: [7fae3aed-4e76-4283-a599-f93f794625ab:192.168.34.21:41352, 58095e90-3010-492a-9083-43cf2e035c3f:192.168.34.21:45284, 9127dd83-037b-4d39-812f-66db56af525a:192.168.34.21:42063], old=null
2019-10-30 05:53:02,365 [grpc-default-executor-0] INFO  impl.RaftServerImpl (RaftServerImpl.java:setRole(184)) - 7fae3aed-4e76-4283-a599-f93f794625ab@group-BCADF287A12B: changes role from  FOLLOWER to FOLLOWER at term 12 for recognizeCandidate:9127dd83-037b-4d39-812f-66db56af525a
2019-10-30 05:53:02,365 [grpc-default-executor-3] INFO  impl.RaftServerImpl (RaftServerImpl.java:setRole(184)) - 58095e90-3010-492a-9083-43cf2e035c3f@group-BCADF287A12B: changes role from  FOLLOWER to FOLLOWER at term 12 for recognizeCandidate:9127dd83-037b-4d39-812f-66db56af525a
2019-10-30 05:53:02,365 [grpc-default-executor-0] INFO  impl.RoleInfo (RoleInfo.java:shutdownFollowerState(121)) - 7fae3aed-4e76-4283-a599-f93f794625ab: shutdown FollowerState
2019-10-30 05:53:02,365 [grpc-default-executor-3] INFO  impl.RoleInfo (RoleInfo.java:shutdownFollowerState(121)) - 58095e90-3010-492a-9083-43cf2e035c3f: shutdown FollowerState
2019-10-30 05:53:02,365 [Thread-297] INFO  impl.FollowerState (FollowerState.java:run(117)) - 7fae3aed-4e76-4283-a599-f93f794625ab@group-BCADF287A12B-FollowerState was interrupted: java.lang.InterruptedException: sleep interrupted
2019-10-30 05:53:02,365 [grpc-default-executor-0] INFO  impl.RoleInfo (RoleInfo.java:updateAndGet(143)) - 7fae3aed-4e76-4283-a599-f93f794625ab: start FollowerState
2019-10-30 05:53:02,366 [grpc-default-executor-3] INFO  impl.RoleInfo (RoleInfo.java:updateAndGet(143)) - 58095e90-3010-492a-9083-43cf2e035c3f: start FollowerState
2019-10-30 05:53:02,366 [Thread-298] INFO  impl.FollowerState (FollowerState.java:run(117)) - 58095e90-3010-492a-9083-43cf2e035c3f@group-BCADF287A12B-FollowerState was interrupted: java.lang.InterruptedException: sleep interrupted
2019-10-30 05:53:02,369 [Thread-300] INFO  rpc.RpcClient (RpcClient.java:createVolume(272)) - Creating Volume: 822a4ab1-c7fe-471e-839f-f6ec2366ef55, with jenkins1000 as owner.
2019-10-30 05:53:02,373 [9127dd83-037b-4d39-812f-66db56af525a@group-BCADF287A12B-LeaderElection15] INFO  impl.LeaderElection (LeaderElection.java:logAndReturn(56)) - 9127dd83-037b-4d39-812f-66db56af525a@group-BCADF287A12B-LeaderElection15: Election TIMEOUT; received 0 response(s) [] and 0 exception(s); 9127dd83-037b-4d39-812f-66db56af525a@group-BCADF287A12B:t12, leader=null, voted=9127dd83-037b-4d39-812f-66db56af525a, raftlog=9127dd83-037b-4d39-812f-66db56af525a@group-BCADF287A12B-SegmentedRaftLog:OPENED:c-1,f-1,i0, conf=-1: [7fae3aed-4e76-4283-a599-f93f794625ab:192.168.34.21:41352, 58095e90-3010-492a-9083-43cf2e035c3f:192.168.34.21:45284, 9127dd83-037b-4d39-812f-66db56af525a:192.168.34.21:42063], old=null
2019-10-30 05:53:02,380 [9127dd83-037b-4d39-812f-66db56af525a@group-BCADF287A12B-LeaderElection15] INFO  impl.LeaderElection (LeaderElection.java:askForVotes(178)) - 9127dd83-037b-4d39-812f-66db56af525a@group-BCADF287A12B-LeaderElection15: begin an election at term 13 for -1: [7fae3aed-4e76-4283-a599-f93f794625ab:192.168.34.21:41352, 58095e90-3010-492a-9083-43cf2e035c3f:192.168.34.21:45284, 9127dd83-037b-4d39-812f-66db56af525a:192.168.34.21:42063], old=null
2019-10-30 05:53:02,385 [9127dd83-037b-4d39-812f-66db56af525a@group-BCADF287A12B-LeaderElection15] INFO  impl.LeaderElection (LeaderElection.java:logAndReturn(56)) - 9127dd83-037b-4d39-812f-66db56af525a@group-BCADF287A12B-LeaderElection15: Election TIMEOUT; received 0 response(s) [] and 0 exception(s); 9127dd83-037b-4d39-812f-66db56af525a@group-BCADF287A12B:t13, leader=null, voted=9127dd83-037b-4d39-812f-66db56af525a, raftlog=9127dd83-037b-4d39-812f-66db56af525a@group-BCADF287A12B-SegmentedRaftLog:OPENED:c-1,f-1,i0, conf=-1: [7fae3aed-4e76-4283-a599-f93f794625ab:192.168.34.21:41352, 58095e90-3010-492a-9083-43cf2e035c3f:192.168.34.21:45284, 9127dd83-037b-4d39-812f-66db56af525a:192.168.34.21:42063], old=null
2019-10-30 05:53:02,387 [grpc-default-executor-0] INFO  impl.RaftServerImpl (RaftServerImpl.java:setRole(184)) - 7fae3aed-4e76-4283-a599-f93f794625ab@group-BCADF287A12B: changes role from  FOLLOWER to FOLLOWER at term 13 for recognizeCandidate:9127dd83-037b-4d39-812f-66db56af525a
2019-10-30 05:53:02,388 [grpc-default-executor-0] INFO  impl.RoleInfo (RoleInfo.java:shutdownFollowerState(121)) - 7fae3aed-4e76-4283-a599-f93f794625ab: shutdown FollowerState
2019-10-30 05:53:02,389 [Thread-305] INFO  impl.FollowerState (FollowerState.java:run(117)) - 7fae3aed-4e76-4283-a599-f93f794625ab@group-BCADF287A12B-FollowerState was interrupted: java.lang.InterruptedException: sleep interrupted
2019-10-30 05:53:02,389 [grpc-default-executor-0] INFO  impl.RoleInfo (RoleInfo.java:updateAndGet(143)) - 7fae3aed-4e76-4283-a599-f93f794625ab: start FollowerState
2019-10-30 05:53:02,390 [grpc-default-executor-3] INFO  impl.RaftServerImpl (RaftServerImpl.java:setRole(184)) - 58095e90-3010-492a-9083-43cf2e035c3f@group-BCADF287A12B: changes role from  FOLLOWER to FOLLOWER at term 13 for recognizeCandidate:9127dd83-037b-4d39-812f-66db56af525a
2019-10-30 05:53:02,391 [grpc-default-executor-3] INFO  impl.RoleInfo (RoleInfo.java:shutdownFollowerState(121)) - 58095e90-3010-492a-9083-43cf2e035c3f: shutdown FollowerState
2019-10-30 05:53:02,391 [Thread-306] INFO  impl.FollowerState (FollowerState.java:run(117)) - 58095e90-3010-492a-9083-43cf2e035c3f@group-BCADF287A12B-FollowerState was interrupted: java.lang.InterruptedException: sleep interrupted
2019-10-30 05:53:02,391 [grpc-default-executor-3] INFO  impl.RoleInfo (RoleInfo.java:updateAndGet(143)) - 58095e90-3010-492a-9083-43cf2e035c3f: start FollowerState
2019-10-30 05:53:02,393 [9127dd83-037b-4d39-812f-66db56af525a@group-BCADF287A12B-LeaderElection15] INFO  impl.LeaderElection (LeaderElection.java:askForVotes(178)) - 9127dd83-037b-4d39-812f-66db56af525a@group-BCADF287A12B-LeaderElection15: begin an election at term 14 for -1: [7fae3aed-4e76-4283-a599-f93f794625ab:192.168.34.21:41352, 58095e90-3010-492a-9083-43cf2e035c3f:192.168.34.21:45284, 9127dd83-037b-4d39-812f-66db56af525a:192.168.34.21:42063], old=null
2019-10-30 05:53:02,397 [grpc-default-executor-3] INFO  impl.RaftServerImpl (RaftServerImpl.java:setRole(184)) - 7fae3aed-4e76-4283-a599-f93f794625ab@group-BCADF287A12B: changes role from  FOLLOWER to FOLLOWER at term 14 for recognizeCandidate:9127dd83-037b-4d39-812f-66db56af525a
2019-10-30 05:53:02,398 [grpc-default-executor-3] INFO  impl.RoleInfo (RoleInfo.java:shutdownFollowerState(121)) - 7fae3aed-4e76-4283-a599-f93f794625ab: shutdown FollowerState
2019-10-30 05:53:02,398 [Thread-309] INFO  impl.FollowerState (FollowerState.java:run(117)) - 7fae3aed-4e76-4283-a599-f93f794625ab@group-BCADF287A12B-FollowerState was interrupted: java.lang.InterruptedException: sleep interrupted
2019-10-30 05:53:02,398 [grpc-default-executor-3] INFO  impl.RoleInfo (RoleInfo.java:updateAndGet(143)) - 7fae3aed-4e76-4283-a599-f93f794625ab: start FollowerState
2019-10-30 05:53:02,399 [grpc-default-executor-0] INFO  impl.RaftServerImpl (RaftServerImpl.java:setRole(184)) - 58095e90-3010-492a-9083-43cf2e035c3f@group-BCADF287A12B: changes role from  FOLLOWER to FOLLOWER at term 14 for recognizeCandidate:9127dd83-037b-4d39-812f-66db56af525a
2019-10-30 05:53:02,400 [grpc-default-executor-0] INFO  impl.RoleInfo (RoleInfo.java:shutdownFollowerState(121)) - 58095e90-3010-492a-9083-43cf2e035c3f: shutdown FollowerState
2019-10-30 05:53:02,400 [Thread-310] INFO  impl.FollowerState (FollowerState.java:run(117)) - 58095e90-3010-492a-9083-43cf2e035c3f@group-BCADF287A12B-FollowerState was interrupted: java.lang.InterruptedException: sleep interrupted
2019-10-30 05:53:02,400 [grpc-default-executor-0] INFO  impl.RoleInfo (RoleInfo.java:updateAndGet(143)) - 58095e90-3010-492a-9083-43cf2e035c3f: start FollowerState
2019-10-30 05:53:02,408 [9127dd83-037b-4d39-812f-66db56af525a@group-BCADF287A12B-LeaderElection15] INFO  impl.LeaderElection (LeaderElection.java:logAndReturn(56)) - 9127dd83-037b-4d39-812f-66db56af525a@group-BCADF287A12B-LeaderElection15: Election REJECTED; received 2 response(s) [9127dd83-037b-4d39-812f-66db56af525a<-7fae3aed-4e76-4283-a599-f93f794625ab#0:FAIL-t14, 9127dd83-037b-4d39-812f-66db56af525a<-58095e90-3010-492a-9083-43cf2e035c3f#0:FAIL-t14] and 0 exception(s); 9127dd83-037b-4d39-812f-66db56af525a@group-BCADF287A12B:t14, leader=null, voted=9127dd83-037b-4d39-812f-66db56af525a, raftlog=9127dd83-037b-4d39-812f-66db56af525a@group-BCADF287A12B-SegmentedRaftLog:OPENED:c-1,f-1,i0, conf=-1: [7fae3aed-4e76-4283-a599-f93f794625ab:192.168.34.21:41352, 58095e90-3010-492a-9083-43cf2e035c3f:192.168.34.21:45284, 9127dd83-037b-4d39-812f-66db56af525a:192.168.34.21:42063], old=null
2019-10-30 05:53:02,408 [9127dd83-037b-4d39-812f-66db56af525a@group-BCADF287A12B-LeaderElection15] INFO  impl.RaftServerImpl (RaftServerImpl.java:setRole(184)) - 9127dd83-037b-4d39-812f-66db56af525a@group-BCADF287A12B: changes role from CANDIDATE to FOLLOWER at term 14 for DISCOVERED_A_NEW_TERM
2019-10-30 05:53:02,408 [9127dd83-037b-4d39-812f-66db56af525a@group-BCADF287A12B-LeaderElection15] INFO  impl.RoleInfo (RoleInfo.java:shutdownLeaderElection(134)) - 9127dd83-037b-4d39-812f-66db56af525a: shutdown LeaderElection
2019-10-30 05:53:02,409 [9127dd83-037b-4d39-812f-66db56af525a@group-BCADF287A12B-LeaderElection15] INFO  impl.RoleInfo (RoleInfo.java:updateAndGet(143)) - 9127dd83-037b-4d39-812f-66db56af525a: start FollowerState
2019-10-30 05:53:02,446 [OM StateMachine ApplyTransaction Thread - 0] INFO  volume.OMVolumeCreateRequest (OMVolumeCreateRequest.java:validateAndUpdateCache(193)) - created volume:822a4ab1-c7fe-471e-839f-f6ec2366ef55 for user:jenkins1000
2019-10-30 05:53:02,462 [Thread-300] INFO  rpc.RpcClient (RpcClient.java:createBucket(411)) - Creating Bucket: 822a4ab1-c7fe-471e-839f-f6ec2366ef55/6edb5d43-21f7-4e12-8d75-334b27ce785d, with Versioning false and Storage Type set to DISK and Encryption set to false 
2019-10-30 05:53:02,502 [Thread-315] INFO  impl.FollowerState (FollowerState.java:run(108)) - 9127dd83-037b-4d39-812f-66db56af525a@group-BCADF287A12B-FollowerState: change to CANDIDATE, lastRpcTime:93ms, electionTimeout:91ms
2019-10-30 05:53:02,504 [Thread-315] INFO  impl.RoleInfo (RoleInfo.java:shutdownFollowerState(121)) - 9127dd83-037b-4d39-812f-66db56af525a: shutdown FollowerState
2019-10-30 05:53:02,504 [Thread-315] INFO  impl.RaftServerImpl (RaftServerImpl.java:setRole(184)) - 9127dd83-037b-4d39-812f-66db56af525a@group-BCADF287A12B: changes role from  FOLLOWER to CANDIDATE at term 14 for changeToCandidate
2019-10-30 05:53:02,504 [Thread-315] INFO  impl.RoleInfo (RoleInfo.java:updateAndGet(143)) - 9127dd83-037b-4d39-812f-66db56af525a: start LeaderElection
2019-10-30 05:53:02,513 [IPC Server handler 1 on 41718] INFO  server.SCMBlockProtocolServer (SCMBlockProtocolServer.java:allocateBlock(179)) - Allocating 1 blocks of size 4194304, with ExcludeList {datanodes = [], containerIds = [], pipelineIds = []}
2019-10-30 05:53:02,519 [9127dd83-037b-4d39-812f-66db56af525a@group-BCADF287A12B-LeaderElection16] INFO  impl.LeaderElection (LeaderElection.java:askForVotes(178)) - 9127dd83-037b-4d39-812f-66db56af525a@group-BCADF287A12B-LeaderElection16: begin an election at term 15 for -1: [7fae3aed-4e76-4283-a599-f93f794625ab:192.168.34.21:41352, 58095e90-3010-492a-9083-43cf2e035c3f:192.168.34.21:45284, 9127dd83-037b-4d39-812f-66db56af525a:192.168.34.21:42063], old=null
2019-10-30 05:53:02,525 [9127dd83-037b-4d39-812f-66db56af525a@group-BCADF287A12B-LeaderElection16] INFO  impl.LeaderElection (LeaderElection.java:logAndReturn(56)) - 9127dd83-037b-4d39-812f-66db56af525a@group-BCADF287A12B-LeaderElection16: Election TIMEOUT; received 0 response(s) [] and 0 exception(s); 9127dd83-037b-4d39-812f-66db56af525a@group-BCADF287A12B:t15, leader=null, voted=9127dd83-037b-4d39-812f-66db56af525a, raftlog=9127dd83-037b-4d39-812f-66db56af525a@group-BCADF287A12B-SegmentedRaftLog:OPENED:c-1,f-1,i0, conf=-1: [7fae3aed-4e76-4283-a599-f93f794625ab:192.168.34.21:41352, 58095e90-3010-492a-9083-43cf2e035c3f:192.168.34.21:45284, 9127dd83-037b-4d39-812f-66db56af525a:192.168.34.21:42063], old=null
2019-10-30 05:53:02,525 [grpc-default-executor-0] INFO  impl.RaftServerImpl (RaftServerImpl.java:setRole(184)) - 7fae3aed-4e76-4283-a599-f93f794625ab@group-BCADF287A12B: changes role from  FOLLOWER to FOLLOWER at term 15 for recognizeCandidate:9127dd83-037b-4d39-812f-66db56af525a
2019-10-30 05:53:02,526 [grpc-default-executor-0] INFO  impl.RoleInfo (RoleInfo.java:shutdownFollowerState(121)) - 7fae3aed-4e76-4283-a599-f93f794625ab: shutdown FollowerState
2019-10-30 05:53:02,526 [grpc-default-executor-3] INFO  impl.RaftServerImpl (RaftServerImpl.java:setRole(184)) - 58095e90-3010-492a-9083-43cf2e035c3f@group-BCADF287A12B: changes role from  FOLLOWER to FOLLOWER at term 15 for recognizeCandidate:9127dd83-037b-4d39-812f-66db56af525a
2019-10-30 05:53:02,526 [Thread-313] INFO  impl.FollowerState (FollowerState.java:run(117)) - 7fae3aed-4e76-4283-a599-f93f794625ab@group-BCADF287A12B-FollowerState was interrupted: java.lang.InterruptedException: sleep interrupted
2019-10-30 05:53:02,527 [grpc-default-executor-3] INFO  impl.RoleInfo (RoleInfo.java:shutdownFollowerState(121)) - 58095e90-3010-492a-9083-43cf2e035c3f: shutdown FollowerState
2019-10-30 05:53:02,526 [grpc-default-executor-0] INFO  impl.RoleInfo (RoleInfo.java:updateAndGet(143)) - 7fae3aed-4e76-4283-a599-f93f794625ab: start FollowerState
2019-10-30 05:53:02,529 [grpc-default-executor-3] INFO  impl.RoleInfo (RoleInfo.java:updateAndGet(143)) - 58095e90-3010-492a-9083-43cf2e035c3f: start FollowerState
2019-10-30 05:53:02,529 [Thread-314] INFO  impl.FollowerState (FollowerState.java:run(117)) - 58095e90-3010-492a-9083-43cf2e035c3f@group-BCADF287A12B-FollowerState was interrupted: java.lang.InterruptedException: sleep interrupted
2019-10-30 05:53:02,539 [9127dd83-037b-4d39-812f-66db56af525a@group-BCADF287A12B-LeaderElection16] INFO  impl.LeaderElection (LeaderElection.java:askForVotes(178)) - 9127dd83-037b-4d39-812f-66db56af525a@group-BCADF287A12B-LeaderElection16: begin an election at term 16 for -1: [7fae3aed-4e76-4283-a599-f93f794625ab:192.168.34.21:41352, 58095e90-3010-492a-9083-43cf2e035c3f:192.168.34.21:45284, 9127dd83-037b-4d39-812f-66db56af525a:192.168.34.21:42063], old=null
2019-10-30 05:53:02,544 [grpc-default-executor-0] INFO  impl.RaftServerImpl (RaftServerImpl.java:setRole(184)) - 58095e90-3010-492a-9083-43cf2e035c3f@group-BCADF287A12B: changes role from  FOLLOWER to FOLLOWER at term 16 for recognizeCandidate:9127dd83-037b-4d39-812f-66db56af525a
2019-10-30 05:53:02,544 [grpc-default-executor-0] INFO  impl.RoleInfo (RoleInfo.java:shutdownFollowerState(121)) - 58095e90-3010-492a-9083-43cf2e035c3f: shutdown FollowerState
2019-10-30 05:53:02,544 [grpc-default-executor-3] INFO  impl.RaftServerImpl (RaftServerImpl.java:setRole(184)) - 7fae3aed-4e76-4283-a599-f93f794625ab@group-BCADF287A12B: changes role from  FOLLOWER to FOLLOWER at term 16 for recognizeCandidate:9127dd83-037b-4d39-812f-66db56af525a
2019-10-30 05:53:02,544 [Thread-320] INFO  impl.FollowerState (FollowerState.java:run(117)) - 58095e90-3010-492a-9083-43cf2e035c3f@group-BCADF287A12B-FollowerState was interrupted: java.lang.InterruptedException: sleep interrupted
2019-10-30 05:53:02,544 [grpc-default-executor-3] INFO  impl.RoleInfo (RoleInfo.java:shutdownFollowerState(121)) - 7fae3aed-4e76-4283-a599-f93f794625ab: shutdown FollowerState
2019-10-30 05:53:02,544 [grpc-default-executor-0] INFO  impl.RoleInfo (RoleInfo.java:updateAndGet(143)) - 58095e90-3010-492a-9083-43cf2e035c3f: start FollowerState
2019-10-30 05:53:02,546 [grpc-default-executor-3] INFO  impl.RoleInfo (RoleInfo.java:updateAndGet(143)) - 7fae3aed-4e76-4283-a599-f93f794625ab: start FollowerState
2019-10-30 05:53:02,546 [Thread-319] INFO  impl.FollowerState (FollowerState.java:run(117)) - 7fae3aed-4e76-4283-a599-f93f794625ab@group-BCADF287A12B-FollowerState was interrupted: java.lang.InterruptedException: sleep interrupted
2019-10-30 05:53:02,558 [9127dd83-037b-4d39-812f-66db56af525a@group-BCADF287A12B-LeaderElection16] INFO  impl.LeaderElection (LeaderElection.java:logAndReturn(56)) - 9127dd83-037b-4d39-812f-66db56af525a@group-BCADF287A12B-LeaderElection16: Election REJECTED; received 2 response(s) [9127dd83-037b-4d39-812f-66db56af525a<-7fae3aed-4e76-4283-a599-f93f794625ab#0:FAIL-t16, 9127dd83-037b-4d39-812f-66db56af525a<-58095e90-3010-492a-9083-43cf2e035c3f#0:FAIL-t16] and 0 exception(s); 9127dd83-037b-4d39-812f-66db56af525a@group-BCADF287A12B:t16, leader=null, voted=9127dd83-037b-4d39-812f-66db56af525a, raftlog=9127dd83-037b-4d39-812f-66db56af525a@group-BCADF287A12B-SegmentedRaftLog:OPENED:c-1,f-1,i0, conf=-1: [7fae3aed-4e76-4283-a599-f93f794625ab:192.168.34.21:41352, 58095e90-3010-492a-9083-43cf2e035c3f:192.168.34.21:45284, 9127dd83-037b-4d39-812f-66db56af525a:192.168.34.21:42063], old=null
2019-10-30 05:53:02,558 [9127dd83-037b-4d39-812f-66db56af525a@group-BCADF287A12B-LeaderElection16] INFO  impl.RaftServerImpl (RaftServerImpl.java:setRole(184)) - 9127dd83-037b-4d39-812f-66db56af525a@group-BCADF287A12B: changes role from CANDIDATE to FOLLOWER at term 16 for DISCOVERED_A_NEW_TERM
2019-10-30 05:53:02,558 [9127dd83-037b-4d39-812f-66db56af525a@group-BCADF287A12B-LeaderElection16] INFO  impl.RoleInfo (RoleInfo.java:shutdownLeaderElection(134)) - 9127dd83-037b-4d39-812f-66db56af525a: shutdown LeaderElection
2019-10-30 05:53:02,559 [9127dd83-037b-4d39-812f-66db56af525a@group-BCADF287A12B-LeaderElection16] INFO  impl.RoleInfo (RoleInfo.java:updateAndGet(143)) - 9127dd83-037b-4d39-812f-66db56af525a: start FollowerState
2019-10-30 05:53:02,602 [Thread-325] INFO  impl.FollowerState (FollowerState.java:run(108)) - 9127dd83-037b-4d39-812f-66db56af525a@group-BCADF287A12B-FollowerState: change to CANDIDATE, lastRpcTime:43ms, electionTimeout:43ms
2019-10-30 05:53:02,608 [Thread-325] INFO  impl.RoleInfo (RoleInfo.java:shutdownFollowerState(121)) - 9127dd83-037b-4d39-812f-66db56af525a: shutdown FollowerState
2019-10-30 05:53:02,608 [Thread-325] INFO  impl.RaftServerImpl (RaftServerImpl.java:setRole(184)) - 9127dd83-037b-4d39-812f-66db56af525a@group-BCADF287A12B: changes role from  FOLLOWER to CANDIDATE at term 16 for changeToCandidate
2019-10-30 05:53:02,608 [Thread-325] INFO  impl.RoleInfo (RoleInfo.java:updateAndGet(143)) - 9127dd83-037b-4d39-812f-66db56af525a: start LeaderElection
2019-10-30 05:53:02,622 [9127dd83-037b-4d39-812f-66db56af525a@group-BCADF287A12B-LeaderElection17] INFO  impl.LeaderElection (LeaderElection.java:askForVotes(178)) - 9127dd83-037b-4d39-812f-66db56af525a@group-BCADF287A12B-LeaderElection17: begin an election at term 17 for -1: [7fae3aed-4e76-4283-a599-f93f794625ab:192.168.34.21:41352, 58095e90-3010-492a-9083-43cf2e035c3f:192.168.34.21:45284, 9127dd83-037b-4d39-812f-66db56af525a:192.168.34.21:42063], old=null
2019-10-30 05:53:02,645 [grpc-default-executor-0] INFO  impl.RaftServerImpl (RaftServerImpl.java:setRole(184)) - 58095e90-3010-492a-9083-43cf2e035c3f@group-BCADF287A12B: changes role from  FOLLOWER to FOLLOWER at term 17 for recognizeCandidate:9127dd83-037b-4d39-812f-66db56af525a
2019-10-30 05:53:02,645 [grpc-default-executor-3] INFO  impl.RaftServerImpl (RaftServerImpl.java:setRole(184)) - 7fae3aed-4e76-4283-a599-f93f794625ab@group-BCADF287A12B: changes role from  FOLLOWER to FOLLOWER at term 17 for recognizeCandidate:9127dd83-037b-4d39-812f-66db56af525a
2019-10-30 05:53:02,645 [grpc-default-executor-0] INFO  impl.RoleInfo (RoleInfo.java:shutdownFollowerState(121)) - 58095e90-3010-492a-9083-43cf2e035c3f: shutdown FollowerState
2019-10-30 05:53:02,646 [grpc-default-executor-3] INFO  impl.RoleInfo (RoleInfo.java:shutdownFollowerState(121)) - 7fae3aed-4e76-4283-a599-f93f794625ab: shutdown FollowerState
2019-10-30 05:53:02,646 [Thread-323] INFO  impl.FollowerState (FollowerState.java:run(117)) - 58095e90-3010-492a-9083-43cf2e035c3f@group-BCADF287A12B-FollowerState was interrupted: java.lang.InterruptedException: sleep interrupted
2019-10-30 05:53:02,646 [Thread-324] INFO  impl.FollowerState (FollowerState.java:run(117)) - 7fae3aed-4e76-4283-a599-f93f794625ab@group-BCADF287A12B-FollowerState was interrupted: java.lang.InterruptedException: sleep interrupted
2019-10-30 05:53:02,646 [grpc-default-executor-0] INFO  impl.RoleInfo (RoleInfo.java:updateAndGet(143)) - 58095e90-3010-492a-9083-43cf2e035c3f: start FollowerState
2019-10-30 05:53:02,646 [grpc-default-executor-3] INFO  impl.RoleInfo (RoleInfo.java:updateAndGet(143)) - 7fae3aed-4e76-4283-a599-f93f794625ab: start FollowerState
2019-10-30 05:53:02,657 [9127dd83-037b-4d39-812f-66db56af525a@group-BCADF287A12B-LeaderElection17] INFO  impl.LeaderElection (LeaderElection.java:logAndReturn(56)) - 9127dd83-037b-4d39-812f-66db56af525a@group-BCADF287A12B-LeaderElection17: Election TIMEOUT; received 0 response(s) [] and 0 exception(s); 9127dd83-037b-4d39-812f-66db56af525a@group-BCADF287A12B:t17, leader=null, voted=9127dd83-037b-4d39-812f-66db56af525a, raftlog=9127dd83-037b-4d39-812f-66db56af525a@group-BCADF287A12B-SegmentedRaftLog:OPENED:c-1,f-1,i0, conf=-1: [7fae3aed-4e76-4283-a599-f93f794625ab:192.168.34.21:41352, 58095e90-3010-492a-9083-43cf2e035c3f:192.168.34.21:45284, 9127dd83-037b-4d39-812f-66db56af525a:192.168.34.21:42063], old=null
2019-10-30 05:53:02,659 [Thread-300] INFO  impl.MetricsSystemImpl (MetricsSystemImpl.java:init(158)) - XceiverClientMetrics metrics system started (again)
2019-10-30 05:53:02,661 [9127dd83-037b-4d39-812f-66db56af525a@group-BCADF287A12B-LeaderElection17] INFO  impl.LeaderElection (LeaderElection.java:askForVotes(178)) - 9127dd83-037b-4d39-812f-66db56af525a@group-BCADF287A12B-LeaderElection17: begin an election at term 18 for -1: [7fae3aed-4e76-4283-a599-f93f794625ab:192.168.34.21:41352, 58095e90-3010-492a-9083-43cf2e035c3f:192.168.34.21:45284, 9127dd83-037b-4d39-812f-66db56af525a:192.168.34.21:42063], old=null
2019-10-30 05:53:02,665 [grpc-default-executor-3] INFO  impl.RaftServerImpl (RaftServerImpl.java:setRole(184)) - 7fae3aed-4e76-4283-a599-f93f794625ab@group-BCADF287A12B: changes role from  FOLLOWER to FOLLOWER at term 18 for recognizeCandidate:9127dd83-037b-4d39-812f-66db56af525a
2019-10-30 05:53:02,665 [grpc-default-executor-3] INFO  impl.RoleInfo (RoleInfo.java:shutdownFollowerState(121)) - 7fae3aed-4e76-4283-a599-f93f794625ab: shutdown FollowerState
2019-10-30 05:53:02,665 [grpc-default-executor-3] INFO  impl.RoleInfo (RoleInfo.java:updateAndGet(143)) - 7fae3aed-4e76-4283-a599-f93f794625ab: start FollowerState
2019-10-30 05:53:02,665 [Thread-330] INFO  impl.FollowerState (FollowerState.java:run(117)) - 7fae3aed-4e76-4283-a599-f93f794625ab@group-BCADF287A12B-FollowerState was interrupted: java.lang.InterruptedException: sleep interrupted
2019-10-30 05:53:02,665 [grpc-default-executor-0] INFO  impl.RaftServerImpl (RaftServerImpl.java:setRole(184)) - 58095e90-3010-492a-9083-43cf2e035c3f@group-BCADF287A12B: changes role from  FOLLOWER to FOLLOWER at term 18 for recognizeCandidate:9127dd83-037b-4d39-812f-66db56af525a
2019-10-30 05:53:02,666 [grpc-default-executor-0] INFO  impl.RoleInfo (RoleInfo.java:shutdownFollowerState(121)) - 58095e90-3010-492a-9083-43cf2e035c3f: shutdown FollowerState
2019-10-30 05:53:02,666 [Thread-329] INFO  impl.FollowerState (FollowerState.java:run(117)) - 58095e90-3010-492a-9083-43cf2e035c3f@group-BCADF287A12B-FollowerState was interrupted: java.lang.InterruptedException: sleep interrupted
2019-10-30 05:53:02,666 [grpc-default-executor-0] INFO  impl.RoleInfo (RoleInfo.java:updateAndGet(143)) - 58095e90-3010-492a-9083-43cf2e035c3f: start FollowerState
2019-10-30 05:53:02,680 [9127dd83-037b-4d39-812f-66db56af525a@group-BCADF287A12B-LeaderElection17] INFO  impl.LeaderElection (LeaderElection.java:logAndReturn(56)) - 9127dd83-037b-4d39-812f-66db56af525a@group-BCADF287A12B-LeaderElection17: Election REJECTED; received 2 response(s) [9127dd83-037b-4d39-812f-66db56af525a<-7fae3aed-4e76-4283-a599-f93f794625ab#0:FAIL-t18, 9127dd83-037b-4d39-812f-66db56af525a<-58095e90-3010-492a-9083-43cf2e035c3f#0:FAIL-t18] and 0 exception(s); 9127dd83-037b-4d39-812f-66db56af525a@group-BCADF287A12B:t18, leader=null, voted=9127dd83-037b-4d39-812f-66db56af525a, raftlog=9127dd83-037b-4d39-812f-66db56af525a@group-BCADF287A12B-SegmentedRaftLog:OPENED:c-1,f-1,i0, conf=-1: [7fae3aed-4e76-4283-a599-f93f794625ab:192.168.34.21:41352, 58095e90-3010-492a-9083-43cf2e035c3f:192.168.34.21:45284, 9127dd83-037b-4d39-812f-66db56af525a:192.168.34.21:42063], old=null
2019-10-30 05:53:02,681 [9127dd83-037b-4d39-812f-66db56af525a@group-BCADF287A12B-LeaderElection17] INFO  impl.RaftServerImpl (RaftServerImpl.java:setRole(184)) - 9127dd83-037b-4d39-812f-66db56af525a@group-BCADF287A12B: changes role from CANDIDATE to FOLLOWER at term 18 for DISCOVERED_A_NEW_TERM
2019-10-30 05:53:02,681 [9127dd83-037b-4d39-812f-66db56af525a@group-BCADF287A12B-LeaderElection17] INFO  impl.RoleInfo (RoleInfo.java:shutdownLeaderElection(134)) - 9127dd83-037b-4d39-812f-66db56af525a: shutdown LeaderElection
2019-10-30 05:53:02,681 [9127dd83-037b-4d39-812f-66db56af525a@group-BCADF287A12B-LeaderElection17] INFO  impl.RoleInfo (RoleInfo.java:updateAndGet(143)) - 9127dd83-037b-4d39-812f-66db56af525a: start FollowerState
2019-10-30 05:53:02,686 [Thread-335] INFO  impl.FollowerState (FollowerState.java:run(108)) - 9127dd83-037b-4d39-812f-66db56af525a@group-BCADF287A12B-FollowerState: change to CANDIDATE, lastRpcTime:5ms, electionTimeout:5ms
2019-10-30 05:53:02,687 [Thread-335] INFO  impl.RoleInfo (RoleInfo.java:shutdownFollowerState(121)) - 9127dd83-037b-4d39-812f-66db56af525a: shutdown FollowerState
2019-10-30 05:53:02,687 [Thread-335] INFO  impl.RaftServerImpl (RaftServerImpl.java:setRole(184)) - 9127dd83-037b-4d39-812f-66db56af525a@group-BCADF287A12B: changes role from  FOLLOWER to CANDIDATE at term 18 for changeToCandidate
2019-10-30 05:53:02,688 [Thread-335] INFO  impl.RoleInfo (RoleInfo.java:updateAndGet(143)) - 9127dd83-037b-4d39-812f-66db56af525a: start LeaderElection
2019-10-30 05:53:02,702 [9127dd83-037b-4d39-812f-66db56af525a@group-BCADF287A12B-LeaderElection18] INFO  impl.LeaderElection (LeaderElection.java:askForVotes(178)) - 9127dd83-037b-4d39-812f-66db56af525a@group-BCADF287A12B-LeaderElection18: begin an election at term 19 for -1: [7fae3aed-4e76-4283-a599-f93f794625ab:192.168.34.21:41352, 58095e90-3010-492a-9083-43cf2e035c3f:192.168.34.21:45284, 9127dd83-037b-4d39-812f-66db56af525a:192.168.34.21:42063], old=null
2019-10-30 05:53:02,705 [grpc-default-executor-3] INFO  impl.RaftServerImpl (RaftServerImpl.java:setRole(184)) - 7fae3aed-4e76-4283-a599-f93f794625ab@group-BCADF287A12B: changes role from  FOLLOWER to FOLLOWER at term 19 for recognizeCandidate:9127dd83-037b-4d39-812f-66db56af525a
2019-10-30 05:53:02,705 [grpc-default-executor-0] INFO  impl.RaftServerImpl (RaftServerImpl.java:setRole(184)) - 58095e90-3010-492a-9083-43cf2e035c3f@group-BCADF287A12B: changes role from  FOLLOWER to FOLLOWER at term 19 for recognizeCandidate:9127dd83-037b-4d39-812f-66db56af525a
2019-10-30 05:53:02,705 [grpc-default-executor-3] INFO  impl.RoleInfo (RoleInfo.java:shutdownFollowerState(121)) - 7fae3aed-4e76-4283-a599-f93f794625ab: shutdown FollowerState
2019-10-30 05:53:02,705 [grpc-default-executor-0] INFO  impl.RoleInfo (RoleInfo.java:shutdownFollowerState(121)) - 58095e90-3010-492a-9083-43cf2e035c3f: shutdown FollowerState
2019-10-30 05:53:02,705 [Thread-333] INFO  impl.FollowerState (FollowerState.java:run(117)) - 7fae3aed-4e76-4283-a599-f93f794625ab@group-BCADF287A12B-FollowerState was interrupted: java.lang.InterruptedException: sleep interrupted
2019-10-30 05:53:02,705 [grpc-default-executor-0] INFO  impl.RoleInfo (RoleInfo.java:updateAndGet(143)) - 58095e90-3010-492a-9083-43cf2e035c3f: start FollowerState
2019-10-30 05:53:02,705 [Thread-334] INFO  impl.FollowerState (FollowerState.java:run(117)) - 58095e90-3010-492a-9083-43cf2e035c3f@group-BCADF287A12B-FollowerState was interrupted: java.lang.InterruptedException: sleep interrupted
2019-10-30 05:53:02,705 [grpc-default-executor-3] INFO  impl.RoleInfo (RoleInfo.java:updateAndGet(143)) - 7fae3aed-4e76-4283-a599-f93f794625ab: start FollowerState
2019-10-30 05:53:02,723 [9127dd83-037b-4d39-812f-66db56af525a@group-BCADF287A12B-LeaderElection18] INFO  impl.LeaderElection (LeaderElection.java:logAndReturn(56)) - 9127dd83-037b-4d39-812f-66db56af525a@group-BCADF287A12B-LeaderElection18: Election REJECTED; received 2 response(s) [9127dd83-037b-4d39-812f-66db56af525a<-7fae3aed-4e76-4283-a599-f93f794625ab#0:FAIL-t19, 9127dd83-037b-4d39-812f-66db56af525a<-58095e90-3010-492a-9083-43cf2e035c3f#0:FAIL-t19] and 0 exception(s); 9127dd83-037b-4d39-812f-66db56af525a@group-BCADF287A12B:t19, leader=null, voted=9127dd83-037b-4d39-812f-66db56af525a, raftlog=9127dd83-037b-4d39-812f-66db56af525a@group-BCADF287A12B-SegmentedRaftLog:OPENED:c-1,f-1,i0, conf=-1: [7fae3aed-4e76-4283-a599-f93f794625ab:192.168.34.21:41352, 58095e90-3010-492a-9083-43cf2e035c3f:192.168.34.21:45284, 9127dd83-037b-4d39-812f-66db56af525a:192.168.34.21:42063], old=null
2019-10-30 05:53:02,723 [9127dd83-037b-4d39-812f-66db56af525a@group-BCADF287A12B-LeaderElection18] INFO  impl.RaftServerImpl (RaftServerImpl.java:setRole(184)) - 9127dd83-037b-4d39-812f-66db56af525a@group-BCADF287A12B: changes role from CANDIDATE to FOLLOWER at term 19 for DISCOVERED_A_NEW_TERM
2019-10-30 05:53:02,723 [9127dd83-037b-4d39-812f-66db56af525a@group-BCADF287A12B-LeaderElection18] INFO  impl.RoleInfo (RoleInfo.java:shutdownLeaderElection(134)) - 9127dd83-037b-4d39-812f-66db56af525a: shutdown LeaderElection
2019-10-30 05:53:02,724 [9127dd83-037b-4d39-812f-66db56af525a@group-BCADF287A12B-LeaderElection18] INFO  impl.RoleInfo (RoleInfo.java:updateAndGet(143)) - 9127dd83-037b-4d39-812f-66db56af525a: start FollowerState
2019-10-30 05:53:02,781 [Thread-341] INFO  impl.FollowerState (FollowerState.java:run(108)) - 9127dd83-037b-4d39-812f-66db56af525a@group-BCADF287A12B-FollowerState: change to CANDIDATE, lastRpcTime:57ms, electionTimeout:57ms
2019-10-30 05:53:02,785 [Thread-341] INFO  impl.RoleInfo (RoleInfo.java:shutdownFollowerState(121)) - 9127dd83-037b-4d39-812f-66db56af525a: shutdown FollowerState
2019-10-30 05:53:02,785 [Thread-341] INFO  impl.RaftServerImpl (RaftServerImpl.java:setRole(184)) - 9127dd83-037b-4d39-812f-66db56af525a@group-BCADF287A12B: changes role from  FOLLOWER to CANDIDATE at term 19 for changeToCandidate
2019-10-30 05:53:02,785 [Thread-341] INFO  impl.RoleInfo (RoleInfo.java:updateAndGet(143)) - 9127dd83-037b-4d39-812f-66db56af525a: start LeaderElection
2019-10-30 05:53:02,798 [9127dd83-037b-4d39-812f-66db56af525a@group-BCADF287A12B-LeaderElection19] INFO  impl.LeaderElection (LeaderElection.java:askForVotes(178)) - 9127dd83-037b-4d39-812f-66db56af525a@group-BCADF287A12B-LeaderElection19: begin an election at term 20 for -1: [7fae3aed-4e76-4283-a599-f93f794625ab:192.168.34.21:41352, 58095e90-3010-492a-9083-43cf2e035c3f:192.168.34.21:45284, 9127dd83-037b-4d39-812f-66db56af525a:192.168.34.21:42063], old=null
2019-10-30 05:53:02,802 [grpc-default-executor-3] INFO  impl.RaftServerImpl (RaftServerImpl.java:setRole(184)) - 7fae3aed-4e76-4283-a599-f93f794625ab@group-BCADF287A12B: changes role from  FOLLOWER to FOLLOWER at term 20 for recognizeCandidate:9127dd83-037b-4d39-812f-66db56af525a
2019-10-30 05:53:02,802 [grpc-default-executor-3] INFO  impl.RoleInfo (RoleInfo.java:shutdownFollowerState(121)) - 7fae3aed-4e76-4283-a599-f93f794625ab: shutdown FollowerState
2019-10-30 05:53:02,802 [grpc-default-executor-3] INFO  impl.RoleInfo (RoleInfo.java:updateAndGet(143)) - 7fae3aed-4e76-4283-a599-f93f794625ab: start FollowerState
2019-10-30 05:53:02,802 [Thread-339] INFO  impl.FollowerState (FollowerState.java:run(117)) - 7fae3aed-4e76-4283-a599-f93f794625ab@group-BCADF287A12B-FollowerState was interrupted: java.lang.InterruptedException: sleep interrupted
2019-10-30 05:53:02,802 [grpc-default-executor-0] INFO  impl.RaftServerImpl (RaftServerImpl.java:setRole(184)) - 58095e90-3010-492a-9083-43cf2e035c3f@group-BCADF287A12B: changes role from  FOLLOWER to FOLLOWER at term 20 for recognizeCandidate:9127dd83-037b-4d39-812f-66db56af525a
2019-10-30 05:53:02,803 [grpc-default-executor-0] INFO  impl.RoleInfo (RoleInfo.java:shutdownFollowerState(121)) - 58095e90-3010-492a-9083-43cf2e035c3f: shutdown FollowerState
2019-10-30 05:53:02,803 [Thread-340] INFO  impl.FollowerState (FollowerState.java:run(117)) - 58095e90-3010-492a-9083-43cf2e035c3f@group-BCADF287A12B-FollowerState was interrupted: java.lang.InterruptedException: sleep interrupted
2019-10-30 05:53:02,803 [grpc-default-executor-0] INFO  impl.RoleInfo (RoleInfo.java:updateAndGet(143)) - 58095e90-3010-492a-9083-43cf2e035c3f: start FollowerState
2019-10-30 05:53:02,819 [9127dd83-037b-4d39-812f-66db56af525a@group-BCADF287A12B-LeaderElection19] INFO  impl.LeaderElection (LeaderElection.java:logAndReturn(56)) - 9127dd83-037b-4d39-812f-66db56af525a@group-BCADF287A12B-LeaderElection19: Election REJECTED; received 2 response(s) [9127dd83-037b-4d39-812f-66db56af525a<-7fae3aed-4e76-4283-a599-f93f794625ab#0:FAIL-t20, 9127dd83-037b-4d39-812f-66db56af525a<-58095e90-3010-492a-9083-43cf2e035c3f#0:FAIL-t20] and 0 exception(s); 9127dd83-037b-4d39-812f-66db56af525a@group-BCADF287A12B:t20, leader=null, voted=9127dd83-037b-4d39-812f-66db56af525a, raftlog=9127dd83-037b-4d39-812f-66db56af525a@group-BCADF287A12B-SegmentedRaftLog:OPENED:c-1,f-1,i0, conf=-1: [7fae3aed-4e76-4283-a599-f93f794625ab:192.168.34.21:41352, 58095e90-3010-492a-9083-43cf2e035c3f:192.168.34.21:45284, 9127dd83-037b-4d39-812f-66db56af525a:192.168.34.21:42063], old=null
2019-10-30 05:53:02,819 [9127dd83-037b-4d39-812f-66db56af525a@group-BCADF287A12B-LeaderElection19] INFO  impl.RaftServerImpl (RaftServerImpl.java:setRole(184)) - 9127dd83-037b-4d39-812f-66db56af525a@group-BCADF287A12B: changes role from CANDIDATE to FOLLOWER at term 20 for DISCOVERED_A_NEW_TERM
2019-10-30 05:53:02,819 [9127dd83-037b-4d39-812f-66db56af525a@group-BCADF287A12B-LeaderElection19] INFO  impl.RoleInfo (RoleInfo.java:shutdownLeaderElection(134)) - 9127dd83-037b-4d39-812f-66db56af525a: shutdown LeaderElection
2019-10-30 05:53:02,819 [9127dd83-037b-4d39-812f-66db56af525a@group-BCADF287A12B-LeaderElection19] INFO  impl.RoleInfo (RoleInfo.java:updateAndGet(143)) - 9127dd83-037b-4d39-812f-66db56af525a: start FollowerState
2019-10-30 05:53:02,862 [Thread-350] INFO  impl.FollowerState (FollowerState.java:run(108)) - 9127dd83-037b-4d39-812f-66db56af525a@group-BCADF287A12B-FollowerState: change to CANDIDATE, lastRpcTime:42ms, electionTimeout:42ms
2019-10-30 05:53:02,863 [Thread-350] INFO  impl.RoleInfo (RoleInfo.java:shutdownFollowerState(121)) - 9127dd83-037b-4d39-812f-66db56af525a: shutdown FollowerState
2019-10-30 05:53:02,864 [Thread-350] INFO  impl.RaftServerImpl (RaftServerImpl.java:setRole(184)) - 9127dd83-037b-4d39-812f-66db56af525a@group-BCADF287A12B: changes role from  FOLLOWER to CANDIDATE at term 20 for changeToCandidate
2019-10-30 05:53:02,864 [Thread-350] INFO  impl.RoleInfo (RoleInfo.java:updateAndGet(143)) - 9127dd83-037b-4d39-812f-66db56af525a: start LeaderElection
2019-10-30 05:53:02,878 [9127dd83-037b-4d39-812f-66db56af525a@group-BCADF287A12B-LeaderElection20] INFO  impl.LeaderElection (LeaderElection.java:askForVotes(178)) - 9127dd83-037b-4d39-812f-66db56af525a@group-BCADF287A12B-LeaderElection20: begin an election at term 21 for -1: [7fae3aed-4e76-4283-a599-f93f794625ab:192.168.34.21:41352, 58095e90-3010-492a-9083-43cf2e035c3f:192.168.34.21:45284, 9127dd83-037b-4d39-812f-66db56af525a:192.168.34.21:42063], old=null
2019-10-30 05:53:02,882 [grpc-default-executor-0] INFO  impl.RaftServerImpl (RaftServerImpl.java:setRole(184)) - 58095e90-3010-492a-9083-43cf2e035c3f@group-BCADF287A12B: changes role from  FOLLOWER to FOLLOWER at term 21 for recognizeCandidate:9127dd83-037b-4d39-812f-66db56af525a
2019-10-30 05:53:02,882 [grpc-default-executor-3] INFO  impl.RaftServerImpl (RaftServerImpl.java:setRole(184)) - 7fae3aed-4e76-4283-a599-f93f794625ab@group-BCADF287A12B: changes role from  FOLLOWER to FOLLOWER at term 21 for recognizeCandidate:9127dd83-037b-4d39-812f-66db56af525a
2019-10-30 05:53:02,882 [grpc-default-executor-0] INFO  impl.RoleInfo (RoleInfo.java:shutdownFollowerState(121)) - 58095e90-3010-492a-9083-43cf2e035c3f: shutdown FollowerState
2019-10-30 05:53:02,882 [grpc-default-executor-3] INFO  impl.RoleInfo (RoleInfo.java:shutdownFollowerState(121)) - 7fae3aed-4e76-4283-a599-f93f794625ab: shutdown FollowerState
2019-10-30 05:53:02,882 [Thread-349] INFO  impl.FollowerState (FollowerState.java:run(117)) - 58095e90-3010-492a-9083-43cf2e035c3f@group-BCADF287A12B-FollowerState was interrupted: java.lang.InterruptedException: sleep interrupted
2019-10-30 05:53:02,882 [9127dd83-037b-4d39-812f-66db56af525a@group-BCADF287A12B-LeaderElection20] INFO  impl.LeaderElection (LeaderElection.java:logAndReturn(56)) - 9127dd83-037b-4d39-812f-66db56af525a@group-BCADF287A12B-LeaderElection20: Election TIMEOUT; received 0 response(s) [] and 0 exception(s); 9127dd83-037b-4d39-812f-66db56af525a@group-BCADF287A12B:t21, leader=null, voted=9127dd83-037b-4d39-812f-66db56af525a, raftlog=9127dd83-037b-4d39-812f-66db56af525a@group-BCADF287A12B-SegmentedRaftLog:OPENED:c-1,f-1,i0, conf=-1: [7fae3aed-4e76-4283-a599-f93f794625ab:192.168.34.21:41352, 58095e90-3010-492a-9083-43cf2e035c3f:192.168.34.21:45284, 9127dd83-037b-4d39-812f-66db56af525a:192.168.34.21:42063], old=null
2019-10-30 05:53:02,882 [Thread-348] INFO  impl.FollowerState (FollowerState.java:run(117)) - 7fae3aed-4e76-4283-a599-f93f794625ab@group-BCADF287A12B-FollowerState was interrupted: java.lang.InterruptedException: sleep interrupted
2019-10-30 05:53:02,882 [grpc-default-executor-3] INFO  impl.RoleInfo (RoleInfo.java:updateAndGet(143)) - 7fae3aed-4e76-4283-a599-f93f794625ab: start FollowerState
2019-10-30 05:53:02,882 [grpc-default-executor-0] INFO  impl.RoleInfo (RoleInfo.java:updateAndGet(143)) - 58095e90-3010-492a-9083-43cf2e035c3f: start FollowerState
2019-10-30 05:53:02,898 [9127dd83-037b-4d39-812f-66db56af525a@group-BCADF287A12B-LeaderElection20] INFO  impl.LeaderElection (LeaderElection.java:askForVotes(178)) - 9127dd83-037b-4d39-812f-66db56af525a@group-BCADF287A12B-LeaderElection20: begin an election at term 22 for -1: [7fae3aed-4e76-4283-a599-f93f794625ab:192.168.34.21:41352, 58095e90-3010-492a-9083-43cf2e035c3f:192.168.34.21:45284, 9127dd83-037b-4d39-812f-66db56af525a:192.168.34.21:42063], old=null
2019-10-30 05:53:02,902 [grpc-default-executor-0] INFO  impl.RaftServerImpl (RaftServerImpl.java:setRole(184)) - 7fae3aed-4e76-4283-a599-f93f794625ab@group-BCADF287A12B: changes role from  FOLLOWER to FOLLOWER at term 22 for recognizeCandidate:9127dd83-037b-4d39-812f-66db56af525a
2019-10-30 05:53:02,902 [grpc-default-executor-3] INFO  impl.RaftServerImpl (RaftServerImpl.java:setRole(184)) - 58095e90-3010-492a-9083-43cf2e035c3f@group-BCADF287A12B: changes role from  FOLLOWER to FOLLOWER at term 22 for recognizeCandidate:9127dd83-037b-4d39-812f-66db56af525a
2019-10-30 05:53:02,902 [grpc-default-executor-0] INFO  impl.RoleInfo (RoleInfo.java:shutdownFollowerState(121)) - 7fae3aed-4e76-4283-a599-f93f794625ab: shutdown FollowerState
2019-10-30 05:53:02,902 [grpc-default-executor-3] INFO  impl.RoleInfo (RoleInfo.java:shutdownFollowerState(121)) - 58095e90-3010-492a-9083-43cf2e035c3f: shutdown FollowerState
2019-10-30 05:53:02,902 [grpc-default-executor-0] INFO  impl.RoleInfo (RoleInfo.java:updateAndGet(143)) - 7fae3aed-4e76-4283-a599-f93f794625ab: start FollowerState
2019-10-30 05:53:02,902 [Thread-355] INFO  impl.FollowerState (FollowerState.java:run(117)) - 7fae3aed-4e76-4283-a599-f93f794625ab@group-BCADF287A12B-FollowerState was interrupted: java.lang.InterruptedException: sleep interrupted
2019-10-30 05:53:02,902 [grpc-default-executor-3] INFO  impl.RoleInfo (RoleInfo.java:updateAndGet(143)) - 58095e90-3010-492a-9083-43cf2e035c3f: start FollowerState
2019-10-30 05:53:02,902 [Thread-354] INFO  impl.FollowerState (FollowerState.java:run(117)) - 58095e90-3010-492a-9083-43cf2e035c3f@group-BCADF287A12B-FollowerState was interrupted: java.lang.InterruptedException: sleep interrupted
2019-10-30 05:53:02,918 [9127dd83-037b-4d39-812f-66db56af525a@group-BCADF287A12B-LeaderElection20] INFO  impl.LeaderElection (LeaderElection.java:logAndReturn(56)) - 9127dd83-037b-4d39-812f-66db56af525a@group-BCADF287A12B-LeaderElection20: Election REJECTED; received 2 response(s) [9127dd83-037b-4d39-812f-66db56af525a<-7fae3aed-4e76-4283-a599-f93f794625ab#0:FAIL-t22, 9127dd83-037b-4d39-812f-66db56af525a<-58095e90-3010-492a-9083-43cf2e035c3f#0:FAIL-t22] and 0 exception(s); 9127dd83-037b-4d39-812f-66db56af525a@group-BCADF287A12B:t22, leader=null, voted=9127dd83-037b-4d39-812f-66db56af525a, raftlog=9127dd83-037b-4d39-812f-66db56af525a@group-BCADF287A12B-SegmentedRaftLog:OPENED:c-1,f-1,i0, conf=-1: [7fae3aed-4e76-4283-a599-f93f794625ab:192.168.34.21:41352, 58095e90-3010-492a-9083-43cf2e035c3f:192.168.34.21:45284, 9127dd83-037b-4d39-812f-66db56af525a:192.168.34.21:42063], old=null
2019-10-30 05:53:02,918 [9127dd83-037b-4d39-812f-66db56af525a@group-BCADF287A12B-LeaderElection20] INFO  impl.RaftServerImpl (RaftServerImpl.java:setRole(184)) - 9127dd83-037b-4d39-812f-66db56af525a@group-BCADF287A12B: changes role from CANDIDATE to FOLLOWER at term 22 for DISCOVERED_A_NEW_TERM
2019-10-30 05:53:02,918 [9127dd83-037b-4d39-812f-66db56af525a@group-BCADF287A12B-LeaderElection20] INFO  impl.RoleInfo (RoleInfo.java:shutdownLeaderElection(134)) - 9127dd83-037b-4d39-812f-66db56af525a: shutdown LeaderElection
2019-10-30 05:53:02,918 [9127dd83-037b-4d39-812f-66db56af525a@group-BCADF287A12B-LeaderElection20] INFO  impl.RoleInfo (RoleInfo.java:updateAndGet(143)) - 9127dd83-037b-4d39-812f-66db56af525a: start FollowerState
2019-10-30 05:53:03,111 [Thread-360] INFO  impl.FollowerState (FollowerState.java:run(108)) - 9127dd83-037b-4d39-812f-66db56af525a@group-BCADF287A12B-FollowerState: change to CANDIDATE, lastRpcTime:192ms, electionTimeout:192ms
2019-10-30 05:53:03,113 [Thread-360] INFO  impl.RoleInfo (RoleInfo.java:shutdownFollowerState(121)) - 9127dd83-037b-4d39-812f-66db56af525a: shutdown FollowerState
2019-10-30 05:53:03,113 [Thread-360] INFO  impl.RaftServerImpl (RaftServerImpl.java:setRole(184)) - 9127dd83-037b-4d39-812f-66db56af525a@group-BCADF287A12B: changes role from  FOLLOWER to CANDIDATE at term 22 for changeToCandidate
2019-10-30 05:53:03,113 [Thread-360] INFO  impl.RoleInfo (RoleInfo.java:updateAndGet(143)) - 9127dd83-037b-4d39-812f-66db56af525a: start LeaderElection
2019-10-30 05:53:03,137 [9127dd83-037b-4d39-812f-66db56af525a@group-BCADF287A12B-LeaderElection21] INFO  impl.LeaderElection (LeaderElection.java:askForVotes(178)) - 9127dd83-037b-4d39-812f-66db56af525a@group-BCADF287A12B-LeaderElection21: begin an election at term 23 for -1: [7fae3aed-4e76-4283-a599-f93f794625ab:192.168.34.21:41352, 58095e90-3010-492a-9083-43cf2e035c3f:192.168.34.21:45284, 9127dd83-037b-4d39-812f-66db56af525a:192.168.34.21:42063], old=null
2019-10-30 05:53:03,146 [grpc-default-executor-3] INFO  impl.RaftServerImpl (RaftServerImpl.java:setRole(184)) - 58095e90-3010-492a-9083-43cf2e035c3f@group-BCADF287A12B: changes role from  FOLLOWER to FOLLOWER at term 23 for recognizeCandidate:9127dd83-037b-4d39-812f-66db56af525a
2019-10-30 05:53:03,146 [grpc-default-executor-0] INFO  impl.RaftServerImpl (RaftServerImpl.java:setRole(184)) - 7fae3aed-4e76-4283-a599-f93f794625ab@group-BCADF287A12B: changes role from  FOLLOWER to FOLLOWER at term 23 for recognizeCandidate:9127dd83-037b-4d39-812f-66db56af525a
2019-10-30 05:53:03,147 [grpc-default-executor-0] INFO  impl.RoleInfo (RoleInfo.java:shutdownFollowerState(121)) - 7fae3aed-4e76-4283-a599-f93f794625ab: shutdown FollowerState
2019-10-30 05:53:03,146 [grpc-default-executor-3] INFO  impl.RoleInfo (RoleInfo.java:shutdownFollowerState(121)) - 58095e90-3010-492a-9083-43cf2e035c3f: shutdown FollowerState
2019-10-30 05:53:03,147 [Thread-358] INFO  impl.FollowerState (FollowerState.java:run(117)) - 7fae3aed-4e76-4283-a599-f93f794625ab@group-BCADF287A12B-FollowerState was interrupted: java.lang.InterruptedException: sleep interrupted
2019-10-30 05:53:03,147 [Thread-359] INFO  impl.FollowerState (FollowerState.java:run(117)) - 58095e90-3010-492a-9083-43cf2e035c3f@group-BCADF287A12B-FollowerState was interrupted: java.lang.InterruptedException: sleep interrupted
2019-10-30 05:53:03,147 [grpc-default-executor-0] INFO  impl.RoleInfo (RoleInfo.java:updateAndGet(143)) - 7fae3aed-4e76-4283-a599-f93f794625ab: start FollowerState
2019-10-30 05:53:03,147 [grpc-default-executor-3] INFO  impl.RoleInfo (RoleInfo.java:updateAndGet(143)) - 58095e90-3010-492a-9083-43cf2e035c3f: start FollowerState
2019-10-30 05:53:03,155 [Thread-199] INFO  container.ReplicationManager (ReplicationManager.java:start(162)) - Starting Replication Monitor Thread.
2019-10-30 05:53:03,158 [ReplicationMonitor] INFO  container.ReplicationManager (ReplicationManager.java:run(225)) - Replication Monitor Thread took 3 milliseconds for processing 1 containers.
2019-10-30 05:53:03,163 [9127dd83-037b-4d39-812f-66db56af525a@group-BCADF287A12B-LeaderElection21] INFO  impl.LeaderElection (LeaderElection.java:logAndReturn(56)) - 9127dd83-037b-4d39-812f-66db56af525a@group-BCADF287A12B-LeaderElection21: Election REJECTED; received 2 response(s) [9127dd83-037b-4d39-812f-66db56af525a<-7fae3aed-4e76-4283-a599-f93f794625ab#0:FAIL-t23, 9127dd83-037b-4d39-812f-66db56af525a<-58095e90-3010-492a-9083-43cf2e035c3f#0:FAIL-t23] and 0 exception(s); 9127dd83-037b-4d39-812f-66db56af525a@group-BCADF287A12B:t23, leader=null, voted=9127dd83-037b-4d39-812f-66db56af525a, raftlog=9127dd83-037b-4d39-812f-66db56af525a@group-BCADF287A12B-SegmentedRaftLog:OPENED:c-1,f-1,i0, conf=-1: [7fae3aed-4e76-4283-a599-f93f794625ab:192.168.34.21:41352, 58095e90-3010-492a-9083-43cf2e035c3f:192.168.34.21:45284, 9127dd83-037b-4d39-812f-66db56af525a:192.168.34.21:42063], old=null
2019-10-30 05:53:03,163 [9127dd83-037b-4d39-812f-66db56af525a@group-BCADF287A12B-LeaderElection21] INFO  impl.RaftServerImpl (RaftServerImpl.java:setRole(184)) - 9127dd83-037b-4d39-812f-66db56af525a@group-BCADF287A12B: changes role from CANDIDATE to FOLLOWER at term 23 for DISCOVERED_A_NEW_TERM
2019-10-30 05:53:03,163 [9127dd83-037b-4d39-812f-66db56af525a@group-BCADF287A12B-LeaderElection21] INFO  impl.RoleInfo (RoleInfo.java:shutdownLeaderElection(134)) - 9127dd83-037b-4d39-812f-66db56af525a: shutdown LeaderElection
2019-10-30 05:53:03,163 [9127dd83-037b-4d39-812f-66db56af525a@group-BCADF287A12B-LeaderElection21] INFO  impl.RoleInfo (RoleInfo.java:updateAndGet(143)) - 9127dd83-037b-4d39-812f-66db56af525a: start FollowerState
2019-10-30 05:53:03,265 [Thread-367] INFO  impl.FollowerState (FollowerState.java:run(108)) - 9127dd83-037b-4d39-812f-66db56af525a@group-BCADF287A12B-FollowerState: change to CANDIDATE, lastRpcTime:101ms, electionTimeout:101ms
2019-10-30 05:53:03,266 [Thread-367] INFO  impl.RoleInfo (RoleInfo.java:shutdownFollowerState(121)) - 9127dd83-037b-4d39-812f-66db56af525a: shutdown FollowerState
2019-10-30 05:53:03,266 [Thread-367] INFO  impl.RaftServerImpl (RaftServerImpl.java:setRole(184)) - 9127dd83-037b-4d39-812f-66db56af525a@group-BCADF287A12B: changes role from  FOLLOWER to CANDIDATE at term 23 for changeToCandidate
2019-10-30 05:53:03,267 [Thread-367] INFO  impl.RoleInfo (RoleInfo.java:updateAndGet(143)) - 9127dd83-037b-4d39-812f-66db56af525a: start LeaderElection
2019-10-30 05:53:03,285 [9127dd83-037b-4d39-812f-66db56af525a@group-BCADF287A12B-LeaderElection22] INFO  impl.LeaderElection (LeaderElection.java:askForVotes(178)) - 9127dd83-037b-4d39-812f-66db56af525a@group-BCADF287A12B-LeaderElection22: begin an election at term 24 for -1: [7fae3aed-4e76-4283-a599-f93f794625ab:192.168.34.21:41352, 58095e90-3010-492a-9083-43cf2e035c3f:192.168.34.21:45284, 9127dd83-037b-4d39-812f-66db56af525a:192.168.34.21:42063], old=null
2019-10-30 05:53:03,289 [grpc-default-executor-0] INFO  impl.RaftServerImpl (RaftServerImpl.java:setRole(184)) - 58095e90-3010-492a-9083-43cf2e035c3f@group-BCADF287A12B: changes role from  FOLLOWER to FOLLOWER at term 24 for recognizeCandidate:9127dd83-037b-4d39-812f-66db56af525a
2019-10-30 05:53:03,289 [grpc-default-executor-3] INFO  impl.RaftServerImpl (RaftServerImpl.java:setRole(184)) - 7fae3aed-4e76-4283-a599-f93f794625ab@group-BCADF287A12B: changes role from  FOLLOWER to FOLLOWER at term 24 for recognizeCandidate:9127dd83-037b-4d39-812f-66db56af525a
2019-10-30 05:53:03,289 [grpc-default-executor-0] INFO  impl.RoleInfo (RoleInfo.java:shutdownFollowerState(121)) - 58095e90-3010-492a-9083-43cf2e035c3f: shutdown FollowerState
2019-10-30 05:53:03,289 [9127dd83-037b-4d39-812f-66db56af525a@group-BCADF287A12B-LeaderElection22] INFO  impl.LeaderElection (LeaderElection.java:logAndReturn(56)) - 9127dd83-037b-4d39-812f-66db56af525a@group-BCADF287A12B-LeaderElection22: Election TIMEOUT; received 0 response(s) [] and 0 exception(s); 9127dd83-037b-4d39-812f-66db56af525a@group-BCADF287A12B:t24, leader=null, voted=9127dd83-037b-4d39-812f-66db56af525a, raftlog=9127dd83-037b-4d39-812f-66db56af525a@group-BCADF287A12B-SegmentedRaftLog:OPENED:c-1,f-1,i0, conf=-1: [7fae3aed-4e76-4283-a599-f93f794625ab:192.168.34.21:41352, 58095e90-3010-492a-9083-43cf2e035c3f:192.168.34.21:45284, 9127dd83-037b-4d39-812f-66db56af525a:192.168.34.21:42063], old=null
2019-10-30 05:53:03,289 [grpc-default-executor-3] INFO  impl.RoleInfo (RoleInfo.java:shutdownFollowerState(121)) - 7fae3aed-4e76-4283-a599-f93f794625ab: shutdown FollowerState
2019-10-30 05:53:03,289 [Thread-365] INFO  impl.FollowerState (FollowerState.java:run(117)) - 58095e90-3010-492a-9083-43cf2e035c3f@group-BCADF287A12B-FollowerState was interrupted: java.lang.InterruptedException: sleep interrupted
2019-10-30 05:53:03,289 [grpc-default-executor-0] INFO  impl.RoleInfo (RoleInfo.java:updateAndGet(143)) - 58095e90-3010-492a-9083-43cf2e035c3f: start FollowerState
2019-10-30 05:53:03,291 [Thread-364] INFO  impl.FollowerState (FollowerState.java:run(117)) - 7fae3aed-4e76-4283-a599-f93f794625ab@group-BCADF287A12B-FollowerState was interrupted: java.lang.InterruptedException: sleep interrupted
2019-10-30 05:53:03,291 [grpc-default-executor-3] INFO  impl.RoleInfo (RoleInfo.java:updateAndGet(143)) - 7fae3aed-4e76-4283-a599-f93f794625ab: start FollowerState
2019-10-30 05:53:03,304 [9127dd83-037b-4d39-812f-66db56af525a@group-BCADF287A12B-LeaderElection22] INFO  impl.LeaderElection (LeaderElection.java:askForVotes(178)) - 9127dd83-037b-4d39-812f-66db56af525a@group-BCADF287A12B-LeaderElection22: begin an election at term 25 for -1: [7fae3aed-4e76-4283-a599-f93f794625ab:192.168.34.21:41352, 58095e90-3010-492a-9083-43cf2e035c3f:192.168.34.21:45284, 9127dd83-037b-4d39-812f-66db56af525a:192.168.34.21:42063], old=null
2019-10-30 05:53:03,308 [grpc-default-executor-0] INFO  impl.RaftServerImpl (RaftServerImpl.java:setRole(184)) - 58095e90-3010-492a-9083-43cf2e035c3f@group-BCADF287A12B: changes role from  FOLLOWER to FOLLOWER at term 25 for recognizeCandidate:9127dd83-037b-4d39-812f-66db56af525a
2019-10-30 05:53:03,309 [grpc-default-executor-3] INFO  impl.RaftServerImpl (RaftServerImpl.java:setRole(184)) - 7fae3aed-4e76-4283-a599-f93f794625ab@group-BCADF287A12B: changes role from  FOLLOWER to FOLLOWER at term 25 for recognizeCandidate:9127dd83-037b-4d39-812f-66db56af525a
2019-10-30 05:53:03,309 [grpc-default-executor-0] INFO  impl.RoleInfo (RoleInfo.java:shutdownFollowerState(121)) - 58095e90-3010-492a-9083-43cf2e035c3f: shutdown FollowerState
2019-10-30 05:53:03,309 [grpc-default-executor-3] INFO  impl.RoleInfo (RoleInfo.java:shutdownFollowerState(121)) - 7fae3aed-4e76-4283-a599-f93f794625ab: shutdown FollowerState
2019-10-30 05:53:03,309 [grpc-default-executor-0] INFO  impl.RoleInfo (RoleInfo.java:updateAndGet(143)) - 58095e90-3010-492a-9083-43cf2e035c3f: start FollowerState
2019-10-30 05:53:03,309 [Thread-371] INFO  impl.FollowerState (FollowerState.java:run(117)) - 58095e90-3010-492a-9083-43cf2e035c3f@group-BCADF287A12B-FollowerState was interrupted: java.lang.InterruptedException: sleep interrupted
2019-10-30 05:53:03,309 [grpc-default-executor-3] INFO  impl.RoleInfo (RoleInfo.java:updateAndGet(143)) - 7fae3aed-4e76-4283-a599-f93f794625ab: start FollowerState
2019-10-30 05:53:03,309 [Thread-372] INFO  impl.FollowerState (FollowerState.java:run(117)) - 7fae3aed-4e76-4283-a599-f93f794625ab@group-BCADF287A12B-FollowerState was interrupted: java.lang.InterruptedException: sleep interrupted
2019-10-30 05:53:03,313 [9127dd83-037b-4d39-812f-66db56af525a@group-BCADF287A12B-LeaderElection22] INFO  impl.LeaderElection (LeaderElection.java:logAndReturn(56)) - 9127dd83-037b-4d39-812f-66db56af525a@group-BCADF287A12B-LeaderElection22: Election TIMEOUT; received 0 response(s) [] and 0 exception(s); 9127dd83-037b-4d39-812f-66db56af525a@group-BCADF287A12B:t25, leader=null, voted=9127dd83-037b-4d39-812f-66db56af525a, raftlog=9127dd83-037b-4d39-812f-66db56af525a@group-BCADF287A12B-SegmentedRaftLog:OPENED:c-1,f-1,i0, conf=-1: [7fae3aed-4e76-4283-a599-f93f794625ab:192.168.34.21:41352, 58095e90-3010-492a-9083-43cf2e035c3f:192.168.34.21:45284, 9127dd83-037b-4d39-812f-66db56af525a:192.168.34.21:42063], old=null
2019-10-30 05:53:03,323 [9127dd83-037b-4d39-812f-66db56af525a@group-BCADF287A12B-LeaderElection22] INFO  impl.LeaderElection (LeaderElection.java:askForVotes(178)) - 9127dd83-037b-4d39-812f-66db56af525a@group-BCADF287A12B-LeaderElection22: begin an election at term 26 for -1: [7fae3aed-4e76-4283-a599-f93f794625ab:192.168.34.21:41352, 58095e90-3010-492a-9083-43cf2e035c3f:192.168.34.21:45284, 9127dd83-037b-4d39-812f-66db56af525a:192.168.34.21:42063], old=null
2019-10-30 05:53:03,325 [grpc-default-executor-3] INFO  impl.RaftServerImpl (RaftServerImpl.java:setRole(184)) - 58095e90-3010-492a-9083-43cf2e035c3f@group-BCADF287A12B: changes role from  FOLLOWER to FOLLOWER at term 26 for recognizeCandidate:9127dd83-037b-4d39-812f-66db56af525a
2019-10-30 05:53:03,327 [grpc-default-executor-3] INFO  impl.RoleInfo (RoleInfo.java:shutdownFollowerState(121)) - 58095e90-3010-492a-9083-43cf2e035c3f: shutdown FollowerState
2019-10-30 05:53:03,327 [grpc-default-executor-0] INFO  impl.RaftServerImpl (RaftServerImpl.java:setRole(184)) - 7fae3aed-4e76-4283-a599-f93f794625ab@group-BCADF287A12B: changes role from  FOLLOWER to FOLLOWER at term 26 for recognizeCandidate:9127dd83-037b-4d39-812f-66db56af525a
2019-10-30 05:53:03,327 [grpc-default-executor-3] INFO  impl.RoleInfo (RoleInfo.java:updateAndGet(143)) - 58095e90-3010-492a-9083-43cf2e035c3f: start FollowerState
2019-10-30 05:53:03,327 [Thread-375] INFO  impl.FollowerState (FollowerState.java:run(117)) - 58095e90-3010-492a-9083-43cf2e035c3f@group-BCADF287A12B-FollowerState was interrupted: java.lang.InterruptedException: sleep interrupted
2019-10-30 05:53:03,327 [grpc-default-executor-0] INFO  impl.RoleInfo (RoleInfo.java:shutdownFollowerState(121)) - 7fae3aed-4e76-4283-a599-f93f794625ab: shutdown FollowerState
2019-10-30 05:53:03,328 [grpc-default-executor-0] INFO  impl.RoleInfo (RoleInfo.java:updateAndGet(143)) - 7fae3aed-4e76-4283-a599-f93f794625ab: start FollowerState
2019-10-30 05:53:03,328 [Thread-376] INFO  impl.FollowerState (FollowerState.java:run(117)) - 7fae3aed-4e76-4283-a599-f93f794625ab@group-BCADF287A12B-FollowerState was interrupted: java.lang.InterruptedException: sleep interrupted
2019-10-30 05:53:03,342 [9127dd83-037b-4d39-812f-66db56af525a@group-BCADF287A12B-LeaderElection22] INFO  impl.LeaderElection (LeaderElection.java:logAndReturn(56)) - 9127dd83-037b-4d39-812f-66db56af525a@group-BCADF287A12B-LeaderElection22: Election REJECTED; received 2 response(s) [9127dd83-037b-4d39-812f-66db56af525a<-7fae3aed-4e76-4283-a599-f93f794625ab#0:FAIL-t26, 9127dd83-037b-4d39-812f-66db56af525a<-58095e90-3010-492a-9083-43cf2e035c3f#0:FAIL-t26] and 0 exception(s); 9127dd83-037b-4d39-812f-66db56af525a@group-BCADF287A12B:t26, leader=null, voted=9127dd83-037b-4d39-812f-66db56af525a, raftlog=9127dd83-037b-4d39-812f-66db56af525a@group-BCADF287A12B-SegmentedRaftLog:OPENED:c-1,f-1,i0, conf=-1: [7fae3aed-4e76-4283-a599-f93f794625ab:192.168.34.21:41352, 58095e90-3010-492a-9083-43cf2e035c3f:192.168.34.21:45284, 9127dd83-037b-4d39-812f-66db56af525a:192.168.34.21:42063], old=null
2019-10-30 05:53:03,342 [9127dd83-037b-4d39-812f-66db56af525a@group-BCADF287A12B-LeaderElection22] INFO  impl.RaftServerImpl (RaftServerImpl.java:setRole(184)) - 9127dd83-037b-4d39-812f-66db56af525a@group-BCADF287A12B: changes role from CANDIDATE to FOLLOWER at term 26 for DISCOVERED_A_NEW_TERM
2019-10-30 05:53:03,342 [9127dd83-037b-4d39-812f-66db56af525a@group-BCADF287A12B-LeaderElection22] INFO  impl.RoleInfo (RoleInfo.java:shutdownLeaderElection(134)) - 9127dd83-037b-4d39-812f-66db56af525a: shutdown LeaderElection
2019-10-30 05:53:03,343 [9127dd83-037b-4d39-812f-66db56af525a@group-BCADF287A12B-LeaderElection22] INFO  impl.RoleInfo (RoleInfo.java:updateAndGet(143)) - 9127dd83-037b-4d39-812f-66db56af525a: start FollowerState
2019-10-30 05:53:03,401 [Thread-381] INFO  impl.FollowerState (FollowerState.java:run(108)) - 9127dd83-037b-4d39-812f-66db56af525a@group-BCADF287A12B-FollowerState: change to CANDIDATE, lastRpcTime:58ms, electionTimeout:58ms
2019-10-30 05:53:03,402 [Thread-381] INFO  impl.RoleInfo (RoleInfo.java:shutdownFollowerState(121)) - 9127dd83-037b-4d39-812f-66db56af525a: shutdown FollowerState
2019-10-30 05:53:03,402 [Thread-381] INFO  impl.RaftServerImpl (RaftServerImpl.java:setRole(184)) - 9127dd83-037b-4d39-812f-66db56af525a@group-BCADF287A12B: changes role from  FOLLOWER to CANDIDATE at term 26 for changeToCandidate
2019-10-30 05:53:03,403 [Thread-381] INFO  impl.RoleInfo (RoleInfo.java:updateAndGet(143)) - 9127dd83-037b-4d39-812f-66db56af525a: start LeaderElection
2019-10-30 05:53:03,416 [9127dd83-037b-4d39-812f-66db56af525a@group-BCADF287A12B-LeaderElection23] INFO  impl.LeaderElection (LeaderElection.java:askForVotes(178)) - 9127dd83-037b-4d39-812f-66db56af525a@group-BCADF287A12B-LeaderElection23: begin an election at term 27 for -1: [7fae3aed-4e76-4283-a599-f93f794625ab:192.168.34.21:41352, 58095e90-3010-492a-9083-43cf2e035c3f:192.168.34.21:45284, 9127dd83-037b-4d39-812f-66db56af525a:192.168.34.21:42063], old=null
2019-10-30 05:53:03,421 [grpc-default-executor-0] INFO  impl.RaftServerImpl (RaftServerImpl.java:setRole(184)) - 58095e90-3010-492a-9083-43cf2e035c3f@group-BCADF287A12B: changes role from  FOLLOWER to FOLLOWER at term 27 for recognizeCandidate:9127dd83-037b-4d39-812f-66db56af525a
2019-10-30 05:53:03,421 [grpc-default-executor-3] INFO  impl.RaftServerImpl (RaftServerImpl.java:setRole(184)) - 7fae3aed-4e76-4283-a599-f93f794625ab@group-BCADF287A12B: changes role from  FOLLOWER to FOLLOWER at term 27 for recognizeCandidate:9127dd83-037b-4d39-812f-66db56af525a
2019-10-30 05:53:03,421 [grpc-default-executor-3] INFO  impl.RoleInfo (RoleInfo.java:shutdownFollowerState(121)) - 7fae3aed-4e76-4283-a599-f93f794625ab: shutdown FollowerState
2019-10-30 05:53:03,421 [grpc-default-executor-0] INFO  impl.RoleInfo (RoleInfo.java:shutdownFollowerState(121)) - 58095e90-3010-492a-9083-43cf2e035c3f: shutdown FollowerState
2019-10-30 05:53:03,421 [Thread-380] INFO  impl.FollowerState (FollowerState.java:run(117)) - 7fae3aed-4e76-4283-a599-f93f794625ab@group-BCADF287A12B-FollowerState was interrupted: java.lang.InterruptedException: sleep interrupted
2019-10-30 05:53:03,421 [grpc-default-executor-3] INFO  impl.RoleInfo (RoleInfo.java:updateAndGet(143)) - 7fae3aed-4e76-4283-a599-f93f794625ab: start FollowerState
2019-10-30 05:53:03,422 [grpc-default-executor-0] INFO  impl.RoleInfo (RoleInfo.java:updateAndGet(143)) - 58095e90-3010-492a-9083-43cf2e035c3f: start FollowerState
2019-10-30 05:53:03,422 [Thread-379] INFO  impl.FollowerState (FollowerState.java:run(117)) - 58095e90-3010-492a-9083-43cf2e035c3f@group-BCADF287A12B-FollowerState was interrupted: java.lang.InterruptedException: sleep interrupted
2019-10-30 05:53:03,436 [9127dd83-037b-4d39-812f-66db56af525a@group-BCADF287A12B-LeaderElection23] INFO  impl.LeaderElection (LeaderElection.java:logAndReturn(56)) - 9127dd83-037b-4d39-812f-66db56af525a@group-BCADF287A12B-LeaderElection23: Election REJECTED; received 2 response(s) [9127dd83-037b-4d39-812f-66db56af525a<-7fae3aed-4e76-4283-a599-f93f794625ab#0:FAIL-t27, 9127dd83-037b-4d39-812f-66db56af525a<-58095e90-3010-492a-9083-43cf2e035c3f#0:FAIL-t27] and 0 exception(s); 9127dd83-037b-4d39-812f-66db56af525a@group-BCADF287A12B:t27, leader=null, voted=9127dd83-037b-4d39-812f-66db56af525a, raftlog=9127dd83-037b-4d39-812f-66db56af525a@group-BCADF287A12B-SegmentedRaftLog:OPENED:c-1,f-1,i0, conf=-1: [7fae3aed-4e76-4283-a599-f93f794625ab:192.168.34.21:41352, 58095e90-3010-492a-9083-43cf2e035c3f:192.168.34.21:45284, 9127dd83-037b-4d39-812f-66db56af525a:192.168.34.21:42063], old=null
2019-10-30 05:53:03,436 [9127dd83-037b-4d39-812f-66db56af525a@group-BCADF287A12B-LeaderElection23] INFO  impl.RaftServerImpl (RaftServerImpl.java:setRole(184)) - 9127dd83-037b-4d39-812f-66db56af525a@group-BCADF287A12B: changes role from CANDIDATE to FOLLOWER at term 27 for DISCOVERED_A_NEW_TERM
2019-10-30 05:53:03,436 [9127dd83-037b-4d39-812f-66db56af525a@group-BCADF287A12B-LeaderElection23] INFO  impl.RoleInfo (RoleInfo.java:shutdownLeaderElection(134)) - 9127dd83-037b-4d39-812f-66db56af525a: shutdown LeaderElection
2019-10-30 05:53:03,436 [9127dd83-037b-4d39-812f-66db56af525a@group-BCADF287A12B-LeaderElection23] INFO  impl.RoleInfo (RoleInfo.java:updateAndGet(143)) - 9127dd83-037b-4d39-812f-66db56af525a: start FollowerState
2019-10-30 05:53:03,446 [Thread-387] INFO  impl.FollowerState (FollowerState.java:run(108)) - 9127dd83-037b-4d39-812f-66db56af525a@group-BCADF287A12B-FollowerState: change to CANDIDATE, lastRpcTime:9ms, electionTimeout:9ms
2019-10-30 05:53:03,447 [Thread-387] INFO  impl.RoleInfo (RoleInfo.java:shutdownFollowerState(121)) - 9127dd83-037b-4d39-812f-66db56af525a: shutdown FollowerState
2019-10-30 05:53:03,447 [Thread-387] INFO  impl.RaftServerImpl (RaftServerImpl.java:setRole(184)) - 9127dd83-037b-4d39-812f-66db56af525a@group-BCADF287A12B: changes role from  FOLLOWER to CANDIDATE at term 27 for changeToCandidate
2019-10-30 05:53:03,447 [Thread-387] INFO  impl.RoleInfo (RoleInfo.java:updateAndGet(143)) - 9127dd83-037b-4d39-812f-66db56af525a: start LeaderElection
2019-10-30 05:53:03,461 [9127dd83-037b-4d39-812f-66db56af525a@group-BCADF287A12B-LeaderElection24] INFO  impl.LeaderElection (LeaderElection.java:askForVotes(178)) - 9127dd83-037b-4d39-812f-66db56af525a@group-BCADF287A12B-LeaderElection24: begin an election at term 28 for -1: [7fae3aed-4e76-4283-a599-f93f794625ab:192.168.34.21:41352, 58095e90-3010-492a-9083-43cf2e035c3f:192.168.34.21:45284, 9127dd83-037b-4d39-812f-66db56af525a:192.168.34.21:42063], old=null
2019-10-30 05:53:03,464 [grpc-default-executor-0] INFO  impl.RaftServerImpl (RaftServerImpl.java:setRole(184)) - 58095e90-3010-492a-9083-43cf2e035c3f@group-BCADF287A12B: changes role from  FOLLOWER to FOLLOWER at term 28 for recognizeCandidate:9127dd83-037b-4d39-812f-66db56af525a
2019-10-30 05:53:03,464 [grpc-default-executor-3] INFO  impl.RaftServerImpl (RaftServerImpl.java:setRole(184)) - 7fae3aed-4e76-4283-a599-f93f794625ab@group-BCADF287A12B: changes role from  FOLLOWER to FOLLOWER at term 28 for recognizeCandidate:9127dd83-037b-4d39-812f-66db56af525a
2019-10-30 05:53:03,464 [grpc-default-executor-0] INFO  impl.RoleInfo (RoleInfo.java:shutdownFollowerState(121)) - 58095e90-3010-492a-9083-43cf2e035c3f: shutdown FollowerState
2019-10-30 05:53:03,464 [grpc-default-executor-3] INFO  impl.RoleInfo (RoleInfo.java:shutdownFollowerState(121)) - 7fae3aed-4e76-4283-a599-f93f794625ab: shutdown FollowerState
2019-10-30 05:53:03,464 [Thread-386] INFO  impl.FollowerState (FollowerState.java:run(117)) - 58095e90-3010-492a-9083-43cf2e035c3f@group-BCADF287A12B-FollowerState was interrupted: java.lang.InterruptedException: sleep interrupted
2019-10-30 05:53:03,464 [grpc-default-executor-0] INFO  impl.RoleInfo (RoleInfo.java:updateAndGet(143)) - 58095e90-3010-492a-9083-43cf2e035c3f: start FollowerState
2019-10-30 05:53:03,465 [grpc-default-executor-3] INFO  impl.RoleInfo (RoleInfo.java:updateAndGet(143)) - 7fae3aed-4e76-4283-a599-f93f794625ab: start FollowerState
2019-10-30 05:53:03,465 [Thread-385] INFO  impl.FollowerState (FollowerState.java:run(117)) - 7fae3aed-4e76-4283-a599-f93f794625ab@group-BCADF287A12B-FollowerState was interrupted: java.lang.InterruptedException: sleep interrupted
2019-10-30 05:53:03,483 [9127dd83-037b-4d39-812f-66db56af525a@group-BCADF287A12B-LeaderElection24] INFO  impl.LeaderElection (LeaderElection.java:logAndReturn(56)) - 9127dd83-037b-4d39-812f-66db56af525a@group-BCADF287A12B-LeaderElection24: Election REJECTED; received 2 response(s) [9127dd83-037b-4d39-812f-66db56af525a<-7fae3aed-4e76-4283-a599-f93f794625ab#0:FAIL-t28, 9127dd83-037b-4d39-812f-66db56af525a<-58095e90-3010-492a-9083-43cf2e035c3f#0:FAIL-t28] and 0 exception(s); 9127dd83-037b-4d39-812f-66db56af525a@group-BCADF287A12B:t28, leader=null, voted=9127dd83-037b-4d39-812f-66db56af525a, raftlog=9127dd83-037b-4d39-812f-66db56af525a@group-BCADF287A12B-SegmentedRaftLog:OPENED:c-1,f-1,i0, conf=-1: [7fae3aed-4e76-4283-a599-f93f794625ab:192.168.34.21:41352, 58095e90-3010-492a-9083-43cf2e035c3f:192.168.34.21:45284, 9127dd83-037b-4d39-812f-66db56af525a:192.168.34.21:42063], old=null
2019-10-30 05:53:03,484 [9127dd83-037b-4d39-812f-66db56af525a@group-BCADF287A12B-LeaderElection24] INFO  impl.RaftServerImpl (RaftServerImpl.java:setRole(184)) - 9127dd83-037b-4d39-812f-66db56af525a@group-BCADF287A12B: changes role from CANDIDATE to FOLLOWER at term 28 for DISCOVERED_A_NEW_TERM
2019-10-30 05:53:03,484 [9127dd83-037b-4d39-812f-66db56af525a@group-BCADF287A12B-LeaderElection24] INFO  impl.RoleInfo (RoleInfo.java:shutdownLeaderElection(134)) - 9127dd83-037b-4d39-812f-66db56af525a: shutdown LeaderElection
2019-10-30 05:53:03,484 [9127dd83-037b-4d39-812f-66db56af525a@group-BCADF287A12B-LeaderElection24] INFO  impl.RoleInfo (RoleInfo.java:updateAndGet(143)) - 9127dd83-037b-4d39-812f-66db56af525a: start FollowerState
2019-10-30 05:53:03,614 [Thread-393] INFO  impl.FollowerState (FollowerState.java:run(108)) - 9127dd83-037b-4d39-812f-66db56af525a@group-BCADF287A12B-FollowerState: change to CANDIDATE, lastRpcTime:130ms, electionTimeout:130ms
2019-10-30 05:53:03,616 [Thread-393] INFO  impl.RoleInfo (RoleInfo.java:shutdownFollowerState(121)) - 9127dd83-037b-4d39-812f-66db56af525a: shutdown FollowerState
2019-10-30 05:53:03,617 [Thread-393] INFO  impl.RaftServerImpl (RaftServerImpl.java:setRole(184)) - 9127dd83-037b-4d39-812f-66db56af525a@group-BCADF287A12B: changes role from  FOLLOWER to CANDIDATE at term 28 for changeToCandidate
2019-10-30 05:53:03,617 [Thread-393] INFO  impl.RoleInfo (RoleInfo.java:updateAndGet(143)) - 9127dd83-037b-4d39-812f-66db56af525a: start LeaderElection
2019-10-30 05:53:03,630 [9127dd83-037b-4d39-812f-66db56af525a@group-BCADF287A12B-LeaderElection25] INFO  impl.LeaderElection (LeaderElection.java:askForVotes(178)) - 9127dd83-037b-4d39-812f-66db56af525a@group-BCADF287A12B-LeaderElection25: begin an election at term 29 for -1: [7fae3aed-4e76-4283-a599-f93f794625ab:192.168.34.21:41352, 58095e90-3010-492a-9083-43cf2e035c3f:192.168.34.21:45284, 9127dd83-037b-4d39-812f-66db56af525a:192.168.34.21:42063], old=null
2019-10-30 05:53:03,635 [grpc-default-executor-3] INFO  impl.RaftServerImpl (RaftServerImpl.java:setRole(184)) - 58095e90-3010-492a-9083-43cf2e035c3f@group-BCADF287A12B: changes role from  FOLLOWER to FOLLOWER at term 29 for recognizeCandidate:9127dd83-037b-4d39-812f-66db56af525a
2019-10-30 05:53:03,635 [grpc-default-executor-0] INFO  impl.RaftServerImpl (RaftServerImpl.java:setRole(184)) - 7fae3aed-4e76-4283-a599-f93f794625ab@group-BCADF287A12B: changes role from  FOLLOWER to FOLLOWER at term 29 for recognizeCandidate:9127dd83-037b-4d39-812f-66db56af525a
2019-10-30 05:53:03,635 [grpc-default-executor-3] INFO  impl.RoleInfo (RoleInfo.java:shutdownFollowerState(121)) - 58095e90-3010-492a-9083-43cf2e035c3f: shutdown FollowerState
2019-10-30 05:53:03,635 [grpc-default-executor-0] INFO  impl.RoleInfo (RoleInfo.java:shutdownFollowerState(121)) - 7fae3aed-4e76-4283-a599-f93f794625ab: shutdown FollowerState
2019-10-30 05:53:03,635 [grpc-default-executor-3] INFO  impl.RoleInfo (RoleInfo.java:updateAndGet(143)) - 58095e90-3010-492a-9083-43cf2e035c3f: start FollowerState
2019-10-30 05:53:03,635 [Thread-391] INFO  impl.FollowerState (FollowerState.java:run(117)) - 58095e90-3010-492a-9083-43cf2e035c3f@group-BCADF287A12B-FollowerState was interrupted: java.lang.InterruptedException: sleep interrupted
2019-10-30 05:53:03,636 [Thread-392] INFO  impl.FollowerState (FollowerState.java:run(117)) - 7fae3aed-4e76-4283-a599-f93f794625ab@group-BCADF287A12B-FollowerState was interrupted: java.lang.InterruptedException: sleep interrupted
2019-10-30 05:53:03,636 [grpc-default-executor-0] INFO  impl.RoleInfo (RoleInfo.java:updateAndGet(143)) - 7fae3aed-4e76-4283-a599-f93f794625ab: start FollowerState
2019-10-30 05:53:03,651 [9127dd83-037b-4d39-812f-66db56af525a@group-BCADF287A12B-LeaderElection25] INFO  impl.LeaderElection (LeaderElection.java:logAndReturn(56)) - 9127dd83-037b-4d39-812f-66db56af525a@group-BCADF287A12B-LeaderElection25: Election REJECTED; received 2 response(s) [9127dd83-037b-4d39-812f-66db56af525a<-7fae3aed-4e76-4283-a599-f93f794625ab#0:FAIL-t29, 9127dd83-037b-4d39-812f-66db56af525a<-58095e90-3010-492a-9083-43cf2e035c3f#0:FAIL-t29] and 0 exception(s); 9127dd83-037b-4d39-812f-66db56af525a@group-BCADF287A12B:t29, leader=null, voted=9127dd83-037b-4d39-812f-66db56af525a, raftlog=9127dd83-037b-4d39-812f-66db56af525a@group-BCADF287A12B-SegmentedRaftLog:OPENED:c-1,f-1,i0, conf=-1: [7fae3aed-4e76-4283-a599-f93f794625ab:192.168.34.21:41352, 58095e90-3010-492a-9083-43cf2e035c3f:192.168.34.21:45284, 9127dd83-037b-4d39-812f-66db56af525a:192.168.34.21:42063], old=null
2019-10-30 05:53:03,651 [9127dd83-037b-4d39-812f-66db56af525a@group-BCADF287A12B-LeaderElection25] INFO  impl.RaftServerImpl (RaftServerImpl.java:setRole(184)) - 9127dd83-037b-4d39-812f-66db56af525a@group-BCADF287A12B: changes role from CANDIDATE to FOLLOWER at term 29 for DISCOVERED_A_NEW_TERM
2019-10-30 05:53:03,651 [9127dd83-037b-4d39-812f-66db56af525a@group-BCADF287A12B-LeaderElection25] INFO  impl.RoleInfo (RoleInfo.java:shutdownLeaderElection(134)) - 9127dd83-037b-4d39-812f-66db56af525a: shutdown LeaderElection
2019-10-30 05:53:03,652 [9127dd83-037b-4d39-812f-66db56af525a@group-BCADF287A12B-LeaderElection25] INFO  impl.RoleInfo (RoleInfo.java:updateAndGet(143)) - 9127dd83-037b-4d39-812f-66db56af525a: start FollowerState
2019-10-30 05:53:03,665 [Thread-399] INFO  impl.FollowerState (FollowerState.java:run(108)) - 9127dd83-037b-4d39-812f-66db56af525a@group-BCADF287A12B-FollowerState: change to CANDIDATE, lastRpcTime:13ms, electionTimeout:13ms
2019-10-30 05:53:03,667 [Thread-399] INFO  impl.RoleInfo (RoleInfo.java:shutdownFollowerState(121)) - 9127dd83-037b-4d39-812f-66db56af525a: shutdown FollowerState
2019-10-30 05:53:03,667 [Thread-399] INFO  impl.RaftServerImpl (RaftServerImpl.java:setRole(184)) - 9127dd83-037b-4d39-812f-66db56af525a@group-BCADF287A12B: changes role from  FOLLOWER to CANDIDATE at term 29 for changeToCandidate
2019-10-30 05:53:03,667 [Thread-399] INFO  impl.RoleInfo (RoleInfo.java:updateAndGet(143)) - 9127dd83-037b-4d39-812f-66db56af525a: start LeaderElection
2019-10-30 05:53:03,681 [9127dd83-037b-4d39-812f-66db56af525a@group-BCADF287A12B-LeaderElection26] INFO  impl.LeaderElection (LeaderElection.java:askForVotes(178)) - 9127dd83-037b-4d39-812f-66db56af525a@group-BCADF287A12B-LeaderElection26: begin an election at term 30 for -1: [7fae3aed-4e76-4283-a599-f93f794625ab:192.168.34.21:41352, 58095e90-3010-492a-9083-43cf2e035c3f:192.168.34.21:45284, 9127dd83-037b-4d39-812f-66db56af525a:192.168.34.21:42063], old=null
2019-10-30 05:53:03,683 [grpc-default-executor-3] INFO  impl.RaftServerImpl (RaftServerImpl.java:setRole(184)) - 58095e90-3010-492a-9083-43cf2e035c3f@group-BCADF287A12B: changes role from  FOLLOWER to FOLLOWER at term 30 for recognizeCandidate:9127dd83-037b-4d39-812f-66db56af525a
2019-10-30 05:53:03,683 [grpc-default-executor-0] INFO  impl.RaftServerImpl (RaftServerImpl.java:setRole(184)) - 7fae3aed-4e76-4283-a599-f93f794625ab@group-BCADF287A12B: changes role from  FOLLOWER to FOLLOWER at term 30 for recognizeCandidate:9127dd83-037b-4d39-812f-66db56af525a
2019-10-30 05:53:03,684 [grpc-default-executor-3] INFO  impl.RoleInfo (RoleInfo.java:shutdownFollowerState(121)) - 58095e90-3010-492a-9083-43cf2e035c3f: shutdown FollowerState
2019-10-30 05:53:03,684 [grpc-default-executor-0] INFO  impl.RoleInfo (RoleInfo.java:shutdownFollowerState(121)) - 7fae3aed-4e76-4283-a599-f93f794625ab: shutdown FollowerState
2019-10-30 05:53:03,684 [grpc-default-executor-3] INFO  impl.RoleInfo (RoleInfo.java:updateAndGet(143)) - 58095e90-3010-492a-9083-43cf2e035c3f: start FollowerState
2019-10-30 05:53:03,684 [Thread-397] INFO  impl.FollowerState (FollowerState.java:run(117)) - 58095e90-3010-492a-9083-43cf2e035c3f@group-BCADF287A12B-FollowerState was interrupted: java.lang.InterruptedException: sleep interrupted
2019-10-30 05:53:03,684 [grpc-default-executor-0] INFO  impl.RoleInfo (RoleInfo.java:updateAndGet(143)) - 7fae3aed-4e76-4283-a599-f93f794625ab: start FollowerState
2019-10-30 05:53:03,684 [Thread-398] INFO  impl.FollowerState (FollowerState.java:run(117)) - 7fae3aed-4e76-4283-a599-f93f794625ab@group-BCADF287A12B-FollowerState was interrupted: java.lang.InterruptedException: sleep interrupted
2019-10-30 05:53:03,702 [9127dd83-037b-4d39-812f-66db56af525a@group-BCADF287A12B-LeaderElection26] INFO  impl.LeaderElection (LeaderElection.java:logAndReturn(56)) - 9127dd83-037b-4d39-812f-66db56af525a@group-BCADF287A12B-LeaderElection26: Election REJECTED; received 2 response(s) [9127dd83-037b-4d39-812f-66db56af525a<-7fae3aed-4e76-4283-a599-f93f794625ab#0:FAIL-t30, 9127dd83-037b-4d39-812f-66db56af525a<-58095e90-3010-492a-9083-43cf2e035c3f#0:FAIL-t30] and 0 exception(s); 9127dd83-037b-4d39-812f-66db56af525a@group-BCADF287A12B:t30, leader=null, voted=9127dd83-037b-4d39-812f-66db56af525a, raftlog=9127dd83-037b-4d39-812f-66db56af525a@group-BCADF287A12B-SegmentedRaftLog:OPENED:c-1,f-1,i0, conf=-1: [7fae3aed-4e76-4283-a599-f93f794625ab:192.168.34.21:41352, 58095e90-3010-492a-9083-43cf2e035c3f:192.168.34.21:45284, 9127dd83-037b-4d39-812f-66db56af525a:192.168.34.21:42063], old=null
2019-10-30 05:53:03,702 [9127dd83-037b-4d39-812f-66db56af525a@group-BCADF287A12B-LeaderElection26] INFO  impl.RaftServerImpl (RaftServerImpl.java:setRole(184)) - 9127dd83-037b-4d39-812f-66db56af525a@group-BCADF287A12B: changes role from CANDIDATE to FOLLOWER at term 30 for DISCOVERED_A_NEW_TERM
2019-10-30 05:53:03,702 [9127dd83-037b-4d39-812f-66db56af525a@group-BCADF287A12B-LeaderElection26] INFO  impl.RoleInfo (RoleInfo.java:shutdownLeaderElection(134)) - 9127dd83-037b-4d39-812f-66db56af525a: shutdown LeaderElection
2019-10-30 05:53:03,703 [9127dd83-037b-4d39-812f-66db56af525a@group-BCADF287A12B-LeaderElection26] INFO  impl.RoleInfo (RoleInfo.java:updateAndGet(143)) - 9127dd83-037b-4d39-812f-66db56af525a: start FollowerState
2019-10-30 05:53:03,846 [Thread-405] INFO  impl.FollowerState (FollowerState.java:run(108)) - 9127dd83-037b-4d39-812f-66db56af525a@group-BCADF287A12B-FollowerState: change to CANDIDATE, lastRpcTime:143ms, electionTimeout:143ms
2019-10-30 05:53:03,847 [Thread-405] INFO  impl.RoleInfo (RoleInfo.java:shutdownFollowerState(121)) - 9127dd83-037b-4d39-812f-66db56af525a: shutdown FollowerState
2019-10-30 05:53:03,847 [Thread-405] INFO  impl.RaftServerImpl (RaftServerImpl.java:setRole(184)) - 9127dd83-037b-4d39-812f-66db56af525a@group-BCADF287A12B: changes role from  FOLLOWER to CANDIDATE at term 30 for changeToCandidate
2019-10-30 05:53:03,848 [Thread-405] INFO  impl.RoleInfo (RoleInfo.java:updateAndGet(143)) - 9127dd83-037b-4d39-812f-66db56af525a: start LeaderElection
2019-10-30 05:53:03,862 [9127dd83-037b-4d39-812f-66db56af525a@group-BCADF287A12B-LeaderElection27] INFO  impl.LeaderElection (LeaderElection.java:askForVotes(178)) - 9127dd83-037b-4d39-812f-66db56af525a@group-BCADF287A12B-LeaderElection27: begin an election at term 31 for -1: [7fae3aed-4e76-4283-a599-f93f794625ab:192.168.34.21:41352, 58095e90-3010-492a-9083-43cf2e035c3f:192.168.34.21:45284, 9127dd83-037b-4d39-812f-66db56af525a:192.168.34.21:42063], old=null
2019-10-30 05:53:03,866 [grpc-default-executor-0] INFO  impl.RaftServerImpl (RaftServerImpl.java:setRole(184)) - 58095e90-3010-492a-9083-43cf2e035c3f@group-BCADF287A12B: changes role from  FOLLOWER to FOLLOWER at term 31 for recognizeCandidate:9127dd83-037b-4d39-812f-66db56af525a
2019-10-30 05:53:03,866 [grpc-default-executor-3] INFO  impl.RaftServerImpl (RaftServerImpl.java:setRole(184)) - 7fae3aed-4e76-4283-a599-f93f794625ab@group-BCADF287A12B: changes role from  FOLLOWER to FOLLOWER at term 31 for recognizeCandidate:9127dd83-037b-4d39-812f-66db56af525a
2019-10-30 05:53:03,866 [grpc-default-executor-0] INFO  impl.RoleInfo (RoleInfo.java:shutdownFollowerState(121)) - 58095e90-3010-492a-9083-43cf2e035c3f: shutdown FollowerState
2019-10-30 05:53:03,867 [grpc-default-executor-3] INFO  impl.RoleInfo (RoleInfo.java:shutdownFollowerState(121)) - 7fae3aed-4e76-4283-a599-f93f794625ab: shutdown FollowerState
2019-10-30 05:53:03,867 [grpc-default-executor-0] INFO  impl.RoleInfo (RoleInfo.java:updateAndGet(143)) - 58095e90-3010-492a-9083-43cf2e035c3f: start FollowerState
2019-10-30 05:53:03,867 [Thread-403] INFO  impl.FollowerState (FollowerState.java:run(117)) - 58095e90-3010-492a-9083-43cf2e035c3f@group-BCADF287A12B-FollowerState was interrupted: java.lang.InterruptedException: sleep interrupted
2019-10-30 05:53:03,867 [grpc-default-executor-3] INFO  impl.RoleInfo (RoleInfo.java:updateAndGet(143)) - 7fae3aed-4e76-4283-a599-f93f794625ab: start FollowerState
2019-10-30 05:53:03,867 [Thread-404] INFO  impl.FollowerState (FollowerState.java:run(117)) - 7fae3aed-4e76-4283-a599-f93f794625ab@group-BCADF287A12B-FollowerState was interrupted: java.lang.InterruptedException: sleep interrupted
2019-10-30 05:53:03,883 [9127dd83-037b-4d39-812f-66db56af525a@group-BCADF287A12B-LeaderElection27] INFO  impl.LeaderElection (LeaderElection.java:logAndReturn(56)) - 9127dd83-037b-4d39-812f-66db56af525a@group-BCADF287A12B-LeaderElection27: Election REJECTED; received 2 response(s) [9127dd83-037b-4d39-812f-66db56af525a<-7fae3aed-4e76-4283-a599-f93f794625ab#0:FAIL-t31, 9127dd83-037b-4d39-812f-66db56af525a<-58095e90-3010-492a-9083-43cf2e035c3f#0:FAIL-t31] and 0 exception(s); 9127dd83-037b-4d39-812f-66db56af525a@group-BCADF287A12B:t31, leader=null, voted=9127dd83-037b-4d39-812f-66db56af525a, raftlog=9127dd83-037b-4d39-812f-66db56af525a@group-BCADF287A12B-SegmentedRaftLog:OPENED:c-1,f-1,i0, conf=-1: [7fae3aed-4e76-4283-a599-f93f794625ab:192.168.34.21:41352, 58095e90-3010-492a-9083-43cf2e035c3f:192.168.34.21:45284, 9127dd83-037b-4d39-812f-66db56af525a:192.168.34.21:42063], old=null
2019-10-30 05:53:03,883 [9127dd83-037b-4d39-812f-66db56af525a@group-BCADF287A12B-LeaderElection27] INFO  impl.RaftServerImpl (RaftServerImpl.java:setRole(184)) - 9127dd83-037b-4d39-812f-66db56af525a@group-BCADF287A12B: changes role from CANDIDATE to FOLLOWER at term 31 for DISCOVERED_A_NEW_TERM
2019-10-30 05:53:03,883 [9127dd83-037b-4d39-812f-66db56af525a@group-BCADF287A12B-LeaderElection27] INFO  impl.RoleInfo (RoleInfo.java:shutdownLeaderElection(134)) - 9127dd83-037b-4d39-812f-66db56af525a: shutdown LeaderElection
2019-10-30 05:53:03,883 [9127dd83-037b-4d39-812f-66db56af525a@group-BCADF287A12B-LeaderElection27] INFO  impl.RoleInfo (RoleInfo.java:updateAndGet(143)) - 9127dd83-037b-4d39-812f-66db56af525a: start FollowerState
2019-10-30 05:53:03,966 [Thread-413] INFO  impl.FollowerState (FollowerState.java:run(108)) - 9127dd83-037b-4d39-812f-66db56af525a@group-BCADF287A12B-FollowerState: change to CANDIDATE, lastRpcTime:83ms, electionTimeout:83ms
2019-10-30 05:53:03,968 [Thread-413] INFO  impl.RoleInfo (RoleInfo.java:shutdownFollowerState(121)) - 9127dd83-037b-4d39-812f-66db56af525a: shutdown FollowerState
2019-10-30 05:53:03,968 [Thread-413] INFO  impl.RaftServerImpl (RaftServerImpl.java:setRole(184)) - 9127dd83-037b-4d39-812f-66db56af525a@group-BCADF287A12B: changes role from  FOLLOWER to CANDIDATE at term 31 for changeToCandidate
2019-10-30 05:53:03,969 [Thread-413] INFO  impl.RoleInfo (RoleInfo.java:updateAndGet(143)) - 9127dd83-037b-4d39-812f-66db56af525a: start LeaderElection
2019-10-30 05:53:03,983 [9127dd83-037b-4d39-812f-66db56af525a@group-BCADF287A12B-LeaderElection28] INFO  impl.LeaderElection (LeaderElection.java:askForVotes(178)) - 9127dd83-037b-4d39-812f-66db56af525a@group-BCADF287A12B-LeaderElection28: begin an election at term 32 for -1: [7fae3aed-4e76-4283-a599-f93f794625ab:192.168.34.21:41352, 58095e90-3010-492a-9083-43cf2e035c3f:192.168.34.21:45284, 9127dd83-037b-4d39-812f-66db56af525a:192.168.34.21:42063], old=null
2019-10-30 05:53:03,987 [grpc-default-executor-0] INFO  impl.RaftServerImpl (RaftServerImpl.java:setRole(184)) - 58095e90-3010-492a-9083-43cf2e035c3f@group-BCADF287A12B: changes role from  FOLLOWER to FOLLOWER at term 32 for recognizeCandidate:9127dd83-037b-4d39-812f-66db56af525a
2019-10-30 05:53:03,988 [grpc-default-executor-0] INFO  impl.RoleInfo (RoleInfo.java:shutdownFollowerState(121)) - 58095e90-3010-492a-9083-43cf2e035c3f: shutdown FollowerState
2019-10-30 05:53:03,988 [Thread-411] INFO  impl.FollowerState (FollowerState.java:run(117)) - 58095e90-3010-492a-9083-43cf2e035c3f@group-BCADF287A12B-FollowerState was interrupted: java.lang.InterruptedException: sleep interrupted
2019-10-30 05:53:03,988 [grpc-default-executor-0] INFO  impl.RoleInfo (RoleInfo.java:updateAndGet(143)) - 58095e90-3010-492a-9083-43cf2e035c3f: start FollowerState
2019-10-30 05:53:03,988 [grpc-default-executor-3] INFO  impl.RaftServerImpl (RaftServerImpl.java:setRole(184)) - 7fae3aed-4e76-4283-a599-f93f794625ab@group-BCADF287A12B: changes role from  FOLLOWER to FOLLOWER at term 32 for recognizeCandidate:9127dd83-037b-4d39-812f-66db56af525a
2019-10-30 05:53:03,989 [grpc-default-executor-3] INFO  impl.RoleInfo (RoleInfo.java:shutdownFollowerState(121)) - 7fae3aed-4e76-4283-a599-f93f794625ab: shutdown FollowerState
2019-10-30 05:53:03,989 [Thread-412] INFO  impl.FollowerState (FollowerState.java:run(117)) - 7fae3aed-4e76-4283-a599-f93f794625ab@group-BCADF287A12B-FollowerState was interrupted: java.lang.InterruptedException: sleep interrupted
2019-10-30 05:53:03,989 [grpc-default-executor-3] INFO  impl.RoleInfo (RoleInfo.java:updateAndGet(143)) - 7fae3aed-4e76-4283-a599-f93f794625ab: start FollowerState
2019-10-30 05:53:04,004 [9127dd83-037b-4d39-812f-66db56af525a@group-BCADF287A12B-LeaderElection28] INFO  impl.LeaderElection (LeaderElection.java:logAndReturn(56)) - 9127dd83-037b-4d39-812f-66db56af525a@group-BCADF287A12B-LeaderElection28: Election REJECTED; received 2 response(s) [9127dd83-037b-4d39-812f-66db56af525a<-7fae3aed-4e76-4283-a599-f93f794625ab#0:FAIL-t32, 9127dd83-037b-4d39-812f-66db56af525a<-58095e90-3010-492a-9083-43cf2e035c3f#0:FAIL-t32] and 0 exception(s); 9127dd83-037b-4d39-812f-66db56af525a@group-BCADF287A12B:t32, leader=null, voted=9127dd83-037b-4d39-812f-66db56af525a, raftlog=9127dd83-037b-4d39-812f-66db56af525a@group-BCADF287A12B-SegmentedRaftLog:OPENED:c-1,f-1,i0, conf=-1: [7fae3aed-4e76-4283-a599-f93f794625ab:192.168.34.21:41352, 58095e90-3010-492a-9083-43cf2e035c3f:192.168.34.21:45284, 9127dd83-037b-4d39-812f-66db56af525a:192.168.34.21:42063], old=null
2019-10-30 05:53:04,004 [9127dd83-037b-4d39-812f-66db56af525a@group-BCADF287A12B-LeaderElection28] INFO  impl.RaftServerImpl (RaftServerImpl.java:setRole(184)) - 9127dd83-037b-4d39-812f-66db56af525a@group-BCADF287A12B: changes role from CANDIDATE to FOLLOWER at term 32 for DISCOVERED_A_NEW_TERM
2019-10-30 05:53:04,004 [9127dd83-037b-4d39-812f-66db56af525a@group-BCADF287A12B-LeaderElection28] INFO  impl.RoleInfo (RoleInfo.java:shutdownLeaderElection(134)) - 9127dd83-037b-4d39-812f-66db56af525a: shutdown LeaderElection
2019-10-30 05:53:04,004 [9127dd83-037b-4d39-812f-66db56af525a@group-BCADF287A12B-LeaderElection28] INFO  impl.RoleInfo (RoleInfo.java:updateAndGet(143)) - 9127dd83-037b-4d39-812f-66db56af525a: start FollowerState
2019-10-30 05:53:04,113 [Thread-419] INFO  impl.FollowerState (FollowerState.java:run(108)) - 9127dd83-037b-4d39-812f-66db56af525a@group-BCADF287A12B-FollowerState: change to CANDIDATE, lastRpcTime:108ms, electionTimeout:108ms
2019-10-30 05:53:04,114 [Thread-419] INFO  impl.RoleInfo (RoleInfo.java:shutdownFollowerState(121)) - 9127dd83-037b-4d39-812f-66db56af525a: shutdown FollowerState
2019-10-30 05:53:04,115 [Thread-419] INFO  impl.RaftServerImpl (RaftServerImpl.java:setRole(184)) - 9127dd83-037b-4d39-812f-66db56af525a@group-BCADF287A12B: changes role from  FOLLOWER to CANDIDATE at term 32 for changeToCandidate
2019-10-30 05:53:04,115 [Thread-419] INFO  impl.RoleInfo (RoleInfo.java:updateAndGet(143)) - 9127dd83-037b-4d39-812f-66db56af525a: start LeaderElection
2019-10-30 05:53:04,129 [9127dd83-037b-4d39-812f-66db56af525a@group-BCADF287A12B-LeaderElection29] INFO  impl.LeaderElection (LeaderElection.java:askForVotes(178)) - 9127dd83-037b-4d39-812f-66db56af525a@group-BCADF287A12B-LeaderElection29: begin an election at term 33 for -1: [7fae3aed-4e76-4283-a599-f93f794625ab:192.168.34.21:41352, 58095e90-3010-492a-9083-43cf2e035c3f:192.168.34.21:45284, 9127dd83-037b-4d39-812f-66db56af525a:192.168.34.21:42063], old=null
2019-10-30 05:53:04,134 [grpc-default-executor-3] INFO  impl.RaftServerImpl (RaftServerImpl.java:setRole(184)) - 58095e90-3010-492a-9083-43cf2e035c3f@group-BCADF287A12B: changes role from  FOLLOWER to FOLLOWER at term 33 for recognizeCandidate:9127dd83-037b-4d39-812f-66db56af525a
2019-10-30 05:53:04,134 [grpc-default-executor-0] INFO  impl.RaftServerImpl (RaftServerImpl.java:setRole(184)) - 7fae3aed-4e76-4283-a599-f93f794625ab@group-BCADF287A12B: changes role from  FOLLOWER to FOLLOWER at term 33 for recognizeCandidate:9127dd83-037b-4d39-812f-66db56af525a
2019-10-30 05:53:04,134 [grpc-default-executor-3] INFO  impl.RoleInfo (RoleInfo.java:shutdownFollowerState(121)) - 58095e90-3010-492a-9083-43cf2e035c3f: shutdown FollowerState
2019-10-30 05:53:04,134 [grpc-default-executor-0] INFO  impl.RoleInfo (RoleInfo.java:shutdownFollowerState(121)) - 7fae3aed-4e76-4283-a599-f93f794625ab: shutdown FollowerState
2019-10-30 05:53:04,134 [Thread-417] INFO  impl.FollowerState (FollowerState.java:run(117)) - 58095e90-3010-492a-9083-43cf2e035c3f@group-BCADF287A12B-FollowerState was interrupted: java.lang.InterruptedException: sleep interrupted
2019-10-30 05:53:04,134 [grpc-default-executor-3] INFO  impl.RoleInfo (RoleInfo.java:updateAndGet(143)) - 58095e90-3010-492a-9083-43cf2e035c3f: start FollowerState
2019-10-30 05:53:04,134 [grpc-default-executor-0] INFO  impl.RoleInfo (RoleInfo.java:updateAndGet(143)) - 7fae3aed-4e76-4283-a599-f93f794625ab: start FollowerState
2019-10-30 05:53:04,134 [Thread-418] INFO  impl.FollowerState (FollowerState.java:run(117)) - 7fae3aed-4e76-4283-a599-f93f794625ab@group-BCADF287A12B-FollowerState was interrupted: java.lang.InterruptedException: sleep interrupted
2019-10-30 05:53:04,150 [9127dd83-037b-4d39-812f-66db56af525a@group-BCADF287A12B-LeaderElection29] INFO  impl.LeaderElection (LeaderElection.java:logAndReturn(56)) - 9127dd83-037b-4d39-812f-66db56af525a@group-BCADF287A12B-LeaderElection29: Election REJECTED; received 2 response(s) [9127dd83-037b-4d39-812f-66db56af525a<-7fae3aed-4e76-4283-a599-f93f794625ab#0:FAIL-t33, 9127dd83-037b-4d39-812f-66db56af525a<-58095e90-3010-492a-9083-43cf2e035c3f#0:FAIL-t33] and 0 exception(s); 9127dd83-037b-4d39-812f-66db56af525a@group-BCADF287A12B:t33, leader=null, voted=9127dd83-037b-4d39-812f-66db56af525a, raftlog=9127dd83-037b-4d39-812f-66db56af525a@group-BCADF287A12B-SegmentedRaftLog:OPENED:c-1,f-1,i0, conf=-1: [7fae3aed-4e76-4283-a599-f93f794625ab:192.168.34.21:41352, 58095e90-3010-492a-9083-43cf2e035c3f:192.168.34.21:45284, 9127dd83-037b-4d39-812f-66db56af525a:192.168.34.21:42063], old=null
2019-10-30 05:53:04,150 [9127dd83-037b-4d39-812f-66db56af525a@group-BCADF287A12B-LeaderElection29] INFO  impl.RaftServerImpl (RaftServerImpl.java:setRole(184)) - 9127dd83-037b-4d39-812f-66db56af525a@group-BCADF287A12B: changes role from CANDIDATE to FOLLOWER at term 33 for DISCOVERED_A_NEW_TERM
2019-10-30 05:53:04,150 [9127dd83-037b-4d39-812f-66db56af525a@group-BCADF287A12B-LeaderElection29] INFO  impl.RoleInfo (RoleInfo.java:shutdownLeaderElection(134)) - 9127dd83-037b-4d39-812f-66db56af525a: shutdown LeaderElection
2019-10-30 05:53:04,150 [9127dd83-037b-4d39-812f-66db56af525a@group-BCADF287A12B-LeaderElection29] INFO  impl.RoleInfo (RoleInfo.java:updateAndGet(143)) - 9127dd83-037b-4d39-812f-66db56af525a: start FollowerState
2019-10-30 05:53:04,178 [Thread-425] INFO  impl.FollowerState (FollowerState.java:run(108)) - 9127dd83-037b-4d39-812f-66db56af525a@group-BCADF287A12B-FollowerState: change to CANDIDATE, lastRpcTime:27ms, electionTimeout:27ms
2019-10-30 05:53:04,179 [Thread-425] INFO  impl.RoleInfo (RoleInfo.java:shutdownFollowerState(121)) - 9127dd83-037b-4d39-812f-66db56af525a: shutdown FollowerState
2019-10-30 05:53:04,179 [Thread-425] INFO  impl.RaftServerImpl (RaftServerImpl.java:setRole(184)) - 9127dd83-037b-4d39-812f-66db56af525a@group-BCADF287A12B: changes role from  FOLLOWER to CANDIDATE at term 33 for changeToCandidate
2019-10-30 05:53:04,179 [Thread-425] INFO  impl.RoleInfo (RoleInfo.java:updateAndGet(143)) - 9127dd83-037b-4d39-812f-66db56af525a: start LeaderElection
2019-10-30 05:53:04,185 [9127dd83-037b-4d39-812f-66db56af525a@group-BCADF287A12B-LeaderElection30] INFO  impl.LeaderElection (LeaderElection.java:askForVotes(178)) - 9127dd83-037b-4d39-812f-66db56af525a@group-BCADF287A12B-LeaderElection30: begin an election at term 34 for -1: [7fae3aed-4e76-4283-a599-f93f794625ab:192.168.34.21:41352, 58095e90-3010-492a-9083-43cf2e035c3f:192.168.34.21:45284, 9127dd83-037b-4d39-812f-66db56af525a:192.168.34.21:42063], old=null
2019-10-30 05:53:04,188 [grpc-default-executor-3] INFO  impl.RaftServerImpl (RaftServerImpl.java:setRole(184)) - 7fae3aed-4e76-4283-a599-f93f794625ab@group-BCADF287A12B: changes role from  FOLLOWER to FOLLOWER at term 34 for recognizeCandidate:9127dd83-037b-4d39-812f-66db56af525a
2019-10-30 05:53:04,188 [grpc-default-executor-3] INFO  impl.RoleInfo (RoleInfo.java:shutdownFollowerState(121)) - 7fae3aed-4e76-4283-a599-f93f794625ab: shutdown FollowerState
2019-10-30 05:53:04,188 [grpc-default-executor-3] INFO  impl.RoleInfo (RoleInfo.java:updateAndGet(143)) - 7fae3aed-4e76-4283-a599-f93f794625ab: start FollowerState
2019-10-30 05:53:04,188 [Thread-424] INFO  impl.FollowerState (FollowerState.java:run(117)) - 7fae3aed-4e76-4283-a599-f93f794625ab@group-BCADF287A12B-FollowerState was interrupted: java.lang.InterruptedException: sleep interrupted
2019-10-30 05:53:04,188 [grpc-default-executor-0] INFO  impl.RaftServerImpl (RaftServerImpl.java:setRole(184)) - 58095e90-3010-492a-9083-43cf2e035c3f@group-BCADF287A12B: changes role from  FOLLOWER to FOLLOWER at term 34 for recognizeCandidate:9127dd83-037b-4d39-812f-66db56af525a
2019-10-30 05:53:04,188 [grpc-default-executor-0] INFO  impl.RoleInfo (RoleInfo.java:shutdownFollowerState(121)) - 58095e90-3010-492a-9083-43cf2e035c3f: shutdown FollowerState
2019-10-30 05:53:04,189 [Thread-423] INFO  impl.FollowerState (FollowerState.java:run(117)) - 58095e90-3010-492a-9083-43cf2e035c3f@group-BCADF287A12B-FollowerState was interrupted: java.lang.InterruptedException: sleep interrupted
2019-10-30 05:53:04,189 [grpc-default-executor-0] INFO  impl.RoleInfo (RoleInfo.java:updateAndGet(143)) - 58095e90-3010-492a-9083-43cf2e035c3f: start FollowerState
2019-10-30 05:53:04,203 [9127dd83-037b-4d39-812f-66db56af525a@group-BCADF287A12B-LeaderElection30] INFO  impl.LeaderElection (LeaderElection.java:logAndReturn(56)) - 9127dd83-037b-4d39-812f-66db56af525a@group-BCADF287A12B-LeaderElection30: Election REJECTED; received 2 response(s) [9127dd83-037b-4d39-812f-66db56af525a<-7fae3aed-4e76-4283-a599-f93f794625ab#0:FAIL-t34, 9127dd83-037b-4d39-812f-66db56af525a<-58095e90-3010-492a-9083-43cf2e035c3f#0:FAIL-t34] and 0 exception(s); 9127dd83-037b-4d39-812f-66db56af525a@group-BCADF287A12B:t34, leader=null, voted=9127dd83-037b-4d39-812f-66db56af525a, raftlog=9127dd83-037b-4d39-812f-66db56af525a@group-BCADF287A12B-SegmentedRaftLog:OPENED:c-1,f-1,i0, conf=-1: [7fae3aed-4e76-4283-a599-f93f794625ab:192.168.34.21:41352, 58095e90-3010-492a-9083-43cf2e035c3f:192.168.34.21:45284, 9127dd83-037b-4d39-812f-66db56af525a:192.168.34.21:42063], old=null
2019-10-30 05:53:04,203 [9127dd83-037b-4d39-812f-66db56af525a@group-BCADF287A12B-LeaderElection30] INFO  impl.RaftServerImpl (RaftServerImpl.java:setRole(184)) - 9127dd83-037b-4d39-812f-66db56af525a@group-BCADF287A12B: changes role from CANDIDATE to FOLLOWER at term 34 for DISCOVERED_A_NEW_TERM
2019-10-30 05:53:04,203 [9127dd83-037b-4d39-812f-66db56af525a@group-BCADF287A12B-LeaderElection30] INFO  impl.RoleInfo (RoleInfo.java:shutdownLeaderElection(134)) - 9127dd83-037b-4d39-812f-66db56af525a: shutdown LeaderElection
2019-10-30 05:53:04,203 [9127dd83-037b-4d39-812f-66db56af525a@group-BCADF287A12B-LeaderElection30] INFO  impl.RoleInfo (RoleInfo.java:updateAndGet(143)) - 9127dd83-037b-4d39-812f-66db56af525a: start FollowerState
2019-10-30 05:53:04,360 [Thread-431] INFO  impl.FollowerState (FollowerState.java:run(108)) - 9127dd83-037b-4d39-812f-66db56af525a@group-BCADF287A12B-FollowerState: change to CANDIDATE, lastRpcTime:157ms, electionTimeout:157ms
2019-10-30 05:53:04,362 [Thread-431] INFO  impl.RoleInfo (RoleInfo.java:shutdownFollowerState(121)) - 9127dd83-037b-4d39-812f-66db56af525a: shutdown FollowerState
2019-10-30 05:53:04,362 [Thread-431] INFO  impl.RaftServerImpl (RaftServerImpl.java:setRole(184)) - 9127dd83-037b-4d39-812f-66db56af525a@group-BCADF287A12B: changes role from  FOLLOWER to CANDIDATE at term 34 for changeToCandidate
2019-10-30 05:53:04,362 [Thread-431] INFO  impl.RoleInfo (RoleInfo.java:updateAndGet(143)) - 9127dd83-037b-4d39-812f-66db56af525a: start LeaderElection
2019-10-30 05:53:04,375 [9127dd83-037b-4d39-812f-66db56af525a@group-BCADF287A12B-LeaderElection31] INFO  impl.LeaderElection (LeaderElection.java:askForVotes(178)) - 9127dd83-037b-4d39-812f-66db56af525a@group-BCADF287A12B-LeaderElection31: begin an election at term 35 for -1: [7fae3aed-4e76-4283-a599-f93f794625ab:192.168.34.21:41352, 58095e90-3010-492a-9083-43cf2e035c3f:192.168.34.21:45284, 9127dd83-037b-4d39-812f-66db56af525a:192.168.34.21:42063], old=null
2019-10-30 05:53:04,378 [grpc-default-executor-0] INFO  impl.RaftServerImpl (RaftServerImpl.java:setRole(184)) - 7fae3aed-4e76-4283-a599-f93f794625ab@group-BCADF287A12B: changes role from  FOLLOWER to FOLLOWER at term 35 for recognizeCandidate:9127dd83-037b-4d39-812f-66db56af525a
2019-10-30 05:53:04,379 [grpc-default-executor-3] INFO  impl.RaftServerImpl (RaftServerImpl.java:setRole(184)) - 58095e90-3010-492a-9083-43cf2e035c3f@group-BCADF287A12B: changes role from  FOLLOWER to FOLLOWER at term 35 for recognizeCandidate:9127dd83-037b-4d39-812f-66db56af525a
2019-10-30 05:53:04,379 [grpc-default-executor-0] INFO  impl.RoleInfo (RoleInfo.java:shutdownFollowerState(121)) - 7fae3aed-4e76-4283-a599-f93f794625ab: shutdown FollowerState
2019-10-30 05:53:04,379 [grpc-default-executor-3] INFO  impl.RoleInfo (RoleInfo.java:shutdownFollowerState(121)) - 58095e90-3010-492a-9083-43cf2e035c3f: shutdown FollowerState
2019-10-30 05:53:04,379 [grpc-default-executor-0] INFO  impl.RoleInfo (RoleInfo.java:updateAndGet(143)) - 7fae3aed-4e76-4283-a599-f93f794625ab: start FollowerState
2019-10-30 05:53:04,379 [grpc-default-executor-3] INFO  impl.RoleInfo (RoleInfo.java:updateAndGet(143)) - 58095e90-3010-492a-9083-43cf2e035c3f: start FollowerState
2019-10-30 05:53:04,379 [Thread-430] INFO  impl.FollowerState (FollowerState.java:run(117)) - 58095e90-3010-492a-9083-43cf2e035c3f@group-BCADF287A12B-FollowerState was interrupted: java.lang.InterruptedException: sleep interrupted
2019-10-30 05:53:04,379 [Thread-429] INFO  impl.FollowerState (FollowerState.java:run(117)) - 7fae3aed-4e76-4283-a599-f93f794625ab@group-BCADF287A12B-FollowerState was interrupted: java.lang.InterruptedException: sleep interrupted
2019-10-30 05:53:04,395 [9127dd83-037b-4d39-812f-66db56af525a@group-BCADF287A12B-LeaderElection31] INFO  impl.LeaderElection (LeaderElection.java:logAndReturn(56)) - 9127dd83-037b-4d39-812f-66db56af525a@group-BCADF287A12B-LeaderElection31: Election REJECTED; received 2 response(s) [9127dd83-037b-4d39-812f-66db56af525a<-7fae3aed-4e76-4283-a599-f93f794625ab#0:FAIL-t35, 9127dd83-037b-4d39-812f-66db56af525a<-58095e90-3010-492a-9083-43cf2e035c3f#0:FAIL-t35] and 0 exception(s); 9127dd83-037b-4d39-812f-66db56af525a@group-BCADF287A12B:t35, leader=null, voted=9127dd83-037b-4d39-812f-66db56af525a, raftlog=9127dd83-037b-4d39-812f-66db56af525a@group-BCADF287A12B-SegmentedRaftLog:OPENED:c-1,f-1,i0, conf=-1: [7fae3aed-4e76-4283-a599-f93f794625ab:192.168.34.21:41352, 58095e90-3010-492a-9083-43cf2e035c3f:192.168.34.21:45284, 9127dd83-037b-4d39-812f-66db56af525a:192.168.34.21:42063], old=null
2019-10-30 05:53:04,395 [9127dd83-037b-4d39-812f-66db56af525a@group-BCADF287A12B-LeaderElection31] INFO  impl.RaftServerImpl (RaftServerImpl.java:setRole(184)) - 9127dd83-037b-4d39-812f-66db56af525a@group-BCADF287A12B: changes role from CANDIDATE to FOLLOWER at term 35 for DISCOVERED_A_NEW_TERM
2019-10-30 05:53:04,395 [9127dd83-037b-4d39-812f-66db56af525a@group-BCADF287A12B-LeaderElection31] INFO  impl.RoleInfo (RoleInfo.java:shutdownLeaderElection(134)) - 9127dd83-037b-4d39-812f-66db56af525a: shutdown LeaderElection
2019-10-30 05:53:04,395 [9127dd83-037b-4d39-812f-66db56af525a@group-BCADF287A12B-LeaderElection31] INFO  impl.RoleInfo (RoleInfo.java:updateAndGet(143)) - 9127dd83-037b-4d39-812f-66db56af525a: start FollowerState
2019-10-30 05:53:04,526 [Thread-437] INFO  impl.FollowerState (FollowerState.java:run(108)) - 9127dd83-037b-4d39-812f-66db56af525a@group-BCADF287A12B-FollowerState: change to CANDIDATE, lastRpcTime:130ms, electionTimeout:130ms
2019-10-30 05:53:04,527 [Thread-437] INFO  impl.RoleInfo (RoleInfo.java:shutdownFollowerState(121)) - 9127dd83-037b-4d39-812f-66db56af525a: shutdown FollowerState
2019-10-30 05:53:04,528 [Thread-437] INFO  impl.RaftServerImpl (RaftServerImpl.java:setRole(184)) - 9127dd83-037b-4d39-812f-66db56af525a@group-BCADF287A12B: changes role from  FOLLOWER to CANDIDATE at term 35 for changeToCandidate
2019-10-30 05:53:04,528 [Thread-437] INFO  impl.RoleInfo (RoleInfo.java:updateAndGet(143)) - 9127dd83-037b-4d39-812f-66db56af525a: start LeaderElection
2019-10-30 05:53:04,542 [9127dd83-037b-4d39-812f-66db56af525a@group-BCADF287A12B-LeaderElection32] INFO  impl.LeaderElection (LeaderElection.java:askForVotes(178)) - 9127dd83-037b-4d39-812f-66db56af525a@group-BCADF287A12B-LeaderElection32: begin an election at term 36 for -1: [7fae3aed-4e76-4283-a599-f93f794625ab:192.168.34.21:41352, 58095e90-3010-492a-9083-43cf2e035c3f:192.168.34.21:45284, 9127dd83-037b-4d39-812f-66db56af525a:192.168.34.21:42063], old=null
2019-10-30 05:53:04,545 [grpc-default-executor-0] INFO  impl.RaftServerImpl (RaftServerImpl.java:setRole(184)) - 7fae3aed-4e76-4283-a599-f93f794625ab@group-BCADF287A12B: changes role from  FOLLOWER to FOLLOWER at term 36 for recognizeCandidate:9127dd83-037b-4d39-812f-66db56af525a
2019-10-30 05:53:04,545 [grpc-default-executor-3] INFO  impl.RaftServerImpl (RaftServerImpl.java:setRole(184)) - 58095e90-3010-492a-9083-43cf2e035c3f@group-BCADF287A12B: changes role from  FOLLOWER to FOLLOWER at term 36 for recognizeCandidate:9127dd83-037b-4d39-812f-66db56af525a
2019-10-30 05:53:04,545 [grpc-default-executor-0] INFO  impl.RoleInfo (RoleInfo.java:shutdownFollowerState(121)) - 7fae3aed-4e76-4283-a599-f93f794625ab: shutdown FollowerState
2019-10-30 05:53:04,545 [grpc-default-executor-3] INFO  impl.RoleInfo (RoleInfo.java:shutdownFollowerState(121)) - 58095e90-3010-492a-9083-43cf2e035c3f: shutdown FollowerState
2019-10-30 05:53:04,546 [grpc-default-executor-0] INFO  impl.RoleInfo (RoleInfo.java:updateAndGet(143)) - 7fae3aed-4e76-4283-a599-f93f794625ab: start FollowerState
2019-10-30 05:53:04,546 [Thread-435] INFO  impl.FollowerState (FollowerState.java:run(117)) - 7fae3aed-4e76-4283-a599-f93f794625ab@group-BCADF287A12B-FollowerState was interrupted: java.lang.InterruptedException: sleep interrupted
2019-10-30 05:53:04,546 [Thread-436] INFO  impl.FollowerState (FollowerState.java:run(117)) - 58095e90-3010-492a-9083-43cf2e035c3f@group-BCADF287A12B-FollowerState was interrupted: java.lang.InterruptedException: sleep interrupted
2019-10-30 05:53:04,546 [grpc-default-executor-3] INFO  impl.RoleInfo (RoleInfo.java:updateAndGet(143)) - 58095e90-3010-492a-9083-43cf2e035c3f: start FollowerState
2019-10-30 05:53:04,582 [9127dd83-037b-4d39-812f-66db56af525a@group-BCADF287A12B-LeaderElection32] INFO  impl.LeaderElection (LeaderElection.java:logAndReturn(56)) - 9127dd83-037b-4d39-812f-66db56af525a@group-BCADF287A12B-LeaderElection32: Election REJECTED; received 2 response(s) [9127dd83-037b-4d39-812f-66db56af525a<-7fae3aed-4e76-4283-a599-f93f794625ab#0:FAIL-t36, 9127dd83-037b-4d39-812f-66db56af525a<-58095e90-3010-492a-9083-43cf2e035c3f#0:FAIL-t36] and 0 exception(s); 9127dd83-037b-4d39-812f-66db56af525a@group-BCADF287A12B:t36, leader=null, voted=9127dd83-037b-4d39-812f-66db56af525a, raftlog=9127dd83-037b-4d39-812f-66db56af525a@group-BCADF287A12B-SegmentedRaftLog:OPENED:c-1,f-1,i0, conf=-1: [7fae3aed-4e76-4283-a599-f93f794625ab:192.168.34.21:41352, 58095e90-3010-492a-9083-43cf2e035c3f:192.168.34.21:45284, 9127dd83-037b-4d39-812f-66db56af525a:192.168.34.21:42063], old=null
2019-10-30 05:53:04,582 [9127dd83-037b-4d39-812f-66db56af525a@group-BCADF287A12B-LeaderElection32] INFO  impl.RaftServerImpl (RaftServerImpl.java:setRole(184)) - 9127dd83-037b-4d39-812f-66db56af525a@group-BCADF287A12B: changes role from CANDIDATE to FOLLOWER at term 36 for DISCOVERED_A_NEW_TERM
2019-10-30 05:53:04,582 [9127dd83-037b-4d39-812f-66db56af525a@group-BCADF287A12B-LeaderElection32] INFO  impl.RoleInfo (RoleInfo.java:shutdownLeaderElection(134)) - 9127dd83-037b-4d39-812f-66db56af525a: shutdown LeaderElection
2019-10-30 05:53:04,582 [9127dd83-037b-4d39-812f-66db56af525a@group-BCADF287A12B-LeaderElection32] INFO  impl.RoleInfo (RoleInfo.java:updateAndGet(143)) - 9127dd83-037b-4d39-812f-66db56af525a: start FollowerState
2019-10-30 05:53:04,693 [Thread-443] INFO  impl.FollowerState (FollowerState.java:run(108)) - 9127dd83-037b-4d39-812f-66db56af525a@group-BCADF287A12B-FollowerState: change to CANDIDATE, lastRpcTime:110ms, electionTimeout:110ms
2019-10-30 05:53:04,694 [Thread-443] INFO  impl.RoleInfo (RoleInfo.java:shutdownFollowerState(121)) - 9127dd83-037b-4d39-812f-66db56af525a: shutdown FollowerState
2019-10-30 05:53:04,695 [Thread-443] INFO  impl.RaftServerImpl (RaftServerImpl.java:setRole(184)) - 9127dd83-037b-4d39-812f-66db56af525a@group-BCADF287A12B: changes role from  FOLLOWER to CANDIDATE at term 36 for changeToCandidate
2019-10-30 05:53:04,695 [Thread-443] INFO  impl.RoleInfo (RoleInfo.java:updateAndGet(143)) - 9127dd83-037b-4d39-812f-66db56af525a: start LeaderElection
2019-10-30 05:53:04,699 [9127dd83-037b-4d39-812f-66db56af525a@group-BCADF287A12B-LeaderElection33] INFO  impl.LeaderElection (LeaderElection.java:askForVotes(178)) - 9127dd83-037b-4d39-812f-66db56af525a@group-BCADF287A12B-LeaderElection33: begin an election at term 37 for -1: [7fae3aed-4e76-4283-a599-f93f794625ab:192.168.34.21:41352, 58095e90-3010-492a-9083-43cf2e035c3f:192.168.34.21:45284, 9127dd83-037b-4d39-812f-66db56af525a:192.168.34.21:42063], old=null
2019-10-30 05:53:04,704 [grpc-default-executor-3] INFO  impl.RaftServerImpl (RaftServerImpl.java:setRole(184)) - 7fae3aed-4e76-4283-a599-f93f794625ab@group-BCADF287A12B: changes role from  FOLLOWER to FOLLOWER at term 37 for recognizeCandidate:9127dd83-037b-4d39-812f-66db56af525a
2019-10-30 05:53:04,704 [grpc-default-executor-0] INFO  impl.RaftServerImpl (RaftServerImpl.java:setRole(184)) - 58095e90-3010-492a-9083-43cf2e035c3f@group-BCADF287A12B: changes role from  FOLLOWER to FOLLOWER at term 37 for recognizeCandidate:9127dd83-037b-4d39-812f-66db56af525a
2019-10-30 05:53:04,704 [grpc-default-executor-3] INFO  impl.RoleInfo (RoleInfo.java:shutdownFollowerState(121)) - 7fae3aed-4e76-4283-a599-f93f794625ab: shutdown FollowerState
2019-10-30 05:53:04,704 [grpc-default-executor-0] INFO  impl.RoleInfo (RoleInfo.java:shutdownFollowerState(121)) - 58095e90-3010-492a-9083-43cf2e035c3f: shutdown FollowerState
2019-10-30 05:53:04,704 [Thread-441] INFO  impl.FollowerState (FollowerState.java:run(117)) - 7fae3aed-4e76-4283-a599-f93f794625ab@group-BCADF287A12B-FollowerState was interrupted: java.lang.InterruptedException: sleep interrupted
2019-10-30 05:53:04,704 [grpc-default-executor-3] INFO  impl.RoleInfo (RoleInfo.java:updateAndGet(143)) - 7fae3aed-4e76-4283-a599-f93f794625ab: start FollowerState
2019-10-30 05:53:04,704 [Thread-442] INFO  impl.FollowerState (FollowerState.java:run(117)) - 58095e90-3010-492a-9083-43cf2e035c3f@group-BCADF287A12B-FollowerState was interrupted: java.lang.InterruptedException: sleep interrupted
2019-10-30 05:53:04,704 [grpc-default-executor-0] INFO  impl.RoleInfo (RoleInfo.java:updateAndGet(143)) - 58095e90-3010-492a-9083-43cf2e035c3f: start FollowerState
2019-10-30 05:53:04,720 [9127dd83-037b-4d39-812f-66db56af525a@group-BCADF287A12B-LeaderElection33] INFO  impl.LeaderElection (LeaderElection.java:logAndReturn(56)) - 9127dd83-037b-4d39-812f-66db56af525a@group-BCADF287A12B-LeaderElection33: Election REJECTED; received 2 response(s) [9127dd83-037b-4d39-812f-66db56af525a<-7fae3aed-4e76-4283-a599-f93f794625ab#0:FAIL-t37, 9127dd83-037b-4d39-812f-66db56af525a<-58095e90-3010-492a-9083-43cf2e035c3f#0:FAIL-t37] and 0 exception(s); 9127dd83-037b-4d39-812f-66db56af525a@group-BCADF287A12B:t37, leader=null, voted=9127dd83-037b-4d39-812f-66db56af525a, raftlog=9127dd83-037b-4d39-812f-66db56af525a@group-BCADF287A12B-SegmentedRaftLog:OPENED:c-1,f-1,i0, conf=-1: [7fae3aed-4e76-4283-a599-f93f794625ab:192.168.34.21:41352, 58095e90-3010-492a-9083-43cf2e035c3f:192.168.34.21:45284, 9127dd83-037b-4d39-812f-66db56af525a:192.168.34.21:42063], old=null
2019-10-30 05:53:04,720 [9127dd83-037b-4d39-812f-66db56af525a@group-BCADF287A12B-LeaderElection33] INFO  impl.RaftServerImpl (RaftServerImpl.java:setRole(184)) - 9127dd83-037b-4d39-812f-66db56af525a@group-BCADF287A12B: changes role from CANDIDATE to FOLLOWER at term 37 for DISCOVERED_A_NEW_TERM
2019-10-30 05:53:04,720 [9127dd83-037b-4d39-812f-66db56af525a@group-BCADF287A12B-LeaderElection33] INFO  impl.RoleInfo (RoleInfo.java:shutdownLeaderElection(134)) - 9127dd83-037b-4d39-812f-66db56af525a: shutdown LeaderElection
2019-10-30 05:53:04,720 [9127dd83-037b-4d39-812f-66db56af525a@group-BCADF287A12B-LeaderElection33] INFO  impl.RoleInfo (RoleInfo.java:updateAndGet(143)) - 9127dd83-037b-4d39-812f-66db56af525a: start FollowerState
2019-10-30 05:53:04,771 [Thread-449] INFO  impl.FollowerState (FollowerState.java:run(108)) - 9127dd83-037b-4d39-812f-66db56af525a@group-BCADF287A12B-FollowerState: change to CANDIDATE, lastRpcTime:50ms, electionTimeout:50ms
2019-10-30 05:53:04,772 [Thread-449] INFO  impl.RoleInfo (RoleInfo.java:shutdownFollowerState(121)) - 9127dd83-037b-4d39-812f-66db56af525a: shutdown FollowerState
2019-10-30 05:53:04,772 [Thread-449] INFO  impl.RaftServerImpl (RaftServerImpl.java:setRole(184)) - 9127dd83-037b-4d39-812f-66db56af525a@group-BCADF287A12B: changes role from  FOLLOWER to CANDIDATE at term 37 for changeToCandidate
2019-10-30 05:53:04,774 [Thread-449] INFO  impl.RoleInfo (RoleInfo.java:updateAndGet(143)) - 9127dd83-037b-4d39-812f-66db56af525a: start LeaderElection
2019-10-30 05:53:04,789 [9127dd83-037b-4d39-812f-66db56af525a@group-BCADF287A12B-LeaderElection34] INFO  impl.LeaderElection (LeaderElection.java:askForVotes(178)) - 9127dd83-037b-4d39-812f-66db56af525a@group-BCADF287A12B-LeaderElection34: begin an election at term 38 for -1: [7fae3aed-4e76-4283-a599-f93f794625ab:192.168.34.21:41352, 58095e90-3010-492a-9083-43cf2e035c3f:192.168.34.21:45284, 9127dd83-037b-4d39-812f-66db56af525a:192.168.34.21:42063], old=null
2019-10-30 05:53:04,797 [grpc-default-executor-3] INFO  impl.RaftServerImpl (RaftServerImpl.java:setRole(184)) - 58095e90-3010-492a-9083-43cf2e035c3f@group-BCADF287A12B: changes role from  FOLLOWER to FOLLOWER at term 38 for recognizeCandidate:9127dd83-037b-4d39-812f-66db56af525a
2019-10-30 05:53:04,797 [grpc-default-executor-0] INFO  impl.RaftServerImpl (RaftServerImpl.java:setRole(184)) - 7fae3aed-4e76-4283-a599-f93f794625ab@group-BCADF287A12B: changes role from  FOLLOWER to FOLLOWER at term 38 for recognizeCandidate:9127dd83-037b-4d39-812f-66db56af525a
2019-10-30 05:53:04,797 [grpc-default-executor-3] INFO  impl.RoleInfo (RoleInfo.java:shutdownFollowerState(121)) - 58095e90-3010-492a-9083-43cf2e035c3f: shutdown FollowerState
2019-10-30 05:53:04,797 [grpc-default-executor-0] INFO  impl.RoleInfo (RoleInfo.java:shutdownFollowerState(121)) - 7fae3aed-4e76-4283-a599-f93f794625ab: shutdown FollowerState
2019-10-30 05:53:04,798 [grpc-default-executor-3] INFO  impl.RoleInfo (RoleInfo.java:updateAndGet(143)) - 58095e90-3010-492a-9083-43cf2e035c3f: start FollowerState
2019-10-30 05:53:04,798 [Thread-448] INFO  impl.FollowerState (FollowerState.java:run(117)) - 58095e90-3010-492a-9083-43cf2e035c3f@group-BCADF287A12B-FollowerState was interrupted: java.lang.InterruptedException: sleep interrupted
2019-10-30 05:53:04,798 [Thread-447] INFO  impl.FollowerState (FollowerState.java:run(117)) - 7fae3aed-4e76-4283-a599-f93f794625ab@group-BCADF287A12B-FollowerState was interrupted: java.lang.InterruptedException: sleep interrupted
2019-10-30 05:53:04,798 [grpc-default-executor-0] INFO  impl.RoleInfo (RoleInfo.java:updateAndGet(143)) - 7fae3aed-4e76-4283-a599-f93f794625ab: start FollowerState
2019-10-30 05:53:04,816 [9127dd83-037b-4d39-812f-66db56af525a@group-BCADF287A12B-LeaderElection34] INFO  impl.LeaderElection (LeaderElection.java:logAndReturn(56)) - 9127dd83-037b-4d39-812f-66db56af525a@group-BCADF287A12B-LeaderElection34: Election REJECTED; received 2 response(s) [9127dd83-037b-4d39-812f-66db56af525a<-7fae3aed-4e76-4283-a599-f93f794625ab#0:FAIL-t38, 9127dd83-037b-4d39-812f-66db56af525a<-58095e90-3010-492a-9083-43cf2e035c3f#0:FAIL-t38] and 0 exception(s); 9127dd83-037b-4d39-812f-66db56af525a@group-BCADF287A12B:t38, leader=null, voted=9127dd83-037b-4d39-812f-66db56af525a, raftlog=9127dd83-037b-4d39-812f-66db56af525a@group-BCADF287A12B-SegmentedRaftLog:OPENED:c-1,f-1,i0, conf=-1: [7fae3aed-4e76-4283-a599-f93f794625ab:192.168.34.21:41352, 58095e90-3010-492a-9083-43cf2e035c3f:192.168.34.21:45284, 9127dd83-037b-4d39-812f-66db56af525a:192.168.34.21:42063], old=null
2019-10-30 05:53:04,816 [9127dd83-037b-4d39-812f-66db56af525a@group-BCADF287A12B-LeaderElection34] INFO  impl.RaftServerImpl (RaftServerImpl.java:setRole(184)) - 9127dd83-037b-4d39-812f-66db56af525a@group-BCADF287A12B: changes role from CANDIDATE to FOLLOWER at term 38 for DISCOVERED_A_NEW_TERM
2019-10-30 05:53:04,816 [9127dd83-037b-4d39-812f-66db56af525a@group-BCADF287A12B-LeaderElection34] INFO  impl.RoleInfo (RoleInfo.java:shutdownLeaderElection(134)) - 9127dd83-037b-4d39-812f-66db56af525a: shutdown LeaderElection
2019-10-30 05:53:04,817 [9127dd83-037b-4d39-812f-66db56af525a@group-BCADF287A12B-LeaderElection34] INFO  impl.RoleInfo (RoleInfo.java:updateAndGet(143)) - 9127dd83-037b-4d39-812f-66db56af525a: start FollowerState
2019-10-30 05:53:04,821 [Thread-457] INFO  impl.FollowerState (FollowerState.java:run(108)) - 9127dd83-037b-4d39-812f-66db56af525a@group-BCADF287A12B-FollowerState: change to CANDIDATE, lastRpcTime:4ms, electionTimeout:4ms
2019-10-30 05:53:04,825 [Thread-457] INFO  impl.RoleInfo (RoleInfo.java:shutdownFollowerState(121)) - 9127dd83-037b-4d39-812f-66db56af525a: shutdown FollowerState
2019-10-30 05:53:04,826 [Thread-457] INFO  impl.RaftServerImpl (RaftServerImpl.java:setRole(184)) - 9127dd83-037b-4d39-812f-66db56af525a@group-BCADF287A12B: changes role from  FOLLOWER to CANDIDATE at term 38 for changeToCandidate
2019-10-30 05:53:04,826 [Thread-457] INFO  impl.RoleInfo (RoleInfo.java:updateAndGet(143)) - 9127dd83-037b-4d39-812f-66db56af525a: start LeaderElection
2019-10-30 05:53:04,840 [9127dd83-037b-4d39-812f-66db56af525a@group-BCADF287A12B-LeaderElection35] INFO  impl.LeaderElection (LeaderElection.java:askForVotes(178)) - 9127dd83-037b-4d39-812f-66db56af525a@group-BCADF287A12B-LeaderElection35: begin an election at term 39 for -1: [7fae3aed-4e76-4283-a599-f93f794625ab:192.168.34.21:41352, 58095e90-3010-492a-9083-43cf2e035c3f:192.168.34.21:45284, 9127dd83-037b-4d39-812f-66db56af525a:192.168.34.21:42063], old=null
2019-10-30 05:53:04,844 [grpc-default-executor-3] INFO  impl.RaftServerImpl (RaftServerImpl.java:setRole(184)) - 58095e90-3010-492a-9083-43cf2e035c3f@group-BCADF287A12B: changes role from  FOLLOWER to FOLLOWER at term 39 for recognizeCandidate:9127dd83-037b-4d39-812f-66db56af525a
2019-10-30 05:53:04,844 [grpc-default-executor-0] INFO  impl.RaftServerImpl (RaftServerImpl.java:setRole(184)) - 7fae3aed-4e76-4283-a599-f93f794625ab@group-BCADF287A12B: changes role from  FOLLOWER to FOLLOWER at term 39 for recognizeCandidate:9127dd83-037b-4d39-812f-66db56af525a
2019-10-30 05:53:04,844 [grpc-default-executor-3] INFO  impl.RoleInfo (RoleInfo.java:shutdownFollowerState(121)) - 58095e90-3010-492a-9083-43cf2e035c3f: shutdown FollowerState
2019-10-30 05:53:04,844 [grpc-default-executor-0] INFO  impl.RoleInfo (RoleInfo.java:shutdownFollowerState(121)) - 7fae3aed-4e76-4283-a599-f93f794625ab: shutdown FollowerState
2019-10-30 05:53:04,844 [Thread-455] INFO  impl.FollowerState (FollowerState.java:run(117)) - 58095e90-3010-492a-9083-43cf2e035c3f@group-BCADF287A12B-FollowerState was interrupted: java.lang.InterruptedException: sleep interrupted
2019-10-30 05:53:04,845 [Thread-456] INFO  impl.FollowerState (FollowerState.java:run(117)) - 7fae3aed-4e76-4283-a599-f93f794625ab@group-BCADF287A12B-FollowerState was interrupted: java.lang.InterruptedException: sleep interrupted
2019-10-30 05:53:04,844 [grpc-default-executor-3] INFO  impl.RoleInfo (RoleInfo.java:updateAndGet(143)) - 58095e90-3010-492a-9083-43cf2e035c3f: start FollowerState
2019-10-30 05:53:04,845 [grpc-default-executor-0] INFO  impl.RoleInfo (RoleInfo.java:updateAndGet(143)) - 7fae3aed-4e76-4283-a599-f93f794625ab: start FollowerState
2019-10-30 05:53:04,859 [9127dd83-037b-4d39-812f-66db56af525a@group-BCADF287A12B-LeaderElection35] INFO  impl.LeaderElection (LeaderElection.java:logAndReturn(56)) - 9127dd83-037b-4d39-812f-66db56af525a@group-BCADF287A12B-LeaderElection35: Election REJECTED; received 2 response(s) [9127dd83-037b-4d39-812f-66db56af525a<-7fae3aed-4e76-4283-a599-f93f794625ab#0:FAIL-t39, 9127dd83-037b-4d39-812f-66db56af525a<-58095e90-3010-492a-9083-43cf2e035c3f#0:FAIL-t39] and 0 exception(s); 9127dd83-037b-4d39-812f-66db56af525a@group-BCADF287A12B:t39, leader=null, voted=9127dd83-037b-4d39-812f-66db56af525a, raftlog=9127dd83-037b-4d39-812f-66db56af525a@group-BCADF287A12B-SegmentedRaftLog:OPENED:c-1,f-1,i0, conf=-1: [7fae3aed-4e76-4283-a599-f93f794625ab:192.168.34.21:41352, 58095e90-3010-492a-9083-43cf2e035c3f:192.168.34.21:45284, 9127dd83-037b-4d39-812f-66db56af525a:192.168.34.21:42063], old=null
2019-10-30 05:53:04,860 [9127dd83-037b-4d39-812f-66db56af525a@group-BCADF287A12B-LeaderElection35] INFO  impl.RaftServerImpl (RaftServerImpl.java:setRole(184)) - 9127dd83-037b-4d39-812f-66db56af525a@group-BCADF287A12B: changes role from CANDIDATE to FOLLOWER at term 39 for DISCOVERED_A_NEW_TERM
2019-10-30 05:53:04,860 [9127dd83-037b-4d39-812f-66db56af525a@group-BCADF287A12B-LeaderElection35] INFO  impl.RoleInfo (RoleInfo.java:shutdownLeaderElection(134)) - 9127dd83-037b-4d39-812f-66db56af525a: shutdown LeaderElection
2019-10-30 05:53:04,860 [9127dd83-037b-4d39-812f-66db56af525a@group-BCADF287A12B-LeaderElection35] INFO  impl.RoleInfo (RoleInfo.java:updateAndGet(143)) - 9127dd83-037b-4d39-812f-66db56af525a: start FollowerState
2019-10-30 05:53:04,911 [Thread-463] INFO  impl.FollowerState (FollowerState.java:run(108)) - 9127dd83-037b-4d39-812f-66db56af525a@group-BCADF287A12B-FollowerState: change to CANDIDATE, lastRpcTime:51ms, electionTimeout:51ms
2019-10-30 05:53:04,911 [Thread-463] INFO  impl.RoleInfo (RoleInfo.java:shutdownFollowerState(121)) - 9127dd83-037b-4d39-812f-66db56af525a: shutdown FollowerState
2019-10-30 05:53:04,911 [Thread-463] INFO  impl.RaftServerImpl (RaftServerImpl.java:setRole(184)) - 9127dd83-037b-4d39-812f-66db56af525a@group-BCADF287A12B: changes role from  FOLLOWER to CANDIDATE at term 39 for changeToCandidate
2019-10-30 05:53:04,911 [Thread-463] INFO  impl.RoleInfo (RoleInfo.java:updateAndGet(143)) - 9127dd83-037b-4d39-812f-66db56af525a: start LeaderElection
2019-10-30 05:53:04,925 [9127dd83-037b-4d39-812f-66db56af525a@group-BCADF287A12B-LeaderElection36] INFO  impl.LeaderElection (LeaderElection.java:askForVotes(178)) - 9127dd83-037b-4d39-812f-66db56af525a@group-BCADF287A12B-LeaderElection36: begin an election at term 40 for -1: [7fae3aed-4e76-4283-a599-f93f794625ab:192.168.34.21:41352, 58095e90-3010-492a-9083-43cf2e035c3f:192.168.34.21:45284, 9127dd83-037b-4d39-812f-66db56af525a:192.168.34.21:42063], old=null
2019-10-30 05:53:04,928 [grpc-default-executor-0] INFO  impl.RaftServerImpl (RaftServerImpl.java:setRole(184)) - 58095e90-3010-492a-9083-43cf2e035c3f@group-BCADF287A12B: changes role from  FOLLOWER to FOLLOWER at term 40 for recognizeCandidate:9127dd83-037b-4d39-812f-66db56af525a
2019-10-30 05:53:04,928 [grpc-default-executor-3] INFO  impl.RaftServerImpl (RaftServerImpl.java:setRole(184)) - 7fae3aed-4e76-4283-a599-f93f794625ab@group-BCADF287A12B: changes role from  FOLLOWER to FOLLOWER at term 40 for recognizeCandidate:9127dd83-037b-4d39-812f-66db56af525a
2019-10-30 05:53:04,928 [grpc-default-executor-0] INFO  impl.RoleInfo (RoleInfo.java:shutdownFollowerState(121)) - 58095e90-3010-492a-9083-43cf2e035c3f: shutdown FollowerState
2019-10-30 05:53:04,928 [grpc-default-executor-3] INFO  impl.RoleInfo (RoleInfo.java:shutdownFollowerState(121)) - 7fae3aed-4e76-4283-a599-f93f794625ab: shutdown FollowerState
2019-10-30 05:53:04,928 [grpc-default-executor-0] INFO  impl.RoleInfo (RoleInfo.java:updateAndGet(143)) - 58095e90-3010-492a-9083-43cf2e035c3f: start FollowerState
2019-10-30 05:53:04,928 [Thread-461] INFO  impl.FollowerState (FollowerState.java:run(117)) - 58095e90-3010-492a-9083-43cf2e035c3f@group-BCADF287A12B-FollowerState was interrupted: java.lang.InterruptedException: sleep interrupted
2019-10-30 05:53:04,928 [grpc-default-executor-3] INFO  impl.RoleInfo (RoleInfo.java:updateAndGet(143)) - 7fae3aed-4e76-4283-a599-f93f794625ab: start FollowerState
2019-10-30 05:53:04,928 [Thread-462] INFO  impl.FollowerState (FollowerState.java:run(117)) - 7fae3aed-4e76-4283-a599-f93f794625ab@group-BCADF287A12B-FollowerState was interrupted: java.lang.InterruptedException: sleep interrupted
2019-10-30 05:53:04,943 [9127dd83-037b-4d39-812f-66db56af525a@group-BCADF287A12B-LeaderElection36] INFO  impl.LeaderElection (LeaderElection.java:logAndReturn(56)) - 9127dd83-037b-4d39-812f-66db56af525a@group-BCADF287A12B-LeaderElection36: Election REJECTED; received 2 response(s) [9127dd83-037b-4d39-812f-66db56af525a<-7fae3aed-4e76-4283-a599-f93f794625ab#0:FAIL-t40, 9127dd83-037b-4d39-812f-66db56af525a<-58095e90-3010-492a-9083-43cf2e035c3f#0:FAIL-t40] and 0 exception(s); 9127dd83-037b-4d39-812f-66db56af525a@group-BCADF287A12B:t40, leader=null, voted=9127dd83-037b-4d39-812f-66db56af525a, raftlog=9127dd83-037b-4d39-812f-66db56af525a@group-BCADF287A12B-SegmentedRaftLog:OPENED:c-1,f-1,i0, conf=-1: [7fae3aed-4e76-4283-a599-f93f794625ab:192.168.34.21:41352, 58095e90-3010-492a-9083-43cf2e035c3f:192.168.34.21:45284, 9127dd83-037b-4d39-812f-66db56af525a:192.168.34.21:42063], old=null
2019-10-30 05:53:04,943 [9127dd83-037b-4d39-812f-66db56af525a@group-BCADF287A12B-LeaderElection36] INFO  impl.RaftServerImpl (RaftServerImpl.java:setRole(184)) - 9127dd83-037b-4d39-812f-66db56af525a@group-BCADF287A12B: changes role from CANDIDATE to FOLLOWER at term 40 for DISCOVERED_A_NEW_TERM
2019-10-30 05:53:04,943 [9127dd83-037b-4d39-812f-66db56af525a@group-BCADF287A12B-LeaderElection36] INFO  impl.RoleInfo (RoleInfo.java:shutdownLeaderElection(134)) - 9127dd83-037b-4d39-812f-66db56af525a: shutdown LeaderElection
2019-10-30 05:53:04,943 [9127dd83-037b-4d39-812f-66db56af525a@group-BCADF287A12B-LeaderElection36] INFO  impl.RoleInfo (RoleInfo.java:updateAndGet(143)) - 9127dd83-037b-4d39-812f-66db56af525a: start FollowerState
2019-10-30 05:53:04,975 [Thread-469] INFO  impl.FollowerState (FollowerState.java:run(108)) - 9127dd83-037b-4d39-812f-66db56af525a@group-BCADF287A12B-FollowerState: change to CANDIDATE, lastRpcTime:31ms, electionTimeout:31ms
2019-10-30 05:53:04,975 [Thread-469] INFO  impl.RoleInfo (RoleInfo.java:shutdownFollowerState(121)) - 9127dd83-037b-4d39-812f-66db56af525a: shutdown FollowerState
2019-10-30 05:53:04,975 [Thread-469] INFO  impl.RaftServerImpl (RaftServerImpl.java:setRole(184)) - 9127dd83-037b-4d39-812f-66db56af525a@group-BCADF287A12B: changes role from  FOLLOWER to CANDIDATE at term 40 for changeToCandidate
2019-10-30 05:53:04,976 [Thread-469] INFO  impl.RoleInfo (RoleInfo.java:updateAndGet(143)) - 9127dd83-037b-4d39-812f-66db56af525a: start LeaderElection
2019-10-30 05:53:04,990 [9127dd83-037b-4d39-812f-66db56af525a@group-BCADF287A12B-LeaderElection37] INFO  impl.LeaderElection (LeaderElection.java:askForVotes(178)) - 9127dd83-037b-4d39-812f-66db56af525a@group-BCADF287A12B-LeaderElection37: begin an election at term 41 for -1: [7fae3aed-4e76-4283-a599-f93f794625ab:192.168.34.21:41352, 58095e90-3010-492a-9083-43cf2e035c3f:192.168.34.21:45284, 9127dd83-037b-4d39-812f-66db56af525a:192.168.34.21:42063], old=null
2019-10-30 05:53:04,995 [grpc-default-executor-0] INFO  impl.RaftServerImpl (RaftServerImpl.java:setRole(184)) - 7fae3aed-4e76-4283-a599-f93f794625ab@group-BCADF287A12B: changes role from  FOLLOWER to FOLLOWER at term 41 for recognizeCandidate:9127dd83-037b-4d39-812f-66db56af525a
2019-10-30 05:53:04,995 [grpc-default-executor-3] INFO  impl.RaftServerImpl (RaftServerImpl.java:setRole(184)) - 58095e90-3010-492a-9083-43cf2e035c3f@group-BCADF287A12B: changes role from  FOLLOWER to FOLLOWER at term 41 for recognizeCandidate:9127dd83-037b-4d39-812f-66db56af525a
2019-10-30 05:53:04,995 [grpc-default-executor-0] INFO  impl.RoleInfo (RoleInfo.java:shutdownFollowerState(121)) - 7fae3aed-4e76-4283-a599-f93f794625ab: shutdown FollowerState
2019-10-30 05:53:04,995 [grpc-default-executor-3] INFO  impl.RoleInfo (RoleInfo.java:shutdownFollowerState(121)) - 58095e90-3010-492a-9083-43cf2e035c3f: shutdown FollowerState
2019-10-30 05:53:04,995 [grpc-default-executor-0] INFO  impl.RoleInfo (RoleInfo.java:updateAndGet(143)) - 7fae3aed-4e76-4283-a599-f93f794625ab: start FollowerState
2019-10-30 05:53:04,995 [Thread-468] INFO  impl.FollowerState (FollowerState.java:run(117)) - 7fae3aed-4e76-4283-a599-f93f794625ab@group-BCADF287A12B-FollowerState was interrupted: java.lang.InterruptedException: sleep interrupted
2019-10-30 05:53:04,995 [Thread-467] INFO  impl.FollowerState (FollowerState.java:run(117)) - 58095e90-3010-492a-9083-43cf2e035c3f@group-BCADF287A12B-FollowerState was interrupted: java.lang.InterruptedException: sleep interrupted
2019-10-30 05:53:04,995 [grpc-default-executor-3] INFO  impl.RoleInfo (RoleInfo.java:updateAndGet(143)) - 58095e90-3010-492a-9083-43cf2e035c3f: start FollowerState
2019-10-30 05:53:05,011 [9127dd83-037b-4d39-812f-66db56af525a@group-BCADF287A12B-LeaderElection37] INFO  impl.LeaderElection (LeaderElection.java:logAndReturn(56)) - 9127dd83-037b-4d39-812f-66db56af525a@group-BCADF287A12B-LeaderElection37: Election REJECTED; received 2 response(s) [9127dd83-037b-4d39-812f-66db56af525a<-7fae3aed-4e76-4283-a599-f93f794625ab#0:FAIL-t41, 9127dd83-037b-4d39-812f-66db56af525a<-58095e90-3010-492a-9083-43cf2e035c3f#0:FAIL-t41] and 0 exception(s); 9127dd83-037b-4d39-812f-66db56af525a@group-BCADF287A12B:t41, leader=null, voted=9127dd83-037b-4d39-812f-66db56af525a, raftlog=9127dd83-037b-4d39-812f-66db56af525a@group-BCADF287A12B-SegmentedRaftLog:OPENED:c-1,f-1,i0, conf=-1: [7fae3aed-4e76-4283-a599-f93f794625ab:192.168.34.21:41352, 58095e90-3010-492a-9083-43cf2e035c3f:192.168.34.21:45284, 9127dd83-037b-4d39-812f-66db56af525a:192.168.34.21:42063], old=null
2019-10-30 05:53:05,011 [9127dd83-037b-4d39-812f-66db56af525a@group-BCADF287A12B-LeaderElection37] INFO  impl.RaftServerImpl (RaftServerImpl.java:setRole(184)) - 9127dd83-037b-4d39-812f-66db56af525a@group-BCADF287A12B: changes role from CANDIDATE to FOLLOWER at term 41 for DISCOVERED_A_NEW_TERM
2019-10-30 05:53:05,012 [9127dd83-037b-4d39-812f-66db56af525a@group-BCADF287A12B-LeaderElection37] INFO  impl.RoleInfo (RoleInfo.java:shutdownLeaderElection(134)) - 9127dd83-037b-4d39-812f-66db56af525a: shutdown LeaderElection
2019-10-30 05:53:05,012 [9127dd83-037b-4d39-812f-66db56af525a@group-BCADF287A12B-LeaderElection37] INFO  impl.RoleInfo (RoleInfo.java:updateAndGet(143)) - 9127dd83-037b-4d39-812f-66db56af525a: start FollowerState
2019-10-30 05:53:05,017 [Thread-475] INFO  impl.FollowerState (FollowerState.java:run(108)) - 9127dd83-037b-4d39-812f-66db56af525a@group-BCADF287A12B-FollowerState: change to CANDIDATE, lastRpcTime:5ms, electionTimeout:5ms
2019-10-30 05:53:05,017 [Thread-475] INFO  impl.RoleInfo (RoleInfo.java:shutdownFollowerState(121)) - 9127dd83-037b-4d39-812f-66db56af525a: shutdown FollowerState
2019-10-30 05:53:05,017 [Thread-475] INFO  impl.RaftServerImpl (RaftServerImpl.java:setRole(184)) - 9127dd83-037b-4d39-812f-66db56af525a@group-BCADF287A12B: changes role from  FOLLOWER to CANDIDATE at term 41 for changeToCandidate
2019-10-30 05:53:05,018 [Thread-475] INFO  impl.RoleInfo (RoleInfo.java:updateAndGet(143)) - 9127dd83-037b-4d39-812f-66db56af525a: start LeaderElection
2019-10-30 05:53:05,024 [9127dd83-037b-4d39-812f-66db56af525a@group-BCADF287A12B-LeaderElection38] INFO  impl.LeaderElection (LeaderElection.java:askForVotes(178)) - 9127dd83-037b-4d39-812f-66db56af525a@group-BCADF287A12B-LeaderElection38: begin an election at term 42 for -1: [7fae3aed-4e76-4283-a599-f93f794625ab:192.168.34.21:41352, 58095e90-3010-492a-9083-43cf2e035c3f:192.168.34.21:45284, 9127dd83-037b-4d39-812f-66db56af525a:192.168.34.21:42063], old=null
2019-10-30 05:53:05,026 [grpc-default-executor-3] INFO  impl.RaftServerImpl (RaftServerImpl.java:setRole(184)) - 7fae3aed-4e76-4283-a599-f93f794625ab@group-BCADF287A12B: changes role from  FOLLOWER to FOLLOWER at term 42 for recognizeCandidate:9127dd83-037b-4d39-812f-66db56af525a
2019-10-30 05:53:05,027 [grpc-default-executor-0] INFO  impl.RaftServerImpl (RaftServerImpl.java:setRole(184)) - 58095e90-3010-492a-9083-43cf2e035c3f@group-BCADF287A12B: changes role from  FOLLOWER to FOLLOWER at term 42 for recognizeCandidate:9127dd83-037b-4d39-812f-66db56af525a
2019-10-30 05:53:05,027 [grpc-default-executor-0] INFO  impl.RoleInfo (RoleInfo.java:shutdownFollowerState(121)) - 58095e90-3010-492a-9083-43cf2e035c3f: shutdown FollowerState
2019-10-30 05:53:05,027 [grpc-default-executor-3] INFO  impl.RoleInfo (RoleInfo.java:shutdownFollowerState(121)) - 7fae3aed-4e76-4283-a599-f93f794625ab: shutdown FollowerState
2019-10-30 05:53:05,027 [grpc-default-executor-0] INFO  impl.RoleInfo (RoleInfo.java:updateAndGet(143)) - 58095e90-3010-492a-9083-43cf2e035c3f: start FollowerState
2019-10-30 05:53:05,027 [Thread-474] INFO  impl.FollowerState (FollowerState.java:run(117)) - 58095e90-3010-492a-9083-43cf2e035c3f@group-BCADF287A12B-FollowerState was interrupted: java.lang.InterruptedException: sleep interrupted
2019-10-30 05:53:05,027 [grpc-default-executor-3] INFO  impl.RoleInfo (RoleInfo.java:updateAndGet(143)) - 7fae3aed-4e76-4283-a599-f93f794625ab: start FollowerState
2019-10-30 05:53:05,027 [Thread-473] INFO  impl.FollowerState (FollowerState.java:run(117)) - 7fae3aed-4e76-4283-a599-f93f794625ab@group-BCADF287A12B-FollowerState was interrupted: java.lang.InterruptedException: sleep interrupted
2019-10-30 05:53:05,042 [9127dd83-037b-4d39-812f-66db56af525a@group-BCADF287A12B-LeaderElection38] INFO  impl.LeaderElection (LeaderElection.java:logAndReturn(56)) - 9127dd83-037b-4d39-812f-66db56af525a@group-BCADF287A12B-LeaderElection38: Election REJECTED; received 2 response(s) [9127dd83-037b-4d39-812f-66db56af525a<-7fae3aed-4e76-4283-a599-f93f794625ab#0:FAIL-t42, 9127dd83-037b-4d39-812f-66db56af525a<-58095e90-3010-492a-9083-43cf2e035c3f#0:FAIL-t42] and 0 exception(s); 9127dd83-037b-4d39-812f-66db56af525a@group-BCADF287A12B:t42, leader=null, voted=9127dd83-037b-4d39-812f-66db56af525a, raftlog=9127dd83-037b-4d39-812f-66db56af525a@group-BCADF287A12B-SegmentedRaftLog:OPENED:c-1,f-1,i0, conf=-1: [7fae3aed-4e76-4283-a599-f93f794625ab:192.168.34.21:41352, 58095e90-3010-492a-9083-43cf2e035c3f:192.168.34.21:45284, 9127dd83-037b-4d39-812f-66db56af525a:192.168.34.21:42063], old=null
2019-10-30 05:53:05,042 [9127dd83-037b-4d39-812f-66db56af525a@group-BCADF287A12B-LeaderElection38] INFO  impl.RaftServerImpl (RaftServerImpl.java:setRole(184)) - 9127dd83-037b-4d39-812f-66db56af525a@group-BCADF287A12B: changes role from CANDIDATE to FOLLOWER at term 42 for DISCOVERED_A_NEW_TERM
2019-10-30 05:53:05,042 [9127dd83-037b-4d39-812f-66db56af525a@group-BCADF287A12B-LeaderElection38] INFO  impl.RoleInfo (RoleInfo.java:shutdownLeaderElection(134)) - 9127dd83-037b-4d39-812f-66db56af525a: shutdown LeaderElection
2019-10-30 05:53:05,042 [9127dd83-037b-4d39-812f-66db56af525a@group-BCADF287A12B-LeaderElection38] INFO  impl.RoleInfo (RoleInfo.java:updateAndGet(143)) - 9127dd83-037b-4d39-812f-66db56af525a: start FollowerState
2019-10-30 05:53:05,129 [Thread-481] INFO  impl.FollowerState (FollowerState.java:run(108)) - 9127dd83-037b-4d39-812f-66db56af525a@group-BCADF287A12B-FollowerState: change to CANDIDATE, lastRpcTime:86ms, electionTimeout:86ms
2019-10-30 05:53:05,129 [Thread-481] INFO  impl.RoleInfo (RoleInfo.java:shutdownFollowerState(121)) - 9127dd83-037b-4d39-812f-66db56af525a: shutdown FollowerState
2019-10-30 05:53:05,129 [Thread-481] INFO  impl.RaftServerImpl (RaftServerImpl.java:setRole(184)) - 9127dd83-037b-4d39-812f-66db56af525a@group-BCADF287A12B: changes role from  FOLLOWER to CANDIDATE at term 42 for changeToCandidate
2019-10-30 05:53:05,129 [Thread-481] INFO  impl.RoleInfo (RoleInfo.java:updateAndGet(143)) - 9127dd83-037b-4d39-812f-66db56af525a: start LeaderElection
2019-10-30 05:53:05,144 [9127dd83-037b-4d39-812f-66db56af525a@group-BCADF287A12B-LeaderElection39] INFO  impl.LeaderElection (LeaderElection.java:askForVotes(178)) - 9127dd83-037b-4d39-812f-66db56af525a@group-BCADF287A12B-LeaderElection39: begin an election at term 43 for -1: [7fae3aed-4e76-4283-a599-f93f794625ab:192.168.34.21:41352, 58095e90-3010-492a-9083-43cf2e035c3f:192.168.34.21:45284, 9127dd83-037b-4d39-812f-66db56af525a:192.168.34.21:42063], old=null
2019-10-30 05:53:05,149 [grpc-default-executor-0] INFO  impl.RaftServerImpl (RaftServerImpl.java:setRole(184)) - 58095e90-3010-492a-9083-43cf2e035c3f@group-BCADF287A12B: changes role from  FOLLOWER to FOLLOWER at term 43 for recognizeCandidate:9127dd83-037b-4d39-812f-66db56af525a
2019-10-30 05:53:05,150 [grpc-default-executor-0] INFO  impl.RoleInfo (RoleInfo.java:shutdownFollowerState(121)) - 58095e90-3010-492a-9083-43cf2e035c3f: shutdown FollowerState
2019-10-30 05:53:05,149 [grpc-default-executor-3] INFO  impl.RaftServerImpl (RaftServerImpl.java:setRole(184)) - 7fae3aed-4e76-4283-a599-f93f794625ab@group-BCADF287A12B: changes role from  FOLLOWER to FOLLOWER at term 43 for recognizeCandidate:9127dd83-037b-4d39-812f-66db56af525a
2019-10-30 05:53:05,150 [grpc-default-executor-0] INFO  impl.RoleInfo (RoleInfo.java:updateAndGet(143)) - 58095e90-3010-492a-9083-43cf2e035c3f: start FollowerState
2019-10-30 05:53:05,150 [Thread-479] INFO  impl.FollowerState (FollowerState.java:run(117)) - 58095e90-3010-492a-9083-43cf2e035c3f@group-BCADF287A12B-FollowerState was interrupted: java.lang.InterruptedException: sleep interrupted
2019-10-30 05:53:05,150 [grpc-default-executor-3] INFO  impl.RoleInfo (RoleInfo.java:shutdownFollowerState(121)) - 7fae3aed-4e76-4283-a599-f93f794625ab: shutdown FollowerState
2019-10-30 05:53:05,150 [grpc-default-executor-3] INFO  impl.RoleInfo (RoleInfo.java:updateAndGet(143)) - 7fae3aed-4e76-4283-a599-f93f794625ab: start FollowerState
2019-10-30 05:53:05,150 [Thread-480] INFO  impl.FollowerState (FollowerState.java:run(117)) - 7fae3aed-4e76-4283-a599-f93f794625ab@group-BCADF287A12B-FollowerState was interrupted: java.lang.InterruptedException: sleep interrupted
2019-10-30 05:53:05,165 [9127dd83-037b-4d39-812f-66db56af525a@group-BCADF287A12B-LeaderElection39] INFO  impl.LeaderElection (LeaderElection.java:logAndReturn(56)) - 9127dd83-037b-4d39-812f-66db56af525a@group-BCADF287A12B-LeaderElection39: Election REJECTED; received 2 response(s) [9127dd83-037b-4d39-812f-66db56af525a<-7fae3aed-4e76-4283-a599-f93f794625ab#0:FAIL-t43, 9127dd83-037b-4d39-812f-66db56af525a<-58095e90-3010-492a-9083-43cf2e035c3f#0:FAIL-t43] and 0 exception(s); 9127dd83-037b-4d39-812f-66db56af525a@group-BCADF287A12B:t43, leader=null, voted=9127dd83-037b-4d39-812f-66db56af525a, raftlog=9127dd83-037b-4d39-812f-66db56af525a@group-BCADF287A12B-SegmentedRaftLog:OPENED:c-1,f-1,i0, conf=-1: [7fae3aed-4e76-4283-a599-f93f794625ab:192.168.34.21:41352, 58095e90-3010-492a-9083-43cf2e035c3f:192.168.34.21:45284, 9127dd83-037b-4d39-812f-66db56af525a:192.168.34.21:42063], old=null
2019-10-30 05:53:05,165 [9127dd83-037b-4d39-812f-66db56af525a@group-BCADF287A12B-LeaderElection39] INFO  impl.RaftServerImpl (RaftServerImpl.java:setRole(184)) - 9127dd83-037b-4d39-812f-66db56af525a@group-BCADF287A12B: changes role from CANDIDATE to FOLLOWER at term 43 for DISCOVERED_A_NEW_TERM
2019-10-30 05:53:05,166 [9127dd83-037b-4d39-812f-66db56af525a@group-BCADF287A12B-LeaderElection39] INFO  impl.RoleInfo (RoleInfo.java:shutdownLeaderElection(134)) - 9127dd83-037b-4d39-812f-66db56af525a: shutdown LeaderElection
2019-10-30 05:53:05,166 [9127dd83-037b-4d39-812f-66db56af525a@group-BCADF287A12B-LeaderElection39] INFO  impl.RoleInfo (RoleInfo.java:updateAndGet(143)) - 9127dd83-037b-4d39-812f-66db56af525a: start FollowerState
2019-10-30 05:53:05,237 [Thread-487] INFO  impl.FollowerState (FollowerState.java:run(108)) - 9127dd83-037b-4d39-812f-66db56af525a@group-BCADF287A12B-FollowerState: change to CANDIDATE, lastRpcTime:71ms, electionTimeout:71ms
2019-10-30 05:53:05,238 [Thread-487] INFO  impl.RoleInfo (RoleInfo.java:shutdownFollowerState(121)) - 9127dd83-037b-4d39-812f-66db56af525a: shutdown FollowerState
2019-10-30 05:53:05,238 [Thread-487] INFO  impl.RaftServerImpl (RaftServerImpl.java:setRole(184)) - 9127dd83-037b-4d39-812f-66db56af525a@group-BCADF287A12B: changes role from  FOLLOWER to CANDIDATE at term 43 for changeToCandidate
2019-10-30 05:53:05,238 [Thread-487] INFO  impl.RoleInfo (RoleInfo.java:updateAndGet(143)) - 9127dd83-037b-4d39-812f-66db56af525a: start LeaderElection
2019-10-30 05:53:05,254 [9127dd83-037b-4d39-812f-66db56af525a@group-BCADF287A12B-LeaderElection40] INFO  impl.LeaderElection (LeaderElection.java:askForVotes(178)) - 9127dd83-037b-4d39-812f-66db56af525a@group-BCADF287A12B-LeaderElection40: begin an election at term 44 for -1: [7fae3aed-4e76-4283-a599-f93f794625ab:192.168.34.21:41352, 58095e90-3010-492a-9083-43cf2e035c3f:192.168.34.21:45284, 9127dd83-037b-4d39-812f-66db56af525a:192.168.34.21:42063], old=null
2019-10-30 05:53:05,256 [grpc-default-executor-0] INFO  impl.RaftServerImpl (RaftServerImpl.java:setRole(184)) - 7fae3aed-4e76-4283-a599-f93f794625ab@group-BCADF287A12B: changes role from  FOLLOWER to FOLLOWER at term 44 for recognizeCandidate:9127dd83-037b-4d39-812f-66db56af525a
2019-10-30 05:53:05,256 [grpc-default-executor-3] INFO  impl.RaftServerImpl (RaftServerImpl.java:setRole(184)) - 58095e90-3010-492a-9083-43cf2e035c3f@group-BCADF287A12B: changes role from  FOLLOWER to FOLLOWER at term 44 for recognizeCandidate:9127dd83-037b-4d39-812f-66db56af525a
2019-10-30 05:53:05,256 [grpc-default-executor-0] INFO  impl.RoleInfo (RoleInfo.java:shutdownFollowerState(121)) - 7fae3aed-4e76-4283-a599-f93f794625ab: shutdown FollowerState
2019-10-30 05:53:05,257 [grpc-default-executor-3] INFO  impl.RoleInfo (RoleInfo.java:shutdownFollowerState(121)) - 58095e90-3010-492a-9083-43cf2e035c3f: shutdown FollowerState
2019-10-30 05:53:05,257 [Thread-486] INFO  impl.FollowerState (FollowerState.java:run(117)) - 7fae3aed-4e76-4283-a599-f93f794625ab@group-BCADF287A12B-FollowerState was interrupted: java.lang.InterruptedException: sleep interrupted
2019-10-30 05:53:05,257 [Thread-485] INFO  impl.FollowerState (FollowerState.java:run(117)) - 58095e90-3010-492a-9083-43cf2e035c3f@group-BCADF287A12B-FollowerState was interrupted: java.lang.InterruptedException: sleep interrupted
2019-10-30 05:53:05,257 [grpc-default-executor-0] INFO  impl.RoleInfo (RoleInfo.java:updateAndGet(143)) - 7fae3aed-4e76-4283-a599-f93f794625ab: start FollowerState
2019-10-30 05:53:05,257 [grpc-default-executor-3] INFO  impl.RoleInfo (RoleInfo.java:updateAndGet(143)) - 58095e90-3010-492a-9083-43cf2e035c3f: start FollowerState
2019-10-30 05:53:05,271 [9127dd83-037b-4d39-812f-66db56af525a@group-BCADF287A12B-LeaderElection40] INFO  impl.LeaderElection (LeaderElection.java:logAndReturn(56)) - 9127dd83-037b-4d39-812f-66db56af525a@group-BCADF287A12B-LeaderElection40: Election REJECTED; received 2 response(s) [9127dd83-037b-4d39-812f-66db56af525a<-7fae3aed-4e76-4283-a599-f93f794625ab#0:FAIL-t44, 9127dd83-037b-4d39-812f-66db56af525a<-58095e90-3010-492a-9083-43cf2e035c3f#0:FAIL-t44] and 0 exception(s); 9127dd83-037b-4d39-812f-66db56af525a@group-BCADF287A12B:t44, leader=null, voted=9127dd83-037b-4d39-812f-66db56af525a, raftlog=9127dd83-037b-4d39-812f-66db56af525a@group-BCADF287A12B-SegmentedRaftLog:OPENED:c-1,f-1,i0, conf=-1: [7fae3aed-4e76-4283-a599-f93f794625ab:192.168.34.21:41352, 58095e90-3010-492a-9083-43cf2e035c3f:192.168.34.21:45284, 9127dd83-037b-4d39-812f-66db56af525a:192.168.34.21:42063], old=null
2019-10-30 05:53:05,271 [9127dd83-037b-4d39-812f-66db56af525a@group-BCADF287A12B-LeaderElection40] INFO  impl.RaftServerImpl (RaftServerImpl.java:setRole(184)) - 9127dd83-037b-4d39-812f-66db56af525a@group-BCADF287A12B: changes role from CANDIDATE to FOLLOWER at term 44 for DISCOVERED_A_NEW_TERM
2019-10-30 05:53:05,271 [9127dd83-037b-4d39-812f-66db56af525a@group-BCADF287A12B-LeaderElection40] INFO  impl.RoleInfo (RoleInfo.java:shutdownLeaderElection(134)) - 9127dd83-037b-4d39-812f-66db56af525a: shutdown LeaderElection
2019-10-30 05:53:05,272 [9127dd83-037b-4d39-812f-66db56af525a@group-BCADF287A12B-LeaderElection40] INFO  impl.RoleInfo (RoleInfo.java:updateAndGet(143)) - 9127dd83-037b-4d39-812f-66db56af525a: start FollowerState
2019-10-30 05:53:05,314 [Thread-493] INFO  impl.FollowerState (FollowerState.java:run(108)) - 9127dd83-037b-4d39-812f-66db56af525a@group-BCADF287A12B-FollowerState: change to CANDIDATE, lastRpcTime:42ms, electionTimeout:42ms
2019-10-30 05:53:05,314 [Thread-493] INFO  impl.RoleInfo (RoleInfo.java:shutdownFollowerState(121)) - 9127dd83-037b-4d39-812f-66db56af525a: shutdown FollowerState
2019-10-30 05:53:05,314 [Thread-493] INFO  impl.RaftServerImpl (RaftServerImpl.java:setRole(184)) - 9127dd83-037b-4d39-812f-66db56af525a@group-BCADF287A12B: changes role from  FOLLOWER to CANDIDATE at term 44 for changeToCandidate
2019-10-30 05:53:05,314 [Thread-493] INFO  impl.RoleInfo (RoleInfo.java:updateAndGet(143)) - 9127dd83-037b-4d39-812f-66db56af525a: start LeaderElection
2019-10-30 05:53:05,327 [9127dd83-037b-4d39-812f-66db56af525a@group-BCADF287A12B-LeaderElection41] INFO  impl.LeaderElection (LeaderElection.java:askForVotes(178)) - 9127dd83-037b-4d39-812f-66db56af525a@group-BCADF287A12B-LeaderElection41: begin an election at term 45 for -1: [7fae3aed-4e76-4283-a599-f93f794625ab:192.168.34.21:41352, 58095e90-3010-492a-9083-43cf2e035c3f:192.168.34.21:45284, 9127dd83-037b-4d39-812f-66db56af525a:192.168.34.21:42063], old=null
2019-10-30 05:53:05,332 [grpc-default-executor-0] INFO  impl.RaftServerImpl (RaftServerImpl.java:setRole(184)) - 7fae3aed-4e76-4283-a599-f93f794625ab@group-BCADF287A12B: changes role from  FOLLOWER to FOLLOWER at term 45 for recognizeCandidate:9127dd83-037b-4d39-812f-66db56af525a
2019-10-30 05:53:05,332 [grpc-default-executor-3] INFO  impl.RaftServerImpl (RaftServerImpl.java:setRole(184)) - 58095e90-3010-492a-9083-43cf2e035c3f@group-BCADF287A12B: changes role from  FOLLOWER to FOLLOWER at term 45 for recognizeCandidate:9127dd83-037b-4d39-812f-66db56af525a
2019-10-30 05:53:05,332 [grpc-default-executor-0] INFO  impl.RoleInfo (RoleInfo.java:shutdownFollowerState(121)) - 7fae3aed-4e76-4283-a599-f93f794625ab: shutdown FollowerState
2019-10-30 05:53:05,332 [grpc-default-executor-3] INFO  impl.RoleInfo (RoleInfo.java:shutdownFollowerState(121)) - 58095e90-3010-492a-9083-43cf2e035c3f: shutdown FollowerState
2019-10-30 05:53:05,332 [Thread-491] INFO  impl.FollowerState (FollowerState.java:run(117)) - 7fae3aed-4e76-4283-a599-f93f794625ab@group-BCADF287A12B-FollowerState was interrupted: java.lang.InterruptedException: sleep interrupted
2019-10-30 05:53:05,332 [grpc-default-executor-0] INFO  impl.RoleInfo (RoleInfo.java:updateAndGet(143)) - 7fae3aed-4e76-4283-a599-f93f794625ab: start FollowerState
2019-10-30 05:53:05,333 [Thread-492] INFO  impl.FollowerState (FollowerState.java:run(117)) - 58095e90-3010-492a-9083-43cf2e035c3f@group-BCADF287A12B-FollowerState was interrupted: java.lang.InterruptedException: sleep interrupted
2019-10-30 05:53:05,333 [grpc-default-executor-3] INFO  impl.RoleInfo (RoleInfo.java:updateAndGet(143)) - 58095e90-3010-492a-9083-43cf2e035c3f: start FollowerState
2019-10-30 05:53:05,348 [9127dd83-037b-4d39-812f-66db56af525a@group-BCADF287A12B-LeaderElection41] INFO  impl.LeaderElection (LeaderElection.java:logAndReturn(56)) - 9127dd83-037b-4d39-812f-66db56af525a@group-BCADF287A12B-LeaderElection41: Election REJECTED; received 2 response(s) [9127dd83-037b-4d39-812f-66db56af525a<-7fae3aed-4e76-4283-a599-f93f794625ab#0:FAIL-t45, 9127dd83-037b-4d39-812f-66db56af525a<-58095e90-3010-492a-9083-43cf2e035c3f#0:FAIL-t45] and 0 exception(s); 9127dd83-037b-4d39-812f-66db56af525a@group-BCADF287A12B:t45, leader=null, voted=9127dd83-037b-4d39-812f-66db56af525a, raftlog=9127dd83-037b-4d39-812f-66db56af525a@group-BCADF287A12B-SegmentedRaftLog:OPENED:c-1,f-1,i0, conf=-1: [7fae3aed-4e76-4283-a599-f93f794625ab:192.168.34.21:41352, 58095e90-3010-492a-9083-43cf2e035c3f:192.168.34.21:45284, 9127dd83-037b-4d39-812f-66db56af525a:192.168.34.21:42063], old=null
2019-10-30 05:53:05,348 [9127dd83-037b-4d39-812f-66db56af525a@group-BCADF287A12B-LeaderElection41] INFO  impl.RaftServerImpl (RaftServerImpl.java:setRole(184)) - 9127dd83-037b-4d39-812f-66db56af525a@group-BCADF287A12B: changes role from CANDIDATE to FOLLOWER at term 45 for DISCOVERED_A_NEW_TERM
2019-10-30 05:53:05,348 [9127dd83-037b-4d39-812f-66db56af525a@group-BCADF287A12B-LeaderElection41] INFO  impl.RoleInfo (RoleInfo.java:shutdownLeaderElection(134)) - 9127dd83-037b-4d39-812f-66db56af525a: shutdown LeaderElection
2019-10-30 05:53:05,354 [9127dd83-037b-4d39-812f-66db56af525a@group-BCADF287A12B-LeaderElection41] INFO  impl.RoleInfo (RoleInfo.java:updateAndGet(143)) - 9127dd83-037b-4d39-812f-66db56af525a: start FollowerState
2019-10-30 05:53:05,433 [Thread-499] INFO  impl.FollowerState (FollowerState.java:run(108)) - 9127dd83-037b-4d39-812f-66db56af525a@group-BCADF287A12B-FollowerState: change to CANDIDATE, lastRpcTime:79ms, electionTimeout:78ms
2019-10-30 05:53:05,433 [Thread-499] INFO  impl.RoleInfo (RoleInfo.java:shutdownFollowerState(121)) - 9127dd83-037b-4d39-812f-66db56af525a: shutdown FollowerState
2019-10-30 05:53:05,433 [Thread-499] INFO  impl.RaftServerImpl (RaftServerImpl.java:setRole(184)) - 9127dd83-037b-4d39-812f-66db56af525a@group-BCADF287A12B: changes role from  FOLLOWER to CANDIDATE at term 45 for changeToCandidate
2019-10-30 05:53:05,433 [Thread-499] INFO  impl.RoleInfo (RoleInfo.java:updateAndGet(143)) - 9127dd83-037b-4d39-812f-66db56af525a: start LeaderElection
2019-10-30 05:53:05,448 [9127dd83-037b-4d39-812f-66db56af525a@group-BCADF287A12B-LeaderElection42] INFO  impl.LeaderElection (LeaderElection.java:askForVotes(178)) - 9127dd83-037b-4d39-812f-66db56af525a@group-BCADF287A12B-LeaderElection42: begin an election at term 46 for -1: [7fae3aed-4e76-4283-a599-f93f794625ab:192.168.34.21:41352, 58095e90-3010-492a-9083-43cf2e035c3f:192.168.34.21:45284, 9127dd83-037b-4d39-812f-66db56af525a:192.168.34.21:42063], old=null
2019-10-30 05:53:05,453 [grpc-default-executor-3] INFO  impl.RaftServerImpl (RaftServerImpl.java:setRole(184)) - 58095e90-3010-492a-9083-43cf2e035c3f@group-BCADF287A12B: changes role from  FOLLOWER to FOLLOWER at term 46 for recognizeCandidate:9127dd83-037b-4d39-812f-66db56af525a
2019-10-30 05:53:05,453 [grpc-default-executor-0] INFO  impl.RaftServerImpl (RaftServerImpl.java:setRole(184)) - 7fae3aed-4e76-4283-a599-f93f794625ab@group-BCADF287A12B: changes role from  FOLLOWER to FOLLOWER at term 46 for recognizeCandidate:9127dd83-037b-4d39-812f-66db56af525a
2019-10-30 05:53:05,453 [grpc-default-executor-3] INFO  impl.RoleInfo (RoleInfo.java:shutdownFollowerState(121)) - 58095e90-3010-492a-9083-43cf2e035c3f: shutdown FollowerState
2019-10-30 05:53:05,453 [grpc-default-executor-0] INFO  impl.RoleInfo (RoleInfo.java:shutdownFollowerState(121)) - 7fae3aed-4e76-4283-a599-f93f794625ab: shutdown FollowerState
2019-10-30 05:53:05,454 [grpc-default-executor-3] INFO  impl.RoleInfo (RoleInfo.java:updateAndGet(143)) - 58095e90-3010-492a-9083-43cf2e035c3f: start FollowerState
2019-10-30 05:53:05,454 [Thread-498] INFO  impl.FollowerState (FollowerState.java:run(117)) - 58095e90-3010-492a-9083-43cf2e035c3f@group-BCADF287A12B-FollowerState was interrupted: java.lang.InterruptedException: sleep interrupted
2019-10-30 05:53:05,454 [Thread-497] INFO  impl.FollowerState (FollowerState.java:run(117)) - 7fae3aed-4e76-4283-a599-f93f794625ab@group-BCADF287A12B-FollowerState was interrupted: java.lang.InterruptedException: sleep interrupted
2019-10-30 05:53:05,454 [grpc-default-executor-0] INFO  impl.RoleInfo (RoleInfo.java:updateAndGet(143)) - 7fae3aed-4e76-4283-a599-f93f794625ab: start FollowerState
2019-10-30 05:53:05,469 [9127dd83-037b-4d39-812f-66db56af525a@group-BCADF287A12B-LeaderElection42] INFO  impl.LeaderElection (LeaderElection.java:logAndReturn(56)) - 9127dd83-037b-4d39-812f-66db56af525a@group-BCADF287A12B-LeaderElection42: Election REJECTED; received 2 response(s) [9127dd83-037b-4d39-812f-66db56af525a<-7fae3aed-4e76-4283-a599-f93f794625ab#0:FAIL-t46, 9127dd83-037b-4d39-812f-66db56af525a<-58095e90-3010-492a-9083-43cf2e035c3f#0:FAIL-t46] and 0 exception(s); 9127dd83-037b-4d39-812f-66db56af525a@group-BCADF287A12B:t46, leader=null, voted=9127dd83-037b-4d39-812f-66db56af525a, raftlog=9127dd83-037b-4d39-812f-66db56af525a@group-BCADF287A12B-SegmentedRaftLog:OPENED:c-1,f-1,i0, conf=-1: [7fae3aed-4e76-4283-a599-f93f794625ab:192.168.34.21:41352, 58095e90-3010-492a-9083-43cf2e035c3f:192.168.34.21:45284, 9127dd83-037b-4d39-812f-66db56af525a:192.168.34.21:42063], old=null
2019-10-30 05:53:05,469 [9127dd83-037b-4d39-812f-66db56af525a@group-BCADF287A12B-LeaderElection42] INFO  impl.RaftServerImpl (RaftServerImpl.java:setRole(184)) - 9127dd83-037b-4d39-812f-66db56af525a@group-BCADF287A12B: changes role from CANDIDATE to FOLLOWER at term 46 for DISCOVERED_A_NEW_TERM
2019-10-30 05:53:05,469 [9127dd83-037b-4d39-812f-66db56af525a@group-BCADF287A12B-LeaderElection42] INFO  impl.RoleInfo (RoleInfo.java:shutdownLeaderElection(134)) - 9127dd83-037b-4d39-812f-66db56af525a: shutdown LeaderElection
2019-10-30 05:53:05,470 [9127dd83-037b-4d39-812f-66db56af525a@group-BCADF287A12B-LeaderElection42] INFO  impl.RoleInfo (RoleInfo.java:updateAndGet(143)) - 9127dd83-037b-4d39-812f-66db56af525a: start FollowerState
2019-10-30 05:53:05,649 [Thread-505] INFO  impl.FollowerState (FollowerState.java:run(108)) - 9127dd83-037b-4d39-812f-66db56af525a@group-BCADF287A12B-FollowerState: change to CANDIDATE, lastRpcTime:179ms, electionTimeout:179ms
2019-10-30 05:53:05,649 [Thread-505] INFO  impl.RoleInfo (RoleInfo.java:shutdownFollowerState(121)) - 9127dd83-037b-4d39-812f-66db56af525a: shutdown FollowerState
2019-10-30 05:53:05,649 [Thread-505] INFO  impl.RaftServerImpl (RaftServerImpl.java:setRole(184)) - 9127dd83-037b-4d39-812f-66db56af525a@group-BCADF287A12B: changes role from  FOLLOWER to CANDIDATE at term 46 for changeToCandidate
2019-10-30 05:53:05,650 [Thread-505] INFO  impl.RoleInfo (RoleInfo.java:updateAndGet(143)) - 9127dd83-037b-4d39-812f-66db56af525a: start LeaderElection
2019-10-30 05:53:05,784 [9127dd83-037b-4d39-812f-66db56af525a@group-BCADF287A12B-LeaderElection43] INFO  impl.LeaderElection (LeaderElection.java:askForVotes(178)) - 9127dd83-037b-4d39-812f-66db56af525a@group-BCADF287A12B-LeaderElection43: begin an election at term 47 for -1: [7fae3aed-4e76-4283-a599-f93f794625ab:192.168.34.21:41352, 58095e90-3010-492a-9083-43cf2e035c3f:192.168.34.21:45284, 9127dd83-037b-4d39-812f-66db56af525a:192.168.34.21:42063], old=null
2019-10-30 05:53:05,787 [grpc-default-executor-0] INFO  impl.RaftServerImpl (RaftServerImpl.java:setRole(184)) - 7fae3aed-4e76-4283-a599-f93f794625ab@group-BCADF287A12B: changes role from  FOLLOWER to FOLLOWER at term 47 for recognizeCandidate:9127dd83-037b-4d39-812f-66db56af525a
2019-10-30 05:53:05,787 [grpc-default-executor-3] INFO  impl.RaftServerImpl (RaftServerImpl.java:setRole(184)) - 58095e90-3010-492a-9083-43cf2e035c3f@group-BCADF287A12B: changes role from  FOLLOWER to FOLLOWER at term 47 for recognizeCandidate:9127dd83-037b-4d39-812f-66db56af525a
2019-10-30 05:53:05,787 [grpc-default-executor-0] INFO  impl.RoleInfo (RoleInfo.java:shutdownFollowerState(121)) - 7fae3aed-4e76-4283-a599-f93f794625ab: shutdown FollowerState
2019-10-30 05:53:05,788 [grpc-default-executor-3] INFO  impl.RoleInfo (RoleInfo.java:shutdownFollowerState(121)) - 58095e90-3010-492a-9083-43cf2e035c3f: shutdown FollowerState
2019-10-30 05:53:05,788 [Thread-504] INFO  impl.FollowerState (FollowerState.java:run(117)) - 7fae3aed-4e76-4283-a599-f93f794625ab@group-BCADF287A12B-FollowerState was interrupted: java.lang.InterruptedException: sleep interrupted
2019-10-30 05:53:05,788 [grpc-default-executor-0] INFO  impl.RoleInfo (RoleInfo.java:updateAndGet(143)) - 7fae3aed-4e76-4283-a599-f93f794625ab: start FollowerState
2019-10-30 05:53:05,788 [grpc-default-executor-3] INFO  impl.RoleInfo (RoleInfo.java:updateAndGet(143)) - 58095e90-3010-492a-9083-43cf2e035c3f: start FollowerState
2019-10-30 05:53:05,788 [Thread-503] INFO  impl.FollowerState (FollowerState.java:run(117)) - 58095e90-3010-492a-9083-43cf2e035c3f@group-BCADF287A12B-FollowerState was interrupted: java.lang.InterruptedException: sleep interrupted
2019-10-30 05:53:05,800 [9127dd83-037b-4d39-812f-66db56af525a@group-BCADF287A12B-LeaderElection43] INFO  impl.LeaderElection (LeaderElection.java:logAndReturn(56)) - 9127dd83-037b-4d39-812f-66db56af525a@group-BCADF287A12B-LeaderElection43: Election REJECTED; received 2 response(s) [9127dd83-037b-4d39-812f-66db56af525a<-7fae3aed-4e76-4283-a599-f93f794625ab#0:FAIL-t47, 9127dd83-037b-4d39-812f-66db56af525a<-58095e90-3010-492a-9083-43cf2e035c3f#0:FAIL-t47] and 0 exception(s); 9127dd83-037b-4d39-812f-66db56af525a@group-BCADF287A12B:t47, leader=null, voted=9127dd83-037b-4d39-812f-66db56af525a, raftlog=9127dd83-037b-4d39-812f-66db56af525a@group-BCADF287A12B-SegmentedRaftLog:OPENED:c-1,f-1,i0, conf=-1: [7fae3aed-4e76-4283-a599-f93f794625ab:192.168.34.21:41352, 58095e90-3010-492a-9083-43cf2e035c3f:192.168.34.21:45284, 9127dd83-037b-4d39-812f-66db56af525a:192.168.34.21:42063], old=null
2019-10-30 05:53:05,800 [9127dd83-037b-4d39-812f-66db56af525a@group-BCADF287A12B-LeaderElection43] INFO  impl.RaftServerImpl (RaftServerImpl.java:setRole(184)) - 9127dd83-037b-4d39-812f-66db56af525a@group-BCADF287A12B: changes role from CANDIDATE to FOLLOWER at term 47 for DISCOVERED_A_NEW_TERM
2019-10-30 05:53:05,800 [9127dd83-037b-4d39-812f-66db56af525a@group-BCADF287A12B-LeaderElection43] INFO  impl.RoleInfo (RoleInfo.java:shutdownLeaderElection(134)) - 9127dd83-037b-4d39-812f-66db56af525a: shutdown LeaderElection
2019-10-30 05:53:05,801 [9127dd83-037b-4d39-812f-66db56af525a@group-BCADF287A12B-LeaderElection43] INFO  impl.RoleInfo (RoleInfo.java:updateAndGet(143)) - 9127dd83-037b-4d39-812f-66db56af525a: start FollowerState
2019-10-30 05:53:05,819 [Thread-512] INFO  impl.FollowerState (FollowerState.java:run(108)) - 9127dd83-037b-4d39-812f-66db56af525a@group-BCADF287A12B-FollowerState: change to CANDIDATE, lastRpcTime:18ms, electionTimeout:18ms
2019-10-30 05:53:05,819 [Thread-512] INFO  impl.RoleInfo (RoleInfo.java:shutdownFollowerState(121)) - 9127dd83-037b-4d39-812f-66db56af525a: shutdown FollowerState
2019-10-30 05:53:05,819 [Thread-512] INFO  impl.RaftServerImpl (RaftServerImpl.java:setRole(184)) - 9127dd83-037b-4d39-812f-66db56af525a@group-BCADF287A12B: changes role from  FOLLOWER to CANDIDATE at term 47 for changeToCandidate
2019-10-30 05:53:05,820 [Thread-512] INFO  impl.RoleInfo (RoleInfo.java:updateAndGet(143)) - 9127dd83-037b-4d39-812f-66db56af525a: start LeaderElection
2019-10-30 05:53:05,838 [9127dd83-037b-4d39-812f-66db56af525a@group-BCADF287A12B-LeaderElection44] INFO  impl.LeaderElection (LeaderElection.java:askForVotes(178)) - 9127dd83-037b-4d39-812f-66db56af525a@group-BCADF287A12B-LeaderElection44: begin an election at term 48 for -1: [7fae3aed-4e76-4283-a599-f93f794625ab:192.168.34.21:41352, 58095e90-3010-492a-9083-43cf2e035c3f:192.168.34.21:45284, 9127dd83-037b-4d39-812f-66db56af525a:192.168.34.21:42063], old=null
2019-10-30 05:53:05,841 [grpc-default-executor-3] INFO  impl.RaftServerImpl (RaftServerImpl.java:setRole(184)) - 7fae3aed-4e76-4283-a599-f93f794625ab@group-BCADF287A12B: changes role from  FOLLOWER to FOLLOWER at term 48 for recognizeCandidate:9127dd83-037b-4d39-812f-66db56af525a
2019-10-30 05:53:05,841 [grpc-default-executor-3] INFO  impl.RoleInfo (RoleInfo.java:shutdownFollowerState(121)) - 7fae3aed-4e76-4283-a599-f93f794625ab: shutdown FollowerState
2019-10-30 05:53:05,842 [grpc-default-executor-2] INFO  impl.RaftServerImpl (RaftServerImpl.java:setRole(184)) - 58095e90-3010-492a-9083-43cf2e035c3f@group-BCADF287A12B: changes role from  FOLLOWER to FOLLOWER at term 48 for recognizeCandidate:9127dd83-037b-4d39-812f-66db56af525a
2019-10-30 05:53:05,842 [Thread-509] INFO  impl.FollowerState (FollowerState.java:run(117)) - 7fae3aed-4e76-4283-a599-f93f794625ab@group-BCADF287A12B-FollowerState was interrupted: java.lang.InterruptedException: sleep interrupted
2019-10-30 05:53:05,842 [grpc-default-executor-3] INFO  impl.RoleInfo (RoleInfo.java:updateAndGet(143)) - 7fae3aed-4e76-4283-a599-f93f794625ab: start FollowerState
2019-10-30 05:53:05,842 [grpc-default-executor-2] INFO  impl.RoleInfo (RoleInfo.java:shutdownFollowerState(121)) - 58095e90-3010-492a-9083-43cf2e035c3f: shutdown FollowerState
2019-10-30 05:53:05,842 [grpc-default-executor-2] INFO  impl.RoleInfo (RoleInfo.java:updateAndGet(143)) - 58095e90-3010-492a-9083-43cf2e035c3f: start FollowerState
2019-10-30 05:53:05,842 [Thread-510] INFO  impl.FollowerState (FollowerState.java:run(117)) - 58095e90-3010-492a-9083-43cf2e035c3f@group-BCADF287A12B-FollowerState was interrupted: java.lang.InterruptedException: sleep interrupted
2019-10-30 05:53:05,850 [9127dd83-037b-4d39-812f-66db56af525a@group-BCADF287A12B-LeaderElection44] INFO  impl.LeaderElection (LeaderElection.java:logAndReturn(56)) - 9127dd83-037b-4d39-812f-66db56af525a@group-BCADF287A12B-LeaderElection44: Election REJECTED; received 2 response(s) [9127dd83-037b-4d39-812f-66db56af525a<-7fae3aed-4e76-4283-a599-f93f794625ab#0:FAIL-t48, 9127dd83-037b-4d39-812f-66db56af525a<-58095e90-3010-492a-9083-43cf2e035c3f#0:FAIL-t48] and 0 exception(s); 9127dd83-037b-4d39-812f-66db56af525a@group-BCADF287A12B:t48, leader=null, voted=9127dd83-037b-4d39-812f-66db56af525a, raftlog=9127dd83-037b-4d39-812f-66db56af525a@group-BCADF287A12B-SegmentedRaftLog:OPENED:c-1,f-1,i0, conf=-1: [7fae3aed-4e76-4283-a599-f93f794625ab:192.168.34.21:41352, 58095e90-3010-492a-9083-43cf2e035c3f:192.168.34.21:45284, 9127dd83-037b-4d39-812f-66db56af525a:192.168.34.21:42063], old=null
2019-10-30 05:53:05,850 [9127dd83-037b-4d39-812f-66db56af525a@group-BCADF287A12B-LeaderElection44] INFO  impl.RaftServerImpl (RaftServerImpl.java:setRole(184)) - 9127dd83-037b-4d39-812f-66db56af525a@group-BCADF287A12B: changes role from CANDIDATE to FOLLOWER at term 48 for DISCOVERED_A_NEW_TERM
2019-10-30 05:53:05,850 [9127dd83-037b-4d39-812f-66db56af525a@group-BCADF287A12B-LeaderElection44] INFO  impl.RoleInfo (RoleInfo.java:shutdownLeaderElection(134)) - 9127dd83-037b-4d39-812f-66db56af525a: shutdown LeaderElection
2019-10-30 05:53:05,850 [9127dd83-037b-4d39-812f-66db56af525a@group-BCADF287A12B-LeaderElection44] INFO  impl.RoleInfo (RoleInfo.java:updateAndGet(143)) - 9127dd83-037b-4d39-812f-66db56af525a: start FollowerState
2019-10-30 05:53:06,004 [Thread-519] INFO  impl.FollowerState (FollowerState.java:run(108)) - 9127dd83-037b-4d39-812f-66db56af525a@group-BCADF287A12B-FollowerState: change to CANDIDATE, lastRpcTime:154ms, electionTimeout:154ms
2019-10-30 05:53:06,005 [Thread-519] INFO  impl.RoleInfo (RoleInfo.java:shutdownFollowerState(121)) - 9127dd83-037b-4d39-812f-66db56af525a: shutdown FollowerState
2019-10-30 05:53:06,005 [Thread-519] INFO  impl.RaftServerImpl (RaftServerImpl.java:setRole(184)) - 9127dd83-037b-4d39-812f-66db56af525a@group-BCADF287A12B: changes role from  FOLLOWER to CANDIDATE at term 48 for changeToCandidate
2019-10-30 05:53:06,005 [Thread-519] INFO  impl.RoleInfo (RoleInfo.java:updateAndGet(143)) - 9127dd83-037b-4d39-812f-66db56af525a: start LeaderElection
2019-10-30 05:53:06,017 [9127dd83-037b-4d39-812f-66db56af525a@group-BCADF287A12B-LeaderElection45] INFO  impl.LeaderElection (LeaderElection.java:askForVotes(178)) - 9127dd83-037b-4d39-812f-66db56af525a@group-BCADF287A12B-LeaderElection45: begin an election at term 49 for -1: [7fae3aed-4e76-4283-a599-f93f794625ab:192.168.34.21:41352, 58095e90-3010-492a-9083-43cf2e035c3f:192.168.34.21:45284, 9127dd83-037b-4d39-812f-66db56af525a:192.168.34.21:42063], old=null
2019-10-30 05:53:06,020 [grpc-default-executor-2] INFO  impl.RaftServerImpl (RaftServerImpl.java:setRole(184)) - 7fae3aed-4e76-4283-a599-f93f794625ab@group-BCADF287A12B: changes role from  FOLLOWER to FOLLOWER at term 49 for recognizeCandidate:9127dd83-037b-4d39-812f-66db56af525a
2019-10-30 05:53:06,020 [grpc-default-executor-3] INFO  impl.RaftServerImpl (RaftServerImpl.java:setRole(184)) - 58095e90-3010-492a-9083-43cf2e035c3f@group-BCADF287A12B: changes role from  FOLLOWER to FOLLOWER at term 49 for recognizeCandidate:9127dd83-037b-4d39-812f-66db56af525a
2019-10-30 05:53:06,020 [grpc-default-executor-2] INFO  impl.RoleInfo (RoleInfo.java:shutdownFollowerState(121)) - 7fae3aed-4e76-4283-a599-f93f794625ab: shutdown FollowerState
2019-10-30 05:53:06,020 [grpc-default-executor-3] INFO  impl.RoleInfo (RoleInfo.java:shutdownFollowerState(121)) - 58095e90-3010-492a-9083-43cf2e035c3f: shutdown FollowerState
2019-10-30 05:53:06,021 [Thread-517] INFO  impl.FollowerState (FollowerState.java:run(117)) - 7fae3aed-4e76-4283-a599-f93f794625ab@group-BCADF287A12B-FollowerState was interrupted: java.lang.InterruptedException: sleep interrupted
2019-10-30 05:53:06,021 [Thread-518] INFO  impl.FollowerState (FollowerState.java:run(117)) - 58095e90-3010-492a-9083-43cf2e035c3f@group-BCADF287A12B-FollowerState was interrupted: java.lang.InterruptedException: sleep interrupted
2019-10-30 05:53:06,021 [grpc-default-executor-2] INFO  impl.RoleInfo (RoleInfo.java:updateAndGet(143)) - 7fae3aed-4e76-4283-a599-f93f794625ab: start FollowerState
2019-10-30 05:53:06,021 [grpc-default-executor-3] INFO  impl.RoleInfo (RoleInfo.java:updateAndGet(143)) - 58095e90-3010-492a-9083-43cf2e035c3f: start FollowerState
2019-10-30 05:53:06,028 [9127dd83-037b-4d39-812f-66db56af525a@group-BCADF287A12B-LeaderElection45] INFO  impl.LeaderElection (LeaderElection.java:logAndReturn(56)) - 9127dd83-037b-4d39-812f-66db56af525a@group-BCADF287A12B-LeaderElection45: Election REJECTED; received 2 response(s) [9127dd83-037b-4d39-812f-66db56af525a<-7fae3aed-4e76-4283-a599-f93f794625ab#0:FAIL-t49, 9127dd83-037b-4d39-812f-66db56af525a<-58095e90-3010-492a-9083-43cf2e035c3f#0:FAIL-t49] and 0 exception(s); 9127dd83-037b-4d39-812f-66db56af525a@group-BCADF287A12B:t49, leader=null, voted=9127dd83-037b-4d39-812f-66db56af525a, raftlog=9127dd83-037b-4d39-812f-66db56af525a@group-BCADF287A12B-SegmentedRaftLog:OPENED:c-1,f-1,i0, conf=-1: [7fae3aed-4e76-4283-a599-f93f794625ab:192.168.34.21:41352, 58095e90-3010-492a-9083-43cf2e035c3f:192.168.34.21:45284, 9127dd83-037b-4d39-812f-66db56af525a:192.168.34.21:42063], old=null
2019-10-30 05:53:06,028 [9127dd83-037b-4d39-812f-66db56af525a@group-BCADF287A12B-LeaderElection45] INFO  impl.RaftServerImpl (RaftServerImpl.java:setRole(184)) - 9127dd83-037b-4d39-812f-66db56af525a@group-BCADF287A12B: changes role from CANDIDATE to FOLLOWER at term 49 for DISCOVERED_A_NEW_TERM
2019-10-30 05:53:06,028 [9127dd83-037b-4d39-812f-66db56af525a@group-BCADF287A12B-LeaderElection45] INFO  impl.RoleInfo (RoleInfo.java:shutdownLeaderElection(134)) - 9127dd83-037b-4d39-812f-66db56af525a: shutdown LeaderElection
2019-10-30 05:53:06,029 [9127dd83-037b-4d39-812f-66db56af525a@group-BCADF287A12B-LeaderElection45] INFO  impl.RoleInfo (RoleInfo.java:updateAndGet(143)) - 9127dd83-037b-4d39-812f-66db56af525a: start FollowerState
2019-10-30 05:53:06,200 [Thread-525] INFO  impl.FollowerState (FollowerState.java:run(108)) - 9127dd83-037b-4d39-812f-66db56af525a@group-BCADF287A12B-FollowerState: change to CANDIDATE, lastRpcTime:171ms, electionTimeout:171ms
2019-10-30 05:53:06,200 [Thread-525] INFO  impl.RoleInfo (RoleInfo.java:shutdownFollowerState(121)) - 9127dd83-037b-4d39-812f-66db56af525a: shutdown FollowerState
2019-10-30 05:53:06,200 [Thread-525] INFO  impl.RaftServerImpl (RaftServerImpl.java:setRole(184)) - 9127dd83-037b-4d39-812f-66db56af525a@group-BCADF287A12B: changes role from  FOLLOWER to CANDIDATE at term 49 for changeToCandidate
2019-10-30 05:53:06,201 [Thread-525] INFO  impl.RoleInfo (RoleInfo.java:updateAndGet(143)) - 9127dd83-037b-4d39-812f-66db56af525a: start LeaderElection
2019-10-30 05:53:06,218 [9127dd83-037b-4d39-812f-66db56af525a@group-BCADF287A12B-LeaderElection46] INFO  impl.LeaderElection (LeaderElection.java:askForVotes(178)) - 9127dd83-037b-4d39-812f-66db56af525a@group-BCADF287A12B-LeaderElection46: begin an election at term 50 for -1: [7fae3aed-4e76-4283-a599-f93f794625ab:192.168.34.21:41352, 58095e90-3010-492a-9083-43cf2e035c3f:192.168.34.21:45284, 9127dd83-037b-4d39-812f-66db56af525a:192.168.34.21:42063], old=null
2019-10-30 05:53:06,221 [grpc-default-executor-3] INFO  impl.RaftServerImpl (RaftServerImpl.java:setRole(184)) - 7fae3aed-4e76-4283-a599-f93f794625ab@group-BCADF287A12B: changes role from  FOLLOWER to FOLLOWER at term 50 for recognizeCandidate:9127dd83-037b-4d39-812f-66db56af525a
2019-10-30 05:53:06,221 [grpc-default-executor-2] INFO  impl.RaftServerImpl (RaftServerImpl.java:setRole(184)) - 58095e90-3010-492a-9083-43cf2e035c3f@group-BCADF287A12B: changes role from  FOLLOWER to FOLLOWER at term 50 for recognizeCandidate:9127dd83-037b-4d39-812f-66db56af525a
2019-10-30 05:53:06,221 [grpc-default-executor-3] INFO  impl.RoleInfo (RoleInfo.java:shutdownFollowerState(121)) - 7fae3aed-4e76-4283-a599-f93f794625ab: shutdown FollowerState
2019-10-30 05:53:06,222 [grpc-default-executor-2] INFO  impl.RoleInfo (RoleInfo.java:shutdownFollowerState(121)) - 58095e90-3010-492a-9083-43cf2e035c3f: shutdown FollowerState
2019-10-30 05:53:06,222 [Thread-523] INFO  impl.FollowerState (FollowerState.java:run(117)) - 7fae3aed-4e76-4283-a599-f93f794625ab@group-BCADF287A12B-FollowerState was interrupted: java.lang.InterruptedException: sleep interrupted
2019-10-30 05:53:06,222 [grpc-default-executor-3] INFO  impl.RoleInfo (RoleInfo.java:updateAndGet(143)) - 7fae3aed-4e76-4283-a599-f93f794625ab: start FollowerState
2019-10-30 05:53:06,222 [grpc-default-executor-2] INFO  impl.RoleInfo (RoleInfo.java:updateAndGet(143)) - 58095e90-3010-492a-9083-43cf2e035c3f: start FollowerState
2019-10-30 05:53:06,222 [Thread-524] INFO  impl.FollowerState (FollowerState.java:run(117)) - 58095e90-3010-492a-9083-43cf2e035c3f@group-BCADF287A12B-FollowerState was interrupted: java.lang.InterruptedException: sleep interrupted
2019-10-30 05:53:06,233 [9127dd83-037b-4d39-812f-66db56af525a@group-BCADF287A12B-LeaderElection46] INFO  impl.LeaderElection (LeaderElection.java:logAndReturn(56)) - 9127dd83-037b-4d39-812f-66db56af525a@group-BCADF287A12B-LeaderElection46: Election REJECTED; received 2 response(s) [9127dd83-037b-4d39-812f-66db56af525a<-7fae3aed-4e76-4283-a599-f93f794625ab#0:FAIL-t50, 9127dd83-037b-4d39-812f-66db56af525a<-58095e90-3010-492a-9083-43cf2e035c3f#0:FAIL-t50] and 0 exception(s); 9127dd83-037b-4d39-812f-66db56af525a@group-BCADF287A12B:t50, leader=null, voted=9127dd83-037b-4d39-812f-66db56af525a, raftlog=9127dd83-037b-4d39-812f-66db56af525a@group-BCADF287A12B-SegmentedRaftLog:OPENED:c-1,f-1,i0, conf=-1: [7fae3aed-4e76-4283-a599-f93f794625ab:192.168.34.21:41352, 58095e90-3010-492a-9083-43cf2e035c3f:192.168.34.21:45284, 9127dd83-037b-4d39-812f-66db56af525a:192.168.34.21:42063], old=null
2019-10-30 05:53:06,233 [9127dd83-037b-4d39-812f-66db56af525a@group-BCADF287A12B-LeaderElection46] INFO  impl.RaftServerImpl (RaftServerImpl.java:setRole(184)) - 9127dd83-037b-4d39-812f-66db56af525a@group-BCADF287A12B: changes role from CANDIDATE to FOLLOWER at term 50 for DISCOVERED_A_NEW_TERM
2019-10-30 05:53:06,233 [9127dd83-037b-4d39-812f-66db56af525a@group-BCADF287A12B-LeaderElection46] INFO  impl.RoleInfo (RoleInfo.java:shutdownLeaderElection(134)) - 9127dd83-037b-4d39-812f-66db56af525a: shutdown LeaderElection
2019-10-30 05:53:06,233 [9127dd83-037b-4d39-812f-66db56af525a@group-BCADF287A12B-LeaderElection46] INFO  impl.RoleInfo (RoleInfo.java:updateAndGet(143)) - 9127dd83-037b-4d39-812f-66db56af525a: start FollowerState
2019-10-30 05:53:06,250 [Thread-531] INFO  impl.FollowerState (FollowerState.java:run(108)) - 9127dd83-037b-4d39-812f-66db56af525a@group-BCADF287A12B-FollowerState: change to CANDIDATE, lastRpcTime:16ms, electionTimeout:16ms
2019-10-30 05:53:06,250 [Thread-531] INFO  impl.RoleInfo (RoleInfo.java:shutdownFollowerState(121)) - 9127dd83-037b-4d39-812f-66db56af525a: shutdown FollowerState
2019-10-30 05:53:06,250 [Thread-531] INFO  impl.RaftServerImpl (RaftServerImpl.java:setRole(184)) - 9127dd83-037b-4d39-812f-66db56af525a@group-BCADF287A12B: changes role from  FOLLOWER to CANDIDATE at term 50 for changeToCandidate
2019-10-30 05:53:06,250 [Thread-531] INFO  impl.RoleInfo (RoleInfo.java:updateAndGet(143)) - 9127dd83-037b-4d39-812f-66db56af525a: start LeaderElection
2019-10-30 05:53:06,257 [9127dd83-037b-4d39-812f-66db56af525a@group-BCADF287A12B-LeaderElection47] INFO  impl.LeaderElection (LeaderElection.java:askForVotes(178)) - 9127dd83-037b-4d39-812f-66db56af525a@group-BCADF287A12B-LeaderElection47: begin an election at term 51 for -1: [7fae3aed-4e76-4283-a599-f93f794625ab:192.168.34.21:41352, 58095e90-3010-492a-9083-43cf2e035c3f:192.168.34.21:45284, 9127dd83-037b-4d39-812f-66db56af525a:192.168.34.21:42063], old=null
2019-10-30 05:53:06,259 [grpc-default-executor-3] INFO  impl.RaftServerImpl (RaftServerImpl.java:setRole(184)) - 58095e90-3010-492a-9083-43cf2e035c3f@group-BCADF287A12B: changes role from  FOLLOWER to FOLLOWER at term 51 for recognizeCandidate:9127dd83-037b-4d39-812f-66db56af525a
2019-10-30 05:53:06,259 [grpc-default-executor-3] INFO  impl.RoleInfo (RoleInfo.java:shutdownFollowerState(121)) - 58095e90-3010-492a-9083-43cf2e035c3f: shutdown FollowerState
2019-10-30 05:53:06,259 [grpc-default-executor-2] INFO  impl.RaftServerImpl (RaftServerImpl.java:setRole(184)) - 7fae3aed-4e76-4283-a599-f93f794625ab@group-BCADF287A12B: changes role from  FOLLOWER to FOLLOWER at term 51 for recognizeCandidate:9127dd83-037b-4d39-812f-66db56af525a
2019-10-30 05:53:06,260 [Thread-530] INFO  impl.FollowerState (FollowerState.java:run(117)) - 58095e90-3010-492a-9083-43cf2e035c3f@group-BCADF287A12B-FollowerState was interrupted: java.lang.InterruptedException: sleep interrupted
2019-10-30 05:53:06,260 [grpc-default-executor-3] INFO  impl.RoleInfo (RoleInfo.java:updateAndGet(143)) - 58095e90-3010-492a-9083-43cf2e035c3f: start FollowerState
2019-10-30 05:53:06,260 [grpc-default-executor-2] INFO  impl.RoleInfo (RoleInfo.java:shutdownFollowerState(121)) - 7fae3aed-4e76-4283-a599-f93f794625ab: shutdown FollowerState
2019-10-30 05:53:06,260 [grpc-default-executor-2] INFO  impl.RoleInfo (RoleInfo.java:updateAndGet(143)) - 7fae3aed-4e76-4283-a599-f93f794625ab: start FollowerState
2019-10-30 05:53:06,260 [Thread-529] INFO  impl.FollowerState (FollowerState.java:run(117)) - 7fae3aed-4e76-4283-a599-f93f794625ab@group-BCADF287A12B-FollowerState was interrupted: java.lang.InterruptedException: sleep interrupted
2019-10-30 05:53:06,281 [9127dd83-037b-4d39-812f-66db56af525a@group-BCADF287A12B-LeaderElection47] INFO  impl.LeaderElection (LeaderElection.java:logAndReturn(56)) - 9127dd83-037b-4d39-812f-66db56af525a@group-BCADF287A12B-LeaderElection47: Election REJECTED; received 2 response(s) [9127dd83-037b-4d39-812f-66db56af525a<-7fae3aed-4e76-4283-a599-f93f794625ab#0:FAIL-t51, 9127dd83-037b-4d39-812f-66db56af525a<-58095e90-3010-492a-9083-43cf2e035c3f#0:FAIL-t51] and 0 exception(s); 9127dd83-037b-4d39-812f-66db56af525a@group-BCADF287A12B:t51, leader=null, voted=9127dd83-037b-4d39-812f-66db56af525a, raftlog=9127dd83-037b-4d39-812f-66db56af525a@group-BCADF287A12B-SegmentedRaftLog:OPENED:c-1,f-1,i0, conf=-1: [7fae3aed-4e76-4283-a599-f93f794625ab:192.168.34.21:41352, 58095e90-3010-492a-9083-43cf2e035c3f:192.168.34.21:45284, 9127dd83-037b-4d39-812f-66db56af525a:192.168.34.21:42063], old=null
2019-10-30 05:53:06,281 [9127dd83-037b-4d39-812f-66db56af525a@group-BCADF287A12B-LeaderElection47] INFO  impl.RaftServerImpl (RaftServerImpl.java:setRole(184)) - 9127dd83-037b-4d39-812f-66db56af525a@group-BCADF287A12B: changes role from CANDIDATE to FOLLOWER at term 51 for DISCOVERED_A_NEW_TERM
2019-10-30 05:53:06,281 [9127dd83-037b-4d39-812f-66db56af525a@group-BCADF287A12B-LeaderElection47] INFO  impl.RoleInfo (RoleInfo.java:shutdownLeaderElection(134)) - 9127dd83-037b-4d39-812f-66db56af525a: shutdown LeaderElection
2019-10-30 05:53:06,281 [9127dd83-037b-4d39-812f-66db56af525a@group-BCADF287A12B-LeaderElection47] INFO  impl.RoleInfo (RoleInfo.java:updateAndGet(143)) - 9127dd83-037b-4d39-812f-66db56af525a: start FollowerState
2019-10-30 05:53:06,425 [Thread-537] INFO  impl.FollowerState (FollowerState.java:run(108)) - 9127dd83-037b-4d39-812f-66db56af525a@group-BCADF287A12B-FollowerState: change to CANDIDATE, lastRpcTime:143ms, electionTimeout:143ms
2019-10-30 05:53:06,425 [Thread-537] INFO  impl.RoleInfo (RoleInfo.java:shutdownFollowerState(121)) - 9127dd83-037b-4d39-812f-66db56af525a: shutdown FollowerState
2019-10-30 05:53:06,425 [Thread-537] INFO  impl.RaftServerImpl (RaftServerImpl.java:setRole(184)) - 9127dd83-037b-4d39-812f-66db56af525a@group-BCADF287A12B: changes role from  FOLLOWER to CANDIDATE at term 51 for changeToCandidate
2019-10-30 05:53:06,425 [Thread-537] INFO  impl.RoleInfo (RoleInfo.java:updateAndGet(143)) - 9127dd83-037b-4d39-812f-66db56af525a: start LeaderElection
2019-10-30 05:53:06,439 [9127dd83-037b-4d39-812f-66db56af525a@group-BCADF287A12B-LeaderElection48] INFO  impl.LeaderElection (LeaderElection.java:askForVotes(178)) - 9127dd83-037b-4d39-812f-66db56af525a@group-BCADF287A12B-LeaderElection48: begin an election at term 52 for -1: [7fae3aed-4e76-4283-a599-f93f794625ab:192.168.34.21:41352, 58095e90-3010-492a-9083-43cf2e035c3f:192.168.34.21:45284, 9127dd83-037b-4d39-812f-66db56af525a:192.168.34.21:42063], old=null
2019-10-30 05:53:06,443 [grpc-default-executor-2] INFO  impl.RaftServerImpl (RaftServerImpl.java:setRole(184)) - 7fae3aed-4e76-4283-a599-f93f794625ab@group-BCADF287A12B: changes role from  FOLLOWER to FOLLOWER at term 52 for recognizeCandidate:9127dd83-037b-4d39-812f-66db56af525a
2019-10-30 05:53:06,443 [grpc-default-executor-3] INFO  impl.RaftServerImpl (RaftServerImpl.java:setRole(184)) - 58095e90-3010-492a-9083-43cf2e035c3f@group-BCADF287A12B: changes role from  FOLLOWER to FOLLOWER at term 52 for recognizeCandidate:9127dd83-037b-4d39-812f-66db56af525a
2019-10-30 05:53:06,444 [grpc-default-executor-2] INFO  impl.RoleInfo (RoleInfo.java:shutdownFollowerState(121)) - 7fae3aed-4e76-4283-a599-f93f794625ab: shutdown FollowerState
2019-10-30 05:53:06,444 [grpc-default-executor-3] INFO  impl.RoleInfo (RoleInfo.java:shutdownFollowerState(121)) - 58095e90-3010-492a-9083-43cf2e035c3f: shutdown FollowerState
2019-10-30 05:53:06,444 [Thread-536] INFO  impl.FollowerState (FollowerState.java:run(117)) - 7fae3aed-4e76-4283-a599-f93f794625ab@group-BCADF287A12B-FollowerState was interrupted: java.lang.InterruptedException: sleep interrupted
2019-10-30 05:53:06,444 [Thread-535] INFO  impl.FollowerState (FollowerState.java:run(117)) - 58095e90-3010-492a-9083-43cf2e035c3f@group-BCADF287A12B-FollowerState was interrupted: java.lang.InterruptedException: sleep interrupted
2019-10-30 05:53:06,444 [grpc-default-executor-2] INFO  impl.RoleInfo (RoleInfo.java:updateAndGet(143)) - 7fae3aed-4e76-4283-a599-f93f794625ab: start FollowerState
2019-10-30 05:53:06,444 [grpc-default-executor-3] INFO  impl.RoleInfo (RoleInfo.java:updateAndGet(143)) - 58095e90-3010-492a-9083-43cf2e035c3f: start FollowerState
2019-10-30 05:53:06,460 [9127dd83-037b-4d39-812f-66db56af525a@group-BCADF287A12B-LeaderElection48] INFO  impl.LeaderElection (LeaderElection.java:logAndReturn(56)) - 9127dd83-037b-4d39-812f-66db56af525a@group-BCADF287A12B-LeaderElection48: Election REJECTED; received 2 response(s) [9127dd83-037b-4d39-812f-66db56af525a<-7fae3aed-4e76-4283-a599-f93f794625ab#0:FAIL-t52, 9127dd83-037b-4d39-812f-66db56af525a<-58095e90-3010-492a-9083-43cf2e035c3f#0:FAIL-t52] and 0 exception(s); 9127dd83-037b-4d39-812f-66db56af525a@group-BCADF287A12B:t52, leader=null, voted=9127dd83-037b-4d39-812f-66db56af525a, raftlog=9127dd83-037b-4d39-812f-66db56af525a@group-BCADF287A12B-SegmentedRaftLog:OPENED:c-1,f-1,i0, conf=-1: [7fae3aed-4e76-4283-a599-f93f794625ab:192.168.34.21:41352, 58095e90-3010-492a-9083-43cf2e035c3f:192.168.34.21:45284, 9127dd83-037b-4d39-812f-66db56af525a:192.168.34.21:42063], old=null
2019-10-30 05:53:06,460 [9127dd83-037b-4d39-812f-66db56af525a@group-BCADF287A12B-LeaderElection48] INFO  impl.RaftServerImpl (RaftServerImpl.java:setRole(184)) - 9127dd83-037b-4d39-812f-66db56af525a@group-BCADF287A12B: changes role from CANDIDATE to FOLLOWER at term 52 for DISCOVERED_A_NEW_TERM
2019-10-30 05:53:06,460 [9127dd83-037b-4d39-812f-66db56af525a@group-BCADF287A12B-LeaderElection48] INFO  impl.RoleInfo (RoleInfo.java:shutdownLeaderElection(134)) - 9127dd83-037b-4d39-812f-66db56af525a: shutdown LeaderElection
2019-10-30 05:53:06,460 [9127dd83-037b-4d39-812f-66db56af525a@group-BCADF287A12B-LeaderElection48] INFO  impl.RoleInfo (RoleInfo.java:updateAndGet(143)) - 9127dd83-037b-4d39-812f-66db56af525a: start FollowerState
2019-10-30 05:53:06,555 [Thread-543] INFO  impl.FollowerState (FollowerState.java:run(108)) - 9127dd83-037b-4d39-812f-66db56af525a@group-BCADF287A12B-FollowerState: change to CANDIDATE, lastRpcTime:94ms, electionTimeout:94ms
2019-10-30 05:53:06,555 [Thread-543] INFO  impl.RoleInfo (RoleInfo.java:shutdownFollowerState(121)) - 9127dd83-037b-4d39-812f-66db56af525a: shutdown FollowerState
2019-10-30 05:53:06,555 [Thread-543] INFO  impl.RaftServerImpl (RaftServerImpl.java:setRole(184)) - 9127dd83-037b-4d39-812f-66db56af525a@group-BCADF287A12B: changes role from  FOLLOWER to CANDIDATE at term 52 for changeToCandidate
2019-10-30 05:53:06,555 [Thread-543] INFO  impl.RoleInfo (RoleInfo.java:updateAndGet(143)) - 9127dd83-037b-4d39-812f-66db56af525a: start LeaderElection
2019-10-30 05:53:06,569 [9127dd83-037b-4d39-812f-66db56af525a@group-BCADF287A12B-LeaderElection49] INFO  impl.LeaderElection (LeaderElection.java:askForVotes(178)) - 9127dd83-037b-4d39-812f-66db56af525a@group-BCADF287A12B-LeaderElection49: begin an election at term 53 for -1: [7fae3aed-4e76-4283-a599-f93f794625ab:192.168.34.21:41352, 58095e90-3010-492a-9083-43cf2e035c3f:192.168.34.21:45284, 9127dd83-037b-4d39-812f-66db56af525a:192.168.34.21:42063], old=null
2019-10-30 05:53:06,573 [grpc-default-executor-3] INFO  impl.RaftServerImpl (RaftServerImpl.java:setRole(184)) - 7fae3aed-4e76-4283-a599-f93f794625ab@group-BCADF287A12B: changes role from  FOLLOWER to FOLLOWER at term 53 for recognizeCandidate:9127dd83-037b-4d39-812f-66db56af525a
2019-10-30 05:53:06,573 [grpc-default-executor-3] INFO  impl.RoleInfo (RoleInfo.java:shutdownFollowerState(121)) - 7fae3aed-4e76-4283-a599-f93f794625ab: shutdown FollowerState
2019-10-30 05:53:06,574 [grpc-default-executor-2] INFO  impl.RaftServerImpl (RaftServerImpl.java:setRole(184)) - 58095e90-3010-492a-9083-43cf2e035c3f@group-BCADF287A12B: changes role from  FOLLOWER to FOLLOWER at term 53 for recognizeCandidate:9127dd83-037b-4d39-812f-66db56af525a
2019-10-30 05:53:06,574 [Thread-541] INFO  impl.FollowerState (FollowerState.java:run(117)) - 7fae3aed-4e76-4283-a599-f93f794625ab@group-BCADF287A12B-FollowerState was interrupted: java.lang.InterruptedException: sleep interrupted
2019-10-30 05:53:06,574 [grpc-default-executor-3] INFO  impl.RoleInfo (RoleInfo.java:updateAndGet(143)) - 7fae3aed-4e76-4283-a599-f93f794625ab: start FollowerState
2019-10-30 05:53:06,574 [grpc-default-executor-2] INFO  impl.RoleInfo (RoleInfo.java:shutdownFollowerState(121)) - 58095e90-3010-492a-9083-43cf2e035c3f: shutdown FollowerState
2019-10-30 05:53:06,575 [grpc-default-executor-2] INFO  impl.RoleInfo (RoleInfo.java:updateAndGet(143)) - 58095e90-3010-492a-9083-43cf2e035c3f: start FollowerState
2019-10-30 05:53:06,575 [Thread-542] INFO  impl.FollowerState (FollowerState.java:run(117)) - 58095e90-3010-492a-9083-43cf2e035c3f@group-BCADF287A12B-FollowerState was interrupted: java.lang.InterruptedException: sleep interrupted
2019-10-30 05:53:06,590 [9127dd83-037b-4d39-812f-66db56af525a@group-BCADF287A12B-LeaderElection49] INFO  impl.LeaderElection (LeaderElection.java:logAndReturn(56)) - 9127dd83-037b-4d39-812f-66db56af525a@group-BCADF287A12B-LeaderElection49: Election REJECTED; received 2 response(s) [9127dd83-037b-4d39-812f-66db56af525a<-7fae3aed-4e76-4283-a599-f93f794625ab#0:FAIL-t53, 9127dd83-037b-4d39-812f-66db56af525a<-58095e90-3010-492a-9083-43cf2e035c3f#0:FAIL-t53] and 0 exception(s); 9127dd83-037b-4d39-812f-66db56af525a@group-BCADF287A12B:t53, leader=null, voted=9127dd83-037b-4d39-812f-66db56af525a, raftlog=9127dd83-037b-4d39-812f-66db56af525a@group-BCADF287A12B-SegmentedRaftLog:OPENED:c-1,f-1,i0, conf=-1: [7fae3aed-4e76-4283-a599-f93f794625ab:192.168.34.21:41352, 58095e90-3010-492a-9083-43cf2e035c3f:192.168.34.21:45284, 9127dd83-037b-4d39-812f-66db56af525a:192.168.34.21:42063], old=null
2019-10-30 05:53:06,590 [9127dd83-037b-4d39-812f-66db56af525a@group-BCADF287A12B-LeaderElection49] INFO  impl.RaftServerImpl (RaftServerImpl.java:setRole(184)) - 9127dd83-037b-4d39-812f-66db56af525a@group-BCADF287A12B: changes role from CANDIDATE to FOLLOWER at term 53 for DISCOVERED_A_NEW_TERM
2019-10-30 05:53:06,590 [9127dd83-037b-4d39-812f-66db56af525a@group-BCADF287A12B-LeaderElection49] INFO  impl.RoleInfo (RoleInfo.java:shutdownLeaderElection(134)) - 9127dd83-037b-4d39-812f-66db56af525a: shutdown LeaderElection
2019-10-30 05:53:06,590 [9127dd83-037b-4d39-812f-66db56af525a@group-BCADF287A12B-LeaderElection49] INFO  impl.RoleInfo (RoleInfo.java:updateAndGet(143)) - 9127dd83-037b-4d39-812f-66db56af525a: start FollowerState
2019-10-30 05:53:06,661 [Thread-549] INFO  impl.FollowerState (FollowerState.java:run(108)) - 9127dd83-037b-4d39-812f-66db56af525a@group-BCADF287A12B-FollowerState: change to CANDIDATE, lastRpcTime:70ms, electionTimeout:70ms
2019-10-30 05:53:06,661 [Thread-549] INFO  impl.RoleInfo (RoleInfo.java:shutdownFollowerState(121)) - 9127dd83-037b-4d39-812f-66db56af525a: shutdown FollowerState
2019-10-30 05:53:06,661 [Thread-549] INFO  impl.RaftServerImpl (RaftServerImpl.java:setRole(184)) - 9127dd83-037b-4d39-812f-66db56af525a@group-BCADF287A12B: changes role from  FOLLOWER to CANDIDATE at term 53 for changeToCandidate
2019-10-30 05:53:06,661 [Thread-549] INFO  impl.RoleInfo (RoleInfo.java:updateAndGet(143)) - 9127dd83-037b-4d39-812f-66db56af525a: start LeaderElection
2019-10-30 05:53:06,675 [9127dd83-037b-4d39-812f-66db56af525a@group-BCADF287A12B-LeaderElection50] INFO  impl.LeaderElection (LeaderElection.java:askForVotes(178)) - 9127dd83-037b-4d39-812f-66db56af525a@group-BCADF287A12B-LeaderElection50: begin an election at term 54 for -1: [7fae3aed-4e76-4283-a599-f93f794625ab:192.168.34.21:41352, 58095e90-3010-492a-9083-43cf2e035c3f:192.168.34.21:45284, 9127dd83-037b-4d39-812f-66db56af525a:192.168.34.21:42063], old=null
2019-10-30 05:53:06,678 [grpc-default-executor-3] INFO  impl.RaftServerImpl (RaftServerImpl.java:setRole(184)) - 7fae3aed-4e76-4283-a599-f93f794625ab@group-BCADF287A12B: changes role from  FOLLOWER to FOLLOWER at term 54 for recognizeCandidate:9127dd83-037b-4d39-812f-66db56af525a
2019-10-30 05:53:06,678 [grpc-default-executor-3] INFO  impl.RoleInfo (RoleInfo.java:shutdownFollowerState(121)) - 7fae3aed-4e76-4283-a599-f93f794625ab: shutdown FollowerState
2019-10-30 05:53:06,679 [grpc-default-executor-3] INFO  impl.RoleInfo (RoleInfo.java:updateAndGet(143)) - 7fae3aed-4e76-4283-a599-f93f794625ab: start FollowerState
2019-10-30 05:53:06,679 [grpc-default-executor-2] INFO  impl.RaftServerImpl (RaftServerImpl.java:setRole(184)) - 58095e90-3010-492a-9083-43cf2e035c3f@group-BCADF287A12B: changes role from  FOLLOWER to FOLLOWER at term 54 for recognizeCandidate:9127dd83-037b-4d39-812f-66db56af525a
2019-10-30 05:53:06,679 [Thread-547] INFO  impl.FollowerState (FollowerState.java:run(117)) - 7fae3aed-4e76-4283-a599-f93f794625ab@group-BCADF287A12B-FollowerState was interrupted: java.lang.InterruptedException: sleep interrupted
2019-10-30 05:53:06,679 [grpc-default-executor-2] INFO  impl.RoleInfo (RoleInfo.java:shutdownFollowerState(121)) - 58095e90-3010-492a-9083-43cf2e035c3f: shutdown FollowerState
2019-10-30 05:53:06,679 [grpc-default-executor-2] INFO  impl.RoleInfo (RoleInfo.java:updateAndGet(143)) - 58095e90-3010-492a-9083-43cf2e035c3f: start FollowerState
2019-10-30 05:53:06,679 [Thread-548] INFO  impl.FollowerState (FollowerState.java:run(117)) - 58095e90-3010-492a-9083-43cf2e035c3f@group-BCADF287A12B-FollowerState was interrupted: java.lang.InterruptedException: sleep interrupted
2019-10-30 05:53:06,694 [9127dd83-037b-4d39-812f-66db56af525a@group-BCADF287A12B-LeaderElection50] INFO  impl.LeaderElection (LeaderElection.java:logAndReturn(56)) - 9127dd83-037b-4d39-812f-66db56af525a@group-BCADF287A12B-LeaderElection50: Election REJECTED; received 2 response(s) [9127dd83-037b-4d39-812f-66db56af525a<-7fae3aed-4e76-4283-a599-f93f794625ab#0:FAIL-t54, 9127dd83-037b-4d39-812f-66db56af525a<-58095e90-3010-492a-9083-43cf2e035c3f#0:FAIL-t54] and 0 exception(s); 9127dd83-037b-4d39-812f-66db56af525a@group-BCADF287A12B:t54, leader=null, voted=9127dd83-037b-4d39-812f-66db56af525a, raftlog=9127dd83-037b-4d39-812f-66db56af525a@group-BCADF287A12B-SegmentedRaftLog:OPENED:c-1,f-1,i0, conf=-1: [7fae3aed-4e76-4283-a599-f93f794625ab:192.168.34.21:41352, 58095e90-3010-492a-9083-43cf2e035c3f:192.168.34.21:45284, 9127dd83-037b-4d39-812f-66db56af525a:192.168.34.21:42063], old=null
2019-10-30 05:53:06,694 [9127dd83-037b-4d39-812f-66db56af525a@group-BCADF287A12B-LeaderElection50] INFO  impl.RaftServerImpl (RaftServerImpl.java:setRole(184)) - 9127dd83-037b-4d39-812f-66db56af525a@group-BCADF287A12B: changes role from CANDIDATE to FOLLOWER at term 54 for DISCOVERED_A_NEW_TERM
2019-10-30 05:53:06,694 [9127dd83-037b-4d39-812f-66db56af525a@group-BCADF287A12B-LeaderElection50] INFO  impl.RoleInfo (RoleInfo.java:shutdownLeaderElection(134)) - 9127dd83-037b-4d39-812f-66db56af525a: shutdown LeaderElection
2019-10-30 05:53:06,694 [9127dd83-037b-4d39-812f-66db56af525a@group-BCADF287A12B-LeaderElection50] INFO  impl.RoleInfo (RoleInfo.java:updateAndGet(143)) - 9127dd83-037b-4d39-812f-66db56af525a: start FollowerState
2019-10-30 05:53:06,712 [Thread-555] INFO  impl.FollowerState (FollowerState.java:run(108)) - 9127dd83-037b-4d39-812f-66db56af525a@group-BCADF287A12B-FollowerState: change to CANDIDATE, lastRpcTime:17ms, electionTimeout:17ms
2019-10-30 05:53:06,712 [Thread-555] INFO  impl.RoleInfo (RoleInfo.java:shutdownFollowerState(121)) - 9127dd83-037b-4d39-812f-66db56af525a: shutdown FollowerState
2019-10-30 05:53:06,712 [Thread-555] INFO  impl.RaftServerImpl (RaftServerImpl.java:setRole(184)) - 9127dd83-037b-4d39-812f-66db56af525a@group-BCADF287A12B: changes role from  FOLLOWER to CANDIDATE at term 54 for changeToCandidate
2019-10-30 05:53:06,712 [Thread-555] INFO  impl.RoleInfo (RoleInfo.java:updateAndGet(143)) - 9127dd83-037b-4d39-812f-66db56af525a: start LeaderElection
2019-10-30 05:53:06,726 [9127dd83-037b-4d39-812f-66db56af525a@group-BCADF287A12B-LeaderElection51] INFO  impl.LeaderElection (LeaderElection.java:askForVotes(178)) - 9127dd83-037b-4d39-812f-66db56af525a@group-BCADF287A12B-LeaderElection51: begin an election at term 55 for -1: [7fae3aed-4e76-4283-a599-f93f794625ab:192.168.34.21:41352, 58095e90-3010-492a-9083-43cf2e035c3f:192.168.34.21:45284, 9127dd83-037b-4d39-812f-66db56af525a:192.168.34.21:42063], old=null
2019-10-30 05:53:06,729 [grpc-default-executor-3] INFO  impl.RaftServerImpl (RaftServerImpl.java:setRole(184)) - 7fae3aed-4e76-4283-a599-f93f794625ab@group-BCADF287A12B: changes role from  FOLLOWER to FOLLOWER at term 55 for recognizeCandidate:9127dd83-037b-4d39-812f-66db56af525a
2019-10-30 05:53:06,729 [grpc-default-executor-3] INFO  impl.RoleInfo (RoleInfo.java:shutdownFollowerState(121)) - 7fae3aed-4e76-4283-a599-f93f794625ab: shutdown FollowerState
2019-10-30 05:53:06,729 [grpc-default-executor-2] INFO  impl.RaftServerImpl (RaftServerImpl.java:setRole(184)) - 58095e90-3010-492a-9083-43cf2e035c3f@group-BCADF287A12B: changes role from  FOLLOWER to FOLLOWER at term 55 for recognizeCandidate:9127dd83-037b-4d39-812f-66db56af525a
2019-10-30 05:53:06,729 [Thread-553] INFO  impl.FollowerState (FollowerState.java:run(117)) - 7fae3aed-4e76-4283-a599-f93f794625ab@group-BCADF287A12B-FollowerState was interrupted: java.lang.InterruptedException: sleep interrupted
2019-10-30 05:53:06,729 [grpc-default-executor-3] INFO  impl.RoleInfo (RoleInfo.java:updateAndGet(143)) - 7fae3aed-4e76-4283-a599-f93f794625ab: start FollowerState
2019-10-30 05:53:06,729 [grpc-default-executor-2] INFO  impl.RoleInfo (RoleInfo.java:shutdownFollowerState(121)) - 58095e90-3010-492a-9083-43cf2e035c3f: shutdown FollowerState
2019-10-30 05:53:06,730 [grpc-default-executor-2] INFO  impl.RoleInfo (RoleInfo.java:updateAndGet(143)) - 58095e90-3010-492a-9083-43cf2e035c3f: start FollowerState
2019-10-30 05:53:06,730 [Thread-554] INFO  impl.FollowerState (FollowerState.java:run(117)) - 58095e90-3010-492a-9083-43cf2e035c3f@group-BCADF287A12B-FollowerState was interrupted: java.lang.InterruptedException: sleep interrupted
2019-10-30 05:53:06,745 [9127dd83-037b-4d39-812f-66db56af525a@group-BCADF287A12B-LeaderElection51] INFO  impl.LeaderElection (LeaderElection.java:logAndReturn(56)) - 9127dd83-037b-4d39-812f-66db56af525a@group-BCADF287A12B-LeaderElection51: Election REJECTED; received 2 response(s) [9127dd83-037b-4d39-812f-66db56af525a<-7fae3aed-4e76-4283-a599-f93f794625ab#0:FAIL-t55, 9127dd83-037b-4d39-812f-66db56af525a<-58095e90-3010-492a-9083-43cf2e035c3f#0:FAIL-t55] and 0 exception(s); 9127dd83-037b-4d39-812f-66db56af525a@group-BCADF287A12B:t55, leader=null, voted=9127dd83-037b-4d39-812f-66db56af525a, raftlog=9127dd83-037b-4d39-812f-66db56af525a@group-BCADF287A12B-SegmentedRaftLog:OPENED:c-1,f-1,i0, conf=-1: [7fae3aed-4e76-4283-a599-f93f794625ab:192.168.34.21:41352, 58095e90-3010-492a-9083-43cf2e035c3f:192.168.34.21:45284, 9127dd83-037b-4d39-812f-66db56af525a:192.168.34.21:42063], old=null
2019-10-30 05:53:06,745 [9127dd83-037b-4d39-812f-66db56af525a@group-BCADF287A12B-LeaderElection51] INFO  impl.RaftServerImpl (RaftServerImpl.java:setRole(184)) - 9127dd83-037b-4d39-812f-66db56af525a@group-BCADF287A12B: changes role from CANDIDATE to FOLLOWER at term 55 for DISCOVERED_A_NEW_TERM
2019-10-30 05:53:06,746 [9127dd83-037b-4d39-812f-66db56af525a@group-BCADF287A12B-LeaderElection51] INFO  impl.RoleInfo (RoleInfo.java:shutdownLeaderElection(134)) - 9127dd83-037b-4d39-812f-66db56af525a: shutdown LeaderElection
2019-10-30 05:53:06,746 [9127dd83-037b-4d39-812f-66db56af525a@group-BCADF287A12B-LeaderElection51] INFO  impl.RoleInfo (RoleInfo.java:updateAndGet(143)) - 9127dd83-037b-4d39-812f-66db56af525a: start FollowerState
2019-10-30 05:53:06,902 [Thread-561] INFO  impl.FollowerState (FollowerState.java:run(108)) - 9127dd83-037b-4d39-812f-66db56af525a@group-BCADF287A12B-FollowerState: change to CANDIDATE, lastRpcTime:156ms, electionTimeout:156ms
2019-10-30 05:53:06,902 [Thread-561] INFO  impl.RoleInfo (RoleInfo.java:shutdownFollowerState(121)) - 9127dd83-037b-4d39-812f-66db56af525a: shutdown FollowerState
2019-10-30 05:53:06,902 [Thread-561] INFO  impl.RaftServerImpl (RaftServerImpl.java:setRole(184)) - 9127dd83-037b-4d39-812f-66db56af525a@group-BCADF287A12B: changes role from  FOLLOWER to CANDIDATE at term 55 for changeToCandidate
2019-10-30 05:53:06,903 [Thread-561] INFO  impl.RoleInfo (RoleInfo.java:updateAndGet(143)) - 9127dd83-037b-4d39-812f-66db56af525a: start LeaderElection
2019-10-30 05:53:06,916 [9127dd83-037b-4d39-812f-66db56af525a@group-BCADF287A12B-LeaderElection52] INFO  impl.LeaderElection (LeaderElection.java:askForVotes(178)) - 9127dd83-037b-4d39-812f-66db56af525a@group-BCADF287A12B-LeaderElection52: begin an election at term 56 for -1: [7fae3aed-4e76-4283-a599-f93f794625ab:192.168.34.21:41352, 58095e90-3010-492a-9083-43cf2e035c3f:192.168.34.21:45284, 9127dd83-037b-4d39-812f-66db56af525a:192.168.34.21:42063], old=null
2019-10-30 05:53:06,921 [grpc-default-executor-2] INFO  impl.RaftServerImpl (RaftServerImpl.java:setRole(184)) - 7fae3aed-4e76-4283-a599-f93f794625ab@group-BCADF287A12B: changes role from  FOLLOWER to FOLLOWER at term 56 for recognizeCandidate:9127dd83-037b-4d39-812f-66db56af525a
2019-10-30 05:53:06,921 [grpc-default-executor-3] INFO  impl.RaftServerImpl (RaftServerImpl.java:setRole(184)) - 58095e90-3010-492a-9083-43cf2e035c3f@group-BCADF287A12B: changes role from  FOLLOWER to FOLLOWER at term 56 for recognizeCandidate:9127dd83-037b-4d39-812f-66db56af525a
2019-10-30 05:53:06,921 [grpc-default-executor-2] INFO  impl.RoleInfo (RoleInfo.java:shutdownFollowerState(121)) - 7fae3aed-4e76-4283-a599-f93f794625ab: shutdown FollowerState
2019-10-30 05:53:06,921 [grpc-default-executor-3] INFO  impl.RoleInfo (RoleInfo.java:shutdownFollowerState(121)) - 58095e90-3010-492a-9083-43cf2e035c3f: shutdown FollowerState
2019-10-30 05:53:06,922 [Thread-559] INFO  impl.FollowerState (FollowerState.java:run(117)) - 7fae3aed-4e76-4283-a599-f93f794625ab@group-BCADF287A12B-FollowerState was interrupted: java.lang.InterruptedException: sleep interrupted
2019-10-30 05:53:06,922 [grpc-default-executor-2] INFO  impl.RoleInfo (RoleInfo.java:updateAndGet(143)) - 7fae3aed-4e76-4283-a599-f93f794625ab: start FollowerState
2019-10-30 05:53:06,922 [Thread-560] INFO  impl.FollowerState (FollowerState.java:run(117)) - 58095e90-3010-492a-9083-43cf2e035c3f@group-BCADF287A12B-FollowerState was interrupted: java.lang.InterruptedException: sleep interrupted
2019-10-30 05:53:06,922 [grpc-default-executor-3] INFO  impl.RoleInfo (RoleInfo.java:updateAndGet(143)) - 58095e90-3010-492a-9083-43cf2e035c3f: start FollowerState
2019-10-30 05:53:06,937 [9127dd83-037b-4d39-812f-66db56af525a@group-BCADF287A12B-LeaderElection52] INFO  impl.LeaderElection (LeaderElection.java:logAndReturn(56)) - 9127dd83-037b-4d39-812f-66db56af525a@group-BCADF287A12B-LeaderElection52: Election REJECTED; received 2 response(s) [9127dd83-037b-4d39-812f-66db56af525a<-7fae3aed-4e76-4283-a599-f93f794625ab#0:FAIL-t56, 9127dd83-037b-4d39-812f-66db56af525a<-58095e90-3010-492a-9083-43cf2e035c3f#0:FAIL-t56] and 0 exception(s); 9127dd83-037b-4d39-812f-66db56af525a@group-BCADF287A12B:t56, leader=null, voted=9127dd83-037b-4d39-812f-66db56af525a, raftlog=9127dd83-037b-4d39-812f-66db56af525a@group-BCADF287A12B-SegmentedRaftLog:OPENED:c-1,f-1,i0, conf=-1: [7fae3aed-4e76-4283-a599-f93f794625ab:192.168.34.21:41352, 58095e90-3010-492a-9083-43cf2e035c3f:192.168.34.21:45284, 9127dd83-037b-4d39-812f-66db56af525a:192.168.34.21:42063], old=null
2019-10-30 05:53:06,937 [9127dd83-037b-4d39-812f-66db56af525a@group-BCADF287A12B-LeaderElection52] INFO  impl.RaftServerImpl (RaftServerImpl.java:setRole(184)) - 9127dd83-037b-4d39-812f-66db56af525a@group-BCADF287A12B: changes role from CANDIDATE to FOLLOWER at term 56 for DISCOVERED_A_NEW_TERM
2019-10-30 05:53:06,938 [9127dd83-037b-4d39-812f-66db56af525a@group-BCADF287A12B-LeaderElection52] INFO  impl.RoleInfo (RoleInfo.java:shutdownLeaderElection(134)) - 9127dd83-037b-4d39-812f-66db56af525a: shutdown LeaderElection
2019-10-30 05:53:06,938 [9127dd83-037b-4d39-812f-66db56af525a@group-BCADF287A12B-LeaderElection52] INFO  impl.RoleInfo (RoleInfo.java:updateAndGet(143)) - 9127dd83-037b-4d39-812f-66db56af525a: start FollowerState
2019-10-30 05:53:07,103 [Thread-569] INFO  impl.FollowerState (FollowerState.java:run(108)) - 9127dd83-037b-4d39-812f-66db56af525a@group-BCADF287A12B-FollowerState: change to CANDIDATE, lastRpcTime:165ms, electionTimeout:165ms
2019-10-30 05:53:07,104 [Thread-569] INFO  impl.RoleInfo (RoleInfo.java:shutdownFollowerState(121)) - 9127dd83-037b-4d39-812f-66db56af525a: shutdown FollowerState
2019-10-30 05:53:07,104 [Thread-569] INFO  impl.RaftServerImpl (RaftServerImpl.java:setRole(184)) - 9127dd83-037b-4d39-812f-66db56af525a@group-BCADF287A12B: changes role from  FOLLOWER to CANDIDATE at term 56 for changeToCandidate
2019-10-30 05:53:07,104 [Thread-569] INFO  impl.RoleInfo (RoleInfo.java:updateAndGet(143)) - 9127dd83-037b-4d39-812f-66db56af525a: start LeaderElection
2019-10-30 05:53:07,118 [9127dd83-037b-4d39-812f-66db56af525a@group-BCADF287A12B-LeaderElection53] INFO  impl.LeaderElection (LeaderElection.java:askForVotes(178)) - 9127dd83-037b-4d39-812f-66db56af525a@group-BCADF287A12B-LeaderElection53: begin an election at term 57 for -1: [7fae3aed-4e76-4283-a599-f93f794625ab:192.168.34.21:41352, 58095e90-3010-492a-9083-43cf2e035c3f:192.168.34.21:45284, 9127dd83-037b-4d39-812f-66db56af525a:192.168.34.21:42063], old=null
2019-10-30 05:53:07,122 [grpc-default-executor-2] INFO  impl.RaftServerImpl (RaftServerImpl.java:setRole(184)) - 7fae3aed-4e76-4283-a599-f93f794625ab@group-BCADF287A12B: changes role from  FOLLOWER to FOLLOWER at term 57 for recognizeCandidate:9127dd83-037b-4d39-812f-66db56af525a
2019-10-30 05:53:07,122 [grpc-default-executor-3] INFO  impl.RaftServerImpl (RaftServerImpl.java:setRole(184)) - 58095e90-3010-492a-9083-43cf2e035c3f@group-BCADF287A12B: changes role from  FOLLOWER to FOLLOWER at term 57 for recognizeCandidate:9127dd83-037b-4d39-812f-66db56af525a
2019-10-30 05:53:07,122 [grpc-default-executor-2] INFO  impl.RoleInfo (RoleInfo.java:shutdownFollowerState(121)) - 7fae3aed-4e76-4283-a599-f93f794625ab: shutdown FollowerState
2019-10-30 05:53:07,122 [grpc-default-executor-3] INFO  impl.RoleInfo (RoleInfo.java:shutdownFollowerState(121)) - 58095e90-3010-492a-9083-43cf2e035c3f: shutdown FollowerState
2019-10-30 05:53:07,123 [Thread-567] INFO  impl.FollowerState (FollowerState.java:run(117)) - 7fae3aed-4e76-4283-a599-f93f794625ab@group-BCADF287A12B-FollowerState was interrupted: java.lang.InterruptedException: sleep interrupted
2019-10-30 05:53:07,123 [Thread-568] INFO  impl.FollowerState (FollowerState.java:run(117)) - 58095e90-3010-492a-9083-43cf2e035c3f@group-BCADF287A12B-FollowerState was interrupted: java.lang.InterruptedException: sleep interrupted
2019-10-30 05:53:07,123 [grpc-default-executor-2] INFO  impl.RoleInfo (RoleInfo.java:updateAndGet(143)) - 7fae3aed-4e76-4283-a599-f93f794625ab: start FollowerState
2019-10-30 05:53:07,123 [grpc-default-executor-3] INFO  impl.RoleInfo (RoleInfo.java:updateAndGet(143)) - 58095e90-3010-492a-9083-43cf2e035c3f: start FollowerState
2019-10-30 05:53:07,138 [9127dd83-037b-4d39-812f-66db56af525a@group-BCADF287A12B-LeaderElection53] INFO  impl.LeaderElection (LeaderElection.java:logAndReturn(56)) - 9127dd83-037b-4d39-812f-66db56af525a@group-BCADF287A12B-LeaderElection53: Election REJECTED; received 2 response(s) [9127dd83-037b-4d39-812f-66db56af525a<-7fae3aed-4e76-4283-a599-f93f794625ab#0:FAIL-t57, 9127dd83-037b-4d39-812f-66db56af525a<-58095e90-3010-492a-9083-43cf2e035c3f#0:FAIL-t57] and 0 exception(s); 9127dd83-037b-4d39-812f-66db56af525a@group-BCADF287A12B:t57, leader=null, voted=9127dd83-037b-4d39-812f-66db56af525a, raftlog=9127dd83-037b-4d39-812f-66db56af525a@group-BCADF287A12B-SegmentedRaftLog:OPENED:c-1,f-1,i0, conf=-1: [7fae3aed-4e76-4283-a599-f93f794625ab:192.168.34.21:41352, 58095e90-3010-492a-9083-43cf2e035c3f:192.168.34.21:45284, 9127dd83-037b-4d39-812f-66db56af525a:192.168.34.21:42063], old=null
2019-10-30 05:53:07,138 [9127dd83-037b-4d39-812f-66db56af525a@group-BCADF287A12B-LeaderElection53] INFO  impl.RaftServerImpl (RaftServerImpl.java:setRole(184)) - 9127dd83-037b-4d39-812f-66db56af525a@group-BCADF287A12B: changes role from CANDIDATE to FOLLOWER at term 57 for DISCOVERED_A_NEW_TERM
2019-10-30 05:53:07,139 [9127dd83-037b-4d39-812f-66db56af525a@group-BCADF287A12B-LeaderElection53] INFO  impl.RoleInfo (RoleInfo.java:shutdownLeaderElection(134)) - 9127dd83-037b-4d39-812f-66db56af525a: shutdown LeaderElection
2019-10-30 05:53:07,139 [9127dd83-037b-4d39-812f-66db56af525a@group-BCADF287A12B-LeaderElection53] INFO  impl.RoleInfo (RoleInfo.java:updateAndGet(143)) - 9127dd83-037b-4d39-812f-66db56af525a: start FollowerState
2019-10-30 05:53:07,247 [Thread-575] INFO  impl.FollowerState (FollowerState.java:run(108)) - 9127dd83-037b-4d39-812f-66db56af525a@group-BCADF287A12B-FollowerState: change to CANDIDATE, lastRpcTime:108ms, electionTimeout:108ms
2019-10-30 05:53:07,247 [Thread-575] INFO  impl.RoleInfo (RoleInfo.java:shutdownFollowerState(121)) - 9127dd83-037b-4d39-812f-66db56af525a: shutdown FollowerState
2019-10-30 05:53:07,248 [Thread-575] INFO  impl.RaftServerImpl (RaftServerImpl.java:setRole(184)) - 9127dd83-037b-4d39-812f-66db56af525a@group-BCADF287A12B: changes role from  FOLLOWER to CANDIDATE at term 57 for changeToCandidate
2019-10-30 05:53:07,248 [Thread-575] INFO  impl.RoleInfo (RoleInfo.java:updateAndGet(143)) - 9127dd83-037b-4d39-812f-66db56af525a: start LeaderElection
2019-10-30 05:53:07,276 [9127dd83-037b-4d39-812f-66db56af525a@group-BCADF287A12B-LeaderElection54] INFO  impl.LeaderElection (LeaderElection.java:askForVotes(178)) - 9127dd83-037b-4d39-812f-66db56af525a@group-BCADF287A12B-LeaderElection54: begin an election at term 58 for -1: [7fae3aed-4e76-4283-a599-f93f794625ab:192.168.34.21:41352, 58095e90-3010-492a-9083-43cf2e035c3f:192.168.34.21:45284, 9127dd83-037b-4d39-812f-66db56af525a:192.168.34.21:42063], old=null
2019-10-30 05:53:07,279 [grpc-default-executor-2] INFO  impl.RaftServerImpl (RaftServerImpl.java:setRole(184)) - 58095e90-3010-492a-9083-43cf2e035c3f@group-BCADF287A12B: changes role from  FOLLOWER to FOLLOWER at term 58 for recognizeCandidate:9127dd83-037b-4d39-812f-66db56af525a
2019-10-30 05:53:07,279 [grpc-default-executor-2] INFO  impl.RoleInfo (RoleInfo.java:shutdownFollowerState(121)) - 58095e90-3010-492a-9083-43cf2e035c3f: shutdown FollowerState
2019-10-30 05:53:07,279 [grpc-default-executor-3] INFO  impl.RaftServerImpl (RaftServerImpl.java:setRole(184)) - 7fae3aed-4e76-4283-a599-f93f794625ab@group-BCADF287A12B: changes role from  FOLLOWER to FOLLOWER at term 58 for recognizeCandidate:9127dd83-037b-4d39-812f-66db56af525a
2019-10-30 05:53:07,279 [Thread-574] INFO  impl.FollowerState (FollowerState.java:run(117)) - 58095e90-3010-492a-9083-43cf2e035c3f@group-BCADF287A12B-FollowerState was interrupted: java.lang.InterruptedException: sleep interrupted
2019-10-30 05:53:07,279 [grpc-default-executor-2] INFO  impl.RoleInfo (RoleInfo.java:updateAndGet(143)) - 58095e90-3010-492a-9083-43cf2e035c3f: start FollowerState
2019-10-30 05:53:07,279 [grpc-default-executor-3] INFO  impl.RoleInfo (RoleInfo.java:shutdownFollowerState(121)) - 7fae3aed-4e76-4283-a599-f93f794625ab: shutdown FollowerState
2019-10-30 05:53:07,289 [Thread-573] INFO  impl.FollowerState (FollowerState.java:run(117)) - 7fae3aed-4e76-4283-a599-f93f794625ab@group-BCADF287A12B-FollowerState was interrupted: java.lang.InterruptedException: sleep interrupted
2019-10-30 05:53:07,290 [grpc-default-executor-3] INFO  impl.RoleInfo (RoleInfo.java:updateAndGet(143)) - 7fae3aed-4e76-4283-a599-f93f794625ab: start FollowerState
2019-10-30 05:53:07,305 [9127dd83-037b-4d39-812f-66db56af525a@group-BCADF287A12B-LeaderElection54] INFO  impl.LeaderElection (LeaderElection.java:logAndReturn(56)) - 9127dd83-037b-4d39-812f-66db56af525a@group-BCADF287A12B-LeaderElection54: Election REJECTED; received 2 response(s) [9127dd83-037b-4d39-812f-66db56af525a<-7fae3aed-4e76-4283-a599-f93f794625ab#0:FAIL-t58, 9127dd83-037b-4d39-812f-66db56af525a<-58095e90-3010-492a-9083-43cf2e035c3f#0:FAIL-t58] and 0 exception(s); 9127dd83-037b-4d39-812f-66db56af525a@group-BCADF287A12B:t58, leader=null, voted=9127dd83-037b-4d39-812f-66db56af525a, raftlog=9127dd83-037b-4d39-812f-66db56af525a@group-BCADF287A12B-SegmentedRaftLog:OPENED:c-1,f-1,i0, conf=-1: [7fae3aed-4e76-4283-a599-f93f794625ab:192.168.34.21:41352, 58095e90-3010-492a-9083-43cf2e035c3f:192.168.34.21:45284, 9127dd83-037b-4d39-812f-66db56af525a:192.168.34.21:42063], old=null
2019-10-30 05:53:07,305 [9127dd83-037b-4d39-812f-66db56af525a@group-BCADF287A12B-LeaderElection54] INFO  impl.RaftServerImpl (RaftServerImpl.java:setRole(184)) - 9127dd83-037b-4d39-812f-66db56af525a@group-BCADF287A12B: changes role from CANDIDATE to FOLLOWER at term 58 for DISCOVERED_A_NEW_TERM
2019-10-30 05:53:07,306 [9127dd83-037b-4d39-812f-66db56af525a@group-BCADF287A12B-LeaderElection54] INFO  impl.RoleInfo (RoleInfo.java:shutdownLeaderElection(134)) - 9127dd83-037b-4d39-812f-66db56af525a: shutdown LeaderElection
2019-10-30 05:53:07,306 [9127dd83-037b-4d39-812f-66db56af525a@group-BCADF287A12B-LeaderElection54] INFO  impl.RoleInfo (RoleInfo.java:updateAndGet(143)) - 9127dd83-037b-4d39-812f-66db56af525a: start FollowerState
2019-10-30 05:53:07,411 [Thread-581] INFO  impl.FollowerState (FollowerState.java:run(108)) - 9127dd83-037b-4d39-812f-66db56af525a@group-BCADF287A12B-FollowerState: change to CANDIDATE, lastRpcTime:105ms, electionTimeout:105ms
2019-10-30 05:53:07,411 [Thread-581] INFO  impl.RoleInfo (RoleInfo.java:shutdownFollowerState(121)) - 9127dd83-037b-4d39-812f-66db56af525a: shutdown FollowerState
2019-10-30 05:53:07,412 [Thread-581] INFO  impl.RaftServerImpl (RaftServerImpl.java:setRole(184)) - 9127dd83-037b-4d39-812f-66db56af525a@group-BCADF287A12B: changes role from  FOLLOWER to CANDIDATE at term 58 for changeToCandidate
2019-10-30 05:53:07,412 [Thread-581] INFO  impl.RoleInfo (RoleInfo.java:updateAndGet(143)) - 9127dd83-037b-4d39-812f-66db56af525a: start LeaderElection
2019-10-30 05:53:07,426 [9127dd83-037b-4d39-812f-66db56af525a@group-BCADF287A12B-LeaderElection55] INFO  impl.LeaderElection (LeaderElection.java:askForVotes(178)) - 9127dd83-037b-4d39-812f-66db56af525a@group-BCADF287A12B-LeaderElection55: begin an election at term 59 for -1: [7fae3aed-4e76-4283-a599-f93f794625ab:192.168.34.21:41352, 58095e90-3010-492a-9083-43cf2e035c3f:192.168.34.21:45284, 9127dd83-037b-4d39-812f-66db56af525a:192.168.34.21:42063], old=null
2019-10-30 05:53:07,428 [grpc-default-executor-2] INFO  impl.RaftServerImpl (RaftServerImpl.java:setRole(184)) - 58095e90-3010-492a-9083-43cf2e035c3f@group-BCADF287A12B: changes role from  FOLLOWER to FOLLOWER at term 59 for recognizeCandidate:9127dd83-037b-4d39-812f-66db56af525a
2019-10-30 05:53:07,429 [grpc-default-executor-3] INFO  impl.RaftServerImpl (RaftServerImpl.java:setRole(184)) - 7fae3aed-4e76-4283-a599-f93f794625ab@group-BCADF287A12B: changes role from  FOLLOWER to FOLLOWER at term 59 for recognizeCandidate:9127dd83-037b-4d39-812f-66db56af525a
2019-10-30 05:53:07,429 [grpc-default-executor-3] INFO  impl.RoleInfo (RoleInfo.java:shutdownFollowerState(121)) - 7fae3aed-4e76-4283-a599-f93f794625ab: shutdown FollowerState
2019-10-30 05:53:07,429 [grpc-default-executor-2] INFO  impl.RoleInfo (RoleInfo.java:shutdownFollowerState(121)) - 58095e90-3010-492a-9083-43cf2e035c3f: shutdown FollowerState
2019-10-30 05:53:07,429 [Thread-580] INFO  impl.FollowerState (FollowerState.java:run(117)) - 7fae3aed-4e76-4283-a599-f93f794625ab@group-BCADF287A12B-FollowerState was interrupted: java.lang.InterruptedException: sleep interrupted
2019-10-30 05:53:07,429 [grpc-default-executor-3] INFO  impl.RoleInfo (RoleInfo.java:updateAndGet(143)) - 7fae3aed-4e76-4283-a599-f93f794625ab: start FollowerState
2019-10-30 05:53:07,429 [Thread-579] INFO  impl.FollowerState (FollowerState.java:run(117)) - 58095e90-3010-492a-9083-43cf2e035c3f@group-BCADF287A12B-FollowerState was interrupted: java.lang.InterruptedException: sleep interrupted
2019-10-30 05:53:07,429 [grpc-default-executor-2] INFO  impl.RoleInfo (RoleInfo.java:updateAndGet(143)) - 58095e90-3010-492a-9083-43cf2e035c3f: start FollowerState
2019-10-30 05:53:07,443 [9127dd83-037b-4d39-812f-66db56af525a@group-BCADF287A12B-LeaderElection55] INFO  impl.LeaderElection (LeaderElection.java:logAndReturn(56)) - 9127dd83-037b-4d39-812f-66db56af525a@group-BCADF287A12B-LeaderElection55: Election REJECTED; received 2 response(s) [9127dd83-037b-4d39-812f-66db56af525a<-7fae3aed-4e76-4283-a599-f93f794625ab#0:FAIL-t59, 9127dd83-037b-4d39-812f-66db56af525a<-58095e90-3010-492a-9083-43cf2e035c3f#0:FAIL-t59] and 0 exception(s); 9127dd83-037b-4d39-812f-66db56af525a@group-BCADF287A12B:t59, leader=null, voted=9127dd83-037b-4d39-812f-66db56af525a, raftlog=9127dd83-037b-4d39-812f-66db56af525a@group-BCADF287A12B-SegmentedRaftLog:OPENED:c-1,f-1,i0, conf=-1: [7fae3aed-4e76-4283-a599-f93f794625ab:192.168.34.21:41352, 58095e90-3010-492a-9083-43cf2e035c3f:192.168.34.21:45284, 9127dd83-037b-4d39-812f-66db56af525a:192.168.34.21:42063], old=null
2019-10-30 05:53:07,444 [9127dd83-037b-4d39-812f-66db56af525a@group-BCADF287A12B-LeaderElection55] INFO  impl.RaftServerImpl (RaftServerImpl.java:setRole(184)) - 9127dd83-037b-4d39-812f-66db56af525a@group-BCADF287A12B: changes role from CANDIDATE to FOLLOWER at term 59 for DISCOVERED_A_NEW_TERM
2019-10-30 05:53:07,444 [9127dd83-037b-4d39-812f-66db56af525a@group-BCADF287A12B-LeaderElection55] INFO  impl.RoleInfo (RoleInfo.java:shutdownLeaderElection(134)) - 9127dd83-037b-4d39-812f-66db56af525a: shutdown LeaderElection
2019-10-30 05:53:07,444 [9127dd83-037b-4d39-812f-66db56af525a@group-BCADF287A12B-LeaderElection55] INFO  impl.RoleInfo (RoleInfo.java:updateAndGet(143)) - 9127dd83-037b-4d39-812f-66db56af525a: start FollowerState
2019-10-30 05:53:07,532 [Thread-587] INFO  impl.FollowerState (FollowerState.java:run(108)) - 9127dd83-037b-4d39-812f-66db56af525a@group-BCADF287A12B-FollowerState: change to CANDIDATE, lastRpcTime:88ms, electionTimeout:88ms
2019-10-30 05:53:07,533 [Thread-587] INFO  impl.RoleInfo (RoleInfo.java:shutdownFollowerState(121)) - 9127dd83-037b-4d39-812f-66db56af525a: shutdown FollowerState
2019-10-30 05:53:07,533 [Thread-587] INFO  impl.RaftServerImpl (RaftServerImpl.java:setRole(184)) - 9127dd83-037b-4d39-812f-66db56af525a@group-BCADF287A12B: changes role from  FOLLOWER to CANDIDATE at term 59 for changeToCandidate
2019-10-30 05:53:07,533 [Thread-587] INFO  impl.RoleInfo (RoleInfo.java:updateAndGet(143)) - 9127dd83-037b-4d39-812f-66db56af525a: start LeaderElection
2019-10-30 05:53:07,546 [9127dd83-037b-4d39-812f-66db56af525a@group-BCADF287A12B-LeaderElection56] INFO  impl.LeaderElection (LeaderElection.java:askForVotes(178)) - 9127dd83-037b-4d39-812f-66db56af525a@group-BCADF287A12B-LeaderElection56: begin an election at term 60 for -1: [7fae3aed-4e76-4283-a599-f93f794625ab:192.168.34.21:41352, 58095e90-3010-492a-9083-43cf2e035c3f:192.168.34.21:45284, 9127dd83-037b-4d39-812f-66db56af525a:192.168.34.21:42063], old=null
2019-10-30 05:53:07,549 [grpc-default-executor-2] INFO  impl.RaftServerImpl (RaftServerImpl.java:setRole(184)) - 7fae3aed-4e76-4283-a599-f93f794625ab@group-BCADF287A12B: changes role from  FOLLOWER to FOLLOWER at term 60 for recognizeCandidate:9127dd83-037b-4d39-812f-66db56af525a
2019-10-30 05:53:07,549 [grpc-default-executor-3] INFO  impl.RaftServerImpl (RaftServerImpl.java:setRole(184)) - 58095e90-3010-492a-9083-43cf2e035c3f@group-BCADF287A12B: changes role from  FOLLOWER to FOLLOWER at term 60 for recognizeCandidate:9127dd83-037b-4d39-812f-66db56af525a
2019-10-30 05:53:07,549 [grpc-default-executor-2] INFO  impl.RoleInfo (RoleInfo.java:shutdownFollowerState(121)) - 7fae3aed-4e76-4283-a599-f93f794625ab: shutdown FollowerState
2019-10-30 05:53:07,549 [grpc-default-executor-3] INFO  impl.RoleInfo (RoleInfo.java:shutdownFollowerState(121)) - 58095e90-3010-492a-9083-43cf2e035c3f: shutdown FollowerState
2019-10-30 05:53:07,550 [Thread-585] INFO  impl.FollowerState (FollowerState.java:run(117)) - 7fae3aed-4e76-4283-a599-f93f794625ab@group-BCADF287A12B-FollowerState was interrupted: java.lang.InterruptedException: sleep interrupted
2019-10-30 05:53:07,550 [grpc-default-executor-2] INFO  impl.RoleInfo (RoleInfo.java:updateAndGet(143)) - 7fae3aed-4e76-4283-a599-f93f794625ab: start FollowerState
2019-10-30 05:53:07,550 [grpc-default-executor-3] INFO  impl.RoleInfo (RoleInfo.java:updateAndGet(143)) - 58095e90-3010-492a-9083-43cf2e035c3f: start FollowerState
2019-10-30 05:53:07,550 [Thread-586] INFO  impl.FollowerState (FollowerState.java:run(117)) - 58095e90-3010-492a-9083-43cf2e035c3f@group-BCADF287A12B-FollowerState was interrupted: java.lang.InterruptedException: sleep interrupted
2019-10-30 05:53:07,571 [9127dd83-037b-4d39-812f-66db56af525a@group-BCADF287A12B-LeaderElection56] INFO  impl.LeaderElection (LeaderElection.java:logAndReturn(56)) - 9127dd83-037b-4d39-812f-66db56af525a@group-BCADF287A12B-LeaderElection56: Election REJECTED; received 2 response(s) [9127dd83-037b-4d39-812f-66db56af525a<-7fae3aed-4e76-4283-a599-f93f794625ab#0:FAIL-t60, 9127dd83-037b-4d39-812f-66db56af525a<-58095e90-3010-492a-9083-43cf2e035c3f#0:FAIL-t60] and 0 exception(s); 9127dd83-037b-4d39-812f-66db56af525a@group-BCADF287A12B:t60, leader=null, voted=9127dd83-037b-4d39-812f-66db56af525a, raftlog=9127dd83-037b-4d39-812f-66db56af525a@group-BCADF287A12B-SegmentedRaftLog:OPENED:c-1,f-1,i0, conf=-1: [7fae3aed-4e76-4283-a599-f93f794625ab:192.168.34.21:41352, 58095e90-3010-492a-9083-43cf2e035c3f:192.168.34.21:45284, 9127dd83-037b-4d39-812f-66db56af525a:192.168.34.21:42063], old=null
2019-10-30 05:53:07,572 [9127dd83-037b-4d39-812f-66db56af525a@group-BCADF287A12B-LeaderElection56] INFO  impl.RaftServerImpl (RaftServerImpl.java:setRole(184)) - 9127dd83-037b-4d39-812f-66db56af525a@group-BCADF287A12B: changes role from CANDIDATE to FOLLOWER at term 60 for DISCOVERED_A_NEW_TERM
2019-10-30 05:53:07,572 [9127dd83-037b-4d39-812f-66db56af525a@group-BCADF287A12B-LeaderElection56] INFO  impl.RoleInfo (RoleInfo.java:shutdownLeaderElection(134)) - 9127dd83-037b-4d39-812f-66db56af525a: shutdown LeaderElection
2019-10-30 05:53:07,572 [9127dd83-037b-4d39-812f-66db56af525a@group-BCADF287A12B-LeaderElection56] INFO  impl.RoleInfo (RoleInfo.java:updateAndGet(143)) - 9127dd83-037b-4d39-812f-66db56af525a: start FollowerState
2019-10-30 05:53:07,616 [Thread-593] INFO  impl.FollowerState (FollowerState.java:run(108)) - 9127dd83-037b-4d39-812f-66db56af525a@group-BCADF287A12B-FollowerState: change to CANDIDATE, lastRpcTime:43ms, electionTimeout:43ms
2019-10-30 05:53:07,616 [Thread-593] INFO  impl.RoleInfo (RoleInfo.java:shutdownFollowerState(121)) - 9127dd83-037b-4d39-812f-66db56af525a: shutdown FollowerState
2019-10-30 05:53:07,616 [Thread-593] INFO  impl.RaftServerImpl (RaftServerImpl.java:setRole(184)) - 9127dd83-037b-4d39-812f-66db56af525a@group-BCADF287A12B: changes role from  FOLLOWER to CANDIDATE at term 60 for changeToCandidate
2019-10-30 05:53:07,616 [Thread-593] INFO  impl.RoleInfo (RoleInfo.java:updateAndGet(143)) - 9127dd83-037b-4d39-812f-66db56af525a: start LeaderElection
2019-10-30 05:53:07,630 [9127dd83-037b-4d39-812f-66db56af525a@group-BCADF287A12B-LeaderElection57] INFO  impl.LeaderElection (LeaderElection.java:askForVotes(178)) - 9127dd83-037b-4d39-812f-66db56af525a@group-BCADF287A12B-LeaderElection57: begin an election at term 61 for -1: [7fae3aed-4e76-4283-a599-f93f794625ab:192.168.34.21:41352, 58095e90-3010-492a-9083-43cf2e035c3f:192.168.34.21:45284, 9127dd83-037b-4d39-812f-66db56af525a:192.168.34.21:42063], old=null
2019-10-30 05:53:07,632 [grpc-default-executor-3] INFO  impl.RaftServerImpl (RaftServerImpl.java:setRole(184)) - 58095e90-3010-492a-9083-43cf2e035c3f@group-BCADF287A12B: changes role from  FOLLOWER to FOLLOWER at term 61 for recognizeCandidate:9127dd83-037b-4d39-812f-66db56af525a
2019-10-30 05:53:07,632 [grpc-default-executor-2] INFO  impl.RaftServerImpl (RaftServerImpl.java:setRole(184)) - 7fae3aed-4e76-4283-a599-f93f794625ab@group-BCADF287A12B: changes role from  FOLLOWER to FOLLOWER at term 61 for recognizeCandidate:9127dd83-037b-4d39-812f-66db56af525a
2019-10-30 05:53:07,633 [grpc-default-executor-3] INFO  impl.RoleInfo (RoleInfo.java:shutdownFollowerState(121)) - 58095e90-3010-492a-9083-43cf2e035c3f: shutdown FollowerState
2019-10-30 05:53:07,633 [grpc-default-executor-2] INFO  impl.RoleInfo (RoleInfo.java:shutdownFollowerState(121)) - 7fae3aed-4e76-4283-a599-f93f794625ab: shutdown FollowerState
2019-10-30 05:53:07,633 [Thread-592] INFO  impl.FollowerState (FollowerState.java:run(117)) - 58095e90-3010-492a-9083-43cf2e035c3f@group-BCADF287A12B-FollowerState was interrupted: java.lang.InterruptedException: sleep interrupted
2019-10-30 05:53:07,633 [Thread-591] INFO  impl.FollowerState (FollowerState.java:run(117)) - 7fae3aed-4e76-4283-a599-f93f794625ab@group-BCADF287A12B-FollowerState was interrupted: java.lang.InterruptedException: sleep interrupted
2019-10-30 05:53:07,633 [grpc-default-executor-3] INFO  impl.RoleInfo (RoleInfo.java:updateAndGet(143)) - 58095e90-3010-492a-9083-43cf2e035c3f: start FollowerState
2019-10-30 05:53:07,633 [grpc-default-executor-2] INFO  impl.RoleInfo (RoleInfo.java:updateAndGet(143)) - 7fae3aed-4e76-4283-a599-f93f794625ab: start FollowerState
2019-10-30 05:53:07,645 [9127dd83-037b-4d39-812f-66db56af525a@group-BCADF287A12B-LeaderElection57] INFO  impl.LeaderElection (LeaderElection.java:logAndReturn(56)) - 9127dd83-037b-4d39-812f-66db56af525a@group-BCADF287A12B-LeaderElection57: Election REJECTED; received 2 response(s) [9127dd83-037b-4d39-812f-66db56af525a<-7fae3aed-4e76-4283-a599-f93f794625ab#0:FAIL-t61, 9127dd83-037b-4d39-812f-66db56af525a<-58095e90-3010-492a-9083-43cf2e035c3f#0:FAIL-t61] and 0 exception(s); 9127dd83-037b-4d39-812f-66db56af525a@group-BCADF287A12B:t61, leader=null, voted=9127dd83-037b-4d39-812f-66db56af525a, raftlog=9127dd83-037b-4d39-812f-66db56af525a@group-BCADF287A12B-SegmentedRaftLog:OPENED:c-1,f-1,i0, conf=-1: [7fae3aed-4e76-4283-a599-f93f794625ab:192.168.34.21:41352, 58095e90-3010-492a-9083-43cf2e035c3f:192.168.34.21:45284, 9127dd83-037b-4d39-812f-66db56af525a:192.168.34.21:42063], old=null
2019-10-30 05:53:07,646 [9127dd83-037b-4d39-812f-66db56af525a@group-BCADF287A12B-LeaderElection57] INFO  impl.RaftServerImpl (RaftServerImpl.java:setRole(184)) - 9127dd83-037b-4d39-812f-66db56af525a@group-BCADF287A12B: changes role from CANDIDATE to FOLLOWER at term 61 for DISCOVERED_A_NEW_TERM
2019-10-30 05:53:07,646 [9127dd83-037b-4d39-812f-66db56af525a@group-BCADF287A12B-LeaderElection57] INFO  impl.RoleInfo (RoleInfo.java:shutdownLeaderElection(134)) - 9127dd83-037b-4d39-812f-66db56af525a: shutdown LeaderElection
2019-10-30 05:53:07,646 [9127dd83-037b-4d39-812f-66db56af525a@group-BCADF287A12B-LeaderElection57] INFO  impl.RoleInfo (RoleInfo.java:updateAndGet(143)) - 9127dd83-037b-4d39-812f-66db56af525a: start FollowerState
2019-10-30 05:53:07,818 [Thread-599] INFO  impl.FollowerState (FollowerState.java:run(108)) - 9127dd83-037b-4d39-812f-66db56af525a@group-BCADF287A12B-FollowerState: change to CANDIDATE, lastRpcTime:172ms, electionTimeout:172ms
2019-10-30 05:53:07,819 [Thread-599] INFO  impl.RoleInfo (RoleInfo.java:shutdownFollowerState(121)) - 9127dd83-037b-4d39-812f-66db56af525a: shutdown FollowerState
2019-10-30 05:53:07,819 [Thread-599] INFO  impl.RaftServerImpl (RaftServerImpl.java:setRole(184)) - 9127dd83-037b-4d39-812f-66db56af525a@group-BCADF287A12B: changes role from  FOLLOWER to CANDIDATE at term 61 for changeToCandidate
2019-10-30 05:53:07,819 [Thread-599] INFO  impl.RoleInfo (RoleInfo.java:updateAndGet(143)) - 9127dd83-037b-4d39-812f-66db56af525a: start LeaderElection
2019-10-30 05:53:07,829 [9127dd83-037b-4d39-812f-66db56af525a@group-BCADF287A12B-LeaderElection58] INFO  impl.LeaderElection (LeaderElection.java:askForVotes(178)) - 9127dd83-037b-4d39-812f-66db56af525a@group-BCADF287A12B-LeaderElection58: begin an election at term 62 for -1: [7fae3aed-4e76-4283-a599-f93f794625ab:192.168.34.21:41352, 58095e90-3010-492a-9083-43cf2e035c3f:192.168.34.21:45284, 9127dd83-037b-4d39-812f-66db56af525a:192.168.34.21:42063], old=null
2019-10-30 05:53:07,834 [grpc-default-executor-0] INFO  impl.RaftServerImpl (RaftServerImpl.java:setRole(184)) - 7fae3aed-4e76-4283-a599-f93f794625ab@group-BCADF287A12B: changes role from  FOLLOWER to FOLLOWER at term 62 for recognizeCandidate:9127dd83-037b-4d39-812f-66db56af525a
2019-10-30 05:53:07,834 [grpc-default-executor-2] INFO  impl.RaftServerImpl (RaftServerImpl.java:setRole(184)) - 58095e90-3010-492a-9083-43cf2e035c3f@group-BCADF287A12B: changes role from  FOLLOWER to FOLLOWER at term 62 for recognizeCandidate:9127dd83-037b-4d39-812f-66db56af525a
2019-10-30 05:53:07,835 [grpc-default-executor-2] INFO  impl.RoleInfo (RoleInfo.java:shutdownFollowerState(121)) - 58095e90-3010-492a-9083-43cf2e035c3f: shutdown FollowerState
2019-10-30 05:53:07,834 [grpc-default-executor-0] INFO  impl.RoleInfo (RoleInfo.java:shutdownFollowerState(121)) - 7fae3aed-4e76-4283-a599-f93f794625ab: shutdown FollowerState
2019-10-30 05:53:07,835 [Thread-597] INFO  impl.FollowerState (FollowerState.java:run(117)) - 58095e90-3010-492a-9083-43cf2e035c3f@group-BCADF287A12B-FollowerState was interrupted: java.lang.InterruptedException: sleep interrupted
2019-10-30 05:53:07,835 [grpc-default-executor-2] INFO  impl.RoleInfo (RoleInfo.java:updateAndGet(143)) - 58095e90-3010-492a-9083-43cf2e035c3f: start FollowerState
2019-10-30 05:53:07,835 [Thread-598] INFO  impl.FollowerState (FollowerState.java:run(117)) - 7fae3aed-4e76-4283-a599-f93f794625ab@group-BCADF287A12B-FollowerState was interrupted: java.lang.InterruptedException: sleep interrupted
2019-10-30 05:53:07,835 [grpc-default-executor-0] INFO  impl.RoleInfo (RoleInfo.java:updateAndGet(143)) - 7fae3aed-4e76-4283-a599-f93f794625ab: start FollowerState
2019-10-30 05:53:07,850 [9127dd83-037b-4d39-812f-66db56af525a@group-BCADF287A12B-LeaderElection58] INFO  impl.LeaderElection (LeaderElection.java:logAndReturn(56)) - 9127dd83-037b-4d39-812f-66db56af525a@group-BCADF287A12B-LeaderElection58: Election REJECTED; received 2 response(s) [9127dd83-037b-4d39-812f-66db56af525a<-7fae3aed-4e76-4283-a599-f93f794625ab#0:FAIL-t62, 9127dd83-037b-4d39-812f-66db56af525a<-58095e90-3010-492a-9083-43cf2e035c3f#0:FAIL-t62] and 0 exception(s); 9127dd83-037b-4d39-812f-66db56af525a@group-BCADF287A12B:t62, leader=null, voted=9127dd83-037b-4d39-812f-66db56af525a, raftlog=9127dd83-037b-4d39-812f-66db56af525a@group-BCADF287A12B-SegmentedRaftLog:OPENED:c-1,f-1,i0, conf=-1: [7fae3aed-4e76-4283-a599-f93f794625ab:192.168.34.21:41352, 58095e90-3010-492a-9083-43cf2e035c3f:192.168.34.21:45284, 9127dd83-037b-4d39-812f-66db56af525a:192.168.34.21:42063], old=null
2019-10-30 05:53:07,851 [9127dd83-037b-4d39-812f-66db56af525a@group-BCADF287A12B-LeaderElection58] INFO  impl.RaftServerImpl (RaftServerImpl.java:setRole(184)) - 9127dd83-037b-4d39-812f-66db56af525a@group-BCADF287A12B: changes role from CANDIDATE to FOLLOWER at term 62 for DISCOVERED_A_NEW_TERM
2019-10-30 05:53:07,851 [9127dd83-037b-4d39-812f-66db56af525a@group-BCADF287A12B-LeaderElection58] INFO  impl.RoleInfo (RoleInfo.java:shutdownLeaderElection(134)) - 9127dd83-037b-4d39-812f-66db56af525a: shutdown LeaderElection
2019-10-30 05:53:07,851 [9127dd83-037b-4d39-812f-66db56af525a@group-BCADF287A12B-LeaderElection58] INFO  impl.RoleInfo (RoleInfo.java:updateAndGet(143)) - 9127dd83-037b-4d39-812f-66db56af525a: start FollowerState
2019-10-30 05:53:07,916 [Thread-607] INFO  impl.FollowerState (FollowerState.java:run(108)) - 9127dd83-037b-4d39-812f-66db56af525a@group-BCADF287A12B-FollowerState: change to CANDIDATE, lastRpcTime:65ms, electionTimeout:65ms
2019-10-30 05:53:07,917 [Thread-607] INFO  impl.RoleInfo (RoleInfo.java:shutdownFollowerState(121)) - 9127dd83-037b-4d39-812f-66db56af525a: shutdown FollowerState
2019-10-30 05:53:07,917 [Thread-607] INFO  impl.RaftServerImpl (RaftServerImpl.java:setRole(184)) - 9127dd83-037b-4d39-812f-66db56af525a@group-BCADF287A12B: changes role from  FOLLOWER to CANDIDATE at term 62 for changeToCandidate
2019-10-30 05:53:07,917 [Thread-607] INFO  impl.RoleInfo (RoleInfo.java:updateAndGet(143)) - 9127dd83-037b-4d39-812f-66db56af525a: start LeaderElection
2019-10-30 05:53:07,931 [9127dd83-037b-4d39-812f-66db56af525a@group-BCADF287A12B-LeaderElection59] INFO  impl.LeaderElection (LeaderElection.java:askForVotes(178)) - 9127dd83-037b-4d39-812f-66db56af525a@group-BCADF287A12B-LeaderElection59: begin an election at term 63 for -1: [7fae3aed-4e76-4283-a599-f93f794625ab:192.168.34.21:41352, 58095e90-3010-492a-9083-43cf2e035c3f:192.168.34.21:45284, 9127dd83-037b-4d39-812f-66db56af525a:192.168.34.21:42063], old=null
2019-10-30 05:53:07,934 [grpc-default-executor-0] INFO  impl.RaftServerImpl (RaftServerImpl.java:setRole(184)) - 58095e90-3010-492a-9083-43cf2e035c3f@group-BCADF287A12B: changes role from  FOLLOWER to FOLLOWER at term 63 for recognizeCandidate:9127dd83-037b-4d39-812f-66db56af525a
2019-10-30 05:53:07,934 [grpc-default-executor-0] INFO  impl.RoleInfo (RoleInfo.java:shutdownFollowerState(121)) - 58095e90-3010-492a-9083-43cf2e035c3f: shutdown FollowerState
2019-10-30 05:53:07,934 [grpc-default-executor-2] INFO  impl.RaftServerImpl (RaftServerImpl.java:setRole(184)) - 7fae3aed-4e76-4283-a599-f93f794625ab@group-BCADF287A12B: changes role from  FOLLOWER to FOLLOWER at term 63 for recognizeCandidate:9127dd83-037b-4d39-812f-66db56af525a
2019-10-30 05:53:07,934 [Thread-604] INFO  impl.FollowerState (FollowerState.java:run(117)) - 58095e90-3010-492a-9083-43cf2e035c3f@group-BCADF287A12B-FollowerState was interrupted: java.lang.InterruptedException: sleep interrupted
2019-10-30 05:53:07,934 [grpc-default-executor-0] INFO  impl.RoleInfo (RoleInfo.java:updateAndGet(143)) - 58095e90-3010-492a-9083-43cf2e035c3f: start FollowerState
2019-10-30 05:53:07,934 [grpc-default-executor-2] INFO  impl.RoleInfo (RoleInfo.java:shutdownFollowerState(121)) - 7fae3aed-4e76-4283-a599-f93f794625ab: shutdown FollowerState
2019-10-30 05:53:07,935 [grpc-default-executor-2] INFO  impl.RoleInfo (RoleInfo.java:updateAndGet(143)) - 7fae3aed-4e76-4283-a599-f93f794625ab: start FollowerState
2019-10-30 05:53:07,935 [Thread-605] INFO  impl.FollowerState (FollowerState.java:run(117)) - 7fae3aed-4e76-4283-a599-f93f794625ab@group-BCADF287A12B-FollowerState was interrupted: java.lang.InterruptedException: sleep interrupted
2019-10-30 05:53:07,949 [9127dd83-037b-4d39-812f-66db56af525a@group-BCADF287A12B-LeaderElection59] INFO  impl.LeaderElection (LeaderElection.java:logAndReturn(56)) - 9127dd83-037b-4d39-812f-66db56af525a@group-BCADF287A12B-LeaderElection59: Election REJECTED; received 2 response(s) [9127dd83-037b-4d39-812f-66db56af525a<-7fae3aed-4e76-4283-a599-f93f794625ab#0:FAIL-t63, 9127dd83-037b-4d39-812f-66db56af525a<-58095e90-3010-492a-9083-43cf2e035c3f#0:FAIL-t63] and 0 exception(s); 9127dd83-037b-4d39-812f-66db56af525a@group-BCADF287A12B:t63, leader=null, voted=9127dd83-037b-4d39-812f-66db56af525a, raftlog=9127dd83-037b-4d39-812f-66db56af525a@group-BCADF287A12B-SegmentedRaftLog:OPENED:c-1,f-1,i0, conf=-1: [7fae3aed-4e76-4283-a599-f93f794625ab:192.168.34.21:41352, 58095e90-3010-492a-9083-43cf2e035c3f:192.168.34.21:45284, 9127dd83-037b-4d39-812f-66db56af525a:192.168.34.21:42063], old=null
2019-10-30 05:53:07,950 [9127dd83-037b-4d39-812f-66db56af525a@group-BCADF287A12B-LeaderElection59] INFO  impl.RaftServerImpl (RaftServerImpl.java:setRole(184)) - 9127dd83-037b-4d39-812f-66db56af525a@group-BCADF287A12B: changes role from CANDIDATE to FOLLOWER at term 63 for DISCOVERED_A_NEW_TERM
2019-10-30 05:53:07,950 [9127dd83-037b-4d39-812f-66db56af525a@group-BCADF287A12B-LeaderElection59] INFO  impl.RoleInfo (RoleInfo.java:shutdownLeaderElection(134)) - 9127dd83-037b-4d39-812f-66db56af525a: shutdown LeaderElection
2019-10-30 05:53:07,950 [9127dd83-037b-4d39-812f-66db56af525a@group-BCADF287A12B-LeaderElection59] INFO  impl.RoleInfo (RoleInfo.java:updateAndGet(143)) - 9127dd83-037b-4d39-812f-66db56af525a: start FollowerState
2019-10-30 05:53:08,082 [Thread-613] INFO  impl.FollowerState (FollowerState.java:run(108)) - 9127dd83-037b-4d39-812f-66db56af525a@group-BCADF287A12B-FollowerState: change to CANDIDATE, lastRpcTime:132ms, electionTimeout:132ms
2019-10-30 05:53:08,082 [Thread-613] INFO  impl.RoleInfo (RoleInfo.java:shutdownFollowerState(121)) - 9127dd83-037b-4d39-812f-66db56af525a: shutdown FollowerState
2019-10-30 05:53:08,083 [Thread-613] INFO  impl.RaftServerImpl (RaftServerImpl.java:setRole(184)) - 9127dd83-037b-4d39-812f-66db56af525a@group-BCADF287A12B: changes role from  FOLLOWER to CANDIDATE at term 63 for changeToCandidate
2019-10-30 05:53:08,083 [Thread-613] INFO  impl.RoleInfo (RoleInfo.java:updateAndGet(143)) - 9127dd83-037b-4d39-812f-66db56af525a: start LeaderElection
2019-10-30 05:53:08,097 [9127dd83-037b-4d39-812f-66db56af525a@group-BCADF287A12B-LeaderElection60] INFO  impl.LeaderElection (LeaderElection.java:askForVotes(178)) - 9127dd83-037b-4d39-812f-66db56af525a@group-BCADF287A12B-LeaderElection60: begin an election at term 64 for -1: [7fae3aed-4e76-4283-a599-f93f794625ab:192.168.34.21:41352, 58095e90-3010-492a-9083-43cf2e035c3f:192.168.34.21:45284, 9127dd83-037b-4d39-812f-66db56af525a:192.168.34.21:42063], old=null
2019-10-30 05:53:08,099 [grpc-default-executor-2] INFO  impl.RaftServerImpl (RaftServerImpl.java:setRole(184)) - 58095e90-3010-492a-9083-43cf2e035c3f@group-BCADF287A12B: changes role from  FOLLOWER to FOLLOWER at term 64 for recognizeCandidate:9127dd83-037b-4d39-812f-66db56af525a
2019-10-30 05:53:08,099 [grpc-default-executor-0] INFO  impl.RaftServerImpl (RaftServerImpl.java:setRole(184)) - 7fae3aed-4e76-4283-a599-f93f794625ab@group-BCADF287A12B: changes role from  FOLLOWER to FOLLOWER at term 64 for recognizeCandidate:9127dd83-037b-4d39-812f-66db56af525a
2019-10-30 05:53:08,099 [grpc-default-executor-2] INFO  impl.RoleInfo (RoleInfo.java:shutdownFollowerState(121)) - 58095e90-3010-492a-9083-43cf2e035c3f: shutdown FollowerState
2019-10-30 05:53:08,100 [grpc-default-executor-0] INFO  impl.RoleInfo (RoleInfo.java:shutdownFollowerState(121)) - 7fae3aed-4e76-4283-a599-f93f794625ab: shutdown FollowerState
2019-10-30 05:53:08,100 [grpc-default-executor-2] INFO  impl.RoleInfo (RoleInfo.java:updateAndGet(143)) - 58095e90-3010-492a-9083-43cf2e035c3f: start FollowerState
2019-10-30 05:53:08,100 [Thread-611] INFO  impl.FollowerState (FollowerState.java:run(117)) - 58095e90-3010-492a-9083-43cf2e035c3f@group-BCADF287A12B-FollowerState was interrupted: java.lang.InterruptedException: sleep interrupted
2019-10-30 05:53:08,100 [grpc-default-executor-0] INFO  impl.RoleInfo (RoleInfo.java:updateAndGet(143)) - 7fae3aed-4e76-4283-a599-f93f794625ab: start FollowerState
2019-10-30 05:53:08,100 [Thread-612] INFO  impl.FollowerState (FollowerState.java:run(117)) - 7fae3aed-4e76-4283-a599-f93f794625ab@group-BCADF287A12B-FollowerState was interrupted: java.lang.InterruptedException: sleep interrupted
2019-10-30 05:53:08,115 [9127dd83-037b-4d39-812f-66db56af525a@group-BCADF287A12B-LeaderElection60] INFO  impl.LeaderElection (LeaderElection.java:logAndReturn(56)) - 9127dd83-037b-4d39-812f-66db56af525a@group-BCADF287A12B-LeaderElection60: Election REJECTED; received 2 response(s) [9127dd83-037b-4d39-812f-66db56af525a<-7fae3aed-4e76-4283-a599-f93f794625ab#0:FAIL-t64, 9127dd83-037b-4d39-812f-66db56af525a<-58095e90-3010-492a-9083-43cf2e035c3f#0:FAIL-t64] and 0 exception(s); 9127dd83-037b-4d39-812f-66db56af525a@group-BCADF287A12B:t64, leader=null, voted=9127dd83-037b-4d39-812f-66db56af525a, raftlog=9127dd83-037b-4d39-812f-66db56af525a@group-BCADF287A12B-SegmentedRaftLog:OPENED:c-1,f-1,i0, conf=-1: [7fae3aed-4e76-4283-a599-f93f794625ab:192.168.34.21:41352, 58095e90-3010-492a-9083-43cf2e035c3f:192.168.34.21:45284, 9127dd83-037b-4d39-812f-66db56af525a:192.168.34.21:42063], old=null
2019-10-30 05:53:08,115 [9127dd83-037b-4d39-812f-66db56af525a@group-BCADF287A12B-LeaderElection60] INFO  impl.RaftServerImpl (RaftServerImpl.java:setRole(184)) - 9127dd83-037b-4d39-812f-66db56af525a@group-BCADF287A12B: changes role from CANDIDATE to FOLLOWER at term 64 for DISCOVERED_A_NEW_TERM
2019-10-30 05:53:08,115 [9127dd83-037b-4d39-812f-66db56af525a@group-BCADF287A12B-LeaderElection60] INFO  impl.RoleInfo (RoleInfo.java:shutdownLeaderElection(134)) - 9127dd83-037b-4d39-812f-66db56af525a: shutdown LeaderElection
2019-10-30 05:53:08,115 [9127dd83-037b-4d39-812f-66db56af525a@group-BCADF287A12B-LeaderElection60] INFO  impl.RoleInfo (RoleInfo.java:updateAndGet(143)) - 9127dd83-037b-4d39-812f-66db56af525a: start FollowerState
2019-10-30 05:53:08,217 [Thread-619] INFO  impl.FollowerState (FollowerState.java:run(108)) - 9127dd83-037b-4d39-812f-66db56af525a@group-BCADF287A12B-FollowerState: change to CANDIDATE, lastRpcTime:101ms, electionTimeout:101ms
2019-10-30 05:53:08,217 [Thread-619] INFO  impl.RoleInfo (RoleInfo.java:shutdownFollowerState(121)) - 9127dd83-037b-4d39-812f-66db56af525a: shutdown FollowerState
2019-10-30 05:53:08,217 [Thread-619] INFO  impl.RaftServerImpl (RaftServerImpl.java:setRole(184)) - 9127dd83-037b-4d39-812f-66db56af525a@group-BCADF287A12B: changes role from  FOLLOWER to CANDIDATE at term 64 for changeToCandidate
2019-10-30 05:53:08,217 [Thread-619] INFO  impl.RoleInfo (RoleInfo.java:updateAndGet(143)) - 9127dd83-037b-4d39-812f-66db56af525a: start LeaderElection
2019-10-30 05:53:08,231 [9127dd83-037b-4d39-812f-66db56af525a@group-BCADF287A12B-LeaderElection61] INFO  impl.LeaderElection (LeaderElection.java:askForVotes(178)) - 9127dd83-037b-4d39-812f-66db56af525a@group-BCADF287A12B-LeaderElection61: begin an election at term 65 for -1: [7fae3aed-4e76-4283-a599-f93f794625ab:192.168.34.21:41352, 58095e90-3010-492a-9083-43cf2e035c3f:192.168.34.21:45284, 9127dd83-037b-4d39-812f-66db56af525a:192.168.34.21:42063], old=null
2019-10-30 05:53:08,234 [grpc-default-executor-0] INFO  impl.RaftServerImpl (RaftServerImpl.java:setRole(184)) - 7fae3aed-4e76-4283-a599-f93f794625ab@group-BCADF287A12B: changes role from  FOLLOWER to FOLLOWER at term 65 for recognizeCandidate:9127dd83-037b-4d39-812f-66db56af525a
2019-10-30 05:53:08,234 [grpc-default-executor-0] INFO  impl.RoleInfo (RoleInfo.java:shutdownFollowerState(121)) - 7fae3aed-4e76-4283-a599-f93f794625ab: shutdown FollowerState
2019-10-30 05:53:08,234 [grpc-default-executor-2] INFO  impl.RaftServerImpl (RaftServerImpl.java:setRole(184)) - 58095e90-3010-492a-9083-43cf2e035c3f@group-BCADF287A12B: changes role from  FOLLOWER to FOLLOWER at term 65 for recognizeCandidate:9127dd83-037b-4d39-812f-66db56af525a
2019-10-30 05:53:08,234 [Thread-618] INFO  impl.FollowerState (FollowerState.java:run(117)) - 7fae3aed-4e76-4283-a599-f93f794625ab@group-BCADF287A12B-FollowerState was interrupted: java.lang.InterruptedException: sleep interrupted
2019-10-30 05:53:08,234 [grpc-default-executor-0] INFO  impl.RoleInfo (RoleInfo.java:updateAndGet(143)) - 7fae3aed-4e76-4283-a599-f93f794625ab: start FollowerState
2019-10-30 05:53:08,234 [grpc-default-executor-2] INFO  impl.RoleInfo (RoleInfo.java:shutdownFollowerState(121)) - 58095e90-3010-492a-9083-43cf2e035c3f: shutdown FollowerState
2019-10-30 05:53:08,235 [grpc-default-executor-2] INFO  impl.RoleInfo (RoleInfo.java:updateAndGet(143)) - 58095e90-3010-492a-9083-43cf2e035c3f: start FollowerState
2019-10-30 05:53:08,235 [Thread-617] INFO  impl.FollowerState (FollowerState.java:run(117)) - 58095e90-3010-492a-9083-43cf2e035c3f@group-BCADF287A12B-FollowerState was interrupted: java.lang.InterruptedException: sleep interrupted
2019-10-30 05:53:08,249 [9127dd83-037b-4d39-812f-66db56af525a@group-BCADF287A12B-LeaderElection61] INFO  impl.LeaderElection (LeaderElection.java:logAndReturn(56)) - 9127dd83-037b-4d39-812f-66db56af525a@group-BCADF287A12B-LeaderElection61: Election REJECTED; received 2 response(s) [9127dd83-037b-4d39-812f-66db56af525a<-7fae3aed-4e76-4283-a599-f93f794625ab#0:FAIL-t65, 9127dd83-037b-4d39-812f-66db56af525a<-58095e90-3010-492a-9083-43cf2e035c3f#0:FAIL-t65] and 0 exception(s); 9127dd83-037b-4d39-812f-66db56af525a@group-BCADF287A12B:t65, leader=null, voted=9127dd83-037b-4d39-812f-66db56af525a, raftlog=9127dd83-037b-4d39-812f-66db56af525a@group-BCADF287A12B-SegmentedRaftLog:OPENED:c-1,f-1,i0, conf=-1: [7fae3aed-4e76-4283-a599-f93f794625ab:192.168.34.21:41352, 58095e90-3010-492a-9083-43cf2e035c3f:192.168.34.21:45284, 9127dd83-037b-4d39-812f-66db56af525a:192.168.34.21:42063], old=null
2019-10-30 05:53:08,250 [9127dd83-037b-4d39-812f-66db56af525a@group-BCADF287A12B-LeaderElection61] INFO  impl.RaftServerImpl (RaftServerImpl.java:setRole(184)) - 9127dd83-037b-4d39-812f-66db56af525a@group-BCADF287A12B: changes role from CANDIDATE to FOLLOWER at term 65 for DISCOVERED_A_NEW_TERM
2019-10-30 05:53:08,250 [9127dd83-037b-4d39-812f-66db56af525a@group-BCADF287A12B-LeaderElection61] INFO  impl.RoleInfo (RoleInfo.java:shutdownLeaderElection(134)) - 9127dd83-037b-4d39-812f-66db56af525a: shutdown LeaderElection
2019-10-30 05:53:08,250 [9127dd83-037b-4d39-812f-66db56af525a@group-BCADF287A12B-LeaderElection61] INFO  impl.RoleInfo (RoleInfo.java:updateAndGet(143)) - 9127dd83-037b-4d39-812f-66db56af525a: start FollowerState
2019-10-30 05:53:08,434 [Thread-625] INFO  impl.FollowerState (FollowerState.java:run(108)) - 9127dd83-037b-4d39-812f-66db56af525a@group-BCADF287A12B-FollowerState: change to CANDIDATE, lastRpcTime:184ms, electionTimeout:184ms
2019-10-30 05:53:08,435 [Thread-625] INFO  impl.RoleInfo (RoleInfo.java:shutdownFollowerState(121)) - 9127dd83-037b-4d39-812f-66db56af525a: shutdown FollowerState
2019-10-30 05:53:08,435 [Thread-625] INFO  impl.RaftServerImpl (RaftServerImpl.java:setRole(184)) - 9127dd83-037b-4d39-812f-66db56af525a@group-BCADF287A12B: changes role from  FOLLOWER to CANDIDATE at term 65 for changeToCandidate
2019-10-30 05:53:08,435 [Thread-625] INFO  impl.RoleInfo (RoleInfo.java:updateAndGet(143)) - 9127dd83-037b-4d39-812f-66db56af525a: start LeaderElection
2019-10-30 05:53:08,449 [9127dd83-037b-4d39-812f-66db56af525a@group-BCADF287A12B-LeaderElection62] INFO  impl.LeaderElection (LeaderElection.java:askForVotes(178)) - 9127dd83-037b-4d39-812f-66db56af525a@group-BCADF287A12B-LeaderElection62: begin an election at term 66 for -1: [7fae3aed-4e76-4283-a599-f93f794625ab:192.168.34.21:41352, 58095e90-3010-492a-9083-43cf2e035c3f:192.168.34.21:45284, 9127dd83-037b-4d39-812f-66db56af525a:192.168.34.21:42063], old=null
2019-10-30 05:53:08,452 [grpc-default-executor-0] INFO  impl.RaftServerImpl (RaftServerImpl.java:setRole(184)) - 58095e90-3010-492a-9083-43cf2e035c3f@group-BCADF287A12B: changes role from  FOLLOWER to FOLLOWER at term 66 for recognizeCandidate:9127dd83-037b-4d39-812f-66db56af525a
2019-10-30 05:53:08,452 [grpc-default-executor-0] INFO  impl.RoleInfo (RoleInfo.java:shutdownFollowerState(121)) - 58095e90-3010-492a-9083-43cf2e035c3f: shutdown FollowerState
2019-10-30 05:53:08,452 [grpc-default-executor-2] INFO  impl.RaftServerImpl (RaftServerImpl.java:setRole(184)) - 7fae3aed-4e76-4283-a599-f93f794625ab@group-BCADF287A12B: changes role from  FOLLOWER to FOLLOWER at term 66 for recognizeCandidate:9127dd83-037b-4d39-812f-66db56af525a
2019-10-30 05:53:08,452 [Thread-624] INFO  impl.FollowerState (FollowerState.java:run(117)) - 58095e90-3010-492a-9083-43cf2e035c3f@group-BCADF287A12B-FollowerState was interrupted: java.lang.InterruptedException: sleep interrupted
2019-10-30 05:53:08,452 [grpc-default-executor-0] INFO  impl.RoleInfo (RoleInfo.java:updateAndGet(143)) - 58095e90-3010-492a-9083-43cf2e035c3f: start FollowerState
2019-10-30 05:53:08,452 [grpc-default-executor-2] INFO  impl.RoleInfo (RoleInfo.java:shutdownFollowerState(121)) - 7fae3aed-4e76-4283-a599-f93f794625ab: shutdown FollowerState
2019-10-30 05:53:08,453 [grpc-default-executor-2] INFO  impl.RoleInfo (RoleInfo.java:updateAndGet(143)) - 7fae3aed-4e76-4283-a599-f93f794625ab: start FollowerState
2019-10-30 05:53:08,453 [Thread-623] INFO  impl.FollowerState (FollowerState.java:run(117)) - 7fae3aed-4e76-4283-a599-f93f794625ab@group-BCADF287A12B-FollowerState was interrupted: java.lang.InterruptedException: sleep interrupted
2019-10-30 05:53:08,467 [9127dd83-037b-4d39-812f-66db56af525a@group-BCADF287A12B-LeaderElection62] INFO  impl.LeaderElection (LeaderElection.java:logAndReturn(56)) - 9127dd83-037b-4d39-812f-66db56af525a@group-BCADF287A12B-LeaderElection62: Election REJECTED; received 2 response(s) [9127dd83-037b-4d39-812f-66db56af525a<-7fae3aed-4e76-4283-a599-f93f794625ab#0:FAIL-t66, 9127dd83-037b-4d39-812f-66db56af525a<-58095e90-3010-492a-9083-43cf2e035c3f#0:FAIL-t66] and 0 exception(s); 9127dd83-037b-4d39-812f-66db56af525a@group-BCADF287A12B:t66, leader=null, voted=9127dd83-037b-4d39-812f-66db56af525a, raftlog=9127dd83-037b-4d39-812f-66db56af525a@group-BCADF287A12B-SegmentedRaftLog:OPENED:c-1,f-1,i0, conf=-1: [7fae3aed-4e76-4283-a599-f93f794625ab:192.168.34.21:41352, 58095e90-3010-492a-9083-43cf2e035c3f:192.168.34.21:45284, 9127dd83-037b-4d39-812f-66db56af525a:192.168.34.21:42063], old=null
2019-10-30 05:53:08,467 [9127dd83-037b-4d39-812f-66db56af525a@group-BCADF287A12B-LeaderElection62] INFO  impl.RaftServerImpl (RaftServerImpl.java:setRole(184)) - 9127dd83-037b-4d39-812f-66db56af525a@group-BCADF287A12B: changes role from CANDIDATE to FOLLOWER at term 66 for DISCOVERED_A_NEW_TERM
2019-10-30 05:53:08,467 [9127dd83-037b-4d39-812f-66db56af525a@group-BCADF287A12B-LeaderElection62] INFO  impl.RoleInfo (RoleInfo.java:shutdownLeaderElection(134)) - 9127dd83-037b-4d39-812f-66db56af525a: shutdown LeaderElection
2019-10-30 05:53:08,468 [9127dd83-037b-4d39-812f-66db56af525a@group-BCADF287A12B-LeaderElection62] INFO  impl.RoleInfo (RoleInfo.java:updateAndGet(143)) - 9127dd83-037b-4d39-812f-66db56af525a: start FollowerState
2019-10-30 05:53:08,586 [Thread-631] INFO  impl.FollowerState (FollowerState.java:run(108)) - 9127dd83-037b-4d39-812f-66db56af525a@group-BCADF287A12B-FollowerState: change to CANDIDATE, lastRpcTime:118ms, electionTimeout:118ms
2019-10-30 05:53:08,586 [Thread-631] INFO  impl.RoleInfo (RoleInfo.java:shutdownFollowerState(121)) - 9127dd83-037b-4d39-812f-66db56af525a: shutdown FollowerState
2019-10-30 05:53:08,586 [Thread-631] INFO  impl.RaftServerImpl (RaftServerImpl.java:setRole(184)) - 9127dd83-037b-4d39-812f-66db56af525a@group-BCADF287A12B: changes role from  FOLLOWER to CANDIDATE at term 66 for changeToCandidate
2019-10-30 05:53:08,587 [Thread-631] INFO  impl.RoleInfo (RoleInfo.java:updateAndGet(143)) - 9127dd83-037b-4d39-812f-66db56af525a: start LeaderElection
2019-10-30 05:53:08,601 [9127dd83-037b-4d39-812f-66db56af525a@group-BCADF287A12B-LeaderElection63] INFO  impl.LeaderElection (LeaderElection.java:askForVotes(178)) - 9127dd83-037b-4d39-812f-66db56af525a@group-BCADF287A12B-LeaderElection63: begin an election at term 67 for -1: [7fae3aed-4e76-4283-a599-f93f794625ab:192.168.34.21:41352, 58095e90-3010-492a-9083-43cf2e035c3f:192.168.34.21:45284, 9127dd83-037b-4d39-812f-66db56af525a:192.168.34.21:42063], old=null
2019-10-30 05:53:08,604 [grpc-default-executor-0] INFO  impl.RaftServerImpl (RaftServerImpl.java:setRole(184)) - 58095e90-3010-492a-9083-43cf2e035c3f@group-BCADF287A12B: changes role from  FOLLOWER to FOLLOWER at term 67 for recognizeCandidate:9127dd83-037b-4d39-812f-66db56af525a
2019-10-30 05:53:08,604 [grpc-default-executor-2] INFO  impl.RaftServerImpl (RaftServerImpl.java:setRole(184)) - 7fae3aed-4e76-4283-a599-f93f794625ab@group-BCADF287A12B: changes role from  FOLLOWER to FOLLOWER at term 67 for recognizeCandidate:9127dd83-037b-4d39-812f-66db56af525a
2019-10-30 05:53:08,604 [grpc-default-executor-0] INFO  impl.RoleInfo (RoleInfo.java:shutdownFollowerState(121)) - 58095e90-3010-492a-9083-43cf2e035c3f: shutdown FollowerState
2019-10-30 05:53:08,605 [grpc-default-executor-2] INFO  impl.RoleInfo (RoleInfo.java:shutdownFollowerState(121)) - 7fae3aed-4e76-4283-a599-f93f794625ab: shutdown FollowerState
2019-10-30 05:53:08,605 [Thread-629] INFO  impl.FollowerState (FollowerState.java:run(117)) - 58095e90-3010-492a-9083-43cf2e035c3f@group-BCADF287A12B-FollowerState was interrupted: java.lang.InterruptedException: sleep interrupted
2019-10-30 05:53:08,605 [grpc-default-executor-0] INFO  impl.RoleInfo (RoleInfo.java:updateAndGet(143)) - 58095e90-3010-492a-9083-43cf2e035c3f: start FollowerState
2019-10-30 05:53:08,605 [Thread-630] INFO  impl.FollowerState (FollowerState.java:run(117)) - 7fae3aed-4e76-4283-a599-f93f794625ab@group-BCADF287A12B-FollowerState was interrupted: java.lang.InterruptedException: sleep interrupted
2019-10-30 05:53:08,605 [grpc-default-executor-2] INFO  impl.RoleInfo (RoleInfo.java:updateAndGet(143)) - 7fae3aed-4e76-4283-a599-f93f794625ab: start FollowerState
2019-10-30 05:53:08,620 [9127dd83-037b-4d39-812f-66db56af525a@group-BCADF287A12B-LeaderElection63] INFO  impl.LeaderElection (LeaderElection.java:logAndReturn(56)) - 9127dd83-037b-4d39-812f-66db56af525a@group-BCADF287A12B-LeaderElection63: Election REJECTED; received 2 response(s) [9127dd83-037b-4d39-812f-66db56af525a<-7fae3aed-4e76-4283-a599-f93f794625ab#0:FAIL-t67, 9127dd83-037b-4d39-812f-66db56af525a<-58095e90-3010-492a-9083-43cf2e035c3f#0:FAIL-t67] and 0 exception(s); 9127dd83-037b-4d39-812f-66db56af525a@group-BCADF287A12B:t67, leader=null, voted=9127dd83-037b-4d39-812f-66db56af525a, raftlog=9127dd83-037b-4d39-812f-66db56af525a@group-BCADF287A12B-SegmentedRaftLog:OPENED:c-1,f-1,i0, conf=-1: [7fae3aed-4e76-4283-a599-f93f794625ab:192.168.34.21:41352, 58095e90-3010-492a-9083-43cf2e035c3f:192.168.34.21:45284, 9127dd83-037b-4d39-812f-66db56af525a:192.168.34.21:42063], old=null
2019-10-30 05:53:08,620 [9127dd83-037b-4d39-812f-66db56af525a@group-BCADF287A12B-LeaderElection63] INFO  impl.RaftServerImpl (RaftServerImpl.java:setRole(184)) - 9127dd83-037b-4d39-812f-66db56af525a@group-BCADF287A12B: changes role from CANDIDATE to FOLLOWER at term 67 for DISCOVERED_A_NEW_TERM
2019-10-30 05:53:08,620 [9127dd83-037b-4d39-812f-66db56af525a@group-BCADF287A12B-LeaderElection63] INFO  impl.RoleInfo (RoleInfo.java:shutdownLeaderElection(134)) - 9127dd83-037b-4d39-812f-66db56af525a: shutdown LeaderElection
2019-10-30 05:53:08,620 [9127dd83-037b-4d39-812f-66db56af525a@group-BCADF287A12B-LeaderElection63] INFO  impl.RoleInfo (RoleInfo.java:updateAndGet(143)) - 9127dd83-037b-4d39-812f-66db56af525a: start FollowerState
2019-10-30 05:53:08,705 [Thread-637] INFO  impl.FollowerState (FollowerState.java:run(108)) - 9127dd83-037b-4d39-812f-66db56af525a@group-BCADF287A12B-FollowerState: change to CANDIDATE, lastRpcTime:84ms, electionTimeout:84ms
2019-10-30 05:53:08,705 [Thread-637] INFO  impl.RoleInfo (RoleInfo.java:shutdownFollowerState(121)) - 9127dd83-037b-4d39-812f-66db56af525a: shutdown FollowerState
2019-10-30 05:53:08,705 [Thread-637] INFO  impl.RaftServerImpl (RaftServerImpl.java:setRole(184)) - 9127dd83-037b-4d39-812f-66db56af525a@group-BCADF287A12B: changes role from  FOLLOWER to CANDIDATE at term 67 for changeToCandidate
2019-10-30 05:53:08,705 [Thread-637] INFO  impl.RoleInfo (RoleInfo.java:updateAndGet(143)) - 9127dd83-037b-4d39-812f-66db56af525a: start LeaderElection
2019-10-30 05:53:08,716 [9127dd83-037b-4d39-812f-66db56af525a@group-BCADF287A12B-LeaderElection64] INFO  impl.LeaderElection (LeaderElection.java:askForVotes(178)) - 9127dd83-037b-4d39-812f-66db56af525a@group-BCADF287A12B-LeaderElection64: begin an election at term 68 for -1: [7fae3aed-4e76-4283-a599-f93f794625ab:192.168.34.21:41352, 58095e90-3010-492a-9083-43cf2e035c3f:192.168.34.21:45284, 9127dd83-037b-4d39-812f-66db56af525a:192.168.34.21:42063], old=null
2019-10-30 05:53:08,719 [grpc-default-executor-0] INFO  impl.RaftServerImpl (RaftServerImpl.java:setRole(184)) - 7fae3aed-4e76-4283-a599-f93f794625ab@group-BCADF287A12B: changes role from  FOLLOWER to FOLLOWER at term 68 for recognizeCandidate:9127dd83-037b-4d39-812f-66db56af525a
2019-10-30 05:53:08,719 [grpc-default-executor-2] INFO  impl.RaftServerImpl (RaftServerImpl.java:setRole(184)) - 58095e90-3010-492a-9083-43cf2e035c3f@group-BCADF287A12B: changes role from  FOLLOWER to FOLLOWER at term 68 for recognizeCandidate:9127dd83-037b-4d39-812f-66db56af525a
2019-10-30 05:53:08,720 [grpc-default-executor-0] INFO  impl.RoleInfo (RoleInfo.java:shutdownFollowerState(121)) - 7fae3aed-4e76-4283-a599-f93f794625ab: shutdown FollowerState
2019-10-30 05:53:08,720 [grpc-default-executor-2] INFO  impl.RoleInfo (RoleInfo.java:shutdownFollowerState(121)) - 58095e90-3010-492a-9083-43cf2e035c3f: shutdown FollowerState
2019-10-30 05:53:08,720 [Thread-636] INFO  impl.FollowerState (FollowerState.java:run(117)) - 7fae3aed-4e76-4283-a599-f93f794625ab@group-BCADF287A12B-FollowerState was interrupted: java.lang.InterruptedException: sleep interrupted
2019-10-30 05:53:08,720 [Thread-635] INFO  impl.FollowerState (FollowerState.java:run(117)) - 58095e90-3010-492a-9083-43cf2e035c3f@group-BCADF287A12B-FollowerState was interrupted: java.lang.InterruptedException: sleep interrupted
2019-10-30 05:53:08,720 [grpc-default-executor-0] INFO  impl.RoleInfo (RoleInfo.java:updateAndGet(143)) - 7fae3aed-4e76-4283-a599-f93f794625ab: start FollowerState
2019-10-30 05:53:08,720 [grpc-default-executor-2] INFO  impl.RoleInfo (RoleInfo.java:updateAndGet(143)) - 58095e90-3010-492a-9083-43cf2e035c3f: start FollowerState
2019-10-30 05:53:08,735 [9127dd83-037b-4d39-812f-66db56af525a@group-BCADF287A12B-LeaderElection64] INFO  impl.LeaderElection (LeaderElection.java:logAndReturn(56)) - 9127dd83-037b-4d39-812f-66db56af525a@group-BCADF287A12B-LeaderElection64: Election REJECTED; received 2 response(s) [9127dd83-037b-4d39-812f-66db56af525a<-7fae3aed-4e76-4283-a599-f93f794625ab#0:FAIL-t68, 9127dd83-037b-4d39-812f-66db56af525a<-58095e90-3010-492a-9083-43cf2e035c3f#0:FAIL-t68] and 0 exception(s); 9127dd83-037b-4d39-812f-66db56af525a@group-BCADF287A12B:t68, leader=null, voted=9127dd83-037b-4d39-812f-66db56af525a, raftlog=9127dd83-037b-4d39-812f-66db56af525a@group-BCADF287A12B-SegmentedRaftLog:OPENED:c-1,f-1,i0, conf=-1: [7fae3aed-4e76-4283-a599-f93f794625ab:192.168.34.21:41352, 58095e90-3010-492a-9083-43cf2e035c3f:192.168.34.21:45284, 9127dd83-037b-4d39-812f-66db56af525a:192.168.34.21:42063], old=null
2019-10-30 05:53:08,735 [9127dd83-037b-4d39-812f-66db56af525a@group-BCADF287A12B-LeaderElection64] INFO  impl.RaftServerImpl (RaftServerImpl.java:setRole(184)) - 9127dd83-037b-4d39-812f-66db56af525a@group-BCADF287A12B: changes role from CANDIDATE to FOLLOWER at term 68 for DISCOVERED_A_NEW_TERM
2019-10-30 05:53:08,735 [9127dd83-037b-4d39-812f-66db56af525a@group-BCADF287A12B-LeaderElection64] INFO  impl.RoleInfo (RoleInfo.java:shutdownLeaderElection(134)) - 9127dd83-037b-4d39-812f-66db56af525a: shutdown LeaderElection
2019-10-30 05:53:08,735 [9127dd83-037b-4d39-812f-66db56af525a@group-BCADF287A12B-LeaderElection64] INFO  impl.RoleInfo (RoleInfo.java:updateAndGet(143)) - 9127dd83-037b-4d39-812f-66db56af525a: start FollowerState
2019-10-30 05:53:08,846 [Thread-643] INFO  impl.FollowerState (FollowerState.java:run(108)) - 9127dd83-037b-4d39-812f-66db56af525a@group-BCADF287A12B-FollowerState: change to CANDIDATE, lastRpcTime:110ms, electionTimeout:110ms
2019-10-30 05:53:08,846 [Thread-643] INFO  impl.RoleInfo (RoleInfo.java:shutdownFollowerState(121)) - 9127dd83-037b-4d39-812f-66db56af525a: shutdown FollowerState
2019-10-30 05:53:08,846 [Thread-643] INFO  impl.RaftServerImpl (RaftServerImpl.java:setRole(184)) - 9127dd83-037b-4d39-812f-66db56af525a@group-BCADF287A12B: changes role from  FOLLOWER to CANDIDATE at term 68 for changeToCandidate
2019-10-30 05:53:08,846 [Thread-643] INFO  impl.RoleInfo (RoleInfo.java:updateAndGet(143)) - 9127dd83-037b-4d39-812f-66db56af525a: start LeaderElection
2019-10-30 05:53:08,852 [9127dd83-037b-4d39-812f-66db56af525a@group-BCADF287A12B-LeaderElection65] INFO  impl.LeaderElection (LeaderElection.java:askForVotes(178)) - 9127dd83-037b-4d39-812f-66db56af525a@group-BCADF287A12B-LeaderElection65: begin an election at term 69 for -1: [7fae3aed-4e76-4283-a599-f93f794625ab:192.168.34.21:41352, 58095e90-3010-492a-9083-43cf2e035c3f:192.168.34.21:45284, 9127dd83-037b-4d39-812f-66db56af525a:192.168.34.21:42063], old=null
2019-10-30 05:53:08,854 [grpc-default-executor-2] INFO  impl.RaftServerImpl (RaftServerImpl.java:setRole(184)) - 7fae3aed-4e76-4283-a599-f93f794625ab@group-BCADF287A12B: changes role from  FOLLOWER to FOLLOWER at term 69 for recognizeCandidate:9127dd83-037b-4d39-812f-66db56af525a
2019-10-30 05:53:08,855 [grpc-default-executor-2] INFO  impl.RoleInfo (RoleInfo.java:shutdownFollowerState(121)) - 7fae3aed-4e76-4283-a599-f93f794625ab: shutdown FollowerState
2019-10-30 05:53:08,855 [grpc-default-executor-0] INFO  impl.RaftServerImpl (RaftServerImpl.java:setRole(184)) - 58095e90-3010-492a-9083-43cf2e035c3f@group-BCADF287A12B: changes role from  FOLLOWER to FOLLOWER at term 69 for recognizeCandidate:9127dd83-037b-4d39-812f-66db56af525a
2019-10-30 05:53:08,855 [grpc-default-executor-2] INFO  impl.RoleInfo (RoleInfo.java:updateAndGet(143)) - 7fae3aed-4e76-4283-a599-f93f794625ab: start FollowerState
2019-10-30 05:53:08,855 [Thread-641] INFO  impl.FollowerState (FollowerState.java:run(117)) - 7fae3aed-4e76-4283-a599-f93f794625ab@group-BCADF287A12B-FollowerState was interrupted: java.lang.InterruptedException: sleep interrupted
2019-10-30 05:53:08,855 [grpc-default-executor-0] INFO  impl.RoleInfo (RoleInfo.java:shutdownFollowerState(121)) - 58095e90-3010-492a-9083-43cf2e035c3f: shutdown FollowerState
2019-10-30 05:53:08,855 [grpc-default-executor-0] INFO  impl.RoleInfo (RoleInfo.java:updateAndGet(143)) - 58095e90-3010-492a-9083-43cf2e035c3f: start FollowerState
2019-10-30 05:53:08,856 [Thread-642] INFO  impl.FollowerState (FollowerState.java:run(117)) - 58095e90-3010-492a-9083-43cf2e035c3f@group-BCADF287A12B-FollowerState was interrupted: java.lang.InterruptedException: sleep interrupted
2019-10-30 05:53:08,877 [9127dd83-037b-4d39-812f-66db56af525a@group-BCADF287A12B-LeaderElection65] INFO  impl.LeaderElection (LeaderElection.java:logAndReturn(56)) - 9127dd83-037b-4d39-812f-66db56af525a@group-BCADF287A12B-LeaderElection65: Election REJECTED; received 2 response(s) [9127dd83-037b-4d39-812f-66db56af525a<-7fae3aed-4e76-4283-a599-f93f794625ab#0:FAIL-t69, 9127dd83-037b-4d39-812f-66db56af525a<-58095e90-3010-492a-9083-43cf2e035c3f#0:FAIL-t69] and 0 exception(s); 9127dd83-037b-4d39-812f-66db56af525a@group-BCADF287A12B:t69, leader=null, voted=9127dd83-037b-4d39-812f-66db56af525a, raftlog=9127dd83-037b-4d39-812f-66db56af525a@group-BCADF287A12B-SegmentedRaftLog:OPENED:c-1,f-1,i0, conf=-1: [7fae3aed-4e76-4283-a599-f93f794625ab:192.168.34.21:41352, 58095e90-3010-492a-9083-43cf2e035c3f:192.168.34.21:45284, 9127dd83-037b-4d39-812f-66db56af525a:192.168.34.21:42063], old=null
2019-10-30 05:53:08,877 [9127dd83-037b-4d39-812f-66db56af525a@group-BCADF287A12B-LeaderElection65] INFO  impl.RaftServerImpl (RaftServerImpl.java:setRole(184)) - 9127dd83-037b-4d39-812f-66db56af525a@group-BCADF287A12B: changes role from CANDIDATE to FOLLOWER at term 69 for DISCOVERED_A_NEW_TERM
2019-10-30 05:53:08,877 [9127dd83-037b-4d39-812f-66db56af525a@group-BCADF287A12B-LeaderElection65] INFO  impl.RoleInfo (RoleInfo.java:shutdownLeaderElection(134)) - 9127dd83-037b-4d39-812f-66db56af525a: shutdown LeaderElection
2019-10-30 05:53:08,877 [9127dd83-037b-4d39-812f-66db56af525a@group-BCADF287A12B-LeaderElection65] INFO  impl.RoleInfo (RoleInfo.java:updateAndGet(143)) - 9127dd83-037b-4d39-812f-66db56af525a: start FollowerState
2019-10-30 05:53:08,889 [Thread-651] INFO  impl.FollowerState (FollowerState.java:run(108)) - 9127dd83-037b-4d39-812f-66db56af525a@group-BCADF287A12B-FollowerState: change to CANDIDATE, lastRpcTime:11ms, electionTimeout:11ms
2019-10-30 05:53:08,889 [Thread-651] INFO  impl.RoleInfo (RoleInfo.java:shutdownFollowerState(121)) - 9127dd83-037b-4d39-812f-66db56af525a: shutdown FollowerState
2019-10-30 05:53:08,889 [Thread-651] INFO  impl.RaftServerImpl (RaftServerImpl.java:setRole(184)) - 9127dd83-037b-4d39-812f-66db56af525a@group-BCADF287A12B: changes role from  FOLLOWER to CANDIDATE at term 69 for changeToCandidate
2019-10-30 05:53:08,889 [Thread-651] INFO  impl.RoleInfo (RoleInfo.java:updateAndGet(143)) - 9127dd83-037b-4d39-812f-66db56af525a: start LeaderElection
2019-10-30 05:53:08,903 [9127dd83-037b-4d39-812f-66db56af525a@group-BCADF287A12B-LeaderElection66] INFO  impl.LeaderElection (LeaderElection.java:askForVotes(178)) - 9127dd83-037b-4d39-812f-66db56af525a@group-BCADF287A12B-LeaderElection66: begin an election at term 70 for -1: [7fae3aed-4e76-4283-a599-f93f794625ab:192.168.34.21:41352, 58095e90-3010-492a-9083-43cf2e035c3f:192.168.34.21:45284, 9127dd83-037b-4d39-812f-66db56af525a:192.168.34.21:42063], old=null
2019-10-30 05:53:08,906 [grpc-default-executor-0] INFO  impl.RaftServerImpl (RaftServerImpl.java:setRole(184)) - 7fae3aed-4e76-4283-a599-f93f794625ab@group-BCADF287A12B: changes role from  FOLLOWER to FOLLOWER at term 70 for recognizeCandidate:9127dd83-037b-4d39-812f-66db56af525a
2019-10-30 05:53:08,906 [grpc-default-executor-2] INFO  impl.RaftServerImpl (RaftServerImpl.java:setRole(184)) - 58095e90-3010-492a-9083-43cf2e035c3f@group-BCADF287A12B: changes role from  FOLLOWER to FOLLOWER at term 70 for recognizeCandidate:9127dd83-037b-4d39-812f-66db56af525a
2019-10-30 05:53:08,906 [grpc-default-executor-2] INFO  impl.RoleInfo (RoleInfo.java:shutdownFollowerState(121)) - 58095e90-3010-492a-9083-43cf2e035c3f: shutdown FollowerState
2019-10-30 05:53:08,906 [grpc-default-executor-0] INFO  impl.RoleInfo (RoleInfo.java:shutdownFollowerState(121)) - 7fae3aed-4e76-4283-a599-f93f794625ab: shutdown FollowerState
2019-10-30 05:53:08,906 [Thread-649] INFO  impl.FollowerState (FollowerState.java:run(117)) - 58095e90-3010-492a-9083-43cf2e035c3f@group-BCADF287A12B-FollowerState was interrupted: java.lang.InterruptedException: sleep interrupted
2019-10-30 05:53:08,906 [grpc-default-executor-2] INFO  impl.RoleInfo (RoleInfo.java:updateAndGet(143)) - 58095e90-3010-492a-9083-43cf2e035c3f: start FollowerState
2019-10-30 05:53:08,906 [Thread-648] INFO  impl.FollowerState (FollowerState.java:run(117)) - 7fae3aed-4e76-4283-a599-f93f794625ab@group-BCADF287A12B-FollowerState was interrupted: java.lang.InterruptedException: sleep interrupted
2019-10-30 05:53:08,906 [grpc-default-executor-0] INFO  impl.RoleInfo (RoleInfo.java:updateAndGet(143)) - 7fae3aed-4e76-4283-a599-f93f794625ab: start FollowerState
2019-10-30 05:53:08,911 [9127dd83-037b-4d39-812f-66db56af525a@group-BCADF287A12B-LeaderElection66] INFO  impl.LeaderElection (LeaderElection.java:logAndReturn(56)) - 9127dd83-037b-4d39-812f-66db56af525a@group-BCADF287A12B-LeaderElection66: Election REJECTED; received 2 response(s) [9127dd83-037b-4d39-812f-66db56af525a<-7fae3aed-4e76-4283-a599-f93f794625ab#0:FAIL-t70, 9127dd83-037b-4d39-812f-66db56af525a<-58095e90-3010-492a-9083-43cf2e035c3f#0:FAIL-t70] and 0 exception(s); 9127dd83-037b-4d39-812f-66db56af525a@group-BCADF287A12B:t70, leader=null, voted=9127dd83-037b-4d39-812f-66db56af525a, raftlog=9127dd83-037b-4d39-812f-66db56af525a@group-BCADF287A12B-SegmentedRaftLog:OPENED:c-1,f-1,i0, conf=-1: [7fae3aed-4e76-4283-a599-f93f794625ab:192.168.34.21:41352, 58095e90-3010-492a-9083-43cf2e035c3f:192.168.34.21:45284, 9127dd83-037b-4d39-812f-66db56af525a:192.168.34.21:42063], old=null
2019-10-30 05:53:08,912 [9127dd83-037b-4d39-812f-66db56af525a@group-BCADF287A12B-LeaderElection66] INFO  impl.RaftServerImpl (RaftServerImpl.java:setRole(184)) - 9127dd83-037b-4d39-812f-66db56af525a@group-BCADF287A12B: changes role from CANDIDATE to FOLLOWER at term 70 for DISCOVERED_A_NEW_TERM
2019-10-30 05:53:08,912 [9127dd83-037b-4d39-812f-66db56af525a@group-BCADF287A12B-LeaderElection66] INFO  impl.RoleInfo (RoleInfo.java:shutdownLeaderElection(134)) - 9127dd83-037b-4d39-812f-66db56af525a: shutdown LeaderElection
2019-10-30 05:53:08,912 [9127dd83-037b-4d39-812f-66db56af525a@group-BCADF287A12B-LeaderElection66] INFO  impl.RoleInfo (RoleInfo.java:updateAndGet(143)) - 9127dd83-037b-4d39-812f-66db56af525a: start FollowerState
2019-10-30 05:53:09,099 [Thread-657] INFO  impl.FollowerState (FollowerState.java:run(108)) - 9127dd83-037b-4d39-812f-66db56af525a@group-BCADF287A12B-FollowerState: change to CANDIDATE, lastRpcTime:187ms, electionTimeout:187ms
2019-10-30 05:53:09,099 [Thread-657] INFO  impl.RoleInfo (RoleInfo.java:shutdownFollowerState(121)) - 9127dd83-037b-4d39-812f-66db56af525a: shutdown FollowerState
2019-10-30 05:53:09,100 [Thread-657] INFO  impl.RaftServerImpl (RaftServerImpl.java:setRole(184)) - 9127dd83-037b-4d39-812f-66db56af525a@group-BCADF287A12B: changes role from  FOLLOWER to CANDIDATE at term 70 for changeToCandidate
2019-10-30 05:53:09,100 [Thread-657] INFO  impl.RoleInfo (RoleInfo.java:updateAndGet(143)) - 9127dd83-037b-4d39-812f-66db56af525a: start LeaderElection
2019-10-30 05:53:09,114 [9127dd83-037b-4d39-812f-66db56af525a@group-BCADF287A12B-LeaderElection67] INFO  impl.LeaderElection (LeaderElection.java:askForVotes(178)) - 9127dd83-037b-4d39-812f-66db56af525a@group-BCADF287A12B-LeaderElection67: begin an election at term 71 for -1: [7fae3aed-4e76-4283-a599-f93f794625ab:192.168.34.21:41352, 58095e90-3010-492a-9083-43cf2e035c3f:192.168.34.21:45284, 9127dd83-037b-4d39-812f-66db56af525a:192.168.34.21:42063], old=null
2019-10-30 05:53:09,116 [grpc-default-executor-2] INFO  impl.RaftServerImpl (RaftServerImpl.java:setRole(184)) - 58095e90-3010-492a-9083-43cf2e035c3f@group-BCADF287A12B: changes role from  FOLLOWER to FOLLOWER at term 71 for recognizeCandidate:9127dd83-037b-4d39-812f-66db56af525a
2019-10-30 05:53:09,117 [grpc-default-executor-2] INFO  impl.RoleInfo (RoleInfo.java:shutdownFollowerState(121)) - 58095e90-3010-492a-9083-43cf2e035c3f: shutdown FollowerState
2019-10-30 05:53:09,117 [grpc-default-executor-0] INFO  impl.RaftServerImpl (RaftServerImpl.java:setRole(184)) - 7fae3aed-4e76-4283-a599-f93f794625ab@group-BCADF287A12B: changes role from  FOLLOWER to FOLLOWER at term 71 for recognizeCandidate:9127dd83-037b-4d39-812f-66db56af525a
2019-10-30 05:53:09,117 [Thread-655] INFO  impl.FollowerState (FollowerState.java:run(117)) - 58095e90-3010-492a-9083-43cf2e035c3f@group-BCADF287A12B-FollowerState was interrupted: java.lang.InterruptedException: sleep interrupted
2019-10-30 05:53:09,117 [grpc-default-executor-2] INFO  impl.RoleInfo (RoleInfo.java:updateAndGet(143)) - 58095e90-3010-492a-9083-43cf2e035c3f: start FollowerState
2019-10-30 05:53:09,117 [grpc-default-executor-0] INFO  impl.RoleInfo (RoleInfo.java:shutdownFollowerState(121)) - 7fae3aed-4e76-4283-a599-f93f794625ab: shutdown FollowerState
2019-10-30 05:53:09,117 [grpc-default-executor-0] INFO  impl.RoleInfo (RoleInfo.java:updateAndGet(143)) - 7fae3aed-4e76-4283-a599-f93f794625ab: start FollowerState
2019-10-30 05:53:09,117 [Thread-656] INFO  impl.FollowerState (FollowerState.java:run(117)) - 7fae3aed-4e76-4283-a599-f93f794625ab@group-BCADF287A12B-FollowerState was interrupted: java.lang.InterruptedException: sleep interrupted
2019-10-30 05:53:09,131 [9127dd83-037b-4d39-812f-66db56af525a@group-BCADF287A12B-LeaderElection67] INFO  impl.LeaderElection (LeaderElection.java:logAndReturn(56)) - 9127dd83-037b-4d39-812f-66db56af525a@group-BCADF287A12B-LeaderElection67: Election REJECTED; received 2 response(s) [9127dd83-037b-4d39-812f-66db56af525a<-7fae3aed-4e76-4283-a599-f93f794625ab#0:FAIL-t71, 9127dd83-037b-4d39-812f-66db56af525a<-58095e90-3010-492a-9083-43cf2e035c3f#0:FAIL-t71] and 0 exception(s); 9127dd83-037b-4d39-812f-66db56af525a@group-BCADF287A12B:t71, leader=null, voted=9127dd83-037b-4d39-812f-66db56af525a, raftlog=9127dd83-037b-4d39-812f-66db56af525a@group-BCADF287A12B-SegmentedRaftLog:OPENED:c-1,f-1,i0, conf=-1: [7fae3aed-4e76-4283-a599-f93f794625ab:192.168.34.21:41352, 58095e90-3010-492a-9083-43cf2e035c3f:192.168.34.21:45284, 9127dd83-037b-4d39-812f-66db56af525a:192.168.34.21:42063], old=null
2019-10-30 05:53:09,132 [9127dd83-037b-4d39-812f-66db56af525a@group-BCADF287A12B-LeaderElection67] INFO  impl.RaftServerImpl (RaftServerImpl.java:setRole(184)) - 9127dd83-037b-4d39-812f-66db56af525a@group-BCADF287A12B: changes role from CANDIDATE to FOLLOWER at term 71 for DISCOVERED_A_NEW_TERM
2019-10-30 05:53:09,132 [9127dd83-037b-4d39-812f-66db56af525a@group-BCADF287A12B-LeaderElection67] INFO  impl.RoleInfo (RoleInfo.java:shutdownLeaderElection(134)) - 9127dd83-037b-4d39-812f-66db56af525a: shutdown LeaderElection
2019-10-30 05:53:09,132 [9127dd83-037b-4d39-812f-66db56af525a@group-BCADF287A12B-LeaderElection67] INFO  impl.RoleInfo (RoleInfo.java:updateAndGet(143)) - 9127dd83-037b-4d39-812f-66db56af525a: start FollowerState
2019-10-30 05:53:09,168 [Thread-663] INFO  impl.FollowerState (FollowerState.java:run(108)) - 9127dd83-037b-4d39-812f-66db56af525a@group-BCADF287A12B-FollowerState: change to CANDIDATE, lastRpcTime:36ms, electionTimeout:36ms
2019-10-30 05:53:09,168 [Thread-663] INFO  impl.RoleInfo (RoleInfo.java:shutdownFollowerState(121)) - 9127dd83-037b-4d39-812f-66db56af525a: shutdown FollowerState
2019-10-30 05:53:09,168 [Thread-663] INFO  impl.RaftServerImpl (RaftServerImpl.java:setRole(184)) - 9127dd83-037b-4d39-812f-66db56af525a@group-BCADF287A12B: changes role from  FOLLOWER to CANDIDATE at term 71 for changeToCandidate
2019-10-30 05:53:09,169 [Thread-663] INFO  impl.RoleInfo (RoleInfo.java:updateAndGet(143)) - 9127dd83-037b-4d39-812f-66db56af525a: start LeaderElection
2019-10-30 05:53:09,182 [9127dd83-037b-4d39-812f-66db56af525a@group-BCADF287A12B-LeaderElection68] INFO  impl.LeaderElection (LeaderElection.java:askForVotes(178)) - 9127dd83-037b-4d39-812f-66db56af525a@group-BCADF287A12B-LeaderElection68: begin an election at term 72 for -1: [7fae3aed-4e76-4283-a599-f93f794625ab:192.168.34.21:41352, 58095e90-3010-492a-9083-43cf2e035c3f:192.168.34.21:45284, 9127dd83-037b-4d39-812f-66db56af525a:192.168.34.21:42063], old=null
2019-10-30 05:53:09,184 [grpc-default-executor-0] INFO  impl.RaftServerImpl (RaftServerImpl.java:setRole(184)) - 58095e90-3010-492a-9083-43cf2e035c3f@group-BCADF287A12B: changes role from  FOLLOWER to FOLLOWER at term 72 for recognizeCandidate:9127dd83-037b-4d39-812f-66db56af525a
2019-10-30 05:53:09,184 [grpc-default-executor-2] INFO  impl.RaftServerImpl (RaftServerImpl.java:setRole(184)) - 7fae3aed-4e76-4283-a599-f93f794625ab@group-BCADF287A12B: changes role from  FOLLOWER to FOLLOWER at term 72 for recognizeCandidate:9127dd83-037b-4d39-812f-66db56af525a
2019-10-30 05:53:09,184 [grpc-default-executor-0] INFO  impl.RoleInfo (RoleInfo.java:shutdownFollowerState(121)) - 58095e90-3010-492a-9083-43cf2e035c3f: shutdown FollowerState
2019-10-30 05:53:09,184 [grpc-default-executor-2] INFO  impl.RoleInfo (RoleInfo.java:shutdownFollowerState(121)) - 7fae3aed-4e76-4283-a599-f93f794625ab: shutdown FollowerState
2019-10-30 05:53:09,185 [Thread-661] INFO  impl.FollowerState (FollowerState.java:run(117)) - 58095e90-3010-492a-9083-43cf2e035c3f@group-BCADF287A12B-FollowerState was interrupted: java.lang.InterruptedException: sleep interrupted
2019-10-30 05:53:09,185 [grpc-default-executor-0] INFO  impl.RoleInfo (RoleInfo.java:updateAndGet(143)) - 58095e90-3010-492a-9083-43cf2e035c3f: start FollowerState
2019-10-30 05:53:09,185 [Thread-662] INFO  impl.FollowerState (FollowerState.java:run(117)) - 7fae3aed-4e76-4283-a599-f93f794625ab@group-BCADF287A12B-FollowerState was interrupted: java.lang.InterruptedException: sleep interrupted
2019-10-30 05:53:09,185 [grpc-default-executor-2] INFO  impl.RoleInfo (RoleInfo.java:updateAndGet(143)) - 7fae3aed-4e76-4283-a599-f93f794625ab: start FollowerState
2019-10-30 05:53:09,201 [9127dd83-037b-4d39-812f-66db56af525a@group-BCADF287A12B-LeaderElection68] INFO  impl.LeaderElection (LeaderElection.java:logAndReturn(56)) - 9127dd83-037b-4d39-812f-66db56af525a@group-BCADF287A12B-LeaderElection68: Election REJECTED; received 2 response(s) [9127dd83-037b-4d39-812f-66db56af525a<-7fae3aed-4e76-4283-a599-f93f794625ab#0:FAIL-t72, 9127dd83-037b-4d39-812f-66db56af525a<-58095e90-3010-492a-9083-43cf2e035c3f#0:FAIL-t72] and 0 exception(s); 9127dd83-037b-4d39-812f-66db56af525a@group-BCADF287A12B:t72, leader=null, voted=9127dd83-037b-4d39-812f-66db56af525a, raftlog=9127dd83-037b-4d39-812f-66db56af525a@group-BCADF287A12B-SegmentedRaftLog:OPENED:c-1,f-1,i0, conf=-1: [7fae3aed-4e76-4283-a599-f93f794625ab:192.168.34.21:41352, 58095e90-3010-492a-9083-43cf2e035c3f:192.168.34.21:45284, 9127dd83-037b-4d39-812f-66db56af525a:192.168.34.21:42063], old=null
2019-10-30 05:53:09,201 [9127dd83-037b-4d39-812f-66db56af525a@group-BCADF287A12B-LeaderElection68] INFO  impl.RaftServerImpl (RaftServerImpl.java:setRole(184)) - 9127dd83-037b-4d39-812f-66db56af525a@group-BCADF287A12B: changes role from CANDIDATE to FOLLOWER at term 72 for DISCOVERED_A_NEW_TERM
2019-10-30 05:53:09,201 [9127dd83-037b-4d39-812f-66db56af525a@group-BCADF287A12B-LeaderElection68] INFO  impl.RoleInfo (RoleInfo.java:shutdownLeaderElection(134)) - 9127dd83-037b-4d39-812f-66db56af525a: shutdown LeaderElection
2019-10-30 05:53:09,201 [9127dd83-037b-4d39-812f-66db56af525a@group-BCADF287A12B-LeaderElection68] INFO  impl.RoleInfo (RoleInfo.java:updateAndGet(143)) - 9127dd83-037b-4d39-812f-66db56af525a: start FollowerState
2019-10-30 05:53:09,230 [Thread-669] INFO  impl.FollowerState (FollowerState.java:run(108)) - 9127dd83-037b-4d39-812f-66db56af525a@group-BCADF287A12B-FollowerState: change to CANDIDATE, lastRpcTime:29ms, electionTimeout:29ms
2019-10-30 05:53:09,230 [Thread-669] INFO  impl.RoleInfo (RoleInfo.java:shutdownFollowerState(121)) - 9127dd83-037b-4d39-812f-66db56af525a: shutdown FollowerState
2019-10-30 05:53:09,230 [Thread-669] INFO  impl.RaftServerImpl (RaftServerImpl.java:setRole(184)) - 9127dd83-037b-4d39-812f-66db56af525a@group-BCADF287A12B: changes role from  FOLLOWER to CANDIDATE at term 72 for changeToCandidate
2019-10-30 05:53:09,231 [Thread-669] INFO  impl.RoleInfo (RoleInfo.java:updateAndGet(143)) - 9127dd83-037b-4d39-812f-66db56af525a: start LeaderElection
2019-10-30 05:53:09,241 [9127dd83-037b-4d39-812f-66db56af525a@group-BCADF287A12B-LeaderElection69] INFO  impl.LeaderElection (LeaderElection.java:askForVotes(178)) - 9127dd83-037b-4d39-812f-66db56af525a@group-BCADF287A12B-LeaderElection69: begin an election at term 73 for -1: [7fae3aed-4e76-4283-a599-f93f794625ab:192.168.34.21:41352, 58095e90-3010-492a-9083-43cf2e035c3f:192.168.34.21:45284, 9127dd83-037b-4d39-812f-66db56af525a:192.168.34.21:42063], old=null
2019-10-30 05:53:09,244 [grpc-default-executor-2] INFO  impl.RaftServerImpl (RaftServerImpl.java:setRole(184)) - 58095e90-3010-492a-9083-43cf2e035c3f@group-BCADF287A12B: changes role from  FOLLOWER to FOLLOWER at term 73 for recognizeCandidate:9127dd83-037b-4d39-812f-66db56af525a
2019-10-30 05:53:09,244 [grpc-default-executor-0] INFO  impl.RaftServerImpl (RaftServerImpl.java:setRole(184)) - 7fae3aed-4e76-4283-a599-f93f794625ab@group-BCADF287A12B: changes role from  FOLLOWER to FOLLOWER at term 73 for recognizeCandidate:9127dd83-037b-4d39-812f-66db56af525a
2019-10-30 05:53:09,244 [grpc-default-executor-0] INFO  impl.RoleInfo (RoleInfo.java:shutdownFollowerState(121)) - 7fae3aed-4e76-4283-a599-f93f794625ab: shutdown FollowerState
2019-10-30 05:53:09,244 [grpc-default-executor-2] INFO  impl.RoleInfo (RoleInfo.java:shutdownFollowerState(121)) - 58095e90-3010-492a-9083-43cf2e035c3f: shutdown FollowerState
2019-10-30 05:53:09,244 [Thread-668] INFO  impl.FollowerState (FollowerState.java:run(117)) - 7fae3aed-4e76-4283-a599-f93f794625ab@group-BCADF287A12B-FollowerState was interrupted: java.lang.InterruptedException: sleep interrupted
2019-10-30 05:53:09,244 [grpc-default-executor-2] INFO  impl.RoleInfo (RoleInfo.java:updateAndGet(143)) - 58095e90-3010-492a-9083-43cf2e035c3f: start FollowerState
2019-10-30 05:53:09,244 [grpc-default-executor-0] INFO  impl.RoleInfo (RoleInfo.java:updateAndGet(143)) - 7fae3aed-4e76-4283-a599-f93f794625ab: start FollowerState
2019-10-30 05:53:09,244 [Thread-667] INFO  impl.FollowerState (FollowerState.java:run(117)) - 58095e90-3010-492a-9083-43cf2e035c3f@group-BCADF287A12B-FollowerState was interrupted: java.lang.InterruptedException: sleep interrupted
2019-10-30 05:53:09,259 [9127dd83-037b-4d39-812f-66db56af525a@group-BCADF287A12B-LeaderElection69] INFO  impl.LeaderElection (LeaderElection.java:logAndReturn(56)) - 9127dd83-037b-4d39-812f-66db56af525a@group-BCADF287A12B-LeaderElection69: Election REJECTED; received 2 response(s) [9127dd83-037b-4d39-812f-66db56af525a<-7fae3aed-4e76-4283-a599-f93f794625ab#0:FAIL-t73, 9127dd83-037b-4d39-812f-66db56af525a<-58095e90-3010-492a-9083-43cf2e035c3f#0:FAIL-t73] and 0 exception(s); 9127dd83-037b-4d39-812f-66db56af525a@group-BCADF287A12B:t73, leader=null, voted=9127dd83-037b-4d39-812f-66db56af525a, raftlog=9127dd83-037b-4d39-812f-66db56af525a@group-BCADF287A12B-SegmentedRaftLog:OPENED:c-1,f-1,i0, conf=-1: [7fae3aed-4e76-4283-a599-f93f794625ab:192.168.34.21:41352, 58095e90-3010-492a-9083-43cf2e035c3f:192.168.34.21:45284, 9127dd83-037b-4d39-812f-66db56af525a:192.168.34.21:42063], old=null
2019-10-30 05:53:09,259 [9127dd83-037b-4d39-812f-66db56af525a@group-BCADF287A12B-LeaderElection69] INFO  impl.RaftServerImpl (RaftServerImpl.java:setRole(184)) - 9127dd83-037b-4d39-812f-66db56af525a@group-BCADF287A12B: changes role from CANDIDATE to FOLLOWER at term 73 for DISCOVERED_A_NEW_TERM
2019-10-30 05:53:09,260 [9127dd83-037b-4d39-812f-66db56af525a@group-BCADF287A12B-LeaderElection69] INFO  impl.RoleInfo (RoleInfo.java:shutdownLeaderElection(134)) - 9127dd83-037b-4d39-812f-66db56af525a: shutdown LeaderElection
2019-10-30 05:53:09,260 [9127dd83-037b-4d39-812f-66db56af525a@group-BCADF287A12B-LeaderElection69] INFO  impl.RoleInfo (RoleInfo.java:updateAndGet(143)) - 9127dd83-037b-4d39-812f-66db56af525a: start FollowerState
2019-10-30 05:53:09,394 [Thread-675] INFO  impl.FollowerState (FollowerState.java:run(108)) - 9127dd83-037b-4d39-812f-66db56af525a@group-BCADF287A12B-FollowerState: change to CANDIDATE, lastRpcTime:134ms, electionTimeout:134ms
2019-10-30 05:53:09,394 [Thread-675] INFO  impl.RoleInfo (RoleInfo.java:shutdownFollowerState(121)) - 9127dd83-037b-4d39-812f-66db56af525a: shutdown FollowerState
2019-10-30 05:53:09,394 [Thread-675] INFO  impl.RaftServerImpl (RaftServerImpl.java:setRole(184)) - 9127dd83-037b-4d39-812f-66db56af525a@group-BCADF287A12B: changes role from  FOLLOWER to CANDIDATE at term 73 for changeToCandidate
2019-10-30 05:53:09,394 [Thread-675] INFO  impl.RoleInfo (RoleInfo.java:updateAndGet(143)) - 9127dd83-037b-4d39-812f-66db56af525a: start LeaderElection
2019-10-30 05:53:09,408 [9127dd83-037b-4d39-812f-66db56af525a@group-BCADF287A12B-LeaderElection70] INFO  impl.LeaderElection (LeaderElection.java:askForVotes(178)) - 9127dd83-037b-4d39-812f-66db56af525a@group-BCADF287A12B-LeaderElection70: begin an election at term 74 for -1: [7fae3aed-4e76-4283-a599-f93f794625ab:192.168.34.21:41352, 58095e90-3010-492a-9083-43cf2e035c3f:192.168.34.21:45284, 9127dd83-037b-4d39-812f-66db56af525a:192.168.34.21:42063], old=null
2019-10-30 05:53:09,411 [grpc-default-executor-0] INFO  impl.RaftServerImpl (RaftServerImpl.java:setRole(184)) - 58095e90-3010-492a-9083-43cf2e035c3f@group-BCADF287A12B: changes role from  FOLLOWER to FOLLOWER at term 74 for recognizeCandidate:9127dd83-037b-4d39-812f-66db56af525a
2019-10-30 05:53:09,411 [grpc-default-executor-2] INFO  impl.RaftServerImpl (RaftServerImpl.java:setRole(184)) - 7fae3aed-4e76-4283-a599-f93f794625ab@group-BCADF287A12B: changes role from  FOLLOWER to FOLLOWER at term 74 for recognizeCandidate:9127dd83-037b-4d39-812f-66db56af525a
2019-10-30 05:53:09,411 [grpc-default-executor-2] INFO  impl.RoleInfo (RoleInfo.java:shutdownFollowerState(121)) - 7fae3aed-4e76-4283-a599-f93f794625ab: shutdown FollowerState
2019-10-30 05:53:09,411 [grpc-default-executor-0] INFO  impl.RoleInfo (RoleInfo.java:shutdownFollowerState(121)) - 58095e90-3010-492a-9083-43cf2e035c3f: shutdown FollowerState
2019-10-30 05:53:09,411 [Thread-673] INFO  impl.FollowerState (FollowerState.java:run(117)) - 7fae3aed-4e76-4283-a599-f93f794625ab@group-BCADF287A12B-FollowerState was interrupted: java.lang.InterruptedException: sleep interrupted
2019-10-30 05:53:09,411 [grpc-default-executor-2] INFO  impl.RoleInfo (RoleInfo.java:updateAndGet(143)) - 7fae3aed-4e76-4283-a599-f93f794625ab: start FollowerState
2019-10-30 05:53:09,411 [grpc-default-executor-0] INFO  impl.RoleInfo (RoleInfo.java:updateAndGet(143)) - 58095e90-3010-492a-9083-43cf2e035c3f: start FollowerState
2019-10-30 05:53:09,411 [Thread-674] INFO  impl.FollowerState (FollowerState.java:run(117)) - 58095e90-3010-492a-9083-43cf2e035c3f@group-BCADF287A12B-FollowerState was interrupted: java.lang.InterruptedException: sleep interrupted
2019-10-30 05:53:09,414 [9127dd83-037b-4d39-812f-66db56af525a@group-BCADF287A12B-LeaderElection70] INFO  impl.LeaderElection (LeaderElection.java:logAndReturn(56)) - 9127dd83-037b-4d39-812f-66db56af525a@group-BCADF287A12B-LeaderElection70: Election TIMEOUT; received 0 response(s) [] and 0 exception(s); 9127dd83-037b-4d39-812f-66db56af525a@group-BCADF287A12B:t74, leader=null, voted=9127dd83-037b-4d39-812f-66db56af525a, raftlog=9127dd83-037b-4d39-812f-66db56af525a@group-BCADF287A12B-SegmentedRaftLog:OPENED:c-1,f-1,i0, conf=-1: [7fae3aed-4e76-4283-a599-f93f794625ab:192.168.34.21:41352, 58095e90-3010-492a-9083-43cf2e035c3f:192.168.34.21:45284, 9127dd83-037b-4d39-812f-66db56af525a:192.168.34.21:42063], old=null
2019-10-30 05:53:09,426 [9127dd83-037b-4d39-812f-66db56af525a@group-BCADF287A12B-LeaderElection70] INFO  impl.LeaderElection (LeaderElection.java:askForVotes(178)) - 9127dd83-037b-4d39-812f-66db56af525a@group-BCADF287A12B-LeaderElection70: begin an election at term 75 for -1: [7fae3aed-4e76-4283-a599-f93f794625ab:192.168.34.21:41352, 58095e90-3010-492a-9083-43cf2e035c3f:192.168.34.21:45284, 9127dd83-037b-4d39-812f-66db56af525a:192.168.34.21:42063], old=null
2019-10-30 05:53:09,428 [grpc-default-executor-0] INFO  impl.RaftServerImpl (RaftServerImpl.java:setRole(184)) - 58095e90-3010-492a-9083-43cf2e035c3f@group-BCADF287A12B: changes role from  FOLLOWER to FOLLOWER at term 75 for recognizeCandidate:9127dd83-037b-4d39-812f-66db56af525a
2019-10-30 05:53:09,428 [grpc-default-executor-0] INFO  impl.RoleInfo (RoleInfo.java:shutdownFollowerState(121)) - 58095e90-3010-492a-9083-43cf2e035c3f: shutdown FollowerState
2019-10-30 05:53:09,428 [grpc-default-executor-0] INFO  impl.RoleInfo (RoleInfo.java:updateAndGet(143)) - 58095e90-3010-492a-9083-43cf2e035c3f: start FollowerState
2019-10-30 05:53:09,428 [grpc-default-executor-2] INFO  impl.RaftServerImpl (RaftServerImpl.java:setRole(184)) - 7fae3aed-4e76-4283-a599-f93f794625ab@group-BCADF287A12B: changes role from  FOLLOWER to FOLLOWER at term 75 for recognizeCandidate:9127dd83-037b-4d39-812f-66db56af525a
2019-10-30 05:53:09,428 [Thread-680] INFO  impl.FollowerState (FollowerState.java:run(117)) - 58095e90-3010-492a-9083-43cf2e035c3f@group-BCADF287A12B-FollowerState was interrupted: java.lang.InterruptedException: sleep interrupted
2019-10-30 05:53:09,428 [grpc-default-executor-2] INFO  impl.RoleInfo (RoleInfo.java:shutdownFollowerState(121)) - 7fae3aed-4e76-4283-a599-f93f794625ab: shutdown FollowerState
2019-10-30 05:53:09,429 [grpc-default-executor-2] INFO  impl.RoleInfo (RoleInfo.java:updateAndGet(143)) - 7fae3aed-4e76-4283-a599-f93f794625ab: start FollowerState
2019-10-30 05:53:09,429 [Thread-679] INFO  impl.FollowerState (FollowerState.java:run(117)) - 7fae3aed-4e76-4283-a599-f93f794625ab@group-BCADF287A12B-FollowerState was interrupted: java.lang.InterruptedException: sleep interrupted
2019-10-30 05:53:09,441 [9127dd83-037b-4d39-812f-66db56af525a@group-BCADF287A12B-LeaderElection70] INFO  impl.LeaderElection (LeaderElection.java:logAndReturn(56)) - 9127dd83-037b-4d39-812f-66db56af525a@group-BCADF287A12B-LeaderElection70: Election REJECTED; received 2 response(s) [9127dd83-037b-4d39-812f-66db56af525a<-7fae3aed-4e76-4283-a599-f93f794625ab#0:FAIL-t75, 9127dd83-037b-4d39-812f-66db56af525a<-58095e90-3010-492a-9083-43cf2e035c3f#0:FAIL-t75] and 0 exception(s); 9127dd83-037b-4d39-812f-66db56af525a@group-BCADF287A12B:t75, leader=null, voted=9127dd83-037b-4d39-812f-66db56af525a, raftlog=9127dd83-037b-4d39-812f-66db56af525a@group-BCADF287A12B-SegmentedRaftLog:OPENED:c-1,f-1,i0, conf=-1: [7fae3aed-4e76-4283-a599-f93f794625ab:192.168.34.21:41352, 58095e90-3010-492a-9083-43cf2e035c3f:192.168.34.21:45284, 9127dd83-037b-4d39-812f-66db56af525a:192.168.34.21:42063], old=null
2019-10-30 05:53:09,441 [9127dd83-037b-4d39-812f-66db56af525a@group-BCADF287A12B-LeaderElection70] INFO  impl.RaftServerImpl (RaftServerImpl.java:setRole(184)) - 9127dd83-037b-4d39-812f-66db56af525a@group-BCADF287A12B: changes role from CANDIDATE to FOLLOWER at term 75 for DISCOVERED_A_NEW_TERM
2019-10-30 05:53:09,441 [9127dd83-037b-4d39-812f-66db56af525a@group-BCADF287A12B-LeaderElection70] INFO  impl.RoleInfo (RoleInfo.java:shutdownLeaderElection(134)) - 9127dd83-037b-4d39-812f-66db56af525a: shutdown LeaderElection
2019-10-30 05:53:09,441 [9127dd83-037b-4d39-812f-66db56af525a@group-BCADF287A12B-LeaderElection70] INFO  impl.RoleInfo (RoleInfo.java:updateAndGet(143)) - 9127dd83-037b-4d39-812f-66db56af525a: start FollowerState
2019-10-30 05:53:09,475 [Thread-685] INFO  impl.FollowerState (FollowerState.java:run(108)) - 9127dd83-037b-4d39-812f-66db56af525a@group-BCADF287A12B-FollowerState: change to CANDIDATE, lastRpcTime:33ms, electionTimeout:33ms
2019-10-30 05:53:09,475 [Thread-685] INFO  impl.RoleInfo (RoleInfo.java:shutdownFollowerState(121)) - 9127dd83-037b-4d39-812f-66db56af525a: shutdown FollowerState
2019-10-30 05:53:09,475 [Thread-685] INFO  impl.RaftServerImpl (RaftServerImpl.java:setRole(184)) - 9127dd83-037b-4d39-812f-66db56af525a@group-BCADF287A12B: changes role from  FOLLOWER to CANDIDATE at term 75 for changeToCandidate
2019-10-30 05:53:09,475 [Thread-685] INFO  impl.RoleInfo (RoleInfo.java:updateAndGet(143)) - 9127dd83-037b-4d39-812f-66db56af525a: start LeaderElection
2019-10-30 05:53:09,489 [9127dd83-037b-4d39-812f-66db56af525a@group-BCADF287A12B-LeaderElection71] INFO  impl.LeaderElection (LeaderElection.java:askForVotes(178)) - 9127dd83-037b-4d39-812f-66db56af525a@group-BCADF287A12B-LeaderElection71: begin an election at term 76 for -1: [7fae3aed-4e76-4283-a599-f93f794625ab:192.168.34.21:41352, 58095e90-3010-492a-9083-43cf2e035c3f:192.168.34.21:45284, 9127dd83-037b-4d39-812f-66db56af525a:192.168.34.21:42063], old=null
2019-10-30 05:53:09,493 [grpc-default-executor-0] INFO  impl.RaftServerImpl (RaftServerImpl.java:setRole(184)) - 58095e90-3010-492a-9083-43cf2e035c3f@group-BCADF287A12B: changes role from  FOLLOWER to FOLLOWER at term 76 for recognizeCandidate:9127dd83-037b-4d39-812f-66db56af525a
2019-10-30 05:53:09,493 [grpc-default-executor-2] INFO  impl.RaftServerImpl (RaftServerImpl.java:setRole(184)) - 7fae3aed-4e76-4283-a599-f93f794625ab@group-BCADF287A12B: changes role from  FOLLOWER to FOLLOWER at term 76 for recognizeCandidate:9127dd83-037b-4d39-812f-66db56af525a
2019-10-30 05:53:09,493 [grpc-default-executor-0] INFO  impl.RoleInfo (RoleInfo.java:shutdownFollowerState(121)) - 58095e90-3010-492a-9083-43cf2e035c3f: shutdown FollowerState
2019-10-30 05:53:09,493 [grpc-default-executor-2] INFO  impl.RoleInfo (RoleInfo.java:shutdownFollowerState(121)) - 7fae3aed-4e76-4283-a599-f93f794625ab: shutdown FollowerState
2019-10-30 05:53:09,494 [Thread-683] INFO  impl.FollowerState (FollowerState.java:run(117)) - 58095e90-3010-492a-9083-43cf2e035c3f@group-BCADF287A12B-FollowerState was interrupted: java.lang.InterruptedException: sleep interrupted
2019-10-30 05:53:09,494 [grpc-default-executor-0] INFO  impl.RoleInfo (RoleInfo.java:updateAndGet(143)) - 58095e90-3010-492a-9083-43cf2e035c3f: start FollowerState
2019-10-30 05:53:09,494 [Thread-684] INFO  impl.FollowerState (FollowerState.java:run(117)) - 7fae3aed-4e76-4283-a599-f93f794625ab@group-BCADF287A12B-FollowerState was interrupted: java.lang.InterruptedException: sleep interrupted
2019-10-30 05:53:09,494 [grpc-default-executor-2] INFO  impl.RoleInfo (RoleInfo.java:updateAndGet(143)) - 7fae3aed-4e76-4283-a599-f93f794625ab: start FollowerState
2019-10-30 05:53:09,508 [9127dd83-037b-4d39-812f-66db56af525a@group-BCADF287A12B-LeaderElection71] INFO  impl.LeaderElection (LeaderElection.java:logAndReturn(56)) - 9127dd83-037b-4d39-812f-66db56af525a@group-BCADF287A12B-LeaderElection71: Election REJECTED; received 2 response(s) [9127dd83-037b-4d39-812f-66db56af525a<-7fae3aed-4e76-4283-a599-f93f794625ab#0:FAIL-t76, 9127dd83-037b-4d39-812f-66db56af525a<-58095e90-3010-492a-9083-43cf2e035c3f#0:FAIL-t76] and 0 exception(s); 9127dd83-037b-4d39-812f-66db56af525a@group-BCADF287A12B:t76, leader=null, voted=9127dd83-037b-4d39-812f-66db56af525a, raftlog=9127dd83-037b-4d39-812f-66db56af525a@group-BCADF287A12B-SegmentedRaftLog:OPENED:c-1,f-1,i0, conf=-1: [7fae3aed-4e76-4283-a599-f93f794625ab:192.168.34.21:41352, 58095e90-3010-492a-9083-43cf2e035c3f:192.168.34.21:45284, 9127dd83-037b-4d39-812f-66db56af525a:192.168.34.21:42063], old=null
2019-10-30 05:53:09,509 [9127dd83-037b-4d39-812f-66db56af525a@group-BCADF287A12B-LeaderElection71] INFO  impl.RaftServerImpl (RaftServerImpl.java:setRole(184)) - 9127dd83-037b-4d39-812f-66db56af525a@group-BCADF287A12B: changes role from CANDIDATE to FOLLOWER at term 76 for DISCOVERED_A_NEW_TERM
2019-10-30 05:53:09,509 [9127dd83-037b-4d39-812f-66db56af525a@group-BCADF287A12B-LeaderElection71] INFO  impl.RoleInfo (RoleInfo.java:shutdownLeaderElection(134)) - 9127dd83-037b-4d39-812f-66db56af525a: shutdown LeaderElection
2019-10-30 05:53:09,509 [9127dd83-037b-4d39-812f-66db56af525a@group-BCADF287A12B-LeaderElection71] INFO  impl.RoleInfo (RoleInfo.java:updateAndGet(143)) - 9127dd83-037b-4d39-812f-66db56af525a: start FollowerState
2019-10-30 05:53:09,621 [Thread-691] INFO  impl.FollowerState (FollowerState.java:run(108)) - 9127dd83-037b-4d39-812f-66db56af525a@group-BCADF287A12B-FollowerState: change to CANDIDATE, lastRpcTime:112ms, electionTimeout:112ms
2019-10-30 05:53:09,622 [Thread-691] INFO  impl.RoleInfo (RoleInfo.java:shutdownFollowerState(121)) - 9127dd83-037b-4d39-812f-66db56af525a: shutdown FollowerState
2019-10-30 05:53:09,622 [Thread-691] INFO  impl.RaftServerImpl (RaftServerImpl.java:setRole(184)) - 9127dd83-037b-4d39-812f-66db56af525a@group-BCADF287A12B: changes role from  FOLLOWER to CANDIDATE at term 76 for changeToCandidate
2019-10-30 05:53:09,622 [Thread-691] INFO  impl.RoleInfo (RoleInfo.java:updateAndGet(143)) - 9127dd83-037b-4d39-812f-66db56af525a: start LeaderElection
2019-10-30 05:53:09,636 [9127dd83-037b-4d39-812f-66db56af525a@group-BCADF287A12B-LeaderElection72] INFO  impl.LeaderElection (LeaderElection.java:askForVotes(178)) - 9127dd83-037b-4d39-812f-66db56af525a@group-BCADF287A12B-LeaderElection72: begin an election at term 77 for -1: [7fae3aed-4e76-4283-a599-f93f794625ab:192.168.34.21:41352, 58095e90-3010-492a-9083-43cf2e035c3f:192.168.34.21:45284, 9127dd83-037b-4d39-812f-66db56af525a:192.168.34.21:42063], old=null
2019-10-30 05:53:09,639 [grpc-default-executor-2] INFO  impl.RaftServerImpl (RaftServerImpl.java:setRole(184)) - 7fae3aed-4e76-4283-a599-f93f794625ab@group-BCADF287A12B: changes role from  FOLLOWER to FOLLOWER at term 77 for recognizeCandidate:9127dd83-037b-4d39-812f-66db56af525a
2019-10-30 05:53:09,639 [grpc-default-executor-0] INFO  impl.RaftServerImpl (RaftServerImpl.java:setRole(184)) - 58095e90-3010-492a-9083-43cf2e035c3f@group-BCADF287A12B: changes role from  FOLLOWER to FOLLOWER at term 77 for recognizeCandidate:9127dd83-037b-4d39-812f-66db56af525a
2019-10-30 05:53:09,639 [grpc-default-executor-2] INFO  impl.RoleInfo (RoleInfo.java:shutdownFollowerState(121)) - 7fae3aed-4e76-4283-a599-f93f794625ab: shutdown FollowerState
2019-10-30 05:53:09,639 [grpc-default-executor-0] INFO  impl.RoleInfo (RoleInfo.java:shutdownFollowerState(121)) - 58095e90-3010-492a-9083-43cf2e035c3f: shutdown FollowerState
2019-10-30 05:53:09,639 [Thread-690] INFO  impl.FollowerState (FollowerState.java:run(117)) - 7fae3aed-4e76-4283-a599-f93f794625ab@group-BCADF287A12B-FollowerState was interrupted: java.lang.InterruptedException: sleep interrupted
2019-10-30 05:53:09,639 [grpc-default-executor-2] INFO  impl.RoleInfo (RoleInfo.java:updateAndGet(143)) - 7fae3aed-4e76-4283-a599-f93f794625ab: start FollowerState
2019-10-30 05:53:09,639 [Thread-689] INFO  impl.FollowerState (FollowerState.java:run(117)) - 58095e90-3010-492a-9083-43cf2e035c3f@group-BCADF287A12B-FollowerState was interrupted: java.lang.InterruptedException: sleep interrupted
2019-10-30 05:53:09,639 [grpc-default-executor-0] INFO  impl.RoleInfo (RoleInfo.java:updateAndGet(143)) - 58095e90-3010-492a-9083-43cf2e035c3f: start FollowerState
2019-10-30 05:53:09,654 [9127dd83-037b-4d39-812f-66db56af525a@group-BCADF287A12B-LeaderElection72] INFO  impl.LeaderElection (LeaderElection.java:logAndReturn(56)) - 9127dd83-037b-4d39-812f-66db56af525a@group-BCADF287A12B-LeaderElection72: Election REJECTED; received 2 response(s) [9127dd83-037b-4d39-812f-66db56af525a<-7fae3aed-4e76-4283-a599-f93f794625ab#0:FAIL-t77, 9127dd83-037b-4d39-812f-66db56af525a<-58095e90-3010-492a-9083-43cf2e035c3f#0:FAIL-t77] and 0 exception(s); 9127dd83-037b-4d39-812f-66db56af525a@group-BCADF287A12B:t77, leader=null, voted=9127dd83-037b-4d39-812f-66db56af525a, raftlog=9127dd83-037b-4d39-812f-66db56af525a@group-BCADF287A12B-SegmentedRaftLog:OPENED:c-1,f-1,i0, conf=-1: [7fae3aed-4e76-4283-a599-f93f794625ab:192.168.34.21:41352, 58095e90-3010-492a-9083-43cf2e035c3f:192.168.34.21:45284, 9127dd83-037b-4d39-812f-66db56af525a:192.168.34.21:42063], old=null
2019-10-30 05:53:09,654 [9127dd83-037b-4d39-812f-66db56af525a@group-BCADF287A12B-LeaderElection72] INFO  impl.RaftServerImpl (RaftServerImpl.java:setRole(184)) - 9127dd83-037b-4d39-812f-66db56af525a@group-BCADF287A12B: changes role from CANDIDATE to FOLLOWER at term 77 for DISCOVERED_A_NEW_TERM
2019-10-30 05:53:09,655 [9127dd83-037b-4d39-812f-66db56af525a@group-BCADF287A12B-LeaderElection72] INFO  impl.RoleInfo (RoleInfo.java:shutdownLeaderElection(134)) - 9127dd83-037b-4d39-812f-66db56af525a: shutdown LeaderElection
2019-10-30 05:53:09,655 [9127dd83-037b-4d39-812f-66db56af525a@group-BCADF287A12B-LeaderElection72] INFO  impl.RoleInfo (RoleInfo.java:updateAndGet(143)) - 9127dd83-037b-4d39-812f-66db56af525a: start FollowerState
2019-10-30 05:53:09,713 [Thread-697] INFO  impl.FollowerState (FollowerState.java:run(108)) - 9127dd83-037b-4d39-812f-66db56af525a@group-BCADF287A12B-FollowerState: change to CANDIDATE, lastRpcTime:58ms, electionTimeout:58ms
2019-10-30 05:53:09,713 [Thread-697] INFO  impl.RoleInfo (RoleInfo.java:shutdownFollowerState(121)) - 9127dd83-037b-4d39-812f-66db56af525a: shutdown FollowerState
2019-10-30 05:53:09,713 [Thread-697] INFO  impl.RaftServerImpl (RaftServerImpl.java:setRole(184)) - 9127dd83-037b-4d39-812f-66db56af525a@group-BCADF287A12B: changes role from  FOLLOWER to CANDIDATE at term 77 for changeToCandidate
2019-10-30 05:53:09,714 [Thread-697] INFO  impl.RoleInfo (RoleInfo.java:updateAndGet(143)) - 9127dd83-037b-4d39-812f-66db56af525a: start LeaderElection
2019-10-30 05:53:09,750 [9127dd83-037b-4d39-812f-66db56af525a@group-BCADF287A12B-LeaderElection73] INFO  impl.LeaderElection (LeaderElection.java:askForVotes(178)) - 9127dd83-037b-4d39-812f-66db56af525a@group-BCADF287A12B-LeaderElection73: begin an election at term 78 for -1: [7fae3aed-4e76-4283-a599-f93f794625ab:192.168.34.21:41352, 58095e90-3010-492a-9083-43cf2e035c3f:192.168.34.21:45284, 9127dd83-037b-4d39-812f-66db56af525a:192.168.34.21:42063], old=null
2019-10-30 05:53:09,753 [grpc-default-executor-2] INFO  impl.RaftServerImpl (RaftServerImpl.java:setRole(184)) - 58095e90-3010-492a-9083-43cf2e035c3f@group-BCADF287A12B: changes role from  FOLLOWER to FOLLOWER at term 78 for recognizeCandidate:9127dd83-037b-4d39-812f-66db56af525a
2019-10-30 05:53:09,753 [grpc-default-executor-0] INFO  impl.RaftServerImpl (RaftServerImpl.java:setRole(184)) - 7fae3aed-4e76-4283-a599-f93f794625ab@group-BCADF287A12B: changes role from  FOLLOWER to FOLLOWER at term 78 for recognizeCandidate:9127dd83-037b-4d39-812f-66db56af525a
2019-10-30 05:53:09,753 [grpc-default-executor-2] INFO  impl.RoleInfo (RoleInfo.java:shutdownFollowerState(121)) - 58095e90-3010-492a-9083-43cf2e035c3f: shutdown FollowerState
2019-10-30 05:53:09,753 [grpc-default-executor-0] INFO  impl.RoleInfo (RoleInfo.java:shutdownFollowerState(121)) - 7fae3aed-4e76-4283-a599-f93f794625ab: shutdown FollowerState
2019-10-30 05:53:09,753 [Thread-696] INFO  impl.FollowerState (FollowerState.java:run(117)) - 58095e90-3010-492a-9083-43cf2e035c3f@group-BCADF287A12B-FollowerState was interrupted: java.lang.InterruptedException: sleep interrupted
2019-10-30 05:53:09,753 [grpc-default-executor-2] INFO  impl.RoleInfo (RoleInfo.java:updateAndGet(143)) - 58095e90-3010-492a-9083-43cf2e035c3f: start FollowerState
2019-10-30 05:53:09,753 [Thread-695] INFO  impl.FollowerState (FollowerState.java:run(117)) - 7fae3aed-4e76-4283-a599-f93f794625ab@group-BCADF287A12B-FollowerState was interrupted: java.lang.InterruptedException: sleep interrupted
2019-10-30 05:53:09,753 [grpc-default-executor-0] INFO  impl.RoleInfo (RoleInfo.java:updateAndGet(143)) - 7fae3aed-4e76-4283-a599-f93f794625ab: start FollowerState
2019-10-30 05:53:09,769 [9127dd83-037b-4d39-812f-66db56af525a@group-BCADF287A12B-LeaderElection73] INFO  impl.LeaderElection (LeaderElection.java:logAndReturn(56)) - 9127dd83-037b-4d39-812f-66db56af525a@group-BCADF287A12B-LeaderElection73: Election REJECTED; received 2 response(s) [9127dd83-037b-4d39-812f-66db56af525a<-7fae3aed-4e76-4283-a599-f93f794625ab#0:FAIL-t78, 9127dd83-037b-4d39-812f-66db56af525a<-58095e90-3010-492a-9083-43cf2e035c3f#0:FAIL-t78] and 0 exception(s); 9127dd83-037b-4d39-812f-66db56af525a@group-BCADF287A12B:t78, leader=null, voted=9127dd83-037b-4d39-812f-66db56af525a, raftlog=9127dd83-037b-4d39-812f-66db56af525a@group-BCADF287A12B-SegmentedRaftLog:OPENED:c-1,f-1,i0, conf=-1: [7fae3aed-4e76-4283-a599-f93f794625ab:192.168.34.21:41352, 58095e90-3010-492a-9083-43cf2e035c3f:192.168.34.21:45284, 9127dd83-037b-4d39-812f-66db56af525a:192.168.34.21:42063], old=null
2019-10-30 05:53:09,769 [9127dd83-037b-4d39-812f-66db56af525a@group-BCADF287A12B-LeaderElection73] INFO  impl.RaftServerImpl (RaftServerImpl.java:setRole(184)) - 9127dd83-037b-4d39-812f-66db56af525a@group-BCADF287A12B: changes role from CANDIDATE to FOLLOWER at term 78 for DISCOVERED_A_NEW_TERM
2019-10-30 05:53:09,769 [9127dd83-037b-4d39-812f-66db56af525a@group-BCADF287A12B-LeaderElection73] INFO  impl.RoleInfo (RoleInfo.java:shutdownLeaderElection(134)) - 9127dd83-037b-4d39-812f-66db56af525a: shutdown LeaderElection
2019-10-30 05:53:09,769 [9127dd83-037b-4d39-812f-66db56af525a@group-BCADF287A12B-LeaderElection73] INFO  impl.RoleInfo (RoleInfo.java:updateAndGet(143)) - 9127dd83-037b-4d39-812f-66db56af525a: start FollowerState
2019-10-30 05:53:09,821 [Thread-703] INFO  impl.FollowerState (FollowerState.java:run(108)) - 9127dd83-037b-4d39-812f-66db56af525a@group-BCADF287A12B-FollowerState: change to CANDIDATE, lastRpcTime:51ms, electionTimeout:51ms
2019-10-30 05:53:09,821 [Thread-703] INFO  impl.RoleInfo (RoleInfo.java:shutdownFollowerState(121)) - 9127dd83-037b-4d39-812f-66db56af525a: shutdown FollowerState
2019-10-30 05:53:09,821 [Thread-703] INFO  impl.RaftServerImpl (RaftServerImpl.java:setRole(184)) - 9127dd83-037b-4d39-812f-66db56af525a@group-BCADF287A12B: changes role from  FOLLOWER to CANDIDATE at term 78 for changeToCandidate
2019-10-30 05:53:09,821 [Thread-703] INFO  impl.RoleInfo (RoleInfo.java:updateAndGet(143)) - 9127dd83-037b-4d39-812f-66db56af525a: start LeaderElection
2019-10-30 05:53:09,827 [9127dd83-037b-4d39-812f-66db56af525a@group-BCADF287A12B-LeaderElection74] INFO  impl.LeaderElection (LeaderElection.java:askForVotes(178)) - 9127dd83-037b-4d39-812f-66db56af525a@group-BCADF287A12B-LeaderElection74: begin an election at term 79 for -1: [7fae3aed-4e76-4283-a599-f93f794625ab:192.168.34.21:41352, 58095e90-3010-492a-9083-43cf2e035c3f:192.168.34.21:45284, 9127dd83-037b-4d39-812f-66db56af525a:192.168.34.21:42063], old=null
2019-10-30 05:53:09,830 [grpc-default-executor-0] INFO  impl.RaftServerImpl (RaftServerImpl.java:setRole(184)) - 58095e90-3010-492a-9083-43cf2e035c3f@group-BCADF287A12B: changes role from  FOLLOWER to FOLLOWER at term 79 for recognizeCandidate:9127dd83-037b-4d39-812f-66db56af525a
2019-10-30 05:53:09,830 [grpc-default-executor-2] INFO  impl.RaftServerImpl (RaftServerImpl.java:setRole(184)) - 7fae3aed-4e76-4283-a599-f93f794625ab@group-BCADF287A12B: changes role from  FOLLOWER to FOLLOWER at term 79 for recognizeCandidate:9127dd83-037b-4d39-812f-66db56af525a
2019-10-30 05:53:09,830 [grpc-default-executor-0] INFO  impl.RoleInfo (RoleInfo.java:shutdownFollowerState(121)) - 58095e90-3010-492a-9083-43cf2e035c3f: shutdown FollowerState
2019-10-30 05:53:09,830 [grpc-default-executor-2] INFO  impl.RoleInfo (RoleInfo.java:shutdownFollowerState(121)) - 7fae3aed-4e76-4283-a599-f93f794625ab: shutdown FollowerState
2019-10-30 05:53:09,831 [grpc-default-executor-0] INFO  impl.RoleInfo (RoleInfo.java:updateAndGet(143)) - 58095e90-3010-492a-9083-43cf2e035c3f: start FollowerState
2019-10-30 05:53:09,831 [grpc-default-executor-2] INFO  impl.RoleInfo (RoleInfo.java:updateAndGet(143)) - 7fae3aed-4e76-4283-a599-f93f794625ab: start FollowerState
2019-10-30 05:53:09,831 [Thread-701] INFO  impl.FollowerState (FollowerState.java:run(117)) - 58095e90-3010-492a-9083-43cf2e035c3f@group-BCADF287A12B-FollowerState was interrupted: java.lang.InterruptedException: sleep interrupted
2019-10-30 05:53:09,831 [Thread-702] INFO  impl.FollowerState (FollowerState.java:run(117)) - 7fae3aed-4e76-4283-a599-f93f794625ab@group-BCADF287A12B-FollowerState was interrupted: java.lang.InterruptedException: sleep interrupted
2019-10-30 05:53:09,846 [9127dd83-037b-4d39-812f-66db56af525a@group-BCADF287A12B-LeaderElection74] INFO  impl.LeaderElection (LeaderElection.java:logAndReturn(56)) - 9127dd83-037b-4d39-812f-66db56af525a@group-BCADF287A12B-LeaderElection74: Election REJECTED; received 2 response(s) [9127dd83-037b-4d39-812f-66db56af525a<-7fae3aed-4e76-4283-a599-f93f794625ab#0:FAIL-t79, 9127dd83-037b-4d39-812f-66db56af525a<-58095e90-3010-492a-9083-43cf2e035c3f#0:FAIL-t79] and 0 exception(s); 9127dd83-037b-4d39-812f-66db56af525a@group-BCADF287A12B:t79, leader=null, voted=9127dd83-037b-4d39-812f-66db56af525a, raftlog=9127dd83-037b-4d39-812f-66db56af525a@group-BCADF287A12B-SegmentedRaftLog:OPENED:c-1,f-1,i0, conf=-1: [7fae3aed-4e76-4283-a599-f93f794625ab:192.168.34.21:41352, 58095e90-3010-492a-9083-43cf2e035c3f:192.168.34.21:45284, 9127dd83-037b-4d39-812f-66db56af525a:192.168.34.21:42063], old=null
2019-10-30 05:53:09,846 [9127dd83-037b-4d39-812f-66db56af525a@group-BCADF287A12B-LeaderElection74] INFO  impl.RaftServerImpl (RaftServerImpl.java:setRole(184)) - 9127dd83-037b-4d39-812f-66db56af525a@group-BCADF287A12B: changes role from CANDIDATE to FOLLOWER at term 79 for DISCOVERED_A_NEW_TERM
2019-10-30 05:53:09,846 [9127dd83-037b-4d39-812f-66db56af525a@group-BCADF287A12B-LeaderElection74] INFO  impl.RoleInfo (RoleInfo.java:shutdownLeaderElection(134)) - 9127dd83-037b-4d39-812f-66db56af525a: shutdown LeaderElection
2019-10-30 05:53:09,846 [9127dd83-037b-4d39-812f-66db56af525a@group-BCADF287A12B-LeaderElection74] INFO  impl.RoleInfo (RoleInfo.java:updateAndGet(143)) - 9127dd83-037b-4d39-812f-66db56af525a: start FollowerState
2019-10-30 05:53:09,953 [Thread-709] INFO  impl.FollowerState (FollowerState.java:run(108)) - 9127dd83-037b-4d39-812f-66db56af525a@group-BCADF287A12B-FollowerState: change to CANDIDATE, lastRpcTime:106ms, electionTimeout:106ms
2019-10-30 05:53:09,953 [Thread-709] INFO  impl.RoleInfo (RoleInfo.java:shutdownFollowerState(121)) - 9127dd83-037b-4d39-812f-66db56af525a: shutdown FollowerState
2019-10-30 05:53:09,953 [Thread-709] INFO  impl.RaftServerImpl (RaftServerImpl.java:setRole(184)) - 9127dd83-037b-4d39-812f-66db56af525a@group-BCADF287A12B: changes role from  FOLLOWER to CANDIDATE at term 79 for changeToCandidate
2019-10-30 05:53:09,953 [Thread-709] INFO  impl.RoleInfo (RoleInfo.java:updateAndGet(143)) - 9127dd83-037b-4d39-812f-66db56af525a: start LeaderElection
2019-10-30 05:53:09,958 [9127dd83-037b-4d39-812f-66db56af525a@group-BCADF287A12B-LeaderElection75] INFO  impl.LeaderElection (LeaderElection.java:askForVotes(178)) - 9127dd83-037b-4d39-812f-66db56af525a@group-BCADF287A12B-LeaderElection75: begin an election at term 80 for -1: [7fae3aed-4e76-4283-a599-f93f794625ab:192.168.34.21:41352, 58095e90-3010-492a-9083-43cf2e035c3f:192.168.34.21:45284, 9127dd83-037b-4d39-812f-66db56af525a:192.168.34.21:42063], old=null
2019-10-30 05:53:09,960 [grpc-default-executor-2] INFO  impl.RaftServerImpl (RaftServerImpl.java:setRole(184)) - 58095e90-3010-492a-9083-43cf2e035c3f@group-BCADF287A12B: changes role from  FOLLOWER to FOLLOWER at term 80 for recognizeCandidate:9127dd83-037b-4d39-812f-66db56af525a
2019-10-30 05:53:09,960 [grpc-default-executor-0] INFO  impl.RaftServerImpl (RaftServerImpl.java:setRole(184)) - 7fae3aed-4e76-4283-a599-f93f794625ab@group-BCADF287A12B: changes role from  FOLLOWER to FOLLOWER at term 80 for recognizeCandidate:9127dd83-037b-4d39-812f-66db56af525a
2019-10-30 05:53:09,961 [grpc-default-executor-2] INFO  impl.RoleInfo (RoleInfo.java:shutdownFollowerState(121)) - 58095e90-3010-492a-9083-43cf2e035c3f: shutdown FollowerState
2019-10-30 05:53:09,961 [grpc-default-executor-0] INFO  impl.RoleInfo (RoleInfo.java:shutdownFollowerState(121)) - 7fae3aed-4e76-4283-a599-f93f794625ab: shutdown FollowerState
2019-10-30 05:53:09,961 [grpc-default-executor-2] INFO  impl.RoleInfo (RoleInfo.java:updateAndGet(143)) - 58095e90-3010-492a-9083-43cf2e035c3f: start FollowerState
2019-10-30 05:53:09,961 [Thread-708] INFO  impl.FollowerState (FollowerState.java:run(117)) - 7fae3aed-4e76-4283-a599-f93f794625ab@group-BCADF287A12B-FollowerState was interrupted: java.lang.InterruptedException: sleep interrupted
2019-10-30 05:53:09,961 [grpc-default-executor-0] INFO  impl.RoleInfo (RoleInfo.java:updateAndGet(143)) - 7fae3aed-4e76-4283-a599-f93f794625ab: start FollowerState
2019-10-30 05:53:09,961 [Thread-707] INFO  impl.FollowerState (FollowerState.java:run(117)) - 58095e90-3010-492a-9083-43cf2e035c3f@group-BCADF287A12B-FollowerState was interrupted: java.lang.InterruptedException: sleep interrupted
2019-10-30 05:53:09,978 [9127dd83-037b-4d39-812f-66db56af525a@group-BCADF287A12B-LeaderElection75] INFO  impl.LeaderElection (LeaderElection.java:logAndReturn(56)) - 9127dd83-037b-4d39-812f-66db56af525a@group-BCADF287A12B-LeaderElection75: Election REJECTED; received 2 response(s) [9127dd83-037b-4d39-812f-66db56af525a<-7fae3aed-4e76-4283-a599-f93f794625ab#0:FAIL-t80, 9127dd83-037b-4d39-812f-66db56af525a<-58095e90-3010-492a-9083-43cf2e035c3f#0:FAIL-t80] and 0 exception(s); 9127dd83-037b-4d39-812f-66db56af525a@group-BCADF287A12B:t80, leader=null, voted=9127dd83-037b-4d39-812f-66db56af525a, raftlog=9127dd83-037b-4d39-812f-66db56af525a@group-BCADF287A12B-SegmentedRaftLog:OPENED:c-1,f-1,i0, conf=-1: [7fae3aed-4e76-4283-a599-f93f794625ab:192.168.34.21:41352, 58095e90-3010-492a-9083-43cf2e035c3f:192.168.34.21:45284, 9127dd83-037b-4d39-812f-66db56af525a:192.168.34.21:42063], old=null
2019-10-30 05:53:09,978 [9127dd83-037b-4d39-812f-66db56af525a@group-BCADF287A12B-LeaderElection75] INFO  impl.RaftServerImpl (RaftServerImpl.java:setRole(184)) - 9127dd83-037b-4d39-812f-66db56af525a@group-BCADF287A12B: changes role from CANDIDATE to FOLLOWER at term 80 for DISCOVERED_A_NEW_TERM
2019-10-30 05:53:09,978 [9127dd83-037b-4d39-812f-66db56af525a@group-BCADF287A12B-LeaderElection75] INFO  impl.RoleInfo (RoleInfo.java:shutdownLeaderElection(134)) - 9127dd83-037b-4d39-812f-66db56af525a: shutdown LeaderElection
2019-10-30 05:53:09,978 [9127dd83-037b-4d39-812f-66db56af525a@group-BCADF287A12B-LeaderElection75] INFO  impl.RoleInfo (RoleInfo.java:updateAndGet(143)) - 9127dd83-037b-4d39-812f-66db56af525a: start FollowerState
2019-10-30 05:53:10,093 [Thread-717] INFO  impl.FollowerState (FollowerState.java:run(108)) - 9127dd83-037b-4d39-812f-66db56af525a@group-BCADF287A12B-FollowerState: change to CANDIDATE, lastRpcTime:114ms, electionTimeout:114ms
2019-10-30 05:53:10,093 [Thread-717] INFO  impl.RoleInfo (RoleInfo.java:shutdownFollowerState(121)) - 9127dd83-037b-4d39-812f-66db56af525a: shutdown FollowerState
2019-10-30 05:53:10,093 [Thread-717] INFO  impl.RaftServerImpl (RaftServerImpl.java:setRole(184)) - 9127dd83-037b-4d39-812f-66db56af525a@group-BCADF287A12B: changes role from  FOLLOWER to CANDIDATE at term 80 for changeToCandidate
2019-10-30 05:53:10,093 [Thread-717] INFO  impl.RoleInfo (RoleInfo.java:updateAndGet(143)) - 9127dd83-037b-4d39-812f-66db56af525a: start LeaderElection
2019-10-30 05:53:10,105 [9127dd83-037b-4d39-812f-66db56af525a@group-BCADF287A12B-LeaderElection76] INFO  impl.LeaderElection (LeaderElection.java:askForVotes(178)) - 9127dd83-037b-4d39-812f-66db56af525a@group-BCADF287A12B-LeaderElection76: begin an election at term 81 for -1: [7fae3aed-4e76-4283-a599-f93f794625ab:192.168.34.21:41352, 58095e90-3010-492a-9083-43cf2e035c3f:192.168.34.21:45284, 9127dd83-037b-4d39-812f-66db56af525a:192.168.34.21:42063], old=null
2019-10-30 05:53:10,107 [grpc-default-executor-2] INFO  impl.RaftServerImpl (RaftServerImpl.java:setRole(184)) - 7fae3aed-4e76-4283-a599-f93f794625ab@group-BCADF287A12B: changes role from  FOLLOWER to FOLLOWER at term 81 for recognizeCandidate:9127dd83-037b-4d39-812f-66db56af525a
2019-10-30 05:53:10,107 [grpc-default-executor-0] INFO  impl.RaftServerImpl (RaftServerImpl.java:setRole(184)) - 58095e90-3010-492a-9083-43cf2e035c3f@group-BCADF287A12B: changes role from  FOLLOWER to FOLLOWER at term 81 for recognizeCandidate:9127dd83-037b-4d39-812f-66db56af525a
2019-10-30 05:53:10,108 [grpc-default-executor-2] INFO  impl.RoleInfo (RoleInfo.java:shutdownFollowerState(121)) - 7fae3aed-4e76-4283-a599-f93f794625ab: shutdown FollowerState
2019-10-30 05:53:10,108 [grpc-default-executor-0] INFO  impl.RoleInfo (RoleInfo.java:shutdownFollowerState(121)) - 58095e90-3010-492a-9083-43cf2e035c3f: shutdown FollowerState
2019-10-30 05:53:10,108 [grpc-default-executor-2] INFO  impl.RoleInfo (RoleInfo.java:updateAndGet(143)) - 7fae3aed-4e76-4283-a599-f93f794625ab: start FollowerState
2019-10-30 05:53:10,108 [Thread-715] INFO  impl.FollowerState (FollowerState.java:run(117)) - 58095e90-3010-492a-9083-43cf2e035c3f@group-BCADF287A12B-FollowerState was interrupted: java.lang.InterruptedException: sleep interrupted
2019-10-30 05:53:10,108 [grpc-default-executor-0] INFO  impl.RoleInfo (RoleInfo.java:updateAndGet(143)) - 58095e90-3010-492a-9083-43cf2e035c3f: start FollowerState
2019-10-30 05:53:10,108 [Thread-716] INFO  impl.FollowerState (FollowerState.java:run(117)) - 7fae3aed-4e76-4283-a599-f93f794625ab@group-BCADF287A12B-FollowerState was interrupted: java.lang.InterruptedException: sleep interrupted
2019-10-30 05:53:10,122 [9127dd83-037b-4d39-812f-66db56af525a@group-BCADF287A12B-LeaderElection76] INFO  impl.LeaderElection (LeaderElection.java:logAndReturn(56)) - 9127dd83-037b-4d39-812f-66db56af525a@group-BCADF287A12B-LeaderElection76: Election REJECTED; received 2 response(s) [9127dd83-037b-4d39-812f-66db56af525a<-7fae3aed-4e76-4283-a599-f93f794625ab#0:FAIL-t81, 9127dd83-037b-4d39-812f-66db56af525a<-58095e90-3010-492a-9083-43cf2e035c3f#0:FAIL-t81] and 0 exception(s); 9127dd83-037b-4d39-812f-66db56af525a@group-BCADF287A12B:t81, leader=null, voted=9127dd83-037b-4d39-812f-66db56af525a, raftlog=9127dd83-037b-4d39-812f-66db56af525a@group-BCADF287A12B-SegmentedRaftLog:OPENED:c-1,f-1,i0, conf=-1: [7fae3aed-4e76-4283-a599-f93f794625ab:192.168.34.21:41352, 58095e90-3010-492a-9083-43cf2e035c3f:192.168.34.21:45284, 9127dd83-037b-4d39-812f-66db56af525a:192.168.34.21:42063], old=null
2019-10-30 05:53:10,122 [9127dd83-037b-4d39-812f-66db56af525a@group-BCADF287A12B-LeaderElection76] INFO  impl.RaftServerImpl (RaftServerImpl.java:setRole(184)) - 9127dd83-037b-4d39-812f-66db56af525a@group-BCADF287A12B: changes role from CANDIDATE to FOLLOWER at term 81 for DISCOVERED_A_NEW_TERM
2019-10-30 05:53:10,123 [9127dd83-037b-4d39-812f-66db56af525a@group-BCADF287A12B-LeaderElection76] INFO  impl.RoleInfo (RoleInfo.java:shutdownLeaderElection(134)) - 9127dd83-037b-4d39-812f-66db56af525a: shutdown LeaderElection
2019-10-30 05:53:10,123 [9127dd83-037b-4d39-812f-66db56af525a@group-BCADF287A12B-LeaderElection76] INFO  impl.RoleInfo (RoleInfo.java:updateAndGet(143)) - 9127dd83-037b-4d39-812f-66db56af525a: start FollowerState
2019-10-30 05:53:10,148 [Thread-723] INFO  impl.FollowerState (FollowerState.java:run(108)) - 9127dd83-037b-4d39-812f-66db56af525a@group-BCADF287A12B-FollowerState: change to CANDIDATE, lastRpcTime:25ms, electionTimeout:25ms
2019-10-30 05:53:10,148 [Thread-723] INFO  impl.RoleInfo (RoleInfo.java:shutdownFollowerState(121)) - 9127dd83-037b-4d39-812f-66db56af525a: shutdown FollowerState
2019-10-30 05:53:10,148 [Thread-723] INFO  impl.RaftServerImpl (RaftServerImpl.java:setRole(184)) - 9127dd83-037b-4d39-812f-66db56af525a@group-BCADF287A12B: changes role from  FOLLOWER to CANDIDATE at term 81 for changeToCandidate
2019-10-30 05:53:10,148 [Thread-723] INFO  impl.RoleInfo (RoleInfo.java:updateAndGet(143)) - 9127dd83-037b-4d39-812f-66db56af525a: start LeaderElection
2019-10-30 05:53:10,155 [9127dd83-037b-4d39-812f-66db56af525a@group-BCADF287A12B-LeaderElection77] INFO  impl.LeaderElection (LeaderElection.java:askForVotes(178)) - 9127dd83-037b-4d39-812f-66db56af525a@group-BCADF287A12B-LeaderElection77: begin an election at term 82 for -1: [7fae3aed-4e76-4283-a599-f93f794625ab:192.168.34.21:41352, 58095e90-3010-492a-9083-43cf2e035c3f:192.168.34.21:45284, 9127dd83-037b-4d39-812f-66db56af525a:192.168.34.21:42063], old=null
2019-10-30 05:53:10,158 [grpc-default-executor-0] INFO  impl.RaftServerImpl (RaftServerImpl.java:setRole(184)) - 58095e90-3010-492a-9083-43cf2e035c3f@group-BCADF287A12B: changes role from  FOLLOWER to FOLLOWER at term 82 for recognizeCandidate:9127dd83-037b-4d39-812f-66db56af525a
2019-10-30 05:53:10,158 [grpc-default-executor-2] INFO  impl.RaftServerImpl (RaftServerImpl.java:setRole(184)) - 7fae3aed-4e76-4283-a599-f93f794625ab@group-BCADF287A12B: changes role from  FOLLOWER to FOLLOWER at term 82 for recognizeCandidate:9127dd83-037b-4d39-812f-66db56af525a
2019-10-30 05:53:10,158 [grpc-default-executor-0] INFO  impl.RoleInfo (RoleInfo.java:shutdownFollowerState(121)) - 58095e90-3010-492a-9083-43cf2e035c3f: shutdown FollowerState
2019-10-30 05:53:10,158 [grpc-default-executor-2] INFO  impl.RoleInfo (RoleInfo.java:shutdownFollowerState(121)) - 7fae3aed-4e76-4283-a599-f93f794625ab: shutdown FollowerState
2019-10-30 05:53:10,158 [Thread-722] INFO  impl.FollowerState (FollowerState.java:run(117)) - 58095e90-3010-492a-9083-43cf2e035c3f@group-BCADF287A12B-FollowerState was interrupted: java.lang.InterruptedException: sleep interrupted
2019-10-30 05:53:10,158 [grpc-default-executor-0] INFO  impl.RoleInfo (RoleInfo.java:updateAndGet(143)) - 58095e90-3010-492a-9083-43cf2e035c3f: start FollowerState
2019-10-30 05:53:10,159 [Thread-721] INFO  impl.FollowerState (FollowerState.java:run(117)) - 7fae3aed-4e76-4283-a599-f93f794625ab@group-BCADF287A12B-FollowerState was interrupted: java.lang.InterruptedException: sleep interrupted
2019-10-30 05:53:10,159 [grpc-default-executor-2] INFO  impl.RoleInfo (RoleInfo.java:updateAndGet(143)) - 7fae3aed-4e76-4283-a599-f93f794625ab: start FollowerState
2019-10-30 05:53:10,173 [9127dd83-037b-4d39-812f-66db56af525a@group-BCADF287A12B-LeaderElection77] INFO  impl.LeaderElection (LeaderElection.java:logAndReturn(56)) - 9127dd83-037b-4d39-812f-66db56af525a@group-BCADF287A12B-LeaderElection77: Election REJECTED; received 2 response(s) [9127dd83-037b-4d39-812f-66db56af525a<-7fae3aed-4e76-4283-a599-f93f794625ab#0:FAIL-t82, 9127dd83-037b-4d39-812f-66db56af525a<-58095e90-3010-492a-9083-43cf2e035c3f#0:FAIL-t82] and 0 exception(s); 9127dd83-037b-4d39-812f-66db56af525a@group-BCADF287A12B:t82, leader=null, voted=9127dd83-037b-4d39-812f-66db56af525a, raftlog=9127dd83-037b-4d39-812f-66db56af525a@group-BCADF287A12B-SegmentedRaftLog:OPENED:c-1,f-1,i0, conf=-1: [7fae3aed-4e76-4283-a599-f93f794625ab:192.168.34.21:41352, 58095e90-3010-492a-9083-43cf2e035c3f:192.168.34.21:45284, 9127dd83-037b-4d39-812f-66db56af525a:192.168.34.21:42063], old=null
2019-10-30 05:53:10,174 [9127dd83-037b-4d39-812f-66db56af525a@group-BCADF287A12B-LeaderElection77] INFO  impl.RaftServerImpl (RaftServerImpl.java:setRole(184)) - 9127dd83-037b-4d39-812f-66db56af525a@group-BCADF287A12B: changes role from CANDIDATE to FOLLOWER at term 82 for DISCOVERED_A_NEW_TERM
2019-10-30 05:53:10,174 [9127dd83-037b-4d39-812f-66db56af525a@group-BCADF287A12B-LeaderElection77] INFO  impl.RoleInfo (RoleInfo.java:shutdownLeaderElection(134)) - 9127dd83-037b-4d39-812f-66db56af525a: shutdown LeaderElection
2019-10-30 05:53:10,174 [9127dd83-037b-4d39-812f-66db56af525a@group-BCADF287A12B-LeaderElection77] INFO  impl.RoleInfo (RoleInfo.java:updateAndGet(143)) - 9127dd83-037b-4d39-812f-66db56af525a: start FollowerState
2019-10-30 05:53:10,374 [Thread-729] INFO  impl.FollowerState (FollowerState.java:run(108)) - 9127dd83-037b-4d39-812f-66db56af525a@group-BCADF287A12B-FollowerState: change to CANDIDATE, lastRpcTime:200ms, electionTimeout:200ms
2019-10-30 05:53:10,375 [Thread-729] INFO  impl.RoleInfo (RoleInfo.java:shutdownFollowerState(121)) - 9127dd83-037b-4d39-812f-66db56af525a: shutdown FollowerState
2019-10-30 05:53:10,375 [Thread-729] INFO  impl.RaftServerImpl (RaftServerImpl.java:setRole(184)) - 9127dd83-037b-4d39-812f-66db56af525a@group-BCADF287A12B: changes role from  FOLLOWER to CANDIDATE at term 82 for changeToCandidate
2019-10-30 05:53:10,375 [Thread-729] INFO  impl.RoleInfo (RoleInfo.java:updateAndGet(143)) - 9127dd83-037b-4d39-812f-66db56af525a: start LeaderElection
2019-10-30 05:53:10,657 [9127dd83-037b-4d39-812f-66db56af525a@group-BCADF287A12B-LeaderElection78] INFO  impl.LeaderElection (LeaderElection.java:askForVotes(178)) - 9127dd83-037b-4d39-812f-66db56af525a@group-BCADF287A12B-LeaderElection78: begin an election at term 83 for -1: [7fae3aed-4e76-4283-a599-f93f794625ab:192.168.34.21:41352, 58095e90-3010-492a-9083-43cf2e035c3f:192.168.34.21:45284, 9127dd83-037b-4d39-812f-66db56af525a:192.168.34.21:42063], old=null
2019-10-30 05:53:10,660 [grpc-default-executor-2] INFO  impl.RaftServerImpl (RaftServerImpl.java:setRole(184)) - 7fae3aed-4e76-4283-a599-f93f794625ab@group-BCADF287A12B: changes role from  FOLLOWER to FOLLOWER at term 83 for recognizeCandidate:9127dd83-037b-4d39-812f-66db56af525a
2019-10-30 05:53:10,660 [grpc-default-executor-2] INFO  impl.RoleInfo (RoleInfo.java:shutdownFollowerState(121)) - 7fae3aed-4e76-4283-a599-f93f794625ab: shutdown FollowerState
2019-10-30 05:53:10,661 [grpc-default-executor-0] INFO  impl.RaftServerImpl (RaftServerImpl.java:setRole(184)) - 58095e90-3010-492a-9083-43cf2e035c3f@group-BCADF287A12B: changes role from  FOLLOWER to FOLLOWER at term 83 for recognizeCandidate:9127dd83-037b-4d39-812f-66db56af525a
2019-10-30 05:53:10,661 [grpc-default-executor-0] INFO  impl.RoleInfo (RoleInfo.java:shutdownFollowerState(121)) - 58095e90-3010-492a-9083-43cf2e035c3f: shutdown FollowerState
2019-10-30 05:53:10,661 [Thread-728] INFO  impl.FollowerState (FollowerState.java:run(117)) - 7fae3aed-4e76-4283-a599-f93f794625ab@group-BCADF287A12B-FollowerState was interrupted: java.lang.InterruptedException: sleep interrupted
2019-10-30 05:53:10,661 [grpc-default-executor-2] INFO  impl.RoleInfo (RoleInfo.java:updateAndGet(143)) - 7fae3aed-4e76-4283-a599-f93f794625ab: start FollowerState
2019-10-30 05:53:10,661 [Thread-727] INFO  impl.FollowerState (FollowerState.java:run(117)) - 58095e90-3010-492a-9083-43cf2e035c3f@group-BCADF287A12B-FollowerState was interrupted: java.lang.InterruptedException: sleep interrupted
2019-10-30 05:53:10,661 [grpc-default-executor-0] INFO  impl.RoleInfo (RoleInfo.java:updateAndGet(143)) - 58095e90-3010-492a-9083-43cf2e035c3f: start FollowerState
2019-10-30 05:53:10,779 [9127dd83-037b-4d39-812f-66db56af525a@group-BCADF287A12B-LeaderElection78] INFO  impl.LeaderElection (LeaderElection.java:logAndReturn(56)) - 9127dd83-037b-4d39-812f-66db56af525a@group-BCADF287A12B-LeaderElection78: Election TIMEOUT; received 0 response(s) [] and 0 exception(s); 9127dd83-037b-4d39-812f-66db56af525a@group-BCADF287A12B:t83, leader=null, voted=9127dd83-037b-4d39-812f-66db56af525a, raftlog=9127dd83-037b-4d39-812f-66db56af525a@group-BCADF287A12B-SegmentedRaftLog:OPENED:c-1,f-1,i0, conf=-1: [7fae3aed-4e76-4283-a599-f93f794625ab:192.168.34.21:41352, 58095e90-3010-492a-9083-43cf2e035c3f:192.168.34.21:45284, 9127dd83-037b-4d39-812f-66db56af525a:192.168.34.21:42063], old=null
2019-10-30 05:53:10,896 [9127dd83-037b-4d39-812f-66db56af525a@group-BCADF287A12B-LeaderElection78] INFO  impl.LeaderElection (LeaderElection.java:askForVotes(178)) - 9127dd83-037b-4d39-812f-66db56af525a@group-BCADF287A12B-LeaderElection78: begin an election at term 84 for -1: [7fae3aed-4e76-4283-a599-f93f794625ab:192.168.34.21:41352, 58095e90-3010-492a-9083-43cf2e035c3f:192.168.34.21:45284, 9127dd83-037b-4d39-812f-66db56af525a:192.168.34.21:42063], old=null
2019-10-30 05:53:10,903 [grpc-default-executor-2] INFO  impl.RaftServerImpl (RaftServerImpl.java:setRole(184)) - 7fae3aed-4e76-4283-a599-f93f794625ab@group-BCADF287A12B: changes role from  FOLLOWER to FOLLOWER at term 84 for recognizeCandidate:9127dd83-037b-4d39-812f-66db56af525a
2019-10-30 05:53:10,904 [grpc-default-executor-2] INFO  impl.RoleInfo (RoleInfo.java:shutdownFollowerState(121)) - 7fae3aed-4e76-4283-a599-f93f794625ab: shutdown FollowerState
2019-10-30 05:53:10,904 [grpc-default-executor-0] INFO  impl.RaftServerImpl (RaftServerImpl.java:setRole(184)) - 58095e90-3010-492a-9083-43cf2e035c3f@group-BCADF287A12B: changes role from  FOLLOWER to FOLLOWER at term 84 for recognizeCandidate:9127dd83-037b-4d39-812f-66db56af525a
2019-10-30 05:53:10,904 [Thread-733] INFO  impl.FollowerState (FollowerState.java:run(117)) - 7fae3aed-4e76-4283-a599-f93f794625ab@group-BCADF287A12B-FollowerState was interrupted: java.lang.InterruptedException: sleep interrupted
2019-10-30 05:53:10,904 [grpc-default-executor-2] INFO  impl.RoleInfo (RoleInfo.java:updateAndGet(143)) - 7fae3aed-4e76-4283-a599-f93f794625ab: start FollowerState
2019-10-30 05:53:10,904 [grpc-default-executor-0] INFO  impl.RoleInfo (RoleInfo.java:shutdownFollowerState(121)) - 58095e90-3010-492a-9083-43cf2e035c3f: shutdown FollowerState
2019-10-30 05:53:10,904 [grpc-default-executor-0] INFO  impl.RoleInfo (RoleInfo.java:updateAndGet(143)) - 58095e90-3010-492a-9083-43cf2e035c3f: start FollowerState
2019-10-30 05:53:10,904 [Thread-734] INFO  impl.FollowerState (FollowerState.java:run(117)) - 58095e90-3010-492a-9083-43cf2e035c3f@group-BCADF287A12B-FollowerState was interrupted: java.lang.InterruptedException: sleep interrupted
2019-10-30 05:53:10,909 [9127dd83-037b-4d39-812f-66db56af525a@group-BCADF287A12B-LeaderElection78] INFO  impl.LeaderElection (LeaderElection.java:logAndReturn(56)) - 9127dd83-037b-4d39-812f-66db56af525a@group-BCADF287A12B-LeaderElection78: Election REJECTED; received 2 response(s) [9127dd83-037b-4d39-812f-66db56af525a<-7fae3aed-4e76-4283-a599-f93f794625ab#0:FAIL-t84, 9127dd83-037b-4d39-812f-66db56af525a<-58095e90-3010-492a-9083-43cf2e035c3f#0:FAIL-t84] and 0 exception(s); 9127dd83-037b-4d39-812f-66db56af525a@group-BCADF287A12B:t84, leader=null, voted=9127dd83-037b-4d39-812f-66db56af525a, raftlog=9127dd83-037b-4d39-812f-66db56af525a@group-BCADF287A12B-SegmentedRaftLog:OPENED:c-1,f-1,i0, conf=-1: [7fae3aed-4e76-4283-a599-f93f794625ab:192.168.34.21:41352, 58095e90-3010-492a-9083-43cf2e035c3f:192.168.34.21:45284, 9127dd83-037b-4d39-812f-66db56af525a:192.168.34.21:42063], old=null
2019-10-30 05:53:10,909 [9127dd83-037b-4d39-812f-66db56af525a@group-BCADF287A12B-LeaderElection78] INFO  impl.RaftServerImpl (RaftServerImpl.java:setRole(184)) - 9127dd83-037b-4d39-812f-66db56af525a@group-BCADF287A12B: changes role from CANDIDATE to FOLLOWER at term 84 for DISCOVERED_A_NEW_TERM
2019-10-30 05:53:10,909 [9127dd83-037b-4d39-812f-66db56af525a@group-BCADF287A12B-LeaderElection78] INFO  impl.RoleInfo (RoleInfo.java:shutdownLeaderElection(134)) - 9127dd83-037b-4d39-812f-66db56af525a: shutdown LeaderElection
2019-10-30 05:53:10,909 [9127dd83-037b-4d39-812f-66db56af525a@group-BCADF287A12B-LeaderElection78] INFO  impl.RoleInfo (RoleInfo.java:updateAndGet(143)) - 9127dd83-037b-4d39-812f-66db56af525a: start FollowerState
2019-10-30 05:53:10,930 [Thread-741] INFO  impl.FollowerState (FollowerState.java:run(108)) - 9127dd83-037b-4d39-812f-66db56af525a@group-BCADF287A12B-FollowerState: change to CANDIDATE, lastRpcTime:21ms, electionTimeout:21ms
2019-10-30 05:53:10,931 [Thread-741] INFO  impl.RoleInfo (RoleInfo.java:shutdownFollowerState(121)) - 9127dd83-037b-4d39-812f-66db56af525a: shutdown FollowerState
2019-10-30 05:53:10,931 [Thread-741] INFO  impl.RaftServerImpl (RaftServerImpl.java:setRole(184)) - 9127dd83-037b-4d39-812f-66db56af525a@group-BCADF287A12B: changes role from  FOLLOWER to CANDIDATE at term 84 for changeToCandidate
2019-10-30 05:53:10,931 [Thread-741] INFO  impl.RoleInfo (RoleInfo.java:updateAndGet(143)) - 9127dd83-037b-4d39-812f-66db56af525a: start LeaderElection
2019-10-30 05:53:10,937 [9127dd83-037b-4d39-812f-66db56af525a@group-BCADF287A12B-LeaderElection79] INFO  impl.LeaderElection (LeaderElection.java:askForVotes(178)) - 9127dd83-037b-4d39-812f-66db56af525a@group-BCADF287A12B-LeaderElection79: begin an election at term 85 for -1: [7fae3aed-4e76-4283-a599-f93f794625ab:192.168.34.21:41352, 58095e90-3010-492a-9083-43cf2e035c3f:192.168.34.21:45284, 9127dd83-037b-4d39-812f-66db56af525a:192.168.34.21:42063], old=null
2019-10-30 05:53:10,940 [grpc-default-executor-0] INFO  impl.RaftServerImpl (RaftServerImpl.java:setRole(184)) - 58095e90-3010-492a-9083-43cf2e035c3f@group-BCADF287A12B: changes role from  FOLLOWER to FOLLOWER at term 85 for recognizeCandidate:9127dd83-037b-4d39-812f-66db56af525a
2019-10-30 05:53:10,940 [grpc-default-executor-2] INFO  impl.RaftServerImpl (RaftServerImpl.java:setRole(184)) - 7fae3aed-4e76-4283-a599-f93f794625ab@group-BCADF287A12B: changes role from  FOLLOWER to FOLLOWER at term 85 for recognizeCandidate:9127dd83-037b-4d39-812f-66db56af525a
2019-10-30 05:53:10,941 [grpc-default-executor-0] INFO  impl.RoleInfo (RoleInfo.java:shutdownFollowerState(121)) - 58095e90-3010-492a-9083-43cf2e035c3f: shutdown FollowerState
2019-10-30 05:53:10,941 [grpc-default-executor-2] INFO  impl.RoleInfo (RoleInfo.java:shutdownFollowerState(121)) - 7fae3aed-4e76-4283-a599-f93f794625ab: shutdown FollowerState
2019-10-30 05:53:10,941 [Thread-740] INFO  impl.FollowerState (FollowerState.java:run(117)) - 58095e90-3010-492a-9083-43cf2e035c3f@group-BCADF287A12B-FollowerState was interrupted: java.lang.InterruptedException: sleep interrupted
2019-10-30 05:53:10,941 [grpc-default-executor-0] INFO  impl.RoleInfo (RoleInfo.java:updateAndGet(143)) - 58095e90-3010-492a-9083-43cf2e035c3f: start FollowerState
2019-10-30 05:53:10,941 [grpc-default-executor-2] INFO  impl.RoleInfo (RoleInfo.java:updateAndGet(143)) - 7fae3aed-4e76-4283-a599-f93f794625ab: start FollowerState
2019-10-30 05:53:10,941 [Thread-739] INFO  impl.FollowerState (FollowerState.java:run(117)) - 7fae3aed-4e76-4283-a599-f93f794625ab@group-BCADF287A12B-FollowerState was interrupted: java.lang.InterruptedException: sleep interrupted
2019-10-30 05:53:10,964 [9127dd83-037b-4d39-812f-66db56af525a@group-BCADF287A12B-LeaderElection79] INFO  impl.LeaderElection (LeaderElection.java:logAndReturn(56)) - 9127dd83-037b-4d39-812f-66db56af525a@group-BCADF287A12B-LeaderElection79: Election REJECTED; received 2 response(s) [9127dd83-037b-4d39-812f-66db56af525a<-7fae3aed-4e76-4283-a599-f93f794625ab#0:FAIL-t85, 9127dd83-037b-4d39-812f-66db56af525a<-58095e90-3010-492a-9083-43cf2e035c3f#0:FAIL-t85] and 0 exception(s); 9127dd83-037b-4d39-812f-66db56af525a@group-BCADF287A12B:t85, leader=null, voted=9127dd83-037b-4d39-812f-66db56af525a, raftlog=9127dd83-037b-4d39-812f-66db56af525a@group-BCADF287A12B-SegmentedRaftLog:OPENED:c-1,f-1,i0, conf=-1: [7fae3aed-4e76-4283-a599-f93f794625ab:192.168.34.21:41352, 58095e90-3010-492a-9083-43cf2e035c3f:192.168.34.21:45284, 9127dd83-037b-4d39-812f-66db56af525a:192.168.34.21:42063], old=null
2019-10-30 05:53:10,964 [9127dd83-037b-4d39-812f-66db56af525a@group-BCADF287A12B-LeaderElection79] INFO  impl.RaftServerImpl (RaftServerImpl.java:setRole(184)) - 9127dd83-037b-4d39-812f-66db56af525a@group-BCADF287A12B: changes role from CANDIDATE to FOLLOWER at term 85 for DISCOVERED_A_NEW_TERM
2019-10-30 05:53:10,964 [9127dd83-037b-4d39-812f-66db56af525a@group-BCADF287A12B-LeaderElection79] INFO  impl.RoleInfo (RoleInfo.java:shutdownLeaderElection(134)) - 9127dd83-037b-4d39-812f-66db56af525a: shutdown LeaderElection
2019-10-30 05:53:10,964 [9127dd83-037b-4d39-812f-66db56af525a@group-BCADF287A12B-LeaderElection79] INFO  impl.RoleInfo (RoleInfo.java:updateAndGet(143)) - 9127dd83-037b-4d39-812f-66db56af525a: start FollowerState
2019-10-30 05:53:11,142 [Thread-747] INFO  impl.FollowerState (FollowerState.java:run(108)) - 9127dd83-037b-4d39-812f-66db56af525a@group-BCADF287A12B-FollowerState: change to CANDIDATE, lastRpcTime:177ms, electionTimeout:177ms
2019-10-30 05:53:11,142 [Thread-747] INFO  impl.RoleInfo (RoleInfo.java:shutdownFollowerState(121)) - 9127dd83-037b-4d39-812f-66db56af525a: shutdown FollowerState
2019-10-30 05:53:11,142 [Thread-747] INFO  impl.RaftServerImpl (RaftServerImpl.java:setRole(184)) - 9127dd83-037b-4d39-812f-66db56af525a@group-BCADF287A12B: changes role from  FOLLOWER to CANDIDATE at term 85 for changeToCandidate
2019-10-30 05:53:11,142 [Thread-747] INFO  impl.RoleInfo (RoleInfo.java:updateAndGet(143)) - 9127dd83-037b-4d39-812f-66db56af525a: start LeaderElection
2019-10-30 05:53:11,156 [9127dd83-037b-4d39-812f-66db56af525a@group-BCADF287A12B-LeaderElection80] INFO  impl.LeaderElection (LeaderElection.java:askForVotes(178)) - 9127dd83-037b-4d39-812f-66db56af525a@group-BCADF287A12B-LeaderElection80: begin an election at term 86 for -1: [7fae3aed-4e76-4283-a599-f93f794625ab:192.168.34.21:41352, 58095e90-3010-492a-9083-43cf2e035c3f:192.168.34.21:45284, 9127dd83-037b-4d39-812f-66db56af525a:192.168.34.21:42063], old=null
2019-10-30 05:53:11,159 [grpc-default-executor-2] INFO  impl.RaftServerImpl (RaftServerImpl.java:setRole(184)) - 58095e90-3010-492a-9083-43cf2e035c3f@group-BCADF287A12B: changes role from  FOLLOWER to FOLLOWER at term 86 for recognizeCandidate:9127dd83-037b-4d39-812f-66db56af525a
2019-10-30 05:53:11,159 [grpc-default-executor-0] INFO  impl.RaftServerImpl (RaftServerImpl.java:setRole(184)) - 7fae3aed-4e76-4283-a599-f93f794625ab@group-BCADF287A12B: changes role from  FOLLOWER to FOLLOWER at term 86 for recognizeCandidate:9127dd83-037b-4d39-812f-66db56af525a
2019-10-30 05:53:11,159 [grpc-default-executor-2] INFO  impl.RoleInfo (RoleInfo.java:shutdownFollowerState(121)) - 58095e90-3010-492a-9083-43cf2e035c3f: shutdown FollowerState
2019-10-30 05:53:11,159 [grpc-default-executor-0] INFO  impl.RoleInfo (RoleInfo.java:shutdownFollowerState(121)) - 7fae3aed-4e76-4283-a599-f93f794625ab: shutdown FollowerState
2019-10-30 05:53:11,159 [Thread-745] INFO  impl.FollowerState (FollowerState.java:run(117)) - 58095e90-3010-492a-9083-43cf2e035c3f@group-BCADF287A12B-FollowerState was interrupted: java.lang.InterruptedException: sleep interrupted
2019-10-30 05:53:11,159 [grpc-default-executor-2] INFO  impl.RoleInfo (RoleInfo.java:updateAndGet(143)) - 58095e90-3010-492a-9083-43cf2e035c3f: start FollowerState
2019-10-30 05:53:11,159 [Thread-746] INFO  impl.FollowerState (FollowerState.java:run(117)) - 7fae3aed-4e76-4283-a599-f93f794625ab@group-BCADF287A12B-FollowerState was interrupted: java.lang.InterruptedException: sleep interrupted
2019-10-30 05:53:11,159 [grpc-default-executor-0] INFO  impl.RoleInfo (RoleInfo.java:updateAndGet(143)) - 7fae3aed-4e76-4283-a599-f93f794625ab: start FollowerState
2019-10-30 05:53:11,167 [9127dd83-037b-4d39-812f-66db56af525a@group-BCADF287A12B-LeaderElection80] INFO  impl.LeaderElection (LeaderElection.java:logAndReturn(56)) - 9127dd83-037b-4d39-812f-66db56af525a@group-BCADF287A12B-LeaderElection80: Election REJECTED; received 2 response(s) [9127dd83-037b-4d39-812f-66db56af525a<-7fae3aed-4e76-4283-a599-f93f794625ab#0:FAIL-t86, 9127dd83-037b-4d39-812f-66db56af525a<-58095e90-3010-492a-9083-43cf2e035c3f#0:FAIL-t86] and 0 exception(s); 9127dd83-037b-4d39-812f-66db56af525a@group-BCADF287A12B:t86, leader=null, voted=9127dd83-037b-4d39-812f-66db56af525a, raftlog=9127dd83-037b-4d39-812f-66db56af525a@group-BCADF287A12B-SegmentedRaftLog:OPENED:c-1,f-1,i0, conf=-1: [7fae3aed-4e76-4283-a599-f93f794625ab:192.168.34.21:41352, 58095e90-3010-492a-9083-43cf2e035c3f:192.168.34.21:45284, 9127dd83-037b-4d39-812f-66db56af525a:192.168.34.21:42063], old=null
2019-10-30 05:53:11,167 [9127dd83-037b-4d39-812f-66db56af525a@group-BCADF287A12B-LeaderElection80] INFO  impl.RaftServerImpl (RaftServerImpl.java:setRole(184)) - 9127dd83-037b-4d39-812f-66db56af525a@group-BCADF287A12B: changes role from CANDIDATE to FOLLOWER at term 86 for DISCOVERED_A_NEW_TERM
2019-10-30 05:53:11,167 [9127dd83-037b-4d39-812f-66db56af525a@group-BCADF287A12B-LeaderElection80] INFO  impl.RoleInfo (RoleInfo.java:shutdownLeaderElection(134)) - 9127dd83-037b-4d39-812f-66db56af525a: shutdown LeaderElection
2019-10-30 05:53:11,168 [9127dd83-037b-4d39-812f-66db56af525a@group-BCADF287A12B-LeaderElection80] INFO  impl.RoleInfo (RoleInfo.java:updateAndGet(143)) - 9127dd83-037b-4d39-812f-66db56af525a: start FollowerState
2019-10-30 05:53:11,169 [Thread-753] INFO  impl.FollowerState (FollowerState.java:run(108)) - 9127dd83-037b-4d39-812f-66db56af525a@group-BCADF287A12B-FollowerState: change to CANDIDATE, lastRpcTime:1ms, electionTimeout:1ms
2019-10-30 05:53:11,169 [Thread-753] INFO  impl.RoleInfo (RoleInfo.java:shutdownFollowerState(121)) - 9127dd83-037b-4d39-812f-66db56af525a: shutdown FollowerState
2019-10-30 05:53:11,169 [Thread-753] INFO  impl.RaftServerImpl (RaftServerImpl.java:setRole(184)) - 9127dd83-037b-4d39-812f-66db56af525a@group-BCADF287A12B: changes role from  FOLLOWER to CANDIDATE at term 86 for changeToCandidate
2019-10-30 05:53:11,169 [Thread-753] INFO  impl.RoleInfo (RoleInfo.java:updateAndGet(143)) - 9127dd83-037b-4d39-812f-66db56af525a: start LeaderElection
2019-10-30 05:53:11,185 [9127dd83-037b-4d39-812f-66db56af525a@group-BCADF287A12B-LeaderElection81] INFO  impl.LeaderElection (LeaderElection.java:askForVotes(178)) - 9127dd83-037b-4d39-812f-66db56af525a@group-BCADF287A12B-LeaderElection81: begin an election at term 87 for -1: [7fae3aed-4e76-4283-a599-f93f794625ab:192.168.34.21:41352, 58095e90-3010-492a-9083-43cf2e035c3f:192.168.34.21:45284, 9127dd83-037b-4d39-812f-66db56af525a:192.168.34.21:42063], old=null
2019-10-30 05:53:11,188 [grpc-default-executor-2] INFO  impl.RaftServerImpl (RaftServerImpl.java:setRole(184)) - 7fae3aed-4e76-4283-a599-f93f794625ab@group-BCADF287A12B: changes role from  FOLLOWER to FOLLOWER at term 87 for recognizeCandidate:9127dd83-037b-4d39-812f-66db56af525a
2019-10-30 05:53:11,188 [grpc-default-executor-2] INFO  impl.RoleInfo (RoleInfo.java:shutdownFollowerState(121)) - 7fae3aed-4e76-4283-a599-f93f794625ab: shutdown FollowerState
2019-10-30 05:53:11,188 [grpc-default-executor-0] INFO  impl.RaftServerImpl (RaftServerImpl.java:setRole(184)) - 58095e90-3010-492a-9083-43cf2e035c3f@group-BCADF287A12B: changes role from  FOLLOWER to FOLLOWER at term 87 for recognizeCandidate:9127dd83-037b-4d39-812f-66db56af525a
2019-10-30 05:53:11,189 [Thread-752] INFO  impl.FollowerState (FollowerState.java:run(117)) - 7fae3aed-4e76-4283-a599-f93f794625ab@group-BCADF287A12B-FollowerState was interrupted: java.lang.InterruptedException: sleep interrupted
2019-10-30 05:53:11,188 [grpc-default-executor-2] INFO  impl.RoleInfo (RoleInfo.java:updateAndGet(143)) - 7fae3aed-4e76-4283-a599-f93f794625ab: start FollowerState
2019-10-30 05:53:11,189 [grpc-default-executor-0] INFO  impl.RoleInfo (RoleInfo.java:shutdownFollowerState(121)) - 58095e90-3010-492a-9083-43cf2e035c3f: shutdown FollowerState
2019-10-30 05:53:11,189 [grpc-default-executor-0] INFO  impl.RoleInfo (RoleInfo.java:updateAndGet(143)) - 58095e90-3010-492a-9083-43cf2e035c3f: start FollowerState
2019-10-30 05:53:11,189 [Thread-751] INFO  impl.FollowerState (FollowerState.java:run(117)) - 58095e90-3010-492a-9083-43cf2e035c3f@group-BCADF287A12B-FollowerState was interrupted: java.lang.InterruptedException: sleep interrupted
2019-10-30 05:53:11,207 [9127dd83-037b-4d39-812f-66db56af525a@group-BCADF287A12B-LeaderElection81] INFO  impl.LeaderElection (LeaderElection.java:logAndReturn(56)) - 9127dd83-037b-4d39-812f-66db56af525a@group-BCADF287A12B-LeaderElection81: Election REJECTED; received 2 response(s) [9127dd83-037b-4d39-812f-66db56af525a<-7fae3aed-4e76-4283-a599-f93f794625ab#0:FAIL-t87, 9127dd83-037b-4d39-812f-66db56af525a<-58095e90-3010-492a-9083-43cf2e035c3f#0:FAIL-t87] and 0 exception(s); 9127dd83-037b-4d39-812f-66db56af525a@group-BCADF287A12B:t87, leader=null, voted=9127dd83-037b-4d39-812f-66db56af525a, raftlog=9127dd83-037b-4d39-812f-66db56af525a@group-BCADF287A12B-SegmentedRaftLog:OPENED:c-1,f-1,i0, conf=-1: [7fae3aed-4e76-4283-a599-f93f794625ab:192.168.34.21:41352, 58095e90-3010-492a-9083-43cf2e035c3f:192.168.34.21:45284, 9127dd83-037b-4d39-812f-66db56af525a:192.168.34.21:42063], old=null
2019-10-30 05:53:11,208 [9127dd83-037b-4d39-812f-66db56af525a@group-BCADF287A12B-LeaderElection81] INFO  impl.RaftServerImpl (RaftServerImpl.java:setRole(184)) - 9127dd83-037b-4d39-812f-66db56af525a@group-BCADF287A12B: changes role from CANDIDATE to FOLLOWER at term 87 for DISCOVERED_A_NEW_TERM
2019-10-30 05:53:11,208 [9127dd83-037b-4d39-812f-66db56af525a@group-BCADF287A12B-LeaderElection81] INFO  impl.RoleInfo (RoleInfo.java:shutdownLeaderElection(134)) - 9127dd83-037b-4d39-812f-66db56af525a: shutdown LeaderElection
2019-10-30 05:53:11,208 [9127dd83-037b-4d39-812f-66db56af525a@group-BCADF287A12B-LeaderElection81] INFO  impl.RoleInfo (RoleInfo.java:updateAndGet(143)) - 9127dd83-037b-4d39-812f-66db56af525a: start FollowerState
2019-10-30 05:53:11,365 [Thread-760] INFO  impl.FollowerState (FollowerState.java:run(108)) - 9127dd83-037b-4d39-812f-66db56af525a@group-BCADF287A12B-FollowerState: change to CANDIDATE, lastRpcTime:157ms, electionTimeout:157ms
2019-10-30 05:53:11,366 [Thread-760] INFO  impl.RoleInfo (RoleInfo.java:shutdownFollowerState(121)) - 9127dd83-037b-4d39-812f-66db56af525a: shutdown FollowerState
2019-10-30 05:53:11,366 [Thread-760] INFO  impl.RaftServerImpl (RaftServerImpl.java:setRole(184)) - 9127dd83-037b-4d39-812f-66db56af525a@group-BCADF287A12B: changes role from  FOLLOWER to CANDIDATE at term 87 for changeToCandidate
2019-10-30 05:53:11,366 [Thread-760] INFO  impl.RoleInfo (RoleInfo.java:updateAndGet(143)) - 9127dd83-037b-4d39-812f-66db56af525a: start LeaderElection
2019-10-30 05:53:11,372 [9127dd83-037b-4d39-812f-66db56af525a@group-BCADF287A12B-LeaderElection82] INFO  impl.LeaderElection (LeaderElection.java:askForVotes(178)) - 9127dd83-037b-4d39-812f-66db56af525a@group-BCADF287A12B-LeaderElection82: begin an election at term 88 for -1: [7fae3aed-4e76-4283-a599-f93f794625ab:192.168.34.21:41352, 58095e90-3010-492a-9083-43cf2e035c3f:192.168.34.21:45284, 9127dd83-037b-4d39-812f-66db56af525a:192.168.34.21:42063], old=null
2019-10-30 05:53:11,376 [grpc-default-executor-2] INFO  impl.RaftServerImpl (RaftServerImpl.java:setRole(184)) - 58095e90-3010-492a-9083-43cf2e035c3f@group-BCADF287A12B: changes role from  FOLLOWER to FOLLOWER at term 88 for recognizeCandidate:9127dd83-037b-4d39-812f-66db56af525a
2019-10-30 05:53:11,376 [grpc-default-executor-2] INFO  impl.RoleInfo (RoleInfo.java:shutdownFollowerState(121)) - 58095e90-3010-492a-9083-43cf2e035c3f: shutdown FollowerState
2019-10-30 05:53:11,376 [grpc-default-executor-2] INFO  impl.RoleInfo (RoleInfo.java:updateAndGet(143)) - 58095e90-3010-492a-9083-43cf2e035c3f: start FollowerState
2019-10-30 05:53:11,376 [grpc-default-executor-0] INFO  impl.RaftServerImpl (RaftServerImpl.java:setRole(184)) - 7fae3aed-4e76-4283-a599-f93f794625ab@group-BCADF287A12B: changes role from  FOLLOWER to FOLLOWER at term 88 for recognizeCandidate:9127dd83-037b-4d39-812f-66db56af525a
2019-10-30 05:53:11,376 [grpc-default-executor-0] INFO  impl.RoleInfo (RoleInfo.java:shutdownFollowerState(121)) - 7fae3aed-4e76-4283-a599-f93f794625ab: shutdown FollowerState
2019-10-30 05:53:11,376 [Thread-758] INFO  impl.FollowerState (FollowerState.java:run(117)) - 58095e90-3010-492a-9083-43cf2e035c3f@group-BCADF287A12B-FollowerState was interrupted: java.lang.InterruptedException: sleep interrupted
2019-10-30 05:53:11,377 [Thread-757] INFO  impl.FollowerState (FollowerState.java:run(117)) - 7fae3aed-4e76-4283-a599-f93f794625ab@group-BCADF287A12B-FollowerState was interrupted: java.lang.InterruptedException: sleep interrupted
2019-10-30 05:53:11,377 [grpc-default-executor-0] INFO  impl.RoleInfo (RoleInfo.java:updateAndGet(143)) - 7fae3aed-4e76-4283-a599-f93f794625ab: start FollowerState
2019-10-30 05:53:11,411 [9127dd83-037b-4d39-812f-66db56af525a@group-BCADF287A12B-LeaderElection82] INFO  impl.LeaderElection (LeaderElection.java:logAndReturn(56)) - 9127dd83-037b-4d39-812f-66db56af525a@group-BCADF287A12B-LeaderElection82: Election REJECTED; received 2 response(s) [9127dd83-037b-4d39-812f-66db56af525a<-7fae3aed-4e76-4283-a599-f93f794625ab#0:FAIL-t88, 9127dd83-037b-4d39-812f-66db56af525a<-58095e90-3010-492a-9083-43cf2e035c3f#0:FAIL-t88] and 0 exception(s); 9127dd83-037b-4d39-812f-66db56af525a@group-BCADF287A12B:t88, leader=null, voted=9127dd83-037b-4d39-812f-66db56af525a, raftlog=9127dd83-037b-4d39-812f-66db56af525a@group-BCADF287A12B-SegmentedRaftLog:OPENED:c-1,f-1,i0, conf=-1: [7fae3aed-4e76-4283-a599-f93f794625ab:192.168.34.21:41352, 58095e90-3010-492a-9083-43cf2e035c3f:192.168.34.21:45284, 9127dd83-037b-4d39-812f-66db56af525a:192.168.34.21:42063], old=null
2019-10-30 05:53:11,412 [9127dd83-037b-4d39-812f-66db56af525a@group-BCADF287A12B-LeaderElection82] INFO  impl.RaftServerImpl (RaftServerImpl.java:setRole(184)) - 9127dd83-037b-4d39-812f-66db56af525a@group-BCADF287A12B: changes role from CANDIDATE to FOLLOWER at term 88 for DISCOVERED_A_NEW_TERM
2019-10-30 05:53:11,412 [9127dd83-037b-4d39-812f-66db56af525a@group-BCADF287A12B-LeaderElection82] INFO  impl.RoleInfo (RoleInfo.java:shutdownLeaderElection(134)) - 9127dd83-037b-4d39-812f-66db56af525a: shutdown LeaderElection
2019-10-30 05:53:11,412 [9127dd83-037b-4d39-812f-66db56af525a@group-BCADF287A12B-LeaderElection82] INFO  impl.RoleInfo (RoleInfo.java:updateAndGet(143)) - 9127dd83-037b-4d39-812f-66db56af525a: start FollowerState
2019-10-30 05:53:11,438 [Thread-766] INFO  impl.FollowerState (FollowerState.java:run(108)) - 9127dd83-037b-4d39-812f-66db56af525a@group-BCADF287A12B-FollowerState: change to CANDIDATE, lastRpcTime:26ms, electionTimeout:26ms
2019-10-30 05:53:11,439 [Thread-766] INFO  impl.RoleInfo (RoleInfo.java:shutdownFollowerState(121)) - 9127dd83-037b-4d39-812f-66db56af525a: shutdown FollowerState
2019-10-30 05:53:11,439 [Thread-766] INFO  impl.RaftServerImpl (RaftServerImpl.java:setRole(184)) - 9127dd83-037b-4d39-812f-66db56af525a@group-BCADF287A12B: changes role from  FOLLOWER to CANDIDATE at term 88 for changeToCandidate
2019-10-30 05:53:11,439 [Thread-766] INFO  impl.RoleInfo (RoleInfo.java:updateAndGet(143)) - 9127dd83-037b-4d39-812f-66db56af525a: start LeaderElection
2019-10-30 05:53:11,469 [9127dd83-037b-4d39-812f-66db56af525a@group-BCADF287A12B-LeaderElection83] INFO  impl.LeaderElection (LeaderElection.java:askForVotes(178)) - 9127dd83-037b-4d39-812f-66db56af525a@group-BCADF287A12B-LeaderElection83: begin an election at term 89 for -1: [7fae3aed-4e76-4283-a599-f93f794625ab:192.168.34.21:41352, 58095e90-3010-492a-9083-43cf2e035c3f:192.168.34.21:45284, 9127dd83-037b-4d39-812f-66db56af525a:192.168.34.21:42063], old=null
2019-10-30 05:53:11,473 [grpc-default-executor-0] INFO  impl.RaftServerImpl (RaftServerImpl.java:setRole(184)) - 7fae3aed-4e76-4283-a599-f93f794625ab@group-BCADF287A12B: changes role from  FOLLOWER to FOLLOWER at term 89 for recognizeCandidate:9127dd83-037b-4d39-812f-66db56af525a
2019-10-30 05:53:11,473 [grpc-default-executor-2] INFO  impl.RaftServerImpl (RaftServerImpl.java:setRole(184)) - 58095e90-3010-492a-9083-43cf2e035c3f@group-BCADF287A12B: changes role from  FOLLOWER to FOLLOWER at term 89 for recognizeCandidate:9127dd83-037b-4d39-812f-66db56af525a
2019-10-30 05:53:11,473 [grpc-default-executor-0] INFO  impl.RoleInfo (RoleInfo.java:shutdownFollowerState(121)) - 7fae3aed-4e76-4283-a599-f93f794625ab: shutdown FollowerState
2019-10-30 05:53:11,473 [grpc-default-executor-2] INFO  impl.RoleInfo (RoleInfo.java:shutdownFollowerState(121)) - 58095e90-3010-492a-9083-43cf2e035c3f: shutdown FollowerState
2019-10-30 05:53:11,474 [Thread-765] INFO  impl.FollowerState (FollowerState.java:run(117)) - 7fae3aed-4e76-4283-a599-f93f794625ab@group-BCADF287A12B-FollowerState was interrupted: java.lang.InterruptedException: sleep interrupted
2019-10-30 05:53:11,474 [grpc-default-executor-0] INFO  impl.RoleInfo (RoleInfo.java:updateAndGet(143)) - 7fae3aed-4e76-4283-a599-f93f794625ab: start FollowerState
2019-10-30 05:53:11,474 [grpc-default-executor-2] INFO  impl.RoleInfo (RoleInfo.java:updateAndGet(143)) - 58095e90-3010-492a-9083-43cf2e035c3f: start FollowerState
2019-10-30 05:53:11,474 [Thread-764] INFO  impl.FollowerState (FollowerState.java:run(117)) - 58095e90-3010-492a-9083-43cf2e035c3f@group-BCADF287A12B-FollowerState was interrupted: java.lang.InterruptedException: sleep interrupted
2019-10-30 05:53:11,485 [9127dd83-037b-4d39-812f-66db56af525a@group-BCADF287A12B-LeaderElection83] INFO  impl.LeaderElection (LeaderElection.java:logAndReturn(56)) - 9127dd83-037b-4d39-812f-66db56af525a@group-BCADF287A12B-LeaderElection83: Election REJECTED; received 2 response(s) [9127dd83-037b-4d39-812f-66db56af525a<-7fae3aed-4e76-4283-a599-f93f794625ab#0:FAIL-t89, 9127dd83-037b-4d39-812f-66db56af525a<-58095e90-3010-492a-9083-43cf2e035c3f#0:FAIL-t89] and 0 exception(s); 9127dd83-037b-4d39-812f-66db56af525a@group-BCADF287A12B:t89, leader=null, voted=9127dd83-037b-4d39-812f-66db56af525a, raftlog=9127dd83-037b-4d39-812f-66db56af525a@group-BCADF287A12B-SegmentedRaftLog:OPENED:c-1,f-1,i0, conf=-1: [7fae3aed-4e76-4283-a599-f93f794625ab:192.168.34.21:41352, 58095e90-3010-492a-9083-43cf2e035c3f:192.168.34.21:45284, 9127dd83-037b-4d39-812f-66db56af525a:192.168.34.21:42063], old=null
2019-10-30 05:53:11,485 [9127dd83-037b-4d39-812f-66db56af525a@group-BCADF287A12B-LeaderElection83] INFO  impl.RaftServerImpl (RaftServerImpl.java:setRole(184)) - 9127dd83-037b-4d39-812f-66db56af525a@group-BCADF287A12B: changes role from CANDIDATE to FOLLOWER at term 89 for DISCOVERED_A_NEW_TERM
2019-10-30 05:53:11,485 [9127dd83-037b-4d39-812f-66db56af525a@group-BCADF287A12B-LeaderElection83] INFO  impl.RoleInfo (RoleInfo.java:shutdownLeaderElection(134)) - 9127dd83-037b-4d39-812f-66db56af525a: shutdown LeaderElection
2019-10-30 05:53:11,485 [9127dd83-037b-4d39-812f-66db56af525a@group-BCADF287A12B-LeaderElection83] INFO  impl.RoleInfo (RoleInfo.java:updateAndGet(143)) - 9127dd83-037b-4d39-812f-66db56af525a: start FollowerState
2019-10-30 05:53:11,528 [Thread-772] INFO  impl.FollowerState (FollowerState.java:run(108)) - 9127dd83-037b-4d39-812f-66db56af525a@group-BCADF287A12B-FollowerState: change to CANDIDATE, lastRpcTime:42ms, electionTimeout:42ms
2019-10-30 05:53:11,528 [Thread-772] INFO  impl.RoleInfo (RoleInfo.java:shutdownFollowerState(121)) - 9127dd83-037b-4d39-812f-66db56af525a: shutdown FollowerState
2019-10-30 05:53:11,528 [Thread-772] INFO  impl.RaftServerImpl (RaftServerImpl.java:setRole(184)) - 9127dd83-037b-4d39-812f-66db56af525a@group-BCADF287A12B: changes role from  FOLLOWER to CANDIDATE at term 89 for changeToCandidate
2019-10-30 05:53:11,528 [Thread-772] INFO  impl.RoleInfo (RoleInfo.java:updateAndGet(143)) - 9127dd83-037b-4d39-812f-66db56af525a: start LeaderElection
2019-10-30 05:53:11,535 [9127dd83-037b-4d39-812f-66db56af525a@group-BCADF287A12B-LeaderElection84] INFO  impl.LeaderElection (LeaderElection.java:askForVotes(178)) - 9127dd83-037b-4d39-812f-66db56af525a@group-BCADF287A12B-LeaderElection84: begin an election at term 90 for -1: [7fae3aed-4e76-4283-a599-f93f794625ab:192.168.34.21:41352, 58095e90-3010-492a-9083-43cf2e035c3f:192.168.34.21:45284, 9127dd83-037b-4d39-812f-66db56af525a:192.168.34.21:42063], old=null
2019-10-30 05:53:11,538 [grpc-default-executor-2] INFO  impl.RaftServerImpl (RaftServerImpl.java:setRole(184)) - 58095e90-3010-492a-9083-43cf2e035c3f@group-BCADF287A12B: changes role from  FOLLOWER to FOLLOWER at term 90 for recognizeCandidate:9127dd83-037b-4d39-812f-66db56af525a
2019-10-30 05:53:11,538 [grpc-default-executor-0] INFO  impl.RaftServerImpl (RaftServerImpl.java:setRole(184)) - 7fae3aed-4e76-4283-a599-f93f794625ab@group-BCADF287A12B: changes role from  FOLLOWER to FOLLOWER at term 90 for recognizeCandidate:9127dd83-037b-4d39-812f-66db56af525a
2019-10-30 05:53:11,538 [grpc-default-executor-2] INFO  impl.RoleInfo (RoleInfo.java:shutdownFollowerState(121)) - 58095e90-3010-492a-9083-43cf2e035c3f: shutdown FollowerState
2019-10-30 05:53:11,538 [grpc-default-executor-0] INFO  impl.RoleInfo (RoleInfo.java:shutdownFollowerState(121)) - 7fae3aed-4e76-4283-a599-f93f794625ab: shutdown FollowerState
2019-10-30 05:53:11,538 [Thread-771] INFO  impl.FollowerState (FollowerState.java:run(117)) - 58095e90-3010-492a-9083-43cf2e035c3f@group-BCADF287A12B-FollowerState was interrupted: java.lang.InterruptedException: sleep interrupted
2019-10-30 05:53:11,538 [grpc-default-executor-2] INFO  impl.RoleInfo (RoleInfo.java:updateAndGet(143)) - 58095e90-3010-492a-9083-43cf2e035c3f: start FollowerState
2019-10-30 05:53:11,538 [Thread-770] INFO  impl.FollowerState (FollowerState.java:run(117)) - 7fae3aed-4e76-4283-a599-f93f794625ab@group-BCADF287A12B-FollowerState was interrupted: java.lang.InterruptedException: sleep interrupted
2019-10-30 05:53:11,538 [grpc-default-executor-0] INFO  impl.RoleInfo (RoleInfo.java:updateAndGet(143)) - 7fae3aed-4e76-4283-a599-f93f794625ab: start FollowerState
2019-10-30 05:53:11,546 [9127dd83-037b-4d39-812f-66db56af525a@group-BCADF287A12B-LeaderElection84] INFO  impl.LeaderElection (LeaderElection.java:logAndReturn(56)) - 9127dd83-037b-4d39-812f-66db56af525a@group-BCADF287A12B-LeaderElection84: Election REJECTED; received 2 response(s) [9127dd83-037b-4d39-812f-66db56af525a<-7fae3aed-4e76-4283-a599-f93f794625ab#0:FAIL-t90, 9127dd83-037b-4d39-812f-66db56af525a<-58095e90-3010-492a-9083-43cf2e035c3f#0:FAIL-t90] and 0 exception(s); 9127dd83-037b-4d39-812f-66db56af525a@group-BCADF287A12B:t90, leader=null, voted=9127dd83-037b-4d39-812f-66db56af525a, raftlog=9127dd83-037b-4d39-812f-66db56af525a@group-BCADF287A12B-SegmentedRaftLog:OPENED:c-1,f-1,i0, conf=-1: [7fae3aed-4e76-4283-a599-f93f794625ab:192.168.34.21:41352, 58095e90-3010-492a-9083-43cf2e035c3f:192.168.34.21:45284, 9127dd83-037b-4d39-812f-66db56af525a:192.168.34.21:42063], old=null
2019-10-30 05:53:11,547 [9127dd83-037b-4d39-812f-66db56af525a@group-BCADF287A12B-LeaderElection84] INFO  impl.RaftServerImpl (RaftServerImpl.java:setRole(184)) - 9127dd83-037b-4d39-812f-66db56af525a@group-BCADF287A12B: changes role from CANDIDATE to FOLLOWER at term 90 for DISCOVERED_A_NEW_TERM
2019-10-30 05:53:11,547 [9127dd83-037b-4d39-812f-66db56af525a@group-BCADF287A12B-LeaderElection84] INFO  impl.RoleInfo (RoleInfo.java:shutdownLeaderElection(134)) - 9127dd83-037b-4d39-812f-66db56af525a: shutdown LeaderElection
2019-10-30 05:53:11,547 [9127dd83-037b-4d39-812f-66db56af525a@group-BCADF287A12B-LeaderElection84] INFO  impl.RoleInfo (RoleInfo.java:updateAndGet(143)) - 9127dd83-037b-4d39-812f-66db56af525a: start FollowerState
2019-10-30 05:53:11,556 [Thread-778] INFO  impl.FollowerState (FollowerState.java:run(108)) - 9127dd83-037b-4d39-812f-66db56af525a@group-BCADF287A12B-FollowerState: change to CANDIDATE, lastRpcTime:8ms, electionTimeout:8ms
2019-10-30 05:53:11,556 [Thread-778] INFO  impl.RoleInfo (RoleInfo.java:shutdownFollowerState(121)) - 9127dd83-037b-4d39-812f-66db56af525a: shutdown FollowerState
2019-10-30 05:53:11,556 [Thread-778] INFO  impl.RaftServerImpl (RaftServerImpl.java:setRole(184)) - 9127dd83-037b-4d39-812f-66db56af525a@group-BCADF287A12B: changes role from  FOLLOWER to CANDIDATE at term 90 for changeToCandidate
2019-10-30 05:53:11,556 [Thread-778] INFO  impl.RoleInfo (RoleInfo.java:updateAndGet(143)) - 9127dd83-037b-4d39-812f-66db56af525a: start LeaderElection
2019-10-30 05:53:11,562 [9127dd83-037b-4d39-812f-66db56af525a@group-BCADF287A12B-LeaderElection85] INFO  impl.LeaderElection (LeaderElection.java:askForVotes(178)) - 9127dd83-037b-4d39-812f-66db56af525a@group-BCADF287A12B-LeaderElection85: begin an election at term 91 for -1: [7fae3aed-4e76-4283-a599-f93f794625ab:192.168.34.21:41352, 58095e90-3010-492a-9083-43cf2e035c3f:192.168.34.21:45284, 9127dd83-037b-4d39-812f-66db56af525a:192.168.34.21:42063], old=null
2019-10-30 05:53:11,564 [grpc-default-executor-0] INFO  impl.RaftServerImpl (RaftServerImpl.java:setRole(184)) - 7fae3aed-4e76-4283-a599-f93f794625ab@group-BCADF287A12B: changes role from  FOLLOWER to FOLLOWER at term 91 for recognizeCandidate:9127dd83-037b-4d39-812f-66db56af525a
2019-10-30 05:53:11,564 [grpc-default-executor-2] INFO  impl.RaftServerImpl (RaftServerImpl.java:setRole(184)) - 58095e90-3010-492a-9083-43cf2e035c3f@group-BCADF287A12B: changes role from  FOLLOWER to FOLLOWER at term 91 for recognizeCandidate:9127dd83-037b-4d39-812f-66db56af525a
2019-10-30 05:53:11,565 [grpc-default-executor-0] INFO  impl.RoleInfo (RoleInfo.java:shutdownFollowerState(121)) - 7fae3aed-4e76-4283-a599-f93f794625ab: shutdown FollowerState
2019-10-30 05:53:11,565 [grpc-default-executor-2] INFO  impl.RoleInfo (RoleInfo.java:shutdownFollowerState(121)) - 58095e90-3010-492a-9083-43cf2e035c3f: shutdown FollowerState
2019-10-30 05:53:11,565 [Thread-777] INFO  impl.FollowerState (FollowerState.java:run(117)) - 7fae3aed-4e76-4283-a599-f93f794625ab@group-BCADF287A12B-FollowerState was interrupted: java.lang.InterruptedException: sleep interrupted
2019-10-30 05:53:11,565 [Thread-776] INFO  impl.FollowerState (FollowerState.java:run(117)) - 58095e90-3010-492a-9083-43cf2e035c3f@group-BCADF287A12B-FollowerState was interrupted: java.lang.InterruptedException: sleep interrupted
2019-10-30 05:53:11,565 [grpc-default-executor-0] INFO  impl.RoleInfo (RoleInfo.java:updateAndGet(143)) - 7fae3aed-4e76-4283-a599-f93f794625ab: start FollowerState
2019-10-30 05:53:11,565 [grpc-default-executor-2] INFO  impl.RoleInfo (RoleInfo.java:updateAndGet(143)) - 58095e90-3010-492a-9083-43cf2e035c3f: start FollowerState
2019-10-30 05:53:11,574 [9127dd83-037b-4d39-812f-66db56af525a@group-BCADF287A12B-LeaderElection85] INFO  impl.LeaderElection (LeaderElection.java:logAndReturn(56)) - 9127dd83-037b-4d39-812f-66db56af525a@group-BCADF287A12B-LeaderElection85: Election TIMEOUT; received 0 response(s) [] and 0 exception(s); 9127dd83-037b-4d39-812f-66db56af525a@group-BCADF287A12B:t91, leader=null, voted=9127dd83-037b-4d39-812f-66db56af525a, raftlog=9127dd83-037b-4d39-812f-66db56af525a@group-BCADF287A12B-SegmentedRaftLog:OPENED:c-1,f-1,i0, conf=-1: [7fae3aed-4e76-4283-a599-f93f794625ab:192.168.34.21:41352, 58095e90-3010-492a-9083-43cf2e035c3f:192.168.34.21:45284, 9127dd83-037b-4d39-812f-66db56af525a:192.168.34.21:42063], old=null
2019-10-30 05:53:11,601 [9127dd83-037b-4d39-812f-66db56af525a@group-BCADF287A12B-LeaderElection85] INFO  impl.LeaderElection (LeaderElection.java:askForVotes(178)) - 9127dd83-037b-4d39-812f-66db56af525a@group-BCADF287A12B-LeaderElection85: begin an election at term 92 for -1: [7fae3aed-4e76-4283-a599-f93f794625ab:192.168.34.21:41352, 58095e90-3010-492a-9083-43cf2e035c3f:192.168.34.21:45284, 9127dd83-037b-4d39-812f-66db56af525a:192.168.34.21:42063], old=null
2019-10-30 05:53:11,604 [grpc-default-executor-2] INFO  impl.RaftServerImpl (RaftServerImpl.java:setRole(184)) - 7fae3aed-4e76-4283-a599-f93f794625ab@group-BCADF287A12B: changes role from  FOLLOWER to FOLLOWER at term 92 for recognizeCandidate:9127dd83-037b-4d39-812f-66db56af525a
2019-10-30 05:53:11,604 [grpc-default-executor-2] INFO  impl.RoleInfo (RoleInfo.java:shutdownFollowerState(121)) - 7fae3aed-4e76-4283-a599-f93f794625ab: shutdown FollowerState
2019-10-30 05:53:11,604 [Thread-782] INFO  impl.FollowerState (FollowerState.java:run(117)) - 7fae3aed-4e76-4283-a599-f93f794625ab@group-BCADF287A12B-FollowerState was interrupted: java.lang.InterruptedException: sleep interrupted
2019-10-30 05:53:11,605 [grpc-default-executor-0] INFO  impl.RaftServerImpl (RaftServerImpl.java:setRole(184)) - 58095e90-3010-492a-9083-43cf2e035c3f@group-BCADF287A12B: changes role from  FOLLOWER to FOLLOWER at term 92 for recognizeCandidate:9127dd83-037b-4d39-812f-66db56af525a
2019-10-30 05:53:11,604 [grpc-default-executor-2] INFO  impl.RoleInfo (RoleInfo.java:updateAndGet(143)) - 7fae3aed-4e76-4283-a599-f93f794625ab: start FollowerState
2019-10-30 05:53:11,605 [grpc-default-executor-0] INFO  impl.RoleInfo (RoleInfo.java:shutdownFollowerState(121)) - 58095e90-3010-492a-9083-43cf2e035c3f: shutdown FollowerState
2019-10-30 05:53:11,606 [grpc-default-executor-0] INFO  impl.RoleInfo (RoleInfo.java:updateAndGet(143)) - 58095e90-3010-492a-9083-43cf2e035c3f: start FollowerState
2019-10-30 05:53:11,606 [Thread-783] INFO  impl.FollowerState (FollowerState.java:run(117)) - 58095e90-3010-492a-9083-43cf2e035c3f@group-BCADF287A12B-FollowerState was interrupted: java.lang.InterruptedException: sleep interrupted
2019-10-30 05:53:11,613 [9127dd83-037b-4d39-812f-66db56af525a@group-BCADF287A12B-LeaderElection85] INFO  impl.LeaderElection (LeaderElection.java:logAndReturn(56)) - 9127dd83-037b-4d39-812f-66db56af525a@group-BCADF287A12B-LeaderElection85: Election REJECTED; received 2 response(s) [9127dd83-037b-4d39-812f-66db56af525a<-7fae3aed-4e76-4283-a599-f93f794625ab#0:FAIL-t92, 9127dd83-037b-4d39-812f-66db56af525a<-58095e90-3010-492a-9083-43cf2e035c3f#0:FAIL-t92] and 0 exception(s); 9127dd83-037b-4d39-812f-66db56af525a@group-BCADF287A12B:t92, leader=null, voted=9127dd83-037b-4d39-812f-66db56af525a, raftlog=9127dd83-037b-4d39-812f-66db56af525a@group-BCADF287A12B-SegmentedRaftLog:OPENED:c-1,f-1,i0, conf=-1: [7fae3aed-4e76-4283-a599-f93f794625ab:192.168.34.21:41352, 58095e90-3010-492a-9083-43cf2e035c3f:192.168.34.21:45284, 9127dd83-037b-4d39-812f-66db56af525a:192.168.34.21:42063], old=null
2019-10-30 05:53:11,614 [9127dd83-037b-4d39-812f-66db56af525a@group-BCADF287A12B-LeaderElection85] INFO  impl.RaftServerImpl (RaftServerImpl.java:setRole(184)) - 9127dd83-037b-4d39-812f-66db56af525a@group-BCADF287A12B: changes role from CANDIDATE to FOLLOWER at term 92 for DISCOVERED_A_NEW_TERM
2019-10-30 05:53:11,614 [9127dd83-037b-4d39-812f-66db56af525a@group-BCADF287A12B-LeaderElection85] INFO  impl.RoleInfo (RoleInfo.java:shutdownLeaderElection(134)) - 9127dd83-037b-4d39-812f-66db56af525a: shutdown LeaderElection
2019-10-30 05:53:11,614 [9127dd83-037b-4d39-812f-66db56af525a@group-BCADF287A12B-LeaderElection85] INFO  impl.RoleInfo (RoleInfo.java:updateAndGet(143)) - 9127dd83-037b-4d39-812f-66db56af525a: start FollowerState
2019-10-30 05:53:11,721 [Thread-788] INFO  impl.FollowerState (FollowerState.java:run(108)) - 9127dd83-037b-4d39-812f-66db56af525a@group-BCADF287A12B-FollowerState: change to CANDIDATE, lastRpcTime:107ms, electionTimeout:106ms
2019-10-30 05:53:11,721 [Thread-788] INFO  impl.RoleInfo (RoleInfo.java:shutdownFollowerState(121)) - 9127dd83-037b-4d39-812f-66db56af525a: shutdown FollowerState
2019-10-30 05:53:11,721 [Thread-788] INFO  impl.RaftServerImpl (RaftServerImpl.java:setRole(184)) - 9127dd83-037b-4d39-812f-66db56af525a@group-BCADF287A12B: changes role from  FOLLOWER to CANDIDATE at term 92 for changeToCandidate
2019-10-30 05:53:11,722 [Thread-788] INFO  impl.RoleInfo (RoleInfo.java:updateAndGet(143)) - 9127dd83-037b-4d39-812f-66db56af525a: start LeaderElection
2019-10-30 05:53:11,730 [9127dd83-037b-4d39-812f-66db56af525a@group-BCADF287A12B-LeaderElection86] INFO  impl.LeaderElection (LeaderElection.java:askForVotes(178)) - 9127dd83-037b-4d39-812f-66db56af525a@group-BCADF287A12B-LeaderElection86: begin an election at term 93 for -1: [7fae3aed-4e76-4283-a599-f93f794625ab:192.168.34.21:41352, 58095e90-3010-492a-9083-43cf2e035c3f:192.168.34.21:45284, 9127dd83-037b-4d39-812f-66db56af525a:192.168.34.21:42063], old=null
2019-10-30 05:53:11,733 [grpc-default-executor-2] INFO  impl.RaftServerImpl (RaftServerImpl.java:setRole(184)) - 58095e90-3010-492a-9083-43cf2e035c3f@group-BCADF287A12B: changes role from  FOLLOWER to FOLLOWER at term 93 for recognizeCandidate:9127dd83-037b-4d39-812f-66db56af525a
2019-10-30 05:53:11,733 [grpc-default-executor-0] INFO  impl.RaftServerImpl (RaftServerImpl.java:setRole(184)) - 7fae3aed-4e76-4283-a599-f93f794625ab@group-BCADF287A12B: changes role from  FOLLOWER to FOLLOWER at term 93 for recognizeCandidate:9127dd83-037b-4d39-812f-66db56af525a
2019-10-30 05:53:11,733 [grpc-default-executor-2] INFO  impl.RoleInfo (RoleInfo.java:shutdownFollowerState(121)) - 58095e90-3010-492a-9083-43cf2e035c3f: shutdown FollowerState
2019-10-30 05:53:11,733 [grpc-default-executor-0] INFO  impl.RoleInfo (RoleInfo.java:shutdownFollowerState(121)) - 7fae3aed-4e76-4283-a599-f93f794625ab: shutdown FollowerState
2019-10-30 05:53:11,733 [grpc-default-executor-2] INFO  impl.RoleInfo (RoleInfo.java:updateAndGet(143)) - 58095e90-3010-492a-9083-43cf2e035c3f: start FollowerState
2019-10-30 05:53:11,733 [Thread-786] INFO  impl.FollowerState (FollowerState.java:run(117)) - 7fae3aed-4e76-4283-a599-f93f794625ab@group-BCADF287A12B-FollowerState was interrupted: java.lang.InterruptedException: sleep interrupted
2019-10-30 05:53:11,733 [grpc-default-executor-0] INFO  impl.RoleInfo (RoleInfo.java:updateAndGet(143)) - 7fae3aed-4e76-4283-a599-f93f794625ab: start FollowerState
2019-10-30 05:53:11,734 [Thread-787] INFO  impl.FollowerState (FollowerState.java:run(117)) - 58095e90-3010-492a-9083-43cf2e035c3f@group-BCADF287A12B-FollowerState was interrupted: java.lang.InterruptedException: sleep interrupted
2019-10-30 05:53:11,742 [9127dd83-037b-4d39-812f-66db56af525a@group-BCADF287A12B-LeaderElection86] INFO  impl.LeaderElection (LeaderElection.java:logAndReturn(56)) - 9127dd83-037b-4d39-812f-66db56af525a@group-BCADF287A12B-LeaderElection86: Election REJECTED; received 2 response(s) [9127dd83-037b-4d39-812f-66db56af525a<-7fae3aed-4e76-4283-a599-f93f794625ab#0:FAIL-t93, 9127dd83-037b-4d39-812f-66db56af525a<-58095e90-3010-492a-9083-43cf2e035c3f#0:FAIL-t93] and 0 exception(s); 9127dd83-037b-4d39-812f-66db56af525a@group-BCADF287A12B:t93, leader=null, voted=9127dd83-037b-4d39-812f-66db56af525a, raftlog=9127dd83-037b-4d39-812f-66db56af525a@group-BCADF287A12B-SegmentedRaftLog:OPENED:c-1,f-1,i0, conf=-1: [7fae3aed-4e76-4283-a599-f93f794625ab:192.168.34.21:41352, 58095e90-3010-492a-9083-43cf2e035c3f:192.168.34.21:45284, 9127dd83-037b-4d39-812f-66db56af525a:192.168.34.21:42063], old=null
2019-10-30 05:53:11,743 [9127dd83-037b-4d39-812f-66db56af525a@group-BCADF287A12B-LeaderElection86] INFO  impl.RaftServerImpl (RaftServerImpl.java:setRole(184)) - 9127dd83-037b-4d39-812f-66db56af525a@group-BCADF287A12B: changes role from CANDIDATE to FOLLOWER at term 93 for DISCOVERED_A_NEW_TERM
2019-10-30 05:53:11,743 [9127dd83-037b-4d39-812f-66db56af525a@group-BCADF287A12B-LeaderElection86] INFO  impl.RoleInfo (RoleInfo.java:shutdownLeaderElection(134)) - 9127dd83-037b-4d39-812f-66db56af525a: shutdown LeaderElection
2019-10-30 05:53:11,743 [9127dd83-037b-4d39-812f-66db56af525a@group-BCADF287A12B-LeaderElection86] INFO  impl.RoleInfo (RoleInfo.java:updateAndGet(143)) - 9127dd83-037b-4d39-812f-66db56af525a: start FollowerState
2019-10-30 05:53:11,880 [Thread-794] INFO  impl.FollowerState (FollowerState.java:run(108)) - 9127dd83-037b-4d39-812f-66db56af525a@group-BCADF287A12B-FollowerState: change to CANDIDATE, lastRpcTime:137ms, electionTimeout:137ms
2019-10-30 05:53:11,881 [Thread-794] INFO  impl.RoleInfo (RoleInfo.java:shutdownFollowerState(121)) - 9127dd83-037b-4d39-812f-66db56af525a: shutdown FollowerState
2019-10-30 05:53:11,881 [Thread-794] INFO  impl.RaftServerImpl (RaftServerImpl.java:setRole(184)) - 9127dd83-037b-4d39-812f-66db56af525a@group-BCADF287A12B: changes role from  FOLLOWER to CANDIDATE at term 93 for changeToCandidate
2019-10-30 05:53:11,881 [Thread-794] INFO  impl.RoleInfo (RoleInfo.java:updateAndGet(143)) - 9127dd83-037b-4d39-812f-66db56af525a: start LeaderElection
2019-10-30 05:53:11,894 [9127dd83-037b-4d39-812f-66db56af525a@group-BCADF287A12B-LeaderElection87] INFO  impl.LeaderElection (LeaderElection.java:askForVotes(178)) - 9127dd83-037b-4d39-812f-66db56af525a@group-BCADF287A12B-LeaderElection87: begin an election at term 94 for -1: [7fae3aed-4e76-4283-a599-f93f794625ab:192.168.34.21:41352, 58095e90-3010-492a-9083-43cf2e035c3f:192.168.34.21:45284, 9127dd83-037b-4d39-812f-66db56af525a:192.168.34.21:42063], old=null
2019-10-30 05:53:11,899 [grpc-default-executor-2] INFO  impl.RaftServerImpl (RaftServerImpl.java:setRole(184)) - 58095e90-3010-492a-9083-43cf2e035c3f@group-BCADF287A12B: changes role from  FOLLOWER to FOLLOWER at term 94 for recognizeCandidate:9127dd83-037b-4d39-812f-66db56af525a
2019-10-30 05:53:11,899 [grpc-default-executor-0] INFO  impl.RaftServerImpl (RaftServerImpl.java:setRole(184)) - 7fae3aed-4e76-4283-a599-f93f794625ab@group-BCADF287A12B: changes role from  FOLLOWER to FOLLOWER at term 94 for recognizeCandidate:9127dd83-037b-4d39-812f-66db56af525a
2019-10-30 05:53:11,899 [grpc-default-executor-2] INFO  impl.RoleInfo (RoleInfo.java:shutdownFollowerState(121)) - 58095e90-3010-492a-9083-43cf2e035c3f: shutdown FollowerState
2019-10-30 05:53:11,899 [grpc-default-executor-0] INFO  impl.RoleInfo (RoleInfo.java:shutdownFollowerState(121)) - 7fae3aed-4e76-4283-a599-f93f794625ab: shutdown FollowerState
2019-10-30 05:53:11,899 [grpc-default-executor-2] INFO  impl.RoleInfo (RoleInfo.java:updateAndGet(143)) - 58095e90-3010-492a-9083-43cf2e035c3f: start FollowerState
2019-10-30 05:53:11,900 [grpc-default-executor-0] INFO  impl.RoleInfo (RoleInfo.java:updateAndGet(143)) - 7fae3aed-4e76-4283-a599-f93f794625ab: start FollowerState
2019-10-30 05:53:11,900 [Thread-792] INFO  impl.FollowerState (FollowerState.java:run(117)) - 58095e90-3010-492a-9083-43cf2e035c3f@group-BCADF287A12B-FollowerState was interrupted: java.lang.InterruptedException: sleep interrupted
2019-10-30 05:53:11,900 [Thread-793] INFO  impl.FollowerState (FollowerState.java:run(117)) - 7fae3aed-4e76-4283-a599-f93f794625ab@group-BCADF287A12B-FollowerState was interrupted: java.lang.InterruptedException: sleep interrupted
2019-10-30 05:53:11,911 [9127dd83-037b-4d39-812f-66db56af525a@group-BCADF287A12B-LeaderElection87] INFO  impl.LeaderElection (LeaderElection.java:logAndReturn(56)) - 9127dd83-037b-4d39-812f-66db56af525a@group-BCADF287A12B-LeaderElection87: Election REJECTED; received 2 response(s) [9127dd83-037b-4d39-812f-66db56af525a<-7fae3aed-4e76-4283-a599-f93f794625ab#0:FAIL-t94, 9127dd83-037b-4d39-812f-66db56af525a<-58095e90-3010-492a-9083-43cf2e035c3f#0:FAIL-t94] and 0 exception(s); 9127dd83-037b-4d39-812f-66db56af525a@group-BCADF287A12B:t94, leader=null, voted=9127dd83-037b-4d39-812f-66db56af525a, raftlog=9127dd83-037b-4d39-812f-66db56af525a@group-BCADF287A12B-SegmentedRaftLog:OPENED:c-1,f-1,i0, conf=-1: [7fae3aed-4e76-4283-a599-f93f794625ab:192.168.34.21:41352, 58095e90-3010-492a-9083-43cf2e035c3f:192.168.34.21:45284, 9127dd83-037b-4d39-812f-66db56af525a:192.168.34.21:42063], old=null
2019-10-30 05:53:11,912 [9127dd83-037b-4d39-812f-66db56af525a@group-BCADF287A12B-LeaderElection87] INFO  impl.RaftServerImpl (RaftServerImpl.java:setRole(184)) - 9127dd83-037b-4d39-812f-66db56af525a@group-BCADF287A12B: changes role from CANDIDATE to FOLLOWER at term 94 for DISCOVERED_A_NEW_TERM
2019-10-30 05:53:11,912 [9127dd83-037b-4d39-812f-66db56af525a@group-BCADF287A12B-LeaderElection87] INFO  impl.RoleInfo (RoleInfo.java:shutdownLeaderElection(134)) - 9127dd83-037b-4d39-812f-66db56af525a: shutdown LeaderElection
2019-10-30 05:53:11,912 [9127dd83-037b-4d39-812f-66db56af525a@group-BCADF287A12B-LeaderElection87] INFO  impl.RoleInfo (RoleInfo.java:updateAndGet(143)) - 9127dd83-037b-4d39-812f-66db56af525a: start FollowerState
2019-10-30 05:53:12,066 [Thread-801] INFO  impl.FollowerState (FollowerState.java:run(108)) - 9127dd83-037b-4d39-812f-66db56af525a@group-BCADF287A12B-FollowerState: change to CANDIDATE, lastRpcTime:153ms, electionTimeout:151ms
2019-10-30 05:53:12,066 [Thread-801] INFO  impl.RoleInfo (RoleInfo.java:shutdownFollowerState(121)) - 9127dd83-037b-4d39-812f-66db56af525a: shutdown FollowerState
2019-10-30 05:53:12,066 [Thread-801] INFO  impl.RaftServerImpl (RaftServerImpl.java:setRole(184)) - 9127dd83-037b-4d39-812f-66db56af525a@group-BCADF287A12B: changes role from  FOLLOWER to CANDIDATE at term 94 for changeToCandidate
2019-10-30 05:53:12,067 [Thread-801] INFO  impl.RoleInfo (RoleInfo.java:updateAndGet(143)) - 9127dd83-037b-4d39-812f-66db56af525a: start LeaderElection
2019-10-30 05:53:12,075 [9127dd83-037b-4d39-812f-66db56af525a@group-BCADF287A12B-LeaderElection88] INFO  impl.LeaderElection (LeaderElection.java:askForVotes(178)) - 9127dd83-037b-4d39-812f-66db56af525a@group-BCADF287A12B-LeaderElection88: begin an election at term 95 for -1: [7fae3aed-4e76-4283-a599-f93f794625ab:192.168.34.21:41352, 58095e90-3010-492a-9083-43cf2e035c3f:192.168.34.21:45284, 9127dd83-037b-4d39-812f-66db56af525a:192.168.34.21:42063], old=null
2019-10-30 05:53:12,079 [grpc-default-executor-0] INFO  impl.RaftServerImpl (RaftServerImpl.java:setRole(184)) - 58095e90-3010-492a-9083-43cf2e035c3f@group-BCADF287A12B: changes role from  FOLLOWER to FOLLOWER at term 95 for recognizeCandidate:9127dd83-037b-4d39-812f-66db56af525a
2019-10-30 05:53:12,079 [grpc-default-executor-0] INFO  impl.RoleInfo (RoleInfo.java:shutdownFollowerState(121)) - 58095e90-3010-492a-9083-43cf2e035c3f: shutdown FollowerState
2019-10-30 05:53:12,079 [grpc-default-executor-0] INFO  impl.RoleInfo (RoleInfo.java:updateAndGet(143)) - 58095e90-3010-492a-9083-43cf2e035c3f: start FollowerState
2019-10-30 05:53:12,079 [Thread-798] INFO  impl.FollowerState (FollowerState.java:run(117)) - 58095e90-3010-492a-9083-43cf2e035c3f@group-BCADF287A12B-FollowerState was interrupted: java.lang.InterruptedException: sleep interrupted
2019-10-30 05:53:12,079 [grpc-default-executor-2] INFO  impl.RaftServerImpl (RaftServerImpl.java:setRole(184)) - 7fae3aed-4e76-4283-a599-f93f794625ab@group-BCADF287A12B: changes role from  FOLLOWER to FOLLOWER at term 95 for recognizeCandidate:9127dd83-037b-4d39-812f-66db56af525a
2019-10-30 05:53:12,080 [grpc-default-executor-2] INFO  impl.RoleInfo (RoleInfo.java:shutdownFollowerState(121)) - 7fae3aed-4e76-4283-a599-f93f794625ab: shutdown FollowerState
2019-10-30 05:53:12,080 [grpc-default-executor-2] INFO  impl.RoleInfo (RoleInfo.java:updateAndGet(143)) - 7fae3aed-4e76-4283-a599-f93f794625ab: start FollowerState
2019-10-30 05:53:12,080 [Thread-799] INFO  impl.FollowerState (FollowerState.java:run(117)) - 7fae3aed-4e76-4283-a599-f93f794625ab@group-BCADF287A12B-FollowerState was interrupted: java.lang.InterruptedException: sleep interrupted
2019-10-30 05:53:12,094 [9127dd83-037b-4d39-812f-66db56af525a@group-BCADF287A12B-LeaderElection88] INFO  impl.LeaderElection (LeaderElection.java:logAndReturn(56)) - 9127dd83-037b-4d39-812f-66db56af525a@group-BCADF287A12B-LeaderElection88: Election REJECTED; received 2 response(s) [9127dd83-037b-4d39-812f-66db56af525a<-7fae3aed-4e76-4283-a599-f93f794625ab#0:FAIL-t95, 9127dd83-037b-4d39-812f-66db56af525a<-58095e90-3010-492a-9083-43cf2e035c3f#0:FAIL-t95] and 0 exception(s); 9127dd83-037b-4d39-812f-66db56af525a@group-BCADF287A12B:t95, leader=null, voted=9127dd83-037b-4d39-812f-66db56af525a, raftlog=9127dd83-037b-4d39-812f-66db56af525a@group-BCADF287A12B-SegmentedRaftLog:OPENED:c-1,f-1,i0, conf=-1: [7fae3aed-4e76-4283-a599-f93f794625ab:192.168.34.21:41352, 58095e90-3010-492a-9083-43cf2e035c3f:192.168.34.21:45284, 9127dd83-037b-4d39-812f-66db56af525a:192.168.34.21:42063], old=null
2019-10-30 05:53:12,094 [9127dd83-037b-4d39-812f-66db56af525a@group-BCADF287A12B-LeaderElection88] INFO  impl.RaftServerImpl (RaftServerImpl.java:setRole(184)) - 9127dd83-037b-4d39-812f-66db56af525a@group-BCADF287A12B: changes role from CANDIDATE to FOLLOWER at term 95 for DISCOVERED_A_NEW_TERM
2019-10-30 05:53:12,094 [9127dd83-037b-4d39-812f-66db56af525a@group-BCADF287A12B-LeaderElection88] INFO  impl.RoleInfo (RoleInfo.java:shutdownLeaderElection(134)) - 9127dd83-037b-4d39-812f-66db56af525a: shutdown LeaderElection
2019-10-30 05:53:12,095 [9127dd83-037b-4d39-812f-66db56af525a@group-BCADF287A12B-LeaderElection88] INFO  impl.RoleInfo (RoleInfo.java:updateAndGet(143)) - 9127dd83-037b-4d39-812f-66db56af525a: start FollowerState
2019-10-30 05:53:12,147 [Thread-808] INFO  impl.FollowerState (FollowerState.java:run(108)) - 9127dd83-037b-4d39-812f-66db56af525a@group-BCADF287A12B-FollowerState: change to CANDIDATE, lastRpcTime:52ms, electionTimeout:52ms
2019-10-30 05:53:12,147 [Thread-808] INFO  impl.RoleInfo (RoleInfo.java:shutdownFollowerState(121)) - 9127dd83-037b-4d39-812f-66db56af525a: shutdown FollowerState
2019-10-30 05:53:12,147 [Thread-808] INFO  impl.RaftServerImpl (RaftServerImpl.java:setRole(184)) - 9127dd83-037b-4d39-812f-66db56af525a@group-BCADF287A12B: changes role from  FOLLOWER to CANDIDATE at term 95 for changeToCandidate
2019-10-30 05:53:12,148 [Thread-808] INFO  impl.RoleInfo (RoleInfo.java:updateAndGet(143)) - 9127dd83-037b-4d39-812f-66db56af525a: start LeaderElection
2019-10-30 05:53:12,158 [9127dd83-037b-4d39-812f-66db56af525a@group-BCADF287A12B-LeaderElection89] INFO  impl.LeaderElection (LeaderElection.java:askForVotes(178)) - 9127dd83-037b-4d39-812f-66db56af525a@group-BCADF287A12B-LeaderElection89: begin an election at term 96 for -1: [7fae3aed-4e76-4283-a599-f93f794625ab:192.168.34.21:41352, 58095e90-3010-492a-9083-43cf2e035c3f:192.168.34.21:45284, 9127dd83-037b-4d39-812f-66db56af525a:192.168.34.21:42063], old=null
2019-10-30 05:53:12,161 [grpc-default-executor-0] INFO  impl.RaftServerImpl (RaftServerImpl.java:setRole(184)) - 7fae3aed-4e76-4283-a599-f93f794625ab@group-BCADF287A12B: changes role from  FOLLOWER to FOLLOWER at term 96 for recognizeCandidate:9127dd83-037b-4d39-812f-66db56af525a
2019-10-30 05:53:12,161 [grpc-default-executor-0] INFO  impl.RoleInfo (RoleInfo.java:shutdownFollowerState(121)) - 7fae3aed-4e76-4283-a599-f93f794625ab: shutdown FollowerState
2019-10-30 05:53:12,161 [grpc-default-executor-2] INFO  impl.RaftServerImpl (RaftServerImpl.java:setRole(184)) - 58095e90-3010-492a-9083-43cf2e035c3f@group-BCADF287A12B: changes role from  FOLLOWER to FOLLOWER at term 96 for recognizeCandidate:9127dd83-037b-4d39-812f-66db56af525a
2019-10-30 05:53:12,161 [Thread-807] INFO  impl.FollowerState (FollowerState.java:run(117)) - 7fae3aed-4e76-4283-a599-f93f794625ab@group-BCADF287A12B-FollowerState was interrupted: java.lang.InterruptedException: sleep interrupted
2019-10-30 05:53:12,161 [grpc-default-executor-0] INFO  impl.RoleInfo (RoleInfo.java:updateAndGet(143)) - 7fae3aed-4e76-4283-a599-f93f794625ab: start FollowerState
2019-10-30 05:53:12,161 [grpc-default-executor-2] INFO  impl.RoleInfo (RoleInfo.java:shutdownFollowerState(121)) - 58095e90-3010-492a-9083-43cf2e035c3f: shutdown FollowerState
2019-10-30 05:53:12,162 [grpc-default-executor-2] INFO  impl.RoleInfo (RoleInfo.java:updateAndGet(143)) - 58095e90-3010-492a-9083-43cf2e035c3f: start FollowerState
2019-10-30 05:53:12,162 [Thread-806] INFO  impl.FollowerState (FollowerState.java:run(117)) - 58095e90-3010-492a-9083-43cf2e035c3f@group-BCADF287A12B-FollowerState was interrupted: java.lang.InterruptedException: sleep interrupted
2019-10-30 05:53:12,168 [9127dd83-037b-4d39-812f-66db56af525a@group-BCADF287A12B-LeaderElection89] INFO  impl.LeaderElection (LeaderElection.java:logAndReturn(56)) - 9127dd83-037b-4d39-812f-66db56af525a@group-BCADF287A12B-LeaderElection89: Election REJECTED; received 2 response(s) [9127dd83-037b-4d39-812f-66db56af525a<-7fae3aed-4e76-4283-a599-f93f794625ab#0:FAIL-t96, 9127dd83-037b-4d39-812f-66db56af525a<-58095e90-3010-492a-9083-43cf2e035c3f#0:FAIL-t96] and 0 exception(s); 9127dd83-037b-4d39-812f-66db56af525a@group-BCADF287A12B:t96, leader=null, voted=9127dd83-037b-4d39-812f-66db56af525a, raftlog=9127dd83-037b-4d39-812f-66db56af525a@group-BCADF287A12B-SegmentedRaftLog:OPENED:c-1,f-1,i0, conf=-1: [7fae3aed-4e76-4283-a599-f93f794625ab:192.168.34.21:41352, 58095e90-3010-492a-9083-43cf2e035c3f:192.168.34.21:45284, 9127dd83-037b-4d39-812f-66db56af525a:192.168.34.21:42063], old=null
2019-10-30 05:53:12,168 [9127dd83-037b-4d39-812f-66db56af525a@group-BCADF287A12B-LeaderElection89] INFO  impl.RaftServerImpl (RaftServerImpl.java:setRole(184)) - 9127dd83-037b-4d39-812f-66db56af525a@group-BCADF287A12B: changes role from CANDIDATE to FOLLOWER at term 96 for DISCOVERED_A_NEW_TERM
2019-10-30 05:53:12,168 [9127dd83-037b-4d39-812f-66db56af525a@group-BCADF287A12B-LeaderElection89] INFO  impl.RoleInfo (RoleInfo.java:shutdownLeaderElection(134)) - 9127dd83-037b-4d39-812f-66db56af525a: shutdown LeaderElection
2019-10-30 05:53:12,168 [9127dd83-037b-4d39-812f-66db56af525a@group-BCADF287A12B-LeaderElection89] INFO  impl.RoleInfo (RoleInfo.java:updateAndGet(143)) - 9127dd83-037b-4d39-812f-66db56af525a: start FollowerState
2019-10-30 05:53:12,339 [Thread-814] INFO  impl.FollowerState (FollowerState.java:run(108)) - 9127dd83-037b-4d39-812f-66db56af525a@group-BCADF287A12B-FollowerState: change to CANDIDATE, lastRpcTime:170ms, electionTimeout:170ms
2019-10-30 05:53:12,339 [Thread-814] INFO  impl.RoleInfo (RoleInfo.java:shutdownFollowerState(121)) - 9127dd83-037b-4d39-812f-66db56af525a: shutdown FollowerState
2019-10-30 05:53:12,339 [Thread-814] INFO  impl.RaftServerImpl (RaftServerImpl.java:setRole(184)) - 9127dd83-037b-4d39-812f-66db56af525a@group-BCADF287A12B: changes role from  FOLLOWER to CANDIDATE at term 96 for changeToCandidate
2019-10-30 05:53:12,340 [Thread-814] INFO  impl.RoleInfo (RoleInfo.java:updateAndGet(143)) - 9127dd83-037b-4d39-812f-66db56af525a: start LeaderElection
2019-10-30 05:53:12,349 [9127dd83-037b-4d39-812f-66db56af525a@group-BCADF287A12B-LeaderElection90] INFO  impl.LeaderElection (LeaderElection.java:askForVotes(178)) - 9127dd83-037b-4d39-812f-66db56af525a@group-BCADF287A12B-LeaderElection90: begin an election at term 97 for -1: [7fae3aed-4e76-4283-a599-f93f794625ab:192.168.34.21:41352, 58095e90-3010-492a-9083-43cf2e035c3f:192.168.34.21:45284, 9127dd83-037b-4d39-812f-66db56af525a:192.168.34.21:42063], old=null
2019-10-30 05:53:12,354 [grpc-default-executor-0] INFO  impl.RaftServerImpl (RaftServerImpl.java:setRole(184)) - 7fae3aed-4e76-4283-a599-f93f794625ab@group-BCADF287A12B: changes role from  FOLLOWER to FOLLOWER at term 97 for recognizeCandidate:9127dd83-037b-4d39-812f-66db56af525a
2019-10-30 05:53:12,354 [grpc-default-executor-0] INFO  impl.RoleInfo (RoleInfo.java:shutdownFollowerState(121)) - 7fae3aed-4e76-4283-a599-f93f794625ab: shutdown FollowerState
2019-10-30 05:53:12,354 [grpc-default-executor-2] INFO  impl.RaftServerImpl (RaftServerImpl.java:setRole(184)) - 58095e90-3010-492a-9083-43cf2e035c3f@group-BCADF287A12B: changes role from  FOLLOWER to FOLLOWER at term 97 for recognizeCandidate:9127dd83-037b-4d39-812f-66db56af525a
2019-10-30 05:53:12,354 [Thread-812] INFO  impl.FollowerState (FollowerState.java:run(117)) - 7fae3aed-4e76-4283-a599-f93f794625ab@group-BCADF287A12B-FollowerState was interrupted: java.lang.InterruptedException: sleep interrupted
2019-10-30 05:53:12,354 [grpc-default-executor-0] INFO  impl.RoleInfo (RoleInfo.java:updateAndGet(143)) - 7fae3aed-4e76-4283-a599-f93f794625ab: start FollowerState
2019-10-30 05:53:12,354 [grpc-default-executor-2] INFO  impl.RoleInfo (RoleInfo.java:shutdownFollowerState(121)) - 58095e90-3010-492a-9083-43cf2e035c3f: shutdown FollowerState
2019-10-30 05:53:12,355 [grpc-default-executor-2] INFO  impl.RoleInfo (RoleInfo.java:updateAndGet(143)) - 58095e90-3010-492a-9083-43cf2e035c3f: start FollowerState
2019-10-30 05:53:12,355 [Thread-813] INFO  impl.FollowerState (FollowerState.java:run(117)) - 58095e90-3010-492a-9083-43cf2e035c3f@group-BCADF287A12B-FollowerState was interrupted: java.lang.InterruptedException: sleep interrupted
2019-10-30 05:53:12,362 [9127dd83-037b-4d39-812f-66db56af525a@group-BCADF287A12B-LeaderElection90] INFO  impl.LeaderElection (LeaderElection.java:logAndReturn(56)) - 9127dd83-037b-4d39-812f-66db56af525a@group-BCADF287A12B-LeaderElection90: Election TIMEOUT; received 0 response(s) [] and 0 exception(s); 9127dd83-037b-4d39-812f-66db56af525a@group-BCADF287A12B:t97, leader=null, voted=9127dd83-037b-4d39-812f-66db56af525a, raftlog=9127dd83-037b-4d39-812f-66db56af525a@group-BCADF287A12B-SegmentedRaftLog:OPENED:c-1,f-1,i0, conf=-1: [7fae3aed-4e76-4283-a599-f93f794625ab:192.168.34.21:41352, 58095e90-3010-492a-9083-43cf2e035c3f:192.168.34.21:45284, 9127dd83-037b-4d39-812f-66db56af525a:192.168.34.21:42063], old=null
2019-10-30 05:53:12,368 [9127dd83-037b-4d39-812f-66db56af525a@group-BCADF287A12B-LeaderElection90] INFO  impl.LeaderElection (LeaderElection.java:askForVotes(178)) - 9127dd83-037b-4d39-812f-66db56af525a@group-BCADF287A12B-LeaderElection90: begin an election at term 98 for -1: [7fae3aed-4e76-4283-a599-f93f794625ab:192.168.34.21:41352, 58095e90-3010-492a-9083-43cf2e035c3f:192.168.34.21:45284, 9127dd83-037b-4d39-812f-66db56af525a:192.168.34.21:42063], old=null
2019-10-30 05:53:12,371 [grpc-default-executor-2] INFO  impl.RaftServerImpl (RaftServerImpl.java:setRole(184)) - 58095e90-3010-492a-9083-43cf2e035c3f@group-BCADF287A12B: changes role from  FOLLOWER to FOLLOWER at term 98 for recognizeCandidate:9127dd83-037b-4d39-812f-66db56af525a
2019-10-30 05:53:12,371 [grpc-default-executor-2] INFO  impl.RoleInfo (RoleInfo.java:shutdownFollowerState(121)) - 58095e90-3010-492a-9083-43cf2e035c3f: shutdown FollowerState
2019-10-30 05:53:12,372 [grpc-default-executor-2] INFO  impl.RoleInfo (RoleInfo.java:updateAndGet(143)) - 58095e90-3010-492a-9083-43cf2e035c3f: start FollowerState
2019-10-30 05:53:12,372 [grpc-default-executor-0] INFO  impl.RaftServerImpl (RaftServerImpl.java:setRole(184)) - 7fae3aed-4e76-4283-a599-f93f794625ab@group-BCADF287A12B: changes role from  FOLLOWER to FOLLOWER at term 98 for recognizeCandidate:9127dd83-037b-4d39-812f-66db56af525a
2019-10-30 05:53:12,372 [grpc-default-executor-0] INFO  impl.RoleInfo (RoleInfo.java:shutdownFollowerState(121)) - 7fae3aed-4e76-4283-a599-f93f794625ab: shutdown FollowerState
2019-10-30 05:53:12,372 [grpc-default-executor-0] INFO  impl.RoleInfo (RoleInfo.java:updateAndGet(143)) - 7fae3aed-4e76-4283-a599-f93f794625ab: start FollowerState
2019-10-30 05:53:12,377 [Thread-819] INFO  impl.FollowerState (FollowerState.java:run(117)) - 58095e90-3010-492a-9083-43cf2e035c3f@group-BCADF287A12B-FollowerState was interrupted: java.lang.InterruptedException: sleep interrupted
2019-10-30 05:53:12,377 [Thread-818] INFO  impl.FollowerState (FollowerState.java:run(117)) - 7fae3aed-4e76-4283-a599-f93f794625ab@group-BCADF287A12B-FollowerState was interrupted: java.lang.InterruptedException: sleep interrupted
2019-10-30 05:53:12,391 [9127dd83-037b-4d39-812f-66db56af525a@group-BCADF287A12B-LeaderElection90] INFO  impl.LeaderElection (LeaderElection.java:logAndReturn(56)) - 9127dd83-037b-4d39-812f-66db56af525a@group-BCADF287A12B-LeaderElection90: Election REJECTED; received 2 response(s) [9127dd83-037b-4d39-812f-66db56af525a<-7fae3aed-4e76-4283-a599-f93f794625ab#0:FAIL-t98, 9127dd83-037b-4d39-812f-66db56af525a<-58095e90-3010-492a-9083-43cf2e035c3f#0:FAIL-t98] and 0 exception(s); 9127dd83-037b-4d39-812f-66db56af525a@group-BCADF287A12B:t98, leader=null, voted=9127dd83-037b-4d39-812f-66db56af525a, raftlog=9127dd83-037b-4d39-812f-66db56af525a@group-BCADF287A12B-SegmentedRaftLog:OPENED:c-1,f-1,i0, conf=-1: [7fae3aed-4e76-4283-a599-f93f794625ab:192.168.34.21:41352, 58095e90-3010-492a-9083-43cf2e035c3f:192.168.34.21:45284, 9127dd83-037b-4d39-812f-66db56af525a:192.168.34.21:42063], old=null
2019-10-30 05:53:12,391 [9127dd83-037b-4d39-812f-66db56af525a@group-BCADF287A12B-LeaderElection90] INFO  impl.RaftServerImpl (RaftServerImpl.java:setRole(184)) - 9127dd83-037b-4d39-812f-66db56af525a@group-BCADF287A12B: changes role from CANDIDATE to FOLLOWER at term 98 for DISCOVERED_A_NEW_TERM
2019-10-30 05:53:12,392 [9127dd83-037b-4d39-812f-66db56af525a@group-BCADF287A12B-LeaderElection90] INFO  impl.RoleInfo (RoleInfo.java:shutdownLeaderElection(134)) - 9127dd83-037b-4d39-812f-66db56af525a: shutdown LeaderElection
2019-10-30 05:53:12,392 [9127dd83-037b-4d39-812f-66db56af525a@group-BCADF287A12B-LeaderElection90] INFO  impl.RoleInfo (RoleInfo.java:updateAndGet(143)) - 9127dd83-037b-4d39-812f-66db56af525a: start FollowerState
2019-10-30 05:53:12,459 [Thread-824] INFO  impl.FollowerState (FollowerState.java:run(108)) - 9127dd83-037b-4d39-812f-66db56af525a@group-BCADF287A12B-FollowerState: change to CANDIDATE, lastRpcTime:66ms, electionTimeout:62ms
2019-10-30 05:53:12,459 [Thread-824] INFO  impl.RoleInfo (RoleInfo.java:shutdownFollowerState(121)) - 9127dd83-037b-4d39-812f-66db56af525a: shutdown FollowerState
2019-10-30 05:53:12,459 [Thread-824] INFO  impl.RaftServerImpl (RaftServerImpl.java:setRole(184)) - 9127dd83-037b-4d39-812f-66db56af525a@group-BCADF287A12B: changes role from  FOLLOWER to CANDIDATE at term 98 for changeToCandidate
2019-10-30 05:53:12,459 [Thread-824] INFO  impl.RoleInfo (RoleInfo.java:updateAndGet(143)) - 9127dd83-037b-4d39-812f-66db56af525a: start LeaderElection
2019-10-30 05:53:12,473 [9127dd83-037b-4d39-812f-66db56af525a@group-BCADF287A12B-LeaderElection91] INFO  impl.LeaderElection (LeaderElection.java:askForVotes(178)) - 9127dd83-037b-4d39-812f-66db56af525a@group-BCADF287A12B-LeaderElection91: begin an election at term 99 for -1: [7fae3aed-4e76-4283-a599-f93f794625ab:192.168.34.21:41352, 58095e90-3010-492a-9083-43cf2e035c3f:192.168.34.21:45284, 9127dd83-037b-4d39-812f-66db56af525a:192.168.34.21:42063], old=null
2019-10-30 05:53:12,477 [grpc-default-executor-2] INFO  impl.RaftServerImpl (RaftServerImpl.java:setRole(184)) - 58095e90-3010-492a-9083-43cf2e035c3f@group-BCADF287A12B: changes role from  FOLLOWER to FOLLOWER at term 99 for recognizeCandidate:9127dd83-037b-4d39-812f-66db56af525a
2019-10-30 05:53:12,477 [grpc-default-executor-0] INFO  impl.RaftServerImpl (RaftServerImpl.java:setRole(184)) - 7fae3aed-4e76-4283-a599-f93f794625ab@group-BCADF287A12B: changes role from  FOLLOWER to FOLLOWER at term 99 for recognizeCandidate:9127dd83-037b-4d39-812f-66db56af525a
2019-10-30 05:53:12,477 [grpc-default-executor-2] INFO  impl.RoleInfo (RoleInfo.java:shutdownFollowerState(121)) - 58095e90-3010-492a-9083-43cf2e035c3f: shutdown FollowerState
2019-10-30 05:53:12,478 [grpc-default-executor-0] INFO  impl.RoleInfo (RoleInfo.java:shutdownFollowerState(121)) - 7fae3aed-4e76-4283-a599-f93f794625ab: shutdown FollowerState
2019-10-30 05:53:12,478 [Thread-822] INFO  impl.FollowerState (FollowerState.java:run(117)) - 58095e90-3010-492a-9083-43cf2e035c3f@group-BCADF287A12B-FollowerState was interrupted: java.lang.InterruptedException: sleep interrupted
2019-10-30 05:53:12,478 [grpc-default-executor-2] INFO  impl.RoleInfo (RoleInfo.java:updateAndGet(143)) - 58095e90-3010-492a-9083-43cf2e035c3f: start FollowerState
2019-10-30 05:53:12,478 [Thread-823] INFO  impl.FollowerState (FollowerState.java:run(117)) - 7fae3aed-4e76-4283-a599-f93f794625ab@group-BCADF287A12B-FollowerState was interrupted: java.lang.InterruptedException: sleep interrupted
2019-10-30 05:53:12,478 [grpc-default-executor-0] INFO  impl.RoleInfo (RoleInfo.java:updateAndGet(143)) - 7fae3aed-4e76-4283-a599-f93f794625ab: start FollowerState
2019-10-30 05:53:12,493 [9127dd83-037b-4d39-812f-66db56af525a@group-BCADF287A12B-LeaderElection91] INFO  impl.LeaderElection (LeaderElection.java:logAndReturn(56)) - 9127dd83-037b-4d39-812f-66db56af525a@group-BCADF287A12B-LeaderElection91: Election REJECTED; received 2 response(s) [9127dd83-037b-4d39-812f-66db56af525a<-7fae3aed-4e76-4283-a599-f93f794625ab#0:FAIL-t99, 9127dd83-037b-4d39-812f-66db56af525a<-58095e90-3010-492a-9083-43cf2e035c3f#0:FAIL-t99] and 0 exception(s); 9127dd83-037b-4d39-812f-66db56af525a@group-BCADF287A12B:t99, leader=null, voted=9127dd83-037b-4d39-812f-66db56af525a, raftlog=9127dd83-037b-4d39-812f-66db56af525a@group-BCADF287A12B-SegmentedRaftLog:OPENED:c-1,f-1,i0, conf=-1: [7fae3aed-4e76-4283-a599-f93f794625ab:192.168.34.21:41352, 58095e90-3010-492a-9083-43cf2e035c3f:192.168.34.21:45284, 9127dd83-037b-4d39-812f-66db56af525a:192.168.34.21:42063], old=null
2019-10-30 05:53:12,493 [9127dd83-037b-4d39-812f-66db56af525a@group-BCADF287A12B-LeaderElection91] INFO  impl.RaftServerImpl (RaftServerImpl.java:setRole(184)) - 9127dd83-037b-4d39-812f-66db56af525a@group-BCADF287A12B: changes role from CANDIDATE to FOLLOWER at term 99 for DISCOVERED_A_NEW_TERM
2019-10-30 05:53:12,493 [9127dd83-037b-4d39-812f-66db56af525a@group-BCADF287A12B-LeaderElection91] INFO  impl.RoleInfo (RoleInfo.java:shutdownLeaderElection(134)) - 9127dd83-037b-4d39-812f-66db56af525a: shutdown LeaderElection
2019-10-30 05:53:12,494 [9127dd83-037b-4d39-812f-66db56af525a@group-BCADF287A12B-LeaderElection91] INFO  impl.RoleInfo (RoleInfo.java:updateAndGet(143)) - 9127dd83-037b-4d39-812f-66db56af525a: start FollowerState
2019-10-30 05:53:12,655 [Thread-830] INFO  impl.FollowerState (FollowerState.java:run(108)) - 9127dd83-037b-4d39-812f-66db56af525a@group-BCADF287A12B-FollowerState: change to CANDIDATE, lastRpcTime:161ms, electionTimeout:161ms
2019-10-30 05:53:12,655 [Thread-830] INFO  impl.RoleInfo (RoleInfo.java:shutdownFollowerState(121)) - 9127dd83-037b-4d39-812f-66db56af525a: shutdown FollowerState
2019-10-30 05:53:12,655 [Thread-830] INFO  impl.RaftServerImpl (RaftServerImpl.java:setRole(184)) - 9127dd83-037b-4d39-812f-66db56af525a@group-BCADF287A12B: changes role from  FOLLOWER to CANDIDATE at term 99 for changeToCandidate
2019-10-30 05:53:12,656 [Thread-830] INFO  impl.RoleInfo (RoleInfo.java:updateAndGet(143)) - 9127dd83-037b-4d39-812f-66db56af525a: start LeaderElection
2019-10-30 05:53:12,693 [9127dd83-037b-4d39-812f-66db56af525a@group-BCADF287A12B-LeaderElection92] INFO  impl.LeaderElection (LeaderElection.java:askForVotes(178)) - 9127dd83-037b-4d39-812f-66db56af525a@group-BCADF287A12B-LeaderElection92: begin an election at term 100 for -1: [7fae3aed-4e76-4283-a599-f93f794625ab:192.168.34.21:41352, 58095e90-3010-492a-9083-43cf2e035c3f:192.168.34.21:45284, 9127dd83-037b-4d39-812f-66db56af525a:192.168.34.21:42063], old=null
2019-10-30 05:53:12,697 [grpc-default-executor-0] INFO  impl.RaftServerImpl (RaftServerImpl.java:setRole(184)) - 58095e90-3010-492a-9083-43cf2e035c3f@group-BCADF287A12B: changes role from  FOLLOWER to FOLLOWER at term 100 for recognizeCandidate:9127dd83-037b-4d39-812f-66db56af525a
2019-10-30 05:53:12,697 [grpc-default-executor-0] INFO  impl.RoleInfo (RoleInfo.java:shutdownFollowerState(121)) - 58095e90-3010-492a-9083-43cf2e035c3f: shutdown FollowerState
2019-10-30 05:53:12,697 [grpc-default-executor-0] INFO  impl.RoleInfo (RoleInfo.java:updateAndGet(143)) - 58095e90-3010-492a-9083-43cf2e035c3f: start FollowerState
2019-10-30 05:53:12,697 [Thread-828] INFO  impl.FollowerState (FollowerState.java:run(117)) - 58095e90-3010-492a-9083-43cf2e035c3f@group-BCADF287A12B-FollowerState was interrupted: java.lang.InterruptedException: sleep interrupted
2019-10-30 05:53:12,697 [grpc-default-executor-2] INFO  impl.RaftServerImpl (RaftServerImpl.java:setRole(184)) - 7fae3aed-4e76-4283-a599-f93f794625ab@group-BCADF287A12B: changes role from  FOLLOWER to FOLLOWER at term 100 for recognizeCandidate:9127dd83-037b-4d39-812f-66db56af525a
2019-10-30 05:53:12,697 [grpc-default-executor-2] INFO  impl.RoleInfo (RoleInfo.java:shutdownFollowerState(121)) - 7fae3aed-4e76-4283-a599-f93f794625ab: shutdown FollowerState
2019-10-30 05:53:12,698 [grpc-default-executor-2] INFO  impl.RoleInfo (RoleInfo.java:updateAndGet(143)) - 7fae3aed-4e76-4283-a599-f93f794625ab: start FollowerState
2019-10-30 05:53:12,707 [Thread-829] INFO  impl.FollowerState (FollowerState.java:run(117)) - 7fae3aed-4e76-4283-a599-f93f794625ab@group-BCADF287A12B-FollowerState was interrupted: java.lang.InterruptedException: sleep interrupted
2019-10-30 05:53:12,713 [9127dd83-037b-4d39-812f-66db56af525a@group-BCADF287A12B-LeaderElection92] INFO  impl.LeaderElection (LeaderElection.java:logAndReturn(56)) - 9127dd83-037b-4d39-812f-66db56af525a@group-BCADF287A12B-LeaderElection92: Election REJECTED; received 2 response(s) [9127dd83-037b-4d39-812f-66db56af525a<-7fae3aed-4e76-4283-a599-f93f794625ab#0:FAIL-t100, 9127dd83-037b-4d39-812f-66db56af525a<-58095e90-3010-492a-9083-43cf2e035c3f#0:FAIL-t100] and 0 exception(s); 9127dd83-037b-4d39-812f-66db56af525a@group-BCADF287A12B:t100, leader=null, voted=9127dd83-037b-4d39-812f-66db56af525a, raftlog=9127dd83-037b-4d39-812f-66db56af525a@group-BCADF287A12B-SegmentedRaftLog:OPENED:c-1,f-1,i0, conf=-1: [7fae3aed-4e76-4283-a599-f93f794625ab:192.168.34.21:41352, 58095e90-3010-492a-9083-43cf2e035c3f:192.168.34.21:45284, 9127dd83-037b-4d39-812f-66db56af525a:192.168.34.21:42063], old=null
2019-10-30 05:53:12,714 [9127dd83-037b-4d39-812f-66db56af525a@group-BCADF287A12B-LeaderElection92] INFO  impl.RaftServerImpl (RaftServerImpl.java:setRole(184)) - 9127dd83-037b-4d39-812f-66db56af525a@group-BCADF287A12B: changes role from CANDIDATE to FOLLOWER at term 100 for DISCOVERED_A_NEW_TERM
2019-10-30 05:53:12,714 [9127dd83-037b-4d39-812f-66db56af525a@group-BCADF287A12B-LeaderElection92] INFO  impl.RoleInfo (RoleInfo.java:shutdownLeaderElection(134)) - 9127dd83-037b-4d39-812f-66db56af525a: shutdown LeaderElection
2019-10-30 05:53:12,714 [9127dd83-037b-4d39-812f-66db56af525a@group-BCADF287A12B-LeaderElection92] INFO  impl.RoleInfo (RoleInfo.java:updateAndGet(143)) - 9127dd83-037b-4d39-812f-66db56af525a: start FollowerState
2019-10-30 05:53:12,777 [Thread-836] INFO  impl.FollowerState (FollowerState.java:run(108)) - 9127dd83-037b-4d39-812f-66db56af525a@group-BCADF287A12B-FollowerState: change to CANDIDATE, lastRpcTime:62ms, electionTimeout:62ms
2019-10-30 05:53:12,777 [Thread-836] INFO  impl.RoleInfo (RoleInfo.java:shutdownFollowerState(121)) - 9127dd83-037b-4d39-812f-66db56af525a: shutdown FollowerState
2019-10-30 05:53:12,777 [Thread-836] INFO  impl.RaftServerImpl (RaftServerImpl.java:setRole(184)) - 9127dd83-037b-4d39-812f-66db56af525a@group-BCADF287A12B: changes role from  FOLLOWER to CANDIDATE at term 100 for changeToCandidate
2019-10-30 05:53:12,778 [Thread-836] INFO  impl.RoleInfo (RoleInfo.java:updateAndGet(143)) - 9127dd83-037b-4d39-812f-66db56af525a: start LeaderElection
2019-10-30 05:53:12,792 [9127dd83-037b-4d39-812f-66db56af525a@group-BCADF287A12B-LeaderElection93] INFO  impl.LeaderElection (LeaderElection.java:askForVotes(178)) - 9127dd83-037b-4d39-812f-66db56af525a@group-BCADF287A12B-LeaderElection93: begin an election at term 101 for -1: [7fae3aed-4e76-4283-a599-f93f794625ab:192.168.34.21:41352, 58095e90-3010-492a-9083-43cf2e035c3f:192.168.34.21:45284, 9127dd83-037b-4d39-812f-66db56af525a:192.168.34.21:42063], old=null
2019-10-30 05:53:12,795 [grpc-default-executor-2] INFO  impl.RaftServerImpl (RaftServerImpl.java:setRole(184)) - 7fae3aed-4e76-4283-a599-f93f794625ab@group-BCADF287A12B: changes role from  FOLLOWER to FOLLOWER at term 101 for recognizeCandidate:9127dd83-037b-4d39-812f-66db56af525a
2019-10-30 05:53:12,795 [grpc-default-executor-2] INFO  impl.RoleInfo (RoleInfo.java:shutdownFollowerState(121)) - 7fae3aed-4e76-4283-a599-f93f794625ab: shutdown FollowerState
2019-10-30 05:53:12,796 [grpc-default-executor-2] INFO  impl.RoleInfo (RoleInfo.java:updateAndGet(143)) - 7fae3aed-4e76-4283-a599-f93f794625ab: start FollowerState
2019-10-30 05:53:12,795 [grpc-default-executor-0] INFO  impl.RaftServerImpl (RaftServerImpl.java:setRole(184)) - 58095e90-3010-492a-9083-43cf2e035c3f@group-BCADF287A12B: changes role from  FOLLOWER to FOLLOWER at term 101 for recognizeCandidate:9127dd83-037b-4d39-812f-66db56af525a
2019-10-30 05:53:12,796 [Thread-835] INFO  impl.FollowerState (FollowerState.java:run(117)) - 7fae3aed-4e76-4283-a599-f93f794625ab@group-BCADF287A12B-FollowerState was interrupted: java.lang.InterruptedException: sleep interrupted
2019-10-30 05:53:12,796 [grpc-default-executor-0] INFO  impl.RoleInfo (RoleInfo.java:shutdownFollowerState(121)) - 58095e90-3010-492a-9083-43cf2e035c3f: shutdown FollowerState
2019-10-30 05:53:12,797 [grpc-default-executor-0] INFO  impl.RoleInfo (RoleInfo.java:updateAndGet(143)) - 58095e90-3010-492a-9083-43cf2e035c3f: start FollowerState
2019-10-30 05:53:12,797 [Thread-834] INFO  impl.FollowerState (FollowerState.java:run(117)) - 58095e90-3010-492a-9083-43cf2e035c3f@group-BCADF287A12B-FollowerState was interrupted: java.lang.InterruptedException: sleep interrupted
2019-10-30 05:53:12,811 [9127dd83-037b-4d39-812f-66db56af525a@group-BCADF287A12B-LeaderElection93] INFO  impl.LeaderElection (LeaderElection.java:logAndReturn(56)) - 9127dd83-037b-4d39-812f-66db56af525a@group-BCADF287A12B-LeaderElection93: Election REJECTED; received 2 response(s) [9127dd83-037b-4d39-812f-66db56af525a<-7fae3aed-4e76-4283-a599-f93f794625ab#0:FAIL-t101, 9127dd83-037b-4d39-812f-66db56af525a<-58095e90-3010-492a-9083-43cf2e035c3f#0:FAIL-t101] and 0 exception(s); 9127dd83-037b-4d39-812f-66db56af525a@group-BCADF287A12B:t101, leader=null, voted=9127dd83-037b-4d39-812f-66db56af525a, raftlog=9127dd83-037b-4d39-812f-66db56af525a@group-BCADF287A12B-SegmentedRaftLog:OPENED:c-1,f-1,i0, conf=-1: [7fae3aed-4e76-4283-a599-f93f794625ab:192.168.34.21:41352, 58095e90-3010-492a-9083-43cf2e035c3f:192.168.34.21:45284, 9127dd83-037b-4d39-812f-66db56af525a:192.168.34.21:42063], old=null
2019-10-30 05:53:12,811 [9127dd83-037b-4d39-812f-66db56af525a@group-BCADF287A12B-LeaderElection93] INFO  impl.RaftServerImpl (RaftServerImpl.java:setRole(184)) - 9127dd83-037b-4d39-812f-66db56af525a@group-BCADF287A12B: changes role from CANDIDATE to FOLLOWER at term 101 for DISCOVERED_A_NEW_TERM
2019-10-30 05:53:12,811 [9127dd83-037b-4d39-812f-66db56af525a@group-BCADF287A12B-LeaderElection93] INFO  impl.RoleInfo (RoleInfo.java:shutdownLeaderElection(134)) - 9127dd83-037b-4d39-812f-66db56af525a: shutdown LeaderElection
2019-10-30 05:53:12,812 [9127dd83-037b-4d39-812f-66db56af525a@group-BCADF287A12B-LeaderElection93] INFO  impl.RoleInfo (RoleInfo.java:updateAndGet(143)) - 9127dd83-037b-4d39-812f-66db56af525a: start FollowerState
2019-10-30 05:53:12,965 [Thread-842] INFO  impl.FollowerState (FollowerState.java:run(108)) - 9127dd83-037b-4d39-812f-66db56af525a@group-BCADF287A12B-FollowerState: change to CANDIDATE, lastRpcTime:153ms, electionTimeout:153ms
2019-10-30 05:53:12,966 [Thread-842] INFO  impl.RoleInfo (RoleInfo.java:shutdownFollowerState(121)) - 9127dd83-037b-4d39-812f-66db56af525a: shutdown FollowerState
2019-10-30 05:53:12,966 [Thread-842] INFO  impl.RaftServerImpl (RaftServerImpl.java:setRole(184)) - 9127dd83-037b-4d39-812f-66db56af525a@group-BCADF287A12B: changes role from  FOLLOWER to CANDIDATE at term 101 for changeToCandidate
2019-10-30 05:53:12,966 [Thread-842] INFO  impl.RoleInfo (RoleInfo.java:updateAndGet(143)) - 9127dd83-037b-4d39-812f-66db56af525a: start LeaderElection
2019-10-30 05:53:12,980 [9127dd83-037b-4d39-812f-66db56af525a@group-BCADF287A12B-LeaderElection94] INFO  impl.LeaderElection (LeaderElection.java:askForVotes(178)) - 9127dd83-037b-4d39-812f-66db56af525a@group-BCADF287A12B-LeaderElection94: begin an election at term 102 for -1: [7fae3aed-4e76-4283-a599-f93f794625ab:192.168.34.21:41352, 58095e90-3010-492a-9083-43cf2e035c3f:192.168.34.21:45284, 9127dd83-037b-4d39-812f-66db56af525a:192.168.34.21:42063], old=null
2019-10-30 05:53:12,984 [grpc-default-executor-0] INFO  impl.RaftServerImpl (RaftServerImpl.java:setRole(184)) - 7fae3aed-4e76-4283-a599-f93f794625ab@group-BCADF287A12B: changes role from  FOLLOWER to FOLLOWER at term 102 for recognizeCandidate:9127dd83-037b-4d39-812f-66db56af525a
2019-10-30 05:53:12,985 [grpc-default-executor-0] INFO  impl.RoleInfo (RoleInfo.java:shutdownFollowerState(121)) - 7fae3aed-4e76-4283-a599-f93f794625ab: shutdown FollowerState
2019-10-30 05:53:12,985 [grpc-default-executor-2] INFO  impl.RaftServerImpl (RaftServerImpl.java:setRole(184)) - 58095e90-3010-492a-9083-43cf2e035c3f@group-BCADF287A12B: changes role from  FOLLOWER to FOLLOWER at term 102 for recognizeCandidate:9127dd83-037b-4d39-812f-66db56af525a
2019-10-30 05:53:12,985 [grpc-default-executor-2] INFO  impl.RoleInfo (RoleInfo.java:shutdownFollowerState(121)) - 58095e90-3010-492a-9083-43cf2e035c3f: shutdown FollowerState
2019-10-30 05:53:12,985 [grpc-default-executor-0] INFO  impl.RoleInfo (RoleInfo.java:updateAndGet(143)) - 7fae3aed-4e76-4283-a599-f93f794625ab: start FollowerState
2019-10-30 05:53:12,985 [Thread-841] INFO  impl.FollowerState (FollowerState.java:run(117)) - 58095e90-3010-492a-9083-43cf2e035c3f@group-BCADF287A12B-FollowerState was interrupted: java.lang.InterruptedException: sleep interrupted
2019-10-30 05:53:12,985 [Thread-840] INFO  impl.FollowerState (FollowerState.java:run(117)) - 7fae3aed-4e76-4283-a599-f93f794625ab@group-BCADF287A12B-FollowerState was interrupted: java.lang.InterruptedException: sleep interrupted
2019-10-30 05:53:12,985 [grpc-default-executor-2] INFO  impl.RoleInfo (RoleInfo.java:updateAndGet(143)) - 58095e90-3010-492a-9083-43cf2e035c3f: start FollowerState
2019-10-30 05:53:13,001 [9127dd83-037b-4d39-812f-66db56af525a@group-BCADF287A12B-LeaderElection94] INFO  impl.LeaderElection (LeaderElection.java:logAndReturn(56)) - 9127dd83-037b-4d39-812f-66db56af525a@group-BCADF287A12B-LeaderElection94: Election REJECTED; received 2 response(s) [9127dd83-037b-4d39-812f-66db56af525a<-7fae3aed-4e76-4283-a599-f93f794625ab#0:FAIL-t102, 9127dd83-037b-4d39-812f-66db56af525a<-58095e90-3010-492a-9083-43cf2e035c3f#0:FAIL-t102] and 0 exception(s); 9127dd83-037b-4d39-812f-66db56af525a@group-BCADF287A12B:t102, leader=null, voted=9127dd83-037b-4d39-812f-66db56af525a, raftlog=9127dd83-037b-4d39-812f-66db56af525a@group-BCADF287A12B-SegmentedRaftLog:OPENED:c-1,f-1,i0, conf=-1: [7fae3aed-4e76-4283-a599-f93f794625ab:192.168.34.21:41352, 58095e90-3010-492a-9083-43cf2e035c3f:192.168.34.21:45284, 9127dd83-037b-4d39-812f-66db56af525a:192.168.34.21:42063], old=null
2019-10-30 05:53:13,001 [9127dd83-037b-4d39-812f-66db56af525a@group-BCADF287A12B-LeaderElection94] INFO  impl.RaftServerImpl (RaftServerImpl.java:setRole(184)) - 9127dd83-037b-4d39-812f-66db56af525a@group-BCADF287A12B: changes role from CANDIDATE to FOLLOWER at term 102 for DISCOVERED_A_NEW_TERM
2019-10-30 05:53:13,001 [9127dd83-037b-4d39-812f-66db56af525a@group-BCADF287A12B-LeaderElection94] INFO  impl.RoleInfo (RoleInfo.java:shutdownLeaderElection(134)) - 9127dd83-037b-4d39-812f-66db56af525a: shutdown LeaderElection
2019-10-30 05:53:13,002 [9127dd83-037b-4d39-812f-66db56af525a@group-BCADF287A12B-LeaderElection94] INFO  impl.RoleInfo (RoleInfo.java:updateAndGet(143)) - 9127dd83-037b-4d39-812f-66db56af525a: start FollowerState
2019-10-30 05:53:13,197 [Thread-850] INFO  impl.FollowerState (FollowerState.java:run(108)) - 9127dd83-037b-4d39-812f-66db56af525a@group-BCADF287A12B-FollowerState: change to CANDIDATE, lastRpcTime:195ms, electionTimeout:195ms
2019-10-30 05:53:13,198 [Thread-850] INFO  impl.RoleInfo (RoleInfo.java:shutdownFollowerState(121)) - 9127dd83-037b-4d39-812f-66db56af525a: shutdown FollowerState
2019-10-30 05:53:13,198 [Thread-850] INFO  impl.RaftServerImpl (RaftServerImpl.java:setRole(184)) - 9127dd83-037b-4d39-812f-66db56af525a@group-BCADF287A12B: changes role from  FOLLOWER to CANDIDATE at term 102 for changeToCandidate
2019-10-30 05:53:13,198 [Thread-850] INFO  impl.RoleInfo (RoleInfo.java:updateAndGet(143)) - 9127dd83-037b-4d39-812f-66db56af525a: start LeaderElection
2019-10-30 05:53:13,213 [9127dd83-037b-4d39-812f-66db56af525a@group-BCADF287A12B-LeaderElection95] INFO  impl.LeaderElection (LeaderElection.java:askForVotes(178)) - 9127dd83-037b-4d39-812f-66db56af525a@group-BCADF287A12B-LeaderElection95: begin an election at term 103 for -1: [7fae3aed-4e76-4283-a599-f93f794625ab:192.168.34.21:41352, 58095e90-3010-492a-9083-43cf2e035c3f:192.168.34.21:45284, 9127dd83-037b-4d39-812f-66db56af525a:192.168.34.21:42063], old=null
2019-10-30 05:53:13,220 [grpc-default-executor-0] INFO  impl.RaftServerImpl (RaftServerImpl.java:setRole(184)) - 7fae3aed-4e76-4283-a599-f93f794625ab@group-BCADF287A12B: changes role from  FOLLOWER to FOLLOWER at term 103 for recognizeCandidate:9127dd83-037b-4d39-812f-66db56af525a
2019-10-30 05:53:13,220 [grpc-default-executor-2] INFO  impl.RaftServerImpl (RaftServerImpl.java:setRole(184)) - 58095e90-3010-492a-9083-43cf2e035c3f@group-BCADF287A12B: changes role from  FOLLOWER to FOLLOWER at term 103 for recognizeCandidate:9127dd83-037b-4d39-812f-66db56af525a
2019-10-30 05:53:13,220 [grpc-default-executor-0] INFO  impl.RoleInfo (RoleInfo.java:shutdownFollowerState(121)) - 7fae3aed-4e76-4283-a599-f93f794625ab: shutdown FollowerState
2019-10-30 05:53:13,221 [grpc-default-executor-0] INFO  impl.RoleInfo (RoleInfo.java:updateAndGet(143)) - 7fae3aed-4e76-4283-a599-f93f794625ab: start FollowerState
2019-10-30 05:53:13,220 [grpc-default-executor-2] INFO  impl.RoleInfo (RoleInfo.java:shutdownFollowerState(121)) - 58095e90-3010-492a-9083-43cf2e035c3f: shutdown FollowerState
2019-10-30 05:53:13,222 [grpc-default-executor-2] INFO  impl.RoleInfo (RoleInfo.java:updateAndGet(143)) - 58095e90-3010-492a-9083-43cf2e035c3f: start FollowerState
2019-10-30 05:53:13,223 [Thread-849] INFO  impl.FollowerState (FollowerState.java:run(117)) - 58095e90-3010-492a-9083-43cf2e035c3f@group-BCADF287A12B-FollowerState was interrupted: java.lang.InterruptedException: sleep interrupted
2019-10-30 05:53:13,223 [Thread-848] INFO  impl.FollowerState (FollowerState.java:run(117)) - 7fae3aed-4e76-4283-a599-f93f794625ab@group-BCADF287A12B-FollowerState was interrupted: java.lang.InterruptedException: sleep interrupted
2019-10-30 05:53:13,236 [9127dd83-037b-4d39-812f-66db56af525a@group-BCADF287A12B-LeaderElection95] INFO  impl.LeaderElection (LeaderElection.java:logAndReturn(56)) - 9127dd83-037b-4d39-812f-66db56af525a@group-BCADF287A12B-LeaderElection95: Election TIMEOUT; received 0 response(s) [] and 0 exception(s); 9127dd83-037b-4d39-812f-66db56af525a@group-BCADF287A12B:t103, leader=null, voted=9127dd83-037b-4d39-812f-66db56af525a, raftlog=9127dd83-037b-4d39-812f-66db56af525a@group-BCADF287A12B-SegmentedRaftLog:OPENED:c-1,f-1,i0, conf=-1: [7fae3aed-4e76-4283-a599-f93f794625ab:192.168.34.21:41352, 58095e90-3010-492a-9083-43cf2e035c3f:192.168.34.21:45284, 9127dd83-037b-4d39-812f-66db56af525a:192.168.34.21:42063], old=null
2019-10-30 05:53:13,253 [9127dd83-037b-4d39-812f-66db56af525a@group-BCADF287A12B-LeaderElection95] INFO  impl.LeaderElection (LeaderElection.java:askForVotes(178)) - 9127dd83-037b-4d39-812f-66db56af525a@group-BCADF287A12B-LeaderElection95: begin an election at term 104 for -1: [7fae3aed-4e76-4283-a599-f93f794625ab:192.168.34.21:41352, 58095e90-3010-492a-9083-43cf2e035c3f:192.168.34.21:45284, 9127dd83-037b-4d39-812f-66db56af525a:192.168.34.21:42063], old=null
2019-10-30 05:53:13,255 [grpc-default-executor-0] INFO  impl.RaftServerImpl (RaftServerImpl.java:setRole(184)) - 7fae3aed-4e76-4283-a599-f93f794625ab@group-BCADF287A12B: changes role from  FOLLOWER to FOLLOWER at term 104 for recognizeCandidate:9127dd83-037b-4d39-812f-66db56af525a
2019-10-30 05:53:13,255 [grpc-default-executor-0] INFO  impl.RoleInfo (RoleInfo.java:shutdownFollowerState(121)) - 7fae3aed-4e76-4283-a599-f93f794625ab: shutdown FollowerState
2019-10-30 05:53:13,255 [grpc-default-executor-2] INFO  impl.RaftServerImpl (RaftServerImpl.java:setRole(184)) - 58095e90-3010-492a-9083-43cf2e035c3f@group-BCADF287A12B: changes role from  FOLLOWER to FOLLOWER at term 104 for recognizeCandidate:9127dd83-037b-4d39-812f-66db56af525a
2019-10-30 05:53:13,256 [Thread-854] INFO  impl.FollowerState (FollowerState.java:run(117)) - 7fae3aed-4e76-4283-a599-f93f794625ab@group-BCADF287A12B-FollowerState was interrupted: java.lang.InterruptedException: sleep interrupted
2019-10-30 05:53:13,256 [grpc-default-executor-0] INFO  impl.RoleInfo (RoleInfo.java:updateAndGet(143)) - 7fae3aed-4e76-4283-a599-f93f794625ab: start FollowerState
2019-10-30 05:53:13,256 [grpc-default-executor-2] INFO  impl.RoleInfo (RoleInfo.java:shutdownFollowerState(121)) - 58095e90-3010-492a-9083-43cf2e035c3f: shutdown FollowerState
2019-10-30 05:53:13,256 [grpc-default-executor-2] INFO  impl.RoleInfo (RoleInfo.java:updateAndGet(143)) - 58095e90-3010-492a-9083-43cf2e035c3f: start FollowerState
2019-10-30 05:53:13,256 [Thread-855] INFO  impl.FollowerState (FollowerState.java:run(117)) - 58095e90-3010-492a-9083-43cf2e035c3f@group-BCADF287A12B-FollowerState was interrupted: java.lang.InterruptedException: sleep interrupted
2019-10-30 05:53:13,271 [9127dd83-037b-4d39-812f-66db56af525a@group-BCADF287A12B-LeaderElection95] INFO  impl.LeaderElection (LeaderElection.java:logAndReturn(56)) - 9127dd83-037b-4d39-812f-66db56af525a@group-BCADF287A12B-LeaderElection95: Election REJECTED; received 2 response(s) [9127dd83-037b-4d39-812f-66db56af525a<-7fae3aed-4e76-4283-a599-f93f794625ab#0:FAIL-t104, 9127dd83-037b-4d39-812f-66db56af525a<-58095e90-3010-492a-9083-43cf2e035c3f#0:FAIL-t104] and 0 exception(s); 9127dd83-037b-4d39-812f-66db56af525a@group-BCADF287A12B:t104, leader=null, voted=9127dd83-037b-4d39-812f-66db56af525a, raftlog=9127dd83-037b-4d39-812f-66db56af525a@group-BCADF287A12B-SegmentedRaftLog:OPENED:c-1,f-1,i0, conf=-1: [7fae3aed-4e76-4283-a599-f93f794625ab:192.168.34.21:41352, 58095e90-3010-492a-9083-43cf2e035c3f:192.168.34.21:45284, 9127dd83-037b-4d39-812f-66db56af525a:192.168.34.21:42063], old=null
2019-10-30 05:53:13,272 [9127dd83-037b-4d39-812f-66db56af525a@group-BCADF287A12B-LeaderElection95] INFO  impl.RaftServerImpl (RaftServerImpl.java:setRole(184)) - 9127dd83-037b-4d39-812f-66db56af525a@group-BCADF287A12B: changes role from CANDIDATE to FOLLOWER at term 104 for DISCOVERED_A_NEW_TERM
2019-10-30 05:53:13,272 [9127dd83-037b-4d39-812f-66db56af525a@group-BCADF287A12B-LeaderElection95] INFO  impl.RoleInfo (RoleInfo.java:shutdownLeaderElection(134)) - 9127dd83-037b-4d39-812f-66db56af525a: shutdown LeaderElection
2019-10-30 05:53:13,272 [9127dd83-037b-4d39-812f-66db56af525a@group-BCADF287A12B-LeaderElection95] INFO  impl.RoleInfo (RoleInfo.java:updateAndGet(143)) - 9127dd83-037b-4d39-812f-66db56af525a: start FollowerState
2019-10-30 05:53:13,410 [Thread-860] INFO  impl.FollowerState (FollowerState.java:run(108)) - 9127dd83-037b-4d39-812f-66db56af525a@group-BCADF287A12B-FollowerState: change to CANDIDATE, lastRpcTime:138ms, electionTimeout:138ms
2019-10-30 05:53:13,411 [Thread-860] INFO  impl.RoleInfo (RoleInfo.java:shutdownFollowerState(121)) - 9127dd83-037b-4d39-812f-66db56af525a: shutdown FollowerState
2019-10-30 05:53:13,411 [Thread-860] INFO  impl.RaftServerImpl (RaftServerImpl.java:setRole(184)) - 9127dd83-037b-4d39-812f-66db56af525a@group-BCADF287A12B: changes role from  FOLLOWER to CANDIDATE at term 104 for changeToCandidate
2019-10-30 05:53:13,411 [Thread-860] INFO  impl.RoleInfo (RoleInfo.java:updateAndGet(143)) - 9127dd83-037b-4d39-812f-66db56af525a: start LeaderElection
2019-10-30 05:53:13,425 [9127dd83-037b-4d39-812f-66db56af525a@group-BCADF287A12B-LeaderElection96] INFO  impl.LeaderElection (LeaderElection.java:askForVotes(178)) - 9127dd83-037b-4d39-812f-66db56af525a@group-BCADF287A12B-LeaderElection96: begin an election at term 105 for -1: [7fae3aed-4e76-4283-a599-f93f794625ab:192.168.34.21:41352, 58095e90-3010-492a-9083-43cf2e035c3f:192.168.34.21:45284, 9127dd83-037b-4d39-812f-66db56af525a:192.168.34.21:42063], old=null
2019-10-30 05:53:13,428 [grpc-default-executor-2] INFO  impl.RaftServerImpl (RaftServerImpl.java:setRole(184)) - 7fae3aed-4e76-4283-a599-f93f794625ab@group-BCADF287A12B: changes role from  FOLLOWER to FOLLOWER at term 105 for recognizeCandidate:9127dd83-037b-4d39-812f-66db56af525a
2019-10-30 05:53:13,428 [grpc-default-executor-2] INFO  impl.RoleInfo (RoleInfo.java:shutdownFollowerState(121)) - 7fae3aed-4e76-4283-a599-f93f794625ab: shutdown FollowerState
2019-10-30 05:53:13,428 [grpc-default-executor-2] INFO  impl.RoleInfo (RoleInfo.java:updateAndGet(143)) - 7fae3aed-4e76-4283-a599-f93f794625ab: start FollowerState
2019-10-30 05:53:13,428 [Thread-858] INFO  impl.FollowerState (FollowerState.java:run(117)) - 7fae3aed-4e76-4283-a599-f93f794625ab@group-BCADF287A12B-FollowerState was interrupted: java.lang.InterruptedException: sleep interrupted
2019-10-30 05:53:13,429 [grpc-default-executor-0] INFO  impl.RaftServerImpl (RaftServerImpl.java:setRole(184)) - 58095e90-3010-492a-9083-43cf2e035c3f@group-BCADF287A12B: changes role from  FOLLOWER to FOLLOWER at term 105 for recognizeCandidate:9127dd83-037b-4d39-812f-66db56af525a
2019-10-30 05:53:13,430 [grpc-default-executor-0] INFO  impl.RoleInfo (RoleInfo.java:shutdownFollowerState(121)) - 58095e90-3010-492a-9083-43cf2e035c3f: shutdown FollowerState
2019-10-30 05:53:13,430 [grpc-default-executor-0] INFO  impl.RoleInfo (RoleInfo.java:updateAndGet(143)) - 58095e90-3010-492a-9083-43cf2e035c3f: start FollowerState
2019-10-30 05:53:13,430 [Thread-859] INFO  impl.FollowerState (FollowerState.java:run(117)) - 58095e90-3010-492a-9083-43cf2e035c3f@group-BCADF287A12B-FollowerState was interrupted: java.lang.InterruptedException: sleep interrupted
2019-10-30 05:53:13,444 [9127dd83-037b-4d39-812f-66db56af525a@group-BCADF287A12B-LeaderElection96] INFO  impl.LeaderElection (LeaderElection.java:logAndReturn(56)) - 9127dd83-037b-4d39-812f-66db56af525a@group-BCADF287A12B-LeaderElection96: Election REJECTED; received 2 response(s) [9127dd83-037b-4d39-812f-66db56af525a<-7fae3aed-4e76-4283-a599-f93f794625ab#0:FAIL-t105, 9127dd83-037b-4d39-812f-66db56af525a<-58095e90-3010-492a-9083-43cf2e035c3f#0:FAIL-t105] and 0 exception(s); 9127dd83-037b-4d39-812f-66db56af525a@group-BCADF287A12B:t105, leader=null, voted=9127dd83-037b-4d39-812f-66db56af525a, raftlog=9127dd83-037b-4d39-812f-66db56af525a@group-BCADF287A12B-SegmentedRaftLog:OPENED:c-1,f-1,i0, conf=-1: [7fae3aed-4e76-4283-a599-f93f794625ab:192.168.34.21:41352, 58095e90-3010-492a-9083-43cf2e035c3f:192.168.34.21:45284, 9127dd83-037b-4d39-812f-66db56af525a:192.168.34.21:42063], old=null
2019-10-30 05:53:13,445 [9127dd83-037b-4d39-812f-66db56af525a@group-BCADF287A12B-LeaderElection96] INFO  impl.RaftServerImpl (RaftServerImpl.java:setRole(184)) - 9127dd83-037b-4d39-812f-66db56af525a@group-BCADF287A12B: changes role from CANDIDATE to FOLLOWER at term 105 for DISCOVERED_A_NEW_TERM
2019-10-30 05:53:13,445 [9127dd83-037b-4d39-812f-66db56af525a@group-BCADF287A12B-LeaderElection96] INFO  impl.RoleInfo (RoleInfo.java:shutdownLeaderElection(134)) - 9127dd83-037b-4d39-812f-66db56af525a: shutdown LeaderElection
2019-10-30 05:53:13,445 [9127dd83-037b-4d39-812f-66db56af525a@group-BCADF287A12B-LeaderElection96] INFO  impl.RoleInfo (RoleInfo.java:updateAndGet(143)) - 9127dd83-037b-4d39-812f-66db56af525a: start FollowerState
2019-10-30 05:53:13,485 [Thread-866] INFO  impl.FollowerState (FollowerState.java:run(108)) - 9127dd83-037b-4d39-812f-66db56af525a@group-BCADF287A12B-FollowerState: change to CANDIDATE, lastRpcTime:39ms, electionTimeout:37ms
2019-10-30 05:53:13,485 [Thread-866] INFO  impl.RoleInfo (RoleInfo.java:shutdownFollowerState(121)) - 9127dd83-037b-4d39-812f-66db56af525a: shutdown FollowerState
2019-10-30 05:53:13,485 [Thread-866] INFO  impl.RaftServerImpl (RaftServerImpl.java:setRole(184)) - 9127dd83-037b-4d39-812f-66db56af525a@group-BCADF287A12B: changes role from  FOLLOWER to CANDIDATE at term 105 for changeToCandidate
2019-10-30 05:53:13,485 [Thread-866] INFO  impl.RoleInfo (RoleInfo.java:updateAndGet(143)) - 9127dd83-037b-4d39-812f-66db56af525a: start LeaderElection
2019-10-30 05:53:13,499 [9127dd83-037b-4d39-812f-66db56af525a@group-BCADF287A12B-LeaderElection97] INFO  impl.LeaderElection (LeaderElection.java:askForVotes(178)) - 9127dd83-037b-4d39-812f-66db56af525a@group-BCADF287A12B-LeaderElection97: begin an election at term 106 for -1: [7fae3aed-4e76-4283-a599-f93f794625ab:192.168.34.21:41352, 58095e90-3010-492a-9083-43cf2e035c3f:192.168.34.21:45284, 9127dd83-037b-4d39-812f-66db56af525a:192.168.34.21:42063], old=null
2019-10-30 05:53:13,502 [grpc-default-executor-2] INFO  impl.RaftServerImpl (RaftServerImpl.java:setRole(184)) - 7fae3aed-4e76-4283-a599-f93f794625ab@group-BCADF287A12B: changes role from  FOLLOWER to FOLLOWER at term 106 for recognizeCandidate:9127dd83-037b-4d39-812f-66db56af525a
2019-10-30 05:53:13,502 [grpc-default-executor-2] INFO  impl.RoleInfo (RoleInfo.java:shutdownFollowerState(121)) - 7fae3aed-4e76-4283-a599-f93f794625ab: shutdown FollowerState
2019-10-30 05:53:13,502 [grpc-default-executor-0] INFO  impl.RaftServerImpl (RaftServerImpl.java:setRole(184)) - 58095e90-3010-492a-9083-43cf2e035c3f@group-BCADF287A12B: changes role from  FOLLOWER to FOLLOWER at term 106 for recognizeCandidate:9127dd83-037b-4d39-812f-66db56af525a
2019-10-30 05:53:13,502 [grpc-default-executor-2] INFO  impl.RoleInfo (RoleInfo.java:updateAndGet(143)) - 7fae3aed-4e76-4283-a599-f93f794625ab: start FollowerState
2019-10-30 05:53:13,503 [Thread-864] INFO  impl.FollowerState (FollowerState.java:run(117)) - 7fae3aed-4e76-4283-a599-f93f794625ab@group-BCADF287A12B-FollowerState was interrupted: java.lang.InterruptedException: sleep interrupted
2019-10-30 05:53:13,503 [grpc-default-executor-0] INFO  impl.RoleInfo (RoleInfo.java:shutdownFollowerState(121)) - 58095e90-3010-492a-9083-43cf2e035c3f: shutdown FollowerState
2019-10-30 05:53:13,503 [grpc-default-executor-0] INFO  impl.RoleInfo (RoleInfo.java:updateAndGet(143)) - 58095e90-3010-492a-9083-43cf2e035c3f: start FollowerState
2019-10-30 05:53:13,503 [Thread-865] INFO  impl.FollowerState (FollowerState.java:run(117)) - 58095e90-3010-492a-9083-43cf2e035c3f@group-BCADF287A12B-FollowerState was interrupted: java.lang.InterruptedException: sleep interrupted
2019-10-30 05:53:13,514 [9127dd83-037b-4d39-812f-66db56af525a@group-BCADF287A12B-LeaderElection97] INFO  impl.LeaderElection (LeaderElection.java:logAndReturn(56)) - 9127dd83-037b-4d39-812f-66db56af525a@group-BCADF287A12B-LeaderElection97: Election REJECTED; received 2 response(s) [9127dd83-037b-4d39-812f-66db56af525a<-7fae3aed-4e76-4283-a599-f93f794625ab#0:FAIL-t106, 9127dd83-037b-4d39-812f-66db56af525a<-58095e90-3010-492a-9083-43cf2e035c3f#0:FAIL-t106] and 0 exception(s); 9127dd83-037b-4d39-812f-66db56af525a@group-BCADF287A12B:t106, leader=null, voted=9127dd83-037b-4d39-812f-66db56af525a, raftlog=9127dd83-037b-4d39-812f-66db56af525a@group-BCADF287A12B-SegmentedRaftLog:OPENED:c-1,f-1,i0, conf=-1: [7fae3aed-4e76-4283-a599-f93f794625ab:192.168.34.21:41352, 58095e90-3010-492a-9083-43cf2e035c3f:192.168.34.21:45284, 9127dd83-037b-4d39-812f-66db56af525a:192.168.34.21:42063], old=null
2019-10-30 05:53:13,514 [9127dd83-037b-4d39-812f-66db56af525a@group-BCADF287A12B-LeaderElection97] INFO  impl.RaftServerImpl (RaftServerImpl.java:setRole(184)) - 9127dd83-037b-4d39-812f-66db56af525a@group-BCADF287A12B: changes role from CANDIDATE to FOLLOWER at term 106 for DISCOVERED_A_NEW_TERM
2019-10-30 05:53:13,515 [9127dd83-037b-4d39-812f-66db56af525a@group-BCADF287A12B-LeaderElection97] INFO  impl.RoleInfo (RoleInfo.java:shutdownLeaderElection(134)) - 9127dd83-037b-4d39-812f-66db56af525a: shutdown LeaderElection
2019-10-30 05:53:13,515 [9127dd83-037b-4d39-812f-66db56af525a@group-BCADF287A12B-LeaderElection97] INFO  impl.RoleInfo (RoleInfo.java:updateAndGet(143)) - 9127dd83-037b-4d39-812f-66db56af525a: start FollowerState
2019-10-30 05:53:13,644 [Thread-872] INFO  impl.FollowerState (FollowerState.java:run(108)) - 9127dd83-037b-4d39-812f-66db56af525a@group-BCADF287A12B-FollowerState: change to CANDIDATE, lastRpcTime:128ms, electionTimeout:128ms
2019-10-30 05:53:13,644 [Thread-872] INFO  impl.RoleInfo (RoleInfo.java:shutdownFollowerState(121)) - 9127dd83-037b-4d39-812f-66db56af525a: shutdown FollowerState
2019-10-30 05:53:13,644 [Thread-872] INFO  impl.RaftServerImpl (RaftServerImpl.java:setRole(184)) - 9127dd83-037b-4d39-812f-66db56af525a@group-BCADF287A12B: changes role from  FOLLOWER to CANDIDATE at term 106 for changeToCandidate
2019-10-30 05:53:13,644 [Thread-872] INFO  impl.RoleInfo (RoleInfo.java:updateAndGet(143)) - 9127dd83-037b-4d39-812f-66db56af525a: start LeaderElection
2019-10-30 05:53:13,655 [9127dd83-037b-4d39-812f-66db56af525a@group-BCADF287A12B-LeaderElection98] INFO  impl.LeaderElection (LeaderElection.java:askForVotes(178)) - 9127dd83-037b-4d39-812f-66db56af525a@group-BCADF287A12B-LeaderElection98: begin an election at term 107 for -1: [7fae3aed-4e76-4283-a599-f93f794625ab:192.168.34.21:41352, 58095e90-3010-492a-9083-43cf2e035c3f:192.168.34.21:45284, 9127dd83-037b-4d39-812f-66db56af525a:192.168.34.21:42063], old=null
2019-10-30 05:53:13,658 [grpc-default-executor-0] INFO  impl.RaftServerImpl (RaftServerImpl.java:setRole(184)) - 58095e90-3010-492a-9083-43cf2e035c3f@group-BCADF287A12B: changes role from  FOLLOWER to FOLLOWER at term 107 for recognizeCandidate:9127dd83-037b-4d39-812f-66db56af525a
2019-10-30 05:53:13,658 [grpc-default-executor-2] INFO  impl.RaftServerImpl (RaftServerImpl.java:setRole(184)) - 7fae3aed-4e76-4283-a599-f93f794625ab@group-BCADF287A12B: changes role from  FOLLOWER to FOLLOWER at term 107 for recognizeCandidate:9127dd83-037b-4d39-812f-66db56af525a
2019-10-30 05:53:13,658 [grpc-default-executor-0] INFO  impl.RoleInfo (RoleInfo.java:shutdownFollowerState(121)) - 58095e90-3010-492a-9083-43cf2e035c3f: shutdown FollowerState
2019-10-30 05:53:13,658 [grpc-default-executor-2] INFO  impl.RoleInfo (RoleInfo.java:shutdownFollowerState(121)) - 7fae3aed-4e76-4283-a599-f93f794625ab: shutdown FollowerState
2019-10-30 05:53:13,658 [grpc-default-executor-0] INFO  impl.RoleInfo (RoleInfo.java:updateAndGet(143)) - 58095e90-3010-492a-9083-43cf2e035c3f: start FollowerState
2019-10-30 05:53:13,658 [grpc-default-executor-2] INFO  impl.RoleInfo (RoleInfo.java:updateAndGet(143)) - 7fae3aed-4e76-4283-a599-f93f794625ab: start FollowerState
2019-10-30 05:53:13,658 [Thread-870] INFO  impl.FollowerState (FollowerState.java:run(117)) - 7fae3aed-4e76-4283-a599-f93f794625ab@group-BCADF287A12B-FollowerState was interrupted: java.lang.InterruptedException: sleep interrupted
2019-10-30 05:53:13,659 [Thread-871] INFO  impl.FollowerState (FollowerState.java:run(117)) - 58095e90-3010-492a-9083-43cf2e035c3f@group-BCADF287A12B-FollowerState was interrupted: java.lang.InterruptedException: sleep interrupted
2019-10-30 05:53:13,677 [9127dd83-037b-4d39-812f-66db56af525a@group-BCADF287A12B-LeaderElection98] INFO  impl.LeaderElection (LeaderElection.java:logAndReturn(56)) - 9127dd83-037b-4d39-812f-66db56af525a@group-BCADF287A12B-LeaderElection98: Election REJECTED; received 2 response(s) [9127dd83-037b-4d39-812f-66db56af525a<-7fae3aed-4e76-4283-a599-f93f794625ab#0:FAIL-t107, 9127dd83-037b-4d39-812f-66db56af525a<-58095e90-3010-492a-9083-43cf2e035c3f#0:FAIL-t107] and 0 exception(s); 9127dd83-037b-4d39-812f-66db56af525a@group-BCADF287A12B:t107, leader=null, voted=9127dd83-037b-4d39-812f-66db56af525a, raftlog=9127dd83-037b-4d39-812f-66db56af525a@group-BCADF287A12B-SegmentedRaftLog:OPENED:c-1,f-1,i0, conf=-1: [7fae3aed-4e76-4283-a599-f93f794625ab:192.168.34.21:41352, 58095e90-3010-492a-9083-43cf2e035c3f:192.168.34.21:45284, 9127dd83-037b-4d39-812f-66db56af525a:192.168.34.21:42063], old=null
2019-10-30 05:53:13,677 [9127dd83-037b-4d39-812f-66db56af525a@group-BCADF287A12B-LeaderElection98] INFO  impl.RaftServerImpl (RaftServerImpl.java:setRole(184)) - 9127dd83-037b-4d39-812f-66db56af525a@group-BCADF287A12B: changes role from CANDIDATE to FOLLOWER at term 107 for DISCOVERED_A_NEW_TERM
2019-10-30 05:53:13,677 [9127dd83-037b-4d39-812f-66db56af525a@group-BCADF287A12B-LeaderElection98] INFO  impl.RoleInfo (RoleInfo.java:shutdownLeaderElection(134)) - 9127dd83-037b-4d39-812f-66db56af525a: shutdown LeaderElection
2019-10-30 05:53:13,677 [9127dd83-037b-4d39-812f-66db56af525a@group-BCADF287A12B-LeaderElection98] INFO  impl.RoleInfo (RoleInfo.java:updateAndGet(143)) - 9127dd83-037b-4d39-812f-66db56af525a: start FollowerState
2019-10-30 05:53:13,805 [Thread-878] INFO  impl.FollowerState (FollowerState.java:run(108)) - 9127dd83-037b-4d39-812f-66db56af525a@group-BCADF287A12B-FollowerState: change to CANDIDATE, lastRpcTime:127ms, electionTimeout:127ms
2019-10-30 05:53:13,805 [Thread-878] INFO  impl.RoleInfo (RoleInfo.java:shutdownFollowerState(121)) - 9127dd83-037b-4d39-812f-66db56af525a: shutdown FollowerState
2019-10-30 05:53:13,805 [Thread-878] INFO  impl.RaftServerImpl (RaftServerImpl.java:setRole(184)) - 9127dd83-037b-4d39-812f-66db56af525a@group-BCADF287A12B: changes role from  FOLLOWER to CANDIDATE at term 107 for changeToCandidate
2019-10-30 05:53:13,806 [Thread-878] INFO  impl.RoleInfo (RoleInfo.java:updateAndGet(143)) - 9127dd83-037b-4d39-812f-66db56af525a: start LeaderElection
2019-10-30 05:53:13,820 [9127dd83-037b-4d39-812f-66db56af525a@group-BCADF287A12B-LeaderElection99] INFO  impl.LeaderElection (LeaderElection.java:askForVotes(178)) - 9127dd83-037b-4d39-812f-66db56af525a@group-BCADF287A12B-LeaderElection99: begin an election at term 108 for -1: [7fae3aed-4e76-4283-a599-f93f794625ab:192.168.34.21:41352, 58095e90-3010-492a-9083-43cf2e035c3f:192.168.34.21:45284, 9127dd83-037b-4d39-812f-66db56af525a:192.168.34.21:42063], old=null
2019-10-30 05:53:13,822 [grpc-default-executor-2] INFO  impl.RaftServerImpl (RaftServerImpl.java:setRole(184)) - 7fae3aed-4e76-4283-a599-f93f794625ab@group-BCADF287A12B: changes role from  FOLLOWER to FOLLOWER at term 108 for recognizeCandidate:9127dd83-037b-4d39-812f-66db56af525a
2019-10-30 05:53:13,822 [grpc-default-executor-2] INFO  impl.RoleInfo (RoleInfo.java:shutdownFollowerState(121)) - 7fae3aed-4e76-4283-a599-f93f794625ab: shutdown FollowerState
2019-10-30 05:53:13,822 [Thread-877] INFO  impl.FollowerState (FollowerState.java:run(117)) - 7fae3aed-4e76-4283-a599-f93f794625ab@group-BCADF287A12B-FollowerState was interrupted: java.lang.InterruptedException: sleep interrupted
2019-10-30 05:53:13,822 [grpc-default-executor-2] INFO  impl.RoleInfo (RoleInfo.java:updateAndGet(143)) - 7fae3aed-4e76-4283-a599-f93f794625ab: start FollowerState
2019-10-30 05:53:13,825 [grpc-default-executor-0] INFO  impl.RaftServerImpl (RaftServerImpl.java:setRole(184)) - 58095e90-3010-492a-9083-43cf2e035c3f@group-BCADF287A12B: changes role from  FOLLOWER to FOLLOWER at term 108 for recognizeCandidate:9127dd83-037b-4d39-812f-66db56af525a
2019-10-30 05:53:13,825 [grpc-default-executor-0] INFO  impl.RoleInfo (RoleInfo.java:shutdownFollowerState(121)) - 58095e90-3010-492a-9083-43cf2e035c3f: shutdown FollowerState
2019-10-30 05:53:13,825 [grpc-default-executor-0] INFO  impl.RoleInfo (RoleInfo.java:updateAndGet(143)) - 58095e90-3010-492a-9083-43cf2e035c3f: start FollowerState
2019-10-30 05:53:13,825 [Thread-876] INFO  impl.FollowerState (FollowerState.java:run(117)) - 58095e90-3010-492a-9083-43cf2e035c3f@group-BCADF287A12B-FollowerState was interrupted: java.lang.InterruptedException: sleep interrupted
2019-10-30 05:53:13,837 [9127dd83-037b-4d39-812f-66db56af525a@group-BCADF287A12B-LeaderElection99] INFO  impl.LeaderElection (LeaderElection.java:logAndReturn(56)) - 9127dd83-037b-4d39-812f-66db56af525a@group-BCADF287A12B-LeaderElection99: Election REJECTED; received 2 response(s) [9127dd83-037b-4d39-812f-66db56af525a<-7fae3aed-4e76-4283-a599-f93f794625ab#0:FAIL-t108, 9127dd83-037b-4d39-812f-66db56af525a<-58095e90-3010-492a-9083-43cf2e035c3f#0:FAIL-t108] and 0 exception(s); 9127dd83-037b-4d39-812f-66db56af525a@group-BCADF287A12B:t108, leader=null, voted=9127dd83-037b-4d39-812f-66db56af525a, raftlog=9127dd83-037b-4d39-812f-66db56af525a@group-BCADF287A12B-SegmentedRaftLog:OPENED:c-1,f-1,i0, conf=-1: [7fae3aed-4e76-4283-a599-f93f794625ab:192.168.34.21:41352, 58095e90-3010-492a-9083-43cf2e035c3f:192.168.34.21:45284, 9127dd83-037b-4d39-812f-66db56af525a:192.168.34.21:42063], old=null
2019-10-30 05:53:13,838 [9127dd83-037b-4d39-812f-66db56af525a@group-BCADF287A12B-LeaderElection99] INFO  impl.RaftServerImpl (RaftServerImpl.java:setRole(184)) - 9127dd83-037b-4d39-812f-66db56af525a@group-BCADF287A12B: changes role from CANDIDATE to FOLLOWER at term 108 for DISCOVERED_A_NEW_TERM
2019-10-30 05:53:13,838 [9127dd83-037b-4d39-812f-66db56af525a@group-BCADF287A12B-LeaderElection99] INFO  impl.RoleInfo (RoleInfo.java:shutdownLeaderElection(134)) - 9127dd83-037b-4d39-812f-66db56af525a: shutdown LeaderElection
2019-10-30 05:53:13,838 [9127dd83-037b-4d39-812f-66db56af525a@group-BCADF287A12B-LeaderElection99] INFO  impl.RoleInfo (RoleInfo.java:updateAndGet(143)) - 9127dd83-037b-4d39-812f-66db56af525a: start FollowerState
2019-10-30 05:53:14,018 [Thread-884] INFO  impl.FollowerState (FollowerState.java:run(108)) - 9127dd83-037b-4d39-812f-66db56af525a@group-BCADF287A12B-FollowerState: change to CANDIDATE, lastRpcTime:180ms, electionTimeout:180ms
2019-10-30 05:53:14,018 [Thread-884] INFO  impl.RoleInfo (RoleInfo.java:shutdownFollowerState(121)) - 9127dd83-037b-4d39-812f-66db56af525a: shutdown FollowerState
2019-10-30 05:53:14,019 [Thread-884] INFO  impl.RaftServerImpl (RaftServerImpl.java:setRole(184)) - 9127dd83-037b-4d39-812f-66db56af525a@group-BCADF287A12B: changes role from  FOLLOWER to CANDIDATE at term 108 for changeToCandidate
2019-10-30 05:53:14,019 [Thread-884] INFO  impl.RoleInfo (RoleInfo.java:updateAndGet(143)) - 9127dd83-037b-4d39-812f-66db56af525a: start LeaderElection
2019-10-30 05:53:14,033 [9127dd83-037b-4d39-812f-66db56af525a@group-BCADF287A12B-LeaderElection100] INFO  impl.LeaderElection (LeaderElection.java:askForVotes(178)) - 9127dd83-037b-4d39-812f-66db56af525a@group-BCADF287A12B-LeaderElection100: begin an election at term 109 for -1: [7fae3aed-4e76-4283-a599-f93f794625ab:192.168.34.21:41352, 58095e90-3010-492a-9083-43cf2e035c3f:192.168.34.21:45284, 9127dd83-037b-4d39-812f-66db56af525a:192.168.34.21:42063], old=null
2019-10-30 05:53:14,036 [grpc-default-executor-2] INFO  impl.RaftServerImpl (RaftServerImpl.java:setRole(184)) - 7fae3aed-4e76-4283-a599-f93f794625ab@group-BCADF287A12B: changes role from  FOLLOWER to FOLLOWER at term 109 for recognizeCandidate:9127dd83-037b-4d39-812f-66db56af525a
2019-10-30 05:53:14,036 [grpc-default-executor-2] INFO  impl.RoleInfo (RoleInfo.java:shutdownFollowerState(121)) - 7fae3aed-4e76-4283-a599-f93f794625ab: shutdown FollowerState
2019-10-30 05:53:14,037 [grpc-default-executor-2] INFO  impl.RoleInfo (RoleInfo.java:updateAndGet(143)) - 7fae3aed-4e76-4283-a599-f93f794625ab: start FollowerState
2019-10-30 05:53:14,037 [Thread-882] INFO  impl.FollowerState (FollowerState.java:run(117)) - 7fae3aed-4e76-4283-a599-f93f794625ab@group-BCADF287A12B-FollowerState was interrupted: java.lang.InterruptedException: sleep interrupted
2019-10-30 05:53:14,042 [grpc-default-executor-0] INFO  impl.RaftServerImpl (RaftServerImpl.java:setRole(184)) - 58095e90-3010-492a-9083-43cf2e035c3f@group-BCADF287A12B: changes role from  FOLLOWER to FOLLOWER at term 109 for recognizeCandidate:9127dd83-037b-4d39-812f-66db56af525a
2019-10-30 05:53:14,042 [grpc-default-executor-0] INFO  impl.RoleInfo (RoleInfo.java:shutdownFollowerState(121)) - 58095e90-3010-492a-9083-43cf2e035c3f: shutdown FollowerState
2019-10-30 05:53:14,042 [grpc-default-executor-0] INFO  impl.RoleInfo (RoleInfo.java:updateAndGet(143)) - 58095e90-3010-492a-9083-43cf2e035c3f: start FollowerState
2019-10-30 05:53:14,043 [Thread-883] INFO  impl.FollowerState (FollowerState.java:run(117)) - 58095e90-3010-492a-9083-43cf2e035c3f@group-BCADF287A12B-FollowerState was interrupted: java.lang.InterruptedException: sleep interrupted
2019-10-30 05:53:14,052 [9127dd83-037b-4d39-812f-66db56af525a@group-BCADF287A12B-LeaderElection100] INFO  impl.LeaderElection (LeaderElection.java:logAndReturn(56)) - 9127dd83-037b-4d39-812f-66db56af525a@group-BCADF287A12B-LeaderElection100: Election REJECTED; received 2 response(s) [9127dd83-037b-4d39-812f-66db56af525a<-7fae3aed-4e76-4283-a599-f93f794625ab#0:FAIL-t109, 9127dd83-037b-4d39-812f-66db56af525a<-58095e90-3010-492a-9083-43cf2e035c3f#0:FAIL-t109] and 0 exception(s); 9127dd83-037b-4d39-812f-66db56af525a@group-BCADF287A12B:t109, leader=null, voted=9127dd83-037b-4d39-812f-66db56af525a, raftlog=9127dd83-037b-4d39-812f-66db56af525a@group-BCADF287A12B-SegmentedRaftLog:OPENED:c-1,f-1,i0, conf=-1: [7fae3aed-4e76-4283-a599-f93f794625ab:192.168.34.21:41352, 58095e90-3010-492a-9083-43cf2e035c3f:192.168.34.21:45284, 9127dd83-037b-4d39-812f-66db56af525a:192.168.34.21:42063], old=null
2019-10-30 05:53:14,052 [9127dd83-037b-4d39-812f-66db56af525a@group-BCADF287A12B-LeaderElection100] INFO  impl.RaftServerImpl (RaftServerImpl.java:setRole(184)) - 9127dd83-037b-4d39-812f-66db56af525a@group-BCADF287A12B: changes role from CANDIDATE to FOLLOWER at term 109 for DISCOVERED_A_NEW_TERM
2019-10-30 05:53:14,053 [9127dd83-037b-4d39-812f-66db56af525a@group-BCADF287A12B-LeaderElection100] INFO  impl.RoleInfo (RoleInfo.java:shutdownLeaderElection(134)) - 9127dd83-037b-4d39-812f-66db56af525a: shutdown LeaderElection
2019-10-30 05:53:14,053 [9127dd83-037b-4d39-812f-66db56af525a@group-BCADF287A12B-LeaderElection100] INFO  impl.RoleInfo (RoleInfo.java:updateAndGet(143)) - 9127dd83-037b-4d39-812f-66db56af525a: start FollowerState
2019-10-30 05:53:14,241 [Thread-892] INFO  impl.FollowerState (FollowerState.java:run(108)) - 9127dd83-037b-4d39-812f-66db56af525a@group-BCADF287A12B-FollowerState: change to CANDIDATE, lastRpcTime:188ms, electionTimeout:188ms
2019-10-30 05:53:14,242 [Thread-892] INFO  impl.RoleInfo (RoleInfo.java:shutdownFollowerState(121)) - 9127dd83-037b-4d39-812f-66db56af525a: shutdown FollowerState
2019-10-30 05:53:14,242 [Thread-892] INFO  impl.RaftServerImpl (RaftServerImpl.java:setRole(184)) - 9127dd83-037b-4d39-812f-66db56af525a@group-BCADF287A12B: changes role from  FOLLOWER to CANDIDATE at term 109 for changeToCandidate
2019-10-30 05:53:14,242 [Thread-892] INFO  impl.RoleInfo (RoleInfo.java:updateAndGet(143)) - 9127dd83-037b-4d39-812f-66db56af525a: start LeaderElection
2019-10-30 05:53:14,268 [9127dd83-037b-4d39-812f-66db56af525a@group-BCADF287A12B-LeaderElection101] INFO  impl.LeaderElection (LeaderElection.java:askForVotes(178)) - 9127dd83-037b-4d39-812f-66db56af525a@group-BCADF287A12B-LeaderElection101: begin an election at term 110 for -1: [7fae3aed-4e76-4283-a599-f93f794625ab:192.168.34.21:41352, 58095e90-3010-492a-9083-43cf2e035c3f:192.168.34.21:45284, 9127dd83-037b-4d39-812f-66db56af525a:192.168.34.21:42063], old=null
2019-10-30 05:53:14,272 [grpc-default-executor-2] INFO  impl.RaftServerImpl (RaftServerImpl.java:setRole(184)) - 7fae3aed-4e76-4283-a599-f93f794625ab@group-BCADF287A12B: changes role from  FOLLOWER to FOLLOWER at term 110 for recognizeCandidate:9127dd83-037b-4d39-812f-66db56af525a
2019-10-30 05:53:14,272 [grpc-default-executor-2] INFO  impl.RoleInfo (RoleInfo.java:shutdownFollowerState(121)) - 7fae3aed-4e76-4283-a599-f93f794625ab: shutdown FollowerState
2019-10-30 05:53:14,272 [grpc-default-executor-2] INFO  impl.RoleInfo (RoleInfo.java:updateAndGet(143)) - 7fae3aed-4e76-4283-a599-f93f794625ab: start FollowerState
2019-10-30 05:53:14,272 [Thread-890] INFO  impl.FollowerState (FollowerState.java:run(117)) - 7fae3aed-4e76-4283-a599-f93f794625ab@group-BCADF287A12B-FollowerState was interrupted: java.lang.InterruptedException: sleep interrupted
2019-10-30 05:53:14,279 [grpc-default-executor-0] INFO  impl.RaftServerImpl (RaftServerImpl.java:setRole(184)) - 58095e90-3010-492a-9083-43cf2e035c3f@group-BCADF287A12B: changes role from  FOLLOWER to FOLLOWER at term 110 for recognizeCandidate:9127dd83-037b-4d39-812f-66db56af525a
2019-10-30 05:53:14,279 [grpc-default-executor-0] INFO  impl.RoleInfo (RoleInfo.java:shutdownFollowerState(121)) - 58095e90-3010-492a-9083-43cf2e035c3f: shutdown FollowerState
2019-10-30 05:53:14,279 [grpc-default-executor-0] INFO  impl.RoleInfo (RoleInfo.java:updateAndGet(143)) - 58095e90-3010-492a-9083-43cf2e035c3f: start FollowerState
2019-10-30 05:53:14,279 [Thread-891] INFO  impl.FollowerState (FollowerState.java:run(117)) - 58095e90-3010-492a-9083-43cf2e035c3f@group-BCADF287A12B-FollowerState was interrupted: java.lang.InterruptedException: sleep interrupted
2019-10-30 05:53:14,285 [9127dd83-037b-4d39-812f-66db56af525a@group-BCADF287A12B-LeaderElection101] INFO  impl.LeaderElection (LeaderElection.java:logAndReturn(56)) - 9127dd83-037b-4d39-812f-66db56af525a@group-BCADF287A12B-LeaderElection101: Election REJECTED; received 2 response(s) [9127dd83-037b-4d39-812f-66db56af525a<-7fae3aed-4e76-4283-a599-f93f794625ab#0:FAIL-t110, 9127dd83-037b-4d39-812f-66db56af525a<-58095e90-3010-492a-9083-43cf2e035c3f#0:FAIL-t110] and 0 exception(s); 9127dd83-037b-4d39-812f-66db56af525a@group-BCADF287A12B:t110, leader=null, voted=9127dd83-037b-4d39-812f-66db56af525a, raftlog=9127dd83-037b-4d39-812f-66db56af525a@group-BCADF287A12B-SegmentedRaftLog:OPENED:c-1,f-1,i0, conf=-1: [7fae3aed-4e76-4283-a599-f93f794625ab:192.168.34.21:41352, 58095e90-3010-492a-9083-43cf2e035c3f:192.168.34.21:45284, 9127dd83-037b-4d39-812f-66db56af525a:192.168.34.21:42063], old=null
2019-10-30 05:53:14,285 [9127dd83-037b-4d39-812f-66db56af525a@group-BCADF287A12B-LeaderElection101] INFO  impl.RaftServerImpl (RaftServerImpl.java:setRole(184)) - 9127dd83-037b-4d39-812f-66db56af525a@group-BCADF287A12B: changes role from CANDIDATE to FOLLOWER at term 110 for DISCOVERED_A_NEW_TERM
2019-10-30 05:53:14,286 [9127dd83-037b-4d39-812f-66db56af525a@group-BCADF287A12B-LeaderElection101] INFO  impl.RoleInfo (RoleInfo.java:shutdownLeaderElection(134)) - 9127dd83-037b-4d39-812f-66db56af525a: shutdown LeaderElection
2019-10-30 05:53:14,286 [9127dd83-037b-4d39-812f-66db56af525a@group-BCADF287A12B-LeaderElection101] INFO  impl.RoleInfo (RoleInfo.java:updateAndGet(143)) - 9127dd83-037b-4d39-812f-66db56af525a: start FollowerState
2019-10-30 05:53:14,435 [Thread-898] INFO  impl.FollowerState (FollowerState.java:run(108)) - 9127dd83-037b-4d39-812f-66db56af525a@group-BCADF287A12B-FollowerState: change to CANDIDATE, lastRpcTime:149ms, electionTimeout:149ms
2019-10-30 05:53:14,436 [Thread-898] INFO  impl.RoleInfo (RoleInfo.java:shutdownFollowerState(121)) - 9127dd83-037b-4d39-812f-66db56af525a: shutdown FollowerState
2019-10-30 05:53:14,436 [Thread-898] INFO  impl.RaftServerImpl (RaftServerImpl.java:setRole(184)) - 9127dd83-037b-4d39-812f-66db56af525a@group-BCADF287A12B: changes role from  FOLLOWER to CANDIDATE at term 110 for changeToCandidate
2019-10-30 05:53:14,436 [Thread-898] INFO  impl.RoleInfo (RoleInfo.java:updateAndGet(143)) - 9127dd83-037b-4d39-812f-66db56af525a: start LeaderElection
2019-10-30 05:53:14,460 [9127dd83-037b-4d39-812f-66db56af525a@group-BCADF287A12B-LeaderElection102] INFO  impl.LeaderElection (LeaderElection.java:askForVotes(178)) - 9127dd83-037b-4d39-812f-66db56af525a@group-BCADF287A12B-LeaderElection102: begin an election at term 111 for -1: [7fae3aed-4e76-4283-a599-f93f794625ab:192.168.34.21:41352, 58095e90-3010-492a-9083-43cf2e035c3f:192.168.34.21:45284, 9127dd83-037b-4d39-812f-66db56af525a:192.168.34.21:42063], old=null
2019-10-30 05:53:14,467 [grpc-default-executor-0] INFO  impl.RaftServerImpl (RaftServerImpl.java:setRole(184)) - 7fae3aed-4e76-4283-a599-f93f794625ab@group-BCADF287A12B: changes role from  FOLLOWER to FOLLOWER at term 111 for recognizeCandidate:9127dd83-037b-4d39-812f-66db56af525a
2019-10-30 05:53:14,467 [grpc-default-executor-0] INFO  impl.RoleInfo (RoleInfo.java:shutdownFollowerState(121)) - 7fae3aed-4e76-4283-a599-f93f794625ab: shutdown FollowerState
2019-10-30 05:53:14,468 [grpc-default-executor-0] INFO  impl.RoleInfo (RoleInfo.java:updateAndGet(143)) - 7fae3aed-4e76-4283-a599-f93f794625ab: start FollowerState
2019-10-30 05:53:14,468 [Thread-896] INFO  impl.FollowerState (FollowerState.java:run(117)) - 7fae3aed-4e76-4283-a599-f93f794625ab@group-BCADF287A12B-FollowerState was interrupted: java.lang.InterruptedException: sleep interrupted
2019-10-30 05:53:14,468 [grpc-default-executor-2] INFO  impl.RaftServerImpl (RaftServerImpl.java:setRole(184)) - 58095e90-3010-492a-9083-43cf2e035c3f@group-BCADF287A12B: changes role from  FOLLOWER to FOLLOWER at term 111 for recognizeCandidate:9127dd83-037b-4d39-812f-66db56af525a
2019-10-30 05:53:14,469 [grpc-default-executor-2] INFO  impl.RoleInfo (RoleInfo.java:shutdownFollowerState(121)) - 58095e90-3010-492a-9083-43cf2e035c3f: shutdown FollowerState
2019-10-30 05:53:14,469 [grpc-default-executor-2] INFO  impl.RoleInfo (RoleInfo.java:updateAndGet(143)) - 58095e90-3010-492a-9083-43cf2e035c3f: start FollowerState
2019-10-30 05:53:14,469 [Thread-897] INFO  impl.FollowerState (FollowerState.java:run(117)) - 58095e90-3010-492a-9083-43cf2e035c3f@group-BCADF287A12B-FollowerState was interrupted: java.lang.InterruptedException: sleep interrupted
2019-10-30 05:53:14,483 [9127dd83-037b-4d39-812f-66db56af525a@group-BCADF287A12B-LeaderElection102] INFO  impl.LeaderElection (LeaderElection.java:logAndReturn(56)) - 9127dd83-037b-4d39-812f-66db56af525a@group-BCADF287A12B-LeaderElection102: Election REJECTED; received 2 response(s) [9127dd83-037b-4d39-812f-66db56af525a<-7fae3aed-4e76-4283-a599-f93f794625ab#0:FAIL-t111, 9127dd83-037b-4d39-812f-66db56af525a<-58095e90-3010-492a-9083-43cf2e035c3f#0:FAIL-t111] and 0 exception(s); 9127dd83-037b-4d39-812f-66db56af525a@group-BCADF287A12B:t111, leader=null, voted=9127dd83-037b-4d39-812f-66db56af525a, raftlog=9127dd83-037b-4d39-812f-66db56af525a@group-BCADF287A12B-SegmentedRaftLog:OPENED:c-1,f-1,i0, conf=-1: [7fae3aed-4e76-4283-a599-f93f794625ab:192.168.34.21:41352, 58095e90-3010-492a-9083-43cf2e035c3f:192.168.34.21:45284, 9127dd83-037b-4d39-812f-66db56af525a:192.168.34.21:42063], old=null
2019-10-30 05:53:14,484 [9127dd83-037b-4d39-812f-66db56af525a@group-BCADF287A12B-LeaderElection102] INFO  impl.RaftServerImpl (RaftServerImpl.java:setRole(184)) - 9127dd83-037b-4d39-812f-66db56af525a@group-BCADF287A12B: changes role from CANDIDATE to FOLLOWER at term 111 for DISCOVERED_A_NEW_TERM
2019-10-30 05:53:14,484 [9127dd83-037b-4d39-812f-66db56af525a@group-BCADF287A12B-LeaderElection102] INFO  impl.RoleInfo (RoleInfo.java:shutdownLeaderElection(134)) - 9127dd83-037b-4d39-812f-66db56af525a: shutdown LeaderElection
2019-10-30 05:53:14,485 [9127dd83-037b-4d39-812f-66db56af525a@group-BCADF287A12B-LeaderElection102] INFO  impl.RoleInfo (RoleInfo.java:updateAndGet(143)) - 9127dd83-037b-4d39-812f-66db56af525a: start FollowerState
2019-10-30 05:53:14,631 [Thread-904] INFO  impl.FollowerState (FollowerState.java:run(108)) - 9127dd83-037b-4d39-812f-66db56af525a@group-BCADF287A12B-FollowerState: change to CANDIDATE, lastRpcTime:146ms, electionTimeout:146ms
2019-10-30 05:53:14,631 [Thread-904] INFO  impl.RoleInfo (RoleInfo.java:shutdownFollowerState(121)) - 9127dd83-037b-4d39-812f-66db56af525a: shutdown FollowerState
2019-10-30 05:53:14,631 [Thread-904] INFO  impl.RaftServerImpl (RaftServerImpl.java:setRole(184)) - 9127dd83-037b-4d39-812f-66db56af525a@group-BCADF287A12B: changes role from  FOLLOWER to CANDIDATE at term 111 for changeToCandidate
2019-10-30 05:53:14,631 [Thread-904] INFO  impl.RoleInfo (RoleInfo.java:updateAndGet(143)) - 9127dd83-037b-4d39-812f-66db56af525a: start LeaderElection
2019-10-30 05:53:14,645 [9127dd83-037b-4d39-812f-66db56af525a@group-BCADF287A12B-LeaderElection103] INFO  impl.LeaderElection (LeaderElection.java:askForVotes(178)) - 9127dd83-037b-4d39-812f-66db56af525a@group-BCADF287A12B-LeaderElection103: begin an election at term 112 for -1: [7fae3aed-4e76-4283-a599-f93f794625ab:192.168.34.21:41352, 58095e90-3010-492a-9083-43cf2e035c3f:192.168.34.21:45284, 9127dd83-037b-4d39-812f-66db56af525a:192.168.34.21:42063], old=null
2019-10-30 05:53:14,648 [grpc-default-executor-2] INFO  impl.RaftServerImpl (RaftServerImpl.java:setRole(184)) - 58095e90-3010-492a-9083-43cf2e035c3f@group-BCADF287A12B: changes role from  FOLLOWER to FOLLOWER at term 112 for recognizeCandidate:9127dd83-037b-4d39-812f-66db56af525a
2019-10-30 05:53:14,648 [grpc-default-executor-2] INFO  impl.RoleInfo (RoleInfo.java:shutdownFollowerState(121)) - 58095e90-3010-492a-9083-43cf2e035c3f: shutdown FollowerState
2019-10-30 05:53:14,649 [grpc-default-executor-2] INFO  impl.RoleInfo (RoleInfo.java:updateAndGet(143)) - 58095e90-3010-492a-9083-43cf2e035c3f: start FollowerState
2019-10-30 05:53:14,652 [grpc-default-executor-0] INFO  impl.RaftServerImpl (RaftServerImpl.java:setRole(184)) - 7fae3aed-4e76-4283-a599-f93f794625ab@group-BCADF287A12B: changes role from  FOLLOWER to FOLLOWER at term 112 for recognizeCandidate:9127dd83-037b-4d39-812f-66db56af525a
2019-10-30 05:53:14,653 [grpc-default-executor-0] INFO  impl.RoleInfo (RoleInfo.java:shutdownFollowerState(121)) - 7fae3aed-4e76-4283-a599-f93f794625ab: shutdown FollowerState
2019-10-30 05:53:14,653 [grpc-default-executor-0] INFO  impl.RoleInfo (RoleInfo.java:updateAndGet(143)) - 7fae3aed-4e76-4283-a599-f93f794625ab: start FollowerState
2019-10-30 05:53:14,655 [Thread-902] INFO  impl.FollowerState (FollowerState.java:run(117)) - 7fae3aed-4e76-4283-a599-f93f794625ab@group-BCADF287A12B-FollowerState was interrupted: java.lang.InterruptedException: sleep interrupted
2019-10-30 05:53:14,649 [Thread-903] INFO  impl.FollowerState (FollowerState.java:run(117)) - 58095e90-3010-492a-9083-43cf2e035c3f@group-BCADF287A12B-FollowerState was interrupted: java.lang.InterruptedException: sleep interrupted
2019-10-30 05:53:14,665 [9127dd83-037b-4d39-812f-66db56af525a@group-BCADF287A12B-LeaderElection103] INFO  impl.LeaderElection (LeaderElection.java:logAndReturn(56)) - 9127dd83-037b-4d39-812f-66db56af525a@group-BCADF287A12B-LeaderElection103: Election REJECTED; received 2 response(s) [9127dd83-037b-4d39-812f-66db56af525a<-7fae3aed-4e76-4283-a599-f93f794625ab#0:FAIL-t112, 9127dd83-037b-4d39-812f-66db56af525a<-58095e90-3010-492a-9083-43cf2e035c3f#0:FAIL-t112] and 0 exception(s); 9127dd83-037b-4d39-812f-66db56af525a@group-BCADF287A12B:t112, leader=null, voted=9127dd83-037b-4d39-812f-66db56af525a, raftlog=9127dd83-037b-4d39-812f-66db56af525a@group-BCADF287A12B-SegmentedRaftLog:OPENED:c-1,f-1,i0, conf=-1: [7fae3aed-4e76-4283-a599-f93f794625ab:192.168.34.21:41352, 58095e90-3010-492a-9083-43cf2e035c3f:192.168.34.21:45284, 9127dd83-037b-4d39-812f-66db56af525a:192.168.34.21:42063], old=null
2019-10-30 05:53:14,665 [9127dd83-037b-4d39-812f-66db56af525a@group-BCADF287A12B-LeaderElection103] INFO  impl.RaftServerImpl (RaftServerImpl.java:setRole(184)) - 9127dd83-037b-4d39-812f-66db56af525a@group-BCADF287A12B: changes role from CANDIDATE to FOLLOWER at term 112 for DISCOVERED_A_NEW_TERM
2019-10-30 05:53:14,666 [9127dd83-037b-4d39-812f-66db56af525a@group-BCADF287A12B-LeaderElection103] INFO  impl.RoleInfo (RoleInfo.java:shutdownLeaderElection(134)) - 9127dd83-037b-4d39-812f-66db56af525a: shutdown LeaderElection
2019-10-30 05:53:14,666 [9127dd83-037b-4d39-812f-66db56af525a@group-BCADF287A12B-LeaderElection103] INFO  impl.RoleInfo (RoleInfo.java:updateAndGet(143)) - 9127dd83-037b-4d39-812f-66db56af525a: start FollowerState
2019-10-30 05:53:14,729 [Thread-910] INFO  impl.FollowerState (FollowerState.java:run(108)) - 9127dd83-037b-4d39-812f-66db56af525a@group-BCADF287A12B-FollowerState: change to CANDIDATE, lastRpcTime:63ms, electionTimeout:63ms
2019-10-30 05:53:14,729 [Thread-910] INFO  impl.RoleInfo (RoleInfo.java:shutdownFollowerState(121)) - 9127dd83-037b-4d39-812f-66db56af525a: shutdown FollowerState
2019-10-30 05:53:14,729 [Thread-910] INFO  impl.RaftServerImpl (RaftServerImpl.java:setRole(184)) - 9127dd83-037b-4d39-812f-66db56af525a@group-BCADF287A12B: changes role from  FOLLOWER to CANDIDATE at term 112 for changeToCandidate
2019-10-30 05:53:14,730 [Thread-910] INFO  impl.RoleInfo (RoleInfo.java:updateAndGet(143)) - 9127dd83-037b-4d39-812f-66db56af525a: start LeaderElection
2019-10-30 05:53:14,737 [9127dd83-037b-4d39-812f-66db56af525a@group-BCADF287A12B-LeaderElection104] INFO  impl.LeaderElection (LeaderElection.java:askForVotes(178)) - 9127dd83-037b-4d39-812f-66db56af525a@group-BCADF287A12B-LeaderElection104: begin an election at term 113 for -1: [7fae3aed-4e76-4283-a599-f93f794625ab:192.168.34.21:41352, 58095e90-3010-492a-9083-43cf2e035c3f:192.168.34.21:45284, 9127dd83-037b-4d39-812f-66db56af525a:192.168.34.21:42063], old=null
2019-10-30 05:53:14,741 [grpc-default-executor-0] INFO  impl.RaftServerImpl (RaftServerImpl.java:setRole(184)) - 58095e90-3010-492a-9083-43cf2e035c3f@group-BCADF287A12B: changes role from  FOLLOWER to FOLLOWER at term 113 for recognizeCandidate:9127dd83-037b-4d39-812f-66db56af525a
2019-10-30 05:53:14,741 [grpc-default-executor-0] INFO  impl.RoleInfo (RoleInfo.java:shutdownFollowerState(121)) - 58095e90-3010-492a-9083-43cf2e035c3f: shutdown FollowerState
2019-10-30 05:53:14,741 [grpc-default-executor-0] INFO  impl.RoleInfo (RoleInfo.java:updateAndGet(143)) - 58095e90-3010-492a-9083-43cf2e035c3f: start FollowerState
2019-10-30 05:53:14,741 [Thread-908] INFO  impl.FollowerState (FollowerState.java:run(117)) - 58095e90-3010-492a-9083-43cf2e035c3f@group-BCADF287A12B-FollowerState was interrupted: java.lang.InterruptedException: sleep interrupted
2019-10-30 05:53:14,741 [grpc-default-executor-2] INFO  impl.RaftServerImpl (RaftServerImpl.java:setRole(184)) - 7fae3aed-4e76-4283-a599-f93f794625ab@group-BCADF287A12B: changes role from  FOLLOWER to FOLLOWER at term 113 for recognizeCandidate:9127dd83-037b-4d39-812f-66db56af525a
2019-10-30 05:53:14,742 [grpc-default-executor-2] INFO  impl.RoleInfo (RoleInfo.java:shutdownFollowerState(121)) - 7fae3aed-4e76-4283-a599-f93f794625ab: shutdown FollowerState
2019-10-30 05:53:14,742 [grpc-default-executor-2] INFO  impl.RoleInfo (RoleInfo.java:updateAndGet(143)) - 7fae3aed-4e76-4283-a599-f93f794625ab: start FollowerState
2019-10-30 05:53:14,743 [Thread-909] INFO  impl.FollowerState (FollowerState.java:run(117)) - 7fae3aed-4e76-4283-a599-f93f794625ab@group-BCADF287A12B-FollowerState was interrupted: java.lang.InterruptedException: sleep interrupted
2019-10-30 05:53:14,762 [9127dd83-037b-4d39-812f-66db56af525a@group-BCADF287A12B-LeaderElection104] INFO  impl.LeaderElection (LeaderElection.java:logAndReturn(56)) - 9127dd83-037b-4d39-812f-66db56af525a@group-BCADF287A12B-LeaderElection104: Election REJECTED; received 2 response(s) [9127dd83-037b-4d39-812f-66db56af525a<-7fae3aed-4e76-4283-a599-f93f794625ab#0:FAIL-t113, 9127dd83-037b-4d39-812f-66db56af525a<-58095e90-3010-492a-9083-43cf2e035c3f#0:FAIL-t113] and 0 exception(s); 9127dd83-037b-4d39-812f-66db56af525a@group-BCADF287A12B:t113, leader=null, voted=9127dd83-037b-4d39-812f-66db56af525a, raftlog=9127dd83-037b-4d39-812f-66db56af525a@group-BCADF287A12B-SegmentedRaftLog:OPENED:c-1,f-1,i0, conf=-1: [7fae3aed-4e76-4283-a599-f93f794625ab:192.168.34.21:41352, 58095e90-3010-492a-9083-43cf2e035c3f:192.168.34.21:45284, 9127dd83-037b-4d39-812f-66db56af525a:192.168.34.21:42063], old=null
2019-10-30 05:53:14,762 [9127dd83-037b-4d39-812f-66db56af525a@group-BCADF287A12B-LeaderElection104] INFO  impl.RaftServerImpl (RaftServerImpl.java:setRole(184)) - 9127dd83-037b-4d39-812f-66db56af525a@group-BCADF287A12B: changes role from CANDIDATE to FOLLOWER at term 113 for DISCOVERED_A_NEW_TERM
2019-10-30 05:53:14,762 [9127dd83-037b-4d39-812f-66db56af525a@group-BCADF287A12B-LeaderElection104] INFO  impl.RoleInfo (RoleInfo.java:shutdownLeaderElection(134)) - 9127dd83-037b-4d39-812f-66db56af525a: shutdown LeaderElection
2019-10-30 05:53:14,763 [9127dd83-037b-4d39-812f-66db56af525a@group-BCADF287A12B-LeaderElection104] INFO  impl.RoleInfo (RoleInfo.java:updateAndGet(143)) - 9127dd83-037b-4d39-812f-66db56af525a: start FollowerState
2019-10-30 05:53:14,829 [Thread-916] INFO  impl.FollowerState (FollowerState.java:run(108)) - 9127dd83-037b-4d39-812f-66db56af525a@group-BCADF287A12B-FollowerState: change to CANDIDATE, lastRpcTime:66ms, electionTimeout:66ms
2019-10-30 05:53:14,829 [Thread-916] INFO  impl.RoleInfo (RoleInfo.java:shutdownFollowerState(121)) - 9127dd83-037b-4d39-812f-66db56af525a: shutdown FollowerState
2019-10-30 05:53:14,830 [Thread-916] INFO  impl.RaftServerImpl (RaftServerImpl.java:setRole(184)) - 9127dd83-037b-4d39-812f-66db56af525a@group-BCADF287A12B: changes role from  FOLLOWER to CANDIDATE at term 113 for changeToCandidate
2019-10-30 05:53:14,830 [Thread-916] INFO  impl.RoleInfo (RoleInfo.java:updateAndGet(143)) - 9127dd83-037b-4d39-812f-66db56af525a: start LeaderElection
2019-10-30 05:53:14,844 [9127dd83-037b-4d39-812f-66db56af525a@group-BCADF287A12B-LeaderElection105] INFO  impl.LeaderElection (LeaderElection.java:askForVotes(178)) - 9127dd83-037b-4d39-812f-66db56af525a@group-BCADF287A12B-LeaderElection105: begin an election at term 114 for -1: [7fae3aed-4e76-4283-a599-f93f794625ab:192.168.34.21:41352, 58095e90-3010-492a-9083-43cf2e035c3f:192.168.34.21:45284, 9127dd83-037b-4d39-812f-66db56af525a:192.168.34.21:42063], old=null
2019-10-30 05:53:14,848 [grpc-default-executor-0] INFO  impl.RaftServerImpl (RaftServerImpl.java:setRole(184)) - 7fae3aed-4e76-4283-a599-f93f794625ab@group-BCADF287A12B: changes role from  FOLLOWER to FOLLOWER at term 114 for recognizeCandidate:9127dd83-037b-4d39-812f-66db56af525a
2019-10-30 05:53:14,848 [grpc-default-executor-0] INFO  impl.RoleInfo (RoleInfo.java:shutdownFollowerState(121)) - 7fae3aed-4e76-4283-a599-f93f794625ab: shutdown FollowerState
2019-10-30 05:53:14,848 [grpc-default-executor-0] INFO  impl.RoleInfo (RoleInfo.java:updateAndGet(143)) - 7fae3aed-4e76-4283-a599-f93f794625ab: start FollowerState
2019-10-30 05:53:14,849 [grpc-default-executor-2] INFO  impl.RaftServerImpl (RaftServerImpl.java:setRole(184)) - 58095e90-3010-492a-9083-43cf2e035c3f@group-BCADF287A12B: changes role from  FOLLOWER to FOLLOWER at term 114 for recognizeCandidate:9127dd83-037b-4d39-812f-66db56af525a
2019-10-30 05:53:14,849 [grpc-default-executor-2] INFO  impl.RoleInfo (RoleInfo.java:shutdownFollowerState(121)) - 58095e90-3010-492a-9083-43cf2e035c3f: shutdown FollowerState
2019-10-30 05:53:14,850 [grpc-default-executor-2] INFO  impl.RoleInfo (RoleInfo.java:updateAndGet(143)) - 58095e90-3010-492a-9083-43cf2e035c3f: start FollowerState
2019-10-30 05:53:14,850 [Thread-914] INFO  impl.FollowerState (FollowerState.java:run(117)) - 58095e90-3010-492a-9083-43cf2e035c3f@group-BCADF287A12B-FollowerState was interrupted: java.lang.InterruptedException: sleep interrupted
2019-10-30 05:53:14,851 [Thread-915] INFO  impl.FollowerState (FollowerState.java:run(117)) - 7fae3aed-4e76-4283-a599-f93f794625ab@group-BCADF287A12B-FollowerState was interrupted: java.lang.InterruptedException: sleep interrupted
2019-10-30 05:53:14,865 [9127dd83-037b-4d39-812f-66db56af525a@group-BCADF287A12B-LeaderElection105] INFO  impl.LeaderElection (LeaderElection.java:logAndReturn(56)) - 9127dd83-037b-4d39-812f-66db56af525a@group-BCADF287A12B-LeaderElection105: Election REJECTED; received 2 response(s) [9127dd83-037b-4d39-812f-66db56af525a<-7fae3aed-4e76-4283-a599-f93f794625ab#0:FAIL-t114, 9127dd83-037b-4d39-812f-66db56af525a<-58095e90-3010-492a-9083-43cf2e035c3f#0:FAIL-t114] and 0 exception(s); 9127dd83-037b-4d39-812f-66db56af525a@group-BCADF287A12B:t114, leader=null, voted=9127dd83-037b-4d39-812f-66db56af525a, raftlog=9127dd83-037b-4d39-812f-66db56af525a@group-BCADF287A12B-SegmentedRaftLog:OPENED:c-1,f-1,i0, conf=-1: [7fae3aed-4e76-4283-a599-f93f794625ab:192.168.34.21:41352, 58095e90-3010-492a-9083-43cf2e035c3f:192.168.34.21:45284, 9127dd83-037b-4d39-812f-66db56af525a:192.168.34.21:42063], old=null
2019-10-30 05:53:14,865 [9127dd83-037b-4d39-812f-66db56af525a@group-BCADF287A12B-LeaderElection105] INFO  impl.RaftServerImpl (RaftServerImpl.java:setRole(184)) - 9127dd83-037b-4d39-812f-66db56af525a@group-BCADF287A12B: changes role from CANDIDATE to FOLLOWER at term 114 for DISCOVERED_A_NEW_TERM
2019-10-30 05:53:14,865 [9127dd83-037b-4d39-812f-66db56af525a@group-BCADF287A12B-LeaderElection105] INFO  impl.RoleInfo (RoleInfo.java:shutdownLeaderElection(134)) - 9127dd83-037b-4d39-812f-66db56af525a: shutdown LeaderElection
2019-10-30 05:53:14,866 [9127dd83-037b-4d39-812f-66db56af525a@group-BCADF287A12B-LeaderElection105] INFO  impl.RoleInfo (RoleInfo.java:updateAndGet(143)) - 9127dd83-037b-4d39-812f-66db56af525a: start FollowerState
2019-10-30 05:53:14,953 [Thread-922] INFO  impl.FollowerState (FollowerState.java:run(108)) - 9127dd83-037b-4d39-812f-66db56af525a@group-BCADF287A12B-FollowerState: change to CANDIDATE, lastRpcTime:87ms, electionTimeout:87ms
2019-10-30 05:53:14,953 [Thread-922] INFO  impl.RoleInfo (RoleInfo.java:shutdownFollowerState(121)) - 9127dd83-037b-4d39-812f-66db56af525a: shutdown FollowerState
2019-10-30 05:53:14,953 [Thread-922] INFO  impl.RaftServerImpl (RaftServerImpl.java:setRole(184)) - 9127dd83-037b-4d39-812f-66db56af525a@group-BCADF287A12B: changes role from  FOLLOWER to CANDIDATE at term 114 for changeToCandidate
2019-10-30 05:53:14,954 [Thread-922] INFO  impl.RoleInfo (RoleInfo.java:updateAndGet(143)) - 9127dd83-037b-4d39-812f-66db56af525a: start LeaderElection
2019-10-30 05:53:14,968 [9127dd83-037b-4d39-812f-66db56af525a@group-BCADF287A12B-LeaderElection106] INFO  impl.LeaderElection (LeaderElection.java:askForVotes(178)) - 9127dd83-037b-4d39-812f-66db56af525a@group-BCADF287A12B-LeaderElection106: begin an election at term 115 for -1: [7fae3aed-4e76-4283-a599-f93f794625ab:192.168.34.21:41352, 58095e90-3010-492a-9083-43cf2e035c3f:192.168.34.21:45284, 9127dd83-037b-4d39-812f-66db56af525a:192.168.34.21:42063], old=null
2019-10-30 05:53:14,973 [grpc-default-executor-2] INFO  impl.RaftServerImpl (RaftServerImpl.java:setRole(184)) - 7fae3aed-4e76-4283-a599-f93f794625ab@group-BCADF287A12B: changes role from  FOLLOWER to FOLLOWER at term 115 for recognizeCandidate:9127dd83-037b-4d39-812f-66db56af525a
2019-10-30 05:53:14,973 [grpc-default-executor-0] INFO  impl.RaftServerImpl (RaftServerImpl.java:setRole(184)) - 58095e90-3010-492a-9083-43cf2e035c3f@group-BCADF287A12B: changes role from  FOLLOWER to FOLLOWER at term 115 for recognizeCandidate:9127dd83-037b-4d39-812f-66db56af525a
2019-10-30 05:53:14,973 [grpc-default-executor-2] INFO  impl.RoleInfo (RoleInfo.java:shutdownFollowerState(121)) - 7fae3aed-4e76-4283-a599-f93f794625ab: shutdown FollowerState
2019-10-30 05:53:14,973 [grpc-default-executor-0] INFO  impl.RoleInfo (RoleInfo.java:shutdownFollowerState(121)) - 58095e90-3010-492a-9083-43cf2e035c3f: shutdown FollowerState
2019-10-30 05:53:14,973 [grpc-default-executor-2] INFO  impl.RoleInfo (RoleInfo.java:updateAndGet(143)) - 7fae3aed-4e76-4283-a599-f93f794625ab: start FollowerState
2019-10-30 05:53:14,973 [grpc-default-executor-0] INFO  impl.RoleInfo (RoleInfo.java:updateAndGet(143)) - 58095e90-3010-492a-9083-43cf2e035c3f: start FollowerState
2019-10-30 05:53:14,974 [Thread-921] INFO  impl.FollowerState (FollowerState.java:run(117)) - 58095e90-3010-492a-9083-43cf2e035c3f@group-BCADF287A12B-FollowerState was interrupted: java.lang.InterruptedException: sleep interrupted
2019-10-30 05:53:14,974 [Thread-920] INFO  impl.FollowerState (FollowerState.java:run(117)) - 7fae3aed-4e76-4283-a599-f93f794625ab@group-BCADF287A12B-FollowerState was interrupted: java.lang.InterruptedException: sleep interrupted
2019-10-30 05:53:14,988 [9127dd83-037b-4d39-812f-66db56af525a@group-BCADF287A12B-LeaderElection106] INFO  impl.LeaderElection (LeaderElection.java:logAndReturn(56)) - 9127dd83-037b-4d39-812f-66db56af525a@group-BCADF287A12B-LeaderElection106: Election REJECTED; received 2 response(s) [9127dd83-037b-4d39-812f-66db56af525a<-7fae3aed-4e76-4283-a599-f93f794625ab#0:FAIL-t115, 9127dd83-037b-4d39-812f-66db56af525a<-58095e90-3010-492a-9083-43cf2e035c3f#0:FAIL-t115] and 0 exception(s); 9127dd83-037b-4d39-812f-66db56af525a@group-BCADF287A12B:t115, leader=null, voted=9127dd83-037b-4d39-812f-66db56af525a, raftlog=9127dd83-037b-4d39-812f-66db56af525a@group-BCADF287A12B-SegmentedRaftLog:OPENED:c-1,f-1,i0, conf=-1: [7fae3aed-4e76-4283-a599-f93f794625ab:192.168.34.21:41352, 58095e90-3010-492a-9083-43cf2e035c3f:192.168.34.21:45284, 9127dd83-037b-4d39-812f-66db56af525a:192.168.34.21:42063], old=null
2019-10-30 05:53:14,989 [9127dd83-037b-4d39-812f-66db56af525a@group-BCADF287A12B-LeaderElection106] INFO  impl.RaftServerImpl (RaftServerImpl.java:setRole(184)) - 9127dd83-037b-4d39-812f-66db56af525a@group-BCADF287A12B: changes role from CANDIDATE to FOLLOWER at term 115 for DISCOVERED_A_NEW_TERM
2019-10-30 05:53:14,989 [9127dd83-037b-4d39-812f-66db56af525a@group-BCADF287A12B-LeaderElection106] INFO  impl.RoleInfo (RoleInfo.java:shutdownLeaderElection(134)) - 9127dd83-037b-4d39-812f-66db56af525a: shutdown LeaderElection
2019-10-30 05:53:14,991 [9127dd83-037b-4d39-812f-66db56af525a@group-BCADF287A12B-LeaderElection106] INFO  impl.RoleInfo (RoleInfo.java:updateAndGet(143)) - 9127dd83-037b-4d39-812f-66db56af525a: start FollowerState
2019-10-30 05:53:15,042 [Thread-928] INFO  impl.FollowerState (FollowerState.java:run(108)) - 9127dd83-037b-4d39-812f-66db56af525a@group-BCADF287A12B-FollowerState: change to CANDIDATE, lastRpcTime:51ms, electionTimeout:51ms
2019-10-30 05:53:15,043 [Thread-928] INFO  impl.RoleInfo (RoleInfo.java:shutdownFollowerState(121)) - 9127dd83-037b-4d39-812f-66db56af525a: shutdown FollowerState
2019-10-30 05:53:15,043 [Thread-928] INFO  impl.RaftServerImpl (RaftServerImpl.java:setRole(184)) - 9127dd83-037b-4d39-812f-66db56af525a@group-BCADF287A12B: changes role from  FOLLOWER to CANDIDATE at term 115 for changeToCandidate
2019-10-30 05:53:15,043 [Thread-928] INFO  impl.RoleInfo (RoleInfo.java:updateAndGet(143)) - 9127dd83-037b-4d39-812f-66db56af525a: start LeaderElection
2019-10-30 05:53:15,047 [9127dd83-037b-4d39-812f-66db56af525a@group-BCADF287A12B-LeaderElection107] INFO  impl.LeaderElection (LeaderElection.java:askForVotes(178)) - 9127dd83-037b-4d39-812f-66db56af525a@group-BCADF287A12B-LeaderElection107: begin an election at term 116 for -1: [7fae3aed-4e76-4283-a599-f93f794625ab:192.168.34.21:41352, 58095e90-3010-492a-9083-43cf2e035c3f:192.168.34.21:45284, 9127dd83-037b-4d39-812f-66db56af525a:192.168.34.21:42063], old=null
2019-10-30 05:53:15,051 [grpc-default-executor-2] INFO  impl.RaftServerImpl (RaftServerImpl.java:setRole(184)) - 58095e90-3010-492a-9083-43cf2e035c3f@group-BCADF287A12B: changes role from  FOLLOWER to FOLLOWER at term 116 for recognizeCandidate:9127dd83-037b-4d39-812f-66db56af525a
2019-10-30 05:53:15,051 [grpc-default-executor-0] INFO  impl.RaftServerImpl (RaftServerImpl.java:setRole(184)) - 7fae3aed-4e76-4283-a599-f93f794625ab@group-BCADF287A12B: changes role from  FOLLOWER to FOLLOWER at term 116 for recognizeCandidate:9127dd83-037b-4d39-812f-66db56af525a
2019-10-30 05:53:15,051 [grpc-default-executor-2] INFO  impl.RoleInfo (RoleInfo.java:shutdownFollowerState(121)) - 58095e90-3010-492a-9083-43cf2e035c3f: shutdown FollowerState
2019-10-30 05:53:15,051 [grpc-default-executor-0] INFO  impl.RoleInfo (RoleInfo.java:shutdownFollowerState(121)) - 7fae3aed-4e76-4283-a599-f93f794625ab: shutdown FollowerState
2019-10-30 05:53:15,051 [Thread-927] INFO  impl.FollowerState (FollowerState.java:run(117)) - 58095e90-3010-492a-9083-43cf2e035c3f@group-BCADF287A12B-FollowerState was interrupted: java.lang.InterruptedException: sleep interrupted
2019-10-30 05:53:15,051 [grpc-default-executor-2] INFO  impl.RoleInfo (RoleInfo.java:updateAndGet(143)) - 58095e90-3010-492a-9083-43cf2e035c3f: start FollowerState
2019-10-30 05:53:15,051 [grpc-default-executor-0] INFO  impl.RoleInfo (RoleInfo.java:updateAndGet(143)) - 7fae3aed-4e76-4283-a599-f93f794625ab: start FollowerState
2019-10-30 05:53:15,051 [Thread-926] INFO  impl.FollowerState (FollowerState.java:run(117)) - 7fae3aed-4e76-4283-a599-f93f794625ab@group-BCADF287A12B-FollowerState was interrupted: java.lang.InterruptedException: sleep interrupted
2019-10-30 05:53:15,068 [9127dd83-037b-4d39-812f-66db56af525a@group-BCADF287A12B-LeaderElection107] INFO  impl.LeaderElection (LeaderElection.java:logAndReturn(56)) - 9127dd83-037b-4d39-812f-66db56af525a@group-BCADF287A12B-LeaderElection107: Election REJECTED; received 2 response(s) [9127dd83-037b-4d39-812f-66db56af525a<-7fae3aed-4e76-4283-a599-f93f794625ab#0:FAIL-t116, 9127dd83-037b-4d39-812f-66db56af525a<-58095e90-3010-492a-9083-43cf2e035c3f#0:FAIL-t116] and 0 exception(s); 9127dd83-037b-4d39-812f-66db56af525a@group-BCADF287A12B:t116, leader=null, voted=9127dd83-037b-4d39-812f-66db56af525a, raftlog=9127dd83-037b-4d39-812f-66db56af525a@group-BCADF287A12B-SegmentedRaftLog:OPENED:c-1,f-1,i0, conf=-1: [7fae3aed-4e76-4283-a599-f93f794625ab:192.168.34.21:41352, 58095e90-3010-492a-9083-43cf2e035c3f:192.168.34.21:45284, 9127dd83-037b-4d39-812f-66db56af525a:192.168.34.21:42063], old=null
2019-10-30 05:53:15,068 [9127dd83-037b-4d39-812f-66db56af525a@group-BCADF287A12B-LeaderElection107] INFO  impl.RaftServerImpl (RaftServerImpl.java:setRole(184)) - 9127dd83-037b-4d39-812f-66db56af525a@group-BCADF287A12B: changes role from CANDIDATE to FOLLOWER at term 116 for DISCOVERED_A_NEW_TERM
2019-10-30 05:53:15,069 [9127dd83-037b-4d39-812f-66db56af525a@group-BCADF287A12B-LeaderElection107] INFO  impl.RoleInfo (RoleInfo.java:shutdownLeaderElection(134)) - 9127dd83-037b-4d39-812f-66db56af525a: shutdown LeaderElection
2019-10-30 05:53:15,069 [9127dd83-037b-4d39-812f-66db56af525a@group-BCADF287A12B-LeaderElection107] INFO  impl.RoleInfo (RoleInfo.java:updateAndGet(143)) - 9127dd83-037b-4d39-812f-66db56af525a: start FollowerState
2019-10-30 05:53:15,202 [Thread-936] INFO  impl.FollowerState (FollowerState.java:run(108)) - 9127dd83-037b-4d39-812f-66db56af525a@group-BCADF287A12B-FollowerState: change to CANDIDATE, lastRpcTime:133ms, electionTimeout:133ms
2019-10-30 05:53:15,203 [Thread-936] INFO  impl.RoleInfo (RoleInfo.java:shutdownFollowerState(121)) - 9127dd83-037b-4d39-812f-66db56af525a: shutdown FollowerState
2019-10-30 05:53:15,203 [Thread-936] INFO  impl.RaftServerImpl (RaftServerImpl.java:setRole(184)) - 9127dd83-037b-4d39-812f-66db56af525a@group-BCADF287A12B: changes role from  FOLLOWER to CANDIDATE at term 116 for changeToCandidate
2019-10-30 05:53:15,203 [Thread-936] INFO  impl.RoleInfo (RoleInfo.java:updateAndGet(143)) - 9127dd83-037b-4d39-812f-66db56af525a: start LeaderElection
2019-10-30 05:53:15,217 [9127dd83-037b-4d39-812f-66db56af525a@group-BCADF287A12B-LeaderElection108] INFO  impl.LeaderElection (LeaderElection.java:askForVotes(178)) - 9127dd83-037b-4d39-812f-66db56af525a@group-BCADF287A12B-LeaderElection108: begin an election at term 117 for -1: [7fae3aed-4e76-4283-a599-f93f794625ab:192.168.34.21:41352, 58095e90-3010-492a-9083-43cf2e035c3f:192.168.34.21:45284, 9127dd83-037b-4d39-812f-66db56af525a:192.168.34.21:42063], old=null
2019-10-30 05:53:15,220 [grpc-default-executor-0] INFO  impl.RaftServerImpl (RaftServerImpl.java:setRole(184)) - 58095e90-3010-492a-9083-43cf2e035c3f@group-BCADF287A12B: changes role from  FOLLOWER to FOLLOWER at term 117 for recognizeCandidate:9127dd83-037b-4d39-812f-66db56af525a
2019-10-30 05:53:15,220 [grpc-default-executor-2] INFO  impl.RaftServerImpl (RaftServerImpl.java:setRole(184)) - 7fae3aed-4e76-4283-a599-f93f794625ab@group-BCADF287A12B: changes role from  FOLLOWER to FOLLOWER at term 117 for recognizeCandidate:9127dd83-037b-4d39-812f-66db56af525a
2019-10-30 05:53:15,220 [grpc-default-executor-2] INFO  impl.RoleInfo (RoleInfo.java:shutdownFollowerState(121)) - 7fae3aed-4e76-4283-a599-f93f794625ab: shutdown FollowerState
2019-10-30 05:53:15,220 [grpc-default-executor-0] INFO  impl.RoleInfo (RoleInfo.java:shutdownFollowerState(121)) - 58095e90-3010-492a-9083-43cf2e035c3f: shutdown FollowerState
2019-10-30 05:53:15,220 [grpc-default-executor-2] INFO  impl.RoleInfo (RoleInfo.java:updateAndGet(143)) - 7fae3aed-4e76-4283-a599-f93f794625ab: start FollowerState
2019-10-30 05:53:15,220 [Thread-935] INFO  impl.FollowerState (FollowerState.java:run(117)) - 7fae3aed-4e76-4283-a599-f93f794625ab@group-BCADF287A12B-FollowerState was interrupted: java.lang.InterruptedException: sleep interrupted
2019-10-30 05:53:15,220 [Thread-934] INFO  impl.FollowerState (FollowerState.java:run(117)) - 58095e90-3010-492a-9083-43cf2e035c3f@group-BCADF287A12B-FollowerState was interrupted: java.lang.InterruptedException: sleep interrupted
2019-10-30 05:53:15,220 [grpc-default-executor-0] INFO  impl.RoleInfo (RoleInfo.java:updateAndGet(143)) - 58095e90-3010-492a-9083-43cf2e035c3f: start FollowerState
2019-10-30 05:53:15,236 [9127dd83-037b-4d39-812f-66db56af525a@group-BCADF287A12B-LeaderElection108] INFO  impl.LeaderElection (LeaderElection.java:logAndReturn(56)) - 9127dd83-037b-4d39-812f-66db56af525a@group-BCADF287A12B-LeaderElection108: Election REJECTED; received 2 response(s) [9127dd83-037b-4d39-812f-66db56af525a<-7fae3aed-4e76-4283-a599-f93f794625ab#0:FAIL-t117, 9127dd83-037b-4d39-812f-66db56af525a<-58095e90-3010-492a-9083-43cf2e035c3f#0:FAIL-t117] and 0 exception(s); 9127dd83-037b-4d39-812f-66db56af525a@group-BCADF287A12B:t117, leader=null, voted=9127dd83-037b-4d39-812f-66db56af525a, raftlog=9127dd83-037b-4d39-812f-66db56af525a@group-BCADF287A12B-SegmentedRaftLog:OPENED:c-1,f-1,i0, conf=-1: [7fae3aed-4e76-4283-a599-f93f794625ab:192.168.34.21:41352, 58095e90-3010-492a-9083-43cf2e035c3f:192.168.34.21:45284, 9127dd83-037b-4d39-812f-66db56af525a:192.168.34.21:42063], old=null
2019-10-30 05:53:15,236 [9127dd83-037b-4d39-812f-66db56af525a@group-BCADF287A12B-LeaderElection108] INFO  impl.RaftServerImpl (RaftServerImpl.java:setRole(184)) - 9127dd83-037b-4d39-812f-66db56af525a@group-BCADF287A12B: changes role from CANDIDATE to FOLLOWER at term 117 for DISCOVERED_A_NEW_TERM
2019-10-30 05:53:15,236 [9127dd83-037b-4d39-812f-66db56af525a@group-BCADF287A12B-LeaderElection108] INFO  impl.RoleInfo (RoleInfo.java:shutdownLeaderElection(134)) - 9127dd83-037b-4d39-812f-66db56af525a: shutdown LeaderElection
2019-10-30 05:53:15,236 [9127dd83-037b-4d39-812f-66db56af525a@group-BCADF287A12B-LeaderElection108] INFO  impl.RoleInfo (RoleInfo.java:updateAndGet(143)) - 9127dd83-037b-4d39-812f-66db56af525a: start FollowerState
2019-10-30 05:53:15,408 [Thread-942] INFO  impl.FollowerState (FollowerState.java:run(108)) - 9127dd83-037b-4d39-812f-66db56af525a@group-BCADF287A12B-FollowerState: change to CANDIDATE, lastRpcTime:171ms, electionTimeout:171ms
2019-10-30 05:53:15,408 [Thread-942] INFO  impl.RoleInfo (RoleInfo.java:shutdownFollowerState(121)) - 9127dd83-037b-4d39-812f-66db56af525a: shutdown FollowerState
2019-10-30 05:53:15,408 [Thread-942] INFO  impl.RaftServerImpl (RaftServerImpl.java:setRole(184)) - 9127dd83-037b-4d39-812f-66db56af525a@group-BCADF287A12B: changes role from  FOLLOWER to CANDIDATE at term 117 for changeToCandidate
2019-10-30 05:53:15,408 [Thread-942] INFO  impl.RoleInfo (RoleInfo.java:updateAndGet(143)) - 9127dd83-037b-4d39-812f-66db56af525a: start LeaderElection
2019-10-30 05:53:15,412 [9127dd83-037b-4d39-812f-66db56af525a@group-BCADF287A12B-LeaderElection109] INFO  impl.LeaderElection (LeaderElection.java:askForVotes(178)) - 9127dd83-037b-4d39-812f-66db56af525a@group-BCADF287A12B-LeaderElection109: begin an election at term 118 for -1: [7fae3aed-4e76-4283-a599-f93f794625ab:192.168.34.21:41352, 58095e90-3010-492a-9083-43cf2e035c3f:192.168.34.21:45284, 9127dd83-037b-4d39-812f-66db56af525a:192.168.34.21:42063], old=null
2019-10-30 05:53:15,415 [grpc-default-executor-0] INFO  impl.RaftServerImpl (RaftServerImpl.java:setRole(184)) - 7fae3aed-4e76-4283-a599-f93f794625ab@group-BCADF287A12B: changes role from  FOLLOWER to FOLLOWER at term 118 for recognizeCandidate:9127dd83-037b-4d39-812f-66db56af525a
2019-10-30 05:53:15,416 [grpc-default-executor-0] INFO  impl.RoleInfo (RoleInfo.java:shutdownFollowerState(121)) - 7fae3aed-4e76-4283-a599-f93f794625ab: shutdown FollowerState
2019-10-30 05:53:15,416 [grpc-default-executor-0] INFO  impl.RoleInfo (RoleInfo.java:updateAndGet(143)) - 7fae3aed-4e76-4283-a599-f93f794625ab: start FollowerState
2019-10-30 05:53:15,416 [Thread-940] INFO  impl.FollowerState (FollowerState.java:run(117)) - 7fae3aed-4e76-4283-a599-f93f794625ab@group-BCADF287A12B-FollowerState was interrupted: java.lang.InterruptedException: sleep interrupted
2019-10-30 05:53:15,417 [grpc-default-executor-2] INFO  impl.RaftServerImpl (RaftServerImpl.java:setRole(184)) - 58095e90-3010-492a-9083-43cf2e035c3f@group-BCADF287A12B: changes role from  FOLLOWER to FOLLOWER at term 118 for recognizeCandidate:9127dd83-037b-4d39-812f-66db56af525a
2019-10-30 05:53:15,418 [grpc-default-executor-2] INFO  impl.RoleInfo (RoleInfo.java:shutdownFollowerState(121)) - 58095e90-3010-492a-9083-43cf2e035c3f: shutdown FollowerState
2019-10-30 05:53:15,418 [grpc-default-executor-2] INFO  impl.RoleInfo (RoleInfo.java:updateAndGet(143)) - 58095e90-3010-492a-9083-43cf2e035c3f: start FollowerState
2019-10-30 05:53:15,418 [Thread-941] INFO  impl.FollowerState (FollowerState.java:run(117)) - 58095e90-3010-492a-9083-43cf2e035c3f@group-BCADF287A12B-FollowerState was interrupted: java.lang.InterruptedException: sleep interrupted
2019-10-30 05:53:15,425 [9127dd83-037b-4d39-812f-66db56af525a@group-BCADF287A12B-LeaderElection109] INFO  impl.LeaderElection (LeaderElection.java:logAndReturn(56)) - 9127dd83-037b-4d39-812f-66db56af525a@group-BCADF287A12B-LeaderElection109: Election TIMEOUT; received 0 response(s) [] and 0 exception(s); 9127dd83-037b-4d39-812f-66db56af525a@group-BCADF287A12B:t118, leader=null, voted=9127dd83-037b-4d39-812f-66db56af525a, raftlog=9127dd83-037b-4d39-812f-66db56af525a@group-BCADF287A12B-SegmentedRaftLog:OPENED:c-1,f-1,i0, conf=-1: [7fae3aed-4e76-4283-a599-f93f794625ab:192.168.34.21:41352, 58095e90-3010-492a-9083-43cf2e035c3f:192.168.34.21:45284, 9127dd83-037b-4d39-812f-66db56af525a:192.168.34.21:42063], old=null
2019-10-30 05:53:15,432 [9127dd83-037b-4d39-812f-66db56af525a@group-BCADF287A12B-LeaderElection109] INFO  impl.LeaderElection (LeaderElection.java:askForVotes(178)) - 9127dd83-037b-4d39-812f-66db56af525a@group-BCADF287A12B-LeaderElection109: begin an election at term 119 for -1: [7fae3aed-4e76-4283-a599-f93f794625ab:192.168.34.21:41352, 58095e90-3010-492a-9083-43cf2e035c3f:192.168.34.21:45284, 9127dd83-037b-4d39-812f-66db56af525a:192.168.34.21:42063], old=null
2019-10-30 05:53:15,434 [grpc-default-executor-0] INFO  impl.RaftServerImpl (RaftServerImpl.java:setRole(184)) - 7fae3aed-4e76-4283-a599-f93f794625ab@group-BCADF287A12B: changes role from  FOLLOWER to FOLLOWER at term 119 for recognizeCandidate:9127dd83-037b-4d39-812f-66db56af525a
2019-10-30 05:53:15,434 [grpc-default-executor-0] INFO  impl.RoleInfo (RoleInfo.java:shutdownFollowerState(121)) - 7fae3aed-4e76-4283-a599-f93f794625ab: shutdown FollowerState
2019-10-30 05:53:15,434 [grpc-default-executor-2] INFO  impl.RaftServerImpl (RaftServerImpl.java:setRole(184)) - 58095e90-3010-492a-9083-43cf2e035c3f@group-BCADF287A12B: changes role from  FOLLOWER to FOLLOWER at term 119 for recognizeCandidate:9127dd83-037b-4d39-812f-66db56af525a
2019-10-30 05:53:15,434 [Thread-946] INFO  impl.FollowerState (FollowerState.java:run(117)) - 7fae3aed-4e76-4283-a599-f93f794625ab@group-BCADF287A12B-FollowerState was interrupted: java.lang.InterruptedException: sleep interrupted
2019-10-30 05:53:15,434 [grpc-default-executor-0] INFO  impl.RoleInfo (RoleInfo.java:updateAndGet(143)) - 7fae3aed-4e76-4283-a599-f93f794625ab: start FollowerState
2019-10-30 05:53:15,434 [grpc-default-executor-2] INFO  impl.RoleInfo (RoleInfo.java:shutdownFollowerState(121)) - 58095e90-3010-492a-9083-43cf2e035c3f: shutdown FollowerState
2019-10-30 05:53:15,436 [grpc-default-executor-2] INFO  impl.RoleInfo (RoleInfo.java:updateAndGet(143)) - 58095e90-3010-492a-9083-43cf2e035c3f: start FollowerState
2019-10-30 05:53:15,437 [Thread-947] INFO  impl.FollowerState (FollowerState.java:run(117)) - 58095e90-3010-492a-9083-43cf2e035c3f@group-BCADF287A12B-FollowerState was interrupted: java.lang.InterruptedException: sleep interrupted
2019-10-30 05:53:15,444 [9127dd83-037b-4d39-812f-66db56af525a@group-BCADF287A12B-LeaderElection109] INFO  impl.LeaderElection (LeaderElection.java:logAndReturn(56)) - 9127dd83-037b-4d39-812f-66db56af525a@group-BCADF287A12B-LeaderElection109: Election REJECTED; received 2 response(s) [9127dd83-037b-4d39-812f-66db56af525a<-7fae3aed-4e76-4283-a599-f93f794625ab#0:FAIL-t119, 9127dd83-037b-4d39-812f-66db56af525a<-58095e90-3010-492a-9083-43cf2e035c3f#0:FAIL-t119] and 0 exception(s); 9127dd83-037b-4d39-812f-66db56af525a@group-BCADF287A12B:t119, leader=null, voted=9127dd83-037b-4d39-812f-66db56af525a, raftlog=9127dd83-037b-4d39-812f-66db56af525a@group-BCADF287A12B-SegmentedRaftLog:OPENED:c-1,f-1,i0, conf=-1: [7fae3aed-4e76-4283-a599-f93f794625ab:192.168.34.21:41352, 58095e90-3010-492a-9083-43cf2e035c3f:192.168.34.21:45284, 9127dd83-037b-4d39-812f-66db56af525a:192.168.34.21:42063], old=null
2019-10-30 05:53:15,445 [9127dd83-037b-4d39-812f-66db56af525a@group-BCADF287A12B-LeaderElection109] INFO  impl.RaftServerImpl (RaftServerImpl.java:setRole(184)) - 9127dd83-037b-4d39-812f-66db56af525a@group-BCADF287A12B: changes role from CANDIDATE to FOLLOWER at term 119 for DISCOVERED_A_NEW_TERM
2019-10-30 05:53:15,445 [9127dd83-037b-4d39-812f-66db56af525a@group-BCADF287A12B-LeaderElection109] INFO  impl.RoleInfo (RoleInfo.java:shutdownLeaderElection(134)) - 9127dd83-037b-4d39-812f-66db56af525a: shutdown LeaderElection
2019-10-30 05:53:15,445 [9127dd83-037b-4d39-812f-66db56af525a@group-BCADF287A12B-LeaderElection109] INFO  impl.RoleInfo (RoleInfo.java:updateAndGet(143)) - 9127dd83-037b-4d39-812f-66db56af525a: start FollowerState
2019-10-30 05:53:15,624 [Thread-952] INFO  impl.FollowerState (FollowerState.java:run(108)) - 9127dd83-037b-4d39-812f-66db56af525a@group-BCADF287A12B-FollowerState: change to CANDIDATE, lastRpcTime:179ms, electionTimeout:179ms
2019-10-30 05:53:15,625 [Thread-952] INFO  impl.RoleInfo (RoleInfo.java:shutdownFollowerState(121)) - 9127dd83-037b-4d39-812f-66db56af525a: shutdown FollowerState
2019-10-30 05:53:15,625 [Thread-952] INFO  impl.RaftServerImpl (RaftServerImpl.java:setRole(184)) - 9127dd83-037b-4d39-812f-66db56af525a@group-BCADF287A12B: changes role from  FOLLOWER to CANDIDATE at term 119 for changeToCandidate
2019-10-30 05:53:15,625 [Thread-952] INFO  impl.RoleInfo (RoleInfo.java:updateAndGet(143)) - 9127dd83-037b-4d39-812f-66db56af525a: start LeaderElection
2019-10-30 05:53:15,638 [9127dd83-037b-4d39-812f-66db56af525a@group-BCADF287A12B-LeaderElection110] INFO  impl.LeaderElection (LeaderElection.java:askForVotes(178)) - 9127dd83-037b-4d39-812f-66db56af525a@group-BCADF287A12B-LeaderElection110: begin an election at term 120 for -1: [7fae3aed-4e76-4283-a599-f93f794625ab:192.168.34.21:41352, 58095e90-3010-492a-9083-43cf2e035c3f:192.168.34.21:45284, 9127dd83-037b-4d39-812f-66db56af525a:192.168.34.21:42063], old=null
2019-10-30 05:53:15,641 [grpc-default-executor-2] INFO  impl.RaftServerImpl (RaftServerImpl.java:setRole(184)) - 58095e90-3010-492a-9083-43cf2e035c3f@group-BCADF287A12B: changes role from  FOLLOWER to FOLLOWER at term 120 for recognizeCandidate:9127dd83-037b-4d39-812f-66db56af525a
2019-10-30 05:53:15,641 [grpc-default-executor-2] INFO  impl.RoleInfo (RoleInfo.java:shutdownFollowerState(121)) - 58095e90-3010-492a-9083-43cf2e035c3f: shutdown FollowerState
2019-10-30 05:53:15,641 [grpc-default-executor-2] INFO  impl.RoleInfo (RoleInfo.java:updateAndGet(143)) - 58095e90-3010-492a-9083-43cf2e035c3f: start FollowerState
2019-10-30 05:53:15,641 [Thread-951] INFO  impl.FollowerState (FollowerState.java:run(117)) - 58095e90-3010-492a-9083-43cf2e035c3f@group-BCADF287A12B-FollowerState was interrupted: java.lang.InterruptedException: sleep interrupted
2019-10-30 05:53:15,642 [grpc-default-executor-0] INFO  impl.RaftServerImpl (RaftServerImpl.java:setRole(184)) - 7fae3aed-4e76-4283-a599-f93f794625ab@group-BCADF287A12B: changes role from  FOLLOWER to FOLLOWER at term 120 for recognizeCandidate:9127dd83-037b-4d39-812f-66db56af525a
2019-10-30 05:53:15,642 [grpc-default-executor-0] INFO  impl.RoleInfo (RoleInfo.java:shutdownFollowerState(121)) - 7fae3aed-4e76-4283-a599-f93f794625ab: shutdown FollowerState
2019-10-30 05:53:15,642 [grpc-default-executor-0] INFO  impl.RoleInfo (RoleInfo.java:updateAndGet(143)) - 7fae3aed-4e76-4283-a599-f93f794625ab: start FollowerState
2019-10-30 05:53:15,643 [Thread-950] INFO  impl.FollowerState (FollowerState.java:run(117)) - 7fae3aed-4e76-4283-a599-f93f794625ab@group-BCADF287A12B-FollowerState was interrupted: java.lang.InterruptedException: sleep interrupted
2019-10-30 05:53:15,647 [9127dd83-037b-4d39-812f-66db56af525a@group-BCADF287A12B-LeaderElection110] INFO  impl.LeaderElection (LeaderElection.java:logAndReturn(56)) - 9127dd83-037b-4d39-812f-66db56af525a@group-BCADF287A12B-LeaderElection110: Election TIMEOUT; received 0 response(s) [] and 0 exception(s); 9127dd83-037b-4d39-812f-66db56af525a@group-BCADF287A12B:t120, leader=null, voted=9127dd83-037b-4d39-812f-66db56af525a, raftlog=9127dd83-037b-4d39-812f-66db56af525a@group-BCADF287A12B-SegmentedRaftLog:OPENED:c-1,f-1,i0, conf=-1: [7fae3aed-4e76-4283-a599-f93f794625ab:192.168.34.21:41352, 58095e90-3010-492a-9083-43cf2e035c3f:192.168.34.21:45284, 9127dd83-037b-4d39-812f-66db56af525a:192.168.34.21:42063], old=null
2019-10-30 05:53:15,667 [9127dd83-037b-4d39-812f-66db56af525a@group-BCADF287A12B-LeaderElection110] INFO  impl.LeaderElection (LeaderElection.java:askForVotes(178)) - 9127dd83-037b-4d39-812f-66db56af525a@group-BCADF287A12B-LeaderElection110: begin an election at term 121 for -1: [7fae3aed-4e76-4283-a599-f93f794625ab:192.168.34.21:41352, 58095e90-3010-492a-9083-43cf2e035c3f:192.168.34.21:45284, 9127dd83-037b-4d39-812f-66db56af525a:192.168.34.21:42063], old=null
2019-10-30 05:53:15,669 [grpc-default-executor-0] INFO  impl.RaftServerImpl (RaftServerImpl.java:setRole(184)) - 7fae3aed-4e76-4283-a599-f93f794625ab@group-BCADF287A12B: changes role from  FOLLOWER to FOLLOWER at term 121 for recognizeCandidate:9127dd83-037b-4d39-812f-66db56af525a
2019-10-30 05:53:15,670 [grpc-default-executor-0] INFO  impl.RoleInfo (RoleInfo.java:shutdownFollowerState(121)) - 7fae3aed-4e76-4283-a599-f93f794625ab: shutdown FollowerState
2019-10-30 05:53:15,670 [grpc-default-executor-0] INFO  impl.RoleInfo (RoleInfo.java:updateAndGet(143)) - 7fae3aed-4e76-4283-a599-f93f794625ab: start FollowerState
2019-10-30 05:53:15,670 [Thread-957] INFO  impl.FollowerState (FollowerState.java:run(117)) - 7fae3aed-4e76-4283-a599-f93f794625ab@group-BCADF287A12B-FollowerState was interrupted: java.lang.InterruptedException: sleep interrupted
2019-10-30 05:53:15,670 [grpc-default-executor-2] INFO  impl.RaftServerImpl (RaftServerImpl.java:setRole(184)) - 58095e90-3010-492a-9083-43cf2e035c3f@group-BCADF287A12B: changes role from  FOLLOWER to FOLLOWER at term 121 for recognizeCandidate:9127dd83-037b-4d39-812f-66db56af525a
2019-10-30 05:53:15,671 [grpc-default-executor-2] INFO  impl.RoleInfo (RoleInfo.java:shutdownFollowerState(121)) - 58095e90-3010-492a-9083-43cf2e035c3f: shutdown FollowerState
2019-10-30 05:53:15,671 [Thread-956] INFO  impl.FollowerState (FollowerState.java:run(117)) - 58095e90-3010-492a-9083-43cf2e035c3f@group-BCADF287A12B-FollowerState was interrupted: java.lang.InterruptedException: sleep interrupted
2019-10-30 05:53:15,671 [grpc-default-executor-2] INFO  impl.RoleInfo (RoleInfo.java:updateAndGet(143)) - 58095e90-3010-492a-9083-43cf2e035c3f: start FollowerState
2019-10-30 05:53:15,686 [9127dd83-037b-4d39-812f-66db56af525a@group-BCADF287A12B-LeaderElection110] INFO  impl.LeaderElection (LeaderElection.java:logAndReturn(56)) - 9127dd83-037b-4d39-812f-66db56af525a@group-BCADF287A12B-LeaderElection110: Election REJECTED; received 2 response(s) [9127dd83-037b-4d39-812f-66db56af525a<-7fae3aed-4e76-4283-a599-f93f794625ab#0:FAIL-t121, 9127dd83-037b-4d39-812f-66db56af525a<-58095e90-3010-492a-9083-43cf2e035c3f#0:FAIL-t121] and 0 exception(s); 9127dd83-037b-4d39-812f-66db56af525a@group-BCADF287A12B:t121, leader=null, voted=9127dd83-037b-4d39-812f-66db56af525a, raftlog=9127dd83-037b-4d39-812f-66db56af525a@group-BCADF287A12B-SegmentedRaftLog:OPENED:c-1,f-1,i0, conf=-1: [7fae3aed-4e76-4283-a599-f93f794625ab:192.168.34.21:41352, 58095e90-3010-492a-9083-43cf2e035c3f:192.168.34.21:45284, 9127dd83-037b-4d39-812f-66db56af525a:192.168.34.21:42063], old=null
2019-10-30 05:53:15,686 [9127dd83-037b-4d39-812f-66db56af525a@group-BCADF287A12B-LeaderElection110] INFO  impl.RaftServerImpl (RaftServerImpl.java:setRole(184)) - 9127dd83-037b-4d39-812f-66db56af525a@group-BCADF287A12B: changes role from CANDIDATE to FOLLOWER at term 121 for DISCOVERED_A_NEW_TERM
2019-10-30 05:53:15,686 [9127dd83-037b-4d39-812f-66db56af525a@group-BCADF287A12B-LeaderElection110] INFO  impl.RoleInfo (RoleInfo.java:shutdownLeaderElection(134)) - 9127dd83-037b-4d39-812f-66db56af525a: shutdown LeaderElection
2019-10-30 05:53:15,686 [9127dd83-037b-4d39-812f-66db56af525a@group-BCADF287A12B-LeaderElection110] INFO  impl.RoleInfo (RoleInfo.java:updateAndGet(143)) - 9127dd83-037b-4d39-812f-66db56af525a: start FollowerState
2019-10-30 05:53:15,791 [Thread-962] INFO  impl.FollowerState (FollowerState.java:run(108)) - 9127dd83-037b-4d39-812f-66db56af525a@group-BCADF287A12B-FollowerState: change to CANDIDATE, lastRpcTime:105ms, electionTimeout:105ms
2019-10-30 05:53:15,792 [Thread-962] INFO  impl.RoleInfo (RoleInfo.java:shutdownFollowerState(121)) - 9127dd83-037b-4d39-812f-66db56af525a: shutdown FollowerState
2019-10-30 05:53:15,792 [Thread-962] INFO  impl.RaftServerImpl (RaftServerImpl.java:setRole(184)) - 9127dd83-037b-4d39-812f-66db56af525a@group-BCADF287A12B: changes role from  FOLLOWER to CANDIDATE at term 121 for changeToCandidate
2019-10-30 05:53:15,792 [Thread-962] INFO  impl.RoleInfo (RoleInfo.java:updateAndGet(143)) - 9127dd83-037b-4d39-812f-66db56af525a: start LeaderElection
2019-10-30 05:53:15,805 [9127dd83-037b-4d39-812f-66db56af525a@group-BCADF287A12B-LeaderElection111] INFO  impl.LeaderElection (LeaderElection.java:askForVotes(178)) - 9127dd83-037b-4d39-812f-66db56af525a@group-BCADF287A12B-LeaderElection111: begin an election at term 122 for -1: [7fae3aed-4e76-4283-a599-f93f794625ab:192.168.34.21:41352, 58095e90-3010-492a-9083-43cf2e035c3f:192.168.34.21:45284, 9127dd83-037b-4d39-812f-66db56af525a:192.168.34.21:42063], old=null
2019-10-30 05:53:15,809 [grpc-default-executor-2] INFO  impl.RaftServerImpl (RaftServerImpl.java:setRole(184)) - 7fae3aed-4e76-4283-a599-f93f794625ab@group-BCADF287A12B: changes role from  FOLLOWER to FOLLOWER at term 122 for recognizeCandidate:9127dd83-037b-4d39-812f-66db56af525a
2019-10-30 05:53:15,809 [grpc-default-executor-2] INFO  impl.RoleInfo (RoleInfo.java:shutdownFollowerState(121)) - 7fae3aed-4e76-4283-a599-f93f794625ab: shutdown FollowerState
2019-10-30 05:53:15,809 [grpc-default-executor-2] INFO  impl.RoleInfo (RoleInfo.java:updateAndGet(143)) - 7fae3aed-4e76-4283-a599-f93f794625ab: start FollowerState
2019-10-30 05:53:15,809 [Thread-960] INFO  impl.FollowerState (FollowerState.java:run(117)) - 7fae3aed-4e76-4283-a599-f93f794625ab@group-BCADF287A12B-FollowerState was interrupted: java.lang.InterruptedException: sleep interrupted
2019-10-30 05:53:15,810 [grpc-default-executor-0] INFO  impl.RaftServerImpl (RaftServerImpl.java:setRole(184)) - 58095e90-3010-492a-9083-43cf2e035c3f@group-BCADF287A12B: changes role from  FOLLOWER to FOLLOWER at term 122 for recognizeCandidate:9127dd83-037b-4d39-812f-66db56af525a
2019-10-30 05:53:15,810 [grpc-default-executor-0] INFO  impl.RoleInfo (RoleInfo.java:shutdownFollowerState(121)) - 58095e90-3010-492a-9083-43cf2e035c3f: shutdown FollowerState
2019-10-30 05:53:15,810 [grpc-default-executor-0] INFO  impl.RoleInfo (RoleInfo.java:updateAndGet(143)) - 58095e90-3010-492a-9083-43cf2e035c3f: start FollowerState
2019-10-30 05:53:15,811 [Thread-961] INFO  impl.FollowerState (FollowerState.java:run(117)) - 58095e90-3010-492a-9083-43cf2e035c3f@group-BCADF287A12B-FollowerState was interrupted: java.lang.InterruptedException: sleep interrupted
2019-10-30 05:53:15,832 [9127dd83-037b-4d39-812f-66db56af525a@group-BCADF287A12B-LeaderElection111] INFO  impl.LeaderElection (LeaderElection.java:logAndReturn(56)) - 9127dd83-037b-4d39-812f-66db56af525a@group-BCADF287A12B-LeaderElection111: Election REJECTED; received 2 response(s) [9127dd83-037b-4d39-812f-66db56af525a<-7fae3aed-4e76-4283-a599-f93f794625ab#0:FAIL-t122, 9127dd83-037b-4d39-812f-66db56af525a<-58095e90-3010-492a-9083-43cf2e035c3f#0:FAIL-t122] and 0 exception(s); 9127dd83-037b-4d39-812f-66db56af525a@group-BCADF287A12B:t122, leader=null, voted=9127dd83-037b-4d39-812f-66db56af525a, raftlog=9127dd83-037b-4d39-812f-66db56af525a@group-BCADF287A12B-SegmentedRaftLog:OPENED:c-1,f-1,i0, conf=-1: [7fae3aed-4e76-4283-a599-f93f794625ab:192.168.34.21:41352, 58095e90-3010-492a-9083-43cf2e035c3f:192.168.34.21:45284, 9127dd83-037b-4d39-812f-66db56af525a:192.168.34.21:42063], old=null
2019-10-30 05:53:15,832 [9127dd83-037b-4d39-812f-66db56af525a@group-BCADF287A12B-LeaderElection111] INFO  impl.RaftServerImpl (RaftServerImpl.java:setRole(184)) - 9127dd83-037b-4d39-812f-66db56af525a@group-BCADF287A12B: changes role from CANDIDATE to FOLLOWER at term 122 for DISCOVERED_A_NEW_TERM
2019-10-30 05:53:15,833 [9127dd83-037b-4d39-812f-66db56af525a@group-BCADF287A12B-LeaderElection111] INFO  impl.RoleInfo (RoleInfo.java:shutdownLeaderElection(134)) - 9127dd83-037b-4d39-812f-66db56af525a: shutdown LeaderElection
2019-10-30 05:53:15,833 [9127dd83-037b-4d39-812f-66db56af525a@group-BCADF287A12B-LeaderElection111] INFO  impl.RoleInfo (RoleInfo.java:updateAndGet(143)) - 9127dd83-037b-4d39-812f-66db56af525a: start FollowerState
2019-10-30 05:53:15,997 [Thread-968] INFO  impl.FollowerState (FollowerState.java:run(108)) - 9127dd83-037b-4d39-812f-66db56af525a@group-BCADF287A12B-FollowerState: change to CANDIDATE, lastRpcTime:164ms, electionTimeout:164ms
2019-10-30 05:53:15,997 [Thread-968] INFO  impl.RoleInfo (RoleInfo.java:shutdownFollowerState(121)) - 9127dd83-037b-4d39-812f-66db56af525a: shutdown FollowerState
2019-10-30 05:53:15,998 [Thread-968] INFO  impl.RaftServerImpl (RaftServerImpl.java:setRole(184)) - 9127dd83-037b-4d39-812f-66db56af525a@group-BCADF287A12B: changes role from  FOLLOWER to CANDIDATE at term 122 for changeToCandidate
2019-10-30 05:53:15,998 [Thread-968] INFO  impl.RoleInfo (RoleInfo.java:updateAndGet(143)) - 9127dd83-037b-4d39-812f-66db56af525a: start LeaderElection
2019-10-30 05:53:16,012 [9127dd83-037b-4d39-812f-66db56af525a@group-BCADF287A12B-LeaderElection112] INFO  impl.LeaderElection (LeaderElection.java:askForVotes(178)) - 9127dd83-037b-4d39-812f-66db56af525a@group-BCADF287A12B-LeaderElection112: begin an election at term 123 for -1: [7fae3aed-4e76-4283-a599-f93f794625ab:192.168.34.21:41352, 58095e90-3010-492a-9083-43cf2e035c3f:192.168.34.21:45284, 9127dd83-037b-4d39-812f-66db56af525a:192.168.34.21:42063], old=null
2019-10-30 05:53:16,016 [grpc-default-executor-0] INFO  impl.RaftServerImpl (RaftServerImpl.java:setRole(184)) - 58095e90-3010-492a-9083-43cf2e035c3f@group-BCADF287A12B: changes role from  FOLLOWER to FOLLOWER at term 123 for recognizeCandidate:9127dd83-037b-4d39-812f-66db56af525a
2019-10-30 05:53:16,016 [grpc-default-executor-0] INFO  impl.RoleInfo (RoleInfo.java:shutdownFollowerState(121)) - 58095e90-3010-492a-9083-43cf2e035c3f: shutdown FollowerState
2019-10-30 05:53:16,016 [grpc-default-executor-2] INFO  impl.RaftServerImpl (RaftServerImpl.java:setRole(184)) - 7fae3aed-4e76-4283-a599-f93f794625ab@group-BCADF287A12B: changes role from  FOLLOWER to FOLLOWER at term 123 for recognizeCandidate:9127dd83-037b-4d39-812f-66db56af525a
2019-10-30 05:53:16,017 [grpc-default-executor-0] INFO  impl.RoleInfo (RoleInfo.java:updateAndGet(143)) - 58095e90-3010-492a-9083-43cf2e035c3f: start FollowerState
2019-10-30 05:53:16,017 [Thread-967] INFO  impl.FollowerState (FollowerState.java:run(117)) - 58095e90-3010-492a-9083-43cf2e035c3f@group-BCADF287A12B-FollowerState was interrupted: java.lang.InterruptedException: sleep interrupted
2019-10-30 05:53:16,017 [grpc-default-executor-2] INFO  impl.RoleInfo (RoleInfo.java:shutdownFollowerState(121)) - 7fae3aed-4e76-4283-a599-f93f794625ab: shutdown FollowerState
2019-10-30 05:53:16,018 [grpc-default-executor-2] INFO  impl.RoleInfo (RoleInfo.java:updateAndGet(143)) - 7fae3aed-4e76-4283-a599-f93f794625ab: start FollowerState
2019-10-30 05:53:16,018 [Thread-966] INFO  impl.FollowerState (FollowerState.java:run(117)) - 7fae3aed-4e76-4283-a599-f93f794625ab@group-BCADF287A12B-FollowerState was interrupted: java.lang.InterruptedException: sleep interrupted
2019-10-30 05:53:16,032 [9127dd83-037b-4d39-812f-66db56af525a@group-BCADF287A12B-LeaderElection112] INFO  impl.LeaderElection (LeaderElection.java:logAndReturn(56)) - 9127dd83-037b-4d39-812f-66db56af525a@group-BCADF287A12B-LeaderElection112: Election REJECTED; received 2 response(s) [9127dd83-037b-4d39-812f-66db56af525a<-7fae3aed-4e76-4283-a599-f93f794625ab#0:FAIL-t123, 9127dd83-037b-4d39-812f-66db56af525a<-58095e90-3010-492a-9083-43cf2e035c3f#0:FAIL-t123] and 0 exception(s); 9127dd83-037b-4d39-812f-66db56af525a@group-BCADF287A12B:t123, leader=null, voted=9127dd83-037b-4d39-812f-66db56af525a, raftlog=9127dd83-037b-4d39-812f-66db56af525a@group-BCADF287A12B-SegmentedRaftLog:OPENED:c-1,f-1,i0, conf=-1: [7fae3aed-4e76-4283-a599-f93f794625ab:192.168.34.21:41352, 58095e90-3010-492a-9083-43cf2e035c3f:192.168.34.21:45284, 9127dd83-037b-4d39-812f-66db56af525a:192.168.34.21:42063], old=null
2019-10-30 05:53:16,032 [9127dd83-037b-4d39-812f-66db56af525a@group-BCADF287A12B-LeaderElection112] INFO  impl.RaftServerImpl (RaftServerImpl.java:setRole(184)) - 9127dd83-037b-4d39-812f-66db56af525a@group-BCADF287A12B: changes role from CANDIDATE to FOLLOWER at term 123 for DISCOVERED_A_NEW_TERM
2019-10-30 05:53:16,032 [9127dd83-037b-4d39-812f-66db56af525a@group-BCADF287A12B-LeaderElection112] INFO  impl.RoleInfo (RoleInfo.java:shutdownLeaderElection(134)) - 9127dd83-037b-4d39-812f-66db56af525a: shutdown LeaderElection
2019-10-30 05:53:16,032 [9127dd83-037b-4d39-812f-66db56af525a@group-BCADF287A12B-LeaderElection112] INFO  impl.RoleInfo (RoleInfo.java:updateAndGet(143)) - 9127dd83-037b-4d39-812f-66db56af525a: start FollowerState
2019-10-30 05:53:16,097 [Thread-976] INFO  impl.FollowerState (FollowerState.java:run(108)) - 9127dd83-037b-4d39-812f-66db56af525a@group-BCADF287A12B-FollowerState: change to CANDIDATE, lastRpcTime:64ms, electionTimeout:64ms
2019-10-30 05:53:16,097 [Thread-976] INFO  impl.RoleInfo (RoleInfo.java:shutdownFollowerState(121)) - 9127dd83-037b-4d39-812f-66db56af525a: shutdown FollowerState
2019-10-30 05:53:16,097 [Thread-976] INFO  impl.RaftServerImpl (RaftServerImpl.java:setRole(184)) - 9127dd83-037b-4d39-812f-66db56af525a@group-BCADF287A12B: changes role from  FOLLOWER to CANDIDATE at term 123 for changeToCandidate
2019-10-30 05:53:16,097 [Thread-976] INFO  impl.RoleInfo (RoleInfo.java:updateAndGet(143)) - 9127dd83-037b-4d39-812f-66db56af525a: start LeaderElection
2019-10-30 05:53:16,112 [9127dd83-037b-4d39-812f-66db56af525a@group-BCADF287A12B-LeaderElection113] INFO  impl.LeaderElection (LeaderElection.java:askForVotes(178)) - 9127dd83-037b-4d39-812f-66db56af525a@group-BCADF287A12B-LeaderElection113: begin an election at term 124 for -1: [7fae3aed-4e76-4283-a599-f93f794625ab:192.168.34.21:41352, 58095e90-3010-492a-9083-43cf2e035c3f:192.168.34.21:45284, 9127dd83-037b-4d39-812f-66db56af525a:192.168.34.21:42063], old=null
2019-10-30 05:53:16,115 [grpc-default-executor-2] INFO  impl.RaftServerImpl (RaftServerImpl.java:setRole(184)) - 7fae3aed-4e76-4283-a599-f93f794625ab@group-BCADF287A12B: changes role from  FOLLOWER to FOLLOWER at term 124 for recognizeCandidate:9127dd83-037b-4d39-812f-66db56af525a
2019-10-30 05:53:16,115 [grpc-default-executor-0] INFO  impl.RaftServerImpl (RaftServerImpl.java:setRole(184)) - 58095e90-3010-492a-9083-43cf2e035c3f@group-BCADF287A12B: changes role from  FOLLOWER to FOLLOWER at term 124 for recognizeCandidate:9127dd83-037b-4d39-812f-66db56af525a
2019-10-30 05:53:16,115 [grpc-default-executor-2] INFO  impl.RoleInfo (RoleInfo.java:shutdownFollowerState(121)) - 7fae3aed-4e76-4283-a599-f93f794625ab: shutdown FollowerState
2019-10-30 05:53:16,115 [grpc-default-executor-0] INFO  impl.RoleInfo (RoleInfo.java:shutdownFollowerState(121)) - 58095e90-3010-492a-9083-43cf2e035c3f: shutdown FollowerState
2019-10-30 05:53:16,115 [Thread-974] INFO  impl.FollowerState (FollowerState.java:run(117)) - 7fae3aed-4e76-4283-a599-f93f794625ab@group-BCADF287A12B-FollowerState was interrupted: java.lang.InterruptedException: sleep interrupted
2019-10-30 05:53:16,115 [Thread-972] INFO  impl.FollowerState (FollowerState.java:run(117)) - 58095e90-3010-492a-9083-43cf2e035c3f@group-BCADF287A12B-FollowerState was interrupted: java.lang.InterruptedException: sleep interrupted
2019-10-30 05:53:16,115 [grpc-default-executor-0] INFO  impl.RoleInfo (RoleInfo.java:updateAndGet(143)) - 58095e90-3010-492a-9083-43cf2e035c3f: start FollowerState
2019-10-30 05:53:16,115 [grpc-default-executor-2] INFO  impl.RoleInfo (RoleInfo.java:updateAndGet(143)) - 7fae3aed-4e76-4283-a599-f93f794625ab: start FollowerState
2019-10-30 05:53:16,132 [9127dd83-037b-4d39-812f-66db56af525a@group-BCADF287A12B-LeaderElection113] INFO  impl.LeaderElection (LeaderElection.java:logAndReturn(56)) - 9127dd83-037b-4d39-812f-66db56af525a@group-BCADF287A12B-LeaderElection113: Election REJECTED; received 2 response(s) [9127dd83-037b-4d39-812f-66db56af525a<-7fae3aed-4e76-4283-a599-f93f794625ab#0:FAIL-t124, 9127dd83-037b-4d39-812f-66db56af525a<-58095e90-3010-492a-9083-43cf2e035c3f#0:FAIL-t124] and 0 exception(s); 9127dd83-037b-4d39-812f-66db56af525a@group-BCADF287A12B:t124, leader=null, voted=9127dd83-037b-4d39-812f-66db56af525a, raftlog=9127dd83-037b-4d39-812f-66db56af525a@group-BCADF287A12B-SegmentedRaftLog:OPENED:c-1,f-1,i0, conf=-1: [7fae3aed-4e76-4283-a599-f93f794625ab:192.168.34.21:41352, 58095e90-3010-492a-9083-43cf2e035c3f:192.168.34.21:45284, 9127dd83-037b-4d39-812f-66db56af525a:192.168.34.21:42063], old=null
2019-10-30 05:53:16,133 [9127dd83-037b-4d39-812f-66db56af525a@group-BCADF287A12B-LeaderElection113] INFO  impl.RaftServerImpl (RaftServerImpl.java:setRole(184)) - 9127dd83-037b-4d39-812f-66db56af525a@group-BCADF287A12B: changes role from CANDIDATE to FOLLOWER at term 124 for DISCOVERED_A_NEW_TERM
2019-10-30 05:53:16,133 [9127dd83-037b-4d39-812f-66db56af525a@group-BCADF287A12B-LeaderElection113] INFO  impl.RoleInfo (RoleInfo.java:shutdownLeaderElection(134)) - 9127dd83-037b-4d39-812f-66db56af525a: shutdown LeaderElection
2019-10-30 05:53:16,133 [9127dd83-037b-4d39-812f-66db56af525a@group-BCADF287A12B-LeaderElection113] INFO  impl.RoleInfo (RoleInfo.java:updateAndGet(143)) - 9127dd83-037b-4d39-812f-66db56af525a: start FollowerState
2019-10-30 05:53:16,321 [Thread-982] INFO  impl.FollowerState (FollowerState.java:run(108)) - 9127dd83-037b-4d39-812f-66db56af525a@group-BCADF287A12B-FollowerState: change to CANDIDATE, lastRpcTime:188ms, electionTimeout:188ms
2019-10-30 05:53:16,322 [Thread-982] INFO  impl.RoleInfo (RoleInfo.java:shutdownFollowerState(121)) - 9127dd83-037b-4d39-812f-66db56af525a: shutdown FollowerState
2019-10-30 05:53:16,322 [Thread-982] INFO  impl.RaftServerImpl (RaftServerImpl.java:setRole(184)) - 9127dd83-037b-4d39-812f-66db56af525a@group-BCADF287A12B: changes role from  FOLLOWER to CANDIDATE at term 124 for changeToCandidate
2019-10-30 05:53:16,322 [Thread-982] INFO  impl.RoleInfo (RoleInfo.java:updateAndGet(143)) - 9127dd83-037b-4d39-812f-66db56af525a: start LeaderElection
2019-10-30 05:53:16,335 [9127dd83-037b-4d39-812f-66db56af525a@group-BCADF287A12B-LeaderElection114] INFO  impl.LeaderElection (LeaderElection.java:askForVotes(178)) - 9127dd83-037b-4d39-812f-66db56af525a@group-BCADF287A12B-LeaderElection114: begin an election at term 125 for -1: [7fae3aed-4e76-4283-a599-f93f794625ab:192.168.34.21:41352, 58095e90-3010-492a-9083-43cf2e035c3f:192.168.34.21:45284, 9127dd83-037b-4d39-812f-66db56af525a:192.168.34.21:42063], old=null
2019-10-30 05:53:16,338 [grpc-default-executor-2] INFO  impl.RaftServerImpl (RaftServerImpl.java:setRole(184)) - 7fae3aed-4e76-4283-a599-f93f794625ab@group-BCADF287A12B: changes role from  FOLLOWER to FOLLOWER at term 125 for recognizeCandidate:9127dd83-037b-4d39-812f-66db56af525a
2019-10-30 05:53:16,338 [grpc-default-executor-2] INFO  impl.RoleInfo (RoleInfo.java:shutdownFollowerState(121)) - 7fae3aed-4e76-4283-a599-f93f794625ab: shutdown FollowerState
2019-10-30 05:53:16,338 [grpc-default-executor-2] INFO  impl.RoleInfo (RoleInfo.java:updateAndGet(143)) - 7fae3aed-4e76-4283-a599-f93f794625ab: start FollowerState
2019-10-30 05:53:16,338 [Thread-980] INFO  impl.FollowerState (FollowerState.java:run(117)) - 7fae3aed-4e76-4283-a599-f93f794625ab@group-BCADF287A12B-FollowerState was interrupted: java.lang.InterruptedException: sleep interrupted
2019-10-30 05:53:16,338 [grpc-default-executor-0] INFO  impl.RaftServerImpl (RaftServerImpl.java:setRole(184)) - 58095e90-3010-492a-9083-43cf2e035c3f@group-BCADF287A12B: changes role from  FOLLOWER to FOLLOWER at term 125 for recognizeCandidate:9127dd83-037b-4d39-812f-66db56af525a
2019-10-30 05:53:16,338 [grpc-default-executor-0] INFO  impl.RoleInfo (RoleInfo.java:shutdownFollowerState(121)) - 58095e90-3010-492a-9083-43cf2e035c3f: shutdown FollowerState
2019-10-30 05:53:16,338 [Thread-981] INFO  impl.FollowerState (FollowerState.java:run(117)) - 58095e90-3010-492a-9083-43cf2e035c3f@group-BCADF287A12B-FollowerState was interrupted: java.lang.InterruptedException: sleep interrupted
2019-10-30 05:53:16,339 [grpc-default-executor-0] INFO  impl.RoleInfo (RoleInfo.java:updateAndGet(143)) - 58095e90-3010-492a-9083-43cf2e035c3f: start FollowerState
2019-10-30 05:53:16,347 [9127dd83-037b-4d39-812f-66db56af525a@group-BCADF287A12B-LeaderElection114] INFO  impl.LeaderElection (LeaderElection.java:logAndReturn(56)) - 9127dd83-037b-4d39-812f-66db56af525a@group-BCADF287A12B-LeaderElection114: Election REJECTED; received 2 response(s) [9127dd83-037b-4d39-812f-66db56af525a<-7fae3aed-4e76-4283-a599-f93f794625ab#0:FAIL-t125, 9127dd83-037b-4d39-812f-66db56af525a<-58095e90-3010-492a-9083-43cf2e035c3f#0:FAIL-t125] and 0 exception(s); 9127dd83-037b-4d39-812f-66db56af525a@group-BCADF287A12B:t125, leader=null, voted=9127dd83-037b-4d39-812f-66db56af525a, raftlog=9127dd83-037b-4d39-812f-66db56af525a@group-BCADF287A12B-SegmentedRaftLog:OPENED:c-1,f-1,i0, conf=-1: [7fae3aed-4e76-4283-a599-f93f794625ab:192.168.34.21:41352, 58095e90-3010-492a-9083-43cf2e035c3f:192.168.34.21:45284, 9127dd83-037b-4d39-812f-66db56af525a:192.168.34.21:42063], old=null
2019-10-30 05:53:16,347 [9127dd83-037b-4d39-812f-66db56af525a@group-BCADF287A12B-LeaderElection114] INFO  impl.RaftServerImpl (RaftServerImpl.java:setRole(184)) - 9127dd83-037b-4d39-812f-66db56af525a@group-BCADF287A12B: changes role from CANDIDATE to FOLLOWER at term 125 for DISCOVERED_A_NEW_TERM
2019-10-30 05:53:16,347 [9127dd83-037b-4d39-812f-66db56af525a@group-BCADF287A12B-LeaderElection114] INFO  impl.RoleInfo (RoleInfo.java:shutdownLeaderElection(134)) - 9127dd83-037b-4d39-812f-66db56af525a: shutdown LeaderElection
2019-10-30 05:53:16,347 [9127dd83-037b-4d39-812f-66db56af525a@group-BCADF287A12B-LeaderElection114] INFO  impl.RoleInfo (RoleInfo.java:updateAndGet(143)) - 9127dd83-037b-4d39-812f-66db56af525a: start FollowerState
2019-10-30 05:53:16,390 [Thread-988] INFO  impl.FollowerState (FollowerState.java:run(108)) - 9127dd83-037b-4d39-812f-66db56af525a@group-BCADF287A12B-FollowerState: change to CANDIDATE, lastRpcTime:43ms, electionTimeout:43ms
2019-10-30 05:53:16,391 [Thread-988] INFO  impl.RoleInfo (RoleInfo.java:shutdownFollowerState(121)) - 9127dd83-037b-4d39-812f-66db56af525a: shutdown FollowerState
2019-10-30 05:53:16,391 [Thread-988] INFO  impl.RaftServerImpl (RaftServerImpl.java:setRole(184)) - 9127dd83-037b-4d39-812f-66db56af525a@group-BCADF287A12B: changes role from  FOLLOWER to CANDIDATE at term 125 for changeToCandidate
2019-10-30 05:53:16,391 [Thread-988] INFO  impl.RoleInfo (RoleInfo.java:updateAndGet(143)) - 9127dd83-037b-4d39-812f-66db56af525a: start LeaderElection
2019-10-30 05:53:16,404 [9127dd83-037b-4d39-812f-66db56af525a@group-BCADF287A12B-LeaderElection115] INFO  impl.LeaderElection (LeaderElection.java:askForVotes(178)) - 9127dd83-037b-4d39-812f-66db56af525a@group-BCADF287A12B-LeaderElection115: begin an election at term 126 for -1: [7fae3aed-4e76-4283-a599-f93f794625ab:192.168.34.21:41352, 58095e90-3010-492a-9083-43cf2e035c3f:192.168.34.21:45284, 9127dd83-037b-4d39-812f-66db56af525a:192.168.34.21:42063], old=null
2019-10-30 05:53:16,408 [grpc-default-executor-0] INFO  impl.RaftServerImpl (RaftServerImpl.java:setRole(184)) - 7fae3aed-4e76-4283-a599-f93f794625ab@group-BCADF287A12B: changes role from  FOLLOWER to FOLLOWER at term 126 for recognizeCandidate:9127dd83-037b-4d39-812f-66db56af525a
2019-10-30 05:53:16,408 [grpc-default-executor-0] INFO  impl.RoleInfo (RoleInfo.java:shutdownFollowerState(121)) - 7fae3aed-4e76-4283-a599-f93f794625ab: shutdown FollowerState
2019-10-30 05:53:16,408 [grpc-default-executor-0] INFO  impl.RoleInfo (RoleInfo.java:updateAndGet(143)) - 7fae3aed-4e76-4283-a599-f93f794625ab: start FollowerState
2019-10-30 05:53:16,408 [Thread-986] INFO  impl.FollowerState (FollowerState.java:run(117)) - 7fae3aed-4e76-4283-a599-f93f794625ab@group-BCADF287A12B-FollowerState was interrupted: java.lang.InterruptedException: sleep interrupted
2019-10-30 05:53:16,411 [grpc-default-executor-2] INFO  impl.RaftServerImpl (RaftServerImpl.java:setRole(184)) - 58095e90-3010-492a-9083-43cf2e035c3f@group-BCADF287A12B: changes role from  FOLLOWER to FOLLOWER at term 126 for recognizeCandidate:9127dd83-037b-4d39-812f-66db56af525a
2019-10-30 05:53:16,411 [grpc-default-executor-2] INFO  impl.RoleInfo (RoleInfo.java:shutdownFollowerState(121)) - 58095e90-3010-492a-9083-43cf2e035c3f: shutdown FollowerState
2019-10-30 05:53:16,411 [grpc-default-executor-2] INFO  impl.RoleInfo (RoleInfo.java:updateAndGet(143)) - 58095e90-3010-492a-9083-43cf2e035c3f: start FollowerState
2019-10-30 05:53:16,411 [Thread-987] INFO  impl.FollowerState (FollowerState.java:run(117)) - 58095e90-3010-492a-9083-43cf2e035c3f@group-BCADF287A12B-FollowerState was interrupted: java.lang.InterruptedException: sleep interrupted
2019-10-30 05:53:16,422 [9127dd83-037b-4d39-812f-66db56af525a@group-BCADF287A12B-LeaderElection115] INFO  impl.LeaderElection (LeaderElection.java:logAndReturn(56)) - 9127dd83-037b-4d39-812f-66db56af525a@group-BCADF287A12B-LeaderElection115: Election REJECTED; received 2 response(s) [9127dd83-037b-4d39-812f-66db56af525a<-7fae3aed-4e76-4283-a599-f93f794625ab#0:FAIL-t126, 9127dd83-037b-4d39-812f-66db56af525a<-58095e90-3010-492a-9083-43cf2e035c3f#0:FAIL-t126] and 0 exception(s); 9127dd83-037b-4d39-812f-66db56af525a@group-BCADF287A12B:t126, leader=null, voted=9127dd83-037b-4d39-812f-66db56af525a, raftlog=9127dd83-037b-4d39-812f-66db56af525a@group-BCADF287A12B-SegmentedRaftLog:OPENED:c-1,f-1,i0, conf=-1: [7fae3aed-4e76-4283-a599-f93f794625ab:192.168.34.21:41352, 58095e90-3010-492a-9083-43cf2e035c3f:192.168.34.21:45284, 9127dd83-037b-4d39-812f-66db56af525a:192.168.34.21:42063], old=null
2019-10-30 05:53:16,423 [9127dd83-037b-4d39-812f-66db56af525a@group-BCADF287A12B-LeaderElection115] INFO  impl.RaftServerImpl (RaftServerImpl.java:setRole(184)) - 9127dd83-037b-4d39-812f-66db56af525a@group-BCADF287A12B: changes role from CANDIDATE to FOLLOWER at term 126 for DISCOVERED_A_NEW_TERM
2019-10-30 05:53:16,423 [9127dd83-037b-4d39-812f-66db56af525a@group-BCADF287A12B-LeaderElection115] INFO  impl.RoleInfo (RoleInfo.java:shutdownLeaderElection(134)) - 9127dd83-037b-4d39-812f-66db56af525a: shutdown LeaderElection
2019-10-30 05:53:16,423 [9127dd83-037b-4d39-812f-66db56af525a@group-BCADF287A12B-LeaderElection115] INFO  impl.RoleInfo (RoleInfo.java:updateAndGet(143)) - 9127dd83-037b-4d39-812f-66db56af525a: start FollowerState
2019-10-30 05:53:16,463 [Thread-994] INFO  impl.FollowerState (FollowerState.java:run(108)) - 9127dd83-037b-4d39-812f-66db56af525a@group-BCADF287A12B-FollowerState: change to CANDIDATE, lastRpcTime:40ms, electionTimeout:40ms
2019-10-30 05:53:16,463 [Thread-994] INFO  impl.RoleInfo (RoleInfo.java:shutdownFollowerState(121)) - 9127dd83-037b-4d39-812f-66db56af525a: shutdown FollowerState
2019-10-30 05:53:16,464 [Thread-994] INFO  impl.RaftServerImpl (RaftServerImpl.java:setRole(184)) - 9127dd83-037b-4d39-812f-66db56af525a@group-BCADF287A12B: changes role from  FOLLOWER to CANDIDATE at term 126 for changeToCandidate
2019-10-30 05:53:16,464 [Thread-994] INFO  impl.RoleInfo (RoleInfo.java:updateAndGet(143)) - 9127dd83-037b-4d39-812f-66db56af525a: start LeaderElection
2019-10-30 05:53:16,478 [9127dd83-037b-4d39-812f-66db56af525a@group-BCADF287A12B-LeaderElection116] INFO  impl.LeaderElection (LeaderElection.java:askForVotes(178)) - 9127dd83-037b-4d39-812f-66db56af525a@group-BCADF287A12B-LeaderElection116: begin an election at term 127 for -1: [7fae3aed-4e76-4283-a599-f93f794625ab:192.168.34.21:41352, 58095e90-3010-492a-9083-43cf2e035c3f:192.168.34.21:45284, 9127dd83-037b-4d39-812f-66db56af525a:192.168.34.21:42063], old=null
2019-10-30 05:53:16,480 [grpc-default-executor-0] INFO  impl.RaftServerImpl (RaftServerImpl.java:setRole(184)) - 7fae3aed-4e76-4283-a599-f93f794625ab@group-BCADF287A12B: changes role from  FOLLOWER to FOLLOWER at term 127 for recognizeCandidate:9127dd83-037b-4d39-812f-66db56af525a
2019-10-30 05:53:16,480 [grpc-default-executor-2] INFO  impl.RaftServerImpl (RaftServerImpl.java:setRole(184)) - 58095e90-3010-492a-9083-43cf2e035c3f@group-BCADF287A12B: changes role from  FOLLOWER to FOLLOWER at term 127 for recognizeCandidate:9127dd83-037b-4d39-812f-66db56af525a
2019-10-30 05:53:16,481 [grpc-default-executor-2] INFO  impl.RoleInfo (RoleInfo.java:shutdownFollowerState(121)) - 58095e90-3010-492a-9083-43cf2e035c3f: shutdown FollowerState
2019-10-30 05:53:16,481 [grpc-default-executor-2] INFO  impl.RoleInfo (RoleInfo.java:updateAndGet(143)) - 58095e90-3010-492a-9083-43cf2e035c3f: start FollowerState
2019-10-30 05:53:16,480 [grpc-default-executor-0] INFO  impl.RoleInfo (RoleInfo.java:shutdownFollowerState(121)) - 7fae3aed-4e76-4283-a599-f93f794625ab: shutdown FollowerState
2019-10-30 05:53:16,482 [grpc-default-executor-0] INFO  impl.RoleInfo (RoleInfo.java:updateAndGet(143)) - 7fae3aed-4e76-4283-a599-f93f794625ab: start FollowerState
2019-10-30 05:53:16,482 [Thread-992] INFO  impl.FollowerState (FollowerState.java:run(117)) - 7fae3aed-4e76-4283-a599-f93f794625ab@group-BCADF287A12B-FollowerState was interrupted: java.lang.InterruptedException: sleep interrupted
2019-10-30 05:53:16,482 [Thread-993] INFO  impl.FollowerState (FollowerState.java:run(117)) - 58095e90-3010-492a-9083-43cf2e035c3f@group-BCADF287A12B-FollowerState was interrupted: java.lang.InterruptedException: sleep interrupted
2019-10-30 05:53:16,498 [9127dd83-037b-4d39-812f-66db56af525a@group-BCADF287A12B-LeaderElection116] INFO  impl.LeaderElection (LeaderElection.java:logAndReturn(56)) - 9127dd83-037b-4d39-812f-66db56af525a@group-BCADF287A12B-LeaderElection116: Election REJECTED; received 2 response(s) [9127dd83-037b-4d39-812f-66db56af525a<-7fae3aed-4e76-4283-a599-f93f794625ab#0:FAIL-t127, 9127dd83-037b-4d39-812f-66db56af525a<-58095e90-3010-492a-9083-43cf2e035c3f#0:FAIL-t127] and 0 exception(s); 9127dd83-037b-4d39-812f-66db56af525a@group-BCADF287A12B:t127, leader=null, voted=9127dd83-037b-4d39-812f-66db56af525a, raftlog=9127dd83-037b-4d39-812f-66db56af525a@group-BCADF287A12B-SegmentedRaftLog:OPENED:c-1,f-1,i0, conf=-1: [7fae3aed-4e76-4283-a599-f93f794625ab:192.168.34.21:41352, 58095e90-3010-492a-9083-43cf2e035c3f:192.168.34.21:45284, 9127dd83-037b-4d39-812f-66db56af525a:192.168.34.21:42063], old=null
2019-10-30 05:53:16,498 [9127dd83-037b-4d39-812f-66db56af525a@group-BCADF287A12B-LeaderElection116] INFO  impl.RaftServerImpl (RaftServerImpl.java:setRole(184)) - 9127dd83-037b-4d39-812f-66db56af525a@group-BCADF287A12B: changes role from CANDIDATE to FOLLOWER at term 127 for DISCOVERED_A_NEW_TERM
2019-10-30 05:53:16,498 [9127dd83-037b-4d39-812f-66db56af525a@group-BCADF287A12B-LeaderElection116] INFO  impl.RoleInfo (RoleInfo.java:shutdownLeaderElection(134)) - 9127dd83-037b-4d39-812f-66db56af525a: shutdown LeaderElection
2019-10-30 05:53:16,498 [9127dd83-037b-4d39-812f-66db56af525a@group-BCADF287A12B-LeaderElection116] INFO  impl.RoleInfo (RoleInfo.java:updateAndGet(143)) - 9127dd83-037b-4d39-812f-66db56af525a: start FollowerState
2019-10-30 05:53:16,622 [Thread-1000] INFO  impl.FollowerState (FollowerState.java:run(108)) - 9127dd83-037b-4d39-812f-66db56af525a@group-BCADF287A12B-FollowerState: change to CANDIDATE, lastRpcTime:124ms, electionTimeout:124ms
2019-10-30 05:53:16,623 [Thread-1000] INFO  impl.RoleInfo (RoleInfo.java:shutdownFollowerState(121)) - 9127dd83-037b-4d39-812f-66db56af525a: shutdown FollowerState
2019-10-30 05:53:16,623 [Thread-1000] INFO  impl.RaftServerImpl (RaftServerImpl.java:setRole(184)) - 9127dd83-037b-4d39-812f-66db56af525a@group-BCADF287A12B: changes role from  FOLLOWER to CANDIDATE at term 127 for changeToCandidate
2019-10-30 05:53:16,623 [Thread-1000] INFO  impl.RoleInfo (RoleInfo.java:updateAndGet(143)) - 9127dd83-037b-4d39-812f-66db56af525a: start LeaderElection
2019-10-30 05:53:16,636 [9127dd83-037b-4d39-812f-66db56af525a@group-BCADF287A12B-LeaderElection117] INFO  impl.LeaderElection (LeaderElection.java:askForVotes(178)) - 9127dd83-037b-4d39-812f-66db56af525a@group-BCADF287A12B-LeaderElection117: begin an election at term 128 for -1: [7fae3aed-4e76-4283-a599-f93f794625ab:192.168.34.21:41352, 58095e90-3010-492a-9083-43cf2e035c3f:192.168.34.21:45284, 9127dd83-037b-4d39-812f-66db56af525a:192.168.34.21:42063], old=null
2019-10-30 05:53:16,639 [grpc-default-executor-2] INFO  impl.RaftServerImpl (RaftServerImpl.java:setRole(184)) - 58095e90-3010-492a-9083-43cf2e035c3f@group-BCADF287A12B: changes role from  FOLLOWER to FOLLOWER at term 128 for recognizeCandidate:9127dd83-037b-4d39-812f-66db56af525a
2019-10-30 05:53:16,639 [grpc-default-executor-2] INFO  impl.RoleInfo (RoleInfo.java:shutdownFollowerState(121)) - 58095e90-3010-492a-9083-43cf2e035c3f: shutdown FollowerState
2019-10-30 05:53:16,639 [grpc-default-executor-0] INFO  impl.RaftServerImpl (RaftServerImpl.java:setRole(184)) - 7fae3aed-4e76-4283-a599-f93f794625ab@group-BCADF287A12B: changes role from  FOLLOWER to FOLLOWER at term 128 for recognizeCandidate:9127dd83-037b-4d39-812f-66db56af525a
2019-10-30 05:53:16,639 [Thread-998] INFO  impl.FollowerState (FollowerState.java:run(117)) - 58095e90-3010-492a-9083-43cf2e035c3f@group-BCADF287A12B-FollowerState was interrupted: java.lang.InterruptedException: sleep interrupted
2019-10-30 05:53:16,639 [grpc-default-executor-2] INFO  impl.RoleInfo (RoleInfo.java:updateAndGet(143)) - 58095e90-3010-492a-9083-43cf2e035c3f: start FollowerState
2019-10-30 05:53:16,639 [grpc-default-executor-0] INFO  impl.RoleInfo (RoleInfo.java:shutdownFollowerState(121)) - 7fae3aed-4e76-4283-a599-f93f794625ab: shutdown FollowerState
2019-10-30 05:53:16,640 [grpc-default-executor-0] INFO  impl.RoleInfo (RoleInfo.java:updateAndGet(143)) - 7fae3aed-4e76-4283-a599-f93f794625ab: start FollowerState
2019-10-30 05:53:16,640 [9127dd83-037b-4d39-812f-66db56af525a@group-BCADF287A12B-LeaderElection117] INFO  impl.LeaderElection (LeaderElection.java:logAndReturn(56)) - 9127dd83-037b-4d39-812f-66db56af525a@group-BCADF287A12B-LeaderElection117: Election TIMEOUT; received 0 response(s) [] and 0 exception(s); 9127dd83-037b-4d39-812f-66db56af525a@group-BCADF287A12B:t128, leader=null, voted=9127dd83-037b-4d39-812f-66db56af525a, raftlog=9127dd83-037b-4d39-812f-66db56af525a@group-BCADF287A12B-SegmentedRaftLog:OPENED:c-1,f-1,i0, conf=-1: [7fae3aed-4e76-4283-a599-f93f794625ab:192.168.34.21:41352, 58095e90-3010-492a-9083-43cf2e035c3f:192.168.34.21:45284, 9127dd83-037b-4d39-812f-66db56af525a:192.168.34.21:42063], old=null
2019-10-30 05:53:16,640 [Thread-999] INFO  impl.FollowerState (FollowerState.java:run(117)) - 7fae3aed-4e76-4283-a599-f93f794625ab@group-BCADF287A12B-FollowerState was interrupted: java.lang.InterruptedException: sleep interrupted
2019-10-30 05:53:16,653 [9127dd83-037b-4d39-812f-66db56af525a@group-BCADF287A12B-LeaderElection117] INFO  impl.LeaderElection (LeaderElection.java:askForVotes(178)) - 9127dd83-037b-4d39-812f-66db56af525a@group-BCADF287A12B-LeaderElection117: begin an election at term 129 for -1: [7fae3aed-4e76-4283-a599-f93f794625ab:192.168.34.21:41352, 58095e90-3010-492a-9083-43cf2e035c3f:192.168.34.21:45284, 9127dd83-037b-4d39-812f-66db56af525a:192.168.34.21:42063], old=null
2019-10-30 05:53:16,655 [grpc-default-executor-2] INFO  impl.RaftServerImpl (RaftServerImpl.java:setRole(184)) - 7fae3aed-4e76-4283-a599-f93f794625ab@group-BCADF287A12B: changes role from  FOLLOWER to FOLLOWER at term 129 for recognizeCandidate:9127dd83-037b-4d39-812f-66db56af525a
2019-10-30 05:53:16,655 [grpc-default-executor-0] INFO  impl.RaftServerImpl (RaftServerImpl.java:setRole(184)) - 58095e90-3010-492a-9083-43cf2e035c3f@group-BCADF287A12B: changes role from  FOLLOWER to FOLLOWER at term 129 for recognizeCandidate:9127dd83-037b-4d39-812f-66db56af525a
2019-10-30 05:53:16,655 [grpc-default-executor-2] INFO  impl.RoleInfo (RoleInfo.java:shutdownFollowerState(121)) - 7fae3aed-4e76-4283-a599-f93f794625ab: shutdown FollowerState
2019-10-30 05:53:16,655 [grpc-default-executor-0] INFO  impl.RoleInfo (RoleInfo.java:shutdownFollowerState(121)) - 58095e90-3010-492a-9083-43cf2e035c3f: shutdown FollowerState
2019-10-30 05:53:16,656 [Thread-1005] INFO  impl.FollowerState (FollowerState.java:run(117)) - 7fae3aed-4e76-4283-a599-f93f794625ab@group-BCADF287A12B-FollowerState was interrupted: java.lang.InterruptedException: sleep interrupted
2019-10-30 05:53:16,656 [grpc-default-executor-2] INFO  impl.RoleInfo (RoleInfo.java:updateAndGet(143)) - 7fae3aed-4e76-4283-a599-f93f794625ab: start FollowerState
2019-10-30 05:53:16,656 [Thread-1004] INFO  impl.FollowerState (FollowerState.java:run(117)) - 58095e90-3010-492a-9083-43cf2e035c3f@group-BCADF287A12B-FollowerState was interrupted: java.lang.InterruptedException: sleep interrupted
2019-10-30 05:53:16,656 [grpc-default-executor-0] INFO  impl.RoleInfo (RoleInfo.java:updateAndGet(143)) - 58095e90-3010-492a-9083-43cf2e035c3f: start FollowerState
2019-10-30 05:53:16,673 [9127dd83-037b-4d39-812f-66db56af525a@group-BCADF287A12B-LeaderElection117] INFO  impl.LeaderElection (LeaderElection.java:logAndReturn(56)) - 9127dd83-037b-4d39-812f-66db56af525a@group-BCADF287A12B-LeaderElection117: Election REJECTED; received 2 response(s) [9127dd83-037b-4d39-812f-66db56af525a<-7fae3aed-4e76-4283-a599-f93f794625ab#0:FAIL-t129, 9127dd83-037b-4d39-812f-66db56af525a<-58095e90-3010-492a-9083-43cf2e035c3f#0:FAIL-t129] and 0 exception(s); 9127dd83-037b-4d39-812f-66db56af525a@group-BCADF287A12B:t129, leader=null, voted=9127dd83-037b-4d39-812f-66db56af525a, raftlog=9127dd83-037b-4d39-812f-66db56af525a@group-BCADF287A12B-SegmentedRaftLog:OPENED:c-1,f-1,i0, conf=-1: [7fae3aed-4e76-4283-a599-f93f794625ab:192.168.34.21:41352, 58095e90-3010-492a-9083-43cf2e035c3f:192.168.34.21:45284, 9127dd83-037b-4d39-812f-66db56af525a:192.168.34.21:42063], old=null
2019-10-30 05:53:16,673 [9127dd83-037b-4d39-812f-66db56af525a@group-BCADF287A12B-LeaderElection117] INFO  impl.RaftServerImpl (RaftServerImpl.java:setRole(184)) - 9127dd83-037b-4d39-812f-66db56af525a@group-BCADF287A12B: changes role from CANDIDATE to FOLLOWER at term 129 for DISCOVERED_A_NEW_TERM
2019-10-30 05:53:16,673 [9127dd83-037b-4d39-812f-66db56af525a@group-BCADF287A12B-LeaderElection117] INFO  impl.RoleInfo (RoleInfo.java:shutdownLeaderElection(134)) - 9127dd83-037b-4d39-812f-66db56af525a: shutdown LeaderElection
2019-10-30 05:53:16,673 [9127dd83-037b-4d39-812f-66db56af525a@group-BCADF287A12B-LeaderElection117] INFO  impl.RoleInfo (RoleInfo.java:updateAndGet(143)) - 9127dd83-037b-4d39-812f-66db56af525a: start FollowerState
2019-10-30 05:53:16,796 [Thread-1010] INFO  impl.FollowerState (FollowerState.java:run(108)) - 9127dd83-037b-4d39-812f-66db56af525a@group-BCADF287A12B-FollowerState: change to CANDIDATE, lastRpcTime:123ms, electionTimeout:123ms
2019-10-30 05:53:16,796 [Thread-1010] INFO  impl.RoleInfo (RoleInfo.java:shutdownFollowerState(121)) - 9127dd83-037b-4d39-812f-66db56af525a: shutdown FollowerState
2019-10-30 05:53:16,797 [Thread-1010] INFO  impl.RaftServerImpl (RaftServerImpl.java:setRole(184)) - 9127dd83-037b-4d39-812f-66db56af525a@group-BCADF287A12B: changes role from  FOLLOWER to CANDIDATE at term 129 for changeToCandidate
2019-10-30 05:53:16,797 [Thread-1010] INFO  impl.RoleInfo (RoleInfo.java:updateAndGet(143)) - 9127dd83-037b-4d39-812f-66db56af525a: start LeaderElection
2019-10-30 05:53:16,810 [9127dd83-037b-4d39-812f-66db56af525a@group-BCADF287A12B-LeaderElection118] INFO  impl.LeaderElection (LeaderElection.java:askForVotes(178)) - 9127dd83-037b-4d39-812f-66db56af525a@group-BCADF287A12B-LeaderElection118: begin an election at term 130 for -1: [7fae3aed-4e76-4283-a599-f93f794625ab:192.168.34.21:41352, 58095e90-3010-492a-9083-43cf2e035c3f:192.168.34.21:45284, 9127dd83-037b-4d39-812f-66db56af525a:192.168.34.21:42063], old=null
2019-10-30 05:53:16,812 [grpc-default-executor-2] INFO  impl.RaftServerImpl (RaftServerImpl.java:setRole(184)) - 7fae3aed-4e76-4283-a599-f93f794625ab@group-BCADF287A12B: changes role from  FOLLOWER to FOLLOWER at term 130 for recognizeCandidate:9127dd83-037b-4d39-812f-66db56af525a
2019-10-30 05:53:16,812 [grpc-default-executor-0] INFO  impl.RaftServerImpl (RaftServerImpl.java:setRole(184)) - 58095e90-3010-492a-9083-43cf2e035c3f@group-BCADF287A12B: changes role from  FOLLOWER to FOLLOWER at term 130 for recognizeCandidate:9127dd83-037b-4d39-812f-66db56af525a
2019-10-30 05:53:16,813 [grpc-default-executor-2] INFO  impl.RoleInfo (RoleInfo.java:shutdownFollowerState(121)) - 7fae3aed-4e76-4283-a599-f93f794625ab: shutdown FollowerState
2019-10-30 05:53:16,813 [grpc-default-executor-0] INFO  impl.RoleInfo (RoleInfo.java:shutdownFollowerState(121)) - 58095e90-3010-492a-9083-43cf2e035c3f: shutdown FollowerState
2019-10-30 05:53:16,813 [Thread-1008] INFO  impl.FollowerState (FollowerState.java:run(117)) - 7fae3aed-4e76-4283-a599-f93f794625ab@group-BCADF287A12B-FollowerState was interrupted: java.lang.InterruptedException: sleep interrupted
2019-10-30 05:53:16,813 [Thread-1009] INFO  impl.FollowerState (FollowerState.java:run(117)) - 58095e90-3010-492a-9083-43cf2e035c3f@group-BCADF287A12B-FollowerState was interrupted: java.lang.InterruptedException: sleep interrupted
2019-10-30 05:53:16,813 [grpc-default-executor-0] INFO  impl.RoleInfo (RoleInfo.java:updateAndGet(143)) - 58095e90-3010-492a-9083-43cf2e035c3f: start FollowerState
2019-10-30 05:53:16,813 [grpc-default-executor-2] INFO  impl.RoleInfo (RoleInfo.java:updateAndGet(143)) - 7fae3aed-4e76-4283-a599-f93f794625ab: start FollowerState
2019-10-30 05:53:16,827 [9127dd83-037b-4d39-812f-66db56af525a@group-BCADF287A12B-LeaderElection118] INFO  impl.LeaderElection (LeaderElection.java:logAndReturn(56)) - 9127dd83-037b-4d39-812f-66db56af525a@group-BCADF287A12B-LeaderElection118: Election REJECTED; received 2 response(s) [9127dd83-037b-4d39-812f-66db56af525a<-7fae3aed-4e76-4283-a599-f93f794625ab#0:FAIL-t130, 9127dd83-037b-4d39-812f-66db56af525a<-58095e90-3010-492a-9083-43cf2e035c3f#0:FAIL-t130] and 0 exception(s); 9127dd83-037b-4d39-812f-66db56af525a@group-BCADF287A12B:t130, leader=null, voted=9127dd83-037b-4d39-812f-66db56af525a, raftlog=9127dd83-037b-4d39-812f-66db56af525a@group-BCADF287A12B-SegmentedRaftLog:OPENED:c-1,f-1,i0, conf=-1: [7fae3aed-4e76-4283-a599-f93f794625ab:192.168.34.21:41352, 58095e90-3010-492a-9083-43cf2e035c3f:192.168.34.21:45284, 9127dd83-037b-4d39-812f-66db56af525a:192.168.34.21:42063], old=null
2019-10-30 05:53:16,827 [9127dd83-037b-4d39-812f-66db56af525a@group-BCADF287A12B-LeaderElection118] INFO  impl.RaftServerImpl (RaftServerImpl.java:setRole(184)) - 9127dd83-037b-4d39-812f-66db56af525a@group-BCADF287A12B: changes role from CANDIDATE to FOLLOWER at term 130 for DISCOVERED_A_NEW_TERM
2019-10-30 05:53:16,828 [9127dd83-037b-4d39-812f-66db56af525a@group-BCADF287A12B-LeaderElection118] INFO  impl.RoleInfo (RoleInfo.java:shutdownLeaderElection(134)) - 9127dd83-037b-4d39-812f-66db56af525a: shutdown LeaderElection
2019-10-30 05:53:16,828 [9127dd83-037b-4d39-812f-66db56af525a@group-BCADF287A12B-LeaderElection118] INFO  impl.RoleInfo (RoleInfo.java:updateAndGet(143)) - 9127dd83-037b-4d39-812f-66db56af525a: start FollowerState
2019-10-30 05:53:16,948 [Thread-1016] INFO  impl.FollowerState (FollowerState.java:run(108)) - 9127dd83-037b-4d39-812f-66db56af525a@group-BCADF287A12B-FollowerState: change to CANDIDATE, lastRpcTime:120ms, electionTimeout:120ms
2019-10-30 05:53:16,948 [Thread-1016] INFO  impl.RoleInfo (RoleInfo.java:shutdownFollowerState(121)) - 9127dd83-037b-4d39-812f-66db56af525a: shutdown FollowerState
2019-10-30 05:53:16,948 [Thread-1016] INFO  impl.RaftServerImpl (RaftServerImpl.java:setRole(184)) - 9127dd83-037b-4d39-812f-66db56af525a@group-BCADF287A12B: changes role from  FOLLOWER to CANDIDATE at term 130 for changeToCandidate
2019-10-30 05:53:16,949 [Thread-1016] INFO  impl.RoleInfo (RoleInfo.java:updateAndGet(143)) - 9127dd83-037b-4d39-812f-66db56af525a: start LeaderElection
2019-10-30 05:53:16,962 [9127dd83-037b-4d39-812f-66db56af525a@group-BCADF287A12B-LeaderElection119] INFO  impl.LeaderElection (LeaderElection.java:askForVotes(178)) - 9127dd83-037b-4d39-812f-66db56af525a@group-BCADF287A12B-LeaderElection119: begin an election at term 131 for -1: [7fae3aed-4e76-4283-a599-f93f794625ab:192.168.34.21:41352, 58095e90-3010-492a-9083-43cf2e035c3f:192.168.34.21:45284, 9127dd83-037b-4d39-812f-66db56af525a:192.168.34.21:42063], old=null
2019-10-30 05:53:16,965 [grpc-default-executor-0] INFO  impl.RaftServerImpl (RaftServerImpl.java:setRole(184)) - 7fae3aed-4e76-4283-a599-f93f794625ab@group-BCADF287A12B: changes role from  FOLLOWER to FOLLOWER at term 131 for recognizeCandidate:9127dd83-037b-4d39-812f-66db56af525a
2019-10-30 05:53:16,965 [grpc-default-executor-0] INFO  impl.RoleInfo (RoleInfo.java:shutdownFollowerState(121)) - 7fae3aed-4e76-4283-a599-f93f794625ab: shutdown FollowerState
2019-10-30 05:53:16,965 [grpc-default-executor-2] INFO  impl.RaftServerImpl (RaftServerImpl.java:setRole(184)) - 58095e90-3010-492a-9083-43cf2e035c3f@group-BCADF287A12B: changes role from  FOLLOWER to FOLLOWER at term 131 for recognizeCandidate:9127dd83-037b-4d39-812f-66db56af525a
2019-10-30 05:53:16,965 [Thread-1014] INFO  impl.FollowerState (FollowerState.java:run(117)) - 7fae3aed-4e76-4283-a599-f93f794625ab@group-BCADF287A12B-FollowerState was interrupted: java.lang.InterruptedException: sleep interrupted
2019-10-30 05:53:16,965 [grpc-default-executor-0] INFO  impl.RoleInfo (RoleInfo.java:updateAndGet(143)) - 7fae3aed-4e76-4283-a599-f93f794625ab: start FollowerState
2019-10-30 05:53:16,965 [grpc-default-executor-2] INFO  impl.RoleInfo (RoleInfo.java:shutdownFollowerState(121)) - 58095e90-3010-492a-9083-43cf2e035c3f: shutdown FollowerState
2019-10-30 05:53:16,966 [Thread-1015] INFO  impl.FollowerState (FollowerState.java:run(117)) - 58095e90-3010-492a-9083-43cf2e035c3f@group-BCADF287A12B-FollowerState was interrupted: java.lang.InterruptedException: sleep interrupted
2019-10-30 05:53:16,966 [grpc-default-executor-2] INFO  impl.RoleInfo (RoleInfo.java:updateAndGet(143)) - 58095e90-3010-492a-9083-43cf2e035c3f: start FollowerState
2019-10-30 05:53:16,979 [9127dd83-037b-4d39-812f-66db56af525a@group-BCADF287A12B-LeaderElection119] INFO  impl.LeaderElection (LeaderElection.java:logAndReturn(56)) - 9127dd83-037b-4d39-812f-66db56af525a@group-BCADF287A12B-LeaderElection119: Election REJECTED; received 2 response(s) [9127dd83-037b-4d39-812f-66db56af525a<-7fae3aed-4e76-4283-a599-f93f794625ab#0:FAIL-t131, 9127dd83-037b-4d39-812f-66db56af525a<-58095e90-3010-492a-9083-43cf2e035c3f#0:FAIL-t131] and 0 exception(s); 9127dd83-037b-4d39-812f-66db56af525a@group-BCADF287A12B:t131, leader=null, voted=9127dd83-037b-4d39-812f-66db56af525a, raftlog=9127dd83-037b-4d39-812f-66db56af525a@group-BCADF287A12B-SegmentedRaftLog:OPENED:c-1,f-1,i0, conf=-1: [7fae3aed-4e76-4283-a599-f93f794625ab:192.168.34.21:41352, 58095e90-3010-492a-9083-43cf2e035c3f:192.168.34.21:45284, 9127dd83-037b-4d39-812f-66db56af525a:192.168.34.21:42063], old=null
2019-10-30 05:53:16,980 [9127dd83-037b-4d39-812f-66db56af525a@group-BCADF287A12B-LeaderElection119] INFO  impl.RaftServerImpl (RaftServerImpl.java:setRole(184)) - 9127dd83-037b-4d39-812f-66db56af525a@group-BCADF287A12B: changes role from CANDIDATE to FOLLOWER at term 131 for DISCOVERED_A_NEW_TERM
2019-10-30 05:53:16,980 [9127dd83-037b-4d39-812f-66db56af525a@group-BCADF287A12B-LeaderElection119] INFO  impl.RoleInfo (RoleInfo.java:shutdownLeaderElection(134)) - 9127dd83-037b-4d39-812f-66db56af525a: shutdown LeaderElection
2019-10-30 05:53:16,980 [9127dd83-037b-4d39-812f-66db56af525a@group-BCADF287A12B-LeaderElection119] INFO  impl.RoleInfo (RoleInfo.java:updateAndGet(143)) - 9127dd83-037b-4d39-812f-66db56af525a: start FollowerState
2019-10-30 05:53:17,117 [Thread-1022] INFO  impl.FollowerState (FollowerState.java:run(108)) - 9127dd83-037b-4d39-812f-66db56af525a@group-BCADF287A12B-FollowerState: change to CANDIDATE, lastRpcTime:137ms, electionTimeout:137ms
2019-10-30 05:53:17,117 [Thread-1022] INFO  impl.RoleInfo (RoleInfo.java:shutdownFollowerState(121)) - 9127dd83-037b-4d39-812f-66db56af525a: shutdown FollowerState
2019-10-30 05:53:17,118 [Thread-1022] INFO  impl.RaftServerImpl (RaftServerImpl.java:setRole(184)) - 9127dd83-037b-4d39-812f-66db56af525a@group-BCADF287A12B: changes role from  FOLLOWER to CANDIDATE at term 131 for changeToCandidate
2019-10-30 05:53:17,118 [Thread-1022] INFO  impl.RoleInfo (RoleInfo.java:updateAndGet(143)) - 9127dd83-037b-4d39-812f-66db56af525a: start LeaderElection
2019-10-30 05:53:17,131 [9127dd83-037b-4d39-812f-66db56af525a@group-BCADF287A12B-LeaderElection120] INFO  impl.LeaderElection (LeaderElection.java:askForVotes(178)) - 9127dd83-037b-4d39-812f-66db56af525a@group-BCADF287A12B-LeaderElection120: begin an election at term 132 for -1: [7fae3aed-4e76-4283-a599-f93f794625ab:192.168.34.21:41352, 58095e90-3010-492a-9083-43cf2e035c3f:192.168.34.21:45284, 9127dd83-037b-4d39-812f-66db56af525a:192.168.34.21:42063], old=null
2019-10-30 05:53:17,134 [grpc-default-executor-0] INFO  impl.RaftServerImpl (RaftServerImpl.java:setRole(184)) - 58095e90-3010-492a-9083-43cf2e035c3f@group-BCADF287A12B: changes role from  FOLLOWER to FOLLOWER at term 132 for recognizeCandidate:9127dd83-037b-4d39-812f-66db56af525a
2019-10-30 05:53:17,134 [grpc-default-executor-2] INFO  impl.RaftServerImpl (RaftServerImpl.java:setRole(184)) - 7fae3aed-4e76-4283-a599-f93f794625ab@group-BCADF287A12B: changes role from  FOLLOWER to FOLLOWER at term 132 for recognizeCandidate:9127dd83-037b-4d39-812f-66db56af525a
2019-10-30 05:53:17,134 [grpc-default-executor-0] INFO  impl.RoleInfo (RoleInfo.java:shutdownFollowerState(121)) - 58095e90-3010-492a-9083-43cf2e035c3f: shutdown FollowerState
2019-10-30 05:53:17,134 [grpc-default-executor-2] INFO  impl.RoleInfo (RoleInfo.java:shutdownFollowerState(121)) - 7fae3aed-4e76-4283-a599-f93f794625ab: shutdown FollowerState
2019-10-30 05:53:17,134 [Thread-1021] INFO  impl.FollowerState (FollowerState.java:run(117)) - 58095e90-3010-492a-9083-43cf2e035c3f@group-BCADF287A12B-FollowerState was interrupted: java.lang.InterruptedException: sleep interrupted
2019-10-30 05:53:17,134 [grpc-default-executor-0] INFO  impl.RoleInfo (RoleInfo.java:updateAndGet(143)) - 58095e90-3010-492a-9083-43cf2e035c3f: start FollowerState
2019-10-30 05:53:17,134 [Thread-1020] INFO  impl.FollowerState (FollowerState.java:run(117)) - 7fae3aed-4e76-4283-a599-f93f794625ab@group-BCADF287A12B-FollowerState was interrupted: java.lang.InterruptedException: sleep interrupted
2019-10-30 05:53:17,134 [grpc-default-executor-2] INFO  impl.RoleInfo (RoleInfo.java:updateAndGet(143)) - 7fae3aed-4e76-4283-a599-f93f794625ab: start FollowerState
2019-10-30 05:53:17,149 [9127dd83-037b-4d39-812f-66db56af525a@group-BCADF287A12B-LeaderElection120] INFO  impl.LeaderElection (LeaderElection.java:logAndReturn(56)) - 9127dd83-037b-4d39-812f-66db56af525a@group-BCADF287A12B-LeaderElection120: Election REJECTED; received 2 response(s) [9127dd83-037b-4d39-812f-66db56af525a<-7fae3aed-4e76-4283-a599-f93f794625ab#0:FAIL-t132, 9127dd83-037b-4d39-812f-66db56af525a<-58095e90-3010-492a-9083-43cf2e035c3f#0:FAIL-t132] and 0 exception(s); 9127dd83-037b-4d39-812f-66db56af525a@group-BCADF287A12B:t132, leader=null, voted=9127dd83-037b-4d39-812f-66db56af525a, raftlog=9127dd83-037b-4d39-812f-66db56af525a@group-BCADF287A12B-SegmentedRaftLog:OPENED:c-1,f-1,i0, conf=-1: [7fae3aed-4e76-4283-a599-f93f794625ab:192.168.34.21:41352, 58095e90-3010-492a-9083-43cf2e035c3f:192.168.34.21:45284, 9127dd83-037b-4d39-812f-66db56af525a:192.168.34.21:42063], old=null
2019-10-30 05:53:17,149 [9127dd83-037b-4d39-812f-66db56af525a@group-BCADF287A12B-LeaderElection120] INFO  impl.RaftServerImpl (RaftServerImpl.java:setRole(184)) - 9127dd83-037b-4d39-812f-66db56af525a@group-BCADF287A12B: changes role from CANDIDATE to FOLLOWER at term 132 for DISCOVERED_A_NEW_TERM
2019-10-30 05:53:17,149 [9127dd83-037b-4d39-812f-66db56af525a@group-BCADF287A12B-LeaderElection120] INFO  impl.RoleInfo (RoleInfo.java:shutdownLeaderElection(134)) - 9127dd83-037b-4d39-812f-66db56af525a: shutdown LeaderElection
2019-10-30 05:53:17,149 [9127dd83-037b-4d39-812f-66db56af525a@group-BCADF287A12B-LeaderElection120] INFO  impl.RoleInfo (RoleInfo.java:updateAndGet(143)) - 9127dd83-037b-4d39-812f-66db56af525a: start FollowerState
2019-10-30 05:53:17,326 [Thread-1030] INFO  impl.FollowerState (FollowerState.java:run(108)) - 9127dd83-037b-4d39-812f-66db56af525a@group-BCADF287A12B-FollowerState: change to CANDIDATE, lastRpcTime:176ms, electionTimeout:176ms
2019-10-30 05:53:17,326 [Thread-1030] INFO  impl.RoleInfo (RoleInfo.java:shutdownFollowerState(121)) - 9127dd83-037b-4d39-812f-66db56af525a: shutdown FollowerState
2019-10-30 05:53:17,327 [Thread-1030] INFO  impl.RaftServerImpl (RaftServerImpl.java:setRole(184)) - 9127dd83-037b-4d39-812f-66db56af525a@group-BCADF287A12B: changes role from  FOLLOWER to CANDIDATE at term 132 for changeToCandidate
2019-10-30 05:53:17,327 [Thread-1030] INFO  impl.RoleInfo (RoleInfo.java:updateAndGet(143)) - 9127dd83-037b-4d39-812f-66db56af525a: start LeaderElection
2019-10-30 05:53:17,340 [9127dd83-037b-4d39-812f-66db56af525a@group-BCADF287A12B-LeaderElection121] INFO  impl.LeaderElection (LeaderElection.java:askForVotes(178)) - 9127dd83-037b-4d39-812f-66db56af525a@group-BCADF287A12B-LeaderElection121: begin an election at term 133 for -1: [7fae3aed-4e76-4283-a599-f93f794625ab:192.168.34.21:41352, 58095e90-3010-492a-9083-43cf2e035c3f:192.168.34.21:45284, 9127dd83-037b-4d39-812f-66db56af525a:192.168.34.21:42063], old=null
2019-10-30 05:53:17,343 [grpc-default-executor-2] INFO  impl.RaftServerImpl (RaftServerImpl.java:setRole(184)) - 7fae3aed-4e76-4283-a599-f93f794625ab@group-BCADF287A12B: changes role from  FOLLOWER to FOLLOWER at term 133 for recognizeCandidate:9127dd83-037b-4d39-812f-66db56af525a
2019-10-30 05:53:17,343 [grpc-default-executor-0] INFO  impl.RaftServerImpl (RaftServerImpl.java:setRole(184)) - 58095e90-3010-492a-9083-43cf2e035c3f@group-BCADF287A12B: changes role from  FOLLOWER to FOLLOWER at term 133 for recognizeCandidate:9127dd83-037b-4d39-812f-66db56af525a
2019-10-30 05:53:17,343 [grpc-default-executor-2] INFO  impl.RoleInfo (RoleInfo.java:shutdownFollowerState(121)) - 7fae3aed-4e76-4283-a599-f93f794625ab: shutdown FollowerState
2019-10-30 05:53:17,343 [grpc-default-executor-0] INFO  impl.RoleInfo (RoleInfo.java:shutdownFollowerState(121)) - 58095e90-3010-492a-9083-43cf2e035c3f: shutdown FollowerState
2019-10-30 05:53:17,343 [Thread-1029] INFO  impl.FollowerState (FollowerState.java:run(117)) - 7fae3aed-4e76-4283-a599-f93f794625ab@group-BCADF287A12B-FollowerState was interrupted: java.lang.InterruptedException: sleep interrupted
2019-10-30 05:53:17,343 [grpc-default-executor-2] INFO  impl.RoleInfo (RoleInfo.java:updateAndGet(143)) - 7fae3aed-4e76-4283-a599-f93f794625ab: start FollowerState
2019-10-30 05:53:17,344 [Thread-1028] INFO  impl.FollowerState (FollowerState.java:run(117)) - 58095e90-3010-492a-9083-43cf2e035c3f@group-BCADF287A12B-FollowerState was interrupted: java.lang.InterruptedException: sleep interrupted
2019-10-30 05:53:17,344 [grpc-default-executor-0] INFO  impl.RoleInfo (RoleInfo.java:updateAndGet(143)) - 58095e90-3010-492a-9083-43cf2e035c3f: start FollowerState
2019-10-30 05:53:17,358 [9127dd83-037b-4d39-812f-66db56af525a@group-BCADF287A12B-LeaderElection121] INFO  impl.LeaderElection (LeaderElection.java:logAndReturn(56)) - 9127dd83-037b-4d39-812f-66db56af525a@group-BCADF287A12B-LeaderElection121: Election REJECTED; received 2 response(s) [9127dd83-037b-4d39-812f-66db56af525a<-7fae3aed-4e76-4283-a599-f93f794625ab#0:FAIL-t133, 9127dd83-037b-4d39-812f-66db56af525a<-58095e90-3010-492a-9083-43cf2e035c3f#0:FAIL-t133] and 0 exception(s); 9127dd83-037b-4d39-812f-66db56af525a@group-BCADF287A12B:t133, leader=null, voted=9127dd83-037b-4d39-812f-66db56af525a, raftlog=9127dd83-037b-4d39-812f-66db56af525a@group-BCADF287A12B-SegmentedRaftLog:OPENED:c-1,f-1,i0, conf=-1: [7fae3aed-4e76-4283-a599-f93f794625ab:192.168.34.21:41352, 58095e90-3010-492a-9083-43cf2e035c3f:192.168.34.21:45284, 9127dd83-037b-4d39-812f-66db56af525a:192.168.34.21:42063], old=null
2019-10-30 05:53:17,358 [9127dd83-037b-4d39-812f-66db56af525a@group-BCADF287A12B-LeaderElection121] INFO  impl.RaftServerImpl (RaftServerImpl.java:setRole(184)) - 9127dd83-037b-4d39-812f-66db56af525a@group-BCADF287A12B: changes role from CANDIDATE to FOLLOWER at term 133 for DISCOVERED_A_NEW_TERM
2019-10-30 05:53:17,358 [9127dd83-037b-4d39-812f-66db56af525a@group-BCADF287A12B-LeaderElection121] INFO  impl.RoleInfo (RoleInfo.java:shutdownLeaderElection(134)) - 9127dd83-037b-4d39-812f-66db56af525a: shutdown LeaderElection
2019-10-30 05:53:17,358 [9127dd83-037b-4d39-812f-66db56af525a@group-BCADF287A12B-LeaderElection121] INFO  impl.RoleInfo (RoleInfo.java:updateAndGet(143)) - 9127dd83-037b-4d39-812f-66db56af525a: start FollowerState
2019-10-30 05:53:17,366 [Thread-1036] INFO  impl.FollowerState (FollowerState.java:run(108)) - 9127dd83-037b-4d39-812f-66db56af525a@group-BCADF287A12B-FollowerState: change to CANDIDATE, lastRpcTime:8ms, electionTimeout:8ms
2019-10-30 05:53:17,367 [Thread-1036] INFO  impl.RoleInfo (RoleInfo.java:shutdownFollowerState(121)) - 9127dd83-037b-4d39-812f-66db56af525a: shutdown FollowerState
2019-10-30 05:53:17,367 [Thread-1036] INFO  impl.RaftServerImpl (RaftServerImpl.java:setRole(184)) - 9127dd83-037b-4d39-812f-66db56af525a@group-BCADF287A12B: changes role from  FOLLOWER to CANDIDATE at term 133 for changeToCandidate
2019-10-30 05:53:17,367 [Thread-1036] INFO  impl.RoleInfo (RoleInfo.java:updateAndGet(143)) - 9127dd83-037b-4d39-812f-66db56af525a: start LeaderElection
2019-10-30 05:53:17,374 [9127dd83-037b-4d39-812f-66db56af525a@group-BCADF287A12B-LeaderElection122] INFO  impl.LeaderElection (LeaderElection.java:askForVotes(178)) - 9127dd83-037b-4d39-812f-66db56af525a@group-BCADF287A12B-LeaderElection122: begin an election at term 134 for -1: [7fae3aed-4e76-4283-a599-f93f794625ab:192.168.34.21:41352, 58095e90-3010-492a-9083-43cf2e035c3f:192.168.34.21:45284, 9127dd83-037b-4d39-812f-66db56af525a:192.168.34.21:42063], old=null
2019-10-30 05:53:17,377 [grpc-default-executor-0] INFO  impl.RaftServerImpl (RaftServerImpl.java:setRole(184)) - 7fae3aed-4e76-4283-a599-f93f794625ab@group-BCADF287A12B: changes role from  FOLLOWER to FOLLOWER at term 134 for recognizeCandidate:9127dd83-037b-4d39-812f-66db56af525a
2019-10-30 05:53:17,377 [grpc-default-executor-2] INFO  impl.RaftServerImpl (RaftServerImpl.java:setRole(184)) - 58095e90-3010-492a-9083-43cf2e035c3f@group-BCADF287A12B: changes role from  FOLLOWER to FOLLOWER at term 134 for recognizeCandidate:9127dd83-037b-4d39-812f-66db56af525a
2019-10-30 05:53:17,377 [grpc-default-executor-0] INFO  impl.RoleInfo (RoleInfo.java:shutdownFollowerState(121)) - 7fae3aed-4e76-4283-a599-f93f794625ab: shutdown FollowerState
2019-10-30 05:53:17,377 [grpc-default-executor-2] INFO  impl.RoleInfo (RoleInfo.java:shutdownFollowerState(121)) - 58095e90-3010-492a-9083-43cf2e035c3f: shutdown FollowerState
2019-10-30 05:53:17,377 [grpc-default-executor-0] INFO  impl.RoleInfo (RoleInfo.java:updateAndGet(143)) - 7fae3aed-4e76-4283-a599-f93f794625ab: start FollowerState
2019-10-30 05:53:17,378 [grpc-default-executor-2] INFO  impl.RoleInfo (RoleInfo.java:updateAndGet(143)) - 58095e90-3010-492a-9083-43cf2e035c3f: start FollowerState
2019-10-30 05:53:17,378 [Thread-1034] INFO  impl.FollowerState (FollowerState.java:run(117)) - 7fae3aed-4e76-4283-a599-f93f794625ab@group-BCADF287A12B-FollowerState was interrupted: java.lang.InterruptedException: sleep interrupted
2019-10-30 05:53:17,378 [Thread-1035] INFO  impl.FollowerState (FollowerState.java:run(117)) - 58095e90-3010-492a-9083-43cf2e035c3f@group-BCADF287A12B-FollowerState was interrupted: java.lang.InterruptedException: sleep interrupted
2019-10-30 05:53:17,393 [9127dd83-037b-4d39-812f-66db56af525a@group-BCADF287A12B-LeaderElection122] INFO  impl.LeaderElection (LeaderElection.java:logAndReturn(56)) - 9127dd83-037b-4d39-812f-66db56af525a@group-BCADF287A12B-LeaderElection122: Election REJECTED; received 2 response(s) [9127dd83-037b-4d39-812f-66db56af525a<-7fae3aed-4e76-4283-a599-f93f794625ab#0:FAIL-t134, 9127dd83-037b-4d39-812f-66db56af525a<-58095e90-3010-492a-9083-43cf2e035c3f#0:FAIL-t134] and 0 exception(s); 9127dd83-037b-4d39-812f-66db56af525a@group-BCADF287A12B:t134, leader=null, voted=9127dd83-037b-4d39-812f-66db56af525a, raftlog=9127dd83-037b-4d39-812f-66db56af525a@group-BCADF287A12B-SegmentedRaftLog:OPENED:c-1,f-1,i0, conf=-1: [7fae3aed-4e76-4283-a599-f93f794625ab:192.168.34.21:41352, 58095e90-3010-492a-9083-43cf2e035c3f:192.168.34.21:45284, 9127dd83-037b-4d39-812f-66db56af525a:192.168.34.21:42063], old=null
2019-10-30 05:53:17,393 [9127dd83-037b-4d39-812f-66db56af525a@group-BCADF287A12B-LeaderElection122] INFO  impl.RaftServerImpl (RaftServerImpl.java:setRole(184)) - 9127dd83-037b-4d39-812f-66db56af525a@group-BCADF287A12B: changes role from CANDIDATE to FOLLOWER at term 134 for DISCOVERED_A_NEW_TERM
2019-10-30 05:53:17,393 [9127dd83-037b-4d39-812f-66db56af525a@group-BCADF287A12B-LeaderElection122] INFO  impl.RoleInfo (RoleInfo.java:shutdownLeaderElection(134)) - 9127dd83-037b-4d39-812f-66db56af525a: shutdown LeaderElection
2019-10-30 05:53:17,394 [9127dd83-037b-4d39-812f-66db56af525a@group-BCADF287A12B-LeaderElection122] INFO  impl.RoleInfo (RoleInfo.java:updateAndGet(143)) - 9127dd83-037b-4d39-812f-66db56af525a: start FollowerState
2019-10-30 05:53:17,591 [Thread-1042] INFO  impl.FollowerState (FollowerState.java:run(108)) - 9127dd83-037b-4d39-812f-66db56af525a@group-BCADF287A12B-FollowerState: change to CANDIDATE, lastRpcTime:197ms, electionTimeout:197ms
2019-10-30 05:53:17,591 [Thread-1042] INFO  impl.RoleInfo (RoleInfo.java:shutdownFollowerState(121)) - 9127dd83-037b-4d39-812f-66db56af525a: shutdown FollowerState
2019-10-30 05:53:17,591 [Thread-1042] INFO  impl.RaftServerImpl (RaftServerImpl.java:setRole(184)) - 9127dd83-037b-4d39-812f-66db56af525a@group-BCADF287A12B: changes role from  FOLLOWER to CANDIDATE at term 134 for changeToCandidate
2019-10-30 05:53:17,592 [Thread-1042] INFO  impl.RoleInfo (RoleInfo.java:updateAndGet(143)) - 9127dd83-037b-4d39-812f-66db56af525a: start LeaderElection
2019-10-30 05:53:17,610 [9127dd83-037b-4d39-812f-66db56af525a@group-BCADF287A12B-LeaderElection123] INFO  impl.LeaderElection (LeaderElection.java:askForVotes(178)) - 9127dd83-037b-4d39-812f-66db56af525a@group-BCADF287A12B-LeaderElection123: begin an election at term 135 for -1: [7fae3aed-4e76-4283-a599-f93f794625ab:192.168.34.21:41352, 58095e90-3010-492a-9083-43cf2e035c3f:192.168.34.21:45284, 9127dd83-037b-4d39-812f-66db56af525a:192.168.34.21:42063], old=null
2019-10-30 05:53:17,613 [grpc-default-executor-2] INFO  impl.RaftServerImpl (RaftServerImpl.java:setRole(184)) - 58095e90-3010-492a-9083-43cf2e035c3f@group-BCADF287A12B: changes role from  FOLLOWER to FOLLOWER at term 135 for recognizeCandidate:9127dd83-037b-4d39-812f-66db56af525a
2019-10-30 05:53:17,613 [grpc-default-executor-0] INFO  impl.RaftServerImpl (RaftServerImpl.java:setRole(184)) - 7fae3aed-4e76-4283-a599-f93f794625ab@group-BCADF287A12B: changes role from  FOLLOWER to FOLLOWER at term 135 for recognizeCandidate:9127dd83-037b-4d39-812f-66db56af525a
2019-10-30 05:53:17,613 [grpc-default-executor-2] INFO  impl.RoleInfo (RoleInfo.java:shutdownFollowerState(121)) - 58095e90-3010-492a-9083-43cf2e035c3f: shutdown FollowerState
2019-10-30 05:53:17,613 [grpc-default-executor-0] INFO  impl.RoleInfo (RoleInfo.java:shutdownFollowerState(121)) - 7fae3aed-4e76-4283-a599-f93f794625ab: shutdown FollowerState
2019-10-30 05:53:17,613 [grpc-default-executor-2] INFO  impl.RoleInfo (RoleInfo.java:updateAndGet(143)) - 58095e90-3010-492a-9083-43cf2e035c3f: start FollowerState
2019-10-30 05:53:17,613 [grpc-default-executor-0] INFO  impl.RoleInfo (RoleInfo.java:updateAndGet(143)) - 7fae3aed-4e76-4283-a599-f93f794625ab: start FollowerState
2019-10-30 05:53:17,613 [Thread-1041] INFO  impl.FollowerState (FollowerState.java:run(117)) - 58095e90-3010-492a-9083-43cf2e035c3f@group-BCADF287A12B-FollowerState was interrupted: java.lang.InterruptedException: sleep interrupted
2019-10-30 05:53:17,613 [Thread-1040] INFO  impl.FollowerState (FollowerState.java:run(117)) - 7fae3aed-4e76-4283-a599-f93f794625ab@group-BCADF287A12B-FollowerState was interrupted: java.lang.InterruptedException: sleep interrupted
2019-10-30 05:53:17,632 [9127dd83-037b-4d39-812f-66db56af525a@group-BCADF287A12B-LeaderElection123] INFO  impl.LeaderElection (LeaderElection.java:logAndReturn(56)) - 9127dd83-037b-4d39-812f-66db56af525a@group-BCADF287A12B-LeaderElection123: Election REJECTED; received 2 response(s) [9127dd83-037b-4d39-812f-66db56af525a<-7fae3aed-4e76-4283-a599-f93f794625ab#0:FAIL-t135, 9127dd83-037b-4d39-812f-66db56af525a<-58095e90-3010-492a-9083-43cf2e035c3f#0:FAIL-t135] and 0 exception(s); 9127dd83-037b-4d39-812f-66db56af525a@group-BCADF287A12B:t135, leader=null, voted=9127dd83-037b-4d39-812f-66db56af525a, raftlog=9127dd83-037b-4d39-812f-66db56af525a@group-BCADF287A12B-SegmentedRaftLog:OPENED:c-1,f-1,i0, conf=-1: [7fae3aed-4e76-4283-a599-f93f794625ab:192.168.34.21:41352, 58095e90-3010-492a-9083-43cf2e035c3f:192.168.34.21:45284, 9127dd83-037b-4d39-812f-66db56af525a:192.168.34.21:42063], old=null
2019-10-30 05:53:17,632 [9127dd83-037b-4d39-812f-66db56af525a@group-BCADF287A12B-LeaderElection123] INFO  impl.RaftServerImpl (RaftServerImpl.java:setRole(184)) - 9127dd83-037b-4d39-812f-66db56af525a@group-BCADF287A12B: changes role from CANDIDATE to FOLLOWER at term 135 for DISCOVERED_A_NEW_TERM
2019-10-30 05:53:17,632 [9127dd83-037b-4d39-812f-66db56af525a@group-BCADF287A12B-LeaderElection123] INFO  impl.RoleInfo (RoleInfo.java:shutdownLeaderElection(134)) - 9127dd83-037b-4d39-812f-66db56af525a: shutdown LeaderElection
2019-10-30 05:53:17,632 [9127dd83-037b-4d39-812f-66db56af525a@group-BCADF287A12B-LeaderElection123] INFO  impl.RoleInfo (RoleInfo.java:updateAndGet(143)) - 9127dd83-037b-4d39-812f-66db56af525a: start FollowerState
2019-10-30 05:53:17,822 [Thread-1048] INFO  impl.FollowerState (FollowerState.java:run(108)) - 9127dd83-037b-4d39-812f-66db56af525a@group-BCADF287A12B-FollowerState: change to CANDIDATE, lastRpcTime:190ms, electionTimeout:190ms
2019-10-30 05:53:17,823 [Thread-1048] INFO  impl.RoleInfo (RoleInfo.java:shutdownFollowerState(121)) - 9127dd83-037b-4d39-812f-66db56af525a: shutdown FollowerState
2019-10-30 05:53:17,823 [Thread-1048] INFO  impl.RaftServerImpl (RaftServerImpl.java:setRole(184)) - 9127dd83-037b-4d39-812f-66db56af525a@group-BCADF287A12B: changes role from  FOLLOWER to CANDIDATE at term 135 for changeToCandidate
2019-10-30 05:53:17,823 [Thread-1048] INFO  impl.RoleInfo (RoleInfo.java:updateAndGet(143)) - 9127dd83-037b-4d39-812f-66db56af525a: start LeaderElection
2019-10-30 05:53:17,837 [9127dd83-037b-4d39-812f-66db56af525a@group-BCADF287A12B-LeaderElection124] INFO  impl.LeaderElection (LeaderElection.java:askForVotes(178)) - 9127dd83-037b-4d39-812f-66db56af525a@group-BCADF287A12B-LeaderElection124: begin an election at term 136 for -1: [7fae3aed-4e76-4283-a599-f93f794625ab:192.168.34.21:41352, 58095e90-3010-492a-9083-43cf2e035c3f:192.168.34.21:45284, 9127dd83-037b-4d39-812f-66db56af525a:192.168.34.21:42063], old=null
2019-10-30 05:53:17,839 [grpc-default-executor-2] INFO  impl.RaftServerImpl (RaftServerImpl.java:setRole(184)) - 7fae3aed-4e76-4283-a599-f93f794625ab@group-BCADF287A12B: changes role from  FOLLOWER to FOLLOWER at term 136 for recognizeCandidate:9127dd83-037b-4d39-812f-66db56af525a
2019-10-30 05:53:17,839 [grpc-default-executor-0] INFO  impl.RaftServerImpl (RaftServerImpl.java:setRole(184)) - 58095e90-3010-492a-9083-43cf2e035c3f@group-BCADF287A12B: changes role from  FOLLOWER to FOLLOWER at term 136 for recognizeCandidate:9127dd83-037b-4d39-812f-66db56af525a
2019-10-30 05:53:17,839 [grpc-default-executor-2] INFO  impl.RoleInfo (RoleInfo.java:shutdownFollowerState(121)) - 7fae3aed-4e76-4283-a599-f93f794625ab: shutdown FollowerState
2019-10-30 05:53:17,839 [grpc-default-executor-0] INFO  impl.RoleInfo (RoleInfo.java:shutdownFollowerState(121)) - 58095e90-3010-492a-9083-43cf2e035c3f: shutdown FollowerState
2019-10-30 05:53:17,840 [grpc-default-executor-2] INFO  impl.RoleInfo (RoleInfo.java:updateAndGet(143)) - 7fae3aed-4e76-4283-a599-f93f794625ab: start FollowerState
2019-10-30 05:53:17,840 [grpc-default-executor-0] INFO  impl.RoleInfo (RoleInfo.java:updateAndGet(143)) - 58095e90-3010-492a-9083-43cf2e035c3f: start FollowerState
2019-10-30 05:53:17,840 [Thread-1047] INFO  impl.FollowerState (FollowerState.java:run(117)) - 7fae3aed-4e76-4283-a599-f93f794625ab@group-BCADF287A12B-FollowerState was interrupted: java.lang.InterruptedException: sleep interrupted
2019-10-30 05:53:17,840 [Thread-1046] INFO  impl.FollowerState (FollowerState.java:run(117)) - 58095e90-3010-492a-9083-43cf2e035c3f@group-BCADF287A12B-FollowerState was interrupted: java.lang.InterruptedException: sleep interrupted
2019-10-30 05:53:17,855 [9127dd83-037b-4d39-812f-66db56af525a@group-BCADF287A12B-LeaderElection124] INFO  impl.LeaderElection (LeaderElection.java:logAndReturn(56)) - 9127dd83-037b-4d39-812f-66db56af525a@group-BCADF287A12B-LeaderElection124: Election REJECTED; received 2 response(s) [9127dd83-037b-4d39-812f-66db56af525a<-7fae3aed-4e76-4283-a599-f93f794625ab#0:FAIL-t136, 9127dd83-037b-4d39-812f-66db56af525a<-58095e90-3010-492a-9083-43cf2e035c3f#0:FAIL-t136] and 0 exception(s); 9127dd83-037b-4d39-812f-66db56af525a@group-BCADF287A12B:t136, leader=null, voted=9127dd83-037b-4d39-812f-66db56af525a, raftlog=9127dd83-037b-4d39-812f-66db56af525a@group-BCADF287A12B-SegmentedRaftLog:OPENED:c-1,f-1,i0, conf=-1: [7fae3aed-4e76-4283-a599-f93f794625ab:192.168.34.21:41352, 58095e90-3010-492a-9083-43cf2e035c3f:192.168.34.21:45284, 9127dd83-037b-4d39-812f-66db56af525a:192.168.34.21:42063], old=null
2019-10-30 05:53:17,855 [9127dd83-037b-4d39-812f-66db56af525a@group-BCADF287A12B-LeaderElection124] INFO  impl.RaftServerImpl (RaftServerImpl.java:setRole(184)) - 9127dd83-037b-4d39-812f-66db56af525a@group-BCADF287A12B: changes role from CANDIDATE to FOLLOWER at term 136 for DISCOVERED_A_NEW_TERM
2019-10-30 05:53:17,855 [9127dd83-037b-4d39-812f-66db56af525a@group-BCADF287A12B-LeaderElection124] INFO  impl.RoleInfo (RoleInfo.java:shutdownLeaderElection(134)) - 9127dd83-037b-4d39-812f-66db56af525a: shutdown LeaderElection
2019-10-30 05:53:17,855 [9127dd83-037b-4d39-812f-66db56af525a@group-BCADF287A12B-LeaderElection124] INFO  impl.RoleInfo (RoleInfo.java:updateAndGet(143)) - 9127dd83-037b-4d39-812f-66db56af525a: start FollowerState
2019-10-30 05:53:17,883 [Thread-1054] INFO  impl.FollowerState (FollowerState.java:run(108)) - 9127dd83-037b-4d39-812f-66db56af525a@group-BCADF287A12B-FollowerState: change to CANDIDATE, lastRpcTime:27ms, electionTimeout:27ms
2019-10-30 05:53:17,883 [Thread-1054] INFO  impl.RoleInfo (RoleInfo.java:shutdownFollowerState(121)) - 9127dd83-037b-4d39-812f-66db56af525a: shutdown FollowerState
2019-10-30 05:53:17,883 [Thread-1054] INFO  impl.RaftServerImpl (RaftServerImpl.java:setRole(184)) - 9127dd83-037b-4d39-812f-66db56af525a@group-BCADF287A12B: changes role from  FOLLOWER to CANDIDATE at term 136 for changeToCandidate
2019-10-30 05:53:17,883 [Thread-1054] INFO  impl.RoleInfo (RoleInfo.java:updateAndGet(143)) - 9127dd83-037b-4d39-812f-66db56af525a: start LeaderElection
2019-10-30 05:53:17,890 [9127dd83-037b-4d39-812f-66db56af525a@group-BCADF287A12B-LeaderElection125] INFO  impl.LeaderElection (LeaderElection.java:askForVotes(178)) - 9127dd83-037b-4d39-812f-66db56af525a@group-BCADF287A12B-LeaderElection125: begin an election at term 137 for -1: [7fae3aed-4e76-4283-a599-f93f794625ab:192.168.34.21:41352, 58095e90-3010-492a-9083-43cf2e035c3f:192.168.34.21:45284, 9127dd83-037b-4d39-812f-66db56af525a:192.168.34.21:42063], old=null
2019-10-30 05:53:17,893 [grpc-default-executor-2] INFO  impl.RaftServerImpl (RaftServerImpl.java:setRole(184)) - 58095e90-3010-492a-9083-43cf2e035c3f@group-BCADF287A12B: changes role from  FOLLOWER to FOLLOWER at term 137 for recognizeCandidate:9127dd83-037b-4d39-812f-66db56af525a
2019-10-30 05:53:17,893 [grpc-default-executor-0] INFO  impl.RaftServerImpl (RaftServerImpl.java:setRole(184)) - 7fae3aed-4e76-4283-a599-f93f794625ab@group-BCADF287A12B: changes role from  FOLLOWER to FOLLOWER at term 137 for recognizeCandidate:9127dd83-037b-4d39-812f-66db56af525a
2019-10-30 05:53:17,893 [grpc-default-executor-2] INFO  impl.RoleInfo (RoleInfo.java:shutdownFollowerState(121)) - 58095e90-3010-492a-9083-43cf2e035c3f: shutdown FollowerState
2019-10-30 05:53:17,893 [grpc-default-executor-0] INFO  impl.RoleInfo (RoleInfo.java:shutdownFollowerState(121)) - 7fae3aed-4e76-4283-a599-f93f794625ab: shutdown FollowerState
2019-10-30 05:53:17,893 [Thread-1053] INFO  impl.FollowerState (FollowerState.java:run(117)) - 58095e90-3010-492a-9083-43cf2e035c3f@group-BCADF287A12B-FollowerState was interrupted: java.lang.InterruptedException: sleep interrupted
2019-10-30 05:53:17,893 [grpc-default-executor-2] INFO  impl.RoleInfo (RoleInfo.java:updateAndGet(143)) - 58095e90-3010-492a-9083-43cf2e035c3f: start FollowerState
2019-10-30 05:53:17,893 [Thread-1052] INFO  impl.FollowerState (FollowerState.java:run(117)) - 7fae3aed-4e76-4283-a599-f93f794625ab@group-BCADF287A12B-FollowerState was interrupted: java.lang.InterruptedException: sleep interrupted
2019-10-30 05:53:17,893 [grpc-default-executor-0] INFO  impl.RoleInfo (RoleInfo.java:updateAndGet(143)) - 7fae3aed-4e76-4283-a599-f93f794625ab: start FollowerState
2019-10-30 05:53:17,908 [9127dd83-037b-4d39-812f-66db56af525a@group-BCADF287A12B-LeaderElection125] INFO  impl.LeaderElection (LeaderElection.java:logAndReturn(56)) - 9127dd83-037b-4d39-812f-66db56af525a@group-BCADF287A12B-LeaderElection125: Election REJECTED; received 2 response(s) [9127dd83-037b-4d39-812f-66db56af525a<-7fae3aed-4e76-4283-a599-f93f794625ab#0:FAIL-t137, 9127dd83-037b-4d39-812f-66db56af525a<-58095e90-3010-492a-9083-43cf2e035c3f#0:FAIL-t137] and 0 exception(s); 9127dd83-037b-4d39-812f-66db56af525a@group-BCADF287A12B:t137, leader=null, voted=9127dd83-037b-4d39-812f-66db56af525a, raftlog=9127dd83-037b-4d39-812f-66db56af525a@group-BCADF287A12B-SegmentedRaftLog:OPENED:c-1,f-1,i0, conf=-1: [7fae3aed-4e76-4283-a599-f93f794625ab:192.168.34.21:41352, 58095e90-3010-492a-9083-43cf2e035c3f:192.168.34.21:45284, 9127dd83-037b-4d39-812f-66db56af525a:192.168.34.21:42063], old=null
2019-10-30 05:53:17,908 [9127dd83-037b-4d39-812f-66db56af525a@group-BCADF287A12B-LeaderElection125] INFO  impl.RaftServerImpl (RaftServerImpl.java:setRole(184)) - 9127dd83-037b-4d39-812f-66db56af525a@group-BCADF287A12B: changes role from CANDIDATE to FOLLOWER at term 137 for DISCOVERED_A_NEW_TERM
2019-10-30 05:53:17,908 [9127dd83-037b-4d39-812f-66db56af525a@group-BCADF287A12B-LeaderElection125] INFO  impl.RoleInfo (RoleInfo.java:shutdownLeaderElection(134)) - 9127dd83-037b-4d39-812f-66db56af525a: shutdown LeaderElection
2019-10-30 05:53:17,908 [9127dd83-037b-4d39-812f-66db56af525a@group-BCADF287A12B-LeaderElection125] INFO  impl.RoleInfo (RoleInfo.java:updateAndGet(143)) - 9127dd83-037b-4d39-812f-66db56af525a: start FollowerState
2019-10-30 05:53:18,022 [Thread-1060] INFO  impl.FollowerState (FollowerState.java:run(108)) - 9127dd83-037b-4d39-812f-66db56af525a@group-BCADF287A12B-FollowerState: change to CANDIDATE, lastRpcTime:113ms, electionTimeout:113ms
2019-10-30 05:53:18,022 [Thread-1060] INFO  impl.RoleInfo (RoleInfo.java:shutdownFollowerState(121)) - 9127dd83-037b-4d39-812f-66db56af525a: shutdown FollowerState
2019-10-30 05:53:18,022 [Thread-1060] INFO  impl.RaftServerImpl (RaftServerImpl.java:setRole(184)) - 9127dd83-037b-4d39-812f-66db56af525a@group-BCADF287A12B: changes role from  FOLLOWER to CANDIDATE at term 137 for changeToCandidate
2019-10-30 05:53:18,022 [Thread-1060] INFO  impl.RoleInfo (RoleInfo.java:updateAndGet(143)) - 9127dd83-037b-4d39-812f-66db56af525a: start LeaderElection
2019-10-30 05:53:18,036 [9127dd83-037b-4d39-812f-66db56af525a@group-BCADF287A12B-LeaderElection126] INFO  impl.LeaderElection (LeaderElection.java:askForVotes(178)) - 9127dd83-037b-4d39-812f-66db56af525a@group-BCADF287A12B-LeaderElection126: begin an election at term 138 for -1: [7fae3aed-4e76-4283-a599-f93f794625ab:192.168.34.21:41352, 58095e90-3010-492a-9083-43cf2e035c3f:192.168.34.21:45284, 9127dd83-037b-4d39-812f-66db56af525a:192.168.34.21:42063], old=null
2019-10-30 05:53:18,040 [grpc-default-executor-2] INFO  impl.RaftServerImpl (RaftServerImpl.java:setRole(184)) - 7fae3aed-4e76-4283-a599-f93f794625ab@group-BCADF287A12B: changes role from  FOLLOWER to FOLLOWER at term 138 for recognizeCandidate:9127dd83-037b-4d39-812f-66db56af525a
2019-10-30 05:53:18,040 [grpc-default-executor-0] INFO  impl.RaftServerImpl (RaftServerImpl.java:setRole(184)) - 58095e90-3010-492a-9083-43cf2e035c3f@group-BCADF287A12B: changes role from  FOLLOWER to FOLLOWER at term 138 for recognizeCandidate:9127dd83-037b-4d39-812f-66db56af525a
2019-10-30 05:53:18,040 [grpc-default-executor-0] INFO  impl.RoleInfo (RoleInfo.java:shutdownFollowerState(121)) - 58095e90-3010-492a-9083-43cf2e035c3f: shutdown FollowerState
2019-10-30 05:53:18,040 [grpc-default-executor-2] INFO  impl.RoleInfo (RoleInfo.java:shutdownFollowerState(121)) - 7fae3aed-4e76-4283-a599-f93f794625ab: shutdown FollowerState
2019-10-30 05:53:18,040 [Thread-1058] INFO  impl.FollowerState (FollowerState.java:run(117)) - 58095e90-3010-492a-9083-43cf2e035c3f@group-BCADF287A12B-FollowerState was interrupted: java.lang.InterruptedException: sleep interrupted
2019-10-30 05:53:18,040 [grpc-default-executor-0] INFO  impl.RoleInfo (RoleInfo.java:updateAndGet(143)) - 58095e90-3010-492a-9083-43cf2e035c3f: start FollowerState
2019-10-30 05:53:18,040 [Thread-1059] INFO  impl.FollowerState (FollowerState.java:run(117)) - 7fae3aed-4e76-4283-a599-f93f794625ab@group-BCADF287A12B-FollowerState was interrupted: java.lang.InterruptedException: sleep interrupted
2019-10-30 05:53:18,040 [grpc-default-executor-2] INFO  impl.RoleInfo (RoleInfo.java:updateAndGet(143)) - 7fae3aed-4e76-4283-a599-f93f794625ab: start FollowerState
2019-10-30 05:53:18,061 [9127dd83-037b-4d39-812f-66db56af525a@group-BCADF287A12B-LeaderElection126] INFO  impl.LeaderElection (LeaderElection.java:logAndReturn(56)) - 9127dd83-037b-4d39-812f-66db56af525a@group-BCADF287A12B-LeaderElection126: Election REJECTED; received 2 response(s) [9127dd83-037b-4d39-812f-66db56af525a<-7fae3aed-4e76-4283-a599-f93f794625ab#0:FAIL-t138, 9127dd83-037b-4d39-812f-66db56af525a<-58095e90-3010-492a-9083-43cf2e035c3f#0:FAIL-t138] and 0 exception(s); 9127dd83-037b-4d39-812f-66db56af525a@group-BCADF287A12B:t138, leader=null, voted=9127dd83-037b-4d39-812f-66db56af525a, raftlog=9127dd83-037b-4d39-812f-66db56af525a@group-BCADF287A12B-SegmentedRaftLog:OPENED:c-1,f-1,i0, conf=-1: [7fae3aed-4e76-4283-a599-f93f794625ab:192.168.34.21:41352, 58095e90-3010-492a-9083-43cf2e035c3f:192.168.34.21:45284, 9127dd83-037b-4d39-812f-66db56af525a:192.168.34.21:42063], old=null
2019-10-30 05:53:18,062 [9127dd83-037b-4d39-812f-66db56af525a@group-BCADF287A12B-LeaderElection126] INFO  impl.RaftServerImpl (RaftServerImpl.java:setRole(184)) - 9127dd83-037b-4d39-812f-66db56af525a@group-BCADF287A12B: changes role from CANDIDATE to FOLLOWER at term 138 for DISCOVERED_A_NEW_TERM
2019-10-30 05:53:18,062 [9127dd83-037b-4d39-812f-66db56af525a@group-BCADF287A12B-LeaderElection126] INFO  impl.RoleInfo (RoleInfo.java:shutdownLeaderElection(134)) - 9127dd83-037b-4d39-812f-66db56af525a: shutdown LeaderElection
2019-10-30 05:53:18,062 [9127dd83-037b-4d39-812f-66db56af525a@group-BCADF287A12B-LeaderElection126] INFO  impl.RoleInfo (RoleInfo.java:updateAndGet(143)) - 9127dd83-037b-4d39-812f-66db56af525a: start FollowerState
2019-10-30 05:53:18,114 [Thread-1068] INFO  impl.FollowerState (FollowerState.java:run(108)) - 9127dd83-037b-4d39-812f-66db56af525a@group-BCADF287A12B-FollowerState: change to CANDIDATE, lastRpcTime:52ms, electionTimeout:52ms
2019-10-30 05:53:18,114 [Thread-1068] INFO  impl.RoleInfo (RoleInfo.java:shutdownFollowerState(121)) - 9127dd83-037b-4d39-812f-66db56af525a: shutdown FollowerState
2019-10-30 05:53:18,115 [Thread-1068] INFO  impl.RaftServerImpl (RaftServerImpl.java:setRole(184)) - 9127dd83-037b-4d39-812f-66db56af525a@group-BCADF287A12B: changes role from  FOLLOWER to CANDIDATE at term 138 for changeToCandidate
2019-10-30 05:53:18,115 [Thread-1068] INFO  impl.RoleInfo (RoleInfo.java:updateAndGet(143)) - 9127dd83-037b-4d39-812f-66db56af525a: start LeaderElection
2019-10-30 05:53:18,129 [9127dd83-037b-4d39-812f-66db56af525a@group-BCADF287A12B-LeaderElection127] INFO  impl.LeaderElection (LeaderElection.java:askForVotes(178)) - 9127dd83-037b-4d39-812f-66db56af525a@group-BCADF287A12B-LeaderElection127: begin an election at term 139 for -1: [7fae3aed-4e76-4283-a599-f93f794625ab:192.168.34.21:41352, 58095e90-3010-492a-9083-43cf2e035c3f:192.168.34.21:45284, 9127dd83-037b-4d39-812f-66db56af525a:192.168.34.21:42063], old=null
2019-10-30 05:53:18,131 [grpc-default-executor-1] INFO  impl.RaftServerImpl (RaftServerImpl.java:setRole(184)) - 7fae3aed-4e76-4283-a599-f93f794625ab@group-BCADF287A12B: changes role from  FOLLOWER to FOLLOWER at term 139 for recognizeCandidate:9127dd83-037b-4d39-812f-66db56af525a
2019-10-30 05:53:18,131 [grpc-default-executor-1] INFO  impl.RoleInfo (RoleInfo.java:shutdownFollowerState(121)) - 7fae3aed-4e76-4283-a599-f93f794625ab: shutdown FollowerState
2019-10-30 05:53:18,131 [grpc-default-executor-3] INFO  impl.RaftServerImpl (RaftServerImpl.java:setRole(184)) - 58095e90-3010-492a-9083-43cf2e035c3f@group-BCADF287A12B: changes role from  FOLLOWER to FOLLOWER at term 139 for recognizeCandidate:9127dd83-037b-4d39-812f-66db56af525a
2019-10-30 05:53:18,131 [Thread-1065] INFO  impl.FollowerState (FollowerState.java:run(117)) - 7fae3aed-4e76-4283-a599-f93f794625ab@group-BCADF287A12B-FollowerState was interrupted: java.lang.InterruptedException: sleep interrupted
2019-10-30 05:53:18,131 [grpc-default-executor-1] INFO  impl.RoleInfo (RoleInfo.java:updateAndGet(143)) - 7fae3aed-4e76-4283-a599-f93f794625ab: start FollowerState
2019-10-30 05:53:18,131 [grpc-default-executor-3] INFO  impl.RoleInfo (RoleInfo.java:shutdownFollowerState(121)) - 58095e90-3010-492a-9083-43cf2e035c3f: shutdown FollowerState
2019-10-30 05:53:18,132 [grpc-default-executor-3] INFO  impl.RoleInfo (RoleInfo.java:updateAndGet(143)) - 58095e90-3010-492a-9083-43cf2e035c3f: start FollowerState
2019-10-30 05:53:18,132 [Thread-1064] INFO  impl.FollowerState (FollowerState.java:run(117)) - 58095e90-3010-492a-9083-43cf2e035c3f@group-BCADF287A12B-FollowerState was interrupted: java.lang.InterruptedException: sleep interrupted
2019-10-30 05:53:18,146 [9127dd83-037b-4d39-812f-66db56af525a@group-BCADF287A12B-LeaderElection127] INFO  impl.LeaderElection (LeaderElection.java:logAndReturn(56)) - 9127dd83-037b-4d39-812f-66db56af525a@group-BCADF287A12B-LeaderElection127: Election REJECTED; received 2 response(s) [9127dd83-037b-4d39-812f-66db56af525a<-7fae3aed-4e76-4283-a599-f93f794625ab#0:FAIL-t139, 9127dd83-037b-4d39-812f-66db56af525a<-58095e90-3010-492a-9083-43cf2e035c3f#0:FAIL-t139] and 0 exception(s); 9127dd83-037b-4d39-812f-66db56af525a@group-BCADF287A12B:t139, leader=null, voted=9127dd83-037b-4d39-812f-66db56af525a, raftlog=9127dd83-037b-4d39-812f-66db56af525a@group-BCADF287A12B-SegmentedRaftLog:OPENED:c-1,f-1,i0, conf=-1: [7fae3aed-4e76-4283-a599-f93f794625ab:192.168.34.21:41352, 58095e90-3010-492a-9083-43cf2e035c3f:192.168.34.21:45284, 9127dd83-037b-4d39-812f-66db56af525a:192.168.34.21:42063], old=null
2019-10-30 05:53:18,146 [9127dd83-037b-4d39-812f-66db56af525a@group-BCADF287A12B-LeaderElection127] INFO  impl.RaftServerImpl (RaftServerImpl.java:setRole(184)) - 9127dd83-037b-4d39-812f-66db56af525a@group-BCADF287A12B: changes role from CANDIDATE to FOLLOWER at term 139 for DISCOVERED_A_NEW_TERM
2019-10-30 05:53:18,146 [9127dd83-037b-4d39-812f-66db56af525a@group-BCADF287A12B-LeaderElection127] INFO  impl.RoleInfo (RoleInfo.java:shutdownLeaderElection(134)) - 9127dd83-037b-4d39-812f-66db56af525a: shutdown LeaderElection
2019-10-30 05:53:18,147 [9127dd83-037b-4d39-812f-66db56af525a@group-BCADF287A12B-LeaderElection127] INFO  impl.RoleInfo (RoleInfo.java:updateAndGet(143)) - 9127dd83-037b-4d39-812f-66db56af525a: start FollowerState
2019-10-30 05:53:18,284 [Thread-1074] INFO  impl.FollowerState (FollowerState.java:run(108)) - 9127dd83-037b-4d39-812f-66db56af525a@group-BCADF287A12B-FollowerState: change to CANDIDATE, lastRpcTime:137ms, electionTimeout:137ms
2019-10-30 05:53:18,284 [Thread-1074] INFO  impl.RoleInfo (RoleInfo.java:shutdownFollowerState(121)) - 9127dd83-037b-4d39-812f-66db56af525a: shutdown FollowerState
2019-10-30 05:53:18,284 [Thread-1074] INFO  impl.RaftServerImpl (RaftServerImpl.java:setRole(184)) - 9127dd83-037b-4d39-812f-66db56af525a@group-BCADF287A12B: changes role from  FOLLOWER to CANDIDATE at term 139 for changeToCandidate
2019-10-30 05:53:18,285 [Thread-1074] INFO  impl.RoleInfo (RoleInfo.java:updateAndGet(143)) - 9127dd83-037b-4d39-812f-66db56af525a: start LeaderElection
2019-10-30 05:53:18,298 [9127dd83-037b-4d39-812f-66db56af525a@group-BCADF287A12B-LeaderElection128] INFO  impl.LeaderElection (LeaderElection.java:askForVotes(178)) - 9127dd83-037b-4d39-812f-66db56af525a@group-BCADF287A12B-LeaderElection128: begin an election at term 140 for -1: [7fae3aed-4e76-4283-a599-f93f794625ab:192.168.34.21:41352, 58095e90-3010-492a-9083-43cf2e035c3f:192.168.34.21:45284, 9127dd83-037b-4d39-812f-66db56af525a:192.168.34.21:42063], old=null
2019-10-30 05:53:18,301 [grpc-default-executor-3] INFO  impl.RaftServerImpl (RaftServerImpl.java:setRole(184)) - 58095e90-3010-492a-9083-43cf2e035c3f@group-BCADF287A12B: changes role from  FOLLOWER to FOLLOWER at term 140 for recognizeCandidate:9127dd83-037b-4d39-812f-66db56af525a
2019-10-30 05:53:18,301 [grpc-default-executor-3] INFO  impl.RoleInfo (RoleInfo.java:shutdownFollowerState(121)) - 58095e90-3010-492a-9083-43cf2e035c3f: shutdown FollowerState
2019-10-30 05:53:18,301 [grpc-default-executor-1] INFO  impl.RaftServerImpl (RaftServerImpl.java:setRole(184)) - 7fae3aed-4e76-4283-a599-f93f794625ab@group-BCADF287A12B: changes role from  FOLLOWER to FOLLOWER at term 140 for recognizeCandidate:9127dd83-037b-4d39-812f-66db56af525a
2019-10-30 05:53:18,301 [Thread-1073] INFO  impl.FollowerState (FollowerState.java:run(117)) - 58095e90-3010-492a-9083-43cf2e035c3f@group-BCADF287A12B-FollowerState was interrupted: java.lang.InterruptedException: sleep interrupted
2019-10-30 05:53:18,301 [grpc-default-executor-3] INFO  impl.RoleInfo (RoleInfo.java:updateAndGet(143)) - 58095e90-3010-492a-9083-43cf2e035c3f: start FollowerState
2019-10-30 05:53:18,301 [grpc-default-executor-1] INFO  impl.RoleInfo (RoleInfo.java:shutdownFollowerState(121)) - 7fae3aed-4e76-4283-a599-f93f794625ab: shutdown FollowerState
2019-10-30 05:53:18,302 [grpc-default-executor-1] INFO  impl.RoleInfo (RoleInfo.java:updateAndGet(143)) - 7fae3aed-4e76-4283-a599-f93f794625ab: start FollowerState
2019-10-30 05:53:18,302 [Thread-1072] INFO  impl.FollowerState (FollowerState.java:run(117)) - 7fae3aed-4e76-4283-a599-f93f794625ab@group-BCADF287A12B-FollowerState was interrupted: java.lang.InterruptedException: sleep interrupted
2019-10-30 05:53:18,316 [9127dd83-037b-4d39-812f-66db56af525a@group-BCADF287A12B-LeaderElection128] INFO  impl.LeaderElection (LeaderElection.java:logAndReturn(56)) - 9127dd83-037b-4d39-812f-66db56af525a@group-BCADF287A12B-LeaderElection128: Election REJECTED; received 2 response(s) [9127dd83-037b-4d39-812f-66db56af525a<-7fae3aed-4e76-4283-a599-f93f794625ab#0:FAIL-t140, 9127dd83-037b-4d39-812f-66db56af525a<-58095e90-3010-492a-9083-43cf2e035c3f#0:FAIL-t140] and 0 exception(s); 9127dd83-037b-4d39-812f-66db56af525a@group-BCADF287A12B:t140, leader=null, voted=9127dd83-037b-4d39-812f-66db56af525a, raftlog=9127dd83-037b-4d39-812f-66db56af525a@group-BCADF287A12B-SegmentedRaftLog:OPENED:c-1,f-1,i0, conf=-1: [7fae3aed-4e76-4283-a599-f93f794625ab:192.168.34.21:41352, 58095e90-3010-492a-9083-43cf2e035c3f:192.168.34.21:45284, 9127dd83-037b-4d39-812f-66db56af525a:192.168.34.21:42063], old=null
2019-10-30 05:53:18,316 [9127dd83-037b-4d39-812f-66db56af525a@group-BCADF287A12B-LeaderElection128] INFO  impl.RaftServerImpl (RaftServerImpl.java:setRole(184)) - 9127dd83-037b-4d39-812f-66db56af525a@group-BCADF287A12B: changes role from CANDIDATE to FOLLOWER at term 140 for DISCOVERED_A_NEW_TERM
2019-10-30 05:53:18,317 [9127dd83-037b-4d39-812f-66db56af525a@group-BCADF287A12B-LeaderElection128] INFO  impl.RoleInfo (RoleInfo.java:shutdownLeaderElection(134)) - 9127dd83-037b-4d39-812f-66db56af525a: shutdown LeaderElection
2019-10-30 05:53:18,317 [9127dd83-037b-4d39-812f-66db56af525a@group-BCADF287A12B-LeaderElection128] INFO  impl.RoleInfo (RoleInfo.java:updateAndGet(143)) - 9127dd83-037b-4d39-812f-66db56af525a: start FollowerState
2019-10-30 05:53:18,514 [Thread-1080] INFO  impl.FollowerState (FollowerState.java:run(108)) - 9127dd83-037b-4d39-812f-66db56af525a@group-BCADF287A12B-FollowerState: change to CANDIDATE, lastRpcTime:197ms, electionTimeout:197ms
2019-10-30 05:53:18,514 [Thread-1080] INFO  impl.RoleInfo (RoleInfo.java:shutdownFollowerState(121)) - 9127dd83-037b-4d39-812f-66db56af525a: shutdown FollowerState
2019-10-30 05:53:18,514 [Thread-1080] INFO  impl.RaftServerImpl (RaftServerImpl.java:setRole(184)) - 9127dd83-037b-4d39-812f-66db56af525a@group-BCADF287A12B: changes role from  FOLLOWER to CANDIDATE at term 140 for changeToCandidate
2019-10-30 05:53:18,515 [Thread-1080] INFO  impl.RoleInfo (RoleInfo.java:updateAndGet(143)) - 9127dd83-037b-4d39-812f-66db56af525a: start LeaderElection
2019-10-30 05:53:18,528 [9127dd83-037b-4d39-812f-66db56af525a@group-BCADF287A12B-LeaderElection129] INFO  impl.LeaderElection (LeaderElection.java:askForVotes(178)) - 9127dd83-037b-4d39-812f-66db56af525a@group-BCADF287A12B-LeaderElection129: begin an election at term 141 for -1: [7fae3aed-4e76-4283-a599-f93f794625ab:192.168.34.21:41352, 58095e90-3010-492a-9083-43cf2e035c3f:192.168.34.21:45284, 9127dd83-037b-4d39-812f-66db56af525a:192.168.34.21:42063], old=null
2019-10-30 05:53:18,532 [grpc-default-executor-3] INFO  impl.RaftServerImpl (RaftServerImpl.java:setRole(184)) - 58095e90-3010-492a-9083-43cf2e035c3f@group-BCADF287A12B: changes role from  FOLLOWER to FOLLOWER at term 141 for recognizeCandidate:9127dd83-037b-4d39-812f-66db56af525a
2019-10-30 05:53:18,532 [grpc-default-executor-3] INFO  impl.RoleInfo (RoleInfo.java:shutdownFollowerState(121)) - 58095e90-3010-492a-9083-43cf2e035c3f: shutdown FollowerState
2019-10-30 05:53:18,532 [grpc-default-executor-1] INFO  impl.RaftServerImpl (RaftServerImpl.java:setRole(184)) - 7fae3aed-4e76-4283-a599-f93f794625ab@group-BCADF287A12B: changes role from  FOLLOWER to FOLLOWER at term 141 for recognizeCandidate:9127dd83-037b-4d39-812f-66db56af525a
2019-10-30 05:53:18,532 [Thread-1078] INFO  impl.FollowerState (FollowerState.java:run(117)) - 58095e90-3010-492a-9083-43cf2e035c3f@group-BCADF287A12B-FollowerState was interrupted: java.lang.InterruptedException: sleep interrupted
2019-10-30 05:53:18,532 [grpc-default-executor-3] INFO  impl.RoleInfo (RoleInfo.java:updateAndGet(143)) - 58095e90-3010-492a-9083-43cf2e035c3f: start FollowerState
2019-10-30 05:53:18,532 [grpc-default-executor-1] INFO  impl.RoleInfo (RoleInfo.java:shutdownFollowerState(121)) - 7fae3aed-4e76-4283-a599-f93f794625ab: shutdown FollowerState
2019-10-30 05:53:18,532 [grpc-default-executor-1] INFO  impl.RoleInfo (RoleInfo.java:updateAndGet(143)) - 7fae3aed-4e76-4283-a599-f93f794625ab: start FollowerState
2019-10-30 05:53:18,532 [Thread-1079] INFO  impl.FollowerState (FollowerState.java:run(117)) - 7fae3aed-4e76-4283-a599-f93f794625ab@group-BCADF287A12B-FollowerState was interrupted: java.lang.InterruptedException: sleep interrupted
2019-10-30 05:53:18,546 [9127dd83-037b-4d39-812f-66db56af525a@group-BCADF287A12B-LeaderElection129] INFO  impl.LeaderElection (LeaderElection.java:logAndReturn(56)) - 9127dd83-037b-4d39-812f-66db56af525a@group-BCADF287A12B-LeaderElection129: Election REJECTED; received 2 response(s) [9127dd83-037b-4d39-812f-66db56af525a<-7fae3aed-4e76-4283-a599-f93f794625ab#0:FAIL-t141, 9127dd83-037b-4d39-812f-66db56af525a<-58095e90-3010-492a-9083-43cf2e035c3f#0:FAIL-t141] and 0 exception(s); 9127dd83-037b-4d39-812f-66db56af525a@group-BCADF287A12B:t141, leader=null, voted=9127dd83-037b-4d39-812f-66db56af525a, raftlog=9127dd83-037b-4d39-812f-66db56af525a@group-BCADF287A12B-SegmentedRaftLog:OPENED:c-1,f-1,i0, conf=-1: [7fae3aed-4e76-4283-a599-f93f794625ab:192.168.34.21:41352, 58095e90-3010-492a-9083-43cf2e035c3f:192.168.34.21:45284, 9127dd83-037b-4d39-812f-66db56af525a:192.168.34.21:42063], old=null
2019-10-30 05:53:18,547 [9127dd83-037b-4d39-812f-66db56af525a@group-BCADF287A12B-LeaderElection129] INFO  impl.RaftServerImpl (RaftServerImpl.java:setRole(184)) - 9127dd83-037b-4d39-812f-66db56af525a@group-BCADF287A12B: changes role from CANDIDATE to FOLLOWER at term 141 for DISCOVERED_A_NEW_TERM
2019-10-30 05:53:18,547 [9127dd83-037b-4d39-812f-66db56af525a@group-BCADF287A12B-LeaderElection129] INFO  impl.RoleInfo (RoleInfo.java:shutdownLeaderElection(134)) - 9127dd83-037b-4d39-812f-66db56af525a: shutdown LeaderElection
2019-10-30 05:53:18,547 [9127dd83-037b-4d39-812f-66db56af525a@group-BCADF287A12B-LeaderElection129] INFO  impl.RoleInfo (RoleInfo.java:updateAndGet(143)) - 9127dd83-037b-4d39-812f-66db56af525a: start FollowerState
2019-10-30 05:53:18,746 [Thread-1086] INFO  impl.FollowerState (FollowerState.java:run(108)) - 9127dd83-037b-4d39-812f-66db56af525a@group-BCADF287A12B-FollowerState: change to CANDIDATE, lastRpcTime:199ms, electionTimeout:199ms
2019-10-30 05:53:18,746 [Thread-1086] INFO  impl.RoleInfo (RoleInfo.java:shutdownFollowerState(121)) - 9127dd83-037b-4d39-812f-66db56af525a: shutdown FollowerState
2019-10-30 05:53:18,746 [Thread-1086] INFO  impl.RaftServerImpl (RaftServerImpl.java:setRole(184)) - 9127dd83-037b-4d39-812f-66db56af525a@group-BCADF287A12B: changes role from  FOLLOWER to CANDIDATE at term 141 for changeToCandidate
2019-10-30 05:53:18,747 [Thread-1086] INFO  impl.RoleInfo (RoleInfo.java:updateAndGet(143)) - 9127dd83-037b-4d39-812f-66db56af525a: start LeaderElection
2019-10-30 05:53:18,761 [9127dd83-037b-4d39-812f-66db56af525a@group-BCADF287A12B-LeaderElection130] INFO  impl.LeaderElection (LeaderElection.java:askForVotes(178)) - 9127dd83-037b-4d39-812f-66db56af525a@group-BCADF287A12B-LeaderElection130: begin an election at term 142 for -1: [7fae3aed-4e76-4283-a599-f93f794625ab:192.168.34.21:41352, 58095e90-3010-492a-9083-43cf2e035c3f:192.168.34.21:45284, 9127dd83-037b-4d39-812f-66db56af525a:192.168.34.21:42063], old=null
2019-10-30 05:53:18,763 [grpc-default-executor-1] INFO  impl.RaftServerImpl (RaftServerImpl.java:setRole(184)) - 7fae3aed-4e76-4283-a599-f93f794625ab@group-BCADF287A12B: changes role from  FOLLOWER to FOLLOWER at term 142 for recognizeCandidate:9127dd83-037b-4d39-812f-66db56af525a
2019-10-30 05:53:18,764 [grpc-default-executor-3] INFO  impl.RaftServerImpl (RaftServerImpl.java:setRole(184)) - 58095e90-3010-492a-9083-43cf2e035c3f@group-BCADF287A12B: changes role from  FOLLOWER to FOLLOWER at term 142 for recognizeCandidate:9127dd83-037b-4d39-812f-66db56af525a
2019-10-30 05:53:18,764 [grpc-default-executor-3] INFO  impl.RoleInfo (RoleInfo.java:shutdownFollowerState(121)) - 58095e90-3010-492a-9083-43cf2e035c3f: shutdown FollowerState
2019-10-30 05:53:18,764 [grpc-default-executor-1] INFO  impl.RoleInfo (RoleInfo.java:shutdownFollowerState(121)) - 7fae3aed-4e76-4283-a599-f93f794625ab: shutdown FollowerState
2019-10-30 05:53:18,764 [Thread-1084] INFO  impl.FollowerState (FollowerState.java:run(117)) - 58095e90-3010-492a-9083-43cf2e035c3f@group-BCADF287A12B-FollowerState was interrupted: java.lang.InterruptedException: sleep interrupted
2019-10-30 05:53:18,764 [grpc-default-executor-1] INFO  impl.RoleInfo (RoleInfo.java:updateAndGet(143)) - 7fae3aed-4e76-4283-a599-f93f794625ab: start FollowerState
2019-10-30 05:53:18,764 [grpc-default-executor-3] INFO  impl.RoleInfo (RoleInfo.java:updateAndGet(143)) - 58095e90-3010-492a-9083-43cf2e035c3f: start FollowerState
2019-10-30 05:53:18,764 [Thread-1085] INFO  impl.FollowerState (FollowerState.java:run(117)) - 7fae3aed-4e76-4283-a599-f93f794625ab@group-BCADF287A12B-FollowerState was interrupted: java.lang.InterruptedException: sleep interrupted
2019-10-30 05:53:18,780 [9127dd83-037b-4d39-812f-66db56af525a@group-BCADF287A12B-LeaderElection130] INFO  impl.LeaderElection (LeaderElection.java:logAndReturn(56)) - 9127dd83-037b-4d39-812f-66db56af525a@group-BCADF287A12B-LeaderElection130: Election REJECTED; received 2 response(s) [9127dd83-037b-4d39-812f-66db56af525a<-7fae3aed-4e76-4283-a599-f93f794625ab#0:FAIL-t142, 9127dd83-037b-4d39-812f-66db56af525a<-58095e90-3010-492a-9083-43cf2e035c3f#0:FAIL-t142] and 0 exception(s); 9127dd83-037b-4d39-812f-66db56af525a@group-BCADF287A12B:t142, leader=null, voted=9127dd83-037b-4d39-812f-66db56af525a, raftlog=9127dd83-037b-4d39-812f-66db56af525a@group-BCADF287A12B-SegmentedRaftLog:OPENED:c-1,f-1,i0, conf=-1: [7fae3aed-4e76-4283-a599-f93f794625ab:192.168.34.21:41352, 58095e90-3010-492a-9083-43cf2e035c3f:192.168.34.21:45284, 9127dd83-037b-4d39-812f-66db56af525a:192.168.34.21:42063], old=null
2019-10-30 05:53:18,780 [9127dd83-037b-4d39-812f-66db56af525a@group-BCADF287A12B-LeaderElection130] INFO  impl.RaftServerImpl (RaftServerImpl.java:setRole(184)) - 9127dd83-037b-4d39-812f-66db56af525a@group-BCADF287A12B: changes role from CANDIDATE to FOLLOWER at term 142 for DISCOVERED_A_NEW_TERM
2019-10-30 05:53:18,780 [9127dd83-037b-4d39-812f-66db56af525a@group-BCADF287A12B-LeaderElection130] INFO  impl.RoleInfo (RoleInfo.java:shutdownLeaderElection(134)) - 9127dd83-037b-4d39-812f-66db56af525a: shutdown LeaderElection
2019-10-30 05:53:18,780 [9127dd83-037b-4d39-812f-66db56af525a@group-BCADF287A12B-LeaderElection130] INFO  impl.RoleInfo (RoleInfo.java:updateAndGet(143)) - 9127dd83-037b-4d39-812f-66db56af525a: start FollowerState
2019-10-30 05:53:18,900 [Thread-1092] INFO  impl.FollowerState (FollowerState.java:run(108)) - 9127dd83-037b-4d39-812f-66db56af525a@group-BCADF287A12B-FollowerState: change to CANDIDATE, lastRpcTime:119ms, electionTimeout:119ms
2019-10-30 05:53:18,900 [Thread-1092] INFO  impl.RoleInfo (RoleInfo.java:shutdownFollowerState(121)) - 9127dd83-037b-4d39-812f-66db56af525a: shutdown FollowerState
2019-10-30 05:53:18,900 [Thread-1092] INFO  impl.RaftServerImpl (RaftServerImpl.java:setRole(184)) - 9127dd83-037b-4d39-812f-66db56af525a@group-BCADF287A12B: changes role from  FOLLOWER to CANDIDATE at term 142 for changeToCandidate
2019-10-30 05:53:18,901 [Thread-1092] INFO  impl.RoleInfo (RoleInfo.java:updateAndGet(143)) - 9127dd83-037b-4d39-812f-66db56af525a: start LeaderElection
2019-10-30 05:53:18,915 [9127dd83-037b-4d39-812f-66db56af525a@group-BCADF287A12B-LeaderElection131] INFO  impl.LeaderElection (LeaderElection.java:askForVotes(178)) - 9127dd83-037b-4d39-812f-66db56af525a@group-BCADF287A12B-LeaderElection131: begin an election at term 143 for -1: [7fae3aed-4e76-4283-a599-f93f794625ab:192.168.34.21:41352, 58095e90-3010-492a-9083-43cf2e035c3f:192.168.34.21:45284, 9127dd83-037b-4d39-812f-66db56af525a:192.168.34.21:42063], old=null
2019-10-30 05:53:18,921 [grpc-default-executor-1] INFO  impl.RaftServerImpl (RaftServerImpl.java:setRole(184)) - 7fae3aed-4e76-4283-a599-f93f794625ab@group-BCADF287A12B: changes role from  FOLLOWER to FOLLOWER at term 143 for recognizeCandidate:9127dd83-037b-4d39-812f-66db56af525a
2019-10-30 05:53:18,921 [grpc-default-executor-3] INFO  impl.RaftServerImpl (RaftServerImpl.java:setRole(184)) - 58095e90-3010-492a-9083-43cf2e035c3f@group-BCADF287A12B: changes role from  FOLLOWER to FOLLOWER at term 143 for recognizeCandidate:9127dd83-037b-4d39-812f-66db56af525a
2019-10-30 05:53:18,922 [grpc-default-executor-1] INFO  impl.RoleInfo (RoleInfo.java:shutdownFollowerState(121)) - 7fae3aed-4e76-4283-a599-f93f794625ab: shutdown FollowerState
2019-10-30 05:53:18,922 [grpc-default-executor-3] INFO  impl.RoleInfo (RoleInfo.java:shutdownFollowerState(121)) - 58095e90-3010-492a-9083-43cf2e035c3f: shutdown FollowerState
2019-10-30 05:53:18,922 [grpc-default-executor-1] INFO  impl.RoleInfo (RoleInfo.java:updateAndGet(143)) - 7fae3aed-4e76-4283-a599-f93f794625ab: start FollowerState
2019-10-30 05:53:18,922 [Thread-1091] INFO  impl.FollowerState (FollowerState.java:run(117)) - 7fae3aed-4e76-4283-a599-f93f794625ab@group-BCADF287A12B-FollowerState was interrupted: java.lang.InterruptedException: sleep interrupted
2019-10-30 05:53:18,922 [grpc-default-executor-3] INFO  impl.RoleInfo (RoleInfo.java:updateAndGet(143)) - 58095e90-3010-492a-9083-43cf2e035c3f: start FollowerState
2019-10-30 05:53:18,922 [Thread-1090] INFO  impl.FollowerState (FollowerState.java:run(117)) - 58095e90-3010-492a-9083-43cf2e035c3f@group-BCADF287A12B-FollowerState was interrupted: java.lang.InterruptedException: sleep interrupted
2019-10-30 05:53:18,938 [9127dd83-037b-4d39-812f-66db56af525a@group-BCADF287A12B-LeaderElection131] INFO  impl.LeaderElection (LeaderElection.java:logAndReturn(56)) - 9127dd83-037b-4d39-812f-66db56af525a@group-BCADF287A12B-LeaderElection131: Election REJECTED; received 2 response(s) [9127dd83-037b-4d39-812f-66db56af525a<-7fae3aed-4e76-4283-a599-f93f794625ab#0:FAIL-t143, 9127dd83-037b-4d39-812f-66db56af525a<-58095e90-3010-492a-9083-43cf2e035c3f#0:FAIL-t143] and 0 exception(s); 9127dd83-037b-4d39-812f-66db56af525a@group-BCADF287A12B:t143, leader=null, voted=9127dd83-037b-4d39-812f-66db56af525a, raftlog=9127dd83-037b-4d39-812f-66db56af525a@group-BCADF287A12B-SegmentedRaftLog:OPENED:c-1,f-1,i0, conf=-1: [7fae3aed-4e76-4283-a599-f93f794625ab:192.168.34.21:41352, 58095e90-3010-492a-9083-43cf2e035c3f:192.168.34.21:45284, 9127dd83-037b-4d39-812f-66db56af525a:192.168.34.21:42063], old=null
2019-10-30 05:53:18,938 [9127dd83-037b-4d39-812f-66db56af525a@group-BCADF287A12B-LeaderElection131] INFO  impl.RaftServerImpl (RaftServerImpl.java:setRole(184)) - 9127dd83-037b-4d39-812f-66db56af525a@group-BCADF287A12B: changes role from CANDIDATE to FOLLOWER at term 143 for DISCOVERED_A_NEW_TERM
2019-10-30 05:53:18,938 [9127dd83-037b-4d39-812f-66db56af525a@group-BCADF287A12B-LeaderElection131] INFO  impl.RoleInfo (RoleInfo.java:shutdownLeaderElection(134)) - 9127dd83-037b-4d39-812f-66db56af525a: shutdown LeaderElection
2019-10-30 05:53:18,938 [9127dd83-037b-4d39-812f-66db56af525a@group-BCADF287A12B-LeaderElection131] INFO  impl.RoleInfo (RoleInfo.java:updateAndGet(143)) - 9127dd83-037b-4d39-812f-66db56af525a: start FollowerState
2019-10-30 05:53:19,107 [Thread-1098] INFO  impl.FollowerState (FollowerState.java:run(108)) - 9127dd83-037b-4d39-812f-66db56af525a@group-BCADF287A12B-FollowerState: change to CANDIDATE, lastRpcTime:168ms, electionTimeout:168ms
2019-10-30 05:53:19,107 [Thread-1098] INFO  impl.RoleInfo (RoleInfo.java:shutdownFollowerState(121)) - 9127dd83-037b-4d39-812f-66db56af525a: shutdown FollowerState
2019-10-30 05:53:19,107 [Thread-1098] INFO  impl.RaftServerImpl (RaftServerImpl.java:setRole(184)) - 9127dd83-037b-4d39-812f-66db56af525a@group-BCADF287A12B: changes role from  FOLLOWER to CANDIDATE at term 143 for changeToCandidate
2019-10-30 05:53:19,108 [Thread-1098] INFO  impl.RoleInfo (RoleInfo.java:updateAndGet(143)) - 9127dd83-037b-4d39-812f-66db56af525a: start LeaderElection
2019-10-30 05:53:19,121 [9127dd83-037b-4d39-812f-66db56af525a@group-BCADF287A12B-LeaderElection132] INFO  impl.LeaderElection (LeaderElection.java:askForVotes(178)) - 9127dd83-037b-4d39-812f-66db56af525a@group-BCADF287A12B-LeaderElection132: begin an election at term 144 for -1: [7fae3aed-4e76-4283-a599-f93f794625ab:192.168.34.21:41352, 58095e90-3010-492a-9083-43cf2e035c3f:192.168.34.21:45284, 9127dd83-037b-4d39-812f-66db56af525a:192.168.34.21:42063], old=null
2019-10-30 05:53:19,124 [grpc-default-executor-1] INFO  impl.RaftServerImpl (RaftServerImpl.java:setRole(184)) - 7fae3aed-4e76-4283-a599-f93f794625ab@group-BCADF287A12B: changes role from  FOLLOWER to FOLLOWER at term 144 for recognizeCandidate:9127dd83-037b-4d39-812f-66db56af525a
2019-10-30 05:53:19,124 [grpc-default-executor-1] INFO  impl.RoleInfo (RoleInfo.java:shutdownFollowerState(121)) - 7fae3aed-4e76-4283-a599-f93f794625ab: shutdown FollowerState
2019-10-30 05:53:19,125 [grpc-default-executor-1] INFO  impl.RoleInfo (RoleInfo.java:updateAndGet(143)) - 7fae3aed-4e76-4283-a599-f93f794625ab: start FollowerState
2019-10-30 05:53:19,125 [Thread-1096] INFO  impl.FollowerState (FollowerState.java:run(117)) - 7fae3aed-4e76-4283-a599-f93f794625ab@group-BCADF287A12B-FollowerState was interrupted: java.lang.InterruptedException: sleep interrupted
2019-10-30 05:53:19,125 [grpc-default-executor-3] INFO  impl.RaftServerImpl (RaftServerImpl.java:setRole(184)) - 58095e90-3010-492a-9083-43cf2e035c3f@group-BCADF287A12B: changes role from  FOLLOWER to FOLLOWER at term 144 for recognizeCandidate:9127dd83-037b-4d39-812f-66db56af525a
2019-10-30 05:53:19,125 [grpc-default-executor-3] INFO  impl.RoleInfo (RoleInfo.java:shutdownFollowerState(121)) - 58095e90-3010-492a-9083-43cf2e035c3f: shutdown FollowerState
2019-10-30 05:53:19,125 [grpc-default-executor-3] INFO  impl.RoleInfo (RoleInfo.java:updateAndGet(143)) - 58095e90-3010-492a-9083-43cf2e035c3f: start FollowerState
2019-10-30 05:53:19,125 [Thread-1097] INFO  impl.FollowerState (FollowerState.java:run(117)) - 58095e90-3010-492a-9083-43cf2e035c3f@group-BCADF287A12B-FollowerState was interrupted: java.lang.InterruptedException: sleep interrupted
2019-10-30 05:53:19,140 [9127dd83-037b-4d39-812f-66db56af525a@group-BCADF287A12B-LeaderElection132] INFO  impl.LeaderElection (LeaderElection.java:logAndReturn(56)) - 9127dd83-037b-4d39-812f-66db56af525a@group-BCADF287A12B-LeaderElection132: Election REJECTED; received 2 response(s) [9127dd83-037b-4d39-812f-66db56af525a<-7fae3aed-4e76-4283-a599-f93f794625ab#0:FAIL-t144, 9127dd83-037b-4d39-812f-66db56af525a<-58095e90-3010-492a-9083-43cf2e035c3f#0:FAIL-t144] and 0 exception(s); 9127dd83-037b-4d39-812f-66db56af525a@group-BCADF287A12B:t144, leader=null, voted=9127dd83-037b-4d39-812f-66db56af525a, raftlog=9127dd83-037b-4d39-812f-66db56af525a@group-BCADF287A12B-SegmentedRaftLog:OPENED:c-1,f-1,i0, conf=-1: [7fae3aed-4e76-4283-a599-f93f794625ab:192.168.34.21:41352, 58095e90-3010-492a-9083-43cf2e035c3f:192.168.34.21:45284, 9127dd83-037b-4d39-812f-66db56af525a:192.168.34.21:42063], old=null
2019-10-30 05:53:19,141 [9127dd83-037b-4d39-812f-66db56af525a@group-BCADF287A12B-LeaderElection132] INFO  impl.RaftServerImpl (RaftServerImpl.java:setRole(184)) - 9127dd83-037b-4d39-812f-66db56af525a@group-BCADF287A12B: changes role from CANDIDATE to FOLLOWER at term 144 for DISCOVERED_A_NEW_TERM
2019-10-30 05:53:19,141 [9127dd83-037b-4d39-812f-66db56af525a@group-BCADF287A12B-LeaderElection132] INFO  impl.RoleInfo (RoleInfo.java:shutdownLeaderElection(134)) - 9127dd83-037b-4d39-812f-66db56af525a: shutdown LeaderElection
2019-10-30 05:53:19,141 [9127dd83-037b-4d39-812f-66db56af525a@group-BCADF287A12B-LeaderElection132] INFO  impl.RoleInfo (RoleInfo.java:updateAndGet(143)) - 9127dd83-037b-4d39-812f-66db56af525a: start FollowerState
2019-10-30 05:53:19,280 [Thread-1106] INFO  impl.FollowerState (FollowerState.java:run(108)) - 9127dd83-037b-4d39-812f-66db56af525a@group-BCADF287A12B-FollowerState: change to CANDIDATE, lastRpcTime:138ms, electionTimeout:138ms
2019-10-30 05:53:19,280 [Thread-1106] INFO  impl.RoleInfo (RoleInfo.java:shutdownFollowerState(121)) - 9127dd83-037b-4d39-812f-66db56af525a: shutdown FollowerState
2019-10-30 05:53:19,280 [Thread-1106] INFO  impl.RaftServerImpl (RaftServerImpl.java:setRole(184)) - 9127dd83-037b-4d39-812f-66db56af525a@group-BCADF287A12B: changes role from  FOLLOWER to CANDIDATE at term 144 for changeToCandidate
2019-10-30 05:53:19,280 [Thread-1106] INFO  impl.RoleInfo (RoleInfo.java:updateAndGet(143)) - 9127dd83-037b-4d39-812f-66db56af525a: start LeaderElection
2019-10-30 05:53:19,294 [9127dd83-037b-4d39-812f-66db56af525a@group-BCADF287A12B-LeaderElection133] INFO  impl.LeaderElection (LeaderElection.java:askForVotes(178)) - 9127dd83-037b-4d39-812f-66db56af525a@group-BCADF287A12B-LeaderElection133: begin an election at term 145 for -1: [7fae3aed-4e76-4283-a599-f93f794625ab:192.168.34.21:41352, 58095e90-3010-492a-9083-43cf2e035c3f:192.168.34.21:45284, 9127dd83-037b-4d39-812f-66db56af525a:192.168.34.21:42063], old=null
2019-10-30 05:53:19,297 [grpc-default-executor-3] INFO  impl.RaftServerImpl (RaftServerImpl.java:setRole(184)) - 7fae3aed-4e76-4283-a599-f93f794625ab@group-BCADF287A12B: changes role from  FOLLOWER to FOLLOWER at term 145 for recognizeCandidate:9127dd83-037b-4d39-812f-66db56af525a
2019-10-30 05:53:19,297 [grpc-default-executor-3] INFO  impl.RoleInfo (RoleInfo.java:shutdownFollowerState(121)) - 7fae3aed-4e76-4283-a599-f93f794625ab: shutdown FollowerState
2019-10-30 05:53:19,297 [grpc-default-executor-1] INFO  impl.RaftServerImpl (RaftServerImpl.java:setRole(184)) - 58095e90-3010-492a-9083-43cf2e035c3f@group-BCADF287A12B: changes role from  FOLLOWER to FOLLOWER at term 145 for recognizeCandidate:9127dd83-037b-4d39-812f-66db56af525a
2019-10-30 05:53:19,297 [Thread-1104] INFO  impl.FollowerState (FollowerState.java:run(117)) - 7fae3aed-4e76-4283-a599-f93f794625ab@group-BCADF287A12B-FollowerState was interrupted: java.lang.InterruptedException: sleep interrupted
2019-10-30 05:53:19,297 [grpc-default-executor-3] INFO  impl.RoleInfo (RoleInfo.java:updateAndGet(143)) - 7fae3aed-4e76-4283-a599-f93f794625ab: start FollowerState
2019-10-30 05:53:19,297 [grpc-default-executor-1] INFO  impl.RoleInfo (RoleInfo.java:shutdownFollowerState(121)) - 58095e90-3010-492a-9083-43cf2e035c3f: shutdown FollowerState
2019-10-30 05:53:19,297 [grpc-default-executor-1] INFO  impl.RoleInfo (RoleInfo.java:updateAndGet(143)) - 58095e90-3010-492a-9083-43cf2e035c3f: start FollowerState
2019-10-30 05:53:19,298 [Thread-1105] INFO  impl.FollowerState (FollowerState.java:run(117)) - 58095e90-3010-492a-9083-43cf2e035c3f@group-BCADF287A12B-FollowerState was interrupted: java.lang.InterruptedException: sleep interrupted
2019-10-30 05:53:19,313 [9127dd83-037b-4d39-812f-66db56af525a@group-BCADF287A12B-LeaderElection133] INFO  impl.LeaderElection (LeaderElection.java:logAndReturn(56)) - 9127dd83-037b-4d39-812f-66db56af525a@group-BCADF287A12B-LeaderElection133: Election REJECTED; received 2 response(s) [9127dd83-037b-4d39-812f-66db56af525a<-7fae3aed-4e76-4283-a599-f93f794625ab#0:FAIL-t145, 9127dd83-037b-4d39-812f-66db56af525a<-58095e90-3010-492a-9083-43cf2e035c3f#0:FAIL-t145] and 0 exception(s); 9127dd83-037b-4d39-812f-66db56af525a@group-BCADF287A12B:t145, leader=null, voted=9127dd83-037b-4d39-812f-66db56af525a, raftlog=9127dd83-037b-4d39-812f-66db56af525a@group-BCADF287A12B-SegmentedRaftLog:OPENED:c-1,f-1,i0, conf=-1: [7fae3aed-4e76-4283-a599-f93f794625ab:192.168.34.21:41352, 58095e90-3010-492a-9083-43cf2e035c3f:192.168.34.21:45284, 9127dd83-037b-4d39-812f-66db56af525a:192.168.34.21:42063], old=null
2019-10-30 05:53:19,313 [9127dd83-037b-4d39-812f-66db56af525a@group-BCADF287A12B-LeaderElection133] INFO  impl.RaftServerImpl (RaftServerImpl.java:setRole(184)) - 9127dd83-037b-4d39-812f-66db56af525a@group-BCADF287A12B: changes role from CANDIDATE to FOLLOWER at term 145 for DISCOVERED_A_NEW_TERM
2019-10-30 05:53:19,313 [9127dd83-037b-4d39-812f-66db56af525a@group-BCADF287A12B-LeaderElection133] INFO  impl.RoleInfo (RoleInfo.java:shutdownLeaderElection(134)) - 9127dd83-037b-4d39-812f-66db56af525a: shutdown LeaderElection
2019-10-30 05:53:19,313 [9127dd83-037b-4d39-812f-66db56af525a@group-BCADF287A12B-LeaderElection133] INFO  impl.RoleInfo (RoleInfo.java:updateAndGet(143)) - 9127dd83-037b-4d39-812f-66db56af525a: start FollowerState
2019-10-30 05:53:19,399 [Thread-1112] INFO  impl.FollowerState (FollowerState.java:run(108)) - 9127dd83-037b-4d39-812f-66db56af525a@group-BCADF287A12B-FollowerState: change to CANDIDATE, lastRpcTime:85ms, electionTimeout:85ms
2019-10-30 05:53:19,399 [Thread-1112] INFO  impl.RoleInfo (RoleInfo.java:shutdownFollowerState(121)) - 9127dd83-037b-4d39-812f-66db56af525a: shutdown FollowerState
2019-10-30 05:53:19,399 [Thread-1112] INFO  impl.RaftServerImpl (RaftServerImpl.java:setRole(184)) - 9127dd83-037b-4d39-812f-66db56af525a@group-BCADF287A12B: changes role from  FOLLOWER to CANDIDATE at term 145 for changeToCandidate
2019-10-30 05:53:19,399 [Thread-1112] INFO  impl.RoleInfo (RoleInfo.java:updateAndGet(143)) - 9127dd83-037b-4d39-812f-66db56af525a: start LeaderElection
2019-10-30 05:53:19,412 [9127dd83-037b-4d39-812f-66db56af525a@group-BCADF287A12B-LeaderElection134] INFO  impl.LeaderElection (LeaderElection.java:askForVotes(178)) - 9127dd83-037b-4d39-812f-66db56af525a@group-BCADF287A12B-LeaderElection134: begin an election at term 146 for -1: [7fae3aed-4e76-4283-a599-f93f794625ab:192.168.34.21:41352, 58095e90-3010-492a-9083-43cf2e035c3f:192.168.34.21:45284, 9127dd83-037b-4d39-812f-66db56af525a:192.168.34.21:42063], old=null
2019-10-30 05:53:19,415 [grpc-default-executor-3] INFO  impl.RaftServerImpl (RaftServerImpl.java:setRole(184)) - 7fae3aed-4e76-4283-a599-f93f794625ab@group-BCADF287A12B: changes role from  FOLLOWER to FOLLOWER at term 146 for recognizeCandidate:9127dd83-037b-4d39-812f-66db56af525a
2019-10-30 05:53:19,415 [grpc-default-executor-3] INFO  impl.RoleInfo (RoleInfo.java:shutdownFollowerState(121)) - 7fae3aed-4e76-4283-a599-f93f794625ab: shutdown FollowerState
2019-10-30 05:53:19,415 [grpc-default-executor-1] INFO  impl.RaftServerImpl (RaftServerImpl.java:setRole(184)) - 58095e90-3010-492a-9083-43cf2e035c3f@group-BCADF287A12B: changes role from  FOLLOWER to FOLLOWER at term 146 for recognizeCandidate:9127dd83-037b-4d39-812f-66db56af525a
2019-10-30 05:53:19,415 [Thread-1110] INFO  impl.FollowerState (FollowerState.java:run(117)) - 7fae3aed-4e76-4283-a599-f93f794625ab@group-BCADF287A12B-FollowerState was interrupted: java.lang.InterruptedException: sleep interrupted
2019-10-30 05:53:19,415 [grpc-default-executor-3] INFO  impl.RoleInfo (RoleInfo.java:updateAndGet(143)) - 7fae3aed-4e76-4283-a599-f93f794625ab: start FollowerState
2019-10-30 05:53:19,415 [grpc-default-executor-1] INFO  impl.RoleInfo (RoleInfo.java:shutdownFollowerState(121)) - 58095e90-3010-492a-9083-43cf2e035c3f: shutdown FollowerState
2019-10-30 05:53:19,415 [grpc-default-executor-1] INFO  impl.RoleInfo (RoleInfo.java:updateAndGet(143)) - 58095e90-3010-492a-9083-43cf2e035c3f: start FollowerState
2019-10-30 05:53:19,415 [Thread-1111] INFO  impl.FollowerState (FollowerState.java:run(117)) - 58095e90-3010-492a-9083-43cf2e035c3f@group-BCADF287A12B-FollowerState was interrupted: java.lang.InterruptedException: sleep interrupted
2019-10-30 05:53:19,430 [9127dd83-037b-4d39-812f-66db56af525a@group-BCADF287A12B-LeaderElection134] INFO  impl.LeaderElection (LeaderElection.java:logAndReturn(56)) - 9127dd83-037b-4d39-812f-66db56af525a@group-BCADF287A12B-LeaderElection134: Election REJECTED; received 2 response(s) [9127dd83-037b-4d39-812f-66db56af525a<-7fae3aed-4e76-4283-a599-f93f794625ab#0:FAIL-t146, 9127dd83-037b-4d39-812f-66db56af525a<-58095e90-3010-492a-9083-43cf2e035c3f#0:FAIL-t146] and 0 exception(s); 9127dd83-037b-4d39-812f-66db56af525a@group-BCADF287A12B:t146, leader=null, voted=9127dd83-037b-4d39-812f-66db56af525a, raftlog=9127dd83-037b-4d39-812f-66db56af525a@group-BCADF287A12B-SegmentedRaftLog:OPENED:c-1,f-1,i0, conf=-1: [7fae3aed-4e76-4283-a599-f93f794625ab:192.168.34.21:41352, 58095e90-3010-492a-9083-43cf2e035c3f:192.168.34.21:45284, 9127dd83-037b-4d39-812f-66db56af525a:192.168.34.21:42063], old=null
2019-10-30 05:53:19,430 [9127dd83-037b-4d39-812f-66db56af525a@group-BCADF287A12B-LeaderElection134] INFO  impl.RaftServerImpl (RaftServerImpl.java:setRole(184)) - 9127dd83-037b-4d39-812f-66db56af525a@group-BCADF287A12B: changes role from CANDIDATE to FOLLOWER at term 146 for DISCOVERED_A_NEW_TERM
2019-10-30 05:53:19,430 [9127dd83-037b-4d39-812f-66db56af525a@group-BCADF287A12B-LeaderElection134] INFO  impl.RoleInfo (RoleInfo.java:shutdownLeaderElection(134)) - 9127dd83-037b-4d39-812f-66db56af525a: shutdown LeaderElection
2019-10-30 05:53:19,430 [9127dd83-037b-4d39-812f-66db56af525a@group-BCADF287A12B-LeaderElection134] INFO  impl.RoleInfo (RoleInfo.java:updateAndGet(143)) - 9127dd83-037b-4d39-812f-66db56af525a: start FollowerState
2019-10-30 05:53:19,487 [Thread-1118] INFO  impl.FollowerState (FollowerState.java:run(108)) - 9127dd83-037b-4d39-812f-66db56af525a@group-BCADF287A12B-FollowerState: change to CANDIDATE, lastRpcTime:57ms, electionTimeout:57ms
2019-10-30 05:53:19,488 [Thread-1118] INFO  impl.RoleInfo (RoleInfo.java:shutdownFollowerState(121)) - 9127dd83-037b-4d39-812f-66db56af525a: shutdown FollowerState
2019-10-30 05:53:19,488 [Thread-1118] INFO  impl.RaftServerImpl (RaftServerImpl.java:setRole(184)) - 9127dd83-037b-4d39-812f-66db56af525a@group-BCADF287A12B: changes role from  FOLLOWER to CANDIDATE at term 146 for changeToCandidate
2019-10-30 05:53:19,488 [Thread-1118] INFO  impl.RoleInfo (RoleInfo.java:updateAndGet(143)) - 9127dd83-037b-4d39-812f-66db56af525a: start LeaderElection
2019-10-30 05:53:19,501 [9127dd83-037b-4d39-812f-66db56af525a@group-BCADF287A12B-LeaderElection135] INFO  impl.LeaderElection (LeaderElection.java:askForVotes(178)) - 9127dd83-037b-4d39-812f-66db56af525a@group-BCADF287A12B-LeaderElection135: begin an election at term 147 for -1: [7fae3aed-4e76-4283-a599-f93f794625ab:192.168.34.21:41352, 58095e90-3010-492a-9083-43cf2e035c3f:192.168.34.21:45284, 9127dd83-037b-4d39-812f-66db56af525a:192.168.34.21:42063], old=null
2019-10-30 05:53:19,504 [grpc-default-executor-3] INFO  impl.RaftServerImpl (RaftServerImpl.java:setRole(184)) - 58095e90-3010-492a-9083-43cf2e035c3f@group-BCADF287A12B: changes role from  FOLLOWER to FOLLOWER at term 147 for recognizeCandidate:9127dd83-037b-4d39-812f-66db56af525a
2019-10-30 05:53:19,504 [grpc-default-executor-1] INFO  impl.RaftServerImpl (RaftServerImpl.java:setRole(184)) - 7fae3aed-4e76-4283-a599-f93f794625ab@group-BCADF287A12B: changes role from  FOLLOWER to FOLLOWER at term 147 for recognizeCandidate:9127dd83-037b-4d39-812f-66db56af525a
2019-10-30 05:53:19,504 [grpc-default-executor-3] INFO  impl.RoleInfo (RoleInfo.java:shutdownFollowerState(121)) - 58095e90-3010-492a-9083-43cf2e035c3f: shutdown FollowerState
2019-10-30 05:53:19,504 [grpc-default-executor-1] INFO  impl.RoleInfo (RoleInfo.java:shutdownFollowerState(121)) - 7fae3aed-4e76-4283-a599-f93f794625ab: shutdown FollowerState
2019-10-30 05:53:19,504 [grpc-default-executor-3] INFO  impl.RoleInfo (RoleInfo.java:updateAndGet(143)) - 58095e90-3010-492a-9083-43cf2e035c3f: start FollowerState
2019-10-30 05:53:19,504 [grpc-default-executor-1] INFO  impl.RoleInfo (RoleInfo.java:updateAndGet(143)) - 7fae3aed-4e76-4283-a599-f93f794625ab: start FollowerState
2019-10-30 05:53:19,504 [Thread-1117] INFO  impl.FollowerState (FollowerState.java:run(117)) - 58095e90-3010-492a-9083-43cf2e035c3f@group-BCADF287A12B-FollowerState was interrupted: java.lang.InterruptedException: sleep interrupted
2019-10-30 05:53:19,504 [Thread-1116] INFO  impl.FollowerState (FollowerState.java:run(117)) - 7fae3aed-4e76-4283-a599-f93f794625ab@group-BCADF287A12B-FollowerState was interrupted: java.lang.InterruptedException: sleep interrupted
2019-10-30 05:53:19,520 [9127dd83-037b-4d39-812f-66db56af525a@group-BCADF287A12B-LeaderElection135] INFO  impl.LeaderElection (LeaderElection.java:logAndReturn(56)) - 9127dd83-037b-4d39-812f-66db56af525a@group-BCADF287A12B-LeaderElection135: Election REJECTED; received 2 response(s) [9127dd83-037b-4d39-812f-66db56af525a<-7fae3aed-4e76-4283-a599-f93f794625ab#0:FAIL-t147, 9127dd83-037b-4d39-812f-66db56af525a<-58095e90-3010-492a-9083-43cf2e035c3f#0:FAIL-t147] and 0 exception(s); 9127dd83-037b-4d39-812f-66db56af525a@group-BCADF287A12B:t147, leader=null, voted=9127dd83-037b-4d39-812f-66db56af525a, raftlog=9127dd83-037b-4d39-812f-66db56af525a@group-BCADF287A12B-SegmentedRaftLog:OPENED:c-1,f-1,i0, conf=-1: [7fae3aed-4e76-4283-a599-f93f794625ab:192.168.34.21:41352, 58095e90-3010-492a-9083-43cf2e035c3f:192.168.34.21:45284, 9127dd83-037b-4d39-812f-66db56af525a:192.168.34.21:42063], old=null
2019-10-30 05:53:19,520 [9127dd83-037b-4d39-812f-66db56af525a@group-BCADF287A12B-LeaderElection135] INFO  impl.RaftServerImpl (RaftServerImpl.java:setRole(184)) - 9127dd83-037b-4d39-812f-66db56af525a@group-BCADF287A12B: changes role from CANDIDATE to FOLLOWER at term 147 for DISCOVERED_A_NEW_TERM
2019-10-30 05:53:19,521 [9127dd83-037b-4d39-812f-66db56af525a@group-BCADF287A12B-LeaderElection135] INFO  impl.RoleInfo (RoleInfo.java:shutdownLeaderElection(134)) - 9127dd83-037b-4d39-812f-66db56af525a: shutdown LeaderElection
2019-10-30 05:53:19,521 [9127dd83-037b-4d39-812f-66db56af525a@group-BCADF287A12B-LeaderElection135] INFO  impl.RoleInfo (RoleInfo.java:updateAndGet(143)) - 9127dd83-037b-4d39-812f-66db56af525a: start FollowerState
2019-10-30 05:53:19,655 [Thread-1124] INFO  impl.FollowerState (FollowerState.java:run(108)) - 9127dd83-037b-4d39-812f-66db56af525a@group-BCADF287A12B-FollowerState: change to CANDIDATE, lastRpcTime:134ms, electionTimeout:134ms
2019-10-30 05:53:19,655 [Thread-1124] INFO  impl.RoleInfo (RoleInfo.java:shutdownFollowerState(121)) - 9127dd83-037b-4d39-812f-66db56af525a: shutdown FollowerState
2019-10-30 05:53:19,655 [Thread-1124] INFO  impl.RaftServerImpl (RaftServerImpl.java:setRole(184)) - 9127dd83-037b-4d39-812f-66db56af525a@group-BCADF287A12B: changes role from  FOLLOWER to CANDIDATE at term 147 for changeToCandidate
2019-10-30 05:53:19,655 [Thread-1124] INFO  impl.RoleInfo (RoleInfo.java:updateAndGet(143)) - 9127dd83-037b-4d39-812f-66db56af525a: start LeaderElection
2019-10-30 05:53:19,670 [9127dd83-037b-4d39-812f-66db56af525a@group-BCADF287A12B-LeaderElection136] INFO  impl.LeaderElection (LeaderElection.java:askForVotes(178)) - 9127dd83-037b-4d39-812f-66db56af525a@group-BCADF287A12B-LeaderElection136: begin an election at term 148 for -1: [7fae3aed-4e76-4283-a599-f93f794625ab:192.168.34.21:41352, 58095e90-3010-492a-9083-43cf2e035c3f:192.168.34.21:45284, 9127dd83-037b-4d39-812f-66db56af525a:192.168.34.21:42063], old=null
2019-10-30 05:53:19,672 [grpc-default-executor-3] INFO  impl.RaftServerImpl (RaftServerImpl.java:setRole(184)) - 7fae3aed-4e76-4283-a599-f93f794625ab@group-BCADF287A12B: changes role from  FOLLOWER to FOLLOWER at term 148 for recognizeCandidate:9127dd83-037b-4d39-812f-66db56af525a
2019-10-30 05:53:19,672 [grpc-default-executor-1] INFO  impl.RaftServerImpl (RaftServerImpl.java:setRole(184)) - 58095e90-3010-492a-9083-43cf2e035c3f@group-BCADF287A12B: changes role from  FOLLOWER to FOLLOWER at term 148 for recognizeCandidate:9127dd83-037b-4d39-812f-66db56af525a
2019-10-30 05:53:19,672 [grpc-default-executor-3] INFO  impl.RoleInfo (RoleInfo.java:shutdownFollowerState(121)) - 7fae3aed-4e76-4283-a599-f93f794625ab: shutdown FollowerState
2019-10-30 05:53:19,672 [grpc-default-executor-1] INFO  impl.RoleInfo (RoleInfo.java:shutdownFollowerState(121)) - 58095e90-3010-492a-9083-43cf2e035c3f: shutdown FollowerState
2019-10-30 05:53:19,673 [grpc-default-executor-3] INFO  impl.RoleInfo (RoleInfo.java:updateAndGet(143)) - 7fae3aed-4e76-4283-a599-f93f794625ab: start FollowerState
2019-10-30 05:53:19,673 [Thread-1122] INFO  impl.FollowerState (FollowerState.java:run(117)) - 58095e90-3010-492a-9083-43cf2e035c3f@group-BCADF287A12B-FollowerState was interrupted: java.lang.InterruptedException: sleep interrupted
2019-10-30 05:53:19,673 [Thread-1123] INFO  impl.FollowerState (FollowerState.java:run(117)) - 7fae3aed-4e76-4283-a599-f93f794625ab@group-BCADF287A12B-FollowerState was interrupted: java.lang.InterruptedException: sleep interrupted
2019-10-30 05:53:19,673 [grpc-default-executor-1] INFO  impl.RoleInfo (RoleInfo.java:updateAndGet(143)) - 58095e90-3010-492a-9083-43cf2e035c3f: start FollowerState
2019-10-30 05:53:19,688 [9127dd83-037b-4d39-812f-66db56af525a@group-BCADF287A12B-LeaderElection136] INFO  impl.LeaderElection (LeaderElection.java:logAndReturn(56)) - 9127dd83-037b-4d39-812f-66db56af525a@group-BCADF287A12B-LeaderElection136: Election REJECTED; received 2 response(s) [9127dd83-037b-4d39-812f-66db56af525a<-7fae3aed-4e76-4283-a599-f93f794625ab#0:FAIL-t148, 9127dd83-037b-4d39-812f-66db56af525a<-58095e90-3010-492a-9083-43cf2e035c3f#0:FAIL-t148] and 0 exception(s); 9127dd83-037b-4d39-812f-66db56af525a@group-BCADF287A12B:t148, leader=null, voted=9127dd83-037b-4d39-812f-66db56af525a, raftlog=9127dd83-037b-4d39-812f-66db56af525a@group-BCADF287A12B-SegmentedRaftLog:OPENED:c-1,f-1,i0, conf=-1: [7fae3aed-4e76-4283-a599-f93f794625ab:192.168.34.21:41352, 58095e90-3010-492a-9083-43cf2e035c3f:192.168.34.21:45284, 9127dd83-037b-4d39-812f-66db56af525a:192.168.34.21:42063], old=null
2019-10-30 05:53:19,689 [9127dd83-037b-4d39-812f-66db56af525a@group-BCADF287A12B-LeaderElection136] INFO  impl.RaftServerImpl (RaftServerImpl.java:setRole(184)) - 9127dd83-037b-4d39-812f-66db56af525a@group-BCADF287A12B: changes role from CANDIDATE to FOLLOWER at term 148 for DISCOVERED_A_NEW_TERM
2019-10-30 05:53:19,689 [9127dd83-037b-4d39-812f-66db56af525a@group-BCADF287A12B-LeaderElection136] INFO  impl.RoleInfo (RoleInfo.java:shutdownLeaderElection(134)) - 9127dd83-037b-4d39-812f-66db56af525a: shutdown LeaderElection
2019-10-30 05:53:19,689 [9127dd83-037b-4d39-812f-66db56af525a@group-BCADF287A12B-LeaderElection136] INFO  impl.RoleInfo (RoleInfo.java:updateAndGet(143)) - 9127dd83-037b-4d39-812f-66db56af525a: start FollowerState
2019-10-30 05:53:19,823 [Thread-1130] INFO  impl.FollowerState (FollowerState.java:run(108)) - 9127dd83-037b-4d39-812f-66db56af525a@group-BCADF287A12B-FollowerState: change to CANDIDATE, lastRpcTime:134ms, electionTimeout:134ms
2019-10-30 05:53:19,824 [Thread-1130] INFO  impl.RoleInfo (RoleInfo.java:shutdownFollowerState(121)) - 9127dd83-037b-4d39-812f-66db56af525a: shutdown FollowerState
2019-10-30 05:53:19,824 [Thread-1130] INFO  impl.RaftServerImpl (RaftServerImpl.java:setRole(184)) - 9127dd83-037b-4d39-812f-66db56af525a@group-BCADF287A12B: changes role from  FOLLOWER to CANDIDATE at term 148 for changeToCandidate
2019-10-30 05:53:19,824 [Thread-1130] INFO  impl.RoleInfo (RoleInfo.java:updateAndGet(143)) - 9127dd83-037b-4d39-812f-66db56af525a: start LeaderElection
2019-10-30 05:53:19,838 [9127dd83-037b-4d39-812f-66db56af525a@group-BCADF287A12B-LeaderElection137] INFO  impl.LeaderElection (LeaderElection.java:askForVotes(178)) - 9127dd83-037b-4d39-812f-66db56af525a@group-BCADF287A12B-LeaderElection137: begin an election at term 149 for -1: [7fae3aed-4e76-4283-a599-f93f794625ab:192.168.34.21:41352, 58095e90-3010-492a-9083-43cf2e035c3f:192.168.34.21:45284, 9127dd83-037b-4d39-812f-66db56af525a:192.168.34.21:42063], old=null
2019-10-30 05:53:19,838 [9127dd83-037b-4d39-812f-66db56af525a@group-BCADF287A12B-LeaderElection137] INFO  impl.LeaderElection (LeaderElection.java:logAndReturn(56)) - 9127dd83-037b-4d39-812f-66db56af525a@group-BCADF287A12B-LeaderElection137: Election TIMEOUT; received 0 response(s) [] and 0 exception(s); 9127dd83-037b-4d39-812f-66db56af525a@group-BCADF287A12B:t149, leader=null, voted=9127dd83-037b-4d39-812f-66db56af525a, raftlog=9127dd83-037b-4d39-812f-66db56af525a@group-BCADF287A12B-SegmentedRaftLog:OPENED:c-1,f-1,i0, conf=-1: [7fae3aed-4e76-4283-a599-f93f794625ab:192.168.34.21:41352, 58095e90-3010-492a-9083-43cf2e035c3f:192.168.34.21:45284, 9127dd83-037b-4d39-812f-66db56af525a:192.168.34.21:42063], old=null
2019-10-30 05:53:19,841 [grpc-default-executor-3] INFO  impl.RaftServerImpl (RaftServerImpl.java:setRole(184)) - 7fae3aed-4e76-4283-a599-f93f794625ab@group-BCADF287A12B: changes role from  FOLLOWER to FOLLOWER at term 149 for recognizeCandidate:9127dd83-037b-4d39-812f-66db56af525a
2019-10-30 05:53:19,841 [grpc-default-executor-3] INFO  impl.RoleInfo (RoleInfo.java:shutdownFollowerState(121)) - 7fae3aed-4e76-4283-a599-f93f794625ab: shutdown FollowerState
2019-10-30 05:53:19,841 [grpc-default-executor-1] INFO  impl.RaftServerImpl (RaftServerImpl.java:setRole(184)) - 58095e90-3010-492a-9083-43cf2e035c3f@group-BCADF287A12B: changes role from  FOLLOWER to FOLLOWER at term 149 for recognizeCandidate:9127dd83-037b-4d39-812f-66db56af525a
2019-10-30 05:53:19,842 [Thread-1128] INFO  impl.FollowerState (FollowerState.java:run(117)) - 7fae3aed-4e76-4283-a599-f93f794625ab@group-BCADF287A12B-FollowerState was interrupted: java.lang.InterruptedException: sleep interrupted
2019-10-30 05:53:19,842 [grpc-default-executor-3] INFO  impl.RoleInfo (RoleInfo.java:updateAndGet(143)) - 7fae3aed-4e76-4283-a599-f93f794625ab: start FollowerState
2019-10-30 05:53:19,842 [grpc-default-executor-1] INFO  impl.RoleInfo (RoleInfo.java:shutdownFollowerState(121)) - 58095e90-3010-492a-9083-43cf2e035c3f: shutdown FollowerState
2019-10-30 05:53:19,842 [grpc-default-executor-1] INFO  impl.RoleInfo (RoleInfo.java:updateAndGet(143)) - 58095e90-3010-492a-9083-43cf2e035c3f: start FollowerState
2019-10-30 05:53:19,842 [Thread-1129] INFO  impl.FollowerState (FollowerState.java:run(117)) - 58095e90-3010-492a-9083-43cf2e035c3f@group-BCADF287A12B-FollowerState was interrupted: java.lang.InterruptedException: sleep interrupted
2019-10-30 05:53:19,852 [9127dd83-037b-4d39-812f-66db56af525a@group-BCADF287A12B-LeaderElection137] INFO  impl.LeaderElection (LeaderElection.java:askForVotes(178)) - 9127dd83-037b-4d39-812f-66db56af525a@group-BCADF287A12B-LeaderElection137: begin an election at term 150 for -1: [7fae3aed-4e76-4283-a599-f93f794625ab:192.168.34.21:41352, 58095e90-3010-492a-9083-43cf2e035c3f:192.168.34.21:45284, 9127dd83-037b-4d39-812f-66db56af525a:192.168.34.21:42063], old=null
2019-10-30 05:53:19,854 [grpc-default-executor-3] INFO  impl.RaftServerImpl (RaftServerImpl.java:setRole(184)) - 58095e90-3010-492a-9083-43cf2e035c3f@group-BCADF287A12B: changes role from  FOLLOWER to FOLLOWER at term 150 for recognizeCandidate:9127dd83-037b-4d39-812f-66db56af525a
2019-10-30 05:53:19,854 [grpc-default-executor-1] INFO  impl.RaftServerImpl (RaftServerImpl.java:setRole(184)) - 7fae3aed-4e76-4283-a599-f93f794625ab@group-BCADF287A12B: changes role from  FOLLOWER to FOLLOWER at term 150 for recognizeCandidate:9127dd83-037b-4d39-812f-66db56af525a
2019-10-30 05:53:19,854 [grpc-default-executor-3] INFO  impl.RoleInfo (RoleInfo.java:shutdownFollowerState(121)) - 58095e90-3010-492a-9083-43cf2e035c3f: shutdown FollowerState
2019-10-30 05:53:19,854 [grpc-default-executor-1] INFO  impl.RoleInfo (RoleInfo.java:shutdownFollowerState(121)) - 7fae3aed-4e76-4283-a599-f93f794625ab: shutdown FollowerState
2019-10-30 05:53:19,854 [Thread-1135] INFO  impl.FollowerState (FollowerState.java:run(117)) - 58095e90-3010-492a-9083-43cf2e035c3f@group-BCADF287A12B-FollowerState was interrupted: java.lang.InterruptedException: sleep interrupted
2019-10-30 05:53:19,854 [grpc-default-executor-3] INFO  impl.RoleInfo (RoleInfo.java:updateAndGet(143)) - 58095e90-3010-492a-9083-43cf2e035c3f: start FollowerState
2019-10-30 05:53:19,855 [Thread-1134] INFO  impl.FollowerState (FollowerState.java:run(117)) - 7fae3aed-4e76-4283-a599-f93f794625ab@group-BCADF287A12B-FollowerState was interrupted: java.lang.InterruptedException: sleep interrupted
2019-10-30 05:53:19,855 [grpc-default-executor-1] INFO  impl.RoleInfo (RoleInfo.java:updateAndGet(143)) - 7fae3aed-4e76-4283-a599-f93f794625ab: start FollowerState
2019-10-30 05:53:19,869 [9127dd83-037b-4d39-812f-66db56af525a@group-BCADF287A12B-LeaderElection137] INFO  impl.LeaderElection (LeaderElection.java:logAndReturn(56)) - 9127dd83-037b-4d39-812f-66db56af525a@group-BCADF287A12B-LeaderElection137: Election REJECTED; received 2 response(s) [9127dd83-037b-4d39-812f-66db56af525a<-7fae3aed-4e76-4283-a599-f93f794625ab#0:FAIL-t150, 9127dd83-037b-4d39-812f-66db56af525a<-58095e90-3010-492a-9083-43cf2e035c3f#0:FAIL-t150] and 0 exception(s); 9127dd83-037b-4d39-812f-66db56af525a@group-BCADF287A12B:t150, leader=null, voted=9127dd83-037b-4d39-812f-66db56af525a, raftlog=9127dd83-037b-4d39-812f-66db56af525a@group-BCADF287A12B-SegmentedRaftLog:OPENED:c-1,f-1,i0, conf=-1: [7fae3aed-4e76-4283-a599-f93f794625ab:192.168.34.21:41352, 58095e90-3010-492a-9083-43cf2e035c3f:192.168.34.21:45284, 9127dd83-037b-4d39-812f-66db56af525a:192.168.34.21:42063], old=null
2019-10-30 05:53:19,869 [9127dd83-037b-4d39-812f-66db56af525a@group-BCADF287A12B-LeaderElection137] INFO  impl.RaftServerImpl (RaftServerImpl.java:setRole(184)) - 9127dd83-037b-4d39-812f-66db56af525a@group-BCADF287A12B: changes role from CANDIDATE to FOLLOWER at term 150 for DISCOVERED_A_NEW_TERM
2019-10-30 05:53:19,870 [9127dd83-037b-4d39-812f-66db56af525a@group-BCADF287A12B-LeaderElection137] INFO  impl.RoleInfo (RoleInfo.java:shutdownLeaderElection(134)) - 9127dd83-037b-4d39-812f-66db56af525a: shutdown LeaderElection
2019-10-30 05:53:19,870 [9127dd83-037b-4d39-812f-66db56af525a@group-BCADF287A12B-LeaderElection137] INFO  impl.RoleInfo (RoleInfo.java:updateAndGet(143)) - 9127dd83-037b-4d39-812f-66db56af525a: start FollowerState
2019-10-30 05:53:19,896 [Thread-1140] INFO  impl.FollowerState (FollowerState.java:run(108)) - 9127dd83-037b-4d39-812f-66db56af525a@group-BCADF287A12B-FollowerState: change to CANDIDATE, lastRpcTime:26ms, electionTimeout:26ms
2019-10-30 05:53:19,896 [Thread-1140] INFO  impl.RoleInfo (RoleInfo.java:shutdownFollowerState(121)) - 9127dd83-037b-4d39-812f-66db56af525a: shutdown FollowerState
2019-10-30 05:53:19,896 [Thread-1140] INFO  impl.RaftServerImpl (RaftServerImpl.java:setRole(184)) - 9127dd83-037b-4d39-812f-66db56af525a@group-BCADF287A12B: changes role from  FOLLOWER to CANDIDATE at term 150 for changeToCandidate
2019-10-30 05:53:19,896 [Thread-1140] INFO  impl.RoleInfo (RoleInfo.java:updateAndGet(143)) - 9127dd83-037b-4d39-812f-66db56af525a: start LeaderElection
2019-10-30 05:53:19,910 [9127dd83-037b-4d39-812f-66db56af525a@group-BCADF287A12B-LeaderElection138] INFO  impl.LeaderElection (LeaderElection.java:askForVotes(178)) - 9127dd83-037b-4d39-812f-66db56af525a@group-BCADF287A12B-LeaderElection138: begin an election at term 151 for -1: [7fae3aed-4e76-4283-a599-f93f794625ab:192.168.34.21:41352, 58095e90-3010-492a-9083-43cf2e035c3f:192.168.34.21:45284, 9127dd83-037b-4d39-812f-66db56af525a:192.168.34.21:42063], old=null
2019-10-30 05:53:19,912 [grpc-default-executor-1] INFO  impl.RaftServerImpl (RaftServerImpl.java:setRole(184)) - 58095e90-3010-492a-9083-43cf2e035c3f@group-BCADF287A12B: changes role from  FOLLOWER to FOLLOWER at term 151 for recognizeCandidate:9127dd83-037b-4d39-812f-66db56af525a
2019-10-30 05:53:19,912 [grpc-default-executor-3] INFO  impl.RaftServerImpl (RaftServerImpl.java:setRole(184)) - 7fae3aed-4e76-4283-a599-f93f794625ab@group-BCADF287A12B: changes role from  FOLLOWER to FOLLOWER at term 151 for recognizeCandidate:9127dd83-037b-4d39-812f-66db56af525a
2019-10-30 05:53:19,912 [grpc-default-executor-1] INFO  impl.RoleInfo (RoleInfo.java:shutdownFollowerState(121)) - 58095e90-3010-492a-9083-43cf2e035c3f: shutdown FollowerState
2019-10-30 05:53:19,912 [grpc-default-executor-3] INFO  impl.RoleInfo (RoleInfo.java:shutdownFollowerState(121)) - 7fae3aed-4e76-4283-a599-f93f794625ab: shutdown FollowerState
2019-10-30 05:53:19,913 [Thread-1138] INFO  impl.FollowerState (FollowerState.java:run(117)) - 58095e90-3010-492a-9083-43cf2e035c3f@group-BCADF287A12B-FollowerState was interrupted: java.lang.InterruptedException: sleep interrupted
2019-10-30 05:53:19,913 [grpc-default-executor-3] INFO  impl.RoleInfo (RoleInfo.java:updateAndGet(143)) - 7fae3aed-4e76-4283-a599-f93f794625ab: start FollowerState
2019-10-30 05:53:19,912 [grpc-default-executor-1] INFO  impl.RoleInfo (RoleInfo.java:updateAndGet(143)) - 58095e90-3010-492a-9083-43cf2e035c3f: start FollowerState
2019-10-30 05:53:19,913 [Thread-1139] INFO  impl.FollowerState (FollowerState.java:run(117)) - 7fae3aed-4e76-4283-a599-f93f794625ab@group-BCADF287A12B-FollowerState was interrupted: java.lang.InterruptedException: sleep interrupted
2019-10-30 05:53:19,927 [9127dd83-037b-4d39-812f-66db56af525a@group-BCADF287A12B-LeaderElection138] INFO  impl.LeaderElection (LeaderElection.java:logAndReturn(56)) - 9127dd83-037b-4d39-812f-66db56af525a@group-BCADF287A12B-LeaderElection138: Election REJECTED; received 2 response(s) [9127dd83-037b-4d39-812f-66db56af525a<-7fae3aed-4e76-4283-a599-f93f794625ab#0:FAIL-t151, 9127dd83-037b-4d39-812f-66db56af525a<-58095e90-3010-492a-9083-43cf2e035c3f#0:FAIL-t151] and 0 exception(s); 9127dd83-037b-4d39-812f-66db56af525a@group-BCADF287A12B:t151, leader=null, voted=9127dd83-037b-4d39-812f-66db56af525a, raftlog=9127dd83-037b-4d39-812f-66db56af525a@group-BCADF287A12B-SegmentedRaftLog:OPENED:c-1,f-1,i0, conf=-1: [7fae3aed-4e76-4283-a599-f93f794625ab:192.168.34.21:41352, 58095e90-3010-492a-9083-43cf2e035c3f:192.168.34.21:45284, 9127dd83-037b-4d39-812f-66db56af525a:192.168.34.21:42063], old=null
2019-10-30 05:53:19,927 [9127dd83-037b-4d39-812f-66db56af525a@group-BCADF287A12B-LeaderElection138] INFO  impl.RaftServerImpl (RaftServerImpl.java:setRole(184)) - 9127dd83-037b-4d39-812f-66db56af525a@group-BCADF287A12B: changes role from CANDIDATE to FOLLOWER at term 151 for DISCOVERED_A_NEW_TERM
2019-10-30 05:53:19,927 [9127dd83-037b-4d39-812f-66db56af525a@group-BCADF287A12B-LeaderElection138] INFO  impl.RoleInfo (RoleInfo.java:shutdownLeaderElection(134)) - 9127dd83-037b-4d39-812f-66db56af525a: shutdown LeaderElection
2019-10-30 05:53:19,928 [9127dd83-037b-4d39-812f-66db56af525a@group-BCADF287A12B-LeaderElection138] INFO  impl.RoleInfo (RoleInfo.java:updateAndGet(143)) - 9127dd83-037b-4d39-812f-66db56af525a: start FollowerState
2019-10-30 05:53:20,095 [Thread-1146] INFO  impl.FollowerState (FollowerState.java:run(108)) - 9127dd83-037b-4d39-812f-66db56af525a@group-BCADF287A12B-FollowerState: change to CANDIDATE, lastRpcTime:167ms, electionTimeout:167ms
2019-10-30 05:53:20,096 [Thread-1146] INFO  impl.RoleInfo (RoleInfo.java:shutdownFollowerState(121)) - 9127dd83-037b-4d39-812f-66db56af525a: shutdown FollowerState
2019-10-30 05:53:20,096 [Thread-1146] INFO  impl.RaftServerImpl (RaftServerImpl.java:setRole(184)) - 9127dd83-037b-4d39-812f-66db56af525a@group-BCADF287A12B: changes role from  FOLLOWER to CANDIDATE at term 151 for changeToCandidate
2019-10-30 05:53:20,096 [Thread-1146] INFO  impl.RoleInfo (RoleInfo.java:updateAndGet(143)) - 9127dd83-037b-4d39-812f-66db56af525a: start LeaderElection
2019-10-30 05:53:20,104 [9127dd83-037b-4d39-812f-66db56af525a@group-BCADF287A12B-LeaderElection139] INFO  impl.LeaderElection (LeaderElection.java:askForVotes(178)) - 9127dd83-037b-4d39-812f-66db56af525a@group-BCADF287A12B-LeaderElection139: begin an election at term 152 for -1: [7fae3aed-4e76-4283-a599-f93f794625ab:192.168.34.21:41352, 58095e90-3010-492a-9083-43cf2e035c3f:192.168.34.21:45284, 9127dd83-037b-4d39-812f-66db56af525a:192.168.34.21:42063], old=null
2019-10-30 05:53:20,106 [grpc-default-executor-1] INFO  impl.RaftServerImpl (RaftServerImpl.java:setRole(184)) - 58095e90-3010-492a-9083-43cf2e035c3f@group-BCADF287A12B: changes role from  FOLLOWER to FOLLOWER at term 152 for recognizeCandidate:9127dd83-037b-4d39-812f-66db56af525a
2019-10-30 05:53:20,106 [grpc-default-executor-1] INFO  impl.RoleInfo (RoleInfo.java:shutdownFollowerState(121)) - 58095e90-3010-492a-9083-43cf2e035c3f: shutdown FollowerState
2019-10-30 05:53:20,106 [grpc-default-executor-1] INFO  impl.RoleInfo (RoleInfo.java:updateAndGet(143)) - 58095e90-3010-492a-9083-43cf2e035c3f: start FollowerState
2019-10-30 05:53:20,106 [grpc-default-executor-3] INFO  impl.RaftServerImpl (RaftServerImpl.java:setRole(184)) - 7fae3aed-4e76-4283-a599-f93f794625ab@group-BCADF287A12B: changes role from  FOLLOWER to FOLLOWER at term 152 for recognizeCandidate:9127dd83-037b-4d39-812f-66db56af525a
2019-10-30 05:53:20,107 [Thread-1144] INFO  impl.FollowerState (FollowerState.java:run(117)) - 58095e90-3010-492a-9083-43cf2e035c3f@group-BCADF287A12B-FollowerState was interrupted: java.lang.InterruptedException: sleep interrupted
2019-10-30 05:53:20,107 [grpc-default-executor-3] INFO  impl.RoleInfo (RoleInfo.java:shutdownFollowerState(121)) - 7fae3aed-4e76-4283-a599-f93f794625ab: shutdown FollowerState
2019-10-30 05:53:20,107 [grpc-default-executor-3] INFO  impl.RoleInfo (RoleInfo.java:updateAndGet(143)) - 7fae3aed-4e76-4283-a599-f93f794625ab: start FollowerState
2019-10-30 05:53:20,107 [Thread-1145] INFO  impl.FollowerState (FollowerState.java:run(117)) - 7fae3aed-4e76-4283-a599-f93f794625ab@group-BCADF287A12B-FollowerState was interrupted: java.lang.InterruptedException: sleep interrupted
2019-10-30 05:53:20,124 [9127dd83-037b-4d39-812f-66db56af525a@group-BCADF287A12B-LeaderElection139] INFO  impl.LeaderElection (LeaderElection.java:logAndReturn(56)) - 9127dd83-037b-4d39-812f-66db56af525a@group-BCADF287A12B-LeaderElection139: Election REJECTED; received 2 response(s) [9127dd83-037b-4d39-812f-66db56af525a<-7fae3aed-4e76-4283-a599-f93f794625ab#0:FAIL-t152, 9127dd83-037b-4d39-812f-66db56af525a<-58095e90-3010-492a-9083-43cf2e035c3f#0:FAIL-t152] and 0 exception(s); 9127dd83-037b-4d39-812f-66db56af525a@group-BCADF287A12B:t152, leader=null, voted=9127dd83-037b-4d39-812f-66db56af525a, raftlog=9127dd83-037b-4d39-812f-66db56af525a@group-BCADF287A12B-SegmentedRaftLog:OPENED:c-1,f-1,i0, conf=-1: [7fae3aed-4e76-4283-a599-f93f794625ab:192.168.34.21:41352, 58095e90-3010-492a-9083-43cf2e035c3f:192.168.34.21:45284, 9127dd83-037b-4d39-812f-66db56af525a:192.168.34.21:42063], old=null
2019-10-30 05:53:20,124 [9127dd83-037b-4d39-812f-66db56af525a@group-BCADF287A12B-LeaderElection139] INFO  impl.RaftServerImpl (RaftServerImpl.java:setRole(184)) - 9127dd83-037b-4d39-812f-66db56af525a@group-BCADF287A12B: changes role from CANDIDATE to FOLLOWER at term 152 for DISCOVERED_A_NEW_TERM
2019-10-30 05:53:20,124 [9127dd83-037b-4d39-812f-66db56af525a@group-BCADF287A12B-LeaderElection139] INFO  impl.RoleInfo (RoleInfo.java:shutdownLeaderElection(134)) - 9127dd83-037b-4d39-812f-66db56af525a: shutdown LeaderElection
2019-10-30 05:53:20,124 [9127dd83-037b-4d39-812f-66db56af525a@group-BCADF287A12B-LeaderElection139] INFO  impl.RoleInfo (RoleInfo.java:updateAndGet(143)) - 9127dd83-037b-4d39-812f-66db56af525a: start FollowerState
2019-10-30 05:53:20,323 [Thread-1154] INFO  impl.FollowerState (FollowerState.java:run(108)) - 9127dd83-037b-4d39-812f-66db56af525a@group-BCADF287A12B-FollowerState: change to CANDIDATE, lastRpcTime:198ms, electionTimeout:198ms
2019-10-30 05:53:20,323 [Thread-1154] INFO  impl.RoleInfo (RoleInfo.java:shutdownFollowerState(121)) - 9127dd83-037b-4d39-812f-66db56af525a: shutdown FollowerState
2019-10-30 05:53:20,323 [Thread-1154] INFO  impl.RaftServerImpl (RaftServerImpl.java:setRole(184)) - 9127dd83-037b-4d39-812f-66db56af525a@group-BCADF287A12B: changes role from  FOLLOWER to CANDIDATE at term 152 for changeToCandidate
2019-10-30 05:53:20,323 [Thread-1154] INFO  impl.RoleInfo (RoleInfo.java:updateAndGet(143)) - 9127dd83-037b-4d39-812f-66db56af525a: start LeaderElection
2019-10-30 05:53:20,337 [9127dd83-037b-4d39-812f-66db56af525a@group-BCADF287A12B-LeaderElection140] INFO  impl.LeaderElection (LeaderElection.java:askForVotes(178)) - 9127dd83-037b-4d39-812f-66db56af525a@group-BCADF287A12B-LeaderElection140: begin an election at term 153 for -1: [7fae3aed-4e76-4283-a599-f93f794625ab:192.168.34.21:41352, 58095e90-3010-492a-9083-43cf2e035c3f:192.168.34.21:45284, 9127dd83-037b-4d39-812f-66db56af525a:192.168.34.21:42063], old=null
2019-10-30 05:53:20,339 [grpc-default-executor-1] INFO  impl.RaftServerImpl (RaftServerImpl.java:setRole(184)) - 58095e90-3010-492a-9083-43cf2e035c3f@group-BCADF287A12B: changes role from  FOLLOWER to FOLLOWER at term 153 for recognizeCandidate:9127dd83-037b-4d39-812f-66db56af525a
2019-10-30 05:53:20,339 [grpc-default-executor-3] INFO  impl.RaftServerImpl (RaftServerImpl.java:setRole(184)) - 7fae3aed-4e76-4283-a599-f93f794625ab@group-BCADF287A12B: changes role from  FOLLOWER to FOLLOWER at term 153 for recognizeCandidate:9127dd83-037b-4d39-812f-66db56af525a
2019-10-30 05:53:20,339 [grpc-default-executor-1] INFO  impl.RoleInfo (RoleInfo.java:shutdownFollowerState(121)) - 58095e90-3010-492a-9083-43cf2e035c3f: shutdown FollowerState
2019-10-30 05:53:20,339 [grpc-default-executor-3] INFO  impl.RoleInfo (RoleInfo.java:shutdownFollowerState(121)) - 7fae3aed-4e76-4283-a599-f93f794625ab: shutdown FollowerState
2019-10-30 05:53:20,340 [Thread-1152] INFO  impl.FollowerState (FollowerState.java:run(117)) - 58095e90-3010-492a-9083-43cf2e035c3f@group-BCADF287A12B-FollowerState was interrupted: java.lang.InterruptedException: sleep interrupted
2019-10-30 05:53:20,339 [grpc-default-executor-1] INFO  impl.RoleInfo (RoleInfo.java:updateAndGet(143)) - 58095e90-3010-492a-9083-43cf2e035c3f: start FollowerState
2019-10-30 05:53:20,340 [Thread-1153] INFO  impl.FollowerState (FollowerState.java:run(117)) - 7fae3aed-4e76-4283-a599-f93f794625ab@group-BCADF287A12B-FollowerState was interrupted: java.lang.InterruptedException: sleep interrupted
2019-10-30 05:53:20,340 [grpc-default-executor-3] INFO  impl.RoleInfo (RoleInfo.java:updateAndGet(143)) - 7fae3aed-4e76-4283-a599-f93f794625ab: start FollowerState
2019-10-30 05:53:20,355 [9127dd83-037b-4d39-812f-66db56af525a@group-BCADF287A12B-LeaderElection140] INFO  impl.LeaderElection (LeaderElection.java:logAndReturn(56)) - 9127dd83-037b-4d39-812f-66db56af525a@group-BCADF287A12B-LeaderElection140: Election REJECTED; received 2 response(s) [9127dd83-037b-4d39-812f-66db56af525a<-7fae3aed-4e76-4283-a599-f93f794625ab#0:FAIL-t153, 9127dd83-037b-4d39-812f-66db56af525a<-58095e90-3010-492a-9083-43cf2e035c3f#0:FAIL-t153] and 0 exception(s); 9127dd83-037b-4d39-812f-66db56af525a@group-BCADF287A12B:t153, leader=null, voted=9127dd83-037b-4d39-812f-66db56af525a, raftlog=9127dd83-037b-4d39-812f-66db56af525a@group-BCADF287A12B-SegmentedRaftLog:OPENED:c-1,f-1,i0, conf=-1: [7fae3aed-4e76-4283-a599-f93f794625ab:192.168.34.21:41352, 58095e90-3010-492a-9083-43cf2e035c3f:192.168.34.21:45284, 9127dd83-037b-4d39-812f-66db56af525a:192.168.34.21:42063], old=null
2019-10-30 05:53:20,356 [9127dd83-037b-4d39-812f-66db56af525a@group-BCADF287A12B-LeaderElection140] INFO  impl.RaftServerImpl (RaftServerImpl.java:setRole(184)) - 9127dd83-037b-4d39-812f-66db56af525a@group-BCADF287A12B: changes role from CANDIDATE to FOLLOWER at term 153 for DISCOVERED_A_NEW_TERM
2019-10-30 05:53:20,356 [9127dd83-037b-4d39-812f-66db56af525a@group-BCADF287A12B-LeaderElection140] INFO  impl.RoleInfo (RoleInfo.java:shutdownLeaderElection(134)) - 9127dd83-037b-4d39-812f-66db56af525a: shutdown LeaderElection
2019-10-30 05:53:20,356 [9127dd83-037b-4d39-812f-66db56af525a@group-BCADF287A12B-LeaderElection140] INFO  impl.RoleInfo (RoleInfo.java:updateAndGet(143)) - 9127dd83-037b-4d39-812f-66db56af525a: start FollowerState
2019-10-30 05:53:20,438 [Thread-1160] INFO  impl.FollowerState (FollowerState.java:run(108)) - 9127dd83-037b-4d39-812f-66db56af525a@group-BCADF287A12B-FollowerState: change to CANDIDATE, lastRpcTime:82ms, electionTimeout:82ms
2019-10-30 05:53:20,438 [Thread-1160] INFO  impl.RoleInfo (RoleInfo.java:shutdownFollowerState(121)) - 9127dd83-037b-4d39-812f-66db56af525a: shutdown FollowerState
2019-10-30 05:53:20,438 [Thread-1160] INFO  impl.RaftServerImpl (RaftServerImpl.java:setRole(184)) - 9127dd83-037b-4d39-812f-66db56af525a@group-BCADF287A12B: changes role from  FOLLOWER to CANDIDATE at term 153 for changeToCandidate
2019-10-30 05:53:20,439 [Thread-1160] INFO  impl.RoleInfo (RoleInfo.java:updateAndGet(143)) - 9127dd83-037b-4d39-812f-66db56af525a: start LeaderElection
2019-10-30 05:53:20,448 [9127dd83-037b-4d39-812f-66db56af525a@group-BCADF287A12B-LeaderElection141] INFO  impl.LeaderElection (LeaderElection.java:askForVotes(178)) - 9127dd83-037b-4d39-812f-66db56af525a@group-BCADF287A12B-LeaderElection141: begin an election at term 154 for -1: [7fae3aed-4e76-4283-a599-f93f794625ab:192.168.34.21:41352, 58095e90-3010-492a-9083-43cf2e035c3f:192.168.34.21:45284, 9127dd83-037b-4d39-812f-66db56af525a:192.168.34.21:42063], old=null
2019-10-30 05:53:20,450 [grpc-default-executor-3] INFO  impl.RaftServerImpl (RaftServerImpl.java:setRole(184)) - 58095e90-3010-492a-9083-43cf2e035c3f@group-BCADF287A12B: changes role from  FOLLOWER to FOLLOWER at term 154 for recognizeCandidate:9127dd83-037b-4d39-812f-66db56af525a
2019-10-30 05:53:20,450 [grpc-default-executor-1] INFO  impl.RaftServerImpl (RaftServerImpl.java:setRole(184)) - 7fae3aed-4e76-4283-a599-f93f794625ab@group-BCADF287A12B: changes role from  FOLLOWER to FOLLOWER at term 154 for recognizeCandidate:9127dd83-037b-4d39-812f-66db56af525a
2019-10-30 05:53:20,450 [grpc-default-executor-3] INFO  impl.RoleInfo (RoleInfo.java:shutdownFollowerState(121)) - 58095e90-3010-492a-9083-43cf2e035c3f: shutdown FollowerState
2019-10-30 05:53:20,450 [grpc-default-executor-1] INFO  impl.RoleInfo (RoleInfo.java:shutdownFollowerState(121)) - 7fae3aed-4e76-4283-a599-f93f794625ab: shutdown FollowerState
2019-10-30 05:53:20,450 [grpc-default-executor-3] INFO  impl.RoleInfo (RoleInfo.java:updateAndGet(143)) - 58095e90-3010-492a-9083-43cf2e035c3f: start FollowerState
2019-10-30 05:53:20,450 [Thread-1159] INFO  impl.FollowerState (FollowerState.java:run(117)) - 7fae3aed-4e76-4283-a599-f93f794625ab@group-BCADF287A12B-FollowerState was interrupted: java.lang.InterruptedException: sleep interrupted
2019-10-30 05:53:20,450 [Thread-1158] INFO  impl.FollowerState (FollowerState.java:run(117)) - 58095e90-3010-492a-9083-43cf2e035c3f@group-BCADF287A12B-FollowerState was interrupted: java.lang.InterruptedException: sleep interrupted
2019-10-30 05:53:20,450 [grpc-default-executor-1] INFO  impl.RoleInfo (RoleInfo.java:updateAndGet(143)) - 7fae3aed-4e76-4283-a599-f93f794625ab: start FollowerState
2019-10-30 05:53:20,461 [9127dd83-037b-4d39-812f-66db56af525a@group-BCADF287A12B-LeaderElection141] INFO  impl.LeaderElection (LeaderElection.java:logAndReturn(56)) - 9127dd83-037b-4d39-812f-66db56af525a@group-BCADF287A12B-LeaderElection141: Election REJECTED; received 2 response(s) [9127dd83-037b-4d39-812f-66db56af525a<-7fae3aed-4e76-4283-a599-f93f794625ab#0:FAIL-t154, 9127dd83-037b-4d39-812f-66db56af525a<-58095e90-3010-492a-9083-43cf2e035c3f#0:FAIL-t154] and 0 exception(s); 9127dd83-037b-4d39-812f-66db56af525a@group-BCADF287A12B:t154, leader=null, voted=9127dd83-037b-4d39-812f-66db56af525a, raftlog=9127dd83-037b-4d39-812f-66db56af525a@group-BCADF287A12B-SegmentedRaftLog:OPENED:c-1,f-1,i0, conf=-1: [7fae3aed-4e76-4283-a599-f93f794625ab:192.168.34.21:41352, 58095e90-3010-492a-9083-43cf2e035c3f:192.168.34.21:45284, 9127dd83-037b-4d39-812f-66db56af525a:192.168.34.21:42063], old=null
2019-10-30 05:53:20,462 [9127dd83-037b-4d39-812f-66db56af525a@group-BCADF287A12B-LeaderElection141] INFO  impl.RaftServerImpl (RaftServerImpl.java:setRole(184)) - 9127dd83-037b-4d39-812f-66db56af525a@group-BCADF287A12B: changes role from CANDIDATE to FOLLOWER at term 154 for DISCOVERED_A_NEW_TERM
2019-10-30 05:53:20,462 [9127dd83-037b-4d39-812f-66db56af525a@group-BCADF287A12B-LeaderElection141] INFO  impl.RoleInfo (RoleInfo.java:shutdownLeaderElection(134)) - 9127dd83-037b-4d39-812f-66db56af525a: shutdown LeaderElection
2019-10-30 05:53:20,462 [9127dd83-037b-4d39-812f-66db56af525a@group-BCADF287A12B-LeaderElection141] INFO  impl.RoleInfo (RoleInfo.java:updateAndGet(143)) - 9127dd83-037b-4d39-812f-66db56af525a: start FollowerState
2019-10-30 05:53:20,625 [Thread-1166] INFO  impl.FollowerState (FollowerState.java:run(108)) - 9127dd83-037b-4d39-812f-66db56af525a@group-BCADF287A12B-FollowerState: change to CANDIDATE, lastRpcTime:163ms, electionTimeout:163ms
2019-10-30 05:53:20,625 [Thread-1166] INFO  impl.RoleInfo (RoleInfo.java:shutdownFollowerState(121)) - 9127dd83-037b-4d39-812f-66db56af525a: shutdown FollowerState
2019-10-30 05:53:20,625 [Thread-1166] INFO  impl.RaftServerImpl (RaftServerImpl.java:setRole(184)) - 9127dd83-037b-4d39-812f-66db56af525a@group-BCADF287A12B: changes role from  FOLLOWER to CANDIDATE at term 154 for changeToCandidate
2019-10-30 05:53:20,626 [Thread-1166] INFO  impl.RoleInfo (RoleInfo.java:updateAndGet(143)) - 9127dd83-037b-4d39-812f-66db56af525a: start LeaderElection
2019-10-30 05:53:20,629 [9127dd83-037b-4d39-812f-66db56af525a@group-BCADF287A12B-LeaderElection142] INFO  impl.LeaderElection (LeaderElection.java:askForVotes(178)) - 9127dd83-037b-4d39-812f-66db56af525a@group-BCADF287A12B-LeaderElection142: begin an election at term 155 for -1: [7fae3aed-4e76-4283-a599-f93f794625ab:192.168.34.21:41352, 58095e90-3010-492a-9083-43cf2e035c3f:192.168.34.21:45284, 9127dd83-037b-4d39-812f-66db56af525a:192.168.34.21:42063], old=null
2019-10-30 05:53:20,631 [grpc-default-executor-1] INFO  impl.RaftServerImpl (RaftServerImpl.java:setRole(184)) - 7fae3aed-4e76-4283-a599-f93f794625ab@group-BCADF287A12B: changes role from  FOLLOWER to FOLLOWER at term 155 for recognizeCandidate:9127dd83-037b-4d39-812f-66db56af525a
2019-10-30 05:53:20,631 [grpc-default-executor-1] INFO  impl.RoleInfo (RoleInfo.java:shutdownFollowerState(121)) - 7fae3aed-4e76-4283-a599-f93f794625ab: shutdown FollowerState
2019-10-30 05:53:20,631 [grpc-default-executor-3] INFO  impl.RaftServerImpl (RaftServerImpl.java:setRole(184)) - 58095e90-3010-492a-9083-43cf2e035c3f@group-BCADF287A12B: changes role from  FOLLOWER to FOLLOWER at term 155 for recognizeCandidate:9127dd83-037b-4d39-812f-66db56af525a
2019-10-30 05:53:20,631 [grpc-default-executor-1] INFO  impl.RoleInfo (RoleInfo.java:updateAndGet(143)) - 7fae3aed-4e76-4283-a599-f93f794625ab: start FollowerState
2019-10-30 05:53:20,632 [Thread-1165] INFO  impl.FollowerState (FollowerState.java:run(117)) - 7fae3aed-4e76-4283-a599-f93f794625ab@group-BCADF287A12B-FollowerState was interrupted: java.lang.InterruptedException: sleep interrupted
2019-10-30 05:53:20,632 [grpc-default-executor-3] INFO  impl.RoleInfo (RoleInfo.java:shutdownFollowerState(121)) - 58095e90-3010-492a-9083-43cf2e035c3f: shutdown FollowerState
2019-10-30 05:53:20,632 [grpc-default-executor-3] INFO  impl.RoleInfo (RoleInfo.java:updateAndGet(143)) - 58095e90-3010-492a-9083-43cf2e035c3f: start FollowerState
2019-10-30 05:53:20,632 [Thread-1164] INFO  impl.FollowerState (FollowerState.java:run(117)) - 58095e90-3010-492a-9083-43cf2e035c3f@group-BCADF287A12B-FollowerState was interrupted: java.lang.InterruptedException: sleep interrupted
2019-10-30 05:53:20,646 [9127dd83-037b-4d39-812f-66db56af525a@group-BCADF287A12B-LeaderElection142] INFO  impl.LeaderElection (LeaderElection.java:logAndReturn(56)) - 9127dd83-037b-4d39-812f-66db56af525a@group-BCADF287A12B-LeaderElection142: Election REJECTED; received 2 response(s) [9127dd83-037b-4d39-812f-66db56af525a<-7fae3aed-4e76-4283-a599-f93f794625ab#0:FAIL-t155, 9127dd83-037b-4d39-812f-66db56af525a<-58095e90-3010-492a-9083-43cf2e035c3f#0:FAIL-t155] and 0 exception(s); 9127dd83-037b-4d39-812f-66db56af525a@group-BCADF287A12B:t155, leader=null, voted=9127dd83-037b-4d39-812f-66db56af525a, raftlog=9127dd83-037b-4d39-812f-66db56af525a@group-BCADF287A12B-SegmentedRaftLog:OPENED:c-1,f-1,i0, conf=-1: [7fae3aed-4e76-4283-a599-f93f794625ab:192.168.34.21:41352, 58095e90-3010-492a-9083-43cf2e035c3f:192.168.34.21:45284, 9127dd83-037b-4d39-812f-66db56af525a:192.168.34.21:42063], old=null
2019-10-30 05:53:20,646 [9127dd83-037b-4d39-812f-66db56af525a@group-BCADF287A12B-LeaderElection142] INFO  impl.RaftServerImpl (RaftServerImpl.java:setRole(184)) - 9127dd83-037b-4d39-812f-66db56af525a@group-BCADF287A12B: changes role from CANDIDATE to FOLLOWER at term 155 for DISCOVERED_A_NEW_TERM
2019-10-30 05:53:20,647 [9127dd83-037b-4d39-812f-66db56af525a@group-BCADF287A12B-LeaderElection142] INFO  impl.RoleInfo (RoleInfo.java:shutdownLeaderElection(134)) - 9127dd83-037b-4d39-812f-66db56af525a: shutdown LeaderElection
2019-10-30 05:53:20,647 [9127dd83-037b-4d39-812f-66db56af525a@group-BCADF287A12B-LeaderElection142] INFO  impl.RoleInfo (RoleInfo.java:updateAndGet(143)) - 9127dd83-037b-4d39-812f-66db56af525a: start FollowerState
2019-10-30 05:53:20,842 [Thread-1172] INFO  impl.FollowerState (FollowerState.java:run(108)) - 9127dd83-037b-4d39-812f-66db56af525a@group-BCADF287A12B-FollowerState: change to CANDIDATE, lastRpcTime:195ms, electionTimeout:195ms
2019-10-30 05:53:20,842 [Thread-1172] INFO  impl.RoleInfo (RoleInfo.java:shutdownFollowerState(121)) - 9127dd83-037b-4d39-812f-66db56af525a: shutdown FollowerState
2019-10-30 05:53:20,842 [Thread-1172] INFO  impl.RaftServerImpl (RaftServerImpl.java:setRole(184)) - 9127dd83-037b-4d39-812f-66db56af525a@group-BCADF287A12B: changes role from  FOLLOWER to CANDIDATE at term 155 for changeToCandidate
2019-10-30 05:53:20,842 [Thread-1172] INFO  impl.RoleInfo (RoleInfo.java:updateAndGet(143)) - 9127dd83-037b-4d39-812f-66db56af525a: start LeaderElection
2019-10-30 05:53:20,856 [9127dd83-037b-4d39-812f-66db56af525a@group-BCADF287A12B-LeaderElection143] INFO  impl.LeaderElection (LeaderElection.java:askForVotes(178)) - 9127dd83-037b-4d39-812f-66db56af525a@group-BCADF287A12B-LeaderElection143: begin an election at term 156 for -1: [7fae3aed-4e76-4283-a599-f93f794625ab:192.168.34.21:41352, 58095e90-3010-492a-9083-43cf2e035c3f:192.168.34.21:45284, 9127dd83-037b-4d39-812f-66db56af525a:192.168.34.21:42063], old=null
2019-10-30 05:53:20,858 [grpc-default-executor-3] INFO  impl.RaftServerImpl (RaftServerImpl.java:setRole(184)) - 7fae3aed-4e76-4283-a599-f93f794625ab@group-BCADF287A12B: changes role from  FOLLOWER to FOLLOWER at term 156 for recognizeCandidate:9127dd83-037b-4d39-812f-66db56af525a
2019-10-30 05:53:20,859 [grpc-default-executor-3] INFO  impl.RoleInfo (RoleInfo.java:shutdownFollowerState(121)) - 7fae3aed-4e76-4283-a599-f93f794625ab: shutdown FollowerState
2019-10-30 05:53:20,858 [grpc-default-executor-1] INFO  impl.RaftServerImpl (RaftServerImpl.java:setRole(184)) - 58095e90-3010-492a-9083-43cf2e035c3f@group-BCADF287A12B: changes role from  FOLLOWER to FOLLOWER at term 156 for recognizeCandidate:9127dd83-037b-4d39-812f-66db56af525a
2019-10-30 05:53:20,859 [Thread-1170] INFO  impl.FollowerState (FollowerState.java:run(117)) - 7fae3aed-4e76-4283-a599-f93f794625ab@group-BCADF287A12B-FollowerState was interrupted: java.lang.InterruptedException: sleep interrupted
2019-10-30 05:53:20,859 [grpc-default-executor-3] INFO  impl.RoleInfo (RoleInfo.java:updateAndGet(143)) - 7fae3aed-4e76-4283-a599-f93f794625ab: start FollowerState
2019-10-30 05:53:20,859 [grpc-default-executor-1] INFO  impl.RoleInfo (RoleInfo.java:shutdownFollowerState(121)) - 58095e90-3010-492a-9083-43cf2e035c3f: shutdown FollowerState
2019-10-30 05:53:20,860 [grpc-default-executor-1] INFO  impl.RoleInfo (RoleInfo.java:updateAndGet(143)) - 58095e90-3010-492a-9083-43cf2e035c3f: start FollowerState
2019-10-30 05:53:20,860 [Thread-1171] INFO  impl.FollowerState (FollowerState.java:run(117)) - 58095e90-3010-492a-9083-43cf2e035c3f@group-BCADF287A12B-FollowerState was interrupted: java.lang.InterruptedException: sleep interrupted
2019-10-30 05:53:20,874 [9127dd83-037b-4d39-812f-66db56af525a@group-BCADF287A12B-LeaderElection143] INFO  impl.LeaderElection (LeaderElection.java:logAndReturn(56)) - 9127dd83-037b-4d39-812f-66db56af525a@group-BCADF287A12B-LeaderElection143: Election REJECTED; received 2 response(s) [9127dd83-037b-4d39-812f-66db56af525a<-7fae3aed-4e76-4283-a599-f93f794625ab#0:FAIL-t156, 9127dd83-037b-4d39-812f-66db56af525a<-58095e90-3010-492a-9083-43cf2e035c3f#0:FAIL-t156] and 0 exception(s); 9127dd83-037b-4d39-812f-66db56af525a@group-BCADF287A12B:t156, leader=null, voted=9127dd83-037b-4d39-812f-66db56af525a, raftlog=9127dd83-037b-4d39-812f-66db56af525a@group-BCADF287A12B-SegmentedRaftLog:OPENED:c-1,f-1,i0, conf=-1: [7fae3aed-4e76-4283-a599-f93f794625ab:192.168.34.21:41352, 58095e90-3010-492a-9083-43cf2e035c3f:192.168.34.21:45284, 9127dd83-037b-4d39-812f-66db56af525a:192.168.34.21:42063], old=null
2019-10-30 05:53:20,875 [9127dd83-037b-4d39-812f-66db56af525a@group-BCADF287A12B-LeaderElection143] INFO  impl.RaftServerImpl (RaftServerImpl.java:setRole(184)) - 9127dd83-037b-4d39-812f-66db56af525a@group-BCADF287A12B: changes role from CANDIDATE to FOLLOWER at term 156 for DISCOVERED_A_NEW_TERM
2019-10-30 05:53:20,875 [9127dd83-037b-4d39-812f-66db56af525a@group-BCADF287A12B-LeaderElection143] INFO  impl.RoleInfo (RoleInfo.java:shutdownLeaderElection(134)) - 9127dd83-037b-4d39-812f-66db56af525a: shutdown LeaderElection
2019-10-30 05:53:20,875 [9127dd83-037b-4d39-812f-66db56af525a@group-BCADF287A12B-LeaderElection143] INFO  impl.RoleInfo (RoleInfo.java:updateAndGet(143)) - 9127dd83-037b-4d39-812f-66db56af525a: start FollowerState
2019-10-30 05:53:21,053 [Thread-1178] INFO  impl.FollowerState (FollowerState.java:run(108)) - 9127dd83-037b-4d39-812f-66db56af525a@group-BCADF287A12B-FollowerState: change to CANDIDATE, lastRpcTime:178ms, electionTimeout:178ms
2019-10-30 05:53:21,053 [Thread-1178] INFO  impl.RoleInfo (RoleInfo.java:shutdownFollowerState(121)) - 9127dd83-037b-4d39-812f-66db56af525a: shutdown FollowerState
2019-10-30 05:53:21,053 [Thread-1178] INFO  impl.RaftServerImpl (RaftServerImpl.java:setRole(184)) - 9127dd83-037b-4d39-812f-66db56af525a@group-BCADF287A12B: changes role from  FOLLOWER to CANDIDATE at term 156 for changeToCandidate
2019-10-30 05:53:21,054 [Thread-1178] INFO  impl.RoleInfo (RoleInfo.java:updateAndGet(143)) - 9127dd83-037b-4d39-812f-66db56af525a: start LeaderElection
2019-10-30 05:53:21,057 [9127dd83-037b-4d39-812f-66db56af525a@group-BCADF287A12B-LeaderElection144] INFO  impl.LeaderElection (LeaderElection.java:askForVotes(178)) - 9127dd83-037b-4d39-812f-66db56af525a@group-BCADF287A12B-LeaderElection144: begin an election at term 157 for -1: [7fae3aed-4e76-4283-a599-f93f794625ab:192.168.34.21:41352, 58095e90-3010-492a-9083-43cf2e035c3f:192.168.34.21:45284, 9127dd83-037b-4d39-812f-66db56af525a:192.168.34.21:42063], old=null
2019-10-30 05:53:21,059 [grpc-default-executor-1] INFO  impl.RaftServerImpl (RaftServerImpl.java:setRole(184)) - 7fae3aed-4e76-4283-a599-f93f794625ab@group-BCADF287A12B: changes role from  FOLLOWER to FOLLOWER at term 157 for recognizeCandidate:9127dd83-037b-4d39-812f-66db56af525a
2019-10-30 05:53:21,059 [grpc-default-executor-1] INFO  impl.RoleInfo (RoleInfo.java:shutdownFollowerState(121)) - 7fae3aed-4e76-4283-a599-f93f794625ab: shutdown FollowerState
2019-10-30 05:53:21,059 [grpc-default-executor-3] INFO  impl.RaftServerImpl (RaftServerImpl.java:setRole(184)) - 58095e90-3010-492a-9083-43cf2e035c3f@group-BCADF287A12B: changes role from  FOLLOWER to FOLLOWER at term 157 for recognizeCandidate:9127dd83-037b-4d39-812f-66db56af525a
2019-10-30 05:53:21,059 [grpc-default-executor-1] INFO  impl.RoleInfo (RoleInfo.java:updateAndGet(143)) - 7fae3aed-4e76-4283-a599-f93f794625ab: start FollowerState
2019-10-30 05:53:21,059 [Thread-1176] INFO  impl.FollowerState (FollowerState.java:run(117)) - 7fae3aed-4e76-4283-a599-f93f794625ab@group-BCADF287A12B-FollowerState was interrupted: java.lang.InterruptedException: sleep interrupted
2019-10-30 05:53:21,059 [grpc-default-executor-3] INFO  impl.RoleInfo (RoleInfo.java:shutdownFollowerState(121)) - 58095e90-3010-492a-9083-43cf2e035c3f: shutdown FollowerState
2019-10-30 05:53:21,060 [grpc-default-executor-3] INFO  impl.RoleInfo (RoleInfo.java:updateAndGet(143)) - 58095e90-3010-492a-9083-43cf2e035c3f: start FollowerState
2019-10-30 05:53:21,060 [Thread-1177] INFO  impl.FollowerState (FollowerState.java:run(117)) - 58095e90-3010-492a-9083-43cf2e035c3f@group-BCADF287A12B-FollowerState was interrupted: java.lang.InterruptedException: sleep interrupted
2019-10-30 05:53:21,074 [9127dd83-037b-4d39-812f-66db56af525a@group-BCADF287A12B-LeaderElection144] INFO  impl.LeaderElection (LeaderElection.java:logAndReturn(56)) - 9127dd83-037b-4d39-812f-66db56af525a@group-BCADF287A12B-LeaderElection144: Election REJECTED; received 2 response(s) [9127dd83-037b-4d39-812f-66db56af525a<-7fae3aed-4e76-4283-a599-f93f794625ab#0:FAIL-t157, 9127dd83-037b-4d39-812f-66db56af525a<-58095e90-3010-492a-9083-43cf2e035c3f#0:FAIL-t157] and 0 exception(s); 9127dd83-037b-4d39-812f-66db56af525a@group-BCADF287A12B:t157, leader=null, voted=9127dd83-037b-4d39-812f-66db56af525a, raftlog=9127dd83-037b-4d39-812f-66db56af525a@group-BCADF287A12B-SegmentedRaftLog:OPENED:c-1,f-1,i0, conf=-1: [7fae3aed-4e76-4283-a599-f93f794625ab:192.168.34.21:41352, 58095e90-3010-492a-9083-43cf2e035c3f:192.168.34.21:45284, 9127dd83-037b-4d39-812f-66db56af525a:192.168.34.21:42063], old=null
2019-10-30 05:53:21,074 [9127dd83-037b-4d39-812f-66db56af525a@group-BCADF287A12B-LeaderElection144] INFO  impl.RaftServerImpl (RaftServerImpl.java:setRole(184)) - 9127dd83-037b-4d39-812f-66db56af525a@group-BCADF287A12B: changes role from CANDIDATE to FOLLOWER at term 157 for DISCOVERED_A_NEW_TERM
2019-10-30 05:53:21,075 [9127dd83-037b-4d39-812f-66db56af525a@group-BCADF287A12B-LeaderElection144] INFO  impl.RoleInfo (RoleInfo.java:shutdownLeaderElection(134)) - 9127dd83-037b-4d39-812f-66db56af525a: shutdown LeaderElection
2019-10-30 05:53:21,075 [9127dd83-037b-4d39-812f-66db56af525a@group-BCADF287A12B-LeaderElection144] INFO  impl.RoleInfo (RoleInfo.java:updateAndGet(143)) - 9127dd83-037b-4d39-812f-66db56af525a: start FollowerState
2019-10-30 05:53:21,178 [Thread-1184] INFO  impl.FollowerState (FollowerState.java:run(108)) - 9127dd83-037b-4d39-812f-66db56af525a@group-BCADF287A12B-FollowerState: change to CANDIDATE, lastRpcTime:103ms, electionTimeout:103ms
2019-10-30 05:53:21,178 [Thread-1184] INFO  impl.RoleInfo (RoleInfo.java:shutdownFollowerState(121)) - 9127dd83-037b-4d39-812f-66db56af525a: shutdown FollowerState
2019-10-30 05:53:21,179 [Thread-1184] INFO  impl.RaftServerImpl (RaftServerImpl.java:setRole(184)) - 9127dd83-037b-4d39-812f-66db56af525a@group-BCADF287A12B: changes role from  FOLLOWER to CANDIDATE at term 157 for changeToCandidate
2019-10-30 05:53:21,179 [Thread-1184] INFO  impl.RoleInfo (RoleInfo.java:updateAndGet(143)) - 9127dd83-037b-4d39-812f-66db56af525a: start LeaderElection
2019-10-30 05:53:21,192 [9127dd83-037b-4d39-812f-66db56af525a@group-BCADF287A12B-LeaderElection145] INFO  impl.LeaderElection (LeaderElection.java:askForVotes(178)) - 9127dd83-037b-4d39-812f-66db56af525a@group-BCADF287A12B-LeaderElection145: begin an election at term 158 for -1: [7fae3aed-4e76-4283-a599-f93f794625ab:192.168.34.21:41352, 58095e90-3010-492a-9083-43cf2e035c3f:192.168.34.21:45284, 9127dd83-037b-4d39-812f-66db56af525a:192.168.34.21:42063], old=null
2019-10-30 05:53:21,195 [grpc-default-executor-1] INFO  impl.RaftServerImpl (RaftServerImpl.java:setRole(184)) - 7fae3aed-4e76-4283-a599-f93f794625ab@group-BCADF287A12B: changes role from  FOLLOWER to FOLLOWER at term 158 for recognizeCandidate:9127dd83-037b-4d39-812f-66db56af525a
2019-10-30 05:53:21,195 [grpc-default-executor-1] INFO  impl.RoleInfo (RoleInfo.java:shutdownFollowerState(121)) - 7fae3aed-4e76-4283-a599-f93f794625ab: shutdown FollowerState
2019-10-30 05:53:21,195 [grpc-default-executor-1] INFO  impl.RoleInfo (RoleInfo.java:updateAndGet(143)) - 7fae3aed-4e76-4283-a599-f93f794625ab: start FollowerState
2019-10-30 05:53:21,195 [grpc-default-executor-3] INFO  impl.RaftServerImpl (RaftServerImpl.java:setRole(184)) - 58095e90-3010-492a-9083-43cf2e035c3f@group-BCADF287A12B: changes role from  FOLLOWER to FOLLOWER at term 158 for recognizeCandidate:9127dd83-037b-4d39-812f-66db56af525a
2019-10-30 05:53:21,195 [grpc-default-executor-3] INFO  impl.RoleInfo (RoleInfo.java:shutdownFollowerState(121)) - 58095e90-3010-492a-9083-43cf2e035c3f: shutdown FollowerState
2019-10-30 05:53:21,195 [Thread-1182] INFO  impl.FollowerState (FollowerState.java:run(117)) - 7fae3aed-4e76-4283-a599-f93f794625ab@group-BCADF287A12B-FollowerState was interrupted: java.lang.InterruptedException: sleep interrupted
2019-10-30 05:53:21,195 [grpc-default-executor-3] INFO  impl.RoleInfo (RoleInfo.java:updateAndGet(143)) - 58095e90-3010-492a-9083-43cf2e035c3f: start FollowerState
2019-10-30 05:53:21,195 [Thread-1183] INFO  impl.FollowerState (FollowerState.java:run(117)) - 58095e90-3010-492a-9083-43cf2e035c3f@group-BCADF287A12B-FollowerState was interrupted: java.lang.InterruptedException: sleep interrupted
2019-10-30 05:53:21,209 [9127dd83-037b-4d39-812f-66db56af525a@group-BCADF287A12B-LeaderElection145] INFO  impl.LeaderElection (LeaderElection.java:logAndReturn(56)) - 9127dd83-037b-4d39-812f-66db56af525a@group-BCADF287A12B-LeaderElection145: Election REJECTED; received 2 response(s) [9127dd83-037b-4d39-812f-66db56af525a<-7fae3aed-4e76-4283-a599-f93f794625ab#0:FAIL-t158, 9127dd83-037b-4d39-812f-66db56af525a<-58095e90-3010-492a-9083-43cf2e035c3f#0:FAIL-t158] and 0 exception(s); 9127dd83-037b-4d39-812f-66db56af525a@group-BCADF287A12B:t158, leader=null, voted=9127dd83-037b-4d39-812f-66db56af525a, raftlog=9127dd83-037b-4d39-812f-66db56af525a@group-BCADF287A12B-SegmentedRaftLog:OPENED:c-1,f-1,i0, conf=-1: [7fae3aed-4e76-4283-a599-f93f794625ab:192.168.34.21:41352, 58095e90-3010-492a-9083-43cf2e035c3f:192.168.34.21:45284, 9127dd83-037b-4d39-812f-66db56af525a:192.168.34.21:42063], old=null
2019-10-30 05:53:21,210 [9127dd83-037b-4d39-812f-66db56af525a@group-BCADF287A12B-LeaderElection145] INFO  impl.RaftServerImpl (RaftServerImpl.java:setRole(184)) - 9127dd83-037b-4d39-812f-66db56af525a@group-BCADF287A12B: changes role from CANDIDATE to FOLLOWER at term 158 for DISCOVERED_A_NEW_TERM
2019-10-30 05:53:21,210 [9127dd83-037b-4d39-812f-66db56af525a@group-BCADF287A12B-LeaderElection145] INFO  impl.RoleInfo (RoleInfo.java:shutdownLeaderElection(134)) - 9127dd83-037b-4d39-812f-66db56af525a: shutdown LeaderElection
2019-10-30 05:53:21,210 [9127dd83-037b-4d39-812f-66db56af525a@group-BCADF287A12B-LeaderElection145] INFO  impl.RoleInfo (RoleInfo.java:updateAndGet(143)) - 9127dd83-037b-4d39-812f-66db56af525a: start FollowerState
2019-10-30 05:53:21,313 [Thread-1192] INFO  impl.FollowerState (FollowerState.java:run(108)) - 9127dd83-037b-4d39-812f-66db56af525a@group-BCADF287A12B-FollowerState: change to CANDIDATE, lastRpcTime:103ms, electionTimeout:103ms
2019-10-30 05:53:21,314 [Thread-1192] INFO  impl.RoleInfo (RoleInfo.java:shutdownFollowerState(121)) - 9127dd83-037b-4d39-812f-66db56af525a: shutdown FollowerState
2019-10-30 05:53:21,314 [Thread-1192] INFO  impl.RaftServerImpl (RaftServerImpl.java:setRole(184)) - 9127dd83-037b-4d39-812f-66db56af525a@group-BCADF287A12B: changes role from  FOLLOWER to CANDIDATE at term 158 for changeToCandidate
2019-10-30 05:53:21,314 [Thread-1192] INFO  impl.RoleInfo (RoleInfo.java:updateAndGet(143)) - 9127dd83-037b-4d39-812f-66db56af525a: start LeaderElection
2019-10-30 05:53:21,335 [9127dd83-037b-4d39-812f-66db56af525a@group-BCADF287A12B-LeaderElection146] INFO  impl.LeaderElection (LeaderElection.java:askForVotes(178)) - 9127dd83-037b-4d39-812f-66db56af525a@group-BCADF287A12B-LeaderElection146: begin an election at term 159 for -1: [7fae3aed-4e76-4283-a599-f93f794625ab:192.168.34.21:41352, 58095e90-3010-492a-9083-43cf2e035c3f:192.168.34.21:45284, 9127dd83-037b-4d39-812f-66db56af525a:192.168.34.21:42063], old=null
2019-10-30 05:53:21,337 [grpc-default-executor-1] INFO  impl.RaftServerImpl (RaftServerImpl.java:setRole(184)) - 58095e90-3010-492a-9083-43cf2e035c3f@group-BCADF287A12B: changes role from  FOLLOWER to FOLLOWER at term 159 for recognizeCandidate:9127dd83-037b-4d39-812f-66db56af525a
2019-10-30 05:53:21,337 [grpc-default-executor-3] INFO  impl.RaftServerImpl (RaftServerImpl.java:setRole(184)) - 7fae3aed-4e76-4283-a599-f93f794625ab@group-BCADF287A12B: changes role from  FOLLOWER to FOLLOWER at term 159 for recognizeCandidate:9127dd83-037b-4d39-812f-66db56af525a
2019-10-30 05:53:21,338 [grpc-default-executor-3] INFO  impl.RoleInfo (RoleInfo.java:shutdownFollowerState(121)) - 7fae3aed-4e76-4283-a599-f93f794625ab: shutdown FollowerState
2019-10-30 05:53:21,337 [grpc-default-executor-1] INFO  impl.RoleInfo (RoleInfo.java:shutdownFollowerState(121)) - 58095e90-3010-492a-9083-43cf2e035c3f: shutdown FollowerState
2019-10-30 05:53:21,338 [Thread-1190] INFO  impl.FollowerState (FollowerState.java:run(117)) - 7fae3aed-4e76-4283-a599-f93f794625ab@group-BCADF287A12B-FollowerState was interrupted: java.lang.InterruptedException: sleep interrupted
2019-10-30 05:53:21,338 [grpc-default-executor-3] INFO  impl.RoleInfo (RoleInfo.java:updateAndGet(143)) - 7fae3aed-4e76-4283-a599-f93f794625ab: start FollowerState
2019-10-30 05:53:21,338 [grpc-default-executor-1] INFO  impl.RoleInfo (RoleInfo.java:updateAndGet(143)) - 58095e90-3010-492a-9083-43cf2e035c3f: start FollowerState
2019-10-30 05:53:21,338 [Thread-1191] INFO  impl.FollowerState (FollowerState.java:run(117)) - 58095e90-3010-492a-9083-43cf2e035c3f@group-BCADF287A12B-FollowerState was interrupted: java.lang.InterruptedException: sleep interrupted
2019-10-30 05:53:21,352 [9127dd83-037b-4d39-812f-66db56af525a@group-BCADF287A12B-LeaderElection146] INFO  impl.LeaderElection (LeaderElection.java:logAndReturn(56)) - 9127dd83-037b-4d39-812f-66db56af525a@group-BCADF287A12B-LeaderElection146: Election REJECTED; received 2 response(s) [9127dd83-037b-4d39-812f-66db56af525a<-7fae3aed-4e76-4283-a599-f93f794625ab#0:FAIL-t159, 9127dd83-037b-4d39-812f-66db56af525a<-58095e90-3010-492a-9083-43cf2e035c3f#0:FAIL-t159] and 0 exception(s); 9127dd83-037b-4d39-812f-66db56af525a@group-BCADF287A12B:t159, leader=null, voted=9127dd83-037b-4d39-812f-66db56af525a, raftlog=9127dd83-037b-4d39-812f-66db56af525a@group-BCADF287A12B-SegmentedRaftLog:OPENED:c-1,f-1,i0, conf=-1: [7fae3aed-4e76-4283-a599-f93f794625ab:192.168.34.21:41352, 58095e90-3010-492a-9083-43cf2e035c3f:192.168.34.21:45284, 9127dd83-037b-4d39-812f-66db56af525a:192.168.34.21:42063], old=null
2019-10-30 05:53:21,352 [9127dd83-037b-4d39-812f-66db56af525a@group-BCADF287A12B-LeaderElection146] INFO  impl.RaftServerImpl (RaftServerImpl.java:setRole(184)) - 9127dd83-037b-4d39-812f-66db56af525a@group-BCADF287A12B: changes role from CANDIDATE to FOLLOWER at term 159 for DISCOVERED_A_NEW_TERM
2019-10-30 05:53:21,352 [9127dd83-037b-4d39-812f-66db56af525a@group-BCADF287A12B-LeaderElection146] INFO  impl.RoleInfo (RoleInfo.java:shutdownLeaderElection(134)) - 9127dd83-037b-4d39-812f-66db56af525a: shutdown LeaderElection
2019-10-30 05:53:21,352 [9127dd83-037b-4d39-812f-66db56af525a@group-BCADF287A12B-LeaderElection146] INFO  impl.RoleInfo (RoleInfo.java:updateAndGet(143)) - 9127dd83-037b-4d39-812f-66db56af525a: start FollowerState
2019-10-30 05:53:21,387 [Thread-1198] INFO  impl.FollowerState (FollowerState.java:run(108)) - 9127dd83-037b-4d39-812f-66db56af525a@group-BCADF287A12B-FollowerState: change to CANDIDATE, lastRpcTime:35ms, electionTimeout:35ms
2019-10-30 05:53:21,388 [Thread-1198] INFO  impl.RoleInfo (RoleInfo.java:shutdownFollowerState(121)) - 9127dd83-037b-4d39-812f-66db56af525a: shutdown FollowerState
2019-10-30 05:53:21,388 [Thread-1198] INFO  impl.RaftServerImpl (RaftServerImpl.java:setRole(184)) - 9127dd83-037b-4d39-812f-66db56af525a@group-BCADF287A12B: changes role from  FOLLOWER to CANDIDATE at term 159 for changeToCandidate
2019-10-30 05:53:21,388 [Thread-1198] INFO  impl.RoleInfo (RoleInfo.java:updateAndGet(143)) - 9127dd83-037b-4d39-812f-66db56af525a: start LeaderElection
2019-10-30 05:53:21,395 [9127dd83-037b-4d39-812f-66db56af525a@group-BCADF287A12B-LeaderElection147] INFO  impl.LeaderElection (LeaderElection.java:askForVotes(178)) - 9127dd83-037b-4d39-812f-66db56af525a@group-BCADF287A12B-LeaderElection147: begin an election at term 160 for -1: [7fae3aed-4e76-4283-a599-f93f794625ab:192.168.34.21:41352, 58095e90-3010-492a-9083-43cf2e035c3f:192.168.34.21:45284, 9127dd83-037b-4d39-812f-66db56af525a:192.168.34.21:42063], old=null
2019-10-30 05:53:21,398 [grpc-default-executor-1] INFO  impl.RaftServerImpl (RaftServerImpl.java:setRole(184)) - 58095e90-3010-492a-9083-43cf2e035c3f@group-BCADF287A12B: changes role from  FOLLOWER to FOLLOWER at term 160 for recognizeCandidate:9127dd83-037b-4d39-812f-66db56af525a
2019-10-30 05:53:21,398 [grpc-default-executor-3] INFO  impl.RaftServerImpl (RaftServerImpl.java:setRole(184)) - 7fae3aed-4e76-4283-a599-f93f794625ab@group-BCADF287A12B: changes role from  FOLLOWER to FOLLOWER at term 160 for recognizeCandidate:9127dd83-037b-4d39-812f-66db56af525a
2019-10-30 05:53:21,398 [grpc-default-executor-1] INFO  impl.RoleInfo (RoleInfo.java:shutdownFollowerState(121)) - 58095e90-3010-492a-9083-43cf2e035c3f: shutdown FollowerState
2019-10-30 05:53:21,398 [grpc-default-executor-3] INFO  impl.RoleInfo (RoleInfo.java:shutdownFollowerState(121)) - 7fae3aed-4e76-4283-a599-f93f794625ab: shutdown FollowerState
2019-10-30 05:53:21,398 [Thread-1197] INFO  impl.FollowerState (FollowerState.java:run(117)) - 58095e90-3010-492a-9083-43cf2e035c3f@group-BCADF287A12B-FollowerState was interrupted: java.lang.InterruptedException: sleep interrupted
2019-10-30 05:53:21,398 [grpc-default-executor-1] INFO  impl.RoleInfo (RoleInfo.java:updateAndGet(143)) - 58095e90-3010-492a-9083-43cf2e035c3f: start FollowerState
2019-10-30 05:53:21,398 [Thread-1196] INFO  impl.FollowerState (FollowerState.java:run(117)) - 7fae3aed-4e76-4283-a599-f93f794625ab@group-BCADF287A12B-FollowerState was interrupted: java.lang.InterruptedException: sleep interrupted
2019-10-30 05:53:21,398 [grpc-default-executor-3] INFO  impl.RoleInfo (RoleInfo.java:updateAndGet(143)) - 7fae3aed-4e76-4283-a599-f93f794625ab: start FollowerState
2019-10-30 05:53:21,411 [9127dd83-037b-4d39-812f-66db56af525a@group-BCADF287A12B-LeaderElection147] INFO  impl.LeaderElection (LeaderElection.java:logAndReturn(56)) - 9127dd83-037b-4d39-812f-66db56af525a@group-BCADF287A12B-LeaderElection147: Election REJECTED; received 2 response(s) [9127dd83-037b-4d39-812f-66db56af525a<-7fae3aed-4e76-4283-a599-f93f794625ab#0:FAIL-t160, 9127dd83-037b-4d39-812f-66db56af525a<-58095e90-3010-492a-9083-43cf2e035c3f#0:FAIL-t160] and 0 exception(s); 9127dd83-037b-4d39-812f-66db56af525a@group-BCADF287A12B:t160, leader=null, voted=9127dd83-037b-4d39-812f-66db56af525a, raftlog=9127dd83-037b-4d39-812f-66db56af525a@group-BCADF287A12B-SegmentedRaftLog:OPENED:c-1,f-1,i0, conf=-1: [7fae3aed-4e76-4283-a599-f93f794625ab:192.168.34.21:41352, 58095e90-3010-492a-9083-43cf2e035c3f:192.168.34.21:45284, 9127dd83-037b-4d39-812f-66db56af525a:192.168.34.21:42063], old=null
2019-10-30 05:53:21,411 [9127dd83-037b-4d39-812f-66db56af525a@group-BCADF287A12B-LeaderElection147] INFO  impl.RaftServerImpl (RaftServerImpl.java:setRole(184)) - 9127dd83-037b-4d39-812f-66db56af525a@group-BCADF287A12B: changes role from CANDIDATE to FOLLOWER at term 160 for DISCOVERED_A_NEW_TERM
2019-10-30 05:53:21,411 [9127dd83-037b-4d39-812f-66db56af525a@group-BCADF287A12B-LeaderElection147] INFO  impl.RoleInfo (RoleInfo.java:shutdownLeaderElection(134)) - 9127dd83-037b-4d39-812f-66db56af525a: shutdown LeaderElection
2019-10-30 05:53:21,411 [9127dd83-037b-4d39-812f-66db56af525a@group-BCADF287A12B-LeaderElection147] INFO  impl.RoleInfo (RoleInfo.java:updateAndGet(143)) - 9127dd83-037b-4d39-812f-66db56af525a: start FollowerState
2019-10-30 05:53:21,465 [Thread-1204] INFO  impl.FollowerState (FollowerState.java:run(108)) - 9127dd83-037b-4d39-812f-66db56af525a@group-BCADF287A12B-FollowerState: change to CANDIDATE, lastRpcTime:53ms, electionTimeout:53ms
2019-10-30 05:53:21,465 [Thread-1204] INFO  impl.RoleInfo (RoleInfo.java:shutdownFollowerState(121)) - 9127dd83-037b-4d39-812f-66db56af525a: shutdown FollowerState
2019-10-30 05:53:21,465 [Thread-1204] INFO  impl.RaftServerImpl (RaftServerImpl.java:setRole(184)) - 9127dd83-037b-4d39-812f-66db56af525a@group-BCADF287A12B: changes role from  FOLLOWER to CANDIDATE at term 160 for changeToCandidate
2019-10-30 05:53:21,465 [Thread-1204] INFO  impl.RoleInfo (RoleInfo.java:updateAndGet(143)) - 9127dd83-037b-4d39-812f-66db56af525a: start LeaderElection
2019-10-30 05:53:21,478 [9127dd83-037b-4d39-812f-66db56af525a@group-BCADF287A12B-LeaderElection148] INFO  impl.LeaderElection (LeaderElection.java:askForVotes(178)) - 9127dd83-037b-4d39-812f-66db56af525a@group-BCADF287A12B-LeaderElection148: begin an election at term 161 for -1: [7fae3aed-4e76-4283-a599-f93f794625ab:192.168.34.21:41352, 58095e90-3010-492a-9083-43cf2e035c3f:192.168.34.21:45284, 9127dd83-037b-4d39-812f-66db56af525a:192.168.34.21:42063], old=null
2019-10-30 05:53:21,481 [grpc-default-executor-3] INFO  impl.RaftServerImpl (RaftServerImpl.java:setRole(184)) - 7fae3aed-4e76-4283-a599-f93f794625ab@group-BCADF287A12B: changes role from  FOLLOWER to FOLLOWER at term 161 for recognizeCandidate:9127dd83-037b-4d39-812f-66db56af525a
2019-10-30 05:53:21,482 [grpc-default-executor-3] INFO  impl.RoleInfo (RoleInfo.java:shutdownFollowerState(121)) - 7fae3aed-4e76-4283-a599-f93f794625ab: shutdown FollowerState
2019-10-30 05:53:21,482 [grpc-default-executor-3] INFO  impl.RoleInfo (RoleInfo.java:updateAndGet(143)) - 7fae3aed-4e76-4283-a599-f93f794625ab: start FollowerState
2019-10-30 05:53:21,482 [Thread-1203] INFO  impl.FollowerState (FollowerState.java:run(117)) - 7fae3aed-4e76-4283-a599-f93f794625ab@group-BCADF287A12B-FollowerState was interrupted: java.lang.InterruptedException: sleep interrupted
2019-10-30 05:53:21,482 [grpc-default-executor-1] INFO  impl.RaftServerImpl (RaftServerImpl.java:setRole(184)) - 58095e90-3010-492a-9083-43cf2e035c3f@group-BCADF287A12B: changes role from  FOLLOWER to FOLLOWER at term 161 for recognizeCandidate:9127dd83-037b-4d39-812f-66db56af525a
2019-10-30 05:53:21,482 [grpc-default-executor-1] INFO  impl.RoleInfo (RoleInfo.java:shutdownFollowerState(121)) - 58095e90-3010-492a-9083-43cf2e035c3f: shutdown FollowerState
2019-10-30 05:53:21,482 [grpc-default-executor-1] INFO  impl.RoleInfo (RoleInfo.java:updateAndGet(143)) - 58095e90-3010-492a-9083-43cf2e035c3f: start FollowerState
2019-10-30 05:53:21,483 [Thread-1202] INFO  impl.FollowerState (FollowerState.java:run(117)) - 58095e90-3010-492a-9083-43cf2e035c3f@group-BCADF287A12B-FollowerState was interrupted: java.lang.InterruptedException: sleep interrupted
2019-10-30 05:53:21,497 [9127dd83-037b-4d39-812f-66db56af525a@group-BCADF287A12B-LeaderElection148] INFO  impl.LeaderElection (LeaderElection.java:logAndReturn(56)) - 9127dd83-037b-4d39-812f-66db56af525a@group-BCADF287A12B-LeaderElection148: Election REJECTED; received 2 response(s) [9127dd83-037b-4d39-812f-66db56af525a<-7fae3aed-4e76-4283-a599-f93f794625ab#0:FAIL-t161, 9127dd83-037b-4d39-812f-66db56af525a<-58095e90-3010-492a-9083-43cf2e035c3f#0:FAIL-t161] and 0 exception(s); 9127dd83-037b-4d39-812f-66db56af525a@group-BCADF287A12B:t161, leader=null, voted=9127dd83-037b-4d39-812f-66db56af525a, raftlog=9127dd83-037b-4d39-812f-66db56af525a@group-BCADF287A12B-SegmentedRaftLog:OPENED:c-1,f-1,i0, conf=-1: [7fae3aed-4e76-4283-a599-f93f794625ab:192.168.34.21:41352, 58095e90-3010-492a-9083-43cf2e035c3f:192.168.34.21:45284, 9127dd83-037b-4d39-812f-66db56af525a:192.168.34.21:42063], old=null
2019-10-30 05:53:21,497 [9127dd83-037b-4d39-812f-66db56af525a@group-BCADF287A12B-LeaderElection148] INFO  impl.RaftServerImpl (RaftServerImpl.java:setRole(184)) - 9127dd83-037b-4d39-812f-66db56af525a@group-BCADF287A12B: changes role from CANDIDATE to FOLLOWER at term 161 for DISCOVERED_A_NEW_TERM
2019-10-30 05:53:21,497 [9127dd83-037b-4d39-812f-66db56af525a@group-BCADF287A12B-LeaderElection148] INFO  impl.RoleInfo (RoleInfo.java:shutdownLeaderElection(134)) - 9127dd83-037b-4d39-812f-66db56af525a: shutdown LeaderElection
2019-10-30 05:53:21,497 [9127dd83-037b-4d39-812f-66db56af525a@group-BCADF287A12B-LeaderElection148] INFO  impl.RoleInfo (RoleInfo.java:updateAndGet(143)) - 9127dd83-037b-4d39-812f-66db56af525a: start FollowerState
2019-10-30 05:53:21,538 [Thread-1210] INFO  impl.FollowerState (FollowerState.java:run(108)) - 9127dd83-037b-4d39-812f-66db56af525a@group-BCADF287A12B-FollowerState: change to CANDIDATE, lastRpcTime:40ms, electionTimeout:40ms
2019-10-30 05:53:21,538 [Thread-1210] INFO  impl.RoleInfo (RoleInfo.java:shutdownFollowerState(121)) - 9127dd83-037b-4d39-812f-66db56af525a: shutdown FollowerState
2019-10-30 05:53:21,538 [Thread-1210] INFO  impl.RaftServerImpl (RaftServerImpl.java:setRole(184)) - 9127dd83-037b-4d39-812f-66db56af525a@group-BCADF287A12B: changes role from  FOLLOWER to CANDIDATE at term 161 for changeToCandidate
2019-10-30 05:53:21,538 [Thread-1210] INFO  impl.RoleInfo (RoleInfo.java:updateAndGet(143)) - 9127dd83-037b-4d39-812f-66db56af525a: start LeaderElection
2019-10-30 05:53:21,553 [9127dd83-037b-4d39-812f-66db56af525a@group-BCADF287A12B-LeaderElection149] INFO  impl.LeaderElection (LeaderElection.java:askForVotes(178)) - 9127dd83-037b-4d39-812f-66db56af525a@group-BCADF287A12B-LeaderElection149: begin an election at term 162 for -1: [7fae3aed-4e76-4283-a599-f93f794625ab:192.168.34.21:41352, 58095e90-3010-492a-9083-43cf2e035c3f:192.168.34.21:45284, 9127dd83-037b-4d39-812f-66db56af525a:192.168.34.21:42063], old=null
2019-10-30 05:53:21,556 [grpc-default-executor-1] INFO  impl.RaftServerImpl (RaftServerImpl.java:setRole(184)) - 7fae3aed-4e76-4283-a599-f93f794625ab@group-BCADF287A12B: changes role from  FOLLOWER to FOLLOWER at term 162 for recognizeCandidate:9127dd83-037b-4d39-812f-66db56af525a
2019-10-30 05:53:21,556 [grpc-default-executor-1] INFO  impl.RoleInfo (RoleInfo.java:shutdownFollowerState(121)) - 7fae3aed-4e76-4283-a599-f93f794625ab: shutdown FollowerState
2019-10-30 05:53:21,556 [grpc-default-executor-3] INFO  impl.RaftServerImpl (RaftServerImpl.java:setRole(184)) - 58095e90-3010-492a-9083-43cf2e035c3f@group-BCADF287A12B: changes role from  FOLLOWER to FOLLOWER at term 162 for recognizeCandidate:9127dd83-037b-4d39-812f-66db56af525a
2019-10-30 05:53:21,556 [grpc-default-executor-3] INFO  impl.RoleInfo (RoleInfo.java:shutdownFollowerState(121)) - 58095e90-3010-492a-9083-43cf2e035c3f: shutdown FollowerState
2019-10-30 05:53:21,556 [Thread-1208] INFO  impl.FollowerState (FollowerState.java:run(117)) - 7fae3aed-4e76-4283-a599-f93f794625ab@group-BCADF287A12B-FollowerState was interrupted: java.lang.InterruptedException: sleep interrupted
2019-10-30 05:53:21,556 [grpc-default-executor-1] INFO  impl.RoleInfo (RoleInfo.java:updateAndGet(143)) - 7fae3aed-4e76-4283-a599-f93f794625ab: start FollowerState
2019-10-30 05:53:21,556 [Thread-1209] INFO  impl.FollowerState (FollowerState.java:run(117)) - 58095e90-3010-492a-9083-43cf2e035c3f@group-BCADF287A12B-FollowerState was interrupted: java.lang.InterruptedException: sleep interrupted
2019-10-30 05:53:21,556 [grpc-default-executor-3] INFO  impl.RoleInfo (RoleInfo.java:updateAndGet(143)) - 58095e90-3010-492a-9083-43cf2e035c3f: start FollowerState
2019-10-30 05:53:21,570 [9127dd83-037b-4d39-812f-66db56af525a@group-BCADF287A12B-LeaderElection149] INFO  impl.LeaderElection (LeaderElection.java:logAndReturn(56)) - 9127dd83-037b-4d39-812f-66db56af525a@group-BCADF287A12B-LeaderElection149: Election REJECTED; received 2 response(s) [9127dd83-037b-4d39-812f-66db56af525a<-7fae3aed-4e76-4283-a599-f93f794625ab#0:FAIL-t162, 9127dd83-037b-4d39-812f-66db56af525a<-58095e90-3010-492a-9083-43cf2e035c3f#0:FAIL-t162] and 0 exception(s); 9127dd83-037b-4d39-812f-66db56af525a@group-BCADF287A12B:t162, leader=null, voted=9127dd83-037b-4d39-812f-66db56af525a, raftlog=9127dd83-037b-4d39-812f-66db56af525a@group-BCADF287A12B-SegmentedRaftLog:OPENED:c-1,f-1,i0, conf=-1: [7fae3aed-4e76-4283-a599-f93f794625ab:192.168.34.21:41352, 58095e90-3010-492a-9083-43cf2e035c3f:192.168.34.21:45284, 9127dd83-037b-4d39-812f-66db56af525a:192.168.34.21:42063], old=null
2019-10-30 05:53:21,570 [9127dd83-037b-4d39-812f-66db56af525a@group-BCADF287A12B-LeaderElection149] INFO  impl.RaftServerImpl (RaftServerImpl.java:setRole(184)) - 9127dd83-037b-4d39-812f-66db56af525a@group-BCADF287A12B: changes role from CANDIDATE to FOLLOWER at term 162 for DISCOVERED_A_NEW_TERM
2019-10-30 05:53:21,570 [9127dd83-037b-4d39-812f-66db56af525a@group-BCADF287A12B-LeaderElection149] INFO  impl.RoleInfo (RoleInfo.java:shutdownLeaderElection(134)) - 9127dd83-037b-4d39-812f-66db56af525a: shutdown LeaderElection
2019-10-30 05:53:21,570 [9127dd83-037b-4d39-812f-66db56af525a@group-BCADF287A12B-LeaderElection149] INFO  impl.RoleInfo (RoleInfo.java:updateAndGet(143)) - 9127dd83-037b-4d39-812f-66db56af525a: start FollowerState
2019-10-30 05:53:21,706 [Thread-1216] INFO  impl.FollowerState (FollowerState.java:run(108)) - 9127dd83-037b-4d39-812f-66db56af525a@group-BCADF287A12B-FollowerState: change to CANDIDATE, lastRpcTime:136ms, electionTimeout:136ms
2019-10-30 05:53:21,707 [Thread-1216] INFO  impl.RoleInfo (RoleInfo.java:shutdownFollowerState(121)) - 9127dd83-037b-4d39-812f-66db56af525a: shutdown FollowerState
2019-10-30 05:53:21,707 [Thread-1216] INFO  impl.RaftServerImpl (RaftServerImpl.java:setRole(184)) - 9127dd83-037b-4d39-812f-66db56af525a@group-BCADF287A12B: changes role from  FOLLOWER to CANDIDATE at term 162 for changeToCandidate
2019-10-30 05:53:21,707 [Thread-1216] INFO  impl.RoleInfo (RoleInfo.java:updateAndGet(143)) - 9127dd83-037b-4d39-812f-66db56af525a: start LeaderElection
2019-10-30 05:53:21,721 [9127dd83-037b-4d39-812f-66db56af525a@group-BCADF287A12B-LeaderElection150] INFO  impl.LeaderElection (LeaderElection.java:askForVotes(178)) - 9127dd83-037b-4d39-812f-66db56af525a@group-BCADF287A12B-LeaderElection150: begin an election at term 163 for -1: [7fae3aed-4e76-4283-a599-f93f794625ab:192.168.34.21:41352, 58095e90-3010-492a-9083-43cf2e035c3f:192.168.34.21:45284, 9127dd83-037b-4d39-812f-66db56af525a:192.168.34.21:42063], old=null
2019-10-30 05:53:21,723 [grpc-default-executor-1] INFO  impl.RaftServerImpl (RaftServerImpl.java:setRole(184)) - 58095e90-3010-492a-9083-43cf2e035c3f@group-BCADF287A12B: changes role from  FOLLOWER to FOLLOWER at term 163 for recognizeCandidate:9127dd83-037b-4d39-812f-66db56af525a
2019-10-30 05:53:21,724 [grpc-default-executor-1] INFO  impl.RoleInfo (RoleInfo.java:shutdownFollowerState(121)) - 58095e90-3010-492a-9083-43cf2e035c3f: shutdown FollowerState
2019-10-30 05:53:21,724 [grpc-default-executor-3] INFO  impl.RaftServerImpl (RaftServerImpl.java:setRole(184)) - 7fae3aed-4e76-4283-a599-f93f794625ab@group-BCADF287A12B: changes role from  FOLLOWER to FOLLOWER at term 163 for recognizeCandidate:9127dd83-037b-4d39-812f-66db56af525a
2019-10-30 05:53:21,724 [Thread-1215] INFO  impl.FollowerState (FollowerState.java:run(117)) - 58095e90-3010-492a-9083-43cf2e035c3f@group-BCADF287A12B-FollowerState was interrupted: java.lang.InterruptedException: sleep interrupted
2019-10-30 05:53:21,724 [grpc-default-executor-1] INFO  impl.RoleInfo (RoleInfo.java:updateAndGet(143)) - 58095e90-3010-492a-9083-43cf2e035c3f: start FollowerState
2019-10-30 05:53:21,724 [grpc-default-executor-3] INFO  impl.RoleInfo (RoleInfo.java:shutdownFollowerState(121)) - 7fae3aed-4e76-4283-a599-f93f794625ab: shutdown FollowerState
2019-10-30 05:53:21,725 [grpc-default-executor-3] INFO  impl.RoleInfo (RoleInfo.java:updateAndGet(143)) - 7fae3aed-4e76-4283-a599-f93f794625ab: start FollowerState
2019-10-30 05:53:21,725 [Thread-1214] INFO  impl.FollowerState (FollowerState.java:run(117)) - 7fae3aed-4e76-4283-a599-f93f794625ab@group-BCADF287A12B-FollowerState was interrupted: java.lang.InterruptedException: sleep interrupted
2019-10-30 05:53:21,739 [9127dd83-037b-4d39-812f-66db56af525a@group-BCADF287A12B-LeaderElection150] INFO  impl.LeaderElection (LeaderElection.java:logAndReturn(56)) - 9127dd83-037b-4d39-812f-66db56af525a@group-BCADF287A12B-LeaderElection150: Election REJECTED; received 2 response(s) [9127dd83-037b-4d39-812f-66db56af525a<-7fae3aed-4e76-4283-a599-f93f794625ab#0:FAIL-t163, 9127dd83-037b-4d39-812f-66db56af525a<-58095e90-3010-492a-9083-43cf2e035c3f#0:FAIL-t163] and 0 exception(s); 9127dd83-037b-4d39-812f-66db56af525a@group-BCADF287A12B:t163, leader=null, voted=9127dd83-037b-4d39-812f-66db56af525a, raftlog=9127dd83-037b-4d39-812f-66db56af525a@group-BCADF287A12B-SegmentedRaftLog:OPENED:c-1,f-1,i0, conf=-1: [7fae3aed-4e76-4283-a599-f93f794625ab:192.168.34.21:41352, 58095e90-3010-492a-9083-43cf2e035c3f:192.168.34.21:45284, 9127dd83-037b-4d39-812f-66db56af525a:192.168.34.21:42063], old=null
2019-10-30 05:53:21,739 [9127dd83-037b-4d39-812f-66db56af525a@group-BCADF287A12B-LeaderElection150] INFO  impl.RaftServerImpl (RaftServerImpl.java:setRole(184)) - 9127dd83-037b-4d39-812f-66db56af525a@group-BCADF287A12B: changes role from CANDIDATE to FOLLOWER at term 163 for DISCOVERED_A_NEW_TERM
2019-10-30 05:53:21,739 [9127dd83-037b-4d39-812f-66db56af525a@group-BCADF287A12B-LeaderElection150] INFO  impl.RoleInfo (RoleInfo.java:shutdownLeaderElection(134)) - 9127dd83-037b-4d39-812f-66db56af525a: shutdown LeaderElection
2019-10-30 05:53:21,740 [9127dd83-037b-4d39-812f-66db56af525a@group-BCADF287A12B-LeaderElection150] INFO  impl.RoleInfo (RoleInfo.java:updateAndGet(143)) - 9127dd83-037b-4d39-812f-66db56af525a: start FollowerState
2019-10-30 05:53:21,832 [Thread-1222] INFO  impl.FollowerState (FollowerState.java:run(108)) - 9127dd83-037b-4d39-812f-66db56af525a@group-BCADF287A12B-FollowerState: change to CANDIDATE, lastRpcTime:92ms, electionTimeout:92ms
2019-10-30 05:53:21,832 [Thread-1222] INFO  impl.RoleInfo (RoleInfo.java:shutdownFollowerState(121)) - 9127dd83-037b-4d39-812f-66db56af525a: shutdown FollowerState
2019-10-30 05:53:21,832 [Thread-1222] INFO  impl.RaftServerImpl (RaftServerImpl.java:setRole(184)) - 9127dd83-037b-4d39-812f-66db56af525a@group-BCADF287A12B: changes role from  FOLLOWER to CANDIDATE at term 163 for changeToCandidate
2019-10-30 05:53:21,833 [Thread-1222] INFO  impl.RoleInfo (RoleInfo.java:updateAndGet(143)) - 9127dd83-037b-4d39-812f-66db56af525a: start LeaderElection
2019-10-30 05:53:21,846 [9127dd83-037b-4d39-812f-66db56af525a@group-BCADF287A12B-LeaderElection151] INFO  impl.LeaderElection (LeaderElection.java:askForVotes(178)) - 9127dd83-037b-4d39-812f-66db56af525a@group-BCADF287A12B-LeaderElection151: begin an election at term 164 for -1: [7fae3aed-4e76-4283-a599-f93f794625ab:192.168.34.21:41352, 58095e90-3010-492a-9083-43cf2e035c3f:192.168.34.21:45284, 9127dd83-037b-4d39-812f-66db56af525a:192.168.34.21:42063], old=null
2019-10-30 05:53:21,848 [grpc-default-executor-3] INFO  impl.RaftServerImpl (RaftServerImpl.java:setRole(184)) - 7fae3aed-4e76-4283-a599-f93f794625ab@group-BCADF287A12B: changes role from  FOLLOWER to FOLLOWER at term 164 for recognizeCandidate:9127dd83-037b-4d39-812f-66db56af525a
2019-10-30 05:53:21,848 [grpc-default-executor-1] INFO  impl.RaftServerImpl (RaftServerImpl.java:setRole(184)) - 58095e90-3010-492a-9083-43cf2e035c3f@group-BCADF287A12B: changes role from  FOLLOWER to FOLLOWER at term 164 for recognizeCandidate:9127dd83-037b-4d39-812f-66db56af525a
2019-10-30 05:53:21,848 [grpc-default-executor-3] INFO  impl.RoleInfo (RoleInfo.java:shutdownFollowerState(121)) - 7fae3aed-4e76-4283-a599-f93f794625ab: shutdown FollowerState
2019-10-30 05:53:21,849 [grpc-default-executor-1] INFO  impl.RoleInfo (RoleInfo.java:shutdownFollowerState(121)) - 58095e90-3010-492a-9083-43cf2e035c3f: shutdown FollowerState
2019-10-30 05:53:21,849 [grpc-default-executor-3] INFO  impl.RoleInfo (RoleInfo.java:updateAndGet(143)) - 7fae3aed-4e76-4283-a599-f93f794625ab: start FollowerState
2019-10-30 05:53:21,849 [Thread-1220] INFO  impl.FollowerState (FollowerState.java:run(117)) - 58095e90-3010-492a-9083-43cf2e035c3f@group-BCADF287A12B-FollowerState was interrupted: java.lang.InterruptedException: sleep interrupted
2019-10-30 05:53:21,849 [Thread-1221] INFO  impl.FollowerState (FollowerState.java:run(117)) - 7fae3aed-4e76-4283-a599-f93f794625ab@group-BCADF287A12B-FollowerState was interrupted: java.lang.InterruptedException: sleep interrupted
2019-10-30 05:53:21,849 [grpc-default-executor-1] INFO  impl.RoleInfo (RoleInfo.java:updateAndGet(143)) - 58095e90-3010-492a-9083-43cf2e035c3f: start FollowerState
2019-10-30 05:53:21,864 [9127dd83-037b-4d39-812f-66db56af525a@group-BCADF287A12B-LeaderElection151] INFO  impl.LeaderElection (LeaderElection.java:logAndReturn(56)) - 9127dd83-037b-4d39-812f-66db56af525a@group-BCADF287A12B-LeaderElection151: Election REJECTED; received 2 response(s) [9127dd83-037b-4d39-812f-66db56af525a<-7fae3aed-4e76-4283-a599-f93f794625ab#0:FAIL-t164, 9127dd83-037b-4d39-812f-66db56af525a<-58095e90-3010-492a-9083-43cf2e035c3f#0:FAIL-t164] and 0 exception(s); 9127dd83-037b-4d39-812f-66db56af525a@group-BCADF287A12B:t164, leader=null, voted=9127dd83-037b-4d39-812f-66db56af525a, raftlog=9127dd83-037b-4d39-812f-66db56af525a@group-BCADF287A12B-SegmentedRaftLog:OPENED:c-1,f-1,i0, conf=-1: [7fae3aed-4e76-4283-a599-f93f794625ab:192.168.34.21:41352, 58095e90-3010-492a-9083-43cf2e035c3f:192.168.34.21:45284, 9127dd83-037b-4d39-812f-66db56af525a:192.168.34.21:42063], old=null
2019-10-30 05:53:21,864 [9127dd83-037b-4d39-812f-66db56af525a@group-BCADF287A12B-LeaderElection151] INFO  impl.RaftServerImpl (RaftServerImpl.java:setRole(184)) - 9127dd83-037b-4d39-812f-66db56af525a@group-BCADF287A12B: changes role from CANDIDATE to FOLLOWER at term 164 for DISCOVERED_A_NEW_TERM
2019-10-30 05:53:21,864 [9127dd83-037b-4d39-812f-66db56af525a@group-BCADF287A12B-LeaderElection151] INFO  impl.RoleInfo (RoleInfo.java:shutdownLeaderElection(134)) - 9127dd83-037b-4d39-812f-66db56af525a: shutdown LeaderElection
2019-10-30 05:53:21,864 [9127dd83-037b-4d39-812f-66db56af525a@group-BCADF287A12B-LeaderElection151] INFO  impl.RoleInfo (RoleInfo.java:updateAndGet(143)) - 9127dd83-037b-4d39-812f-66db56af525a: start FollowerState
2019-10-30 05:53:21,976 [Thread-1228] INFO  impl.FollowerState (FollowerState.java:run(108)) - 9127dd83-037b-4d39-812f-66db56af525a@group-BCADF287A12B-FollowerState: change to CANDIDATE, lastRpcTime:112ms, electionTimeout:112ms
2019-10-30 05:53:21,977 [Thread-1228] INFO  impl.RoleInfo (RoleInfo.java:shutdownFollowerState(121)) - 9127dd83-037b-4d39-812f-66db56af525a: shutdown FollowerState
2019-10-30 05:53:21,977 [Thread-1228] INFO  impl.RaftServerImpl (RaftServerImpl.java:setRole(184)) - 9127dd83-037b-4d39-812f-66db56af525a@group-BCADF287A12B: changes role from  FOLLOWER to CANDIDATE at term 164 for changeToCandidate
2019-10-30 05:53:21,977 [Thread-1228] INFO  impl.RoleInfo (RoleInfo.java:updateAndGet(143)) - 9127dd83-037b-4d39-812f-66db56af525a: start LeaderElection
2019-10-30 05:53:21,991 [9127dd83-037b-4d39-812f-66db56af525a@group-BCADF287A12B-LeaderElection152] INFO  impl.LeaderElection (LeaderElection.java:askForVotes(178)) - 9127dd83-037b-4d39-812f-66db56af525a@group-BCADF287A12B-LeaderElection152: begin an election at term 165 for -1: [7fae3aed-4e76-4283-a599-f93f794625ab:192.168.34.21:41352, 58095e90-3010-492a-9083-43cf2e035c3f:192.168.34.21:45284, 9127dd83-037b-4d39-812f-66db56af525a:192.168.34.21:42063], old=null
2019-10-30 05:53:21,993 [grpc-default-executor-1] INFO  impl.RaftServerImpl (RaftServerImpl.java:setRole(184)) - 58095e90-3010-492a-9083-43cf2e035c3f@group-BCADF287A12B: changes role from  FOLLOWER to FOLLOWER at term 165 for recognizeCandidate:9127dd83-037b-4d39-812f-66db56af525a
2019-10-30 05:53:21,993 [grpc-default-executor-3] INFO  impl.RaftServerImpl (RaftServerImpl.java:setRole(184)) - 7fae3aed-4e76-4283-a599-f93f794625ab@group-BCADF287A12B: changes role from  FOLLOWER to FOLLOWER at term 165 for recognizeCandidate:9127dd83-037b-4d39-812f-66db56af525a
2019-10-30 05:53:21,993 [grpc-default-executor-1] INFO  impl.RoleInfo (RoleInfo.java:shutdownFollowerState(121)) - 58095e90-3010-492a-9083-43cf2e035c3f: shutdown FollowerState
2019-10-30 05:53:21,993 [grpc-default-executor-3] INFO  impl.RoleInfo (RoleInfo.java:shutdownFollowerState(121)) - 7fae3aed-4e76-4283-a599-f93f794625ab: shutdown FollowerState
2019-10-30 05:53:21,993 [grpc-default-executor-1] INFO  impl.RoleInfo (RoleInfo.java:updateAndGet(143)) - 58095e90-3010-492a-9083-43cf2e035c3f: start FollowerState
2019-10-30 05:53:21,994 [Thread-1226] INFO  impl.FollowerState (FollowerState.java:run(117)) - 7fae3aed-4e76-4283-a599-f93f794625ab@group-BCADF287A12B-FollowerState was interrupted: java.lang.InterruptedException: sleep interrupted
2019-10-30 05:53:21,994 [Thread-1227] INFO  impl.FollowerState (FollowerState.java:run(117)) - 58095e90-3010-492a-9083-43cf2e035c3f@group-BCADF287A12B-FollowerState was interrupted: java.lang.InterruptedException: sleep interrupted
2019-10-30 05:53:21,994 [grpc-default-executor-3] INFO  impl.RoleInfo (RoleInfo.java:updateAndGet(143)) - 7fae3aed-4e76-4283-a599-f93f794625ab: start FollowerState
2019-10-30 05:53:22,008 [9127dd83-037b-4d39-812f-66db56af525a@group-BCADF287A12B-LeaderElection152] INFO  impl.LeaderElection (LeaderElection.java:logAndReturn(56)) - 9127dd83-037b-4d39-812f-66db56af525a@group-BCADF287A12B-LeaderElection152: Election REJECTED; received 2 response(s) [9127dd83-037b-4d39-812f-66db56af525a<-7fae3aed-4e76-4283-a599-f93f794625ab#0:FAIL-t165, 9127dd83-037b-4d39-812f-66db56af525a<-58095e90-3010-492a-9083-43cf2e035c3f#0:FAIL-t165] and 0 exception(s); 9127dd83-037b-4d39-812f-66db56af525a@group-BCADF287A12B:t165, leader=null, voted=9127dd83-037b-4d39-812f-66db56af525a, raftlog=9127dd83-037b-4d39-812f-66db56af525a@group-BCADF287A12B-SegmentedRaftLog:OPENED:c-1,f-1,i0, conf=-1: [7fae3aed-4e76-4283-a599-f93f794625ab:192.168.34.21:41352, 58095e90-3010-492a-9083-43cf2e035c3f:192.168.34.21:45284, 9127dd83-037b-4d39-812f-66db56af525a:192.168.34.21:42063], old=null
2019-10-30 05:53:22,008 [9127dd83-037b-4d39-812f-66db56af525a@group-BCADF287A12B-LeaderElection152] INFO  impl.RaftServerImpl (RaftServerImpl.java:setRole(184)) - 9127dd83-037b-4d39-812f-66db56af525a@group-BCADF287A12B: changes role from CANDIDATE to FOLLOWER at term 165 for DISCOVERED_A_NEW_TERM
2019-10-30 05:53:22,008 [9127dd83-037b-4d39-812f-66db56af525a@group-BCADF287A12B-LeaderElection152] INFO  impl.RoleInfo (RoleInfo.java:shutdownLeaderElection(134)) - 9127dd83-037b-4d39-812f-66db56af525a: shutdown LeaderElection
2019-10-30 05:53:22,008 [9127dd83-037b-4d39-812f-66db56af525a@group-BCADF287A12B-LeaderElection152] INFO  impl.RoleInfo (RoleInfo.java:updateAndGet(143)) - 9127dd83-037b-4d39-812f-66db56af525a: start FollowerState
2019-10-30 05:53:22,189 [Thread-1234] INFO  impl.FollowerState (FollowerState.java:run(108)) - 9127dd83-037b-4d39-812f-66db56af525a@group-BCADF287A12B-FollowerState: change to CANDIDATE, lastRpcTime:180ms, electionTimeout:180ms
2019-10-30 05:53:22,189 [Thread-1234] INFO  impl.RoleInfo (RoleInfo.java:shutdownFollowerState(121)) - 9127dd83-037b-4d39-812f-66db56af525a: shutdown FollowerState
2019-10-30 05:53:22,189 [Thread-1234] INFO  impl.RaftServerImpl (RaftServerImpl.java:setRole(184)) - 9127dd83-037b-4d39-812f-66db56af525a@group-BCADF287A12B: changes role from  FOLLOWER to CANDIDATE at term 165 for changeToCandidate
2019-10-30 05:53:22,189 [Thread-1234] INFO  impl.RoleInfo (RoleInfo.java:updateAndGet(143)) - 9127dd83-037b-4d39-812f-66db56af525a: start LeaderElection
2019-10-30 05:53:22,204 [9127dd83-037b-4d39-812f-66db56af525a@group-BCADF287A12B-LeaderElection153] INFO  impl.LeaderElection (LeaderElection.java:askForVotes(178)) - 9127dd83-037b-4d39-812f-66db56af525a@group-BCADF287A12B-LeaderElection153: begin an election at term 166 for -1: [7fae3aed-4e76-4283-a599-f93f794625ab:192.168.34.21:41352, 58095e90-3010-492a-9083-43cf2e035c3f:192.168.34.21:45284, 9127dd83-037b-4d39-812f-66db56af525a:192.168.34.21:42063], old=null
2019-10-30 05:53:22,206 [grpc-default-executor-1] INFO  impl.RaftServerImpl (RaftServerImpl.java:setRole(184)) - 58095e90-3010-492a-9083-43cf2e035c3f@group-BCADF287A12B: changes role from  FOLLOWER to FOLLOWER at term 166 for recognizeCandidate:9127dd83-037b-4d39-812f-66db56af525a
2019-10-30 05:53:22,206 [grpc-default-executor-1] INFO  impl.RoleInfo (RoleInfo.java:shutdownFollowerState(121)) - 58095e90-3010-492a-9083-43cf2e035c3f: shutdown FollowerState
2019-10-30 05:53:22,206 [grpc-default-executor-3] INFO  impl.RaftServerImpl (RaftServerImpl.java:setRole(184)) - 7fae3aed-4e76-4283-a599-f93f794625ab@group-BCADF287A12B: changes role from  FOLLOWER to FOLLOWER at term 166 for recognizeCandidate:9127dd83-037b-4d39-812f-66db56af525a
2019-10-30 05:53:22,206 [Thread-1232] INFO  impl.FollowerState (FollowerState.java:run(117)) - 58095e90-3010-492a-9083-43cf2e035c3f@group-BCADF287A12B-FollowerState was interrupted: java.lang.InterruptedException: sleep interrupted
2019-10-30 05:53:22,206 [grpc-default-executor-3] INFO  impl.RoleInfo (RoleInfo.java:shutdownFollowerState(121)) - 7fae3aed-4e76-4283-a599-f93f794625ab: shutdown FollowerState
2019-10-30 05:53:22,206 [grpc-default-executor-1] INFO  impl.RoleInfo (RoleInfo.java:updateAndGet(143)) - 58095e90-3010-492a-9083-43cf2e035c3f: start FollowerState
2019-10-30 05:53:22,207 [grpc-default-executor-3] INFO  impl.RoleInfo (RoleInfo.java:updateAndGet(143)) - 7fae3aed-4e76-4283-a599-f93f794625ab: start FollowerState
2019-10-30 05:53:22,207 [Thread-1233] INFO  impl.FollowerState (FollowerState.java:run(117)) - 7fae3aed-4e76-4283-a599-f93f794625ab@group-BCADF287A12B-FollowerState was interrupted: java.lang.InterruptedException: sleep interrupted
2019-10-30 05:53:22,221 [9127dd83-037b-4d39-812f-66db56af525a@group-BCADF287A12B-LeaderElection153] INFO  impl.LeaderElection (LeaderElection.java:logAndReturn(56)) - 9127dd83-037b-4d39-812f-66db56af525a@group-BCADF287A12B-LeaderElection153: Election REJECTED; received 2 response(s) [9127dd83-037b-4d39-812f-66db56af525a<-7fae3aed-4e76-4283-a599-f93f794625ab#0:FAIL-t166, 9127dd83-037b-4d39-812f-66db56af525a<-58095e90-3010-492a-9083-43cf2e035c3f#0:FAIL-t166] and 0 exception(s); 9127dd83-037b-4d39-812f-66db56af525a@group-BCADF287A12B:t166, leader=null, voted=9127dd83-037b-4d39-812f-66db56af525a, raftlog=9127dd83-037b-4d39-812f-66db56af525a@group-BCADF287A12B-SegmentedRaftLog:OPENED:c-1,f-1,i0, conf=-1: [7fae3aed-4e76-4283-a599-f93f794625ab:192.168.34.21:41352, 58095e90-3010-492a-9083-43cf2e035c3f:192.168.34.21:45284, 9127dd83-037b-4d39-812f-66db56af525a:192.168.34.21:42063], old=null
2019-10-30 05:53:22,221 [9127dd83-037b-4d39-812f-66db56af525a@group-BCADF287A12B-LeaderElection153] INFO  impl.RaftServerImpl (RaftServerImpl.java:setRole(184)) - 9127dd83-037b-4d39-812f-66db56af525a@group-BCADF287A12B: changes role from CANDIDATE to FOLLOWER at term 166 for DISCOVERED_A_NEW_TERM
2019-10-30 05:53:22,221 [9127dd83-037b-4d39-812f-66db56af525a@group-BCADF287A12B-LeaderElection153] INFO  impl.RoleInfo (RoleInfo.java:shutdownLeaderElection(134)) - 9127dd83-037b-4d39-812f-66db56af525a: shutdown LeaderElection
2019-10-30 05:53:22,221 [9127dd83-037b-4d39-812f-66db56af525a@group-BCADF287A12B-LeaderElection153] INFO  impl.RoleInfo (RoleInfo.java:updateAndGet(143)) - 9127dd83-037b-4d39-812f-66db56af525a: start FollowerState
2019-10-30 05:53:22,316 [Thread-1242] INFO  impl.FollowerState (FollowerState.java:run(108)) - 9127dd83-037b-4d39-812f-66db56af525a@group-BCADF287A12B-FollowerState: change to CANDIDATE, lastRpcTime:95ms, electionTimeout:95ms
2019-10-30 05:53:22,317 [Thread-1242] INFO  impl.RoleInfo (RoleInfo.java:shutdownFollowerState(121)) - 9127dd83-037b-4d39-812f-66db56af525a: shutdown FollowerState
2019-10-30 05:53:22,317 [Thread-1242] INFO  impl.RaftServerImpl (RaftServerImpl.java:setRole(184)) - 9127dd83-037b-4d39-812f-66db56af525a@group-BCADF287A12B: changes role from  FOLLOWER to CANDIDATE at term 166 for changeToCandidate
2019-10-30 05:53:22,317 [Thread-1242] INFO  impl.RoleInfo (RoleInfo.java:updateAndGet(143)) - 9127dd83-037b-4d39-812f-66db56af525a: start LeaderElection
2019-10-30 05:53:22,331 [9127dd83-037b-4d39-812f-66db56af525a@group-BCADF287A12B-LeaderElection154] INFO  impl.LeaderElection (LeaderElection.java:askForVotes(178)) - 9127dd83-037b-4d39-812f-66db56af525a@group-BCADF287A12B-LeaderElection154: begin an election at term 167 for -1: [7fae3aed-4e76-4283-a599-f93f794625ab:192.168.34.21:41352, 58095e90-3010-492a-9083-43cf2e035c3f:192.168.34.21:45284, 9127dd83-037b-4d39-812f-66db56af525a:192.168.34.21:42063], old=null
2019-10-30 05:53:22,334 [grpc-default-executor-1] INFO  impl.RaftServerImpl (RaftServerImpl.java:setRole(184)) - 58095e90-3010-492a-9083-43cf2e035c3f@group-BCADF287A12B: changes role from  FOLLOWER to FOLLOWER at term 167 for recognizeCandidate:9127dd83-037b-4d39-812f-66db56af525a
2019-10-30 05:53:22,334 [grpc-default-executor-1] INFO  impl.RoleInfo (RoleInfo.java:shutdownFollowerState(121)) - 58095e90-3010-492a-9083-43cf2e035c3f: shutdown FollowerState
2019-10-30 05:53:22,334 [grpc-default-executor-3] INFO  impl.RaftServerImpl (RaftServerImpl.java:setRole(184)) - 7fae3aed-4e76-4283-a599-f93f794625ab@group-BCADF287A12B: changes role from  FOLLOWER to FOLLOWER at term 167 for recognizeCandidate:9127dd83-037b-4d39-812f-66db56af525a
2019-10-30 05:53:22,334 [Thread-1240] INFO  impl.FollowerState (FollowerState.java:run(117)) - 58095e90-3010-492a-9083-43cf2e035c3f@group-BCADF287A12B-FollowerState was interrupted: java.lang.InterruptedException: sleep interrupted
2019-10-30 05:53:22,334 [grpc-default-executor-1] INFO  impl.RoleInfo (RoleInfo.java:updateAndGet(143)) - 58095e90-3010-492a-9083-43cf2e035c3f: start FollowerState
2019-10-30 05:53:22,334 [grpc-default-executor-3] INFO  impl.RoleInfo (RoleInfo.java:shutdownFollowerState(121)) - 7fae3aed-4e76-4283-a599-f93f794625ab: shutdown FollowerState
2019-10-30 05:53:22,335 [grpc-default-executor-3] INFO  impl.RoleInfo (RoleInfo.java:updateAndGet(143)) - 7fae3aed-4e76-4283-a599-f93f794625ab: start FollowerState
2019-10-30 05:53:22,335 [Thread-1241] INFO  impl.FollowerState (FollowerState.java:run(117)) - 7fae3aed-4e76-4283-a599-f93f794625ab@group-BCADF287A12B-FollowerState was interrupted: java.lang.InterruptedException: sleep interrupted
2019-10-30 05:53:22,347 [9127dd83-037b-4d39-812f-66db56af525a@group-BCADF287A12B-LeaderElection154] INFO  impl.LeaderElection (LeaderElection.java:logAndReturn(56)) - 9127dd83-037b-4d39-812f-66db56af525a@group-BCADF287A12B-LeaderElection154: Election REJECTED; received 2 response(s) [9127dd83-037b-4d39-812f-66db56af525a<-7fae3aed-4e76-4283-a599-f93f794625ab#0:FAIL-t167, 9127dd83-037b-4d39-812f-66db56af525a<-58095e90-3010-492a-9083-43cf2e035c3f#0:FAIL-t167] and 0 exception(s); 9127dd83-037b-4d39-812f-66db56af525a@group-BCADF287A12B:t167, leader=null, voted=9127dd83-037b-4d39-812f-66db56af525a, raftlog=9127dd83-037b-4d39-812f-66db56af525a@group-BCADF287A12B-SegmentedRaftLog:OPENED:c-1,f-1,i0, conf=-1: [7fae3aed-4e76-4283-a599-f93f794625ab:192.168.34.21:41352, 58095e90-3010-492a-9083-43cf2e035c3f:192.168.34.21:45284, 9127dd83-037b-4d39-812f-66db56af525a:192.168.34.21:42063], old=null
2019-10-30 05:53:22,347 [9127dd83-037b-4d39-812f-66db56af525a@group-BCADF287A12B-LeaderElection154] INFO  impl.RaftServerImpl (RaftServerImpl.java:setRole(184)) - 9127dd83-037b-4d39-812f-66db56af525a@group-BCADF287A12B: changes role from CANDIDATE to FOLLOWER at term 167 for DISCOVERED_A_NEW_TERM
2019-10-30 05:53:22,347 [9127dd83-037b-4d39-812f-66db56af525a@group-BCADF287A12B-LeaderElection154] INFO  impl.RoleInfo (RoleInfo.java:shutdownLeaderElection(134)) - 9127dd83-037b-4d39-812f-66db56af525a: shutdown LeaderElection
2019-10-30 05:53:22,347 [9127dd83-037b-4d39-812f-66db56af525a@group-BCADF287A12B-LeaderElection154] INFO  impl.RoleInfo (RoleInfo.java:updateAndGet(143)) - 9127dd83-037b-4d39-812f-66db56af525a: start FollowerState
2019-10-30 05:53:22,413 [Thread-1248] INFO  impl.FollowerState (FollowerState.java:run(108)) - 9127dd83-037b-4d39-812f-66db56af525a@group-BCADF287A12B-FollowerState: change to CANDIDATE, lastRpcTime:65ms, electionTimeout:65ms
2019-10-30 05:53:22,413 [Thread-1248] INFO  impl.RoleInfo (RoleInfo.java:shutdownFollowerState(121)) - 9127dd83-037b-4d39-812f-66db56af525a: shutdown FollowerState
2019-10-30 05:53:22,413 [Thread-1248] INFO  impl.RaftServerImpl (RaftServerImpl.java:setRole(184)) - 9127dd83-037b-4d39-812f-66db56af525a@group-BCADF287A12B: changes role from  FOLLOWER to CANDIDATE at term 167 for changeToCandidate
2019-10-30 05:53:22,413 [Thread-1248] INFO  impl.RoleInfo (RoleInfo.java:updateAndGet(143)) - 9127dd83-037b-4d39-812f-66db56af525a: start LeaderElection
2019-10-30 05:53:22,427 [9127dd83-037b-4d39-812f-66db56af525a@group-BCADF287A12B-LeaderElection155] INFO  impl.LeaderElection (LeaderElection.java:askForVotes(178)) - 9127dd83-037b-4d39-812f-66db56af525a@group-BCADF287A12B-LeaderElection155: begin an election at term 168 for -1: [7fae3aed-4e76-4283-a599-f93f794625ab:192.168.34.21:41352, 58095e90-3010-492a-9083-43cf2e035c3f:192.168.34.21:45284, 9127dd83-037b-4d39-812f-66db56af525a:192.168.34.21:42063], old=null
2019-10-30 05:53:22,429 [grpc-default-executor-1] INFO  impl.RaftServerImpl (RaftServerImpl.java:setRole(184)) - 58095e90-3010-492a-9083-43cf2e035c3f@group-BCADF287A12B: changes role from  FOLLOWER to FOLLOWER at term 168 for recognizeCandidate:9127dd83-037b-4d39-812f-66db56af525a
2019-10-30 05:53:22,429 [grpc-default-executor-3] INFO  impl.RaftServerImpl (RaftServerImpl.java:setRole(184)) - 7fae3aed-4e76-4283-a599-f93f794625ab@group-BCADF287A12B: changes role from  FOLLOWER to FOLLOWER at term 168 for recognizeCandidate:9127dd83-037b-4d39-812f-66db56af525a
2019-10-30 05:53:22,429 [grpc-default-executor-1] INFO  impl.RoleInfo (RoleInfo.java:shutdownFollowerState(121)) - 58095e90-3010-492a-9083-43cf2e035c3f: shutdown FollowerState
2019-10-30 05:53:22,430 [grpc-default-executor-3] INFO  impl.RoleInfo (RoleInfo.java:shutdownFollowerState(121)) - 7fae3aed-4e76-4283-a599-f93f794625ab: shutdown FollowerState
2019-10-30 05:53:22,430 [grpc-default-executor-1] INFO  impl.RoleInfo (RoleInfo.java:updateAndGet(143)) - 58095e90-3010-492a-9083-43cf2e035c3f: start FollowerState
2019-10-30 05:53:22,430 [Thread-1247] INFO  impl.FollowerState (FollowerState.java:run(117)) - 7fae3aed-4e76-4283-a599-f93f794625ab@group-BCADF287A12B-FollowerState was interrupted: java.lang.InterruptedException: sleep interrupted
2019-10-30 05:53:22,430 [grpc-default-executor-3] INFO  impl.RoleInfo (RoleInfo.java:updateAndGet(143)) - 7fae3aed-4e76-4283-a599-f93f794625ab: start FollowerState
2019-10-30 05:53:22,430 [Thread-1246] INFO  impl.FollowerState (FollowerState.java:run(117)) - 58095e90-3010-492a-9083-43cf2e035c3f@group-BCADF287A12B-FollowerState was interrupted: java.lang.InterruptedException: sleep interrupted
2019-10-30 05:53:22,442 [9127dd83-037b-4d39-812f-66db56af525a@group-BCADF287A12B-LeaderElection155] INFO  impl.LeaderElection (LeaderElection.java:logAndReturn(56)) - 9127dd83-037b-4d39-812f-66db56af525a@group-BCADF287A12B-LeaderElection155: Election REJECTED; received 2 response(s) [9127dd83-037b-4d39-812f-66db56af525a<-7fae3aed-4e76-4283-a599-f93f794625ab#0:FAIL-t168, 9127dd83-037b-4d39-812f-66db56af525a<-58095e90-3010-492a-9083-43cf2e035c3f#0:FAIL-t168] and 0 exception(s); 9127dd83-037b-4d39-812f-66db56af525a@group-BCADF287A12B:t168, leader=null, voted=9127dd83-037b-4d39-812f-66db56af525a, raftlog=9127dd83-037b-4d39-812f-66db56af525a@group-BCADF287A12B-SegmentedRaftLog:OPENED:c-1,f-1,i0, conf=-1: [7fae3aed-4e76-4283-a599-f93f794625ab:192.168.34.21:41352, 58095e90-3010-492a-9083-43cf2e035c3f:192.168.34.21:45284, 9127dd83-037b-4d39-812f-66db56af525a:192.168.34.21:42063], old=null
2019-10-30 05:53:22,442 [9127dd83-037b-4d39-812f-66db56af525a@group-BCADF287A12B-LeaderElection155] INFO  impl.RaftServerImpl (RaftServerImpl.java:setRole(184)) - 9127dd83-037b-4d39-812f-66db56af525a@group-BCADF287A12B: changes role from CANDIDATE to FOLLOWER at term 168 for DISCOVERED_A_NEW_TERM
2019-10-30 05:53:22,443 [9127dd83-037b-4d39-812f-66db56af525a@group-BCADF287A12B-LeaderElection155] INFO  impl.RoleInfo (RoleInfo.java:shutdownLeaderElection(134)) - 9127dd83-037b-4d39-812f-66db56af525a: shutdown LeaderElection
2019-10-30 05:53:22,443 [9127dd83-037b-4d39-812f-66db56af525a@group-BCADF287A12B-LeaderElection155] INFO  impl.RoleInfo (RoleInfo.java:updateAndGet(143)) - 9127dd83-037b-4d39-812f-66db56af525a: start FollowerState
2019-10-30 05:53:22,469 [Thread-1254] INFO  impl.FollowerState (FollowerState.java:run(108)) - 9127dd83-037b-4d39-812f-66db56af525a@group-BCADF287A12B-FollowerState: change to CANDIDATE, lastRpcTime:26ms, electionTimeout:26ms
2019-10-30 05:53:22,469 [Thread-1254] INFO  impl.RoleInfo (RoleInfo.java:shutdownFollowerState(121)) - 9127dd83-037b-4d39-812f-66db56af525a: shutdown FollowerState
2019-10-30 05:53:22,469 [Thread-1254] INFO  impl.RaftServerImpl (RaftServerImpl.java:setRole(184)) - 9127dd83-037b-4d39-812f-66db56af525a@group-BCADF287A12B: changes role from  FOLLOWER to CANDIDATE at term 168 for changeToCandidate
2019-10-30 05:53:22,469 [Thread-1254] INFO  impl.RoleInfo (RoleInfo.java:updateAndGet(143)) - 9127dd83-037b-4d39-812f-66db56af525a: start LeaderElection
2019-10-30 05:53:22,476 [9127dd83-037b-4d39-812f-66db56af525a@group-BCADF287A12B-LeaderElection156] INFO  impl.LeaderElection (LeaderElection.java:askForVotes(178)) - 9127dd83-037b-4d39-812f-66db56af525a@group-BCADF287A12B-LeaderElection156: begin an election at term 169 for -1: [7fae3aed-4e76-4283-a599-f93f794625ab:192.168.34.21:41352, 58095e90-3010-492a-9083-43cf2e035c3f:192.168.34.21:45284, 9127dd83-037b-4d39-812f-66db56af525a:192.168.34.21:42063], old=null
2019-10-30 05:53:22,478 [grpc-default-executor-1] INFO  impl.RaftServerImpl (RaftServerImpl.java:setRole(184)) - 7fae3aed-4e76-4283-a599-f93f794625ab@group-BCADF287A12B: changes role from  FOLLOWER to FOLLOWER at term 169 for recognizeCandidate:9127dd83-037b-4d39-812f-66db56af525a
2019-10-30 05:53:22,478 [grpc-default-executor-1] INFO  impl.RoleInfo (RoleInfo.java:shutdownFollowerState(121)) - 7fae3aed-4e76-4283-a599-f93f794625ab: shutdown FollowerState
2019-10-30 05:53:22,478 [grpc-default-executor-3] INFO  impl.RaftServerImpl (RaftServerImpl.java:setRole(184)) - 58095e90-3010-492a-9083-43cf2e035c3f@group-BCADF287A12B: changes role from  FOLLOWER to FOLLOWER at term 169 for recognizeCandidate:9127dd83-037b-4d39-812f-66db56af525a
2019-10-30 05:53:22,478 [Thread-1253] INFO  impl.FollowerState (FollowerState.java:run(117)) - 7fae3aed-4e76-4283-a599-f93f794625ab@group-BCADF287A12B-FollowerState was interrupted: java.lang.InterruptedException: sleep interrupted
2019-10-30 05:53:22,478 [grpc-default-executor-1] INFO  impl.RoleInfo (RoleInfo.java:updateAndGet(143)) - 7fae3aed-4e76-4283-a599-f93f794625ab: start FollowerState
2019-10-30 05:53:22,478 [grpc-default-executor-3] INFO  impl.RoleInfo (RoleInfo.java:shutdownFollowerState(121)) - 58095e90-3010-492a-9083-43cf2e035c3f: shutdown FollowerState
2019-10-30 05:53:22,478 [grpc-default-executor-3] INFO  impl.RoleInfo (RoleInfo.java:updateAndGet(143)) - 58095e90-3010-492a-9083-43cf2e035c3f: start FollowerState
2019-10-30 05:53:22,478 [Thread-1252] INFO  impl.FollowerState (FollowerState.java:run(117)) - 58095e90-3010-492a-9083-43cf2e035c3f@group-BCADF287A12B-FollowerState was interrupted: java.lang.InterruptedException: sleep interrupted
2019-10-30 05:53:22,488 [9127dd83-037b-4d39-812f-66db56af525a@group-BCADF287A12B-LeaderElection156] INFO  impl.LeaderElection (LeaderElection.java:logAndReturn(56)) - 9127dd83-037b-4d39-812f-66db56af525a@group-BCADF287A12B-LeaderElection156: Election TIMEOUT; received 0 response(s) [] and 0 exception(s); 9127dd83-037b-4d39-812f-66db56af525a@group-BCADF287A12B:t169, leader=null, voted=9127dd83-037b-4d39-812f-66db56af525a, raftlog=9127dd83-037b-4d39-812f-66db56af525a@group-BCADF287A12B-SegmentedRaftLog:OPENED:c-1,f-1,i0, conf=-1: [7fae3aed-4e76-4283-a599-f93f794625ab:192.168.34.21:41352, 58095e90-3010-492a-9083-43cf2e035c3f:192.168.34.21:45284, 9127dd83-037b-4d39-812f-66db56af525a:192.168.34.21:42063], old=null
2019-10-30 05:53:22,494 [9127dd83-037b-4d39-812f-66db56af525a@group-BCADF287A12B-LeaderElection156] INFO  impl.LeaderElection (LeaderElection.java:askForVotes(178)) - 9127dd83-037b-4d39-812f-66db56af525a@group-BCADF287A12B-LeaderElection156: begin an election at term 170 for -1: [7fae3aed-4e76-4283-a599-f93f794625ab:192.168.34.21:41352, 58095e90-3010-492a-9083-43cf2e035c3f:192.168.34.21:45284, 9127dd83-037b-4d39-812f-66db56af525a:192.168.34.21:42063], old=null
2019-10-30 05:53:22,495 [grpc-default-executor-1] INFO  impl.RaftServerImpl (RaftServerImpl.java:setRole(184)) - 7fae3aed-4e76-4283-a599-f93f794625ab@group-BCADF287A12B: changes role from  FOLLOWER to FOLLOWER at term 170 for recognizeCandidate:9127dd83-037b-4d39-812f-66db56af525a
2019-10-30 05:53:22,496 [grpc-default-executor-1] INFO  impl.RoleInfo (RoleInfo.java:shutdownFollowerState(121)) - 7fae3aed-4e76-4283-a599-f93f794625ab: shutdown FollowerState
2019-10-30 05:53:22,496 [grpc-default-executor-1] INFO  impl.RoleInfo (RoleInfo.java:updateAndGet(143)) - 7fae3aed-4e76-4283-a599-f93f794625ab: start FollowerState
2019-10-30 05:53:22,496 [Thread-1258] INFO  impl.FollowerState (FollowerState.java:run(117)) - 7fae3aed-4e76-4283-a599-f93f794625ab@group-BCADF287A12B-FollowerState was interrupted: java.lang.InterruptedException: sleep interrupted
2019-10-30 05:53:22,497 [grpc-default-executor-3] INFO  impl.RaftServerImpl (RaftServerImpl.java:setRole(184)) - 58095e90-3010-492a-9083-43cf2e035c3f@group-BCADF287A12B: changes role from  FOLLOWER to FOLLOWER at term 170 for recognizeCandidate:9127dd83-037b-4d39-812f-66db56af525a
2019-10-30 05:53:22,497 [grpc-default-executor-3] INFO  impl.RoleInfo (RoleInfo.java:shutdownFollowerState(121)) - 58095e90-3010-492a-9083-43cf2e035c3f: shutdown FollowerState
2019-10-30 05:53:22,497 [grpc-default-executor-3] INFO  impl.RoleInfo (RoleInfo.java:updateAndGet(143)) - 58095e90-3010-492a-9083-43cf2e035c3f: start FollowerState
2019-10-30 05:53:22,497 [Thread-1259] INFO  impl.FollowerState (FollowerState.java:run(117)) - 58095e90-3010-492a-9083-43cf2e035c3f@group-BCADF287A12B-FollowerState was interrupted: java.lang.InterruptedException: sleep interrupted
2019-10-30 05:53:22,510 [9127dd83-037b-4d39-812f-66db56af525a@group-BCADF287A12B-LeaderElection156] INFO  impl.LeaderElection (LeaderElection.java:logAndReturn(56)) - 9127dd83-037b-4d39-812f-66db56af525a@group-BCADF287A12B-LeaderElection156: Election TIMEOUT; received 0 response(s) [] and 0 exception(s); 9127dd83-037b-4d39-812f-66db56af525a@group-BCADF287A12B:t170, leader=null, voted=9127dd83-037b-4d39-812f-66db56af525a, raftlog=9127dd83-037b-4d39-812f-66db56af525a@group-BCADF287A12B-SegmentedRaftLog:OPENED:c-1,f-1,i0, conf=-1: [7fae3aed-4e76-4283-a599-f93f794625ab:192.168.34.21:41352, 58095e90-3010-492a-9083-43cf2e035c3f:192.168.34.21:45284, 9127dd83-037b-4d39-812f-66db56af525a:192.168.34.21:42063], old=null
2019-10-30 05:53:22,519 [9127dd83-037b-4d39-812f-66db56af525a@group-BCADF287A12B-LeaderElection156] INFO  impl.LeaderElection (LeaderElection.java:askForVotes(178)) - 9127dd83-037b-4d39-812f-66db56af525a@group-BCADF287A12B-LeaderElection156: begin an election at term 171 for -1: [7fae3aed-4e76-4283-a599-f93f794625ab:192.168.34.21:41352, 58095e90-3010-492a-9083-43cf2e035c3f:192.168.34.21:45284, 9127dd83-037b-4d39-812f-66db56af525a:192.168.34.21:42063], old=null
2019-10-30 05:53:22,521 [grpc-default-executor-3] INFO  impl.RaftServerImpl (RaftServerImpl.java:setRole(184)) - 7fae3aed-4e76-4283-a599-f93f794625ab@group-BCADF287A12B: changes role from  FOLLOWER to FOLLOWER at term 171 for recognizeCandidate:9127dd83-037b-4d39-812f-66db56af525a
2019-10-30 05:53:22,521 [grpc-default-executor-3] INFO  impl.RoleInfo (RoleInfo.java:shutdownFollowerState(121)) - 7fae3aed-4e76-4283-a599-f93f794625ab: shutdown FollowerState
2019-10-30 05:53:22,521 [grpc-default-executor-3] INFO  impl.RoleInfo (RoleInfo.java:updateAndGet(143)) - 7fae3aed-4e76-4283-a599-f93f794625ab: start FollowerState
2019-10-30 05:53:22,522 [Thread-1262] INFO  impl.FollowerState (FollowerState.java:run(117)) - 7fae3aed-4e76-4283-a599-f93f794625ab@group-BCADF287A12B-FollowerState was interrupted: java.lang.InterruptedException: sleep interrupted
2019-10-30 05:53:22,522 [grpc-default-executor-1] INFO  impl.RaftServerImpl (RaftServerImpl.java:setRole(184)) - 58095e90-3010-492a-9083-43cf2e035c3f@group-BCADF287A12B: changes role from  FOLLOWER to FOLLOWER at term 171 for recognizeCandidate:9127dd83-037b-4d39-812f-66db56af525a
2019-10-30 05:53:22,522 [grpc-default-executor-1] INFO  impl.RoleInfo (RoleInfo.java:shutdownFollowerState(121)) - 58095e90-3010-492a-9083-43cf2e035c3f: shutdown FollowerState
2019-10-30 05:53:22,522 [grpc-default-executor-1] INFO  impl.RoleInfo (RoleInfo.java:updateAndGet(143)) - 58095e90-3010-492a-9083-43cf2e035c3f: start FollowerState
2019-10-30 05:53:22,522 [Thread-1263] INFO  impl.FollowerState (FollowerState.java:run(117)) - 58095e90-3010-492a-9083-43cf2e035c3f@group-BCADF287A12B-FollowerState was interrupted: java.lang.InterruptedException: sleep interrupted
2019-10-30 05:53:22,533 [9127dd83-037b-4d39-812f-66db56af525a@group-BCADF287A12B-LeaderElection156] INFO  impl.LeaderElection (LeaderElection.java:logAndReturn(56)) - 9127dd83-037b-4d39-812f-66db56af525a@group-BCADF287A12B-LeaderElection156: Election REJECTED; received 2 response(s) [9127dd83-037b-4d39-812f-66db56af525a<-7fae3aed-4e76-4283-a599-f93f794625ab#0:FAIL-t171, 9127dd83-037b-4d39-812f-66db56af525a<-58095e90-3010-492a-9083-43cf2e035c3f#0:FAIL-t171] and 0 exception(s); 9127dd83-037b-4d39-812f-66db56af525a@group-BCADF287A12B:t171, leader=null, voted=9127dd83-037b-4d39-812f-66db56af525a, raftlog=9127dd83-037b-4d39-812f-66db56af525a@group-BCADF287A12B-SegmentedRaftLog:OPENED:c-1,f-1,i0, conf=-1: [7fae3aed-4e76-4283-a599-f93f794625ab:192.168.34.21:41352, 58095e90-3010-492a-9083-43cf2e035c3f:192.168.34.21:45284, 9127dd83-037b-4d39-812f-66db56af525a:192.168.34.21:42063], old=null
2019-10-30 05:53:22,533 [9127dd83-037b-4d39-812f-66db56af525a@group-BCADF287A12B-LeaderElection156] INFO  impl.RaftServerImpl (RaftServerImpl.java:setRole(184)) - 9127dd83-037b-4d39-812f-66db56af525a@group-BCADF287A12B: changes role from CANDIDATE to FOLLOWER at term 171 for DISCOVERED_A_NEW_TERM
2019-10-30 05:53:22,534 [9127dd83-037b-4d39-812f-66db56af525a@group-BCADF287A12B-LeaderElection156] INFO  impl.RoleInfo (RoleInfo.java:shutdownLeaderElection(134)) - 9127dd83-037b-4d39-812f-66db56af525a: shutdown LeaderElection
2019-10-30 05:53:22,534 [9127dd83-037b-4d39-812f-66db56af525a@group-BCADF287A12B-LeaderElection156] INFO  impl.RoleInfo (RoleInfo.java:updateAndGet(143)) - 9127dd83-037b-4d39-812f-66db56af525a: start FollowerState
2019-10-30 05:53:22,733 [Thread-1268] INFO  impl.FollowerState (FollowerState.java:run(108)) - 9127dd83-037b-4d39-812f-66db56af525a@group-BCADF287A12B-FollowerState: change to CANDIDATE, lastRpcTime:199ms, electionTimeout:199ms
2019-10-30 05:53:22,733 [Thread-1268] INFO  impl.RoleInfo (RoleInfo.java:shutdownFollowerState(121)) - 9127dd83-037b-4d39-812f-66db56af525a: shutdown FollowerState
2019-10-30 05:53:22,733 [Thread-1268] INFO  impl.RaftServerImpl (RaftServerImpl.java:setRole(184)) - 9127dd83-037b-4d39-812f-66db56af525a@group-BCADF287A12B: changes role from  FOLLOWER to CANDIDATE at term 171 for changeToCandidate
2019-10-30 05:53:22,733 [Thread-1268] INFO  impl.RoleInfo (RoleInfo.java:updateAndGet(143)) - 9127dd83-037b-4d39-812f-66db56af525a: start LeaderElection
2019-10-30 05:53:22,747 [9127dd83-037b-4d39-812f-66db56af525a@group-BCADF287A12B-LeaderElection157] INFO  impl.LeaderElection (LeaderElection.java:askForVotes(178)) - 9127dd83-037b-4d39-812f-66db56af525a@group-BCADF287A12B-LeaderElection157: begin an election at term 172 for -1: [7fae3aed-4e76-4283-a599-f93f794625ab:192.168.34.21:41352, 58095e90-3010-492a-9083-43cf2e035c3f:192.168.34.21:45284, 9127dd83-037b-4d39-812f-66db56af525a:192.168.34.21:42063], old=null
2019-10-30 05:53:22,750 [grpc-default-executor-3] INFO  impl.RaftServerImpl (RaftServerImpl.java:setRole(184)) - 58095e90-3010-492a-9083-43cf2e035c3f@group-BCADF287A12B: changes role from  FOLLOWER to FOLLOWER at term 172 for recognizeCandidate:9127dd83-037b-4d39-812f-66db56af525a
2019-10-30 05:53:22,750 [grpc-default-executor-3] INFO  impl.RoleInfo (RoleInfo.java:shutdownFollowerState(121)) - 58095e90-3010-492a-9083-43cf2e035c3f: shutdown FollowerState
2019-10-30 05:53:22,750 [grpc-default-executor-1] INFO  impl.RaftServerImpl (RaftServerImpl.java:setRole(184)) - 7fae3aed-4e76-4283-a599-f93f794625ab@group-BCADF287A12B: changes role from  FOLLOWER to FOLLOWER at term 172 for recognizeCandidate:9127dd83-037b-4d39-812f-66db56af525a
2019-10-30 05:53:22,750 [grpc-default-executor-3] INFO  impl.RoleInfo (RoleInfo.java:updateAndGet(143)) - 58095e90-3010-492a-9083-43cf2e035c3f: start FollowerState
2019-10-30 05:53:22,750 [Thread-1267] INFO  impl.FollowerState (FollowerState.java:run(117)) - 58095e90-3010-492a-9083-43cf2e035c3f@group-BCADF287A12B-FollowerState was interrupted: java.lang.InterruptedException: sleep interrupted
2019-10-30 05:53:22,750 [grpc-default-executor-1] INFO  impl.RoleInfo (RoleInfo.java:shutdownFollowerState(121)) - 7fae3aed-4e76-4283-a599-f93f794625ab: shutdown FollowerState
2019-10-30 05:53:22,751 [grpc-default-executor-1] INFO  impl.RoleInfo (RoleInfo.java:updateAndGet(143)) - 7fae3aed-4e76-4283-a599-f93f794625ab: start FollowerState
2019-10-30 05:53:22,751 [Thread-1266] INFO  impl.FollowerState (FollowerState.java:run(117)) - 7fae3aed-4e76-4283-a599-f93f794625ab@group-BCADF287A12B-FollowerState was interrupted: java.lang.InterruptedException: sleep interrupted
2019-10-30 05:53:22,765 [9127dd83-037b-4d39-812f-66db56af525a@group-BCADF287A12B-LeaderElection157] INFO  impl.LeaderElection (LeaderElection.java:logAndReturn(56)) - 9127dd83-037b-4d39-812f-66db56af525a@group-BCADF287A12B-LeaderElection157: Election REJECTED; received 2 response(s) [9127dd83-037b-4d39-812f-66db56af525a<-7fae3aed-4e76-4283-a599-f93f794625ab#0:FAIL-t172, 9127dd83-037b-4d39-812f-66db56af525a<-58095e90-3010-492a-9083-43cf2e035c3f#0:FAIL-t172] and 0 exception(s); 9127dd83-037b-4d39-812f-66db56af525a@group-BCADF287A12B:t172, leader=null, voted=9127dd83-037b-4d39-812f-66db56af525a, raftlog=9127dd83-037b-4d39-812f-66db56af525a@group-BCADF287A12B-SegmentedRaftLog:OPENED:c-1,f-1,i0, conf=-1: [7fae3aed-4e76-4283-a599-f93f794625ab:192.168.34.21:41352, 58095e90-3010-492a-9083-43cf2e035c3f:192.168.34.21:45284, 9127dd83-037b-4d39-812f-66db56af525a:192.168.34.21:42063], old=null
2019-10-30 05:53:22,765 [9127dd83-037b-4d39-812f-66db56af525a@group-BCADF287A12B-LeaderElection157] INFO  impl.RaftServerImpl (RaftServerImpl.java:setRole(184)) - 9127dd83-037b-4d39-812f-66db56af525a@group-BCADF287A12B: changes role from CANDIDATE to FOLLOWER at term 172 for DISCOVERED_A_NEW_TERM
2019-10-30 05:53:22,765 [9127dd83-037b-4d39-812f-66db56af525a@group-BCADF287A12B-LeaderElection157] INFO  impl.RoleInfo (RoleInfo.java:shutdownLeaderElection(134)) - 9127dd83-037b-4d39-812f-66db56af525a: shutdown LeaderElection
2019-10-30 05:53:22,765 [9127dd83-037b-4d39-812f-66db56af525a@group-BCADF287A12B-LeaderElection157] INFO  impl.RoleInfo (RoleInfo.java:updateAndGet(143)) - 9127dd83-037b-4d39-812f-66db56af525a: start FollowerState
2019-10-30 05:53:22,928 [Thread-1274] INFO  impl.FollowerState (FollowerState.java:run(108)) - 9127dd83-037b-4d39-812f-66db56af525a@group-BCADF287A12B-FollowerState: change to CANDIDATE, lastRpcTime:163ms, electionTimeout:163ms
2019-10-30 05:53:22,929 [Thread-1274] INFO  impl.RoleInfo (RoleInfo.java:shutdownFollowerState(121)) - 9127dd83-037b-4d39-812f-66db56af525a: shutdown FollowerState
2019-10-30 05:53:22,929 [Thread-1274] INFO  impl.RaftServerImpl (RaftServerImpl.java:setRole(184)) - 9127dd83-037b-4d39-812f-66db56af525a@group-BCADF287A12B: changes role from  FOLLOWER to CANDIDATE at term 172 for changeToCandidate
2019-10-30 05:53:22,929 [Thread-1274] INFO  impl.RoleInfo (RoleInfo.java:updateAndGet(143)) - 9127dd83-037b-4d39-812f-66db56af525a: start LeaderElection
2019-10-30 05:53:22,942 [9127dd83-037b-4d39-812f-66db56af525a@group-BCADF287A12B-LeaderElection158] INFO  impl.LeaderElection (LeaderElection.java:askForVotes(178)) - 9127dd83-037b-4d39-812f-66db56af525a@group-BCADF287A12B-LeaderElection158: begin an election at term 173 for -1: [7fae3aed-4e76-4283-a599-f93f794625ab:192.168.34.21:41352, 58095e90-3010-492a-9083-43cf2e035c3f:192.168.34.21:45284, 9127dd83-037b-4d39-812f-66db56af525a:192.168.34.21:42063], old=null
2019-10-30 05:53:22,947 [grpc-default-executor-1] INFO  impl.RaftServerImpl (RaftServerImpl.java:setRole(184)) - 58095e90-3010-492a-9083-43cf2e035c3f@group-BCADF287A12B: changes role from  FOLLOWER to FOLLOWER at term 173 for recognizeCandidate:9127dd83-037b-4d39-812f-66db56af525a
2019-10-30 05:53:22,947 [grpc-default-executor-3] INFO  impl.RaftServerImpl (RaftServerImpl.java:setRole(184)) - 7fae3aed-4e76-4283-a599-f93f794625ab@group-BCADF287A12B: changes role from  FOLLOWER to FOLLOWER at term 173 for recognizeCandidate:9127dd83-037b-4d39-812f-66db56af525a
2019-10-30 05:53:22,947 [grpc-default-executor-1] INFO  impl.RoleInfo (RoleInfo.java:shutdownFollowerState(121)) - 58095e90-3010-492a-9083-43cf2e035c3f: shutdown FollowerState
2019-10-30 05:53:22,947 [grpc-default-executor-3] INFO  impl.RoleInfo (RoleInfo.java:shutdownFollowerState(121)) - 7fae3aed-4e76-4283-a599-f93f794625ab: shutdown FollowerState
2019-10-30 05:53:22,948 [grpc-default-executor-1] INFO  impl.RoleInfo (RoleInfo.java:updateAndGet(143)) - 58095e90-3010-492a-9083-43cf2e035c3f: start FollowerState
2019-10-30 05:53:22,948 [Thread-1272] INFO  impl.FollowerState (FollowerState.java:run(117)) - 58095e90-3010-492a-9083-43cf2e035c3f@group-BCADF287A12B-FollowerState was interrupted: java.lang.InterruptedException: sleep interrupted
2019-10-30 05:53:22,948 [grpc-default-executor-3] INFO  impl.RoleInfo (RoleInfo.java:updateAndGet(143)) - 7fae3aed-4e76-4283-a599-f93f794625ab: start FollowerState
2019-10-30 05:53:22,948 [Thread-1273] INFO  impl.FollowerState (FollowerState.java:run(117)) - 7fae3aed-4e76-4283-a599-f93f794625ab@group-BCADF287A12B-FollowerState was interrupted: java.lang.InterruptedException: sleep interrupted
2019-10-30 05:53:22,963 [9127dd83-037b-4d39-812f-66db56af525a@group-BCADF287A12B-LeaderElection158] INFO  impl.LeaderElection (LeaderElection.java:logAndReturn(56)) - 9127dd83-037b-4d39-812f-66db56af525a@group-BCADF287A12B-LeaderElection158: Election REJECTED; received 2 response(s) [9127dd83-037b-4d39-812f-66db56af525a<-7fae3aed-4e76-4283-a599-f93f794625ab#0:FAIL-t173, 9127dd83-037b-4d39-812f-66db56af525a<-58095e90-3010-492a-9083-43cf2e035c3f#0:FAIL-t173] and 0 exception(s); 9127dd83-037b-4d39-812f-66db56af525a@group-BCADF287A12B:t173, leader=null, voted=9127dd83-037b-4d39-812f-66db56af525a, raftlog=9127dd83-037b-4d39-812f-66db56af525a@group-BCADF287A12B-SegmentedRaftLog:OPENED:c-1,f-1,i0, conf=-1: [7fae3aed-4e76-4283-a599-f93f794625ab:192.168.34.21:41352, 58095e90-3010-492a-9083-43cf2e035c3f:192.168.34.21:45284, 9127dd83-037b-4d39-812f-66db56af525a:192.168.34.21:42063], old=null
2019-10-30 05:53:22,963 [9127dd83-037b-4d39-812f-66db56af525a@group-BCADF287A12B-LeaderElection158] INFO  impl.RaftServerImpl (RaftServerImpl.java:setRole(184)) - 9127dd83-037b-4d39-812f-66db56af525a@group-BCADF287A12B: changes role from CANDIDATE to FOLLOWER at term 173 for DISCOVERED_A_NEW_TERM
2019-10-30 05:53:22,963 [9127dd83-037b-4d39-812f-66db56af525a@group-BCADF287A12B-LeaderElection158] INFO  impl.RoleInfo (RoleInfo.java:shutdownLeaderElection(134)) - 9127dd83-037b-4d39-812f-66db56af525a: shutdown LeaderElection
2019-10-30 05:53:22,963 [9127dd83-037b-4d39-812f-66db56af525a@group-BCADF287A12B-LeaderElection158] INFO  impl.RoleInfo (RoleInfo.java:updateAndGet(143)) - 9127dd83-037b-4d39-812f-66db56af525a: start FollowerState
2019-10-30 05:53:23,111 [Thread-1280] INFO  impl.FollowerState (FollowerState.java:run(108)) - 9127dd83-037b-4d39-812f-66db56af525a@group-BCADF287A12B-FollowerState: change to CANDIDATE, lastRpcTime:148ms, electionTimeout:148ms
2019-10-30 05:53:23,112 [Thread-1280] INFO  impl.RoleInfo (RoleInfo.java:shutdownFollowerState(121)) - 9127dd83-037b-4d39-812f-66db56af525a: shutdown FollowerState
2019-10-30 05:53:23,112 [Thread-1280] INFO  impl.RaftServerImpl (RaftServerImpl.java:setRole(184)) - 9127dd83-037b-4d39-812f-66db56af525a@group-BCADF287A12B: changes role from  FOLLOWER to CANDIDATE at term 173 for changeToCandidate
2019-10-30 05:53:23,112 [Thread-1280] INFO  impl.RoleInfo (RoleInfo.java:updateAndGet(143)) - 9127dd83-037b-4d39-812f-66db56af525a: start LeaderElection
2019-10-30 05:53:23,125 [9127dd83-037b-4d39-812f-66db56af525a@group-BCADF287A12B-LeaderElection159] INFO  impl.LeaderElection (LeaderElection.java:askForVotes(178)) - 9127dd83-037b-4d39-812f-66db56af525a@group-BCADF287A12B-LeaderElection159: begin an election at term 174 for -1: [7fae3aed-4e76-4283-a599-f93f794625ab:192.168.34.21:41352, 58095e90-3010-492a-9083-43cf2e035c3f:192.168.34.21:45284, 9127dd83-037b-4d39-812f-66db56af525a:192.168.34.21:42063], old=null
2019-10-30 05:53:23,128 [grpc-default-executor-3] INFO  impl.RaftServerImpl (RaftServerImpl.java:setRole(184)) - 58095e90-3010-492a-9083-43cf2e035c3f@group-BCADF287A12B: changes role from  FOLLOWER to FOLLOWER at term 174 for recognizeCandidate:9127dd83-037b-4d39-812f-66db56af525a
2019-10-30 05:53:23,128 [grpc-default-executor-3] INFO  impl.RoleInfo (RoleInfo.java:shutdownFollowerState(121)) - 58095e90-3010-492a-9083-43cf2e035c3f: shutdown FollowerState
2019-10-30 05:53:23,128 [grpc-default-executor-1] INFO  impl.RaftServerImpl (RaftServerImpl.java:setRole(184)) - 7fae3aed-4e76-4283-a599-f93f794625ab@group-BCADF287A12B: changes role from  FOLLOWER to FOLLOWER at term 174 for recognizeCandidate:9127dd83-037b-4d39-812f-66db56af525a
2019-10-30 05:53:23,128 [grpc-default-executor-3] INFO  impl.RoleInfo (RoleInfo.java:updateAndGet(143)) - 58095e90-3010-492a-9083-43cf2e035c3f: start FollowerState
2019-10-30 05:53:23,128 [Thread-1278] INFO  impl.FollowerState (FollowerState.java:run(117)) - 58095e90-3010-492a-9083-43cf2e035c3f@group-BCADF287A12B-FollowerState was interrupted: java.lang.InterruptedException: sleep interrupted
2019-10-30 05:53:23,128 [grpc-default-executor-1] INFO  impl.RoleInfo (RoleInfo.java:shutdownFollowerState(121)) - 7fae3aed-4e76-4283-a599-f93f794625ab: shutdown FollowerState
2019-10-30 05:53:23,129 [grpc-default-executor-1] INFO  impl.RoleInfo (RoleInfo.java:updateAndGet(143)) - 7fae3aed-4e76-4283-a599-f93f794625ab: start FollowerState
2019-10-30 05:53:23,129 [Thread-1279] INFO  impl.FollowerState (FollowerState.java:run(117)) - 7fae3aed-4e76-4283-a599-f93f794625ab@group-BCADF287A12B-FollowerState was interrupted: java.lang.InterruptedException: sleep interrupted
2019-10-30 05:53:23,144 [9127dd83-037b-4d39-812f-66db56af525a@group-BCADF287A12B-LeaderElection159] INFO  impl.LeaderElection (LeaderElection.java:logAndReturn(56)) - 9127dd83-037b-4d39-812f-66db56af525a@group-BCADF287A12B-LeaderElection159: Election REJECTED; received 2 response(s) [9127dd83-037b-4d39-812f-66db56af525a<-7fae3aed-4e76-4283-a599-f93f794625ab#0:FAIL-t174, 9127dd83-037b-4d39-812f-66db56af525a<-58095e90-3010-492a-9083-43cf2e035c3f#0:FAIL-t174] and 0 exception(s); 9127dd83-037b-4d39-812f-66db56af525a@group-BCADF287A12B:t174, leader=null, voted=9127dd83-037b-4d39-812f-66db56af525a, raftlog=9127dd83-037b-4d39-812f-66db56af525a@group-BCADF287A12B-SegmentedRaftLog:OPENED:c-1,f-1,i0, conf=-1: [7fae3aed-4e76-4283-a599-f93f794625ab:192.168.34.21:41352, 58095e90-3010-492a-9083-43cf2e035c3f:192.168.34.21:45284, 9127dd83-037b-4d39-812f-66db56af525a:192.168.34.21:42063], old=null
2019-10-30 05:53:23,144 [9127dd83-037b-4d39-812f-66db56af525a@group-BCADF287A12B-LeaderElection159] INFO  impl.RaftServerImpl (RaftServerImpl.java:setRole(184)) - 9127dd83-037b-4d39-812f-66db56af525a@group-BCADF287A12B: changes role from CANDIDATE to FOLLOWER at term 174 for DISCOVERED_A_NEW_TERM
2019-10-30 05:53:23,144 [9127dd83-037b-4d39-812f-66db56af525a@group-BCADF287A12B-LeaderElection159] INFO  impl.RoleInfo (RoleInfo.java:shutdownLeaderElection(134)) - 9127dd83-037b-4d39-812f-66db56af525a: shutdown LeaderElection
2019-10-30 05:53:23,144 [9127dd83-037b-4d39-812f-66db56af525a@group-BCADF287A12B-LeaderElection159] INFO  impl.RoleInfo (RoleInfo.java:updateAndGet(143)) - 9127dd83-037b-4d39-812f-66db56af525a: start FollowerState
2019-10-30 05:53:23,338 [Thread-1287] INFO  impl.FollowerState (FollowerState.java:run(108)) - 9127dd83-037b-4d39-812f-66db56af525a@group-BCADF287A12B-FollowerState: change to CANDIDATE, lastRpcTime:193ms, electionTimeout:193ms
2019-10-30 05:53:23,338 [Thread-1287] INFO  impl.RoleInfo (RoleInfo.java:shutdownFollowerState(121)) - 9127dd83-037b-4d39-812f-66db56af525a: shutdown FollowerState
2019-10-30 05:53:23,338 [Thread-1287] INFO  impl.RaftServerImpl (RaftServerImpl.java:setRole(184)) - 9127dd83-037b-4d39-812f-66db56af525a@group-BCADF287A12B: changes role from  FOLLOWER to CANDIDATE at term 174 for changeToCandidate
2019-10-30 05:53:23,339 [Thread-1287] INFO  impl.RoleInfo (RoleInfo.java:updateAndGet(143)) - 9127dd83-037b-4d39-812f-66db56af525a: start LeaderElection
2019-10-30 05:53:23,352 [9127dd83-037b-4d39-812f-66db56af525a@group-BCADF287A12B-LeaderElection160] INFO  impl.LeaderElection (LeaderElection.java:askForVotes(178)) - 9127dd83-037b-4d39-812f-66db56af525a@group-BCADF287A12B-LeaderElection160: begin an election at term 175 for -1: [7fae3aed-4e76-4283-a599-f93f794625ab:192.168.34.21:41352, 58095e90-3010-492a-9083-43cf2e035c3f:192.168.34.21:45284, 9127dd83-037b-4d39-812f-66db56af525a:192.168.34.21:42063], old=null
2019-10-30 05:53:23,354 [grpc-default-executor-1] INFO  impl.RaftServerImpl (RaftServerImpl.java:setRole(184)) - 58095e90-3010-492a-9083-43cf2e035c3f@group-BCADF287A12B: changes role from  FOLLOWER to FOLLOWER at term 175 for recognizeCandidate:9127dd83-037b-4d39-812f-66db56af525a
2019-10-30 05:53:23,355 [grpc-default-executor-1] INFO  impl.RoleInfo (RoleInfo.java:shutdownFollowerState(121)) - 58095e90-3010-492a-9083-43cf2e035c3f: shutdown FollowerState
2019-10-30 05:53:23,354 [grpc-default-executor-2] INFO  impl.RaftServerImpl (RaftServerImpl.java:setRole(184)) - 7fae3aed-4e76-4283-a599-f93f794625ab@group-BCADF287A12B: changes role from  FOLLOWER to FOLLOWER at term 175 for recognizeCandidate:9127dd83-037b-4d39-812f-66db56af525a
2019-10-30 05:53:23,355 [grpc-default-executor-1] INFO  impl.RoleInfo (RoleInfo.java:updateAndGet(143)) - 58095e90-3010-492a-9083-43cf2e035c3f: start FollowerState
2019-10-30 05:53:23,355 [Thread-1284] INFO  impl.FollowerState (FollowerState.java:run(117)) - 58095e90-3010-492a-9083-43cf2e035c3f@group-BCADF287A12B-FollowerState was interrupted: java.lang.InterruptedException: sleep interrupted
2019-10-30 05:53:23,355 [grpc-default-executor-2] INFO  impl.RoleInfo (RoleInfo.java:shutdownFollowerState(121)) - 7fae3aed-4e76-4283-a599-f93f794625ab: shutdown FollowerState
2019-10-30 05:53:23,355 [grpc-default-executor-2] INFO  impl.RoleInfo (RoleInfo.java:updateAndGet(143)) - 7fae3aed-4e76-4283-a599-f93f794625ab: start FollowerState
2019-10-30 05:53:23,355 [Thread-1285] INFO  impl.FollowerState (FollowerState.java:run(117)) - 7fae3aed-4e76-4283-a599-f93f794625ab@group-BCADF287A12B-FollowerState was interrupted: java.lang.InterruptedException: sleep interrupted
2019-10-30 05:53:23,369 [9127dd83-037b-4d39-812f-66db56af525a@group-BCADF287A12B-LeaderElection160] INFO  impl.LeaderElection (LeaderElection.java:logAndReturn(56)) - 9127dd83-037b-4d39-812f-66db56af525a@group-BCADF287A12B-LeaderElection160: Election REJECTED; received 2 response(s) [9127dd83-037b-4d39-812f-66db56af525a<-7fae3aed-4e76-4283-a599-f93f794625ab#0:FAIL-t175, 9127dd83-037b-4d39-812f-66db56af525a<-58095e90-3010-492a-9083-43cf2e035c3f#0:FAIL-t175] and 0 exception(s); 9127dd83-037b-4d39-812f-66db56af525a@group-BCADF287A12B:t175, leader=null, voted=9127dd83-037b-4d39-812f-66db56af525a, raftlog=9127dd83-037b-4d39-812f-66db56af525a@group-BCADF287A12B-SegmentedRaftLog:OPENED:c-1,f-1,i0, conf=-1: [7fae3aed-4e76-4283-a599-f93f794625ab:192.168.34.21:41352, 58095e90-3010-492a-9083-43cf2e035c3f:192.168.34.21:45284, 9127dd83-037b-4d39-812f-66db56af525a:192.168.34.21:42063], old=null
2019-10-30 05:53:23,369 [9127dd83-037b-4d39-812f-66db56af525a@group-BCADF287A12B-LeaderElection160] INFO  impl.RaftServerImpl (RaftServerImpl.java:setRole(184)) - 9127dd83-037b-4d39-812f-66db56af525a@group-BCADF287A12B: changes role from CANDIDATE to FOLLOWER at term 175 for DISCOVERED_A_NEW_TERM
2019-10-30 05:53:23,370 [9127dd83-037b-4d39-812f-66db56af525a@group-BCADF287A12B-LeaderElection160] INFO  impl.RoleInfo (RoleInfo.java:shutdownLeaderElection(134)) - 9127dd83-037b-4d39-812f-66db56af525a: shutdown LeaderElection
2019-10-30 05:53:23,370 [9127dd83-037b-4d39-812f-66db56af525a@group-BCADF287A12B-LeaderElection160] INFO  impl.RoleInfo (RoleInfo.java:updateAndGet(143)) - 9127dd83-037b-4d39-812f-66db56af525a: start FollowerState
2019-10-30 05:53:23,477 [Thread-1294] INFO  impl.FollowerState (FollowerState.java:run(108)) - 9127dd83-037b-4d39-812f-66db56af525a@group-BCADF287A12B-FollowerState: change to CANDIDATE, lastRpcTime:107ms, electionTimeout:107ms
2019-10-30 05:53:23,477 [Thread-1294] INFO  impl.RoleInfo (RoleInfo.java:shutdownFollowerState(121)) - 9127dd83-037b-4d39-812f-66db56af525a: shutdown FollowerState
2019-10-30 05:53:23,477 [Thread-1294] INFO  impl.RaftServerImpl (RaftServerImpl.java:setRole(184)) - 9127dd83-037b-4d39-812f-66db56af525a@group-BCADF287A12B: changes role from  FOLLOWER to CANDIDATE at term 175 for changeToCandidate
2019-10-30 05:53:23,478 [Thread-1294] INFO  impl.RoleInfo (RoleInfo.java:updateAndGet(143)) - 9127dd83-037b-4d39-812f-66db56af525a: start LeaderElection
2019-10-30 05:53:23,488 [9127dd83-037b-4d39-812f-66db56af525a@group-BCADF287A12B-LeaderElection161] INFO  impl.LeaderElection (LeaderElection.java:askForVotes(178)) - 9127dd83-037b-4d39-812f-66db56af525a@group-BCADF287A12B-LeaderElection161: begin an election at term 176 for -1: [7fae3aed-4e76-4283-a599-f93f794625ab:192.168.34.21:41352, 58095e90-3010-492a-9083-43cf2e035c3f:192.168.34.21:45284, 9127dd83-037b-4d39-812f-66db56af525a:192.168.34.21:42063], old=null
2019-10-30 05:53:23,490 [grpc-default-executor-2] INFO  impl.RaftServerImpl (RaftServerImpl.java:setRole(184)) - 58095e90-3010-492a-9083-43cf2e035c3f@group-BCADF287A12B: changes role from  FOLLOWER to FOLLOWER at term 176 for recognizeCandidate:9127dd83-037b-4d39-812f-66db56af525a
2019-10-30 05:53:23,491 [grpc-default-executor-2] INFO  impl.RoleInfo (RoleInfo.java:shutdownFollowerState(121)) - 58095e90-3010-492a-9083-43cf2e035c3f: shutdown FollowerState
2019-10-30 05:53:23,490 [grpc-default-executor-1] INFO  impl.RaftServerImpl (RaftServerImpl.java:setRole(184)) - 7fae3aed-4e76-4283-a599-f93f794625ab@group-BCADF287A12B: changes role from  FOLLOWER to FOLLOWER at term 176 for recognizeCandidate:9127dd83-037b-4d39-812f-66db56af525a
2019-10-30 05:53:23,491 [Thread-1292] INFO  impl.FollowerState (FollowerState.java:run(117)) - 58095e90-3010-492a-9083-43cf2e035c3f@group-BCADF287A12B-FollowerState was interrupted: java.lang.InterruptedException: sleep interrupted
2019-10-30 05:53:23,491 [grpc-default-executor-2] INFO  impl.RoleInfo (RoleInfo.java:updateAndGet(143)) - 58095e90-3010-492a-9083-43cf2e035c3f: start FollowerState
2019-10-30 05:53:23,491 [grpc-default-executor-1] INFO  impl.RoleInfo (RoleInfo.java:shutdownFollowerState(121)) - 7fae3aed-4e76-4283-a599-f93f794625ab: shutdown FollowerState
2019-10-30 05:53:23,492 [grpc-default-executor-1] INFO  impl.RoleInfo (RoleInfo.java:updateAndGet(143)) - 7fae3aed-4e76-4283-a599-f93f794625ab: start FollowerState
2019-10-30 05:53:23,492 [Thread-1293] INFO  impl.FollowerState (FollowerState.java:run(117)) - 7fae3aed-4e76-4283-a599-f93f794625ab@group-BCADF287A12B-FollowerState was interrupted: java.lang.InterruptedException: sleep interrupted
2019-10-30 05:53:23,506 [9127dd83-037b-4d39-812f-66db56af525a@group-BCADF287A12B-LeaderElection161] INFO  impl.LeaderElection (LeaderElection.java:logAndReturn(56)) - 9127dd83-037b-4d39-812f-66db56af525a@group-BCADF287A12B-LeaderElection161: Election REJECTED; received 2 response(s) [9127dd83-037b-4d39-812f-66db56af525a<-7fae3aed-4e76-4283-a599-f93f794625ab#0:FAIL-t176, 9127dd83-037b-4d39-812f-66db56af525a<-58095e90-3010-492a-9083-43cf2e035c3f#0:FAIL-t176] and 0 exception(s); 9127dd83-037b-4d39-812f-66db56af525a@group-BCADF287A12B:t176, leader=null, voted=9127dd83-037b-4d39-812f-66db56af525a, raftlog=9127dd83-037b-4d39-812f-66db56af525a@group-BCADF287A12B-SegmentedRaftLog:OPENED:c-1,f-1,i0, conf=-1: [7fae3aed-4e76-4283-a599-f93f794625ab:192.168.34.21:41352, 58095e90-3010-492a-9083-43cf2e035c3f:192.168.34.21:45284, 9127dd83-037b-4d39-812f-66db56af525a:192.168.34.21:42063], old=null
2019-10-30 05:53:23,506 [9127dd83-037b-4d39-812f-66db56af525a@group-BCADF287A12B-LeaderElection161] INFO  impl.RaftServerImpl (RaftServerImpl.java:setRole(184)) - 9127dd83-037b-4d39-812f-66db56af525a@group-BCADF287A12B: changes role from CANDIDATE to FOLLOWER at term 176 for DISCOVERED_A_NEW_TERM
2019-10-30 05:53:23,506 [9127dd83-037b-4d39-812f-66db56af525a@group-BCADF287A12B-LeaderElection161] INFO  impl.RoleInfo (RoleInfo.java:shutdownLeaderElection(134)) - 9127dd83-037b-4d39-812f-66db56af525a: shutdown LeaderElection
2019-10-30 05:53:23,507 [9127dd83-037b-4d39-812f-66db56af525a@group-BCADF287A12B-LeaderElection161] INFO  impl.RoleInfo (RoleInfo.java:updateAndGet(143)) - 9127dd83-037b-4d39-812f-66db56af525a: start FollowerState
2019-10-30 05:53:23,652 [Thread-1300] INFO  impl.FollowerState (FollowerState.java:run(108)) - 9127dd83-037b-4d39-812f-66db56af525a@group-BCADF287A12B-FollowerState: change to CANDIDATE, lastRpcTime:145ms, electionTimeout:145ms
2019-10-30 05:53:23,652 [Thread-1300] INFO  impl.RoleInfo (RoleInfo.java:shutdownFollowerState(121)) - 9127dd83-037b-4d39-812f-66db56af525a: shutdown FollowerState
2019-10-30 05:53:23,652 [Thread-1300] INFO  impl.RaftServerImpl (RaftServerImpl.java:setRole(184)) - 9127dd83-037b-4d39-812f-66db56af525a@group-BCADF287A12B: changes role from  FOLLOWER to CANDIDATE at term 176 for changeToCandidate
2019-10-30 05:53:23,653 [Thread-1300] INFO  impl.RoleInfo (RoleInfo.java:updateAndGet(143)) - 9127dd83-037b-4d39-812f-66db56af525a: start LeaderElection
2019-10-30 05:53:23,676 [9127dd83-037b-4d39-812f-66db56af525a@group-BCADF287A12B-LeaderElection162] INFO  impl.LeaderElection (LeaderElection.java:askForVotes(178)) - 9127dd83-037b-4d39-812f-66db56af525a@group-BCADF287A12B-LeaderElection162: begin an election at term 177 for -1: [7fae3aed-4e76-4283-a599-f93f794625ab:192.168.34.21:41352, 58095e90-3010-492a-9083-43cf2e035c3f:192.168.34.21:45284, 9127dd83-037b-4d39-812f-66db56af525a:192.168.34.21:42063], old=null
2019-10-30 05:53:23,679 [grpc-default-executor-2] INFO  impl.RaftServerImpl (RaftServerImpl.java:setRole(184)) - 58095e90-3010-492a-9083-43cf2e035c3f@group-BCADF287A12B: changes role from  FOLLOWER to FOLLOWER at term 177 for recognizeCandidate:9127dd83-037b-4d39-812f-66db56af525a
2019-10-30 05:53:23,679 [grpc-default-executor-2] INFO  impl.RoleInfo (RoleInfo.java:shutdownFollowerState(121)) - 58095e90-3010-492a-9083-43cf2e035c3f: shutdown FollowerState
2019-10-30 05:53:23,679 [grpc-default-executor-1] INFO  impl.RaftServerImpl (RaftServerImpl.java:setRole(184)) - 7fae3aed-4e76-4283-a599-f93f794625ab@group-BCADF287A12B: changes role from  FOLLOWER to FOLLOWER at term 177 for recognizeCandidate:9127dd83-037b-4d39-812f-66db56af525a
2019-10-30 05:53:23,679 [Thread-1298] INFO  impl.FollowerState (FollowerState.java:run(117)) - 58095e90-3010-492a-9083-43cf2e035c3f@group-BCADF287A12B-FollowerState was interrupted: java.lang.InterruptedException: sleep interrupted
2019-10-30 05:53:23,679 [grpc-default-executor-2] INFO  impl.RoleInfo (RoleInfo.java:updateAndGet(143)) - 58095e90-3010-492a-9083-43cf2e035c3f: start FollowerState
2019-10-30 05:53:23,679 [grpc-default-executor-1] INFO  impl.RoleInfo (RoleInfo.java:shutdownFollowerState(121)) - 7fae3aed-4e76-4283-a599-f93f794625ab: shutdown FollowerState
2019-10-30 05:53:23,680 [grpc-default-executor-1] INFO  impl.RoleInfo (RoleInfo.java:updateAndGet(143)) - 7fae3aed-4e76-4283-a599-f93f794625ab: start FollowerState
2019-10-30 05:53:23,680 [Thread-1299] INFO  impl.FollowerState (FollowerState.java:run(117)) - 7fae3aed-4e76-4283-a599-f93f794625ab@group-BCADF287A12B-FollowerState was interrupted: java.lang.InterruptedException: sleep interrupted
2019-10-30 05:53:23,695 [9127dd83-037b-4d39-812f-66db56af525a@group-BCADF287A12B-LeaderElection162] INFO  impl.LeaderElection (LeaderElection.java:logAndReturn(56)) - 9127dd83-037b-4d39-812f-66db56af525a@group-BCADF287A12B-LeaderElection162: Election REJECTED; received 2 response(s) [9127dd83-037b-4d39-812f-66db56af525a<-7fae3aed-4e76-4283-a599-f93f794625ab#0:FAIL-t177, 9127dd83-037b-4d39-812f-66db56af525a<-58095e90-3010-492a-9083-43cf2e035c3f#0:FAIL-t177] and 0 exception(s); 9127dd83-037b-4d39-812f-66db56af525a@group-BCADF287A12B:t177, leader=null, voted=9127dd83-037b-4d39-812f-66db56af525a, raftlog=9127dd83-037b-4d39-812f-66db56af525a@group-BCADF287A12B-SegmentedRaftLog:OPENED:c-1,f-1,i0, conf=-1: [7fae3aed-4e76-4283-a599-f93f794625ab:192.168.34.21:41352, 58095e90-3010-492a-9083-43cf2e035c3f:192.168.34.21:45284, 9127dd83-037b-4d39-812f-66db56af525a:192.168.34.21:42063], old=null
2019-10-30 05:53:23,695 [9127dd83-037b-4d39-812f-66db56af525a@group-BCADF287A12B-LeaderElection162] INFO  impl.RaftServerImpl (RaftServerImpl.java:setRole(184)) - 9127dd83-037b-4d39-812f-66db56af525a@group-BCADF287A12B: changes role from CANDIDATE to FOLLOWER at term 177 for DISCOVERED_A_NEW_TERM
2019-10-30 05:53:23,695 [9127dd83-037b-4d39-812f-66db56af525a@group-BCADF287A12B-LeaderElection162] INFO  impl.RoleInfo (RoleInfo.java:shutdownLeaderElection(134)) - 9127dd83-037b-4d39-812f-66db56af525a: shutdown LeaderElection
2019-10-30 05:53:23,695 [9127dd83-037b-4d39-812f-66db56af525a@group-BCADF287A12B-LeaderElection162] INFO  impl.RoleInfo (RoleInfo.java:updateAndGet(143)) - 9127dd83-037b-4d39-812f-66db56af525a: start FollowerState
2019-10-30 05:53:23,776 [Thread-1306] INFO  impl.FollowerState (FollowerState.java:run(108)) - 9127dd83-037b-4d39-812f-66db56af525a@group-BCADF287A12B-FollowerState: change to CANDIDATE, lastRpcTime:81ms, electionTimeout:81ms
2019-10-30 05:53:23,777 [Thread-1306] INFO  impl.RoleInfo (RoleInfo.java:shutdownFollowerState(121)) - 9127dd83-037b-4d39-812f-66db56af525a: shutdown FollowerState
2019-10-30 05:53:23,777 [Thread-1306] INFO  impl.RaftServerImpl (RaftServerImpl.java:setRole(184)) - 9127dd83-037b-4d39-812f-66db56af525a@group-BCADF287A12B: changes role from  FOLLOWER to CANDIDATE at term 177 for changeToCandidate
2019-10-30 05:53:23,777 [Thread-1306] INFO  impl.RoleInfo (RoleInfo.java:updateAndGet(143)) - 9127dd83-037b-4d39-812f-66db56af525a: start LeaderElection
2019-10-30 05:53:23,791 [9127dd83-037b-4d39-812f-66db56af525a@group-BCADF287A12B-LeaderElection163] INFO  impl.LeaderElection (LeaderElection.java:askForVotes(178)) - 9127dd83-037b-4d39-812f-66db56af525a@group-BCADF287A12B-LeaderElection163: begin an election at term 178 for -1: [7fae3aed-4e76-4283-a599-f93f794625ab:192.168.34.21:41352, 58095e90-3010-492a-9083-43cf2e035c3f:192.168.34.21:45284, 9127dd83-037b-4d39-812f-66db56af525a:192.168.34.21:42063], old=null
2019-10-30 05:53:23,794 [grpc-default-executor-1] INFO  impl.RaftServerImpl (RaftServerImpl.java:setRole(184)) - 58095e90-3010-492a-9083-43cf2e035c3f@group-BCADF287A12B: changes role from  FOLLOWER to FOLLOWER at term 178 for recognizeCandidate:9127dd83-037b-4d39-812f-66db56af525a
2019-10-30 05:53:23,794 [grpc-default-executor-1] INFO  impl.RoleInfo (RoleInfo.java:shutdownFollowerState(121)) - 58095e90-3010-492a-9083-43cf2e035c3f: shutdown FollowerState
2019-10-30 05:53:23,794 [grpc-default-executor-2] INFO  impl.RaftServerImpl (RaftServerImpl.java:setRole(184)) - 7fae3aed-4e76-4283-a599-f93f794625ab@group-BCADF287A12B: changes role from  FOLLOWER to FOLLOWER at term 178 for recognizeCandidate:9127dd83-037b-4d39-812f-66db56af525a
2019-10-30 05:53:23,794 [Thread-1304] INFO  impl.FollowerState (FollowerState.java:run(117)) - 58095e90-3010-492a-9083-43cf2e035c3f@group-BCADF287A12B-FollowerState was interrupted: java.lang.InterruptedException: sleep interrupted
2019-10-30 05:53:23,794 [grpc-default-executor-1] INFO  impl.RoleInfo (RoleInfo.java:updateAndGet(143)) - 58095e90-3010-492a-9083-43cf2e035c3f: start FollowerState
2019-10-30 05:53:23,794 [grpc-default-executor-2] INFO  impl.RoleInfo (RoleInfo.java:shutdownFollowerState(121)) - 7fae3aed-4e76-4283-a599-f93f794625ab: shutdown FollowerState
2019-10-30 05:53:23,795 [grpc-default-executor-2] INFO  impl.RoleInfo (RoleInfo.java:updateAndGet(143)) - 7fae3aed-4e76-4283-a599-f93f794625ab: start FollowerState
2019-10-30 05:53:23,795 [Thread-1305] INFO  impl.FollowerState (FollowerState.java:run(117)) - 7fae3aed-4e76-4283-a599-f93f794625ab@group-BCADF287A12B-FollowerState was interrupted: java.lang.InterruptedException: sleep interrupted
2019-10-30 05:53:23,809 [9127dd83-037b-4d39-812f-66db56af525a@group-BCADF287A12B-LeaderElection163] INFO  impl.LeaderElection (LeaderElection.java:logAndReturn(56)) - 9127dd83-037b-4d39-812f-66db56af525a@group-BCADF287A12B-LeaderElection163: Election REJECTED; received 2 response(s) [9127dd83-037b-4d39-812f-66db56af525a<-7fae3aed-4e76-4283-a599-f93f794625ab#0:FAIL-t178, 9127dd83-037b-4d39-812f-66db56af525a<-58095e90-3010-492a-9083-43cf2e035c3f#0:FAIL-t178] and 0 exception(s); 9127dd83-037b-4d39-812f-66db56af525a@group-BCADF287A12B:t178, leader=null, voted=9127dd83-037b-4d39-812f-66db56af525a, raftlog=9127dd83-037b-4d39-812f-66db56af525a@group-BCADF287A12B-SegmentedRaftLog:OPENED:c-1,f-1,i0, conf=-1: [7fae3aed-4e76-4283-a599-f93f794625ab:192.168.34.21:41352, 58095e90-3010-492a-9083-43cf2e035c3f:192.168.34.21:45284, 9127dd83-037b-4d39-812f-66db56af525a:192.168.34.21:42063], old=null
2019-10-30 05:53:23,809 [9127dd83-037b-4d39-812f-66db56af525a@group-BCADF287A12B-LeaderElection163] INFO  impl.RaftServerImpl (RaftServerImpl.java:setRole(184)) - 9127dd83-037b-4d39-812f-66db56af525a@group-BCADF287A12B: changes role from CANDIDATE to FOLLOWER at term 178 for DISCOVERED_A_NEW_TERM
2019-10-30 05:53:23,809 [9127dd83-037b-4d39-812f-66db56af525a@group-BCADF287A12B-LeaderElection163] INFO  impl.RoleInfo (RoleInfo.java:shutdownLeaderElection(134)) - 9127dd83-037b-4d39-812f-66db56af525a: shutdown LeaderElection
2019-10-30 05:53:23,810 [9127dd83-037b-4d39-812f-66db56af525a@group-BCADF287A12B-LeaderElection163] INFO  impl.RoleInfo (RoleInfo.java:updateAndGet(143)) - 9127dd83-037b-4d39-812f-66db56af525a: start FollowerState
2019-10-30 05:53:23,953 [Thread-1312] INFO  impl.FollowerState (FollowerState.java:run(108)) - 9127dd83-037b-4d39-812f-66db56af525a@group-BCADF287A12B-FollowerState: change to CANDIDATE, lastRpcTime:143ms, electionTimeout:143ms
2019-10-30 05:53:23,953 [Thread-1312] INFO  impl.RoleInfo (RoleInfo.java:shutdownFollowerState(121)) - 9127dd83-037b-4d39-812f-66db56af525a: shutdown FollowerState
2019-10-30 05:53:23,953 [Thread-1312] INFO  impl.RaftServerImpl (RaftServerImpl.java:setRole(184)) - 9127dd83-037b-4d39-812f-66db56af525a@group-BCADF287A12B: changes role from  FOLLOWER to CANDIDATE at term 178 for changeToCandidate
2019-10-30 05:53:23,954 [Thread-1312] INFO  impl.RoleInfo (RoleInfo.java:updateAndGet(143)) - 9127dd83-037b-4d39-812f-66db56af525a: start LeaderElection
2019-10-30 05:53:23,968 [9127dd83-037b-4d39-812f-66db56af525a@group-BCADF287A12B-LeaderElection164] INFO  impl.LeaderElection (LeaderElection.java:askForVotes(178)) - 9127dd83-037b-4d39-812f-66db56af525a@group-BCADF287A12B-LeaderElection164: begin an election at term 179 for -1: [7fae3aed-4e76-4283-a599-f93f794625ab:192.168.34.21:41352, 58095e90-3010-492a-9083-43cf2e035c3f:192.168.34.21:45284, 9127dd83-037b-4d39-812f-66db56af525a:192.168.34.21:42063], old=null
2019-10-30 05:53:23,970 [grpc-default-executor-1] INFO  impl.RaftServerImpl (RaftServerImpl.java:setRole(184)) - 58095e90-3010-492a-9083-43cf2e035c3f@group-BCADF287A12B: changes role from  FOLLOWER to FOLLOWER at term 179 for recognizeCandidate:9127dd83-037b-4d39-812f-66db56af525a
2019-10-30 05:53:23,971 [grpc-default-executor-1] INFO  impl.RoleInfo (RoleInfo.java:shutdownFollowerState(121)) - 58095e90-3010-492a-9083-43cf2e035c3f: shutdown FollowerState
2019-10-30 05:53:23,970 [grpc-default-executor-2] INFO  impl.RaftServerImpl (RaftServerImpl.java:setRole(184)) - 7fae3aed-4e76-4283-a599-f93f794625ab@group-BCADF287A12B: changes role from  FOLLOWER to FOLLOWER at term 179 for recognizeCandidate:9127dd83-037b-4d39-812f-66db56af525a
2019-10-30 05:53:23,971 [Thread-1310] INFO  impl.FollowerState (FollowerState.java:run(117)) - 58095e90-3010-492a-9083-43cf2e035c3f@group-BCADF287A12B-FollowerState was interrupted: java.lang.InterruptedException: sleep interrupted
2019-10-30 05:53:23,971 [grpc-default-executor-1] INFO  impl.RoleInfo (RoleInfo.java:updateAndGet(143)) - 58095e90-3010-492a-9083-43cf2e035c3f: start FollowerState
2019-10-30 05:53:23,971 [grpc-default-executor-2] INFO  impl.RoleInfo (RoleInfo.java:shutdownFollowerState(121)) - 7fae3aed-4e76-4283-a599-f93f794625ab: shutdown FollowerState
2019-10-30 05:53:23,971 [grpc-default-executor-2] INFO  impl.RoleInfo (RoleInfo.java:updateAndGet(143)) - 7fae3aed-4e76-4283-a599-f93f794625ab: start FollowerState
2019-10-30 05:53:23,971 [Thread-1311] INFO  impl.FollowerState (FollowerState.java:run(117)) - 7fae3aed-4e76-4283-a599-f93f794625ab@group-BCADF287A12B-FollowerState was interrupted: java.lang.InterruptedException: sleep interrupted
2019-10-30 05:53:23,985 [9127dd83-037b-4d39-812f-66db56af525a@group-BCADF287A12B-LeaderElection164] INFO  impl.LeaderElection (LeaderElection.java:logAndReturn(56)) - 9127dd83-037b-4d39-812f-66db56af525a@group-BCADF287A12B-LeaderElection164: Election REJECTED; received 2 response(s) [9127dd83-037b-4d39-812f-66db56af525a<-7fae3aed-4e76-4283-a599-f93f794625ab#0:FAIL-t179, 9127dd83-037b-4d39-812f-66db56af525a<-58095e90-3010-492a-9083-43cf2e035c3f#0:FAIL-t179] and 0 exception(s); 9127dd83-037b-4d39-812f-66db56af525a@group-BCADF287A12B:t179, leader=null, voted=9127dd83-037b-4d39-812f-66db56af525a, raftlog=9127dd83-037b-4d39-812f-66db56af525a@group-BCADF287A12B-SegmentedRaftLog:OPENED:c-1,f-1,i0, conf=-1: [7fae3aed-4e76-4283-a599-f93f794625ab:192.168.34.21:41352, 58095e90-3010-492a-9083-43cf2e035c3f:192.168.34.21:45284, 9127dd83-037b-4d39-812f-66db56af525a:192.168.34.21:42063], old=null
2019-10-30 05:53:23,985 [9127dd83-037b-4d39-812f-66db56af525a@group-BCADF287A12B-LeaderElection164] INFO  impl.RaftServerImpl (RaftServerImpl.java:setRole(184)) - 9127dd83-037b-4d39-812f-66db56af525a@group-BCADF287A12B: changes role from CANDIDATE to FOLLOWER at term 179 for DISCOVERED_A_NEW_TERM
2019-10-30 05:53:23,985 [9127dd83-037b-4d39-812f-66db56af525a@group-BCADF287A12B-LeaderElection164] INFO  impl.RoleInfo (RoleInfo.java:shutdownLeaderElection(134)) - 9127dd83-037b-4d39-812f-66db56af525a: shutdown LeaderElection
2019-10-30 05:53:23,986 [9127dd83-037b-4d39-812f-66db56af525a@group-BCADF287A12B-LeaderElection164] INFO  impl.RoleInfo (RoleInfo.java:updateAndGet(143)) - 9127dd83-037b-4d39-812f-66db56af525a: start FollowerState
2019-10-30 05:53:24,014 [Thread-1318] INFO  impl.FollowerState (FollowerState.java:run(108)) - 9127dd83-037b-4d39-812f-66db56af525a@group-BCADF287A12B-FollowerState: change to CANDIDATE, lastRpcTime:28ms, electionTimeout:28ms
2019-10-30 05:53:24,014 [Thread-1318] INFO  impl.RoleInfo (RoleInfo.java:shutdownFollowerState(121)) - 9127dd83-037b-4d39-812f-66db56af525a: shutdown FollowerState
2019-10-30 05:53:24,014 [Thread-1318] INFO  impl.RaftServerImpl (RaftServerImpl.java:setRole(184)) - 9127dd83-037b-4d39-812f-66db56af525a@group-BCADF287A12B: changes role from  FOLLOWER to CANDIDATE at term 179 for changeToCandidate
2019-10-30 05:53:24,015 [Thread-1318] INFO  impl.RoleInfo (RoleInfo.java:updateAndGet(143)) - 9127dd83-037b-4d39-812f-66db56af525a: start LeaderElection
2019-10-30 05:53:24,028 [9127dd83-037b-4d39-812f-66db56af525a@group-BCADF287A12B-LeaderElection165] INFO  impl.LeaderElection (LeaderElection.java:askForVotes(178)) - 9127dd83-037b-4d39-812f-66db56af525a@group-BCADF287A12B-LeaderElection165: begin an election at term 180 for -1: [7fae3aed-4e76-4283-a599-f93f794625ab:192.168.34.21:41352, 58095e90-3010-492a-9083-43cf2e035c3f:192.168.34.21:45284, 9127dd83-037b-4d39-812f-66db56af525a:192.168.34.21:42063], old=null
2019-10-30 05:53:24,030 [grpc-default-executor-1] INFO  impl.RaftServerImpl (RaftServerImpl.java:setRole(184)) - 58095e90-3010-492a-9083-43cf2e035c3f@group-BCADF287A12B: changes role from  FOLLOWER to FOLLOWER at term 180 for recognizeCandidate:9127dd83-037b-4d39-812f-66db56af525a
2019-10-30 05:53:24,030 [grpc-default-executor-1] INFO  impl.RoleInfo (RoleInfo.java:shutdownFollowerState(121)) - 58095e90-3010-492a-9083-43cf2e035c3f: shutdown FollowerState
2019-10-30 05:53:24,030 [grpc-default-executor-2] INFO  impl.RaftServerImpl (RaftServerImpl.java:setRole(184)) - 7fae3aed-4e76-4283-a599-f93f794625ab@group-BCADF287A12B: changes role from  FOLLOWER to FOLLOWER at term 180 for recognizeCandidate:9127dd83-037b-4d39-812f-66db56af525a
2019-10-30 05:53:24,031 [Thread-1316] INFO  impl.FollowerState (FollowerState.java:run(117)) - 58095e90-3010-492a-9083-43cf2e035c3f@group-BCADF287A12B-FollowerState was interrupted: java.lang.InterruptedException: sleep interrupted
2019-10-30 05:53:24,031 [grpc-default-executor-1] INFO  impl.RoleInfo (RoleInfo.java:updateAndGet(143)) - 58095e90-3010-492a-9083-43cf2e035c3f: start FollowerState
2019-10-30 05:53:24,031 [grpc-default-executor-2] INFO  impl.RoleInfo (RoleInfo.java:shutdownFollowerState(121)) - 7fae3aed-4e76-4283-a599-f93f794625ab: shutdown FollowerState
2019-10-30 05:53:24,031 [grpc-default-executor-2] INFO  impl.RoleInfo (RoleInfo.java:updateAndGet(143)) - 7fae3aed-4e76-4283-a599-f93f794625ab: start FollowerState
2019-10-30 05:53:24,031 [Thread-1317] INFO  impl.FollowerState (FollowerState.java:run(117)) - 7fae3aed-4e76-4283-a599-f93f794625ab@group-BCADF287A12B-FollowerState was interrupted: java.lang.InterruptedException: sleep interrupted
2019-10-30 05:53:24,045 [9127dd83-037b-4d39-812f-66db56af525a@group-BCADF287A12B-LeaderElection165] INFO  impl.LeaderElection (LeaderElection.java:logAndReturn(56)) - 9127dd83-037b-4d39-812f-66db56af525a@group-BCADF287A12B-LeaderElection165: Election REJECTED; received 2 response(s) [9127dd83-037b-4d39-812f-66db56af525a<-7fae3aed-4e76-4283-a599-f93f794625ab#0:FAIL-t180, 9127dd83-037b-4d39-812f-66db56af525a<-58095e90-3010-492a-9083-43cf2e035c3f#0:FAIL-t180] and 0 exception(s); 9127dd83-037b-4d39-812f-66db56af525a@group-BCADF287A12B:t180, leader=null, voted=9127dd83-037b-4d39-812f-66db56af525a, raftlog=9127dd83-037b-4d39-812f-66db56af525a@group-BCADF287A12B-SegmentedRaftLog:OPENED:c-1,f-1,i0, conf=-1: [7fae3aed-4e76-4283-a599-f93f794625ab:192.168.34.21:41352, 58095e90-3010-492a-9083-43cf2e035c3f:192.168.34.21:45284, 9127dd83-037b-4d39-812f-66db56af525a:192.168.34.21:42063], old=null
2019-10-30 05:53:24,046 [9127dd83-037b-4d39-812f-66db56af525a@group-BCADF287A12B-LeaderElection165] INFO  impl.RaftServerImpl (RaftServerImpl.java:setRole(184)) - 9127dd83-037b-4d39-812f-66db56af525a@group-BCADF287A12B: changes role from CANDIDATE to FOLLOWER at term 180 for DISCOVERED_A_NEW_TERM
2019-10-30 05:53:24,046 [9127dd83-037b-4d39-812f-66db56af525a@group-BCADF287A12B-LeaderElection165] INFO  impl.RoleInfo (RoleInfo.java:shutdownLeaderElection(134)) - 9127dd83-037b-4d39-812f-66db56af525a: shutdown LeaderElection
2019-10-30 05:53:24,046 [9127dd83-037b-4d39-812f-66db56af525a@group-BCADF287A12B-LeaderElection165] INFO  impl.RoleInfo (RoleInfo.java:updateAndGet(143)) - 9127dd83-037b-4d39-812f-66db56af525a: start FollowerState
2019-10-30 05:53:24,175 [Thread-1324] INFO  impl.FollowerState (FollowerState.java:run(108)) - 9127dd83-037b-4d39-812f-66db56af525a@group-BCADF287A12B-FollowerState: change to CANDIDATE, lastRpcTime:129ms, electionTimeout:129ms
2019-10-30 05:53:24,175 [Thread-1324] INFO  impl.RoleInfo (RoleInfo.java:shutdownFollowerState(121)) - 9127dd83-037b-4d39-812f-66db56af525a: shutdown FollowerState
2019-10-30 05:53:24,175 [Thread-1324] INFO  impl.RaftServerImpl (RaftServerImpl.java:setRole(184)) - 9127dd83-037b-4d39-812f-66db56af525a@group-BCADF287A12B: changes role from  FOLLOWER to CANDIDATE at term 180 for changeToCandidate
2019-10-30 05:53:24,175 [Thread-1324] INFO  impl.RoleInfo (RoleInfo.java:updateAndGet(143)) - 9127dd83-037b-4d39-812f-66db56af525a: start LeaderElection
2019-10-30 05:53:24,189 [9127dd83-037b-4d39-812f-66db56af525a@group-BCADF287A12B-LeaderElection166] INFO  impl.LeaderElection (LeaderElection.java:askForVotes(178)) - 9127dd83-037b-4d39-812f-66db56af525a@group-BCADF287A12B-LeaderElection166: begin an election at term 181 for -1: [7fae3aed-4e76-4283-a599-f93f794625ab:192.168.34.21:41352, 58095e90-3010-492a-9083-43cf2e035c3f:192.168.34.21:45284, 9127dd83-037b-4d39-812f-66db56af525a:192.168.34.21:42063], old=null
2019-10-30 05:53:24,191 [grpc-default-executor-1] INFO  impl.RaftServerImpl (RaftServerImpl.java:setRole(184)) - 58095e90-3010-492a-9083-43cf2e035c3f@group-BCADF287A12B: changes role from  FOLLOWER to FOLLOWER at term 181 for recognizeCandidate:9127dd83-037b-4d39-812f-66db56af525a
2019-10-30 05:53:24,191 [grpc-default-executor-2] INFO  impl.RaftServerImpl (RaftServerImpl.java:setRole(184)) - 7fae3aed-4e76-4283-a599-f93f794625ab@group-BCADF287A12B: changes role from  FOLLOWER to FOLLOWER at term 181 for recognizeCandidate:9127dd83-037b-4d39-812f-66db56af525a
2019-10-30 05:53:24,191 [grpc-default-executor-1] INFO  impl.RoleInfo (RoleInfo.java:shutdownFollowerState(121)) - 58095e90-3010-492a-9083-43cf2e035c3f: shutdown FollowerState
2019-10-30 05:53:24,191 [grpc-default-executor-2] INFO  impl.RoleInfo (RoleInfo.java:shutdownFollowerState(121)) - 7fae3aed-4e76-4283-a599-f93f794625ab: shutdown FollowerState
2019-10-30 05:53:24,191 [Thread-1322] INFO  impl.FollowerState (FollowerState.java:run(117)) - 58095e90-3010-492a-9083-43cf2e035c3f@group-BCADF287A12B-FollowerState was interrupted: java.lang.InterruptedException: sleep interrupted
2019-10-30 05:53:24,191 [grpc-default-executor-1] INFO  impl.RoleInfo (RoleInfo.java:updateAndGet(143)) - 58095e90-3010-492a-9083-43cf2e035c3f: start FollowerState
2019-10-30 05:53:24,192 [Thread-1323] INFO  impl.FollowerState (FollowerState.java:run(117)) - 7fae3aed-4e76-4283-a599-f93f794625ab@group-BCADF287A12B-FollowerState was interrupted: java.lang.InterruptedException: sleep interrupted
2019-10-30 05:53:24,192 [grpc-default-executor-2] INFO  impl.RoleInfo (RoleInfo.java:updateAndGet(143)) - 7fae3aed-4e76-4283-a599-f93f794625ab: start FollowerState
2019-10-30 05:53:24,206 [9127dd83-037b-4d39-812f-66db56af525a@group-BCADF287A12B-LeaderElection166] INFO  impl.LeaderElection (LeaderElection.java:logAndReturn(56)) - 9127dd83-037b-4d39-812f-66db56af525a@group-BCADF287A12B-LeaderElection166: Election REJECTED; received 2 response(s) [9127dd83-037b-4d39-812f-66db56af525a<-7fae3aed-4e76-4283-a599-f93f794625ab#0:FAIL-t181, 9127dd83-037b-4d39-812f-66db56af525a<-58095e90-3010-492a-9083-43cf2e035c3f#0:FAIL-t181] and 0 exception(s); 9127dd83-037b-4d39-812f-66db56af525a@group-BCADF287A12B:t181, leader=null, voted=9127dd83-037b-4d39-812f-66db56af525a, raftlog=9127dd83-037b-4d39-812f-66db56af525a@group-BCADF287A12B-SegmentedRaftLog:OPENED:c-1,f-1,i0, conf=-1: [7fae3aed-4e76-4283-a599-f93f794625ab:192.168.34.21:41352, 58095e90-3010-492a-9083-43cf2e035c3f:192.168.34.21:45284, 9127dd83-037b-4d39-812f-66db56af525a:192.168.34.21:42063], old=null
2019-10-30 05:53:24,206 [9127dd83-037b-4d39-812f-66db56af525a@group-BCADF287A12B-LeaderElection166] INFO  impl.RaftServerImpl (RaftServerImpl.java:setRole(184)) - 9127dd83-037b-4d39-812f-66db56af525a@group-BCADF287A12B: changes role from CANDIDATE to FOLLOWER at term 181 for DISCOVERED_A_NEW_TERM
2019-10-30 05:53:24,207 [9127dd83-037b-4d39-812f-66db56af525a@group-BCADF287A12B-LeaderElection166] INFO  impl.RoleInfo (RoleInfo.java:shutdownLeaderElection(134)) - 9127dd83-037b-4d39-812f-66db56af525a: shutdown LeaderElection
2019-10-30 05:53:24,207 [9127dd83-037b-4d39-812f-66db56af525a@group-BCADF287A12B-LeaderElection166] INFO  impl.RoleInfo (RoleInfo.java:updateAndGet(143)) - 9127dd83-037b-4d39-812f-66db56af525a: start FollowerState
2019-10-30 05:53:24,316 [Thread-1332] INFO  impl.FollowerState (FollowerState.java:run(108)) - 9127dd83-037b-4d39-812f-66db56af525a@group-BCADF287A12B-FollowerState: change to CANDIDATE, lastRpcTime:109ms, electionTimeout:109ms
2019-10-30 05:53:24,316 [Thread-1332] INFO  impl.RoleInfo (RoleInfo.java:shutdownFollowerState(121)) - 9127dd83-037b-4d39-812f-66db56af525a: shutdown FollowerState
2019-10-30 05:53:24,317 [Thread-1332] INFO  impl.RaftServerImpl (RaftServerImpl.java:setRole(184)) - 9127dd83-037b-4d39-812f-66db56af525a@group-BCADF287A12B: changes role from  FOLLOWER to CANDIDATE at term 181 for changeToCandidate
2019-10-30 05:53:24,317 [Thread-1332] INFO  impl.RoleInfo (RoleInfo.java:updateAndGet(143)) - 9127dd83-037b-4d39-812f-66db56af525a: start LeaderElection
2019-10-30 05:53:24,331 [9127dd83-037b-4d39-812f-66db56af525a@group-BCADF287A12B-LeaderElection167] INFO  impl.LeaderElection (LeaderElection.java:askForVotes(178)) - 9127dd83-037b-4d39-812f-66db56af525a@group-BCADF287A12B-LeaderElection167: begin an election at term 182 for -1: [7fae3aed-4e76-4283-a599-f93f794625ab:192.168.34.21:41352, 58095e90-3010-492a-9083-43cf2e035c3f:192.168.34.21:45284, 9127dd83-037b-4d39-812f-66db56af525a:192.168.34.21:42063], old=null
2019-10-30 05:53:24,333 [grpc-default-executor-1] INFO  impl.RaftServerImpl (RaftServerImpl.java:setRole(184)) - 58095e90-3010-492a-9083-43cf2e035c3f@group-BCADF287A12B: changes role from  FOLLOWER to FOLLOWER at term 182 for recognizeCandidate:9127dd83-037b-4d39-812f-66db56af525a
2019-10-30 05:53:24,333 [grpc-default-executor-1] INFO  impl.RoleInfo (RoleInfo.java:shutdownFollowerState(121)) - 58095e90-3010-492a-9083-43cf2e035c3f: shutdown FollowerState
2019-10-30 05:53:24,333 [grpc-default-executor-2] INFO  impl.RaftServerImpl (RaftServerImpl.java:setRole(184)) - 7fae3aed-4e76-4283-a599-f93f794625ab@group-BCADF287A12B: changes role from  FOLLOWER to FOLLOWER at term 182 for recognizeCandidate:9127dd83-037b-4d39-812f-66db56af525a
2019-10-30 05:53:24,334 [grpc-default-executor-2] INFO  impl.RoleInfo (RoleInfo.java:shutdownFollowerState(121)) - 7fae3aed-4e76-4283-a599-f93f794625ab: shutdown FollowerState
2019-10-30 05:53:24,334 [Thread-1330] INFO  impl.FollowerState (FollowerState.java:run(117)) - 58095e90-3010-492a-9083-43cf2e035c3f@group-BCADF287A12B-FollowerState was interrupted: java.lang.InterruptedException: sleep interrupted
2019-10-30 05:53:24,334 [Thread-1331] INFO  impl.FollowerState (FollowerState.java:run(117)) - 7fae3aed-4e76-4283-a599-f93f794625ab@group-BCADF287A12B-FollowerState was interrupted: java.lang.InterruptedException: sleep interrupted
2019-10-30 05:53:24,333 [grpc-default-executor-1] INFO  impl.RoleInfo (RoleInfo.java:updateAndGet(143)) - 58095e90-3010-492a-9083-43cf2e035c3f: start FollowerState
2019-10-30 05:53:24,334 [grpc-default-executor-2] INFO  impl.RoleInfo (RoleInfo.java:updateAndGet(143)) - 7fae3aed-4e76-4283-a599-f93f794625ab: start FollowerState
2019-10-30 05:53:24,349 [9127dd83-037b-4d39-812f-66db56af525a@group-BCADF287A12B-LeaderElection167] INFO  impl.LeaderElection (LeaderElection.java:logAndReturn(56)) - 9127dd83-037b-4d39-812f-66db56af525a@group-BCADF287A12B-LeaderElection167: Election REJECTED; received 2 response(s) [9127dd83-037b-4d39-812f-66db56af525a<-7fae3aed-4e76-4283-a599-f93f794625ab#0:FAIL-t182, 9127dd83-037b-4d39-812f-66db56af525a<-58095e90-3010-492a-9083-43cf2e035c3f#0:FAIL-t182] and 0 exception(s); 9127dd83-037b-4d39-812f-66db56af525a@group-BCADF287A12B:t182, leader=null, voted=9127dd83-037b-4d39-812f-66db56af525a, raftlog=9127dd83-037b-4d39-812f-66db56af525a@group-BCADF287A12B-SegmentedRaftLog:OPENED:c-1,f-1,i0, conf=-1: [7fae3aed-4e76-4283-a599-f93f794625ab:192.168.34.21:41352, 58095e90-3010-492a-9083-43cf2e035c3f:192.168.34.21:45284, 9127dd83-037b-4d39-812f-66db56af525a:192.168.34.21:42063], old=null
2019-10-30 05:53:24,349 [9127dd83-037b-4d39-812f-66db56af525a@group-BCADF287A12B-LeaderElection167] INFO  impl.RaftServerImpl (RaftServerImpl.java:setRole(184)) - 9127dd83-037b-4d39-812f-66db56af525a@group-BCADF287A12B: changes role from CANDIDATE to FOLLOWER at term 182 for DISCOVERED_A_NEW_TERM
2019-10-30 05:53:24,349 [9127dd83-037b-4d39-812f-66db56af525a@group-BCADF287A12B-LeaderElection167] INFO  impl.RoleInfo (RoleInfo.java:shutdownLeaderElection(134)) - 9127dd83-037b-4d39-812f-66db56af525a: shutdown LeaderElection
2019-10-30 05:53:24,349 [9127dd83-037b-4d39-812f-66db56af525a@group-BCADF287A12B-LeaderElection167] INFO  impl.RoleInfo (RoleInfo.java:updateAndGet(143)) - 9127dd83-037b-4d39-812f-66db56af525a: start FollowerState
2019-10-30 05:53:24,386 [Thread-1338] INFO  impl.FollowerState (FollowerState.java:run(108)) - 9127dd83-037b-4d39-812f-66db56af525a@group-BCADF287A12B-FollowerState: change to CANDIDATE, lastRpcTime:36ms, electionTimeout:36ms
2019-10-30 05:53:24,386 [Thread-1338] INFO  impl.RoleInfo (RoleInfo.java:shutdownFollowerState(121)) - 9127dd83-037b-4d39-812f-66db56af525a: shutdown FollowerState
2019-10-30 05:53:24,386 [Thread-1338] INFO  impl.RaftServerImpl (RaftServerImpl.java:setRole(184)) - 9127dd83-037b-4d39-812f-66db56af525a@group-BCADF287A12B: changes role from  FOLLOWER to CANDIDATE at term 182 for changeToCandidate
2019-10-30 05:53:24,386 [Thread-1338] INFO  impl.RoleInfo (RoleInfo.java:updateAndGet(143)) - 9127dd83-037b-4d39-812f-66db56af525a: start LeaderElection
2019-10-30 05:53:24,400 [9127dd83-037b-4d39-812f-66db56af525a@group-BCADF287A12B-LeaderElection168] INFO  impl.LeaderElection (LeaderElection.java:askForVotes(178)) - 9127dd83-037b-4d39-812f-66db56af525a@group-BCADF287A12B-LeaderElection168: begin an election at term 183 for -1: [7fae3aed-4e76-4283-a599-f93f794625ab:192.168.34.21:41352, 58095e90-3010-492a-9083-43cf2e035c3f:192.168.34.21:45284, 9127dd83-037b-4d39-812f-66db56af525a:192.168.34.21:42063], old=null
2019-10-30 05:53:24,402 [grpc-default-executor-2] INFO  impl.RaftServerImpl (RaftServerImpl.java:setRole(184)) - 7fae3aed-4e76-4283-a599-f93f794625ab@group-BCADF287A12B: changes role from  FOLLOWER to FOLLOWER at term 183 for recognizeCandidate:9127dd83-037b-4d39-812f-66db56af525a
2019-10-30 05:53:24,402 [grpc-default-executor-2] INFO  impl.RoleInfo (RoleInfo.java:shutdownFollowerState(121)) - 7fae3aed-4e76-4283-a599-f93f794625ab: shutdown FollowerState
2019-10-30 05:53:24,402 [grpc-default-executor-1] INFO  impl.RaftServerImpl (RaftServerImpl.java:setRole(184)) - 58095e90-3010-492a-9083-43cf2e035c3f@group-BCADF287A12B: changes role from  FOLLOWER to FOLLOWER at term 183 for recognizeCandidate:9127dd83-037b-4d39-812f-66db56af525a
2019-10-30 05:53:24,402 [Thread-1337] INFO  impl.FollowerState (FollowerState.java:run(117)) - 7fae3aed-4e76-4283-a599-f93f794625ab@group-BCADF287A12B-FollowerState was interrupted: java.lang.InterruptedException: sleep interrupted
2019-10-30 05:53:24,402 [grpc-default-executor-2] INFO  impl.RoleInfo (RoleInfo.java:updateAndGet(143)) - 7fae3aed-4e76-4283-a599-f93f794625ab: start FollowerState
2019-10-30 05:53:24,402 [grpc-default-executor-1] INFO  impl.RoleInfo (RoleInfo.java:shutdownFollowerState(121)) - 58095e90-3010-492a-9083-43cf2e035c3f: shutdown FollowerState
2019-10-30 05:53:24,403 [grpc-default-executor-1] INFO  impl.RoleInfo (RoleInfo.java:updateAndGet(143)) - 58095e90-3010-492a-9083-43cf2e035c3f: start FollowerState
2019-10-30 05:53:24,403 [Thread-1336] INFO  impl.FollowerState (FollowerState.java:run(117)) - 58095e90-3010-492a-9083-43cf2e035c3f@group-BCADF287A12B-FollowerState was interrupted: java.lang.InterruptedException: sleep interrupted
2019-10-30 05:53:24,410 [9127dd83-037b-4d39-812f-66db56af525a@group-BCADF287A12B-LeaderElection168] INFO  impl.LeaderElection (LeaderElection.java:logAndReturn(56)) - 9127dd83-037b-4d39-812f-66db56af525a@group-BCADF287A12B-LeaderElection168: Election TIMEOUT; received 0 response(s) [] and 0 exception(s); 9127dd83-037b-4d39-812f-66db56af525a@group-BCADF287A12B:t183, leader=null, voted=9127dd83-037b-4d39-812f-66db56af525a, raftlog=9127dd83-037b-4d39-812f-66db56af525a@group-BCADF287A12B-SegmentedRaftLog:OPENED:c-1,f-1,i0, conf=-1: [7fae3aed-4e76-4283-a599-f93f794625ab:192.168.34.21:41352, 58095e90-3010-492a-9083-43cf2e035c3f:192.168.34.21:45284, 9127dd83-037b-4d39-812f-66db56af525a:192.168.34.21:42063], old=null
2019-10-30 05:53:24,436 [9127dd83-037b-4d39-812f-66db56af525a@group-BCADF287A12B-LeaderElection168] INFO  impl.LeaderElection (LeaderElection.java:askForVotes(178)) - 9127dd83-037b-4d39-812f-66db56af525a@group-BCADF287A12B-LeaderElection168: begin an election at term 184 for -1: [7fae3aed-4e76-4283-a599-f93f794625ab:192.168.34.21:41352, 58095e90-3010-492a-9083-43cf2e035c3f:192.168.34.21:45284, 9127dd83-037b-4d39-812f-66db56af525a:192.168.34.21:42063], old=null
2019-10-30 05:53:24,437 [grpc-default-executor-1] INFO  impl.RaftServerImpl (RaftServerImpl.java:setRole(184)) - 7fae3aed-4e76-4283-a599-f93f794625ab@group-BCADF287A12B: changes role from  FOLLOWER to FOLLOWER at term 184 for recognizeCandidate:9127dd83-037b-4d39-812f-66db56af525a
2019-10-30 05:53:24,437 [grpc-default-executor-1] INFO  impl.RoleInfo (RoleInfo.java:shutdownFollowerState(121)) - 7fae3aed-4e76-4283-a599-f93f794625ab: shutdown FollowerState
2019-10-30 05:53:24,438 [grpc-default-executor-1] INFO  impl.RoleInfo (RoleInfo.java:updateAndGet(143)) - 7fae3aed-4e76-4283-a599-f93f794625ab: start FollowerState
2019-10-30 05:53:24,438 [Thread-1342] INFO  impl.FollowerState (FollowerState.java:run(117)) - 7fae3aed-4e76-4283-a599-f93f794625ab@group-BCADF287A12B-FollowerState was interrupted: java.lang.InterruptedException: sleep interrupted
2019-10-30 05:53:24,438 [grpc-default-executor-2] INFO  impl.RaftServerImpl (RaftServerImpl.java:setRole(184)) - 58095e90-3010-492a-9083-43cf2e035c3f@group-BCADF287A12B: changes role from  FOLLOWER to FOLLOWER at term 184 for recognizeCandidate:9127dd83-037b-4d39-812f-66db56af525a
2019-10-30 05:53:24,438 [grpc-default-executor-2] INFO  impl.RoleInfo (RoleInfo.java:shutdownFollowerState(121)) - 58095e90-3010-492a-9083-43cf2e035c3f: shutdown FollowerState
2019-10-30 05:53:24,438 [grpc-default-executor-2] INFO  impl.RoleInfo (RoleInfo.java:updateAndGet(143)) - 58095e90-3010-492a-9083-43cf2e035c3f: start FollowerState
2019-10-30 05:53:24,438 [Thread-1343] INFO  impl.FollowerState (FollowerState.java:run(117)) - 58095e90-3010-492a-9083-43cf2e035c3f@group-BCADF287A12B-FollowerState was interrupted: java.lang.InterruptedException: sleep interrupted
2019-10-30 05:53:24,451 [9127dd83-037b-4d39-812f-66db56af525a@group-BCADF287A12B-LeaderElection168] INFO  impl.LeaderElection (LeaderElection.java:logAndReturn(56)) - 9127dd83-037b-4d39-812f-66db56af525a@group-BCADF287A12B-LeaderElection168: Election REJECTED; received 2 response(s) [9127dd83-037b-4d39-812f-66db56af525a<-7fae3aed-4e76-4283-a599-f93f794625ab#0:FAIL-t184, 9127dd83-037b-4d39-812f-66db56af525a<-58095e90-3010-492a-9083-43cf2e035c3f#0:FAIL-t184] and 0 exception(s); 9127dd83-037b-4d39-812f-66db56af525a@group-BCADF287A12B:t184, leader=null, voted=9127dd83-037b-4d39-812f-66db56af525a, raftlog=9127dd83-037b-4d39-812f-66db56af525a@group-BCADF287A12B-SegmentedRaftLog:OPENED:c-1,f-1,i0, conf=-1: [7fae3aed-4e76-4283-a599-f93f794625ab:192.168.34.21:41352, 58095e90-3010-492a-9083-43cf2e035c3f:192.168.34.21:45284, 9127dd83-037b-4d39-812f-66db56af525a:192.168.34.21:42063], old=null
2019-10-30 05:53:24,451 [9127dd83-037b-4d39-812f-66db56af525a@group-BCADF287A12B-LeaderElection168] INFO  impl.RaftServerImpl (RaftServerImpl.java:setRole(184)) - 9127dd83-037b-4d39-812f-66db56af525a@group-BCADF287A12B: changes role from CANDIDATE to FOLLOWER at term 184 for DISCOVERED_A_NEW_TERM
2019-10-30 05:53:24,451 [9127dd83-037b-4d39-812f-66db56af525a@group-BCADF287A12B-LeaderElection168] INFO  impl.RoleInfo (RoleInfo.java:shutdownLeaderElection(134)) - 9127dd83-037b-4d39-812f-66db56af525a: shutdown LeaderElection
2019-10-30 05:53:24,451 [9127dd83-037b-4d39-812f-66db56af525a@group-BCADF287A12B-LeaderElection168] INFO  impl.RoleInfo (RoleInfo.java:updateAndGet(143)) - 9127dd83-037b-4d39-812f-66db56af525a: start FollowerState
2019-10-30 05:53:24,647 [Thread-1348] INFO  impl.FollowerState (FollowerState.java:run(108)) - 9127dd83-037b-4d39-812f-66db56af525a@group-BCADF287A12B-FollowerState: change to CANDIDATE, lastRpcTime:195ms, electionTimeout:195ms
2019-10-30 05:53:24,647 [Thread-1348] INFO  impl.RoleInfo (RoleInfo.java:shutdownFollowerState(121)) - 9127dd83-037b-4d39-812f-66db56af525a: shutdown FollowerState
2019-10-30 05:53:24,647 [Thread-1348] INFO  impl.RaftServerImpl (RaftServerImpl.java:setRole(184)) - 9127dd83-037b-4d39-812f-66db56af525a@group-BCADF287A12B: changes role from  FOLLOWER to CANDIDATE at term 184 for changeToCandidate
2019-10-30 05:53:24,647 [Thread-1348] INFO  impl.RoleInfo (RoleInfo.java:updateAndGet(143)) - 9127dd83-037b-4d39-812f-66db56af525a: start LeaderElection
2019-10-30 05:53:24,704 [9127dd83-037b-4d39-812f-66db56af525a@group-BCADF287A12B-LeaderElection169] INFO  impl.LeaderElection (LeaderElection.java:askForVotes(178)) - 9127dd83-037b-4d39-812f-66db56af525a@group-BCADF287A12B-LeaderElection169: begin an election at term 185 for -1: [7fae3aed-4e76-4283-a599-f93f794625ab:192.168.34.21:41352, 58095e90-3010-492a-9083-43cf2e035c3f:192.168.34.21:45284, 9127dd83-037b-4d39-812f-66db56af525a:192.168.34.21:42063], old=null
2019-10-30 05:53:24,706 [grpc-default-executor-2] INFO  impl.RaftServerImpl (RaftServerImpl.java:setRole(184)) - 58095e90-3010-492a-9083-43cf2e035c3f@group-BCADF287A12B: changes role from  FOLLOWER to FOLLOWER at term 185 for recognizeCandidate:9127dd83-037b-4d39-812f-66db56af525a
2019-10-30 05:53:24,707 [grpc-default-executor-1] INFO  impl.RaftServerImpl (RaftServerImpl.java:setRole(184)) - 7fae3aed-4e76-4283-a599-f93f794625ab@group-BCADF287A12B: changes role from  FOLLOWER to FOLLOWER at term 185 for recognizeCandidate:9127dd83-037b-4d39-812f-66db56af525a
2019-10-30 05:53:24,707 [grpc-default-executor-2] INFO  impl.RoleInfo (RoleInfo.java:shutdownFollowerState(121)) - 58095e90-3010-492a-9083-43cf2e035c3f: shutdown FollowerState
2019-10-30 05:53:24,707 [grpc-default-executor-1] INFO  impl.RoleInfo (RoleInfo.java:shutdownFollowerState(121)) - 7fae3aed-4e76-4283-a599-f93f794625ab: shutdown FollowerState
2019-10-30 05:53:24,707 [grpc-default-executor-2] INFO  impl.RoleInfo (RoleInfo.java:updateAndGet(143)) - 58095e90-3010-492a-9083-43cf2e035c3f: start FollowerState
2019-10-30 05:53:24,707 [Thread-1347] INFO  impl.FollowerState (FollowerState.java:run(117)) - 58095e90-3010-492a-9083-43cf2e035c3f@group-BCADF287A12B-FollowerState was interrupted: java.lang.InterruptedException: sleep interrupted
2019-10-30 05:53:24,707 [Thread-1346] INFO  impl.FollowerState (FollowerState.java:run(117)) - 7fae3aed-4e76-4283-a599-f93f794625ab@group-BCADF287A12B-FollowerState was interrupted: java.lang.InterruptedException: sleep interrupted
2019-10-30 05:53:24,707 [grpc-default-executor-1] INFO  impl.RoleInfo (RoleInfo.java:updateAndGet(143)) - 7fae3aed-4e76-4283-a599-f93f794625ab: start FollowerState
2019-10-30 05:53:24,760 [9127dd83-037b-4d39-812f-66db56af525a@group-BCADF287A12B-LeaderElection169] INFO  impl.LeaderElection (LeaderElection.java:logAndReturn(56)) - 9127dd83-037b-4d39-812f-66db56af525a@group-BCADF287A12B-LeaderElection169: Election REJECTED; received 2 response(s) [9127dd83-037b-4d39-812f-66db56af525a<-7fae3aed-4e76-4283-a599-f93f794625ab#0:FAIL-t185, 9127dd83-037b-4d39-812f-66db56af525a<-58095e90-3010-492a-9083-43cf2e035c3f#0:FAIL-t185] and 0 exception(s); 9127dd83-037b-4d39-812f-66db56af525a@group-BCADF287A12B:t185, leader=null, voted=9127dd83-037b-4d39-812f-66db56af525a, raftlog=9127dd83-037b-4d39-812f-66db56af525a@group-BCADF287A12B-SegmentedRaftLog:OPENED:c-1,f-1,i0, conf=-1: [7fae3aed-4e76-4283-a599-f93f794625ab:192.168.34.21:41352, 58095e90-3010-492a-9083-43cf2e035c3f:192.168.34.21:45284, 9127dd83-037b-4d39-812f-66db56af525a:192.168.34.21:42063], old=null
2019-10-30 05:53:24,760 [9127dd83-037b-4d39-812f-66db56af525a@group-BCADF287A12B-LeaderElection169] INFO  impl.RaftServerImpl (RaftServerImpl.java:setRole(184)) - 9127dd83-037b-4d39-812f-66db56af525a@group-BCADF287A12B: changes role from CANDIDATE to FOLLOWER at term 185 for DISCOVERED_A_NEW_TERM
2019-10-30 05:53:24,760 [9127dd83-037b-4d39-812f-66db56af525a@group-BCADF287A12B-LeaderElection169] INFO  impl.RoleInfo (RoleInfo.java:shutdownLeaderElection(134)) - 9127dd83-037b-4d39-812f-66db56af525a: shutdown LeaderElection
2019-10-30 05:53:24,760 [9127dd83-037b-4d39-812f-66db56af525a@group-BCADF287A12B-LeaderElection169] INFO  impl.RoleInfo (RoleInfo.java:updateAndGet(143)) - 9127dd83-037b-4d39-812f-66db56af525a: start FollowerState
2019-10-30 05:53:24,935 [Thread-1354] INFO  impl.FollowerState (FollowerState.java:run(108)) - 9127dd83-037b-4d39-812f-66db56af525a@group-BCADF287A12B-FollowerState: change to CANDIDATE, lastRpcTime:174ms, electionTimeout:174ms
2019-10-30 05:53:24,935 [Thread-1354] INFO  impl.RoleInfo (RoleInfo.java:shutdownFollowerState(121)) - 9127dd83-037b-4d39-812f-66db56af525a: shutdown FollowerState
2019-10-30 05:53:24,935 [Thread-1354] INFO  impl.RaftServerImpl (RaftServerImpl.java:setRole(184)) - 9127dd83-037b-4d39-812f-66db56af525a@group-BCADF287A12B: changes role from  FOLLOWER to CANDIDATE at term 185 for changeToCandidate
2019-10-30 05:53:24,935 [Thread-1354] INFO  impl.RoleInfo (RoleInfo.java:updateAndGet(143)) - 9127dd83-037b-4d39-812f-66db56af525a: start LeaderElection
2019-10-30 05:53:24,963 [9127dd83-037b-4d39-812f-66db56af525a@group-BCADF287A12B-LeaderElection170] INFO  impl.LeaderElection (LeaderElection.java:askForVotes(178)) - 9127dd83-037b-4d39-812f-66db56af525a@group-BCADF287A12B-LeaderElection170: begin an election at term 186 for -1: [7fae3aed-4e76-4283-a599-f93f794625ab:192.168.34.21:41352, 58095e90-3010-492a-9083-43cf2e035c3f:192.168.34.21:45284, 9127dd83-037b-4d39-812f-66db56af525a:192.168.34.21:42063], old=null
2019-10-30 05:53:24,968 [grpc-default-executor-2] INFO  impl.RaftServerImpl (RaftServerImpl.java:setRole(184)) - 58095e90-3010-492a-9083-43cf2e035c3f@group-BCADF287A12B: changes role from  FOLLOWER to FOLLOWER at term 186 for recognizeCandidate:9127dd83-037b-4d39-812f-66db56af525a
2019-10-30 05:53:24,968 [grpc-default-executor-1] INFO  impl.RaftServerImpl (RaftServerImpl.java:setRole(184)) - 7fae3aed-4e76-4283-a599-f93f794625ab@group-BCADF287A12B: changes role from  FOLLOWER to FOLLOWER at term 186 for recognizeCandidate:9127dd83-037b-4d39-812f-66db56af525a
2019-10-30 05:53:24,968 [grpc-default-executor-2] INFO  impl.RoleInfo (RoleInfo.java:shutdownFollowerState(121)) - 58095e90-3010-492a-9083-43cf2e035c3f: shutdown FollowerState
2019-10-30 05:53:24,969 [grpc-default-executor-1] INFO  impl.RoleInfo (RoleInfo.java:shutdownFollowerState(121)) - 7fae3aed-4e76-4283-a599-f93f794625ab: shutdown FollowerState
2019-10-30 05:53:24,969 [grpc-default-executor-2] INFO  impl.RoleInfo (RoleInfo.java:updateAndGet(143)) - 58095e90-3010-492a-9083-43cf2e035c3f: start FollowerState
2019-10-30 05:53:24,969 [Thread-1353] INFO  impl.FollowerState (FollowerState.java:run(117)) - 7fae3aed-4e76-4283-a599-f93f794625ab@group-BCADF287A12B-FollowerState was interrupted: java.lang.InterruptedException: sleep interrupted
2019-10-30 05:53:24,969 [grpc-default-executor-1] INFO  impl.RoleInfo (RoleInfo.java:updateAndGet(143)) - 7fae3aed-4e76-4283-a599-f93f794625ab: start FollowerState
2019-10-30 05:53:24,969 [Thread-1352] INFO  impl.FollowerState (FollowerState.java:run(117)) - 58095e90-3010-492a-9083-43cf2e035c3f@group-BCADF287A12B-FollowerState was interrupted: java.lang.InterruptedException: sleep interrupted
2019-10-30 05:53:24,979 [9127dd83-037b-4d39-812f-66db56af525a@group-BCADF287A12B-LeaderElection170] INFO  impl.LeaderElection (LeaderElection.java:logAndReturn(56)) - 9127dd83-037b-4d39-812f-66db56af525a@group-BCADF287A12B-LeaderElection170: Election REJECTED; received 2 response(s) [9127dd83-037b-4d39-812f-66db56af525a<-7fae3aed-4e76-4283-a599-f93f794625ab#0:FAIL-t186, 9127dd83-037b-4d39-812f-66db56af525a<-58095e90-3010-492a-9083-43cf2e035c3f#0:FAIL-t186] and 0 exception(s); 9127dd83-037b-4d39-812f-66db56af525a@group-BCADF287A12B:t186, leader=null, voted=9127dd83-037b-4d39-812f-66db56af525a, raftlog=9127dd83-037b-4d39-812f-66db56af525a@group-BCADF287A12B-SegmentedRaftLog:OPENED:c-1,f-1,i0, conf=-1: [7fae3aed-4e76-4283-a599-f93f794625ab:192.168.34.21:41352, 58095e90-3010-492a-9083-43cf2e035c3f:192.168.34.21:45284, 9127dd83-037b-4d39-812f-66db56af525a:192.168.34.21:42063], old=null
2019-10-30 05:53:24,979 [9127dd83-037b-4d39-812f-66db56af525a@group-BCADF287A12B-LeaderElection170] INFO  impl.RaftServerImpl (RaftServerImpl.java:setRole(184)) - 9127dd83-037b-4d39-812f-66db56af525a@group-BCADF287A12B: changes role from CANDIDATE to FOLLOWER at term 186 for DISCOVERED_A_NEW_TERM
2019-10-30 05:53:24,980 [9127dd83-037b-4d39-812f-66db56af525a@group-BCADF287A12B-LeaderElection170] INFO  impl.RoleInfo (RoleInfo.java:shutdownLeaderElection(134)) - 9127dd83-037b-4d39-812f-66db56af525a: shutdown LeaderElection
2019-10-30 05:53:24,980 [9127dd83-037b-4d39-812f-66db56af525a@group-BCADF287A12B-LeaderElection170] INFO  impl.RoleInfo (RoleInfo.java:updateAndGet(143)) - 9127dd83-037b-4d39-812f-66db56af525a: start FollowerState
2019-10-30 05:53:25,021 [Thread-1360] INFO  impl.FollowerState (FollowerState.java:run(108)) - 9127dd83-037b-4d39-812f-66db56af525a@group-BCADF287A12B-FollowerState: change to CANDIDATE, lastRpcTime:41ms, electionTimeout:41ms
2019-10-30 05:53:25,022 [Thread-1360] INFO  impl.RoleInfo (RoleInfo.java:shutdownFollowerState(121)) - 9127dd83-037b-4d39-812f-66db56af525a: shutdown FollowerState
2019-10-30 05:53:25,022 [Thread-1360] INFO  impl.RaftServerImpl (RaftServerImpl.java:setRole(184)) - 9127dd83-037b-4d39-812f-66db56af525a@group-BCADF287A12B: changes role from  FOLLOWER to CANDIDATE at term 186 for changeToCandidate
2019-10-30 05:53:25,023 [Thread-1360] INFO  impl.RoleInfo (RoleInfo.java:updateAndGet(143)) - 9127dd83-037b-4d39-812f-66db56af525a: start LeaderElection
2019-10-30 05:53:25,031 [9127dd83-037b-4d39-812f-66db56af525a@group-BCADF287A12B-LeaderElection171] INFO  impl.LeaderElection (LeaderElection.java:askForVotes(178)) - 9127dd83-037b-4d39-812f-66db56af525a@group-BCADF287A12B-LeaderElection171: begin an election at term 187 for -1: [7fae3aed-4e76-4283-a599-f93f794625ab:192.168.34.21:41352, 58095e90-3010-492a-9083-43cf2e035c3f:192.168.34.21:45284, 9127dd83-037b-4d39-812f-66db56af525a:192.168.34.21:42063], old=null
2019-10-30 05:53:25,033 [grpc-default-executor-1] INFO  impl.RaftServerImpl (RaftServerImpl.java:setRole(184)) - 7fae3aed-4e76-4283-a599-f93f794625ab@group-BCADF287A12B: changes role from  FOLLOWER to FOLLOWER at term 187 for recognizeCandidate:9127dd83-037b-4d39-812f-66db56af525a
2019-10-30 05:53:25,033 [grpc-default-executor-2] INFO  impl.RaftServerImpl (RaftServerImpl.java:setRole(184)) - 58095e90-3010-492a-9083-43cf2e035c3f@group-BCADF287A12B: changes role from  FOLLOWER to FOLLOWER at term 187 for recognizeCandidate:9127dd83-037b-4d39-812f-66db56af525a
2019-10-30 05:53:25,033 [grpc-default-executor-1] INFO  impl.RoleInfo (RoleInfo.java:shutdownFollowerState(121)) - 7fae3aed-4e76-4283-a599-f93f794625ab: shutdown FollowerState
2019-10-30 05:53:25,034 [grpc-default-executor-2] INFO  impl.RoleInfo (RoleInfo.java:shutdownFollowerState(121)) - 58095e90-3010-492a-9083-43cf2e035c3f: shutdown FollowerState
2019-10-30 05:53:25,034 [Thread-1359] INFO  impl.FollowerState (FollowerState.java:run(117)) - 7fae3aed-4e76-4283-a599-f93f794625ab@group-BCADF287A12B-FollowerState was interrupted: java.lang.InterruptedException: sleep interrupted
2019-10-30 05:53:25,034 [Thread-1358] INFO  impl.FollowerState (FollowerState.java:run(117)) - 58095e90-3010-492a-9083-43cf2e035c3f@group-BCADF287A12B-FollowerState was interrupted: java.lang.InterruptedException: sleep interrupted
2019-10-30 05:53:25,034 [grpc-default-executor-1] INFO  impl.RoleInfo (RoleInfo.java:updateAndGet(143)) - 7fae3aed-4e76-4283-a599-f93f794625ab: start FollowerState
2019-10-30 05:53:25,034 [grpc-default-executor-2] INFO  impl.RoleInfo (RoleInfo.java:updateAndGet(143)) - 58095e90-3010-492a-9083-43cf2e035c3f: start FollowerState
2019-10-30 05:53:25,048 [9127dd83-037b-4d39-812f-66db56af525a@group-BCADF287A12B-LeaderElection171] INFO  impl.LeaderElection (LeaderElection.java:logAndReturn(56)) - 9127dd83-037b-4d39-812f-66db56af525a@group-BCADF287A12B-LeaderElection171: Election REJECTED; received 2 response(s) [9127dd83-037b-4d39-812f-66db56af525a<-7fae3aed-4e76-4283-a599-f93f794625ab#0:FAIL-t187, 9127dd83-037b-4d39-812f-66db56af525a<-58095e90-3010-492a-9083-43cf2e035c3f#0:FAIL-t187] and 0 exception(s); 9127dd83-037b-4d39-812f-66db56af525a@group-BCADF287A12B:t187, leader=null, voted=9127dd83-037b-4d39-812f-66db56af525a, raftlog=9127dd83-037b-4d39-812f-66db56af525a@group-BCADF287A12B-SegmentedRaftLog:OPENED:c-1,f-1,i0, conf=-1: [7fae3aed-4e76-4283-a599-f93f794625ab:192.168.34.21:41352, 58095e90-3010-492a-9083-43cf2e035c3f:192.168.34.21:45284, 9127dd83-037b-4d39-812f-66db56af525a:192.168.34.21:42063], old=null
2019-10-30 05:53:25,048 [9127dd83-037b-4d39-812f-66db56af525a@group-BCADF287A12B-LeaderElection171] INFO  impl.RaftServerImpl (RaftServerImpl.java:setRole(184)) - 9127dd83-037b-4d39-812f-66db56af525a@group-BCADF287A12B: changes role from CANDIDATE to FOLLOWER at term 187 for DISCOVERED_A_NEW_TERM
2019-10-30 05:53:25,048 [9127dd83-037b-4d39-812f-66db56af525a@group-BCADF287A12B-LeaderElection171] INFO  impl.RoleInfo (RoleInfo.java:shutdownLeaderElection(134)) - 9127dd83-037b-4d39-812f-66db56af525a: shutdown LeaderElection
2019-10-30 05:53:25,048 [9127dd83-037b-4d39-812f-66db56af525a@group-BCADF287A12B-LeaderElection171] INFO  impl.RoleInfo (RoleInfo.java:updateAndGet(143)) - 9127dd83-037b-4d39-812f-66db56af525a: start FollowerState
2019-10-30 05:53:25,081 [Thread-1366] INFO  impl.FollowerState (FollowerState.java:run(108)) - 9127dd83-037b-4d39-812f-66db56af525a@group-BCADF287A12B-FollowerState: change to CANDIDATE, lastRpcTime:32ms, electionTimeout:32ms
2019-10-30 05:53:25,081 [Thread-1366] INFO  impl.RoleInfo (RoleInfo.java:shutdownFollowerState(121)) - 9127dd83-037b-4d39-812f-66db56af525a: shutdown FollowerState
2019-10-30 05:53:25,081 [Thread-1366] INFO  impl.RaftServerImpl (RaftServerImpl.java:setRole(184)) - 9127dd83-037b-4d39-812f-66db56af525a@group-BCADF287A12B: changes role from  FOLLOWER to CANDIDATE at term 187 for changeToCandidate
2019-10-30 05:53:25,081 [Thread-1366] INFO  impl.RoleInfo (RoleInfo.java:updateAndGet(143)) - 9127dd83-037b-4d39-812f-66db56af525a: start LeaderElection
2019-10-30 05:53:25,097 [9127dd83-037b-4d39-812f-66db56af525a@group-BCADF287A12B-LeaderElection172] INFO  impl.LeaderElection (LeaderElection.java:askForVotes(178)) - 9127dd83-037b-4d39-812f-66db56af525a@group-BCADF287A12B-LeaderElection172: begin an election at term 188 for -1: [7fae3aed-4e76-4283-a599-f93f794625ab:192.168.34.21:41352, 58095e90-3010-492a-9083-43cf2e035c3f:192.168.34.21:45284, 9127dd83-037b-4d39-812f-66db56af525a:192.168.34.21:42063], old=null
2019-10-30 05:53:25,099 [grpc-default-executor-2] INFO  impl.RaftServerImpl (RaftServerImpl.java:setRole(184)) - 7fae3aed-4e76-4283-a599-f93f794625ab@group-BCADF287A12B: changes role from  FOLLOWER to FOLLOWER at term 188 for recognizeCandidate:9127dd83-037b-4d39-812f-66db56af525a
2019-10-30 05:53:25,101 [grpc-default-executor-2] INFO  impl.RoleInfo (RoleInfo.java:shutdownFollowerState(121)) - 7fae3aed-4e76-4283-a599-f93f794625ab: shutdown FollowerState
2019-10-30 05:53:25,099 [grpc-default-executor-1] INFO  impl.RaftServerImpl (RaftServerImpl.java:setRole(184)) - 58095e90-3010-492a-9083-43cf2e035c3f@group-BCADF287A12B: changes role from  FOLLOWER to FOLLOWER at term 188 for recognizeCandidate:9127dd83-037b-4d39-812f-66db56af525a
2019-10-30 05:53:25,102 [Thread-1364] INFO  impl.FollowerState (FollowerState.java:run(117)) - 7fae3aed-4e76-4283-a599-f93f794625ab@group-BCADF287A12B-FollowerState was interrupted: java.lang.InterruptedException: sleep interrupted
2019-10-30 05:53:25,102 [grpc-default-executor-2] INFO  impl.RoleInfo (RoleInfo.java:updateAndGet(143)) - 7fae3aed-4e76-4283-a599-f93f794625ab: start FollowerState
2019-10-30 05:53:25,102 [grpc-default-executor-1] INFO  impl.RoleInfo (RoleInfo.java:shutdownFollowerState(121)) - 58095e90-3010-492a-9083-43cf2e035c3f: shutdown FollowerState
2019-10-30 05:53:25,102 [grpc-default-executor-1] INFO  impl.RoleInfo (RoleInfo.java:updateAndGet(143)) - 58095e90-3010-492a-9083-43cf2e035c3f: start FollowerState
2019-10-30 05:53:25,102 [Thread-1365] INFO  impl.FollowerState (FollowerState.java:run(117)) - 58095e90-3010-492a-9083-43cf2e035c3f@group-BCADF287A12B-FollowerState was interrupted: java.lang.InterruptedException: sleep interrupted
2019-10-30 05:53:25,116 [9127dd83-037b-4d39-812f-66db56af525a@group-BCADF287A12B-LeaderElection172] INFO  impl.LeaderElection (LeaderElection.java:logAndReturn(56)) - 9127dd83-037b-4d39-812f-66db56af525a@group-BCADF287A12B-LeaderElection172: Election REJECTED; received 2 response(s) [9127dd83-037b-4d39-812f-66db56af525a<-7fae3aed-4e76-4283-a599-f93f794625ab#0:FAIL-t188, 9127dd83-037b-4d39-812f-66db56af525a<-58095e90-3010-492a-9083-43cf2e035c3f#0:FAIL-t188] and 0 exception(s); 9127dd83-037b-4d39-812f-66db56af525a@group-BCADF287A12B:t188, leader=null, voted=9127dd83-037b-4d39-812f-66db56af525a, raftlog=9127dd83-037b-4d39-812f-66db56af525a@group-BCADF287A12B-SegmentedRaftLog:OPENED:c-1,f-1,i0, conf=-1: [7fae3aed-4e76-4283-a599-f93f794625ab:192.168.34.21:41352, 58095e90-3010-492a-9083-43cf2e035c3f:192.168.34.21:45284, 9127dd83-037b-4d39-812f-66db56af525a:192.168.34.21:42063], old=null
2019-10-30 05:53:25,116 [9127dd83-037b-4d39-812f-66db56af525a@group-BCADF287A12B-LeaderElection172] INFO  impl.RaftServerImpl (RaftServerImpl.java:setRole(184)) - 9127dd83-037b-4d39-812f-66db56af525a@group-BCADF287A12B: changes role from CANDIDATE to FOLLOWER at term 188 for DISCOVERED_A_NEW_TERM
2019-10-30 05:53:25,116 [9127dd83-037b-4d39-812f-66db56af525a@group-BCADF287A12B-LeaderElection172] INFO  impl.RoleInfo (RoleInfo.java:shutdownLeaderElection(134)) - 9127dd83-037b-4d39-812f-66db56af525a: shutdown LeaderElection
2019-10-30 05:53:25,117 [9127dd83-037b-4d39-812f-66db56af525a@group-BCADF287A12B-LeaderElection172] INFO  impl.RoleInfo (RoleInfo.java:updateAndGet(143)) - 9127dd83-037b-4d39-812f-66db56af525a: start FollowerState
2019-10-30 05:53:25,273 [Thread-1372] INFO  impl.FollowerState (FollowerState.java:run(108)) - 9127dd83-037b-4d39-812f-66db56af525a@group-BCADF287A12B-FollowerState: change to CANDIDATE, lastRpcTime:156ms, electionTimeout:156ms
2019-10-30 05:53:25,273 [Thread-1372] INFO  impl.RoleInfo (RoleInfo.java:shutdownFollowerState(121)) - 9127dd83-037b-4d39-812f-66db56af525a: shutdown FollowerState
2019-10-30 05:53:25,274 [Thread-1372] INFO  impl.RaftServerImpl (RaftServerImpl.java:setRole(184)) - 9127dd83-037b-4d39-812f-66db56af525a@group-BCADF287A12B: changes role from  FOLLOWER to CANDIDATE at term 188 for changeToCandidate
2019-10-30 05:53:25,274 [Thread-1372] INFO  impl.RoleInfo (RoleInfo.java:updateAndGet(143)) - 9127dd83-037b-4d39-812f-66db56af525a: start LeaderElection
2019-10-30 05:53:25,291 [9127dd83-037b-4d39-812f-66db56af525a@group-BCADF287A12B-LeaderElection173] INFO  impl.LeaderElection (LeaderElection.java:askForVotes(178)) - 9127dd83-037b-4d39-812f-66db56af525a@group-BCADF287A12B-LeaderElection173: begin an election at term 189 for -1: [7fae3aed-4e76-4283-a599-f93f794625ab:192.168.34.21:41352, 58095e90-3010-492a-9083-43cf2e035c3f:192.168.34.21:45284, 9127dd83-037b-4d39-812f-66db56af525a:192.168.34.21:42063], old=null
2019-10-30 05:53:25,294 [grpc-default-executor-2] INFO  impl.RaftServerImpl (RaftServerImpl.java:setRole(184)) - 7fae3aed-4e76-4283-a599-f93f794625ab@group-BCADF287A12B: changes role from  FOLLOWER to FOLLOWER at term 189 for recognizeCandidate:9127dd83-037b-4d39-812f-66db56af525a
2019-10-30 05:53:25,294 [grpc-default-executor-1] INFO  impl.RaftServerImpl (RaftServerImpl.java:setRole(184)) - 58095e90-3010-492a-9083-43cf2e035c3f@group-BCADF287A12B: changes role from  FOLLOWER to FOLLOWER at term 189 for recognizeCandidate:9127dd83-037b-4d39-812f-66db56af525a
2019-10-30 05:53:25,294 [grpc-default-executor-2] INFO  impl.RoleInfo (RoleInfo.java:shutdownFollowerState(121)) - 7fae3aed-4e76-4283-a599-f93f794625ab: shutdown FollowerState
2019-10-30 05:53:25,294 [grpc-default-executor-1] INFO  impl.RoleInfo (RoleInfo.java:shutdownFollowerState(121)) - 58095e90-3010-492a-9083-43cf2e035c3f: shutdown FollowerState
2019-10-30 05:53:25,294 [grpc-default-executor-2] INFO  impl.RoleInfo (RoleInfo.java:updateAndGet(143)) - 7fae3aed-4e76-4283-a599-f93f794625ab: start FollowerState
2019-10-30 05:53:25,294 [Thread-1371] INFO  impl.FollowerState (FollowerState.java:run(117)) - 58095e90-3010-492a-9083-43cf2e035c3f@group-BCADF287A12B-FollowerState was interrupted: java.lang.InterruptedException: sleep interrupted
2019-10-30 05:53:25,294 [Thread-1370] INFO  impl.FollowerState (FollowerState.java:run(117)) - 7fae3aed-4e76-4283-a599-f93f794625ab@group-BCADF287A12B-FollowerState was interrupted: java.lang.InterruptedException: sleep interrupted
2019-10-30 05:53:25,294 [grpc-default-executor-1] INFO  impl.RoleInfo (RoleInfo.java:updateAndGet(143)) - 58095e90-3010-492a-9083-43cf2e035c3f: start FollowerState
2019-10-30 05:53:25,305 [9127dd83-037b-4d39-812f-66db56af525a@group-BCADF287A12B-LeaderElection173] INFO  impl.LeaderElection (LeaderElection.java:logAndReturn(56)) - 9127dd83-037b-4d39-812f-66db56af525a@group-BCADF287A12B-LeaderElection173: Election REJECTED; received 2 response(s) [9127dd83-037b-4d39-812f-66db56af525a<-7fae3aed-4e76-4283-a599-f93f794625ab#0:FAIL-t189, 9127dd83-037b-4d39-812f-66db56af525a<-58095e90-3010-492a-9083-43cf2e035c3f#0:FAIL-t189] and 0 exception(s); 9127dd83-037b-4d39-812f-66db56af525a@group-BCADF287A12B:t189, leader=null, voted=9127dd83-037b-4d39-812f-66db56af525a, raftlog=9127dd83-037b-4d39-812f-66db56af525a@group-BCADF287A12B-SegmentedRaftLog:OPENED:c-1,f-1,i0, conf=-1: [7fae3aed-4e76-4283-a599-f93f794625ab:192.168.34.21:41352, 58095e90-3010-492a-9083-43cf2e035c3f:192.168.34.21:45284, 9127dd83-037b-4d39-812f-66db56af525a:192.168.34.21:42063], old=null
2019-10-30 05:53:25,306 [9127dd83-037b-4d39-812f-66db56af525a@group-BCADF287A12B-LeaderElection173] INFO  impl.RaftServerImpl (RaftServerImpl.java:setRole(184)) - 9127dd83-037b-4d39-812f-66db56af525a@group-BCADF287A12B: changes role from CANDIDATE to FOLLOWER at term 189 for DISCOVERED_A_NEW_TERM
2019-10-30 05:53:25,306 [9127dd83-037b-4d39-812f-66db56af525a@group-BCADF287A12B-LeaderElection173] INFO  impl.RoleInfo (RoleInfo.java:shutdownLeaderElection(134)) - 9127dd83-037b-4d39-812f-66db56af525a: shutdown LeaderElection
2019-10-30 05:53:25,306 [9127dd83-037b-4d39-812f-66db56af525a@group-BCADF287A12B-LeaderElection173] INFO  impl.RoleInfo (RoleInfo.java:updateAndGet(143)) - 9127dd83-037b-4d39-812f-66db56af525a: start FollowerState
2019-10-30 05:53:25,495 [Thread-1380] INFO  impl.FollowerState (FollowerState.java:run(108)) - 9127dd83-037b-4d39-812f-66db56af525a@group-BCADF287A12B-FollowerState: change to CANDIDATE, lastRpcTime:189ms, electionTimeout:189ms
2019-10-30 05:53:25,495 [Thread-1380] INFO  impl.RoleInfo (RoleInfo.java:shutdownFollowerState(121)) - 9127dd83-037b-4d39-812f-66db56af525a: shutdown FollowerState
2019-10-30 05:53:25,496 [Thread-1380] INFO  impl.RaftServerImpl (RaftServerImpl.java:setRole(184)) - 9127dd83-037b-4d39-812f-66db56af525a@group-BCADF287A12B: changes role from  FOLLOWER to CANDIDATE at term 189 for changeToCandidate
2019-10-30 05:53:25,496 [Thread-1380] INFO  impl.RoleInfo (RoleInfo.java:updateAndGet(143)) - 9127dd83-037b-4d39-812f-66db56af525a: start LeaderElection
2019-10-30 05:53:25,696 [9127dd83-037b-4d39-812f-66db56af525a@group-BCADF287A12B-LeaderElection174] INFO  impl.LeaderElection (LeaderElection.java:askForVotes(178)) - 9127dd83-037b-4d39-812f-66db56af525a@group-BCADF287A12B-LeaderElection174: begin an election at term 190 for -1: [7fae3aed-4e76-4283-a599-f93f794625ab:192.168.34.21:41352, 58095e90-3010-492a-9083-43cf2e035c3f:192.168.34.21:45284, 9127dd83-037b-4d39-812f-66db56af525a:192.168.34.21:42063], old=null
2019-10-30 05:53:25,707 [grpc-default-executor-2] INFO  impl.RaftServerImpl (RaftServerImpl.java:setRole(184)) - 7fae3aed-4e76-4283-a599-f93f794625ab@group-BCADF287A12B: changes role from  FOLLOWER to FOLLOWER at term 190 for recognizeCandidate:9127dd83-037b-4d39-812f-66db56af525a
2019-10-30 05:53:25,707 [grpc-default-executor-1] INFO  impl.RaftServerImpl (RaftServerImpl.java:setRole(184)) - 58095e90-3010-492a-9083-43cf2e035c3f@group-BCADF287A12B: changes role from  FOLLOWER to FOLLOWER at term 190 for recognizeCandidate:9127dd83-037b-4d39-812f-66db56af525a
2019-10-30 05:53:25,708 [grpc-default-executor-2] INFO  impl.RoleInfo (RoleInfo.java:shutdownFollowerState(121)) - 7fae3aed-4e76-4283-a599-f93f794625ab: shutdown FollowerState
2019-10-30 05:53:25,708 [grpc-default-executor-1] INFO  impl.RoleInfo (RoleInfo.java:shutdownFollowerState(121)) - 58095e90-3010-492a-9083-43cf2e035c3f: shutdown FollowerState
2019-10-30 05:53:25,708 [grpc-default-executor-2] INFO  impl.RoleInfo (RoleInfo.java:updateAndGet(143)) - 7fae3aed-4e76-4283-a599-f93f794625ab: start FollowerState
2019-10-30 05:53:25,708 [Thread-1378] INFO  impl.FollowerState (FollowerState.java:run(117)) - 7fae3aed-4e76-4283-a599-f93f794625ab@group-BCADF287A12B-FollowerState was interrupted: java.lang.InterruptedException: sleep interrupted
2019-10-30 05:53:25,708 [grpc-default-executor-1] INFO  impl.RoleInfo (RoleInfo.java:updateAndGet(143)) - 58095e90-3010-492a-9083-43cf2e035c3f: start FollowerState
2019-10-30 05:53:25,708 [Thread-1379] INFO  impl.FollowerState (FollowerState.java:run(117)) - 58095e90-3010-492a-9083-43cf2e035c3f@group-BCADF287A12B-FollowerState was interrupted: java.lang.InterruptedException: sleep interrupted
2019-10-30 05:53:25,718 [9127dd83-037b-4d39-812f-66db56af525a@group-BCADF287A12B-LeaderElection174] INFO  impl.LeaderElection (LeaderElection.java:logAndReturn(56)) - 9127dd83-037b-4d39-812f-66db56af525a@group-BCADF287A12B-LeaderElection174: Election REJECTED; received 2 response(s) [9127dd83-037b-4d39-812f-66db56af525a<-7fae3aed-4e76-4283-a599-f93f794625ab#0:FAIL-t190, 9127dd83-037b-4d39-812f-66db56af525a<-58095e90-3010-492a-9083-43cf2e035c3f#0:FAIL-t190] and 0 exception(s); 9127dd83-037b-4d39-812f-66db56af525a@group-BCADF287A12B:t190, leader=null, voted=9127dd83-037b-4d39-812f-66db56af525a, raftlog=9127dd83-037b-4d39-812f-66db56af525a@group-BCADF287A12B-SegmentedRaftLog:OPENED:c-1,f-1,i0, conf=-1: [7fae3aed-4e76-4283-a599-f93f794625ab:192.168.34.21:41352, 58095e90-3010-492a-9083-43cf2e035c3f:192.168.34.21:45284, 9127dd83-037b-4d39-812f-66db56af525a:192.168.34.21:42063], old=null
2019-10-30 05:53:25,718 [9127dd83-037b-4d39-812f-66db56af525a@group-BCADF287A12B-LeaderElection174] INFO  impl.RaftServerImpl (RaftServerImpl.java:setRole(184)) - 9127dd83-037b-4d39-812f-66db56af525a@group-BCADF287A12B: changes role from CANDIDATE to FOLLOWER at term 190 for DISCOVERED_A_NEW_TERM
2019-10-30 05:53:25,718 [9127dd83-037b-4d39-812f-66db56af525a@group-BCADF287A12B-LeaderElection174] INFO  impl.RoleInfo (RoleInfo.java:shutdownLeaderElection(134)) - 9127dd83-037b-4d39-812f-66db56af525a: shutdown LeaderElection
2019-10-30 05:53:25,719 [9127dd83-037b-4d39-812f-66db56af525a@group-BCADF287A12B-LeaderElection174] INFO  impl.RoleInfo (RoleInfo.java:updateAndGet(143)) - 9127dd83-037b-4d39-812f-66db56af525a: start FollowerState
2019-10-30 05:53:25,867 [Thread-1386] INFO  impl.FollowerState (FollowerState.java:run(108)) - 9127dd83-037b-4d39-812f-66db56af525a@group-BCADF287A12B-FollowerState: change to CANDIDATE, lastRpcTime:148ms, electionTimeout:148ms
2019-10-30 05:53:25,867 [Thread-1386] INFO  impl.RoleInfo (RoleInfo.java:shutdownFollowerState(121)) - 9127dd83-037b-4d39-812f-66db56af525a: shutdown FollowerState
2019-10-30 05:53:25,868 [Thread-1386] INFO  impl.RaftServerImpl (RaftServerImpl.java:setRole(184)) - 9127dd83-037b-4d39-812f-66db56af525a@group-BCADF287A12B: changes role from  FOLLOWER to CANDIDATE at term 190 for changeToCandidate
2019-10-30 05:53:25,868 [Thread-1386] INFO  impl.RoleInfo (RoleInfo.java:updateAndGet(143)) - 9127dd83-037b-4d39-812f-66db56af525a: start LeaderElection
2019-10-30 05:53:25,878 [9127dd83-037b-4d39-812f-66db56af525a@group-BCADF287A12B-LeaderElection175] INFO  impl.LeaderElection (LeaderElection.java:askForVotes(178)) - 9127dd83-037b-4d39-812f-66db56af525a@group-BCADF287A12B-LeaderElection175: begin an election at term 191 for -1: [7fae3aed-4e76-4283-a599-f93f794625ab:192.168.34.21:41352, 58095e90-3010-492a-9083-43cf2e035c3f:192.168.34.21:45284, 9127dd83-037b-4d39-812f-66db56af525a:192.168.34.21:42063], old=null
2019-10-30 05:53:25,880 [grpc-default-executor-1] INFO  impl.RaftServerImpl (RaftServerImpl.java:setRole(184)) - 7fae3aed-4e76-4283-a599-f93f794625ab@group-BCADF287A12B: changes role from  FOLLOWER to FOLLOWER at term 191 for recognizeCandidate:9127dd83-037b-4d39-812f-66db56af525a
2019-10-30 05:53:25,880 [grpc-default-executor-1] INFO  impl.RoleInfo (RoleInfo.java:shutdownFollowerState(121)) - 7fae3aed-4e76-4283-a599-f93f794625ab: shutdown FollowerState
2019-10-30 05:53:25,880 [grpc-default-executor-2] INFO  impl.RaftServerImpl (RaftServerImpl.java:setRole(184)) - 58095e90-3010-492a-9083-43cf2e035c3f@group-BCADF287A12B: changes role from  FOLLOWER to FOLLOWER at term 191 for recognizeCandidate:9127dd83-037b-4d39-812f-66db56af525a
2019-10-30 05:53:25,880 [Thread-1384] INFO  impl.FollowerState (FollowerState.java:run(117)) - 7fae3aed-4e76-4283-a599-f93f794625ab@group-BCADF287A12B-FollowerState was interrupted: java.lang.InterruptedException: sleep interrupted
2019-10-30 05:53:25,880 [grpc-default-executor-1] INFO  impl.RoleInfo (RoleInfo.java:updateAndGet(143)) - 7fae3aed-4e76-4283-a599-f93f794625ab: start FollowerState
2019-10-30 05:53:25,880 [grpc-default-executor-2] INFO  impl.RoleInfo (RoleInfo.java:shutdownFollowerState(121)) - 58095e90-3010-492a-9083-43cf2e035c3f: shutdown FollowerState
2019-10-30 05:53:25,881 [grpc-default-executor-2] INFO  impl.RoleInfo (RoleInfo.java:updateAndGet(143)) - 58095e90-3010-492a-9083-43cf2e035c3f: start FollowerState
2019-10-30 05:53:25,881 [Thread-1385] INFO  impl.FollowerState (FollowerState.java:run(117)) - 58095e90-3010-492a-9083-43cf2e035c3f@group-BCADF287A12B-FollowerState was interrupted: java.lang.InterruptedException: sleep interrupted
2019-10-30 05:53:25,895 [9127dd83-037b-4d39-812f-66db56af525a@group-BCADF287A12B-LeaderElection175] INFO  impl.LeaderElection (LeaderElection.java:logAndReturn(56)) - 9127dd83-037b-4d39-812f-66db56af525a@group-BCADF287A12B-LeaderElection175: Election REJECTED; received 2 response(s) [9127dd83-037b-4d39-812f-66db56af525a<-7fae3aed-4e76-4283-a599-f93f794625ab#0:FAIL-t191, 9127dd83-037b-4d39-812f-66db56af525a<-58095e90-3010-492a-9083-43cf2e035c3f#0:FAIL-t191] and 0 exception(s); 9127dd83-037b-4d39-812f-66db56af525a@group-BCADF287A12B:t191, leader=null, voted=9127dd83-037b-4d39-812f-66db56af525a, raftlog=9127dd83-037b-4d39-812f-66db56af525a@group-BCADF287A12B-SegmentedRaftLog:OPENED:c-1,f-1,i0, conf=-1: [7fae3aed-4e76-4283-a599-f93f794625ab:192.168.34.21:41352, 58095e90-3010-492a-9083-43cf2e035c3f:192.168.34.21:45284, 9127dd83-037b-4d39-812f-66db56af525a:192.168.34.21:42063], old=null
2019-10-30 05:53:25,895 [9127dd83-037b-4d39-812f-66db56af525a@group-BCADF287A12B-LeaderElection175] INFO  impl.RaftServerImpl (RaftServerImpl.java:setRole(184)) - 9127dd83-037b-4d39-812f-66db56af525a@group-BCADF287A12B: changes role from CANDIDATE to FOLLOWER at term 191 for DISCOVERED_A_NEW_TERM
2019-10-30 05:53:25,895 [9127dd83-037b-4d39-812f-66db56af525a@group-BCADF287A12B-LeaderElection175] INFO  impl.RoleInfo (RoleInfo.java:shutdownLeaderElection(134)) - 9127dd83-037b-4d39-812f-66db56af525a: shutdown LeaderElection
2019-10-30 05:53:25,896 [9127dd83-037b-4d39-812f-66db56af525a@group-BCADF287A12B-LeaderElection175] INFO  impl.RoleInfo (RoleInfo.java:updateAndGet(143)) - 9127dd83-037b-4d39-812f-66db56af525a: start FollowerState
2019-10-30 05:53:26,063 [Thread-1392] INFO  impl.FollowerState (FollowerState.java:run(108)) - 9127dd83-037b-4d39-812f-66db56af525a@group-BCADF287A12B-FollowerState: change to CANDIDATE, lastRpcTime:167ms, electionTimeout:167ms
2019-10-30 05:53:26,063 [Thread-1392] INFO  impl.RoleInfo (RoleInfo.java:shutdownFollowerState(121)) - 9127dd83-037b-4d39-812f-66db56af525a: shutdown FollowerState
2019-10-30 05:53:26,064 [Thread-1392] INFO  impl.RaftServerImpl (RaftServerImpl.java:setRole(184)) - 9127dd83-037b-4d39-812f-66db56af525a@group-BCADF287A12B: changes role from  FOLLOWER to CANDIDATE at term 191 for changeToCandidate
2019-10-30 05:53:26,064 [Thread-1392] INFO  impl.RoleInfo (RoleInfo.java:updateAndGet(143)) - 9127dd83-037b-4d39-812f-66db56af525a: start LeaderElection
2019-10-30 05:53:26,068 [9127dd83-037b-4d39-812f-66db56af525a@group-BCADF287A12B-LeaderElection176] INFO  impl.LeaderElection (LeaderElection.java:askForVotes(178)) - 9127dd83-037b-4d39-812f-66db56af525a@group-BCADF287A12B-LeaderElection176: begin an election at term 192 for -1: [7fae3aed-4e76-4283-a599-f93f794625ab:192.168.34.21:41352, 58095e90-3010-492a-9083-43cf2e035c3f:192.168.34.21:45284, 9127dd83-037b-4d39-812f-66db56af525a:192.168.34.21:42063], old=null
2019-10-30 05:53:26,070 [grpc-default-executor-1] INFO  impl.RaftServerImpl (RaftServerImpl.java:setRole(184)) - 7fae3aed-4e76-4283-a599-f93f794625ab@group-BCADF287A12B: changes role from  FOLLOWER to FOLLOWER at term 192 for recognizeCandidate:9127dd83-037b-4d39-812f-66db56af525a
2019-10-30 05:53:26,070 [grpc-default-executor-1] INFO  impl.RoleInfo (RoleInfo.java:shutdownFollowerState(121)) - 7fae3aed-4e76-4283-a599-f93f794625ab: shutdown FollowerState
2019-10-30 05:53:26,070 [grpc-default-executor-2] INFO  impl.RaftServerImpl (RaftServerImpl.java:setRole(184)) - 58095e90-3010-492a-9083-43cf2e035c3f@group-BCADF287A12B: changes role from  FOLLOWER to FOLLOWER at term 192 for recognizeCandidate:9127dd83-037b-4d39-812f-66db56af525a
2019-10-30 05:53:26,071 [Thread-1390] INFO  impl.FollowerState (FollowerState.java:run(117)) - 7fae3aed-4e76-4283-a599-f93f794625ab@group-BCADF287A12B-FollowerState was interrupted: java.lang.InterruptedException: sleep interrupted
2019-10-30 05:53:26,071 [grpc-default-executor-2] INFO  impl.RoleInfo (RoleInfo.java:shutdownFollowerState(121)) - 58095e90-3010-492a-9083-43cf2e035c3f: shutdown FollowerState
2019-10-30 05:53:26,070 [grpc-default-executor-1] INFO  impl.RoleInfo (RoleInfo.java:updateAndGet(143)) - 7fae3aed-4e76-4283-a599-f93f794625ab: start FollowerState
2019-10-30 05:53:26,071 [grpc-default-executor-2] INFO  impl.RoleInfo (RoleInfo.java:updateAndGet(143)) - 58095e90-3010-492a-9083-43cf2e035c3f: start FollowerState
2019-10-30 05:53:26,071 [Thread-1391] INFO  impl.FollowerState (FollowerState.java:run(117)) - 58095e90-3010-492a-9083-43cf2e035c3f@group-BCADF287A12B-FollowerState was interrupted: java.lang.InterruptedException: sleep interrupted
2019-10-30 05:53:26,086 [9127dd83-037b-4d39-812f-66db56af525a@group-BCADF287A12B-LeaderElection176] INFO  impl.LeaderElection (LeaderElection.java:logAndReturn(56)) - 9127dd83-037b-4d39-812f-66db56af525a@group-BCADF287A12B-LeaderElection176: Election REJECTED; received 2 response(s) [9127dd83-037b-4d39-812f-66db56af525a<-7fae3aed-4e76-4283-a599-f93f794625ab#0:FAIL-t192, 9127dd83-037b-4d39-812f-66db56af525a<-58095e90-3010-492a-9083-43cf2e035c3f#0:FAIL-t192] and 0 exception(s); 9127dd83-037b-4d39-812f-66db56af525a@group-BCADF287A12B:t192, leader=null, voted=9127dd83-037b-4d39-812f-66db56af525a, raftlog=9127dd83-037b-4d39-812f-66db56af525a@group-BCADF287A12B-SegmentedRaftLog:OPENED:c-1,f-1,i0, conf=-1: [7fae3aed-4e76-4283-a599-f93f794625ab:192.168.34.21:41352, 58095e90-3010-492a-9083-43cf2e035c3f:192.168.34.21:45284, 9127dd83-037b-4d39-812f-66db56af525a:192.168.34.21:42063], old=null
2019-10-30 05:53:26,087 [9127dd83-037b-4d39-812f-66db56af525a@group-BCADF287A12B-LeaderElection176] INFO  impl.RaftServerImpl (RaftServerImpl.java:setRole(184)) - 9127dd83-037b-4d39-812f-66db56af525a@group-BCADF287A12B: changes role from CANDIDATE to FOLLOWER at term 192 for DISCOVERED_A_NEW_TERM
2019-10-30 05:53:26,087 [9127dd83-037b-4d39-812f-66db56af525a@group-BCADF287A12B-LeaderElection176] INFO  impl.RoleInfo (RoleInfo.java:shutdownLeaderElection(134)) - 9127dd83-037b-4d39-812f-66db56af525a: shutdown LeaderElection
2019-10-30 05:53:26,087 [9127dd83-037b-4d39-812f-66db56af525a@group-BCADF287A12B-LeaderElection176] INFO  impl.RoleInfo (RoleInfo.java:updateAndGet(143)) - 9127dd83-037b-4d39-812f-66db56af525a: start FollowerState
2019-10-30 05:53:26,242 [Thread-1398] INFO  impl.FollowerState (FollowerState.java:run(108)) - 9127dd83-037b-4d39-812f-66db56af525a@group-BCADF287A12B-FollowerState: change to CANDIDATE, lastRpcTime:155ms, electionTimeout:155ms
2019-10-30 05:53:26,243 [Thread-1398] INFO  impl.RoleInfo (RoleInfo.java:shutdownFollowerState(121)) - 9127dd83-037b-4d39-812f-66db56af525a: shutdown FollowerState
2019-10-30 05:53:26,243 [Thread-1398] INFO  impl.RaftServerImpl (RaftServerImpl.java:setRole(184)) - 9127dd83-037b-4d39-812f-66db56af525a@group-BCADF287A12B: changes role from  FOLLOWER to CANDIDATE at term 192 for changeToCandidate
2019-10-30 05:53:26,243 [Thread-1398] INFO  impl.RoleInfo (RoleInfo.java:updateAndGet(143)) - 9127dd83-037b-4d39-812f-66db56af525a: start LeaderElection
2019-10-30 05:53:26,257 [9127dd83-037b-4d39-812f-66db56af525a@group-BCADF287A12B-LeaderElection177] INFO  impl.LeaderElection (LeaderElection.java:askForVotes(178)) - 9127dd83-037b-4d39-812f-66db56af525a@group-BCADF287A12B-LeaderElection177: begin an election at term 193 for -1: [7fae3aed-4e76-4283-a599-f93f794625ab:192.168.34.21:41352, 58095e90-3010-492a-9083-43cf2e035c3f:192.168.34.21:45284, 9127dd83-037b-4d39-812f-66db56af525a:192.168.34.21:42063], old=null
2019-10-30 05:53:26,259 [grpc-default-executor-2] INFO  impl.RaftServerImpl (RaftServerImpl.java:setRole(184)) - 58095e90-3010-492a-9083-43cf2e035c3f@group-BCADF287A12B: changes role from  FOLLOWER to FOLLOWER at term 193 for recognizeCandidate:9127dd83-037b-4d39-812f-66db56af525a
2019-10-30 05:53:26,259 [grpc-default-executor-1] INFO  impl.RaftServerImpl (RaftServerImpl.java:setRole(184)) - 7fae3aed-4e76-4283-a599-f93f794625ab@group-BCADF287A12B: changes role from  FOLLOWER to FOLLOWER at term 193 for recognizeCandidate:9127dd83-037b-4d39-812f-66db56af525a
2019-10-30 05:53:26,259 [grpc-default-executor-2] INFO  impl.RoleInfo (RoleInfo.java:shutdownFollowerState(121)) - 58095e90-3010-492a-9083-43cf2e035c3f: shutdown FollowerState
2019-10-30 05:53:26,259 [grpc-default-executor-1] INFO  impl.RoleInfo (RoleInfo.java:shutdownFollowerState(121)) - 7fae3aed-4e76-4283-a599-f93f794625ab: shutdown FollowerState
2019-10-30 05:53:26,259 [grpc-default-executor-2] INFO  impl.RoleInfo (RoleInfo.java:updateAndGet(143)) - 58095e90-3010-492a-9083-43cf2e035c3f: start FollowerState
2019-10-30 05:53:26,259 [grpc-default-executor-1] INFO  impl.RoleInfo (RoleInfo.java:updateAndGet(143)) - 7fae3aed-4e76-4283-a599-f93f794625ab: start FollowerState
2019-10-30 05:53:26,259 [Thread-1397] INFO  impl.FollowerState (FollowerState.java:run(117)) - 58095e90-3010-492a-9083-43cf2e035c3f@group-BCADF287A12B-FollowerState was interrupted: java.lang.InterruptedException: sleep interrupted
2019-10-30 05:53:26,259 [Thread-1396] INFO  impl.FollowerState (FollowerState.java:run(117)) - 7fae3aed-4e76-4283-a599-f93f794625ab@group-BCADF287A12B-FollowerState was interrupted: java.lang.InterruptedException: sleep interrupted
2019-10-30 05:53:26,275 [9127dd83-037b-4d39-812f-66db56af525a@group-BCADF287A12B-LeaderElection177] INFO  impl.LeaderElection (LeaderElection.java:logAndReturn(56)) - 9127dd83-037b-4d39-812f-66db56af525a@group-BCADF287A12B-LeaderElection177: Election REJECTED; received 2 response(s) [9127dd83-037b-4d39-812f-66db56af525a<-7fae3aed-4e76-4283-a599-f93f794625ab#0:FAIL-t193, 9127dd83-037b-4d39-812f-66db56af525a<-58095e90-3010-492a-9083-43cf2e035c3f#0:FAIL-t193] and 0 exception(s); 9127dd83-037b-4d39-812f-66db56af525a@group-BCADF287A12B:t193, leader=null, voted=9127dd83-037b-4d39-812f-66db56af525a, raftlog=9127dd83-037b-4d39-812f-66db56af525a@group-BCADF287A12B-SegmentedRaftLog:OPENED:c-1,f-1,i0, conf=-1: [7fae3aed-4e76-4283-a599-f93f794625ab:192.168.34.21:41352, 58095e90-3010-492a-9083-43cf2e035c3f:192.168.34.21:45284, 9127dd83-037b-4d39-812f-66db56af525a:192.168.34.21:42063], old=null
2019-10-30 05:53:26,275 [9127dd83-037b-4d39-812f-66db56af525a@group-BCADF287A12B-LeaderElection177] INFO  impl.RaftServerImpl (RaftServerImpl.java:setRole(184)) - 9127dd83-037b-4d39-812f-66db56af525a@group-BCADF287A12B: changes role from CANDIDATE to FOLLOWER at term 193 for DISCOVERED_A_NEW_TERM
2019-10-30 05:53:26,275 [9127dd83-037b-4d39-812f-66db56af525a@group-BCADF287A12B-LeaderElection177] INFO  impl.RoleInfo (RoleInfo.java:shutdownLeaderElection(134)) - 9127dd83-037b-4d39-812f-66db56af525a: shutdown LeaderElection
2019-10-30 05:53:26,275 [9127dd83-037b-4d39-812f-66db56af525a@group-BCADF287A12B-LeaderElection177] INFO  impl.RoleInfo (RoleInfo.java:updateAndGet(143)) - 9127dd83-037b-4d39-812f-66db56af525a: start FollowerState
2019-10-30 05:53:26,394 [Thread-1407] INFO  impl.FollowerState (FollowerState.java:run(108)) - 9127dd83-037b-4d39-812f-66db56af525a@group-BCADF287A12B-FollowerState: change to CANDIDATE, lastRpcTime:119ms, electionTimeout:119ms
2019-10-30 05:53:26,395 [Thread-1407] INFO  impl.RoleInfo (RoleInfo.java:shutdownFollowerState(121)) - 9127dd83-037b-4d39-812f-66db56af525a: shutdown FollowerState
2019-10-30 05:53:26,395 [Thread-1407] INFO  impl.RaftServerImpl (RaftServerImpl.java:setRole(184)) - 9127dd83-037b-4d39-812f-66db56af525a@group-BCADF287A12B: changes role from  FOLLOWER to CANDIDATE at term 193 for changeToCandidate
2019-10-30 05:53:26,395 [Thread-1407] INFO  impl.RoleInfo (RoleInfo.java:updateAndGet(143)) - 9127dd83-037b-4d39-812f-66db56af525a: start LeaderElection
2019-10-30 05:53:26,408 [9127dd83-037b-4d39-812f-66db56af525a@group-BCADF287A12B-LeaderElection178] INFO  impl.LeaderElection (LeaderElection.java:askForVotes(178)) - 9127dd83-037b-4d39-812f-66db56af525a@group-BCADF287A12B-LeaderElection178: begin an election at term 194 for -1: [7fae3aed-4e76-4283-a599-f93f794625ab:192.168.34.21:41352, 58095e90-3010-492a-9083-43cf2e035c3f:192.168.34.21:45284, 9127dd83-037b-4d39-812f-66db56af525a:192.168.34.21:42063], old=null
2019-10-30 05:53:26,410 [grpc-default-executor-1] INFO  impl.RaftServerImpl (RaftServerImpl.java:setRole(184)) - 58095e90-3010-492a-9083-43cf2e035c3f@group-BCADF287A12B: changes role from  FOLLOWER to FOLLOWER at term 194 for recognizeCandidate:9127dd83-037b-4d39-812f-66db56af525a
2019-10-30 05:53:26,410 [grpc-default-executor-2] INFO  impl.RaftServerImpl (RaftServerImpl.java:setRole(184)) - 7fae3aed-4e76-4283-a599-f93f794625ab@group-BCADF287A12B: changes role from  FOLLOWER to FOLLOWER at term 194 for recognizeCandidate:9127dd83-037b-4d39-812f-66db56af525a
2019-10-30 05:53:26,411 [grpc-default-executor-1] INFO  impl.RoleInfo (RoleInfo.java:shutdownFollowerState(121)) - 58095e90-3010-492a-9083-43cf2e035c3f: shutdown FollowerState
2019-10-30 05:53:26,411 [grpc-default-executor-2] INFO  impl.RoleInfo (RoleInfo.java:shutdownFollowerState(121)) - 7fae3aed-4e76-4283-a599-f93f794625ab: shutdown FollowerState
2019-10-30 05:53:26,411 [grpc-default-executor-1] INFO  impl.RoleInfo (RoleInfo.java:updateAndGet(143)) - 58095e90-3010-492a-9083-43cf2e035c3f: start FollowerState
2019-10-30 05:53:26,411 [Thread-1405] INFO  impl.FollowerState (FollowerState.java:run(117)) - 58095e90-3010-492a-9083-43cf2e035c3f@group-BCADF287A12B-FollowerState was interrupted: java.lang.InterruptedException: sleep interrupted
2019-10-30 05:53:26,411 [grpc-default-executor-2] INFO  impl.RoleInfo (RoleInfo.java:updateAndGet(143)) - 7fae3aed-4e76-4283-a599-f93f794625ab: start FollowerState
2019-10-30 05:53:26,411 [Thread-1406] INFO  impl.FollowerState (FollowerState.java:run(117)) - 7fae3aed-4e76-4283-a599-f93f794625ab@group-BCADF287A12B-FollowerState was interrupted: java.lang.InterruptedException: sleep interrupted
2019-10-30 05:53:26,426 [9127dd83-037b-4d39-812f-66db56af525a@group-BCADF287A12B-LeaderElection178] INFO  impl.LeaderElection (LeaderElection.java:logAndReturn(56)) - 9127dd83-037b-4d39-812f-66db56af525a@group-BCADF287A12B-LeaderElection178: Election REJECTED; received 2 response(s) [9127dd83-037b-4d39-812f-66db56af525a<-7fae3aed-4e76-4283-a599-f93f794625ab#0:FAIL-t194, 9127dd83-037b-4d39-812f-66db56af525a<-58095e90-3010-492a-9083-43cf2e035c3f#0:FAIL-t194] and 0 exception(s); 9127dd83-037b-4d39-812f-66db56af525a@group-BCADF287A12B:t194, leader=null, voted=9127dd83-037b-4d39-812f-66db56af525a, raftlog=9127dd83-037b-4d39-812f-66db56af525a@group-BCADF287A12B-SegmentedRaftLog:OPENED:c-1,f-1,i0, conf=-1: [7fae3aed-4e76-4283-a599-f93f794625ab:192.168.34.21:41352, 58095e90-3010-492a-9083-43cf2e035c3f:192.168.34.21:45284, 9127dd83-037b-4d39-812f-66db56af525a:192.168.34.21:42063], old=null
2019-10-30 05:53:26,426 [9127dd83-037b-4d39-812f-66db56af525a@group-BCADF287A12B-LeaderElection178] INFO  impl.RaftServerImpl (RaftServerImpl.java:setRole(184)) - 9127dd83-037b-4d39-812f-66db56af525a@group-BCADF287A12B: changes role from CANDIDATE to FOLLOWER at term 194 for DISCOVERED_A_NEW_TERM
2019-10-30 05:53:26,426 [9127dd83-037b-4d39-812f-66db56af525a@group-BCADF287A12B-LeaderElection178] INFO  impl.RoleInfo (RoleInfo.java:shutdownLeaderElection(134)) - 9127dd83-037b-4d39-812f-66db56af525a: shutdown LeaderElection
2019-10-30 05:53:26,426 [9127dd83-037b-4d39-812f-66db56af525a@group-BCADF287A12B-LeaderElection178] INFO  impl.RoleInfo (RoleInfo.java:updateAndGet(143)) - 9127dd83-037b-4d39-812f-66db56af525a: start FollowerState
2019-10-30 05:53:26,520 [Thread-1413] INFO  impl.FollowerState (FollowerState.java:run(108)) - 9127dd83-037b-4d39-812f-66db56af525a@group-BCADF287A12B-FollowerState: change to CANDIDATE, lastRpcTime:94ms, electionTimeout:94ms
2019-10-30 05:53:26,520 [Thread-1413] INFO  impl.RoleInfo (RoleInfo.java:shutdownFollowerState(121)) - 9127dd83-037b-4d39-812f-66db56af525a: shutdown FollowerState
2019-10-30 05:53:26,521 [Thread-1413] INFO  impl.RaftServerImpl (RaftServerImpl.java:setRole(184)) - 9127dd83-037b-4d39-812f-66db56af525a@group-BCADF287A12B: changes role from  FOLLOWER to CANDIDATE at term 194 for changeToCandidate
2019-10-30 05:53:26,521 [Thread-1413] INFO  impl.RoleInfo (RoleInfo.java:updateAndGet(143)) - 9127dd83-037b-4d39-812f-66db56af525a: start LeaderElection
2019-10-30 05:53:26,533 [9127dd83-037b-4d39-812f-66db56af525a@group-BCADF287A12B-LeaderElection179] INFO  impl.LeaderElection (LeaderElection.java:askForVotes(178)) - 9127dd83-037b-4d39-812f-66db56af525a@group-BCADF287A12B-LeaderElection179: begin an election at term 195 for -1: [7fae3aed-4e76-4283-a599-f93f794625ab:192.168.34.21:41352, 58095e90-3010-492a-9083-43cf2e035c3f:192.168.34.21:45284, 9127dd83-037b-4d39-812f-66db56af525a:192.168.34.21:42063], old=null
2019-10-30 05:53:26,535 [grpc-default-executor-2] INFO  impl.RaftServerImpl (RaftServerImpl.java:setRole(184)) - 58095e90-3010-492a-9083-43cf2e035c3f@group-BCADF287A12B: changes role from  FOLLOWER to FOLLOWER at term 195 for recognizeCandidate:9127dd83-037b-4d39-812f-66db56af525a
2019-10-30 05:53:26,535 [grpc-default-executor-2] INFO  impl.RoleInfo (RoleInfo.java:shutdownFollowerState(121)) - 58095e90-3010-492a-9083-43cf2e035c3f: shutdown FollowerState
2019-10-30 05:53:26,535 [grpc-default-executor-1] INFO  impl.RaftServerImpl (RaftServerImpl.java:setRole(184)) - 7fae3aed-4e76-4283-a599-f93f794625ab@group-BCADF287A12B: changes role from  FOLLOWER to FOLLOWER at term 195 for recognizeCandidate:9127dd83-037b-4d39-812f-66db56af525a
2019-10-30 05:53:26,536 [Thread-1411] INFO  impl.FollowerState (FollowerState.java:run(117)) - 58095e90-3010-492a-9083-43cf2e035c3f@group-BCADF287A12B-FollowerState was interrupted: java.lang.InterruptedException: sleep interrupted
2019-10-30 05:53:26,535 [grpc-default-executor-2] INFO  impl.RoleInfo (RoleInfo.java:updateAndGet(143)) - 58095e90-3010-492a-9083-43cf2e035c3f: start FollowerState
2019-10-30 05:53:26,536 [grpc-default-executor-1] INFO  impl.RoleInfo (RoleInfo.java:shutdownFollowerState(121)) - 7fae3aed-4e76-4283-a599-f93f794625ab: shutdown FollowerState
2019-10-30 05:53:26,536 [grpc-default-executor-1] INFO  impl.RoleInfo (RoleInfo.java:updateAndGet(143)) - 7fae3aed-4e76-4283-a599-f93f794625ab: start FollowerState
2019-10-30 05:53:26,537 [Thread-1412] INFO  impl.FollowerState (FollowerState.java:run(117)) - 7fae3aed-4e76-4283-a599-f93f794625ab@group-BCADF287A12B-FollowerState was interrupted: java.lang.InterruptedException: sleep interrupted
2019-10-30 05:53:26,551 [9127dd83-037b-4d39-812f-66db56af525a@group-BCADF287A12B-LeaderElection179] INFO  impl.LeaderElection (LeaderElection.java:logAndReturn(56)) - 9127dd83-037b-4d39-812f-66db56af525a@group-BCADF287A12B-LeaderElection179: Election REJECTED; received 2 response(s) [9127dd83-037b-4d39-812f-66db56af525a<-7fae3aed-4e76-4283-a599-f93f794625ab#0:FAIL-t195, 9127dd83-037b-4d39-812f-66db56af525a<-58095e90-3010-492a-9083-43cf2e035c3f#0:FAIL-t195] and 0 exception(s); 9127dd83-037b-4d39-812f-66db56af525a@group-BCADF287A12B:t195, leader=null, voted=9127dd83-037b-4d39-812f-66db56af525a, raftlog=9127dd83-037b-4d39-812f-66db56af525a@group-BCADF287A12B-SegmentedRaftLog:OPENED:c-1,f-1,i0, conf=-1: [7fae3aed-4e76-4283-a599-f93f794625ab:192.168.34.21:41352, 58095e90-3010-492a-9083-43cf2e035c3f:192.168.34.21:45284, 9127dd83-037b-4d39-812f-66db56af525a:192.168.34.21:42063], old=null
2019-10-30 05:53:26,551 [9127dd83-037b-4d39-812f-66db56af525a@group-BCADF287A12B-LeaderElection179] INFO  impl.RaftServerImpl (RaftServerImpl.java:setRole(184)) - 9127dd83-037b-4d39-812f-66db56af525a@group-BCADF287A12B: changes role from CANDIDATE to FOLLOWER at term 195 for DISCOVERED_A_NEW_TERM
2019-10-30 05:53:26,551 [9127dd83-037b-4d39-812f-66db56af525a@group-BCADF287A12B-LeaderElection179] INFO  impl.RoleInfo (RoleInfo.java:shutdownLeaderElection(134)) - 9127dd83-037b-4d39-812f-66db56af525a: shutdown LeaderElection
2019-10-30 05:53:26,551 [9127dd83-037b-4d39-812f-66db56af525a@group-BCADF287A12B-LeaderElection179] INFO  impl.RoleInfo (RoleInfo.java:updateAndGet(143)) - 9127dd83-037b-4d39-812f-66db56af525a: start FollowerState
2019-10-30 05:53:26,711 [Thread-1419] INFO  impl.FollowerState (FollowerState.java:run(108)) - 9127dd83-037b-4d39-812f-66db56af525a@group-BCADF287A12B-FollowerState: change to CANDIDATE, lastRpcTime:160ms, electionTimeout:160ms
2019-10-30 05:53:26,712 [Thread-1419] INFO  impl.RoleInfo (RoleInfo.java:shutdownFollowerState(121)) - 9127dd83-037b-4d39-812f-66db56af525a: shutdown FollowerState
2019-10-30 05:53:26,712 [Thread-1419] INFO  impl.RaftServerImpl (RaftServerImpl.java:setRole(184)) - 9127dd83-037b-4d39-812f-66db56af525a@group-BCADF287A12B: changes role from  FOLLOWER to CANDIDATE at term 195 for changeToCandidate
2019-10-30 05:53:26,712 [Thread-1419] INFO  impl.RoleInfo (RoleInfo.java:updateAndGet(143)) - 9127dd83-037b-4d39-812f-66db56af525a: start LeaderElection
2019-10-30 05:53:26,725 [9127dd83-037b-4d39-812f-66db56af525a@group-BCADF287A12B-LeaderElection180] INFO  impl.LeaderElection (LeaderElection.java:askForVotes(178)) - 9127dd83-037b-4d39-812f-66db56af525a@group-BCADF287A12B-LeaderElection180: begin an election at term 196 for -1: [7fae3aed-4e76-4283-a599-f93f794625ab:192.168.34.21:41352, 58095e90-3010-492a-9083-43cf2e035c3f:192.168.34.21:45284, 9127dd83-037b-4d39-812f-66db56af525a:192.168.34.21:42063], old=null
2019-10-30 05:53:26,727 [grpc-default-executor-2] INFO  impl.RaftServerImpl (RaftServerImpl.java:setRole(184)) - 7fae3aed-4e76-4283-a599-f93f794625ab@group-BCADF287A12B: changes role from  FOLLOWER to FOLLOWER at term 196 for recognizeCandidate:9127dd83-037b-4d39-812f-66db56af525a
2019-10-30 05:53:26,727 [grpc-default-executor-1] INFO  impl.RaftServerImpl (RaftServerImpl.java:setRole(184)) - 58095e90-3010-492a-9083-43cf2e035c3f@group-BCADF287A12B: changes role from  FOLLOWER to FOLLOWER at term 196 for recognizeCandidate:9127dd83-037b-4d39-812f-66db56af525a
2019-10-30 05:53:26,727 [grpc-default-executor-1] INFO  impl.RoleInfo (RoleInfo.java:shutdownFollowerState(121)) - 58095e90-3010-492a-9083-43cf2e035c3f: shutdown FollowerState
2019-10-30 05:53:26,727 [grpc-default-executor-2] INFO  impl.RoleInfo (RoleInfo.java:shutdownFollowerState(121)) - 7fae3aed-4e76-4283-a599-f93f794625ab: shutdown FollowerState
2019-10-30 05:53:26,727 [Thread-1417] INFO  impl.FollowerState (FollowerState.java:run(117)) - 58095e90-3010-492a-9083-43cf2e035c3f@group-BCADF287A12B-FollowerState was interrupted: java.lang.InterruptedException: sleep interrupted
2019-10-30 05:53:26,727 [grpc-default-executor-1] INFO  impl.RoleInfo (RoleInfo.java:updateAndGet(143)) - 58095e90-3010-492a-9083-43cf2e035c3f: start FollowerState
2019-10-30 05:53:26,727 [Thread-1418] INFO  impl.FollowerState (FollowerState.java:run(117)) - 7fae3aed-4e76-4283-a599-f93f794625ab@group-BCADF287A12B-FollowerState was interrupted: java.lang.InterruptedException: sleep interrupted
2019-10-30 05:53:26,727 [grpc-default-executor-2] INFO  impl.RoleInfo (RoleInfo.java:updateAndGet(143)) - 7fae3aed-4e76-4283-a599-f93f794625ab: start FollowerState
2019-10-30 05:53:26,742 [9127dd83-037b-4d39-812f-66db56af525a@group-BCADF287A12B-LeaderElection180] INFO  impl.LeaderElection (LeaderElection.java:logAndReturn(56)) - 9127dd83-037b-4d39-812f-66db56af525a@group-BCADF287A12B-LeaderElection180: Election REJECTED; received 2 response(s) [9127dd83-037b-4d39-812f-66db56af525a<-7fae3aed-4e76-4283-a599-f93f794625ab#0:FAIL-t196, 9127dd83-037b-4d39-812f-66db56af525a<-58095e90-3010-492a-9083-43cf2e035c3f#0:FAIL-t196] and 0 exception(s); 9127dd83-037b-4d39-812f-66db56af525a@group-BCADF287A12B:t196, leader=null, voted=9127dd83-037b-4d39-812f-66db56af525a, raftlog=9127dd83-037b-4d39-812f-66db56af525a@group-BCADF287A12B-SegmentedRaftLog:OPENED:c-1,f-1,i0, conf=-1: [7fae3aed-4e76-4283-a599-f93f794625ab:192.168.34.21:41352, 58095e90-3010-492a-9083-43cf2e035c3f:192.168.34.21:45284, 9127dd83-037b-4d39-812f-66db56af525a:192.168.34.21:42063], old=null
2019-10-30 05:53:26,742 [9127dd83-037b-4d39-812f-66db56af525a@group-BCADF287A12B-LeaderElection180] INFO  impl.RaftServerImpl (RaftServerImpl.java:setRole(184)) - 9127dd83-037b-4d39-812f-66db56af525a@group-BCADF287A12B: changes role from CANDIDATE to FOLLOWER at term 196 for DISCOVERED_A_NEW_TERM
2019-10-30 05:53:26,742 [9127dd83-037b-4d39-812f-66db56af525a@group-BCADF287A12B-LeaderElection180] INFO  impl.RoleInfo (RoleInfo.java:shutdownLeaderElection(134)) - 9127dd83-037b-4d39-812f-66db56af525a: shutdown LeaderElection
2019-10-30 05:53:26,742 [9127dd83-037b-4d39-812f-66db56af525a@group-BCADF287A12B-LeaderElection180] INFO  impl.RoleInfo (RoleInfo.java:updateAndGet(143)) - 9127dd83-037b-4d39-812f-66db56af525a: start FollowerState
2019-10-30 05:53:26,837 [Thread-1425] INFO  impl.FollowerState (FollowerState.java:run(108)) - 9127dd83-037b-4d39-812f-66db56af525a@group-BCADF287A12B-FollowerState: change to CANDIDATE, lastRpcTime:95ms, electionTimeout:95ms
2019-10-30 05:53:26,838 [Thread-1425] INFO  impl.RoleInfo (RoleInfo.java:shutdownFollowerState(121)) - 9127dd83-037b-4d39-812f-66db56af525a: shutdown FollowerState
2019-10-30 05:53:26,838 [Thread-1425] INFO  impl.RaftServerImpl (RaftServerImpl.java:setRole(184)) - 9127dd83-037b-4d39-812f-66db56af525a@group-BCADF287A12B: changes role from  FOLLOWER to CANDIDATE at term 196 for changeToCandidate
2019-10-30 05:53:26,838 [Thread-1425] INFO  impl.RoleInfo (RoleInfo.java:updateAndGet(143)) - 9127dd83-037b-4d39-812f-66db56af525a: start LeaderElection
2019-10-30 05:53:26,845 [9127dd83-037b-4d39-812f-66db56af525a@group-BCADF287A12B-LeaderElection181] INFO  impl.LeaderElection (LeaderElection.java:askForVotes(178)) - 9127dd83-037b-4d39-812f-66db56af525a@group-BCADF287A12B-LeaderElection181: begin an election at term 197 for -1: [7fae3aed-4e76-4283-a599-f93f794625ab:192.168.34.21:41352, 58095e90-3010-492a-9083-43cf2e035c3f:192.168.34.21:45284, 9127dd83-037b-4d39-812f-66db56af525a:192.168.34.21:42063], old=null
2019-10-30 05:53:26,847 [grpc-default-executor-2] INFO  impl.RaftServerImpl (RaftServerImpl.java:setRole(184)) - 7fae3aed-4e76-4283-a599-f93f794625ab@group-BCADF287A12B: changes role from  FOLLOWER to FOLLOWER at term 197 for recognizeCandidate:9127dd83-037b-4d39-812f-66db56af525a
2019-10-30 05:53:26,847 [grpc-default-executor-1] INFO  impl.RaftServerImpl (RaftServerImpl.java:setRole(184)) - 58095e90-3010-492a-9083-43cf2e035c3f@group-BCADF287A12B: changes role from  FOLLOWER to FOLLOWER at term 197 for recognizeCandidate:9127dd83-037b-4d39-812f-66db56af525a
2019-10-30 05:53:26,847 [grpc-default-executor-2] INFO  impl.RoleInfo (RoleInfo.java:shutdownFollowerState(121)) - 7fae3aed-4e76-4283-a599-f93f794625ab: shutdown FollowerState
2019-10-30 05:53:26,847 [grpc-default-executor-1] INFO  impl.RoleInfo (RoleInfo.java:shutdownFollowerState(121)) - 58095e90-3010-492a-9083-43cf2e035c3f: shutdown FollowerState
2019-10-30 05:53:26,847 [grpc-default-executor-2] INFO  impl.RoleInfo (RoleInfo.java:updateAndGet(143)) - 7fae3aed-4e76-4283-a599-f93f794625ab: start FollowerState
2019-10-30 05:53:26,847 [Thread-1424] INFO  impl.FollowerState (FollowerState.java:run(117)) - 7fae3aed-4e76-4283-a599-f93f794625ab@group-BCADF287A12B-FollowerState was interrupted: java.lang.InterruptedException: sleep interrupted
2019-10-30 05:53:26,847 [grpc-default-executor-1] INFO  impl.RoleInfo (RoleInfo.java:updateAndGet(143)) - 58095e90-3010-492a-9083-43cf2e035c3f: start FollowerState
2019-10-30 05:53:26,847 [Thread-1423] INFO  impl.FollowerState (FollowerState.java:run(117)) - 58095e90-3010-492a-9083-43cf2e035c3f@group-BCADF287A12B-FollowerState was interrupted: java.lang.InterruptedException: sleep interrupted
2019-10-30 05:53:26,861 [9127dd83-037b-4d39-812f-66db56af525a@group-BCADF287A12B-LeaderElection181] INFO  impl.LeaderElection (LeaderElection.java:logAndReturn(56)) - 9127dd83-037b-4d39-812f-66db56af525a@group-BCADF287A12B-LeaderElection181: Election REJECTED; received 2 response(s) [9127dd83-037b-4d39-812f-66db56af525a<-7fae3aed-4e76-4283-a599-f93f794625ab#0:FAIL-t197, 9127dd83-037b-4d39-812f-66db56af525a<-58095e90-3010-492a-9083-43cf2e035c3f#0:FAIL-t197] and 0 exception(s); 9127dd83-037b-4d39-812f-66db56af525a@group-BCADF287A12B:t197, leader=null, voted=9127dd83-037b-4d39-812f-66db56af525a, raftlog=9127dd83-037b-4d39-812f-66db56af525a@group-BCADF287A12B-SegmentedRaftLog:OPENED:c-1,f-1,i0, conf=-1: [7fae3aed-4e76-4283-a599-f93f794625ab:192.168.34.21:41352, 58095e90-3010-492a-9083-43cf2e035c3f:192.168.34.21:45284, 9127dd83-037b-4d39-812f-66db56af525a:192.168.34.21:42063], old=null
2019-10-30 05:53:26,861 [9127dd83-037b-4d39-812f-66db56af525a@group-BCADF287A12B-LeaderElection181] INFO  impl.RaftServerImpl (RaftServerImpl.java:setRole(184)) - 9127dd83-037b-4d39-812f-66db56af525a@group-BCADF287A12B: changes role from CANDIDATE to FOLLOWER at term 197 for DISCOVERED_A_NEW_TERM
2019-10-30 05:53:26,862 [9127dd83-037b-4d39-812f-66db56af525a@group-BCADF287A12B-LeaderElection181] INFO  impl.RoleInfo (RoleInfo.java:shutdownLeaderElection(134)) - 9127dd83-037b-4d39-812f-66db56af525a: shutdown LeaderElection
2019-10-30 05:53:26,862 [9127dd83-037b-4d39-812f-66db56af525a@group-BCADF287A12B-LeaderElection181] INFO  impl.RoleInfo (RoleInfo.java:updateAndGet(143)) - 9127dd83-037b-4d39-812f-66db56af525a: start FollowerState
2019-10-30 05:53:26,892 [Thread-1431] INFO  impl.FollowerState (FollowerState.java:run(108)) - 9127dd83-037b-4d39-812f-66db56af525a@group-BCADF287A12B-FollowerState: change to CANDIDATE, lastRpcTime:30ms, electionTimeout:30ms
2019-10-30 05:53:26,892 [Thread-1431] INFO  impl.RoleInfo (RoleInfo.java:shutdownFollowerState(121)) - 9127dd83-037b-4d39-812f-66db56af525a: shutdown FollowerState
2019-10-30 05:53:26,892 [Thread-1431] INFO  impl.RaftServerImpl (RaftServerImpl.java:setRole(184)) - 9127dd83-037b-4d39-812f-66db56af525a@group-BCADF287A12B: changes role from  FOLLOWER to CANDIDATE at term 197 for changeToCandidate
2019-10-30 05:53:26,892 [Thread-1431] INFO  impl.RoleInfo (RoleInfo.java:updateAndGet(143)) - 9127dd83-037b-4d39-812f-66db56af525a: start LeaderElection
2019-10-30 05:53:26,900 [9127dd83-037b-4d39-812f-66db56af525a@group-BCADF287A12B-LeaderElection182] INFO  impl.LeaderElection (LeaderElection.java:askForVotes(178)) - 9127dd83-037b-4d39-812f-66db56af525a@group-BCADF287A12B-LeaderElection182: begin an election at term 198 for -1: [7fae3aed-4e76-4283-a599-f93f794625ab:192.168.34.21:41352, 58095e90-3010-492a-9083-43cf2e035c3f:192.168.34.21:45284, 9127dd83-037b-4d39-812f-66db56af525a:192.168.34.21:42063], old=null
2019-10-30 05:53:26,902 [grpc-default-executor-2] INFO  impl.RaftServerImpl (RaftServerImpl.java:setRole(184)) - 58095e90-3010-492a-9083-43cf2e035c3f@group-BCADF287A12B: changes role from  FOLLOWER to FOLLOWER at term 198 for recognizeCandidate:9127dd83-037b-4d39-812f-66db56af525a
2019-10-30 05:53:26,902 [grpc-default-executor-2] INFO  impl.RoleInfo (RoleInfo.java:shutdownFollowerState(121)) - 58095e90-3010-492a-9083-43cf2e035c3f: shutdown FollowerState
2019-10-30 05:53:26,902 [grpc-default-executor-2] INFO  impl.RoleInfo (RoleInfo.java:updateAndGet(143)) - 58095e90-3010-492a-9083-43cf2e035c3f: start FollowerState
2019-10-30 05:53:26,903 [Thread-1430] INFO  impl.FollowerState (FollowerState.java:run(117)) - 58095e90-3010-492a-9083-43cf2e035c3f@group-BCADF287A12B-FollowerState was interrupted: java.lang.InterruptedException: sleep interrupted
2019-10-30 05:53:26,903 [grpc-default-executor-1] INFO  impl.RaftServerImpl (RaftServerImpl.java:setRole(184)) - 7fae3aed-4e76-4283-a599-f93f794625ab@group-BCADF287A12B: changes role from  FOLLOWER to FOLLOWER at term 198 for recognizeCandidate:9127dd83-037b-4d39-812f-66db56af525a
2019-10-30 05:53:26,903 [grpc-default-executor-1] INFO  impl.RoleInfo (RoleInfo.java:shutdownFollowerState(121)) - 7fae3aed-4e76-4283-a599-f93f794625ab: shutdown FollowerState
2019-10-30 05:53:26,903 [grpc-default-executor-1] INFO  impl.RoleInfo (RoleInfo.java:updateAndGet(143)) - 7fae3aed-4e76-4283-a599-f93f794625ab: start FollowerState
2019-10-30 05:53:26,903 [Thread-1429] INFO  impl.FollowerState (FollowerState.java:run(117)) - 7fae3aed-4e76-4283-a599-f93f794625ab@group-BCADF287A12B-FollowerState was interrupted: java.lang.InterruptedException: sleep interrupted
2019-10-30 05:53:26,918 [9127dd83-037b-4d39-812f-66db56af525a@group-BCADF287A12B-LeaderElection182] INFO  impl.LeaderElection (LeaderElection.java:logAndReturn(56)) - 9127dd83-037b-4d39-812f-66db56af525a@group-BCADF287A12B-LeaderElection182: Election REJECTED; received 2 response(s) [9127dd83-037b-4d39-812f-66db56af525a<-7fae3aed-4e76-4283-a599-f93f794625ab#0:FAIL-t198, 9127dd83-037b-4d39-812f-66db56af525a<-58095e90-3010-492a-9083-43cf2e035c3f#0:FAIL-t198] and 0 exception(s); 9127dd83-037b-4d39-812f-66db56af525a@group-BCADF287A12B:t198, leader=null, voted=9127dd83-037b-4d39-812f-66db56af525a, raftlog=9127dd83-037b-4d39-812f-66db56af525a@group-BCADF287A12B-SegmentedRaftLog:OPENED:c-1,f-1,i0, conf=-1: [7fae3aed-4e76-4283-a599-f93f794625ab:192.168.34.21:41352, 58095e90-3010-492a-9083-43cf2e035c3f:192.168.34.21:45284, 9127dd83-037b-4d39-812f-66db56af525a:192.168.34.21:42063], old=null
2019-10-30 05:53:26,919 [9127dd83-037b-4d39-812f-66db56af525a@group-BCADF287A12B-LeaderElection182] INFO  impl.RaftServerImpl (RaftServerImpl.java:setRole(184)) - 9127dd83-037b-4d39-812f-66db56af525a@group-BCADF287A12B: changes role from CANDIDATE to FOLLOWER at term 198 for DISCOVERED_A_NEW_TERM
2019-10-30 05:53:26,919 [9127dd83-037b-4d39-812f-66db56af525a@group-BCADF287A12B-LeaderElection182] INFO  impl.RoleInfo (RoleInfo.java:shutdownLeaderElection(134)) - 9127dd83-037b-4d39-812f-66db56af525a: shutdown LeaderElection
2019-10-30 05:53:26,919 [9127dd83-037b-4d39-812f-66db56af525a@group-BCADF287A12B-LeaderElection182] INFO  impl.RoleInfo (RoleInfo.java:updateAndGet(143)) - 9127dd83-037b-4d39-812f-66db56af525a: start FollowerState
2019-10-30 05:53:26,938 [Thread-1437] INFO  impl.FollowerState (FollowerState.java:run(108)) - 9127dd83-037b-4d39-812f-66db56af525a@group-BCADF287A12B-FollowerState: change to CANDIDATE, lastRpcTime:19ms, electionTimeout:19ms
2019-10-30 05:53:26,938 [Thread-1437] INFO  impl.RoleInfo (RoleInfo.java:shutdownFollowerState(121)) - 9127dd83-037b-4d39-812f-66db56af525a: shutdown FollowerState
2019-10-30 05:53:26,938 [Thread-1437] INFO  impl.RaftServerImpl (RaftServerImpl.java:setRole(184)) - 9127dd83-037b-4d39-812f-66db56af525a@group-BCADF287A12B: changes role from  FOLLOWER to CANDIDATE at term 198 for changeToCandidate
2019-10-30 05:53:26,938 [Thread-1437] INFO  impl.RoleInfo (RoleInfo.java:updateAndGet(143)) - 9127dd83-037b-4d39-812f-66db56af525a: start LeaderElection
2019-10-30 05:53:26,948 [9127dd83-037b-4d39-812f-66db56af525a@group-BCADF287A12B-LeaderElection183] INFO  impl.LeaderElection (LeaderElection.java:askForVotes(178)) - 9127dd83-037b-4d39-812f-66db56af525a@group-BCADF287A12B-LeaderElection183: begin an election at term 199 for -1: [7fae3aed-4e76-4283-a599-f93f794625ab:192.168.34.21:41352, 58095e90-3010-492a-9083-43cf2e035c3f:192.168.34.21:45284, 9127dd83-037b-4d39-812f-66db56af525a:192.168.34.21:42063], old=null
2019-10-30 05:53:26,949 [grpc-default-executor-1] INFO  impl.RaftServerImpl (RaftServerImpl.java:setRole(184)) - 58095e90-3010-492a-9083-43cf2e035c3f@group-BCADF287A12B: changes role from  FOLLOWER to FOLLOWER at term 199 for recognizeCandidate:9127dd83-037b-4d39-812f-66db56af525a
2019-10-30 05:53:26,949 [grpc-default-executor-2] INFO  impl.RaftServerImpl (RaftServerImpl.java:setRole(184)) - 7fae3aed-4e76-4283-a599-f93f794625ab@group-BCADF287A12B: changes role from  FOLLOWER to FOLLOWER at term 199 for recognizeCandidate:9127dd83-037b-4d39-812f-66db56af525a
2019-10-30 05:53:26,950 [grpc-default-executor-2] INFO  impl.RoleInfo (RoleInfo.java:shutdownFollowerState(121)) - 7fae3aed-4e76-4283-a599-f93f794625ab: shutdown FollowerState
2019-10-30 05:53:26,949 [grpc-default-executor-1] INFO  impl.RoleInfo (RoleInfo.java:shutdownFollowerState(121)) - 58095e90-3010-492a-9083-43cf2e035c3f: shutdown FollowerState
2019-10-30 05:53:26,950 [grpc-default-executor-2] INFO  impl.RoleInfo (RoleInfo.java:updateAndGet(143)) - 7fae3aed-4e76-4283-a599-f93f794625ab: start FollowerState
2019-10-30 05:53:26,950 [Thread-1435] INFO  impl.FollowerState (FollowerState.java:run(117)) - 58095e90-3010-492a-9083-43cf2e035c3f@group-BCADF287A12B-FollowerState was interrupted: java.lang.InterruptedException: sleep interrupted
2019-10-30 05:53:26,950 [grpc-default-executor-1] INFO  impl.RoleInfo (RoleInfo.java:updateAndGet(143)) - 58095e90-3010-492a-9083-43cf2e035c3f: start FollowerState
2019-10-30 05:53:26,950 [Thread-1436] INFO  impl.FollowerState (FollowerState.java:run(117)) - 7fae3aed-4e76-4283-a599-f93f794625ab@group-BCADF287A12B-FollowerState was interrupted: java.lang.InterruptedException: sleep interrupted
2019-10-30 05:53:26,954 [9127dd83-037b-4d39-812f-66db56af525a@group-BCADF287A12B-LeaderElection183] INFO  impl.LeaderElection (LeaderElection.java:logAndReturn(56)) - 9127dd83-037b-4d39-812f-66db56af525a@group-BCADF287A12B-LeaderElection183: Election TIMEOUT; received 0 response(s) [] and 0 exception(s); 9127dd83-037b-4d39-812f-66db56af525a@group-BCADF287A12B:t199, leader=null, voted=9127dd83-037b-4d39-812f-66db56af525a, raftlog=9127dd83-037b-4d39-812f-66db56af525a@group-BCADF287A12B-SegmentedRaftLog:OPENED:c-1,f-1,i0, conf=-1: [7fae3aed-4e76-4283-a599-f93f794625ab:192.168.34.21:41352, 58095e90-3010-492a-9083-43cf2e035c3f:192.168.34.21:45284, 9127dd83-037b-4d39-812f-66db56af525a:192.168.34.21:42063], old=null
2019-10-30 05:53:26,963 [9127dd83-037b-4d39-812f-66db56af525a@group-BCADF287A12B-LeaderElection183] INFO  impl.LeaderElection (LeaderElection.java:askForVotes(178)) - 9127dd83-037b-4d39-812f-66db56af525a@group-BCADF287A12B-LeaderElection183: begin an election at term 200 for -1: [7fae3aed-4e76-4283-a599-f93f794625ab:192.168.34.21:41352, 58095e90-3010-492a-9083-43cf2e035c3f:192.168.34.21:45284, 9127dd83-037b-4d39-812f-66db56af525a:192.168.34.21:42063], old=null
2019-10-30 05:53:26,965 [grpc-default-executor-2] INFO  impl.RaftServerImpl (RaftServerImpl.java:setRole(184)) - 7fae3aed-4e76-4283-a599-f93f794625ab@group-BCADF287A12B: changes role from  FOLLOWER to FOLLOWER at term 200 for recognizeCandidate:9127dd83-037b-4d39-812f-66db56af525a
2019-10-30 05:53:26,965 [grpc-default-executor-2] INFO  impl.RoleInfo (RoleInfo.java:shutdownFollowerState(121)) - 7fae3aed-4e76-4283-a599-f93f794625ab: shutdown FollowerState
2019-10-30 05:53:26,966 [grpc-default-executor-1] INFO  impl.RaftServerImpl (RaftServerImpl.java:setRole(184)) - 58095e90-3010-492a-9083-43cf2e035c3f@group-BCADF287A12B: changes role from  FOLLOWER to FOLLOWER at term 200 for recognizeCandidate:9127dd83-037b-4d39-812f-66db56af525a
2019-10-30 05:53:26,966 [Thread-1441] INFO  impl.FollowerState (FollowerState.java:run(117)) - 7fae3aed-4e76-4283-a599-f93f794625ab@group-BCADF287A12B-FollowerState was interrupted: java.lang.InterruptedException: sleep interrupted
2019-10-30 05:53:26,966 [grpc-default-executor-1] INFO  impl.RoleInfo (RoleInfo.java:shutdownFollowerState(121)) - 58095e90-3010-492a-9083-43cf2e035c3f: shutdown FollowerState
2019-10-30 05:53:26,966 [grpc-default-executor-2] INFO  impl.RoleInfo (RoleInfo.java:updateAndGet(143)) - 7fae3aed-4e76-4283-a599-f93f794625ab: start FollowerState
2019-10-30 05:53:26,966 [Thread-1442] INFO  impl.FollowerState (FollowerState.java:run(117)) - 58095e90-3010-492a-9083-43cf2e035c3f@group-BCADF287A12B-FollowerState was interrupted: java.lang.InterruptedException: sleep interrupted
2019-10-30 05:53:26,966 [grpc-default-executor-1] INFO  impl.RoleInfo (RoleInfo.java:updateAndGet(143)) - 58095e90-3010-492a-9083-43cf2e035c3f: start FollowerState
2019-10-30 05:53:26,983 [9127dd83-037b-4d39-812f-66db56af525a@group-BCADF287A12B-LeaderElection183] INFO  impl.LeaderElection (LeaderElection.java:logAndReturn(56)) - 9127dd83-037b-4d39-812f-66db56af525a@group-BCADF287A12B-LeaderElection183: Election REJECTED; received 2 response(s) [9127dd83-037b-4d39-812f-66db56af525a<-7fae3aed-4e76-4283-a599-f93f794625ab#0:FAIL-t200, 9127dd83-037b-4d39-812f-66db56af525a<-58095e90-3010-492a-9083-43cf2e035c3f#0:FAIL-t200] and 0 exception(s); 9127dd83-037b-4d39-812f-66db56af525a@group-BCADF287A12B:t200, leader=null, voted=9127dd83-037b-4d39-812f-66db56af525a, raftlog=9127dd83-037b-4d39-812f-66db56af525a@group-BCADF287A12B-SegmentedRaftLog:OPENED:c-1,f-1,i0, conf=-1: [7fae3aed-4e76-4283-a599-f93f794625ab:192.168.34.21:41352, 58095e90-3010-492a-9083-43cf2e035c3f:192.168.34.21:45284, 9127dd83-037b-4d39-812f-66db56af525a:192.168.34.21:42063], old=null
2019-10-30 05:53:26,983 [9127dd83-037b-4d39-812f-66db56af525a@group-BCADF287A12B-LeaderElection183] INFO  impl.RaftServerImpl (RaftServerImpl.java:setRole(184)) - 9127dd83-037b-4d39-812f-66db56af525a@group-BCADF287A12B: changes role from CANDIDATE to FOLLOWER at term 200 for DISCOVERED_A_NEW_TERM
2019-10-30 05:53:26,983 [9127dd83-037b-4d39-812f-66db56af525a@group-BCADF287A12B-LeaderElection183] INFO  impl.RoleInfo (RoleInfo.java:shutdownLeaderElection(134)) - 9127dd83-037b-4d39-812f-66db56af525a: shutdown LeaderElection
2019-10-30 05:53:26,983 [9127dd83-037b-4d39-812f-66db56af525a@group-BCADF287A12B-LeaderElection183] INFO  impl.RoleInfo (RoleInfo.java:updateAndGet(143)) - 9127dd83-037b-4d39-812f-66db56af525a: start FollowerState
2019-10-30 05:53:27,028 [Thread-1447] INFO  impl.FollowerState (FollowerState.java:run(108)) - 9127dd83-037b-4d39-812f-66db56af525a@group-BCADF287A12B-FollowerState: change to CANDIDATE, lastRpcTime:44ms, electionTimeout:44ms
2019-10-30 05:53:27,028 [Thread-1447] INFO  impl.RoleInfo (RoleInfo.java:shutdownFollowerState(121)) - 9127dd83-037b-4d39-812f-66db56af525a: shutdown FollowerState
2019-10-30 05:53:27,028 [Thread-1447] INFO  impl.RaftServerImpl (RaftServerImpl.java:setRole(184)) - 9127dd83-037b-4d39-812f-66db56af525a@group-BCADF287A12B: changes role from  FOLLOWER to CANDIDATE at term 200 for changeToCandidate
2019-10-30 05:53:27,028 [Thread-1447] INFO  impl.RoleInfo (RoleInfo.java:updateAndGet(143)) - 9127dd83-037b-4d39-812f-66db56af525a: start LeaderElection
2019-10-30 05:53:27,042 [9127dd83-037b-4d39-812f-66db56af525a@group-BCADF287A12B-LeaderElection184] INFO  impl.LeaderElection (LeaderElection.java:askForVotes(178)) - 9127dd83-037b-4d39-812f-66db56af525a@group-BCADF287A12B-LeaderElection184: begin an election at term 201 for -1: [7fae3aed-4e76-4283-a599-f93f794625ab:192.168.34.21:41352, 58095e90-3010-492a-9083-43cf2e035c3f:192.168.34.21:45284, 9127dd83-037b-4d39-812f-66db56af525a:192.168.34.21:42063], old=null
2019-10-30 05:53:27,044 [grpc-default-executor-2] INFO  impl.RaftServerImpl (RaftServerImpl.java:setRole(184)) - 7fae3aed-4e76-4283-a599-f93f794625ab@group-BCADF287A12B: changes role from  FOLLOWER to FOLLOWER at term 201 for recognizeCandidate:9127dd83-037b-4d39-812f-66db56af525a
2019-10-30 05:53:27,044 [grpc-default-executor-2] INFO  impl.RoleInfo (RoleInfo.java:shutdownFollowerState(121)) - 7fae3aed-4e76-4283-a599-f93f794625ab: shutdown FollowerState
2019-10-30 05:53:27,044 [grpc-default-executor-1] INFO  impl.RaftServerImpl (RaftServerImpl.java:setRole(184)) - 58095e90-3010-492a-9083-43cf2e035c3f@group-BCADF287A12B: changes role from  FOLLOWER to FOLLOWER at term 201 for recognizeCandidate:9127dd83-037b-4d39-812f-66db56af525a
2019-10-30 05:53:27,044 [Thread-1445] INFO  impl.FollowerState (FollowerState.java:run(117)) - 7fae3aed-4e76-4283-a599-f93f794625ab@group-BCADF287A12B-FollowerState was interrupted: java.lang.InterruptedException: sleep interrupted
2019-10-30 05:53:27,044 [grpc-default-executor-2] INFO  impl.RoleInfo (RoleInfo.java:updateAndGet(143)) - 7fae3aed-4e76-4283-a599-f93f794625ab: start FollowerState
2019-10-30 05:53:27,044 [grpc-default-executor-1] INFO  impl.RoleInfo (RoleInfo.java:shutdownFollowerState(121)) - 58095e90-3010-492a-9083-43cf2e035c3f: shutdown FollowerState
2019-10-30 05:53:27,045 [grpc-default-executor-1] INFO  impl.RoleInfo (RoleInfo.java:updateAndGet(143)) - 58095e90-3010-492a-9083-43cf2e035c3f: start FollowerState
2019-10-30 05:53:27,045 [Thread-1446] INFO  impl.FollowerState (FollowerState.java:run(117)) - 58095e90-3010-492a-9083-43cf2e035c3f@group-BCADF287A12B-FollowerState was interrupted: java.lang.InterruptedException: sleep interrupted
2019-10-30 05:53:27,060 [9127dd83-037b-4d39-812f-66db56af525a@group-BCADF287A12B-LeaderElection184] INFO  impl.LeaderElection (LeaderElection.java:logAndReturn(56)) - 9127dd83-037b-4d39-812f-66db56af525a@group-BCADF287A12B-LeaderElection184: Election REJECTED; received 2 response(s) [9127dd83-037b-4d39-812f-66db56af525a<-7fae3aed-4e76-4283-a599-f93f794625ab#0:FAIL-t201, 9127dd83-037b-4d39-812f-66db56af525a<-58095e90-3010-492a-9083-43cf2e035c3f#0:FAIL-t201] and 0 exception(s); 9127dd83-037b-4d39-812f-66db56af525a@group-BCADF287A12B:t201, leader=null, voted=9127dd83-037b-4d39-812f-66db56af525a, raftlog=9127dd83-037b-4d39-812f-66db56af525a@group-BCADF287A12B-SegmentedRaftLog:OPENED:c-1,f-1,i0, conf=-1: [7fae3aed-4e76-4283-a599-f93f794625ab:192.168.34.21:41352, 58095e90-3010-492a-9083-43cf2e035c3f:192.168.34.21:45284, 9127dd83-037b-4d39-812f-66db56af525a:192.168.34.21:42063], old=null
2019-10-30 05:53:27,060 [9127dd83-037b-4d39-812f-66db56af525a@group-BCADF287A12B-LeaderElection184] INFO  impl.RaftServerImpl (RaftServerImpl.java:setRole(184)) - 9127dd83-037b-4d39-812f-66db56af525a@group-BCADF287A12B: changes role from CANDIDATE to FOLLOWER at term 201 for DISCOVERED_A_NEW_TERM
2019-10-30 05:53:27,060 [9127dd83-037b-4d39-812f-66db56af525a@group-BCADF287A12B-LeaderElection184] INFO  impl.RoleInfo (RoleInfo.java:shutdownLeaderElection(134)) - 9127dd83-037b-4d39-812f-66db56af525a: shutdown LeaderElection
2019-10-30 05:53:27,060 [9127dd83-037b-4d39-812f-66db56af525a@group-BCADF287A12B-LeaderElection184] INFO  impl.RoleInfo (RoleInfo.java:updateAndGet(143)) - 9127dd83-037b-4d39-812f-66db56af525a: start FollowerState
2019-10-30 05:53:27,214 [Thread-1453] INFO  impl.FollowerState (FollowerState.java:run(108)) - 9127dd83-037b-4d39-812f-66db56af525a@group-BCADF287A12B-FollowerState: change to CANDIDATE, lastRpcTime:153ms, electionTimeout:153ms
2019-10-30 05:53:27,214 [Thread-1453] INFO  impl.RoleInfo (RoleInfo.java:shutdownFollowerState(121)) - 9127dd83-037b-4d39-812f-66db56af525a: shutdown FollowerState
2019-10-30 05:53:27,214 [Thread-1453] INFO  impl.RaftServerImpl (RaftServerImpl.java:setRole(184)) - 9127dd83-037b-4d39-812f-66db56af525a@group-BCADF287A12B: changes role from  FOLLOWER to CANDIDATE at term 201 for changeToCandidate
2019-10-30 05:53:27,214 [Thread-1453] INFO  impl.RoleInfo (RoleInfo.java:updateAndGet(143)) - 9127dd83-037b-4d39-812f-66db56af525a: start LeaderElection
2019-10-30 05:53:27,227 [9127dd83-037b-4d39-812f-66db56af525a@group-BCADF287A12B-LeaderElection185] INFO  impl.LeaderElection (LeaderElection.java:askForVotes(178)) - 9127dd83-037b-4d39-812f-66db56af525a@group-BCADF287A12B-LeaderElection185: begin an election at term 202 for -1: [7fae3aed-4e76-4283-a599-f93f794625ab:192.168.34.21:41352, 58095e90-3010-492a-9083-43cf2e035c3f:192.168.34.21:45284, 9127dd83-037b-4d39-812f-66db56af525a:192.168.34.21:42063], old=null
2019-10-30 05:53:27,229 [grpc-default-executor-2] INFO  impl.RaftServerImpl (RaftServerImpl.java:setRole(184)) - 58095e90-3010-492a-9083-43cf2e035c3f@group-BCADF287A12B: changes role from  FOLLOWER to FOLLOWER at term 202 for recognizeCandidate:9127dd83-037b-4d39-812f-66db56af525a
2019-10-30 05:53:27,229 [grpc-default-executor-2] INFO  impl.RoleInfo (RoleInfo.java:shutdownFollowerState(121)) - 58095e90-3010-492a-9083-43cf2e035c3f: shutdown FollowerState
2019-10-30 05:53:27,229 [grpc-default-executor-1] INFO  impl.RaftServerImpl (RaftServerImpl.java:setRole(184)) - 7fae3aed-4e76-4283-a599-f93f794625ab@group-BCADF287A12B: changes role from  FOLLOWER to FOLLOWER at term 202 for recognizeCandidate:9127dd83-037b-4d39-812f-66db56af525a
2019-10-30 05:53:27,229 [Thread-1452] INFO  impl.FollowerState (FollowerState.java:run(117)) - 58095e90-3010-492a-9083-43cf2e035c3f@group-BCADF287A12B-FollowerState was interrupted: java.lang.InterruptedException: sleep interrupted
2019-10-30 05:53:27,229 [grpc-default-executor-2] INFO  impl.RoleInfo (RoleInfo.java:updateAndGet(143)) - 58095e90-3010-492a-9083-43cf2e035c3f: start FollowerState
2019-10-30 05:53:27,229 [grpc-default-executor-1] INFO  impl.RoleInfo (RoleInfo.java:shutdownFollowerState(121)) - 7fae3aed-4e76-4283-a599-f93f794625ab: shutdown FollowerState
2019-10-30 05:53:27,230 [grpc-default-executor-1] INFO  impl.RoleInfo (RoleInfo.java:updateAndGet(143)) - 7fae3aed-4e76-4283-a599-f93f794625ab: start FollowerState
2019-10-30 05:53:27,230 [Thread-1451] INFO  impl.FollowerState (FollowerState.java:run(117)) - 7fae3aed-4e76-4283-a599-f93f794625ab@group-BCADF287A12B-FollowerState was interrupted: java.lang.InterruptedException: sleep interrupted
2019-10-30 05:53:27,242 [9127dd83-037b-4d39-812f-66db56af525a@group-BCADF287A12B-LeaderElection185] INFO  impl.LeaderElection (LeaderElection.java:logAndReturn(56)) - 9127dd83-037b-4d39-812f-66db56af525a@group-BCADF287A12B-LeaderElection185: Election REJECTED; received 2 response(s) [9127dd83-037b-4d39-812f-66db56af525a<-7fae3aed-4e76-4283-a599-f93f794625ab#0:FAIL-t202, 9127dd83-037b-4d39-812f-66db56af525a<-58095e90-3010-492a-9083-43cf2e035c3f#0:FAIL-t202] and 0 exception(s); 9127dd83-037b-4d39-812f-66db56af525a@group-BCADF287A12B:t202, leader=null, voted=9127dd83-037b-4d39-812f-66db56af525a, raftlog=9127dd83-037b-4d39-812f-66db56af525a@group-BCADF287A12B-SegmentedRaftLog:OPENED:c-1,f-1,i0, conf=-1: [7fae3aed-4e76-4283-a599-f93f794625ab:192.168.34.21:41352, 58095e90-3010-492a-9083-43cf2e035c3f:192.168.34.21:45284, 9127dd83-037b-4d39-812f-66db56af525a:192.168.34.21:42063], old=null
2019-10-30 05:53:27,242 [9127dd83-037b-4d39-812f-66db56af525a@group-BCADF287A12B-LeaderElection185] INFO  impl.RaftServerImpl (RaftServerImpl.java:setRole(184)) - 9127dd83-037b-4d39-812f-66db56af525a@group-BCADF287A12B: changes role from CANDIDATE to FOLLOWER at term 202 for DISCOVERED_A_NEW_TERM
2019-10-30 05:53:27,242 [9127dd83-037b-4d39-812f-66db56af525a@group-BCADF287A12B-LeaderElection185] INFO  impl.RoleInfo (RoleInfo.java:shutdownLeaderElection(134)) - 9127dd83-037b-4d39-812f-66db56af525a: shutdown LeaderElection
2019-10-30 05:53:27,242 [9127dd83-037b-4d39-812f-66db56af525a@group-BCADF287A12B-LeaderElection185] INFO  impl.RoleInfo (RoleInfo.java:updateAndGet(143)) - 9127dd83-037b-4d39-812f-66db56af525a: start FollowerState
2019-10-30 05:53:27,251 [Thread-1461] INFO  impl.FollowerState (FollowerState.java:run(108)) - 9127dd83-037b-4d39-812f-66db56af525a@group-BCADF287A12B-FollowerState: change to CANDIDATE, lastRpcTime:9ms, electionTimeout:8ms
2019-10-30 05:53:27,252 [Thread-1461] INFO  impl.RoleInfo (RoleInfo.java:shutdownFollowerState(121)) - 9127dd83-037b-4d39-812f-66db56af525a: shutdown FollowerState
2019-10-30 05:53:27,252 [Thread-1461] INFO  impl.RaftServerImpl (RaftServerImpl.java:setRole(184)) - 9127dd83-037b-4d39-812f-66db56af525a@group-BCADF287A12B: changes role from  FOLLOWER to CANDIDATE at term 202 for changeToCandidate
2019-10-30 05:53:27,252 [Thread-1461] INFO  impl.RoleInfo (RoleInfo.java:updateAndGet(143)) - 9127dd83-037b-4d39-812f-66db56af525a: start LeaderElection
2019-10-30 05:53:27,265 [9127dd83-037b-4d39-812f-66db56af525a@group-BCADF287A12B-LeaderElection186] INFO  impl.LeaderElection (LeaderElection.java:askForVotes(178)) - 9127dd83-037b-4d39-812f-66db56af525a@group-BCADF287A12B-LeaderElection186: begin an election at term 203 for -1: [7fae3aed-4e76-4283-a599-f93f794625ab:192.168.34.21:41352, 58095e90-3010-492a-9083-43cf2e035c3f:192.168.34.21:45284, 9127dd83-037b-4d39-812f-66db56af525a:192.168.34.21:42063], old=null
2019-10-30 05:53:27,267 [grpc-default-executor-1] INFO  impl.RaftServerImpl (RaftServerImpl.java:setRole(184)) - 58095e90-3010-492a-9083-43cf2e035c3f@group-BCADF287A12B: changes role from  FOLLOWER to FOLLOWER at term 203 for recognizeCandidate:9127dd83-037b-4d39-812f-66db56af525a
2019-10-30 05:53:27,267 [9127dd83-037b-4d39-812f-66db56af525a@group-BCADF287A12B-LeaderElection186] INFO  impl.LeaderElection (LeaderElection.java:logAndReturn(56)) - 9127dd83-037b-4d39-812f-66db56af525a@group-BCADF287A12B-LeaderElection186: Election TIMEOUT; received 0 response(s) [] and 0 exception(s); 9127dd83-037b-4d39-812f-66db56af525a@group-BCADF287A12B:t203, leader=null, voted=9127dd83-037b-4d39-812f-66db56af525a, raftlog=9127dd83-037b-4d39-812f-66db56af525a@group-BCADF287A12B-SegmentedRaftLog:OPENED:c-1,f-1,i0, conf=-1: [7fae3aed-4e76-4283-a599-f93f794625ab:192.168.34.21:41352, 58095e90-3010-492a-9083-43cf2e035c3f:192.168.34.21:45284, 9127dd83-037b-4d39-812f-66db56af525a:192.168.34.21:42063], old=null
2019-10-30 05:53:27,267 [grpc-default-executor-2] INFO  impl.RaftServerImpl (RaftServerImpl.java:setRole(184)) - 7fae3aed-4e76-4283-a599-f93f794625ab@group-BCADF287A12B: changes role from  FOLLOWER to FOLLOWER at term 203 for recognizeCandidate:9127dd83-037b-4d39-812f-66db56af525a
2019-10-30 05:53:27,267 [grpc-default-executor-1] INFO  impl.RoleInfo (RoleInfo.java:shutdownFollowerState(121)) - 58095e90-3010-492a-9083-43cf2e035c3f: shutdown FollowerState
2019-10-30 05:53:27,267 [grpc-default-executor-2] INFO  impl.RoleInfo (RoleInfo.java:shutdownFollowerState(121)) - 7fae3aed-4e76-4283-a599-f93f794625ab: shutdown FollowerState
2019-10-30 05:53:27,267 [Thread-1459] INFO  impl.FollowerState (FollowerState.java:run(117)) - 58095e90-3010-492a-9083-43cf2e035c3f@group-BCADF287A12B-FollowerState was interrupted: java.lang.InterruptedException: sleep interrupted
2019-10-30 05:53:27,267 [grpc-default-executor-1] INFO  impl.RoleInfo (RoleInfo.java:updateAndGet(143)) - 58095e90-3010-492a-9083-43cf2e035c3f: start FollowerState
2019-10-30 05:53:27,267 [Thread-1460] INFO  impl.FollowerState (FollowerState.java:run(117)) - 7fae3aed-4e76-4283-a599-f93f794625ab@group-BCADF287A12B-FollowerState was interrupted: java.lang.InterruptedException: sleep interrupted
2019-10-30 05:53:27,267 [grpc-default-executor-2] INFO  impl.RoleInfo (RoleInfo.java:updateAndGet(143)) - 7fae3aed-4e76-4283-a599-f93f794625ab: start FollowerState
2019-10-30 05:53:27,280 [9127dd83-037b-4d39-812f-66db56af525a@group-BCADF287A12B-LeaderElection186] INFO  impl.LeaderElection (LeaderElection.java:askForVotes(178)) - 9127dd83-037b-4d39-812f-66db56af525a@group-BCADF287A12B-LeaderElection186: begin an election at term 204 for -1: [7fae3aed-4e76-4283-a599-f93f794625ab:192.168.34.21:41352, 58095e90-3010-492a-9083-43cf2e035c3f:192.168.34.21:45284, 9127dd83-037b-4d39-812f-66db56af525a:192.168.34.21:42063], old=null
2019-10-30 05:53:27,281 [grpc-default-executor-2] INFO  impl.RaftServerImpl (RaftServerImpl.java:setRole(184)) - 58095e90-3010-492a-9083-43cf2e035c3f@group-BCADF287A12B: changes role from  FOLLOWER to FOLLOWER at term 204 for recognizeCandidate:9127dd83-037b-4d39-812f-66db56af525a
2019-10-30 05:53:27,281 [grpc-default-executor-2] INFO  impl.RoleInfo (RoleInfo.java:shutdownFollowerState(121)) - 58095e90-3010-492a-9083-43cf2e035c3f: shutdown FollowerState
2019-10-30 05:53:27,281 [grpc-default-executor-1] INFO  impl.RaftServerImpl (RaftServerImpl.java:setRole(184)) - 7fae3aed-4e76-4283-a599-f93f794625ab@group-BCADF287A12B: changes role from  FOLLOWER to FOLLOWER at term 204 for recognizeCandidate:9127dd83-037b-4d39-812f-66db56af525a
2019-10-30 05:53:27,282 [grpc-default-executor-1] INFO  impl.RoleInfo (RoleInfo.java:shutdownFollowerState(121)) - 7fae3aed-4e76-4283-a599-f93f794625ab: shutdown FollowerState
2019-10-30 05:53:27,282 [Thread-1465] INFO  impl.FollowerState (FollowerState.java:run(117)) - 58095e90-3010-492a-9083-43cf2e035c3f@group-BCADF287A12B-FollowerState was interrupted: java.lang.InterruptedException: sleep interrupted
2019-10-30 05:53:27,281 [grpc-default-executor-2] INFO  impl.RoleInfo (RoleInfo.java:updateAndGet(143)) - 58095e90-3010-492a-9083-43cf2e035c3f: start FollowerState
2019-10-30 05:53:27,282 [Thread-1466] INFO  impl.FollowerState (FollowerState.java:run(117)) - 7fae3aed-4e76-4283-a599-f93f794625ab@group-BCADF287A12B-FollowerState was interrupted: java.lang.InterruptedException: sleep interrupted
2019-10-30 05:53:27,282 [grpc-default-executor-1] INFO  impl.RoleInfo (RoleInfo.java:updateAndGet(143)) - 7fae3aed-4e76-4283-a599-f93f794625ab: start FollowerState
2019-10-30 05:53:27,299 [9127dd83-037b-4d39-812f-66db56af525a@group-BCADF287A12B-LeaderElection186] INFO  impl.LeaderElection (LeaderElection.java:logAndReturn(56)) - 9127dd83-037b-4d39-812f-66db56af525a@group-BCADF287A12B-LeaderElection186: Election REJECTED; received 2 response(s) [9127dd83-037b-4d39-812f-66db56af525a<-7fae3aed-4e76-4283-a599-f93f794625ab#0:FAIL-t204, 9127dd83-037b-4d39-812f-66db56af525a<-58095e90-3010-492a-9083-43cf2e035c3f#0:FAIL-t204] and 0 exception(s); 9127dd83-037b-4d39-812f-66db56af525a@group-BCADF287A12B:t204, leader=null, voted=9127dd83-037b-4d39-812f-66db56af525a, raftlog=9127dd83-037b-4d39-812f-66db56af525a@group-BCADF287A12B-SegmentedRaftLog:OPENED:c-1,f-1,i0, conf=-1: [7fae3aed-4e76-4283-a599-f93f794625ab:192.168.34.21:41352, 58095e90-3010-492a-9083-43cf2e035c3f:192.168.34.21:45284, 9127dd83-037b-4d39-812f-66db56af525a:192.168.34.21:42063], old=null
2019-10-30 05:53:27,299 [9127dd83-037b-4d39-812f-66db56af525a@group-BCADF287A12B-LeaderElection186] INFO  impl.RaftServerImpl (RaftServerImpl.java:setRole(184)) - 9127dd83-037b-4d39-812f-66db56af525a@group-BCADF287A12B: changes role from CANDIDATE to FOLLOWER at term 204 for DISCOVERED_A_NEW_TERM
2019-10-30 05:53:27,299 [9127dd83-037b-4d39-812f-66db56af525a@group-BCADF287A12B-LeaderElection186] INFO  impl.RoleInfo (RoleInfo.java:shutdownLeaderElection(134)) - 9127dd83-037b-4d39-812f-66db56af525a: shutdown LeaderElection
2019-10-30 05:53:27,299 [9127dd83-037b-4d39-812f-66db56af525a@group-BCADF287A12B-LeaderElection186] INFO  impl.RoleInfo (RoleInfo.java:updateAndGet(143)) - 9127dd83-037b-4d39-812f-66db56af525a: start FollowerState
2019-10-30 05:53:27,338 [Thread-1471] INFO  impl.FollowerState (FollowerState.java:run(108)) - 9127dd83-037b-4d39-812f-66db56af525a@group-BCADF287A12B-FollowerState: change to CANDIDATE, lastRpcTime:39ms, electionTimeout:39ms
2019-10-30 05:53:27,338 [Thread-1471] INFO  impl.RoleInfo (RoleInfo.java:shutdownFollowerState(121)) - 9127dd83-037b-4d39-812f-66db56af525a: shutdown FollowerState
2019-10-30 05:53:27,339 [Thread-1471] INFO  impl.RaftServerImpl (RaftServerImpl.java:setRole(184)) - 9127dd83-037b-4d39-812f-66db56af525a@group-BCADF287A12B: changes role from  FOLLOWER to CANDIDATE at term 204 for changeToCandidate
2019-10-30 05:53:27,339 [Thread-1471] INFO  impl.RoleInfo (RoleInfo.java:updateAndGet(143)) - 9127dd83-037b-4d39-812f-66db56af525a: start LeaderElection
2019-10-30 05:53:27,342 [9127dd83-037b-4d39-812f-66db56af525a@group-BCADF287A12B-LeaderElection187] INFO  impl.LeaderElection (LeaderElection.java:askForVotes(178)) - 9127dd83-037b-4d39-812f-66db56af525a@group-BCADF287A12B-LeaderElection187: begin an election at term 205 for -1: [7fae3aed-4e76-4283-a599-f93f794625ab:192.168.34.21:41352, 58095e90-3010-492a-9083-43cf2e035c3f:192.168.34.21:45284, 9127dd83-037b-4d39-812f-66db56af525a:192.168.34.21:42063], old=null
2019-10-30 05:53:27,344 [grpc-default-executor-1] INFO  impl.RaftServerImpl (RaftServerImpl.java:setRole(184)) - 58095e90-3010-492a-9083-43cf2e035c3f@group-BCADF287A12B: changes role from  FOLLOWER to FOLLOWER at term 205 for recognizeCandidate:9127dd83-037b-4d39-812f-66db56af525a
2019-10-30 05:53:27,344 [grpc-default-executor-2] INFO  impl.RaftServerImpl (RaftServerImpl.java:setRole(184)) - 7fae3aed-4e76-4283-a599-f93f794625ab@group-BCADF287A12B: changes role from  FOLLOWER to FOLLOWER at term 205 for recognizeCandidate:9127dd83-037b-4d39-812f-66db56af525a
2019-10-30 05:53:27,344 [grpc-default-executor-1] INFO  impl.RoleInfo (RoleInfo.java:shutdownFollowerState(121)) - 58095e90-3010-492a-9083-43cf2e035c3f: shutdown FollowerState
2019-10-30 05:53:27,344 [grpc-default-executor-2] INFO  impl.RoleInfo (RoleInfo.java:shutdownFollowerState(121)) - 7fae3aed-4e76-4283-a599-f93f794625ab: shutdown FollowerState
2019-10-30 05:53:27,344 [grpc-default-executor-1] INFO  impl.RoleInfo (RoleInfo.java:updateAndGet(143)) - 58095e90-3010-492a-9083-43cf2e035c3f: start FollowerState
2019-10-30 05:53:27,344 [Thread-1470] INFO  impl.FollowerState (FollowerState.java:run(117)) - 7fae3aed-4e76-4283-a599-f93f794625ab@group-BCADF287A12B-FollowerState was interrupted: java.lang.InterruptedException: sleep interrupted
2019-10-30 05:53:27,344 [Thread-1469] INFO  impl.FollowerState (FollowerState.java:run(117)) - 58095e90-3010-492a-9083-43cf2e035c3f@group-BCADF287A12B-FollowerState was interrupted: java.lang.InterruptedException: sleep interrupted
2019-10-30 05:53:27,344 [grpc-default-executor-2] INFO  impl.RoleInfo (RoleInfo.java:updateAndGet(143)) - 7fae3aed-4e76-4283-a599-f93f794625ab: start FollowerState
2019-10-30 05:53:27,358 [9127dd83-037b-4d39-812f-66db56af525a@group-BCADF287A12B-LeaderElection187] INFO  impl.LeaderElection (LeaderElection.java:logAndReturn(56)) - 9127dd83-037b-4d39-812f-66db56af525a@group-BCADF287A12B-LeaderElection187: Election REJECTED; received 2 response(s) [9127dd83-037b-4d39-812f-66db56af525a<-7fae3aed-4e76-4283-a599-f93f794625ab#0:FAIL-t205, 9127dd83-037b-4d39-812f-66db56af525a<-58095e90-3010-492a-9083-43cf2e035c3f#0:FAIL-t205] and 0 exception(s); 9127dd83-037b-4d39-812f-66db56af525a@group-BCADF287A12B:t205, leader=null, voted=9127dd83-037b-4d39-812f-66db56af525a, raftlog=9127dd83-037b-4d39-812f-66db56af525a@group-BCADF287A12B-SegmentedRaftLog:OPENED:c-1,f-1,i0, conf=-1: [7fae3aed-4e76-4283-a599-f93f794625ab:192.168.34.21:41352, 58095e90-3010-492a-9083-43cf2e035c3f:192.168.34.21:45284, 9127dd83-037b-4d39-812f-66db56af525a:192.168.34.21:42063], old=null
2019-10-30 05:53:27,358 [9127dd83-037b-4d39-812f-66db56af525a@group-BCADF287A12B-LeaderElection187] INFO  impl.RaftServerImpl (RaftServerImpl.java:setRole(184)) - 9127dd83-037b-4d39-812f-66db56af525a@group-BCADF287A12B: changes role from CANDIDATE to FOLLOWER at term 205 for DISCOVERED_A_NEW_TERM
2019-10-30 05:53:27,358 [9127dd83-037b-4d39-812f-66db56af525a@group-BCADF287A12B-LeaderElection187] INFO  impl.RoleInfo (RoleInfo.java:shutdownLeaderElection(134)) - 9127dd83-037b-4d39-812f-66db56af525a: shutdown LeaderElection
2019-10-30 05:53:27,358 [9127dd83-037b-4d39-812f-66db56af525a@group-BCADF287A12B-LeaderElection187] INFO  impl.RoleInfo (RoleInfo.java:updateAndGet(143)) - 9127dd83-037b-4d39-812f-66db56af525a: start FollowerState
2019-10-30 05:53:27,366 [Thread-1477] INFO  impl.FollowerState (FollowerState.java:run(108)) - 9127dd83-037b-4d39-812f-66db56af525a@group-BCADF287A12B-FollowerState: change to CANDIDATE, lastRpcTime:8ms, electionTimeout:8ms
2019-10-30 05:53:27,367 [Thread-1477] INFO  impl.RoleInfo (RoleInfo.java:shutdownFollowerState(121)) - 9127dd83-037b-4d39-812f-66db56af525a: shutdown FollowerState
2019-10-30 05:53:27,367 [Thread-1477] INFO  impl.RaftServerImpl (RaftServerImpl.java:setRole(184)) - 9127dd83-037b-4d39-812f-66db56af525a@group-BCADF287A12B: changes role from  FOLLOWER to CANDIDATE at term 205 for changeToCandidate
2019-10-30 05:53:27,367 [Thread-1477] INFO  impl.RoleInfo (RoleInfo.java:updateAndGet(143)) - 9127dd83-037b-4d39-812f-66db56af525a: start LeaderElection
2019-10-30 05:53:27,373 [9127dd83-037b-4d39-812f-66db56af525a@group-BCADF287A12B-LeaderElection188] INFO  impl.LeaderElection (LeaderElection.java:askForVotes(178)) - 9127dd83-037b-4d39-812f-66db56af525a@group-BCADF287A12B-LeaderElection188: begin an election at term 206 for -1: [7fae3aed-4e76-4283-a599-f93f794625ab:192.168.34.21:41352, 58095e90-3010-492a-9083-43cf2e035c3f:192.168.34.21:45284, 9127dd83-037b-4d39-812f-66db56af525a:192.168.34.21:42063], old=null
2019-10-30 05:53:27,376 [grpc-default-executor-2] INFO  impl.RaftServerImpl (RaftServerImpl.java:setRole(184)) - 7fae3aed-4e76-4283-a599-f93f794625ab@group-BCADF287A12B: changes role from  FOLLOWER to FOLLOWER at term 206 for recognizeCandidate:9127dd83-037b-4d39-812f-66db56af525a
2019-10-30 05:53:27,376 [grpc-default-executor-2] INFO  impl.RoleInfo (RoleInfo.java:shutdownFollowerState(121)) - 7fae3aed-4e76-4283-a599-f93f794625ab: shutdown FollowerState
2019-10-30 05:53:27,376 [grpc-default-executor-2] INFO  impl.RoleInfo (RoleInfo.java:updateAndGet(143)) - 7fae3aed-4e76-4283-a599-f93f794625ab: start FollowerState
2019-10-30 05:53:27,376 [Thread-1476] INFO  impl.FollowerState (FollowerState.java:run(117)) - 7fae3aed-4e76-4283-a599-f93f794625ab@group-BCADF287A12B-FollowerState was interrupted: java.lang.InterruptedException: sleep interrupted
2019-10-30 05:53:27,377 [grpc-default-executor-1] INFO  impl.RaftServerImpl (RaftServerImpl.java:setRole(184)) - 58095e90-3010-492a-9083-43cf2e035c3f@group-BCADF287A12B: changes role from  FOLLOWER to FOLLOWER at term 206 for recognizeCandidate:9127dd83-037b-4d39-812f-66db56af525a
2019-10-30 05:53:27,377 [grpc-default-executor-1] INFO  impl.RoleInfo (RoleInfo.java:shutdownFollowerState(121)) - 58095e90-3010-492a-9083-43cf2e035c3f: shutdown FollowerState
2019-10-30 05:53:27,377 [grpc-default-executor-1] INFO  impl.RoleInfo (RoleInfo.java:updateAndGet(143)) - 58095e90-3010-492a-9083-43cf2e035c3f: start FollowerState
2019-10-30 05:53:27,377 [Thread-1475] INFO  impl.FollowerState (FollowerState.java:run(117)) - 58095e90-3010-492a-9083-43cf2e035c3f@group-BCADF287A12B-FollowerState was interrupted: java.lang.InterruptedException: sleep interrupted
2019-10-30 05:53:27,391 [9127dd83-037b-4d39-812f-66db56af525a@group-BCADF287A12B-LeaderElection188] INFO  impl.LeaderElection (LeaderElection.java:logAndReturn(56)) - 9127dd83-037b-4d39-812f-66db56af525a@group-BCADF287A12B-LeaderElection188: Election REJECTED; received 2 response(s) [9127dd83-037b-4d39-812f-66db56af525a<-7fae3aed-4e76-4283-a599-f93f794625ab#0:FAIL-t206, 9127dd83-037b-4d39-812f-66db56af525a<-58095e90-3010-492a-9083-43cf2e035c3f#0:FAIL-t206] and 0 exception(s); 9127dd83-037b-4d39-812f-66db56af525a@group-BCADF287A12B:t206, leader=null, voted=9127dd83-037b-4d39-812f-66db56af525a, raftlog=9127dd83-037b-4d39-812f-66db56af525a@group-BCADF287A12B-SegmentedRaftLog:OPENED:c-1,f-1,i0, conf=-1: [7fae3aed-4e76-4283-a599-f93f794625ab:192.168.34.21:41352, 58095e90-3010-492a-9083-43cf2e035c3f:192.168.34.21:45284, 9127dd83-037b-4d39-812f-66db56af525a:192.168.34.21:42063], old=null
2019-10-30 05:53:27,391 [9127dd83-037b-4d39-812f-66db56af525a@group-BCADF287A12B-LeaderElection188] INFO  impl.RaftServerImpl (RaftServerImpl.java:setRole(184)) - 9127dd83-037b-4d39-812f-66db56af525a@group-BCADF287A12B: changes role from CANDIDATE to FOLLOWER at term 206 for DISCOVERED_A_NEW_TERM
2019-10-30 05:53:27,391 [9127dd83-037b-4d39-812f-66db56af525a@group-BCADF287A12B-LeaderElection188] INFO  impl.RoleInfo (RoleInfo.java:shutdownLeaderElection(134)) - 9127dd83-037b-4d39-812f-66db56af525a: shutdown LeaderElection
2019-10-30 05:53:27,391 [9127dd83-037b-4d39-812f-66db56af525a@group-BCADF287A12B-LeaderElection188] INFO  impl.RoleInfo (RoleInfo.java:updateAndGet(143)) - 9127dd83-037b-4d39-812f-66db56af525a: start FollowerState
2019-10-30 05:53:27,583 [Thread-1483] INFO  impl.FollowerState (FollowerState.java:run(108)) - 9127dd83-037b-4d39-812f-66db56af525a@group-BCADF287A12B-FollowerState: change to CANDIDATE, lastRpcTime:192ms, electionTimeout:192ms
2019-10-30 05:53:27,584 [Thread-1483] INFO  impl.RoleInfo (RoleInfo.java:shutdownFollowerState(121)) - 9127dd83-037b-4d39-812f-66db56af525a: shutdown FollowerState
2019-10-30 05:53:27,584 [Thread-1483] INFO  impl.RaftServerImpl (RaftServerImpl.java:setRole(184)) - 9127dd83-037b-4d39-812f-66db56af525a@group-BCADF287A12B: changes role from  FOLLOWER to CANDIDATE at term 206 for changeToCandidate
2019-10-30 05:53:27,584 [Thread-1483] INFO  impl.RoleInfo (RoleInfo.java:updateAndGet(143)) - 9127dd83-037b-4d39-812f-66db56af525a: start LeaderElection
2019-10-30 05:53:27,598 [9127dd83-037b-4d39-812f-66db56af525a@group-BCADF287A12B-LeaderElection189] INFO  impl.LeaderElection (LeaderElection.java:askForVotes(178)) - 9127dd83-037b-4d39-812f-66db56af525a@group-BCADF287A12B-LeaderElection189: begin an election at term 207 for -1: [7fae3aed-4e76-4283-a599-f93f794625ab:192.168.34.21:41352, 58095e90-3010-492a-9083-43cf2e035c3f:192.168.34.21:45284, 9127dd83-037b-4d39-812f-66db56af525a:192.168.34.21:42063], old=null
2019-10-30 05:53:27,600 [grpc-default-executor-2] INFO  impl.RaftServerImpl (RaftServerImpl.java:setRole(184)) - 58095e90-3010-492a-9083-43cf2e035c3f@group-BCADF287A12B: changes role from  FOLLOWER to FOLLOWER at term 207 for recognizeCandidate:9127dd83-037b-4d39-812f-66db56af525a
2019-10-30 05:53:27,600 [grpc-default-executor-1] INFO  impl.RaftServerImpl (RaftServerImpl.java:setRole(184)) - 7fae3aed-4e76-4283-a599-f93f794625ab@group-BCADF287A12B: changes role from  FOLLOWER to FOLLOWER at term 207 for recognizeCandidate:9127dd83-037b-4d39-812f-66db56af525a
2019-10-30 05:53:27,600 [grpc-default-executor-1] INFO  impl.RoleInfo (RoleInfo.java:shutdownFollowerState(121)) - 7fae3aed-4e76-4283-a599-f93f794625ab: shutdown FollowerState
2019-10-30 05:53:27,600 [grpc-default-executor-2] INFO  impl.RoleInfo (RoleInfo.java:shutdownFollowerState(121)) - 58095e90-3010-492a-9083-43cf2e035c3f: shutdown FollowerState
2019-10-30 05:53:27,601 [grpc-default-executor-1] INFO  impl.RoleInfo (RoleInfo.java:updateAndGet(143)) - 7fae3aed-4e76-4283-a599-f93f794625ab: start FollowerState
2019-10-30 05:53:27,601 [Thread-1481] INFO  impl.FollowerState (FollowerState.java:run(117)) - 7fae3aed-4e76-4283-a599-f93f794625ab@group-BCADF287A12B-FollowerState was interrupted: java.lang.InterruptedException: sleep interrupted
2019-10-30 05:53:27,601 [grpc-default-executor-2] INFO  impl.RoleInfo (RoleInfo.java:updateAndGet(143)) - 58095e90-3010-492a-9083-43cf2e035c3f: start FollowerState
2019-10-30 05:53:27,601 [Thread-1482] INFO  impl.FollowerState (FollowerState.java:run(117)) - 58095e90-3010-492a-9083-43cf2e035c3f@group-BCADF287A12B-FollowerState was interrupted: java.lang.InterruptedException: sleep interrupted
2019-10-30 05:53:27,615 [9127dd83-037b-4d39-812f-66db56af525a@group-BCADF287A12B-LeaderElection189] INFO  impl.LeaderElection (LeaderElection.java:logAndReturn(56)) - 9127dd83-037b-4d39-812f-66db56af525a@group-BCADF287A12B-LeaderElection189: Election REJECTED; received 2 response(s) [9127dd83-037b-4d39-812f-66db56af525a<-7fae3aed-4e76-4283-a599-f93f794625ab#0:FAIL-t207, 9127dd83-037b-4d39-812f-66db56af525a<-58095e90-3010-492a-9083-43cf2e035c3f#0:FAIL-t207] and 0 exception(s); 9127dd83-037b-4d39-812f-66db56af525a@group-BCADF287A12B:t207, leader=null, voted=9127dd83-037b-4d39-812f-66db56af525a, raftlog=9127dd83-037b-4d39-812f-66db56af525a@group-BCADF287A12B-SegmentedRaftLog:OPENED:c-1,f-1,i0, conf=-1: [7fae3aed-4e76-4283-a599-f93f794625ab:192.168.34.21:41352, 58095e90-3010-492a-9083-43cf2e035c3f:192.168.34.21:45284, 9127dd83-037b-4d39-812f-66db56af525a:192.168.34.21:42063], old=null
2019-10-30 05:53:27,615 [9127dd83-037b-4d39-812f-66db56af525a@group-BCADF287A12B-LeaderElection189] INFO  impl.RaftServerImpl (RaftServerImpl.java:setRole(184)) - 9127dd83-037b-4d39-812f-66db56af525a@group-BCADF287A12B: changes role from CANDIDATE to FOLLOWER at term 207 for DISCOVERED_A_NEW_TERM
2019-10-30 05:53:27,615 [9127dd83-037b-4d39-812f-66db56af525a@group-BCADF287A12B-LeaderElection189] INFO  impl.RoleInfo (RoleInfo.java:shutdownLeaderElection(134)) - 9127dd83-037b-4d39-812f-66db56af525a: shutdown LeaderElection
2019-10-30 05:53:27,615 [9127dd83-037b-4d39-812f-66db56af525a@group-BCADF287A12B-LeaderElection189] INFO  impl.RoleInfo (RoleInfo.java:updateAndGet(143)) - 9127dd83-037b-4d39-812f-66db56af525a: start FollowerState
2019-10-30 05:53:27,731 [Thread-1489] INFO  impl.FollowerState (FollowerState.java:run(108)) - 9127dd83-037b-4d39-812f-66db56af525a@group-BCADF287A12B-FollowerState: change to CANDIDATE, lastRpcTime:115ms, electionTimeout:115ms
2019-10-30 05:53:27,731 [Thread-1489] INFO  impl.RoleInfo (RoleInfo.java:shutdownFollowerState(121)) - 9127dd83-037b-4d39-812f-66db56af525a: shutdown FollowerState
2019-10-30 05:53:27,731 [Thread-1489] INFO  impl.RaftServerImpl (RaftServerImpl.java:setRole(184)) - 9127dd83-037b-4d39-812f-66db56af525a@group-BCADF287A12B: changes role from  FOLLOWER to CANDIDATE at term 207 for changeToCandidate
2019-10-30 05:53:27,731 [Thread-1489] INFO  impl.RoleInfo (RoleInfo.java:updateAndGet(143)) - 9127dd83-037b-4d39-812f-66db56af525a: start LeaderElection
2019-10-30 05:53:27,744 [9127dd83-037b-4d39-812f-66db56af525a@group-BCADF287A12B-LeaderElection190] INFO  impl.LeaderElection (LeaderElection.java:askForVotes(178)) - 9127dd83-037b-4d39-812f-66db56af525a@group-BCADF287A12B-LeaderElection190: begin an election at term 208 for -1: [7fae3aed-4e76-4283-a599-f93f794625ab:192.168.34.21:41352, 58095e90-3010-492a-9083-43cf2e035c3f:192.168.34.21:45284, 9127dd83-037b-4d39-812f-66db56af525a:192.168.34.21:42063], old=null
2019-10-30 05:53:27,747 [grpc-default-executor-1] INFO  impl.RaftServerImpl (RaftServerImpl.java:setRole(184)) - 58095e90-3010-492a-9083-43cf2e035c3f@group-BCADF287A12B: changes role from  FOLLOWER to FOLLOWER at term 208 for recognizeCandidate:9127dd83-037b-4d39-812f-66db56af525a
2019-10-30 05:53:27,747 [grpc-default-executor-2] INFO  impl.RaftServerImpl (RaftServerImpl.java:setRole(184)) - 7fae3aed-4e76-4283-a599-f93f794625ab@group-BCADF287A12B: changes role from  FOLLOWER to FOLLOWER at term 208 for recognizeCandidate:9127dd83-037b-4d39-812f-66db56af525a
2019-10-30 05:53:27,747 [grpc-default-executor-2] INFO  impl.RoleInfo (RoleInfo.java:shutdownFollowerState(121)) - 7fae3aed-4e76-4283-a599-f93f794625ab: shutdown FollowerState
2019-10-30 05:53:27,747 [grpc-default-executor-1] INFO  impl.RoleInfo (RoleInfo.java:shutdownFollowerState(121)) - 58095e90-3010-492a-9083-43cf2e035c3f: shutdown FollowerState
2019-10-30 05:53:27,747 [Thread-1487] INFO  impl.FollowerState (FollowerState.java:run(117)) - 7fae3aed-4e76-4283-a599-f93f794625ab@group-BCADF287A12B-FollowerState was interrupted: java.lang.InterruptedException: sleep interrupted
2019-10-30 05:53:27,747 [grpc-default-executor-2] INFO  impl.RoleInfo (RoleInfo.java:updateAndGet(143)) - 7fae3aed-4e76-4283-a599-f93f794625ab: start FollowerState
2019-10-30 05:53:27,747 [Thread-1488] INFO  impl.FollowerState (FollowerState.java:run(117)) - 58095e90-3010-492a-9083-43cf2e035c3f@group-BCADF287A12B-FollowerState was interrupted: java.lang.InterruptedException: sleep interrupted
2019-10-30 05:53:27,747 [grpc-default-executor-1] INFO  impl.RoleInfo (RoleInfo.java:updateAndGet(143)) - 58095e90-3010-492a-9083-43cf2e035c3f: start FollowerState
2019-10-30 05:53:27,762 [9127dd83-037b-4d39-812f-66db56af525a@group-BCADF287A12B-LeaderElection190] INFO  impl.LeaderElection (LeaderElection.java:logAndReturn(56)) - 9127dd83-037b-4d39-812f-66db56af525a@group-BCADF287A12B-LeaderElection190: Election REJECTED; received 2 response(s) [9127dd83-037b-4d39-812f-66db56af525a<-7fae3aed-4e76-4283-a599-f93f794625ab#0:FAIL-t208, 9127dd83-037b-4d39-812f-66db56af525a<-58095e90-3010-492a-9083-43cf2e035c3f#0:FAIL-t208] and 0 exception(s); 9127dd83-037b-4d39-812f-66db56af525a@group-BCADF287A12B:t208, leader=null, voted=9127dd83-037b-4d39-812f-66db56af525a, raftlog=9127dd83-037b-4d39-812f-66db56af525a@group-BCADF287A12B-SegmentedRaftLog:OPENED:c-1,f-1,i0, conf=-1: [7fae3aed-4e76-4283-a599-f93f794625ab:192.168.34.21:41352, 58095e90-3010-492a-9083-43cf2e035c3f:192.168.34.21:45284, 9127dd83-037b-4d39-812f-66db56af525a:192.168.34.21:42063], old=null
2019-10-30 05:53:27,762 [9127dd83-037b-4d39-812f-66db56af525a@group-BCADF287A12B-LeaderElection190] INFO  impl.RaftServerImpl (RaftServerImpl.java:setRole(184)) - 9127dd83-037b-4d39-812f-66db56af525a@group-BCADF287A12B: changes role from CANDIDATE to FOLLOWER at term 208 for DISCOVERED_A_NEW_TERM
2019-10-30 05:53:27,762 [9127dd83-037b-4d39-812f-66db56af525a@group-BCADF287A12B-LeaderElection190] INFO  impl.RoleInfo (RoleInfo.java:shutdownLeaderElection(134)) - 9127dd83-037b-4d39-812f-66db56af525a: shutdown LeaderElection
2019-10-30 05:53:27,763 [9127dd83-037b-4d39-812f-66db56af525a@group-BCADF287A12B-LeaderElection190] INFO  impl.RoleInfo (RoleInfo.java:updateAndGet(143)) - 9127dd83-037b-4d39-812f-66db56af525a: start FollowerState
2019-10-30 05:53:27,866 [Thread-1495] INFO  impl.FollowerState (FollowerState.java:run(108)) - 9127dd83-037b-4d39-812f-66db56af525a@group-BCADF287A12B-FollowerState: change to CANDIDATE, lastRpcTime:103ms, electionTimeout:103ms
2019-10-30 05:53:27,866 [Thread-1495] INFO  impl.RoleInfo (RoleInfo.java:shutdownFollowerState(121)) - 9127dd83-037b-4d39-812f-66db56af525a: shutdown FollowerState
2019-10-30 05:53:27,866 [Thread-1495] INFO  impl.RaftServerImpl (RaftServerImpl.java:setRole(184)) - 9127dd83-037b-4d39-812f-66db56af525a@group-BCADF287A12B: changes role from  FOLLOWER to CANDIDATE at term 208 for changeToCandidate
2019-10-30 05:53:27,867 [Thread-1495] INFO  impl.RoleInfo (RoleInfo.java:updateAndGet(143)) - 9127dd83-037b-4d39-812f-66db56af525a: start LeaderElection
2019-10-30 05:53:27,881 [9127dd83-037b-4d39-812f-66db56af525a@group-BCADF287A12B-LeaderElection191] INFO  impl.LeaderElection (LeaderElection.java:askForVotes(178)) - 9127dd83-037b-4d39-812f-66db56af525a@group-BCADF287A12B-LeaderElection191: begin an election at term 209 for -1: [7fae3aed-4e76-4283-a599-f93f794625ab:192.168.34.21:41352, 58095e90-3010-492a-9083-43cf2e035c3f:192.168.34.21:45284, 9127dd83-037b-4d39-812f-66db56af525a:192.168.34.21:42063], old=null
2019-10-30 05:53:27,882 [grpc-default-executor-2] INFO  impl.RaftServerImpl (RaftServerImpl.java:setRole(184)) - 7fae3aed-4e76-4283-a599-f93f794625ab@group-BCADF287A12B: changes role from  FOLLOWER to FOLLOWER at term 209 for recognizeCandidate:9127dd83-037b-4d39-812f-66db56af525a
2019-10-30 05:53:27,882 [grpc-default-executor-2] INFO  impl.RoleInfo (RoleInfo.java:shutdownFollowerState(121)) - 7fae3aed-4e76-4283-a599-f93f794625ab: shutdown FollowerState
2019-10-30 05:53:27,883 [grpc-default-executor-1] INFO  impl.RaftServerImpl (RaftServerImpl.java:setRole(184)) - 58095e90-3010-492a-9083-43cf2e035c3f@group-BCADF287A12B: changes role from  FOLLOWER to FOLLOWER at term 209 for recognizeCandidate:9127dd83-037b-4d39-812f-66db56af525a
2019-10-30 05:53:27,883 [Thread-1493] INFO  impl.FollowerState (FollowerState.java:run(117)) - 7fae3aed-4e76-4283-a599-f93f794625ab@group-BCADF287A12B-FollowerState was interrupted: java.lang.InterruptedException: sleep interrupted
2019-10-30 05:53:27,883 [grpc-default-executor-2] INFO  impl.RoleInfo (RoleInfo.java:updateAndGet(143)) - 7fae3aed-4e76-4283-a599-f93f794625ab: start FollowerState
2019-10-30 05:53:27,883 [grpc-default-executor-1] INFO  impl.RoleInfo (RoleInfo.java:shutdownFollowerState(121)) - 58095e90-3010-492a-9083-43cf2e035c3f: shutdown FollowerState
2019-10-30 05:53:27,883 [grpc-default-executor-1] INFO  impl.RoleInfo (RoleInfo.java:updateAndGet(143)) - 58095e90-3010-492a-9083-43cf2e035c3f: start FollowerState
2019-10-30 05:53:27,883 [Thread-1494] INFO  impl.FollowerState (FollowerState.java:run(117)) - 58095e90-3010-492a-9083-43cf2e035c3f@group-BCADF287A12B-FollowerState was interrupted: java.lang.InterruptedException: sleep interrupted
2019-10-30 05:53:27,897 [9127dd83-037b-4d39-812f-66db56af525a@group-BCADF287A12B-LeaderElection191] INFO  impl.LeaderElection (LeaderElection.java:logAndReturn(56)) - 9127dd83-037b-4d39-812f-66db56af525a@group-BCADF287A12B-LeaderElection191: Election REJECTED; received 2 response(s) [9127dd83-037b-4d39-812f-66db56af525a<-7fae3aed-4e76-4283-a599-f93f794625ab#0:FAIL-t209, 9127dd83-037b-4d39-812f-66db56af525a<-58095e90-3010-492a-9083-43cf2e035c3f#0:FAIL-t209] and 0 exception(s); 9127dd83-037b-4d39-812f-66db56af525a@group-BCADF287A12B:t209, leader=null, voted=9127dd83-037b-4d39-812f-66db56af525a, raftlog=9127dd83-037b-4d39-812f-66db56af525a@group-BCADF287A12B-SegmentedRaftLog:OPENED:c-1,f-1,i0, conf=-1: [7fae3aed-4e76-4283-a599-f93f794625ab:192.168.34.21:41352, 58095e90-3010-492a-9083-43cf2e035c3f:192.168.34.21:45284, 9127dd83-037b-4d39-812f-66db56af525a:192.168.34.21:42063], old=null
2019-10-30 05:53:27,898 [9127dd83-037b-4d39-812f-66db56af525a@group-BCADF287A12B-LeaderElection191] INFO  impl.RaftServerImpl (RaftServerImpl.java:setRole(184)) - 9127dd83-037b-4d39-812f-66db56af525a@group-BCADF287A12B: changes role from CANDIDATE to FOLLOWER at term 209 for DISCOVERED_A_NEW_TERM
2019-10-30 05:53:27,898 [9127dd83-037b-4d39-812f-66db56af525a@group-BCADF287A12B-LeaderElection191] INFO  impl.RoleInfo (RoleInfo.java:shutdownLeaderElection(134)) - 9127dd83-037b-4d39-812f-66db56af525a: shutdown LeaderElection
2019-10-30 05:53:27,898 [9127dd83-037b-4d39-812f-66db56af525a@group-BCADF287A12B-LeaderElection191] INFO  impl.RoleInfo (RoleInfo.java:updateAndGet(143)) - 9127dd83-037b-4d39-812f-66db56af525a: start FollowerState
2019-10-30 05:53:27,920 [Thread-1501] INFO  impl.FollowerState (FollowerState.java:run(108)) - 9127dd83-037b-4d39-812f-66db56af525a@group-BCADF287A12B-FollowerState: change to CANDIDATE, lastRpcTime:22ms, electionTimeout:22ms
2019-10-30 05:53:27,920 [Thread-1501] INFO  impl.RoleInfo (RoleInfo.java:shutdownFollowerState(121)) - 9127dd83-037b-4d39-812f-66db56af525a: shutdown FollowerState
2019-10-30 05:53:27,921 [Thread-1501] INFO  impl.RaftServerImpl (RaftServerImpl.java:setRole(184)) - 9127dd83-037b-4d39-812f-66db56af525a@group-BCADF287A12B: changes role from  FOLLOWER to CANDIDATE at term 209 for changeToCandidate
2019-10-30 05:53:27,921 [Thread-1501] INFO  impl.RoleInfo (RoleInfo.java:updateAndGet(143)) - 9127dd83-037b-4d39-812f-66db56af525a: start LeaderElection
2019-10-30 05:53:27,934 [9127dd83-037b-4d39-812f-66db56af525a@group-BCADF287A12B-LeaderElection192] INFO  impl.LeaderElection (LeaderElection.java:askForVotes(178)) - 9127dd83-037b-4d39-812f-66db56af525a@group-BCADF287A12B-LeaderElection192: begin an election at term 210 for -1: [7fae3aed-4e76-4283-a599-f93f794625ab:192.168.34.21:41352, 58095e90-3010-492a-9083-43cf2e035c3f:192.168.34.21:45284, 9127dd83-037b-4d39-812f-66db56af525a:192.168.34.21:42063], old=null
2019-10-30 05:53:27,936 [grpc-default-executor-1] INFO  impl.RaftServerImpl (RaftServerImpl.java:setRole(184)) - 58095e90-3010-492a-9083-43cf2e035c3f@group-BCADF287A12B: changes role from  FOLLOWER to FOLLOWER at term 210 for recognizeCandidate:9127dd83-037b-4d39-812f-66db56af525a
2019-10-30 05:53:27,936 [grpc-default-executor-2] INFO  impl.RaftServerImpl (RaftServerImpl.java:setRole(184)) - 7fae3aed-4e76-4283-a599-f93f794625ab@group-BCADF287A12B: changes role from  FOLLOWER to FOLLOWER at term 210 for recognizeCandidate:9127dd83-037b-4d39-812f-66db56af525a
2019-10-30 05:53:27,937 [grpc-default-executor-1] INFO  impl.RoleInfo (RoleInfo.java:shutdownFollowerState(121)) - 58095e90-3010-492a-9083-43cf2e035c3f: shutdown FollowerState
2019-10-30 05:53:27,937 [grpc-default-executor-2] INFO  impl.RoleInfo (RoleInfo.java:shutdownFollowerState(121)) - 7fae3aed-4e76-4283-a599-f93f794625ab: shutdown FollowerState
2019-10-30 05:53:27,937 [grpc-default-executor-1] INFO  impl.RoleInfo (RoleInfo.java:updateAndGet(143)) - 58095e90-3010-492a-9083-43cf2e035c3f: start FollowerState
2019-10-30 05:53:27,937 [grpc-default-executor-2] INFO  impl.RoleInfo (RoleInfo.java:updateAndGet(143)) - 7fae3aed-4e76-4283-a599-f93f794625ab: start FollowerState
2019-10-30 05:53:27,937 [Thread-1500] INFO  impl.FollowerState (FollowerState.java:run(117)) - 58095e90-3010-492a-9083-43cf2e035c3f@group-BCADF287A12B-FollowerState was interrupted: java.lang.InterruptedException: sleep interrupted
2019-10-30 05:53:27,937 [Thread-1499] INFO  impl.FollowerState (FollowerState.java:run(117)) - 7fae3aed-4e76-4283-a599-f93f794625ab@group-BCADF287A12B-FollowerState was interrupted: java.lang.InterruptedException: sleep interrupted
2019-10-30 05:53:27,952 [9127dd83-037b-4d39-812f-66db56af525a@group-BCADF287A12B-LeaderElection192] INFO  impl.LeaderElection (LeaderElection.java:logAndReturn(56)) - 9127dd83-037b-4d39-812f-66db56af525a@group-BCADF287A12B-LeaderElection192: Election REJECTED; received 2 response(s) [9127dd83-037b-4d39-812f-66db56af525a<-7fae3aed-4e76-4283-a599-f93f794625ab#0:FAIL-t210, 9127dd83-037b-4d39-812f-66db56af525a<-58095e90-3010-492a-9083-43cf2e035c3f#0:FAIL-t210] and 0 exception(s); 9127dd83-037b-4d39-812f-66db56af525a@group-BCADF287A12B:t210, leader=null, voted=9127dd83-037b-4d39-812f-66db56af525a, raftlog=9127dd83-037b-4d39-812f-66db56af525a@group-BCADF287A12B-SegmentedRaftLog:OPENED:c-1,f-1,i0, conf=-1: [7fae3aed-4e76-4283-a599-f93f794625ab:192.168.34.21:41352, 58095e90-3010-492a-9083-43cf2e035c3f:192.168.34.21:45284, 9127dd83-037b-4d39-812f-66db56af525a:192.168.34.21:42063], old=null
2019-10-30 05:53:27,952 [9127dd83-037b-4d39-812f-66db56af525a@group-BCADF287A12B-LeaderElection192] INFO  impl.RaftServerImpl (RaftServerImpl.java:setRole(184)) - 9127dd83-037b-4d39-812f-66db56af525a@group-BCADF287A12B: changes role from CANDIDATE to FOLLOWER at term 210 for DISCOVERED_A_NEW_TERM
2019-10-30 05:53:27,952 [9127dd83-037b-4d39-812f-66db56af525a@group-BCADF287A12B-LeaderElection192] INFO  impl.RoleInfo (RoleInfo.java:shutdownLeaderElection(134)) - 9127dd83-037b-4d39-812f-66db56af525a: shutdown LeaderElection
2019-10-30 05:53:27,952 [9127dd83-037b-4d39-812f-66db56af525a@group-BCADF287A12B-LeaderElection192] INFO  impl.RoleInfo (RoleInfo.java:updateAndGet(143)) - 9127dd83-037b-4d39-812f-66db56af525a: start FollowerState
2019-10-30 05:53:27,974 [Thread-1507] INFO  impl.FollowerState (FollowerState.java:run(108)) - 9127dd83-037b-4d39-812f-66db56af525a@group-BCADF287A12B-FollowerState: change to CANDIDATE, lastRpcTime:22ms, electionTimeout:22ms
2019-10-30 05:53:27,975 [Thread-1507] INFO  impl.RoleInfo (RoleInfo.java:shutdownFollowerState(121)) - 9127dd83-037b-4d39-812f-66db56af525a: shutdown FollowerState
2019-10-30 05:53:27,975 [Thread-1507] INFO  impl.RaftServerImpl (RaftServerImpl.java:setRole(184)) - 9127dd83-037b-4d39-812f-66db56af525a@group-BCADF287A12B: changes role from  FOLLOWER to CANDIDATE at term 210 for changeToCandidate
2019-10-30 05:53:27,975 [Thread-1507] INFO  impl.RoleInfo (RoleInfo.java:updateAndGet(143)) - 9127dd83-037b-4d39-812f-66db56af525a: start LeaderElection
2019-10-30 05:53:27,985 [9127dd83-037b-4d39-812f-66db56af525a@group-BCADF287A12B-LeaderElection193] INFO  impl.LeaderElection (LeaderElection.java:askForVotes(178)) - 9127dd83-037b-4d39-812f-66db56af525a@group-BCADF287A12B-LeaderElection193: begin an election at term 211 for -1: [7fae3aed-4e76-4283-a599-f93f794625ab:192.168.34.21:41352, 58095e90-3010-492a-9083-43cf2e035c3f:192.168.34.21:45284, 9127dd83-037b-4d39-812f-66db56af525a:192.168.34.21:42063], old=null
2019-10-30 05:53:27,987 [grpc-default-executor-2] INFO  impl.RaftServerImpl (RaftServerImpl.java:setRole(184)) - 58095e90-3010-492a-9083-43cf2e035c3f@group-BCADF287A12B: changes role from  FOLLOWER to FOLLOWER at term 211 for recognizeCandidate:9127dd83-037b-4d39-812f-66db56af525a
2019-10-30 05:53:27,987 [grpc-default-executor-2] INFO  impl.RoleInfo (RoleInfo.java:shutdownFollowerState(121)) - 58095e90-3010-492a-9083-43cf2e035c3f: shutdown FollowerState
2019-10-30 05:53:27,987 [grpc-default-executor-1] INFO  impl.RaftServerImpl (RaftServerImpl.java:setRole(184)) - 7fae3aed-4e76-4283-a599-f93f794625ab@group-BCADF287A12B: changes role from  FOLLOWER to FOLLOWER at term 211 for recognizeCandidate:9127dd83-037b-4d39-812f-66db56af525a
2019-10-30 05:53:27,988 [Thread-1505] INFO  impl.FollowerState (FollowerState.java:run(117)) - 58095e90-3010-492a-9083-43cf2e035c3f@group-BCADF287A12B-FollowerState was interrupted: java.lang.InterruptedException: sleep interrupted
2019-10-30 05:53:27,988 [grpc-default-executor-2] INFO  impl.RoleInfo (RoleInfo.java:updateAndGet(143)) - 58095e90-3010-492a-9083-43cf2e035c3f: start FollowerState
2019-10-30 05:53:27,988 [grpc-default-executor-1] INFO  impl.RoleInfo (RoleInfo.java:shutdownFollowerState(121)) - 7fae3aed-4e76-4283-a599-f93f794625ab: shutdown FollowerState
2019-10-30 05:53:27,988 [grpc-default-executor-1] INFO  impl.RoleInfo (RoleInfo.java:updateAndGet(143)) - 7fae3aed-4e76-4283-a599-f93f794625ab: start FollowerState
2019-10-30 05:53:27,988 [Thread-1506] INFO  impl.FollowerState (FollowerState.java:run(117)) - 7fae3aed-4e76-4283-a599-f93f794625ab@group-BCADF287A12B-FollowerState was interrupted: java.lang.InterruptedException: sleep interrupted
2019-10-30 05:53:28,002 [9127dd83-037b-4d39-812f-66db56af525a@group-BCADF287A12B-LeaderElection193] INFO  impl.LeaderElection (LeaderElection.java:logAndReturn(56)) - 9127dd83-037b-4d39-812f-66db56af525a@group-BCADF287A12B-LeaderElection193: Election REJECTED; received 2 response(s) [9127dd83-037b-4d39-812f-66db56af525a<-7fae3aed-4e76-4283-a599-f93f794625ab#0:FAIL-t211, 9127dd83-037b-4d39-812f-66db56af525a<-58095e90-3010-492a-9083-43cf2e035c3f#0:FAIL-t211] and 0 exception(s); 9127dd83-037b-4d39-812f-66db56af525a@group-BCADF287A12B:t211, leader=null, voted=9127dd83-037b-4d39-812f-66db56af525a, raftlog=9127dd83-037b-4d39-812f-66db56af525a@group-BCADF287A12B-SegmentedRaftLog:OPENED:c-1,f-1,i0, conf=-1: [7fae3aed-4e76-4283-a599-f93f794625ab:192.168.34.21:41352, 58095e90-3010-492a-9083-43cf2e035c3f:192.168.34.21:45284, 9127dd83-037b-4d39-812f-66db56af525a:192.168.34.21:42063], old=null
2019-10-30 05:53:28,002 [9127dd83-037b-4d39-812f-66db56af525a@group-BCADF287A12B-LeaderElection193] INFO  impl.RaftServerImpl (RaftServerImpl.java:setRole(184)) - 9127dd83-037b-4d39-812f-66db56af525a@group-BCADF287A12B: changes role from CANDIDATE to FOLLOWER at term 211 for DISCOVERED_A_NEW_TERM
2019-10-30 05:53:28,002 [9127dd83-037b-4d39-812f-66db56af525a@group-BCADF287A12B-LeaderElection193] INFO  impl.RoleInfo (RoleInfo.java:shutdownLeaderElection(134)) - 9127dd83-037b-4d39-812f-66db56af525a: shutdown LeaderElection
2019-10-30 05:53:28,002 [9127dd83-037b-4d39-812f-66db56af525a@group-BCADF287A12B-LeaderElection193] INFO  impl.RoleInfo (RoleInfo.java:updateAndGet(143)) - 9127dd83-037b-4d39-812f-66db56af525a: start FollowerState
2019-10-30 05:53:28,088 [Thread-1513] INFO  impl.FollowerState (FollowerState.java:run(108)) - 9127dd83-037b-4d39-812f-66db56af525a@group-BCADF287A12B-FollowerState: change to CANDIDATE, lastRpcTime:86ms, electionTimeout:86ms
2019-10-30 05:53:28,089 [Thread-1513] INFO  impl.RoleInfo (RoleInfo.java:shutdownFollowerState(121)) - 9127dd83-037b-4d39-812f-66db56af525a: shutdown FollowerState
2019-10-30 05:53:28,089 [Thread-1513] INFO  impl.RaftServerImpl (RaftServerImpl.java:setRole(184)) - 9127dd83-037b-4d39-812f-66db56af525a@group-BCADF287A12B: changes role from  FOLLOWER to CANDIDATE at term 211 for changeToCandidate
2019-10-30 05:53:28,089 [Thread-1513] INFO  impl.RoleInfo (RoleInfo.java:updateAndGet(143)) - 9127dd83-037b-4d39-812f-66db56af525a: start LeaderElection
2019-10-30 05:53:28,102 [9127dd83-037b-4d39-812f-66db56af525a@group-BCADF287A12B-LeaderElection194] INFO  impl.LeaderElection (LeaderElection.java:askForVotes(178)) - 9127dd83-037b-4d39-812f-66db56af525a@group-BCADF287A12B-LeaderElection194: begin an election at term 212 for -1: [7fae3aed-4e76-4283-a599-f93f794625ab:192.168.34.21:41352, 58095e90-3010-492a-9083-43cf2e035c3f:192.168.34.21:45284, 9127dd83-037b-4d39-812f-66db56af525a:192.168.34.21:42063], old=null
2019-10-30 05:53:28,104 [grpc-default-executor-2] INFO  impl.RaftServerImpl (RaftServerImpl.java:setRole(184)) - 58095e90-3010-492a-9083-43cf2e035c3f@group-BCADF287A12B: changes role from  FOLLOWER to FOLLOWER at term 212 for recognizeCandidate:9127dd83-037b-4d39-812f-66db56af525a
2019-10-30 05:53:28,104 [grpc-default-executor-2] INFO  impl.RoleInfo (RoleInfo.java:shutdownFollowerState(121)) - 58095e90-3010-492a-9083-43cf2e035c3f: shutdown FollowerState
2019-10-30 05:53:28,104 [grpc-default-executor-2] INFO  impl.RoleInfo (RoleInfo.java:updateAndGet(143)) - 58095e90-3010-492a-9083-43cf2e035c3f: start FollowerState
2019-10-30 05:53:28,104 [grpc-default-executor-1] INFO  impl.RaftServerImpl (RaftServerImpl.java:setRole(184)) - 7fae3aed-4e76-4283-a599-f93f794625ab@group-BCADF287A12B: changes role from  FOLLOWER to FOLLOWER at term 212 for recognizeCandidate:9127dd83-037b-4d39-812f-66db56af525a
2019-10-30 05:53:28,104 [Thread-1511] INFO  impl.FollowerState (FollowerState.java:run(117)) - 58095e90-3010-492a-9083-43cf2e035c3f@group-BCADF287A12B-FollowerState was interrupted: java.lang.InterruptedException: sleep interrupted
2019-10-30 05:53:28,104 [grpc-default-executor-1] INFO  impl.RoleInfo (RoleInfo.java:shutdownFollowerState(121)) - 7fae3aed-4e76-4283-a599-f93f794625ab: shutdown FollowerState
2019-10-30 05:53:28,104 [grpc-default-executor-1] INFO  impl.RoleInfo (RoleInfo.java:updateAndGet(143)) - 7fae3aed-4e76-4283-a599-f93f794625ab: start FollowerState
2019-10-30 05:53:28,104 [Thread-1512] INFO  impl.FollowerState (FollowerState.java:run(117)) - 7fae3aed-4e76-4283-a599-f93f794625ab@group-BCADF287A12B-FollowerState was interrupted: java.lang.InterruptedException: sleep interrupted
2019-10-30 05:53:28,118 [9127dd83-037b-4d39-812f-66db56af525a@group-BCADF287A12B-LeaderElection194] INFO  impl.LeaderElection (LeaderElection.java:logAndReturn(56)) - 9127dd83-037b-4d39-812f-66db56af525a@group-BCADF287A12B-LeaderElection194: Election REJECTED; received 2 response(s) [9127dd83-037b-4d39-812f-66db56af525a<-7fae3aed-4e76-4283-a599-f93f794625ab#0:FAIL-t212, 9127dd83-037b-4d39-812f-66db56af525a<-58095e90-3010-492a-9083-43cf2e035c3f#0:FAIL-t212] and 0 exception(s); 9127dd83-037b-4d39-812f-66db56af525a@group-BCADF287A12B:t212, leader=null, voted=9127dd83-037b-4d39-812f-66db56af525a, raftlog=9127dd83-037b-4d39-812f-66db56af525a@group-BCADF287A12B-SegmentedRaftLog:OPENED:c-1,f-1,i0, conf=-1: [7fae3aed-4e76-4283-a599-f93f794625ab:192.168.34.21:41352, 58095e90-3010-492a-9083-43cf2e035c3f:192.168.34.21:45284, 9127dd83-037b-4d39-812f-66db56af525a:192.168.34.21:42063], old=null
2019-10-30 05:53:28,118 [9127dd83-037b-4d39-812f-66db56af525a@group-BCADF287A12B-LeaderElection194] INFO  impl.RaftServerImpl (RaftServerImpl.java:setRole(184)) - 9127dd83-037b-4d39-812f-66db56af525a@group-BCADF287A12B: changes role from CANDIDATE to FOLLOWER at term 212 for DISCOVERED_A_NEW_TERM
2019-10-30 05:53:28,118 [9127dd83-037b-4d39-812f-66db56af525a@group-BCADF287A12B-LeaderElection194] INFO  impl.RoleInfo (RoleInfo.java:shutdownLeaderElection(134)) - 9127dd83-037b-4d39-812f-66db56af525a: shutdown LeaderElection
2019-10-30 05:53:28,118 [9127dd83-037b-4d39-812f-66db56af525a@group-BCADF287A12B-LeaderElection194] INFO  impl.RoleInfo (RoleInfo.java:updateAndGet(143)) - 9127dd83-037b-4d39-812f-66db56af525a: start FollowerState
2019-10-30 05:53:28,207 [Thread-1519] INFO  impl.FollowerState (FollowerState.java:run(108)) - 9127dd83-037b-4d39-812f-66db56af525a@group-BCADF287A12B-FollowerState: change to CANDIDATE, lastRpcTime:88ms, electionTimeout:88ms
2019-10-30 05:53:28,207 [Thread-1519] INFO  impl.RoleInfo (RoleInfo.java:shutdownFollowerState(121)) - 9127dd83-037b-4d39-812f-66db56af525a: shutdown FollowerState
2019-10-30 05:53:28,207 [Thread-1519] INFO  impl.RaftServerImpl (RaftServerImpl.java:setRole(184)) - 9127dd83-037b-4d39-812f-66db56af525a@group-BCADF287A12B: changes role from  FOLLOWER to CANDIDATE at term 212 for changeToCandidate
2019-10-30 05:53:28,207 [Thread-1519] INFO  impl.RoleInfo (RoleInfo.java:updateAndGet(143)) - 9127dd83-037b-4d39-812f-66db56af525a: start LeaderElection
2019-10-30 05:53:28,221 [9127dd83-037b-4d39-812f-66db56af525a@group-BCADF287A12B-LeaderElection195] INFO  impl.LeaderElection (LeaderElection.java:askForVotes(178)) - 9127dd83-037b-4d39-812f-66db56af525a@group-BCADF287A12B-LeaderElection195: begin an election at term 213 for -1: [7fae3aed-4e76-4283-a599-f93f794625ab:192.168.34.21:41352, 58095e90-3010-492a-9083-43cf2e035c3f:192.168.34.21:45284, 9127dd83-037b-4d39-812f-66db56af525a:192.168.34.21:42063], old=null
2019-10-30 05:53:28,225 [grpc-default-executor-1] INFO  impl.RaftServerImpl (RaftServerImpl.java:setRole(184)) - 7fae3aed-4e76-4283-a599-f93f794625ab@group-BCADF287A12B: changes role from  FOLLOWER to FOLLOWER at term 213 for recognizeCandidate:9127dd83-037b-4d39-812f-66db56af525a
2019-10-30 05:53:28,225 [grpc-default-executor-1] INFO  impl.RoleInfo (RoleInfo.java:shutdownFollowerState(121)) - 7fae3aed-4e76-4283-a599-f93f794625ab: shutdown FollowerState
2019-10-30 05:53:28,225 [grpc-default-executor-1] INFO  impl.RoleInfo (RoleInfo.java:updateAndGet(143)) - 7fae3aed-4e76-4283-a599-f93f794625ab: start FollowerState
2019-10-30 05:53:28,225 [Thread-1518] INFO  impl.FollowerState (FollowerState.java:run(117)) - 7fae3aed-4e76-4283-a599-f93f794625ab@group-BCADF287A12B-FollowerState was interrupted: java.lang.InterruptedException: sleep interrupted
2019-10-30 05:53:28,225 [grpc-default-executor-2] INFO  impl.RaftServerImpl (RaftServerImpl.java:setRole(184)) - 58095e90-3010-492a-9083-43cf2e035c3f@group-BCADF287A12B: changes role from  FOLLOWER to FOLLOWER at term 213 for recognizeCandidate:9127dd83-037b-4d39-812f-66db56af525a
2019-10-30 05:53:28,226 [grpc-default-executor-2] INFO  impl.RoleInfo (RoleInfo.java:shutdownFollowerState(121)) - 58095e90-3010-492a-9083-43cf2e035c3f: shutdown FollowerState
2019-10-30 05:53:28,226 [grpc-default-executor-2] INFO  impl.RoleInfo (RoleInfo.java:updateAndGet(143)) - 58095e90-3010-492a-9083-43cf2e035c3f: start FollowerState
2019-10-30 05:53:28,226 [Thread-1517] INFO  impl.FollowerState (FollowerState.java:run(117)) - 58095e90-3010-492a-9083-43cf2e035c3f@group-BCADF287A12B-FollowerState was interrupted: java.lang.InterruptedException: sleep interrupted
2019-10-30 05:53:28,239 [9127dd83-037b-4d39-812f-66db56af525a@group-BCADF287A12B-LeaderElection195] INFO  impl.LeaderElection (LeaderElection.java:logAndReturn(56)) - 9127dd83-037b-4d39-812f-66db56af525a@group-BCADF287A12B-LeaderElection195: Election REJECTED; received 2 response(s) [9127dd83-037b-4d39-812f-66db56af525a<-7fae3aed-4e76-4283-a599-f93f794625ab#0:FAIL-t213, 9127dd83-037b-4d39-812f-66db56af525a<-58095e90-3010-492a-9083-43cf2e035c3f#0:FAIL-t213] and 0 exception(s); 9127dd83-037b-4d39-812f-66db56af525a@group-BCADF287A12B:t213, leader=null, voted=9127dd83-037b-4d39-812f-66db56af525a, raftlog=9127dd83-037b-4d39-812f-66db56af525a@group-BCADF287A12B-SegmentedRaftLog:OPENED:c-1,f-1,i0, conf=-1: [7fae3aed-4e76-4283-a599-f93f794625ab:192.168.34.21:41352, 58095e90-3010-492a-9083-43cf2e035c3f:192.168.34.21:45284, 9127dd83-037b-4d39-812f-66db56af525a:192.168.34.21:42063], old=null
2019-10-30 05:53:28,239 [9127dd83-037b-4d39-812f-66db56af525a@group-BCADF287A12B-LeaderElection195] INFO  impl.RaftServerImpl (RaftServerImpl.java:setRole(184)) - 9127dd83-037b-4d39-812f-66db56af525a@group-BCADF287A12B: changes role from CANDIDATE to FOLLOWER at term 213 for DISCOVERED_A_NEW_TERM
2019-10-30 05:53:28,239 [9127dd83-037b-4d39-812f-66db56af525a@group-BCADF287A12B-LeaderElection195] INFO  impl.RoleInfo (RoleInfo.java:shutdownLeaderElection(134)) - 9127dd83-037b-4d39-812f-66db56af525a: shutdown LeaderElection
2019-10-30 05:53:28,240 [9127dd83-037b-4d39-812f-66db56af525a@group-BCADF287A12B-LeaderElection195] INFO  impl.RoleInfo (RoleInfo.java:updateAndGet(143)) - 9127dd83-037b-4d39-812f-66db56af525a: start FollowerState
2019-10-30 05:53:28,398 [Thread-1527] INFO  impl.FollowerState (FollowerState.java:run(108)) - 9127dd83-037b-4d39-812f-66db56af525a@group-BCADF287A12B-FollowerState: change to CANDIDATE, lastRpcTime:158ms, electionTimeout:158ms
2019-10-30 05:53:28,398 [Thread-1527] INFO  impl.RoleInfo (RoleInfo.java:shutdownFollowerState(121)) - 9127dd83-037b-4d39-812f-66db56af525a: shutdown FollowerState
2019-10-30 05:53:28,398 [Thread-1527] INFO  impl.RaftServerImpl (RaftServerImpl.java:setRole(184)) - 9127dd83-037b-4d39-812f-66db56af525a@group-BCADF287A12B: changes role from  FOLLOWER to CANDIDATE at term 213 for changeToCandidate
2019-10-30 05:53:28,399 [Thread-1527] INFO  impl.RoleInfo (RoleInfo.java:updateAndGet(143)) - 9127dd83-037b-4d39-812f-66db56af525a: start LeaderElection
2019-10-30 05:53:28,424 [9127dd83-037b-4d39-812f-66db56af525a@group-BCADF287A12B-LeaderElection196] INFO  impl.LeaderElection (LeaderElection.java:askForVotes(178)) - 9127dd83-037b-4d39-812f-66db56af525a@group-BCADF287A12B-LeaderElection196: begin an election at term 214 for -1: [7fae3aed-4e76-4283-a599-f93f794625ab:192.168.34.21:41352, 58095e90-3010-492a-9083-43cf2e035c3f:192.168.34.21:45284, 9127dd83-037b-4d39-812f-66db56af525a:192.168.34.21:42063], old=null
2019-10-30 05:53:28,427 [grpc-default-executor-2] INFO  impl.RaftServerImpl (RaftServerImpl.java:setRole(184)) - 58095e90-3010-492a-9083-43cf2e035c3f@group-BCADF287A12B: changes role from  FOLLOWER to FOLLOWER at term 214 for recognizeCandidate:9127dd83-037b-4d39-812f-66db56af525a
2019-10-30 05:53:28,427 [grpc-default-executor-1] INFO  impl.RaftServerImpl (RaftServerImpl.java:setRole(184)) - 7fae3aed-4e76-4283-a599-f93f794625ab@group-BCADF287A12B: changes role from  FOLLOWER to FOLLOWER at term 214 for recognizeCandidate:9127dd83-037b-4d39-812f-66db56af525a
2019-10-30 05:53:28,427 [grpc-default-executor-2] INFO  impl.RoleInfo (RoleInfo.java:shutdownFollowerState(121)) - 58095e90-3010-492a-9083-43cf2e035c3f: shutdown FollowerState
2019-10-30 05:53:28,427 [grpc-default-executor-1] INFO  impl.RoleInfo (RoleInfo.java:shutdownFollowerState(121)) - 7fae3aed-4e76-4283-a599-f93f794625ab: shutdown FollowerState
2019-10-30 05:53:28,427 [Thread-1526] INFO  impl.FollowerState (FollowerState.java:run(117)) - 58095e90-3010-492a-9083-43cf2e035c3f@group-BCADF287A12B-FollowerState was interrupted: java.lang.InterruptedException: sleep interrupted
2019-10-30 05:53:28,427 [grpc-default-executor-2] INFO  impl.RoleInfo (RoleInfo.java:updateAndGet(143)) - 58095e90-3010-492a-9083-43cf2e035c3f: start FollowerState
2019-10-30 05:53:28,428 [Thread-1525] INFO  impl.FollowerState (FollowerState.java:run(117)) - 7fae3aed-4e76-4283-a599-f93f794625ab@group-BCADF287A12B-FollowerState was interrupted: java.lang.InterruptedException: sleep interrupted
2019-10-30 05:53:28,427 [grpc-default-executor-1] INFO  impl.RoleInfo (RoleInfo.java:updateAndGet(143)) - 7fae3aed-4e76-4283-a599-f93f794625ab: start FollowerState
2019-10-30 05:53:28,440 [9127dd83-037b-4d39-812f-66db56af525a@group-BCADF287A12B-LeaderElection196] INFO  impl.LeaderElection (LeaderElection.java:logAndReturn(56)) - 9127dd83-037b-4d39-812f-66db56af525a@group-BCADF287A12B-LeaderElection196: Election REJECTED; received 2 response(s) [9127dd83-037b-4d39-812f-66db56af525a<-7fae3aed-4e76-4283-a599-f93f794625ab#0:FAIL-t214, 9127dd83-037b-4d39-812f-66db56af525a<-58095e90-3010-492a-9083-43cf2e035c3f#0:FAIL-t214] and 0 exception(s); 9127dd83-037b-4d39-812f-66db56af525a@group-BCADF287A12B:t214, leader=null, voted=9127dd83-037b-4d39-812f-66db56af525a, raftlog=9127dd83-037b-4d39-812f-66db56af525a@group-BCADF287A12B-SegmentedRaftLog:OPENED:c-1,f-1,i0, conf=-1: [7fae3aed-4e76-4283-a599-f93f794625ab:192.168.34.21:41352, 58095e90-3010-492a-9083-43cf2e035c3f:192.168.34.21:45284, 9127dd83-037b-4d39-812f-66db56af525a:192.168.34.21:42063], old=null
2019-10-30 05:53:28,440 [9127dd83-037b-4d39-812f-66db56af525a@group-BCADF287A12B-LeaderElection196] INFO  impl.RaftServerImpl (RaftServerImpl.java:setRole(184)) - 9127dd83-037b-4d39-812f-66db56af525a@group-BCADF287A12B: changes role from CANDIDATE to FOLLOWER at term 214 for DISCOVERED_A_NEW_TERM
2019-10-30 05:53:28,440 [9127dd83-037b-4d39-812f-66db56af525a@group-BCADF287A12B-LeaderElection196] INFO  impl.RoleInfo (RoleInfo.java:shutdownLeaderElection(134)) - 9127dd83-037b-4d39-812f-66db56af525a: shutdown LeaderElection
2019-10-30 05:53:28,440 [9127dd83-037b-4d39-812f-66db56af525a@group-BCADF287A12B-LeaderElection196] INFO  impl.RoleInfo (RoleInfo.java:updateAndGet(143)) - 9127dd83-037b-4d39-812f-66db56af525a: start FollowerState
2019-10-30 05:53:28,588 [Thread-1533] INFO  impl.FollowerState (FollowerState.java:run(108)) - 9127dd83-037b-4d39-812f-66db56af525a@group-BCADF287A12B-FollowerState: change to CANDIDATE, lastRpcTime:147ms, electionTimeout:147ms
2019-10-30 05:53:28,588 [Thread-1533] INFO  impl.RoleInfo (RoleInfo.java:shutdownFollowerState(121)) - 9127dd83-037b-4d39-812f-66db56af525a: shutdown FollowerState
2019-10-30 05:53:28,588 [Thread-1533] INFO  impl.RaftServerImpl (RaftServerImpl.java:setRole(184)) - 9127dd83-037b-4d39-812f-66db56af525a@group-BCADF287A12B: changes role from  FOLLOWER to CANDIDATE at term 214 for changeToCandidate
2019-10-30 05:53:28,588 [Thread-1533] INFO  impl.RoleInfo (RoleInfo.java:updateAndGet(143)) - 9127dd83-037b-4d39-812f-66db56af525a: start LeaderElection
2019-10-30 05:53:28,602 [9127dd83-037b-4d39-812f-66db56af525a@group-BCADF287A12B-LeaderElection197] INFO  impl.LeaderElection (LeaderElection.java:askForVotes(178)) - 9127dd83-037b-4d39-812f-66db56af525a@group-BCADF287A12B-LeaderElection197: begin an election at term 215 for -1: [7fae3aed-4e76-4283-a599-f93f794625ab:192.168.34.21:41352, 58095e90-3010-492a-9083-43cf2e035c3f:192.168.34.21:45284, 9127dd83-037b-4d39-812f-66db56af525a:192.168.34.21:42063], old=null
2019-10-30 05:53:28,605 [grpc-default-executor-2] INFO  impl.RaftServerImpl (RaftServerImpl.java:setRole(184)) - 58095e90-3010-492a-9083-43cf2e035c3f@group-BCADF287A12B: changes role from  FOLLOWER to FOLLOWER at term 215 for recognizeCandidate:9127dd83-037b-4d39-812f-66db56af525a
2019-10-30 05:53:28,605 [grpc-default-executor-2] INFO  impl.RoleInfo (RoleInfo.java:shutdownFollowerState(121)) - 58095e90-3010-492a-9083-43cf2e035c3f: shutdown FollowerState
2019-10-30 05:53:28,605 [grpc-default-executor-1] INFO  impl.RaftServerImpl (RaftServerImpl.java:setRole(184)) - 7fae3aed-4e76-4283-a599-f93f794625ab@group-BCADF287A12B: changes role from  FOLLOWER to FOLLOWER at term 215 for recognizeCandidate:9127dd83-037b-4d39-812f-66db56af525a
2019-10-30 05:53:28,605 [Thread-1531] INFO  impl.FollowerState (FollowerState.java:run(117)) - 58095e90-3010-492a-9083-43cf2e035c3f@group-BCADF287A12B-FollowerState was interrupted: java.lang.InterruptedException: sleep interrupted
2019-10-30 05:53:28,605 [grpc-default-executor-2] INFO  impl.RoleInfo (RoleInfo.java:updateAndGet(143)) - 58095e90-3010-492a-9083-43cf2e035c3f: start FollowerState
2019-10-30 05:53:28,605 [grpc-default-executor-1] INFO  impl.RoleInfo (RoleInfo.java:shutdownFollowerState(121)) - 7fae3aed-4e76-4283-a599-f93f794625ab: shutdown FollowerState
2019-10-30 05:53:28,606 [grpc-default-executor-1] INFO  impl.RoleInfo (RoleInfo.java:updateAndGet(143)) - 7fae3aed-4e76-4283-a599-f93f794625ab: start FollowerState
2019-10-30 05:53:28,606 [Thread-1532] INFO  impl.FollowerState (FollowerState.java:run(117)) - 7fae3aed-4e76-4283-a599-f93f794625ab@group-BCADF287A12B-FollowerState was interrupted: java.lang.InterruptedException: sleep interrupted
2019-10-30 05:53:28,620 [9127dd83-037b-4d39-812f-66db56af525a@group-BCADF287A12B-LeaderElection197] INFO  impl.LeaderElection (LeaderElection.java:logAndReturn(56)) - 9127dd83-037b-4d39-812f-66db56af525a@group-BCADF287A12B-LeaderElection197: Election REJECTED; received 2 response(s) [9127dd83-037b-4d39-812f-66db56af525a<-7fae3aed-4e76-4283-a599-f93f794625ab#0:FAIL-t215, 9127dd83-037b-4d39-812f-66db56af525a<-58095e90-3010-492a-9083-43cf2e035c3f#0:FAIL-t215] and 0 exception(s); 9127dd83-037b-4d39-812f-66db56af525a@group-BCADF287A12B:t215, leader=null, voted=9127dd83-037b-4d39-812f-66db56af525a, raftlog=9127dd83-037b-4d39-812f-66db56af525a@group-BCADF287A12B-SegmentedRaftLog:OPENED:c-1,f-1,i0, conf=-1: [7fae3aed-4e76-4283-a599-f93f794625ab:192.168.34.21:41352, 58095e90-3010-492a-9083-43cf2e035c3f:192.168.34.21:45284, 9127dd83-037b-4d39-812f-66db56af525a:192.168.34.21:42063], old=null
2019-10-30 05:53:28,620 [9127dd83-037b-4d39-812f-66db56af525a@group-BCADF287A12B-LeaderElection197] INFO  impl.RaftServerImpl (RaftServerImpl.java:setRole(184)) - 9127dd83-037b-4d39-812f-66db56af525a@group-BCADF287A12B: changes role from CANDIDATE to FOLLOWER at term 215 for DISCOVERED_A_NEW_TERM
2019-10-30 05:53:28,620 [9127dd83-037b-4d39-812f-66db56af525a@group-BCADF287A12B-LeaderElection197] INFO  impl.RoleInfo (RoleInfo.java:shutdownLeaderElection(134)) - 9127dd83-037b-4d39-812f-66db56af525a: shutdown LeaderElection
2019-10-30 05:53:28,620 [9127dd83-037b-4d39-812f-66db56af525a@group-BCADF287A12B-LeaderElection197] INFO  impl.RoleInfo (RoleInfo.java:updateAndGet(143)) - 9127dd83-037b-4d39-812f-66db56af525a: start FollowerState
2019-10-30 05:53:28,629 [Thread-1539] INFO  impl.FollowerState (FollowerState.java:run(108)) - 9127dd83-037b-4d39-812f-66db56af525a@group-BCADF287A12B-FollowerState: change to CANDIDATE, lastRpcTime:8ms, electionTimeout:8ms
2019-10-30 05:53:28,629 [Thread-1539] INFO  impl.RoleInfo (RoleInfo.java:shutdownFollowerState(121)) - 9127dd83-037b-4d39-812f-66db56af525a: shutdown FollowerState
2019-10-30 05:53:28,629 [Thread-1539] INFO  impl.RaftServerImpl (RaftServerImpl.java:setRole(184)) - 9127dd83-037b-4d39-812f-66db56af525a@group-BCADF287A12B: changes role from  FOLLOWER to CANDIDATE at term 215 for changeToCandidate
2019-10-30 05:53:28,629 [Thread-1539] INFO  impl.RoleInfo (RoleInfo.java:updateAndGet(143)) - 9127dd83-037b-4d39-812f-66db56af525a: start LeaderElection
2019-10-30 05:53:28,639 [9127dd83-037b-4d39-812f-66db56af525a@group-BCADF287A12B-LeaderElection198] INFO  impl.LeaderElection (LeaderElection.java:askForVotes(178)) - 9127dd83-037b-4d39-812f-66db56af525a@group-BCADF287A12B-LeaderElection198: begin an election at term 216 for -1: [7fae3aed-4e76-4283-a599-f93f794625ab:192.168.34.21:41352, 58095e90-3010-492a-9083-43cf2e035c3f:192.168.34.21:45284, 9127dd83-037b-4d39-812f-66db56af525a:192.168.34.21:42063], old=null
2019-10-30 05:53:28,640 [grpc-default-executor-2] INFO  impl.RaftServerImpl (RaftServerImpl.java:setRole(184)) - 58095e90-3010-492a-9083-43cf2e035c3f@group-BCADF287A12B: changes role from  FOLLOWER to FOLLOWER at term 216 for recognizeCandidate:9127dd83-037b-4d39-812f-66db56af525a
2019-10-30 05:53:28,641 [grpc-default-executor-2] INFO  impl.RoleInfo (RoleInfo.java:shutdownFollowerState(121)) - 58095e90-3010-492a-9083-43cf2e035c3f: shutdown FollowerState
2019-10-30 05:53:28,641 [grpc-default-executor-1] INFO  impl.RaftServerImpl (RaftServerImpl.java:setRole(184)) - 7fae3aed-4e76-4283-a599-f93f794625ab@group-BCADF287A12B: changes role from  FOLLOWER to FOLLOWER at term 216 for recognizeCandidate:9127dd83-037b-4d39-812f-66db56af525a
2019-10-30 05:53:28,641 [Thread-1537] INFO  impl.FollowerState (FollowerState.java:run(117)) - 58095e90-3010-492a-9083-43cf2e035c3f@group-BCADF287A12B-FollowerState was interrupted: java.lang.InterruptedException: sleep interrupted
2019-10-30 05:53:28,641 [grpc-default-executor-2] INFO  impl.RoleInfo (RoleInfo.java:updateAndGet(143)) - 58095e90-3010-492a-9083-43cf2e035c3f: start FollowerState
2019-10-30 05:53:28,641 [grpc-default-executor-1] INFO  impl.RoleInfo (RoleInfo.java:shutdownFollowerState(121)) - 7fae3aed-4e76-4283-a599-f93f794625ab: shutdown FollowerState
2019-10-30 05:53:28,641 [grpc-default-executor-1] INFO  impl.RoleInfo (RoleInfo.java:updateAndGet(143)) - 7fae3aed-4e76-4283-a599-f93f794625ab: start FollowerState
2019-10-30 05:53:28,641 [Thread-1538] INFO  impl.FollowerState (FollowerState.java:run(117)) - 7fae3aed-4e76-4283-a599-f93f794625ab@group-BCADF287A12B-FollowerState was interrupted: java.lang.InterruptedException: sleep interrupted
2019-10-30 05:53:28,654 [9127dd83-037b-4d39-812f-66db56af525a@group-BCADF287A12B-LeaderElection198] INFO  impl.LeaderElection (LeaderElection.java:logAndReturn(56)) - 9127dd83-037b-4d39-812f-66db56af525a@group-BCADF287A12B-LeaderElection198: Election REJECTED; received 2 response(s) [9127dd83-037b-4d39-812f-66db56af525a<-7fae3aed-4e76-4283-a599-f93f794625ab#0:FAIL-t216, 9127dd83-037b-4d39-812f-66db56af525a<-58095e90-3010-492a-9083-43cf2e035c3f#0:FAIL-t216] and 0 exception(s); 9127dd83-037b-4d39-812f-66db56af525a@group-BCADF287A12B:t216, leader=null, voted=9127dd83-037b-4d39-812f-66db56af525a, raftlog=9127dd83-037b-4d39-812f-66db56af525a@group-BCADF287A12B-SegmentedRaftLog:OPENED:c-1,f-1,i0, conf=-1: [7fae3aed-4e76-4283-a599-f93f794625ab:192.168.34.21:41352, 58095e90-3010-492a-9083-43cf2e035c3f:192.168.34.21:45284, 9127dd83-037b-4d39-812f-66db56af525a:192.168.34.21:42063], old=null
2019-10-30 05:53:28,655 [9127dd83-037b-4d39-812f-66db56af525a@group-BCADF287A12B-LeaderElection198] INFO  impl.RaftServerImpl (RaftServerImpl.java:setRole(184)) - 9127dd83-037b-4d39-812f-66db56af525a@group-BCADF287A12B: changes role from CANDIDATE to FOLLOWER at term 216 for DISCOVERED_A_NEW_TERM
2019-10-30 05:53:28,655 [9127dd83-037b-4d39-812f-66db56af525a@group-BCADF287A12B-LeaderElection198] INFO  impl.RoleInfo (RoleInfo.java:shutdownLeaderElection(134)) - 9127dd83-037b-4d39-812f-66db56af525a: shutdown LeaderElection
2019-10-30 05:53:28,655 [9127dd83-037b-4d39-812f-66db56af525a@group-BCADF287A12B-LeaderElection198] INFO  impl.RoleInfo (RoleInfo.java:updateAndGet(143)) - 9127dd83-037b-4d39-812f-66db56af525a: start FollowerState
2019-10-30 05:53:28,771 [Thread-1545] INFO  impl.FollowerState (FollowerState.java:run(108)) - 9127dd83-037b-4d39-812f-66db56af525a@group-BCADF287A12B-FollowerState: change to CANDIDATE, lastRpcTime:115ms, electionTimeout:115ms
2019-10-30 05:53:28,771 [Thread-1545] INFO  impl.RoleInfo (RoleInfo.java:shutdownFollowerState(121)) - 9127dd83-037b-4d39-812f-66db56af525a: shutdown FollowerState
2019-10-30 05:53:28,771 [Thread-1545] INFO  impl.RaftServerImpl (RaftServerImpl.java:setRole(184)) - 9127dd83-037b-4d39-812f-66db56af525a@group-BCADF287A12B: changes role from  FOLLOWER to CANDIDATE at term 216 for changeToCandidate
2019-10-30 05:53:28,771 [Thread-1545] INFO  impl.RoleInfo (RoleInfo.java:updateAndGet(143)) - 9127dd83-037b-4d39-812f-66db56af525a: start LeaderElection
2019-10-30 05:53:28,786 [9127dd83-037b-4d39-812f-66db56af525a@group-BCADF287A12B-LeaderElection199] INFO  impl.LeaderElection (LeaderElection.java:askForVotes(178)) - 9127dd83-037b-4d39-812f-66db56af525a@group-BCADF287A12B-LeaderElection199: begin an election at term 217 for -1: [7fae3aed-4e76-4283-a599-f93f794625ab:192.168.34.21:41352, 58095e90-3010-492a-9083-43cf2e035c3f:192.168.34.21:45284, 9127dd83-037b-4d39-812f-66db56af525a:192.168.34.21:42063], old=null
2019-10-30 05:53:28,788 [grpc-default-executor-2] INFO  impl.RaftServerImpl (RaftServerImpl.java:setRole(184)) - 7fae3aed-4e76-4283-a599-f93f794625ab@group-BCADF287A12B: changes role from  FOLLOWER to FOLLOWER at term 217 for recognizeCandidate:9127dd83-037b-4d39-812f-66db56af525a
2019-10-30 05:53:28,788 [grpc-default-executor-2] INFO  impl.RoleInfo (RoleInfo.java:shutdownFollowerState(121)) - 7fae3aed-4e76-4283-a599-f93f794625ab: shutdown FollowerState
2019-10-30 05:53:28,788 [grpc-default-executor-1] INFO  impl.RaftServerImpl (RaftServerImpl.java:setRole(184)) - 58095e90-3010-492a-9083-43cf2e035c3f@group-BCADF287A12B: changes role from  FOLLOWER to FOLLOWER at term 217 for recognizeCandidate:9127dd83-037b-4d39-812f-66db56af525a
2019-10-30 05:53:28,788 [grpc-default-executor-1] INFO  impl.RoleInfo (RoleInfo.java:shutdownFollowerState(121)) - 58095e90-3010-492a-9083-43cf2e035c3f: shutdown FollowerState
2019-10-30 05:53:28,788 [Thread-1544] INFO  impl.FollowerState (FollowerState.java:run(117)) - 7fae3aed-4e76-4283-a599-f93f794625ab@group-BCADF287A12B-FollowerState was interrupted: java.lang.InterruptedException: sleep interrupted
2019-10-30 05:53:28,788 [Thread-1543] INFO  impl.FollowerState (FollowerState.java:run(117)) - 58095e90-3010-492a-9083-43cf2e035c3f@group-BCADF287A12B-FollowerState was interrupted: java.lang.InterruptedException: sleep interrupted
2019-10-30 05:53:28,788 [grpc-default-executor-2] INFO  impl.RoleInfo (RoleInfo.java:updateAndGet(143)) - 7fae3aed-4e76-4283-a599-f93f794625ab: start FollowerState
2019-10-30 05:53:28,788 [grpc-default-executor-1] INFO  impl.RoleInfo (RoleInfo.java:updateAndGet(143)) - 58095e90-3010-492a-9083-43cf2e035c3f: start FollowerState
2019-10-30 05:53:28,797 [9127dd83-037b-4d39-812f-66db56af525a@group-BCADF287A12B-LeaderElection199] INFO  impl.LeaderElection (LeaderElection.java:logAndReturn(56)) - 9127dd83-037b-4d39-812f-66db56af525a@group-BCADF287A12B-LeaderElection199: Election TIMEOUT; received 0 response(s) [] and 0 exception(s); 9127dd83-037b-4d39-812f-66db56af525a@group-BCADF287A12B:t217, leader=null, voted=9127dd83-037b-4d39-812f-66db56af525a, raftlog=9127dd83-037b-4d39-812f-66db56af525a@group-BCADF287A12B-SegmentedRaftLog:OPENED:c-1,f-1,i0, conf=-1: [7fae3aed-4e76-4283-a599-f93f794625ab:192.168.34.21:41352, 58095e90-3010-492a-9083-43cf2e035c3f:192.168.34.21:45284, 9127dd83-037b-4d39-812f-66db56af525a:192.168.34.21:42063], old=null
2019-10-30 05:53:28,803 [9127dd83-037b-4d39-812f-66db56af525a@group-BCADF287A12B-LeaderElection199] INFO  impl.LeaderElection (LeaderElection.java:askForVotes(178)) - 9127dd83-037b-4d39-812f-66db56af525a@group-BCADF287A12B-LeaderElection199: begin an election at term 218 for -1: [7fae3aed-4e76-4283-a599-f93f794625ab:192.168.34.21:41352, 58095e90-3010-492a-9083-43cf2e035c3f:192.168.34.21:45284, 9127dd83-037b-4d39-812f-66db56af525a:192.168.34.21:42063], old=null
2019-10-30 05:53:28,804 [grpc-default-executor-2] INFO  impl.RaftServerImpl (RaftServerImpl.java:setRole(184)) - 7fae3aed-4e76-4283-a599-f93f794625ab@group-BCADF287A12B: changes role from  FOLLOWER to FOLLOWER at term 218 for recognizeCandidate:9127dd83-037b-4d39-812f-66db56af525a
2019-10-30 05:53:28,804 [grpc-default-executor-2] INFO  impl.RoleInfo (RoleInfo.java:shutdownFollowerState(121)) - 7fae3aed-4e76-4283-a599-f93f794625ab: shutdown FollowerState
2019-10-30 05:53:28,804 [grpc-default-executor-2] INFO  impl.RoleInfo (RoleInfo.java:updateAndGet(143)) - 7fae3aed-4e76-4283-a599-f93f794625ab: start FollowerState
2019-10-30 05:53:28,805 [Thread-1549] INFO  impl.FollowerState (FollowerState.java:run(117)) - 7fae3aed-4e76-4283-a599-f93f794625ab@group-BCADF287A12B-FollowerState was interrupted: java.lang.InterruptedException: sleep interrupted
2019-10-30 05:53:28,805 [grpc-default-executor-1] INFO  impl.RaftServerImpl (RaftServerImpl.java:setRole(184)) - 58095e90-3010-492a-9083-43cf2e035c3f@group-BCADF287A12B: changes role from  FOLLOWER to FOLLOWER at term 218 for recognizeCandidate:9127dd83-037b-4d39-812f-66db56af525a
2019-10-30 05:53:28,805 [grpc-default-executor-1] INFO  impl.RoleInfo (RoleInfo.java:shutdownFollowerState(121)) - 58095e90-3010-492a-9083-43cf2e035c3f: shutdown FollowerState
2019-10-30 05:53:28,805 [grpc-default-executor-1] INFO  impl.RoleInfo (RoleInfo.java:updateAndGet(143)) - 58095e90-3010-492a-9083-43cf2e035c3f: start FollowerState
2019-10-30 05:53:28,805 [Thread-1550] INFO  impl.FollowerState (FollowerState.java:run(117)) - 58095e90-3010-492a-9083-43cf2e035c3f@group-BCADF287A12B-FollowerState was interrupted: java.lang.InterruptedException: sleep interrupted
2019-10-30 05:53:28,819 [9127dd83-037b-4d39-812f-66db56af525a@group-BCADF287A12B-LeaderElection199] INFO  impl.LeaderElection (LeaderElection.java:logAndReturn(56)) - 9127dd83-037b-4d39-812f-66db56af525a@group-BCADF287A12B-LeaderElection199: Election REJECTED; received 2 response(s) [9127dd83-037b-4d39-812f-66db56af525a<-7fae3aed-4e76-4283-a599-f93f794625ab#0:FAIL-t218, 9127dd83-037b-4d39-812f-66db56af525a<-58095e90-3010-492a-9083-43cf2e035c3f#0:FAIL-t218] and 0 exception(s); 9127dd83-037b-4d39-812f-66db56af525a@group-BCADF287A12B:t218, leader=null, voted=9127dd83-037b-4d39-812f-66db56af525a, raftlog=9127dd83-037b-4d39-812f-66db56af525a@group-BCADF287A12B-SegmentedRaftLog:OPENED:c-1,f-1,i0, conf=-1: [7fae3aed-4e76-4283-a599-f93f794625ab:192.168.34.21:41352, 58095e90-3010-492a-9083-43cf2e035c3f:192.168.34.21:45284, 9127dd83-037b-4d39-812f-66db56af525a:192.168.34.21:42063], old=null
2019-10-30 05:53:28,819 [9127dd83-037b-4d39-812f-66db56af525a@group-BCADF287A12B-LeaderElection199] INFO  impl.RaftServerImpl (RaftServerImpl.java:setRole(184)) - 9127dd83-037b-4d39-812f-66db56af525a@group-BCADF287A12B: changes role from CANDIDATE to FOLLOWER at term 218 for DISCOVERED_A_NEW_TERM
2019-10-30 05:53:28,819 [9127dd83-037b-4d39-812f-66db56af525a@group-BCADF287A12B-LeaderElection199] INFO  impl.RoleInfo (RoleInfo.java:shutdownLeaderElection(134)) - 9127dd83-037b-4d39-812f-66db56af525a: shutdown LeaderElection
2019-10-30 05:53:28,819 [9127dd83-037b-4d39-812f-66db56af525a@group-BCADF287A12B-LeaderElection199] INFO  impl.RoleInfo (RoleInfo.java:updateAndGet(143)) - 9127dd83-037b-4d39-812f-66db56af525a: start FollowerState
2019-10-30 05:53:28,928 [Thread-1555] INFO  impl.FollowerState (FollowerState.java:run(108)) - 9127dd83-037b-4d39-812f-66db56af525a@group-BCADF287A12B-FollowerState: change to CANDIDATE, lastRpcTime:108ms, electionTimeout:108ms
2019-10-30 05:53:28,928 [Thread-1555] INFO  impl.RoleInfo (RoleInfo.java:shutdownFollowerState(121)) - 9127dd83-037b-4d39-812f-66db56af525a: shutdown FollowerState
2019-10-30 05:53:28,928 [Thread-1555] INFO  impl.RaftServerImpl (RaftServerImpl.java:setRole(184)) - 9127dd83-037b-4d39-812f-66db56af525a@group-BCADF287A12B: changes role from  FOLLOWER to CANDIDATE at term 218 for changeToCandidate
2019-10-30 05:53:28,928 [Thread-1555] INFO  impl.RoleInfo (RoleInfo.java:updateAndGet(143)) - 9127dd83-037b-4d39-812f-66db56af525a: start LeaderElection
2019-10-30 05:53:28,942 [9127dd83-037b-4d39-812f-66db56af525a@group-BCADF287A12B-LeaderElection200] INFO  impl.LeaderElection (LeaderElection.java:askForVotes(178)) - 9127dd83-037b-4d39-812f-66db56af525a@group-BCADF287A12B-LeaderElection200: begin an election at term 219 for -1: [7fae3aed-4e76-4283-a599-f93f794625ab:192.168.34.21:41352, 58095e90-3010-492a-9083-43cf2e035c3f:192.168.34.21:45284, 9127dd83-037b-4d39-812f-66db56af525a:192.168.34.21:42063], old=null
2019-10-30 05:53:28,944 [grpc-default-executor-2] INFO  impl.RaftServerImpl (RaftServerImpl.java:setRole(184)) - 58095e90-3010-492a-9083-43cf2e035c3f@group-BCADF287A12B: changes role from  FOLLOWER to FOLLOWER at term 219 for recognizeCandidate:9127dd83-037b-4d39-812f-66db56af525a
2019-10-30 05:53:28,944 [grpc-default-executor-1] INFO  impl.RaftServerImpl (RaftServerImpl.java:setRole(184)) - 7fae3aed-4e76-4283-a599-f93f794625ab@group-BCADF287A12B: changes role from  FOLLOWER to FOLLOWER at term 219 for recognizeCandidate:9127dd83-037b-4d39-812f-66db56af525a
2019-10-30 05:53:28,945 [grpc-default-executor-1] INFO  impl.RoleInfo (RoleInfo.java:shutdownFollowerState(121)) - 7fae3aed-4e76-4283-a599-f93f794625ab: shutdown FollowerState
2019-10-30 05:53:28,945 [grpc-default-executor-2] INFO  impl.RoleInfo (RoleInfo.java:shutdownFollowerState(121)) - 58095e90-3010-492a-9083-43cf2e035c3f: shutdown FollowerState
2019-10-30 05:53:28,945 [Thread-1553] INFO  impl.FollowerState (FollowerState.java:run(117)) - 7fae3aed-4e76-4283-a599-f93f794625ab@group-BCADF287A12B-FollowerState was interrupted: java.lang.InterruptedException: sleep interrupted
2019-10-30 05:53:28,945 [grpc-default-executor-1] INFO  impl.RoleInfo (RoleInfo.java:updateAndGet(143)) - 7fae3aed-4e76-4283-a599-f93f794625ab: start FollowerState
2019-10-30 05:53:28,945 [Thread-1554] INFO  impl.FollowerState (FollowerState.java:run(117)) - 58095e90-3010-492a-9083-43cf2e035c3f@group-BCADF287A12B-FollowerState was interrupted: java.lang.InterruptedException: sleep interrupted
2019-10-30 05:53:28,945 [grpc-default-executor-2] INFO  impl.RoleInfo (RoleInfo.java:updateAndGet(143)) - 58095e90-3010-492a-9083-43cf2e035c3f: start FollowerState
2019-10-30 05:53:28,960 [9127dd83-037b-4d39-812f-66db56af525a@group-BCADF287A12B-LeaderElection200] INFO  impl.LeaderElection (LeaderElection.java:logAndReturn(56)) - 9127dd83-037b-4d39-812f-66db56af525a@group-BCADF287A12B-LeaderElection200: Election REJECTED; received 2 response(s) [9127dd83-037b-4d39-812f-66db56af525a<-7fae3aed-4e76-4283-a599-f93f794625ab#0:FAIL-t219, 9127dd83-037b-4d39-812f-66db56af525a<-58095e90-3010-492a-9083-43cf2e035c3f#0:FAIL-t219] and 0 exception(s); 9127dd83-037b-4d39-812f-66db56af525a@group-BCADF287A12B:t219, leader=null, voted=9127dd83-037b-4d39-812f-66db56af525a, raftlog=9127dd83-037b-4d39-812f-66db56af525a@group-BCADF287A12B-SegmentedRaftLog:OPENED:c-1,f-1,i0, conf=-1: [7fae3aed-4e76-4283-a599-f93f794625ab:192.168.34.21:41352, 58095e90-3010-492a-9083-43cf2e035c3f:192.168.34.21:45284, 9127dd83-037b-4d39-812f-66db56af525a:192.168.34.21:42063], old=null
2019-10-30 05:53:28,960 [9127dd83-037b-4d39-812f-66db56af525a@group-BCADF287A12B-LeaderElection200] INFO  impl.RaftServerImpl (RaftServerImpl.java:setRole(184)) - 9127dd83-037b-4d39-812f-66db56af525a@group-BCADF287A12B: changes role from CANDIDATE to FOLLOWER at term 219 for DISCOVERED_A_NEW_TERM
2019-10-30 05:53:28,960 [9127dd83-037b-4d39-812f-66db56af525a@group-BCADF287A12B-LeaderElection200] INFO  impl.RoleInfo (RoleInfo.java:shutdownLeaderElection(134)) - 9127dd83-037b-4d39-812f-66db56af525a: shutdown LeaderElection
2019-10-30 05:53:28,960 [9127dd83-037b-4d39-812f-66db56af525a@group-BCADF287A12B-LeaderElection200] INFO  impl.RoleInfo (RoleInfo.java:updateAndGet(143)) - 9127dd83-037b-4d39-812f-66db56af525a: start FollowerState
2019-10-30 05:53:29,090 [Thread-1561] INFO  impl.FollowerState (FollowerState.java:run(108)) - 9127dd83-037b-4d39-812f-66db56af525a@group-BCADF287A12B-FollowerState: change to CANDIDATE, lastRpcTime:129ms, electionTimeout:129ms
2019-10-30 05:53:29,090 [Thread-1561] INFO  impl.RoleInfo (RoleInfo.java:shutdownFollowerState(121)) - 9127dd83-037b-4d39-812f-66db56af525a: shutdown FollowerState
2019-10-30 05:53:29,090 [Thread-1561] INFO  impl.RaftServerImpl (RaftServerImpl.java:setRole(184)) - 9127dd83-037b-4d39-812f-66db56af525a@group-BCADF287A12B: changes role from  FOLLOWER to CANDIDATE at term 219 for changeToCandidate
2019-10-30 05:53:29,091 [Thread-1561] INFO  impl.RoleInfo (RoleInfo.java:updateAndGet(143)) - 9127dd83-037b-4d39-812f-66db56af525a: start LeaderElection
2019-10-30 05:53:29,105 [9127dd83-037b-4d39-812f-66db56af525a@group-BCADF287A12B-LeaderElection201] INFO  impl.LeaderElection (LeaderElection.java:askForVotes(178)) - 9127dd83-037b-4d39-812f-66db56af525a@group-BCADF287A12B-LeaderElection201: begin an election at term 220 for -1: [7fae3aed-4e76-4283-a599-f93f794625ab:192.168.34.21:41352, 58095e90-3010-492a-9083-43cf2e035c3f:192.168.34.21:45284, 9127dd83-037b-4d39-812f-66db56af525a:192.168.34.21:42063], old=null
2019-10-30 05:53:29,107 [grpc-default-executor-1] INFO  impl.RaftServerImpl (RaftServerImpl.java:setRole(184)) - 7fae3aed-4e76-4283-a599-f93f794625ab@group-BCADF287A12B: changes role from  FOLLOWER to FOLLOWER at term 220 for recognizeCandidate:9127dd83-037b-4d39-812f-66db56af525a
2019-10-30 05:53:29,107 [grpc-default-executor-2] INFO  impl.RaftServerImpl (RaftServerImpl.java:setRole(184)) - 58095e90-3010-492a-9083-43cf2e035c3f@group-BCADF287A12B: changes role from  FOLLOWER to FOLLOWER at term 220 for recognizeCandidate:9127dd83-037b-4d39-812f-66db56af525a
2019-10-30 05:53:29,107 [grpc-default-executor-1] INFO  impl.RoleInfo (RoleInfo.java:shutdownFollowerState(121)) - 7fae3aed-4e76-4283-a599-f93f794625ab: shutdown FollowerState
2019-10-30 05:53:29,107 [grpc-default-executor-2] INFO  impl.RoleInfo (RoleInfo.java:shutdownFollowerState(121)) - 58095e90-3010-492a-9083-43cf2e035c3f: shutdown FollowerState
2019-10-30 05:53:29,107 [Thread-1559] INFO  impl.FollowerState (FollowerState.java:run(117)) - 7fae3aed-4e76-4283-a599-f93f794625ab@group-BCADF287A12B-FollowerState was interrupted: java.lang.InterruptedException: sleep interrupted
2019-10-30 05:53:29,107 [grpc-default-executor-1] INFO  impl.RoleInfo (RoleInfo.java:updateAndGet(143)) - 7fae3aed-4e76-4283-a599-f93f794625ab: start FollowerState
2019-10-30 05:53:29,107 [Thread-1560] INFO  impl.FollowerState (FollowerState.java:run(117)) - 58095e90-3010-492a-9083-43cf2e035c3f@group-BCADF287A12B-FollowerState was interrupted: java.lang.InterruptedException: sleep interrupted
2019-10-30 05:53:29,107 [grpc-default-executor-2] INFO  impl.RoleInfo (RoleInfo.java:updateAndGet(143)) - 58095e90-3010-492a-9083-43cf2e035c3f: start FollowerState
2019-10-30 05:53:29,121 [9127dd83-037b-4d39-812f-66db56af525a@group-BCADF287A12B-LeaderElection201] INFO  impl.LeaderElection (LeaderElection.java:logAndReturn(56)) - 9127dd83-037b-4d39-812f-66db56af525a@group-BCADF287A12B-LeaderElection201: Election REJECTED; received 2 response(s) [9127dd83-037b-4d39-812f-66db56af525a<-7fae3aed-4e76-4283-a599-f93f794625ab#0:FAIL-t220, 9127dd83-037b-4d39-812f-66db56af525a<-58095e90-3010-492a-9083-43cf2e035c3f#0:FAIL-t220] and 0 exception(s); 9127dd83-037b-4d39-812f-66db56af525a@group-BCADF287A12B:t220, leader=null, voted=9127dd83-037b-4d39-812f-66db56af525a, raftlog=9127dd83-037b-4d39-812f-66db56af525a@group-BCADF287A12B-SegmentedRaftLog:OPENED:c-1,f-1,i0, conf=-1: [7fae3aed-4e76-4283-a599-f93f794625ab:192.168.34.21:41352, 58095e90-3010-492a-9083-43cf2e035c3f:192.168.34.21:45284, 9127dd83-037b-4d39-812f-66db56af525a:192.168.34.21:42063], old=null
2019-10-30 05:53:29,121 [9127dd83-037b-4d39-812f-66db56af525a@group-BCADF287A12B-LeaderElection201] INFO  impl.RaftServerImpl (RaftServerImpl.java:setRole(184)) - 9127dd83-037b-4d39-812f-66db56af525a@group-BCADF287A12B: changes role from CANDIDATE to FOLLOWER at term 220 for DISCOVERED_A_NEW_TERM
2019-10-30 05:53:29,121 [9127dd83-037b-4d39-812f-66db56af525a@group-BCADF287A12B-LeaderElection201] INFO  impl.RoleInfo (RoleInfo.java:shutdownLeaderElection(134)) - 9127dd83-037b-4d39-812f-66db56af525a: shutdown LeaderElection
2019-10-30 05:53:29,121 [9127dd83-037b-4d39-812f-66db56af525a@group-BCADF287A12B-LeaderElection201] INFO  impl.RoleInfo (RoleInfo.java:updateAndGet(143)) - 9127dd83-037b-4d39-812f-66db56af525a: start FollowerState
2019-10-30 05:53:29,189 [Thread-1567] INFO  impl.FollowerState (FollowerState.java:run(108)) - 9127dd83-037b-4d39-812f-66db56af525a@group-BCADF287A12B-FollowerState: change to CANDIDATE, lastRpcTime:67ms, electionTimeout:67ms
2019-10-30 05:53:29,189 [Thread-1567] INFO  impl.RoleInfo (RoleInfo.java:shutdownFollowerState(121)) - 9127dd83-037b-4d39-812f-66db56af525a: shutdown FollowerState
2019-10-30 05:53:29,189 [Thread-1567] INFO  impl.RaftServerImpl (RaftServerImpl.java:setRole(184)) - 9127dd83-037b-4d39-812f-66db56af525a@group-BCADF287A12B: changes role from  FOLLOWER to CANDIDATE at term 220 for changeToCandidate
2019-10-30 05:53:29,189 [Thread-1567] INFO  impl.RoleInfo (RoleInfo.java:updateAndGet(143)) - 9127dd83-037b-4d39-812f-66db56af525a: start LeaderElection
2019-10-30 05:53:29,203 [9127dd83-037b-4d39-812f-66db56af525a@group-BCADF287A12B-LeaderElection202] INFO  impl.LeaderElection (LeaderElection.java:askForVotes(178)) - 9127dd83-037b-4d39-812f-66db56af525a@group-BCADF287A12B-LeaderElection202: begin an election at term 221 for -1: [7fae3aed-4e76-4283-a599-f93f794625ab:192.168.34.21:41352, 58095e90-3010-492a-9083-43cf2e035c3f:192.168.34.21:45284, 9127dd83-037b-4d39-812f-66db56af525a:192.168.34.21:42063], old=null
2019-10-30 05:53:29,205 [grpc-default-executor-1] INFO  impl.RaftServerImpl (RaftServerImpl.java:setRole(184)) - 7fae3aed-4e76-4283-a599-f93f794625ab@group-BCADF287A12B: changes role from  FOLLOWER to FOLLOWER at term 221 for recognizeCandidate:9127dd83-037b-4d39-812f-66db56af525a
2019-10-30 05:53:29,205 [grpc-default-executor-2] INFO  impl.RaftServerImpl (RaftServerImpl.java:setRole(184)) - 58095e90-3010-492a-9083-43cf2e035c3f@group-BCADF287A12B: changes role from  FOLLOWER to FOLLOWER at term 221 for recognizeCandidate:9127dd83-037b-4d39-812f-66db56af525a
2019-10-30 05:53:29,205 [grpc-default-executor-1] INFO  impl.RoleInfo (RoleInfo.java:shutdownFollowerState(121)) - 7fae3aed-4e76-4283-a599-f93f794625ab: shutdown FollowerState
2019-10-30 05:53:29,206 [grpc-default-executor-2] INFO  impl.RoleInfo (RoleInfo.java:shutdownFollowerState(121)) - 58095e90-3010-492a-9083-43cf2e035c3f: shutdown FollowerState
2019-10-30 05:53:29,206 [Thread-1565] INFO  impl.FollowerState (FollowerState.java:run(117)) - 7fae3aed-4e76-4283-a599-f93f794625ab@group-BCADF287A12B-FollowerState was interrupted: java.lang.InterruptedException: sleep interrupted
2019-10-30 05:53:29,206 [grpc-default-executor-1] INFO  impl.RoleInfo (RoleInfo.java:updateAndGet(143)) - 7fae3aed-4e76-4283-a599-f93f794625ab: start FollowerState
2019-10-30 05:53:29,206 [Thread-1566] INFO  impl.FollowerState (FollowerState.java:run(117)) - 58095e90-3010-492a-9083-43cf2e035c3f@group-BCADF287A12B-FollowerState was interrupted: java.lang.InterruptedException: sleep interrupted
2019-10-30 05:53:29,206 [grpc-default-executor-2] INFO  impl.RoleInfo (RoleInfo.java:updateAndGet(143)) - 58095e90-3010-492a-9083-43cf2e035c3f: start FollowerState
2019-10-30 05:53:29,220 [9127dd83-037b-4d39-812f-66db56af525a@group-BCADF287A12B-LeaderElection202] INFO  impl.LeaderElection (LeaderElection.java:logAndReturn(56)) - 9127dd83-037b-4d39-812f-66db56af525a@group-BCADF287A12B-LeaderElection202: Election REJECTED; received 2 response(s) [9127dd83-037b-4d39-812f-66db56af525a<-7fae3aed-4e76-4283-a599-f93f794625ab#0:FAIL-t221, 9127dd83-037b-4d39-812f-66db56af525a<-58095e90-3010-492a-9083-43cf2e035c3f#0:FAIL-t221] and 0 exception(s); 9127dd83-037b-4d39-812f-66db56af525a@group-BCADF287A12B:t221, leader=null, voted=9127dd83-037b-4d39-812f-66db56af525a, raftlog=9127dd83-037b-4d39-812f-66db56af525a@group-BCADF287A12B-SegmentedRaftLog:OPENED:c-1,f-1,i0, conf=-1: [7fae3aed-4e76-4283-a599-f93f794625ab:192.168.34.21:41352, 58095e90-3010-492a-9083-43cf2e035c3f:192.168.34.21:45284, 9127dd83-037b-4d39-812f-66db56af525a:192.168.34.21:42063], old=null
2019-10-30 05:53:29,221 [9127dd83-037b-4d39-812f-66db56af525a@group-BCADF287A12B-LeaderElection202] INFO  impl.RaftServerImpl (RaftServerImpl.java:setRole(184)) - 9127dd83-037b-4d39-812f-66db56af525a@group-BCADF287A12B: changes role from CANDIDATE to FOLLOWER at term 221 for DISCOVERED_A_NEW_TERM
2019-10-30 05:53:29,221 [9127dd83-037b-4d39-812f-66db56af525a@group-BCADF287A12B-LeaderElection202] INFO  impl.RoleInfo (RoleInfo.java:shutdownLeaderElection(134)) - 9127dd83-037b-4d39-812f-66db56af525a: shutdown LeaderElection
2019-10-30 05:53:29,221 [9127dd83-037b-4d39-812f-66db56af525a@group-BCADF287A12B-LeaderElection202] INFO  impl.RoleInfo (RoleInfo.java:updateAndGet(143)) - 9127dd83-037b-4d39-812f-66db56af525a: start FollowerState
2019-10-30 05:53:29,338 [Thread-1573] INFO  impl.FollowerState (FollowerState.java:run(108)) - 9127dd83-037b-4d39-812f-66db56af525a@group-BCADF287A12B-FollowerState: change to CANDIDATE, lastRpcTime:117ms, electionTimeout:117ms
2019-10-30 05:53:29,338 [Thread-1573] INFO  impl.RoleInfo (RoleInfo.java:shutdownFollowerState(121)) - 9127dd83-037b-4d39-812f-66db56af525a: shutdown FollowerState
2019-10-30 05:53:29,339 [Thread-1573] INFO  impl.RaftServerImpl (RaftServerImpl.java:setRole(184)) - 9127dd83-037b-4d39-812f-66db56af525a@group-BCADF287A12B: changes role from  FOLLOWER to CANDIDATE at term 221 for changeToCandidate
2019-10-30 05:53:29,339 [Thread-1573] INFO  impl.RoleInfo (RoleInfo.java:updateAndGet(143)) - 9127dd83-037b-4d39-812f-66db56af525a: start LeaderElection
2019-10-30 05:53:29,353 [9127dd83-037b-4d39-812f-66db56af525a@group-BCADF287A12B-LeaderElection203] INFO  impl.LeaderElection (LeaderElection.java:askForVotes(178)) - 9127dd83-037b-4d39-812f-66db56af525a@group-BCADF287A12B-LeaderElection203: begin an election at term 222 for -1: [7fae3aed-4e76-4283-a599-f93f794625ab:192.168.34.21:41352, 58095e90-3010-492a-9083-43cf2e035c3f:192.168.34.21:45284, 9127dd83-037b-4d39-812f-66db56af525a:192.168.34.21:42063], old=null
2019-10-30 05:53:29,355 [grpc-default-executor-2] INFO  impl.RaftServerImpl (RaftServerImpl.java:setRole(184)) - 58095e90-3010-492a-9083-43cf2e035c3f@group-BCADF287A12B: changes role from  FOLLOWER to FOLLOWER at term 222 for recognizeCandidate:9127dd83-037b-4d39-812f-66db56af525a
2019-10-30 05:53:29,355 [grpc-default-executor-2] INFO  impl.RoleInfo (RoleInfo.java:shutdownFollowerState(121)) - 58095e90-3010-492a-9083-43cf2e035c3f: shutdown FollowerState
2019-10-30 05:53:29,355 [grpc-default-executor-1] INFO  impl.RaftServerImpl (RaftServerImpl.java:setRole(184)) - 7fae3aed-4e76-4283-a599-f93f794625ab@group-BCADF287A12B: changes role from  FOLLOWER to FOLLOWER at term 222 for recognizeCandidate:9127dd83-037b-4d39-812f-66db56af525a
2019-10-30 05:53:29,355 [grpc-default-executor-1] INFO  impl.RoleInfo (RoleInfo.java:shutdownFollowerState(121)) - 7fae3aed-4e76-4283-a599-f93f794625ab: shutdown FollowerState
2019-10-30 05:53:29,355 [Thread-1572] INFO  impl.FollowerState (FollowerState.java:run(117)) - 58095e90-3010-492a-9083-43cf2e035c3f@group-BCADF287A12B-FollowerState was interrupted: java.lang.InterruptedException: sleep interrupted
2019-10-30 05:53:29,356 [Thread-1571] INFO  impl.FollowerState (FollowerState.java:run(117)) - 7fae3aed-4e76-4283-a599-f93f794625ab@group-BCADF287A12B-FollowerState was interrupted: java.lang.InterruptedException: sleep interrupted
2019-10-30 05:53:29,355 [grpc-default-executor-2] INFO  impl.RoleInfo (RoleInfo.java:updateAndGet(143)) - 58095e90-3010-492a-9083-43cf2e035c3f: start FollowerState
2019-10-30 05:53:29,355 [grpc-default-executor-1] INFO  impl.RoleInfo (RoleInfo.java:updateAndGet(143)) - 7fae3aed-4e76-4283-a599-f93f794625ab: start FollowerState
2019-10-30 05:53:29,370 [9127dd83-037b-4d39-812f-66db56af525a@group-BCADF287A12B-LeaderElection203] INFO  impl.LeaderElection (LeaderElection.java:logAndReturn(56)) - 9127dd83-037b-4d39-812f-66db56af525a@group-BCADF287A12B-LeaderElection203: Election REJECTED; received 2 response(s) [9127dd83-037b-4d39-812f-66db56af525a<-7fae3aed-4e76-4283-a599-f93f794625ab#0:FAIL-t222, 9127dd83-037b-4d39-812f-66db56af525a<-58095e90-3010-492a-9083-43cf2e035c3f#0:FAIL-t222] and 0 exception(s); 9127dd83-037b-4d39-812f-66db56af525a@group-BCADF287A12B:t222, leader=null, voted=9127dd83-037b-4d39-812f-66db56af525a, raftlog=9127dd83-037b-4d39-812f-66db56af525a@group-BCADF287A12B-SegmentedRaftLog:OPENED:c-1,f-1,i0, conf=-1: [7fae3aed-4e76-4283-a599-f93f794625ab:192.168.34.21:41352, 58095e90-3010-492a-9083-43cf2e035c3f:192.168.34.21:45284, 9127dd83-037b-4d39-812f-66db56af525a:192.168.34.21:42063], old=null
2019-10-30 05:53:29,370 [9127dd83-037b-4d39-812f-66db56af525a@group-BCADF287A12B-LeaderElection203] INFO  impl.RaftServerImpl (RaftServerImpl.java:setRole(184)) - 9127dd83-037b-4d39-812f-66db56af525a@group-BCADF287A12B: changes role from CANDIDATE to FOLLOWER at term 222 for DISCOVERED_A_NEW_TERM
2019-10-30 05:53:29,370 [9127dd83-037b-4d39-812f-66db56af525a@group-BCADF287A12B-LeaderElection203] INFO  impl.RoleInfo (RoleInfo.java:shutdownLeaderElection(134)) - 9127dd83-037b-4d39-812f-66db56af525a: shutdown LeaderElection
2019-10-30 05:53:29,370 [9127dd83-037b-4d39-812f-66db56af525a@group-BCADF287A12B-LeaderElection203] INFO  impl.RoleInfo (RoleInfo.java:updateAndGet(143)) - 9127dd83-037b-4d39-812f-66db56af525a: start FollowerState
2019-10-30 05:53:29,451 [Thread-1581] INFO  impl.FollowerState (FollowerState.java:run(108)) - 9127dd83-037b-4d39-812f-66db56af525a@group-BCADF287A12B-FollowerState: change to CANDIDATE, lastRpcTime:80ms, electionTimeout:80ms
2019-10-30 05:53:29,452 [Thread-1581] INFO  impl.RoleInfo (RoleInfo.java:shutdownFollowerState(121)) - 9127dd83-037b-4d39-812f-66db56af525a: shutdown FollowerState
2019-10-30 05:53:29,452 [Thread-1581] INFO  impl.RaftServerImpl (RaftServerImpl.java:setRole(184)) - 9127dd83-037b-4d39-812f-66db56af525a@group-BCADF287A12B: changes role from  FOLLOWER to CANDIDATE at term 222 for changeToCandidate
2019-10-30 05:53:29,452 [Thread-1581] INFO  impl.RoleInfo (RoleInfo.java:updateAndGet(143)) - 9127dd83-037b-4d39-812f-66db56af525a: start LeaderElection
2019-10-30 05:53:29,465 [9127dd83-037b-4d39-812f-66db56af525a@group-BCADF287A12B-LeaderElection204] INFO  impl.LeaderElection (LeaderElection.java:askForVotes(178)) - 9127dd83-037b-4d39-812f-66db56af525a@group-BCADF287A12B-LeaderElection204: begin an election at term 223 for -1: [7fae3aed-4e76-4283-a599-f93f794625ab:192.168.34.21:41352, 58095e90-3010-492a-9083-43cf2e035c3f:192.168.34.21:45284, 9127dd83-037b-4d39-812f-66db56af525a:192.168.34.21:42063], old=null
2019-10-30 05:53:29,467 [grpc-default-executor-2] INFO  impl.RaftServerImpl (RaftServerImpl.java:setRole(184)) - 58095e90-3010-492a-9083-43cf2e035c3f@group-BCADF287A12B: changes role from  FOLLOWER to FOLLOWER at term 223 for recognizeCandidate:9127dd83-037b-4d39-812f-66db56af525a
2019-10-30 05:53:29,467 [grpc-default-executor-1] INFO  impl.RaftServerImpl (RaftServerImpl.java:setRole(184)) - 7fae3aed-4e76-4283-a599-f93f794625ab@group-BCADF287A12B: changes role from  FOLLOWER to FOLLOWER at term 223 for recognizeCandidate:9127dd83-037b-4d39-812f-66db56af525a
2019-10-30 05:53:29,468 [grpc-default-executor-2] INFO  impl.RoleInfo (RoleInfo.java:shutdownFollowerState(121)) - 58095e90-3010-492a-9083-43cf2e035c3f: shutdown FollowerState
2019-10-30 05:53:29,468 [grpc-default-executor-1] INFO  impl.RoleInfo (RoleInfo.java:shutdownFollowerState(121)) - 7fae3aed-4e76-4283-a599-f93f794625ab: shutdown FollowerState
2019-10-30 05:53:29,468 [Thread-1579] INFO  impl.FollowerState (FollowerState.java:run(117)) - 58095e90-3010-492a-9083-43cf2e035c3f@group-BCADF287A12B-FollowerState was interrupted: java.lang.InterruptedException: sleep interrupted
2019-10-30 05:53:29,468 [grpc-default-executor-2] INFO  impl.RoleInfo (RoleInfo.java:updateAndGet(143)) - 58095e90-3010-492a-9083-43cf2e035c3f: start FollowerState
2019-10-30 05:53:29,468 [Thread-1580] INFO  impl.FollowerState (FollowerState.java:run(117)) - 7fae3aed-4e76-4283-a599-f93f794625ab@group-BCADF287A12B-FollowerState was interrupted: java.lang.InterruptedException: sleep interrupted
2019-10-30 05:53:29,468 [grpc-default-executor-1] INFO  impl.RoleInfo (RoleInfo.java:updateAndGet(143)) - 7fae3aed-4e76-4283-a599-f93f794625ab: start FollowerState
2019-10-30 05:53:29,482 [9127dd83-037b-4d39-812f-66db56af525a@group-BCADF287A12B-LeaderElection204] INFO  impl.LeaderElection (LeaderElection.java:logAndReturn(56)) - 9127dd83-037b-4d39-812f-66db56af525a@group-BCADF287A12B-LeaderElection204: Election REJECTED; received 2 response(s) [9127dd83-037b-4d39-812f-66db56af525a<-7fae3aed-4e76-4283-a599-f93f794625ab#0:FAIL-t223, 9127dd83-037b-4d39-812f-66db56af525a<-58095e90-3010-492a-9083-43cf2e035c3f#0:FAIL-t223] and 0 exception(s); 9127dd83-037b-4d39-812f-66db56af525a@group-BCADF287A12B:t223, leader=null, voted=9127dd83-037b-4d39-812f-66db56af525a, raftlog=9127dd83-037b-4d39-812f-66db56af525a@group-BCADF287A12B-SegmentedRaftLog:OPENED:c-1,f-1,i0, conf=-1: [7fae3aed-4e76-4283-a599-f93f794625ab:192.168.34.21:41352, 58095e90-3010-492a-9083-43cf2e035c3f:192.168.34.21:45284, 9127dd83-037b-4d39-812f-66db56af525a:192.168.34.21:42063], old=null
2019-10-30 05:53:29,482 [9127dd83-037b-4d39-812f-66db56af525a@group-BCADF287A12B-LeaderElection204] INFO  impl.RaftServerImpl (RaftServerImpl.java:setRole(184)) - 9127dd83-037b-4d39-812f-66db56af525a@group-BCADF287A12B: changes role from CANDIDATE to FOLLOWER at term 223 for DISCOVERED_A_NEW_TERM
2019-10-30 05:53:29,482 [9127dd83-037b-4d39-812f-66db56af525a@group-BCADF287A12B-LeaderElection204] INFO  impl.RoleInfo (RoleInfo.java:shutdownLeaderElection(134)) - 9127dd83-037b-4d39-812f-66db56af525a: shutdown LeaderElection
2019-10-30 05:53:29,483 [9127dd83-037b-4d39-812f-66db56af525a@group-BCADF287A12B-LeaderElection204] INFO  impl.RoleInfo (RoleInfo.java:updateAndGet(143)) - 9127dd83-037b-4d39-812f-66db56af525a: start FollowerState
2019-10-30 05:53:29,527 [Thread-1587] INFO  impl.FollowerState (FollowerState.java:run(108)) - 9127dd83-037b-4d39-812f-66db56af525a@group-BCADF287A12B-FollowerState: change to CANDIDATE, lastRpcTime:44ms, electionTimeout:44ms
2019-10-30 05:53:29,527 [Thread-1587] INFO  impl.RoleInfo (RoleInfo.java:shutdownFollowerState(121)) - 9127dd83-037b-4d39-812f-66db56af525a: shutdown FollowerState
2019-10-30 05:53:29,527 [Thread-1587] INFO  impl.RaftServerImpl (RaftServerImpl.java:setRole(184)) - 9127dd83-037b-4d39-812f-66db56af525a@group-BCADF287A12B: changes role from  FOLLOWER to CANDIDATE at term 223 for changeToCandidate
2019-10-30 05:53:29,527 [Thread-1587] INFO  impl.RoleInfo (RoleInfo.java:updateAndGet(143)) - 9127dd83-037b-4d39-812f-66db56af525a: start LeaderElection
2019-10-30 05:53:29,541 [9127dd83-037b-4d39-812f-66db56af525a@group-BCADF287A12B-LeaderElection205] INFO  impl.LeaderElection (LeaderElection.java:askForVotes(178)) - 9127dd83-037b-4d39-812f-66db56af525a@group-BCADF287A12B-LeaderElection205: begin an election at term 224 for -1: [7fae3aed-4e76-4283-a599-f93f794625ab:192.168.34.21:41352, 58095e90-3010-492a-9083-43cf2e035c3f:192.168.34.21:45284, 9127dd83-037b-4d39-812f-66db56af525a:192.168.34.21:42063], old=null
2019-10-30 05:53:29,542 [grpc-default-executor-1] INFO  impl.RaftServerImpl (RaftServerImpl.java:setRole(184)) - 58095e90-3010-492a-9083-43cf2e035c3f@group-BCADF287A12B: changes role from  FOLLOWER to FOLLOWER at term 224 for recognizeCandidate:9127dd83-037b-4d39-812f-66db56af525a
2019-10-30 05:53:29,543 [grpc-default-executor-1] INFO  impl.RoleInfo (RoleInfo.java:shutdownFollowerState(121)) - 58095e90-3010-492a-9083-43cf2e035c3f: shutdown FollowerState
2019-10-30 05:53:29,543 [grpc-default-executor-2] INFO  impl.RaftServerImpl (RaftServerImpl.java:setRole(184)) - 7fae3aed-4e76-4283-a599-f93f794625ab@group-BCADF287A12B: changes role from  FOLLOWER to FOLLOWER at term 224 for recognizeCandidate:9127dd83-037b-4d39-812f-66db56af525a
2019-10-30 05:53:29,543 [grpc-default-executor-2] INFO  impl.RoleInfo (RoleInfo.java:shutdownFollowerState(121)) - 7fae3aed-4e76-4283-a599-f93f794625ab: shutdown FollowerState
2019-10-30 05:53:29,543 [Thread-1585] INFO  impl.FollowerState (FollowerState.java:run(117)) - 58095e90-3010-492a-9083-43cf2e035c3f@group-BCADF287A12B-FollowerState was interrupted: java.lang.InterruptedException: sleep interrupted
2019-10-30 05:53:29,543 [grpc-default-executor-1] INFO  impl.RoleInfo (RoleInfo.java:updateAndGet(143)) - 58095e90-3010-492a-9083-43cf2e035c3f: start FollowerState
2019-10-30 05:53:29,543 [Thread-1586] INFO  impl.FollowerState (FollowerState.java:run(117)) - 7fae3aed-4e76-4283-a599-f93f794625ab@group-BCADF287A12B-FollowerState was interrupted: java.lang.InterruptedException: sleep interrupted
2019-10-30 05:53:29,543 [grpc-default-executor-2] INFO  impl.RoleInfo (RoleInfo.java:updateAndGet(143)) - 7fae3aed-4e76-4283-a599-f93f794625ab: start FollowerState
2019-10-30 05:53:29,562 [9127dd83-037b-4d39-812f-66db56af525a@group-BCADF287A12B-LeaderElection205] INFO  impl.LeaderElection (LeaderElection.java:logAndReturn(56)) - 9127dd83-037b-4d39-812f-66db56af525a@group-BCADF287A12B-LeaderElection205: Election REJECTED; received 2 response(s) [9127dd83-037b-4d39-812f-66db56af525a<-7fae3aed-4e76-4283-a599-f93f794625ab#0:FAIL-t224, 9127dd83-037b-4d39-812f-66db56af525a<-58095e90-3010-492a-9083-43cf2e035c3f#0:FAIL-t224] and 0 exception(s); 9127dd83-037b-4d39-812f-66db56af525a@group-BCADF287A12B:t224, leader=null, voted=9127dd83-037b-4d39-812f-66db56af525a, raftlog=9127dd83-037b-4d39-812f-66db56af525a@group-BCADF287A12B-SegmentedRaftLog:OPENED:c-1,f-1,i0, conf=-1: [7fae3aed-4e76-4283-a599-f93f794625ab:192.168.34.21:41352, 58095e90-3010-492a-9083-43cf2e035c3f:192.168.34.21:45284, 9127dd83-037b-4d39-812f-66db56af525a:192.168.34.21:42063], old=null
2019-10-30 05:53:29,562 [9127dd83-037b-4d39-812f-66db56af525a@group-BCADF287A12B-LeaderElection205] INFO  impl.RaftServerImpl (RaftServerImpl.java:setRole(184)) - 9127dd83-037b-4d39-812f-66db56af525a@group-BCADF287A12B: changes role from CANDIDATE to FOLLOWER at term 224 for DISCOVERED_A_NEW_TERM
2019-10-30 05:53:29,562 [9127dd83-037b-4d39-812f-66db56af525a@group-BCADF287A12B-LeaderElection205] INFO  impl.RoleInfo (RoleInfo.java:shutdownLeaderElection(134)) - 9127dd83-037b-4d39-812f-66db56af525a: shutdown LeaderElection
2019-10-30 05:53:29,563 [9127dd83-037b-4d39-812f-66db56af525a@group-BCADF287A12B-LeaderElection205] INFO  impl.RoleInfo (RoleInfo.java:updateAndGet(143)) - 9127dd83-037b-4d39-812f-66db56af525a: start FollowerState
2019-10-30 05:53:29,695 [Thread-1593] INFO  impl.FollowerState (FollowerState.java:run(108)) - 9127dd83-037b-4d39-812f-66db56af525a@group-BCADF287A12B-FollowerState: change to CANDIDATE, lastRpcTime:132ms, electionTimeout:132ms
2019-10-30 05:53:29,695 [Thread-1593] INFO  impl.RoleInfo (RoleInfo.java:shutdownFollowerState(121)) - 9127dd83-037b-4d39-812f-66db56af525a: shutdown FollowerState
2019-10-30 05:53:29,695 [Thread-1593] INFO  impl.RaftServerImpl (RaftServerImpl.java:setRole(184)) - 9127dd83-037b-4d39-812f-66db56af525a@group-BCADF287A12B: changes role from  FOLLOWER to CANDIDATE at term 224 for changeToCandidate
2019-10-30 05:53:29,695 [Thread-1593] INFO  impl.RoleInfo (RoleInfo.java:updateAndGet(143)) - 9127dd83-037b-4d39-812f-66db56af525a: start LeaderElection
2019-10-30 05:53:29,709 [9127dd83-037b-4d39-812f-66db56af525a@group-BCADF287A12B-LeaderElection206] INFO  impl.LeaderElection (LeaderElection.java:askForVotes(178)) - 9127dd83-037b-4d39-812f-66db56af525a@group-BCADF287A12B-LeaderElection206: begin an election at term 225 for -1: [7fae3aed-4e76-4283-a599-f93f794625ab:192.168.34.21:41352, 58095e90-3010-492a-9083-43cf2e035c3f:192.168.34.21:45284, 9127dd83-037b-4d39-812f-66db56af525a:192.168.34.21:42063], old=null
2019-10-30 05:53:29,710 [grpc-default-executor-2] INFO  impl.RaftServerImpl (RaftServerImpl.java:setRole(184)) - 7fae3aed-4e76-4283-a599-f93f794625ab@group-BCADF287A12B: changes role from  FOLLOWER to FOLLOWER at term 225 for recognizeCandidate:9127dd83-037b-4d39-812f-66db56af525a
2019-10-30 05:53:29,711 [grpc-default-executor-2] INFO  impl.RoleInfo (RoleInfo.java:shutdownFollowerState(121)) - 7fae3aed-4e76-4283-a599-f93f794625ab: shutdown FollowerState
2019-10-30 05:53:29,711 [grpc-default-executor-1] INFO  impl.RaftServerImpl (RaftServerImpl.java:setRole(184)) - 58095e90-3010-492a-9083-43cf2e035c3f@group-BCADF287A12B: changes role from  FOLLOWER to FOLLOWER at term 225 for recognizeCandidate:9127dd83-037b-4d39-812f-66db56af525a
2019-10-30 05:53:29,712 [Thread-1592] INFO  impl.FollowerState (FollowerState.java:run(117)) - 7fae3aed-4e76-4283-a599-f93f794625ab@group-BCADF287A12B-FollowerState was interrupted: java.lang.InterruptedException: sleep interrupted
2019-10-30 05:53:29,712 [grpc-default-executor-2] INFO  impl.RoleInfo (RoleInfo.java:updateAndGet(143)) - 7fae3aed-4e76-4283-a599-f93f794625ab: start FollowerState
2019-10-30 05:53:29,712 [grpc-default-executor-1] INFO  impl.RoleInfo (RoleInfo.java:shutdownFollowerState(121)) - 58095e90-3010-492a-9083-43cf2e035c3f: shutdown FollowerState
2019-10-30 05:53:29,712 [grpc-default-executor-1] INFO  impl.RoleInfo (RoleInfo.java:updateAndGet(143)) - 58095e90-3010-492a-9083-43cf2e035c3f: start FollowerState
2019-10-30 05:53:29,712 [Thread-1591] INFO  impl.FollowerState (FollowerState.java:run(117)) - 58095e90-3010-492a-9083-43cf2e035c3f@group-BCADF287A12B-FollowerState was interrupted: java.lang.InterruptedException: sleep interrupted
2019-10-30 05:53:29,727 [9127dd83-037b-4d39-812f-66db56af525a@group-BCADF287A12B-LeaderElection206] INFO  impl.LeaderElection (LeaderElection.java:logAndReturn(56)) - 9127dd83-037b-4d39-812f-66db56af525a@group-BCADF287A12B-LeaderElection206: Election REJECTED; received 2 response(s) [9127dd83-037b-4d39-812f-66db56af525a<-7fae3aed-4e76-4283-a599-f93f794625ab#0:FAIL-t225, 9127dd83-037b-4d39-812f-66db56af525a<-58095e90-3010-492a-9083-43cf2e035c3f#0:FAIL-t225] and 0 exception(s); 9127dd83-037b-4d39-812f-66db56af525a@group-BCADF287A12B:t225, leader=null, voted=9127dd83-037b-4d39-812f-66db56af525a, raftlog=9127dd83-037b-4d39-812f-66db56af525a@group-BCADF287A12B-SegmentedRaftLog:OPENED:c-1,f-1,i0, conf=-1: [7fae3aed-4e76-4283-a599-f93f794625ab:192.168.34.21:41352, 58095e90-3010-492a-9083-43cf2e035c3f:192.168.34.21:45284, 9127dd83-037b-4d39-812f-66db56af525a:192.168.34.21:42063], old=null
2019-10-30 05:53:29,727 [9127dd83-037b-4d39-812f-66db56af525a@group-BCADF287A12B-LeaderElection206] INFO  impl.RaftServerImpl (RaftServerImpl.java:setRole(184)) - 9127dd83-037b-4d39-812f-66db56af525a@group-BCADF287A12B: changes role from CANDIDATE to FOLLOWER at term 225 for DISCOVERED_A_NEW_TERM
2019-10-30 05:53:29,727 [9127dd83-037b-4d39-812f-66db56af525a@group-BCADF287A12B-LeaderElection206] INFO  impl.RoleInfo (RoleInfo.java:shutdownLeaderElection(134)) - 9127dd83-037b-4d39-812f-66db56af525a: shutdown LeaderElection
2019-10-30 05:53:29,727 [9127dd83-037b-4d39-812f-66db56af525a@group-BCADF287A12B-LeaderElection206] INFO  impl.RoleInfo (RoleInfo.java:updateAndGet(143)) - 9127dd83-037b-4d39-812f-66db56af525a: start FollowerState
2019-10-30 05:53:29,783 [Thread-1599] INFO  impl.FollowerState (FollowerState.java:run(108)) - 9127dd83-037b-4d39-812f-66db56af525a@group-BCADF287A12B-FollowerState: change to CANDIDATE, lastRpcTime:56ms, electionTimeout:56ms
2019-10-30 05:53:29,783 [Thread-1599] INFO  impl.RoleInfo (RoleInfo.java:shutdownFollowerState(121)) - 9127dd83-037b-4d39-812f-66db56af525a: shutdown FollowerState
2019-10-30 05:53:29,784 [Thread-1599] INFO  impl.RaftServerImpl (RaftServerImpl.java:setRole(184)) - 9127dd83-037b-4d39-812f-66db56af525a@group-BCADF287A12B: changes role from  FOLLOWER to CANDIDATE at term 225 for changeToCandidate
2019-10-30 05:53:29,784 [Thread-1599] INFO  impl.RoleInfo (RoleInfo.java:updateAndGet(143)) - 9127dd83-037b-4d39-812f-66db56af525a: start LeaderElection
2019-10-30 05:53:29,798 [9127dd83-037b-4d39-812f-66db56af525a@group-BCADF287A12B-LeaderElection207] INFO  impl.LeaderElection (LeaderElection.java:askForVotes(178)) - 9127dd83-037b-4d39-812f-66db56af525a@group-BCADF287A12B-LeaderElection207: begin an election at term 226 for -1: [7fae3aed-4e76-4283-a599-f93f794625ab:192.168.34.21:41352, 58095e90-3010-492a-9083-43cf2e035c3f:192.168.34.21:45284, 9127dd83-037b-4d39-812f-66db56af525a:192.168.34.21:42063], old=null
2019-10-30 05:53:29,799 [grpc-default-executor-2] INFO  impl.RaftServerImpl (RaftServerImpl.java:setRole(184)) - 7fae3aed-4e76-4283-a599-f93f794625ab@group-BCADF287A12B: changes role from  FOLLOWER to FOLLOWER at term 226 for recognizeCandidate:9127dd83-037b-4d39-812f-66db56af525a
2019-10-30 05:53:29,799 [grpc-default-executor-2] INFO  impl.RoleInfo (RoleInfo.java:shutdownFollowerState(121)) - 7fae3aed-4e76-4283-a599-f93f794625ab: shutdown FollowerState
2019-10-30 05:53:29,799 [grpc-default-executor-1] INFO  impl.RaftServerImpl (RaftServerImpl.java:setRole(184)) - 58095e90-3010-492a-9083-43cf2e035c3f@group-BCADF287A12B: changes role from  FOLLOWER to FOLLOWER at term 226 for recognizeCandidate:9127dd83-037b-4d39-812f-66db56af525a
2019-10-30 05:53:29,800 [Thread-1597] INFO  impl.FollowerState (FollowerState.java:run(117)) - 7fae3aed-4e76-4283-a599-f93f794625ab@group-BCADF287A12B-FollowerState was interrupted: java.lang.InterruptedException: sleep interrupted
2019-10-30 05:53:29,800 [grpc-default-executor-2] INFO  impl.RoleInfo (RoleInfo.java:updateAndGet(143)) - 7fae3aed-4e76-4283-a599-f93f794625ab: start FollowerState
2019-10-30 05:53:29,800 [grpc-default-executor-1] INFO  impl.RoleInfo (RoleInfo.java:shutdownFollowerState(121)) - 58095e90-3010-492a-9083-43cf2e035c3f: shutdown FollowerState
2019-10-30 05:53:29,800 [grpc-default-executor-1] INFO  impl.RoleInfo (RoleInfo.java:updateAndGet(143)) - 58095e90-3010-492a-9083-43cf2e035c3f: start FollowerState
2019-10-30 05:53:29,800 [Thread-1598] INFO  impl.FollowerState (FollowerState.java:run(117)) - 58095e90-3010-492a-9083-43cf2e035c3f@group-BCADF287A12B-FollowerState was interrupted: java.lang.InterruptedException: sleep interrupted
2019-10-30 05:53:29,814 [9127dd83-037b-4d39-812f-66db56af525a@group-BCADF287A12B-LeaderElection207] INFO  impl.LeaderElection (LeaderElection.java:logAndReturn(56)) - 9127dd83-037b-4d39-812f-66db56af525a@group-BCADF287A12B-LeaderElection207: Election REJECTED; received 2 response(s) [9127dd83-037b-4d39-812f-66db56af525a<-7fae3aed-4e76-4283-a599-f93f794625ab#0:FAIL-t226, 9127dd83-037b-4d39-812f-66db56af525a<-58095e90-3010-492a-9083-43cf2e035c3f#0:FAIL-t226] and 0 exception(s); 9127dd83-037b-4d39-812f-66db56af525a@group-BCADF287A12B:t226, leader=null, voted=9127dd83-037b-4d39-812f-66db56af525a, raftlog=9127dd83-037b-4d39-812f-66db56af525a@group-BCADF287A12B-SegmentedRaftLog:OPENED:c-1,f-1,i0, conf=-1: [7fae3aed-4e76-4283-a599-f93f794625ab:192.168.34.21:41352, 58095e90-3010-492a-9083-43cf2e035c3f:192.168.34.21:45284, 9127dd83-037b-4d39-812f-66db56af525a:192.168.34.21:42063], old=null
2019-10-30 05:53:29,814 [9127dd83-037b-4d39-812f-66db56af525a@group-BCADF287A12B-LeaderElection207] INFO  impl.RaftServerImpl (RaftServerImpl.java:setRole(184)) - 9127dd83-037b-4d39-812f-66db56af525a@group-BCADF287A12B: changes role from CANDIDATE to FOLLOWER at term 226 for DISCOVERED_A_NEW_TERM
2019-10-30 05:53:29,814 [9127dd83-037b-4d39-812f-66db56af525a@group-BCADF287A12B-LeaderElection207] INFO  impl.RoleInfo (RoleInfo.java:shutdownLeaderElection(134)) - 9127dd83-037b-4d39-812f-66db56af525a: shutdown LeaderElection
2019-10-30 05:53:29,814 [9127dd83-037b-4d39-812f-66db56af525a@group-BCADF287A12B-LeaderElection207] INFO  impl.RoleInfo (RoleInfo.java:updateAndGet(143)) - 9127dd83-037b-4d39-812f-66db56af525a: start FollowerState
2019-10-30 05:53:29,914 [Thread-1605] INFO  impl.FollowerState (FollowerState.java:run(108)) - 9127dd83-037b-4d39-812f-66db56af525a@group-BCADF287A12B-FollowerState: change to CANDIDATE, lastRpcTime:100ms, electionTimeout:100ms
2019-10-30 05:53:29,915 [Thread-1605] INFO  impl.RoleInfo (RoleInfo.java:shutdownFollowerState(121)) - 9127dd83-037b-4d39-812f-66db56af525a: shutdown FollowerState
2019-10-30 05:53:29,915 [Thread-1605] INFO  impl.RaftServerImpl (RaftServerImpl.java:setRole(184)) - 9127dd83-037b-4d39-812f-66db56af525a@group-BCADF287A12B: changes role from  FOLLOWER to CANDIDATE at term 226 for changeToCandidate
2019-10-30 05:53:29,915 [Thread-1605] INFO  impl.RoleInfo (RoleInfo.java:updateAndGet(143)) - 9127dd83-037b-4d39-812f-66db56af525a: start LeaderElection
2019-10-30 05:53:29,928 [9127dd83-037b-4d39-812f-66db56af525a@group-BCADF287A12B-LeaderElection208] INFO  impl.LeaderElection (LeaderElection.java:askForVotes(178)) - 9127dd83-037b-4d39-812f-66db56af525a@group-BCADF287A12B-LeaderElection208: begin an election at term 227 for -1: [7fae3aed-4e76-4283-a599-f93f794625ab:192.168.34.21:41352, 58095e90-3010-492a-9083-43cf2e035c3f:192.168.34.21:45284, 9127dd83-037b-4d39-812f-66db56af525a:192.168.34.21:42063], old=null
2019-10-30 05:53:29,930 [grpc-default-executor-1] INFO  impl.RaftServerImpl (RaftServerImpl.java:setRole(184)) - 7fae3aed-4e76-4283-a599-f93f794625ab@group-BCADF287A12B: changes role from  FOLLOWER to FOLLOWER at term 227 for recognizeCandidate:9127dd83-037b-4d39-812f-66db56af525a
2019-10-30 05:53:29,930 [grpc-default-executor-1] INFO  impl.RoleInfo (RoleInfo.java:shutdownFollowerState(121)) - 7fae3aed-4e76-4283-a599-f93f794625ab: shutdown FollowerState
2019-10-30 05:53:29,930 [grpc-default-executor-2] INFO  impl.RaftServerImpl (RaftServerImpl.java:setRole(184)) - 58095e90-3010-492a-9083-43cf2e035c3f@group-BCADF287A12B: changes role from  FOLLOWER to FOLLOWER at term 227 for recognizeCandidate:9127dd83-037b-4d39-812f-66db56af525a
2019-10-30 05:53:29,930 [grpc-default-executor-2] INFO  impl.RoleInfo (RoleInfo.java:shutdownFollowerState(121)) - 58095e90-3010-492a-9083-43cf2e035c3f: shutdown FollowerState
2019-10-30 05:53:29,930 [Thread-1603] INFO  impl.FollowerState (FollowerState.java:run(117)) - 7fae3aed-4e76-4283-a599-f93f794625ab@group-BCADF287A12B-FollowerState was interrupted: java.lang.InterruptedException: sleep interrupted
2019-10-30 05:53:29,930 [grpc-default-executor-1] INFO  impl.RoleInfo (RoleInfo.java:updateAndGet(143)) - 7fae3aed-4e76-4283-a599-f93f794625ab: start FollowerState
2019-10-30 05:53:29,930 [Thread-1604] INFO  impl.FollowerState (FollowerState.java:run(117)) - 58095e90-3010-492a-9083-43cf2e035c3f@group-BCADF287A12B-FollowerState was interrupted: java.lang.InterruptedException: sleep interrupted
2019-10-30 05:53:29,930 [grpc-default-executor-2] INFO  impl.RoleInfo (RoleInfo.java:updateAndGet(143)) - 58095e90-3010-492a-9083-43cf2e035c3f: start FollowerState
2019-10-30 05:53:29,945 [9127dd83-037b-4d39-812f-66db56af525a@group-BCADF287A12B-LeaderElection208] INFO  impl.LeaderElection (LeaderElection.java:logAndReturn(56)) - 9127dd83-037b-4d39-812f-66db56af525a@group-BCADF287A12B-LeaderElection208: Election REJECTED; received 2 response(s) [9127dd83-037b-4d39-812f-66db56af525a<-7fae3aed-4e76-4283-a599-f93f794625ab#0:FAIL-t227, 9127dd83-037b-4d39-812f-66db56af525a<-58095e90-3010-492a-9083-43cf2e035c3f#0:FAIL-t227] and 0 exception(s); 9127dd83-037b-4d39-812f-66db56af525a@group-BCADF287A12B:t227, leader=null, voted=9127dd83-037b-4d39-812f-66db56af525a, raftlog=9127dd83-037b-4d39-812f-66db56af525a@group-BCADF287A12B-SegmentedRaftLog:OPENED:c-1,f-1,i0, conf=-1: [7fae3aed-4e76-4283-a599-f93f794625ab:192.168.34.21:41352, 58095e90-3010-492a-9083-43cf2e035c3f:192.168.34.21:45284, 9127dd83-037b-4d39-812f-66db56af525a:192.168.34.21:42063], old=null
2019-10-30 05:53:29,945 [9127dd83-037b-4d39-812f-66db56af525a@group-BCADF287A12B-LeaderElection208] INFO  impl.RaftServerImpl (RaftServerImpl.java:setRole(184)) - 9127dd83-037b-4d39-812f-66db56af525a@group-BCADF287A12B: changes role from CANDIDATE to FOLLOWER at term 227 for DISCOVERED_A_NEW_TERM
2019-10-30 05:53:29,945 [9127dd83-037b-4d39-812f-66db56af525a@group-BCADF287A12B-LeaderElection208] INFO  impl.RoleInfo (RoleInfo.java:shutdownLeaderElection(134)) - 9127dd83-037b-4d39-812f-66db56af525a: shutdown LeaderElection
2019-10-30 05:53:29,945 [9127dd83-037b-4d39-812f-66db56af525a@group-BCADF287A12B-LeaderElection208] INFO  impl.RoleInfo (RoleInfo.java:updateAndGet(143)) - 9127dd83-037b-4d39-812f-66db56af525a: start FollowerState
2019-10-30 05:53:29,955 [Thread-1611] INFO  impl.FollowerState (FollowerState.java:run(108)) - 9127dd83-037b-4d39-812f-66db56af525a@group-BCADF287A12B-FollowerState: change to CANDIDATE, lastRpcTime:10ms, electionTimeout:10ms
2019-10-30 05:53:29,956 [Thread-1611] INFO  impl.RoleInfo (RoleInfo.java:shutdownFollowerState(121)) - 9127dd83-037b-4d39-812f-66db56af525a: shutdown FollowerState
2019-10-30 05:53:29,956 [Thread-1611] INFO  impl.RaftServerImpl (RaftServerImpl.java:setRole(184)) - 9127dd83-037b-4d39-812f-66db56af525a@group-BCADF287A12B: changes role from  FOLLOWER to CANDIDATE at term 227 for changeToCandidate
2019-10-30 05:53:29,956 [Thread-1611] INFO  impl.RoleInfo (RoleInfo.java:updateAndGet(143)) - 9127dd83-037b-4d39-812f-66db56af525a: start LeaderElection
2019-10-30 05:53:29,970 [9127dd83-037b-4d39-812f-66db56af525a@group-BCADF287A12B-LeaderElection209] INFO  impl.LeaderElection (LeaderElection.java:askForVotes(178)) - 9127dd83-037b-4d39-812f-66db56af525a@group-BCADF287A12B-LeaderElection209: begin an election at term 228 for -1: [7fae3aed-4e76-4283-a599-f93f794625ab:192.168.34.21:41352, 58095e90-3010-492a-9083-43cf2e035c3f:192.168.34.21:45284, 9127dd83-037b-4d39-812f-66db56af525a:192.168.34.21:42063], old=null
2019-10-30 05:53:29,971 [grpc-default-executor-1] INFO  impl.RaftServerImpl (RaftServerImpl.java:setRole(184)) - 7fae3aed-4e76-4283-a599-f93f794625ab@group-BCADF287A12B: changes role from  FOLLOWER to FOLLOWER at term 228 for recognizeCandidate:9127dd83-037b-4d39-812f-66db56af525a
2019-10-30 05:53:29,971 [grpc-default-executor-1] INFO  impl.RoleInfo (RoleInfo.java:shutdownFollowerState(121)) - 7fae3aed-4e76-4283-a599-f93f794625ab: shutdown FollowerState
2019-10-30 05:53:29,971 [grpc-default-executor-2] INFO  impl.RaftServerImpl (RaftServerImpl.java:setRole(184)) - 58095e90-3010-492a-9083-43cf2e035c3f@group-BCADF287A12B: changes role from  FOLLOWER to FOLLOWER at term 228 for recognizeCandidate:9127dd83-037b-4d39-812f-66db56af525a
2019-10-30 05:53:29,972 [grpc-default-executor-2] INFO  impl.RoleInfo (RoleInfo.java:shutdownFollowerState(121)) - 58095e90-3010-492a-9083-43cf2e035c3f: shutdown FollowerState
2019-10-30 05:53:29,971 [Thread-1609] INFO  impl.FollowerState (FollowerState.java:run(117)) - 7fae3aed-4e76-4283-a599-f93f794625ab@group-BCADF287A12B-FollowerState was interrupted: java.lang.InterruptedException: sleep interrupted
2019-10-30 05:53:29,971 [grpc-default-executor-1] INFO  impl.RoleInfo (RoleInfo.java:updateAndGet(143)) - 7fae3aed-4e76-4283-a599-f93f794625ab: start FollowerState
2019-10-30 05:53:29,972 [Thread-1610] INFO  impl.FollowerState (FollowerState.java:run(117)) - 58095e90-3010-492a-9083-43cf2e035c3f@group-BCADF287A12B-FollowerState was interrupted: java.lang.InterruptedException: sleep interrupted
2019-10-30 05:53:29,972 [grpc-default-executor-2] INFO  impl.RoleInfo (RoleInfo.java:updateAndGet(143)) - 58095e90-3010-492a-9083-43cf2e035c3f: start FollowerState
2019-10-30 05:53:29,986 [9127dd83-037b-4d39-812f-66db56af525a@group-BCADF287A12B-LeaderElection209] INFO  impl.LeaderElection (LeaderElection.java:logAndReturn(56)) - 9127dd83-037b-4d39-812f-66db56af525a@group-BCADF287A12B-LeaderElection209: Election REJECTED; received 2 response(s) [9127dd83-037b-4d39-812f-66db56af525a<-7fae3aed-4e76-4283-a599-f93f794625ab#0:FAIL-t228, 9127dd83-037b-4d39-812f-66db56af525a<-58095e90-3010-492a-9083-43cf2e035c3f#0:FAIL-t228] and 0 exception(s); 9127dd83-037b-4d39-812f-66db56af525a@group-BCADF287A12B:t228, leader=null, voted=9127dd83-037b-4d39-812f-66db56af525a, raftlog=9127dd83-037b-4d39-812f-66db56af525a@group-BCADF287A12B-SegmentedRaftLog:OPENED:c-1,f-1,i0, conf=-1: [7fae3aed-4e76-4283-a599-f93f794625ab:192.168.34.21:41352, 58095e90-3010-492a-9083-43cf2e035c3f:192.168.34.21:45284, 9127dd83-037b-4d39-812f-66db56af525a:192.168.34.21:42063], old=null
2019-10-30 05:53:29,986 [9127dd83-037b-4d39-812f-66db56af525a@group-BCADF287A12B-LeaderElection209] INFO  impl.RaftServerImpl (RaftServerImpl.java:setRole(184)) - 9127dd83-037b-4d39-812f-66db56af525a@group-BCADF287A12B: changes role from CANDIDATE to FOLLOWER at term 228 for DISCOVERED_A_NEW_TERM
2019-10-30 05:53:29,986 [9127dd83-037b-4d39-812f-66db56af525a@group-BCADF287A12B-LeaderElection209] INFO  impl.RoleInfo (RoleInfo.java:shutdownLeaderElection(134)) - 9127dd83-037b-4d39-812f-66db56af525a: shutdown LeaderElection
2019-10-30 05:53:29,986 [9127dd83-037b-4d39-812f-66db56af525a@group-BCADF287A12B-LeaderElection209] INFO  impl.RoleInfo (RoleInfo.java:updateAndGet(143)) - 9127dd83-037b-4d39-812f-66db56af525a: start FollowerState
2019-10-30 05:53:30,001 [Thread-1617] INFO  impl.FollowerState (FollowerState.java:run(108)) - 9127dd83-037b-4d39-812f-66db56af525a@group-BCADF287A12B-FollowerState: change to CANDIDATE, lastRpcTime:14ms, electionTimeout:14ms
2019-10-30 05:53:30,001 [Thread-1617] INFO  impl.RoleInfo (RoleInfo.java:shutdownFollowerState(121)) - 9127dd83-037b-4d39-812f-66db56af525a: shutdown FollowerState
2019-10-30 05:53:30,001 [Thread-1617] INFO  impl.RaftServerImpl (RaftServerImpl.java:setRole(184)) - 9127dd83-037b-4d39-812f-66db56af525a@group-BCADF287A12B: changes role from  FOLLOWER to CANDIDATE at term 228 for changeToCandidate
2019-10-30 05:53:30,001 [Thread-1617] INFO  impl.RoleInfo (RoleInfo.java:updateAndGet(143)) - 9127dd83-037b-4d39-812f-66db56af525a: start LeaderElection
2019-10-30 05:53:30,014 [9127dd83-037b-4d39-812f-66db56af525a@group-BCADF287A12B-LeaderElection210] INFO  impl.LeaderElection (LeaderElection.java:askForVotes(178)) - 9127dd83-037b-4d39-812f-66db56af525a@group-BCADF287A12B-LeaderElection210: begin an election at term 229 for -1: [7fae3aed-4e76-4283-a599-f93f794625ab:192.168.34.21:41352, 58095e90-3010-492a-9083-43cf2e035c3f:192.168.34.21:45284, 9127dd83-037b-4d39-812f-66db56af525a:192.168.34.21:42063], old=null
2019-10-30 05:53:30,016 [grpc-default-executor-1] INFO  impl.RaftServerImpl (RaftServerImpl.java:setRole(184)) - 7fae3aed-4e76-4283-a599-f93f794625ab@group-BCADF287A12B: changes role from  FOLLOWER to FOLLOWER at term 229 for recognizeCandidate:9127dd83-037b-4d39-812f-66db56af525a
2019-10-30 05:53:30,016 [grpc-default-executor-1] INFO  impl.RoleInfo (RoleInfo.java:shutdownFollowerState(121)) - 7fae3aed-4e76-4283-a599-f93f794625ab: shutdown FollowerState
2019-10-30 05:53:30,016 [grpc-default-executor-2] INFO  impl.RaftServerImpl (RaftServerImpl.java:setRole(184)) - 58095e90-3010-492a-9083-43cf2e035c3f@group-BCADF287A12B: changes role from  FOLLOWER to FOLLOWER at term 229 for recognizeCandidate:9127dd83-037b-4d39-812f-66db56af525a
2019-10-30 05:53:30,016 [Thread-1615] INFO  impl.FollowerState (FollowerState.java:run(117)) - 7fae3aed-4e76-4283-a599-f93f794625ab@group-BCADF287A12B-FollowerState was interrupted: java.lang.InterruptedException: sleep interrupted
2019-10-30 05:53:30,016 [grpc-default-executor-1] INFO  impl.RoleInfo (RoleInfo.java:updateAndGet(143)) - 7fae3aed-4e76-4283-a599-f93f794625ab: start FollowerState
2019-10-30 05:53:30,016 [grpc-default-executor-2] INFO  impl.RoleInfo (RoleInfo.java:shutdownFollowerState(121)) - 58095e90-3010-492a-9083-43cf2e035c3f: shutdown FollowerState
2019-10-30 05:53:30,016 [grpc-default-executor-2] INFO  impl.RoleInfo (RoleInfo.java:updateAndGet(143)) - 58095e90-3010-492a-9083-43cf2e035c3f: start FollowerState
2019-10-30 05:53:30,016 [Thread-1616] INFO  impl.FollowerState (FollowerState.java:run(117)) - 58095e90-3010-492a-9083-43cf2e035c3f@group-BCADF287A12B-FollowerState was interrupted: java.lang.InterruptedException: sleep interrupted
2019-10-30 05:53:30,030 [9127dd83-037b-4d39-812f-66db56af525a@group-BCADF287A12B-LeaderElection210] INFO  impl.LeaderElection (LeaderElection.java:logAndReturn(56)) - 9127dd83-037b-4d39-812f-66db56af525a@group-BCADF287A12B-LeaderElection210: Election REJECTED; received 2 response(s) [9127dd83-037b-4d39-812f-66db56af525a<-7fae3aed-4e76-4283-a599-f93f794625ab#0:FAIL-t229, 9127dd83-037b-4d39-812f-66db56af525a<-58095e90-3010-492a-9083-43cf2e035c3f#0:FAIL-t229] and 0 exception(s); 9127dd83-037b-4d39-812f-66db56af525a@group-BCADF287A12B:t229, leader=null, voted=9127dd83-037b-4d39-812f-66db56af525a, raftlog=9127dd83-037b-4d39-812f-66db56af525a@group-BCADF287A12B-SegmentedRaftLog:OPENED:c-1,f-1,i0, conf=-1: [7fae3aed-4e76-4283-a599-f93f794625ab:192.168.34.21:41352, 58095e90-3010-492a-9083-43cf2e035c3f:192.168.34.21:45284, 9127dd83-037b-4d39-812f-66db56af525a:192.168.34.21:42063], old=null
2019-10-30 05:53:30,030 [9127dd83-037b-4d39-812f-66db56af525a@group-BCADF287A12B-LeaderElection210] INFO  impl.RaftServerImpl (RaftServerImpl.java:setRole(184)) - 9127dd83-037b-4d39-812f-66db56af525a@group-BCADF287A12B: changes role from CANDIDATE to FOLLOWER at term 229 for DISCOVERED_A_NEW_TERM
2019-10-30 05:53:30,030 [9127dd83-037b-4d39-812f-66db56af525a@group-BCADF287A12B-LeaderElection210] INFO  impl.RoleInfo (RoleInfo.java:shutdownLeaderElection(134)) - 9127dd83-037b-4d39-812f-66db56af525a: shutdown LeaderElection
2019-10-30 05:53:30,030 [9127dd83-037b-4d39-812f-66db56af525a@group-BCADF287A12B-LeaderElection210] INFO  impl.RoleInfo (RoleInfo.java:updateAndGet(143)) - 9127dd83-037b-4d39-812f-66db56af525a: start FollowerState
2019-10-30 05:53:30,070 [Thread-1623] INFO  impl.FollowerState (FollowerState.java:run(108)) - 9127dd83-037b-4d39-812f-66db56af525a@group-BCADF287A12B-FollowerState: change to CANDIDATE, lastRpcTime:39ms, electionTimeout:39ms
2019-10-30 05:53:30,070 [Thread-1623] INFO  impl.RoleInfo (RoleInfo.java:shutdownFollowerState(121)) - 9127dd83-037b-4d39-812f-66db56af525a: shutdown FollowerState
2019-10-30 05:53:30,070 [Thread-1623] INFO  impl.RaftServerImpl (RaftServerImpl.java:setRole(184)) - 9127dd83-037b-4d39-812f-66db56af525a@group-BCADF287A12B: changes role from  FOLLOWER to CANDIDATE at term 229 for changeToCandidate
2019-10-30 05:53:30,070 [Thread-1623] INFO  impl.RoleInfo (RoleInfo.java:updateAndGet(143)) - 9127dd83-037b-4d39-812f-66db56af525a: start LeaderElection
2019-10-30 05:53:30,084 [9127dd83-037b-4d39-812f-66db56af525a@group-BCADF287A12B-LeaderElection211] INFO  impl.LeaderElection (LeaderElection.java:askForVotes(178)) - 9127dd83-037b-4d39-812f-66db56af525a@group-BCADF287A12B-LeaderElection211: begin an election at term 230 for -1: [7fae3aed-4e76-4283-a599-f93f794625ab:192.168.34.21:41352, 58095e90-3010-492a-9083-43cf2e035c3f:192.168.34.21:45284, 9127dd83-037b-4d39-812f-66db56af525a:192.168.34.21:42063], old=null
2019-10-30 05:53:30,086 [grpc-default-executor-1] INFO  impl.RaftServerImpl (RaftServerImpl.java:setRole(184)) - 7fae3aed-4e76-4283-a599-f93f794625ab@group-BCADF287A12B: changes role from  FOLLOWER to FOLLOWER at term 230 for recognizeCandidate:9127dd83-037b-4d39-812f-66db56af525a
2019-10-30 05:53:30,086 [grpc-default-executor-1] INFO  impl.RoleInfo (RoleInfo.java:shutdownFollowerState(121)) - 7fae3aed-4e76-4283-a599-f93f794625ab: shutdown FollowerState
2019-10-30 05:53:30,086 [grpc-default-executor-2] INFO  impl.RaftServerImpl (RaftServerImpl.java:setRole(184)) - 58095e90-3010-492a-9083-43cf2e035c3f@group-BCADF287A12B: changes role from  FOLLOWER to FOLLOWER at term 230 for recognizeCandidate:9127dd83-037b-4d39-812f-66db56af525a
2019-10-30 05:53:30,086 [grpc-default-executor-2] INFO  impl.RoleInfo (RoleInfo.java:shutdownFollowerState(121)) - 58095e90-3010-492a-9083-43cf2e035c3f: shutdown FollowerState
2019-10-30 05:53:30,086 [Thread-1621] INFO  impl.FollowerState (FollowerState.java:run(117)) - 7fae3aed-4e76-4283-a599-f93f794625ab@group-BCADF287A12B-FollowerState was interrupted: java.lang.InterruptedException: sleep interrupted
2019-10-30 05:53:30,086 [grpc-default-executor-1] INFO  impl.RoleInfo (RoleInfo.java:updateAndGet(143)) - 7fae3aed-4e76-4283-a599-f93f794625ab: start FollowerState
2019-10-30 05:53:30,086 [Thread-1622] INFO  impl.FollowerState (FollowerState.java:run(117)) - 58095e90-3010-492a-9083-43cf2e035c3f@group-BCADF287A12B-FollowerState was interrupted: java.lang.InterruptedException: sleep interrupted
2019-10-30 05:53:30,086 [grpc-default-executor-2] INFO  impl.RoleInfo (RoleInfo.java:updateAndGet(143)) - 58095e90-3010-492a-9083-43cf2e035c3f: start FollowerState
2019-10-30 05:53:30,106 [9127dd83-037b-4d39-812f-66db56af525a@group-BCADF287A12B-LeaderElection211] INFO  impl.LeaderElection (LeaderElection.java:logAndReturn(56)) - 9127dd83-037b-4d39-812f-66db56af525a@group-BCADF287A12B-LeaderElection211: Election REJECTED; received 2 response(s) [9127dd83-037b-4d39-812f-66db56af525a<-7fae3aed-4e76-4283-a599-f93f794625ab#0:FAIL-t230, 9127dd83-037b-4d39-812f-66db56af525a<-58095e90-3010-492a-9083-43cf2e035c3f#0:FAIL-t230] and 0 exception(s); 9127dd83-037b-4d39-812f-66db56af525a@group-BCADF287A12B:t230, leader=null, voted=9127dd83-037b-4d39-812f-66db56af525a, raftlog=9127dd83-037b-4d39-812f-66db56af525a@group-BCADF287A12B-SegmentedRaftLog:OPENED:c-1,f-1,i0, conf=-1: [7fae3aed-4e76-4283-a599-f93f794625ab:192.168.34.21:41352, 58095e90-3010-492a-9083-43cf2e035c3f:192.168.34.21:45284, 9127dd83-037b-4d39-812f-66db56af525a:192.168.34.21:42063], old=null
2019-10-30 05:53:30,106 [9127dd83-037b-4d39-812f-66db56af525a@group-BCADF287A12B-LeaderElection211] INFO  impl.RaftServerImpl (RaftServerImpl.java:setRole(184)) - 9127dd83-037b-4d39-812f-66db56af525a@group-BCADF287A12B: changes role from CANDIDATE to FOLLOWER at term 230 for DISCOVERED_A_NEW_TERM
2019-10-30 05:53:30,106 [9127dd83-037b-4d39-812f-66db56af525a@group-BCADF287A12B-LeaderElection211] INFO  impl.RoleInfo (RoleInfo.java:shutdownLeaderElection(134)) - 9127dd83-037b-4d39-812f-66db56af525a: shutdown LeaderElection
2019-10-30 05:53:30,106 [9127dd83-037b-4d39-812f-66db56af525a@group-BCADF287A12B-LeaderElection211] INFO  impl.RoleInfo (RoleInfo.java:updateAndGet(143)) - 9127dd83-037b-4d39-812f-66db56af525a: start FollowerState
2019-10-30 05:53:30,293 [Thread-1629] INFO  impl.FollowerState (FollowerState.java:run(108)) - 9127dd83-037b-4d39-812f-66db56af525a@group-BCADF287A12B-FollowerState: change to CANDIDATE, lastRpcTime:187ms, electionTimeout:187ms
2019-10-30 05:53:30,294 [Thread-1629] INFO  impl.RoleInfo (RoleInfo.java:shutdownFollowerState(121)) - 9127dd83-037b-4d39-812f-66db56af525a: shutdown FollowerState
2019-10-30 05:53:30,294 [Thread-1629] INFO  impl.RaftServerImpl (RaftServerImpl.java:setRole(184)) - 9127dd83-037b-4d39-812f-66db56af525a@group-BCADF287A12B: changes role from  FOLLOWER to CANDIDATE at term 230 for changeToCandidate
2019-10-30 05:53:30,294 [Thread-1629] INFO  impl.RoleInfo (RoleInfo.java:updateAndGet(143)) - 9127dd83-037b-4d39-812f-66db56af525a: start LeaderElection
2019-10-30 05:53:30,308 [9127dd83-037b-4d39-812f-66db56af525a@group-BCADF287A12B-LeaderElection212] INFO  impl.LeaderElection (LeaderElection.java:askForVotes(178)) - 9127dd83-037b-4d39-812f-66db56af525a@group-BCADF287A12B-LeaderElection212: begin an election at term 231 for -1: [7fae3aed-4e76-4283-a599-f93f794625ab:192.168.34.21:41352, 58095e90-3010-492a-9083-43cf2e035c3f:192.168.34.21:45284, 9127dd83-037b-4d39-812f-66db56af525a:192.168.34.21:42063], old=null
2019-10-30 05:53:30,310 [grpc-default-executor-1] INFO  impl.RaftServerImpl (RaftServerImpl.java:setRole(184)) - 58095e90-3010-492a-9083-43cf2e035c3f@group-BCADF287A12B: changes role from  FOLLOWER to FOLLOWER at term 231 for recognizeCandidate:9127dd83-037b-4d39-812f-66db56af525a
2019-10-30 05:53:30,310 [grpc-default-executor-2] INFO  impl.RaftServerImpl (RaftServerImpl.java:setRole(184)) - 7fae3aed-4e76-4283-a599-f93f794625ab@group-BCADF287A12B: changes role from  FOLLOWER to FOLLOWER at term 231 for recognizeCandidate:9127dd83-037b-4d39-812f-66db56af525a
2019-10-30 05:53:30,310 [grpc-default-executor-1] INFO  impl.RoleInfo (RoleInfo.java:shutdownFollowerState(121)) - 58095e90-3010-492a-9083-43cf2e035c3f: shutdown FollowerState
2019-10-30 05:53:30,310 [grpc-default-executor-2] INFO  impl.RoleInfo (RoleInfo.java:shutdownFollowerState(121)) - 7fae3aed-4e76-4283-a599-f93f794625ab: shutdown FollowerState
2019-10-30 05:53:30,311 [Thread-1628] INFO  impl.FollowerState (FollowerState.java:run(117)) - 58095e90-3010-492a-9083-43cf2e035c3f@group-BCADF287A12B-FollowerState was interrupted: java.lang.InterruptedException: sleep interrupted
2019-10-30 05:53:30,311 [grpc-default-executor-1] INFO  impl.RoleInfo (RoleInfo.java:updateAndGet(143)) - 58095e90-3010-492a-9083-43cf2e035c3f: start FollowerState
2019-10-30 05:53:30,311 [Thread-1627] INFO  impl.FollowerState (FollowerState.java:run(117)) - 7fae3aed-4e76-4283-a599-f93f794625ab@group-BCADF287A12B-FollowerState was interrupted: java.lang.InterruptedException: sleep interrupted
2019-10-30 05:53:30,311 [grpc-default-executor-2] INFO  impl.RoleInfo (RoleInfo.java:updateAndGet(143)) - 7fae3aed-4e76-4283-a599-f93f794625ab: start FollowerState
2019-10-30 05:53:30,326 [9127dd83-037b-4d39-812f-66db56af525a@group-BCADF287A12B-LeaderElection212] INFO  impl.LeaderElection (LeaderElection.java:logAndReturn(56)) - 9127dd83-037b-4d39-812f-66db56af525a@group-BCADF287A12B-LeaderElection212: Election REJECTED; received 2 response(s) [9127dd83-037b-4d39-812f-66db56af525a<-7fae3aed-4e76-4283-a599-f93f794625ab#0:FAIL-t231, 9127dd83-037b-4d39-812f-66db56af525a<-58095e90-3010-492a-9083-43cf2e035c3f#0:FAIL-t231] and 0 exception(s); 9127dd83-037b-4d39-812f-66db56af525a@group-BCADF287A12B:t231, leader=null, voted=9127dd83-037b-4d39-812f-66db56af525a, raftlog=9127dd83-037b-4d39-812f-66db56af525a@group-BCADF287A12B-SegmentedRaftLog:OPENED:c-1,f-1,i0, conf=-1: [7fae3aed-4e76-4283-a599-f93f794625ab:192.168.34.21:41352, 58095e90-3010-492a-9083-43cf2e035c3f:192.168.34.21:45284, 9127dd83-037b-4d39-812f-66db56af525a:192.168.34.21:42063], old=null
2019-10-30 05:53:30,326 [9127dd83-037b-4d39-812f-66db56af525a@group-BCADF287A12B-LeaderElection212] INFO  impl.RaftServerImpl (RaftServerImpl.java:setRole(184)) - 9127dd83-037b-4d39-812f-66db56af525a@group-BCADF287A12B: changes role from CANDIDATE to FOLLOWER at term 231 for DISCOVERED_A_NEW_TERM
2019-10-30 05:53:30,326 [9127dd83-037b-4d39-812f-66db56af525a@group-BCADF287A12B-LeaderElection212] INFO  impl.RoleInfo (RoleInfo.java:shutdownLeaderElection(134)) - 9127dd83-037b-4d39-812f-66db56af525a: shutdown LeaderElection
2019-10-30 05:53:30,327 [9127dd83-037b-4d39-812f-66db56af525a@group-BCADF287A12B-LeaderElection212] INFO  impl.RoleInfo (RoleInfo.java:updateAndGet(143)) - 9127dd83-037b-4d39-812f-66db56af525a: start FollowerState
2019-10-30 05:53:30,418 [Thread-1637] INFO  impl.FollowerState (FollowerState.java:run(108)) - 9127dd83-037b-4d39-812f-66db56af525a@group-BCADF287A12B-FollowerState: change to CANDIDATE, lastRpcTime:91ms, electionTimeout:91ms
2019-10-30 05:53:30,418 [Thread-1637] INFO  impl.RoleInfo (RoleInfo.java:shutdownFollowerState(121)) - 9127dd83-037b-4d39-812f-66db56af525a: shutdown FollowerState
2019-10-30 05:53:30,418 [Thread-1637] INFO  impl.RaftServerImpl (RaftServerImpl.java:setRole(184)) - 9127dd83-037b-4d39-812f-66db56af525a@group-BCADF287A12B: changes role from  FOLLOWER to CANDIDATE at term 231 for changeToCandidate
2019-10-30 05:53:30,418 [Thread-1637] INFO  impl.RoleInfo (RoleInfo.java:updateAndGet(143)) - 9127dd83-037b-4d39-812f-66db56af525a: start LeaderElection
2019-10-30 05:53:30,432 [9127dd83-037b-4d39-812f-66db56af525a@group-BCADF287A12B-LeaderElection213] INFO  impl.LeaderElection (LeaderElection.java:askForVotes(178)) - 9127dd83-037b-4d39-812f-66db56af525a@group-BCADF287A12B-LeaderElection213: begin an election at term 232 for -1: [7fae3aed-4e76-4283-a599-f93f794625ab:192.168.34.21:41352, 58095e90-3010-492a-9083-43cf2e035c3f:192.168.34.21:45284, 9127dd83-037b-4d39-812f-66db56af525a:192.168.34.21:42063], old=null
2019-10-30 05:53:30,434 [grpc-default-executor-1] INFO  impl.RaftServerImpl (RaftServerImpl.java:setRole(184)) - 7fae3aed-4e76-4283-a599-f93f794625ab@group-BCADF287A12B: changes role from  FOLLOWER to FOLLOWER at term 232 for recognizeCandidate:9127dd83-037b-4d39-812f-66db56af525a
2019-10-30 05:53:30,434 [grpc-default-executor-1] INFO  impl.RoleInfo (RoleInfo.java:shutdownFollowerState(121)) - 7fae3aed-4e76-4283-a599-f93f794625ab: shutdown FollowerState
2019-10-30 05:53:30,434 [grpc-default-executor-2] INFO  impl.RaftServerImpl (RaftServerImpl.java:setRole(184)) - 58095e90-3010-492a-9083-43cf2e035c3f@group-BCADF287A12B: changes role from  FOLLOWER to FOLLOWER at term 232 for recognizeCandidate:9127dd83-037b-4d39-812f-66db56af525a
2019-10-30 05:53:30,434 [grpc-default-executor-2] INFO  impl.RoleInfo (RoleInfo.java:shutdownFollowerState(121)) - 58095e90-3010-492a-9083-43cf2e035c3f: shutdown FollowerState
2019-10-30 05:53:30,434 [Thread-1636] INFO  impl.FollowerState (FollowerState.java:run(117)) - 7fae3aed-4e76-4283-a599-f93f794625ab@group-BCADF287A12B-FollowerState was interrupted: java.lang.InterruptedException: sleep interrupted
2019-10-30 05:53:30,434 [Thread-1635] INFO  impl.FollowerState (FollowerState.java:run(117)) - 58095e90-3010-492a-9083-43cf2e035c3f@group-BCADF287A12B-FollowerState was interrupted: java.lang.InterruptedException: sleep interrupted
2019-10-30 05:53:30,434 [grpc-default-executor-1] INFO  impl.RoleInfo (RoleInfo.java:updateAndGet(143)) - 7fae3aed-4e76-4283-a599-f93f794625ab: start FollowerState
2019-10-30 05:53:30,434 [grpc-default-executor-2] INFO  impl.RoleInfo (RoleInfo.java:updateAndGet(143)) - 58095e90-3010-492a-9083-43cf2e035c3f: start FollowerState
2019-10-30 05:53:30,449 [9127dd83-037b-4d39-812f-66db56af525a@group-BCADF287A12B-LeaderElection213] INFO  impl.LeaderElection (LeaderElection.java:logAndReturn(56)) - 9127dd83-037b-4d39-812f-66db56af525a@group-BCADF287A12B-LeaderElection213: Election REJECTED; received 2 response(s) [9127dd83-037b-4d39-812f-66db56af525a<-7fae3aed-4e76-4283-a599-f93f794625ab#0:FAIL-t232, 9127dd83-037b-4d39-812f-66db56af525a<-58095e90-3010-492a-9083-43cf2e035c3f#0:FAIL-t232] and 0 exception(s); 9127dd83-037b-4d39-812f-66db56af525a@group-BCADF287A12B:t232, leader=null, voted=9127dd83-037b-4d39-812f-66db56af525a, raftlog=9127dd83-037b-4d39-812f-66db56af525a@group-BCADF287A12B-SegmentedRaftLog:OPENED:c-1,f-1,i0, conf=-1: [7fae3aed-4e76-4283-a599-f93f794625ab:192.168.34.21:41352, 58095e90-3010-492a-9083-43cf2e035c3f:192.168.34.21:45284, 9127dd83-037b-4d39-812f-66db56af525a:192.168.34.21:42063], old=null
2019-10-30 05:53:30,449 [9127dd83-037b-4d39-812f-66db56af525a@group-BCADF287A12B-LeaderElection213] INFO  impl.RaftServerImpl (RaftServerImpl.java:setRole(184)) - 9127dd83-037b-4d39-812f-66db56af525a@group-BCADF287A12B: changes role from CANDIDATE to FOLLOWER at term 232 for DISCOVERED_A_NEW_TERM
2019-10-30 05:53:30,449 [9127dd83-037b-4d39-812f-66db56af525a@group-BCADF287A12B-LeaderElection213] INFO  impl.RoleInfo (RoleInfo.java:shutdownLeaderElection(134)) - 9127dd83-037b-4d39-812f-66db56af525a: shutdown LeaderElection
2019-10-30 05:53:30,449 [9127dd83-037b-4d39-812f-66db56af525a@group-BCADF287A12B-LeaderElection213] INFO  impl.RoleInfo (RoleInfo.java:updateAndGet(143)) - 9127dd83-037b-4d39-812f-66db56af525a: start FollowerState
2019-10-30 05:53:30,513 [Thread-1643] INFO  impl.FollowerState (FollowerState.java:run(108)) - 9127dd83-037b-4d39-812f-66db56af525a@group-BCADF287A12B-FollowerState: change to CANDIDATE, lastRpcTime:64ms, electionTimeout:64ms
2019-10-30 05:53:30,514 [Thread-1643] INFO  impl.RoleInfo (RoleInfo.java:shutdownFollowerState(121)) - 9127dd83-037b-4d39-812f-66db56af525a: shutdown FollowerState
2019-10-30 05:53:30,514 [Thread-1643] INFO  impl.RaftServerImpl (RaftServerImpl.java:setRole(184)) - 9127dd83-037b-4d39-812f-66db56af525a@group-BCADF287A12B: changes role from  FOLLOWER to CANDIDATE at term 232 for changeToCandidate
2019-10-30 05:53:30,514 [Thread-1643] INFO  impl.RoleInfo (RoleInfo.java:updateAndGet(143)) - 9127dd83-037b-4d39-812f-66db56af525a: start LeaderElection
2019-10-30 05:53:30,527 [9127dd83-037b-4d39-812f-66db56af525a@group-BCADF287A12B-LeaderElection214] INFO  impl.LeaderElection (LeaderElection.java:askForVotes(178)) - 9127dd83-037b-4d39-812f-66db56af525a@group-BCADF287A12B-LeaderElection214: begin an election at term 233 for -1: [7fae3aed-4e76-4283-a599-f93f794625ab:192.168.34.21:41352, 58095e90-3010-492a-9083-43cf2e035c3f:192.168.34.21:45284, 9127dd83-037b-4d39-812f-66db56af525a:192.168.34.21:42063], old=null
2019-10-30 05:53:30,529 [grpc-default-executor-1] INFO  impl.RaftServerImpl (RaftServerImpl.java:setRole(184)) - 7fae3aed-4e76-4283-a599-f93f794625ab@group-BCADF287A12B: changes role from  FOLLOWER to FOLLOWER at term 233 for recognizeCandidate:9127dd83-037b-4d39-812f-66db56af525a
2019-10-30 05:53:30,529 [grpc-default-executor-2] INFO  impl.RaftServerImpl (RaftServerImpl.java:setRole(184)) - 58095e90-3010-492a-9083-43cf2e035c3f@group-BCADF287A12B: changes role from  FOLLOWER to FOLLOWER at term 233 for recognizeCandidate:9127dd83-037b-4d39-812f-66db56af525a
2019-10-30 05:53:30,529 [grpc-default-executor-1] INFO  impl.RoleInfo (RoleInfo.java:shutdownFollowerState(121)) - 7fae3aed-4e76-4283-a599-f93f794625ab: shutdown FollowerState
2019-10-30 05:53:30,529 [grpc-default-executor-2] INFO  impl.RoleInfo (RoleInfo.java:shutdownFollowerState(121)) - 58095e90-3010-492a-9083-43cf2e035c3f: shutdown FollowerState
2019-10-30 05:53:30,530 [Thread-1641] INFO  impl.FollowerState (FollowerState.java:run(117)) - 7fae3aed-4e76-4283-a599-f93f794625ab@group-BCADF287A12B-FollowerState was interrupted: java.lang.InterruptedException: sleep interrupted
2019-10-30 05:53:30,530 [Thread-1642] INFO  impl.FollowerState (FollowerState.java:run(117)) - 58095e90-3010-492a-9083-43cf2e035c3f@group-BCADF287A12B-FollowerState was interrupted: java.lang.InterruptedException: sleep interrupted
2019-10-30 05:53:30,530 [grpc-default-executor-1] INFO  impl.RoleInfo (RoleInfo.java:updateAndGet(143)) - 7fae3aed-4e76-4283-a599-f93f794625ab: start FollowerState
2019-10-30 05:53:30,530 [grpc-default-executor-2] INFO  impl.RoleInfo (RoleInfo.java:updateAndGet(143)) - 58095e90-3010-492a-9083-43cf2e035c3f: start FollowerState
2019-10-30 05:53:30,537 [9127dd83-037b-4d39-812f-66db56af525a@group-BCADF287A12B-LeaderElection214] INFO  impl.LeaderElection (LeaderElection.java:logAndReturn(56)) - 9127dd83-037b-4d39-812f-66db56af525a@group-BCADF287A12B-LeaderElection214: Election TIMEOUT; received 0 response(s) [] and 0 exception(s); 9127dd83-037b-4d39-812f-66db56af525a@group-BCADF287A12B:t233, leader=null, voted=9127dd83-037b-4d39-812f-66db56af525a, raftlog=9127dd83-037b-4d39-812f-66db56af525a@group-BCADF287A12B-SegmentedRaftLog:OPENED:c-1,f-1,i0, conf=-1: [7fae3aed-4e76-4283-a599-f93f794625ab:192.168.34.21:41352, 58095e90-3010-492a-9083-43cf2e035c3f:192.168.34.21:45284, 9127dd83-037b-4d39-812f-66db56af525a:192.168.34.21:42063], old=null
2019-10-30 05:53:30,544 [9127dd83-037b-4d39-812f-66db56af525a@group-BCADF287A12B-LeaderElection214] INFO  impl.LeaderElection (LeaderElection.java:askForVotes(178)) - 9127dd83-037b-4d39-812f-66db56af525a@group-BCADF287A12B-LeaderElection214: begin an election at term 234 for -1: [7fae3aed-4e76-4283-a599-f93f794625ab:192.168.34.21:41352, 58095e90-3010-492a-9083-43cf2e035c3f:192.168.34.21:45284, 9127dd83-037b-4d39-812f-66db56af525a:192.168.34.21:42063], old=null
2019-10-30 05:53:30,546 [grpc-default-executor-2] INFO  impl.RaftServerImpl (RaftServerImpl.java:setRole(184)) - 7fae3aed-4e76-4283-a599-f93f794625ab@group-BCADF287A12B: changes role from  FOLLOWER to FOLLOWER at term 234 for recognizeCandidate:9127dd83-037b-4d39-812f-66db56af525a
2019-10-30 05:53:30,546 [grpc-default-executor-2] INFO  impl.RoleInfo (RoleInfo.java:shutdownFollowerState(121)) - 7fae3aed-4e76-4283-a599-f93f794625ab: shutdown FollowerState
2019-10-30 05:53:30,546 [grpc-default-executor-1] INFO  impl.RaftServerImpl (RaftServerImpl.java:setRole(184)) - 58095e90-3010-492a-9083-43cf2e035c3f@group-BCADF287A12B: changes role from  FOLLOWER to FOLLOWER at term 234 for recognizeCandidate:9127dd83-037b-4d39-812f-66db56af525a
2019-10-30 05:53:30,546 [grpc-default-executor-1] INFO  impl.RoleInfo (RoleInfo.java:shutdownFollowerState(121)) - 58095e90-3010-492a-9083-43cf2e035c3f: shutdown FollowerState
2019-10-30 05:53:30,546 [Thread-1647] INFO  impl.FollowerState (FollowerState.java:run(117)) - 7fae3aed-4e76-4283-a599-f93f794625ab@group-BCADF287A12B-FollowerState was interrupted: java.lang.InterruptedException: sleep interrupted
2019-10-30 05:53:30,546 [Thread-1648] INFO  impl.FollowerState (FollowerState.java:run(117)) - 58095e90-3010-492a-9083-43cf2e035c3f@group-BCADF287A12B-FollowerState was interrupted: java.lang.InterruptedException: sleep interrupted
2019-10-30 05:53:30,546 [grpc-default-executor-2] INFO  impl.RoleInfo (RoleInfo.java:updateAndGet(143)) - 7fae3aed-4e76-4283-a599-f93f794625ab: start FollowerState
2019-10-30 05:53:30,546 [grpc-default-executor-1] INFO  impl.RoleInfo (RoleInfo.java:updateAndGet(143)) - 58095e90-3010-492a-9083-43cf2e035c3f: start FollowerState
2019-10-30 05:53:30,561 [9127dd83-037b-4d39-812f-66db56af525a@group-BCADF287A12B-LeaderElection214] INFO  impl.LeaderElection (LeaderElection.java:logAndReturn(56)) - 9127dd83-037b-4d39-812f-66db56af525a@group-BCADF287A12B-LeaderElection214: Election REJECTED; received 2 response(s) [9127dd83-037b-4d39-812f-66db56af525a<-7fae3aed-4e76-4283-a599-f93f794625ab#0:FAIL-t234, 9127dd83-037b-4d39-812f-66db56af525a<-58095e90-3010-492a-9083-43cf2e035c3f#0:FAIL-t234] and 0 exception(s); 9127dd83-037b-4d39-812f-66db56af525a@group-BCADF287A12B:t234, leader=null, voted=9127dd83-037b-4d39-812f-66db56af525a, raftlog=9127dd83-037b-4d39-812f-66db56af525a@group-BCADF287A12B-SegmentedRaftLog:OPENED:c-1,f-1,i0, conf=-1: [7fae3aed-4e76-4283-a599-f93f794625ab:192.168.34.21:41352, 58095e90-3010-492a-9083-43cf2e035c3f:192.168.34.21:45284, 9127dd83-037b-4d39-812f-66db56af525a:192.168.34.21:42063], old=null
2019-10-30 05:53:30,562 [9127dd83-037b-4d39-812f-66db56af525a@group-BCADF287A12B-LeaderElection214] INFO  impl.RaftServerImpl (RaftServerImpl.java:setRole(184)) - 9127dd83-037b-4d39-812f-66db56af525a@group-BCADF287A12B: changes role from CANDIDATE to FOLLOWER at term 234 for DISCOVERED_A_NEW_TERM
2019-10-30 05:53:30,562 [9127dd83-037b-4d39-812f-66db56af525a@group-BCADF287A12B-LeaderElection214] INFO  impl.RoleInfo (RoleInfo.java:shutdownLeaderElection(134)) - 9127dd83-037b-4d39-812f-66db56af525a: shutdown LeaderElection
2019-10-30 05:53:30,562 [9127dd83-037b-4d39-812f-66db56af525a@group-BCADF287A12B-LeaderElection214] INFO  impl.RoleInfo (RoleInfo.java:updateAndGet(143)) - 9127dd83-037b-4d39-812f-66db56af525a: start FollowerState
2019-10-30 05:53:30,588 [Thread-1653] INFO  impl.FollowerState (FollowerState.java:run(108)) - 9127dd83-037b-4d39-812f-66db56af525a@group-BCADF287A12B-FollowerState: change to CANDIDATE, lastRpcTime:26ms, electionTimeout:26ms
2019-10-30 05:53:30,588 [Thread-1653] INFO  impl.RoleInfo (RoleInfo.java:shutdownFollowerState(121)) - 9127dd83-037b-4d39-812f-66db56af525a: shutdown FollowerState
2019-10-30 05:53:30,589 [Thread-1653] INFO  impl.RaftServerImpl (RaftServerImpl.java:setRole(184)) - 9127dd83-037b-4d39-812f-66db56af525a@group-BCADF287A12B: changes role from  FOLLOWER to CANDIDATE at term 234 for changeToCandidate
2019-10-30 05:53:30,589 [Thread-1653] INFO  impl.RoleInfo (RoleInfo.java:updateAndGet(143)) - 9127dd83-037b-4d39-812f-66db56af525a: start LeaderElection
2019-10-30 05:53:30,603 [9127dd83-037b-4d39-812f-66db56af525a@group-BCADF287A12B-LeaderElection215] INFO  impl.LeaderElection (LeaderElection.java:askForVotes(178)) - 9127dd83-037b-4d39-812f-66db56af525a@group-BCADF287A12B-LeaderElection215: begin an election at term 235 for -1: [7fae3aed-4e76-4283-a599-f93f794625ab:192.168.34.21:41352, 58095e90-3010-492a-9083-43cf2e035c3f:192.168.34.21:45284, 9127dd83-037b-4d39-812f-66db56af525a:192.168.34.21:42063], old=null
2019-10-30 05:53:30,605 [grpc-default-executor-1] INFO  impl.RaftServerImpl (RaftServerImpl.java:setRole(184)) - 58095e90-3010-492a-9083-43cf2e035c3f@group-BCADF287A12B: changes role from  FOLLOWER to FOLLOWER at term 235 for recognizeCandidate:9127dd83-037b-4d39-812f-66db56af525a
2019-10-30 05:53:30,605 [grpc-default-executor-2] INFO  impl.RaftServerImpl (RaftServerImpl.java:setRole(184)) - 7fae3aed-4e76-4283-a599-f93f794625ab@group-BCADF287A12B: changes role from  FOLLOWER to FOLLOWER at term 235 for recognizeCandidate:9127dd83-037b-4d39-812f-66db56af525a
2019-10-30 05:53:30,605 [grpc-default-executor-1] INFO  impl.RoleInfo (RoleInfo.java:shutdownFollowerState(121)) - 58095e90-3010-492a-9083-43cf2e035c3f: shutdown FollowerState
2019-10-30 05:53:30,605 [grpc-default-executor-2] INFO  impl.RoleInfo (RoleInfo.java:shutdownFollowerState(121)) - 7fae3aed-4e76-4283-a599-f93f794625ab: shutdown FollowerState
2019-10-30 05:53:30,605 [Thread-1652] INFO  impl.FollowerState (FollowerState.java:run(117)) - 58095e90-3010-492a-9083-43cf2e035c3f@group-BCADF287A12B-FollowerState was interrupted: java.lang.InterruptedException: sleep interrupted
2019-10-30 05:53:30,605 [Thread-1651] INFO  impl.FollowerState (FollowerState.java:run(117)) - 7fae3aed-4e76-4283-a599-f93f794625ab@group-BCADF287A12B-FollowerState was interrupted: java.lang.InterruptedException: sleep interrupted
2019-10-30 05:53:30,605 [grpc-default-executor-1] INFO  impl.RoleInfo (RoleInfo.java:updateAndGet(143)) - 58095e90-3010-492a-9083-43cf2e035c3f: start FollowerState
2019-10-30 05:53:30,605 [grpc-default-executor-2] INFO  impl.RoleInfo (RoleInfo.java:updateAndGet(143)) - 7fae3aed-4e76-4283-a599-f93f794625ab: start FollowerState
2019-10-30 05:53:30,622 [9127dd83-037b-4d39-812f-66db56af525a@group-BCADF287A12B-LeaderElection215] INFO  impl.LeaderElection (LeaderElection.java:logAndReturn(56)) - 9127dd83-037b-4d39-812f-66db56af525a@group-BCADF287A12B-LeaderElection215: Election REJECTED; received 2 response(s) [9127dd83-037b-4d39-812f-66db56af525a<-7fae3aed-4e76-4283-a599-f93f794625ab#0:FAIL-t235, 9127dd83-037b-4d39-812f-66db56af525a<-58095e90-3010-492a-9083-43cf2e035c3f#0:FAIL-t235] and 0 exception(s); 9127dd83-037b-4d39-812f-66db56af525a@group-BCADF287A12B:t235, leader=null, voted=9127dd83-037b-4d39-812f-66db56af525a, raftlog=9127dd83-037b-4d39-812f-66db56af525a@group-BCADF287A12B-SegmentedRaftLog:OPENED:c-1,f-1,i0, conf=-1: [7fae3aed-4e76-4283-a599-f93f794625ab:192.168.34.21:41352, 58095e90-3010-492a-9083-43cf2e035c3f:192.168.34.21:45284, 9127dd83-037b-4d39-812f-66db56af525a:192.168.34.21:42063], old=null
2019-10-30 05:53:30,622 [9127dd83-037b-4d39-812f-66db56af525a@group-BCADF287A12B-LeaderElection215] INFO  impl.RaftServerImpl (RaftServerImpl.java:setRole(184)) - 9127dd83-037b-4d39-812f-66db56af525a@group-BCADF287A12B: changes role from CANDIDATE to FOLLOWER at term 235 for DISCOVERED_A_NEW_TERM
2019-10-30 05:53:30,622 [9127dd83-037b-4d39-812f-66db56af525a@group-BCADF287A12B-LeaderElection215] INFO  impl.RoleInfo (RoleInfo.java:shutdownLeaderElection(134)) - 9127dd83-037b-4d39-812f-66db56af525a: shutdown LeaderElection
2019-10-30 05:53:30,622 [9127dd83-037b-4d39-812f-66db56af525a@group-BCADF287A12B-LeaderElection215] INFO  impl.RoleInfo (RoleInfo.java:updateAndGet(143)) - 9127dd83-037b-4d39-812f-66db56af525a: start FollowerState
2019-10-30 05:53:30,679 [Thread-1659] INFO  impl.FollowerState (FollowerState.java:run(108)) - 9127dd83-037b-4d39-812f-66db56af525a@group-BCADF287A12B-FollowerState: change to CANDIDATE, lastRpcTime:56ms, electionTimeout:56ms
2019-10-30 05:53:30,679 [Thread-1659] INFO  impl.RoleInfo (RoleInfo.java:shutdownFollowerState(121)) - 9127dd83-037b-4d39-812f-66db56af525a: shutdown FollowerState
2019-10-30 05:53:30,679 [Thread-1659] INFO  impl.RaftServerImpl (RaftServerImpl.java:setRole(184)) - 9127dd83-037b-4d39-812f-66db56af525a@group-BCADF287A12B: changes role from  FOLLOWER to CANDIDATE at term 235 for changeToCandidate
2019-10-30 05:53:30,679 [Thread-1659] INFO  impl.RoleInfo (RoleInfo.java:updateAndGet(143)) - 9127dd83-037b-4d39-812f-66db56af525a: start LeaderElection
2019-10-30 05:53:31,378 [9127dd83-037b-4d39-812f-66db56af525a@group-BCADF287A12B-LeaderElection216] INFO  impl.LeaderElection (LeaderElection.java:askForVotes(178)) - 9127dd83-037b-4d39-812f-66db56af525a@group-BCADF287A12B-LeaderElection216: begin an election at term 236 for -1: [7fae3aed-4e76-4283-a599-f93f794625ab:192.168.34.21:41352, 58095e90-3010-492a-9083-43cf2e035c3f:192.168.34.21:45284, 9127dd83-037b-4d39-812f-66db56af525a:192.168.34.21:42063], old=null
2019-10-30 05:53:31,380 [grpc-default-executor-1] INFO  impl.RaftServerImpl (RaftServerImpl.java:setRole(184)) - 7fae3aed-4e76-4283-a599-f93f794625ab@group-BCADF287A12B: changes role from  FOLLOWER to FOLLOWER at term 236 for recognizeCandidate:9127dd83-037b-4d39-812f-66db56af525a
2019-10-30 05:53:31,380 [grpc-default-executor-1] INFO  impl.RoleInfo (RoleInfo.java:shutdownFollowerState(121)) - 7fae3aed-4e76-4283-a599-f93f794625ab: shutdown FollowerState
2019-10-30 05:53:31,381 [grpc-default-executor-1] INFO  impl.RoleInfo (RoleInfo.java:updateAndGet(143)) - 7fae3aed-4e76-4283-a599-f93f794625ab: start FollowerState
2019-10-30 05:53:31,381 [Thread-1658] INFO  impl.FollowerState (FollowerState.java:run(117)) - 7fae3aed-4e76-4283-a599-f93f794625ab@group-BCADF287A12B-FollowerState was interrupted: java.lang.InterruptedException: sleep interrupted
2019-10-30 05:53:31,381 [grpc-default-executor-2] INFO  impl.RaftServerImpl (RaftServerImpl.java:setRole(184)) - 58095e90-3010-492a-9083-43cf2e035c3f@group-BCADF287A12B: changes role from  FOLLOWER to FOLLOWER at term 236 for recognizeCandidate:9127dd83-037b-4d39-812f-66db56af525a
2019-10-30 05:53:31,381 [grpc-default-executor-2] INFO  impl.RoleInfo (RoleInfo.java:shutdownFollowerState(121)) - 58095e90-3010-492a-9083-43cf2e035c3f: shutdown FollowerState
2019-10-30 05:53:31,381 [grpc-default-executor-2] INFO  impl.RoleInfo (RoleInfo.java:updateAndGet(143)) - 58095e90-3010-492a-9083-43cf2e035c3f: start FollowerState
2019-10-30 05:53:31,381 [Thread-1657] INFO  impl.FollowerState (FollowerState.java:run(117)) - 58095e90-3010-492a-9083-43cf2e035c3f@group-BCADF287A12B-FollowerState was interrupted: java.lang.InterruptedException: sleep interrupted
2019-10-30 05:53:31,554 [9127dd83-037b-4d39-812f-66db56af525a@group-BCADF287A12B-LeaderElection216] INFO  impl.LeaderElection (LeaderElection.java:logAndReturn(56)) - 9127dd83-037b-4d39-812f-66db56af525a@group-BCADF287A12B-LeaderElection216: Election TIMEOUT; received 0 response(s) [] and 0 exception(s); 9127dd83-037b-4d39-812f-66db56af525a@group-BCADF287A12B:t236, leader=null, voted=9127dd83-037b-4d39-812f-66db56af525a, raftlog=9127dd83-037b-4d39-812f-66db56af525a@group-BCADF287A12B-SegmentedRaftLog:OPENED:c-1,f-1,i0, conf=-1: [7fae3aed-4e76-4283-a599-f93f794625ab:192.168.34.21:41352, 58095e90-3010-492a-9083-43cf2e035c3f:192.168.34.21:45284, 9127dd83-037b-4d39-812f-66db56af525a:192.168.34.21:42063], old=null
2019-10-30 05:53:32,204 [9127dd83-037b-4d39-812f-66db56af525a@group-BCADF287A12B-LeaderElection216] INFO  impl.LeaderElection (LeaderElection.java:askForVotes(178)) - 9127dd83-037b-4d39-812f-66db56af525a@group-BCADF287A12B-LeaderElection216: begin an election at term 237 for -1: [7fae3aed-4e76-4283-a599-f93f794625ab:192.168.34.21:41352, 58095e90-3010-492a-9083-43cf2e035c3f:192.168.34.21:45284, 9127dd83-037b-4d39-812f-66db56af525a:192.168.34.21:42063], old=null
2019-10-30 05:53:32,207 [grpc-default-executor-2] INFO  impl.RaftServerImpl (RaftServerImpl.java:setRole(184)) - 58095e90-3010-492a-9083-43cf2e035c3f@group-BCADF287A12B: changes role from  FOLLOWER to FOLLOWER at term 237 for recognizeCandidate:9127dd83-037b-4d39-812f-66db56af525a
2019-10-30 05:53:32,207 [grpc-default-executor-1] INFO  impl.RaftServerImpl (RaftServerImpl.java:setRole(184)) - 7fae3aed-4e76-4283-a599-f93f794625ab@group-BCADF287A12B: changes role from  FOLLOWER to FOLLOWER at term 237 for recognizeCandidate:9127dd83-037b-4d39-812f-66db56af525a
2019-10-30 05:53:32,207 [grpc-default-executor-2] INFO  impl.RoleInfo (RoleInfo.java:shutdownFollowerState(121)) - 58095e90-3010-492a-9083-43cf2e035c3f: shutdown FollowerState
2019-10-30 05:53:32,207 [grpc-default-executor-1] INFO  impl.RoleInfo (RoleInfo.java:shutdownFollowerState(121)) - 7fae3aed-4e76-4283-a599-f93f794625ab: shutdown FollowerState
2019-10-30 05:53:32,208 [Thread-1666] INFO  impl.FollowerState (FollowerState.java:run(117)) - 58095e90-3010-492a-9083-43cf2e035c3f@group-BCADF287A12B-FollowerState was interrupted: java.lang.InterruptedException: sleep interrupted
2019-10-30 05:53:32,208 [Thread-1665] INFO  impl.FollowerState (FollowerState.java:run(117)) - 7fae3aed-4e76-4283-a599-f93f794625ab@group-BCADF287A12B-FollowerState was interrupted: java.lang.InterruptedException: sleep interrupted
2019-10-30 05:53:32,208 [grpc-default-executor-2] INFO  impl.RoleInfo (RoleInfo.java:updateAndGet(143)) - 58095e90-3010-492a-9083-43cf2e035c3f: start FollowerState
2019-10-30 05:53:32,208 [grpc-default-executor-1] INFO  impl.RoleInfo (RoleInfo.java:updateAndGet(143)) - 7fae3aed-4e76-4283-a599-f93f794625ab: start FollowerState
2019-10-30 05:53:32,274 [9127dd83-037b-4d39-812f-66db56af525a@group-BCADF287A12B-LeaderElection216] INFO  impl.LeaderElection (LeaderElection.java:logAndReturn(56)) - 9127dd83-037b-4d39-812f-66db56af525a@group-BCADF287A12B-LeaderElection216: Election TIMEOUT; received 0 response(s) [] and 0 exception(s); 9127dd83-037b-4d39-812f-66db56af525a@group-BCADF287A12B:t237, leader=null, voted=9127dd83-037b-4d39-812f-66db56af525a, raftlog=9127dd83-037b-4d39-812f-66db56af525a@group-BCADF287A12B-SegmentedRaftLog:OPENED:c-1,f-1,i0, conf=-1: [7fae3aed-4e76-4283-a599-f93f794625ab:192.168.34.21:41352, 58095e90-3010-492a-9083-43cf2e035c3f:192.168.34.21:45284, 9127dd83-037b-4d39-812f-66db56af525a:192.168.34.21:42063], old=null
2019-10-30 05:53:32,955 [9127dd83-037b-4d39-812f-66db56af525a@group-BCADF287A12B-LeaderElection216] INFO  impl.LeaderElection (LeaderElection.java:askForVotes(178)) - 9127dd83-037b-4d39-812f-66db56af525a@group-BCADF287A12B-LeaderElection216: begin an election at term 238 for -1: [7fae3aed-4e76-4283-a599-f93f794625ab:192.168.34.21:41352, 58095e90-3010-492a-9083-43cf2e035c3f:192.168.34.21:45284, 9127dd83-037b-4d39-812f-66db56af525a:192.168.34.21:42063], old=null
2019-10-30 05:53:32,959 [grpc-default-executor-2] INFO  impl.RaftServerImpl (RaftServerImpl.java:setRole(184)) - 7fae3aed-4e76-4283-a599-f93f794625ab@group-BCADF287A12B: changes role from  FOLLOWER to FOLLOWER at term 238 for recognizeCandidate:9127dd83-037b-4d39-812f-66db56af525a
2019-10-30 05:53:32,960 [grpc-default-executor-2] INFO  impl.RoleInfo (RoleInfo.java:shutdownFollowerState(121)) - 7fae3aed-4e76-4283-a599-f93f794625ab: shutdown FollowerState
2019-10-30 05:53:32,960 [grpc-default-executor-2] INFO  impl.RoleInfo (RoleInfo.java:updateAndGet(143)) - 7fae3aed-4e76-4283-a599-f93f794625ab: start FollowerState
2019-10-30 05:53:32,960 [Thread-1670] INFO  impl.FollowerState (FollowerState.java:run(117)) - 7fae3aed-4e76-4283-a599-f93f794625ab@group-BCADF287A12B-FollowerState was interrupted: java.lang.InterruptedException: sleep interrupted
2019-10-30 05:53:32,960 [grpc-default-executor-1] INFO  impl.RaftServerImpl (RaftServerImpl.java:setRole(184)) - 58095e90-3010-492a-9083-43cf2e035c3f@group-BCADF287A12B: changes role from  FOLLOWER to FOLLOWER at term 238 for recognizeCandidate:9127dd83-037b-4d39-812f-66db56af525a
2019-10-30 05:53:32,960 [grpc-default-executor-1] INFO  impl.RoleInfo (RoleInfo.java:shutdownFollowerState(121)) - 58095e90-3010-492a-9083-43cf2e035c3f: shutdown FollowerState
2019-10-30 05:53:32,960 [grpc-default-executor-1] INFO  impl.RoleInfo (RoleInfo.java:updateAndGet(143)) - 58095e90-3010-492a-9083-43cf2e035c3f: start FollowerState
2019-10-30 05:53:32,960 [Thread-1669] INFO  impl.FollowerState (FollowerState.java:run(117)) - 58095e90-3010-492a-9083-43cf2e035c3f@group-BCADF287A12B-FollowerState was interrupted: java.lang.InterruptedException: sleep interrupted
2019-10-30 05:53:33,031 [9127dd83-037b-4d39-812f-66db56af525a@group-BCADF287A12B-LeaderElection216] INFO  impl.LeaderElection (LeaderElection.java:logAndReturn(56)) - 9127dd83-037b-4d39-812f-66db56af525a@group-BCADF287A12B-LeaderElection216: Election REJECTED; received 2 response(s) [9127dd83-037b-4d39-812f-66db56af525a<-7fae3aed-4e76-4283-a599-f93f794625ab#0:FAIL-t238, 9127dd83-037b-4d39-812f-66db56af525a<-58095e90-3010-492a-9083-43cf2e035c3f#0:FAIL-t238] and 0 exception(s); 9127dd83-037b-4d39-812f-66db56af525a@group-BCADF287A12B:t238, leader=null, voted=9127dd83-037b-4d39-812f-66db56af525a, raftlog=9127dd83-037b-4d39-812f-66db56af525a@group-BCADF287A12B-SegmentedRaftLog:OPENED:c-1,f-1,i0, conf=-1: [7fae3aed-4e76-4283-a599-f93f794625ab:192.168.34.21:41352, 58095e90-3010-492a-9083-43cf2e035c3f:192.168.34.21:45284, 9127dd83-037b-4d39-812f-66db56af525a:192.168.34.21:42063], old=null
2019-10-30 05:53:33,031 [9127dd83-037b-4d39-812f-66db56af525a@group-BCADF287A12B-LeaderElection216] INFO  impl.RaftServerImpl (RaftServerImpl.java:setRole(184)) - 9127dd83-037b-4d39-812f-66db56af525a@group-BCADF287A12B: changes role from CANDIDATE to FOLLOWER at term 238 for DISCOVERED_A_NEW_TERM
2019-10-30 05:53:33,031 [9127dd83-037b-4d39-812f-66db56af525a@group-BCADF287A12B-LeaderElection216] INFO  impl.RoleInfo (RoleInfo.java:shutdownLeaderElection(134)) - 9127dd83-037b-4d39-812f-66db56af525a: shutdown LeaderElection
2019-10-30 05:53:33,031 [9127dd83-037b-4d39-812f-66db56af525a@group-BCADF287A12B-LeaderElection216] INFO  impl.RoleInfo (RoleInfo.java:updateAndGet(143)) - 9127dd83-037b-4d39-812f-66db56af525a: start FollowerState
2019-10-30 05:53:33,159 [Thread-1677] INFO  impl.FollowerState (FollowerState.java:run(108)) - 9127dd83-037b-4d39-812f-66db56af525a@group-BCADF287A12B-FollowerState: change to CANDIDATE, lastRpcTime:127ms, electionTimeout:127ms
2019-10-30 05:53:33,159 [Thread-1677] INFO  impl.RoleInfo (RoleInfo.java:shutdownFollowerState(121)) - 9127dd83-037b-4d39-812f-66db56af525a: shutdown FollowerState
2019-10-30 05:53:33,159 [Thread-1677] INFO  impl.RaftServerImpl (RaftServerImpl.java:setRole(184)) - 9127dd83-037b-4d39-812f-66db56af525a@group-BCADF287A12B: changes role from  FOLLOWER to CANDIDATE at term 238 for changeToCandidate
2019-10-30 05:53:33,159 [Thread-1677] INFO  impl.RoleInfo (RoleInfo.java:updateAndGet(143)) - 9127dd83-037b-4d39-812f-66db56af525a: start LeaderElection
2019-10-30 05:53:33,174 [9127dd83-037b-4d39-812f-66db56af525a@group-BCADF287A12B-LeaderElection217] INFO  impl.LeaderElection (LeaderElection.java:askForVotes(178)) - 9127dd83-037b-4d39-812f-66db56af525a@group-BCADF287A12B-LeaderElection217: begin an election at term 239 for -1: [7fae3aed-4e76-4283-a599-f93f794625ab:192.168.34.21:41352, 58095e90-3010-492a-9083-43cf2e035c3f:192.168.34.21:45284, 9127dd83-037b-4d39-812f-66db56af525a:192.168.34.21:42063], old=null
2019-10-30 05:53:33,176 [grpc-default-executor-2] INFO  impl.RaftServerImpl (RaftServerImpl.java:setRole(184)) - 7fae3aed-4e76-4283-a599-f93f794625ab@group-BCADF287A12B: changes role from  FOLLOWER to FOLLOWER at term 239 for recognizeCandidate:9127dd83-037b-4d39-812f-66db56af525a
2019-10-30 05:53:33,176 [grpc-default-executor-1] INFO  impl.RaftServerImpl (RaftServerImpl.java:setRole(184)) - 58095e90-3010-492a-9083-43cf2e035c3f@group-BCADF287A12B: changes role from  FOLLOWER to FOLLOWER at term 239 for recognizeCandidate:9127dd83-037b-4d39-812f-66db56af525a
2019-10-30 05:53:33,176 [grpc-default-executor-2] INFO  impl.RoleInfo (RoleInfo.java:shutdownFollowerState(121)) - 7fae3aed-4e76-4283-a599-f93f794625ab: shutdown FollowerState
2019-10-30 05:53:33,176 [grpc-default-executor-1] INFO  impl.RoleInfo (RoleInfo.java:shutdownFollowerState(121)) - 58095e90-3010-492a-9083-43cf2e035c3f: shutdown FollowerState
2019-10-30 05:53:33,177 [Thread-1675] INFO  impl.FollowerState (FollowerState.java:run(117)) - 7fae3aed-4e76-4283-a599-f93f794625ab@group-BCADF287A12B-FollowerState was interrupted: java.lang.InterruptedException: sleep interrupted
2019-10-30 05:53:33,177 [Thread-1676] INFO  impl.FollowerState (FollowerState.java:run(117)) - 58095e90-3010-492a-9083-43cf2e035c3f@group-BCADF287A12B-FollowerState was interrupted: java.lang.InterruptedException: sleep interrupted
2019-10-30 05:53:33,176 [grpc-default-executor-2] INFO  impl.RoleInfo (RoleInfo.java:updateAndGet(143)) - 7fae3aed-4e76-4283-a599-f93f794625ab: start FollowerState
2019-10-30 05:53:33,177 [grpc-default-executor-1] INFO  impl.RoleInfo (RoleInfo.java:updateAndGet(143)) - 58095e90-3010-492a-9083-43cf2e035c3f: start FollowerState
2019-10-30 05:53:33,187 [9127dd83-037b-4d39-812f-66db56af525a@group-BCADF287A12B-LeaderElection217] INFO  impl.LeaderElection (LeaderElection.java:logAndReturn(56)) - 9127dd83-037b-4d39-812f-66db56af525a@group-BCADF287A12B-LeaderElection217: Election REJECTED; received 2 response(s) [9127dd83-037b-4d39-812f-66db56af525a<-7fae3aed-4e76-4283-a599-f93f794625ab#0:FAIL-t239, 9127dd83-037b-4d39-812f-66db56af525a<-58095e90-3010-492a-9083-43cf2e035c3f#0:FAIL-t239] and 0 exception(s); 9127dd83-037b-4d39-812f-66db56af525a@group-BCADF287A12B:t239, leader=null, voted=9127dd83-037b-4d39-812f-66db56af525a, raftlog=9127dd83-037b-4d39-812f-66db56af525a@group-BCADF287A12B-SegmentedRaftLog:OPENED:c-1,f-1,i0, conf=-1: [7fae3aed-4e76-4283-a599-f93f794625ab:192.168.34.21:41352, 58095e90-3010-492a-9083-43cf2e035c3f:192.168.34.21:45284, 9127dd83-037b-4d39-812f-66db56af525a:192.168.34.21:42063], old=null
2019-10-30 05:53:33,187 [9127dd83-037b-4d39-812f-66db56af525a@group-BCADF287A12B-LeaderElection217] INFO  impl.RaftServerImpl (RaftServerImpl.java:setRole(184)) - 9127dd83-037b-4d39-812f-66db56af525a@group-BCADF287A12B: changes role from CANDIDATE to FOLLOWER at term 239 for DISCOVERED_A_NEW_TERM
2019-10-30 05:53:33,188 [9127dd83-037b-4d39-812f-66db56af525a@group-BCADF287A12B-LeaderElection217] INFO  impl.RoleInfo (RoleInfo.java:shutdownLeaderElection(134)) - 9127dd83-037b-4d39-812f-66db56af525a: shutdown LeaderElection
2019-10-30 05:53:33,188 [9127dd83-037b-4d39-812f-66db56af525a@group-BCADF287A12B-LeaderElection217] INFO  impl.RoleInfo (RoleInfo.java:updateAndGet(143)) - 9127dd83-037b-4d39-812f-66db56af525a: start FollowerState
2019-10-30 05:53:33,337 [Thread-1683] INFO  impl.FollowerState (FollowerState.java:run(108)) - 9127dd83-037b-4d39-812f-66db56af525a@group-BCADF287A12B-FollowerState: change to CANDIDATE, lastRpcTime:149ms, electionTimeout:149ms
2019-10-30 05:53:33,337 [Thread-1683] INFO  impl.RoleInfo (RoleInfo.java:shutdownFollowerState(121)) - 9127dd83-037b-4d39-812f-66db56af525a: shutdown FollowerState
2019-10-30 05:53:33,337 [Thread-1683] INFO  impl.RaftServerImpl (RaftServerImpl.java:setRole(184)) - 9127dd83-037b-4d39-812f-66db56af525a@group-BCADF287A12B: changes role from  FOLLOWER to CANDIDATE at term 239 for changeToCandidate
2019-10-30 05:53:33,338 [Thread-1683] INFO  impl.RoleInfo (RoleInfo.java:updateAndGet(143)) - 9127dd83-037b-4d39-812f-66db56af525a: start LeaderElection
2019-10-30 05:53:33,345 [9127dd83-037b-4d39-812f-66db56af525a@group-BCADF287A12B-LeaderElection218] INFO  impl.LeaderElection (LeaderElection.java:askForVotes(178)) - 9127dd83-037b-4d39-812f-66db56af525a@group-BCADF287A12B-LeaderElection218: begin an election at term 240 for -1: [7fae3aed-4e76-4283-a599-f93f794625ab:192.168.34.21:41352, 58095e90-3010-492a-9083-43cf2e035c3f:192.168.34.21:45284, 9127dd83-037b-4d39-812f-66db56af525a:192.168.34.21:42063], old=null
2019-10-30 05:53:33,347 [grpc-default-executor-1] INFO  impl.RaftServerImpl (RaftServerImpl.java:setRole(184)) - 58095e90-3010-492a-9083-43cf2e035c3f@group-BCADF287A12B: changes role from  FOLLOWER to FOLLOWER at term 240 for recognizeCandidate:9127dd83-037b-4d39-812f-66db56af525a
2019-10-30 05:53:33,348 [grpc-default-executor-1] INFO  impl.RoleInfo (RoleInfo.java:shutdownFollowerState(121)) - 58095e90-3010-492a-9083-43cf2e035c3f: shutdown FollowerState
2019-10-30 05:53:33,347 [grpc-default-executor-2] INFO  impl.RaftServerImpl (RaftServerImpl.java:setRole(184)) - 7fae3aed-4e76-4283-a599-f93f794625ab@group-BCADF287A12B: changes role from  FOLLOWER to FOLLOWER at term 240 for recognizeCandidate:9127dd83-037b-4d39-812f-66db56af525a
2019-10-30 05:53:33,348 [Thread-1682] INFO  impl.FollowerState (FollowerState.java:run(117)) - 58095e90-3010-492a-9083-43cf2e035c3f@group-BCADF287A12B-FollowerState was interrupted: java.lang.InterruptedException: sleep interrupted
2019-10-30 05:53:33,348 [grpc-default-executor-1] INFO  impl.RoleInfo (RoleInfo.java:updateAndGet(143)) - 58095e90-3010-492a-9083-43cf2e035c3f: start FollowerState
2019-10-30 05:53:33,348 [grpc-default-executor-2] INFO  impl.RoleInfo (RoleInfo.java:shutdownFollowerState(121)) - 7fae3aed-4e76-4283-a599-f93f794625ab: shutdown FollowerState
2019-10-30 05:53:33,348 [grpc-default-executor-2] INFO  impl.RoleInfo (RoleInfo.java:updateAndGet(143)) - 7fae3aed-4e76-4283-a599-f93f794625ab: start FollowerState
2019-10-30 05:53:33,348 [Thread-1681] INFO  impl.FollowerState (FollowerState.java:run(117)) - 7fae3aed-4e76-4283-a599-f93f794625ab@group-BCADF287A12B-FollowerState was interrupted: java.lang.InterruptedException: sleep interrupted
2019-10-30 05:53:33,365 [9127dd83-037b-4d39-812f-66db56af525a@group-BCADF287A12B-LeaderElection218] INFO  impl.LeaderElection (LeaderElection.java:logAndReturn(56)) - 9127dd83-037b-4d39-812f-66db56af525a@group-BCADF287A12B-LeaderElection218: Election REJECTED; received 2 response(s) [9127dd83-037b-4d39-812f-66db56af525a<-7fae3aed-4e76-4283-a599-f93f794625ab#0:FAIL-t240, 9127dd83-037b-4d39-812f-66db56af525a<-58095e90-3010-492a-9083-43cf2e035c3f#0:FAIL-t240] and 0 exception(s); 9127dd83-037b-4d39-812f-66db56af525a@group-BCADF287A12B:t240, leader=null, voted=9127dd83-037b-4d39-812f-66db56af525a, raftlog=9127dd83-037b-4d39-812f-66db56af525a@group-BCADF287A12B-SegmentedRaftLog:OPENED:c-1,f-1,i0, conf=-1: [7fae3aed-4e76-4283-a599-f93f794625ab:192.168.34.21:41352, 58095e90-3010-492a-9083-43cf2e035c3f:192.168.34.21:45284, 9127dd83-037b-4d39-812f-66db56af525a:192.168.34.21:42063], old=null
2019-10-30 05:53:33,366 [9127dd83-037b-4d39-812f-66db56af525a@group-BCADF287A12B-LeaderElection218] INFO  impl.RaftServerImpl (RaftServerImpl.java:setRole(184)) - 9127dd83-037b-4d39-812f-66db56af525a@group-BCADF287A12B: changes role from CANDIDATE to FOLLOWER at term 240 for DISCOVERED_A_NEW_TERM
2019-10-30 05:53:33,366 [9127dd83-037b-4d39-812f-66db56af525a@group-BCADF287A12B-LeaderElection218] INFO  impl.RoleInfo (RoleInfo.java:shutdownLeaderElection(134)) - 9127dd83-037b-4d39-812f-66db56af525a: shutdown LeaderElection
2019-10-30 05:53:33,366 [9127dd83-037b-4d39-812f-66db56af525a@group-BCADF287A12B-LeaderElection218] INFO  impl.RoleInfo (RoleInfo.java:updateAndGet(143)) - 9127dd83-037b-4d39-812f-66db56af525a: start FollowerState
2019-10-30 05:53:33,447 [Thread-1691] INFO  impl.FollowerState (FollowerState.java:run(108)) - 9127dd83-037b-4d39-812f-66db56af525a@group-BCADF287A12B-FollowerState: change to CANDIDATE, lastRpcTime:81ms, electionTimeout:81ms
2019-10-30 05:53:33,447 [Thread-1691] INFO  impl.RoleInfo (RoleInfo.java:shutdownFollowerState(121)) - 9127dd83-037b-4d39-812f-66db56af525a: shutdown FollowerState
2019-10-30 05:53:33,448 [Thread-1691] INFO  impl.RaftServerImpl (RaftServerImpl.java:setRole(184)) - 9127dd83-037b-4d39-812f-66db56af525a@group-BCADF287A12B: changes role from  FOLLOWER to CANDIDATE at term 240 for changeToCandidate
2019-10-30 05:53:33,448 [Thread-1691] INFO  impl.RoleInfo (RoleInfo.java:updateAndGet(143)) - 9127dd83-037b-4d39-812f-66db56af525a: start LeaderElection
2019-10-30 05:53:33,460 [9127dd83-037b-4d39-812f-66db56af525a@group-BCADF287A12B-LeaderElection219] INFO  impl.LeaderElection (LeaderElection.java:askForVotes(178)) - 9127dd83-037b-4d39-812f-66db56af525a@group-BCADF287A12B-LeaderElection219: begin an election at term 241 for -1: [7fae3aed-4e76-4283-a599-f93f794625ab:192.168.34.21:41352, 58095e90-3010-492a-9083-43cf2e035c3f:192.168.34.21:45284, 9127dd83-037b-4d39-812f-66db56af525a:192.168.34.21:42063], old=null
2019-10-30 05:53:33,462 [grpc-default-executor-2] INFO  impl.RaftServerImpl (RaftServerImpl.java:setRole(184)) - 7fae3aed-4e76-4283-a599-f93f794625ab@group-BCADF287A12B: changes role from  FOLLOWER to FOLLOWER at term 241 for recognizeCandidate:9127dd83-037b-4d39-812f-66db56af525a
2019-10-30 05:53:33,462 [grpc-default-executor-1] INFO  impl.RaftServerImpl (RaftServerImpl.java:setRole(184)) - 58095e90-3010-492a-9083-43cf2e035c3f@group-BCADF287A12B: changes role from  FOLLOWER to FOLLOWER at term 241 for recognizeCandidate:9127dd83-037b-4d39-812f-66db56af525a
2019-10-30 05:53:33,462 [grpc-default-executor-2] INFO  impl.RoleInfo (RoleInfo.java:shutdownFollowerState(121)) - 7fae3aed-4e76-4283-a599-f93f794625ab: shutdown FollowerState
2019-10-30 05:53:33,462 [grpc-default-executor-1] INFO  impl.RoleInfo (RoleInfo.java:shutdownFollowerState(121)) - 58095e90-3010-492a-9083-43cf2e035c3f: shutdown FollowerState
2019-10-30 05:53:33,462 [grpc-default-executor-2] INFO  impl.RoleInfo (RoleInfo.java:updateAndGet(143)) - 7fae3aed-4e76-4283-a599-f93f794625ab: start FollowerState
2019-10-30 05:53:33,462 [Thread-1689] INFO  impl.FollowerState (FollowerState.java:run(117)) - 58095e90-3010-492a-9083-43cf2e035c3f@group-BCADF287A12B-FollowerState was interrupted: java.lang.InterruptedException: sleep interrupted
2019-10-30 05:53:33,462 [Thread-1690] INFO  impl.FollowerState (FollowerState.java:run(117)) - 7fae3aed-4e76-4283-a599-f93f794625ab@group-BCADF287A12B-FollowerState was interrupted: java.lang.InterruptedException: sleep interrupted
2019-10-30 05:53:33,462 [grpc-default-executor-1] INFO  impl.RoleInfo (RoleInfo.java:updateAndGet(143)) - 58095e90-3010-492a-9083-43cf2e035c3f: start FollowerState
2019-10-30 05:53:33,471 [9127dd83-037b-4d39-812f-66db56af525a@group-BCADF287A12B-LeaderElection219] INFO  impl.LeaderElection (LeaderElection.java:logAndReturn(56)) - 9127dd83-037b-4d39-812f-66db56af525a@group-BCADF287A12B-LeaderElection219: Election REJECTED; received 2 response(s) [9127dd83-037b-4d39-812f-66db56af525a<-7fae3aed-4e76-4283-a599-f93f794625ab#0:FAIL-t241, 9127dd83-037b-4d39-812f-66db56af525a<-58095e90-3010-492a-9083-43cf2e035c3f#0:FAIL-t241] and 0 exception(s); 9127dd83-037b-4d39-812f-66db56af525a@group-BCADF287A12B:t241, leader=null, voted=9127dd83-037b-4d39-812f-66db56af525a, raftlog=9127dd83-037b-4d39-812f-66db56af525a@group-BCADF287A12B-SegmentedRaftLog:OPENED:c-1,f-1,i0, conf=-1: [7fae3aed-4e76-4283-a599-f93f794625ab:192.168.34.21:41352, 58095e90-3010-492a-9083-43cf2e035c3f:192.168.34.21:45284, 9127dd83-037b-4d39-812f-66db56af525a:192.168.34.21:42063], old=null
2019-10-30 05:53:33,471 [9127dd83-037b-4d39-812f-66db56af525a@group-BCADF287A12B-LeaderElection219] INFO  impl.RaftServerImpl (RaftServerImpl.java:setRole(184)) - 9127dd83-037b-4d39-812f-66db56af525a@group-BCADF287A12B: changes role from CANDIDATE to FOLLOWER at term 241 for DISCOVERED_A_NEW_TERM
2019-10-30 05:53:33,471 [9127dd83-037b-4d39-812f-66db56af525a@group-BCADF287A12B-LeaderElection219] INFO  impl.RoleInfo (RoleInfo.java:shutdownLeaderElection(134)) - 9127dd83-037b-4d39-812f-66db56af525a: shutdown LeaderElection
2019-10-30 05:53:33,471 [9127dd83-037b-4d39-812f-66db56af525a@group-BCADF287A12B-LeaderElection219] INFO  impl.RoleInfo (RoleInfo.java:updateAndGet(143)) - 9127dd83-037b-4d39-812f-66db56af525a: start FollowerState
2019-10-30 05:53:33,655 [Thread-1697] INFO  impl.FollowerState (FollowerState.java:run(108)) - 9127dd83-037b-4d39-812f-66db56af525a@group-BCADF287A12B-FollowerState: change to CANDIDATE, lastRpcTime:184ms, electionTimeout:184ms
2019-10-30 05:53:33,656 [Thread-1697] INFO  impl.RoleInfo (RoleInfo.java:shutdownFollowerState(121)) - 9127dd83-037b-4d39-812f-66db56af525a: shutdown FollowerState
2019-10-30 05:53:33,657 [Thread-1697] INFO  impl.RaftServerImpl (RaftServerImpl.java:setRole(184)) - 9127dd83-037b-4d39-812f-66db56af525a@group-BCADF287A12B: changes role from  FOLLOWER to CANDIDATE at term 241 for changeToCandidate
2019-10-30 05:53:33,657 [Thread-1697] INFO  impl.RoleInfo (RoleInfo.java:updateAndGet(143)) - 9127dd83-037b-4d39-812f-66db56af525a: start LeaderElection
2019-10-30 05:53:33,667 [9127dd83-037b-4d39-812f-66db56af525a@group-BCADF287A12B-LeaderElection220] INFO  impl.LeaderElection (LeaderElection.java:askForVotes(178)) - 9127dd83-037b-4d39-812f-66db56af525a@group-BCADF287A12B-LeaderElection220: begin an election at term 242 for -1: [7fae3aed-4e76-4283-a599-f93f794625ab:192.168.34.21:41352, 58095e90-3010-492a-9083-43cf2e035c3f:192.168.34.21:45284, 9127dd83-037b-4d39-812f-66db56af525a:192.168.34.21:42063], old=null
2019-10-30 05:53:33,672 [9127dd83-037b-4d39-812f-66db56af525a@group-BCADF287A12B-LeaderElection220] INFO  impl.LeaderElection (LeaderElection.java:logAndReturn(56)) - 9127dd83-037b-4d39-812f-66db56af525a@group-BCADF287A12B-LeaderElection220: Election TIMEOUT; received 0 response(s) [] and 0 exception(s); 9127dd83-037b-4d39-812f-66db56af525a@group-BCADF287A12B:t242, leader=null, voted=9127dd83-037b-4d39-812f-66db56af525a, raftlog=9127dd83-037b-4d39-812f-66db56af525a@group-BCADF287A12B-SegmentedRaftLog:OPENED:c-1,f-1,i0, conf=-1: [7fae3aed-4e76-4283-a599-f93f794625ab:192.168.34.21:41352, 58095e90-3010-492a-9083-43cf2e035c3f:192.168.34.21:45284, 9127dd83-037b-4d39-812f-66db56af525a:192.168.34.21:42063], old=null
2019-10-30 05:53:33,673 [grpc-default-executor-3] INFO  impl.RaftServerImpl (RaftServerImpl.java:setRole(184)) - 58095e90-3010-492a-9083-43cf2e035c3f@group-BCADF287A12B: changes role from  FOLLOWER to FOLLOWER at term 242 for recognizeCandidate:9127dd83-037b-4d39-812f-66db56af525a
2019-10-30 05:53:33,673 [grpc-default-executor-1] INFO  impl.RaftServerImpl (RaftServerImpl.java:setRole(184)) - 7fae3aed-4e76-4283-a599-f93f794625ab@group-BCADF287A12B: changes role from  FOLLOWER to FOLLOWER at term 242 for recognizeCandidate:9127dd83-037b-4d39-812f-66db56af525a
2019-10-30 05:53:33,673 [grpc-default-executor-3] INFO  impl.RoleInfo (RoleInfo.java:shutdownFollowerState(121)) - 58095e90-3010-492a-9083-43cf2e035c3f: shutdown FollowerState
2019-10-30 05:53:33,673 [grpc-default-executor-1] INFO  impl.RoleInfo (RoleInfo.java:shutdownFollowerState(121)) - 7fae3aed-4e76-4283-a599-f93f794625ab: shutdown FollowerState
2019-10-30 05:53:33,674 [Thread-1696] INFO  impl.FollowerState (FollowerState.java:run(117)) - 58095e90-3010-492a-9083-43cf2e035c3f@group-BCADF287A12B-FollowerState was interrupted: java.lang.InterruptedException: sleep interrupted
2019-10-30 05:53:33,674 [grpc-default-executor-3] INFO  impl.RoleInfo (RoleInfo.java:updateAndGet(143)) - 58095e90-3010-492a-9083-43cf2e035c3f: start FollowerState
2019-10-30 05:53:33,674 [Thread-1695] INFO  impl.FollowerState (FollowerState.java:run(117)) - 7fae3aed-4e76-4283-a599-f93f794625ab@group-BCADF287A12B-FollowerState was interrupted: java.lang.InterruptedException: sleep interrupted
2019-10-30 05:53:33,674 [grpc-default-executor-1] INFO  impl.RoleInfo (RoleInfo.java:updateAndGet(143)) - 7fae3aed-4e76-4283-a599-f93f794625ab: start FollowerState
2019-10-30 05:53:33,684 [9127dd83-037b-4d39-812f-66db56af525a@group-BCADF287A12B-LeaderElection220] INFO  impl.LeaderElection (LeaderElection.java:askForVotes(178)) - 9127dd83-037b-4d39-812f-66db56af525a@group-BCADF287A12B-LeaderElection220: begin an election at term 243 for -1: [7fae3aed-4e76-4283-a599-f93f794625ab:192.168.34.21:41352, 58095e90-3010-492a-9083-43cf2e035c3f:192.168.34.21:45284, 9127dd83-037b-4d39-812f-66db56af525a:192.168.34.21:42063], old=null
2019-10-30 05:53:33,686 [grpc-default-executor-1] INFO  impl.RaftServerImpl (RaftServerImpl.java:setRole(184)) - 58095e90-3010-492a-9083-43cf2e035c3f@group-BCADF287A12B: changes role from  FOLLOWER to FOLLOWER at term 243 for recognizeCandidate:9127dd83-037b-4d39-812f-66db56af525a
2019-10-30 05:53:33,686 [grpc-default-executor-3] INFO  impl.RaftServerImpl (RaftServerImpl.java:setRole(184)) - 7fae3aed-4e76-4283-a599-f93f794625ab@group-BCADF287A12B: changes role from  FOLLOWER to FOLLOWER at term 243 for recognizeCandidate:9127dd83-037b-4d39-812f-66db56af525a
2019-10-30 05:53:33,686 [grpc-default-executor-1] INFO  impl.RoleInfo (RoleInfo.java:shutdownFollowerState(121)) - 58095e90-3010-492a-9083-43cf2e035c3f: shutdown FollowerState
2019-10-30 05:53:33,686 [grpc-default-executor-3] INFO  impl.RoleInfo (RoleInfo.java:shutdownFollowerState(121)) - 7fae3aed-4e76-4283-a599-f93f794625ab: shutdown FollowerState
2019-10-30 05:53:33,687 [Thread-1701] INFO  impl.FollowerState (FollowerState.java:run(117)) - 58095e90-3010-492a-9083-43cf2e035c3f@group-BCADF287A12B-FollowerState was interrupted: java.lang.InterruptedException: sleep interrupted
2019-10-30 05:53:33,687 [grpc-default-executor-1] INFO  impl.RoleInfo (RoleInfo.java:updateAndGet(143)) - 58095e90-3010-492a-9083-43cf2e035c3f: start FollowerState
2019-10-30 05:53:33,687 [Thread-1702] INFO  impl.FollowerState (FollowerState.java:run(117)) - 7fae3aed-4e76-4283-a599-f93f794625ab@group-BCADF287A12B-FollowerState was interrupted: java.lang.InterruptedException: sleep interrupted
2019-10-30 05:53:33,687 [grpc-default-executor-3] INFO  impl.RoleInfo (RoleInfo.java:updateAndGet(143)) - 7fae3aed-4e76-4283-a599-f93f794625ab: start FollowerState
2019-10-30 05:53:33,697 [9127dd83-037b-4d39-812f-66db56af525a@group-BCADF287A12B-LeaderElection220] INFO  impl.LeaderElection (LeaderElection.java:logAndReturn(56)) - 9127dd83-037b-4d39-812f-66db56af525a@group-BCADF287A12B-LeaderElection220: Election REJECTED; received 2 response(s) [9127dd83-037b-4d39-812f-66db56af525a<-7fae3aed-4e76-4283-a599-f93f794625ab#0:FAIL-t243, 9127dd83-037b-4d39-812f-66db56af525a<-58095e90-3010-492a-9083-43cf2e035c3f#0:FAIL-t243] and 0 exception(s); 9127dd83-037b-4d39-812f-66db56af525a@group-BCADF287A12B:t243, leader=null, voted=9127dd83-037b-4d39-812f-66db56af525a, raftlog=9127dd83-037b-4d39-812f-66db56af525a@group-BCADF287A12B-SegmentedRaftLog:OPENED:c-1,f-1,i0, conf=-1: [7fae3aed-4e76-4283-a599-f93f794625ab:192.168.34.21:41352, 58095e90-3010-492a-9083-43cf2e035c3f:192.168.34.21:45284, 9127dd83-037b-4d39-812f-66db56af525a:192.168.34.21:42063], old=null
2019-10-30 05:53:33,697 [9127dd83-037b-4d39-812f-66db56af525a@group-BCADF287A12B-LeaderElection220] INFO  impl.RaftServerImpl (RaftServerImpl.java:setRole(184)) - 9127dd83-037b-4d39-812f-66db56af525a@group-BCADF287A12B: changes role from CANDIDATE to FOLLOWER at term 243 for DISCOVERED_A_NEW_TERM
2019-10-30 05:53:33,697 [9127dd83-037b-4d39-812f-66db56af525a@group-BCADF287A12B-LeaderElection220] INFO  impl.RoleInfo (RoleInfo.java:shutdownLeaderElection(134)) - 9127dd83-037b-4d39-812f-66db56af525a: shutdown LeaderElection
2019-10-30 05:53:33,697 [9127dd83-037b-4d39-812f-66db56af525a@group-BCADF287A12B-LeaderElection220] INFO  impl.RoleInfo (RoleInfo.java:updateAndGet(143)) - 9127dd83-037b-4d39-812f-66db56af525a: start FollowerState
2019-10-30 05:53:33,872 [Thread-1707] INFO  impl.FollowerState (FollowerState.java:run(108)) - 9127dd83-037b-4d39-812f-66db56af525a@group-BCADF287A12B-FollowerState: change to CANDIDATE, lastRpcTime:174ms, electionTimeout:174ms
2019-10-30 05:53:33,872 [Thread-1707] INFO  impl.RoleInfo (RoleInfo.java:shutdownFollowerState(121)) - 9127dd83-037b-4d39-812f-66db56af525a: shutdown FollowerState
2019-10-30 05:53:33,872 [Thread-1707] INFO  impl.RaftServerImpl (RaftServerImpl.java:setRole(184)) - 9127dd83-037b-4d39-812f-66db56af525a@group-BCADF287A12B: changes role from  FOLLOWER to CANDIDATE at term 243 for changeToCandidate
2019-10-30 05:53:33,872 [Thread-1707] INFO  impl.RoleInfo (RoleInfo.java:updateAndGet(143)) - 9127dd83-037b-4d39-812f-66db56af525a: start LeaderElection
2019-10-30 05:53:33,879 [9127dd83-037b-4d39-812f-66db56af525a@group-BCADF287A12B-LeaderElection221] INFO  impl.LeaderElection (LeaderElection.java:askForVotes(178)) - 9127dd83-037b-4d39-812f-66db56af525a@group-BCADF287A12B-LeaderElection221: begin an election at term 244 for -1: [7fae3aed-4e76-4283-a599-f93f794625ab:192.168.34.21:41352, 58095e90-3010-492a-9083-43cf2e035c3f:192.168.34.21:45284, 9127dd83-037b-4d39-812f-66db56af525a:192.168.34.21:42063], old=null
2019-10-30 05:53:33,881 [grpc-default-executor-3] INFO  impl.RaftServerImpl (RaftServerImpl.java:setRole(184)) - 58095e90-3010-492a-9083-43cf2e035c3f@group-BCADF287A12B: changes role from  FOLLOWER to FOLLOWER at term 244 for recognizeCandidate:9127dd83-037b-4d39-812f-66db56af525a
2019-10-30 05:53:33,881 [grpc-default-executor-3] INFO  impl.RoleInfo (RoleInfo.java:shutdownFollowerState(121)) - 58095e90-3010-492a-9083-43cf2e035c3f: shutdown FollowerState
2019-10-30 05:53:33,881 [grpc-default-executor-1] INFO  impl.RaftServerImpl (RaftServerImpl.java:setRole(184)) - 7fae3aed-4e76-4283-a599-f93f794625ab@group-BCADF287A12B: changes role from  FOLLOWER to FOLLOWER at term 244 for recognizeCandidate:9127dd83-037b-4d39-812f-66db56af525a
2019-10-30 05:53:33,881 [grpc-default-executor-3] INFO  impl.RoleInfo (RoleInfo.java:updateAndGet(143)) - 58095e90-3010-492a-9083-43cf2e035c3f: start FollowerState
2019-10-30 05:53:33,881 [Thread-1705] INFO  impl.FollowerState (FollowerState.java:run(117)) - 58095e90-3010-492a-9083-43cf2e035c3f@group-BCADF287A12B-FollowerState was interrupted: java.lang.InterruptedException: sleep interrupted
2019-10-30 05:53:33,882 [grpc-default-executor-1] INFO  impl.RoleInfo (RoleInfo.java:shutdownFollowerState(121)) - 7fae3aed-4e76-4283-a599-f93f794625ab: shutdown FollowerState
2019-10-30 05:53:33,882 [grpc-default-executor-1] INFO  impl.RoleInfo (RoleInfo.java:updateAndGet(143)) - 7fae3aed-4e76-4283-a599-f93f794625ab: start FollowerState
2019-10-30 05:53:33,882 [Thread-1706] INFO  impl.FollowerState (FollowerState.java:run(117)) - 7fae3aed-4e76-4283-a599-f93f794625ab@group-BCADF287A12B-FollowerState was interrupted: java.lang.InterruptedException: sleep interrupted
2019-10-30 05:53:33,899 [9127dd83-037b-4d39-812f-66db56af525a@group-BCADF287A12B-LeaderElection221] INFO  impl.LeaderElection (LeaderElection.java:logAndReturn(56)) - 9127dd83-037b-4d39-812f-66db56af525a@group-BCADF287A12B-LeaderElection221: Election REJECTED; received 2 response(s) [9127dd83-037b-4d39-812f-66db56af525a<-7fae3aed-4e76-4283-a599-f93f794625ab#0:FAIL-t244, 9127dd83-037b-4d39-812f-66db56af525a<-58095e90-3010-492a-9083-43cf2e035c3f#0:FAIL-t244] and 0 exception(s); 9127dd83-037b-4d39-812f-66db56af525a@group-BCADF287A12B:t244, leader=null, voted=9127dd83-037b-4d39-812f-66db56af525a, raftlog=9127dd83-037b-4d39-812f-66db56af525a@group-BCADF287A12B-SegmentedRaftLog:OPENED:c-1,f-1,i0, conf=-1: [7fae3aed-4e76-4283-a599-f93f794625ab:192.168.34.21:41352, 58095e90-3010-492a-9083-43cf2e035c3f:192.168.34.21:45284, 9127dd83-037b-4d39-812f-66db56af525a:192.168.34.21:42063], old=null
2019-10-30 05:53:33,899 [9127dd83-037b-4d39-812f-66db56af525a@group-BCADF287A12B-LeaderElection221] INFO  impl.RaftServerImpl (RaftServerImpl.java:setRole(184)) - 9127dd83-037b-4d39-812f-66db56af525a@group-BCADF287A12B: changes role from CANDIDATE to FOLLOWER at term 244 for DISCOVERED_A_NEW_TERM
2019-10-30 05:53:33,899 [9127dd83-037b-4d39-812f-66db56af525a@group-BCADF287A12B-LeaderElection221] INFO  impl.RoleInfo (RoleInfo.java:shutdownLeaderElection(134)) - 9127dd83-037b-4d39-812f-66db56af525a: shutdown LeaderElection
2019-10-30 05:53:33,899 [9127dd83-037b-4d39-812f-66db56af525a@group-BCADF287A12B-LeaderElection221] INFO  impl.RoleInfo (RoleInfo.java:updateAndGet(143)) - 9127dd83-037b-4d39-812f-66db56af525a: start FollowerState
2019-10-30 05:53:34,025 [Thread-1713] INFO  impl.FollowerState (FollowerState.java:run(108)) - 9127dd83-037b-4d39-812f-66db56af525a@group-BCADF287A12B-FollowerState: change to CANDIDATE, lastRpcTime:126ms, electionTimeout:126ms
2019-10-30 05:53:34,026 [Thread-1713] INFO  impl.RoleInfo (RoleInfo.java:shutdownFollowerState(121)) - 9127dd83-037b-4d39-812f-66db56af525a: shutdown FollowerState
2019-10-30 05:53:34,026 [Thread-1713] INFO  impl.RaftServerImpl (RaftServerImpl.java:setRole(184)) - 9127dd83-037b-4d39-812f-66db56af525a@group-BCADF287A12B: changes role from  FOLLOWER to CANDIDATE at term 244 for changeToCandidate
2019-10-30 05:53:34,026 [Thread-1713] INFO  impl.RoleInfo (RoleInfo.java:updateAndGet(143)) - 9127dd83-037b-4d39-812f-66db56af525a: start LeaderElection
2019-10-30 05:53:34,040 [9127dd83-037b-4d39-812f-66db56af525a@group-BCADF287A12B-LeaderElection222] INFO  impl.LeaderElection (LeaderElection.java:askForVotes(178)) - 9127dd83-037b-4d39-812f-66db56af525a@group-BCADF287A12B-LeaderElection222: begin an election at term 245 for -1: [7fae3aed-4e76-4283-a599-f93f794625ab:192.168.34.21:41352, 58095e90-3010-492a-9083-43cf2e035c3f:192.168.34.21:45284, 9127dd83-037b-4d39-812f-66db56af525a:192.168.34.21:42063], old=null
2019-10-30 05:53:34,042 [grpc-default-executor-1] INFO  impl.RaftServerImpl (RaftServerImpl.java:setRole(184)) - 7fae3aed-4e76-4283-a599-f93f794625ab@group-BCADF287A12B: changes role from  FOLLOWER to FOLLOWER at term 245 for recognizeCandidate:9127dd83-037b-4d39-812f-66db56af525a
2019-10-30 05:53:34,042 [grpc-default-executor-1] INFO  impl.RoleInfo (RoleInfo.java:shutdownFollowerState(121)) - 7fae3aed-4e76-4283-a599-f93f794625ab: shutdown FollowerState
2019-10-30 05:53:34,042 [grpc-default-executor-3] INFO  impl.RaftServerImpl (RaftServerImpl.java:setRole(184)) - 58095e90-3010-492a-9083-43cf2e035c3f@group-BCADF287A12B: changes role from  FOLLOWER to FOLLOWER at term 245 for recognizeCandidate:9127dd83-037b-4d39-812f-66db56af525a
2019-10-30 05:53:34,042 [Thread-1712] INFO  impl.FollowerState (FollowerState.java:run(117)) - 7fae3aed-4e76-4283-a599-f93f794625ab@group-BCADF287A12B-FollowerState was interrupted: java.lang.InterruptedException: sleep interrupted
2019-10-30 05:53:34,042 [grpc-default-executor-1] INFO  impl.RoleInfo (RoleInfo.java:updateAndGet(143)) - 7fae3aed-4e76-4283-a599-f93f794625ab: start FollowerState
2019-10-30 05:53:34,042 [grpc-default-executor-3] INFO  impl.RoleInfo (RoleInfo.java:shutdownFollowerState(121)) - 58095e90-3010-492a-9083-43cf2e035c3f: shutdown FollowerState
2019-10-30 05:53:34,043 [Thread-1711] INFO  impl.FollowerState (FollowerState.java:run(117)) - 58095e90-3010-492a-9083-43cf2e035c3f@group-BCADF287A12B-FollowerState was interrupted: java.lang.InterruptedException: sleep interrupted
2019-10-30 05:53:34,043 [grpc-default-executor-3] INFO  impl.RoleInfo (RoleInfo.java:updateAndGet(143)) - 58095e90-3010-492a-9083-43cf2e035c3f: start FollowerState
2019-10-30 05:53:34,057 [9127dd83-037b-4d39-812f-66db56af525a@group-BCADF287A12B-LeaderElection222] INFO  impl.LeaderElection (LeaderElection.java:logAndReturn(56)) - 9127dd83-037b-4d39-812f-66db56af525a@group-BCADF287A12B-LeaderElection222: Election REJECTED; received 2 response(s) [9127dd83-037b-4d39-812f-66db56af525a<-7fae3aed-4e76-4283-a599-f93f794625ab#0:FAIL-t245, 9127dd83-037b-4d39-812f-66db56af525a<-58095e90-3010-492a-9083-43cf2e035c3f#0:FAIL-t245] and 0 exception(s); 9127dd83-037b-4d39-812f-66db56af525a@group-BCADF287A12B:t245, leader=null, voted=9127dd83-037b-4d39-812f-66db56af525a, raftlog=9127dd83-037b-4d39-812f-66db56af525a@group-BCADF287A12B-SegmentedRaftLog:OPENED:c-1,f-1,i0, conf=-1: [7fae3aed-4e76-4283-a599-f93f794625ab:192.168.34.21:41352, 58095e90-3010-492a-9083-43cf2e035c3f:192.168.34.21:45284, 9127dd83-037b-4d39-812f-66db56af525a:192.168.34.21:42063], old=null
2019-10-30 05:53:34,057 [9127dd83-037b-4d39-812f-66db56af525a@group-BCADF287A12B-LeaderElection222] INFO  impl.RaftServerImpl (RaftServerImpl.java:setRole(184)) - 9127dd83-037b-4d39-812f-66db56af525a@group-BCADF287A12B: changes role from CANDIDATE to FOLLOWER at term 245 for DISCOVERED_A_NEW_TERM
2019-10-30 05:53:34,057 [9127dd83-037b-4d39-812f-66db56af525a@group-BCADF287A12B-LeaderElection222] INFO  impl.RoleInfo (RoleInfo.java:shutdownLeaderElection(134)) - 9127dd83-037b-4d39-812f-66db56af525a: shutdown LeaderElection
2019-10-30 05:53:34,057 [9127dd83-037b-4d39-812f-66db56af525a@group-BCADF287A12B-LeaderElection222] INFO  impl.RoleInfo (RoleInfo.java:updateAndGet(143)) - 9127dd83-037b-4d39-812f-66db56af525a: start FollowerState
2019-10-30 05:53:34,231 [Thread-1719] INFO  impl.FollowerState (FollowerState.java:run(108)) - 9127dd83-037b-4d39-812f-66db56af525a@group-BCADF287A12B-FollowerState: change to CANDIDATE, lastRpcTime:174ms, electionTimeout:174ms
2019-10-30 05:53:34,232 [Thread-1719] INFO  impl.RoleInfo (RoleInfo.java:shutdownFollowerState(121)) - 9127dd83-037b-4d39-812f-66db56af525a: shutdown FollowerState
2019-10-30 05:53:34,232 [Thread-1719] INFO  impl.RaftServerImpl (RaftServerImpl.java:setRole(184)) - 9127dd83-037b-4d39-812f-66db56af525a@group-BCADF287A12B: changes role from  FOLLOWER to CANDIDATE at term 245 for changeToCandidate
2019-10-30 05:53:34,232 [Thread-1719] INFO  impl.RoleInfo (RoleInfo.java:updateAndGet(143)) - 9127dd83-037b-4d39-812f-66db56af525a: start LeaderElection
2019-10-30 05:53:34,245 [9127dd83-037b-4d39-812f-66db56af525a@group-BCADF287A12B-LeaderElection223] INFO  impl.LeaderElection (LeaderElection.java:askForVotes(178)) - 9127dd83-037b-4d39-812f-66db56af525a@group-BCADF287A12B-LeaderElection223: begin an election at term 246 for -1: [7fae3aed-4e76-4283-a599-f93f794625ab:192.168.34.21:41352, 58095e90-3010-492a-9083-43cf2e035c3f:192.168.34.21:45284, 9127dd83-037b-4d39-812f-66db56af525a:192.168.34.21:42063], old=null
2019-10-30 05:53:34,247 [grpc-default-executor-1] INFO  impl.RaftServerImpl (RaftServerImpl.java:setRole(184)) - 7fae3aed-4e76-4283-a599-f93f794625ab@group-BCADF287A12B: changes role from  FOLLOWER to FOLLOWER at term 246 for recognizeCandidate:9127dd83-037b-4d39-812f-66db56af525a
2019-10-30 05:53:34,247 [grpc-default-executor-1] INFO  impl.RoleInfo (RoleInfo.java:shutdownFollowerState(121)) - 7fae3aed-4e76-4283-a599-f93f794625ab: shutdown FollowerState
2019-10-30 05:53:34,247 [grpc-default-executor-3] INFO  impl.RaftServerImpl (RaftServerImpl.java:setRole(184)) - 58095e90-3010-492a-9083-43cf2e035c3f@group-BCADF287A12B: changes role from  FOLLOWER to FOLLOWER at term 246 for recognizeCandidate:9127dd83-037b-4d39-812f-66db56af525a
2019-10-30 05:53:34,248 [Thread-1717] INFO  impl.FollowerState (FollowerState.java:run(117)) - 7fae3aed-4e76-4283-a599-f93f794625ab@group-BCADF287A12B-FollowerState was interrupted: java.lang.InterruptedException: sleep interrupted
2019-10-30 05:53:34,248 [grpc-default-executor-1] INFO  impl.RoleInfo (RoleInfo.java:updateAndGet(143)) - 7fae3aed-4e76-4283-a599-f93f794625ab: start FollowerState
2019-10-30 05:53:34,248 [grpc-default-executor-3] INFO  impl.RoleInfo (RoleInfo.java:shutdownFollowerState(121)) - 58095e90-3010-492a-9083-43cf2e035c3f: shutdown FollowerState
2019-10-30 05:53:34,248 [Thread-1718] INFO  impl.FollowerState (FollowerState.java:run(117)) - 58095e90-3010-492a-9083-43cf2e035c3f@group-BCADF287A12B-FollowerState was interrupted: java.lang.InterruptedException: sleep interrupted
2019-10-30 05:53:34,248 [grpc-default-executor-3] INFO  impl.RoleInfo (RoleInfo.java:updateAndGet(143)) - 58095e90-3010-492a-9083-43cf2e035c3f: start FollowerState
2019-10-30 05:53:34,262 [9127dd83-037b-4d39-812f-66db56af525a@group-BCADF287A12B-LeaderElection223] INFO  impl.LeaderElection (LeaderElection.java:logAndReturn(56)) - 9127dd83-037b-4d39-812f-66db56af525a@group-BCADF287A12B-LeaderElection223: Election REJECTED; received 2 response(s) [9127dd83-037b-4d39-812f-66db56af525a<-7fae3aed-4e76-4283-a599-f93f794625ab#0:FAIL-t246, 9127dd83-037b-4d39-812f-66db56af525a<-58095e90-3010-492a-9083-43cf2e035c3f#0:FAIL-t246] and 0 exception(s); 9127dd83-037b-4d39-812f-66db56af525a@group-BCADF287A12B:t246, leader=null, voted=9127dd83-037b-4d39-812f-66db56af525a, raftlog=9127dd83-037b-4d39-812f-66db56af525a@group-BCADF287A12B-SegmentedRaftLog:OPENED:c-1,f-1,i0, conf=-1: [7fae3aed-4e76-4283-a599-f93f794625ab:192.168.34.21:41352, 58095e90-3010-492a-9083-43cf2e035c3f:192.168.34.21:45284, 9127dd83-037b-4d39-812f-66db56af525a:192.168.34.21:42063], old=null
2019-10-30 05:53:34,262 [9127dd83-037b-4d39-812f-66db56af525a@group-BCADF287A12B-LeaderElection223] INFO  impl.RaftServerImpl (RaftServerImpl.java:setRole(184)) - 9127dd83-037b-4d39-812f-66db56af525a@group-BCADF287A12B: changes role from CANDIDATE to FOLLOWER at term 246 for DISCOVERED_A_NEW_TERM
2019-10-30 05:53:34,262 [9127dd83-037b-4d39-812f-66db56af525a@group-BCADF287A12B-LeaderElection223] INFO  impl.RoleInfo (RoleInfo.java:shutdownLeaderElection(134)) - 9127dd83-037b-4d39-812f-66db56af525a: shutdown LeaderElection
2019-10-30 05:53:34,262 [9127dd83-037b-4d39-812f-66db56af525a@group-BCADF287A12B-LeaderElection223] INFO  impl.RoleInfo (RoleInfo.java:updateAndGet(143)) - 9127dd83-037b-4d39-812f-66db56af525a: start FollowerState
2019-10-30 05:53:34,338 [Thread-1725] INFO  impl.FollowerState (FollowerState.java:run(108)) - 9127dd83-037b-4d39-812f-66db56af525a@group-BCADF287A12B-FollowerState: change to CANDIDATE, lastRpcTime:75ms, electionTimeout:75ms
2019-10-30 05:53:34,338 [Thread-1725] INFO  impl.RoleInfo (RoleInfo.java:shutdownFollowerState(121)) - 9127dd83-037b-4d39-812f-66db56af525a: shutdown FollowerState
2019-10-30 05:53:34,338 [Thread-1725] INFO  impl.RaftServerImpl (RaftServerImpl.java:setRole(184)) - 9127dd83-037b-4d39-812f-66db56af525a@group-BCADF287A12B: changes role from  FOLLOWER to CANDIDATE at term 246 for changeToCandidate
2019-10-30 05:53:34,338 [Thread-1725] INFO  impl.RoleInfo (RoleInfo.java:updateAndGet(143)) - 9127dd83-037b-4d39-812f-66db56af525a: start LeaderElection
2019-10-30 05:53:34,352 [9127dd83-037b-4d39-812f-66db56af525a@group-BCADF287A12B-LeaderElection224] INFO  impl.LeaderElection (LeaderElection.java:askForVotes(178)) - 9127dd83-037b-4d39-812f-66db56af525a@group-BCADF287A12B-LeaderElection224: begin an election at term 247 for -1: [7fae3aed-4e76-4283-a599-f93f794625ab:192.168.34.21:41352, 58095e90-3010-492a-9083-43cf2e035c3f:192.168.34.21:45284, 9127dd83-037b-4d39-812f-66db56af525a:192.168.34.21:42063], old=null
2019-10-30 05:53:34,353 [grpc-default-executor-3] INFO  impl.RaftServerImpl (RaftServerImpl.java:setRole(184)) - 7fae3aed-4e76-4283-a599-f93f794625ab@group-BCADF287A12B: changes role from  FOLLOWER to FOLLOWER at term 247 for recognizeCandidate:9127dd83-037b-4d39-812f-66db56af525a
2019-10-30 05:53:34,354 [grpc-default-executor-3] INFO  impl.RoleInfo (RoleInfo.java:shutdownFollowerState(121)) - 7fae3aed-4e76-4283-a599-f93f794625ab: shutdown FollowerState
2019-10-30 05:53:34,354 [grpc-default-executor-3] INFO  impl.RoleInfo (RoleInfo.java:updateAndGet(143)) - 7fae3aed-4e76-4283-a599-f93f794625ab: start FollowerState
2019-10-30 05:53:34,354 [Thread-1723] INFO  impl.FollowerState (FollowerState.java:run(117)) - 7fae3aed-4e76-4283-a599-f93f794625ab@group-BCADF287A12B-FollowerState was interrupted: java.lang.InterruptedException: sleep interrupted
2019-10-30 05:53:34,354 [grpc-default-executor-1] INFO  impl.RaftServerImpl (RaftServerImpl.java:setRole(184)) - 58095e90-3010-492a-9083-43cf2e035c3f@group-BCADF287A12B: changes role from  FOLLOWER to FOLLOWER at term 247 for recognizeCandidate:9127dd83-037b-4d39-812f-66db56af525a
2019-10-30 05:53:34,354 [grpc-default-executor-1] INFO  impl.RoleInfo (RoleInfo.java:shutdownFollowerState(121)) - 58095e90-3010-492a-9083-43cf2e035c3f: shutdown FollowerState
2019-10-30 05:53:34,354 [grpc-default-executor-1] INFO  impl.RoleInfo (RoleInfo.java:updateAndGet(143)) - 58095e90-3010-492a-9083-43cf2e035c3f: start FollowerState
2019-10-30 05:53:34,354 [Thread-1724] INFO  impl.FollowerState (FollowerState.java:run(117)) - 58095e90-3010-492a-9083-43cf2e035c3f@group-BCADF287A12B-FollowerState was interrupted: java.lang.InterruptedException: sleep interrupted
2019-10-30 05:53:34,368 [9127dd83-037b-4d39-812f-66db56af525a@group-BCADF287A12B-LeaderElection224] INFO  impl.LeaderElection (LeaderElection.java:logAndReturn(56)) - 9127dd83-037b-4d39-812f-66db56af525a@group-BCADF287A12B-LeaderElection224: Election REJECTED; received 2 response(s) [9127dd83-037b-4d39-812f-66db56af525a<-7fae3aed-4e76-4283-a599-f93f794625ab#0:FAIL-t247, 9127dd83-037b-4d39-812f-66db56af525a<-58095e90-3010-492a-9083-43cf2e035c3f#0:FAIL-t247] and 0 exception(s); 9127dd83-037b-4d39-812f-66db56af525a@group-BCADF287A12B:t247, leader=null, voted=9127dd83-037b-4d39-812f-66db56af525a, raftlog=9127dd83-037b-4d39-812f-66db56af525a@group-BCADF287A12B-SegmentedRaftLog:OPENED:c-1,f-1,i0, conf=-1: [7fae3aed-4e76-4283-a599-f93f794625ab:192.168.34.21:41352, 58095e90-3010-492a-9083-43cf2e035c3f:192.168.34.21:45284, 9127dd83-037b-4d39-812f-66db56af525a:192.168.34.21:42063], old=null
2019-10-30 05:53:34,368 [9127dd83-037b-4d39-812f-66db56af525a@group-BCADF287A12B-LeaderElection224] INFO  impl.RaftServerImpl (RaftServerImpl.java:setRole(184)) - 9127dd83-037b-4d39-812f-66db56af525a@group-BCADF287A12B: changes role from CANDIDATE to FOLLOWER at term 247 for DISCOVERED_A_NEW_TERM
2019-10-30 05:53:34,368 [9127dd83-037b-4d39-812f-66db56af525a@group-BCADF287A12B-LeaderElection224] INFO  impl.RoleInfo (RoleInfo.java:shutdownLeaderElection(134)) - 9127dd83-037b-4d39-812f-66db56af525a: shutdown LeaderElection
2019-10-30 05:53:34,368 [9127dd83-037b-4d39-812f-66db56af525a@group-BCADF287A12B-LeaderElection224] INFO  impl.RoleInfo (RoleInfo.java:updateAndGet(143)) - 9127dd83-037b-4d39-812f-66db56af525a: start FollowerState
2019-10-30 05:53:34,437 [Thread-1733] INFO  impl.FollowerState (FollowerState.java:run(108)) - 9127dd83-037b-4d39-812f-66db56af525a@group-BCADF287A12B-FollowerState: change to CANDIDATE, lastRpcTime:69ms, electionTimeout:69ms
2019-10-30 05:53:34,438 [Thread-1733] INFO  impl.RoleInfo (RoleInfo.java:shutdownFollowerState(121)) - 9127dd83-037b-4d39-812f-66db56af525a: shutdown FollowerState
2019-10-30 05:53:34,438 [Thread-1733] INFO  impl.RaftServerImpl (RaftServerImpl.java:setRole(184)) - 9127dd83-037b-4d39-812f-66db56af525a@group-BCADF287A12B: changes role from  FOLLOWER to CANDIDATE at term 247 for changeToCandidate
2019-10-30 05:53:34,438 [Thread-1733] INFO  impl.RoleInfo (RoleInfo.java:updateAndGet(143)) - 9127dd83-037b-4d39-812f-66db56af525a: start LeaderElection
2019-10-30 05:53:34,451 [9127dd83-037b-4d39-812f-66db56af525a@group-BCADF287A12B-LeaderElection225] INFO  impl.LeaderElection (LeaderElection.java:askForVotes(178)) - 9127dd83-037b-4d39-812f-66db56af525a@group-BCADF287A12B-LeaderElection225: begin an election at term 248 for -1: [7fae3aed-4e76-4283-a599-f93f794625ab:192.168.34.21:41352, 58095e90-3010-492a-9083-43cf2e035c3f:192.168.34.21:45284, 9127dd83-037b-4d39-812f-66db56af525a:192.168.34.21:42063], old=null
2019-10-30 05:53:34,454 [grpc-default-executor-1] INFO  impl.RaftServerImpl (RaftServerImpl.java:setRole(184)) - 7fae3aed-4e76-4283-a599-f93f794625ab@group-BCADF287A12B: changes role from  FOLLOWER to FOLLOWER at term 248 for recognizeCandidate:9127dd83-037b-4d39-812f-66db56af525a
2019-10-30 05:53:34,454 [grpc-default-executor-3] INFO  impl.RaftServerImpl (RaftServerImpl.java:setRole(184)) - 58095e90-3010-492a-9083-43cf2e035c3f@group-BCADF287A12B: changes role from  FOLLOWER to FOLLOWER at term 248 for recognizeCandidate:9127dd83-037b-4d39-812f-66db56af525a
2019-10-30 05:53:34,454 [grpc-default-executor-3] INFO  impl.RoleInfo (RoleInfo.java:shutdownFollowerState(121)) - 58095e90-3010-492a-9083-43cf2e035c3f: shutdown FollowerState
2019-10-30 05:53:34,454 [grpc-default-executor-1] INFO  impl.RoleInfo (RoleInfo.java:shutdownFollowerState(121)) - 7fae3aed-4e76-4283-a599-f93f794625ab: shutdown FollowerState
2019-10-30 05:53:34,455 [Thread-1732] INFO  impl.FollowerState (FollowerState.java:run(117)) - 58095e90-3010-492a-9083-43cf2e035c3f@group-BCADF287A12B-FollowerState was interrupted: java.lang.InterruptedException: sleep interrupted
2019-10-30 05:53:34,455 [grpc-default-executor-3] INFO  impl.RoleInfo (RoleInfo.java:updateAndGet(143)) - 58095e90-3010-492a-9083-43cf2e035c3f: start FollowerState
2019-10-30 05:53:34,455 [Thread-1731] INFO  impl.FollowerState (FollowerState.java:run(117)) - 7fae3aed-4e76-4283-a599-f93f794625ab@group-BCADF287A12B-FollowerState was interrupted: java.lang.InterruptedException: sleep interrupted
2019-10-30 05:53:34,455 [grpc-default-executor-1] INFO  impl.RoleInfo (RoleInfo.java:updateAndGet(143)) - 7fae3aed-4e76-4283-a599-f93f794625ab: start FollowerState
2019-10-30 05:53:34,469 [9127dd83-037b-4d39-812f-66db56af525a@group-BCADF287A12B-LeaderElection225] INFO  impl.LeaderElection (LeaderElection.java:logAndReturn(56)) - 9127dd83-037b-4d39-812f-66db56af525a@group-BCADF287A12B-LeaderElection225: Election REJECTED; received 2 response(s) [9127dd83-037b-4d39-812f-66db56af525a<-7fae3aed-4e76-4283-a599-f93f794625ab#0:FAIL-t248, 9127dd83-037b-4d39-812f-66db56af525a<-58095e90-3010-492a-9083-43cf2e035c3f#0:FAIL-t248] and 0 exception(s); 9127dd83-037b-4d39-812f-66db56af525a@group-BCADF287A12B:t248, leader=null, voted=9127dd83-037b-4d39-812f-66db56af525a, raftlog=9127dd83-037b-4d39-812f-66db56af525a@group-BCADF287A12B-SegmentedRaftLog:OPENED:c-1,f-1,i0, conf=-1: [7fae3aed-4e76-4283-a599-f93f794625ab:192.168.34.21:41352, 58095e90-3010-492a-9083-43cf2e035c3f:192.168.34.21:45284, 9127dd83-037b-4d39-812f-66db56af525a:192.168.34.21:42063], old=null
2019-10-30 05:53:34,469 [9127dd83-037b-4d39-812f-66db56af525a@group-BCADF287A12B-LeaderElection225] INFO  impl.RaftServerImpl (RaftServerImpl.java:setRole(184)) - 9127dd83-037b-4d39-812f-66db56af525a@group-BCADF287A12B: changes role from CANDIDATE to FOLLOWER at term 248 for DISCOVERED_A_NEW_TERM
2019-10-30 05:53:34,469 [9127dd83-037b-4d39-812f-66db56af525a@group-BCADF287A12B-LeaderElection225] INFO  impl.RoleInfo (RoleInfo.java:shutdownLeaderElection(134)) - 9127dd83-037b-4d39-812f-66db56af525a: shutdown LeaderElection
2019-10-30 05:53:34,469 [9127dd83-037b-4d39-812f-66db56af525a@group-BCADF287A12B-LeaderElection225] INFO  impl.RoleInfo (RoleInfo.java:updateAndGet(143)) - 9127dd83-037b-4d39-812f-66db56af525a: start FollowerState
2019-10-30 05:53:34,585 [Thread-1739] INFO  impl.FollowerState (FollowerState.java:run(108)) - 9127dd83-037b-4d39-812f-66db56af525a@group-BCADF287A12B-FollowerState: change to CANDIDATE, lastRpcTime:116ms, electionTimeout:116ms
2019-10-30 05:53:34,586 [Thread-1739] INFO  impl.RoleInfo (RoleInfo.java:shutdownFollowerState(121)) - 9127dd83-037b-4d39-812f-66db56af525a: shutdown FollowerState
2019-10-30 05:53:34,586 [Thread-1739] INFO  impl.RaftServerImpl (RaftServerImpl.java:setRole(184)) - 9127dd83-037b-4d39-812f-66db56af525a@group-BCADF287A12B: changes role from  FOLLOWER to CANDIDATE at term 248 for changeToCandidate
2019-10-30 05:53:34,586 [Thread-1739] INFO  impl.RoleInfo (RoleInfo.java:updateAndGet(143)) - 9127dd83-037b-4d39-812f-66db56af525a: start LeaderElection
2019-10-30 05:53:34,600 [9127dd83-037b-4d39-812f-66db56af525a@group-BCADF287A12B-LeaderElection226] INFO  impl.LeaderElection (LeaderElection.java:askForVotes(178)) - 9127dd83-037b-4d39-812f-66db56af525a@group-BCADF287A12B-LeaderElection226: begin an election at term 249 for -1: [7fae3aed-4e76-4283-a599-f93f794625ab:192.168.34.21:41352, 58095e90-3010-492a-9083-43cf2e035c3f:192.168.34.21:45284, 9127dd83-037b-4d39-812f-66db56af525a:192.168.34.21:42063], old=null
2019-10-30 05:53:34,603 [grpc-default-executor-3] INFO  impl.RaftServerImpl (RaftServerImpl.java:setRole(184)) - 7fae3aed-4e76-4283-a599-f93f794625ab@group-BCADF287A12B: changes role from  FOLLOWER to FOLLOWER at term 249 for recognizeCandidate:9127dd83-037b-4d39-812f-66db56af525a
2019-10-30 05:53:34,603 [grpc-default-executor-1] INFO  impl.RaftServerImpl (RaftServerImpl.java:setRole(184)) - 58095e90-3010-492a-9083-43cf2e035c3f@group-BCADF287A12B: changes role from  FOLLOWER to FOLLOWER at term 249 for recognizeCandidate:9127dd83-037b-4d39-812f-66db56af525a
2019-10-30 05:53:34,603 [grpc-default-executor-3] INFO  impl.RoleInfo (RoleInfo.java:shutdownFollowerState(121)) - 7fae3aed-4e76-4283-a599-f93f794625ab: shutdown FollowerState
2019-10-30 05:53:34,603 [grpc-default-executor-1] INFO  impl.RoleInfo (RoleInfo.java:shutdownFollowerState(121)) - 58095e90-3010-492a-9083-43cf2e035c3f: shutdown FollowerState
2019-10-30 05:53:34,604 [Thread-1738] INFO  impl.FollowerState (FollowerState.java:run(117)) - 7fae3aed-4e76-4283-a599-f93f794625ab@group-BCADF287A12B-FollowerState was interrupted: java.lang.InterruptedException: sleep interrupted
2019-10-30 05:53:34,603 [grpc-default-executor-3] INFO  impl.RoleInfo (RoleInfo.java:updateAndGet(143)) - 7fae3aed-4e76-4283-a599-f93f794625ab: start FollowerState
2019-10-30 05:53:34,604 [Thread-1737] INFO  impl.FollowerState (FollowerState.java:run(117)) - 58095e90-3010-492a-9083-43cf2e035c3f@group-BCADF287A12B-FollowerState was interrupted: java.lang.InterruptedException: sleep interrupted
2019-10-30 05:53:34,604 [grpc-default-executor-1] INFO  impl.RoleInfo (RoleInfo.java:updateAndGet(143)) - 58095e90-3010-492a-9083-43cf2e035c3f: start FollowerState
2019-10-30 05:53:34,618 [9127dd83-037b-4d39-812f-66db56af525a@group-BCADF287A12B-LeaderElection226] INFO  impl.LeaderElection (LeaderElection.java:logAndReturn(56)) - 9127dd83-037b-4d39-812f-66db56af525a@group-BCADF287A12B-LeaderElection226: Election REJECTED; received 2 response(s) [9127dd83-037b-4d39-812f-66db56af525a<-7fae3aed-4e76-4283-a599-f93f794625ab#0:FAIL-t249, 9127dd83-037b-4d39-812f-66db56af525a<-58095e90-3010-492a-9083-43cf2e035c3f#0:FAIL-t249] and 0 exception(s); 9127dd83-037b-4d39-812f-66db56af525a@group-BCADF287A12B:t249, leader=null, voted=9127dd83-037b-4d39-812f-66db56af525a, raftlog=9127dd83-037b-4d39-812f-66db56af525a@group-BCADF287A12B-SegmentedRaftLog:OPENED:c-1,f-1,i0, conf=-1: [7fae3aed-4e76-4283-a599-f93f794625ab:192.168.34.21:41352, 58095e90-3010-492a-9083-43cf2e035c3f:192.168.34.21:45284, 9127dd83-037b-4d39-812f-66db56af525a:192.168.34.21:42063], old=null
2019-10-30 05:53:34,618 [9127dd83-037b-4d39-812f-66db56af525a@group-BCADF287A12B-LeaderElection226] INFO  impl.RaftServerImpl (RaftServerImpl.java:setRole(184)) - 9127dd83-037b-4d39-812f-66db56af525a@group-BCADF287A12B: changes role from CANDIDATE to FOLLOWER at term 249 for DISCOVERED_A_NEW_TERM
2019-10-30 05:53:34,618 [9127dd83-037b-4d39-812f-66db56af525a@group-BCADF287A12B-LeaderElection226] INFO  impl.RoleInfo (RoleInfo.java:shutdownLeaderElection(134)) - 9127dd83-037b-4d39-812f-66db56af525a: shutdown LeaderElection
2019-10-30 05:53:34,618 [9127dd83-037b-4d39-812f-66db56af525a@group-BCADF287A12B-LeaderElection226] INFO  impl.RoleInfo (RoleInfo.java:updateAndGet(143)) - 9127dd83-037b-4d39-812f-66db56af525a: start FollowerState
2019-10-30 05:53:34,696 [Thread-1745] INFO  impl.FollowerState (FollowerState.java:run(108)) - 9127dd83-037b-4d39-812f-66db56af525a@group-BCADF287A12B-FollowerState: change to CANDIDATE, lastRpcTime:77ms, electionTimeout:77ms
2019-10-30 05:53:34,696 [Thread-1745] INFO  impl.RoleInfo (RoleInfo.java:shutdownFollowerState(121)) - 9127dd83-037b-4d39-812f-66db56af525a: shutdown FollowerState
2019-10-30 05:53:34,696 [Thread-1745] INFO  impl.RaftServerImpl (RaftServerImpl.java:setRole(184)) - 9127dd83-037b-4d39-812f-66db56af525a@group-BCADF287A12B: changes role from  FOLLOWER to CANDIDATE at term 249 for changeToCandidate
2019-10-30 05:53:34,696 [Thread-1745] INFO  impl.RoleInfo (RoleInfo.java:updateAndGet(143)) - 9127dd83-037b-4d39-812f-66db56af525a: start LeaderElection
2019-10-30 05:53:34,709 [9127dd83-037b-4d39-812f-66db56af525a@group-BCADF287A12B-LeaderElection227] INFO  impl.LeaderElection (LeaderElection.java:askForVotes(178)) - 9127dd83-037b-4d39-812f-66db56af525a@group-BCADF287A12B-LeaderElection227: begin an election at term 250 for -1: [7fae3aed-4e76-4283-a599-f93f794625ab:192.168.34.21:41352, 58095e90-3010-492a-9083-43cf2e035c3f:192.168.34.21:45284, 9127dd83-037b-4d39-812f-66db56af525a:192.168.34.21:42063], old=null
2019-10-30 05:53:34,712 [grpc-default-executor-1] INFO  impl.RaftServerImpl (RaftServerImpl.java:setRole(184)) - 7fae3aed-4e76-4283-a599-f93f794625ab@group-BCADF287A12B: changes role from  FOLLOWER to FOLLOWER at term 250 for recognizeCandidate:9127dd83-037b-4d39-812f-66db56af525a
2019-10-30 05:53:34,712 [grpc-default-executor-3] INFO  impl.RaftServerImpl (RaftServerImpl.java:setRole(184)) - 58095e90-3010-492a-9083-43cf2e035c3f@group-BCADF287A12B: changes role from  FOLLOWER to FOLLOWER at term 250 for recognizeCandidate:9127dd83-037b-4d39-812f-66db56af525a
2019-10-30 05:53:34,712 [grpc-default-executor-1] INFO  impl.RoleInfo (RoleInfo.java:shutdownFollowerState(121)) - 7fae3aed-4e76-4283-a599-f93f794625ab: shutdown FollowerState
2019-10-30 05:53:34,712 [grpc-default-executor-3] INFO  impl.RoleInfo (RoleInfo.java:shutdownFollowerState(121)) - 58095e90-3010-492a-9083-43cf2e035c3f: shutdown FollowerState
2019-10-30 05:53:34,712 [grpc-default-executor-1] INFO  impl.RoleInfo (RoleInfo.java:updateAndGet(143)) - 7fae3aed-4e76-4283-a599-f93f794625ab: start FollowerState
2019-10-30 05:53:34,712 [Thread-1743] INFO  impl.FollowerState (FollowerState.java:run(117)) - 7fae3aed-4e76-4283-a599-f93f794625ab@group-BCADF287A12B-FollowerState was interrupted: java.lang.InterruptedException: sleep interrupted
2019-10-30 05:53:34,712 [Thread-1744] INFO  impl.FollowerState (FollowerState.java:run(117)) - 58095e90-3010-492a-9083-43cf2e035c3f@group-BCADF287A12B-FollowerState was interrupted: java.lang.InterruptedException: sleep interrupted
2019-10-30 05:53:34,712 [grpc-default-executor-3] INFO  impl.RoleInfo (RoleInfo.java:updateAndGet(143)) - 58095e90-3010-492a-9083-43cf2e035c3f: start FollowerState
2019-10-30 05:53:34,734 [9127dd83-037b-4d39-812f-66db56af525a@group-BCADF287A12B-LeaderElection227] INFO  impl.LeaderElection (LeaderElection.java:logAndReturn(56)) - 9127dd83-037b-4d39-812f-66db56af525a@group-BCADF287A12B-LeaderElection227: Election REJECTED; received 2 response(s) [9127dd83-037b-4d39-812f-66db56af525a<-7fae3aed-4e76-4283-a599-f93f794625ab#0:FAIL-t250, 9127dd83-037b-4d39-812f-66db56af525a<-58095e90-3010-492a-9083-43cf2e035c3f#0:FAIL-t250] and 0 exception(s); 9127dd83-037b-4d39-812f-66db56af525a@group-BCADF287A12B:t250, leader=null, voted=9127dd83-037b-4d39-812f-66db56af525a, raftlog=9127dd83-037b-4d39-812f-66db56af525a@group-BCADF287A12B-SegmentedRaftLog:OPENED:c-1,f-1,i0, conf=-1: [7fae3aed-4e76-4283-a599-f93f794625ab:192.168.34.21:41352, 58095e90-3010-492a-9083-43cf2e035c3f:192.168.34.21:45284, 9127dd83-037b-4d39-812f-66db56af525a:192.168.34.21:42063], old=null
2019-10-30 05:53:34,734 [9127dd83-037b-4d39-812f-66db56af525a@group-BCADF287A12B-LeaderElection227] INFO  impl.RaftServerImpl (RaftServerImpl.java:setRole(184)) - 9127dd83-037b-4d39-812f-66db56af525a@group-BCADF287A12B: changes role from CANDIDATE to FOLLOWER at term 250 for DISCOVERED_A_NEW_TERM
2019-10-30 05:53:34,734 [9127dd83-037b-4d39-812f-66db56af525a@group-BCADF287A12B-LeaderElection227] INFO  impl.RoleInfo (RoleInfo.java:shutdownLeaderElection(134)) - 9127dd83-037b-4d39-812f-66db56af525a: shutdown LeaderElection
2019-10-30 05:53:34,734 [9127dd83-037b-4d39-812f-66db56af525a@group-BCADF287A12B-LeaderElection227] INFO  impl.RoleInfo (RoleInfo.java:updateAndGet(143)) - 9127dd83-037b-4d39-812f-66db56af525a: start FollowerState
2019-10-30 05:53:34,743 [Thread-1751] INFO  impl.FollowerState (FollowerState.java:run(108)) - 9127dd83-037b-4d39-812f-66db56af525a@group-BCADF287A12B-FollowerState: change to CANDIDATE, lastRpcTime:8ms, electionTimeout:8ms
2019-10-30 05:53:34,743 [Thread-1751] INFO  impl.RoleInfo (RoleInfo.java:shutdownFollowerState(121)) - 9127dd83-037b-4d39-812f-66db56af525a: shutdown FollowerState
2019-10-30 05:53:34,743 [Thread-1751] INFO  impl.RaftServerImpl (RaftServerImpl.java:setRole(184)) - 9127dd83-037b-4d39-812f-66db56af525a@group-BCADF287A12B: changes role from  FOLLOWER to CANDIDATE at term 250 for changeToCandidate
2019-10-30 05:53:34,743 [Thread-1751] INFO  impl.RoleInfo (RoleInfo.java:updateAndGet(143)) - 9127dd83-037b-4d39-812f-66db56af525a: start LeaderElection
2019-10-30 05:53:34,757 [9127dd83-037b-4d39-812f-66db56af525a@group-BCADF287A12B-LeaderElection228] INFO  impl.LeaderElection (LeaderElection.java:askForVotes(178)) - 9127dd83-037b-4d39-812f-66db56af525a@group-BCADF287A12B-LeaderElection228: begin an election at term 251 for -1: [7fae3aed-4e76-4283-a599-f93f794625ab:192.168.34.21:41352, 58095e90-3010-492a-9083-43cf2e035c3f:192.168.34.21:45284, 9127dd83-037b-4d39-812f-66db56af525a:192.168.34.21:42063], old=null
2019-10-30 05:53:34,759 [grpc-default-executor-1] INFO  impl.RaftServerImpl (RaftServerImpl.java:setRole(184)) - 58095e90-3010-492a-9083-43cf2e035c3f@group-BCADF287A12B: changes role from  FOLLOWER to FOLLOWER at term 251 for recognizeCandidate:9127dd83-037b-4d39-812f-66db56af525a
2019-10-30 05:53:34,759 [grpc-default-executor-3] INFO  impl.RaftServerImpl (RaftServerImpl.java:setRole(184)) - 7fae3aed-4e76-4283-a599-f93f794625ab@group-BCADF287A12B: changes role from  FOLLOWER to FOLLOWER at term 251 for recognizeCandidate:9127dd83-037b-4d39-812f-66db56af525a
2019-10-30 05:53:34,759 [grpc-default-executor-1] INFO  impl.RoleInfo (RoleInfo.java:shutdownFollowerState(121)) - 58095e90-3010-492a-9083-43cf2e035c3f: shutdown FollowerState
2019-10-30 05:53:34,759 [grpc-default-executor-3] INFO  impl.RoleInfo (RoleInfo.java:shutdownFollowerState(121)) - 7fae3aed-4e76-4283-a599-f93f794625ab: shutdown FollowerState
2019-10-30 05:53:34,759 [Thread-1750] INFO  impl.FollowerState (FollowerState.java:run(117)) - 58095e90-3010-492a-9083-43cf2e035c3f@group-BCADF287A12B-FollowerState was interrupted: java.lang.InterruptedException: sleep interrupted
2019-10-30 05:53:34,759 [grpc-default-executor-1] INFO  impl.RoleInfo (RoleInfo.java:updateAndGet(143)) - 58095e90-3010-492a-9083-43cf2e035c3f: start FollowerState
2019-10-30 05:53:34,760 [Thread-1749] INFO  impl.FollowerState (FollowerState.java:run(117)) - 7fae3aed-4e76-4283-a599-f93f794625ab@group-BCADF287A12B-FollowerState was interrupted: java.lang.InterruptedException: sleep interrupted
2019-10-30 05:53:34,759 [grpc-default-executor-3] INFO  impl.RoleInfo (RoleInfo.java:updateAndGet(143)) - 7fae3aed-4e76-4283-a599-f93f794625ab: start FollowerState
2019-10-30 05:53:34,774 [9127dd83-037b-4d39-812f-66db56af525a@group-BCADF287A12B-LeaderElection228] INFO  impl.LeaderElection (LeaderElection.java:logAndReturn(56)) - 9127dd83-037b-4d39-812f-66db56af525a@group-BCADF287A12B-LeaderElection228: Election REJECTED; received 2 response(s) [9127dd83-037b-4d39-812f-66db56af525a<-7fae3aed-4e76-4283-a599-f93f794625ab#0:FAIL-t251, 9127dd83-037b-4d39-812f-66db56af525a<-58095e90-3010-492a-9083-43cf2e035c3f#0:FAIL-t251] and 0 exception(s); 9127dd83-037b-4d39-812f-66db56af525a@group-BCADF287A12B:t251, leader=null, voted=9127dd83-037b-4d39-812f-66db56af525a, raftlog=9127dd83-037b-4d39-812f-66db56af525a@group-BCADF287A12B-SegmentedRaftLog:OPENED:c-1,f-1,i0, conf=-1: [7fae3aed-4e76-4283-a599-f93f794625ab:192.168.34.21:41352, 58095e90-3010-492a-9083-43cf2e035c3f:192.168.34.21:45284, 9127dd83-037b-4d39-812f-66db56af525a:192.168.34.21:42063], old=null
2019-10-30 05:53:34,774 [9127dd83-037b-4d39-812f-66db56af525a@group-BCADF287A12B-LeaderElection228] INFO  impl.RaftServerImpl (RaftServerImpl.java:setRole(184)) - 9127dd83-037b-4d39-812f-66db56af525a@group-BCADF287A12B: changes role from CANDIDATE to FOLLOWER at term 251 for DISCOVERED_A_NEW_TERM
2019-10-30 05:53:34,774 [9127dd83-037b-4d39-812f-66db56af525a@group-BCADF287A12B-LeaderElection228] INFO  impl.RoleInfo (RoleInfo.java:shutdownLeaderElection(134)) - 9127dd83-037b-4d39-812f-66db56af525a: shutdown LeaderElection
2019-10-30 05:53:34,775 [9127dd83-037b-4d39-812f-66db56af525a@group-BCADF287A12B-LeaderElection228] INFO  impl.RoleInfo (RoleInfo.java:updateAndGet(143)) - 9127dd83-037b-4d39-812f-66db56af525a: start FollowerState
2019-10-30 05:53:34,967 [Thread-1757] INFO  impl.FollowerState (FollowerState.java:run(108)) - 9127dd83-037b-4d39-812f-66db56af525a@group-BCADF287A12B-FollowerState: change to CANDIDATE, lastRpcTime:192ms, electionTimeout:192ms
2019-10-30 05:53:34,967 [Thread-1757] INFO  impl.RoleInfo (RoleInfo.java:shutdownFollowerState(121)) - 9127dd83-037b-4d39-812f-66db56af525a: shutdown FollowerState
2019-10-30 05:53:34,967 [Thread-1757] INFO  impl.RaftServerImpl (RaftServerImpl.java:setRole(184)) - 9127dd83-037b-4d39-812f-66db56af525a@group-BCADF287A12B: changes role from  FOLLOWER to CANDIDATE at term 251 for changeToCandidate
2019-10-30 05:53:34,968 [Thread-1757] INFO  impl.RoleInfo (RoleInfo.java:updateAndGet(143)) - 9127dd83-037b-4d39-812f-66db56af525a: start LeaderElection
2019-10-30 05:53:34,981 [9127dd83-037b-4d39-812f-66db56af525a@group-BCADF287A12B-LeaderElection229] INFO  impl.LeaderElection (LeaderElection.java:askForVotes(178)) - 9127dd83-037b-4d39-812f-66db56af525a@group-BCADF287A12B-LeaderElection229: begin an election at term 252 for -1: [7fae3aed-4e76-4283-a599-f93f794625ab:192.168.34.21:41352, 58095e90-3010-492a-9083-43cf2e035c3f:192.168.34.21:45284, 9127dd83-037b-4d39-812f-66db56af525a:192.168.34.21:42063], old=null
2019-10-30 05:53:34,985 [grpc-default-executor-1] INFO  impl.RaftServerImpl (RaftServerImpl.java:setRole(184)) - 58095e90-3010-492a-9083-43cf2e035c3f@group-BCADF287A12B: changes role from  FOLLOWER to FOLLOWER at term 252 for recognizeCandidate:9127dd83-037b-4d39-812f-66db56af525a
2019-10-30 05:53:34,985 [grpc-default-executor-1] INFO  impl.RoleInfo (RoleInfo.java:shutdownFollowerState(121)) - 58095e90-3010-492a-9083-43cf2e035c3f: shutdown FollowerState
2019-10-30 05:53:34,985 [grpc-default-executor-3] INFO  impl.RaftServerImpl (RaftServerImpl.java:setRole(184)) - 7fae3aed-4e76-4283-a599-f93f794625ab@group-BCADF287A12B: changes role from  FOLLOWER to FOLLOWER at term 252 for recognizeCandidate:9127dd83-037b-4d39-812f-66db56af525a
2019-10-30 05:53:34,985 [grpc-default-executor-3] INFO  impl.RoleInfo (RoleInfo.java:shutdownFollowerState(121)) - 7fae3aed-4e76-4283-a599-f93f794625ab: shutdown FollowerState
2019-10-30 05:53:34,985 [Thread-1755] INFO  impl.FollowerState (FollowerState.java:run(117)) - 58095e90-3010-492a-9083-43cf2e035c3f@group-BCADF287A12B-FollowerState was interrupted: java.lang.InterruptedException: sleep interrupted
2019-10-30 05:53:34,985 [grpc-default-executor-1] INFO  impl.RoleInfo (RoleInfo.java:updateAndGet(143)) - 58095e90-3010-492a-9083-43cf2e035c3f: start FollowerState
2019-10-30 05:53:34,985 [Thread-1756] INFO  impl.FollowerState (FollowerState.java:run(117)) - 7fae3aed-4e76-4283-a599-f93f794625ab@group-BCADF287A12B-FollowerState was interrupted: java.lang.InterruptedException: sleep interrupted
2019-10-30 05:53:34,985 [grpc-default-executor-3] INFO  impl.RoleInfo (RoleInfo.java:updateAndGet(143)) - 7fae3aed-4e76-4283-a599-f93f794625ab: start FollowerState
2019-10-30 05:53:35,000 [9127dd83-037b-4d39-812f-66db56af525a@group-BCADF287A12B-LeaderElection229] INFO  impl.LeaderElection (LeaderElection.java:logAndReturn(56)) - 9127dd83-037b-4d39-812f-66db56af525a@group-BCADF287A12B-LeaderElection229: Election REJECTED; received 2 response(s) [9127dd83-037b-4d39-812f-66db56af525a<-7fae3aed-4e76-4283-a599-f93f794625ab#0:FAIL-t252, 9127dd83-037b-4d39-812f-66db56af525a<-58095e90-3010-492a-9083-43cf2e035c3f#0:FAIL-t252] and 0 exception(s); 9127dd83-037b-4d39-812f-66db56af525a@group-BCADF287A12B:t252, leader=null, voted=9127dd83-037b-4d39-812f-66db56af525a, raftlog=9127dd83-037b-4d39-812f-66db56af525a@group-BCADF287A12B-SegmentedRaftLog:OPENED:c-1,f-1,i0, conf=-1: [7fae3aed-4e76-4283-a599-f93f794625ab:192.168.34.21:41352, 58095e90-3010-492a-9083-43cf2e035c3f:192.168.34.21:45284, 9127dd83-037b-4d39-812f-66db56af525a:192.168.34.21:42063], old=null
2019-10-30 05:53:35,001 [9127dd83-037b-4d39-812f-66db56af525a@group-BCADF287A12B-LeaderElection229] INFO  impl.RaftServerImpl (RaftServerImpl.java:setRole(184)) - 9127dd83-037b-4d39-812f-66db56af525a@group-BCADF287A12B: changes role from CANDIDATE to FOLLOWER at term 252 for DISCOVERED_A_NEW_TERM
2019-10-30 05:53:35,001 [9127dd83-037b-4d39-812f-66db56af525a@group-BCADF287A12B-LeaderElection229] INFO  impl.RoleInfo (RoleInfo.java:shutdownLeaderElection(134)) - 9127dd83-037b-4d39-812f-66db56af525a: shutdown LeaderElection
2019-10-30 05:53:35,001 [9127dd83-037b-4d39-812f-66db56af525a@group-BCADF287A12B-LeaderElection229] INFO  impl.RoleInfo (RoleInfo.java:updateAndGet(143)) - 9127dd83-037b-4d39-812f-66db56af525a: start FollowerState
2019-10-30 05:53:35,092 [Thread-1763] INFO  impl.FollowerState (FollowerState.java:run(108)) - 9127dd83-037b-4d39-812f-66db56af525a@group-BCADF287A12B-FollowerState: change to CANDIDATE, lastRpcTime:91ms, electionTimeout:91ms
2019-10-30 05:53:35,093 [Thread-1763] INFO  impl.RoleInfo (RoleInfo.java:shutdownFollowerState(121)) - 9127dd83-037b-4d39-812f-66db56af525a: shutdown FollowerState
2019-10-30 05:53:35,093 [Thread-1763] INFO  impl.RaftServerImpl (RaftServerImpl.java:setRole(184)) - 9127dd83-037b-4d39-812f-66db56af525a@group-BCADF287A12B: changes role from  FOLLOWER to CANDIDATE at term 252 for changeToCandidate
2019-10-30 05:53:35,093 [Thread-1763] INFO  impl.RoleInfo (RoleInfo.java:updateAndGet(143)) - 9127dd83-037b-4d39-812f-66db56af525a: start LeaderElection
2019-10-30 05:53:35,107 [9127dd83-037b-4d39-812f-66db56af525a@group-BCADF287A12B-LeaderElection230] INFO  impl.LeaderElection (LeaderElection.java:askForVotes(178)) - 9127dd83-037b-4d39-812f-66db56af525a@group-BCADF287A12B-LeaderElection230: begin an election at term 253 for -1: [7fae3aed-4e76-4283-a599-f93f794625ab:192.168.34.21:41352, 58095e90-3010-492a-9083-43cf2e035c3f:192.168.34.21:45284, 9127dd83-037b-4d39-812f-66db56af525a:192.168.34.21:42063], old=null
2019-10-30 05:53:35,109 [grpc-default-executor-1] INFO  impl.RaftServerImpl (RaftServerImpl.java:setRole(184)) - 7fae3aed-4e76-4283-a599-f93f794625ab@group-BCADF287A12B: changes role from  FOLLOWER to FOLLOWER at term 253 for recognizeCandidate:9127dd83-037b-4d39-812f-66db56af525a
2019-10-30 05:53:35,109 [grpc-default-executor-3] INFO  impl.RaftServerImpl (RaftServerImpl.java:setRole(184)) - 58095e90-3010-492a-9083-43cf2e035c3f@group-BCADF287A12B: changes role from  FOLLOWER to FOLLOWER at term 253 for recognizeCandidate:9127dd83-037b-4d39-812f-66db56af525a
2019-10-30 05:53:35,109 [grpc-default-executor-1] INFO  impl.RoleInfo (RoleInfo.java:shutdownFollowerState(121)) - 7fae3aed-4e76-4283-a599-f93f794625ab: shutdown FollowerState
2019-10-30 05:53:35,109 [grpc-default-executor-3] INFO  impl.RoleInfo (RoleInfo.java:shutdownFollowerState(121)) - 58095e90-3010-492a-9083-43cf2e035c3f: shutdown FollowerState
2019-10-30 05:53:35,110 [Thread-1762] INFO  impl.FollowerState (FollowerState.java:run(117)) - 7fae3aed-4e76-4283-a599-f93f794625ab@group-BCADF287A12B-FollowerState was interrupted: java.lang.InterruptedException: sleep interrupted
2019-10-30 05:53:35,109 [grpc-default-executor-1] INFO  impl.RoleInfo (RoleInfo.java:updateAndGet(143)) - 7fae3aed-4e76-4283-a599-f93f794625ab: start FollowerState
2019-10-30 05:53:35,110 [Thread-1761] INFO  impl.FollowerState (FollowerState.java:run(117)) - 58095e90-3010-492a-9083-43cf2e035c3f@group-BCADF287A12B-FollowerState was interrupted: java.lang.InterruptedException: sleep interrupted
2019-10-30 05:53:35,110 [grpc-default-executor-3] INFO  impl.RoleInfo (RoleInfo.java:updateAndGet(143)) - 58095e90-3010-492a-9083-43cf2e035c3f: start FollowerState
2019-10-30 05:53:35,122 [9127dd83-037b-4d39-812f-66db56af525a@group-BCADF287A12B-LeaderElection230] INFO  impl.LeaderElection (LeaderElection.java:logAndReturn(56)) - 9127dd83-037b-4d39-812f-66db56af525a@group-BCADF287A12B-LeaderElection230: Election TIMEOUT; received 0 response(s) [] and 0 exception(s); 9127dd83-037b-4d39-812f-66db56af525a@group-BCADF287A12B:t253, leader=null, voted=9127dd83-037b-4d39-812f-66db56af525a, raftlog=9127dd83-037b-4d39-812f-66db56af525a@group-BCADF287A12B-SegmentedRaftLog:OPENED:c-1,f-1,i0, conf=-1: [7fae3aed-4e76-4283-a599-f93f794625ab:192.168.34.21:41352, 58095e90-3010-492a-9083-43cf2e035c3f:192.168.34.21:45284, 9127dd83-037b-4d39-812f-66db56af525a:192.168.34.21:42063], old=null
2019-10-30 05:53:35,125 [9127dd83-037b-4d39-812f-66db56af525a@group-BCADF287A12B-LeaderElection230] INFO  impl.LeaderElection (LeaderElection.java:askForVotes(178)) - 9127dd83-037b-4d39-812f-66db56af525a@group-BCADF287A12B-LeaderElection230: begin an election at term 254 for -1: [7fae3aed-4e76-4283-a599-f93f794625ab:192.168.34.21:41352, 58095e90-3010-492a-9083-43cf2e035c3f:192.168.34.21:45284, 9127dd83-037b-4d39-812f-66db56af525a:192.168.34.21:42063], old=null
2019-10-30 05:53:35,127 [grpc-default-executor-1] INFO  impl.RaftServerImpl (RaftServerImpl.java:setRole(184)) - 7fae3aed-4e76-4283-a599-f93f794625ab@group-BCADF287A12B: changes role from  FOLLOWER to FOLLOWER at term 254 for recognizeCandidate:9127dd83-037b-4d39-812f-66db56af525a
2019-10-30 05:53:35,127 [grpc-default-executor-1] INFO  impl.RoleInfo (RoleInfo.java:shutdownFollowerState(121)) - 7fae3aed-4e76-4283-a599-f93f794625ab: shutdown FollowerState
2019-10-30 05:53:35,127 [grpc-default-executor-3] INFO  impl.RaftServerImpl (RaftServerImpl.java:setRole(184)) - 58095e90-3010-492a-9083-43cf2e035c3f@group-BCADF287A12B: changes role from  FOLLOWER to FOLLOWER at term 254 for recognizeCandidate:9127dd83-037b-4d39-812f-66db56af525a
2019-10-30 05:53:35,127 [grpc-default-executor-3] INFO  impl.RoleInfo (RoleInfo.java:shutdownFollowerState(121)) - 58095e90-3010-492a-9083-43cf2e035c3f: shutdown FollowerState
2019-10-30 05:53:35,127 [Thread-1767] INFO  impl.FollowerState (FollowerState.java:run(117)) - 7fae3aed-4e76-4283-a599-f93f794625ab@group-BCADF287A12B-FollowerState was interrupted: java.lang.InterruptedException: sleep interrupted
2019-10-30 05:53:35,127 [grpc-default-executor-1] INFO  impl.RoleInfo (RoleInfo.java:updateAndGet(143)) - 7fae3aed-4e76-4283-a599-f93f794625ab: start FollowerState
2019-10-30 05:53:35,127 [Thread-1768] INFO  impl.FollowerState (FollowerState.java:run(117)) - 58095e90-3010-492a-9083-43cf2e035c3f@group-BCADF287A12B-FollowerState was interrupted: java.lang.InterruptedException: sleep interrupted
2019-10-30 05:53:35,127 [grpc-default-executor-3] INFO  impl.RoleInfo (RoleInfo.java:updateAndGet(143)) - 58095e90-3010-492a-9083-43cf2e035c3f: start FollowerState
2019-10-30 05:53:35,141 [9127dd83-037b-4d39-812f-66db56af525a@group-BCADF287A12B-LeaderElection230] INFO  impl.LeaderElection (LeaderElection.java:logAndReturn(56)) - 9127dd83-037b-4d39-812f-66db56af525a@group-BCADF287A12B-LeaderElection230: Election REJECTED; received 2 response(s) [9127dd83-037b-4d39-812f-66db56af525a<-7fae3aed-4e76-4283-a599-f93f794625ab#0:FAIL-t254, 9127dd83-037b-4d39-812f-66db56af525a<-58095e90-3010-492a-9083-43cf2e035c3f#0:FAIL-t254] and 0 exception(s); 9127dd83-037b-4d39-812f-66db56af525a@group-BCADF287A12B:t254, leader=null, voted=9127dd83-037b-4d39-812f-66db56af525a, raftlog=9127dd83-037b-4d39-812f-66db56af525a@group-BCADF287A12B-SegmentedRaftLog:OPENED:c-1,f-1,i0, conf=-1: [7fae3aed-4e76-4283-a599-f93f794625ab:192.168.34.21:41352, 58095e90-3010-492a-9083-43cf2e035c3f:192.168.34.21:45284, 9127dd83-037b-4d39-812f-66db56af525a:192.168.34.21:42063], old=null
2019-10-30 05:53:35,141 [9127dd83-037b-4d39-812f-66db56af525a@group-BCADF287A12B-LeaderElection230] INFO  impl.RaftServerImpl (RaftServerImpl.java:setRole(184)) - 9127dd83-037b-4d39-812f-66db56af525a@group-BCADF287A12B: changes role from CANDIDATE to FOLLOWER at term 254 for DISCOVERED_A_NEW_TERM
2019-10-30 05:53:35,141 [9127dd83-037b-4d39-812f-66db56af525a@group-BCADF287A12B-LeaderElection230] INFO  impl.RoleInfo (RoleInfo.java:shutdownLeaderElection(134)) - 9127dd83-037b-4d39-812f-66db56af525a: shutdown LeaderElection
2019-10-30 05:53:35,142 [9127dd83-037b-4d39-812f-66db56af525a@group-BCADF287A12B-LeaderElection230] INFO  impl.RoleInfo (RoleInfo.java:updateAndGet(143)) - 9127dd83-037b-4d39-812f-66db56af525a: start FollowerState
2019-10-30 05:53:35,305 [Thread-1773] INFO  impl.FollowerState (FollowerState.java:run(108)) - 9127dd83-037b-4d39-812f-66db56af525a@group-BCADF287A12B-FollowerState: change to CANDIDATE, lastRpcTime:163ms, electionTimeout:163ms
2019-10-30 05:53:35,305 [Thread-1773] INFO  impl.RoleInfo (RoleInfo.java:shutdownFollowerState(121)) - 9127dd83-037b-4d39-812f-66db56af525a: shutdown FollowerState
2019-10-30 05:53:35,305 [Thread-1773] INFO  impl.RaftServerImpl (RaftServerImpl.java:setRole(184)) - 9127dd83-037b-4d39-812f-66db56af525a@group-BCADF287A12B: changes role from  FOLLOWER to CANDIDATE at term 254 for changeToCandidate
2019-10-30 05:53:35,306 [Thread-1773] INFO  impl.RoleInfo (RoleInfo.java:updateAndGet(143)) - 9127dd83-037b-4d39-812f-66db56af525a: start LeaderElection
2019-10-30 05:53:35,319 [9127dd83-037b-4d39-812f-66db56af525a@group-BCADF287A12B-LeaderElection231] INFO  impl.LeaderElection (LeaderElection.java:askForVotes(178)) - 9127dd83-037b-4d39-812f-66db56af525a@group-BCADF287A12B-LeaderElection231: begin an election at term 255 for -1: [7fae3aed-4e76-4283-a599-f93f794625ab:192.168.34.21:41352, 58095e90-3010-492a-9083-43cf2e035c3f:192.168.34.21:45284, 9127dd83-037b-4d39-812f-66db56af525a:192.168.34.21:42063], old=null
2019-10-30 05:53:35,321 [grpc-default-executor-1] INFO  impl.RaftServerImpl (RaftServerImpl.java:setRole(184)) - 58095e90-3010-492a-9083-43cf2e035c3f@group-BCADF287A12B: changes role from  FOLLOWER to FOLLOWER at term 255 for recognizeCandidate:9127dd83-037b-4d39-812f-66db56af525a
2019-10-30 05:53:35,321 [grpc-default-executor-3] INFO  impl.RaftServerImpl (RaftServerImpl.java:setRole(184)) - 7fae3aed-4e76-4283-a599-f93f794625ab@group-BCADF287A12B: changes role from  FOLLOWER to FOLLOWER at term 255 for recognizeCandidate:9127dd83-037b-4d39-812f-66db56af525a
2019-10-30 05:53:35,322 [grpc-default-executor-1] INFO  impl.RoleInfo (RoleInfo.java:shutdownFollowerState(121)) - 58095e90-3010-492a-9083-43cf2e035c3f: shutdown FollowerState
2019-10-30 05:53:35,322 [grpc-default-executor-3] INFO  impl.RoleInfo (RoleInfo.java:shutdownFollowerState(121)) - 7fae3aed-4e76-4283-a599-f93f794625ab: shutdown FollowerState
2019-10-30 05:53:35,322 [Thread-1772] INFO  impl.FollowerState (FollowerState.java:run(117)) - 58095e90-3010-492a-9083-43cf2e035c3f@group-BCADF287A12B-FollowerState was interrupted: java.lang.InterruptedException: sleep interrupted
2019-10-30 05:53:35,322 [grpc-default-executor-1] INFO  impl.RoleInfo (RoleInfo.java:updateAndGet(143)) - 58095e90-3010-492a-9083-43cf2e035c3f: start FollowerState
2019-10-30 05:53:35,322 [Thread-1771] INFO  impl.FollowerState (FollowerState.java:run(117)) - 7fae3aed-4e76-4283-a599-f93f794625ab@group-BCADF287A12B-FollowerState was interrupted: java.lang.InterruptedException: sleep interrupted
2019-10-30 05:53:35,322 [grpc-default-executor-3] INFO  impl.RoleInfo (RoleInfo.java:updateAndGet(143)) - 7fae3aed-4e76-4283-a599-f93f794625ab: start FollowerState
2019-10-30 05:53:35,342 [9127dd83-037b-4d39-812f-66db56af525a@group-BCADF287A12B-LeaderElection231] INFO  impl.LeaderElection (LeaderElection.java:logAndReturn(56)) - 9127dd83-037b-4d39-812f-66db56af525a@group-BCADF287A12B-LeaderElection231: Election REJECTED; received 2 response(s) [9127dd83-037b-4d39-812f-66db56af525a<-7fae3aed-4e76-4283-a599-f93f794625ab#0:FAIL-t255, 9127dd83-037b-4d39-812f-66db56af525a<-58095e90-3010-492a-9083-43cf2e035c3f#0:FAIL-t255] and 0 exception(s); 9127dd83-037b-4d39-812f-66db56af525a@group-BCADF287A12B:t255, leader=null, voted=9127dd83-037b-4d39-812f-66db56af525a, raftlog=9127dd83-037b-4d39-812f-66db56af525a@group-BCADF287A12B-SegmentedRaftLog:OPENED:c-1,f-1,i0, conf=-1: [7fae3aed-4e76-4283-a599-f93f794625ab:192.168.34.21:41352, 58095e90-3010-492a-9083-43cf2e035c3f:192.168.34.21:45284, 9127dd83-037b-4d39-812f-66db56af525a:192.168.34.21:42063], old=null
2019-10-30 05:53:35,343 [9127dd83-037b-4d39-812f-66db56af525a@group-BCADF287A12B-LeaderElection231] INFO  impl.RaftServerImpl (RaftServerImpl.java:setRole(184)) - 9127dd83-037b-4d39-812f-66db56af525a@group-BCADF287A12B: changes role from CANDIDATE to FOLLOWER at term 255 for DISCOVERED_A_NEW_TERM
2019-10-30 05:53:35,343 [9127dd83-037b-4d39-812f-66db56af525a@group-BCADF287A12B-LeaderElection231] INFO  impl.RoleInfo (RoleInfo.java:shutdownLeaderElection(134)) - 9127dd83-037b-4d39-812f-66db56af525a: shutdown LeaderElection
2019-10-30 05:53:35,343 [9127dd83-037b-4d39-812f-66db56af525a@group-BCADF287A12B-LeaderElection231] INFO  impl.RoleInfo (RoleInfo.java:updateAndGet(143)) - 9127dd83-037b-4d39-812f-66db56af525a: start FollowerState
2019-10-30 05:53:35,355 [Thread-1781] INFO  impl.FollowerState (FollowerState.java:run(108)) - 9127dd83-037b-4d39-812f-66db56af525a@group-BCADF287A12B-FollowerState: change to CANDIDATE, lastRpcTime:12ms, electionTimeout:12ms
2019-10-30 05:53:35,356 [Thread-1781] INFO  impl.RoleInfo (RoleInfo.java:shutdownFollowerState(121)) - 9127dd83-037b-4d39-812f-66db56af525a: shutdown FollowerState
2019-10-30 05:53:35,356 [Thread-1781] INFO  impl.RaftServerImpl (RaftServerImpl.java:setRole(184)) - 9127dd83-037b-4d39-812f-66db56af525a@group-BCADF287A12B: changes role from  FOLLOWER to CANDIDATE at term 255 for changeToCandidate
2019-10-30 05:53:35,356 [Thread-1781] INFO  impl.RoleInfo (RoleInfo.java:updateAndGet(143)) - 9127dd83-037b-4d39-812f-66db56af525a: start LeaderElection
2019-10-30 05:53:35,370 [9127dd83-037b-4d39-812f-66db56af525a@group-BCADF287A12B-LeaderElection232] INFO  impl.LeaderElection (LeaderElection.java:askForVotes(178)) - 9127dd83-037b-4d39-812f-66db56af525a@group-BCADF287A12B-LeaderElection232: begin an election at term 256 for -1: [7fae3aed-4e76-4283-a599-f93f794625ab:192.168.34.21:41352, 58095e90-3010-492a-9083-43cf2e035c3f:192.168.34.21:45284, 9127dd83-037b-4d39-812f-66db56af525a:192.168.34.21:42063], old=null
2019-10-30 05:53:35,372 [grpc-default-executor-1] INFO  impl.RaftServerImpl (RaftServerImpl.java:setRole(184)) - 7fae3aed-4e76-4283-a599-f93f794625ab@group-BCADF287A12B: changes role from  FOLLOWER to FOLLOWER at term 256 for recognizeCandidate:9127dd83-037b-4d39-812f-66db56af525a
2019-10-30 05:53:35,372 [grpc-default-executor-2] INFO  impl.RaftServerImpl (RaftServerImpl.java:setRole(184)) - 58095e90-3010-492a-9083-43cf2e035c3f@group-BCADF287A12B: changes role from  FOLLOWER to FOLLOWER at term 256 for recognizeCandidate:9127dd83-037b-4d39-812f-66db56af525a
2019-10-30 05:53:35,372 [grpc-default-executor-1] INFO  impl.RoleInfo (RoleInfo.java:shutdownFollowerState(121)) - 7fae3aed-4e76-4283-a599-f93f794625ab: shutdown FollowerState
2019-10-30 05:53:35,372 [grpc-default-executor-2] INFO  impl.RoleInfo (RoleInfo.java:shutdownFollowerState(121)) - 58095e90-3010-492a-9083-43cf2e035c3f: shutdown FollowerState
2019-10-30 05:53:35,372 [Thread-1778] INFO  impl.FollowerState (FollowerState.java:run(117)) - 7fae3aed-4e76-4283-a599-f93f794625ab@group-BCADF287A12B-FollowerState was interrupted: java.lang.InterruptedException: sleep interrupted
2019-10-30 05:53:35,372 [grpc-default-executor-1] INFO  impl.RoleInfo (RoleInfo.java:updateAndGet(143)) - 7fae3aed-4e76-4283-a599-f93f794625ab: start FollowerState
2019-10-30 05:53:35,372 [Thread-1777] INFO  impl.FollowerState (FollowerState.java:run(117)) - 58095e90-3010-492a-9083-43cf2e035c3f@group-BCADF287A12B-FollowerState was interrupted: java.lang.InterruptedException: sleep interrupted
2019-10-30 05:53:35,372 [grpc-default-executor-2] INFO  impl.RoleInfo (RoleInfo.java:updateAndGet(143)) - 58095e90-3010-492a-9083-43cf2e035c3f: start FollowerState
2019-10-30 05:53:35,387 [9127dd83-037b-4d39-812f-66db56af525a@group-BCADF287A12B-LeaderElection232] INFO  impl.LeaderElection (LeaderElection.java:logAndReturn(56)) - 9127dd83-037b-4d39-812f-66db56af525a@group-BCADF287A12B-LeaderElection232: Election REJECTED; received 2 response(s) [9127dd83-037b-4d39-812f-66db56af525a<-7fae3aed-4e76-4283-a599-f93f794625ab#0:FAIL-t256, 9127dd83-037b-4d39-812f-66db56af525a<-58095e90-3010-492a-9083-43cf2e035c3f#0:FAIL-t256] and 0 exception(s); 9127dd83-037b-4d39-812f-66db56af525a@group-BCADF287A12B:t256, leader=null, voted=9127dd83-037b-4d39-812f-66db56af525a, raftlog=9127dd83-037b-4d39-812f-66db56af525a@group-BCADF287A12B-SegmentedRaftLog:OPENED:c-1,f-1,i0, conf=-1: [7fae3aed-4e76-4283-a599-f93f794625ab:192.168.34.21:41352, 58095e90-3010-492a-9083-43cf2e035c3f:192.168.34.21:45284, 9127dd83-037b-4d39-812f-66db56af525a:192.168.34.21:42063], old=null
2019-10-30 05:53:35,387 [9127dd83-037b-4d39-812f-66db56af525a@group-BCADF287A12B-LeaderElection232] INFO  impl.RaftServerImpl (RaftServerImpl.java:setRole(184)) - 9127dd83-037b-4d39-812f-66db56af525a@group-BCADF287A12B: changes role from CANDIDATE to FOLLOWER at term 256 for DISCOVERED_A_NEW_TERM
2019-10-30 05:53:35,387 [9127dd83-037b-4d39-812f-66db56af525a@group-BCADF287A12B-LeaderElection232] INFO  impl.RoleInfo (RoleInfo.java:shutdownLeaderElection(134)) - 9127dd83-037b-4d39-812f-66db56af525a: shutdown LeaderElection
2019-10-30 05:53:35,387 [9127dd83-037b-4d39-812f-66db56af525a@group-BCADF287A12B-LeaderElection232] INFO  impl.RoleInfo (RoleInfo.java:updateAndGet(143)) - 9127dd83-037b-4d39-812f-66db56af525a: start FollowerState
2019-10-30 05:53:35,501 [Thread-1787] INFO  impl.FollowerState (FollowerState.java:run(108)) - 9127dd83-037b-4d39-812f-66db56af525a@group-BCADF287A12B-FollowerState: change to CANDIDATE, lastRpcTime:113ms, electionTimeout:113ms
2019-10-30 05:53:35,501 [Thread-1787] INFO  impl.RoleInfo (RoleInfo.java:shutdownFollowerState(121)) - 9127dd83-037b-4d39-812f-66db56af525a: shutdown FollowerState
2019-10-30 05:53:35,501 [Thread-1787] INFO  impl.RaftServerImpl (RaftServerImpl.java:setRole(184)) - 9127dd83-037b-4d39-812f-66db56af525a@group-BCADF287A12B: changes role from  FOLLOWER to CANDIDATE at term 256 for changeToCandidate
2019-10-30 05:53:35,501 [Thread-1787] INFO  impl.RoleInfo (RoleInfo.java:updateAndGet(143)) - 9127dd83-037b-4d39-812f-66db56af525a: start LeaderElection
2019-10-30 05:53:35,515 [9127dd83-037b-4d39-812f-66db56af525a@group-BCADF287A12B-LeaderElection233] INFO  impl.LeaderElection (LeaderElection.java:askForVotes(178)) - 9127dd83-037b-4d39-812f-66db56af525a@group-BCADF287A12B-LeaderElection233: begin an election at term 257 for -1: [7fae3aed-4e76-4283-a599-f93f794625ab:192.168.34.21:41352, 58095e90-3010-492a-9083-43cf2e035c3f:192.168.34.21:45284, 9127dd83-037b-4d39-812f-66db56af525a:192.168.34.21:42063], old=null
2019-10-30 05:53:35,518 [grpc-default-executor-1] INFO  impl.RaftServerImpl (RaftServerImpl.java:setRole(184)) - 58095e90-3010-492a-9083-43cf2e035c3f@group-BCADF287A12B: changes role from  FOLLOWER to FOLLOWER at term 257 for recognizeCandidate:9127dd83-037b-4d39-812f-66db56af525a
2019-10-30 05:53:35,518 [grpc-default-executor-1] INFO  impl.RoleInfo (RoleInfo.java:shutdownFollowerState(121)) - 58095e90-3010-492a-9083-43cf2e035c3f: shutdown FollowerState
2019-10-30 05:53:35,518 [grpc-default-executor-2] INFO  impl.RaftServerImpl (RaftServerImpl.java:setRole(184)) - 7fae3aed-4e76-4283-a599-f93f794625ab@group-BCADF287A12B: changes role from  FOLLOWER to FOLLOWER at term 257 for recognizeCandidate:9127dd83-037b-4d39-812f-66db56af525a
2019-10-30 05:53:35,518 [Thread-1786] INFO  impl.FollowerState (FollowerState.java:run(117)) - 58095e90-3010-492a-9083-43cf2e035c3f@group-BCADF287A12B-FollowerState was interrupted: java.lang.InterruptedException: sleep interrupted
2019-10-30 05:53:35,518 [grpc-default-executor-1] INFO  impl.RoleInfo (RoleInfo.java:updateAndGet(143)) - 58095e90-3010-492a-9083-43cf2e035c3f: start FollowerState
2019-10-30 05:53:35,518 [grpc-default-executor-2] INFO  impl.RoleInfo (RoleInfo.java:shutdownFollowerState(121)) - 7fae3aed-4e76-4283-a599-f93f794625ab: shutdown FollowerState
2019-10-30 05:53:35,519 [grpc-default-executor-2] INFO  impl.RoleInfo (RoleInfo.java:updateAndGet(143)) - 7fae3aed-4e76-4283-a599-f93f794625ab: start FollowerState
2019-10-30 05:53:35,519 [Thread-1785] INFO  impl.FollowerState (FollowerState.java:run(117)) - 7fae3aed-4e76-4283-a599-f93f794625ab@group-BCADF287A12B-FollowerState was interrupted: java.lang.InterruptedException: sleep interrupted
2019-10-30 05:53:35,534 [9127dd83-037b-4d39-812f-66db56af525a@group-BCADF287A12B-LeaderElection233] INFO  impl.LeaderElection (LeaderElection.java:logAndReturn(56)) - 9127dd83-037b-4d39-812f-66db56af525a@group-BCADF287A12B-LeaderElection233: Election REJECTED; received 2 response(s) [9127dd83-037b-4d39-812f-66db56af525a<-7fae3aed-4e76-4283-a599-f93f794625ab#0:FAIL-t257, 9127dd83-037b-4d39-812f-66db56af525a<-58095e90-3010-492a-9083-43cf2e035c3f#0:FAIL-t257] and 0 exception(s); 9127dd83-037b-4d39-812f-66db56af525a@group-BCADF287A12B:t257, leader=null, voted=9127dd83-037b-4d39-812f-66db56af525a, raftlog=9127dd83-037b-4d39-812f-66db56af525a@group-BCADF287A12B-SegmentedRaftLog:OPENED:c-1,f-1,i0, conf=-1: [7fae3aed-4e76-4283-a599-f93f794625ab:192.168.34.21:41352, 58095e90-3010-492a-9083-43cf2e035c3f:192.168.34.21:45284, 9127dd83-037b-4d39-812f-66db56af525a:192.168.34.21:42063], old=null
2019-10-30 05:53:35,534 [9127dd83-037b-4d39-812f-66db56af525a@group-BCADF287A12B-LeaderElection233] INFO  impl.RaftServerImpl (RaftServerImpl.java:setRole(184)) - 9127dd83-037b-4d39-812f-66db56af525a@group-BCADF287A12B: changes role from CANDIDATE to FOLLOWER at term 257 for DISCOVERED_A_NEW_TERM
2019-10-30 05:53:35,534 [9127dd83-037b-4d39-812f-66db56af525a@group-BCADF287A12B-LeaderElection233] INFO  impl.RoleInfo (RoleInfo.java:shutdownLeaderElection(134)) - 9127dd83-037b-4d39-812f-66db56af525a: shutdown LeaderElection
2019-10-30 05:53:35,534 [9127dd83-037b-4d39-812f-66db56af525a@group-BCADF287A12B-LeaderElection233] INFO  impl.RoleInfo (RoleInfo.java:updateAndGet(143)) - 9127dd83-037b-4d39-812f-66db56af525a: start FollowerState
2019-10-30 05:53:35,588 [Thread-1793] INFO  impl.FollowerState (FollowerState.java:run(108)) - 9127dd83-037b-4d39-812f-66db56af525a@group-BCADF287A12B-FollowerState: change to CANDIDATE, lastRpcTime:53ms, electionTimeout:53ms
2019-10-30 05:53:35,588 [Thread-1793] INFO  impl.RoleInfo (RoleInfo.java:shutdownFollowerState(121)) - 9127dd83-037b-4d39-812f-66db56af525a: shutdown FollowerState
2019-10-30 05:53:35,588 [Thread-1793] INFO  impl.RaftServerImpl (RaftServerImpl.java:setRole(184)) - 9127dd83-037b-4d39-812f-66db56af525a@group-BCADF287A12B: changes role from  FOLLOWER to CANDIDATE at term 257 for changeToCandidate
2019-10-30 05:53:35,588 [Thread-1793] INFO  impl.RoleInfo (RoleInfo.java:updateAndGet(143)) - 9127dd83-037b-4d39-812f-66db56af525a: start LeaderElection
2019-10-30 05:53:35,602 [9127dd83-037b-4d39-812f-66db56af525a@group-BCADF287A12B-LeaderElection234] INFO  impl.LeaderElection (LeaderElection.java:askForVotes(178)) - 9127dd83-037b-4d39-812f-66db56af525a@group-BCADF287A12B-LeaderElection234: begin an election at term 258 for -1: [7fae3aed-4e76-4283-a599-f93f794625ab:192.168.34.21:41352, 58095e90-3010-492a-9083-43cf2e035c3f:192.168.34.21:45284, 9127dd83-037b-4d39-812f-66db56af525a:192.168.34.21:42063], old=null
2019-10-30 05:53:35,605 [grpc-default-executor-1] INFO  impl.RaftServerImpl (RaftServerImpl.java:setRole(184)) - 58095e90-3010-492a-9083-43cf2e035c3f@group-BCADF287A12B: changes role from  FOLLOWER to FOLLOWER at term 258 for recognizeCandidate:9127dd83-037b-4d39-812f-66db56af525a
2019-10-30 05:53:35,605 [grpc-default-executor-1] INFO  impl.RoleInfo (RoleInfo.java:shutdownFollowerState(121)) - 58095e90-3010-492a-9083-43cf2e035c3f: shutdown FollowerState
2019-10-30 05:53:35,605 [grpc-default-executor-2] INFO  impl.RaftServerImpl (RaftServerImpl.java:setRole(184)) - 7fae3aed-4e76-4283-a599-f93f794625ab@group-BCADF287A12B: changes role from  FOLLOWER to FOLLOWER at term 258 for recognizeCandidate:9127dd83-037b-4d39-812f-66db56af525a
2019-10-30 05:53:35,605 [grpc-default-executor-1] INFO  impl.RoleInfo (RoleInfo.java:updateAndGet(143)) - 58095e90-3010-492a-9083-43cf2e035c3f: start FollowerState
2019-10-30 05:53:35,605 [Thread-1791] INFO  impl.FollowerState (FollowerState.java:run(117)) - 58095e90-3010-492a-9083-43cf2e035c3f@group-BCADF287A12B-FollowerState was interrupted: java.lang.InterruptedException: sleep interrupted
2019-10-30 05:53:35,605 [grpc-default-executor-2] INFO  impl.RoleInfo (RoleInfo.java:shutdownFollowerState(121)) - 7fae3aed-4e76-4283-a599-f93f794625ab: shutdown FollowerState
2019-10-30 05:53:35,606 [grpc-default-executor-2] INFO  impl.RoleInfo (RoleInfo.java:updateAndGet(143)) - 7fae3aed-4e76-4283-a599-f93f794625ab: start FollowerState
2019-10-30 05:53:35,606 [Thread-1792] INFO  impl.FollowerState (FollowerState.java:run(117)) - 7fae3aed-4e76-4283-a599-f93f794625ab@group-BCADF287A12B-FollowerState was interrupted: java.lang.InterruptedException: sleep interrupted
2019-10-30 05:53:35,622 [9127dd83-037b-4d39-812f-66db56af525a@group-BCADF287A12B-LeaderElection234] INFO  impl.LeaderElection (LeaderElection.java:logAndReturn(56)) - 9127dd83-037b-4d39-812f-66db56af525a@group-BCADF287A12B-LeaderElection234: Election REJECTED; received 2 response(s) [9127dd83-037b-4d39-812f-66db56af525a<-7fae3aed-4e76-4283-a599-f93f794625ab#0:FAIL-t258, 9127dd83-037b-4d39-812f-66db56af525a<-58095e90-3010-492a-9083-43cf2e035c3f#0:FAIL-t258] and 0 exception(s); 9127dd83-037b-4d39-812f-66db56af525a@group-BCADF287A12B:t258, leader=null, voted=9127dd83-037b-4d39-812f-66db56af525a, raftlog=9127dd83-037b-4d39-812f-66db56af525a@group-BCADF287A12B-SegmentedRaftLog:OPENED:c-1,f-1,i0, conf=-1: [7fae3aed-4e76-4283-a599-f93f794625ab:192.168.34.21:41352, 58095e90-3010-492a-9083-43cf2e035c3f:192.168.34.21:45284, 9127dd83-037b-4d39-812f-66db56af525a:192.168.34.21:42063], old=null
2019-10-30 05:53:35,622 [9127dd83-037b-4d39-812f-66db56af525a@group-BCADF287A12B-LeaderElection234] INFO  impl.RaftServerImpl (RaftServerImpl.java:setRole(184)) - 9127dd83-037b-4d39-812f-66db56af525a@group-BCADF287A12B: changes role from CANDIDATE to FOLLOWER at term 258 for DISCOVERED_A_NEW_TERM
2019-10-30 05:53:35,622 [9127dd83-037b-4d39-812f-66db56af525a@group-BCADF287A12B-LeaderElection234] INFO  impl.RoleInfo (RoleInfo.java:shutdownLeaderElection(134)) - 9127dd83-037b-4d39-812f-66db56af525a: shutdown LeaderElection
2019-10-30 05:53:35,622 [9127dd83-037b-4d39-812f-66db56af525a@group-BCADF287A12B-LeaderElection234] INFO  impl.RoleInfo (RoleInfo.java:updateAndGet(143)) - 9127dd83-037b-4d39-812f-66db56af525a: start FollowerState
2019-10-30 05:53:35,701 [Thread-1799] INFO  impl.FollowerState (FollowerState.java:run(108)) - 9127dd83-037b-4d39-812f-66db56af525a@group-BCADF287A12B-FollowerState: change to CANDIDATE, lastRpcTime:78ms, electionTimeout:78ms
2019-10-30 05:53:35,701 [Thread-1799] INFO  impl.RoleInfo (RoleInfo.java:shutdownFollowerState(121)) - 9127dd83-037b-4d39-812f-66db56af525a: shutdown FollowerState
2019-10-30 05:53:35,701 [Thread-1799] INFO  impl.RaftServerImpl (RaftServerImpl.java:setRole(184)) - 9127dd83-037b-4d39-812f-66db56af525a@group-BCADF287A12B: changes role from  FOLLOWER to CANDIDATE at term 258 for changeToCandidate
2019-10-30 05:53:35,701 [Thread-1799] INFO  impl.RoleInfo (RoleInfo.java:updateAndGet(143)) - 9127dd83-037b-4d39-812f-66db56af525a: start LeaderElection
2019-10-30 05:53:35,715 [9127dd83-037b-4d39-812f-66db56af525a@group-BCADF287A12B-LeaderElection235] INFO  impl.LeaderElection (LeaderElection.java:askForVotes(178)) - 9127dd83-037b-4d39-812f-66db56af525a@group-BCADF287A12B-LeaderElection235: begin an election at term 259 for -1: [7fae3aed-4e76-4283-a599-f93f794625ab:192.168.34.21:41352, 58095e90-3010-492a-9083-43cf2e035c3f:192.168.34.21:45284, 9127dd83-037b-4d39-812f-66db56af525a:192.168.34.21:42063], old=null
2019-10-30 05:53:35,717 [grpc-default-executor-1] INFO  impl.RaftServerImpl (RaftServerImpl.java:setRole(184)) - 7fae3aed-4e76-4283-a599-f93f794625ab@group-BCADF287A12B: changes role from  FOLLOWER to FOLLOWER at term 259 for recognizeCandidate:9127dd83-037b-4d39-812f-66db56af525a
2019-10-30 05:53:35,717 [grpc-default-executor-2] INFO  impl.RaftServerImpl (RaftServerImpl.java:setRole(184)) - 58095e90-3010-492a-9083-43cf2e035c3f@group-BCADF287A12B: changes role from  FOLLOWER to FOLLOWER at term 259 for recognizeCandidate:9127dd83-037b-4d39-812f-66db56af525a
2019-10-30 05:53:35,717 [grpc-default-executor-1] INFO  impl.RoleInfo (RoleInfo.java:shutdownFollowerState(121)) - 7fae3aed-4e76-4283-a599-f93f794625ab: shutdown FollowerState
2019-10-30 05:53:35,717 [grpc-default-executor-2] INFO  impl.RoleInfo (RoleInfo.java:shutdownFollowerState(121)) - 58095e90-3010-492a-9083-43cf2e035c3f: shutdown FollowerState
2019-10-30 05:53:35,717 [Thread-1798] INFO  impl.FollowerState (FollowerState.java:run(117)) - 7fae3aed-4e76-4283-a599-f93f794625ab@group-BCADF287A12B-FollowerState was interrupted: java.lang.InterruptedException: sleep interrupted
2019-10-30 05:53:35,718 [Thread-1797] INFO  impl.FollowerState (FollowerState.java:run(117)) - 58095e90-3010-492a-9083-43cf2e035c3f@group-BCADF287A12B-FollowerState was interrupted: java.lang.InterruptedException: sleep interrupted
2019-10-30 05:53:35,717 [grpc-default-executor-1] INFO  impl.RoleInfo (RoleInfo.java:updateAndGet(143)) - 7fae3aed-4e76-4283-a599-f93f794625ab: start FollowerState
2019-10-30 05:53:35,718 [grpc-default-executor-2] INFO  impl.RoleInfo (RoleInfo.java:updateAndGet(143)) - 58095e90-3010-492a-9083-43cf2e035c3f: start FollowerState
2019-10-30 05:53:35,733 [9127dd83-037b-4d39-812f-66db56af525a@group-BCADF287A12B-LeaderElection235] INFO  impl.LeaderElection (LeaderElection.java:logAndReturn(56)) - 9127dd83-037b-4d39-812f-66db56af525a@group-BCADF287A12B-LeaderElection235: Election REJECTED; received 2 response(s) [9127dd83-037b-4d39-812f-66db56af525a<-7fae3aed-4e76-4283-a599-f93f794625ab#0:FAIL-t259, 9127dd83-037b-4d39-812f-66db56af525a<-58095e90-3010-492a-9083-43cf2e035c3f#0:FAIL-t259] and 0 exception(s); 9127dd83-037b-4d39-812f-66db56af525a@group-BCADF287A12B:t259, leader=null, voted=9127dd83-037b-4d39-812f-66db56af525a, raftlog=9127dd83-037b-4d39-812f-66db56af525a@group-BCADF287A12B-SegmentedRaftLog:OPENED:c-1,f-1,i0, conf=-1: [7fae3aed-4e76-4283-a599-f93f794625ab:192.168.34.21:41352, 58095e90-3010-492a-9083-43cf2e035c3f:192.168.34.21:45284, 9127dd83-037b-4d39-812f-66db56af525a:192.168.34.21:42063], old=null
2019-10-30 05:53:35,733 [9127dd83-037b-4d39-812f-66db56af525a@group-BCADF287A12B-LeaderElection235] INFO  impl.RaftServerImpl (RaftServerImpl.java:setRole(184)) - 9127dd83-037b-4d39-812f-66db56af525a@group-BCADF287A12B: changes role from CANDIDATE to FOLLOWER at term 259 for DISCOVERED_A_NEW_TERM
2019-10-30 05:53:35,733 [9127dd83-037b-4d39-812f-66db56af525a@group-BCADF287A12B-LeaderElection235] INFO  impl.RoleInfo (RoleInfo.java:shutdownLeaderElection(134)) - 9127dd83-037b-4d39-812f-66db56af525a: shutdown LeaderElection
2019-10-30 05:53:35,733 [9127dd83-037b-4d39-812f-66db56af525a@group-BCADF287A12B-LeaderElection235] INFO  impl.RoleInfo (RoleInfo.java:updateAndGet(143)) - 9127dd83-037b-4d39-812f-66db56af525a: start FollowerState
2019-10-30 05:53:35,754 [Thread-1805] INFO  impl.FollowerState (FollowerState.java:run(108)) - 9127dd83-037b-4d39-812f-66db56af525a@group-BCADF287A12B-FollowerState: change to CANDIDATE, lastRpcTime:21ms, electionTimeout:21ms
2019-10-30 05:53:35,754 [Thread-1805] INFO  impl.RoleInfo (RoleInfo.java:shutdownFollowerState(121)) - 9127dd83-037b-4d39-812f-66db56af525a: shutdown FollowerState
2019-10-30 05:53:35,755 [Thread-1805] INFO  impl.RaftServerImpl (RaftServerImpl.java:setRole(184)) - 9127dd83-037b-4d39-812f-66db56af525a@group-BCADF287A12B: changes role from  FOLLOWER to CANDIDATE at term 259 for changeToCandidate
2019-10-30 05:53:35,755 [Thread-1805] INFO  impl.RoleInfo (RoleInfo.java:updateAndGet(143)) - 9127dd83-037b-4d39-812f-66db56af525a: start LeaderElection
2019-10-30 05:53:35,768 [9127dd83-037b-4d39-812f-66db56af525a@group-BCADF287A12B-LeaderElection236] INFO  impl.LeaderElection (LeaderElection.java:askForVotes(178)) - 9127dd83-037b-4d39-812f-66db56af525a@group-BCADF287A12B-LeaderElection236: begin an election at term 260 for -1: [7fae3aed-4e76-4283-a599-f93f794625ab:192.168.34.21:41352, 58095e90-3010-492a-9083-43cf2e035c3f:192.168.34.21:45284, 9127dd83-037b-4d39-812f-66db56af525a:192.168.34.21:42063], old=null
2019-10-30 05:53:35,770 [grpc-default-executor-2] INFO  impl.RaftServerImpl (RaftServerImpl.java:setRole(184)) - 7fae3aed-4e76-4283-a599-f93f794625ab@group-BCADF287A12B: changes role from  FOLLOWER to FOLLOWER at term 260 for recognizeCandidate:9127dd83-037b-4d39-812f-66db56af525a
2019-10-30 05:53:35,770 [grpc-default-executor-2] INFO  impl.RoleInfo (RoleInfo.java:shutdownFollowerState(121)) - 7fae3aed-4e76-4283-a599-f93f794625ab: shutdown FollowerState
2019-10-30 05:53:35,770 [grpc-default-executor-2] INFO  impl.RoleInfo (RoleInfo.java:updateAndGet(143)) - 7fae3aed-4e76-4283-a599-f93f794625ab: start FollowerState
2019-10-30 05:53:35,770 [Thread-1803] INFO  impl.FollowerState (FollowerState.java:run(117)) - 7fae3aed-4e76-4283-a599-f93f794625ab@group-BCADF287A12B-FollowerState was interrupted: java.lang.InterruptedException: sleep interrupted
2019-10-30 05:53:35,770 [grpc-default-executor-1] INFO  impl.RaftServerImpl (RaftServerImpl.java:setRole(184)) - 58095e90-3010-492a-9083-43cf2e035c3f@group-BCADF287A12B: changes role from  FOLLOWER to FOLLOWER at term 260 for recognizeCandidate:9127dd83-037b-4d39-812f-66db56af525a
2019-10-30 05:53:35,770 [grpc-default-executor-1] INFO  impl.RoleInfo (RoleInfo.java:shutdownFollowerState(121)) - 58095e90-3010-492a-9083-43cf2e035c3f: shutdown FollowerState
2019-10-30 05:53:35,770 [grpc-default-executor-1] INFO  impl.RoleInfo (RoleInfo.java:updateAndGet(143)) - 58095e90-3010-492a-9083-43cf2e035c3f: start FollowerState
2019-10-30 05:53:35,770 [Thread-1804] INFO  impl.FollowerState (FollowerState.java:run(117)) - 58095e90-3010-492a-9083-43cf2e035c3f@group-BCADF287A12B-FollowerState was interrupted: java.lang.InterruptedException: sleep interrupted
2019-10-30 05:53:35,784 [9127dd83-037b-4d39-812f-66db56af525a@group-BCADF287A12B-LeaderElection236] INFO  impl.LeaderElection (LeaderElection.java:logAndReturn(56)) - 9127dd83-037b-4d39-812f-66db56af525a@group-BCADF287A12B-LeaderElection236: Election REJECTED; received 2 response(s) [9127dd83-037b-4d39-812f-66db56af525a<-7fae3aed-4e76-4283-a599-f93f794625ab#0:FAIL-t260, 9127dd83-037b-4d39-812f-66db56af525a<-58095e90-3010-492a-9083-43cf2e035c3f#0:FAIL-t260] and 0 exception(s); 9127dd83-037b-4d39-812f-66db56af525a@group-BCADF287A12B:t260, leader=null, voted=9127dd83-037b-4d39-812f-66db56af525a, raftlog=9127dd83-037b-4d39-812f-66db56af525a@group-BCADF287A12B-SegmentedRaftLog:OPENED:c-1,f-1,i0, conf=-1: [7fae3aed-4e76-4283-a599-f93f794625ab:192.168.34.21:41352, 58095e90-3010-492a-9083-43cf2e035c3f:192.168.34.21:45284, 9127dd83-037b-4d39-812f-66db56af525a:192.168.34.21:42063], old=null
2019-10-30 05:53:35,784 [9127dd83-037b-4d39-812f-66db56af525a@group-BCADF287A12B-LeaderElection236] INFO  impl.RaftServerImpl (RaftServerImpl.java:setRole(184)) - 9127dd83-037b-4d39-812f-66db56af525a@group-BCADF287A12B: changes role from CANDIDATE to FOLLOWER at term 260 for DISCOVERED_A_NEW_TERM
2019-10-30 05:53:35,784 [9127dd83-037b-4d39-812f-66db56af525a@group-BCADF287A12B-LeaderElection236] INFO  impl.RoleInfo (RoleInfo.java:shutdownLeaderElection(134)) - 9127dd83-037b-4d39-812f-66db56af525a: shutdown LeaderElection
2019-10-30 05:53:35,785 [9127dd83-037b-4d39-812f-66db56af525a@group-BCADF287A12B-LeaderElection236] INFO  impl.RoleInfo (RoleInfo.java:updateAndGet(143)) - 9127dd83-037b-4d39-812f-66db56af525a: start FollowerState
2019-10-30 05:53:35,790 [Thread-1811] INFO  impl.FollowerState (FollowerState.java:run(108)) - 9127dd83-037b-4d39-812f-66db56af525a@group-BCADF287A12B-FollowerState: change to CANDIDATE, lastRpcTime:5ms, electionTimeout:5ms
2019-10-30 05:53:35,790 [Thread-1811] INFO  impl.RoleInfo (RoleInfo.java:shutdownFollowerState(121)) - 9127dd83-037b-4d39-812f-66db56af525a: shutdown FollowerState
2019-10-30 05:53:35,790 [Thread-1811] INFO  impl.RaftServerImpl (RaftServerImpl.java:setRole(184)) - 9127dd83-037b-4d39-812f-66db56af525a@group-BCADF287A12B: changes role from  FOLLOWER to CANDIDATE at term 260 for changeToCandidate
2019-10-30 05:53:35,790 [Thread-1811] INFO  impl.RoleInfo (RoleInfo.java:updateAndGet(143)) - 9127dd83-037b-4d39-812f-66db56af525a: start LeaderElection
2019-10-30 05:53:35,804 [9127dd83-037b-4d39-812f-66db56af525a@group-BCADF287A12B-LeaderElection237] INFO  impl.LeaderElection (LeaderElection.java:askForVotes(178)) - 9127dd83-037b-4d39-812f-66db56af525a@group-BCADF287A12B-LeaderElection237: begin an election at term 261 for -1: [7fae3aed-4e76-4283-a599-f93f794625ab:192.168.34.21:41352, 58095e90-3010-492a-9083-43cf2e035c3f:192.168.34.21:45284, 9127dd83-037b-4d39-812f-66db56af525a:192.168.34.21:42063], old=null
2019-10-30 05:53:35,806 [grpc-default-executor-1] INFO  impl.RaftServerImpl (RaftServerImpl.java:setRole(184)) - 7fae3aed-4e76-4283-a599-f93f794625ab@group-BCADF287A12B: changes role from  FOLLOWER to FOLLOWER at term 261 for recognizeCandidate:9127dd83-037b-4d39-812f-66db56af525a
2019-10-30 05:53:35,806 [grpc-default-executor-1] INFO  impl.RoleInfo (RoleInfo.java:shutdownFollowerState(121)) - 7fae3aed-4e76-4283-a599-f93f794625ab: shutdown FollowerState
2019-10-30 05:53:35,806 [grpc-default-executor-1] INFO  impl.RoleInfo (RoleInfo.java:updateAndGet(143)) - 7fae3aed-4e76-4283-a599-f93f794625ab: start FollowerState
2019-10-30 05:53:35,806 [Thread-1809] INFO  impl.FollowerState (FollowerState.java:run(117)) - 7fae3aed-4e76-4283-a599-f93f794625ab@group-BCADF287A12B-FollowerState was interrupted: java.lang.InterruptedException: sleep interrupted
2019-10-30 05:53:35,806 [grpc-default-executor-2] INFO  impl.RaftServerImpl (RaftServerImpl.java:setRole(184)) - 58095e90-3010-492a-9083-43cf2e035c3f@group-BCADF287A12B: changes role from  FOLLOWER to FOLLOWER at term 261 for recognizeCandidate:9127dd83-037b-4d39-812f-66db56af525a
2019-10-30 05:53:35,807 [grpc-default-executor-2] INFO  impl.RoleInfo (RoleInfo.java:shutdownFollowerState(121)) - 58095e90-3010-492a-9083-43cf2e035c3f: shutdown FollowerState
2019-10-30 05:53:35,807 [grpc-default-executor-2] INFO  impl.RoleInfo (RoleInfo.java:updateAndGet(143)) - 58095e90-3010-492a-9083-43cf2e035c3f: start FollowerState
2019-10-30 05:53:35,807 [Thread-1810] INFO  impl.FollowerState (FollowerState.java:run(117)) - 58095e90-3010-492a-9083-43cf2e035c3f@group-BCADF287A12B-FollowerState was interrupted: java.lang.InterruptedException: sleep interrupted
2019-10-30 05:53:35,829 [9127dd83-037b-4d39-812f-66db56af525a@group-BCADF287A12B-LeaderElection237] INFO  impl.LeaderElection (LeaderElection.java:logAndReturn(56)) - 9127dd83-037b-4d39-812f-66db56af525a@group-BCADF287A12B-LeaderElection237: Election REJECTED; received 2 response(s) [9127dd83-037b-4d39-812f-66db56af525a<-7fae3aed-4e76-4283-a599-f93f794625ab#0:FAIL-t261, 9127dd83-037b-4d39-812f-66db56af525a<-58095e90-3010-492a-9083-43cf2e035c3f#0:FAIL-t261] and 0 exception(s); 9127dd83-037b-4d39-812f-66db56af525a@group-BCADF287A12B:t261, leader=null, voted=9127dd83-037b-4d39-812f-66db56af525a, raftlog=9127dd83-037b-4d39-812f-66db56af525a@group-BCADF287A12B-SegmentedRaftLog:OPENED:c-1,f-1,i0, conf=-1: [7fae3aed-4e76-4283-a599-f93f794625ab:192.168.34.21:41352, 58095e90-3010-492a-9083-43cf2e035c3f:192.168.34.21:45284, 9127dd83-037b-4d39-812f-66db56af525a:192.168.34.21:42063], old=null
2019-10-30 05:53:35,829 [9127dd83-037b-4d39-812f-66db56af525a@group-BCADF287A12B-LeaderElection237] INFO  impl.RaftServerImpl (RaftServerImpl.java:setRole(184)) - 9127dd83-037b-4d39-812f-66db56af525a@group-BCADF287A12B: changes role from CANDIDATE to FOLLOWER at term 261 for DISCOVERED_A_NEW_TERM
2019-10-30 05:53:35,829 [9127dd83-037b-4d39-812f-66db56af525a@group-BCADF287A12B-LeaderElection237] INFO  impl.RoleInfo (RoleInfo.java:shutdownLeaderElection(134)) - 9127dd83-037b-4d39-812f-66db56af525a: shutdown LeaderElection
2019-10-30 05:53:35,829 [9127dd83-037b-4d39-812f-66db56af525a@group-BCADF287A12B-LeaderElection237] INFO  impl.RoleInfo (RoleInfo.java:updateAndGet(143)) - 9127dd83-037b-4d39-812f-66db56af525a: start FollowerState
2019-10-30 05:53:35,990 [Thread-1817] INFO  impl.FollowerState (FollowerState.java:run(108)) - 9127dd83-037b-4d39-812f-66db56af525a@group-BCADF287A12B-FollowerState: change to CANDIDATE, lastRpcTime:161ms, electionTimeout:161ms
2019-10-30 05:53:35,991 [Thread-1817] INFO  impl.RoleInfo (RoleInfo.java:shutdownFollowerState(121)) - 9127dd83-037b-4d39-812f-66db56af525a: shutdown FollowerState
2019-10-30 05:53:35,991 [Thread-1817] INFO  impl.RaftServerImpl (RaftServerImpl.java:setRole(184)) - 9127dd83-037b-4d39-812f-66db56af525a@group-BCADF287A12B: changes role from  FOLLOWER to CANDIDATE at term 261 for changeToCandidate
2019-10-30 05:53:35,991 [Thread-1817] INFO  impl.RoleInfo (RoleInfo.java:updateAndGet(143)) - 9127dd83-037b-4d39-812f-66db56af525a: start LeaderElection
2019-10-30 05:53:36,005 [9127dd83-037b-4d39-812f-66db56af525a@group-BCADF287A12B-LeaderElection238] INFO  impl.LeaderElection (LeaderElection.java:askForVotes(178)) - 9127dd83-037b-4d39-812f-66db56af525a@group-BCADF287A12B-LeaderElection238: begin an election at term 262 for -1: [7fae3aed-4e76-4283-a599-f93f794625ab:192.168.34.21:41352, 58095e90-3010-492a-9083-43cf2e035c3f:192.168.34.21:45284, 9127dd83-037b-4d39-812f-66db56af525a:192.168.34.21:42063], old=null
2019-10-30 05:53:36,008 [grpc-default-executor-1] INFO  impl.RaftServerImpl (RaftServerImpl.java:setRole(184)) - 7fae3aed-4e76-4283-a599-f93f794625ab@group-BCADF287A12B: changes role from  FOLLOWER to FOLLOWER at term 262 for recognizeCandidate:9127dd83-037b-4d39-812f-66db56af525a
2019-10-30 05:53:36,008 [grpc-default-executor-1] INFO  impl.RoleInfo (RoleInfo.java:shutdownFollowerState(121)) - 7fae3aed-4e76-4283-a599-f93f794625ab: shutdown FollowerState
2019-10-30 05:53:36,008 [grpc-default-executor-1] INFO  impl.RoleInfo (RoleInfo.java:updateAndGet(143)) - 7fae3aed-4e76-4283-a599-f93f794625ab: start FollowerState
2019-10-30 05:53:36,008 [Thread-1815] INFO  impl.FollowerState (FollowerState.java:run(117)) - 7fae3aed-4e76-4283-a599-f93f794625ab@group-BCADF287A12B-FollowerState was interrupted: java.lang.InterruptedException: sleep interrupted
2019-10-30 05:53:36,008 [grpc-default-executor-2] INFO  impl.RaftServerImpl (RaftServerImpl.java:setRole(184)) - 58095e90-3010-492a-9083-43cf2e035c3f@group-BCADF287A12B: changes role from  FOLLOWER to FOLLOWER at term 262 for recognizeCandidate:9127dd83-037b-4d39-812f-66db56af525a
2019-10-30 05:53:36,009 [grpc-default-executor-2] INFO  impl.RoleInfo (RoleInfo.java:shutdownFollowerState(121)) - 58095e90-3010-492a-9083-43cf2e035c3f: shutdown FollowerState
2019-10-30 05:53:36,009 [grpc-default-executor-2] INFO  impl.RoleInfo (RoleInfo.java:updateAndGet(143)) - 58095e90-3010-492a-9083-43cf2e035c3f: start FollowerState
2019-10-30 05:53:36,009 [Thread-1816] INFO  impl.FollowerState (FollowerState.java:run(117)) - 58095e90-3010-492a-9083-43cf2e035c3f@group-BCADF287A12B-FollowerState was interrupted: java.lang.InterruptedException: sleep interrupted
2019-10-30 05:53:36,019 [9127dd83-037b-4d39-812f-66db56af525a@group-BCADF287A12B-LeaderElection238] INFO  impl.LeaderElection (LeaderElection.java:logAndReturn(56)) - 9127dd83-037b-4d39-812f-66db56af525a@group-BCADF287A12B-LeaderElection238: Election REJECTED; received 2 response(s) [9127dd83-037b-4d39-812f-66db56af525a<-7fae3aed-4e76-4283-a599-f93f794625ab#0:FAIL-t262, 9127dd83-037b-4d39-812f-66db56af525a<-58095e90-3010-492a-9083-43cf2e035c3f#0:FAIL-t262] and 0 exception(s); 9127dd83-037b-4d39-812f-66db56af525a@group-BCADF287A12B:t262, leader=null, voted=9127dd83-037b-4d39-812f-66db56af525a, raftlog=9127dd83-037b-4d39-812f-66db56af525a@group-BCADF287A12B-SegmentedRaftLog:OPENED:c-1,f-1,i0, conf=-1: [7fae3aed-4e76-4283-a599-f93f794625ab:192.168.34.21:41352, 58095e90-3010-492a-9083-43cf2e035c3f:192.168.34.21:45284, 9127dd83-037b-4d39-812f-66db56af525a:192.168.34.21:42063], old=null
2019-10-30 05:53:36,019 [9127dd83-037b-4d39-812f-66db56af525a@group-BCADF287A12B-LeaderElection238] INFO  impl.RaftServerImpl (RaftServerImpl.java:setRole(184)) - 9127dd83-037b-4d39-812f-66db56af525a@group-BCADF287A12B: changes role from CANDIDATE to FOLLOWER at term 262 for DISCOVERED_A_NEW_TERM
2019-10-30 05:53:36,020 [9127dd83-037b-4d39-812f-66db56af525a@group-BCADF287A12B-LeaderElection238] INFO  impl.RoleInfo (RoleInfo.java:shutdownLeaderElection(134)) - 9127dd83-037b-4d39-812f-66db56af525a: shutdown LeaderElection
2019-10-30 05:53:36,020 [9127dd83-037b-4d39-812f-66db56af525a@group-BCADF287A12B-LeaderElection238] INFO  impl.RoleInfo (RoleInfo.java:updateAndGet(143)) - 9127dd83-037b-4d39-812f-66db56af525a: start FollowerState
2019-10-30 05:53:36,213 [Thread-1823] INFO  impl.FollowerState (FollowerState.java:run(108)) - 9127dd83-037b-4d39-812f-66db56af525a@group-BCADF287A12B-FollowerState: change to CANDIDATE, lastRpcTime:193ms, electionTimeout:193ms
2019-10-30 05:53:36,213 [Thread-1823] INFO  impl.RoleInfo (RoleInfo.java:shutdownFollowerState(121)) - 9127dd83-037b-4d39-812f-66db56af525a: shutdown FollowerState
2019-10-30 05:53:36,213 [Thread-1823] INFO  impl.RaftServerImpl (RaftServerImpl.java:setRole(184)) - 9127dd83-037b-4d39-812f-66db56af525a@group-BCADF287A12B: changes role from  FOLLOWER to CANDIDATE at term 262 for changeToCandidate
2019-10-30 05:53:36,214 [Thread-1823] INFO  impl.RoleInfo (RoleInfo.java:updateAndGet(143)) - 9127dd83-037b-4d39-812f-66db56af525a: start LeaderElection
2019-10-30 05:53:36,227 [9127dd83-037b-4d39-812f-66db56af525a@group-BCADF287A12B-LeaderElection239] INFO  impl.LeaderElection (LeaderElection.java:askForVotes(178)) - 9127dd83-037b-4d39-812f-66db56af525a@group-BCADF287A12B-LeaderElection239: begin an election at term 263 for -1: [7fae3aed-4e76-4283-a599-f93f794625ab:192.168.34.21:41352, 58095e90-3010-492a-9083-43cf2e035c3f:192.168.34.21:45284, 9127dd83-037b-4d39-812f-66db56af525a:192.168.34.21:42063], old=null
2019-10-30 05:53:36,230 [grpc-default-executor-2] INFO  impl.RaftServerImpl (RaftServerImpl.java:setRole(184)) - 7fae3aed-4e76-4283-a599-f93f794625ab@group-BCADF287A12B: changes role from  FOLLOWER to FOLLOWER at term 263 for recognizeCandidate:9127dd83-037b-4d39-812f-66db56af525a
2019-10-30 05:53:36,230 [grpc-default-executor-1] INFO  impl.RaftServerImpl (RaftServerImpl.java:setRole(184)) - 58095e90-3010-492a-9083-43cf2e035c3f@group-BCADF287A12B: changes role from  FOLLOWER to FOLLOWER at term 263 for recognizeCandidate:9127dd83-037b-4d39-812f-66db56af525a
2019-10-30 05:53:36,230 [grpc-default-executor-2] INFO  impl.RoleInfo (RoleInfo.java:shutdownFollowerState(121)) - 7fae3aed-4e76-4283-a599-f93f794625ab: shutdown FollowerState
2019-10-30 05:53:36,230 [grpc-default-executor-1] INFO  impl.RoleInfo (RoleInfo.java:shutdownFollowerState(121)) - 58095e90-3010-492a-9083-43cf2e035c3f: shutdown FollowerState
2019-10-30 05:53:36,230 [Thread-1821] INFO  impl.FollowerState (FollowerState.java:run(117)) - 7fae3aed-4e76-4283-a599-f93f794625ab@group-BCADF287A12B-FollowerState was interrupted: java.lang.InterruptedException: sleep interrupted
2019-10-30 05:53:36,230 [grpc-default-executor-2] INFO  impl.RoleInfo (RoleInfo.java:updateAndGet(143)) - 7fae3aed-4e76-4283-a599-f93f794625ab: start FollowerState
2019-10-30 05:53:36,230 [Thread-1822] INFO  impl.FollowerState (FollowerState.java:run(117)) - 58095e90-3010-492a-9083-43cf2e035c3f@group-BCADF287A12B-FollowerState was interrupted: java.lang.InterruptedException: sleep interrupted
2019-10-30 05:53:36,230 [grpc-default-executor-1] INFO  impl.RoleInfo (RoleInfo.java:updateAndGet(143)) - 58095e90-3010-492a-9083-43cf2e035c3f: start FollowerState
2019-10-30 05:53:36,245 [9127dd83-037b-4d39-812f-66db56af525a@group-BCADF287A12B-LeaderElection239] INFO  impl.LeaderElection (LeaderElection.java:logAndReturn(56)) - 9127dd83-037b-4d39-812f-66db56af525a@group-BCADF287A12B-LeaderElection239: Election REJECTED; received 2 response(s) [9127dd83-037b-4d39-812f-66db56af525a<-7fae3aed-4e76-4283-a599-f93f794625ab#0:FAIL-t263, 9127dd83-037b-4d39-812f-66db56af525a<-58095e90-3010-492a-9083-43cf2e035c3f#0:FAIL-t263] and 0 exception(s); 9127dd83-037b-4d39-812f-66db56af525a@group-BCADF287A12B:t263, leader=null, voted=9127dd83-037b-4d39-812f-66db56af525a, raftlog=9127dd83-037b-4d39-812f-66db56af525a@group-BCADF287A12B-SegmentedRaftLog:OPENED:c-1,f-1,i0, conf=-1: [7fae3aed-4e76-4283-a599-f93f794625ab:192.168.34.21:41352, 58095e90-3010-492a-9083-43cf2e035c3f:192.168.34.21:45284, 9127dd83-037b-4d39-812f-66db56af525a:192.168.34.21:42063], old=null
2019-10-30 05:53:36,245 [9127dd83-037b-4d39-812f-66db56af525a@group-BCADF287A12B-LeaderElection239] INFO  impl.RaftServerImpl (RaftServerImpl.java:setRole(184)) - 9127dd83-037b-4d39-812f-66db56af525a@group-BCADF287A12B: changes role from CANDIDATE to FOLLOWER at term 263 for DISCOVERED_A_NEW_TERM
2019-10-30 05:53:36,245 [9127dd83-037b-4d39-812f-66db56af525a@group-BCADF287A12B-LeaderElection239] INFO  impl.RoleInfo (RoleInfo.java:shutdownLeaderElection(134)) - 9127dd83-037b-4d39-812f-66db56af525a: shutdown LeaderElection
2019-10-30 05:53:36,245 [9127dd83-037b-4d39-812f-66db56af525a@group-BCADF287A12B-LeaderElection239] INFO  impl.RoleInfo (RoleInfo.java:updateAndGet(143)) - 9127dd83-037b-4d39-812f-66db56af525a: start FollowerState
2019-10-30 05:53:36,292 [Thread-1829] INFO  impl.FollowerState (FollowerState.java:run(108)) - 9127dd83-037b-4d39-812f-66db56af525a@group-BCADF287A12B-FollowerState: change to CANDIDATE, lastRpcTime:46ms, electionTimeout:46ms
2019-10-30 05:53:36,292 [Thread-1829] INFO  impl.RoleInfo (RoleInfo.java:shutdownFollowerState(121)) - 9127dd83-037b-4d39-812f-66db56af525a: shutdown FollowerState
2019-10-30 05:53:36,292 [Thread-1829] INFO  impl.RaftServerImpl (RaftServerImpl.java:setRole(184)) - 9127dd83-037b-4d39-812f-66db56af525a@group-BCADF287A12B: changes role from  FOLLOWER to CANDIDATE at term 263 for changeToCandidate
2019-10-30 05:53:36,292 [Thread-1829] INFO  impl.RoleInfo (RoleInfo.java:updateAndGet(143)) - 9127dd83-037b-4d39-812f-66db56af525a: start LeaderElection
2019-10-30 05:53:36,306 [9127dd83-037b-4d39-812f-66db56af525a@group-BCADF287A12B-LeaderElection240] INFO  impl.LeaderElection (LeaderElection.java:askForVotes(178)) - 9127dd83-037b-4d39-812f-66db56af525a@group-BCADF287A12B-LeaderElection240: begin an election at term 264 for -1: [7fae3aed-4e76-4283-a599-f93f794625ab:192.168.34.21:41352, 58095e90-3010-492a-9083-43cf2e035c3f:192.168.34.21:45284, 9127dd83-037b-4d39-812f-66db56af525a:192.168.34.21:42063], old=null
2019-10-30 05:53:36,309 [grpc-default-executor-1] INFO  impl.RaftServerImpl (RaftServerImpl.java:setRole(184)) - 7fae3aed-4e76-4283-a599-f93f794625ab@group-BCADF287A12B: changes role from  FOLLOWER to FOLLOWER at term 264 for recognizeCandidate:9127dd83-037b-4d39-812f-66db56af525a
2019-10-30 05:53:36,309 [grpc-default-executor-1] INFO  impl.RoleInfo (RoleInfo.java:shutdownFollowerState(121)) - 7fae3aed-4e76-4283-a599-f93f794625ab: shutdown FollowerState
2019-10-30 05:53:36,309 [grpc-default-executor-1] INFO  impl.RoleInfo (RoleInfo.java:updateAndGet(143)) - 7fae3aed-4e76-4283-a599-f93f794625ab: start FollowerState
2019-10-30 05:53:36,309 [grpc-default-executor-2] INFO  impl.RaftServerImpl (RaftServerImpl.java:setRole(184)) - 58095e90-3010-492a-9083-43cf2e035c3f@group-BCADF287A12B: changes role from  FOLLOWER to FOLLOWER at term 264 for recognizeCandidate:9127dd83-037b-4d39-812f-66db56af525a
2019-10-30 05:53:36,309 [Thread-1827] INFO  impl.FollowerState (FollowerState.java:run(117)) - 7fae3aed-4e76-4283-a599-f93f794625ab@group-BCADF287A12B-FollowerState was interrupted: java.lang.InterruptedException: sleep interrupted
2019-10-30 05:53:36,309 [grpc-default-executor-2] INFO  impl.RoleInfo (RoleInfo.java:shutdownFollowerState(121)) - 58095e90-3010-492a-9083-43cf2e035c3f: shutdown FollowerState
2019-10-30 05:53:36,310 [grpc-default-executor-2] INFO  impl.RoleInfo (RoleInfo.java:updateAndGet(143)) - 58095e90-3010-492a-9083-43cf2e035c3f: start FollowerState
2019-10-30 05:53:36,310 [Thread-1828] INFO  impl.FollowerState (FollowerState.java:run(117)) - 58095e90-3010-492a-9083-43cf2e035c3f@group-BCADF287A12B-FollowerState was interrupted: java.lang.InterruptedException: sleep interrupted
2019-10-30 05:53:36,324 [9127dd83-037b-4d39-812f-66db56af525a@group-BCADF287A12B-LeaderElection240] INFO  impl.LeaderElection (LeaderElection.java:logAndReturn(56)) - 9127dd83-037b-4d39-812f-66db56af525a@group-BCADF287A12B-LeaderElection240: Election REJECTED; received 2 response(s) [9127dd83-037b-4d39-812f-66db56af525a<-7fae3aed-4e76-4283-a599-f93f794625ab#0:FAIL-t264, 9127dd83-037b-4d39-812f-66db56af525a<-58095e90-3010-492a-9083-43cf2e035c3f#0:FAIL-t264] and 0 exception(s); 9127dd83-037b-4d39-812f-66db56af525a@group-BCADF287A12B:t264, leader=null, voted=9127dd83-037b-4d39-812f-66db56af525a, raftlog=9127dd83-037b-4d39-812f-66db56af525a@group-BCADF287A12B-SegmentedRaftLog:OPENED:c-1,f-1,i0, conf=-1: [7fae3aed-4e76-4283-a599-f93f794625ab:192.168.34.21:41352, 58095e90-3010-492a-9083-43cf2e035c3f:192.168.34.21:45284, 9127dd83-037b-4d39-812f-66db56af525a:192.168.34.21:42063], old=null
2019-10-30 05:53:36,324 [9127dd83-037b-4d39-812f-66db56af525a@group-BCADF287A12B-LeaderElection240] INFO  impl.RaftServerImpl (RaftServerImpl.java:setRole(184)) - 9127dd83-037b-4d39-812f-66db56af525a@group-BCADF287A12B: changes role from CANDIDATE to FOLLOWER at term 264 for DISCOVERED_A_NEW_TERM
2019-10-30 05:53:36,324 [9127dd83-037b-4d39-812f-66db56af525a@group-BCADF287A12B-LeaderElection240] INFO  impl.RoleInfo (RoleInfo.java:shutdownLeaderElection(134)) - 9127dd83-037b-4d39-812f-66db56af525a: shutdown LeaderElection
2019-10-30 05:53:36,324 [9127dd83-037b-4d39-812f-66db56af525a@group-BCADF287A12B-LeaderElection240] INFO  impl.RoleInfo (RoleInfo.java:updateAndGet(143)) - 9127dd83-037b-4d39-812f-66db56af525a: start FollowerState
2019-10-30 05:53:36,333 [Thread-1835] INFO  impl.FollowerState (FollowerState.java:run(108)) - 9127dd83-037b-4d39-812f-66db56af525a@group-BCADF287A12B-FollowerState: change to CANDIDATE, lastRpcTime:9ms, electionTimeout:9ms
2019-10-30 05:53:36,334 [Thread-1835] INFO  impl.RoleInfo (RoleInfo.java:shutdownFollowerState(121)) - 9127dd83-037b-4d39-812f-66db56af525a: shutdown FollowerState
2019-10-30 05:53:36,334 [Thread-1835] INFO  impl.RaftServerImpl (RaftServerImpl.java:setRole(184)) - 9127dd83-037b-4d39-812f-66db56af525a@group-BCADF287A12B: changes role from  FOLLOWER to CANDIDATE at term 264 for changeToCandidate
2019-10-30 05:53:36,334 [Thread-1835] INFO  impl.RoleInfo (RoleInfo.java:updateAndGet(143)) - 9127dd83-037b-4d39-812f-66db56af525a: start LeaderElection
2019-10-30 05:53:36,341 [9127dd83-037b-4d39-812f-66db56af525a@group-BCADF287A12B-LeaderElection241] INFO  impl.LeaderElection (LeaderElection.java:askForVotes(178)) - 9127dd83-037b-4d39-812f-66db56af525a@group-BCADF287A12B-LeaderElection241: begin an election at term 265 for -1: [7fae3aed-4e76-4283-a599-f93f794625ab:192.168.34.21:41352, 58095e90-3010-492a-9083-43cf2e035c3f:192.168.34.21:45284, 9127dd83-037b-4d39-812f-66db56af525a:192.168.34.21:42063], old=null
2019-10-30 05:53:36,343 [grpc-default-executor-2] INFO  impl.RaftServerImpl (RaftServerImpl.java:setRole(184)) - 7fae3aed-4e76-4283-a599-f93f794625ab@group-BCADF287A12B: changes role from  FOLLOWER to FOLLOWER at term 265 for recognizeCandidate:9127dd83-037b-4d39-812f-66db56af525a
2019-10-30 05:53:36,343 [grpc-default-executor-2] INFO  impl.RoleInfo (RoleInfo.java:shutdownFollowerState(121)) - 7fae3aed-4e76-4283-a599-f93f794625ab: shutdown FollowerState
2019-10-30 05:53:36,343 [grpc-default-executor-2] INFO  impl.RoleInfo (RoleInfo.java:updateAndGet(143)) - 7fae3aed-4e76-4283-a599-f93f794625ab: start FollowerState
2019-10-30 05:53:36,343 [Thread-1833] INFO  impl.FollowerState (FollowerState.java:run(117)) - 7fae3aed-4e76-4283-a599-f93f794625ab@group-BCADF287A12B-FollowerState was interrupted: java.lang.InterruptedException: sleep interrupted
2019-10-30 05:53:36,343 [grpc-default-executor-1] INFO  impl.RaftServerImpl (RaftServerImpl.java:setRole(184)) - 58095e90-3010-492a-9083-43cf2e035c3f@group-BCADF287A12B: changes role from  FOLLOWER to FOLLOWER at term 265 for recognizeCandidate:9127dd83-037b-4d39-812f-66db56af525a
2019-10-30 05:53:36,343 [grpc-default-executor-1] INFO  impl.RoleInfo (RoleInfo.java:shutdownFollowerState(121)) - 58095e90-3010-492a-9083-43cf2e035c3f: shutdown FollowerState
2019-10-30 05:53:36,344 [grpc-default-executor-1] INFO  impl.RoleInfo (RoleInfo.java:updateAndGet(143)) - 58095e90-3010-492a-9083-43cf2e035c3f: start FollowerState
2019-10-30 05:53:36,344 [Thread-1834] INFO  impl.FollowerState (FollowerState.java:run(117)) - 58095e90-3010-492a-9083-43cf2e035c3f@group-BCADF287A12B-FollowerState was interrupted: java.lang.InterruptedException: sleep interrupted
2019-10-30 05:53:36,356 [9127dd83-037b-4d39-812f-66db56af525a@group-BCADF287A12B-LeaderElection241] INFO  impl.LeaderElection (LeaderElection.java:logAndReturn(56)) - 9127dd83-037b-4d39-812f-66db56af525a@group-BCADF287A12B-LeaderElection241: Election REJECTED; received 2 response(s) [9127dd83-037b-4d39-812f-66db56af525a<-7fae3aed-4e76-4283-a599-f93f794625ab#0:FAIL-t265, 9127dd83-037b-4d39-812f-66db56af525a<-58095e90-3010-492a-9083-43cf2e035c3f#0:FAIL-t265] and 0 exception(s); 9127dd83-037b-4d39-812f-66db56af525a@group-BCADF287A12B:t265, leader=null, voted=9127dd83-037b-4d39-812f-66db56af525a, raftlog=9127dd83-037b-4d39-812f-66db56af525a@group-BCADF287A12B-SegmentedRaftLog:OPENED:c-1,f-1,i0, conf=-1: [7fae3aed-4e76-4283-a599-f93f794625ab:192.168.34.21:41352, 58095e90-3010-492a-9083-43cf2e035c3f:192.168.34.21:45284, 9127dd83-037b-4d39-812f-66db56af525a:192.168.34.21:42063], old=null
2019-10-30 05:53:36,356 [9127dd83-037b-4d39-812f-66db56af525a@group-BCADF287A12B-LeaderElection241] INFO  impl.RaftServerImpl (RaftServerImpl.java:setRole(184)) - 9127dd83-037b-4d39-812f-66db56af525a@group-BCADF287A12B: changes role from CANDIDATE to FOLLOWER at term 265 for DISCOVERED_A_NEW_TERM
2019-10-30 05:53:36,356 [9127dd83-037b-4d39-812f-66db56af525a@group-BCADF287A12B-LeaderElection241] INFO  impl.RoleInfo (RoleInfo.java:shutdownLeaderElection(134)) - 9127dd83-037b-4d39-812f-66db56af525a: shutdown LeaderElection
2019-10-30 05:53:36,356 [9127dd83-037b-4d39-812f-66db56af525a@group-BCADF287A12B-LeaderElection241] INFO  impl.RoleInfo (RoleInfo.java:updateAndGet(143)) - 9127dd83-037b-4d39-812f-66db56af525a: start FollowerState
2019-10-30 05:53:36,405 [Thread-1843] INFO  impl.FollowerState (FollowerState.java:run(108)) - 9127dd83-037b-4d39-812f-66db56af525a@group-BCADF287A12B-FollowerState: change to CANDIDATE, lastRpcTime:48ms, electionTimeout:48ms
2019-10-30 05:53:36,405 [Thread-1843] INFO  impl.RoleInfo (RoleInfo.java:shutdownFollowerState(121)) - 9127dd83-037b-4d39-812f-66db56af525a: shutdown FollowerState
2019-10-30 05:53:36,405 [Thread-1843] INFO  impl.RaftServerImpl (RaftServerImpl.java:setRole(184)) - 9127dd83-037b-4d39-812f-66db56af525a@group-BCADF287A12B: changes role from  FOLLOWER to CANDIDATE at term 265 for changeToCandidate
2019-10-30 05:53:36,405 [Thread-1843] INFO  impl.RoleInfo (RoleInfo.java:updateAndGet(143)) - 9127dd83-037b-4d39-812f-66db56af525a: start LeaderElection
2019-10-30 05:53:36,410 [9127dd83-037b-4d39-812f-66db56af525a@group-BCADF287A12B-LeaderElection242] INFO  impl.LeaderElection (LeaderElection.java:askForVotes(178)) - 9127dd83-037b-4d39-812f-66db56af525a@group-BCADF287A12B-LeaderElection242: begin an election at term 266 for -1: [7fae3aed-4e76-4283-a599-f93f794625ab:192.168.34.21:41352, 58095e90-3010-492a-9083-43cf2e035c3f:192.168.34.21:45284, 9127dd83-037b-4d39-812f-66db56af525a:192.168.34.21:42063], old=null
2019-10-30 05:53:36,412 [grpc-default-executor-2] INFO  impl.RaftServerImpl (RaftServerImpl.java:setRole(184)) - 7fae3aed-4e76-4283-a599-f93f794625ab@group-BCADF287A12B: changes role from  FOLLOWER to FOLLOWER at term 266 for recognizeCandidate:9127dd83-037b-4d39-812f-66db56af525a
2019-10-30 05:53:36,412 [grpc-default-executor-2] INFO  impl.RoleInfo (RoleInfo.java:shutdownFollowerState(121)) - 7fae3aed-4e76-4283-a599-f93f794625ab: shutdown FollowerState
2019-10-30 05:53:36,412 [grpc-default-executor-1] INFO  impl.RaftServerImpl (RaftServerImpl.java:setRole(184)) - 58095e90-3010-492a-9083-43cf2e035c3f@group-BCADF287A12B: changes role from  FOLLOWER to FOLLOWER at term 266 for recognizeCandidate:9127dd83-037b-4d39-812f-66db56af525a
2019-10-30 05:53:36,413 [Thread-1839] INFO  impl.FollowerState (FollowerState.java:run(117)) - 7fae3aed-4e76-4283-a599-f93f794625ab@group-BCADF287A12B-FollowerState was interrupted: java.lang.InterruptedException: sleep interrupted
2019-10-30 05:53:36,412 [grpc-default-executor-2] INFO  impl.RoleInfo (RoleInfo.java:updateAndGet(143)) - 7fae3aed-4e76-4283-a599-f93f794625ab: start FollowerState
2019-10-30 05:53:36,413 [grpc-default-executor-1] INFO  impl.RoleInfo (RoleInfo.java:shutdownFollowerState(121)) - 58095e90-3010-492a-9083-43cf2e035c3f: shutdown FollowerState
2019-10-30 05:53:36,413 [grpc-default-executor-1] INFO  impl.RoleInfo (RoleInfo.java:updateAndGet(143)) - 58095e90-3010-492a-9083-43cf2e035c3f: start FollowerState
2019-10-30 05:53:36,413 [Thread-1840] INFO  impl.FollowerState (FollowerState.java:run(117)) - 58095e90-3010-492a-9083-43cf2e035c3f@group-BCADF287A12B-FollowerState was interrupted: java.lang.InterruptedException: sleep interrupted
2019-10-30 05:53:36,428 [9127dd83-037b-4d39-812f-66db56af525a@group-BCADF287A12B-LeaderElection242] INFO  impl.LeaderElection (LeaderElection.java:logAndReturn(56)) - 9127dd83-037b-4d39-812f-66db56af525a@group-BCADF287A12B-LeaderElection242: Election REJECTED; received 2 response(s) [9127dd83-037b-4d39-812f-66db56af525a<-7fae3aed-4e76-4283-a599-f93f794625ab#0:FAIL-t266, 9127dd83-037b-4d39-812f-66db56af525a<-58095e90-3010-492a-9083-43cf2e035c3f#0:FAIL-t266] and 0 exception(s); 9127dd83-037b-4d39-812f-66db56af525a@group-BCADF287A12B:t266, leader=null, voted=9127dd83-037b-4d39-812f-66db56af525a, raftlog=9127dd83-037b-4d39-812f-66db56af525a@group-BCADF287A12B-SegmentedRaftLog:OPENED:c-1,f-1,i0, conf=-1: [7fae3aed-4e76-4283-a599-f93f794625ab:192.168.34.21:41352, 58095e90-3010-492a-9083-43cf2e035c3f:192.168.34.21:45284, 9127dd83-037b-4d39-812f-66db56af525a:192.168.34.21:42063], old=null
2019-10-30 05:53:36,428 [9127dd83-037b-4d39-812f-66db56af525a@group-BCADF287A12B-LeaderElection242] INFO  impl.RaftServerImpl (RaftServerImpl.java:setRole(184)) - 9127dd83-037b-4d39-812f-66db56af525a@group-BCADF287A12B: changes role from CANDIDATE to FOLLOWER at term 266 for DISCOVERED_A_NEW_TERM
2019-10-30 05:53:36,428 [9127dd83-037b-4d39-812f-66db56af525a@group-BCADF287A12B-LeaderElection242] INFO  impl.RoleInfo (RoleInfo.java:shutdownLeaderElection(134)) - 9127dd83-037b-4d39-812f-66db56af525a: shutdown LeaderElection
2019-10-30 05:53:36,428 [9127dd83-037b-4d39-812f-66db56af525a@group-BCADF287A12B-LeaderElection242] INFO  impl.RoleInfo (RoleInfo.java:updateAndGet(143)) - 9127dd83-037b-4d39-812f-66db56af525a: start FollowerState
2019-10-30 05:53:36,585 [Thread-1849] INFO  impl.FollowerState (FollowerState.java:run(108)) - 9127dd83-037b-4d39-812f-66db56af525a@group-BCADF287A12B-FollowerState: change to CANDIDATE, lastRpcTime:156ms, electionTimeout:156ms
2019-10-30 05:53:36,585 [Thread-1849] INFO  impl.RoleInfo (RoleInfo.java:shutdownFollowerState(121)) - 9127dd83-037b-4d39-812f-66db56af525a: shutdown FollowerState
2019-10-30 05:53:36,585 [Thread-1849] INFO  impl.RaftServerImpl (RaftServerImpl.java:setRole(184)) - 9127dd83-037b-4d39-812f-66db56af525a@group-BCADF287A12B: changes role from  FOLLOWER to CANDIDATE at term 266 for changeToCandidate
2019-10-30 05:53:36,585 [Thread-1849] INFO  impl.RoleInfo (RoleInfo.java:updateAndGet(143)) - 9127dd83-037b-4d39-812f-66db56af525a: start LeaderElection
2019-10-30 05:53:36,595 [9127dd83-037b-4d39-812f-66db56af525a@group-BCADF287A12B-LeaderElection243] INFO  impl.LeaderElection (LeaderElection.java:askForVotes(178)) - 9127dd83-037b-4d39-812f-66db56af525a@group-BCADF287A12B-LeaderElection243: begin an election at term 267 for -1: [7fae3aed-4e76-4283-a599-f93f794625ab:192.168.34.21:41352, 58095e90-3010-492a-9083-43cf2e035c3f:192.168.34.21:45284, 9127dd83-037b-4d39-812f-66db56af525a:192.168.34.21:42063], old=null
2019-10-30 05:53:36,599 [grpc-default-executor-2] INFO  impl.RaftServerImpl (RaftServerImpl.java:setRole(184)) - 7fae3aed-4e76-4283-a599-f93f794625ab@group-BCADF287A12B: changes role from  FOLLOWER to FOLLOWER at term 267 for recognizeCandidate:9127dd83-037b-4d39-812f-66db56af525a
2019-10-30 05:53:36,599 [grpc-default-executor-2] INFO  impl.RoleInfo (RoleInfo.java:shutdownFollowerState(121)) - 7fae3aed-4e76-4283-a599-f93f794625ab: shutdown FollowerState
2019-10-30 05:53:36,599 [grpc-default-executor-2] INFO  impl.RoleInfo (RoleInfo.java:updateAndGet(143)) - 7fae3aed-4e76-4283-a599-f93f794625ab: start FollowerState
2019-10-30 05:53:36,599 [Thread-1847] INFO  impl.FollowerState (FollowerState.java:run(117)) - 7fae3aed-4e76-4283-a599-f93f794625ab@group-BCADF287A12B-FollowerState was interrupted: java.lang.InterruptedException: sleep interrupted
2019-10-30 05:53:36,599 [grpc-default-executor-1] INFO  impl.RaftServerImpl (RaftServerImpl.java:setRole(184)) - 58095e90-3010-492a-9083-43cf2e035c3f@group-BCADF287A12B: changes role from  FOLLOWER to FOLLOWER at term 267 for recognizeCandidate:9127dd83-037b-4d39-812f-66db56af525a
2019-10-30 05:53:36,599 [grpc-default-executor-1] INFO  impl.RoleInfo (RoleInfo.java:shutdownFollowerState(121)) - 58095e90-3010-492a-9083-43cf2e035c3f: shutdown FollowerState
2019-10-30 05:53:36,600 [grpc-default-executor-1] INFO  impl.RoleInfo (RoleInfo.java:updateAndGet(143)) - 58095e90-3010-492a-9083-43cf2e035c3f: start FollowerState
2019-10-30 05:53:36,600 [Thread-1848] INFO  impl.FollowerState (FollowerState.java:run(117)) - 58095e90-3010-492a-9083-43cf2e035c3f@group-BCADF287A12B-FollowerState was interrupted: java.lang.InterruptedException: sleep interrupted
2019-10-30 05:53:36,621 [9127dd83-037b-4d39-812f-66db56af525a@group-BCADF287A12B-LeaderElection243] INFO  impl.LeaderElection (LeaderElection.java:logAndReturn(56)) - 9127dd83-037b-4d39-812f-66db56af525a@group-BCADF287A12B-LeaderElection243: Election REJECTED; received 2 response(s) [9127dd83-037b-4d39-812f-66db56af525a<-7fae3aed-4e76-4283-a599-f93f794625ab#0:FAIL-t267, 9127dd83-037b-4d39-812f-66db56af525a<-58095e90-3010-492a-9083-43cf2e035c3f#0:FAIL-t267] and 0 exception(s); 9127dd83-037b-4d39-812f-66db56af525a@group-BCADF287A12B:t267, leader=null, voted=9127dd83-037b-4d39-812f-66db56af525a, raftlog=9127dd83-037b-4d39-812f-66db56af525a@group-BCADF287A12B-SegmentedRaftLog:OPENED:c-1,f-1,i0, conf=-1: [7fae3aed-4e76-4283-a599-f93f794625ab:192.168.34.21:41352, 58095e90-3010-492a-9083-43cf2e035c3f:192.168.34.21:45284, 9127dd83-037b-4d39-812f-66db56af525a:192.168.34.21:42063], old=null
2019-10-30 05:53:36,621 [9127dd83-037b-4d39-812f-66db56af525a@group-BCADF287A12B-LeaderElection243] INFO  impl.RaftServerImpl (RaftServerImpl.java:setRole(184)) - 9127dd83-037b-4d39-812f-66db56af525a@group-BCADF287A12B: changes role from CANDIDATE to FOLLOWER at term 267 for DISCOVERED_A_NEW_TERM
2019-10-30 05:53:36,621 [9127dd83-037b-4d39-812f-66db56af525a@group-BCADF287A12B-LeaderElection243] INFO  impl.RoleInfo (RoleInfo.java:shutdownLeaderElection(134)) - 9127dd83-037b-4d39-812f-66db56af525a: shutdown LeaderElection
2019-10-30 05:53:36,621 [9127dd83-037b-4d39-812f-66db56af525a@group-BCADF287A12B-LeaderElection243] INFO  impl.RoleInfo (RoleInfo.java:updateAndGet(143)) - 9127dd83-037b-4d39-812f-66db56af525a: start FollowerState
2019-10-30 05:53:36,761 [Thread-1855] INFO  impl.FollowerState (FollowerState.java:run(108)) - 9127dd83-037b-4d39-812f-66db56af525a@group-BCADF287A12B-FollowerState: change to CANDIDATE, lastRpcTime:139ms, electionTimeout:139ms
2019-10-30 05:53:36,761 [Thread-1855] INFO  impl.RoleInfo (RoleInfo.java:shutdownFollowerState(121)) - 9127dd83-037b-4d39-812f-66db56af525a: shutdown FollowerState
2019-10-30 05:53:36,761 [Thread-1855] INFO  impl.RaftServerImpl (RaftServerImpl.java:setRole(184)) - 9127dd83-037b-4d39-812f-66db56af525a@group-BCADF287A12B: changes role from  FOLLOWER to CANDIDATE at term 267 for changeToCandidate
2019-10-30 05:53:36,761 [Thread-1855] INFO  impl.RoleInfo (RoleInfo.java:updateAndGet(143)) - 9127dd83-037b-4d39-812f-66db56af525a: start LeaderElection
2019-10-30 05:53:36,775 [9127dd83-037b-4d39-812f-66db56af525a@group-BCADF287A12B-LeaderElection244] INFO  impl.LeaderElection (LeaderElection.java:askForVotes(178)) - 9127dd83-037b-4d39-812f-66db56af525a@group-BCADF287A12B-LeaderElection244: begin an election at term 268 for -1: [7fae3aed-4e76-4283-a599-f93f794625ab:192.168.34.21:41352, 58095e90-3010-492a-9083-43cf2e035c3f:192.168.34.21:45284, 9127dd83-037b-4d39-812f-66db56af525a:192.168.34.21:42063], old=null
2019-10-30 05:53:36,777 [grpc-default-executor-2] INFO  impl.RaftServerImpl (RaftServerImpl.java:setRole(184)) - 58095e90-3010-492a-9083-43cf2e035c3f@group-BCADF287A12B: changes role from  FOLLOWER to FOLLOWER at term 268 for recognizeCandidate:9127dd83-037b-4d39-812f-66db56af525a
2019-10-30 05:53:36,778 [grpc-default-executor-2] INFO  impl.RoleInfo (RoleInfo.java:shutdownFollowerState(121)) - 58095e90-3010-492a-9083-43cf2e035c3f: shutdown FollowerState
2019-10-30 05:53:36,778 [grpc-default-executor-1] INFO  impl.RaftServerImpl (RaftServerImpl.java:setRole(184)) - 7fae3aed-4e76-4283-a599-f93f794625ab@group-BCADF287A12B: changes role from  FOLLOWER to FOLLOWER at term 268 for recognizeCandidate:9127dd83-037b-4d39-812f-66db56af525a
2019-10-30 05:53:36,778 [Thread-1854] INFO  impl.FollowerState (FollowerState.java:run(117)) - 58095e90-3010-492a-9083-43cf2e035c3f@group-BCADF287A12B-FollowerState was interrupted: java.lang.InterruptedException: sleep interrupted
2019-10-30 05:53:36,778 [grpc-default-executor-2] INFO  impl.RoleInfo (RoleInfo.java:updateAndGet(143)) - 58095e90-3010-492a-9083-43cf2e035c3f: start FollowerState
2019-10-30 05:53:36,778 [grpc-default-executor-1] INFO  impl.RoleInfo (RoleInfo.java:shutdownFollowerState(121)) - 7fae3aed-4e76-4283-a599-f93f794625ab: shutdown FollowerState
2019-10-30 05:53:36,779 [grpc-default-executor-1] INFO  impl.RoleInfo (RoleInfo.java:updateAndGet(143)) - 7fae3aed-4e76-4283-a599-f93f794625ab: start FollowerState
2019-10-30 05:53:36,779 [Thread-1853] INFO  impl.FollowerState (FollowerState.java:run(117)) - 7fae3aed-4e76-4283-a599-f93f794625ab@group-BCADF287A12B-FollowerState was interrupted: java.lang.InterruptedException: sleep interrupted
2019-10-30 05:53:36,793 [9127dd83-037b-4d39-812f-66db56af525a@group-BCADF287A12B-LeaderElection244] INFO  impl.LeaderElection (LeaderElection.java:logAndReturn(56)) - 9127dd83-037b-4d39-812f-66db56af525a@group-BCADF287A12B-LeaderElection244: Election REJECTED; received 2 response(s) [9127dd83-037b-4d39-812f-66db56af525a<-7fae3aed-4e76-4283-a599-f93f794625ab#0:FAIL-t268, 9127dd83-037b-4d39-812f-66db56af525a<-58095e90-3010-492a-9083-43cf2e035c3f#0:FAIL-t268] and 0 exception(s); 9127dd83-037b-4d39-812f-66db56af525a@group-BCADF287A12B:t268, leader=null, voted=9127dd83-037b-4d39-812f-66db56af525a, raftlog=9127dd83-037b-4d39-812f-66db56af525a@group-BCADF287A12B-SegmentedRaftLog:OPENED:c-1,f-1,i0, conf=-1: [7fae3aed-4e76-4283-a599-f93f794625ab:192.168.34.21:41352, 58095e90-3010-492a-9083-43cf2e035c3f:192.168.34.21:45284, 9127dd83-037b-4d39-812f-66db56af525a:192.168.34.21:42063], old=null
2019-10-30 05:53:36,793 [9127dd83-037b-4d39-812f-66db56af525a@group-BCADF287A12B-LeaderElection244] INFO  impl.RaftServerImpl (RaftServerImpl.java:setRole(184)) - 9127dd83-037b-4d39-812f-66db56af525a@group-BCADF287A12B: changes role from CANDIDATE to FOLLOWER at term 268 for DISCOVERED_A_NEW_TERM
2019-10-30 05:53:36,793 [9127dd83-037b-4d39-812f-66db56af525a@group-BCADF287A12B-LeaderElection244] INFO  impl.RoleInfo (RoleInfo.java:shutdownLeaderElection(134)) - 9127dd83-037b-4d39-812f-66db56af525a: shutdown LeaderElection
2019-10-30 05:53:36,793 [9127dd83-037b-4d39-812f-66db56af525a@group-BCADF287A12B-LeaderElection244] INFO  impl.RoleInfo (RoleInfo.java:updateAndGet(143)) - 9127dd83-037b-4d39-812f-66db56af525a: start FollowerState
2019-10-30 05:53:36,813 [Thread-1861] INFO  impl.FollowerState (FollowerState.java:run(108)) - 9127dd83-037b-4d39-812f-66db56af525a@group-BCADF287A12B-FollowerState: change to CANDIDATE, lastRpcTime:20ms, electionTimeout:20ms
2019-10-30 05:53:36,813 [Thread-1861] INFO  impl.RoleInfo (RoleInfo.java:shutdownFollowerState(121)) - 9127dd83-037b-4d39-812f-66db56af525a: shutdown FollowerState
2019-10-30 05:53:36,814 [Thread-1861] INFO  impl.RaftServerImpl (RaftServerImpl.java:setRole(184)) - 9127dd83-037b-4d39-812f-66db56af525a@group-BCADF287A12B: changes role from  FOLLOWER to CANDIDATE at term 268 for changeToCandidate
2019-10-30 05:53:36,814 [Thread-1861] INFO  impl.RoleInfo (RoleInfo.java:updateAndGet(143)) - 9127dd83-037b-4d39-812f-66db56af525a: start LeaderElection
2019-10-30 05:53:36,820 [9127dd83-037b-4d39-812f-66db56af525a@group-BCADF287A12B-LeaderElection245] INFO  impl.LeaderElection (LeaderElection.java:askForVotes(178)) - 9127dd83-037b-4d39-812f-66db56af525a@group-BCADF287A12B-LeaderElection245: begin an election at term 269 for -1: [7fae3aed-4e76-4283-a599-f93f794625ab:192.168.34.21:41352, 58095e90-3010-492a-9083-43cf2e035c3f:192.168.34.21:45284, 9127dd83-037b-4d39-812f-66db56af525a:192.168.34.21:42063], old=null
2019-10-30 05:53:36,822 [grpc-default-executor-1] INFO  impl.RaftServerImpl (RaftServerImpl.java:setRole(184)) - 58095e90-3010-492a-9083-43cf2e035c3f@group-BCADF287A12B: changes role from  FOLLOWER to FOLLOWER at term 269 for recognizeCandidate:9127dd83-037b-4d39-812f-66db56af525a
2019-10-30 05:53:36,823 [grpc-default-executor-1] INFO  impl.RoleInfo (RoleInfo.java:shutdownFollowerState(121)) - 58095e90-3010-492a-9083-43cf2e035c3f: shutdown FollowerState
2019-10-30 05:53:36,823 [grpc-default-executor-2] INFO  impl.RaftServerImpl (RaftServerImpl.java:setRole(184)) - 7fae3aed-4e76-4283-a599-f93f794625ab@group-BCADF287A12B: changes role from  FOLLOWER to FOLLOWER at term 269 for recognizeCandidate:9127dd83-037b-4d39-812f-66db56af525a
2019-10-30 05:53:36,823 [Thread-1859] INFO  impl.FollowerState (FollowerState.java:run(117)) - 58095e90-3010-492a-9083-43cf2e035c3f@group-BCADF287A12B-FollowerState was interrupted: java.lang.InterruptedException: sleep interrupted
2019-10-30 05:53:36,823 [grpc-default-executor-1] INFO  impl.RoleInfo (RoleInfo.java:updateAndGet(143)) - 58095e90-3010-492a-9083-43cf2e035c3f: start FollowerState
2019-10-30 05:53:36,823 [grpc-default-executor-2] INFO  impl.RoleInfo (RoleInfo.java:shutdownFollowerState(121)) - 7fae3aed-4e76-4283-a599-f93f794625ab: shutdown FollowerState
2019-10-30 05:53:36,823 [grpc-default-executor-2] INFO  impl.RoleInfo (RoleInfo.java:updateAndGet(143)) - 7fae3aed-4e76-4283-a599-f93f794625ab: start FollowerState
2019-10-30 05:53:36,823 [Thread-1860] INFO  impl.FollowerState (FollowerState.java:run(117)) - 7fae3aed-4e76-4283-a599-f93f794625ab@group-BCADF287A12B-FollowerState was interrupted: java.lang.InterruptedException: sleep interrupted
2019-10-30 05:53:36,839 [9127dd83-037b-4d39-812f-66db56af525a@group-BCADF287A12B-LeaderElection245] INFO  impl.LeaderElection (LeaderElection.java:logAndReturn(56)) - 9127dd83-037b-4d39-812f-66db56af525a@group-BCADF287A12B-LeaderElection245: Election REJECTED; received 2 response(s) [9127dd83-037b-4d39-812f-66db56af525a<-7fae3aed-4e76-4283-a599-f93f794625ab#0:FAIL-t269, 9127dd83-037b-4d39-812f-66db56af525a<-58095e90-3010-492a-9083-43cf2e035c3f#0:FAIL-t269] and 0 exception(s); 9127dd83-037b-4d39-812f-66db56af525a@group-BCADF287A12B:t269, leader=null, voted=9127dd83-037b-4d39-812f-66db56af525a, raftlog=9127dd83-037b-4d39-812f-66db56af525a@group-BCADF287A12B-SegmentedRaftLog:OPENED:c-1,f-1,i0, conf=-1: [7fae3aed-4e76-4283-a599-f93f794625ab:192.168.34.21:41352, 58095e90-3010-492a-9083-43cf2e035c3f:192.168.34.21:45284, 9127dd83-037b-4d39-812f-66db56af525a:192.168.34.21:42063], old=null
2019-10-30 05:53:36,839 [9127dd83-037b-4d39-812f-66db56af525a@group-BCADF287A12B-LeaderElection245] INFO  impl.RaftServerImpl (RaftServerImpl.java:setRole(184)) - 9127dd83-037b-4d39-812f-66db56af525a@group-BCADF287A12B: changes role from CANDIDATE to FOLLOWER at term 269 for DISCOVERED_A_NEW_TERM
2019-10-30 05:53:36,839 [9127dd83-037b-4d39-812f-66db56af525a@group-BCADF287A12B-LeaderElection245] INFO  impl.RoleInfo (RoleInfo.java:shutdownLeaderElection(134)) - 9127dd83-037b-4d39-812f-66db56af525a: shutdown LeaderElection
2019-10-30 05:53:36,839 [9127dd83-037b-4d39-812f-66db56af525a@group-BCADF287A12B-LeaderElection245] INFO  impl.RoleInfo (RoleInfo.java:updateAndGet(143)) - 9127dd83-037b-4d39-812f-66db56af525a: start FollowerState
2019-10-30 05:53:36,958 [Thread-1867] INFO  impl.FollowerState (FollowerState.java:run(108)) - 9127dd83-037b-4d39-812f-66db56af525a@group-BCADF287A12B-FollowerState: change to CANDIDATE, lastRpcTime:118ms, electionTimeout:118ms
2019-10-30 05:53:36,958 [Thread-1867] INFO  impl.RoleInfo (RoleInfo.java:shutdownFollowerState(121)) - 9127dd83-037b-4d39-812f-66db56af525a: shutdown FollowerState
2019-10-30 05:53:36,958 [Thread-1867] INFO  impl.RaftServerImpl (RaftServerImpl.java:setRole(184)) - 9127dd83-037b-4d39-812f-66db56af525a@group-BCADF287A12B: changes role from  FOLLOWER to CANDIDATE at term 269 for changeToCandidate
2019-10-30 05:53:36,958 [Thread-1867] INFO  impl.RoleInfo (RoleInfo.java:updateAndGet(143)) - 9127dd83-037b-4d39-812f-66db56af525a: start LeaderElection
2019-10-30 05:53:36,972 [9127dd83-037b-4d39-812f-66db56af525a@group-BCADF287A12B-LeaderElection246] INFO  impl.LeaderElection (LeaderElection.java:askForVotes(178)) - 9127dd83-037b-4d39-812f-66db56af525a@group-BCADF287A12B-LeaderElection246: begin an election at term 270 for -1: [7fae3aed-4e76-4283-a599-f93f794625ab:192.168.34.21:41352, 58095e90-3010-492a-9083-43cf2e035c3f:192.168.34.21:45284, 9127dd83-037b-4d39-812f-66db56af525a:192.168.34.21:42063], old=null
2019-10-30 05:53:36,974 [grpc-default-executor-1] INFO  impl.RaftServerImpl (RaftServerImpl.java:setRole(184)) - 58095e90-3010-492a-9083-43cf2e035c3f@group-BCADF287A12B: changes role from  FOLLOWER to FOLLOWER at term 270 for recognizeCandidate:9127dd83-037b-4d39-812f-66db56af525a
2019-10-30 05:53:36,974 [grpc-default-executor-1] INFO  impl.RoleInfo (RoleInfo.java:shutdownFollowerState(121)) - 58095e90-3010-492a-9083-43cf2e035c3f: shutdown FollowerState
2019-10-30 05:53:36,974 [grpc-default-executor-2] INFO  impl.RaftServerImpl (RaftServerImpl.java:setRole(184)) - 7fae3aed-4e76-4283-a599-f93f794625ab@group-BCADF287A12B: changes role from  FOLLOWER to FOLLOWER at term 270 for recognizeCandidate:9127dd83-037b-4d39-812f-66db56af525a
2019-10-30 05:53:36,974 [grpc-default-executor-2] INFO  impl.RoleInfo (RoleInfo.java:shutdownFollowerState(121)) - 7fae3aed-4e76-4283-a599-f93f794625ab: shutdown FollowerState
2019-10-30 05:53:36,974 [Thread-1865] INFO  impl.FollowerState (FollowerState.java:run(117)) - 58095e90-3010-492a-9083-43cf2e035c3f@group-BCADF287A12B-FollowerState was interrupted: java.lang.InterruptedException: sleep interrupted
2019-10-30 05:53:36,974 [grpc-default-executor-1] INFO  impl.RoleInfo (RoleInfo.java:updateAndGet(143)) - 58095e90-3010-492a-9083-43cf2e035c3f: start FollowerState
2019-10-30 05:53:36,975 [Thread-1866] INFO  impl.FollowerState (FollowerState.java:run(117)) - 7fae3aed-4e76-4283-a599-f93f794625ab@group-BCADF287A12B-FollowerState was interrupted: java.lang.InterruptedException: sleep interrupted
2019-10-30 05:53:36,975 [grpc-default-executor-2] INFO  impl.RoleInfo (RoleInfo.java:updateAndGet(143)) - 7fae3aed-4e76-4283-a599-f93f794625ab: start FollowerState
2019-10-30 05:53:36,990 [9127dd83-037b-4d39-812f-66db56af525a@group-BCADF287A12B-LeaderElection246] INFO  impl.LeaderElection (LeaderElection.java:logAndReturn(56)) - 9127dd83-037b-4d39-812f-66db56af525a@group-BCADF287A12B-LeaderElection246: Election TIMEOUT; received 1 response(s) [9127dd83-037b-4d39-812f-66db56af525a<-7fae3aed-4e76-4283-a599-f93f794625ab#0:FAIL-t270] and 0 exception(s); 9127dd83-037b-4d39-812f-66db56af525a@group-BCADF287A12B:t270, leader=null, voted=9127dd83-037b-4d39-812f-66db56af525a, raftlog=9127dd83-037b-4d39-812f-66db56af525a@group-BCADF287A12B-SegmentedRaftLog:OPENED:c-1,f-1,i0, conf=-1: [7fae3aed-4e76-4283-a599-f93f794625ab:192.168.34.21:41352, 58095e90-3010-492a-9083-43cf2e035c3f:192.168.34.21:45284, 9127dd83-037b-4d39-812f-66db56af525a:192.168.34.21:42063], old=null
2019-10-30 05:53:37,005 [9127dd83-037b-4d39-812f-66db56af525a@group-BCADF287A12B-LeaderElection246] INFO  impl.LeaderElection (LeaderElection.java:askForVotes(178)) - 9127dd83-037b-4d39-812f-66db56af525a@group-BCADF287A12B-LeaderElection246: begin an election at term 271 for -1: [7fae3aed-4e76-4283-a599-f93f794625ab:192.168.34.21:41352, 58095e90-3010-492a-9083-43cf2e035c3f:192.168.34.21:45284, 9127dd83-037b-4d39-812f-66db56af525a:192.168.34.21:42063], old=null
2019-10-30 05:53:37,009 [grpc-default-executor-1] INFO  impl.RaftServerImpl (RaftServerImpl.java:setRole(184)) - 58095e90-3010-492a-9083-43cf2e035c3f@group-BCADF287A12B: changes role from  FOLLOWER to FOLLOWER at term 271 for recognizeCandidate:9127dd83-037b-4d39-812f-66db56af525a
2019-10-30 05:53:37,009 [grpc-default-executor-2] INFO  impl.RaftServerImpl (RaftServerImpl.java:setRole(184)) - 7fae3aed-4e76-4283-a599-f93f794625ab@group-BCADF287A12B: changes role from  FOLLOWER to FOLLOWER at term 271 for recognizeCandidate:9127dd83-037b-4d39-812f-66db56af525a
2019-10-30 05:53:37,009 [grpc-default-executor-1] INFO  impl.RoleInfo (RoleInfo.java:shutdownFollowerState(121)) - 58095e90-3010-492a-9083-43cf2e035c3f: shutdown FollowerState
2019-10-30 05:53:37,009 [grpc-default-executor-2] INFO  impl.RoleInfo (RoleInfo.java:shutdownFollowerState(121)) - 7fae3aed-4e76-4283-a599-f93f794625ab: shutdown FollowerState
2019-10-30 05:53:37,009 [Thread-1871] INFO  impl.FollowerState (FollowerState.java:run(117)) - 58095e90-3010-492a-9083-43cf2e035c3f@group-BCADF287A12B-FollowerState was interrupted: java.lang.InterruptedException: sleep interrupted
2019-10-30 05:53:37,009 [Thread-1872] INFO  impl.FollowerState (FollowerState.java:run(117)) - 7fae3aed-4e76-4283-a599-f93f794625ab@group-BCADF287A12B-FollowerState was interrupted: java.lang.InterruptedException: sleep interrupted
2019-10-30 05:53:37,009 [grpc-default-executor-1] INFO  impl.RoleInfo (RoleInfo.java:updateAndGet(143)) - 58095e90-3010-492a-9083-43cf2e035c3f: start FollowerState
2019-10-30 05:53:37,009 [grpc-default-executor-2] INFO  impl.RoleInfo (RoleInfo.java:updateAndGet(143)) - 7fae3aed-4e76-4283-a599-f93f794625ab: start FollowerState
2019-10-30 05:53:37,019 [9127dd83-037b-4d39-812f-66db56af525a@group-BCADF287A12B-LeaderElection246] INFO  impl.LeaderElection (LeaderElection.java:logAndReturn(56)) - 9127dd83-037b-4d39-812f-66db56af525a@group-BCADF287A12B-LeaderElection246: Election REJECTED; received 2 response(s) [9127dd83-037b-4d39-812f-66db56af525a<-7fae3aed-4e76-4283-a599-f93f794625ab#0:FAIL-t271, 9127dd83-037b-4d39-812f-66db56af525a<-58095e90-3010-492a-9083-43cf2e035c3f#0:FAIL-t271] and 0 exception(s); 9127dd83-037b-4d39-812f-66db56af525a@group-BCADF287A12B:t271, leader=null, voted=9127dd83-037b-4d39-812f-66db56af525a, raftlog=9127dd83-037b-4d39-812f-66db56af525a@group-BCADF287A12B-SegmentedRaftLog:OPENED:c-1,f-1,i0, conf=-1: [7fae3aed-4e76-4283-a599-f93f794625ab:192.168.34.21:41352, 58095e90-3010-492a-9083-43cf2e035c3f:192.168.34.21:45284, 9127dd83-037b-4d39-812f-66db56af525a:192.168.34.21:42063], old=null
2019-10-30 05:53:37,019 [9127dd83-037b-4d39-812f-66db56af525a@group-BCADF287A12B-LeaderElection246] INFO  impl.RaftServerImpl (RaftServerImpl.java:setRole(184)) - 9127dd83-037b-4d39-812f-66db56af525a@group-BCADF287A12B: changes role from CANDIDATE to FOLLOWER at term 271 for DISCOVERED_A_NEW_TERM
2019-10-30 05:53:37,019 [9127dd83-037b-4d39-812f-66db56af525a@group-BCADF287A12B-LeaderElection246] INFO  impl.RoleInfo (RoleInfo.java:shutdownLeaderElection(134)) - 9127dd83-037b-4d39-812f-66db56af525a: shutdown LeaderElection
2019-10-30 05:53:37,019 [9127dd83-037b-4d39-812f-66db56af525a@group-BCADF287A12B-LeaderElection246] INFO  impl.RoleInfo (RoleInfo.java:updateAndGet(143)) - 9127dd83-037b-4d39-812f-66db56af525a: start FollowerState
2019-10-30 05:53:37,102 [Thread-1877] INFO  impl.FollowerState (FollowerState.java:run(108)) - 9127dd83-037b-4d39-812f-66db56af525a@group-BCADF287A12B-FollowerState: change to CANDIDATE, lastRpcTime:82ms, electionTimeout:82ms
2019-10-30 05:53:37,102 [Thread-1877] INFO  impl.RoleInfo (RoleInfo.java:shutdownFollowerState(121)) - 9127dd83-037b-4d39-812f-66db56af525a: shutdown FollowerState
2019-10-30 05:53:37,102 [Thread-1877] INFO  impl.RaftServerImpl (RaftServerImpl.java:setRole(184)) - 9127dd83-037b-4d39-812f-66db56af525a@group-BCADF287A12B: changes role from  FOLLOWER to CANDIDATE at term 271 for changeToCandidate
2019-10-30 05:53:37,102 [Thread-1877] INFO  impl.RoleInfo (RoleInfo.java:updateAndGet(143)) - 9127dd83-037b-4d39-812f-66db56af525a: start LeaderElection
2019-10-30 05:53:37,109 [9127dd83-037b-4d39-812f-66db56af525a@group-BCADF287A12B-LeaderElection247] INFO  impl.LeaderElection (LeaderElection.java:askForVotes(178)) - 9127dd83-037b-4d39-812f-66db56af525a@group-BCADF287A12B-LeaderElection247: begin an election at term 272 for -1: [7fae3aed-4e76-4283-a599-f93f794625ab:192.168.34.21:41352, 58095e90-3010-492a-9083-43cf2e035c3f:192.168.34.21:45284, 9127dd83-037b-4d39-812f-66db56af525a:192.168.34.21:42063], old=null
2019-10-30 05:53:37,111 [grpc-default-executor-1] INFO  impl.RaftServerImpl (RaftServerImpl.java:setRole(184)) - 58095e90-3010-492a-9083-43cf2e035c3f@group-BCADF287A12B: changes role from  FOLLOWER to FOLLOWER at term 272 for recognizeCandidate:9127dd83-037b-4d39-812f-66db56af525a
2019-10-30 05:53:37,111 [grpc-default-executor-1] INFO  impl.RoleInfo (RoleInfo.java:shutdownFollowerState(121)) - 58095e90-3010-492a-9083-43cf2e035c3f: shutdown FollowerState
2019-10-30 05:53:37,111 [grpc-default-executor-1] INFO  impl.RoleInfo (RoleInfo.java:updateAndGet(143)) - 58095e90-3010-492a-9083-43cf2e035c3f: start FollowerState
2019-10-30 05:53:37,111 [Thread-1875] INFO  impl.FollowerState (FollowerState.java:run(117)) - 58095e90-3010-492a-9083-43cf2e035c3f@group-BCADF287A12B-FollowerState was interrupted: java.lang.InterruptedException: sleep interrupted
2019-10-30 05:53:37,112 [grpc-default-executor-2] INFO  impl.RaftServerImpl (RaftServerImpl.java:setRole(184)) - 7fae3aed-4e76-4283-a599-f93f794625ab@group-BCADF287A12B: changes role from  FOLLOWER to FOLLOWER at term 272 for recognizeCandidate:9127dd83-037b-4d39-812f-66db56af525a
2019-10-30 05:53:37,112 [grpc-default-executor-2] INFO  impl.RoleInfo (RoleInfo.java:shutdownFollowerState(121)) - 7fae3aed-4e76-4283-a599-f93f794625ab: shutdown FollowerState
2019-10-30 05:53:37,112 [grpc-default-executor-2] INFO  impl.RoleInfo (RoleInfo.java:updateAndGet(143)) - 7fae3aed-4e76-4283-a599-f93f794625ab: start FollowerState
2019-10-30 05:53:37,112 [Thread-1876] INFO  impl.FollowerState (FollowerState.java:run(117)) - 7fae3aed-4e76-4283-a599-f93f794625ab@group-BCADF287A12B-FollowerState was interrupted: java.lang.InterruptedException: sleep interrupted
2019-10-30 05:53:37,130 [9127dd83-037b-4d39-812f-66db56af525a@group-BCADF287A12B-LeaderElection247] INFO  impl.LeaderElection (LeaderElection.java:logAndReturn(56)) - 9127dd83-037b-4d39-812f-66db56af525a@group-BCADF287A12B-LeaderElection247: Election REJECTED; received 2 response(s) [9127dd83-037b-4d39-812f-66db56af525a<-7fae3aed-4e76-4283-a599-f93f794625ab#0:FAIL-t272, 9127dd83-037b-4d39-812f-66db56af525a<-58095e90-3010-492a-9083-43cf2e035c3f#0:FAIL-t272] and 0 exception(s); 9127dd83-037b-4d39-812f-66db56af525a@group-BCADF287A12B:t272, leader=null, voted=9127dd83-037b-4d39-812f-66db56af525a, raftlog=9127dd83-037b-4d39-812f-66db56af525a@group-BCADF287A12B-SegmentedRaftLog:OPENED:c-1,f-1,i0, conf=-1: [7fae3aed-4e76-4283-a599-f93f794625ab:192.168.34.21:41352, 58095e90-3010-492a-9083-43cf2e035c3f:192.168.34.21:45284, 9127dd83-037b-4d39-812f-66db56af525a:192.168.34.21:42063], old=null
2019-10-30 05:53:37,130 [9127dd83-037b-4d39-812f-66db56af525a@group-BCADF287A12B-LeaderElection247] INFO  impl.RaftServerImpl (RaftServerImpl.java:setRole(184)) - 9127dd83-037b-4d39-812f-66db56af525a@group-BCADF287A12B: changes role from CANDIDATE to FOLLOWER at term 272 for DISCOVERED_A_NEW_TERM
2019-10-30 05:53:37,130 [9127dd83-037b-4d39-812f-66db56af525a@group-BCADF287A12B-LeaderElection247] INFO  impl.RoleInfo (RoleInfo.java:shutdownLeaderElection(134)) - 9127dd83-037b-4d39-812f-66db56af525a: shutdown LeaderElection
2019-10-30 05:53:37,130 [9127dd83-037b-4d39-812f-66db56af525a@group-BCADF287A12B-LeaderElection247] INFO  impl.RoleInfo (RoleInfo.java:updateAndGet(143)) - 9127dd83-037b-4d39-812f-66db56af525a: start FollowerState
2019-10-30 05:53:37,310 [Thread-1883] INFO  impl.FollowerState (FollowerState.java:run(108)) - 9127dd83-037b-4d39-812f-66db56af525a@group-BCADF287A12B-FollowerState: change to CANDIDATE, lastRpcTime:180ms, electionTimeout:180ms
2019-10-30 05:53:37,311 [Thread-1883] INFO  impl.RoleInfo (RoleInfo.java:shutdownFollowerState(121)) - 9127dd83-037b-4d39-812f-66db56af525a: shutdown FollowerState
2019-10-30 05:53:37,311 [Thread-1883] INFO  impl.RaftServerImpl (RaftServerImpl.java:setRole(184)) - 9127dd83-037b-4d39-812f-66db56af525a@group-BCADF287A12B: changes role from  FOLLOWER to CANDIDATE at term 272 for changeToCandidate
2019-10-30 05:53:37,311 [Thread-1883] INFO  impl.RoleInfo (RoleInfo.java:updateAndGet(143)) - 9127dd83-037b-4d39-812f-66db56af525a: start LeaderElection
2019-10-30 05:53:37,325 [9127dd83-037b-4d39-812f-66db56af525a@group-BCADF287A12B-LeaderElection248] INFO  impl.LeaderElection (LeaderElection.java:askForVotes(178)) - 9127dd83-037b-4d39-812f-66db56af525a@group-BCADF287A12B-LeaderElection248: begin an election at term 273 for -1: [7fae3aed-4e76-4283-a599-f93f794625ab:192.168.34.21:41352, 58095e90-3010-492a-9083-43cf2e035c3f:192.168.34.21:45284, 9127dd83-037b-4d39-812f-66db56af525a:192.168.34.21:42063], old=null
2019-10-30 05:53:37,327 [grpc-default-executor-2] INFO  impl.RaftServerImpl (RaftServerImpl.java:setRole(184)) - 7fae3aed-4e76-4283-a599-f93f794625ab@group-BCADF287A12B: changes role from  FOLLOWER to FOLLOWER at term 273 for recognizeCandidate:9127dd83-037b-4d39-812f-66db56af525a
2019-10-30 05:53:37,327 [grpc-default-executor-2] INFO  impl.RoleInfo (RoleInfo.java:shutdownFollowerState(121)) - 7fae3aed-4e76-4283-a599-f93f794625ab: shutdown FollowerState
2019-10-30 05:53:37,327 [grpc-default-executor-1] INFO  impl.RaftServerImpl (RaftServerImpl.java:setRole(184)) - 58095e90-3010-492a-9083-43cf2e035c3f@group-BCADF287A12B: changes role from  FOLLOWER to FOLLOWER at term 273 for recognizeCandidate:9127dd83-037b-4d39-812f-66db56af525a
2019-10-30 05:53:37,328 [grpc-default-executor-1] INFO  impl.RoleInfo (RoleInfo.java:shutdownFollowerState(121)) - 58095e90-3010-492a-9083-43cf2e035c3f: shutdown FollowerState
2019-10-30 05:53:37,327 [Thread-1882] INFO  impl.FollowerState (FollowerState.java:run(117)) - 7fae3aed-4e76-4283-a599-f93f794625ab@group-BCADF287A12B-FollowerState was interrupted: java.lang.InterruptedException: sleep interrupted
2019-10-30 05:53:37,327 [grpc-default-executor-2] INFO  impl.RoleInfo (RoleInfo.java:updateAndGet(143)) - 7fae3aed-4e76-4283-a599-f93f794625ab: start FollowerState
2019-10-30 05:53:37,328 [Thread-1881] INFO  impl.FollowerState (FollowerState.java:run(117)) - 58095e90-3010-492a-9083-43cf2e035c3f@group-BCADF287A12B-FollowerState was interrupted: java.lang.InterruptedException: sleep interrupted
2019-10-30 05:53:37,328 [grpc-default-executor-1] INFO  impl.RoleInfo (RoleInfo.java:updateAndGet(143)) - 58095e90-3010-492a-9083-43cf2e035c3f: start FollowerState
2019-10-30 05:53:37,342 [9127dd83-037b-4d39-812f-66db56af525a@group-BCADF287A12B-LeaderElection248] INFO  impl.LeaderElection (LeaderElection.java:logAndReturn(56)) - 9127dd83-037b-4d39-812f-66db56af525a@group-BCADF287A12B-LeaderElection248: Election REJECTED; received 2 response(s) [9127dd83-037b-4d39-812f-66db56af525a<-7fae3aed-4e76-4283-a599-f93f794625ab#0:FAIL-t273, 9127dd83-037b-4d39-812f-66db56af525a<-58095e90-3010-492a-9083-43cf2e035c3f#0:FAIL-t273] and 0 exception(s); 9127dd83-037b-4d39-812f-66db56af525a@group-BCADF287A12B:t273, leader=null, voted=9127dd83-037b-4d39-812f-66db56af525a, raftlog=9127dd83-037b-4d39-812f-66db56af525a@group-BCADF287A12B-SegmentedRaftLog:OPENED:c-1,f-1,i0, conf=-1: [7fae3aed-4e76-4283-a599-f93f794625ab:192.168.34.21:41352, 58095e90-3010-492a-9083-43cf2e035c3f:192.168.34.21:45284, 9127dd83-037b-4d39-812f-66db56af525a:192.168.34.21:42063], old=null
2019-10-30 05:53:37,342 [9127dd83-037b-4d39-812f-66db56af525a@group-BCADF287A12B-LeaderElection248] INFO  impl.RaftServerImpl (RaftServerImpl.java:setRole(184)) - 9127dd83-037b-4d39-812f-66db56af525a@group-BCADF287A12B: changes role from CANDIDATE to FOLLOWER at term 273 for DISCOVERED_A_NEW_TERM
2019-10-30 05:53:37,342 [9127dd83-037b-4d39-812f-66db56af525a@group-BCADF287A12B-LeaderElection248] INFO  impl.RoleInfo (RoleInfo.java:shutdownLeaderElection(134)) - 9127dd83-037b-4d39-812f-66db56af525a: shutdown LeaderElection
2019-10-30 05:53:37,342 [9127dd83-037b-4d39-812f-66db56af525a@group-BCADF287A12B-LeaderElection248] INFO  impl.RoleInfo (RoleInfo.java:updateAndGet(143)) - 9127dd83-037b-4d39-812f-66db56af525a: start FollowerState
2019-10-30 05:53:37,394 [Thread-1889] INFO  impl.FollowerState (FollowerState.java:run(108)) - 9127dd83-037b-4d39-812f-66db56af525a@group-BCADF287A12B-FollowerState: change to CANDIDATE, lastRpcTime:51ms, electionTimeout:51ms
2019-10-30 05:53:37,394 [Thread-1889] INFO  impl.RoleInfo (RoleInfo.java:shutdownFollowerState(121)) - 9127dd83-037b-4d39-812f-66db56af525a: shutdown FollowerState
2019-10-30 05:53:37,394 [Thread-1889] INFO  impl.RaftServerImpl (RaftServerImpl.java:setRole(184)) - 9127dd83-037b-4d39-812f-66db56af525a@group-BCADF287A12B: changes role from  FOLLOWER to CANDIDATE at term 273 for changeToCandidate
2019-10-30 05:53:37,394 [Thread-1889] INFO  impl.RoleInfo (RoleInfo.java:updateAndGet(143)) - 9127dd83-037b-4d39-812f-66db56af525a: start LeaderElection
2019-10-30 05:53:37,408 [9127dd83-037b-4d39-812f-66db56af525a@group-BCADF287A12B-LeaderElection249] INFO  impl.LeaderElection (LeaderElection.java:askForVotes(178)) - 9127dd83-037b-4d39-812f-66db56af525a@group-BCADF287A12B-LeaderElection249: begin an election at term 274 for -1: [7fae3aed-4e76-4283-a599-f93f794625ab:192.168.34.21:41352, 58095e90-3010-492a-9083-43cf2e035c3f:192.168.34.21:45284, 9127dd83-037b-4d39-812f-66db56af525a:192.168.34.21:42063], old=null
2019-10-30 05:53:37,410 [grpc-default-executor-2] INFO  impl.RaftServerImpl (RaftServerImpl.java:setRole(184)) - 7fae3aed-4e76-4283-a599-f93f794625ab@group-BCADF287A12B: changes role from  FOLLOWER to FOLLOWER at term 274 for recognizeCandidate:9127dd83-037b-4d39-812f-66db56af525a
2019-10-30 05:53:37,410 [grpc-default-executor-1] INFO  impl.RaftServerImpl (RaftServerImpl.java:setRole(184)) - 58095e90-3010-492a-9083-43cf2e035c3f@group-BCADF287A12B: changes role from  FOLLOWER to FOLLOWER at term 274 for recognizeCandidate:9127dd83-037b-4d39-812f-66db56af525a
2019-10-30 05:53:37,410 [grpc-default-executor-2] INFO  impl.RoleInfo (RoleInfo.java:shutdownFollowerState(121)) - 7fae3aed-4e76-4283-a599-f93f794625ab: shutdown FollowerState
2019-10-30 05:53:37,410 [grpc-default-executor-1] INFO  impl.RoleInfo (RoleInfo.java:shutdownFollowerState(121)) - 58095e90-3010-492a-9083-43cf2e035c3f: shutdown FollowerState
2019-10-30 05:53:37,411 [Thread-1887] INFO  impl.FollowerState (FollowerState.java:run(117)) - 7fae3aed-4e76-4283-a599-f93f794625ab@group-BCADF287A12B-FollowerState was interrupted: java.lang.InterruptedException: sleep interrupted
2019-10-30 05:53:37,411 [grpc-default-executor-2] INFO  impl.RoleInfo (RoleInfo.java:updateAndGet(143)) - 7fae3aed-4e76-4283-a599-f93f794625ab: start FollowerState
2019-10-30 05:53:37,411 [Thread-1888] INFO  impl.FollowerState (FollowerState.java:run(117)) - 58095e90-3010-492a-9083-43cf2e035c3f@group-BCADF287A12B-FollowerState was interrupted: java.lang.InterruptedException: sleep interrupted
2019-10-30 05:53:37,411 [grpc-default-executor-1] INFO  impl.RoleInfo (RoleInfo.java:updateAndGet(143)) - 58095e90-3010-492a-9083-43cf2e035c3f: start FollowerState
2019-10-30 05:53:37,423 [9127dd83-037b-4d39-812f-66db56af525a@group-BCADF287A12B-LeaderElection249] INFO  impl.LeaderElection (LeaderElection.java:logAndReturn(56)) - 9127dd83-037b-4d39-812f-66db56af525a@group-BCADF287A12B-LeaderElection249: Election REJECTED; received 2 response(s) [9127dd83-037b-4d39-812f-66db56af525a<-7fae3aed-4e76-4283-a599-f93f794625ab#0:FAIL-t274, 9127dd83-037b-4d39-812f-66db56af525a<-58095e90-3010-492a-9083-43cf2e035c3f#0:FAIL-t274] and 0 exception(s); 9127dd83-037b-4d39-812f-66db56af525a@group-BCADF287A12B:t274, leader=null, voted=9127dd83-037b-4d39-812f-66db56af525a, raftlog=9127dd83-037b-4d39-812f-66db56af525a@group-BCADF287A12B-SegmentedRaftLog:OPENED:c-1,f-1,i0, conf=-1: [7fae3aed-4e76-4283-a599-f93f794625ab:192.168.34.21:41352, 58095e90-3010-492a-9083-43cf2e035c3f:192.168.34.21:45284, 9127dd83-037b-4d39-812f-66db56af525a:192.168.34.21:42063], old=null
2019-10-30 05:53:37,423 [9127dd83-037b-4d39-812f-66db56af525a@group-BCADF287A12B-LeaderElection249] INFO  impl.RaftServerImpl (RaftServerImpl.java:setRole(184)) - 9127dd83-037b-4d39-812f-66db56af525a@group-BCADF287A12B: changes role from CANDIDATE to FOLLOWER at term 274 for DISCOVERED_A_NEW_TERM
2019-10-30 05:53:37,423 [9127dd83-037b-4d39-812f-66db56af525a@group-BCADF287A12B-LeaderElection249] INFO  impl.RoleInfo (RoleInfo.java:shutdownLeaderElection(134)) - 9127dd83-037b-4d39-812f-66db56af525a: shutdown LeaderElection
2019-10-30 05:53:37,424 [9127dd83-037b-4d39-812f-66db56af525a@group-BCADF287A12B-LeaderElection249] INFO  impl.RoleInfo (RoleInfo.java:updateAndGet(143)) - 9127dd83-037b-4d39-812f-66db56af525a: start FollowerState
2019-10-30 05:53:37,481 [Thread-1897] INFO  impl.FollowerState (FollowerState.java:run(108)) - 9127dd83-037b-4d39-812f-66db56af525a@group-BCADF287A12B-FollowerState: change to CANDIDATE, lastRpcTime:57ms, electionTimeout:57ms
2019-10-30 05:53:37,481 [Thread-1897] INFO  impl.RoleInfo (RoleInfo.java:shutdownFollowerState(121)) - 9127dd83-037b-4d39-812f-66db56af525a: shutdown FollowerState
2019-10-30 05:53:37,481 [Thread-1897] INFO  impl.RaftServerImpl (RaftServerImpl.java:setRole(184)) - 9127dd83-037b-4d39-812f-66db56af525a@group-BCADF287A12B: changes role from  FOLLOWER to CANDIDATE at term 274 for changeToCandidate
2019-10-30 05:53:37,481 [Thread-1897] INFO  impl.RoleInfo (RoleInfo.java:updateAndGet(143)) - 9127dd83-037b-4d39-812f-66db56af525a: start LeaderElection
2019-10-30 05:53:37,495 [9127dd83-037b-4d39-812f-66db56af525a@group-BCADF287A12B-LeaderElection250] INFO  impl.LeaderElection (LeaderElection.java:askForVotes(178)) - 9127dd83-037b-4d39-812f-66db56af525a@group-BCADF287A12B-LeaderElection250: begin an election at term 275 for -1: [7fae3aed-4e76-4283-a599-f93f794625ab:192.168.34.21:41352, 58095e90-3010-492a-9083-43cf2e035c3f:192.168.34.21:45284, 9127dd83-037b-4d39-812f-66db56af525a:192.168.34.21:42063], old=null
2019-10-30 05:53:37,497 [grpc-default-executor-1] INFO  impl.RaftServerImpl (RaftServerImpl.java:setRole(184)) - 7fae3aed-4e76-4283-a599-f93f794625ab@group-BCADF287A12B: changes role from  FOLLOWER to FOLLOWER at term 275 for recognizeCandidate:9127dd83-037b-4d39-812f-66db56af525a
2019-10-30 05:53:37,497 [grpc-default-executor-1] INFO  impl.RoleInfo (RoleInfo.java:shutdownFollowerState(121)) - 7fae3aed-4e76-4283-a599-f93f794625ab: shutdown FollowerState
2019-10-30 05:53:37,497 [grpc-default-executor-2] INFO  impl.RaftServerImpl (RaftServerImpl.java:setRole(184)) - 58095e90-3010-492a-9083-43cf2e035c3f@group-BCADF287A12B: changes role from  FOLLOWER to FOLLOWER at term 275 for recognizeCandidate:9127dd83-037b-4d39-812f-66db56af525a
2019-10-30 05:53:37,497 [Thread-1895] INFO  impl.FollowerState (FollowerState.java:run(117)) - 7fae3aed-4e76-4283-a599-f93f794625ab@group-BCADF287A12B-FollowerState was interrupted: java.lang.InterruptedException: sleep interrupted
2019-10-30 05:53:37,497 [grpc-default-executor-1] INFO  impl.RoleInfo (RoleInfo.java:updateAndGet(143)) - 7fae3aed-4e76-4283-a599-f93f794625ab: start FollowerState
2019-10-30 05:53:37,497 [grpc-default-executor-2] INFO  impl.RoleInfo (RoleInfo.java:shutdownFollowerState(121)) - 58095e90-3010-492a-9083-43cf2e035c3f: shutdown FollowerState
2019-10-30 05:53:37,497 [grpc-default-executor-2] INFO  impl.RoleInfo (RoleInfo.java:updateAndGet(143)) - 58095e90-3010-492a-9083-43cf2e035c3f: start FollowerState
2019-10-30 05:53:37,497 [Thread-1896] INFO  impl.FollowerState (FollowerState.java:run(117)) - 58095e90-3010-492a-9083-43cf2e035c3f@group-BCADF287A12B-FollowerState was interrupted: java.lang.InterruptedException: sleep interrupted
2019-10-30 05:53:37,509 [9127dd83-037b-4d39-812f-66db56af525a@group-BCADF287A12B-LeaderElection250] INFO  impl.LeaderElection (LeaderElection.java:logAndReturn(56)) - 9127dd83-037b-4d39-812f-66db56af525a@group-BCADF287A12B-LeaderElection250: Election TIMEOUT; received 0 response(s) [] and 0 exception(s); 9127dd83-037b-4d39-812f-66db56af525a@group-BCADF287A12B:t275, leader=null, voted=9127dd83-037b-4d39-812f-66db56af525a, raftlog=9127dd83-037b-4d39-812f-66db56af525a@group-BCADF287A12B-SegmentedRaftLog:OPENED:c-1,f-1,i0, conf=-1: [7fae3aed-4e76-4283-a599-f93f794625ab:192.168.34.21:41352, 58095e90-3010-492a-9083-43cf2e035c3f:192.168.34.21:45284, 9127dd83-037b-4d39-812f-66db56af525a:192.168.34.21:42063], old=null
2019-10-30 05:53:37,513 [9127dd83-037b-4d39-812f-66db56af525a@group-BCADF287A12B-LeaderElection250] INFO  impl.LeaderElection (LeaderElection.java:askForVotes(178)) - 9127dd83-037b-4d39-812f-66db56af525a@group-BCADF287A12B-LeaderElection250: begin an election at term 276 for -1: [7fae3aed-4e76-4283-a599-f93f794625ab:192.168.34.21:41352, 58095e90-3010-492a-9083-43cf2e035c3f:192.168.34.21:45284, 9127dd83-037b-4d39-812f-66db56af525a:192.168.34.21:42063], old=null
2019-10-30 05:53:37,514 [grpc-default-executor-1] INFO  impl.RaftServerImpl (RaftServerImpl.java:setRole(184)) - 7fae3aed-4e76-4283-a599-f93f794625ab@group-BCADF287A12B: changes role from  FOLLOWER to FOLLOWER at term 276 for recognizeCandidate:9127dd83-037b-4d39-812f-66db56af525a
2019-10-30 05:53:37,514 [grpc-default-executor-1] INFO  impl.RoleInfo (RoleInfo.java:shutdownFollowerState(121)) - 7fae3aed-4e76-4283-a599-f93f794625ab: shutdown FollowerState
2019-10-30 05:53:37,514 [grpc-default-executor-2] INFO  impl.RaftServerImpl (RaftServerImpl.java:setRole(184)) - 58095e90-3010-492a-9083-43cf2e035c3f@group-BCADF287A12B: changes role from  FOLLOWER to FOLLOWER at term 276 for recognizeCandidate:9127dd83-037b-4d39-812f-66db56af525a
2019-10-30 05:53:37,515 [Thread-1901] INFO  impl.FollowerState (FollowerState.java:run(117)) - 7fae3aed-4e76-4283-a599-f93f794625ab@group-BCADF287A12B-FollowerState was interrupted: java.lang.InterruptedException: sleep interrupted
2019-10-30 05:53:37,514 [grpc-default-executor-1] INFO  impl.RoleInfo (RoleInfo.java:updateAndGet(143)) - 7fae3aed-4e76-4283-a599-f93f794625ab: start FollowerState
2019-10-30 05:53:37,515 [grpc-default-executor-2] INFO  impl.RoleInfo (RoleInfo.java:shutdownFollowerState(121)) - 58095e90-3010-492a-9083-43cf2e035c3f: shutdown FollowerState
2019-10-30 05:53:37,515 [grpc-default-executor-2] INFO  impl.RoleInfo (RoleInfo.java:updateAndGet(143)) - 58095e90-3010-492a-9083-43cf2e035c3f: start FollowerState
2019-10-30 05:53:37,515 [Thread-1902] INFO  impl.FollowerState (FollowerState.java:run(117)) - 58095e90-3010-492a-9083-43cf2e035c3f@group-BCADF287A12B-FollowerState was interrupted: java.lang.InterruptedException: sleep interrupted
2019-10-30 05:53:37,533 [9127dd83-037b-4d39-812f-66db56af525a@group-BCADF287A12B-LeaderElection250] INFO  impl.LeaderElection (LeaderElection.java:logAndReturn(56)) - 9127dd83-037b-4d39-812f-66db56af525a@group-BCADF287A12B-LeaderElection250: Election REJECTED; received 2 response(s) [9127dd83-037b-4d39-812f-66db56af525a<-7fae3aed-4e76-4283-a599-f93f794625ab#0:FAIL-t276, 9127dd83-037b-4d39-812f-66db56af525a<-58095e90-3010-492a-9083-43cf2e035c3f#0:FAIL-t276] and 0 exception(s); 9127dd83-037b-4d39-812f-66db56af525a@group-BCADF287A12B:t276, leader=null, voted=9127dd83-037b-4d39-812f-66db56af525a, raftlog=9127dd83-037b-4d39-812f-66db56af525a@group-BCADF287A12B-SegmentedRaftLog:OPENED:c-1,f-1,i0, conf=-1: [7fae3aed-4e76-4283-a599-f93f794625ab:192.168.34.21:41352, 58095e90-3010-492a-9083-43cf2e035c3f:192.168.34.21:45284, 9127dd83-037b-4d39-812f-66db56af525a:192.168.34.21:42063], old=null
2019-10-30 05:53:37,533 [9127dd83-037b-4d39-812f-66db56af525a@group-BCADF287A12B-LeaderElection250] INFO  impl.RaftServerImpl (RaftServerImpl.java:setRole(184)) - 9127dd83-037b-4d39-812f-66db56af525a@group-BCADF287A12B: changes role from CANDIDATE to FOLLOWER at term 276 for DISCOVERED_A_NEW_TERM
2019-10-30 05:53:37,533 [9127dd83-037b-4d39-812f-66db56af525a@group-BCADF287A12B-LeaderElection250] INFO  impl.RoleInfo (RoleInfo.java:shutdownLeaderElection(134)) - 9127dd83-037b-4d39-812f-66db56af525a: shutdown LeaderElection
2019-10-30 05:53:37,534 [9127dd83-037b-4d39-812f-66db56af525a@group-BCADF287A12B-LeaderElection250] INFO  impl.RoleInfo (RoleInfo.java:updateAndGet(143)) - 9127dd83-037b-4d39-812f-66db56af525a: start FollowerState
2019-10-30 05:53:37,697 [Thread-1907] INFO  impl.FollowerState (FollowerState.java:run(108)) - 9127dd83-037b-4d39-812f-66db56af525a@group-BCADF287A12B-FollowerState: change to CANDIDATE, lastRpcTime:163ms, electionTimeout:163ms
2019-10-30 05:53:37,697 [Thread-1907] INFO  impl.RoleInfo (RoleInfo.java:shutdownFollowerState(121)) - 9127dd83-037b-4d39-812f-66db56af525a: shutdown FollowerState
2019-10-30 05:53:37,697 [Thread-1907] INFO  impl.RaftServerImpl (RaftServerImpl.java:setRole(184)) - 9127dd83-037b-4d39-812f-66db56af525a@group-BCADF287A12B: changes role from  FOLLOWER to CANDIDATE at term 276 for changeToCandidate
2019-10-30 05:53:37,698 [Thread-1907] INFO  impl.RoleInfo (RoleInfo.java:updateAndGet(143)) - 9127dd83-037b-4d39-812f-66db56af525a: start LeaderElection
2019-10-30 05:53:37,711 [9127dd83-037b-4d39-812f-66db56af525a@group-BCADF287A12B-LeaderElection251] INFO  impl.LeaderElection (LeaderElection.java:askForVotes(178)) - 9127dd83-037b-4d39-812f-66db56af525a@group-BCADF287A12B-LeaderElection251: begin an election at term 277 for -1: [7fae3aed-4e76-4283-a599-f93f794625ab:192.168.34.21:41352, 58095e90-3010-492a-9083-43cf2e035c3f:192.168.34.21:45284, 9127dd83-037b-4d39-812f-66db56af525a:192.168.34.21:42063], old=null
2019-10-30 05:53:37,714 [grpc-default-executor-2] INFO  impl.RaftServerImpl (RaftServerImpl.java:setRole(184)) - 7fae3aed-4e76-4283-a599-f93f794625ab@group-BCADF287A12B: changes role from  FOLLOWER to FOLLOWER at term 277 for recognizeCandidate:9127dd83-037b-4d39-812f-66db56af525a
2019-10-30 05:53:37,714 [grpc-default-executor-2] INFO  impl.RoleInfo (RoleInfo.java:shutdownFollowerState(121)) - 7fae3aed-4e76-4283-a599-f93f794625ab: shutdown FollowerState
2019-10-30 05:53:37,714 [grpc-default-executor-1] INFO  impl.RaftServerImpl (RaftServerImpl.java:setRole(184)) - 58095e90-3010-492a-9083-43cf2e035c3f@group-BCADF287A12B: changes role from  FOLLOWER to FOLLOWER at term 277 for recognizeCandidate:9127dd83-037b-4d39-812f-66db56af525a
2019-10-30 05:53:37,715 [grpc-default-executor-1] INFO  impl.RoleInfo (RoleInfo.java:shutdownFollowerState(121)) - 58095e90-3010-492a-9083-43cf2e035c3f: shutdown FollowerState
2019-10-30 05:53:37,714 [Thread-1905] INFO  impl.FollowerState (FollowerState.java:run(117)) - 7fae3aed-4e76-4283-a599-f93f794625ab@group-BCADF287A12B-FollowerState was interrupted: java.lang.InterruptedException: sleep interrupted
2019-10-30 05:53:37,714 [grpc-default-executor-2] INFO  impl.RoleInfo (RoleInfo.java:updateAndGet(143)) - 7fae3aed-4e76-4283-a599-f93f794625ab: start FollowerState
2019-10-30 05:53:37,715 [grpc-default-executor-1] INFO  impl.RoleInfo (RoleInfo.java:updateAndGet(143)) - 58095e90-3010-492a-9083-43cf2e035c3f: start FollowerState
2019-10-30 05:53:37,715 [Thread-1906] INFO  impl.FollowerState (FollowerState.java:run(117)) - 58095e90-3010-492a-9083-43cf2e035c3f@group-BCADF287A12B-FollowerState was interrupted: java.lang.InterruptedException: sleep interrupted
2019-10-30 05:53:37,729 [9127dd83-037b-4d39-812f-66db56af525a@group-BCADF287A12B-LeaderElection251] INFO  impl.LeaderElection (LeaderElection.java:logAndReturn(56)) - 9127dd83-037b-4d39-812f-66db56af525a@group-BCADF287A12B-LeaderElection251: Election REJECTED; received 2 response(s) [9127dd83-037b-4d39-812f-66db56af525a<-7fae3aed-4e76-4283-a599-f93f794625ab#0:FAIL-t277, 9127dd83-037b-4d39-812f-66db56af525a<-58095e90-3010-492a-9083-43cf2e035c3f#0:FAIL-t277] and 0 exception(s); 9127dd83-037b-4d39-812f-66db56af525a@group-BCADF287A12B:t277, leader=null, voted=9127dd83-037b-4d39-812f-66db56af525a, raftlog=9127dd83-037b-4d39-812f-66db56af525a@group-BCADF287A12B-SegmentedRaftLog:OPENED:c-1,f-1,i0, conf=-1: [7fae3aed-4e76-4283-a599-f93f794625ab:192.168.34.21:41352, 58095e90-3010-492a-9083-43cf2e035c3f:192.168.34.21:45284, 9127dd83-037b-4d39-812f-66db56af525a:192.168.34.21:42063], old=null
2019-10-30 05:53:37,729 [9127dd83-037b-4d39-812f-66db56af525a@group-BCADF287A12B-LeaderElection251] INFO  impl.RaftServerImpl (RaftServerImpl.java:setRole(184)) - 9127dd83-037b-4d39-812f-66db56af525a@group-BCADF287A12B: changes role from CANDIDATE to FOLLOWER at term 277 for DISCOVERED_A_NEW_TERM
2019-10-30 05:53:37,730 [9127dd83-037b-4d39-812f-66db56af525a@group-BCADF287A12B-LeaderElection251] INFO  impl.RoleInfo (RoleInfo.java:shutdownLeaderElection(134)) - 9127dd83-037b-4d39-812f-66db56af525a: shutdown LeaderElection
2019-10-30 05:53:37,730 [9127dd83-037b-4d39-812f-66db56af525a@group-BCADF287A12B-LeaderElection251] INFO  impl.RoleInfo (RoleInfo.java:updateAndGet(143)) - 9127dd83-037b-4d39-812f-66db56af525a: start FollowerState
2019-10-30 05:53:37,858 [Thread-1913] INFO  impl.FollowerState (FollowerState.java:run(108)) - 9127dd83-037b-4d39-812f-66db56af525a@group-BCADF287A12B-FollowerState: change to CANDIDATE, lastRpcTime:128ms, electionTimeout:128ms
2019-10-30 05:53:37,859 [Thread-1913] INFO  impl.RoleInfo (RoleInfo.java:shutdownFollowerState(121)) - 9127dd83-037b-4d39-812f-66db56af525a: shutdown FollowerState
2019-10-30 05:53:37,860 [Thread-1913] INFO  impl.RaftServerImpl (RaftServerImpl.java:setRole(184)) - 9127dd83-037b-4d39-812f-66db56af525a@group-BCADF287A12B: changes role from  FOLLOWER to CANDIDATE at term 277 for changeToCandidate
2019-10-30 05:53:37,860 [Thread-1913] INFO  impl.RoleInfo (RoleInfo.java:updateAndGet(143)) - 9127dd83-037b-4d39-812f-66db56af525a: start LeaderElection
2019-10-30 05:53:37,876 [9127dd83-037b-4d39-812f-66db56af525a@group-BCADF287A12B-LeaderElection252] INFO  impl.LeaderElection (LeaderElection.java:askForVotes(178)) - 9127dd83-037b-4d39-812f-66db56af525a@group-BCADF287A12B-LeaderElection252: begin an election at term 278 for -1: [7fae3aed-4e76-4283-a599-f93f794625ab:192.168.34.21:41352, 58095e90-3010-492a-9083-43cf2e035c3f:192.168.34.21:45284, 9127dd83-037b-4d39-812f-66db56af525a:192.168.34.21:42063], old=null
2019-10-30 05:53:37,883 [grpc-default-executor-2] INFO  impl.RaftServerImpl (RaftServerImpl.java:setRole(184)) - 7fae3aed-4e76-4283-a599-f93f794625ab@group-BCADF287A12B: changes role from  FOLLOWER to FOLLOWER at term 278 for recognizeCandidate:9127dd83-037b-4d39-812f-66db56af525a
2019-10-30 05:53:37,883 [grpc-default-executor-1] INFO  impl.RaftServerImpl (RaftServerImpl.java:setRole(184)) - 58095e90-3010-492a-9083-43cf2e035c3f@group-BCADF287A12B: changes role from  FOLLOWER to FOLLOWER at term 278 for recognizeCandidate:9127dd83-037b-4d39-812f-66db56af525a
2019-10-30 05:53:37,884 [grpc-default-executor-1] INFO  impl.RoleInfo (RoleInfo.java:shutdownFollowerState(121)) - 58095e90-3010-492a-9083-43cf2e035c3f: shutdown FollowerState
2019-10-30 05:53:37,883 [grpc-default-executor-2] INFO  impl.RoleInfo (RoleInfo.java:shutdownFollowerState(121)) - 7fae3aed-4e76-4283-a599-f93f794625ab: shutdown FollowerState
2019-10-30 05:53:37,884 [Thread-1912] INFO  impl.FollowerState (FollowerState.java:run(117)) - 58095e90-3010-492a-9083-43cf2e035c3f@group-BCADF287A12B-FollowerState was interrupted: java.lang.InterruptedException: sleep interrupted
2019-10-30 05:53:37,884 [grpc-default-executor-1] INFO  impl.RoleInfo (RoleInfo.java:updateAndGet(143)) - 58095e90-3010-492a-9083-43cf2e035c3f: start FollowerState
2019-10-30 05:53:37,884 [Thread-1911] INFO  impl.FollowerState (FollowerState.java:run(117)) - 7fae3aed-4e76-4283-a599-f93f794625ab@group-BCADF287A12B-FollowerState was interrupted: java.lang.InterruptedException: sleep interrupted
2019-10-30 05:53:37,884 [grpc-default-executor-2] INFO  impl.RoleInfo (RoleInfo.java:updateAndGet(143)) - 7fae3aed-4e76-4283-a599-f93f794625ab: start FollowerState
2019-10-30 05:53:37,899 [9127dd83-037b-4d39-812f-66db56af525a@group-BCADF287A12B-LeaderElection252] INFO  impl.LeaderElection (LeaderElection.java:logAndReturn(56)) - 9127dd83-037b-4d39-812f-66db56af525a@group-BCADF287A12B-LeaderElection252: Election REJECTED; received 2 response(s) [9127dd83-037b-4d39-812f-66db56af525a<-7fae3aed-4e76-4283-a599-f93f794625ab#0:FAIL-t278, 9127dd83-037b-4d39-812f-66db56af525a<-58095e90-3010-492a-9083-43cf2e035c3f#0:FAIL-t278] and 0 exception(s); 9127dd83-037b-4d39-812f-66db56af525a@group-BCADF287A12B:t278, leader=null, voted=9127dd83-037b-4d39-812f-66db56af525a, raftlog=9127dd83-037b-4d39-812f-66db56af525a@group-BCADF287A12B-SegmentedRaftLog:OPENED:c-1,f-1,i0, conf=-1: [7fae3aed-4e76-4283-a599-f93f794625ab:192.168.34.21:41352, 58095e90-3010-492a-9083-43cf2e035c3f:192.168.34.21:45284, 9127dd83-037b-4d39-812f-66db56af525a:192.168.34.21:42063], old=null
2019-10-30 05:53:37,900 [9127dd83-037b-4d39-812f-66db56af525a@group-BCADF287A12B-LeaderElection252] INFO  impl.RaftServerImpl (RaftServerImpl.java:setRole(184)) - 9127dd83-037b-4d39-812f-66db56af525a@group-BCADF287A12B: changes role from CANDIDATE to FOLLOWER at term 278 for DISCOVERED_A_NEW_TERM
2019-10-30 05:53:37,900 [9127dd83-037b-4d39-812f-66db56af525a@group-BCADF287A12B-LeaderElection252] INFO  impl.RoleInfo (RoleInfo.java:shutdownLeaderElection(134)) - 9127dd83-037b-4d39-812f-66db56af525a: shutdown LeaderElection
2019-10-30 05:53:37,900 [9127dd83-037b-4d39-812f-66db56af525a@group-BCADF287A12B-LeaderElection252] INFO  impl.RoleInfo (RoleInfo.java:updateAndGet(143)) - 9127dd83-037b-4d39-812f-66db56af525a: start FollowerState
2019-10-30 05:53:37,906 [Thread-1919] INFO  impl.FollowerState (FollowerState.java:run(108)) - 9127dd83-037b-4d39-812f-66db56af525a@group-BCADF287A12B-FollowerState: change to CANDIDATE, lastRpcTime:6ms, electionTimeout:6ms
2019-10-30 05:53:37,906 [Thread-1919] INFO  impl.RoleInfo (RoleInfo.java:shutdownFollowerState(121)) - 9127dd83-037b-4d39-812f-66db56af525a: shutdown FollowerState
2019-10-30 05:53:37,906 [Thread-1919] INFO  impl.RaftServerImpl (RaftServerImpl.java:setRole(184)) - 9127dd83-037b-4d39-812f-66db56af525a@group-BCADF287A12B: changes role from  FOLLOWER to CANDIDATE at term 278 for changeToCandidate
2019-10-30 05:53:37,907 [Thread-1919] INFO  impl.RoleInfo (RoleInfo.java:updateAndGet(143)) - 9127dd83-037b-4d39-812f-66db56af525a: start LeaderElection
2019-10-30 05:53:37,921 [9127dd83-037b-4d39-812f-66db56af525a@group-BCADF287A12B-LeaderElection253] INFO  impl.LeaderElection (LeaderElection.java:askForVotes(178)) - 9127dd83-037b-4d39-812f-66db56af525a@group-BCADF287A12B-LeaderElection253: begin an election at term 279 for -1: [7fae3aed-4e76-4283-a599-f93f794625ab:192.168.34.21:41352, 58095e90-3010-492a-9083-43cf2e035c3f:192.168.34.21:45284, 9127dd83-037b-4d39-812f-66db56af525a:192.168.34.21:42063], old=null
2019-10-30 05:53:37,923 [grpc-default-executor-1] INFO  impl.RaftServerImpl (RaftServerImpl.java:setRole(184)) - 7fae3aed-4e76-4283-a599-f93f794625ab@group-BCADF287A12B: changes role from  FOLLOWER to FOLLOWER at term 279 for recognizeCandidate:9127dd83-037b-4d39-812f-66db56af525a
2019-10-30 05:53:37,923 [grpc-default-executor-1] INFO  impl.RoleInfo (RoleInfo.java:shutdownFollowerState(121)) - 7fae3aed-4e76-4283-a599-f93f794625ab: shutdown FollowerState
2019-10-30 05:53:37,923 [grpc-default-executor-2] INFO  impl.RaftServerImpl (RaftServerImpl.java:setRole(184)) - 58095e90-3010-492a-9083-43cf2e035c3f@group-BCADF287A12B: changes role from  FOLLOWER to FOLLOWER at term 279 for recognizeCandidate:9127dd83-037b-4d39-812f-66db56af525a
2019-10-30 05:53:37,924 [grpc-default-executor-2] INFO  impl.RoleInfo (RoleInfo.java:shutdownFollowerState(121)) - 58095e90-3010-492a-9083-43cf2e035c3f: shutdown FollowerState
2019-10-30 05:53:37,924 [Thread-1918] INFO  impl.FollowerState (FollowerState.java:run(117)) - 7fae3aed-4e76-4283-a599-f93f794625ab@group-BCADF287A12B-FollowerState was interrupted: java.lang.InterruptedException: sleep interrupted
2019-10-30 05:53:37,924 [grpc-default-executor-1] INFO  impl.RoleInfo (RoleInfo.java:updateAndGet(143)) - 7fae3aed-4e76-4283-a599-f93f794625ab: start FollowerState
2019-10-30 05:53:37,924 [grpc-default-executor-2] INFO  impl.RoleInfo (RoleInfo.java:updateAndGet(143)) - 58095e90-3010-492a-9083-43cf2e035c3f: start FollowerState
2019-10-30 05:53:37,924 [Thread-1917] INFO  impl.FollowerState (FollowerState.java:run(117)) - 58095e90-3010-492a-9083-43cf2e035c3f@group-BCADF287A12B-FollowerState was interrupted: java.lang.InterruptedException: sleep interrupted
2019-10-30 05:53:37,938 [9127dd83-037b-4d39-812f-66db56af525a@group-BCADF287A12B-LeaderElection253] INFO  impl.LeaderElection (LeaderElection.java:logAndReturn(56)) - 9127dd83-037b-4d39-812f-66db56af525a@group-BCADF287A12B-LeaderElection253: Election REJECTED; received 2 response(s) [9127dd83-037b-4d39-812f-66db56af525a<-7fae3aed-4e76-4283-a599-f93f794625ab#0:FAIL-t279, 9127dd83-037b-4d39-812f-66db56af525a<-58095e90-3010-492a-9083-43cf2e035c3f#0:FAIL-t279] and 0 exception(s); 9127dd83-037b-4d39-812f-66db56af525a@group-BCADF287A12B:t279, leader=null, voted=9127dd83-037b-4d39-812f-66db56af525a, raftlog=9127dd83-037b-4d39-812f-66db56af525a@group-BCADF287A12B-SegmentedRaftLog:OPENED:c-1,f-1,i0, conf=-1: [7fae3aed-4e76-4283-a599-f93f794625ab:192.168.34.21:41352, 58095e90-3010-492a-9083-43cf2e035c3f:192.168.34.21:45284, 9127dd83-037b-4d39-812f-66db56af525a:192.168.34.21:42063], old=null
2019-10-30 05:53:37,938 [9127dd83-037b-4d39-812f-66db56af525a@group-BCADF287A12B-LeaderElection253] INFO  impl.RaftServerImpl (RaftServerImpl.java:setRole(184)) - 9127dd83-037b-4d39-812f-66db56af525a@group-BCADF287A12B: changes role from CANDIDATE to FOLLOWER at term 279 for DISCOVERED_A_NEW_TERM
2019-10-30 05:53:37,938 [9127dd83-037b-4d39-812f-66db56af525a@group-BCADF287A12B-LeaderElection253] INFO  impl.RoleInfo (RoleInfo.java:shutdownLeaderElection(134)) - 9127dd83-037b-4d39-812f-66db56af525a: shutdown LeaderElection
2019-10-30 05:53:37,938 [9127dd83-037b-4d39-812f-66db56af525a@group-BCADF287A12B-LeaderElection253] INFO  impl.RoleInfo (RoleInfo.java:updateAndGet(143)) - 9127dd83-037b-4d39-812f-66db56af525a: start FollowerState
2019-10-30 05:53:38,065 [Thread-1925] INFO  impl.FollowerState (FollowerState.java:run(108)) - 9127dd83-037b-4d39-812f-66db56af525a@group-BCADF287A12B-FollowerState: change to CANDIDATE, lastRpcTime:126ms, electionTimeout:126ms
2019-10-30 05:53:38,065 [Thread-1925] INFO  impl.RoleInfo (RoleInfo.java:shutdownFollowerState(121)) - 9127dd83-037b-4d39-812f-66db56af525a: shutdown FollowerState
2019-10-30 05:53:38,065 [Thread-1925] INFO  impl.RaftServerImpl (RaftServerImpl.java:setRole(184)) - 9127dd83-037b-4d39-812f-66db56af525a@group-BCADF287A12B: changes role from  FOLLOWER to CANDIDATE at term 279 for changeToCandidate
2019-10-30 05:53:38,065 [Thread-1925] INFO  impl.RoleInfo (RoleInfo.java:updateAndGet(143)) - 9127dd83-037b-4d39-812f-66db56af525a: start LeaderElection
2019-10-30 05:53:38,076 [9127dd83-037b-4d39-812f-66db56af525a@group-BCADF287A12B-LeaderElection254] INFO  impl.LeaderElection (LeaderElection.java:askForVotes(178)) - 9127dd83-037b-4d39-812f-66db56af525a@group-BCADF287A12B-LeaderElection254: begin an election at term 280 for -1: [7fae3aed-4e76-4283-a599-f93f794625ab:192.168.34.21:41352, 58095e90-3010-492a-9083-43cf2e035c3f:192.168.34.21:45284, 9127dd83-037b-4d39-812f-66db56af525a:192.168.34.21:42063], old=null
2019-10-30 05:53:38,078 [grpc-default-executor-2] INFO  impl.RaftServerImpl (RaftServerImpl.java:setRole(184)) - 7fae3aed-4e76-4283-a599-f93f794625ab@group-BCADF287A12B: changes role from  FOLLOWER to FOLLOWER at term 280 for recognizeCandidate:9127dd83-037b-4d39-812f-66db56af525a
2019-10-30 05:53:38,078 [grpc-default-executor-2] INFO  impl.RoleInfo (RoleInfo.java:shutdownFollowerState(121)) - 7fae3aed-4e76-4283-a599-f93f794625ab: shutdown FollowerState
2019-10-30 05:53:38,078 [grpc-default-executor-1] INFO  impl.RaftServerImpl (RaftServerImpl.java:setRole(184)) - 58095e90-3010-492a-9083-43cf2e035c3f@group-BCADF287A12B: changes role from  FOLLOWER to FOLLOWER at term 280 for recognizeCandidate:9127dd83-037b-4d39-812f-66db56af525a
2019-10-30 05:53:38,078 [Thread-1923] INFO  impl.FollowerState (FollowerState.java:run(117)) - 7fae3aed-4e76-4283-a599-f93f794625ab@group-BCADF287A12B-FollowerState was interrupted: java.lang.InterruptedException: sleep interrupted
2019-10-30 05:53:38,078 [grpc-default-executor-2] INFO  impl.RoleInfo (RoleInfo.java:updateAndGet(143)) - 7fae3aed-4e76-4283-a599-f93f794625ab: start FollowerState
2019-10-30 05:53:38,079 [grpc-default-executor-1] INFO  impl.RoleInfo (RoleInfo.java:shutdownFollowerState(121)) - 58095e90-3010-492a-9083-43cf2e035c3f: shutdown FollowerState
2019-10-30 05:53:38,079 [grpc-default-executor-1] INFO  impl.RoleInfo (RoleInfo.java:updateAndGet(143)) - 58095e90-3010-492a-9083-43cf2e035c3f: start FollowerState
2019-10-30 05:53:38,079 [Thread-1924] INFO  impl.FollowerState (FollowerState.java:run(117)) - 58095e90-3010-492a-9083-43cf2e035c3f@group-BCADF287A12B-FollowerState was interrupted: java.lang.InterruptedException: sleep interrupted
2019-10-30 05:53:38,093 [9127dd83-037b-4d39-812f-66db56af525a@group-BCADF287A12B-LeaderElection254] INFO  impl.LeaderElection (LeaderElection.java:logAndReturn(56)) - 9127dd83-037b-4d39-812f-66db56af525a@group-BCADF287A12B-LeaderElection254: Election REJECTED; received 2 response(s) [9127dd83-037b-4d39-812f-66db56af525a<-7fae3aed-4e76-4283-a599-f93f794625ab#0:FAIL-t280, 9127dd83-037b-4d39-812f-66db56af525a<-58095e90-3010-492a-9083-43cf2e035c3f#0:FAIL-t280] and 0 exception(s); 9127dd83-037b-4d39-812f-66db56af525a@group-BCADF287A12B:t280, leader=null, voted=9127dd83-037b-4d39-812f-66db56af525a, raftlog=9127dd83-037b-4d39-812f-66db56af525a@group-BCADF287A12B-SegmentedRaftLog:OPENED:c-1,f-1,i0, conf=-1: [7fae3aed-4e76-4283-a599-f93f794625ab:192.168.34.21:41352, 58095e90-3010-492a-9083-43cf2e035c3f:192.168.34.21:45284, 9127dd83-037b-4d39-812f-66db56af525a:192.168.34.21:42063], old=null
2019-10-30 05:53:38,093 [9127dd83-037b-4d39-812f-66db56af525a@group-BCADF287A12B-LeaderElection254] INFO  impl.RaftServerImpl (RaftServerImpl.java:setRole(184)) - 9127dd83-037b-4d39-812f-66db56af525a@group-BCADF287A12B: changes role from CANDIDATE to FOLLOWER at term 280 for DISCOVERED_A_NEW_TERM
2019-10-30 05:53:38,094 [9127dd83-037b-4d39-812f-66db56af525a@group-BCADF287A12B-LeaderElection254] INFO  impl.RoleInfo (RoleInfo.java:shutdownLeaderElection(134)) - 9127dd83-037b-4d39-812f-66db56af525a: shutdown LeaderElection
2019-10-30 05:53:38,094 [9127dd83-037b-4d39-812f-66db56af525a@group-BCADF287A12B-LeaderElection254] INFO  impl.RoleInfo (RoleInfo.java:updateAndGet(143)) - 9127dd83-037b-4d39-812f-66db56af525a: start FollowerState
2019-10-30 05:53:38,267 [Thread-1931] INFO  impl.FollowerState (FollowerState.java:run(108)) - 9127dd83-037b-4d39-812f-66db56af525a@group-BCADF287A12B-FollowerState: change to CANDIDATE, lastRpcTime:173ms, electionTimeout:173ms
2019-10-30 05:53:38,268 [Thread-1931] INFO  impl.RoleInfo (RoleInfo.java:shutdownFollowerState(121)) - 9127dd83-037b-4d39-812f-66db56af525a: shutdown FollowerState
2019-10-30 05:53:38,268 [Thread-1931] INFO  impl.RaftServerImpl (RaftServerImpl.java:setRole(184)) - 9127dd83-037b-4d39-812f-66db56af525a@group-BCADF287A12B: changes role from  FOLLOWER to CANDIDATE at term 280 for changeToCandidate
2019-10-30 05:53:38,268 [Thread-1931] INFO  impl.RoleInfo (RoleInfo.java:updateAndGet(143)) - 9127dd83-037b-4d39-812f-66db56af525a: start LeaderElection
2019-10-30 05:53:38,283 [9127dd83-037b-4d39-812f-66db56af525a@group-BCADF287A12B-LeaderElection255] INFO  impl.LeaderElection (LeaderElection.java:askForVotes(178)) - 9127dd83-037b-4d39-812f-66db56af525a@group-BCADF287A12B-LeaderElection255: begin an election at term 281 for -1: [7fae3aed-4e76-4283-a599-f93f794625ab:192.168.34.21:41352, 58095e90-3010-492a-9083-43cf2e035c3f:192.168.34.21:45284, 9127dd83-037b-4d39-812f-66db56af525a:192.168.34.21:42063], old=null
2019-10-30 05:53:38,285 [grpc-default-executor-1] INFO  impl.RaftServerImpl (RaftServerImpl.java:setRole(184)) - 58095e90-3010-492a-9083-43cf2e035c3f@group-BCADF287A12B: changes role from  FOLLOWER to FOLLOWER at term 281 for recognizeCandidate:9127dd83-037b-4d39-812f-66db56af525a
2019-10-30 05:53:38,286 [grpc-default-executor-1] INFO  impl.RoleInfo (RoleInfo.java:shutdownFollowerState(121)) - 58095e90-3010-492a-9083-43cf2e035c3f: shutdown FollowerState
2019-10-30 05:53:38,286 [grpc-default-executor-2] INFO  impl.RaftServerImpl (RaftServerImpl.java:setRole(184)) - 7fae3aed-4e76-4283-a599-f93f794625ab@group-BCADF287A12B: changes role from  FOLLOWER to FOLLOWER at term 281 for recognizeCandidate:9127dd83-037b-4d39-812f-66db56af525a
2019-10-30 05:53:38,286 [grpc-default-executor-2] INFO  impl.RoleInfo (RoleInfo.java:shutdownFollowerState(121)) - 7fae3aed-4e76-4283-a599-f93f794625ab: shutdown FollowerState
2019-10-30 05:53:38,286 [Thread-1930] INFO  impl.FollowerState (FollowerState.java:run(117)) - 58095e90-3010-492a-9083-43cf2e035c3f@group-BCADF287A12B-FollowerState was interrupted: java.lang.InterruptedException: sleep interrupted
2019-10-30 05:53:38,286 [grpc-default-executor-1] INFO  impl.RoleInfo (RoleInfo.java:updateAndGet(143)) - 58095e90-3010-492a-9083-43cf2e035c3f: start FollowerState
2019-10-30 05:53:38,286 [Thread-1929] INFO  impl.FollowerState (FollowerState.java:run(117)) - 7fae3aed-4e76-4283-a599-f93f794625ab@group-BCADF287A12B-FollowerState was interrupted: java.lang.InterruptedException: sleep interrupted
2019-10-30 05:53:38,286 [grpc-default-executor-2] INFO  impl.RoleInfo (RoleInfo.java:updateAndGet(143)) - 7fae3aed-4e76-4283-a599-f93f794625ab: start FollowerState
2019-10-30 05:53:38,320 [9127dd83-037b-4d39-812f-66db56af525a@group-BCADF287A12B-LeaderElection255] INFO  impl.LeaderElection (LeaderElection.java:logAndReturn(56)) - 9127dd83-037b-4d39-812f-66db56af525a@group-BCADF287A12B-LeaderElection255: Election TIMEOUT; received 0 response(s) [] and 0 exception(s); 9127dd83-037b-4d39-812f-66db56af525a@group-BCADF287A12B:t281, leader=null, voted=9127dd83-037b-4d39-812f-66db56af525a, raftlog=9127dd83-037b-4d39-812f-66db56af525a@group-BCADF287A12B-SegmentedRaftLog:OPENED:c-1,f-1,i0, conf=-1: [7fae3aed-4e76-4283-a599-f93f794625ab:192.168.34.21:41352, 58095e90-3010-492a-9083-43cf2e035c3f:192.168.34.21:45284, 9127dd83-037b-4d39-812f-66db56af525a:192.168.34.21:42063], old=null
2019-10-30 05:53:38,327 [9127dd83-037b-4d39-812f-66db56af525a@group-BCADF287A12B-LeaderElection255] INFO  impl.LeaderElection (LeaderElection.java:askForVotes(178)) - 9127dd83-037b-4d39-812f-66db56af525a@group-BCADF287A12B-LeaderElection255: begin an election at term 282 for -1: [7fae3aed-4e76-4283-a599-f93f794625ab:192.168.34.21:41352, 58095e90-3010-492a-9083-43cf2e035c3f:192.168.34.21:45284, 9127dd83-037b-4d39-812f-66db56af525a:192.168.34.21:42063], old=null
2019-10-30 05:53:38,330 [grpc-default-executor-2] INFO  impl.RaftServerImpl (RaftServerImpl.java:setRole(184)) - 58095e90-3010-492a-9083-43cf2e035c3f@group-BCADF287A12B: changes role from  FOLLOWER to FOLLOWER at term 282 for recognizeCandidate:9127dd83-037b-4d39-812f-66db56af525a
2019-10-30 05:53:38,330 [grpc-default-executor-1] INFO  impl.RaftServerImpl (RaftServerImpl.java:setRole(184)) - 7fae3aed-4e76-4283-a599-f93f794625ab@group-BCADF287A12B: changes role from  FOLLOWER to FOLLOWER at term 282 for recognizeCandidate:9127dd83-037b-4d39-812f-66db56af525a
2019-10-30 05:53:38,330 [grpc-default-executor-2] INFO  impl.RoleInfo (RoleInfo.java:shutdownFollowerState(121)) - 58095e90-3010-492a-9083-43cf2e035c3f: shutdown FollowerState
2019-10-30 05:53:38,330 [grpc-default-executor-1] INFO  impl.RoleInfo (RoleInfo.java:shutdownFollowerState(121)) - 7fae3aed-4e76-4283-a599-f93f794625ab: shutdown FollowerState
2019-10-30 05:53:38,330 [Thread-1935] INFO  impl.FollowerState (FollowerState.java:run(117)) - 58095e90-3010-492a-9083-43cf2e035c3f@group-BCADF287A12B-FollowerState was interrupted: java.lang.InterruptedException: sleep interrupted
2019-10-30 05:53:38,330 [grpc-default-executor-2] INFO  impl.RoleInfo (RoleInfo.java:updateAndGet(143)) - 58095e90-3010-492a-9083-43cf2e035c3f: start FollowerState
2019-10-30 05:53:38,330 [Thread-1936] INFO  impl.FollowerState (FollowerState.java:run(117)) - 7fae3aed-4e76-4283-a599-f93f794625ab@group-BCADF287A12B-FollowerState was interrupted: java.lang.InterruptedException: sleep interrupted
2019-10-30 05:53:38,330 [grpc-default-executor-1] INFO  impl.RoleInfo (RoleInfo.java:updateAndGet(143)) - 7fae3aed-4e76-4283-a599-f93f794625ab: start FollowerState
2019-10-30 05:53:38,343 [9127dd83-037b-4d39-812f-66db56af525a@group-BCADF287A12B-LeaderElection255] INFO  impl.LeaderElection (LeaderElection.java:logAndReturn(56)) - 9127dd83-037b-4d39-812f-66db56af525a@group-BCADF287A12B-LeaderElection255: Election REJECTED; received 2 response(s) [9127dd83-037b-4d39-812f-66db56af525a<-7fae3aed-4e76-4283-a599-f93f794625ab#0:FAIL-t282, 9127dd83-037b-4d39-812f-66db56af525a<-58095e90-3010-492a-9083-43cf2e035c3f#0:FAIL-t282] and 0 exception(s); 9127dd83-037b-4d39-812f-66db56af525a@group-BCADF287A12B:t282, leader=null, voted=9127dd83-037b-4d39-812f-66db56af525a, raftlog=9127dd83-037b-4d39-812f-66db56af525a@group-BCADF287A12B-SegmentedRaftLog:OPENED:c-1,f-1,i0, conf=-1: [7fae3aed-4e76-4283-a599-f93f794625ab:192.168.34.21:41352, 58095e90-3010-492a-9083-43cf2e035c3f:192.168.34.21:45284, 9127dd83-037b-4d39-812f-66db56af525a:192.168.34.21:42063], old=null
2019-10-30 05:53:38,344 [9127dd83-037b-4d39-812f-66db56af525a@group-BCADF287A12B-LeaderElection255] INFO  impl.RaftServerImpl (RaftServerImpl.java:setRole(184)) - 9127dd83-037b-4d39-812f-66db56af525a@group-BCADF287A12B: changes role from CANDIDATE to FOLLOWER at term 282 for DISCOVERED_A_NEW_TERM
2019-10-30 05:53:38,344 [9127dd83-037b-4d39-812f-66db56af525a@group-BCADF287A12B-LeaderElection255] INFO  impl.RoleInfo (RoleInfo.java:shutdownLeaderElection(134)) - 9127dd83-037b-4d39-812f-66db56af525a: shutdown LeaderElection
2019-10-30 05:53:38,344 [9127dd83-037b-4d39-812f-66db56af525a@group-BCADF287A12B-LeaderElection255] INFO  impl.RoleInfo (RoleInfo.java:updateAndGet(143)) - 9127dd83-037b-4d39-812f-66db56af525a: start FollowerState
2019-10-30 05:53:38,415 [Thread-1941] INFO  impl.FollowerState (FollowerState.java:run(108)) - 9127dd83-037b-4d39-812f-66db56af525a@group-BCADF287A12B-FollowerState: change to CANDIDATE, lastRpcTime:71ms, electionTimeout:71ms
2019-10-30 05:53:38,415 [Thread-1941] INFO  impl.RoleInfo (RoleInfo.java:shutdownFollowerState(121)) - 9127dd83-037b-4d39-812f-66db56af525a: shutdown FollowerState
2019-10-30 05:53:38,416 [Thread-1941] INFO  impl.RaftServerImpl (RaftServerImpl.java:setRole(184)) - 9127dd83-037b-4d39-812f-66db56af525a@group-BCADF287A12B: changes role from  FOLLOWER to CANDIDATE at term 282 for changeToCandidate
2019-10-30 05:53:38,416 [Thread-1941] INFO  impl.RoleInfo (RoleInfo.java:updateAndGet(143)) - 9127dd83-037b-4d39-812f-66db56af525a: start LeaderElection
2019-10-30 05:53:38,430 [9127dd83-037b-4d39-812f-66db56af525a@group-BCADF287A12B-LeaderElection256] INFO  impl.LeaderElection (LeaderElection.java:askForVotes(178)) - 9127dd83-037b-4d39-812f-66db56af525a@group-BCADF287A12B-LeaderElection256: begin an election at term 283 for -1: [7fae3aed-4e76-4283-a599-f93f794625ab:192.168.34.21:41352, 58095e90-3010-492a-9083-43cf2e035c3f:192.168.34.21:45284, 9127dd83-037b-4d39-812f-66db56af525a:192.168.34.21:42063], old=null
2019-10-30 05:53:38,432 [grpc-default-executor-2] INFO  impl.RaftServerImpl (RaftServerImpl.java:setRole(184)) - 58095e90-3010-492a-9083-43cf2e035c3f@group-BCADF287A12B: changes role from  FOLLOWER to FOLLOWER at term 283 for recognizeCandidate:9127dd83-037b-4d39-812f-66db56af525a
2019-10-30 05:53:38,432 [grpc-default-executor-1] INFO  impl.RaftServerImpl (RaftServerImpl.java:setRole(184)) - 7fae3aed-4e76-4283-a599-f93f794625ab@group-BCADF287A12B: changes role from  FOLLOWER to FOLLOWER at term 283 for recognizeCandidate:9127dd83-037b-4d39-812f-66db56af525a
2019-10-30 05:53:38,432 [grpc-default-executor-1] INFO  impl.RoleInfo (RoleInfo.java:shutdownFollowerState(121)) - 7fae3aed-4e76-4283-a599-f93f794625ab: shutdown FollowerState
2019-10-30 05:53:38,432 [grpc-default-executor-2] INFO  impl.RoleInfo (RoleInfo.java:shutdownFollowerState(121)) - 58095e90-3010-492a-9083-43cf2e035c3f: shutdown FollowerState
2019-10-30 05:53:38,432 [grpc-default-executor-1] INFO  impl.RoleInfo (RoleInfo.java:updateAndGet(143)) - 7fae3aed-4e76-4283-a599-f93f794625ab: start FollowerState
2019-10-30 05:53:38,432 [Thread-1940] INFO  impl.FollowerState (FollowerState.java:run(117)) - 7fae3aed-4e76-4283-a599-f93f794625ab@group-BCADF287A12B-FollowerState was interrupted: java.lang.InterruptedException: sleep interrupted
2019-10-30 05:53:38,433 [Thread-1939] INFO  impl.FollowerState (FollowerState.java:run(117)) - 58095e90-3010-492a-9083-43cf2e035c3f@group-BCADF287A12B-FollowerState was interrupted: java.lang.InterruptedException: sleep interrupted
2019-10-30 05:53:38,433 [grpc-default-executor-2] INFO  impl.RoleInfo (RoleInfo.java:updateAndGet(143)) - 58095e90-3010-492a-9083-43cf2e035c3f: start FollowerState
2019-10-30 05:53:38,447 [9127dd83-037b-4d39-812f-66db56af525a@group-BCADF287A12B-LeaderElection256] INFO  impl.LeaderElection (LeaderElection.java:logAndReturn(56)) - 9127dd83-037b-4d39-812f-66db56af525a@group-BCADF287A12B-LeaderElection256: Election REJECTED; received 2 response(s) [9127dd83-037b-4d39-812f-66db56af525a<-7fae3aed-4e76-4283-a599-f93f794625ab#0:FAIL-t283, 9127dd83-037b-4d39-812f-66db56af525a<-58095e90-3010-492a-9083-43cf2e035c3f#0:FAIL-t283] and 0 exception(s); 9127dd83-037b-4d39-812f-66db56af525a@group-BCADF287A12B:t283, leader=null, voted=9127dd83-037b-4d39-812f-66db56af525a, raftlog=9127dd83-037b-4d39-812f-66db56af525a@group-BCADF287A12B-SegmentedRaftLog:OPENED:c-1,f-1,i0, conf=-1: [7fae3aed-4e76-4283-a599-f93f794625ab:192.168.34.21:41352, 58095e90-3010-492a-9083-43cf2e035c3f:192.168.34.21:45284, 9127dd83-037b-4d39-812f-66db56af525a:192.168.34.21:42063], old=null
2019-10-30 05:53:38,447 [9127dd83-037b-4d39-812f-66db56af525a@group-BCADF287A12B-LeaderElection256] INFO  impl.RaftServerImpl (RaftServerImpl.java:setRole(184)) - 9127dd83-037b-4d39-812f-66db56af525a@group-BCADF287A12B: changes role from CANDIDATE to FOLLOWER at term 283 for DISCOVERED_A_NEW_TERM
2019-10-30 05:53:38,448 [9127dd83-037b-4d39-812f-66db56af525a@group-BCADF287A12B-LeaderElection256] INFO  impl.RoleInfo (RoleInfo.java:shutdownLeaderElection(134)) - 9127dd83-037b-4d39-812f-66db56af525a: shutdown LeaderElection
2019-10-30 05:53:38,448 [9127dd83-037b-4d39-812f-66db56af525a@group-BCADF287A12B-LeaderElection256] INFO  impl.RoleInfo (RoleInfo.java:updateAndGet(143)) - 9127dd83-037b-4d39-812f-66db56af525a: start FollowerState
2019-10-30 05:53:38,616 [Thread-1949] INFO  impl.FollowerState (FollowerState.java:run(108)) - 9127dd83-037b-4d39-812f-66db56af525a@group-BCADF287A12B-FollowerState: change to CANDIDATE, lastRpcTime:168ms, electionTimeout:168ms
2019-10-30 05:53:38,616 [Thread-1949] INFO  impl.RoleInfo (RoleInfo.java:shutdownFollowerState(121)) - 9127dd83-037b-4d39-812f-66db56af525a: shutdown FollowerState
2019-10-30 05:53:38,616 [Thread-1949] INFO  impl.RaftServerImpl (RaftServerImpl.java:setRole(184)) - 9127dd83-037b-4d39-812f-66db56af525a@group-BCADF287A12B: changes role from  FOLLOWER to CANDIDATE at term 283 for changeToCandidate
2019-10-30 05:53:38,617 [Thread-1949] INFO  impl.RoleInfo (RoleInfo.java:updateAndGet(143)) - 9127dd83-037b-4d39-812f-66db56af525a: start LeaderElection
2019-10-30 05:53:38,631 [9127dd83-037b-4d39-812f-66db56af525a@group-BCADF287A12B-LeaderElection257] INFO  impl.LeaderElection (LeaderElection.java:askForVotes(178)) - 9127dd83-037b-4d39-812f-66db56af525a@group-BCADF287A12B-LeaderElection257: begin an election at term 284 for -1: [7fae3aed-4e76-4283-a599-f93f794625ab:192.168.34.21:41352, 58095e90-3010-492a-9083-43cf2e035c3f:192.168.34.21:45284, 9127dd83-037b-4d39-812f-66db56af525a:192.168.34.21:42063], old=null
2019-10-30 05:53:38,633 [grpc-default-executor-1] INFO  impl.RaftServerImpl (RaftServerImpl.java:setRole(184)) - 7fae3aed-4e76-4283-a599-f93f794625ab@group-BCADF287A12B: changes role from  FOLLOWER to FOLLOWER at term 284 for recognizeCandidate:9127dd83-037b-4d39-812f-66db56af525a
2019-10-30 05:53:38,634 [grpc-default-executor-1] INFO  impl.RoleInfo (RoleInfo.java:shutdownFollowerState(121)) - 7fae3aed-4e76-4283-a599-f93f794625ab: shutdown FollowerState
2019-10-30 05:53:38,634 [grpc-default-executor-1] INFO  impl.RoleInfo (RoleInfo.java:updateAndGet(143)) - 7fae3aed-4e76-4283-a599-f93f794625ab: start FollowerState
2019-10-30 05:53:38,634 [Thread-1947] INFO  impl.FollowerState (FollowerState.java:run(117)) - 7fae3aed-4e76-4283-a599-f93f794625ab@group-BCADF287A12B-FollowerState was interrupted: java.lang.InterruptedException: sleep interrupted
2019-10-30 05:53:38,634 [grpc-default-executor-2] INFO  impl.RaftServerImpl (RaftServerImpl.java:setRole(184)) - 58095e90-3010-492a-9083-43cf2e035c3f@group-BCADF287A12B: changes role from  FOLLOWER to FOLLOWER at term 284 for recognizeCandidate:9127dd83-037b-4d39-812f-66db56af525a
2019-10-30 05:53:38,634 [grpc-default-executor-2] INFO  impl.RoleInfo (RoleInfo.java:shutdownFollowerState(121)) - 58095e90-3010-492a-9083-43cf2e035c3f: shutdown FollowerState
2019-10-30 05:53:38,634 [grpc-default-executor-2] INFO  impl.RoleInfo (RoleInfo.java:updateAndGet(143)) - 58095e90-3010-492a-9083-43cf2e035c3f: start FollowerState
2019-10-30 05:53:38,634 [Thread-1948] INFO  impl.FollowerState (FollowerState.java:run(117)) - 58095e90-3010-492a-9083-43cf2e035c3f@group-BCADF287A12B-FollowerState was interrupted: java.lang.InterruptedException: sleep interrupted
2019-10-30 05:53:38,648 [9127dd83-037b-4d39-812f-66db56af525a@group-BCADF287A12B-LeaderElection257] INFO  impl.LeaderElection (LeaderElection.java:logAndReturn(56)) - 9127dd83-037b-4d39-812f-66db56af525a@group-BCADF287A12B-LeaderElection257: Election REJECTED; received 2 response(s) [9127dd83-037b-4d39-812f-66db56af525a<-7fae3aed-4e76-4283-a599-f93f794625ab#0:FAIL-t284, 9127dd83-037b-4d39-812f-66db56af525a<-58095e90-3010-492a-9083-43cf2e035c3f#0:FAIL-t284] and 0 exception(s); 9127dd83-037b-4d39-812f-66db56af525a@group-BCADF287A12B:t284, leader=null, voted=9127dd83-037b-4d39-812f-66db56af525a, raftlog=9127dd83-037b-4d39-812f-66db56af525a@group-BCADF287A12B-SegmentedRaftLog:OPENED:c-1,f-1,i0, conf=-1: [7fae3aed-4e76-4283-a599-f93f794625ab:192.168.34.21:41352, 58095e90-3010-492a-9083-43cf2e035c3f:192.168.34.21:45284, 9127dd83-037b-4d39-812f-66db56af525a:192.168.34.21:42063], old=null
2019-10-30 05:53:38,649 [9127dd83-037b-4d39-812f-66db56af525a@group-BCADF287A12B-LeaderElection257] INFO  impl.RaftServerImpl (RaftServerImpl.java:setRole(184)) - 9127dd83-037b-4d39-812f-66db56af525a@group-BCADF287A12B: changes role from CANDIDATE to FOLLOWER at term 284 for DISCOVERED_A_NEW_TERM
2019-10-30 05:53:38,649 [9127dd83-037b-4d39-812f-66db56af525a@group-BCADF287A12B-LeaderElection257] INFO  impl.RoleInfo (RoleInfo.java:shutdownLeaderElection(134)) - 9127dd83-037b-4d39-812f-66db56af525a: shutdown LeaderElection
2019-10-30 05:53:38,649 [9127dd83-037b-4d39-812f-66db56af525a@group-BCADF287A12B-LeaderElection257] INFO  impl.RoleInfo (RoleInfo.java:updateAndGet(143)) - 9127dd83-037b-4d39-812f-66db56af525a: start FollowerState
2019-10-30 05:53:38,808 [Thread-1955] INFO  impl.FollowerState (FollowerState.java:run(108)) - 9127dd83-037b-4d39-812f-66db56af525a@group-BCADF287A12B-FollowerState: change to CANDIDATE, lastRpcTime:159ms, electionTimeout:159ms
2019-10-30 05:53:38,808 [Thread-1955] INFO  impl.RoleInfo (RoleInfo.java:shutdownFollowerState(121)) - 9127dd83-037b-4d39-812f-66db56af525a: shutdown FollowerState
2019-10-30 05:53:38,809 [Thread-1955] INFO  impl.RaftServerImpl (RaftServerImpl.java:setRole(184)) - 9127dd83-037b-4d39-812f-66db56af525a@group-BCADF287A12B: changes role from  FOLLOWER to CANDIDATE at term 284 for changeToCandidate
2019-10-30 05:53:38,809 [Thread-1955] INFO  impl.RoleInfo (RoleInfo.java:updateAndGet(143)) - 9127dd83-037b-4d39-812f-66db56af525a: start LeaderElection
2019-10-30 05:53:38,823 [9127dd83-037b-4d39-812f-66db56af525a@group-BCADF287A12B-LeaderElection258] INFO  impl.LeaderElection (LeaderElection.java:askForVotes(178)) - 9127dd83-037b-4d39-812f-66db56af525a@group-BCADF287A12B-LeaderElection258: begin an election at term 285 for -1: [7fae3aed-4e76-4283-a599-f93f794625ab:192.168.34.21:41352, 58095e90-3010-492a-9083-43cf2e035c3f:192.168.34.21:45284, 9127dd83-037b-4d39-812f-66db56af525a:192.168.34.21:42063], old=null
2019-10-30 05:53:38,825 [grpc-default-executor-2] INFO  impl.RaftServerImpl (RaftServerImpl.java:setRole(184)) - 7fae3aed-4e76-4283-a599-f93f794625ab@group-BCADF287A12B: changes role from  FOLLOWER to FOLLOWER at term 285 for recognizeCandidate:9127dd83-037b-4d39-812f-66db56af525a
2019-10-30 05:53:38,825 [grpc-default-executor-2] INFO  impl.RoleInfo (RoleInfo.java:shutdownFollowerState(121)) - 7fae3aed-4e76-4283-a599-f93f794625ab: shutdown FollowerState
2019-10-30 05:53:38,825 [grpc-default-executor-1] INFO  impl.RaftServerImpl (RaftServerImpl.java:setRole(184)) - 58095e90-3010-492a-9083-43cf2e035c3f@group-BCADF287A12B: changes role from  FOLLOWER to FOLLOWER at term 285 for recognizeCandidate:9127dd83-037b-4d39-812f-66db56af525a
2019-10-30 05:53:38,825 [grpc-default-executor-1] INFO  impl.RoleInfo (RoleInfo.java:shutdownFollowerState(121)) - 58095e90-3010-492a-9083-43cf2e035c3f: shutdown FollowerState
2019-10-30 05:53:38,825 [Thread-1953] INFO  impl.FollowerState (FollowerState.java:run(117)) - 7fae3aed-4e76-4283-a599-f93f794625ab@group-BCADF287A12B-FollowerState was interrupted: java.lang.InterruptedException: sleep interrupted
2019-10-30 05:53:38,825 [grpc-default-executor-2] INFO  impl.RoleInfo (RoleInfo.java:updateAndGet(143)) - 7fae3aed-4e76-4283-a599-f93f794625ab: start FollowerState
2019-10-30 05:53:38,825 [Thread-1954] INFO  impl.FollowerState (FollowerState.java:run(117)) - 58095e90-3010-492a-9083-43cf2e035c3f@group-BCADF287A12B-FollowerState was interrupted: java.lang.InterruptedException: sleep interrupted
2019-10-30 05:53:38,825 [grpc-default-executor-1] INFO  impl.RoleInfo (RoleInfo.java:updateAndGet(143)) - 58095e90-3010-492a-9083-43cf2e035c3f: start FollowerState
2019-10-30 05:53:38,840 [9127dd83-037b-4d39-812f-66db56af525a@group-BCADF287A12B-LeaderElection258] INFO  impl.LeaderElection (LeaderElection.java:logAndReturn(56)) - 9127dd83-037b-4d39-812f-66db56af525a@group-BCADF287A12B-LeaderElection258: Election REJECTED; received 2 response(s) [9127dd83-037b-4d39-812f-66db56af525a<-7fae3aed-4e76-4283-a599-f93f794625ab#0:FAIL-t285, 9127dd83-037b-4d39-812f-66db56af525a<-58095e90-3010-492a-9083-43cf2e035c3f#0:FAIL-t285] and 0 exception(s); 9127dd83-037b-4d39-812f-66db56af525a@group-BCADF287A12B:t285, leader=null, voted=9127dd83-037b-4d39-812f-66db56af525a, raftlog=9127dd83-037b-4d39-812f-66db56af525a@group-BCADF287A12B-SegmentedRaftLog:OPENED:c-1,f-1,i0, conf=-1: [7fae3aed-4e76-4283-a599-f93f794625ab:192.168.34.21:41352, 58095e90-3010-492a-9083-43cf2e035c3f:192.168.34.21:45284, 9127dd83-037b-4d39-812f-66db56af525a:192.168.34.21:42063], old=null
2019-10-30 05:53:38,840 [9127dd83-037b-4d39-812f-66db56af525a@group-BCADF287A12B-LeaderElection258] INFO  impl.RaftServerImpl (RaftServerImpl.java:setRole(184)) - 9127dd83-037b-4d39-812f-66db56af525a@group-BCADF287A12B: changes role from CANDIDATE to FOLLOWER at term 285 for DISCOVERED_A_NEW_TERM
2019-10-30 05:53:38,840 [9127dd83-037b-4d39-812f-66db56af525a@group-BCADF287A12B-LeaderElection258] INFO  impl.RoleInfo (RoleInfo.java:shutdownLeaderElection(134)) - 9127dd83-037b-4d39-812f-66db56af525a: shutdown LeaderElection
2019-10-30 05:53:38,840 [9127dd83-037b-4d39-812f-66db56af525a@group-BCADF287A12B-LeaderElection258] INFO  impl.RoleInfo (RoleInfo.java:updateAndGet(143)) - 9127dd83-037b-4d39-812f-66db56af525a: start FollowerState
2019-10-30 05:53:38,940 [Thread-1961] INFO  impl.FollowerState (FollowerState.java:run(108)) - 9127dd83-037b-4d39-812f-66db56af525a@group-BCADF287A12B-FollowerState: change to CANDIDATE, lastRpcTime:99ms, electionTimeout:99ms
2019-10-30 05:53:38,940 [Thread-1961] INFO  impl.RoleInfo (RoleInfo.java:shutdownFollowerState(121)) - 9127dd83-037b-4d39-812f-66db56af525a: shutdown FollowerState
2019-10-30 05:53:38,940 [Thread-1961] INFO  impl.RaftServerImpl (RaftServerImpl.java:setRole(184)) - 9127dd83-037b-4d39-812f-66db56af525a@group-BCADF287A12B: changes role from  FOLLOWER to CANDIDATE at term 285 for changeToCandidate
2019-10-30 05:53:38,940 [Thread-1961] INFO  impl.RoleInfo (RoleInfo.java:updateAndGet(143)) - 9127dd83-037b-4d39-812f-66db56af525a: start LeaderElection
2019-10-30 05:53:38,948 [9127dd83-037b-4d39-812f-66db56af525a@group-BCADF287A12B-LeaderElection259] INFO  impl.LeaderElection (LeaderElection.java:askForVotes(178)) - 9127dd83-037b-4d39-812f-66db56af525a@group-BCADF287A12B-LeaderElection259: begin an election at term 286 for -1: [7fae3aed-4e76-4283-a599-f93f794625ab:192.168.34.21:41352, 58095e90-3010-492a-9083-43cf2e035c3f:192.168.34.21:45284, 9127dd83-037b-4d39-812f-66db56af525a:192.168.34.21:42063], old=null
2019-10-30 05:53:38,951 [grpc-default-executor-1] INFO  impl.RaftServerImpl (RaftServerImpl.java:setRole(184)) - 58095e90-3010-492a-9083-43cf2e035c3f@group-BCADF287A12B: changes role from  FOLLOWER to FOLLOWER at term 286 for recognizeCandidate:9127dd83-037b-4d39-812f-66db56af525a
2019-10-30 05:53:38,951 [grpc-default-executor-1] INFO  impl.RoleInfo (RoleInfo.java:shutdownFollowerState(121)) - 58095e90-3010-492a-9083-43cf2e035c3f: shutdown FollowerState
2019-10-30 05:53:38,951 [grpc-default-executor-1] INFO  impl.RoleInfo (RoleInfo.java:updateAndGet(143)) - 58095e90-3010-492a-9083-43cf2e035c3f: start FollowerState
2019-10-30 05:53:38,951 [Thread-1960] INFO  impl.FollowerState (FollowerState.java:run(117)) - 58095e90-3010-492a-9083-43cf2e035c3f@group-BCADF287A12B-FollowerState was interrupted: java.lang.InterruptedException: sleep interrupted
2019-10-30 05:53:38,951 [grpc-default-executor-2] INFO  impl.RaftServerImpl (RaftServerImpl.java:setRole(184)) - 7fae3aed-4e76-4283-a599-f93f794625ab@group-BCADF287A12B: changes role from  FOLLOWER to FOLLOWER at term 286 for recognizeCandidate:9127dd83-037b-4d39-812f-66db56af525a
2019-10-30 05:53:38,951 [grpc-default-executor-2] INFO  impl.RoleInfo (RoleInfo.java:shutdownFollowerState(121)) - 7fae3aed-4e76-4283-a599-f93f794625ab: shutdown FollowerState
2019-10-30 05:53:38,951 [grpc-default-executor-2] INFO  impl.RoleInfo (RoleInfo.java:updateAndGet(143)) - 7fae3aed-4e76-4283-a599-f93f794625ab: start FollowerState
2019-10-30 05:53:38,951 [Thread-1959] INFO  impl.FollowerState (FollowerState.java:run(117)) - 7fae3aed-4e76-4283-a599-f93f794625ab@group-BCADF287A12B-FollowerState was interrupted: java.lang.InterruptedException: sleep interrupted
2019-10-30 05:53:38,965 [9127dd83-037b-4d39-812f-66db56af525a@group-BCADF287A12B-LeaderElection259] INFO  impl.LeaderElection (LeaderElection.java:logAndReturn(56)) - 9127dd83-037b-4d39-812f-66db56af525a@group-BCADF287A12B-LeaderElection259: Election REJECTED; received 2 response(s) [9127dd83-037b-4d39-812f-66db56af525a<-7fae3aed-4e76-4283-a599-f93f794625ab#0:FAIL-t286, 9127dd83-037b-4d39-812f-66db56af525a<-58095e90-3010-492a-9083-43cf2e035c3f#0:FAIL-t286] and 0 exception(s); 9127dd83-037b-4d39-812f-66db56af525a@group-BCADF287A12B:t286, leader=null, voted=9127dd83-037b-4d39-812f-66db56af525a, raftlog=9127dd83-037b-4d39-812f-66db56af525a@group-BCADF287A12B-SegmentedRaftLog:OPENED:c-1,f-1,i0, conf=-1: [7fae3aed-4e76-4283-a599-f93f794625ab:192.168.34.21:41352, 58095e90-3010-492a-9083-43cf2e035c3f:192.168.34.21:45284, 9127dd83-037b-4d39-812f-66db56af525a:192.168.34.21:42063], old=null
2019-10-30 05:53:38,966 [9127dd83-037b-4d39-812f-66db56af525a@group-BCADF287A12B-LeaderElection259] INFO  impl.RaftServerImpl (RaftServerImpl.java:setRole(184)) - 9127dd83-037b-4d39-812f-66db56af525a@group-BCADF287A12B: changes role from CANDIDATE to FOLLOWER at term 286 for DISCOVERED_A_NEW_TERM
2019-10-30 05:53:38,966 [9127dd83-037b-4d39-812f-66db56af525a@group-BCADF287A12B-LeaderElection259] INFO  impl.RoleInfo (RoleInfo.java:shutdownLeaderElection(134)) - 9127dd83-037b-4d39-812f-66db56af525a: shutdown LeaderElection
2019-10-30 05:53:38,966 [9127dd83-037b-4d39-812f-66db56af525a@group-BCADF287A12B-LeaderElection259] INFO  impl.RoleInfo (RoleInfo.java:updateAndGet(143)) - 9127dd83-037b-4d39-812f-66db56af525a: start FollowerState
2019-10-30 05:53:39,098 [Thread-1967] INFO  impl.FollowerState (FollowerState.java:run(108)) - 9127dd83-037b-4d39-812f-66db56af525a@group-BCADF287A12B-FollowerState: change to CANDIDATE, lastRpcTime:132ms, electionTimeout:132ms
2019-10-30 05:53:39,099 [Thread-1967] INFO  impl.RoleInfo (RoleInfo.java:shutdownFollowerState(121)) - 9127dd83-037b-4d39-812f-66db56af525a: shutdown FollowerState
2019-10-30 05:53:39,099 [Thread-1967] INFO  impl.RaftServerImpl (RaftServerImpl.java:setRole(184)) - 9127dd83-037b-4d39-812f-66db56af525a@group-BCADF287A12B: changes role from  FOLLOWER to CANDIDATE at term 286 for changeToCandidate
2019-10-30 05:53:39,099 [Thread-1967] INFO  impl.RoleInfo (RoleInfo.java:updateAndGet(143)) - 9127dd83-037b-4d39-812f-66db56af525a: start LeaderElection
2019-10-30 05:53:39,113 [9127dd83-037b-4d39-812f-66db56af525a@group-BCADF287A12B-LeaderElection260] INFO  impl.LeaderElection (LeaderElection.java:askForVotes(178)) - 9127dd83-037b-4d39-812f-66db56af525a@group-BCADF287A12B-LeaderElection260: begin an election at term 287 for -1: [7fae3aed-4e76-4283-a599-f93f794625ab:192.168.34.21:41352, 58095e90-3010-492a-9083-43cf2e035c3f:192.168.34.21:45284, 9127dd83-037b-4d39-812f-66db56af525a:192.168.34.21:42063], old=null
2019-10-30 05:53:39,115 [grpc-default-executor-2] INFO  impl.RaftServerImpl (RaftServerImpl.java:setRole(184)) - 7fae3aed-4e76-4283-a599-f93f794625ab@group-BCADF287A12B: changes role from  FOLLOWER to FOLLOWER at term 287 for recognizeCandidate:9127dd83-037b-4d39-812f-66db56af525a
2019-10-30 05:53:39,115 [grpc-default-executor-1] INFO  impl.RaftServerImpl (RaftServerImpl.java:setRole(184)) - 58095e90-3010-492a-9083-43cf2e035c3f@group-BCADF287A12B: changes role from  FOLLOWER to FOLLOWER at term 287 for recognizeCandidate:9127dd83-037b-4d39-812f-66db56af525a
2019-10-30 05:53:39,116 [grpc-default-executor-1] INFO  impl.RoleInfo (RoleInfo.java:shutdownFollowerState(121)) - 58095e90-3010-492a-9083-43cf2e035c3f: shutdown FollowerState
2019-10-30 05:53:39,116 [grpc-default-executor-2] INFO  impl.RoleInfo (RoleInfo.java:shutdownFollowerState(121)) - 7fae3aed-4e76-4283-a599-f93f794625ab: shutdown FollowerState
2019-10-30 05:53:39,116 [Thread-1965] INFO  impl.FollowerState (FollowerState.java:run(117)) - 58095e90-3010-492a-9083-43cf2e035c3f@group-BCADF287A12B-FollowerState was interrupted: java.lang.InterruptedException: sleep interrupted
2019-10-30 05:53:39,116 [Thread-1966] INFO  impl.FollowerState (FollowerState.java:run(117)) - 7fae3aed-4e76-4283-a599-f93f794625ab@group-BCADF287A12B-FollowerState was interrupted: java.lang.InterruptedException: sleep interrupted
2019-10-30 05:53:39,116 [grpc-default-executor-1] INFO  impl.RoleInfo (RoleInfo.java:updateAndGet(143)) - 58095e90-3010-492a-9083-43cf2e035c3f: start FollowerState
2019-10-30 05:53:39,116 [grpc-default-executor-2] INFO  impl.RoleInfo (RoleInfo.java:updateAndGet(143)) - 7fae3aed-4e76-4283-a599-f93f794625ab: start FollowerState
2019-10-30 05:53:39,131 [9127dd83-037b-4d39-812f-66db56af525a@group-BCADF287A12B-LeaderElection260] INFO  impl.LeaderElection (LeaderElection.java:logAndReturn(56)) - 9127dd83-037b-4d39-812f-66db56af525a@group-BCADF287A12B-LeaderElection260: Election REJECTED; received 2 response(s) [9127dd83-037b-4d39-812f-66db56af525a<-7fae3aed-4e76-4283-a599-f93f794625ab#0:FAIL-t287, 9127dd83-037b-4d39-812f-66db56af525a<-58095e90-3010-492a-9083-43cf2e035c3f#0:FAIL-t287] and 0 exception(s); 9127dd83-037b-4d39-812f-66db56af525a@group-BCADF287A12B:t287, leader=null, voted=9127dd83-037b-4d39-812f-66db56af525a, raftlog=9127dd83-037b-4d39-812f-66db56af525a@group-BCADF287A12B-SegmentedRaftLog:OPENED:c-1,f-1,i0, conf=-1: [7fae3aed-4e76-4283-a599-f93f794625ab:192.168.34.21:41352, 58095e90-3010-492a-9083-43cf2e035c3f:192.168.34.21:45284, 9127dd83-037b-4d39-812f-66db56af525a:192.168.34.21:42063], old=null
2019-10-30 05:53:39,131 [9127dd83-037b-4d39-812f-66db56af525a@group-BCADF287A12B-LeaderElection260] INFO  impl.RaftServerImpl (RaftServerImpl.java:setRole(184)) - 9127dd83-037b-4d39-812f-66db56af525a@group-BCADF287A12B: changes role from CANDIDATE to FOLLOWER at term 287 for DISCOVERED_A_NEW_TERM
2019-10-30 05:53:39,131 [9127dd83-037b-4d39-812f-66db56af525a@group-BCADF287A12B-LeaderElection260] INFO  impl.RoleInfo (RoleInfo.java:shutdownLeaderElection(134)) - 9127dd83-037b-4d39-812f-66db56af525a: shutdown LeaderElection
2019-10-30 05:53:39,131 [9127dd83-037b-4d39-812f-66db56af525a@group-BCADF287A12B-LeaderElection260] INFO  impl.RoleInfo (RoleInfo.java:updateAndGet(143)) - 9127dd83-037b-4d39-812f-66db56af525a: start FollowerState
2019-10-30 05:53:39,219 [Thread-1973] INFO  impl.FollowerState (FollowerState.java:run(108)) - 9127dd83-037b-4d39-812f-66db56af525a@group-BCADF287A12B-FollowerState: change to CANDIDATE, lastRpcTime:88ms, electionTimeout:88ms
2019-10-30 05:53:39,219 [Thread-1973] INFO  impl.RoleInfo (RoleInfo.java:shutdownFollowerState(121)) - 9127dd83-037b-4d39-812f-66db56af525a: shutdown FollowerState
2019-10-30 05:53:39,220 [Thread-1973] INFO  impl.RaftServerImpl (RaftServerImpl.java:setRole(184)) - 9127dd83-037b-4d39-812f-66db56af525a@group-BCADF287A12B: changes role from  FOLLOWER to CANDIDATE at term 287 for changeToCandidate
2019-10-30 05:53:39,220 [Thread-1973] INFO  impl.RoleInfo (RoleInfo.java:updateAndGet(143)) - 9127dd83-037b-4d39-812f-66db56af525a: start LeaderElection
2019-10-30 05:53:39,233 [9127dd83-037b-4d39-812f-66db56af525a@group-BCADF287A12B-LeaderElection261] INFO  impl.LeaderElection (LeaderElection.java:askForVotes(178)) - 9127dd83-037b-4d39-812f-66db56af525a@group-BCADF287A12B-LeaderElection261: begin an election at term 288 for -1: [7fae3aed-4e76-4283-a599-f93f794625ab:192.168.34.21:41352, 58095e90-3010-492a-9083-43cf2e035c3f:192.168.34.21:45284, 9127dd83-037b-4d39-812f-66db56af525a:192.168.34.21:42063], old=null
2019-10-30 05:53:39,235 [grpc-default-executor-2] INFO  impl.RaftServerImpl (RaftServerImpl.java:setRole(184)) - 58095e90-3010-492a-9083-43cf2e035c3f@group-BCADF287A12B: changes role from  FOLLOWER to FOLLOWER at term 288 for recognizeCandidate:9127dd83-037b-4d39-812f-66db56af525a
2019-10-30 05:53:39,235 [grpc-default-executor-2] INFO  impl.RoleInfo (RoleInfo.java:shutdownFollowerState(121)) - 58095e90-3010-492a-9083-43cf2e035c3f: shutdown FollowerState
2019-10-30 05:53:39,236 [grpc-default-executor-2] INFO  impl.RoleInfo (RoleInfo.java:updateAndGet(143)) - 58095e90-3010-492a-9083-43cf2e035c3f: start FollowerState
2019-10-30 05:53:39,236 [grpc-default-executor-1] INFO  impl.RaftServerImpl (RaftServerImpl.java:setRole(184)) - 7fae3aed-4e76-4283-a599-f93f794625ab@group-BCADF287A12B: changes role from  FOLLOWER to FOLLOWER at term 288 for recognizeCandidate:9127dd83-037b-4d39-812f-66db56af525a
2019-10-30 05:53:39,236 [Thread-1971] INFO  impl.FollowerState (FollowerState.java:run(117)) - 58095e90-3010-492a-9083-43cf2e035c3f@group-BCADF287A12B-FollowerState was interrupted: java.lang.InterruptedException: sleep interrupted
2019-10-30 05:53:39,236 [grpc-default-executor-1] INFO  impl.RoleInfo (RoleInfo.java:shutdownFollowerState(121)) - 7fae3aed-4e76-4283-a599-f93f794625ab: shutdown FollowerState
2019-10-30 05:53:39,236 [grpc-default-executor-1] INFO  impl.RoleInfo (RoleInfo.java:updateAndGet(143)) - 7fae3aed-4e76-4283-a599-f93f794625ab: start FollowerState
2019-10-30 05:53:39,236 [Thread-1972] INFO  impl.FollowerState (FollowerState.java:run(117)) - 7fae3aed-4e76-4283-a599-f93f794625ab@group-BCADF287A12B-FollowerState was interrupted: java.lang.InterruptedException: sleep interrupted
2019-10-30 05:53:39,250 [9127dd83-037b-4d39-812f-66db56af525a@group-BCADF287A12B-LeaderElection261] INFO  impl.LeaderElection (LeaderElection.java:logAndReturn(56)) - 9127dd83-037b-4d39-812f-66db56af525a@group-BCADF287A12B-LeaderElection261: Election REJECTED; received 2 response(s) [9127dd83-037b-4d39-812f-66db56af525a<-7fae3aed-4e76-4283-a599-f93f794625ab#0:FAIL-t288, 9127dd83-037b-4d39-812f-66db56af525a<-58095e90-3010-492a-9083-43cf2e035c3f#0:FAIL-t288] and 0 exception(s); 9127dd83-037b-4d39-812f-66db56af525a@group-BCADF287A12B:t288, leader=null, voted=9127dd83-037b-4d39-812f-66db56af525a, raftlog=9127dd83-037b-4d39-812f-66db56af525a@group-BCADF287A12B-SegmentedRaftLog:OPENED:c-1,f-1,i0, conf=-1: [7fae3aed-4e76-4283-a599-f93f794625ab:192.168.34.21:41352, 58095e90-3010-492a-9083-43cf2e035c3f:192.168.34.21:45284, 9127dd83-037b-4d39-812f-66db56af525a:192.168.34.21:42063], old=null
2019-10-30 05:53:39,250 [9127dd83-037b-4d39-812f-66db56af525a@group-BCADF287A12B-LeaderElection261] INFO  impl.RaftServerImpl (RaftServerImpl.java:setRole(184)) - 9127dd83-037b-4d39-812f-66db56af525a@group-BCADF287A12B: changes role from CANDIDATE to FOLLOWER at term 288 for DISCOVERED_A_NEW_TERM
2019-10-30 05:53:39,250 [9127dd83-037b-4d39-812f-66db56af525a@group-BCADF287A12B-LeaderElection261] INFO  impl.RoleInfo (RoleInfo.java:shutdownLeaderElection(134)) - 9127dd83-037b-4d39-812f-66db56af525a: shutdown LeaderElection
2019-10-30 05:53:39,250 [9127dd83-037b-4d39-812f-66db56af525a@group-BCADF287A12B-LeaderElection261] INFO  impl.RoleInfo (RoleInfo.java:updateAndGet(143)) - 9127dd83-037b-4d39-812f-66db56af525a: start FollowerState
2019-10-30 05:53:39,310 [Thread-1979] INFO  impl.FollowerState (FollowerState.java:run(108)) - 9127dd83-037b-4d39-812f-66db56af525a@group-BCADF287A12B-FollowerState: change to CANDIDATE, lastRpcTime:59ms, electionTimeout:59ms
2019-10-30 05:53:39,310 [Thread-1979] INFO  impl.RoleInfo (RoleInfo.java:shutdownFollowerState(121)) - 9127dd83-037b-4d39-812f-66db56af525a: shutdown FollowerState
2019-10-30 05:53:39,310 [Thread-1979] INFO  impl.RaftServerImpl (RaftServerImpl.java:setRole(184)) - 9127dd83-037b-4d39-812f-66db56af525a@group-BCADF287A12B: changes role from  FOLLOWER to CANDIDATE at term 288 for changeToCandidate
2019-10-30 05:53:39,310 [Thread-1979] INFO  impl.RoleInfo (RoleInfo.java:updateAndGet(143)) - 9127dd83-037b-4d39-812f-66db56af525a: start LeaderElection
2019-10-30 05:53:39,324 [9127dd83-037b-4d39-812f-66db56af525a@group-BCADF287A12B-LeaderElection262] INFO  impl.LeaderElection (LeaderElection.java:askForVotes(178)) - 9127dd83-037b-4d39-812f-66db56af525a@group-BCADF287A12B-LeaderElection262: begin an election at term 289 for -1: [7fae3aed-4e76-4283-a599-f93f794625ab:192.168.34.21:41352, 58095e90-3010-492a-9083-43cf2e035c3f:192.168.34.21:45284, 9127dd83-037b-4d39-812f-66db56af525a:192.168.34.21:42063], old=null
2019-10-30 05:53:39,326 [grpc-default-executor-2] INFO  impl.RaftServerImpl (RaftServerImpl.java:setRole(184)) - 7fae3aed-4e76-4283-a599-f93f794625ab@group-BCADF287A12B: changes role from  FOLLOWER to FOLLOWER at term 289 for recognizeCandidate:9127dd83-037b-4d39-812f-66db56af525a
2019-10-30 05:53:39,326 [grpc-default-executor-2] INFO  impl.RoleInfo (RoleInfo.java:shutdownFollowerState(121)) - 7fae3aed-4e76-4283-a599-f93f794625ab: shutdown FollowerState
2019-10-30 05:53:39,327 [grpc-default-executor-2] INFO  impl.RoleInfo (RoleInfo.java:updateAndGet(143)) - 7fae3aed-4e76-4283-a599-f93f794625ab: start FollowerState
2019-10-30 05:53:39,327 [grpc-default-executor-1] INFO  impl.RaftServerImpl (RaftServerImpl.java:setRole(184)) - 58095e90-3010-492a-9083-43cf2e035c3f@group-BCADF287A12B: changes role from  FOLLOWER to FOLLOWER at term 289 for recognizeCandidate:9127dd83-037b-4d39-812f-66db56af525a
2019-10-30 05:53:39,327 [grpc-default-executor-1] INFO  impl.RoleInfo (RoleInfo.java:shutdownFollowerState(121)) - 58095e90-3010-492a-9083-43cf2e035c3f: shutdown FollowerState
2019-10-30 05:53:39,327 [Thread-1978] INFO  impl.FollowerState (FollowerState.java:run(117)) - 7fae3aed-4e76-4283-a599-f93f794625ab@group-BCADF287A12B-FollowerState was interrupted: java.lang.InterruptedException: sleep interrupted
2019-10-30 05:53:39,327 [Thread-1977] INFO  impl.FollowerState (FollowerState.java:run(117)) - 58095e90-3010-492a-9083-43cf2e035c3f@group-BCADF287A12B-FollowerState was interrupted: java.lang.InterruptedException: sleep interrupted
2019-10-30 05:53:39,327 [grpc-default-executor-1] INFO  impl.RoleInfo (RoleInfo.java:updateAndGet(143)) - 58095e90-3010-492a-9083-43cf2e035c3f: start FollowerState
2019-10-30 05:53:39,339 [9127dd83-037b-4d39-812f-66db56af525a@group-BCADF287A12B-LeaderElection262] INFO  impl.LeaderElection (LeaderElection.java:logAndReturn(56)) - 9127dd83-037b-4d39-812f-66db56af525a@group-BCADF287A12B-LeaderElection262: Election TIMEOUT; received 0 response(s) [] and 0 exception(s); 9127dd83-037b-4d39-812f-66db56af525a@group-BCADF287A12B:t289, leader=null, voted=9127dd83-037b-4d39-812f-66db56af525a, raftlog=9127dd83-037b-4d39-812f-66db56af525a@group-BCADF287A12B-SegmentedRaftLog:OPENED:c-1,f-1,i0, conf=-1: [7fae3aed-4e76-4283-a599-f93f794625ab:192.168.34.21:41352, 58095e90-3010-492a-9083-43cf2e035c3f:192.168.34.21:45284, 9127dd83-037b-4d39-812f-66db56af525a:192.168.34.21:42063], old=null
2019-10-30 05:53:39,343 [9127dd83-037b-4d39-812f-66db56af525a@group-BCADF287A12B-LeaderElection262] INFO  impl.LeaderElection (LeaderElection.java:askForVotes(178)) - 9127dd83-037b-4d39-812f-66db56af525a@group-BCADF287A12B-LeaderElection262: begin an election at term 290 for -1: [7fae3aed-4e76-4283-a599-f93f794625ab:192.168.34.21:41352, 58095e90-3010-492a-9083-43cf2e035c3f:192.168.34.21:45284, 9127dd83-037b-4d39-812f-66db56af525a:192.168.34.21:42063], old=null
2019-10-30 05:53:39,344 [grpc-default-executor-2] INFO  impl.RaftServerImpl (RaftServerImpl.java:setRole(184)) - 7fae3aed-4e76-4283-a599-f93f794625ab@group-BCADF287A12B: changes role from  FOLLOWER to FOLLOWER at term 290 for recognizeCandidate:9127dd83-037b-4d39-812f-66db56af525a
2019-10-30 05:53:39,344 [grpc-default-executor-2] INFO  impl.RoleInfo (RoleInfo.java:shutdownFollowerState(121)) - 7fae3aed-4e76-4283-a599-f93f794625ab: shutdown FollowerState
2019-10-30 05:53:39,345 [grpc-default-executor-2] INFO  impl.RoleInfo (RoleInfo.java:updateAndGet(143)) - 7fae3aed-4e76-4283-a599-f93f794625ab: start FollowerState
2019-10-30 05:53:39,345 [Thread-1983] INFO  impl.FollowerState (FollowerState.java:run(117)) - 7fae3aed-4e76-4283-a599-f93f794625ab@group-BCADF287A12B-FollowerState was interrupted: java.lang.InterruptedException: sleep interrupted
2019-10-30 05:53:39,345 [grpc-default-executor-1] INFO  impl.RaftServerImpl (RaftServerImpl.java:setRole(184)) - 58095e90-3010-492a-9083-43cf2e035c3f@group-BCADF287A12B: changes role from  FOLLOWER to FOLLOWER at term 290 for recognizeCandidate:9127dd83-037b-4d39-812f-66db56af525a
2019-10-30 05:53:39,345 [grpc-default-executor-1] INFO  impl.RoleInfo (RoleInfo.java:shutdownFollowerState(121)) - 58095e90-3010-492a-9083-43cf2e035c3f: shutdown FollowerState
2019-10-30 05:53:39,345 [grpc-default-executor-1] INFO  impl.RoleInfo (RoleInfo.java:updateAndGet(143)) - 58095e90-3010-492a-9083-43cf2e035c3f: start FollowerState
2019-10-30 05:53:39,345 [Thread-1984] INFO  impl.FollowerState (FollowerState.java:run(117)) - 58095e90-3010-492a-9083-43cf2e035c3f@group-BCADF287A12B-FollowerState was interrupted: java.lang.InterruptedException: sleep interrupted
2019-10-30 05:53:39,355 [9127dd83-037b-4d39-812f-66db56af525a@group-BCADF287A12B-LeaderElection262] INFO  impl.LeaderElection (LeaderElection.java:logAndReturn(56)) - 9127dd83-037b-4d39-812f-66db56af525a@group-BCADF287A12B-LeaderElection262: Election REJECTED; received 2 response(s) [9127dd83-037b-4d39-812f-66db56af525a<-7fae3aed-4e76-4283-a599-f93f794625ab#0:FAIL-t290, 9127dd83-037b-4d39-812f-66db56af525a<-58095e90-3010-492a-9083-43cf2e035c3f#0:FAIL-t290] and 0 exception(s); 9127dd83-037b-4d39-812f-66db56af525a@group-BCADF287A12B:t290, leader=null, voted=9127dd83-037b-4d39-812f-66db56af525a, raftlog=9127dd83-037b-4d39-812f-66db56af525a@group-BCADF287A12B-SegmentedRaftLog:OPENED:c-1,f-1,i0, conf=-1: [7fae3aed-4e76-4283-a599-f93f794625ab:192.168.34.21:41352, 58095e90-3010-492a-9083-43cf2e035c3f:192.168.34.21:45284, 9127dd83-037b-4d39-812f-66db56af525a:192.168.34.21:42063], old=null
2019-10-30 05:53:39,356 [9127dd83-037b-4d39-812f-66db56af525a@group-BCADF287A12B-LeaderElection262] INFO  impl.RaftServerImpl (RaftServerImpl.java:setRole(184)) - 9127dd83-037b-4d39-812f-66db56af525a@group-BCADF287A12B: changes role from CANDIDATE to FOLLOWER at term 290 for DISCOVERED_A_NEW_TERM
2019-10-30 05:53:39,356 [9127dd83-037b-4d39-812f-66db56af525a@group-BCADF287A12B-LeaderElection262] INFO  impl.RoleInfo (RoleInfo.java:shutdownLeaderElection(134)) - 9127dd83-037b-4d39-812f-66db56af525a: shutdown LeaderElection
2019-10-30 05:53:39,356 [9127dd83-037b-4d39-812f-66db56af525a@group-BCADF287A12B-LeaderElection262] INFO  impl.RoleInfo (RoleInfo.java:updateAndGet(143)) - 9127dd83-037b-4d39-812f-66db56af525a: start FollowerState
2019-10-30 05:53:39,556 [Thread-1989] INFO  impl.FollowerState (FollowerState.java:run(108)) - 9127dd83-037b-4d39-812f-66db56af525a@group-BCADF287A12B-FollowerState: change to CANDIDATE, lastRpcTime:200ms, electionTimeout:200ms
2019-10-30 05:53:39,556 [Thread-1989] INFO  impl.RoleInfo (RoleInfo.java:shutdownFollowerState(121)) - 9127dd83-037b-4d39-812f-66db56af525a: shutdown FollowerState
2019-10-30 05:53:39,556 [Thread-1989] INFO  impl.RaftServerImpl (RaftServerImpl.java:setRole(184)) - 9127dd83-037b-4d39-812f-66db56af525a@group-BCADF287A12B: changes role from  FOLLOWER to CANDIDATE at term 290 for changeToCandidate
2019-10-30 05:53:39,557 [Thread-1989] INFO  impl.RoleInfo (RoleInfo.java:updateAndGet(143)) - 9127dd83-037b-4d39-812f-66db56af525a: start LeaderElection
2019-10-30 05:53:39,561 [9127dd83-037b-4d39-812f-66db56af525a@group-BCADF287A12B-LeaderElection263] INFO  impl.LeaderElection (LeaderElection.java:askForVotes(178)) - 9127dd83-037b-4d39-812f-66db56af525a@group-BCADF287A12B-LeaderElection263: begin an election at term 291 for -1: [7fae3aed-4e76-4283-a599-f93f794625ab:192.168.34.21:41352, 58095e90-3010-492a-9083-43cf2e035c3f:192.168.34.21:45284, 9127dd83-037b-4d39-812f-66db56af525a:192.168.34.21:42063], old=null
2019-10-30 05:53:39,565 [grpc-default-executor-2] INFO  impl.RaftServerImpl (RaftServerImpl.java:setRole(184)) - 7fae3aed-4e76-4283-a599-f93f794625ab@group-BCADF287A12B: changes role from  FOLLOWER to FOLLOWER at term 291 for recognizeCandidate:9127dd83-037b-4d39-812f-66db56af525a
2019-10-30 05:53:39,565 [grpc-default-executor-2] INFO  impl.RoleInfo (RoleInfo.java:shutdownFollowerState(121)) - 7fae3aed-4e76-4283-a599-f93f794625ab: shutdown FollowerState
2019-10-30 05:53:39,565 [grpc-default-executor-1] INFO  impl.RaftServerImpl (RaftServerImpl.java:setRole(184)) - 58095e90-3010-492a-9083-43cf2e035c3f@group-BCADF287A12B: changes role from  FOLLOWER to FOLLOWER at term 291 for recognizeCandidate:9127dd83-037b-4d39-812f-66db56af525a
2019-10-30 05:53:39,565 [Thread-1987] INFO  impl.FollowerState (FollowerState.java:run(117)) - 7fae3aed-4e76-4283-a599-f93f794625ab@group-BCADF287A12B-FollowerState was interrupted: java.lang.InterruptedException: sleep interrupted
2019-10-30 05:53:39,565 [grpc-default-executor-2] INFO  impl.RoleInfo (RoleInfo.java:updateAndGet(143)) - 7fae3aed-4e76-4283-a599-f93f794625ab: start FollowerState
2019-10-30 05:53:39,565 [grpc-default-executor-1] INFO  impl.RoleInfo (RoleInfo.java:shutdownFollowerState(121)) - 58095e90-3010-492a-9083-43cf2e035c3f: shutdown FollowerState
2019-10-30 05:53:39,565 [grpc-default-executor-1] INFO  impl.RoleInfo (RoleInfo.java:updateAndGet(143)) - 58095e90-3010-492a-9083-43cf2e035c3f: start FollowerState
2019-10-30 05:53:39,565 [Thread-1988] INFO  impl.FollowerState (FollowerState.java:run(117)) - 58095e90-3010-492a-9083-43cf2e035c3f@group-BCADF287A12B-FollowerState was interrupted: java.lang.InterruptedException: sleep interrupted
2019-10-30 05:53:39,579 [9127dd83-037b-4d39-812f-66db56af525a@group-BCADF287A12B-LeaderElection263] INFO  impl.LeaderElection (LeaderElection.java:logAndReturn(56)) - 9127dd83-037b-4d39-812f-66db56af525a@group-BCADF287A12B-LeaderElection263: Election REJECTED; received 2 response(s) [9127dd83-037b-4d39-812f-66db56af525a<-7fae3aed-4e76-4283-a599-f93f794625ab#0:FAIL-t291, 9127dd83-037b-4d39-812f-66db56af525a<-58095e90-3010-492a-9083-43cf2e035c3f#0:FAIL-t291] and 0 exception(s); 9127dd83-037b-4d39-812f-66db56af525a@group-BCADF287A12B:t291, leader=null, voted=9127dd83-037b-4d39-812f-66db56af525a, raftlog=9127dd83-037b-4d39-812f-66db56af525a@group-BCADF287A12B-SegmentedRaftLog:OPENED:c-1,f-1,i0, conf=-1: [7fae3aed-4e76-4283-a599-f93f794625ab:192.168.34.21:41352, 58095e90-3010-492a-9083-43cf2e035c3f:192.168.34.21:45284, 9127dd83-037b-4d39-812f-66db56af525a:192.168.34.21:42063], old=null
2019-10-30 05:53:39,579 [9127dd83-037b-4d39-812f-66db56af525a@group-BCADF287A12B-LeaderElection263] INFO  impl.RaftServerImpl (RaftServerImpl.java:setRole(184)) - 9127dd83-037b-4d39-812f-66db56af525a@group-BCADF287A12B: changes role from CANDIDATE to FOLLOWER at term 291 for DISCOVERED_A_NEW_TERM
2019-10-30 05:53:39,579 [9127dd83-037b-4d39-812f-66db56af525a@group-BCADF287A12B-LeaderElection263] INFO  impl.RoleInfo (RoleInfo.java:shutdownLeaderElection(134)) - 9127dd83-037b-4d39-812f-66db56af525a: shutdown LeaderElection
2019-10-30 05:53:39,579 [9127dd83-037b-4d39-812f-66db56af525a@group-BCADF287A12B-LeaderElection263] INFO  impl.RoleInfo (RoleInfo.java:updateAndGet(143)) - 9127dd83-037b-4d39-812f-66db56af525a: start FollowerState
2019-10-30 05:53:39,717 [Thread-1997] INFO  impl.FollowerState (FollowerState.java:run(108)) - 9127dd83-037b-4d39-812f-66db56af525a@group-BCADF287A12B-FollowerState: change to CANDIDATE, lastRpcTime:137ms, electionTimeout:137ms
2019-10-30 05:53:39,717 [Thread-1997] INFO  impl.RoleInfo (RoleInfo.java:shutdownFollowerState(121)) - 9127dd83-037b-4d39-812f-66db56af525a: shutdown FollowerState
2019-10-30 05:53:39,717 [Thread-1997] INFO  impl.RaftServerImpl (RaftServerImpl.java:setRole(184)) - 9127dd83-037b-4d39-812f-66db56af525a@group-BCADF287A12B: changes role from  FOLLOWER to CANDIDATE at term 291 for changeToCandidate
2019-10-30 05:53:39,717 [Thread-1997] INFO  impl.RoleInfo (RoleInfo.java:updateAndGet(143)) - 9127dd83-037b-4d39-812f-66db56af525a: start LeaderElection
2019-10-30 05:53:39,731 [9127dd83-037b-4d39-812f-66db56af525a@group-BCADF287A12B-LeaderElection264] INFO  impl.LeaderElection (LeaderElection.java:askForVotes(178)) - 9127dd83-037b-4d39-812f-66db56af525a@group-BCADF287A12B-LeaderElection264: begin an election at term 292 for -1: [7fae3aed-4e76-4283-a599-f93f794625ab:192.168.34.21:41352, 58095e90-3010-492a-9083-43cf2e035c3f:192.168.34.21:45284, 9127dd83-037b-4d39-812f-66db56af525a:192.168.34.21:42063], old=null
2019-10-30 05:53:39,733 [grpc-default-executor-2] INFO  impl.RaftServerImpl (RaftServerImpl.java:setRole(184)) - 7fae3aed-4e76-4283-a599-f93f794625ab@group-BCADF287A12B: changes role from  FOLLOWER to FOLLOWER at term 292 for recognizeCandidate:9127dd83-037b-4d39-812f-66db56af525a
2019-10-30 05:53:39,733 [grpc-default-executor-2] INFO  impl.RoleInfo (RoleInfo.java:shutdownFollowerState(121)) - 7fae3aed-4e76-4283-a599-f93f794625ab: shutdown FollowerState
2019-10-30 05:53:39,734 [grpc-default-executor-2] INFO  impl.RoleInfo (RoleInfo.java:updateAndGet(143)) - 7fae3aed-4e76-4283-a599-f93f794625ab: start FollowerState
2019-10-30 05:53:39,734 [Thread-1995] INFO  impl.FollowerState (FollowerState.java:run(117)) - 7fae3aed-4e76-4283-a599-f93f794625ab@group-BCADF287A12B-FollowerState was interrupted: java.lang.InterruptedException: sleep interrupted
2019-10-30 05:53:39,734 [grpc-default-executor-1] INFO  impl.RaftServerImpl (RaftServerImpl.java:setRole(184)) - 58095e90-3010-492a-9083-43cf2e035c3f@group-BCADF287A12B: changes role from  FOLLOWER to FOLLOWER at term 292 for recognizeCandidate:9127dd83-037b-4d39-812f-66db56af525a
2019-10-30 05:53:39,734 [grpc-default-executor-1] INFO  impl.RoleInfo (RoleInfo.java:shutdownFollowerState(121)) - 58095e90-3010-492a-9083-43cf2e035c3f: shutdown FollowerState
2019-10-30 05:53:39,734 [grpc-default-executor-1] INFO  impl.RoleInfo (RoleInfo.java:updateAndGet(143)) - 58095e90-3010-492a-9083-43cf2e035c3f: start FollowerState
2019-10-30 05:53:39,734 [Thread-1996] INFO  impl.FollowerState (FollowerState.java:run(117)) - 58095e90-3010-492a-9083-43cf2e035c3f@group-BCADF287A12B-FollowerState was interrupted: java.lang.InterruptedException: sleep interrupted
2019-10-30 05:53:39,748 [9127dd83-037b-4d39-812f-66db56af525a@group-BCADF287A12B-LeaderElection264] INFO  impl.LeaderElection (LeaderElection.java:logAndReturn(56)) - 9127dd83-037b-4d39-812f-66db56af525a@group-BCADF287A12B-LeaderElection264: Election REJECTED; received 2 response(s) [9127dd83-037b-4d39-812f-66db56af525a<-7fae3aed-4e76-4283-a599-f93f794625ab#0:FAIL-t292, 9127dd83-037b-4d39-812f-66db56af525a<-58095e90-3010-492a-9083-43cf2e035c3f#0:FAIL-t292] and 0 exception(s); 9127dd83-037b-4d39-812f-66db56af525a@group-BCADF287A12B:t292, leader=null, voted=9127dd83-037b-4d39-812f-66db56af525a, raftlog=9127dd83-037b-4d39-812f-66db56af525a@group-BCADF287A12B-SegmentedRaftLog:OPENED:c-1,f-1,i0, conf=-1: [7fae3aed-4e76-4283-a599-f93f794625ab:192.168.34.21:41352, 58095e90-3010-492a-9083-43cf2e035c3f:192.168.34.21:45284, 9127dd83-037b-4d39-812f-66db56af525a:192.168.34.21:42063], old=null
2019-10-30 05:53:39,748 [9127dd83-037b-4d39-812f-66db56af525a@group-BCADF287A12B-LeaderElection264] INFO  impl.RaftServerImpl (RaftServerImpl.java:setRole(184)) - 9127dd83-037b-4d39-812f-66db56af525a@group-BCADF287A12B: changes role from CANDIDATE to FOLLOWER at term 292 for DISCOVERED_A_NEW_TERM
2019-10-30 05:53:39,748 [9127dd83-037b-4d39-812f-66db56af525a@group-BCADF287A12B-LeaderElection264] INFO  impl.RoleInfo (RoleInfo.java:shutdownLeaderElection(134)) - 9127dd83-037b-4d39-812f-66db56af525a: shutdown LeaderElection
2019-10-30 05:53:39,748 [9127dd83-037b-4d39-812f-66db56af525a@group-BCADF287A12B-LeaderElection264] INFO  impl.RoleInfo (RoleInfo.java:updateAndGet(143)) - 9127dd83-037b-4d39-812f-66db56af525a: start FollowerState
2019-10-30 05:53:39,863 [Thread-2003] INFO  impl.FollowerState (FollowerState.java:run(108)) - 9127dd83-037b-4d39-812f-66db56af525a@group-BCADF287A12B-FollowerState: change to CANDIDATE, lastRpcTime:115ms, electionTimeout:115ms
2019-10-30 05:53:39,864 [Thread-2003] INFO  impl.RoleInfo (RoleInfo.java:shutdownFollowerState(121)) - 9127dd83-037b-4d39-812f-66db56af525a: shutdown FollowerState
2019-10-30 05:53:39,864 [Thread-2003] INFO  impl.RaftServerImpl (RaftServerImpl.java:setRole(184)) - 9127dd83-037b-4d39-812f-66db56af525a@group-BCADF287A12B: changes role from  FOLLOWER to CANDIDATE at term 292 for changeToCandidate
2019-10-30 05:53:39,864 [Thread-2003] INFO  impl.RoleInfo (RoleInfo.java:updateAndGet(143)) - 9127dd83-037b-4d39-812f-66db56af525a: start LeaderElection
2019-10-30 05:53:39,877 [9127dd83-037b-4d39-812f-66db56af525a@group-BCADF287A12B-LeaderElection265] INFO  impl.LeaderElection (LeaderElection.java:askForVotes(178)) - 9127dd83-037b-4d39-812f-66db56af525a@group-BCADF287A12B-LeaderElection265: begin an election at term 293 for -1: [7fae3aed-4e76-4283-a599-f93f794625ab:192.168.34.21:41352, 58095e90-3010-492a-9083-43cf2e035c3f:192.168.34.21:45284, 9127dd83-037b-4d39-812f-66db56af525a:192.168.34.21:42063], old=null
2019-10-30 05:53:39,880 [grpc-default-executor-1] INFO  impl.RaftServerImpl (RaftServerImpl.java:setRole(184)) - 58095e90-3010-492a-9083-43cf2e035c3f@group-BCADF287A12B: changes role from  FOLLOWER to FOLLOWER at term 293 for recognizeCandidate:9127dd83-037b-4d39-812f-66db56af525a
2019-10-30 05:53:39,880 [grpc-default-executor-2] INFO  impl.RaftServerImpl (RaftServerImpl.java:setRole(184)) - 7fae3aed-4e76-4283-a599-f93f794625ab@group-BCADF287A12B: changes role from  FOLLOWER to FOLLOWER at term 293 for recognizeCandidate:9127dd83-037b-4d39-812f-66db56af525a
2019-10-30 05:53:39,880 [grpc-default-executor-1] INFO  impl.RoleInfo (RoleInfo.java:shutdownFollowerState(121)) - 58095e90-3010-492a-9083-43cf2e035c3f: shutdown FollowerState
2019-10-30 05:53:39,881 [grpc-default-executor-2] INFO  impl.RoleInfo (RoleInfo.java:shutdownFollowerState(121)) - 7fae3aed-4e76-4283-a599-f93f794625ab: shutdown FollowerState
2019-10-30 05:53:39,881 [Thread-2002] INFO  impl.FollowerState (FollowerState.java:run(117)) - 58095e90-3010-492a-9083-43cf2e035c3f@group-BCADF287A12B-FollowerState was interrupted: java.lang.InterruptedException: sleep interrupted
2019-10-30 05:53:39,881 [Thread-2001] INFO  impl.FollowerState (FollowerState.java:run(117)) - 7fae3aed-4e76-4283-a599-f93f794625ab@group-BCADF287A12B-FollowerState was interrupted: java.lang.InterruptedException: sleep interrupted
2019-10-30 05:53:39,881 [grpc-default-executor-1] INFO  impl.RoleInfo (RoleInfo.java:updateAndGet(143)) - 58095e90-3010-492a-9083-43cf2e035c3f: start FollowerState
2019-10-30 05:53:39,881 [grpc-default-executor-2] INFO  impl.RoleInfo (RoleInfo.java:updateAndGet(143)) - 7fae3aed-4e76-4283-a599-f93f794625ab: start FollowerState
2019-10-30 05:53:39,899 [9127dd83-037b-4d39-812f-66db56af525a@group-BCADF287A12B-LeaderElection265] INFO  impl.LeaderElection (LeaderElection.java:logAndReturn(56)) - 9127dd83-037b-4d39-812f-66db56af525a@group-BCADF287A12B-LeaderElection265: Election REJECTED; received 2 response(s) [9127dd83-037b-4d39-812f-66db56af525a<-7fae3aed-4e76-4283-a599-f93f794625ab#0:FAIL-t293, 9127dd83-037b-4d39-812f-66db56af525a<-58095e90-3010-492a-9083-43cf2e035c3f#0:FAIL-t293] and 0 exception(s); 9127dd83-037b-4d39-812f-66db56af525a@group-BCADF287A12B:t293, leader=null, voted=9127dd83-037b-4d39-812f-66db56af525a, raftlog=9127dd83-037b-4d39-812f-66db56af525a@group-BCADF287A12B-SegmentedRaftLog:OPENED:c-1,f-1,i0, conf=-1: [7fae3aed-4e76-4283-a599-f93f794625ab:192.168.34.21:41352, 58095e90-3010-492a-9083-43cf2e035c3f:192.168.34.21:45284, 9127dd83-037b-4d39-812f-66db56af525a:192.168.34.21:42063], old=null
2019-10-30 05:53:39,900 [9127dd83-037b-4d39-812f-66db56af525a@group-BCADF287A12B-LeaderElection265] INFO  impl.RaftServerImpl (RaftServerImpl.java:setRole(184)) - 9127dd83-037b-4d39-812f-66db56af525a@group-BCADF287A12B: changes role from CANDIDATE to FOLLOWER at term 293 for DISCOVERED_A_NEW_TERM
2019-10-30 05:53:39,900 [9127dd83-037b-4d39-812f-66db56af525a@group-BCADF287A12B-LeaderElection265] INFO  impl.RoleInfo (RoleInfo.java:shutdownLeaderElection(134)) - 9127dd83-037b-4d39-812f-66db56af525a: shutdown LeaderElection
2019-10-30 05:53:39,900 [9127dd83-037b-4d39-812f-66db56af525a@group-BCADF287A12B-LeaderElection265] INFO  impl.RoleInfo (RoleInfo.java:updateAndGet(143)) - 9127dd83-037b-4d39-812f-66db56af525a: start FollowerState
2019-10-30 05:53:40,079 [Thread-2009] INFO  impl.FollowerState (FollowerState.java:run(108)) - 9127dd83-037b-4d39-812f-66db56af525a@group-BCADF287A12B-FollowerState: change to CANDIDATE, lastRpcTime:179ms, electionTimeout:179ms
2019-10-30 05:53:40,080 [Thread-2009] INFO  impl.RoleInfo (RoleInfo.java:shutdownFollowerState(121)) - 9127dd83-037b-4d39-812f-66db56af525a: shutdown FollowerState
2019-10-30 05:53:40,080 [Thread-2009] INFO  impl.RaftServerImpl (RaftServerImpl.java:setRole(184)) - 9127dd83-037b-4d39-812f-66db56af525a@group-BCADF287A12B: changes role from  FOLLOWER to CANDIDATE at term 293 for changeToCandidate
2019-10-30 05:53:40,080 [Thread-2009] INFO  impl.RoleInfo (RoleInfo.java:updateAndGet(143)) - 9127dd83-037b-4d39-812f-66db56af525a: start LeaderElection
2019-10-30 05:53:40,095 [9127dd83-037b-4d39-812f-66db56af525a@group-BCADF287A12B-LeaderElection266] INFO  impl.LeaderElection (LeaderElection.java:askForVotes(178)) - 9127dd83-037b-4d39-812f-66db56af525a@group-BCADF287A12B-LeaderElection266: begin an election at term 294 for -1: [7fae3aed-4e76-4283-a599-f93f794625ab:192.168.34.21:41352, 58095e90-3010-492a-9083-43cf2e035c3f:192.168.34.21:45284, 9127dd83-037b-4d39-812f-66db56af525a:192.168.34.21:42063], old=null
2019-10-30 05:53:40,097 [grpc-default-executor-2] INFO  impl.RaftServerImpl (RaftServerImpl.java:setRole(184)) - 7fae3aed-4e76-4283-a599-f93f794625ab@group-BCADF287A12B: changes role from  FOLLOWER to FOLLOWER at term 294 for recognizeCandidate:9127dd83-037b-4d39-812f-66db56af525a
2019-10-30 05:53:40,097 [grpc-default-executor-2] INFO  impl.RoleInfo (RoleInfo.java:shutdownFollowerState(121)) - 7fae3aed-4e76-4283-a599-f93f794625ab: shutdown FollowerState
2019-10-30 05:53:40,097 [grpc-default-executor-1] INFO  impl.RaftServerImpl (RaftServerImpl.java:setRole(184)) - 58095e90-3010-492a-9083-43cf2e035c3f@group-BCADF287A12B: changes role from  FOLLOWER to FOLLOWER at term 294 for recognizeCandidate:9127dd83-037b-4d39-812f-66db56af525a
2019-10-30 05:53:40,097 [grpc-default-executor-1] INFO  impl.RoleInfo (RoleInfo.java:shutdownFollowerState(121)) - 58095e90-3010-492a-9083-43cf2e035c3f: shutdown FollowerState
2019-10-30 05:53:40,097 [Thread-2008] INFO  impl.FollowerState (FollowerState.java:run(117)) - 7fae3aed-4e76-4283-a599-f93f794625ab@group-BCADF287A12B-FollowerState was interrupted: java.lang.InterruptedException: sleep interrupted
2019-10-30 05:53:40,097 [grpc-default-executor-2] INFO  impl.RoleInfo (RoleInfo.java:updateAndGet(143)) - 7fae3aed-4e76-4283-a599-f93f794625ab: start FollowerState
2019-10-30 05:53:40,097 [Thread-2007] INFO  impl.FollowerState (FollowerState.java:run(117)) - 58095e90-3010-492a-9083-43cf2e035c3f@group-BCADF287A12B-FollowerState was interrupted: java.lang.InterruptedException: sleep interrupted
2019-10-30 05:53:40,097 [grpc-default-executor-1] INFO  impl.RoleInfo (RoleInfo.java:updateAndGet(143)) - 58095e90-3010-492a-9083-43cf2e035c3f: start FollowerState
2019-10-30 05:53:40,112 [9127dd83-037b-4d39-812f-66db56af525a@group-BCADF287A12B-LeaderElection266] INFO  impl.LeaderElection (LeaderElection.java:logAndReturn(56)) - 9127dd83-037b-4d39-812f-66db56af525a@group-BCADF287A12B-LeaderElection266: Election REJECTED; received 2 response(s) [9127dd83-037b-4d39-812f-66db56af525a<-7fae3aed-4e76-4283-a599-f93f794625ab#0:FAIL-t294, 9127dd83-037b-4d39-812f-66db56af525a<-58095e90-3010-492a-9083-43cf2e035c3f#0:FAIL-t294] and 0 exception(s); 9127dd83-037b-4d39-812f-66db56af525a@group-BCADF287A12B:t294, leader=null, voted=9127dd83-037b-4d39-812f-66db56af525a, raftlog=9127dd83-037b-4d39-812f-66db56af525a@group-BCADF287A12B-SegmentedRaftLog:OPENED:c-1,f-1,i0, conf=-1: [7fae3aed-4e76-4283-a599-f93f794625ab:192.168.34.21:41352, 58095e90-3010-492a-9083-43cf2e035c3f:192.168.34.21:45284, 9127dd83-037b-4d39-812f-66db56af525a:192.168.34.21:42063], old=null
2019-10-30 05:53:40,112 [9127dd83-037b-4d39-812f-66db56af525a@group-BCADF287A12B-LeaderElection266] INFO  impl.RaftServerImpl (RaftServerImpl.java:setRole(184)) - 9127dd83-037b-4d39-812f-66db56af525a@group-BCADF287A12B: changes role from CANDIDATE to FOLLOWER at term 294 for DISCOVERED_A_NEW_TERM
2019-10-30 05:53:40,112 [9127dd83-037b-4d39-812f-66db56af525a@group-BCADF287A12B-LeaderElection266] INFO  impl.RoleInfo (RoleInfo.java:shutdownLeaderElection(134)) - 9127dd83-037b-4d39-812f-66db56af525a: shutdown LeaderElection
2019-10-30 05:53:40,112 [9127dd83-037b-4d39-812f-66db56af525a@group-BCADF287A12B-LeaderElection266] INFO  impl.RoleInfo (RoleInfo.java:updateAndGet(143)) - 9127dd83-037b-4d39-812f-66db56af525a: start FollowerState
2019-10-30 05:53:40,119 [Thread-2015] INFO  impl.FollowerState (FollowerState.java:run(108)) - 9127dd83-037b-4d39-812f-66db56af525a@group-BCADF287A12B-FollowerState: change to CANDIDATE, lastRpcTime:7ms, electionTimeout:7ms
2019-10-30 05:53:40,119 [Thread-2015] INFO  impl.RoleInfo (RoleInfo.java:shutdownFollowerState(121)) - 9127dd83-037b-4d39-812f-66db56af525a: shutdown FollowerState
2019-10-30 05:53:40,119 [Thread-2015] INFO  impl.RaftServerImpl (RaftServerImpl.java:setRole(184)) - 9127dd83-037b-4d39-812f-66db56af525a@group-BCADF287A12B: changes role from  FOLLOWER to CANDIDATE at term 294 for changeToCandidate
2019-10-30 05:53:40,120 [Thread-2015] INFO  impl.RoleInfo (RoleInfo.java:updateAndGet(143)) - 9127dd83-037b-4d39-812f-66db56af525a: start LeaderElection
2019-10-30 05:53:40,129 [9127dd83-037b-4d39-812f-66db56af525a@group-BCADF287A12B-LeaderElection267] INFO  impl.LeaderElection (LeaderElection.java:askForVotes(178)) - 9127dd83-037b-4d39-812f-66db56af525a@group-BCADF287A12B-LeaderElection267: begin an election at term 295 for -1: [7fae3aed-4e76-4283-a599-f93f794625ab:192.168.34.21:41352, 58095e90-3010-492a-9083-43cf2e035c3f:192.168.34.21:45284, 9127dd83-037b-4d39-812f-66db56af525a:192.168.34.21:42063], old=null
2019-10-30 05:53:40,131 [grpc-default-executor-2] INFO  impl.RaftServerImpl (RaftServerImpl.java:setRole(184)) - 7fae3aed-4e76-4283-a599-f93f794625ab@group-BCADF287A12B: changes role from  FOLLOWER to FOLLOWER at term 295 for recognizeCandidate:9127dd83-037b-4d39-812f-66db56af525a
2019-10-30 05:53:40,131 [grpc-default-executor-2] INFO  impl.RoleInfo (RoleInfo.java:shutdownFollowerState(121)) - 7fae3aed-4e76-4283-a599-f93f794625ab: shutdown FollowerState
2019-10-30 05:53:40,131 [grpc-default-executor-1] INFO  impl.RaftServerImpl (RaftServerImpl.java:setRole(184)) - 58095e90-3010-492a-9083-43cf2e035c3f@group-BCADF287A12B: changes role from  FOLLOWER to FOLLOWER at term 295 for recognizeCandidate:9127dd83-037b-4d39-812f-66db56af525a
2019-10-30 05:53:40,131 [Thread-2013] INFO  impl.FollowerState (FollowerState.java:run(117)) - 7fae3aed-4e76-4283-a599-f93f794625ab@group-BCADF287A12B-FollowerState was interrupted: java.lang.InterruptedException: sleep interrupted
2019-10-30 05:53:40,131 [grpc-default-executor-2] INFO  impl.RoleInfo (RoleInfo.java:updateAndGet(143)) - 7fae3aed-4e76-4283-a599-f93f794625ab: start FollowerState
2019-10-30 05:53:40,131 [grpc-default-executor-1] INFO  impl.RoleInfo (RoleInfo.java:shutdownFollowerState(121)) - 58095e90-3010-492a-9083-43cf2e035c3f: shutdown FollowerState
2019-10-30 05:53:40,132 [grpc-default-executor-1] INFO  impl.RoleInfo (RoleInfo.java:updateAndGet(143)) - 58095e90-3010-492a-9083-43cf2e035c3f: start FollowerState
2019-10-30 05:53:40,132 [Thread-2014] INFO  impl.FollowerState (FollowerState.java:run(117)) - 58095e90-3010-492a-9083-43cf2e035c3f@group-BCADF287A12B-FollowerState was interrupted: java.lang.InterruptedException: sleep interrupted
2019-10-30 05:53:40,149 [9127dd83-037b-4d39-812f-66db56af525a@group-BCADF287A12B-LeaderElection267] INFO  impl.LeaderElection (LeaderElection.java:logAndReturn(56)) - 9127dd83-037b-4d39-812f-66db56af525a@group-BCADF287A12B-LeaderElection267: Election REJECTED; received 2 response(s) [9127dd83-037b-4d39-812f-66db56af525a<-7fae3aed-4e76-4283-a599-f93f794625ab#0:FAIL-t295, 9127dd83-037b-4d39-812f-66db56af525a<-58095e90-3010-492a-9083-43cf2e035c3f#0:FAIL-t295] and 0 exception(s); 9127dd83-037b-4d39-812f-66db56af525a@group-BCADF287A12B:t295, leader=null, voted=9127dd83-037b-4d39-812f-66db56af525a, raftlog=9127dd83-037b-4d39-812f-66db56af525a@group-BCADF287A12B-SegmentedRaftLog:OPENED:c-1,f-1,i0, conf=-1: [7fae3aed-4e76-4283-a599-f93f794625ab:192.168.34.21:41352, 58095e90-3010-492a-9083-43cf2e035c3f:192.168.34.21:45284, 9127dd83-037b-4d39-812f-66db56af525a:192.168.34.21:42063], old=null
2019-10-30 05:53:40,149 [9127dd83-037b-4d39-812f-66db56af525a@group-BCADF287A12B-LeaderElection267] INFO  impl.RaftServerImpl (RaftServerImpl.java:setRole(184)) - 9127dd83-037b-4d39-812f-66db56af525a@group-BCADF287A12B: changes role from CANDIDATE to FOLLOWER at term 295 for DISCOVERED_A_NEW_TERM
2019-10-30 05:53:40,149 [9127dd83-037b-4d39-812f-66db56af525a@group-BCADF287A12B-LeaderElection267] INFO  impl.RoleInfo (RoleInfo.java:shutdownLeaderElection(134)) - 9127dd83-037b-4d39-812f-66db56af525a: shutdown LeaderElection
2019-10-30 05:53:40,149 [9127dd83-037b-4d39-812f-66db56af525a@group-BCADF287A12B-LeaderElection267] INFO  impl.RoleInfo (RoleInfo.java:updateAndGet(143)) - 9127dd83-037b-4d39-812f-66db56af525a: start FollowerState
2019-10-30 05:53:40,307 [Thread-2021] INFO  impl.FollowerState (FollowerState.java:run(108)) - 9127dd83-037b-4d39-812f-66db56af525a@group-BCADF287A12B-FollowerState: change to CANDIDATE, lastRpcTime:157ms, electionTimeout:157ms
2019-10-30 05:53:40,307 [Thread-2021] INFO  impl.RoleInfo (RoleInfo.java:shutdownFollowerState(121)) - 9127dd83-037b-4d39-812f-66db56af525a: shutdown FollowerState
2019-10-30 05:53:40,308 [Thread-2021] INFO  impl.RaftServerImpl (RaftServerImpl.java:setRole(184)) - 9127dd83-037b-4d39-812f-66db56af525a@group-BCADF287A12B: changes role from  FOLLOWER to CANDIDATE at term 295 for changeToCandidate
2019-10-30 05:53:40,308 [Thread-2021] INFO  impl.RoleInfo (RoleInfo.java:updateAndGet(143)) - 9127dd83-037b-4d39-812f-66db56af525a: start LeaderElection
2019-10-30 05:53:40,322 [9127dd83-037b-4d39-812f-66db56af525a@group-BCADF287A12B-LeaderElection268] INFO  impl.LeaderElection (LeaderElection.java:askForVotes(178)) - 9127dd83-037b-4d39-812f-66db56af525a@group-BCADF287A12B-LeaderElection268: begin an election at term 296 for -1: [7fae3aed-4e76-4283-a599-f93f794625ab:192.168.34.21:41352, 58095e90-3010-492a-9083-43cf2e035c3f:192.168.34.21:45284, 9127dd83-037b-4d39-812f-66db56af525a:192.168.34.21:42063], old=null
2019-10-30 05:53:40,328 [grpc-default-executor-2] INFO  impl.RaftServerImpl (RaftServerImpl.java:setRole(184)) - 58095e90-3010-492a-9083-43cf2e035c3f@group-BCADF287A12B: changes role from  FOLLOWER to FOLLOWER at term 296 for recognizeCandidate:9127dd83-037b-4d39-812f-66db56af525a
2019-10-30 05:53:40,328 [grpc-default-executor-1] INFO  impl.RaftServerImpl (RaftServerImpl.java:setRole(184)) - 7fae3aed-4e76-4283-a599-f93f794625ab@group-BCADF287A12B: changes role from  FOLLOWER to FOLLOWER at term 296 for recognizeCandidate:9127dd83-037b-4d39-812f-66db56af525a
2019-10-30 05:53:40,328 [grpc-default-executor-2] INFO  impl.RoleInfo (RoleInfo.java:shutdownFollowerState(121)) - 58095e90-3010-492a-9083-43cf2e035c3f: shutdown FollowerState
2019-10-30 05:53:40,328 [grpc-default-executor-1] INFO  impl.RoleInfo (RoleInfo.java:shutdownFollowerState(121)) - 7fae3aed-4e76-4283-a599-f93f794625ab: shutdown FollowerState
2019-10-30 05:53:40,328 [grpc-default-executor-2] INFO  impl.RoleInfo (RoleInfo.java:updateAndGet(143)) - 58095e90-3010-492a-9083-43cf2e035c3f: start FollowerState
2019-10-30 05:53:40,328 [Thread-2019] INFO  impl.FollowerState (FollowerState.java:run(117)) - 7fae3aed-4e76-4283-a599-f93f794625ab@group-BCADF287A12B-FollowerState was interrupted: java.lang.InterruptedException: sleep interrupted
2019-10-30 05:53:40,328 [grpc-default-executor-1] INFO  impl.RoleInfo (RoleInfo.java:updateAndGet(143)) - 7fae3aed-4e76-4283-a599-f93f794625ab: start FollowerState
2019-10-30 05:53:40,328 [Thread-2020] INFO  impl.FollowerState (FollowerState.java:run(117)) - 58095e90-3010-492a-9083-43cf2e035c3f@group-BCADF287A12B-FollowerState was interrupted: java.lang.InterruptedException: sleep interrupted
2019-10-30 05:53:40,345 [9127dd83-037b-4d39-812f-66db56af525a@group-BCADF287A12B-LeaderElection268] INFO  impl.LeaderElection (LeaderElection.java:logAndReturn(56)) - 9127dd83-037b-4d39-812f-66db56af525a@group-BCADF287A12B-LeaderElection268: Election REJECTED; received 2 response(s) [9127dd83-037b-4d39-812f-66db56af525a<-7fae3aed-4e76-4283-a599-f93f794625ab#0:FAIL-t296, 9127dd83-037b-4d39-812f-66db56af525a<-58095e90-3010-492a-9083-43cf2e035c3f#0:FAIL-t296] and 0 exception(s); 9127dd83-037b-4d39-812f-66db56af525a@group-BCADF287A12B:t296, leader=null, voted=9127dd83-037b-4d39-812f-66db56af525a, raftlog=9127dd83-037b-4d39-812f-66db56af525a@group-BCADF287A12B-SegmentedRaftLog:OPENED:c-1,f-1,i0, conf=-1: [7fae3aed-4e76-4283-a599-f93f794625ab:192.168.34.21:41352, 58095e90-3010-492a-9083-43cf2e035c3f:192.168.34.21:45284, 9127dd83-037b-4d39-812f-66db56af525a:192.168.34.21:42063], old=null
2019-10-30 05:53:40,345 [9127dd83-037b-4d39-812f-66db56af525a@group-BCADF287A12B-LeaderElection268] INFO  impl.RaftServerImpl (RaftServerImpl.java:setRole(184)) - 9127dd83-037b-4d39-812f-66db56af525a@group-BCADF287A12B: changes role from CANDIDATE to FOLLOWER at term 296 for DISCOVERED_A_NEW_TERM
2019-10-30 05:53:40,345 [9127dd83-037b-4d39-812f-66db56af525a@group-BCADF287A12B-LeaderElection268] INFO  impl.RoleInfo (RoleInfo.java:shutdownLeaderElection(134)) - 9127dd83-037b-4d39-812f-66db56af525a: shutdown LeaderElection
2019-10-30 05:53:40,345 [9127dd83-037b-4d39-812f-66db56af525a@group-BCADF287A12B-LeaderElection268] INFO  impl.RoleInfo (RoleInfo.java:updateAndGet(143)) - 9127dd83-037b-4d39-812f-66db56af525a: start FollowerState
2019-10-30 05:53:40,419 [Thread-2027] INFO  impl.FollowerState (FollowerState.java:run(108)) - 9127dd83-037b-4d39-812f-66db56af525a@group-BCADF287A12B-FollowerState: change to CANDIDATE, lastRpcTime:74ms, electionTimeout:70ms
2019-10-30 05:53:40,420 [Thread-2027] INFO  impl.RoleInfo (RoleInfo.java:shutdownFollowerState(121)) - 9127dd83-037b-4d39-812f-66db56af525a: shutdown FollowerState
2019-10-30 05:53:40,420 [Thread-2027] INFO  impl.RaftServerImpl (RaftServerImpl.java:setRole(184)) - 9127dd83-037b-4d39-812f-66db56af525a@group-BCADF287A12B: changes role from  FOLLOWER to CANDIDATE at term 296 for changeToCandidate
2019-10-30 05:53:40,420 [Thread-2027] INFO  impl.RoleInfo (RoleInfo.java:updateAndGet(143)) - 9127dd83-037b-4d39-812f-66db56af525a: start LeaderElection
2019-10-30 05:53:40,431 [9127dd83-037b-4d39-812f-66db56af525a@group-BCADF287A12B-LeaderElection269] INFO  impl.LeaderElection (LeaderElection.java:askForVotes(178)) - 9127dd83-037b-4d39-812f-66db56af525a@group-BCADF287A12B-LeaderElection269: begin an election at term 297 for -1: [7fae3aed-4e76-4283-a599-f93f794625ab:192.168.34.21:41352, 58095e90-3010-492a-9083-43cf2e035c3f:192.168.34.21:45284, 9127dd83-037b-4d39-812f-66db56af525a:192.168.34.21:42063], old=null
2019-10-30 05:53:40,435 [grpc-default-executor-1] INFO  impl.RaftServerImpl (RaftServerImpl.java:setRole(184)) - 7fae3aed-4e76-4283-a599-f93f794625ab@group-BCADF287A12B: changes role from  FOLLOWER to FOLLOWER at term 297 for recognizeCandidate:9127dd83-037b-4d39-812f-66db56af525a
2019-10-30 05:53:40,436 [grpc-default-executor-1] INFO  impl.RoleInfo (RoleInfo.java:shutdownFollowerState(121)) - 7fae3aed-4e76-4283-a599-f93f794625ab: shutdown FollowerState
2019-10-30 05:53:40,437 [grpc-default-executor-1] INFO  impl.RoleInfo (RoleInfo.java:updateAndGet(143)) - 7fae3aed-4e76-4283-a599-f93f794625ab: start FollowerState
2019-10-30 05:53:40,437 [grpc-default-executor-3] INFO  impl.RaftServerImpl (RaftServerImpl.java:setRole(184)) - 58095e90-3010-492a-9083-43cf2e035c3f@group-BCADF287A12B: changes role from  FOLLOWER to FOLLOWER at term 297 for recognizeCandidate:9127dd83-037b-4d39-812f-66db56af525a
2019-10-30 05:53:40,437 [Thread-2026] INFO  impl.FollowerState (FollowerState.java:run(117)) - 7fae3aed-4e76-4283-a599-f93f794625ab@group-BCADF287A12B-FollowerState was interrupted: java.lang.InterruptedException: sleep interrupted
2019-10-30 05:53:40,437 [grpc-default-executor-3] INFO  impl.RoleInfo (RoleInfo.java:shutdownFollowerState(121)) - 58095e90-3010-492a-9083-43cf2e035c3f: shutdown FollowerState
2019-10-30 05:53:40,437 [grpc-default-executor-3] INFO  impl.RoleInfo (RoleInfo.java:updateAndGet(143)) - 58095e90-3010-492a-9083-43cf2e035c3f: start FollowerState
2019-10-30 05:53:40,437 [Thread-2025] INFO  impl.FollowerState (FollowerState.java:run(117)) - 58095e90-3010-492a-9083-43cf2e035c3f@group-BCADF287A12B-FollowerState was interrupted: java.lang.InterruptedException: sleep interrupted
2019-10-30 05:53:40,445 [9127dd83-037b-4d39-812f-66db56af525a@group-BCADF287A12B-LeaderElection269] INFO  impl.LeaderElection (LeaderElection.java:logAndReturn(56)) - 9127dd83-037b-4d39-812f-66db56af525a@group-BCADF287A12B-LeaderElection269: Election REJECTED; received 2 response(s) [9127dd83-037b-4d39-812f-66db56af525a<-7fae3aed-4e76-4283-a599-f93f794625ab#0:FAIL-t297, 9127dd83-037b-4d39-812f-66db56af525a<-58095e90-3010-492a-9083-43cf2e035c3f#0:FAIL-t297] and 0 exception(s); 9127dd83-037b-4d39-812f-66db56af525a@group-BCADF287A12B:t297, leader=null, voted=9127dd83-037b-4d39-812f-66db56af525a, raftlog=9127dd83-037b-4d39-812f-66db56af525a@group-BCADF287A12B-SegmentedRaftLog:OPENED:c-1,f-1,i0, conf=-1: [7fae3aed-4e76-4283-a599-f93f794625ab:192.168.34.21:41352, 58095e90-3010-492a-9083-43cf2e035c3f:192.168.34.21:45284, 9127dd83-037b-4d39-812f-66db56af525a:192.168.34.21:42063], old=null
2019-10-30 05:53:40,445 [9127dd83-037b-4d39-812f-66db56af525a@group-BCADF287A12B-LeaderElection269] INFO  impl.RaftServerImpl (RaftServerImpl.java:setRole(184)) - 9127dd83-037b-4d39-812f-66db56af525a@group-BCADF287A12B: changes role from CANDIDATE to FOLLOWER at term 297 for DISCOVERED_A_NEW_TERM
2019-10-30 05:53:40,445 [9127dd83-037b-4d39-812f-66db56af525a@group-BCADF287A12B-LeaderElection269] INFO  impl.RoleInfo (RoleInfo.java:shutdownLeaderElection(134)) - 9127dd83-037b-4d39-812f-66db56af525a: shutdown LeaderElection
2019-10-30 05:53:40,446 [9127dd83-037b-4d39-812f-66db56af525a@group-BCADF287A12B-LeaderElection269] INFO  impl.RoleInfo (RoleInfo.java:updateAndGet(143)) - 9127dd83-037b-4d39-812f-66db56af525a: start FollowerState
2019-10-30 05:53:40,477 [Thread-2035] INFO  impl.FollowerState (FollowerState.java:run(108)) - 9127dd83-037b-4d39-812f-66db56af525a@group-BCADF287A12B-FollowerState: change to CANDIDATE, lastRpcTime:31ms, electionTimeout:31ms
2019-10-30 05:53:40,477 [Thread-2035] INFO  impl.RoleInfo (RoleInfo.java:shutdownFollowerState(121)) - 9127dd83-037b-4d39-812f-66db56af525a: shutdown FollowerState
2019-10-30 05:53:40,477 [Thread-2035] INFO  impl.RaftServerImpl (RaftServerImpl.java:setRole(184)) - 9127dd83-037b-4d39-812f-66db56af525a@group-BCADF287A12B: changes role from  FOLLOWER to CANDIDATE at term 297 for changeToCandidate
2019-10-30 05:53:40,477 [Thread-2035] INFO  impl.RoleInfo (RoleInfo.java:updateAndGet(143)) - 9127dd83-037b-4d39-812f-66db56af525a: start LeaderElection
2019-10-30 05:53:40,482 [9127dd83-037b-4d39-812f-66db56af525a@group-BCADF287A12B-LeaderElection270] INFO  impl.LeaderElection (LeaderElection.java:askForVotes(178)) - 9127dd83-037b-4d39-812f-66db56af525a@group-BCADF287A12B-LeaderElection270: begin an election at term 298 for -1: [7fae3aed-4e76-4283-a599-f93f794625ab:192.168.34.21:41352, 58095e90-3010-492a-9083-43cf2e035c3f:192.168.34.21:45284, 9127dd83-037b-4d39-812f-66db56af525a:192.168.34.21:42063], old=null
2019-10-30 05:53:40,484 [grpc-default-executor-1] INFO  impl.RaftServerImpl (RaftServerImpl.java:setRole(184)) - 7fae3aed-4e76-4283-a599-f93f794625ab@group-BCADF287A12B: changes role from  FOLLOWER to FOLLOWER at term 298 for recognizeCandidate:9127dd83-037b-4d39-812f-66db56af525a
2019-10-30 05:53:40,484 [grpc-default-executor-1] INFO  impl.RoleInfo (RoleInfo.java:shutdownFollowerState(121)) - 7fae3aed-4e76-4283-a599-f93f794625ab: shutdown FollowerState
2019-10-30 05:53:40,484 [grpc-default-executor-1] INFO  impl.RoleInfo (RoleInfo.java:updateAndGet(143)) - 7fae3aed-4e76-4283-a599-f93f794625ab: start FollowerState
2019-10-30 05:53:40,484 [Thread-2033] INFO  impl.FollowerState (FollowerState.java:run(117)) - 7fae3aed-4e76-4283-a599-f93f794625ab@group-BCADF287A12B-FollowerState was interrupted: java.lang.InterruptedException: sleep interrupted
2019-10-30 05:53:40,485 [grpc-default-executor-3] INFO  impl.RaftServerImpl (RaftServerImpl.java:setRole(184)) - 58095e90-3010-492a-9083-43cf2e035c3f@group-BCADF287A12B: changes role from  FOLLOWER to FOLLOWER at term 298 for recognizeCandidate:9127dd83-037b-4d39-812f-66db56af525a
2019-10-30 05:53:40,485 [grpc-default-executor-3] INFO  impl.RoleInfo (RoleInfo.java:shutdownFollowerState(121)) - 58095e90-3010-492a-9083-43cf2e035c3f: shutdown FollowerState
2019-10-30 05:53:40,485 [grpc-default-executor-3] INFO  impl.RoleInfo (RoleInfo.java:updateAndGet(143)) - 58095e90-3010-492a-9083-43cf2e035c3f: start FollowerState
2019-10-30 05:53:40,485 [Thread-2034] INFO  impl.FollowerState (FollowerState.java:run(117)) - 58095e90-3010-492a-9083-43cf2e035c3f@group-BCADF287A12B-FollowerState was interrupted: java.lang.InterruptedException: sleep interrupted
2019-10-30 05:53:40,498 [9127dd83-037b-4d39-812f-66db56af525a@group-BCADF287A12B-LeaderElection270] INFO  impl.LeaderElection (LeaderElection.java:logAndReturn(56)) - 9127dd83-037b-4d39-812f-66db56af525a@group-BCADF287A12B-LeaderElection270: Election REJECTED; received 2 response(s) [9127dd83-037b-4d39-812f-66db56af525a<-7fae3aed-4e76-4283-a599-f93f794625ab#0:FAIL-t298, 9127dd83-037b-4d39-812f-66db56af525a<-58095e90-3010-492a-9083-43cf2e035c3f#0:FAIL-t298] and 0 exception(s); 9127dd83-037b-4d39-812f-66db56af525a@group-BCADF287A12B:t298, leader=null, voted=9127dd83-037b-4d39-812f-66db56af525a, raftlog=9127dd83-037b-4d39-812f-66db56af525a@group-BCADF287A12B-SegmentedRaftLog:OPENED:c-1,f-1,i0, conf=-1: [7fae3aed-4e76-4283-a599-f93f794625ab:192.168.34.21:41352, 58095e90-3010-492a-9083-43cf2e035c3f:192.168.34.21:45284, 9127dd83-037b-4d39-812f-66db56af525a:192.168.34.21:42063], old=null
2019-10-30 05:53:40,498 [9127dd83-037b-4d39-812f-66db56af525a@group-BCADF287A12B-LeaderElection270] INFO  impl.RaftServerImpl (RaftServerImpl.java:setRole(184)) - 9127dd83-037b-4d39-812f-66db56af525a@group-BCADF287A12B: changes role from CANDIDATE to FOLLOWER at term 298 for DISCOVERED_A_NEW_TERM
2019-10-30 05:53:40,499 [9127dd83-037b-4d39-812f-66db56af525a@group-BCADF287A12B-LeaderElection270] INFO  impl.RoleInfo (RoleInfo.java:shutdownLeaderElection(134)) - 9127dd83-037b-4d39-812f-66db56af525a: shutdown LeaderElection
2019-10-30 05:53:40,499 [9127dd83-037b-4d39-812f-66db56af525a@group-BCADF287A12B-LeaderElection270] INFO  impl.RoleInfo (RoleInfo.java:updateAndGet(143)) - 9127dd83-037b-4d39-812f-66db56af525a: start FollowerState
2019-10-30 05:53:40,544 [Thread-2041] INFO  impl.FollowerState (FollowerState.java:run(108)) - 9127dd83-037b-4d39-812f-66db56af525a@group-BCADF287A12B-FollowerState: change to CANDIDATE, lastRpcTime:45ms, electionTimeout:45ms
2019-10-30 05:53:40,544 [Thread-2041] INFO  impl.RoleInfo (RoleInfo.java:shutdownFollowerState(121)) - 9127dd83-037b-4d39-812f-66db56af525a: shutdown FollowerState
2019-10-30 05:53:40,544 [Thread-2041] INFO  impl.RaftServerImpl (RaftServerImpl.java:setRole(184)) - 9127dd83-037b-4d39-812f-66db56af525a@group-BCADF287A12B: changes role from  FOLLOWER to CANDIDATE at term 298 for changeToCandidate
2019-10-30 05:53:40,545 [Thread-2041] INFO  impl.RoleInfo (RoleInfo.java:updateAndGet(143)) - 9127dd83-037b-4d39-812f-66db56af525a: start LeaderElection
2019-10-30 05:53:40,550 [9127dd83-037b-4d39-812f-66db56af525a@group-BCADF287A12B-LeaderElection271] INFO  impl.LeaderElection (LeaderElection.java:askForVotes(178)) - 9127dd83-037b-4d39-812f-66db56af525a@group-BCADF287A12B-LeaderElection271: begin an election at term 299 for -1: [7fae3aed-4e76-4283-a599-f93f794625ab:192.168.34.21:41352, 58095e90-3010-492a-9083-43cf2e035c3f:192.168.34.21:45284, 9127dd83-037b-4d39-812f-66db56af525a:192.168.34.21:42063], old=null
2019-10-30 05:53:40,551 [grpc-default-executor-3] INFO  impl.RaftServerImpl (RaftServerImpl.java:setRole(184)) - 58095e90-3010-492a-9083-43cf2e035c3f@group-BCADF287A12B: changes role from  FOLLOWER to FOLLOWER at term 299 for recognizeCandidate:9127dd83-037b-4d39-812f-66db56af525a
2019-10-30 05:53:40,552 [grpc-default-executor-1] INFO  impl.RaftServerImpl (RaftServerImpl.java:setRole(184)) - 7fae3aed-4e76-4283-a599-f93f794625ab@group-BCADF287A12B: changes role from  FOLLOWER to FOLLOWER at term 299 for recognizeCandidate:9127dd83-037b-4d39-812f-66db56af525a
2019-10-30 05:53:40,552 [grpc-default-executor-3] INFO  impl.RoleInfo (RoleInfo.java:shutdownFollowerState(121)) - 58095e90-3010-492a-9083-43cf2e035c3f: shutdown FollowerState
2019-10-30 05:53:40,552 [grpc-default-executor-1] INFO  impl.RoleInfo (RoleInfo.java:shutdownFollowerState(121)) - 7fae3aed-4e76-4283-a599-f93f794625ab: shutdown FollowerState
2019-10-30 05:53:40,552 [Thread-2040] INFO  impl.FollowerState (FollowerState.java:run(117)) - 58095e90-3010-492a-9083-43cf2e035c3f@group-BCADF287A12B-FollowerState was interrupted: java.lang.InterruptedException: sleep interrupted
2019-10-30 05:53:40,552 [grpc-default-executor-3] INFO  impl.RoleInfo (RoleInfo.java:updateAndGet(143)) - 58095e90-3010-492a-9083-43cf2e035c3f: start FollowerState
2019-10-30 05:53:40,552 [Thread-2039] INFO  impl.FollowerState (FollowerState.java:run(117)) - 7fae3aed-4e76-4283-a599-f93f794625ab@group-BCADF287A12B-FollowerState was interrupted: java.lang.InterruptedException: sleep interrupted
2019-10-30 05:53:40,552 [grpc-default-executor-1] INFO  impl.RoleInfo (RoleInfo.java:updateAndGet(143)) - 7fae3aed-4e76-4283-a599-f93f794625ab: start FollowerState
2019-10-30 05:53:40,562 [9127dd83-037b-4d39-812f-66db56af525a@group-BCADF287A12B-LeaderElection271] INFO  impl.LeaderElection (LeaderElection.java:logAndReturn(56)) - 9127dd83-037b-4d39-812f-66db56af525a@group-BCADF287A12B-LeaderElection271: Election REJECTED; received 2 response(s) [9127dd83-037b-4d39-812f-66db56af525a<-7fae3aed-4e76-4283-a599-f93f794625ab#0:FAIL-t299, 9127dd83-037b-4d39-812f-66db56af525a<-58095e90-3010-492a-9083-43cf2e035c3f#0:FAIL-t299] and 0 exception(s); 9127dd83-037b-4d39-812f-66db56af525a@group-BCADF287A12B:t299, leader=null, voted=9127dd83-037b-4d39-812f-66db56af525a, raftlog=9127dd83-037b-4d39-812f-66db56af525a@group-BCADF287A12B-SegmentedRaftLog:OPENED:c-1,f-1,i0, conf=-1: [7fae3aed-4e76-4283-a599-f93f794625ab:192.168.34.21:41352, 58095e90-3010-492a-9083-43cf2e035c3f:192.168.34.21:45284, 9127dd83-037b-4d39-812f-66db56af525a:192.168.34.21:42063], old=null
2019-10-30 05:53:40,563 [9127dd83-037b-4d39-812f-66db56af525a@group-BCADF287A12B-LeaderElection271] INFO  impl.RaftServerImpl (RaftServerImpl.java:setRole(184)) - 9127dd83-037b-4d39-812f-66db56af525a@group-BCADF287A12B: changes role from CANDIDATE to FOLLOWER at term 299 for DISCOVERED_A_NEW_TERM
2019-10-30 05:53:40,563 [9127dd83-037b-4d39-812f-66db56af525a@group-BCADF287A12B-LeaderElection271] INFO  impl.RoleInfo (RoleInfo.java:shutdownLeaderElection(134)) - 9127dd83-037b-4d39-812f-66db56af525a: shutdown LeaderElection
2019-10-30 05:53:40,563 [9127dd83-037b-4d39-812f-66db56af525a@group-BCADF287A12B-LeaderElection271] INFO  impl.RoleInfo (RoleInfo.java:updateAndGet(143)) - 9127dd83-037b-4d39-812f-66db56af525a: start FollowerState
2019-10-30 05:53:40,721 [Thread-2047] INFO  impl.FollowerState (FollowerState.java:run(108)) - 9127dd83-037b-4d39-812f-66db56af525a@group-BCADF287A12B-FollowerState: change to CANDIDATE, lastRpcTime:158ms, electionTimeout:158ms
2019-10-30 05:53:40,721 [Thread-2047] INFO  impl.RoleInfo (RoleInfo.java:shutdownFollowerState(121)) - 9127dd83-037b-4d39-812f-66db56af525a: shutdown FollowerState
2019-10-30 05:53:40,722 [Thread-2047] INFO  impl.RaftServerImpl (RaftServerImpl.java:setRole(184)) - 9127dd83-037b-4d39-812f-66db56af525a@group-BCADF287A12B: changes role from  FOLLOWER to CANDIDATE at term 299 for changeToCandidate
2019-10-30 05:53:40,722 [Thread-2047] INFO  impl.RoleInfo (RoleInfo.java:updateAndGet(143)) - 9127dd83-037b-4d39-812f-66db56af525a: start LeaderElection
2019-10-30 05:53:40,755 [9127dd83-037b-4d39-812f-66db56af525a@group-BCADF287A12B-LeaderElection272] INFO  impl.LeaderElection (LeaderElection.java:askForVotes(178)) - 9127dd83-037b-4d39-812f-66db56af525a@group-BCADF287A12B-LeaderElection272: begin an election at term 300 for -1: [7fae3aed-4e76-4283-a599-f93f794625ab:192.168.34.21:41352, 58095e90-3010-492a-9083-43cf2e035c3f:192.168.34.21:45284, 9127dd83-037b-4d39-812f-66db56af525a:192.168.34.21:42063], old=null
2019-10-30 05:53:40,758 [grpc-default-executor-3] INFO  impl.RaftServerImpl (RaftServerImpl.java:setRole(184)) - 7fae3aed-4e76-4283-a599-f93f794625ab@group-BCADF287A12B: changes role from  FOLLOWER to FOLLOWER at term 300 for recognizeCandidate:9127dd83-037b-4d39-812f-66db56af525a
2019-10-30 05:53:40,758 [grpc-default-executor-1] INFO  impl.RaftServerImpl (RaftServerImpl.java:setRole(184)) - 58095e90-3010-492a-9083-43cf2e035c3f@group-BCADF287A12B: changes role from  FOLLOWER to FOLLOWER at term 300 for recognizeCandidate:9127dd83-037b-4d39-812f-66db56af525a
2019-10-30 05:53:40,758 [grpc-default-executor-3] INFO  impl.RoleInfo (RoleInfo.java:shutdownFollowerState(121)) - 7fae3aed-4e76-4283-a599-f93f794625ab: shutdown FollowerState
2019-10-30 05:53:40,758 [grpc-default-executor-1] INFO  impl.RoleInfo (RoleInfo.java:shutdownFollowerState(121)) - 58095e90-3010-492a-9083-43cf2e035c3f: shutdown FollowerState
2019-10-30 05:53:40,758 [grpc-default-executor-3] INFO  impl.RoleInfo (RoleInfo.java:updateAndGet(143)) - 7fae3aed-4e76-4283-a599-f93f794625ab: start FollowerState
2019-10-30 05:53:40,759 [Thread-2045] INFO  impl.FollowerState (FollowerState.java:run(117)) - 58095e90-3010-492a-9083-43cf2e035c3f@group-BCADF287A12B-FollowerState was interrupted: java.lang.InterruptedException: sleep interrupted
2019-10-30 05:53:40,759 [Thread-2046] INFO  impl.FollowerState (FollowerState.java:run(117)) - 7fae3aed-4e76-4283-a599-f93f794625ab@group-BCADF287A12B-FollowerState was interrupted: java.lang.InterruptedException: sleep interrupted
2019-10-30 05:53:40,759 [grpc-default-executor-1] INFO  impl.RoleInfo (RoleInfo.java:updateAndGet(143)) - 58095e90-3010-492a-9083-43cf2e035c3f: start FollowerState
2019-10-30 05:53:40,766 [9127dd83-037b-4d39-812f-66db56af525a@group-BCADF287A12B-LeaderElection272] INFO  impl.LeaderElection (LeaderElection.java:logAndReturn(56)) - 9127dd83-037b-4d39-812f-66db56af525a@group-BCADF287A12B-LeaderElection272: Election REJECTED; received 2 response(s) [9127dd83-037b-4d39-812f-66db56af525a<-7fae3aed-4e76-4283-a599-f93f794625ab#0:FAIL-t300, 9127dd83-037b-4d39-812f-66db56af525a<-58095e90-3010-492a-9083-43cf2e035c3f#0:FAIL-t300] and 0 exception(s); 9127dd83-037b-4d39-812f-66db56af525a@group-BCADF287A12B:t300, leader=null, voted=9127dd83-037b-4d39-812f-66db56af525a, raftlog=9127dd83-037b-4d39-812f-66db56af525a@group-BCADF287A12B-SegmentedRaftLog:OPENED:c-1,f-1,i0, conf=-1: [7fae3aed-4e76-4283-a599-f93f794625ab:192.168.34.21:41352, 58095e90-3010-492a-9083-43cf2e035c3f:192.168.34.21:45284, 9127dd83-037b-4d39-812f-66db56af525a:192.168.34.21:42063], old=null
2019-10-30 05:53:40,766 [9127dd83-037b-4d39-812f-66db56af525a@group-BCADF287A12B-LeaderElection272] INFO  impl.RaftServerImpl (RaftServerImpl.java:setRole(184)) - 9127dd83-037b-4d39-812f-66db56af525a@group-BCADF287A12B: changes role from CANDIDATE to FOLLOWER at term 300 for DISCOVERED_A_NEW_TERM
2019-10-30 05:53:40,767 [9127dd83-037b-4d39-812f-66db56af525a@group-BCADF287A12B-LeaderElection272] INFO  impl.RoleInfo (RoleInfo.java:shutdownLeaderElection(134)) - 9127dd83-037b-4d39-812f-66db56af525a: shutdown LeaderElection
2019-10-30 05:53:40,767 [9127dd83-037b-4d39-812f-66db56af525a@group-BCADF287A12B-LeaderElection272] INFO  impl.RoleInfo (RoleInfo.java:updateAndGet(143)) - 9127dd83-037b-4d39-812f-66db56af525a: start FollowerState
2019-10-30 05:53:40,863 [Thread-2053] INFO  impl.FollowerState (FollowerState.java:run(108)) - 9127dd83-037b-4d39-812f-66db56af525a@group-BCADF287A12B-FollowerState: change to CANDIDATE, lastRpcTime:96ms, electionTimeout:96ms
2019-10-30 05:53:40,863 [Thread-2053] INFO  impl.RoleInfo (RoleInfo.java:shutdownFollowerState(121)) - 9127dd83-037b-4d39-812f-66db56af525a: shutdown FollowerState
2019-10-30 05:53:40,863 [Thread-2053] INFO  impl.RaftServerImpl (RaftServerImpl.java:setRole(184)) - 9127dd83-037b-4d39-812f-66db56af525a@group-BCADF287A12B: changes role from  FOLLOWER to CANDIDATE at term 300 for changeToCandidate
2019-10-30 05:53:40,864 [Thread-2053] INFO  impl.RoleInfo (RoleInfo.java:updateAndGet(143)) - 9127dd83-037b-4d39-812f-66db56af525a: start LeaderElection
2019-10-30 05:53:40,867 [9127dd83-037b-4d39-812f-66db56af525a@group-BCADF287A12B-LeaderElection273] INFO  impl.LeaderElection (LeaderElection.java:askForVotes(178)) - 9127dd83-037b-4d39-812f-66db56af525a@group-BCADF287A12B-LeaderElection273: begin an election at term 301 for -1: [7fae3aed-4e76-4283-a599-f93f794625ab:192.168.34.21:41352, 58095e90-3010-492a-9083-43cf2e035c3f:192.168.34.21:45284, 9127dd83-037b-4d39-812f-66db56af525a:192.168.34.21:42063], old=null
2019-10-30 05:53:40,869 [grpc-default-executor-1] INFO  impl.RaftServerImpl (RaftServerImpl.java:setRole(184)) - 58095e90-3010-492a-9083-43cf2e035c3f@group-BCADF287A12B: changes role from  FOLLOWER to FOLLOWER at term 301 for recognizeCandidate:9127dd83-037b-4d39-812f-66db56af525a
2019-10-30 05:53:40,869 [grpc-default-executor-3] INFO  impl.RaftServerImpl (RaftServerImpl.java:setRole(184)) - 7fae3aed-4e76-4283-a599-f93f794625ab@group-BCADF287A12B: changes role from  FOLLOWER to FOLLOWER at term 301 for recognizeCandidate:9127dd83-037b-4d39-812f-66db56af525a
2019-10-30 05:53:40,870 [grpc-default-executor-1] INFO  impl.RoleInfo (RoleInfo.java:shutdownFollowerState(121)) - 58095e90-3010-492a-9083-43cf2e035c3f: shutdown FollowerState
2019-10-30 05:53:40,870 [grpc-default-executor-3] INFO  impl.RoleInfo (RoleInfo.java:shutdownFollowerState(121)) - 7fae3aed-4e76-4283-a599-f93f794625ab: shutdown FollowerState
2019-10-30 05:53:40,870 [Thread-2052] INFO  impl.FollowerState (FollowerState.java:run(117)) - 58095e90-3010-492a-9083-43cf2e035c3f@group-BCADF287A12B-FollowerState was interrupted: java.lang.InterruptedException: sleep interrupted
2019-10-30 05:53:40,870 [grpc-default-executor-1] INFO  impl.RoleInfo (RoleInfo.java:updateAndGet(143)) - 58095e90-3010-492a-9083-43cf2e035c3f: start FollowerState
2019-10-30 05:53:40,870 [grpc-default-executor-3] INFO  impl.RoleInfo (RoleInfo.java:updateAndGet(143)) - 7fae3aed-4e76-4283-a599-f93f794625ab: start FollowerState
2019-10-30 05:53:40,870 [Thread-2051] INFO  impl.FollowerState (FollowerState.java:run(117)) - 7fae3aed-4e76-4283-a599-f93f794625ab@group-BCADF287A12B-FollowerState was interrupted: java.lang.InterruptedException: sleep interrupted
2019-10-30 05:53:40,878 [9127dd83-037b-4d39-812f-66db56af525a@group-BCADF287A12B-LeaderElection273] INFO  impl.LeaderElection (LeaderElection.java:logAndReturn(56)) - 9127dd83-037b-4d39-812f-66db56af525a@group-BCADF287A12B-LeaderElection273: Election REJECTED; received 2 response(s) [9127dd83-037b-4d39-812f-66db56af525a<-7fae3aed-4e76-4283-a599-f93f794625ab#0:FAIL-t301, 9127dd83-037b-4d39-812f-66db56af525a<-58095e90-3010-492a-9083-43cf2e035c3f#0:FAIL-t301] and 0 exception(s); 9127dd83-037b-4d39-812f-66db56af525a@group-BCADF287A12B:t301, leader=null, voted=9127dd83-037b-4d39-812f-66db56af525a, raftlog=9127dd83-037b-4d39-812f-66db56af525a@group-BCADF287A12B-SegmentedRaftLog:OPENED:c-1,f-1,i0, conf=-1: [7fae3aed-4e76-4283-a599-f93f794625ab:192.168.34.21:41352, 58095e90-3010-492a-9083-43cf2e035c3f:192.168.34.21:45284, 9127dd83-037b-4d39-812f-66db56af525a:192.168.34.21:42063], old=null
2019-10-30 05:53:40,879 [9127dd83-037b-4d39-812f-66db56af525a@group-BCADF287A12B-LeaderElection273] INFO  impl.RaftServerImpl (RaftServerImpl.java:setRole(184)) - 9127dd83-037b-4d39-812f-66db56af525a@group-BCADF287A12B: changes role from CANDIDATE to FOLLOWER at term 301 for DISCOVERED_A_NEW_TERM
2019-10-30 05:53:40,879 [9127dd83-037b-4d39-812f-66db56af525a@group-BCADF287A12B-LeaderElection273] INFO  impl.RoleInfo (RoleInfo.java:shutdownLeaderElection(134)) - 9127dd83-037b-4d39-812f-66db56af525a: shutdown LeaderElection
2019-10-30 05:53:40,879 [9127dd83-037b-4d39-812f-66db56af525a@group-BCADF287A12B-LeaderElection273] INFO  impl.RoleInfo (RoleInfo.java:updateAndGet(143)) - 9127dd83-037b-4d39-812f-66db56af525a: start FollowerState
2019-10-30 05:53:41,057 [Thread-2059] INFO  impl.FollowerState (FollowerState.java:run(108)) - 9127dd83-037b-4d39-812f-66db56af525a@group-BCADF287A12B-FollowerState: change to CANDIDATE, lastRpcTime:178ms, electionTimeout:178ms
2019-10-30 05:53:41,058 [Thread-2059] INFO  impl.RoleInfo (RoleInfo.java:shutdownFollowerState(121)) - 9127dd83-037b-4d39-812f-66db56af525a: shutdown FollowerState
2019-10-30 05:53:41,058 [Thread-2059] INFO  impl.RaftServerImpl (RaftServerImpl.java:setRole(184)) - 9127dd83-037b-4d39-812f-66db56af525a@group-BCADF287A12B: changes role from  FOLLOWER to CANDIDATE at term 301 for changeToCandidate
2019-10-30 05:53:41,058 [Thread-2059] INFO  impl.RoleInfo (RoleInfo.java:updateAndGet(143)) - 9127dd83-037b-4d39-812f-66db56af525a: start LeaderElection
2019-10-30 05:53:41,064 [9127dd83-037b-4d39-812f-66db56af525a@group-BCADF287A12B-LeaderElection274] INFO  impl.LeaderElection (LeaderElection.java:askForVotes(178)) - 9127dd83-037b-4d39-812f-66db56af525a@group-BCADF287A12B-LeaderElection274: begin an election at term 302 for -1: [7fae3aed-4e76-4283-a599-f93f794625ab:192.168.34.21:41352, 58095e90-3010-492a-9083-43cf2e035c3f:192.168.34.21:45284, 9127dd83-037b-4d39-812f-66db56af525a:192.168.34.21:42063], old=null
2019-10-30 05:53:41,066 [grpc-default-executor-3] INFO  impl.RaftServerImpl (RaftServerImpl.java:setRole(184)) - 58095e90-3010-492a-9083-43cf2e035c3f@group-BCADF287A12B: changes role from  FOLLOWER to FOLLOWER at term 302 for recognizeCandidate:9127dd83-037b-4d39-812f-66db56af525a
2019-10-30 05:53:41,066 [grpc-default-executor-1] INFO  impl.RaftServerImpl (RaftServerImpl.java:setRole(184)) - 7fae3aed-4e76-4283-a599-f93f794625ab@group-BCADF287A12B: changes role from  FOLLOWER to FOLLOWER at term 302 for recognizeCandidate:9127dd83-037b-4d39-812f-66db56af525a
2019-10-30 05:53:41,066 [grpc-default-executor-3] INFO  impl.RoleInfo (RoleInfo.java:shutdownFollowerState(121)) - 58095e90-3010-492a-9083-43cf2e035c3f: shutdown FollowerState
2019-10-30 05:53:41,066 [grpc-default-executor-1] INFO  impl.RoleInfo (RoleInfo.java:shutdownFollowerState(121)) - 7fae3aed-4e76-4283-a599-f93f794625ab: shutdown FollowerState
2019-10-30 05:53:41,067 [grpc-default-executor-3] INFO  impl.RoleInfo (RoleInfo.java:updateAndGet(143)) - 58095e90-3010-492a-9083-43cf2e035c3f: start FollowerState
2019-10-30 05:53:41,067 [Thread-2058] INFO  impl.FollowerState (FollowerState.java:run(117)) - 7fae3aed-4e76-4283-a599-f93f794625ab@group-BCADF287A12B-FollowerState was interrupted: java.lang.InterruptedException: sleep interrupted
2019-10-30 05:53:41,067 [Thread-2057] INFO  impl.FollowerState (FollowerState.java:run(117)) - 58095e90-3010-492a-9083-43cf2e035c3f@group-BCADF287A12B-FollowerState was interrupted: java.lang.InterruptedException: sleep interrupted
2019-10-30 05:53:41,067 [grpc-default-executor-1] INFO  impl.RoleInfo (RoleInfo.java:updateAndGet(143)) - 7fae3aed-4e76-4283-a599-f93f794625ab: start FollowerState
2019-10-30 05:53:41,080 [9127dd83-037b-4d39-812f-66db56af525a@group-BCADF287A12B-LeaderElection274] INFO  impl.LeaderElection (LeaderElection.java:logAndReturn(56)) - 9127dd83-037b-4d39-812f-66db56af525a@group-BCADF287A12B-LeaderElection274: Election REJECTED; received 2 response(s) [9127dd83-037b-4d39-812f-66db56af525a<-7fae3aed-4e76-4283-a599-f93f794625ab#0:FAIL-t302, 9127dd83-037b-4d39-812f-66db56af525a<-58095e90-3010-492a-9083-43cf2e035c3f#0:FAIL-t302] and 0 exception(s); 9127dd83-037b-4d39-812f-66db56af525a@group-BCADF287A12B:t302, leader=null, voted=9127dd83-037b-4d39-812f-66db56af525a, raftlog=9127dd83-037b-4d39-812f-66db56af525a@group-BCADF287A12B-SegmentedRaftLog:OPENED:c-1,f-1,i0, conf=-1: [7fae3aed-4e76-4283-a599-f93f794625ab:192.168.34.21:41352, 58095e90-3010-492a-9083-43cf2e035c3f:192.168.34.21:45284, 9127dd83-037b-4d39-812f-66db56af525a:192.168.34.21:42063], old=null
2019-10-30 05:53:41,080 [9127dd83-037b-4d39-812f-66db56af525a@group-BCADF287A12B-LeaderElection274] INFO  impl.RaftServerImpl (RaftServerImpl.java:setRole(184)) - 9127dd83-037b-4d39-812f-66db56af525a@group-BCADF287A12B: changes role from CANDIDATE to FOLLOWER at term 302 for DISCOVERED_A_NEW_TERM
2019-10-30 05:53:41,080 [9127dd83-037b-4d39-812f-66db56af525a@group-BCADF287A12B-LeaderElection274] INFO  impl.RoleInfo (RoleInfo.java:shutdownLeaderElection(134)) - 9127dd83-037b-4d39-812f-66db56af525a: shutdown LeaderElection
2019-10-30 05:53:41,081 [9127dd83-037b-4d39-812f-66db56af525a@group-BCADF287A12B-LeaderElection274] INFO  impl.RoleInfo (RoleInfo.java:updateAndGet(143)) - 9127dd83-037b-4d39-812f-66db56af525a: start FollowerState
2019-10-30 05:53:41,245 [Thread-2065] INFO  impl.FollowerState (FollowerState.java:run(108)) - 9127dd83-037b-4d39-812f-66db56af525a@group-BCADF287A12B-FollowerState: change to CANDIDATE, lastRpcTime:164ms, electionTimeout:164ms
2019-10-30 05:53:41,245 [Thread-2065] INFO  impl.RoleInfo (RoleInfo.java:shutdownFollowerState(121)) - 9127dd83-037b-4d39-812f-66db56af525a: shutdown FollowerState
2019-10-30 05:53:41,245 [Thread-2065] INFO  impl.RaftServerImpl (RaftServerImpl.java:setRole(184)) - 9127dd83-037b-4d39-812f-66db56af525a@group-BCADF287A12B: changes role from  FOLLOWER to CANDIDATE at term 302 for changeToCandidate
2019-10-30 05:53:41,245 [Thread-2065] INFO  impl.RoleInfo (RoleInfo.java:updateAndGet(143)) - 9127dd83-037b-4d39-812f-66db56af525a: start LeaderElection
2019-10-30 05:53:41,257 [9127dd83-037b-4d39-812f-66db56af525a@group-BCADF287A12B-LeaderElection275] INFO  impl.LeaderElection (LeaderElection.java:askForVotes(178)) - 9127dd83-037b-4d39-812f-66db56af525a@group-BCADF287A12B-LeaderElection275: begin an election at term 303 for -1: [7fae3aed-4e76-4283-a599-f93f794625ab:192.168.34.21:41352, 58095e90-3010-492a-9083-43cf2e035c3f:192.168.34.21:45284, 9127dd83-037b-4d39-812f-66db56af525a:192.168.34.21:42063], old=null
2019-10-30 05:53:41,259 [grpc-default-executor-3] INFO  impl.RaftServerImpl (RaftServerImpl.java:setRole(184)) - 58095e90-3010-492a-9083-43cf2e035c3f@group-BCADF287A12B: changes role from  FOLLOWER to FOLLOWER at term 303 for recognizeCandidate:9127dd83-037b-4d39-812f-66db56af525a
2019-10-30 05:53:41,259 [grpc-default-executor-1] INFO  impl.RaftServerImpl (RaftServerImpl.java:setRole(184)) - 7fae3aed-4e76-4283-a599-f93f794625ab@group-BCADF287A12B: changes role from  FOLLOWER to FOLLOWER at term 303 for recognizeCandidate:9127dd83-037b-4d39-812f-66db56af525a
2019-10-30 05:53:41,259 [grpc-default-executor-3] INFO  impl.RoleInfo (RoleInfo.java:shutdownFollowerState(121)) - 58095e90-3010-492a-9083-43cf2e035c3f: shutdown FollowerState
2019-10-30 05:53:41,259 [grpc-default-executor-1] INFO  impl.RoleInfo (RoleInfo.java:shutdownFollowerState(121)) - 7fae3aed-4e76-4283-a599-f93f794625ab: shutdown FollowerState
2019-10-30 05:53:41,259 [grpc-default-executor-3] INFO  impl.RoleInfo (RoleInfo.java:updateAndGet(143)) - 58095e90-3010-492a-9083-43cf2e035c3f: start FollowerState
2019-10-30 05:53:41,259 [Thread-2064] INFO  impl.FollowerState (FollowerState.java:run(117)) - 7fae3aed-4e76-4283-a599-f93f794625ab@group-BCADF287A12B-FollowerState was interrupted: java.lang.InterruptedException: sleep interrupted
2019-10-30 05:53:41,259 [grpc-default-executor-1] INFO  impl.RoleInfo (RoleInfo.java:updateAndGet(143)) - 7fae3aed-4e76-4283-a599-f93f794625ab: start FollowerState
2019-10-30 05:53:41,259 [Thread-2063] INFO  impl.FollowerState (FollowerState.java:run(117)) - 58095e90-3010-492a-9083-43cf2e035c3f@group-BCADF287A12B-FollowerState was interrupted: java.lang.InterruptedException: sleep interrupted
2019-10-30 05:53:41,273 [9127dd83-037b-4d39-812f-66db56af525a@group-BCADF287A12B-LeaderElection275] INFO  impl.LeaderElection (LeaderElection.java:logAndReturn(56)) - 9127dd83-037b-4d39-812f-66db56af525a@group-BCADF287A12B-LeaderElection275: Election REJECTED; received 2 response(s) [9127dd83-037b-4d39-812f-66db56af525a<-7fae3aed-4e76-4283-a599-f93f794625ab#0:FAIL-t303, 9127dd83-037b-4d39-812f-66db56af525a<-58095e90-3010-492a-9083-43cf2e035c3f#0:FAIL-t303] and 0 exception(s); 9127dd83-037b-4d39-812f-66db56af525a@group-BCADF287A12B:t303, leader=null, voted=9127dd83-037b-4d39-812f-66db56af525a, raftlog=9127dd83-037b-4d39-812f-66db56af525a@group-BCADF287A12B-SegmentedRaftLog:OPENED:c-1,f-1,i0, conf=-1: [7fae3aed-4e76-4283-a599-f93f794625ab:192.168.34.21:41352, 58095e90-3010-492a-9083-43cf2e035c3f:192.168.34.21:45284, 9127dd83-037b-4d39-812f-66db56af525a:192.168.34.21:42063], old=null
2019-10-30 05:53:41,273 [9127dd83-037b-4d39-812f-66db56af525a@group-BCADF287A12B-LeaderElection275] INFO  impl.RaftServerImpl (RaftServerImpl.java:setRole(184)) - 9127dd83-037b-4d39-812f-66db56af525a@group-BCADF287A12B: changes role from CANDIDATE to FOLLOWER at term 303 for DISCOVERED_A_NEW_TERM
2019-10-30 05:53:41,273 [9127dd83-037b-4d39-812f-66db56af525a@group-BCADF287A12B-LeaderElection275] INFO  impl.RoleInfo (RoleInfo.java:shutdownLeaderElection(134)) - 9127dd83-037b-4d39-812f-66db56af525a: shutdown LeaderElection
2019-10-30 05:53:41,273 [9127dd83-037b-4d39-812f-66db56af525a@group-BCADF287A12B-LeaderElection275] INFO  impl.RoleInfo (RoleInfo.java:updateAndGet(143)) - 9127dd83-037b-4d39-812f-66db56af525a: start FollowerState
2019-10-30 05:53:41,382 [Thread-2072] INFO  impl.FollowerState (FollowerState.java:run(108)) - 9127dd83-037b-4d39-812f-66db56af525a@group-BCADF287A12B-FollowerState: change to CANDIDATE, lastRpcTime:108ms, electionTimeout:108ms
2019-10-30 05:53:41,382 [Thread-2072] INFO  impl.RoleInfo (RoleInfo.java:shutdownFollowerState(121)) - 9127dd83-037b-4d39-812f-66db56af525a: shutdown FollowerState
2019-10-30 05:53:41,382 [Thread-2072] INFO  impl.RaftServerImpl (RaftServerImpl.java:setRole(184)) - 9127dd83-037b-4d39-812f-66db56af525a@group-BCADF287A12B: changes role from  FOLLOWER to CANDIDATE at term 303 for changeToCandidate
2019-10-30 05:53:41,382 [Thread-2072] INFO  impl.RoleInfo (RoleInfo.java:updateAndGet(143)) - 9127dd83-037b-4d39-812f-66db56af525a: start LeaderElection
2019-10-30 05:53:41,386 [9127dd83-037b-4d39-812f-66db56af525a@group-BCADF287A12B-LeaderElection276] INFO  impl.LeaderElection (LeaderElection.java:askForVotes(178)) - 9127dd83-037b-4d39-812f-66db56af525a@group-BCADF287A12B-LeaderElection276: begin an election at term 304 for -1: [7fae3aed-4e76-4283-a599-f93f794625ab:192.168.34.21:41352, 58095e90-3010-492a-9083-43cf2e035c3f:192.168.34.21:45284, 9127dd83-037b-4d39-812f-66db56af525a:192.168.34.21:42063], old=null
2019-10-30 05:53:41,388 [grpc-default-executor-3] INFO  impl.RaftServerImpl (RaftServerImpl.java:setRole(184)) - 7fae3aed-4e76-4283-a599-f93f794625ab@group-BCADF287A12B: changes role from  FOLLOWER to FOLLOWER at term 304 for recognizeCandidate:9127dd83-037b-4d39-812f-66db56af525a
2019-10-30 05:53:41,388 [grpc-default-executor-3] INFO  impl.RoleInfo (RoleInfo.java:shutdownFollowerState(121)) - 7fae3aed-4e76-4283-a599-f93f794625ab: shutdown FollowerState
2019-10-30 05:53:41,388 [grpc-default-executor-1] INFO  impl.RaftServerImpl (RaftServerImpl.java:setRole(184)) - 58095e90-3010-492a-9083-43cf2e035c3f@group-BCADF287A12B: changes role from  FOLLOWER to FOLLOWER at term 304 for recognizeCandidate:9127dd83-037b-4d39-812f-66db56af525a
2019-10-30 05:53:41,388 [Thread-2071] INFO  impl.FollowerState (FollowerState.java:run(117)) - 7fae3aed-4e76-4283-a599-f93f794625ab@group-BCADF287A12B-FollowerState was interrupted: java.lang.InterruptedException: sleep interrupted
2019-10-30 05:53:41,388 [grpc-default-executor-3] INFO  impl.RoleInfo (RoleInfo.java:updateAndGet(143)) - 7fae3aed-4e76-4283-a599-f93f794625ab: start FollowerState
2019-10-30 05:53:41,388 [grpc-default-executor-1] INFO  impl.RoleInfo (RoleInfo.java:shutdownFollowerState(121)) - 58095e90-3010-492a-9083-43cf2e035c3f: shutdown FollowerState
2019-10-30 05:53:41,389 [grpc-default-executor-1] INFO  impl.RoleInfo (RoleInfo.java:updateAndGet(143)) - 58095e90-3010-492a-9083-43cf2e035c3f: start FollowerState
2019-10-30 05:53:41,389 [Thread-2070] INFO  impl.FollowerState (FollowerState.java:run(117)) - 58095e90-3010-492a-9083-43cf2e035c3f@group-BCADF287A12B-FollowerState was interrupted: java.lang.InterruptedException: sleep interrupted
2019-10-30 05:53:41,402 [9127dd83-037b-4d39-812f-66db56af525a@group-BCADF287A12B-LeaderElection276] INFO  impl.LeaderElection (LeaderElection.java:logAndReturn(56)) - 9127dd83-037b-4d39-812f-66db56af525a@group-BCADF287A12B-LeaderElection276: Election REJECTED; received 2 response(s) [9127dd83-037b-4d39-812f-66db56af525a<-7fae3aed-4e76-4283-a599-f93f794625ab#0:FAIL-t304, 9127dd83-037b-4d39-812f-66db56af525a<-58095e90-3010-492a-9083-43cf2e035c3f#0:FAIL-t304] and 0 exception(s); 9127dd83-037b-4d39-812f-66db56af525a@group-BCADF287A12B:t304, leader=null, voted=9127dd83-037b-4d39-812f-66db56af525a, raftlog=9127dd83-037b-4d39-812f-66db56af525a@group-BCADF287A12B-SegmentedRaftLog:OPENED:c-1,f-1,i0, conf=-1: [7fae3aed-4e76-4283-a599-f93f794625ab:192.168.34.21:41352, 58095e90-3010-492a-9083-43cf2e035c3f:192.168.34.21:45284, 9127dd83-037b-4d39-812f-66db56af525a:192.168.34.21:42063], old=null
2019-10-30 05:53:41,403 [9127dd83-037b-4d39-812f-66db56af525a@group-BCADF287A12B-LeaderElection276] INFO  impl.RaftServerImpl (RaftServerImpl.java:setRole(184)) - 9127dd83-037b-4d39-812f-66db56af525a@group-BCADF287A12B: changes role from CANDIDATE to FOLLOWER at term 304 for DISCOVERED_A_NEW_TERM
2019-10-30 05:53:41,403 [9127dd83-037b-4d39-812f-66db56af525a@group-BCADF287A12B-LeaderElection276] INFO  impl.RoleInfo (RoleInfo.java:shutdownLeaderElection(134)) - 9127dd83-037b-4d39-812f-66db56af525a: shutdown LeaderElection
2019-10-30 05:53:41,403 [9127dd83-037b-4d39-812f-66db56af525a@group-BCADF287A12B-LeaderElection276] INFO  impl.RoleInfo (RoleInfo.java:updateAndGet(143)) - 9127dd83-037b-4d39-812f-66db56af525a: start FollowerState
2019-10-30 05:53:41,560 [Thread-2078] INFO  impl.FollowerState (FollowerState.java:run(108)) - 9127dd83-037b-4d39-812f-66db56af525a@group-BCADF287A12B-FollowerState: change to CANDIDATE, lastRpcTime:157ms, electionTimeout:157ms
2019-10-30 05:53:41,560 [Thread-2078] INFO  impl.RoleInfo (RoleInfo.java:shutdownFollowerState(121)) - 9127dd83-037b-4d39-812f-66db56af525a: shutdown FollowerState
2019-10-30 05:53:41,560 [Thread-2078] INFO  impl.RaftServerImpl (RaftServerImpl.java:setRole(184)) - 9127dd83-037b-4d39-812f-66db56af525a@group-BCADF287A12B: changes role from  FOLLOWER to CANDIDATE at term 304 for changeToCandidate
2019-10-30 05:53:41,561 [Thread-2078] INFO  impl.RoleInfo (RoleInfo.java:updateAndGet(143)) - 9127dd83-037b-4d39-812f-66db56af525a: start LeaderElection
2019-10-30 05:53:41,574 [9127dd83-037b-4d39-812f-66db56af525a@group-BCADF287A12B-LeaderElection277] INFO  impl.LeaderElection (LeaderElection.java:askForVotes(178)) - 9127dd83-037b-4d39-812f-66db56af525a@group-BCADF287A12B-LeaderElection277: begin an election at term 305 for -1: [7fae3aed-4e76-4283-a599-f93f794625ab:192.168.34.21:41352, 58095e90-3010-492a-9083-43cf2e035c3f:192.168.34.21:45284, 9127dd83-037b-4d39-812f-66db56af525a:192.168.34.21:42063], old=null
2019-10-30 05:53:41,576 [grpc-default-executor-1] INFO  impl.RaftServerImpl (RaftServerImpl.java:setRole(184)) - 7fae3aed-4e76-4283-a599-f93f794625ab@group-BCADF287A12B: changes role from  FOLLOWER to FOLLOWER at term 305 for recognizeCandidate:9127dd83-037b-4d39-812f-66db56af525a
2019-10-30 05:53:41,576 [grpc-default-executor-1] INFO  impl.RoleInfo (RoleInfo.java:shutdownFollowerState(121)) - 7fae3aed-4e76-4283-a599-f93f794625ab: shutdown FollowerState
2019-10-30 05:53:41,576 [grpc-default-executor-1] INFO  impl.RoleInfo (RoleInfo.java:updateAndGet(143)) - 7fae3aed-4e76-4283-a599-f93f794625ab: start FollowerState
2019-10-30 05:53:41,576 [Thread-2076] INFO  impl.FollowerState (FollowerState.java:run(117)) - 7fae3aed-4e76-4283-a599-f93f794625ab@group-BCADF287A12B-FollowerState was interrupted: java.lang.InterruptedException: sleep interrupted
2019-10-30 05:53:41,576 [grpc-default-executor-3] INFO  impl.RaftServerImpl (RaftServerImpl.java:setRole(184)) - 58095e90-3010-492a-9083-43cf2e035c3f@group-BCADF287A12B: changes role from  FOLLOWER to FOLLOWER at term 305 for recognizeCandidate:9127dd83-037b-4d39-812f-66db56af525a
2019-10-30 05:53:41,577 [grpc-default-executor-3] INFO  impl.RoleInfo (RoleInfo.java:shutdownFollowerState(121)) - 58095e90-3010-492a-9083-43cf2e035c3f: shutdown FollowerState
2019-10-30 05:53:41,577 [grpc-default-executor-3] INFO  impl.RoleInfo (RoleInfo.java:updateAndGet(143)) - 58095e90-3010-492a-9083-43cf2e035c3f: start FollowerState
2019-10-30 05:53:41,577 [Thread-2077] INFO  impl.FollowerState (FollowerState.java:run(117)) - 58095e90-3010-492a-9083-43cf2e035c3f@group-BCADF287A12B-FollowerState was interrupted: java.lang.InterruptedException: sleep interrupted
2019-10-30 05:53:41,598 [9127dd83-037b-4d39-812f-66db56af525a@group-BCADF287A12B-LeaderElection277] INFO  impl.LeaderElection (LeaderElection.java:logAndReturn(56)) - 9127dd83-037b-4d39-812f-66db56af525a@group-BCADF287A12B-LeaderElection277: Election REJECTED; received 2 response(s) [9127dd83-037b-4d39-812f-66db56af525a<-7fae3aed-4e76-4283-a599-f93f794625ab#0:FAIL-t305, 9127dd83-037b-4d39-812f-66db56af525a<-58095e90-3010-492a-9083-43cf2e035c3f#0:FAIL-t305] and 0 exception(s); 9127dd83-037b-4d39-812f-66db56af525a@group-BCADF287A12B:t305, leader=null, voted=9127dd83-037b-4d39-812f-66db56af525a, raftlog=9127dd83-037b-4d39-812f-66db56af525a@group-BCADF287A12B-SegmentedRaftLog:OPENED:c-1,f-1,i0, conf=-1: [7fae3aed-4e76-4283-a599-f93f794625ab:192.168.34.21:41352, 58095e90-3010-492a-9083-43cf2e035c3f:192.168.34.21:45284, 9127dd83-037b-4d39-812f-66db56af525a:192.168.34.21:42063], old=null
2019-10-30 05:53:41,599 [9127dd83-037b-4d39-812f-66db56af525a@group-BCADF287A12B-LeaderElection277] INFO  impl.RaftServerImpl (RaftServerImpl.java:setRole(184)) - 9127dd83-037b-4d39-812f-66db56af525a@group-BCADF287A12B: changes role from CANDIDATE to FOLLOWER at term 305 for DISCOVERED_A_NEW_TERM
2019-10-30 05:53:41,599 [9127dd83-037b-4d39-812f-66db56af525a@group-BCADF287A12B-LeaderElection277] INFO  impl.RoleInfo (RoleInfo.java:shutdownLeaderElection(134)) - 9127dd83-037b-4d39-812f-66db56af525a: shutdown LeaderElection
2019-10-30 05:53:41,599 [9127dd83-037b-4d39-812f-66db56af525a@group-BCADF287A12B-LeaderElection277] INFO  impl.RoleInfo (RoleInfo.java:updateAndGet(143)) - 9127dd83-037b-4d39-812f-66db56af525a: start FollowerState
2019-10-30 05:53:41,663 [Thread-2086] INFO  impl.FollowerState (FollowerState.java:run(108)) - 9127dd83-037b-4d39-812f-66db56af525a@group-BCADF287A12B-FollowerState: change to CANDIDATE, lastRpcTime:64ms, electionTimeout:64ms
2019-10-30 05:53:41,663 [Thread-2086] INFO  impl.RoleInfo (RoleInfo.java:shutdownFollowerState(121)) - 9127dd83-037b-4d39-812f-66db56af525a: shutdown FollowerState
2019-10-30 05:53:41,663 [Thread-2086] INFO  impl.RaftServerImpl (RaftServerImpl.java:setRole(184)) - 9127dd83-037b-4d39-812f-66db56af525a@group-BCADF287A12B: changes role from  FOLLOWER to CANDIDATE at term 305 for changeToCandidate
2019-10-30 05:53:41,664 [Thread-2086] INFO  impl.RoleInfo (RoleInfo.java:updateAndGet(143)) - 9127dd83-037b-4d39-812f-66db56af525a: start LeaderElection
2019-10-30 05:53:41,678 [9127dd83-037b-4d39-812f-66db56af525a@group-BCADF287A12B-LeaderElection278] INFO  impl.LeaderElection (LeaderElection.java:askForVotes(178)) - 9127dd83-037b-4d39-812f-66db56af525a@group-BCADF287A12B-LeaderElection278: begin an election at term 306 for -1: [7fae3aed-4e76-4283-a599-f93f794625ab:192.168.34.21:41352, 58095e90-3010-492a-9083-43cf2e035c3f:192.168.34.21:45284, 9127dd83-037b-4d39-812f-66db56af525a:192.168.34.21:42063], old=null
2019-10-30 05:53:41,679 [grpc-default-executor-3] INFO  impl.RaftServerImpl (RaftServerImpl.java:setRole(184)) - 58095e90-3010-492a-9083-43cf2e035c3f@group-BCADF287A12B: changes role from  FOLLOWER to FOLLOWER at term 306 for recognizeCandidate:9127dd83-037b-4d39-812f-66db56af525a
2019-10-30 05:53:41,680 [grpc-default-executor-3] INFO  impl.RoleInfo (RoleInfo.java:shutdownFollowerState(121)) - 58095e90-3010-492a-9083-43cf2e035c3f: shutdown FollowerState
2019-10-30 05:53:41,680 [grpc-default-executor-3] INFO  impl.RoleInfo (RoleInfo.java:updateAndGet(143)) - 58095e90-3010-492a-9083-43cf2e035c3f: start FollowerState
2019-10-30 05:53:41,680 [Thread-2085] INFO  impl.FollowerState (FollowerState.java:run(117)) - 58095e90-3010-492a-9083-43cf2e035c3f@group-BCADF287A12B-FollowerState was interrupted: java.lang.InterruptedException: sleep interrupted
2019-10-30 05:53:41,680 [grpc-default-executor-1] INFO  impl.RaftServerImpl (RaftServerImpl.java:setRole(184)) - 7fae3aed-4e76-4283-a599-f93f794625ab@group-BCADF287A12B: changes role from  FOLLOWER to FOLLOWER at term 306 for recognizeCandidate:9127dd83-037b-4d39-812f-66db56af525a
2019-10-30 05:53:41,680 [grpc-default-executor-1] INFO  impl.RoleInfo (RoleInfo.java:shutdownFollowerState(121)) - 7fae3aed-4e76-4283-a599-f93f794625ab: shutdown FollowerState
2019-10-30 05:53:41,680 [grpc-default-executor-1] INFO  impl.RoleInfo (RoleInfo.java:updateAndGet(143)) - 7fae3aed-4e76-4283-a599-f93f794625ab: start FollowerState
2019-10-30 05:53:41,680 [Thread-2084] INFO  impl.FollowerState (FollowerState.java:run(117)) - 7fae3aed-4e76-4283-a599-f93f794625ab@group-BCADF287A12B-FollowerState was interrupted: java.lang.InterruptedException: sleep interrupted
2019-10-30 05:53:41,694 [9127dd83-037b-4d39-812f-66db56af525a@group-BCADF287A12B-LeaderElection278] INFO  impl.LeaderElection (LeaderElection.java:logAndReturn(56)) - 9127dd83-037b-4d39-812f-66db56af525a@group-BCADF287A12B-LeaderElection278: Election REJECTED; received 2 response(s) [9127dd83-037b-4d39-812f-66db56af525a<-7fae3aed-4e76-4283-a599-f93f794625ab#0:FAIL-t306, 9127dd83-037b-4d39-812f-66db56af525a<-58095e90-3010-492a-9083-43cf2e035c3f#0:FAIL-t306] and 0 exception(s); 9127dd83-037b-4d39-812f-66db56af525a@group-BCADF287A12B:t306, leader=null, voted=9127dd83-037b-4d39-812f-66db56af525a, raftlog=9127dd83-037b-4d39-812f-66db56af525a@group-BCADF287A12B-SegmentedRaftLog:OPENED:c-1,f-1,i0, conf=-1: [7fae3aed-4e76-4283-a599-f93f794625ab:192.168.34.21:41352, 58095e90-3010-492a-9083-43cf2e035c3f:192.168.34.21:45284, 9127dd83-037b-4d39-812f-66db56af525a:192.168.34.21:42063], old=null
2019-10-30 05:53:41,694 [9127dd83-037b-4d39-812f-66db56af525a@group-BCADF287A12B-LeaderElection278] INFO  impl.RaftServerImpl (RaftServerImpl.java:setRole(184)) - 9127dd83-037b-4d39-812f-66db56af525a@group-BCADF287A12B: changes role from CANDIDATE to FOLLOWER at term 306 for DISCOVERED_A_NEW_TERM
2019-10-30 05:53:41,694 [9127dd83-037b-4d39-812f-66db56af525a@group-BCADF287A12B-LeaderElection278] INFO  impl.RoleInfo (RoleInfo.java:shutdownLeaderElection(134)) - 9127dd83-037b-4d39-812f-66db56af525a: shutdown LeaderElection
2019-10-30 05:53:41,694 [9127dd83-037b-4d39-812f-66db56af525a@group-BCADF287A12B-LeaderElection278] INFO  impl.RoleInfo (RoleInfo.java:updateAndGet(143)) - 9127dd83-037b-4d39-812f-66db56af525a: start FollowerState
2019-10-30 05:53:41,878 [Thread-2092] INFO  impl.FollowerState (FollowerState.java:run(108)) - 9127dd83-037b-4d39-812f-66db56af525a@group-BCADF287A12B-FollowerState: change to CANDIDATE, lastRpcTime:183ms, electionTimeout:183ms
2019-10-30 05:53:41,878 [Thread-2092] INFO  impl.RoleInfo (RoleInfo.java:shutdownFollowerState(121)) - 9127dd83-037b-4d39-812f-66db56af525a: shutdown FollowerState
2019-10-30 05:53:41,878 [Thread-2092] INFO  impl.RaftServerImpl (RaftServerImpl.java:setRole(184)) - 9127dd83-037b-4d39-812f-66db56af525a@group-BCADF287A12B: changes role from  FOLLOWER to CANDIDATE at term 306 for changeToCandidate
2019-10-30 05:53:41,878 [Thread-2092] INFO  impl.RoleInfo (RoleInfo.java:updateAndGet(143)) - 9127dd83-037b-4d39-812f-66db56af525a: start LeaderElection
2019-10-30 05:53:41,904 [9127dd83-037b-4d39-812f-66db56af525a@group-BCADF287A12B-LeaderElection279] INFO  impl.LeaderElection (LeaderElection.java:askForVotes(178)) - 9127dd83-037b-4d39-812f-66db56af525a@group-BCADF287A12B-LeaderElection279: begin an election at term 307 for -1: [7fae3aed-4e76-4283-a599-f93f794625ab:192.168.34.21:41352, 58095e90-3010-492a-9083-43cf2e035c3f:192.168.34.21:45284, 9127dd83-037b-4d39-812f-66db56af525a:192.168.34.21:42063], old=null
2019-10-30 05:53:41,906 [grpc-default-executor-3] INFO  impl.RaftServerImpl (RaftServerImpl.java:setRole(184)) - 58095e90-3010-492a-9083-43cf2e035c3f@group-BCADF287A12B: changes role from  FOLLOWER to FOLLOWER at term 307 for recognizeCandidate:9127dd83-037b-4d39-812f-66db56af525a
2019-10-30 05:53:41,906 [grpc-default-executor-3] INFO  impl.RoleInfo (RoleInfo.java:shutdownFollowerState(121)) - 58095e90-3010-492a-9083-43cf2e035c3f: shutdown FollowerState
2019-10-30 05:53:41,906 [grpc-default-executor-1] INFO  impl.RaftServerImpl (RaftServerImpl.java:setRole(184)) - 7fae3aed-4e76-4283-a599-f93f794625ab@group-BCADF287A12B: changes role from  FOLLOWER to FOLLOWER at term 307 for recognizeCandidate:9127dd83-037b-4d39-812f-66db56af525a
2019-10-30 05:53:41,907 [grpc-default-executor-1] INFO  impl.RoleInfo (RoleInfo.java:shutdownFollowerState(121)) - 7fae3aed-4e76-4283-a599-f93f794625ab: shutdown FollowerState
2019-10-30 05:53:41,907 [Thread-2090] INFO  impl.FollowerState (FollowerState.java:run(117)) - 58095e90-3010-492a-9083-43cf2e035c3f@group-BCADF287A12B-FollowerState was interrupted: java.lang.InterruptedException: sleep interrupted
2019-10-30 05:53:41,906 [grpc-default-executor-3] INFO  impl.RoleInfo (RoleInfo.java:updateAndGet(143)) - 58095e90-3010-492a-9083-43cf2e035c3f: start FollowerState
2019-10-30 05:53:41,907 [Thread-2091] INFO  impl.FollowerState (FollowerState.java:run(117)) - 7fae3aed-4e76-4283-a599-f93f794625ab@group-BCADF287A12B-FollowerState was interrupted: java.lang.InterruptedException: sleep interrupted
2019-10-30 05:53:41,907 [grpc-default-executor-1] INFO  impl.RoleInfo (RoleInfo.java:updateAndGet(143)) - 7fae3aed-4e76-4283-a599-f93f794625ab: start FollowerState
2019-10-30 05:53:41,919 [9127dd83-037b-4d39-812f-66db56af525a@group-BCADF287A12B-LeaderElection279] INFO  impl.LeaderElection (LeaderElection.java:logAndReturn(56)) - 9127dd83-037b-4d39-812f-66db56af525a@group-BCADF287A12B-LeaderElection279: Election REJECTED; received 2 response(s) [9127dd83-037b-4d39-812f-66db56af525a<-7fae3aed-4e76-4283-a599-f93f794625ab#0:FAIL-t307, 9127dd83-037b-4d39-812f-66db56af525a<-58095e90-3010-492a-9083-43cf2e035c3f#0:FAIL-t307] and 0 exception(s); 9127dd83-037b-4d39-812f-66db56af525a@group-BCADF287A12B:t307, leader=null, voted=9127dd83-037b-4d39-812f-66db56af525a, raftlog=9127dd83-037b-4d39-812f-66db56af525a@group-BCADF287A12B-SegmentedRaftLog:OPENED:c-1,f-1,i0, conf=-1: [7fae3aed-4e76-4283-a599-f93f794625ab:192.168.34.21:41352, 58095e90-3010-492a-9083-43cf2e035c3f:192.168.34.21:45284, 9127dd83-037b-4d39-812f-66db56af525a:192.168.34.21:42063], old=null
2019-10-30 05:53:41,919 [9127dd83-037b-4d39-812f-66db56af525a@group-BCADF287A12B-LeaderElection279] INFO  impl.RaftServerImpl (RaftServerImpl.java:setRole(184)) - 9127dd83-037b-4d39-812f-66db56af525a@group-BCADF287A12B: changes role from CANDIDATE to FOLLOWER at term 307 for DISCOVERED_A_NEW_TERM
2019-10-30 05:53:41,919 [9127dd83-037b-4d39-812f-66db56af525a@group-BCADF287A12B-LeaderElection279] INFO  impl.RoleInfo (RoleInfo.java:shutdownLeaderElection(134)) - 9127dd83-037b-4d39-812f-66db56af525a: shutdown LeaderElection
2019-10-30 05:53:41,919 [9127dd83-037b-4d39-812f-66db56af525a@group-BCADF287A12B-LeaderElection279] INFO  impl.RoleInfo (RoleInfo.java:updateAndGet(143)) - 9127dd83-037b-4d39-812f-66db56af525a: start FollowerState
2019-10-30 05:53:42,086 [Thread-2098] INFO  impl.FollowerState (FollowerState.java:run(108)) - 9127dd83-037b-4d39-812f-66db56af525a@group-BCADF287A12B-FollowerState: change to CANDIDATE, lastRpcTime:166ms, electionTimeout:166ms
2019-10-30 05:53:42,086 [Thread-2098] INFO  impl.RoleInfo (RoleInfo.java:shutdownFollowerState(121)) - 9127dd83-037b-4d39-812f-66db56af525a: shutdown FollowerState
2019-10-30 05:53:42,086 [Thread-2098] INFO  impl.RaftServerImpl (RaftServerImpl.java:setRole(184)) - 9127dd83-037b-4d39-812f-66db56af525a@group-BCADF287A12B: changes role from  FOLLOWER to CANDIDATE at term 307 for changeToCandidate
2019-10-30 05:53:42,086 [Thread-2098] INFO  impl.RoleInfo (RoleInfo.java:updateAndGet(143)) - 9127dd83-037b-4d39-812f-66db56af525a: start LeaderElection
2019-10-30 05:53:42,099 [9127dd83-037b-4d39-812f-66db56af525a@group-BCADF287A12B-LeaderElection280] INFO  impl.LeaderElection (LeaderElection.java:askForVotes(178)) - 9127dd83-037b-4d39-812f-66db56af525a@group-BCADF287A12B-LeaderElection280: begin an election at term 308 for -1: [7fae3aed-4e76-4283-a599-f93f794625ab:192.168.34.21:41352, 58095e90-3010-492a-9083-43cf2e035c3f:192.168.34.21:45284, 9127dd83-037b-4d39-812f-66db56af525a:192.168.34.21:42063], old=null
2019-10-30 05:53:42,102 [grpc-default-executor-1] INFO  impl.RaftServerImpl (RaftServerImpl.java:setRole(184)) - 58095e90-3010-492a-9083-43cf2e035c3f@group-BCADF287A12B: changes role from  FOLLOWER to FOLLOWER at term 308 for recognizeCandidate:9127dd83-037b-4d39-812f-66db56af525a
2019-10-30 05:53:42,102 [grpc-default-executor-3] INFO  impl.RaftServerImpl (RaftServerImpl.java:setRole(184)) - 7fae3aed-4e76-4283-a599-f93f794625ab@group-BCADF287A12B: changes role from  FOLLOWER to FOLLOWER at term 308 for recognizeCandidate:9127dd83-037b-4d39-812f-66db56af525a
2019-10-30 05:53:42,102 [grpc-default-executor-1] INFO  impl.RoleInfo (RoleInfo.java:shutdownFollowerState(121)) - 58095e90-3010-492a-9083-43cf2e035c3f: shutdown FollowerState
2019-10-30 05:53:42,102 [grpc-default-executor-3] INFO  impl.RoleInfo (RoleInfo.java:shutdownFollowerState(121)) - 7fae3aed-4e76-4283-a599-f93f794625ab: shutdown FollowerState
2019-10-30 05:53:42,102 [Thread-2096] INFO  impl.FollowerState (FollowerState.java:run(117)) - 58095e90-3010-492a-9083-43cf2e035c3f@group-BCADF287A12B-FollowerState was interrupted: java.lang.InterruptedException: sleep interrupted
2019-10-30 05:53:42,102 [grpc-default-executor-1] INFO  impl.RoleInfo (RoleInfo.java:updateAndGet(143)) - 58095e90-3010-492a-9083-43cf2e035c3f: start FollowerState
2019-10-30 05:53:42,102 [Thread-2097] INFO  impl.FollowerState (FollowerState.java:run(117)) - 7fae3aed-4e76-4283-a599-f93f794625ab@group-BCADF287A12B-FollowerState was interrupted: java.lang.InterruptedException: sleep interrupted
2019-10-30 05:53:42,102 [grpc-default-executor-3] INFO  impl.RoleInfo (RoleInfo.java:updateAndGet(143)) - 7fae3aed-4e76-4283-a599-f93f794625ab: start FollowerState
2019-10-30 05:53:42,141 [9127dd83-037b-4d39-812f-66db56af525a@group-BCADF287A12B-LeaderElection280] INFO  impl.LeaderElection (LeaderElection.java:logAndReturn(56)) - 9127dd83-037b-4d39-812f-66db56af525a@group-BCADF287A12B-LeaderElection280: Election REJECTED; received 2 response(s) [9127dd83-037b-4d39-812f-66db56af525a<-7fae3aed-4e76-4283-a599-f93f794625ab#0:FAIL-t308, 9127dd83-037b-4d39-812f-66db56af525a<-58095e90-3010-492a-9083-43cf2e035c3f#0:FAIL-t308] and 0 exception(s); 9127dd83-037b-4d39-812f-66db56af525a@group-BCADF287A12B:t308, leader=null, voted=9127dd83-037b-4d39-812f-66db56af525a, raftlog=9127dd83-037b-4d39-812f-66db56af525a@group-BCADF287A12B-SegmentedRaftLog:OPENED:c-1,f-1,i0, conf=-1: [7fae3aed-4e76-4283-a599-f93f794625ab:192.168.34.21:41352, 58095e90-3010-492a-9083-43cf2e035c3f:192.168.34.21:45284, 9127dd83-037b-4d39-812f-66db56af525a:192.168.34.21:42063], old=null
2019-10-30 05:53:42,141 [9127dd83-037b-4d39-812f-66db56af525a@group-BCADF287A12B-LeaderElection280] INFO  impl.RaftServerImpl (RaftServerImpl.java:setRole(184)) - 9127dd83-037b-4d39-812f-66db56af525a@group-BCADF287A12B: changes role from CANDIDATE to FOLLOWER at term 308 for DISCOVERED_A_NEW_TERM
2019-10-30 05:53:42,141 [9127dd83-037b-4d39-812f-66db56af525a@group-BCADF287A12B-LeaderElection280] INFO  impl.RoleInfo (RoleInfo.java:shutdownLeaderElection(134)) - 9127dd83-037b-4d39-812f-66db56af525a: shutdown LeaderElection
2019-10-30 05:53:42,142 [9127dd83-037b-4d39-812f-66db56af525a@group-BCADF287A12B-LeaderElection280] INFO  impl.RoleInfo (RoleInfo.java:updateAndGet(143)) - 9127dd83-037b-4d39-812f-66db56af525a: start FollowerState
2019-10-30 05:53:42,226 [Thread-2104] INFO  impl.FollowerState (FollowerState.java:run(108)) - 9127dd83-037b-4d39-812f-66db56af525a@group-BCADF287A12B-FollowerState: change to CANDIDATE, lastRpcTime:84ms, electionTimeout:84ms
2019-10-30 05:53:42,226 [Thread-2104] INFO  impl.RoleInfo (RoleInfo.java:shutdownFollowerState(121)) - 9127dd83-037b-4d39-812f-66db56af525a: shutdown FollowerState
2019-10-30 05:53:42,226 [Thread-2104] INFO  impl.RaftServerImpl (RaftServerImpl.java:setRole(184)) - 9127dd83-037b-4d39-812f-66db56af525a@group-BCADF287A12B: changes role from  FOLLOWER to CANDIDATE at term 308 for changeToCandidate
2019-10-30 05:53:42,227 [Thread-2104] INFO  impl.RoleInfo (RoleInfo.java:updateAndGet(143)) - 9127dd83-037b-4d39-812f-66db56af525a: start LeaderElection
2019-10-30 05:53:42,231 [9127dd83-037b-4d39-812f-66db56af525a@group-BCADF287A12B-LeaderElection281] INFO  impl.LeaderElection (LeaderElection.java:askForVotes(178)) - 9127dd83-037b-4d39-812f-66db56af525a@group-BCADF287A12B-LeaderElection281: begin an election at term 309 for -1: [7fae3aed-4e76-4283-a599-f93f794625ab:192.168.34.21:41352, 58095e90-3010-492a-9083-43cf2e035c3f:192.168.34.21:45284, 9127dd83-037b-4d39-812f-66db56af525a:192.168.34.21:42063], old=null
2019-10-30 05:53:42,233 [grpc-default-executor-1] INFO  impl.RaftServerImpl (RaftServerImpl.java:setRole(184)) - 7fae3aed-4e76-4283-a599-f93f794625ab@group-BCADF287A12B: changes role from  FOLLOWER to FOLLOWER at term 309 for recognizeCandidate:9127dd83-037b-4d39-812f-66db56af525a
2019-10-30 05:53:42,234 [grpc-default-executor-1] INFO  impl.RoleInfo (RoleInfo.java:shutdownFollowerState(121)) - 7fae3aed-4e76-4283-a599-f93f794625ab: shutdown FollowerState
2019-10-30 05:53:42,234 [grpc-default-executor-1] INFO  impl.RoleInfo (RoleInfo.java:updateAndGet(143)) - 7fae3aed-4e76-4283-a599-f93f794625ab: start FollowerState
2019-10-30 05:53:42,234 [grpc-default-executor-3] INFO  impl.RaftServerImpl (RaftServerImpl.java:setRole(184)) - 58095e90-3010-492a-9083-43cf2e035c3f@group-BCADF287A12B: changes role from  FOLLOWER to FOLLOWER at term 309 for recognizeCandidate:9127dd83-037b-4d39-812f-66db56af525a
2019-10-30 05:53:42,234 [grpc-default-executor-3] INFO  impl.RoleInfo (RoleInfo.java:shutdownFollowerState(121)) - 58095e90-3010-492a-9083-43cf2e035c3f: shutdown FollowerState
2019-10-30 05:53:42,234 [Thread-2103] INFO  impl.FollowerState (FollowerState.java:run(117)) - 7fae3aed-4e76-4283-a599-f93f794625ab@group-BCADF287A12B-FollowerState was interrupted: java.lang.InterruptedException: sleep interrupted
2019-10-30 05:53:42,234 [Thread-2102] INFO  impl.FollowerState (FollowerState.java:run(117)) - 58095e90-3010-492a-9083-43cf2e035c3f@group-BCADF287A12B-FollowerState was interrupted: java.lang.InterruptedException: sleep interrupted
2019-10-30 05:53:42,234 [grpc-default-executor-3] INFO  impl.RoleInfo (RoleInfo.java:updateAndGet(143)) - 58095e90-3010-492a-9083-43cf2e035c3f: start FollowerState
2019-10-30 05:53:42,239 [9127dd83-037b-4d39-812f-66db56af525a@group-BCADF287A12B-LeaderElection281] INFO  impl.LeaderElection (LeaderElection.java:logAndReturn(56)) - 9127dd83-037b-4d39-812f-66db56af525a@group-BCADF287A12B-LeaderElection281: Election REJECTED; received 2 response(s) [9127dd83-037b-4d39-812f-66db56af525a<-7fae3aed-4e76-4283-a599-f93f794625ab#0:FAIL-t309, 9127dd83-037b-4d39-812f-66db56af525a<-58095e90-3010-492a-9083-43cf2e035c3f#0:FAIL-t309] and 0 exception(s); 9127dd83-037b-4d39-812f-66db56af525a@group-BCADF287A12B:t309, leader=null, voted=9127dd83-037b-4d39-812f-66db56af525a, raftlog=9127dd83-037b-4d39-812f-66db56af525a@group-BCADF287A12B-SegmentedRaftLog:OPENED:c-1,f-1,i0, conf=-1: [7fae3aed-4e76-4283-a599-f93f794625ab:192.168.34.21:41352, 58095e90-3010-492a-9083-43cf2e035c3f:192.168.34.21:45284, 9127dd83-037b-4d39-812f-66db56af525a:192.168.34.21:42063], old=null
2019-10-30 05:53:42,240 [9127dd83-037b-4d39-812f-66db56af525a@group-BCADF287A12B-LeaderElection281] INFO  impl.RaftServerImpl (RaftServerImpl.java:setRole(184)) - 9127dd83-037b-4d39-812f-66db56af525a@group-BCADF287A12B: changes role from CANDIDATE to FOLLOWER at term 309 for DISCOVERED_A_NEW_TERM
2019-10-30 05:53:42,240 [9127dd83-037b-4d39-812f-66db56af525a@group-BCADF287A12B-LeaderElection281] INFO  impl.RoleInfo (RoleInfo.java:shutdownLeaderElection(134)) - 9127dd83-037b-4d39-812f-66db56af525a: shutdown LeaderElection
2019-10-30 05:53:42,240 [9127dd83-037b-4d39-812f-66db56af525a@group-BCADF287A12B-LeaderElection281] INFO  impl.RoleInfo (RoleInfo.java:updateAndGet(143)) - 9127dd83-037b-4d39-812f-66db56af525a: start FollowerState
2019-10-30 05:53:42,294 [Thread-2110] INFO  impl.FollowerState (FollowerState.java:run(108)) - 9127dd83-037b-4d39-812f-66db56af525a@group-BCADF287A12B-FollowerState: change to CANDIDATE, lastRpcTime:54ms, electionTimeout:54ms
2019-10-30 05:53:42,295 [Thread-2110] INFO  impl.RoleInfo (RoleInfo.java:shutdownFollowerState(121)) - 9127dd83-037b-4d39-812f-66db56af525a: shutdown FollowerState
2019-10-30 05:53:42,295 [Thread-2110] INFO  impl.RaftServerImpl (RaftServerImpl.java:setRole(184)) - 9127dd83-037b-4d39-812f-66db56af525a@group-BCADF287A12B: changes role from  FOLLOWER to CANDIDATE at term 309 for changeToCandidate
2019-10-30 05:53:42,295 [Thread-2110] INFO  impl.RoleInfo (RoleInfo.java:updateAndGet(143)) - 9127dd83-037b-4d39-812f-66db56af525a: start LeaderElection
2019-10-30 05:53:42,303 [9127dd83-037b-4d39-812f-66db56af525a@group-BCADF287A12B-LeaderElection282] INFO  impl.LeaderElection (LeaderElection.java:askForVotes(178)) - 9127dd83-037b-4d39-812f-66db56af525a@group-BCADF287A12B-LeaderElection282: begin an election at term 310 for -1: [7fae3aed-4e76-4283-a599-f93f794625ab:192.168.34.21:41352, 58095e90-3010-492a-9083-43cf2e035c3f:192.168.34.21:45284, 9127dd83-037b-4d39-812f-66db56af525a:192.168.34.21:42063], old=null
2019-10-30 05:53:42,306 [grpc-default-executor-3] INFO  impl.RaftServerImpl (RaftServerImpl.java:setRole(184)) - 7fae3aed-4e76-4283-a599-f93f794625ab@group-BCADF287A12B: changes role from  FOLLOWER to FOLLOWER at term 310 for recognizeCandidate:9127dd83-037b-4d39-812f-66db56af525a
2019-10-30 05:53:42,306 [grpc-default-executor-3] INFO  impl.RoleInfo (RoleInfo.java:shutdownFollowerState(121)) - 7fae3aed-4e76-4283-a599-f93f794625ab: shutdown FollowerState
2019-10-30 05:53:42,306 [grpc-default-executor-3] INFO  impl.RoleInfo (RoleInfo.java:updateAndGet(143)) - 7fae3aed-4e76-4283-a599-f93f794625ab: start FollowerState
2019-10-30 05:53:42,306 [Thread-2108] INFO  impl.FollowerState (FollowerState.java:run(117)) - 7fae3aed-4e76-4283-a599-f93f794625ab@group-BCADF287A12B-FollowerState was interrupted: java.lang.InterruptedException: sleep interrupted
2019-10-30 05:53:42,306 [grpc-default-executor-1] INFO  impl.RaftServerImpl (RaftServerImpl.java:setRole(184)) - 58095e90-3010-492a-9083-43cf2e035c3f@group-BCADF287A12B: changes role from  FOLLOWER to FOLLOWER at term 310 for recognizeCandidate:9127dd83-037b-4d39-812f-66db56af525a
2019-10-30 05:53:42,306 [grpc-default-executor-1] INFO  impl.RoleInfo (RoleInfo.java:shutdownFollowerState(121)) - 58095e90-3010-492a-9083-43cf2e035c3f: shutdown FollowerState
2019-10-30 05:53:42,306 [grpc-default-executor-1] INFO  impl.RoleInfo (RoleInfo.java:updateAndGet(143)) - 58095e90-3010-492a-9083-43cf2e035c3f: start FollowerState
2019-10-30 05:53:42,306 [Thread-2109] INFO  impl.FollowerState (FollowerState.java:run(117)) - 58095e90-3010-492a-9083-43cf2e035c3f@group-BCADF287A12B-FollowerState was interrupted: java.lang.InterruptedException: sleep interrupted
2019-10-30 05:53:42,318 [9127dd83-037b-4d39-812f-66db56af525a@group-BCADF287A12B-LeaderElection282] INFO  impl.LeaderElection (LeaderElection.java:logAndReturn(56)) - 9127dd83-037b-4d39-812f-66db56af525a@group-BCADF287A12B-LeaderElection282: Election REJECTED; received 2 response(s) [9127dd83-037b-4d39-812f-66db56af525a<-7fae3aed-4e76-4283-a599-f93f794625ab#0:FAIL-t310, 9127dd83-037b-4d39-812f-66db56af525a<-58095e90-3010-492a-9083-43cf2e035c3f#0:FAIL-t310] and 0 exception(s); 9127dd83-037b-4d39-812f-66db56af525a@group-BCADF287A12B:t310, leader=null, voted=9127dd83-037b-4d39-812f-66db56af525a, raftlog=9127dd83-037b-4d39-812f-66db56af525a@group-BCADF287A12B-SegmentedRaftLog:OPENED:c-1,f-1,i0, conf=-1: [7fae3aed-4e76-4283-a599-f93f794625ab:192.168.34.21:41352, 58095e90-3010-492a-9083-43cf2e035c3f:192.168.34.21:45284, 9127dd83-037b-4d39-812f-66db56af525a:192.168.34.21:42063], old=null
2019-10-30 05:53:42,318 [9127dd83-037b-4d39-812f-66db56af525a@group-BCADF287A12B-LeaderElection282] INFO  impl.RaftServerImpl (RaftServerImpl.java:setRole(184)) - 9127dd83-037b-4d39-812f-66db56af525a@group-BCADF287A12B: changes role from CANDIDATE to FOLLOWER at term 310 for DISCOVERED_A_NEW_TERM
2019-10-30 05:53:42,318 [9127dd83-037b-4d39-812f-66db56af525a@group-BCADF287A12B-LeaderElection282] INFO  impl.RoleInfo (RoleInfo.java:shutdownLeaderElection(134)) - 9127dd83-037b-4d39-812f-66db56af525a: shutdown LeaderElection
2019-10-30 05:53:42,318 [9127dd83-037b-4d39-812f-66db56af525a@group-BCADF287A12B-LeaderElection282] INFO  impl.RoleInfo (RoleInfo.java:updateAndGet(143)) - 9127dd83-037b-4d39-812f-66db56af525a: start FollowerState
2019-10-30 05:53:42,405 [Thread-2116] INFO  impl.FollowerState (FollowerState.java:run(108)) - 9127dd83-037b-4d39-812f-66db56af525a@group-BCADF287A12B-FollowerState: change to CANDIDATE, lastRpcTime:86ms, electionTimeout:86ms
2019-10-30 05:53:42,405 [Thread-2116] INFO  impl.RoleInfo (RoleInfo.java:shutdownFollowerState(121)) - 9127dd83-037b-4d39-812f-66db56af525a: shutdown FollowerState
2019-10-30 05:53:42,405 [Thread-2116] INFO  impl.RaftServerImpl (RaftServerImpl.java:setRole(184)) - 9127dd83-037b-4d39-812f-66db56af525a@group-BCADF287A12B: changes role from  FOLLOWER to CANDIDATE at term 310 for changeToCandidate
2019-10-30 05:53:42,405 [Thread-2116] INFO  impl.RoleInfo (RoleInfo.java:updateAndGet(143)) - 9127dd83-037b-4d39-812f-66db56af525a: start LeaderElection
2019-10-30 05:53:42,410 [9127dd83-037b-4d39-812f-66db56af525a@group-BCADF287A12B-LeaderElection283] INFO  impl.LeaderElection (LeaderElection.java:askForVotes(178)) - 9127dd83-037b-4d39-812f-66db56af525a@group-BCADF287A12B-LeaderElection283: begin an election at term 311 for -1: [7fae3aed-4e76-4283-a599-f93f794625ab:192.168.34.21:41352, 58095e90-3010-492a-9083-43cf2e035c3f:192.168.34.21:45284, 9127dd83-037b-4d39-812f-66db56af525a:192.168.34.21:42063], old=null
2019-10-30 05:53:42,412 [grpc-default-executor-1] INFO  impl.RaftServerImpl (RaftServerImpl.java:setRole(184)) - 58095e90-3010-492a-9083-43cf2e035c3f@group-BCADF287A12B: changes role from  FOLLOWER to FOLLOWER at term 311 for recognizeCandidate:9127dd83-037b-4d39-812f-66db56af525a
2019-10-30 05:53:42,412 [grpc-default-executor-3] INFO  impl.RaftServerImpl (RaftServerImpl.java:setRole(184)) - 7fae3aed-4e76-4283-a599-f93f794625ab@group-BCADF287A12B: changes role from  FOLLOWER to FOLLOWER at term 311 for recognizeCandidate:9127dd83-037b-4d39-812f-66db56af525a
2019-10-30 05:53:42,412 [grpc-default-executor-1] INFO  impl.RoleInfo (RoleInfo.java:shutdownFollowerState(121)) - 58095e90-3010-492a-9083-43cf2e035c3f: shutdown FollowerState
2019-10-30 05:53:42,412 [grpc-default-executor-3] INFO  impl.RoleInfo (RoleInfo.java:shutdownFollowerState(121)) - 7fae3aed-4e76-4283-a599-f93f794625ab: shutdown FollowerState
2019-10-30 05:53:42,412 [grpc-default-executor-1] INFO  impl.RoleInfo (RoleInfo.java:updateAndGet(143)) - 58095e90-3010-492a-9083-43cf2e035c3f: start FollowerState
2019-10-30 05:53:42,413 [Thread-2114] INFO  impl.FollowerState (FollowerState.java:run(117)) - 7fae3aed-4e76-4283-a599-f93f794625ab@group-BCADF287A12B-FollowerState was interrupted: java.lang.InterruptedException: sleep interrupted
2019-10-30 05:53:42,412 [Thread-2115] INFO  impl.FollowerState (FollowerState.java:run(117)) - 58095e90-3010-492a-9083-43cf2e035c3f@group-BCADF287A12B-FollowerState was interrupted: java.lang.InterruptedException: sleep interrupted
2019-10-30 05:53:42,413 [grpc-default-executor-3] INFO  impl.RoleInfo (RoleInfo.java:updateAndGet(143)) - 7fae3aed-4e76-4283-a599-f93f794625ab: start FollowerState
2019-10-30 05:53:42,426 [9127dd83-037b-4d39-812f-66db56af525a@group-BCADF287A12B-LeaderElection283] INFO  impl.LeaderElection (LeaderElection.java:logAndReturn(56)) - 9127dd83-037b-4d39-812f-66db56af525a@group-BCADF287A12B-LeaderElection283: Election REJECTED; received 2 response(s) [9127dd83-037b-4d39-812f-66db56af525a<-7fae3aed-4e76-4283-a599-f93f794625ab#0:FAIL-t311, 9127dd83-037b-4d39-812f-66db56af525a<-58095e90-3010-492a-9083-43cf2e035c3f#0:FAIL-t311] and 0 exception(s); 9127dd83-037b-4d39-812f-66db56af525a@group-BCADF287A12B:t311, leader=null, voted=9127dd83-037b-4d39-812f-66db56af525a, raftlog=9127dd83-037b-4d39-812f-66db56af525a@group-BCADF287A12B-SegmentedRaftLog:OPENED:c-1,f-1,i0, conf=-1: [7fae3aed-4e76-4283-a599-f93f794625ab:192.168.34.21:41352, 58095e90-3010-492a-9083-43cf2e035c3f:192.168.34.21:45284, 9127dd83-037b-4d39-812f-66db56af525a:192.168.34.21:42063], old=null
2019-10-30 05:53:42,427 [9127dd83-037b-4d39-812f-66db56af525a@group-BCADF287A12B-LeaderElection283] INFO  impl.RaftServerImpl (RaftServerImpl.java:setRole(184)) - 9127dd83-037b-4d39-812f-66db56af525a@group-BCADF287A12B: changes role from CANDIDATE to FOLLOWER at term 311 for DISCOVERED_A_NEW_TERM
2019-10-30 05:53:42,427 [9127dd83-037b-4d39-812f-66db56af525a@group-BCADF287A12B-LeaderElection283] INFO  impl.RoleInfo (RoleInfo.java:shutdownLeaderElection(134)) - 9127dd83-037b-4d39-812f-66db56af525a: shutdown LeaderElection
2019-10-30 05:53:42,427 [9127dd83-037b-4d39-812f-66db56af525a@group-BCADF287A12B-LeaderElection283] INFO  impl.RoleInfo (RoleInfo.java:updateAndGet(143)) - 9127dd83-037b-4d39-812f-66db56af525a: start FollowerState
2019-10-30 05:53:42,510 [Thread-2122] INFO  impl.FollowerState (FollowerState.java:run(108)) - 9127dd83-037b-4d39-812f-66db56af525a@group-BCADF287A12B-FollowerState: change to CANDIDATE, lastRpcTime:83ms, electionTimeout:83ms
2019-10-30 05:53:42,510 [Thread-2122] INFO  impl.RoleInfo (RoleInfo.java:shutdownFollowerState(121)) - 9127dd83-037b-4d39-812f-66db56af525a: shutdown FollowerState
2019-10-30 05:53:42,511 [Thread-2122] INFO  impl.RaftServerImpl (RaftServerImpl.java:setRole(184)) - 9127dd83-037b-4d39-812f-66db56af525a@group-BCADF287A12B: changes role from  FOLLOWER to CANDIDATE at term 311 for changeToCandidate
2019-10-30 05:53:42,511 [Thread-2122] INFO  impl.RoleInfo (RoleInfo.java:updateAndGet(143)) - 9127dd83-037b-4d39-812f-66db56af525a: start LeaderElection
2019-10-30 05:53:42,514 [9127dd83-037b-4d39-812f-66db56af525a@group-BCADF287A12B-LeaderElection284] INFO  impl.LeaderElection (LeaderElection.java:askForVotes(178)) - 9127dd83-037b-4d39-812f-66db56af525a@group-BCADF287A12B-LeaderElection284: begin an election at term 312 for -1: [7fae3aed-4e76-4283-a599-f93f794625ab:192.168.34.21:41352, 58095e90-3010-492a-9083-43cf2e035c3f:192.168.34.21:45284, 9127dd83-037b-4d39-812f-66db56af525a:192.168.34.21:42063], old=null
2019-10-30 05:53:42,516 [grpc-default-executor-3] INFO  impl.RaftServerImpl (RaftServerImpl.java:setRole(184)) - 7fae3aed-4e76-4283-a599-f93f794625ab@group-BCADF287A12B: changes role from  FOLLOWER to FOLLOWER at term 312 for recognizeCandidate:9127dd83-037b-4d39-812f-66db56af525a
2019-10-30 05:53:42,516 [grpc-default-executor-1] INFO  impl.RaftServerImpl (RaftServerImpl.java:setRole(184)) - 58095e90-3010-492a-9083-43cf2e035c3f@group-BCADF287A12B: changes role from  FOLLOWER to FOLLOWER at term 312 for recognizeCandidate:9127dd83-037b-4d39-812f-66db56af525a
2019-10-30 05:53:42,517 [grpc-default-executor-3] INFO  impl.RoleInfo (RoleInfo.java:shutdownFollowerState(121)) - 7fae3aed-4e76-4283-a599-f93f794625ab: shutdown FollowerState
2019-10-30 05:53:42,517 [grpc-default-executor-1] INFO  impl.RoleInfo (RoleInfo.java:shutdownFollowerState(121)) - 58095e90-3010-492a-9083-43cf2e035c3f: shutdown FollowerState
2019-10-30 05:53:42,517 [Thread-2121] INFO  impl.FollowerState (FollowerState.java:run(117)) - 7fae3aed-4e76-4283-a599-f93f794625ab@group-BCADF287A12B-FollowerState was interrupted: java.lang.InterruptedException: sleep interrupted
2019-10-30 05:53:42,517 [grpc-default-executor-3] INFO  impl.RoleInfo (RoleInfo.java:updateAndGet(143)) - 7fae3aed-4e76-4283-a599-f93f794625ab: start FollowerState
2019-10-30 05:53:42,517 [Thread-2120] INFO  impl.FollowerState (FollowerState.java:run(117)) - 58095e90-3010-492a-9083-43cf2e035c3f@group-BCADF287A12B-FollowerState was interrupted: java.lang.InterruptedException: sleep interrupted
2019-10-30 05:53:42,517 [grpc-default-executor-1] INFO  impl.RoleInfo (RoleInfo.java:updateAndGet(143)) - 58095e90-3010-492a-9083-43cf2e035c3f: start FollowerState
2019-10-30 05:53:42,536 [9127dd83-037b-4d39-812f-66db56af525a@group-BCADF287A12B-LeaderElection284] INFO  impl.LeaderElection (LeaderElection.java:logAndReturn(56)) - 9127dd83-037b-4d39-812f-66db56af525a@group-BCADF287A12B-LeaderElection284: Election REJECTED; received 2 response(s) [9127dd83-037b-4d39-812f-66db56af525a<-7fae3aed-4e76-4283-a599-f93f794625ab#0:FAIL-t312, 9127dd83-037b-4d39-812f-66db56af525a<-58095e90-3010-492a-9083-43cf2e035c3f#0:FAIL-t312] and 0 exception(s); 9127dd83-037b-4d39-812f-66db56af525a@group-BCADF287A12B:t312, leader=null, voted=9127dd83-037b-4d39-812f-66db56af525a, raftlog=9127dd83-037b-4d39-812f-66db56af525a@group-BCADF287A12B-SegmentedRaftLog:OPENED:c-1,f-1,i0, conf=-1: [7fae3aed-4e76-4283-a599-f93f794625ab:192.168.34.21:41352, 58095e90-3010-492a-9083-43cf2e035c3f:192.168.34.21:45284, 9127dd83-037b-4d39-812f-66db56af525a:192.168.34.21:42063], old=null
2019-10-30 05:53:42,536 [9127dd83-037b-4d39-812f-66db56af525a@group-BCADF287A12B-LeaderElection284] INFO  impl.RaftServerImpl (RaftServerImpl.java:setRole(184)) - 9127dd83-037b-4d39-812f-66db56af525a@group-BCADF287A12B: changes role from CANDIDATE to FOLLOWER at term 312 for DISCOVERED_A_NEW_TERM
2019-10-30 05:53:42,537 [9127dd83-037b-4d39-812f-66db56af525a@group-BCADF287A12B-LeaderElection284] INFO  impl.RoleInfo (RoleInfo.java:shutdownLeaderElection(134)) - 9127dd83-037b-4d39-812f-66db56af525a: shutdown LeaderElection
2019-10-30 05:53:42,537 [9127dd83-037b-4d39-812f-66db56af525a@group-BCADF287A12B-LeaderElection284] INFO  impl.RoleInfo (RoleInfo.java:updateAndGet(143)) - 9127dd83-037b-4d39-812f-66db56af525a: start FollowerState
2019-10-30 05:53:42,575 [Thread-2130] INFO  impl.FollowerState (FollowerState.java:run(108)) - 9127dd83-037b-4d39-812f-66db56af525a@group-BCADF287A12B-FollowerState: change to CANDIDATE, lastRpcTime:38ms, electionTimeout:38ms
2019-10-30 05:53:42,575 [Thread-2130] INFO  impl.RoleInfo (RoleInfo.java:shutdownFollowerState(121)) - 9127dd83-037b-4d39-812f-66db56af525a: shutdown FollowerState
2019-10-30 05:53:42,575 [Thread-2130] INFO  impl.RaftServerImpl (RaftServerImpl.java:setRole(184)) - 9127dd83-037b-4d39-812f-66db56af525a@group-BCADF287A12B: changes role from  FOLLOWER to CANDIDATE at term 312 for changeToCandidate
2019-10-30 05:53:42,576 [Thread-2130] INFO  impl.RoleInfo (RoleInfo.java:updateAndGet(143)) - 9127dd83-037b-4d39-812f-66db56af525a: start LeaderElection
2019-10-30 05:53:42,586 [9127dd83-037b-4d39-812f-66db56af525a@group-BCADF287A12B-LeaderElection285] INFO  impl.LeaderElection (LeaderElection.java:askForVotes(178)) - 9127dd83-037b-4d39-812f-66db56af525a@group-BCADF287A12B-LeaderElection285: begin an election at term 313 for -1: [7fae3aed-4e76-4283-a599-f93f794625ab:192.168.34.21:41352, 58095e90-3010-492a-9083-43cf2e035c3f:192.168.34.21:45284, 9127dd83-037b-4d39-812f-66db56af525a:192.168.34.21:42063], old=null
2019-10-30 05:53:42,588 [grpc-default-executor-1] INFO  impl.RaftServerImpl (RaftServerImpl.java:setRole(184)) - 7fae3aed-4e76-4283-a599-f93f794625ab@group-BCADF287A12B: changes role from  FOLLOWER to FOLLOWER at term 313 for recognizeCandidate:9127dd83-037b-4d39-812f-66db56af525a
2019-10-30 05:53:42,588 [grpc-default-executor-3] INFO  impl.RaftServerImpl (RaftServerImpl.java:setRole(184)) - 58095e90-3010-492a-9083-43cf2e035c3f@group-BCADF287A12B: changes role from  FOLLOWER to FOLLOWER at term 313 for recognizeCandidate:9127dd83-037b-4d39-812f-66db56af525a
2019-10-30 05:53:42,588 [grpc-default-executor-1] INFO  impl.RoleInfo (RoleInfo.java:shutdownFollowerState(121)) - 7fae3aed-4e76-4283-a599-f93f794625ab: shutdown FollowerState
2019-10-30 05:53:42,589 [grpc-default-executor-3] INFO  impl.RoleInfo (RoleInfo.java:shutdownFollowerState(121)) - 58095e90-3010-492a-9083-43cf2e035c3f: shutdown FollowerState
2019-10-30 05:53:42,589 [Thread-2128] INFO  impl.FollowerState (FollowerState.java:run(117)) - 7fae3aed-4e76-4283-a599-f93f794625ab@group-BCADF287A12B-FollowerState was interrupted: java.lang.InterruptedException: sleep interrupted
2019-10-30 05:53:42,589 [grpc-default-executor-1] INFO  impl.RoleInfo (RoleInfo.java:updateAndGet(143)) - 7fae3aed-4e76-4283-a599-f93f794625ab: start FollowerState
2019-10-30 05:53:42,589 [Thread-2129] INFO  impl.FollowerState (FollowerState.java:run(117)) - 58095e90-3010-492a-9083-43cf2e035c3f@group-BCADF287A12B-FollowerState was interrupted: java.lang.InterruptedException: sleep interrupted
2019-10-30 05:53:42,589 [grpc-default-executor-3] INFO  impl.RoleInfo (RoleInfo.java:updateAndGet(143)) - 58095e90-3010-492a-9083-43cf2e035c3f: start FollowerState
2019-10-30 05:53:42,602 [9127dd83-037b-4d39-812f-66db56af525a@group-BCADF287A12B-LeaderElection285] INFO  impl.LeaderElection (LeaderElection.java:logAndReturn(56)) - 9127dd83-037b-4d39-812f-66db56af525a@group-BCADF287A12B-LeaderElection285: Election REJECTED; received 2 response(s) [9127dd83-037b-4d39-812f-66db56af525a<-7fae3aed-4e76-4283-a599-f93f794625ab#0:FAIL-t313, 9127dd83-037b-4d39-812f-66db56af525a<-58095e90-3010-492a-9083-43cf2e035c3f#0:FAIL-t313] and 0 exception(s); 9127dd83-037b-4d39-812f-66db56af525a@group-BCADF287A12B:t313, leader=null, voted=9127dd83-037b-4d39-812f-66db56af525a, raftlog=9127dd83-037b-4d39-812f-66db56af525a@group-BCADF287A12B-SegmentedRaftLog:OPENED:c-1,f-1,i0, conf=-1: [7fae3aed-4e76-4283-a599-f93f794625ab:192.168.34.21:41352, 58095e90-3010-492a-9083-43cf2e035c3f:192.168.34.21:45284, 9127dd83-037b-4d39-812f-66db56af525a:192.168.34.21:42063], old=null
2019-10-30 05:53:42,603 [9127dd83-037b-4d39-812f-66db56af525a@group-BCADF287A12B-LeaderElection285] INFO  impl.RaftServerImpl (RaftServerImpl.java:setRole(184)) - 9127dd83-037b-4d39-812f-66db56af525a@group-BCADF287A12B: changes role from CANDIDATE to FOLLOWER at term 313 for DISCOVERED_A_NEW_TERM
2019-10-30 05:53:42,603 [9127dd83-037b-4d39-812f-66db56af525a@group-BCADF287A12B-LeaderElection285] INFO  impl.RoleInfo (RoleInfo.java:shutdownLeaderElection(134)) - 9127dd83-037b-4d39-812f-66db56af525a: shutdown LeaderElection
2019-10-30 05:53:42,603 [9127dd83-037b-4d39-812f-66db56af525a@group-BCADF287A12B-LeaderElection285] INFO  impl.RoleInfo (RoleInfo.java:updateAndGet(143)) - 9127dd83-037b-4d39-812f-66db56af525a: start FollowerState
2019-10-30 05:53:42,655 [Thread-2136] INFO  impl.FollowerState (FollowerState.java:run(108)) - 9127dd83-037b-4d39-812f-66db56af525a@group-BCADF287A12B-FollowerState: change to CANDIDATE, lastRpcTime:52ms, electionTimeout:52ms
2019-10-30 05:53:42,655 [Thread-2136] INFO  impl.RoleInfo (RoleInfo.java:shutdownFollowerState(121)) - 9127dd83-037b-4d39-812f-66db56af525a: shutdown FollowerState
2019-10-30 05:53:42,655 [Thread-2136] INFO  impl.RaftServerImpl (RaftServerImpl.java:setRole(184)) - 9127dd83-037b-4d39-812f-66db56af525a@group-BCADF287A12B: changes role from  FOLLOWER to CANDIDATE at term 313 for changeToCandidate
2019-10-30 05:53:42,655 [Thread-2136] INFO  impl.RoleInfo (RoleInfo.java:updateAndGet(143)) - 9127dd83-037b-4d39-812f-66db56af525a: start LeaderElection
2019-10-30 05:53:42,659 [9127dd83-037b-4d39-812f-66db56af525a@group-BCADF287A12B-LeaderElection286] INFO  impl.LeaderElection (LeaderElection.java:askForVotes(178)) - 9127dd83-037b-4d39-812f-66db56af525a@group-BCADF287A12B-LeaderElection286: begin an election at term 314 for -1: [7fae3aed-4e76-4283-a599-f93f794625ab:192.168.34.21:41352, 58095e90-3010-492a-9083-43cf2e035c3f:192.168.34.21:45284, 9127dd83-037b-4d39-812f-66db56af525a:192.168.34.21:42063], old=null
2019-10-30 05:53:42,661 [grpc-default-executor-1] INFO  impl.RaftServerImpl (RaftServerImpl.java:setRole(184)) - 7fae3aed-4e76-4283-a599-f93f794625ab@group-BCADF287A12B: changes role from  FOLLOWER to FOLLOWER at term 314 for recognizeCandidate:9127dd83-037b-4d39-812f-66db56af525a
2019-10-30 05:53:42,661 [grpc-default-executor-3] INFO  impl.RaftServerImpl (RaftServerImpl.java:setRole(184)) - 58095e90-3010-492a-9083-43cf2e035c3f@group-BCADF287A12B: changes role from  FOLLOWER to FOLLOWER at term 314 for recognizeCandidate:9127dd83-037b-4d39-812f-66db56af525a
2019-10-30 05:53:42,661 [grpc-default-executor-1] INFO  impl.RoleInfo (RoleInfo.java:shutdownFollowerState(121)) - 7fae3aed-4e76-4283-a599-f93f794625ab: shutdown FollowerState
2019-10-30 05:53:42,661 [grpc-default-executor-3] INFO  impl.RoleInfo (RoleInfo.java:shutdownFollowerState(121)) - 58095e90-3010-492a-9083-43cf2e035c3f: shutdown FollowerState
2019-10-30 05:53:42,661 [Thread-2134] INFO  impl.FollowerState (FollowerState.java:run(117)) - 7fae3aed-4e76-4283-a599-f93f794625ab@group-BCADF287A12B-FollowerState was interrupted: java.lang.InterruptedException: sleep interrupted
2019-10-30 05:53:42,661 [grpc-default-executor-1] INFO  impl.RoleInfo (RoleInfo.java:updateAndGet(143)) - 7fae3aed-4e76-4283-a599-f93f794625ab: start FollowerState
2019-10-30 05:53:42,661 [Thread-2135] INFO  impl.FollowerState (FollowerState.java:run(117)) - 58095e90-3010-492a-9083-43cf2e035c3f@group-BCADF287A12B-FollowerState was interrupted: java.lang.InterruptedException: sleep interrupted
2019-10-30 05:53:42,661 [grpc-default-executor-3] INFO  impl.RoleInfo (RoleInfo.java:updateAndGet(143)) - 58095e90-3010-492a-9083-43cf2e035c3f: start FollowerState
2019-10-30 05:53:42,689 [9127dd83-037b-4d39-812f-66db56af525a@group-BCADF287A12B-LeaderElection286] INFO  impl.LeaderElection (LeaderElection.java:logAndReturn(56)) - 9127dd83-037b-4d39-812f-66db56af525a@group-BCADF287A12B-LeaderElection286: Election REJECTED; received 2 response(s) [9127dd83-037b-4d39-812f-66db56af525a<-7fae3aed-4e76-4283-a599-f93f794625ab#0:FAIL-t314, 9127dd83-037b-4d39-812f-66db56af525a<-58095e90-3010-492a-9083-43cf2e035c3f#0:FAIL-t314] and 0 exception(s); 9127dd83-037b-4d39-812f-66db56af525a@group-BCADF287A12B:t314, leader=null, voted=9127dd83-037b-4d39-812f-66db56af525a, raftlog=9127dd83-037b-4d39-812f-66db56af525a@group-BCADF287A12B-SegmentedRaftLog:OPENED:c-1,f-1,i0, conf=-1: [7fae3aed-4e76-4283-a599-f93f794625ab:192.168.34.21:41352, 58095e90-3010-492a-9083-43cf2e035c3f:192.168.34.21:45284, 9127dd83-037b-4d39-812f-66db56af525a:192.168.34.21:42063], old=null
2019-10-30 05:53:42,690 [9127dd83-037b-4d39-812f-66db56af525a@group-BCADF287A12B-LeaderElection286] INFO  impl.RaftServerImpl (RaftServerImpl.java:setRole(184)) - 9127dd83-037b-4d39-812f-66db56af525a@group-BCADF287A12B: changes role from CANDIDATE to FOLLOWER at term 314 for DISCOVERED_A_NEW_TERM
2019-10-30 05:53:42,690 [9127dd83-037b-4d39-812f-66db56af525a@group-BCADF287A12B-LeaderElection286] INFO  impl.RoleInfo (RoleInfo.java:shutdownLeaderElection(134)) - 9127dd83-037b-4d39-812f-66db56af525a: shutdown LeaderElection
2019-10-30 05:53:42,690 [9127dd83-037b-4d39-812f-66db56af525a@group-BCADF287A12B-LeaderElection286] INFO  impl.RoleInfo (RoleInfo.java:updateAndGet(143)) - 9127dd83-037b-4d39-812f-66db56af525a: start FollowerState
2019-10-30 05:53:42,767 [Thread-2142] INFO  impl.FollowerState (FollowerState.java:run(108)) - 9127dd83-037b-4d39-812f-66db56af525a@group-BCADF287A12B-FollowerState: change to CANDIDATE, lastRpcTime:77ms, electionTimeout:77ms
2019-10-30 05:53:42,767 [Thread-2142] INFO  impl.RoleInfo (RoleInfo.java:shutdownFollowerState(121)) - 9127dd83-037b-4d39-812f-66db56af525a: shutdown FollowerState
2019-10-30 05:53:42,767 [Thread-2142] INFO  impl.RaftServerImpl (RaftServerImpl.java:setRole(184)) - 9127dd83-037b-4d39-812f-66db56af525a@group-BCADF287A12B: changes role from  FOLLOWER to CANDIDATE at term 314 for changeToCandidate
2019-10-30 05:53:42,768 [Thread-2142] INFO  impl.RoleInfo (RoleInfo.java:updateAndGet(143)) - 9127dd83-037b-4d39-812f-66db56af525a: start LeaderElection
2019-10-30 05:53:42,776 [9127dd83-037b-4d39-812f-66db56af525a@group-BCADF287A12B-LeaderElection287] INFO  impl.LeaderElection (LeaderElection.java:askForVotes(178)) - 9127dd83-037b-4d39-812f-66db56af525a@group-BCADF287A12B-LeaderElection287: begin an election at term 315 for -1: [7fae3aed-4e76-4283-a599-f93f794625ab:192.168.34.21:41352, 58095e90-3010-492a-9083-43cf2e035c3f:192.168.34.21:45284, 9127dd83-037b-4d39-812f-66db56af525a:192.168.34.21:42063], old=null
2019-10-30 05:53:42,777 [grpc-default-executor-3] INFO  impl.RaftServerImpl (RaftServerImpl.java:setRole(184)) - 7fae3aed-4e76-4283-a599-f93f794625ab@group-BCADF287A12B: changes role from  FOLLOWER to FOLLOWER at term 315 for recognizeCandidate:9127dd83-037b-4d39-812f-66db56af525a
2019-10-30 05:53:42,778 [grpc-default-executor-3] INFO  impl.RoleInfo (RoleInfo.java:shutdownFollowerState(121)) - 7fae3aed-4e76-4283-a599-f93f794625ab: shutdown FollowerState
2019-10-30 05:53:42,778 [grpc-default-executor-3] INFO  impl.RoleInfo (RoleInfo.java:updateAndGet(143)) - 7fae3aed-4e76-4283-a599-f93f794625ab: start FollowerState
2019-10-30 05:53:42,778 [Thread-2140] INFO  impl.FollowerState (FollowerState.java:run(117)) - 7fae3aed-4e76-4283-a599-f93f794625ab@group-BCADF287A12B-FollowerState was interrupted: java.lang.InterruptedException: sleep interrupted
2019-10-30 05:53:42,778 [grpc-default-executor-1] INFO  impl.RaftServerImpl (RaftServerImpl.java:setRole(184)) - 58095e90-3010-492a-9083-43cf2e035c3f@group-BCADF287A12B: changes role from  FOLLOWER to FOLLOWER at term 315 for recognizeCandidate:9127dd83-037b-4d39-812f-66db56af525a
2019-10-30 05:53:42,778 [grpc-default-executor-1] INFO  impl.RoleInfo (RoleInfo.java:shutdownFollowerState(121)) - 58095e90-3010-492a-9083-43cf2e035c3f: shutdown FollowerState
2019-10-30 05:53:42,778 [Thread-2141] INFO  impl.FollowerState (FollowerState.java:run(117)) - 58095e90-3010-492a-9083-43cf2e035c3f@group-BCADF287A12B-FollowerState was interrupted: java.lang.InterruptedException: sleep interrupted
2019-10-30 05:53:42,778 [grpc-default-executor-1] INFO  impl.RoleInfo (RoleInfo.java:updateAndGet(143)) - 58095e90-3010-492a-9083-43cf2e035c3f: start FollowerState
2019-10-30 05:53:42,808 [9127dd83-037b-4d39-812f-66db56af525a@group-BCADF287A12B-LeaderElection287] INFO  impl.LeaderElection (LeaderElection.java:logAndReturn(56)) - 9127dd83-037b-4d39-812f-66db56af525a@group-BCADF287A12B-LeaderElection287: Election REJECTED; received 2 response(s) [9127dd83-037b-4d39-812f-66db56af525a<-7fae3aed-4e76-4283-a599-f93f794625ab#0:FAIL-t315, 9127dd83-037b-4d39-812f-66db56af525a<-58095e90-3010-492a-9083-43cf2e035c3f#0:FAIL-t315] and 0 exception(s); 9127dd83-037b-4d39-812f-66db56af525a@group-BCADF287A12B:t315, leader=null, voted=9127dd83-037b-4d39-812f-66db56af525a, raftlog=9127dd83-037b-4d39-812f-66db56af525a@group-BCADF287A12B-SegmentedRaftLog:OPENED:c-1,f-1,i0, conf=-1: [7fae3aed-4e76-4283-a599-f93f794625ab:192.168.34.21:41352, 58095e90-3010-492a-9083-43cf2e035c3f:192.168.34.21:45284, 9127dd83-037b-4d39-812f-66db56af525a:192.168.34.21:42063], old=null
2019-10-30 05:53:42,808 [9127dd83-037b-4d39-812f-66db56af525a@group-BCADF287A12B-LeaderElection287] INFO  impl.RaftServerImpl (RaftServerImpl.java:setRole(184)) - 9127dd83-037b-4d39-812f-66db56af525a@group-BCADF287A12B: changes role from CANDIDATE to FOLLOWER at term 315 for DISCOVERED_A_NEW_TERM
2019-10-30 05:53:42,808 [9127dd83-037b-4d39-812f-66db56af525a@group-BCADF287A12B-LeaderElection287] INFO  impl.RoleInfo (RoleInfo.java:shutdownLeaderElection(134)) - 9127dd83-037b-4d39-812f-66db56af525a: shutdown LeaderElection
2019-10-30 05:53:42,808 [9127dd83-037b-4d39-812f-66db56af525a@group-BCADF287A12B-LeaderElection287] INFO  impl.RoleInfo (RoleInfo.java:updateAndGet(143)) - 9127dd83-037b-4d39-812f-66db56af525a: start FollowerState
2019-10-30 05:53:42,978 [Thread-2148] INFO  impl.FollowerState (FollowerState.java:run(108)) - 9127dd83-037b-4d39-812f-66db56af525a@group-BCADF287A12B-FollowerState: change to CANDIDATE, lastRpcTime:169ms, electionTimeout:169ms
2019-10-30 05:53:42,978 [Thread-2148] INFO  impl.RoleInfo (RoleInfo.java:shutdownFollowerState(121)) - 9127dd83-037b-4d39-812f-66db56af525a: shutdown FollowerState
2019-10-30 05:53:42,978 [Thread-2148] INFO  impl.RaftServerImpl (RaftServerImpl.java:setRole(184)) - 9127dd83-037b-4d39-812f-66db56af525a@group-BCADF287A12B: changes role from  FOLLOWER to CANDIDATE at term 315 for changeToCandidate
2019-10-30 05:53:42,978 [Thread-2148] INFO  impl.RoleInfo (RoleInfo.java:updateAndGet(143)) - 9127dd83-037b-4d39-812f-66db56af525a: start LeaderElection
2019-10-30 05:53:42,992 [9127dd83-037b-4d39-812f-66db56af525a@group-BCADF287A12B-LeaderElection288] INFO  impl.LeaderElection (LeaderElection.java:askForVotes(178)) - 9127dd83-037b-4d39-812f-66db56af525a@group-BCADF287A12B-LeaderElection288: begin an election at term 316 for -1: [7fae3aed-4e76-4283-a599-f93f794625ab:192.168.34.21:41352, 58095e90-3010-492a-9083-43cf2e035c3f:192.168.34.21:45284, 9127dd83-037b-4d39-812f-66db56af525a:192.168.34.21:42063], old=null
2019-10-30 05:53:42,995 [grpc-default-executor-3] INFO  impl.RaftServerImpl (RaftServerImpl.java:setRole(184)) - 58095e90-3010-492a-9083-43cf2e035c3f@group-BCADF287A12B: changes role from  FOLLOWER to FOLLOWER at term 316 for recognizeCandidate:9127dd83-037b-4d39-812f-66db56af525a
2019-10-30 05:53:42,995 [grpc-default-executor-3] INFO  impl.RoleInfo (RoleInfo.java:shutdownFollowerState(121)) - 58095e90-3010-492a-9083-43cf2e035c3f: shutdown FollowerState
2019-10-30 05:53:42,995 [grpc-default-executor-1] INFO  impl.RaftServerImpl (RaftServerImpl.java:setRole(184)) - 7fae3aed-4e76-4283-a599-f93f794625ab@group-BCADF287A12B: changes role from  FOLLOWER to FOLLOWER at term 316 for recognizeCandidate:9127dd83-037b-4d39-812f-66db56af525a
2019-10-30 05:53:42,996 [Thread-2147] INFO  impl.FollowerState (FollowerState.java:run(117)) - 58095e90-3010-492a-9083-43cf2e035c3f@group-BCADF287A12B-FollowerState was interrupted: java.lang.InterruptedException: sleep interrupted
2019-10-30 05:53:42,996 [grpc-default-executor-3] INFO  impl.RoleInfo (RoleInfo.java:updateAndGet(143)) - 58095e90-3010-492a-9083-43cf2e035c3f: start FollowerState
2019-10-30 05:53:42,996 [grpc-default-executor-1] INFO  impl.RoleInfo (RoleInfo.java:shutdownFollowerState(121)) - 7fae3aed-4e76-4283-a599-f93f794625ab: shutdown FollowerState
2019-10-30 05:53:42,996 [Thread-2146] INFO  impl.FollowerState (FollowerState.java:run(117)) - 7fae3aed-4e76-4283-a599-f93f794625ab@group-BCADF287A12B-FollowerState was interrupted: java.lang.InterruptedException: sleep interrupted
2019-10-30 05:53:42,996 [grpc-default-executor-1] INFO  impl.RoleInfo (RoleInfo.java:updateAndGet(143)) - 7fae3aed-4e76-4283-a599-f93f794625ab: start FollowerState
2019-10-30 05:53:43,011 [9127dd83-037b-4d39-812f-66db56af525a@group-BCADF287A12B-LeaderElection288] INFO  impl.LeaderElection (LeaderElection.java:logAndReturn(56)) - 9127dd83-037b-4d39-812f-66db56af525a@group-BCADF287A12B-LeaderElection288: Election REJECTED; received 2 response(s) [9127dd83-037b-4d39-812f-66db56af525a<-7fae3aed-4e76-4283-a599-f93f794625ab#0:FAIL-t316, 9127dd83-037b-4d39-812f-66db56af525a<-58095e90-3010-492a-9083-43cf2e035c3f#0:FAIL-t316] and 0 exception(s); 9127dd83-037b-4d39-812f-66db56af525a@group-BCADF287A12B:t316, leader=null, voted=9127dd83-037b-4d39-812f-66db56af525a, raftlog=9127dd83-037b-4d39-812f-66db56af525a@group-BCADF287A12B-SegmentedRaftLog:OPENED:c-1,f-1,i0, conf=-1: [7fae3aed-4e76-4283-a599-f93f794625ab:192.168.34.21:41352, 58095e90-3010-492a-9083-43cf2e035c3f:192.168.34.21:45284, 9127dd83-037b-4d39-812f-66db56af525a:192.168.34.21:42063], old=null
2019-10-30 05:53:43,011 [9127dd83-037b-4d39-812f-66db56af525a@group-BCADF287A12B-LeaderElection288] INFO  impl.RaftServerImpl (RaftServerImpl.java:setRole(184)) - 9127dd83-037b-4d39-812f-66db56af525a@group-BCADF287A12B: changes role from CANDIDATE to FOLLOWER at term 316 for DISCOVERED_A_NEW_TERM
2019-10-30 05:53:43,011 [9127dd83-037b-4d39-812f-66db56af525a@group-BCADF287A12B-LeaderElection288] INFO  impl.RoleInfo (RoleInfo.java:shutdownLeaderElection(134)) - 9127dd83-037b-4d39-812f-66db56af525a: shutdown LeaderElection
2019-10-30 05:53:43,011 [9127dd83-037b-4d39-812f-66db56af525a@group-BCADF287A12B-LeaderElection288] INFO  impl.RoleInfo (RoleInfo.java:updateAndGet(143)) - 9127dd83-037b-4d39-812f-66db56af525a: start FollowerState
2019-10-30 05:53:43,071 [Thread-2154] INFO  impl.FollowerState (FollowerState.java:run(108)) - 9127dd83-037b-4d39-812f-66db56af525a@group-BCADF287A12B-FollowerState: change to CANDIDATE, lastRpcTime:59ms, electionTimeout:59ms
2019-10-30 05:53:43,071 [Thread-2154] INFO  impl.RoleInfo (RoleInfo.java:shutdownFollowerState(121)) - 9127dd83-037b-4d39-812f-66db56af525a: shutdown FollowerState
2019-10-30 05:53:43,071 [Thread-2154] INFO  impl.RaftServerImpl (RaftServerImpl.java:setRole(184)) - 9127dd83-037b-4d39-812f-66db56af525a@group-BCADF287A12B: changes role from  FOLLOWER to CANDIDATE at term 316 for changeToCandidate
2019-10-30 05:53:43,071 [Thread-2154] INFO  impl.RoleInfo (RoleInfo.java:updateAndGet(143)) - 9127dd83-037b-4d39-812f-66db56af525a: start LeaderElection
2019-10-30 05:53:43,075 [9127dd83-037b-4d39-812f-66db56af525a@group-BCADF287A12B-LeaderElection289] INFO  impl.LeaderElection (LeaderElection.java:askForVotes(178)) - 9127dd83-037b-4d39-812f-66db56af525a@group-BCADF287A12B-LeaderElection289: begin an election at term 317 for -1: [7fae3aed-4e76-4283-a599-f93f794625ab:192.168.34.21:41352, 58095e90-3010-492a-9083-43cf2e035c3f:192.168.34.21:45284, 9127dd83-037b-4d39-812f-66db56af525a:192.168.34.21:42063], old=null
2019-10-30 05:53:43,077 [grpc-default-executor-3] INFO  impl.RaftServerImpl (RaftServerImpl.java:setRole(184)) - 7fae3aed-4e76-4283-a599-f93f794625ab@group-BCADF287A12B: changes role from  FOLLOWER to FOLLOWER at term 317 for recognizeCandidate:9127dd83-037b-4d39-812f-66db56af525a
2019-10-30 05:53:43,077 [grpc-default-executor-3] INFO  impl.RoleInfo (RoleInfo.java:shutdownFollowerState(121)) - 7fae3aed-4e76-4283-a599-f93f794625ab: shutdown FollowerState
2019-10-30 05:53:43,077 [grpc-default-executor-1] INFO  impl.RaftServerImpl (RaftServerImpl.java:setRole(184)) - 58095e90-3010-492a-9083-43cf2e035c3f@group-BCADF287A12B: changes role from  FOLLOWER to FOLLOWER at term 317 for recognizeCandidate:9127dd83-037b-4d39-812f-66db56af525a
2019-10-30 05:53:43,077 [Thread-2153] INFO  impl.FollowerState (FollowerState.java:run(117)) - 7fae3aed-4e76-4283-a599-f93f794625ab@group-BCADF287A12B-FollowerState was interrupted: java.lang.InterruptedException: sleep interrupted
2019-10-30 05:53:43,077 [grpc-default-executor-3] INFO  impl.RoleInfo (RoleInfo.java:updateAndGet(143)) - 7fae3aed-4e76-4283-a599-f93f794625ab: start FollowerState
2019-10-30 05:53:43,077 [grpc-default-executor-1] INFO  impl.RoleInfo (RoleInfo.java:shutdownFollowerState(121)) - 58095e90-3010-492a-9083-43cf2e035c3f: shutdown FollowerState
2019-10-30 05:53:43,078 [grpc-default-executor-1] INFO  impl.RoleInfo (RoleInfo.java:updateAndGet(143)) - 58095e90-3010-492a-9083-43cf2e035c3f: start FollowerState
2019-10-30 05:53:43,078 [Thread-2152] INFO  impl.FollowerState (FollowerState.java:run(117)) - 58095e90-3010-492a-9083-43cf2e035c3f@group-BCADF287A12B-FollowerState was interrupted: java.lang.InterruptedException: sleep interrupted
2019-10-30 05:53:43,083 [9127dd83-037b-4d39-812f-66db56af525a@group-BCADF287A12B-LeaderElection289] INFO  impl.LeaderElection (LeaderElection.java:logAndReturn(56)) - 9127dd83-037b-4d39-812f-66db56af525a@group-BCADF287A12B-LeaderElection289: Election REJECTED; received 2 response(s) [9127dd83-037b-4d39-812f-66db56af525a<-7fae3aed-4e76-4283-a599-f93f794625ab#0:FAIL-t317, 9127dd83-037b-4d39-812f-66db56af525a<-58095e90-3010-492a-9083-43cf2e035c3f#0:FAIL-t317] and 0 exception(s); 9127dd83-037b-4d39-812f-66db56af525a@group-BCADF287A12B:t317, leader=null, voted=9127dd83-037b-4d39-812f-66db56af525a, raftlog=9127dd83-037b-4d39-812f-66db56af525a@group-BCADF287A12B-SegmentedRaftLog:OPENED:c-1,f-1,i0, conf=-1: [7fae3aed-4e76-4283-a599-f93f794625ab:192.168.34.21:41352, 58095e90-3010-492a-9083-43cf2e035c3f:192.168.34.21:45284, 9127dd83-037b-4d39-812f-66db56af525a:192.168.34.21:42063], old=null
2019-10-30 05:53:43,084 [9127dd83-037b-4d39-812f-66db56af525a@group-BCADF287A12B-LeaderElection289] INFO  impl.RaftServerImpl (RaftServerImpl.java:setRole(184)) - 9127dd83-037b-4d39-812f-66db56af525a@group-BCADF287A12B: changes role from CANDIDATE to FOLLOWER at term 317 for DISCOVERED_A_NEW_TERM
2019-10-30 05:53:43,084 [9127dd83-037b-4d39-812f-66db56af525a@group-BCADF287A12B-LeaderElection289] INFO  impl.RoleInfo (RoleInfo.java:shutdownLeaderElection(134)) - 9127dd83-037b-4d39-812f-66db56af525a: shutdown LeaderElection
2019-10-30 05:53:43,084 [9127dd83-037b-4d39-812f-66db56af525a@group-BCADF287A12B-LeaderElection289] INFO  impl.RoleInfo (RoleInfo.java:updateAndGet(143)) - 9127dd83-037b-4d39-812f-66db56af525a: start FollowerState
2019-10-30 05:53:43,165 [Thread-2160] INFO  impl.FollowerState (FollowerState.java:run(108)) - 9127dd83-037b-4d39-812f-66db56af525a@group-BCADF287A12B-FollowerState: change to CANDIDATE, lastRpcTime:80ms, electionTimeout:80ms
2019-10-30 05:53:43,165 [Thread-2160] INFO  impl.RoleInfo (RoleInfo.java:shutdownFollowerState(121)) - 9127dd83-037b-4d39-812f-66db56af525a: shutdown FollowerState
2019-10-30 05:53:43,165 [Thread-2160] INFO  impl.RaftServerImpl (RaftServerImpl.java:setRole(184)) - 9127dd83-037b-4d39-812f-66db56af525a@group-BCADF287A12B: changes role from  FOLLOWER to CANDIDATE at term 317 for changeToCandidate
2019-10-30 05:53:43,165 [Thread-2160] INFO  impl.RoleInfo (RoleInfo.java:updateAndGet(143)) - 9127dd83-037b-4d39-812f-66db56af525a: start LeaderElection
2019-10-30 05:53:43,179 [9127dd83-037b-4d39-812f-66db56af525a@group-BCADF287A12B-LeaderElection290] INFO  impl.LeaderElection (LeaderElection.java:askForVotes(178)) - 9127dd83-037b-4d39-812f-66db56af525a@group-BCADF287A12B-LeaderElection290: begin an election at term 318 for -1: [7fae3aed-4e76-4283-a599-f93f794625ab:192.168.34.21:41352, 58095e90-3010-492a-9083-43cf2e035c3f:192.168.34.21:45284, 9127dd83-037b-4d39-812f-66db56af525a:192.168.34.21:42063], old=null
2019-10-30 05:53:43,181 [grpc-default-executor-3] INFO  impl.RaftServerImpl (RaftServerImpl.java:setRole(184)) - 58095e90-3010-492a-9083-43cf2e035c3f@group-BCADF287A12B: changes role from  FOLLOWER to FOLLOWER at term 318 for recognizeCandidate:9127dd83-037b-4d39-812f-66db56af525a
2019-10-30 05:53:43,181 [grpc-default-executor-1] INFO  impl.RaftServerImpl (RaftServerImpl.java:setRole(184)) - 7fae3aed-4e76-4283-a599-f93f794625ab@group-BCADF287A12B: changes role from  FOLLOWER to FOLLOWER at term 318 for recognizeCandidate:9127dd83-037b-4d39-812f-66db56af525a
2019-10-30 05:53:43,182 [grpc-default-executor-1] INFO  impl.RoleInfo (RoleInfo.java:shutdownFollowerState(121)) - 7fae3aed-4e76-4283-a599-f93f794625ab: shutdown FollowerState
2019-10-30 05:53:43,181 [grpc-default-executor-3] INFO  impl.RoleInfo (RoleInfo.java:shutdownFollowerState(121)) - 58095e90-3010-492a-9083-43cf2e035c3f: shutdown FollowerState
2019-10-30 05:53:43,182 [Thread-2158] INFO  impl.FollowerState (FollowerState.java:run(117)) - 7fae3aed-4e76-4283-a599-f93f794625ab@group-BCADF287A12B-FollowerState was interrupted: java.lang.InterruptedException: sleep interrupted
2019-10-30 05:53:43,182 [grpc-default-executor-1] INFO  impl.RoleInfo (RoleInfo.java:updateAndGet(143)) - 7fae3aed-4e76-4283-a599-f93f794625ab: start FollowerState
2019-10-30 05:53:43,182 [grpc-default-executor-3] INFO  impl.RoleInfo (RoleInfo.java:updateAndGet(143)) - 58095e90-3010-492a-9083-43cf2e035c3f: start FollowerState
2019-10-30 05:53:43,182 [Thread-2159] INFO  impl.FollowerState (FollowerState.java:run(117)) - 58095e90-3010-492a-9083-43cf2e035c3f@group-BCADF287A12B-FollowerState was interrupted: java.lang.InterruptedException: sleep interrupted
2019-10-30 05:53:43,195 [9127dd83-037b-4d39-812f-66db56af525a@group-BCADF287A12B-LeaderElection290] INFO  impl.LeaderElection (LeaderElection.java:logAndReturn(56)) - 9127dd83-037b-4d39-812f-66db56af525a@group-BCADF287A12B-LeaderElection290: Election REJECTED; received 2 response(s) [9127dd83-037b-4d39-812f-66db56af525a<-7fae3aed-4e76-4283-a599-f93f794625ab#0:FAIL-t318, 9127dd83-037b-4d39-812f-66db56af525a<-58095e90-3010-492a-9083-43cf2e035c3f#0:FAIL-t318] and 0 exception(s); 9127dd83-037b-4d39-812f-66db56af525a@group-BCADF287A12B:t318, leader=null, voted=9127dd83-037b-4d39-812f-66db56af525a, raftlog=9127dd83-037b-4d39-812f-66db56af525a@group-BCADF287A12B-SegmentedRaftLog:OPENED:c-1,f-1,i0, conf=-1: [7fae3aed-4e76-4283-a599-f93f794625ab:192.168.34.21:41352, 58095e90-3010-492a-9083-43cf2e035c3f:192.168.34.21:45284, 9127dd83-037b-4d39-812f-66db56af525a:192.168.34.21:42063], old=null
2019-10-30 05:53:43,195 [9127dd83-037b-4d39-812f-66db56af525a@group-BCADF287A12B-LeaderElection290] INFO  impl.RaftServerImpl (RaftServerImpl.java:setRole(184)) - 9127dd83-037b-4d39-812f-66db56af525a@group-BCADF287A12B: changes role from CANDIDATE to FOLLOWER at term 318 for DISCOVERED_A_NEW_TERM
2019-10-30 05:53:43,195 [9127dd83-037b-4d39-812f-66db56af525a@group-BCADF287A12B-LeaderElection290] INFO  impl.RoleInfo (RoleInfo.java:shutdownLeaderElection(134)) - 9127dd83-037b-4d39-812f-66db56af525a: shutdown LeaderElection
2019-10-30 05:53:43,195 [9127dd83-037b-4d39-812f-66db56af525a@group-BCADF287A12B-LeaderElection290] INFO  impl.RoleInfo (RoleInfo.java:updateAndGet(143)) - 9127dd83-037b-4d39-812f-66db56af525a: start FollowerState
2019-10-30 05:53:43,269 [Thread-2166] INFO  impl.FollowerState (FollowerState.java:run(108)) - 9127dd83-037b-4d39-812f-66db56af525a@group-BCADF287A12B-FollowerState: change to CANDIDATE, lastRpcTime:74ms, electionTimeout:74ms
2019-10-30 05:53:43,269 [Thread-2166] INFO  impl.RoleInfo (RoleInfo.java:shutdownFollowerState(121)) - 9127dd83-037b-4d39-812f-66db56af525a: shutdown FollowerState
2019-10-30 05:53:43,270 [Thread-2166] INFO  impl.RaftServerImpl (RaftServerImpl.java:setRole(184)) - 9127dd83-037b-4d39-812f-66db56af525a@group-BCADF287A12B: changes role from  FOLLOWER to CANDIDATE at term 318 for changeToCandidate
2019-10-30 05:53:43,270 [Thread-2166] INFO  impl.RoleInfo (RoleInfo.java:updateAndGet(143)) - 9127dd83-037b-4d39-812f-66db56af525a: start LeaderElection
2019-10-30 05:53:43,273 [9127dd83-037b-4d39-812f-66db56af525a@group-BCADF287A12B-LeaderElection291] INFO  impl.LeaderElection (LeaderElection.java:askForVotes(178)) - 9127dd83-037b-4d39-812f-66db56af525a@group-BCADF287A12B-LeaderElection291: begin an election at term 319 for -1: [7fae3aed-4e76-4283-a599-f93f794625ab:192.168.34.21:41352, 58095e90-3010-492a-9083-43cf2e035c3f:192.168.34.21:45284, 9127dd83-037b-4d39-812f-66db56af525a:192.168.34.21:42063], old=null
2019-10-30 05:53:43,275 [grpc-default-executor-3] INFO  impl.RaftServerImpl (RaftServerImpl.java:setRole(184)) - 58095e90-3010-492a-9083-43cf2e035c3f@group-BCADF287A12B: changes role from  FOLLOWER to FOLLOWER at term 319 for recognizeCandidate:9127dd83-037b-4d39-812f-66db56af525a
2019-10-30 05:53:43,275 [grpc-default-executor-1] INFO  impl.RaftServerImpl (RaftServerImpl.java:setRole(184)) - 7fae3aed-4e76-4283-a599-f93f794625ab@group-BCADF287A12B: changes role from  FOLLOWER to FOLLOWER at term 319 for recognizeCandidate:9127dd83-037b-4d39-812f-66db56af525a
2019-10-30 05:53:43,275 [grpc-default-executor-3] INFO  impl.RoleInfo (RoleInfo.java:shutdownFollowerState(121)) - 58095e90-3010-492a-9083-43cf2e035c3f: shutdown FollowerState
2019-10-30 05:53:43,275 [grpc-default-executor-1] INFO  impl.RoleInfo (RoleInfo.java:shutdownFollowerState(121)) - 7fae3aed-4e76-4283-a599-f93f794625ab: shutdown FollowerState
2019-10-30 05:53:43,275 [Thread-2165] INFO  impl.FollowerState (FollowerState.java:run(117)) - 58095e90-3010-492a-9083-43cf2e035c3f@group-BCADF287A12B-FollowerState was interrupted: java.lang.InterruptedException: sleep interrupted
2019-10-30 05:53:43,275 [grpc-default-executor-3] INFO  impl.RoleInfo (RoleInfo.java:updateAndGet(143)) - 58095e90-3010-492a-9083-43cf2e035c3f: start FollowerState
2019-10-30 05:53:43,275 [Thread-2164] INFO  impl.FollowerState (FollowerState.java:run(117)) - 7fae3aed-4e76-4283-a599-f93f794625ab@group-BCADF287A12B-FollowerState was interrupted: java.lang.InterruptedException: sleep interrupted
2019-10-30 05:53:43,275 [grpc-default-executor-1] INFO  impl.RoleInfo (RoleInfo.java:updateAndGet(143)) - 7fae3aed-4e76-4283-a599-f93f794625ab: start FollowerState
2019-10-30 05:53:43,289 [9127dd83-037b-4d39-812f-66db56af525a@group-BCADF287A12B-LeaderElection291] INFO  impl.LeaderElection (LeaderElection.java:logAndReturn(56)) - 9127dd83-037b-4d39-812f-66db56af525a@group-BCADF287A12B-LeaderElection291: Election REJECTED; received 2 response(s) [9127dd83-037b-4d39-812f-66db56af525a<-7fae3aed-4e76-4283-a599-f93f794625ab#0:FAIL-t319, 9127dd83-037b-4d39-812f-66db56af525a<-58095e90-3010-492a-9083-43cf2e035c3f#0:FAIL-t319] and 0 exception(s); 9127dd83-037b-4d39-812f-66db56af525a@group-BCADF287A12B:t319, leader=null, voted=9127dd83-037b-4d39-812f-66db56af525a, raftlog=9127dd83-037b-4d39-812f-66db56af525a@group-BCADF287A12B-SegmentedRaftLog:OPENED:c-1,f-1,i0, conf=-1: [7fae3aed-4e76-4283-a599-f93f794625ab:192.168.34.21:41352, 58095e90-3010-492a-9083-43cf2e035c3f:192.168.34.21:45284, 9127dd83-037b-4d39-812f-66db56af525a:192.168.34.21:42063], old=null
2019-10-30 05:53:43,289 [9127dd83-037b-4d39-812f-66db56af525a@group-BCADF287A12B-LeaderElection291] INFO  impl.RaftServerImpl (RaftServerImpl.java:setRole(184)) - 9127dd83-037b-4d39-812f-66db56af525a@group-BCADF287A12B: changes role from CANDIDATE to FOLLOWER at term 319 for DISCOVERED_A_NEW_TERM
2019-10-30 05:53:43,290 [9127dd83-037b-4d39-812f-66db56af525a@group-BCADF287A12B-LeaderElection291] INFO  impl.RoleInfo (RoleInfo.java:shutdownLeaderElection(134)) - 9127dd83-037b-4d39-812f-66db56af525a: shutdown LeaderElection
2019-10-30 05:53:43,290 [9127dd83-037b-4d39-812f-66db56af525a@group-BCADF287A12B-LeaderElection291] INFO  impl.RoleInfo (RoleInfo.java:updateAndGet(143)) - 9127dd83-037b-4d39-812f-66db56af525a: start FollowerState
2019-10-30 05:53:43,387 [Thread-2172] INFO  impl.FollowerState (FollowerState.java:run(108)) - 9127dd83-037b-4d39-812f-66db56af525a@group-BCADF287A12B-FollowerState: change to CANDIDATE, lastRpcTime:97ms, electionTimeout:97ms
2019-10-30 05:53:43,387 [Thread-2172] INFO  impl.RoleInfo (RoleInfo.java:shutdownFollowerState(121)) - 9127dd83-037b-4d39-812f-66db56af525a: shutdown FollowerState
2019-10-30 05:53:43,387 [Thread-2172] INFO  impl.RaftServerImpl (RaftServerImpl.java:setRole(184)) - 9127dd83-037b-4d39-812f-66db56af525a@group-BCADF287A12B: changes role from  FOLLOWER to CANDIDATE at term 319 for changeToCandidate
2019-10-30 05:53:43,388 [Thread-2172] INFO  impl.RoleInfo (RoleInfo.java:updateAndGet(143)) - 9127dd83-037b-4d39-812f-66db56af525a: start LeaderElection
2019-10-30 05:53:43,392 [9127dd83-037b-4d39-812f-66db56af525a@group-BCADF287A12B-LeaderElection292] INFO  impl.LeaderElection (LeaderElection.java:askForVotes(178)) - 9127dd83-037b-4d39-812f-66db56af525a@group-BCADF287A12B-LeaderElection292: begin an election at term 320 for -1: [7fae3aed-4e76-4283-a599-f93f794625ab:192.168.34.21:41352, 58095e90-3010-492a-9083-43cf2e035c3f:192.168.34.21:45284, 9127dd83-037b-4d39-812f-66db56af525a:192.168.34.21:42063], old=null
2019-10-30 05:53:43,394 [grpc-default-executor-1] INFO  impl.RaftServerImpl (RaftServerImpl.java:setRole(184)) - 58095e90-3010-492a-9083-43cf2e035c3f@group-BCADF287A12B: changes role from  FOLLOWER to FOLLOWER at term 320 for recognizeCandidate:9127dd83-037b-4d39-812f-66db56af525a
2019-10-30 05:53:43,394 [grpc-default-executor-3] INFO  impl.RaftServerImpl (RaftServerImpl.java:setRole(184)) - 7fae3aed-4e76-4283-a599-f93f794625ab@group-BCADF287A12B: changes role from  FOLLOWER to FOLLOWER at term 320 for recognizeCandidate:9127dd83-037b-4d39-812f-66db56af525a
2019-10-30 05:53:43,394 [grpc-default-executor-1] INFO  impl.RoleInfo (RoleInfo.java:shutdownFollowerState(121)) - 58095e90-3010-492a-9083-43cf2e035c3f: shutdown FollowerState
2019-10-30 05:53:43,394 [grpc-default-executor-3] INFO  impl.RoleInfo (RoleInfo.java:shutdownFollowerState(121)) - 7fae3aed-4e76-4283-a599-f93f794625ab: shutdown FollowerState
2019-10-30 05:53:43,394 [Thread-2170] INFO  impl.FollowerState (FollowerState.java:run(117)) - 58095e90-3010-492a-9083-43cf2e035c3f@group-BCADF287A12B-FollowerState was interrupted: java.lang.InterruptedException: sleep interrupted
2019-10-30 05:53:43,394 [grpc-default-executor-1] INFO  impl.RoleInfo (RoleInfo.java:updateAndGet(143)) - 58095e90-3010-492a-9083-43cf2e035c3f: start FollowerState
2019-10-30 05:53:43,395 [Thread-2171] INFO  impl.FollowerState (FollowerState.java:run(117)) - 7fae3aed-4e76-4283-a599-f93f794625ab@group-BCADF287A12B-FollowerState was interrupted: java.lang.InterruptedException: sleep interrupted
2019-10-30 05:53:43,394 [grpc-default-executor-3] INFO  impl.RoleInfo (RoleInfo.java:updateAndGet(143)) - 7fae3aed-4e76-4283-a599-f93f794625ab: start FollowerState
2019-10-30 05:53:43,415 [9127dd83-037b-4d39-812f-66db56af525a@group-BCADF287A12B-LeaderElection292] INFO  impl.LeaderElection (LeaderElection.java:logAndReturn(56)) - 9127dd83-037b-4d39-812f-66db56af525a@group-BCADF287A12B-LeaderElection292: Election REJECTED; received 2 response(s) [9127dd83-037b-4d39-812f-66db56af525a<-7fae3aed-4e76-4283-a599-f93f794625ab#0:FAIL-t320, 9127dd83-037b-4d39-812f-66db56af525a<-58095e90-3010-492a-9083-43cf2e035c3f#0:FAIL-t320] and 0 exception(s); 9127dd83-037b-4d39-812f-66db56af525a@group-BCADF287A12B:t320, leader=null, voted=9127dd83-037b-4d39-812f-66db56af525a, raftlog=9127dd83-037b-4d39-812f-66db56af525a@group-BCADF287A12B-SegmentedRaftLog:OPENED:c-1,f-1,i0, conf=-1: [7fae3aed-4e76-4283-a599-f93f794625ab:192.168.34.21:41352, 58095e90-3010-492a-9083-43cf2e035c3f:192.168.34.21:45284, 9127dd83-037b-4d39-812f-66db56af525a:192.168.34.21:42063], old=null
2019-10-30 05:53:43,415 [9127dd83-037b-4d39-812f-66db56af525a@group-BCADF287A12B-LeaderElection292] INFO  impl.RaftServerImpl (RaftServerImpl.java:setRole(184)) - 9127dd83-037b-4d39-812f-66db56af525a@group-BCADF287A12B: changes role from CANDIDATE to FOLLOWER at term 320 for DISCOVERED_A_NEW_TERM
2019-10-30 05:53:43,415 [9127dd83-037b-4d39-812f-66db56af525a@group-BCADF287A12B-LeaderElection292] INFO  impl.RoleInfo (RoleInfo.java:shutdownLeaderElection(134)) - 9127dd83-037b-4d39-812f-66db56af525a: shutdown LeaderElection
2019-10-30 05:53:43,415 [9127dd83-037b-4d39-812f-66db56af525a@group-BCADF287A12B-LeaderElection292] INFO  impl.RoleInfo (RoleInfo.java:updateAndGet(143)) - 9127dd83-037b-4d39-812f-66db56af525a: start FollowerState
2019-10-30 05:53:43,544 [Thread-2178] INFO  impl.FollowerState (FollowerState.java:run(108)) - 9127dd83-037b-4d39-812f-66db56af525a@group-BCADF287A12B-FollowerState: change to CANDIDATE, lastRpcTime:129ms, electionTimeout:129ms
2019-10-30 05:53:43,545 [Thread-2178] INFO  impl.RoleInfo (RoleInfo.java:shutdownFollowerState(121)) - 9127dd83-037b-4d39-812f-66db56af525a: shutdown FollowerState
2019-10-30 05:53:43,545 [Thread-2178] INFO  impl.RaftServerImpl (RaftServerImpl.java:setRole(184)) - 9127dd83-037b-4d39-812f-66db56af525a@group-BCADF287A12B: changes role from  FOLLOWER to CANDIDATE at term 320 for changeToCandidate
2019-10-30 05:53:43,545 [Thread-2178] INFO  impl.RoleInfo (RoleInfo.java:updateAndGet(143)) - 9127dd83-037b-4d39-812f-66db56af525a: start LeaderElection
2019-10-30 05:53:43,561 [9127dd83-037b-4d39-812f-66db56af525a@group-BCADF287A12B-LeaderElection293] INFO  impl.LeaderElection (LeaderElection.java:askForVotes(178)) - 9127dd83-037b-4d39-812f-66db56af525a@group-BCADF287A12B-LeaderElection293: begin an election at term 321 for -1: [7fae3aed-4e76-4283-a599-f93f794625ab:192.168.34.21:41352, 58095e90-3010-492a-9083-43cf2e035c3f:192.168.34.21:45284, 9127dd83-037b-4d39-812f-66db56af525a:192.168.34.21:42063], old=null
2019-10-30 05:53:43,563 [grpc-default-executor-3] INFO  impl.RaftServerImpl (RaftServerImpl.java:setRole(184)) - 7fae3aed-4e76-4283-a599-f93f794625ab@group-BCADF287A12B: changes role from  FOLLOWER to FOLLOWER at term 321 for recognizeCandidate:9127dd83-037b-4d39-812f-66db56af525a
2019-10-30 05:53:43,563 [grpc-default-executor-3] INFO  impl.RoleInfo (RoleInfo.java:shutdownFollowerState(121)) - 7fae3aed-4e76-4283-a599-f93f794625ab: shutdown FollowerState
2019-10-30 05:53:43,563 [grpc-default-executor-1] INFO  impl.RaftServerImpl (RaftServerImpl.java:setRole(184)) - 58095e90-3010-492a-9083-43cf2e035c3f@group-BCADF287A12B: changes role from  FOLLOWER to FOLLOWER at term 321 for recognizeCandidate:9127dd83-037b-4d39-812f-66db56af525a
2019-10-30 05:53:43,563 [Thread-2177] INFO  impl.FollowerState (FollowerState.java:run(117)) - 7fae3aed-4e76-4283-a599-f93f794625ab@group-BCADF287A12B-FollowerState was interrupted: java.lang.InterruptedException: sleep interrupted
2019-10-30 05:53:43,563 [grpc-default-executor-3] INFO  impl.RoleInfo (RoleInfo.java:updateAndGet(143)) - 7fae3aed-4e76-4283-a599-f93f794625ab: start FollowerState
2019-10-30 05:53:43,563 [grpc-default-executor-1] INFO  impl.RoleInfo (RoleInfo.java:shutdownFollowerState(121)) - 58095e90-3010-492a-9083-43cf2e035c3f: shutdown FollowerState
2019-10-30 05:53:43,566 [grpc-default-executor-1] INFO  impl.RoleInfo (RoleInfo.java:updateAndGet(143)) - 58095e90-3010-492a-9083-43cf2e035c3f: start FollowerState
2019-10-30 05:53:43,566 [Thread-2176] INFO  impl.FollowerState (FollowerState.java:run(117)) - 58095e90-3010-492a-9083-43cf2e035c3f@group-BCADF287A12B-FollowerState was interrupted: java.lang.InterruptedException: sleep interrupted
2019-10-30 05:53:43,586 [9127dd83-037b-4d39-812f-66db56af525a@group-BCADF287A12B-LeaderElection293] INFO  impl.LeaderElection (LeaderElection.java:logAndReturn(56)) - 9127dd83-037b-4d39-812f-66db56af525a@group-BCADF287A12B-LeaderElection293: Election REJECTED; received 2 response(s) [9127dd83-037b-4d39-812f-66db56af525a<-7fae3aed-4e76-4283-a599-f93f794625ab#0:FAIL-t321, 9127dd83-037b-4d39-812f-66db56af525a<-58095e90-3010-492a-9083-43cf2e035c3f#0:FAIL-t321] and 0 exception(s); 9127dd83-037b-4d39-812f-66db56af525a@group-BCADF287A12B:t321, leader=null, voted=9127dd83-037b-4d39-812f-66db56af525a, raftlog=9127dd83-037b-4d39-812f-66db56af525a@group-BCADF287A12B-SegmentedRaftLog:OPENED:c-1,f-1,i0, conf=-1: [7fae3aed-4e76-4283-a599-f93f794625ab:192.168.34.21:41352, 58095e90-3010-492a-9083-43cf2e035c3f:192.168.34.21:45284, 9127dd83-037b-4d39-812f-66db56af525a:192.168.34.21:42063], old=null
2019-10-30 05:53:43,587 [9127dd83-037b-4d39-812f-66db56af525a@group-BCADF287A12B-LeaderElection293] INFO  impl.RaftServerImpl (RaftServerImpl.java:setRole(184)) - 9127dd83-037b-4d39-812f-66db56af525a@group-BCADF287A12B: changes role from CANDIDATE to FOLLOWER at term 321 for DISCOVERED_A_NEW_TERM
2019-10-30 05:53:43,587 [9127dd83-037b-4d39-812f-66db56af525a@group-BCADF287A12B-LeaderElection293] INFO  impl.RoleInfo (RoleInfo.java:shutdownLeaderElection(134)) - 9127dd83-037b-4d39-812f-66db56af525a: shutdown LeaderElection
2019-10-30 05:53:43,587 [9127dd83-037b-4d39-812f-66db56af525a@group-BCADF287A12B-LeaderElection293] INFO  impl.RoleInfo (RoleInfo.java:updateAndGet(143)) - 9127dd83-037b-4d39-812f-66db56af525a: start FollowerState
2019-10-30 05:53:43,667 [Thread-2186] INFO  impl.FollowerState (FollowerState.java:run(108)) - 9127dd83-037b-4d39-812f-66db56af525a@group-BCADF287A12B-FollowerState: change to CANDIDATE, lastRpcTime:80ms, electionTimeout:80ms
2019-10-30 05:53:43,668 [Thread-2186] INFO  impl.RoleInfo (RoleInfo.java:shutdownFollowerState(121)) - 9127dd83-037b-4d39-812f-66db56af525a: shutdown FollowerState
2019-10-30 05:53:43,668 [Thread-2186] INFO  impl.RaftServerImpl (RaftServerImpl.java:setRole(184)) - 9127dd83-037b-4d39-812f-66db56af525a@group-BCADF287A12B: changes role from  FOLLOWER to CANDIDATE at term 321 for changeToCandidate
2019-10-30 05:53:43,668 [Thread-2186] INFO  impl.RoleInfo (RoleInfo.java:updateAndGet(143)) - 9127dd83-037b-4d39-812f-66db56af525a: start LeaderElection
2019-10-30 05:53:43,672 [9127dd83-037b-4d39-812f-66db56af525a@group-BCADF287A12B-LeaderElection294] INFO  impl.LeaderElection (LeaderElection.java:askForVotes(178)) - 9127dd83-037b-4d39-812f-66db56af525a@group-BCADF287A12B-LeaderElection294: begin an election at term 322 for -1: [7fae3aed-4e76-4283-a599-f93f794625ab:192.168.34.21:41352, 58095e90-3010-492a-9083-43cf2e035c3f:192.168.34.21:45284, 9127dd83-037b-4d39-812f-66db56af525a:192.168.34.21:42063], old=null
2019-10-30 05:53:43,676 [grpc-default-executor-1] INFO  impl.RaftServerImpl (RaftServerImpl.java:setRole(184)) - 58095e90-3010-492a-9083-43cf2e035c3f@group-BCADF287A12B: changes role from  FOLLOWER to FOLLOWER at term 322 for recognizeCandidate:9127dd83-037b-4d39-812f-66db56af525a
2019-10-30 05:53:43,676 [grpc-default-executor-3] INFO  impl.RaftServerImpl (RaftServerImpl.java:setRole(184)) - 7fae3aed-4e76-4283-a599-f93f794625ab@group-BCADF287A12B: changes role from  FOLLOWER to FOLLOWER at term 322 for recognizeCandidate:9127dd83-037b-4d39-812f-66db56af525a
2019-10-30 05:53:43,676 [grpc-default-executor-1] INFO  impl.RoleInfo (RoleInfo.java:shutdownFollowerState(121)) - 58095e90-3010-492a-9083-43cf2e035c3f: shutdown FollowerState
2019-10-30 05:53:43,677 [grpc-default-executor-3] INFO  impl.RoleInfo (RoleInfo.java:shutdownFollowerState(121)) - 7fae3aed-4e76-4283-a599-f93f794625ab: shutdown FollowerState
2019-10-30 05:53:43,677 [Thread-2185] INFO  impl.FollowerState (FollowerState.java:run(117)) - 58095e90-3010-492a-9083-43cf2e035c3f@group-BCADF287A12B-FollowerState was interrupted: java.lang.InterruptedException: sleep interrupted
2019-10-30 05:53:43,677 [grpc-default-executor-1] INFO  impl.RoleInfo (RoleInfo.java:updateAndGet(143)) - 58095e90-3010-492a-9083-43cf2e035c3f: start FollowerState
2019-10-30 05:53:43,677 [grpc-default-executor-3] INFO  impl.RoleInfo (RoleInfo.java:updateAndGet(143)) - 7fae3aed-4e76-4283-a599-f93f794625ab: start FollowerState
2019-10-30 05:53:43,677 [Thread-2184] INFO  impl.FollowerState (FollowerState.java:run(117)) - 7fae3aed-4e76-4283-a599-f93f794625ab@group-BCADF287A12B-FollowerState was interrupted: java.lang.InterruptedException: sleep interrupted
2019-10-30 05:53:43,687 [9127dd83-037b-4d39-812f-66db56af525a@group-BCADF287A12B-LeaderElection294] INFO  impl.LeaderElection (LeaderElection.java:logAndReturn(56)) - 9127dd83-037b-4d39-812f-66db56af525a@group-BCADF287A12B-LeaderElection294: Election REJECTED; received 2 response(s) [9127dd83-037b-4d39-812f-66db56af525a<-7fae3aed-4e76-4283-a599-f93f794625ab#0:FAIL-t322, 9127dd83-037b-4d39-812f-66db56af525a<-58095e90-3010-492a-9083-43cf2e035c3f#0:FAIL-t322] and 0 exception(s); 9127dd83-037b-4d39-812f-66db56af525a@group-BCADF287A12B:t322, leader=null, voted=9127dd83-037b-4d39-812f-66db56af525a, raftlog=9127dd83-037b-4d39-812f-66db56af525a@group-BCADF287A12B-SegmentedRaftLog:OPENED:c-1,f-1,i0, conf=-1: [7fae3aed-4e76-4283-a599-f93f794625ab:192.168.34.21:41352, 58095e90-3010-492a-9083-43cf2e035c3f:192.168.34.21:45284, 9127dd83-037b-4d39-812f-66db56af525a:192.168.34.21:42063], old=null
2019-10-30 05:53:43,687 [9127dd83-037b-4d39-812f-66db56af525a@group-BCADF287A12B-LeaderElection294] INFO  impl.RaftServerImpl (RaftServerImpl.java:setRole(184)) - 9127dd83-037b-4d39-812f-66db56af525a@group-BCADF287A12B: changes role from CANDIDATE to FOLLOWER at term 322 for DISCOVERED_A_NEW_TERM
2019-10-30 05:53:43,687 [9127dd83-037b-4d39-812f-66db56af525a@group-BCADF287A12B-LeaderElection294] INFO  impl.RoleInfo (RoleInfo.java:shutdownLeaderElection(134)) - 9127dd83-037b-4d39-812f-66db56af525a: shutdown LeaderElection
2019-10-30 05:53:43,688 [9127dd83-037b-4d39-812f-66db56af525a@group-BCADF287A12B-LeaderElection294] INFO  impl.RoleInfo (RoleInfo.java:updateAndGet(143)) - 9127dd83-037b-4d39-812f-66db56af525a: start FollowerState
2019-10-30 05:53:43,879 [Thread-2192] INFO  impl.FollowerState (FollowerState.java:run(108)) - 9127dd83-037b-4d39-812f-66db56af525a@group-BCADF287A12B-FollowerState: change to CANDIDATE, lastRpcTime:191ms, electionTimeout:191ms
2019-10-30 05:53:43,879 [Thread-2192] INFO  impl.RoleInfo (RoleInfo.java:shutdownFollowerState(121)) - 9127dd83-037b-4d39-812f-66db56af525a: shutdown FollowerState
2019-10-30 05:53:43,879 [Thread-2192] INFO  impl.RaftServerImpl (RaftServerImpl.java:setRole(184)) - 9127dd83-037b-4d39-812f-66db56af525a@group-BCADF287A12B: changes role from  FOLLOWER to CANDIDATE at term 322 for changeToCandidate
2019-10-30 05:53:43,879 [Thread-2192] INFO  impl.RoleInfo (RoleInfo.java:updateAndGet(143)) - 9127dd83-037b-4d39-812f-66db56af525a: start LeaderElection
2019-10-30 05:53:43,893 [9127dd83-037b-4d39-812f-66db56af525a@group-BCADF287A12B-LeaderElection295] INFO  impl.LeaderElection (LeaderElection.java:askForVotes(178)) - 9127dd83-037b-4d39-812f-66db56af525a@group-BCADF287A12B-LeaderElection295: begin an election at term 323 for -1: [7fae3aed-4e76-4283-a599-f93f794625ab:192.168.34.21:41352, 58095e90-3010-492a-9083-43cf2e035c3f:192.168.34.21:45284, 9127dd83-037b-4d39-812f-66db56af525a:192.168.34.21:42063], old=null
2019-10-30 05:53:43,894 [grpc-default-executor-1] INFO  impl.RaftServerImpl (RaftServerImpl.java:setRole(184)) - 58095e90-3010-492a-9083-43cf2e035c3f@group-BCADF287A12B: changes role from  FOLLOWER to FOLLOWER at term 323 for recognizeCandidate:9127dd83-037b-4d39-812f-66db56af525a
2019-10-30 05:53:43,894 [grpc-default-executor-3] INFO  impl.RaftServerImpl (RaftServerImpl.java:setRole(184)) - 7fae3aed-4e76-4283-a599-f93f794625ab@group-BCADF287A12B: changes role from  FOLLOWER to FOLLOWER at term 323 for recognizeCandidate:9127dd83-037b-4d39-812f-66db56af525a
2019-10-30 05:53:43,894 [grpc-default-executor-1] INFO  impl.RoleInfo (RoleInfo.java:shutdownFollowerState(121)) - 58095e90-3010-492a-9083-43cf2e035c3f: shutdown FollowerState
2019-10-30 05:53:43,895 [grpc-default-executor-3] INFO  impl.RoleInfo (RoleInfo.java:shutdownFollowerState(121)) - 7fae3aed-4e76-4283-a599-f93f794625ab: shutdown FollowerState
2019-10-30 05:53:43,895 [Thread-2190] INFO  impl.FollowerState (FollowerState.java:run(117)) - 58095e90-3010-492a-9083-43cf2e035c3f@group-BCADF287A12B-FollowerState was interrupted: java.lang.InterruptedException: sleep interrupted
2019-10-30 05:53:43,895 [grpc-default-executor-1] INFO  impl.RoleInfo (RoleInfo.java:updateAndGet(143)) - 58095e90-3010-492a-9083-43cf2e035c3f: start FollowerState
2019-10-30 05:53:43,895 [Thread-2191] INFO  impl.FollowerState (FollowerState.java:run(117)) - 7fae3aed-4e76-4283-a599-f93f794625ab@group-BCADF287A12B-FollowerState was interrupted: java.lang.InterruptedException: sleep interrupted
2019-10-30 05:53:43,895 [grpc-default-executor-3] INFO  impl.RoleInfo (RoleInfo.java:updateAndGet(143)) - 7fae3aed-4e76-4283-a599-f93f794625ab: start FollowerState
2019-10-30 05:53:43,915 [9127dd83-037b-4d39-812f-66db56af525a@group-BCADF287A12B-LeaderElection295] INFO  impl.LeaderElection (LeaderElection.java:logAndReturn(56)) - 9127dd83-037b-4d39-812f-66db56af525a@group-BCADF287A12B-LeaderElection295: Election REJECTED; received 2 response(s) [9127dd83-037b-4d39-812f-66db56af525a<-7fae3aed-4e76-4283-a599-f93f794625ab#0:FAIL-t323, 9127dd83-037b-4d39-812f-66db56af525a<-58095e90-3010-492a-9083-43cf2e035c3f#0:FAIL-t323] and 0 exception(s); 9127dd83-037b-4d39-812f-66db56af525a@group-BCADF287A12B:t323, leader=null, voted=9127dd83-037b-4d39-812f-66db56af525a, raftlog=9127dd83-037b-4d39-812f-66db56af525a@group-BCADF287A12B-SegmentedRaftLog:OPENED:c-1,f-1,i0, conf=-1: [7fae3aed-4e76-4283-a599-f93f794625ab:192.168.34.21:41352, 58095e90-3010-492a-9083-43cf2e035c3f:192.168.34.21:45284, 9127dd83-037b-4d39-812f-66db56af525a:192.168.34.21:42063], old=null
2019-10-30 05:53:43,915 [9127dd83-037b-4d39-812f-66db56af525a@group-BCADF287A12B-LeaderElection295] INFO  impl.RaftServerImpl (RaftServerImpl.java:setRole(184)) - 9127dd83-037b-4d39-812f-66db56af525a@group-BCADF287A12B: changes role from CANDIDATE to FOLLOWER at term 323 for DISCOVERED_A_NEW_TERM
2019-10-30 05:53:43,915 [9127dd83-037b-4d39-812f-66db56af525a@group-BCADF287A12B-LeaderElection295] INFO  impl.RoleInfo (RoleInfo.java:shutdownLeaderElection(134)) - 9127dd83-037b-4d39-812f-66db56af525a: shutdown LeaderElection
2019-10-30 05:53:43,915 [9127dd83-037b-4d39-812f-66db56af525a@group-BCADF287A12B-LeaderElection295] INFO  impl.RoleInfo (RoleInfo.java:updateAndGet(143)) - 9127dd83-037b-4d39-812f-66db56af525a: start FollowerState
2019-10-30 05:53:44,021 [Thread-2198] INFO  impl.FollowerState (FollowerState.java:run(108)) - 9127dd83-037b-4d39-812f-66db56af525a@group-BCADF287A12B-FollowerState: change to CANDIDATE, lastRpcTime:106ms, electionTimeout:106ms
2019-10-30 05:53:44,022 [Thread-2198] INFO  impl.RoleInfo (RoleInfo.java:shutdownFollowerState(121)) - 9127dd83-037b-4d39-812f-66db56af525a: shutdown FollowerState
2019-10-30 05:53:44,022 [Thread-2198] INFO  impl.RaftServerImpl (RaftServerImpl.java:setRole(184)) - 9127dd83-037b-4d39-812f-66db56af525a@group-BCADF287A12B: changes role from  FOLLOWER to CANDIDATE at term 323 for changeToCandidate
2019-10-30 05:53:44,022 [Thread-2198] INFO  impl.RoleInfo (RoleInfo.java:updateAndGet(143)) - 9127dd83-037b-4d39-812f-66db56af525a: start LeaderElection
2019-10-30 05:53:44,047 [9127dd83-037b-4d39-812f-66db56af525a@group-BCADF287A12B-LeaderElection296] INFO  impl.LeaderElection (LeaderElection.java:askForVotes(178)) - 9127dd83-037b-4d39-812f-66db56af525a@group-BCADF287A12B-LeaderElection296: begin an election at term 324 for -1: [7fae3aed-4e76-4283-a599-f93f794625ab:192.168.34.21:41352, 58095e90-3010-492a-9083-43cf2e035c3f:192.168.34.21:45284, 9127dd83-037b-4d39-812f-66db56af525a:192.168.34.21:42063], old=null
2019-10-30 05:53:44,049 [grpc-default-executor-1] INFO  impl.RaftServerImpl (RaftServerImpl.java:setRole(184)) - 58095e90-3010-492a-9083-43cf2e035c3f@group-BCADF287A12B: changes role from  FOLLOWER to FOLLOWER at term 324 for recognizeCandidate:9127dd83-037b-4d39-812f-66db56af525a
2019-10-30 05:53:44,049 [grpc-default-executor-3] INFO  impl.RaftServerImpl (RaftServerImpl.java:setRole(184)) - 7fae3aed-4e76-4283-a599-f93f794625ab@group-BCADF287A12B: changes role from  FOLLOWER to FOLLOWER at term 324 for recognizeCandidate:9127dd83-037b-4d39-812f-66db56af525a
2019-10-30 05:53:44,049 [grpc-default-executor-1] INFO  impl.RoleInfo (RoleInfo.java:shutdownFollowerState(121)) - 58095e90-3010-492a-9083-43cf2e035c3f: shutdown FollowerState
2019-10-30 05:53:44,049 [grpc-default-executor-3] INFO  impl.RoleInfo (RoleInfo.java:shutdownFollowerState(121)) - 7fae3aed-4e76-4283-a599-f93f794625ab: shutdown FollowerState
2019-10-30 05:53:44,050 [Thread-2196] INFO  impl.FollowerState (FollowerState.java:run(117)) - 58095e90-3010-492a-9083-43cf2e035c3f@group-BCADF287A12B-FollowerState was interrupted: java.lang.InterruptedException: sleep interrupted
2019-10-30 05:53:44,050 [grpc-default-executor-1] INFO  impl.RoleInfo (RoleInfo.java:updateAndGet(143)) - 58095e90-3010-492a-9083-43cf2e035c3f: start FollowerState
2019-10-30 05:53:44,050 [Thread-2197] INFO  impl.FollowerState (FollowerState.java:run(117)) - 7fae3aed-4e76-4283-a599-f93f794625ab@group-BCADF287A12B-FollowerState was interrupted: java.lang.InterruptedException: sleep interrupted
2019-10-30 05:53:44,050 [grpc-default-executor-3] INFO  impl.RoleInfo (RoleInfo.java:updateAndGet(143)) - 7fae3aed-4e76-4283-a599-f93f794625ab: start FollowerState
2019-10-30 05:53:44,077 [9127dd83-037b-4d39-812f-66db56af525a@group-BCADF287A12B-LeaderElection296] INFO  impl.LeaderElection (LeaderElection.java:logAndReturn(56)) - 9127dd83-037b-4d39-812f-66db56af525a@group-BCADF287A12B-LeaderElection296: Election REJECTED; received 2 response(s) [9127dd83-037b-4d39-812f-66db56af525a<-7fae3aed-4e76-4283-a599-f93f794625ab#0:FAIL-t324, 9127dd83-037b-4d39-812f-66db56af525a<-58095e90-3010-492a-9083-43cf2e035c3f#0:FAIL-t324] and 0 exception(s); 9127dd83-037b-4d39-812f-66db56af525a@group-BCADF287A12B:t324, leader=null, voted=9127dd83-037b-4d39-812f-66db56af525a, raftlog=9127dd83-037b-4d39-812f-66db56af525a@group-BCADF287A12B-SegmentedRaftLog:OPENED:c-1,f-1,i0, conf=-1: [7fae3aed-4e76-4283-a599-f93f794625ab:192.168.34.21:41352, 58095e90-3010-492a-9083-43cf2e035c3f:192.168.34.21:45284, 9127dd83-037b-4d39-812f-66db56af525a:192.168.34.21:42063], old=null
2019-10-30 05:53:44,077 [9127dd83-037b-4d39-812f-66db56af525a@group-BCADF287A12B-LeaderElection296] INFO  impl.RaftServerImpl (RaftServerImpl.java:setRole(184)) - 9127dd83-037b-4d39-812f-66db56af525a@group-BCADF287A12B: changes role from CANDIDATE to FOLLOWER at term 324 for DISCOVERED_A_NEW_TERM
2019-10-30 05:53:44,077 [9127dd83-037b-4d39-812f-66db56af525a@group-BCADF287A12B-LeaderElection296] INFO  impl.RoleInfo (RoleInfo.java:shutdownLeaderElection(134)) - 9127dd83-037b-4d39-812f-66db56af525a: shutdown LeaderElection
2019-10-30 05:53:44,077 [9127dd83-037b-4d39-812f-66db56af525a@group-BCADF287A12B-LeaderElection296] INFO  impl.RoleInfo (RoleInfo.java:updateAndGet(143)) - 9127dd83-037b-4d39-812f-66db56af525a: start FollowerState
2019-10-30 05:53:44,174 [Thread-2204] INFO  impl.FollowerState (FollowerState.java:run(108)) - 9127dd83-037b-4d39-812f-66db56af525a@group-BCADF287A12B-FollowerState: change to CANDIDATE, lastRpcTime:96ms, electionTimeout:96ms
2019-10-30 05:53:44,174 [Thread-2204] INFO  impl.RoleInfo (RoleInfo.java:shutdownFollowerState(121)) - 9127dd83-037b-4d39-812f-66db56af525a: shutdown FollowerState
2019-10-30 05:53:44,174 [Thread-2204] INFO  impl.RaftServerImpl (RaftServerImpl.java:setRole(184)) - 9127dd83-037b-4d39-812f-66db56af525a@group-BCADF287A12B: changes role from  FOLLOWER to CANDIDATE at term 324 for changeToCandidate
2019-10-30 05:53:44,174 [Thread-2204] INFO  impl.RoleInfo (RoleInfo.java:updateAndGet(143)) - 9127dd83-037b-4d39-812f-66db56af525a: start LeaderElection
2019-10-30 05:53:44,195 [9127dd83-037b-4d39-812f-66db56af525a@group-BCADF287A12B-LeaderElection297] INFO  impl.LeaderElection (LeaderElection.java:askForVotes(178)) - 9127dd83-037b-4d39-812f-66db56af525a@group-BCADF287A12B-LeaderElection297: begin an election at term 325 for -1: [7fae3aed-4e76-4283-a599-f93f794625ab:192.168.34.21:41352, 58095e90-3010-492a-9083-43cf2e035c3f:192.168.34.21:45284, 9127dd83-037b-4d39-812f-66db56af525a:192.168.34.21:42063], old=null
2019-10-30 05:53:44,197 [grpc-default-executor-1] INFO  impl.RaftServerImpl (RaftServerImpl.java:setRole(184)) - 58095e90-3010-492a-9083-43cf2e035c3f@group-BCADF287A12B: changes role from  FOLLOWER to FOLLOWER at term 325 for recognizeCandidate:9127dd83-037b-4d39-812f-66db56af525a
2019-10-30 05:53:44,197 [grpc-default-executor-1] INFO  impl.RoleInfo (RoleInfo.java:shutdownFollowerState(121)) - 58095e90-3010-492a-9083-43cf2e035c3f: shutdown FollowerState
2019-10-30 05:53:44,197 [grpc-default-executor-1] INFO  impl.RoleInfo (RoleInfo.java:updateAndGet(143)) - 58095e90-3010-492a-9083-43cf2e035c3f: start FollowerState
2019-10-30 05:53:44,197 [grpc-default-executor-3] INFO  impl.RaftServerImpl (RaftServerImpl.java:setRole(184)) - 7fae3aed-4e76-4283-a599-f93f794625ab@group-BCADF287A12B: changes role from  FOLLOWER to FOLLOWER at term 325 for recognizeCandidate:9127dd83-037b-4d39-812f-66db56af525a
2019-10-30 05:53:44,197 [Thread-2202] INFO  impl.FollowerState (FollowerState.java:run(117)) - 58095e90-3010-492a-9083-43cf2e035c3f@group-BCADF287A12B-FollowerState was interrupted: java.lang.InterruptedException: sleep interrupted
2019-10-30 05:53:44,198 [grpc-default-executor-3] INFO  impl.RoleInfo (RoleInfo.java:shutdownFollowerState(121)) - 7fae3aed-4e76-4283-a599-f93f794625ab: shutdown FollowerState
2019-10-30 05:53:44,198 [grpc-default-executor-3] INFO  impl.RoleInfo (RoleInfo.java:updateAndGet(143)) - 7fae3aed-4e76-4283-a599-f93f794625ab: start FollowerState
2019-10-30 05:53:44,198 [Thread-2203] INFO  impl.FollowerState (FollowerState.java:run(117)) - 7fae3aed-4e76-4283-a599-f93f794625ab@group-BCADF287A12B-FollowerState was interrupted: java.lang.InterruptedException: sleep interrupted
2019-10-30 05:53:44,219 [9127dd83-037b-4d39-812f-66db56af525a@group-BCADF287A12B-LeaderElection297] INFO  impl.LeaderElection (LeaderElection.java:logAndReturn(56)) - 9127dd83-037b-4d39-812f-66db56af525a@group-BCADF287A12B-LeaderElection297: Election REJECTED; received 2 response(s) [9127dd83-037b-4d39-812f-66db56af525a<-7fae3aed-4e76-4283-a599-f93f794625ab#0:FAIL-t325, 9127dd83-037b-4d39-812f-66db56af525a<-58095e90-3010-492a-9083-43cf2e035c3f#0:FAIL-t325] and 0 exception(s); 9127dd83-037b-4d39-812f-66db56af525a@group-BCADF287A12B:t325, leader=null, voted=9127dd83-037b-4d39-812f-66db56af525a, raftlog=9127dd83-037b-4d39-812f-66db56af525a@group-BCADF287A12B-SegmentedRaftLog:OPENED:c-1,f-1,i0, conf=-1: [7fae3aed-4e76-4283-a599-f93f794625ab:192.168.34.21:41352, 58095e90-3010-492a-9083-43cf2e035c3f:192.168.34.21:45284, 9127dd83-037b-4d39-812f-66db56af525a:192.168.34.21:42063], old=null
2019-10-30 05:53:44,220 [9127dd83-037b-4d39-812f-66db56af525a@group-BCADF287A12B-LeaderElection297] INFO  impl.RaftServerImpl (RaftServerImpl.java:setRole(184)) - 9127dd83-037b-4d39-812f-66db56af525a@group-BCADF287A12B: changes role from CANDIDATE to FOLLOWER at term 325 for DISCOVERED_A_NEW_TERM
2019-10-30 05:53:44,220 [9127dd83-037b-4d39-812f-66db56af525a@group-BCADF287A12B-LeaderElection297] INFO  impl.RoleInfo (RoleInfo.java:shutdownLeaderElection(134)) - 9127dd83-037b-4d39-812f-66db56af525a: shutdown LeaderElection
2019-10-30 05:53:44,220 [9127dd83-037b-4d39-812f-66db56af525a@group-BCADF287A12B-LeaderElection297] INFO  impl.RoleInfo (RoleInfo.java:updateAndGet(143)) - 9127dd83-037b-4d39-812f-66db56af525a: start FollowerState
2019-10-30 05:53:44,410 [Thread-2210] INFO  impl.FollowerState (FollowerState.java:run(108)) - 9127dd83-037b-4d39-812f-66db56af525a@group-BCADF287A12B-FollowerState: change to CANDIDATE, lastRpcTime:190ms, electionTimeout:190ms
2019-10-30 05:53:44,410 [Thread-2210] INFO  impl.RoleInfo (RoleInfo.java:shutdownFollowerState(121)) - 9127dd83-037b-4d39-812f-66db56af525a: shutdown FollowerState
2019-10-30 05:53:44,410 [Thread-2210] INFO  impl.RaftServerImpl (RaftServerImpl.java:setRole(184)) - 9127dd83-037b-4d39-812f-66db56af525a@group-BCADF287A12B: changes role from  FOLLOWER to CANDIDATE at term 325 for changeToCandidate
2019-10-30 05:53:44,411 [Thread-2210] INFO  impl.RoleInfo (RoleInfo.java:updateAndGet(143)) - 9127dd83-037b-4d39-812f-66db56af525a: start LeaderElection
2019-10-30 05:53:44,426 [9127dd83-037b-4d39-812f-66db56af525a@group-BCADF287A12B-LeaderElection298] INFO  impl.LeaderElection (LeaderElection.java:askForVotes(178)) - 9127dd83-037b-4d39-812f-66db56af525a@group-BCADF287A12B-LeaderElection298: begin an election at term 326 for -1: [7fae3aed-4e76-4283-a599-f93f794625ab:192.168.34.21:41352, 58095e90-3010-492a-9083-43cf2e035c3f:192.168.34.21:45284, 9127dd83-037b-4d39-812f-66db56af525a:192.168.34.21:42063], old=null
2019-10-30 05:53:44,427 [grpc-default-executor-3] INFO  impl.RaftServerImpl (RaftServerImpl.java:setRole(184)) - 7fae3aed-4e76-4283-a599-f93f794625ab@group-BCADF287A12B: changes role from  FOLLOWER to FOLLOWER at term 326 for recognizeCandidate:9127dd83-037b-4d39-812f-66db56af525a
2019-10-30 05:53:44,427 [grpc-default-executor-1] INFO  impl.RaftServerImpl (RaftServerImpl.java:setRole(184)) - 58095e90-3010-492a-9083-43cf2e035c3f@group-BCADF287A12B: changes role from  FOLLOWER to FOLLOWER at term 326 for recognizeCandidate:9127dd83-037b-4d39-812f-66db56af525a
2019-10-30 05:53:44,428 [grpc-default-executor-3] INFO  impl.RoleInfo (RoleInfo.java:shutdownFollowerState(121)) - 7fae3aed-4e76-4283-a599-f93f794625ab: shutdown FollowerState
2019-10-30 05:53:44,428 [grpc-default-executor-1] INFO  impl.RoleInfo (RoleInfo.java:shutdownFollowerState(121)) - 58095e90-3010-492a-9083-43cf2e035c3f: shutdown FollowerState
2019-10-30 05:53:44,428 [grpc-default-executor-3] INFO  impl.RoleInfo (RoleInfo.java:updateAndGet(143)) - 7fae3aed-4e76-4283-a599-f93f794625ab: start FollowerState
2019-10-30 05:53:44,428 [Thread-2209] INFO  impl.FollowerState (FollowerState.java:run(117)) - 7fae3aed-4e76-4283-a599-f93f794625ab@group-BCADF287A12B-FollowerState was interrupted: java.lang.InterruptedException: sleep interrupted
2019-10-30 05:53:44,428 [Thread-2208] INFO  impl.FollowerState (FollowerState.java:run(117)) - 58095e90-3010-492a-9083-43cf2e035c3f@group-BCADF287A12B-FollowerState was interrupted: java.lang.InterruptedException: sleep interrupted
2019-10-30 05:53:44,428 [grpc-default-executor-1] INFO  impl.RoleInfo (RoleInfo.java:updateAndGet(143)) - 58095e90-3010-492a-9083-43cf2e035c3f: start FollowerState
2019-10-30 05:53:44,441 [9127dd83-037b-4d39-812f-66db56af525a@group-BCADF287A12B-LeaderElection298] INFO  impl.LeaderElection (LeaderElection.java:logAndReturn(56)) - 9127dd83-037b-4d39-812f-66db56af525a@group-BCADF287A12B-LeaderElection298: Election REJECTED; received 2 response(s) [9127dd83-037b-4d39-812f-66db56af525a<-7fae3aed-4e76-4283-a599-f93f794625ab#0:FAIL-t326, 9127dd83-037b-4d39-812f-66db56af525a<-58095e90-3010-492a-9083-43cf2e035c3f#0:FAIL-t326] and 0 exception(s); 9127dd83-037b-4d39-812f-66db56af525a@group-BCADF287A12B:t326, leader=null, voted=9127dd83-037b-4d39-812f-66db56af525a, raftlog=9127dd83-037b-4d39-812f-66db56af525a@group-BCADF287A12B-SegmentedRaftLog:OPENED:c-1,f-1,i0, conf=-1: [7fae3aed-4e76-4283-a599-f93f794625ab:192.168.34.21:41352, 58095e90-3010-492a-9083-43cf2e035c3f:192.168.34.21:45284, 9127dd83-037b-4d39-812f-66db56af525a:192.168.34.21:42063], old=null
2019-10-30 05:53:44,442 [9127dd83-037b-4d39-812f-66db56af525a@group-BCADF287A12B-LeaderElection298] INFO  impl.RaftServerImpl (RaftServerImpl.java:setRole(184)) - 9127dd83-037b-4d39-812f-66db56af525a@group-BCADF287A12B: changes role from CANDIDATE to FOLLOWER at term 326 for DISCOVERED_A_NEW_TERM
2019-10-30 05:53:44,442 [9127dd83-037b-4d39-812f-66db56af525a@group-BCADF287A12B-LeaderElection298] INFO  impl.RoleInfo (RoleInfo.java:shutdownLeaderElection(134)) - 9127dd83-037b-4d39-812f-66db56af525a: shutdown LeaderElection
2019-10-30 05:53:44,442 [9127dd83-037b-4d39-812f-66db56af525a@group-BCADF287A12B-LeaderElection298] INFO  impl.RoleInfo (RoleInfo.java:updateAndGet(143)) - 9127dd83-037b-4d39-812f-66db56af525a: start FollowerState
2019-10-30 05:53:44,518 [Thread-2216] INFO  impl.FollowerState (FollowerState.java:run(108)) - 9127dd83-037b-4d39-812f-66db56af525a@group-BCADF287A12B-FollowerState: change to CANDIDATE, lastRpcTime:76ms, electionTimeout:76ms
2019-10-30 05:53:44,518 [Thread-2216] INFO  impl.RoleInfo (RoleInfo.java:shutdownFollowerState(121)) - 9127dd83-037b-4d39-812f-66db56af525a: shutdown FollowerState
2019-10-30 05:53:44,518 [Thread-2216] INFO  impl.RaftServerImpl (RaftServerImpl.java:setRole(184)) - 9127dd83-037b-4d39-812f-66db56af525a@group-BCADF287A12B: changes role from  FOLLOWER to CANDIDATE at term 326 for changeToCandidate
2019-10-30 05:53:44,519 [Thread-2216] INFO  impl.RoleInfo (RoleInfo.java:updateAndGet(143)) - 9127dd83-037b-4d39-812f-66db56af525a: start LeaderElection
2019-10-30 05:53:44,532 [9127dd83-037b-4d39-812f-66db56af525a@group-BCADF287A12B-LeaderElection299] INFO  impl.LeaderElection (LeaderElection.java:askForVotes(178)) - 9127dd83-037b-4d39-812f-66db56af525a@group-BCADF287A12B-LeaderElection299: begin an election at term 327 for -1: [7fae3aed-4e76-4283-a599-f93f794625ab:192.168.34.21:41352, 58095e90-3010-492a-9083-43cf2e035c3f:192.168.34.21:45284, 9127dd83-037b-4d39-812f-66db56af525a:192.168.34.21:42063], old=null
2019-10-30 05:53:44,534 [grpc-default-executor-1] INFO  impl.RaftServerImpl (RaftServerImpl.java:setRole(184)) - 58095e90-3010-492a-9083-43cf2e035c3f@group-BCADF287A12B: changes role from  FOLLOWER to FOLLOWER at term 327 for recognizeCandidate:9127dd83-037b-4d39-812f-66db56af525a
2019-10-30 05:53:44,534 [grpc-default-executor-3] INFO  impl.RaftServerImpl (RaftServerImpl.java:setRole(184)) - 7fae3aed-4e76-4283-a599-f93f794625ab@group-BCADF287A12B: changes role from  FOLLOWER to FOLLOWER at term 327 for recognizeCandidate:9127dd83-037b-4d39-812f-66db56af525a
2019-10-30 05:53:44,534 [grpc-default-executor-1] INFO  impl.RoleInfo (RoleInfo.java:shutdownFollowerState(121)) - 58095e90-3010-492a-9083-43cf2e035c3f: shutdown FollowerState
2019-10-30 05:53:44,534 [grpc-default-executor-3] INFO  impl.RoleInfo (RoleInfo.java:shutdownFollowerState(121)) - 7fae3aed-4e76-4283-a599-f93f794625ab: shutdown FollowerState
2019-10-30 05:53:44,534 [Thread-2215] INFO  impl.FollowerState (FollowerState.java:run(117)) - 58095e90-3010-492a-9083-43cf2e035c3f@group-BCADF287A12B-FollowerState was interrupted: java.lang.InterruptedException: sleep interrupted
2019-10-30 05:53:44,534 [grpc-default-executor-1] INFO  impl.RoleInfo (RoleInfo.java:updateAndGet(143)) - 58095e90-3010-492a-9083-43cf2e035c3f: start FollowerState
2019-10-30 05:53:44,534 [Thread-2214] INFO  impl.FollowerState (FollowerState.java:run(117)) - 7fae3aed-4e76-4283-a599-f93f794625ab@group-BCADF287A12B-FollowerState was interrupted: java.lang.InterruptedException: sleep interrupted
2019-10-30 05:53:44,534 [grpc-default-executor-3] INFO  impl.RoleInfo (RoleInfo.java:updateAndGet(143)) - 7fae3aed-4e76-4283-a599-f93f794625ab: start FollowerState
2019-10-30 05:53:44,552 [9127dd83-037b-4d39-812f-66db56af525a@group-BCADF287A12B-LeaderElection299] INFO  impl.LeaderElection (LeaderElection.java:logAndReturn(56)) - 9127dd83-037b-4d39-812f-66db56af525a@group-BCADF287A12B-LeaderElection299: Election REJECTED; received 2 response(s) [9127dd83-037b-4d39-812f-66db56af525a<-7fae3aed-4e76-4283-a599-f93f794625ab#0:FAIL-t327, 9127dd83-037b-4d39-812f-66db56af525a<-58095e90-3010-492a-9083-43cf2e035c3f#0:FAIL-t327] and 0 exception(s); 9127dd83-037b-4d39-812f-66db56af525a@group-BCADF287A12B:t327, leader=null, voted=9127dd83-037b-4d39-812f-66db56af525a, raftlog=9127dd83-037b-4d39-812f-66db56af525a@group-BCADF287A12B-SegmentedRaftLog:OPENED:c-1,f-1,i0, conf=-1: [7fae3aed-4e76-4283-a599-f93f794625ab:192.168.34.21:41352, 58095e90-3010-492a-9083-43cf2e035c3f:192.168.34.21:45284, 9127dd83-037b-4d39-812f-66db56af525a:192.168.34.21:42063], old=null
2019-10-30 05:53:44,552 [9127dd83-037b-4d39-812f-66db56af525a@group-BCADF287A12B-LeaderElection299] INFO  impl.RaftServerImpl (RaftServerImpl.java:setRole(184)) - 9127dd83-037b-4d39-812f-66db56af525a@group-BCADF287A12B: changes role from CANDIDATE to FOLLOWER at term 327 for DISCOVERED_A_NEW_TERM
2019-10-30 05:53:44,552 [9127dd83-037b-4d39-812f-66db56af525a@group-BCADF287A12B-LeaderElection299] INFO  impl.RoleInfo (RoleInfo.java:shutdownLeaderElection(134)) - 9127dd83-037b-4d39-812f-66db56af525a: shutdown LeaderElection
2019-10-30 05:53:44,552 [9127dd83-037b-4d39-812f-66db56af525a@group-BCADF287A12B-LeaderElection299] INFO  impl.RoleInfo (RoleInfo.java:updateAndGet(143)) - 9127dd83-037b-4d39-812f-66db56af525a: start FollowerState
2019-10-30 05:53:44,705 [Thread-2224] INFO  impl.FollowerState (FollowerState.java:run(108)) - 9127dd83-037b-4d39-812f-66db56af525a@group-BCADF287A12B-FollowerState: change to CANDIDATE, lastRpcTime:152ms, electionTimeout:152ms
2019-10-30 05:53:44,705 [Thread-2224] INFO  impl.RoleInfo (RoleInfo.java:shutdownFollowerState(121)) - 9127dd83-037b-4d39-812f-66db56af525a: shutdown FollowerState
2019-10-30 05:53:44,705 [Thread-2224] INFO  impl.RaftServerImpl (RaftServerImpl.java:setRole(184)) - 9127dd83-037b-4d39-812f-66db56af525a@group-BCADF287A12B: changes role from  FOLLOWER to CANDIDATE at term 327 for changeToCandidate
2019-10-30 05:53:44,705 [Thread-2224] INFO  impl.RoleInfo (RoleInfo.java:updateAndGet(143)) - 9127dd83-037b-4d39-812f-66db56af525a: start LeaderElection
2019-10-30 05:53:44,730 [9127dd83-037b-4d39-812f-66db56af525a@group-BCADF287A12B-LeaderElection300] INFO  impl.LeaderElection (LeaderElection.java:askForVotes(178)) - 9127dd83-037b-4d39-812f-66db56af525a@group-BCADF287A12B-LeaderElection300: begin an election at term 328 for -1: [7fae3aed-4e76-4283-a599-f93f794625ab:192.168.34.21:41352, 58095e90-3010-492a-9083-43cf2e035c3f:192.168.34.21:45284, 9127dd83-037b-4d39-812f-66db56af525a:192.168.34.21:42063], old=null
2019-10-30 05:53:44,732 [grpc-default-executor-1] INFO  impl.RaftServerImpl (RaftServerImpl.java:setRole(184)) - 7fae3aed-4e76-4283-a599-f93f794625ab@group-BCADF287A12B: changes role from  FOLLOWER to FOLLOWER at term 328 for recognizeCandidate:9127dd83-037b-4d39-812f-66db56af525a
2019-10-30 05:53:44,732 [grpc-default-executor-3] INFO  impl.RaftServerImpl (RaftServerImpl.java:setRole(184)) - 58095e90-3010-492a-9083-43cf2e035c3f@group-BCADF287A12B: changes role from  FOLLOWER to FOLLOWER at term 328 for recognizeCandidate:9127dd83-037b-4d39-812f-66db56af525a
2019-10-30 05:53:44,733 [grpc-default-executor-1] INFO  impl.RoleInfo (RoleInfo.java:shutdownFollowerState(121)) - 7fae3aed-4e76-4283-a599-f93f794625ab: shutdown FollowerState
2019-10-30 05:53:44,733 [grpc-default-executor-3] INFO  impl.RoleInfo (RoleInfo.java:shutdownFollowerState(121)) - 58095e90-3010-492a-9083-43cf2e035c3f: shutdown FollowerState
2019-10-30 05:53:44,733 [Thread-2223] INFO  impl.FollowerState (FollowerState.java:run(117)) - 7fae3aed-4e76-4283-a599-f93f794625ab@group-BCADF287A12B-FollowerState was interrupted: java.lang.InterruptedException: sleep interrupted
2019-10-30 05:53:44,733 [grpc-default-executor-1] INFO  impl.RoleInfo (RoleInfo.java:updateAndGet(143)) - 7fae3aed-4e76-4283-a599-f93f794625ab: start FollowerState
2019-10-30 05:53:44,733 [grpc-default-executor-3] INFO  impl.RoleInfo (RoleInfo.java:updateAndGet(143)) - 58095e90-3010-492a-9083-43cf2e035c3f: start FollowerState
2019-10-30 05:53:44,733 [Thread-2222] INFO  impl.FollowerState (FollowerState.java:run(117)) - 58095e90-3010-492a-9083-43cf2e035c3f@group-BCADF287A12B-FollowerState was interrupted: java.lang.InterruptedException: sleep interrupted
2019-10-30 05:53:44,759 [9127dd83-037b-4d39-812f-66db56af525a@group-BCADF287A12B-LeaderElection300] INFO  impl.LeaderElection (LeaderElection.java:logAndReturn(56)) - 9127dd83-037b-4d39-812f-66db56af525a@group-BCADF287A12B-LeaderElection300: Election REJECTED; received 2 response(s) [9127dd83-037b-4d39-812f-66db56af525a<-7fae3aed-4e76-4283-a599-f93f794625ab#0:FAIL-t328, 9127dd83-037b-4d39-812f-66db56af525a<-58095e90-3010-492a-9083-43cf2e035c3f#0:FAIL-t328] and 0 exception(s); 9127dd83-037b-4d39-812f-66db56af525a@group-BCADF287A12B:t328, leader=null, voted=9127dd83-037b-4d39-812f-66db56af525a, raftlog=9127dd83-037b-4d39-812f-66db56af525a@group-BCADF287A12B-SegmentedRaftLog:OPENED:c-1,f-1,i0, conf=-1: [7fae3aed-4e76-4283-a599-f93f794625ab:192.168.34.21:41352, 58095e90-3010-492a-9083-43cf2e035c3f:192.168.34.21:45284, 9127dd83-037b-4d39-812f-66db56af525a:192.168.34.21:42063], old=null
2019-10-30 05:53:44,759 [9127dd83-037b-4d39-812f-66db56af525a@group-BCADF287A12B-LeaderElection300] INFO  impl.RaftServerImpl (RaftServerImpl.java:setRole(184)) - 9127dd83-037b-4d39-812f-66db56af525a@group-BCADF287A12B: changes role from CANDIDATE to FOLLOWER at term 328 for DISCOVERED_A_NEW_TERM
2019-10-30 05:53:44,759 [9127dd83-037b-4d39-812f-66db56af525a@group-BCADF287A12B-LeaderElection300] INFO  impl.RoleInfo (RoleInfo.java:shutdownLeaderElection(134)) - 9127dd83-037b-4d39-812f-66db56af525a: shutdown LeaderElection
2019-10-30 05:53:44,759 [9127dd83-037b-4d39-812f-66db56af525a@group-BCADF287A12B-LeaderElection300] INFO  impl.RoleInfo (RoleInfo.java:updateAndGet(143)) - 9127dd83-037b-4d39-812f-66db56af525a: start FollowerState
2019-10-30 05:53:44,936 [Thread-2230] INFO  impl.FollowerState (FollowerState.java:run(108)) - 9127dd83-037b-4d39-812f-66db56af525a@group-BCADF287A12B-FollowerState: change to CANDIDATE, lastRpcTime:176ms, electionTimeout:176ms
2019-10-30 05:53:44,936 [Thread-2230] INFO  impl.RoleInfo (RoleInfo.java:shutdownFollowerState(121)) - 9127dd83-037b-4d39-812f-66db56af525a: shutdown FollowerState
2019-10-30 05:53:44,936 [Thread-2230] INFO  impl.RaftServerImpl (RaftServerImpl.java:setRole(184)) - 9127dd83-037b-4d39-812f-66db56af525a@group-BCADF287A12B: changes role from  FOLLOWER to CANDIDATE at term 328 for changeToCandidate
2019-10-30 05:53:44,936 [Thread-2230] INFO  impl.RoleInfo (RoleInfo.java:updateAndGet(143)) - 9127dd83-037b-4d39-812f-66db56af525a: start LeaderElection
2019-10-30 05:53:44,961 [9127dd83-037b-4d39-812f-66db56af525a@group-BCADF287A12B-LeaderElection301] INFO  impl.LeaderElection (LeaderElection.java:askForVotes(178)) - 9127dd83-037b-4d39-812f-66db56af525a@group-BCADF287A12B-LeaderElection301: begin an election at term 329 for -1: [7fae3aed-4e76-4283-a599-f93f794625ab:192.168.34.21:41352, 58095e90-3010-492a-9083-43cf2e035c3f:192.168.34.21:45284, 9127dd83-037b-4d39-812f-66db56af525a:192.168.34.21:42063], old=null
2019-10-30 05:53:44,963 [grpc-default-executor-1] INFO  impl.RaftServerImpl (RaftServerImpl.java:setRole(184)) - 7fae3aed-4e76-4283-a599-f93f794625ab@group-BCADF287A12B: changes role from  FOLLOWER to FOLLOWER at term 329 for recognizeCandidate:9127dd83-037b-4d39-812f-66db56af525a
2019-10-30 05:53:44,963 [grpc-default-executor-3] INFO  impl.RaftServerImpl (RaftServerImpl.java:setRole(184)) - 58095e90-3010-492a-9083-43cf2e035c3f@group-BCADF287A12B: changes role from  FOLLOWER to FOLLOWER at term 329 for recognizeCandidate:9127dd83-037b-4d39-812f-66db56af525a
2019-10-30 05:53:44,963 [grpc-default-executor-3] INFO  impl.RoleInfo (RoleInfo.java:shutdownFollowerState(121)) - 58095e90-3010-492a-9083-43cf2e035c3f: shutdown FollowerState
2019-10-30 05:53:44,963 [grpc-default-executor-1] INFO  impl.RoleInfo (RoleInfo.java:shutdownFollowerState(121)) - 7fae3aed-4e76-4283-a599-f93f794625ab: shutdown FollowerState
2019-10-30 05:53:44,963 [Thread-2229] INFO  impl.FollowerState (FollowerState.java:run(117)) - 58095e90-3010-492a-9083-43cf2e035c3f@group-BCADF287A12B-FollowerState was interrupted: java.lang.InterruptedException: sleep interrupted
2019-10-30 05:53:44,963 [grpc-default-executor-3] INFO  impl.RoleInfo (RoleInfo.java:updateAndGet(143)) - 58095e90-3010-492a-9083-43cf2e035c3f: start FollowerState
2019-10-30 05:53:44,964 [Thread-2228] INFO  impl.FollowerState (FollowerState.java:run(117)) - 7fae3aed-4e76-4283-a599-f93f794625ab@group-BCADF287A12B-FollowerState was interrupted: java.lang.InterruptedException: sleep interrupted
2019-10-30 05:53:44,964 [grpc-default-executor-1] INFO  impl.RoleInfo (RoleInfo.java:updateAndGet(143)) - 7fae3aed-4e76-4283-a599-f93f794625ab: start FollowerState
2019-10-30 05:53:44,990 [9127dd83-037b-4d39-812f-66db56af525a@group-BCADF287A12B-LeaderElection301] INFO  impl.LeaderElection (LeaderElection.java:logAndReturn(56)) - 9127dd83-037b-4d39-812f-66db56af525a@group-BCADF287A12B-LeaderElection301: Election REJECTED; received 2 response(s) [9127dd83-037b-4d39-812f-66db56af525a<-7fae3aed-4e76-4283-a599-f93f794625ab#0:FAIL-t329, 9127dd83-037b-4d39-812f-66db56af525a<-58095e90-3010-492a-9083-43cf2e035c3f#0:FAIL-t329] and 0 exception(s); 9127dd83-037b-4d39-812f-66db56af525a@group-BCADF287A12B:t329, leader=null, voted=9127dd83-037b-4d39-812f-66db56af525a, raftlog=9127dd83-037b-4d39-812f-66db56af525a@group-BCADF287A12B-SegmentedRaftLog:OPENED:c-1,f-1,i0, conf=-1: [7fae3aed-4e76-4283-a599-f93f794625ab:192.168.34.21:41352, 58095e90-3010-492a-9083-43cf2e035c3f:192.168.34.21:45284, 9127dd83-037b-4d39-812f-66db56af525a:192.168.34.21:42063], old=null
2019-10-30 05:53:44,991 [9127dd83-037b-4d39-812f-66db56af525a@group-BCADF287A12B-LeaderElection301] INFO  impl.RaftServerImpl (RaftServerImpl.java:setRole(184)) - 9127dd83-037b-4d39-812f-66db56af525a@group-BCADF287A12B: changes role from CANDIDATE to FOLLOWER at term 329 for DISCOVERED_A_NEW_TERM
2019-10-30 05:53:44,991 [9127dd83-037b-4d39-812f-66db56af525a@group-BCADF287A12B-LeaderElection301] INFO  impl.RoleInfo (RoleInfo.java:shutdownLeaderElection(134)) - 9127dd83-037b-4d39-812f-66db56af525a: shutdown LeaderElection
2019-10-30 05:53:44,991 [9127dd83-037b-4d39-812f-66db56af525a@group-BCADF287A12B-LeaderElection301] INFO  impl.RoleInfo (RoleInfo.java:updateAndGet(143)) - 9127dd83-037b-4d39-812f-66db56af525a: start FollowerState
2019-10-30 05:53:45,030 [Thread-2236] INFO  impl.FollowerState (FollowerState.java:run(108)) - 9127dd83-037b-4d39-812f-66db56af525a@group-BCADF287A12B-FollowerState: change to CANDIDATE, lastRpcTime:39ms, electionTimeout:39ms
2019-10-30 05:53:45,030 [Thread-2236] INFO  impl.RoleInfo (RoleInfo.java:shutdownFollowerState(121)) - 9127dd83-037b-4d39-812f-66db56af525a: shutdown FollowerState
2019-10-30 05:53:45,031 [Thread-2236] INFO  impl.RaftServerImpl (RaftServerImpl.java:setRole(184)) - 9127dd83-037b-4d39-812f-66db56af525a@group-BCADF287A12B: changes role from  FOLLOWER to CANDIDATE at term 329 for changeToCandidate
2019-10-30 05:53:45,031 [Thread-2236] INFO  impl.RoleInfo (RoleInfo.java:updateAndGet(143)) - 9127dd83-037b-4d39-812f-66db56af525a: start LeaderElection
2019-10-30 05:53:45,057 [9127dd83-037b-4d39-812f-66db56af525a@group-BCADF287A12B-LeaderElection302] INFO  impl.LeaderElection (LeaderElection.java:askForVotes(178)) - 9127dd83-037b-4d39-812f-66db56af525a@group-BCADF287A12B-LeaderElection302: begin an election at term 330 for -1: [7fae3aed-4e76-4283-a599-f93f794625ab:192.168.34.21:41352, 58095e90-3010-492a-9083-43cf2e035c3f:192.168.34.21:45284, 9127dd83-037b-4d39-812f-66db56af525a:192.168.34.21:42063], old=null
2019-10-30 05:53:45,059 [grpc-default-executor-3] INFO  impl.RaftServerImpl (RaftServerImpl.java:setRole(184)) - 7fae3aed-4e76-4283-a599-f93f794625ab@group-BCADF287A12B: changes role from  FOLLOWER to FOLLOWER at term 330 for recognizeCandidate:9127dd83-037b-4d39-812f-66db56af525a
2019-10-30 05:53:45,059 [grpc-default-executor-1] INFO  impl.RaftServerImpl (RaftServerImpl.java:setRole(184)) - 58095e90-3010-492a-9083-43cf2e035c3f@group-BCADF287A12B: changes role from  FOLLOWER to FOLLOWER at term 330 for recognizeCandidate:9127dd83-037b-4d39-812f-66db56af525a
2019-10-30 05:53:45,059 [grpc-default-executor-1] INFO  impl.RoleInfo (RoleInfo.java:shutdownFollowerState(121)) - 58095e90-3010-492a-9083-43cf2e035c3f: shutdown FollowerState
2019-10-30 05:53:45,059 [grpc-default-executor-3] INFO  impl.RoleInfo (RoleInfo.java:shutdownFollowerState(121)) - 7fae3aed-4e76-4283-a599-f93f794625ab: shutdown FollowerState
2019-10-30 05:53:45,059 [Thread-2234] INFO  impl.FollowerState (FollowerState.java:run(117)) - 58095e90-3010-492a-9083-43cf2e035c3f@group-BCADF287A12B-FollowerState was interrupted: java.lang.InterruptedException: sleep interrupted
2019-10-30 05:53:45,059 [grpc-default-executor-1] INFO  impl.RoleInfo (RoleInfo.java:updateAndGet(143)) - 58095e90-3010-492a-9083-43cf2e035c3f: start FollowerState
2019-10-30 05:53:45,059 [Thread-2235] INFO  impl.FollowerState (FollowerState.java:run(117)) - 7fae3aed-4e76-4283-a599-f93f794625ab@group-BCADF287A12B-FollowerState was interrupted: java.lang.InterruptedException: sleep interrupted
2019-10-30 05:53:45,059 [grpc-default-executor-3] INFO  impl.RoleInfo (RoleInfo.java:updateAndGet(143)) - 7fae3aed-4e76-4283-a599-f93f794625ab: start FollowerState
2019-10-30 05:53:45,074 [9127dd83-037b-4d39-812f-66db56af525a@group-BCADF287A12B-LeaderElection302] INFO  impl.LeaderElection (LeaderElection.java:logAndReturn(56)) - 9127dd83-037b-4d39-812f-66db56af525a@group-BCADF287A12B-LeaderElection302: Election REJECTED; received 2 response(s) [9127dd83-037b-4d39-812f-66db56af525a<-7fae3aed-4e76-4283-a599-f93f794625ab#0:FAIL-t330, 9127dd83-037b-4d39-812f-66db56af525a<-58095e90-3010-492a-9083-43cf2e035c3f#0:FAIL-t330] and 0 exception(s); 9127dd83-037b-4d39-812f-66db56af525a@group-BCADF287A12B:t330, leader=null, voted=9127dd83-037b-4d39-812f-66db56af525a, raftlog=9127dd83-037b-4d39-812f-66db56af525a@group-BCADF287A12B-SegmentedRaftLog:OPENED:c-1,f-1,i0, conf=-1: [7fae3aed-4e76-4283-a599-f93f794625ab:192.168.34.21:41352, 58095e90-3010-492a-9083-43cf2e035c3f:192.168.34.21:45284, 9127dd83-037b-4d39-812f-66db56af525a:192.168.34.21:42063], old=null
2019-10-30 05:53:45,074 [9127dd83-037b-4d39-812f-66db56af525a@group-BCADF287A12B-LeaderElection302] INFO  impl.RaftServerImpl (RaftServerImpl.java:setRole(184)) - 9127dd83-037b-4d39-812f-66db56af525a@group-BCADF287A12B: changes role from CANDIDATE to FOLLOWER at term 330 for DISCOVERED_A_NEW_TERM
2019-10-30 05:53:45,074 [9127dd83-037b-4d39-812f-66db56af525a@group-BCADF287A12B-LeaderElection302] INFO  impl.RoleInfo (RoleInfo.java:shutdownLeaderElection(134)) - 9127dd83-037b-4d39-812f-66db56af525a: shutdown LeaderElection
2019-10-30 05:53:45,074 [9127dd83-037b-4d39-812f-66db56af525a@group-BCADF287A12B-LeaderElection302] INFO  impl.RoleInfo (RoleInfo.java:updateAndGet(143)) - 9127dd83-037b-4d39-812f-66db56af525a: start FollowerState
2019-10-30 05:53:45,126 [Thread-2242] INFO  impl.FollowerState (FollowerState.java:run(108)) - 9127dd83-037b-4d39-812f-66db56af525a@group-BCADF287A12B-FollowerState: change to CANDIDATE, lastRpcTime:51ms, electionTimeout:51ms
2019-10-30 05:53:45,126 [Thread-2242] INFO  impl.RoleInfo (RoleInfo.java:shutdownFollowerState(121)) - 9127dd83-037b-4d39-812f-66db56af525a: shutdown FollowerState
2019-10-30 05:53:45,126 [Thread-2242] INFO  impl.RaftServerImpl (RaftServerImpl.java:setRole(184)) - 9127dd83-037b-4d39-812f-66db56af525a@group-BCADF287A12B: changes role from  FOLLOWER to CANDIDATE at term 330 for changeToCandidate
2019-10-30 05:53:45,126 [Thread-2242] INFO  impl.RoleInfo (RoleInfo.java:updateAndGet(143)) - 9127dd83-037b-4d39-812f-66db56af525a: start LeaderElection
2019-10-30 05:53:45,134 [9127dd83-037b-4d39-812f-66db56af525a@group-BCADF287A12B-LeaderElection303] INFO  impl.LeaderElection (LeaderElection.java:askForVotes(178)) - 9127dd83-037b-4d39-812f-66db56af525a@group-BCADF287A12B-LeaderElection303: begin an election at term 331 for -1: [7fae3aed-4e76-4283-a599-f93f794625ab:192.168.34.21:41352, 58095e90-3010-492a-9083-43cf2e035c3f:192.168.34.21:45284, 9127dd83-037b-4d39-812f-66db56af525a:192.168.34.21:42063], old=null
2019-10-30 05:53:45,136 [grpc-default-executor-3] INFO  impl.RaftServerImpl (RaftServerImpl.java:setRole(184)) - 7fae3aed-4e76-4283-a599-f93f794625ab@group-BCADF287A12B: changes role from  FOLLOWER to FOLLOWER at term 331 for recognizeCandidate:9127dd83-037b-4d39-812f-66db56af525a
2019-10-30 05:53:45,136 [grpc-default-executor-3] INFO  impl.RoleInfo (RoleInfo.java:shutdownFollowerState(121)) - 7fae3aed-4e76-4283-a599-f93f794625ab: shutdown FollowerState
2019-10-30 05:53:45,136 [grpc-default-executor-3] INFO  impl.RoleInfo (RoleInfo.java:updateAndGet(143)) - 7fae3aed-4e76-4283-a599-f93f794625ab: start FollowerState
2019-10-30 05:53:45,136 [grpc-default-executor-1] INFO  impl.RaftServerImpl (RaftServerImpl.java:setRole(184)) - 58095e90-3010-492a-9083-43cf2e035c3f@group-BCADF287A12B: changes role from  FOLLOWER to FOLLOWER at term 331 for recognizeCandidate:9127dd83-037b-4d39-812f-66db56af525a
2019-10-30 05:53:45,136 [Thread-2241] INFO  impl.FollowerState (FollowerState.java:run(117)) - 7fae3aed-4e76-4283-a599-f93f794625ab@group-BCADF287A12B-FollowerState was interrupted: java.lang.InterruptedException: sleep interrupted
2019-10-30 05:53:45,136 [grpc-default-executor-1] INFO  impl.RoleInfo (RoleInfo.java:shutdownFollowerState(121)) - 58095e90-3010-492a-9083-43cf2e035c3f: shutdown FollowerState
2019-10-30 05:53:45,137 [Thread-2240] INFO  impl.FollowerState (FollowerState.java:run(117)) - 58095e90-3010-492a-9083-43cf2e035c3f@group-BCADF287A12B-FollowerState was interrupted: java.lang.InterruptedException: sleep interrupted
2019-10-30 05:53:45,137 [grpc-default-executor-1] INFO  impl.RoleInfo (RoleInfo.java:updateAndGet(143)) - 58095e90-3010-492a-9083-43cf2e035c3f: start FollowerState
2019-10-30 05:53:45,148 [9127dd83-037b-4d39-812f-66db56af525a@group-BCADF287A12B-LeaderElection303] INFO  impl.LeaderElection (LeaderElection.java:logAndReturn(56)) - 9127dd83-037b-4d39-812f-66db56af525a@group-BCADF287A12B-LeaderElection303: Election REJECTED; received 2 response(s) [9127dd83-037b-4d39-812f-66db56af525a<-7fae3aed-4e76-4283-a599-f93f794625ab#0:FAIL-t331, 9127dd83-037b-4d39-812f-66db56af525a<-58095e90-3010-492a-9083-43cf2e035c3f#0:FAIL-t331] and 0 exception(s); 9127dd83-037b-4d39-812f-66db56af525a@group-BCADF287A12B:t331, leader=null, voted=9127dd83-037b-4d39-812f-66db56af525a, raftlog=9127dd83-037b-4d39-812f-66db56af525a@group-BCADF287A12B-SegmentedRaftLog:OPENED:c-1,f-1,i0, conf=-1: [7fae3aed-4e76-4283-a599-f93f794625ab:192.168.34.21:41352, 58095e90-3010-492a-9083-43cf2e035c3f:192.168.34.21:45284, 9127dd83-037b-4d39-812f-66db56af525a:192.168.34.21:42063], old=null
2019-10-30 05:53:45,149 [9127dd83-037b-4d39-812f-66db56af525a@group-BCADF287A12B-LeaderElection303] INFO  impl.RaftServerImpl (RaftServerImpl.java:setRole(184)) - 9127dd83-037b-4d39-812f-66db56af525a@group-BCADF287A12B: changes role from CANDIDATE to FOLLOWER at term 331 for DISCOVERED_A_NEW_TERM
2019-10-30 05:53:45,149 [9127dd83-037b-4d39-812f-66db56af525a@group-BCADF287A12B-LeaderElection303] INFO  impl.RoleInfo (RoleInfo.java:shutdownLeaderElection(134)) - 9127dd83-037b-4d39-812f-66db56af525a: shutdown LeaderElection
2019-10-30 05:53:45,149 [9127dd83-037b-4d39-812f-66db56af525a@group-BCADF287A12B-LeaderElection303] INFO  impl.RoleInfo (RoleInfo.java:updateAndGet(143)) - 9127dd83-037b-4d39-812f-66db56af525a: start FollowerState
2019-10-30 05:53:45,174 [Thread-2248] INFO  impl.FollowerState (FollowerState.java:run(108)) - 9127dd83-037b-4d39-812f-66db56af525a@group-BCADF287A12B-FollowerState: change to CANDIDATE, lastRpcTime:25ms, electionTimeout:25ms
2019-10-30 05:53:45,174 [Thread-2248] INFO  impl.RoleInfo (RoleInfo.java:shutdownFollowerState(121)) - 9127dd83-037b-4d39-812f-66db56af525a: shutdown FollowerState
2019-10-30 05:53:45,174 [Thread-2248] INFO  impl.RaftServerImpl (RaftServerImpl.java:setRole(184)) - 9127dd83-037b-4d39-812f-66db56af525a@group-BCADF287A12B: changes role from  FOLLOWER to CANDIDATE at term 331 for changeToCandidate
2019-10-30 05:53:45,174 [Thread-2248] INFO  impl.RoleInfo (RoleInfo.java:updateAndGet(143)) - 9127dd83-037b-4d39-812f-66db56af525a: start LeaderElection
2019-10-30 05:53:45,185 [9127dd83-037b-4d39-812f-66db56af525a@group-BCADF287A12B-LeaderElection304] INFO  impl.LeaderElection (LeaderElection.java:askForVotes(178)) - 9127dd83-037b-4d39-812f-66db56af525a@group-BCADF287A12B-LeaderElection304: begin an election at term 332 for -1: [7fae3aed-4e76-4283-a599-f93f794625ab:192.168.34.21:41352, 58095e90-3010-492a-9083-43cf2e035c3f:192.168.34.21:45284, 9127dd83-037b-4d39-812f-66db56af525a:192.168.34.21:42063], old=null
2019-10-30 05:53:45,187 [grpc-default-executor-1] INFO  impl.RaftServerImpl (RaftServerImpl.java:setRole(184)) - 7fae3aed-4e76-4283-a599-f93f794625ab@group-BCADF287A12B: changes role from  FOLLOWER to FOLLOWER at term 332 for recognizeCandidate:9127dd83-037b-4d39-812f-66db56af525a
2019-10-30 05:53:45,187 [grpc-default-executor-3] INFO  impl.RaftServerImpl (RaftServerImpl.java:setRole(184)) - 58095e90-3010-492a-9083-43cf2e035c3f@group-BCADF287A12B: changes role from  FOLLOWER to FOLLOWER at term 332 for recognizeCandidate:9127dd83-037b-4d39-812f-66db56af525a
2019-10-30 05:53:45,187 [grpc-default-executor-1] INFO  impl.RoleInfo (RoleInfo.java:shutdownFollowerState(121)) - 7fae3aed-4e76-4283-a599-f93f794625ab: shutdown FollowerState
2019-10-30 05:53:45,187 [grpc-default-executor-3] INFO  impl.RoleInfo (RoleInfo.java:shutdownFollowerState(121)) - 58095e90-3010-492a-9083-43cf2e035c3f: shutdown FollowerState
2019-10-30 05:53:45,187 [Thread-2246] INFO  impl.FollowerState (FollowerState.java:run(117)) - 7fae3aed-4e76-4283-a599-f93f794625ab@group-BCADF287A12B-FollowerState was interrupted: java.lang.InterruptedException: sleep interrupted
2019-10-30 05:53:45,187 [grpc-default-executor-1] INFO  impl.RoleInfo (RoleInfo.java:updateAndGet(143)) - 7fae3aed-4e76-4283-a599-f93f794625ab: start FollowerState
2019-10-30 05:53:45,187 [Thread-2247] INFO  impl.FollowerState (FollowerState.java:run(117)) - 58095e90-3010-492a-9083-43cf2e035c3f@group-BCADF287A12B-FollowerState was interrupted: java.lang.InterruptedException: sleep interrupted
2019-10-30 05:53:45,187 [grpc-default-executor-3] INFO  impl.RoleInfo (RoleInfo.java:updateAndGet(143)) - 58095e90-3010-492a-9083-43cf2e035c3f: start FollowerState
2019-10-30 05:53:45,204 [9127dd83-037b-4d39-812f-66db56af525a@group-BCADF287A12B-LeaderElection304] INFO  impl.LeaderElection (LeaderElection.java:logAndReturn(56)) - 9127dd83-037b-4d39-812f-66db56af525a@group-BCADF287A12B-LeaderElection304: Election REJECTED; received 2 response(s) [9127dd83-037b-4d39-812f-66db56af525a<-7fae3aed-4e76-4283-a599-f93f794625ab#0:FAIL-t332, 9127dd83-037b-4d39-812f-66db56af525a<-58095e90-3010-492a-9083-43cf2e035c3f#0:FAIL-t332] and 0 exception(s); 9127dd83-037b-4d39-812f-66db56af525a@group-BCADF287A12B:t332, leader=null, voted=9127dd83-037b-4d39-812f-66db56af525a, raftlog=9127dd83-037b-4d39-812f-66db56af525a@group-BCADF287A12B-SegmentedRaftLog:OPENED:c-1,f-1,i0, conf=-1: [7fae3aed-4e76-4283-a599-f93f794625ab:192.168.34.21:41352, 58095e90-3010-492a-9083-43cf2e035c3f:192.168.34.21:45284, 9127dd83-037b-4d39-812f-66db56af525a:192.168.34.21:42063], old=null
2019-10-30 05:53:45,204 [9127dd83-037b-4d39-812f-66db56af525a@group-BCADF287A12B-LeaderElection304] INFO  impl.RaftServerImpl (RaftServerImpl.java:setRole(184)) - 9127dd83-037b-4d39-812f-66db56af525a@group-BCADF287A12B: changes role from CANDIDATE to FOLLOWER at term 332 for DISCOVERED_A_NEW_TERM
2019-10-30 05:53:45,204 [9127dd83-037b-4d39-812f-66db56af525a@group-BCADF287A12B-LeaderElection304] INFO  impl.RoleInfo (RoleInfo.java:shutdownLeaderElection(134)) - 9127dd83-037b-4d39-812f-66db56af525a: shutdown LeaderElection
2019-10-30 05:53:45,204 [9127dd83-037b-4d39-812f-66db56af525a@group-BCADF287A12B-LeaderElection304] INFO  impl.RoleInfo (RoleInfo.java:updateAndGet(143)) - 9127dd83-037b-4d39-812f-66db56af525a: start FollowerState
2019-10-30 05:53:45,246 [Thread-2254] INFO  impl.FollowerState (FollowerState.java:run(108)) - 9127dd83-037b-4d39-812f-66db56af525a@group-BCADF287A12B-FollowerState: change to CANDIDATE, lastRpcTime:41ms, electionTimeout:41ms
2019-10-30 05:53:45,246 [Thread-2254] INFO  impl.RoleInfo (RoleInfo.java:shutdownFollowerState(121)) - 9127dd83-037b-4d39-812f-66db56af525a: shutdown FollowerState
2019-10-30 05:53:45,246 [Thread-2254] INFO  impl.RaftServerImpl (RaftServerImpl.java:setRole(184)) - 9127dd83-037b-4d39-812f-66db56af525a@group-BCADF287A12B: changes role from  FOLLOWER to CANDIDATE at term 332 for changeToCandidate
2019-10-30 05:53:45,246 [Thread-2254] INFO  impl.RoleInfo (RoleInfo.java:updateAndGet(143)) - 9127dd83-037b-4d39-812f-66db56af525a: start LeaderElection
2019-10-30 05:53:45,260 [9127dd83-037b-4d39-812f-66db56af525a@group-BCADF287A12B-LeaderElection305] INFO  impl.LeaderElection (LeaderElection.java:askForVotes(178)) - 9127dd83-037b-4d39-812f-66db56af525a@group-BCADF287A12B-LeaderElection305: begin an election at term 333 for -1: [7fae3aed-4e76-4283-a599-f93f794625ab:192.168.34.21:41352, 58095e90-3010-492a-9083-43cf2e035c3f:192.168.34.21:45284, 9127dd83-037b-4d39-812f-66db56af525a:192.168.34.21:42063], old=null
2019-10-30 05:53:45,261 [grpc-default-executor-1] INFO  impl.RaftServerImpl (RaftServerImpl.java:setRole(184)) - 7fae3aed-4e76-4283-a599-f93f794625ab@group-BCADF287A12B: changes role from  FOLLOWER to FOLLOWER at term 333 for recognizeCandidate:9127dd83-037b-4d39-812f-66db56af525a
2019-10-30 05:53:45,261 [grpc-default-executor-3] INFO  impl.RaftServerImpl (RaftServerImpl.java:setRole(184)) - 58095e90-3010-492a-9083-43cf2e035c3f@group-BCADF287A12B: changes role from  FOLLOWER to FOLLOWER at term 333 for recognizeCandidate:9127dd83-037b-4d39-812f-66db56af525a
2019-10-30 05:53:45,261 [grpc-default-executor-1] INFO  impl.RoleInfo (RoleInfo.java:shutdownFollowerState(121)) - 7fae3aed-4e76-4283-a599-f93f794625ab: shutdown FollowerState
2019-10-30 05:53:45,262 [grpc-default-executor-3] INFO  impl.RoleInfo (RoleInfo.java:shutdownFollowerState(121)) - 58095e90-3010-492a-9083-43cf2e035c3f: shutdown FollowerState
2019-10-30 05:53:45,262 [Thread-2252] INFO  impl.FollowerState (FollowerState.java:run(117)) - 7fae3aed-4e76-4283-a599-f93f794625ab@group-BCADF287A12B-FollowerState was interrupted: java.lang.InterruptedException: sleep interrupted
2019-10-30 05:53:45,262 [grpc-default-executor-1] INFO  impl.RoleInfo (RoleInfo.java:updateAndGet(143)) - 7fae3aed-4e76-4283-a599-f93f794625ab: start FollowerState
2019-10-30 05:53:45,262 [Thread-2253] INFO  impl.FollowerState (FollowerState.java:run(117)) - 58095e90-3010-492a-9083-43cf2e035c3f@group-BCADF287A12B-FollowerState was interrupted: java.lang.InterruptedException: sleep interrupted
2019-10-30 05:53:45,262 [grpc-default-executor-3] INFO  impl.RoleInfo (RoleInfo.java:updateAndGet(143)) - 58095e90-3010-492a-9083-43cf2e035c3f: start FollowerState
2019-10-30 05:53:45,271 [9127dd83-037b-4d39-812f-66db56af525a@group-BCADF287A12B-LeaderElection305] INFO  impl.LeaderElection (LeaderElection.java:logAndReturn(56)) - 9127dd83-037b-4d39-812f-66db56af525a@group-BCADF287A12B-LeaderElection305: Election TIMEOUT; received 0 response(s) [] and 0 exception(s); 9127dd83-037b-4d39-812f-66db56af525a@group-BCADF287A12B:t333, leader=null, voted=9127dd83-037b-4d39-812f-66db56af525a, raftlog=9127dd83-037b-4d39-812f-66db56af525a@group-BCADF287A12B-SegmentedRaftLog:OPENED:c-1,f-1,i0, conf=-1: [7fae3aed-4e76-4283-a599-f93f794625ab:192.168.34.21:41352, 58095e90-3010-492a-9083-43cf2e035c3f:192.168.34.21:45284, 9127dd83-037b-4d39-812f-66db56af525a:192.168.34.21:42063], old=null
2019-10-30 05:53:45,277 [9127dd83-037b-4d39-812f-66db56af525a@group-BCADF287A12B-LeaderElection305] INFO  impl.LeaderElection (LeaderElection.java:askForVotes(178)) - 9127dd83-037b-4d39-812f-66db56af525a@group-BCADF287A12B-LeaderElection305: begin an election at term 334 for -1: [7fae3aed-4e76-4283-a599-f93f794625ab:192.168.34.21:41352, 58095e90-3010-492a-9083-43cf2e035c3f:192.168.34.21:45284, 9127dd83-037b-4d39-812f-66db56af525a:192.168.34.21:42063], old=null
2019-10-30 05:53:45,279 [grpc-default-executor-3] INFO  impl.RaftServerImpl (RaftServerImpl.java:setRole(184)) - 7fae3aed-4e76-4283-a599-f93f794625ab@group-BCADF287A12B: changes role from  FOLLOWER to FOLLOWER at term 334 for recognizeCandidate:9127dd83-037b-4d39-812f-66db56af525a
2019-10-30 05:53:45,279 [grpc-default-executor-3] INFO  impl.RoleInfo (RoleInfo.java:shutdownFollowerState(121)) - 7fae3aed-4e76-4283-a599-f93f794625ab: shutdown FollowerState
2019-10-30 05:53:45,279 [grpc-default-executor-3] INFO  impl.RoleInfo (RoleInfo.java:updateAndGet(143)) - 7fae3aed-4e76-4283-a599-f93f794625ab: start FollowerState
2019-10-30 05:53:45,279 [Thread-2258] INFO  impl.FollowerState (FollowerState.java:run(117)) - 7fae3aed-4e76-4283-a599-f93f794625ab@group-BCADF287A12B-FollowerState was interrupted: java.lang.InterruptedException: sleep interrupted
2019-10-30 05:53:45,279 [grpc-default-executor-1] INFO  impl.RaftServerImpl (RaftServerImpl.java:setRole(184)) - 58095e90-3010-492a-9083-43cf2e035c3f@group-BCADF287A12B: changes role from  FOLLOWER to FOLLOWER at term 334 for recognizeCandidate:9127dd83-037b-4d39-812f-66db56af525a
2019-10-30 05:53:45,279 [grpc-default-executor-1] INFO  impl.RoleInfo (RoleInfo.java:shutdownFollowerState(121)) - 58095e90-3010-492a-9083-43cf2e035c3f: shutdown FollowerState
2019-10-30 05:53:45,279 [grpc-default-executor-1] INFO  impl.RoleInfo (RoleInfo.java:updateAndGet(143)) - 58095e90-3010-492a-9083-43cf2e035c3f: start FollowerState
2019-10-30 05:53:45,279 [Thread-2259] INFO  impl.FollowerState (FollowerState.java:run(117)) - 58095e90-3010-492a-9083-43cf2e035c3f@group-BCADF287A12B-FollowerState was interrupted: java.lang.InterruptedException: sleep interrupted
2019-10-30 05:53:45,293 [9127dd83-037b-4d39-812f-66db56af525a@group-BCADF287A12B-LeaderElection305] INFO  impl.LeaderElection (LeaderElection.java:logAndReturn(56)) - 9127dd83-037b-4d39-812f-66db56af525a@group-BCADF287A12B-LeaderElection305: Election REJECTED; received 2 response(s) [9127dd83-037b-4d39-812f-66db56af525a<-7fae3aed-4e76-4283-a599-f93f794625ab#0:FAIL-t334, 9127dd83-037b-4d39-812f-66db56af525a<-58095e90-3010-492a-9083-43cf2e035c3f#0:FAIL-t334] and 0 exception(s); 9127dd83-037b-4d39-812f-66db56af525a@group-BCADF287A12B:t334, leader=null, voted=9127dd83-037b-4d39-812f-66db56af525a, raftlog=9127dd83-037b-4d39-812f-66db56af525a@group-BCADF287A12B-SegmentedRaftLog:OPENED:c-1,f-1,i0, conf=-1: [7fae3aed-4e76-4283-a599-f93f794625ab:192.168.34.21:41352, 58095e90-3010-492a-9083-43cf2e035c3f:192.168.34.21:45284, 9127dd83-037b-4d39-812f-66db56af525a:192.168.34.21:42063], old=null
2019-10-30 05:53:45,293 [9127dd83-037b-4d39-812f-66db56af525a@group-BCADF287A12B-LeaderElection305] INFO  impl.RaftServerImpl (RaftServerImpl.java:setRole(184)) - 9127dd83-037b-4d39-812f-66db56af525a@group-BCADF287A12B: changes role from CANDIDATE to FOLLOWER at term 334 for DISCOVERED_A_NEW_TERM
2019-10-30 05:53:45,293 [9127dd83-037b-4d39-812f-66db56af525a@group-BCADF287A12B-LeaderElection305] INFO  impl.RoleInfo (RoleInfo.java:shutdownLeaderElection(134)) - 9127dd83-037b-4d39-812f-66db56af525a: shutdown LeaderElection
2019-10-30 05:53:45,293 [9127dd83-037b-4d39-812f-66db56af525a@group-BCADF287A12B-LeaderElection305] INFO  impl.RoleInfo (RoleInfo.java:updateAndGet(143)) - 9127dd83-037b-4d39-812f-66db56af525a: start FollowerState
2019-10-30 05:53:45,347 [Thread-2264] INFO  impl.FollowerState (FollowerState.java:run(108)) - 9127dd83-037b-4d39-812f-66db56af525a@group-BCADF287A12B-FollowerState: change to CANDIDATE, lastRpcTime:53ms, electionTimeout:53ms
2019-10-30 05:53:45,347 [Thread-2264] INFO  impl.RoleInfo (RoleInfo.java:shutdownFollowerState(121)) - 9127dd83-037b-4d39-812f-66db56af525a: shutdown FollowerState
2019-10-30 05:53:45,347 [Thread-2264] INFO  impl.RaftServerImpl (RaftServerImpl.java:setRole(184)) - 9127dd83-037b-4d39-812f-66db56af525a@group-BCADF287A12B: changes role from  FOLLOWER to CANDIDATE at term 334 for changeToCandidate
2019-10-30 05:53:45,347 [Thread-2264] INFO  impl.RoleInfo (RoleInfo.java:updateAndGet(143)) - 9127dd83-037b-4d39-812f-66db56af525a: start LeaderElection
2019-10-30 05:53:45,362 [9127dd83-037b-4d39-812f-66db56af525a@group-BCADF287A12B-LeaderElection306] INFO  impl.LeaderElection (LeaderElection.java:askForVotes(178)) - 9127dd83-037b-4d39-812f-66db56af525a@group-BCADF287A12B-LeaderElection306: begin an election at term 335 for -1: [7fae3aed-4e76-4283-a599-f93f794625ab:192.168.34.21:41352, 58095e90-3010-492a-9083-43cf2e035c3f:192.168.34.21:45284, 9127dd83-037b-4d39-812f-66db56af525a:192.168.34.21:42063], old=null
2019-10-30 05:53:45,364 [grpc-default-executor-3] INFO  impl.RaftServerImpl (RaftServerImpl.java:setRole(184)) - 58095e90-3010-492a-9083-43cf2e035c3f@group-BCADF287A12B: changes role from  FOLLOWER to FOLLOWER at term 335 for recognizeCandidate:9127dd83-037b-4d39-812f-66db56af525a
2019-10-30 05:53:45,364 [grpc-default-executor-1] INFO  impl.RaftServerImpl (RaftServerImpl.java:setRole(184)) - 7fae3aed-4e76-4283-a599-f93f794625ab@group-BCADF287A12B: changes role from  FOLLOWER to FOLLOWER at term 335 for recognizeCandidate:9127dd83-037b-4d39-812f-66db56af525a
2019-10-30 05:53:45,364 [grpc-default-executor-3] INFO  impl.RoleInfo (RoleInfo.java:shutdownFollowerState(121)) - 58095e90-3010-492a-9083-43cf2e035c3f: shutdown FollowerState
2019-10-30 05:53:45,364 [grpc-default-executor-1] INFO  impl.RoleInfo (RoleInfo.java:shutdownFollowerState(121)) - 7fae3aed-4e76-4283-a599-f93f794625ab: shutdown FollowerState
2019-10-30 05:53:45,364 [Thread-2263] INFO  impl.FollowerState (FollowerState.java:run(117)) - 58095e90-3010-492a-9083-43cf2e035c3f@group-BCADF287A12B-FollowerState was interrupted: java.lang.InterruptedException: sleep interrupted
2019-10-30 05:53:45,364 [grpc-default-executor-3] INFO  impl.RoleInfo (RoleInfo.java:updateAndGet(143)) - 58095e90-3010-492a-9083-43cf2e035c3f: start FollowerState
2019-10-30 05:53:45,364 [Thread-2262] INFO  impl.FollowerState (FollowerState.java:run(117)) - 7fae3aed-4e76-4283-a599-f93f794625ab@group-BCADF287A12B-FollowerState was interrupted: java.lang.InterruptedException: sleep interrupted
2019-10-30 05:53:45,364 [grpc-default-executor-1] INFO  impl.RoleInfo (RoleInfo.java:updateAndGet(143)) - 7fae3aed-4e76-4283-a599-f93f794625ab: start FollowerState
2019-10-30 05:53:45,376 [9127dd83-037b-4d39-812f-66db56af525a@group-BCADF287A12B-LeaderElection306] INFO  impl.LeaderElection (LeaderElection.java:logAndReturn(56)) - 9127dd83-037b-4d39-812f-66db56af525a@group-BCADF287A12B-LeaderElection306: Election REJECTED; received 2 response(s) [9127dd83-037b-4d39-812f-66db56af525a<-7fae3aed-4e76-4283-a599-f93f794625ab#0:FAIL-t335, 9127dd83-037b-4d39-812f-66db56af525a<-58095e90-3010-492a-9083-43cf2e035c3f#0:FAIL-t335] and 0 exception(s); 9127dd83-037b-4d39-812f-66db56af525a@group-BCADF287A12B:t335, leader=null, voted=9127dd83-037b-4d39-812f-66db56af525a, raftlog=9127dd83-037b-4d39-812f-66db56af525a@group-BCADF287A12B-SegmentedRaftLog:OPENED:c-1,f-1,i0, conf=-1: [7fae3aed-4e76-4283-a599-f93f794625ab:192.168.34.21:41352, 58095e90-3010-492a-9083-43cf2e035c3f:192.168.34.21:45284, 9127dd83-037b-4d39-812f-66db56af525a:192.168.34.21:42063], old=null
2019-10-30 05:53:45,376 [9127dd83-037b-4d39-812f-66db56af525a@group-BCADF287A12B-LeaderElection306] INFO  impl.RaftServerImpl (RaftServerImpl.java:setRole(184)) - 9127dd83-037b-4d39-812f-66db56af525a@group-BCADF287A12B: changes role from CANDIDATE to FOLLOWER at term 335 for DISCOVERED_A_NEW_TERM
2019-10-30 05:53:45,376 [9127dd83-037b-4d39-812f-66db56af525a@group-BCADF287A12B-LeaderElection306] INFO  impl.RoleInfo (RoleInfo.java:shutdownLeaderElection(134)) - 9127dd83-037b-4d39-812f-66db56af525a: shutdown LeaderElection
2019-10-30 05:53:45,376 [9127dd83-037b-4d39-812f-66db56af525a@group-BCADF287A12B-LeaderElection306] INFO  impl.RoleInfo (RoleInfo.java:updateAndGet(143)) - 9127dd83-037b-4d39-812f-66db56af525a: start FollowerState
2019-10-30 05:53:45,489 [Thread-2270] INFO  impl.FollowerState (FollowerState.java:run(108)) - 9127dd83-037b-4d39-812f-66db56af525a@group-BCADF287A12B-FollowerState: change to CANDIDATE, lastRpcTime:112ms, electionTimeout:112ms
2019-10-30 05:53:45,489 [Thread-2270] INFO  impl.RoleInfo (RoleInfo.java:shutdownFollowerState(121)) - 9127dd83-037b-4d39-812f-66db56af525a: shutdown FollowerState
2019-10-30 05:53:45,489 [Thread-2270] INFO  impl.RaftServerImpl (RaftServerImpl.java:setRole(184)) - 9127dd83-037b-4d39-812f-66db56af525a@group-BCADF287A12B: changes role from  FOLLOWER to CANDIDATE at term 335 for changeToCandidate
2019-10-30 05:53:45,489 [Thread-2270] INFO  impl.RoleInfo (RoleInfo.java:updateAndGet(143)) - 9127dd83-037b-4d39-812f-66db56af525a: start LeaderElection
2019-10-30 05:53:45,503 [9127dd83-037b-4d39-812f-66db56af525a@group-BCADF287A12B-LeaderElection307] INFO  impl.LeaderElection (LeaderElection.java:askForVotes(178)) - 9127dd83-037b-4d39-812f-66db56af525a@group-BCADF287A12B-LeaderElection307: begin an election at term 336 for -1: [7fae3aed-4e76-4283-a599-f93f794625ab:192.168.34.21:41352, 58095e90-3010-492a-9083-43cf2e035c3f:192.168.34.21:45284, 9127dd83-037b-4d39-812f-66db56af525a:192.168.34.21:42063], old=null
2019-10-30 05:53:45,504 [grpc-default-executor-1] INFO  impl.RaftServerImpl (RaftServerImpl.java:setRole(184)) - 7fae3aed-4e76-4283-a599-f93f794625ab@group-BCADF287A12B: changes role from  FOLLOWER to FOLLOWER at term 336 for recognizeCandidate:9127dd83-037b-4d39-812f-66db56af525a
2019-10-30 05:53:45,504 [grpc-default-executor-3] INFO  impl.RaftServerImpl (RaftServerImpl.java:setRole(184)) - 58095e90-3010-492a-9083-43cf2e035c3f@group-BCADF287A12B: changes role from  FOLLOWER to FOLLOWER at term 336 for recognizeCandidate:9127dd83-037b-4d39-812f-66db56af525a
2019-10-30 05:53:45,505 [grpc-default-executor-1] INFO  impl.RoleInfo (RoleInfo.java:shutdownFollowerState(121)) - 7fae3aed-4e76-4283-a599-f93f794625ab: shutdown FollowerState
2019-10-30 05:53:45,505 [grpc-default-executor-3] INFO  impl.RoleInfo (RoleInfo.java:shutdownFollowerState(121)) - 58095e90-3010-492a-9083-43cf2e035c3f: shutdown FollowerState
2019-10-30 05:53:45,505 [Thread-2269] INFO  impl.FollowerState (FollowerState.java:run(117)) - 7fae3aed-4e76-4283-a599-f93f794625ab@group-BCADF287A12B-FollowerState was interrupted: java.lang.InterruptedException: sleep interrupted
2019-10-30 05:53:45,505 [grpc-default-executor-1] INFO  impl.RoleInfo (RoleInfo.java:updateAndGet(143)) - 7fae3aed-4e76-4283-a599-f93f794625ab: start FollowerState
2019-10-30 05:53:45,505 [Thread-2268] INFO  impl.FollowerState (FollowerState.java:run(117)) - 58095e90-3010-492a-9083-43cf2e035c3f@group-BCADF287A12B-FollowerState was interrupted: java.lang.InterruptedException: sleep interrupted
2019-10-30 05:53:45,505 [grpc-default-executor-3] INFO  impl.RoleInfo (RoleInfo.java:updateAndGet(143)) - 58095e90-3010-492a-9083-43cf2e035c3f: start FollowerState
2019-10-30 05:53:45,531 [9127dd83-037b-4d39-812f-66db56af525a@group-BCADF287A12B-LeaderElection307] INFO  impl.LeaderElection (LeaderElection.java:logAndReturn(56)) - 9127dd83-037b-4d39-812f-66db56af525a@group-BCADF287A12B-LeaderElection307: Election REJECTED; received 2 response(s) [9127dd83-037b-4d39-812f-66db56af525a<-7fae3aed-4e76-4283-a599-f93f794625ab#0:FAIL-t336, 9127dd83-037b-4d39-812f-66db56af525a<-58095e90-3010-492a-9083-43cf2e035c3f#0:FAIL-t336] and 0 exception(s); 9127dd83-037b-4d39-812f-66db56af525a@group-BCADF287A12B:t336, leader=null, voted=9127dd83-037b-4d39-812f-66db56af525a, raftlog=9127dd83-037b-4d39-812f-66db56af525a@group-BCADF287A12B-SegmentedRaftLog:OPENED:c-1,f-1,i0, conf=-1: [7fae3aed-4e76-4283-a599-f93f794625ab:192.168.34.21:41352, 58095e90-3010-492a-9083-43cf2e035c3f:192.168.34.21:45284, 9127dd83-037b-4d39-812f-66db56af525a:192.168.34.21:42063], old=null
2019-10-30 05:53:45,531 [9127dd83-037b-4d39-812f-66db56af525a@group-BCADF287A12B-LeaderElection307] INFO  impl.RaftServerImpl (RaftServerImpl.java:setRole(184)) - 9127dd83-037b-4d39-812f-66db56af525a@group-BCADF287A12B: changes role from CANDIDATE to FOLLOWER at term 336 for DISCOVERED_A_NEW_TERM
2019-10-30 05:53:45,531 [9127dd83-037b-4d39-812f-66db56af525a@group-BCADF287A12B-LeaderElection307] INFO  impl.RoleInfo (RoleInfo.java:shutdownLeaderElection(134)) - 9127dd83-037b-4d39-812f-66db56af525a: shutdown LeaderElection
2019-10-30 05:53:45,531 [9127dd83-037b-4d39-812f-66db56af525a@group-BCADF287A12B-LeaderElection307] INFO  impl.RoleInfo (RoleInfo.java:updateAndGet(143)) - 9127dd83-037b-4d39-812f-66db56af525a: start FollowerState
2019-10-30 05:53:45,680 [Thread-2278] INFO  impl.FollowerState (FollowerState.java:run(108)) - 9127dd83-037b-4d39-812f-66db56af525a@group-BCADF287A12B-FollowerState: change to CANDIDATE, lastRpcTime:149ms, electionTimeout:149ms
2019-10-30 05:53:45,681 [Thread-2278] INFO  impl.RoleInfo (RoleInfo.java:shutdownFollowerState(121)) - 9127dd83-037b-4d39-812f-66db56af525a: shutdown FollowerState
2019-10-30 05:53:45,681 [Thread-2278] INFO  impl.RaftServerImpl (RaftServerImpl.java:setRole(184)) - 9127dd83-037b-4d39-812f-66db56af525a@group-BCADF287A12B: changes role from  FOLLOWER to CANDIDATE at term 336 for changeToCandidate
2019-10-30 05:53:45,681 [Thread-2278] INFO  impl.RoleInfo (RoleInfo.java:updateAndGet(143)) - 9127dd83-037b-4d39-812f-66db56af525a: start LeaderElection
2019-10-30 05:53:45,700 [9127dd83-037b-4d39-812f-66db56af525a@group-BCADF287A12B-LeaderElection308] INFO  impl.LeaderElection (LeaderElection.java:askForVotes(178)) - 9127dd83-037b-4d39-812f-66db56af525a@group-BCADF287A12B-LeaderElection308: begin an election at term 337 for -1: [7fae3aed-4e76-4283-a599-f93f794625ab:192.168.34.21:41352, 58095e90-3010-492a-9083-43cf2e035c3f:192.168.34.21:45284, 9127dd83-037b-4d39-812f-66db56af525a:192.168.34.21:42063], old=null
2019-10-30 05:53:45,702 [grpc-default-executor-1] INFO  impl.RaftServerImpl (RaftServerImpl.java:setRole(184)) - 58095e90-3010-492a-9083-43cf2e035c3f@group-BCADF287A12B: changes role from  FOLLOWER to FOLLOWER at term 337 for recognizeCandidate:9127dd83-037b-4d39-812f-66db56af525a
2019-10-30 05:53:45,702 [grpc-default-executor-3] INFO  impl.RaftServerImpl (RaftServerImpl.java:setRole(184)) - 7fae3aed-4e76-4283-a599-f93f794625ab@group-BCADF287A12B: changes role from  FOLLOWER to FOLLOWER at term 337 for recognizeCandidate:9127dd83-037b-4d39-812f-66db56af525a
2019-10-30 05:53:45,702 [grpc-default-executor-1] INFO  impl.RoleInfo (RoleInfo.java:shutdownFollowerState(121)) - 58095e90-3010-492a-9083-43cf2e035c3f: shutdown FollowerState
2019-10-30 05:53:45,702 [grpc-default-executor-3] INFO  impl.RoleInfo (RoleInfo.java:shutdownFollowerState(121)) - 7fae3aed-4e76-4283-a599-f93f794625ab: shutdown FollowerState
2019-10-30 05:53:45,702 [Thread-2277] INFO  impl.FollowerState (FollowerState.java:run(117)) - 58095e90-3010-492a-9083-43cf2e035c3f@group-BCADF287A12B-FollowerState was interrupted: java.lang.InterruptedException: sleep interrupted
2019-10-30 05:53:45,702 [grpc-default-executor-1] INFO  impl.RoleInfo (RoleInfo.java:updateAndGet(143)) - 58095e90-3010-492a-9083-43cf2e035c3f: start FollowerState
2019-10-30 05:53:45,702 [Thread-2276] INFO  impl.FollowerState (FollowerState.java:run(117)) - 7fae3aed-4e76-4283-a599-f93f794625ab@group-BCADF287A12B-FollowerState was interrupted: java.lang.InterruptedException: sleep interrupted
2019-10-30 05:53:45,702 [grpc-default-executor-3] INFO  impl.RoleInfo (RoleInfo.java:updateAndGet(143)) - 7fae3aed-4e76-4283-a599-f93f794625ab: start FollowerState
2019-10-30 05:53:45,713 [9127dd83-037b-4d39-812f-66db56af525a@group-BCADF287A12B-LeaderElection308] INFO  impl.LeaderElection (LeaderElection.java:logAndReturn(56)) - 9127dd83-037b-4d39-812f-66db56af525a@group-BCADF287A12B-LeaderElection308: Election REJECTED; received 2 response(s) [9127dd83-037b-4d39-812f-66db56af525a<-7fae3aed-4e76-4283-a599-f93f794625ab#0:FAIL-t337, 9127dd83-037b-4d39-812f-66db56af525a<-58095e90-3010-492a-9083-43cf2e035c3f#0:FAIL-t337] and 0 exception(s); 9127dd83-037b-4d39-812f-66db56af525a@group-BCADF287A12B:t337, leader=null, voted=9127dd83-037b-4d39-812f-66db56af525a, raftlog=9127dd83-037b-4d39-812f-66db56af525a@group-BCADF287A12B-SegmentedRaftLog:OPENED:c-1,f-1,i0, conf=-1: [7fae3aed-4e76-4283-a599-f93f794625ab:192.168.34.21:41352, 58095e90-3010-492a-9083-43cf2e035c3f:192.168.34.21:45284, 9127dd83-037b-4d39-812f-66db56af525a:192.168.34.21:42063], old=null
2019-10-30 05:53:45,714 [9127dd83-037b-4d39-812f-66db56af525a@group-BCADF287A12B-LeaderElection308] INFO  impl.RaftServerImpl (RaftServerImpl.java:setRole(184)) - 9127dd83-037b-4d39-812f-66db56af525a@group-BCADF287A12B: changes role from CANDIDATE to FOLLOWER at term 337 for DISCOVERED_A_NEW_TERM
2019-10-30 05:53:45,714 [9127dd83-037b-4d39-812f-66db56af525a@group-BCADF287A12B-LeaderElection308] INFO  impl.RoleInfo (RoleInfo.java:shutdownLeaderElection(134)) - 9127dd83-037b-4d39-812f-66db56af525a: shutdown LeaderElection
2019-10-30 05:53:45,714 [9127dd83-037b-4d39-812f-66db56af525a@group-BCADF287A12B-LeaderElection308] INFO  impl.RoleInfo (RoleInfo.java:updateAndGet(143)) - 9127dd83-037b-4d39-812f-66db56af525a: start FollowerState
2019-10-30 05:53:45,745 [Thread-2284] INFO  impl.FollowerState (FollowerState.java:run(108)) - 9127dd83-037b-4d39-812f-66db56af525a@group-BCADF287A12B-FollowerState: change to CANDIDATE, lastRpcTime:31ms, electionTimeout:31ms
2019-10-30 05:53:45,745 [Thread-2284] INFO  impl.RoleInfo (RoleInfo.java:shutdownFollowerState(121)) - 9127dd83-037b-4d39-812f-66db56af525a: shutdown FollowerState
2019-10-30 05:53:45,746 [Thread-2284] INFO  impl.RaftServerImpl (RaftServerImpl.java:setRole(184)) - 9127dd83-037b-4d39-812f-66db56af525a@group-BCADF287A12B: changes role from  FOLLOWER to CANDIDATE at term 337 for changeToCandidate
2019-10-30 05:53:45,746 [Thread-2284] INFO  impl.RoleInfo (RoleInfo.java:updateAndGet(143)) - 9127dd83-037b-4d39-812f-66db56af525a: start LeaderElection
2019-10-30 05:53:45,771 [9127dd83-037b-4d39-812f-66db56af525a@group-BCADF287A12B-LeaderElection309] INFO  impl.LeaderElection (LeaderElection.java:askForVotes(178)) - 9127dd83-037b-4d39-812f-66db56af525a@group-BCADF287A12B-LeaderElection309: begin an election at term 338 for -1: [7fae3aed-4e76-4283-a599-f93f794625ab:192.168.34.21:41352, 58095e90-3010-492a-9083-43cf2e035c3f:192.168.34.21:45284, 9127dd83-037b-4d39-812f-66db56af525a:192.168.34.21:42063], old=null
2019-10-30 05:53:45,772 [grpc-default-executor-1] INFO  impl.RaftServerImpl (RaftServerImpl.java:setRole(184)) - 58095e90-3010-492a-9083-43cf2e035c3f@group-BCADF287A12B: changes role from  FOLLOWER to FOLLOWER at term 338 for recognizeCandidate:9127dd83-037b-4d39-812f-66db56af525a
2019-10-30 05:53:45,772 [grpc-default-executor-3] INFO  impl.RaftServerImpl (RaftServerImpl.java:setRole(184)) - 7fae3aed-4e76-4283-a599-f93f794625ab@group-BCADF287A12B: changes role from  FOLLOWER to FOLLOWER at term 338 for recognizeCandidate:9127dd83-037b-4d39-812f-66db56af525a
2019-10-30 05:53:45,773 [grpc-default-executor-1] INFO  impl.RoleInfo (RoleInfo.java:shutdownFollowerState(121)) - 58095e90-3010-492a-9083-43cf2e035c3f: shutdown FollowerState
2019-10-30 05:53:45,773 [grpc-default-executor-3] INFO  impl.RoleInfo (RoleInfo.java:shutdownFollowerState(121)) - 7fae3aed-4e76-4283-a599-f93f794625ab: shutdown FollowerState
2019-10-30 05:53:45,773 [Thread-2282] INFO  impl.FollowerState (FollowerState.java:run(117)) - 58095e90-3010-492a-9083-43cf2e035c3f@group-BCADF287A12B-FollowerState was interrupted: java.lang.InterruptedException: sleep interrupted
2019-10-30 05:53:45,773 [grpc-default-executor-1] INFO  impl.RoleInfo (RoleInfo.java:updateAndGet(143)) - 58095e90-3010-492a-9083-43cf2e035c3f: start FollowerState
2019-10-30 05:53:45,773 [Thread-2283] INFO  impl.FollowerState (FollowerState.java:run(117)) - 7fae3aed-4e76-4283-a599-f93f794625ab@group-BCADF287A12B-FollowerState was interrupted: java.lang.InterruptedException: sleep interrupted
2019-10-30 05:53:45,773 [grpc-default-executor-3] INFO  impl.RoleInfo (RoleInfo.java:updateAndGet(143)) - 7fae3aed-4e76-4283-a599-f93f794625ab: start FollowerState
2019-10-30 05:53:45,776 [9127dd83-037b-4d39-812f-66db56af525a@group-BCADF287A12B-LeaderElection309] INFO  impl.LeaderElection (LeaderElection.java:logAndReturn(56)) - 9127dd83-037b-4d39-812f-66db56af525a@group-BCADF287A12B-LeaderElection309: Election REJECTED; received 2 response(s) [9127dd83-037b-4d39-812f-66db56af525a<-7fae3aed-4e76-4283-a599-f93f794625ab#0:FAIL-t338, 9127dd83-037b-4d39-812f-66db56af525a<-58095e90-3010-492a-9083-43cf2e035c3f#0:FAIL-t338] and 0 exception(s); 9127dd83-037b-4d39-812f-66db56af525a@group-BCADF287A12B:t338, leader=null, voted=9127dd83-037b-4d39-812f-66db56af525a, raftlog=9127dd83-037b-4d39-812f-66db56af525a@group-BCADF287A12B-SegmentedRaftLog:OPENED:c-1,f-1,i0, conf=-1: [7fae3aed-4e76-4283-a599-f93f794625ab:192.168.34.21:41352, 58095e90-3010-492a-9083-43cf2e035c3f:192.168.34.21:45284, 9127dd83-037b-4d39-812f-66db56af525a:192.168.34.21:42063], old=null
2019-10-30 05:53:45,776 [9127dd83-037b-4d39-812f-66db56af525a@group-BCADF287A12B-LeaderElection309] INFO  impl.RaftServerImpl (RaftServerImpl.java:setRole(184)) - 9127dd83-037b-4d39-812f-66db56af525a@group-BCADF287A12B: changes role from CANDIDATE to FOLLOWER at term 338 for DISCOVERED_A_NEW_TERM
2019-10-30 05:53:45,776 [9127dd83-037b-4d39-812f-66db56af525a@group-BCADF287A12B-LeaderElection309] INFO  impl.RoleInfo (RoleInfo.java:shutdownLeaderElection(134)) - 9127dd83-037b-4d39-812f-66db56af525a: shutdown LeaderElection
2019-10-30 05:53:45,777 [9127dd83-037b-4d39-812f-66db56af525a@group-BCADF287A12B-LeaderElection309] INFO  impl.RoleInfo (RoleInfo.java:updateAndGet(143)) - 9127dd83-037b-4d39-812f-66db56af525a: start FollowerState
2019-10-30 05:53:45,832 [Thread-2290] INFO  impl.FollowerState (FollowerState.java:run(108)) - 9127dd83-037b-4d39-812f-66db56af525a@group-BCADF287A12B-FollowerState: change to CANDIDATE, lastRpcTime:55ms, electionTimeout:55ms
2019-10-30 05:53:45,832 [Thread-2290] INFO  impl.RoleInfo (RoleInfo.java:shutdownFollowerState(121)) - 9127dd83-037b-4d39-812f-66db56af525a: shutdown FollowerState
2019-10-30 05:53:45,832 [Thread-2290] INFO  impl.RaftServerImpl (RaftServerImpl.java:setRole(184)) - 9127dd83-037b-4d39-812f-66db56af525a@group-BCADF287A12B: changes role from  FOLLOWER to CANDIDATE at term 338 for changeToCandidate
2019-10-30 05:53:45,833 [Thread-2290] INFO  impl.RoleInfo (RoleInfo.java:updateAndGet(143)) - 9127dd83-037b-4d39-812f-66db56af525a: start LeaderElection
2019-10-30 05:53:45,838 [9127dd83-037b-4d39-812f-66db56af525a@group-BCADF287A12B-LeaderElection310] INFO  impl.LeaderElection (LeaderElection.java:askForVotes(178)) - 9127dd83-037b-4d39-812f-66db56af525a@group-BCADF287A12B-LeaderElection310: begin an election at term 339 for -1: [7fae3aed-4e76-4283-a599-f93f794625ab:192.168.34.21:41352, 58095e90-3010-492a-9083-43cf2e035c3f:192.168.34.21:45284, 9127dd83-037b-4d39-812f-66db56af525a:192.168.34.21:42063], old=null
2019-10-30 05:53:45,839 [grpc-default-executor-3] INFO  impl.RaftServerImpl (RaftServerImpl.java:setRole(184)) - 7fae3aed-4e76-4283-a599-f93f794625ab@group-BCADF287A12B: changes role from  FOLLOWER to FOLLOWER at term 339 for recognizeCandidate:9127dd83-037b-4d39-812f-66db56af525a
2019-10-30 05:53:45,840 [grpc-default-executor-1] INFO  impl.RaftServerImpl (RaftServerImpl.java:setRole(184)) - 58095e90-3010-492a-9083-43cf2e035c3f@group-BCADF287A12B: changes role from  FOLLOWER to FOLLOWER at term 339 for recognizeCandidate:9127dd83-037b-4d39-812f-66db56af525a
2019-10-30 05:53:45,840 [grpc-default-executor-3] INFO  impl.RoleInfo (RoleInfo.java:shutdownFollowerState(121)) - 7fae3aed-4e76-4283-a599-f93f794625ab: shutdown FollowerState
2019-10-30 05:53:45,840 [grpc-default-executor-1] INFO  impl.RoleInfo (RoleInfo.java:shutdownFollowerState(121)) - 58095e90-3010-492a-9083-43cf2e035c3f: shutdown FollowerState
2019-10-30 05:53:45,840 [grpc-default-executor-3] INFO  impl.RoleInfo (RoleInfo.java:updateAndGet(143)) - 7fae3aed-4e76-4283-a599-f93f794625ab: start FollowerState
2019-10-30 05:53:45,840 [Thread-2288] INFO  impl.FollowerState (FollowerState.java:run(117)) - 58095e90-3010-492a-9083-43cf2e035c3f@group-BCADF287A12B-FollowerState was interrupted: java.lang.InterruptedException: sleep interrupted
2019-10-30 05:53:45,840 [Thread-2289] INFO  impl.FollowerState (FollowerState.java:run(117)) - 7fae3aed-4e76-4283-a599-f93f794625ab@group-BCADF287A12B-FollowerState was interrupted: java.lang.InterruptedException: sleep interrupted
2019-10-30 05:53:45,840 [grpc-default-executor-1] INFO  impl.RoleInfo (RoleInfo.java:updateAndGet(143)) - 58095e90-3010-492a-9083-43cf2e035c3f: start FollowerState
2019-10-30 05:53:45,858 [9127dd83-037b-4d39-812f-66db56af525a@group-BCADF287A12B-LeaderElection310] INFO  impl.LeaderElection (LeaderElection.java:logAndReturn(56)) - 9127dd83-037b-4d39-812f-66db56af525a@group-BCADF287A12B-LeaderElection310: Election TIMEOUT; received 0 response(s) [] and 0 exception(s); 9127dd83-037b-4d39-812f-66db56af525a@group-BCADF287A12B:t339, leader=null, voted=9127dd83-037b-4d39-812f-66db56af525a, raftlog=9127dd83-037b-4d39-812f-66db56af525a@group-BCADF287A12B-SegmentedRaftLog:OPENED:c-1,f-1,i0, conf=-1: [7fae3aed-4e76-4283-a599-f93f794625ab:192.168.34.21:41352, 58095e90-3010-492a-9083-43cf2e035c3f:192.168.34.21:45284, 9127dd83-037b-4d39-812f-66db56af525a:192.168.34.21:42063], old=null
2019-10-30 05:53:45,877 [9127dd83-037b-4d39-812f-66db56af525a@group-BCADF287A12B-LeaderElection310] INFO  impl.LeaderElection (LeaderElection.java:askForVotes(178)) - 9127dd83-037b-4d39-812f-66db56af525a@group-BCADF287A12B-LeaderElection310: begin an election at term 340 for -1: [7fae3aed-4e76-4283-a599-f93f794625ab:192.168.34.21:41352, 58095e90-3010-492a-9083-43cf2e035c3f:192.168.34.21:45284, 9127dd83-037b-4d39-812f-66db56af525a:192.168.34.21:42063], old=null
2019-10-30 05:53:45,879 [grpc-default-executor-3] INFO  impl.RaftServerImpl (RaftServerImpl.java:setRole(184)) - 7fae3aed-4e76-4283-a599-f93f794625ab@group-BCADF287A12B: changes role from  FOLLOWER to FOLLOWER at term 340 for recognizeCandidate:9127dd83-037b-4d39-812f-66db56af525a
2019-10-30 05:53:45,879 [grpc-default-executor-3] INFO  impl.RoleInfo (RoleInfo.java:shutdownFollowerState(121)) - 7fae3aed-4e76-4283-a599-f93f794625ab: shutdown FollowerState
2019-10-30 05:53:45,879 [grpc-default-executor-3] INFO  impl.RoleInfo (RoleInfo.java:updateAndGet(143)) - 7fae3aed-4e76-4283-a599-f93f794625ab: start FollowerState
2019-10-30 05:53:45,879 [Thread-2294] INFO  impl.FollowerState (FollowerState.java:run(117)) - 7fae3aed-4e76-4283-a599-f93f794625ab@group-BCADF287A12B-FollowerState was interrupted: java.lang.InterruptedException: sleep interrupted
2019-10-30 05:53:45,879 [grpc-default-executor-1] INFO  impl.RaftServerImpl (RaftServerImpl.java:setRole(184)) - 58095e90-3010-492a-9083-43cf2e035c3f@group-BCADF287A12B: changes role from  FOLLOWER to FOLLOWER at term 340 for recognizeCandidate:9127dd83-037b-4d39-812f-66db56af525a
2019-10-30 05:53:45,879 [grpc-default-executor-1] INFO  impl.RoleInfo (RoleInfo.java:shutdownFollowerState(121)) - 58095e90-3010-492a-9083-43cf2e035c3f: shutdown FollowerState
2019-10-30 05:53:45,879 [grpc-default-executor-1] INFO  impl.RoleInfo (RoleInfo.java:updateAndGet(143)) - 58095e90-3010-492a-9083-43cf2e035c3f: start FollowerState
2019-10-30 05:53:45,879 [Thread-2295] INFO  impl.FollowerState (FollowerState.java:run(117)) - 58095e90-3010-492a-9083-43cf2e035c3f@group-BCADF287A12B-FollowerState was interrupted: java.lang.InterruptedException: sleep interrupted
2019-10-30 05:53:45,887 [9127dd83-037b-4d39-812f-66db56af525a@group-BCADF287A12B-LeaderElection310] INFO  impl.LeaderElection (LeaderElection.java:logAndReturn(56)) - 9127dd83-037b-4d39-812f-66db56af525a@group-BCADF287A12B-LeaderElection310: Election TIMEOUT; received 0 response(s) [] and 0 exception(s); 9127dd83-037b-4d39-812f-66db56af525a@group-BCADF287A12B:t340, leader=null, voted=9127dd83-037b-4d39-812f-66db56af525a, raftlog=9127dd83-037b-4d39-812f-66db56af525a@group-BCADF287A12B-SegmentedRaftLog:OPENED:c-1,f-1,i0, conf=-1: [7fae3aed-4e76-4283-a599-f93f794625ab:192.168.34.21:41352, 58095e90-3010-492a-9083-43cf2e035c3f:192.168.34.21:45284, 9127dd83-037b-4d39-812f-66db56af525a:192.168.34.21:42063], old=null
2019-10-30 05:53:45,890 [9127dd83-037b-4d39-812f-66db56af525a@group-BCADF287A12B-LeaderElection310] INFO  impl.LeaderElection (LeaderElection.java:askForVotes(178)) - 9127dd83-037b-4d39-812f-66db56af525a@group-BCADF287A12B-LeaderElection310: begin an election at term 341 for -1: [7fae3aed-4e76-4283-a599-f93f794625ab:192.168.34.21:41352, 58095e90-3010-492a-9083-43cf2e035c3f:192.168.34.21:45284, 9127dd83-037b-4d39-812f-66db56af525a:192.168.34.21:42063], old=null
2019-10-30 05:53:45,892 [grpc-default-executor-2] INFO  impl.RaftServerImpl (RaftServerImpl.java:setRole(184)) - 58095e90-3010-492a-9083-43cf2e035c3f@group-BCADF287A12B: changes role from  FOLLOWER to FOLLOWER at term 341 for recognizeCandidate:9127dd83-037b-4d39-812f-66db56af525a
2019-10-30 05:53:45,892 [grpc-default-executor-2] INFO  impl.RoleInfo (RoleInfo.java:shutdownFollowerState(121)) - 58095e90-3010-492a-9083-43cf2e035c3f: shutdown FollowerState
2019-10-30 05:53:45,892 [grpc-default-executor-2] INFO  impl.RoleInfo (RoleInfo.java:updateAndGet(143)) - 58095e90-3010-492a-9083-43cf2e035c3f: start FollowerState
2019-10-30 05:53:45,892 [Thread-2299] INFO  impl.FollowerState (FollowerState.java:run(117)) - 58095e90-3010-492a-9083-43cf2e035c3f@group-BCADF287A12B-FollowerState was interrupted: java.lang.InterruptedException: sleep interrupted
2019-10-30 05:53:45,892 [9127dd83-037b-4d39-812f-66db56af525a@group-BCADF287A12B-LeaderElection310] INFO  impl.LeaderElection (LeaderElection.java:logAndReturn(56)) - 9127dd83-037b-4d39-812f-66db56af525a@group-BCADF287A12B-LeaderElection310: Election TIMEOUT; received 0 response(s) [] and 0 exception(s); 9127dd83-037b-4d39-812f-66db56af525a@group-BCADF287A12B:t341, leader=null, voted=9127dd83-037b-4d39-812f-66db56af525a, raftlog=9127dd83-037b-4d39-812f-66db56af525a@group-BCADF287A12B-SegmentedRaftLog:OPENED:c-1,f-1,i0, conf=-1: [7fae3aed-4e76-4283-a599-f93f794625ab:192.168.34.21:41352, 58095e90-3010-492a-9083-43cf2e035c3f:192.168.34.21:45284, 9127dd83-037b-4d39-812f-66db56af525a:192.168.34.21:42063], old=null
2019-10-30 05:53:45,892 [grpc-default-executor-1] INFO  impl.RaftServerImpl (RaftServerImpl.java:setRole(184)) - 7fae3aed-4e76-4283-a599-f93f794625ab@group-BCADF287A12B: changes role from  FOLLOWER to FOLLOWER at term 341 for recognizeCandidate:9127dd83-037b-4d39-812f-66db56af525a
2019-10-30 05:53:45,892 [grpc-default-executor-1] INFO  impl.RoleInfo (RoleInfo.java:shutdownFollowerState(121)) - 7fae3aed-4e76-4283-a599-f93f794625ab: shutdown FollowerState
2019-10-30 05:53:45,893 [grpc-default-executor-1] INFO  impl.RoleInfo (RoleInfo.java:updateAndGet(143)) - 7fae3aed-4e76-4283-a599-f93f794625ab: start FollowerState
2019-10-30 05:53:45,893 [Thread-2298] INFO  impl.FollowerState (FollowerState.java:run(117)) - 7fae3aed-4e76-4283-a599-f93f794625ab@group-BCADF287A12B-FollowerState was interrupted: java.lang.InterruptedException: sleep interrupted
2019-10-30 05:53:45,912 [9127dd83-037b-4d39-812f-66db56af525a@group-BCADF287A12B-LeaderElection310] INFO  impl.LeaderElection (LeaderElection.java:askForVotes(178)) - 9127dd83-037b-4d39-812f-66db56af525a@group-BCADF287A12B-LeaderElection310: begin an election at term 342 for -1: [7fae3aed-4e76-4283-a599-f93f794625ab:192.168.34.21:41352, 58095e90-3010-492a-9083-43cf2e035c3f:192.168.34.21:45284, 9127dd83-037b-4d39-812f-66db56af525a:192.168.34.21:42063], old=null
2019-10-30 05:53:45,914 [grpc-default-executor-2] INFO  impl.RaftServerImpl (RaftServerImpl.java:setRole(184)) - 7fae3aed-4e76-4283-a599-f93f794625ab@group-BCADF287A12B: changes role from  FOLLOWER to FOLLOWER at term 342 for recognizeCandidate:9127dd83-037b-4d39-812f-66db56af525a
2019-10-30 05:53:45,914 [grpc-default-executor-1] INFO  impl.RaftServerImpl (RaftServerImpl.java:setRole(184)) - 58095e90-3010-492a-9083-43cf2e035c3f@group-BCADF287A12B: changes role from  FOLLOWER to FOLLOWER at term 342 for recognizeCandidate:9127dd83-037b-4d39-812f-66db56af525a
2019-10-30 05:53:45,915 [grpc-default-executor-2] INFO  impl.RoleInfo (RoleInfo.java:shutdownFollowerState(121)) - 7fae3aed-4e76-4283-a599-f93f794625ab: shutdown FollowerState
2019-10-30 05:53:45,915 [Thread-2303] INFO  impl.FollowerState (FollowerState.java:run(117)) - 7fae3aed-4e76-4283-a599-f93f794625ab@group-BCADF287A12B-FollowerState was interrupted: java.lang.InterruptedException: sleep interrupted
2019-10-30 05:53:45,915 [grpc-default-executor-1] INFO  impl.RoleInfo (RoleInfo.java:shutdownFollowerState(121)) - 58095e90-3010-492a-9083-43cf2e035c3f: shutdown FollowerState
2019-10-30 05:53:45,915 [grpc-default-executor-2] INFO  impl.RoleInfo (RoleInfo.java:updateAndGet(143)) - 7fae3aed-4e76-4283-a599-f93f794625ab: start FollowerState
2019-10-30 05:53:45,915 [Thread-2302] INFO  impl.FollowerState (FollowerState.java:run(117)) - 58095e90-3010-492a-9083-43cf2e035c3f@group-BCADF287A12B-FollowerState was interrupted: java.lang.InterruptedException: sleep interrupted
2019-10-30 05:53:45,915 [grpc-default-executor-1] INFO  impl.RoleInfo (RoleInfo.java:updateAndGet(143)) - 58095e90-3010-492a-9083-43cf2e035c3f: start FollowerState
2019-10-30 05:53:45,936 [9127dd83-037b-4d39-812f-66db56af525a@group-BCADF287A12B-LeaderElection310] INFO  impl.LeaderElection (LeaderElection.java:logAndReturn(56)) - 9127dd83-037b-4d39-812f-66db56af525a@group-BCADF287A12B-LeaderElection310: Election REJECTED; received 2 response(s) [9127dd83-037b-4d39-812f-66db56af525a<-7fae3aed-4e76-4283-a599-f93f794625ab#0:FAIL-t342, 9127dd83-037b-4d39-812f-66db56af525a<-58095e90-3010-492a-9083-43cf2e035c3f#0:FAIL-t342] and 0 exception(s); 9127dd83-037b-4d39-812f-66db56af525a@group-BCADF287A12B:t342, leader=null, voted=9127dd83-037b-4d39-812f-66db56af525a, raftlog=9127dd83-037b-4d39-812f-66db56af525a@group-BCADF287A12B-SegmentedRaftLog:OPENED:c-1,f-1,i0, conf=-1: [7fae3aed-4e76-4283-a599-f93f794625ab:192.168.34.21:41352, 58095e90-3010-492a-9083-43cf2e035c3f:192.168.34.21:45284, 9127dd83-037b-4d39-812f-66db56af525a:192.168.34.21:42063], old=null
2019-10-30 05:53:45,936 [9127dd83-037b-4d39-812f-66db56af525a@group-BCADF287A12B-LeaderElection310] INFO  impl.RaftServerImpl (RaftServerImpl.java:setRole(184)) - 9127dd83-037b-4d39-812f-66db56af525a@group-BCADF287A12B: changes role from CANDIDATE to FOLLOWER at term 342 for DISCOVERED_A_NEW_TERM
2019-10-30 05:53:45,937 [9127dd83-037b-4d39-812f-66db56af525a@group-BCADF287A12B-LeaderElection310] INFO  impl.RoleInfo (RoleInfo.java:shutdownLeaderElection(134)) - 9127dd83-037b-4d39-812f-66db56af525a: shutdown LeaderElection
2019-10-30 05:53:45,937 [9127dd83-037b-4d39-812f-66db56af525a@group-BCADF287A12B-LeaderElection310] INFO  impl.RoleInfo (RoleInfo.java:updateAndGet(143)) - 9127dd83-037b-4d39-812f-66db56af525a: start FollowerState
2019-10-30 05:53:46,058 [Thread-2308] INFO  impl.FollowerState (FollowerState.java:run(108)) - 9127dd83-037b-4d39-812f-66db56af525a@group-BCADF287A12B-FollowerState: change to CANDIDATE, lastRpcTime:121ms, electionTimeout:121ms
2019-10-30 05:53:46,058 [Thread-2308] INFO  impl.RoleInfo (RoleInfo.java:shutdownFollowerState(121)) - 9127dd83-037b-4d39-812f-66db56af525a: shutdown FollowerState
2019-10-30 05:53:46,058 [Thread-2308] INFO  impl.RaftServerImpl (RaftServerImpl.java:setRole(184)) - 9127dd83-037b-4d39-812f-66db56af525a@group-BCADF287A12B: changes role from  FOLLOWER to CANDIDATE at term 342 for changeToCandidate
2019-10-30 05:53:46,059 [Thread-2308] INFO  impl.RoleInfo (RoleInfo.java:updateAndGet(143)) - 9127dd83-037b-4d39-812f-66db56af525a: start LeaderElection
2019-10-30 05:53:46,071 [9127dd83-037b-4d39-812f-66db56af525a@group-BCADF287A12B-LeaderElection311] INFO  impl.LeaderElection (LeaderElection.java:askForVotes(178)) - 9127dd83-037b-4d39-812f-66db56af525a@group-BCADF287A12B-LeaderElection311: begin an election at term 343 for -1: [7fae3aed-4e76-4283-a599-f93f794625ab:192.168.34.21:41352, 58095e90-3010-492a-9083-43cf2e035c3f:192.168.34.21:45284, 9127dd83-037b-4d39-812f-66db56af525a:192.168.34.21:42063], old=null
2019-10-30 05:53:46,073 [grpc-default-executor-2] INFO  impl.RaftServerImpl (RaftServerImpl.java:setRole(184)) - 7fae3aed-4e76-4283-a599-f93f794625ab@group-BCADF287A12B: changes role from  FOLLOWER to FOLLOWER at term 343 for recognizeCandidate:9127dd83-037b-4d39-812f-66db56af525a
2019-10-30 05:53:46,073 [grpc-default-executor-1] INFO  impl.RaftServerImpl (RaftServerImpl.java:setRole(184)) - 58095e90-3010-492a-9083-43cf2e035c3f@group-BCADF287A12B: changes role from  FOLLOWER to FOLLOWER at term 343 for recognizeCandidate:9127dd83-037b-4d39-812f-66db56af525a
2019-10-30 05:53:46,073 [grpc-default-executor-2] INFO  impl.RoleInfo (RoleInfo.java:shutdownFollowerState(121)) - 7fae3aed-4e76-4283-a599-f93f794625ab: shutdown FollowerState
2019-10-30 05:53:46,073 [grpc-default-executor-1] INFO  impl.RoleInfo (RoleInfo.java:shutdownFollowerState(121)) - 58095e90-3010-492a-9083-43cf2e035c3f: shutdown FollowerState
2019-10-30 05:53:46,073 [Thread-2306] INFO  impl.FollowerState (FollowerState.java:run(117)) - 7fae3aed-4e76-4283-a599-f93f794625ab@group-BCADF287A12B-FollowerState was interrupted: java.lang.InterruptedException: sleep interrupted
2019-10-30 05:53:46,073 [Thread-2307] INFO  impl.FollowerState (FollowerState.java:run(117)) - 58095e90-3010-492a-9083-43cf2e035c3f@group-BCADF287A12B-FollowerState was interrupted: java.lang.InterruptedException: sleep interrupted
2019-10-30 05:53:46,073 [grpc-default-executor-2] INFO  impl.RoleInfo (RoleInfo.java:updateAndGet(143)) - 7fae3aed-4e76-4283-a599-f93f794625ab: start FollowerState
2019-10-30 05:53:46,073 [grpc-default-executor-1] INFO  impl.RoleInfo (RoleInfo.java:updateAndGet(143)) - 58095e90-3010-492a-9083-43cf2e035c3f: start FollowerState
2019-10-30 05:53:46,088 [9127dd83-037b-4d39-812f-66db56af525a@group-BCADF287A12B-LeaderElection311] INFO  impl.LeaderElection (LeaderElection.java:logAndReturn(56)) - 9127dd83-037b-4d39-812f-66db56af525a@group-BCADF287A12B-LeaderElection311: Election REJECTED; received 2 response(s) [9127dd83-037b-4d39-812f-66db56af525a<-7fae3aed-4e76-4283-a599-f93f794625ab#0:FAIL-t343, 9127dd83-037b-4d39-812f-66db56af525a<-58095e90-3010-492a-9083-43cf2e035c3f#0:FAIL-t343] and 0 exception(s); 9127dd83-037b-4d39-812f-66db56af525a@group-BCADF287A12B:t343, leader=null, voted=9127dd83-037b-4d39-812f-66db56af525a, raftlog=9127dd83-037b-4d39-812f-66db56af525a@group-BCADF287A12B-SegmentedRaftLog:OPENED:c-1,f-1,i0, conf=-1: [7fae3aed-4e76-4283-a599-f93f794625ab:192.168.34.21:41352, 58095e90-3010-492a-9083-43cf2e035c3f:192.168.34.21:45284, 9127dd83-037b-4d39-812f-66db56af525a:192.168.34.21:42063], old=null
2019-10-30 05:53:46,088 [9127dd83-037b-4d39-812f-66db56af525a@group-BCADF287A12B-LeaderElection311] INFO  impl.RaftServerImpl (RaftServerImpl.java:setRole(184)) - 9127dd83-037b-4d39-812f-66db56af525a@group-BCADF287A12B: changes role from CANDIDATE to FOLLOWER at term 343 for DISCOVERED_A_NEW_TERM
2019-10-30 05:53:46,088 [9127dd83-037b-4d39-812f-66db56af525a@group-BCADF287A12B-LeaderElection311] INFO  impl.RoleInfo (RoleInfo.java:shutdownLeaderElection(134)) - 9127dd83-037b-4d39-812f-66db56af525a: shutdown LeaderElection
2019-10-30 05:53:46,089 [9127dd83-037b-4d39-812f-66db56af525a@group-BCADF287A12B-LeaderElection311] INFO  impl.RoleInfo (RoleInfo.java:updateAndGet(143)) - 9127dd83-037b-4d39-812f-66db56af525a: start FollowerState
2019-10-30 05:53:46,186 [Thread-2314] INFO  impl.FollowerState (FollowerState.java:run(108)) - 9127dd83-037b-4d39-812f-66db56af525a@group-BCADF287A12B-FollowerState: change to CANDIDATE, lastRpcTime:97ms, electionTimeout:96ms
2019-10-30 05:53:46,186 [Thread-2314] INFO  impl.RoleInfo (RoleInfo.java:shutdownFollowerState(121)) - 9127dd83-037b-4d39-812f-66db56af525a: shutdown FollowerState
2019-10-30 05:53:46,186 [Thread-2314] INFO  impl.RaftServerImpl (RaftServerImpl.java:setRole(184)) - 9127dd83-037b-4d39-812f-66db56af525a@group-BCADF287A12B: changes role from  FOLLOWER to CANDIDATE at term 343 for changeToCandidate
2019-10-30 05:53:46,186 [Thread-2314] INFO  impl.RoleInfo (RoleInfo.java:updateAndGet(143)) - 9127dd83-037b-4d39-812f-66db56af525a: start LeaderElection
2019-10-30 05:53:46,192 [9127dd83-037b-4d39-812f-66db56af525a@group-BCADF287A12B-LeaderElection312] INFO  impl.LeaderElection (LeaderElection.java:askForVotes(178)) - 9127dd83-037b-4d39-812f-66db56af525a@group-BCADF287A12B-LeaderElection312: begin an election at term 344 for -1: [7fae3aed-4e76-4283-a599-f93f794625ab:192.168.34.21:41352, 58095e90-3010-492a-9083-43cf2e035c3f:192.168.34.21:45284, 9127dd83-037b-4d39-812f-66db56af525a:192.168.34.21:42063], old=null
2019-10-30 05:53:46,195 [grpc-default-executor-1] INFO  impl.RaftServerImpl (RaftServerImpl.java:setRole(184)) - 58095e90-3010-492a-9083-43cf2e035c3f@group-BCADF287A12B: changes role from  FOLLOWER to FOLLOWER at term 344 for recognizeCandidate:9127dd83-037b-4d39-812f-66db56af525a
2019-10-30 05:53:46,195 [grpc-default-executor-1] INFO  impl.RoleInfo (RoleInfo.java:shutdownFollowerState(121)) - 58095e90-3010-492a-9083-43cf2e035c3f: shutdown FollowerState
2019-10-30 05:53:46,195 [grpc-default-executor-1] INFO  impl.RoleInfo (RoleInfo.java:updateAndGet(143)) - 58095e90-3010-492a-9083-43cf2e035c3f: start FollowerState
2019-10-30 05:53:46,195 [Thread-2313] INFO  impl.FollowerState (FollowerState.java:run(117)) - 58095e90-3010-492a-9083-43cf2e035c3f@group-BCADF287A12B-FollowerState was interrupted: java.lang.InterruptedException: sleep interrupted
2019-10-30 05:53:46,195 [grpc-default-executor-2] INFO  impl.RaftServerImpl (RaftServerImpl.java:setRole(184)) - 7fae3aed-4e76-4283-a599-f93f794625ab@group-BCADF287A12B: changes role from  FOLLOWER to FOLLOWER at term 344 for recognizeCandidate:9127dd83-037b-4d39-812f-66db56af525a
2019-10-30 05:53:46,195 [grpc-default-executor-2] INFO  impl.RoleInfo (RoleInfo.java:shutdownFollowerState(121)) - 7fae3aed-4e76-4283-a599-f93f794625ab: shutdown FollowerState
2019-10-30 05:53:46,196 [grpc-default-executor-2] INFO  impl.RoleInfo (RoleInfo.java:updateAndGet(143)) - 7fae3aed-4e76-4283-a599-f93f794625ab: start FollowerState
2019-10-30 05:53:46,196 [Thread-2312] INFO  impl.FollowerState (FollowerState.java:run(117)) - 7fae3aed-4e76-4283-a599-f93f794625ab@group-BCADF287A12B-FollowerState was interrupted: java.lang.InterruptedException: sleep interrupted
2019-10-30 05:53:46,221 [9127dd83-037b-4d39-812f-66db56af525a@group-BCADF287A12B-LeaderElection312] INFO  impl.LeaderElection (LeaderElection.java:logAndReturn(56)) - 9127dd83-037b-4d39-812f-66db56af525a@group-BCADF287A12B-LeaderElection312: Election REJECTED; received 2 response(s) [9127dd83-037b-4d39-812f-66db56af525a<-7fae3aed-4e76-4283-a599-f93f794625ab#0:FAIL-t344, 9127dd83-037b-4d39-812f-66db56af525a<-58095e90-3010-492a-9083-43cf2e035c3f#0:FAIL-t344] and 0 exception(s); 9127dd83-037b-4d39-812f-66db56af525a@group-BCADF287A12B:t344, leader=null, voted=9127dd83-037b-4d39-812f-66db56af525a, raftlog=9127dd83-037b-4d39-812f-66db56af525a@group-BCADF287A12B-SegmentedRaftLog:OPENED:c-1,f-1,i0, conf=-1: [7fae3aed-4e76-4283-a599-f93f794625ab:192.168.34.21:41352, 58095e90-3010-492a-9083-43cf2e035c3f:192.168.34.21:45284, 9127dd83-037b-4d39-812f-66db56af525a:192.168.34.21:42063], old=null
2019-10-30 05:53:46,222 [9127dd83-037b-4d39-812f-66db56af525a@group-BCADF287A12B-LeaderElection312] INFO  impl.RaftServerImpl (RaftServerImpl.java:setRole(184)) - 9127dd83-037b-4d39-812f-66db56af525a@group-BCADF287A12B: changes role from CANDIDATE to FOLLOWER at term 344 for DISCOVERED_A_NEW_TERM
2019-10-30 05:53:46,222 [9127dd83-037b-4d39-812f-66db56af525a@group-BCADF287A12B-LeaderElection312] INFO  impl.RoleInfo (RoleInfo.java:shutdownLeaderElection(134)) - 9127dd83-037b-4d39-812f-66db56af525a: shutdown LeaderElection
2019-10-30 05:53:46,222 [9127dd83-037b-4d39-812f-66db56af525a@group-BCADF287A12B-LeaderElection312] INFO  impl.RoleInfo (RoleInfo.java:updateAndGet(143)) - 9127dd83-037b-4d39-812f-66db56af525a: start FollowerState
2019-10-30 05:53:46,401 [Thread-2320] INFO  impl.FollowerState (FollowerState.java:run(108)) - 9127dd83-037b-4d39-812f-66db56af525a@group-BCADF287A12B-FollowerState: change to CANDIDATE, lastRpcTime:178ms, electionTimeout:178ms
2019-10-30 05:53:46,401 [Thread-2320] INFO  impl.RoleInfo (RoleInfo.java:shutdownFollowerState(121)) - 9127dd83-037b-4d39-812f-66db56af525a: shutdown FollowerState
2019-10-30 05:53:46,401 [Thread-2320] INFO  impl.RaftServerImpl (RaftServerImpl.java:setRole(184)) - 9127dd83-037b-4d39-812f-66db56af525a@group-BCADF287A12B: changes role from  FOLLOWER to CANDIDATE at term 344 for changeToCandidate
2019-10-30 05:53:46,401 [Thread-2320] INFO  impl.RoleInfo (RoleInfo.java:updateAndGet(143)) - 9127dd83-037b-4d39-812f-66db56af525a: start LeaderElection
2019-10-30 05:53:46,427 [9127dd83-037b-4d39-812f-66db56af525a@group-BCADF287A12B-LeaderElection313] INFO  impl.LeaderElection (LeaderElection.java:askForVotes(178)) - 9127dd83-037b-4d39-812f-66db56af525a@group-BCADF287A12B-LeaderElection313: begin an election at term 345 for -1: [7fae3aed-4e76-4283-a599-f93f794625ab:192.168.34.21:41352, 58095e90-3010-492a-9083-43cf2e035c3f:192.168.34.21:45284, 9127dd83-037b-4d39-812f-66db56af525a:192.168.34.21:42063], old=null
2019-10-30 05:53:46,430 [grpc-default-executor-1] INFO  impl.RaftServerImpl (RaftServerImpl.java:setRole(184)) - 58095e90-3010-492a-9083-43cf2e035c3f@group-BCADF287A12B: changes role from  FOLLOWER to FOLLOWER at term 345 for recognizeCandidate:9127dd83-037b-4d39-812f-66db56af525a
2019-10-30 05:53:46,430 [grpc-default-executor-2] INFO  impl.RaftServerImpl (RaftServerImpl.java:setRole(184)) - 7fae3aed-4e76-4283-a599-f93f794625ab@group-BCADF287A12B: changes role from  FOLLOWER to FOLLOWER at term 345 for recognizeCandidate:9127dd83-037b-4d39-812f-66db56af525a
2019-10-30 05:53:46,430 [grpc-default-executor-1] INFO  impl.RoleInfo (RoleInfo.java:shutdownFollowerState(121)) - 58095e90-3010-492a-9083-43cf2e035c3f: shutdown FollowerState
2019-10-30 05:53:46,431 [grpc-default-executor-2] INFO  impl.RoleInfo (RoleInfo.java:shutdownFollowerState(121)) - 7fae3aed-4e76-4283-a599-f93f794625ab: shutdown FollowerState
2019-10-30 05:53:46,431 [Thread-2318] INFO  impl.FollowerState (FollowerState.java:run(117)) - 58095e90-3010-492a-9083-43cf2e035c3f@group-BCADF287A12B-FollowerState was interrupted: java.lang.InterruptedException: sleep interrupted
2019-10-30 05:53:46,431 [grpc-default-executor-1] INFO  impl.RoleInfo (RoleInfo.java:updateAndGet(143)) - 58095e90-3010-492a-9083-43cf2e035c3f: start FollowerState
2019-10-30 05:53:46,431 [grpc-default-executor-2] INFO  impl.RoleInfo (RoleInfo.java:updateAndGet(143)) - 7fae3aed-4e76-4283-a599-f93f794625ab: start FollowerState
2019-10-30 05:53:46,431 [Thread-2319] INFO  impl.FollowerState (FollowerState.java:run(117)) - 7fae3aed-4e76-4283-a599-f93f794625ab@group-BCADF287A12B-FollowerState was interrupted: java.lang.InterruptedException: sleep interrupted
2019-10-30 05:53:46,456 [9127dd83-037b-4d39-812f-66db56af525a@group-BCADF287A12B-LeaderElection313] INFO  impl.LeaderElection (LeaderElection.java:logAndReturn(56)) - 9127dd83-037b-4d39-812f-66db56af525a@group-BCADF287A12B-LeaderElection313: Election REJECTED; received 2 response(s) [9127dd83-037b-4d39-812f-66db56af525a<-7fae3aed-4e76-4283-a599-f93f794625ab#0:FAIL-t345, 9127dd83-037b-4d39-812f-66db56af525a<-58095e90-3010-492a-9083-43cf2e035c3f#0:FAIL-t345] and 0 exception(s); 9127dd83-037b-4d39-812f-66db56af525a@group-BCADF287A12B:t345, leader=null, voted=9127dd83-037b-4d39-812f-66db56af525a, raftlog=9127dd83-037b-4d39-812f-66db56af525a@group-BCADF287A12B-SegmentedRaftLog:OPENED:c-1,f-1,i0, conf=-1: [7fae3aed-4e76-4283-a599-f93f794625ab:192.168.34.21:41352, 58095e90-3010-492a-9083-43cf2e035c3f:192.168.34.21:45284, 9127dd83-037b-4d39-812f-66db56af525a:192.168.34.21:42063], old=null
2019-10-30 05:53:46,456 [9127dd83-037b-4d39-812f-66db56af525a@group-BCADF287A12B-LeaderElection313] INFO  impl.RaftServerImpl (RaftServerImpl.java:setRole(184)) - 9127dd83-037b-4d39-812f-66db56af525a@group-BCADF287A12B: changes role from CANDIDATE to FOLLOWER at term 345 for DISCOVERED_A_NEW_TERM
2019-10-30 05:53:46,456 [9127dd83-037b-4d39-812f-66db56af525a@group-BCADF287A12B-LeaderElection313] INFO  impl.RoleInfo (RoleInfo.java:shutdownLeaderElection(134)) - 9127dd83-037b-4d39-812f-66db56af525a: shutdown LeaderElection
2019-10-30 05:53:46,456 [9127dd83-037b-4d39-812f-66db56af525a@group-BCADF287A12B-LeaderElection313] INFO  impl.RoleInfo (RoleInfo.java:updateAndGet(143)) - 9127dd83-037b-4d39-812f-66db56af525a: start FollowerState
2019-10-30 05:53:46,471 [Thread-2326] INFO  impl.FollowerState (FollowerState.java:run(108)) - 9127dd83-037b-4d39-812f-66db56af525a@group-BCADF287A12B-FollowerState: change to CANDIDATE, lastRpcTime:14ms, electionTimeout:14ms
2019-10-30 05:53:46,471 [Thread-2326] INFO  impl.RoleInfo (RoleInfo.java:shutdownFollowerState(121)) - 9127dd83-037b-4d39-812f-66db56af525a: shutdown FollowerState
2019-10-30 05:53:46,471 [Thread-2326] INFO  impl.RaftServerImpl (RaftServerImpl.java:setRole(184)) - 9127dd83-037b-4d39-812f-66db56af525a@group-BCADF287A12B: changes role from  FOLLOWER to CANDIDATE at term 345 for changeToCandidate
2019-10-30 05:53:46,471 [Thread-2326] INFO  impl.RoleInfo (RoleInfo.java:updateAndGet(143)) - 9127dd83-037b-4d39-812f-66db56af525a: start LeaderElection
2019-10-30 05:53:46,484 [9127dd83-037b-4d39-812f-66db56af525a@group-BCADF287A12B-LeaderElection314] INFO  impl.LeaderElection (LeaderElection.java:askForVotes(178)) - 9127dd83-037b-4d39-812f-66db56af525a@group-BCADF287A12B-LeaderElection314: begin an election at term 346 for -1: [7fae3aed-4e76-4283-a599-f93f794625ab:192.168.34.21:41352, 58095e90-3010-492a-9083-43cf2e035c3f:192.168.34.21:45284, 9127dd83-037b-4d39-812f-66db56af525a:192.168.34.21:42063], old=null
2019-10-30 05:53:46,485 [9127dd83-037b-4d39-812f-66db56af525a@group-BCADF287A12B-LeaderElection314] INFO  impl.LeaderElection (LeaderElection.java:logAndReturn(56)) - 9127dd83-037b-4d39-812f-66db56af525a@group-BCADF287A12B-LeaderElection314: Election TIMEOUT; received 0 response(s) [] and 0 exception(s); 9127dd83-037b-4d39-812f-66db56af525a@group-BCADF287A12B:t346, leader=null, voted=9127dd83-037b-4d39-812f-66db56af525a, raftlog=9127dd83-037b-4d39-812f-66db56af525a@group-BCADF287A12B-SegmentedRaftLog:OPENED:c-1,f-1,i0, conf=-1: [7fae3aed-4e76-4283-a599-f93f794625ab:192.168.34.21:41352, 58095e90-3010-492a-9083-43cf2e035c3f:192.168.34.21:45284, 9127dd83-037b-4d39-812f-66db56af525a:192.168.34.21:42063], old=null
2019-10-30 05:53:46,486 [grpc-default-executor-2] INFO  impl.RaftServerImpl (RaftServerImpl.java:setRole(184)) - 7fae3aed-4e76-4283-a599-f93f794625ab@group-BCADF287A12B: changes role from  FOLLOWER to FOLLOWER at term 346 for recognizeCandidate:9127dd83-037b-4d39-812f-66db56af525a
2019-10-30 05:53:46,486 [grpc-default-executor-1] INFO  impl.RaftServerImpl (RaftServerImpl.java:setRole(184)) - 58095e90-3010-492a-9083-43cf2e035c3f@group-BCADF287A12B: changes role from  FOLLOWER to FOLLOWER at term 346 for recognizeCandidate:9127dd83-037b-4d39-812f-66db56af525a
2019-10-30 05:53:46,487 [grpc-default-executor-1] INFO  impl.RoleInfo (RoleInfo.java:shutdownFollowerState(121)) - 58095e90-3010-492a-9083-43cf2e035c3f: shutdown FollowerState
2019-10-30 05:53:46,487 [grpc-default-executor-2] INFO  impl.RoleInfo (RoleInfo.java:shutdownFollowerState(121)) - 7fae3aed-4e76-4283-a599-f93f794625ab: shutdown FollowerState
2019-10-30 05:53:46,487 [grpc-default-executor-1] INFO  impl.RoleInfo (RoleInfo.java:updateAndGet(143)) - 58095e90-3010-492a-9083-43cf2e035c3f: start FollowerState
2019-10-30 05:53:46,487 [Thread-2324] INFO  impl.FollowerState (FollowerState.java:run(117)) - 58095e90-3010-492a-9083-43cf2e035c3f@group-BCADF287A12B-FollowerState was interrupted: java.lang.InterruptedException: sleep interrupted
2019-10-30 05:53:46,487 [grpc-default-executor-2] INFO  impl.RoleInfo (RoleInfo.java:updateAndGet(143)) - 7fae3aed-4e76-4283-a599-f93f794625ab: start FollowerState
2019-10-30 05:53:46,489 [Thread-2325] INFO  impl.FollowerState (FollowerState.java:run(117)) - 7fae3aed-4e76-4283-a599-f93f794625ab@group-BCADF287A12B-FollowerState was interrupted: java.lang.InterruptedException: sleep interrupted
2019-10-30 05:53:46,515 [9127dd83-037b-4d39-812f-66db56af525a@group-BCADF287A12B-LeaderElection314] INFO  impl.LeaderElection (LeaderElection.java:askForVotes(178)) - 9127dd83-037b-4d39-812f-66db56af525a@group-BCADF287A12B-LeaderElection314: begin an election at term 347 for -1: [7fae3aed-4e76-4283-a599-f93f794625ab:192.168.34.21:41352, 58095e90-3010-492a-9083-43cf2e035c3f:192.168.34.21:45284, 9127dd83-037b-4d39-812f-66db56af525a:192.168.34.21:42063], old=null
2019-10-30 05:53:46,517 [grpc-default-executor-2] INFO  impl.RaftServerImpl (RaftServerImpl.java:setRole(184)) - 7fae3aed-4e76-4283-a599-f93f794625ab@group-BCADF287A12B: changes role from  FOLLOWER to FOLLOWER at term 347 for recognizeCandidate:9127dd83-037b-4d39-812f-66db56af525a
2019-10-30 05:53:46,517 [grpc-default-executor-2] INFO  impl.RoleInfo (RoleInfo.java:shutdownFollowerState(121)) - 7fae3aed-4e76-4283-a599-f93f794625ab: shutdown FollowerState
2019-10-30 05:53:46,518 [grpc-default-executor-2] INFO  impl.RoleInfo (RoleInfo.java:updateAndGet(143)) - 7fae3aed-4e76-4283-a599-f93f794625ab: start FollowerState
2019-10-30 05:53:46,518 [grpc-default-executor-1] INFO  impl.RaftServerImpl (RaftServerImpl.java:setRole(184)) - 58095e90-3010-492a-9083-43cf2e035c3f@group-BCADF287A12B: changes role from  FOLLOWER to FOLLOWER at term 347 for recognizeCandidate:9127dd83-037b-4d39-812f-66db56af525a
2019-10-30 05:53:46,518 [Thread-2331] INFO  impl.FollowerState (FollowerState.java:run(117)) - 7fae3aed-4e76-4283-a599-f93f794625ab@group-BCADF287A12B-FollowerState was interrupted: java.lang.InterruptedException: sleep interrupted
2019-10-30 05:53:46,518 [grpc-default-executor-1] INFO  impl.RoleInfo (RoleInfo.java:shutdownFollowerState(121)) - 58095e90-3010-492a-9083-43cf2e035c3f: shutdown FollowerState
2019-10-30 05:53:46,518 [grpc-default-executor-1] INFO  impl.RoleInfo (RoleInfo.java:updateAndGet(143)) - 58095e90-3010-492a-9083-43cf2e035c3f: start FollowerState
2019-10-30 05:53:46,518 [Thread-2330] INFO  impl.FollowerState (FollowerState.java:run(117)) - 58095e90-3010-492a-9083-43cf2e035c3f@group-BCADF287A12B-FollowerState was interrupted: java.lang.InterruptedException: sleep interrupted
2019-10-30 05:53:46,535 [9127dd83-037b-4d39-812f-66db56af525a@group-BCADF287A12B-LeaderElection314] INFO  impl.LeaderElection (LeaderElection.java:logAndReturn(56)) - 9127dd83-037b-4d39-812f-66db56af525a@group-BCADF287A12B-LeaderElection314: Election REJECTED; received 2 response(s) [9127dd83-037b-4d39-812f-66db56af525a<-7fae3aed-4e76-4283-a599-f93f794625ab#0:FAIL-t347, 9127dd83-037b-4d39-812f-66db56af525a<-58095e90-3010-492a-9083-43cf2e035c3f#0:FAIL-t347] and 0 exception(s); 9127dd83-037b-4d39-812f-66db56af525a@group-BCADF287A12B:t347, leader=null, voted=9127dd83-037b-4d39-812f-66db56af525a, raftlog=9127dd83-037b-4d39-812f-66db56af525a@group-BCADF287A12B-SegmentedRaftLog:OPENED:c-1,f-1,i0, conf=-1: [7fae3aed-4e76-4283-a599-f93f794625ab:192.168.34.21:41352, 58095e90-3010-492a-9083-43cf2e035c3f:192.168.34.21:45284, 9127dd83-037b-4d39-812f-66db56af525a:192.168.34.21:42063], old=null
2019-10-30 05:53:46,536 [9127dd83-037b-4d39-812f-66db56af525a@group-BCADF287A12B-LeaderElection314] INFO  impl.RaftServerImpl (RaftServerImpl.java:setRole(184)) - 9127dd83-037b-4d39-812f-66db56af525a@group-BCADF287A12B: changes role from CANDIDATE to FOLLOWER at term 347 for DISCOVERED_A_NEW_TERM
2019-10-30 05:53:46,536 [9127dd83-037b-4d39-812f-66db56af525a@group-BCADF287A12B-LeaderElection314] INFO  impl.RoleInfo (RoleInfo.java:shutdownLeaderElection(134)) - 9127dd83-037b-4d39-812f-66db56af525a: shutdown LeaderElection
2019-10-30 05:53:46,536 [9127dd83-037b-4d39-812f-66db56af525a@group-BCADF287A12B-LeaderElection314] INFO  impl.RoleInfo (RoleInfo.java:updateAndGet(143)) - 9127dd83-037b-4d39-812f-66db56af525a: start FollowerState
2019-10-30 05:53:46,545 [Thread-2338] INFO  impl.FollowerState (FollowerState.java:run(108)) - 9127dd83-037b-4d39-812f-66db56af525a@group-BCADF287A12B-FollowerState: change to CANDIDATE, lastRpcTime:9ms, electionTimeout:9ms
2019-10-30 05:53:46,545 [Thread-2338] INFO  impl.RoleInfo (RoleInfo.java:shutdownFollowerState(121)) - 9127dd83-037b-4d39-812f-66db56af525a: shutdown FollowerState
2019-10-30 05:53:46,545 [Thread-2338] INFO  impl.RaftServerImpl (RaftServerImpl.java:setRole(184)) - 9127dd83-037b-4d39-812f-66db56af525a@group-BCADF287A12B: changes role from  FOLLOWER to CANDIDATE at term 347 for changeToCandidate
2019-10-30 05:53:46,546 [Thread-2338] INFO  impl.RoleInfo (RoleInfo.java:updateAndGet(143)) - 9127dd83-037b-4d39-812f-66db56af525a: start LeaderElection
2019-10-30 05:53:46,556 [9127dd83-037b-4d39-812f-66db56af525a@group-BCADF287A12B-LeaderElection315] INFO  impl.LeaderElection (LeaderElection.java:askForVotes(178)) - 9127dd83-037b-4d39-812f-66db56af525a@group-BCADF287A12B-LeaderElection315: begin an election at term 348 for -1: [7fae3aed-4e76-4283-a599-f93f794625ab:192.168.34.21:41352, 58095e90-3010-492a-9083-43cf2e035c3f:192.168.34.21:45284, 9127dd83-037b-4d39-812f-66db56af525a:192.168.34.21:42063], old=null
2019-10-30 05:53:46,557 [grpc-default-executor-2] INFO  impl.RaftServerImpl (RaftServerImpl.java:setRole(184)) - 58095e90-3010-492a-9083-43cf2e035c3f@group-BCADF287A12B: changes role from  FOLLOWER to FOLLOWER at term 348 for recognizeCandidate:9127dd83-037b-4d39-812f-66db56af525a
2019-10-30 05:53:46,558 [grpc-default-executor-2] INFO  impl.RoleInfo (RoleInfo.java:shutdownFollowerState(121)) - 58095e90-3010-492a-9083-43cf2e035c3f: shutdown FollowerState
2019-10-30 05:53:46,558 [grpc-default-executor-2] INFO  impl.RoleInfo (RoleInfo.java:updateAndGet(143)) - 58095e90-3010-492a-9083-43cf2e035c3f: start FollowerState
2019-10-30 05:53:46,557 [grpc-default-executor-1] INFO  impl.RaftServerImpl (RaftServerImpl.java:setRole(184)) - 7fae3aed-4e76-4283-a599-f93f794625ab@group-BCADF287A12B: changes role from  FOLLOWER to FOLLOWER at term 348 for recognizeCandidate:9127dd83-037b-4d39-812f-66db56af525a
2019-10-30 05:53:46,558 [grpc-default-executor-1] INFO  impl.RoleInfo (RoleInfo.java:shutdownFollowerState(121)) - 7fae3aed-4e76-4283-a599-f93f794625ab: shutdown FollowerState
2019-10-30 05:53:46,558 [grpc-default-executor-1] INFO  impl.RoleInfo (RoleInfo.java:updateAndGet(143)) - 7fae3aed-4e76-4283-a599-f93f794625ab: start FollowerState
2019-10-30 05:53:46,558 [Thread-2337] INFO  impl.FollowerState (FollowerState.java:run(117)) - 58095e90-3010-492a-9083-43cf2e035c3f@group-BCADF287A12B-FollowerState was interrupted: java.lang.InterruptedException: sleep interrupted
2019-10-30 05:53:46,558 [Thread-2336] INFO  impl.FollowerState (FollowerState.java:run(117)) - 7fae3aed-4e76-4283-a599-f93f794625ab@group-BCADF287A12B-FollowerState was interrupted: java.lang.InterruptedException: sleep interrupted
2019-10-30 05:53:46,580 [9127dd83-037b-4d39-812f-66db56af525a@group-BCADF287A12B-LeaderElection315] INFO  impl.LeaderElection (LeaderElection.java:logAndReturn(56)) - 9127dd83-037b-4d39-812f-66db56af525a@group-BCADF287A12B-LeaderElection315: Election REJECTED; received 2 response(s) [9127dd83-037b-4d39-812f-66db56af525a<-7fae3aed-4e76-4283-a599-f93f794625ab#0:FAIL-t348, 9127dd83-037b-4d39-812f-66db56af525a<-58095e90-3010-492a-9083-43cf2e035c3f#0:FAIL-t348] and 0 exception(s); 9127dd83-037b-4d39-812f-66db56af525a@group-BCADF287A12B:t348, leader=null, voted=9127dd83-037b-4d39-812f-66db56af525a, raftlog=9127dd83-037b-4d39-812f-66db56af525a@group-BCADF287A12B-SegmentedRaftLog:OPENED:c-1,f-1,i0, conf=-1: [7fae3aed-4e76-4283-a599-f93f794625ab:192.168.34.21:41352, 58095e90-3010-492a-9083-43cf2e035c3f:192.168.34.21:45284, 9127dd83-037b-4d39-812f-66db56af525a:192.168.34.21:42063], old=null
2019-10-30 05:53:46,581 [9127dd83-037b-4d39-812f-66db56af525a@group-BCADF287A12B-LeaderElection315] INFO  impl.RaftServerImpl (RaftServerImpl.java:setRole(184)) - 9127dd83-037b-4d39-812f-66db56af525a@group-BCADF287A12B: changes role from CANDIDATE to FOLLOWER at term 348 for DISCOVERED_A_NEW_TERM
2019-10-30 05:53:46,581 [9127dd83-037b-4d39-812f-66db56af525a@group-BCADF287A12B-LeaderElection315] INFO  impl.RoleInfo (RoleInfo.java:shutdownLeaderElection(134)) - 9127dd83-037b-4d39-812f-66db56af525a: shutdown LeaderElection
2019-10-30 05:53:46,581 [9127dd83-037b-4d39-812f-66db56af525a@group-BCADF287A12B-LeaderElection315] INFO  impl.RoleInfo (RoleInfo.java:updateAndGet(143)) - 9127dd83-037b-4d39-812f-66db56af525a: start FollowerState
2019-10-30 05:53:46,603 [Thread-2344] INFO  impl.FollowerState (FollowerState.java:run(108)) - 9127dd83-037b-4d39-812f-66db56af525a@group-BCADF287A12B-FollowerState: change to CANDIDATE, lastRpcTime:22ms, electionTimeout:22ms
2019-10-30 05:53:46,603 [Thread-2344] INFO  impl.RoleInfo (RoleInfo.java:shutdownFollowerState(121)) - 9127dd83-037b-4d39-812f-66db56af525a: shutdown FollowerState
2019-10-30 05:53:46,603 [Thread-2344] INFO  impl.RaftServerImpl (RaftServerImpl.java:setRole(184)) - 9127dd83-037b-4d39-812f-66db56af525a@group-BCADF287A12B: changes role from  FOLLOWER to CANDIDATE at term 348 for changeToCandidate
2019-10-30 05:53:46,603 [Thread-2344] INFO  impl.RoleInfo (RoleInfo.java:updateAndGet(143)) - 9127dd83-037b-4d39-812f-66db56af525a: start LeaderElection
2019-10-30 05:53:46,618 [9127dd83-037b-4d39-812f-66db56af525a@group-BCADF287A12B-LeaderElection316] INFO  impl.LeaderElection (LeaderElection.java:askForVotes(178)) - 9127dd83-037b-4d39-812f-66db56af525a@group-BCADF287A12B-LeaderElection316: begin an election at term 349 for -1: [7fae3aed-4e76-4283-a599-f93f794625ab:192.168.34.21:41352, 58095e90-3010-492a-9083-43cf2e035c3f:192.168.34.21:45284, 9127dd83-037b-4d39-812f-66db56af525a:192.168.34.21:42063], old=null
2019-10-30 05:53:46,620 [grpc-default-executor-2] INFO  impl.RaftServerImpl (RaftServerImpl.java:setRole(184)) - 7fae3aed-4e76-4283-a599-f93f794625ab@group-BCADF287A12B: changes role from  FOLLOWER to FOLLOWER at term 349 for recognizeCandidate:9127dd83-037b-4d39-812f-66db56af525a
2019-10-30 05:53:46,620 [grpc-default-executor-1] INFO  impl.RaftServerImpl (RaftServerImpl.java:setRole(184)) - 58095e90-3010-492a-9083-43cf2e035c3f@group-BCADF287A12B: changes role from  FOLLOWER to FOLLOWER at term 349 for recognizeCandidate:9127dd83-037b-4d39-812f-66db56af525a
2019-10-30 05:53:46,620 [grpc-default-executor-2] INFO  impl.RoleInfo (RoleInfo.java:shutdownFollowerState(121)) - 7fae3aed-4e76-4283-a599-f93f794625ab: shutdown FollowerState
2019-10-30 05:53:46,620 [grpc-default-executor-1] INFO  impl.RoleInfo (RoleInfo.java:shutdownFollowerState(121)) - 58095e90-3010-492a-9083-43cf2e035c3f: shutdown FollowerState
2019-10-30 05:53:46,620 [grpc-default-executor-2] INFO  impl.RoleInfo (RoleInfo.java:updateAndGet(143)) - 7fae3aed-4e76-4283-a599-f93f794625ab: start FollowerState
2019-10-30 05:53:46,621 [Thread-2342] INFO  impl.FollowerState (FollowerState.java:run(117)) - 58095e90-3010-492a-9083-43cf2e035c3f@group-BCADF287A12B-FollowerState was interrupted: java.lang.InterruptedException: sleep interrupted
2019-10-30 05:53:46,621 [grpc-default-executor-1] INFO  impl.RoleInfo (RoleInfo.java:updateAndGet(143)) - 58095e90-3010-492a-9083-43cf2e035c3f: start FollowerState
2019-10-30 05:53:46,621 [Thread-2343] INFO  impl.FollowerState (FollowerState.java:run(117)) - 7fae3aed-4e76-4283-a599-f93f794625ab@group-BCADF287A12B-FollowerState was interrupted: java.lang.InterruptedException: sleep interrupted
2019-10-30 05:53:46,646 [9127dd83-037b-4d39-812f-66db56af525a@group-BCADF287A12B-LeaderElection316] INFO  impl.LeaderElection (LeaderElection.java:logAndReturn(56)) - 9127dd83-037b-4d39-812f-66db56af525a@group-BCADF287A12B-LeaderElection316: Election REJECTED; received 2 response(s) [9127dd83-037b-4d39-812f-66db56af525a<-7fae3aed-4e76-4283-a599-f93f794625ab#0:FAIL-t349, 9127dd83-037b-4d39-812f-66db56af525a<-58095e90-3010-492a-9083-43cf2e035c3f#0:FAIL-t349] and 0 exception(s); 9127dd83-037b-4d39-812f-66db56af525a@group-BCADF287A12B:t349, leader=null, voted=9127dd83-037b-4d39-812f-66db56af525a, raftlog=9127dd83-037b-4d39-812f-66db56af525a@group-BCADF287A12B-SegmentedRaftLog:OPENED:c-1,f-1,i0, conf=-1: [7fae3aed-4e76-4283-a599-f93f794625ab:192.168.34.21:41352, 58095e90-3010-492a-9083-43cf2e035c3f:192.168.34.21:45284, 9127dd83-037b-4d39-812f-66db56af525a:192.168.34.21:42063], old=null
2019-10-30 05:53:46,647 [9127dd83-037b-4d39-812f-66db56af525a@group-BCADF287A12B-LeaderElection316] INFO  impl.RaftServerImpl (RaftServerImpl.java:setRole(184)) - 9127dd83-037b-4d39-812f-66db56af525a@group-BCADF287A12B: changes role from CANDIDATE to FOLLOWER at term 349 for DISCOVERED_A_NEW_TERM
2019-10-30 05:53:46,647 [9127dd83-037b-4d39-812f-66db56af525a@group-BCADF287A12B-LeaderElection316] INFO  impl.RoleInfo (RoleInfo.java:shutdownLeaderElection(134)) - 9127dd83-037b-4d39-812f-66db56af525a: shutdown LeaderElection
2019-10-30 05:53:46,647 [9127dd83-037b-4d39-812f-66db56af525a@group-BCADF287A12B-LeaderElection316] INFO  impl.RoleInfo (RoleInfo.java:updateAndGet(143)) - 9127dd83-037b-4d39-812f-66db56af525a: start FollowerState
2019-10-30 05:53:46,689 [Thread-2350] INFO  impl.FollowerState (FollowerState.java:run(108)) - 9127dd83-037b-4d39-812f-66db56af525a@group-BCADF287A12B-FollowerState: change to CANDIDATE, lastRpcTime:42ms, electionTimeout:42ms
2019-10-30 05:53:46,690 [Thread-2350] INFO  impl.RoleInfo (RoleInfo.java:shutdownFollowerState(121)) - 9127dd83-037b-4d39-812f-66db56af525a: shutdown FollowerState
2019-10-30 05:53:46,690 [Thread-2350] INFO  impl.RaftServerImpl (RaftServerImpl.java:setRole(184)) - 9127dd83-037b-4d39-812f-66db56af525a@group-BCADF287A12B: changes role from  FOLLOWER to CANDIDATE at term 349 for changeToCandidate
2019-10-30 05:53:46,690 [Thread-2350] INFO  impl.RoleInfo (RoleInfo.java:updateAndGet(143)) - 9127dd83-037b-4d39-812f-66db56af525a: start LeaderElection
2019-10-30 05:53:46,703 [9127dd83-037b-4d39-812f-66db56af525a@group-BCADF287A12B-LeaderElection317] INFO  impl.LeaderElection (LeaderElection.java:askForVotes(178)) - 9127dd83-037b-4d39-812f-66db56af525a@group-BCADF287A12B-LeaderElection317: begin an election at term 350 for -1: [7fae3aed-4e76-4283-a599-f93f794625ab:192.168.34.21:41352, 58095e90-3010-492a-9083-43cf2e035c3f:192.168.34.21:45284, 9127dd83-037b-4d39-812f-66db56af525a:192.168.34.21:42063], old=null
2019-10-30 05:53:46,706 [grpc-default-executor-1] INFO  impl.RaftServerImpl (RaftServerImpl.java:setRole(184)) - 58095e90-3010-492a-9083-43cf2e035c3f@group-BCADF287A12B: changes role from  FOLLOWER to FOLLOWER at term 350 for recognizeCandidate:9127dd83-037b-4d39-812f-66db56af525a
2019-10-30 05:53:46,706 [grpc-default-executor-1] INFO  impl.RoleInfo (RoleInfo.java:shutdownFollowerState(121)) - 58095e90-3010-492a-9083-43cf2e035c3f: shutdown FollowerState
2019-10-30 05:53:46,706 [grpc-default-executor-1] INFO  impl.RoleInfo (RoleInfo.java:updateAndGet(143)) - 58095e90-3010-492a-9083-43cf2e035c3f: start FollowerState
2019-10-30 05:53:46,708 [grpc-default-executor-2] INFO  impl.RaftServerImpl (RaftServerImpl.java:setRole(184)) - 7fae3aed-4e76-4283-a599-f93f794625ab@group-BCADF287A12B: changes role from  FOLLOWER to FOLLOWER at term 350 for recognizeCandidate:9127dd83-037b-4d39-812f-66db56af525a
2019-10-30 05:53:46,710 [grpc-default-executor-2] INFO  impl.RoleInfo (RoleInfo.java:shutdownFollowerState(121)) - 7fae3aed-4e76-4283-a599-f93f794625ab: shutdown FollowerState
2019-10-30 05:53:46,710 [grpc-default-executor-2] INFO  impl.RoleInfo (RoleInfo.java:updateAndGet(143)) - 7fae3aed-4e76-4283-a599-f93f794625ab: start FollowerState
2019-10-30 05:53:46,711 [Thread-2348] INFO  impl.FollowerState (FollowerState.java:run(117)) - 7fae3aed-4e76-4283-a599-f93f794625ab@group-BCADF287A12B-FollowerState was interrupted: java.lang.InterruptedException: sleep interrupted
2019-10-30 05:53:46,711 [Thread-2349] INFO  impl.FollowerState (FollowerState.java:run(117)) - 58095e90-3010-492a-9083-43cf2e035c3f@group-BCADF287A12B-FollowerState was interrupted: java.lang.InterruptedException: sleep interrupted
2019-10-30 05:53:46,733 [9127dd83-037b-4d39-812f-66db56af525a@group-BCADF287A12B-LeaderElection317] INFO  impl.LeaderElection (LeaderElection.java:logAndReturn(56)) - 9127dd83-037b-4d39-812f-66db56af525a@group-BCADF287A12B-LeaderElection317: Election REJECTED; received 2 response(s) [9127dd83-037b-4d39-812f-66db56af525a<-7fae3aed-4e76-4283-a599-f93f794625ab#0:FAIL-t350, 9127dd83-037b-4d39-812f-66db56af525a<-58095e90-3010-492a-9083-43cf2e035c3f#0:FAIL-t350] and 0 exception(s); 9127dd83-037b-4d39-812f-66db56af525a@group-BCADF287A12B:t350, leader=null, voted=9127dd83-037b-4d39-812f-66db56af525a, raftlog=9127dd83-037b-4d39-812f-66db56af525a@group-BCADF287A12B-SegmentedRaftLog:OPENED:c-1,f-1,i0, conf=-1: [7fae3aed-4e76-4283-a599-f93f794625ab:192.168.34.21:41352, 58095e90-3010-492a-9083-43cf2e035c3f:192.168.34.21:45284, 9127dd83-037b-4d39-812f-66db56af525a:192.168.34.21:42063], old=null
2019-10-30 05:53:46,733 [9127dd83-037b-4d39-812f-66db56af525a@group-BCADF287A12B-LeaderElection317] INFO  impl.RaftServerImpl (RaftServerImpl.java:setRole(184)) - 9127dd83-037b-4d39-812f-66db56af525a@group-BCADF287A12B: changes role from CANDIDATE to FOLLOWER at term 350 for DISCOVERED_A_NEW_TERM
2019-10-30 05:53:46,733 [9127dd83-037b-4d39-812f-66db56af525a@group-BCADF287A12B-LeaderElection317] INFO  impl.RoleInfo (RoleInfo.java:shutdownLeaderElection(134)) - 9127dd83-037b-4d39-812f-66db56af525a: shutdown LeaderElection
2019-10-30 05:53:46,733 [9127dd83-037b-4d39-812f-66db56af525a@group-BCADF287A12B-LeaderElection317] INFO  impl.RoleInfo (RoleInfo.java:updateAndGet(143)) - 9127dd83-037b-4d39-812f-66db56af525a: start FollowerState
2019-10-30 05:53:46,797 [Thread-2356] INFO  impl.FollowerState (FollowerState.java:run(108)) - 9127dd83-037b-4d39-812f-66db56af525a@group-BCADF287A12B-FollowerState: change to CANDIDATE, lastRpcTime:63ms, electionTimeout:63ms
2019-10-30 05:53:46,797 [Thread-2356] INFO  impl.RoleInfo (RoleInfo.java:shutdownFollowerState(121)) - 9127dd83-037b-4d39-812f-66db56af525a: shutdown FollowerState
2019-10-30 05:53:46,797 [Thread-2356] INFO  impl.RaftServerImpl (RaftServerImpl.java:setRole(184)) - 9127dd83-037b-4d39-812f-66db56af525a@group-BCADF287A12B: changes role from  FOLLOWER to CANDIDATE at term 350 for changeToCandidate
2019-10-30 05:53:46,797 [Thread-2356] INFO  impl.RoleInfo (RoleInfo.java:updateAndGet(143)) - 9127dd83-037b-4d39-812f-66db56af525a: start LeaderElection
2019-10-30 05:53:46,810 [9127dd83-037b-4d39-812f-66db56af525a@group-BCADF287A12B-LeaderElection318] INFO  impl.LeaderElection (LeaderElection.java:askForVotes(178)) - 9127dd83-037b-4d39-812f-66db56af525a@group-BCADF287A12B-LeaderElection318: begin an election at term 351 for -1: [7fae3aed-4e76-4283-a599-f93f794625ab:192.168.34.21:41352, 58095e90-3010-492a-9083-43cf2e035c3f:192.168.34.21:45284, 9127dd83-037b-4d39-812f-66db56af525a:192.168.34.21:42063], old=null
2019-10-30 05:53:46,812 [grpc-default-executor-2] INFO  impl.RaftServerImpl (RaftServerImpl.java:setRole(184)) - 7fae3aed-4e76-4283-a599-f93f794625ab@group-BCADF287A12B: changes role from  FOLLOWER to FOLLOWER at term 351 for recognizeCandidate:9127dd83-037b-4d39-812f-66db56af525a
2019-10-30 05:53:46,812 [grpc-default-executor-2] INFO  impl.RoleInfo (RoleInfo.java:shutdownFollowerState(121)) - 7fae3aed-4e76-4283-a599-f93f794625ab: shutdown FollowerState
2019-10-30 05:53:46,813 [grpc-default-executor-2] INFO  impl.RoleInfo (RoleInfo.java:updateAndGet(143)) - 7fae3aed-4e76-4283-a599-f93f794625ab: start FollowerState
2019-10-30 05:53:46,813 [Thread-2355] INFO  impl.FollowerState (FollowerState.java:run(117)) - 7fae3aed-4e76-4283-a599-f93f794625ab@group-BCADF287A12B-FollowerState was interrupted: java.lang.InterruptedException: sleep interrupted
2019-10-30 05:53:46,813 [grpc-default-executor-1] INFO  impl.RaftServerImpl (RaftServerImpl.java:setRole(184)) - 58095e90-3010-492a-9083-43cf2e035c3f@group-BCADF287A12B: changes role from  FOLLOWER to FOLLOWER at term 351 for recognizeCandidate:9127dd83-037b-4d39-812f-66db56af525a
2019-10-30 05:53:46,814 [grpc-default-executor-1] INFO  impl.RoleInfo (RoleInfo.java:shutdownFollowerState(121)) - 58095e90-3010-492a-9083-43cf2e035c3f: shutdown FollowerState
2019-10-30 05:53:46,814 [grpc-default-executor-1] INFO  impl.RoleInfo (RoleInfo.java:updateAndGet(143)) - 58095e90-3010-492a-9083-43cf2e035c3f: start FollowerState
2019-10-30 05:53:46,814 [Thread-2354] INFO  impl.FollowerState (FollowerState.java:run(117)) - 58095e90-3010-492a-9083-43cf2e035c3f@group-BCADF287A12B-FollowerState was interrupted: java.lang.InterruptedException: sleep interrupted
2019-10-30 05:53:47,082 [9127dd83-037b-4d39-812f-66db56af525a@group-BCADF287A12B-LeaderElection318] INFO  impl.LeaderElection (LeaderElection.java:logAndReturn(56)) - 9127dd83-037b-4d39-812f-66db56af525a@group-BCADF287A12B-LeaderElection318: Election TIMEOUT; received 0 response(s) [] and 0 exception(s); 9127dd83-037b-4d39-812f-66db56af525a@group-BCADF287A12B:t351, leader=null, voted=9127dd83-037b-4d39-812f-66db56af525a, raftlog=9127dd83-037b-4d39-812f-66db56af525a@group-BCADF287A12B-SegmentedRaftLog:OPENED:c-1,f-1,i0, conf=-1: [7fae3aed-4e76-4283-a599-f93f794625ab:192.168.34.21:41352, 58095e90-3010-492a-9083-43cf2e035c3f:192.168.34.21:45284, 9127dd83-037b-4d39-812f-66db56af525a:192.168.34.21:42063], old=null
2019-10-30 05:53:47,086 [9127dd83-037b-4d39-812f-66db56af525a@group-BCADF287A12B-LeaderElection318] INFO  impl.LeaderElection (LeaderElection.java:askForVotes(178)) - 9127dd83-037b-4d39-812f-66db56af525a@group-BCADF287A12B-LeaderElection318: begin an election at term 352 for -1: [7fae3aed-4e76-4283-a599-f93f794625ab:192.168.34.21:41352, 58095e90-3010-492a-9083-43cf2e035c3f:192.168.34.21:45284, 9127dd83-037b-4d39-812f-66db56af525a:192.168.34.21:42063], old=null
2019-10-30 05:53:47,088 [grpc-default-executor-1] INFO  impl.RaftServerImpl (RaftServerImpl.java:setRole(184)) - 58095e90-3010-492a-9083-43cf2e035c3f@group-BCADF287A12B: changes role from  FOLLOWER to FOLLOWER at term 352 for recognizeCandidate:9127dd83-037b-4d39-812f-66db56af525a
2019-10-30 05:53:47,088 [grpc-default-executor-1] INFO  impl.RoleInfo (RoleInfo.java:shutdownFollowerState(121)) - 58095e90-3010-492a-9083-43cf2e035c3f: shutdown FollowerState
2019-10-30 05:53:47,088 [grpc-default-executor-1] INFO  impl.RoleInfo (RoleInfo.java:updateAndGet(143)) - 58095e90-3010-492a-9083-43cf2e035c3f: start FollowerState
2019-10-30 05:53:47,088 [grpc-default-executor-2] INFO  impl.RaftServerImpl (RaftServerImpl.java:setRole(184)) - 7fae3aed-4e76-4283-a599-f93f794625ab@group-BCADF287A12B: changes role from  FOLLOWER to FOLLOWER at term 352 for recognizeCandidate:9127dd83-037b-4d39-812f-66db56af525a
2019-10-30 05:53:47,088 [Thread-2361] INFO  impl.FollowerState (FollowerState.java:run(117)) - 58095e90-3010-492a-9083-43cf2e035c3f@group-BCADF287A12B-FollowerState was interrupted: java.lang.InterruptedException: sleep interrupted
2019-10-30 05:53:47,088 [grpc-default-executor-2] INFO  impl.RoleInfo (RoleInfo.java:shutdownFollowerState(121)) - 7fae3aed-4e76-4283-a599-f93f794625ab: shutdown FollowerState
2019-10-30 05:53:47,090 [grpc-default-executor-2] INFO  impl.RoleInfo (RoleInfo.java:updateAndGet(143)) - 7fae3aed-4e76-4283-a599-f93f794625ab: start FollowerState
2019-10-30 05:53:47,093 [9127dd83-037b-4d39-812f-66db56af525a@group-BCADF287A12B-LeaderElection318] INFO  impl.LeaderElection (LeaderElection.java:logAndReturn(56)) - 9127dd83-037b-4d39-812f-66db56af525a@group-BCADF287A12B-LeaderElection318: Election TIMEOUT; received 0 response(s) [] and 0 exception(s); 9127dd83-037b-4d39-812f-66db56af525a@group-BCADF287A12B:t352, leader=null, voted=9127dd83-037b-4d39-812f-66db56af525a, raftlog=9127dd83-037b-4d39-812f-66db56af525a@group-BCADF287A12B-SegmentedRaftLog:OPENED:c-1,f-1,i0, conf=-1: [7fae3aed-4e76-4283-a599-f93f794625ab:192.168.34.21:41352, 58095e90-3010-492a-9083-43cf2e035c3f:192.168.34.21:45284, 9127dd83-037b-4d39-812f-66db56af525a:192.168.34.21:42063], old=null
2019-10-30 05:53:47,094 [Thread-2360] INFO  impl.FollowerState (FollowerState.java:run(117)) - 7fae3aed-4e76-4283-a599-f93f794625ab@group-BCADF287A12B-FollowerState was interrupted: java.lang.InterruptedException: sleep interrupted
2019-10-30 05:53:47,116 [9127dd83-037b-4d39-812f-66db56af525a@group-BCADF287A12B-LeaderElection318] INFO  impl.LeaderElection (LeaderElection.java:askForVotes(178)) - 9127dd83-037b-4d39-812f-66db56af525a@group-BCADF287A12B-LeaderElection318: begin an election at term 353 for -1: [7fae3aed-4e76-4283-a599-f93f794625ab:192.168.34.21:41352, 58095e90-3010-492a-9083-43cf2e035c3f:192.168.34.21:45284, 9127dd83-037b-4d39-812f-66db56af525a:192.168.34.21:42063], old=null
2019-10-30 05:53:47,118 [grpc-default-executor-2] INFO  impl.RaftServerImpl (RaftServerImpl.java:setRole(184)) - 7fae3aed-4e76-4283-a599-f93f794625ab@group-BCADF287A12B: changes role from  FOLLOWER to FOLLOWER at term 353 for recognizeCandidate:9127dd83-037b-4d39-812f-66db56af525a
2019-10-30 05:53:47,118 [grpc-default-executor-2] INFO  impl.RoleInfo (RoleInfo.java:shutdownFollowerState(121)) - 7fae3aed-4e76-4283-a599-f93f794625ab: shutdown FollowerState
2019-10-30 05:53:47,118 [grpc-default-executor-2] INFO  impl.RoleInfo (RoleInfo.java:updateAndGet(143)) - 7fae3aed-4e76-4283-a599-f93f794625ab: start FollowerState
2019-10-30 05:53:47,119 [grpc-default-executor-1] INFO  impl.RaftServerImpl (RaftServerImpl.java:setRole(184)) - 58095e90-3010-492a-9083-43cf2e035c3f@group-BCADF287A12B: changes role from  FOLLOWER to FOLLOWER at term 353 for recognizeCandidate:9127dd83-037b-4d39-812f-66db56af525a
2019-10-30 05:53:47,120 [grpc-default-executor-1] INFO  impl.RoleInfo (RoleInfo.java:shutdownFollowerState(121)) - 58095e90-3010-492a-9083-43cf2e035c3f: shutdown FollowerState
2019-10-30 05:53:47,120 [grpc-default-executor-1] INFO  impl.RoleInfo (RoleInfo.java:updateAndGet(143)) - 58095e90-3010-492a-9083-43cf2e035c3f: start FollowerState
2019-10-30 05:53:47,120 [Thread-2364] INFO  impl.FollowerState (FollowerState.java:run(117)) - 58095e90-3010-492a-9083-43cf2e035c3f@group-BCADF287A12B-FollowerState was interrupted: java.lang.InterruptedException: sleep interrupted
2019-10-30 05:53:47,120 [Thread-2365] INFO  impl.FollowerState (FollowerState.java:run(117)) - 7fae3aed-4e76-4283-a599-f93f794625ab@group-BCADF287A12B-FollowerState was interrupted: java.lang.InterruptedException: sleep interrupted
2019-10-30 05:53:47,147 [9127dd83-037b-4d39-812f-66db56af525a@group-BCADF287A12B-LeaderElection318] INFO  impl.LeaderElection (LeaderElection.java:logAndReturn(56)) - 9127dd83-037b-4d39-812f-66db56af525a@group-BCADF287A12B-LeaderElection318: Election REJECTED; received 2 response(s) [9127dd83-037b-4d39-812f-66db56af525a<-7fae3aed-4e76-4283-a599-f93f794625ab#0:FAIL-t353, 9127dd83-037b-4d39-812f-66db56af525a<-58095e90-3010-492a-9083-43cf2e035c3f#0:FAIL-t353] and 0 exception(s); 9127dd83-037b-4d39-812f-66db56af525a@group-BCADF287A12B:t353, leader=null, voted=9127dd83-037b-4d39-812f-66db56af525a, raftlog=9127dd83-037b-4d39-812f-66db56af525a@group-BCADF287A12B-SegmentedRaftLog:OPENED:c-1,f-1,i0, conf=-1: [7fae3aed-4e76-4283-a599-f93f794625ab:192.168.34.21:41352, 58095e90-3010-492a-9083-43cf2e035c3f:192.168.34.21:45284, 9127dd83-037b-4d39-812f-66db56af525a:192.168.34.21:42063], old=null
2019-10-30 05:53:47,147 [9127dd83-037b-4d39-812f-66db56af525a@group-BCADF287A12B-LeaderElection318] INFO  impl.RaftServerImpl (RaftServerImpl.java:setRole(184)) - 9127dd83-037b-4d39-812f-66db56af525a@group-BCADF287A12B: changes role from CANDIDATE to FOLLOWER at term 353 for DISCOVERED_A_NEW_TERM
2019-10-30 05:53:47,147 [9127dd83-037b-4d39-812f-66db56af525a@group-BCADF287A12B-LeaderElection318] INFO  impl.RoleInfo (RoleInfo.java:shutdownLeaderElection(134)) - 9127dd83-037b-4d39-812f-66db56af525a: shutdown LeaderElection
2019-10-30 05:53:47,147 [9127dd83-037b-4d39-812f-66db56af525a@group-BCADF287A12B-LeaderElection318] INFO  impl.RoleInfo (RoleInfo.java:updateAndGet(143)) - 9127dd83-037b-4d39-812f-66db56af525a: start FollowerState
2019-10-30 05:53:47,250 [Thread-2370] INFO  impl.FollowerState (FollowerState.java:run(108)) - 9127dd83-037b-4d39-812f-66db56af525a@group-BCADF287A12B-FollowerState: change to CANDIDATE, lastRpcTime:102ms, electionTimeout:102ms
2019-10-30 05:53:47,250 [Thread-2370] INFO  impl.RoleInfo (RoleInfo.java:shutdownFollowerState(121)) - 9127dd83-037b-4d39-812f-66db56af525a: shutdown FollowerState
2019-10-30 05:53:47,250 [Thread-2370] INFO  impl.RaftServerImpl (RaftServerImpl.java:setRole(184)) - 9127dd83-037b-4d39-812f-66db56af525a@group-BCADF287A12B: changes role from  FOLLOWER to CANDIDATE at term 353 for changeToCandidate
2019-10-30 05:53:47,250 [Thread-2370] INFO  impl.RoleInfo (RoleInfo.java:updateAndGet(143)) - 9127dd83-037b-4d39-812f-66db56af525a: start LeaderElection
2019-10-30 05:53:47,254 [9127dd83-037b-4d39-812f-66db56af525a@group-BCADF287A12B-LeaderElection319] INFO  impl.LeaderElection (LeaderElection.java:askForVotes(178)) - 9127dd83-037b-4d39-812f-66db56af525a@group-BCADF287A12B-LeaderElection319: begin an election at term 354 for -1: [7fae3aed-4e76-4283-a599-f93f794625ab:192.168.34.21:41352, 58095e90-3010-492a-9083-43cf2e035c3f:192.168.34.21:45284, 9127dd83-037b-4d39-812f-66db56af525a:192.168.34.21:42063], old=null
2019-10-30 05:53:47,256 [grpc-default-executor-2] INFO  impl.RaftServerImpl (RaftServerImpl.java:setRole(184)) - 58095e90-3010-492a-9083-43cf2e035c3f@group-BCADF287A12B: changes role from  FOLLOWER to FOLLOWER at term 354 for recognizeCandidate:9127dd83-037b-4d39-812f-66db56af525a
2019-10-30 05:53:47,256 [grpc-default-executor-2] INFO  impl.RoleInfo (RoleInfo.java:shutdownFollowerState(121)) - 58095e90-3010-492a-9083-43cf2e035c3f: shutdown FollowerState
2019-10-30 05:53:47,257 [grpc-default-executor-2] INFO  impl.RoleInfo (RoleInfo.java:updateAndGet(143)) - 58095e90-3010-492a-9083-43cf2e035c3f: start FollowerState
2019-10-30 05:53:47,257 [grpc-default-executor-1] INFO  impl.RaftServerImpl (RaftServerImpl.java:setRole(184)) - 7fae3aed-4e76-4283-a599-f93f794625ab@group-BCADF287A12B: changes role from  FOLLOWER to FOLLOWER at term 354 for recognizeCandidate:9127dd83-037b-4d39-812f-66db56af525a
2019-10-30 05:53:47,257 [grpc-default-executor-1] INFO  impl.RoleInfo (RoleInfo.java:shutdownFollowerState(121)) - 7fae3aed-4e76-4283-a599-f93f794625ab: shutdown FollowerState
2019-10-30 05:53:47,258 [grpc-default-executor-1] INFO  impl.RoleInfo (RoleInfo.java:updateAndGet(143)) - 7fae3aed-4e76-4283-a599-f93f794625ab: start FollowerState
2019-10-30 05:53:47,258 [Thread-2368] INFO  impl.FollowerState (FollowerState.java:run(117)) - 7fae3aed-4e76-4283-a599-f93f794625ab@group-BCADF287A12B-FollowerState was interrupted: java.lang.InterruptedException: sleep interrupted
2019-10-30 05:53:47,258 [Thread-2369] INFO  impl.FollowerState (FollowerState.java:run(117)) - 58095e90-3010-492a-9083-43cf2e035c3f@group-BCADF287A12B-FollowerState was interrupted: java.lang.InterruptedException: sleep interrupted
2019-10-30 05:53:47,284 [9127dd83-037b-4d39-812f-66db56af525a@group-BCADF287A12B-LeaderElection319] INFO  impl.LeaderElection (LeaderElection.java:logAndReturn(56)) - 9127dd83-037b-4d39-812f-66db56af525a@group-BCADF287A12B-LeaderElection319: Election REJECTED; received 2 response(s) [9127dd83-037b-4d39-812f-66db56af525a<-7fae3aed-4e76-4283-a599-f93f794625ab#0:FAIL-t354, 9127dd83-037b-4d39-812f-66db56af525a<-58095e90-3010-492a-9083-43cf2e035c3f#0:FAIL-t354] and 0 exception(s); 9127dd83-037b-4d39-812f-66db56af525a@group-BCADF287A12B:t354, leader=null, voted=9127dd83-037b-4d39-812f-66db56af525a, raftlog=9127dd83-037b-4d39-812f-66db56af525a@group-BCADF287A12B-SegmentedRaftLog:OPENED:c-1,f-1,i0, conf=-1: [7fae3aed-4e76-4283-a599-f93f794625ab:192.168.34.21:41352, 58095e90-3010-492a-9083-43cf2e035c3f:192.168.34.21:45284, 9127dd83-037b-4d39-812f-66db56af525a:192.168.34.21:42063], old=null
2019-10-30 05:53:47,285 [9127dd83-037b-4d39-812f-66db56af525a@group-BCADF287A12B-LeaderElection319] INFO  impl.RaftServerImpl (RaftServerImpl.java:setRole(184)) - 9127dd83-037b-4d39-812f-66db56af525a@group-BCADF287A12B: changes role from CANDIDATE to FOLLOWER at term 354 for DISCOVERED_A_NEW_TERM
2019-10-30 05:53:47,285 [9127dd83-037b-4d39-812f-66db56af525a@group-BCADF287A12B-LeaderElection319] INFO  impl.RoleInfo (RoleInfo.java:shutdownLeaderElection(134)) - 9127dd83-037b-4d39-812f-66db56af525a: shutdown LeaderElection
2019-10-30 05:53:47,285 [9127dd83-037b-4d39-812f-66db56af525a@group-BCADF287A12B-LeaderElection319] INFO  impl.RoleInfo (RoleInfo.java:updateAndGet(143)) - 9127dd83-037b-4d39-812f-66db56af525a: start FollowerState
2019-10-30 05:53:47,356 [Thread-2376] INFO  impl.FollowerState (FollowerState.java:run(108)) - 9127dd83-037b-4d39-812f-66db56af525a@group-BCADF287A12B-FollowerState: change to CANDIDATE, lastRpcTime:71ms, electionTimeout:59ms
2019-10-30 05:53:47,356 [Thread-2376] INFO  impl.RoleInfo (RoleInfo.java:shutdownFollowerState(121)) - 9127dd83-037b-4d39-812f-66db56af525a: shutdown FollowerState
2019-10-30 05:53:47,356 [Thread-2376] INFO  impl.RaftServerImpl (RaftServerImpl.java:setRole(184)) - 9127dd83-037b-4d39-812f-66db56af525a@group-BCADF287A12B: changes role from  FOLLOWER to CANDIDATE at term 354 for changeToCandidate
2019-10-30 05:53:47,357 [Thread-2376] INFO  impl.RoleInfo (RoleInfo.java:updateAndGet(143)) - 9127dd83-037b-4d39-812f-66db56af525a: start LeaderElection
2019-10-30 05:53:47,370 [9127dd83-037b-4d39-812f-66db56af525a@group-BCADF287A12B-LeaderElection320] INFO  impl.LeaderElection (LeaderElection.java:askForVotes(178)) - 9127dd83-037b-4d39-812f-66db56af525a@group-BCADF287A12B-LeaderElection320: begin an election at term 355 for -1: [7fae3aed-4e76-4283-a599-f93f794625ab:192.168.34.21:41352, 58095e90-3010-492a-9083-43cf2e035c3f:192.168.34.21:45284, 9127dd83-037b-4d39-812f-66db56af525a:192.168.34.21:42063], old=null
2019-10-30 05:53:47,372 [grpc-default-executor-1] INFO  impl.RaftServerImpl (RaftServerImpl.java:setRole(184)) - 58095e90-3010-492a-9083-43cf2e035c3f@group-BCADF287A12B: changes role from  FOLLOWER to FOLLOWER at term 355 for recognizeCandidate:9127dd83-037b-4d39-812f-66db56af525a
2019-10-30 05:53:47,372 [grpc-default-executor-2] INFO  impl.RaftServerImpl (RaftServerImpl.java:setRole(184)) - 7fae3aed-4e76-4283-a599-f93f794625ab@group-BCADF287A12B: changes role from  FOLLOWER to FOLLOWER at term 355 for recognizeCandidate:9127dd83-037b-4d39-812f-66db56af525a
2019-10-30 05:53:47,372 [grpc-default-executor-1] INFO  impl.RoleInfo (RoleInfo.java:shutdownFollowerState(121)) - 58095e90-3010-492a-9083-43cf2e035c3f: shutdown FollowerState
2019-10-30 05:53:47,372 [grpc-default-executor-2] INFO  impl.RoleInfo (RoleInfo.java:shutdownFollowerState(121)) - 7fae3aed-4e76-4283-a599-f93f794625ab: shutdown FollowerState
2019-10-30 05:53:47,373 [Thread-2374] INFO  impl.FollowerState (FollowerState.java:run(117)) - 58095e90-3010-492a-9083-43cf2e035c3f@group-BCADF287A12B-FollowerState was interrupted: java.lang.InterruptedException: sleep interrupted
2019-10-30 05:53:47,373 [Thread-2375] INFO  impl.FollowerState (FollowerState.java:run(117)) - 7fae3aed-4e76-4283-a599-f93f794625ab@group-BCADF287A12B-FollowerState was interrupted: java.lang.InterruptedException: sleep interrupted
2019-10-30 05:53:47,373 [grpc-default-executor-1] INFO  impl.RoleInfo (RoleInfo.java:updateAndGet(143)) - 58095e90-3010-492a-9083-43cf2e035c3f: start FollowerState
2019-10-30 05:53:47,373 [grpc-default-executor-2] INFO  impl.RoleInfo (RoleInfo.java:updateAndGet(143)) - 7fae3aed-4e76-4283-a599-f93f794625ab: start FollowerState
2019-10-30 05:53:47,400 [9127dd83-037b-4d39-812f-66db56af525a@group-BCADF287A12B-LeaderElection320] INFO  impl.LeaderElection (LeaderElection.java:logAndReturn(56)) - 9127dd83-037b-4d39-812f-66db56af525a@group-BCADF287A12B-LeaderElection320: Election REJECTED; received 2 response(s) [9127dd83-037b-4d39-812f-66db56af525a<-7fae3aed-4e76-4283-a599-f93f794625ab#0:FAIL-t355, 9127dd83-037b-4d39-812f-66db56af525a<-58095e90-3010-492a-9083-43cf2e035c3f#0:FAIL-t355] and 0 exception(s); 9127dd83-037b-4d39-812f-66db56af525a@group-BCADF287A12B:t355, leader=null, voted=9127dd83-037b-4d39-812f-66db56af525a, raftlog=9127dd83-037b-4d39-812f-66db56af525a@group-BCADF287A12B-SegmentedRaftLog:OPENED:c-1,f-1,i0, conf=-1: [7fae3aed-4e76-4283-a599-f93f794625ab:192.168.34.21:41352, 58095e90-3010-492a-9083-43cf2e035c3f:192.168.34.21:45284, 9127dd83-037b-4d39-812f-66db56af525a:192.168.34.21:42063], old=null
2019-10-30 05:53:47,400 [9127dd83-037b-4d39-812f-66db56af525a@group-BCADF287A12B-LeaderElection320] INFO  impl.RaftServerImpl (RaftServerImpl.java:setRole(184)) - 9127dd83-037b-4d39-812f-66db56af525a@group-BCADF287A12B: changes role from CANDIDATE to FOLLOWER at term 355 for DISCOVERED_A_NEW_TERM
2019-10-30 05:53:47,400 [9127dd83-037b-4d39-812f-66db56af525a@group-BCADF287A12B-LeaderElection320] INFO  impl.RoleInfo (RoleInfo.java:shutdownLeaderElection(134)) - 9127dd83-037b-4d39-812f-66db56af525a: shutdown LeaderElection
2019-10-30 05:53:47,400 [9127dd83-037b-4d39-812f-66db56af525a@group-BCADF287A12B-LeaderElection320] INFO  impl.RoleInfo (RoleInfo.java:updateAndGet(143)) - 9127dd83-037b-4d39-812f-66db56af525a: start FollowerState
2019-10-30 05:53:47,481 [Thread-2382] INFO  impl.FollowerState (FollowerState.java:run(108)) - 9127dd83-037b-4d39-812f-66db56af525a@group-BCADF287A12B-FollowerState: change to CANDIDATE, lastRpcTime:81ms, electionTimeout:81ms
2019-10-30 05:53:47,482 [Thread-2382] INFO  impl.RoleInfo (RoleInfo.java:shutdownFollowerState(121)) - 9127dd83-037b-4d39-812f-66db56af525a: shutdown FollowerState
2019-10-30 05:53:47,482 [Thread-2382] INFO  impl.RaftServerImpl (RaftServerImpl.java:setRole(184)) - 9127dd83-037b-4d39-812f-66db56af525a@group-BCADF287A12B: changes role from  FOLLOWER to CANDIDATE at term 355 for changeToCandidate
2019-10-30 05:53:47,482 [Thread-2382] INFO  impl.RoleInfo (RoleInfo.java:updateAndGet(143)) - 9127dd83-037b-4d39-812f-66db56af525a: start LeaderElection
2019-10-30 05:53:47,485 [9127dd83-037b-4d39-812f-66db56af525a@group-BCADF287A12B-LeaderElection321] INFO  impl.LeaderElection (LeaderElection.java:askForVotes(178)) - 9127dd83-037b-4d39-812f-66db56af525a@group-BCADF287A12B-LeaderElection321: begin an election at term 356 for -1: [7fae3aed-4e76-4283-a599-f93f794625ab:192.168.34.21:41352, 58095e90-3010-492a-9083-43cf2e035c3f:192.168.34.21:45284, 9127dd83-037b-4d39-812f-66db56af525a:192.168.34.21:42063], old=null
2019-10-30 05:53:47,487 [grpc-default-executor-2] INFO  impl.RaftServerImpl (RaftServerImpl.java:setRole(184)) - 7fae3aed-4e76-4283-a599-f93f794625ab@group-BCADF287A12B: changes role from  FOLLOWER to FOLLOWER at term 356 for recognizeCandidate:9127dd83-037b-4d39-812f-66db56af525a
2019-10-30 05:53:47,487 [grpc-default-executor-2] INFO  impl.RoleInfo (RoleInfo.java:shutdownFollowerState(121)) - 7fae3aed-4e76-4283-a599-f93f794625ab: shutdown FollowerState
2019-10-30 05:53:47,487 [grpc-default-executor-2] INFO  impl.RoleInfo (RoleInfo.java:updateAndGet(143)) - 7fae3aed-4e76-4283-a599-f93f794625ab: start FollowerState
2019-10-30 05:53:47,487 [Thread-2381] INFO  impl.FollowerState (FollowerState.java:run(117)) - 7fae3aed-4e76-4283-a599-f93f794625ab@group-BCADF287A12B-FollowerState was interrupted: java.lang.InterruptedException: sleep interrupted
2019-10-30 05:53:47,488 [grpc-default-executor-1] INFO  impl.RaftServerImpl (RaftServerImpl.java:setRole(184)) - 58095e90-3010-492a-9083-43cf2e035c3f@group-BCADF287A12B: changes role from  FOLLOWER to FOLLOWER at term 356 for recognizeCandidate:9127dd83-037b-4d39-812f-66db56af525a
2019-10-30 05:53:47,488 [grpc-default-executor-1] INFO  impl.RoleInfo (RoleInfo.java:shutdownFollowerState(121)) - 58095e90-3010-492a-9083-43cf2e035c3f: shutdown FollowerState
2019-10-30 05:53:47,488 [grpc-default-executor-1] INFO  impl.RoleInfo (RoleInfo.java:updateAndGet(143)) - 58095e90-3010-492a-9083-43cf2e035c3f: start FollowerState
2019-10-30 05:53:47,488 [Thread-2380] INFO  impl.FollowerState (FollowerState.java:run(117)) - 58095e90-3010-492a-9083-43cf2e035c3f@group-BCADF287A12B-FollowerState was interrupted: java.lang.InterruptedException: sleep interrupted
2019-10-30 05:53:47,490 [9127dd83-037b-4d39-812f-66db56af525a@group-BCADF287A12B-LeaderElection321] INFO  impl.LeaderElection (LeaderElection.java:logAndReturn(56)) - 9127dd83-037b-4d39-812f-66db56af525a@group-BCADF287A12B-LeaderElection321: Election TIMEOUT; received 0 response(s) [] and 0 exception(s); 9127dd83-037b-4d39-812f-66db56af525a@group-BCADF287A12B:t356, leader=null, voted=9127dd83-037b-4d39-812f-66db56af525a, raftlog=9127dd83-037b-4d39-812f-66db56af525a@group-BCADF287A12B-SegmentedRaftLog:OPENED:c-1,f-1,i0, conf=-1: [7fae3aed-4e76-4283-a599-f93f794625ab:192.168.34.21:41352, 58095e90-3010-492a-9083-43cf2e035c3f:192.168.34.21:45284, 9127dd83-037b-4d39-812f-66db56af525a:192.168.34.21:42063], old=null
2019-10-30 05:53:47,514 [9127dd83-037b-4d39-812f-66db56af525a@group-BCADF287A12B-LeaderElection321] INFO  impl.LeaderElection (LeaderElection.java:askForVotes(178)) - 9127dd83-037b-4d39-812f-66db56af525a@group-BCADF287A12B-LeaderElection321: begin an election at term 357 for -1: [7fae3aed-4e76-4283-a599-f93f794625ab:192.168.34.21:41352, 58095e90-3010-492a-9083-43cf2e035c3f:192.168.34.21:45284, 9127dd83-037b-4d39-812f-66db56af525a:192.168.34.21:42063], old=null
2019-10-30 05:53:47,516 [grpc-default-executor-2] INFO  impl.RaftServerImpl (RaftServerImpl.java:setRole(184)) - 7fae3aed-4e76-4283-a599-f93f794625ab@group-BCADF287A12B: changes role from  FOLLOWER to FOLLOWER at term 357 for recognizeCandidate:9127dd83-037b-4d39-812f-66db56af525a
2019-10-30 05:53:47,516 [grpc-default-executor-2] INFO  impl.RoleInfo (RoleInfo.java:shutdownFollowerState(121)) - 7fae3aed-4e76-4283-a599-f93f794625ab: shutdown FollowerState
2019-10-30 05:53:47,516 [grpc-default-executor-2] INFO  impl.RoleInfo (RoleInfo.java:updateAndGet(143)) - 7fae3aed-4e76-4283-a599-f93f794625ab: start FollowerState
2019-10-30 05:53:47,516 [Thread-2386] INFO  impl.FollowerState (FollowerState.java:run(117)) - 7fae3aed-4e76-4283-a599-f93f794625ab@group-BCADF287A12B-FollowerState was interrupted: java.lang.InterruptedException: sleep interrupted
2019-10-30 05:53:47,517 [grpc-default-executor-1] INFO  impl.RaftServerImpl (RaftServerImpl.java:setRole(184)) - 58095e90-3010-492a-9083-43cf2e035c3f@group-BCADF287A12B: changes role from  FOLLOWER to FOLLOWER at term 357 for recognizeCandidate:9127dd83-037b-4d39-812f-66db56af525a
2019-10-30 05:53:47,517 [grpc-default-executor-1] INFO  impl.RoleInfo (RoleInfo.java:shutdownFollowerState(121)) - 58095e90-3010-492a-9083-43cf2e035c3f: shutdown FollowerState
2019-10-30 05:53:47,517 [grpc-default-executor-1] INFO  impl.RoleInfo (RoleInfo.java:updateAndGet(143)) - 58095e90-3010-492a-9083-43cf2e035c3f: start FollowerState
2019-10-30 05:53:47,517 [Thread-2387] INFO  impl.FollowerState (FollowerState.java:run(117)) - 58095e90-3010-492a-9083-43cf2e035c3f@group-BCADF287A12B-FollowerState was interrupted: java.lang.InterruptedException: sleep interrupted
2019-10-30 05:53:47,530 [9127dd83-037b-4d39-812f-66db56af525a@group-BCADF287A12B-LeaderElection321] INFO  impl.LeaderElection (LeaderElection.java:logAndReturn(56)) - 9127dd83-037b-4d39-812f-66db56af525a@group-BCADF287A12B-LeaderElection321: Election REJECTED; received 2 response(s) [9127dd83-037b-4d39-812f-66db56af525a<-7fae3aed-4e76-4283-a599-f93f794625ab#0:FAIL-t357, 9127dd83-037b-4d39-812f-66db56af525a<-58095e90-3010-492a-9083-43cf2e035c3f#0:FAIL-t357] and 0 exception(s); 9127dd83-037b-4d39-812f-66db56af525a@group-BCADF287A12B:t357, leader=null, voted=9127dd83-037b-4d39-812f-66db56af525a, raftlog=9127dd83-037b-4d39-812f-66db56af525a@group-BCADF287A12B-SegmentedRaftLog:OPENED:c-1,f-1,i0, conf=-1: [7fae3aed-4e76-4283-a599-f93f794625ab:192.168.34.21:41352, 58095e90-3010-492a-9083-43cf2e035c3f:192.168.34.21:45284, 9127dd83-037b-4d39-812f-66db56af525a:192.168.34.21:42063], old=null
2019-10-30 05:53:47,530 [9127dd83-037b-4d39-812f-66db56af525a@group-BCADF287A12B-LeaderElection321] INFO  impl.RaftServerImpl (RaftServerImpl.java:setRole(184)) - 9127dd83-037b-4d39-812f-66db56af525a@group-BCADF287A12B: changes role from CANDIDATE to FOLLOWER at term 357 for DISCOVERED_A_NEW_TERM
2019-10-30 05:53:47,530 [9127dd83-037b-4d39-812f-66db56af525a@group-BCADF287A12B-LeaderElection321] INFO  impl.RoleInfo (RoleInfo.java:shutdownLeaderElection(134)) - 9127dd83-037b-4d39-812f-66db56af525a: shutdown LeaderElection
2019-10-30 05:53:47,530 [9127dd83-037b-4d39-812f-66db56af525a@group-BCADF287A12B-LeaderElection321] INFO  impl.RoleInfo (RoleInfo.java:updateAndGet(143)) - 9127dd83-037b-4d39-812f-66db56af525a: start FollowerState
2019-10-30 05:53:47,636 [Thread-2394] INFO  impl.FollowerState (FollowerState.java:run(108)) - 9127dd83-037b-4d39-812f-66db56af525a@group-BCADF287A12B-FollowerState: change to CANDIDATE, lastRpcTime:106ms, electionTimeout:106ms
2019-10-30 05:53:47,637 [Thread-2394] INFO  impl.RoleInfo (RoleInfo.java:shutdownFollowerState(121)) - 9127dd83-037b-4d39-812f-66db56af525a: shutdown FollowerState
2019-10-30 05:53:47,637 [Thread-2394] INFO  impl.RaftServerImpl (RaftServerImpl.java:setRole(184)) - 9127dd83-037b-4d39-812f-66db56af525a@group-BCADF287A12B: changes role from  FOLLOWER to CANDIDATE at term 357 for changeToCandidate
2019-10-30 05:53:47,637 [Thread-2394] INFO  impl.RoleInfo (RoleInfo.java:updateAndGet(143)) - 9127dd83-037b-4d39-812f-66db56af525a: start LeaderElection
2019-10-30 05:53:47,651 [9127dd83-037b-4d39-812f-66db56af525a@group-BCADF287A12B-LeaderElection322] INFO  impl.LeaderElection (LeaderElection.java:askForVotes(178)) - 9127dd83-037b-4d39-812f-66db56af525a@group-BCADF287A12B-LeaderElection322: begin an election at term 358 for -1: [7fae3aed-4e76-4283-a599-f93f794625ab:192.168.34.21:41352, 58095e90-3010-492a-9083-43cf2e035c3f:192.168.34.21:45284, 9127dd83-037b-4d39-812f-66db56af525a:192.168.34.21:42063], old=null
2019-10-30 05:53:47,653 [grpc-default-executor-1] INFO  impl.RaftServerImpl (RaftServerImpl.java:setRole(184)) - 58095e90-3010-492a-9083-43cf2e035c3f@group-BCADF287A12B: changes role from  FOLLOWER to FOLLOWER at term 358 for recognizeCandidate:9127dd83-037b-4d39-812f-66db56af525a
2019-10-30 05:53:47,653 [grpc-default-executor-1] INFO  impl.RoleInfo (RoleInfo.java:shutdownFollowerState(121)) - 58095e90-3010-492a-9083-43cf2e035c3f: shutdown FollowerState
2019-10-30 05:53:47,654 [grpc-default-executor-1] INFO  impl.RoleInfo (RoleInfo.java:updateAndGet(143)) - 58095e90-3010-492a-9083-43cf2e035c3f: start FollowerState
2019-10-30 05:53:47,654 [Thread-2393] INFO  impl.FollowerState (FollowerState.java:run(117)) - 58095e90-3010-492a-9083-43cf2e035c3f@group-BCADF287A12B-FollowerState was interrupted: java.lang.InterruptedException: sleep interrupted
2019-10-30 05:53:47,657 [grpc-default-executor-2] INFO  impl.RaftServerImpl (RaftServerImpl.java:setRole(184)) - 7fae3aed-4e76-4283-a599-f93f794625ab@group-BCADF287A12B: changes role from  FOLLOWER to FOLLOWER at term 358 for recognizeCandidate:9127dd83-037b-4d39-812f-66db56af525a
2019-10-30 05:53:47,657 [grpc-default-executor-2] INFO  impl.RoleInfo (RoleInfo.java:shutdownFollowerState(121)) - 7fae3aed-4e76-4283-a599-f93f794625ab: shutdown FollowerState
2019-10-30 05:53:47,657 [grpc-default-executor-2] INFO  impl.RoleInfo (RoleInfo.java:updateAndGet(143)) - 7fae3aed-4e76-4283-a599-f93f794625ab: start FollowerState
2019-10-30 05:53:47,657 [Thread-2392] INFO  impl.FollowerState (FollowerState.java:run(117)) - 7fae3aed-4e76-4283-a599-f93f794625ab@group-BCADF287A12B-FollowerState was interrupted: java.lang.InterruptedException: sleep interrupted
2019-10-30 05:53:47,668 [9127dd83-037b-4d39-812f-66db56af525a@group-BCADF287A12B-LeaderElection322] INFO  impl.LeaderElection (LeaderElection.java:logAndReturn(56)) - 9127dd83-037b-4d39-812f-66db56af525a@group-BCADF287A12B-LeaderElection322: Election REJECTED; received 2 response(s) [9127dd83-037b-4d39-812f-66db56af525a<-7fae3aed-4e76-4283-a599-f93f794625ab#0:FAIL-t358, 9127dd83-037b-4d39-812f-66db56af525a<-58095e90-3010-492a-9083-43cf2e035c3f#0:FAIL-t358] and 0 exception(s); 9127dd83-037b-4d39-812f-66db56af525a@group-BCADF287A12B:t358, leader=null, voted=9127dd83-037b-4d39-812f-66db56af525a, raftlog=9127dd83-037b-4d39-812f-66db56af525a@group-BCADF287A12B-SegmentedRaftLog:OPENED:c-1,f-1,i0, conf=-1: [7fae3aed-4e76-4283-a599-f93f794625ab:192.168.34.21:41352, 58095e90-3010-492a-9083-43cf2e035c3f:192.168.34.21:45284, 9127dd83-037b-4d39-812f-66db56af525a:192.168.34.21:42063], old=null
2019-10-30 05:53:47,669 [9127dd83-037b-4d39-812f-66db56af525a@group-BCADF287A12B-LeaderElection322] INFO  impl.RaftServerImpl (RaftServerImpl.java:setRole(184)) - 9127dd83-037b-4d39-812f-66db56af525a@group-BCADF287A12B: changes role from CANDIDATE to FOLLOWER at term 358 for DISCOVERED_A_NEW_TERM
2019-10-30 05:53:47,669 [9127dd83-037b-4d39-812f-66db56af525a@group-BCADF287A12B-LeaderElection322] INFO  impl.RoleInfo (RoleInfo.java:shutdownLeaderElection(134)) - 9127dd83-037b-4d39-812f-66db56af525a: shutdown LeaderElection
2019-10-30 05:53:47,669 [9127dd83-037b-4d39-812f-66db56af525a@group-BCADF287A12B-LeaderElection322] INFO  impl.RoleInfo (RoleInfo.java:updateAndGet(143)) - 9127dd83-037b-4d39-812f-66db56af525a: start FollowerState
2019-10-30 05:53:47,673 [Thread-2400] INFO  impl.FollowerState (FollowerState.java:run(108)) - 9127dd83-037b-4d39-812f-66db56af525a@group-BCADF287A12B-FollowerState: change to CANDIDATE, lastRpcTime:4ms, electionTimeout:4ms
2019-10-30 05:53:47,674 [Thread-2400] INFO  impl.RoleInfo (RoleInfo.java:shutdownFollowerState(121)) - 9127dd83-037b-4d39-812f-66db56af525a: shutdown FollowerState
2019-10-30 05:53:47,674 [Thread-2400] INFO  impl.RaftServerImpl (RaftServerImpl.java:setRole(184)) - 9127dd83-037b-4d39-812f-66db56af525a@group-BCADF287A12B: changes role from  FOLLOWER to CANDIDATE at term 358 for changeToCandidate
2019-10-30 05:53:47,674 [Thread-2400] INFO  impl.RoleInfo (RoleInfo.java:updateAndGet(143)) - 9127dd83-037b-4d39-812f-66db56af525a: start LeaderElection
2019-10-30 05:53:47,702 [9127dd83-037b-4d39-812f-66db56af525a@group-BCADF287A12B-LeaderElection323] INFO  impl.LeaderElection (LeaderElection.java:askForVotes(178)) - 9127dd83-037b-4d39-812f-66db56af525a@group-BCADF287A12B-LeaderElection323: begin an election at term 359 for -1: [7fae3aed-4e76-4283-a599-f93f794625ab:192.168.34.21:41352, 58095e90-3010-492a-9083-43cf2e035c3f:192.168.34.21:45284, 9127dd83-037b-4d39-812f-66db56af525a:192.168.34.21:42063], old=null
2019-10-30 05:53:47,704 [grpc-default-executor-2] INFO  impl.RaftServerImpl (RaftServerImpl.java:setRole(184)) - 7fae3aed-4e76-4283-a599-f93f794625ab@group-BCADF287A12B: changes role from  FOLLOWER to FOLLOWER at term 359 for recognizeCandidate:9127dd83-037b-4d39-812f-66db56af525a
2019-10-30 05:53:47,704 [grpc-default-executor-2] INFO  impl.RoleInfo (RoleInfo.java:shutdownFollowerState(121)) - 7fae3aed-4e76-4283-a599-f93f794625ab: shutdown FollowerState
2019-10-30 05:53:47,704 [grpc-default-executor-1] INFO  impl.RaftServerImpl (RaftServerImpl.java:setRole(184)) - 58095e90-3010-492a-9083-43cf2e035c3f@group-BCADF287A12B: changes role from  FOLLOWER to FOLLOWER at term 359 for recognizeCandidate:9127dd83-037b-4d39-812f-66db56af525a
2019-10-30 05:53:47,704 [Thread-2399] INFO  impl.FollowerState (FollowerState.java:run(117)) - 7fae3aed-4e76-4283-a599-f93f794625ab@group-BCADF287A12B-FollowerState was interrupted: java.lang.InterruptedException: sleep interrupted
2019-10-30 05:53:47,704 [grpc-default-executor-2] INFO  impl.RoleInfo (RoleInfo.java:updateAndGet(143)) - 7fae3aed-4e76-4283-a599-f93f794625ab: start FollowerState
2019-10-30 05:53:47,704 [grpc-default-executor-1] INFO  impl.RoleInfo (RoleInfo.java:shutdownFollowerState(121)) - 58095e90-3010-492a-9083-43cf2e035c3f: shutdown FollowerState
2019-10-30 05:53:47,705 [grpc-default-executor-1] INFO  impl.RoleInfo (RoleInfo.java:updateAndGet(143)) - 58095e90-3010-492a-9083-43cf2e035c3f: start FollowerState
2019-10-30 05:53:47,705 [Thread-2398] INFO  impl.FollowerState (FollowerState.java:run(117)) - 58095e90-3010-492a-9083-43cf2e035c3f@group-BCADF287A12B-FollowerState was interrupted: java.lang.InterruptedException: sleep interrupted
2019-10-30 05:53:47,711 [9127dd83-037b-4d39-812f-66db56af525a@group-BCADF287A12B-LeaderElection323] INFO  impl.LeaderElection (LeaderElection.java:logAndReturn(56)) - 9127dd83-037b-4d39-812f-66db56af525a@group-BCADF287A12B-LeaderElection323: Election REJECTED; received 2 response(s) [9127dd83-037b-4d39-812f-66db56af525a<-7fae3aed-4e76-4283-a599-f93f794625ab#0:FAIL-t359, 9127dd83-037b-4d39-812f-66db56af525a<-58095e90-3010-492a-9083-43cf2e035c3f#0:FAIL-t359] and 0 exception(s); 9127dd83-037b-4d39-812f-66db56af525a@group-BCADF287A12B:t359, leader=null, voted=9127dd83-037b-4d39-812f-66db56af525a, raftlog=9127dd83-037b-4d39-812f-66db56af525a@group-BCADF287A12B-SegmentedRaftLog:OPENED:c-1,f-1,i0, conf=-1: [7fae3aed-4e76-4283-a599-f93f794625ab:192.168.34.21:41352, 58095e90-3010-492a-9083-43cf2e035c3f:192.168.34.21:45284, 9127dd83-037b-4d39-812f-66db56af525a:192.168.34.21:42063], old=null
2019-10-30 05:53:47,711 [9127dd83-037b-4d39-812f-66db56af525a@group-BCADF287A12B-LeaderElection323] INFO  impl.RaftServerImpl (RaftServerImpl.java:setRole(184)) - 9127dd83-037b-4d39-812f-66db56af525a@group-BCADF287A12B: changes role from CANDIDATE to FOLLOWER at term 359 for DISCOVERED_A_NEW_TERM
2019-10-30 05:53:47,712 [9127dd83-037b-4d39-812f-66db56af525a@group-BCADF287A12B-LeaderElection323] INFO  impl.RoleInfo (RoleInfo.java:shutdownLeaderElection(134)) - 9127dd83-037b-4d39-812f-66db56af525a: shutdown LeaderElection
2019-10-30 05:53:47,712 [9127dd83-037b-4d39-812f-66db56af525a@group-BCADF287A12B-LeaderElection323] INFO  impl.RoleInfo (RoleInfo.java:updateAndGet(143)) - 9127dd83-037b-4d39-812f-66db56af525a: start FollowerState
2019-10-30 05:53:47,860 [Thread-2406] INFO  impl.FollowerState (FollowerState.java:run(108)) - 9127dd83-037b-4d39-812f-66db56af525a@group-BCADF287A12B-FollowerState: change to CANDIDATE, lastRpcTime:148ms, electionTimeout:148ms
2019-10-30 05:53:47,860 [Thread-2406] INFO  impl.RoleInfo (RoleInfo.java:shutdownFollowerState(121)) - 9127dd83-037b-4d39-812f-66db56af525a: shutdown FollowerState
2019-10-30 05:53:47,861 [Thread-2406] INFO  impl.RaftServerImpl (RaftServerImpl.java:setRole(184)) - 9127dd83-037b-4d39-812f-66db56af525a@group-BCADF287A12B: changes role from  FOLLOWER to CANDIDATE at term 359 for changeToCandidate
2019-10-30 05:53:47,861 [Thread-2406] INFO  impl.RoleInfo (RoleInfo.java:updateAndGet(143)) - 9127dd83-037b-4d39-812f-66db56af525a: start LeaderElection
2019-10-30 05:53:47,870 [9127dd83-037b-4d39-812f-66db56af525a@group-BCADF287A12B-LeaderElection324] INFO  impl.LeaderElection (LeaderElection.java:askForVotes(178)) - 9127dd83-037b-4d39-812f-66db56af525a@group-BCADF287A12B-LeaderElection324: begin an election at term 360 for -1: [7fae3aed-4e76-4283-a599-f93f794625ab:192.168.34.21:41352, 58095e90-3010-492a-9083-43cf2e035c3f:192.168.34.21:45284, 9127dd83-037b-4d39-812f-66db56af525a:192.168.34.21:42063], old=null
2019-10-30 05:53:47,872 [grpc-default-executor-2] INFO  impl.RaftServerImpl (RaftServerImpl.java:setRole(184)) - 7fae3aed-4e76-4283-a599-f93f794625ab@group-BCADF287A12B: changes role from  FOLLOWER to FOLLOWER at term 360 for recognizeCandidate:9127dd83-037b-4d39-812f-66db56af525a
2019-10-30 05:53:47,873 [grpc-default-executor-2] INFO  impl.RoleInfo (RoleInfo.java:shutdownFollowerState(121)) - 7fae3aed-4e76-4283-a599-f93f794625ab: shutdown FollowerState
2019-10-30 05:53:47,873 [grpc-default-executor-2] INFO  impl.RoleInfo (RoleInfo.java:updateAndGet(143)) - 7fae3aed-4e76-4283-a599-f93f794625ab: start FollowerState
2019-10-30 05:53:47,873 [Thread-2404] INFO  impl.FollowerState (FollowerState.java:run(117)) - 7fae3aed-4e76-4283-a599-f93f794625ab@group-BCADF287A12B-FollowerState was interrupted: java.lang.InterruptedException: sleep interrupted
2019-10-30 05:53:47,873 [grpc-default-executor-1] INFO  impl.RaftServerImpl (RaftServerImpl.java:setRole(184)) - 58095e90-3010-492a-9083-43cf2e035c3f@group-BCADF287A12B: changes role from  FOLLOWER to FOLLOWER at term 360 for recognizeCandidate:9127dd83-037b-4d39-812f-66db56af525a
2019-10-30 05:53:47,873 [grpc-default-executor-1] INFO  impl.RoleInfo (RoleInfo.java:shutdownFollowerState(121)) - 58095e90-3010-492a-9083-43cf2e035c3f: shutdown FollowerState
2019-10-30 05:53:47,873 [grpc-default-executor-1] INFO  impl.RoleInfo (RoleInfo.java:updateAndGet(143)) - 58095e90-3010-492a-9083-43cf2e035c3f: start FollowerState
2019-10-30 05:53:47,873 [Thread-2405] INFO  impl.FollowerState (FollowerState.java:run(117)) - 58095e90-3010-492a-9083-43cf2e035c3f@group-BCADF287A12B-FollowerState was interrupted: java.lang.InterruptedException: sleep interrupted
2019-10-30 05:53:47,899 [9127dd83-037b-4d39-812f-66db56af525a@group-BCADF287A12B-LeaderElection324] INFO  impl.LeaderElection (LeaderElection.java:logAndReturn(56)) - 9127dd83-037b-4d39-812f-66db56af525a@group-BCADF287A12B-LeaderElection324: Election TIMEOUT; received 1 response(s) [9127dd83-037b-4d39-812f-66db56af525a<-58095e90-3010-492a-9083-43cf2e035c3f#0:FAIL-t360] and 0 exception(s); 9127dd83-037b-4d39-812f-66db56af525a@group-BCADF287A12B:t360, leader=null, voted=9127dd83-037b-4d39-812f-66db56af525a, raftlog=9127dd83-037b-4d39-812f-66db56af525a@group-BCADF287A12B-SegmentedRaftLog:OPENED:c-1,f-1,i0, conf=-1: [7fae3aed-4e76-4283-a599-f93f794625ab:192.168.34.21:41352, 58095e90-3010-492a-9083-43cf2e035c3f:192.168.34.21:45284, 9127dd83-037b-4d39-812f-66db56af525a:192.168.34.21:42063], old=null
2019-10-30 05:53:47,925 [9127dd83-037b-4d39-812f-66db56af525a@group-BCADF287A12B-LeaderElection324] INFO  impl.LeaderElection (LeaderElection.java:askForVotes(178)) - 9127dd83-037b-4d39-812f-66db56af525a@group-BCADF287A12B-LeaderElection324: begin an election at term 361 for -1: [7fae3aed-4e76-4283-a599-f93f794625ab:192.168.34.21:41352, 58095e90-3010-492a-9083-43cf2e035c3f:192.168.34.21:45284, 9127dd83-037b-4d39-812f-66db56af525a:192.168.34.21:42063], old=null
2019-10-30 05:53:47,927 [grpc-default-executor-1] INFO  impl.RaftServerImpl (RaftServerImpl.java:setRole(184)) - 7fae3aed-4e76-4283-a599-f93f794625ab@group-BCADF287A12B: changes role from  FOLLOWER to FOLLOWER at term 361 for recognizeCandidate:9127dd83-037b-4d39-812f-66db56af525a
2019-10-30 05:53:47,927 [grpc-default-executor-1] INFO  impl.RoleInfo (RoleInfo.java:shutdownFollowerState(121)) - 7fae3aed-4e76-4283-a599-f93f794625ab: shutdown FollowerState
2019-10-30 05:53:47,927 [grpc-default-executor-1] INFO  impl.RoleInfo (RoleInfo.java:updateAndGet(143)) - 7fae3aed-4e76-4283-a599-f93f794625ab: start FollowerState
2019-10-30 05:53:47,927 [Thread-2410] INFO  impl.FollowerState (FollowerState.java:run(117)) - 7fae3aed-4e76-4283-a599-f93f794625ab@group-BCADF287A12B-FollowerState was interrupted: java.lang.InterruptedException: sleep interrupted
2019-10-30 05:53:47,928 [grpc-default-executor-2] INFO  impl.RaftServerImpl (RaftServerImpl.java:setRole(184)) - 58095e90-3010-492a-9083-43cf2e035c3f@group-BCADF287A12B: changes role from  FOLLOWER to FOLLOWER at term 361 for recognizeCandidate:9127dd83-037b-4d39-812f-66db56af525a
2019-10-30 05:53:47,928 [grpc-default-executor-2] INFO  impl.RoleInfo (RoleInfo.java:shutdownFollowerState(121)) - 58095e90-3010-492a-9083-43cf2e035c3f: shutdown FollowerState
2019-10-30 05:53:47,928 [grpc-default-executor-2] INFO  impl.RoleInfo (RoleInfo.java:updateAndGet(143)) - 58095e90-3010-492a-9083-43cf2e035c3f: start FollowerState
2019-10-30 05:53:47,929 [Thread-2411] INFO  impl.FollowerState (FollowerState.java:run(117)) - 58095e90-3010-492a-9083-43cf2e035c3f@group-BCADF287A12B-FollowerState was interrupted: java.lang.InterruptedException: sleep interrupted
2019-10-30 05:53:47,956 [9127dd83-037b-4d39-812f-66db56af525a@group-BCADF287A12B-LeaderElection324] INFO  impl.LeaderElection (LeaderElection.java:logAndReturn(56)) - 9127dd83-037b-4d39-812f-66db56af525a@group-BCADF287A12B-LeaderElection324: Election REJECTED; received 2 response(s) [9127dd83-037b-4d39-812f-66db56af525a<-7fae3aed-4e76-4283-a599-f93f794625ab#0:FAIL-t361, 9127dd83-037b-4d39-812f-66db56af525a<-58095e90-3010-492a-9083-43cf2e035c3f#0:FAIL-t361] and 0 exception(s); 9127dd83-037b-4d39-812f-66db56af525a@group-BCADF287A12B:t361, leader=null, voted=9127dd83-037b-4d39-812f-66db56af525a, raftlog=9127dd83-037b-4d39-812f-66db56af525a@group-BCADF287A12B-SegmentedRaftLog:OPENED:c-1,f-1,i0, conf=-1: [7fae3aed-4e76-4283-a599-f93f794625ab:192.168.34.21:41352, 58095e90-3010-492a-9083-43cf2e035c3f:192.168.34.21:45284, 9127dd83-037b-4d39-812f-66db56af525a:192.168.34.21:42063], old=null
2019-10-30 05:53:47,956 [9127dd83-037b-4d39-812f-66db56af525a@group-BCADF287A12B-LeaderElection324] INFO  impl.RaftServerImpl (RaftServerImpl.java:setRole(184)) - 9127dd83-037b-4d39-812f-66db56af525a@group-BCADF287A12B: changes role from CANDIDATE to FOLLOWER at term 361 for DISCOVERED_A_NEW_TERM
2019-10-30 05:53:47,956 [9127dd83-037b-4d39-812f-66db56af525a@group-BCADF287A12B-LeaderElection324] INFO  impl.RoleInfo (RoleInfo.java:shutdownLeaderElection(134)) - 9127dd83-037b-4d39-812f-66db56af525a: shutdown LeaderElection
2019-10-30 05:53:47,956 [9127dd83-037b-4d39-812f-66db56af525a@group-BCADF287A12B-LeaderElection324] INFO  impl.RoleInfo (RoleInfo.java:updateAndGet(143)) - 9127dd83-037b-4d39-812f-66db56af525a: start FollowerState
2019-10-30 05:53:47,978 [Thread-2416] INFO  impl.FollowerState (FollowerState.java:run(108)) - 9127dd83-037b-4d39-812f-66db56af525a@group-BCADF287A12B-FollowerState: change to CANDIDATE, lastRpcTime:21ms, electionTimeout:21ms
2019-10-30 05:53:47,978 [Thread-2416] INFO  impl.RoleInfo (RoleInfo.java:shutdownFollowerState(121)) - 9127dd83-037b-4d39-812f-66db56af525a: shutdown FollowerState
2019-10-30 05:53:47,978 [Thread-2416] INFO  impl.RaftServerImpl (RaftServerImpl.java:setRole(184)) - 9127dd83-037b-4d39-812f-66db56af525a@group-BCADF287A12B: changes role from  FOLLOWER to CANDIDATE at term 361 for changeToCandidate
2019-10-30 05:53:47,978 [Thread-2416] INFO  impl.RoleInfo (RoleInfo.java:updateAndGet(143)) - 9127dd83-037b-4d39-812f-66db56af525a: start LeaderElection
2019-10-30 05:53:47,982 [9127dd83-037b-4d39-812f-66db56af525a@group-BCADF287A12B-LeaderElection325] INFO  impl.LeaderElection (LeaderElection.java:askForVotes(178)) - 9127dd83-037b-4d39-812f-66db56af525a@group-BCADF287A12B-LeaderElection325: begin an election at term 362 for -1: [7fae3aed-4e76-4283-a599-f93f794625ab:192.168.34.21:41352, 58095e90-3010-492a-9083-43cf2e035c3f:192.168.34.21:45284, 9127dd83-037b-4d39-812f-66db56af525a:192.168.34.21:42063], old=null
2019-10-30 05:53:47,985 [grpc-default-executor-1] INFO  impl.RaftServerImpl (RaftServerImpl.java:setRole(184)) - 58095e90-3010-492a-9083-43cf2e035c3f@group-BCADF287A12B: changes role from  FOLLOWER to FOLLOWER at term 362 for recognizeCandidate:9127dd83-037b-4d39-812f-66db56af525a
2019-10-30 05:53:47,985 [grpc-default-executor-1] INFO  impl.RoleInfo (RoleInfo.java:shutdownFollowerState(121)) - 58095e90-3010-492a-9083-43cf2e035c3f: shutdown FollowerState
2019-10-30 05:53:47,985 [grpc-default-executor-1] INFO  impl.RoleInfo (RoleInfo.java:updateAndGet(143)) - 58095e90-3010-492a-9083-43cf2e035c3f: start FollowerState
2019-10-30 05:53:47,985 [Thread-2415] INFO  impl.FollowerState (FollowerState.java:run(117)) - 58095e90-3010-492a-9083-43cf2e035c3f@group-BCADF287A12B-FollowerState was interrupted: java.lang.InterruptedException: sleep interrupted
2019-10-30 05:53:47,987 [grpc-default-executor-2] INFO  impl.RaftServerImpl (RaftServerImpl.java:setRole(184)) - 7fae3aed-4e76-4283-a599-f93f794625ab@group-BCADF287A12B: changes role from  FOLLOWER to FOLLOWER at term 362 for recognizeCandidate:9127dd83-037b-4d39-812f-66db56af525a
2019-10-30 05:53:47,987 [grpc-default-executor-2] INFO  impl.RoleInfo (RoleInfo.java:shutdownFollowerState(121)) - 7fae3aed-4e76-4283-a599-f93f794625ab: shutdown FollowerState
2019-10-30 05:53:47,987 [Thread-2414] INFO  impl.FollowerState (FollowerState.java:run(117)) - 7fae3aed-4e76-4283-a599-f93f794625ab@group-BCADF287A12B-FollowerState was interrupted: java.lang.InterruptedException: sleep interrupted
2019-10-30 05:53:47,988 [grpc-default-executor-2] INFO  impl.RoleInfo (RoleInfo.java:updateAndGet(143)) - 7fae3aed-4e76-4283-a599-f93f794625ab: start FollowerState
2019-10-30 05:53:47,996 [9127dd83-037b-4d39-812f-66db56af525a@group-BCADF287A12B-LeaderElection325] INFO  impl.LeaderElection (LeaderElection.java:logAndReturn(56)) - 9127dd83-037b-4d39-812f-66db56af525a@group-BCADF287A12B-LeaderElection325: Election REJECTED; received 2 response(s) [9127dd83-037b-4d39-812f-66db56af525a<-7fae3aed-4e76-4283-a599-f93f794625ab#0:FAIL-t362, 9127dd83-037b-4d39-812f-66db56af525a<-58095e90-3010-492a-9083-43cf2e035c3f#0:FAIL-t362] and 0 exception(s); 9127dd83-037b-4d39-812f-66db56af525a@group-BCADF287A12B:t362, leader=null, voted=9127dd83-037b-4d39-812f-66db56af525a, raftlog=9127dd83-037b-4d39-812f-66db56af525a@group-BCADF287A12B-SegmentedRaftLog:OPENED:c-1,f-1,i0, conf=-1: [7fae3aed-4e76-4283-a599-f93f794625ab:192.168.34.21:41352, 58095e90-3010-492a-9083-43cf2e035c3f:192.168.34.21:45284, 9127dd83-037b-4d39-812f-66db56af525a:192.168.34.21:42063], old=null
2019-10-30 05:53:47,996 [9127dd83-037b-4d39-812f-66db56af525a@group-BCADF287A12B-LeaderElection325] INFO  impl.RaftServerImpl (RaftServerImpl.java:setRole(184)) - 9127dd83-037b-4d39-812f-66db56af525a@group-BCADF287A12B: changes role from CANDIDATE to FOLLOWER at term 362 for DISCOVERED_A_NEW_TERM
2019-10-30 05:53:47,996 [9127dd83-037b-4d39-812f-66db56af525a@group-BCADF287A12B-LeaderElection325] INFO  impl.RoleInfo (RoleInfo.java:shutdownLeaderElection(134)) - 9127dd83-037b-4d39-812f-66db56af525a: shutdown LeaderElection
2019-10-30 05:53:47,997 [9127dd83-037b-4d39-812f-66db56af525a@group-BCADF287A12B-LeaderElection325] INFO  impl.RoleInfo (RoleInfo.java:updateAndGet(143)) - 9127dd83-037b-4d39-812f-66db56af525a: start FollowerState
2019-10-30 05:53:48,112 [Thread-2422] INFO  impl.FollowerState (FollowerState.java:run(108)) - 9127dd83-037b-4d39-812f-66db56af525a@group-BCADF287A12B-FollowerState: change to CANDIDATE, lastRpcTime:115ms, electionTimeout:115ms
2019-10-30 05:53:48,112 [Thread-2422] INFO  impl.RoleInfo (RoleInfo.java:shutdownFollowerState(121)) - 9127dd83-037b-4d39-812f-66db56af525a: shutdown FollowerState
2019-10-30 05:53:48,112 [Thread-2422] INFO  impl.RaftServerImpl (RaftServerImpl.java:setRole(184)) - 9127dd83-037b-4d39-812f-66db56af525a@group-BCADF287A12B: changes role from  FOLLOWER to CANDIDATE at term 362 for changeToCandidate
2019-10-30 05:53:48,113 [Thread-2422] INFO  impl.RoleInfo (RoleInfo.java:updateAndGet(143)) - 9127dd83-037b-4d39-812f-66db56af525a: start LeaderElection
2019-10-30 05:53:48,138 [9127dd83-037b-4d39-812f-66db56af525a@group-BCADF287A12B-LeaderElection326] INFO  impl.LeaderElection (LeaderElection.java:askForVotes(178)) - 9127dd83-037b-4d39-812f-66db56af525a@group-BCADF287A12B-LeaderElection326: begin an election at term 363 for -1: [7fae3aed-4e76-4283-a599-f93f794625ab:192.168.34.21:41352, 58095e90-3010-492a-9083-43cf2e035c3f:192.168.34.21:45284, 9127dd83-037b-4d39-812f-66db56af525a:192.168.34.21:42063], old=null
2019-10-30 05:53:48,142 [grpc-default-executor-1] INFO  impl.RaftServerImpl (RaftServerImpl.java:setRole(184)) - 7fae3aed-4e76-4283-a599-f93f794625ab@group-BCADF287A12B: changes role from  FOLLOWER to FOLLOWER at term 363 for recognizeCandidate:9127dd83-037b-4d39-812f-66db56af525a
2019-10-30 05:53:48,148 [grpc-default-executor-1] INFO  impl.RoleInfo (RoleInfo.java:shutdownFollowerState(121)) - 7fae3aed-4e76-4283-a599-f93f794625ab: shutdown FollowerState
2019-10-30 05:53:48,149 [grpc-default-executor-1] INFO  impl.RoleInfo (RoleInfo.java:updateAndGet(143)) - 7fae3aed-4e76-4283-a599-f93f794625ab: start FollowerState
2019-10-30 05:53:48,149 [9127dd83-037b-4d39-812f-66db56af525a@group-BCADF287A12B-LeaderElection326] INFO  impl.LeaderElection (LeaderElection.java:logAndReturn(56)) - 9127dd83-037b-4d39-812f-66db56af525a@group-BCADF287A12B-LeaderElection326: Election TIMEOUT; received 0 response(s) [] and 0 exception(s); 9127dd83-037b-4d39-812f-66db56af525a@group-BCADF287A12B:t363, leader=null, voted=9127dd83-037b-4d39-812f-66db56af525a, raftlog=9127dd83-037b-4d39-812f-66db56af525a@group-BCADF287A12B-SegmentedRaftLog:OPENED:c-1,f-1,i0, conf=-1: [7fae3aed-4e76-4283-a599-f93f794625ab:192.168.34.21:41352, 58095e90-3010-492a-9083-43cf2e035c3f:192.168.34.21:45284, 9127dd83-037b-4d39-812f-66db56af525a:192.168.34.21:42063], old=null
2019-10-30 05:53:48,144 [grpc-default-executor-2] INFO  impl.RaftServerImpl (RaftServerImpl.java:setRole(184)) - 58095e90-3010-492a-9083-43cf2e035c3f@group-BCADF287A12B: changes role from  FOLLOWER to FOLLOWER at term 363 for recognizeCandidate:9127dd83-037b-4d39-812f-66db56af525a
2019-10-30 05:53:48,149 [Thread-2421] INFO  impl.FollowerState (FollowerState.java:run(117)) - 7fae3aed-4e76-4283-a599-f93f794625ab@group-BCADF287A12B-FollowerState was interrupted: java.lang.InterruptedException: sleep interrupted
2019-10-30 05:53:48,150 [grpc-default-executor-2] INFO  impl.RoleInfo (RoleInfo.java:shutdownFollowerState(121)) - 58095e90-3010-492a-9083-43cf2e035c3f: shutdown FollowerState
2019-10-30 05:53:48,150 [grpc-default-executor-2] INFO  impl.RoleInfo (RoleInfo.java:updateAndGet(143)) - 58095e90-3010-492a-9083-43cf2e035c3f: start FollowerState
2019-10-30 05:53:48,150 [Thread-2420] INFO  impl.FollowerState (FollowerState.java:run(117)) - 58095e90-3010-492a-9083-43cf2e035c3f@group-BCADF287A12B-FollowerState was interrupted: java.lang.InterruptedException: sleep interrupted
2019-10-30 05:53:48,156 [9127dd83-037b-4d39-812f-66db56af525a@group-BCADF287A12B-LeaderElection326] INFO  impl.LeaderElection (LeaderElection.java:askForVotes(178)) - 9127dd83-037b-4d39-812f-66db56af525a@group-BCADF287A12B-LeaderElection326: begin an election at term 364 for -1: [7fae3aed-4e76-4283-a599-f93f794625ab:192.168.34.21:41352, 58095e90-3010-492a-9083-43cf2e035c3f:192.168.34.21:45284, 9127dd83-037b-4d39-812f-66db56af525a:192.168.34.21:42063], old=null
2019-10-30 05:53:48,159 [grpc-default-executor-1] INFO  impl.RaftServerImpl (RaftServerImpl.java:setRole(184)) - 7fae3aed-4e76-4283-a599-f93f794625ab@group-BCADF287A12B: changes role from  FOLLOWER to FOLLOWER at term 364 for recognizeCandidate:9127dd83-037b-4d39-812f-66db56af525a
2019-10-30 05:53:48,159 [grpc-default-executor-1] INFO  impl.RoleInfo (RoleInfo.java:shutdownFollowerState(121)) - 7fae3aed-4e76-4283-a599-f93f794625ab: shutdown FollowerState
2019-10-30 05:53:48,159 [grpc-default-executor-1] INFO  impl.RoleInfo (RoleInfo.java:updateAndGet(143)) - 7fae3aed-4e76-4283-a599-f93f794625ab: start FollowerState
2019-10-30 05:53:48,159 [Thread-2426] INFO  impl.FollowerState (FollowerState.java:run(117)) - 7fae3aed-4e76-4283-a599-f93f794625ab@group-BCADF287A12B-FollowerState was interrupted: java.lang.InterruptedException: sleep interrupted
2019-10-30 05:53:48,160 [grpc-default-executor-2] INFO  impl.RaftServerImpl (RaftServerImpl.java:setRole(184)) - 58095e90-3010-492a-9083-43cf2e035c3f@group-BCADF287A12B: changes role from  FOLLOWER to FOLLOWER at term 364 for recognizeCandidate:9127dd83-037b-4d39-812f-66db56af525a
2019-10-30 05:53:48,160 [grpc-default-executor-2] INFO  impl.RoleInfo (RoleInfo.java:shutdownFollowerState(121)) - 58095e90-3010-492a-9083-43cf2e035c3f: shutdown FollowerState
2019-10-30 05:53:48,160 [grpc-default-executor-2] INFO  impl.RoleInfo (RoleInfo.java:updateAndGet(143)) - 58095e90-3010-492a-9083-43cf2e035c3f: start FollowerState
2019-10-30 05:53:48,160 [Thread-2427] INFO  impl.FollowerState (FollowerState.java:run(117)) - 58095e90-3010-492a-9083-43cf2e035c3f@group-BCADF287A12B-FollowerState was interrupted: java.lang.InterruptedException: sleep interrupted
2019-10-30 05:53:48,174 [9127dd83-037b-4d39-812f-66db56af525a@group-BCADF287A12B-LeaderElection326] INFO  impl.LeaderElection (LeaderElection.java:logAndReturn(56)) - 9127dd83-037b-4d39-812f-66db56af525a@group-BCADF287A12B-LeaderElection326: Election REJECTED; received 2 response(s) [9127dd83-037b-4d39-812f-66db56af525a<-7fae3aed-4e76-4283-a599-f93f794625ab#0:FAIL-t364, 9127dd83-037b-4d39-812f-66db56af525a<-58095e90-3010-492a-9083-43cf2e035c3f#0:FAIL-t364] and 0 exception(s); 9127dd83-037b-4d39-812f-66db56af525a@group-BCADF287A12B:t364, leader=null, voted=9127dd83-037b-4d39-812f-66db56af525a, raftlog=9127dd83-037b-4d39-812f-66db56af525a@group-BCADF287A12B-SegmentedRaftLog:OPENED:c-1,f-1,i0, conf=-1: [7fae3aed-4e76-4283-a599-f93f794625ab:192.168.34.21:41352, 58095e90-3010-492a-9083-43cf2e035c3f:192.168.34.21:45284, 9127dd83-037b-4d39-812f-66db56af525a:192.168.34.21:42063], old=null
2019-10-30 05:53:48,175 [9127dd83-037b-4d39-812f-66db56af525a@group-BCADF287A12B-LeaderElection326] INFO  impl.RaftServerImpl (RaftServerImpl.java:setRole(184)) - 9127dd83-037b-4d39-812f-66db56af525a@group-BCADF287A12B: changes role from CANDIDATE to FOLLOWER at term 364 for DISCOVERED_A_NEW_TERM
2019-10-30 05:53:48,175 [9127dd83-037b-4d39-812f-66db56af525a@group-BCADF287A12B-LeaderElection326] INFO  impl.RoleInfo (RoleInfo.java:shutdownLeaderElection(134)) - 9127dd83-037b-4d39-812f-66db56af525a: shutdown LeaderElection
2019-10-30 05:53:48,175 [9127dd83-037b-4d39-812f-66db56af525a@group-BCADF287A12B-LeaderElection326] INFO  impl.RoleInfo (RoleInfo.java:updateAndGet(143)) - 9127dd83-037b-4d39-812f-66db56af525a: start FollowerState
2019-10-30 05:53:48,228 [Thread-2432] INFO  impl.FollowerState (FollowerState.java:run(108)) - 9127dd83-037b-4d39-812f-66db56af525a@group-BCADF287A12B-FollowerState: change to CANDIDATE, lastRpcTime:53ms, electionTimeout:53ms
2019-10-30 05:53:48,229 [Thread-2432] INFO  impl.RoleInfo (RoleInfo.java:shutdownFollowerState(121)) - 9127dd83-037b-4d39-812f-66db56af525a: shutdown FollowerState
2019-10-30 05:53:48,229 [Thread-2432] INFO  impl.RaftServerImpl (RaftServerImpl.java:setRole(184)) - 9127dd83-037b-4d39-812f-66db56af525a@group-BCADF287A12B: changes role from  FOLLOWER to CANDIDATE at term 364 for changeToCandidate
2019-10-30 05:53:48,229 [Thread-2432] INFO  impl.RoleInfo (RoleInfo.java:updateAndGet(143)) - 9127dd83-037b-4d39-812f-66db56af525a: start LeaderElection
2019-10-30 05:53:48,232 [9127dd83-037b-4d39-812f-66db56af525a@group-BCADF287A12B-LeaderElection327] INFO  impl.LeaderElection (LeaderElection.java:askForVotes(178)) - 9127dd83-037b-4d39-812f-66db56af525a@group-BCADF287A12B-LeaderElection327: begin an election at term 365 for -1: [7fae3aed-4e76-4283-a599-f93f794625ab:192.168.34.21:41352, 58095e90-3010-492a-9083-43cf2e035c3f:192.168.34.21:45284, 9127dd83-037b-4d39-812f-66db56af525a:192.168.34.21:42063], old=null
2019-10-30 05:53:48,234 [grpc-default-executor-2] INFO  impl.RaftServerImpl (RaftServerImpl.java:setRole(184)) - 7fae3aed-4e76-4283-a599-f93f794625ab@group-BCADF287A12B: changes role from  FOLLOWER to FOLLOWER at term 365 for recognizeCandidate:9127dd83-037b-4d39-812f-66db56af525a
2019-10-30 05:53:48,234 [grpc-default-executor-2] INFO  impl.RoleInfo (RoleInfo.java:shutdownFollowerState(121)) - 7fae3aed-4e76-4283-a599-f93f794625ab: shutdown FollowerState
2019-10-30 05:53:48,234 [grpc-default-executor-1] INFO  impl.RaftServerImpl (RaftServerImpl.java:setRole(184)) - 58095e90-3010-492a-9083-43cf2e035c3f@group-BCADF287A12B: changes role from  FOLLOWER to FOLLOWER at term 365 for recognizeCandidate:9127dd83-037b-4d39-812f-66db56af525a
2019-10-30 05:53:48,234 [Thread-2430] INFO  impl.FollowerState (FollowerState.java:run(117)) - 7fae3aed-4e76-4283-a599-f93f794625ab@group-BCADF287A12B-FollowerState was interrupted: java.lang.InterruptedException: sleep interrupted
2019-10-30 05:53:48,234 [grpc-default-executor-2] INFO  impl.RoleInfo (RoleInfo.java:updateAndGet(143)) - 7fae3aed-4e76-4283-a599-f93f794625ab: start FollowerState
2019-10-30 05:53:48,234 [grpc-default-executor-1] INFO  impl.RoleInfo (RoleInfo.java:shutdownFollowerState(121)) - 58095e90-3010-492a-9083-43cf2e035c3f: shutdown FollowerState
2019-10-30 05:53:48,235 [grpc-default-executor-1] INFO  impl.RoleInfo (RoleInfo.java:updateAndGet(143)) - 58095e90-3010-492a-9083-43cf2e035c3f: start FollowerState
2019-10-30 05:53:48,235 [Thread-2431] INFO  impl.FollowerState (FollowerState.java:run(117)) - 58095e90-3010-492a-9083-43cf2e035c3f@group-BCADF287A12B-FollowerState was interrupted: java.lang.InterruptedException: sleep interrupted
2019-10-30 05:53:48,260 [9127dd83-037b-4d39-812f-66db56af525a@group-BCADF287A12B-LeaderElection327] INFO  impl.LeaderElection (LeaderElection.java:logAndReturn(56)) - 9127dd83-037b-4d39-812f-66db56af525a@group-BCADF287A12B-LeaderElection327: Election REJECTED; received 2 response(s) [9127dd83-037b-4d39-812f-66db56af525a<-7fae3aed-4e76-4283-a599-f93f794625ab#0:FAIL-t365, 9127dd83-037b-4d39-812f-66db56af525a<-58095e90-3010-492a-9083-43cf2e035c3f#0:FAIL-t365] and 0 exception(s); 9127dd83-037b-4d39-812f-66db56af525a@group-BCADF287A12B:t365, leader=null, voted=9127dd83-037b-4d39-812f-66db56af525a, raftlog=9127dd83-037b-4d39-812f-66db56af525a@group-BCADF287A12B-SegmentedRaftLog:OPENED:c-1,f-1,i0, conf=-1: [7fae3aed-4e76-4283-a599-f93f794625ab:192.168.34.21:41352, 58095e90-3010-492a-9083-43cf2e035c3f:192.168.34.21:45284, 9127dd83-037b-4d39-812f-66db56af525a:192.168.34.21:42063], old=null
2019-10-30 05:53:48,260 [9127dd83-037b-4d39-812f-66db56af525a@group-BCADF287A12B-LeaderElection327] INFO  impl.RaftServerImpl (RaftServerImpl.java:setRole(184)) - 9127dd83-037b-4d39-812f-66db56af525a@group-BCADF287A12B: changes role from CANDIDATE to FOLLOWER at term 365 for DISCOVERED_A_NEW_TERM
2019-10-30 05:53:48,260 [9127dd83-037b-4d39-812f-66db56af525a@group-BCADF287A12B-LeaderElection327] INFO  impl.RoleInfo (RoleInfo.java:shutdownLeaderElection(134)) - 9127dd83-037b-4d39-812f-66db56af525a: shutdown LeaderElection
2019-10-30 05:53:48,261 [9127dd83-037b-4d39-812f-66db56af525a@group-BCADF287A12B-LeaderElection327] INFO  impl.RoleInfo (RoleInfo.java:updateAndGet(143)) - 9127dd83-037b-4d39-812f-66db56af525a: start FollowerState
2019-10-30 05:53:48,322 [Thread-2438] INFO  impl.FollowerState (FollowerState.java:run(108)) - 9127dd83-037b-4d39-812f-66db56af525a@group-BCADF287A12B-FollowerState: change to CANDIDATE, lastRpcTime:61ms, electionTimeout:61ms
2019-10-30 05:53:48,322 [Thread-2438] INFO  impl.RoleInfo (RoleInfo.java:shutdownFollowerState(121)) - 9127dd83-037b-4d39-812f-66db56af525a: shutdown FollowerState
2019-10-30 05:53:48,322 [Thread-2438] INFO  impl.RaftServerImpl (RaftServerImpl.java:setRole(184)) - 9127dd83-037b-4d39-812f-66db56af525a@group-BCADF287A12B: changes role from  FOLLOWER to CANDIDATE at term 365 for changeToCandidate
2019-10-30 05:53:48,323 [Thread-2438] INFO  impl.RoleInfo (RoleInfo.java:updateAndGet(143)) - 9127dd83-037b-4d39-812f-66db56af525a: start LeaderElection
2019-10-30 05:53:48,349 [9127dd83-037b-4d39-812f-66db56af525a@group-BCADF287A12B-LeaderElection328] INFO  impl.LeaderElection (LeaderElection.java:askForVotes(178)) - 9127dd83-037b-4d39-812f-66db56af525a@group-BCADF287A12B-LeaderElection328: begin an election at term 366 for -1: [7fae3aed-4e76-4283-a599-f93f794625ab:192.168.34.21:41352, 58095e90-3010-492a-9083-43cf2e035c3f:192.168.34.21:45284, 9127dd83-037b-4d39-812f-66db56af525a:192.168.34.21:42063], old=null
2019-10-30 05:53:48,352 [grpc-default-executor-2] INFO  impl.RaftServerImpl (RaftServerImpl.java:setRole(184)) - 7fae3aed-4e76-4283-a599-f93f794625ab@group-BCADF287A12B: changes role from  FOLLOWER to FOLLOWER at term 366 for recognizeCandidate:9127dd83-037b-4d39-812f-66db56af525a
2019-10-30 05:53:48,352 [grpc-default-executor-2] INFO  impl.RoleInfo (RoleInfo.java:shutdownFollowerState(121)) - 7fae3aed-4e76-4283-a599-f93f794625ab: shutdown FollowerState
2019-10-30 05:53:48,352 [grpc-default-executor-2] INFO  impl.RoleInfo (RoleInfo.java:updateAndGet(143)) - 7fae3aed-4e76-4283-a599-f93f794625ab: start FollowerState
2019-10-30 05:53:48,354 [Thread-2436] INFO  impl.FollowerState (FollowerState.java:run(117)) - 7fae3aed-4e76-4283-a599-f93f794625ab@group-BCADF287A12B-FollowerState was interrupted: java.lang.InterruptedException: sleep interrupted
2019-10-30 05:53:48,358 [grpc-default-executor-1] INFO  impl.RaftServerImpl (RaftServerImpl.java:setRole(184)) - 58095e90-3010-492a-9083-43cf2e035c3f@group-BCADF287A12B: changes role from  FOLLOWER to FOLLOWER at term 366 for recognizeCandidate:9127dd83-037b-4d39-812f-66db56af525a
2019-10-30 05:53:48,358 [grpc-default-executor-1] INFO  impl.RoleInfo (RoleInfo.java:shutdownFollowerState(121)) - 58095e90-3010-492a-9083-43cf2e035c3f: shutdown FollowerState
2019-10-30 05:53:48,358 [grpc-default-executor-1] INFO  impl.RoleInfo (RoleInfo.java:updateAndGet(143)) - 58095e90-3010-492a-9083-43cf2e035c3f: start FollowerState
2019-10-30 05:53:48,359 [Thread-2437] INFO  impl.FollowerState (FollowerState.java:run(117)) - 58095e90-3010-492a-9083-43cf2e035c3f@group-BCADF287A12B-FollowerState was interrupted: java.lang.InterruptedException: sleep interrupted
2019-10-30 05:53:48,382 [9127dd83-037b-4d39-812f-66db56af525a@group-BCADF287A12B-LeaderElection328] INFO  impl.LeaderElection (LeaderElection.java:logAndReturn(56)) - 9127dd83-037b-4d39-812f-66db56af525a@group-BCADF287A12B-LeaderElection328: Election REJECTED; received 2 response(s) [9127dd83-037b-4d39-812f-66db56af525a<-7fae3aed-4e76-4283-a599-f93f794625ab#0:FAIL-t366, 9127dd83-037b-4d39-812f-66db56af525a<-58095e90-3010-492a-9083-43cf2e035c3f#0:FAIL-t366] and 0 exception(s); 9127dd83-037b-4d39-812f-66db56af525a@group-BCADF287A12B:t366, leader=null, voted=9127dd83-037b-4d39-812f-66db56af525a, raftlog=9127dd83-037b-4d39-812f-66db56af525a@group-BCADF287A12B-SegmentedRaftLog:OPENED:c-1,f-1,i0, conf=-1: [7fae3aed-4e76-4283-a599-f93f794625ab:192.168.34.21:41352, 58095e90-3010-492a-9083-43cf2e035c3f:192.168.34.21:45284, 9127dd83-037b-4d39-812f-66db56af525a:192.168.34.21:42063], old=null
2019-10-30 05:53:48,382 [9127dd83-037b-4d39-812f-66db56af525a@group-BCADF287A12B-LeaderElection328] INFO  impl.RaftServerImpl (RaftServerImpl.java:setRole(184)) - 9127dd83-037b-4d39-812f-66db56af525a@group-BCADF287A12B: changes role from CANDIDATE to FOLLOWER at term 366 for DISCOVERED_A_NEW_TERM
2019-10-30 05:53:48,382 [9127dd83-037b-4d39-812f-66db56af525a@group-BCADF287A12B-LeaderElection328] INFO  impl.RoleInfo (RoleInfo.java:shutdownLeaderElection(134)) - 9127dd83-037b-4d39-812f-66db56af525a: shutdown LeaderElection
2019-10-30 05:53:48,382 [9127dd83-037b-4d39-812f-66db56af525a@group-BCADF287A12B-LeaderElection328] INFO  impl.RoleInfo (RoleInfo.java:updateAndGet(143)) - 9127dd83-037b-4d39-812f-66db56af525a: start FollowerState
2019-10-30 05:53:48,494 [Thread-2444] INFO  impl.FollowerState (FollowerState.java:run(108)) - 9127dd83-037b-4d39-812f-66db56af525a@group-BCADF287A12B-FollowerState: change to CANDIDATE, lastRpcTime:111ms, electionTimeout:111ms
2019-10-30 05:53:48,494 [Thread-2444] INFO  impl.RoleInfo (RoleInfo.java:shutdownFollowerState(121)) - 9127dd83-037b-4d39-812f-66db56af525a: shutdown FollowerState
2019-10-30 05:53:48,494 [Thread-2444] INFO  impl.RaftServerImpl (RaftServerImpl.java:setRole(184)) - 9127dd83-037b-4d39-812f-66db56af525a@group-BCADF287A12B: changes role from  FOLLOWER to CANDIDATE at term 366 for changeToCandidate
2019-10-30 05:53:48,494 [Thread-2444] INFO  impl.RoleInfo (RoleInfo.java:updateAndGet(143)) - 9127dd83-037b-4d39-812f-66db56af525a: start LeaderElection
2019-10-30 05:53:48,505 [9127dd83-037b-4d39-812f-66db56af525a@group-BCADF287A12B-LeaderElection329] INFO  impl.LeaderElection (LeaderElection.java:askForVotes(178)) - 9127dd83-037b-4d39-812f-66db56af525a@group-BCADF287A12B-LeaderElection329: begin an election at term 367 for -1: [7fae3aed-4e76-4283-a599-f93f794625ab:192.168.34.21:41352, 58095e90-3010-492a-9083-43cf2e035c3f:192.168.34.21:45284, 9127dd83-037b-4d39-812f-66db56af525a:192.168.34.21:42063], old=null
2019-10-30 05:53:48,507 [grpc-default-executor-2] INFO  impl.RaftServerImpl (RaftServerImpl.java:setRole(184)) - 58095e90-3010-492a-9083-43cf2e035c3f@group-BCADF287A12B: changes role from  FOLLOWER to FOLLOWER at term 367 for recognizeCandidate:9127dd83-037b-4d39-812f-66db56af525a
2019-10-30 05:53:48,507 [grpc-default-executor-1] INFO  impl.RaftServerImpl (RaftServerImpl.java:setRole(184)) - 7fae3aed-4e76-4283-a599-f93f794625ab@group-BCADF287A12B: changes role from  FOLLOWER to FOLLOWER at term 367 for recognizeCandidate:9127dd83-037b-4d39-812f-66db56af525a
2019-10-30 05:53:48,507 [grpc-default-executor-2] INFO  impl.RoleInfo (RoleInfo.java:shutdownFollowerState(121)) - 58095e90-3010-492a-9083-43cf2e035c3f: shutdown FollowerState
2019-10-30 05:53:48,507 [grpc-default-executor-1] INFO  impl.RoleInfo (RoleInfo.java:shutdownFollowerState(121)) - 7fae3aed-4e76-4283-a599-f93f794625ab: shutdown FollowerState
2019-10-30 05:53:48,507 [grpc-default-executor-2] INFO  impl.RoleInfo (RoleInfo.java:updateAndGet(143)) - 58095e90-3010-492a-9083-43cf2e035c3f: start FollowerState
2019-10-30 05:53:48,507 [grpc-default-executor-1] INFO  impl.RoleInfo (RoleInfo.java:updateAndGet(143)) - 7fae3aed-4e76-4283-a599-f93f794625ab: start FollowerState
2019-10-30 05:53:48,508 [Thread-2442] INFO  impl.FollowerState (FollowerState.java:run(117)) - 7fae3aed-4e76-4283-a599-f93f794625ab@group-BCADF287A12B-FollowerState was interrupted: java.lang.InterruptedException: sleep interrupted
2019-10-30 05:53:48,508 [Thread-2443] INFO  impl.FollowerState (FollowerState.java:run(117)) - 58095e90-3010-492a-9083-43cf2e035c3f@group-BCADF287A12B-FollowerState was interrupted: java.lang.InterruptedException: sleep interrupted
2019-10-30 05:53:48,525 [9127dd83-037b-4d39-812f-66db56af525a@group-BCADF287A12B-LeaderElection329] INFO  impl.LeaderElection (LeaderElection.java:logAndReturn(56)) - 9127dd83-037b-4d39-812f-66db56af525a@group-BCADF287A12B-LeaderElection329: Election REJECTED; received 2 response(s) [9127dd83-037b-4d39-812f-66db56af525a<-7fae3aed-4e76-4283-a599-f93f794625ab#0:FAIL-t367, 9127dd83-037b-4d39-812f-66db56af525a<-58095e90-3010-492a-9083-43cf2e035c3f#0:FAIL-t367] and 0 exception(s); 9127dd83-037b-4d39-812f-66db56af525a@group-BCADF287A12B:t367, leader=null, voted=9127dd83-037b-4d39-812f-66db56af525a, raftlog=9127dd83-037b-4d39-812f-66db56af525a@group-BCADF287A12B-SegmentedRaftLog:OPENED:c-1,f-1,i0, conf=-1: [7fae3aed-4e76-4283-a599-f93f794625ab:192.168.34.21:41352, 58095e90-3010-492a-9083-43cf2e035c3f:192.168.34.21:45284, 9127dd83-037b-4d39-812f-66db56af525a:192.168.34.21:42063], old=null
2019-10-30 05:53:48,525 [9127dd83-037b-4d39-812f-66db56af525a@group-BCADF287A12B-LeaderElection329] INFO  impl.RaftServerImpl (RaftServerImpl.java:setRole(184)) - 9127dd83-037b-4d39-812f-66db56af525a@group-BCADF287A12B: changes role from CANDIDATE to FOLLOWER at term 367 for DISCOVERED_A_NEW_TERM
2019-10-30 05:53:48,525 [9127dd83-037b-4d39-812f-66db56af525a@group-BCADF287A12B-LeaderElection329] INFO  impl.RoleInfo (RoleInfo.java:shutdownLeaderElection(134)) - 9127dd83-037b-4d39-812f-66db56af525a: shutdown LeaderElection
2019-10-30 05:53:48,526 [9127dd83-037b-4d39-812f-66db56af525a@group-BCADF287A12B-LeaderElection329] INFO  impl.RoleInfo (RoleInfo.java:updateAndGet(143)) - 9127dd83-037b-4d39-812f-66db56af525a: start FollowerState
2019-10-30 05:53:48,600 [Thread-2452] INFO  impl.FollowerState (FollowerState.java:run(108)) - 9127dd83-037b-4d39-812f-66db56af525a@group-BCADF287A12B-FollowerState: change to CANDIDATE, lastRpcTime:74ms, electionTimeout:74ms
2019-10-30 05:53:48,600 [Thread-2452] INFO  impl.RoleInfo (RoleInfo.java:shutdownFollowerState(121)) - 9127dd83-037b-4d39-812f-66db56af525a: shutdown FollowerState
2019-10-30 05:53:48,600 [Thread-2452] INFO  impl.RaftServerImpl (RaftServerImpl.java:setRole(184)) - 9127dd83-037b-4d39-812f-66db56af525a@group-BCADF287A12B: changes role from  FOLLOWER to CANDIDATE at term 367 for changeToCandidate
2019-10-30 05:53:48,601 [Thread-2452] INFO  impl.RoleInfo (RoleInfo.java:updateAndGet(143)) - 9127dd83-037b-4d39-812f-66db56af525a: start LeaderElection
2019-10-30 05:53:48,639 [9127dd83-037b-4d39-812f-66db56af525a@group-BCADF287A12B-LeaderElection330] INFO  impl.LeaderElection (LeaderElection.java:askForVotes(178)) - 9127dd83-037b-4d39-812f-66db56af525a@group-BCADF287A12B-LeaderElection330: begin an election at term 368 for -1: [7fae3aed-4e76-4283-a599-f93f794625ab:192.168.34.21:41352, 58095e90-3010-492a-9083-43cf2e035c3f:192.168.34.21:45284, 9127dd83-037b-4d39-812f-66db56af525a:192.168.34.21:42063], old=null
2019-10-30 05:53:48,641 [grpc-default-executor-0] INFO  impl.RaftServerImpl (RaftServerImpl.java:setRole(184)) - 58095e90-3010-492a-9083-43cf2e035c3f@group-BCADF287A12B: changes role from  FOLLOWER to FOLLOWER at term 368 for recognizeCandidate:9127dd83-037b-4d39-812f-66db56af525a
2019-10-30 05:53:48,641 [grpc-default-executor-0] INFO  impl.RoleInfo (RoleInfo.java:shutdownFollowerState(121)) - 58095e90-3010-492a-9083-43cf2e035c3f: shutdown FollowerState
2019-10-30 05:53:48,641 [grpc-default-executor-0] INFO  impl.RoleInfo (RoleInfo.java:updateAndGet(143)) - 58095e90-3010-492a-9083-43cf2e035c3f: start FollowerState
2019-10-30 05:53:48,641 [grpc-default-executor-1] INFO  impl.RaftServerImpl (RaftServerImpl.java:setRole(184)) - 7fae3aed-4e76-4283-a599-f93f794625ab@group-BCADF287A12B: changes role from  FOLLOWER to FOLLOWER at term 368 for recognizeCandidate:9127dd83-037b-4d39-812f-66db56af525a
2019-10-30 05:53:48,642 [grpc-default-executor-1] INFO  impl.RoleInfo (RoleInfo.java:shutdownFollowerState(121)) - 7fae3aed-4e76-4283-a599-f93f794625ab: shutdown FollowerState
2019-10-30 05:53:48,642 [grpc-default-executor-1] INFO  impl.RoleInfo (RoleInfo.java:updateAndGet(143)) - 7fae3aed-4e76-4283-a599-f93f794625ab: start FollowerState
2019-10-30 05:53:48,641 [9127dd83-037b-4d39-812f-66db56af525a@group-BCADF287A12B-LeaderElection330] INFO  impl.LeaderElection (LeaderElection.java:logAndReturn(56)) - 9127dd83-037b-4d39-812f-66db56af525a@group-BCADF287A12B-LeaderElection330: Election TIMEOUT; received 0 response(s) [] and 0 exception(s); 9127dd83-037b-4d39-812f-66db56af525a@group-BCADF287A12B:t368, leader=null, voted=9127dd83-037b-4d39-812f-66db56af525a, raftlog=9127dd83-037b-4d39-812f-66db56af525a@group-BCADF287A12B-SegmentedRaftLog:OPENED:c-1,f-1,i0, conf=-1: [7fae3aed-4e76-4283-a599-f93f794625ab:192.168.34.21:41352, 58095e90-3010-492a-9083-43cf2e035c3f:192.168.34.21:45284, 9127dd83-037b-4d39-812f-66db56af525a:192.168.34.21:42063], old=null
2019-10-30 05:53:48,642 [Thread-2449] INFO  impl.FollowerState (FollowerState.java:run(117)) - 7fae3aed-4e76-4283-a599-f93f794625ab@group-BCADF287A12B-FollowerState was interrupted: java.lang.InterruptedException: sleep interrupted
2019-10-30 05:53:48,641 [Thread-2448] INFO  impl.FollowerState (FollowerState.java:run(117)) - 58095e90-3010-492a-9083-43cf2e035c3f@group-BCADF287A12B-FollowerState was interrupted: java.lang.InterruptedException: sleep interrupted
2019-10-30 05:53:48,667 [9127dd83-037b-4d39-812f-66db56af525a@group-BCADF287A12B-LeaderElection330] INFO  impl.LeaderElection (LeaderElection.java:askForVotes(178)) - 9127dd83-037b-4d39-812f-66db56af525a@group-BCADF287A12B-LeaderElection330: begin an election at term 369 for -1: [7fae3aed-4e76-4283-a599-f93f794625ab:192.168.34.21:41352, 58095e90-3010-492a-9083-43cf2e035c3f:192.168.34.21:45284, 9127dd83-037b-4d39-812f-66db56af525a:192.168.34.21:42063], old=null
2019-10-30 05:53:48,668 [grpc-default-executor-0] INFO  impl.RaftServerImpl (RaftServerImpl.java:setRole(184)) - 58095e90-3010-492a-9083-43cf2e035c3f@group-BCADF287A12B: changes role from  FOLLOWER to FOLLOWER at term 369 for recognizeCandidate:9127dd83-037b-4d39-812f-66db56af525a
2019-10-30 05:53:48,669 [grpc-default-executor-1] INFO  impl.RaftServerImpl (RaftServerImpl.java:setRole(184)) - 7fae3aed-4e76-4283-a599-f93f794625ab@group-BCADF287A12B: changes role from  FOLLOWER to FOLLOWER at term 369 for recognizeCandidate:9127dd83-037b-4d39-812f-66db56af525a
2019-10-30 05:53:48,669 [grpc-default-executor-0] INFO  impl.RoleInfo (RoleInfo.java:shutdownFollowerState(121)) - 58095e90-3010-492a-9083-43cf2e035c3f: shutdown FollowerState
2019-10-30 05:53:48,669 [grpc-default-executor-1] INFO  impl.RoleInfo (RoleInfo.java:shutdownFollowerState(121)) - 7fae3aed-4e76-4283-a599-f93f794625ab: shutdown FollowerState
2019-10-30 05:53:48,669 [Thread-2456] INFO  impl.FollowerState (FollowerState.java:run(117)) - 58095e90-3010-492a-9083-43cf2e035c3f@group-BCADF287A12B-FollowerState was interrupted: java.lang.InterruptedException: sleep interrupted
2019-10-30 05:53:48,669 [grpc-default-executor-0] INFO  impl.RoleInfo (RoleInfo.java:updateAndGet(143)) - 58095e90-3010-492a-9083-43cf2e035c3f: start FollowerState
2019-10-30 05:53:48,669 [Thread-2457] INFO  impl.FollowerState (FollowerState.java:run(117)) - 7fae3aed-4e76-4283-a599-f93f794625ab@group-BCADF287A12B-FollowerState was interrupted: java.lang.InterruptedException: sleep interrupted
2019-10-30 05:53:48,669 [grpc-default-executor-1] INFO  impl.RoleInfo (RoleInfo.java:updateAndGet(143)) - 7fae3aed-4e76-4283-a599-f93f794625ab: start FollowerState
2019-10-30 05:53:48,688 [9127dd83-037b-4d39-812f-66db56af525a@group-BCADF287A12B-LeaderElection330] INFO  impl.LeaderElection (LeaderElection.java:logAndReturn(56)) - 9127dd83-037b-4d39-812f-66db56af525a@group-BCADF287A12B-LeaderElection330: Election TIMEOUT; received 0 response(s) [] and 0 exception(s); 9127dd83-037b-4d39-812f-66db56af525a@group-BCADF287A12B:t369, leader=null, voted=9127dd83-037b-4d39-812f-66db56af525a, raftlog=9127dd83-037b-4d39-812f-66db56af525a@group-BCADF287A12B-SegmentedRaftLog:OPENED:c-1,f-1,i0, conf=-1: [7fae3aed-4e76-4283-a599-f93f794625ab:192.168.34.21:41352, 58095e90-3010-492a-9083-43cf2e035c3f:192.168.34.21:45284, 9127dd83-037b-4d39-812f-66db56af525a:192.168.34.21:42063], old=null
2019-10-30 05:53:48,708 [9127dd83-037b-4d39-812f-66db56af525a@group-BCADF287A12B-LeaderElection330] INFO  impl.LeaderElection (LeaderElection.java:askForVotes(178)) - 9127dd83-037b-4d39-812f-66db56af525a@group-BCADF287A12B-LeaderElection330: begin an election at term 370 for -1: [7fae3aed-4e76-4283-a599-f93f794625ab:192.168.34.21:41352, 58095e90-3010-492a-9083-43cf2e035c3f:192.168.34.21:45284, 9127dd83-037b-4d39-812f-66db56af525a:192.168.34.21:42063], old=null
2019-10-30 05:53:48,711 [grpc-default-executor-0] INFO  impl.RaftServerImpl (RaftServerImpl.java:setRole(184)) - 7fae3aed-4e76-4283-a599-f93f794625ab@group-BCADF287A12B: changes role from  FOLLOWER to FOLLOWER at term 370 for recognizeCandidate:9127dd83-037b-4d39-812f-66db56af525a
2019-10-30 05:53:48,712 [grpc-default-executor-0] INFO  impl.RoleInfo (RoleInfo.java:shutdownFollowerState(121)) - 7fae3aed-4e76-4283-a599-f93f794625ab: shutdown FollowerState
2019-10-30 05:53:48,712 [grpc-default-executor-1] INFO  impl.RaftServerImpl (RaftServerImpl.java:setRole(184)) - 58095e90-3010-492a-9083-43cf2e035c3f@group-BCADF287A12B: changes role from  FOLLOWER to FOLLOWER at term 370 for recognizeCandidate:9127dd83-037b-4d39-812f-66db56af525a
2019-10-30 05:53:48,712 [grpc-default-executor-0] INFO  impl.RoleInfo (RoleInfo.java:updateAndGet(143)) - 7fae3aed-4e76-4283-a599-f93f794625ab: start FollowerState
2019-10-30 05:53:48,712 [Thread-2461] INFO  impl.FollowerState (FollowerState.java:run(117)) - 7fae3aed-4e76-4283-a599-f93f794625ab@group-BCADF287A12B-FollowerState was interrupted: java.lang.InterruptedException: sleep interrupted
2019-10-30 05:53:48,712 [grpc-default-executor-1] INFO  impl.RoleInfo (RoleInfo.java:shutdownFollowerState(121)) - 58095e90-3010-492a-9083-43cf2e035c3f: shutdown FollowerState
2019-10-30 05:53:48,713 [grpc-default-executor-1] INFO  impl.RoleInfo (RoleInfo.java:updateAndGet(143)) - 58095e90-3010-492a-9083-43cf2e035c3f: start FollowerState
2019-10-30 05:53:48,713 [Thread-2460] INFO  impl.FollowerState (FollowerState.java:run(117)) - 58095e90-3010-492a-9083-43cf2e035c3f@group-BCADF287A12B-FollowerState was interrupted: java.lang.InterruptedException: sleep interrupted
2019-10-30 05:53:48,723 [9127dd83-037b-4d39-812f-66db56af525a@group-BCADF287A12B-LeaderElection330] INFO  impl.LeaderElection (LeaderElection.java:logAndReturn(56)) - 9127dd83-037b-4d39-812f-66db56af525a@group-BCADF287A12B-LeaderElection330: Election REJECTED; received 2 response(s) [9127dd83-037b-4d39-812f-66db56af525a<-7fae3aed-4e76-4283-a599-f93f794625ab#0:FAIL-t370, 9127dd83-037b-4d39-812f-66db56af525a<-58095e90-3010-492a-9083-43cf2e035c3f#0:FAIL-t370] and 0 exception(s); 9127dd83-037b-4d39-812f-66db56af525a@group-BCADF287A12B:t370, leader=null, voted=9127dd83-037b-4d39-812f-66db56af525a, raftlog=9127dd83-037b-4d39-812f-66db56af525a@group-BCADF287A12B-SegmentedRaftLog:OPENED:c-1,f-1,i0, conf=-1: [7fae3aed-4e76-4283-a599-f93f794625ab:192.168.34.21:41352, 58095e90-3010-492a-9083-43cf2e035c3f:192.168.34.21:45284, 9127dd83-037b-4d39-812f-66db56af525a:192.168.34.21:42063], old=null
2019-10-30 05:53:48,723 [9127dd83-037b-4d39-812f-66db56af525a@group-BCADF287A12B-LeaderElection330] INFO  impl.RaftServerImpl (RaftServerImpl.java:setRole(184)) - 9127dd83-037b-4d39-812f-66db56af525a@group-BCADF287A12B: changes role from CANDIDATE to FOLLOWER at term 370 for DISCOVERED_A_NEW_TERM
2019-10-30 05:53:48,723 [9127dd83-037b-4d39-812f-66db56af525a@group-BCADF287A12B-LeaderElection330] INFO  impl.RoleInfo (RoleInfo.java:shutdownLeaderElection(134)) - 9127dd83-037b-4d39-812f-66db56af525a: shutdown LeaderElection
2019-10-30 05:53:48,724 [9127dd83-037b-4d39-812f-66db56af525a@group-BCADF287A12B-LeaderElection330] INFO  impl.RoleInfo (RoleInfo.java:updateAndGet(143)) - 9127dd83-037b-4d39-812f-66db56af525a: start FollowerState
2019-10-30 05:53:48,738 [Thread-2466] INFO  impl.FollowerState (FollowerState.java:run(108)) - 9127dd83-037b-4d39-812f-66db56af525a@group-BCADF287A12B-FollowerState: change to CANDIDATE, lastRpcTime:14ms, electionTimeout:14ms
2019-10-30 05:53:48,738 [Thread-2466] INFO  impl.RoleInfo (RoleInfo.java:shutdownFollowerState(121)) - 9127dd83-037b-4d39-812f-66db56af525a: shutdown FollowerState
2019-10-30 05:53:48,738 [Thread-2466] INFO  impl.RaftServerImpl (RaftServerImpl.java:setRole(184)) - 9127dd83-037b-4d39-812f-66db56af525a@group-BCADF287A12B: changes role from  FOLLOWER to CANDIDATE at term 370 for changeToCandidate
2019-10-30 05:53:48,739 [Thread-2466] INFO  impl.RoleInfo (RoleInfo.java:updateAndGet(143)) - 9127dd83-037b-4d39-812f-66db56af525a: start LeaderElection
2019-10-30 05:53:48,743 [9127dd83-037b-4d39-812f-66db56af525a@group-BCADF287A12B-LeaderElection331] INFO  impl.LeaderElection (LeaderElection.java:askForVotes(178)) - 9127dd83-037b-4d39-812f-66db56af525a@group-BCADF287A12B-LeaderElection331: begin an election at term 371 for -1: [7fae3aed-4e76-4283-a599-f93f794625ab:192.168.34.21:41352, 58095e90-3010-492a-9083-43cf2e035c3f:192.168.34.21:45284, 9127dd83-037b-4d39-812f-66db56af525a:192.168.34.21:42063], old=null
2019-10-30 05:53:48,744 [grpc-default-executor-1] INFO  impl.RaftServerImpl (RaftServerImpl.java:setRole(184)) - 7fae3aed-4e76-4283-a599-f93f794625ab@group-BCADF287A12B: changes role from  FOLLOWER to FOLLOWER at term 371 for recognizeCandidate:9127dd83-037b-4d39-812f-66db56af525a
2019-10-30 05:53:48,744 [grpc-default-executor-1] INFO  impl.RoleInfo (RoleInfo.java:shutdownFollowerState(121)) - 7fae3aed-4e76-4283-a599-f93f794625ab: shutdown FollowerState
2019-10-30 05:53:48,744 [grpc-default-executor-1] INFO  impl.RoleInfo (RoleInfo.java:updateAndGet(143)) - 7fae3aed-4e76-4283-a599-f93f794625ab: start FollowerState
2019-10-30 05:53:48,744 [grpc-default-executor-0] INFO  impl.RaftServerImpl (RaftServerImpl.java:setRole(184)) - 58095e90-3010-492a-9083-43cf2e035c3f@group-BCADF287A12B: changes role from  FOLLOWER to FOLLOWER at term 371 for recognizeCandidate:9127dd83-037b-4d39-812f-66db56af525a
2019-10-30 05:53:48,745 [grpc-default-executor-0] INFO  impl.RoleInfo (RoleInfo.java:shutdownFollowerState(121)) - 58095e90-3010-492a-9083-43cf2e035c3f: shutdown FollowerState
2019-10-30 05:53:48,745 [grpc-default-executor-0] INFO  impl.RoleInfo (RoleInfo.java:updateAndGet(143)) - 58095e90-3010-492a-9083-43cf2e035c3f: start FollowerState
2019-10-30 05:53:48,745 [Thread-2465] INFO  impl.FollowerState (FollowerState.java:run(117)) - 58095e90-3010-492a-9083-43cf2e035c3f@group-BCADF287A12B-FollowerState was interrupted: java.lang.InterruptedException: sleep interrupted
2019-10-30 05:53:48,745 [Thread-2464] INFO  impl.FollowerState (FollowerState.java:run(117)) - 7fae3aed-4e76-4283-a599-f93f794625ab@group-BCADF287A12B-FollowerState was interrupted: java.lang.InterruptedException: sleep interrupted
2019-10-30 05:53:48,767 [9127dd83-037b-4d39-812f-66db56af525a@group-BCADF287A12B-LeaderElection331] INFO  impl.LeaderElection (LeaderElection.java:logAndReturn(56)) - 9127dd83-037b-4d39-812f-66db56af525a@group-BCADF287A12B-LeaderElection331: Election REJECTED; received 2 response(s) [9127dd83-037b-4d39-812f-66db56af525a<-7fae3aed-4e76-4283-a599-f93f794625ab#0:FAIL-t371, 9127dd83-037b-4d39-812f-66db56af525a<-58095e90-3010-492a-9083-43cf2e035c3f#0:FAIL-t371] and 0 exception(s); 9127dd83-037b-4d39-812f-66db56af525a@group-BCADF287A12B:t371, leader=null, voted=9127dd83-037b-4d39-812f-66db56af525a, raftlog=9127dd83-037b-4d39-812f-66db56af525a@group-BCADF287A12B-SegmentedRaftLog:OPENED:c-1,f-1,i0, conf=-1: [7fae3aed-4e76-4283-a599-f93f794625ab:192.168.34.21:41352, 58095e90-3010-492a-9083-43cf2e035c3f:192.168.34.21:45284, 9127dd83-037b-4d39-812f-66db56af525a:192.168.34.21:42063], old=null
2019-10-30 05:53:48,767 [9127dd83-037b-4d39-812f-66db56af525a@group-BCADF287A12B-LeaderElection331] INFO  impl.RaftServerImpl (RaftServerImpl.java:setRole(184)) - 9127dd83-037b-4d39-812f-66db56af525a@group-BCADF287A12B: changes role from CANDIDATE to FOLLOWER at term 371 for DISCOVERED_A_NEW_TERM
2019-10-30 05:53:48,767 [9127dd83-037b-4d39-812f-66db56af525a@group-BCADF287A12B-LeaderElection331] INFO  impl.RoleInfo (RoleInfo.java:shutdownLeaderElection(134)) - 9127dd83-037b-4d39-812f-66db56af525a: shutdown LeaderElection
2019-10-30 05:53:48,767 [9127dd83-037b-4d39-812f-66db56af525a@group-BCADF287A12B-LeaderElection331] INFO  impl.RoleInfo (RoleInfo.java:updateAndGet(143)) - 9127dd83-037b-4d39-812f-66db56af525a: start FollowerState
2019-10-30 05:53:48,770 [Thread-2472] INFO  impl.FollowerState (FollowerState.java:run(108)) - 9127dd83-037b-4d39-812f-66db56af525a@group-BCADF287A12B-FollowerState: change to CANDIDATE, lastRpcTime:3ms, electionTimeout:3ms
2019-10-30 05:53:48,771 [Thread-2472] INFO  impl.RoleInfo (RoleInfo.java:shutdownFollowerState(121)) - 9127dd83-037b-4d39-812f-66db56af525a: shutdown FollowerState
2019-10-30 05:53:48,771 [Thread-2472] INFO  impl.RaftServerImpl (RaftServerImpl.java:setRole(184)) - 9127dd83-037b-4d39-812f-66db56af525a@group-BCADF287A12B: changes role from  FOLLOWER to CANDIDATE at term 371 for changeToCandidate
2019-10-30 05:53:48,771 [Thread-2472] INFO  impl.RoleInfo (RoleInfo.java:updateAndGet(143)) - 9127dd83-037b-4d39-812f-66db56af525a: start LeaderElection
2019-10-30 05:53:48,784 [9127dd83-037b-4d39-812f-66db56af525a@group-BCADF287A12B-LeaderElection332] INFO  impl.LeaderElection (LeaderElection.java:askForVotes(178)) - 9127dd83-037b-4d39-812f-66db56af525a@group-BCADF287A12B-LeaderElection332: begin an election at term 372 for -1: [7fae3aed-4e76-4283-a599-f93f794625ab:192.168.34.21:41352, 58095e90-3010-492a-9083-43cf2e035c3f:192.168.34.21:45284, 9127dd83-037b-4d39-812f-66db56af525a:192.168.34.21:42063], old=null
2019-10-30 05:53:48,786 [grpc-default-executor-0] INFO  impl.RaftServerImpl (RaftServerImpl.java:setRole(184)) - 7fae3aed-4e76-4283-a599-f93f794625ab@group-BCADF287A12B: changes role from  FOLLOWER to FOLLOWER at term 372 for recognizeCandidate:9127dd83-037b-4d39-812f-66db56af525a
2019-10-30 05:53:48,786 [grpc-default-executor-1] INFO  impl.RaftServerImpl (RaftServerImpl.java:setRole(184)) - 58095e90-3010-492a-9083-43cf2e035c3f@group-BCADF287A12B: changes role from  FOLLOWER to FOLLOWER at term 372 for recognizeCandidate:9127dd83-037b-4d39-812f-66db56af525a
2019-10-30 05:53:48,786 [grpc-default-executor-0] INFO  impl.RoleInfo (RoleInfo.java:shutdownFollowerState(121)) - 7fae3aed-4e76-4283-a599-f93f794625ab: shutdown FollowerState
2019-10-30 05:53:48,786 [grpc-default-executor-0] INFO  impl.RoleInfo (RoleInfo.java:updateAndGet(143)) - 7fae3aed-4e76-4283-a599-f93f794625ab: start FollowerState
2019-10-30 05:53:48,786 [grpc-default-executor-1] INFO  impl.RoleInfo (RoleInfo.java:shutdownFollowerState(121)) - 58095e90-3010-492a-9083-43cf2e035c3f: shutdown FollowerState
2019-10-30 05:53:48,787 [grpc-default-executor-1] INFO  impl.RoleInfo (RoleInfo.java:updateAndGet(143)) - 58095e90-3010-492a-9083-43cf2e035c3f: start FollowerState
2019-10-30 05:53:48,787 [Thread-2470] INFO  impl.FollowerState (FollowerState.java:run(117)) - 7fae3aed-4e76-4283-a599-f93f794625ab@group-BCADF287A12B-FollowerState was interrupted: java.lang.InterruptedException: sleep interrupted
2019-10-30 05:53:48,788 [Thread-2471] INFO  impl.FollowerState (FollowerState.java:run(117)) - 58095e90-3010-492a-9083-43cf2e035c3f@group-BCADF287A12B-FollowerState was interrupted: java.lang.InterruptedException: sleep interrupted
2019-10-30 05:53:48,801 [9127dd83-037b-4d39-812f-66db56af525a@group-BCADF287A12B-LeaderElection332] INFO  impl.LeaderElection (LeaderElection.java:logAndReturn(56)) - 9127dd83-037b-4d39-812f-66db56af525a@group-BCADF287A12B-LeaderElection332: Election REJECTED; received 2 response(s) [9127dd83-037b-4d39-812f-66db56af525a<-7fae3aed-4e76-4283-a599-f93f794625ab#0:FAIL-t372, 9127dd83-037b-4d39-812f-66db56af525a<-58095e90-3010-492a-9083-43cf2e035c3f#0:FAIL-t372] and 0 exception(s); 9127dd83-037b-4d39-812f-66db56af525a@group-BCADF287A12B:t372, leader=null, voted=9127dd83-037b-4d39-812f-66db56af525a, raftlog=9127dd83-037b-4d39-812f-66db56af525a@group-BCADF287A12B-SegmentedRaftLog:OPENED:c-1,f-1,i0, conf=-1: [7fae3aed-4e76-4283-a599-f93f794625ab:192.168.34.21:41352, 58095e90-3010-492a-9083-43cf2e035c3f:192.168.34.21:45284, 9127dd83-037b-4d39-812f-66db56af525a:192.168.34.21:42063], old=null
2019-10-30 05:53:48,801 [9127dd83-037b-4d39-812f-66db56af525a@group-BCADF287A12B-LeaderElection332] INFO  impl.RaftServerImpl (RaftServerImpl.java:setRole(184)) - 9127dd83-037b-4d39-812f-66db56af525a@group-BCADF287A12B: changes role from CANDIDATE to FOLLOWER at term 372 for DISCOVERED_A_NEW_TERM
2019-10-30 05:53:48,801 [9127dd83-037b-4d39-812f-66db56af525a@group-BCADF287A12B-LeaderElection332] INFO  impl.RoleInfo (RoleInfo.java:shutdownLeaderElection(134)) - 9127dd83-037b-4d39-812f-66db56af525a: shutdown LeaderElection
2019-10-30 05:53:48,801 [9127dd83-037b-4d39-812f-66db56af525a@group-BCADF287A12B-LeaderElection332] INFO  impl.RoleInfo (RoleInfo.java:updateAndGet(143)) - 9127dd83-037b-4d39-812f-66db56af525a: start FollowerState
2019-10-30 05:53:48,875 [Thread-2478] INFO  impl.FollowerState (FollowerState.java:run(108)) - 9127dd83-037b-4d39-812f-66db56af525a@group-BCADF287A12B-FollowerState: change to CANDIDATE, lastRpcTime:73ms, electionTimeout:73ms
2019-10-30 05:53:48,875 [Thread-2478] INFO  impl.RoleInfo (RoleInfo.java:shutdownFollowerState(121)) - 9127dd83-037b-4d39-812f-66db56af525a: shutdown FollowerState
2019-10-30 05:53:48,875 [Thread-2478] INFO  impl.RaftServerImpl (RaftServerImpl.java:setRole(184)) - 9127dd83-037b-4d39-812f-66db56af525a@group-BCADF287A12B: changes role from  FOLLOWER to CANDIDATE at term 372 for changeToCandidate
2019-10-30 05:53:48,875 [Thread-2478] INFO  impl.RoleInfo (RoleInfo.java:updateAndGet(143)) - 9127dd83-037b-4d39-812f-66db56af525a: start LeaderElection
2019-10-30 05:53:48,890 [9127dd83-037b-4d39-812f-66db56af525a@group-BCADF287A12B-LeaderElection333] INFO  impl.LeaderElection (LeaderElection.java:askForVotes(178)) - 9127dd83-037b-4d39-812f-66db56af525a@group-BCADF287A12B-LeaderElection333: begin an election at term 373 for -1: [7fae3aed-4e76-4283-a599-f93f794625ab:192.168.34.21:41352, 58095e90-3010-492a-9083-43cf2e035c3f:192.168.34.21:45284, 9127dd83-037b-4d39-812f-66db56af525a:192.168.34.21:42063], old=null
2019-10-30 05:53:48,892 [grpc-default-executor-1] INFO  impl.RaftServerImpl (RaftServerImpl.java:setRole(184)) - 7fae3aed-4e76-4283-a599-f93f794625ab@group-BCADF287A12B: changes role from  FOLLOWER to FOLLOWER at term 373 for recognizeCandidate:9127dd83-037b-4d39-812f-66db56af525a
2019-10-30 05:53:48,892 [grpc-default-executor-1] INFO  impl.RoleInfo (RoleInfo.java:shutdownFollowerState(121)) - 7fae3aed-4e76-4283-a599-f93f794625ab: shutdown FollowerState
2019-10-30 05:53:48,892 [grpc-default-executor-0] INFO  impl.RaftServerImpl (RaftServerImpl.java:setRole(184)) - 58095e90-3010-492a-9083-43cf2e035c3f@group-BCADF287A12B: changes role from  FOLLOWER to FOLLOWER at term 373 for recognizeCandidate:9127dd83-037b-4d39-812f-66db56af525a
2019-10-30 05:53:48,893 [grpc-default-executor-0] INFO  impl.RoleInfo (RoleInfo.java:shutdownFollowerState(121)) - 58095e90-3010-492a-9083-43cf2e035c3f: shutdown FollowerState
2019-10-30 05:53:48,892 [grpc-default-executor-1] INFO  impl.RoleInfo (RoleInfo.java:updateAndGet(143)) - 7fae3aed-4e76-4283-a599-f93f794625ab: start FollowerState
2019-10-30 05:53:48,893 [Thread-2477] INFO  impl.FollowerState (FollowerState.java:run(117)) - 58095e90-3010-492a-9083-43cf2e035c3f@group-BCADF287A12B-FollowerState was interrupted: java.lang.InterruptedException: sleep interrupted
2019-10-30 05:53:48,893 [Thread-2476] INFO  impl.FollowerState (FollowerState.java:run(117)) - 7fae3aed-4e76-4283-a599-f93f794625ab@group-BCADF287A12B-FollowerState was interrupted: java.lang.InterruptedException: sleep interrupted
2019-10-30 05:53:48,893 [grpc-default-executor-0] INFO  impl.RoleInfo (RoleInfo.java:updateAndGet(143)) - 58095e90-3010-492a-9083-43cf2e035c3f: start FollowerState
2019-10-30 05:53:48,922 [9127dd83-037b-4d39-812f-66db56af525a@group-BCADF287A12B-LeaderElection333] INFO  impl.LeaderElection (LeaderElection.java:logAndReturn(56)) - 9127dd83-037b-4d39-812f-66db56af525a@group-BCADF287A12B-LeaderElection333: Election REJECTED; received 2 response(s) [9127dd83-037b-4d39-812f-66db56af525a<-7fae3aed-4e76-4283-a599-f93f794625ab#0:FAIL-t373, 9127dd83-037b-4d39-812f-66db56af525a<-58095e90-3010-492a-9083-43cf2e035c3f#0:FAIL-t373] and 0 exception(s); 9127dd83-037b-4d39-812f-66db56af525a@group-BCADF287A12B:t373, leader=null, voted=9127dd83-037b-4d39-812f-66db56af525a, raftlog=9127dd83-037b-4d39-812f-66db56af525a@group-BCADF287A12B-SegmentedRaftLog:OPENED:c-1,f-1,i0, conf=-1: [7fae3aed-4e76-4283-a599-f93f794625ab:192.168.34.21:41352, 58095e90-3010-492a-9083-43cf2e035c3f:192.168.34.21:45284, 9127dd83-037b-4d39-812f-66db56af525a:192.168.34.21:42063], old=null
2019-10-30 05:53:48,922 [9127dd83-037b-4d39-812f-66db56af525a@group-BCADF287A12B-LeaderElection333] INFO  impl.RaftServerImpl (RaftServerImpl.java:setRole(184)) - 9127dd83-037b-4d39-812f-66db56af525a@group-BCADF287A12B: changes role from CANDIDATE to FOLLOWER at term 373 for DISCOVERED_A_NEW_TERM
2019-10-30 05:53:48,922 [9127dd83-037b-4d39-812f-66db56af525a@group-BCADF287A12B-LeaderElection333] INFO  impl.RoleInfo (RoleInfo.java:shutdownLeaderElection(134)) - 9127dd83-037b-4d39-812f-66db56af525a: shutdown LeaderElection
2019-10-30 05:53:48,922 [9127dd83-037b-4d39-812f-66db56af525a@group-BCADF287A12B-LeaderElection333] INFO  impl.RoleInfo (RoleInfo.java:updateAndGet(143)) - 9127dd83-037b-4d39-812f-66db56af525a: start FollowerState
2019-10-30 05:53:48,999 [Thread-2484] INFO  impl.FollowerState (FollowerState.java:run(108)) - 9127dd83-037b-4d39-812f-66db56af525a@group-BCADF287A12B-FollowerState: change to CANDIDATE, lastRpcTime:76ms, electionTimeout:76ms
2019-10-30 05:53:48,999 [Thread-2484] INFO  impl.RoleInfo (RoleInfo.java:shutdownFollowerState(121)) - 9127dd83-037b-4d39-812f-66db56af525a: shutdown FollowerState
2019-10-30 05:53:48,999 [Thread-2484] INFO  impl.RaftServerImpl (RaftServerImpl.java:setRole(184)) - 9127dd83-037b-4d39-812f-66db56af525a@group-BCADF287A12B: changes role from  FOLLOWER to CANDIDATE at term 373 for changeToCandidate
2019-10-30 05:53:48,999 [Thread-2484] INFO  impl.RoleInfo (RoleInfo.java:updateAndGet(143)) - 9127dd83-037b-4d39-812f-66db56af525a: start LeaderElection
2019-10-30 05:53:49,040 [9127dd83-037b-4d39-812f-66db56af525a@group-BCADF287A12B-LeaderElection334] INFO  impl.LeaderElection (LeaderElection.java:askForVotes(178)) - 9127dd83-037b-4d39-812f-66db56af525a@group-BCADF287A12B-LeaderElection334: begin an election at term 374 for -1: [7fae3aed-4e76-4283-a599-f93f794625ab:192.168.34.21:41352, 58095e90-3010-492a-9083-43cf2e035c3f:192.168.34.21:45284, 9127dd83-037b-4d39-812f-66db56af525a:192.168.34.21:42063], old=null
2019-10-30 05:53:49,042 [grpc-default-executor-1] INFO  impl.RaftServerImpl (RaftServerImpl.java:setRole(184)) - 7fae3aed-4e76-4283-a599-f93f794625ab@group-BCADF287A12B: changes role from  FOLLOWER to FOLLOWER at term 374 for recognizeCandidate:9127dd83-037b-4d39-812f-66db56af525a
2019-10-30 05:53:49,042 [grpc-default-executor-0] INFO  impl.RaftServerImpl (RaftServerImpl.java:setRole(184)) - 58095e90-3010-492a-9083-43cf2e035c3f@group-BCADF287A12B: changes role from  FOLLOWER to FOLLOWER at term 374 for recognizeCandidate:9127dd83-037b-4d39-812f-66db56af525a
2019-10-30 05:53:49,042 [grpc-default-executor-0] INFO  impl.RoleInfo (RoleInfo.java:shutdownFollowerState(121)) - 58095e90-3010-492a-9083-43cf2e035c3f: shutdown FollowerState
2019-10-30 05:53:49,042 [grpc-default-executor-1] INFO  impl.RoleInfo (RoleInfo.java:shutdownFollowerState(121)) - 7fae3aed-4e76-4283-a599-f93f794625ab: shutdown FollowerState
2019-10-30 05:53:49,043 [Thread-2483] INFO  impl.FollowerState (FollowerState.java:run(117)) - 58095e90-3010-492a-9083-43cf2e035c3f@group-BCADF287A12B-FollowerState was interrupted: java.lang.InterruptedException: sleep interrupted
2019-10-30 05:53:49,043 [grpc-default-executor-0] INFO  impl.RoleInfo (RoleInfo.java:updateAndGet(143)) - 58095e90-3010-492a-9083-43cf2e035c3f: start FollowerState
2019-10-30 05:53:49,043 [grpc-default-executor-1] INFO  impl.RoleInfo (RoleInfo.java:updateAndGet(143)) - 7fae3aed-4e76-4283-a599-f93f794625ab: start FollowerState
2019-10-30 05:53:49,043 [Thread-2482] INFO  impl.FollowerState (FollowerState.java:run(117)) - 7fae3aed-4e76-4283-a599-f93f794625ab@group-BCADF287A12B-FollowerState was interrupted: java.lang.InterruptedException: sleep interrupted
2019-10-30 05:53:49,057 [9127dd83-037b-4d39-812f-66db56af525a@group-BCADF287A12B-LeaderElection334] INFO  impl.LeaderElection (LeaderElection.java:logAndReturn(56)) - 9127dd83-037b-4d39-812f-66db56af525a@group-BCADF287A12B-LeaderElection334: Election REJECTED; received 2 response(s) [9127dd83-037b-4d39-812f-66db56af525a<-7fae3aed-4e76-4283-a599-f93f794625ab#0:FAIL-t374, 9127dd83-037b-4d39-812f-66db56af525a<-58095e90-3010-492a-9083-43cf2e035c3f#0:FAIL-t374] and 0 exception(s); 9127dd83-037b-4d39-812f-66db56af525a@group-BCADF287A12B:t374, leader=null, voted=9127dd83-037b-4d39-812f-66db56af525a, raftlog=9127dd83-037b-4d39-812f-66db56af525a@group-BCADF287A12B-SegmentedRaftLog:OPENED:c-1,f-1,i0, conf=-1: [7fae3aed-4e76-4283-a599-f93f794625ab:192.168.34.21:41352, 58095e90-3010-492a-9083-43cf2e035c3f:192.168.34.21:45284, 9127dd83-037b-4d39-812f-66db56af525a:192.168.34.21:42063], old=null
2019-10-30 05:53:49,057 [9127dd83-037b-4d39-812f-66db56af525a@group-BCADF287A12B-LeaderElection334] INFO  impl.RaftServerImpl (RaftServerImpl.java:setRole(184)) - 9127dd83-037b-4d39-812f-66db56af525a@group-BCADF287A12B: changes role from CANDIDATE to FOLLOWER at term 374 for DISCOVERED_A_NEW_TERM
2019-10-30 05:53:49,057 [9127dd83-037b-4d39-812f-66db56af525a@group-BCADF287A12B-LeaderElection334] INFO  impl.RoleInfo (RoleInfo.java:shutdownLeaderElection(134)) - 9127dd83-037b-4d39-812f-66db56af525a: shutdown LeaderElection
2019-10-30 05:53:49,058 [9127dd83-037b-4d39-812f-66db56af525a@group-BCADF287A12B-LeaderElection334] INFO  impl.RoleInfo (RoleInfo.java:updateAndGet(143)) - 9127dd83-037b-4d39-812f-66db56af525a: start FollowerState
2019-10-30 05:53:49,108 [Thread-2490] INFO  impl.FollowerState (FollowerState.java:run(108)) - 9127dd83-037b-4d39-812f-66db56af525a@group-BCADF287A12B-FollowerState: change to CANDIDATE, lastRpcTime:50ms, electionTimeout:50ms
2019-10-30 05:53:49,108 [Thread-2490] INFO  impl.RoleInfo (RoleInfo.java:shutdownFollowerState(121)) - 9127dd83-037b-4d39-812f-66db56af525a: shutdown FollowerState
2019-10-30 05:53:49,108 [Thread-2490] INFO  impl.RaftServerImpl (RaftServerImpl.java:setRole(184)) - 9127dd83-037b-4d39-812f-66db56af525a@group-BCADF287A12B: changes role from  FOLLOWER to CANDIDATE at term 374 for changeToCandidate
2019-10-30 05:53:49,109 [Thread-2490] INFO  impl.RoleInfo (RoleInfo.java:updateAndGet(143)) - 9127dd83-037b-4d39-812f-66db56af525a: start LeaderElection
2019-10-30 05:53:49,123 [9127dd83-037b-4d39-812f-66db56af525a@group-BCADF287A12B-LeaderElection335] INFO  impl.LeaderElection (LeaderElection.java:askForVotes(178)) - 9127dd83-037b-4d39-812f-66db56af525a@group-BCADF287A12B-LeaderElection335: begin an election at term 375 for -1: [7fae3aed-4e76-4283-a599-f93f794625ab:192.168.34.21:41352, 58095e90-3010-492a-9083-43cf2e035c3f:192.168.34.21:45284, 9127dd83-037b-4d39-812f-66db56af525a:192.168.34.21:42063], old=null
2019-10-30 05:53:49,125 [grpc-default-executor-0] INFO  impl.RaftServerImpl (RaftServerImpl.java:setRole(184)) - 7fae3aed-4e76-4283-a599-f93f794625ab@group-BCADF287A12B: changes role from  FOLLOWER to FOLLOWER at term 375 for recognizeCandidate:9127dd83-037b-4d39-812f-66db56af525a
2019-10-30 05:53:49,125 [grpc-default-executor-1] INFO  impl.RaftServerImpl (RaftServerImpl.java:setRole(184)) - 58095e90-3010-492a-9083-43cf2e035c3f@group-BCADF287A12B: changes role from  FOLLOWER to FOLLOWER at term 375 for recognizeCandidate:9127dd83-037b-4d39-812f-66db56af525a
2019-10-30 05:53:49,125 [grpc-default-executor-1] INFO  impl.RoleInfo (RoleInfo.java:shutdownFollowerState(121)) - 58095e90-3010-492a-9083-43cf2e035c3f: shutdown FollowerState
2019-10-30 05:53:49,125 [grpc-default-executor-0] INFO  impl.RoleInfo (RoleInfo.java:shutdownFollowerState(121)) - 7fae3aed-4e76-4283-a599-f93f794625ab: shutdown FollowerState
2019-10-30 05:53:49,125 [Thread-2488] INFO  impl.FollowerState (FollowerState.java:run(117)) - 58095e90-3010-492a-9083-43cf2e035c3f@group-BCADF287A12B-FollowerState was interrupted: java.lang.InterruptedException: sleep interrupted
2019-10-30 05:53:49,125 [grpc-default-executor-1] INFO  impl.RoleInfo (RoleInfo.java:updateAndGet(143)) - 58095e90-3010-492a-9083-43cf2e035c3f: start FollowerState
2019-10-30 05:53:49,125 [grpc-default-executor-0] INFO  impl.RoleInfo (RoleInfo.java:updateAndGet(143)) - 7fae3aed-4e76-4283-a599-f93f794625ab: start FollowerState
2019-10-30 05:53:49,125 [Thread-2489] INFO  impl.FollowerState (FollowerState.java:run(117)) - 7fae3aed-4e76-4283-a599-f93f794625ab@group-BCADF287A12B-FollowerState was interrupted: java.lang.InterruptedException: sleep interrupted
2019-10-30 05:53:49,139 [9127dd83-037b-4d39-812f-66db56af525a@group-BCADF287A12B-LeaderElection335] INFO  impl.LeaderElection (LeaderElection.java:logAndReturn(56)) - 9127dd83-037b-4d39-812f-66db56af525a@group-BCADF287A12B-LeaderElection335: Election REJECTED; received 2 response(s) [9127dd83-037b-4d39-812f-66db56af525a<-7fae3aed-4e76-4283-a599-f93f794625ab#0:FAIL-t375, 9127dd83-037b-4d39-812f-66db56af525a<-58095e90-3010-492a-9083-43cf2e035c3f#0:FAIL-t375] and 0 exception(s); 9127dd83-037b-4d39-812f-66db56af525a@group-BCADF287A12B:t375, leader=null, voted=9127dd83-037b-4d39-812f-66db56af525a, raftlog=9127dd83-037b-4d39-812f-66db56af525a@group-BCADF287A12B-SegmentedRaftLog:OPENED:c-1,f-1,i0, conf=-1: [7fae3aed-4e76-4283-a599-f93f794625ab:192.168.34.21:41352, 58095e90-3010-492a-9083-43cf2e035c3f:192.168.34.21:45284, 9127dd83-037b-4d39-812f-66db56af525a:192.168.34.21:42063], old=null
2019-10-30 05:53:49,140 [9127dd83-037b-4d39-812f-66db56af525a@group-BCADF287A12B-LeaderElection335] INFO  impl.RaftServerImpl (RaftServerImpl.java:setRole(184)) - 9127dd83-037b-4d39-812f-66db56af525a@group-BCADF287A12B: changes role from CANDIDATE to FOLLOWER at term 375 for DISCOVERED_A_NEW_TERM
2019-10-30 05:53:49,140 [9127dd83-037b-4d39-812f-66db56af525a@group-BCADF287A12B-LeaderElection335] INFO  impl.RoleInfo (RoleInfo.java:shutdownLeaderElection(134)) - 9127dd83-037b-4d39-812f-66db56af525a: shutdown LeaderElection
2019-10-30 05:53:49,140 [9127dd83-037b-4d39-812f-66db56af525a@group-BCADF287A12B-LeaderElection335] INFO  impl.RoleInfo (RoleInfo.java:updateAndGet(143)) - 9127dd83-037b-4d39-812f-66db56af525a: start FollowerState
2019-10-30 05:53:49,315 [Thread-2496] INFO  impl.FollowerState (FollowerState.java:run(108)) - 9127dd83-037b-4d39-812f-66db56af525a@group-BCADF287A12B-FollowerState: change to CANDIDATE, lastRpcTime:175ms, electionTimeout:175ms
2019-10-30 05:53:49,315 [Thread-2496] INFO  impl.RoleInfo (RoleInfo.java:shutdownFollowerState(121)) - 9127dd83-037b-4d39-812f-66db56af525a: shutdown FollowerState
2019-10-30 05:53:49,316 [Thread-2496] INFO  impl.RaftServerImpl (RaftServerImpl.java:setRole(184)) - 9127dd83-037b-4d39-812f-66db56af525a@group-BCADF287A12B: changes role from  FOLLOWER to CANDIDATE at term 375 for changeToCandidate
2019-10-30 05:53:49,316 [Thread-2496] INFO  impl.RoleInfo (RoleInfo.java:updateAndGet(143)) - 9127dd83-037b-4d39-812f-66db56af525a: start LeaderElection
2019-10-30 05:53:49,319 [9127dd83-037b-4d39-812f-66db56af525a@group-BCADF287A12B-LeaderElection336] INFO  impl.LeaderElection (LeaderElection.java:askForVotes(178)) - 9127dd83-037b-4d39-812f-66db56af525a@group-BCADF287A12B-LeaderElection336: begin an election at term 376 for -1: [7fae3aed-4e76-4283-a599-f93f794625ab:192.168.34.21:41352, 58095e90-3010-492a-9083-43cf2e035c3f:192.168.34.21:45284, 9127dd83-037b-4d39-812f-66db56af525a:192.168.34.21:42063], old=null
2019-10-30 05:53:49,321 [grpc-default-executor-1] INFO  impl.RaftServerImpl (RaftServerImpl.java:setRole(184)) - 7fae3aed-4e76-4283-a599-f93f794625ab@group-BCADF287A12B: changes role from  FOLLOWER to FOLLOWER at term 376 for recognizeCandidate:9127dd83-037b-4d39-812f-66db56af525a
2019-10-30 05:53:49,321 [grpc-default-executor-1] INFO  impl.RoleInfo (RoleInfo.java:shutdownFollowerState(121)) - 7fae3aed-4e76-4283-a599-f93f794625ab: shutdown FollowerState
2019-10-30 05:53:49,321 [grpc-default-executor-0] INFO  impl.RaftServerImpl (RaftServerImpl.java:setRole(184)) - 58095e90-3010-492a-9083-43cf2e035c3f@group-BCADF287A12B: changes role from  FOLLOWER to FOLLOWER at term 376 for recognizeCandidate:9127dd83-037b-4d39-812f-66db56af525a
2019-10-30 05:53:49,321 [Thread-2495] INFO  impl.FollowerState (FollowerState.java:run(117)) - 7fae3aed-4e76-4283-a599-f93f794625ab@group-BCADF287A12B-FollowerState was interrupted: java.lang.InterruptedException: sleep interrupted
2019-10-30 05:53:49,321 [grpc-default-executor-1] INFO  impl.RoleInfo (RoleInfo.java:updateAndGet(143)) - 7fae3aed-4e76-4283-a599-f93f794625ab: start FollowerState
2019-10-30 05:53:49,321 [grpc-default-executor-0] INFO  impl.RoleInfo (RoleInfo.java:shutdownFollowerState(121)) - 58095e90-3010-492a-9083-43cf2e035c3f: shutdown FollowerState
2019-10-30 05:53:49,321 [grpc-default-executor-0] INFO  impl.RoleInfo (RoleInfo.java:updateAndGet(143)) - 58095e90-3010-492a-9083-43cf2e035c3f: start FollowerState
2019-10-30 05:53:49,321 [Thread-2494] INFO  impl.FollowerState (FollowerState.java:run(117)) - 58095e90-3010-492a-9083-43cf2e035c3f@group-BCADF287A12B-FollowerState was interrupted: java.lang.InterruptedException: sleep interrupted
2019-10-30 05:53:49,347 [9127dd83-037b-4d39-812f-66db56af525a@group-BCADF287A12B-LeaderElection336] INFO  impl.LeaderElection (LeaderElection.java:logAndReturn(56)) - 9127dd83-037b-4d39-812f-66db56af525a@group-BCADF287A12B-LeaderElection336: Election REJECTED; received 2 response(s) [9127dd83-037b-4d39-812f-66db56af525a<-7fae3aed-4e76-4283-a599-f93f794625ab#0:FAIL-t376, 9127dd83-037b-4d39-812f-66db56af525a<-58095e90-3010-492a-9083-43cf2e035c3f#0:FAIL-t376] and 0 exception(s); 9127dd83-037b-4d39-812f-66db56af525a@group-BCADF287A12B:t376, leader=null, voted=9127dd83-037b-4d39-812f-66db56af525a, raftlog=9127dd83-037b-4d39-812f-66db56af525a@group-BCADF287A12B-SegmentedRaftLog:OPENED:c-1,f-1,i0, conf=-1: [7fae3aed-4e76-4283-a599-f93f794625ab:192.168.34.21:41352, 58095e90-3010-492a-9083-43cf2e035c3f:192.168.34.21:45284, 9127dd83-037b-4d39-812f-66db56af525a:192.168.34.21:42063], old=null
2019-10-30 05:53:49,348 [9127dd83-037b-4d39-812f-66db56af525a@group-BCADF287A12B-LeaderElection336] INFO  impl.RaftServerImpl (RaftServerImpl.java:setRole(184)) - 9127dd83-037b-4d39-812f-66db56af525a@group-BCADF287A12B: changes role from CANDIDATE to FOLLOWER at term 376 for DISCOVERED_A_NEW_TERM
2019-10-30 05:53:49,348 [9127dd83-037b-4d39-812f-66db56af525a@group-BCADF287A12B-LeaderElection336] INFO  impl.RoleInfo (RoleInfo.java:shutdownLeaderElection(134)) - 9127dd83-037b-4d39-812f-66db56af525a: shutdown LeaderElection
2019-10-30 05:53:49,348 [9127dd83-037b-4d39-812f-66db56af525a@group-BCADF287A12B-LeaderElection336] INFO  impl.RoleInfo (RoleInfo.java:updateAndGet(143)) - 9127dd83-037b-4d39-812f-66db56af525a: start FollowerState
2019-10-30 05:53:49,409 [Thread-2502] INFO  impl.FollowerState (FollowerState.java:run(108)) - 9127dd83-037b-4d39-812f-66db56af525a@group-BCADF287A12B-FollowerState: change to CANDIDATE, lastRpcTime:61ms, electionTimeout:61ms
2019-10-30 05:53:49,409 [Thread-2502] INFO  impl.RoleInfo (RoleInfo.java:shutdownFollowerState(121)) - 9127dd83-037b-4d39-812f-66db56af525a: shutdown FollowerState
2019-10-30 05:53:49,409 [Thread-2502] INFO  impl.RaftServerImpl (RaftServerImpl.java:setRole(184)) - 9127dd83-037b-4d39-812f-66db56af525a@group-BCADF287A12B: changes role from  FOLLOWER to CANDIDATE at term 376 for changeToCandidate
2019-10-30 05:53:49,409 [Thread-2502] INFO  impl.RoleInfo (RoleInfo.java:updateAndGet(143)) - 9127dd83-037b-4d39-812f-66db56af525a: start LeaderElection
2019-10-30 05:53:49,417 [9127dd83-037b-4d39-812f-66db56af525a@group-BCADF287A12B-LeaderElection337] INFO  impl.LeaderElection (LeaderElection.java:askForVotes(178)) - 9127dd83-037b-4d39-812f-66db56af525a@group-BCADF287A12B-LeaderElection337: begin an election at term 377 for -1: [7fae3aed-4e76-4283-a599-f93f794625ab:192.168.34.21:41352, 58095e90-3010-492a-9083-43cf2e035c3f:192.168.34.21:45284, 9127dd83-037b-4d39-812f-66db56af525a:192.168.34.21:42063], old=null
2019-10-30 05:53:49,419 [grpc-default-executor-1] INFO  impl.RaftServerImpl (RaftServerImpl.java:setRole(184)) - 7fae3aed-4e76-4283-a599-f93f794625ab@group-BCADF287A12B: changes role from  FOLLOWER to FOLLOWER at term 377 for recognizeCandidate:9127dd83-037b-4d39-812f-66db56af525a
2019-10-30 05:53:49,419 [grpc-default-executor-0] INFO  impl.RaftServerImpl (RaftServerImpl.java:setRole(184)) - 58095e90-3010-492a-9083-43cf2e035c3f@group-BCADF287A12B: changes role from  FOLLOWER to FOLLOWER at term 377 for recognizeCandidate:9127dd83-037b-4d39-812f-66db56af525a
2019-10-30 05:53:49,419 [grpc-default-executor-1] INFO  impl.RoleInfo (RoleInfo.java:shutdownFollowerState(121)) - 7fae3aed-4e76-4283-a599-f93f794625ab: shutdown FollowerState
2019-10-30 05:53:49,419 [grpc-default-executor-0] INFO  impl.RoleInfo (RoleInfo.java:shutdownFollowerState(121)) - 58095e90-3010-492a-9083-43cf2e035c3f: shutdown FollowerState
2019-10-30 05:53:49,419 [Thread-2500] INFO  impl.FollowerState (FollowerState.java:run(117)) - 7fae3aed-4e76-4283-a599-f93f794625ab@group-BCADF287A12B-FollowerState was interrupted: java.lang.InterruptedException: sleep interrupted
2019-10-30 05:53:49,419 [grpc-default-executor-1] INFO  impl.RoleInfo (RoleInfo.java:updateAndGet(143)) - 7fae3aed-4e76-4283-a599-f93f794625ab: start FollowerState
2019-10-30 05:53:49,420 [grpc-default-executor-0] INFO  impl.RoleInfo (RoleInfo.java:updateAndGet(143)) - 58095e90-3010-492a-9083-43cf2e035c3f: start FollowerState
2019-10-30 05:53:49,420 [Thread-2501] INFO  impl.FollowerState (FollowerState.java:run(117)) - 58095e90-3010-492a-9083-43cf2e035c3f@group-BCADF287A12B-FollowerState was interrupted: java.lang.InterruptedException: sleep interrupted
2019-10-30 05:53:49,433 [9127dd83-037b-4d39-812f-66db56af525a@group-BCADF287A12B-LeaderElection337] INFO  impl.LeaderElection (LeaderElection.java:logAndReturn(56)) - 9127dd83-037b-4d39-812f-66db56af525a@group-BCADF287A12B-LeaderElection337: Election REJECTED; received 2 response(s) [9127dd83-037b-4d39-812f-66db56af525a<-7fae3aed-4e76-4283-a599-f93f794625ab#0:FAIL-t377, 9127dd83-037b-4d39-812f-66db56af525a<-58095e90-3010-492a-9083-43cf2e035c3f#0:FAIL-t377] and 0 exception(s); 9127dd83-037b-4d39-812f-66db56af525a@group-BCADF287A12B:t377, leader=null, voted=9127dd83-037b-4d39-812f-66db56af525a, raftlog=9127dd83-037b-4d39-812f-66db56af525a@group-BCADF287A12B-SegmentedRaftLog:OPENED:c-1,f-1,i0, conf=-1: [7fae3aed-4e76-4283-a599-f93f794625ab:192.168.34.21:41352, 58095e90-3010-492a-9083-43cf2e035c3f:192.168.34.21:45284, 9127dd83-037b-4d39-812f-66db56af525a:192.168.34.21:42063], old=null
2019-10-30 05:53:49,433 [9127dd83-037b-4d39-812f-66db56af525a@group-BCADF287A12B-LeaderElection337] INFO  impl.RaftServerImpl (RaftServerImpl.java:setRole(184)) - 9127dd83-037b-4d39-812f-66db56af525a@group-BCADF287A12B: changes role from CANDIDATE to FOLLOWER at term 377 for DISCOVERED_A_NEW_TERM
2019-10-30 05:53:49,433 [9127dd83-037b-4d39-812f-66db56af525a@group-BCADF287A12B-LeaderElection337] INFO  impl.RoleInfo (RoleInfo.java:shutdownLeaderElection(134)) - 9127dd83-037b-4d39-812f-66db56af525a: shutdown LeaderElection
2019-10-30 05:53:49,433 [9127dd83-037b-4d39-812f-66db56af525a@group-BCADF287A12B-LeaderElection337] INFO  impl.RoleInfo (RoleInfo.java:updateAndGet(143)) - 9127dd83-037b-4d39-812f-66db56af525a: start FollowerState
2019-10-30 05:53:49,526 [Thread-2508] INFO  impl.FollowerState (FollowerState.java:run(108)) - 9127dd83-037b-4d39-812f-66db56af525a@group-BCADF287A12B-FollowerState: change to CANDIDATE, lastRpcTime:92ms, electionTimeout:92ms
2019-10-30 05:53:49,527 [Thread-2508] INFO  impl.RoleInfo (RoleInfo.java:shutdownFollowerState(121)) - 9127dd83-037b-4d39-812f-66db56af525a: shutdown FollowerState
2019-10-30 05:53:49,527 [Thread-2508] INFO  impl.RaftServerImpl (RaftServerImpl.java:setRole(184)) - 9127dd83-037b-4d39-812f-66db56af525a@group-BCADF287A12B: changes role from  FOLLOWER to CANDIDATE at term 377 for changeToCandidate
2019-10-30 05:53:49,528 [Thread-2508] INFO  impl.RoleInfo (RoleInfo.java:updateAndGet(143)) - 9127dd83-037b-4d39-812f-66db56af525a: start LeaderElection
2019-10-30 05:53:49,535 [9127dd83-037b-4d39-812f-66db56af525a@group-BCADF287A12B-LeaderElection338] INFO  impl.LeaderElection (LeaderElection.java:askForVotes(178)) - 9127dd83-037b-4d39-812f-66db56af525a@group-BCADF287A12B-LeaderElection338: begin an election at term 378 for -1: [7fae3aed-4e76-4283-a599-f93f794625ab:192.168.34.21:41352, 58095e90-3010-492a-9083-43cf2e035c3f:192.168.34.21:45284, 9127dd83-037b-4d39-812f-66db56af525a:192.168.34.21:42063], old=null
2019-10-30 05:53:49,536 [grpc-default-executor-1] INFO  impl.RaftServerImpl (RaftServerImpl.java:setRole(184)) - 7fae3aed-4e76-4283-a599-f93f794625ab@group-BCADF287A12B: changes role from  FOLLOWER to FOLLOWER at term 378 for recognizeCandidate:9127dd83-037b-4d39-812f-66db56af525a
2019-10-30 05:53:49,537 [grpc-default-executor-2] INFO  impl.RaftServerImpl (RaftServerImpl.java:setRole(184)) - 58095e90-3010-492a-9083-43cf2e035c3f@group-BCADF287A12B: changes role from  FOLLOWER to FOLLOWER at term 378 for recognizeCandidate:9127dd83-037b-4d39-812f-66db56af525a
2019-10-30 05:53:49,537 [grpc-default-executor-1] INFO  impl.RoleInfo (RoleInfo.java:shutdownFollowerState(121)) - 7fae3aed-4e76-4283-a599-f93f794625ab: shutdown FollowerState
2019-10-30 05:53:49,537 [grpc-default-executor-2] INFO  impl.RoleInfo (RoleInfo.java:shutdownFollowerState(121)) - 58095e90-3010-492a-9083-43cf2e035c3f: shutdown FollowerState
2019-10-30 05:53:49,537 [Thread-2506] INFO  impl.FollowerState (FollowerState.java:run(117)) - 7fae3aed-4e76-4283-a599-f93f794625ab@group-BCADF287A12B-FollowerState was interrupted: java.lang.InterruptedException: sleep interrupted
2019-10-30 05:53:49,537 [grpc-default-executor-1] INFO  impl.RoleInfo (RoleInfo.java:updateAndGet(143)) - 7fae3aed-4e76-4283-a599-f93f794625ab: start FollowerState
2019-10-30 05:53:49,537 [Thread-2507] INFO  impl.FollowerState (FollowerState.java:run(117)) - 58095e90-3010-492a-9083-43cf2e035c3f@group-BCADF287A12B-FollowerState was interrupted: java.lang.InterruptedException: sleep interrupted
2019-10-30 05:53:49,537 [grpc-default-executor-2] INFO  impl.RoleInfo (RoleInfo.java:updateAndGet(143)) - 58095e90-3010-492a-9083-43cf2e035c3f: start FollowerState
2019-10-30 05:53:49,552 [9127dd83-037b-4d39-812f-66db56af525a@group-BCADF287A12B-LeaderElection338] INFO  impl.LeaderElection (LeaderElection.java:logAndReturn(56)) - 9127dd83-037b-4d39-812f-66db56af525a@group-BCADF287A12B-LeaderElection338: Election REJECTED; received 2 response(s) [9127dd83-037b-4d39-812f-66db56af525a<-7fae3aed-4e76-4283-a599-f93f794625ab#0:FAIL-t378, 9127dd83-037b-4d39-812f-66db56af525a<-58095e90-3010-492a-9083-43cf2e035c3f#0:FAIL-t378] and 0 exception(s); 9127dd83-037b-4d39-812f-66db56af525a@group-BCADF287A12B:t378, leader=null, voted=9127dd83-037b-4d39-812f-66db56af525a, raftlog=9127dd83-037b-4d39-812f-66db56af525a@group-BCADF287A12B-SegmentedRaftLog:OPENED:c-1,f-1,i0, conf=-1: [7fae3aed-4e76-4283-a599-f93f794625ab:192.168.34.21:41352, 58095e90-3010-492a-9083-43cf2e035c3f:192.168.34.21:45284, 9127dd83-037b-4d39-812f-66db56af525a:192.168.34.21:42063], old=null
2019-10-30 05:53:49,552 [9127dd83-037b-4d39-812f-66db56af525a@group-BCADF287A12B-LeaderElection338] INFO  impl.RaftServerImpl (RaftServerImpl.java:setRole(184)) - 9127dd83-037b-4d39-812f-66db56af525a@group-BCADF287A12B: changes role from CANDIDATE to FOLLOWER at term 378 for DISCOVERED_A_NEW_TERM
2019-10-30 05:53:49,553 [9127dd83-037b-4d39-812f-66db56af525a@group-BCADF287A12B-LeaderElection338] INFO  impl.RoleInfo (RoleInfo.java:shutdownLeaderElection(134)) - 9127dd83-037b-4d39-812f-66db56af525a: shutdown LeaderElection
2019-10-30 05:53:49,553 [9127dd83-037b-4d39-812f-66db56af525a@group-BCADF287A12B-LeaderElection338] INFO  impl.RoleInfo (RoleInfo.java:updateAndGet(143)) - 9127dd83-037b-4d39-812f-66db56af525a: start FollowerState
2019-10-30 05:53:49,667 [Thread-2516] INFO  impl.FollowerState (FollowerState.java:run(108)) - 9127dd83-037b-4d39-812f-66db56af525a@group-BCADF287A12B-FollowerState: change to CANDIDATE, lastRpcTime:114ms, electionTimeout:114ms
2019-10-30 05:53:49,667 [Thread-2516] INFO  impl.RoleInfo (RoleInfo.java:shutdownFollowerState(121)) - 9127dd83-037b-4d39-812f-66db56af525a: shutdown FollowerState
2019-10-30 05:53:49,667 [Thread-2516] INFO  impl.RaftServerImpl (RaftServerImpl.java:setRole(184)) - 9127dd83-037b-4d39-812f-66db56af525a@group-BCADF287A12B: changes role from  FOLLOWER to CANDIDATE at term 378 for changeToCandidate
2019-10-30 05:53:49,667 [Thread-2516] INFO  impl.RoleInfo (RoleInfo.java:updateAndGet(143)) - 9127dd83-037b-4d39-812f-66db56af525a: start LeaderElection
2019-10-30 05:53:49,681 [9127dd83-037b-4d39-812f-66db56af525a@group-BCADF287A12B-LeaderElection339] INFO  impl.LeaderElection (LeaderElection.java:askForVotes(178)) - 9127dd83-037b-4d39-812f-66db56af525a@group-BCADF287A12B-LeaderElection339: begin an election at term 379 for -1: [7fae3aed-4e76-4283-a599-f93f794625ab:192.168.34.21:41352, 58095e90-3010-492a-9083-43cf2e035c3f:192.168.34.21:45284, 9127dd83-037b-4d39-812f-66db56af525a:192.168.34.21:42063], old=null
2019-10-30 05:53:49,682 [grpc-default-executor-1] INFO  impl.RaftServerImpl (RaftServerImpl.java:setRole(184)) - 58095e90-3010-492a-9083-43cf2e035c3f@group-BCADF287A12B: changes role from  FOLLOWER to FOLLOWER at term 379 for recognizeCandidate:9127dd83-037b-4d39-812f-66db56af525a
2019-10-30 05:53:49,682 [grpc-default-executor-2] INFO  impl.RaftServerImpl (RaftServerImpl.java:setRole(184)) - 7fae3aed-4e76-4283-a599-f93f794625ab@group-BCADF287A12B: changes role from  FOLLOWER to FOLLOWER at term 379 for recognizeCandidate:9127dd83-037b-4d39-812f-66db56af525a
2019-10-30 05:53:49,682 [grpc-default-executor-1] INFO  impl.RoleInfo (RoleInfo.java:shutdownFollowerState(121)) - 58095e90-3010-492a-9083-43cf2e035c3f: shutdown FollowerState
2019-10-30 05:53:49,683 [grpc-default-executor-2] INFO  impl.RoleInfo (RoleInfo.java:shutdownFollowerState(121)) - 7fae3aed-4e76-4283-a599-f93f794625ab: shutdown FollowerState
2019-10-30 05:53:49,683 [Thread-2515] INFO  impl.FollowerState (FollowerState.java:run(117)) - 58095e90-3010-492a-9083-43cf2e035c3f@group-BCADF287A12B-FollowerState was interrupted: java.lang.InterruptedException: sleep interrupted
2019-10-30 05:53:49,683 [grpc-default-executor-1] INFO  impl.RoleInfo (RoleInfo.java:updateAndGet(143)) - 58095e90-3010-492a-9083-43cf2e035c3f: start FollowerState
2019-10-30 05:53:49,683 [Thread-2514] INFO  impl.FollowerState (FollowerState.java:run(117)) - 7fae3aed-4e76-4283-a599-f93f794625ab@group-BCADF287A12B-FollowerState was interrupted: java.lang.InterruptedException: sleep interrupted
2019-10-30 05:53:49,683 [grpc-default-executor-2] INFO  impl.RoleInfo (RoleInfo.java:updateAndGet(143)) - 7fae3aed-4e76-4283-a599-f93f794625ab: start FollowerState
2019-10-30 05:53:49,709 [9127dd83-037b-4d39-812f-66db56af525a@group-BCADF287A12B-LeaderElection339] INFO  impl.LeaderElection (LeaderElection.java:logAndReturn(56)) - 9127dd83-037b-4d39-812f-66db56af525a@group-BCADF287A12B-LeaderElection339: Election REJECTED; received 2 response(s) [9127dd83-037b-4d39-812f-66db56af525a<-7fae3aed-4e76-4283-a599-f93f794625ab#0:FAIL-t379, 9127dd83-037b-4d39-812f-66db56af525a<-58095e90-3010-492a-9083-43cf2e035c3f#0:FAIL-t379] and 0 exception(s); 9127dd83-037b-4d39-812f-66db56af525a@group-BCADF287A12B:t379, leader=null, voted=9127dd83-037b-4d39-812f-66db56af525a, raftlog=9127dd83-037b-4d39-812f-66db56af525a@group-BCADF287A12B-SegmentedRaftLog:OPENED:c-1,f-1,i0, conf=-1: [7fae3aed-4e76-4283-a599-f93f794625ab:192.168.34.21:41352, 58095e90-3010-492a-9083-43cf2e035c3f:192.168.34.21:45284, 9127dd83-037b-4d39-812f-66db56af525a:192.168.34.21:42063], old=null
2019-10-30 05:53:49,709 [9127dd83-037b-4d39-812f-66db56af525a@group-BCADF287A12B-LeaderElection339] INFO  impl.RaftServerImpl (RaftServerImpl.java:setRole(184)) - 9127dd83-037b-4d39-812f-66db56af525a@group-BCADF287A12B: changes role from CANDIDATE to FOLLOWER at term 379 for DISCOVERED_A_NEW_TERM
2019-10-30 05:53:49,709 [9127dd83-037b-4d39-812f-66db56af525a@group-BCADF287A12B-LeaderElection339] INFO  impl.RoleInfo (RoleInfo.java:shutdownLeaderElection(134)) - 9127dd83-037b-4d39-812f-66db56af525a: shutdown LeaderElection
2019-10-30 05:53:49,709 [9127dd83-037b-4d39-812f-66db56af525a@group-BCADF287A12B-LeaderElection339] INFO  impl.RoleInfo (RoleInfo.java:updateAndGet(143)) - 9127dd83-037b-4d39-812f-66db56af525a: start FollowerState
2019-10-30 05:53:49,756 [Thread-2522] INFO  impl.FollowerState (FollowerState.java:run(108)) - 9127dd83-037b-4d39-812f-66db56af525a@group-BCADF287A12B-FollowerState: change to CANDIDATE, lastRpcTime:47ms, electionTimeout:47ms
2019-10-30 05:53:49,756 [Thread-2522] INFO  impl.RoleInfo (RoleInfo.java:shutdownFollowerState(121)) - 9127dd83-037b-4d39-812f-66db56af525a: shutdown FollowerState
2019-10-30 05:53:49,756 [Thread-2522] INFO  impl.RaftServerImpl (RaftServerImpl.java:setRole(184)) - 9127dd83-037b-4d39-812f-66db56af525a@group-BCADF287A12B: changes role from  FOLLOWER to CANDIDATE at term 379 for changeToCandidate
2019-10-30 05:53:49,757 [Thread-2522] INFO  impl.RoleInfo (RoleInfo.java:updateAndGet(143)) - 9127dd83-037b-4d39-812f-66db56af525a: start LeaderElection
2019-10-30 05:53:49,769 [9127dd83-037b-4d39-812f-66db56af525a@group-BCADF287A12B-LeaderElection340] INFO  impl.LeaderElection (LeaderElection.java:askForVotes(178)) - 9127dd83-037b-4d39-812f-66db56af525a@group-BCADF287A12B-LeaderElection340: begin an election at term 380 for -1: [7fae3aed-4e76-4283-a599-f93f794625ab:192.168.34.21:41352, 58095e90-3010-492a-9083-43cf2e035c3f:192.168.34.21:45284, 9127dd83-037b-4d39-812f-66db56af525a:192.168.34.21:42063], old=null
2019-10-30 05:53:49,771 [grpc-default-executor-2] INFO  impl.RaftServerImpl (RaftServerImpl.java:setRole(184)) - 7fae3aed-4e76-4283-a599-f93f794625ab@group-BCADF287A12B: changes role from  FOLLOWER to FOLLOWER at term 380 for recognizeCandidate:9127dd83-037b-4d39-812f-66db56af525a
2019-10-30 05:53:49,771 [grpc-default-executor-1] INFO  impl.RaftServerImpl (RaftServerImpl.java:setRole(184)) - 58095e90-3010-492a-9083-43cf2e035c3f@group-BCADF287A12B: changes role from  FOLLOWER to FOLLOWER at term 380 for recognizeCandidate:9127dd83-037b-4d39-812f-66db56af525a
2019-10-30 05:53:49,772 [grpc-default-executor-1] INFO  impl.RoleInfo (RoleInfo.java:shutdownFollowerState(121)) - 58095e90-3010-492a-9083-43cf2e035c3f: shutdown FollowerState
2019-10-30 05:53:49,771 [grpc-default-executor-2] INFO  impl.RoleInfo (RoleInfo.java:shutdownFollowerState(121)) - 7fae3aed-4e76-4283-a599-f93f794625ab: shutdown FollowerState
2019-10-30 05:53:49,772 [Thread-2520] INFO  impl.FollowerState (FollowerState.java:run(117)) - 58095e90-3010-492a-9083-43cf2e035c3f@group-BCADF287A12B-FollowerState was interrupted: java.lang.InterruptedException: sleep interrupted
2019-10-30 05:53:49,772 [Thread-2521] INFO  impl.FollowerState (FollowerState.java:run(117)) - 7fae3aed-4e76-4283-a599-f93f794625ab@group-BCADF287A12B-FollowerState was interrupted: java.lang.InterruptedException: sleep interrupted
2019-10-30 05:53:49,772 [grpc-default-executor-1] INFO  impl.RoleInfo (RoleInfo.java:updateAndGet(143)) - 58095e90-3010-492a-9083-43cf2e035c3f: start FollowerState
2019-10-30 05:53:49,772 [grpc-default-executor-2] INFO  impl.RoleInfo (RoleInfo.java:updateAndGet(143)) - 7fae3aed-4e76-4283-a599-f93f794625ab: start FollowerState
2019-10-30 05:53:49,784 [9127dd83-037b-4d39-812f-66db56af525a@group-BCADF287A12B-LeaderElection340] INFO  impl.LeaderElection (LeaderElection.java:logAndReturn(56)) - 9127dd83-037b-4d39-812f-66db56af525a@group-BCADF287A12B-LeaderElection340: Election TIMEOUT; received 0 response(s) [] and 0 exception(s); 9127dd83-037b-4d39-812f-66db56af525a@group-BCADF287A12B:t380, leader=null, voted=9127dd83-037b-4d39-812f-66db56af525a, raftlog=9127dd83-037b-4d39-812f-66db56af525a@group-BCADF287A12B-SegmentedRaftLog:OPENED:c-1,f-1,i0, conf=-1: [7fae3aed-4e76-4283-a599-f93f794625ab:192.168.34.21:41352, 58095e90-3010-492a-9083-43cf2e035c3f:192.168.34.21:45284, 9127dd83-037b-4d39-812f-66db56af525a:192.168.34.21:42063], old=null
2019-10-30 05:53:49,798 [9127dd83-037b-4d39-812f-66db56af525a@group-BCADF287A12B-LeaderElection340] INFO  impl.LeaderElection (LeaderElection.java:askForVotes(178)) - 9127dd83-037b-4d39-812f-66db56af525a@group-BCADF287A12B-LeaderElection340: begin an election at term 381 for -1: [7fae3aed-4e76-4283-a599-f93f794625ab:192.168.34.21:41352, 58095e90-3010-492a-9083-43cf2e035c3f:192.168.34.21:45284, 9127dd83-037b-4d39-812f-66db56af525a:192.168.34.21:42063], old=null
2019-10-30 05:53:49,799 [grpc-default-executor-2] INFO  impl.RaftServerImpl (RaftServerImpl.java:setRole(184)) - 58095e90-3010-492a-9083-43cf2e035c3f@group-BCADF287A12B: changes role from  FOLLOWER to FOLLOWER at term 381 for recognizeCandidate:9127dd83-037b-4d39-812f-66db56af525a
2019-10-30 05:53:49,799 [grpc-default-executor-1] INFO  impl.RaftServerImpl (RaftServerImpl.java:setRole(184)) - 7fae3aed-4e76-4283-a599-f93f794625ab@group-BCADF287A12B: changes role from  FOLLOWER to FOLLOWER at term 381 for recognizeCandidate:9127dd83-037b-4d39-812f-66db56af525a
2019-10-30 05:53:49,800 [grpc-default-executor-2] INFO  impl.RoleInfo (RoleInfo.java:shutdownFollowerState(121)) - 58095e90-3010-492a-9083-43cf2e035c3f: shutdown FollowerState
2019-10-30 05:53:49,800 [grpc-default-executor-1] INFO  impl.RoleInfo (RoleInfo.java:shutdownFollowerState(121)) - 7fae3aed-4e76-4283-a599-f93f794625ab: shutdown FollowerState
2019-10-30 05:53:49,800 [Thread-2526] INFO  impl.FollowerState (FollowerState.java:run(117)) - 58095e90-3010-492a-9083-43cf2e035c3f@group-BCADF287A12B-FollowerState was interrupted: java.lang.InterruptedException: sleep interrupted
2019-10-30 05:53:49,800 [grpc-default-executor-2] INFO  impl.RoleInfo (RoleInfo.java:updateAndGet(143)) - 58095e90-3010-492a-9083-43cf2e035c3f: start FollowerState
2019-10-30 05:53:49,800 [Thread-2527] INFO  impl.FollowerState (FollowerState.java:run(117)) - 7fae3aed-4e76-4283-a599-f93f794625ab@group-BCADF287A12B-FollowerState was interrupted: java.lang.InterruptedException: sleep interrupted
2019-10-30 05:53:49,800 [grpc-default-executor-1] INFO  impl.RoleInfo (RoleInfo.java:updateAndGet(143)) - 7fae3aed-4e76-4283-a599-f93f794625ab: start FollowerState
2019-10-30 05:53:49,821 [9127dd83-037b-4d39-812f-66db56af525a@group-BCADF287A12B-LeaderElection340] INFO  impl.LeaderElection (LeaderElection.java:logAndReturn(56)) - 9127dd83-037b-4d39-812f-66db56af525a@group-BCADF287A12B-LeaderElection340: Election REJECTED; received 2 response(s) [9127dd83-037b-4d39-812f-66db56af525a<-7fae3aed-4e76-4283-a599-f93f794625ab#0:FAIL-t381, 9127dd83-037b-4d39-812f-66db56af525a<-58095e90-3010-492a-9083-43cf2e035c3f#0:FAIL-t381] and 0 exception(s); 9127dd83-037b-4d39-812f-66db56af525a@group-BCADF287A12B:t381, leader=null, voted=9127dd83-037b-4d39-812f-66db56af525a, raftlog=9127dd83-037b-4d39-812f-66db56af525a@group-BCADF287A12B-SegmentedRaftLog:OPENED:c-1,f-1,i0, conf=-1: [7fae3aed-4e76-4283-a599-f93f794625ab:192.168.34.21:41352, 58095e90-3010-492a-9083-43cf2e035c3f:192.168.34.21:45284, 9127dd83-037b-4d39-812f-66db56af525a:192.168.34.21:42063], old=null
2019-10-30 05:53:49,821 [9127dd83-037b-4d39-812f-66db56af525a@group-BCADF287A12B-LeaderElection340] INFO  impl.RaftServerImpl (RaftServerImpl.java:setRole(184)) - 9127dd83-037b-4d39-812f-66db56af525a@group-BCADF287A12B: changes role from CANDIDATE to FOLLOWER at term 381 for DISCOVERED_A_NEW_TERM
2019-10-30 05:53:49,821 [9127dd83-037b-4d39-812f-66db56af525a@group-BCADF287A12B-LeaderElection340] INFO  impl.RoleInfo (RoleInfo.java:shutdownLeaderElection(134)) - 9127dd83-037b-4d39-812f-66db56af525a: shutdown LeaderElection
2019-10-30 05:53:49,821 [9127dd83-037b-4d39-812f-66db56af525a@group-BCADF287A12B-LeaderElection340] INFO  impl.RoleInfo (RoleInfo.java:updateAndGet(143)) - 9127dd83-037b-4d39-812f-66db56af525a: start FollowerState
2019-10-30 05:53:49,978 [Thread-2532] INFO  impl.FollowerState (FollowerState.java:run(108)) - 9127dd83-037b-4d39-812f-66db56af525a@group-BCADF287A12B-FollowerState: change to CANDIDATE, lastRpcTime:156ms, electionTimeout:156ms
2019-10-30 05:53:49,978 [Thread-2532] INFO  impl.RoleInfo (RoleInfo.java:shutdownFollowerState(121)) - 9127dd83-037b-4d39-812f-66db56af525a: shutdown FollowerState
2019-10-30 05:53:49,978 [Thread-2532] INFO  impl.RaftServerImpl (RaftServerImpl.java:setRole(184)) - 9127dd83-037b-4d39-812f-66db56af525a@group-BCADF287A12B: changes role from  FOLLOWER to CANDIDATE at term 381 for changeToCandidate
2019-10-30 05:53:49,979 [Thread-2532] INFO  impl.RoleInfo (RoleInfo.java:updateAndGet(143)) - 9127dd83-037b-4d39-812f-66db56af525a: start LeaderElection
2019-10-30 05:53:49,993 [9127dd83-037b-4d39-812f-66db56af525a@group-BCADF287A12B-LeaderElection341] INFO  impl.LeaderElection (LeaderElection.java:askForVotes(178)) - 9127dd83-037b-4d39-812f-66db56af525a@group-BCADF287A12B-LeaderElection341: begin an election at term 382 for -1: [7fae3aed-4e76-4283-a599-f93f794625ab:192.168.34.21:41352, 58095e90-3010-492a-9083-43cf2e035c3f:192.168.34.21:45284, 9127dd83-037b-4d39-812f-66db56af525a:192.168.34.21:42063], old=null
2019-10-30 05:53:49,995 [grpc-default-executor-2] INFO  impl.RaftServerImpl (RaftServerImpl.java:setRole(184)) - 58095e90-3010-492a-9083-43cf2e035c3f@group-BCADF287A12B: changes role from  FOLLOWER to FOLLOWER at term 382 for recognizeCandidate:9127dd83-037b-4d39-812f-66db56af525a
2019-10-30 05:53:49,995 [grpc-default-executor-1] INFO  impl.RaftServerImpl (RaftServerImpl.java:setRole(184)) - 7fae3aed-4e76-4283-a599-f93f794625ab@group-BCADF287A12B: changes role from  FOLLOWER to FOLLOWER at term 382 for recognizeCandidate:9127dd83-037b-4d39-812f-66db56af525a
2019-10-30 05:53:49,995 [grpc-default-executor-2] INFO  impl.RoleInfo (RoleInfo.java:shutdownFollowerState(121)) - 58095e90-3010-492a-9083-43cf2e035c3f: shutdown FollowerState
2019-10-30 05:53:49,995 [grpc-default-executor-1] INFO  impl.RoleInfo (RoleInfo.java:shutdownFollowerState(121)) - 7fae3aed-4e76-4283-a599-f93f794625ab: shutdown FollowerState
2019-10-30 05:53:49,995 [grpc-default-executor-2] INFO  impl.RoleInfo (RoleInfo.java:updateAndGet(143)) - 58095e90-3010-492a-9083-43cf2e035c3f: start FollowerState
2019-10-30 05:53:49,995 [Thread-2531] INFO  impl.FollowerState (FollowerState.java:run(117)) - 7fae3aed-4e76-4283-a599-f93f794625ab@group-BCADF287A12B-FollowerState was interrupted: java.lang.InterruptedException: sleep interrupted
2019-10-30 05:53:49,995 [grpc-default-executor-1] INFO  impl.RoleInfo (RoleInfo.java:updateAndGet(143)) - 7fae3aed-4e76-4283-a599-f93f794625ab: start FollowerState
2019-10-30 05:53:49,995 [Thread-2530] INFO  impl.FollowerState (FollowerState.java:run(117)) - 58095e90-3010-492a-9083-43cf2e035c3f@group-BCADF287A12B-FollowerState was interrupted: java.lang.InterruptedException: sleep interrupted
2019-10-30 05:53:50,021 [9127dd83-037b-4d39-812f-66db56af525a@group-BCADF287A12B-LeaderElection341] INFO  impl.LeaderElection (LeaderElection.java:logAndReturn(56)) - 9127dd83-037b-4d39-812f-66db56af525a@group-BCADF287A12B-LeaderElection341: Election REJECTED; received 2 response(s) [9127dd83-037b-4d39-812f-66db56af525a<-7fae3aed-4e76-4283-a599-f93f794625ab#0:FAIL-t382, 9127dd83-037b-4d39-812f-66db56af525a<-58095e90-3010-492a-9083-43cf2e035c3f#0:FAIL-t382] and 0 exception(s); 9127dd83-037b-4d39-812f-66db56af525a@group-BCADF287A12B:t382, leader=null, voted=9127dd83-037b-4d39-812f-66db56af525a, raftlog=9127dd83-037b-4d39-812f-66db56af525a@group-BCADF287A12B-SegmentedRaftLog:OPENED:c-1,f-1,i0, conf=-1: [7fae3aed-4e76-4283-a599-f93f794625ab:192.168.34.21:41352, 58095e90-3010-492a-9083-43cf2e035c3f:192.168.34.21:45284, 9127dd83-037b-4d39-812f-66db56af525a:192.168.34.21:42063], old=null
2019-10-30 05:53:50,021 [9127dd83-037b-4d39-812f-66db56af525a@group-BCADF287A12B-LeaderElection341] INFO  impl.RaftServerImpl (RaftServerImpl.java:setRole(184)) - 9127dd83-037b-4d39-812f-66db56af525a@group-BCADF287A12B: changes role from CANDIDATE to FOLLOWER at term 382 for DISCOVERED_A_NEW_TERM
2019-10-30 05:53:50,021 [9127dd83-037b-4d39-812f-66db56af525a@group-BCADF287A12B-LeaderElection341] INFO  impl.RoleInfo (RoleInfo.java:shutdownLeaderElection(134)) - 9127dd83-037b-4d39-812f-66db56af525a: shutdown LeaderElection
2019-10-30 05:53:50,021 [9127dd83-037b-4d39-812f-66db56af525a@group-BCADF287A12B-LeaderElection341] INFO  impl.RoleInfo (RoleInfo.java:updateAndGet(143)) - 9127dd83-037b-4d39-812f-66db56af525a: start FollowerState
2019-10-30 05:53:50,111 [Thread-2538] INFO  impl.FollowerState (FollowerState.java:run(108)) - 9127dd83-037b-4d39-812f-66db56af525a@group-BCADF287A12B-FollowerState: change to CANDIDATE, lastRpcTime:89ms, electionTimeout:89ms
2019-10-30 05:53:50,111 [Thread-2538] INFO  impl.RoleInfo (RoleInfo.java:shutdownFollowerState(121)) - 9127dd83-037b-4d39-812f-66db56af525a: shutdown FollowerState
2019-10-30 05:53:50,111 [Thread-2538] INFO  impl.RaftServerImpl (RaftServerImpl.java:setRole(184)) - 9127dd83-037b-4d39-812f-66db56af525a@group-BCADF287A12B: changes role from  FOLLOWER to CANDIDATE at term 382 for changeToCandidate
2019-10-30 05:53:50,111 [Thread-2538] INFO  impl.RoleInfo (RoleInfo.java:updateAndGet(143)) - 9127dd83-037b-4d39-812f-66db56af525a: start LeaderElection
2019-10-30 05:53:50,124 [9127dd83-037b-4d39-812f-66db56af525a@group-BCADF287A12B-LeaderElection342] INFO  impl.LeaderElection (LeaderElection.java:askForVotes(178)) - 9127dd83-037b-4d39-812f-66db56af525a@group-BCADF287A12B-LeaderElection342: begin an election at term 383 for -1: [7fae3aed-4e76-4283-a599-f93f794625ab:192.168.34.21:41352, 58095e90-3010-492a-9083-43cf2e035c3f:192.168.34.21:45284, 9127dd83-037b-4d39-812f-66db56af525a:192.168.34.21:42063], old=null
2019-10-30 05:53:50,126 [grpc-default-executor-2] INFO  impl.RaftServerImpl (RaftServerImpl.java:setRole(184)) - 58095e90-3010-492a-9083-43cf2e035c3f@group-BCADF287A12B: changes role from  FOLLOWER to FOLLOWER at term 383 for recognizeCandidate:9127dd83-037b-4d39-812f-66db56af525a
2019-10-30 05:53:50,126 [grpc-default-executor-2] INFO  impl.RoleInfo (RoleInfo.java:shutdownFollowerState(121)) - 58095e90-3010-492a-9083-43cf2e035c3f: shutdown FollowerState
2019-10-30 05:53:50,126 [grpc-default-executor-1] INFO  impl.RaftServerImpl (RaftServerImpl.java:setRole(184)) - 7fae3aed-4e76-4283-a599-f93f794625ab@group-BCADF287A12B: changes role from  FOLLOWER to FOLLOWER at term 383 for recognizeCandidate:9127dd83-037b-4d39-812f-66db56af525a
2019-10-30 05:53:50,126 [Thread-2536] INFO  impl.FollowerState (FollowerState.java:run(117)) - 58095e90-3010-492a-9083-43cf2e035c3f@group-BCADF287A12B-FollowerState was interrupted: java.lang.InterruptedException: sleep interrupted
2019-10-30 05:53:50,126 [grpc-default-executor-2] INFO  impl.RoleInfo (RoleInfo.java:updateAndGet(143)) - 58095e90-3010-492a-9083-43cf2e035c3f: start FollowerState
2019-10-30 05:53:50,126 [grpc-default-executor-1] INFO  impl.RoleInfo (RoleInfo.java:shutdownFollowerState(121)) - 7fae3aed-4e76-4283-a599-f93f794625ab: shutdown FollowerState
2019-10-30 05:53:50,126 [Thread-2537] INFO  impl.FollowerState (FollowerState.java:run(117)) - 7fae3aed-4e76-4283-a599-f93f794625ab@group-BCADF287A12B-FollowerState was interrupted: java.lang.InterruptedException: sleep interrupted
2019-10-30 05:53:50,126 [grpc-default-executor-1] INFO  impl.RoleInfo (RoleInfo.java:updateAndGet(143)) - 7fae3aed-4e76-4283-a599-f93f794625ab: start FollowerState
2019-10-30 05:53:50,141 [9127dd83-037b-4d39-812f-66db56af525a@group-BCADF287A12B-LeaderElection342] INFO  impl.LeaderElection (LeaderElection.java:logAndReturn(56)) - 9127dd83-037b-4d39-812f-66db56af525a@group-BCADF287A12B-LeaderElection342: Election REJECTED; received 2 response(s) [9127dd83-037b-4d39-812f-66db56af525a<-7fae3aed-4e76-4283-a599-f93f794625ab#0:FAIL-t383, 9127dd83-037b-4d39-812f-66db56af525a<-58095e90-3010-492a-9083-43cf2e035c3f#0:FAIL-t383] and 0 exception(s); 9127dd83-037b-4d39-812f-66db56af525a@group-BCADF287A12B:t383, leader=null, voted=9127dd83-037b-4d39-812f-66db56af525a, raftlog=9127dd83-037b-4d39-812f-66db56af525a@group-BCADF287A12B-SegmentedRaftLog:OPENED:c-1,f-1,i0, conf=-1: [7fae3aed-4e76-4283-a599-f93f794625ab:192.168.34.21:41352, 58095e90-3010-492a-9083-43cf2e035c3f:192.168.34.21:45284, 9127dd83-037b-4d39-812f-66db56af525a:192.168.34.21:42063], old=null
2019-10-30 05:53:50,142 [9127dd83-037b-4d39-812f-66db56af525a@group-BCADF287A12B-LeaderElection342] INFO  impl.RaftServerImpl (RaftServerImpl.java:setRole(184)) - 9127dd83-037b-4d39-812f-66db56af525a@group-BCADF287A12B: changes role from CANDIDATE to FOLLOWER at term 383 for DISCOVERED_A_NEW_TERM
2019-10-30 05:53:50,142 [9127dd83-037b-4d39-812f-66db56af525a@group-BCADF287A12B-LeaderElection342] INFO  impl.RoleInfo (RoleInfo.java:shutdownLeaderElection(134)) - 9127dd83-037b-4d39-812f-66db56af525a: shutdown LeaderElection
2019-10-30 05:53:50,142 [9127dd83-037b-4d39-812f-66db56af525a@group-BCADF287A12B-LeaderElection342] INFO  impl.RoleInfo (RoleInfo.java:updateAndGet(143)) - 9127dd83-037b-4d39-812f-66db56af525a: start FollowerState
2019-10-30 05:53:50,319 [Thread-2544] INFO  impl.FollowerState (FollowerState.java:run(108)) - 9127dd83-037b-4d39-812f-66db56af525a@group-BCADF287A12B-FollowerState: change to CANDIDATE, lastRpcTime:177ms, electionTimeout:177ms
2019-10-30 05:53:50,319 [Thread-2544] INFO  impl.RoleInfo (RoleInfo.java:shutdownFollowerState(121)) - 9127dd83-037b-4d39-812f-66db56af525a: shutdown FollowerState
2019-10-30 05:53:50,319 [Thread-2544] INFO  impl.RaftServerImpl (RaftServerImpl.java:setRole(184)) - 9127dd83-037b-4d39-812f-66db56af525a@group-BCADF287A12B: changes role from  FOLLOWER to CANDIDATE at term 383 for changeToCandidate
2019-10-30 05:53:50,320 [Thread-2544] INFO  impl.RoleInfo (RoleInfo.java:updateAndGet(143)) - 9127dd83-037b-4d39-812f-66db56af525a: start LeaderElection
2019-10-30 05:53:50,333 [9127dd83-037b-4d39-812f-66db56af525a@group-BCADF287A12B-LeaderElection343] INFO  impl.LeaderElection (LeaderElection.java:askForVotes(178)) - 9127dd83-037b-4d39-812f-66db56af525a@group-BCADF287A12B-LeaderElection343: begin an election at term 384 for -1: [7fae3aed-4e76-4283-a599-f93f794625ab:192.168.34.21:41352, 58095e90-3010-492a-9083-43cf2e035c3f:192.168.34.21:45284, 9127dd83-037b-4d39-812f-66db56af525a:192.168.34.21:42063], old=null
2019-10-30 05:53:50,335 [grpc-default-executor-2] INFO  impl.RaftServerImpl (RaftServerImpl.java:setRole(184)) - 7fae3aed-4e76-4283-a599-f93f794625ab@group-BCADF287A12B: changes role from  FOLLOWER to FOLLOWER at term 384 for recognizeCandidate:9127dd83-037b-4d39-812f-66db56af525a
2019-10-30 05:53:50,335 [grpc-default-executor-1] INFO  impl.RaftServerImpl (RaftServerImpl.java:setRole(184)) - 58095e90-3010-492a-9083-43cf2e035c3f@group-BCADF287A12B: changes role from  FOLLOWER to FOLLOWER at term 384 for recognizeCandidate:9127dd83-037b-4d39-812f-66db56af525a
2019-10-30 05:53:50,335 [grpc-default-executor-2] INFO  impl.RoleInfo (RoleInfo.java:shutdownFollowerState(121)) - 7fae3aed-4e76-4283-a599-f93f794625ab: shutdown FollowerState
2019-10-30 05:53:50,335 [grpc-default-executor-2] INFO  impl.RoleInfo (RoleInfo.java:updateAndGet(143)) - 7fae3aed-4e76-4283-a599-f93f794625ab: start FollowerState
2019-10-30 05:53:50,335 [grpc-default-executor-1] INFO  impl.RoleInfo (RoleInfo.java:shutdownFollowerState(121)) - 58095e90-3010-492a-9083-43cf2e035c3f: shutdown FollowerState
2019-10-30 05:53:50,335 [Thread-2543] INFO  impl.FollowerState (FollowerState.java:run(117)) - 7fae3aed-4e76-4283-a599-f93f794625ab@group-BCADF287A12B-FollowerState was interrupted: java.lang.InterruptedException: sleep interrupted
2019-10-30 05:53:50,335 [Thread-2542] INFO  impl.FollowerState (FollowerState.java:run(117)) - 58095e90-3010-492a-9083-43cf2e035c3f@group-BCADF287A12B-FollowerState was interrupted: java.lang.InterruptedException: sleep interrupted
2019-10-30 05:53:50,335 [grpc-default-executor-1] INFO  impl.RoleInfo (RoleInfo.java:updateAndGet(143)) - 58095e90-3010-492a-9083-43cf2e035c3f: start FollowerState
2019-10-30 05:53:50,351 [9127dd83-037b-4d39-812f-66db56af525a@group-BCADF287A12B-LeaderElection343] INFO  impl.LeaderElection (LeaderElection.java:logAndReturn(56)) - 9127dd83-037b-4d39-812f-66db56af525a@group-BCADF287A12B-LeaderElection343: Election REJECTED; received 2 response(s) [9127dd83-037b-4d39-812f-66db56af525a<-7fae3aed-4e76-4283-a599-f93f794625ab#0:FAIL-t384, 9127dd83-037b-4d39-812f-66db56af525a<-58095e90-3010-492a-9083-43cf2e035c3f#0:FAIL-t384] and 0 exception(s); 9127dd83-037b-4d39-812f-66db56af525a@group-BCADF287A12B:t384, leader=null, voted=9127dd83-037b-4d39-812f-66db56af525a, raftlog=9127dd83-037b-4d39-812f-66db56af525a@group-BCADF287A12B-SegmentedRaftLog:OPENED:c-1,f-1,i0, conf=-1: [7fae3aed-4e76-4283-a599-f93f794625ab:192.168.34.21:41352, 58095e90-3010-492a-9083-43cf2e035c3f:192.168.34.21:45284, 9127dd83-037b-4d39-812f-66db56af525a:192.168.34.21:42063], old=null
2019-10-30 05:53:50,352 [9127dd83-037b-4d39-812f-66db56af525a@group-BCADF287A12B-LeaderElection343] INFO  impl.RaftServerImpl (RaftServerImpl.java:setRole(184)) - 9127dd83-037b-4d39-812f-66db56af525a@group-BCADF287A12B: changes role from CANDIDATE to FOLLOWER at term 384 for DISCOVERED_A_NEW_TERM
2019-10-30 05:53:50,352 [9127dd83-037b-4d39-812f-66db56af525a@group-BCADF287A12B-LeaderElection343] INFO  impl.RoleInfo (RoleInfo.java:shutdownLeaderElection(134)) - 9127dd83-037b-4d39-812f-66db56af525a: shutdown LeaderElection
2019-10-30 05:53:50,352 [9127dd83-037b-4d39-812f-66db56af525a@group-BCADF287A12B-LeaderElection343] INFO  impl.RoleInfo (RoleInfo.java:updateAndGet(143)) - 9127dd83-037b-4d39-812f-66db56af525a: start FollowerState
2019-10-30 05:53:50,356 [Thread-2550] INFO  impl.FollowerState (FollowerState.java:run(108)) - 9127dd83-037b-4d39-812f-66db56af525a@group-BCADF287A12B-FollowerState: change to CANDIDATE, lastRpcTime:4ms, electionTimeout:4ms
2019-10-30 05:53:50,356 [Thread-2550] INFO  impl.RoleInfo (RoleInfo.java:shutdownFollowerState(121)) - 9127dd83-037b-4d39-812f-66db56af525a: shutdown FollowerState
2019-10-30 05:53:50,356 [Thread-2550] INFO  impl.RaftServerImpl (RaftServerImpl.java:setRole(184)) - 9127dd83-037b-4d39-812f-66db56af525a@group-BCADF287A12B: changes role from  FOLLOWER to CANDIDATE at term 384 for changeToCandidate
2019-10-30 05:53:50,357 [Thread-2550] INFO  impl.RoleInfo (RoleInfo.java:updateAndGet(143)) - 9127dd83-037b-4d39-812f-66db56af525a: start LeaderElection
2019-10-30 05:53:50,369 [9127dd83-037b-4d39-812f-66db56af525a@group-BCADF287A12B-LeaderElection344] INFO  impl.LeaderElection (LeaderElection.java:askForVotes(178)) - 9127dd83-037b-4d39-812f-66db56af525a@group-BCADF287A12B-LeaderElection344: begin an election at term 385 for -1: [7fae3aed-4e76-4283-a599-f93f794625ab:192.168.34.21:41352, 58095e90-3010-492a-9083-43cf2e035c3f:192.168.34.21:45284, 9127dd83-037b-4d39-812f-66db56af525a:192.168.34.21:42063], old=null
2019-10-30 05:53:50,371 [grpc-default-executor-2] INFO  impl.RaftServerImpl (RaftServerImpl.java:setRole(184)) - 7fae3aed-4e76-4283-a599-f93f794625ab@group-BCADF287A12B: changes role from  FOLLOWER to FOLLOWER at term 385 for recognizeCandidate:9127dd83-037b-4d39-812f-66db56af525a
2019-10-30 05:53:50,371 [grpc-default-executor-1] INFO  impl.RaftServerImpl (RaftServerImpl.java:setRole(184)) - 58095e90-3010-492a-9083-43cf2e035c3f@group-BCADF287A12B: changes role from  FOLLOWER to FOLLOWER at term 385 for recognizeCandidate:9127dd83-037b-4d39-812f-66db56af525a
2019-10-30 05:53:50,371 [grpc-default-executor-2] INFO  impl.RoleInfo (RoleInfo.java:shutdownFollowerState(121)) - 7fae3aed-4e76-4283-a599-f93f794625ab: shutdown FollowerState
2019-10-30 05:53:50,371 [grpc-default-executor-1] INFO  impl.RoleInfo (RoleInfo.java:shutdownFollowerState(121)) - 58095e90-3010-492a-9083-43cf2e035c3f: shutdown FollowerState
2019-10-30 05:53:50,371 [Thread-2548] INFO  impl.FollowerState (FollowerState.java:run(117)) - 7fae3aed-4e76-4283-a599-f93f794625ab@group-BCADF287A12B-FollowerState was interrupted: java.lang.InterruptedException: sleep interrupted
2019-10-30 05:53:50,371 [grpc-default-executor-2] INFO  impl.RoleInfo (RoleInfo.java:updateAndGet(143)) - 7fae3aed-4e76-4283-a599-f93f794625ab: start FollowerState
2019-10-30 05:53:50,371 [Thread-2549] INFO  impl.FollowerState (FollowerState.java:run(117)) - 58095e90-3010-492a-9083-43cf2e035c3f@group-BCADF287A12B-FollowerState was interrupted: java.lang.InterruptedException: sleep interrupted
2019-10-30 05:53:50,371 [grpc-default-executor-1] INFO  impl.RoleInfo (RoleInfo.java:updateAndGet(143)) - 58095e90-3010-492a-9083-43cf2e035c3f: start FollowerState
2019-10-30 05:53:50,387 [9127dd83-037b-4d39-812f-66db56af525a@group-BCADF287A12B-LeaderElection344] INFO  impl.LeaderElection (LeaderElection.java:logAndReturn(56)) - 9127dd83-037b-4d39-812f-66db56af525a@group-BCADF287A12B-LeaderElection344: Election REJECTED; received 2 response(s) [9127dd83-037b-4d39-812f-66db56af525a<-7fae3aed-4e76-4283-a599-f93f794625ab#0:FAIL-t385, 9127dd83-037b-4d39-812f-66db56af525a<-58095e90-3010-492a-9083-43cf2e035c3f#0:FAIL-t385] and 0 exception(s); 9127dd83-037b-4d39-812f-66db56af525a@group-BCADF287A12B:t385, leader=null, voted=9127dd83-037b-4d39-812f-66db56af525a, raftlog=9127dd83-037b-4d39-812f-66db56af525a@group-BCADF287A12B-SegmentedRaftLog:OPENED:c-1,f-1,i0, conf=-1: [7fae3aed-4e76-4283-a599-f93f794625ab:192.168.34.21:41352, 58095e90-3010-492a-9083-43cf2e035c3f:192.168.34.21:45284, 9127dd83-037b-4d39-812f-66db56af525a:192.168.34.21:42063], old=null
2019-10-30 05:53:50,387 [9127dd83-037b-4d39-812f-66db56af525a@group-BCADF287A12B-LeaderElection344] INFO  impl.RaftServerImpl (RaftServerImpl.java:setRole(184)) - 9127dd83-037b-4d39-812f-66db56af525a@group-BCADF287A12B: changes role from CANDIDATE to FOLLOWER at term 385 for DISCOVERED_A_NEW_TERM
2019-10-30 05:53:50,387 [9127dd83-037b-4d39-812f-66db56af525a@group-BCADF287A12B-LeaderElection344] INFO  impl.RoleInfo (RoleInfo.java:shutdownLeaderElection(134)) - 9127dd83-037b-4d39-812f-66db56af525a: shutdown LeaderElection
2019-10-30 05:53:50,387 [9127dd83-037b-4d39-812f-66db56af525a@group-BCADF287A12B-LeaderElection344] INFO  impl.RoleInfo (RoleInfo.java:updateAndGet(143)) - 9127dd83-037b-4d39-812f-66db56af525a: start FollowerState
2019-10-30 05:53:50,428 [Thread-2556] INFO  impl.FollowerState (FollowerState.java:run(108)) - 9127dd83-037b-4d39-812f-66db56af525a@group-BCADF287A12B-FollowerState: change to CANDIDATE, lastRpcTime:40ms, electionTimeout:40ms
2019-10-30 05:53:50,428 [Thread-2556] INFO  impl.RoleInfo (RoleInfo.java:shutdownFollowerState(121)) - 9127dd83-037b-4d39-812f-66db56af525a: shutdown FollowerState
2019-10-30 05:53:50,428 [Thread-2556] INFO  impl.RaftServerImpl (RaftServerImpl.java:setRole(184)) - 9127dd83-037b-4d39-812f-66db56af525a@group-BCADF287A12B: changes role from  FOLLOWER to CANDIDATE at term 385 for changeToCandidate
2019-10-30 05:53:50,428 [Thread-2556] INFO  impl.RoleInfo (RoleInfo.java:updateAndGet(143)) - 9127dd83-037b-4d39-812f-66db56af525a: start LeaderElection
2019-10-30 05:53:50,443 [9127dd83-037b-4d39-812f-66db56af525a@group-BCADF287A12B-LeaderElection345] INFO  impl.LeaderElection (LeaderElection.java:askForVotes(178)) - 9127dd83-037b-4d39-812f-66db56af525a@group-BCADF287A12B-LeaderElection345: begin an election at term 386 for -1: [7fae3aed-4e76-4283-a599-f93f794625ab:192.168.34.21:41352, 58095e90-3010-492a-9083-43cf2e035c3f:192.168.34.21:45284, 9127dd83-037b-4d39-812f-66db56af525a:192.168.34.21:42063], old=null
2019-10-30 05:53:50,445 [grpc-default-executor-1] INFO  impl.RaftServerImpl (RaftServerImpl.java:setRole(184)) - 7fae3aed-4e76-4283-a599-f93f794625ab@group-BCADF287A12B: changes role from  FOLLOWER to FOLLOWER at term 386 for recognizeCandidate:9127dd83-037b-4d39-812f-66db56af525a
2019-10-30 05:53:50,445 [grpc-default-executor-2] INFO  impl.RaftServerImpl (RaftServerImpl.java:setRole(184)) - 58095e90-3010-492a-9083-43cf2e035c3f@group-BCADF287A12B: changes role from  FOLLOWER to FOLLOWER at term 386 for recognizeCandidate:9127dd83-037b-4d39-812f-66db56af525a
2019-10-30 05:53:50,445 [grpc-default-executor-1] INFO  impl.RoleInfo (RoleInfo.java:shutdownFollowerState(121)) - 7fae3aed-4e76-4283-a599-f93f794625ab: shutdown FollowerState
2019-10-30 05:53:50,445 [grpc-default-executor-2] INFO  impl.RoleInfo (RoleInfo.java:shutdownFollowerState(121)) - 58095e90-3010-492a-9083-43cf2e035c3f: shutdown FollowerState
2019-10-30 05:53:50,445 [Thread-2554] INFO  impl.FollowerState (FollowerState.java:run(117)) - 7fae3aed-4e76-4283-a599-f93f794625ab@group-BCADF287A12B-FollowerState was interrupted: java.lang.InterruptedException: sleep interrupted
2019-10-30 05:53:50,445 [grpc-default-executor-1] INFO  impl.RoleInfo (RoleInfo.java:updateAndGet(143)) - 7fae3aed-4e76-4283-a599-f93f794625ab: start FollowerState
2019-10-30 05:53:50,445 [Thread-2555] INFO  impl.FollowerState (FollowerState.java:run(117)) - 58095e90-3010-492a-9083-43cf2e035c3f@group-BCADF287A12B-FollowerState was interrupted: java.lang.InterruptedException: sleep interrupted
2019-10-30 05:53:50,445 [grpc-default-executor-2] INFO  impl.RoleInfo (RoleInfo.java:updateAndGet(143)) - 58095e90-3010-492a-9083-43cf2e035c3f: start FollowerState
2019-10-30 05:53:50,461 [9127dd83-037b-4d39-812f-66db56af525a@group-BCADF287A12B-LeaderElection345] INFO  impl.LeaderElection (LeaderElection.java:logAndReturn(56)) - 9127dd83-037b-4d39-812f-66db56af525a@group-BCADF287A12B-LeaderElection345: Election REJECTED; received 2 response(s) [9127dd83-037b-4d39-812f-66db56af525a<-7fae3aed-4e76-4283-a599-f93f794625ab#0:FAIL-t386, 9127dd83-037b-4d39-812f-66db56af525a<-58095e90-3010-492a-9083-43cf2e035c3f#0:FAIL-t386] and 0 exception(s); 9127dd83-037b-4d39-812f-66db56af525a@group-BCADF287A12B:t386, leader=null, voted=9127dd83-037b-4d39-812f-66db56af525a, raftlog=9127dd83-037b-4d39-812f-66db56af525a@group-BCADF287A12B-SegmentedRaftLog:OPENED:c-1,f-1,i0, conf=-1: [7fae3aed-4e76-4283-a599-f93f794625ab:192.168.34.21:41352, 58095e90-3010-492a-9083-43cf2e035c3f:192.168.34.21:45284, 9127dd83-037b-4d39-812f-66db56af525a:192.168.34.21:42063], old=null
2019-10-30 05:53:50,462 [9127dd83-037b-4d39-812f-66db56af525a@group-BCADF287A12B-LeaderElection345] INFO  impl.RaftServerImpl (RaftServerImpl.java:setRole(184)) - 9127dd83-037b-4d39-812f-66db56af525a@group-BCADF287A12B: changes role from CANDIDATE to FOLLOWER at term 386 for DISCOVERED_A_NEW_TERM
2019-10-30 05:53:50,462 [9127dd83-037b-4d39-812f-66db56af525a@group-BCADF287A12B-LeaderElection345] INFO  impl.RoleInfo (RoleInfo.java:shutdownLeaderElection(134)) - 9127dd83-037b-4d39-812f-66db56af525a: shutdown LeaderElection
2019-10-30 05:53:50,462 [9127dd83-037b-4d39-812f-66db56af525a@group-BCADF287A12B-LeaderElection345] INFO  impl.RoleInfo (RoleInfo.java:updateAndGet(143)) - 9127dd83-037b-4d39-812f-66db56af525a: start FollowerState
2019-10-30 05:53:50,537 [Thread-2562] INFO  impl.FollowerState (FollowerState.java:run(108)) - 9127dd83-037b-4d39-812f-66db56af525a@group-BCADF287A12B-FollowerState: change to CANDIDATE, lastRpcTime:75ms, electionTimeout:75ms
2019-10-30 05:53:50,537 [Thread-2562] INFO  impl.RoleInfo (RoleInfo.java:shutdownFollowerState(121)) - 9127dd83-037b-4d39-812f-66db56af525a: shutdown FollowerState
2019-10-30 05:53:50,537 [Thread-2562] INFO  impl.RaftServerImpl (RaftServerImpl.java:setRole(184)) - 9127dd83-037b-4d39-812f-66db56af525a@group-BCADF287A12B: changes role from  FOLLOWER to CANDIDATE at term 386 for changeToCandidate
2019-10-30 05:53:50,538 [Thread-2562] INFO  impl.RoleInfo (RoleInfo.java:updateAndGet(143)) - 9127dd83-037b-4d39-812f-66db56af525a: start LeaderElection
2019-10-30 05:53:50,552 [9127dd83-037b-4d39-812f-66db56af525a@group-BCADF287A12B-LeaderElection346] INFO  impl.LeaderElection (LeaderElection.java:askForVotes(178)) - 9127dd83-037b-4d39-812f-66db56af525a@group-BCADF287A12B-LeaderElection346: begin an election at term 387 for -1: [7fae3aed-4e76-4283-a599-f93f794625ab:192.168.34.21:41352, 58095e90-3010-492a-9083-43cf2e035c3f:192.168.34.21:45284, 9127dd83-037b-4d39-812f-66db56af525a:192.168.34.21:42063], old=null
2019-10-30 05:53:50,553 [grpc-default-executor-2] INFO  impl.RaftServerImpl (RaftServerImpl.java:setRole(184)) - 58095e90-3010-492a-9083-43cf2e035c3f@group-BCADF287A12B: changes role from  FOLLOWER to FOLLOWER at term 387 for recognizeCandidate:9127dd83-037b-4d39-812f-66db56af525a
2019-10-30 05:53:50,553 [grpc-default-executor-1] INFO  impl.RaftServerImpl (RaftServerImpl.java:setRole(184)) - 7fae3aed-4e76-4283-a599-f93f794625ab@group-BCADF287A12B: changes role from  FOLLOWER to FOLLOWER at term 387 for recognizeCandidate:9127dd83-037b-4d39-812f-66db56af525a
2019-10-30 05:53:50,553 [grpc-default-executor-2] INFO  impl.RoleInfo (RoleInfo.java:shutdownFollowerState(121)) - 58095e90-3010-492a-9083-43cf2e035c3f: shutdown FollowerState
2019-10-30 05:53:50,553 [grpc-default-executor-1] INFO  impl.RoleInfo (RoleInfo.java:shutdownFollowerState(121)) - 7fae3aed-4e76-4283-a599-f93f794625ab: shutdown FollowerState
2019-10-30 05:53:50,553 [grpc-default-executor-2] INFO  impl.RoleInfo (RoleInfo.java:updateAndGet(143)) - 58095e90-3010-492a-9083-43cf2e035c3f: start FollowerState
2019-10-30 05:53:50,554 [grpc-default-executor-1] INFO  impl.RoleInfo (RoleInfo.java:updateAndGet(143)) - 7fae3aed-4e76-4283-a599-f93f794625ab: start FollowerState
2019-10-30 05:53:50,554 [Thread-2561] INFO  impl.FollowerState (FollowerState.java:run(117)) - 58095e90-3010-492a-9083-43cf2e035c3f@group-BCADF287A12B-FollowerState was interrupted: java.lang.InterruptedException: sleep interrupted
2019-10-30 05:53:50,554 [Thread-2560] INFO  impl.FollowerState (FollowerState.java:run(117)) - 7fae3aed-4e76-4283-a599-f93f794625ab@group-BCADF287A12B-FollowerState was interrupted: java.lang.InterruptedException: sleep interrupted
2019-10-30 05:53:50,579 [9127dd83-037b-4d39-812f-66db56af525a@group-BCADF287A12B-LeaderElection346] INFO  impl.LeaderElection (LeaderElection.java:logAndReturn(56)) - 9127dd83-037b-4d39-812f-66db56af525a@group-BCADF287A12B-LeaderElection346: Election REJECTED; received 2 response(s) [9127dd83-037b-4d39-812f-66db56af525a<-7fae3aed-4e76-4283-a599-f93f794625ab#0:FAIL-t387, 9127dd83-037b-4d39-812f-66db56af525a<-58095e90-3010-492a-9083-43cf2e035c3f#0:FAIL-t387] and 0 exception(s); 9127dd83-037b-4d39-812f-66db56af525a@group-BCADF287A12B:t387, leader=null, voted=9127dd83-037b-4d39-812f-66db56af525a, raftlog=9127dd83-037b-4d39-812f-66db56af525a@group-BCADF287A12B-SegmentedRaftLog:OPENED:c-1,f-1,i0, conf=-1: [7fae3aed-4e76-4283-a599-f93f794625ab:192.168.34.21:41352, 58095e90-3010-492a-9083-43cf2e035c3f:192.168.34.21:45284, 9127dd83-037b-4d39-812f-66db56af525a:192.168.34.21:42063], old=null
2019-10-30 05:53:50,579 [9127dd83-037b-4d39-812f-66db56af525a@group-BCADF287A12B-LeaderElection346] INFO  impl.RaftServerImpl (RaftServerImpl.java:setRole(184)) - 9127dd83-037b-4d39-812f-66db56af525a@group-BCADF287A12B: changes role from CANDIDATE to FOLLOWER at term 387 for DISCOVERED_A_NEW_TERM
2019-10-30 05:53:50,579 [9127dd83-037b-4d39-812f-66db56af525a@group-BCADF287A12B-LeaderElection346] INFO  impl.RoleInfo (RoleInfo.java:shutdownLeaderElection(134)) - 9127dd83-037b-4d39-812f-66db56af525a: shutdown LeaderElection
2019-10-30 05:53:50,579 [9127dd83-037b-4d39-812f-66db56af525a@group-BCADF287A12B-LeaderElection346] INFO  impl.RoleInfo (RoleInfo.java:updateAndGet(143)) - 9127dd83-037b-4d39-812f-66db56af525a: start FollowerState
2019-10-30 05:53:50,728 [Thread-2570] INFO  impl.FollowerState (FollowerState.java:run(108)) - 9127dd83-037b-4d39-812f-66db56af525a@group-BCADF287A12B-FollowerState: change to CANDIDATE, lastRpcTime:149ms, electionTimeout:149ms
2019-10-30 05:53:50,728 [Thread-2570] INFO  impl.RoleInfo (RoleInfo.java:shutdownFollowerState(121)) - 9127dd83-037b-4d39-812f-66db56af525a: shutdown FollowerState
2019-10-30 05:53:50,728 [Thread-2570] INFO  impl.RaftServerImpl (RaftServerImpl.java:setRole(184)) - 9127dd83-037b-4d39-812f-66db56af525a@group-BCADF287A12B: changes role from  FOLLOWER to CANDIDATE at term 387 for changeToCandidate
2019-10-30 05:53:50,729 [Thread-2570] INFO  impl.RoleInfo (RoleInfo.java:updateAndGet(143)) - 9127dd83-037b-4d39-812f-66db56af525a: start LeaderElection
2019-10-30 05:53:50,744 [9127dd83-037b-4d39-812f-66db56af525a@group-BCADF287A12B-LeaderElection347] INFO  impl.LeaderElection (LeaderElection.java:askForVotes(178)) - 9127dd83-037b-4d39-812f-66db56af525a@group-BCADF287A12B-LeaderElection347: begin an election at term 388 for -1: [7fae3aed-4e76-4283-a599-f93f794625ab:192.168.34.21:41352, 58095e90-3010-492a-9083-43cf2e035c3f:192.168.34.21:45284, 9127dd83-037b-4d39-812f-66db56af525a:192.168.34.21:42063], old=null
2019-10-30 05:53:50,745 [grpc-default-executor-2] INFO  impl.RaftServerImpl (RaftServerImpl.java:setRole(184)) - 58095e90-3010-492a-9083-43cf2e035c3f@group-BCADF287A12B: changes role from  FOLLOWER to FOLLOWER at term 388 for recognizeCandidate:9127dd83-037b-4d39-812f-66db56af525a
2019-10-30 05:53:50,745 [grpc-default-executor-1] INFO  impl.RaftServerImpl (RaftServerImpl.java:setRole(184)) - 7fae3aed-4e76-4283-a599-f93f794625ab@group-BCADF287A12B: changes role from  FOLLOWER to FOLLOWER at term 388 for recognizeCandidate:9127dd83-037b-4d39-812f-66db56af525a
2019-10-30 05:53:50,745 [grpc-default-executor-1] INFO  impl.RoleInfo (RoleInfo.java:shutdownFollowerState(121)) - 7fae3aed-4e76-4283-a599-f93f794625ab: shutdown FollowerState
2019-10-30 05:53:50,745 [grpc-default-executor-2] INFO  impl.RoleInfo (RoleInfo.java:shutdownFollowerState(121)) - 58095e90-3010-492a-9083-43cf2e035c3f: shutdown FollowerState
2019-10-30 05:53:50,745 [Thread-2569] INFO  impl.FollowerState (FollowerState.java:run(117)) - 7fae3aed-4e76-4283-a599-f93f794625ab@group-BCADF287A12B-FollowerState was interrupted: java.lang.InterruptedException: sleep interrupted
2019-10-30 05:53:50,745 [grpc-default-executor-1] INFO  impl.RoleInfo (RoleInfo.java:updateAndGet(143)) - 7fae3aed-4e76-4283-a599-f93f794625ab: start FollowerState
2019-10-30 05:53:50,746 [grpc-default-executor-2] INFO  impl.RoleInfo (RoleInfo.java:updateAndGet(143)) - 58095e90-3010-492a-9083-43cf2e035c3f: start FollowerState
2019-10-30 05:53:50,746 [Thread-2568] INFO  impl.FollowerState (FollowerState.java:run(117)) - 58095e90-3010-492a-9083-43cf2e035c3f@group-BCADF287A12B-FollowerState was interrupted: java.lang.InterruptedException: sleep interrupted
2019-10-30 05:53:50,761 [9127dd83-037b-4d39-812f-66db56af525a@group-BCADF287A12B-LeaderElection347] INFO  impl.LeaderElection (LeaderElection.java:logAndReturn(56)) - 9127dd83-037b-4d39-812f-66db56af525a@group-BCADF287A12B-LeaderElection347: Election REJECTED; received 2 response(s) [9127dd83-037b-4d39-812f-66db56af525a<-7fae3aed-4e76-4283-a599-f93f794625ab#0:FAIL-t388, 9127dd83-037b-4d39-812f-66db56af525a<-58095e90-3010-492a-9083-43cf2e035c3f#0:FAIL-t388] and 0 exception(s); 9127dd83-037b-4d39-812f-66db56af525a@group-BCADF287A12B:t388, leader=null, voted=9127dd83-037b-4d39-812f-66db56af525a, raftlog=9127dd83-037b-4d39-812f-66db56af525a@group-BCADF287A12B-SegmentedRaftLog:OPENED:c-1,f-1,i0, conf=-1: [7fae3aed-4e76-4283-a599-f93f794625ab:192.168.34.21:41352, 58095e90-3010-492a-9083-43cf2e035c3f:192.168.34.21:45284, 9127dd83-037b-4d39-812f-66db56af525a:192.168.34.21:42063], old=null
2019-10-30 05:53:50,761 [9127dd83-037b-4d39-812f-66db56af525a@group-BCADF287A12B-LeaderElection347] INFO  impl.RaftServerImpl (RaftServerImpl.java:setRole(184)) - 9127dd83-037b-4d39-812f-66db56af525a@group-BCADF287A12B: changes role from CANDIDATE to FOLLOWER at term 388 for DISCOVERED_A_NEW_TERM
2019-10-30 05:53:50,762 [9127dd83-037b-4d39-812f-66db56af525a@group-BCADF287A12B-LeaderElection347] INFO  impl.RoleInfo (RoleInfo.java:shutdownLeaderElection(134)) - 9127dd83-037b-4d39-812f-66db56af525a: shutdown LeaderElection
2019-10-30 05:53:50,762 [9127dd83-037b-4d39-812f-66db56af525a@group-BCADF287A12B-LeaderElection347] INFO  impl.RoleInfo (RoleInfo.java:updateAndGet(143)) - 9127dd83-037b-4d39-812f-66db56af525a: start FollowerState
2019-10-30 05:53:50,908 [Thread-2576] INFO  impl.FollowerState (FollowerState.java:run(108)) - 9127dd83-037b-4d39-812f-66db56af525a@group-BCADF287A12B-FollowerState: change to CANDIDATE, lastRpcTime:146ms, electionTimeout:146ms
2019-10-30 05:53:50,908 [Thread-2576] INFO  impl.RoleInfo (RoleInfo.java:shutdownFollowerState(121)) - 9127dd83-037b-4d39-812f-66db56af525a: shutdown FollowerState
2019-10-30 05:53:50,908 [Thread-2576] INFO  impl.RaftServerImpl (RaftServerImpl.java:setRole(184)) - 9127dd83-037b-4d39-812f-66db56af525a@group-BCADF287A12B: changes role from  FOLLOWER to CANDIDATE at term 388 for changeToCandidate
2019-10-30 05:53:50,909 [Thread-2576] INFO  impl.RoleInfo (RoleInfo.java:updateAndGet(143)) - 9127dd83-037b-4d39-812f-66db56af525a: start LeaderElection
2019-10-30 05:53:50,922 [9127dd83-037b-4d39-812f-66db56af525a@group-BCADF287A12B-LeaderElection348] INFO  impl.LeaderElection (LeaderElection.java:askForVotes(178)) - 9127dd83-037b-4d39-812f-66db56af525a@group-BCADF287A12B-LeaderElection348: begin an election at term 389 for -1: [7fae3aed-4e76-4283-a599-f93f794625ab:192.168.34.21:41352, 58095e90-3010-492a-9083-43cf2e035c3f:192.168.34.21:45284, 9127dd83-037b-4d39-812f-66db56af525a:192.168.34.21:42063], old=null
2019-10-30 05:53:50,923 [grpc-default-executor-2] INFO  impl.RaftServerImpl (RaftServerImpl.java:setRole(184)) - 7fae3aed-4e76-4283-a599-f93f794625ab@group-BCADF287A12B: changes role from  FOLLOWER to FOLLOWER at term 389 for recognizeCandidate:9127dd83-037b-4d39-812f-66db56af525a
2019-10-30 05:53:50,923 [grpc-default-executor-2] INFO  impl.RoleInfo (RoleInfo.java:shutdownFollowerState(121)) - 7fae3aed-4e76-4283-a599-f93f794625ab: shutdown FollowerState
2019-10-30 05:53:50,923 [grpc-default-executor-1] INFO  impl.RaftServerImpl (RaftServerImpl.java:setRole(184)) - 58095e90-3010-492a-9083-43cf2e035c3f@group-BCADF287A12B: changes role from  FOLLOWER to FOLLOWER at term 389 for recognizeCandidate:9127dd83-037b-4d39-812f-66db56af525a
2019-10-30 05:53:50,924 [grpc-default-executor-1] INFO  impl.RoleInfo (RoleInfo.java:shutdownFollowerState(121)) - 58095e90-3010-492a-9083-43cf2e035c3f: shutdown FollowerState
2019-10-30 05:53:50,924 [Thread-2574] INFO  impl.FollowerState (FollowerState.java:run(117)) - 7fae3aed-4e76-4283-a599-f93f794625ab@group-BCADF287A12B-FollowerState was interrupted: java.lang.InterruptedException: sleep interrupted
2019-10-30 05:53:50,923 [grpc-default-executor-2] INFO  impl.RoleInfo (RoleInfo.java:updateAndGet(143)) - 7fae3aed-4e76-4283-a599-f93f794625ab: start FollowerState
2019-10-30 05:53:50,924 [Thread-2575] INFO  impl.FollowerState (FollowerState.java:run(117)) - 58095e90-3010-492a-9083-43cf2e035c3f@group-BCADF287A12B-FollowerState was interrupted: java.lang.InterruptedException: sleep interrupted
2019-10-30 05:53:50,924 [grpc-default-executor-1] INFO  impl.RoleInfo (RoleInfo.java:updateAndGet(143)) - 58095e90-3010-492a-9083-43cf2e035c3f: start FollowerState
2019-10-30 05:53:50,949 [9127dd83-037b-4d39-812f-66db56af525a@group-BCADF287A12B-LeaderElection348] INFO  impl.LeaderElection (LeaderElection.java:logAndReturn(56)) - 9127dd83-037b-4d39-812f-66db56af525a@group-BCADF287A12B-LeaderElection348: Election REJECTED; received 2 response(s) [9127dd83-037b-4d39-812f-66db56af525a<-7fae3aed-4e76-4283-a599-f93f794625ab#0:FAIL-t389, 9127dd83-037b-4d39-812f-66db56af525a<-58095e90-3010-492a-9083-43cf2e035c3f#0:FAIL-t389] and 0 exception(s); 9127dd83-037b-4d39-812f-66db56af525a@group-BCADF287A12B:t389, leader=null, voted=9127dd83-037b-4d39-812f-66db56af525a, raftlog=9127dd83-037b-4d39-812f-66db56af525a@group-BCADF287A12B-SegmentedRaftLog:OPENED:c-1,f-1,i0, conf=-1: [7fae3aed-4e76-4283-a599-f93f794625ab:192.168.34.21:41352, 58095e90-3010-492a-9083-43cf2e035c3f:192.168.34.21:45284, 9127dd83-037b-4d39-812f-66db56af525a:192.168.34.21:42063], old=null
2019-10-30 05:53:50,950 [9127dd83-037b-4d39-812f-66db56af525a@group-BCADF287A12B-LeaderElection348] INFO  impl.RaftServerImpl (RaftServerImpl.java:setRole(184)) - 9127dd83-037b-4d39-812f-66db56af525a@group-BCADF287A12B: changes role from CANDIDATE to FOLLOWER at term 389 for DISCOVERED_A_NEW_TERM
2019-10-30 05:53:50,950 [9127dd83-037b-4d39-812f-66db56af525a@group-BCADF287A12B-LeaderElection348] INFO  impl.RoleInfo (RoleInfo.java:shutdownLeaderElection(134)) - 9127dd83-037b-4d39-812f-66db56af525a: shutdown LeaderElection
2019-10-30 05:53:50,950 [9127dd83-037b-4d39-812f-66db56af525a@group-BCADF287A12B-LeaderElection348] INFO  impl.RoleInfo (RoleInfo.java:updateAndGet(143)) - 9127dd83-037b-4d39-812f-66db56af525a: start FollowerState
2019-10-30 05:53:51,013 [Thread-2582] INFO  impl.FollowerState (FollowerState.java:run(108)) - 9127dd83-037b-4d39-812f-66db56af525a@group-BCADF287A12B-FollowerState: change to CANDIDATE, lastRpcTime:63ms, electionTimeout:63ms
2019-10-30 05:53:51,014 [Thread-2582] INFO  impl.RoleInfo (RoleInfo.java:shutdownFollowerState(121)) - 9127dd83-037b-4d39-812f-66db56af525a: shutdown FollowerState
2019-10-30 05:53:51,014 [Thread-2582] INFO  impl.RaftServerImpl (RaftServerImpl.java:setRole(184)) - 9127dd83-037b-4d39-812f-66db56af525a@group-BCADF287A12B: changes role from  FOLLOWER to CANDIDATE at term 389 for changeToCandidate
2019-10-30 05:53:51,014 [Thread-2582] INFO  impl.RoleInfo (RoleInfo.java:updateAndGet(143)) - 9127dd83-037b-4d39-812f-66db56af525a: start LeaderElection
2019-10-30 05:53:51,028 [9127dd83-037b-4d39-812f-66db56af525a@group-BCADF287A12B-LeaderElection349] INFO  impl.LeaderElection (LeaderElection.java:askForVotes(178)) - 9127dd83-037b-4d39-812f-66db56af525a@group-BCADF287A12B-LeaderElection349: begin an election at term 390 for -1: [7fae3aed-4e76-4283-a599-f93f794625ab:192.168.34.21:41352, 58095e90-3010-492a-9083-43cf2e035c3f:192.168.34.21:45284, 9127dd83-037b-4d39-812f-66db56af525a:192.168.34.21:42063], old=null
2019-10-30 05:53:51,030 [grpc-default-executor-1] INFO  impl.RaftServerImpl (RaftServerImpl.java:setRole(184)) - 58095e90-3010-492a-9083-43cf2e035c3f@group-BCADF287A12B: changes role from  FOLLOWER to FOLLOWER at term 390 for recognizeCandidate:9127dd83-037b-4d39-812f-66db56af525a
2019-10-30 05:53:51,030 [grpc-default-executor-1] INFO  impl.RoleInfo (RoleInfo.java:shutdownFollowerState(121)) - 58095e90-3010-492a-9083-43cf2e035c3f: shutdown FollowerState
2019-10-30 05:53:51,030 [grpc-default-executor-2] INFO  impl.RaftServerImpl (RaftServerImpl.java:setRole(184)) - 7fae3aed-4e76-4283-a599-f93f794625ab@group-BCADF287A12B: changes role from  FOLLOWER to FOLLOWER at term 390 for recognizeCandidate:9127dd83-037b-4d39-812f-66db56af525a
2019-10-30 05:53:51,030 [Thread-2581] INFO  impl.FollowerState (FollowerState.java:run(117)) - 58095e90-3010-492a-9083-43cf2e035c3f@group-BCADF287A12B-FollowerState was interrupted: java.lang.InterruptedException: sleep interrupted
2019-10-30 05:53:51,030 [grpc-default-executor-1] INFO  impl.RoleInfo (RoleInfo.java:updateAndGet(143)) - 58095e90-3010-492a-9083-43cf2e035c3f: start FollowerState
2019-10-30 05:53:51,031 [grpc-default-executor-2] INFO  impl.RoleInfo (RoleInfo.java:shutdownFollowerState(121)) - 7fae3aed-4e76-4283-a599-f93f794625ab: shutdown FollowerState
2019-10-30 05:53:51,031 [grpc-default-executor-2] INFO  impl.RoleInfo (RoleInfo.java:updateAndGet(143)) - 7fae3aed-4e76-4283-a599-f93f794625ab: start FollowerState
2019-10-30 05:53:51,031 [Thread-2580] INFO  impl.FollowerState (FollowerState.java:run(117)) - 7fae3aed-4e76-4283-a599-f93f794625ab@group-BCADF287A12B-FollowerState was interrupted: java.lang.InterruptedException: sleep interrupted
2019-10-30 05:53:51,057 [9127dd83-037b-4d39-812f-66db56af525a@group-BCADF287A12B-LeaderElection349] INFO  impl.LeaderElection (LeaderElection.java:logAndReturn(56)) - 9127dd83-037b-4d39-812f-66db56af525a@group-BCADF287A12B-LeaderElection349: Election REJECTED; received 2 response(s) [9127dd83-037b-4d39-812f-66db56af525a<-7fae3aed-4e76-4283-a599-f93f794625ab#0:FAIL-t390, 9127dd83-037b-4d39-812f-66db56af525a<-58095e90-3010-492a-9083-43cf2e035c3f#0:FAIL-t390] and 0 exception(s); 9127dd83-037b-4d39-812f-66db56af525a@group-BCADF287A12B:t390, leader=null, voted=9127dd83-037b-4d39-812f-66db56af525a, raftlog=9127dd83-037b-4d39-812f-66db56af525a@group-BCADF287A12B-SegmentedRaftLog:OPENED:c-1,f-1,i0, conf=-1: [7fae3aed-4e76-4283-a599-f93f794625ab:192.168.34.21:41352, 58095e90-3010-492a-9083-43cf2e035c3f:192.168.34.21:45284, 9127dd83-037b-4d39-812f-66db56af525a:192.168.34.21:42063], old=null
2019-10-30 05:53:51,057 [9127dd83-037b-4d39-812f-66db56af525a@group-BCADF287A12B-LeaderElection349] INFO  impl.RaftServerImpl (RaftServerImpl.java:setRole(184)) - 9127dd83-037b-4d39-812f-66db56af525a@group-BCADF287A12B: changes role from CANDIDATE to FOLLOWER at term 390 for DISCOVERED_A_NEW_TERM
2019-10-30 05:53:51,057 [9127dd83-037b-4d39-812f-66db56af525a@group-BCADF287A12B-LeaderElection349] INFO  impl.RoleInfo (RoleInfo.java:shutdownLeaderElection(134)) - 9127dd83-037b-4d39-812f-66db56af525a: shutdown LeaderElection
2019-10-30 05:53:51,057 [9127dd83-037b-4d39-812f-66db56af525a@group-BCADF287A12B-LeaderElection349] INFO  impl.RoleInfo (RoleInfo.java:updateAndGet(143)) - 9127dd83-037b-4d39-812f-66db56af525a: start FollowerState
2019-10-30 05:53:51,219 [Thread-2588] INFO  impl.FollowerState (FollowerState.java:run(108)) - 9127dd83-037b-4d39-812f-66db56af525a@group-BCADF287A12B-FollowerState: change to CANDIDATE, lastRpcTime:161ms, electionTimeout:161ms
2019-10-30 05:53:51,219 [Thread-2588] INFO  impl.RoleInfo (RoleInfo.java:shutdownFollowerState(121)) - 9127dd83-037b-4d39-812f-66db56af525a: shutdown FollowerState
2019-10-30 05:53:51,219 [Thread-2588] INFO  impl.RaftServerImpl (RaftServerImpl.java:setRole(184)) - 9127dd83-037b-4d39-812f-66db56af525a@group-BCADF287A12B: changes role from  FOLLOWER to CANDIDATE at term 390 for changeToCandidate
2019-10-30 05:53:51,219 [Thread-2588] INFO  impl.RoleInfo (RoleInfo.java:updateAndGet(143)) - 9127dd83-037b-4d39-812f-66db56af525a: start LeaderElection
2019-10-30 05:53:51,245 [9127dd83-037b-4d39-812f-66db56af525a@group-BCADF287A12B-LeaderElection350] INFO  impl.LeaderElection (LeaderElection.java:askForVotes(178)) - 9127dd83-037b-4d39-812f-66db56af525a@group-BCADF287A12B-LeaderElection350: begin an election at term 391 for -1: [7fae3aed-4e76-4283-a599-f93f794625ab:192.168.34.21:41352, 58095e90-3010-492a-9083-43cf2e035c3f:192.168.34.21:45284, 9127dd83-037b-4d39-812f-66db56af525a:192.168.34.21:42063], old=null
2019-10-30 05:53:51,246 [grpc-default-executor-1] INFO  impl.RaftServerImpl (RaftServerImpl.java:setRole(184)) - 7fae3aed-4e76-4283-a599-f93f794625ab@group-BCADF287A12B: changes role from  FOLLOWER to FOLLOWER at term 391 for recognizeCandidate:9127dd83-037b-4d39-812f-66db56af525a
2019-10-30 05:53:51,246 [grpc-default-executor-2] INFO  impl.RaftServerImpl (RaftServerImpl.java:setRole(184)) - 58095e90-3010-492a-9083-43cf2e035c3f@group-BCADF287A12B: changes role from  FOLLOWER to FOLLOWER at term 391 for recognizeCandidate:9127dd83-037b-4d39-812f-66db56af525a
2019-10-30 05:53:51,247 [grpc-default-executor-1] INFO  impl.RoleInfo (RoleInfo.java:shutdownFollowerState(121)) - 7fae3aed-4e76-4283-a599-f93f794625ab: shutdown FollowerState
2019-10-30 05:53:51,247 [grpc-default-executor-2] INFO  impl.RoleInfo (RoleInfo.java:shutdownFollowerState(121)) - 58095e90-3010-492a-9083-43cf2e035c3f: shutdown FollowerState
2019-10-30 05:53:51,247 [Thread-2587] INFO  impl.FollowerState (FollowerState.java:run(117)) - 7fae3aed-4e76-4283-a599-f93f794625ab@group-BCADF287A12B-FollowerState was interrupted: java.lang.InterruptedException: sleep interrupted
2019-10-30 05:53:51,247 [grpc-default-executor-1] INFO  impl.RoleInfo (RoleInfo.java:updateAndGet(143)) - 7fae3aed-4e76-4283-a599-f93f794625ab: start FollowerState
2019-10-30 05:53:51,247 [Thread-2586] INFO  impl.FollowerState (FollowerState.java:run(117)) - 58095e90-3010-492a-9083-43cf2e035c3f@group-BCADF287A12B-FollowerState was interrupted: java.lang.InterruptedException: sleep interrupted
2019-10-30 05:53:51,247 [grpc-default-executor-2] INFO  impl.RoleInfo (RoleInfo.java:updateAndGet(143)) - 58095e90-3010-492a-9083-43cf2e035c3f: start FollowerState
2019-10-30 05:53:51,273 [9127dd83-037b-4d39-812f-66db56af525a@group-BCADF287A12B-LeaderElection350] INFO  impl.LeaderElection (LeaderElection.java:logAndReturn(56)) - 9127dd83-037b-4d39-812f-66db56af525a@group-BCADF287A12B-LeaderElection350: Election REJECTED; received 2 response(s) [9127dd83-037b-4d39-812f-66db56af525a<-7fae3aed-4e76-4283-a599-f93f794625ab#0:FAIL-t391, 9127dd83-037b-4d39-812f-66db56af525a<-58095e90-3010-492a-9083-43cf2e035c3f#0:FAIL-t391] and 0 exception(s); 9127dd83-037b-4d39-812f-66db56af525a@group-BCADF287A12B:t391, leader=null, voted=9127dd83-037b-4d39-812f-66db56af525a, raftlog=9127dd83-037b-4d39-812f-66db56af525a@group-BCADF287A12B-SegmentedRaftLog:OPENED:c-1,f-1,i0, conf=-1: [7fae3aed-4e76-4283-a599-f93f794625ab:192.168.34.21:41352, 58095e90-3010-492a-9083-43cf2e035c3f:192.168.34.21:45284, 9127dd83-037b-4d39-812f-66db56af525a:192.168.34.21:42063], old=null
2019-10-30 05:53:51,273 [9127dd83-037b-4d39-812f-66db56af525a@group-BCADF287A12B-LeaderElection350] INFO  impl.RaftServerImpl (RaftServerImpl.java:setRole(184)) - 9127dd83-037b-4d39-812f-66db56af525a@group-BCADF287A12B: changes role from CANDIDATE to FOLLOWER at term 391 for DISCOVERED_A_NEW_TERM
2019-10-30 05:53:51,273 [9127dd83-037b-4d39-812f-66db56af525a@group-BCADF287A12B-LeaderElection350] INFO  impl.RoleInfo (RoleInfo.java:shutdownLeaderElection(134)) - 9127dd83-037b-4d39-812f-66db56af525a: shutdown LeaderElection
2019-10-30 05:53:51,273 [9127dd83-037b-4d39-812f-66db56af525a@group-BCADF287A12B-LeaderElection350] INFO  impl.RoleInfo (RoleInfo.java:updateAndGet(143)) - 9127dd83-037b-4d39-812f-66db56af525a: start FollowerState
2019-10-30 05:53:51,349 [Thread-2594] INFO  impl.FollowerState (FollowerState.java:run(108)) - 9127dd83-037b-4d39-812f-66db56af525a@group-BCADF287A12B-FollowerState: change to CANDIDATE, lastRpcTime:75ms, electionTimeout:75ms
2019-10-30 05:53:51,349 [Thread-2594] INFO  impl.RoleInfo (RoleInfo.java:shutdownFollowerState(121)) - 9127dd83-037b-4d39-812f-66db56af525a: shutdown FollowerState
2019-10-30 05:53:51,349 [Thread-2594] INFO  impl.RaftServerImpl (RaftServerImpl.java:setRole(184)) - 9127dd83-037b-4d39-812f-66db56af525a@group-BCADF287A12B: changes role from  FOLLOWER to CANDIDATE at term 391 for changeToCandidate
2019-10-30 05:53:51,349 [Thread-2594] INFO  impl.RoleInfo (RoleInfo.java:updateAndGet(143)) - 9127dd83-037b-4d39-812f-66db56af525a: start LeaderElection
2019-10-30 05:53:51,375 [9127dd83-037b-4d39-812f-66db56af525a@group-BCADF287A12B-LeaderElection351] INFO  impl.LeaderElection (LeaderElection.java:askForVotes(178)) - 9127dd83-037b-4d39-812f-66db56af525a@group-BCADF287A12B-LeaderElection351: begin an election at term 392 for -1: [7fae3aed-4e76-4283-a599-f93f794625ab:192.168.34.21:41352, 58095e90-3010-492a-9083-43cf2e035c3f:192.168.34.21:45284, 9127dd83-037b-4d39-812f-66db56af525a:192.168.34.21:42063], old=null
2019-10-30 05:53:51,377 [grpc-default-executor-2] INFO  impl.RaftServerImpl (RaftServerImpl.java:setRole(184)) - 58095e90-3010-492a-9083-43cf2e035c3f@group-BCADF287A12B: changes role from  FOLLOWER to FOLLOWER at term 392 for recognizeCandidate:9127dd83-037b-4d39-812f-66db56af525a
2019-10-30 05:53:51,377 [grpc-default-executor-1] INFO  impl.RaftServerImpl (RaftServerImpl.java:setRole(184)) - 7fae3aed-4e76-4283-a599-f93f794625ab@group-BCADF287A12B: changes role from  FOLLOWER to FOLLOWER at term 392 for recognizeCandidate:9127dd83-037b-4d39-812f-66db56af525a
2019-10-30 05:53:51,377 [grpc-default-executor-2] INFO  impl.RoleInfo (RoleInfo.java:shutdownFollowerState(121)) - 58095e90-3010-492a-9083-43cf2e035c3f: shutdown FollowerState
2019-10-30 05:53:51,377 [grpc-default-executor-1] INFO  impl.RoleInfo (RoleInfo.java:shutdownFollowerState(121)) - 7fae3aed-4e76-4283-a599-f93f794625ab: shutdown FollowerState
2019-10-30 05:53:51,378 [grpc-default-executor-2] INFO  impl.RoleInfo (RoleInfo.java:updateAndGet(143)) - 58095e90-3010-492a-9083-43cf2e035c3f: start FollowerState
2019-10-30 05:53:51,378 [Thread-2593] INFO  impl.FollowerState (FollowerState.java:run(117)) - 58095e90-3010-492a-9083-43cf2e035c3f@group-BCADF287A12B-FollowerState was interrupted: java.lang.InterruptedException: sleep interrupted
2019-10-30 05:53:51,378 [grpc-default-executor-1] INFO  impl.RoleInfo (RoleInfo.java:updateAndGet(143)) - 7fae3aed-4e76-4283-a599-f93f794625ab: start FollowerState
2019-10-30 05:53:51,378 [Thread-2592] INFO  impl.FollowerState (FollowerState.java:run(117)) - 7fae3aed-4e76-4283-a599-f93f794625ab@group-BCADF287A12B-FollowerState was interrupted: java.lang.InterruptedException: sleep interrupted
2019-10-30 05:53:51,404 [9127dd83-037b-4d39-812f-66db56af525a@group-BCADF287A12B-LeaderElection351] INFO  impl.LeaderElection (LeaderElection.java:logAndReturn(56)) - 9127dd83-037b-4d39-812f-66db56af525a@group-BCADF287A12B-LeaderElection351: Election REJECTED; received 2 response(s) [9127dd83-037b-4d39-812f-66db56af525a<-7fae3aed-4e76-4283-a599-f93f794625ab#0:FAIL-t392, 9127dd83-037b-4d39-812f-66db56af525a<-58095e90-3010-492a-9083-43cf2e035c3f#0:FAIL-t392] and 0 exception(s); 9127dd83-037b-4d39-812f-66db56af525a@group-BCADF287A12B:t392, leader=null, voted=9127dd83-037b-4d39-812f-66db56af525a, raftlog=9127dd83-037b-4d39-812f-66db56af525a@group-BCADF287A12B-SegmentedRaftLog:OPENED:c-1,f-1,i0, conf=-1: [7fae3aed-4e76-4283-a599-f93f794625ab:192.168.34.21:41352, 58095e90-3010-492a-9083-43cf2e035c3f:192.168.34.21:45284, 9127dd83-037b-4d39-812f-66db56af525a:192.168.34.21:42063], old=null
2019-10-30 05:53:51,405 [9127dd83-037b-4d39-812f-66db56af525a@group-BCADF287A12B-LeaderElection351] INFO  impl.RaftServerImpl (RaftServerImpl.java:setRole(184)) - 9127dd83-037b-4d39-812f-66db56af525a@group-BCADF287A12B: changes role from CANDIDATE to FOLLOWER at term 392 for DISCOVERED_A_NEW_TERM
2019-10-30 05:53:51,405 [9127dd83-037b-4d39-812f-66db56af525a@group-BCADF287A12B-LeaderElection351] INFO  impl.RoleInfo (RoleInfo.java:shutdownLeaderElection(134)) - 9127dd83-037b-4d39-812f-66db56af525a: shutdown LeaderElection
2019-10-30 05:53:51,405 [9127dd83-037b-4d39-812f-66db56af525a@group-BCADF287A12B-LeaderElection351] INFO  impl.RoleInfo (RoleInfo.java:updateAndGet(143)) - 9127dd83-037b-4d39-812f-66db56af525a: start FollowerState
2019-10-30 05:53:51,574 [Thread-2600] INFO  impl.FollowerState (FollowerState.java:run(108)) - 9127dd83-037b-4d39-812f-66db56af525a@group-BCADF287A12B-FollowerState: change to CANDIDATE, lastRpcTime:169ms, electionTimeout:169ms
2019-10-30 05:53:51,574 [Thread-2600] INFO  impl.RoleInfo (RoleInfo.java:shutdownFollowerState(121)) - 9127dd83-037b-4d39-812f-66db56af525a: shutdown FollowerState
2019-10-30 05:53:51,575 [Thread-2600] INFO  impl.RaftServerImpl (RaftServerImpl.java:setRole(184)) - 9127dd83-037b-4d39-812f-66db56af525a@group-BCADF287A12B: changes role from  FOLLOWER to CANDIDATE at term 392 for changeToCandidate
2019-10-30 05:53:51,575 [Thread-2600] INFO  impl.RoleInfo (RoleInfo.java:updateAndGet(143)) - 9127dd83-037b-4d39-812f-66db56af525a: start LeaderElection
2019-10-30 05:53:51,587 [9127dd83-037b-4d39-812f-66db56af525a@group-BCADF287A12B-LeaderElection352] INFO  impl.LeaderElection (LeaderElection.java:askForVotes(178)) - 9127dd83-037b-4d39-812f-66db56af525a@group-BCADF287A12B-LeaderElection352: begin an election at term 393 for -1: [7fae3aed-4e76-4283-a599-f93f794625ab:192.168.34.21:41352, 58095e90-3010-492a-9083-43cf2e035c3f:192.168.34.21:45284, 9127dd83-037b-4d39-812f-66db56af525a:192.168.34.21:42063], old=null
2019-10-30 05:53:51,589 [grpc-default-executor-2] INFO  impl.RaftServerImpl (RaftServerImpl.java:setRole(184)) - 7fae3aed-4e76-4283-a599-f93f794625ab@group-BCADF287A12B: changes role from  FOLLOWER to FOLLOWER at term 393 for recognizeCandidate:9127dd83-037b-4d39-812f-66db56af525a
2019-10-30 05:53:51,589 [grpc-default-executor-1] INFO  impl.RaftServerImpl (RaftServerImpl.java:setRole(184)) - 58095e90-3010-492a-9083-43cf2e035c3f@group-BCADF287A12B: changes role from  FOLLOWER to FOLLOWER at term 393 for recognizeCandidate:9127dd83-037b-4d39-812f-66db56af525a
2019-10-30 05:53:51,589 [grpc-default-executor-2] INFO  impl.RoleInfo (RoleInfo.java:shutdownFollowerState(121)) - 7fae3aed-4e76-4283-a599-f93f794625ab: shutdown FollowerState
2019-10-30 05:53:51,589 [grpc-default-executor-1] INFO  impl.RoleInfo (RoleInfo.java:shutdownFollowerState(121)) - 58095e90-3010-492a-9083-43cf2e035c3f: shutdown FollowerState
2019-10-30 05:53:51,589 [Thread-2599] INFO  impl.FollowerState (FollowerState.java:run(117)) - 7fae3aed-4e76-4283-a599-f93f794625ab@group-BCADF287A12B-FollowerState was interrupted: java.lang.InterruptedException: sleep interrupted
2019-10-30 05:53:51,589 [grpc-default-executor-2] INFO  impl.RoleInfo (RoleInfo.java:updateAndGet(143)) - 7fae3aed-4e76-4283-a599-f93f794625ab: start FollowerState
2019-10-30 05:53:51,589 [Thread-2598] INFO  impl.FollowerState (FollowerState.java:run(117)) - 58095e90-3010-492a-9083-43cf2e035c3f@group-BCADF287A12B-FollowerState was interrupted: java.lang.InterruptedException: sleep interrupted
2019-10-30 05:53:51,589 [grpc-default-executor-1] INFO  impl.RoleInfo (RoleInfo.java:updateAndGet(143)) - 58095e90-3010-492a-9083-43cf2e035c3f: start FollowerState
2019-10-30 05:53:51,614 [9127dd83-037b-4d39-812f-66db56af525a@group-BCADF287A12B-LeaderElection352] INFO  impl.LeaderElection (LeaderElection.java:logAndReturn(56)) - 9127dd83-037b-4d39-812f-66db56af525a@group-BCADF287A12B-LeaderElection352: Election REJECTED; received 2 response(s) [9127dd83-037b-4d39-812f-66db56af525a<-7fae3aed-4e76-4283-a599-f93f794625ab#0:FAIL-t393, 9127dd83-037b-4d39-812f-66db56af525a<-58095e90-3010-492a-9083-43cf2e035c3f#0:FAIL-t393] and 0 exception(s); 9127dd83-037b-4d39-812f-66db56af525a@group-BCADF287A12B:t393, leader=null, voted=9127dd83-037b-4d39-812f-66db56af525a, raftlog=9127dd83-037b-4d39-812f-66db56af525a@group-BCADF287A12B-SegmentedRaftLog:OPENED:c-1,f-1,i0, conf=-1: [7fae3aed-4e76-4283-a599-f93f794625ab:192.168.34.21:41352, 58095e90-3010-492a-9083-43cf2e035c3f:192.168.34.21:45284, 9127dd83-037b-4d39-812f-66db56af525a:192.168.34.21:42063], old=null
2019-10-30 05:53:51,614 [9127dd83-037b-4d39-812f-66db56af525a@group-BCADF287A12B-LeaderElection352] INFO  impl.RaftServerImpl (RaftServerImpl.java:setRole(184)) - 9127dd83-037b-4d39-812f-66db56af525a@group-BCADF287A12B: changes role from CANDIDATE to FOLLOWER at term 393 for DISCOVERED_A_NEW_TERM
2019-10-30 05:53:51,614 [9127dd83-037b-4d39-812f-66db56af525a@group-BCADF287A12B-LeaderElection352] INFO  impl.RoleInfo (RoleInfo.java:shutdownLeaderElection(134)) - 9127dd83-037b-4d39-812f-66db56af525a: shutdown LeaderElection
2019-10-30 05:53:51,614 [9127dd83-037b-4d39-812f-66db56af525a@group-BCADF287A12B-LeaderElection352] INFO  impl.RoleInfo (RoleInfo.java:updateAndGet(143)) - 9127dd83-037b-4d39-812f-66db56af525a: start FollowerState
2019-10-30 05:53:51,666 [Thread-2608] INFO  impl.FollowerState (FollowerState.java:run(108)) - 9127dd83-037b-4d39-812f-66db56af525a@group-BCADF287A12B-FollowerState: change to CANDIDATE, lastRpcTime:52ms, electionTimeout:52ms
2019-10-30 05:53:51,667 [Thread-2608] INFO  impl.RoleInfo (RoleInfo.java:shutdownFollowerState(121)) - 9127dd83-037b-4d39-812f-66db56af525a: shutdown FollowerState
2019-10-30 05:53:51,667 [Thread-2608] INFO  impl.RaftServerImpl (RaftServerImpl.java:setRole(184)) - 9127dd83-037b-4d39-812f-66db56af525a@group-BCADF287A12B: changes role from  FOLLOWER to CANDIDATE at term 393 for changeToCandidate
2019-10-30 05:53:51,667 [Thread-2608] INFO  impl.RoleInfo (RoleInfo.java:updateAndGet(143)) - 9127dd83-037b-4d39-812f-66db56af525a: start LeaderElection
2019-10-30 05:53:51,671 [9127dd83-037b-4d39-812f-66db56af525a@group-BCADF287A12B-LeaderElection353] INFO  impl.LeaderElection (LeaderElection.java:askForVotes(178)) - 9127dd83-037b-4d39-812f-66db56af525a@group-BCADF287A12B-LeaderElection353: begin an election at term 394 for -1: [7fae3aed-4e76-4283-a599-f93f794625ab:192.168.34.21:41352, 58095e90-3010-492a-9083-43cf2e035c3f:192.168.34.21:45284, 9127dd83-037b-4d39-812f-66db56af525a:192.168.34.21:42063], old=null
2019-10-30 05:53:51,672 [grpc-default-executor-2] INFO  impl.RaftServerImpl (RaftServerImpl.java:setRole(184)) - 58095e90-3010-492a-9083-43cf2e035c3f@group-BCADF287A12B: changes role from  FOLLOWER to FOLLOWER at term 394 for recognizeCandidate:9127dd83-037b-4d39-812f-66db56af525a
2019-10-30 05:53:51,672 [grpc-default-executor-1] INFO  impl.RaftServerImpl (RaftServerImpl.java:setRole(184)) - 7fae3aed-4e76-4283-a599-f93f794625ab@group-BCADF287A12B: changes role from  FOLLOWER to FOLLOWER at term 394 for recognizeCandidate:9127dd83-037b-4d39-812f-66db56af525a
2019-10-30 05:53:51,672 [grpc-default-executor-2] INFO  impl.RoleInfo (RoleInfo.java:shutdownFollowerState(121)) - 58095e90-3010-492a-9083-43cf2e035c3f: shutdown FollowerState
2019-10-30 05:53:51,672 [grpc-default-executor-1] INFO  impl.RoleInfo (RoleInfo.java:shutdownFollowerState(121)) - 7fae3aed-4e76-4283-a599-f93f794625ab: shutdown FollowerState
2019-10-30 05:53:51,673 [Thread-2607] INFO  impl.FollowerState (FollowerState.java:run(117)) - 58095e90-3010-492a-9083-43cf2e035c3f@group-BCADF287A12B-FollowerState was interrupted: java.lang.InterruptedException: sleep interrupted
2019-10-30 05:53:51,673 [grpc-default-executor-2] INFO  impl.RoleInfo (RoleInfo.java:updateAndGet(143)) - 58095e90-3010-492a-9083-43cf2e035c3f: start FollowerState
2019-10-30 05:53:51,673 [Thread-2606] INFO  impl.FollowerState (FollowerState.java:run(117)) - 7fae3aed-4e76-4283-a599-f93f794625ab@group-BCADF287A12B-FollowerState was interrupted: java.lang.InterruptedException: sleep interrupted
2019-10-30 05:53:51,673 [grpc-default-executor-1] INFO  impl.RoleInfo (RoleInfo.java:updateAndGet(143)) - 7fae3aed-4e76-4283-a599-f93f794625ab: start FollowerState
2019-10-30 05:53:51,691 [9127dd83-037b-4d39-812f-66db56af525a@group-BCADF287A12B-LeaderElection353] INFO  impl.LeaderElection (LeaderElection.java:logAndReturn(56)) - 9127dd83-037b-4d39-812f-66db56af525a@group-BCADF287A12B-LeaderElection353: Election REJECTED; received 2 response(s) [9127dd83-037b-4d39-812f-66db56af525a<-7fae3aed-4e76-4283-a599-f93f794625ab#0:FAIL-t394, 9127dd83-037b-4d39-812f-66db56af525a<-58095e90-3010-492a-9083-43cf2e035c3f#0:FAIL-t394] and 0 exception(s); 9127dd83-037b-4d39-812f-66db56af525a@group-BCADF287A12B:t394, leader=null, voted=9127dd83-037b-4d39-812f-66db56af525a, raftlog=9127dd83-037b-4d39-812f-66db56af525a@group-BCADF287A12B-SegmentedRaftLog:OPENED:c-1,f-1,i0, conf=-1: [7fae3aed-4e76-4283-a599-f93f794625ab:192.168.34.21:41352, 58095e90-3010-492a-9083-43cf2e035c3f:192.168.34.21:45284, 9127dd83-037b-4d39-812f-66db56af525a:192.168.34.21:42063], old=null
2019-10-30 05:53:51,692 [9127dd83-037b-4d39-812f-66db56af525a@group-BCADF287A12B-LeaderElection353] INFO  impl.RaftServerImpl (RaftServerImpl.java:setRole(184)) - 9127dd83-037b-4d39-812f-66db56af525a@group-BCADF287A12B: changes role from CANDIDATE to FOLLOWER at term 394 for DISCOVERED_A_NEW_TERM
2019-10-30 05:53:51,692 [9127dd83-037b-4d39-812f-66db56af525a@group-BCADF287A12B-LeaderElection353] INFO  impl.RoleInfo (RoleInfo.java:shutdownLeaderElection(134)) - 9127dd83-037b-4d39-812f-66db56af525a: shutdown LeaderElection
2019-10-30 05:53:51,692 [9127dd83-037b-4d39-812f-66db56af525a@group-BCADF287A12B-LeaderElection353] INFO  impl.RoleInfo (RoleInfo.java:updateAndGet(143)) - 9127dd83-037b-4d39-812f-66db56af525a: start FollowerState
2019-10-30 05:53:51,821 [Thread-2614] INFO  impl.FollowerState (FollowerState.java:run(108)) - 9127dd83-037b-4d39-812f-66db56af525a@group-BCADF287A12B-FollowerState: change to CANDIDATE, lastRpcTime:129ms, electionTimeout:129ms
2019-10-30 05:53:51,821 [Thread-2614] INFO  impl.RoleInfo (RoleInfo.java:shutdownFollowerState(121)) - 9127dd83-037b-4d39-812f-66db56af525a: shutdown FollowerState
2019-10-30 05:53:51,821 [Thread-2614] INFO  impl.RaftServerImpl (RaftServerImpl.java:setRole(184)) - 9127dd83-037b-4d39-812f-66db56af525a@group-BCADF287A12B: changes role from  FOLLOWER to CANDIDATE at term 394 for changeToCandidate
2019-10-30 05:53:51,822 [Thread-2614] INFO  impl.RoleInfo (RoleInfo.java:updateAndGet(143)) - 9127dd83-037b-4d39-812f-66db56af525a: start LeaderElection
2019-10-30 05:53:51,859 [9127dd83-037b-4d39-812f-66db56af525a@group-BCADF287A12B-LeaderElection354] INFO  impl.LeaderElection (LeaderElection.java:askForVotes(178)) - 9127dd83-037b-4d39-812f-66db56af525a@group-BCADF287A12B-LeaderElection354: begin an election at term 395 for -1: [7fae3aed-4e76-4283-a599-f93f794625ab:192.168.34.21:41352, 58095e90-3010-492a-9083-43cf2e035c3f:192.168.34.21:45284, 9127dd83-037b-4d39-812f-66db56af525a:192.168.34.21:42063], old=null
2019-10-30 05:53:51,861 [grpc-default-executor-2] INFO  impl.RaftServerImpl (RaftServerImpl.java:setRole(184)) - 7fae3aed-4e76-4283-a599-f93f794625ab@group-BCADF287A12B: changes role from  FOLLOWER to FOLLOWER at term 395 for recognizeCandidate:9127dd83-037b-4d39-812f-66db56af525a
2019-10-30 05:53:51,861 [grpc-default-executor-2] INFO  impl.RoleInfo (RoleInfo.java:shutdownFollowerState(121)) - 7fae3aed-4e76-4283-a599-f93f794625ab: shutdown FollowerState
2019-10-30 05:53:51,861 [grpc-default-executor-1] INFO  impl.RaftServerImpl (RaftServerImpl.java:setRole(184)) - 58095e90-3010-492a-9083-43cf2e035c3f@group-BCADF287A12B: changes role from  FOLLOWER to FOLLOWER at term 395 for recognizeCandidate:9127dd83-037b-4d39-812f-66db56af525a
2019-10-30 05:53:51,861 [Thread-2613] INFO  impl.FollowerState (FollowerState.java:run(117)) - 7fae3aed-4e76-4283-a599-f93f794625ab@group-BCADF287A12B-FollowerState was interrupted: java.lang.InterruptedException: sleep interrupted
2019-10-30 05:53:51,861 [grpc-default-executor-2] INFO  impl.RoleInfo (RoleInfo.java:updateAndGet(143)) - 7fae3aed-4e76-4283-a599-f93f794625ab: start FollowerState
2019-10-30 05:53:51,861 [grpc-default-executor-1] INFO  impl.RoleInfo (RoleInfo.java:shutdownFollowerState(121)) - 58095e90-3010-492a-9083-43cf2e035c3f: shutdown FollowerState
2019-10-30 05:53:51,862 [grpc-default-executor-1] INFO  impl.RoleInfo (RoleInfo.java:updateAndGet(143)) - 58095e90-3010-492a-9083-43cf2e035c3f: start FollowerState
2019-10-30 05:53:51,862 [Thread-2612] INFO  impl.FollowerState (FollowerState.java:run(117)) - 58095e90-3010-492a-9083-43cf2e035c3f@group-BCADF287A12B-FollowerState was interrupted: java.lang.InterruptedException: sleep interrupted
2019-10-30 05:53:51,883 [9127dd83-037b-4d39-812f-66db56af525a@group-BCADF287A12B-LeaderElection354] INFO  impl.LeaderElection (LeaderElection.java:logAndReturn(56)) - 9127dd83-037b-4d39-812f-66db56af525a@group-BCADF287A12B-LeaderElection354: Election REJECTED; received 2 response(s) [9127dd83-037b-4d39-812f-66db56af525a<-7fae3aed-4e76-4283-a599-f93f794625ab#0:FAIL-t395, 9127dd83-037b-4d39-812f-66db56af525a<-58095e90-3010-492a-9083-43cf2e035c3f#0:FAIL-t395] and 0 exception(s); 9127dd83-037b-4d39-812f-66db56af525a@group-BCADF287A12B:t395, leader=null, voted=9127dd83-037b-4d39-812f-66db56af525a, raftlog=9127dd83-037b-4d39-812f-66db56af525a@group-BCADF287A12B-SegmentedRaftLog:OPENED:c-1,f-1,i0, conf=-1: [7fae3aed-4e76-4283-a599-f93f794625ab:192.168.34.21:41352, 58095e90-3010-492a-9083-43cf2e035c3f:192.168.34.21:45284, 9127dd83-037b-4d39-812f-66db56af525a:192.168.34.21:42063], old=null
2019-10-30 05:53:51,884 [9127dd83-037b-4d39-812f-66db56af525a@group-BCADF287A12B-LeaderElection354] INFO  impl.RaftServerImpl (RaftServerImpl.java:setRole(184)) - 9127dd83-037b-4d39-812f-66db56af525a@group-BCADF287A12B: changes role from CANDIDATE to FOLLOWER at term 395 for DISCOVERED_A_NEW_TERM
2019-10-30 05:53:51,884 [9127dd83-037b-4d39-812f-66db56af525a@group-BCADF287A12B-LeaderElection354] INFO  impl.RoleInfo (RoleInfo.java:shutdownLeaderElection(134)) - 9127dd83-037b-4d39-812f-66db56af525a: shutdown LeaderElection
2019-10-30 05:53:51,884 [9127dd83-037b-4d39-812f-66db56af525a@group-BCADF287A12B-LeaderElection354] INFO  impl.RoleInfo (RoleInfo.java:updateAndGet(143)) - 9127dd83-037b-4d39-812f-66db56af525a: start FollowerState
2019-10-30 05:53:52,028 [Thread-2620] INFO  impl.FollowerState (FollowerState.java:run(108)) - 9127dd83-037b-4d39-812f-66db56af525a@group-BCADF287A12B-FollowerState: change to CANDIDATE, lastRpcTime:144ms, electionTimeout:144ms
2019-10-30 05:53:52,029 [Thread-2620] INFO  impl.RoleInfo (RoleInfo.java:shutdownFollowerState(121)) - 9127dd83-037b-4d39-812f-66db56af525a: shutdown FollowerState
2019-10-30 05:53:52,029 [Thread-2620] INFO  impl.RaftServerImpl (RaftServerImpl.java:setRole(184)) - 9127dd83-037b-4d39-812f-66db56af525a@group-BCADF287A12B: changes role from  FOLLOWER to CANDIDATE at term 395 for changeToCandidate
2019-10-30 05:53:52,029 [Thread-2620] INFO  impl.RoleInfo (RoleInfo.java:updateAndGet(143)) - 9127dd83-037b-4d39-812f-66db56af525a: start LeaderElection
2019-10-30 05:53:52,052 [9127dd83-037b-4d39-812f-66db56af525a@group-BCADF287A12B-LeaderElection355] INFO  impl.LeaderElection (LeaderElection.java:askForVotes(178)) - 9127dd83-037b-4d39-812f-66db56af525a@group-BCADF287A12B-LeaderElection355: begin an election at term 396 for -1: [7fae3aed-4e76-4283-a599-f93f794625ab:192.168.34.21:41352, 58095e90-3010-492a-9083-43cf2e035c3f:192.168.34.21:45284, 9127dd83-037b-4d39-812f-66db56af525a:192.168.34.21:42063], old=null
2019-10-30 05:53:52,054 [grpc-default-executor-2] INFO  impl.RaftServerImpl (RaftServerImpl.java:setRole(184)) - 58095e90-3010-492a-9083-43cf2e035c3f@group-BCADF287A12B: changes role from  FOLLOWER to FOLLOWER at term 396 for recognizeCandidate:9127dd83-037b-4d39-812f-66db56af525a
2019-10-30 05:53:52,054 [grpc-default-executor-1] INFO  impl.RaftServerImpl (RaftServerImpl.java:setRole(184)) - 7fae3aed-4e76-4283-a599-f93f794625ab@group-BCADF287A12B: changes role from  FOLLOWER to FOLLOWER at term 396 for recognizeCandidate:9127dd83-037b-4d39-812f-66db56af525a
2019-10-30 05:53:52,054 [grpc-default-executor-2] INFO  impl.RoleInfo (RoleInfo.java:shutdownFollowerState(121)) - 58095e90-3010-492a-9083-43cf2e035c3f: shutdown FollowerState
2019-10-30 05:53:52,054 [grpc-default-executor-1] INFO  impl.RoleInfo (RoleInfo.java:shutdownFollowerState(121)) - 7fae3aed-4e76-4283-a599-f93f794625ab: shutdown FollowerState
2019-10-30 05:53:52,054 [grpc-default-executor-2] INFO  impl.RoleInfo (RoleInfo.java:updateAndGet(143)) - 58095e90-3010-492a-9083-43cf2e035c3f: start FollowerState
2019-10-30 05:53:52,054 [Thread-2618] INFO  impl.FollowerState (FollowerState.java:run(117)) - 7fae3aed-4e76-4283-a599-f93f794625ab@group-BCADF287A12B-FollowerState was interrupted: java.lang.InterruptedException: sleep interrupted
2019-10-30 05:53:52,054 [grpc-default-executor-1] INFO  impl.RoleInfo (RoleInfo.java:updateAndGet(143)) - 7fae3aed-4e76-4283-a599-f93f794625ab: start FollowerState
2019-10-30 05:53:52,054 [Thread-2619] INFO  impl.FollowerState (FollowerState.java:run(117)) - 58095e90-3010-492a-9083-43cf2e035c3f@group-BCADF287A12B-FollowerState was interrupted: java.lang.InterruptedException: sleep interrupted
2019-10-30 05:53:52,065 [9127dd83-037b-4d39-812f-66db56af525a@group-BCADF287A12B-LeaderElection355] INFO  impl.LeaderElection (LeaderElection.java:logAndReturn(56)) - 9127dd83-037b-4d39-812f-66db56af525a@group-BCADF287A12B-LeaderElection355: Election REJECTED; received 2 response(s) [9127dd83-037b-4d39-812f-66db56af525a<-7fae3aed-4e76-4283-a599-f93f794625ab#0:FAIL-t396, 9127dd83-037b-4d39-812f-66db56af525a<-58095e90-3010-492a-9083-43cf2e035c3f#0:FAIL-t396] and 0 exception(s); 9127dd83-037b-4d39-812f-66db56af525a@group-BCADF287A12B:t396, leader=null, voted=9127dd83-037b-4d39-812f-66db56af525a, raftlog=9127dd83-037b-4d39-812f-66db56af525a@group-BCADF287A12B-SegmentedRaftLog:OPENED:c-1,f-1,i0, conf=-1: [7fae3aed-4e76-4283-a599-f93f794625ab:192.168.34.21:41352, 58095e90-3010-492a-9083-43cf2e035c3f:192.168.34.21:45284, 9127dd83-037b-4d39-812f-66db56af525a:192.168.34.21:42063], old=null
2019-10-30 05:53:52,066 [9127dd83-037b-4d39-812f-66db56af525a@group-BCADF287A12B-LeaderElection355] INFO  impl.RaftServerImpl (RaftServerImpl.java:setRole(184)) - 9127dd83-037b-4d39-812f-66db56af525a@group-BCADF287A12B: changes role from CANDIDATE to FOLLOWER at term 396 for DISCOVERED_A_NEW_TERM
2019-10-30 05:53:52,066 [9127dd83-037b-4d39-812f-66db56af525a@group-BCADF287A12B-LeaderElection355] INFO  impl.RoleInfo (RoleInfo.java:shutdownLeaderElection(134)) - 9127dd83-037b-4d39-812f-66db56af525a: shutdown LeaderElection
2019-10-30 05:53:52,066 [9127dd83-037b-4d39-812f-66db56af525a@group-BCADF287A12B-LeaderElection355] INFO  impl.RoleInfo (RoleInfo.java:updateAndGet(143)) - 9127dd83-037b-4d39-812f-66db56af525a: start FollowerState
2019-10-30 05:53:52,151 [Thread-2626] INFO  impl.FollowerState (FollowerState.java:run(108)) - 9127dd83-037b-4d39-812f-66db56af525a@group-BCADF287A12B-FollowerState: change to CANDIDATE, lastRpcTime:85ms, electionTimeout:85ms
2019-10-30 05:53:52,151 [Thread-2626] INFO  impl.RoleInfo (RoleInfo.java:shutdownFollowerState(121)) - 9127dd83-037b-4d39-812f-66db56af525a: shutdown FollowerState
2019-10-30 05:53:52,151 [Thread-2626] INFO  impl.RaftServerImpl (RaftServerImpl.java:setRole(184)) - 9127dd83-037b-4d39-812f-66db56af525a@group-BCADF287A12B: changes role from  FOLLOWER to CANDIDATE at term 396 for changeToCandidate
2019-10-30 05:53:52,151 [Thread-2626] INFO  impl.RoleInfo (RoleInfo.java:updateAndGet(143)) - 9127dd83-037b-4d39-812f-66db56af525a: start LeaderElection
2019-10-30 05:53:52,155 [9127dd83-037b-4d39-812f-66db56af525a@group-BCADF287A12B-LeaderElection356] INFO  impl.LeaderElection (LeaderElection.java:askForVotes(178)) - 9127dd83-037b-4d39-812f-66db56af525a@group-BCADF287A12B-LeaderElection356: begin an election at term 397 for -1: [7fae3aed-4e76-4283-a599-f93f794625ab:192.168.34.21:41352, 58095e90-3010-492a-9083-43cf2e035c3f:192.168.34.21:45284, 9127dd83-037b-4d39-812f-66db56af525a:192.168.34.21:42063], old=null
2019-10-30 05:53:52,157 [grpc-default-executor-1] INFO  impl.RaftServerImpl (RaftServerImpl.java:setRole(184)) - 7fae3aed-4e76-4283-a599-f93f794625ab@group-BCADF287A12B: changes role from  FOLLOWER to FOLLOWER at term 397 for recognizeCandidate:9127dd83-037b-4d39-812f-66db56af525a
2019-10-30 05:53:52,157 [grpc-default-executor-1] INFO  impl.RoleInfo (RoleInfo.java:shutdownFollowerState(121)) - 7fae3aed-4e76-4283-a599-f93f794625ab: shutdown FollowerState
2019-10-30 05:53:52,157 [grpc-default-executor-2] INFO  impl.RaftServerImpl (RaftServerImpl.java:setRole(184)) - 58095e90-3010-492a-9083-43cf2e035c3f@group-BCADF287A12B: changes role from  FOLLOWER to FOLLOWER at term 397 for recognizeCandidate:9127dd83-037b-4d39-812f-66db56af525a
2019-10-30 05:53:52,157 [grpc-default-executor-2] INFO  impl.RoleInfo (RoleInfo.java:shutdownFollowerState(121)) - 58095e90-3010-492a-9083-43cf2e035c3f: shutdown FollowerState
2019-10-30 05:53:52,157 [Thread-2625] INFO  impl.FollowerState (FollowerState.java:run(117)) - 7fae3aed-4e76-4283-a599-f93f794625ab@group-BCADF287A12B-FollowerState was interrupted: java.lang.InterruptedException: sleep interrupted
2019-10-30 05:53:52,157 [grpc-default-executor-1] INFO  impl.RoleInfo (RoleInfo.java:updateAndGet(143)) - 7fae3aed-4e76-4283-a599-f93f794625ab: start FollowerState
2019-10-30 05:53:52,158 [grpc-default-executor-2] INFO  impl.RoleInfo (RoleInfo.java:updateAndGet(143)) - 58095e90-3010-492a-9083-43cf2e035c3f: start FollowerState
2019-10-30 05:53:52,158 [Thread-2624] INFO  impl.FollowerState (FollowerState.java:run(117)) - 58095e90-3010-492a-9083-43cf2e035c3f@group-BCADF287A12B-FollowerState was interrupted: java.lang.InterruptedException: sleep interrupted
2019-10-30 05:53:52,172 [9127dd83-037b-4d39-812f-66db56af525a@group-BCADF287A12B-LeaderElection356] INFO  impl.LeaderElection (LeaderElection.java:logAndReturn(56)) - 9127dd83-037b-4d39-812f-66db56af525a@group-BCADF287A12B-LeaderElection356: Election REJECTED; received 2 response(s) [9127dd83-037b-4d39-812f-66db56af525a<-7fae3aed-4e76-4283-a599-f93f794625ab#0:FAIL-t397, 9127dd83-037b-4d39-812f-66db56af525a<-58095e90-3010-492a-9083-43cf2e035c3f#0:FAIL-t397] and 0 exception(s); 9127dd83-037b-4d39-812f-66db56af525a@group-BCADF287A12B:t397, leader=null, voted=9127dd83-037b-4d39-812f-66db56af525a, raftlog=9127dd83-037b-4d39-812f-66db56af525a@group-BCADF287A12B-SegmentedRaftLog:OPENED:c-1,f-1,i0, conf=-1: [7fae3aed-4e76-4283-a599-f93f794625ab:192.168.34.21:41352, 58095e90-3010-492a-9083-43cf2e035c3f:192.168.34.21:45284, 9127dd83-037b-4d39-812f-66db56af525a:192.168.34.21:42063], old=null
2019-10-30 05:53:52,172 [9127dd83-037b-4d39-812f-66db56af525a@group-BCADF287A12B-LeaderElection356] INFO  impl.RaftServerImpl (RaftServerImpl.java:setRole(184)) - 9127dd83-037b-4d39-812f-66db56af525a@group-BCADF287A12B: changes role from CANDIDATE to FOLLOWER at term 397 for DISCOVERED_A_NEW_TERM
2019-10-30 05:53:52,172 [9127dd83-037b-4d39-812f-66db56af525a@group-BCADF287A12B-LeaderElection356] INFO  impl.RoleInfo (RoleInfo.java:shutdownLeaderElection(134)) - 9127dd83-037b-4d39-812f-66db56af525a: shutdown LeaderElection
2019-10-30 05:53:52,172 [9127dd83-037b-4d39-812f-66db56af525a@group-BCADF287A12B-LeaderElection356] INFO  impl.RoleInfo (RoleInfo.java:updateAndGet(143)) - 9127dd83-037b-4d39-812f-66db56af525a: start FollowerState
2019-10-30 05:53:52,217 [Thread-2632] INFO  impl.FollowerState (FollowerState.java:run(108)) - 9127dd83-037b-4d39-812f-66db56af525a@group-BCADF287A12B-FollowerState: change to CANDIDATE, lastRpcTime:45ms, electionTimeout:45ms
2019-10-30 05:53:52,217 [Thread-2632] INFO  impl.RoleInfo (RoleInfo.java:shutdownFollowerState(121)) - 9127dd83-037b-4d39-812f-66db56af525a: shutdown FollowerState
2019-10-30 05:53:52,218 [Thread-2632] INFO  impl.RaftServerImpl (RaftServerImpl.java:setRole(184)) - 9127dd83-037b-4d39-812f-66db56af525a@group-BCADF287A12B: changes role from  FOLLOWER to CANDIDATE at term 397 for changeToCandidate
2019-10-30 05:53:52,218 [Thread-2632] INFO  impl.RoleInfo (RoleInfo.java:updateAndGet(143)) - 9127dd83-037b-4d39-812f-66db56af525a: start LeaderElection
2019-10-30 05:53:52,231 [9127dd83-037b-4d39-812f-66db56af525a@group-BCADF287A12B-LeaderElection357] INFO  impl.LeaderElection (LeaderElection.java:askForVotes(178)) - 9127dd83-037b-4d39-812f-66db56af525a@group-BCADF287A12B-LeaderElection357: begin an election at term 398 for -1: [7fae3aed-4e76-4283-a599-f93f794625ab:192.168.34.21:41352, 58095e90-3010-492a-9083-43cf2e035c3f:192.168.34.21:45284, 9127dd83-037b-4d39-812f-66db56af525a:192.168.34.21:42063], old=null
2019-10-30 05:53:52,233 [grpc-default-executor-1] INFO  impl.RaftServerImpl (RaftServerImpl.java:setRole(184)) - 58095e90-3010-492a-9083-43cf2e035c3f@group-BCADF287A12B: changes role from  FOLLOWER to FOLLOWER at term 398 for recognizeCandidate:9127dd83-037b-4d39-812f-66db56af525a
2019-10-30 05:53:52,233 [grpc-default-executor-1] INFO  impl.RoleInfo (RoleInfo.java:shutdownFollowerState(121)) - 58095e90-3010-492a-9083-43cf2e035c3f: shutdown FollowerState
2019-10-30 05:53:52,233 [grpc-default-executor-2] INFO  impl.RaftServerImpl (RaftServerImpl.java:setRole(184)) - 7fae3aed-4e76-4283-a599-f93f794625ab@group-BCADF287A12B: changes role from  FOLLOWER to FOLLOWER at term 398 for recognizeCandidate:9127dd83-037b-4d39-812f-66db56af525a
2019-10-30 05:53:52,233 [grpc-default-executor-1] INFO  impl.RoleInfo (RoleInfo.java:updateAndGet(143)) - 58095e90-3010-492a-9083-43cf2e035c3f: start FollowerState
2019-10-30 05:53:52,233 [Thread-2631] INFO  impl.FollowerState (FollowerState.java:run(117)) - 58095e90-3010-492a-9083-43cf2e035c3f@group-BCADF287A12B-FollowerState was interrupted: java.lang.InterruptedException: sleep interrupted
2019-10-30 05:53:52,233 [grpc-default-executor-2] INFO  impl.RoleInfo (RoleInfo.java:shutdownFollowerState(121)) - 7fae3aed-4e76-4283-a599-f93f794625ab: shutdown FollowerState
2019-10-30 05:53:52,234 [grpc-default-executor-2] INFO  impl.RoleInfo (RoleInfo.java:updateAndGet(143)) - 7fae3aed-4e76-4283-a599-f93f794625ab: start FollowerState
2019-10-30 05:53:52,234 [Thread-2630] INFO  impl.FollowerState (FollowerState.java:run(117)) - 7fae3aed-4e76-4283-a599-f93f794625ab@group-BCADF287A12B-FollowerState was interrupted: java.lang.InterruptedException: sleep interrupted
2019-10-30 05:53:52,261 [9127dd83-037b-4d39-812f-66db56af525a@group-BCADF287A12B-LeaderElection357] INFO  impl.LeaderElection (LeaderElection.java:logAndReturn(56)) - 9127dd83-037b-4d39-812f-66db56af525a@group-BCADF287A12B-LeaderElection357: Election REJECTED; received 2 response(s) [9127dd83-037b-4d39-812f-66db56af525a<-7fae3aed-4e76-4283-a599-f93f794625ab#0:FAIL-t398, 9127dd83-037b-4d39-812f-66db56af525a<-58095e90-3010-492a-9083-43cf2e035c3f#0:FAIL-t398] and 0 exception(s); 9127dd83-037b-4d39-812f-66db56af525a@group-BCADF287A12B:t398, leader=null, voted=9127dd83-037b-4d39-812f-66db56af525a, raftlog=9127dd83-037b-4d39-812f-66db56af525a@group-BCADF287A12B-SegmentedRaftLog:OPENED:c-1,f-1,i0, conf=-1: [7fae3aed-4e76-4283-a599-f93f794625ab:192.168.34.21:41352, 58095e90-3010-492a-9083-43cf2e035c3f:192.168.34.21:45284, 9127dd83-037b-4d39-812f-66db56af525a:192.168.34.21:42063], old=null
2019-10-30 05:53:52,261 [9127dd83-037b-4d39-812f-66db56af525a@group-BCADF287A12B-LeaderElection357] INFO  impl.RaftServerImpl (RaftServerImpl.java:setRole(184)) - 9127dd83-037b-4d39-812f-66db56af525a@group-BCADF287A12B: changes role from CANDIDATE to FOLLOWER at term 398 for DISCOVERED_A_NEW_TERM
2019-10-30 05:53:52,261 [9127dd83-037b-4d39-812f-66db56af525a@group-BCADF287A12B-LeaderElection357] INFO  impl.RoleInfo (RoleInfo.java:shutdownLeaderElection(134)) - 9127dd83-037b-4d39-812f-66db56af525a: shutdown LeaderElection
2019-10-30 05:53:52,261 [9127dd83-037b-4d39-812f-66db56af525a@group-BCADF287A12B-LeaderElection357] INFO  impl.RoleInfo (RoleInfo.java:updateAndGet(143)) - 9127dd83-037b-4d39-812f-66db56af525a: start FollowerState
2019-10-30 05:53:52,404 [Thread-2638] INFO  impl.FollowerState (FollowerState.java:run(108)) - 9127dd83-037b-4d39-812f-66db56af525a@group-BCADF287A12B-FollowerState: change to CANDIDATE, lastRpcTime:142ms, electionTimeout:142ms
2019-10-30 05:53:52,404 [Thread-2638] INFO  impl.RoleInfo (RoleInfo.java:shutdownFollowerState(121)) - 9127dd83-037b-4d39-812f-66db56af525a: shutdown FollowerState
2019-10-30 05:53:52,404 [Thread-2638] INFO  impl.RaftServerImpl (RaftServerImpl.java:setRole(184)) - 9127dd83-037b-4d39-812f-66db56af525a@group-BCADF287A12B: changes role from  FOLLOWER to CANDIDATE at term 398 for changeToCandidate
2019-10-30 05:53:52,404 [Thread-2638] INFO  impl.RoleInfo (RoleInfo.java:updateAndGet(143)) - 9127dd83-037b-4d39-812f-66db56af525a: start LeaderElection
2019-10-30 05:53:52,407 [9127dd83-037b-4d39-812f-66db56af525a@group-BCADF287A12B-LeaderElection358] INFO  impl.LeaderElection (LeaderElection.java:askForVotes(178)) - 9127dd83-037b-4d39-812f-66db56af525a@group-BCADF287A12B-LeaderElection358: begin an election at term 399 for -1: [7fae3aed-4e76-4283-a599-f93f794625ab:192.168.34.21:41352, 58095e90-3010-492a-9083-43cf2e035c3f:192.168.34.21:45284, 9127dd83-037b-4d39-812f-66db56af525a:192.168.34.21:42063], old=null
2019-10-30 05:53:52,409 [grpc-default-executor-2] INFO  impl.RaftServerImpl (RaftServerImpl.java:setRole(184)) - 58095e90-3010-492a-9083-43cf2e035c3f@group-BCADF287A12B: changes role from  FOLLOWER to FOLLOWER at term 399 for recognizeCandidate:9127dd83-037b-4d39-812f-66db56af525a
2019-10-30 05:53:52,409 [grpc-default-executor-2] INFO  impl.RoleInfo (RoleInfo.java:shutdownFollowerState(121)) - 58095e90-3010-492a-9083-43cf2e035c3f: shutdown FollowerState
2019-10-30 05:53:52,409 [grpc-default-executor-1] INFO  impl.RaftServerImpl (RaftServerImpl.java:setRole(184)) - 7fae3aed-4e76-4283-a599-f93f794625ab@group-BCADF287A12B: changes role from  FOLLOWER to FOLLOWER at term 399 for recognizeCandidate:9127dd83-037b-4d39-812f-66db56af525a
2019-10-30 05:53:52,409 [Thread-2636] INFO  impl.FollowerState (FollowerState.java:run(117)) - 58095e90-3010-492a-9083-43cf2e035c3f@group-BCADF287A12B-FollowerState was interrupted: java.lang.InterruptedException: sleep interrupted
2019-10-30 05:53:52,409 [grpc-default-executor-2] INFO  impl.RoleInfo (RoleInfo.java:updateAndGet(143)) - 58095e90-3010-492a-9083-43cf2e035c3f: start FollowerState
2019-10-30 05:53:52,409 [grpc-default-executor-1] INFO  impl.RoleInfo (RoleInfo.java:shutdownFollowerState(121)) - 7fae3aed-4e76-4283-a599-f93f794625ab: shutdown FollowerState
2019-10-30 05:53:52,409 [grpc-default-executor-1] INFO  impl.RoleInfo (RoleInfo.java:updateAndGet(143)) - 7fae3aed-4e76-4283-a599-f93f794625ab: start FollowerState
2019-10-30 05:53:52,409 [Thread-2637] INFO  impl.FollowerState (FollowerState.java:run(117)) - 7fae3aed-4e76-4283-a599-f93f794625ab@group-BCADF287A12B-FollowerState was interrupted: java.lang.InterruptedException: sleep interrupted
2019-10-30 05:53:52,429 [9127dd83-037b-4d39-812f-66db56af525a@group-BCADF287A12B-LeaderElection358] INFO  impl.LeaderElection (LeaderElection.java:logAndReturn(56)) - 9127dd83-037b-4d39-812f-66db56af525a@group-BCADF287A12B-LeaderElection358: Election REJECTED; received 2 response(s) [9127dd83-037b-4d39-812f-66db56af525a<-7fae3aed-4e76-4283-a599-f93f794625ab#0:FAIL-t399, 9127dd83-037b-4d39-812f-66db56af525a<-58095e90-3010-492a-9083-43cf2e035c3f#0:FAIL-t399] and 0 exception(s); 9127dd83-037b-4d39-812f-66db56af525a@group-BCADF287A12B:t399, leader=null, voted=9127dd83-037b-4d39-812f-66db56af525a, raftlog=9127dd83-037b-4d39-812f-66db56af525a@group-BCADF287A12B-SegmentedRaftLog:OPENED:c-1,f-1,i0, conf=-1: [7fae3aed-4e76-4283-a599-f93f794625ab:192.168.34.21:41352, 58095e90-3010-492a-9083-43cf2e035c3f:192.168.34.21:45284, 9127dd83-037b-4d39-812f-66db56af525a:192.168.34.21:42063], old=null
2019-10-30 05:53:52,429 [9127dd83-037b-4d39-812f-66db56af525a@group-BCADF287A12B-LeaderElection358] INFO  impl.RaftServerImpl (RaftServerImpl.java:setRole(184)) - 9127dd83-037b-4d39-812f-66db56af525a@group-BCADF287A12B: changes role from CANDIDATE to FOLLOWER at term 399 for DISCOVERED_A_NEW_TERM
2019-10-30 05:53:52,429 [9127dd83-037b-4d39-812f-66db56af525a@group-BCADF287A12B-LeaderElection358] INFO  impl.RoleInfo (RoleInfo.java:shutdownLeaderElection(134)) - 9127dd83-037b-4d39-812f-66db56af525a: shutdown LeaderElection
2019-10-30 05:53:52,429 [9127dd83-037b-4d39-812f-66db56af525a@group-BCADF287A12B-LeaderElection358] INFO  impl.RoleInfo (RoleInfo.java:updateAndGet(143)) - 9127dd83-037b-4d39-812f-66db56af525a: start FollowerState
2019-10-30 05:53:52,477 [Thread-2644] INFO  impl.FollowerState (FollowerState.java:run(108)) - 9127dd83-037b-4d39-812f-66db56af525a@group-BCADF287A12B-FollowerState: change to CANDIDATE, lastRpcTime:47ms, electionTimeout:47ms
2019-10-30 05:53:52,477 [Thread-2644] INFO  impl.RoleInfo (RoleInfo.java:shutdownFollowerState(121)) - 9127dd83-037b-4d39-812f-66db56af525a: shutdown FollowerState
2019-10-30 05:53:52,477 [Thread-2644] INFO  impl.RaftServerImpl (RaftServerImpl.java:setRole(184)) - 9127dd83-037b-4d39-812f-66db56af525a@group-BCADF287A12B: changes role from  FOLLOWER to CANDIDATE at term 399 for changeToCandidate
2019-10-30 05:53:52,477 [Thread-2644] INFO  impl.RoleInfo (RoleInfo.java:updateAndGet(143)) - 9127dd83-037b-4d39-812f-66db56af525a: start LeaderElection
2019-10-30 05:53:52,491 [9127dd83-037b-4d39-812f-66db56af525a@group-BCADF287A12B-LeaderElection359] INFO  impl.LeaderElection (LeaderElection.java:askForVotes(178)) - 9127dd83-037b-4d39-812f-66db56af525a@group-BCADF287A12B-LeaderElection359: begin an election at term 400 for -1: [7fae3aed-4e76-4283-a599-f93f794625ab:192.168.34.21:41352, 58095e90-3010-492a-9083-43cf2e035c3f:192.168.34.21:45284, 9127dd83-037b-4d39-812f-66db56af525a:192.168.34.21:42063], old=null
2019-10-30 05:53:52,493 [grpc-default-executor-1] INFO  impl.RaftServerImpl (RaftServerImpl.java:setRole(184)) - 58095e90-3010-492a-9083-43cf2e035c3f@group-BCADF287A12B: changes role from  FOLLOWER to FOLLOWER at term 400 for recognizeCandidate:9127dd83-037b-4d39-812f-66db56af525a
2019-10-30 05:53:52,493 [grpc-default-executor-2] INFO  impl.RaftServerImpl (RaftServerImpl.java:setRole(184)) - 7fae3aed-4e76-4283-a599-f93f794625ab@group-BCADF287A12B: changes role from  FOLLOWER to FOLLOWER at term 400 for recognizeCandidate:9127dd83-037b-4d39-812f-66db56af525a
2019-10-30 05:53:52,493 [grpc-default-executor-1] INFO  impl.RoleInfo (RoleInfo.java:shutdownFollowerState(121)) - 58095e90-3010-492a-9083-43cf2e035c3f: shutdown FollowerState
2019-10-30 05:53:52,493 [grpc-default-executor-2] INFO  impl.RoleInfo (RoleInfo.java:shutdownFollowerState(121)) - 7fae3aed-4e76-4283-a599-f93f794625ab: shutdown FollowerState
2019-10-30 05:53:52,493 [Thread-2642] INFO  impl.FollowerState (FollowerState.java:run(117)) - 58095e90-3010-492a-9083-43cf2e035c3f@group-BCADF287A12B-FollowerState was interrupted: java.lang.InterruptedException: sleep interrupted
2019-10-30 05:53:52,493 [grpc-default-executor-1] INFO  impl.RoleInfo (RoleInfo.java:updateAndGet(143)) - 58095e90-3010-492a-9083-43cf2e035c3f: start FollowerState
2019-10-30 05:53:52,493 [Thread-2643] INFO  impl.FollowerState (FollowerState.java:run(117)) - 7fae3aed-4e76-4283-a599-f93f794625ab@group-BCADF287A12B-FollowerState was interrupted: java.lang.InterruptedException: sleep interrupted
2019-10-30 05:53:52,493 [grpc-default-executor-2] INFO  impl.RoleInfo (RoleInfo.java:updateAndGet(143)) - 7fae3aed-4e76-4283-a599-f93f794625ab: start FollowerState
2019-10-30 05:53:52,508 [9127dd83-037b-4d39-812f-66db56af525a@group-BCADF287A12B-LeaderElection359] INFO  impl.LeaderElection (LeaderElection.java:logAndReturn(56)) - 9127dd83-037b-4d39-812f-66db56af525a@group-BCADF287A12B-LeaderElection359: Election REJECTED; received 2 response(s) [9127dd83-037b-4d39-812f-66db56af525a<-7fae3aed-4e76-4283-a599-f93f794625ab#0:FAIL-t400, 9127dd83-037b-4d39-812f-66db56af525a<-58095e90-3010-492a-9083-43cf2e035c3f#0:FAIL-t400] and 0 exception(s); 9127dd83-037b-4d39-812f-66db56af525a@group-BCADF287A12B:t400, leader=null, voted=9127dd83-037b-4d39-812f-66db56af525a, raftlog=9127dd83-037b-4d39-812f-66db56af525a@group-BCADF287A12B-SegmentedRaftLog:OPENED:c-1,f-1,i0, conf=-1: [7fae3aed-4e76-4283-a599-f93f794625ab:192.168.34.21:41352, 58095e90-3010-492a-9083-43cf2e035c3f:192.168.34.21:45284, 9127dd83-037b-4d39-812f-66db56af525a:192.168.34.21:42063], old=null
2019-10-30 05:53:52,508 [9127dd83-037b-4d39-812f-66db56af525a@group-BCADF287A12B-LeaderElection359] INFO  impl.RaftServerImpl (RaftServerImpl.java:setRole(184)) - 9127dd83-037b-4d39-812f-66db56af525a@group-BCADF287A12B: changes role from CANDIDATE to FOLLOWER at term 400 for DISCOVERED_A_NEW_TERM
2019-10-30 05:53:52,508 [9127dd83-037b-4d39-812f-66db56af525a@group-BCADF287A12B-LeaderElection359] INFO  impl.RoleInfo (RoleInfo.java:shutdownLeaderElection(134)) - 9127dd83-037b-4d39-812f-66db56af525a: shutdown LeaderElection
2019-10-30 05:53:52,508 [9127dd83-037b-4d39-812f-66db56af525a@group-BCADF287A12B-LeaderElection359] INFO  impl.RoleInfo (RoleInfo.java:updateAndGet(143)) - 9127dd83-037b-4d39-812f-66db56af525a: start FollowerState
2019-10-30 05:53:52,577 [Thread-2650] INFO  impl.FollowerState (FollowerState.java:run(108)) - 9127dd83-037b-4d39-812f-66db56af525a@group-BCADF287A12B-FollowerState: change to CANDIDATE, lastRpcTime:69ms, electionTimeout:69ms
2019-10-30 05:53:52,577 [Thread-2650] INFO  impl.RoleInfo (RoleInfo.java:shutdownFollowerState(121)) - 9127dd83-037b-4d39-812f-66db56af525a: shutdown FollowerState
2019-10-30 05:53:52,578 [Thread-2650] INFO  impl.RaftServerImpl (RaftServerImpl.java:setRole(184)) - 9127dd83-037b-4d39-812f-66db56af525a@group-BCADF287A12B: changes role from  FOLLOWER to CANDIDATE at term 400 for changeToCandidate
2019-10-30 05:53:52,578 [Thread-2650] INFO  impl.RoleInfo (RoleInfo.java:updateAndGet(143)) - 9127dd83-037b-4d39-812f-66db56af525a: start LeaderElection
2019-10-30 05:53:52,582 [9127dd83-037b-4d39-812f-66db56af525a@group-BCADF287A12B-LeaderElection360] INFO  impl.LeaderElection (LeaderElection.java:askForVotes(178)) - 9127dd83-037b-4d39-812f-66db56af525a@group-BCADF287A12B-LeaderElection360: begin an election at term 401 for -1: [7fae3aed-4e76-4283-a599-f93f794625ab:192.168.34.21:41352, 58095e90-3010-492a-9083-43cf2e035c3f:192.168.34.21:45284, 9127dd83-037b-4d39-812f-66db56af525a:192.168.34.21:42063], old=null
2019-10-30 05:53:52,584 [grpc-default-executor-1] INFO  impl.RaftServerImpl (RaftServerImpl.java:setRole(184)) - 7fae3aed-4e76-4283-a599-f93f794625ab@group-BCADF287A12B: changes role from  FOLLOWER to FOLLOWER at term 401 for recognizeCandidate:9127dd83-037b-4d39-812f-66db56af525a
2019-10-30 05:53:52,584 [grpc-default-executor-2] INFO  impl.RaftServerImpl (RaftServerImpl.java:setRole(184)) - 58095e90-3010-492a-9083-43cf2e035c3f@group-BCADF287A12B: changes role from  FOLLOWER to FOLLOWER at term 401 for recognizeCandidate:9127dd83-037b-4d39-812f-66db56af525a
2019-10-30 05:53:52,584 [grpc-default-executor-2] INFO  impl.RoleInfo (RoleInfo.java:shutdownFollowerState(121)) - 58095e90-3010-492a-9083-43cf2e035c3f: shutdown FollowerState
2019-10-30 05:53:52,584 [grpc-default-executor-1] INFO  impl.RoleInfo (RoleInfo.java:shutdownFollowerState(121)) - 7fae3aed-4e76-4283-a599-f93f794625ab: shutdown FollowerState
2019-10-30 05:53:52,584 [Thread-2648] INFO  impl.FollowerState (FollowerState.java:run(117)) - 58095e90-3010-492a-9083-43cf2e035c3f@group-BCADF287A12B-FollowerState was interrupted: java.lang.InterruptedException: sleep interrupted
2019-10-30 05:53:52,584 [grpc-default-executor-1] INFO  impl.RoleInfo (RoleInfo.java:updateAndGet(143)) - 7fae3aed-4e76-4283-a599-f93f794625ab: start FollowerState
2019-10-30 05:53:52,584 [grpc-default-executor-2] INFO  impl.RoleInfo (RoleInfo.java:updateAndGet(143)) - 58095e90-3010-492a-9083-43cf2e035c3f: start FollowerState
2019-10-30 05:53:52,584 [Thread-2649] INFO  impl.FollowerState (FollowerState.java:run(117)) - 7fae3aed-4e76-4283-a599-f93f794625ab@group-BCADF287A12B-FollowerState was interrupted: java.lang.InterruptedException: sleep interrupted
2019-10-30 05:53:52,598 [9127dd83-037b-4d39-812f-66db56af525a@group-BCADF287A12B-LeaderElection360] INFO  impl.LeaderElection (LeaderElection.java:logAndReturn(56)) - 9127dd83-037b-4d39-812f-66db56af525a@group-BCADF287A12B-LeaderElection360: Election REJECTED; received 2 response(s) [9127dd83-037b-4d39-812f-66db56af525a<-7fae3aed-4e76-4283-a599-f93f794625ab#0:FAIL-t401, 9127dd83-037b-4d39-812f-66db56af525a<-58095e90-3010-492a-9083-43cf2e035c3f#0:FAIL-t401] and 0 exception(s); 9127dd83-037b-4d39-812f-66db56af525a@group-BCADF287A12B:t401, leader=null, voted=9127dd83-037b-4d39-812f-66db56af525a, raftlog=9127dd83-037b-4d39-812f-66db56af525a@group-BCADF287A12B-SegmentedRaftLog:OPENED:c-1,f-1,i0, conf=-1: [7fae3aed-4e76-4283-a599-f93f794625ab:192.168.34.21:41352, 58095e90-3010-492a-9083-43cf2e035c3f:192.168.34.21:45284, 9127dd83-037b-4d39-812f-66db56af525a:192.168.34.21:42063], old=null
2019-10-30 05:53:52,598 [9127dd83-037b-4d39-812f-66db56af525a@group-BCADF287A12B-LeaderElection360] INFO  impl.RaftServerImpl (RaftServerImpl.java:setRole(184)) - 9127dd83-037b-4d39-812f-66db56af525a@group-BCADF287A12B: changes role from CANDIDATE to FOLLOWER at term 401 for DISCOVERED_A_NEW_TERM
2019-10-30 05:53:52,598 [9127dd83-037b-4d39-812f-66db56af525a@group-BCADF287A12B-LeaderElection360] INFO  impl.RoleInfo (RoleInfo.java:shutdownLeaderElection(134)) - 9127dd83-037b-4d39-812f-66db56af525a: shutdown LeaderElection
2019-10-30 05:53:52,598 [9127dd83-037b-4d39-812f-66db56af525a@group-BCADF287A12B-LeaderElection360] INFO  impl.RoleInfo (RoleInfo.java:updateAndGet(143)) - 9127dd83-037b-4d39-812f-66db56af525a: start FollowerState
2019-10-30 05:53:52,611 [Thread-2658] INFO  impl.FollowerState (FollowerState.java:run(108)) - 9127dd83-037b-4d39-812f-66db56af525a@group-BCADF287A12B-FollowerState: change to CANDIDATE, lastRpcTime:12ms, electionTimeout:12ms
2019-10-30 05:53:52,611 [Thread-2658] INFO  impl.RoleInfo (RoleInfo.java:shutdownFollowerState(121)) - 9127dd83-037b-4d39-812f-66db56af525a: shutdown FollowerState
2019-10-30 05:53:52,611 [Thread-2658] INFO  impl.RaftServerImpl (RaftServerImpl.java:setRole(184)) - 9127dd83-037b-4d39-812f-66db56af525a@group-BCADF287A12B: changes role from  FOLLOWER to CANDIDATE at term 401 for changeToCandidate
2019-10-30 05:53:52,611 [Thread-2658] INFO  impl.RoleInfo (RoleInfo.java:updateAndGet(143)) - 9127dd83-037b-4d39-812f-66db56af525a: start LeaderElection
2019-10-30 05:53:52,614 [9127dd83-037b-4d39-812f-66db56af525a@group-BCADF287A12B-LeaderElection361] INFO  impl.LeaderElection (LeaderElection.java:askForVotes(178)) - 9127dd83-037b-4d39-812f-66db56af525a@group-BCADF287A12B-LeaderElection361: begin an election at term 402 for -1: [7fae3aed-4e76-4283-a599-f93f794625ab:192.168.34.21:41352, 58095e90-3010-492a-9083-43cf2e035c3f:192.168.34.21:45284, 9127dd83-037b-4d39-812f-66db56af525a:192.168.34.21:42063], old=null
2019-10-30 05:53:52,615 [9127dd83-037b-4d39-812f-66db56af525a@group-BCADF287A12B-LeaderElection361] INFO  impl.LeaderElection (LeaderElection.java:logAndReturn(56)) - 9127dd83-037b-4d39-812f-66db56af525a@group-BCADF287A12B-LeaderElection361: Election TIMEOUT; received 0 response(s) [] and 0 exception(s); 9127dd83-037b-4d39-812f-66db56af525a@group-BCADF287A12B:t402, leader=null, voted=9127dd83-037b-4d39-812f-66db56af525a, raftlog=9127dd83-037b-4d39-812f-66db56af525a@group-BCADF287A12B-SegmentedRaftLog:OPENED:c-1,f-1,i0, conf=-1: [7fae3aed-4e76-4283-a599-f93f794625ab:192.168.34.21:41352, 58095e90-3010-492a-9083-43cf2e035c3f:192.168.34.21:45284, 9127dd83-037b-4d39-812f-66db56af525a:192.168.34.21:42063], old=null
2019-10-30 05:53:52,616 [grpc-default-executor-2] INFO  impl.RaftServerImpl (RaftServerImpl.java:setRole(184)) - 58095e90-3010-492a-9083-43cf2e035c3f@group-BCADF287A12B: changes role from  FOLLOWER to FOLLOWER at term 402 for recognizeCandidate:9127dd83-037b-4d39-812f-66db56af525a
2019-10-30 05:53:52,616 [grpc-default-executor-2] INFO  impl.RoleInfo (RoleInfo.java:shutdownFollowerState(121)) - 58095e90-3010-492a-9083-43cf2e035c3f: shutdown FollowerState
2019-10-30 05:53:52,616 [grpc-default-executor-2] INFO  impl.RoleInfo (RoleInfo.java:updateAndGet(143)) - 58095e90-3010-492a-9083-43cf2e035c3f: start FollowerState
2019-10-30 05:53:52,616 [grpc-default-executor-1] INFO  impl.RaftServerImpl (RaftServerImpl.java:setRole(184)) - 7fae3aed-4e76-4283-a599-f93f794625ab@group-BCADF287A12B: changes role from  FOLLOWER to FOLLOWER at term 402 for recognizeCandidate:9127dd83-037b-4d39-812f-66db56af525a
2019-10-30 05:53:52,616 [grpc-default-executor-1] INFO  impl.RoleInfo (RoleInfo.java:shutdownFollowerState(121)) - 7fae3aed-4e76-4283-a599-f93f794625ab: shutdown FollowerState
2019-10-30 05:53:52,617 [grpc-default-executor-1] INFO  impl.RoleInfo (RoleInfo.java:updateAndGet(143)) - 7fae3aed-4e76-4283-a599-f93f794625ab: start FollowerState
2019-10-30 05:53:52,616 [Thread-2656] INFO  impl.FollowerState (FollowerState.java:run(117)) - 58095e90-3010-492a-9083-43cf2e035c3f@group-BCADF287A12B-FollowerState was interrupted: java.lang.InterruptedException: sleep interrupted
2019-10-30 05:53:52,617 [Thread-2657] INFO  impl.FollowerState (FollowerState.java:run(117)) - 7fae3aed-4e76-4283-a599-f93f794625ab@group-BCADF287A12B-FollowerState was interrupted: java.lang.InterruptedException: sleep interrupted
2019-10-30 05:53:52,629 [9127dd83-037b-4d39-812f-66db56af525a@group-BCADF287A12B-LeaderElection361] INFO  impl.LeaderElection (LeaderElection.java:askForVotes(178)) - 9127dd83-037b-4d39-812f-66db56af525a@group-BCADF287A12B-LeaderElection361: begin an election at term 403 for -1: [7fae3aed-4e76-4283-a599-f93f794625ab:192.168.34.21:41352, 58095e90-3010-492a-9083-43cf2e035c3f:192.168.34.21:45284, 9127dd83-037b-4d39-812f-66db56af525a:192.168.34.21:42063], old=null
2019-10-30 05:53:52,630 [grpc-default-executor-2] INFO  impl.RaftServerImpl (RaftServerImpl.java:setRole(184)) - 58095e90-3010-492a-9083-43cf2e035c3f@group-BCADF287A12B: changes role from  FOLLOWER to FOLLOWER at term 403 for recognizeCandidate:9127dd83-037b-4d39-812f-66db56af525a
2019-10-30 05:53:52,630 [grpc-default-executor-2] INFO  impl.RoleInfo (RoleInfo.java:shutdownFollowerState(121)) - 58095e90-3010-492a-9083-43cf2e035c3f: shutdown FollowerState
2019-10-30 05:53:52,630 [grpc-default-executor-2] INFO  impl.RoleInfo (RoleInfo.java:updateAndGet(143)) - 58095e90-3010-492a-9083-43cf2e035c3f: start FollowerState
2019-10-30 05:53:52,630 [Thread-2662] INFO  impl.FollowerState (FollowerState.java:run(117)) - 58095e90-3010-492a-9083-43cf2e035c3f@group-BCADF287A12B-FollowerState was interrupted: java.lang.InterruptedException: sleep interrupted
2019-10-30 05:53:52,631 [grpc-default-executor-0] INFO  impl.RaftServerImpl (RaftServerImpl.java:setRole(184)) - 7fae3aed-4e76-4283-a599-f93f794625ab@group-BCADF287A12B: changes role from  FOLLOWER to FOLLOWER at term 403 for recognizeCandidate:9127dd83-037b-4d39-812f-66db56af525a
2019-10-30 05:53:52,631 [grpc-default-executor-0] INFO  impl.RoleInfo (RoleInfo.java:shutdownFollowerState(121)) - 7fae3aed-4e76-4283-a599-f93f794625ab: shutdown FollowerState
2019-10-30 05:53:52,631 [grpc-default-executor-0] INFO  impl.RoleInfo (RoleInfo.java:updateAndGet(143)) - 7fae3aed-4e76-4283-a599-f93f794625ab: start FollowerState
2019-10-30 05:53:52,631 [Thread-2663] INFO  impl.FollowerState (FollowerState.java:run(117)) - 7fae3aed-4e76-4283-a599-f93f794625ab@group-BCADF287A12B-FollowerState was interrupted: java.lang.InterruptedException: sleep interrupted
2019-10-30 05:53:52,634 [9127dd83-037b-4d39-812f-66db56af525a@group-BCADF287A12B-LeaderElection361] INFO  impl.LeaderElection (LeaderElection.java:logAndReturn(56)) - 9127dd83-037b-4d39-812f-66db56af525a@group-BCADF287A12B-LeaderElection361: Election REJECTED; received 2 response(s) [9127dd83-037b-4d39-812f-66db56af525a<-7fae3aed-4e76-4283-a599-f93f794625ab#0:FAIL-t403, 9127dd83-037b-4d39-812f-66db56af525a<-58095e90-3010-492a-9083-43cf2e035c3f#0:FAIL-t403] and 0 exception(s); 9127dd83-037b-4d39-812f-66db56af525a@group-BCADF287A12B:t403, leader=null, voted=9127dd83-037b-4d39-812f-66db56af525a, raftlog=9127dd83-037b-4d39-812f-66db56af525a@group-BCADF287A12B-SegmentedRaftLog:OPENED:c-1,f-1,i0, conf=-1: [7fae3aed-4e76-4283-a599-f93f794625ab:192.168.34.21:41352, 58095e90-3010-492a-9083-43cf2e035c3f:192.168.34.21:45284, 9127dd83-037b-4d39-812f-66db56af525a:192.168.34.21:42063], old=null
2019-10-30 05:53:52,634 [9127dd83-037b-4d39-812f-66db56af525a@group-BCADF287A12B-LeaderElection361] INFO  impl.RaftServerImpl (RaftServerImpl.java:setRole(184)) - 9127dd83-037b-4d39-812f-66db56af525a@group-BCADF287A12B: changes role from CANDIDATE to FOLLOWER at term 403 for DISCOVERED_A_NEW_TERM
2019-10-30 05:53:52,634 [9127dd83-037b-4d39-812f-66db56af525a@group-BCADF287A12B-LeaderElection361] INFO  impl.RoleInfo (RoleInfo.java:shutdownLeaderElection(134)) - 9127dd83-037b-4d39-812f-66db56af525a: shutdown LeaderElection
2019-10-30 05:53:52,634 [9127dd83-037b-4d39-812f-66db56af525a@group-BCADF287A12B-LeaderElection361] INFO  impl.RoleInfo (RoleInfo.java:updateAndGet(143)) - 9127dd83-037b-4d39-812f-66db56af525a: start FollowerState
2019-10-30 05:53:52,723 [Thread-2668] INFO  impl.FollowerState (FollowerState.java:run(108)) - 9127dd83-037b-4d39-812f-66db56af525a@group-BCADF287A12B-FollowerState: change to CANDIDATE, lastRpcTime:89ms, electionTimeout:89ms
2019-10-30 05:53:52,724 [Thread-2668] INFO  impl.RoleInfo (RoleInfo.java:shutdownFollowerState(121)) - 9127dd83-037b-4d39-812f-66db56af525a: shutdown FollowerState
2019-10-30 05:53:52,724 [Thread-2668] INFO  impl.RaftServerImpl (RaftServerImpl.java:setRole(184)) - 9127dd83-037b-4d39-812f-66db56af525a@group-BCADF287A12B: changes role from  FOLLOWER to CANDIDATE at term 403 for changeToCandidate
2019-10-30 05:53:52,724 [Thread-2668] INFO  impl.RoleInfo (RoleInfo.java:updateAndGet(143)) - 9127dd83-037b-4d39-812f-66db56af525a: start LeaderElection
2019-10-30 05:53:52,739 [9127dd83-037b-4d39-812f-66db56af525a@group-BCADF287A12B-LeaderElection362] INFO  impl.LeaderElection (LeaderElection.java:askForVotes(178)) - 9127dd83-037b-4d39-812f-66db56af525a@group-BCADF287A12B-LeaderElection362: begin an election at term 404 for -1: [7fae3aed-4e76-4283-a599-f93f794625ab:192.168.34.21:41352, 58095e90-3010-492a-9083-43cf2e035c3f:192.168.34.21:45284, 9127dd83-037b-4d39-812f-66db56af525a:192.168.34.21:42063], old=null
2019-10-30 05:53:52,741 [grpc-default-executor-2] INFO  impl.RaftServerImpl (RaftServerImpl.java:setRole(184)) - 7fae3aed-4e76-4283-a599-f93f794625ab@group-BCADF287A12B: changes role from  FOLLOWER to FOLLOWER at term 404 for recognizeCandidate:9127dd83-037b-4d39-812f-66db56af525a
2019-10-30 05:53:52,741 [grpc-default-executor-2] INFO  impl.RoleInfo (RoleInfo.java:shutdownFollowerState(121)) - 7fae3aed-4e76-4283-a599-f93f794625ab: shutdown FollowerState
2019-10-30 05:53:52,741 [grpc-default-executor-2] INFO  impl.RoleInfo (RoleInfo.java:updateAndGet(143)) - 7fae3aed-4e76-4283-a599-f93f794625ab: start FollowerState
2019-10-30 05:53:52,741 [Thread-2667] INFO  impl.FollowerState (FollowerState.java:run(117)) - 7fae3aed-4e76-4283-a599-f93f794625ab@group-BCADF287A12B-FollowerState was interrupted: java.lang.InterruptedException: sleep interrupted
2019-10-30 05:53:52,742 [grpc-default-executor-0] INFO  impl.RaftServerImpl (RaftServerImpl.java:setRole(184)) - 58095e90-3010-492a-9083-43cf2e035c3f@group-BCADF287A12B: changes role from  FOLLOWER to FOLLOWER at term 404 for recognizeCandidate:9127dd83-037b-4d39-812f-66db56af525a
2019-10-30 05:53:52,742 [grpc-default-executor-0] INFO  impl.RoleInfo (RoleInfo.java:shutdownFollowerState(121)) - 58095e90-3010-492a-9083-43cf2e035c3f: shutdown FollowerState
2019-10-30 05:53:52,742 [grpc-default-executor-0] INFO  impl.RoleInfo (RoleInfo.java:updateAndGet(143)) - 58095e90-3010-492a-9083-43cf2e035c3f: start FollowerState
2019-10-30 05:53:52,742 [Thread-2666] INFO  impl.FollowerState (FollowerState.java:run(117)) - 58095e90-3010-492a-9083-43cf2e035c3f@group-BCADF287A12B-FollowerState was interrupted: java.lang.InterruptedException: sleep interrupted
2019-10-30 05:53:52,768 [9127dd83-037b-4d39-812f-66db56af525a@group-BCADF287A12B-LeaderElection362] INFO  impl.LeaderElection (LeaderElection.java:logAndReturn(56)) - 9127dd83-037b-4d39-812f-66db56af525a@group-BCADF287A12B-LeaderElection362: Election REJECTED; received 2 response(s) [9127dd83-037b-4d39-812f-66db56af525a<-7fae3aed-4e76-4283-a599-f93f794625ab#0:FAIL-t404, 9127dd83-037b-4d39-812f-66db56af525a<-58095e90-3010-492a-9083-43cf2e035c3f#0:FAIL-t404] and 0 exception(s); 9127dd83-037b-4d39-812f-66db56af525a@group-BCADF287A12B:t404, leader=null, voted=9127dd83-037b-4d39-812f-66db56af525a, raftlog=9127dd83-037b-4d39-812f-66db56af525a@group-BCADF287A12B-SegmentedRaftLog:OPENED:c-1,f-1,i0, conf=-1: [7fae3aed-4e76-4283-a599-f93f794625ab:192.168.34.21:41352, 58095e90-3010-492a-9083-43cf2e035c3f:192.168.34.21:45284, 9127dd83-037b-4d39-812f-66db56af525a:192.168.34.21:42063], old=null
2019-10-30 05:53:52,768 [9127dd83-037b-4d39-812f-66db56af525a@group-BCADF287A12B-LeaderElection362] INFO  impl.RaftServerImpl (RaftServerImpl.java:setRole(184)) - 9127dd83-037b-4d39-812f-66db56af525a@group-BCADF287A12B: changes role from CANDIDATE to FOLLOWER at term 404 for DISCOVERED_A_NEW_TERM
2019-10-30 05:53:52,768 [9127dd83-037b-4d39-812f-66db56af525a@group-BCADF287A12B-LeaderElection362] INFO  impl.RoleInfo (RoleInfo.java:shutdownLeaderElection(134)) - 9127dd83-037b-4d39-812f-66db56af525a: shutdown LeaderElection
2019-10-30 05:53:52,768 [9127dd83-037b-4d39-812f-66db56af525a@group-BCADF287A12B-LeaderElection362] INFO  impl.RoleInfo (RoleInfo.java:updateAndGet(143)) - 9127dd83-037b-4d39-812f-66db56af525a: start FollowerState
2019-10-30 05:53:52,863 [Thread-2674] INFO  impl.FollowerState (FollowerState.java:run(108)) - 9127dd83-037b-4d39-812f-66db56af525a@group-BCADF287A12B-FollowerState: change to CANDIDATE, lastRpcTime:94ms, electionTimeout:94ms
2019-10-30 05:53:52,863 [Thread-2674] INFO  impl.RoleInfo (RoleInfo.java:shutdownFollowerState(121)) - 9127dd83-037b-4d39-812f-66db56af525a: shutdown FollowerState
2019-10-30 05:53:52,863 [Thread-2674] INFO  impl.RaftServerImpl (RaftServerImpl.java:setRole(184)) - 9127dd83-037b-4d39-812f-66db56af525a@group-BCADF287A12B: changes role from  FOLLOWER to CANDIDATE at term 404 for changeToCandidate
2019-10-30 05:53:52,863 [Thread-2674] INFO  impl.RoleInfo (RoleInfo.java:updateAndGet(143)) - 9127dd83-037b-4d39-812f-66db56af525a: start LeaderElection
2019-10-30 05:53:52,889 [9127dd83-037b-4d39-812f-66db56af525a@group-BCADF287A12B-LeaderElection363] INFO  impl.LeaderElection (LeaderElection.java:askForVotes(178)) - 9127dd83-037b-4d39-812f-66db56af525a@group-BCADF287A12B-LeaderElection363: begin an election at term 405 for -1: [7fae3aed-4e76-4283-a599-f93f794625ab:192.168.34.21:41352, 58095e90-3010-492a-9083-43cf2e035c3f:192.168.34.21:45284, 9127dd83-037b-4d39-812f-66db56af525a:192.168.34.21:42063], old=null
2019-10-30 05:53:52,892 [grpc-default-executor-2] INFO  impl.RaftServerImpl (RaftServerImpl.java:setRole(184)) - 58095e90-3010-492a-9083-43cf2e035c3f@group-BCADF287A12B: changes role from  FOLLOWER to FOLLOWER at term 405 for recognizeCandidate:9127dd83-037b-4d39-812f-66db56af525a
2019-10-30 05:53:52,892 [grpc-default-executor-0] INFO  impl.RaftServerImpl (RaftServerImpl.java:setRole(184)) - 7fae3aed-4e76-4283-a599-f93f794625ab@group-BCADF287A12B: changes role from  FOLLOWER to FOLLOWER at term 405 for recognizeCandidate:9127dd83-037b-4d39-812f-66db56af525a
2019-10-30 05:53:52,892 [grpc-default-executor-2] INFO  impl.RoleInfo (RoleInfo.java:shutdownFollowerState(121)) - 58095e90-3010-492a-9083-43cf2e035c3f: shutdown FollowerState
2019-10-30 05:53:52,892 [grpc-default-executor-0] INFO  impl.RoleInfo (RoleInfo.java:shutdownFollowerState(121)) - 7fae3aed-4e76-4283-a599-f93f794625ab: shutdown FollowerState
2019-10-30 05:53:52,892 [Thread-2673] INFO  impl.FollowerState (FollowerState.java:run(117)) - 58095e90-3010-492a-9083-43cf2e035c3f@group-BCADF287A12B-FollowerState was interrupted: java.lang.InterruptedException: sleep interrupted
2019-10-30 05:53:52,892 [grpc-default-executor-2] INFO  impl.RoleInfo (RoleInfo.java:updateAndGet(143)) - 58095e90-3010-492a-9083-43cf2e035c3f: start FollowerState
2019-10-30 05:53:52,892 [Thread-2672] INFO  impl.FollowerState (FollowerState.java:run(117)) - 7fae3aed-4e76-4283-a599-f93f794625ab@group-BCADF287A12B-FollowerState was interrupted: java.lang.InterruptedException: sleep interrupted
2019-10-30 05:53:52,892 [grpc-default-executor-0] INFO  impl.RoleInfo (RoleInfo.java:updateAndGet(143)) - 7fae3aed-4e76-4283-a599-f93f794625ab: start FollowerState
2019-10-30 05:53:52,908 [9127dd83-037b-4d39-812f-66db56af525a@group-BCADF287A12B-LeaderElection363] INFO  impl.LeaderElection (LeaderElection.java:logAndReturn(56)) - 9127dd83-037b-4d39-812f-66db56af525a@group-BCADF287A12B-LeaderElection363: Election REJECTED; received 2 response(s) [9127dd83-037b-4d39-812f-66db56af525a<-7fae3aed-4e76-4283-a599-f93f794625ab#0:FAIL-t405, 9127dd83-037b-4d39-812f-66db56af525a<-58095e90-3010-492a-9083-43cf2e035c3f#0:FAIL-t405] and 0 exception(s); 9127dd83-037b-4d39-812f-66db56af525a@group-BCADF287A12B:t405, leader=null, voted=9127dd83-037b-4d39-812f-66db56af525a, raftlog=9127dd83-037b-4d39-812f-66db56af525a@group-BCADF287A12B-SegmentedRaftLog:OPENED:c-1,f-1,i0, conf=-1: [7fae3aed-4e76-4283-a599-f93f794625ab:192.168.34.21:41352, 58095e90-3010-492a-9083-43cf2e035c3f:192.168.34.21:45284, 9127dd83-037b-4d39-812f-66db56af525a:192.168.34.21:42063], old=null
2019-10-30 05:53:52,908 [9127dd83-037b-4d39-812f-66db56af525a@group-BCADF287A12B-LeaderElection363] INFO  impl.RaftServerImpl (RaftServerImpl.java:setRole(184)) - 9127dd83-037b-4d39-812f-66db56af525a@group-BCADF287A12B: changes role from CANDIDATE to FOLLOWER at term 405 for DISCOVERED_A_NEW_TERM
2019-10-30 05:53:52,908 [9127dd83-037b-4d39-812f-66db56af525a@group-BCADF287A12B-LeaderElection363] INFO  impl.RoleInfo (RoleInfo.java:shutdownLeaderElection(134)) - 9127dd83-037b-4d39-812f-66db56af525a: shutdown LeaderElection
2019-10-30 05:53:52,908 [9127dd83-037b-4d39-812f-66db56af525a@group-BCADF287A12B-LeaderElection363] INFO  impl.RoleInfo (RoleInfo.java:updateAndGet(143)) - 9127dd83-037b-4d39-812f-66db56af525a: start FollowerState
2019-10-30 05:53:53,087 [Thread-2680] INFO  impl.FollowerState (FollowerState.java:run(108)) - 9127dd83-037b-4d39-812f-66db56af525a@group-BCADF287A12B-FollowerState: change to CANDIDATE, lastRpcTime:178ms, electionTimeout:178ms
2019-10-30 05:53:53,087 [Thread-2680] INFO  impl.RoleInfo (RoleInfo.java:shutdownFollowerState(121)) - 9127dd83-037b-4d39-812f-66db56af525a: shutdown FollowerState
2019-10-30 05:53:53,087 [Thread-2680] INFO  impl.RaftServerImpl (RaftServerImpl.java:setRole(184)) - 9127dd83-037b-4d39-812f-66db56af525a@group-BCADF287A12B: changes role from  FOLLOWER to CANDIDATE at term 405 for changeToCandidate
2019-10-30 05:53:53,087 [Thread-2680] INFO  impl.RoleInfo (RoleInfo.java:updateAndGet(143)) - 9127dd83-037b-4d39-812f-66db56af525a: start LeaderElection
2019-10-30 05:53:53,109 [9127dd83-037b-4d39-812f-66db56af525a@group-BCADF287A12B-LeaderElection364] INFO  impl.LeaderElection (LeaderElection.java:askForVotes(178)) - 9127dd83-037b-4d39-812f-66db56af525a@group-BCADF287A12B-LeaderElection364: begin an election at term 406 for -1: [7fae3aed-4e76-4283-a599-f93f794625ab:192.168.34.21:41352, 58095e90-3010-492a-9083-43cf2e035c3f:192.168.34.21:45284, 9127dd83-037b-4d39-812f-66db56af525a:192.168.34.21:42063], old=null
2019-10-30 05:53:53,112 [grpc-default-executor-0] INFO  impl.RaftServerImpl (RaftServerImpl.java:setRole(184)) - 58095e90-3010-492a-9083-43cf2e035c3f@group-BCADF287A12B: changes role from  FOLLOWER to FOLLOWER at term 406 for recognizeCandidate:9127dd83-037b-4d39-812f-66db56af525a
2019-10-30 05:53:53,112 [grpc-default-executor-2] INFO  impl.RaftServerImpl (RaftServerImpl.java:setRole(184)) - 7fae3aed-4e76-4283-a599-f93f794625ab@group-BCADF287A12B: changes role from  FOLLOWER to FOLLOWER at term 406 for recognizeCandidate:9127dd83-037b-4d39-812f-66db56af525a
2019-10-30 05:53:53,113 [grpc-default-executor-2] INFO  impl.RoleInfo (RoleInfo.java:shutdownFollowerState(121)) - 7fae3aed-4e76-4283-a599-f93f794625ab: shutdown FollowerState
2019-10-30 05:53:53,112 [grpc-default-executor-0] INFO  impl.RoleInfo (RoleInfo.java:shutdownFollowerState(121)) - 58095e90-3010-492a-9083-43cf2e035c3f: shutdown FollowerState
2019-10-30 05:53:53,113 [grpc-default-executor-0] INFO  impl.RoleInfo (RoleInfo.java:updateAndGet(143)) - 58095e90-3010-492a-9083-43cf2e035c3f: start FollowerState
2019-10-30 05:53:53,113 [Thread-2679] INFO  impl.FollowerState (FollowerState.java:run(117)) - 7fae3aed-4e76-4283-a599-f93f794625ab@group-BCADF287A12B-FollowerState was interrupted: java.lang.InterruptedException: sleep interrupted
2019-10-30 05:53:53,113 [grpc-default-executor-2] INFO  impl.RoleInfo (RoleInfo.java:updateAndGet(143)) - 7fae3aed-4e76-4283-a599-f93f794625ab: start FollowerState
2019-10-30 05:53:53,114 [Thread-2678] INFO  impl.FollowerState (FollowerState.java:run(117)) - 58095e90-3010-492a-9083-43cf2e035c3f@group-BCADF287A12B-FollowerState was interrupted: java.lang.InterruptedException: sleep interrupted
2019-10-30 05:53:53,128 [9127dd83-037b-4d39-812f-66db56af525a@group-BCADF287A12B-LeaderElection364] INFO  impl.LeaderElection (LeaderElection.java:logAndReturn(56)) - 9127dd83-037b-4d39-812f-66db56af525a@group-BCADF287A12B-LeaderElection364: Election REJECTED; received 2 response(s) [9127dd83-037b-4d39-812f-66db56af525a<-7fae3aed-4e76-4283-a599-f93f794625ab#0:FAIL-t406, 9127dd83-037b-4d39-812f-66db56af525a<-58095e90-3010-492a-9083-43cf2e035c3f#0:FAIL-t406] and 0 exception(s); 9127dd83-037b-4d39-812f-66db56af525a@group-BCADF287A12B:t406, leader=null, voted=9127dd83-037b-4d39-812f-66db56af525a, raftlog=9127dd83-037b-4d39-812f-66db56af525a@group-BCADF287A12B-SegmentedRaftLog:OPENED:c-1,f-1,i0, conf=-1: [7fae3aed-4e76-4283-a599-f93f794625ab:192.168.34.21:41352, 58095e90-3010-492a-9083-43cf2e035c3f:192.168.34.21:45284, 9127dd83-037b-4d39-812f-66db56af525a:192.168.34.21:42063], old=null
2019-10-30 05:53:53,128 [9127dd83-037b-4d39-812f-66db56af525a@group-BCADF287A12B-LeaderElection364] INFO  impl.RaftServerImpl (RaftServerImpl.java:setRole(184)) - 9127dd83-037b-4d39-812f-66db56af525a@group-BCADF287A12B: changes role from CANDIDATE to FOLLOWER at term 406 for DISCOVERED_A_NEW_TERM
2019-10-30 05:53:53,128 [9127dd83-037b-4d39-812f-66db56af525a@group-BCADF287A12B-LeaderElection364] INFO  impl.RoleInfo (RoleInfo.java:shutdownLeaderElection(134)) - 9127dd83-037b-4d39-812f-66db56af525a: shutdown LeaderElection
2019-10-30 05:53:53,128 [9127dd83-037b-4d39-812f-66db56af525a@group-BCADF287A12B-LeaderElection364] INFO  impl.RoleInfo (RoleInfo.java:updateAndGet(143)) - 9127dd83-037b-4d39-812f-66db56af525a: start FollowerState
2019-10-30 05:53:53,234 [Thread-2686] INFO  impl.FollowerState (FollowerState.java:run(108)) - 9127dd83-037b-4d39-812f-66db56af525a@group-BCADF287A12B-FollowerState: change to CANDIDATE, lastRpcTime:105ms, electionTimeout:105ms
2019-10-30 05:53:53,234 [Thread-2686] INFO  impl.RoleInfo (RoleInfo.java:shutdownFollowerState(121)) - 9127dd83-037b-4d39-812f-66db56af525a: shutdown FollowerState
2019-10-30 05:53:53,234 [Thread-2686] INFO  impl.RaftServerImpl (RaftServerImpl.java:setRole(184)) - 9127dd83-037b-4d39-812f-66db56af525a@group-BCADF287A12B: changes role from  FOLLOWER to CANDIDATE at term 406 for changeToCandidate
2019-10-30 05:53:53,234 [Thread-2686] INFO  impl.RoleInfo (RoleInfo.java:updateAndGet(143)) - 9127dd83-037b-4d39-812f-66db56af525a: start LeaderElection
2019-10-30 05:53:53,240 [9127dd83-037b-4d39-812f-66db56af525a@group-BCADF287A12B-LeaderElection365] INFO  impl.LeaderElection (LeaderElection.java:askForVotes(178)) - 9127dd83-037b-4d39-812f-66db56af525a@group-BCADF287A12B-LeaderElection365: begin an election at term 407 for -1: [7fae3aed-4e76-4283-a599-f93f794625ab:192.168.34.21:41352, 58095e90-3010-492a-9083-43cf2e035c3f:192.168.34.21:45284, 9127dd83-037b-4d39-812f-66db56af525a:192.168.34.21:42063], old=null
2019-10-30 05:53:53,242 [grpc-default-executor-2] INFO  impl.RaftServerImpl (RaftServerImpl.java:setRole(184)) - 7fae3aed-4e76-4283-a599-f93f794625ab@group-BCADF287A12B: changes role from  FOLLOWER to FOLLOWER at term 407 for recognizeCandidate:9127dd83-037b-4d39-812f-66db56af525a
2019-10-30 05:53:53,242 [grpc-default-executor-2] INFO  impl.RoleInfo (RoleInfo.java:shutdownFollowerState(121)) - 7fae3aed-4e76-4283-a599-f93f794625ab: shutdown FollowerState
2019-10-30 05:53:53,242 [grpc-default-executor-2] INFO  impl.RoleInfo (RoleInfo.java:updateAndGet(143)) - 7fae3aed-4e76-4283-a599-f93f794625ab: start FollowerState
2019-10-30 05:53:53,243 [Thread-2684] INFO  impl.FollowerState (FollowerState.java:run(117)) - 7fae3aed-4e76-4283-a599-f93f794625ab@group-BCADF287A12B-FollowerState was interrupted: java.lang.InterruptedException: sleep interrupted
2019-10-30 05:53:53,246 [grpc-default-executor-0] INFO  impl.RaftServerImpl (RaftServerImpl.java:setRole(184)) - 58095e90-3010-492a-9083-43cf2e035c3f@group-BCADF287A12B: changes role from  FOLLOWER to FOLLOWER at term 407 for recognizeCandidate:9127dd83-037b-4d39-812f-66db56af525a
2019-10-30 05:53:53,247 [grpc-default-executor-0] INFO  impl.RoleInfo (RoleInfo.java:shutdownFollowerState(121)) - 58095e90-3010-492a-9083-43cf2e035c3f: shutdown FollowerState
2019-10-30 05:53:53,247 [grpc-default-executor-0] INFO  impl.RoleInfo (RoleInfo.java:updateAndGet(143)) - 58095e90-3010-492a-9083-43cf2e035c3f: start FollowerState
2019-10-30 05:53:53,247 [Thread-2685] INFO  impl.FollowerState (FollowerState.java:run(117)) - 58095e90-3010-492a-9083-43cf2e035c3f@group-BCADF287A12B-FollowerState was interrupted: java.lang.InterruptedException: sleep interrupted
2019-10-30 05:53:53,263 [9127dd83-037b-4d39-812f-66db56af525a@group-BCADF287A12B-LeaderElection365] INFO  impl.LeaderElection (LeaderElection.java:logAndReturn(56)) - 9127dd83-037b-4d39-812f-66db56af525a@group-BCADF287A12B-LeaderElection365: Election REJECTED; received 2 response(s) [9127dd83-037b-4d39-812f-66db56af525a<-7fae3aed-4e76-4283-a599-f93f794625ab#0:FAIL-t407, 9127dd83-037b-4d39-812f-66db56af525a<-58095e90-3010-492a-9083-43cf2e035c3f#0:FAIL-t407] and 0 exception(s); 9127dd83-037b-4d39-812f-66db56af525a@group-BCADF287A12B:t407, leader=null, voted=9127dd83-037b-4d39-812f-66db56af525a, raftlog=9127dd83-037b-4d39-812f-66db56af525a@group-BCADF287A12B-SegmentedRaftLog:OPENED:c-1,f-1,i0, conf=-1: [7fae3aed-4e76-4283-a599-f93f794625ab:192.168.34.21:41352, 58095e90-3010-492a-9083-43cf2e035c3f:192.168.34.21:45284, 9127dd83-037b-4d39-812f-66db56af525a:192.168.34.21:42063], old=null
2019-10-30 05:53:53,264 [9127dd83-037b-4d39-812f-66db56af525a@group-BCADF287A12B-LeaderElection365] INFO  impl.RaftServerImpl (RaftServerImpl.java:setRole(184)) - 9127dd83-037b-4d39-812f-66db56af525a@group-BCADF287A12B: changes role from CANDIDATE to FOLLOWER at term 407 for DISCOVERED_A_NEW_TERM
2019-10-30 05:53:53,264 [9127dd83-037b-4d39-812f-66db56af525a@group-BCADF287A12B-LeaderElection365] INFO  impl.RoleInfo (RoleInfo.java:shutdownLeaderElection(134)) - 9127dd83-037b-4d39-812f-66db56af525a: shutdown LeaderElection
2019-10-30 05:53:53,264 [9127dd83-037b-4d39-812f-66db56af525a@group-BCADF287A12B-LeaderElection365] INFO  impl.RoleInfo (RoleInfo.java:updateAndGet(143)) - 9127dd83-037b-4d39-812f-66db56af525a: start FollowerState
2019-10-30 05:53:53,374 [Thread-2692] INFO  impl.FollowerState (FollowerState.java:run(108)) - 9127dd83-037b-4d39-812f-66db56af525a@group-BCADF287A12B-FollowerState: change to CANDIDATE, lastRpcTime:110ms, electionTimeout:110ms
2019-10-30 05:53:53,374 [Thread-2692] INFO  impl.RoleInfo (RoleInfo.java:shutdownFollowerState(121)) - 9127dd83-037b-4d39-812f-66db56af525a: shutdown FollowerState
2019-10-30 05:53:53,374 [Thread-2692] INFO  impl.RaftServerImpl (RaftServerImpl.java:setRole(184)) - 9127dd83-037b-4d39-812f-66db56af525a@group-BCADF287A12B: changes role from  FOLLOWER to CANDIDATE at term 407 for changeToCandidate
2019-10-30 05:53:53,375 [Thread-2692] INFO  impl.RoleInfo (RoleInfo.java:updateAndGet(143)) - 9127dd83-037b-4d39-812f-66db56af525a: start LeaderElection
2019-10-30 05:53:53,389 [9127dd83-037b-4d39-812f-66db56af525a@group-BCADF287A12B-LeaderElection366] INFO  impl.LeaderElection (LeaderElection.java:askForVotes(178)) - 9127dd83-037b-4d39-812f-66db56af525a@group-BCADF287A12B-LeaderElection366: begin an election at term 408 for -1: [7fae3aed-4e76-4283-a599-f93f794625ab:192.168.34.21:41352, 58095e90-3010-492a-9083-43cf2e035c3f:192.168.34.21:45284, 9127dd83-037b-4d39-812f-66db56af525a:192.168.34.21:42063], old=null
2019-10-30 05:53:53,391 [grpc-default-executor-0] INFO  impl.RaftServerImpl (RaftServerImpl.java:setRole(184)) - 7fae3aed-4e76-4283-a599-f93f794625ab@group-BCADF287A12B: changes role from  FOLLOWER to FOLLOWER at term 408 for recognizeCandidate:9127dd83-037b-4d39-812f-66db56af525a
2019-10-30 05:53:53,391 [grpc-default-executor-2] INFO  impl.RaftServerImpl (RaftServerImpl.java:setRole(184)) - 58095e90-3010-492a-9083-43cf2e035c3f@group-BCADF287A12B: changes role from  FOLLOWER to FOLLOWER at term 408 for recognizeCandidate:9127dd83-037b-4d39-812f-66db56af525a
2019-10-30 05:53:53,391 [grpc-default-executor-0] INFO  impl.RoleInfo (RoleInfo.java:shutdownFollowerState(121)) - 7fae3aed-4e76-4283-a599-f93f794625ab: shutdown FollowerState
2019-10-30 05:53:53,391 [grpc-default-executor-2] INFO  impl.RoleInfo (RoleInfo.java:shutdownFollowerState(121)) - 58095e90-3010-492a-9083-43cf2e035c3f: shutdown FollowerState
2019-10-30 05:53:53,391 [Thread-2690] INFO  impl.FollowerState (FollowerState.java:run(117)) - 7fae3aed-4e76-4283-a599-f93f794625ab@group-BCADF287A12B-FollowerState was interrupted: java.lang.InterruptedException: sleep interrupted
2019-10-30 05:53:53,391 [grpc-default-executor-0] INFO  impl.RoleInfo (RoleInfo.java:updateAndGet(143)) - 7fae3aed-4e76-4283-a599-f93f794625ab: start FollowerState
2019-10-30 05:53:53,391 [Thread-2691] INFO  impl.FollowerState (FollowerState.java:run(117)) - 58095e90-3010-492a-9083-43cf2e035c3f@group-BCADF287A12B-FollowerState was interrupted: java.lang.InterruptedException: sleep interrupted
2019-10-30 05:53:53,391 [grpc-default-executor-2] INFO  impl.RoleInfo (RoleInfo.java:updateAndGet(143)) - 58095e90-3010-492a-9083-43cf2e035c3f: start FollowerState
2019-10-30 05:53:53,404 [9127dd83-037b-4d39-812f-66db56af525a@group-BCADF287A12B-LeaderElection366] INFO  impl.LeaderElection (LeaderElection.java:logAndReturn(56)) - 9127dd83-037b-4d39-812f-66db56af525a@group-BCADF287A12B-LeaderElection366: Election REJECTED; received 2 response(s) [9127dd83-037b-4d39-812f-66db56af525a<-7fae3aed-4e76-4283-a599-f93f794625ab#0:FAIL-t408, 9127dd83-037b-4d39-812f-66db56af525a<-58095e90-3010-492a-9083-43cf2e035c3f#0:FAIL-t408] and 0 exception(s); 9127dd83-037b-4d39-812f-66db56af525a@group-BCADF287A12B:t408, leader=null, voted=9127dd83-037b-4d39-812f-66db56af525a, raftlog=9127dd83-037b-4d39-812f-66db56af525a@group-BCADF287A12B-SegmentedRaftLog:OPENED:c-1,f-1,i0, conf=-1: [7fae3aed-4e76-4283-a599-f93f794625ab:192.168.34.21:41352, 58095e90-3010-492a-9083-43cf2e035c3f:192.168.34.21:45284, 9127dd83-037b-4d39-812f-66db56af525a:192.168.34.21:42063], old=null
2019-10-30 05:53:53,405 [9127dd83-037b-4d39-812f-66db56af525a@group-BCADF287A12B-LeaderElection366] INFO  impl.RaftServerImpl (RaftServerImpl.java:setRole(184)) - 9127dd83-037b-4d39-812f-66db56af525a@group-BCADF287A12B: changes role from CANDIDATE to FOLLOWER at term 408 for DISCOVERED_A_NEW_TERM
2019-10-30 05:53:53,405 [9127dd83-037b-4d39-812f-66db56af525a@group-BCADF287A12B-LeaderElection366] INFO  impl.RoleInfo (RoleInfo.java:shutdownLeaderElection(134)) - 9127dd83-037b-4d39-812f-66db56af525a: shutdown LeaderElection
2019-10-30 05:53:53,405 [9127dd83-037b-4d39-812f-66db56af525a@group-BCADF287A12B-LeaderElection366] INFO  impl.RoleInfo (RoleInfo.java:updateAndGet(143)) - 9127dd83-037b-4d39-812f-66db56af525a: start FollowerState
2019-10-30 05:53:53,491 [Thread-2698] INFO  impl.FollowerState (FollowerState.java:run(108)) - 9127dd83-037b-4d39-812f-66db56af525a@group-BCADF287A12B-FollowerState: change to CANDIDATE, lastRpcTime:86ms, electionTimeout:86ms
2019-10-30 05:53:53,491 [Thread-2698] INFO  impl.RoleInfo (RoleInfo.java:shutdownFollowerState(121)) - 9127dd83-037b-4d39-812f-66db56af525a: shutdown FollowerState
2019-10-30 05:53:53,491 [Thread-2698] INFO  impl.RaftServerImpl (RaftServerImpl.java:setRole(184)) - 9127dd83-037b-4d39-812f-66db56af525a@group-BCADF287A12B: changes role from  FOLLOWER to CANDIDATE at term 408 for changeToCandidate
2019-10-30 05:53:53,492 [Thread-2698] INFO  impl.RoleInfo (RoleInfo.java:updateAndGet(143)) - 9127dd83-037b-4d39-812f-66db56af525a: start LeaderElection
2019-10-30 05:53:53,505 [9127dd83-037b-4d39-812f-66db56af525a@group-BCADF287A12B-LeaderElection367] INFO  impl.LeaderElection (LeaderElection.java:askForVotes(178)) - 9127dd83-037b-4d39-812f-66db56af525a@group-BCADF287A12B-LeaderElection367: begin an election at term 409 for -1: [7fae3aed-4e76-4283-a599-f93f794625ab:192.168.34.21:41352, 58095e90-3010-492a-9083-43cf2e035c3f:192.168.34.21:45284, 9127dd83-037b-4d39-812f-66db56af525a:192.168.34.21:42063], old=null
2019-10-30 05:53:53,507 [grpc-default-executor-0] INFO  impl.RaftServerImpl (RaftServerImpl.java:setRole(184)) - 58095e90-3010-492a-9083-43cf2e035c3f@group-BCADF287A12B: changes role from  FOLLOWER to FOLLOWER at term 409 for recognizeCandidate:9127dd83-037b-4d39-812f-66db56af525a
2019-10-30 05:53:53,507 [grpc-default-executor-0] INFO  impl.RoleInfo (RoleInfo.java:shutdownFollowerState(121)) - 58095e90-3010-492a-9083-43cf2e035c3f: shutdown FollowerState
2019-10-30 05:53:53,507 [grpc-default-executor-2] INFO  impl.RaftServerImpl (RaftServerImpl.java:setRole(184)) - 7fae3aed-4e76-4283-a599-f93f794625ab@group-BCADF287A12B: changes role from  FOLLOWER to FOLLOWER at term 409 for recognizeCandidate:9127dd83-037b-4d39-812f-66db56af525a
2019-10-30 05:53:53,507 [grpc-default-executor-2] INFO  impl.RoleInfo (RoleInfo.java:shutdownFollowerState(121)) - 7fae3aed-4e76-4283-a599-f93f794625ab: shutdown FollowerState
2019-10-30 05:53:53,507 [Thread-2697] INFO  impl.FollowerState (FollowerState.java:run(117)) - 58095e90-3010-492a-9083-43cf2e035c3f@group-BCADF287A12B-FollowerState was interrupted: java.lang.InterruptedException: sleep interrupted
2019-10-30 05:53:53,507 [grpc-default-executor-0] INFO  impl.RoleInfo (RoleInfo.java:updateAndGet(143)) - 58095e90-3010-492a-9083-43cf2e035c3f: start FollowerState
2019-10-30 05:53:53,508 [Thread-2696] INFO  impl.FollowerState (FollowerState.java:run(117)) - 7fae3aed-4e76-4283-a599-f93f794625ab@group-BCADF287A12B-FollowerState was interrupted: java.lang.InterruptedException: sleep interrupted
2019-10-30 05:53:53,507 [grpc-default-executor-2] INFO  impl.RoleInfo (RoleInfo.java:updateAndGet(143)) - 7fae3aed-4e76-4283-a599-f93f794625ab: start FollowerState
2019-10-30 05:53:53,520 [9127dd83-037b-4d39-812f-66db56af525a@group-BCADF287A12B-LeaderElection367] INFO  impl.LeaderElection (LeaderElection.java:logAndReturn(56)) - 9127dd83-037b-4d39-812f-66db56af525a@group-BCADF287A12B-LeaderElection367: Election REJECTED; received 2 response(s) [9127dd83-037b-4d39-812f-66db56af525a<-7fae3aed-4e76-4283-a599-f93f794625ab#0:FAIL-t409, 9127dd83-037b-4d39-812f-66db56af525a<-58095e90-3010-492a-9083-43cf2e035c3f#0:FAIL-t409] and 0 exception(s); 9127dd83-037b-4d39-812f-66db56af525a@group-BCADF287A12B:t409, leader=null, voted=9127dd83-037b-4d39-812f-66db56af525a, raftlog=9127dd83-037b-4d39-812f-66db56af525a@group-BCADF287A12B-SegmentedRaftLog:OPENED:c-1,f-1,i0, conf=-1: [7fae3aed-4e76-4283-a599-f93f794625ab:192.168.34.21:41352, 58095e90-3010-492a-9083-43cf2e035c3f:192.168.34.21:45284, 9127dd83-037b-4d39-812f-66db56af525a:192.168.34.21:42063], old=null
2019-10-30 05:53:53,520 [9127dd83-037b-4d39-812f-66db56af525a@group-BCADF287A12B-LeaderElection367] INFO  impl.RaftServerImpl (RaftServerImpl.java:setRole(184)) - 9127dd83-037b-4d39-812f-66db56af525a@group-BCADF287A12B: changes role from CANDIDATE to FOLLOWER at term 409 for DISCOVERED_A_NEW_TERM
2019-10-30 05:53:53,520 [9127dd83-037b-4d39-812f-66db56af525a@group-BCADF287A12B-LeaderElection367] INFO  impl.RoleInfo (RoleInfo.java:shutdownLeaderElection(134)) - 9127dd83-037b-4d39-812f-66db56af525a: shutdown LeaderElection
2019-10-30 05:53:53,520 [9127dd83-037b-4d39-812f-66db56af525a@group-BCADF287A12B-LeaderElection367] INFO  impl.RoleInfo (RoleInfo.java:updateAndGet(143)) - 9127dd83-037b-4d39-812f-66db56af525a: start FollowerState
2019-10-30 05:53:53,522 [Thread-2704] INFO  impl.FollowerState (FollowerState.java:run(108)) - 9127dd83-037b-4d39-812f-66db56af525a@group-BCADF287A12B-FollowerState: change to CANDIDATE, lastRpcTime:1ms, electionTimeout:1ms
2019-10-30 05:53:53,522 [Thread-2704] INFO  impl.RoleInfo (RoleInfo.java:shutdownFollowerState(121)) - 9127dd83-037b-4d39-812f-66db56af525a: shutdown FollowerState
2019-10-30 05:53:53,522 [Thread-2704] INFO  impl.RaftServerImpl (RaftServerImpl.java:setRole(184)) - 9127dd83-037b-4d39-812f-66db56af525a@group-BCADF287A12B: changes role from  FOLLOWER to CANDIDATE at term 409 for changeToCandidate
2019-10-30 05:53:53,522 [Thread-2704] INFO  impl.RoleInfo (RoleInfo.java:updateAndGet(143)) - 9127dd83-037b-4d39-812f-66db56af525a: start LeaderElection
2019-10-30 05:53:53,540 [9127dd83-037b-4d39-812f-66db56af525a@group-BCADF287A12B-LeaderElection368] INFO  impl.LeaderElection (LeaderElection.java:askForVotes(178)) - 9127dd83-037b-4d39-812f-66db56af525a@group-BCADF287A12B-LeaderElection368: begin an election at term 410 for -1: [7fae3aed-4e76-4283-a599-f93f794625ab:192.168.34.21:41352, 58095e90-3010-492a-9083-43cf2e035c3f:192.168.34.21:45284, 9127dd83-037b-4d39-812f-66db56af525a:192.168.34.21:42063], old=null
2019-10-30 05:53:53,541 [grpc-default-executor-0] INFO  impl.RaftServerImpl (RaftServerImpl.java:setRole(184)) - 58095e90-3010-492a-9083-43cf2e035c3f@group-BCADF287A12B: changes role from  FOLLOWER to FOLLOWER at term 410 for recognizeCandidate:9127dd83-037b-4d39-812f-66db56af525a
2019-10-30 05:53:53,541 [grpc-default-executor-2] INFO  impl.RaftServerImpl (RaftServerImpl.java:setRole(184)) - 7fae3aed-4e76-4283-a599-f93f794625ab@group-BCADF287A12B: changes role from  FOLLOWER to FOLLOWER at term 410 for recognizeCandidate:9127dd83-037b-4d39-812f-66db56af525a
2019-10-30 05:53:53,542 [grpc-default-executor-0] INFO  impl.RoleInfo (RoleInfo.java:shutdownFollowerState(121)) - 58095e90-3010-492a-9083-43cf2e035c3f: shutdown FollowerState
2019-10-30 05:53:53,542 [grpc-default-executor-2] INFO  impl.RoleInfo (RoleInfo.java:shutdownFollowerState(121)) - 7fae3aed-4e76-4283-a599-f93f794625ab: shutdown FollowerState
2019-10-30 05:53:53,542 [Thread-2702] INFO  impl.FollowerState (FollowerState.java:run(117)) - 58095e90-3010-492a-9083-43cf2e035c3f@group-BCADF287A12B-FollowerState was interrupted: java.lang.InterruptedException: sleep interrupted
2019-10-30 05:53:53,542 [grpc-default-executor-2] INFO  impl.RoleInfo (RoleInfo.java:updateAndGet(143)) - 7fae3aed-4e76-4283-a599-f93f794625ab: start FollowerState
2019-10-30 05:53:53,542 [grpc-default-executor-0] INFO  impl.RoleInfo (RoleInfo.java:updateAndGet(143)) - 58095e90-3010-492a-9083-43cf2e035c3f: start FollowerState
2019-10-30 05:53:53,542 [Thread-2703] INFO  impl.FollowerState (FollowerState.java:run(117)) - 7fae3aed-4e76-4283-a599-f93f794625ab@group-BCADF287A12B-FollowerState was interrupted: java.lang.InterruptedException: sleep interrupted
2019-10-30 05:53:53,558 [9127dd83-037b-4d39-812f-66db56af525a@group-BCADF287A12B-LeaderElection368] INFO  impl.LeaderElection (LeaderElection.java:logAndReturn(56)) - 9127dd83-037b-4d39-812f-66db56af525a@group-BCADF287A12B-LeaderElection368: Election REJECTED; received 2 response(s) [9127dd83-037b-4d39-812f-66db56af525a<-7fae3aed-4e76-4283-a599-f93f794625ab#0:FAIL-t410, 9127dd83-037b-4d39-812f-66db56af525a<-58095e90-3010-492a-9083-43cf2e035c3f#0:FAIL-t410] and 0 exception(s); 9127dd83-037b-4d39-812f-66db56af525a@group-BCADF287A12B:t410, leader=null, voted=9127dd83-037b-4d39-812f-66db56af525a, raftlog=9127dd83-037b-4d39-812f-66db56af525a@group-BCADF287A12B-SegmentedRaftLog:OPENED:c-1,f-1,i0, conf=-1: [7fae3aed-4e76-4283-a599-f93f794625ab:192.168.34.21:41352, 58095e90-3010-492a-9083-43cf2e035c3f:192.168.34.21:45284, 9127dd83-037b-4d39-812f-66db56af525a:192.168.34.21:42063], old=null
2019-10-30 05:53:53,558 [9127dd83-037b-4d39-812f-66db56af525a@group-BCADF287A12B-LeaderElection368] INFO  impl.RaftServerImpl (RaftServerImpl.java:setRole(184)) - 9127dd83-037b-4d39-812f-66db56af525a@group-BCADF287A12B: changes role from CANDIDATE to FOLLOWER at term 410 for DISCOVERED_A_NEW_TERM
2019-10-30 05:53:53,559 [9127dd83-037b-4d39-812f-66db56af525a@group-BCADF287A12B-LeaderElection368] INFO  impl.RoleInfo (RoleInfo.java:shutdownLeaderElection(134)) - 9127dd83-037b-4d39-812f-66db56af525a: shutdown LeaderElection
2019-10-30 05:53:53,559 [9127dd83-037b-4d39-812f-66db56af525a@group-BCADF287A12B-LeaderElection368] INFO  impl.RoleInfo (RoleInfo.java:updateAndGet(143)) - 9127dd83-037b-4d39-812f-66db56af525a: start FollowerState
2019-10-30 05:53:53,739 [Thread-2711] INFO  impl.FollowerState (FollowerState.java:run(108)) - 9127dd83-037b-4d39-812f-66db56af525a@group-BCADF287A12B-FollowerState: change to CANDIDATE, lastRpcTime:180ms, electionTimeout:180ms
2019-10-30 05:53:53,739 [Thread-2711] INFO  impl.RoleInfo (RoleInfo.java:shutdownFollowerState(121)) - 9127dd83-037b-4d39-812f-66db56af525a: shutdown FollowerState
2019-10-30 05:53:53,739 [Thread-2711] INFO  impl.RaftServerImpl (RaftServerImpl.java:setRole(184)) - 9127dd83-037b-4d39-812f-66db56af525a@group-BCADF287A12B: changes role from  FOLLOWER to CANDIDATE at term 410 for changeToCandidate
2019-10-30 05:53:53,740 [Thread-2711] INFO  impl.RoleInfo (RoleInfo.java:updateAndGet(143)) - 9127dd83-037b-4d39-812f-66db56af525a: start LeaderElection
2019-10-30 05:53:53,753 [9127dd83-037b-4d39-812f-66db56af525a@group-BCADF287A12B-LeaderElection369] INFO  impl.LeaderElection (LeaderElection.java:askForVotes(178)) - 9127dd83-037b-4d39-812f-66db56af525a@group-BCADF287A12B-LeaderElection369: begin an election at term 411 for -1: [7fae3aed-4e76-4283-a599-f93f794625ab:192.168.34.21:41352, 58095e90-3010-492a-9083-43cf2e035c3f:192.168.34.21:45284, 9127dd83-037b-4d39-812f-66db56af525a:192.168.34.21:42063], old=null
2019-10-30 05:53:53,755 [grpc-default-executor-2] INFO  impl.RaftServerImpl (RaftServerImpl.java:setRole(184)) - 58095e90-3010-492a-9083-43cf2e035c3f@group-BCADF287A12B: changes role from  FOLLOWER to FOLLOWER at term 411 for recognizeCandidate:9127dd83-037b-4d39-812f-66db56af525a
2019-10-30 05:53:53,755 [grpc-default-executor-0] INFO  impl.RaftServerImpl (RaftServerImpl.java:setRole(184)) - 7fae3aed-4e76-4283-a599-f93f794625ab@group-BCADF287A12B: changes role from  FOLLOWER to FOLLOWER at term 411 for recognizeCandidate:9127dd83-037b-4d39-812f-66db56af525a
2019-10-30 05:53:53,755 [grpc-default-executor-2] INFO  impl.RoleInfo (RoleInfo.java:shutdownFollowerState(121)) - 58095e90-3010-492a-9083-43cf2e035c3f: shutdown FollowerState
2019-10-30 05:53:53,755 [grpc-default-executor-0] INFO  impl.RoleInfo (RoleInfo.java:shutdownFollowerState(121)) - 7fae3aed-4e76-4283-a599-f93f794625ab: shutdown FollowerState
2019-10-30 05:53:53,755 [Thread-2708] INFO  impl.FollowerState (FollowerState.java:run(117)) - 58095e90-3010-492a-9083-43cf2e035c3f@group-BCADF287A12B-FollowerState was interrupted: java.lang.InterruptedException: sleep interrupted
2019-10-30 05:53:53,755 [grpc-default-executor-2] INFO  impl.RoleInfo (RoleInfo.java:updateAndGet(143)) - 58095e90-3010-492a-9083-43cf2e035c3f: start FollowerState
2019-10-30 05:53:53,755 [Thread-2709] INFO  impl.FollowerState (FollowerState.java:run(117)) - 7fae3aed-4e76-4283-a599-f93f794625ab@group-BCADF287A12B-FollowerState was interrupted: java.lang.InterruptedException: sleep interrupted
2019-10-30 05:53:53,755 [grpc-default-executor-0] INFO  impl.RoleInfo (RoleInfo.java:updateAndGet(143)) - 7fae3aed-4e76-4283-a599-f93f794625ab: start FollowerState
2019-10-30 05:53:53,766 [9127dd83-037b-4d39-812f-66db56af525a@group-BCADF287A12B-LeaderElection369] INFO  impl.LeaderElection (LeaderElection.java:logAndReturn(56)) - 9127dd83-037b-4d39-812f-66db56af525a@group-BCADF287A12B-LeaderElection369: Election REJECTED; received 2 response(s) [9127dd83-037b-4d39-812f-66db56af525a<-7fae3aed-4e76-4283-a599-f93f794625ab#0:FAIL-t411, 9127dd83-037b-4d39-812f-66db56af525a<-58095e90-3010-492a-9083-43cf2e035c3f#0:FAIL-t411] and 0 exception(s); 9127dd83-037b-4d39-812f-66db56af525a@group-BCADF287A12B:t411, leader=null, voted=9127dd83-037b-4d39-812f-66db56af525a, raftlog=9127dd83-037b-4d39-812f-66db56af525a@group-BCADF287A12B-SegmentedRaftLog:OPENED:c-1,f-1,i0, conf=-1: [7fae3aed-4e76-4283-a599-f93f794625ab:192.168.34.21:41352, 58095e90-3010-492a-9083-43cf2e035c3f:192.168.34.21:45284, 9127dd83-037b-4d39-812f-66db56af525a:192.168.34.21:42063], old=null
2019-10-30 05:53:53,766 [9127dd83-037b-4d39-812f-66db56af525a@group-BCADF287A12B-LeaderElection369] INFO  impl.RaftServerImpl (RaftServerImpl.java:setRole(184)) - 9127dd83-037b-4d39-812f-66db56af525a@group-BCADF287A12B: changes role from CANDIDATE to FOLLOWER at term 411 for DISCOVERED_A_NEW_TERM
2019-10-30 05:53:53,766 [9127dd83-037b-4d39-812f-66db56af525a@group-BCADF287A12B-LeaderElection369] INFO  impl.RoleInfo (RoleInfo.java:shutdownLeaderElection(134)) - 9127dd83-037b-4d39-812f-66db56af525a: shutdown LeaderElection
2019-10-30 05:53:53,766 [9127dd83-037b-4d39-812f-66db56af525a@group-BCADF287A12B-LeaderElection369] INFO  impl.RoleInfo (RoleInfo.java:updateAndGet(143)) - 9127dd83-037b-4d39-812f-66db56af525a: start FollowerState
2019-10-30 05:53:53,792 [Thread-2718] INFO  impl.FollowerState (FollowerState.java:run(108)) - 9127dd83-037b-4d39-812f-66db56af525a@group-BCADF287A12B-FollowerState: change to CANDIDATE, lastRpcTime:25ms, electionTimeout:25ms
2019-10-30 05:53:53,792 [Thread-2718] INFO  impl.RoleInfo (RoleInfo.java:shutdownFollowerState(121)) - 9127dd83-037b-4d39-812f-66db56af525a: shutdown FollowerState
2019-10-30 05:53:53,792 [Thread-2718] INFO  impl.RaftServerImpl (RaftServerImpl.java:setRole(184)) - 9127dd83-037b-4d39-812f-66db56af525a@group-BCADF287A12B: changes role from  FOLLOWER to CANDIDATE at term 411 for changeToCandidate
2019-10-30 05:53:53,792 [Thread-2718] INFO  impl.RoleInfo (RoleInfo.java:updateAndGet(143)) - 9127dd83-037b-4d39-812f-66db56af525a: start LeaderElection
2019-10-30 05:53:53,811 [9127dd83-037b-4d39-812f-66db56af525a@group-BCADF287A12B-LeaderElection370] INFO  impl.LeaderElection (LeaderElection.java:askForVotes(178)) - 9127dd83-037b-4d39-812f-66db56af525a@group-BCADF287A12B-LeaderElection370: begin an election at term 412 for -1: [7fae3aed-4e76-4283-a599-f93f794625ab:192.168.34.21:41352, 58095e90-3010-492a-9083-43cf2e035c3f:192.168.34.21:45284, 9127dd83-037b-4d39-812f-66db56af525a:192.168.34.21:42063], old=null
2019-10-30 05:53:53,813 [grpc-default-executor-2] INFO  impl.RaftServerImpl (RaftServerImpl.java:setRole(184)) - 58095e90-3010-492a-9083-43cf2e035c3f@group-BCADF287A12B: changes role from  FOLLOWER to FOLLOWER at term 412 for recognizeCandidate:9127dd83-037b-4d39-812f-66db56af525a
2019-10-30 05:53:53,813 [grpc-default-executor-0] INFO  impl.RaftServerImpl (RaftServerImpl.java:setRole(184)) - 7fae3aed-4e76-4283-a599-f93f794625ab@group-BCADF287A12B: changes role from  FOLLOWER to FOLLOWER at term 412 for recognizeCandidate:9127dd83-037b-4d39-812f-66db56af525a
2019-10-30 05:53:53,813 [grpc-default-executor-0] INFO  impl.RoleInfo (RoleInfo.java:shutdownFollowerState(121)) - 7fae3aed-4e76-4283-a599-f93f794625ab: shutdown FollowerState
2019-10-30 05:53:53,813 [grpc-default-executor-2] INFO  impl.RoleInfo (RoleInfo.java:shutdownFollowerState(121)) - 58095e90-3010-492a-9083-43cf2e035c3f: shutdown FollowerState
2019-10-30 05:53:53,813 [Thread-2717] INFO  impl.FollowerState (FollowerState.java:run(117)) - 7fae3aed-4e76-4283-a599-f93f794625ab@group-BCADF287A12B-FollowerState was interrupted: java.lang.InterruptedException: sleep interrupted
2019-10-30 05:53:53,813 [grpc-default-executor-0] INFO  impl.RoleInfo (RoleInfo.java:updateAndGet(143)) - 7fae3aed-4e76-4283-a599-f93f794625ab: start FollowerState
2019-10-30 05:53:53,813 [Thread-2716] INFO  impl.FollowerState (FollowerState.java:run(117)) - 58095e90-3010-492a-9083-43cf2e035c3f@group-BCADF287A12B-FollowerState was interrupted: java.lang.InterruptedException: sleep interrupted
2019-10-30 05:53:53,813 [grpc-default-executor-2] INFO  impl.RoleInfo (RoleInfo.java:updateAndGet(143)) - 58095e90-3010-492a-9083-43cf2e035c3f: start FollowerState
2019-10-30 05:53:53,827 [9127dd83-037b-4d39-812f-66db56af525a@group-BCADF287A12B-LeaderElection370] INFO  impl.LeaderElection (LeaderElection.java:logAndReturn(56)) - 9127dd83-037b-4d39-812f-66db56af525a@group-BCADF287A12B-LeaderElection370: Election REJECTED; received 2 response(s) [9127dd83-037b-4d39-812f-66db56af525a<-7fae3aed-4e76-4283-a599-f93f794625ab#0:FAIL-t412, 9127dd83-037b-4d39-812f-66db56af525a<-58095e90-3010-492a-9083-43cf2e035c3f#0:FAIL-t412] and 0 exception(s); 9127dd83-037b-4d39-812f-66db56af525a@group-BCADF287A12B:t412, leader=null, voted=9127dd83-037b-4d39-812f-66db56af525a, raftlog=9127dd83-037b-4d39-812f-66db56af525a@group-BCADF287A12B-SegmentedRaftLog:OPENED:c-1,f-1,i0, conf=-1: [7fae3aed-4e76-4283-a599-f93f794625ab:192.168.34.21:41352, 58095e90-3010-492a-9083-43cf2e035c3f:192.168.34.21:45284, 9127dd83-037b-4d39-812f-66db56af525a:192.168.34.21:42063], old=null
2019-10-30 05:53:53,827 [9127dd83-037b-4d39-812f-66db56af525a@group-BCADF287A12B-LeaderElection370] INFO  impl.RaftServerImpl (RaftServerImpl.java:setRole(184)) - 9127dd83-037b-4d39-812f-66db56af525a@group-BCADF287A12B: changes role from CANDIDATE to FOLLOWER at term 412 for DISCOVERED_A_NEW_TERM
2019-10-30 05:53:53,827 [9127dd83-037b-4d39-812f-66db56af525a@group-BCADF287A12B-LeaderElection370] INFO  impl.RoleInfo (RoleInfo.java:shutdownLeaderElection(134)) - 9127dd83-037b-4d39-812f-66db56af525a: shutdown LeaderElection
2019-10-30 05:53:53,827 [9127dd83-037b-4d39-812f-66db56af525a@group-BCADF287A12B-LeaderElection370] INFO  impl.RoleInfo (RoleInfo.java:updateAndGet(143)) - 9127dd83-037b-4d39-812f-66db56af525a: start FollowerState
2019-10-30 05:53:54,026 [Thread-2724] INFO  impl.FollowerState (FollowerState.java:run(108)) - 9127dd83-037b-4d39-812f-66db56af525a@group-BCADF287A12B-FollowerState: change to CANDIDATE, lastRpcTime:199ms, electionTimeout:199ms
2019-10-30 05:53:54,026 [Thread-2724] INFO  impl.RoleInfo (RoleInfo.java:shutdownFollowerState(121)) - 9127dd83-037b-4d39-812f-66db56af525a: shutdown FollowerState
2019-10-30 05:53:54,027 [Thread-2724] INFO  impl.RaftServerImpl (RaftServerImpl.java:setRole(184)) - 9127dd83-037b-4d39-812f-66db56af525a@group-BCADF287A12B: changes role from  FOLLOWER to CANDIDATE at term 412 for changeToCandidate
2019-10-30 05:53:54,027 [Thread-2724] INFO  impl.RoleInfo (RoleInfo.java:updateAndGet(143)) - 9127dd83-037b-4d39-812f-66db56af525a: start LeaderElection
2019-10-30 05:53:54,040 [9127dd83-037b-4d39-812f-66db56af525a@group-BCADF287A12B-LeaderElection371] INFO  impl.LeaderElection (LeaderElection.java:askForVotes(178)) - 9127dd83-037b-4d39-812f-66db56af525a@group-BCADF287A12B-LeaderElection371: begin an election at term 413 for -1: [7fae3aed-4e76-4283-a599-f93f794625ab:192.168.34.21:41352, 58095e90-3010-492a-9083-43cf2e035c3f:192.168.34.21:45284, 9127dd83-037b-4d39-812f-66db56af525a:192.168.34.21:42063], old=null
2019-10-30 05:53:54,042 [grpc-default-executor-2] INFO  impl.RaftServerImpl (RaftServerImpl.java:setRole(184)) - 7fae3aed-4e76-4283-a599-f93f794625ab@group-BCADF287A12B: changes role from  FOLLOWER to FOLLOWER at term 413 for recognizeCandidate:9127dd83-037b-4d39-812f-66db56af525a
2019-10-30 05:53:54,042 [grpc-default-executor-2] INFO  impl.RoleInfo (RoleInfo.java:shutdownFollowerState(121)) - 7fae3aed-4e76-4283-a599-f93f794625ab: shutdown FollowerState
2019-10-30 05:53:54,042 [grpc-default-executor-0] INFO  impl.RaftServerImpl (RaftServerImpl.java:setRole(184)) - 58095e90-3010-492a-9083-43cf2e035c3f@group-BCADF287A12B: changes role from  FOLLOWER to FOLLOWER at term 413 for recognizeCandidate:9127dd83-037b-4d39-812f-66db56af525a
2019-10-30 05:53:54,042 [Thread-2722] INFO  impl.FollowerState (FollowerState.java:run(117)) - 7fae3aed-4e76-4283-a599-f93f794625ab@group-BCADF287A12B-FollowerState was interrupted: java.lang.InterruptedException: sleep interrupted
2019-10-30 05:53:54,042 [grpc-default-executor-2] INFO  impl.RoleInfo (RoleInfo.java:updateAndGet(143)) - 7fae3aed-4e76-4283-a599-f93f794625ab: start FollowerState
2019-10-30 05:53:54,042 [grpc-default-executor-0] INFO  impl.RoleInfo (RoleInfo.java:shutdownFollowerState(121)) - 58095e90-3010-492a-9083-43cf2e035c3f: shutdown FollowerState
2019-10-30 05:53:54,042 [grpc-default-executor-0] INFO  impl.RoleInfo (RoleInfo.java:updateAndGet(143)) - 58095e90-3010-492a-9083-43cf2e035c3f: start FollowerState
2019-10-30 05:53:54,042 [Thread-2723] INFO  impl.FollowerState (FollowerState.java:run(117)) - 58095e90-3010-492a-9083-43cf2e035c3f@group-BCADF287A12B-FollowerState was interrupted: java.lang.InterruptedException: sleep interrupted
2019-10-30 05:53:54,101 [9127dd83-037b-4d39-812f-66db56af525a@group-BCADF287A12B-LeaderElection371] INFO  impl.LeaderElection (LeaderElection.java:logAndReturn(56)) - 9127dd83-037b-4d39-812f-66db56af525a@group-BCADF287A12B-LeaderElection371: Election REJECTED; received 2 response(s) [9127dd83-037b-4d39-812f-66db56af525a<-7fae3aed-4e76-4283-a599-f93f794625ab#0:FAIL-t413, 9127dd83-037b-4d39-812f-66db56af525a<-58095e90-3010-492a-9083-43cf2e035c3f#0:FAIL-t413] and 0 exception(s); 9127dd83-037b-4d39-812f-66db56af525a@group-BCADF287A12B:t413, leader=null, voted=9127dd83-037b-4d39-812f-66db56af525a, raftlog=9127dd83-037b-4d39-812f-66db56af525a@group-BCADF287A12B-SegmentedRaftLog:OPENED:c-1,f-1,i0, conf=-1: [7fae3aed-4e76-4283-a599-f93f794625ab:192.168.34.21:41352, 58095e90-3010-492a-9083-43cf2e035c3f:192.168.34.21:45284, 9127dd83-037b-4d39-812f-66db56af525a:192.168.34.21:42063], old=null
2019-10-30 05:53:54,101 [9127dd83-037b-4d39-812f-66db56af525a@group-BCADF287A12B-LeaderElection371] INFO  impl.RaftServerImpl (RaftServerImpl.java:setRole(184)) - 9127dd83-037b-4d39-812f-66db56af525a@group-BCADF287A12B: changes role from CANDIDATE to FOLLOWER at term 413 for DISCOVERED_A_NEW_TERM
2019-10-30 05:53:54,101 [9127dd83-037b-4d39-812f-66db56af525a@group-BCADF287A12B-LeaderElection371] INFO  impl.RoleInfo (RoleInfo.java:shutdownLeaderElection(134)) - 9127dd83-037b-4d39-812f-66db56af525a: shutdown LeaderElection
2019-10-30 05:53:54,101 [9127dd83-037b-4d39-812f-66db56af525a@group-BCADF287A12B-LeaderElection371] INFO  impl.RoleInfo (RoleInfo.java:updateAndGet(143)) - 9127dd83-037b-4d39-812f-66db56af525a: start FollowerState
2019-10-30 05:53:54,232 [Thread-2730] INFO  impl.FollowerState (FollowerState.java:run(108)) - 9127dd83-037b-4d39-812f-66db56af525a@group-BCADF287A12B-FollowerState: change to CANDIDATE, lastRpcTime:131ms, electionTimeout:131ms
2019-10-30 05:53:54,233 [Thread-2730] INFO  impl.RoleInfo (RoleInfo.java:shutdownFollowerState(121)) - 9127dd83-037b-4d39-812f-66db56af525a: shutdown FollowerState
2019-10-30 05:53:54,233 [Thread-2730] INFO  impl.RaftServerImpl (RaftServerImpl.java:setRole(184)) - 9127dd83-037b-4d39-812f-66db56af525a@group-BCADF287A12B: changes role from  FOLLOWER to CANDIDATE at term 413 for changeToCandidate
2019-10-30 05:53:54,233 [Thread-2730] INFO  impl.RoleInfo (RoleInfo.java:updateAndGet(143)) - 9127dd83-037b-4d39-812f-66db56af525a: start LeaderElection
2019-10-30 05:53:54,246 [9127dd83-037b-4d39-812f-66db56af525a@group-BCADF287A12B-LeaderElection372] INFO  impl.LeaderElection (LeaderElection.java:askForVotes(178)) - 9127dd83-037b-4d39-812f-66db56af525a@group-BCADF287A12B-LeaderElection372: begin an election at term 414 for -1: [7fae3aed-4e76-4283-a599-f93f794625ab:192.168.34.21:41352, 58095e90-3010-492a-9083-43cf2e035c3f:192.168.34.21:45284, 9127dd83-037b-4d39-812f-66db56af525a:192.168.34.21:42063], old=null
2019-10-30 05:53:54,248 [grpc-default-executor-0] INFO  impl.RaftServerImpl (RaftServerImpl.java:setRole(184)) - 58095e90-3010-492a-9083-43cf2e035c3f@group-BCADF287A12B: changes role from  FOLLOWER to FOLLOWER at term 414 for recognizeCandidate:9127dd83-037b-4d39-812f-66db56af525a
2019-10-30 05:53:54,248 [grpc-default-executor-2] INFO  impl.RaftServerImpl (RaftServerImpl.java:setRole(184)) - 7fae3aed-4e76-4283-a599-f93f794625ab@group-BCADF287A12B: changes role from  FOLLOWER to FOLLOWER at term 414 for recognizeCandidate:9127dd83-037b-4d39-812f-66db56af525a
2019-10-30 05:53:54,248 [grpc-default-executor-2] INFO  impl.RoleInfo (RoleInfo.java:shutdownFollowerState(121)) - 7fae3aed-4e76-4283-a599-f93f794625ab: shutdown FollowerState
2019-10-30 05:53:54,248 [grpc-default-executor-0] INFO  impl.RoleInfo (RoleInfo.java:shutdownFollowerState(121)) - 58095e90-3010-492a-9083-43cf2e035c3f: shutdown FollowerState
2019-10-30 05:53:54,248 [Thread-2728] INFO  impl.FollowerState (FollowerState.java:run(117)) - 7fae3aed-4e76-4283-a599-f93f794625ab@group-BCADF287A12B-FollowerState was interrupted: java.lang.InterruptedException: sleep interrupted
2019-10-30 05:53:54,248 [grpc-default-executor-2] INFO  impl.RoleInfo (RoleInfo.java:updateAndGet(143)) - 7fae3aed-4e76-4283-a599-f93f794625ab: start FollowerState
2019-10-30 05:53:54,248 [Thread-2729] INFO  impl.FollowerState (FollowerState.java:run(117)) - 58095e90-3010-492a-9083-43cf2e035c3f@group-BCADF287A12B-FollowerState was interrupted: java.lang.InterruptedException: sleep interrupted
2019-10-30 05:53:54,248 [grpc-default-executor-0] INFO  impl.RoleInfo (RoleInfo.java:updateAndGet(143)) - 58095e90-3010-492a-9083-43cf2e035c3f: start FollowerState
2019-10-30 05:53:54,255 [9127dd83-037b-4d39-812f-66db56af525a@group-BCADF287A12B-LeaderElection372] INFO  impl.LeaderElection (LeaderElection.java:logAndReturn(56)) - 9127dd83-037b-4d39-812f-66db56af525a@group-BCADF287A12B-LeaderElection372: Election TIMEOUT; received 0 response(s) [] and 0 exception(s); 9127dd83-037b-4d39-812f-66db56af525a@group-BCADF287A12B:t414, leader=null, voted=9127dd83-037b-4d39-812f-66db56af525a, raftlog=9127dd83-037b-4d39-812f-66db56af525a@group-BCADF287A12B-SegmentedRaftLog:OPENED:c-1,f-1,i0, conf=-1: [7fae3aed-4e76-4283-a599-f93f794625ab:192.168.34.21:41352, 58095e90-3010-492a-9083-43cf2e035c3f:192.168.34.21:45284, 9127dd83-037b-4d39-812f-66db56af525a:192.168.34.21:42063], old=null
2019-10-30 05:53:54,263 [9127dd83-037b-4d39-812f-66db56af525a@group-BCADF287A12B-LeaderElection372] INFO  impl.LeaderElection (LeaderElection.java:askForVotes(178)) - 9127dd83-037b-4d39-812f-66db56af525a@group-BCADF287A12B-LeaderElection372: begin an election at term 415 for -1: [7fae3aed-4e76-4283-a599-f93f794625ab:192.168.34.21:41352, 58095e90-3010-492a-9083-43cf2e035c3f:192.168.34.21:45284, 9127dd83-037b-4d39-812f-66db56af525a:192.168.34.21:42063], old=null
2019-10-30 05:53:54,265 [grpc-default-executor-0] INFO  impl.RaftServerImpl (RaftServerImpl.java:setRole(184)) - 7fae3aed-4e76-4283-a599-f93f794625ab@group-BCADF287A12B: changes role from  FOLLOWER to FOLLOWER at term 415 for recognizeCandidate:9127dd83-037b-4d39-812f-66db56af525a
2019-10-30 05:53:54,265 [grpc-default-executor-0] INFO  impl.RoleInfo (RoleInfo.java:shutdownFollowerState(121)) - 7fae3aed-4e76-4283-a599-f93f794625ab: shutdown FollowerState
2019-10-30 05:53:54,265 [grpc-default-executor-2] INFO  impl.RaftServerImpl (RaftServerImpl.java:setRole(184)) - 58095e90-3010-492a-9083-43cf2e035c3f@group-BCADF287A12B: changes role from  FOLLOWER to FOLLOWER at term 415 for recognizeCandidate:9127dd83-037b-4d39-812f-66db56af525a
2019-10-30 05:53:54,265 [Thread-2734] INFO  impl.FollowerState (FollowerState.java:run(117)) - 7fae3aed-4e76-4283-a599-f93f794625ab@group-BCADF287A12B-FollowerState was interrupted: java.lang.InterruptedException: sleep interrupted
2019-10-30 05:53:54,265 [grpc-default-executor-0] INFO  impl.RoleInfo (RoleInfo.java:updateAndGet(143)) - 7fae3aed-4e76-4283-a599-f93f794625ab: start FollowerState
2019-10-30 05:53:54,265 [grpc-default-executor-2] INFO  impl.RoleInfo (RoleInfo.java:shutdownFollowerState(121)) - 58095e90-3010-492a-9083-43cf2e035c3f: shutdown FollowerState
2019-10-30 05:53:54,266 [grpc-default-executor-2] INFO  impl.RoleInfo (RoleInfo.java:updateAndGet(143)) - 58095e90-3010-492a-9083-43cf2e035c3f: start FollowerState
2019-10-30 05:53:54,266 [Thread-2735] INFO  impl.FollowerState (FollowerState.java:run(117)) - 58095e90-3010-492a-9083-43cf2e035c3f@group-BCADF287A12B-FollowerState was interrupted: java.lang.InterruptedException: sleep interrupted
2019-10-30 05:53:54,279 [9127dd83-037b-4d39-812f-66db56af525a@group-BCADF287A12B-LeaderElection372] INFO  impl.LeaderElection (LeaderElection.java:logAndReturn(56)) - 9127dd83-037b-4d39-812f-66db56af525a@group-BCADF287A12B-LeaderElection372: Election REJECTED; received 2 response(s) [9127dd83-037b-4d39-812f-66db56af525a<-7fae3aed-4e76-4283-a599-f93f794625ab#0:FAIL-t415, 9127dd83-037b-4d39-812f-66db56af525a<-58095e90-3010-492a-9083-43cf2e035c3f#0:FAIL-t415] and 0 exception(s); 9127dd83-037b-4d39-812f-66db56af525a@group-BCADF287A12B:t415, leader=null, voted=9127dd83-037b-4d39-812f-66db56af525a, raftlog=9127dd83-037b-4d39-812f-66db56af525a@group-BCADF287A12B-SegmentedRaftLog:OPENED:c-1,f-1,i0, conf=-1: [7fae3aed-4e76-4283-a599-f93f794625ab:192.168.34.21:41352, 58095e90-3010-492a-9083-43cf2e035c3f:192.168.34.21:45284, 9127dd83-037b-4d39-812f-66db56af525a:192.168.34.21:42063], old=null
2019-10-30 05:53:54,279 [9127dd83-037b-4d39-812f-66db56af525a@group-BCADF287A12B-LeaderElection372] INFO  impl.RaftServerImpl (RaftServerImpl.java:setRole(184)) - 9127dd83-037b-4d39-812f-66db56af525a@group-BCADF287A12B: changes role from CANDIDATE to FOLLOWER at term 415 for DISCOVERED_A_NEW_TERM
2019-10-30 05:53:54,280 [9127dd83-037b-4d39-812f-66db56af525a@group-BCADF287A12B-LeaderElection372] INFO  impl.RoleInfo (RoleInfo.java:shutdownLeaderElection(134)) - 9127dd83-037b-4d39-812f-66db56af525a: shutdown LeaderElection
2019-10-30 05:53:54,280 [9127dd83-037b-4d39-812f-66db56af525a@group-BCADF287A12B-LeaderElection372] INFO  impl.RoleInfo (RoleInfo.java:updateAndGet(143)) - 9127dd83-037b-4d39-812f-66db56af525a: start FollowerState
2019-10-30 05:53:54,460 [Thread-2740] INFO  impl.FollowerState (FollowerState.java:run(108)) - 9127dd83-037b-4d39-812f-66db56af525a@group-BCADF287A12B-FollowerState: change to CANDIDATE, lastRpcTime:180ms, electionTimeout:179ms
2019-10-30 05:53:54,460 [Thread-2740] INFO  impl.RoleInfo (RoleInfo.java:shutdownFollowerState(121)) - 9127dd83-037b-4d39-812f-66db56af525a: shutdown FollowerState
2019-10-30 05:53:54,460 [Thread-2740] INFO  impl.RaftServerImpl (RaftServerImpl.java:setRole(184)) - 9127dd83-037b-4d39-812f-66db56af525a@group-BCADF287A12B: changes role from  FOLLOWER to CANDIDATE at term 415 for changeToCandidate
2019-10-30 05:53:54,461 [Thread-2740] INFO  impl.RoleInfo (RoleInfo.java:updateAndGet(143)) - 9127dd83-037b-4d39-812f-66db56af525a: start LeaderElection
2019-10-30 05:53:54,473 [9127dd83-037b-4d39-812f-66db56af525a@group-BCADF287A12B-LeaderElection373] INFO  impl.LeaderElection (LeaderElection.java:askForVotes(178)) - 9127dd83-037b-4d39-812f-66db56af525a@group-BCADF287A12B-LeaderElection373: begin an election at term 416 for -1: [7fae3aed-4e76-4283-a599-f93f794625ab:192.168.34.21:41352, 58095e90-3010-492a-9083-43cf2e035c3f:192.168.34.21:45284, 9127dd83-037b-4d39-812f-66db56af525a:192.168.34.21:42063], old=null
2019-10-30 05:53:54,475 [grpc-default-executor-0] INFO  impl.RaftServerImpl (RaftServerImpl.java:setRole(184)) - 58095e90-3010-492a-9083-43cf2e035c3f@group-BCADF287A12B: changes role from  FOLLOWER to FOLLOWER at term 416 for recognizeCandidate:9127dd83-037b-4d39-812f-66db56af525a
2019-10-30 05:53:54,475 [grpc-default-executor-2] INFO  impl.RaftServerImpl (RaftServerImpl.java:setRole(184)) - 7fae3aed-4e76-4283-a599-f93f794625ab@group-BCADF287A12B: changes role from  FOLLOWER to FOLLOWER at term 416 for recognizeCandidate:9127dd83-037b-4d39-812f-66db56af525a
2019-10-30 05:53:54,476 [grpc-default-executor-0] INFO  impl.RoleInfo (RoleInfo.java:shutdownFollowerState(121)) - 58095e90-3010-492a-9083-43cf2e035c3f: shutdown FollowerState
2019-10-30 05:53:54,476 [grpc-default-executor-2] INFO  impl.RoleInfo (RoleInfo.java:shutdownFollowerState(121)) - 7fae3aed-4e76-4283-a599-f93f794625ab: shutdown FollowerState
2019-10-30 05:53:54,476 [Thread-2739] INFO  impl.FollowerState (FollowerState.java:run(117)) - 58095e90-3010-492a-9083-43cf2e035c3f@group-BCADF287A12B-FollowerState was interrupted: java.lang.InterruptedException: sleep interrupted
2019-10-30 05:53:54,476 [grpc-default-executor-0] INFO  impl.RoleInfo (RoleInfo.java:updateAndGet(143)) - 58095e90-3010-492a-9083-43cf2e035c3f: start FollowerState
2019-10-30 05:53:54,476 [Thread-2738] INFO  impl.FollowerState (FollowerState.java:run(117)) - 7fae3aed-4e76-4283-a599-f93f794625ab@group-BCADF287A12B-FollowerState was interrupted: java.lang.InterruptedException: sleep interrupted
2019-10-30 05:53:54,476 [grpc-default-executor-2] INFO  impl.RoleInfo (RoleInfo.java:updateAndGet(143)) - 7fae3aed-4e76-4283-a599-f93f794625ab: start FollowerState
2019-10-30 05:53:54,490 [9127dd83-037b-4d39-812f-66db56af525a@group-BCADF287A12B-LeaderElection373] INFO  impl.LeaderElection (LeaderElection.java:logAndReturn(56)) - 9127dd83-037b-4d39-812f-66db56af525a@group-BCADF287A12B-LeaderElection373: Election REJECTED; received 2 response(s) [9127dd83-037b-4d39-812f-66db56af525a<-7fae3aed-4e76-4283-a599-f93f794625ab#0:FAIL-t416, 9127dd83-037b-4d39-812f-66db56af525a<-58095e90-3010-492a-9083-43cf2e035c3f#0:FAIL-t416] and 0 exception(s); 9127dd83-037b-4d39-812f-66db56af525a@group-BCADF287A12B:t416, leader=null, voted=9127dd83-037b-4d39-812f-66db56af525a, raftlog=9127dd83-037b-4d39-812f-66db56af525a@group-BCADF287A12B-SegmentedRaftLog:OPENED:c-1,f-1,i0, conf=-1: [7fae3aed-4e76-4283-a599-f93f794625ab:192.168.34.21:41352, 58095e90-3010-492a-9083-43cf2e035c3f:192.168.34.21:45284, 9127dd83-037b-4d39-812f-66db56af525a:192.168.34.21:42063], old=null
2019-10-30 05:53:54,490 [9127dd83-037b-4d39-812f-66db56af525a@group-BCADF287A12B-LeaderElection373] INFO  impl.RaftServerImpl (RaftServerImpl.java:setRole(184)) - 9127dd83-037b-4d39-812f-66db56af525a@group-BCADF287A12B: changes role from CANDIDATE to FOLLOWER at term 416 for DISCOVERED_A_NEW_TERM
2019-10-30 05:53:54,490 [9127dd83-037b-4d39-812f-66db56af525a@group-BCADF287A12B-LeaderElection373] INFO  impl.RoleInfo (RoleInfo.java:shutdownLeaderElection(134)) - 9127dd83-037b-4d39-812f-66db56af525a: shutdown LeaderElection
2019-10-30 05:53:54,490 [9127dd83-037b-4d39-812f-66db56af525a@group-BCADF287A12B-LeaderElection373] INFO  impl.RoleInfo (RoleInfo.java:updateAndGet(143)) - 9127dd83-037b-4d39-812f-66db56af525a: start FollowerState
2019-10-30 05:53:54,490 [Thread-2746] INFO  impl.FollowerState (FollowerState.java:run(108)) - 9127dd83-037b-4d39-812f-66db56af525a@group-BCADF287A12B-FollowerState: change to CANDIDATE, lastRpcTime:0ms, electionTimeout:0ms
2019-10-30 05:53:54,491 [Thread-2746] INFO  impl.RoleInfo (RoleInfo.java:shutdownFollowerState(121)) - 9127dd83-037b-4d39-812f-66db56af525a: shutdown FollowerState
2019-10-30 05:53:54,491 [Thread-2746] INFO  impl.RaftServerImpl (RaftServerImpl.java:setRole(184)) - 9127dd83-037b-4d39-812f-66db56af525a@group-BCADF287A12B: changes role from  FOLLOWER to CANDIDATE at term 416 for changeToCandidate
2019-10-30 05:53:54,491 [Thread-2746] INFO  impl.RoleInfo (RoleInfo.java:updateAndGet(143)) - 9127dd83-037b-4d39-812f-66db56af525a: start LeaderElection
2019-10-30 05:53:54,504 [9127dd83-037b-4d39-812f-66db56af525a@group-BCADF287A12B-LeaderElection374] INFO  impl.LeaderElection (LeaderElection.java:askForVotes(178)) - 9127dd83-037b-4d39-812f-66db56af525a@group-BCADF287A12B-LeaderElection374: begin an election at term 417 for -1: [7fae3aed-4e76-4283-a599-f93f794625ab:192.168.34.21:41352, 58095e90-3010-492a-9083-43cf2e035c3f:192.168.34.21:45284, 9127dd83-037b-4d39-812f-66db56af525a:192.168.34.21:42063], old=null
2019-10-30 05:53:54,505 [grpc-default-executor-0] INFO  impl.RaftServerImpl (RaftServerImpl.java:setRole(184)) - 58095e90-3010-492a-9083-43cf2e035c3f@group-BCADF287A12B: changes role from  FOLLOWER to FOLLOWER at term 417 for recognizeCandidate:9127dd83-037b-4d39-812f-66db56af525a
2019-10-30 05:53:54,505 [grpc-default-executor-0] INFO  impl.RoleInfo (RoleInfo.java:shutdownFollowerState(121)) - 58095e90-3010-492a-9083-43cf2e035c3f: shutdown FollowerState
2019-10-30 05:53:54,505 [grpc-default-executor-0] INFO  impl.RoleInfo (RoleInfo.java:updateAndGet(143)) - 58095e90-3010-492a-9083-43cf2e035c3f: start FollowerState
2019-10-30 05:53:54,505 [Thread-2744] INFO  impl.FollowerState (FollowerState.java:run(117)) - 58095e90-3010-492a-9083-43cf2e035c3f@group-BCADF287A12B-FollowerState was interrupted: java.lang.InterruptedException: sleep interrupted
2019-10-30 05:53:54,505 [grpc-default-executor-2] INFO  impl.RaftServerImpl (RaftServerImpl.java:setRole(184)) - 7fae3aed-4e76-4283-a599-f93f794625ab@group-BCADF287A12B: changes role from  FOLLOWER to FOLLOWER at term 417 for recognizeCandidate:9127dd83-037b-4d39-812f-66db56af525a
2019-10-30 05:53:54,505 [grpc-default-executor-2] INFO  impl.RoleInfo (RoleInfo.java:shutdownFollowerState(121)) - 7fae3aed-4e76-4283-a599-f93f794625ab: shutdown FollowerState
2019-10-30 05:53:54,506 [Thread-2745] INFO  impl.FollowerState (FollowerState.java:run(117)) - 7fae3aed-4e76-4283-a599-f93f794625ab@group-BCADF287A12B-FollowerState was interrupted: java.lang.InterruptedException: sleep interrupted
2019-10-30 05:53:54,506 [grpc-default-executor-2] INFO  impl.RoleInfo (RoleInfo.java:updateAndGet(143)) - 7fae3aed-4e76-4283-a599-f93f794625ab: start FollowerState
2019-10-30 05:53:54,518 [9127dd83-037b-4d39-812f-66db56af525a@group-BCADF287A12B-LeaderElection374] INFO  impl.LeaderElection (LeaderElection.java:logAndReturn(56)) - 9127dd83-037b-4d39-812f-66db56af525a@group-BCADF287A12B-LeaderElection374: Election REJECTED; received 2 response(s) [9127dd83-037b-4d39-812f-66db56af525a<-7fae3aed-4e76-4283-a599-f93f794625ab#0:FAIL-t417, 9127dd83-037b-4d39-812f-66db56af525a<-58095e90-3010-492a-9083-43cf2e035c3f#0:FAIL-t417] and 0 exception(s); 9127dd83-037b-4d39-812f-66db56af525a@group-BCADF287A12B:t417, leader=null, voted=9127dd83-037b-4d39-812f-66db56af525a, raftlog=9127dd83-037b-4d39-812f-66db56af525a@group-BCADF287A12B-SegmentedRaftLog:OPENED:c-1,f-1,i0, conf=-1: [7fae3aed-4e76-4283-a599-f93f794625ab:192.168.34.21:41352, 58095e90-3010-492a-9083-43cf2e035c3f:192.168.34.21:45284, 9127dd83-037b-4d39-812f-66db56af525a:192.168.34.21:42063], old=null
2019-10-30 05:53:54,519 [9127dd83-037b-4d39-812f-66db56af525a@group-BCADF287A12B-LeaderElection374] INFO  impl.RaftServerImpl (RaftServerImpl.java:setRole(184)) - 9127dd83-037b-4d39-812f-66db56af525a@group-BCADF287A12B: changes role from CANDIDATE to FOLLOWER at term 417 for DISCOVERED_A_NEW_TERM
2019-10-30 05:53:54,519 [9127dd83-037b-4d39-812f-66db56af525a@group-BCADF287A12B-LeaderElection374] INFO  impl.RoleInfo (RoleInfo.java:shutdownLeaderElection(134)) - 9127dd83-037b-4d39-812f-66db56af525a: shutdown LeaderElection
2019-10-30 05:53:54,519 [9127dd83-037b-4d39-812f-66db56af525a@group-BCADF287A12B-LeaderElection374] INFO  impl.RoleInfo (RoleInfo.java:updateAndGet(143)) - 9127dd83-037b-4d39-812f-66db56af525a: start FollowerState
2019-10-30 05:53:54,528 [Thread-2752] INFO  impl.FollowerState (FollowerState.java:run(108)) - 9127dd83-037b-4d39-812f-66db56af525a@group-BCADF287A12B-FollowerState: change to CANDIDATE, lastRpcTime:9ms, electionTimeout:9ms
2019-10-30 05:53:54,528 [Thread-2752] INFO  impl.RoleInfo (RoleInfo.java:shutdownFollowerState(121)) - 9127dd83-037b-4d39-812f-66db56af525a: shutdown FollowerState
2019-10-30 05:53:54,528 [Thread-2752] INFO  impl.RaftServerImpl (RaftServerImpl.java:setRole(184)) - 9127dd83-037b-4d39-812f-66db56af525a@group-BCADF287A12B: changes role from  FOLLOWER to CANDIDATE at term 417 for changeToCandidate
2019-10-30 05:53:54,528 [Thread-2752] INFO  impl.RoleInfo (RoleInfo.java:updateAndGet(143)) - 9127dd83-037b-4d39-812f-66db56af525a: start LeaderElection
2019-10-30 05:53:54,541 [9127dd83-037b-4d39-812f-66db56af525a@group-BCADF287A12B-LeaderElection375] INFO  impl.LeaderElection (LeaderElection.java:askForVotes(178)) - 9127dd83-037b-4d39-812f-66db56af525a@group-BCADF287A12B-LeaderElection375: begin an election at term 418 for -1: [7fae3aed-4e76-4283-a599-f93f794625ab:192.168.34.21:41352, 58095e90-3010-492a-9083-43cf2e035c3f:192.168.34.21:45284, 9127dd83-037b-4d39-812f-66db56af525a:192.168.34.21:42063], old=null
2019-10-30 05:53:54,542 [grpc-default-executor-2] INFO  impl.RaftServerImpl (RaftServerImpl.java:setRole(184)) - 7fae3aed-4e76-4283-a599-f93f794625ab@group-BCADF287A12B: changes role from  FOLLOWER to FOLLOWER at term 418 for recognizeCandidate:9127dd83-037b-4d39-812f-66db56af525a
2019-10-30 05:53:54,542 [grpc-default-executor-2] INFO  impl.RoleInfo (RoleInfo.java:shutdownFollowerState(121)) - 7fae3aed-4e76-4283-a599-f93f794625ab: shutdown FollowerState
2019-10-30 05:53:54,542 [grpc-default-executor-0] INFO  impl.RaftServerImpl (RaftServerImpl.java:setRole(184)) - 58095e90-3010-492a-9083-43cf2e035c3f@group-BCADF287A12B: changes role from  FOLLOWER to FOLLOWER at term 418 for recognizeCandidate:9127dd83-037b-4d39-812f-66db56af525a
2019-10-30 05:53:54,542 [Thread-2751] INFO  impl.FollowerState (FollowerState.java:run(117)) - 7fae3aed-4e76-4283-a599-f93f794625ab@group-BCADF287A12B-FollowerState was interrupted: java.lang.InterruptedException: sleep interrupted
2019-10-30 05:53:54,542 [grpc-default-executor-2] INFO  impl.RoleInfo (RoleInfo.java:updateAndGet(143)) - 7fae3aed-4e76-4283-a599-f93f794625ab: start FollowerState
2019-10-30 05:53:54,542 [grpc-default-executor-0] INFO  impl.RoleInfo (RoleInfo.java:shutdownFollowerState(121)) - 58095e90-3010-492a-9083-43cf2e035c3f: shutdown FollowerState
2019-10-30 05:53:54,543 [grpc-default-executor-0] INFO  impl.RoleInfo (RoleInfo.java:updateAndGet(143)) - 58095e90-3010-492a-9083-43cf2e035c3f: start FollowerState
2019-10-30 05:53:54,543 [Thread-2750] INFO  impl.FollowerState (FollowerState.java:run(117)) - 58095e90-3010-492a-9083-43cf2e035c3f@group-BCADF287A12B-FollowerState was interrupted: java.lang.InterruptedException: sleep interrupted
2019-10-30 05:53:54,549 [9127dd83-037b-4d39-812f-66db56af525a@group-BCADF287A12B-LeaderElection375] INFO  impl.LeaderElection (LeaderElection.java:logAndReturn(56)) - 9127dd83-037b-4d39-812f-66db56af525a@group-BCADF287A12B-LeaderElection375: Election REJECTED; received 2 response(s) [9127dd83-037b-4d39-812f-66db56af525a<-7fae3aed-4e76-4283-a599-f93f794625ab#0:FAIL-t418, 9127dd83-037b-4d39-812f-66db56af525a<-58095e90-3010-492a-9083-43cf2e035c3f#0:FAIL-t418] and 0 exception(s); 9127dd83-037b-4d39-812f-66db56af525a@group-BCADF287A12B:t418, leader=null, voted=9127dd83-037b-4d39-812f-66db56af525a, raftlog=9127dd83-037b-4d39-812f-66db56af525a@group-BCADF287A12B-SegmentedRaftLog:OPENED:c-1,f-1,i0, conf=-1: [7fae3aed-4e76-4283-a599-f93f794625ab:192.168.34.21:41352, 58095e90-3010-492a-9083-43cf2e035c3f:192.168.34.21:45284, 9127dd83-037b-4d39-812f-66db56af525a:192.168.34.21:42063], old=null
2019-10-30 05:53:54,549 [9127dd83-037b-4d39-812f-66db56af525a@group-BCADF287A12B-LeaderElection375] INFO  impl.RaftServerImpl (RaftServerImpl.java:setRole(184)) - 9127dd83-037b-4d39-812f-66db56af525a@group-BCADF287A12B: changes role from CANDIDATE to FOLLOWER at term 418 for DISCOVERED_A_NEW_TERM
2019-10-30 05:53:54,549 [9127dd83-037b-4d39-812f-66db56af525a@group-BCADF287A12B-LeaderElection375] INFO  impl.RoleInfo (RoleInfo.java:shutdownLeaderElection(134)) - 9127dd83-037b-4d39-812f-66db56af525a: shutdown LeaderElection
2019-10-30 05:53:54,549 [9127dd83-037b-4d39-812f-66db56af525a@group-BCADF287A12B-LeaderElection375] INFO  impl.RoleInfo (RoleInfo.java:updateAndGet(143)) - 9127dd83-037b-4d39-812f-66db56af525a: start FollowerState
2019-10-30 05:53:54,618 [Thread-2758] INFO  impl.FollowerState (FollowerState.java:run(108)) - 9127dd83-037b-4d39-812f-66db56af525a@group-BCADF287A12B-FollowerState: change to CANDIDATE, lastRpcTime:69ms, electionTimeout:69ms
2019-10-30 05:53:54,619 [Thread-2758] INFO  impl.RoleInfo (RoleInfo.java:shutdownFollowerState(121)) - 9127dd83-037b-4d39-812f-66db56af525a: shutdown FollowerState
2019-10-30 05:53:54,619 [Thread-2758] INFO  impl.RaftServerImpl (RaftServerImpl.java:setRole(184)) - 9127dd83-037b-4d39-812f-66db56af525a@group-BCADF287A12B: changes role from  FOLLOWER to CANDIDATE at term 418 for changeToCandidate
2019-10-30 05:53:54,619 [Thread-2758] INFO  impl.RoleInfo (RoleInfo.java:updateAndGet(143)) - 9127dd83-037b-4d39-812f-66db56af525a: start LeaderElection
2019-10-30 05:53:54,631 [9127dd83-037b-4d39-812f-66db56af525a@group-BCADF287A12B-LeaderElection376] INFO  impl.LeaderElection (LeaderElection.java:askForVotes(178)) - 9127dd83-037b-4d39-812f-66db56af525a@group-BCADF287A12B-LeaderElection376: begin an election at term 419 for -1: [7fae3aed-4e76-4283-a599-f93f794625ab:192.168.34.21:41352, 58095e90-3010-492a-9083-43cf2e035c3f:192.168.34.21:45284, 9127dd83-037b-4d39-812f-66db56af525a:192.168.34.21:42063], old=null
2019-10-30 05:53:54,633 [grpc-default-executor-2] INFO  impl.RaftServerImpl (RaftServerImpl.java:setRole(184)) - 58095e90-3010-492a-9083-43cf2e035c3f@group-BCADF287A12B: changes role from  FOLLOWER to FOLLOWER at term 419 for recognizeCandidate:9127dd83-037b-4d39-812f-66db56af525a
2019-10-30 05:53:54,633 [grpc-default-executor-0] INFO  impl.RaftServerImpl (RaftServerImpl.java:setRole(184)) - 7fae3aed-4e76-4283-a599-f93f794625ab@group-BCADF287A12B: changes role from  FOLLOWER to FOLLOWER at term 419 for recognizeCandidate:9127dd83-037b-4d39-812f-66db56af525a
2019-10-30 05:53:54,633 [grpc-default-executor-0] INFO  impl.RoleInfo (RoleInfo.java:shutdownFollowerState(121)) - 7fae3aed-4e76-4283-a599-f93f794625ab: shutdown FollowerState
2019-10-30 05:53:54,633 [grpc-default-executor-2] INFO  impl.RoleInfo (RoleInfo.java:shutdownFollowerState(121)) - 58095e90-3010-492a-9083-43cf2e035c3f: shutdown FollowerState
2019-10-30 05:53:54,633 [Thread-2756] INFO  impl.FollowerState (FollowerState.java:run(117)) - 7fae3aed-4e76-4283-a599-f93f794625ab@group-BCADF287A12B-FollowerState was interrupted: java.lang.InterruptedException: sleep interrupted
2019-10-30 05:53:54,633 [grpc-default-executor-0] INFO  impl.RoleInfo (RoleInfo.java:updateAndGet(143)) - 7fae3aed-4e76-4283-a599-f93f794625ab: start FollowerState
2019-10-30 05:53:54,634 [grpc-default-executor-2] INFO  impl.RoleInfo (RoleInfo.java:updateAndGet(143)) - 58095e90-3010-492a-9083-43cf2e035c3f: start FollowerState
2019-10-30 05:53:54,634 [Thread-2757] INFO  impl.FollowerState (FollowerState.java:run(117)) - 58095e90-3010-492a-9083-43cf2e035c3f@group-BCADF287A12B-FollowerState was interrupted: java.lang.InterruptedException: sleep interrupted
2019-10-30 05:53:54,649 [9127dd83-037b-4d39-812f-66db56af525a@group-BCADF287A12B-LeaderElection376] INFO  impl.LeaderElection (LeaderElection.java:logAndReturn(56)) - 9127dd83-037b-4d39-812f-66db56af525a@group-BCADF287A12B-LeaderElection376: Election REJECTED; received 2 response(s) [9127dd83-037b-4d39-812f-66db56af525a<-7fae3aed-4e76-4283-a599-f93f794625ab#0:FAIL-t419, 9127dd83-037b-4d39-812f-66db56af525a<-58095e90-3010-492a-9083-43cf2e035c3f#0:FAIL-t419] and 0 exception(s); 9127dd83-037b-4d39-812f-66db56af525a@group-BCADF287A12B:t419, leader=null, voted=9127dd83-037b-4d39-812f-66db56af525a, raftlog=9127dd83-037b-4d39-812f-66db56af525a@group-BCADF287A12B-SegmentedRaftLog:OPENED:c-1,f-1,i0, conf=-1: [7fae3aed-4e76-4283-a599-f93f794625ab:192.168.34.21:41352, 58095e90-3010-492a-9083-43cf2e035c3f:192.168.34.21:45284, 9127dd83-037b-4d39-812f-66db56af525a:192.168.34.21:42063], old=null
2019-10-30 05:53:54,649 [9127dd83-037b-4d39-812f-66db56af525a@group-BCADF287A12B-LeaderElection376] INFO  impl.RaftServerImpl (RaftServerImpl.java:setRole(184)) - 9127dd83-037b-4d39-812f-66db56af525a@group-BCADF287A12B: changes role from CANDIDATE to FOLLOWER at term 419 for DISCOVERED_A_NEW_TERM
2019-10-30 05:53:54,649 [9127dd83-037b-4d39-812f-66db56af525a@group-BCADF287A12B-LeaderElection376] INFO  impl.RoleInfo (RoleInfo.java:shutdownLeaderElection(134)) - 9127dd83-037b-4d39-812f-66db56af525a: shutdown LeaderElection
2019-10-30 05:53:54,649 [9127dd83-037b-4d39-812f-66db56af525a@group-BCADF287A12B-LeaderElection376] INFO  impl.RoleInfo (RoleInfo.java:updateAndGet(143)) - 9127dd83-037b-4d39-812f-66db56af525a: start FollowerState
2019-10-30 05:53:54,728 [Thread-2766] INFO  impl.FollowerState (FollowerState.java:run(108)) - 9127dd83-037b-4d39-812f-66db56af525a@group-BCADF287A12B-FollowerState: change to CANDIDATE, lastRpcTime:79ms, electionTimeout:79ms
2019-10-30 05:53:54,728 [Thread-2766] INFO  impl.RoleInfo (RoleInfo.java:shutdownFollowerState(121)) - 9127dd83-037b-4d39-812f-66db56af525a: shutdown FollowerState
2019-10-30 05:53:54,729 [Thread-2766] INFO  impl.RaftServerImpl (RaftServerImpl.java:setRole(184)) - 9127dd83-037b-4d39-812f-66db56af525a@group-BCADF287A12B: changes role from  FOLLOWER to CANDIDATE at term 419 for changeToCandidate
2019-10-30 05:53:54,729 [Thread-2766] INFO  impl.RoleInfo (RoleInfo.java:updateAndGet(143)) - 9127dd83-037b-4d39-812f-66db56af525a: start LeaderElection
2019-10-30 05:53:54,752 [9127dd83-037b-4d39-812f-66db56af525a@group-BCADF287A12B-LeaderElection377] INFO  impl.LeaderElection (LeaderElection.java:askForVotes(178)) - 9127dd83-037b-4d39-812f-66db56af525a@group-BCADF287A12B-LeaderElection377: begin an election at term 420 for -1: [7fae3aed-4e76-4283-a599-f93f794625ab:192.168.34.21:41352, 58095e90-3010-492a-9083-43cf2e035c3f:192.168.34.21:45284, 9127dd83-037b-4d39-812f-66db56af525a:192.168.34.21:42063], old=null
2019-10-30 05:53:54,754 [grpc-default-executor-0] INFO  impl.RaftServerImpl (RaftServerImpl.java:setRole(184)) - 58095e90-3010-492a-9083-43cf2e035c3f@group-BCADF287A12B: changes role from  FOLLOWER to FOLLOWER at term 420 for recognizeCandidate:9127dd83-037b-4d39-812f-66db56af525a
2019-10-30 05:53:54,754 [grpc-default-executor-0] INFO  impl.RoleInfo (RoleInfo.java:shutdownFollowerState(121)) - 58095e90-3010-492a-9083-43cf2e035c3f: shutdown FollowerState
2019-10-30 05:53:54,754 [grpc-default-executor-0] INFO  impl.RoleInfo (RoleInfo.java:updateAndGet(143)) - 58095e90-3010-492a-9083-43cf2e035c3f: start FollowerState
2019-10-30 05:53:54,754 [Thread-2765] INFO  impl.FollowerState (FollowerState.java:run(117)) - 58095e90-3010-492a-9083-43cf2e035c3f@group-BCADF287A12B-FollowerState was interrupted: java.lang.InterruptedException: sleep interrupted
2019-10-30 05:53:54,754 [grpc-default-executor-2] INFO  impl.RaftServerImpl (RaftServerImpl.java:setRole(184)) - 7fae3aed-4e76-4283-a599-f93f794625ab@group-BCADF287A12B: changes role from  FOLLOWER to FOLLOWER at term 420 for recognizeCandidate:9127dd83-037b-4d39-812f-66db56af525a
2019-10-30 05:53:54,755 [grpc-default-executor-2] INFO  impl.RoleInfo (RoleInfo.java:shutdownFollowerState(121)) - 7fae3aed-4e76-4283-a599-f93f794625ab: shutdown FollowerState
2019-10-30 05:53:54,755 [grpc-default-executor-2] INFO  impl.RoleInfo (RoleInfo.java:updateAndGet(143)) - 7fae3aed-4e76-4283-a599-f93f794625ab: start FollowerState
2019-10-30 05:53:54,755 [Thread-2764] INFO  impl.FollowerState (FollowerState.java:run(117)) - 7fae3aed-4e76-4283-a599-f93f794625ab@group-BCADF287A12B-FollowerState was interrupted: java.lang.InterruptedException: sleep interrupted
2019-10-30 05:53:54,768 [9127dd83-037b-4d39-812f-66db56af525a@group-BCADF287A12B-LeaderElection377] INFO  impl.LeaderElection (LeaderElection.java:logAndReturn(56)) - 9127dd83-037b-4d39-812f-66db56af525a@group-BCADF287A12B-LeaderElection377: Election REJECTED; received 2 response(s) [9127dd83-037b-4d39-812f-66db56af525a<-7fae3aed-4e76-4283-a599-f93f794625ab#0:FAIL-t420, 9127dd83-037b-4d39-812f-66db56af525a<-58095e90-3010-492a-9083-43cf2e035c3f#0:FAIL-t420] and 0 exception(s); 9127dd83-037b-4d39-812f-66db56af525a@group-BCADF287A12B:t420, leader=null, voted=9127dd83-037b-4d39-812f-66db56af525a, raftlog=9127dd83-037b-4d39-812f-66db56af525a@group-BCADF287A12B-SegmentedRaftLog:OPENED:c-1,f-1,i0, conf=-1: [7fae3aed-4e76-4283-a599-f93f794625ab:192.168.34.21:41352, 58095e90-3010-492a-9083-43cf2e035c3f:192.168.34.21:45284, 9127dd83-037b-4d39-812f-66db56af525a:192.168.34.21:42063], old=null
2019-10-30 05:53:54,769 [9127dd83-037b-4d39-812f-66db56af525a@group-BCADF287A12B-LeaderElection377] INFO  impl.RaftServerImpl (RaftServerImpl.java:setRole(184)) - 9127dd83-037b-4d39-812f-66db56af525a@group-BCADF287A12B: changes role from CANDIDATE to FOLLOWER at term 420 for DISCOVERED_A_NEW_TERM
2019-10-30 05:53:54,769 [9127dd83-037b-4d39-812f-66db56af525a@group-BCADF287A12B-LeaderElection377] INFO  impl.RoleInfo (RoleInfo.java:shutdownLeaderElection(134)) - 9127dd83-037b-4d39-812f-66db56af525a: shutdown LeaderElection
2019-10-30 05:53:54,769 [9127dd83-037b-4d39-812f-66db56af525a@group-BCADF287A12B-LeaderElection377] INFO  impl.RoleInfo (RoleInfo.java:updateAndGet(143)) - 9127dd83-037b-4d39-812f-66db56af525a: start FollowerState
2019-10-30 05:53:54,816 [Thread-2772] INFO  impl.FollowerState (FollowerState.java:run(108)) - 9127dd83-037b-4d39-812f-66db56af525a@group-BCADF287A12B-FollowerState: change to CANDIDATE, lastRpcTime:47ms, electionTimeout:47ms
2019-10-30 05:53:54,816 [Thread-2772] INFO  impl.RoleInfo (RoleInfo.java:shutdownFollowerState(121)) - 9127dd83-037b-4d39-812f-66db56af525a: shutdown FollowerState
2019-10-30 05:53:54,816 [Thread-2772] INFO  impl.RaftServerImpl (RaftServerImpl.java:setRole(184)) - 9127dd83-037b-4d39-812f-66db56af525a@group-BCADF287A12B: changes role from  FOLLOWER to CANDIDATE at term 420 for changeToCandidate
2019-10-30 05:53:54,817 [Thread-2772] INFO  impl.RoleInfo (RoleInfo.java:updateAndGet(143)) - 9127dd83-037b-4d39-812f-66db56af525a: start LeaderElection
2019-10-30 05:53:54,831 [9127dd83-037b-4d39-812f-66db56af525a@group-BCADF287A12B-LeaderElection378] INFO  impl.LeaderElection (LeaderElection.java:askForVotes(178)) - 9127dd83-037b-4d39-812f-66db56af525a@group-BCADF287A12B-LeaderElection378: begin an election at term 421 for -1: [7fae3aed-4e76-4283-a599-f93f794625ab:192.168.34.21:41352, 58095e90-3010-492a-9083-43cf2e035c3f:192.168.34.21:45284, 9127dd83-037b-4d39-812f-66db56af525a:192.168.34.21:42063], old=null
2019-10-30 05:53:54,832 [grpc-default-executor-0] INFO  impl.RaftServerImpl (RaftServerImpl.java:setRole(184)) - 7fae3aed-4e76-4283-a599-f93f794625ab@group-BCADF287A12B: changes role from  FOLLOWER to FOLLOWER at term 421 for recognizeCandidate:9127dd83-037b-4d39-812f-66db56af525a
2019-10-30 05:53:54,833 [grpc-default-executor-2] INFO  impl.RaftServerImpl (RaftServerImpl.java:setRole(184)) - 58095e90-3010-492a-9083-43cf2e035c3f@group-BCADF287A12B: changes role from  FOLLOWER to FOLLOWER at term 421 for recognizeCandidate:9127dd83-037b-4d39-812f-66db56af525a
2019-10-30 05:53:54,833 [grpc-default-executor-2] INFO  impl.RoleInfo (RoleInfo.java:shutdownFollowerState(121)) - 58095e90-3010-492a-9083-43cf2e035c3f: shutdown FollowerState
2019-10-30 05:53:54,833 [grpc-default-executor-0] INFO  impl.RoleInfo (RoleInfo.java:shutdownFollowerState(121)) - 7fae3aed-4e76-4283-a599-f93f794625ab: shutdown FollowerState
2019-10-30 05:53:54,833 [Thread-2770] INFO  impl.FollowerState (FollowerState.java:run(117)) - 58095e90-3010-492a-9083-43cf2e035c3f@group-BCADF287A12B-FollowerState was interrupted: java.lang.InterruptedException: sleep interrupted
2019-10-30 05:53:54,833 [grpc-default-executor-2] INFO  impl.RoleInfo (RoleInfo.java:updateAndGet(143)) - 58095e90-3010-492a-9083-43cf2e035c3f: start FollowerState
2019-10-30 05:53:54,833 [grpc-default-executor-0] INFO  impl.RoleInfo (RoleInfo.java:updateAndGet(143)) - 7fae3aed-4e76-4283-a599-f93f794625ab: start FollowerState
2019-10-30 05:53:54,833 [Thread-2771] INFO  impl.FollowerState (FollowerState.java:run(117)) - 7fae3aed-4e76-4283-a599-f93f794625ab@group-BCADF287A12B-FollowerState was interrupted: java.lang.InterruptedException: sleep interrupted
2019-10-30 05:53:54,843 [9127dd83-037b-4d39-812f-66db56af525a@group-BCADF287A12B-LeaderElection378] INFO  impl.LeaderElection (LeaderElection.java:logAndReturn(56)) - 9127dd83-037b-4d39-812f-66db56af525a@group-BCADF287A12B-LeaderElection378: Election TIMEOUT; received 0 response(s) [] and 0 exception(s); 9127dd83-037b-4d39-812f-66db56af525a@group-BCADF287A12B:t421, leader=null, voted=9127dd83-037b-4d39-812f-66db56af525a, raftlog=9127dd83-037b-4d39-812f-66db56af525a@group-BCADF287A12B-SegmentedRaftLog:OPENED:c-1,f-1,i0, conf=-1: [7fae3aed-4e76-4283-a599-f93f794625ab:192.168.34.21:41352, 58095e90-3010-492a-9083-43cf2e035c3f:192.168.34.21:45284, 9127dd83-037b-4d39-812f-66db56af525a:192.168.34.21:42063], old=null
2019-10-30 05:53:54,846 [9127dd83-037b-4d39-812f-66db56af525a@group-BCADF287A12B-LeaderElection378] INFO  impl.LeaderElection (LeaderElection.java:askForVotes(178)) - 9127dd83-037b-4d39-812f-66db56af525a@group-BCADF287A12B-LeaderElection378: begin an election at term 422 for -1: [7fae3aed-4e76-4283-a599-f93f794625ab:192.168.34.21:41352, 58095e90-3010-492a-9083-43cf2e035c3f:192.168.34.21:45284, 9127dd83-037b-4d39-812f-66db56af525a:192.168.34.21:42063], old=null
2019-10-30 05:53:54,847 [grpc-default-executor-0] INFO  impl.RaftServerImpl (RaftServerImpl.java:setRole(184)) - 7fae3aed-4e76-4283-a599-f93f794625ab@group-BCADF287A12B: changes role from  FOLLOWER to FOLLOWER at term 422 for recognizeCandidate:9127dd83-037b-4d39-812f-66db56af525a
2019-10-30 05:53:54,847 [grpc-default-executor-0] INFO  impl.RoleInfo (RoleInfo.java:shutdownFollowerState(121)) - 7fae3aed-4e76-4283-a599-f93f794625ab: shutdown FollowerState
2019-10-30 05:53:54,847 [grpc-default-executor-2] INFO  impl.RaftServerImpl (RaftServerImpl.java:setRole(184)) - 58095e90-3010-492a-9083-43cf2e035c3f@group-BCADF287A12B: changes role from  FOLLOWER to FOLLOWER at term 422 for recognizeCandidate:9127dd83-037b-4d39-812f-66db56af525a
2019-10-30 05:53:54,847 [Thread-2777] INFO  impl.FollowerState (FollowerState.java:run(117)) - 7fae3aed-4e76-4283-a599-f93f794625ab@group-BCADF287A12B-FollowerState was interrupted: java.lang.InterruptedException: sleep interrupted
2019-10-30 05:53:54,847 [grpc-default-executor-0] INFO  impl.RoleInfo (RoleInfo.java:updateAndGet(143)) - 7fae3aed-4e76-4283-a599-f93f794625ab: start FollowerState
2019-10-30 05:53:54,847 [grpc-default-executor-2] INFO  impl.RoleInfo (RoleInfo.java:shutdownFollowerState(121)) - 58095e90-3010-492a-9083-43cf2e035c3f: shutdown FollowerState
2019-10-30 05:53:54,848 [grpc-default-executor-2] INFO  impl.RoleInfo (RoleInfo.java:updateAndGet(143)) - 58095e90-3010-492a-9083-43cf2e035c3f: start FollowerState
2019-10-30 05:53:54,848 [Thread-2776] INFO  impl.FollowerState (FollowerState.java:run(117)) - 58095e90-3010-492a-9083-43cf2e035c3f@group-BCADF287A12B-FollowerState was interrupted: java.lang.InterruptedException: sleep interrupted
2019-10-30 05:53:54,861 [9127dd83-037b-4d39-812f-66db56af525a@group-BCADF287A12B-LeaderElection378] INFO  impl.LeaderElection (LeaderElection.java:logAndReturn(56)) - 9127dd83-037b-4d39-812f-66db56af525a@group-BCADF287A12B-LeaderElection378: Election REJECTED; received 2 response(s) [9127dd83-037b-4d39-812f-66db56af525a<-7fae3aed-4e76-4283-a599-f93f794625ab#0:FAIL-t422, 9127dd83-037b-4d39-812f-66db56af525a<-58095e90-3010-492a-9083-43cf2e035c3f#0:FAIL-t422] and 0 exception(s); 9127dd83-037b-4d39-812f-66db56af525a@group-BCADF287A12B:t422, leader=null, voted=9127dd83-037b-4d39-812f-66db56af525a, raftlog=9127dd83-037b-4d39-812f-66db56af525a@group-BCADF287A12B-SegmentedRaftLog:OPENED:c-1,f-1,i0, conf=-1: [7fae3aed-4e76-4283-a599-f93f794625ab:192.168.34.21:41352, 58095e90-3010-492a-9083-43cf2e035c3f:192.168.34.21:45284, 9127dd83-037b-4d39-812f-66db56af525a:192.168.34.21:42063], old=null
2019-10-30 05:53:54,861 [9127dd83-037b-4d39-812f-66db56af525a@group-BCADF287A12B-LeaderElection378] INFO  impl.RaftServerImpl (RaftServerImpl.java:setRole(184)) - 9127dd83-037b-4d39-812f-66db56af525a@group-BCADF287A12B: changes role from CANDIDATE to FOLLOWER at term 422 for DISCOVERED_A_NEW_TERM
2019-10-30 05:53:54,862 [9127dd83-037b-4d39-812f-66db56af525a@group-BCADF287A12B-LeaderElection378] INFO  impl.RoleInfo (RoleInfo.java:shutdownLeaderElection(134)) - 9127dd83-037b-4d39-812f-66db56af525a: shutdown LeaderElection
2019-10-30 05:53:54,862 [9127dd83-037b-4d39-812f-66db56af525a@group-BCADF287A12B-LeaderElection378] INFO  impl.RoleInfo (RoleInfo.java:updateAndGet(143)) - 9127dd83-037b-4d39-812f-66db56af525a: start FollowerState
2019-10-30 05:53:54,928 [Thread-2782] INFO  impl.FollowerState (FollowerState.java:run(108)) - 9127dd83-037b-4d39-812f-66db56af525a@group-BCADF287A12B-FollowerState: change to CANDIDATE, lastRpcTime:66ms, electionTimeout:66ms
2019-10-30 05:53:54,928 [Thread-2782] INFO  impl.RoleInfo (RoleInfo.java:shutdownFollowerState(121)) - 9127dd83-037b-4d39-812f-66db56af525a: shutdown FollowerState
2019-10-30 05:53:54,928 [Thread-2782] INFO  impl.RaftServerImpl (RaftServerImpl.java:setRole(184)) - 9127dd83-037b-4d39-812f-66db56af525a@group-BCADF287A12B: changes role from  FOLLOWER to CANDIDATE at term 422 for changeToCandidate
2019-10-30 05:53:54,928 [Thread-2782] INFO  impl.RoleInfo (RoleInfo.java:updateAndGet(143)) - 9127dd83-037b-4d39-812f-66db56af525a: start LeaderElection
2019-10-30 05:53:54,950 [9127dd83-037b-4d39-812f-66db56af525a@group-BCADF287A12B-LeaderElection379] INFO  impl.LeaderElection (LeaderElection.java:askForVotes(178)) - 9127dd83-037b-4d39-812f-66db56af525a@group-BCADF287A12B-LeaderElection379: begin an election at term 423 for -1: [7fae3aed-4e76-4283-a599-f93f794625ab:192.168.34.21:41352, 58095e90-3010-492a-9083-43cf2e035c3f:192.168.34.21:45284, 9127dd83-037b-4d39-812f-66db56af525a:192.168.34.21:42063], old=null
2019-10-30 05:53:54,951 [grpc-default-executor-2] INFO  impl.RaftServerImpl (RaftServerImpl.java:setRole(184)) - 7fae3aed-4e76-4283-a599-f93f794625ab@group-BCADF287A12B: changes role from  FOLLOWER to FOLLOWER at term 423 for recognizeCandidate:9127dd83-037b-4d39-812f-66db56af525a
2019-10-30 05:53:54,952 [grpc-default-executor-2] INFO  impl.RoleInfo (RoleInfo.java:shutdownFollowerState(121)) - 7fae3aed-4e76-4283-a599-f93f794625ab: shutdown FollowerState
2019-10-30 05:53:54,951 [grpc-default-executor-0] INFO  impl.RaftServerImpl (RaftServerImpl.java:setRole(184)) - 58095e90-3010-492a-9083-43cf2e035c3f@group-BCADF287A12B: changes role from  FOLLOWER to FOLLOWER at term 423 for recognizeCandidate:9127dd83-037b-4d39-812f-66db56af525a
2019-10-30 05:53:54,952 [grpc-default-executor-0] INFO  impl.RoleInfo (RoleInfo.java:shutdownFollowerState(121)) - 58095e90-3010-492a-9083-43cf2e035c3f: shutdown FollowerState
2019-10-30 05:53:54,952 [Thread-2780] INFO  impl.FollowerState (FollowerState.java:run(117)) - 7fae3aed-4e76-4283-a599-f93f794625ab@group-BCADF287A12B-FollowerState was interrupted: java.lang.InterruptedException: sleep interrupted
2019-10-30 05:53:54,952 [grpc-default-executor-2] INFO  impl.RoleInfo (RoleInfo.java:updateAndGet(143)) - 7fae3aed-4e76-4283-a599-f93f794625ab: start FollowerState
2019-10-30 05:53:54,952 [Thread-2781] INFO  impl.FollowerState (FollowerState.java:run(117)) - 58095e90-3010-492a-9083-43cf2e035c3f@group-BCADF287A12B-FollowerState was interrupted: java.lang.InterruptedException: sleep interrupted
2019-10-30 05:53:54,952 [grpc-default-executor-0] INFO  impl.RoleInfo (RoleInfo.java:updateAndGet(143)) - 58095e90-3010-492a-9083-43cf2e035c3f: start FollowerState
2019-10-30 05:53:54,975 [9127dd83-037b-4d39-812f-66db56af525a@group-BCADF287A12B-LeaderElection379] INFO  impl.LeaderElection (LeaderElection.java:logAndReturn(56)) - 9127dd83-037b-4d39-812f-66db56af525a@group-BCADF287A12B-LeaderElection379: Election REJECTED; received 2 response(s) [9127dd83-037b-4d39-812f-66db56af525a<-7fae3aed-4e76-4283-a599-f93f794625ab#0:FAIL-t423, 9127dd83-037b-4d39-812f-66db56af525a<-58095e90-3010-492a-9083-43cf2e035c3f#0:FAIL-t423] and 0 exception(s); 9127dd83-037b-4d39-812f-66db56af525a@group-BCADF287A12B:t423, leader=null, voted=9127dd83-037b-4d39-812f-66db56af525a, raftlog=9127dd83-037b-4d39-812f-66db56af525a@group-BCADF287A12B-SegmentedRaftLog:OPENED:c-1,f-1,i0, conf=-1: [7fae3aed-4e76-4283-a599-f93f794625ab:192.168.34.21:41352, 58095e90-3010-492a-9083-43cf2e035c3f:192.168.34.21:45284, 9127dd83-037b-4d39-812f-66db56af525a:192.168.34.21:42063], old=null
2019-10-30 05:53:54,976 [9127dd83-037b-4d39-812f-66db56af525a@group-BCADF287A12B-LeaderElection379] INFO  impl.RaftServerImpl (RaftServerImpl.java:setRole(184)) - 9127dd83-037b-4d39-812f-66db56af525a@group-BCADF287A12B: changes role from CANDIDATE to FOLLOWER at term 423 for DISCOVERED_A_NEW_TERM
2019-10-30 05:53:54,976 [9127dd83-037b-4d39-812f-66db56af525a@group-BCADF287A12B-LeaderElection379] INFO  impl.RoleInfo (RoleInfo.java:shutdownLeaderElection(134)) - 9127dd83-037b-4d39-812f-66db56af525a: shutdown LeaderElection
2019-10-30 05:53:54,976 [9127dd83-037b-4d39-812f-66db56af525a@group-BCADF287A12B-LeaderElection379] INFO  impl.RoleInfo (RoleInfo.java:updateAndGet(143)) - 9127dd83-037b-4d39-812f-66db56af525a: start FollowerState
2019-10-30 05:53:55,047 [Thread-2788] INFO  impl.FollowerState (FollowerState.java:run(108)) - 9127dd83-037b-4d39-812f-66db56af525a@group-BCADF287A12B-FollowerState: change to CANDIDATE, lastRpcTime:71ms, electionTimeout:71ms
2019-10-30 05:53:55,048 [Thread-2788] INFO  impl.RoleInfo (RoleInfo.java:shutdownFollowerState(121)) - 9127dd83-037b-4d39-812f-66db56af525a: shutdown FollowerState
2019-10-30 05:53:55,048 [Thread-2788] INFO  impl.RaftServerImpl (RaftServerImpl.java:setRole(184)) - 9127dd83-037b-4d39-812f-66db56af525a@group-BCADF287A12B: changes role from  FOLLOWER to CANDIDATE at term 423 for changeToCandidate
2019-10-30 05:53:55,048 [Thread-2788] INFO  impl.RoleInfo (RoleInfo.java:updateAndGet(143)) - 9127dd83-037b-4d39-812f-66db56af525a: start LeaderElection
2019-10-30 05:53:55,061 [9127dd83-037b-4d39-812f-66db56af525a@group-BCADF287A12B-LeaderElection380] INFO  impl.LeaderElection (LeaderElection.java:askForVotes(178)) - 9127dd83-037b-4d39-812f-66db56af525a@group-BCADF287A12B-LeaderElection380: begin an election at term 424 for -1: [7fae3aed-4e76-4283-a599-f93f794625ab:192.168.34.21:41352, 58095e90-3010-492a-9083-43cf2e035c3f:192.168.34.21:45284, 9127dd83-037b-4d39-812f-66db56af525a:192.168.34.21:42063], old=null
2019-10-30 05:53:55,063 [grpc-default-executor-2] INFO  impl.RaftServerImpl (RaftServerImpl.java:setRole(184)) - 58095e90-3010-492a-9083-43cf2e035c3f@group-BCADF287A12B: changes role from  FOLLOWER to FOLLOWER at term 424 for recognizeCandidate:9127dd83-037b-4d39-812f-66db56af525a
2019-10-30 05:53:55,063 [grpc-default-executor-2] INFO  impl.RoleInfo (RoleInfo.java:shutdownFollowerState(121)) - 58095e90-3010-492a-9083-43cf2e035c3f: shutdown FollowerState
2019-10-30 05:53:55,063 [grpc-default-executor-0] INFO  impl.RaftServerImpl (RaftServerImpl.java:setRole(184)) - 7fae3aed-4e76-4283-a599-f93f794625ab@group-BCADF287A12B: changes role from  FOLLOWER to FOLLOWER at term 424 for recognizeCandidate:9127dd83-037b-4d39-812f-66db56af525a
2019-10-30 05:53:55,064 [grpc-default-executor-0] INFO  impl.RoleInfo (RoleInfo.java:shutdownFollowerState(121)) - 7fae3aed-4e76-4283-a599-f93f794625ab: shutdown FollowerState
2019-10-30 05:53:55,063 [Thread-2787] INFO  impl.FollowerState (FollowerState.java:run(117)) - 58095e90-3010-492a-9083-43cf2e035c3f@group-BCADF287A12B-FollowerState was interrupted: java.lang.InterruptedException: sleep interrupted
2019-10-30 05:53:55,063 [grpc-default-executor-2] INFO  impl.RoleInfo (RoleInfo.java:updateAndGet(143)) - 58095e90-3010-492a-9083-43cf2e035c3f: start FollowerState
2019-10-30 05:53:55,064 [Thread-2786] INFO  impl.FollowerState (FollowerState.java:run(117)) - 7fae3aed-4e76-4283-a599-f93f794625ab@group-BCADF287A12B-FollowerState was interrupted: java.lang.InterruptedException: sleep interrupted
2019-10-30 05:53:55,064 [grpc-default-executor-0] INFO  impl.RoleInfo (RoleInfo.java:updateAndGet(143)) - 7fae3aed-4e76-4283-a599-f93f794625ab: start FollowerState
2019-10-30 05:53:55,078 [9127dd83-037b-4d39-812f-66db56af525a@group-BCADF287A12B-LeaderElection380] INFO  impl.LeaderElection (LeaderElection.java:logAndReturn(56)) - 9127dd83-037b-4d39-812f-66db56af525a@group-BCADF287A12B-LeaderElection380: Election REJECTED; received 2 response(s) [9127dd83-037b-4d39-812f-66db56af525a<-7fae3aed-4e76-4283-a599-f93f794625ab#0:FAIL-t424, 9127dd83-037b-4d39-812f-66db56af525a<-58095e90-3010-492a-9083-43cf2e035c3f#0:FAIL-t424] and 0 exception(s); 9127dd83-037b-4d39-812f-66db56af525a@group-BCADF287A12B:t424, leader=null, voted=9127dd83-037b-4d39-812f-66db56af525a, raftlog=9127dd83-037b-4d39-812f-66db56af525a@group-BCADF287A12B-SegmentedRaftLog:OPENED:c-1,f-1,i0, conf=-1: [7fae3aed-4e76-4283-a599-f93f794625ab:192.168.34.21:41352, 58095e90-3010-492a-9083-43cf2e035c3f:192.168.34.21:45284, 9127dd83-037b-4d39-812f-66db56af525a:192.168.34.21:42063], old=null
2019-10-30 05:53:55,078 [9127dd83-037b-4d39-812f-66db56af525a@group-BCADF287A12B-LeaderElection380] INFO  impl.RaftServerImpl (RaftServerImpl.java:setRole(184)) - 9127dd83-037b-4d39-812f-66db56af525a@group-BCADF287A12B: changes role from CANDIDATE to FOLLOWER at term 424 for DISCOVERED_A_NEW_TERM
2019-10-30 05:53:55,078 [9127dd83-037b-4d39-812f-66db56af525a@group-BCADF287A12B-LeaderElection380] INFO  impl.RoleInfo (RoleInfo.java:shutdownLeaderElection(134)) - 9127dd83-037b-4d39-812f-66db56af525a: shutdown LeaderElection
2019-10-30 05:53:55,078 [9127dd83-037b-4d39-812f-66db56af525a@group-BCADF287A12B-LeaderElection380] INFO  impl.RoleInfo (RoleInfo.java:updateAndGet(143)) - 9127dd83-037b-4d39-812f-66db56af525a: start FollowerState
2019-10-30 05:53:55,078 [Thread-2794] INFO  impl.FollowerState (FollowerState.java:run(108)) - 9127dd83-037b-4d39-812f-66db56af525a@group-BCADF287A12B-FollowerState: change to CANDIDATE, lastRpcTime:0ms, electionTimeout:0ms
2019-10-30 05:53:55,078 [Thread-2794] INFO  impl.RoleInfo (RoleInfo.java:shutdownFollowerState(121)) - 9127dd83-037b-4d39-812f-66db56af525a: shutdown FollowerState
2019-10-30 05:53:55,079 [Thread-2794] INFO  impl.RaftServerImpl (RaftServerImpl.java:setRole(184)) - 9127dd83-037b-4d39-812f-66db56af525a@group-BCADF287A12B: changes role from  FOLLOWER to CANDIDATE at term 424 for changeToCandidate
2019-10-30 05:53:55,079 [Thread-2794] INFO  impl.RoleInfo (RoleInfo.java:updateAndGet(143)) - 9127dd83-037b-4d39-812f-66db56af525a: start LeaderElection
2019-10-30 05:53:55,093 [9127dd83-037b-4d39-812f-66db56af525a@group-BCADF287A12B-LeaderElection381] INFO  impl.LeaderElection (LeaderElection.java:askForVotes(178)) - 9127dd83-037b-4d39-812f-66db56af525a@group-BCADF287A12B-LeaderElection381: begin an election at term 425 for -1: [7fae3aed-4e76-4283-a599-f93f794625ab:192.168.34.21:41352, 58095e90-3010-492a-9083-43cf2e035c3f:192.168.34.21:45284, 9127dd83-037b-4d39-812f-66db56af525a:192.168.34.21:42063], old=null
2019-10-30 05:53:55,097 [grpc-default-executor-0] INFO  impl.RaftServerImpl (RaftServerImpl.java:setRole(184)) - 7fae3aed-4e76-4283-a599-f93f794625ab@group-BCADF287A12B: changes role from  FOLLOWER to FOLLOWER at term 425 for recognizeCandidate:9127dd83-037b-4d39-812f-66db56af525a
2019-10-30 05:53:55,097 [grpc-default-executor-2] INFO  impl.RaftServerImpl (RaftServerImpl.java:setRole(184)) - 58095e90-3010-492a-9083-43cf2e035c3f@group-BCADF287A12B: changes role from  FOLLOWER to FOLLOWER at term 425 for recognizeCandidate:9127dd83-037b-4d39-812f-66db56af525a
2019-10-30 05:53:55,097 [grpc-default-executor-2] INFO  impl.RoleInfo (RoleInfo.java:shutdownFollowerState(121)) - 58095e90-3010-492a-9083-43cf2e035c3f: shutdown FollowerState
2019-10-30 05:53:55,097 [grpc-default-executor-0] INFO  impl.RoleInfo (RoleInfo.java:shutdownFollowerState(121)) - 7fae3aed-4e76-4283-a599-f93f794625ab: shutdown FollowerState
2019-10-30 05:53:55,097 [grpc-default-executor-2] INFO  impl.RoleInfo (RoleInfo.java:updateAndGet(143)) - 58095e90-3010-492a-9083-43cf2e035c3f: start FollowerState
2019-10-30 05:53:55,097 [Thread-2793] INFO  impl.FollowerState (FollowerState.java:run(117)) - 7fae3aed-4e76-4283-a599-f93f794625ab@group-BCADF287A12B-FollowerState was interrupted: java.lang.InterruptedException: sleep interrupted
2019-10-30 05:53:55,097 [grpc-default-executor-0] INFO  impl.RoleInfo (RoleInfo.java:updateAndGet(143)) - 7fae3aed-4e76-4283-a599-f93f794625ab: start FollowerState
2019-10-30 05:53:55,097 [Thread-2792] INFO  impl.FollowerState (FollowerState.java:run(117)) - 58095e90-3010-492a-9083-43cf2e035c3f@group-BCADF287A12B-FollowerState was interrupted: java.lang.InterruptedException: sleep interrupted
2019-10-30 05:53:55,111 [9127dd83-037b-4d39-812f-66db56af525a@group-BCADF287A12B-LeaderElection381] INFO  impl.LeaderElection (LeaderElection.java:logAndReturn(56)) - 9127dd83-037b-4d39-812f-66db56af525a@group-BCADF287A12B-LeaderElection381: Election REJECTED; received 2 response(s) [9127dd83-037b-4d39-812f-66db56af525a<-7fae3aed-4e76-4283-a599-f93f794625ab#0:FAIL-t425, 9127dd83-037b-4d39-812f-66db56af525a<-58095e90-3010-492a-9083-43cf2e035c3f#0:FAIL-t425] and 0 exception(s); 9127dd83-037b-4d39-812f-66db56af525a@group-BCADF287A12B:t425, leader=null, voted=9127dd83-037b-4d39-812f-66db56af525a, raftlog=9127dd83-037b-4d39-812f-66db56af525a@group-BCADF287A12B-SegmentedRaftLog:OPENED:c-1,f-1,i0, conf=-1: [7fae3aed-4e76-4283-a599-f93f794625ab:192.168.34.21:41352, 58095e90-3010-492a-9083-43cf2e035c3f:192.168.34.21:45284, 9127dd83-037b-4d39-812f-66db56af525a:192.168.34.21:42063], old=null
2019-10-30 05:53:55,111 [9127dd83-037b-4d39-812f-66db56af525a@group-BCADF287A12B-LeaderElection381] INFO  impl.RaftServerImpl (RaftServerImpl.java:setRole(184)) - 9127dd83-037b-4d39-812f-66db56af525a@group-BCADF287A12B: changes role from CANDIDATE to FOLLOWER at term 425 for DISCOVERED_A_NEW_TERM
2019-10-30 05:53:55,111 [9127dd83-037b-4d39-812f-66db56af525a@group-BCADF287A12B-LeaderElection381] INFO  impl.RoleInfo (RoleInfo.java:shutdownLeaderElection(134)) - 9127dd83-037b-4d39-812f-66db56af525a: shutdown LeaderElection
2019-10-30 05:53:55,111 [9127dd83-037b-4d39-812f-66db56af525a@group-BCADF287A12B-LeaderElection381] INFO  impl.RoleInfo (RoleInfo.java:updateAndGet(143)) - 9127dd83-037b-4d39-812f-66db56af525a: start FollowerState
2019-10-30 05:53:55,148 [Thread-2800] INFO  impl.FollowerState (FollowerState.java:run(108)) - 9127dd83-037b-4d39-812f-66db56af525a@group-BCADF287A12B-FollowerState: change to CANDIDATE, lastRpcTime:37ms, electionTimeout:37ms
2019-10-30 05:53:55,148 [Thread-2800] INFO  impl.RoleInfo (RoleInfo.java:shutdownFollowerState(121)) - 9127dd83-037b-4d39-812f-66db56af525a: shutdown FollowerState
2019-10-30 05:53:55,148 [Thread-2800] INFO  impl.RaftServerImpl (RaftServerImpl.java:setRole(184)) - 9127dd83-037b-4d39-812f-66db56af525a@group-BCADF287A12B: changes role from  FOLLOWER to CANDIDATE at term 425 for changeToCandidate
2019-10-30 05:53:55,149 [Thread-2800] INFO  impl.RoleInfo (RoleInfo.java:updateAndGet(143)) - 9127dd83-037b-4d39-812f-66db56af525a: start LeaderElection
2019-10-30 05:53:55,161 [9127dd83-037b-4d39-812f-66db56af525a@group-BCADF287A12B-LeaderElection382] INFO  impl.LeaderElection (LeaderElection.java:askForVotes(178)) - 9127dd83-037b-4d39-812f-66db56af525a@group-BCADF287A12B-LeaderElection382: begin an election at term 426 for -1: [7fae3aed-4e76-4283-a599-f93f794625ab:192.168.34.21:41352, 58095e90-3010-492a-9083-43cf2e035c3f:192.168.34.21:45284, 9127dd83-037b-4d39-812f-66db56af525a:192.168.34.21:42063], old=null
2019-10-30 05:53:55,163 [grpc-default-executor-2] INFO  impl.RaftServerImpl (RaftServerImpl.java:setRole(184)) - 58095e90-3010-492a-9083-43cf2e035c3f@group-BCADF287A12B: changes role from  FOLLOWER to FOLLOWER at term 426 for recognizeCandidate:9127dd83-037b-4d39-812f-66db56af525a
2019-10-30 05:53:55,163 [grpc-default-executor-2] INFO  impl.RoleInfo (RoleInfo.java:shutdownFollowerState(121)) - 58095e90-3010-492a-9083-43cf2e035c3f: shutdown FollowerState
2019-10-30 05:53:55,163 [grpc-default-executor-0] INFO  impl.RaftServerImpl (RaftServerImpl.java:setRole(184)) - 7fae3aed-4e76-4283-a599-f93f794625ab@group-BCADF287A12B: changes role from  FOLLOWER to FOLLOWER at term 426 for recognizeCandidate:9127dd83-037b-4d39-812f-66db56af525a
2019-10-30 05:53:55,163 [grpc-default-executor-0] INFO  impl.RoleInfo (RoleInfo.java:shutdownFollowerState(121)) - 7fae3aed-4e76-4283-a599-f93f794625ab: shutdown FollowerState
2019-10-30 05:53:55,163 [Thread-2798] INFO  impl.FollowerState (FollowerState.java:run(117)) - 58095e90-3010-492a-9083-43cf2e035c3f@group-BCADF287A12B-FollowerState was interrupted: java.lang.InterruptedException: sleep interrupted
2019-10-30 05:53:55,163 [grpc-default-executor-2] INFO  impl.RoleInfo (RoleInfo.java:updateAndGet(143)) - 58095e90-3010-492a-9083-43cf2e035c3f: start FollowerState
2019-10-30 05:53:55,163 [Thread-2799] INFO  impl.FollowerState (FollowerState.java:run(117)) - 7fae3aed-4e76-4283-a599-f93f794625ab@group-BCADF287A12B-FollowerState was interrupted: java.lang.InterruptedException: sleep interrupted
2019-10-30 05:53:55,163 [grpc-default-executor-0] INFO  impl.RoleInfo (RoleInfo.java:updateAndGet(143)) - 7fae3aed-4e76-4283-a599-f93f794625ab: start FollowerState
2019-10-30 05:53:55,179 [9127dd83-037b-4d39-812f-66db56af525a@group-BCADF287A12B-LeaderElection382] INFO  impl.LeaderElection (LeaderElection.java:logAndReturn(56)) - 9127dd83-037b-4d39-812f-66db56af525a@group-BCADF287A12B-LeaderElection382: Election REJECTED; received 2 response(s) [9127dd83-037b-4d39-812f-66db56af525a<-7fae3aed-4e76-4283-a599-f93f794625ab#0:FAIL-t426, 9127dd83-037b-4d39-812f-66db56af525a<-58095e90-3010-492a-9083-43cf2e035c3f#0:FAIL-t426] and 0 exception(s); 9127dd83-037b-4d39-812f-66db56af525a@group-BCADF287A12B:t426, leader=null, voted=9127dd83-037b-4d39-812f-66db56af525a, raftlog=9127dd83-037b-4d39-812f-66db56af525a@group-BCADF287A12B-SegmentedRaftLog:OPENED:c-1,f-1,i0, conf=-1: [7fae3aed-4e76-4283-a599-f93f794625ab:192.168.34.21:41352, 58095e90-3010-492a-9083-43cf2e035c3f:192.168.34.21:45284, 9127dd83-037b-4d39-812f-66db56af525a:192.168.34.21:42063], old=null
2019-10-30 05:53:55,180 [9127dd83-037b-4d39-812f-66db56af525a@group-BCADF287A12B-LeaderElection382] INFO  impl.RaftServerImpl (RaftServerImpl.java:setRole(184)) - 9127dd83-037b-4d39-812f-66db56af525a@group-BCADF287A12B: changes role from CANDIDATE to FOLLOWER at term 426 for DISCOVERED_A_NEW_TERM
2019-10-30 05:53:55,180 [9127dd83-037b-4d39-812f-66db56af525a@group-BCADF287A12B-LeaderElection382] INFO  impl.RoleInfo (RoleInfo.java:shutdownLeaderElection(134)) - 9127dd83-037b-4d39-812f-66db56af525a: shutdown LeaderElection
2019-10-30 05:53:55,180 [9127dd83-037b-4d39-812f-66db56af525a@group-BCADF287A12B-LeaderElection382] INFO  impl.RoleInfo (RoleInfo.java:updateAndGet(143)) - 9127dd83-037b-4d39-812f-66db56af525a: start FollowerState
2019-10-30 05:53:55,236 [Thread-2806] INFO  impl.FollowerState (FollowerState.java:run(108)) - 9127dd83-037b-4d39-812f-66db56af525a@group-BCADF287A12B-FollowerState: change to CANDIDATE, lastRpcTime:56ms, electionTimeout:56ms
2019-10-30 05:53:55,236 [Thread-2806] INFO  impl.RoleInfo (RoleInfo.java:shutdownFollowerState(121)) - 9127dd83-037b-4d39-812f-66db56af525a: shutdown FollowerState
2019-10-30 05:53:55,236 [Thread-2806] INFO  impl.RaftServerImpl (RaftServerImpl.java:setRole(184)) - 9127dd83-037b-4d39-812f-66db56af525a@group-BCADF287A12B: changes role from  FOLLOWER to CANDIDATE at term 426 for changeToCandidate
2019-10-30 05:53:55,237 [Thread-2806] INFO  impl.RoleInfo (RoleInfo.java:updateAndGet(143)) - 9127dd83-037b-4d39-812f-66db56af525a: start LeaderElection
2019-10-30 05:53:55,249 [9127dd83-037b-4d39-812f-66db56af525a@group-BCADF287A12B-LeaderElection383] INFO  impl.LeaderElection (LeaderElection.java:askForVotes(178)) - 9127dd83-037b-4d39-812f-66db56af525a@group-BCADF287A12B-LeaderElection383: begin an election at term 427 for -1: [7fae3aed-4e76-4283-a599-f93f794625ab:192.168.34.21:41352, 58095e90-3010-492a-9083-43cf2e035c3f:192.168.34.21:45284, 9127dd83-037b-4d39-812f-66db56af525a:192.168.34.21:42063], old=null
2019-10-30 05:53:55,251 [grpc-default-executor-0] INFO  impl.RaftServerImpl (RaftServerImpl.java:setRole(184)) - 58095e90-3010-492a-9083-43cf2e035c3f@group-BCADF287A12B: changes role from  FOLLOWER to FOLLOWER at term 427 for recognizeCandidate:9127dd83-037b-4d39-812f-66db56af525a
2019-10-30 05:53:55,251 [grpc-default-executor-2] INFO  impl.RaftServerImpl (RaftServerImpl.java:setRole(184)) - 7fae3aed-4e76-4283-a599-f93f794625ab@group-BCADF287A12B: changes role from  FOLLOWER to FOLLOWER at term 427 for recognizeCandidate:9127dd83-037b-4d39-812f-66db56af525a
2019-10-30 05:53:55,251 [grpc-default-executor-0] INFO  impl.RoleInfo (RoleInfo.java:shutdownFollowerState(121)) - 58095e90-3010-492a-9083-43cf2e035c3f: shutdown FollowerState
2019-10-30 05:53:55,251 [grpc-default-executor-2] INFO  impl.RoleInfo (RoleInfo.java:shutdownFollowerState(121)) - 7fae3aed-4e76-4283-a599-f93f794625ab: shutdown FollowerState
2019-10-30 05:53:55,251 [Thread-2804] INFO  impl.FollowerState (FollowerState.java:run(117)) - 58095e90-3010-492a-9083-43cf2e035c3f@group-BCADF287A12B-FollowerState was interrupted: java.lang.InterruptedException: sleep interrupted
2019-10-30 05:53:55,251 [grpc-default-executor-0] INFO  impl.RoleInfo (RoleInfo.java:updateAndGet(143)) - 58095e90-3010-492a-9083-43cf2e035c3f: start FollowerState
2019-10-30 05:53:55,251 [Thread-2805] INFO  impl.FollowerState (FollowerState.java:run(117)) - 7fae3aed-4e76-4283-a599-f93f794625ab@group-BCADF287A12B-FollowerState was interrupted: java.lang.InterruptedException: sleep interrupted
2019-10-30 05:53:55,251 [grpc-default-executor-2] INFO  impl.RoleInfo (RoleInfo.java:updateAndGet(143)) - 7fae3aed-4e76-4283-a599-f93f794625ab: start FollowerState
2019-10-30 05:53:55,264 [9127dd83-037b-4d39-812f-66db56af525a@group-BCADF287A12B-LeaderElection383] INFO  impl.LeaderElection (LeaderElection.java:logAndReturn(56)) - 9127dd83-037b-4d39-812f-66db56af525a@group-BCADF287A12B-LeaderElection383: Election REJECTED; received 2 response(s) [9127dd83-037b-4d39-812f-66db56af525a<-7fae3aed-4e76-4283-a599-f93f794625ab#0:FAIL-t427, 9127dd83-037b-4d39-812f-66db56af525a<-58095e90-3010-492a-9083-43cf2e035c3f#0:FAIL-t427] and 0 exception(s); 9127dd83-037b-4d39-812f-66db56af525a@group-BCADF287A12B:t427, leader=null, voted=9127dd83-037b-4d39-812f-66db56af525a, raftlog=9127dd83-037b-4d39-812f-66db56af525a@group-BCADF287A12B-SegmentedRaftLog:OPENED:c-1,f-1,i0, conf=-1: [7fae3aed-4e76-4283-a599-f93f794625ab:192.168.34.21:41352, 58095e90-3010-492a-9083-43cf2e035c3f:192.168.34.21:45284, 9127dd83-037b-4d39-812f-66db56af525a:192.168.34.21:42063], old=null
2019-10-30 05:53:55,265 [9127dd83-037b-4d39-812f-66db56af525a@group-BCADF287A12B-LeaderElection383] INFO  impl.RaftServerImpl (RaftServerImpl.java:setRole(184)) - 9127dd83-037b-4d39-812f-66db56af525a@group-BCADF287A12B: changes role from CANDIDATE to FOLLOWER at term 427 for DISCOVERED_A_NEW_TERM
2019-10-30 05:53:55,265 [9127dd83-037b-4d39-812f-66db56af525a@group-BCADF287A12B-LeaderElection383] INFO  impl.RoleInfo (RoleInfo.java:shutdownLeaderElection(134)) - 9127dd83-037b-4d39-812f-66db56af525a: shutdown LeaderElection
2019-10-30 05:53:55,265 [9127dd83-037b-4d39-812f-66db56af525a@group-BCADF287A12B-LeaderElection383] INFO  impl.RoleInfo (RoleInfo.java:updateAndGet(143)) - 9127dd83-037b-4d39-812f-66db56af525a: start FollowerState
2019-10-30 05:53:55,278 [Thread-2812] INFO  impl.FollowerState (FollowerState.java:run(108)) - 9127dd83-037b-4d39-812f-66db56af525a@group-BCADF287A12B-FollowerState: change to CANDIDATE, lastRpcTime:13ms, electionTimeout:13ms
2019-10-30 05:53:55,278 [Thread-2812] INFO  impl.RoleInfo (RoleInfo.java:shutdownFollowerState(121)) - 9127dd83-037b-4d39-812f-66db56af525a: shutdown FollowerState
2019-10-30 05:53:55,278 [Thread-2812] INFO  impl.RaftServerImpl (RaftServerImpl.java:setRole(184)) - 9127dd83-037b-4d39-812f-66db56af525a@group-BCADF287A12B: changes role from  FOLLOWER to CANDIDATE at term 427 for changeToCandidate
2019-10-30 05:53:55,278 [Thread-2812] INFO  impl.RoleInfo (RoleInfo.java:updateAndGet(143)) - 9127dd83-037b-4d39-812f-66db56af525a: start LeaderElection
2019-10-30 05:53:55,317 [9127dd83-037b-4d39-812f-66db56af525a@group-BCADF287A12B-LeaderElection384] INFO  impl.LeaderElection (LeaderElection.java:askForVotes(178)) - 9127dd83-037b-4d39-812f-66db56af525a@group-BCADF287A12B-LeaderElection384: begin an election at term 428 for -1: [7fae3aed-4e76-4283-a599-f93f794625ab:192.168.34.21:41352, 58095e90-3010-492a-9083-43cf2e035c3f:192.168.34.21:45284, 9127dd83-037b-4d39-812f-66db56af525a:192.168.34.21:42063], old=null
2019-10-30 05:53:55,319 [grpc-default-executor-2] INFO  impl.RaftServerImpl (RaftServerImpl.java:setRole(184)) - 7fae3aed-4e76-4283-a599-f93f794625ab@group-BCADF287A12B: changes role from  FOLLOWER to FOLLOWER at term 428 for recognizeCandidate:9127dd83-037b-4d39-812f-66db56af525a
2019-10-30 05:53:55,319 [grpc-default-executor-2] INFO  impl.RoleInfo (RoleInfo.java:shutdownFollowerState(121)) - 7fae3aed-4e76-4283-a599-f93f794625ab: shutdown FollowerState
2019-10-30 05:53:55,319 [grpc-default-executor-0] INFO  impl.RaftServerImpl (RaftServerImpl.java:setRole(184)) - 58095e90-3010-492a-9083-43cf2e035c3f@group-BCADF287A12B: changes role from  FOLLOWER to FOLLOWER at term 428 for recognizeCandidate:9127dd83-037b-4d39-812f-66db56af525a
2019-10-30 05:53:55,319 [Thread-2811] INFO  impl.FollowerState (FollowerState.java:run(117)) - 7fae3aed-4e76-4283-a599-f93f794625ab@group-BCADF287A12B-FollowerState was interrupted: java.lang.InterruptedException: sleep interrupted
2019-10-30 05:53:55,319 [grpc-default-executor-2] INFO  impl.RoleInfo (RoleInfo.java:updateAndGet(143)) - 7fae3aed-4e76-4283-a599-f93f794625ab: start FollowerState
2019-10-30 05:53:55,319 [grpc-default-executor-0] INFO  impl.RoleInfo (RoleInfo.java:shutdownFollowerState(121)) - 58095e90-3010-492a-9083-43cf2e035c3f: shutdown FollowerState
2019-10-30 05:53:55,319 [grpc-default-executor-0] INFO  impl.RoleInfo (RoleInfo.java:updateAndGet(143)) - 58095e90-3010-492a-9083-43cf2e035c3f: start FollowerState
2019-10-30 05:53:55,319 [Thread-2810] INFO  impl.FollowerState (FollowerState.java:run(117)) - 58095e90-3010-492a-9083-43cf2e035c3f@group-BCADF287A12B-FollowerState was interrupted: java.lang.InterruptedException: sleep interrupted
2019-10-30 05:53:55,356 [9127dd83-037b-4d39-812f-66db56af525a@group-BCADF287A12B-LeaderElection384] INFO  impl.LeaderElection (LeaderElection.java:logAndReturn(56)) - 9127dd83-037b-4d39-812f-66db56af525a@group-BCADF287A12B-LeaderElection384: Election REJECTED; received 2 response(s) [9127dd83-037b-4d39-812f-66db56af525a<-7fae3aed-4e76-4283-a599-f93f794625ab#0:FAIL-t428, 9127dd83-037b-4d39-812f-66db56af525a<-58095e90-3010-492a-9083-43cf2e035c3f#0:FAIL-t428] and 0 exception(s); 9127dd83-037b-4d39-812f-66db56af525a@group-BCADF287A12B:t428, leader=null, voted=9127dd83-037b-4d39-812f-66db56af525a, raftlog=9127dd83-037b-4d39-812f-66db56af525a@group-BCADF287A12B-SegmentedRaftLog:OPENED:c-1,f-1,i0, conf=-1: [7fae3aed-4e76-4283-a599-f93f794625ab:192.168.34.21:41352, 58095e90-3010-492a-9083-43cf2e035c3f:192.168.34.21:45284, 9127dd83-037b-4d39-812f-66db56af525a:192.168.34.21:42063], old=null
2019-10-30 05:53:55,356 [9127dd83-037b-4d39-812f-66db56af525a@group-BCADF287A12B-LeaderElection384] INFO  impl.RaftServerImpl (RaftServerImpl.java:setRole(184)) - 9127dd83-037b-4d39-812f-66db56af525a@group-BCADF287A12B: changes role from CANDIDATE to FOLLOWER at term 428 for DISCOVERED_A_NEW_TERM
2019-10-30 05:53:55,356 [9127dd83-037b-4d39-812f-66db56af525a@group-BCADF287A12B-LeaderElection384] INFO  impl.RoleInfo (RoleInfo.java:shutdownLeaderElection(134)) - 9127dd83-037b-4d39-812f-66db56af525a: shutdown LeaderElection
2019-10-30 05:53:55,357 [9127dd83-037b-4d39-812f-66db56af525a@group-BCADF287A12B-LeaderElection384] INFO  impl.RoleInfo (RoleInfo.java:updateAndGet(143)) - 9127dd83-037b-4d39-812f-66db56af525a: start FollowerState
2019-10-30 05:53:55,469 [Thread-2818] INFO  impl.FollowerState (FollowerState.java:run(108)) - 9127dd83-037b-4d39-812f-66db56af525a@group-BCADF287A12B-FollowerState: change to CANDIDATE, lastRpcTime:112ms, electionTimeout:112ms
2019-10-30 05:53:55,469 [Thread-2818] INFO  impl.RoleInfo (RoleInfo.java:shutdownFollowerState(121)) - 9127dd83-037b-4d39-812f-66db56af525a: shutdown FollowerState
2019-10-30 05:53:55,469 [Thread-2818] INFO  impl.RaftServerImpl (RaftServerImpl.java:setRole(184)) - 9127dd83-037b-4d39-812f-66db56af525a@group-BCADF287A12B: changes role from  FOLLOWER to CANDIDATE at term 428 for changeToCandidate
2019-10-30 05:53:55,469 [Thread-2818] INFO  impl.RoleInfo (RoleInfo.java:updateAndGet(143)) - 9127dd83-037b-4d39-812f-66db56af525a: start LeaderElection
2019-10-30 05:53:55,494 [9127dd83-037b-4d39-812f-66db56af525a@group-BCADF287A12B-LeaderElection385] INFO  impl.LeaderElection (LeaderElection.java:askForVotes(178)) - 9127dd83-037b-4d39-812f-66db56af525a@group-BCADF287A12B-LeaderElection385: begin an election at term 429 for -1: [7fae3aed-4e76-4283-a599-f93f794625ab:192.168.34.21:41352, 58095e90-3010-492a-9083-43cf2e035c3f:192.168.34.21:45284, 9127dd83-037b-4d39-812f-66db56af525a:192.168.34.21:42063], old=null
2019-10-30 05:53:55,496 [grpc-default-executor-2] INFO  impl.RaftServerImpl (RaftServerImpl.java:setRole(184)) - 58095e90-3010-492a-9083-43cf2e035c3f@group-BCADF287A12B: changes role from  FOLLOWER to FOLLOWER at term 429 for recognizeCandidate:9127dd83-037b-4d39-812f-66db56af525a
2019-10-30 05:53:55,496 [grpc-default-executor-2] INFO  impl.RoleInfo (RoleInfo.java:shutdownFollowerState(121)) - 58095e90-3010-492a-9083-43cf2e035c3f: shutdown FollowerState
2019-10-30 05:53:55,496 [grpc-default-executor-0] INFO  impl.RaftServerImpl (RaftServerImpl.java:setRole(184)) - 7fae3aed-4e76-4283-a599-f93f794625ab@group-BCADF287A12B: changes role from  FOLLOWER to FOLLOWER at term 429 for recognizeCandidate:9127dd83-037b-4d39-812f-66db56af525a
2019-10-30 05:53:55,496 [Thread-2817] INFO  impl.FollowerState (FollowerState.java:run(117)) - 58095e90-3010-492a-9083-43cf2e035c3f@group-BCADF287A12B-FollowerState was interrupted: java.lang.InterruptedException: sleep interrupted
2019-10-30 05:53:55,496 [grpc-default-executor-2] INFO  impl.RoleInfo (RoleInfo.java:updateAndGet(143)) - 58095e90-3010-492a-9083-43cf2e035c3f: start FollowerState
2019-10-30 05:53:55,496 [grpc-default-executor-0] INFO  impl.RoleInfo (RoleInfo.java:shutdownFollowerState(121)) - 7fae3aed-4e76-4283-a599-f93f794625ab: shutdown FollowerState
2019-10-30 05:53:55,497 [grpc-default-executor-0] INFO  impl.RoleInfo (RoleInfo.java:updateAndGet(143)) - 7fae3aed-4e76-4283-a599-f93f794625ab: start FollowerState
2019-10-30 05:53:55,497 [Thread-2816] INFO  impl.FollowerState (FollowerState.java:run(117)) - 7fae3aed-4e76-4283-a599-f93f794625ab@group-BCADF287A12B-FollowerState was interrupted: java.lang.InterruptedException: sleep interrupted
2019-10-30 05:53:55,510 [9127dd83-037b-4d39-812f-66db56af525a@group-BCADF287A12B-LeaderElection385] INFO  impl.LeaderElection (LeaderElection.java:logAndReturn(56)) - 9127dd83-037b-4d39-812f-66db56af525a@group-BCADF287A12B-LeaderElection385: Election REJECTED; received 2 response(s) [9127dd83-037b-4d39-812f-66db56af525a<-7fae3aed-4e76-4283-a599-f93f794625ab#0:FAIL-t429, 9127dd83-037b-4d39-812f-66db56af525a<-58095e90-3010-492a-9083-43cf2e035c3f#0:FAIL-t429] and 0 exception(s); 9127dd83-037b-4d39-812f-66db56af525a@group-BCADF287A12B:t429, leader=null, voted=9127dd83-037b-4d39-812f-66db56af525a, raftlog=9127dd83-037b-4d39-812f-66db56af525a@group-BCADF287A12B-SegmentedRaftLog:OPENED:c-1,f-1,i0, conf=-1: [7fae3aed-4e76-4283-a599-f93f794625ab:192.168.34.21:41352, 58095e90-3010-492a-9083-43cf2e035c3f:192.168.34.21:45284, 9127dd83-037b-4d39-812f-66db56af525a:192.168.34.21:42063], old=null
2019-10-30 05:53:55,510 [9127dd83-037b-4d39-812f-66db56af525a@group-BCADF287A12B-LeaderElection385] INFO  impl.RaftServerImpl (RaftServerImpl.java:setRole(184)) - 9127dd83-037b-4d39-812f-66db56af525a@group-BCADF287A12B: changes role from CANDIDATE to FOLLOWER at term 429 for DISCOVERED_A_NEW_TERM
2019-10-30 05:53:55,510 [9127dd83-037b-4d39-812f-66db56af525a@group-BCADF287A12B-LeaderElection385] INFO  impl.RoleInfo (RoleInfo.java:shutdownLeaderElection(134)) - 9127dd83-037b-4d39-812f-66db56af525a: shutdown LeaderElection
2019-10-30 05:53:55,510 [9127dd83-037b-4d39-812f-66db56af525a@group-BCADF287A12B-LeaderElection385] INFO  impl.RoleInfo (RoleInfo.java:updateAndGet(143)) - 9127dd83-037b-4d39-812f-66db56af525a: start FollowerState
2019-10-30 05:53:55,551 [Thread-2824] INFO  impl.FollowerState (FollowerState.java:run(108)) - 9127dd83-037b-4d39-812f-66db56af525a@group-BCADF287A12B-FollowerState: change to CANDIDATE, lastRpcTime:40ms, electionTimeout:40ms
2019-10-30 05:53:55,551 [Thread-2824] INFO  impl.RoleInfo (RoleInfo.java:shutdownFollowerState(121)) - 9127dd83-037b-4d39-812f-66db56af525a: shutdown FollowerState
2019-10-30 05:53:55,551 [Thread-2824] INFO  impl.RaftServerImpl (RaftServerImpl.java:setRole(184)) - 9127dd83-037b-4d39-812f-66db56af525a@group-BCADF287A12B: changes role from  FOLLOWER to CANDIDATE at term 429 for changeToCandidate
2019-10-30 05:53:55,551 [Thread-2824] INFO  impl.RoleInfo (RoleInfo.java:updateAndGet(143)) - 9127dd83-037b-4d39-812f-66db56af525a: start LeaderElection
2019-10-30 05:53:55,564 [9127dd83-037b-4d39-812f-66db56af525a@group-BCADF287A12B-LeaderElection386] INFO  impl.LeaderElection (LeaderElection.java:askForVotes(178)) - 9127dd83-037b-4d39-812f-66db56af525a@group-BCADF287A12B-LeaderElection386: begin an election at term 430 for -1: [7fae3aed-4e76-4283-a599-f93f794625ab:192.168.34.21:41352, 58095e90-3010-492a-9083-43cf2e035c3f:192.168.34.21:45284, 9127dd83-037b-4d39-812f-66db56af525a:192.168.34.21:42063], old=null
2019-10-30 05:53:55,566 [grpc-default-executor-0] INFO  impl.RaftServerImpl (RaftServerImpl.java:setRole(184)) - 7fae3aed-4e76-4283-a599-f93f794625ab@group-BCADF287A12B: changes role from  FOLLOWER to FOLLOWER at term 430 for recognizeCandidate:9127dd83-037b-4d39-812f-66db56af525a
2019-10-30 05:53:55,566 [grpc-default-executor-2] INFO  impl.RaftServerImpl (RaftServerImpl.java:setRole(184)) - 58095e90-3010-492a-9083-43cf2e035c3f@group-BCADF287A12B: changes role from  FOLLOWER to FOLLOWER at term 430 for recognizeCandidate:9127dd83-037b-4d39-812f-66db56af525a
2019-10-30 05:53:55,566 [grpc-default-executor-2] INFO  impl.RoleInfo (RoleInfo.java:shutdownFollowerState(121)) - 58095e90-3010-492a-9083-43cf2e035c3f: shutdown FollowerState
2019-10-30 05:53:55,566 [grpc-default-executor-0] INFO  impl.RoleInfo (RoleInfo.java:shutdownFollowerState(121)) - 7fae3aed-4e76-4283-a599-f93f794625ab: shutdown FollowerState
2019-10-30 05:53:55,566 [Thread-2822] INFO  impl.FollowerState (FollowerState.java:run(117)) - 58095e90-3010-492a-9083-43cf2e035c3f@group-BCADF287A12B-FollowerState was interrupted: java.lang.InterruptedException: sleep interrupted
2019-10-30 05:53:55,566 [grpc-default-executor-2] INFO  impl.RoleInfo (RoleInfo.java:updateAndGet(143)) - 58095e90-3010-492a-9083-43cf2e035c3f: start FollowerState
2019-10-30 05:53:55,566 [Thread-2823] INFO  impl.FollowerState (FollowerState.java:run(117)) - 7fae3aed-4e76-4283-a599-f93f794625ab@group-BCADF287A12B-FollowerState was interrupted: java.lang.InterruptedException: sleep interrupted
2019-10-30 05:53:55,566 [grpc-default-executor-0] INFO  impl.RoleInfo (RoleInfo.java:updateAndGet(143)) - 7fae3aed-4e76-4283-a599-f93f794625ab: start FollowerState
2019-10-30 05:53:55,580 [9127dd83-037b-4d39-812f-66db56af525a@group-BCADF287A12B-LeaderElection386] INFO  impl.LeaderElection (LeaderElection.java:logAndReturn(56)) - 9127dd83-037b-4d39-812f-66db56af525a@group-BCADF287A12B-LeaderElection386: Election REJECTED; received 2 response(s) [9127dd83-037b-4d39-812f-66db56af525a<-7fae3aed-4e76-4283-a599-f93f794625ab#0:FAIL-t430, 9127dd83-037b-4d39-812f-66db56af525a<-58095e90-3010-492a-9083-43cf2e035c3f#0:FAIL-t430] and 0 exception(s); 9127dd83-037b-4d39-812f-66db56af525a@group-BCADF287A12B:t430, leader=null, voted=9127dd83-037b-4d39-812f-66db56af525a, raftlog=9127dd83-037b-4d39-812f-66db56af525a@group-BCADF287A12B-SegmentedRaftLog:OPENED:c-1,f-1,i0, conf=-1: [7fae3aed-4e76-4283-a599-f93f794625ab:192.168.34.21:41352, 58095e90-3010-492a-9083-43cf2e035c3f:192.168.34.21:45284, 9127dd83-037b-4d39-812f-66db56af525a:192.168.34.21:42063], old=null
2019-10-30 05:53:55,581 [9127dd83-037b-4d39-812f-66db56af525a@group-BCADF287A12B-LeaderElection386] INFO  impl.RaftServerImpl (RaftServerImpl.java:setRole(184)) - 9127dd83-037b-4d39-812f-66db56af525a@group-BCADF287A12B: changes role from CANDIDATE to FOLLOWER at term 430 for DISCOVERED_A_NEW_TERM
2019-10-30 05:53:55,581 [9127dd83-037b-4d39-812f-66db56af525a@group-BCADF287A12B-LeaderElection386] INFO  impl.RoleInfo (RoleInfo.java:shutdownLeaderElection(134)) - 9127dd83-037b-4d39-812f-66db56af525a: shutdown LeaderElection
2019-10-30 05:53:55,581 [9127dd83-037b-4d39-812f-66db56af525a@group-BCADF287A12B-LeaderElection386] INFO  impl.RoleInfo (RoleInfo.java:updateAndGet(143)) - 9127dd83-037b-4d39-812f-66db56af525a: start FollowerState
2019-10-30 05:53:55,583 [Thread-2832] INFO  impl.FollowerState (FollowerState.java:run(108)) - 9127dd83-037b-4d39-812f-66db56af525a@group-BCADF287A12B-FollowerState: change to CANDIDATE, lastRpcTime:2ms, electionTimeout:2ms
2019-10-30 05:53:55,583 [Thread-2832] INFO  impl.RoleInfo (RoleInfo.java:shutdownFollowerState(121)) - 9127dd83-037b-4d39-812f-66db56af525a: shutdown FollowerState
2019-10-30 05:53:55,583 [Thread-2832] INFO  impl.RaftServerImpl (RaftServerImpl.java:setRole(184)) - 9127dd83-037b-4d39-812f-66db56af525a@group-BCADF287A12B: changes role from  FOLLOWER to CANDIDATE at term 430 for changeToCandidate
2019-10-30 05:53:55,583 [Thread-2832] INFO  impl.RoleInfo (RoleInfo.java:updateAndGet(143)) - 9127dd83-037b-4d39-812f-66db56af525a: start LeaderElection
2019-10-30 05:53:55,596 [9127dd83-037b-4d39-812f-66db56af525a@group-BCADF287A12B-LeaderElection387] INFO  impl.LeaderElection (LeaderElection.java:askForVotes(178)) - 9127dd83-037b-4d39-812f-66db56af525a@group-BCADF287A12B-LeaderElection387: begin an election at term 431 for -1: [7fae3aed-4e76-4283-a599-f93f794625ab:192.168.34.21:41352, 58095e90-3010-492a-9083-43cf2e035c3f:192.168.34.21:45284, 9127dd83-037b-4d39-812f-66db56af525a:192.168.34.21:42063], old=null
2019-10-30 05:53:55,598 [grpc-default-executor-2] INFO  impl.RaftServerImpl (RaftServerImpl.java:setRole(184)) - 7fae3aed-4e76-4283-a599-f93f794625ab@group-BCADF287A12B: changes role from  FOLLOWER to FOLLOWER at term 431 for recognizeCandidate:9127dd83-037b-4d39-812f-66db56af525a
2019-10-30 05:53:55,598 [grpc-default-executor-0] INFO  impl.RaftServerImpl (RaftServerImpl.java:setRole(184)) - 58095e90-3010-492a-9083-43cf2e035c3f@group-BCADF287A12B: changes role from  FOLLOWER to FOLLOWER at term 431 for recognizeCandidate:9127dd83-037b-4d39-812f-66db56af525a
2019-10-30 05:53:55,598 [grpc-default-executor-0] INFO  impl.RoleInfo (RoleInfo.java:shutdownFollowerState(121)) - 58095e90-3010-492a-9083-43cf2e035c3f: shutdown FollowerState
2019-10-30 05:53:55,598 [grpc-default-executor-2] INFO  impl.RoleInfo (RoleInfo.java:shutdownFollowerState(121)) - 7fae3aed-4e76-4283-a599-f93f794625ab: shutdown FollowerState
2019-10-30 05:53:55,598 [Thread-2828] INFO  impl.FollowerState (FollowerState.java:run(117)) - 58095e90-3010-492a-9083-43cf2e035c3f@group-BCADF287A12B-FollowerState was interrupted: java.lang.InterruptedException: sleep interrupted
2019-10-30 05:53:55,598 [grpc-default-executor-0] INFO  impl.RoleInfo (RoleInfo.java:updateAndGet(143)) - 58095e90-3010-492a-9083-43cf2e035c3f: start FollowerState
2019-10-30 05:53:55,598 [Thread-2829] INFO  impl.FollowerState (FollowerState.java:run(117)) - 7fae3aed-4e76-4283-a599-f93f794625ab@group-BCADF287A12B-FollowerState was interrupted: java.lang.InterruptedException: sleep interrupted
2019-10-30 05:53:55,598 [grpc-default-executor-2] INFO  impl.RoleInfo (RoleInfo.java:updateAndGet(143)) - 7fae3aed-4e76-4283-a599-f93f794625ab: start FollowerState
2019-10-30 05:53:55,612 [9127dd83-037b-4d39-812f-66db56af525a@group-BCADF287A12B-LeaderElection387] INFO  impl.LeaderElection (LeaderElection.java:logAndReturn(56)) - 9127dd83-037b-4d39-812f-66db56af525a@group-BCADF287A12B-LeaderElection387: Election REJECTED; received 2 response(s) [9127dd83-037b-4d39-812f-66db56af525a<-7fae3aed-4e76-4283-a599-f93f794625ab#0:FAIL-t431, 9127dd83-037b-4d39-812f-66db56af525a<-58095e90-3010-492a-9083-43cf2e035c3f#0:FAIL-t431] and 0 exception(s); 9127dd83-037b-4d39-812f-66db56af525a@group-BCADF287A12B:t431, leader=null, voted=9127dd83-037b-4d39-812f-66db56af525a, raftlog=9127dd83-037b-4d39-812f-66db56af525a@group-BCADF287A12B-SegmentedRaftLog:OPENED:c-1,f-1,i0, conf=-1: [7fae3aed-4e76-4283-a599-f93f794625ab:192.168.34.21:41352, 58095e90-3010-492a-9083-43cf2e035c3f:192.168.34.21:45284, 9127dd83-037b-4d39-812f-66db56af525a:192.168.34.21:42063], old=null
2019-10-30 05:53:55,612 [9127dd83-037b-4d39-812f-66db56af525a@group-BCADF287A12B-LeaderElection387] INFO  impl.RaftServerImpl (RaftServerImpl.java:setRole(184)) - 9127dd83-037b-4d39-812f-66db56af525a@group-BCADF287A12B: changes role from CANDIDATE to FOLLOWER at term 431 for DISCOVERED_A_NEW_TERM
2019-10-30 05:53:55,612 [9127dd83-037b-4d39-812f-66db56af525a@group-BCADF287A12B-LeaderElection387] INFO  impl.RoleInfo (RoleInfo.java:shutdownLeaderElection(134)) - 9127dd83-037b-4d39-812f-66db56af525a: shutdown LeaderElection
2019-10-30 05:53:55,612 [9127dd83-037b-4d39-812f-66db56af525a@group-BCADF287A12B-LeaderElection387] INFO  impl.RoleInfo (RoleInfo.java:updateAndGet(143)) - 9127dd83-037b-4d39-812f-66db56af525a: start FollowerState
2019-10-30 05:53:55,794 [Thread-2838] INFO  impl.FollowerState (FollowerState.java:run(108)) - 9127dd83-037b-4d39-812f-66db56af525a@group-BCADF287A12B-FollowerState: change to CANDIDATE, lastRpcTime:181ms, electionTimeout:181ms
2019-10-30 05:53:55,794 [Thread-2838] INFO  impl.RoleInfo (RoleInfo.java:shutdownFollowerState(121)) - 9127dd83-037b-4d39-812f-66db56af525a: shutdown FollowerState
2019-10-30 05:53:55,794 [Thread-2838] INFO  impl.RaftServerImpl (RaftServerImpl.java:setRole(184)) - 9127dd83-037b-4d39-812f-66db56af525a@group-BCADF287A12B: changes role from  FOLLOWER to CANDIDATE at term 431 for changeToCandidate
2019-10-30 05:53:55,794 [Thread-2838] INFO  impl.RoleInfo (RoleInfo.java:updateAndGet(143)) - 9127dd83-037b-4d39-812f-66db56af525a: start LeaderElection
2019-10-30 05:53:55,808 [9127dd83-037b-4d39-812f-66db56af525a@group-BCADF287A12B-LeaderElection388] INFO  impl.LeaderElection (LeaderElection.java:askForVotes(178)) - 9127dd83-037b-4d39-812f-66db56af525a@group-BCADF287A12B-LeaderElection388: begin an election at term 432 for -1: [7fae3aed-4e76-4283-a599-f93f794625ab:192.168.34.21:41352, 58095e90-3010-492a-9083-43cf2e035c3f:192.168.34.21:45284, 9127dd83-037b-4d39-812f-66db56af525a:192.168.34.21:42063], old=null
2019-10-30 05:53:55,809 [grpc-default-executor-0] INFO  impl.RaftServerImpl (RaftServerImpl.java:setRole(184)) - 7fae3aed-4e76-4283-a599-f93f794625ab@group-BCADF287A12B: changes role from  FOLLOWER to FOLLOWER at term 432 for recognizeCandidate:9127dd83-037b-4d39-812f-66db56af525a
2019-10-30 05:53:55,810 [grpc-default-executor-0] INFO  impl.RoleInfo (RoleInfo.java:shutdownFollowerState(121)) - 7fae3aed-4e76-4283-a599-f93f794625ab: shutdown FollowerState
2019-10-30 05:53:55,810 [grpc-default-executor-2] INFO  impl.RaftServerImpl (RaftServerImpl.java:setRole(184)) - 58095e90-3010-492a-9083-43cf2e035c3f@group-BCADF287A12B: changes role from  FOLLOWER to FOLLOWER at term 432 for recognizeCandidate:9127dd83-037b-4d39-812f-66db56af525a
2019-10-30 05:53:55,810 [Thread-2837] INFO  impl.FollowerState (FollowerState.java:run(117)) - 7fae3aed-4e76-4283-a599-f93f794625ab@group-BCADF287A12B-FollowerState was interrupted: java.lang.InterruptedException: sleep interrupted
2019-10-30 05:53:55,810 [grpc-default-executor-0] INFO  impl.RoleInfo (RoleInfo.java:updateAndGet(143)) - 7fae3aed-4e76-4283-a599-f93f794625ab: start FollowerState
2019-10-30 05:53:55,810 [grpc-default-executor-2] INFO  impl.RoleInfo (RoleInfo.java:shutdownFollowerState(121)) - 58095e90-3010-492a-9083-43cf2e035c3f: shutdown FollowerState
2019-10-30 05:53:55,810 [grpc-default-executor-2] INFO  impl.RoleInfo (RoleInfo.java:updateAndGet(143)) - 58095e90-3010-492a-9083-43cf2e035c3f: start FollowerState
2019-10-30 05:53:55,810 [Thread-2836] INFO  impl.FollowerState (FollowerState.java:run(117)) - 58095e90-3010-492a-9083-43cf2e035c3f@group-BCADF287A12B-FollowerState was interrupted: java.lang.InterruptedException: sleep interrupted
2019-10-30 05:53:55,842 [9127dd83-037b-4d39-812f-66db56af525a@group-BCADF287A12B-LeaderElection388] INFO  impl.LeaderElection (LeaderElection.java:logAndReturn(56)) - 9127dd83-037b-4d39-812f-66db56af525a@group-BCADF287A12B-LeaderElection388: Election REJECTED; received 2 response(s) [9127dd83-037b-4d39-812f-66db56af525a<-7fae3aed-4e76-4283-a599-f93f794625ab#0:FAIL-t432, 9127dd83-037b-4d39-812f-66db56af525a<-58095e90-3010-492a-9083-43cf2e035c3f#0:FAIL-t432] and 0 exception(s); 9127dd83-037b-4d39-812f-66db56af525a@group-BCADF287A12B:t432, leader=null, voted=9127dd83-037b-4d39-812f-66db56af525a, raftlog=9127dd83-037b-4d39-812f-66db56af525a@group-BCADF287A12B-SegmentedRaftLog:OPENED:c-1,f-1,i0, conf=-1: [7fae3aed-4e76-4283-a599-f93f794625ab:192.168.34.21:41352, 58095e90-3010-492a-9083-43cf2e035c3f:192.168.34.21:45284, 9127dd83-037b-4d39-812f-66db56af525a:192.168.34.21:42063], old=null
2019-10-30 05:53:55,842 [9127dd83-037b-4d39-812f-66db56af525a@group-BCADF287A12B-LeaderElection388] INFO  impl.RaftServerImpl (RaftServerImpl.java:setRole(184)) - 9127dd83-037b-4d39-812f-66db56af525a@group-BCADF287A12B: changes role from CANDIDATE to FOLLOWER at term 432 for DISCOVERED_A_NEW_TERM
2019-10-30 05:53:55,842 [9127dd83-037b-4d39-812f-66db56af525a@group-BCADF287A12B-LeaderElection388] INFO  impl.RoleInfo (RoleInfo.java:shutdownLeaderElection(134)) - 9127dd83-037b-4d39-812f-66db56af525a: shutdown LeaderElection
2019-10-30 05:53:55,842 [9127dd83-037b-4d39-812f-66db56af525a@group-BCADF287A12B-LeaderElection388] INFO  impl.RoleInfo (RoleInfo.java:updateAndGet(143)) - 9127dd83-037b-4d39-812f-66db56af525a: start FollowerState
2019-10-30 05:53:55,878 [Thread-2844] INFO  impl.FollowerState (FollowerState.java:run(108)) - 9127dd83-037b-4d39-812f-66db56af525a@group-BCADF287A12B-FollowerState: change to CANDIDATE, lastRpcTime:35ms, electionTimeout:35ms
2019-10-30 05:53:55,878 [Thread-2844] INFO  impl.RoleInfo (RoleInfo.java:shutdownFollowerState(121)) - 9127dd83-037b-4d39-812f-66db56af525a: shutdown FollowerState
2019-10-30 05:53:55,878 [Thread-2844] INFO  impl.RaftServerImpl (RaftServerImpl.java:setRole(184)) - 9127dd83-037b-4d39-812f-66db56af525a@group-BCADF287A12B: changes role from  FOLLOWER to CANDIDATE at term 432 for changeToCandidate
2019-10-30 05:53:55,878 [Thread-2844] INFO  impl.RoleInfo (RoleInfo.java:updateAndGet(143)) - 9127dd83-037b-4d39-812f-66db56af525a: start LeaderElection
2019-10-30 05:53:55,902 [9127dd83-037b-4d39-812f-66db56af525a@group-BCADF287A12B-LeaderElection389] INFO  impl.LeaderElection (LeaderElection.java:askForVotes(178)) - 9127dd83-037b-4d39-812f-66db56af525a@group-BCADF287A12B-LeaderElection389: begin an election at term 433 for -1: [7fae3aed-4e76-4283-a599-f93f794625ab:192.168.34.21:41352, 58095e90-3010-492a-9083-43cf2e035c3f:192.168.34.21:45284, 9127dd83-037b-4d39-812f-66db56af525a:192.168.34.21:42063], old=null
2019-10-30 05:53:55,904 [grpc-default-executor-2] INFO  impl.RaftServerImpl (RaftServerImpl.java:setRole(184)) - 7fae3aed-4e76-4283-a599-f93f794625ab@group-BCADF287A12B: changes role from  FOLLOWER to FOLLOWER at term 433 for recognizeCandidate:9127dd83-037b-4d39-812f-66db56af525a
2019-10-30 05:53:55,904 [grpc-default-executor-0] INFO  impl.RaftServerImpl (RaftServerImpl.java:setRole(184)) - 58095e90-3010-492a-9083-43cf2e035c3f@group-BCADF287A12B: changes role from  FOLLOWER to FOLLOWER at term 433 for recognizeCandidate:9127dd83-037b-4d39-812f-66db56af525a
2019-10-30 05:53:55,904 [grpc-default-executor-0] INFO  impl.RoleInfo (RoleInfo.java:shutdownFollowerState(121)) - 58095e90-3010-492a-9083-43cf2e035c3f: shutdown FollowerState
2019-10-30 05:53:55,904 [grpc-default-executor-2] INFO  impl.RoleInfo (RoleInfo.java:shutdownFollowerState(121)) - 7fae3aed-4e76-4283-a599-f93f794625ab: shutdown FollowerState
2019-10-30 05:53:55,904 [Thread-2843] INFO  impl.FollowerState (FollowerState.java:run(117)) - 58095e90-3010-492a-9083-43cf2e035c3f@group-BCADF287A12B-FollowerState was interrupted: java.lang.InterruptedException: sleep interrupted
2019-10-30 05:53:55,904 [grpc-default-executor-0] INFO  impl.RoleInfo (RoleInfo.java:updateAndGet(143)) - 58095e90-3010-492a-9083-43cf2e035c3f: start FollowerState
2019-10-30 05:53:55,905 [Thread-2842] INFO  impl.FollowerState (FollowerState.java:run(117)) - 7fae3aed-4e76-4283-a599-f93f794625ab@group-BCADF287A12B-FollowerState was interrupted: java.lang.InterruptedException: sleep interrupted
2019-10-30 05:53:55,905 [grpc-default-executor-2] INFO  impl.RoleInfo (RoleInfo.java:updateAndGet(143)) - 7fae3aed-4e76-4283-a599-f93f794625ab: start FollowerState
2019-10-30 05:53:55,919 [9127dd83-037b-4d39-812f-66db56af525a@group-BCADF287A12B-LeaderElection389] INFO  impl.LeaderElection (LeaderElection.java:logAndReturn(56)) - 9127dd83-037b-4d39-812f-66db56af525a@group-BCADF287A12B-LeaderElection389: Election REJECTED; received 2 response(s) [9127dd83-037b-4d39-812f-66db56af525a<-7fae3aed-4e76-4283-a599-f93f794625ab#0:FAIL-t433, 9127dd83-037b-4d39-812f-66db56af525a<-58095e90-3010-492a-9083-43cf2e035c3f#0:FAIL-t433] and 0 exception(s); 9127dd83-037b-4d39-812f-66db56af525a@group-BCADF287A12B:t433, leader=null, voted=9127dd83-037b-4d39-812f-66db56af525a, raftlog=9127dd83-037b-4d39-812f-66db56af525a@group-BCADF287A12B-SegmentedRaftLog:OPENED:c-1,f-1,i0, conf=-1: [7fae3aed-4e76-4283-a599-f93f794625ab:192.168.34.21:41352, 58095e90-3010-492a-9083-43cf2e035c3f:192.168.34.21:45284, 9127dd83-037b-4d39-812f-66db56af525a:192.168.34.21:42063], old=null
2019-10-30 05:53:55,919 [9127dd83-037b-4d39-812f-66db56af525a@group-BCADF287A12B-LeaderElection389] INFO  impl.RaftServerImpl (RaftServerImpl.java:setRole(184)) - 9127dd83-037b-4d39-812f-66db56af525a@group-BCADF287A12B: changes role from CANDIDATE to FOLLOWER at term 433 for DISCOVERED_A_NEW_TERM
2019-10-30 05:53:55,919 [9127dd83-037b-4d39-812f-66db56af525a@group-BCADF287A12B-LeaderElection389] INFO  impl.RoleInfo (RoleInfo.java:shutdownLeaderElection(134)) - 9127dd83-037b-4d39-812f-66db56af525a: shutdown LeaderElection
2019-10-30 05:53:55,920 [9127dd83-037b-4d39-812f-66db56af525a@group-BCADF287A12B-LeaderElection389] INFO  impl.RoleInfo (RoleInfo.java:updateAndGet(143)) - 9127dd83-037b-4d39-812f-66db56af525a: start FollowerState
2019-10-30 05:53:56,101 [Thread-2850] INFO  impl.FollowerState (FollowerState.java:run(108)) - 9127dd83-037b-4d39-812f-66db56af525a@group-BCADF287A12B-FollowerState: change to CANDIDATE, lastRpcTime:181ms, electionTimeout:181ms
2019-10-30 05:53:56,101 [Thread-2850] INFO  impl.RoleInfo (RoleInfo.java:shutdownFollowerState(121)) - 9127dd83-037b-4d39-812f-66db56af525a: shutdown FollowerState
2019-10-30 05:53:56,101 [Thread-2850] INFO  impl.RaftServerImpl (RaftServerImpl.java:setRole(184)) - 9127dd83-037b-4d39-812f-66db56af525a@group-BCADF287A12B: changes role from  FOLLOWER to CANDIDATE at term 433 for changeToCandidate
2019-10-30 05:53:56,102 [Thread-2850] INFO  impl.RoleInfo (RoleInfo.java:updateAndGet(143)) - 9127dd83-037b-4d39-812f-66db56af525a: start LeaderElection
2019-10-30 05:53:56,114 [9127dd83-037b-4d39-812f-66db56af525a@group-BCADF287A12B-LeaderElection390] INFO  impl.LeaderElection (LeaderElection.java:askForVotes(178)) - 9127dd83-037b-4d39-812f-66db56af525a@group-BCADF287A12B-LeaderElection390: begin an election at term 434 for -1: [7fae3aed-4e76-4283-a599-f93f794625ab:192.168.34.21:41352, 58095e90-3010-492a-9083-43cf2e035c3f:192.168.34.21:45284, 9127dd83-037b-4d39-812f-66db56af525a:192.168.34.21:42063], old=null
2019-10-30 05:53:56,116 [grpc-default-executor-2] INFO  impl.RaftServerImpl (RaftServerImpl.java:setRole(184)) - 7fae3aed-4e76-4283-a599-f93f794625ab@group-BCADF287A12B: changes role from  FOLLOWER to FOLLOWER at term 434 for recognizeCandidate:9127dd83-037b-4d39-812f-66db56af525a
2019-10-30 05:53:56,116 [grpc-default-executor-2] INFO  impl.RoleInfo (RoleInfo.java:shutdownFollowerState(121)) - 7fae3aed-4e76-4283-a599-f93f794625ab: shutdown FollowerState
2019-10-30 05:53:56,116 [grpc-default-executor-0] INFO  impl.RaftServerImpl (RaftServerImpl.java:setRole(184)) - 58095e90-3010-492a-9083-43cf2e035c3f@group-BCADF287A12B: changes role from  FOLLOWER to FOLLOWER at term 434 for recognizeCandidate:9127dd83-037b-4d39-812f-66db56af525a
2019-10-30 05:53:56,116 [grpc-default-executor-0] INFO  impl.RoleInfo (RoleInfo.java:shutdownFollowerState(121)) - 58095e90-3010-492a-9083-43cf2e035c3f: shutdown FollowerState
2019-10-30 05:53:56,116 [Thread-2849] INFO  impl.FollowerState (FollowerState.java:run(117)) - 7fae3aed-4e76-4283-a599-f93f794625ab@group-BCADF287A12B-FollowerState was interrupted: java.lang.InterruptedException: sleep interrupted
2019-10-30 05:53:56,116 [grpc-default-executor-2] INFO  impl.RoleInfo (RoleInfo.java:updateAndGet(143)) - 7fae3aed-4e76-4283-a599-f93f794625ab: start FollowerState
2019-10-30 05:53:56,116 [Thread-2848] INFO  impl.FollowerState (FollowerState.java:run(117)) - 58095e90-3010-492a-9083-43cf2e035c3f@group-BCADF287A12B-FollowerState was interrupted: java.lang.InterruptedException: sleep interrupted
2019-10-30 05:53:56,116 [grpc-default-executor-0] INFO  impl.RoleInfo (RoleInfo.java:updateAndGet(143)) - 58095e90-3010-492a-9083-43cf2e035c3f: start FollowerState
2019-10-30 05:53:56,142 [9127dd83-037b-4d39-812f-66db56af525a@group-BCADF287A12B-LeaderElection390] INFO  impl.LeaderElection (LeaderElection.java:logAndReturn(56)) - 9127dd83-037b-4d39-812f-66db56af525a@group-BCADF287A12B-LeaderElection390: Election REJECTED; received 2 response(s) [9127dd83-037b-4d39-812f-66db56af525a<-7fae3aed-4e76-4283-a599-f93f794625ab#0:FAIL-t434, 9127dd83-037b-4d39-812f-66db56af525a<-58095e90-3010-492a-9083-43cf2e035c3f#0:FAIL-t434] and 0 exception(s); 9127dd83-037b-4d39-812f-66db56af525a@group-BCADF287A12B:t434, leader=null, voted=9127dd83-037b-4d39-812f-66db56af525a, raftlog=9127dd83-037b-4d39-812f-66db56af525a@group-BCADF287A12B-SegmentedRaftLog:OPENED:c-1,f-1,i0, conf=-1: [7fae3aed-4e76-4283-a599-f93f794625ab:192.168.34.21:41352, 58095e90-3010-492a-9083-43cf2e035c3f:192.168.34.21:45284, 9127dd83-037b-4d39-812f-66db56af525a:192.168.34.21:42063], old=null
2019-10-30 05:53:56,142 [9127dd83-037b-4d39-812f-66db56af525a@group-BCADF287A12B-LeaderElection390] INFO  impl.RaftServerImpl (RaftServerImpl.java:setRole(184)) - 9127dd83-037b-4d39-812f-66db56af525a@group-BCADF287A12B: changes role from CANDIDATE to FOLLOWER at term 434 for DISCOVERED_A_NEW_TERM
2019-10-30 05:53:56,142 [9127dd83-037b-4d39-812f-66db56af525a@group-BCADF287A12B-LeaderElection390] INFO  impl.RoleInfo (RoleInfo.java:shutdownLeaderElection(134)) - 9127dd83-037b-4d39-812f-66db56af525a: shutdown LeaderElection
2019-10-30 05:53:56,143 [9127dd83-037b-4d39-812f-66db56af525a@group-BCADF287A12B-LeaderElection390] INFO  impl.RoleInfo (RoleInfo.java:updateAndGet(143)) - 9127dd83-037b-4d39-812f-66db56af525a: start FollowerState
2019-10-30 05:53:56,204 [Thread-2856] INFO  impl.FollowerState (FollowerState.java:run(108)) - 9127dd83-037b-4d39-812f-66db56af525a@group-BCADF287A12B-FollowerState: change to CANDIDATE, lastRpcTime:61ms, electionTimeout:61ms
2019-10-30 05:53:56,204 [Thread-2856] INFO  impl.RoleInfo (RoleInfo.java:shutdownFollowerState(121)) - 9127dd83-037b-4d39-812f-66db56af525a: shutdown FollowerState
2019-10-30 05:53:56,204 [Thread-2856] INFO  impl.RaftServerImpl (RaftServerImpl.java:setRole(184)) - 9127dd83-037b-4d39-812f-66db56af525a@group-BCADF287A12B: changes role from  FOLLOWER to CANDIDATE at term 434 for changeToCandidate
2019-10-30 05:53:56,204 [Thread-2856] INFO  impl.RoleInfo (RoleInfo.java:updateAndGet(143)) - 9127dd83-037b-4d39-812f-66db56af525a: start LeaderElection
2019-10-30 05:53:56,244 [9127dd83-037b-4d39-812f-66db56af525a@group-BCADF287A12B-LeaderElection391] INFO  impl.LeaderElection (LeaderElection.java:askForVotes(178)) - 9127dd83-037b-4d39-812f-66db56af525a@group-BCADF287A12B-LeaderElection391: begin an election at term 435 for -1: [7fae3aed-4e76-4283-a599-f93f794625ab:192.168.34.21:41352, 58095e90-3010-492a-9083-43cf2e035c3f:192.168.34.21:45284, 9127dd83-037b-4d39-812f-66db56af525a:192.168.34.21:42063], old=null
2019-10-30 05:53:56,245 [grpc-default-executor-2] INFO  impl.RaftServerImpl (RaftServerImpl.java:setRole(184)) - 7fae3aed-4e76-4283-a599-f93f794625ab@group-BCADF287A12B: changes role from  FOLLOWER to FOLLOWER at term 435 for recognizeCandidate:9127dd83-037b-4d39-812f-66db56af525a
2019-10-30 05:53:56,245 [grpc-default-executor-0] INFO  impl.RaftServerImpl (RaftServerImpl.java:setRole(184)) - 58095e90-3010-492a-9083-43cf2e035c3f@group-BCADF287A12B: changes role from  FOLLOWER to FOLLOWER at term 435 for recognizeCandidate:9127dd83-037b-4d39-812f-66db56af525a
2019-10-30 05:53:56,245 [grpc-default-executor-2] INFO  impl.RoleInfo (RoleInfo.java:shutdownFollowerState(121)) - 7fae3aed-4e76-4283-a599-f93f794625ab: shutdown FollowerState
2019-10-30 05:53:56,246 [grpc-default-executor-0] INFO  impl.RoleInfo (RoleInfo.java:shutdownFollowerState(121)) - 58095e90-3010-492a-9083-43cf2e035c3f: shutdown FollowerState
2019-10-30 05:53:56,246 [Thread-2854] INFO  impl.FollowerState (FollowerState.java:run(117)) - 7fae3aed-4e76-4283-a599-f93f794625ab@group-BCADF287A12B-FollowerState was interrupted: java.lang.InterruptedException: sleep interrupted
2019-10-30 05:53:56,246 [grpc-default-executor-2] INFO  impl.RoleInfo (RoleInfo.java:updateAndGet(143)) - 7fae3aed-4e76-4283-a599-f93f794625ab: start FollowerState
2019-10-30 05:53:56,246 [Thread-2855] INFO  impl.FollowerState (FollowerState.java:run(117)) - 58095e90-3010-492a-9083-43cf2e035c3f@group-BCADF287A12B-FollowerState was interrupted: java.lang.InterruptedException: sleep interrupted
2019-10-30 05:53:56,246 [grpc-default-executor-0] INFO  impl.RoleInfo (RoleInfo.java:updateAndGet(143)) - 58095e90-3010-492a-9083-43cf2e035c3f: start FollowerState
2019-10-30 05:53:56,260 [9127dd83-037b-4d39-812f-66db56af525a@group-BCADF287A12B-LeaderElection391] INFO  impl.LeaderElection (LeaderElection.java:logAndReturn(56)) - 9127dd83-037b-4d39-812f-66db56af525a@group-BCADF287A12B-LeaderElection391: Election REJECTED; received 2 response(s) [9127dd83-037b-4d39-812f-66db56af525a<-7fae3aed-4e76-4283-a599-f93f794625ab#0:FAIL-t435, 9127dd83-037b-4d39-812f-66db56af525a<-58095e90-3010-492a-9083-43cf2e035c3f#0:FAIL-t435] and 0 exception(s); 9127dd83-037b-4d39-812f-66db56af525a@group-BCADF287A12B:t435, leader=null, voted=9127dd83-037b-4d39-812f-66db56af525a, raftlog=9127dd83-037b-4d39-812f-66db56af525a@group-BCADF287A12B-SegmentedRaftLog:OPENED:c-1,f-1,i0, conf=-1: [7fae3aed-4e76-4283-a599-f93f794625ab:192.168.34.21:41352, 58095e90-3010-492a-9083-43cf2e035c3f:192.168.34.21:45284, 9127dd83-037b-4d39-812f-66db56af525a:192.168.34.21:42063], old=null
2019-10-30 05:53:56,260 [9127dd83-037b-4d39-812f-66db56af525a@group-BCADF287A12B-LeaderElection391] INFO  impl.RaftServerImpl (RaftServerImpl.java:setRole(184)) - 9127dd83-037b-4d39-812f-66db56af525a@group-BCADF287A12B: changes role from CANDIDATE to FOLLOWER at term 435 for DISCOVERED_A_NEW_TERM
2019-10-30 05:53:56,260 [9127dd83-037b-4d39-812f-66db56af525a@group-BCADF287A12B-LeaderElection391] INFO  impl.RoleInfo (RoleInfo.java:shutdownLeaderElection(134)) - 9127dd83-037b-4d39-812f-66db56af525a: shutdown LeaderElection
2019-10-30 05:53:56,260 [9127dd83-037b-4d39-812f-66db56af525a@group-BCADF287A12B-LeaderElection391] INFO  impl.RoleInfo (RoleInfo.java:updateAndGet(143)) - 9127dd83-037b-4d39-812f-66db56af525a: start FollowerState
2019-10-30 05:53:56,279 [Thread-2864] INFO  impl.FollowerState (FollowerState.java:run(108)) - 9127dd83-037b-4d39-812f-66db56af525a@group-BCADF287A12B-FollowerState: change to CANDIDATE, lastRpcTime:18ms, electionTimeout:17ms
2019-10-30 05:53:56,279 [Thread-2864] INFO  impl.RoleInfo (RoleInfo.java:shutdownFollowerState(121)) - 9127dd83-037b-4d39-812f-66db56af525a: shutdown FollowerState
2019-10-30 05:53:56,279 [Thread-2864] INFO  impl.RaftServerImpl (RaftServerImpl.java:setRole(184)) - 9127dd83-037b-4d39-812f-66db56af525a@group-BCADF287A12B: changes role from  FOLLOWER to CANDIDATE at term 435 for changeToCandidate
2019-10-30 05:53:56,279 [Thread-2864] INFO  impl.RoleInfo (RoleInfo.java:updateAndGet(143)) - 9127dd83-037b-4d39-812f-66db56af525a: start LeaderElection
2019-10-30 05:53:56,293 [9127dd83-037b-4d39-812f-66db56af525a@group-BCADF287A12B-LeaderElection392] INFO  impl.LeaderElection (LeaderElection.java:askForVotes(178)) - 9127dd83-037b-4d39-812f-66db56af525a@group-BCADF287A12B-LeaderElection392: begin an election at term 436 for -1: [7fae3aed-4e76-4283-a599-f93f794625ab:192.168.34.21:41352, 58095e90-3010-492a-9083-43cf2e035c3f:192.168.34.21:45284, 9127dd83-037b-4d39-812f-66db56af525a:192.168.34.21:42063], old=null
2019-10-30 05:53:56,294 [grpc-default-executor-0] INFO  impl.RaftServerImpl (RaftServerImpl.java:setRole(184)) - 58095e90-3010-492a-9083-43cf2e035c3f@group-BCADF287A12B: changes role from  FOLLOWER to FOLLOWER at term 436 for recognizeCandidate:9127dd83-037b-4d39-812f-66db56af525a
2019-10-30 05:53:56,294 [grpc-default-executor-2] INFO  impl.RaftServerImpl (RaftServerImpl.java:setRole(184)) - 7fae3aed-4e76-4283-a599-f93f794625ab@group-BCADF287A12B: changes role from  FOLLOWER to FOLLOWER at term 436 for recognizeCandidate:9127dd83-037b-4d39-812f-66db56af525a
2019-10-30 05:53:56,294 [grpc-default-executor-0] INFO  impl.RoleInfo (RoleInfo.java:shutdownFollowerState(121)) - 58095e90-3010-492a-9083-43cf2e035c3f: shutdown FollowerState
2019-10-30 05:53:56,294 [grpc-default-executor-2] INFO  impl.RoleInfo (RoleInfo.java:shutdownFollowerState(121)) - 7fae3aed-4e76-4283-a599-f93f794625ab: shutdown FollowerState
2019-10-30 05:53:56,295 [Thread-2863] INFO  impl.FollowerState (FollowerState.java:run(117)) - 58095e90-3010-492a-9083-43cf2e035c3f@group-BCADF287A12B-FollowerState was interrupted: java.lang.InterruptedException: sleep interrupted
2019-10-30 05:53:56,295 [grpc-default-executor-0] INFO  impl.RoleInfo (RoleInfo.java:updateAndGet(143)) - 58095e90-3010-492a-9083-43cf2e035c3f: start FollowerState
2019-10-30 05:53:56,295 [Thread-2862] INFO  impl.FollowerState (FollowerState.java:run(117)) - 7fae3aed-4e76-4283-a599-f93f794625ab@group-BCADF287A12B-FollowerState was interrupted: java.lang.InterruptedException: sleep interrupted
2019-10-30 05:53:56,295 [grpc-default-executor-2] INFO  impl.RoleInfo (RoleInfo.java:updateAndGet(143)) - 7fae3aed-4e76-4283-a599-f93f794625ab: start FollowerState
2019-10-30 05:53:56,309 [9127dd83-037b-4d39-812f-66db56af525a@group-BCADF287A12B-LeaderElection392] INFO  impl.LeaderElection (LeaderElection.java:logAndReturn(56)) - 9127dd83-037b-4d39-812f-66db56af525a@group-BCADF287A12B-LeaderElection392: Election REJECTED; received 2 response(s) [9127dd83-037b-4d39-812f-66db56af525a<-7fae3aed-4e76-4283-a599-f93f794625ab#0:FAIL-t436, 9127dd83-037b-4d39-812f-66db56af525a<-58095e90-3010-492a-9083-43cf2e035c3f#0:FAIL-t436] and 0 exception(s); 9127dd83-037b-4d39-812f-66db56af525a@group-BCADF287A12B:t436, leader=null, voted=9127dd83-037b-4d39-812f-66db56af525a, raftlog=9127dd83-037b-4d39-812f-66db56af525a@group-BCADF287A12B-SegmentedRaftLog:OPENED:c-1,f-1,i0, conf=-1: [7fae3aed-4e76-4283-a599-f93f794625ab:192.168.34.21:41352, 58095e90-3010-492a-9083-43cf2e035c3f:192.168.34.21:45284, 9127dd83-037b-4d39-812f-66db56af525a:192.168.34.21:42063], old=null
2019-10-30 05:53:56,309 [9127dd83-037b-4d39-812f-66db56af525a@group-BCADF287A12B-LeaderElection392] INFO  impl.RaftServerImpl (RaftServerImpl.java:setRole(184)) - 9127dd83-037b-4d39-812f-66db56af525a@group-BCADF287A12B: changes role from CANDIDATE to FOLLOWER at term 436 for DISCOVERED_A_NEW_TERM
2019-10-30 05:53:56,309 [9127dd83-037b-4d39-812f-66db56af525a@group-BCADF287A12B-LeaderElection392] INFO  impl.RoleInfo (RoleInfo.java:shutdownLeaderElection(134)) - 9127dd83-037b-4d39-812f-66db56af525a: shutdown LeaderElection
2019-10-30 05:53:56,309 [9127dd83-037b-4d39-812f-66db56af525a@group-BCADF287A12B-LeaderElection392] INFO  impl.RoleInfo (RoleInfo.java:updateAndGet(143)) - 9127dd83-037b-4d39-812f-66db56af525a: start FollowerState
2019-10-30 05:53:56,493 [Thread-2870] INFO  impl.FollowerState (FollowerState.java:run(108)) - 9127dd83-037b-4d39-812f-66db56af525a@group-BCADF287A12B-FollowerState: change to CANDIDATE, lastRpcTime:184ms, electionTimeout:184ms
2019-10-30 05:53:56,494 [Thread-2870] INFO  impl.RoleInfo (RoleInfo.java:shutdownFollowerState(121)) - 9127dd83-037b-4d39-812f-66db56af525a: shutdown FollowerState
2019-10-30 05:53:56,494 [Thread-2870] INFO  impl.RaftServerImpl (RaftServerImpl.java:setRole(184)) - 9127dd83-037b-4d39-812f-66db56af525a@group-BCADF287A12B: changes role from  FOLLOWER to CANDIDATE at term 436 for changeToCandidate
2019-10-30 05:53:56,494 [Thread-2870] INFO  impl.RoleInfo (RoleInfo.java:updateAndGet(143)) - 9127dd83-037b-4d39-812f-66db56af525a: start LeaderElection
2019-10-30 05:53:56,507 [9127dd83-037b-4d39-812f-66db56af525a@group-BCADF287A12B-LeaderElection393] INFO  impl.LeaderElection (LeaderElection.java:askForVotes(178)) - 9127dd83-037b-4d39-812f-66db56af525a@group-BCADF287A12B-LeaderElection393: begin an election at term 437 for -1: [7fae3aed-4e76-4283-a599-f93f794625ab:192.168.34.21:41352, 58095e90-3010-492a-9083-43cf2e035c3f:192.168.34.21:45284, 9127dd83-037b-4d39-812f-66db56af525a:192.168.34.21:42063], old=null
2019-10-30 05:53:56,508 [grpc-default-executor-2] INFO  impl.RaftServerImpl (RaftServerImpl.java:setRole(184)) - 58095e90-3010-492a-9083-43cf2e035c3f@group-BCADF287A12B: changes role from  FOLLOWER to FOLLOWER at term 437 for recognizeCandidate:9127dd83-037b-4d39-812f-66db56af525a
2019-10-30 05:53:56,508 [grpc-default-executor-0] INFO  impl.RaftServerImpl (RaftServerImpl.java:setRole(184)) - 7fae3aed-4e76-4283-a599-f93f794625ab@group-BCADF287A12B: changes role from  FOLLOWER to FOLLOWER at term 437 for recognizeCandidate:9127dd83-037b-4d39-812f-66db56af525a
2019-10-30 05:53:56,508 [grpc-default-executor-2] INFO  impl.RoleInfo (RoleInfo.java:shutdownFollowerState(121)) - 58095e90-3010-492a-9083-43cf2e035c3f: shutdown FollowerState
2019-10-30 05:53:56,509 [grpc-default-executor-2] INFO  impl.RoleInfo (RoleInfo.java:updateAndGet(143)) - 58095e90-3010-492a-9083-43cf2e035c3f: start FollowerState
2019-10-30 05:53:56,509 [grpc-default-executor-0] INFO  impl.RoleInfo (RoleInfo.java:shutdownFollowerState(121)) - 7fae3aed-4e76-4283-a599-f93f794625ab: shutdown FollowerState
2019-10-30 05:53:56,509 [grpc-default-executor-0] INFO  impl.RoleInfo (RoleInfo.java:updateAndGet(143)) - 7fae3aed-4e76-4283-a599-f93f794625ab: start FollowerState
2019-10-30 05:53:56,509 [Thread-2868] INFO  impl.FollowerState (FollowerState.java:run(117)) - 58095e90-3010-492a-9083-43cf2e035c3f@group-BCADF287A12B-FollowerState was interrupted: java.lang.InterruptedException: sleep interrupted
2019-10-30 05:53:56,509 [Thread-2869] INFO  impl.FollowerState (FollowerState.java:run(117)) - 7fae3aed-4e76-4283-a599-f93f794625ab@group-BCADF287A12B-FollowerState was interrupted: java.lang.InterruptedException: sleep interrupted
2019-10-30 05:53:56,549 [9127dd83-037b-4d39-812f-66db56af525a@group-BCADF287A12B-LeaderElection393] INFO  impl.LeaderElection (LeaderElection.java:logAndReturn(56)) - 9127dd83-037b-4d39-812f-66db56af525a@group-BCADF287A12B-LeaderElection393: Election REJECTED; received 2 response(s) [9127dd83-037b-4d39-812f-66db56af525a<-7fae3aed-4e76-4283-a599-f93f794625ab#0:FAIL-t437, 9127dd83-037b-4d39-812f-66db56af525a<-58095e90-3010-492a-9083-43cf2e035c3f#0:FAIL-t437] and 0 exception(s); 9127dd83-037b-4d39-812f-66db56af525a@group-BCADF287A12B:t437, leader=null, voted=9127dd83-037b-4d39-812f-66db56af525a, raftlog=9127dd83-037b-4d39-812f-66db56af525a@group-BCADF287A12B-SegmentedRaftLog:OPENED:c-1,f-1,i0, conf=-1: [7fae3aed-4e76-4283-a599-f93f794625ab:192.168.34.21:41352, 58095e90-3010-492a-9083-43cf2e035c3f:192.168.34.21:45284, 9127dd83-037b-4d39-812f-66db56af525a:192.168.34.21:42063], old=null
2019-10-30 05:53:56,549 [9127dd83-037b-4d39-812f-66db56af525a@group-BCADF287A12B-LeaderElection393] INFO  impl.RaftServerImpl (RaftServerImpl.java:setRole(184)) - 9127dd83-037b-4d39-812f-66db56af525a@group-BCADF287A12B: changes role from CANDIDATE to FOLLOWER at term 437 for DISCOVERED_A_NEW_TERM
2019-10-30 05:53:56,549 [9127dd83-037b-4d39-812f-66db56af525a@group-BCADF287A12B-LeaderElection393] INFO  impl.RoleInfo (RoleInfo.java:shutdownLeaderElection(134)) - 9127dd83-037b-4d39-812f-66db56af525a: shutdown LeaderElection
2019-10-30 05:53:56,549 [9127dd83-037b-4d39-812f-66db56af525a@group-BCADF287A12B-LeaderElection393] INFO  impl.RoleInfo (RoleInfo.java:updateAndGet(143)) - 9127dd83-037b-4d39-812f-66db56af525a: start FollowerState
2019-10-30 05:53:56,568 [Thread-2876] INFO  impl.FollowerState (FollowerState.java:run(108)) - 9127dd83-037b-4d39-812f-66db56af525a@group-BCADF287A12B-FollowerState: change to CANDIDATE, lastRpcTime:18ms, electionTimeout:18ms
2019-10-30 05:53:56,568 [Thread-2876] INFO  impl.RoleInfo (RoleInfo.java:shutdownFollowerState(121)) - 9127dd83-037b-4d39-812f-66db56af525a: shutdown FollowerState
2019-10-30 05:53:56,568 [Thread-2876] INFO  impl.RaftServerImpl (RaftServerImpl.java:setRole(184)) - 9127dd83-037b-4d39-812f-66db56af525a@group-BCADF287A12B: changes role from  FOLLOWER to CANDIDATE at term 437 for changeToCandidate
2019-10-30 05:53:56,568 [Thread-2876] INFO  impl.RoleInfo (RoleInfo.java:updateAndGet(143)) - 9127dd83-037b-4d39-812f-66db56af525a: start LeaderElection
2019-10-30 05:53:56,608 [9127dd83-037b-4d39-812f-66db56af525a@group-BCADF287A12B-LeaderElection394] INFO  impl.LeaderElection (LeaderElection.java:askForVotes(178)) - 9127dd83-037b-4d39-812f-66db56af525a@group-BCADF287A12B-LeaderElection394: begin an election at term 438 for -1: [7fae3aed-4e76-4283-a599-f93f794625ab:192.168.34.21:41352, 58095e90-3010-492a-9083-43cf2e035c3f:192.168.34.21:45284, 9127dd83-037b-4d39-812f-66db56af525a:192.168.34.21:42063], old=null
2019-10-30 05:53:56,609 [9127dd83-037b-4d39-812f-66db56af525a@group-BCADF287A12B-LeaderElection394] INFO  impl.LeaderElection (LeaderElection.java:logAndReturn(56)) - 9127dd83-037b-4d39-812f-66db56af525a@group-BCADF287A12B-LeaderElection394: Election TIMEOUT; received 0 response(s) [] and 0 exception(s); 9127dd83-037b-4d39-812f-66db56af525a@group-BCADF287A12B:t438, leader=null, voted=9127dd83-037b-4d39-812f-66db56af525a, raftlog=9127dd83-037b-4d39-812f-66db56af525a@group-BCADF287A12B-SegmentedRaftLog:OPENED:c-1,f-1,i0, conf=-1: [7fae3aed-4e76-4283-a599-f93f794625ab:192.168.34.21:41352, 58095e90-3010-492a-9083-43cf2e035c3f:192.168.34.21:45284, 9127dd83-037b-4d39-812f-66db56af525a:192.168.34.21:42063], old=null
2019-10-30 05:53:56,610 [grpc-default-executor-0] INFO  impl.RaftServerImpl (RaftServerImpl.java:setRole(184)) - 7fae3aed-4e76-4283-a599-f93f794625ab@group-BCADF287A12B: changes role from  FOLLOWER to FOLLOWER at term 438 for recognizeCandidate:9127dd83-037b-4d39-812f-66db56af525a
2019-10-30 05:53:56,610 [grpc-default-executor-2] INFO  impl.RaftServerImpl (RaftServerImpl.java:setRole(184)) - 58095e90-3010-492a-9083-43cf2e035c3f@group-BCADF287A12B: changes role from  FOLLOWER to FOLLOWER at term 438 for recognizeCandidate:9127dd83-037b-4d39-812f-66db56af525a
2019-10-30 05:53:56,610 [grpc-default-executor-2] INFO  impl.RoleInfo (RoleInfo.java:shutdownFollowerState(121)) - 58095e90-3010-492a-9083-43cf2e035c3f: shutdown FollowerState
2019-10-30 05:53:56,610 [grpc-default-executor-0] INFO  impl.RoleInfo (RoleInfo.java:shutdownFollowerState(121)) - 7fae3aed-4e76-4283-a599-f93f794625ab: shutdown FollowerState
2019-10-30 05:53:56,610 [Thread-2874] INFO  impl.FollowerState (FollowerState.java:run(117)) - 58095e90-3010-492a-9083-43cf2e035c3f@group-BCADF287A12B-FollowerState was interrupted: java.lang.InterruptedException: sleep interrupted
2019-10-30 05:53:56,610 [grpc-default-executor-2] INFO  impl.RoleInfo (RoleInfo.java:updateAndGet(143)) - 58095e90-3010-492a-9083-43cf2e035c3f: start FollowerState
2019-10-30 05:53:56,611 [Thread-2875] INFO  impl.FollowerState (FollowerState.java:run(117)) - 7fae3aed-4e76-4283-a599-f93f794625ab@group-BCADF287A12B-FollowerState was interrupted: java.lang.InterruptedException: sleep interrupted
2019-10-30 05:53:56,610 [grpc-default-executor-0] INFO  impl.RoleInfo (RoleInfo.java:updateAndGet(143)) - 7fae3aed-4e76-4283-a599-f93f794625ab: start FollowerState
2019-10-30 05:53:56,620 [9127dd83-037b-4d39-812f-66db56af525a@group-BCADF287A12B-LeaderElection394] INFO  impl.LeaderElection (LeaderElection.java:askForVotes(178)) - 9127dd83-037b-4d39-812f-66db56af525a@group-BCADF287A12B-LeaderElection394: begin an election at term 439 for -1: [7fae3aed-4e76-4283-a599-f93f794625ab:192.168.34.21:41352, 58095e90-3010-492a-9083-43cf2e035c3f:192.168.34.21:45284, 9127dd83-037b-4d39-812f-66db56af525a:192.168.34.21:42063], old=null
2019-10-30 05:53:56,622 [grpc-default-executor-2] INFO  impl.RaftServerImpl (RaftServerImpl.java:setRole(184)) - 58095e90-3010-492a-9083-43cf2e035c3f@group-BCADF287A12B: changes role from  FOLLOWER to FOLLOWER at term 439 for recognizeCandidate:9127dd83-037b-4d39-812f-66db56af525a
2019-10-30 05:53:56,622 [grpc-default-executor-0] INFO  impl.RaftServerImpl (RaftServerImpl.java:setRole(184)) - 7fae3aed-4e76-4283-a599-f93f794625ab@group-BCADF287A12B: changes role from  FOLLOWER to FOLLOWER at term 439 for recognizeCandidate:9127dd83-037b-4d39-812f-66db56af525a
2019-10-30 05:53:56,622 [grpc-default-executor-2] INFO  impl.RoleInfo (RoleInfo.java:shutdownFollowerState(121)) - 58095e90-3010-492a-9083-43cf2e035c3f: shutdown FollowerState
2019-10-30 05:53:56,622 [grpc-default-executor-0] INFO  impl.RoleInfo (RoleInfo.java:shutdownFollowerState(121)) - 7fae3aed-4e76-4283-a599-f93f794625ab: shutdown FollowerState
2019-10-30 05:53:56,622 [Thread-2882] INFO  impl.FollowerState (FollowerState.java:run(117)) - 58095e90-3010-492a-9083-43cf2e035c3f@group-BCADF287A12B-FollowerState was interrupted: java.lang.InterruptedException: sleep interrupted
2019-10-30 05:53:56,622 [grpc-default-executor-2] INFO  impl.RoleInfo (RoleInfo.java:updateAndGet(143)) - 58095e90-3010-492a-9083-43cf2e035c3f: start FollowerState
2019-10-30 05:53:56,622 [Thread-2883] INFO  impl.FollowerState (FollowerState.java:run(117)) - 7fae3aed-4e76-4283-a599-f93f794625ab@group-BCADF287A12B-FollowerState was interrupted: java.lang.InterruptedException: sleep interrupted
2019-10-30 05:53:56,622 [grpc-default-executor-0] INFO  impl.RoleInfo (RoleInfo.java:updateAndGet(143)) - 7fae3aed-4e76-4283-a599-f93f794625ab: start FollowerState
2019-10-30 05:53:56,636 [9127dd83-037b-4d39-812f-66db56af525a@group-BCADF287A12B-LeaderElection394] INFO  impl.LeaderElection (LeaderElection.java:logAndReturn(56)) - 9127dd83-037b-4d39-812f-66db56af525a@group-BCADF287A12B-LeaderElection394: Election REJECTED; received 2 response(s) [9127dd83-037b-4d39-812f-66db56af525a<-7fae3aed-4e76-4283-a599-f93f794625ab#0:FAIL-t439, 9127dd83-037b-4d39-812f-66db56af525a<-58095e90-3010-492a-9083-43cf2e035c3f#0:FAIL-t439] and 0 exception(s); 9127dd83-037b-4d39-812f-66db56af525a@group-BCADF287A12B:t439, leader=null, voted=9127dd83-037b-4d39-812f-66db56af525a, raftlog=9127dd83-037b-4d39-812f-66db56af525a@group-BCADF287A12B-SegmentedRaftLog:OPENED:c-1,f-1,i0, conf=-1: [7fae3aed-4e76-4283-a599-f93f794625ab:192.168.34.21:41352, 58095e90-3010-492a-9083-43cf2e035c3f:192.168.34.21:45284, 9127dd83-037b-4d39-812f-66db56af525a:192.168.34.21:42063], old=null
2019-10-30 05:53:56,636 [9127dd83-037b-4d39-812f-66db56af525a@group-BCADF287A12B-LeaderElection394] INFO  impl.RaftServerImpl (RaftServerImpl.java:setRole(184)) - 9127dd83-037b-4d39-812f-66db56af525a@group-BCADF287A12B: changes role from CANDIDATE to FOLLOWER at term 439 for DISCOVERED_A_NEW_TERM
2019-10-30 05:53:56,636 [9127dd83-037b-4d39-812f-66db56af525a@group-BCADF287A12B-LeaderElection394] INFO  impl.RoleInfo (RoleInfo.java:shutdownLeaderElection(134)) - 9127dd83-037b-4d39-812f-66db56af525a: shutdown LeaderElection
2019-10-30 05:53:56,636 [9127dd83-037b-4d39-812f-66db56af525a@group-BCADF287A12B-LeaderElection394] INFO  impl.RoleInfo (RoleInfo.java:updateAndGet(143)) - 9127dd83-037b-4d39-812f-66db56af525a: start FollowerState
2019-10-30 05:53:56,752 [Thread-2888] INFO  impl.FollowerState (FollowerState.java:run(108)) - 9127dd83-037b-4d39-812f-66db56af525a@group-BCADF287A12B-FollowerState: change to CANDIDATE, lastRpcTime:116ms, electionTimeout:116ms
2019-10-30 05:53:56,752 [Thread-2888] INFO  impl.RoleInfo (RoleInfo.java:shutdownFollowerState(121)) - 9127dd83-037b-4d39-812f-66db56af525a: shutdown FollowerState
2019-10-30 05:53:56,753 [Thread-2888] INFO  impl.RaftServerImpl (RaftServerImpl.java:setRole(184)) - 9127dd83-037b-4d39-812f-66db56af525a@group-BCADF287A12B: changes role from  FOLLOWER to CANDIDATE at term 439 for changeToCandidate
2019-10-30 05:53:56,753 [Thread-2888] INFO  impl.RoleInfo (RoleInfo.java:updateAndGet(143)) - 9127dd83-037b-4d39-812f-66db56af525a: start LeaderElection
2019-10-30 05:53:56,774 [9127dd83-037b-4d39-812f-66db56af525a@group-BCADF287A12B-LeaderElection395] INFO  impl.LeaderElection (LeaderElection.java:askForVotes(178)) - 9127dd83-037b-4d39-812f-66db56af525a@group-BCADF287A12B-LeaderElection395: begin an election at term 440 for -1: [7fae3aed-4e76-4283-a599-f93f794625ab:192.168.34.21:41352, 58095e90-3010-492a-9083-43cf2e035c3f:192.168.34.21:45284, 9127dd83-037b-4d39-812f-66db56af525a:192.168.34.21:42063], old=null
2019-10-30 05:53:56,776 [grpc-default-executor-2] INFO  impl.RaftServerImpl (RaftServerImpl.java:setRole(184)) - 58095e90-3010-492a-9083-43cf2e035c3f@group-BCADF287A12B: changes role from  FOLLOWER to FOLLOWER at term 440 for recognizeCandidate:9127dd83-037b-4d39-812f-66db56af525a
2019-10-30 05:53:56,776 [grpc-default-executor-0] INFO  impl.RaftServerImpl (RaftServerImpl.java:setRole(184)) - 7fae3aed-4e76-4283-a599-f93f794625ab@group-BCADF287A12B: changes role from  FOLLOWER to FOLLOWER at term 440 for recognizeCandidate:9127dd83-037b-4d39-812f-66db56af525a
2019-10-30 05:53:56,776 [grpc-default-executor-0] INFO  impl.RoleInfo (RoleInfo.java:shutdownFollowerState(121)) - 7fae3aed-4e76-4283-a599-f93f794625ab: shutdown FollowerState
2019-10-30 05:53:56,776 [grpc-default-executor-2] INFO  impl.RoleInfo (RoleInfo.java:shutdownFollowerState(121)) - 58095e90-3010-492a-9083-43cf2e035c3f: shutdown FollowerState
2019-10-30 05:53:56,776 [Thread-2887] INFO  impl.FollowerState (FollowerState.java:run(117)) - 7fae3aed-4e76-4283-a599-f93f794625ab@group-BCADF287A12B-FollowerState was interrupted: java.lang.InterruptedException: sleep interrupted
2019-10-30 05:53:56,777 [grpc-default-executor-2] INFO  impl.RoleInfo (RoleInfo.java:updateAndGet(143)) - 58095e90-3010-492a-9083-43cf2e035c3f: start FollowerState
2019-10-30 05:53:56,776 [grpc-default-executor-0] INFO  impl.RoleInfo (RoleInfo.java:updateAndGet(143)) - 7fae3aed-4e76-4283-a599-f93f794625ab: start FollowerState
2019-10-30 05:53:56,777 [Thread-2886] INFO  impl.FollowerState (FollowerState.java:run(117)) - 58095e90-3010-492a-9083-43cf2e035c3f@group-BCADF287A12B-FollowerState was interrupted: java.lang.InterruptedException: sleep interrupted
2019-10-30 05:53:56,792 [9127dd83-037b-4d39-812f-66db56af525a@group-BCADF287A12B-LeaderElection395] INFO  impl.LeaderElection (LeaderElection.java:logAndReturn(56)) - 9127dd83-037b-4d39-812f-66db56af525a@group-BCADF287A12B-LeaderElection395: Election REJECTED; received 2 response(s) [9127dd83-037b-4d39-812f-66db56af525a<-7fae3aed-4e76-4283-a599-f93f794625ab#0:FAIL-t440, 9127dd83-037b-4d39-812f-66db56af525a<-58095e90-3010-492a-9083-43cf2e035c3f#0:FAIL-t440] and 0 exception(s); 9127dd83-037b-4d39-812f-66db56af525a@group-BCADF287A12B:t440, leader=null, voted=9127dd83-037b-4d39-812f-66db56af525a, raftlog=9127dd83-037b-4d39-812f-66db56af525a@group-BCADF287A12B-SegmentedRaftLog:OPENED:c-1,f-1,i0, conf=-1: [7fae3aed-4e76-4283-a599-f93f794625ab:192.168.34.21:41352, 58095e90-3010-492a-9083-43cf2e035c3f:192.168.34.21:45284, 9127dd83-037b-4d39-812f-66db56af525a:192.168.34.21:42063], old=null
2019-10-30 05:53:56,792 [9127dd83-037b-4d39-812f-66db56af525a@group-BCADF287A12B-LeaderElection395] INFO  impl.RaftServerImpl (RaftServerImpl.java:setRole(184)) - 9127dd83-037b-4d39-812f-66db56af525a@group-BCADF287A12B: changes role from CANDIDATE to FOLLOWER at term 440 for DISCOVERED_A_NEW_TERM
2019-10-30 05:53:56,792 [9127dd83-037b-4d39-812f-66db56af525a@group-BCADF287A12B-LeaderElection395] INFO  impl.RoleInfo (RoleInfo.java:shutdownLeaderElection(134)) - 9127dd83-037b-4d39-812f-66db56af525a: shutdown LeaderElection
2019-10-30 05:53:56,792 [9127dd83-037b-4d39-812f-66db56af525a@group-BCADF287A12B-LeaderElection395] INFO  impl.RoleInfo (RoleInfo.java:updateAndGet(143)) - 9127dd83-037b-4d39-812f-66db56af525a: start FollowerState
2019-10-30 05:53:56,947 [Thread-2894] INFO  impl.FollowerState (FollowerState.java:run(108)) - 9127dd83-037b-4d39-812f-66db56af525a@group-BCADF287A12B-FollowerState: change to CANDIDATE, lastRpcTime:155ms, electionTimeout:155ms
2019-10-30 05:53:56,947 [Thread-2894] INFO  impl.RoleInfo (RoleInfo.java:shutdownFollowerState(121)) - 9127dd83-037b-4d39-812f-66db56af525a: shutdown FollowerState
2019-10-30 05:53:56,948 [Thread-2894] INFO  impl.RaftServerImpl (RaftServerImpl.java:setRole(184)) - 9127dd83-037b-4d39-812f-66db56af525a@group-BCADF287A12B: changes role from  FOLLOWER to CANDIDATE at term 440 for changeToCandidate
2019-10-30 05:53:56,948 [Thread-2894] INFO  impl.RoleInfo (RoleInfo.java:updateAndGet(143)) - 9127dd83-037b-4d39-812f-66db56af525a: start LeaderElection
2019-10-30 05:53:56,973 [9127dd83-037b-4d39-812f-66db56af525a@group-BCADF287A12B-LeaderElection396] INFO  impl.LeaderElection (LeaderElection.java:askForVotes(178)) - 9127dd83-037b-4d39-812f-66db56af525a@group-BCADF287A12B-LeaderElection396: begin an election at term 441 for -1: [7fae3aed-4e76-4283-a599-f93f794625ab:192.168.34.21:41352, 58095e90-3010-492a-9083-43cf2e035c3f:192.168.34.21:45284, 9127dd83-037b-4d39-812f-66db56af525a:192.168.34.21:42063], old=null
2019-10-30 05:53:56,974 [grpc-default-executor-2] INFO  impl.RaftServerImpl (RaftServerImpl.java:setRole(184)) - 7fae3aed-4e76-4283-a599-f93f794625ab@group-BCADF287A12B: changes role from  FOLLOWER to FOLLOWER at term 441 for recognizeCandidate:9127dd83-037b-4d39-812f-66db56af525a
2019-10-30 05:53:56,974 [grpc-default-executor-0] INFO  impl.RaftServerImpl (RaftServerImpl.java:setRole(184)) - 58095e90-3010-492a-9083-43cf2e035c3f@group-BCADF287A12B: changes role from  FOLLOWER to FOLLOWER at term 441 for recognizeCandidate:9127dd83-037b-4d39-812f-66db56af525a
2019-10-30 05:53:56,974 [grpc-default-executor-2] INFO  impl.RoleInfo (RoleInfo.java:shutdownFollowerState(121)) - 7fae3aed-4e76-4283-a599-f93f794625ab: shutdown FollowerState
2019-10-30 05:53:56,975 [grpc-default-executor-0] INFO  impl.RoleInfo (RoleInfo.java:shutdownFollowerState(121)) - 58095e90-3010-492a-9083-43cf2e035c3f: shutdown FollowerState
2019-10-30 05:53:56,975 [grpc-default-executor-2] INFO  impl.RoleInfo (RoleInfo.java:updateAndGet(143)) - 7fae3aed-4e76-4283-a599-f93f794625ab: start FollowerState
2019-10-30 05:53:56,975 [grpc-default-executor-0] INFO  impl.RoleInfo (RoleInfo.java:updateAndGet(143)) - 58095e90-3010-492a-9083-43cf2e035c3f: start FollowerState
2019-10-30 05:53:56,975 [Thread-2892] INFO  impl.FollowerState (FollowerState.java:run(117)) - 7fae3aed-4e76-4283-a599-f93f794625ab@group-BCADF287A12B-FollowerState was interrupted: java.lang.InterruptedException: sleep interrupted
2019-10-30 05:53:56,975 [Thread-2893] INFO  impl.FollowerState (FollowerState.java:run(117)) - 58095e90-3010-492a-9083-43cf2e035c3f@group-BCADF287A12B-FollowerState was interrupted: java.lang.InterruptedException: sleep interrupted
2019-10-30 05:53:56,990 [9127dd83-037b-4d39-812f-66db56af525a@group-BCADF287A12B-LeaderElection396] INFO  impl.LeaderElection (LeaderElection.java:logAndReturn(56)) - 9127dd83-037b-4d39-812f-66db56af525a@group-BCADF287A12B-LeaderElection396: Election REJECTED; received 2 response(s) [9127dd83-037b-4d39-812f-66db56af525a<-7fae3aed-4e76-4283-a599-f93f794625ab#0:FAIL-t441, 9127dd83-037b-4d39-812f-66db56af525a<-58095e90-3010-492a-9083-43cf2e035c3f#0:FAIL-t441] and 0 exception(s); 9127dd83-037b-4d39-812f-66db56af525a@group-BCADF287A12B:t441, leader=null, voted=9127dd83-037b-4d39-812f-66db56af525a, raftlog=9127dd83-037b-4d39-812f-66db56af525a@group-BCADF287A12B-SegmentedRaftLog:OPENED:c-1,f-1,i0, conf=-1: [7fae3aed-4e76-4283-a599-f93f794625ab:192.168.34.21:41352, 58095e90-3010-492a-9083-43cf2e035c3f:192.168.34.21:45284, 9127dd83-037b-4d39-812f-66db56af525a:192.168.34.21:42063], old=null
2019-10-30 05:53:56,990 [9127dd83-037b-4d39-812f-66db56af525a@group-BCADF287A12B-LeaderElection396] INFO  impl.RaftServerImpl (RaftServerImpl.java:setRole(184)) - 9127dd83-037b-4d39-812f-66db56af525a@group-BCADF287A12B: changes role from CANDIDATE to FOLLOWER at term 441 for DISCOVERED_A_NEW_TERM
2019-10-30 05:53:56,990 [9127dd83-037b-4d39-812f-66db56af525a@group-BCADF287A12B-LeaderElection396] INFO  impl.RoleInfo (RoleInfo.java:shutdownLeaderElection(134)) - 9127dd83-037b-4d39-812f-66db56af525a: shutdown LeaderElection
2019-10-30 05:53:56,990 [9127dd83-037b-4d39-812f-66db56af525a@group-BCADF287A12B-LeaderElection396] INFO  impl.RoleInfo (RoleInfo.java:updateAndGet(143)) - 9127dd83-037b-4d39-812f-66db56af525a: start FollowerState
2019-10-30 05:53:57,023 [Thread-2900] INFO  impl.FollowerState (FollowerState.java:run(108)) - 9127dd83-037b-4d39-812f-66db56af525a@group-BCADF287A12B-FollowerState: change to CANDIDATE, lastRpcTime:33ms, electionTimeout:33ms
2019-10-30 05:53:57,024 [Thread-2900] INFO  impl.RoleInfo (RoleInfo.java:shutdownFollowerState(121)) - 9127dd83-037b-4d39-812f-66db56af525a: shutdown FollowerState
2019-10-30 05:53:57,024 [Thread-2900] INFO  impl.RaftServerImpl (RaftServerImpl.java:setRole(184)) - 9127dd83-037b-4d39-812f-66db56af525a@group-BCADF287A12B: changes role from  FOLLOWER to CANDIDATE at term 441 for changeToCandidate
2019-10-30 05:53:57,024 [Thread-2900] INFO  impl.RoleInfo (RoleInfo.java:updateAndGet(143)) - 9127dd83-037b-4d39-812f-66db56af525a: start LeaderElection
2019-10-30 05:53:57,037 [9127dd83-037b-4d39-812f-66db56af525a@group-BCADF287A12B-LeaderElection397] INFO  impl.LeaderElection (LeaderElection.java:askForVotes(178)) - 9127dd83-037b-4d39-812f-66db56af525a@group-BCADF287A12B-LeaderElection397: begin an election at term 442 for -1: [7fae3aed-4e76-4283-a599-f93f794625ab:192.168.34.21:41352, 58095e90-3010-492a-9083-43cf2e035c3f:192.168.34.21:45284, 9127dd83-037b-4d39-812f-66db56af525a:192.168.34.21:42063], old=null
2019-10-30 05:53:57,038 [grpc-default-executor-0] INFO  impl.RaftServerImpl (RaftServerImpl.java:setRole(184)) - 7fae3aed-4e76-4283-a599-f93f794625ab@group-BCADF287A12B: changes role from  FOLLOWER to FOLLOWER at term 442 for recognizeCandidate:9127dd83-037b-4d39-812f-66db56af525a
2019-10-30 05:53:57,039 [grpc-default-executor-0] INFO  impl.RoleInfo (RoleInfo.java:shutdownFollowerState(121)) - 7fae3aed-4e76-4283-a599-f93f794625ab: shutdown FollowerState
2019-10-30 05:53:57,039 [grpc-default-executor-2] INFO  impl.RaftServerImpl (RaftServerImpl.java:setRole(184)) - 58095e90-3010-492a-9083-43cf2e035c3f@group-BCADF287A12B: changes role from  FOLLOWER to FOLLOWER at term 442 for recognizeCandidate:9127dd83-037b-4d39-812f-66db56af525a
2019-10-30 05:53:57,039 [Thread-2898] INFO  impl.FollowerState (FollowerState.java:run(117)) - 7fae3aed-4e76-4283-a599-f93f794625ab@group-BCADF287A12B-FollowerState was interrupted: java.lang.InterruptedException: sleep interrupted
2019-10-30 05:53:57,039 [grpc-default-executor-0] INFO  impl.RoleInfo (RoleInfo.java:updateAndGet(143)) - 7fae3aed-4e76-4283-a599-f93f794625ab: start FollowerState
2019-10-30 05:53:57,039 [grpc-default-executor-2] INFO  impl.RoleInfo (RoleInfo.java:shutdownFollowerState(121)) - 58095e90-3010-492a-9083-43cf2e035c3f: shutdown FollowerState
2019-10-30 05:53:57,039 [Thread-2899] INFO  impl.FollowerState (FollowerState.java:run(117)) - 58095e90-3010-492a-9083-43cf2e035c3f@group-BCADF287A12B-FollowerState was interrupted: java.lang.InterruptedException: sleep interrupted
2019-10-30 05:53:57,039 [grpc-default-executor-2] INFO  impl.RoleInfo (RoleInfo.java:updateAndGet(143)) - 58095e90-3010-492a-9083-43cf2e035c3f: start FollowerState
2019-10-30 05:53:57,062 [9127dd83-037b-4d39-812f-66db56af525a@group-BCADF287A12B-LeaderElection397] INFO  impl.LeaderElection (LeaderElection.java:logAndReturn(56)) - 9127dd83-037b-4d39-812f-66db56af525a@group-BCADF287A12B-LeaderElection397: Election REJECTED; received 2 response(s) [9127dd83-037b-4d39-812f-66db56af525a<-7fae3aed-4e76-4283-a599-f93f794625ab#0:FAIL-t442, 9127dd83-037b-4d39-812f-66db56af525a<-58095e90-3010-492a-9083-43cf2e035c3f#0:FAIL-t442] and 0 exception(s); 9127dd83-037b-4d39-812f-66db56af525a@group-BCADF287A12B:t442, leader=null, voted=9127dd83-037b-4d39-812f-66db56af525a, raftlog=9127dd83-037b-4d39-812f-66db56af525a@group-BCADF287A12B-SegmentedRaftLog:OPENED:c-1,f-1,i0, conf=-1: [7fae3aed-4e76-4283-a599-f93f794625ab:192.168.34.21:41352, 58095e90-3010-492a-9083-43cf2e035c3f:192.168.34.21:45284, 9127dd83-037b-4d39-812f-66db56af525a:192.168.34.21:42063], old=null
2019-10-30 05:53:57,062 [9127dd83-037b-4d39-812f-66db56af525a@group-BCADF287A12B-LeaderElection397] INFO  impl.RaftServerImpl (RaftServerImpl.java:setRole(184)) - 9127dd83-037b-4d39-812f-66db56af525a@group-BCADF287A12B: changes role from CANDIDATE to FOLLOWER at term 442 for DISCOVERED_A_NEW_TERM
2019-10-30 05:53:57,062 [9127dd83-037b-4d39-812f-66db56af525a@group-BCADF287A12B-LeaderElection397] INFO  impl.RoleInfo (RoleInfo.java:shutdownLeaderElection(134)) - 9127dd83-037b-4d39-812f-66db56af525a: shutdown LeaderElection
2019-10-30 05:53:57,062 [9127dd83-037b-4d39-812f-66db56af525a@group-BCADF287A12B-LeaderElection397] INFO  impl.RoleInfo (RoleInfo.java:updateAndGet(143)) - 9127dd83-037b-4d39-812f-66db56af525a: start FollowerState
2019-10-30 05:53:57,212 [Thread-2906] INFO  impl.FollowerState (FollowerState.java:run(108)) - 9127dd83-037b-4d39-812f-66db56af525a@group-BCADF287A12B-FollowerState: change to CANDIDATE, lastRpcTime:149ms, electionTimeout:149ms
2019-10-30 05:53:57,212 [Thread-2906] INFO  impl.RoleInfo (RoleInfo.java:shutdownFollowerState(121)) - 9127dd83-037b-4d39-812f-66db56af525a: shutdown FollowerState
2019-10-30 05:53:57,212 [Thread-2906] INFO  impl.RaftServerImpl (RaftServerImpl.java:setRole(184)) - 9127dd83-037b-4d39-812f-66db56af525a@group-BCADF287A12B: changes role from  FOLLOWER to CANDIDATE at term 442 for changeToCandidate
2019-10-30 05:53:57,212 [Thread-2906] INFO  impl.RoleInfo (RoleInfo.java:updateAndGet(143)) - 9127dd83-037b-4d39-812f-66db56af525a: start LeaderElection
2019-10-30 05:53:57,225 [9127dd83-037b-4d39-812f-66db56af525a@group-BCADF287A12B-LeaderElection398] INFO  impl.LeaderElection (LeaderElection.java:askForVotes(178)) - 9127dd83-037b-4d39-812f-66db56af525a@group-BCADF287A12B-LeaderElection398: begin an election at term 443 for -1: [7fae3aed-4e76-4283-a599-f93f794625ab:192.168.34.21:41352, 58095e90-3010-492a-9083-43cf2e035c3f:192.168.34.21:45284, 9127dd83-037b-4d39-812f-66db56af525a:192.168.34.21:42063], old=null
2019-10-30 05:53:57,227 [grpc-default-executor-2] INFO  impl.RaftServerImpl (RaftServerImpl.java:setRole(184)) - 58095e90-3010-492a-9083-43cf2e035c3f@group-BCADF287A12B: changes role from  FOLLOWER to FOLLOWER at term 443 for recognizeCandidate:9127dd83-037b-4d39-812f-66db56af525a
2019-10-30 05:53:57,227 [grpc-default-executor-0] INFO  impl.RaftServerImpl (RaftServerImpl.java:setRole(184)) - 7fae3aed-4e76-4283-a599-f93f794625ab@group-BCADF287A12B: changes role from  FOLLOWER to FOLLOWER at term 443 for recognizeCandidate:9127dd83-037b-4d39-812f-66db56af525a
2019-10-30 05:53:57,227 [grpc-default-executor-0] INFO  impl.RoleInfo (RoleInfo.java:shutdownFollowerState(121)) - 7fae3aed-4e76-4283-a599-f93f794625ab: shutdown FollowerState
2019-10-30 05:53:57,227 [grpc-default-executor-2] INFO  impl.RoleInfo (RoleInfo.java:shutdownFollowerState(121)) - 58095e90-3010-492a-9083-43cf2e035c3f: shutdown FollowerState
2019-10-30 05:53:57,227 [grpc-default-executor-0] INFO  impl.RoleInfo (RoleInfo.java:updateAndGet(143)) - 7fae3aed-4e76-4283-a599-f93f794625ab: start FollowerState
2019-10-30 05:53:57,227 [grpc-default-executor-2] INFO  impl.RoleInfo (RoleInfo.java:updateAndGet(143)) - 58095e90-3010-492a-9083-43cf2e035c3f: start FollowerState
2019-10-30 05:53:57,227 [Thread-2905] INFO  impl.FollowerState (FollowerState.java:run(117)) - 58095e90-3010-492a-9083-43cf2e035c3f@group-BCADF287A12B-FollowerState was interrupted: java.lang.InterruptedException: sleep interrupted
2019-10-30 05:53:57,227 [Thread-2904] INFO  impl.FollowerState (FollowerState.java:run(117)) - 7fae3aed-4e76-4283-a599-f93f794625ab@group-BCADF287A12B-FollowerState was interrupted: java.lang.InterruptedException: sleep interrupted
2019-10-30 05:53:57,240 [9127dd83-037b-4d39-812f-66db56af525a@group-BCADF287A12B-LeaderElection398] INFO  impl.LeaderElection (LeaderElection.java:logAndReturn(56)) - 9127dd83-037b-4d39-812f-66db56af525a@group-BCADF287A12B-LeaderElection398: Election REJECTED; received 2 response(s) [9127dd83-037b-4d39-812f-66db56af525a<-7fae3aed-4e76-4283-a599-f93f794625ab#0:FAIL-t443, 9127dd83-037b-4d39-812f-66db56af525a<-58095e90-3010-492a-9083-43cf2e035c3f#0:FAIL-t443] and 0 exception(s); 9127dd83-037b-4d39-812f-66db56af525a@group-BCADF287A12B:t443, leader=null, voted=9127dd83-037b-4d39-812f-66db56af525a, raftlog=9127dd83-037b-4d39-812f-66db56af525a@group-BCADF287A12B-SegmentedRaftLog:OPENED:c-1,f-1,i0, conf=-1: [7fae3aed-4e76-4283-a599-f93f794625ab:192.168.34.21:41352, 58095e90-3010-492a-9083-43cf2e035c3f:192.168.34.21:45284, 9127dd83-037b-4d39-812f-66db56af525a:192.168.34.21:42063], old=null
2019-10-30 05:53:57,241 [9127dd83-037b-4d39-812f-66db56af525a@group-BCADF287A12B-LeaderElection398] INFO  impl.RaftServerImpl (RaftServerImpl.java:setRole(184)) - 9127dd83-037b-4d39-812f-66db56af525a@group-BCADF287A12B: changes role from CANDIDATE to FOLLOWER at term 443 for DISCOVERED_A_NEW_TERM
2019-10-30 05:53:57,241 [9127dd83-037b-4d39-812f-66db56af525a@group-BCADF287A12B-LeaderElection398] INFO  impl.RoleInfo (RoleInfo.java:shutdownLeaderElection(134)) - 9127dd83-037b-4d39-812f-66db56af525a: shutdown LeaderElection
2019-10-30 05:53:57,241 [9127dd83-037b-4d39-812f-66db56af525a@group-BCADF287A12B-LeaderElection398] INFO  impl.RoleInfo (RoleInfo.java:updateAndGet(143)) - 9127dd83-037b-4d39-812f-66db56af525a: start FollowerState
2019-10-30 05:53:57,339 [Thread-2912] INFO  impl.FollowerState (FollowerState.java:run(108)) - 9127dd83-037b-4d39-812f-66db56af525a@group-BCADF287A12B-FollowerState: change to CANDIDATE, lastRpcTime:98ms, electionTimeout:98ms
2019-10-30 05:53:57,340 [Thread-2912] INFO  impl.RoleInfo (RoleInfo.java:shutdownFollowerState(121)) - 9127dd83-037b-4d39-812f-66db56af525a: shutdown FollowerState
2019-10-30 05:53:57,340 [Thread-2912] INFO  impl.RaftServerImpl (RaftServerImpl.java:setRole(184)) - 9127dd83-037b-4d39-812f-66db56af525a@group-BCADF287A12B: changes role from  FOLLOWER to CANDIDATE at term 443 for changeToCandidate
2019-10-30 05:53:57,340 [Thread-2912] INFO  impl.RoleInfo (RoleInfo.java:updateAndGet(143)) - 9127dd83-037b-4d39-812f-66db56af525a: start LeaderElection
2019-10-30 05:53:57,353 [9127dd83-037b-4d39-812f-66db56af525a@group-BCADF287A12B-LeaderElection399] INFO  impl.LeaderElection (LeaderElection.java:askForVotes(178)) - 9127dd83-037b-4d39-812f-66db56af525a@group-BCADF287A12B-LeaderElection399: begin an election at term 444 for -1: [7fae3aed-4e76-4283-a599-f93f794625ab:192.168.34.21:41352, 58095e90-3010-492a-9083-43cf2e035c3f:192.168.34.21:45284, 9127dd83-037b-4d39-812f-66db56af525a:192.168.34.21:42063], old=null
2019-10-30 05:53:57,355 [grpc-default-executor-2] INFO  impl.RaftServerImpl (RaftServerImpl.java:setRole(184)) - 7fae3aed-4e76-4283-a599-f93f794625ab@group-BCADF287A12B: changes role from  FOLLOWER to FOLLOWER at term 444 for recognizeCandidate:9127dd83-037b-4d39-812f-66db56af525a
2019-10-30 05:53:57,355 [grpc-default-executor-2] INFO  impl.RoleInfo (RoleInfo.java:shutdownFollowerState(121)) - 7fae3aed-4e76-4283-a599-f93f794625ab: shutdown FollowerState
2019-10-30 05:53:57,355 [grpc-default-executor-0] INFO  impl.RaftServerImpl (RaftServerImpl.java:setRole(184)) - 58095e90-3010-492a-9083-43cf2e035c3f@group-BCADF287A12B: changes role from  FOLLOWER to FOLLOWER at term 444 for recognizeCandidate:9127dd83-037b-4d39-812f-66db56af525a
2019-10-30 05:53:57,355 [Thread-2910] INFO  impl.FollowerState (FollowerState.java:run(117)) - 7fae3aed-4e76-4283-a599-f93f794625ab@group-BCADF287A12B-FollowerState was interrupted: java.lang.InterruptedException: sleep interrupted
2019-10-30 05:53:57,355 [grpc-default-executor-2] INFO  impl.RoleInfo (RoleInfo.java:updateAndGet(143)) - 7fae3aed-4e76-4283-a599-f93f794625ab: start FollowerState
2019-10-30 05:53:57,355 [grpc-default-executor-0] INFO  impl.RoleInfo (RoleInfo.java:shutdownFollowerState(121)) - 58095e90-3010-492a-9083-43cf2e035c3f: shutdown FollowerState
2019-10-30 05:53:57,356 [grpc-default-executor-0] INFO  impl.RoleInfo (RoleInfo.java:updateAndGet(143)) - 58095e90-3010-492a-9083-43cf2e035c3f: start FollowerState
2019-10-30 05:53:57,356 [Thread-2911] INFO  impl.FollowerState (FollowerState.java:run(117)) - 58095e90-3010-492a-9083-43cf2e035c3f@group-BCADF287A12B-FollowerState was interrupted: java.lang.InterruptedException: sleep interrupted
2019-10-30 05:53:57,369 [9127dd83-037b-4d39-812f-66db56af525a@group-BCADF287A12B-LeaderElection399] INFO  impl.LeaderElection (LeaderElection.java:logAndReturn(56)) - 9127dd83-037b-4d39-812f-66db56af525a@group-BCADF287A12B-LeaderElection399: Election REJECTED; received 2 response(s) [9127dd83-037b-4d39-812f-66db56af525a<-7fae3aed-4e76-4283-a599-f93f794625ab#0:FAIL-t444, 9127dd83-037b-4d39-812f-66db56af525a<-58095e90-3010-492a-9083-43cf2e035c3f#0:FAIL-t444] and 0 exception(s); 9127dd83-037b-4d39-812f-66db56af525a@group-BCADF287A12B:t444, leader=null, voted=9127dd83-037b-4d39-812f-66db56af525a, raftlog=9127dd83-037b-4d39-812f-66db56af525a@group-BCADF287A12B-SegmentedRaftLog:OPENED:c-1,f-1,i0, conf=-1: [7fae3aed-4e76-4283-a599-f93f794625ab:192.168.34.21:41352, 58095e90-3010-492a-9083-43cf2e035c3f:192.168.34.21:45284, 9127dd83-037b-4d39-812f-66db56af525a:192.168.34.21:42063], old=null
2019-10-30 05:53:57,369 [9127dd83-037b-4d39-812f-66db56af525a@group-BCADF287A12B-LeaderElection399] INFO  impl.RaftServerImpl (RaftServerImpl.java:setRole(184)) - 9127dd83-037b-4d39-812f-66db56af525a@group-BCADF287A12B: changes role from CANDIDATE to FOLLOWER at term 444 for DISCOVERED_A_NEW_TERM
2019-10-30 05:53:57,369 [9127dd83-037b-4d39-812f-66db56af525a@group-BCADF287A12B-LeaderElection399] INFO  impl.RoleInfo (RoleInfo.java:shutdownLeaderElection(134)) - 9127dd83-037b-4d39-812f-66db56af525a: shutdown LeaderElection
2019-10-30 05:53:57,369 [9127dd83-037b-4d39-812f-66db56af525a@group-BCADF287A12B-LeaderElection399] INFO  impl.RoleInfo (RoleInfo.java:updateAndGet(143)) - 9127dd83-037b-4d39-812f-66db56af525a: start FollowerState
2019-10-30 05:53:57,441 [Thread-2918] INFO  impl.FollowerState (FollowerState.java:run(108)) - 9127dd83-037b-4d39-812f-66db56af525a@group-BCADF287A12B-FollowerState: change to CANDIDATE, lastRpcTime:71ms, electionTimeout:71ms
2019-10-30 05:53:57,441 [Thread-2918] INFO  impl.RoleInfo (RoleInfo.java:shutdownFollowerState(121)) - 9127dd83-037b-4d39-812f-66db56af525a: shutdown FollowerState
2019-10-30 05:53:57,441 [Thread-2918] INFO  impl.RaftServerImpl (RaftServerImpl.java:setRole(184)) - 9127dd83-037b-4d39-812f-66db56af525a@group-BCADF287A12B: changes role from  FOLLOWER to CANDIDATE at term 444 for changeToCandidate
2019-10-30 05:53:57,441 [Thread-2918] INFO  impl.RoleInfo (RoleInfo.java:updateAndGet(143)) - 9127dd83-037b-4d39-812f-66db56af525a: start LeaderElection
2019-10-30 05:53:57,448 [9127dd83-037b-4d39-812f-66db56af525a@group-BCADF287A12B-LeaderElection400] INFO  impl.LeaderElection (LeaderElection.java:askForVotes(178)) - 9127dd83-037b-4d39-812f-66db56af525a@group-BCADF287A12B-LeaderElection400: begin an election at term 445 for -1: [7fae3aed-4e76-4283-a599-f93f794625ab:192.168.34.21:41352, 58095e90-3010-492a-9083-43cf2e035c3f:192.168.34.21:45284, 9127dd83-037b-4d39-812f-66db56af525a:192.168.34.21:42063], old=null
2019-10-30 05:53:57,449 [grpc-default-executor-0] INFO  impl.RaftServerImpl (RaftServerImpl.java:setRole(184)) - 7fae3aed-4e76-4283-a599-f93f794625ab@group-BCADF287A12B: changes role from  FOLLOWER to FOLLOWER at term 445 for recognizeCandidate:9127dd83-037b-4d39-812f-66db56af525a
2019-10-30 05:53:57,450 [grpc-default-executor-0] INFO  impl.RoleInfo (RoleInfo.java:shutdownFollowerState(121)) - 7fae3aed-4e76-4283-a599-f93f794625ab: shutdown FollowerState
2019-10-30 05:53:57,450 [grpc-default-executor-2] INFO  impl.RaftServerImpl (RaftServerImpl.java:setRole(184)) - 58095e90-3010-492a-9083-43cf2e035c3f@group-BCADF287A12B: changes role from  FOLLOWER to FOLLOWER at term 445 for recognizeCandidate:9127dd83-037b-4d39-812f-66db56af525a
2019-10-30 05:53:57,450 [grpc-default-executor-2] INFO  impl.RoleInfo (RoleInfo.java:shutdownFollowerState(121)) - 58095e90-3010-492a-9083-43cf2e035c3f: shutdown FollowerState
2019-10-30 05:53:57,450 [Thread-2916] INFO  impl.FollowerState (FollowerState.java:run(117)) - 7fae3aed-4e76-4283-a599-f93f794625ab@group-BCADF287A12B-FollowerState was interrupted: java.lang.InterruptedException: sleep interrupted
2019-10-30 05:53:57,450 [grpc-default-executor-0] INFO  impl.RoleInfo (RoleInfo.java:updateAndGet(143)) - 7fae3aed-4e76-4283-a599-f93f794625ab: start FollowerState
2019-10-30 05:53:57,450 [Thread-2917] INFO  impl.FollowerState (FollowerState.java:run(117)) - 58095e90-3010-492a-9083-43cf2e035c3f@group-BCADF287A12B-FollowerState was interrupted: java.lang.InterruptedException: sleep interrupted
2019-10-30 05:53:57,450 [grpc-default-executor-2] INFO  impl.RoleInfo (RoleInfo.java:updateAndGet(143)) - 58095e90-3010-492a-9083-43cf2e035c3f: start FollowerState
2019-10-30 05:53:57,471 [9127dd83-037b-4d39-812f-66db56af525a@group-BCADF287A12B-LeaderElection400] INFO  impl.LeaderElection (LeaderElection.java:logAndReturn(56)) - 9127dd83-037b-4d39-812f-66db56af525a@group-BCADF287A12B-LeaderElection400: Election REJECTED; received 2 response(s) [9127dd83-037b-4d39-812f-66db56af525a<-7fae3aed-4e76-4283-a599-f93f794625ab#0:FAIL-t445, 9127dd83-037b-4d39-812f-66db56af525a<-58095e90-3010-492a-9083-43cf2e035c3f#0:FAIL-t445] and 0 exception(s); 9127dd83-037b-4d39-812f-66db56af525a@group-BCADF287A12B:t445, leader=null, voted=9127dd83-037b-4d39-812f-66db56af525a, raftlog=9127dd83-037b-4d39-812f-66db56af525a@group-BCADF287A12B-SegmentedRaftLog:OPENED:c-1,f-1,i0, conf=-1: [7fae3aed-4e76-4283-a599-f93f794625ab:192.168.34.21:41352, 58095e90-3010-492a-9083-43cf2e035c3f:192.168.34.21:45284, 9127dd83-037b-4d39-812f-66db56af525a:192.168.34.21:42063], old=null
2019-10-30 05:53:57,471 [9127dd83-037b-4d39-812f-66db56af525a@group-BCADF287A12B-LeaderElection400] INFO  impl.RaftServerImpl (RaftServerImpl.java:setRole(184)) - 9127dd83-037b-4d39-812f-66db56af525a@group-BCADF287A12B: changes role from CANDIDATE to FOLLOWER at term 445 for DISCOVERED_A_NEW_TERM
2019-10-30 05:53:57,472 [9127dd83-037b-4d39-812f-66db56af525a@group-BCADF287A12B-LeaderElection400] INFO  impl.RoleInfo (RoleInfo.java:shutdownLeaderElection(134)) - 9127dd83-037b-4d39-812f-66db56af525a: shutdown LeaderElection
2019-10-30 05:53:57,472 [9127dd83-037b-4d39-812f-66db56af525a@group-BCADF287A12B-LeaderElection400] INFO  impl.RoleInfo (RoleInfo.java:updateAndGet(143)) - 9127dd83-037b-4d39-812f-66db56af525a: start FollowerState
2019-10-30 05:53:57,615 [Thread-2924] INFO  impl.FollowerState (FollowerState.java:run(108)) - 9127dd83-037b-4d39-812f-66db56af525a@group-BCADF287A12B-FollowerState: change to CANDIDATE, lastRpcTime:143ms, electionTimeout:143ms
2019-10-30 05:53:57,615 [Thread-2924] INFO  impl.RoleInfo (RoleInfo.java:shutdownFollowerState(121)) - 9127dd83-037b-4d39-812f-66db56af525a: shutdown FollowerState
2019-10-30 05:53:57,615 [Thread-2924] INFO  impl.RaftServerImpl (RaftServerImpl.java:setRole(184)) - 9127dd83-037b-4d39-812f-66db56af525a@group-BCADF287A12B: changes role from  FOLLOWER to CANDIDATE at term 445 for changeToCandidate
2019-10-30 05:53:57,615 [Thread-2924] INFO  impl.RoleInfo (RoleInfo.java:updateAndGet(143)) - 9127dd83-037b-4d39-812f-66db56af525a: start LeaderElection
2019-10-30 05:53:57,619 [9127dd83-037b-4d39-812f-66db56af525a@group-BCADF287A12B-LeaderElection401] INFO  impl.LeaderElection (LeaderElection.java:askForVotes(178)) - 9127dd83-037b-4d39-812f-66db56af525a@group-BCADF287A12B-LeaderElection401: begin an election at term 446 for -1: [7fae3aed-4e76-4283-a599-f93f794625ab:192.168.34.21:41352, 58095e90-3010-492a-9083-43cf2e035c3f:192.168.34.21:45284, 9127dd83-037b-4d39-812f-66db56af525a:192.168.34.21:42063], old=null
2019-10-30 05:53:57,621 [9127dd83-037b-4d39-812f-66db56af525a@group-BCADF287A12B-LeaderElection401] INFO  impl.LeaderElection (LeaderElection.java:logAndReturn(56)) - 9127dd83-037b-4d39-812f-66db56af525a@group-BCADF287A12B-LeaderElection401: Election TIMEOUT; received 0 response(s) [] and 0 exception(s); 9127dd83-037b-4d39-812f-66db56af525a@group-BCADF287A12B:t446, leader=null, voted=9127dd83-037b-4d39-812f-66db56af525a, raftlog=9127dd83-037b-4d39-812f-66db56af525a@group-BCADF287A12B-SegmentedRaftLog:OPENED:c-1,f-1,i0, conf=-1: [7fae3aed-4e76-4283-a599-f93f794625ab:192.168.34.21:41352, 58095e90-3010-492a-9083-43cf2e035c3f:192.168.34.21:45284, 9127dd83-037b-4d39-812f-66db56af525a:192.168.34.21:42063], old=null
2019-10-30 05:53:57,621 [grpc-default-executor-2] INFO  impl.RaftServerImpl (RaftServerImpl.java:setRole(184)) - 7fae3aed-4e76-4283-a599-f93f794625ab@group-BCADF287A12B: changes role from  FOLLOWER to FOLLOWER at term 446 for recognizeCandidate:9127dd83-037b-4d39-812f-66db56af525a
2019-10-30 05:53:57,622 [grpc-default-executor-2] INFO  impl.RoleInfo (RoleInfo.java:shutdownFollowerState(121)) - 7fae3aed-4e76-4283-a599-f93f794625ab: shutdown FollowerState
2019-10-30 05:53:57,622 [grpc-default-executor-2] INFO  impl.RoleInfo (RoleInfo.java:updateAndGet(143)) - 7fae3aed-4e76-4283-a599-f93f794625ab: start FollowerState
2019-10-30 05:53:57,622 [Thread-2922] INFO  impl.FollowerState (FollowerState.java:run(117)) - 7fae3aed-4e76-4283-a599-f93f794625ab@group-BCADF287A12B-FollowerState was interrupted: java.lang.InterruptedException: sleep interrupted
2019-10-30 05:53:57,622 [grpc-default-executor-0] INFO  impl.RaftServerImpl (RaftServerImpl.java:setRole(184)) - 58095e90-3010-492a-9083-43cf2e035c3f@group-BCADF287A12B: changes role from  FOLLOWER to FOLLOWER at term 446 for recognizeCandidate:9127dd83-037b-4d39-812f-66db56af525a
2019-10-30 05:53:57,622 [grpc-default-executor-0] INFO  impl.RoleInfo (RoleInfo.java:shutdownFollowerState(121)) - 58095e90-3010-492a-9083-43cf2e035c3f: shutdown FollowerState
2019-10-30 05:53:57,623 [grpc-default-executor-0] INFO  impl.RoleInfo (RoleInfo.java:updateAndGet(143)) - 58095e90-3010-492a-9083-43cf2e035c3f: start FollowerState
2019-10-30 05:53:57,623 [Thread-2923] INFO  impl.FollowerState (FollowerState.java:run(117)) - 58095e90-3010-492a-9083-43cf2e035c3f@group-BCADF287A12B-FollowerState was interrupted: java.lang.InterruptedException: sleep interrupted
2019-10-30 05:53:57,647 [9127dd83-037b-4d39-812f-66db56af525a@group-BCADF287A12B-LeaderElection401] INFO  impl.LeaderElection (LeaderElection.java:askForVotes(178)) - 9127dd83-037b-4d39-812f-66db56af525a@group-BCADF287A12B-LeaderElection401: begin an election at term 447 for -1: [7fae3aed-4e76-4283-a599-f93f794625ab:192.168.34.21:41352, 58095e90-3010-492a-9083-43cf2e035c3f:192.168.34.21:45284, 9127dd83-037b-4d39-812f-66db56af525a:192.168.34.21:42063], old=null
2019-10-30 05:53:57,649 [grpc-default-executor-0] INFO  impl.RaftServerImpl (RaftServerImpl.java:setRole(184)) - 7fae3aed-4e76-4283-a599-f93f794625ab@group-BCADF287A12B: changes role from  FOLLOWER to FOLLOWER at term 447 for recognizeCandidate:9127dd83-037b-4d39-812f-66db56af525a
2019-10-30 05:53:57,649 [grpc-default-executor-0] INFO  impl.RoleInfo (RoleInfo.java:shutdownFollowerState(121)) - 7fae3aed-4e76-4283-a599-f93f794625ab: shutdown FollowerState
2019-10-30 05:53:57,649 [grpc-default-executor-0] INFO  impl.RoleInfo (RoleInfo.java:updateAndGet(143)) - 7fae3aed-4e76-4283-a599-f93f794625ab: start FollowerState
2019-10-30 05:53:57,649 [grpc-default-executor-2] INFO  impl.RaftServerImpl (RaftServerImpl.java:setRole(184)) - 58095e90-3010-492a-9083-43cf2e035c3f@group-BCADF287A12B: changes role from  FOLLOWER to FOLLOWER at term 447 for recognizeCandidate:9127dd83-037b-4d39-812f-66db56af525a
2019-10-30 05:53:57,649 [grpc-default-executor-2] INFO  impl.RoleInfo (RoleInfo.java:shutdownFollowerState(121)) - 58095e90-3010-492a-9083-43cf2e035c3f: shutdown FollowerState
2019-10-30 05:53:57,649 [Thread-2930] INFO  impl.FollowerState (FollowerState.java:run(117)) - 7fae3aed-4e76-4283-a599-f93f794625ab@group-BCADF287A12B-FollowerState was interrupted: java.lang.InterruptedException: sleep interrupted
2019-10-30 05:53:57,649 [grpc-default-executor-2] INFO  impl.RoleInfo (RoleInfo.java:updateAndGet(143)) - 58095e90-3010-492a-9083-43cf2e035c3f: start FollowerState
2019-10-30 05:53:57,649 [Thread-2931] INFO  impl.FollowerState (FollowerState.java:run(117)) - 58095e90-3010-492a-9083-43cf2e035c3f@group-BCADF287A12B-FollowerState was interrupted: java.lang.InterruptedException: sleep interrupted
2019-10-30 05:53:57,744 [9127dd83-037b-4d39-812f-66db56af525a@group-BCADF287A12B-LeaderElection401] INFO  impl.LeaderElection (LeaderElection.java:logAndReturn(56)) - 9127dd83-037b-4d39-812f-66db56af525a@group-BCADF287A12B-LeaderElection401: Election TIMEOUT; received 0 response(s) [] and 0 exception(s); 9127dd83-037b-4d39-812f-66db56af525a@group-BCADF287A12B:t447, leader=null, voted=9127dd83-037b-4d39-812f-66db56af525a, raftlog=9127dd83-037b-4d39-812f-66db56af525a@group-BCADF287A12B-SegmentedRaftLog:OPENED:c-1,f-1,i0, conf=-1: [7fae3aed-4e76-4283-a599-f93f794625ab:192.168.34.21:41352, 58095e90-3010-492a-9083-43cf2e035c3f:192.168.34.21:45284, 9127dd83-037b-4d39-812f-66db56af525a:192.168.34.21:42063], old=null
2019-10-30 05:53:58,010 [9127dd83-037b-4d39-812f-66db56af525a@group-BCADF287A12B-LeaderElection401] INFO  impl.LeaderElection (LeaderElection.java:askForVotes(178)) - 9127dd83-037b-4d39-812f-66db56af525a@group-BCADF287A12B-LeaderElection401: begin an election at term 448 for -1: [7fae3aed-4e76-4283-a599-f93f794625ab:192.168.34.21:41352, 58095e90-3010-492a-9083-43cf2e035c3f:192.168.34.21:45284, 9127dd83-037b-4d39-812f-66db56af525a:192.168.34.21:42063], old=null
2019-10-30 05:53:58,012 [grpc-default-executor-2] INFO  impl.RaftServerImpl (RaftServerImpl.java:setRole(184)) - 7fae3aed-4e76-4283-a599-f93f794625ab@group-BCADF287A12B: changes role from  FOLLOWER to FOLLOWER at term 448 for recognizeCandidate:9127dd83-037b-4d39-812f-66db56af525a
2019-10-30 05:53:58,012 [grpc-default-executor-0] INFO  impl.RaftServerImpl (RaftServerImpl.java:setRole(184)) - 58095e90-3010-492a-9083-43cf2e035c3f@group-BCADF287A12B: changes role from  FOLLOWER to FOLLOWER at term 448 for recognizeCandidate:9127dd83-037b-4d39-812f-66db56af525a
2019-10-30 05:53:58,012 [grpc-default-executor-2] INFO  impl.RoleInfo (RoleInfo.java:shutdownFollowerState(121)) - 7fae3aed-4e76-4283-a599-f93f794625ab: shutdown FollowerState
2019-10-30 05:53:58,012 [grpc-default-executor-0] INFO  impl.RoleInfo (RoleInfo.java:shutdownFollowerState(121)) - 58095e90-3010-492a-9083-43cf2e035c3f: shutdown FollowerState
2019-10-30 05:53:58,013 [Thread-2934] INFO  impl.FollowerState (FollowerState.java:run(117)) - 7fae3aed-4e76-4283-a599-f93f794625ab@group-BCADF287A12B-FollowerState was interrupted: java.lang.InterruptedException: sleep interrupted
2019-10-30 05:53:58,013 [grpc-default-executor-2] INFO  impl.RoleInfo (RoleInfo.java:updateAndGet(143)) - 7fae3aed-4e76-4283-a599-f93f794625ab: start FollowerState
2019-10-30 05:53:58,013 [Thread-2935] INFO  impl.FollowerState (FollowerState.java:run(117)) - 58095e90-3010-492a-9083-43cf2e035c3f@group-BCADF287A12B-FollowerState was interrupted: java.lang.InterruptedException: sleep interrupted
2019-10-30 05:53:58,013 [grpc-default-executor-0] INFO  impl.RoleInfo (RoleInfo.java:updateAndGet(143)) - 58095e90-3010-492a-9083-43cf2e035c3f: start FollowerState
2019-10-30 05:53:58,023 [9127dd83-037b-4d39-812f-66db56af525a@group-BCADF287A12B-LeaderElection401] INFO  impl.LeaderElection (LeaderElection.java:logAndReturn(56)) - 9127dd83-037b-4d39-812f-66db56af525a@group-BCADF287A12B-LeaderElection401: Election REJECTED; received 2 response(s) [9127dd83-037b-4d39-812f-66db56af525a<-7fae3aed-4e76-4283-a599-f93f794625ab#0:FAIL-t448, 9127dd83-037b-4d39-812f-66db56af525a<-58095e90-3010-492a-9083-43cf2e035c3f#0:FAIL-t448] and 0 exception(s); 9127dd83-037b-4d39-812f-66db56af525a@group-BCADF287A12B:t448, leader=null, voted=9127dd83-037b-4d39-812f-66db56af525a, raftlog=9127dd83-037b-4d39-812f-66db56af525a@group-BCADF287A12B-SegmentedRaftLog:OPENED:c-1,f-1,i0, conf=-1: [7fae3aed-4e76-4283-a599-f93f794625ab:192.168.34.21:41352, 58095e90-3010-492a-9083-43cf2e035c3f:192.168.34.21:45284, 9127dd83-037b-4d39-812f-66db56af525a:192.168.34.21:42063], old=null
2019-10-30 05:53:58,023 [9127dd83-037b-4d39-812f-66db56af525a@group-BCADF287A12B-LeaderElection401] INFO  impl.RaftServerImpl (RaftServerImpl.java:setRole(184)) - 9127dd83-037b-4d39-812f-66db56af525a@group-BCADF287A12B: changes role from CANDIDATE to FOLLOWER at term 448 for DISCOVERED_A_NEW_TERM
2019-10-30 05:53:58,023 [9127dd83-037b-4d39-812f-66db56af525a@group-BCADF287A12B-LeaderElection401] INFO  impl.RoleInfo (RoleInfo.java:shutdownLeaderElection(134)) - 9127dd83-037b-4d39-812f-66db56af525a: shutdown LeaderElection
2019-10-30 05:53:58,024 [9127dd83-037b-4d39-812f-66db56af525a@group-BCADF287A12B-LeaderElection401] INFO  impl.RoleInfo (RoleInfo.java:updateAndGet(143)) - 9127dd83-037b-4d39-812f-66db56af525a: start FollowerState
2019-10-30 05:53:58,165 [Thread-2940] INFO  impl.FollowerState (FollowerState.java:run(108)) - 9127dd83-037b-4d39-812f-66db56af525a@group-BCADF287A12B-FollowerState: change to CANDIDATE, lastRpcTime:141ms, electionTimeout:141ms
2019-10-30 05:53:58,165 [Thread-2940] INFO  impl.RoleInfo (RoleInfo.java:shutdownFollowerState(121)) - 9127dd83-037b-4d39-812f-66db56af525a: shutdown FollowerState
2019-10-30 05:53:58,165 [Thread-2940] INFO  impl.RaftServerImpl (RaftServerImpl.java:setRole(184)) - 9127dd83-037b-4d39-812f-66db56af525a@group-BCADF287A12B: changes role from  FOLLOWER to CANDIDATE at term 448 for changeToCandidate
2019-10-30 05:53:58,165 [Thread-2940] INFO  impl.RoleInfo (RoleInfo.java:updateAndGet(143)) - 9127dd83-037b-4d39-812f-66db56af525a: start LeaderElection
2019-10-30 05:53:58,180 [9127dd83-037b-4d39-812f-66db56af525a@group-BCADF287A12B-LeaderElection402] INFO  impl.LeaderElection (LeaderElection.java:askForVotes(178)) - 9127dd83-037b-4d39-812f-66db56af525a@group-BCADF287A12B-LeaderElection402: begin an election at term 449 for -1: [7fae3aed-4e76-4283-a599-f93f794625ab:192.168.34.21:41352, 58095e90-3010-492a-9083-43cf2e035c3f:192.168.34.21:45284, 9127dd83-037b-4d39-812f-66db56af525a:192.168.34.21:42063], old=null
2019-10-30 05:53:58,182 [grpc-default-executor-2] INFO  impl.RaftServerImpl (RaftServerImpl.java:setRole(184)) - 7fae3aed-4e76-4283-a599-f93f794625ab@group-BCADF287A12B: changes role from  FOLLOWER to FOLLOWER at term 449 for recognizeCandidate:9127dd83-037b-4d39-812f-66db56af525a
2019-10-30 05:53:58,182 [grpc-default-executor-2] INFO  impl.RoleInfo (RoleInfo.java:shutdownFollowerState(121)) - 7fae3aed-4e76-4283-a599-f93f794625ab: shutdown FollowerState
2019-10-30 05:53:58,182 [grpc-default-executor-0] INFO  impl.RaftServerImpl (RaftServerImpl.java:setRole(184)) - 58095e90-3010-492a-9083-43cf2e035c3f@group-BCADF287A12B: changes role from  FOLLOWER to FOLLOWER at term 449 for recognizeCandidate:9127dd83-037b-4d39-812f-66db56af525a
2019-10-30 05:53:58,183 [grpc-default-executor-0] INFO  impl.RoleInfo (RoleInfo.java:shutdownFollowerState(121)) - 58095e90-3010-492a-9083-43cf2e035c3f: shutdown FollowerState
2019-10-30 05:53:58,182 [Thread-2938] INFO  impl.FollowerState (FollowerState.java:run(117)) - 7fae3aed-4e76-4283-a599-f93f794625ab@group-BCADF287A12B-FollowerState was interrupted: java.lang.InterruptedException: sleep interrupted
2019-10-30 05:53:58,182 [grpc-default-executor-2] INFO  impl.RoleInfo (RoleInfo.java:updateAndGet(143)) - 7fae3aed-4e76-4283-a599-f93f794625ab: start FollowerState
2019-10-30 05:53:58,183 [Thread-2939] INFO  impl.FollowerState (FollowerState.java:run(117)) - 58095e90-3010-492a-9083-43cf2e035c3f@group-BCADF287A12B-FollowerState was interrupted: java.lang.InterruptedException: sleep interrupted
2019-10-30 05:53:58,183 [grpc-default-executor-0] INFO  impl.RoleInfo (RoleInfo.java:updateAndGet(143)) - 58095e90-3010-492a-9083-43cf2e035c3f: start FollowerState
2019-10-30 05:53:58,189 [9127dd83-037b-4d39-812f-66db56af525a@group-BCADF287A12B-LeaderElection402] INFO  impl.LeaderElection (LeaderElection.java:logAndReturn(56)) - 9127dd83-037b-4d39-812f-66db56af525a@group-BCADF287A12B-LeaderElection402: Election REJECTED; received 2 response(s) [9127dd83-037b-4d39-812f-66db56af525a<-7fae3aed-4e76-4283-a599-f93f794625ab#0:FAIL-t449, 9127dd83-037b-4d39-812f-66db56af525a<-58095e90-3010-492a-9083-43cf2e035c3f#0:FAIL-t449] and 0 exception(s); 9127dd83-037b-4d39-812f-66db56af525a@group-BCADF287A12B:t449, leader=null, voted=9127dd83-037b-4d39-812f-66db56af525a, raftlog=9127dd83-037b-4d39-812f-66db56af525a@group-BCADF287A12B-SegmentedRaftLog:OPENED:c-1,f-1,i0, conf=-1: [7fae3aed-4e76-4283-a599-f93f794625ab:192.168.34.21:41352, 58095e90-3010-492a-9083-43cf2e035c3f:192.168.34.21:45284, 9127dd83-037b-4d39-812f-66db56af525a:192.168.34.21:42063], old=null
2019-10-30 05:53:58,190 [9127dd83-037b-4d39-812f-66db56af525a@group-BCADF287A12B-LeaderElection402] INFO  impl.RaftServerImpl (RaftServerImpl.java:setRole(184)) - 9127dd83-037b-4d39-812f-66db56af525a@group-BCADF287A12B: changes role from CANDIDATE to FOLLOWER at term 449 for DISCOVERED_A_NEW_TERM
2019-10-30 05:53:58,190 [9127dd83-037b-4d39-812f-66db56af525a@group-BCADF287A12B-LeaderElection402] INFO  impl.RoleInfo (RoleInfo.java:shutdownLeaderElection(134)) - 9127dd83-037b-4d39-812f-66db56af525a: shutdown LeaderElection
2019-10-30 05:53:58,190 [9127dd83-037b-4d39-812f-66db56af525a@group-BCADF287A12B-LeaderElection402] INFO  impl.RoleInfo (RoleInfo.java:updateAndGet(143)) - 9127dd83-037b-4d39-812f-66db56af525a: start FollowerState
2019-10-30 05:53:58,381 [Thread-2946] INFO  impl.FollowerState (FollowerState.java:run(108)) - 9127dd83-037b-4d39-812f-66db56af525a@group-BCADF287A12B-FollowerState: change to CANDIDATE, lastRpcTime:191ms, electionTimeout:191ms
2019-10-30 05:53:58,381 [Thread-2946] INFO  impl.RoleInfo (RoleInfo.java:shutdownFollowerState(121)) - 9127dd83-037b-4d39-812f-66db56af525a: shutdown FollowerState
2019-10-30 05:53:58,381 [Thread-2946] INFO  impl.RaftServerImpl (RaftServerImpl.java:setRole(184)) - 9127dd83-037b-4d39-812f-66db56af525a@group-BCADF287A12B: changes role from  FOLLOWER to CANDIDATE at term 449 for changeToCandidate
2019-10-30 05:53:58,382 [Thread-2946] INFO  impl.RoleInfo (RoleInfo.java:updateAndGet(143)) - 9127dd83-037b-4d39-812f-66db56af525a: start LeaderElection
2019-10-30 05:53:58,390 [9127dd83-037b-4d39-812f-66db56af525a@group-BCADF287A12B-LeaderElection403] INFO  impl.LeaderElection (LeaderElection.java:askForVotes(178)) - 9127dd83-037b-4d39-812f-66db56af525a@group-BCADF287A12B-LeaderElection403: begin an election at term 450 for -1: [7fae3aed-4e76-4283-a599-f93f794625ab:192.168.34.21:41352, 58095e90-3010-492a-9083-43cf2e035c3f:192.168.34.21:45284, 9127dd83-037b-4d39-812f-66db56af525a:192.168.34.21:42063], old=null
2019-10-30 05:53:58,392 [grpc-default-executor-0] INFO  impl.RaftServerImpl (RaftServerImpl.java:setRole(184)) - 7fae3aed-4e76-4283-a599-f93f794625ab@group-BCADF287A12B: changes role from  FOLLOWER to FOLLOWER at term 450 for recognizeCandidate:9127dd83-037b-4d39-812f-66db56af525a
2019-10-30 05:53:58,392 [grpc-default-executor-2] INFO  impl.RaftServerImpl (RaftServerImpl.java:setRole(184)) - 58095e90-3010-492a-9083-43cf2e035c3f@group-BCADF287A12B: changes role from  FOLLOWER to FOLLOWER at term 450 for recognizeCandidate:9127dd83-037b-4d39-812f-66db56af525a
2019-10-30 05:53:58,392 [grpc-default-executor-2] INFO  impl.RoleInfo (RoleInfo.java:shutdownFollowerState(121)) - 58095e90-3010-492a-9083-43cf2e035c3f: shutdown FollowerState
2019-10-30 05:53:58,392 [grpc-default-executor-0] INFO  impl.RoleInfo (RoleInfo.java:shutdownFollowerState(121)) - 7fae3aed-4e76-4283-a599-f93f794625ab: shutdown FollowerState
2019-10-30 05:53:58,392 [Thread-2945] INFO  impl.FollowerState (FollowerState.java:run(117)) - 58095e90-3010-492a-9083-43cf2e035c3f@group-BCADF287A12B-FollowerState was interrupted: java.lang.InterruptedException: sleep interrupted
2019-10-30 05:53:58,392 [grpc-default-executor-2] INFO  impl.RoleInfo (RoleInfo.java:updateAndGet(143)) - 58095e90-3010-492a-9083-43cf2e035c3f: start FollowerState
2019-10-30 05:53:58,392 [grpc-default-executor-0] INFO  impl.RoleInfo (RoleInfo.java:updateAndGet(143)) - 7fae3aed-4e76-4283-a599-f93f794625ab: start FollowerState
2019-10-30 05:53:58,392 [Thread-2944] INFO  impl.FollowerState (FollowerState.java:run(117)) - 7fae3aed-4e76-4283-a599-f93f794625ab@group-BCADF287A12B-FollowerState was interrupted: java.lang.InterruptedException: sleep interrupted
2019-10-30 05:53:58,403 [9127dd83-037b-4d39-812f-66db56af525a@group-BCADF287A12B-LeaderElection403] INFO  impl.LeaderElection (LeaderElection.java:logAndReturn(56)) - 9127dd83-037b-4d39-812f-66db56af525a@group-BCADF287A12B-LeaderElection403: Election REJECTED; received 2 response(s) [9127dd83-037b-4d39-812f-66db56af525a<-7fae3aed-4e76-4283-a599-f93f794625ab#0:FAIL-t450, 9127dd83-037b-4d39-812f-66db56af525a<-58095e90-3010-492a-9083-43cf2e035c3f#0:FAIL-t450] and 0 exception(s); 9127dd83-037b-4d39-812f-66db56af525a@group-BCADF287A12B:t450, leader=null, voted=9127dd83-037b-4d39-812f-66db56af525a, raftlog=9127dd83-037b-4d39-812f-66db56af525a@group-BCADF287A12B-SegmentedRaftLog:OPENED:c-1,f-1,i0, conf=-1: [7fae3aed-4e76-4283-a599-f93f794625ab:192.168.34.21:41352, 58095e90-3010-492a-9083-43cf2e035c3f:192.168.34.21:45284, 9127dd83-037b-4d39-812f-66db56af525a:192.168.34.21:42063], old=null
2019-10-30 05:53:58,404 [9127dd83-037b-4d39-812f-66db56af525a@group-BCADF287A12B-LeaderElection403] INFO  impl.RaftServerImpl (RaftServerImpl.java:setRole(184)) - 9127dd83-037b-4d39-812f-66db56af525a@group-BCADF287A12B: changes role from CANDIDATE to FOLLOWER at term 450 for DISCOVERED_A_NEW_TERM
2019-10-30 05:53:58,404 [9127dd83-037b-4d39-812f-66db56af525a@group-BCADF287A12B-LeaderElection403] INFO  impl.RoleInfo (RoleInfo.java:shutdownLeaderElection(134)) - 9127dd83-037b-4d39-812f-66db56af525a: shutdown LeaderElection
2019-10-30 05:53:58,404 [9127dd83-037b-4d39-812f-66db56af525a@group-BCADF287A12B-LeaderElection403] INFO  impl.RoleInfo (RoleInfo.java:updateAndGet(143)) - 9127dd83-037b-4d39-812f-66db56af525a: start FollowerState
2019-10-30 05:53:58,601 [Thread-2952] INFO  impl.FollowerState (FollowerState.java:run(108)) - 9127dd83-037b-4d39-812f-66db56af525a@group-BCADF287A12B-FollowerState: change to CANDIDATE, lastRpcTime:197ms, electionTimeout:197ms
2019-10-30 05:53:58,601 [Thread-2952] INFO  impl.RoleInfo (RoleInfo.java:shutdownFollowerState(121)) - 9127dd83-037b-4d39-812f-66db56af525a: shutdown FollowerState
2019-10-30 05:53:58,601 [Thread-2952] INFO  impl.RaftServerImpl (RaftServerImpl.java:setRole(184)) - 9127dd83-037b-4d39-812f-66db56af525a@group-BCADF287A12B: changes role from  FOLLOWER to CANDIDATE at term 450 for changeToCandidate
2019-10-30 05:53:58,601 [Thread-2952] INFO  impl.RoleInfo (RoleInfo.java:updateAndGet(143)) - 9127dd83-037b-4d39-812f-66db56af525a: start LeaderElection
2019-10-30 05:53:58,606 [9127dd83-037b-4d39-812f-66db56af525a@group-BCADF287A12B-LeaderElection404] INFO  impl.LeaderElection (LeaderElection.java:askForVotes(178)) - 9127dd83-037b-4d39-812f-66db56af525a@group-BCADF287A12B-LeaderElection404: begin an election at term 451 for -1: [7fae3aed-4e76-4283-a599-f93f794625ab:192.168.34.21:41352, 58095e90-3010-492a-9083-43cf2e035c3f:192.168.34.21:45284, 9127dd83-037b-4d39-812f-66db56af525a:192.168.34.21:42063], old=null
2019-10-30 05:53:58,607 [grpc-default-executor-0] INFO  impl.RaftServerImpl (RaftServerImpl.java:setRole(184)) - 7fae3aed-4e76-4283-a599-f93f794625ab@group-BCADF287A12B: changes role from  FOLLOWER to FOLLOWER at term 451 for recognizeCandidate:9127dd83-037b-4d39-812f-66db56af525a
2019-10-30 05:53:58,607 [grpc-default-executor-2] INFO  impl.RaftServerImpl (RaftServerImpl.java:setRole(184)) - 58095e90-3010-492a-9083-43cf2e035c3f@group-BCADF287A12B: changes role from  FOLLOWER to FOLLOWER at term 451 for recognizeCandidate:9127dd83-037b-4d39-812f-66db56af525a
2019-10-30 05:53:58,607 [grpc-default-executor-0] INFO  impl.RoleInfo (RoleInfo.java:shutdownFollowerState(121)) - 7fae3aed-4e76-4283-a599-f93f794625ab: shutdown FollowerState
2019-10-30 05:53:58,607 [grpc-default-executor-2] INFO  impl.RoleInfo (RoleInfo.java:shutdownFollowerState(121)) - 58095e90-3010-492a-9083-43cf2e035c3f: shutdown FollowerState
2019-10-30 05:53:58,608 [Thread-2951] INFO  impl.FollowerState (FollowerState.java:run(117)) - 7fae3aed-4e76-4283-a599-f93f794625ab@group-BCADF287A12B-FollowerState was interrupted: java.lang.InterruptedException: sleep interrupted
2019-10-30 05:53:58,608 [Thread-2950] INFO  impl.FollowerState (FollowerState.java:run(117)) - 58095e90-3010-492a-9083-43cf2e035c3f@group-BCADF287A12B-FollowerState was interrupted: java.lang.InterruptedException: sleep interrupted
2019-10-30 05:53:58,608 [grpc-default-executor-2] INFO  impl.RoleInfo (RoleInfo.java:updateAndGet(143)) - 58095e90-3010-492a-9083-43cf2e035c3f: start FollowerState
2019-10-30 05:53:58,608 [grpc-default-executor-0] INFO  impl.RoleInfo (RoleInfo.java:updateAndGet(143)) - 7fae3aed-4e76-4283-a599-f93f794625ab: start FollowerState
2019-10-30 05:53:58,623 [9127dd83-037b-4d39-812f-66db56af525a@group-BCADF287A12B-LeaderElection404] INFO  impl.LeaderElection (LeaderElection.java:logAndReturn(56)) - 9127dd83-037b-4d39-812f-66db56af525a@group-BCADF287A12B-LeaderElection404: Election REJECTED; received 2 response(s) [9127dd83-037b-4d39-812f-66db56af525a<-7fae3aed-4e76-4283-a599-f93f794625ab#0:FAIL-t451, 9127dd83-037b-4d39-812f-66db56af525a<-58095e90-3010-492a-9083-43cf2e035c3f#0:FAIL-t451] and 0 exception(s); 9127dd83-037b-4d39-812f-66db56af525a@group-BCADF287A12B:t451, leader=null, voted=9127dd83-037b-4d39-812f-66db56af525a, raftlog=9127dd83-037b-4d39-812f-66db56af525a@group-BCADF287A12B-SegmentedRaftLog:OPENED:c-1,f-1,i0, conf=-1: [7fae3aed-4e76-4283-a599-f93f794625ab:192.168.34.21:41352, 58095e90-3010-492a-9083-43cf2e035c3f:192.168.34.21:45284, 9127dd83-037b-4d39-812f-66db56af525a:192.168.34.21:42063], old=null
2019-10-30 05:53:58,623 [9127dd83-037b-4d39-812f-66db56af525a@group-BCADF287A12B-LeaderElection404] INFO  impl.RaftServerImpl (RaftServerImpl.java:setRole(184)) - 9127dd83-037b-4d39-812f-66db56af525a@group-BCADF287A12B: changes role from CANDIDATE to FOLLOWER at term 451 for DISCOVERED_A_NEW_TERM
2019-10-30 05:53:58,623 [9127dd83-037b-4d39-812f-66db56af525a@group-BCADF287A12B-LeaderElection404] INFO  impl.RoleInfo (RoleInfo.java:shutdownLeaderElection(134)) - 9127dd83-037b-4d39-812f-66db56af525a: shutdown LeaderElection
2019-10-30 05:53:58,623 [9127dd83-037b-4d39-812f-66db56af525a@group-BCADF287A12B-LeaderElection404] INFO  impl.RoleInfo (RoleInfo.java:updateAndGet(143)) - 9127dd83-037b-4d39-812f-66db56af525a: start FollowerState
2019-10-30 05:53:58,798 [Thread-2964] INFO  impl.FollowerState (FollowerState.java:run(108)) - 9127dd83-037b-4d39-812f-66db56af525a@group-BCADF287A12B-FollowerState: change to CANDIDATE, lastRpcTime:174ms, electionTimeout:174ms
2019-10-30 05:53:58,798 [Thread-2964] INFO  impl.RoleInfo (RoleInfo.java:shutdownFollowerState(121)) - 9127dd83-037b-4d39-812f-66db56af525a: shutdown FollowerState
2019-10-30 05:53:58,798 [Thread-2964] INFO  impl.RaftServerImpl (RaftServerImpl.java:setRole(184)) - 9127dd83-037b-4d39-812f-66db56af525a@group-BCADF287A12B: changes role from  FOLLOWER to CANDIDATE at term 451 for changeToCandidate
2019-10-30 05:53:58,798 [Thread-2964] INFO  impl.RoleInfo (RoleInfo.java:updateAndGet(143)) - 9127dd83-037b-4d39-812f-66db56af525a: start LeaderElection
2019-10-30 05:53:58,811 [9127dd83-037b-4d39-812f-66db56af525a@group-BCADF287A12B-LeaderElection405] INFO  impl.LeaderElection (LeaderElection.java:askForVotes(178)) - 9127dd83-037b-4d39-812f-66db56af525a@group-BCADF287A12B-LeaderElection405: begin an election at term 452 for -1: [7fae3aed-4e76-4283-a599-f93f794625ab:192.168.34.21:41352, 58095e90-3010-492a-9083-43cf2e035c3f:192.168.34.21:45284, 9127dd83-037b-4d39-812f-66db56af525a:192.168.34.21:42063], old=null
2019-10-30 05:53:58,813 [grpc-default-executor-0] INFO  impl.RaftServerImpl (RaftServerImpl.java:setRole(184)) - 58095e90-3010-492a-9083-43cf2e035c3f@group-BCADF287A12B: changes role from  FOLLOWER to FOLLOWER at term 452 for recognizeCandidate:9127dd83-037b-4d39-812f-66db56af525a
2019-10-30 05:53:58,813 [grpc-default-executor-2] INFO  impl.RaftServerImpl (RaftServerImpl.java:setRole(184)) - 7fae3aed-4e76-4283-a599-f93f794625ab@group-BCADF287A12B: changes role from  FOLLOWER to FOLLOWER at term 452 for recognizeCandidate:9127dd83-037b-4d39-812f-66db56af525a
2019-10-30 05:53:58,813 [grpc-default-executor-2] INFO  impl.RoleInfo (RoleInfo.java:shutdownFollowerState(121)) - 7fae3aed-4e76-4283-a599-f93f794625ab: shutdown FollowerState
2019-10-30 05:53:58,813 [grpc-default-executor-0] INFO  impl.RoleInfo (RoleInfo.java:shutdownFollowerState(121)) - 58095e90-3010-492a-9083-43cf2e035c3f: shutdown FollowerState
2019-10-30 05:53:58,813 [grpc-default-executor-2] INFO  impl.RoleInfo (RoleInfo.java:updateAndGet(143)) - 7fae3aed-4e76-4283-a599-f93f794625ab: start FollowerState
2019-10-30 05:53:58,814 [Thread-2963] INFO  impl.FollowerState (FollowerState.java:run(117)) - 58095e90-3010-492a-9083-43cf2e035c3f@group-BCADF287A12B-FollowerState was interrupted: java.lang.InterruptedException: sleep interrupted
2019-10-30 05:53:58,813 [grpc-default-executor-0] INFO  impl.RoleInfo (RoleInfo.java:updateAndGet(143)) - 58095e90-3010-492a-9083-43cf2e035c3f: start FollowerState
2019-10-30 05:53:58,813 [Thread-2962] INFO  impl.FollowerState (FollowerState.java:run(117)) - 7fae3aed-4e76-4283-a599-f93f794625ab@group-BCADF287A12B-FollowerState was interrupted: java.lang.InterruptedException: sleep interrupted
2019-10-30 05:53:58,827 [9127dd83-037b-4d39-812f-66db56af525a@group-BCADF287A12B-LeaderElection405] INFO  impl.LeaderElection (LeaderElection.java:logAndReturn(56)) - 9127dd83-037b-4d39-812f-66db56af525a@group-BCADF287A12B-LeaderElection405: Election REJECTED; received 2 response(s) [9127dd83-037b-4d39-812f-66db56af525a<-7fae3aed-4e76-4283-a599-f93f794625ab#0:FAIL-t452, 9127dd83-037b-4d39-812f-66db56af525a<-58095e90-3010-492a-9083-43cf2e035c3f#0:FAIL-t452] and 0 exception(s); 9127dd83-037b-4d39-812f-66db56af525a@group-BCADF287A12B:t452, leader=null, voted=9127dd83-037b-4d39-812f-66db56af525a, raftlog=9127dd83-037b-4d39-812f-66db56af525a@group-BCADF287A12B-SegmentedRaftLog:OPENED:c-1,f-1,i0, conf=-1: [7fae3aed-4e76-4283-a599-f93f794625ab:192.168.34.21:41352, 58095e90-3010-492a-9083-43cf2e035c3f:192.168.34.21:45284, 9127dd83-037b-4d39-812f-66db56af525a:192.168.34.21:42063], old=null
2019-10-30 05:53:58,828 [9127dd83-037b-4d39-812f-66db56af525a@group-BCADF287A12B-LeaderElection405] INFO  impl.RaftServerImpl (RaftServerImpl.java:setRole(184)) - 9127dd83-037b-4d39-812f-66db56af525a@group-BCADF287A12B: changes role from CANDIDATE to FOLLOWER at term 452 for DISCOVERED_A_NEW_TERM
2019-10-30 05:53:58,828 [9127dd83-037b-4d39-812f-66db56af525a@group-BCADF287A12B-LeaderElection405] INFO  impl.RoleInfo (RoleInfo.java:shutdownLeaderElection(134)) - 9127dd83-037b-4d39-812f-66db56af525a: shutdown LeaderElection
2019-10-30 05:53:58,828 [9127dd83-037b-4d39-812f-66db56af525a@group-BCADF287A12B-LeaderElection405] INFO  impl.RoleInfo (RoleInfo.java:updateAndGet(143)) - 9127dd83-037b-4d39-812f-66db56af525a: start FollowerState
2019-10-30 05:53:58,992 [Thread-2970] INFO  impl.FollowerState (FollowerState.java:run(108)) - 9127dd83-037b-4d39-812f-66db56af525a@group-BCADF287A12B-FollowerState: change to CANDIDATE, lastRpcTime:164ms, electionTimeout:164ms
2019-10-30 05:53:58,992 [Thread-2970] INFO  impl.RoleInfo (RoleInfo.java:shutdownFollowerState(121)) - 9127dd83-037b-4d39-812f-66db56af525a: shutdown FollowerState
2019-10-30 05:53:58,992 [Thread-2970] INFO  impl.RaftServerImpl (RaftServerImpl.java:setRole(184)) - 9127dd83-037b-4d39-812f-66db56af525a@group-BCADF287A12B: changes role from  FOLLOWER to CANDIDATE at term 452 for changeToCandidate
2019-10-30 05:53:58,992 [Thread-2970] INFO  impl.RoleInfo (RoleInfo.java:updateAndGet(143)) - 9127dd83-037b-4d39-812f-66db56af525a: start LeaderElection
2019-10-30 05:53:59,005 [9127dd83-037b-4d39-812f-66db56af525a@group-BCADF287A12B-LeaderElection406] INFO  impl.LeaderElection (LeaderElection.java:askForVotes(178)) - 9127dd83-037b-4d39-812f-66db56af525a@group-BCADF287A12B-LeaderElection406: begin an election at term 453 for -1: [7fae3aed-4e76-4283-a599-f93f794625ab:192.168.34.21:41352, 58095e90-3010-492a-9083-43cf2e035c3f:192.168.34.21:45284, 9127dd83-037b-4d39-812f-66db56af525a:192.168.34.21:42063], old=null
2019-10-30 05:53:59,007 [grpc-default-executor-0] INFO  impl.RaftServerImpl (RaftServerImpl.java:setRole(184)) - 7fae3aed-4e76-4283-a599-f93f794625ab@group-BCADF287A12B: changes role from  FOLLOWER to FOLLOWER at term 453 for recognizeCandidate:9127dd83-037b-4d39-812f-66db56af525a
2019-10-30 05:53:59,007 [grpc-default-executor-0] INFO  impl.RoleInfo (RoleInfo.java:shutdownFollowerState(121)) - 7fae3aed-4e76-4283-a599-f93f794625ab: shutdown FollowerState
2019-10-30 05:53:59,007 [grpc-default-executor-2] INFO  impl.RaftServerImpl (RaftServerImpl.java:setRole(184)) - 58095e90-3010-492a-9083-43cf2e035c3f@group-BCADF287A12B: changes role from  FOLLOWER to FOLLOWER at term 453 for recognizeCandidate:9127dd83-037b-4d39-812f-66db56af525a
2019-10-30 05:53:59,007 [Thread-2968] INFO  impl.FollowerState (FollowerState.java:run(117)) - 7fae3aed-4e76-4283-a599-f93f794625ab@group-BCADF287A12B-FollowerState was interrupted: java.lang.InterruptedException: sleep interrupted
2019-10-30 05:53:59,007 [grpc-default-executor-0] INFO  impl.RoleInfo (RoleInfo.java:updateAndGet(143)) - 7fae3aed-4e76-4283-a599-f93f794625ab: start FollowerState
2019-10-30 05:53:59,008 [grpc-default-executor-2] INFO  impl.RoleInfo (RoleInfo.java:shutdownFollowerState(121)) - 58095e90-3010-492a-9083-43cf2e035c3f: shutdown FollowerState
2019-10-30 05:53:59,008 [grpc-default-executor-2] INFO  impl.RoleInfo (RoleInfo.java:updateAndGet(143)) - 58095e90-3010-492a-9083-43cf2e035c3f: start FollowerState
2019-10-30 05:53:59,008 [Thread-2969] INFO  impl.FollowerState (FollowerState.java:run(117)) - 58095e90-3010-492a-9083-43cf2e035c3f@group-BCADF287A12B-FollowerState was interrupted: java.lang.InterruptedException: sleep interrupted
2019-10-30 05:53:59,020 [9127dd83-037b-4d39-812f-66db56af525a@group-BCADF287A12B-LeaderElection406] INFO  impl.LeaderElection (LeaderElection.java:logAndReturn(56)) - 9127dd83-037b-4d39-812f-66db56af525a@group-BCADF287A12B-LeaderElection406: Election TIMEOUT; received 0 response(s) [] and 0 exception(s); 9127dd83-037b-4d39-812f-66db56af525a@group-BCADF287A12B:t453, leader=null, voted=9127dd83-037b-4d39-812f-66db56af525a, raftlog=9127dd83-037b-4d39-812f-66db56af525a@group-BCADF287A12B-SegmentedRaftLog:OPENED:c-1,f-1,i0, conf=-1: [7fae3aed-4e76-4283-a599-f93f794625ab:192.168.34.21:41352, 58095e90-3010-492a-9083-43cf2e035c3f:192.168.34.21:45284, 9127dd83-037b-4d39-812f-66db56af525a:192.168.34.21:42063], old=null
2019-10-30 05:53:59,033 [9127dd83-037b-4d39-812f-66db56af525a@group-BCADF287A12B-LeaderElection406] INFO  impl.LeaderElection (LeaderElection.java:askForVotes(178)) - 9127dd83-037b-4d39-812f-66db56af525a@group-BCADF287A12B-LeaderElection406: begin an election at term 454 for -1: [7fae3aed-4e76-4283-a599-f93f794625ab:192.168.34.21:41352, 58095e90-3010-492a-9083-43cf2e035c3f:192.168.34.21:45284, 9127dd83-037b-4d39-812f-66db56af525a:192.168.34.21:42063], old=null
2019-10-30 05:53:59,035 [grpc-default-executor-0] INFO  impl.RaftServerImpl (RaftServerImpl.java:setRole(184)) - 58095e90-3010-492a-9083-43cf2e035c3f@group-BCADF287A12B: changes role from  FOLLOWER to FOLLOWER at term 454 for recognizeCandidate:9127dd83-037b-4d39-812f-66db56af525a
2019-10-30 05:53:59,035 [grpc-default-executor-0] INFO  impl.RoleInfo (RoleInfo.java:shutdownFollowerState(121)) - 58095e90-3010-492a-9083-43cf2e035c3f: shutdown FollowerState
2019-10-30 05:53:59,035 [grpc-default-executor-2] INFO  impl.RaftServerImpl (RaftServerImpl.java:setRole(184)) - 7fae3aed-4e76-4283-a599-f93f794625ab@group-BCADF287A12B: changes role from  FOLLOWER to FOLLOWER at term 454 for recognizeCandidate:9127dd83-037b-4d39-812f-66db56af525a
2019-10-30 05:53:59,035 [grpc-default-executor-0] INFO  impl.RoleInfo (RoleInfo.java:updateAndGet(143)) - 58095e90-3010-492a-9083-43cf2e035c3f: start FollowerState
2019-10-30 05:53:59,035 [Thread-2975] INFO  impl.FollowerState (FollowerState.java:run(117)) - 58095e90-3010-492a-9083-43cf2e035c3f@group-BCADF287A12B-FollowerState was interrupted: java.lang.InterruptedException: sleep interrupted
2019-10-30 05:53:59,036 [grpc-default-executor-2] INFO  impl.RoleInfo (RoleInfo.java:shutdownFollowerState(121)) - 7fae3aed-4e76-4283-a599-f93f794625ab: shutdown FollowerState
2019-10-30 05:53:59,036 [Thread-2974] INFO  impl.FollowerState (FollowerState.java:run(117)) - 7fae3aed-4e76-4283-a599-f93f794625ab@group-BCADF287A12B-FollowerState was interrupted: java.lang.InterruptedException: sleep interrupted
2019-10-30 05:53:59,036 [grpc-default-executor-2] INFO  impl.RoleInfo (RoleInfo.java:updateAndGet(143)) - 7fae3aed-4e76-4283-a599-f93f794625ab: start FollowerState
2019-10-30 05:53:59,048 [9127dd83-037b-4d39-812f-66db56af525a@group-BCADF287A12B-LeaderElection406] INFO  impl.LeaderElection (LeaderElection.java:logAndReturn(56)) - 9127dd83-037b-4d39-812f-66db56af525a@group-BCADF287A12B-LeaderElection406: Election REJECTED; received 2 response(s) [9127dd83-037b-4d39-812f-66db56af525a<-7fae3aed-4e76-4283-a599-f93f794625ab#0:FAIL-t454, 9127dd83-037b-4d39-812f-66db56af525a<-58095e90-3010-492a-9083-43cf2e035c3f#0:FAIL-t454] and 0 exception(s); 9127dd83-037b-4d39-812f-66db56af525a@group-BCADF287A12B:t454, leader=null, voted=9127dd83-037b-4d39-812f-66db56af525a, raftlog=9127dd83-037b-4d39-812f-66db56af525a@group-BCADF287A12B-SegmentedRaftLog:OPENED:c-1,f-1,i0, conf=-1: [7fae3aed-4e76-4283-a599-f93f794625ab:192.168.34.21:41352, 58095e90-3010-492a-9083-43cf2e035c3f:192.168.34.21:45284, 9127dd83-037b-4d39-812f-66db56af525a:192.168.34.21:42063], old=null
2019-10-30 05:53:59,048 [9127dd83-037b-4d39-812f-66db56af525a@group-BCADF287A12B-LeaderElection406] INFO  impl.RaftServerImpl (RaftServerImpl.java:setRole(184)) - 9127dd83-037b-4d39-812f-66db56af525a@group-BCADF287A12B: changes role from CANDIDATE to FOLLOWER at term 454 for DISCOVERED_A_NEW_TERM
2019-10-30 05:53:59,048 [9127dd83-037b-4d39-812f-66db56af525a@group-BCADF287A12B-LeaderElection406] INFO  impl.RoleInfo (RoleInfo.java:shutdownLeaderElection(134)) - 9127dd83-037b-4d39-812f-66db56af525a: shutdown LeaderElection
2019-10-30 05:53:59,048 [9127dd83-037b-4d39-812f-66db56af525a@group-BCADF287A12B-LeaderElection406] INFO  impl.RoleInfo (RoleInfo.java:updateAndGet(143)) - 9127dd83-037b-4d39-812f-66db56af525a: start FollowerState
2019-10-30 05:53:59,189 [Thread-2980] INFO  impl.FollowerState (FollowerState.java:run(108)) - 9127dd83-037b-4d39-812f-66db56af525a@group-BCADF287A12B-FollowerState: change to CANDIDATE, lastRpcTime:140ms, electionTimeout:140ms
2019-10-30 05:53:59,189 [Thread-2980] INFO  impl.RoleInfo (RoleInfo.java:shutdownFollowerState(121)) - 9127dd83-037b-4d39-812f-66db56af525a: shutdown FollowerState
2019-10-30 05:53:59,189 [Thread-2980] INFO  impl.RaftServerImpl (RaftServerImpl.java:setRole(184)) - 9127dd83-037b-4d39-812f-66db56af525a@group-BCADF287A12B: changes role from  FOLLOWER to CANDIDATE at term 454 for changeToCandidate
2019-10-30 05:53:59,189 [Thread-2980] INFO  impl.RoleInfo (RoleInfo.java:updateAndGet(143)) - 9127dd83-037b-4d39-812f-66db56af525a: start LeaderElection
2019-10-30 05:53:59,202 [9127dd83-037b-4d39-812f-66db56af525a@group-BCADF287A12B-LeaderElection407] INFO  impl.LeaderElection (LeaderElection.java:askForVotes(178)) - 9127dd83-037b-4d39-812f-66db56af525a@group-BCADF287A12B-LeaderElection407: begin an election at term 455 for -1: [7fae3aed-4e76-4283-a599-f93f794625ab:192.168.34.21:41352, 58095e90-3010-492a-9083-43cf2e035c3f:192.168.34.21:45284, 9127dd83-037b-4d39-812f-66db56af525a:192.168.34.21:42063], old=null
2019-10-30 05:53:59,203 [grpc-default-executor-0] INFO  impl.RaftServerImpl (RaftServerImpl.java:setRole(184)) - 7fae3aed-4e76-4283-a599-f93f794625ab@group-BCADF287A12B: changes role from  FOLLOWER to FOLLOWER at term 455 for recognizeCandidate:9127dd83-037b-4d39-812f-66db56af525a
2019-10-30 05:53:59,203 [grpc-default-executor-0] INFO  impl.RoleInfo (RoleInfo.java:shutdownFollowerState(121)) - 7fae3aed-4e76-4283-a599-f93f794625ab: shutdown FollowerState
2019-10-30 05:53:59,204 [grpc-default-executor-2] INFO  impl.RaftServerImpl (RaftServerImpl.java:setRole(184)) - 58095e90-3010-492a-9083-43cf2e035c3f@group-BCADF287A12B: changes role from  FOLLOWER to FOLLOWER at term 455 for recognizeCandidate:9127dd83-037b-4d39-812f-66db56af525a
2019-10-30 05:53:59,204 [Thread-2979] INFO  impl.FollowerState (FollowerState.java:run(117)) - 7fae3aed-4e76-4283-a599-f93f794625ab@group-BCADF287A12B-FollowerState was interrupted: java.lang.InterruptedException: sleep interrupted
2019-10-30 05:53:59,204 [grpc-default-executor-0] INFO  impl.RoleInfo (RoleInfo.java:updateAndGet(143)) - 7fae3aed-4e76-4283-a599-f93f794625ab: start FollowerState
2019-10-30 05:53:59,204 [grpc-default-executor-2] INFO  impl.RoleInfo (RoleInfo.java:shutdownFollowerState(121)) - 58095e90-3010-492a-9083-43cf2e035c3f: shutdown FollowerState
2019-10-30 05:53:59,204 [grpc-default-executor-2] INFO  impl.RoleInfo (RoleInfo.java:updateAndGet(143)) - 58095e90-3010-492a-9083-43cf2e035c3f: start FollowerState
2019-10-30 05:53:59,204 [Thread-2978] INFO  impl.FollowerState (FollowerState.java:run(117)) - 58095e90-3010-492a-9083-43cf2e035c3f@group-BCADF287A12B-FollowerState was interrupted: java.lang.InterruptedException: sleep interrupted
2019-10-30 05:53:59,218 [9127dd83-037b-4d39-812f-66db56af525a@group-BCADF287A12B-LeaderElection407] INFO  impl.LeaderElection (LeaderElection.java:logAndReturn(56)) - 9127dd83-037b-4d39-812f-66db56af525a@group-BCADF287A12B-LeaderElection407: Election REJECTED; received 2 response(s) [9127dd83-037b-4d39-812f-66db56af525a<-7fae3aed-4e76-4283-a599-f93f794625ab#0:FAIL-t455, 9127dd83-037b-4d39-812f-66db56af525a<-58095e90-3010-492a-9083-43cf2e035c3f#0:FAIL-t455] and 0 exception(s); 9127dd83-037b-4d39-812f-66db56af525a@group-BCADF287A12B:t455, leader=null, voted=9127dd83-037b-4d39-812f-66db56af525a, raftlog=9127dd83-037b-4d39-812f-66db56af525a@group-BCADF287A12B-SegmentedRaftLog:OPENED:c-1,f-1,i0, conf=-1: [7fae3aed-4e76-4283-a599-f93f794625ab:192.168.34.21:41352, 58095e90-3010-492a-9083-43cf2e035c3f:192.168.34.21:45284, 9127dd83-037b-4d39-812f-66db56af525a:192.168.34.21:42063], old=null
2019-10-30 05:53:59,218 [9127dd83-037b-4d39-812f-66db56af525a@group-BCADF287A12B-LeaderElection407] INFO  impl.RaftServerImpl (RaftServerImpl.java:setRole(184)) - 9127dd83-037b-4d39-812f-66db56af525a@group-BCADF287A12B: changes role from CANDIDATE to FOLLOWER at term 455 for DISCOVERED_A_NEW_TERM
2019-10-30 05:53:59,218 [9127dd83-037b-4d39-812f-66db56af525a@group-BCADF287A12B-LeaderElection407] INFO  impl.RoleInfo (RoleInfo.java:shutdownLeaderElection(134)) - 9127dd83-037b-4d39-812f-66db56af525a: shutdown LeaderElection
2019-10-30 05:53:59,218 [9127dd83-037b-4d39-812f-66db56af525a@group-BCADF287A12B-LeaderElection407] INFO  impl.RoleInfo (RoleInfo.java:updateAndGet(143)) - 9127dd83-037b-4d39-812f-66db56af525a: start FollowerState
2019-10-30 05:53:59,271 [Thread-2986] INFO  impl.FollowerState (FollowerState.java:run(108)) - 9127dd83-037b-4d39-812f-66db56af525a@group-BCADF287A12B-FollowerState: change to CANDIDATE, lastRpcTime:53ms, electionTimeout:53ms
2019-10-30 05:53:59,271 [Thread-2986] INFO  impl.RoleInfo (RoleInfo.java:shutdownFollowerState(121)) - 9127dd83-037b-4d39-812f-66db56af525a: shutdown FollowerState
2019-10-30 05:53:59,272 [Thread-2986] INFO  impl.RaftServerImpl (RaftServerImpl.java:setRole(184)) - 9127dd83-037b-4d39-812f-66db56af525a@group-BCADF287A12B: changes role from  FOLLOWER to CANDIDATE at term 455 for changeToCandidate
2019-10-30 05:53:59,272 [Thread-2986] INFO  impl.RoleInfo (RoleInfo.java:updateAndGet(143)) - 9127dd83-037b-4d39-812f-66db56af525a: start LeaderElection
2019-10-30 05:53:59,285 [9127dd83-037b-4d39-812f-66db56af525a@group-BCADF287A12B-LeaderElection408] INFO  impl.LeaderElection (LeaderElection.java:askForVotes(178)) - 9127dd83-037b-4d39-812f-66db56af525a@group-BCADF287A12B-LeaderElection408: begin an election at term 456 for -1: [7fae3aed-4e76-4283-a599-f93f794625ab:192.168.34.21:41352, 58095e90-3010-492a-9083-43cf2e035c3f:192.168.34.21:45284, 9127dd83-037b-4d39-812f-66db56af525a:192.168.34.21:42063], old=null
2019-10-30 05:53:59,287 [grpc-default-executor-2] INFO  impl.RaftServerImpl (RaftServerImpl.java:setRole(184)) - 58095e90-3010-492a-9083-43cf2e035c3f@group-BCADF287A12B: changes role from  FOLLOWER to FOLLOWER at term 456 for recognizeCandidate:9127dd83-037b-4d39-812f-66db56af525a
2019-10-30 05:53:59,287 [grpc-default-executor-2] INFO  impl.RoleInfo (RoleInfo.java:shutdownFollowerState(121)) - 58095e90-3010-492a-9083-43cf2e035c3f: shutdown FollowerState
2019-10-30 05:53:59,287 [grpc-default-executor-0] INFO  impl.RaftServerImpl (RaftServerImpl.java:setRole(184)) - 7fae3aed-4e76-4283-a599-f93f794625ab@group-BCADF287A12B: changes role from  FOLLOWER to FOLLOWER at term 456 for recognizeCandidate:9127dd83-037b-4d39-812f-66db56af525a
2019-10-30 05:53:59,287 [Thread-2985] INFO  impl.FollowerState (FollowerState.java:run(117)) - 58095e90-3010-492a-9083-43cf2e035c3f@group-BCADF287A12B-FollowerState was interrupted: java.lang.InterruptedException: sleep interrupted
2019-10-30 05:53:59,287 [grpc-default-executor-2] INFO  impl.RoleInfo (RoleInfo.java:updateAndGet(143)) - 58095e90-3010-492a-9083-43cf2e035c3f: start FollowerState
2019-10-30 05:53:59,287 [grpc-default-executor-0] INFO  impl.RoleInfo (RoleInfo.java:shutdownFollowerState(121)) - 7fae3aed-4e76-4283-a599-f93f794625ab: shutdown FollowerState
2019-10-30 05:53:59,287 [grpc-default-executor-0] INFO  impl.RoleInfo (RoleInfo.java:updateAndGet(143)) - 7fae3aed-4e76-4283-a599-f93f794625ab: start FollowerState
2019-10-30 05:53:59,287 [Thread-2984] INFO  impl.FollowerState (FollowerState.java:run(117)) - 7fae3aed-4e76-4283-a599-f93f794625ab@group-BCADF287A12B-FollowerState was interrupted: java.lang.InterruptedException: sleep interrupted
2019-10-30 05:53:59,301 [9127dd83-037b-4d39-812f-66db56af525a@group-BCADF287A12B-LeaderElection408] INFO  impl.LeaderElection (LeaderElection.java:logAndReturn(56)) - 9127dd83-037b-4d39-812f-66db56af525a@group-BCADF287A12B-LeaderElection408: Election REJECTED; received 2 response(s) [9127dd83-037b-4d39-812f-66db56af525a<-7fae3aed-4e76-4283-a599-f93f794625ab#0:FAIL-t456, 9127dd83-037b-4d39-812f-66db56af525a<-58095e90-3010-492a-9083-43cf2e035c3f#0:FAIL-t456] and 0 exception(s); 9127dd83-037b-4d39-812f-66db56af525a@group-BCADF287A12B:t456, leader=null, voted=9127dd83-037b-4d39-812f-66db56af525a, raftlog=9127dd83-037b-4d39-812f-66db56af525a@group-BCADF287A12B-SegmentedRaftLog:OPENED:c-1,f-1,i0, conf=-1: [7fae3aed-4e76-4283-a599-f93f794625ab:192.168.34.21:41352, 58095e90-3010-492a-9083-43cf2e035c3f:192.168.34.21:45284, 9127dd83-037b-4d39-812f-66db56af525a:192.168.34.21:42063], old=null
2019-10-30 05:53:59,301 [9127dd83-037b-4d39-812f-66db56af525a@group-BCADF287A12B-LeaderElection408] INFO  impl.RaftServerImpl (RaftServerImpl.java:setRole(184)) - 9127dd83-037b-4d39-812f-66db56af525a@group-BCADF287A12B: changes role from CANDIDATE to FOLLOWER at term 456 for DISCOVERED_A_NEW_TERM
2019-10-30 05:53:59,301 [9127dd83-037b-4d39-812f-66db56af525a@group-BCADF287A12B-LeaderElection408] INFO  impl.RoleInfo (RoleInfo.java:shutdownLeaderElection(134)) - 9127dd83-037b-4d39-812f-66db56af525a: shutdown LeaderElection
2019-10-30 05:53:59,301 [9127dd83-037b-4d39-812f-66db56af525a@group-BCADF287A12B-LeaderElection408] INFO  impl.RoleInfo (RoleInfo.java:updateAndGet(143)) - 9127dd83-037b-4d39-812f-66db56af525a: start FollowerState
2019-10-30 05:53:59,484 [Thread-2992] INFO  impl.FollowerState (FollowerState.java:run(108)) - 9127dd83-037b-4d39-812f-66db56af525a@group-BCADF287A12B-FollowerState: change to CANDIDATE, lastRpcTime:182ms, electionTimeout:182ms
2019-10-30 05:53:59,484 [Thread-2992] INFO  impl.RoleInfo (RoleInfo.java:shutdownFollowerState(121)) - 9127dd83-037b-4d39-812f-66db56af525a: shutdown FollowerState
2019-10-30 05:53:59,484 [Thread-2992] INFO  impl.RaftServerImpl (RaftServerImpl.java:setRole(184)) - 9127dd83-037b-4d39-812f-66db56af525a@group-BCADF287A12B: changes role from  FOLLOWER to CANDIDATE at term 456 for changeToCandidate
2019-10-30 05:53:59,484 [Thread-2992] INFO  impl.RoleInfo (RoleInfo.java:updateAndGet(143)) - 9127dd83-037b-4d39-812f-66db56af525a: start LeaderElection
2019-10-30 05:53:59,497 [9127dd83-037b-4d39-812f-66db56af525a@group-BCADF287A12B-LeaderElection409] INFO  impl.LeaderElection (LeaderElection.java:askForVotes(178)) - 9127dd83-037b-4d39-812f-66db56af525a@group-BCADF287A12B-LeaderElection409: begin an election at term 457 for -1: [7fae3aed-4e76-4283-a599-f93f794625ab:192.168.34.21:41352, 58095e90-3010-492a-9083-43cf2e035c3f:192.168.34.21:45284, 9127dd83-037b-4d39-812f-66db56af525a:192.168.34.21:42063], old=null
2019-10-30 05:53:59,499 [grpc-default-executor-2] INFO  impl.RaftServerImpl (RaftServerImpl.java:setRole(184)) - 58095e90-3010-492a-9083-43cf2e035c3f@group-BCADF287A12B: changes role from  FOLLOWER to FOLLOWER at term 457 for recognizeCandidate:9127dd83-037b-4d39-812f-66db56af525a
2019-10-30 05:53:59,499 [grpc-default-executor-0] INFO  impl.RaftServerImpl (RaftServerImpl.java:setRole(184)) - 7fae3aed-4e76-4283-a599-f93f794625ab@group-BCADF287A12B: changes role from  FOLLOWER to FOLLOWER at term 457 for recognizeCandidate:9127dd83-037b-4d39-812f-66db56af525a
2019-10-30 05:53:59,499 [grpc-default-executor-0] INFO  impl.RoleInfo (RoleInfo.java:shutdownFollowerState(121)) - 7fae3aed-4e76-4283-a599-f93f794625ab: shutdown FollowerState
2019-10-30 05:53:59,499 [grpc-default-executor-2] INFO  impl.RoleInfo (RoleInfo.java:shutdownFollowerState(121)) - 58095e90-3010-492a-9083-43cf2e035c3f: shutdown FollowerState
2019-10-30 05:53:59,499 [Thread-2991] INFO  impl.FollowerState (FollowerState.java:run(117)) - 7fae3aed-4e76-4283-a599-f93f794625ab@group-BCADF287A12B-FollowerState was interrupted: java.lang.InterruptedException: sleep interrupted
2019-10-30 05:53:59,499 [grpc-default-executor-0] INFO  impl.RoleInfo (RoleInfo.java:updateAndGet(143)) - 7fae3aed-4e76-4283-a599-f93f794625ab: start FollowerState
2019-10-30 05:53:59,499 [Thread-2990] INFO  impl.FollowerState (FollowerState.java:run(117)) - 58095e90-3010-492a-9083-43cf2e035c3f@group-BCADF287A12B-FollowerState was interrupted: java.lang.InterruptedException: sleep interrupted
2019-10-30 05:53:59,499 [grpc-default-executor-2] INFO  impl.RoleInfo (RoleInfo.java:updateAndGet(143)) - 58095e90-3010-492a-9083-43cf2e035c3f: start FollowerState
2019-10-30 05:53:59,511 [9127dd83-037b-4d39-812f-66db56af525a@group-BCADF287A12B-LeaderElection409] INFO  impl.LeaderElection (LeaderElection.java:logAndReturn(56)) - 9127dd83-037b-4d39-812f-66db56af525a@group-BCADF287A12B-LeaderElection409: Election TIMEOUT; received 0 response(s) [] and 0 exception(s); 9127dd83-037b-4d39-812f-66db56af525a@group-BCADF287A12B:t457, leader=null, voted=9127dd83-037b-4d39-812f-66db56af525a, raftlog=9127dd83-037b-4d39-812f-66db56af525a@group-BCADF287A12B-SegmentedRaftLog:OPENED:c-1,f-1,i0, conf=-1: [7fae3aed-4e76-4283-a599-f93f794625ab:192.168.34.21:41352, 58095e90-3010-492a-9083-43cf2e035c3f:192.168.34.21:45284, 9127dd83-037b-4d39-812f-66db56af525a:192.168.34.21:42063], old=null
2019-10-30 05:53:59,524 [9127dd83-037b-4d39-812f-66db56af525a@group-BCADF287A12B-LeaderElection409] INFO  impl.LeaderElection (LeaderElection.java:askForVotes(178)) - 9127dd83-037b-4d39-812f-66db56af525a@group-BCADF287A12B-LeaderElection409: begin an election at term 458 for -1: [7fae3aed-4e76-4283-a599-f93f794625ab:192.168.34.21:41352, 58095e90-3010-492a-9083-43cf2e035c3f:192.168.34.21:45284, 9127dd83-037b-4d39-812f-66db56af525a:192.168.34.21:42063], old=null
2019-10-30 05:53:59,526 [grpc-default-executor-0] INFO  impl.RaftServerImpl (RaftServerImpl.java:setRole(184)) - 7fae3aed-4e76-4283-a599-f93f794625ab@group-BCADF287A12B: changes role from  FOLLOWER to FOLLOWER at term 458 for recognizeCandidate:9127dd83-037b-4d39-812f-66db56af525a
2019-10-30 05:53:59,526 [grpc-default-executor-0] INFO  impl.RoleInfo (RoleInfo.java:shutdownFollowerState(121)) - 7fae3aed-4e76-4283-a599-f93f794625ab: shutdown FollowerState
2019-10-30 05:53:59,526 [grpc-default-executor-0] INFO  impl.RoleInfo (RoleInfo.java:updateAndGet(143)) - 7fae3aed-4e76-4283-a599-f93f794625ab: start FollowerState
2019-10-30 05:53:59,526 [grpc-default-executor-2] INFO  impl.RaftServerImpl (RaftServerImpl.java:setRole(184)) - 58095e90-3010-492a-9083-43cf2e035c3f@group-BCADF287A12B: changes role from  FOLLOWER to FOLLOWER at term 458 for recognizeCandidate:9127dd83-037b-4d39-812f-66db56af525a
2019-10-30 05:53:59,526 [grpc-default-executor-2] INFO  impl.RoleInfo (RoleInfo.java:shutdownFollowerState(121)) - 58095e90-3010-492a-9083-43cf2e035c3f: shutdown FollowerState
2019-10-30 05:53:59,526 [Thread-2996] INFO  impl.FollowerState (FollowerState.java:run(117)) - 7fae3aed-4e76-4283-a599-f93f794625ab@group-BCADF287A12B-FollowerState was interrupted: java.lang.InterruptedException: sleep interrupted
2019-10-30 05:53:59,527 [Thread-2997] INFO  impl.FollowerState (FollowerState.java:run(117)) - 58095e90-3010-492a-9083-43cf2e035c3f@group-BCADF287A12B-FollowerState was interrupted: java.lang.InterruptedException: sleep interrupted
2019-10-30 05:53:59,527 [grpc-default-executor-2] INFO  impl.RoleInfo (RoleInfo.java:updateAndGet(143)) - 58095e90-3010-492a-9083-43cf2e035c3f: start FollowerState
2019-10-30 05:53:59,531 [9127dd83-037b-4d39-812f-66db56af525a@group-BCADF287A12B-LeaderElection409] INFO  impl.LeaderElection (LeaderElection.java:logAndReturn(56)) - 9127dd83-037b-4d39-812f-66db56af525a@group-BCADF287A12B-LeaderElection409: Election REJECTED; received 2 response(s) [9127dd83-037b-4d39-812f-66db56af525a<-7fae3aed-4e76-4283-a599-f93f794625ab#0:FAIL-t458, 9127dd83-037b-4d39-812f-66db56af525a<-58095e90-3010-492a-9083-43cf2e035c3f#0:FAIL-t458] and 0 exception(s); 9127dd83-037b-4d39-812f-66db56af525a@group-BCADF287A12B:t458, leader=null, voted=9127dd83-037b-4d39-812f-66db56af525a, raftlog=9127dd83-037b-4d39-812f-66db56af525a@group-BCADF287A12B-SegmentedRaftLog:OPENED:c-1,f-1,i0, conf=-1: [7fae3aed-4e76-4283-a599-f93f794625ab:192.168.34.21:41352, 58095e90-3010-492a-9083-43cf2e035c3f:192.168.34.21:45284, 9127dd83-037b-4d39-812f-66db56af525a:192.168.34.21:42063], old=null
2019-10-30 05:53:59,531 [9127dd83-037b-4d39-812f-66db56af525a@group-BCADF287A12B-LeaderElection409] INFO  impl.RaftServerImpl (RaftServerImpl.java:setRole(184)) - 9127dd83-037b-4d39-812f-66db56af525a@group-BCADF287A12B: changes role from CANDIDATE to FOLLOWER at term 458 for DISCOVERED_A_NEW_TERM
2019-10-30 05:53:59,531 [9127dd83-037b-4d39-812f-66db56af525a@group-BCADF287A12B-LeaderElection409] INFO  impl.RoleInfo (RoleInfo.java:shutdownLeaderElection(134)) - 9127dd83-037b-4d39-812f-66db56af525a: shutdown LeaderElection
2019-10-30 05:53:59,531 [9127dd83-037b-4d39-812f-66db56af525a@group-BCADF287A12B-LeaderElection409] INFO  impl.RoleInfo (RoleInfo.java:updateAndGet(143)) - 9127dd83-037b-4d39-812f-66db56af525a: start FollowerState
2019-10-30 05:53:59,685 [Thread-3002] INFO  impl.FollowerState (FollowerState.java:run(108)) - 9127dd83-037b-4d39-812f-66db56af525a@group-BCADF287A12B-FollowerState: change to CANDIDATE, lastRpcTime:153ms, electionTimeout:153ms
2019-10-30 05:53:59,685 [Thread-3002] INFO  impl.RoleInfo (RoleInfo.java:shutdownFollowerState(121)) - 9127dd83-037b-4d39-812f-66db56af525a: shutdown FollowerState
2019-10-30 05:53:59,685 [Thread-3002] INFO  impl.RaftServerImpl (RaftServerImpl.java:setRole(184)) - 9127dd83-037b-4d39-812f-66db56af525a@group-BCADF287A12B: changes role from  FOLLOWER to CANDIDATE at term 458 for changeToCandidate
2019-10-30 05:53:59,685 [Thread-3002] INFO  impl.RoleInfo (RoleInfo.java:updateAndGet(143)) - 9127dd83-037b-4d39-812f-66db56af525a: start LeaderElection
2019-10-30 05:53:59,694 [9127dd83-037b-4d39-812f-66db56af525a@group-BCADF287A12B-LeaderElection410] INFO  impl.LeaderElection (LeaderElection.java:askForVotes(178)) - 9127dd83-037b-4d39-812f-66db56af525a@group-BCADF287A12B-LeaderElection410: begin an election at term 459 for -1: [7fae3aed-4e76-4283-a599-f93f794625ab:192.168.34.21:41352, 58095e90-3010-492a-9083-43cf2e035c3f:192.168.34.21:45284, 9127dd83-037b-4d39-812f-66db56af525a:192.168.34.21:42063], old=null
2019-10-30 05:53:59,696 [grpc-default-executor-0] INFO  impl.RaftServerImpl (RaftServerImpl.java:setRole(184)) - 7fae3aed-4e76-4283-a599-f93f794625ab@group-BCADF287A12B: changes role from  FOLLOWER to FOLLOWER at term 459 for recognizeCandidate:9127dd83-037b-4d39-812f-66db56af525a
2019-10-30 05:53:59,696 [grpc-default-executor-0] INFO  impl.RoleInfo (RoleInfo.java:shutdownFollowerState(121)) - 7fae3aed-4e76-4283-a599-f93f794625ab: shutdown FollowerState
2019-10-30 05:53:59,697 [grpc-default-executor-2] INFO  impl.RaftServerImpl (RaftServerImpl.java:setRole(184)) - 58095e90-3010-492a-9083-43cf2e035c3f@group-BCADF287A12B: changes role from  FOLLOWER to FOLLOWER at term 459 for recognizeCandidate:9127dd83-037b-4d39-812f-66db56af525a
2019-10-30 05:53:59,697 [Thread-3000] INFO  impl.FollowerState (FollowerState.java:run(117)) - 7fae3aed-4e76-4283-a599-f93f794625ab@group-BCADF287A12B-FollowerState was interrupted: java.lang.InterruptedException: sleep interrupted
2019-10-30 05:53:59,697 [grpc-default-executor-0] INFO  impl.RoleInfo (RoleInfo.java:updateAndGet(143)) - 7fae3aed-4e76-4283-a599-f93f794625ab: start FollowerState
2019-10-30 05:53:59,697 [grpc-default-executor-2] INFO  impl.RoleInfo (RoleInfo.java:shutdownFollowerState(121)) - 58095e90-3010-492a-9083-43cf2e035c3f: shutdown FollowerState
2019-10-30 05:53:59,697 [grpc-default-executor-2] INFO  impl.RoleInfo (RoleInfo.java:updateAndGet(143)) - 58095e90-3010-492a-9083-43cf2e035c3f: start FollowerState
2019-10-30 05:53:59,697 [Thread-3001] INFO  impl.FollowerState (FollowerState.java:run(117)) - 58095e90-3010-492a-9083-43cf2e035c3f@group-BCADF287A12B-FollowerState was interrupted: java.lang.InterruptedException: sleep interrupted
2019-10-30 05:53:59,711 [9127dd83-037b-4d39-812f-66db56af525a@group-BCADF287A12B-LeaderElection410] INFO  impl.LeaderElection (LeaderElection.java:logAndReturn(56)) - 9127dd83-037b-4d39-812f-66db56af525a@group-BCADF287A12B-LeaderElection410: Election REJECTED; received 2 response(s) [9127dd83-037b-4d39-812f-66db56af525a<-7fae3aed-4e76-4283-a599-f93f794625ab#0:FAIL-t459, 9127dd83-037b-4d39-812f-66db56af525a<-58095e90-3010-492a-9083-43cf2e035c3f#0:FAIL-t459] and 0 exception(s); 9127dd83-037b-4d39-812f-66db56af525a@group-BCADF287A12B:t459, leader=null, voted=9127dd83-037b-4d39-812f-66db56af525a, raftlog=9127dd83-037b-4d39-812f-66db56af525a@group-BCADF287A12B-SegmentedRaftLog:OPENED:c-1,f-1,i0, conf=-1: [7fae3aed-4e76-4283-a599-f93f794625ab:192.168.34.21:41352, 58095e90-3010-492a-9083-43cf2e035c3f:192.168.34.21:45284, 9127dd83-037b-4d39-812f-66db56af525a:192.168.34.21:42063], old=null
2019-10-30 05:53:59,712 [9127dd83-037b-4d39-812f-66db56af525a@group-BCADF287A12B-LeaderElection410] INFO  impl.RaftServerImpl (RaftServerImpl.java:setRole(184)) - 9127dd83-037b-4d39-812f-66db56af525a@group-BCADF287A12B: changes role from CANDIDATE to FOLLOWER at term 459 for DISCOVERED_A_NEW_TERM
2019-10-30 05:53:59,712 [9127dd83-037b-4d39-812f-66db56af525a@group-BCADF287A12B-LeaderElection410] INFO  impl.RoleInfo (RoleInfo.java:shutdownLeaderElection(134)) - 9127dd83-037b-4d39-812f-66db56af525a: shutdown LeaderElection
2019-10-30 05:53:59,712 [9127dd83-037b-4d39-812f-66db56af525a@group-BCADF287A12B-LeaderElection410] INFO  impl.RoleInfo (RoleInfo.java:updateAndGet(143)) - 9127dd83-037b-4d39-812f-66db56af525a: start FollowerState
2019-10-30 05:53:59,825 [Thread-3010] INFO  impl.FollowerState (FollowerState.java:run(108)) - 9127dd83-037b-4d39-812f-66db56af525a@group-BCADF287A12B-FollowerState: change to CANDIDATE, lastRpcTime:113ms, electionTimeout:113ms
2019-10-30 05:53:59,825 [Thread-3010] INFO  impl.RoleInfo (RoleInfo.java:shutdownFollowerState(121)) - 9127dd83-037b-4d39-812f-66db56af525a: shutdown FollowerState
2019-10-30 05:53:59,825 [Thread-3010] INFO  impl.RaftServerImpl (RaftServerImpl.java:setRole(184)) - 9127dd83-037b-4d39-812f-66db56af525a@group-BCADF287A12B: changes role from  FOLLOWER to CANDIDATE at term 459 for changeToCandidate
2019-10-30 05:53:59,825 [Thread-3010] INFO  impl.RoleInfo (RoleInfo.java:updateAndGet(143)) - 9127dd83-037b-4d39-812f-66db56af525a: start LeaderElection
2019-10-30 05:53:59,835 [9127dd83-037b-4d39-812f-66db56af525a@group-BCADF287A12B-LeaderElection411] INFO  impl.LeaderElection (LeaderElection.java:askForVotes(178)) - 9127dd83-037b-4d39-812f-66db56af525a@group-BCADF287A12B-LeaderElection411: begin an election at term 460 for -1: [7fae3aed-4e76-4283-a599-f93f794625ab:192.168.34.21:41352, 58095e90-3010-492a-9083-43cf2e035c3f:192.168.34.21:45284, 9127dd83-037b-4d39-812f-66db56af525a:192.168.34.21:42063], old=null
2019-10-30 05:53:59,836 [grpc-default-executor-0] INFO  impl.RaftServerImpl (RaftServerImpl.java:setRole(184)) - 58095e90-3010-492a-9083-43cf2e035c3f@group-BCADF287A12B: changes role from  FOLLOWER to FOLLOWER at term 460 for recognizeCandidate:9127dd83-037b-4d39-812f-66db56af525a
2019-10-30 05:53:59,836 [grpc-default-executor-0] INFO  impl.RoleInfo (RoleInfo.java:shutdownFollowerState(121)) - 58095e90-3010-492a-9083-43cf2e035c3f: shutdown FollowerState
2019-10-30 05:53:59,836 [grpc-default-executor-2] INFO  impl.RaftServerImpl (RaftServerImpl.java:setRole(184)) - 7fae3aed-4e76-4283-a599-f93f794625ab@group-BCADF287A12B: changes role from  FOLLOWER to FOLLOWER at term 460 for recognizeCandidate:9127dd83-037b-4d39-812f-66db56af525a
2019-10-30 05:53:59,836 [Thread-3009] INFO  impl.FollowerState (FollowerState.java:run(117)) - 58095e90-3010-492a-9083-43cf2e035c3f@group-BCADF287A12B-FollowerState was interrupted: java.lang.InterruptedException: sleep interrupted
2019-10-30 05:53:59,837 [grpc-default-executor-0] INFO  impl.RoleInfo (RoleInfo.java:updateAndGet(143)) - 58095e90-3010-492a-9083-43cf2e035c3f: start FollowerState
2019-10-30 05:53:59,837 [grpc-default-executor-2] INFO  impl.RoleInfo (RoleInfo.java:shutdownFollowerState(121)) - 7fae3aed-4e76-4283-a599-f93f794625ab: shutdown FollowerState
2019-10-30 05:53:59,837 [grpc-default-executor-2] INFO  impl.RoleInfo (RoleInfo.java:updateAndGet(143)) - 7fae3aed-4e76-4283-a599-f93f794625ab: start FollowerState
2019-10-30 05:53:59,837 [Thread-3008] INFO  impl.FollowerState (FollowerState.java:run(117)) - 7fae3aed-4e76-4283-a599-f93f794625ab@group-BCADF287A12B-FollowerState was interrupted: java.lang.InterruptedException: sleep interrupted
2019-10-30 05:53:59,850 [9127dd83-037b-4d39-812f-66db56af525a@group-BCADF287A12B-LeaderElection411] INFO  impl.LeaderElection (LeaderElection.java:logAndReturn(56)) - 9127dd83-037b-4d39-812f-66db56af525a@group-BCADF287A12B-LeaderElection411: Election REJECTED; received 2 response(s) [9127dd83-037b-4d39-812f-66db56af525a<-7fae3aed-4e76-4283-a599-f93f794625ab#0:FAIL-t460, 9127dd83-037b-4d39-812f-66db56af525a<-58095e90-3010-492a-9083-43cf2e035c3f#0:FAIL-t460] and 0 exception(s); 9127dd83-037b-4d39-812f-66db56af525a@group-BCADF287A12B:t460, leader=null, voted=9127dd83-037b-4d39-812f-66db56af525a, raftlog=9127dd83-037b-4d39-812f-66db56af525a@group-BCADF287A12B-SegmentedRaftLog:OPENED:c-1,f-1,i0, conf=-1: [7fae3aed-4e76-4283-a599-f93f794625ab:192.168.34.21:41352, 58095e90-3010-492a-9083-43cf2e035c3f:192.168.34.21:45284, 9127dd83-037b-4d39-812f-66db56af525a:192.168.34.21:42063], old=null
2019-10-30 05:53:59,851 [9127dd83-037b-4d39-812f-66db56af525a@group-BCADF287A12B-LeaderElection411] INFO  impl.RaftServerImpl (RaftServerImpl.java:setRole(184)) - 9127dd83-037b-4d39-812f-66db56af525a@group-BCADF287A12B: changes role from CANDIDATE to FOLLOWER at term 460 for DISCOVERED_A_NEW_TERM
2019-10-30 05:53:59,851 [9127dd83-037b-4d39-812f-66db56af525a@group-BCADF287A12B-LeaderElection411] INFO  impl.RoleInfo (RoleInfo.java:shutdownLeaderElection(134)) - 9127dd83-037b-4d39-812f-66db56af525a: shutdown LeaderElection
2019-10-30 05:53:59,851 [9127dd83-037b-4d39-812f-66db56af525a@group-BCADF287A12B-LeaderElection411] INFO  impl.RoleInfo (RoleInfo.java:updateAndGet(143)) - 9127dd83-037b-4d39-812f-66db56af525a: start FollowerState
2019-10-30 05:53:59,938 [Thread-3016] INFO  impl.FollowerState (FollowerState.java:run(108)) - 9127dd83-037b-4d39-812f-66db56af525a@group-BCADF287A12B-FollowerState: change to CANDIDATE, lastRpcTime:87ms, electionTimeout:87ms
2019-10-30 05:53:59,938 [Thread-3016] INFO  impl.RoleInfo (RoleInfo.java:shutdownFollowerState(121)) - 9127dd83-037b-4d39-812f-66db56af525a: shutdown FollowerState
2019-10-30 05:53:59,938 [Thread-3016] INFO  impl.RaftServerImpl (RaftServerImpl.java:setRole(184)) - 9127dd83-037b-4d39-812f-66db56af525a@group-BCADF287A12B: changes role from  FOLLOWER to CANDIDATE at term 460 for changeToCandidate
2019-10-30 05:53:59,939 [Thread-3016] INFO  impl.RoleInfo (RoleInfo.java:updateAndGet(143)) - 9127dd83-037b-4d39-812f-66db56af525a: start LeaderElection
2019-10-30 05:53:59,944 [9127dd83-037b-4d39-812f-66db56af525a@group-BCADF287A12B-LeaderElection412] INFO  impl.LeaderElection (LeaderElection.java:askForVotes(178)) - 9127dd83-037b-4d39-812f-66db56af525a@group-BCADF287A12B-LeaderElection412: begin an election at term 461 for -1: [7fae3aed-4e76-4283-a599-f93f794625ab:192.168.34.21:41352, 58095e90-3010-492a-9083-43cf2e035c3f:192.168.34.21:45284, 9127dd83-037b-4d39-812f-66db56af525a:192.168.34.21:42063], old=null
2019-10-30 05:53:59,945 [grpc-default-executor-2] INFO  impl.RaftServerImpl (RaftServerImpl.java:setRole(184)) - 58095e90-3010-492a-9083-43cf2e035c3f@group-BCADF287A12B: changes role from  FOLLOWER to FOLLOWER at term 461 for recognizeCandidate:9127dd83-037b-4d39-812f-66db56af525a
2019-10-30 05:53:59,945 [grpc-default-executor-2] INFO  impl.RoleInfo (RoleInfo.java:shutdownFollowerState(121)) - 58095e90-3010-492a-9083-43cf2e035c3f: shutdown FollowerState
2019-10-30 05:53:59,945 [grpc-default-executor-0] INFO  impl.RaftServerImpl (RaftServerImpl.java:setRole(184)) - 7fae3aed-4e76-4283-a599-f93f794625ab@group-BCADF287A12B: changes role from  FOLLOWER to FOLLOWER at term 461 for recognizeCandidate:9127dd83-037b-4d39-812f-66db56af525a
2019-10-30 05:53:59,945 [Thread-3014] INFO  impl.FollowerState (FollowerState.java:run(117)) - 58095e90-3010-492a-9083-43cf2e035c3f@group-BCADF287A12B-FollowerState was interrupted: java.lang.InterruptedException: sleep interrupted
2019-10-30 05:53:59,945 [grpc-default-executor-2] INFO  impl.RoleInfo (RoleInfo.java:updateAndGet(143)) - 58095e90-3010-492a-9083-43cf2e035c3f: start FollowerState
2019-10-30 05:53:59,945 [grpc-default-executor-0] INFO  impl.RoleInfo (RoleInfo.java:shutdownFollowerState(121)) - 7fae3aed-4e76-4283-a599-f93f794625ab: shutdown FollowerState
2019-10-30 05:53:59,946 [Thread-3015] INFO  impl.FollowerState (FollowerState.java:run(117)) - 7fae3aed-4e76-4283-a599-f93f794625ab@group-BCADF287A12B-FollowerState was interrupted: java.lang.InterruptedException: sleep interrupted
2019-10-30 05:53:59,946 [grpc-default-executor-0] INFO  impl.RoleInfo (RoleInfo.java:updateAndGet(143)) - 7fae3aed-4e76-4283-a599-f93f794625ab: start FollowerState
2019-10-30 05:53:59,960 [9127dd83-037b-4d39-812f-66db56af525a@group-BCADF287A12B-LeaderElection412] INFO  impl.LeaderElection (LeaderElection.java:logAndReturn(56)) - 9127dd83-037b-4d39-812f-66db56af525a@group-BCADF287A12B-LeaderElection412: Election REJECTED; received 2 response(s) [9127dd83-037b-4d39-812f-66db56af525a<-7fae3aed-4e76-4283-a599-f93f794625ab#0:FAIL-t461, 9127dd83-037b-4d39-812f-66db56af525a<-58095e90-3010-492a-9083-43cf2e035c3f#0:FAIL-t461] and 0 exception(s); 9127dd83-037b-4d39-812f-66db56af525a@group-BCADF287A12B:t461, leader=null, voted=9127dd83-037b-4d39-812f-66db56af525a, raftlog=9127dd83-037b-4d39-812f-66db56af525a@group-BCADF287A12B-SegmentedRaftLog:OPENED:c-1,f-1,i0, conf=-1: [7fae3aed-4e76-4283-a599-f93f794625ab:192.168.34.21:41352, 58095e90-3010-492a-9083-43cf2e035c3f:192.168.34.21:45284, 9127dd83-037b-4d39-812f-66db56af525a:192.168.34.21:42063], old=null
2019-10-30 05:53:59,961 [9127dd83-037b-4d39-812f-66db56af525a@group-BCADF287A12B-LeaderElection412] INFO  impl.RaftServerImpl (RaftServerImpl.java:setRole(184)) - 9127dd83-037b-4d39-812f-66db56af525a@group-BCADF287A12B: changes role from CANDIDATE to FOLLOWER at term 461 for DISCOVERED_A_NEW_TERM
2019-10-30 05:53:59,961 [9127dd83-037b-4d39-812f-66db56af525a@group-BCADF287A12B-LeaderElection412] INFO  impl.RoleInfo (RoleInfo.java:shutdownLeaderElection(134)) - 9127dd83-037b-4d39-812f-66db56af525a: shutdown LeaderElection
2019-10-30 05:53:59,961 [9127dd83-037b-4d39-812f-66db56af525a@group-BCADF287A12B-LeaderElection412] INFO  impl.RoleInfo (RoleInfo.java:updateAndGet(143)) - 9127dd83-037b-4d39-812f-66db56af525a: start FollowerState
2019-10-30 05:54:00,062 [Thread-3022] INFO  impl.FollowerState (FollowerState.java:run(108)) - 9127dd83-037b-4d39-812f-66db56af525a@group-BCADF287A12B-FollowerState: change to CANDIDATE, lastRpcTime:101ms, electionTimeout:101ms
2019-10-30 05:54:00,062 [Thread-3022] INFO  impl.RoleInfo (RoleInfo.java:shutdownFollowerState(121)) - 9127dd83-037b-4d39-812f-66db56af525a: shutdown FollowerState
2019-10-30 05:54:00,063 [Thread-3022] INFO  impl.RaftServerImpl (RaftServerImpl.java:setRole(184)) - 9127dd83-037b-4d39-812f-66db56af525a@group-BCADF287A12B: changes role from  FOLLOWER to CANDIDATE at term 461 for changeToCandidate
2019-10-30 05:54:00,063 [Thread-3022] INFO  impl.RoleInfo (RoleInfo.java:updateAndGet(143)) - 9127dd83-037b-4d39-812f-66db56af525a: start LeaderElection
2019-10-30 05:54:00,074 [9127dd83-037b-4d39-812f-66db56af525a@group-BCADF287A12B-LeaderElection413] INFO  impl.LeaderElection (LeaderElection.java:askForVotes(178)) - 9127dd83-037b-4d39-812f-66db56af525a@group-BCADF287A12B-LeaderElection413: begin an election at term 462 for -1: [7fae3aed-4e76-4283-a599-f93f794625ab:192.168.34.21:41352, 58095e90-3010-492a-9083-43cf2e035c3f:192.168.34.21:45284, 9127dd83-037b-4d39-812f-66db56af525a:192.168.34.21:42063], old=null
2019-10-30 05:54:00,076 [grpc-default-executor-0] INFO  impl.RaftServerImpl (RaftServerImpl.java:setRole(184)) - 58095e90-3010-492a-9083-43cf2e035c3f@group-BCADF287A12B: changes role from  FOLLOWER to FOLLOWER at term 462 for recognizeCandidate:9127dd83-037b-4d39-812f-66db56af525a
2019-10-30 05:54:00,076 [grpc-default-executor-0] INFO  impl.RoleInfo (RoleInfo.java:shutdownFollowerState(121)) - 58095e90-3010-492a-9083-43cf2e035c3f: shutdown FollowerState
2019-10-30 05:54:00,076 [grpc-default-executor-2] INFO  impl.RaftServerImpl (RaftServerImpl.java:setRole(184)) - 7fae3aed-4e76-4283-a599-f93f794625ab@group-BCADF287A12B: changes role from  FOLLOWER to FOLLOWER at term 462 for recognizeCandidate:9127dd83-037b-4d39-812f-66db56af525a
2019-10-30 05:54:00,076 [Thread-3020] INFO  impl.FollowerState (FollowerState.java:run(117)) - 58095e90-3010-492a-9083-43cf2e035c3f@group-BCADF287A12B-FollowerState was interrupted: java.lang.InterruptedException: sleep interrupted
2019-10-30 05:54:00,076 [grpc-default-executor-0] INFO  impl.RoleInfo (RoleInfo.java:updateAndGet(143)) - 58095e90-3010-492a-9083-43cf2e035c3f: start FollowerState
2019-10-30 05:54:00,076 [grpc-default-executor-2] INFO  impl.RoleInfo (RoleInfo.java:shutdownFollowerState(121)) - 7fae3aed-4e76-4283-a599-f93f794625ab: shutdown FollowerState
2019-10-30 05:54:00,076 [grpc-default-executor-2] INFO  impl.RoleInfo (RoleInfo.java:updateAndGet(143)) - 7fae3aed-4e76-4283-a599-f93f794625ab: start FollowerState
2019-10-30 05:54:00,076 [Thread-3021] INFO  impl.FollowerState (FollowerState.java:run(117)) - 7fae3aed-4e76-4283-a599-f93f794625ab@group-BCADF287A12B-FollowerState was interrupted: java.lang.InterruptedException: sleep interrupted
2019-10-30 05:54:00,089 [9127dd83-037b-4d39-812f-66db56af525a@group-BCADF287A12B-LeaderElection413] INFO  impl.LeaderElection (LeaderElection.java:logAndReturn(56)) - 9127dd83-037b-4d39-812f-66db56af525a@group-BCADF287A12B-LeaderElection413: Election REJECTED; received 2 response(s) [9127dd83-037b-4d39-812f-66db56af525a<-7fae3aed-4e76-4283-a599-f93f794625ab#0:FAIL-t462, 9127dd83-037b-4d39-812f-66db56af525a<-58095e90-3010-492a-9083-43cf2e035c3f#0:FAIL-t462] and 0 exception(s); 9127dd83-037b-4d39-812f-66db56af525a@group-BCADF287A12B:t462, leader=null, voted=9127dd83-037b-4d39-812f-66db56af525a, raftlog=9127dd83-037b-4d39-812f-66db56af525a@group-BCADF287A12B-SegmentedRaftLog:OPENED:c-1,f-1,i0, conf=-1: [7fae3aed-4e76-4283-a599-f93f794625ab:192.168.34.21:41352, 58095e90-3010-492a-9083-43cf2e035c3f:192.168.34.21:45284, 9127dd83-037b-4d39-812f-66db56af525a:192.168.34.21:42063], old=null
2019-10-30 05:54:00,090 [9127dd83-037b-4d39-812f-66db56af525a@group-BCADF287A12B-LeaderElection413] INFO  impl.RaftServerImpl (RaftServerImpl.java:setRole(184)) - 9127dd83-037b-4d39-812f-66db56af525a@group-BCADF287A12B: changes role from CANDIDATE to FOLLOWER at term 462 for DISCOVERED_A_NEW_TERM
2019-10-30 05:54:00,090 [9127dd83-037b-4d39-812f-66db56af525a@group-BCADF287A12B-LeaderElection413] INFO  impl.RoleInfo (RoleInfo.java:shutdownLeaderElection(134)) - 9127dd83-037b-4d39-812f-66db56af525a: shutdown LeaderElection
2019-10-30 05:54:00,090 [9127dd83-037b-4d39-812f-66db56af525a@group-BCADF287A12B-LeaderElection413] INFO  impl.RoleInfo (RoleInfo.java:updateAndGet(143)) - 9127dd83-037b-4d39-812f-66db56af525a: start FollowerState
2019-10-30 05:54:00,145 [Thread-3028] INFO  impl.FollowerState (FollowerState.java:run(108)) - 9127dd83-037b-4d39-812f-66db56af525a@group-BCADF287A12B-FollowerState: change to CANDIDATE, lastRpcTime:55ms, electionTimeout:55ms
2019-10-30 05:54:00,145 [Thread-3028] INFO  impl.RoleInfo (RoleInfo.java:shutdownFollowerState(121)) - 9127dd83-037b-4d39-812f-66db56af525a: shutdown FollowerState
2019-10-30 05:54:00,145 [Thread-3028] INFO  impl.RaftServerImpl (RaftServerImpl.java:setRole(184)) - 9127dd83-037b-4d39-812f-66db56af525a@group-BCADF287A12B: changes role from  FOLLOWER to CANDIDATE at term 462 for changeToCandidate
2019-10-30 05:54:00,146 [Thread-3028] INFO  impl.RoleInfo (RoleInfo.java:updateAndGet(143)) - 9127dd83-037b-4d39-812f-66db56af525a: start LeaderElection
2019-10-30 05:54:00,175 [9127dd83-037b-4d39-812f-66db56af525a@group-BCADF287A12B-LeaderElection414] INFO  impl.LeaderElection (LeaderElection.java:askForVotes(178)) - 9127dd83-037b-4d39-812f-66db56af525a@group-BCADF287A12B-LeaderElection414: begin an election at term 463 for -1: [7fae3aed-4e76-4283-a599-f93f794625ab:192.168.34.21:41352, 58095e90-3010-492a-9083-43cf2e035c3f:192.168.34.21:45284, 9127dd83-037b-4d39-812f-66db56af525a:192.168.34.21:42063], old=null
2019-10-30 05:54:00,176 [grpc-default-executor-2] INFO  impl.RaftServerImpl (RaftServerImpl.java:setRole(184)) - 7fae3aed-4e76-4283-a599-f93f794625ab@group-BCADF287A12B: changes role from  FOLLOWER to FOLLOWER at term 463 for recognizeCandidate:9127dd83-037b-4d39-812f-66db56af525a
2019-10-30 05:54:00,176 [grpc-default-executor-0] INFO  impl.RaftServerImpl (RaftServerImpl.java:setRole(184)) - 58095e90-3010-492a-9083-43cf2e035c3f@group-BCADF287A12B: changes role from  FOLLOWER to FOLLOWER at term 463 for recognizeCandidate:9127dd83-037b-4d39-812f-66db56af525a
2019-10-30 05:54:00,176 [grpc-default-executor-2] INFO  impl.RoleInfo (RoleInfo.java:shutdownFollowerState(121)) - 7fae3aed-4e76-4283-a599-f93f794625ab: shutdown FollowerState
2019-10-30 05:54:00,176 [grpc-default-executor-0] INFO  impl.RoleInfo (RoleInfo.java:shutdownFollowerState(121)) - 58095e90-3010-492a-9083-43cf2e035c3f: shutdown FollowerState
2019-10-30 05:54:00,176 [grpc-default-executor-2] INFO  impl.RoleInfo (RoleInfo.java:updateAndGet(143)) - 7fae3aed-4e76-4283-a599-f93f794625ab: start FollowerState
2019-10-30 05:54:00,177 [Thread-3026] INFO  impl.FollowerState (FollowerState.java:run(117)) - 58095e90-3010-492a-9083-43cf2e035c3f@group-BCADF287A12B-FollowerState was interrupted: java.lang.InterruptedException: sleep interrupted
2019-10-30 05:54:00,177 [grpc-default-executor-0] INFO  impl.RoleInfo (RoleInfo.java:updateAndGet(143)) - 58095e90-3010-492a-9083-43cf2e035c3f: start FollowerState
2019-10-30 05:54:00,176 [Thread-3027] INFO  impl.FollowerState (FollowerState.java:run(117)) - 7fae3aed-4e76-4283-a599-f93f794625ab@group-BCADF287A12B-FollowerState was interrupted: java.lang.InterruptedException: sleep interrupted
2019-10-30 05:54:00,222 [9127dd83-037b-4d39-812f-66db56af525a@group-BCADF287A12B-LeaderElection414] INFO  impl.LeaderElection (LeaderElection.java:logAndReturn(56)) - 9127dd83-037b-4d39-812f-66db56af525a@group-BCADF287A12B-LeaderElection414: Election REJECTED; received 2 response(s) [9127dd83-037b-4d39-812f-66db56af525a<-7fae3aed-4e76-4283-a599-f93f794625ab#0:FAIL-t463, 9127dd83-037b-4d39-812f-66db56af525a<-58095e90-3010-492a-9083-43cf2e035c3f#0:FAIL-t463] and 0 exception(s); 9127dd83-037b-4d39-812f-66db56af525a@group-BCADF287A12B:t463, leader=null, voted=9127dd83-037b-4d39-812f-66db56af525a, raftlog=9127dd83-037b-4d39-812f-66db56af525a@group-BCADF287A12B-SegmentedRaftLog:OPENED:c-1,f-1,i0, conf=-1: [7fae3aed-4e76-4283-a599-f93f794625ab:192.168.34.21:41352, 58095e90-3010-492a-9083-43cf2e035c3f:192.168.34.21:45284, 9127dd83-037b-4d39-812f-66db56af525a:192.168.34.21:42063], old=null
2019-10-30 05:54:00,223 [9127dd83-037b-4d39-812f-66db56af525a@group-BCADF287A12B-LeaderElection414] INFO  impl.RaftServerImpl (RaftServerImpl.java:setRole(184)) - 9127dd83-037b-4d39-812f-66db56af525a@group-BCADF287A12B: changes role from CANDIDATE to FOLLOWER at term 463 for DISCOVERED_A_NEW_TERM
2019-10-30 05:54:00,223 [9127dd83-037b-4d39-812f-66db56af525a@group-BCADF287A12B-LeaderElection414] INFO  impl.RoleInfo (RoleInfo.java:shutdownLeaderElection(134)) - 9127dd83-037b-4d39-812f-66db56af525a: shutdown LeaderElection
2019-10-30 05:54:00,223 [9127dd83-037b-4d39-812f-66db56af525a@group-BCADF287A12B-LeaderElection414] INFO  impl.RoleInfo (RoleInfo.java:updateAndGet(143)) - 9127dd83-037b-4d39-812f-66db56af525a: start FollowerState
2019-10-30 05:54:00,345 [Thread-3034] INFO  impl.FollowerState (FollowerState.java:run(108)) - 9127dd83-037b-4d39-812f-66db56af525a@group-BCADF287A12B-FollowerState: change to CANDIDATE, lastRpcTime:122ms, electionTimeout:122ms
2019-10-30 05:54:00,346 [Thread-3034] INFO  impl.RoleInfo (RoleInfo.java:shutdownFollowerState(121)) - 9127dd83-037b-4d39-812f-66db56af525a: shutdown FollowerState
2019-10-30 05:54:00,346 [Thread-3034] INFO  impl.RaftServerImpl (RaftServerImpl.java:setRole(184)) - 9127dd83-037b-4d39-812f-66db56af525a@group-BCADF287A12B: changes role from  FOLLOWER to CANDIDATE at term 463 for changeToCandidate
2019-10-30 05:54:00,346 [Thread-3034] INFO  impl.RoleInfo (RoleInfo.java:updateAndGet(143)) - 9127dd83-037b-4d39-812f-66db56af525a: start LeaderElection
2019-10-30 05:54:00,359 [9127dd83-037b-4d39-812f-66db56af525a@group-BCADF287A12B-LeaderElection415] INFO  impl.LeaderElection (LeaderElection.java:askForVotes(178)) - 9127dd83-037b-4d39-812f-66db56af525a@group-BCADF287A12B-LeaderElection415: begin an election at term 464 for -1: [7fae3aed-4e76-4283-a599-f93f794625ab:192.168.34.21:41352, 58095e90-3010-492a-9083-43cf2e035c3f:192.168.34.21:45284, 9127dd83-037b-4d39-812f-66db56af525a:192.168.34.21:42063], old=null
2019-10-30 05:54:00,361 [grpc-default-executor-0] INFO  impl.RaftServerImpl (RaftServerImpl.java:setRole(184)) - 7fae3aed-4e76-4283-a599-f93f794625ab@group-BCADF287A12B: changes role from  FOLLOWER to FOLLOWER at term 464 for recognizeCandidate:9127dd83-037b-4d39-812f-66db56af525a
2019-10-30 05:54:00,361 [grpc-default-executor-2] INFO  impl.RaftServerImpl (RaftServerImpl.java:setRole(184)) - 58095e90-3010-492a-9083-43cf2e035c3f@group-BCADF287A12B: changes role from  FOLLOWER to FOLLOWER at term 464 for recognizeCandidate:9127dd83-037b-4d39-812f-66db56af525a
2019-10-30 05:54:00,361 [grpc-default-executor-2] INFO  impl.RoleInfo (RoleInfo.java:shutdownFollowerState(121)) - 58095e90-3010-492a-9083-43cf2e035c3f: shutdown FollowerState
2019-10-30 05:54:00,361 [grpc-default-executor-0] INFO  impl.RoleInfo (RoleInfo.java:shutdownFollowerState(121)) - 7fae3aed-4e76-4283-a599-f93f794625ab: shutdown FollowerState
2019-10-30 05:54:00,361 [Thread-3033] INFO  impl.FollowerState (FollowerState.java:run(117)) - 58095e90-3010-492a-9083-43cf2e035c3f@group-BCADF287A12B-FollowerState was interrupted: java.lang.InterruptedException: sleep interrupted
2019-10-30 05:54:00,361 [Thread-3032] INFO  impl.FollowerState (FollowerState.java:run(117)) - 7fae3aed-4e76-4283-a599-f93f794625ab@group-BCADF287A12B-FollowerState was interrupted: java.lang.InterruptedException: sleep interrupted
2019-10-30 05:54:00,361 [grpc-default-executor-2] INFO  impl.RoleInfo (RoleInfo.java:updateAndGet(143)) - 58095e90-3010-492a-9083-43cf2e035c3f: start FollowerState
2019-10-30 05:54:00,361 [grpc-default-executor-0] INFO  impl.RoleInfo (RoleInfo.java:updateAndGet(143)) - 7fae3aed-4e76-4283-a599-f93f794625ab: start FollowerState
2019-10-30 05:54:00,388 [9127dd83-037b-4d39-812f-66db56af525a@group-BCADF287A12B-LeaderElection415] INFO  impl.LeaderElection (LeaderElection.java:logAndReturn(56)) - 9127dd83-037b-4d39-812f-66db56af525a@group-BCADF287A12B-LeaderElection415: Election REJECTED; received 2 response(s) [9127dd83-037b-4d39-812f-66db56af525a<-7fae3aed-4e76-4283-a599-f93f794625ab#0:FAIL-t464, 9127dd83-037b-4d39-812f-66db56af525a<-58095e90-3010-492a-9083-43cf2e035c3f#0:FAIL-t464] and 0 exception(s); 9127dd83-037b-4d39-812f-66db56af525a@group-BCADF287A12B:t464, leader=null, voted=9127dd83-037b-4d39-812f-66db56af525a, raftlog=9127dd83-037b-4d39-812f-66db56af525a@group-BCADF287A12B-SegmentedRaftLog:OPENED:c-1,f-1,i0, conf=-1: [7fae3aed-4e76-4283-a599-f93f794625ab:192.168.34.21:41352, 58095e90-3010-492a-9083-43cf2e035c3f:192.168.34.21:45284, 9127dd83-037b-4d39-812f-66db56af525a:192.168.34.21:42063], old=null
2019-10-30 05:54:00,388 [9127dd83-037b-4d39-812f-66db56af525a@group-BCADF287A12B-LeaderElection415] INFO  impl.RaftServerImpl (RaftServerImpl.java:setRole(184)) - 9127dd83-037b-4d39-812f-66db56af525a@group-BCADF287A12B: changes role from CANDIDATE to FOLLOWER at term 464 for DISCOVERED_A_NEW_TERM
2019-10-30 05:54:00,388 [9127dd83-037b-4d39-812f-66db56af525a@group-BCADF287A12B-LeaderElection415] INFO  impl.RoleInfo (RoleInfo.java:shutdownLeaderElection(134)) - 9127dd83-037b-4d39-812f-66db56af525a: shutdown LeaderElection
2019-10-30 05:54:00,388 [9127dd83-037b-4d39-812f-66db56af525a@group-BCADF287A12B-LeaderElection415] INFO  impl.RoleInfo (RoleInfo.java:updateAndGet(143)) - 9127dd83-037b-4d39-812f-66db56af525a: start FollowerState
2019-10-30 05:54:00,402 [Thread-3040] INFO  impl.FollowerState (FollowerState.java:run(108)) - 9127dd83-037b-4d39-812f-66db56af525a@group-BCADF287A12B-FollowerState: change to CANDIDATE, lastRpcTime:14ms, electionTimeout:14ms
2019-10-30 05:54:00,403 [Thread-3040] INFO  impl.RoleInfo (RoleInfo.java:shutdownFollowerState(121)) - 9127dd83-037b-4d39-812f-66db56af525a: shutdown FollowerState
2019-10-30 05:54:00,403 [Thread-3040] INFO  impl.RaftServerImpl (RaftServerImpl.java:setRole(184)) - 9127dd83-037b-4d39-812f-66db56af525a@group-BCADF287A12B: changes role from  FOLLOWER to CANDIDATE at term 464 for changeToCandidate
2019-10-30 05:54:00,403 [Thread-3040] INFO  impl.RoleInfo (RoleInfo.java:updateAndGet(143)) - 9127dd83-037b-4d39-812f-66db56af525a: start LeaderElection
2019-10-30 05:54:00,416 [9127dd83-037b-4d39-812f-66db56af525a@group-BCADF287A12B-LeaderElection416] INFO  impl.LeaderElection (LeaderElection.java:askForVotes(178)) - 9127dd83-037b-4d39-812f-66db56af525a@group-BCADF287A12B-LeaderElection416: begin an election at term 465 for -1: [7fae3aed-4e76-4283-a599-f93f794625ab:192.168.34.21:41352, 58095e90-3010-492a-9083-43cf2e035c3f:192.168.34.21:45284, 9127dd83-037b-4d39-812f-66db56af525a:192.168.34.21:42063], old=null
2019-10-30 05:54:00,418 [grpc-default-executor-2] INFO  impl.RaftServerImpl (RaftServerImpl.java:setRole(184)) - 7fae3aed-4e76-4283-a599-f93f794625ab@group-BCADF287A12B: changes role from  FOLLOWER to FOLLOWER at term 465 for recognizeCandidate:9127dd83-037b-4d39-812f-66db56af525a
2019-10-30 05:54:00,418 [grpc-default-executor-0] INFO  impl.RaftServerImpl (RaftServerImpl.java:setRole(184)) - 58095e90-3010-492a-9083-43cf2e035c3f@group-BCADF287A12B: changes role from  FOLLOWER to FOLLOWER at term 465 for recognizeCandidate:9127dd83-037b-4d39-812f-66db56af525a
2019-10-30 05:54:00,418 [grpc-default-executor-0] INFO  impl.RoleInfo (RoleInfo.java:shutdownFollowerState(121)) - 58095e90-3010-492a-9083-43cf2e035c3f: shutdown FollowerState
2019-10-30 05:54:00,418 [grpc-default-executor-2] INFO  impl.RoleInfo (RoleInfo.java:shutdownFollowerState(121)) - 7fae3aed-4e76-4283-a599-f93f794625ab: shutdown FollowerState
2019-10-30 05:54:00,418 [Thread-3038] INFO  impl.FollowerState (FollowerState.java:run(117)) - 58095e90-3010-492a-9083-43cf2e035c3f@group-BCADF287A12B-FollowerState was interrupted: java.lang.InterruptedException: sleep interrupted
2019-10-30 05:54:00,418 [grpc-default-executor-0] INFO  impl.RoleInfo (RoleInfo.java:updateAndGet(143)) - 58095e90-3010-492a-9083-43cf2e035c3f: start FollowerState
2019-10-30 05:54:00,418 [Thread-3039] INFO  impl.FollowerState (FollowerState.java:run(117)) - 7fae3aed-4e76-4283-a599-f93f794625ab@group-BCADF287A12B-FollowerState was interrupted: java.lang.InterruptedException: sleep interrupted
2019-10-30 05:54:00,418 [grpc-default-executor-2] INFO  impl.RoleInfo (RoleInfo.java:updateAndGet(143)) - 7fae3aed-4e76-4283-a599-f93f794625ab: start FollowerState
2019-10-30 05:54:00,432 [9127dd83-037b-4d39-812f-66db56af525a@group-BCADF287A12B-LeaderElection416] INFO  impl.LeaderElection (LeaderElection.java:logAndReturn(56)) - 9127dd83-037b-4d39-812f-66db56af525a@group-BCADF287A12B-LeaderElection416: Election REJECTED; received 2 response(s) [9127dd83-037b-4d39-812f-66db56af525a<-7fae3aed-4e76-4283-a599-f93f794625ab#0:FAIL-t465, 9127dd83-037b-4d39-812f-66db56af525a<-58095e90-3010-492a-9083-43cf2e035c3f#0:FAIL-t465] and 0 exception(s); 9127dd83-037b-4d39-812f-66db56af525a@group-BCADF287A12B:t465, leader=null, voted=9127dd83-037b-4d39-812f-66db56af525a, raftlog=9127dd83-037b-4d39-812f-66db56af525a@group-BCADF287A12B-SegmentedRaftLog:OPENED:c-1,f-1,i0, conf=-1: [7fae3aed-4e76-4283-a599-f93f794625ab:192.168.34.21:41352, 58095e90-3010-492a-9083-43cf2e035c3f:192.168.34.21:45284, 9127dd83-037b-4d39-812f-66db56af525a:192.168.34.21:42063], old=null
2019-10-30 05:54:00,432 [9127dd83-037b-4d39-812f-66db56af525a@group-BCADF287A12B-LeaderElection416] INFO  impl.RaftServerImpl (RaftServerImpl.java:setRole(184)) - 9127dd83-037b-4d39-812f-66db56af525a@group-BCADF287A12B: changes role from CANDIDATE to FOLLOWER at term 465 for DISCOVERED_A_NEW_TERM
2019-10-30 05:54:00,432 [9127dd83-037b-4d39-812f-66db56af525a@group-BCADF287A12B-LeaderElection416] INFO  impl.RoleInfo (RoleInfo.java:shutdownLeaderElection(134)) - 9127dd83-037b-4d39-812f-66db56af525a: shutdown LeaderElection
2019-10-30 05:54:00,432 [9127dd83-037b-4d39-812f-66db56af525a@group-BCADF287A12B-LeaderElection416] INFO  impl.RoleInfo (RoleInfo.java:updateAndGet(143)) - 9127dd83-037b-4d39-812f-66db56af525a: start FollowerState
2019-10-30 05:54:00,482 [Thread-3046] INFO  impl.FollowerState (FollowerState.java:run(108)) - 9127dd83-037b-4d39-812f-66db56af525a@group-BCADF287A12B-FollowerState: change to CANDIDATE, lastRpcTime:49ms, electionTimeout:49ms
2019-10-30 05:54:00,482 [Thread-3046] INFO  impl.RoleInfo (RoleInfo.java:shutdownFollowerState(121)) - 9127dd83-037b-4d39-812f-66db56af525a: shutdown FollowerState
2019-10-30 05:54:00,482 [Thread-3046] INFO  impl.RaftServerImpl (RaftServerImpl.java:setRole(184)) - 9127dd83-037b-4d39-812f-66db56af525a@group-BCADF287A12B: changes role from  FOLLOWER to CANDIDATE at term 465 for changeToCandidate
2019-10-30 05:54:00,482 [Thread-3046] INFO  impl.RoleInfo (RoleInfo.java:updateAndGet(143)) - 9127dd83-037b-4d39-812f-66db56af525a: start LeaderElection
2019-10-30 05:54:00,495 [9127dd83-037b-4d39-812f-66db56af525a@group-BCADF287A12B-LeaderElection417] INFO  impl.LeaderElection (LeaderElection.java:askForVotes(178)) - 9127dd83-037b-4d39-812f-66db56af525a@group-BCADF287A12B-LeaderElection417: begin an election at term 466 for -1: [7fae3aed-4e76-4283-a599-f93f794625ab:192.168.34.21:41352, 58095e90-3010-492a-9083-43cf2e035c3f:192.168.34.21:45284, 9127dd83-037b-4d39-812f-66db56af525a:192.168.34.21:42063], old=null
2019-10-30 05:54:00,496 [grpc-default-executor-2] INFO  impl.RaftServerImpl (RaftServerImpl.java:setRole(184)) - 58095e90-3010-492a-9083-43cf2e035c3f@group-BCADF287A12B: changes role from  FOLLOWER to FOLLOWER at term 466 for recognizeCandidate:9127dd83-037b-4d39-812f-66db56af525a
2019-10-30 05:54:00,496 [grpc-default-executor-0] INFO  impl.RaftServerImpl (RaftServerImpl.java:setRole(184)) - 7fae3aed-4e76-4283-a599-f93f794625ab@group-BCADF287A12B: changes role from  FOLLOWER to FOLLOWER at term 466 for recognizeCandidate:9127dd83-037b-4d39-812f-66db56af525a
2019-10-30 05:54:00,496 [grpc-default-executor-2] INFO  impl.RoleInfo (RoleInfo.java:shutdownFollowerState(121)) - 58095e90-3010-492a-9083-43cf2e035c3f: shutdown FollowerState
2019-10-30 05:54:00,496 [grpc-default-executor-0] INFO  impl.RoleInfo (RoleInfo.java:shutdownFollowerState(121)) - 7fae3aed-4e76-4283-a599-f93f794625ab: shutdown FollowerState
2019-10-30 05:54:00,497 [Thread-3044] INFO  impl.FollowerState (FollowerState.java:run(117)) - 58095e90-3010-492a-9083-43cf2e035c3f@group-BCADF287A12B-FollowerState was interrupted: java.lang.InterruptedException: sleep interrupted
2019-10-30 05:54:00,497 [grpc-default-executor-2] INFO  impl.RoleInfo (RoleInfo.java:updateAndGet(143)) - 58095e90-3010-492a-9083-43cf2e035c3f: start FollowerState
2019-10-30 05:54:00,497 [Thread-3045] INFO  impl.FollowerState (FollowerState.java:run(117)) - 7fae3aed-4e76-4283-a599-f93f794625ab@group-BCADF287A12B-FollowerState was interrupted: java.lang.InterruptedException: sleep interrupted
2019-10-30 05:54:00,497 [grpc-default-executor-0] INFO  impl.RoleInfo (RoleInfo.java:updateAndGet(143)) - 7fae3aed-4e76-4283-a599-f93f794625ab: start FollowerState
2019-10-30 05:54:00,503 [9127dd83-037b-4d39-812f-66db56af525a@group-BCADF287A12B-LeaderElection417] INFO  impl.LeaderElection (LeaderElection.java:logAndReturn(56)) - 9127dd83-037b-4d39-812f-66db56af525a@group-BCADF287A12B-LeaderElection417: Election TIMEOUT; received 0 response(s) [] and 0 exception(s); 9127dd83-037b-4d39-812f-66db56af525a@group-BCADF287A12B:t466, leader=null, voted=9127dd83-037b-4d39-812f-66db56af525a, raftlog=9127dd83-037b-4d39-812f-66db56af525a@group-BCADF287A12B-SegmentedRaftLog:OPENED:c-1,f-1,i0, conf=-1: [7fae3aed-4e76-4283-a599-f93f794625ab:192.168.34.21:41352, 58095e90-3010-492a-9083-43cf2e035c3f:192.168.34.21:45284, 9127dd83-037b-4d39-812f-66db56af525a:192.168.34.21:42063], old=null
2019-10-30 05:54:00,523 [9127dd83-037b-4d39-812f-66db56af525a@group-BCADF287A12B-LeaderElection417] INFO  impl.LeaderElection (LeaderElection.java:askForVotes(178)) - 9127dd83-037b-4d39-812f-66db56af525a@group-BCADF287A12B-LeaderElection417: begin an election at term 467 for -1: [7fae3aed-4e76-4283-a599-f93f794625ab:192.168.34.21:41352, 58095e90-3010-492a-9083-43cf2e035c3f:192.168.34.21:45284, 9127dd83-037b-4d39-812f-66db56af525a:192.168.34.21:42063], old=null
2019-10-30 05:54:00,524 [grpc-default-executor-2] INFO  impl.RaftServerImpl (RaftServerImpl.java:setRole(184)) - 7fae3aed-4e76-4283-a599-f93f794625ab@group-BCADF287A12B: changes role from  FOLLOWER to FOLLOWER at term 467 for recognizeCandidate:9127dd83-037b-4d39-812f-66db56af525a
2019-10-30 05:54:00,524 [grpc-default-executor-2] INFO  impl.RoleInfo (RoleInfo.java:shutdownFollowerState(121)) - 7fae3aed-4e76-4283-a599-f93f794625ab: shutdown FollowerState
2019-10-30 05:54:00,524 [grpc-default-executor-0] INFO  impl.RaftServerImpl (RaftServerImpl.java:setRole(184)) - 58095e90-3010-492a-9083-43cf2e035c3f@group-BCADF287A12B: changes role from  FOLLOWER to FOLLOWER at term 467 for recognizeCandidate:9127dd83-037b-4d39-812f-66db56af525a
2019-10-30 05:54:00,524 [grpc-default-executor-0] INFO  impl.RoleInfo (RoleInfo.java:shutdownFollowerState(121)) - 58095e90-3010-492a-9083-43cf2e035c3f: shutdown FollowerState
2019-10-30 05:54:00,524 [Thread-3051] INFO  impl.FollowerState (FollowerState.java:run(117)) - 7fae3aed-4e76-4283-a599-f93f794625ab@group-BCADF287A12B-FollowerState was interrupted: java.lang.InterruptedException: sleep interrupted
2019-10-30 05:54:00,524 [grpc-default-executor-2] INFO  impl.RoleInfo (RoleInfo.java:updateAndGet(143)) - 7fae3aed-4e76-4283-a599-f93f794625ab: start FollowerState
2019-10-30 05:54:00,524 [Thread-3050] INFO  impl.FollowerState (FollowerState.java:run(117)) - 58095e90-3010-492a-9083-43cf2e035c3f@group-BCADF287A12B-FollowerState was interrupted: java.lang.InterruptedException: sleep interrupted
2019-10-30 05:54:00,524 [grpc-default-executor-0] INFO  impl.RoleInfo (RoleInfo.java:updateAndGet(143)) - 58095e90-3010-492a-9083-43cf2e035c3f: start FollowerState
2019-10-30 05:54:00,542 [9127dd83-037b-4d39-812f-66db56af525a@group-BCADF287A12B-LeaderElection417] INFO  impl.LeaderElection (LeaderElection.java:logAndReturn(56)) - 9127dd83-037b-4d39-812f-66db56af525a@group-BCADF287A12B-LeaderElection417: Election REJECTED; received 2 response(s) [9127dd83-037b-4d39-812f-66db56af525a<-7fae3aed-4e76-4283-a599-f93f794625ab#0:FAIL-t467, 9127dd83-037b-4d39-812f-66db56af525a<-58095e90-3010-492a-9083-43cf2e035c3f#0:FAIL-t467] and 0 exception(s); 9127dd83-037b-4d39-812f-66db56af525a@group-BCADF287A12B:t467, leader=null, voted=9127dd83-037b-4d39-812f-66db56af525a, raftlog=9127dd83-037b-4d39-812f-66db56af525a@group-BCADF287A12B-SegmentedRaftLog:OPENED:c-1,f-1,i0, conf=-1: [7fae3aed-4e76-4283-a599-f93f794625ab:192.168.34.21:41352, 58095e90-3010-492a-9083-43cf2e035c3f:192.168.34.21:45284, 9127dd83-037b-4d39-812f-66db56af525a:192.168.34.21:42063], old=null
2019-10-30 05:54:00,543 [9127dd83-037b-4d39-812f-66db56af525a@group-BCADF287A12B-LeaderElection417] INFO  impl.RaftServerImpl (RaftServerImpl.java:setRole(184)) - 9127dd83-037b-4d39-812f-66db56af525a@group-BCADF287A12B: changes role from CANDIDATE to FOLLOWER at term 467 for DISCOVERED_A_NEW_TERM
2019-10-30 05:54:00,543 [9127dd83-037b-4d39-812f-66db56af525a@group-BCADF287A12B-LeaderElection417] INFO  impl.RoleInfo (RoleInfo.java:shutdownLeaderElection(134)) - 9127dd83-037b-4d39-812f-66db56af525a: shutdown LeaderElection
2019-10-30 05:54:00,543 [9127dd83-037b-4d39-812f-66db56af525a@group-BCADF287A12B-LeaderElection417] INFO  impl.RoleInfo (RoleInfo.java:updateAndGet(143)) - 9127dd83-037b-4d39-812f-66db56af525a: start FollowerState
2019-10-30 05:54:00,671 [Thread-3056] INFO  impl.FollowerState (FollowerState.java:run(108)) - 9127dd83-037b-4d39-812f-66db56af525a@group-BCADF287A12B-FollowerState: change to CANDIDATE, lastRpcTime:128ms, electionTimeout:128ms
2019-10-30 05:54:00,672 [Thread-3056] INFO  impl.RoleInfo (RoleInfo.java:shutdownFollowerState(121)) - 9127dd83-037b-4d39-812f-66db56af525a: shutdown FollowerState
2019-10-30 05:54:00,672 [Thread-3056] INFO  impl.RaftServerImpl (RaftServerImpl.java:setRole(184)) - 9127dd83-037b-4d39-812f-66db56af525a@group-BCADF287A12B: changes role from  FOLLOWER to CANDIDATE at term 467 for changeToCandidate
2019-10-30 05:54:00,672 [Thread-3056] INFO  impl.RoleInfo (RoleInfo.java:updateAndGet(143)) - 9127dd83-037b-4d39-812f-66db56af525a: start LeaderElection
2019-10-30 05:54:00,679 [9127dd83-037b-4d39-812f-66db56af525a@group-BCADF287A12B-LeaderElection418] INFO  impl.LeaderElection (LeaderElection.java:askForVotes(178)) - 9127dd83-037b-4d39-812f-66db56af525a@group-BCADF287A12B-LeaderElection418: begin an election at term 468 for -1: [7fae3aed-4e76-4283-a599-f93f794625ab:192.168.34.21:41352, 58095e90-3010-492a-9083-43cf2e035c3f:192.168.34.21:45284, 9127dd83-037b-4d39-812f-66db56af525a:192.168.34.21:42063], old=null
2019-10-30 05:54:00,680 [grpc-default-executor-0] INFO  impl.RaftServerImpl (RaftServerImpl.java:setRole(184)) - 58095e90-3010-492a-9083-43cf2e035c3f@group-BCADF287A12B: changes role from  FOLLOWER to FOLLOWER at term 468 for recognizeCandidate:9127dd83-037b-4d39-812f-66db56af525a
2019-10-30 05:54:00,680 [grpc-default-executor-2] INFO  impl.RaftServerImpl (RaftServerImpl.java:setRole(184)) - 7fae3aed-4e76-4283-a599-f93f794625ab@group-BCADF287A12B: changes role from  FOLLOWER to FOLLOWER at term 468 for recognizeCandidate:9127dd83-037b-4d39-812f-66db56af525a
2019-10-30 05:54:00,681 [grpc-default-executor-2] INFO  impl.RoleInfo (RoleInfo.java:shutdownFollowerState(121)) - 7fae3aed-4e76-4283-a599-f93f794625ab: shutdown FollowerState
2019-10-30 05:54:00,681 [grpc-default-executor-0] INFO  impl.RoleInfo (RoleInfo.java:shutdownFollowerState(121)) - 58095e90-3010-492a-9083-43cf2e035c3f: shutdown FollowerState
2019-10-30 05:54:00,681 [Thread-3054] INFO  impl.FollowerState (FollowerState.java:run(117)) - 7fae3aed-4e76-4283-a599-f93f794625ab@group-BCADF287A12B-FollowerState was interrupted: java.lang.InterruptedException: sleep interrupted
2019-10-30 05:54:00,681 [grpc-default-executor-2] INFO  impl.RoleInfo (RoleInfo.java:updateAndGet(143)) - 7fae3aed-4e76-4283-a599-f93f794625ab: start FollowerState
2019-10-30 05:54:00,681 [Thread-3055] INFO  impl.FollowerState (FollowerState.java:run(117)) - 58095e90-3010-492a-9083-43cf2e035c3f@group-BCADF287A12B-FollowerState was interrupted: java.lang.InterruptedException: sleep interrupted
2019-10-30 05:54:00,681 [grpc-default-executor-0] INFO  impl.RoleInfo (RoleInfo.java:updateAndGet(143)) - 58095e90-3010-492a-9083-43cf2e035c3f: start FollowerState
2019-10-30 05:54:00,688 [9127dd83-037b-4d39-812f-66db56af525a@group-BCADF287A12B-LeaderElection418] INFO  impl.LeaderElection (LeaderElection.java:logAndReturn(56)) - 9127dd83-037b-4d39-812f-66db56af525a@group-BCADF287A12B-LeaderElection418: Election TIMEOUT; received 0 response(s) [] and 0 exception(s); 9127dd83-037b-4d39-812f-66db56af525a@group-BCADF287A12B:t468, leader=null, voted=9127dd83-037b-4d39-812f-66db56af525a, raftlog=9127dd83-037b-4d39-812f-66db56af525a@group-BCADF287A12B-SegmentedRaftLog:OPENED:c-1,f-1,i0, conf=-1: [7fae3aed-4e76-4283-a599-f93f794625ab:192.168.34.21:41352, 58095e90-3010-492a-9083-43cf2e035c3f:192.168.34.21:45284, 9127dd83-037b-4d39-812f-66db56af525a:192.168.34.21:42063], old=null
2019-10-30 05:54:00,696 [9127dd83-037b-4d39-812f-66db56af525a@group-BCADF287A12B-LeaderElection418] INFO  impl.LeaderElection (LeaderElection.java:askForVotes(178)) - 9127dd83-037b-4d39-812f-66db56af525a@group-BCADF287A12B-LeaderElection418: begin an election at term 469 for -1: [7fae3aed-4e76-4283-a599-f93f794625ab:192.168.34.21:41352, 58095e90-3010-492a-9083-43cf2e035c3f:192.168.34.21:45284, 9127dd83-037b-4d39-812f-66db56af525a:192.168.34.21:42063], old=null
2019-10-30 05:54:00,697 [grpc-default-executor-0] INFO  impl.RaftServerImpl (RaftServerImpl.java:setRole(184)) - 7fae3aed-4e76-4283-a599-f93f794625ab@group-BCADF287A12B: changes role from  FOLLOWER to FOLLOWER at term 469 for recognizeCandidate:9127dd83-037b-4d39-812f-66db56af525a
2019-10-30 05:54:00,697 [grpc-default-executor-2] INFO  impl.RaftServerImpl (RaftServerImpl.java:setRole(184)) - 58095e90-3010-492a-9083-43cf2e035c3f@group-BCADF287A12B: changes role from  FOLLOWER to FOLLOWER at term 469 for recognizeCandidate:9127dd83-037b-4d39-812f-66db56af525a
2019-10-30 05:54:00,697 [grpc-default-executor-2] INFO  impl.RoleInfo (RoleInfo.java:shutdownFollowerState(121)) - 58095e90-3010-492a-9083-43cf2e035c3f: shutdown FollowerState
2019-10-30 05:54:00,697 [grpc-default-executor-0] INFO  impl.RoleInfo (RoleInfo.java:shutdownFollowerState(121)) - 7fae3aed-4e76-4283-a599-f93f794625ab: shutdown FollowerState
2019-10-30 05:54:00,697 [Thread-3063] INFO  impl.FollowerState (FollowerState.java:run(117)) - 58095e90-3010-492a-9083-43cf2e035c3f@group-BCADF287A12B-FollowerState was interrupted: java.lang.InterruptedException: sleep interrupted
2019-10-30 05:54:00,697 [grpc-default-executor-2] INFO  impl.RoleInfo (RoleInfo.java:updateAndGet(143)) - 58095e90-3010-492a-9083-43cf2e035c3f: start FollowerState
2019-10-30 05:54:00,697 [Thread-3062] INFO  impl.FollowerState (FollowerState.java:run(117)) - 7fae3aed-4e76-4283-a599-f93f794625ab@group-BCADF287A12B-FollowerState was interrupted: java.lang.InterruptedException: sleep interrupted
2019-10-30 05:54:00,697 [grpc-default-executor-0] INFO  impl.RoleInfo (RoleInfo.java:updateAndGet(143)) - 7fae3aed-4e76-4283-a599-f93f794625ab: start FollowerState
2019-10-30 05:54:00,711 [9127dd83-037b-4d39-812f-66db56af525a@group-BCADF287A12B-LeaderElection418] INFO  impl.LeaderElection (LeaderElection.java:logAndReturn(56)) - 9127dd83-037b-4d39-812f-66db56af525a@group-BCADF287A12B-LeaderElection418: Election REJECTED; received 2 response(s) [9127dd83-037b-4d39-812f-66db56af525a<-7fae3aed-4e76-4283-a599-f93f794625ab#0:FAIL-t469, 9127dd83-037b-4d39-812f-66db56af525a<-58095e90-3010-492a-9083-43cf2e035c3f#0:FAIL-t469] and 0 exception(s); 9127dd83-037b-4d39-812f-66db56af525a@group-BCADF287A12B:t469, leader=null, voted=9127dd83-037b-4d39-812f-66db56af525a, raftlog=9127dd83-037b-4d39-812f-66db56af525a@group-BCADF287A12B-SegmentedRaftLog:OPENED:c-1,f-1,i0, conf=-1: [7fae3aed-4e76-4283-a599-f93f794625ab:192.168.34.21:41352, 58095e90-3010-492a-9083-43cf2e035c3f:192.168.34.21:45284, 9127dd83-037b-4d39-812f-66db56af525a:192.168.34.21:42063], old=null
2019-10-30 05:54:00,711 [9127dd83-037b-4d39-812f-66db56af525a@group-BCADF287A12B-LeaderElection418] INFO  impl.RaftServerImpl (RaftServerImpl.java:setRole(184)) - 9127dd83-037b-4d39-812f-66db56af525a@group-BCADF287A12B: changes role from CANDIDATE to FOLLOWER at term 469 for DISCOVERED_A_NEW_TERM
2019-10-30 05:54:00,711 [9127dd83-037b-4d39-812f-66db56af525a@group-BCADF287A12B-LeaderElection418] INFO  impl.RoleInfo (RoleInfo.java:shutdownLeaderElection(134)) - 9127dd83-037b-4d39-812f-66db56af525a: shutdown LeaderElection
2019-10-30 05:54:00,711 [9127dd83-037b-4d39-812f-66db56af525a@group-BCADF287A12B-LeaderElection418] INFO  impl.RoleInfo (RoleInfo.java:updateAndGet(143)) - 9127dd83-037b-4d39-812f-66db56af525a: start FollowerState
2019-10-30 05:54:00,728 [Thread-3068] INFO  impl.FollowerState (FollowerState.java:run(108)) - 9127dd83-037b-4d39-812f-66db56af525a@group-BCADF287A12B-FollowerState: change to CANDIDATE, lastRpcTime:16ms, electionTimeout:16ms
2019-10-30 05:54:00,728 [Thread-3068] INFO  impl.RoleInfo (RoleInfo.java:shutdownFollowerState(121)) - 9127dd83-037b-4d39-812f-66db56af525a: shutdown FollowerState
2019-10-30 05:54:00,728 [Thread-3068] INFO  impl.RaftServerImpl (RaftServerImpl.java:setRole(184)) - 9127dd83-037b-4d39-812f-66db56af525a@group-BCADF287A12B: changes role from  FOLLOWER to CANDIDATE at term 469 for changeToCandidate
2019-10-30 05:54:00,728 [Thread-3068] INFO  impl.RoleInfo (RoleInfo.java:updateAndGet(143)) - 9127dd83-037b-4d39-812f-66db56af525a: start LeaderElection
2019-10-30 05:54:00,745 [9127dd83-037b-4d39-812f-66db56af525a@group-BCADF287A12B-LeaderElection419] INFO  impl.LeaderElection (LeaderElection.java:askForVotes(178)) - 9127dd83-037b-4d39-812f-66db56af525a@group-BCADF287A12B-LeaderElection419: begin an election at term 470 for -1: [7fae3aed-4e76-4283-a599-f93f794625ab:192.168.34.21:41352, 58095e90-3010-492a-9083-43cf2e035c3f:192.168.34.21:45284, 9127dd83-037b-4d39-812f-66db56af525a:192.168.34.21:42063], old=null
2019-10-30 05:54:00,747 [grpc-default-executor-2] INFO  impl.RaftServerImpl (RaftServerImpl.java:setRole(184)) - 58095e90-3010-492a-9083-43cf2e035c3f@group-BCADF287A12B: changes role from  FOLLOWER to FOLLOWER at term 470 for recognizeCandidate:9127dd83-037b-4d39-812f-66db56af525a
2019-10-30 05:54:00,747 [grpc-default-executor-0] INFO  impl.RaftServerImpl (RaftServerImpl.java:setRole(184)) - 7fae3aed-4e76-4283-a599-f93f794625ab@group-BCADF287A12B: changes role from  FOLLOWER to FOLLOWER at term 470 for recognizeCandidate:9127dd83-037b-4d39-812f-66db56af525a
2019-10-30 05:54:00,747 [grpc-default-executor-2] INFO  impl.RoleInfo (RoleInfo.java:shutdownFollowerState(121)) - 58095e90-3010-492a-9083-43cf2e035c3f: shutdown FollowerState
2019-10-30 05:54:00,747 [grpc-default-executor-0] INFO  impl.RoleInfo (RoleInfo.java:shutdownFollowerState(121)) - 7fae3aed-4e76-4283-a599-f93f794625ab: shutdown FollowerState
2019-10-30 05:54:00,747 [grpc-default-executor-2] INFO  impl.RoleInfo (RoleInfo.java:updateAndGet(143)) - 58095e90-3010-492a-9083-43cf2e035c3f: start FollowerState
2019-10-30 05:54:00,747 [Thread-3067] INFO  impl.FollowerState (FollowerState.java:run(117)) - 7fae3aed-4e76-4283-a599-f93f794625ab@group-BCADF287A12B-FollowerState was interrupted: java.lang.InterruptedException: sleep interrupted
2019-10-30 05:54:00,747 [Thread-3066] INFO  impl.FollowerState (FollowerState.java:run(117)) - 58095e90-3010-492a-9083-43cf2e035c3f@group-BCADF287A12B-FollowerState was interrupted: java.lang.InterruptedException: sleep interrupted
2019-10-30 05:54:00,747 [grpc-default-executor-0] INFO  impl.RoleInfo (RoleInfo.java:updateAndGet(143)) - 7fae3aed-4e76-4283-a599-f93f794625ab: start FollowerState
2019-10-30 05:54:00,754 [9127dd83-037b-4d39-812f-66db56af525a@group-BCADF287A12B-LeaderElection419] INFO  impl.LeaderElection (LeaderElection.java:logAndReturn(56)) - 9127dd83-037b-4d39-812f-66db56af525a@group-BCADF287A12B-LeaderElection419: Election REJECTED; received 2 response(s) [9127dd83-037b-4d39-812f-66db56af525a<-7fae3aed-4e76-4283-a599-f93f794625ab#0:FAIL-t470, 9127dd83-037b-4d39-812f-66db56af525a<-58095e90-3010-492a-9083-43cf2e035c3f#0:FAIL-t470] and 0 exception(s); 9127dd83-037b-4d39-812f-66db56af525a@group-BCADF287A12B:t470, leader=null, voted=9127dd83-037b-4d39-812f-66db56af525a, raftlog=9127dd83-037b-4d39-812f-66db56af525a@group-BCADF287A12B-SegmentedRaftLog:OPENED:c-1,f-1,i0, conf=-1: [7fae3aed-4e76-4283-a599-f93f794625ab:192.168.34.21:41352, 58095e90-3010-492a-9083-43cf2e035c3f:192.168.34.21:45284, 9127dd83-037b-4d39-812f-66db56af525a:192.168.34.21:42063], old=null
2019-10-30 05:54:00,754 [9127dd83-037b-4d39-812f-66db56af525a@group-BCADF287A12B-LeaderElection419] INFO  impl.RaftServerImpl (RaftServerImpl.java:setRole(184)) - 9127dd83-037b-4d39-812f-66db56af525a@group-BCADF287A12B: changes role from CANDIDATE to FOLLOWER at term 470 for DISCOVERED_A_NEW_TERM
2019-10-30 05:54:00,755 [9127dd83-037b-4d39-812f-66db56af525a@group-BCADF287A12B-LeaderElection419] INFO  impl.RoleInfo (RoleInfo.java:shutdownLeaderElection(134)) - 9127dd83-037b-4d39-812f-66db56af525a: shutdown LeaderElection
2019-10-30 05:54:00,755 [9127dd83-037b-4d39-812f-66db56af525a@group-BCADF287A12B-LeaderElection419] INFO  impl.RoleInfo (RoleInfo.java:updateAndGet(143)) - 9127dd83-037b-4d39-812f-66db56af525a: start FollowerState
2019-10-30 05:54:00,937 [Thread-3074] INFO  impl.FollowerState (FollowerState.java:run(108)) - 9127dd83-037b-4d39-812f-66db56af525a@group-BCADF287A12B-FollowerState: change to CANDIDATE, lastRpcTime:182ms, electionTimeout:182ms
2019-10-30 05:54:00,937 [Thread-3074] INFO  impl.RoleInfo (RoleInfo.java:shutdownFollowerState(121)) - 9127dd83-037b-4d39-812f-66db56af525a: shutdown FollowerState
2019-10-30 05:54:00,937 [Thread-3074] INFO  impl.RaftServerImpl (RaftServerImpl.java:setRole(184)) - 9127dd83-037b-4d39-812f-66db56af525a@group-BCADF287A12B: changes role from  FOLLOWER to CANDIDATE at term 470 for changeToCandidate
2019-10-30 05:54:00,937 [Thread-3074] INFO  impl.RoleInfo (RoleInfo.java:updateAndGet(143)) - 9127dd83-037b-4d39-812f-66db56af525a: start LeaderElection
2019-10-30 05:54:00,951 [9127dd83-037b-4d39-812f-66db56af525a@group-BCADF287A12B-LeaderElection420] INFO  impl.LeaderElection (LeaderElection.java:askForVotes(178)) - 9127dd83-037b-4d39-812f-66db56af525a@group-BCADF287A12B-LeaderElection420: begin an election at term 471 for -1: [7fae3aed-4e76-4283-a599-f93f794625ab:192.168.34.21:41352, 58095e90-3010-492a-9083-43cf2e035c3f:192.168.34.21:45284, 9127dd83-037b-4d39-812f-66db56af525a:192.168.34.21:42063], old=null
2019-10-30 05:54:00,954 [grpc-default-executor-0] INFO  impl.RaftServerImpl (RaftServerImpl.java:setRole(184)) - 58095e90-3010-492a-9083-43cf2e035c3f@group-BCADF287A12B: changes role from  FOLLOWER to FOLLOWER at term 471 for recognizeCandidate:9127dd83-037b-4d39-812f-66db56af525a
2019-10-30 05:54:00,954 [grpc-default-executor-2] INFO  impl.RaftServerImpl (RaftServerImpl.java:setRole(184)) - 7fae3aed-4e76-4283-a599-f93f794625ab@group-BCADF287A12B: changes role from  FOLLOWER to FOLLOWER at term 471 for recognizeCandidate:9127dd83-037b-4d39-812f-66db56af525a
2019-10-30 05:54:00,954 [grpc-default-executor-0] INFO  impl.RoleInfo (RoleInfo.java:shutdownFollowerState(121)) - 58095e90-3010-492a-9083-43cf2e035c3f: shutdown FollowerState
2019-10-30 05:54:00,954 [grpc-default-executor-2] INFO  impl.RoleInfo (RoleInfo.java:shutdownFollowerState(121)) - 7fae3aed-4e76-4283-a599-f93f794625ab: shutdown FollowerState
2019-10-30 05:54:00,954 [Thread-3072] INFO  impl.FollowerState (FollowerState.java:run(117)) - 58095e90-3010-492a-9083-43cf2e035c3f@group-BCADF287A12B-FollowerState was interrupted: java.lang.InterruptedException: sleep interrupted
2019-10-30 05:54:00,954 [grpc-default-executor-0] INFO  impl.RoleInfo (RoleInfo.java:updateAndGet(143)) - 58095e90-3010-492a-9083-43cf2e035c3f: start FollowerState
2019-10-30 05:54:00,954 [Thread-3073] INFO  impl.FollowerState (FollowerState.java:run(117)) - 7fae3aed-4e76-4283-a599-f93f794625ab@group-BCADF287A12B-FollowerState was interrupted: java.lang.InterruptedException: sleep interrupted
2019-10-30 05:54:00,954 [grpc-default-executor-2] INFO  impl.RoleInfo (RoleInfo.java:updateAndGet(143)) - 7fae3aed-4e76-4283-a599-f93f794625ab: start FollowerState
2019-10-30 05:54:00,971 [9127dd83-037b-4d39-812f-66db56af525a@group-BCADF287A12B-LeaderElection420] INFO  impl.LeaderElection (LeaderElection.java:logAndReturn(56)) - 9127dd83-037b-4d39-812f-66db56af525a@group-BCADF287A12B-LeaderElection420: Election REJECTED; received 2 response(s) [9127dd83-037b-4d39-812f-66db56af525a<-7fae3aed-4e76-4283-a599-f93f794625ab#0:FAIL-t471, 9127dd83-037b-4d39-812f-66db56af525a<-58095e90-3010-492a-9083-43cf2e035c3f#0:FAIL-t471] and 0 exception(s); 9127dd83-037b-4d39-812f-66db56af525a@group-BCADF287A12B:t471, leader=null, voted=9127dd83-037b-4d39-812f-66db56af525a, raftlog=9127dd83-037b-4d39-812f-66db56af525a@group-BCADF287A12B-SegmentedRaftLog:OPENED:c-1,f-1,i0, conf=-1: [7fae3aed-4e76-4283-a599-f93f794625ab:192.168.34.21:41352, 58095e90-3010-492a-9083-43cf2e035c3f:192.168.34.21:45284, 9127dd83-037b-4d39-812f-66db56af525a:192.168.34.21:42063], old=null
2019-10-30 05:54:00,971 [9127dd83-037b-4d39-812f-66db56af525a@group-BCADF287A12B-LeaderElection420] INFO  impl.RaftServerImpl (RaftServerImpl.java:setRole(184)) - 9127dd83-037b-4d39-812f-66db56af525a@group-BCADF287A12B: changes role from CANDIDATE to FOLLOWER at term 471 for DISCOVERED_A_NEW_TERM
2019-10-30 05:54:00,971 [9127dd83-037b-4d39-812f-66db56af525a@group-BCADF287A12B-LeaderElection420] INFO  impl.RoleInfo (RoleInfo.java:shutdownLeaderElection(134)) - 9127dd83-037b-4d39-812f-66db56af525a: shutdown LeaderElection
2019-10-30 05:54:00,971 [9127dd83-037b-4d39-812f-66db56af525a@group-BCADF287A12B-LeaderElection420] INFO  impl.RoleInfo (RoleInfo.java:updateAndGet(143)) - 9127dd83-037b-4d39-812f-66db56af525a: start FollowerState
2019-10-30 05:54:01,151 [Thread-3080] INFO  impl.FollowerState (FollowerState.java:run(108)) - 9127dd83-037b-4d39-812f-66db56af525a@group-BCADF287A12B-FollowerState: change to CANDIDATE, lastRpcTime:179ms, electionTimeout:179ms
2019-10-30 05:54:01,151 [Thread-3080] INFO  impl.RoleInfo (RoleInfo.java:shutdownFollowerState(121)) - 9127dd83-037b-4d39-812f-66db56af525a: shutdown FollowerState
2019-10-30 05:54:01,151 [Thread-3080] INFO  impl.RaftServerImpl (RaftServerImpl.java:setRole(184)) - 9127dd83-037b-4d39-812f-66db56af525a@group-BCADF287A12B: changes role from  FOLLOWER to CANDIDATE at term 471 for changeToCandidate
2019-10-30 05:54:01,151 [Thread-3080] INFO  impl.RoleInfo (RoleInfo.java:updateAndGet(143)) - 9127dd83-037b-4d39-812f-66db56af525a: start LeaderElection
2019-10-30 05:54:01,176 [9127dd83-037b-4d39-812f-66db56af525a@group-BCADF287A12B-LeaderElection421] INFO  impl.LeaderElection (LeaderElection.java:askForVotes(178)) - 9127dd83-037b-4d39-812f-66db56af525a@group-BCADF287A12B-LeaderElection421: begin an election at term 472 for -1: [7fae3aed-4e76-4283-a599-f93f794625ab:192.168.34.21:41352, 58095e90-3010-492a-9083-43cf2e035c3f:192.168.34.21:45284, 9127dd83-037b-4d39-812f-66db56af525a:192.168.34.21:42063], old=null
2019-10-30 05:54:01,177 [grpc-default-executor-2] INFO  impl.RaftServerImpl (RaftServerImpl.java:setRole(184)) - 7fae3aed-4e76-4283-a599-f93f794625ab@group-BCADF287A12B: changes role from  FOLLOWER to FOLLOWER at term 472 for recognizeCandidate:9127dd83-037b-4d39-812f-66db56af525a
2019-10-30 05:54:01,177 [grpc-default-executor-2] INFO  impl.RoleInfo (RoleInfo.java:shutdownFollowerState(121)) - 7fae3aed-4e76-4283-a599-f93f794625ab: shutdown FollowerState
2019-10-30 05:54:01,178 [grpc-default-executor-2] INFO  impl.RoleInfo (RoleInfo.java:updateAndGet(143)) - 7fae3aed-4e76-4283-a599-f93f794625ab: start FollowerState
2019-10-30 05:54:01,178 [grpc-default-executor-0] INFO  impl.RaftServerImpl (RaftServerImpl.java:setRole(184)) - 58095e90-3010-492a-9083-43cf2e035c3f@group-BCADF287A12B: changes role from  FOLLOWER to FOLLOWER at term 472 for recognizeCandidate:9127dd83-037b-4d39-812f-66db56af525a
2019-10-30 05:54:01,178 [grpc-default-executor-0] INFO  impl.RoleInfo (RoleInfo.java:shutdownFollowerState(121)) - 58095e90-3010-492a-9083-43cf2e035c3f: shutdown FollowerState
2019-10-30 05:54:01,178 [Thread-3079] INFO  impl.FollowerState (FollowerState.java:run(117)) - 7fae3aed-4e76-4283-a599-f93f794625ab@group-BCADF287A12B-FollowerState was interrupted: java.lang.InterruptedException: sleep interrupted
2019-10-30 05:54:01,178 [Thread-3078] INFO  impl.FollowerState (FollowerState.java:run(117)) - 58095e90-3010-492a-9083-43cf2e035c3f@group-BCADF287A12B-FollowerState was interrupted: java.lang.InterruptedException: sleep interrupted
2019-10-30 05:54:01,178 [grpc-default-executor-0] INFO  impl.RoleInfo (RoleInfo.java:updateAndGet(143)) - 58095e90-3010-492a-9083-43cf2e035c3f: start FollowerState
2019-10-30 05:54:01,191 [9127dd83-037b-4d39-812f-66db56af525a@group-BCADF287A12B-LeaderElection421] INFO  impl.LeaderElection (LeaderElection.java:logAndReturn(56)) - 9127dd83-037b-4d39-812f-66db56af525a@group-BCADF287A12B-LeaderElection421: Election REJECTED; received 2 response(s) [9127dd83-037b-4d39-812f-66db56af525a<-7fae3aed-4e76-4283-a599-f93f794625ab#0:FAIL-t472, 9127dd83-037b-4d39-812f-66db56af525a<-58095e90-3010-492a-9083-43cf2e035c3f#0:FAIL-t472] and 0 exception(s); 9127dd83-037b-4d39-812f-66db56af525a@group-BCADF287A12B:t472, leader=null, voted=9127dd83-037b-4d39-812f-66db56af525a, raftlog=9127dd83-037b-4d39-812f-66db56af525a@group-BCADF287A12B-SegmentedRaftLog:OPENED:c-1,f-1,i0, conf=-1: [7fae3aed-4e76-4283-a599-f93f794625ab:192.168.34.21:41352, 58095e90-3010-492a-9083-43cf2e035c3f:192.168.34.21:45284, 9127dd83-037b-4d39-812f-66db56af525a:192.168.34.21:42063], old=null
2019-10-30 05:54:01,191 [9127dd83-037b-4d39-812f-66db56af525a@group-BCADF287A12B-LeaderElection421] INFO  impl.RaftServerImpl (RaftServerImpl.java:setRole(184)) - 9127dd83-037b-4d39-812f-66db56af525a@group-BCADF287A12B: changes role from CANDIDATE to FOLLOWER at term 472 for DISCOVERED_A_NEW_TERM
2019-10-30 05:54:01,191 [9127dd83-037b-4d39-812f-66db56af525a@group-BCADF287A12B-LeaderElection421] INFO  impl.RoleInfo (RoleInfo.java:shutdownLeaderElection(134)) - 9127dd83-037b-4d39-812f-66db56af525a: shutdown LeaderElection
2019-10-30 05:54:01,191 [9127dd83-037b-4d39-812f-66db56af525a@group-BCADF287A12B-LeaderElection421] INFO  impl.RoleInfo (RoleInfo.java:updateAndGet(143)) - 9127dd83-037b-4d39-812f-66db56af525a: start FollowerState
2019-10-30 05:54:01,369 [Thread-3086] INFO  impl.FollowerState (FollowerState.java:run(108)) - 9127dd83-037b-4d39-812f-66db56af525a@group-BCADF287A12B-FollowerState: change to CANDIDATE, lastRpcTime:178ms, electionTimeout:178ms
2019-10-30 05:54:01,370 [Thread-3086] INFO  impl.RoleInfo (RoleInfo.java:shutdownFollowerState(121)) - 9127dd83-037b-4d39-812f-66db56af525a: shutdown FollowerState
2019-10-30 05:54:01,370 [Thread-3086] INFO  impl.RaftServerImpl (RaftServerImpl.java:setRole(184)) - 9127dd83-037b-4d39-812f-66db56af525a@group-BCADF287A12B: changes role from  FOLLOWER to CANDIDATE at term 472 for changeToCandidate
2019-10-30 05:54:01,370 [Thread-3086] INFO  impl.RoleInfo (RoleInfo.java:updateAndGet(143)) - 9127dd83-037b-4d39-812f-66db56af525a: start LeaderElection
2019-10-30 05:54:01,391 [9127dd83-037b-4d39-812f-66db56af525a@group-BCADF287A12B-LeaderElection422] INFO  impl.LeaderElection (LeaderElection.java:askForVotes(178)) - 9127dd83-037b-4d39-812f-66db56af525a@group-BCADF287A12B-LeaderElection422: begin an election at term 473 for -1: [7fae3aed-4e76-4283-a599-f93f794625ab:192.168.34.21:41352, 58095e90-3010-492a-9083-43cf2e035c3f:192.168.34.21:45284, 9127dd83-037b-4d39-812f-66db56af525a:192.168.34.21:42063], old=null
2019-10-30 05:54:01,393 [9127dd83-037b-4d39-812f-66db56af525a@group-BCADF287A12B-LeaderElection422] INFO  impl.LeaderElection (LeaderElection.java:logAndReturn(56)) - 9127dd83-037b-4d39-812f-66db56af525a@group-BCADF287A12B-LeaderElection422: Election TIMEOUT; received 0 response(s) [] and 0 exception(s); 9127dd83-037b-4d39-812f-66db56af525a@group-BCADF287A12B:t473, leader=null, voted=9127dd83-037b-4d39-812f-66db56af525a, raftlog=9127dd83-037b-4d39-812f-66db56af525a@group-BCADF287A12B-SegmentedRaftLog:OPENED:c-1,f-1,i0, conf=-1: [7fae3aed-4e76-4283-a599-f93f794625ab:192.168.34.21:41352, 58095e90-3010-492a-9083-43cf2e035c3f:192.168.34.21:45284, 9127dd83-037b-4d39-812f-66db56af525a:192.168.34.21:42063], old=null
2019-10-30 05:54:01,393 [grpc-default-executor-2] INFO  impl.RaftServerImpl (RaftServerImpl.java:setRole(184)) - 58095e90-3010-492a-9083-43cf2e035c3f@group-BCADF287A12B: changes role from  FOLLOWER to FOLLOWER at term 473 for recognizeCandidate:9127dd83-037b-4d39-812f-66db56af525a
2019-10-30 05:54:01,393 [grpc-default-executor-2] INFO  impl.RoleInfo (RoleInfo.java:shutdownFollowerState(121)) - 58095e90-3010-492a-9083-43cf2e035c3f: shutdown FollowerState
2019-10-30 05:54:01,393 [grpc-default-executor-0] INFO  impl.RaftServerImpl (RaftServerImpl.java:setRole(184)) - 7fae3aed-4e76-4283-a599-f93f794625ab@group-BCADF287A12B: changes role from  FOLLOWER to FOLLOWER at term 473 for recognizeCandidate:9127dd83-037b-4d39-812f-66db56af525a
2019-10-30 05:54:01,393 [grpc-default-executor-0] INFO  impl.RoleInfo (RoleInfo.java:shutdownFollowerState(121)) - 7fae3aed-4e76-4283-a599-f93f794625ab: shutdown FollowerState
2019-10-30 05:54:01,393 [Thread-3085] INFO  impl.FollowerState (FollowerState.java:run(117)) - 58095e90-3010-492a-9083-43cf2e035c3f@group-BCADF287A12B-FollowerState was interrupted: java.lang.InterruptedException: sleep interrupted
2019-10-30 05:54:01,393 [grpc-default-executor-2] INFO  impl.RoleInfo (RoleInfo.java:updateAndGet(143)) - 58095e90-3010-492a-9083-43cf2e035c3f: start FollowerState
2019-10-30 05:54:01,394 [Thread-3084] INFO  impl.FollowerState (FollowerState.java:run(117)) - 7fae3aed-4e76-4283-a599-f93f794625ab@group-BCADF287A12B-FollowerState was interrupted: java.lang.InterruptedException: sleep interrupted
2019-10-30 05:54:01,393 [grpc-default-executor-0] INFO  impl.RoleInfo (RoleInfo.java:updateAndGet(143)) - 7fae3aed-4e76-4283-a599-f93f794625ab: start FollowerState
2019-10-30 05:54:01,407 [9127dd83-037b-4d39-812f-66db56af525a@group-BCADF287A12B-LeaderElection422] INFO  impl.LeaderElection (LeaderElection.java:askForVotes(178)) - 9127dd83-037b-4d39-812f-66db56af525a@group-BCADF287A12B-LeaderElection422: begin an election at term 474 for -1: [7fae3aed-4e76-4283-a599-f93f794625ab:192.168.34.21:41352, 58095e90-3010-492a-9083-43cf2e035c3f:192.168.34.21:45284, 9127dd83-037b-4d39-812f-66db56af525a:192.168.34.21:42063], old=null
2019-10-30 05:54:01,409 [grpc-default-executor-2] INFO  impl.RaftServerImpl (RaftServerImpl.java:setRole(184)) - 7fae3aed-4e76-4283-a599-f93f794625ab@group-BCADF287A12B: changes role from  FOLLOWER to FOLLOWER at term 474 for recognizeCandidate:9127dd83-037b-4d39-812f-66db56af525a
2019-10-30 05:54:01,409 [grpc-default-executor-2] INFO  impl.RoleInfo (RoleInfo.java:shutdownFollowerState(121)) - 7fae3aed-4e76-4283-a599-f93f794625ab: shutdown FollowerState
2019-10-30 05:54:01,409 [grpc-default-executor-2] INFO  impl.RoleInfo (RoleInfo.java:updateAndGet(143)) - 7fae3aed-4e76-4283-a599-f93f794625ab: start FollowerState
2019-10-30 05:54:01,409 [Thread-3091] INFO  impl.FollowerState (FollowerState.java:run(117)) - 7fae3aed-4e76-4283-a599-f93f794625ab@group-BCADF287A12B-FollowerState was interrupted: java.lang.InterruptedException: sleep interrupted
2019-10-30 05:54:01,410 [grpc-default-executor-0] INFO  impl.RaftServerImpl (RaftServerImpl.java:setRole(184)) - 58095e90-3010-492a-9083-43cf2e035c3f@group-BCADF287A12B: changes role from  FOLLOWER to FOLLOWER at term 474 for recognizeCandidate:9127dd83-037b-4d39-812f-66db56af525a
2019-10-30 05:54:01,410 [grpc-default-executor-0] INFO  impl.RoleInfo (RoleInfo.java:shutdownFollowerState(121)) - 58095e90-3010-492a-9083-43cf2e035c3f: shutdown FollowerState
2019-10-30 05:54:01,410 [grpc-default-executor-0] INFO  impl.RoleInfo (RoleInfo.java:updateAndGet(143)) - 58095e90-3010-492a-9083-43cf2e035c3f: start FollowerState
2019-10-30 05:54:01,410 [Thread-3090] INFO  impl.FollowerState (FollowerState.java:run(117)) - 58095e90-3010-492a-9083-43cf2e035c3f@group-BCADF287A12B-FollowerState was interrupted: java.lang.InterruptedException: sleep interrupted
2019-10-30 05:54:01,423 [9127dd83-037b-4d39-812f-66db56af525a@group-BCADF287A12B-LeaderElection422] INFO  impl.LeaderElection (LeaderElection.java:logAndReturn(56)) - 9127dd83-037b-4d39-812f-66db56af525a@group-BCADF287A12B-LeaderElection422: Election REJECTED; received 2 response(s) [9127dd83-037b-4d39-812f-66db56af525a<-7fae3aed-4e76-4283-a599-f93f794625ab#0:FAIL-t474, 9127dd83-037b-4d39-812f-66db56af525a<-58095e90-3010-492a-9083-43cf2e035c3f#0:FAIL-t474] and 0 exception(s); 9127dd83-037b-4d39-812f-66db56af525a@group-BCADF287A12B:t474, leader=null, voted=9127dd83-037b-4d39-812f-66db56af525a, raftlog=9127dd83-037b-4d39-812f-66db56af525a@group-BCADF287A12B-SegmentedRaftLog:OPENED:c-1,f-1,i0, conf=-1: [7fae3aed-4e76-4283-a599-f93f794625ab:192.168.34.21:41352, 58095e90-3010-492a-9083-43cf2e035c3f:192.168.34.21:45284, 9127dd83-037b-4d39-812f-66db56af525a:192.168.34.21:42063], old=null
2019-10-30 05:54:01,423 [9127dd83-037b-4d39-812f-66db56af525a@group-BCADF287A12B-LeaderElection422] INFO  impl.RaftServerImpl (RaftServerImpl.java:setRole(184)) - 9127dd83-037b-4d39-812f-66db56af525a@group-BCADF287A12B: changes role from CANDIDATE to FOLLOWER at term 474 for DISCOVERED_A_NEW_TERM
2019-10-30 05:54:01,423 [9127dd83-037b-4d39-812f-66db56af525a@group-BCADF287A12B-LeaderElection422] INFO  impl.RoleInfo (RoleInfo.java:shutdownLeaderElection(134)) - 9127dd83-037b-4d39-812f-66db56af525a: shutdown LeaderElection
2019-10-30 05:54:01,424 [9127dd83-037b-4d39-812f-66db56af525a@group-BCADF287A12B-LeaderElection422] INFO  impl.RoleInfo (RoleInfo.java:updateAndGet(143)) - 9127dd83-037b-4d39-812f-66db56af525a: start FollowerState
2019-10-30 05:54:01,525 [Thread-3096] INFO  impl.FollowerState (FollowerState.java:run(108)) - 9127dd83-037b-4d39-812f-66db56af525a@group-BCADF287A12B-FollowerState: change to CANDIDATE, lastRpcTime:101ms, electionTimeout:101ms
2019-10-30 05:54:01,525 [Thread-3096] INFO  impl.RoleInfo (RoleInfo.java:shutdownFollowerState(121)) - 9127dd83-037b-4d39-812f-66db56af525a: shutdown FollowerState
2019-10-30 05:54:01,525 [Thread-3096] INFO  impl.RaftServerImpl (RaftServerImpl.java:setRole(184)) - 9127dd83-037b-4d39-812f-66db56af525a@group-BCADF287A12B: changes role from  FOLLOWER to CANDIDATE at term 474 for changeToCandidate
2019-10-30 05:54:01,525 [Thread-3096] INFO  impl.RoleInfo (RoleInfo.java:updateAndGet(143)) - 9127dd83-037b-4d39-812f-66db56af525a: start LeaderElection
2019-10-30 05:54:01,540 [9127dd83-037b-4d39-812f-66db56af525a@group-BCADF287A12B-LeaderElection423] INFO  impl.LeaderElection (LeaderElection.java:askForVotes(178)) - 9127dd83-037b-4d39-812f-66db56af525a@group-BCADF287A12B-LeaderElection423: begin an election at term 475 for -1: [7fae3aed-4e76-4283-a599-f93f794625ab:192.168.34.21:41352, 58095e90-3010-492a-9083-43cf2e035c3f:192.168.34.21:45284, 9127dd83-037b-4d39-812f-66db56af525a:192.168.34.21:42063], old=null
2019-10-30 05:54:01,541 [grpc-default-executor-0] INFO  impl.RaftServerImpl (RaftServerImpl.java:setRole(184)) - 7fae3aed-4e76-4283-a599-f93f794625ab@group-BCADF287A12B: changes role from  FOLLOWER to FOLLOWER at term 475 for recognizeCandidate:9127dd83-037b-4d39-812f-66db56af525a
2019-10-30 05:54:01,541 [grpc-default-executor-0] INFO  impl.RoleInfo (RoleInfo.java:shutdownFollowerState(121)) - 7fae3aed-4e76-4283-a599-f93f794625ab: shutdown FollowerState
2019-10-30 05:54:01,542 [grpc-default-executor-2] INFO  impl.RaftServerImpl (RaftServerImpl.java:setRole(184)) - 58095e90-3010-492a-9083-43cf2e035c3f@group-BCADF287A12B: changes role from  FOLLOWER to FOLLOWER at term 475 for recognizeCandidate:9127dd83-037b-4d39-812f-66db56af525a
2019-10-30 05:54:01,542 [grpc-default-executor-2] INFO  impl.RoleInfo (RoleInfo.java:shutdownFollowerState(121)) - 58095e90-3010-492a-9083-43cf2e035c3f: shutdown FollowerState
2019-10-30 05:54:01,542 [grpc-default-executor-0] INFO  impl.RoleInfo (RoleInfo.java:updateAndGet(143)) - 7fae3aed-4e76-4283-a599-f93f794625ab: start FollowerState
2019-10-30 05:54:01,542 [Thread-3094] INFO  impl.FollowerState (FollowerState.java:run(117)) - 7fae3aed-4e76-4283-a599-f93f794625ab@group-BCADF287A12B-FollowerState was interrupted: java.lang.InterruptedException: sleep interrupted
2019-10-30 05:54:01,542 [Thread-3095] INFO  impl.FollowerState (FollowerState.java:run(117)) - 58095e90-3010-492a-9083-43cf2e035c3f@group-BCADF287A12B-FollowerState was interrupted: java.lang.InterruptedException: sleep interrupted
2019-10-30 05:54:01,542 [grpc-default-executor-2] INFO  impl.RoleInfo (RoleInfo.java:updateAndGet(143)) - 58095e90-3010-492a-9083-43cf2e035c3f: start FollowerState
2019-10-30 05:54:01,556 [9127dd83-037b-4d39-812f-66db56af525a@group-BCADF287A12B-LeaderElection423] INFO  impl.LeaderElection (LeaderElection.java:logAndReturn(56)) - 9127dd83-037b-4d39-812f-66db56af525a@group-BCADF287A12B-LeaderElection423: Election REJECTED; received 2 response(s) [9127dd83-037b-4d39-812f-66db56af525a<-7fae3aed-4e76-4283-a599-f93f794625ab#0:FAIL-t475, 9127dd83-037b-4d39-812f-66db56af525a<-58095e90-3010-492a-9083-43cf2e035c3f#0:FAIL-t475] and 0 exception(s); 9127dd83-037b-4d39-812f-66db56af525a@group-BCADF287A12B:t475, leader=null, voted=9127dd83-037b-4d39-812f-66db56af525a, raftlog=9127dd83-037b-4d39-812f-66db56af525a@group-BCADF287A12B-SegmentedRaftLog:OPENED:c-1,f-1,i0, conf=-1: [7fae3aed-4e76-4283-a599-f93f794625ab:192.168.34.21:41352, 58095e90-3010-492a-9083-43cf2e035c3f:192.168.34.21:45284, 9127dd83-037b-4d39-812f-66db56af525a:192.168.34.21:42063], old=null
2019-10-30 05:54:01,556 [9127dd83-037b-4d39-812f-66db56af525a@group-BCADF287A12B-LeaderElection423] INFO  impl.RaftServerImpl (RaftServerImpl.java:setRole(184)) - 9127dd83-037b-4d39-812f-66db56af525a@group-BCADF287A12B: changes role from CANDIDATE to FOLLOWER at term 475 for DISCOVERED_A_NEW_TERM
2019-10-30 05:54:01,556 [9127dd83-037b-4d39-812f-66db56af525a@group-BCADF287A12B-LeaderElection423] INFO  impl.RoleInfo (RoleInfo.java:shutdownLeaderElection(134)) - 9127dd83-037b-4d39-812f-66db56af525a: shutdown LeaderElection
2019-10-30 05:54:01,556 [9127dd83-037b-4d39-812f-66db56af525a@group-BCADF287A12B-LeaderElection423] INFO  impl.RoleInfo (RoleInfo.java:updateAndGet(143)) - 9127dd83-037b-4d39-812f-66db56af525a: start FollowerState
2019-10-30 05:54:01,695 [Thread-3102] INFO  impl.FollowerState (FollowerState.java:run(108)) - 9127dd83-037b-4d39-812f-66db56af525a@group-BCADF287A12B-FollowerState: change to CANDIDATE, lastRpcTime:138ms, electionTimeout:138ms
2019-10-30 05:54:01,695 [Thread-3102] INFO  impl.RoleInfo (RoleInfo.java:shutdownFollowerState(121)) - 9127dd83-037b-4d39-812f-66db56af525a: shutdown FollowerState
2019-10-30 05:54:01,695 [Thread-3102] INFO  impl.RaftServerImpl (RaftServerImpl.java:setRole(184)) - 9127dd83-037b-4d39-812f-66db56af525a@group-BCADF287A12B: changes role from  FOLLOWER to CANDIDATE at term 475 for changeToCandidate
2019-10-30 05:54:01,695 [Thread-3102] INFO  impl.RoleInfo (RoleInfo.java:updateAndGet(143)) - 9127dd83-037b-4d39-812f-66db56af525a: start LeaderElection
2019-10-30 05:54:01,708 [9127dd83-037b-4d39-812f-66db56af525a@group-BCADF287A12B-LeaderElection424] INFO  impl.LeaderElection (LeaderElection.java:askForVotes(178)) - 9127dd83-037b-4d39-812f-66db56af525a@group-BCADF287A12B-LeaderElection424: begin an election at term 476 for -1: [7fae3aed-4e76-4283-a599-f93f794625ab:192.168.34.21:41352, 58095e90-3010-492a-9083-43cf2e035c3f:192.168.34.21:45284, 9127dd83-037b-4d39-812f-66db56af525a:192.168.34.21:42063], old=null
2019-10-30 05:54:01,710 [grpc-default-executor-0] INFO  impl.RaftServerImpl (RaftServerImpl.java:setRole(184)) - 7fae3aed-4e76-4283-a599-f93f794625ab@group-BCADF287A12B: changes role from  FOLLOWER to FOLLOWER at term 476 for recognizeCandidate:9127dd83-037b-4d39-812f-66db56af525a
2019-10-30 05:54:01,710 [grpc-default-executor-0] INFO  impl.RoleInfo (RoleInfo.java:shutdownFollowerState(121)) - 7fae3aed-4e76-4283-a599-f93f794625ab: shutdown FollowerState
2019-10-30 05:54:01,710 [grpc-default-executor-0] INFO  impl.RoleInfo (RoleInfo.java:updateAndGet(143)) - 7fae3aed-4e76-4283-a599-f93f794625ab: start FollowerState
2019-10-30 05:54:01,710 [Thread-3100] INFO  impl.FollowerState (FollowerState.java:run(117)) - 7fae3aed-4e76-4283-a599-f93f794625ab@group-BCADF287A12B-FollowerState was interrupted: java.lang.InterruptedException: sleep interrupted
2019-10-30 05:54:01,710 [grpc-default-executor-2] INFO  impl.RaftServerImpl (RaftServerImpl.java:setRole(184)) - 58095e90-3010-492a-9083-43cf2e035c3f@group-BCADF287A12B: changes role from  FOLLOWER to FOLLOWER at term 476 for recognizeCandidate:9127dd83-037b-4d39-812f-66db56af525a
2019-10-30 05:54:01,710 [grpc-default-executor-2] INFO  impl.RoleInfo (RoleInfo.java:shutdownFollowerState(121)) - 58095e90-3010-492a-9083-43cf2e035c3f: shutdown FollowerState
2019-10-30 05:54:01,710 [grpc-default-executor-2] INFO  impl.RoleInfo (RoleInfo.java:updateAndGet(143)) - 58095e90-3010-492a-9083-43cf2e035c3f: start FollowerState
2019-10-30 05:54:01,710 [Thread-3101] INFO  impl.FollowerState (FollowerState.java:run(117)) - 58095e90-3010-492a-9083-43cf2e035c3f@group-BCADF287A12B-FollowerState was interrupted: java.lang.InterruptedException: sleep interrupted
2019-10-30 05:54:01,724 [9127dd83-037b-4d39-812f-66db56af525a@group-BCADF287A12B-LeaderElection424] INFO  impl.LeaderElection (LeaderElection.java:logAndReturn(56)) - 9127dd83-037b-4d39-812f-66db56af525a@group-BCADF287A12B-LeaderElection424: Election REJECTED; received 2 response(s) [9127dd83-037b-4d39-812f-66db56af525a<-7fae3aed-4e76-4283-a599-f93f794625ab#0:FAIL-t476, 9127dd83-037b-4d39-812f-66db56af525a<-58095e90-3010-492a-9083-43cf2e035c3f#0:FAIL-t476] and 0 exception(s); 9127dd83-037b-4d39-812f-66db56af525a@group-BCADF287A12B:t476, leader=null, voted=9127dd83-037b-4d39-812f-66db56af525a, raftlog=9127dd83-037b-4d39-812f-66db56af525a@group-BCADF287A12B-SegmentedRaftLog:OPENED:c-1,f-1,i0, conf=-1: [7fae3aed-4e76-4283-a599-f93f794625ab:192.168.34.21:41352, 58095e90-3010-492a-9083-43cf2e035c3f:192.168.34.21:45284, 9127dd83-037b-4d39-812f-66db56af525a:192.168.34.21:42063], old=null
2019-10-30 05:54:01,724 [9127dd83-037b-4d39-812f-66db56af525a@group-BCADF287A12B-LeaderElection424] INFO  impl.RaftServerImpl (RaftServerImpl.java:setRole(184)) - 9127dd83-037b-4d39-812f-66db56af525a@group-BCADF287A12B: changes role from CANDIDATE to FOLLOWER at term 476 for DISCOVERED_A_NEW_TERM
2019-10-30 05:54:01,724 [9127dd83-037b-4d39-812f-66db56af525a@group-BCADF287A12B-LeaderElection424] INFO  impl.RoleInfo (RoleInfo.java:shutdownLeaderElection(134)) - 9127dd83-037b-4d39-812f-66db56af525a: shutdown LeaderElection
2019-10-30 05:54:01,724 [9127dd83-037b-4d39-812f-66db56af525a@group-BCADF287A12B-LeaderElection424] INFO  impl.RoleInfo (RoleInfo.java:updateAndGet(143)) - 9127dd83-037b-4d39-812f-66db56af525a: start FollowerState
2019-10-30 05:54:01,732 [Thread-3110] INFO  impl.FollowerState (FollowerState.java:run(108)) - 9127dd83-037b-4d39-812f-66db56af525a@group-BCADF287A12B-FollowerState: change to CANDIDATE, lastRpcTime:7ms, electionTimeout:7ms
2019-10-30 05:54:01,732 [Thread-3110] INFO  impl.RoleInfo (RoleInfo.java:shutdownFollowerState(121)) - 9127dd83-037b-4d39-812f-66db56af525a: shutdown FollowerState
2019-10-30 05:54:01,732 [Thread-3110] INFO  impl.RaftServerImpl (RaftServerImpl.java:setRole(184)) - 9127dd83-037b-4d39-812f-66db56af525a@group-BCADF287A12B: changes role from  FOLLOWER to CANDIDATE at term 476 for changeToCandidate
2019-10-30 05:54:01,732 [Thread-3110] INFO  impl.RoleInfo (RoleInfo.java:updateAndGet(143)) - 9127dd83-037b-4d39-812f-66db56af525a: start LeaderElection
2019-10-30 05:54:01,745 [9127dd83-037b-4d39-812f-66db56af525a@group-BCADF287A12B-LeaderElection425] INFO  impl.LeaderElection (LeaderElection.java:askForVotes(178)) - 9127dd83-037b-4d39-812f-66db56af525a@group-BCADF287A12B-LeaderElection425: begin an election at term 477 for -1: [7fae3aed-4e76-4283-a599-f93f794625ab:192.168.34.21:41352, 58095e90-3010-492a-9083-43cf2e035c3f:192.168.34.21:45284, 9127dd83-037b-4d39-812f-66db56af525a:192.168.34.21:42063], old=null
2019-10-30 05:54:01,747 [grpc-default-executor-0] INFO  impl.RaftServerImpl (RaftServerImpl.java:setRole(184)) - 7fae3aed-4e76-4283-a599-f93f794625ab@group-BCADF287A12B: changes role from  FOLLOWER to FOLLOWER at term 477 for recognizeCandidate:9127dd83-037b-4d39-812f-66db56af525a
2019-10-30 05:54:01,747 [grpc-default-executor-0] INFO  impl.RoleInfo (RoleInfo.java:shutdownFollowerState(121)) - 7fae3aed-4e76-4283-a599-f93f794625ab: shutdown FollowerState
2019-10-30 05:54:01,747 [grpc-default-executor-1] INFO  impl.RaftServerImpl (RaftServerImpl.java:setRole(184)) - 58095e90-3010-492a-9083-43cf2e035c3f@group-BCADF287A12B: changes role from  FOLLOWER to FOLLOWER at term 477 for recognizeCandidate:9127dd83-037b-4d39-812f-66db56af525a
2019-10-30 05:54:01,747 [grpc-default-executor-1] INFO  impl.RoleInfo (RoleInfo.java:shutdownFollowerState(121)) - 58095e90-3010-492a-9083-43cf2e035c3f: shutdown FollowerState
2019-10-30 05:54:01,747 [Thread-3108] INFO  impl.FollowerState (FollowerState.java:run(117)) - 7fae3aed-4e76-4283-a599-f93f794625ab@group-BCADF287A12B-FollowerState was interrupted: java.lang.InterruptedException: sleep interrupted
2019-10-30 05:54:01,747 [grpc-default-executor-0] INFO  impl.RoleInfo (RoleInfo.java:updateAndGet(143)) - 7fae3aed-4e76-4283-a599-f93f794625ab: start FollowerState
2019-10-30 05:54:01,747 [Thread-3109] INFO  impl.FollowerState (FollowerState.java:run(117)) - 58095e90-3010-492a-9083-43cf2e035c3f@group-BCADF287A12B-FollowerState was interrupted: java.lang.InterruptedException: sleep interrupted
2019-10-30 05:54:01,747 [grpc-default-executor-1] INFO  impl.RoleInfo (RoleInfo.java:updateAndGet(143)) - 58095e90-3010-492a-9083-43cf2e035c3f: start FollowerState
2019-10-30 05:54:01,774 [9127dd83-037b-4d39-812f-66db56af525a@group-BCADF287A12B-LeaderElection425] INFO  impl.LeaderElection (LeaderElection.java:logAndReturn(56)) - 9127dd83-037b-4d39-812f-66db56af525a@group-BCADF287A12B-LeaderElection425: Election REJECTED; received 2 response(s) [9127dd83-037b-4d39-812f-66db56af525a<-7fae3aed-4e76-4283-a599-f93f794625ab#0:FAIL-t477, 9127dd83-037b-4d39-812f-66db56af525a<-58095e90-3010-492a-9083-43cf2e035c3f#0:FAIL-t477] and 0 exception(s); 9127dd83-037b-4d39-812f-66db56af525a@group-BCADF287A12B:t477, leader=null, voted=9127dd83-037b-4d39-812f-66db56af525a, raftlog=9127dd83-037b-4d39-812f-66db56af525a@group-BCADF287A12B-SegmentedRaftLog:OPENED:c-1,f-1,i0, conf=-1: [7fae3aed-4e76-4283-a599-f93f794625ab:192.168.34.21:41352, 58095e90-3010-492a-9083-43cf2e035c3f:192.168.34.21:45284, 9127dd83-037b-4d39-812f-66db56af525a:192.168.34.21:42063], old=null
2019-10-30 05:54:01,775 [9127dd83-037b-4d39-812f-66db56af525a@group-BCADF287A12B-LeaderElection425] INFO  impl.RaftServerImpl (RaftServerImpl.java:setRole(184)) - 9127dd83-037b-4d39-812f-66db56af525a@group-BCADF287A12B: changes role from CANDIDATE to FOLLOWER at term 477 for DISCOVERED_A_NEW_TERM
2019-10-30 05:54:01,775 [9127dd83-037b-4d39-812f-66db56af525a@group-BCADF287A12B-LeaderElection425] INFO  impl.RoleInfo (RoleInfo.java:shutdownLeaderElection(134)) - 9127dd83-037b-4d39-812f-66db56af525a: shutdown LeaderElection
2019-10-30 05:54:01,775 [9127dd83-037b-4d39-812f-66db56af525a@group-BCADF287A12B-LeaderElection425] INFO  impl.RoleInfo (RoleInfo.java:updateAndGet(143)) - 9127dd83-037b-4d39-812f-66db56af525a: start FollowerState
2019-10-30 05:54:01,940 [Thread-3116] INFO  impl.FollowerState (FollowerState.java:run(108)) - 9127dd83-037b-4d39-812f-66db56af525a@group-BCADF287A12B-FollowerState: change to CANDIDATE, lastRpcTime:165ms, electionTimeout:165ms
2019-10-30 05:54:01,940 [Thread-3116] INFO  impl.RoleInfo (RoleInfo.java:shutdownFollowerState(121)) - 9127dd83-037b-4d39-812f-66db56af525a: shutdown FollowerState
2019-10-30 05:54:01,940 [Thread-3116] INFO  impl.RaftServerImpl (RaftServerImpl.java:setRole(184)) - 9127dd83-037b-4d39-812f-66db56af525a@group-BCADF287A12B: changes role from  FOLLOWER to CANDIDATE at term 477 for changeToCandidate
2019-10-30 05:54:01,941 [Thread-3116] INFO  impl.RoleInfo (RoleInfo.java:updateAndGet(143)) - 9127dd83-037b-4d39-812f-66db56af525a: start LeaderElection
2019-10-30 05:54:01,966 [9127dd83-037b-4d39-812f-66db56af525a@group-BCADF287A12B-LeaderElection426] INFO  impl.LeaderElection (LeaderElection.java:askForVotes(178)) - 9127dd83-037b-4d39-812f-66db56af525a@group-BCADF287A12B-LeaderElection426: begin an election at term 478 for -1: [7fae3aed-4e76-4283-a599-f93f794625ab:192.168.34.21:41352, 58095e90-3010-492a-9083-43cf2e035c3f:192.168.34.21:45284, 9127dd83-037b-4d39-812f-66db56af525a:192.168.34.21:42063], old=null
2019-10-30 05:54:01,968 [grpc-default-executor-0] INFO  impl.RaftServerImpl (RaftServerImpl.java:setRole(184)) - 7fae3aed-4e76-4283-a599-f93f794625ab@group-BCADF287A12B: changes role from  FOLLOWER to FOLLOWER at term 478 for recognizeCandidate:9127dd83-037b-4d39-812f-66db56af525a
2019-10-30 05:54:01,968 [grpc-default-executor-1] INFO  impl.RaftServerImpl (RaftServerImpl.java:setRole(184)) - 58095e90-3010-492a-9083-43cf2e035c3f@group-BCADF287A12B: changes role from  FOLLOWER to FOLLOWER at term 478 for recognizeCandidate:9127dd83-037b-4d39-812f-66db56af525a
2019-10-30 05:54:01,968 [grpc-default-executor-1] INFO  impl.RoleInfo (RoleInfo.java:shutdownFollowerState(121)) - 58095e90-3010-492a-9083-43cf2e035c3f: shutdown FollowerState
2019-10-30 05:54:01,968 [grpc-default-executor-0] INFO  impl.RoleInfo (RoleInfo.java:shutdownFollowerState(121)) - 7fae3aed-4e76-4283-a599-f93f794625ab: shutdown FollowerState
2019-10-30 05:54:01,968 [Thread-3115] INFO  impl.FollowerState (FollowerState.java:run(117)) - 58095e90-3010-492a-9083-43cf2e035c3f@group-BCADF287A12B-FollowerState was interrupted: java.lang.InterruptedException: sleep interrupted
2019-10-30 05:54:01,968 [grpc-default-executor-1] INFO  impl.RoleInfo (RoleInfo.java:updateAndGet(143)) - 58095e90-3010-492a-9083-43cf2e035c3f: start FollowerState
2019-10-30 05:54:01,968 [Thread-3114] INFO  impl.FollowerState (FollowerState.java:run(117)) - 7fae3aed-4e76-4283-a599-f93f794625ab@group-BCADF287A12B-FollowerState was interrupted: java.lang.InterruptedException: sleep interrupted
2019-10-30 05:54:01,968 [grpc-default-executor-0] INFO  impl.RoleInfo (RoleInfo.java:updateAndGet(143)) - 7fae3aed-4e76-4283-a599-f93f794625ab: start FollowerState
2019-10-30 05:54:01,982 [9127dd83-037b-4d39-812f-66db56af525a@group-BCADF287A12B-LeaderElection426] INFO  impl.LeaderElection (LeaderElection.java:logAndReturn(56)) - 9127dd83-037b-4d39-812f-66db56af525a@group-BCADF287A12B-LeaderElection426: Election REJECTED; received 2 response(s) [9127dd83-037b-4d39-812f-66db56af525a<-7fae3aed-4e76-4283-a599-f93f794625ab#0:FAIL-t478, 9127dd83-037b-4d39-812f-66db56af525a<-58095e90-3010-492a-9083-43cf2e035c3f#0:FAIL-t478] and 0 exception(s); 9127dd83-037b-4d39-812f-66db56af525a@group-BCADF287A12B:t478, leader=null, voted=9127dd83-037b-4d39-812f-66db56af525a, raftlog=9127dd83-037b-4d39-812f-66db56af525a@group-BCADF287A12B-SegmentedRaftLog:OPENED:c-1,f-1,i0, conf=-1: [7fae3aed-4e76-4283-a599-f93f794625ab:192.168.34.21:41352, 58095e90-3010-492a-9083-43cf2e035c3f:192.168.34.21:45284, 9127dd83-037b-4d39-812f-66db56af525a:192.168.34.21:42063], old=null
2019-10-30 05:54:01,982 [9127dd83-037b-4d39-812f-66db56af525a@group-BCADF287A12B-LeaderElection426] INFO  impl.RaftServerImpl (RaftServerImpl.java:setRole(184)) - 9127dd83-037b-4d39-812f-66db56af525a@group-BCADF287A12B: changes role from CANDIDATE to FOLLOWER at term 478 for DISCOVERED_A_NEW_TERM
2019-10-30 05:54:01,982 [9127dd83-037b-4d39-812f-66db56af525a@group-BCADF287A12B-LeaderElection426] INFO  impl.RoleInfo (RoleInfo.java:shutdownLeaderElection(134)) - 9127dd83-037b-4d39-812f-66db56af525a: shutdown LeaderElection
2019-10-30 05:54:01,982 [9127dd83-037b-4d39-812f-66db56af525a@group-BCADF287A12B-LeaderElection426] INFO  impl.RoleInfo (RoleInfo.java:updateAndGet(143)) - 9127dd83-037b-4d39-812f-66db56af525a: start FollowerState
2019-10-30 05:54:02,127 [Thread-3122] INFO  impl.FollowerState (FollowerState.java:run(108)) - 9127dd83-037b-4d39-812f-66db56af525a@group-BCADF287A12B-FollowerState: change to CANDIDATE, lastRpcTime:144ms, electionTimeout:144ms
2019-10-30 05:54:02,127 [Thread-3122] INFO  impl.RoleInfo (RoleInfo.java:shutdownFollowerState(121)) - 9127dd83-037b-4d39-812f-66db56af525a: shutdown FollowerState
2019-10-30 05:54:02,127 [Thread-3122] INFO  impl.RaftServerImpl (RaftServerImpl.java:setRole(184)) - 9127dd83-037b-4d39-812f-66db56af525a@group-BCADF287A12B: changes role from  FOLLOWER to CANDIDATE at term 478 for changeToCandidate
2019-10-30 05:54:02,127 [Thread-3122] INFO  impl.RoleInfo (RoleInfo.java:updateAndGet(143)) - 9127dd83-037b-4d39-812f-66db56af525a: start LeaderElection
2019-10-30 05:54:02,152 [9127dd83-037b-4d39-812f-66db56af525a@group-BCADF287A12B-LeaderElection427] INFO  impl.LeaderElection (LeaderElection.java:askForVotes(178)) - 9127dd83-037b-4d39-812f-66db56af525a@group-BCADF287A12B-LeaderElection427: begin an election at term 479 for -1: [7fae3aed-4e76-4283-a599-f93f794625ab:192.168.34.21:41352, 58095e90-3010-492a-9083-43cf2e035c3f:192.168.34.21:45284, 9127dd83-037b-4d39-812f-66db56af525a:192.168.34.21:42063], old=null
2019-10-30 05:54:02,154 [grpc-default-executor-0] INFO  impl.RaftServerImpl (RaftServerImpl.java:setRole(184)) - 7fae3aed-4e76-4283-a599-f93f794625ab@group-BCADF287A12B: changes role from  FOLLOWER to FOLLOWER at term 479 for recognizeCandidate:9127dd83-037b-4d39-812f-66db56af525a
2019-10-30 05:54:02,154 [grpc-default-executor-0] INFO  impl.RoleInfo (RoleInfo.java:shutdownFollowerState(121)) - 7fae3aed-4e76-4283-a599-f93f794625ab: shutdown FollowerState
2019-10-30 05:54:02,154 [grpc-default-executor-1] INFO  impl.RaftServerImpl (RaftServerImpl.java:setRole(184)) - 58095e90-3010-492a-9083-43cf2e035c3f@group-BCADF287A12B: changes role from  FOLLOWER to FOLLOWER at term 479 for recognizeCandidate:9127dd83-037b-4d39-812f-66db56af525a
2019-10-30 05:54:02,154 [grpc-default-executor-1] INFO  impl.RoleInfo (RoleInfo.java:shutdownFollowerState(121)) - 58095e90-3010-492a-9083-43cf2e035c3f: shutdown FollowerState
2019-10-30 05:54:02,154 [Thread-3121] INFO  impl.FollowerState (FollowerState.java:run(117)) - 7fae3aed-4e76-4283-a599-f93f794625ab@group-BCADF287A12B-FollowerState was interrupted: java.lang.InterruptedException: sleep interrupted
2019-10-30 05:54:02,155 [Thread-3120] INFO  impl.FollowerState (FollowerState.java:run(117)) - 58095e90-3010-492a-9083-43cf2e035c3f@group-BCADF287A12B-FollowerState was interrupted: java.lang.InterruptedException: sleep interrupted
2019-10-30 05:54:02,154 [grpc-default-executor-0] INFO  impl.RoleInfo (RoleInfo.java:updateAndGet(143)) - 7fae3aed-4e76-4283-a599-f93f794625ab: start FollowerState
2019-10-30 05:54:02,155 [grpc-default-executor-1] INFO  impl.RoleInfo (RoleInfo.java:updateAndGet(143)) - 58095e90-3010-492a-9083-43cf2e035c3f: start FollowerState
2019-10-30 05:54:02,169 [9127dd83-037b-4d39-812f-66db56af525a@group-BCADF287A12B-LeaderElection427] INFO  impl.LeaderElection (LeaderElection.java:logAndReturn(56)) - 9127dd83-037b-4d39-812f-66db56af525a@group-BCADF287A12B-LeaderElection427: Election REJECTED; received 2 response(s) [9127dd83-037b-4d39-812f-66db56af525a<-7fae3aed-4e76-4283-a599-f93f794625ab#0:FAIL-t479, 9127dd83-037b-4d39-812f-66db56af525a<-58095e90-3010-492a-9083-43cf2e035c3f#0:FAIL-t479] and 0 exception(s); 9127dd83-037b-4d39-812f-66db56af525a@group-BCADF287A12B:t479, leader=null, voted=9127dd83-037b-4d39-812f-66db56af525a, raftlog=9127dd83-037b-4d39-812f-66db56af525a@group-BCADF287A12B-SegmentedRaftLog:OPENED:c-1,f-1,i0, conf=-1: [7fae3aed-4e76-4283-a599-f93f794625ab:192.168.34.21:41352, 58095e90-3010-492a-9083-43cf2e035c3f:192.168.34.21:45284, 9127dd83-037b-4d39-812f-66db56af525a:192.168.34.21:42063], old=null
2019-10-30 05:54:02,169 [9127dd83-037b-4d39-812f-66db56af525a@group-BCADF287A12B-LeaderElection427] INFO  impl.RaftServerImpl (RaftServerImpl.java:setRole(184)) - 9127dd83-037b-4d39-812f-66db56af525a@group-BCADF287A12B: changes role from CANDIDATE to FOLLOWER at term 479 for DISCOVERED_A_NEW_TERM
2019-10-30 05:54:02,169 [9127dd83-037b-4d39-812f-66db56af525a@group-BCADF287A12B-LeaderElection427] INFO  impl.RoleInfo (RoleInfo.java:shutdownLeaderElection(134)) - 9127dd83-037b-4d39-812f-66db56af525a: shutdown LeaderElection
2019-10-30 05:54:02,169 [9127dd83-037b-4d39-812f-66db56af525a@group-BCADF287A12B-LeaderElection427] INFO  impl.RoleInfo (RoleInfo.java:updateAndGet(143)) - 9127dd83-037b-4d39-812f-66db56af525a: start FollowerState
2019-10-30 05:54:02,189 [Thread-3128] INFO  impl.FollowerState (FollowerState.java:run(108)) - 9127dd83-037b-4d39-812f-66db56af525a@group-BCADF287A12B-FollowerState: change to CANDIDATE, lastRpcTime:19ms, electionTimeout:19ms
2019-10-30 05:54:02,189 [Thread-3128] INFO  impl.RoleInfo (RoleInfo.java:shutdownFollowerState(121)) - 9127dd83-037b-4d39-812f-66db56af525a: shutdown FollowerState
2019-10-30 05:54:02,189 [Thread-3128] INFO  impl.RaftServerImpl (RaftServerImpl.java:setRole(184)) - 9127dd83-037b-4d39-812f-66db56af525a@group-BCADF287A12B: changes role from  FOLLOWER to CANDIDATE at term 479 for changeToCandidate
2019-10-30 05:54:02,189 [Thread-3128] INFO  impl.RoleInfo (RoleInfo.java:updateAndGet(143)) - 9127dd83-037b-4d39-812f-66db56af525a: start LeaderElection
2019-10-30 05:54:02,201 [9127dd83-037b-4d39-812f-66db56af525a@group-BCADF287A12B-LeaderElection428] INFO  impl.LeaderElection (LeaderElection.java:askForVotes(178)) - 9127dd83-037b-4d39-812f-66db56af525a@group-BCADF287A12B-LeaderElection428: begin an election at term 480 for -1: [7fae3aed-4e76-4283-a599-f93f794625ab:192.168.34.21:41352, 58095e90-3010-492a-9083-43cf2e035c3f:192.168.34.21:45284, 9127dd83-037b-4d39-812f-66db56af525a:192.168.34.21:42063], old=null
2019-10-30 05:54:02,203 [grpc-default-executor-1] INFO  impl.RaftServerImpl (RaftServerImpl.java:setRole(184)) - 7fae3aed-4e76-4283-a599-f93f794625ab@group-BCADF287A12B: changes role from  FOLLOWER to FOLLOWER at term 480 for recognizeCandidate:9127dd83-037b-4d39-812f-66db56af525a
2019-10-30 05:54:02,203 [grpc-default-executor-1] INFO  impl.RoleInfo (RoleInfo.java:shutdownFollowerState(121)) - 7fae3aed-4e76-4283-a599-f93f794625ab: shutdown FollowerState
2019-10-30 05:54:02,203 [grpc-default-executor-0] INFO  impl.RaftServerImpl (RaftServerImpl.java:setRole(184)) - 58095e90-3010-492a-9083-43cf2e035c3f@group-BCADF287A12B: changes role from  FOLLOWER to FOLLOWER at term 480 for recognizeCandidate:9127dd83-037b-4d39-812f-66db56af525a
2019-10-30 05:54:02,204 [grpc-default-executor-0] INFO  impl.RoleInfo (RoleInfo.java:shutdownFollowerState(121)) - 58095e90-3010-492a-9083-43cf2e035c3f: shutdown FollowerState
2019-10-30 05:54:02,203 [Thread-3126] INFO  impl.FollowerState (FollowerState.java:run(117)) - 7fae3aed-4e76-4283-a599-f93f794625ab@group-BCADF287A12B-FollowerState was interrupted: java.lang.InterruptedException: sleep interrupted
2019-10-30 05:54:02,203 [grpc-default-executor-1] INFO  impl.RoleInfo (RoleInfo.java:updateAndGet(143)) - 7fae3aed-4e76-4283-a599-f93f794625ab: start FollowerState
2019-10-30 05:54:02,204 [Thread-3127] INFO  impl.FollowerState (FollowerState.java:run(117)) - 58095e90-3010-492a-9083-43cf2e035c3f@group-BCADF287A12B-FollowerState was interrupted: java.lang.InterruptedException: sleep interrupted
2019-10-30 05:54:02,204 [grpc-default-executor-0] INFO  impl.RoleInfo (RoleInfo.java:updateAndGet(143)) - 58095e90-3010-492a-9083-43cf2e035c3f: start FollowerState
2019-10-30 05:54:02,218 [9127dd83-037b-4d39-812f-66db56af525a@group-BCADF287A12B-LeaderElection428] INFO  impl.LeaderElection (LeaderElection.java:logAndReturn(56)) - 9127dd83-037b-4d39-812f-66db56af525a@group-BCADF287A12B-LeaderElection428: Election REJECTED; received 2 response(s) [9127dd83-037b-4d39-812f-66db56af525a<-7fae3aed-4e76-4283-a599-f93f794625ab#0:FAIL-t480, 9127dd83-037b-4d39-812f-66db56af525a<-58095e90-3010-492a-9083-43cf2e035c3f#0:FAIL-t480] and 0 exception(s); 9127dd83-037b-4d39-812f-66db56af525a@group-BCADF287A12B:t480, leader=null, voted=9127dd83-037b-4d39-812f-66db56af525a, raftlog=9127dd83-037b-4d39-812f-66db56af525a@group-BCADF287A12B-SegmentedRaftLog:OPENED:c-1,f-1,i0, conf=-1: [7fae3aed-4e76-4283-a599-f93f794625ab:192.168.34.21:41352, 58095e90-3010-492a-9083-43cf2e035c3f:192.168.34.21:45284, 9127dd83-037b-4d39-812f-66db56af525a:192.168.34.21:42063], old=null
2019-10-30 05:54:02,218 [9127dd83-037b-4d39-812f-66db56af525a@group-BCADF287A12B-LeaderElection428] INFO  impl.RaftServerImpl (RaftServerImpl.java:setRole(184)) - 9127dd83-037b-4d39-812f-66db56af525a@group-BCADF287A12B: changes role from CANDIDATE to FOLLOWER at term 480 for DISCOVERED_A_NEW_TERM
2019-10-30 05:54:02,218 [9127dd83-037b-4d39-812f-66db56af525a@group-BCADF287A12B-LeaderElection428] INFO  impl.RoleInfo (RoleInfo.java:shutdownLeaderElection(134)) - 9127dd83-037b-4d39-812f-66db56af525a: shutdown LeaderElection
2019-10-30 05:54:02,218 [9127dd83-037b-4d39-812f-66db56af525a@group-BCADF287A12B-LeaderElection428] INFO  impl.RoleInfo (RoleInfo.java:updateAndGet(143)) - 9127dd83-037b-4d39-812f-66db56af525a: start FollowerState
2019-10-30 05:54:02,310 [Thread-3134] INFO  impl.FollowerState (FollowerState.java:run(108)) - 9127dd83-037b-4d39-812f-66db56af525a@group-BCADF287A12B-FollowerState: change to CANDIDATE, lastRpcTime:91ms, electionTimeout:91ms
2019-10-30 05:54:02,310 [Thread-3134] INFO  impl.RoleInfo (RoleInfo.java:shutdownFollowerState(121)) - 9127dd83-037b-4d39-812f-66db56af525a: shutdown FollowerState
2019-10-30 05:54:02,310 [Thread-3134] INFO  impl.RaftServerImpl (RaftServerImpl.java:setRole(184)) - 9127dd83-037b-4d39-812f-66db56af525a@group-BCADF287A12B: changes role from  FOLLOWER to CANDIDATE at term 480 for changeToCandidate
2019-10-30 05:54:02,310 [Thread-3134] INFO  impl.RoleInfo (RoleInfo.java:updateAndGet(143)) - 9127dd83-037b-4d39-812f-66db56af525a: start LeaderElection
2019-10-30 05:54:02,322 [9127dd83-037b-4d39-812f-66db56af525a@group-BCADF287A12B-LeaderElection429] INFO  impl.LeaderElection (LeaderElection.java:askForVotes(178)) - 9127dd83-037b-4d39-812f-66db56af525a@group-BCADF287A12B-LeaderElection429: begin an election at term 481 for -1: [7fae3aed-4e76-4283-a599-f93f794625ab:192.168.34.21:41352, 58095e90-3010-492a-9083-43cf2e035c3f:192.168.34.21:45284, 9127dd83-037b-4d39-812f-66db56af525a:192.168.34.21:42063], old=null
2019-10-30 05:54:02,324 [grpc-default-executor-1] INFO  impl.RaftServerImpl (RaftServerImpl.java:setRole(184)) - 58095e90-3010-492a-9083-43cf2e035c3f@group-BCADF287A12B: changes role from  FOLLOWER to FOLLOWER at term 481 for recognizeCandidate:9127dd83-037b-4d39-812f-66db56af525a
2019-10-30 05:54:02,324 [grpc-default-executor-1] INFO  impl.RoleInfo (RoleInfo.java:shutdownFollowerState(121)) - 58095e90-3010-492a-9083-43cf2e035c3f: shutdown FollowerState
2019-10-30 05:54:02,324 [grpc-default-executor-1] INFO  impl.RoleInfo (RoleInfo.java:updateAndGet(143)) - 58095e90-3010-492a-9083-43cf2e035c3f: start FollowerState
2019-10-30 05:54:02,324 [Thread-3133] INFO  impl.FollowerState (FollowerState.java:run(117)) - 58095e90-3010-492a-9083-43cf2e035c3f@group-BCADF287A12B-FollowerState was interrupted: java.lang.InterruptedException: sleep interrupted
2019-10-30 05:54:02,324 [grpc-default-executor-0] INFO  impl.RaftServerImpl (RaftServerImpl.java:setRole(184)) - 7fae3aed-4e76-4283-a599-f93f794625ab@group-BCADF287A12B: changes role from  FOLLOWER to FOLLOWER at term 481 for recognizeCandidate:9127dd83-037b-4d39-812f-66db56af525a
2019-10-30 05:54:02,324 [grpc-default-executor-0] INFO  impl.RoleInfo (RoleInfo.java:shutdownFollowerState(121)) - 7fae3aed-4e76-4283-a599-f93f794625ab: shutdown FollowerState
2019-10-30 05:54:02,324 [grpc-default-executor-0] INFO  impl.RoleInfo (RoleInfo.java:updateAndGet(143)) - 7fae3aed-4e76-4283-a599-f93f794625ab: start FollowerState
2019-10-30 05:54:02,324 [Thread-3132] INFO  impl.FollowerState (FollowerState.java:run(117)) - 7fae3aed-4e76-4283-a599-f93f794625ab@group-BCADF287A12B-FollowerState was interrupted: java.lang.InterruptedException: sleep interrupted
2019-10-30 05:54:02,338 [9127dd83-037b-4d39-812f-66db56af525a@group-BCADF287A12B-LeaderElection429] INFO  impl.LeaderElection (LeaderElection.java:logAndReturn(56)) - 9127dd83-037b-4d39-812f-66db56af525a@group-BCADF287A12B-LeaderElection429: Election REJECTED; received 2 response(s) [9127dd83-037b-4d39-812f-66db56af525a<-7fae3aed-4e76-4283-a599-f93f794625ab#0:FAIL-t481, 9127dd83-037b-4d39-812f-66db56af525a<-58095e90-3010-492a-9083-43cf2e035c3f#0:FAIL-t481] and 0 exception(s); 9127dd83-037b-4d39-812f-66db56af525a@group-BCADF287A12B:t481, leader=null, voted=9127dd83-037b-4d39-812f-66db56af525a, raftlog=9127dd83-037b-4d39-812f-66db56af525a@group-BCADF287A12B-SegmentedRaftLog:OPENED:c-1,f-1,i0, conf=-1: [7fae3aed-4e76-4283-a599-f93f794625ab:192.168.34.21:41352, 58095e90-3010-492a-9083-43cf2e035c3f:192.168.34.21:45284, 9127dd83-037b-4d39-812f-66db56af525a:192.168.34.21:42063], old=null
2019-10-30 05:54:02,338 [main] INFO  ozone.MiniOzoneClusterImpl (MiniOzoneClusterImpl.java:shutdown(314)) - Shutting down the Mini Ozone Cluster
2019-10-30 05:54:02,339 [9127dd83-037b-4d39-812f-66db56af525a@group-BCADF287A12B-LeaderElection429] INFO  impl.RaftServerImpl (RaftServerImpl.java:setRole(184)) - 9127dd83-037b-4d39-812f-66db56af525a@group-BCADF287A12B: changes role from CANDIDATE to FOLLOWER at term 481 for DISCOVERED_A_NEW_TERM
2019-10-30 05:54:02,339 [9127dd83-037b-4d39-812f-66db56af525a@group-BCADF287A12B-LeaderElection429] INFO  impl.RoleInfo (RoleInfo.java:shutdownLeaderElection(134)) - 9127dd83-037b-4d39-812f-66db56af525a: shutdown LeaderElection
2019-10-30 05:54:02,339 [9127dd83-037b-4d39-812f-66db56af525a@group-BCADF287A12B-LeaderElection429] INFO  impl.RoleInfo (RoleInfo.java:updateAndGet(143)) - 9127dd83-037b-4d39-812f-66db56af525a: start FollowerState
2019-10-30 05:54:02,339 [main] INFO  ozone.MiniOzoneClusterImpl (MiniOzoneClusterImpl.java:stop(330)) - Stopping the Mini Ozone Cluster
2019-10-30 05:54:02,339 [main] INFO  ozone.MiniOzoneClusterImpl (MiniOzoneClusterImpl.java:stopOM(400)) - Stopping the OzoneManager
2019-10-30 05:54:02,339 [main] INFO  ipc.Server (Server.java:stop(3082)) - Stopping server on 36330
2019-10-30 05:54:02,345 [IPC Server listener on 36330] INFO  ipc.Server (Server.java:run(1185)) - Stopping IPC Server listener on 36330
2019-10-30 05:54:02,345 [IPC Server Responder] INFO  ipc.Server (Server.java:run(1319)) - Stopping IPC Server Responder
2019-10-30 05:54:02,353 [main] INFO  impl.RaftServerProxy (RaftServerProxy.java:lambda$close$4(314)) - 720d67e8-e1c6-4901-991b-69b659b48f36: close
2019-10-30 05:54:02,362 [main] INFO  impl.RaftServerImpl (RaftServerImpl.java:lambda$shutdown$3(261)) - 720d67e8-e1c6-4901-991b-69b659b48f36@group-C5BA1605619E: shutdown
2019-10-30 05:54:02,362 [Thread-300] WARN  io.KeyOutputStream (KeyOutputStream.java:handleException(274)) - Encountered exception java.io.IOException: Unexpected Storage Container Exception: java.lang.InterruptedException on the pipeline Pipeline[ Id: f296a12d-160e-40a6-852b-bcadf287a12b, Nodes: 58095e90-3010-492a-9083-43cf2e035c3f{ip: 192.168.34.21, host: pr-hdds-1643-9kfsj-1164326334, networkLocation: /rack1, certSerialId: null}9127dd83-037b-4d39-812f-66db56af525a{ip: 192.168.34.21, host: pr-hdds-1643-9kfsj-1164326334, networkLocation: /rack1, certSerialId: null}7fae3aed-4e76-4283-a599-f93f794625ab{ip: 192.168.34.21, host: pr-hdds-1643-9kfsj-1164326334, networkLocation: /rack1, certSerialId: null}, Type:RATIS, Factor:THREE, State:OPEN]. The last committed block length is 0, uncommitted data length is 12 retry count 0
2019-10-30 05:54:02,363 [main] INFO  util.JmxRegister (JmxRegister.java:unregister(73)) - Successfully un-registered JMX Bean with object name Ratis:service=RaftServer,group=group-C5BA1605619E,id=720d67e8-e1c6-4901-991b-69b659b48f36
2019-10-30 05:54:02,363 [main] INFO  impl.RoleInfo (RoleInfo.java:shutdownLeaderState(104)) - 720d67e8-e1c6-4901-991b-69b659b48f36: shutdown LeaderState
2019-10-30 05:54:02,363 [main] INFO  impl.PendingRequests (PendingRequests.java:sendNotLeaderResponses(202)) - 720d67e8-e1c6-4901-991b-69b659b48f36@group-C5BA1605619E-PendingRequests: sendNotLeaderResponses
2019-10-30 05:54:02,367 [main] INFO  impl.StateMachineUpdater (StateMachineUpdater.java:stopAndJoin(136)) - 720d67e8-e1c6-4901-991b-69b659b48f36@group-C5BA1605619E-StateMachineUpdater: set stopIndex = 6
2019-10-30 05:54:02,367 [720d67e8-e1c6-4901-991b-69b659b48f36@group-C5BA1605619E-StateMachineUpdater] INFO  ratis.OzoneManagerStateMachine (OzoneManagerStateMachine.java:takeSnapshot(254)) - Saving Ratis snapshot on the OM.
2019-10-30 05:54:02,368 [Thread-300] INFO  io.BlockOutputStreamEntryPool (BlockOutputStreamEntryPool.java:allocateNewBlock(257)) - Allocating block with ExcludeList {datanodes = [], containerIds = [], pipelineIds = [PipelineID=f296a12d-160e-40a6-852b-bcadf287a12b]}
2019-10-30 05:54:02,376 [720d67e8-e1c6-4901-991b-69b659b48f36@group-C5BA1605619E-StateMachineUpdater] INFO  ratis.OMRatisSnapshotInfo (OMRatisSnapshotInfo.java:saveRatisSnapshotToDisk(107)) - Saved Ratis Snapshot on the OM with snapshotIndex 5
2019-10-30 05:54:02,383 [720d67e8-e1c6-4901-991b-69b659b48f36@group-C5BA1605619E-StateMachineUpdater] INFO  impl.StateMachineUpdater (StateMachineUpdater.java:takeSnapshot(269)) - 720d67e8-e1c6-4901-991b-69b659b48f36@group-C5BA1605619E-StateMachineUpdater: Took a snapshot at index 5
2019-10-30 05:54:02,389 [720d67e8-e1c6-4901-991b-69b659b48f36@group-C5BA1605619E-StateMachineUpdater] INFO  impl.StateMachineUpdater (StateMachineUpdater.java:lambda$new$0(84)) - 720d67e8-e1c6-4901-991b-69b659b48f36@group-C5BA1605619E-StateMachineUpdater: snapshotIndex: updateIncreasingly -1 -> 5
2019-10-30 05:54:02,395 [720d67e8-e1c6-4901-991b-69b659b48f36@group-C5BA1605619E-StateMachineUpdater] INFO  ratis.OzoneManagerStateMachine (OzoneManagerStateMachine.java:takeSnapshot(254)) - Saving Ratis snapshot on the OM.
2019-10-30 05:54:02,396 [720d67e8-e1c6-4901-991b-69b659b48f36@group-C5BA1605619E-StateMachineUpdater] INFO  ratis.OMRatisSnapshotInfo (OMRatisSnapshotInfo.java:saveRatisSnapshotToDisk(107)) - Saved Ratis Snapshot on the OM with snapshotIndex 5
2019-10-30 05:54:02,396 [720d67e8-e1c6-4901-991b-69b659b48f36@group-C5BA1605619E-StateMachineUpdater] INFO  impl.StateMachineUpdater (StateMachineUpdater.java:takeSnapshot(269)) - 720d67e8-e1c6-4901-991b-69b659b48f36@group-C5BA1605619E-StateMachineUpdater: Took a snapshot at index 5
2019-10-30 05:54:02,396 [720d67e8-e1c6-4901-991b-69b659b48f36@group-C5BA1605619E-StateMachineUpdater] INFO  impl.StateMachineUpdater (StateMachineUpdater.java:lambda$new$0(84)) - 720d67e8-e1c6-4901-991b-69b659b48f36@group-C5BA1605619E-StateMachineUpdater: snapshotIndex: updateIncreasingly 5 -> 5
2019-10-30 05:54:02,397 [main] INFO  impl.RaftServerImpl (ServerState.java:close(388)) - 720d67e8-e1c6-4901-991b-69b659b48f36@group-C5BA1605619E: closes. applyIndex: 6
2019-10-30 05:54:02,399 [720d67e8-e1c6-4901-991b-69b659b48f36@group-C5BA1605619E-SegmentedRaftLogWorker] INFO  segmented.SegmentedRaftLogWorker (SegmentedRaftLogWorker.java:run(316)) - 720d67e8-e1c6-4901-991b-69b659b48f36@group-C5BA1605619E-SegmentedRaftLogWorker was interrupted, exiting. There are 0 tasks remaining in the queue.
2019-10-30 05:54:02,400 [main] INFO  segmented.SegmentedRaftLogWorker (SegmentedRaftLogWorker.java:close(224)) - 720d67e8-e1c6-4901-991b-69b659b48f36@group-C5BA1605619E-SegmentedRaftLogWorker close()
2019-10-30 05:54:02,402 [main] INFO  server.GrpcService (GrpcService.java:closeImpl(164)) - 720d67e8-e1c6-4901-991b-69b659b48f36: shutdown server with port 9872 now
2019-10-30 05:54:02,404 [main] INFO  server.GrpcService (GrpcService.java:closeImpl(172)) - 720d67e8-e1c6-4901-991b-69b659b48f36: shutdown server with port 9872 successfully
2019-10-30 05:54:02,404 [main] INFO  ratis.OzoneManagerDoubleBuffer (OzoneManagerDoubleBuffer.java:stop(250)) - Stopping OMDoubleBuffer flush thread
2019-10-30 05:54:02,404 [OMDoubleBufferFlushThread] INFO  ratis.OzoneManagerDoubleBuffer (OzoneManagerDoubleBuffer.java:flushTransactions(193)) - OMDoubleBuffer flush thread OMDoubleBufferFlushThread is interrupted and will exit. OMDoubleBufferFlushThread
2019-10-30 05:54:02,405 [main] INFO  utils.BackgroundService (BackgroundService.java:shutdown(151)) - Shutting down service KeyDeletingService
2019-10-30 05:54:02,409 [main] INFO  handler.ContextHandler (ContextHandler.java:doStop(910)) - Stopped o.e.j.w.WebAppContext@5633dafd{/,null,UNAVAILABLE}{/ozoneManager}
2019-10-30 05:54:02,414 [main] INFO  server.AbstractConnector (AbstractConnector.java:doStop(318)) - Stopped ServerConnector@5d5160e6{HTTP/1.1,[http/1.1]}{0.0.0.0:0}
2019-10-30 05:54:02,414 [main] INFO  handler.ContextHandler (ContextHandler.java:doStop(910)) - Stopped o.e.j.s.ServletContextHandler@2caa5d7c{/static,file:///workdir/hadoop-ozone/integration-test/target/test-classes/webapps/static,UNAVAILABLE}
2019-10-30 05:54:02,414 [main] INFO  handler.ContextHandler (ContextHandler.java:doStop(910)) - Stopped o.e.j.s.ServletContextHandler@5fe7f967{/logs,file:///workdir/hadoop-ozone/integration-test/target/log,UNAVAILABLE}
2019-10-30 05:54:02,417 [main] INFO  ozone.MiniOzoneClusterImpl (MiniOzoneClusterImpl.java:stopDatanodes(377)) - Stopping the HddsDatanodes
2019-10-30 05:54:02,523 [Thread-3140] INFO  impl.FollowerState (FollowerState.java:run(108)) - 9127dd83-037b-4d39-812f-66db56af525a@group-BCADF287A12B-FollowerState: change to CANDIDATE, lastRpcTime:184ms, electionTimeout:184ms
2019-10-30 05:54:02,523 [Thread-3140] INFO  impl.RoleInfo (RoleInfo.java:shutdownFollowerState(121)) - 9127dd83-037b-4d39-812f-66db56af525a: shutdown FollowerState
2019-10-30 05:54:02,523 [Thread-3140] INFO  impl.RaftServerImpl (RaftServerImpl.java:setRole(184)) - 9127dd83-037b-4d39-812f-66db56af525a@group-BCADF287A12B: changes role from  FOLLOWER to CANDIDATE at term 481 for changeToCandidate
2019-10-30 05:54:02,524 [Thread-3140] INFO  impl.RoleInfo (RoleInfo.java:updateAndGet(143)) - 9127dd83-037b-4d39-812f-66db56af525a: start LeaderElection
2019-10-30 05:54:02,557 [9127dd83-037b-4d39-812f-66db56af525a@group-BCADF287A12B-LeaderElection430] INFO  impl.LeaderElection (LeaderElection.java:askForVotes(178)) - 9127dd83-037b-4d39-812f-66db56af525a@group-BCADF287A12B-LeaderElection430: begin an election at term 482 for -1: [7fae3aed-4e76-4283-a599-f93f794625ab:192.168.34.21:41352, 58095e90-3010-492a-9083-43cf2e035c3f:192.168.34.21:45284, 9127dd83-037b-4d39-812f-66db56af525a:192.168.34.21:42063], old=null
2019-10-30 05:54:02,563 [grpc-default-executor-0] INFO  impl.RaftServerImpl (RaftServerImpl.java:setRole(184)) - 7fae3aed-4e76-4283-a599-f93f794625ab@group-BCADF287A12B: changes role from  FOLLOWER to FOLLOWER at term 482 for recognizeCandidate:9127dd83-037b-4d39-812f-66db56af525a
2019-10-30 05:54:02,563 [grpc-default-executor-0] INFO  impl.RoleInfo (RoleInfo.java:shutdownFollowerState(121)) - 7fae3aed-4e76-4283-a599-f93f794625ab: shutdown FollowerState
2019-10-30 05:54:02,563 [grpc-default-executor-1] INFO  impl.RaftServerImpl (RaftServerImpl.java:setRole(184)) - 58095e90-3010-492a-9083-43cf2e035c3f@group-BCADF287A12B: changes role from  FOLLOWER to FOLLOWER at term 482 for recognizeCandidate:9127dd83-037b-4d39-812f-66db56af525a
2019-10-30 05:54:02,564 [grpc-default-executor-1] INFO  impl.RoleInfo (RoleInfo.java:shutdownFollowerState(121)) - 58095e90-3010-492a-9083-43cf2e035c3f: shutdown FollowerState
2019-10-30 05:54:02,569 [grpc-default-executor-1] INFO  impl.RoleInfo (RoleInfo.java:updateAndGet(143)) - 58095e90-3010-492a-9083-43cf2e035c3f: start FollowerState
2019-10-30 05:54:02,569 [Thread-3139] INFO  impl.FollowerState (FollowerState.java:run(117)) - 7fae3aed-4e76-4283-a599-f93f794625ab@group-BCADF287A12B-FollowerState was interrupted: java.lang.InterruptedException: sleep interrupted
2019-10-30 05:54:02,569 [grpc-default-executor-0] INFO  impl.RoleInfo (RoleInfo.java:updateAndGet(143)) - 7fae3aed-4e76-4283-a599-f93f794625ab: start FollowerState
2019-10-30 05:54:02,569 [Thread-3138] INFO  impl.FollowerState (FollowerState.java:run(117)) - 58095e90-3010-492a-9083-43cf2e035c3f@group-BCADF287A12B-FollowerState was interrupted: java.lang.InterruptedException: sleep interrupted
2019-10-30 05:54:02,597 [9127dd83-037b-4d39-812f-66db56af525a@group-BCADF287A12B-LeaderElection430] INFO  impl.LeaderElection (LeaderElection.java:logAndReturn(56)) - 9127dd83-037b-4d39-812f-66db56af525a@group-BCADF287A12B-LeaderElection430: Election REJECTED; received 2 response(s) [9127dd83-037b-4d39-812f-66db56af525a<-7fae3aed-4e76-4283-a599-f93f794625ab#0:FAIL-t482, 9127dd83-037b-4d39-812f-66db56af525a<-58095e90-3010-492a-9083-43cf2e035c3f#0:FAIL-t482] and 0 exception(s); 9127dd83-037b-4d39-812f-66db56af525a@group-BCADF287A12B:t482, leader=null, voted=9127dd83-037b-4d39-812f-66db56af525a, raftlog=9127dd83-037b-4d39-812f-66db56af525a@group-BCADF287A12B-SegmentedRaftLog:OPENED:c-1,f-1,i0, conf=-1: [7fae3aed-4e76-4283-a599-f93f794625ab:192.168.34.21:41352, 58095e90-3010-492a-9083-43cf2e035c3f:192.168.34.21:45284, 9127dd83-037b-4d39-812f-66db56af525a:192.168.34.21:42063], old=null
2019-10-30 05:54:02,597 [9127dd83-037b-4d39-812f-66db56af525a@group-BCADF287A12B-LeaderElection430] INFO  impl.RaftServerImpl (RaftServerImpl.java:setRole(184)) - 9127dd83-037b-4d39-812f-66db56af525a@group-BCADF287A12B: changes role from CANDIDATE to FOLLOWER at term 482 for DISCOVERED_A_NEW_TERM
2019-10-30 05:54:02,597 [9127dd83-037b-4d39-812f-66db56af525a@group-BCADF287A12B-LeaderElection430] INFO  impl.RoleInfo (RoleInfo.java:shutdownLeaderElection(134)) - 9127dd83-037b-4d39-812f-66db56af525a: shutdown LeaderElection
2019-10-30 05:54:02,597 [9127dd83-037b-4d39-812f-66db56af525a@group-BCADF287A12B-LeaderElection430] INFO  impl.RoleInfo (RoleInfo.java:updateAndGet(143)) - 9127dd83-037b-4d39-812f-66db56af525a: start FollowerState
2019-10-30 05:54:02,791 [Thread-3148] INFO  impl.FollowerState (FollowerState.java:run(108)) - 9127dd83-037b-4d39-812f-66db56af525a@group-BCADF287A12B-FollowerState: change to CANDIDATE, lastRpcTime:193ms, electionTimeout:193ms
2019-10-30 05:54:02,791 [Thread-3148] INFO  impl.RoleInfo (RoleInfo.java:shutdownFollowerState(121)) - 9127dd83-037b-4d39-812f-66db56af525a: shutdown FollowerState
2019-10-30 05:54:02,791 [Thread-3148] INFO  impl.RaftServerImpl (RaftServerImpl.java:setRole(184)) - 9127dd83-037b-4d39-812f-66db56af525a@group-BCADF287A12B: changes role from  FOLLOWER to CANDIDATE at term 482 for changeToCandidate
2019-10-30 05:54:02,791 [Thread-3148] INFO  impl.RoleInfo (RoleInfo.java:updateAndGet(143)) - 9127dd83-037b-4d39-812f-66db56af525a: start LeaderElection
2019-10-30 05:54:02,816 [9127dd83-037b-4d39-812f-66db56af525a@group-BCADF287A12B-LeaderElection431] INFO  impl.LeaderElection (LeaderElection.java:askForVotes(178)) - 9127dd83-037b-4d39-812f-66db56af525a@group-BCADF287A12B-LeaderElection431: begin an election at term 483 for -1: [7fae3aed-4e76-4283-a599-f93f794625ab:192.168.34.21:41352, 58095e90-3010-492a-9083-43cf2e035c3f:192.168.34.21:45284, 9127dd83-037b-4d39-812f-66db56af525a:192.168.34.21:42063], old=null
2019-10-30 05:54:02,818 [grpc-default-executor-0] INFO  impl.RaftServerImpl (RaftServerImpl.java:setRole(184)) - 58095e90-3010-492a-9083-43cf2e035c3f@group-BCADF287A12B: changes role from  FOLLOWER to FOLLOWER at term 483 for recognizeCandidate:9127dd83-037b-4d39-812f-66db56af525a
2019-10-30 05:54:02,818 [grpc-default-executor-0] INFO  impl.RoleInfo (RoleInfo.java:shutdownFollowerState(121)) - 58095e90-3010-492a-9083-43cf2e035c3f: shutdown FollowerState
2019-10-30 05:54:02,818 [grpc-default-executor-0] INFO  impl.RoleInfo (RoleInfo.java:updateAndGet(143)) - 58095e90-3010-492a-9083-43cf2e035c3f: start FollowerState
2019-10-30 05:54:02,819 [Thread-3146] INFO  impl.FollowerState (FollowerState.java:run(117)) - 58095e90-3010-492a-9083-43cf2e035c3f@group-BCADF287A12B-FollowerState was interrupted: java.lang.InterruptedException: sleep interrupted
2019-10-30 05:54:02,818 [grpc-default-executor-1] INFO  impl.RaftServerImpl (RaftServerImpl.java:setRole(184)) - 7fae3aed-4e76-4283-a599-f93f794625ab@group-BCADF287A12B: changes role from  FOLLOWER to FOLLOWER at term 483 for recognizeCandidate:9127dd83-037b-4d39-812f-66db56af525a
2019-10-30 05:54:02,819 [grpc-default-executor-1] INFO  impl.RoleInfo (RoleInfo.java:shutdownFollowerState(121)) - 7fae3aed-4e76-4283-a599-f93f794625ab: shutdown FollowerState
2019-10-30 05:54:02,819 [grpc-default-executor-1] INFO  impl.RoleInfo (RoleInfo.java:updateAndGet(143)) - 7fae3aed-4e76-4283-a599-f93f794625ab: start FollowerState
2019-10-30 05:54:02,819 [Thread-3147] INFO  impl.FollowerState (FollowerState.java:run(117)) - 7fae3aed-4e76-4283-a599-f93f794625ab@group-BCADF287A12B-FollowerState was interrupted: java.lang.InterruptedException: sleep interrupted
2019-10-30 05:54:02,894 [9127dd83-037b-4d39-812f-66db56af525a@group-BCADF287A12B-LeaderElection431] INFO  impl.LeaderElection (LeaderElection.java:logAndReturn(56)) - 9127dd83-037b-4d39-812f-66db56af525a@group-BCADF287A12B-LeaderElection431: Election TIMEOUT; received 0 response(s) [] and 0 exception(s); 9127dd83-037b-4d39-812f-66db56af525a@group-BCADF287A12B:t483, leader=null, voted=9127dd83-037b-4d39-812f-66db56af525a, raftlog=9127dd83-037b-4d39-812f-66db56af525a@group-BCADF287A12B-SegmentedRaftLog:OPENED:c-1,f-1,i0, conf=-1: [7fae3aed-4e76-4283-a599-f93f794625ab:192.168.34.21:41352, 58095e90-3010-492a-9083-43cf2e035c3f:192.168.34.21:45284, 9127dd83-037b-4d39-812f-66db56af525a:192.168.34.21:42063], old=null
2019-10-30 05:54:03,052 [9127dd83-037b-4d39-812f-66db56af525a@group-BCADF287A12B-LeaderElection431] INFO  impl.LeaderElection (LeaderElection.java:askForVotes(178)) - 9127dd83-037b-4d39-812f-66db56af525a@group-BCADF287A12B-LeaderElection431: begin an election at term 484 for -1: [7fae3aed-4e76-4283-a599-f93f794625ab:192.168.34.21:41352, 58095e90-3010-492a-9083-43cf2e035c3f:192.168.34.21:45284, 9127dd83-037b-4d39-812f-66db56af525a:192.168.34.21:42063], old=null
2019-10-30 05:54:03,054 [grpc-default-executor-0] INFO  impl.RaftServerImpl (RaftServerImpl.java:setRole(184)) - 7fae3aed-4e76-4283-a599-f93f794625ab@group-BCADF287A12B: changes role from  FOLLOWER to FOLLOWER at term 484 for recognizeCandidate:9127dd83-037b-4d39-812f-66db56af525a
2019-10-30 05:54:03,054 [grpc-default-executor-1] INFO  impl.RaftServerImpl (RaftServerImpl.java:setRole(184)) - 58095e90-3010-492a-9083-43cf2e035c3f@group-BCADF287A12B: changes role from  FOLLOWER to FOLLOWER at term 484 for recognizeCandidate:9127dd83-037b-4d39-812f-66db56af525a
2019-10-30 05:54:03,054 [grpc-default-executor-0] INFO  impl.RoleInfo (RoleInfo.java:shutdownFollowerState(121)) - 7fae3aed-4e76-4283-a599-f93f794625ab: shutdown FollowerState
2019-10-30 05:54:03,054 [grpc-default-executor-1] INFO  impl.RoleInfo (RoleInfo.java:shutdownFollowerState(121)) - 58095e90-3010-492a-9083-43cf2e035c3f: shutdown FollowerState
2019-10-30 05:54:03,054 [Thread-3155] INFO  impl.FollowerState (FollowerState.java:run(117)) - 7fae3aed-4e76-4283-a599-f93f794625ab@group-BCADF287A12B-FollowerState was interrupted: java.lang.InterruptedException: sleep interrupted
2019-10-30 05:54:03,054 [grpc-default-executor-0] INFO  impl.RoleInfo (RoleInfo.java:updateAndGet(143)) - 7fae3aed-4e76-4283-a599-f93f794625ab: start FollowerState
2019-10-30 05:54:03,054 [Thread-3154] INFO  impl.FollowerState (FollowerState.java:run(117)) - 58095e90-3010-492a-9083-43cf2e035c3f@group-BCADF287A12B-FollowerState was interrupted: java.lang.InterruptedException: sleep interrupted
2019-10-30 05:54:03,054 [grpc-default-executor-1] INFO  impl.RoleInfo (RoleInfo.java:updateAndGet(143)) - 58095e90-3010-492a-9083-43cf2e035c3f: start FollowerState
2019-10-30 05:54:03,076 [9127dd83-037b-4d39-812f-66db56af525a@group-BCADF287A12B-LeaderElection431] INFO  impl.LeaderElection (LeaderElection.java:logAndReturn(56)) - 9127dd83-037b-4d39-812f-66db56af525a@group-BCADF287A12B-LeaderElection431: Election REJECTED; received 2 response(s) [9127dd83-037b-4d39-812f-66db56af525a<-7fae3aed-4e76-4283-a599-f93f794625ab#0:FAIL-t484, 9127dd83-037b-4d39-812f-66db56af525a<-58095e90-3010-492a-9083-43cf2e035c3f#0:FAIL-t484] and 0 exception(s); 9127dd83-037b-4d39-812f-66db56af525a@group-BCADF287A12B:t484, leader=null, voted=9127dd83-037b-4d39-812f-66db56af525a, raftlog=9127dd83-037b-4d39-812f-66db56af525a@group-BCADF287A12B-SegmentedRaftLog:OPENED:c-1,f-1,i0, conf=-1: [7fae3aed-4e76-4283-a599-f93f794625ab:192.168.34.21:41352, 58095e90-3010-492a-9083-43cf2e035c3f:192.168.34.21:45284, 9127dd83-037b-4d39-812f-66db56af525a:192.168.34.21:42063], old=null
2019-10-30 05:54:03,076 [9127dd83-037b-4d39-812f-66db56af525a@group-BCADF287A12B-LeaderElection431] INFO  impl.RaftServerImpl (RaftServerImpl.java:setRole(184)) - 9127dd83-037b-4d39-812f-66db56af525a@group-BCADF287A12B: changes role from CANDIDATE to FOLLOWER at term 484 for DISCOVERED_A_NEW_TERM
2019-10-30 05:54:03,076 [9127dd83-037b-4d39-812f-66db56af525a@group-BCADF287A12B-LeaderElection431] INFO  impl.RoleInfo (RoleInfo.java:shutdownLeaderElection(134)) - 9127dd83-037b-4d39-812f-66db56af525a: shutdown LeaderElection
2019-10-30 05:54:03,077 [9127dd83-037b-4d39-812f-66db56af525a@group-BCADF287A12B-LeaderElection431] INFO  impl.RoleInfo (RoleInfo.java:updateAndGet(143)) - 9127dd83-037b-4d39-812f-66db56af525a: start FollowerState
2019-10-30 05:54:03,104 [Thread-3160] INFO  impl.FollowerState (FollowerState.java:run(108)) - 9127dd83-037b-4d39-812f-66db56af525a@group-BCADF287A12B-FollowerState: change to CANDIDATE, lastRpcTime:27ms, electionTimeout:27ms
2019-10-30 05:54:03,104 [Thread-3160] INFO  impl.RoleInfo (RoleInfo.java:shutdownFollowerState(121)) - 9127dd83-037b-4d39-812f-66db56af525a: shutdown FollowerState
2019-10-30 05:54:03,104 [Thread-3160] INFO  impl.RaftServerImpl (RaftServerImpl.java:setRole(184)) - 9127dd83-037b-4d39-812f-66db56af525a@group-BCADF287A12B: changes role from  FOLLOWER to CANDIDATE at term 484 for changeToCandidate
2019-10-30 05:54:03,104 [Thread-3160] INFO  impl.RoleInfo (RoleInfo.java:updateAndGet(143)) - 9127dd83-037b-4d39-812f-66db56af525a: start LeaderElection
2019-10-30 05:54:03,122 [9127dd83-037b-4d39-812f-66db56af525a@group-BCADF287A12B-LeaderElection432] INFO  impl.LeaderElection (LeaderElection.java:askForVotes(178)) - 9127dd83-037b-4d39-812f-66db56af525a@group-BCADF287A12B-LeaderElection432: begin an election at term 485 for -1: [7fae3aed-4e76-4283-a599-f93f794625ab:192.168.34.21:41352, 58095e90-3010-492a-9083-43cf2e035c3f:192.168.34.21:45284, 9127dd83-037b-4d39-812f-66db56af525a:192.168.34.21:42063], old=null
2019-10-30 05:54:03,124 [grpc-default-executor-1] INFO  impl.RaftServerImpl (RaftServerImpl.java:setRole(184)) - 7fae3aed-4e76-4283-a599-f93f794625ab@group-BCADF287A12B: changes role from  FOLLOWER to FOLLOWER at term 485 for recognizeCandidate:9127dd83-037b-4d39-812f-66db56af525a
2019-10-30 05:54:03,124 [grpc-default-executor-1] INFO  impl.RoleInfo (RoleInfo.java:shutdownFollowerState(121)) - 7fae3aed-4e76-4283-a599-f93f794625ab: shutdown FollowerState
2019-10-30 05:54:03,124 [grpc-default-executor-0] INFO  impl.RaftServerImpl (RaftServerImpl.java:setRole(184)) - 58095e90-3010-492a-9083-43cf2e035c3f@group-BCADF287A12B: changes role from  FOLLOWER to FOLLOWER at term 485 for recognizeCandidate:9127dd83-037b-4d39-812f-66db56af525a
2019-10-30 05:54:03,124 [grpc-default-executor-0] INFO  impl.RoleInfo (RoleInfo.java:shutdownFollowerState(121)) - 58095e90-3010-492a-9083-43cf2e035c3f: shutdown FollowerState
2019-10-30 05:54:03,124 [Thread-3158] INFO  impl.FollowerState (FollowerState.java:run(117)) - 7fae3aed-4e76-4283-a599-f93f794625ab@group-BCADF287A12B-FollowerState was interrupted: java.lang.InterruptedException: sleep interrupted
2019-10-30 05:54:03,124 [grpc-default-executor-1] INFO  impl.RoleInfo (RoleInfo.java:updateAndGet(143)) - 7fae3aed-4e76-4283-a599-f93f794625ab: start FollowerState
2019-10-30 05:54:03,124 [Thread-3159] INFO  impl.FollowerState (FollowerState.java:run(117)) - 58095e90-3010-492a-9083-43cf2e035c3f@group-BCADF287A12B-FollowerState was interrupted: java.lang.InterruptedException: sleep interrupted
2019-10-30 05:54:03,124 [grpc-default-executor-0] INFO  impl.RoleInfo (RoleInfo.java:updateAndGet(143)) - 58095e90-3010-492a-9083-43cf2e035c3f: start FollowerState
2019-10-30 05:54:03,139 [9127dd83-037b-4d39-812f-66db56af525a@group-BCADF287A12B-LeaderElection432] INFO  impl.LeaderElection (LeaderElection.java:logAndReturn(56)) - 9127dd83-037b-4d39-812f-66db56af525a@group-BCADF287A12B-LeaderElection432: Election REJECTED; received 2 response(s) [9127dd83-037b-4d39-812f-66db56af525a<-7fae3aed-4e76-4283-a599-f93f794625ab#0:FAIL-t485, 9127dd83-037b-4d39-812f-66db56af525a<-58095e90-3010-492a-9083-43cf2e035c3f#0:FAIL-t485] and 0 exception(s); 9127dd83-037b-4d39-812f-66db56af525a@group-BCADF287A12B:t485, leader=null, voted=9127dd83-037b-4d39-812f-66db56af525a, raftlog=9127dd83-037b-4d39-812f-66db56af525a@group-BCADF287A12B-SegmentedRaftLog:OPENED:c-1,f-1,i0, conf=-1: [7fae3aed-4e76-4283-a599-f93f794625ab:192.168.34.21:41352, 58095e90-3010-492a-9083-43cf2e035c3f:192.168.34.21:45284, 9127dd83-037b-4d39-812f-66db56af525a:192.168.34.21:42063], old=null
2019-10-30 05:54:03,139 [9127dd83-037b-4d39-812f-66db56af525a@group-BCADF287A12B-LeaderElection432] INFO  impl.RaftServerImpl (RaftServerImpl.java:setRole(184)) - 9127dd83-037b-4d39-812f-66db56af525a@group-BCADF287A12B: changes role from CANDIDATE to FOLLOWER at term 485 for DISCOVERED_A_NEW_TERM
2019-10-30 05:54:03,139 [9127dd83-037b-4d39-812f-66db56af525a@group-BCADF287A12B-LeaderElection432] INFO  impl.RoleInfo (RoleInfo.java:shutdownLeaderElection(134)) - 9127dd83-037b-4d39-812f-66db56af525a: shutdown LeaderElection
2019-10-30 05:54:03,140 [9127dd83-037b-4d39-812f-66db56af525a@group-BCADF287A12B-LeaderElection432] INFO  impl.RoleInfo (RoleInfo.java:updateAndGet(143)) - 9127dd83-037b-4d39-812f-66db56af525a: start FollowerState
2019-10-30 05:54:03,174 [Thread-3166] INFO  impl.FollowerState (FollowerState.java:run(108)) - 9127dd83-037b-4d39-812f-66db56af525a@group-BCADF287A12B-FollowerState: change to CANDIDATE, lastRpcTime:34ms, electionTimeout:34ms
2019-10-30 05:54:03,174 [Thread-3166] INFO  impl.RoleInfo (RoleInfo.java:shutdownFollowerState(121)) - 9127dd83-037b-4d39-812f-66db56af525a: shutdown FollowerState
2019-10-30 05:54:03,174 [Thread-3166] INFO  impl.RaftServerImpl (RaftServerImpl.java:setRole(184)) - 9127dd83-037b-4d39-812f-66db56af525a@group-BCADF287A12B: changes role from  FOLLOWER to CANDIDATE at term 485 for changeToCandidate
2019-10-30 05:54:03,174 [Thread-3166] INFO  impl.RoleInfo (RoleInfo.java:updateAndGet(143)) - 9127dd83-037b-4d39-812f-66db56af525a: start LeaderElection
2019-10-30 05:54:03,181 [9127dd83-037b-4d39-812f-66db56af525a@group-BCADF287A12B-LeaderElection433] INFO  impl.LeaderElection (LeaderElection.java:askForVotes(178)) - 9127dd83-037b-4d39-812f-66db56af525a@group-BCADF287A12B-LeaderElection433: begin an election at term 486 for -1: [7fae3aed-4e76-4283-a599-f93f794625ab:192.168.34.21:41352, 58095e90-3010-492a-9083-43cf2e035c3f:192.168.34.21:45284, 9127dd83-037b-4d39-812f-66db56af525a:192.168.34.21:42063], old=null
2019-10-30 05:54:03,182 [grpc-default-executor-0] INFO  impl.RaftServerImpl (RaftServerImpl.java:setRole(184)) - 7fae3aed-4e76-4283-a599-f93f794625ab@group-BCADF287A12B: changes role from  FOLLOWER to FOLLOWER at term 486 for recognizeCandidate:9127dd83-037b-4d39-812f-66db56af525a
2019-10-30 05:54:03,183 [grpc-default-executor-0] INFO  impl.RoleInfo (RoleInfo.java:shutdownFollowerState(121)) - 7fae3aed-4e76-4283-a599-f93f794625ab: shutdown FollowerState
2019-10-30 05:54:03,183 [grpc-default-executor-0] INFO  impl.RoleInfo (RoleInfo.java:updateAndGet(143)) - 7fae3aed-4e76-4283-a599-f93f794625ab: start FollowerState
2019-10-30 05:54:03,183 [Thread-3164] INFO  impl.FollowerState (FollowerState.java:run(117)) - 7fae3aed-4e76-4283-a599-f93f794625ab@group-BCADF287A12B-FollowerState was interrupted: java.lang.InterruptedException: sleep interrupted
2019-10-30 05:54:03,183 [grpc-default-executor-1] INFO  impl.RaftServerImpl (RaftServerImpl.java:setRole(184)) - 58095e90-3010-492a-9083-43cf2e035c3f@group-BCADF287A12B: changes role from  FOLLOWER to FOLLOWER at term 486 for recognizeCandidate:9127dd83-037b-4d39-812f-66db56af525a
2019-10-30 05:54:03,183 [grpc-default-executor-1] INFO  impl.RoleInfo (RoleInfo.java:shutdownFollowerState(121)) - 58095e90-3010-492a-9083-43cf2e035c3f: shutdown FollowerState
2019-10-30 05:54:03,183 [grpc-default-executor-1] INFO  impl.RoleInfo (RoleInfo.java:updateAndGet(143)) - 58095e90-3010-492a-9083-43cf2e035c3f: start FollowerState
2019-10-30 05:54:03,183 [Thread-3165] INFO  impl.FollowerState (FollowerState.java:run(117)) - 58095e90-3010-492a-9083-43cf2e035c3f@group-BCADF287A12B-FollowerState was interrupted: java.lang.InterruptedException: sleep interrupted
2019-10-30 05:54:03,192 [9127dd83-037b-4d39-812f-66db56af525a@group-BCADF287A12B-LeaderElection433] INFO  impl.LeaderElection (LeaderElection.java:logAndReturn(56)) - 9127dd83-037b-4d39-812f-66db56af525a@group-BCADF287A12B-LeaderElection433: Election REJECTED; received 2 response(s) [9127dd83-037b-4d39-812f-66db56af525a<-7fae3aed-4e76-4283-a599-f93f794625ab#0:FAIL-t486, 9127dd83-037b-4d39-812f-66db56af525a<-58095e90-3010-492a-9083-43cf2e035c3f#0:FAIL-t486] and 0 exception(s); 9127dd83-037b-4d39-812f-66db56af525a@group-BCADF287A12B:t486, leader=null, voted=9127dd83-037b-4d39-812f-66db56af525a, raftlog=9127dd83-037b-4d39-812f-66db56af525a@group-BCADF287A12B-SegmentedRaftLog:OPENED:c-1,f-1,i0, conf=-1: [7fae3aed-4e76-4283-a599-f93f794625ab:192.168.34.21:41352, 58095e90-3010-492a-9083-43cf2e035c3f:192.168.34.21:45284, 9127dd83-037b-4d39-812f-66db56af525a:192.168.34.21:42063], old=null
2019-10-30 05:54:03,192 [9127dd83-037b-4d39-812f-66db56af525a@group-BCADF287A12B-LeaderElection433] INFO  impl.RaftServerImpl (RaftServerImpl.java:setRole(184)) - 9127dd83-037b-4d39-812f-66db56af525a@group-BCADF287A12B: changes role from CANDIDATE to FOLLOWER at term 486 for DISCOVERED_A_NEW_TERM
2019-10-30 05:54:03,192 [9127dd83-037b-4d39-812f-66db56af525a@group-BCADF287A12B-LeaderElection433] INFO  impl.RoleInfo (RoleInfo.java:shutdownLeaderElection(134)) - 9127dd83-037b-4d39-812f-66db56af525a: shutdown LeaderElection
2019-10-30 05:54:03,192 [9127dd83-037b-4d39-812f-66db56af525a@group-BCADF287A12B-LeaderElection433] INFO  impl.RoleInfo (RoleInfo.java:updateAndGet(143)) - 9127dd83-037b-4d39-812f-66db56af525a: start FollowerState
2019-10-30 05:54:03,209 [Datanode State Machine Thread - 0] INFO  statemachine.DatanodeStateMachine (DatanodeStateMachine.java:lambda$startDaemon$0(350)) - Ozone container server started.
2019-10-30 05:54:03,287 [Datanode State Machine Thread - 0] INFO  statemachine.DatanodeStateMachine (DatanodeStateMachine.java:lambda$startDaemon$0(350)) - Ozone container server started.
2019-10-30 05:54:03,328 [Thread-3172] INFO  impl.FollowerState (FollowerState.java:run(108)) - 9127dd83-037b-4d39-812f-66db56af525a@group-BCADF287A12B-FollowerState: change to CANDIDATE, lastRpcTime:136ms, electionTimeout:136ms
2019-10-30 05:54:03,328 [Thread-3172] INFO  impl.RoleInfo (RoleInfo.java:shutdownFollowerState(121)) - 9127dd83-037b-4d39-812f-66db56af525a: shutdown FollowerState
2019-10-30 05:54:03,329 [Thread-3172] INFO  impl.RaftServerImpl (RaftServerImpl.java:setRole(184)) - 9127dd83-037b-4d39-812f-66db56af525a@group-BCADF287A12B: changes role from  FOLLOWER to CANDIDATE at term 486 for changeToCandidate
2019-10-30 05:54:03,329 [Thread-3172] INFO  impl.RoleInfo (RoleInfo.java:updateAndGet(143)) - 9127dd83-037b-4d39-812f-66db56af525a: start LeaderElection
2019-10-30 05:54:03,342 [9127dd83-037b-4d39-812f-66db56af525a@group-BCADF287A12B-LeaderElection434] INFO  impl.LeaderElection (LeaderElection.java:askForVotes(178)) - 9127dd83-037b-4d39-812f-66db56af525a@group-BCADF287A12B-LeaderElection434: begin an election at term 487 for -1: [7fae3aed-4e76-4283-a599-f93f794625ab:192.168.34.21:41352, 58095e90-3010-492a-9083-43cf2e035c3f:192.168.34.21:45284, 9127dd83-037b-4d39-812f-66db56af525a:192.168.34.21:42063], old=null
2019-10-30 05:54:03,344 [grpc-default-executor-0] INFO  impl.RaftServerImpl (RaftServerImpl.java:setRole(184)) - 7fae3aed-4e76-4283-a599-f93f794625ab@group-BCADF287A12B: changes role from  FOLLOWER to FOLLOWER at term 487 for recognizeCandidate:9127dd83-037b-4d39-812f-66db56af525a
2019-10-30 05:54:03,344 [grpc-default-executor-0] INFO  impl.RoleInfo (RoleInfo.java:shutdownFollowerState(121)) - 7fae3aed-4e76-4283-a599-f93f794625ab: shutdown FollowerState
2019-10-30 05:54:03,344 [grpc-default-executor-0] INFO  impl.RoleInfo (RoleInfo.java:updateAndGet(143)) - 7fae3aed-4e76-4283-a599-f93f794625ab: start FollowerState
2019-10-30 05:54:03,344 [grpc-default-executor-1] INFO  impl.RaftServerImpl (RaftServerImpl.java:setRole(184)) - 58095e90-3010-492a-9083-43cf2e035c3f@group-BCADF287A12B: changes role from  FOLLOWER to FOLLOWER at term 487 for recognizeCandidate:9127dd83-037b-4d39-812f-66db56af525a
2019-10-30 05:54:03,344 [grpc-default-executor-1] INFO  impl.RoleInfo (RoleInfo.java:shutdownFollowerState(121)) - 58095e90-3010-492a-9083-43cf2e035c3f: shutdown FollowerState
2019-10-30 05:54:03,344 [Thread-3170] INFO  impl.FollowerState (FollowerState.java:run(117)) - 7fae3aed-4e76-4283-a599-f93f794625ab@group-BCADF287A12B-FollowerState was interrupted: java.lang.InterruptedException: sleep interrupted
2019-10-30 05:54:03,345 [Thread-3171] INFO  impl.FollowerState (FollowerState.java:run(117)) - 58095e90-3010-492a-9083-43cf2e035c3f@group-BCADF287A12B-FollowerState was interrupted: java.lang.InterruptedException: sleep interrupted
2019-10-30 05:54:03,345 [grpc-default-executor-1] INFO  impl.RoleInfo (RoleInfo.java:updateAndGet(143)) - 58095e90-3010-492a-9083-43cf2e035c3f: start FollowerState
2019-10-30 05:54:03,356 [9127dd83-037b-4d39-812f-66db56af525a@group-BCADF287A12B-LeaderElection434] INFO  impl.LeaderElection (LeaderElection.java:logAndReturn(56)) - 9127dd83-037b-4d39-812f-66db56af525a@group-BCADF287A12B-LeaderElection434: Election TIMEOUT; received 0 response(s) [] and 0 exception(s); 9127dd83-037b-4d39-812f-66db56af525a@group-BCADF287A12B:t487, leader=null, voted=9127dd83-037b-4d39-812f-66db56af525a, raftlog=9127dd83-037b-4d39-812f-66db56af525a@group-BCADF287A12B-SegmentedRaftLog:OPENED:c-1,f-1,i0, conf=-1: [7fae3aed-4e76-4283-a599-f93f794625ab:192.168.34.21:41352, 58095e90-3010-492a-9083-43cf2e035c3f:192.168.34.21:45284, 9127dd83-037b-4d39-812f-66db56af525a:192.168.34.21:42063], old=null
2019-10-30 05:54:03,359 [9127dd83-037b-4d39-812f-66db56af525a@group-BCADF287A12B-LeaderElection434] INFO  impl.LeaderElection (LeaderElection.java:askForVotes(178)) - 9127dd83-037b-4d39-812f-66db56af525a@group-BCADF287A12B-LeaderElection434: begin an election at term 488 for -1: [7fae3aed-4e76-4283-a599-f93f794625ab:192.168.34.21:41352, 58095e90-3010-492a-9083-43cf2e035c3f:192.168.34.21:45284, 9127dd83-037b-4d39-812f-66db56af525a:192.168.34.21:42063], old=null
2019-10-30 05:54:03,361 [grpc-default-executor-0] INFO  impl.RaftServerImpl (RaftServerImpl.java:setRole(184)) - 7fae3aed-4e76-4283-a599-f93f794625ab@group-BCADF287A12B: changes role from  FOLLOWER to FOLLOWER at term 488 for recognizeCandidate:9127dd83-037b-4d39-812f-66db56af525a
2019-10-30 05:54:03,361 [grpc-default-executor-0] INFO  impl.RoleInfo (RoleInfo.java:shutdownFollowerState(121)) - 7fae3aed-4e76-4283-a599-f93f794625ab: shutdown FollowerState
2019-10-30 05:54:03,361 [grpc-default-executor-0] INFO  impl.RoleInfo (RoleInfo.java:updateAndGet(143)) - 7fae3aed-4e76-4283-a599-f93f794625ab: start FollowerState
2019-10-30 05:54:03,361 [grpc-default-executor-1] INFO  impl.RaftServerImpl (RaftServerImpl.java:setRole(184)) - 58095e90-3010-492a-9083-43cf2e035c3f@group-BCADF287A12B: changes role from  FOLLOWER to FOLLOWER at term 488 for recognizeCandidate:9127dd83-037b-4d39-812f-66db56af525a
2019-10-30 05:54:03,361 [grpc-default-executor-1] INFO  impl.RoleInfo (RoleInfo.java:shutdownFollowerState(121)) - 58095e90-3010-492a-9083-43cf2e035c3f: shutdown FollowerState
2019-10-30 05:54:03,361 [Thread-3176] INFO  impl.FollowerState (FollowerState.java:run(117)) - 7fae3aed-4e76-4283-a599-f93f794625ab@group-BCADF287A12B-FollowerState was interrupted: java.lang.InterruptedException: sleep interrupted
2019-10-30 05:54:03,362 [Thread-3177] INFO  impl.FollowerState (FollowerState.java:run(117)) - 58095e90-3010-492a-9083-43cf2e035c3f@group-BCADF287A12B-FollowerState was interrupted: java.lang.InterruptedException: sleep interrupted
2019-10-30 05:54:03,362 [grpc-default-executor-1] INFO  impl.RoleInfo (RoleInfo.java:updateAndGet(143)) - 58095e90-3010-492a-9083-43cf2e035c3f: start FollowerState
2019-10-30 05:54:03,374 [Thread-300] INFO  ipc.Client (Client.java:handleConnectionFailure(948)) - Retrying connect to server: localhost/127.0.0.1:36330. Already tried 0 time(s); retry policy is RetryUpToMaximumCountWithFixedSleep(maxRetries=10, sleepTime=1000 MILLISECONDS)
2019-10-30 05:54:03,381 [9127dd83-037b-4d39-812f-66db56af525a@group-BCADF287A12B-LeaderElection434] INFO  impl.LeaderElection (LeaderElection.java:logAndReturn(56)) - 9127dd83-037b-4d39-812f-66db56af525a@group-BCADF287A12B-LeaderElection434: Election REJECTED; received 2 response(s) [9127dd83-037b-4d39-812f-66db56af525a<-7fae3aed-4e76-4283-a599-f93f794625ab#0:FAIL-t488, 9127dd83-037b-4d39-812f-66db56af525a<-58095e90-3010-492a-9083-43cf2e035c3f#0:FAIL-t488] and 0 exception(s); 9127dd83-037b-4d39-812f-66db56af525a@group-BCADF287A12B:t488, leader=null, voted=9127dd83-037b-4d39-812f-66db56af525a, raftlog=9127dd83-037b-4d39-812f-66db56af525a@group-BCADF287A12B-SegmentedRaftLog:OPENED:c-1,f-1,i0, conf=-1: [7fae3aed-4e76-4283-a599-f93f794625ab:192.168.34.21:41352, 58095e90-3010-492a-9083-43cf2e035c3f:192.168.34.21:45284, 9127dd83-037b-4d39-812f-66db56af525a:192.168.34.21:42063], old=null
2019-10-30 05:54:03,381 [9127dd83-037b-4d39-812f-66db56af525a@group-BCADF287A12B-LeaderElection434] INFO  impl.RaftServerImpl (RaftServerImpl.java:setRole(184)) - 9127dd83-037b-4d39-812f-66db56af525a@group-BCADF287A12B: changes role from CANDIDATE to FOLLOWER at term 488 for DISCOVERED_A_NEW_TERM
2019-10-30 05:54:03,381 [9127dd83-037b-4d39-812f-66db56af525a@group-BCADF287A12B-LeaderElection434] INFO  impl.RoleInfo (RoleInfo.java:shutdownLeaderElection(134)) - 9127dd83-037b-4d39-812f-66db56af525a: shutdown LeaderElection
2019-10-30 05:54:03,381 [9127dd83-037b-4d39-812f-66db56af525a@group-BCADF287A12B-LeaderElection434] INFO  impl.RoleInfo (RoleInfo.java:updateAndGet(143)) - 9127dd83-037b-4d39-812f-66db56af525a: start FollowerState
2019-10-30 05:54:03,399 [Thread-3182] INFO  impl.FollowerState (FollowerState.java:run(108)) - 9127dd83-037b-4d39-812f-66db56af525a@group-BCADF287A12B-FollowerState: change to CANDIDATE, lastRpcTime:18ms, electionTimeout:18ms
2019-10-30 05:54:03,399 [Thread-3182] INFO  impl.RoleInfo (RoleInfo.java:shutdownFollowerState(121)) - 9127dd83-037b-4d39-812f-66db56af525a: shutdown FollowerState
2019-10-30 05:54:03,399 [Thread-3182] INFO  impl.RaftServerImpl (RaftServerImpl.java:setRole(184)) - 9127dd83-037b-4d39-812f-66db56af525a@group-BCADF287A12B: changes role from  FOLLOWER to CANDIDATE at term 488 for changeToCandidate
2019-10-30 05:54:03,400 [Thread-3182] INFO  impl.RoleInfo (RoleInfo.java:updateAndGet(143)) - 9127dd83-037b-4d39-812f-66db56af525a: start LeaderElection
2019-10-30 05:54:03,413 [9127dd83-037b-4d39-812f-66db56af525a@group-BCADF287A12B-LeaderElection435] INFO  impl.LeaderElection (LeaderElection.java:askForVotes(178)) - 9127dd83-037b-4d39-812f-66db56af525a@group-BCADF287A12B-LeaderElection435: begin an election at term 489 for -1: [7fae3aed-4e76-4283-a599-f93f794625ab:192.168.34.21:41352, 58095e90-3010-492a-9083-43cf2e035c3f:192.168.34.21:45284, 9127dd83-037b-4d39-812f-66db56af525a:192.168.34.21:42063], old=null
2019-10-30 05:54:03,415 [grpc-default-executor-0] INFO  impl.RaftServerImpl (RaftServerImpl.java:setRole(184)) - 7fae3aed-4e76-4283-a599-f93f794625ab@group-BCADF287A12B: changes role from  FOLLOWER to FOLLOWER at term 489 for recognizeCandidate:9127dd83-037b-4d39-812f-66db56af525a
2019-10-30 05:54:03,415 [grpc-default-executor-0] INFO  impl.RoleInfo (RoleInfo.java:shutdownFollowerState(121)) - 7fae3aed-4e76-4283-a599-f93f794625ab: shutdown FollowerState
2019-10-30 05:54:03,415 [grpc-default-executor-1] INFO  impl.RaftServerImpl (RaftServerImpl.java:setRole(184)) - 58095e90-3010-492a-9083-43cf2e035c3f@group-BCADF287A12B: changes role from  FOLLOWER to FOLLOWER at term 489 for recognizeCandidate:9127dd83-037b-4d39-812f-66db56af525a
2019-10-30 05:54:03,415 [grpc-default-executor-1] INFO  impl.RoleInfo (RoleInfo.java:shutdownFollowerState(121)) - 58095e90-3010-492a-9083-43cf2e035c3f: shutdown FollowerState
2019-10-30 05:54:03,415 [Thread-3180] INFO  impl.FollowerState (FollowerState.java:run(117)) - 7fae3aed-4e76-4283-a599-f93f794625ab@group-BCADF287A12B-FollowerState was interrupted: java.lang.InterruptedException: sleep interrupted
2019-10-30 05:54:03,415 [grpc-default-executor-0] INFO  impl.RoleInfo (RoleInfo.java:updateAndGet(143)) - 7fae3aed-4e76-4283-a599-f93f794625ab: start FollowerState
2019-10-30 05:54:03,415 [grpc-default-executor-1] INFO  impl.RoleInfo (RoleInfo.java:updateAndGet(143)) - 58095e90-3010-492a-9083-43cf2e035c3f: start FollowerState
2019-10-30 05:54:03,415 [Thread-3181] INFO  impl.FollowerState (FollowerState.java:run(117)) - 58095e90-3010-492a-9083-43cf2e035c3f@group-BCADF287A12B-FollowerState was interrupted: java.lang.InterruptedException: sleep interrupted
2019-10-30 05:54:03,429 [9127dd83-037b-4d39-812f-66db56af525a@group-BCADF287A12B-LeaderElection435] INFO  impl.LeaderElection (LeaderElection.java:logAndReturn(56)) - 9127dd83-037b-4d39-812f-66db56af525a@group-BCADF287A12B-LeaderElection435: Election REJECTED; received 2 response(s) [9127dd83-037b-4d39-812f-66db56af525a<-7fae3aed-4e76-4283-a599-f93f794625ab#0:FAIL-t489, 9127dd83-037b-4d39-812f-66db56af525a<-58095e90-3010-492a-9083-43cf2e035c3f#0:FAIL-t489] and 0 exception(s); 9127dd83-037b-4d39-812f-66db56af525a@group-BCADF287A12B:t489, leader=null, voted=9127dd83-037b-4d39-812f-66db56af525a, raftlog=9127dd83-037b-4d39-812f-66db56af525a@group-BCADF287A12B-SegmentedRaftLog:OPENED:c-1,f-1,i0, conf=-1: [7fae3aed-4e76-4283-a599-f93f794625ab:192.168.34.21:41352, 58095e90-3010-492a-9083-43cf2e035c3f:192.168.34.21:45284, 9127dd83-037b-4d39-812f-66db56af525a:192.168.34.21:42063], old=null
2019-10-30 05:54:03,429 [9127dd83-037b-4d39-812f-66db56af525a@group-BCADF287A12B-LeaderElection435] INFO  impl.RaftServerImpl (RaftServerImpl.java:setRole(184)) - 9127dd83-037b-4d39-812f-66db56af525a@group-BCADF287A12B: changes role from CANDIDATE to FOLLOWER at term 489 for DISCOVERED_A_NEW_TERM
2019-10-30 05:54:03,430 [9127dd83-037b-4d39-812f-66db56af525a@group-BCADF287A12B-LeaderElection435] INFO  impl.RoleInfo (RoleInfo.java:shutdownLeaderElection(134)) - 9127dd83-037b-4d39-812f-66db56af525a: shutdown LeaderElection
2019-10-30 05:54:03,430 [9127dd83-037b-4d39-812f-66db56af525a@group-BCADF287A12B-LeaderElection435] INFO  impl.RoleInfo (RoleInfo.java:updateAndGet(143)) - 9127dd83-037b-4d39-812f-66db56af525a: start FollowerState
2019-10-30 05:54:03,612 [Thread-3188] INFO  impl.FollowerState (FollowerState.java:run(108)) - 9127dd83-037b-4d39-812f-66db56af525a@group-BCADF287A12B-FollowerState: change to CANDIDATE, lastRpcTime:182ms, electionTimeout:182ms
2019-10-30 05:54:03,612 [Thread-3188] INFO  impl.RoleInfo (RoleInfo.java:shutdownFollowerState(121)) - 9127dd83-037b-4d39-812f-66db56af525a: shutdown FollowerState
2019-10-30 05:54:03,612 [Thread-3188] INFO  impl.RaftServerImpl (RaftServerImpl.java:setRole(184)) - 9127dd83-037b-4d39-812f-66db56af525a@group-BCADF287A12B: changes role from  FOLLOWER to CANDIDATE at term 489 for changeToCandidate
2019-10-30 05:54:03,613 [Thread-3188] INFO  impl.RoleInfo (RoleInfo.java:updateAndGet(143)) - 9127dd83-037b-4d39-812f-66db56af525a: start LeaderElection
2019-10-30 05:54:03,638 [9127dd83-037b-4d39-812f-66db56af525a@group-BCADF287A12B-LeaderElection436] INFO  impl.LeaderElection (LeaderElection.java:askForVotes(178)) - 9127dd83-037b-4d39-812f-66db56af525a@group-BCADF287A12B-LeaderElection436: begin an election at term 490 for -1: [7fae3aed-4e76-4283-a599-f93f794625ab:192.168.34.21:41352, 58095e90-3010-492a-9083-43cf2e035c3f:192.168.34.21:45284, 9127dd83-037b-4d39-812f-66db56af525a:192.168.34.21:42063], old=null
2019-10-30 05:54:03,640 [grpc-default-executor-0] INFO  impl.RaftServerImpl (RaftServerImpl.java:setRole(184)) - 7fae3aed-4e76-4283-a599-f93f794625ab@group-BCADF287A12B: changes role from  FOLLOWER to FOLLOWER at term 490 for recognizeCandidate:9127dd83-037b-4d39-812f-66db56af525a
2019-10-30 05:54:03,640 [grpc-default-executor-0] INFO  impl.RoleInfo (RoleInfo.java:shutdownFollowerState(121)) - 7fae3aed-4e76-4283-a599-f93f794625ab: shutdown FollowerState
2019-10-30 05:54:03,640 [grpc-default-executor-1] INFO  impl.RaftServerImpl (RaftServerImpl.java:setRole(184)) - 58095e90-3010-492a-9083-43cf2e035c3f@group-BCADF287A12B: changes role from  FOLLOWER to FOLLOWER at term 490 for recognizeCandidate:9127dd83-037b-4d39-812f-66db56af525a
2019-10-30 05:54:03,640 [grpc-default-executor-1] INFO  impl.RoleInfo (RoleInfo.java:shutdownFollowerState(121)) - 58095e90-3010-492a-9083-43cf2e035c3f: shutdown FollowerState
2019-10-30 05:54:03,640 [Thread-3186] INFO  impl.FollowerState (FollowerState.java:run(117)) - 7fae3aed-4e76-4283-a599-f93f794625ab@group-BCADF287A12B-FollowerState was interrupted: java.lang.InterruptedException: sleep interrupted
2019-10-30 05:54:03,640 [Thread-3187] INFO  impl.FollowerState (FollowerState.java:run(117)) - 58095e90-3010-492a-9083-43cf2e035c3f@group-BCADF287A12B-FollowerState was interrupted: java.lang.InterruptedException: sleep interrupted
2019-10-30 05:54:03,640 [grpc-default-executor-0] INFO  impl.RoleInfo (RoleInfo.java:updateAndGet(143)) - 7fae3aed-4e76-4283-a599-f93f794625ab: start FollowerState
2019-10-30 05:54:03,640 [grpc-default-executor-1] INFO  impl.RoleInfo (RoleInfo.java:updateAndGet(143)) - 58095e90-3010-492a-9083-43cf2e035c3f: start FollowerState
2019-10-30 05:54:03,667 [9127dd83-037b-4d39-812f-66db56af525a@group-BCADF287A12B-LeaderElection436] INFO  impl.LeaderElection (LeaderElection.java:logAndReturn(56)) - 9127dd83-037b-4d39-812f-66db56af525a@group-BCADF287A12B-LeaderElection436: Election REJECTED; received 2 response(s) [9127dd83-037b-4d39-812f-66db56af525a<-7fae3aed-4e76-4283-a599-f93f794625ab#0:FAIL-t490, 9127dd83-037b-4d39-812f-66db56af525a<-58095e90-3010-492a-9083-43cf2e035c3f#0:FAIL-t490] and 0 exception(s); 9127dd83-037b-4d39-812f-66db56af525a@group-BCADF287A12B:t490, leader=null, voted=9127dd83-037b-4d39-812f-66db56af525a, raftlog=9127dd83-037b-4d39-812f-66db56af525a@group-BCADF287A12B-SegmentedRaftLog:OPENED:c-1,f-1,i0, conf=-1: [7fae3aed-4e76-4283-a599-f93f794625ab:192.168.34.21:41352, 58095e90-3010-492a-9083-43cf2e035c3f:192.168.34.21:45284, 9127dd83-037b-4d39-812f-66db56af525a:192.168.34.21:42063], old=null
2019-10-30 05:54:03,667 [9127dd83-037b-4d39-812f-66db56af525a@group-BCADF287A12B-LeaderElection436] INFO  impl.RaftServerImpl (RaftServerImpl.java:setRole(184)) - 9127dd83-037b-4d39-812f-66db56af525a@group-BCADF287A12B: changes role from CANDIDATE to FOLLOWER at term 490 for DISCOVERED_A_NEW_TERM
2019-10-30 05:54:03,667 [9127dd83-037b-4d39-812f-66db56af525a@group-BCADF287A12B-LeaderElection436] INFO  impl.RoleInfo (RoleInfo.java:shutdownLeaderElection(134)) - 9127dd83-037b-4d39-812f-66db56af525a: shutdown LeaderElection
2019-10-30 05:54:03,667 [9127dd83-037b-4d39-812f-66db56af525a@group-BCADF287A12B-LeaderElection436] INFO  impl.RoleInfo (RoleInfo.java:updateAndGet(143)) - 9127dd83-037b-4d39-812f-66db56af525a: start FollowerState
2019-10-30 05:54:03,783 [Thread-3196] INFO  impl.FollowerState (FollowerState.java:run(108)) - 9127dd83-037b-4d39-812f-66db56af525a@group-BCADF287A12B-FollowerState: change to CANDIDATE, lastRpcTime:115ms, electionTimeout:115ms
2019-10-30 05:54:03,783 [Thread-3196] INFO  impl.RoleInfo (RoleInfo.java:shutdownFollowerState(121)) - 9127dd83-037b-4d39-812f-66db56af525a: shutdown FollowerState
2019-10-30 05:54:03,783 [Thread-3196] INFO  impl.RaftServerImpl (RaftServerImpl.java:setRole(184)) - 9127dd83-037b-4d39-812f-66db56af525a@group-BCADF287A12B: changes role from  FOLLOWER to CANDIDATE at term 490 for changeToCandidate
2019-10-30 05:54:03,783 [Thread-3196] INFO  impl.RoleInfo (RoleInfo.java:updateAndGet(143)) - 9127dd83-037b-4d39-812f-66db56af525a: start LeaderElection
2019-10-30 05:54:03,806 [9127dd83-037b-4d39-812f-66db56af525a@group-BCADF287A12B-LeaderElection437] INFO  impl.LeaderElection (LeaderElection.java:askForVotes(178)) - 9127dd83-037b-4d39-812f-66db56af525a@group-BCADF287A12B-LeaderElection437: begin an election at term 491 for -1: [7fae3aed-4e76-4283-a599-f93f794625ab:192.168.34.21:41352, 58095e90-3010-492a-9083-43cf2e035c3f:192.168.34.21:45284, 9127dd83-037b-4d39-812f-66db56af525a:192.168.34.21:42063], old=null
2019-10-30 05:54:03,807 [grpc-default-executor-1] INFO  impl.RaftServerImpl (RaftServerImpl.java:setRole(184)) - 58095e90-3010-492a-9083-43cf2e035c3f@group-BCADF287A12B: changes role from  FOLLOWER to FOLLOWER at term 491 for recognizeCandidate:9127dd83-037b-4d39-812f-66db56af525a
2019-10-30 05:54:03,807 [grpc-default-executor-0] INFO  impl.RaftServerImpl (RaftServerImpl.java:setRole(184)) - 7fae3aed-4e76-4283-a599-f93f794625ab@group-BCADF287A12B: changes role from  FOLLOWER to FOLLOWER at term 491 for recognizeCandidate:9127dd83-037b-4d39-812f-66db56af525a
2019-10-30 05:54:03,807 [grpc-default-executor-1] INFO  impl.RoleInfo (RoleInfo.java:shutdownFollowerState(121)) - 58095e90-3010-492a-9083-43cf2e035c3f: shutdown FollowerState
2019-10-30 05:54:03,808 [grpc-default-executor-0] INFO  impl.RoleInfo (RoleInfo.java:shutdownFollowerState(121)) - 7fae3aed-4e76-4283-a599-f93f794625ab: shutdown FollowerState
2019-10-30 05:54:03,808 [Thread-3195] INFO  impl.FollowerState (FollowerState.java:run(117)) - 58095e90-3010-492a-9083-43cf2e035c3f@group-BCADF287A12B-FollowerState was interrupted: java.lang.InterruptedException: sleep interrupted
2019-10-30 05:54:03,808 [grpc-default-executor-1] INFO  impl.RoleInfo (RoleInfo.java:updateAndGet(143)) - 58095e90-3010-492a-9083-43cf2e035c3f: start FollowerState
2019-10-30 05:54:03,808 [Thread-3194] INFO  impl.FollowerState (FollowerState.java:run(117)) - 7fae3aed-4e76-4283-a599-f93f794625ab@group-BCADF287A12B-FollowerState was interrupted: java.lang.InterruptedException: sleep interrupted
2019-10-30 05:54:03,808 [grpc-default-executor-0] INFO  impl.RoleInfo (RoleInfo.java:updateAndGet(143)) - 7fae3aed-4e76-4283-a599-f93f794625ab: start FollowerState
2019-10-30 05:54:03,822 [9127dd83-037b-4d39-812f-66db56af525a@group-BCADF287A12B-LeaderElection437] INFO  impl.LeaderElection (LeaderElection.java:logAndReturn(56)) - 9127dd83-037b-4d39-812f-66db56af525a@group-BCADF287A12B-LeaderElection437: Election REJECTED; received 2 response(s) [9127dd83-037b-4d39-812f-66db56af525a<-7fae3aed-4e76-4283-a599-f93f794625ab#0:FAIL-t491, 9127dd83-037b-4d39-812f-66db56af525a<-58095e90-3010-492a-9083-43cf2e035c3f#0:FAIL-t491] and 0 exception(s); 9127dd83-037b-4d39-812f-66db56af525a@group-BCADF287A12B:t491, leader=null, voted=9127dd83-037b-4d39-812f-66db56af525a, raftlog=9127dd83-037b-4d39-812f-66db56af525a@group-BCADF287A12B-SegmentedRaftLog:OPENED:c-1,f-1,i0, conf=-1: [7fae3aed-4e76-4283-a599-f93f794625ab:192.168.34.21:41352, 58095e90-3010-492a-9083-43cf2e035c3f:192.168.34.21:45284, 9127dd83-037b-4d39-812f-66db56af525a:192.168.34.21:42063], old=null
2019-10-30 05:54:03,822 [9127dd83-037b-4d39-812f-66db56af525a@group-BCADF287A12B-LeaderElection437] INFO  impl.RaftServerImpl (RaftServerImpl.java:setRole(184)) - 9127dd83-037b-4d39-812f-66db56af525a@group-BCADF287A12B: changes role from CANDIDATE to FOLLOWER at term 491 for DISCOVERED_A_NEW_TERM
2019-10-30 05:54:03,822 [9127dd83-037b-4d39-812f-66db56af525a@group-BCADF287A12B-LeaderElection437] INFO  impl.RoleInfo (RoleInfo.java:shutdownLeaderElection(134)) - 9127dd83-037b-4d39-812f-66db56af525a: shutdown LeaderElection
2019-10-30 05:54:03,822 [9127dd83-037b-4d39-812f-66db56af525a@group-BCADF287A12B-LeaderElection437] INFO  impl.RoleInfo (RoleInfo.java:updateAndGet(143)) - 9127dd83-037b-4d39-812f-66db56af525a: start FollowerState
2019-10-30 05:54:03,936 [Thread-3202] INFO  impl.FollowerState (FollowerState.java:run(108)) - 9127dd83-037b-4d39-812f-66db56af525a@group-BCADF287A12B-FollowerState: change to CANDIDATE, lastRpcTime:113ms, electionTimeout:113ms
2019-10-30 05:54:03,936 [Thread-3202] INFO  impl.RoleInfo (RoleInfo.java:shutdownFollowerState(121)) - 9127dd83-037b-4d39-812f-66db56af525a: shutdown FollowerState
2019-10-30 05:54:03,936 [Thread-3202] INFO  impl.RaftServerImpl (RaftServerImpl.java:setRole(184)) - 9127dd83-037b-4d39-812f-66db56af525a@group-BCADF287A12B: changes role from  FOLLOWER to CANDIDATE at term 491 for changeToCandidate
2019-10-30 05:54:03,936 [Thread-3202] INFO  impl.RoleInfo (RoleInfo.java:updateAndGet(143)) - 9127dd83-037b-4d39-812f-66db56af525a: start LeaderElection
2019-10-30 05:54:03,962 [9127dd83-037b-4d39-812f-66db56af525a@group-BCADF287A12B-LeaderElection438] INFO  impl.LeaderElection (LeaderElection.java:askForVotes(178)) - 9127dd83-037b-4d39-812f-66db56af525a@group-BCADF287A12B-LeaderElection438: begin an election at term 492 for -1: [7fae3aed-4e76-4283-a599-f93f794625ab:192.168.34.21:41352, 58095e90-3010-492a-9083-43cf2e035c3f:192.168.34.21:45284, 9127dd83-037b-4d39-812f-66db56af525a:192.168.34.21:42063], old=null
2019-10-30 05:54:03,964 [grpc-default-executor-1] INFO  impl.RaftServerImpl (RaftServerImpl.java:setRole(184)) - 58095e90-3010-492a-9083-43cf2e035c3f@group-BCADF287A12B: changes role from  FOLLOWER to FOLLOWER at term 492 for recognizeCandidate:9127dd83-037b-4d39-812f-66db56af525a
2019-10-30 05:54:03,964 [grpc-default-executor-0] INFO  impl.RaftServerImpl (RaftServerImpl.java:setRole(184)) - 7fae3aed-4e76-4283-a599-f93f794625ab@group-BCADF287A12B: changes role from  FOLLOWER to FOLLOWER at term 492 for recognizeCandidate:9127dd83-037b-4d39-812f-66db56af525a
2019-10-30 05:54:03,964 [grpc-default-executor-1] INFO  impl.RoleInfo (RoleInfo.java:shutdownFollowerState(121)) - 58095e90-3010-492a-9083-43cf2e035c3f: shutdown FollowerState
2019-10-30 05:54:03,964 [grpc-default-executor-0] INFO  impl.RoleInfo (RoleInfo.java:shutdownFollowerState(121)) - 7fae3aed-4e76-4283-a599-f93f794625ab: shutdown FollowerState
2019-10-30 05:54:03,964 [grpc-default-executor-1] INFO  impl.RoleInfo (RoleInfo.java:updateAndGet(143)) - 58095e90-3010-492a-9083-43cf2e035c3f: start FollowerState
2019-10-30 05:54:03,964 [Thread-3201] INFO  impl.FollowerState (FollowerState.java:run(117)) - 7fae3aed-4e76-4283-a599-f93f794625ab@group-BCADF287A12B-FollowerState was interrupted: java.lang.InterruptedException: sleep interrupted
2019-10-30 05:54:03,964 [grpc-default-executor-0] INFO  impl.RoleInfo (RoleInfo.java:updateAndGet(143)) - 7fae3aed-4e76-4283-a599-f93f794625ab: start FollowerState
2019-10-30 05:54:03,964 [Thread-3200] INFO  impl.FollowerState (FollowerState.java:run(117)) - 58095e90-3010-492a-9083-43cf2e035c3f@group-BCADF287A12B-FollowerState was interrupted: java.lang.InterruptedException: sleep interrupted
2019-10-30 05:54:03,990 [9127dd83-037b-4d39-812f-66db56af525a@group-BCADF287A12B-LeaderElection438] INFO  impl.LeaderElection (LeaderElection.java:logAndReturn(56)) - 9127dd83-037b-4d39-812f-66db56af525a@group-BCADF287A12B-LeaderElection438: Election REJECTED; received 2 response(s) [9127dd83-037b-4d39-812f-66db56af525a<-7fae3aed-4e76-4283-a599-f93f794625ab#0:FAIL-t492, 9127dd83-037b-4d39-812f-66db56af525a<-58095e90-3010-492a-9083-43cf2e035c3f#0:FAIL-t492] and 0 exception(s); 9127dd83-037b-4d39-812f-66db56af525a@group-BCADF287A12B:t492, leader=null, voted=9127dd83-037b-4d39-812f-66db56af525a, raftlog=9127dd83-037b-4d39-812f-66db56af525a@group-BCADF287A12B-SegmentedRaftLog:OPENED:c-1,f-1,i0, conf=-1: [7fae3aed-4e76-4283-a599-f93f794625ab:192.168.34.21:41352, 58095e90-3010-492a-9083-43cf2e035c3f:192.168.34.21:45284, 9127dd83-037b-4d39-812f-66db56af525a:192.168.34.21:42063], old=null
2019-10-30 05:54:03,990 [9127dd83-037b-4d39-812f-66db56af525a@group-BCADF287A12B-LeaderElection438] INFO  impl.RaftServerImpl (RaftServerImpl.java:setRole(184)) - 9127dd83-037b-4d39-812f-66db56af525a@group-BCADF287A12B: changes role from CANDIDATE to FOLLOWER at term 492 for DISCOVERED_A_NEW_TERM
2019-10-30 05:54:03,990 [9127dd83-037b-4d39-812f-66db56af525a@group-BCADF287A12B-LeaderElection438] INFO  impl.RoleInfo (RoleInfo.java:shutdownLeaderElection(134)) - 9127dd83-037b-4d39-812f-66db56af525a: shutdown LeaderElection
2019-10-30 05:54:03,990 [9127dd83-037b-4d39-812f-66db56af525a@group-BCADF287A12B-LeaderElection438] INFO  impl.RoleInfo (RoleInfo.java:updateAndGet(143)) - 9127dd83-037b-4d39-812f-66db56af525a: start FollowerState
2019-10-30 05:54:04,091 [Thread-3208] INFO  impl.FollowerState (FollowerState.java:run(108)) - 9127dd83-037b-4d39-812f-66db56af525a@group-BCADF287A12B-FollowerState: change to CANDIDATE, lastRpcTime:100ms, electionTimeout:100ms
2019-10-30 05:54:04,091 [Thread-3208] INFO  impl.RoleInfo (RoleInfo.java:shutdownFollowerState(121)) - 9127dd83-037b-4d39-812f-66db56af525a: shutdown FollowerState
2019-10-30 05:54:04,091 [Thread-3208] INFO  impl.RaftServerImpl (RaftServerImpl.java:setRole(184)) - 9127dd83-037b-4d39-812f-66db56af525a@group-BCADF287A12B: changes role from  FOLLOWER to CANDIDATE at term 492 for changeToCandidate
2019-10-30 05:54:04,091 [Thread-3208] INFO  impl.RoleInfo (RoleInfo.java:updateAndGet(143)) - 9127dd83-037b-4d39-812f-66db56af525a: start LeaderElection
2019-10-30 05:54:04,116 [9127dd83-037b-4d39-812f-66db56af525a@group-BCADF287A12B-LeaderElection439] INFO  impl.LeaderElection (LeaderElection.java:askForVotes(178)) - 9127dd83-037b-4d39-812f-66db56af525a@group-BCADF287A12B-LeaderElection439: begin an election at term 493 for -1: [7fae3aed-4e76-4283-a599-f93f794625ab:192.168.34.21:41352, 58095e90-3010-492a-9083-43cf2e035c3f:192.168.34.21:45284, 9127dd83-037b-4d39-812f-66db56af525a:192.168.34.21:42063], old=null
2019-10-30 05:54:04,118 [grpc-default-executor-0] INFO  impl.RaftServerImpl (RaftServerImpl.java:setRole(184)) - 7fae3aed-4e76-4283-a599-f93f794625ab@group-BCADF287A12B: changes role from  FOLLOWER to FOLLOWER at term 493 for recognizeCandidate:9127dd83-037b-4d39-812f-66db56af525a
2019-10-30 05:54:04,118 [grpc-default-executor-1] INFO  impl.RaftServerImpl (RaftServerImpl.java:setRole(184)) - 58095e90-3010-492a-9083-43cf2e035c3f@group-BCADF287A12B: changes role from  FOLLOWER to FOLLOWER at term 493 for recognizeCandidate:9127dd83-037b-4d39-812f-66db56af525a
2019-10-30 05:54:04,119 [grpc-default-executor-0] INFO  impl.RoleInfo (RoleInfo.java:shutdownFollowerState(121)) - 7fae3aed-4e76-4283-a599-f93f794625ab: shutdown FollowerState
2019-10-30 05:54:04,119 [grpc-default-executor-1] INFO  impl.RoleInfo (RoleInfo.java:shutdownFollowerState(121)) - 58095e90-3010-492a-9083-43cf2e035c3f: shutdown FollowerState
2019-10-30 05:54:04,119 [Thread-3207] INFO  impl.FollowerState (FollowerState.java:run(117)) - 7fae3aed-4e76-4283-a599-f93f794625ab@group-BCADF287A12B-FollowerState was interrupted: java.lang.InterruptedException: sleep interrupted
2019-10-30 05:54:04,119 [grpc-default-executor-0] INFO  impl.RoleInfo (RoleInfo.java:updateAndGet(143)) - 7fae3aed-4e76-4283-a599-f93f794625ab: start FollowerState
2019-10-30 05:54:04,119 [Thread-3206] INFO  impl.FollowerState (FollowerState.java:run(117)) - 58095e90-3010-492a-9083-43cf2e035c3f@group-BCADF287A12B-FollowerState was interrupted: java.lang.InterruptedException: sleep interrupted
2019-10-30 05:54:04,119 [grpc-default-executor-1] INFO  impl.RoleInfo (RoleInfo.java:updateAndGet(143)) - 58095e90-3010-492a-9083-43cf2e035c3f: start FollowerState
2019-10-30 05:54:04,133 [9127dd83-037b-4d39-812f-66db56af525a@group-BCADF287A12B-LeaderElection439] INFO  impl.LeaderElection (LeaderElection.java:logAndReturn(56)) - 9127dd83-037b-4d39-812f-66db56af525a@group-BCADF287A12B-LeaderElection439: Election REJECTED; received 2 response(s) [9127dd83-037b-4d39-812f-66db56af525a<-7fae3aed-4e76-4283-a599-f93f794625ab#0:FAIL-t493, 9127dd83-037b-4d39-812f-66db56af525a<-58095e90-3010-492a-9083-43cf2e035c3f#0:FAIL-t493] and 0 exception(s); 9127dd83-037b-4d39-812f-66db56af525a@group-BCADF287A12B:t493, leader=null, voted=9127dd83-037b-4d39-812f-66db56af525a, raftlog=9127dd83-037b-4d39-812f-66db56af525a@group-BCADF287A12B-SegmentedRaftLog:OPENED:c-1,f-1,i0, conf=-1: [7fae3aed-4e76-4283-a599-f93f794625ab:192.168.34.21:41352, 58095e90-3010-492a-9083-43cf2e035c3f:192.168.34.21:45284, 9127dd83-037b-4d39-812f-66db56af525a:192.168.34.21:42063], old=null
2019-10-30 05:54:04,133 [9127dd83-037b-4d39-812f-66db56af525a@group-BCADF287A12B-LeaderElection439] INFO  impl.RaftServerImpl (RaftServerImpl.java:setRole(184)) - 9127dd83-037b-4d39-812f-66db56af525a@group-BCADF287A12B: changes role from CANDIDATE to FOLLOWER at term 493 for DISCOVERED_A_NEW_TERM
2019-10-30 05:54:04,133 [9127dd83-037b-4d39-812f-66db56af525a@group-BCADF287A12B-LeaderElection439] INFO  impl.RoleInfo (RoleInfo.java:shutdownLeaderElection(134)) - 9127dd83-037b-4d39-812f-66db56af525a: shutdown LeaderElection
2019-10-30 05:54:04,133 [9127dd83-037b-4d39-812f-66db56af525a@group-BCADF287A12B-LeaderElection439] INFO  impl.RoleInfo (RoleInfo.java:updateAndGet(143)) - 9127dd83-037b-4d39-812f-66db56af525a: start FollowerState
2019-10-30 05:54:04,300 [Thread-3214] INFO  impl.FollowerState (FollowerState.java:run(108)) - 9127dd83-037b-4d39-812f-66db56af525a@group-BCADF287A12B-FollowerState: change to CANDIDATE, lastRpcTime:167ms, electionTimeout:167ms
2019-10-30 05:54:04,301 [Thread-3214] INFO  impl.RoleInfo (RoleInfo.java:shutdownFollowerState(121)) - 9127dd83-037b-4d39-812f-66db56af525a: shutdown FollowerState
2019-10-30 05:54:04,301 [Thread-3214] INFO  impl.RaftServerImpl (RaftServerImpl.java:setRole(184)) - 9127dd83-037b-4d39-812f-66db56af525a@group-BCADF287A12B: changes role from  FOLLOWER to CANDIDATE at term 493 for changeToCandidate
2019-10-30 05:54:04,301 [Thread-3214] INFO  impl.RoleInfo (RoleInfo.java:updateAndGet(143)) - 9127dd83-037b-4d39-812f-66db56af525a: start LeaderElection
2019-10-30 05:54:04,315 [9127dd83-037b-4d39-812f-66db56af525a@group-BCADF287A12B-LeaderElection440] INFO  impl.LeaderElection (LeaderElection.java:askForVotes(178)) - 9127dd83-037b-4d39-812f-66db56af525a@group-BCADF287A12B-LeaderElection440: begin an election at term 494 for -1: [7fae3aed-4e76-4283-a599-f93f794625ab:192.168.34.21:41352, 58095e90-3010-492a-9083-43cf2e035c3f:192.168.34.21:45284, 9127dd83-037b-4d39-812f-66db56af525a:192.168.34.21:42063], old=null
2019-10-30 05:54:04,317 [grpc-default-executor-0] INFO  impl.RaftServerImpl (RaftServerImpl.java:setRole(184)) - 7fae3aed-4e76-4283-a599-f93f794625ab@group-BCADF287A12B: changes role from  FOLLOWER to FOLLOWER at term 494 for recognizeCandidate:9127dd83-037b-4d39-812f-66db56af525a
2019-10-30 05:54:04,317 [grpc-default-executor-1] INFO  impl.RaftServerImpl (RaftServerImpl.java:setRole(184)) - 58095e90-3010-492a-9083-43cf2e035c3f@group-BCADF287A12B: changes role from  FOLLOWER to FOLLOWER at term 494 for recognizeCandidate:9127dd83-037b-4d39-812f-66db56af525a
2019-10-30 05:54:04,317 [grpc-default-executor-1] INFO  impl.RoleInfo (RoleInfo.java:shutdownFollowerState(121)) - 58095e90-3010-492a-9083-43cf2e035c3f: shutdown FollowerState
2019-10-30 05:54:04,317 [grpc-default-executor-0] INFO  impl.RoleInfo (RoleInfo.java:shutdownFollowerState(121)) - 7fae3aed-4e76-4283-a599-f93f794625ab: shutdown FollowerState
2019-10-30 05:54:04,317 [Thread-3213] INFO  impl.FollowerState (FollowerState.java:run(117)) - 58095e90-3010-492a-9083-43cf2e035c3f@group-BCADF287A12B-FollowerState was interrupted: java.lang.InterruptedException: sleep interrupted
2019-10-30 05:54:04,317 [grpc-default-executor-1] INFO  impl.RoleInfo (RoleInfo.java:updateAndGet(143)) - 58095e90-3010-492a-9083-43cf2e035c3f: start FollowerState
2019-10-30 05:54:04,318 [Thread-3212] INFO  impl.FollowerState (FollowerState.java:run(117)) - 7fae3aed-4e76-4283-a599-f93f794625ab@group-BCADF287A12B-FollowerState was interrupted: java.lang.InterruptedException: sleep interrupted
2019-10-30 05:54:04,317 [grpc-default-executor-0] INFO  impl.RoleInfo (RoleInfo.java:updateAndGet(143)) - 7fae3aed-4e76-4283-a599-f93f794625ab: start FollowerState
2019-10-30 05:54:04,331 [9127dd83-037b-4d39-812f-66db56af525a@group-BCADF287A12B-LeaderElection440] INFO  impl.LeaderElection (LeaderElection.java:logAndReturn(56)) - 9127dd83-037b-4d39-812f-66db56af525a@group-BCADF287A12B-LeaderElection440: Election REJECTED; received 2 response(s) [9127dd83-037b-4d39-812f-66db56af525a<-7fae3aed-4e76-4283-a599-f93f794625ab#0:FAIL-t494, 9127dd83-037b-4d39-812f-66db56af525a<-58095e90-3010-492a-9083-43cf2e035c3f#0:FAIL-t494] and 0 exception(s); 9127dd83-037b-4d39-812f-66db56af525a@group-BCADF287A12B:t494, leader=null, voted=9127dd83-037b-4d39-812f-66db56af525a, raftlog=9127dd83-037b-4d39-812f-66db56af525a@group-BCADF287A12B-SegmentedRaftLog:OPENED:c-1,f-1,i0, conf=-1: [7fae3aed-4e76-4283-a599-f93f794625ab:192.168.34.21:41352, 58095e90-3010-492a-9083-43cf2e035c3f:192.168.34.21:45284, 9127dd83-037b-4d39-812f-66db56af525a:192.168.34.21:42063], old=null
2019-10-30 05:54:04,332 [9127dd83-037b-4d39-812f-66db56af525a@group-BCADF287A12B-LeaderElection440] INFO  impl.RaftServerImpl (RaftServerImpl.java:setRole(184)) - 9127dd83-037b-4d39-812f-66db56af525a@group-BCADF287A12B: changes role from CANDIDATE to FOLLOWER at term 494 for DISCOVERED_A_NEW_TERM
2019-10-30 05:54:04,332 [9127dd83-037b-4d39-812f-66db56af525a@group-BCADF287A12B-LeaderElection440] INFO  impl.RoleInfo (RoleInfo.java:shutdownLeaderElection(134)) - 9127dd83-037b-4d39-812f-66db56af525a: shutdown LeaderElection
2019-10-30 05:54:04,332 [9127dd83-037b-4d39-812f-66db56af525a@group-BCADF287A12B-LeaderElection440] INFO  impl.RoleInfo (RoleInfo.java:updateAndGet(143)) - 9127dd83-037b-4d39-812f-66db56af525a: start FollowerState
2019-10-30 05:54:04,375 [Thread-300] INFO  ipc.Client (Client.java:handleConnectionFailure(948)) - Retrying connect to server: localhost/127.0.0.1:36330. Already tried 1 time(s); retry policy is RetryUpToMaximumCountWithFixedSleep(maxRetries=10, sleepTime=1000 MILLISECONDS)
2019-10-30 05:54:04,435 [Thread-3220] INFO  impl.FollowerState (FollowerState.java:run(108)) - 9127dd83-037b-4d39-812f-66db56af525a@group-BCADF287A12B-FollowerState: change to CANDIDATE, lastRpcTime:103ms, electionTimeout:103ms
2019-10-30 05:54:04,435 [Thread-3220] INFO  impl.RoleInfo (RoleInfo.java:shutdownFollowerState(121)) - 9127dd83-037b-4d39-812f-66db56af525a: shutdown FollowerState
2019-10-30 05:54:04,435 [Thread-3220] INFO  impl.RaftServerImpl (RaftServerImpl.java:setRole(184)) - 9127dd83-037b-4d39-812f-66db56af525a@group-BCADF287A12B: changes role from  FOLLOWER to CANDIDATE at term 494 for changeToCandidate
2019-10-30 05:54:04,436 [Thread-3220] INFO  impl.RoleInfo (RoleInfo.java:updateAndGet(143)) - 9127dd83-037b-4d39-812f-66db56af525a: start LeaderElection
2019-10-30 05:54:04,450 [9127dd83-037b-4d39-812f-66db56af525a@group-BCADF287A12B-LeaderElection441] INFO  impl.LeaderElection (LeaderElection.java:askForVotes(178)) - 9127dd83-037b-4d39-812f-66db56af525a@group-BCADF287A12B-LeaderElection441: begin an election at term 495 for -1: [7fae3aed-4e76-4283-a599-f93f794625ab:192.168.34.21:41352, 58095e90-3010-492a-9083-43cf2e035c3f:192.168.34.21:45284, 9127dd83-037b-4d39-812f-66db56af525a:192.168.34.21:42063], old=null
2019-10-30 05:54:04,452 [grpc-default-executor-0] INFO  impl.RaftServerImpl (RaftServerImpl.java:setRole(184)) - 7fae3aed-4e76-4283-a599-f93f794625ab@group-BCADF287A12B: changes role from  FOLLOWER to FOLLOWER at term 495 for recognizeCandidate:9127dd83-037b-4d39-812f-66db56af525a
2019-10-30 05:54:04,452 [grpc-default-executor-0] INFO  impl.RoleInfo (RoleInfo.java:shutdownFollowerState(121)) - 7fae3aed-4e76-4283-a599-f93f794625ab: shutdown FollowerState
2019-10-30 05:54:04,452 [grpc-default-executor-1] INFO  impl.RaftServerImpl (RaftServerImpl.java:setRole(184)) - 58095e90-3010-492a-9083-43cf2e035c3f@group-BCADF287A12B: changes role from  FOLLOWER to FOLLOWER at term 495 for recognizeCandidate:9127dd83-037b-4d39-812f-66db56af525a
2019-10-30 05:54:04,453 [grpc-default-executor-1] INFO  impl.RoleInfo (RoleInfo.java:shutdownFollowerState(121)) - 58095e90-3010-492a-9083-43cf2e035c3f: shutdown FollowerState
2019-10-30 05:54:04,453 [Thread-3219] INFO  impl.FollowerState (FollowerState.java:run(117)) - 7fae3aed-4e76-4283-a599-f93f794625ab@group-BCADF287A12B-FollowerState was interrupted: java.lang.InterruptedException: sleep interrupted
2019-10-30 05:54:04,453 [Thread-3218] INFO  impl.FollowerState (FollowerState.java:run(117)) - 58095e90-3010-492a-9083-43cf2e035c3f@group-BCADF287A12B-FollowerState was interrupted: java.lang.InterruptedException: sleep interrupted
2019-10-30 05:54:04,452 [grpc-default-executor-0] INFO  impl.RoleInfo (RoleInfo.java:updateAndGet(143)) - 7fae3aed-4e76-4283-a599-f93f794625ab: start FollowerState
2019-10-30 05:54:04,453 [grpc-default-executor-1] INFO  impl.RoleInfo (RoleInfo.java:updateAndGet(143)) - 58095e90-3010-492a-9083-43cf2e035c3f: start FollowerState
2019-10-30 05:54:04,467 [9127dd83-037b-4d39-812f-66db56af525a@group-BCADF287A12B-LeaderElection441] INFO  impl.LeaderElection (LeaderElection.java:logAndReturn(56)) - 9127dd83-037b-4d39-812f-66db56af525a@group-BCADF287A12B-LeaderElection441: Election REJECTED; received 2 response(s) [9127dd83-037b-4d39-812f-66db56af525a<-7fae3aed-4e76-4283-a599-f93f794625ab#0:FAIL-t495, 9127dd83-037b-4d39-812f-66db56af525a<-58095e90-3010-492a-9083-43cf2e035c3f#0:FAIL-t495] and 0 exception(s); 9127dd83-037b-4d39-812f-66db56af525a@group-BCADF287A12B:t495, leader=null, voted=9127dd83-037b-4d39-812f-66db56af525a, raftlog=9127dd83-037b-4d39-812f-66db56af525a@group-BCADF287A12B-SegmentedRaftLog:OPENED:c-1,f-1,i0, conf=-1: [7fae3aed-4e76-4283-a599-f93f794625ab:192.168.34.21:41352, 58095e90-3010-492a-9083-43cf2e035c3f:192.168.34.21:45284, 9127dd83-037b-4d39-812f-66db56af525a:192.168.34.21:42063], old=null
2019-10-30 05:54:04,468 [9127dd83-037b-4d39-812f-66db56af525a@group-BCADF287A12B-LeaderElection441] INFO  impl.RaftServerImpl (RaftServerImpl.java:setRole(184)) - 9127dd83-037b-4d39-812f-66db56af525a@group-BCADF287A12B: changes role from CANDIDATE to FOLLOWER at term 495 for DISCOVERED_A_NEW_TERM
2019-10-30 05:54:04,468 [9127dd83-037b-4d39-812f-66db56af525a@group-BCADF287A12B-LeaderElection441] INFO  impl.RoleInfo (RoleInfo.java:shutdownLeaderElection(134)) - 9127dd83-037b-4d39-812f-66db56af525a: shutdown LeaderElection
2019-10-30 05:54:04,468 [9127dd83-037b-4d39-812f-66db56af525a@group-BCADF287A12B-LeaderElection441] INFO  impl.RoleInfo (RoleInfo.java:updateAndGet(143)) - 9127dd83-037b-4d39-812f-66db56af525a: start FollowerState
2019-10-30 05:54:04,559 [Thread-3226] INFO  impl.FollowerState (FollowerState.java:run(108)) - 9127dd83-037b-4d39-812f-66db56af525a@group-BCADF287A12B-FollowerState: change to CANDIDATE, lastRpcTime:91ms, electionTimeout:91ms
2019-10-30 05:54:04,559 [Thread-3226] INFO  impl.RoleInfo (RoleInfo.java:shutdownFollowerState(121)) - 9127dd83-037b-4d39-812f-66db56af525a: shutdown FollowerState
2019-10-30 05:54:04,559 [Thread-3226] INFO  impl.RaftServerImpl (RaftServerImpl.java:setRole(184)) - 9127dd83-037b-4d39-812f-66db56af525a@group-BCADF287A12B: changes role from  FOLLOWER to CANDIDATE at term 495 for changeToCandidate
2019-10-30 05:54:04,560 [Thread-3226] INFO  impl.RoleInfo (RoleInfo.java:updateAndGet(143)) - 9127dd83-037b-4d39-812f-66db56af525a: start LeaderElection
2019-10-30 05:54:04,573 [9127dd83-037b-4d39-812f-66db56af525a@group-BCADF287A12B-LeaderElection442] INFO  impl.LeaderElection (LeaderElection.java:askForVotes(178)) - 9127dd83-037b-4d39-812f-66db56af525a@group-BCADF287A12B-LeaderElection442: begin an election at term 496 for -1: [7fae3aed-4e76-4283-a599-f93f794625ab:192.168.34.21:41352, 58095e90-3010-492a-9083-43cf2e035c3f:192.168.34.21:45284, 9127dd83-037b-4d39-812f-66db56af525a:192.168.34.21:42063], old=null
2019-10-30 05:54:04,574 [grpc-default-executor-0] INFO  impl.RaftServerImpl (RaftServerImpl.java:setRole(184)) - 7fae3aed-4e76-4283-a599-f93f794625ab@group-BCADF287A12B: changes role from  FOLLOWER to FOLLOWER at term 496 for recognizeCandidate:9127dd83-037b-4d39-812f-66db56af525a
2019-10-30 05:54:04,574 [grpc-default-executor-0] INFO  impl.RoleInfo (RoleInfo.java:shutdownFollowerState(121)) - 7fae3aed-4e76-4283-a599-f93f794625ab: shutdown FollowerState
2019-10-30 05:54:04,574 [grpc-default-executor-1] INFO  impl.RaftServerImpl (RaftServerImpl.java:setRole(184)) - 58095e90-3010-492a-9083-43cf2e035c3f@group-BCADF287A12B: changes role from  FOLLOWER to FOLLOWER at term 496 for recognizeCandidate:9127dd83-037b-4d39-812f-66db56af525a
2019-10-30 05:54:04,575 [grpc-default-executor-1] INFO  impl.RoleInfo (RoleInfo.java:shutdownFollowerState(121)) - 58095e90-3010-492a-9083-43cf2e035c3f: shutdown FollowerState
2019-10-30 05:54:04,575 [Thread-3224] INFO  impl.FollowerState (FollowerState.java:run(117)) - 7fae3aed-4e76-4283-a599-f93f794625ab@group-BCADF287A12B-FollowerState was interrupted: java.lang.InterruptedException: sleep interrupted
2019-10-30 05:54:04,575 [grpc-default-executor-0] INFO  impl.RoleInfo (RoleInfo.java:updateAndGet(143)) - 7fae3aed-4e76-4283-a599-f93f794625ab: start FollowerState
2019-10-30 05:54:04,575 [Thread-3225] INFO  impl.FollowerState (FollowerState.java:run(117)) - 58095e90-3010-492a-9083-43cf2e035c3f@group-BCADF287A12B-FollowerState was interrupted: java.lang.InterruptedException: sleep interrupted
2019-10-30 05:54:04,575 [grpc-default-executor-1] INFO  impl.RoleInfo (RoleInfo.java:updateAndGet(143)) - 58095e90-3010-492a-9083-43cf2e035c3f: start FollowerState
2019-10-30 05:54:04,589 [9127dd83-037b-4d39-812f-66db56af525a@group-BCADF287A12B-LeaderElection442] INFO  impl.LeaderElection (LeaderElection.java:logAndReturn(56)) - 9127dd83-037b-4d39-812f-66db56af525a@group-BCADF287A12B-LeaderElection442: Election REJECTED; received 2 response(s) [9127dd83-037b-4d39-812f-66db56af525a<-7fae3aed-4e76-4283-a599-f93f794625ab#0:FAIL-t496, 9127dd83-037b-4d39-812f-66db56af525a<-58095e90-3010-492a-9083-43cf2e035c3f#0:FAIL-t496] and 0 exception(s); 9127dd83-037b-4d39-812f-66db56af525a@group-BCADF287A12B:t496, leader=null, voted=9127dd83-037b-4d39-812f-66db56af525a, raftlog=9127dd83-037b-4d39-812f-66db56af525a@group-BCADF287A12B-SegmentedRaftLog:OPENED:c-1,f-1,i0, conf=-1: [7fae3aed-4e76-4283-a599-f93f794625ab:192.168.34.21:41352, 58095e90-3010-492a-9083-43cf2e035c3f:192.168.34.21:45284, 9127dd83-037b-4d39-812f-66db56af525a:192.168.34.21:42063], old=null
2019-10-30 05:54:04,589 [9127dd83-037b-4d39-812f-66db56af525a@group-BCADF287A12B-LeaderElection442] INFO  impl.RaftServerImpl (RaftServerImpl.java:setRole(184)) - 9127dd83-037b-4d39-812f-66db56af525a@group-BCADF287A12B: changes role from CANDIDATE to FOLLOWER at term 496 for DISCOVERED_A_NEW_TERM
2019-10-30 05:54:04,589 [9127dd83-037b-4d39-812f-66db56af525a@group-BCADF287A12B-LeaderElection442] INFO  impl.RoleInfo (RoleInfo.java:shutdownLeaderElection(134)) - 9127dd83-037b-4d39-812f-66db56af525a: shutdown LeaderElection
2019-10-30 05:54:04,590 [9127dd83-037b-4d39-812f-66db56af525a@group-BCADF287A12B-LeaderElection442] INFO  impl.RoleInfo (RoleInfo.java:updateAndGet(143)) - 9127dd83-037b-4d39-812f-66db56af525a: start FollowerState
2019-10-30 05:54:04,732 [Thread-3232] INFO  impl.FollowerState (FollowerState.java:run(108)) - 9127dd83-037b-4d39-812f-66db56af525a@group-BCADF287A12B-FollowerState: change to CANDIDATE, lastRpcTime:142ms, electionTimeout:142ms
2019-10-30 05:54:04,732 [Thread-3232] INFO  impl.RoleInfo (RoleInfo.java:shutdownFollowerState(121)) - 9127dd83-037b-4d39-812f-66db56af525a: shutdown FollowerState
2019-10-30 05:54:04,732 [Thread-3232] INFO  impl.RaftServerImpl (RaftServerImpl.java:setRole(184)) - 9127dd83-037b-4d39-812f-66db56af525a@group-BCADF287A12B: changes role from  FOLLOWER to CANDIDATE at term 496 for changeToCandidate
2019-10-30 05:54:04,732 [Thread-3232] INFO  impl.RoleInfo (RoleInfo.java:updateAndGet(143)) - 9127dd83-037b-4d39-812f-66db56af525a: start LeaderElection
2019-10-30 05:54:04,759 [9127dd83-037b-4d39-812f-66db56af525a@group-BCADF287A12B-LeaderElection443] INFO  impl.LeaderElection (LeaderElection.java:askForVotes(178)) - 9127dd83-037b-4d39-812f-66db56af525a@group-BCADF287A12B-LeaderElection443: begin an election at term 497 for -1: [7fae3aed-4e76-4283-a599-f93f794625ab:192.168.34.21:41352, 58095e90-3010-492a-9083-43cf2e035c3f:192.168.34.21:45284, 9127dd83-037b-4d39-812f-66db56af525a:192.168.34.21:42063], old=null
2019-10-30 05:54:04,761 [grpc-default-executor-1] INFO  impl.RaftServerImpl (RaftServerImpl.java:setRole(184)) - 7fae3aed-4e76-4283-a599-f93f794625ab@group-BCADF287A12B: changes role from  FOLLOWER to FOLLOWER at term 497 for recognizeCandidate:9127dd83-037b-4d39-812f-66db56af525a
2019-10-30 05:54:04,761 [grpc-default-executor-0] INFO  impl.RaftServerImpl (RaftServerImpl.java:setRole(184)) - 58095e90-3010-492a-9083-43cf2e035c3f@group-BCADF287A12B: changes role from  FOLLOWER to FOLLOWER at term 497 for recognizeCandidate:9127dd83-037b-4d39-812f-66db56af525a
2019-10-30 05:54:04,761 [grpc-default-executor-0] INFO  impl.RoleInfo (RoleInfo.java:shutdownFollowerState(121)) - 58095e90-3010-492a-9083-43cf2e035c3f: shutdown FollowerState
2019-10-30 05:54:04,761 [grpc-default-executor-1] INFO  impl.RoleInfo (RoleInfo.java:shutdownFollowerState(121)) - 7fae3aed-4e76-4283-a599-f93f794625ab: shutdown FollowerState
2019-10-30 05:54:04,761 [Thread-3231] INFO  impl.FollowerState (FollowerState.java:run(117)) - 58095e90-3010-492a-9083-43cf2e035c3f@group-BCADF287A12B-FollowerState was interrupted: java.lang.InterruptedException: sleep interrupted
2019-10-30 05:54:04,761 [grpc-default-executor-0] INFO  impl.RoleInfo (RoleInfo.java:updateAndGet(143)) - 58095e90-3010-492a-9083-43cf2e035c3f: start FollowerState
2019-10-30 05:54:04,762 [Thread-3230] INFO  impl.FollowerState (FollowerState.java:run(117)) - 7fae3aed-4e76-4283-a599-f93f794625ab@group-BCADF287A12B-FollowerState was interrupted: java.lang.InterruptedException: sleep interrupted
2019-10-30 05:54:04,762 [grpc-default-executor-1] INFO  impl.RoleInfo (RoleInfo.java:updateAndGet(143)) - 7fae3aed-4e76-4283-a599-f93f794625ab: start FollowerState
2019-10-30 05:54:04,773 [9127dd83-037b-4d39-812f-66db56af525a@group-BCADF287A12B-LeaderElection443] INFO  impl.LeaderElection (LeaderElection.java:logAndReturn(56)) - 9127dd83-037b-4d39-812f-66db56af525a@group-BCADF287A12B-LeaderElection443: Election REJECTED; received 2 response(s) [9127dd83-037b-4d39-812f-66db56af525a<-7fae3aed-4e76-4283-a599-f93f794625ab#0:FAIL-t497, 9127dd83-037b-4d39-812f-66db56af525a<-58095e90-3010-492a-9083-43cf2e035c3f#0:FAIL-t497] and 0 exception(s); 9127dd83-037b-4d39-812f-66db56af525a@group-BCADF287A12B:t497, leader=null, voted=9127dd83-037b-4d39-812f-66db56af525a, raftlog=9127dd83-037b-4d39-812f-66db56af525a@group-BCADF287A12B-SegmentedRaftLog:OPENED:c-1,f-1,i0, conf=-1: [7fae3aed-4e76-4283-a599-f93f794625ab:192.168.34.21:41352, 58095e90-3010-492a-9083-43cf2e035c3f:192.168.34.21:45284, 9127dd83-037b-4d39-812f-66db56af525a:192.168.34.21:42063], old=null
2019-10-30 05:54:04,773 [9127dd83-037b-4d39-812f-66db56af525a@group-BCADF287A12B-LeaderElection443] INFO  impl.RaftServerImpl (RaftServerImpl.java:setRole(184)) - 9127dd83-037b-4d39-812f-66db56af525a@group-BCADF287A12B: changes role from CANDIDATE to FOLLOWER at term 497 for DISCOVERED_A_NEW_TERM
2019-10-30 05:54:04,773 [9127dd83-037b-4d39-812f-66db56af525a@group-BCADF287A12B-LeaderElection443] INFO  impl.RoleInfo (RoleInfo.java:shutdownLeaderElection(134)) - 9127dd83-037b-4d39-812f-66db56af525a: shutdown LeaderElection
2019-10-30 05:54:04,773 [9127dd83-037b-4d39-812f-66db56af525a@group-BCADF287A12B-LeaderElection443] INFO  impl.RoleInfo (RoleInfo.java:updateAndGet(143)) - 9127dd83-037b-4d39-812f-66db56af525a: start FollowerState
2019-10-30 05:54:04,797 [Thread-3240] INFO  impl.FollowerState (FollowerState.java:run(108)) - 9127dd83-037b-4d39-812f-66db56af525a@group-BCADF287A12B-FollowerState: change to CANDIDATE, lastRpcTime:24ms, electionTimeout:24ms
2019-10-30 05:54:04,798 [Thread-3240] INFO  impl.RoleInfo (RoleInfo.java:shutdownFollowerState(121)) - 9127dd83-037b-4d39-812f-66db56af525a: shutdown FollowerState
2019-10-30 05:54:04,798 [Thread-3240] INFO  impl.RaftServerImpl (RaftServerImpl.java:setRole(184)) - 9127dd83-037b-4d39-812f-66db56af525a@group-BCADF287A12B: changes role from  FOLLOWER to CANDIDATE at term 497 for changeToCandidate
2019-10-30 05:54:04,798 [Thread-3240] INFO  impl.RoleInfo (RoleInfo.java:updateAndGet(143)) - 9127dd83-037b-4d39-812f-66db56af525a: start LeaderElection
2019-10-30 05:54:04,810 [9127dd83-037b-4d39-812f-66db56af525a@group-BCADF287A12B-LeaderElection444] INFO  impl.LeaderElection (LeaderElection.java:askForVotes(178)) - 9127dd83-037b-4d39-812f-66db56af525a@group-BCADF287A12B-LeaderElection444: begin an election at term 498 for -1: [7fae3aed-4e76-4283-a599-f93f794625ab:192.168.34.21:41352, 58095e90-3010-492a-9083-43cf2e035c3f:192.168.34.21:45284, 9127dd83-037b-4d39-812f-66db56af525a:192.168.34.21:42063], old=null
2019-10-30 05:54:04,811 [grpc-default-executor-0] INFO  impl.RaftServerImpl (RaftServerImpl.java:setRole(184)) - 7fae3aed-4e76-4283-a599-f93f794625ab@group-BCADF287A12B: changes role from  FOLLOWER to FOLLOWER at term 498 for recognizeCandidate:9127dd83-037b-4d39-812f-66db56af525a
2019-10-30 05:54:04,812 [grpc-default-executor-0] INFO  impl.RoleInfo (RoleInfo.java:shutdownFollowerState(121)) - 7fae3aed-4e76-4283-a599-f93f794625ab: shutdown FollowerState
2019-10-30 05:54:04,812 [grpc-default-executor-1] INFO  impl.RaftServerImpl (RaftServerImpl.java:setRole(184)) - 58095e90-3010-492a-9083-43cf2e035c3f@group-BCADF287A12B: changes role from  FOLLOWER to FOLLOWER at term 498 for recognizeCandidate:9127dd83-037b-4d39-812f-66db56af525a
2019-10-30 05:54:04,812 [grpc-default-executor-1] INFO  impl.RoleInfo (RoleInfo.java:shutdownFollowerState(121)) - 58095e90-3010-492a-9083-43cf2e035c3f: shutdown FollowerState
2019-10-30 05:54:04,812 [Thread-3239] INFO  impl.FollowerState (FollowerState.java:run(117)) - 7fae3aed-4e76-4283-a599-f93f794625ab@group-BCADF287A12B-FollowerState was interrupted: java.lang.InterruptedException: sleep interrupted
2019-10-30 05:54:04,812 [Thread-3238] INFO  impl.FollowerState (FollowerState.java:run(117)) - 58095e90-3010-492a-9083-43cf2e035c3f@group-BCADF287A12B-FollowerState was interrupted: java.lang.InterruptedException: sleep interrupted
2019-10-30 05:54:04,812 [grpc-default-executor-0] INFO  impl.RoleInfo (RoleInfo.java:updateAndGet(143)) - 7fae3aed-4e76-4283-a599-f93f794625ab: start FollowerState
2019-10-30 05:54:04,812 [grpc-default-executor-1] INFO  impl.RoleInfo (RoleInfo.java:updateAndGet(143)) - 58095e90-3010-492a-9083-43cf2e035c3f: start FollowerState
2019-10-30 05:54:04,820 [9127dd83-037b-4d39-812f-66db56af525a@group-BCADF287A12B-LeaderElection444] INFO  impl.LeaderElection (LeaderElection.java:logAndReturn(56)) - 9127dd83-037b-4d39-812f-66db56af525a@group-BCADF287A12B-LeaderElection444: Election REJECTED; received 2 response(s) [9127dd83-037b-4d39-812f-66db56af525a<-7fae3aed-4e76-4283-a599-f93f794625ab#0:FAIL-t498, 9127dd83-037b-4d39-812f-66db56af525a<-58095e90-3010-492a-9083-43cf2e035c3f#0:FAIL-t498] and 0 exception(s); 9127dd83-037b-4d39-812f-66db56af525a@group-BCADF287A12B:t498, leader=null, voted=9127dd83-037b-4d39-812f-66db56af525a, raftlog=9127dd83-037b-4d39-812f-66db56af525a@group-BCADF287A12B-SegmentedRaftLog:OPENED:c-1,f-1,i0, conf=-1: [7fae3aed-4e76-4283-a599-f93f794625ab:192.168.34.21:41352, 58095e90-3010-492a-9083-43cf2e035c3f:192.168.34.21:45284, 9127dd83-037b-4d39-812f-66db56af525a:192.168.34.21:42063], old=null
2019-10-30 05:54:04,820 [9127dd83-037b-4d39-812f-66db56af525a@group-BCADF287A12B-LeaderElection444] INFO  impl.RaftServerImpl (RaftServerImpl.java:setRole(184)) - 9127dd83-037b-4d39-812f-66db56af525a@group-BCADF287A12B: changes role from CANDIDATE to FOLLOWER at term 498 for DISCOVERED_A_NEW_TERM
2019-10-30 05:54:04,820 [9127dd83-037b-4d39-812f-66db56af525a@group-BCADF287A12B-LeaderElection444] INFO  impl.RoleInfo (RoleInfo.java:shutdownLeaderElection(134)) - 9127dd83-037b-4d39-812f-66db56af525a: shutdown LeaderElection
2019-10-30 05:54:04,820 [9127dd83-037b-4d39-812f-66db56af525a@group-BCADF287A12B-LeaderElection444] INFO  impl.RoleInfo (RoleInfo.java:updateAndGet(143)) - 9127dd83-037b-4d39-812f-66db56af525a: start FollowerState
2019-10-30 05:54:04,940 [Thread-3246] INFO  impl.FollowerState (FollowerState.java:run(108)) - 9127dd83-037b-4d39-812f-66db56af525a@group-BCADF287A12B-FollowerState: change to CANDIDATE, lastRpcTime:119ms, electionTimeout:119ms
2019-10-30 05:54:04,940 [Thread-3246] INFO  impl.RoleInfo (RoleInfo.java:shutdownFollowerState(121)) - 9127dd83-037b-4d39-812f-66db56af525a: shutdown FollowerState
2019-10-30 05:54:04,940 [Thread-3246] INFO  impl.RaftServerImpl (RaftServerImpl.java:setRole(184)) - 9127dd83-037b-4d39-812f-66db56af525a@group-BCADF287A12B: changes role from  FOLLOWER to CANDIDATE at term 498 for changeToCandidate
2019-10-30 05:54:04,940 [Thread-3246] INFO  impl.RoleInfo (RoleInfo.java:updateAndGet(143)) - 9127dd83-037b-4d39-812f-66db56af525a: start LeaderElection
2019-10-30 05:54:04,948 [9127dd83-037b-4d39-812f-66db56af525a@group-BCADF287A12B-LeaderElection445] INFO  impl.LeaderElection (LeaderElection.java:askForVotes(178)) - 9127dd83-037b-4d39-812f-66db56af525a@group-BCADF287A12B-LeaderElection445: begin an election at term 499 for -1: [7fae3aed-4e76-4283-a599-f93f794625ab:192.168.34.21:41352, 58095e90-3010-492a-9083-43cf2e035c3f:192.168.34.21:45284, 9127dd83-037b-4d39-812f-66db56af525a:192.168.34.21:42063], old=null
2019-10-30 05:54:04,950 [grpc-default-executor-0] INFO  impl.RaftServerImpl (RaftServerImpl.java:setRole(184)) - 58095e90-3010-492a-9083-43cf2e035c3f@group-BCADF287A12B: changes role from  FOLLOWER to FOLLOWER at term 499 for recognizeCandidate:9127dd83-037b-4d39-812f-66db56af525a
2019-10-30 05:54:04,950 [grpc-default-executor-0] INFO  impl.RoleInfo (RoleInfo.java:shutdownFollowerState(121)) - 58095e90-3010-492a-9083-43cf2e035c3f: shutdown FollowerState
2019-10-30 05:54:04,950 [grpc-default-executor-1] INFO  impl.RaftServerImpl (RaftServerImpl.java:setRole(184)) - 7fae3aed-4e76-4283-a599-f93f794625ab@group-BCADF287A12B: changes role from  FOLLOWER to FOLLOWER at term 499 for recognizeCandidate:9127dd83-037b-4d39-812f-66db56af525a
2019-10-30 05:54:04,950 [Thread-3245] INFO  impl.FollowerState (FollowerState.java:run(117)) - 58095e90-3010-492a-9083-43cf2e035c3f@group-BCADF287A12B-FollowerState was interrupted: java.lang.InterruptedException: sleep interrupted
2019-10-30 05:54:04,950 [grpc-default-executor-0] INFO  impl.RoleInfo (RoleInfo.java:updateAndGet(143)) - 58095e90-3010-492a-9083-43cf2e035c3f: start FollowerState
2019-10-30 05:54:04,951 [grpc-default-executor-1] INFO  impl.RoleInfo (RoleInfo.java:shutdownFollowerState(121)) - 7fae3aed-4e76-4283-a599-f93f794625ab: shutdown FollowerState
2019-10-30 05:54:04,951 [grpc-default-executor-1] INFO  impl.RoleInfo (RoleInfo.java:updateAndGet(143)) - 7fae3aed-4e76-4283-a599-f93f794625ab: start FollowerState
2019-10-30 05:54:04,951 [Thread-3244] INFO  impl.FollowerState (FollowerState.java:run(117)) - 7fae3aed-4e76-4283-a599-f93f794625ab@group-BCADF287A12B-FollowerState was interrupted: java.lang.InterruptedException: sleep interrupted
2019-10-30 05:54:04,965 [9127dd83-037b-4d39-812f-66db56af525a@group-BCADF287A12B-LeaderElection445] INFO  impl.LeaderElection (LeaderElection.java:logAndReturn(56)) - 9127dd83-037b-4d39-812f-66db56af525a@group-BCADF287A12B-LeaderElection445: Election REJECTED; received 2 response(s) [9127dd83-037b-4d39-812f-66db56af525a<-7fae3aed-4e76-4283-a599-f93f794625ab#0:FAIL-t499, 9127dd83-037b-4d39-812f-66db56af525a<-58095e90-3010-492a-9083-43cf2e035c3f#0:FAIL-t499] and 0 exception(s); 9127dd83-037b-4d39-812f-66db56af525a@group-BCADF287A12B:t499, leader=null, voted=9127dd83-037b-4d39-812f-66db56af525a, raftlog=9127dd83-037b-4d39-812f-66db56af525a@group-BCADF287A12B-SegmentedRaftLog:OPENED:c-1,f-1,i0, conf=-1: [7fae3aed-4e76-4283-a599-f93f794625ab:192.168.34.21:41352, 58095e90-3010-492a-9083-43cf2e035c3f:192.168.34.21:45284, 9127dd83-037b-4d39-812f-66db56af525a:192.168.34.21:42063], old=null
2019-10-30 05:54:04,965 [9127dd83-037b-4d39-812f-66db56af525a@group-BCADF287A12B-LeaderElection445] INFO  impl.RaftServerImpl (RaftServerImpl.java:setRole(184)) - 9127dd83-037b-4d39-812f-66db56af525a@group-BCADF287A12B: changes role from CANDIDATE to FOLLOWER at term 499 for DISCOVERED_A_NEW_TERM
2019-10-30 05:54:04,966 [9127dd83-037b-4d39-812f-66db56af525a@group-BCADF287A12B-LeaderElection445] INFO  impl.RoleInfo (RoleInfo.java:shutdownLeaderElection(134)) - 9127dd83-037b-4d39-812f-66db56af525a: shutdown LeaderElection
2019-10-30 05:54:04,966 [9127dd83-037b-4d39-812f-66db56af525a@group-BCADF287A12B-LeaderElection445] INFO  impl.RoleInfo (RoleInfo.java:updateAndGet(143)) - 9127dd83-037b-4d39-812f-66db56af525a: start FollowerState
2019-10-30 05:54:05,094 [Thread-3252] INFO  impl.FollowerState (FollowerState.java:run(108)) - 9127dd83-037b-4d39-812f-66db56af525a@group-BCADF287A12B-FollowerState: change to CANDIDATE, lastRpcTime:128ms, electionTimeout:128ms
2019-10-30 05:54:05,094 [Thread-3252] INFO  impl.RoleInfo (RoleInfo.java:shutdownFollowerState(121)) - 9127dd83-037b-4d39-812f-66db56af525a: shutdown FollowerState
2019-10-30 05:54:05,094 [Thread-3252] INFO  impl.RaftServerImpl (RaftServerImpl.java:setRole(184)) - 9127dd83-037b-4d39-812f-66db56af525a@group-BCADF287A12B: changes role from  FOLLOWER to CANDIDATE at term 499 for changeToCandidate
2019-10-30 05:54:05,095 [Thread-3252] INFO  impl.RoleInfo (RoleInfo.java:updateAndGet(143)) - 9127dd83-037b-4d39-812f-66db56af525a: start LeaderElection
2019-10-30 05:54:05,108 [9127dd83-037b-4d39-812f-66db56af525a@group-BCADF287A12B-LeaderElection446] INFO  impl.LeaderElection (LeaderElection.java:askForVotes(178)) - 9127dd83-037b-4d39-812f-66db56af525a@group-BCADF287A12B-LeaderElection446: begin an election at term 500 for -1: [7fae3aed-4e76-4283-a599-f93f794625ab:192.168.34.21:41352, 58095e90-3010-492a-9083-43cf2e035c3f:192.168.34.21:45284, 9127dd83-037b-4d39-812f-66db56af525a:192.168.34.21:42063], old=null
2019-10-30 05:54:05,110 [grpc-default-executor-0] INFO  impl.RaftServerImpl (RaftServerImpl.java:setRole(184)) - 58095e90-3010-492a-9083-43cf2e035c3f@group-BCADF287A12B: changes role from  FOLLOWER to FOLLOWER at term 500 for recognizeCandidate:9127dd83-037b-4d39-812f-66db56af525a
2019-10-30 05:54:05,110 [grpc-default-executor-0] INFO  impl.RoleInfo (RoleInfo.java:shutdownFollowerState(121)) - 58095e90-3010-492a-9083-43cf2e035c3f: shutdown FollowerState
2019-10-30 05:54:05,110 [grpc-default-executor-1] INFO  impl.RaftServerImpl (RaftServerImpl.java:setRole(184)) - 7fae3aed-4e76-4283-a599-f93f794625ab@group-BCADF287A12B: changes role from  FOLLOWER to FOLLOWER at term 500 for recognizeCandidate:9127dd83-037b-4d39-812f-66db56af525a
2019-10-30 05:54:05,110 [grpc-default-executor-1] INFO  impl.RoleInfo (RoleInfo.java:shutdownFollowerState(121)) - 7fae3aed-4e76-4283-a599-f93f794625ab: shutdown FollowerState
2019-10-30 05:54:05,110 [Thread-3250] INFO  impl.FollowerState (FollowerState.java:run(117)) - 58095e90-3010-492a-9083-43cf2e035c3f@group-BCADF287A12B-FollowerState was interrupted: java.lang.InterruptedException: sleep interrupted
2019-10-30 05:54:05,110 [grpc-default-executor-0] INFO  impl.RoleInfo (RoleInfo.java:updateAndGet(143)) - 58095e90-3010-492a-9083-43cf2e035c3f: start FollowerState
2019-10-30 05:54:05,110 [Thread-3251] INFO  impl.FollowerState (FollowerState.java:run(117)) - 7fae3aed-4e76-4283-a599-f93f794625ab@group-BCADF287A12B-FollowerState was interrupted: java.lang.InterruptedException: sleep interrupted
2019-10-30 05:54:05,110 [grpc-default-executor-1] INFO  impl.RoleInfo (RoleInfo.java:updateAndGet(143)) - 7fae3aed-4e76-4283-a599-f93f794625ab: start FollowerState
2019-10-30 05:54:05,124 [9127dd83-037b-4d39-812f-66db56af525a@group-BCADF287A12B-LeaderElection446] INFO  impl.LeaderElection (LeaderElection.java:logAndReturn(56)) - 9127dd83-037b-4d39-812f-66db56af525a@group-BCADF287A12B-LeaderElection446: Election REJECTED; received 2 response(s) [9127dd83-037b-4d39-812f-66db56af525a<-7fae3aed-4e76-4283-a599-f93f794625ab#0:FAIL-t500, 9127dd83-037b-4d39-812f-66db56af525a<-58095e90-3010-492a-9083-43cf2e035c3f#0:FAIL-t500] and 0 exception(s); 9127dd83-037b-4d39-812f-66db56af525a@group-BCADF287A12B:t500, leader=null, voted=9127dd83-037b-4d39-812f-66db56af525a, raftlog=9127dd83-037b-4d39-812f-66db56af525a@group-BCADF287A12B-SegmentedRaftLog:OPENED:c-1,f-1,i0, conf=-1: [7fae3aed-4e76-4283-a599-f93f794625ab:192.168.34.21:41352, 58095e90-3010-492a-9083-43cf2e035c3f:192.168.34.21:45284, 9127dd83-037b-4d39-812f-66db56af525a:192.168.34.21:42063], old=null
2019-10-30 05:54:05,124 [9127dd83-037b-4d39-812f-66db56af525a@group-BCADF287A12B-LeaderElection446] INFO  impl.RaftServerImpl (RaftServerImpl.java:setRole(184)) - 9127dd83-037b-4d39-812f-66db56af525a@group-BCADF287A12B: changes role from CANDIDATE to FOLLOWER at term 500 for DISCOVERED_A_NEW_TERM
2019-10-30 05:54:05,124 [9127dd83-037b-4d39-812f-66db56af525a@group-BCADF287A12B-LeaderElection446] INFO  impl.RoleInfo (RoleInfo.java:shutdownLeaderElection(134)) - 9127dd83-037b-4d39-812f-66db56af525a: shutdown LeaderElection
2019-10-30 05:54:05,124 [9127dd83-037b-4d39-812f-66db56af525a@group-BCADF287A12B-LeaderElection446] INFO  impl.RoleInfo (RoleInfo.java:updateAndGet(143)) - 9127dd83-037b-4d39-812f-66db56af525a: start FollowerState
2019-10-30 05:54:05,316 [Thread-3258] INFO  impl.FollowerState (FollowerState.java:run(108)) - 9127dd83-037b-4d39-812f-66db56af525a@group-BCADF287A12B-FollowerState: change to CANDIDATE, lastRpcTime:191ms, electionTimeout:191ms
2019-10-30 05:54:05,316 [Thread-3258] INFO  impl.RoleInfo (RoleInfo.java:shutdownFollowerState(121)) - 9127dd83-037b-4d39-812f-66db56af525a: shutdown FollowerState
2019-10-30 05:54:05,316 [Thread-3258] INFO  impl.RaftServerImpl (RaftServerImpl.java:setRole(184)) - 9127dd83-037b-4d39-812f-66db56af525a@group-BCADF287A12B: changes role from  FOLLOWER to CANDIDATE at term 500 for changeToCandidate
2019-10-30 05:54:05,316 [Thread-3258] INFO  impl.RoleInfo (RoleInfo.java:updateAndGet(143)) - 9127dd83-037b-4d39-812f-66db56af525a: start LeaderElection
2019-10-30 05:54:05,330 [9127dd83-037b-4d39-812f-66db56af525a@group-BCADF287A12B-LeaderElection447] INFO  impl.LeaderElection (LeaderElection.java:askForVotes(178)) - 9127dd83-037b-4d39-812f-66db56af525a@group-BCADF287A12B-LeaderElection447: begin an election at term 501 for -1: [7fae3aed-4e76-4283-a599-f93f794625ab:192.168.34.21:41352, 58095e90-3010-492a-9083-43cf2e035c3f:192.168.34.21:45284, 9127dd83-037b-4d39-812f-66db56af525a:192.168.34.21:42063], old=null
2019-10-30 05:54:05,331 [grpc-default-executor-0] INFO  impl.RaftServerImpl (RaftServerImpl.java:setRole(184)) - 7fae3aed-4e76-4283-a599-f93f794625ab@group-BCADF287A12B: changes role from  FOLLOWER to FOLLOWER at term 501 for recognizeCandidate:9127dd83-037b-4d39-812f-66db56af525a
2019-10-30 05:54:05,331 [grpc-default-executor-1] INFO  impl.RaftServerImpl (RaftServerImpl.java:setRole(184)) - 58095e90-3010-492a-9083-43cf2e035c3f@group-BCADF287A12B: changes role from  FOLLOWER to FOLLOWER at term 501 for recognizeCandidate:9127dd83-037b-4d39-812f-66db56af525a
2019-10-30 05:54:05,332 [grpc-default-executor-1] INFO  impl.RoleInfo (RoleInfo.java:shutdownFollowerState(121)) - 58095e90-3010-492a-9083-43cf2e035c3f: shutdown FollowerState
2019-10-30 05:54:05,332 [grpc-default-executor-0] INFO  impl.RoleInfo (RoleInfo.java:shutdownFollowerState(121)) - 7fae3aed-4e76-4283-a599-f93f794625ab: shutdown FollowerState
2019-10-30 05:54:05,332 [Thread-3256] INFO  impl.FollowerState (FollowerState.java:run(117)) - 58095e90-3010-492a-9083-43cf2e035c3f@group-BCADF287A12B-FollowerState was interrupted: java.lang.InterruptedException: sleep interrupted
2019-10-30 05:54:05,332 [grpc-default-executor-1] INFO  impl.RoleInfo (RoleInfo.java:updateAndGet(143)) - 58095e90-3010-492a-9083-43cf2e035c3f: start FollowerState
2019-10-30 05:54:05,332 [Thread-3257] INFO  impl.FollowerState (FollowerState.java:run(117)) - 7fae3aed-4e76-4283-a599-f93f794625ab@group-BCADF287A12B-FollowerState was interrupted: java.lang.InterruptedException: sleep interrupted
2019-10-30 05:54:05,332 [grpc-default-executor-0] INFO  impl.RoleInfo (RoleInfo.java:updateAndGet(143)) - 7fae3aed-4e76-4283-a599-f93f794625ab: start FollowerState
2019-10-30 05:54:05,349 [9127dd83-037b-4d39-812f-66db56af525a@group-BCADF287A12B-LeaderElection447] INFO  impl.LeaderElection (LeaderElection.java:logAndReturn(56)) - 9127dd83-037b-4d39-812f-66db56af525a@group-BCADF287A12B-LeaderElection447: Election REJECTED; received 2 response(s) [9127dd83-037b-4d39-812f-66db56af525a<-7fae3aed-4e76-4283-a599-f93f794625ab#0:FAIL-t501, 9127dd83-037b-4d39-812f-66db56af525a<-58095e90-3010-492a-9083-43cf2e035c3f#0:FAIL-t501] and 0 exception(s); 9127dd83-037b-4d39-812f-66db56af525a@group-BCADF287A12B:t501, leader=null, voted=9127dd83-037b-4d39-812f-66db56af525a, raftlog=9127dd83-037b-4d39-812f-66db56af525a@group-BCADF287A12B-SegmentedRaftLog:OPENED:c-1,f-1,i0, conf=-1: [7fae3aed-4e76-4283-a599-f93f794625ab:192.168.34.21:41352, 58095e90-3010-492a-9083-43cf2e035c3f:192.168.34.21:45284, 9127dd83-037b-4d39-812f-66db56af525a:192.168.34.21:42063], old=null
2019-10-30 05:54:05,349 [9127dd83-037b-4d39-812f-66db56af525a@group-BCADF287A12B-LeaderElection447] INFO  impl.RaftServerImpl (RaftServerImpl.java:setRole(184)) - 9127dd83-037b-4d39-812f-66db56af525a@group-BCADF287A12B: changes role from CANDIDATE to FOLLOWER at term 501 for DISCOVERED_A_NEW_TERM
2019-10-30 05:54:05,349 [9127dd83-037b-4d39-812f-66db56af525a@group-BCADF287A12B-LeaderElection447] INFO  impl.RoleInfo (RoleInfo.java:shutdownLeaderElection(134)) - 9127dd83-037b-4d39-812f-66db56af525a: shutdown LeaderElection
2019-10-30 05:54:05,349 [9127dd83-037b-4d39-812f-66db56af525a@group-BCADF287A12B-LeaderElection447] INFO  impl.RoleInfo (RoleInfo.java:updateAndGet(143)) - 9127dd83-037b-4d39-812f-66db56af525a: start FollowerState
2019-10-30 05:54:05,375 [Thread-300] INFO  ipc.Client (Client.java:handleConnectionFailure(948)) - Retrying connect to server: localhost/127.0.0.1:36330. Already tried 2 time(s); retry policy is RetryUpToMaximumCountWithFixedSleep(maxRetries=10, sleepTime=1000 MILLISECONDS)
2019-10-30 05:54:05,453 [Thread-3264] INFO  impl.FollowerState (FollowerState.java:run(108)) - 9127dd83-037b-4d39-812f-66db56af525a@group-BCADF287A12B-FollowerState: change to CANDIDATE, lastRpcTime:103ms, electionTimeout:103ms
2019-10-30 05:54:05,453 [Thread-3264] INFO  impl.RoleInfo (RoleInfo.java:shutdownFollowerState(121)) - 9127dd83-037b-4d39-812f-66db56af525a: shutdown FollowerState
2019-10-30 05:54:05,453 [Thread-3264] INFO  impl.RaftServerImpl (RaftServerImpl.java:setRole(184)) - 9127dd83-037b-4d39-812f-66db56af525a@group-BCADF287A12B: changes role from  FOLLOWER to CANDIDATE at term 501 for changeToCandidate
2019-10-30 05:54:05,453 [Thread-3264] INFO  impl.RoleInfo (RoleInfo.java:updateAndGet(143)) - 9127dd83-037b-4d39-812f-66db56af525a: start LeaderElection
2019-10-30 05:54:05,466 [9127dd83-037b-4d39-812f-66db56af525a@group-BCADF287A12B-LeaderElection448] INFO  impl.LeaderElection (LeaderElection.java:askForVotes(178)) - 9127dd83-037b-4d39-812f-66db56af525a@group-BCADF287A12B-LeaderElection448: begin an election at term 502 for -1: [7fae3aed-4e76-4283-a599-f93f794625ab:192.168.34.21:41352, 58095e90-3010-492a-9083-43cf2e035c3f:192.168.34.21:45284, 9127dd83-037b-4d39-812f-66db56af525a:192.168.34.21:42063], old=null
2019-10-30 05:54:05,467 [grpc-default-executor-1] INFO  impl.RaftServerImpl (RaftServerImpl.java:setRole(184)) - 7fae3aed-4e76-4283-a599-f93f794625ab@group-BCADF287A12B: changes role from  FOLLOWER to FOLLOWER at term 502 for recognizeCandidate:9127dd83-037b-4d39-812f-66db56af525a
2019-10-30 05:54:05,468 [grpc-default-executor-1] INFO  impl.RoleInfo (RoleInfo.java:shutdownFollowerState(121)) - 7fae3aed-4e76-4283-a599-f93f794625ab: shutdown FollowerState
2019-10-30 05:54:05,468 [grpc-default-executor-1] INFO  impl.RoleInfo (RoleInfo.java:updateAndGet(143)) - 7fae3aed-4e76-4283-a599-f93f794625ab: start FollowerState
2019-10-30 05:54:05,468 [Thread-3263] INFO  impl.FollowerState (FollowerState.java:run(117)) - 7fae3aed-4e76-4283-a599-f93f794625ab@group-BCADF287A12B-FollowerState was interrupted: java.lang.InterruptedException: sleep interrupted
2019-10-30 05:54:05,468 [grpc-default-executor-0] INFO  impl.RaftServerImpl (RaftServerImpl.java:setRole(184)) - 58095e90-3010-492a-9083-43cf2e035c3f@group-BCADF287A12B: changes role from  FOLLOWER to FOLLOWER at term 502 for recognizeCandidate:9127dd83-037b-4d39-812f-66db56af525a
2019-10-30 05:54:05,468 [grpc-default-executor-0] INFO  impl.RoleInfo (RoleInfo.java:shutdownFollowerState(121)) - 58095e90-3010-492a-9083-43cf2e035c3f: shutdown FollowerState
2019-10-30 05:54:05,468 [grpc-default-executor-0] INFO  impl.RoleInfo (RoleInfo.java:updateAndGet(143)) - 58095e90-3010-492a-9083-43cf2e035c3f: start FollowerState
2019-10-30 05:54:05,468 [Thread-3262] INFO  impl.FollowerState (FollowerState.java:run(117)) - 58095e90-3010-492a-9083-43cf2e035c3f@group-BCADF287A12B-FollowerState was interrupted: java.lang.InterruptedException: sleep interrupted
2019-10-30 05:54:05,482 [9127dd83-037b-4d39-812f-66db56af525a@group-BCADF287A12B-LeaderElection448] INFO  impl.LeaderElection (LeaderElection.java:logAndReturn(56)) - 9127dd83-037b-4d39-812f-66db56af525a@group-BCADF287A12B-LeaderElection448: Election REJECTED; received 2 response(s) [9127dd83-037b-4d39-812f-66db56af525a<-7fae3aed-4e76-4283-a599-f93f794625ab#0:FAIL-t502, 9127dd83-037b-4d39-812f-66db56af525a<-58095e90-3010-492a-9083-43cf2e035c3f#0:FAIL-t502] and 0 exception(s); 9127dd83-037b-4d39-812f-66db56af525a@group-BCADF287A12B:t502, leader=null, voted=9127dd83-037b-4d39-812f-66db56af525a, raftlog=9127dd83-037b-4d39-812f-66db56af525a@group-BCADF287A12B-SegmentedRaftLog:OPENED:c-1,f-1,i0, conf=-1: [7fae3aed-4e76-4283-a599-f93f794625ab:192.168.34.21:41352, 58095e90-3010-492a-9083-43cf2e035c3f:192.168.34.21:45284, 9127dd83-037b-4d39-812f-66db56af525a:192.168.34.21:42063], old=null
2019-10-30 05:54:05,482 [9127dd83-037b-4d39-812f-66db56af525a@group-BCADF287A12B-LeaderElection448] INFO  impl.RaftServerImpl (RaftServerImpl.java:setRole(184)) - 9127dd83-037b-4d39-812f-66db56af525a@group-BCADF287A12B: changes role from CANDIDATE to FOLLOWER at term 502 for DISCOVERED_A_NEW_TERM
2019-10-30 05:54:05,482 [9127dd83-037b-4d39-812f-66db56af525a@group-BCADF287A12B-LeaderElection448] INFO  impl.RoleInfo (RoleInfo.java:shutdownLeaderElection(134)) - 9127dd83-037b-4d39-812f-66db56af525a: shutdown LeaderElection
2019-10-30 05:54:05,483 [9127dd83-037b-4d39-812f-66db56af525a@group-BCADF287A12B-LeaderElection448] INFO  impl.RoleInfo (RoleInfo.java:updateAndGet(143)) - 9127dd83-037b-4d39-812f-66db56af525a: start FollowerState
2019-10-30 05:54:05,585 [Thread-3270] INFO  impl.FollowerState (FollowerState.java:run(108)) - 9127dd83-037b-4d39-812f-66db56af525a@group-BCADF287A12B-FollowerState: change to CANDIDATE, lastRpcTime:102ms, electionTimeout:102ms
2019-10-30 05:54:05,585 [Thread-3270] INFO  impl.RoleInfo (RoleInfo.java:shutdownFollowerState(121)) - 9127dd83-037b-4d39-812f-66db56af525a: shutdown FollowerState
2019-10-30 05:54:05,585 [Thread-3270] INFO  impl.RaftServerImpl (RaftServerImpl.java:setRole(184)) - 9127dd83-037b-4d39-812f-66db56af525a@group-BCADF287A12B: changes role from  FOLLOWER to CANDIDATE at term 502 for changeToCandidate
2019-10-30 05:54:05,585 [Thread-3270] INFO  impl.RoleInfo (RoleInfo.java:updateAndGet(143)) - 9127dd83-037b-4d39-812f-66db56af525a: start LeaderElection
2019-10-30 05:54:05,599 [9127dd83-037b-4d39-812f-66db56af525a@group-BCADF287A12B-LeaderElection449] INFO  impl.LeaderElection (LeaderElection.java:askForVotes(178)) - 9127dd83-037b-4d39-812f-66db56af525a@group-BCADF287A12B-LeaderElection449: begin an election at term 503 for -1: [7fae3aed-4e76-4283-a599-f93f794625ab:192.168.34.21:41352, 58095e90-3010-492a-9083-43cf2e035c3f:192.168.34.21:45284, 9127dd83-037b-4d39-812f-66db56af525a:192.168.34.21:42063], old=null
2019-10-30 05:54:05,601 [grpc-default-executor-0] INFO  impl.RaftServerImpl (RaftServerImpl.java:setRole(184)) - 7fae3aed-4e76-4283-a599-f93f794625ab@group-BCADF287A12B: changes role from  FOLLOWER to FOLLOWER at term 503 for recognizeCandidate:9127dd83-037b-4d39-812f-66db56af525a
2019-10-30 05:54:05,601 [grpc-default-executor-0] INFO  impl.RoleInfo (RoleInfo.java:shutdownFollowerState(121)) - 7fae3aed-4e76-4283-a599-f93f794625ab: shutdown FollowerState
2019-10-30 05:54:05,601 [grpc-default-executor-1] INFO  impl.RaftServerImpl (RaftServerImpl.java:setRole(184)) - 58095e90-3010-492a-9083-43cf2e035c3f@group-BCADF287A12B: changes role from  FOLLOWER to FOLLOWER at term 503 for recognizeCandidate:9127dd83-037b-4d39-812f-66db56af525a
2019-10-30 05:54:05,602 [grpc-default-executor-1] INFO  impl.RoleInfo (RoleInfo.java:shutdownFollowerState(121)) - 58095e90-3010-492a-9083-43cf2e035c3f: shutdown FollowerState
2019-10-30 05:54:05,602 [Thread-3268] INFO  impl.FollowerState (FollowerState.java:run(117)) - 7fae3aed-4e76-4283-a599-f93f794625ab@group-BCADF287A12B-FollowerState was interrupted: java.lang.InterruptedException: sleep interrupted
2019-10-30 05:54:05,601 [grpc-default-executor-0] INFO  impl.RoleInfo (RoleInfo.java:updateAndGet(143)) - 7fae3aed-4e76-4283-a599-f93f794625ab: start FollowerState
2019-10-30 05:54:05,602 [Thread-3269] INFO  impl.FollowerState (FollowerState.java:run(117)) - 58095e90-3010-492a-9083-43cf2e035c3f@group-BCADF287A12B-FollowerState was interrupted: java.lang.InterruptedException: sleep interrupted
2019-10-30 05:54:05,602 [grpc-default-executor-1] INFO  impl.RoleInfo (RoleInfo.java:updateAndGet(143)) - 58095e90-3010-492a-9083-43cf2e035c3f: start FollowerState
2019-10-30 05:54:05,616 [9127dd83-037b-4d39-812f-66db56af525a@group-BCADF287A12B-LeaderElection449] INFO  impl.LeaderElection (LeaderElection.java:logAndReturn(56)) - 9127dd83-037b-4d39-812f-66db56af525a@group-BCADF287A12B-LeaderElection449: Election REJECTED; received 2 response(s) [9127dd83-037b-4d39-812f-66db56af525a<-7fae3aed-4e76-4283-a599-f93f794625ab#0:FAIL-t503, 9127dd83-037b-4d39-812f-66db56af525a<-58095e90-3010-492a-9083-43cf2e035c3f#0:FAIL-t503] and 0 exception(s); 9127dd83-037b-4d39-812f-66db56af525a@group-BCADF287A12B:t503, leader=null, voted=9127dd83-037b-4d39-812f-66db56af525a, raftlog=9127dd83-037b-4d39-812f-66db56af525a@group-BCADF287A12B-SegmentedRaftLog:OPENED:c-1,f-1,i0, conf=-1: [7fae3aed-4e76-4283-a599-f93f794625ab:192.168.34.21:41352, 58095e90-3010-492a-9083-43cf2e035c3f:192.168.34.21:45284, 9127dd83-037b-4d39-812f-66db56af525a:192.168.34.21:42063], old=null
2019-10-30 05:54:05,616 [9127dd83-037b-4d39-812f-66db56af525a@group-BCADF287A12B-LeaderElection449] INFO  impl.RaftServerImpl (RaftServerImpl.java:setRole(184)) - 9127dd83-037b-4d39-812f-66db56af525a@group-BCADF287A12B: changes role from CANDIDATE to FOLLOWER at term 503 for DISCOVERED_A_NEW_TERM
2019-10-30 05:54:05,616 [9127dd83-037b-4d39-812f-66db56af525a@group-BCADF287A12B-LeaderElection449] INFO  impl.RoleInfo (RoleInfo.java:shutdownLeaderElection(134)) - 9127dd83-037b-4d39-812f-66db56af525a: shutdown LeaderElection
2019-10-30 05:54:05,616 [9127dd83-037b-4d39-812f-66db56af525a@group-BCADF287A12B-LeaderElection449] INFO  impl.RoleInfo (RoleInfo.java:updateAndGet(143)) - 9127dd83-037b-4d39-812f-66db56af525a: start FollowerState
2019-10-30 05:54:05,686 [Thread-3276] INFO  impl.FollowerState (FollowerState.java:run(108)) - 9127dd83-037b-4d39-812f-66db56af525a@group-BCADF287A12B-FollowerState: change to CANDIDATE, lastRpcTime:70ms, electionTimeout:70ms
2019-10-30 05:54:05,687 [Thread-3276] INFO  impl.RoleInfo (RoleInfo.java:shutdownFollowerState(121)) - 9127dd83-037b-4d39-812f-66db56af525a: shutdown FollowerState
2019-10-30 05:54:05,687 [Thread-3276] INFO  impl.RaftServerImpl (RaftServerImpl.java:setRole(184)) - 9127dd83-037b-4d39-812f-66db56af525a@group-BCADF287A12B: changes role from  FOLLOWER to CANDIDATE at term 503 for changeToCandidate
2019-10-30 05:54:05,687 [Thread-3276] INFO  impl.RoleInfo (RoleInfo.java:updateAndGet(143)) - 9127dd83-037b-4d39-812f-66db56af525a: start LeaderElection
2019-10-30 05:54:05,700 [9127dd83-037b-4d39-812f-66db56af525a@group-BCADF287A12B-LeaderElection450] INFO  impl.LeaderElection (LeaderElection.java:askForVotes(178)) - 9127dd83-037b-4d39-812f-66db56af525a@group-BCADF287A12B-LeaderElection450: begin an election at term 504 for -1: [7fae3aed-4e76-4283-a599-f93f794625ab:192.168.34.21:41352, 58095e90-3010-492a-9083-43cf2e035c3f:192.168.34.21:45284, 9127dd83-037b-4d39-812f-66db56af525a:192.168.34.21:42063], old=null
2019-10-30 05:54:05,702 [grpc-default-executor-0] INFO  impl.RaftServerImpl (RaftServerImpl.java:setRole(184)) - 7fae3aed-4e76-4283-a599-f93f794625ab@group-BCADF287A12B: changes role from  FOLLOWER to FOLLOWER at term 504 for recognizeCandidate:9127dd83-037b-4d39-812f-66db56af525a
2019-10-30 05:54:05,703 [grpc-default-executor-0] INFO  impl.RoleInfo (RoleInfo.java:shutdownFollowerState(121)) - 7fae3aed-4e76-4283-a599-f93f794625ab: shutdown FollowerState
2019-10-30 05:54:05,703 [grpc-default-executor-1] INFO  impl.RaftServerImpl (RaftServerImpl.java:setRole(184)) - 58095e90-3010-492a-9083-43cf2e035c3f@group-BCADF287A12B: changes role from  FOLLOWER to FOLLOWER at term 504 for recognizeCandidate:9127dd83-037b-4d39-812f-66db56af525a
2019-10-30 05:54:05,703 [grpc-default-executor-1] INFO  impl.RoleInfo (RoleInfo.java:shutdownFollowerState(121)) - 58095e90-3010-492a-9083-43cf2e035c3f: shutdown FollowerState
2019-10-30 05:54:05,703 [Thread-3274] INFO  impl.FollowerState (FollowerState.java:run(117)) - 7fae3aed-4e76-4283-a599-f93f794625ab@group-BCADF287A12B-FollowerState was interrupted: java.lang.InterruptedException: sleep interrupted
2019-10-30 05:54:05,703 [grpc-default-executor-0] INFO  impl.RoleInfo (RoleInfo.java:updateAndGet(143)) - 7fae3aed-4e76-4283-a599-f93f794625ab: start FollowerState
2019-10-30 05:54:05,703 [Thread-3275] INFO  impl.FollowerState (FollowerState.java:run(117)) - 58095e90-3010-492a-9083-43cf2e035c3f@group-BCADF287A12B-FollowerState was interrupted: java.lang.InterruptedException: sleep interrupted
2019-10-30 05:54:05,703 [grpc-default-executor-1] INFO  impl.RoleInfo (RoleInfo.java:updateAndGet(143)) - 58095e90-3010-492a-9083-43cf2e035c3f: start FollowerState
2019-10-30 05:54:05,717 [9127dd83-037b-4d39-812f-66db56af525a@group-BCADF287A12B-LeaderElection450] INFO  impl.LeaderElection (LeaderElection.java:logAndReturn(56)) - 9127dd83-037b-4d39-812f-66db56af525a@group-BCADF287A12B-LeaderElection450: Election REJECTED; received 2 response(s) [9127dd83-037b-4d39-812f-66db56af525a<-7fae3aed-4e76-4283-a599-f93f794625ab#0:FAIL-t504, 9127dd83-037b-4d39-812f-66db56af525a<-58095e90-3010-492a-9083-43cf2e035c3f#0:FAIL-t504] and 0 exception(s); 9127dd83-037b-4d39-812f-66db56af525a@group-BCADF287A12B:t504, leader=null, voted=9127dd83-037b-4d39-812f-66db56af525a, raftlog=9127dd83-037b-4d39-812f-66db56af525a@group-BCADF287A12B-SegmentedRaftLog:OPENED:c-1,f-1,i0, conf=-1: [7fae3aed-4e76-4283-a599-f93f794625ab:192.168.34.21:41352, 58095e90-3010-492a-9083-43cf2e035c3f:192.168.34.21:45284, 9127dd83-037b-4d39-812f-66db56af525a:192.168.34.21:42063], old=null
2019-10-30 05:54:05,717 [9127dd83-037b-4d39-812f-66db56af525a@group-BCADF287A12B-LeaderElection450] INFO  impl.RaftServerImpl (RaftServerImpl.java:setRole(184)) - 9127dd83-037b-4d39-812f-66db56af525a@group-BCADF287A12B: changes role from CANDIDATE to FOLLOWER at term 504 for DISCOVERED_A_NEW_TERM
2019-10-30 05:54:05,717 [9127dd83-037b-4d39-812f-66db56af525a@group-BCADF287A12B-LeaderElection450] INFO  impl.RoleInfo (RoleInfo.java:shutdownLeaderElection(134)) - 9127dd83-037b-4d39-812f-66db56af525a: shutdown LeaderElection
2019-10-30 05:54:05,717 [9127dd83-037b-4d39-812f-66db56af525a@group-BCADF287A12B-LeaderElection450] INFO  impl.RoleInfo (RoleInfo.java:updateAndGet(143)) - 9127dd83-037b-4d39-812f-66db56af525a: start FollowerState
2019-10-30 05:54:05,762 [Thread-3284] INFO  impl.FollowerState (FollowerState.java:run(108)) - 9127dd83-037b-4d39-812f-66db56af525a@group-BCADF287A12B-FollowerState: change to CANDIDATE, lastRpcTime:45ms, electionTimeout:45ms
2019-10-30 05:54:05,763 [Thread-3284] INFO  impl.RoleInfo (RoleInfo.java:shutdownFollowerState(121)) - 9127dd83-037b-4d39-812f-66db56af525a: shutdown FollowerState
2019-10-30 05:54:05,763 [Thread-3284] INFO  impl.RaftServerImpl (RaftServerImpl.java:setRole(184)) - 9127dd83-037b-4d39-812f-66db56af525a@group-BCADF287A12B: changes role from  FOLLOWER to CANDIDATE at term 504 for changeToCandidate
2019-10-30 05:54:05,763 [Thread-3284] INFO  impl.RoleInfo (RoleInfo.java:updateAndGet(143)) - 9127dd83-037b-4d39-812f-66db56af525a: start LeaderElection
2019-10-30 05:54:05,777 [9127dd83-037b-4d39-812f-66db56af525a@group-BCADF287A12B-LeaderElection451] INFO  impl.LeaderElection (LeaderElection.java:askForVotes(178)) - 9127dd83-037b-4d39-812f-66db56af525a@group-BCADF287A12B-LeaderElection451: begin an election at term 505 for -1: [7fae3aed-4e76-4283-a599-f93f794625ab:192.168.34.21:41352, 58095e90-3010-492a-9083-43cf2e035c3f:192.168.34.21:45284, 9127dd83-037b-4d39-812f-66db56af525a:192.168.34.21:42063], old=null
2019-10-30 05:54:05,779 [grpc-default-executor-1] INFO  impl.RaftServerImpl (RaftServerImpl.java:setRole(184)) - 7fae3aed-4e76-4283-a599-f93f794625ab@group-BCADF287A12B: changes role from  FOLLOWER to FOLLOWER at term 505 for recognizeCandidate:9127dd83-037b-4d39-812f-66db56af525a
2019-10-30 05:54:05,779 [grpc-default-executor-1] INFO  impl.RoleInfo (RoleInfo.java:shutdownFollowerState(121)) - 7fae3aed-4e76-4283-a599-f93f794625ab: shutdown FollowerState
2019-10-30 05:54:05,779 [grpc-default-executor-0] INFO  impl.RaftServerImpl (RaftServerImpl.java:setRole(184)) - 58095e90-3010-492a-9083-43cf2e035c3f@group-BCADF287A12B: changes role from  FOLLOWER to FOLLOWER at term 505 for recognizeCandidate:9127dd83-037b-4d39-812f-66db56af525a
2019-10-30 05:54:05,779 [grpc-default-executor-1] INFO  impl.RoleInfo (RoleInfo.java:updateAndGet(143)) - 7fae3aed-4e76-4283-a599-f93f794625ab: start FollowerState
2019-10-30 05:54:05,779 [grpc-default-executor-0] INFO  impl.RoleInfo (RoleInfo.java:shutdownFollowerState(121)) - 58095e90-3010-492a-9083-43cf2e035c3f: shutdown FollowerState
2019-10-30 05:54:05,779 [Thread-3282] INFO  impl.FollowerState (FollowerState.java:run(117)) - 7fae3aed-4e76-4283-a599-f93f794625ab@group-BCADF287A12B-FollowerState was interrupted: java.lang.InterruptedException: sleep interrupted
2019-10-30 05:54:05,779 [Thread-3283] INFO  impl.FollowerState (FollowerState.java:run(117)) - 58095e90-3010-492a-9083-43cf2e035c3f@group-BCADF287A12B-FollowerState was interrupted: java.lang.InterruptedException: sleep interrupted
2019-10-30 05:54:05,779 [grpc-default-executor-0] INFO  impl.RoleInfo (RoleInfo.java:updateAndGet(143)) - 58095e90-3010-492a-9083-43cf2e035c3f: start FollowerState
2019-10-30 05:54:05,793 [9127dd83-037b-4d39-812f-66db56af525a@group-BCADF287A12B-LeaderElection451] INFO  impl.LeaderElection (LeaderElection.java:logAndReturn(56)) - 9127dd83-037b-4d39-812f-66db56af525a@group-BCADF287A12B-LeaderElection451: Election REJECTED; received 2 response(s) [9127dd83-037b-4d39-812f-66db56af525a<-7fae3aed-4e76-4283-a599-f93f794625ab#0:FAIL-t505, 9127dd83-037b-4d39-812f-66db56af525a<-58095e90-3010-492a-9083-43cf2e035c3f#0:FAIL-t505] and 0 exception(s); 9127dd83-037b-4d39-812f-66db56af525a@group-BCADF287A12B:t505, leader=null, voted=9127dd83-037b-4d39-812f-66db56af525a, raftlog=9127dd83-037b-4d39-812f-66db56af525a@group-BCADF287A12B-SegmentedRaftLog:OPENED:c-1,f-1,i0, conf=-1: [7fae3aed-4e76-4283-a599-f93f794625ab:192.168.34.21:41352, 58095e90-3010-492a-9083-43cf2e035c3f:192.168.34.21:45284, 9127dd83-037b-4d39-812f-66db56af525a:192.168.34.21:42063], old=null
2019-10-30 05:54:05,793 [9127dd83-037b-4d39-812f-66db56af525a@group-BCADF287A12B-LeaderElection451] INFO  impl.RaftServerImpl (RaftServerImpl.java:setRole(184)) - 9127dd83-037b-4d39-812f-66db56af525a@group-BCADF287A12B: changes role from CANDIDATE to FOLLOWER at term 505 for DISCOVERED_A_NEW_TERM
2019-10-30 05:54:05,793 [9127dd83-037b-4d39-812f-66db56af525a@group-BCADF287A12B-LeaderElection451] INFO  impl.RoleInfo (RoleInfo.java:shutdownLeaderElection(134)) - 9127dd83-037b-4d39-812f-66db56af525a: shutdown LeaderElection
2019-10-30 05:54:05,794 [9127dd83-037b-4d39-812f-66db56af525a@group-BCADF287A12B-LeaderElection451] INFO  impl.RoleInfo (RoleInfo.java:updateAndGet(143)) - 9127dd83-037b-4d39-812f-66db56af525a: start FollowerState
2019-10-30 05:54:05,942 [Thread-3290] INFO  impl.FollowerState (FollowerState.java:run(108)) - 9127dd83-037b-4d39-812f-66db56af525a@group-BCADF287A12B-FollowerState: change to CANDIDATE, lastRpcTime:148ms, electionTimeout:148ms
2019-10-30 05:54:05,942 [Thread-3290] INFO  impl.RoleInfo (RoleInfo.java:shutdownFollowerState(121)) - 9127dd83-037b-4d39-812f-66db56af525a: shutdown FollowerState
2019-10-30 05:54:05,942 [Thread-3290] INFO  impl.RaftServerImpl (RaftServerImpl.java:setRole(184)) - 9127dd83-037b-4d39-812f-66db56af525a@group-BCADF287A12B: changes role from  FOLLOWER to CANDIDATE at term 505 for changeToCandidate
2019-10-30 05:54:05,943 [Thread-3290] INFO  impl.RoleInfo (RoleInfo.java:updateAndGet(143)) - 9127dd83-037b-4d39-812f-66db56af525a: start LeaderElection
2019-10-30 05:54:05,956 [9127dd83-037b-4d39-812f-66db56af525a@group-BCADF287A12B-LeaderElection452] INFO  impl.LeaderElection (LeaderElection.java:askForVotes(178)) - 9127dd83-037b-4d39-812f-66db56af525a@group-BCADF287A12B-LeaderElection452: begin an election at term 506 for -1: [7fae3aed-4e76-4283-a599-f93f794625ab:192.168.34.21:41352, 58095e90-3010-492a-9083-43cf2e035c3f:192.168.34.21:45284, 9127dd83-037b-4d39-812f-66db56af525a:192.168.34.21:42063], old=null
2019-10-30 05:54:05,958 [grpc-default-executor-1] INFO  impl.RaftServerImpl (RaftServerImpl.java:setRole(184)) - 7fae3aed-4e76-4283-a599-f93f794625ab@group-BCADF287A12B: changes role from  FOLLOWER to FOLLOWER at term 506 for recognizeCandidate:9127dd83-037b-4d39-812f-66db56af525a
2019-10-30 05:54:05,958 [grpc-default-executor-0] INFO  impl.RaftServerImpl (RaftServerImpl.java:setRole(184)) - 58095e90-3010-492a-9083-43cf2e035c3f@group-BCADF287A12B: changes role from  FOLLOWER to FOLLOWER at term 506 for recognizeCandidate:9127dd83-037b-4d39-812f-66db56af525a
2019-10-30 05:54:05,958 [grpc-default-executor-0] INFO  impl.RoleInfo (RoleInfo.java:shutdownFollowerState(121)) - 58095e90-3010-492a-9083-43cf2e035c3f: shutdown FollowerState
2019-10-30 05:54:05,958 [grpc-default-executor-1] INFO  impl.RoleInfo (RoleInfo.java:shutdownFollowerState(121)) - 7fae3aed-4e76-4283-a599-f93f794625ab: shutdown FollowerState
2019-10-30 05:54:05,958 [Thread-3289] INFO  impl.FollowerState (FollowerState.java:run(117)) - 58095e90-3010-492a-9083-43cf2e035c3f@group-BCADF287A12B-FollowerState was interrupted: java.lang.InterruptedException: sleep interrupted
2019-10-30 05:54:05,958 [grpc-default-executor-0] INFO  impl.RoleInfo (RoleInfo.java:updateAndGet(143)) - 58095e90-3010-492a-9083-43cf2e035c3f: start FollowerState
2019-10-30 05:54:05,958 [Thread-3288] INFO  impl.FollowerState (FollowerState.java:run(117)) - 7fae3aed-4e76-4283-a599-f93f794625ab@group-BCADF287A12B-FollowerState was interrupted: java.lang.InterruptedException: sleep interrupted
2019-10-30 05:54:05,958 [grpc-default-executor-1] INFO  impl.RoleInfo (RoleInfo.java:updateAndGet(143)) - 7fae3aed-4e76-4283-a599-f93f794625ab: start FollowerState
2019-10-30 05:54:05,973 [9127dd83-037b-4d39-812f-66db56af525a@group-BCADF287A12B-LeaderElection452] INFO  impl.LeaderElection (LeaderElection.java:logAndReturn(56)) - 9127dd83-037b-4d39-812f-66db56af525a@group-BCADF287A12B-LeaderElection452: Election REJECTED; received 2 response(s) [9127dd83-037b-4d39-812f-66db56af525a<-7fae3aed-4e76-4283-a599-f93f794625ab#0:FAIL-t506, 9127dd83-037b-4d39-812f-66db56af525a<-58095e90-3010-492a-9083-43cf2e035c3f#0:FAIL-t506] and 0 exception(s); 9127dd83-037b-4d39-812f-66db56af525a@group-BCADF287A12B:t506, leader=null, voted=9127dd83-037b-4d39-812f-66db56af525a, raftlog=9127dd83-037b-4d39-812f-66db56af525a@group-BCADF287A12B-SegmentedRaftLog:OPENED:c-1,f-1,i0, conf=-1: [7fae3aed-4e76-4283-a599-f93f794625ab:192.168.34.21:41352, 58095e90-3010-492a-9083-43cf2e035c3f:192.168.34.21:45284, 9127dd83-037b-4d39-812f-66db56af525a:192.168.34.21:42063], old=null
2019-10-30 05:54:05,973 [9127dd83-037b-4d39-812f-66db56af525a@group-BCADF287A12B-LeaderElection452] INFO  impl.RaftServerImpl (RaftServerImpl.java:setRole(184)) - 9127dd83-037b-4d39-812f-66db56af525a@group-BCADF287A12B: changes role from CANDIDATE to FOLLOWER at term 506 for DISCOVERED_A_NEW_TERM
2019-10-30 05:54:05,973 [9127dd83-037b-4d39-812f-66db56af525a@group-BCADF287A12B-LeaderElection452] INFO  impl.RoleInfo (RoleInfo.java:shutdownLeaderElection(134)) - 9127dd83-037b-4d39-812f-66db56af525a: shutdown LeaderElection
2019-10-30 05:54:05,973 [9127dd83-037b-4d39-812f-66db56af525a@group-BCADF287A12B-LeaderElection452] INFO  impl.RoleInfo (RoleInfo.java:updateAndGet(143)) - 9127dd83-037b-4d39-812f-66db56af525a: start FollowerState
2019-10-30 05:54:05,980 [Thread-3296] INFO  impl.FollowerState (FollowerState.java:run(108)) - 9127dd83-037b-4d39-812f-66db56af525a@group-BCADF287A12B-FollowerState: change to CANDIDATE, lastRpcTime:7ms, electionTimeout:7ms
2019-10-30 05:54:05,980 [Thread-3296] INFO  impl.RoleInfo (RoleInfo.java:shutdownFollowerState(121)) - 9127dd83-037b-4d39-812f-66db56af525a: shutdown FollowerState
2019-10-30 05:54:05,981 [Thread-3296] INFO  impl.RaftServerImpl (RaftServerImpl.java:setRole(184)) - 9127dd83-037b-4d39-812f-66db56af525a@group-BCADF287A12B: changes role from  FOLLOWER to CANDIDATE at term 506 for changeToCandidate
2019-10-30 05:54:05,981 [Thread-3296] INFO  impl.RoleInfo (RoleInfo.java:updateAndGet(143)) - 9127dd83-037b-4d39-812f-66db56af525a: start LeaderElection
2019-10-30 05:54:05,993 [9127dd83-037b-4d39-812f-66db56af525a@group-BCADF287A12B-LeaderElection453] INFO  impl.LeaderElection (LeaderElection.java:askForVotes(178)) - 9127dd83-037b-4d39-812f-66db56af525a@group-BCADF287A12B-LeaderElection453: begin an election at term 507 for -1: [7fae3aed-4e76-4283-a599-f93f794625ab:192.168.34.21:41352, 58095e90-3010-492a-9083-43cf2e035c3f:192.168.34.21:45284, 9127dd83-037b-4d39-812f-66db56af525a:192.168.34.21:42063], old=null
2019-10-30 05:54:05,995 [grpc-default-executor-0] INFO  impl.RaftServerImpl (RaftServerImpl.java:setRole(184)) - 7fae3aed-4e76-4283-a599-f93f794625ab@group-BCADF287A12B: changes role from  FOLLOWER to FOLLOWER at term 507 for recognizeCandidate:9127dd83-037b-4d39-812f-66db56af525a
2019-10-30 05:54:05,995 [grpc-default-executor-1] INFO  impl.RaftServerImpl (RaftServerImpl.java:setRole(184)) - 58095e90-3010-492a-9083-43cf2e035c3f@group-BCADF287A12B: changes role from  FOLLOWER to FOLLOWER at term 507 for recognizeCandidate:9127dd83-037b-4d39-812f-66db56af525a
2019-10-30 05:54:05,995 [grpc-default-executor-1] INFO  impl.RoleInfo (RoleInfo.java:shutdownFollowerState(121)) - 58095e90-3010-492a-9083-43cf2e035c3f: shutdown FollowerState
2019-10-30 05:54:05,995 [grpc-default-executor-0] INFO  impl.RoleInfo (RoleInfo.java:shutdownFollowerState(121)) - 7fae3aed-4e76-4283-a599-f93f794625ab: shutdown FollowerState
2019-10-30 05:54:05,995 [Thread-3294] INFO  impl.FollowerState (FollowerState.java:run(117)) - 58095e90-3010-492a-9083-43cf2e035c3f@group-BCADF287A12B-FollowerState was interrupted: java.lang.InterruptedException: sleep interrupted
2019-10-30 05:54:05,995 [grpc-default-executor-1] INFO  impl.RoleInfo (RoleInfo.java:updateAndGet(143)) - 58095e90-3010-492a-9083-43cf2e035c3f: start FollowerState
2019-10-30 05:54:05,995 [Thread-3295] INFO  impl.FollowerState (FollowerState.java:run(117)) - 7fae3aed-4e76-4283-a599-f93f794625ab@group-BCADF287A12B-FollowerState was interrupted: java.lang.InterruptedException: sleep interrupted
2019-10-30 05:54:05,995 [grpc-default-executor-0] INFO  impl.RoleInfo (RoleInfo.java:updateAndGet(143)) - 7fae3aed-4e76-4283-a599-f93f794625ab: start FollowerState
2019-10-30 05:54:06,028 [9127dd83-037b-4d39-812f-66db56af525a@group-BCADF287A12B-LeaderElection453] INFO  impl.LeaderElection (LeaderElection.java:logAndReturn(56)) - 9127dd83-037b-4d39-812f-66db56af525a@group-BCADF287A12B-LeaderElection453: Election REJECTED; received 2 response(s) [9127dd83-037b-4d39-812f-66db56af525a<-7fae3aed-4e76-4283-a599-f93f794625ab#0:FAIL-t507, 9127dd83-037b-4d39-812f-66db56af525a<-58095e90-3010-492a-9083-43cf2e035c3f#0:FAIL-t507] and 0 exception(s); 9127dd83-037b-4d39-812f-66db56af525a@group-BCADF287A12B:t507, leader=null, voted=9127dd83-037b-4d39-812f-66db56af525a, raftlog=9127dd83-037b-4d39-812f-66db56af525a@group-BCADF287A12B-SegmentedRaftLog:OPENED:c-1,f-1,i0, conf=-1: [7fae3aed-4e76-4283-a599-f93f794625ab:192.168.34.21:41352, 58095e90-3010-492a-9083-43cf2e035c3f:192.168.34.21:45284, 9127dd83-037b-4d39-812f-66db56af525a:192.168.34.21:42063], old=null
2019-10-30 05:54:06,028 [9127dd83-037b-4d39-812f-66db56af525a@group-BCADF287A12B-LeaderElection453] INFO  impl.RaftServerImpl (RaftServerImpl.java:setRole(184)) - 9127dd83-037b-4d39-812f-66db56af525a@group-BCADF287A12B: changes role from CANDIDATE to FOLLOWER at term 507 for DISCOVERED_A_NEW_TERM
2019-10-30 05:54:06,028 [9127dd83-037b-4d39-812f-66db56af525a@group-BCADF287A12B-LeaderElection453] INFO  impl.RoleInfo (RoleInfo.java:shutdownLeaderElection(134)) - 9127dd83-037b-4d39-812f-66db56af525a: shutdown LeaderElection
2019-10-30 05:54:06,028 [9127dd83-037b-4d39-812f-66db56af525a@group-BCADF287A12B-LeaderElection453] INFO  impl.RoleInfo (RoleInfo.java:updateAndGet(143)) - 9127dd83-037b-4d39-812f-66db56af525a: start FollowerState
2019-10-30 05:54:06,081 [Thread-3302] INFO  impl.FollowerState (FollowerState.java:run(108)) - 9127dd83-037b-4d39-812f-66db56af525a@group-BCADF287A12B-FollowerState: change to CANDIDATE, lastRpcTime:53ms, electionTimeout:53ms
2019-10-30 05:54:06,082 [Thread-3302] INFO  impl.RoleInfo (RoleInfo.java:shutdownFollowerState(121)) - 9127dd83-037b-4d39-812f-66db56af525a: shutdown FollowerState
2019-10-30 05:54:06,082 [Thread-3302] INFO  impl.RaftServerImpl (RaftServerImpl.java:setRole(184)) - 9127dd83-037b-4d39-812f-66db56af525a@group-BCADF287A12B: changes role from  FOLLOWER to CANDIDATE at term 507 for changeToCandidate
2019-10-30 05:54:06,082 [Thread-3302] INFO  impl.RoleInfo (RoleInfo.java:updateAndGet(143)) - 9127dd83-037b-4d39-812f-66db56af525a: start LeaderElection
2019-10-30 05:54:06,104 [9127dd83-037b-4d39-812f-66db56af525a@group-BCADF287A12B-LeaderElection454] INFO  impl.LeaderElection (LeaderElection.java:askForVotes(178)) - 9127dd83-037b-4d39-812f-66db56af525a@group-BCADF287A12B-LeaderElection454: begin an election at term 508 for -1: [7fae3aed-4e76-4283-a599-f93f794625ab:192.168.34.21:41352, 58095e90-3010-492a-9083-43cf2e035c3f:192.168.34.21:45284, 9127dd83-037b-4d39-812f-66db56af525a:192.168.34.21:42063], old=null
2019-10-30 05:54:06,105 [grpc-default-executor-0] INFO  impl.RaftServerImpl (RaftServerImpl.java:setRole(184)) - 7fae3aed-4e76-4283-a599-f93f794625ab@group-BCADF287A12B: changes role from  FOLLOWER to FOLLOWER at term 508 for recognizeCandidate:9127dd83-037b-4d39-812f-66db56af525a
2019-10-30 05:54:06,105 [grpc-default-executor-0] INFO  impl.RoleInfo (RoleInfo.java:shutdownFollowerState(121)) - 7fae3aed-4e76-4283-a599-f93f794625ab: shutdown FollowerState
2019-10-30 05:54:06,105 [grpc-default-executor-1] INFO  impl.RaftServerImpl (RaftServerImpl.java:setRole(184)) - 58095e90-3010-492a-9083-43cf2e035c3f@group-BCADF287A12B: changes role from  FOLLOWER to FOLLOWER at term 508 for recognizeCandidate:9127dd83-037b-4d39-812f-66db56af525a
2019-10-30 05:54:06,105 [Thread-3301] INFO  impl.FollowerState (FollowerState.java:run(117)) - 7fae3aed-4e76-4283-a599-f93f794625ab@group-BCADF287A12B-FollowerState was interrupted: java.lang.InterruptedException: sleep interrupted
2019-10-30 05:54:06,105 [grpc-default-executor-0] INFO  impl.RoleInfo (RoleInfo.java:updateAndGet(143)) - 7fae3aed-4e76-4283-a599-f93f794625ab: start FollowerState
2019-10-30 05:54:06,105 [grpc-default-executor-1] INFO  impl.RoleInfo (RoleInfo.java:shutdownFollowerState(121)) - 58095e90-3010-492a-9083-43cf2e035c3f: shutdown FollowerState
2019-10-30 05:54:06,106 [Thread-3300] INFO  impl.FollowerState (FollowerState.java:run(117)) - 58095e90-3010-492a-9083-43cf2e035c3f@group-BCADF287A12B-FollowerState was interrupted: java.lang.InterruptedException: sleep interrupted
2019-10-30 05:54:06,106 [grpc-default-executor-1] INFO  impl.RoleInfo (RoleInfo.java:updateAndGet(143)) - 58095e90-3010-492a-9083-43cf2e035c3f: start FollowerState
2019-10-30 05:54:06,119 [9127dd83-037b-4d39-812f-66db56af525a@group-BCADF287A12B-LeaderElection454] INFO  impl.LeaderElection (LeaderElection.java:logAndReturn(56)) - 9127dd83-037b-4d39-812f-66db56af525a@group-BCADF287A12B-LeaderElection454: Election REJECTED; received 2 response(s) [9127dd83-037b-4d39-812f-66db56af525a<-7fae3aed-4e76-4283-a599-f93f794625ab#0:FAIL-t508, 9127dd83-037b-4d39-812f-66db56af525a<-58095e90-3010-492a-9083-43cf2e035c3f#0:FAIL-t508] and 0 exception(s); 9127dd83-037b-4d39-812f-66db56af525a@group-BCADF287A12B:t508, leader=null, voted=9127dd83-037b-4d39-812f-66db56af525a, raftlog=9127dd83-037b-4d39-812f-66db56af525a@group-BCADF287A12B-SegmentedRaftLog:OPENED:c-1,f-1,i0, conf=-1: [7fae3aed-4e76-4283-a599-f93f794625ab:192.168.34.21:41352, 58095e90-3010-492a-9083-43cf2e035c3f:192.168.34.21:45284, 9127dd83-037b-4d39-812f-66db56af525a:192.168.34.21:42063], old=null
2019-10-30 05:54:06,120 [9127dd83-037b-4d39-812f-66db56af525a@group-BCADF287A12B-LeaderElection454] INFO  impl.RaftServerImpl (RaftServerImpl.java:setRole(184)) - 9127dd83-037b-4d39-812f-66db56af525a@group-BCADF287A12B: changes role from CANDIDATE to FOLLOWER at term 508 for DISCOVERED_A_NEW_TERM
2019-10-30 05:54:06,120 [9127dd83-037b-4d39-812f-66db56af525a@group-BCADF287A12B-LeaderElection454] INFO  impl.RoleInfo (RoleInfo.java:shutdownLeaderElection(134)) - 9127dd83-037b-4d39-812f-66db56af525a: shutdown LeaderElection
2019-10-30 05:54:06,120 [9127dd83-037b-4d39-812f-66db56af525a@group-BCADF287A12B-LeaderElection454] INFO  impl.RoleInfo (RoleInfo.java:updateAndGet(143)) - 9127dd83-037b-4d39-812f-66db56af525a: start FollowerState
2019-10-30 05:54:06,122 [Thread-3308] INFO  impl.FollowerState (FollowerState.java:run(108)) - 9127dd83-037b-4d39-812f-66db56af525a@group-BCADF287A12B-FollowerState: change to CANDIDATE, lastRpcTime:2ms, electionTimeout:2ms
2019-10-30 05:54:06,122 [Thread-3308] INFO  impl.RoleInfo (RoleInfo.java:shutdownFollowerState(121)) - 9127dd83-037b-4d39-812f-66db56af525a: shutdown FollowerState
2019-10-30 05:54:06,122 [Thread-3308] INFO  impl.RaftServerImpl (RaftServerImpl.java:setRole(184)) - 9127dd83-037b-4d39-812f-66db56af525a@group-BCADF287A12B: changes role from  FOLLOWER to CANDIDATE at term 508 for changeToCandidate
2019-10-30 05:54:06,122 [Thread-3308] INFO  impl.RoleInfo (RoleInfo.java:updateAndGet(143)) - 9127dd83-037b-4d39-812f-66db56af525a: start LeaderElection
2019-10-30 05:54:06,135 [9127dd83-037b-4d39-812f-66db56af525a@group-BCADF287A12B-LeaderElection455] INFO  impl.LeaderElection (LeaderElection.java:askForVotes(178)) - 9127dd83-037b-4d39-812f-66db56af525a@group-BCADF287A12B-LeaderElection455: begin an election at term 509 for -1: [7fae3aed-4e76-4283-a599-f93f794625ab:192.168.34.21:41352, 58095e90-3010-492a-9083-43cf2e035c3f:192.168.34.21:45284, 9127dd83-037b-4d39-812f-66db56af525a:192.168.34.21:42063], old=null
2019-10-30 05:54:06,136 [grpc-default-executor-0] INFO  impl.RaftServerImpl (RaftServerImpl.java:setRole(184)) - 7fae3aed-4e76-4283-a599-f93f794625ab@group-BCADF287A12B: changes role from  FOLLOWER to FOLLOWER at term 509 for recognizeCandidate:9127dd83-037b-4d39-812f-66db56af525a
2019-10-30 05:54:06,136 [grpc-default-executor-1] INFO  impl.RaftServerImpl (RaftServerImpl.java:setRole(184)) - 58095e90-3010-492a-9083-43cf2e035c3f@group-BCADF287A12B: changes role from  FOLLOWER to FOLLOWER at term 509 for recognizeCandidate:9127dd83-037b-4d39-812f-66db56af525a
2019-10-30 05:54:06,136 [grpc-default-executor-0] INFO  impl.RoleInfo (RoleInfo.java:shutdownFollowerState(121)) - 7fae3aed-4e76-4283-a599-f93f794625ab: shutdown FollowerState
2019-10-30 05:54:06,136 [grpc-default-executor-1] INFO  impl.RoleInfo (RoleInfo.java:shutdownFollowerState(121)) - 58095e90-3010-492a-9083-43cf2e035c3f: shutdown FollowerState
2019-10-30 05:54:06,137 [grpc-default-executor-0] INFO  impl.RoleInfo (RoleInfo.java:updateAndGet(143)) - 7fae3aed-4e76-4283-a599-f93f794625ab: start FollowerState
2019-10-30 05:54:06,137 [Thread-3307] INFO  impl.FollowerState (FollowerState.java:run(117)) - 58095e90-3010-492a-9083-43cf2e035c3f@group-BCADF287A12B-FollowerState was interrupted: java.lang.InterruptedException: sleep interrupted
2019-10-30 05:54:06,137 [Thread-3306] INFO  impl.FollowerState (FollowerState.java:run(117)) - 7fae3aed-4e76-4283-a599-f93f794625ab@group-BCADF287A12B-FollowerState was interrupted: java.lang.InterruptedException: sleep interrupted
2019-10-30 05:54:06,137 [grpc-default-executor-1] INFO  impl.RoleInfo (RoleInfo.java:updateAndGet(143)) - 58095e90-3010-492a-9083-43cf2e035c3f: start FollowerState
2019-10-30 05:54:06,151 [9127dd83-037b-4d39-812f-66db56af525a@group-BCADF287A12B-LeaderElection455] INFO  impl.LeaderElection (LeaderElection.java:logAndReturn(56)) - 9127dd83-037b-4d39-812f-66db56af525a@group-BCADF287A12B-LeaderElection455: Election REJECTED; received 2 response(s) [9127dd83-037b-4d39-812f-66db56af525a<-7fae3aed-4e76-4283-a599-f93f794625ab#0:FAIL-t509, 9127dd83-037b-4d39-812f-66db56af525a<-58095e90-3010-492a-9083-43cf2e035c3f#0:FAIL-t509] and 0 exception(s); 9127dd83-037b-4d39-812f-66db56af525a@group-BCADF287A12B:t509, leader=null, voted=9127dd83-037b-4d39-812f-66db56af525a, raftlog=9127dd83-037b-4d39-812f-66db56af525a@group-BCADF287A12B-SegmentedRaftLog:OPENED:c-1,f-1,i0, conf=-1: [7fae3aed-4e76-4283-a599-f93f794625ab:192.168.34.21:41352, 58095e90-3010-492a-9083-43cf2e035c3f:192.168.34.21:45284, 9127dd83-037b-4d39-812f-66db56af525a:192.168.34.21:42063], old=null
2019-10-30 05:54:06,151 [9127dd83-037b-4d39-812f-66db56af525a@group-BCADF287A12B-LeaderElection455] INFO  impl.RaftServerImpl (RaftServerImpl.java:setRole(184)) - 9127dd83-037b-4d39-812f-66db56af525a@group-BCADF287A12B: changes role from CANDIDATE to FOLLOWER at term 509 for DISCOVERED_A_NEW_TERM
2019-10-30 05:54:06,151 [9127dd83-037b-4d39-812f-66db56af525a@group-BCADF287A12B-LeaderElection455] INFO  impl.RoleInfo (RoleInfo.java:shutdownLeaderElection(134)) - 9127dd83-037b-4d39-812f-66db56af525a: shutdown LeaderElection
2019-10-30 05:54:06,151 [9127dd83-037b-4d39-812f-66db56af525a@group-BCADF287A12B-LeaderElection455] INFO  impl.RoleInfo (RoleInfo.java:updateAndGet(143)) - 9127dd83-037b-4d39-812f-66db56af525a: start FollowerState
2019-10-30 05:54:06,295 [Thread-3314] INFO  impl.FollowerState (FollowerState.java:run(108)) - 9127dd83-037b-4d39-812f-66db56af525a@group-BCADF287A12B-FollowerState: change to CANDIDATE, lastRpcTime:143ms, electionTimeout:143ms
2019-10-30 05:54:06,295 [Thread-3314] INFO  impl.RoleInfo (RoleInfo.java:shutdownFollowerState(121)) - 9127dd83-037b-4d39-812f-66db56af525a: shutdown FollowerState
2019-10-30 05:54:06,295 [Thread-3314] INFO  impl.RaftServerImpl (RaftServerImpl.java:setRole(184)) - 9127dd83-037b-4d39-812f-66db56af525a@group-BCADF287A12B: changes role from  FOLLOWER to CANDIDATE at term 509 for changeToCandidate
2019-10-30 05:54:06,295 [Thread-3314] INFO  impl.RoleInfo (RoleInfo.java:updateAndGet(143)) - 9127dd83-037b-4d39-812f-66db56af525a: start LeaderElection
2019-10-30 05:54:06,308 [9127dd83-037b-4d39-812f-66db56af525a@group-BCADF287A12B-LeaderElection456] INFO  impl.LeaderElection (LeaderElection.java:askForVotes(178)) - 9127dd83-037b-4d39-812f-66db56af525a@group-BCADF287A12B-LeaderElection456: begin an election at term 510 for -1: [7fae3aed-4e76-4283-a599-f93f794625ab:192.168.34.21:41352, 58095e90-3010-492a-9083-43cf2e035c3f:192.168.34.21:45284, 9127dd83-037b-4d39-812f-66db56af525a:192.168.34.21:42063], old=null
2019-10-30 05:54:06,309 [grpc-default-executor-1] INFO  impl.RaftServerImpl (RaftServerImpl.java:setRole(184)) - 58095e90-3010-492a-9083-43cf2e035c3f@group-BCADF287A12B: changes role from  FOLLOWER to FOLLOWER at term 510 for recognizeCandidate:9127dd83-037b-4d39-812f-66db56af525a
2019-10-30 05:54:06,310 [grpc-default-executor-0] INFO  impl.RaftServerImpl (RaftServerImpl.java:setRole(184)) - 7fae3aed-4e76-4283-a599-f93f794625ab@group-BCADF287A12B: changes role from  FOLLOWER to FOLLOWER at term 510 for recognizeCandidate:9127dd83-037b-4d39-812f-66db56af525a
2019-10-30 05:54:06,310 [grpc-default-executor-1] INFO  impl.RoleInfo (RoleInfo.java:shutdownFollowerState(121)) - 58095e90-3010-492a-9083-43cf2e035c3f: shutdown FollowerState
2019-10-30 05:54:06,310 [grpc-default-executor-0] INFO  impl.RoleInfo (RoleInfo.java:shutdownFollowerState(121)) - 7fae3aed-4e76-4283-a599-f93f794625ab: shutdown FollowerState
2019-10-30 05:54:06,310 [Thread-3313] INFO  impl.FollowerState (FollowerState.java:run(117)) - 58095e90-3010-492a-9083-43cf2e035c3f@group-BCADF287A12B-FollowerState was interrupted: java.lang.InterruptedException: sleep interrupted
2019-10-30 05:54:06,310 [grpc-default-executor-1] INFO  impl.RoleInfo (RoleInfo.java:updateAndGet(143)) - 58095e90-3010-492a-9083-43cf2e035c3f: start FollowerState
2019-10-30 05:54:06,310 [Thread-3312] INFO  impl.FollowerState (FollowerState.java:run(117)) - 7fae3aed-4e76-4283-a599-f93f794625ab@group-BCADF287A12B-FollowerState was interrupted: java.lang.InterruptedException: sleep interrupted
2019-10-30 05:54:06,310 [grpc-default-executor-0] INFO  impl.RoleInfo (RoleInfo.java:updateAndGet(143)) - 7fae3aed-4e76-4283-a599-f93f794625ab: start FollowerState
2019-10-30 05:54:06,324 [9127dd83-037b-4d39-812f-66db56af525a@group-BCADF287A12B-LeaderElection456] INFO  impl.LeaderElection (LeaderElection.java:logAndReturn(56)) - 9127dd83-037b-4d39-812f-66db56af525a@group-BCADF287A12B-LeaderElection456: Election REJECTED; received 2 response(s) [9127dd83-037b-4d39-812f-66db56af525a<-7fae3aed-4e76-4283-a599-f93f794625ab#0:FAIL-t510, 9127dd83-037b-4d39-812f-66db56af525a<-58095e90-3010-492a-9083-43cf2e035c3f#0:FAIL-t510] and 0 exception(s); 9127dd83-037b-4d39-812f-66db56af525a@group-BCADF287A12B:t510, leader=null, voted=9127dd83-037b-4d39-812f-66db56af525a, raftlog=9127dd83-037b-4d39-812f-66db56af525a@group-BCADF287A12B-SegmentedRaftLog:OPENED:c-1,f-1,i0, conf=-1: [7fae3aed-4e76-4283-a599-f93f794625ab:192.168.34.21:41352, 58095e90-3010-492a-9083-43cf2e035c3f:192.168.34.21:45284, 9127dd83-037b-4d39-812f-66db56af525a:192.168.34.21:42063], old=null
2019-10-30 05:54:06,324 [9127dd83-037b-4d39-812f-66db56af525a@group-BCADF287A12B-LeaderElection456] INFO  impl.RaftServerImpl (RaftServerImpl.java:setRole(184)) - 9127dd83-037b-4d39-812f-66db56af525a@group-BCADF287A12B: changes role from CANDIDATE to FOLLOWER at term 510 for DISCOVERED_A_NEW_TERM
2019-10-30 05:54:06,324 [9127dd83-037b-4d39-812f-66db56af525a@group-BCADF287A12B-LeaderElection456] INFO  impl.RoleInfo (RoleInfo.java:shutdownLeaderElection(134)) - 9127dd83-037b-4d39-812f-66db56af525a: shutdown LeaderElection
2019-10-30 05:54:06,324 [9127dd83-037b-4d39-812f-66db56af525a@group-BCADF287A12B-LeaderElection456] INFO  impl.RoleInfo (RoleInfo.java:updateAndGet(143)) - 9127dd83-037b-4d39-812f-66db56af525a: start FollowerState
2019-10-30 05:54:06,376 [Thread-300] INFO  ipc.Client (Client.java:handleConnectionFailure(948)) - Retrying connect to server: localhost/127.0.0.1:36330. Already tried 3 time(s); retry policy is RetryUpToMaximumCountWithFixedSleep(maxRetries=10, sleepTime=1000 MILLISECONDS)
2019-10-30 05:54:06,507 [Thread-3320] INFO  impl.FollowerState (FollowerState.java:run(108)) - 9127dd83-037b-4d39-812f-66db56af525a@group-BCADF287A12B-FollowerState: change to CANDIDATE, lastRpcTime:183ms, electionTimeout:183ms
2019-10-30 05:54:06,507 [Thread-3320] INFO  impl.RoleInfo (RoleInfo.java:shutdownFollowerState(121)) - 9127dd83-037b-4d39-812f-66db56af525a: shutdown FollowerState
2019-10-30 05:54:06,508 [Thread-3320] INFO  impl.RaftServerImpl (RaftServerImpl.java:setRole(184)) - 9127dd83-037b-4d39-812f-66db56af525a@group-BCADF287A12B: changes role from  FOLLOWER to CANDIDATE at term 510 for changeToCandidate
2019-10-30 05:54:06,508 [Thread-3320] INFO  impl.RoleInfo (RoleInfo.java:updateAndGet(143)) - 9127dd83-037b-4d39-812f-66db56af525a: start LeaderElection
2019-10-30 05:54:06,534 [9127dd83-037b-4d39-812f-66db56af525a@group-BCADF287A12B-LeaderElection457] INFO  impl.LeaderElection (LeaderElection.java:askForVotes(178)) - 9127dd83-037b-4d39-812f-66db56af525a@group-BCADF287A12B-LeaderElection457: begin an election at term 511 for -1: [7fae3aed-4e76-4283-a599-f93f794625ab:192.168.34.21:41352, 58095e90-3010-492a-9083-43cf2e035c3f:192.168.34.21:45284, 9127dd83-037b-4d39-812f-66db56af525a:192.168.34.21:42063], old=null
2019-10-30 05:54:06,535 [grpc-default-executor-1] INFO  impl.RaftServerImpl (RaftServerImpl.java:setRole(184)) - 7fae3aed-4e76-4283-a599-f93f794625ab@group-BCADF287A12B: changes role from  FOLLOWER to FOLLOWER at term 511 for recognizeCandidate:9127dd83-037b-4d39-812f-66db56af525a
2019-10-30 05:54:06,535 [grpc-default-executor-0] INFO  impl.RaftServerImpl (RaftServerImpl.java:setRole(184)) - 58095e90-3010-492a-9083-43cf2e035c3f@group-BCADF287A12B: changes role from  FOLLOWER to FOLLOWER at term 511 for recognizeCandidate:9127dd83-037b-4d39-812f-66db56af525a
2019-10-30 05:54:06,536 [grpc-default-executor-0] INFO  impl.RoleInfo (RoleInfo.java:shutdownFollowerState(121)) - 58095e90-3010-492a-9083-43cf2e035c3f: shutdown FollowerState
2019-10-30 05:54:06,536 [grpc-default-executor-1] INFO  impl.RoleInfo (RoleInfo.java:shutdownFollowerState(121)) - 7fae3aed-4e76-4283-a599-f93f794625ab: shutdown FollowerState
2019-10-30 05:54:06,536 [Thread-3318] INFO  impl.FollowerState (FollowerState.java:run(117)) - 58095e90-3010-492a-9083-43cf2e035c3f@group-BCADF287A12B-FollowerState was interrupted: java.lang.InterruptedException: sleep interrupted
2019-10-30 05:54:06,536 [grpc-default-executor-0] INFO  impl.RoleInfo (RoleInfo.java:updateAndGet(143)) - 58095e90-3010-492a-9083-43cf2e035c3f: start FollowerState
2019-10-30 05:54:06,536 [Thread-3319] INFO  impl.FollowerState (FollowerState.java:run(117)) - 7fae3aed-4e76-4283-a599-f93f794625ab@group-BCADF287A12B-FollowerState was interrupted: java.lang.InterruptedException: sleep interrupted
2019-10-30 05:54:06,536 [grpc-default-executor-1] INFO  impl.RoleInfo (RoleInfo.java:updateAndGet(143)) - 7fae3aed-4e76-4283-a599-f93f794625ab: start FollowerState
2019-10-30 05:54:06,550 [9127dd83-037b-4d39-812f-66db56af525a@group-BCADF287A12B-LeaderElection457] INFO  impl.LeaderElection (LeaderElection.java:logAndReturn(56)) - 9127dd83-037b-4d39-812f-66db56af525a@group-BCADF287A12B-LeaderElection457: Election REJECTED; received 2 response(s) [9127dd83-037b-4d39-812f-66db56af525a<-7fae3aed-4e76-4283-a599-f93f794625ab#0:FAIL-t511, 9127dd83-037b-4d39-812f-66db56af525a<-58095e90-3010-492a-9083-43cf2e035c3f#0:FAIL-t511] and 0 exception(s); 9127dd83-037b-4d39-812f-66db56af525a@group-BCADF287A12B:t511, leader=null, voted=9127dd83-037b-4d39-812f-66db56af525a, raftlog=9127dd83-037b-4d39-812f-66db56af525a@group-BCADF287A12B-SegmentedRaftLog:OPENED:c-1,f-1,i0, conf=-1: [7fae3aed-4e76-4283-a599-f93f794625ab:192.168.34.21:41352, 58095e90-3010-492a-9083-43cf2e035c3f:192.168.34.21:45284, 9127dd83-037b-4d39-812f-66db56af525a:192.168.34.21:42063], old=null
2019-10-30 05:54:06,550 [9127dd83-037b-4d39-812f-66db56af525a@group-BCADF287A12B-LeaderElection457] INFO  impl.RaftServerImpl (RaftServerImpl.java:setRole(184)) - 9127dd83-037b-4d39-812f-66db56af525a@group-BCADF287A12B: changes role from CANDIDATE to FOLLOWER at term 511 for DISCOVERED_A_NEW_TERM
2019-10-30 05:54:06,550 [9127dd83-037b-4d39-812f-66db56af525a@group-BCADF287A12B-LeaderElection457] INFO  impl.RoleInfo (RoleInfo.java:shutdownLeaderElection(134)) - 9127dd83-037b-4d39-812f-66db56af525a: shutdown LeaderElection
2019-10-30 05:54:06,550 [9127dd83-037b-4d39-812f-66db56af525a@group-BCADF287A12B-LeaderElection457] INFO  impl.RoleInfo (RoleInfo.java:updateAndGet(143)) - 9127dd83-037b-4d39-812f-66db56af525a: start FollowerState
2019-10-30 05:54:06,556 [Thread-3326] INFO  impl.FollowerState (FollowerState.java:run(108)) - 9127dd83-037b-4d39-812f-66db56af525a@group-BCADF287A12B-FollowerState: change to CANDIDATE, lastRpcTime:5ms, electionTimeout:5ms
2019-10-30 05:54:06,556 [Thread-3326] INFO  impl.RoleInfo (RoleInfo.java:shutdownFollowerState(121)) - 9127dd83-037b-4d39-812f-66db56af525a: shutdown FollowerState
2019-10-30 05:54:06,556 [Thread-3326] INFO  impl.RaftServerImpl (RaftServerImpl.java:setRole(184)) - 9127dd83-037b-4d39-812f-66db56af525a@group-BCADF287A12B: changes role from  FOLLOWER to CANDIDATE at term 511 for changeToCandidate
2019-10-30 05:54:06,556 [Thread-3326] INFO  impl.RoleInfo (RoleInfo.java:updateAndGet(143)) - 9127dd83-037b-4d39-812f-66db56af525a: start LeaderElection
2019-10-30 05:54:06,568 [9127dd83-037b-4d39-812f-66db56af525a@group-BCADF287A12B-LeaderElection458] INFO  impl.LeaderElection (LeaderElection.java:askForVotes(178)) - 9127dd83-037b-4d39-812f-66db56af525a@group-BCADF287A12B-LeaderElection458: begin an election at term 512 for -1: [7fae3aed-4e76-4283-a599-f93f794625ab:192.168.34.21:41352, 58095e90-3010-492a-9083-43cf2e035c3f:192.168.34.21:45284, 9127dd83-037b-4d39-812f-66db56af525a:192.168.34.21:42063], old=null
2019-10-30 05:54:06,570 [grpc-default-executor-0] INFO  impl.RaftServerImpl (RaftServerImpl.java:setRole(184)) - 7fae3aed-4e76-4283-a599-f93f794625ab@group-BCADF287A12B: changes role from  FOLLOWER to FOLLOWER at term 512 for recognizeCandidate:9127dd83-037b-4d39-812f-66db56af525a
2019-10-30 05:54:06,570 [grpc-default-executor-0] INFO  impl.RoleInfo (RoleInfo.java:shutdownFollowerState(121)) - 7fae3aed-4e76-4283-a599-f93f794625ab: shutdown FollowerState
2019-10-30 05:54:06,570 [grpc-default-executor-1] INFO  impl.RaftServerImpl (RaftServerImpl.java:setRole(184)) - 58095e90-3010-492a-9083-43cf2e035c3f@group-BCADF287A12B: changes role from  FOLLOWER to FOLLOWER at term 512 for recognizeCandidate:9127dd83-037b-4d39-812f-66db56af525a
2019-10-30 05:54:06,570 [grpc-default-executor-1] INFO  impl.RoleInfo (RoleInfo.java:shutdownFollowerState(121)) - 58095e90-3010-492a-9083-43cf2e035c3f: shutdown FollowerState
2019-10-30 05:54:06,570 [Thread-3325] INFO  impl.FollowerState (FollowerState.java:run(117)) - 7fae3aed-4e76-4283-a599-f93f794625ab@group-BCADF287A12B-FollowerState was interrupted: java.lang.InterruptedException: sleep interrupted
2019-10-30 05:54:06,570 [grpc-default-executor-0] INFO  impl.RoleInfo (RoleInfo.java:updateAndGet(143)) - 7fae3aed-4e76-4283-a599-f93f794625ab: start FollowerState
2019-10-30 05:54:06,570 [grpc-default-executor-1] INFO  impl.RoleInfo (RoleInfo.java:updateAndGet(143)) - 58095e90-3010-492a-9083-43cf2e035c3f: start FollowerState
2019-10-30 05:54:06,570 [Thread-3324] INFO  impl.FollowerState (FollowerState.java:run(117)) - 58095e90-3010-492a-9083-43cf2e035c3f@group-BCADF287A12B-FollowerState was interrupted: java.lang.InterruptedException: sleep interrupted
2019-10-30 05:54:06,576 [9127dd83-037b-4d39-812f-66db56af525a@group-BCADF287A12B-LeaderElection458] INFO  impl.LeaderElection (LeaderElection.java:logAndReturn(56)) - 9127dd83-037b-4d39-812f-66db56af525a@group-BCADF287A12B-LeaderElection458: Election TIMEOUT; received 0 response(s) [] and 0 exception(s); 9127dd83-037b-4d39-812f-66db56af525a@group-BCADF287A12B:t512, leader=null, voted=9127dd83-037b-4d39-812f-66db56af525a, raftlog=9127dd83-037b-4d39-812f-66db56af525a@group-BCADF287A12B-SegmentedRaftLog:OPENED:c-1,f-1,i0, conf=-1: [7fae3aed-4e76-4283-a599-f93f794625ab:192.168.34.21:41352, 58095e90-3010-492a-9083-43cf2e035c3f:192.168.34.21:45284, 9127dd83-037b-4d39-812f-66db56af525a:192.168.34.21:42063], old=null
2019-10-30 05:54:06,584 [9127dd83-037b-4d39-812f-66db56af525a@group-BCADF287A12B-LeaderElection458] INFO  impl.LeaderElection (LeaderElection.java:askForVotes(178)) - 9127dd83-037b-4d39-812f-66db56af525a@group-BCADF287A12B-LeaderElection458: begin an election at term 513 for -1: [7fae3aed-4e76-4283-a599-f93f794625ab:192.168.34.21:41352, 58095e90-3010-492a-9083-43cf2e035c3f:192.168.34.21:45284, 9127dd83-037b-4d39-812f-66db56af525a:192.168.34.21:42063], old=null
2019-10-30 05:54:06,585 [grpc-default-executor-0] INFO  impl.RaftServerImpl (RaftServerImpl.java:setRole(184)) - 7fae3aed-4e76-4283-a599-f93f794625ab@group-BCADF287A12B: changes role from  FOLLOWER to FOLLOWER at term 513 for recognizeCandidate:9127dd83-037b-4d39-812f-66db56af525a
2019-10-30 05:54:06,585 [grpc-default-executor-0] INFO  impl.RoleInfo (RoleInfo.java:shutdownFollowerState(121)) - 7fae3aed-4e76-4283-a599-f93f794625ab: shutdown FollowerState
2019-10-30 05:54:06,585 [grpc-default-executor-0] INFO  impl.RoleInfo (RoleInfo.java:updateAndGet(143)) - 7fae3aed-4e76-4283-a599-f93f794625ab: start FollowerState
2019-10-30 05:54:06,585 [Thread-3330] INFO  impl.FollowerState (FollowerState.java:run(117)) - 7fae3aed-4e76-4283-a599-f93f794625ab@group-BCADF287A12B-FollowerState was interrupted: java.lang.InterruptedException: sleep interrupted
2019-10-30 05:54:06,585 [grpc-default-executor-1] INFO  impl.RaftServerImpl (RaftServerImpl.java:setRole(184)) - 58095e90-3010-492a-9083-43cf2e035c3f@group-BCADF287A12B: changes role from  FOLLOWER to FOLLOWER at term 513 for recognizeCandidate:9127dd83-037b-4d39-812f-66db56af525a
2019-10-30 05:54:06,585 [grpc-default-executor-1] INFO  impl.RoleInfo (RoleInfo.java:shutdownFollowerState(121)) - 58095e90-3010-492a-9083-43cf2e035c3f: shutdown FollowerState
2019-10-30 05:54:06,586 [grpc-default-executor-1] INFO  impl.RoleInfo (RoleInfo.java:updateAndGet(143)) - 58095e90-3010-492a-9083-43cf2e035c3f: start FollowerState
2019-10-30 05:54:06,586 [Thread-3331] INFO  impl.FollowerState (FollowerState.java:run(117)) - 58095e90-3010-492a-9083-43cf2e035c3f@group-BCADF287A12B-FollowerState was interrupted: java.lang.InterruptedException: sleep interrupted
2019-10-30 05:54:06,599 [9127dd83-037b-4d39-812f-66db56af525a@group-BCADF287A12B-LeaderElection458] INFO  impl.LeaderElection (LeaderElection.java:logAndReturn(56)) - 9127dd83-037b-4d39-812f-66db56af525a@group-BCADF287A12B-LeaderElection458: Election REJECTED; received 2 response(s) [9127dd83-037b-4d39-812f-66db56af525a<-7fae3aed-4e76-4283-a599-f93f794625ab#0:FAIL-t513, 9127dd83-037b-4d39-812f-66db56af525a<-58095e90-3010-492a-9083-43cf2e035c3f#0:FAIL-t513] and 0 exception(s); 9127dd83-037b-4d39-812f-66db56af525a@group-BCADF287A12B:t513, leader=null, voted=9127dd83-037b-4d39-812f-66db56af525a, raftlog=9127dd83-037b-4d39-812f-66db56af525a@group-BCADF287A12B-SegmentedRaftLog:OPENED:c-1,f-1,i0, conf=-1: [7fae3aed-4e76-4283-a599-f93f794625ab:192.168.34.21:41352, 58095e90-3010-492a-9083-43cf2e035c3f:192.168.34.21:45284, 9127dd83-037b-4d39-812f-66db56af525a:192.168.34.21:42063], old=null
2019-10-30 05:54:06,599 [9127dd83-037b-4d39-812f-66db56af525a@group-BCADF287A12B-LeaderElection458] INFO  impl.RaftServerImpl (RaftServerImpl.java:setRole(184)) - 9127dd83-037b-4d39-812f-66db56af525a@group-BCADF287A12B: changes role from CANDIDATE to FOLLOWER at term 513 for DISCOVERED_A_NEW_TERM
2019-10-30 05:54:06,599 [9127dd83-037b-4d39-812f-66db56af525a@group-BCADF287A12B-LeaderElection458] INFO  impl.RoleInfo (RoleInfo.java:shutdownLeaderElection(134)) - 9127dd83-037b-4d39-812f-66db56af525a: shutdown LeaderElection
2019-10-30 05:54:06,599 [9127dd83-037b-4d39-812f-66db56af525a@group-BCADF287A12B-LeaderElection458] INFO  impl.RoleInfo (RoleInfo.java:updateAndGet(143)) - 9127dd83-037b-4d39-812f-66db56af525a: start FollowerState
2019-10-30 05:54:06,640 [Thread-3336] INFO  impl.FollowerState (FollowerState.java:run(108)) - 9127dd83-037b-4d39-812f-66db56af525a@group-BCADF287A12B-FollowerState: change to CANDIDATE, lastRpcTime:40ms, electionTimeout:40ms
2019-10-30 05:54:06,640 [Thread-3336] INFO  impl.RoleInfo (RoleInfo.java:shutdownFollowerState(121)) - 9127dd83-037b-4d39-812f-66db56af525a: shutdown FollowerState
2019-10-30 05:54:06,640 [Thread-3336] INFO  impl.RaftServerImpl (RaftServerImpl.java:setRole(184)) - 9127dd83-037b-4d39-812f-66db56af525a@group-BCADF287A12B: changes role from  FOLLOWER to CANDIDATE at term 513 for changeToCandidate
2019-10-30 05:54:06,640 [Thread-3336] INFO  impl.RoleInfo (RoleInfo.java:updateAndGet(143)) - 9127dd83-037b-4d39-812f-66db56af525a: start LeaderElection
2019-10-30 05:54:06,653 [9127dd83-037b-4d39-812f-66db56af525a@group-BCADF287A12B-LeaderElection459] INFO  impl.LeaderElection (LeaderElection.java:askForVotes(178)) - 9127dd83-037b-4d39-812f-66db56af525a@group-BCADF287A12B-LeaderElection459: begin an election at term 514 for -1: [7fae3aed-4e76-4283-a599-f93f794625ab:192.168.34.21:41352, 58095e90-3010-492a-9083-43cf2e035c3f:192.168.34.21:45284, 9127dd83-037b-4d39-812f-66db56af525a:192.168.34.21:42063], old=null
2019-10-30 05:54:06,654 [grpc-default-executor-0] INFO  impl.RaftServerImpl (RaftServerImpl.java:setRole(184)) - 7fae3aed-4e76-4283-a599-f93f794625ab@group-BCADF287A12B: changes role from  FOLLOWER to FOLLOWER at term 514 for recognizeCandidate:9127dd83-037b-4d39-812f-66db56af525a
2019-10-30 05:54:06,654 [grpc-default-executor-0] INFO  impl.RoleInfo (RoleInfo.java:shutdownFollowerState(121)) - 7fae3aed-4e76-4283-a599-f93f794625ab: shutdown FollowerState
2019-10-30 05:54:06,654 [grpc-default-executor-1] INFO  impl.RaftServerImpl (RaftServerImpl.java:setRole(184)) - 58095e90-3010-492a-9083-43cf2e035c3f@group-BCADF287A12B: changes role from  FOLLOWER to FOLLOWER at term 514 for recognizeCandidate:9127dd83-037b-4d39-812f-66db56af525a
2019-10-30 05:54:06,654 [grpc-default-executor-1] INFO  impl.RoleInfo (RoleInfo.java:shutdownFollowerState(121)) - 58095e90-3010-492a-9083-43cf2e035c3f: shutdown FollowerState
2019-10-30 05:54:06,654 [Thread-3334] INFO  impl.FollowerState (FollowerState.java:run(117)) - 7fae3aed-4e76-4283-a599-f93f794625ab@group-BCADF287A12B-FollowerState was interrupted: java.lang.InterruptedException: sleep interrupted
2019-10-30 05:54:06,654 [grpc-default-executor-0] INFO  impl.RoleInfo (RoleInfo.java:updateAndGet(143)) - 7fae3aed-4e76-4283-a599-f93f794625ab: start FollowerState
2019-10-30 05:54:06,654 [Thread-3335] INFO  impl.FollowerState (FollowerState.java:run(117)) - 58095e90-3010-492a-9083-43cf2e035c3f@group-BCADF287A12B-FollowerState was interrupted: java.lang.InterruptedException: sleep interrupted
2019-10-30 05:54:06,654 [grpc-default-executor-1] INFO  impl.RoleInfo (RoleInfo.java:updateAndGet(143)) - 58095e90-3010-492a-9083-43cf2e035c3f: start FollowerState
2019-10-30 05:54:06,668 [9127dd83-037b-4d39-812f-66db56af525a@group-BCADF287A12B-LeaderElection459] INFO  impl.LeaderElection (LeaderElection.java:logAndReturn(56)) - 9127dd83-037b-4d39-812f-66db56af525a@group-BCADF287A12B-LeaderElection459: Election REJECTED; received 2 response(s) [9127dd83-037b-4d39-812f-66db56af525a<-7fae3aed-4e76-4283-a599-f93f794625ab#0:FAIL-t514, 9127dd83-037b-4d39-812f-66db56af525a<-58095e90-3010-492a-9083-43cf2e035c3f#0:FAIL-t514] and 0 exception(s); 9127dd83-037b-4d39-812f-66db56af525a@group-BCADF287A12B:t514, leader=null, voted=9127dd83-037b-4d39-812f-66db56af525a, raftlog=9127dd83-037b-4d39-812f-66db56af525a@group-BCADF287A12B-SegmentedRaftLog:OPENED:c-1,f-1,i0, conf=-1: [7fae3aed-4e76-4283-a599-f93f794625ab:192.168.34.21:41352, 58095e90-3010-492a-9083-43cf2e035c3f:192.168.34.21:45284, 9127dd83-037b-4d39-812f-66db56af525a:192.168.34.21:42063], old=null
2019-10-30 05:54:06,668 [9127dd83-037b-4d39-812f-66db56af525a@group-BCADF287A12B-LeaderElection459] INFO  impl.RaftServerImpl (RaftServerImpl.java:setRole(184)) - 9127dd83-037b-4d39-812f-66db56af525a@group-BCADF287A12B: changes role from CANDIDATE to FOLLOWER at term 514 for DISCOVERED_A_NEW_TERM
2019-10-30 05:54:06,668 [9127dd83-037b-4d39-812f-66db56af525a@group-BCADF287A12B-LeaderElection459] INFO  impl.RoleInfo (RoleInfo.java:shutdownLeaderElection(134)) - 9127dd83-037b-4d39-812f-66db56af525a: shutdown LeaderElection
2019-10-30 05:54:06,668 [9127dd83-037b-4d39-812f-66db56af525a@group-BCADF287A12B-LeaderElection459] INFO  impl.RoleInfo (RoleInfo.java:updateAndGet(143)) - 9127dd83-037b-4d39-812f-66db56af525a: start FollowerState
2019-10-30 05:54:06,758 [Thread-3344] INFO  impl.FollowerState (FollowerState.java:run(108)) - 9127dd83-037b-4d39-812f-66db56af525a@group-BCADF287A12B-FollowerState: change to CANDIDATE, lastRpcTime:90ms, electionTimeout:90ms
2019-10-30 05:54:06,759 [Thread-3344] INFO  impl.RoleInfo (RoleInfo.java:shutdownFollowerState(121)) - 9127dd83-037b-4d39-812f-66db56af525a: shutdown FollowerState
2019-10-30 05:54:06,759 [Thread-3344] INFO  impl.RaftServerImpl (RaftServerImpl.java:setRole(184)) - 9127dd83-037b-4d39-812f-66db56af525a@group-BCADF287A12B: changes role from  FOLLOWER to CANDIDATE at term 514 for changeToCandidate
2019-10-30 05:54:06,759 [Thread-3344] INFO  impl.RoleInfo (RoleInfo.java:updateAndGet(143)) - 9127dd83-037b-4d39-812f-66db56af525a: start LeaderElection
2019-10-30 05:54:06,769 [9127dd83-037b-4d39-812f-66db56af525a@group-BCADF287A12B-LeaderElection460] INFO  impl.LeaderElection (LeaderElection.java:askForVotes(178)) - 9127dd83-037b-4d39-812f-66db56af525a@group-BCADF287A12B-LeaderElection460: begin an election at term 515 for -1: [7fae3aed-4e76-4283-a599-f93f794625ab:192.168.34.21:41352, 58095e90-3010-492a-9083-43cf2e035c3f:192.168.34.21:45284, 9127dd83-037b-4d39-812f-66db56af525a:192.168.34.21:42063], old=null
2019-10-30 05:54:06,771 [grpc-default-executor-1] INFO  impl.RaftServerImpl (RaftServerImpl.java:setRole(184)) - 58095e90-3010-492a-9083-43cf2e035c3f@group-BCADF287A12B: changes role from  FOLLOWER to FOLLOWER at term 515 for recognizeCandidate:9127dd83-037b-4d39-812f-66db56af525a
2019-10-30 05:54:06,771 [grpc-default-executor-0] INFO  impl.RaftServerImpl (RaftServerImpl.java:setRole(184)) - 7fae3aed-4e76-4283-a599-f93f794625ab@group-BCADF287A12B: changes role from  FOLLOWER to FOLLOWER at term 515 for recognizeCandidate:9127dd83-037b-4d39-812f-66db56af525a
2019-10-30 05:54:06,771 [grpc-default-executor-1] INFO  impl.RoleInfo (RoleInfo.java:shutdownFollowerState(121)) - 58095e90-3010-492a-9083-43cf2e035c3f: shutdown FollowerState
2019-10-30 05:54:06,771 [grpc-default-executor-0] INFO  impl.RoleInfo (RoleInfo.java:shutdownFollowerState(121)) - 7fae3aed-4e76-4283-a599-f93f794625ab: shutdown FollowerState
2019-10-30 05:54:06,771 [Thread-3343] INFO  impl.FollowerState (FollowerState.java:run(117)) - 58095e90-3010-492a-9083-43cf2e035c3f@group-BCADF287A12B-FollowerState was interrupted: java.lang.InterruptedException: sleep interrupted
2019-10-30 05:54:06,771 [grpc-default-executor-1] INFO  impl.RoleInfo (RoleInfo.java:updateAndGet(143)) - 58095e90-3010-492a-9083-43cf2e035c3f: start FollowerState
2019-10-30 05:54:06,771 [Thread-3342] INFO  impl.FollowerState (FollowerState.java:run(117)) - 7fae3aed-4e76-4283-a599-f93f794625ab@group-BCADF287A12B-FollowerState was interrupted: java.lang.InterruptedException: sleep interrupted
2019-10-30 05:54:06,771 [grpc-default-executor-0] INFO  impl.RoleInfo (RoleInfo.java:updateAndGet(143)) - 7fae3aed-4e76-4283-a599-f93f794625ab: start FollowerState
2019-10-30 05:54:06,785 [9127dd83-037b-4d39-812f-66db56af525a@group-BCADF287A12B-LeaderElection460] INFO  impl.LeaderElection (LeaderElection.java:logAndReturn(56)) - 9127dd83-037b-4d39-812f-66db56af525a@group-BCADF287A12B-LeaderElection460: Election REJECTED; received 2 response(s) [9127dd83-037b-4d39-812f-66db56af525a<-7fae3aed-4e76-4283-a599-f93f794625ab#0:FAIL-t515, 9127dd83-037b-4d39-812f-66db56af525a<-58095e90-3010-492a-9083-43cf2e035c3f#0:FAIL-t515] and 0 exception(s); 9127dd83-037b-4d39-812f-66db56af525a@group-BCADF287A12B:t515, leader=null, voted=9127dd83-037b-4d39-812f-66db56af525a, raftlog=9127dd83-037b-4d39-812f-66db56af525a@group-BCADF287A12B-SegmentedRaftLog:OPENED:c-1,f-1,i0, conf=-1: [7fae3aed-4e76-4283-a599-f93f794625ab:192.168.34.21:41352, 58095e90-3010-492a-9083-43cf2e035c3f:192.168.34.21:45284, 9127dd83-037b-4d39-812f-66db56af525a:192.168.34.21:42063], old=null
2019-10-30 05:54:06,785 [9127dd83-037b-4d39-812f-66db56af525a@group-BCADF287A12B-LeaderElection460] INFO  impl.RaftServerImpl (RaftServerImpl.java:setRole(184)) - 9127dd83-037b-4d39-812f-66db56af525a@group-BCADF287A12B: changes role from CANDIDATE to FOLLOWER at term 515 for DISCOVERED_A_NEW_TERM
2019-10-30 05:54:06,785 [9127dd83-037b-4d39-812f-66db56af525a@group-BCADF287A12B-LeaderElection460] INFO  impl.RoleInfo (RoleInfo.java:shutdownLeaderElection(134)) - 9127dd83-037b-4d39-812f-66db56af525a: shutdown LeaderElection
2019-10-30 05:54:06,785 [9127dd83-037b-4d39-812f-66db56af525a@group-BCADF287A12B-LeaderElection460] INFO  impl.RoleInfo (RoleInfo.java:updateAndGet(143)) - 9127dd83-037b-4d39-812f-66db56af525a: start FollowerState
2019-10-30 05:54:06,883 [Thread-3350] INFO  impl.FollowerState (FollowerState.java:run(108)) - 9127dd83-037b-4d39-812f-66db56af525a@group-BCADF287A12B-FollowerState: change to CANDIDATE, lastRpcTime:97ms, electionTimeout:97ms
2019-10-30 05:54:06,883 [Thread-3350] INFO  impl.RoleInfo (RoleInfo.java:shutdownFollowerState(121)) - 9127dd83-037b-4d39-812f-66db56af525a: shutdown FollowerState
2019-10-30 05:54:06,883 [Thread-3350] INFO  impl.RaftServerImpl (RaftServerImpl.java:setRole(184)) - 9127dd83-037b-4d39-812f-66db56af525a@group-BCADF287A12B: changes role from  FOLLOWER to CANDIDATE at term 515 for changeToCandidate
2019-10-30 05:54:06,884 [Thread-3350] INFO  impl.RoleInfo (RoleInfo.java:updateAndGet(143)) - 9127dd83-037b-4d39-812f-66db56af525a: start LeaderElection
2019-10-30 05:54:06,897 [9127dd83-037b-4d39-812f-66db56af525a@group-BCADF287A12B-LeaderElection461] INFO  impl.LeaderElection (LeaderElection.java:askForVotes(178)) - 9127dd83-037b-4d39-812f-66db56af525a@group-BCADF287A12B-LeaderElection461: begin an election at term 516 for -1: [7fae3aed-4e76-4283-a599-f93f794625ab:192.168.34.21:41352, 58095e90-3010-492a-9083-43cf2e035c3f:192.168.34.21:45284, 9127dd83-037b-4d39-812f-66db56af525a:192.168.34.21:42063], old=null
2019-10-30 05:54:06,900 [grpc-default-executor-0] INFO  impl.RaftServerImpl (RaftServerImpl.java:setRole(184)) - 7fae3aed-4e76-4283-a599-f93f794625ab@group-BCADF287A12B: changes role from  FOLLOWER to FOLLOWER at term 516 for recognizeCandidate:9127dd83-037b-4d39-812f-66db56af525a
2019-10-30 05:54:06,901 [grpc-default-executor-0] INFO  impl.RoleInfo (RoleInfo.java:shutdownFollowerState(121)) - 7fae3aed-4e76-4283-a599-f93f794625ab: shutdown FollowerState
2019-10-30 05:54:06,900 [grpc-default-executor-1] INFO  impl.RaftServerImpl (RaftServerImpl.java:setRole(184)) - 58095e90-3010-492a-9083-43cf2e035c3f@group-BCADF287A12B: changes role from  FOLLOWER to FOLLOWER at term 516 for recognizeCandidate:9127dd83-037b-4d39-812f-66db56af525a
2019-10-30 05:54:06,901 [grpc-default-executor-0] INFO  impl.RoleInfo (RoleInfo.java:updateAndGet(143)) - 7fae3aed-4e76-4283-a599-f93f794625ab: start FollowerState
2019-10-30 05:54:06,901 [Thread-3349] INFO  impl.FollowerState (FollowerState.java:run(117)) - 7fae3aed-4e76-4283-a599-f93f794625ab@group-BCADF287A12B-FollowerState was interrupted: java.lang.InterruptedException: sleep interrupted
2019-10-30 05:54:06,901 [grpc-default-executor-1] INFO  impl.RoleInfo (RoleInfo.java:shutdownFollowerState(121)) - 58095e90-3010-492a-9083-43cf2e035c3f: shutdown FollowerState
2019-10-30 05:54:06,901 [grpc-default-executor-1] INFO  impl.RoleInfo (RoleInfo.java:updateAndGet(143)) - 58095e90-3010-492a-9083-43cf2e035c3f: start FollowerState
2019-10-30 05:54:06,901 [Thread-3348] INFO  impl.FollowerState (FollowerState.java:run(117)) - 58095e90-3010-492a-9083-43cf2e035c3f@group-BCADF287A12B-FollowerState was interrupted: java.lang.InterruptedException: sleep interrupted
2019-10-30 05:54:06,915 [9127dd83-037b-4d39-812f-66db56af525a@group-BCADF287A12B-LeaderElection461] INFO  impl.LeaderElection (LeaderElection.java:logAndReturn(56)) - 9127dd83-037b-4d39-812f-66db56af525a@group-BCADF287A12B-LeaderElection461: Election REJECTED; received 2 response(s) [9127dd83-037b-4d39-812f-66db56af525a<-7fae3aed-4e76-4283-a599-f93f794625ab#0:FAIL-t516, 9127dd83-037b-4d39-812f-66db56af525a<-58095e90-3010-492a-9083-43cf2e035c3f#0:FAIL-t516] and 0 exception(s); 9127dd83-037b-4d39-812f-66db56af525a@group-BCADF287A12B:t516, leader=null, voted=9127dd83-037b-4d39-812f-66db56af525a, raftlog=9127dd83-037b-4d39-812f-66db56af525a@group-BCADF287A12B-SegmentedRaftLog:OPENED:c-1,f-1,i0, conf=-1: [7fae3aed-4e76-4283-a599-f93f794625ab:192.168.34.21:41352, 58095e90-3010-492a-9083-43cf2e035c3f:192.168.34.21:45284, 9127dd83-037b-4d39-812f-66db56af525a:192.168.34.21:42063], old=null
2019-10-30 05:54:06,915 [9127dd83-037b-4d39-812f-66db56af525a@group-BCADF287A12B-LeaderElection461] INFO  impl.RaftServerImpl (RaftServerImpl.java:setRole(184)) - 9127dd83-037b-4d39-812f-66db56af525a@group-BCADF287A12B: changes role from CANDIDATE to FOLLOWER at term 516 for DISCOVERED_A_NEW_TERM
2019-10-30 05:54:06,915 [9127dd83-037b-4d39-812f-66db56af525a@group-BCADF287A12B-LeaderElection461] INFO  impl.RoleInfo (RoleInfo.java:shutdownLeaderElection(134)) - 9127dd83-037b-4d39-812f-66db56af525a: shutdown LeaderElection
2019-10-30 05:54:06,915 [9127dd83-037b-4d39-812f-66db56af525a@group-BCADF287A12B-LeaderElection461] INFO  impl.RoleInfo (RoleInfo.java:updateAndGet(143)) - 9127dd83-037b-4d39-812f-66db56af525a: start FollowerState
2019-10-30 05:54:06,955 [Thread-3356] INFO  impl.FollowerState (FollowerState.java:run(108)) - 9127dd83-037b-4d39-812f-66db56af525a@group-BCADF287A12B-FollowerState: change to CANDIDATE, lastRpcTime:39ms, electionTimeout:39ms
2019-10-30 05:54:06,955 [Thread-3356] INFO  impl.RoleInfo (RoleInfo.java:shutdownFollowerState(121)) - 9127dd83-037b-4d39-812f-66db56af525a: shutdown FollowerState
2019-10-30 05:54:06,955 [Thread-3356] INFO  impl.RaftServerImpl (RaftServerImpl.java:setRole(184)) - 9127dd83-037b-4d39-812f-66db56af525a@group-BCADF287A12B: changes role from  FOLLOWER to CANDIDATE at term 516 for changeToCandidate
2019-10-30 05:54:06,955 [Thread-3356] INFO  impl.RoleInfo (RoleInfo.java:updateAndGet(143)) - 9127dd83-037b-4d39-812f-66db56af525a: start LeaderElection
2019-10-30 05:54:06,967 [9127dd83-037b-4d39-812f-66db56af525a@group-BCADF287A12B-LeaderElection462] INFO  impl.LeaderElection (LeaderElection.java:askForVotes(178)) - 9127dd83-037b-4d39-812f-66db56af525a@group-BCADF287A12B-LeaderElection462: begin an election at term 517 for -1: [7fae3aed-4e76-4283-a599-f93f794625ab:192.168.34.21:41352, 58095e90-3010-492a-9083-43cf2e035c3f:192.168.34.21:45284, 9127dd83-037b-4d39-812f-66db56af525a:192.168.34.21:42063], old=null
2019-10-30 05:54:06,969 [grpc-default-executor-1] INFO  impl.RaftServerImpl (RaftServerImpl.java:setRole(184)) - 58095e90-3010-492a-9083-43cf2e035c3f@group-BCADF287A12B: changes role from  FOLLOWER to FOLLOWER at term 517 for recognizeCandidate:9127dd83-037b-4d39-812f-66db56af525a
2019-10-30 05:54:06,969 [grpc-default-executor-1] INFO  impl.RoleInfo (RoleInfo.java:shutdownFollowerState(121)) - 58095e90-3010-492a-9083-43cf2e035c3f: shutdown FollowerState
2019-10-30 05:54:06,969 [grpc-default-executor-0] INFO  impl.RaftServerImpl (RaftServerImpl.java:setRole(184)) - 7fae3aed-4e76-4283-a599-f93f794625ab@group-BCADF287A12B: changes role from  FOLLOWER to FOLLOWER at term 517 for recognizeCandidate:9127dd83-037b-4d39-812f-66db56af525a
2019-10-30 05:54:06,970 [grpc-default-executor-0] INFO  impl.RoleInfo (RoleInfo.java:shutdownFollowerState(121)) - 7fae3aed-4e76-4283-a599-f93f794625ab: shutdown FollowerState
2019-10-30 05:54:06,969 [Thread-3355] INFO  impl.FollowerState (FollowerState.java:run(117)) - 58095e90-3010-492a-9083-43cf2e035c3f@group-BCADF287A12B-FollowerState was interrupted: java.lang.InterruptedException: sleep interrupted
2019-10-30 05:54:06,970 [Thread-3354] INFO  impl.FollowerState (FollowerState.java:run(117)) - 7fae3aed-4e76-4283-a599-f93f794625ab@group-BCADF287A12B-FollowerState was interrupted: java.lang.InterruptedException: sleep interrupted
2019-10-30 05:54:06,969 [grpc-default-executor-1] INFO  impl.RoleInfo (RoleInfo.java:updateAndGet(143)) - 58095e90-3010-492a-9083-43cf2e035c3f: start FollowerState
2019-10-30 05:54:06,970 [grpc-default-executor-0] INFO  impl.RoleInfo (RoleInfo.java:updateAndGet(143)) - 7fae3aed-4e76-4283-a599-f93f794625ab: start FollowerState
2019-10-30 05:54:06,987 [9127dd83-037b-4d39-812f-66db56af525a@group-BCADF287A12B-LeaderElection462] INFO  impl.LeaderElection (LeaderElection.java:logAndReturn(56)) - 9127dd83-037b-4d39-812f-66db56af525a@group-BCADF287A12B-LeaderElection462: Election REJECTED; received 2 response(s) [9127dd83-037b-4d39-812f-66db56af525a<-7fae3aed-4e76-4283-a599-f93f794625ab#0:FAIL-t517, 9127dd83-037b-4d39-812f-66db56af525a<-58095e90-3010-492a-9083-43cf2e035c3f#0:FAIL-t517] and 0 exception(s); 9127dd83-037b-4d39-812f-66db56af525a@group-BCADF287A12B:t517, leader=null, voted=9127dd83-037b-4d39-812f-66db56af525a, raftlog=9127dd83-037b-4d39-812f-66db56af525a@group-BCADF287A12B-SegmentedRaftLog:OPENED:c-1,f-1,i0, conf=-1: [7fae3aed-4e76-4283-a599-f93f794625ab:192.168.34.21:41352, 58095e90-3010-492a-9083-43cf2e035c3f:192.168.34.21:45284, 9127dd83-037b-4d39-812f-66db56af525a:192.168.34.21:42063], old=null
2019-10-30 05:54:06,987 [9127dd83-037b-4d39-812f-66db56af525a@group-BCADF287A12B-LeaderElection462] INFO  impl.RaftServerImpl (RaftServerImpl.java:setRole(184)) - 9127dd83-037b-4d39-812f-66db56af525a@group-BCADF287A12B: changes role from CANDIDATE to FOLLOWER at term 517 for DISCOVERED_A_NEW_TERM
2019-10-30 05:54:06,988 [9127dd83-037b-4d39-812f-66db56af525a@group-BCADF287A12B-LeaderElection462] INFO  impl.RoleInfo (RoleInfo.java:shutdownLeaderElection(134)) - 9127dd83-037b-4d39-812f-66db56af525a: shutdown LeaderElection
2019-10-30 05:54:06,988 [9127dd83-037b-4d39-812f-66db56af525a@group-BCADF287A12B-LeaderElection462] INFO  impl.RoleInfo (RoleInfo.java:updateAndGet(143)) - 9127dd83-037b-4d39-812f-66db56af525a: start FollowerState
2019-10-30 05:54:07,112 [Thread-3362] INFO  impl.FollowerState (FollowerState.java:run(108)) - 9127dd83-037b-4d39-812f-66db56af525a@group-BCADF287A12B-FollowerState: change to CANDIDATE, lastRpcTime:124ms, electionTimeout:124ms
2019-10-30 05:54:07,112 [Thread-3362] INFO  impl.RoleInfo (RoleInfo.java:shutdownFollowerState(121)) - 9127dd83-037b-4d39-812f-66db56af525a: shutdown FollowerState
2019-10-30 05:54:07,112 [Thread-3362] INFO  impl.RaftServerImpl (RaftServerImpl.java:setRole(184)) - 9127dd83-037b-4d39-812f-66db56af525a@group-BCADF287A12B: changes role from  FOLLOWER to CANDIDATE at term 517 for changeToCandidate
2019-10-30 05:54:07,112 [Thread-3362] INFO  impl.RoleInfo (RoleInfo.java:updateAndGet(143)) - 9127dd83-037b-4d39-812f-66db56af525a: start LeaderElection
2019-10-30 05:54:07,126 [9127dd83-037b-4d39-812f-66db56af525a@group-BCADF287A12B-LeaderElection463] INFO  impl.LeaderElection (LeaderElection.java:askForVotes(178)) - 9127dd83-037b-4d39-812f-66db56af525a@group-BCADF287A12B-LeaderElection463: begin an election at term 518 for -1: [7fae3aed-4e76-4283-a599-f93f794625ab:192.168.34.21:41352, 58095e90-3010-492a-9083-43cf2e035c3f:192.168.34.21:45284, 9127dd83-037b-4d39-812f-66db56af525a:192.168.34.21:42063], old=null
2019-10-30 05:54:07,128 [grpc-default-executor-0] INFO  impl.RaftServerImpl (RaftServerImpl.java:setRole(184)) - 58095e90-3010-492a-9083-43cf2e035c3f@group-BCADF287A12B: changes role from  FOLLOWER to FOLLOWER at term 518 for recognizeCandidate:9127dd83-037b-4d39-812f-66db56af525a
2019-10-30 05:54:07,128 [grpc-default-executor-0] INFO  impl.RoleInfo (RoleInfo.java:shutdownFollowerState(121)) - 58095e90-3010-492a-9083-43cf2e035c3f: shutdown FollowerState
2019-10-30 05:54:07,128 [grpc-default-executor-0] INFO  impl.RoleInfo (RoleInfo.java:updateAndGet(143)) - 58095e90-3010-492a-9083-43cf2e035c3f: start FollowerState
2019-10-30 05:54:07,128 [grpc-default-executor-1] INFO  impl.RaftServerImpl (RaftServerImpl.java:setRole(184)) - 7fae3aed-4e76-4283-a599-f93f794625ab@group-BCADF287A12B: changes role from  FOLLOWER to FOLLOWER at term 518 for recognizeCandidate:9127dd83-037b-4d39-812f-66db56af525a
2019-10-30 05:54:07,128 [Thread-3360] INFO  impl.FollowerState (FollowerState.java:run(117)) - 58095e90-3010-492a-9083-43cf2e035c3f@group-BCADF287A12B-FollowerState was interrupted: java.lang.InterruptedException: sleep interrupted
2019-10-30 05:54:07,128 [grpc-default-executor-1] INFO  impl.RoleInfo (RoleInfo.java:shutdownFollowerState(121)) - 7fae3aed-4e76-4283-a599-f93f794625ab: shutdown FollowerState
2019-10-30 05:54:07,129 [grpc-default-executor-1] INFO  impl.RoleInfo (RoleInfo.java:updateAndGet(143)) - 7fae3aed-4e76-4283-a599-f93f794625ab: start FollowerState
2019-10-30 05:54:07,129 [Thread-3361] INFO  impl.FollowerState (FollowerState.java:run(117)) - 7fae3aed-4e76-4283-a599-f93f794625ab@group-BCADF287A12B-FollowerState was interrupted: java.lang.InterruptedException: sleep interrupted
2019-10-30 05:54:07,142 [9127dd83-037b-4d39-812f-66db56af525a@group-BCADF287A12B-LeaderElection463] INFO  impl.LeaderElection (LeaderElection.java:logAndReturn(56)) - 9127dd83-037b-4d39-812f-66db56af525a@group-BCADF287A12B-LeaderElection463: Election REJECTED; received 2 response(s) [9127dd83-037b-4d39-812f-66db56af525a<-7fae3aed-4e76-4283-a599-f93f794625ab#0:FAIL-t518, 9127dd83-037b-4d39-812f-66db56af525a<-58095e90-3010-492a-9083-43cf2e035c3f#0:FAIL-t518] and 0 exception(s); 9127dd83-037b-4d39-812f-66db56af525a@group-BCADF287A12B:t518, leader=null, voted=9127dd83-037b-4d39-812f-66db56af525a, raftlog=9127dd83-037b-4d39-812f-66db56af525a@group-BCADF287A12B-SegmentedRaftLog:OPENED:c-1,f-1,i0, conf=-1: [7fae3aed-4e76-4283-a599-f93f794625ab:192.168.34.21:41352, 58095e90-3010-492a-9083-43cf2e035c3f:192.168.34.21:45284, 9127dd83-037b-4d39-812f-66db56af525a:192.168.34.21:42063], old=null
2019-10-30 05:54:07,142 [9127dd83-037b-4d39-812f-66db56af525a@group-BCADF287A12B-LeaderElection463] INFO  impl.RaftServerImpl (RaftServerImpl.java:setRole(184)) - 9127dd83-037b-4d39-812f-66db56af525a@group-BCADF287A12B: changes role from CANDIDATE to FOLLOWER at term 518 for DISCOVERED_A_NEW_TERM
2019-10-30 05:54:07,142 [9127dd83-037b-4d39-812f-66db56af525a@group-BCADF287A12B-LeaderElection463] INFO  impl.RoleInfo (RoleInfo.java:shutdownLeaderElection(134)) - 9127dd83-037b-4d39-812f-66db56af525a: shutdown LeaderElection
2019-10-30 05:54:07,142 [9127dd83-037b-4d39-812f-66db56af525a@group-BCADF287A12B-LeaderElection463] INFO  impl.RoleInfo (RoleInfo.java:updateAndGet(143)) - 9127dd83-037b-4d39-812f-66db56af525a: start FollowerState
2019-10-30 05:54:07,327 [Thread-3368] INFO  impl.FollowerState (FollowerState.java:run(108)) - 9127dd83-037b-4d39-812f-66db56af525a@group-BCADF287A12B-FollowerState: change to CANDIDATE, lastRpcTime:184ms, electionTimeout:184ms
2019-10-30 05:54:07,327 [Thread-3368] INFO  impl.RoleInfo (RoleInfo.java:shutdownFollowerState(121)) - 9127dd83-037b-4d39-812f-66db56af525a: shutdown FollowerState
2019-10-30 05:54:07,327 [Thread-3368] INFO  impl.RaftServerImpl (RaftServerImpl.java:setRole(184)) - 9127dd83-037b-4d39-812f-66db56af525a@group-BCADF287A12B: changes role from  FOLLOWER to CANDIDATE at term 518 for changeToCandidate
2019-10-30 05:54:07,328 [Thread-3368] INFO  impl.RoleInfo (RoleInfo.java:updateAndGet(143)) - 9127dd83-037b-4d39-812f-66db56af525a: start LeaderElection
2019-10-30 05:54:07,340 [9127dd83-037b-4d39-812f-66db56af525a@group-BCADF287A12B-LeaderElection464] INFO  impl.LeaderElection (LeaderElection.java:askForVotes(178)) - 9127dd83-037b-4d39-812f-66db56af525a@group-BCADF287A12B-LeaderElection464: begin an election at term 519 for -1: [7fae3aed-4e76-4283-a599-f93f794625ab:192.168.34.21:41352, 58095e90-3010-492a-9083-43cf2e035c3f:192.168.34.21:45284, 9127dd83-037b-4d39-812f-66db56af525a:192.168.34.21:42063], old=null
2019-10-30 05:54:07,342 [grpc-default-executor-1] INFO  impl.RaftServerImpl (RaftServerImpl.java:setRole(184)) - 58095e90-3010-492a-9083-43cf2e035c3f@group-BCADF287A12B: changes role from  FOLLOWER to FOLLOWER at term 519 for recognizeCandidate:9127dd83-037b-4d39-812f-66db56af525a
2019-10-30 05:54:07,343 [grpc-default-executor-1] INFO  impl.RoleInfo (RoleInfo.java:shutdownFollowerState(121)) - 58095e90-3010-492a-9083-43cf2e035c3f: shutdown FollowerState
2019-10-30 05:54:07,343 [grpc-default-executor-0] INFO  impl.RaftServerImpl (RaftServerImpl.java:setRole(184)) - 7fae3aed-4e76-4283-a599-f93f794625ab@group-BCADF287A12B: changes role from  FOLLOWER to FOLLOWER at term 519 for recognizeCandidate:9127dd83-037b-4d39-812f-66db56af525a
2019-10-30 05:54:07,343 [Thread-3366] INFO  impl.FollowerState (FollowerState.java:run(117)) - 58095e90-3010-492a-9083-43cf2e035c3f@group-BCADF287A12B-FollowerState was interrupted: java.lang.InterruptedException: sleep interrupted
2019-10-30 05:54:07,343 [grpc-default-executor-1] INFO  impl.RoleInfo (RoleInfo.java:updateAndGet(143)) - 58095e90-3010-492a-9083-43cf2e035c3f: start FollowerState
2019-10-30 05:54:07,343 [grpc-default-executor-0] INFO  impl.RoleInfo (RoleInfo.java:shutdownFollowerState(121)) - 7fae3aed-4e76-4283-a599-f93f794625ab: shutdown FollowerState
2019-10-30 05:54:07,343 [grpc-default-executor-0] INFO  impl.RoleInfo (RoleInfo.java:updateAndGet(143)) - 7fae3aed-4e76-4283-a599-f93f794625ab: start FollowerState
2019-10-30 05:54:07,343 [Thread-3367] INFO  impl.FollowerState (FollowerState.java:run(117)) - 7fae3aed-4e76-4283-a599-f93f794625ab@group-BCADF287A12B-FollowerState was interrupted: java.lang.InterruptedException: sleep interrupted
2019-10-30 05:54:07,362 [9127dd83-037b-4d39-812f-66db56af525a@group-BCADF287A12B-LeaderElection464] INFO  impl.LeaderElection (LeaderElection.java:logAndReturn(56)) - 9127dd83-037b-4d39-812f-66db56af525a@group-BCADF287A12B-LeaderElection464: Election REJECTED; received 2 response(s) [9127dd83-037b-4d39-812f-66db56af525a<-7fae3aed-4e76-4283-a599-f93f794625ab#0:FAIL-t519, 9127dd83-037b-4d39-812f-66db56af525a<-58095e90-3010-492a-9083-43cf2e035c3f#0:FAIL-t519] and 0 exception(s); 9127dd83-037b-4d39-812f-66db56af525a@group-BCADF287A12B:t519, leader=null, voted=9127dd83-037b-4d39-812f-66db56af525a, raftlog=9127dd83-037b-4d39-812f-66db56af525a@group-BCADF287A12B-SegmentedRaftLog:OPENED:c-1,f-1,i0, conf=-1: [7fae3aed-4e76-4283-a599-f93f794625ab:192.168.34.21:41352, 58095e90-3010-492a-9083-43cf2e035c3f:192.168.34.21:45284, 9127dd83-037b-4d39-812f-66db56af525a:192.168.34.21:42063], old=null
2019-10-30 05:54:07,362 [9127dd83-037b-4d39-812f-66db56af525a@group-BCADF287A12B-LeaderElection464] INFO  impl.RaftServerImpl (RaftServerImpl.java:setRole(184)) - 9127dd83-037b-4d39-812f-66db56af525a@group-BCADF287A12B: changes role from CANDIDATE to FOLLOWER at term 519 for DISCOVERED_A_NEW_TERM
2019-10-30 05:54:07,363 [9127dd83-037b-4d39-812f-66db56af525a@group-BCADF287A12B-LeaderElection464] INFO  impl.RoleInfo (RoleInfo.java:shutdownLeaderElection(134)) - 9127dd83-037b-4d39-812f-66db56af525a: shutdown LeaderElection
2019-10-30 05:54:07,363 [9127dd83-037b-4d39-812f-66db56af525a@group-BCADF287A12B-LeaderElection464] INFO  impl.RoleInfo (RoleInfo.java:updateAndGet(143)) - 9127dd83-037b-4d39-812f-66db56af525a: start FollowerState
2019-10-30 05:54:07,377 [Thread-300] INFO  ipc.Client (Client.java:handleConnectionFailure(948)) - Retrying connect to server: localhost/127.0.0.1:36330. Already tried 4 time(s); retry policy is RetryUpToMaximumCountWithFixedSleep(maxRetries=10, sleepTime=1000 MILLISECONDS)
2019-10-30 05:54:07,420 [main] INFO  ozoneimpl.OzoneContainer (OzoneContainer.java:stop(227)) - Attempting to stop container services.
2019-10-30 05:54:07,420 [ForkJoinPool.commonPool-worker-0] INFO  ozoneimpl.OzoneContainer (OzoneContainer.java:stop(227)) - Attempting to stop container services.
2019-10-30 05:54:07,421 [main] INFO  impl.RaftServerProxy (RaftServerProxy.java:lambda$close$4(314)) - 9127dd83-037b-4d39-812f-66db56af525a: close
2019-10-30 05:54:07,421 [ForkJoinPool.commonPool-worker-0] INFO  impl.RaftServerProxy (RaftServerProxy.java:lambda$close$4(314)) - 58095e90-3010-492a-9083-43cf2e035c3f: close
2019-10-30 05:54:07,421 [main] INFO  impl.RaftServerImpl (RaftServerImpl.java:lambda$shutdown$3(261)) - 9127dd83-037b-4d39-812f-66db56af525a@group-BCADF287A12B: shutdown
2019-10-30 05:54:07,421 [ForkJoinPool.commonPool-worker-0] INFO  impl.RaftServerImpl (RaftServerImpl.java:lambda$shutdown$3(261)) - 58095e90-3010-492a-9083-43cf2e035c3f@group-BCADF287A12B: shutdown
2019-10-30 05:54:07,421 [main] INFO  util.JmxRegister (JmxRegister.java:unregister(73)) - Successfully un-registered JMX Bean with object name Ratis:service=RaftServer,group=group-BCADF287A12B,id=9127dd83-037b-4d39-812f-66db56af525a
2019-10-30 05:54:07,422 [main] INFO  impl.RoleInfo (RoleInfo.java:shutdownFollowerState(121)) - 9127dd83-037b-4d39-812f-66db56af525a: shutdown FollowerState
2019-10-30 05:54:07,421 [ForkJoinPool.commonPool-worker-0] INFO  util.JmxRegister (JmxRegister.java:unregister(73)) - Successfully un-registered JMX Bean with object name Ratis:service=RaftServer,group=group-BCADF287A12B,id=58095e90-3010-492a-9083-43cf2e035c3f
2019-10-30 05:54:07,422 [Thread-3374] INFO  impl.FollowerState (FollowerState.java:run(117)) - 9127dd83-037b-4d39-812f-66db56af525a@group-BCADF287A12B-FollowerState was interrupted: java.lang.InterruptedException: sleep interrupted
2019-10-30 05:54:07,422 [main] INFO  impl.StateMachineUpdater (StateMachineUpdater.java:stopAndJoin(136)) - 9127dd83-037b-4d39-812f-66db56af525a@group-BCADF287A12B-StateMachineUpdater: set stopIndex = -1
2019-10-30 05:54:07,422 [ForkJoinPool.commonPool-worker-0] INFO  impl.RoleInfo (RoleInfo.java:shutdownFollowerState(121)) - 58095e90-3010-492a-9083-43cf2e035c3f: shutdown FollowerState
2019-10-30 05:54:07,422 [main] INFO  impl.RaftServerImpl (ServerState.java:close(388)) - 9127dd83-037b-4d39-812f-66db56af525a@group-BCADF287A12B: closes. applyIndex: -1
2019-10-30 05:54:07,423 [Thread-3372] INFO  impl.FollowerState (FollowerState.java:run(117)) - 58095e90-3010-492a-9083-43cf2e035c3f@group-BCADF287A12B-FollowerState was interrupted: java.lang.InterruptedException: sleep interrupted
2019-10-30 05:54:07,423 [ForkJoinPool.commonPool-worker-0] INFO  impl.StateMachineUpdater (StateMachineUpdater.java:stopAndJoin(136)) - 58095e90-3010-492a-9083-43cf2e035c3f@group-BCADF287A12B-StateMachineUpdater: set stopIndex = -1
2019-10-30 05:54:07,423 [9127dd83-037b-4d39-812f-66db56af525a@group-BCADF287A12B-SegmentedRaftLogWorker] INFO  segmented.SegmentedRaftLogWorker (SegmentedRaftLogWorker.java:run(316)) - 9127dd83-037b-4d39-812f-66db56af525a@group-BCADF287A12B-SegmentedRaftLogWorker was interrupted, exiting. There are 0 tasks remaining in the queue.
2019-10-30 05:54:07,423 [ForkJoinPool.commonPool-worker-0] INFO  impl.RaftServerImpl (ServerState.java:close(388)) - 58095e90-3010-492a-9083-43cf2e035c3f@group-BCADF287A12B: closes. applyIndex: -1
2019-10-30 05:54:07,423 [main] INFO  segmented.SegmentedRaftLogWorker (SegmentedRaftLogWorker.java:close(224)) - 9127dd83-037b-4d39-812f-66db56af525a@group-BCADF287A12B-SegmentedRaftLogWorker close()
2019-10-30 05:54:07,423 [58095e90-3010-492a-9083-43cf2e035c3f@group-BCADF287A12B-SegmentedRaftLogWorker] INFO  segmented.SegmentedRaftLogWorker (SegmentedRaftLogWorker.java:run(316)) - 58095e90-3010-492a-9083-43cf2e035c3f@group-BCADF287A12B-SegmentedRaftLogWorker was interrupted, exiting. There are 0 tasks remaining in the queue.
2019-10-30 05:54:07,425 [main] INFO  impl.RaftServerImpl (RaftServerImpl.java:lambda$shutdown$3(261)) - 9127dd83-037b-4d39-812f-66db56af525a@group-7106F1BA0D70: shutdown
2019-10-30 05:54:07,426 [ForkJoinPool.commonPool-worker-0] INFO  segmented.SegmentedRaftLogWorker (SegmentedRaftLogWorker.java:close(224)) - 58095e90-3010-492a-9083-43cf2e035c3f@group-BCADF287A12B-SegmentedRaftLogWorker close()
2019-10-30 05:54:07,426 [main] INFO  util.JmxRegister (JmxRegister.java:unregister(73)) - Successfully un-registered JMX Bean with object name Ratis:service=RaftServer,group=group-7106F1BA0D70,id=9127dd83-037b-4d39-812f-66db56af525a
2019-10-30 05:54:07,427 [ForkJoinPool.commonPool-worker-0] INFO  impl.RaftServerImpl (RaftServerImpl.java:lambda$shutdown$3(261)) - 58095e90-3010-492a-9083-43cf2e035c3f@group-BFA3F9F5DA0C: shutdown
2019-10-30 05:54:07,427 [main] INFO  impl.RoleInfo (RoleInfo.java:shutdownLeaderState(104)) - 9127dd83-037b-4d39-812f-66db56af525a: shutdown LeaderState
2019-10-30 05:54:07,427 [ForkJoinPool.commonPool-worker-0] INFO  util.JmxRegister (JmxRegister.java:unregister(73)) - Successfully un-registered JMX Bean with object name Ratis:service=RaftServer,group=group-BFA3F9F5DA0C,id=58095e90-3010-492a-9083-43cf2e035c3f
2019-10-30 05:54:07,428 [main] INFO  impl.PendingRequests (PendingRequests.java:sendNotLeaderResponses(202)) - 9127dd83-037b-4d39-812f-66db56af525a@group-7106F1BA0D70-PendingRequests: sendNotLeaderResponses
2019-10-30 05:54:07,428 [ForkJoinPool.commonPool-worker-0] INFO  impl.RoleInfo (RoleInfo.java:shutdownLeaderState(104)) - 58095e90-3010-492a-9083-43cf2e035c3f: shutdown LeaderState
2019-10-30 05:54:07,428 [main] INFO  impl.StateMachineUpdater (StateMachineUpdater.java:stopAndJoin(136)) - 9127dd83-037b-4d39-812f-66db56af525a@group-7106F1BA0D70-StateMachineUpdater: set stopIndex = 0
2019-10-30 05:54:07,428 [ForkJoinPool.commonPool-worker-0] INFO  impl.PendingRequests (PendingRequests.java:sendNotLeaderResponses(202)) - 58095e90-3010-492a-9083-43cf2e035c3f@group-BFA3F9F5DA0C-PendingRequests: sendNotLeaderResponses
2019-10-30 05:54:07,428 [main] INFO  impl.RaftServerImpl (ServerState.java:close(388)) - 9127dd83-037b-4d39-812f-66db56af525a@group-7106F1BA0D70: closes. applyIndex: 0
2019-10-30 05:54:07,428 [ForkJoinPool.commonPool-worker-0] INFO  impl.StateMachineUpdater (StateMachineUpdater.java:stopAndJoin(136)) - 58095e90-3010-492a-9083-43cf2e035c3f@group-BFA3F9F5DA0C-StateMachineUpdater: set stopIndex = 0
2019-10-30 05:54:07,429 [9127dd83-037b-4d39-812f-66db56af525a@group-7106F1BA0D70-SegmentedRaftLogWorker] INFO  segmented.SegmentedRaftLogWorker (SegmentedRaftLogWorker.java:run(316)) - 9127dd83-037b-4d39-812f-66db56af525a@group-7106F1BA0D70-SegmentedRaftLogWorker was interrupted, exiting. There are 0 tasks remaining in the queue.
2019-10-30 05:54:07,429 [ForkJoinPool.commonPool-worker-0] INFO  impl.RaftServerImpl (ServerState.java:close(388)) - 58095e90-3010-492a-9083-43cf2e035c3f@group-BFA3F9F5DA0C: closes. applyIndex: 0
2019-10-30 05:54:07,430 [main] INFO  segmented.SegmentedRaftLogWorker (SegmentedRaftLogWorker.java:close(224)) - 9127dd83-037b-4d39-812f-66db56af525a@group-7106F1BA0D70-SegmentedRaftLogWorker close()
2019-10-30 05:54:07,430 [58095e90-3010-492a-9083-43cf2e035c3f@group-BFA3F9F5DA0C-SegmentedRaftLogWorker] INFO  segmented.SegmentedRaftLogWorker (SegmentedRaftLogWorker.java:run(316)) - 58095e90-3010-492a-9083-43cf2e035c3f@group-BFA3F9F5DA0C-SegmentedRaftLogWorker was interrupted, exiting. There are 0 tasks remaining in the queue.
2019-10-30 05:54:07,431 [main] INFO  server.GrpcService (GrpcService.java:closeImpl(164)) - 9127dd83-037b-4d39-812f-66db56af525a: shutdown server with port 42063 now
2019-10-30 05:54:07,432 [ForkJoinPool.commonPool-worker-0] INFO  segmented.SegmentedRaftLogWorker (SegmentedRaftLogWorker.java:close(224)) - 58095e90-3010-492a-9083-43cf2e035c3f@group-BFA3F9F5DA0C-SegmentedRaftLogWorker close()
2019-10-30 05:54:07,433 [ForkJoinPool.commonPool-worker-0] INFO  server.GrpcService (GrpcService.java:closeImpl(164)) - 58095e90-3010-492a-9083-43cf2e035c3f: shutdown server with port 45284 now
2019-10-30 05:54:07,434 [main] INFO  server.GrpcService (GrpcService.java:closeImpl(172)) - 9127dd83-037b-4d39-812f-66db56af525a: shutdown server with port 42063 successfully
2019-10-30 05:54:07,435 [ForkJoinPool.commonPool-worker-0] INFO  server.GrpcService (GrpcService.java:closeImpl(172)) - 58095e90-3010-492a-9083-43cf2e035c3f: shutdown server with port 45284 successfully
2019-10-30 05:54:07,442 [refreshUsed-/workdir/hadoop-ozone/integration-test/target/test-dir/MiniOzoneClusterImpl-54112d89-f567-4586-9652-9c819d7a3bb6/datanode-1/data/containers] WARN  fs.CachingGetSpaceUsed (CachingGetSpaceUsed.java:run(183)) - Thread Interrupted waiting to refresh disk information: sleep interrupted
2019-10-30 05:54:07,442 [refreshUsed-/workdir/hadoop-ozone/integration-test/target/test-dir/MiniOzoneClusterImpl-54112d89-f567-4586-9652-9c819d7a3bb6/datanode-2/data/containers] WARN  fs.CachingGetSpaceUsed (CachingGetSpaceUsed.java:run(183)) - Thread Interrupted waiting to refresh disk information: sleep interrupted
2019-10-30 05:54:07,459 [ForkJoinPool.commonPool-worker-0] INFO  utils.BackgroundService (BackgroundService.java:shutdown(151)) - Shutting down service BlockDeletingService
2019-10-30 05:54:07,459 [main] INFO  utils.BackgroundService (BackgroundService.java:shutdown(151)) - Shutting down service BlockDeletingService
2019-10-30 05:54:07,461 [ForkJoinPool.commonPool-worker-0] INFO  statemachine.DatanodeStateMachine (DatanodeStateMachine.java:stopDaemon(395)) - Ozone container server stopped.
2019-10-30 05:54:07,462 [main] INFO  statemachine.DatanodeStateMachine (DatanodeStateMachine.java:stopDaemon(395)) - Ozone container server stopped.
2019-10-30 05:54:07,464 [ForkJoinPool.commonPool-worker-0] INFO  handler.ContextHandler (ContextHandler.java:doStop(910)) - Stopped o.e.j.w.WebAppContext@57f9b467{/,null,UNAVAILABLE}{/hddsDatanode}
2019-10-30 05:54:07,464 [main] INFO  handler.ContextHandler (ContextHandler.java:doStop(910)) - Stopped o.e.j.w.WebAppContext@2975a9e{/,null,UNAVAILABLE}{/hddsDatanode}
2019-10-30 05:54:07,465 [ForkJoinPool.commonPool-worker-0] INFO  server.AbstractConnector (AbstractConnector.java:doStop(318)) - Stopped ServerConnector@6d5c2745{HTTP/1.1,[http/1.1]}{0.0.0.0:0}
2019-10-30 05:54:07,465 [main] INFO  server.AbstractConnector (AbstractConnector.java:doStop(318)) - Stopped ServerConnector@765ffb14{HTTP/1.1,[http/1.1]}{0.0.0.0:0}
2019-10-30 05:54:07,465 [ForkJoinPool.commonPool-worker-0] INFO  handler.ContextHandler (ContextHandler.java:doStop(910)) - Stopped o.e.j.s.ServletContextHandler@7fb66650{/static,jar:file:/home/user/.m2/repository/org/apache/hadoop/hadoop-hdds-container-service/0.5.0-SNAPSHOT/hadoop-hdds-container-service-0.5.0-SNAPSHOT.jar!/webapps/static,UNAVAILABLE}
2019-10-30 05:54:07,465 [main] INFO  handler.ContextHandler (ContextHandler.java:doStop(910)) - Stopped o.e.j.s.ServletContextHandler@2fcd7d3f{/static,jar:file:/home/user/.m2/repository/org/apache/hadoop/hadoop-hdds-container-service/0.5.0-SNAPSHOT/hadoop-hdds-container-service-0.5.0-SNAPSHOT.jar!/webapps/static,UNAVAILABLE}
2019-10-30 05:54:07,466 [ForkJoinPool.commonPool-worker-0] INFO  handler.ContextHandler (ContextHandler.java:doStop(910)) - Stopped o.e.j.s.ServletContextHandler@2da3b078{/logs,file:///workdir/hadoop-ozone/integration-test/target/log,UNAVAILABLE}
2019-10-30 05:54:07,466 [main] INFO  handler.ContextHandler (ContextHandler.java:doStop(910)) - Stopped o.e.j.s.ServletContextHandler@1caa9eb6{/logs,file:///workdir/hadoop-ozone/integration-test/target/log,UNAVAILABLE}
2019-10-30 05:54:08,161 [Datanode State Machine Thread - 0] INFO  statemachine.DatanodeStateMachine (DatanodeStateMachine.java:lambda$startDaemon$0(350)) - Ozone container server started.
2019-10-30 05:54:08,356 [Datanode State Machine Thread - 0] INFO  statemachine.DatanodeStateMachine (DatanodeStateMachine.java:lambda$startDaemon$0(350)) - Ozone container server started.
2019-10-30 05:54:08,378 [Thread-300] INFO  ipc.Client (Client.java:handleConnectionFailure(948)) - Retrying connect to server: localhost/127.0.0.1:36330. Already tried 5 time(s); retry policy is RetryUpToMaximumCountWithFixedSleep(maxRetries=10, sleepTime=1000 MILLISECONDS)
2019-10-30 05:54:09,379 [Thread-300] INFO  ipc.Client (Client.java:handleConnectionFailure(948)) - Retrying connect to server: localhost/127.0.0.1:36330. Already tried 6 time(s); retry policy is RetryUpToMaximumCountWithFixedSleep(maxRetries=10, sleepTime=1000 MILLISECONDS)
2019-10-30 05:54:10,397 [Thread-300] INFO  ipc.Client (Client.java:handleConnectionFailure(948)) - Retrying connect to server: localhost/127.0.0.1:36330. Already tried 7 time(s); retry policy is RetryUpToMaximumCountWithFixedSleep(maxRetries=10, sleepTime=1000 MILLISECONDS)
2019-10-30 05:54:11,398 [Thread-300] INFO  ipc.Client (Client.java:handleConnectionFailure(948)) - Retrying connect to server: localhost/127.0.0.1:36330. Already tried 8 time(s); retry policy is RetryUpToMaximumCountWithFixedSleep(maxRetries=10, sleepTime=1000 MILLISECONDS)
2019-10-30 05:54:12,401 [Thread-300] INFO  ipc.Client (Client.java:handleConnectionFailure(948)) - Retrying connect to server: localhost/127.0.0.1:36330. Already tried 9 time(s); retry policy is RetryUpToMaximumCountWithFixedSleep(maxRetries=10, sleepTime=1000 MILLISECONDS)
2019-10-30 05:54:12,406 [Thread-300] INFO  retry.RetryInvocationHandler (RetryInvocationHandler.java:log(411)) - com.google.protobuf.ServiceException: java.net.ConnectException: Call From pr-hdds-1643-9kfsj-1164326334/192.168.34.21 to localhost:36330 failed on connection exception: java.net.ConnectException: Connection refused; For more details see:  http://wiki.apache.org/hadoop/ConnectionRefused, while invoking $Proxy36.submitRequest over nodeId=null,nodeAddress=localhost:36330. Trying to failover immediately.
2019-10-30 05:54:12,469 [main] INFO  ozoneimpl.OzoneContainer (OzoneContainer.java:stop(227)) - Attempting to stop container services.
2019-10-30 05:54:12,469 [ForkJoinPool.commonPool-worker-0] INFO  ozoneimpl.OzoneContainer (OzoneContainer.java:stop(227)) - Attempting to stop container services.
2019-10-30 05:54:12,469 [main] INFO  impl.RaftServerProxy (RaftServerProxy.java:lambda$close$4(314)) - b73f6112-36bf-4203-bb95-1638b8ee110c: close
2019-10-30 05:54:12,470 [ForkJoinPool.commonPool-worker-0] INFO  impl.RaftServerProxy (RaftServerProxy.java:lambda$close$4(314)) - 7fae3aed-4e76-4283-a599-f93f794625ab: close
2019-10-30 05:54:12,470 [main] INFO  impl.RaftServerImpl (RaftServerImpl.java:lambda$shutdown$3(261)) - b73f6112-36bf-4203-bb95-1638b8ee110c@group-A120079961F4: shutdown
2019-10-30 05:54:12,470 [ForkJoinPool.commonPool-worker-0] INFO  impl.RaftServerImpl (RaftServerImpl.java:lambda$shutdown$3(261)) - 7fae3aed-4e76-4283-a599-f93f794625ab@group-BCADF287A12B: shutdown
2019-10-30 05:54:12,470 [main] INFO  util.JmxRegister (JmxRegister.java:unregister(73)) - Successfully un-registered JMX Bean with object name Ratis:service=RaftServer,group=group-A120079961F4,id=b73f6112-36bf-4203-bb95-1638b8ee110c
2019-10-30 05:54:12,470 [ForkJoinPool.commonPool-worker-0] INFO  util.JmxRegister (JmxRegister.java:unregister(73)) - Successfully un-registered JMX Bean with object name Ratis:service=RaftServer,group=group-BCADF287A12B,id=7fae3aed-4e76-4283-a599-f93f794625ab
2019-10-30 05:54:12,471 [main] INFO  impl.RoleInfo (RoleInfo.java:shutdownLeaderState(104)) - b73f6112-36bf-4203-bb95-1638b8ee110c: shutdown LeaderState
2019-10-30 05:54:12,471 [ForkJoinPool.commonPool-worker-0] INFO  impl.RoleInfo (RoleInfo.java:shutdownFollowerState(121)) - 7fae3aed-4e76-4283-a599-f93f794625ab: shutdown FollowerState
2019-10-30 05:54:12,471 [main] INFO  impl.PendingRequests (PendingRequests.java:sendNotLeaderResponses(202)) - b73f6112-36bf-4203-bb95-1638b8ee110c@group-A120079961F4-PendingRequests: sendNotLeaderResponses
2019-10-30 05:54:12,472 [Thread-3373] INFO  impl.FollowerState (FollowerState.java:run(117)) - 7fae3aed-4e76-4283-a599-f93f794625ab@group-BCADF287A12B-FollowerState was interrupted: java.lang.InterruptedException: sleep interrupted
2019-10-30 05:54:12,472 [ForkJoinPool.commonPool-worker-0] INFO  impl.StateMachineUpdater (StateMachineUpdater.java:stopAndJoin(136)) - 7fae3aed-4e76-4283-a599-f93f794625ab@group-BCADF287A12B-StateMachineUpdater: set stopIndex = -1
2019-10-30 05:54:12,473 [main] INFO  impl.StateMachineUpdater (StateMachineUpdater.java:stopAndJoin(136)) - b73f6112-36bf-4203-bb95-1638b8ee110c@group-A120079961F4-StateMachineUpdater: set stopIndex = 0
2019-10-30 05:54:12,473 [ForkJoinPool.commonPool-worker-0] INFO  impl.RaftServerImpl (ServerState.java:close(388)) - 7fae3aed-4e76-4283-a599-f93f794625ab@group-BCADF287A12B: closes. applyIndex: -1
2019-10-30 05:54:12,473 [main] INFO  impl.RaftServerImpl (ServerState.java:close(388)) - b73f6112-36bf-4203-bb95-1638b8ee110c@group-A120079961F4: closes. applyIndex: 0
2019-10-30 05:54:12,474 [7fae3aed-4e76-4283-a599-f93f794625ab@group-BCADF287A12B-SegmentedRaftLogWorker] INFO  segmented.SegmentedRaftLogWorker (SegmentedRaftLogWorker.java:run(316)) - 7fae3aed-4e76-4283-a599-f93f794625ab@group-BCADF287A12B-SegmentedRaftLogWorker was interrupted, exiting. There are 0 tasks remaining in the queue.
2019-10-30 05:54:12,474 [b73f6112-36bf-4203-bb95-1638b8ee110c@group-A120079961F4-SegmentedRaftLogWorker] INFO  segmented.SegmentedRaftLogWorker (SegmentedRaftLogWorker.java:run(316)) - b73f6112-36bf-4203-bb95-1638b8ee110c@group-A120079961F4-SegmentedRaftLogWorker was interrupted, exiting. There are 0 tasks remaining in the queue.
2019-10-30 05:54:12,475 [ForkJoinPool.commonPool-worker-0] INFO  segmented.SegmentedRaftLogWorker (SegmentedRaftLogWorker.java:close(224)) - 7fae3aed-4e76-4283-a599-f93f794625ab@group-BCADF287A12B-SegmentedRaftLogWorker close()
2019-10-30 05:54:12,475 [main] INFO  segmented.SegmentedRaftLogWorker (SegmentedRaftLogWorker.java:close(224)) - b73f6112-36bf-4203-bb95-1638b8ee110c@group-A120079961F4-SegmentedRaftLogWorker close()
2019-10-30 05:54:12,476 [ForkJoinPool.commonPool-worker-0] INFO  impl.RaftServerImpl (RaftServerImpl.java:lambda$shutdown$3(261)) - 7fae3aed-4e76-4283-a599-f93f794625ab@group-50851B75F2F1: shutdown
2019-10-30 05:54:12,477 [ForkJoinPool.commonPool-worker-0] INFO  util.JmxRegister (JmxRegister.java:unregister(73)) - Successfully un-registered JMX Bean with object name Ratis:service=RaftServer,group=group-50851B75F2F1,id=7fae3aed-4e76-4283-a599-f93f794625ab
2019-10-30 05:54:12,477 [main] INFO  server.GrpcService (GrpcService.java:closeImpl(164)) - b73f6112-36bf-4203-bb95-1638b8ee110c: shutdown server with port 33911 now
2019-10-30 05:54:12,477 [ForkJoinPool.commonPool-worker-0] INFO  impl.RoleInfo (RoleInfo.java:shutdownLeaderState(104)) - 7fae3aed-4e76-4283-a599-f93f794625ab: shutdown LeaderState
2019-10-30 05:54:12,477 [ForkJoinPool.commonPool-worker-0] INFO  impl.PendingRequests (PendingRequests.java:sendNotLeaderResponses(202)) - 7fae3aed-4e76-4283-a599-f93f794625ab@group-50851B75F2F1-PendingRequests: sendNotLeaderResponses
2019-10-30 05:54:12,477 [ForkJoinPool.commonPool-worker-0] INFO  impl.StateMachineUpdater (StateMachineUpdater.java:stopAndJoin(136)) - 7fae3aed-4e76-4283-a599-f93f794625ab@group-50851B75F2F1-StateMachineUpdater: set stopIndex = 0
2019-10-30 05:54:12,478 [main] INFO  server.GrpcService (GrpcService.java:closeImpl(172)) - b73f6112-36bf-4203-bb95-1638b8ee110c: shutdown server with port 33911 successfully
2019-10-30 05:54:12,478 [ForkJoinPool.commonPool-worker-0] INFO  impl.RaftServerImpl (ServerState.java:close(388)) - 7fae3aed-4e76-4283-a599-f93f794625ab@group-50851B75F2F1: closes. applyIndex: 0
2019-10-30 05:54:12,479 [7fae3aed-4e76-4283-a599-f93f794625ab@group-50851B75F2F1-SegmentedRaftLogWorker] INFO  segmented.SegmentedRaftLogWorker (SegmentedRaftLogWorker.java:run(316)) - 7fae3aed-4e76-4283-a599-f93f794625ab@group-50851B75F2F1-SegmentedRaftLogWorker was interrupted, exiting. There are 0 tasks remaining in the queue.
2019-10-30 05:54:12,480 [ForkJoinPool.commonPool-worker-0] INFO  segmented.SegmentedRaftLogWorker (SegmentedRaftLogWorker.java:close(224)) - 7fae3aed-4e76-4283-a599-f93f794625ab@group-50851B75F2F1-SegmentedRaftLogWorker close()
2019-10-30 05:54:12,481 [ForkJoinPool.commonPool-worker-0] INFO  server.GrpcService (GrpcService.java:closeImpl(164)) - 7fae3aed-4e76-4283-a599-f93f794625ab: shutdown server with port 41352 now
2019-10-30 05:54:12,481 [ForkJoinPool.commonPool-worker-0] INFO  server.GrpcService (GrpcService.java:closeImpl(172)) - 7fae3aed-4e76-4283-a599-f93f794625ab: shutdown server with port 41352 successfully
2019-10-30 05:54:12,483 [refreshUsed-/workdir/hadoop-ozone/integration-test/target/test-dir/MiniOzoneClusterImpl-54112d89-f567-4586-9652-9c819d7a3bb6/datanode-0/data/containers] WARN  fs.CachingGetSpaceUsed (CachingGetSpaceUsed.java:run(183)) - Thread Interrupted waiting to refresh disk information: sleep interrupted
2019-10-30 05:54:12,492 [refreshUsed-/workdir/hadoop-ozone/integration-test/target/test-dir/MiniOzoneClusterImpl-54112d89-f567-4586-9652-9c819d7a3bb6/datanode-3/data/containers] WARN  fs.CachingGetSpaceUsed (CachingGetSpaceUsed.java:run(183)) - Thread Interrupted waiting to refresh disk information: sleep interrupted
2019-10-30 05:54:12,502 [ForkJoinPool.commonPool-worker-0] INFO  utils.BackgroundService (BackgroundService.java:shutdown(151)) - Shutting down service BlockDeletingService
2019-10-30 05:54:12,504 [ForkJoinPool.commonPool-worker-0] INFO  statemachine.DatanodeStateMachine (DatanodeStateMachine.java:stopDaemon(395)) - Ozone container server stopped.
2019-10-30 05:54:12,505 [main] INFO  utils.BackgroundService (BackgroundService.java:shutdown(151)) - Shutting down service BlockDeletingService
2019-10-30 05:54:12,508 [main] INFO  statemachine.DatanodeStateMachine (DatanodeStateMachine.java:stopDaemon(395)) - Ozone container server stopped.
2019-10-30 05:54:12,508 [ForkJoinPool.commonPool-worker-0] INFO  handler.ContextHandler (ContextHandler.java:doStop(910)) - Stopped o.e.j.w.WebAppContext@59696551{/,null,UNAVAILABLE}{/hddsDatanode}
2019-10-30 05:54:12,509 [main] INFO  handler.ContextHandler (ContextHandler.java:doStop(910)) - Stopped o.e.j.w.WebAppContext@1e0a864d{/,null,UNAVAILABLE}{/hddsDatanode}
2019-10-30 05:54:12,509 [ForkJoinPool.commonPool-worker-0] INFO  server.AbstractConnector (AbstractConnector.java:doStop(318)) - Stopped ServerConnector@648d0e6d{HTTP/1.1,[http/1.1]}{0.0.0.0:0}
2019-10-30 05:54:12,510 [ForkJoinPool.commonPool-worker-0] INFO  handler.ContextHandler (ContextHandler.java:doStop(910)) - Stopped o.e.j.s.ServletContextHandler@79a04e5f{/static,jar:file:/home/user/.m2/repository/org/apache/hadoop/hadoop-hdds-container-service/0.5.0-SNAPSHOT/hadoop-hdds-container-service-0.5.0-SNAPSHOT.jar!/webapps/static,UNAVAILABLE}
2019-10-30 05:54:12,510 [main] INFO  server.AbstractConnector (AbstractConnector.java:doStop(318)) - Stopped ServerConnector@440e3ce6{HTTP/1.1,[http/1.1]}{0.0.0.0:0}
2019-10-30 05:54:12,510 [ForkJoinPool.commonPool-worker-0] INFO  handler.ContextHandler (ContextHandler.java:doStop(910)) - Stopped o.e.j.s.ServletContextHandler@1ab5f08a{/logs,file:///workdir/hadoop-ozone/integration-test/target/log,UNAVAILABLE}
2019-10-30 05:54:12,510 [main] INFO  handler.ContextHandler (ContextHandler.java:doStop(910)) - Stopped o.e.j.s.ServletContextHandler@5d8ab698{/static,jar:file:/home/user/.m2/repository/org/apache/hadoop/hadoop-hdds-container-service/0.5.0-SNAPSHOT/hadoop-hdds-container-service-0.5.0-SNAPSHOT.jar!/webapps/static,UNAVAILABLE}
2019-10-30 05:54:12,511 [main] INFO  handler.ContextHandler (ContextHandler.java:doStop(910)) - Stopped o.e.j.s.ServletContextHandler@f88bfbe{/logs,file:///workdir/hadoop-ozone/integration-test/target/log,UNAVAILABLE}
2019-10-30 05:54:12,512 [main] INFO  ozone.MiniOzoneClusterImpl (MiniOzoneClusterImpl.java:stopSCM(392)) - Stopping the StorageContainerManager
2019-10-30 05:54:12,512 [main] INFO  server.StorageContainerManager (StorageContainerManager.java:stop(810)) - Stopping Replication Manager Service.
2019-10-30 05:54:12,512 [main] INFO  container.ReplicationManager (ReplicationManager.java:stop(203)) - Stopping Replication Monitor Thread.
2019-10-30 05:54:12,512 [main] INFO  server.StorageContainerManager (StorageContainerManager.java:stop(817)) - Stopping Lease Manager of the command watchers
2019-10-30 05:54:12,512 [main] INFO  server.StorageContainerManager (StorageContainerManager.java:stop(824)) - Stopping datanode service RPC server
2019-10-30 05:54:12,512 [main] INFO  server.SCMDatanodeProtocolServer (SCMDatanodeProtocolServer.java:stop(346)) - Stopping the RPC server for DataNodes
2019-10-30 05:54:12,513 [main] INFO  ipc.Server (Server.java:stop(3082)) - Stopping server on 40622
2019-10-30 05:54:12,514 [IPC Server listener on 40622] INFO  ipc.Server (Server.java:run(1185)) - Stopping IPC Server listener on 40622
2019-10-30 05:54:12,514 [IPC Server Responder] INFO  ipc.Server (Server.java:run(1319)) - Stopping IPC Server Responder
2019-10-30 05:54:12,523 [SCM Heartbeat Processing Thread - 0] WARN  node.NodeStateManager (NodeStateManager.java:scheduleNextHealthCheck(646)) - Current Thread is interrupted, shutting down HB processing thread for Node Manager.
2019-10-30 05:54:12,523 [main] INFO  server.StorageContainerManager (StorageContainerManager.java:stop(832)) - Stopping block service RPC server
2019-10-30 05:54:12,523 [main] INFO  server.SCMBlockProtocolServer (SCMBlockProtocolServer.java:stop(155)) - Stopping the RPC server for Block Protocol
2019-10-30 05:54:12,523 [main] INFO  ipc.Server (Server.java:stop(3082)) - Stopping server on 41718
2019-10-30 05:54:12,525 [IPC Server listener on 41718] INFO  ipc.Server (Server.java:run(1185)) - Stopping IPC Server listener on 41718
2019-10-30 05:54:12,526 [main] INFO  server.StorageContainerManager (StorageContainerManager.java:stop(839)) - Stopping the StorageContainerLocationProtocol RPC server
2019-10-30 05:54:12,526 [IPC Server Responder] INFO  ipc.Server (Server.java:run(1319)) - Stopping IPC Server Responder
2019-10-30 05:54:12,526 [main] INFO  server.SCMClientProtocolServer (SCMClientProtocolServer.java:stop(168)) - Stopping the RPC server for Client Protocol
2019-10-30 05:54:12,526 [main] INFO  ipc.Server (Server.java:stop(3082)) - Stopping server on 34377
2019-10-30 05:54:12,527 [IPC Server listener on 34377] INFO  ipc.Server (Server.java:run(1185)) - Stopping IPC Server listener on 34377
2019-10-30 05:54:12,527 [main] INFO  server.StorageContainerManager (StorageContainerManager.java:stop(846)) - Stopping Storage Container Manager HTTP server.
2019-10-30 05:54:12,527 [IPC Server Responder] INFO  ipc.Server (Server.java:run(1319)) - Stopping IPC Server Responder
2019-10-30 05:54:12,530 [main] INFO  handler.ContextHandler (ContextHandler.java:doStop(910)) - Stopped o.e.j.w.WebAppContext@532721fd{/,null,UNAVAILABLE}{/scm}
2019-10-30 05:54:12,531 [main] INFO  server.AbstractConnector (AbstractConnector.java:doStop(318)) - Stopped ServerConnector@7e1a1da6{HTTP/1.1,[http/1.1]}{0.0.0.0:0}
2019-10-30 05:54:12,531 [main] INFO  handler.ContextHandler (ContextHandler.java:doStop(910)) - Stopped o.e.j.s.ServletContextHandler@a43ce46{/static,file:///workdir/hadoop-ozone/integration-test/target/test-classes/webapps/static,UNAVAILABLE}
2019-10-30 05:54:12,531 [main] INFO  handler.ContextHandler (ContextHandler.java:doStop(910)) - Stopped o.e.j.s.ServletContextHandler@6b53bcc2{/logs,file:///workdir/hadoop-ozone/integration-test/target/log,UNAVAILABLE}
2019-10-30 05:54:12,532 [main] INFO  server.StorageContainerManager (StorageContainerManager.java:stop(857)) - Stopping Block Manager Service.
2019-10-30 05:54:12,532 [main] INFO  utils.BackgroundService (BackgroundService.java:shutdown(151)) - Shutting down service SCMBlockDeletingService
2019-10-30 05:54:12,533 [main] INFO  utils.BackgroundService (BackgroundService.java:shutdown(151)) - Shutting down service SCMBlockDeletingService
2019-10-30 05:54:12,533 [main] INFO  server.StorageContainerManager (StorageContainerManager.java:stop(879)) - Stopping SCM Event Queue.
2019-10-30 05:54:12,539 [main] INFO  impl.MetricsSystemImpl (MetricsSystemImpl.java:stop(210)) - Stopping XceiverClientMetrics metrics system...
2019-10-30 05:54:12,545 [prometheus] INFO  impl.MetricsSinkAdapter (MetricsSinkAdapter.java:publishMetricsFromQueue(141)) - prometheus thread interrupted.
2019-10-30 05:54:12,545 [main] INFO  impl.MetricsSystemImpl (MetricsSystemImpl.java:stop(216)) - XceiverClientMetrics metrics system stopped.
]]></system-out>
    <system-err><![CDATA[ERROR StatusLogger No Log4j 2 configuration file found. Using default configuration (logging only errors to the console), or user programmatically provided configurations. Set system property 'log4j2.debug' to show Log4j 2 internal initialization logging. See https://logging.apache.org/log4j/2.x/manual/configuration.html for instructions on how to configure Log4j 2
]]></system-err>
  </testcase>
</testsuite>